<?xml version="1.0" encoding="UTF-8"?>
<testsuite xmlns:xsi="http://www.w3.org/2001/XMLSchema-instance" xsi:noNamespaceSchemaLocation="https://maven.apache.org/surefire/maven-surefire-plugin/xsd/surefire-test-report-3.0.xsd" version="3.0" name="org.apache.hadoop.fs.ozone.TestRootedOzoneFileSystemWithFSO" time="142.687" tests="74" errors="0" skipped="18" failures="1">
  <properties>
    <property name="awt.toolkit" value="sun.awt.X11.XToolkit"/>
    <property name="file.encoding.pkg" value="sun.io"/>
    <property name="java.specification.version" value="1.8"/>
    <property name="sun.cpu.isalist" value=""/>
    <property name="sun.jnu.encoding" value="UTF-8"/>
    <property name="java.class.path" value="/home/runner/work/ozone/ozone/hadoop-ozone/integration-test/target/test-classes:/home/runner/work/ozone/ozone/hadoop-ozone/integration-test/target/classes:/home/runner/.m2/repository/org/apache/ozone/ozone-common/1.3.0-SNAPSHOT/ozone-common-1.3.0-SNAPSHOT.jar:/home/runner/.m2/repository/io/grpc/grpc-netty/1.48.1/grpc-netty-1.48.1.jar:/home/runner/.m2/repository/io/grpc/grpc-core/1.48.1/grpc-core-1.48.1.jar:/home/runner/.m2/repository/com/google/android/annotations/4.1.1.4/annotations-4.1.1.4.jar:/home/runner/.m2/repository/org/codehaus/mojo/animal-sniffer-annotations/1.21/animal-sniffer-annotations-1.21.jar:/home/runner/.m2/repository/com/google/errorprone/error_prone_annotations/2.2.0/error_prone_annotations-2.2.0.jar:/home/runner/.m2/repository/io/perfmark/perfmark-api/0.25.0/perfmark-api-0.25.0.jar:/home/runner/.m2/repository/io/netty/netty-codec-http2/4.1.79.Final/netty-codec-http2-4.1.79.Final.jar:/home/runner/.m2/repository/io/netty/netty-common/4.1.79.Final/netty-common-4.1.79.Final.jar:/home/runner/.m2/repository/io/netty/netty-buffer/4.1.79.Final/netty-buffer-4.1.79.Final.jar:/home/runner/.m2/repository/io/netty/netty-codec-http/4.1.79.Final/netty-codec-http-4.1.79.Final.jar:/home/runner/.m2/repository/io/netty/netty-handler-proxy/4.1.79.Final/netty-handler-proxy-4.1.79.Final.jar:/home/runner/.m2/repository/io/netty/netty-codec-socks/4.1.79.Final/netty-codec-socks-4.1.79.Final.jar:/home/runner/.m2/repository/io/netty/netty-tcnative-boringssl-static/2.0.53.Final/netty-tcnative-boringssl-static-2.0.53.Final.jar:/home/runner/.m2/repository/io/netty/netty-tcnative-classes/2.0.53.Final/netty-tcnative-classes-2.0.53.Final.jar:/home/runner/.m2/repository/io/netty/netty-tcnative-boringssl-static/2.0.53.Final/netty-tcnative-boringssl-static-2.0.53.Final-linux-x86_64.jar:/home/runner/.m2/repository/io/netty/netty-tcnative-boringssl-static/2.0.53.Final/netty-tcnative-boringssl-static-2.0.53.Final-linux-aarch_64.jar:/home/runner/.m2/repository/io/netty/netty-tcnative-boringssl-static/2.0.53.Final/netty-tcnative-boringssl-static-2.0.53.Final-osx-x86_64.jar:/home/runner/.m2/repository/io/netty/netty-tcnative-boringssl-static/2.0.53.Final/netty-tcnative-boringssl-static-2.0.53.Final-osx-aarch_64.jar:/home/runner/.m2/repository/io/netty/netty-tcnative-boringssl-static/2.0.53.Final/netty-tcnative-boringssl-static-2.0.53.Final-windows-x86_64.jar:/home/runner/.m2/repository/org/apache/commons/commons-compress/1.21/commons-compress-1.21.jar:/home/runner/.m2/repository/org/apache/ozone/hdds-common/1.3.0-SNAPSHOT/hdds-common-1.3.0-SNAPSHOT.jar:/home/runner/.m2/repository/org/apache/ozone/hdds-client/1.3.0-SNAPSHOT/hdds-client-1.3.0-SNAPSHOT.jar:/home/runner/.m2/repository/org/apache/ozone/ozone-interface-client/1.3.0-SNAPSHOT/ozone-interface-client-1.3.0-SNAPSHOT.jar:/home/runner/.m2/repository/org/apache/ozone/hdds-test-utils/1.3.0-SNAPSHOT/hdds-test-utils-1.3.0-SNAPSHOT.jar:/home/runner/.m2/repository/com/google/guava/guava/31.1-jre/guava-31.1-jre.jar:/home/runner/.m2/repository/com/google/guava/failureaccess/1.0.1/failureaccess-1.0.1.jar:/home/runner/.m2/repository/com/google/guava/listenablefuture/9999.0-empty-to-avoid-conflict-with-guava/listenablefuture-9999.0-empty-to-avoid-conflict-with-guava.jar:/home/runner/.m2/repository/com/google/code/findbugs/jsr305/3.0.0/jsr305-3.0.0.jar:/home/runner/.m2/repository/org/checkerframework/checker-qual/3.12.0/checker-qual-3.12.0.jar:/home/runner/.m2/repository/com/google/j2objc/j2objc-annotations/1.3/j2objc-annotations-1.3.jar:/home/runner/.m2/repository/commons-io/commons-io/2.11.0/commons-io-2.11.0.jar:/home/runner/.m2/repository/commons-logging/commons-logging/1.2/commons-logging-1.2.jar:/home/runner/.m2/repository/log4j/log4j/1.2.17/log4j-1.2.17.jar:/home/runner/.m2/repository/org/slf4j/slf4j-api/1.7.30/slf4j-api-1.7.30.jar:/home/runner/.m2/repository/org/apache/ozone/hdds-server-scm/1.3.0-SNAPSHOT/hdds-server-scm-1.3.0-SNAPSHOT.jar:/home/runner/.m2/repository/org/apache/ozone/hdds-container-service/1.3.0-SNAPSHOT/hdds-container-service-1.3.0-SNAPSHOT.jar:/home/runner/.m2/repository/org/apache/ozone/hdds-hadoop-dependency-server/1.3.0-SNAPSHOT/hdds-hadoop-dependency-server-1.3.0-SNAPSHOT.jar:/home/runner/.m2/repository/org/apache/hadoop/hadoop-hdfs/3.3.1/hadoop-hdfs-3.3.1.jar:/home/runner/.m2/repository/org/apache/ozone/hdds-server-framework/1.3.0-SNAPSHOT/hdds-server-framework-1.3.0-SNAPSHOT.jar:/home/runner/.m2/repository/org/apache/ozone/hdds-interface-server/1.3.0-SNAPSHOT/hdds-interface-server-1.3.0-SNAPSHOT.jar:/home/runner/.m2/repository/org/apache/logging/log4j/log4j-core/2.17.1/log4j-core-2.17.1.jar:/home/runner/.m2/repository/com/lmax/disruptor/3.4.2/disruptor-3.4.2.jar:/home/runner/.m2/repository/org/eclipse/jetty/jetty-servlet/9.4.43.v20210629/jetty-servlet-9.4.43.v20210629.jar:/home/runner/.m2/repository/org/eclipse/jetty/jetty-security/9.4.43.v20210629/jetty-security-9.4.43.v20210629.jar:/home/runner/.m2/repository/org/rocksdb/rocksdbjni/6.29.5/rocksdbjni-6.29.5.jar:/home/runner/.m2/repository/io/prometheus/simpleclient_dropwizard/0.7.0/simpleclient_dropwizard-0.7.0.jar:/home/runner/.m2/repository/io/prometheus/simpleclient/0.7.0/simpleclient-0.7.0.jar:/home/runner/.m2/repository/io/prometheus/simpleclient_common/0.7.0/simpleclient_common-0.7.0.jar:/home/runner/.m2/repository/io/dropwizard/metrics/metrics-core/3.2.4/metrics-core-3.2.4.jar:/home/runner/.m2/repository/org/apache/hadoop/hadoop-hdfs-client/3.3.1/hadoop-hdfs-client-3.3.1.jar:/home/runner/.m2/repository/org/bouncycastle/bcprov-jdk15on/1.67/bcprov-jdk15on-1.67.jar:/home/runner/.m2/repository/com/google/protobuf/protobuf-java/2.5.0/protobuf-java-2.5.0.jar:/home/runner/.m2/repository/org/apache/ozone/ozone-manager/1.3.0-SNAPSHOT/ozone-manager-1.3.0-SNAPSHOT.jar:/home/runner/.m2/repository/org/aspectj/aspectjrt/1.9.7/aspectjrt-1.9.7.jar:/home/runner/.m2/repository/org/aspectj/aspectjweaver/1.9.7/aspectjweaver-1.9.7.jar:/home/runner/.m2/repository/org/apache/ozone/hdds-interface-client/1.3.0-SNAPSHOT/hdds-interface-client-1.3.0-SNAPSHOT.jar:/home/runner/.m2/repository/org/apache/hadoop/thirdparty/hadoop-shaded-protobuf_3_7/1.1.1/hadoop-shaded-protobuf_3_7-1.1.1.jar:/home/runner/.m2/repository/org/apache/ozone/ozone-interface-storage/1.3.0-SNAPSHOT/ozone-interface-storage-1.3.0-SNAPSHOT.jar:/home/runner/.m2/repository/org/reflections/reflections/0.9.11/reflections-0.9.11.jar:/home/runner/.m2/repository/com/sun/jersey/jersey-client/1.19/jersey-client-1.19.jar:/home/runner/.m2/repository/org/apache/ranger/ranger-intg/2.3.0/ranger-intg-2.3.0.jar:/home/runner/.m2/repository/org/apache/ranger/ranger-plugins-common/2.3.0/ranger-plugins-common-2.3.0.jar:/home/runner/.m2/repository/commons-lang/commons-lang/2.6/commons-lang-2.6.jar:/home/runner/.m2/repository/org/codehaus/jackson/jackson-jaxrs/1.9.13/jackson-jaxrs-1.9.13.jar:/home/runner/.m2/repository/org/apache/ranger/ranger-plugins-cred/2.3.0/ranger-plugins-cred-2.3.0.jar:/home/runner/.m2/repository/org/apache/ranger/ranger-plugins-audit/2.3.0/ranger-plugins-audit-2.3.0.jar:/home/runner/.m2/repository/org/eclipse/jetty/jetty-client/9.4.31.v20200723/jetty-client-9.4.31.v20200723.jar:/home/runner/.m2/repository/org/apache/httpcomponents/httpmime/4.5.6/httpmime-4.5.6.jar:/home/runner/.m2/repository/org/apache/httpcomponents/httpcore-nio/4.4.6/httpcore-nio-4.4.6.jar:/home/runner/.m2/repository/org/apache/httpcomponents/httpasyncclient/4.1.3/httpasyncclient-4.1.3.jar:/home/runner/.m2/repository/com/carrotsearch/hppc/0.8.0/hppc-0.8.0.jar:/home/runner/.m2/repository/org/apache/orc/orc-core/1.5.8/orc-core-1.5.8.jar:/home/runner/.m2/repository/net/java/dev/jna/jna/5.2.0/jna-5.2.0.jar:/home/runner/.m2/repository/net/java/dev/jna/jna-platform/5.2.0/jna-platform-5.2.0.jar:/home/runner/.m2/repository/com/kstruct/gethostname4j/0.0.2/gethostname4j-0.0.2.jar:/home/runner/.m2/repository/org/apache/ranger/ranger-plugin-classloader/2.3.0/ranger-plugin-classloader-2.3.0.jar:/home/runner/.m2/repository/org/apache/hadoop/hadoop-minikdc/3.3.1/hadoop-minikdc-3.3.1.jar:/home/runner/.m2/repository/org/apache/kerby/kerb-simplekdc/1.0.1/kerb-simplekdc-1.0.1.jar:/home/runner/.m2/repository/org/apache/kerby/kerb-client/1.0.1/kerb-client-1.0.1.jar:/home/runner/.m2/repository/org/apache/kerby/kerby-config/1.0.1/kerby-config-1.0.1.jar:/home/runner/.m2/repository/org/apache/kerby/kerb-common/1.0.1/kerb-common-1.0.1.jar:/home/runner/.m2/repository/org/apache/kerby/kerb-crypto/1.0.1/kerb-crypto-1.0.1.jar:/home/runner/.m2/repository/org/apache/kerby/kerb-util/1.0.1/kerb-util-1.0.1.jar:/home/runner/.m2/repository/org/apache/kerby/token-provider/1.0.1/token-provider-1.0.1.jar:/home/runner/.m2/repository/org/apache/kerby/kerb-admin/1.0.1/kerb-admin-1.0.1.jar:/home/runner/.m2/repository/org/apache/kerby/kerb-server/1.0.1/kerb-server-1.0.1.jar:/home/runner/.m2/repository/org/apache/kerby/kerb-identity/1.0.1/kerb-identity-1.0.1.jar:/home/runner/.m2/repository/org/apache/kerby/kerby-xdr/1.0.1/kerby-xdr-1.0.1.jar:/home/runner/.m2/repository/org/slf4j/slf4j-log4j12/1.7.30/slf4j-log4j12-1.7.30.jar:/home/runner/.m2/repository/org/apache/ozone/ozone-s3gateway/1.3.0-SNAPSHOT/ozone-s3gateway-1.3.0-SNAPSHOT.jar:/home/runner/.m2/repository/org/javassist/javassist/3.21.0-GA/javassist-3.21.0-GA.jar:/home/runner/.m2/repository/org/jboss/weld/servlet/weld-servlet/2.4.7.Final/weld-servlet-2.4.7.Final.jar:/home/runner/.m2/repository/org/glassfish/jersey/containers/jersey-container-servlet-core/2.33/jersey-container-servlet-core-2.33.jar:/home/runner/.m2/repository/org/glassfish/hk2/external/jakarta.inject/2.6.1/jakarta.inject-2.6.1.jar:/home/runner/.m2/repository/org/glassfish/jersey/core/jersey-common/2.33/jersey-common-2.33.jar:/home/runner/.m2/repository/jakarta/ws/rs/jakarta.ws.rs-api/2.1.6/jakarta.ws.rs-api-2.1.6.jar:/home/runner/.m2/repository/org/glassfish/jersey/ext/cdi/jersey-cdi1x/2.33/jersey-cdi1x-2.33.jar:/home/runner/.m2/repository/org/glassfish/jersey/inject/jersey-hk2/2.33/jersey-hk2-2.33.jar:/home/runner/.m2/repository/org/glassfish/hk2/hk2-locator/2.6.1/hk2-locator-2.6.1.jar:/home/runner/.m2/repository/org/glassfish/jersey/media/jersey-media-jaxb/2.33/jersey-media-jaxb-2.33.jar:/home/runner/.m2/repository/org/glassfish/hk2/osgi-resource-locator/1.0.3/osgi-resource-locator-1.0.3.jar:/home/runner/.m2/repository/org/glassfish/hk2/hk2-api/2.5.0/hk2-api-2.5.0.jar:/home/runner/.m2/repository/org/glassfish/hk2/hk2-utils/2.5.0/hk2-utils-2.5.0.jar:/home/runner/.m2/repository/org/glassfish/hk2/external/aopalliance-repackaged/2.5.0/aopalliance-repackaged-2.5.0.jar:/home/runner/.m2/repository/com/fasterxml/jackson/dataformat/jackson-dataformat-xml/2.13.2/jackson-dataformat-xml-2.13.2.jar:/home/runner/.m2/repository/com/fasterxml/jackson/core/jackson-core/2.13.2/jackson-core-2.13.2.jar:/home/runner/.m2/repository/org/codehaus/woodstox/stax2-api/3.1.4/stax2-api-3.1.4.jar:/home/runner/.m2/repository/com/fasterxml/woodstox/woodstox-core/5.0.3/woodstox-core-5.0.3.jar:/home/runner/.m2/repository/com/fasterxml/jackson/module/jackson-module-jaxb-annotations/2.13.2/jackson-module-jaxb-annotations-2.13.2.jar:/home/runner/.m2/repository/jakarta/xml/bind/jakarta.xml.bind-api/2.3.3/jakarta.xml.bind-api-2.3.3.jar:/home/runner/.m2/repository/jakarta/activation/jakarta.activation-api/1.2.1/jakarta.activation-api-1.2.1.jar:/home/runner/.m2/repository/javax/enterprise/cdi-api/1.2/cdi-api-1.2.jar:/home/runner/.m2/repository/javax/el/javax.el-api/3.0.0/javax.el-api-3.0.0.jar:/home/runner/.m2/repository/javax/interceptor/javax.interceptor-api/1.2/javax.interceptor-api-1.2.jar:/home/runner/.m2/repository/javax/inject/javax.inject/1/javax.inject-1.jar:/home/runner/.m2/repository/javax/xml/bind/jaxb-api/2.3.0/jaxb-api-2.3.0.jar:/home/runner/.m2/repository/org/glassfish/jaxb/jaxb-runtime/2.3.0.1/jaxb-runtime-2.3.0.1.jar:/home/runner/.m2/repository/org/glassfish/jaxb/jaxb-core/2.3.0.1/jaxb-core-2.3.0.1.jar:/home/runner/.m2/repository/org/glassfish/jaxb/txw2/2.3.0.1/txw2-2.3.0.1.jar:/home/runner/.m2/repository/com/sun/istack/istack-commons-runtime/3.0.5/istack-commons-runtime-3.0.5.jar:/home/runner/.m2/repository/org/jvnet/staxex/stax-ex/1.7.8/stax-ex-1.7.8.jar:/home/runner/.m2/repository/com/sun/xml/fastinfoset/FastInfoset/1.2.13/FastInfoset-1.2.13.jar:/home/runner/.m2/repository/javax/activation/activation/1.1.1/activation-1.1.1.jar:/home/runner/.m2/repository/io/grpc/grpc-protobuf/1.48.1/grpc-protobuf-1.48.1.jar:/home/runner/.m2/repository/io/grpc/grpc-api/1.48.1/grpc-api-1.48.1.jar:/home/runner/.m2/repository/io/grpc/grpc-context/1.48.1/grpc-context-1.48.1.jar:/home/runner/.m2/repository/com/google/api/grpc/proto-google-common-protos/2.9.0/proto-google-common-protos-2.9.0.jar:/home/runner/.m2/repository/io/grpc/grpc-protobuf-lite/1.48.1/grpc-protobuf-lite-1.48.1.jar:/home/runner/.m2/repository/io/grpc/grpc-stub/1.48.1/grpc-stub-1.48.1.jar:/home/runner/.m2/repository/io/netty/netty-transport/4.1.79.Final/netty-transport-4.1.79.Final.jar:/home/runner/.m2/repository/io/netty/netty-resolver/4.1.79.Final/netty-resolver-4.1.79.Final.jar:/home/runner/.m2/repository/org/apache/ozone/ozone-csi/1.3.0-SNAPSHOT/ozone-csi-1.3.0-SNAPSHOT.jar:/home/runner/.m2/repository/com/google/protobuf/protobuf-java-util/3.19.2/protobuf-java-util-3.19.2.jar:/home/runner/.m2/repository/com/google/code/gson/gson/2.9.0/gson-2.9.0.jar:/home/runner/.m2/repository/org/apache/ozone/hdds-config/1.3.0-SNAPSHOT/hdds-config-1.3.0-SNAPSHOT.jar:/home/runner/.m2/repository/io/netty/netty-transport-native-epoll/4.1.79.Final/netty-transport-native-epoll-4.1.79.Final-linux-x86_64.jar:/home/runner/.m2/repository/io/netty/netty-transport-classes-epoll/4.1.79.Final/netty-transport-classes-epoll-4.1.79.Final.jar:/home/runner/.m2/repository/io/netty/netty-transport-native-unix-common/4.1.79.Final/netty-transport-native-unix-common-4.1.79.Final.jar:/home/runner/.m2/repository/org/apache/ozone/ozone-recon/1.3.0-SNAPSHOT/ozone-recon-1.3.0-SNAPSHOT.jar:/home/runner/.m2/repository/org/apache/ozone/ozone-reconcodegen/1.3.0-SNAPSHOT/ozone-reconcodegen-1.3.0-SNAPSHOT.jar:/home/runner/.m2/repository/com/google/inject/extensions/guice-multibindings/4.0/guice-multibindings-4.0.jar:/home/runner/.m2/repository/com/google/inject/guice/4.0/guice-4.0.jar:/home/runner/.m2/repository/aopalliance/aopalliance/1.0/aopalliance-1.0.jar:/home/runner/.m2/repository/com/google/inject/extensions/guice-assistedinject/4.0/guice-assistedinject-4.0.jar:/home/runner/.m2/repository/com/google/inject/extensions/guice-servlet/4.0/guice-servlet-4.0.jar:/home/runner/.m2/repository/org/glassfish/jersey/containers/jersey-container-servlet/2.33/jersey-container-servlet-2.33.jar:/home/runner/.m2/repository/org/glassfish/hk2/guice-bridge/2.5.0/guice-bridge-2.5.0.jar:/home/runner/.m2/repository/org/glassfish/jersey/core/jersey-server/2.33/jersey-server-2.33.jar:/home/runner/.m2/repository/org/glassfish/jersey/core/jersey-client/2.33/jersey-client-2.33.jar:/home/runner/.m2/repository/jakarta/annotation/jakarta.annotation-api/1.3.5/jakarta.annotation-api-1.3.5.jar:/home/runner/.m2/repository/jakarta/validation/jakarta.validation-api/2.0.2/jakarta.validation-api-2.0.2.jar:/home/runner/.m2/repository/org/glassfish/jersey/media/jersey-media-json-jackson/2.33/jersey-media-json-jackson-2.33.jar:/home/runner/.m2/repository/org/glassfish/jersey/ext/jersey-entity-filtering/2.33/jersey-entity-filtering-2.33.jar:/home/runner/.m2/repository/org/jooq/jooq/3.11.10/jooq-3.11.10.jar:/home/runner/.m2/repository/org/jooq/jooq-meta/3.11.10/jooq-meta-3.11.10.jar:/home/runner/.m2/repository/org/jooq/jooq-codegen/3.11.10/jooq-codegen-3.11.10.jar:/home/runner/.m2/repository/com/jolbox/bonecp/0.8.0.RELEASE/bonecp-0.8.0.RELEASE.jar:/home/runner/.m2/repository/org/apache/derby/derby/10.14.2.0/derby-10.14.2.0.jar:/home/runner/.m2/repository/org/xerial/sqlite-jdbc/3.25.2/sqlite-jdbc-3.25.2.jar:/home/runner/.m2/repository/org/springframework/spring-jdbc/5.2.20.RELEASE/spring-jdbc-5.2.20.RELEASE.jar:/home/runner/.m2/repository/org/springframework/spring-beans/5.2.20.RELEASE/spring-beans-5.2.20.RELEASE.jar:/home/runner/.m2/repository/org/springframework/spring-core/5.2.20.RELEASE/spring-core-5.2.20.RELEASE.jar:/home/runner/.m2/repository/org/springframework/spring-jcl/5.2.20.RELEASE/spring-jcl-5.2.20.RELEASE.jar:/home/runner/.m2/repository/org/springframework/spring-tx/5.2.20.RELEASE/spring-tx-5.2.20.RELEASE.jar:/home/runner/.m2/repository/org/apache/ozone/ozone-client/1.3.0-SNAPSHOT/ozone-client-1.3.0-SNAPSHOT.jar:/home/runner/.m2/repository/org/apache/ozone/hdds-erasurecode/1.3.0-SNAPSHOT/hdds-erasurecode-1.3.0-SNAPSHOT.jar:/home/runner/.m2/repository/com/github/spotbugs/spotbugs-annotations/3.1.12/spotbugs-annotations-3.1.12.jar:/home/runner/.m2/repository/org/apache/ozone/ozone-filesystem/1.3.0-SNAPSHOT/ozone-filesystem-1.3.0-SNAPSHOT.jar:/home/runner/.m2/repository/org/apache/ozone/ozone-filesystem-common/1.3.0-SNAPSHOT/ozone-filesystem-common-1.3.0-SNAPSHOT.jar:/home/runner/.m2/repository/org/apache/ozone/ozone-tools/1.3.0-SNAPSHOT/ozone-tools-1.3.0-SNAPSHOT.jar:/home/runner/.m2/repository/org/apache/ratis/ratis-tools/2.3.0/ratis-tools-2.3.0.jar:/home/runner/.m2/repository/com/amazonaws/aws-java-sdk-core/1.12.261/aws-java-sdk-core-1.12.261.jar:/home/runner/.m2/repository/org/apache/httpcomponents/httpclient/4.5.13/httpclient-4.5.13.jar:/home/runner/.m2/repository/org/apache/httpcomponents/httpcore/4.4.13/httpcore-4.4.13.jar:/home/runner/.m2/repository/software/amazon/ion/ion-java/1.0.2/ion-java-1.0.2.jar:/home/runner/.m2/repository/com/fasterxml/jackson/dataformat/jackson-dataformat-cbor/2.13.2/jackson-dataformat-cbor-2.13.2.jar:/home/runner/.m2/repository/joda-time/joda-time/2.8.1/joda-time-2.8.1.jar:/home/runner/.m2/repository/com/amazonaws/aws-java-sdk-s3/1.12.261/aws-java-sdk-s3-1.12.261.jar:/home/runner/.m2/repository/com/amazonaws/aws-java-sdk-kms/1.12.261/aws-java-sdk-kms-1.12.261.jar:/home/runner/.m2/repository/com/amazonaws/jmespath-java/1.12.261/jmespath-java-1.12.261.jar:/home/runner/.m2/repository/org/kohsuke/metainf-services/metainf-services/1.8/metainf-services-1.8.jar:/home/runner/.m2/repository/org/apache/ozone/hdds-tools/1.3.0-SNAPSHOT/hdds-tools-1.3.0-SNAPSHOT.jar:/home/runner/.m2/repository/commons-cli/commons-cli/1.2/commons-cli-1.2.jar:/home/runner/.m2/repository/org/apache/commons/commons-lang3/3.7/commons-lang3-3.7.jar:/home/runner/.m2/repository/org/apache/ozone/ozone-manager/1.3.0-SNAPSHOT/ozone-manager-1.3.0-SNAPSHOT-tests.jar:/home/runner/.m2/repository/org/apache/ozone/hdds-common/1.3.0-SNAPSHOT/hdds-common-1.3.0-SNAPSHOT-tests.jar:/home/runner/.m2/repository/org/apache/ozone/hdds-hadoop-dependency-client/1.3.0-SNAPSHOT/hdds-hadoop-dependency-client-1.3.0-SNAPSHOT.jar:/home/runner/.m2/repository/info/picocli/picocli/4.6.1/picocli-4.6.1.jar:/home/runner/.m2/repository/com/fasterxml/jackson/core/jackson-annotations/2.13.2/jackson-annotations-2.13.2.jar:/home/runner/.m2/repository/com/fasterxml/jackson/datatype/jackson-datatype-jsr310/2.13.2/jackson-datatype-jsr310-2.13.2.jar:/home/runner/.m2/repository/javax/annotation/javax.annotation-api/1.2/javax.annotation-api-1.2.jar:/home/runner/.m2/repository/org/apache/ratis/ratis-server/2.3.0/ratis-server-2.3.0.jar:/home/runner/.m2/repository/org/apache/ratis/ratis-client/2.3.0/ratis-client-2.3.0.jar:/home/runner/.m2/repository/org/apache/ratis/ratis-server-api/2.3.0/ratis-server-api-2.3.0.jar:/home/runner/.m2/repository/org/apache/ratis/ratis-metrics/2.3.0/ratis-metrics-2.3.0.jar:/home/runner/.m2/repository/org/apache/ratis/ratis-netty/2.3.0/ratis-netty-2.3.0.jar:/home/runner/.m2/repository/org/apache/ratis/ratis-grpc/2.3.0/ratis-grpc-2.3.0.jar:/home/runner/.m2/repository/org/apache/logging/log4j/log4j-api/2.17.1/log4j-api-2.17.1.jar:/home/runner/.m2/repository/org/apache/commons/commons-pool2/2.6.0/commons-pool2-2.6.0.jar:/home/runner/.m2/repository/org/bouncycastle/bcpkix-jdk15on/1.67/bcpkix-jdk15on-1.67.jar:/home/runner/.m2/repository/commons-validator/commons-validator/1.6/commons-validator-1.6.jar:/home/runner/.m2/repository/commons-beanutils/commons-beanutils/1.9.4/commons-beanutils-1.9.4.jar:/home/runner/.m2/repository/commons-digester/commons-digester/1.8.1/commons-digester-1.8.1.jar:/home/runner/.m2/repository/commons-collections/commons-collections/3.2.2/commons-collections-3.2.2.jar:/home/runner/.m2/repository/io/jaegertracing/jaeger-client/1.6.0/jaeger-client-1.6.0.jar:/home/runner/.m2/repository/io/jaegertracing/jaeger-thrift/1.6.0/jaeger-thrift-1.6.0.jar:/home/runner/.m2/repository/org/apache/thrift/libthrift/0.14.1/libthrift-0.14.1.jar:/home/runner/.m2/repository/com/squareup/okhttp3/okhttp/4.9.0/okhttp-4.9.0.jar:/home/runner/.m2/repository/com/squareup/okio/okio/2.8.0/okio-2.8.0.jar:/home/runner/.m2/repository/io/jaegertracing/jaeger-core/1.6.0/jaeger-core-1.6.0.jar:/home/runner/.m2/repository/io/jaegertracing/jaeger-tracerresolver/1.6.0/jaeger-tracerresolver-1.6.0.jar:/home/runner/.m2/repository/io/opentracing/contrib/opentracing-tracerresolver/0.1.8/opentracing-tracerresolver-0.1.8.jar:/home/runner/.m2/repository/org/jetbrains/kotlin/kotlin-stdlib/1.6.21/kotlin-stdlib-1.6.21.jar:/home/runner/.m2/repository/org/jetbrains/kotlin/kotlin-stdlib-common/1.6.21/kotlin-stdlib-common-1.6.21.jar:/home/runner/.m2/repository/org/jetbrains/annotations/13.0/annotations-13.0.jar:/home/runner/.m2/repository/io/opentracing/opentracing-util/0.33.0/opentracing-util-0.33.0.jar:/home/runner/.m2/repository/io/opentracing/opentracing-api/0.33.0/opentracing-api-0.33.0.jar:/home/runner/.m2/repository/io/opentracing/opentracing-noop/0.33.0/opentracing-noop-0.33.0.jar:/home/runner/.m2/repository/org/yaml/snakeyaml/1.26/snakeyaml-1.26.jar:/home/runner/.m2/repository/org/apache/ozone/hdds-interface-admin/1.3.0-SNAPSHOT/hdds-interface-admin-1.3.0-SNAPSHOT.jar:/home/runner/.m2/repository/junit/junit/4.13.1/junit-4.13.1.jar:/home/runner/.m2/repository/org/hamcrest/hamcrest-core/1.3/hamcrest-core-1.3.jar:/home/runner/.m2/repository/org/junit/jupiter/junit-jupiter-api/5.8.2/junit-jupiter-api-5.8.2.jar:/home/runner/.m2/repository/org/opentest4j/opentest4j/1.2.0/opentest4j-1.2.0.jar:/home/runner/.m2/repository/org/junit/platform/junit-platform-commons/1.8.2/junit-platform-commons-1.8.2.jar:/home/runner/.m2/repository/org/apiguardian/apiguardian-api/1.1.2/apiguardian-api-1.1.2.jar:/home/runner/.m2/repository/org/junit/jupiter/junit-jupiter-params/5.8.2/junit-jupiter-params-5.8.2.jar:/home/runner/.m2/repository/org/junit/jupiter/junit-jupiter-migrationsupport/5.8.2/junit-jupiter-migrationsupport-5.8.2.jar:/home/runner/.m2/repository/org/junit/jupiter/junit-jupiter-engine/5.8.2/junit-jupiter-engine-5.8.2.jar:/home/runner/.m2/repository/org/junit/platform/junit-platform-engine/1.8.2/junit-platform-engine-1.8.2.jar:/home/runner/.m2/repository/org/junit/vintage/junit-vintage-engine/5.8.2/junit-vintage-engine-5.8.2.jar:/home/runner/.m2/repository/org/junit/platform/junit-platform-launcher/1.8.2/junit-platform-launcher-1.8.2.jar:/home/runner/.m2/repository/org/mockito/mockito-core/2.28.2/mockito-core-2.28.2.jar:/home/runner/.m2/repository/net/bytebuddy/byte-buddy/1.9.10/byte-buddy-1.9.10.jar:/home/runner/.m2/repository/net/bytebuddy/byte-buddy-agent/1.9.10/byte-buddy-agent-1.9.10.jar:/home/runner/.m2/repository/org/objenesis/objenesis/1.0/objenesis-1.0.jar:/home/runner/.m2/repository/org/apache/hadoop/hadoop-kms/3.3.1/hadoop-kms-3.3.1.jar:/home/runner/.m2/repository/org/apache/hadoop/hadoop-auth/3.3.1/hadoop-auth-3.3.1.jar:/home/runner/.m2/repository/com/nimbusds/nimbus-jose-jwt/7.9/nimbus-jose-jwt-7.9.jar:/home/runner/.m2/repository/com/github/stephenc/jcip/jcip-annotations/1.0-1/jcip-annotations-1.0-1.jar:/home/runner/.m2/repository/net/minidev/json-smart/2.4.7/json-smart-2.4.7.jar:/home/runner/.m2/repository/net/minidev/accessors-smart/2.4.7/accessors-smart-2.4.7.jar:/home/runner/.m2/repository/org/ow2/asm/asm/5.0.4/asm-5.0.4.jar:/home/runner/.m2/repository/org/apache/zookeeper/zookeeper/3.5.6/zookeeper-3.5.6.jar:/home/runner/.m2/repository/org/apache/zookeeper/zookeeper-jute/3.5.6/zookeeper-jute-3.5.6.jar:/home/runner/.m2/repository/org/apache/yetus/audience-annotations/0.5.0/audience-annotations-0.5.0.jar:/home/runner/.m2/repository/org/apache/curator/curator-framework/4.2.0/curator-framework-4.2.0.jar:/home/runner/.m2/repository/org/apache/hadoop/thirdparty/hadoop-shaded-guava/1.1.1/hadoop-shaded-guava-1.1.1.jar:/home/runner/.m2/repository/com/sun/jersey/jersey-core/1.19/jersey-core-1.19.jar:/home/runner/.m2/repository/javax/ws/rs/jsr311-api/1.1.1/jsr311-api-1.1.1.jar:/home/runner/.m2/repository/com/sun/jersey/jersey-server/1.19/jersey-server-1.19.jar:/home/runner/.m2/repository/javax/servlet/javax.servlet-api/3.1.0/javax.servlet-api-3.1.0.jar:/home/runner/.m2/repository/org/eclipse/jetty/jetty-server/9.4.43.v20210629/jetty-server-9.4.43.v20210629.jar:/home/runner/.m2/repository/org/eclipse/jetty/jetty-http/9.4.43.v20210629/jetty-http-9.4.43.v20210629.jar:/home/runner/.m2/repository/org/eclipse/jetty/jetty-io/9.4.43.v20210629/jetty-io-9.4.43.v20210629.jar:/home/runner/.m2/repository/org/eclipse/jetty/jetty-webapp/9.4.43.v20210629/jetty-webapp-9.4.43.v20210629.jar:/home/runner/.m2/repository/org/eclipse/jetty/jetty-xml/9.4.43.v20210629/jetty-xml-9.4.43.v20210629.jar:/home/runner/.m2/repository/org/apache/hadoop/hadoop-common/3.3.1/hadoop-common-3.3.1.jar:/home/runner/.m2/repository/org/apache/commons/commons-math3/3.1.1/commons-math3-3.1.1.jar:/home/runner/.m2/repository/commons-net/commons-net/3.6/commons-net-3.6.jar:/home/runner/.m2/repository/com/sun/jersey/jersey-servlet/1.19/jersey-servlet-1.19.jar:/home/runner/.m2/repository/com/sun/jersey/jersey-json/1.19/jersey-json-1.19.jar:/home/runner/.m2/repository/org/codehaus/jettison/jettison/1.1/jettison-1.1.jar:/home/runner/.m2/repository/com/sun/xml/bind/jaxb-impl/2.2.3-1/jaxb-impl-2.2.3-1.jar:/home/runner/.m2/repository/org/codehaus/jackson/jackson-xc/1.9.2/jackson-xc-1.9.2.jar:/home/runner/.m2/repository/org/apache/commons/commons-configuration2/2.1.1/commons-configuration2-2.1.1.jar:/home/runner/.m2/repository/org/apache/commons/commons-text/1.4/commons-text-1.4.jar:/home/runner/.m2/repository/com/google/re2j/re2j/1.1/re2j-1.1.jar:/home/runner/.m2/repository/com/jcraft/jsch/0.1.54/jsch-0.1.54.jar:/home/runner/.m2/repository/org/apache/curator/curator-client/4.2.0/curator-client-4.2.0.jar:/home/runner/.m2/repository/org/apache/curator/curator-recipes/4.2.0/curator-recipes-4.2.0.jar:/home/runner/.m2/repository/org/apache/kerby/kerb-core/1.0.1/kerb-core-1.0.1.jar:/home/runner/.m2/repository/org/apache/kerby/kerby-pkix/1.0.1/kerby-pkix-1.0.1.jar:/home/runner/.m2/repository/org/apache/kerby/kerby-asn1/1.0.1/kerby-asn1-1.0.1.jar:/home/runner/.m2/repository/org/apache/kerby/kerby-util/1.0.1/kerby-util-1.0.1.jar:/home/runner/.m2/repository/dnsjava/dnsjava/2.1.7/dnsjava-2.1.7.jar:/home/runner/.m2/repository/org/xerial/snappy/snappy-java/1.1.8.2/snappy-java-1.1.8.2.jar:/home/runner/.m2/repository/org/slf4j/jul-to-slf4j/1.7.30/jul-to-slf4j-1.7.30.jar:/home/runner/.m2/repository/org/eclipse/jetty/jetty-util/9.4.43.v20210629/jetty-util-9.4.43.v20210629.jar:/home/runner/.m2/repository/com/fasterxml/jackson/core/jackson-databind/2.13.2.2/jackson-databind-2.13.2.2.jar:/home/runner/.m2/repository/org/apache/hadoop/hadoop-kms/3.3.1/hadoop-kms-3.3.1-tests.jar:/home/runner/.m2/repository/org/apache/ozone/hdds-server-scm/1.3.0-SNAPSHOT/hdds-server-scm-1.3.0-SNAPSHOT-tests.jar:/home/runner/.m2/repository/org/apache/ozone/hdds-container-service/1.3.0-SNAPSHOT/hdds-container-service-1.3.0-SNAPSHOT-tests.jar:/home/runner/.m2/repository/commons-codec/commons-codec/1.11/commons-codec-1.11.jar:/home/runner/.m2/repository/io/netty/netty-codec/4.1.79.Final/netty-codec-4.1.79.Final.jar:/home/runner/.m2/repository/io/netty/netty-handler/4.1.79.Final/netty-handler-4.1.79.Final.jar:/home/runner/.m2/repository/org/apache/ozone/hdds-hadoop-dependency-test/1.3.0-SNAPSHOT/hdds-hadoop-dependency-test-1.3.0-SNAPSHOT.jar:/home/runner/.m2/repository/org/apache/hadoop/hadoop-common/3.3.1/hadoop-common-3.3.1-tests.jar:/home/runner/.m2/repository/org/assertj/assertj-core/3.12.2/assertj-core-3.12.2.jar:/home/runner/.m2/repository/org/apache/hadoop/hadoop-hdfs/3.3.1/hadoop-hdfs-3.3.1-tests.jar:/home/runner/.m2/repository/org/eclipse/jetty/jetty-util-ajax/9.4.43.v20210629/jetty-util-ajax-9.4.43.v20210629.jar:/home/runner/.m2/repository/commons-daemon/commons-daemon/1.0.13/commons-daemon-1.0.13.jar:/home/runner/.m2/repository/io/netty/netty/3.10.6.Final/netty-3.10.6.Final.jar:/home/runner/.m2/repository/io/netty/netty-all/4.1.79.Final/netty-all-4.1.79.Final.jar:/home/runner/.m2/repository/io/netty/netty-codec-dns/4.1.79.Final/netty-codec-dns-4.1.79.Final.jar:/home/runner/.m2/repository/io/netty/netty-codec-haproxy/4.1.79.Final/netty-codec-haproxy-4.1.79.Final.jar:/home/runner/.m2/repository/io/netty/netty-codec-memcache/4.1.79.Final/netty-codec-memcache-4.1.79.Final.jar:/home/runner/.m2/repository/io/netty/netty-codec-mqtt/4.1.79.Final/netty-codec-mqtt-4.1.79.Final.jar:/home/runner/.m2/repository/io/netty/netty-codec-redis/4.1.79.Final/netty-codec-redis-4.1.79.Final.jar:/home/runner/.m2/repository/io/netty/netty-codec-smtp/4.1.79.Final/netty-codec-smtp-4.1.79.Final.jar:/home/runner/.m2/repository/io/netty/netty-codec-stomp/4.1.79.Final/netty-codec-stomp-4.1.79.Final.jar:/home/runner/.m2/repository/io/netty/netty-codec-xml/4.1.79.Final/netty-codec-xml-4.1.79.Final.jar:/home/runner/.m2/repository/io/netty/netty-resolver-dns/4.1.79.Final/netty-resolver-dns-4.1.79.Final.jar:/home/runner/.m2/repository/io/netty/netty-transport-rxtx/4.1.79.Final/netty-transport-rxtx-4.1.79.Final.jar:/home/runner/.m2/repository/io/netty/netty-transport-sctp/4.1.79.Final/netty-transport-sctp-4.1.79.Final.jar:/home/runner/.m2/repository/io/netty/netty-transport-udt/4.1.79.Final/netty-transport-udt-4.1.79.Final.jar:/home/runner/.m2/repository/io/netty/netty-transport-classes-kqueue/4.1.79.Final/netty-transport-classes-kqueue-4.1.79.Final.jar:/home/runner/.m2/repository/io/netty/netty-resolver-dns-classes-macos/4.1.79.Final/netty-resolver-dns-classes-macos-4.1.79.Final.jar:/home/runner/.m2/repository/io/netty/netty-transport-native-epoll/4.1.79.Final/netty-transport-native-epoll-4.1.79.Final-linux-aarch_64.jar:/home/runner/.m2/repository/io/netty/netty-transport-native-kqueue/4.1.79.Final/netty-transport-native-kqueue-4.1.79.Final-osx-x86_64.jar:/home/runner/.m2/repository/io/netty/netty-transport-native-kqueue/4.1.79.Final/netty-transport-native-kqueue-4.1.79.Final-osx-aarch_64.jar:/home/runner/.m2/repository/io/netty/netty-resolver-dns-native-macos/4.1.79.Final/netty-resolver-dns-native-macos-4.1.79.Final-osx-x86_64.jar:/home/runner/.m2/repository/io/netty/netty-resolver-dns-native-macos/4.1.79.Final/netty-resolver-dns-native-macos-4.1.79.Final-osx-aarch_64.jar:/home/runner/.m2/repository/org/apache/htrace/htrace-core4/4.1.0-incubating/htrace-core4-4.1.0-incubating.jar:/home/runner/.m2/repository/org/fusesource/leveldbjni/leveldbjni-all/1.8/leveldbjni-all-1.8.jar:/home/runner/.m2/repository/org/apache/hadoop/hadoop-distcp/3.3.1/hadoop-distcp-3.3.1.jar:/home/runner/.m2/repository/org/apache/hadoop/hadoop-mapreduce-client-jobclient/3.3.1/hadoop-mapreduce-client-jobclient-3.3.1.jar:/home/runner/.m2/repository/org/apache/hadoop/hadoop-mapreduce-client-common/3.3.1/hadoop-mapreduce-client-common-3.3.1.jar:/home/runner/.m2/repository/org/apache/hadoop/hadoop-yarn-common/3.3.1/hadoop-yarn-common-3.3.1.jar:/home/runner/.m2/repository/org/apache/hadoop/hadoop-yarn-api/3.3.1/hadoop-yarn-api-3.3.1.jar:/home/runner/.m2/repository/com/sun/jersey/contribs/jersey-guice/1.19/jersey-guice-1.19.jar:/home/runner/.m2/repository/com/fasterxml/jackson/jaxrs/jackson-jaxrs-json-provider/2.13.2/jackson-jaxrs-json-provider-2.13.2.jar:/home/runner/.m2/repository/com/fasterxml/jackson/jaxrs/jackson-jaxrs-base/2.13.2/jackson-jaxrs-base-2.13.2.jar:/home/runner/.m2/repository/org/apache/hadoop/hadoop-yarn-client/3.3.1/hadoop-yarn-client-3.3.1.jar:/home/runner/.m2/repository/org/eclipse/jetty/websocket/websocket-client/9.4.40.v20210413/websocket-client-9.4.40.v20210413.jar:/home/runner/.m2/repository/org/eclipse/jetty/websocket/websocket-common/9.4.40.v20210413/websocket-common-9.4.40.v20210413.jar:/home/runner/.m2/repository/org/eclipse/jetty/websocket/websocket-api/9.4.40.v20210413/websocket-api-9.4.40.v20210413.jar:/home/runner/.m2/repository/org/jline/jline/3.9.0/jline-3.9.0.jar:/home/runner/.m2/repository/org/apache/hadoop/hadoop-mapreduce-client-core/3.3.1/hadoop-mapreduce-client-core-3.3.1.jar:/home/runner/.m2/repository/org/apache/avro/avro/1.7.7/avro-1.7.7.jar:/home/runner/.m2/repository/org/codehaus/jackson/jackson-core-asl/1.9.13/jackson-core-asl-1.9.13.jar:/home/runner/.m2/repository/org/codehaus/jackson/jackson-mapper-asl/1.9.13/jackson-mapper-asl-1.9.13.jar:/home/runner/.m2/repository/com/thoughtworks/paranamer/paranamer/2.3/paranamer-2.3.jar:/home/runner/.m2/repository/org/apache/hadoop/hadoop-annotations/3.3.1/hadoop-annotations-3.3.1.jar:/usr/lib/jvm/temurin-8-jdk-amd64/jre/../lib/tools.jar:/home/runner/.m2/repository/org/apache/hadoop/hadoop-distcp/3.3.1/hadoop-distcp-3.3.1-tests.jar:/home/runner/.m2/repository/org/apache/ratis/ratis-common/2.3.0/ratis-common-2.3.0.jar:/home/runner/.m2/repository/org/apache/ratis/ratis-thirdparty-misc/1.0.0/ratis-thirdparty-misc-1.0.0.jar:/home/runner/.m2/repository/org/apache/ratis/ratis-proto/2.3.0/ratis-proto-2.3.0.jar:/home/runner/.m2/repository/org/apache/ozone/ozone-annotation-processing/1.3.0-SNAPSHOT/ozone-annotation-processing-1.3.0-SNAPSHOT.jar:"/>
    <property name="java.vm.vendor" value="Temurin"/>
    <property name="sun.arch.data.model" value="64"/>
    <property name="test.build.dir" value="/home/runner/work/ozone/ozone/hadoop-ozone/integration-test/target/test-dir"/>
    <property name="test.cache.data" value=""/>
    <property name="java.vendor.url" value="https://adoptium.net/"/>
    <property name="user.timezone" value="Etc/UTC"/>
    <property name="java.vm.specification.version" value="1.8"/>
    <property name="os.name" value="Linux"/>
    <property name="test.build.data" value="/home/runner/work/ozone/ozone/hadoop-ozone/integration-test/target/test-dir"/>
    <property name="sun.java.launcher" value="SUN_STANDARD"/>
    <property name="sun.boot.library.path" value="/usr/lib/jvm/temurin-8-jdk-amd64/jre/lib/amd64"/>
    <property name="sun.java.command" value="/home/runner/work/ozone/ozone/hadoop-ozone/integration-test/target/surefire/surefirebooter7300176587315699925.jar /home/runner/work/ozone/ozone/hadoop-ozone/integration-test/target/surefire 2022-08-20T07-13-01_057-jvmRun1 surefire2822069985156666491tmp surefire_277816698413582929778tmp"/>
    <property name="surefire.test.class.path" value="/home/runner/work/ozone/ozone/hadoop-ozone/integration-test/target/test-classes:/home/runner/work/ozone/ozone/hadoop-ozone/integration-test/target/classes:/home/runner/.m2/repository/org/apache/ozone/ozone-common/1.3.0-SNAPSHOT/ozone-common-1.3.0-SNAPSHOT.jar:/home/runner/.m2/repository/io/grpc/grpc-netty/1.48.1/grpc-netty-1.48.1.jar:/home/runner/.m2/repository/io/grpc/grpc-core/1.48.1/grpc-core-1.48.1.jar:/home/runner/.m2/repository/com/google/android/annotations/4.1.1.4/annotations-4.1.1.4.jar:/home/runner/.m2/repository/org/codehaus/mojo/animal-sniffer-annotations/1.21/animal-sniffer-annotations-1.21.jar:/home/runner/.m2/repository/com/google/errorprone/error_prone_annotations/2.2.0/error_prone_annotations-2.2.0.jar:/home/runner/.m2/repository/io/perfmark/perfmark-api/0.25.0/perfmark-api-0.25.0.jar:/home/runner/.m2/repository/io/netty/netty-codec-http2/4.1.79.Final/netty-codec-http2-4.1.79.Final.jar:/home/runner/.m2/repository/io/netty/netty-common/4.1.79.Final/netty-common-4.1.79.Final.jar:/home/runner/.m2/repository/io/netty/netty-buffer/4.1.79.Final/netty-buffer-4.1.79.Final.jar:/home/runner/.m2/repository/io/netty/netty-codec-http/4.1.79.Final/netty-codec-http-4.1.79.Final.jar:/home/runner/.m2/repository/io/netty/netty-handler-proxy/4.1.79.Final/netty-handler-proxy-4.1.79.Final.jar:/home/runner/.m2/repository/io/netty/netty-codec-socks/4.1.79.Final/netty-codec-socks-4.1.79.Final.jar:/home/runner/.m2/repository/io/netty/netty-tcnative-boringssl-static/2.0.53.Final/netty-tcnative-boringssl-static-2.0.53.Final.jar:/home/runner/.m2/repository/io/netty/netty-tcnative-classes/2.0.53.Final/netty-tcnative-classes-2.0.53.Final.jar:/home/runner/.m2/repository/io/netty/netty-tcnative-boringssl-static/2.0.53.Final/netty-tcnative-boringssl-static-2.0.53.Final-linux-x86_64.jar:/home/runner/.m2/repository/io/netty/netty-tcnative-boringssl-static/2.0.53.Final/netty-tcnative-boringssl-static-2.0.53.Final-linux-aarch_64.jar:/home/runner/.m2/repository/io/netty/netty-tcnative-boringssl-static/2.0.53.Final/netty-tcnative-boringssl-static-2.0.53.Final-osx-x86_64.jar:/home/runner/.m2/repository/io/netty/netty-tcnative-boringssl-static/2.0.53.Final/netty-tcnative-boringssl-static-2.0.53.Final-osx-aarch_64.jar:/home/runner/.m2/repository/io/netty/netty-tcnative-boringssl-static/2.0.53.Final/netty-tcnative-boringssl-static-2.0.53.Final-windows-x86_64.jar:/home/runner/.m2/repository/org/apache/commons/commons-compress/1.21/commons-compress-1.21.jar:/home/runner/.m2/repository/org/apache/ozone/hdds-common/1.3.0-SNAPSHOT/hdds-common-1.3.0-SNAPSHOT.jar:/home/runner/.m2/repository/org/apache/ozone/hdds-client/1.3.0-SNAPSHOT/hdds-client-1.3.0-SNAPSHOT.jar:/home/runner/.m2/repository/org/apache/ozone/ozone-interface-client/1.3.0-SNAPSHOT/ozone-interface-client-1.3.0-SNAPSHOT.jar:/home/runner/.m2/repository/org/apache/ozone/hdds-test-utils/1.3.0-SNAPSHOT/hdds-test-utils-1.3.0-SNAPSHOT.jar:/home/runner/.m2/repository/com/google/guava/guava/31.1-jre/guava-31.1-jre.jar:/home/runner/.m2/repository/com/google/guava/failureaccess/1.0.1/failureaccess-1.0.1.jar:/home/runner/.m2/repository/com/google/guava/listenablefuture/9999.0-empty-to-avoid-conflict-with-guava/listenablefuture-9999.0-empty-to-avoid-conflict-with-guava.jar:/home/runner/.m2/repository/com/google/code/findbugs/jsr305/3.0.0/jsr305-3.0.0.jar:/home/runner/.m2/repository/org/checkerframework/checker-qual/3.12.0/checker-qual-3.12.0.jar:/home/runner/.m2/repository/com/google/j2objc/j2objc-annotations/1.3/j2objc-annotations-1.3.jar:/home/runner/.m2/repository/commons-io/commons-io/2.11.0/commons-io-2.11.0.jar:/home/runner/.m2/repository/commons-logging/commons-logging/1.2/commons-logging-1.2.jar:/home/runner/.m2/repository/log4j/log4j/1.2.17/log4j-1.2.17.jar:/home/runner/.m2/repository/org/slf4j/slf4j-api/1.7.30/slf4j-api-1.7.30.jar:/home/runner/.m2/repository/org/apache/ozone/hdds-server-scm/1.3.0-SNAPSHOT/hdds-server-scm-1.3.0-SNAPSHOT.jar:/home/runner/.m2/repository/org/apache/ozone/hdds-container-service/1.3.0-SNAPSHOT/hdds-container-service-1.3.0-SNAPSHOT.jar:/home/runner/.m2/repository/org/apache/ozone/hdds-hadoop-dependency-server/1.3.0-SNAPSHOT/hdds-hadoop-dependency-server-1.3.0-SNAPSHOT.jar:/home/runner/.m2/repository/org/apache/hadoop/hadoop-hdfs/3.3.1/hadoop-hdfs-3.3.1.jar:/home/runner/.m2/repository/org/apache/ozone/hdds-server-framework/1.3.0-SNAPSHOT/hdds-server-framework-1.3.0-SNAPSHOT.jar:/home/runner/.m2/repository/org/apache/ozone/hdds-interface-server/1.3.0-SNAPSHOT/hdds-interface-server-1.3.0-SNAPSHOT.jar:/home/runner/.m2/repository/org/apache/logging/log4j/log4j-core/2.17.1/log4j-core-2.17.1.jar:/home/runner/.m2/repository/com/lmax/disruptor/3.4.2/disruptor-3.4.2.jar:/home/runner/.m2/repository/org/eclipse/jetty/jetty-servlet/9.4.43.v20210629/jetty-servlet-9.4.43.v20210629.jar:/home/runner/.m2/repository/org/eclipse/jetty/jetty-security/9.4.43.v20210629/jetty-security-9.4.43.v20210629.jar:/home/runner/.m2/repository/org/rocksdb/rocksdbjni/6.29.5/rocksdbjni-6.29.5.jar:/home/runner/.m2/repository/io/prometheus/simpleclient_dropwizard/0.7.0/simpleclient_dropwizard-0.7.0.jar:/home/runner/.m2/repository/io/prometheus/simpleclient/0.7.0/simpleclient-0.7.0.jar:/home/runner/.m2/repository/io/prometheus/simpleclient_common/0.7.0/simpleclient_common-0.7.0.jar:/home/runner/.m2/repository/io/dropwizard/metrics/metrics-core/3.2.4/metrics-core-3.2.4.jar:/home/runner/.m2/repository/org/apache/hadoop/hadoop-hdfs-client/3.3.1/hadoop-hdfs-client-3.3.1.jar:/home/runner/.m2/repository/org/bouncycastle/bcprov-jdk15on/1.67/bcprov-jdk15on-1.67.jar:/home/runner/.m2/repository/com/google/protobuf/protobuf-java/2.5.0/protobuf-java-2.5.0.jar:/home/runner/.m2/repository/org/apache/ozone/ozone-manager/1.3.0-SNAPSHOT/ozone-manager-1.3.0-SNAPSHOT.jar:/home/runner/.m2/repository/org/aspectj/aspectjrt/1.9.7/aspectjrt-1.9.7.jar:/home/runner/.m2/repository/org/aspectj/aspectjweaver/1.9.7/aspectjweaver-1.9.7.jar:/home/runner/.m2/repository/org/apache/ozone/hdds-interface-client/1.3.0-SNAPSHOT/hdds-interface-client-1.3.0-SNAPSHOT.jar:/home/runner/.m2/repository/org/apache/hadoop/thirdparty/hadoop-shaded-protobuf_3_7/1.1.1/hadoop-shaded-protobuf_3_7-1.1.1.jar:/home/runner/.m2/repository/org/apache/ozone/ozone-interface-storage/1.3.0-SNAPSHOT/ozone-interface-storage-1.3.0-SNAPSHOT.jar:/home/runner/.m2/repository/org/reflections/reflections/0.9.11/reflections-0.9.11.jar:/home/runner/.m2/repository/com/sun/jersey/jersey-client/1.19/jersey-client-1.19.jar:/home/runner/.m2/repository/org/apache/ranger/ranger-intg/2.3.0/ranger-intg-2.3.0.jar:/home/runner/.m2/repository/org/apache/ranger/ranger-plugins-common/2.3.0/ranger-plugins-common-2.3.0.jar:/home/runner/.m2/repository/commons-lang/commons-lang/2.6/commons-lang-2.6.jar:/home/runner/.m2/repository/org/codehaus/jackson/jackson-jaxrs/1.9.13/jackson-jaxrs-1.9.13.jar:/home/runner/.m2/repository/org/apache/ranger/ranger-plugins-cred/2.3.0/ranger-plugins-cred-2.3.0.jar:/home/runner/.m2/repository/org/apache/ranger/ranger-plugins-audit/2.3.0/ranger-plugins-audit-2.3.0.jar:/home/runner/.m2/repository/org/eclipse/jetty/jetty-client/9.4.31.v20200723/jetty-client-9.4.31.v20200723.jar:/home/runner/.m2/repository/org/apache/httpcomponents/httpmime/4.5.6/httpmime-4.5.6.jar:/home/runner/.m2/repository/org/apache/httpcomponents/httpcore-nio/4.4.6/httpcore-nio-4.4.6.jar:/home/runner/.m2/repository/org/apache/httpcomponents/httpasyncclient/4.1.3/httpasyncclient-4.1.3.jar:/home/runner/.m2/repository/com/carrotsearch/hppc/0.8.0/hppc-0.8.0.jar:/home/runner/.m2/repository/org/apache/orc/orc-core/1.5.8/orc-core-1.5.8.jar:/home/runner/.m2/repository/net/java/dev/jna/jna/5.2.0/jna-5.2.0.jar:/home/runner/.m2/repository/net/java/dev/jna/jna-platform/5.2.0/jna-platform-5.2.0.jar:/home/runner/.m2/repository/com/kstruct/gethostname4j/0.0.2/gethostname4j-0.0.2.jar:/home/runner/.m2/repository/org/apache/ranger/ranger-plugin-classloader/2.3.0/ranger-plugin-classloader-2.3.0.jar:/home/runner/.m2/repository/org/apache/hadoop/hadoop-minikdc/3.3.1/hadoop-minikdc-3.3.1.jar:/home/runner/.m2/repository/org/apache/kerby/kerb-simplekdc/1.0.1/kerb-simplekdc-1.0.1.jar:/home/runner/.m2/repository/org/apache/kerby/kerb-client/1.0.1/kerb-client-1.0.1.jar:/home/runner/.m2/repository/org/apache/kerby/kerby-config/1.0.1/kerby-config-1.0.1.jar:/home/runner/.m2/repository/org/apache/kerby/kerb-common/1.0.1/kerb-common-1.0.1.jar:/home/runner/.m2/repository/org/apache/kerby/kerb-crypto/1.0.1/kerb-crypto-1.0.1.jar:/home/runner/.m2/repository/org/apache/kerby/kerb-util/1.0.1/kerb-util-1.0.1.jar:/home/runner/.m2/repository/org/apache/kerby/token-provider/1.0.1/token-provider-1.0.1.jar:/home/runner/.m2/repository/org/apache/kerby/kerb-admin/1.0.1/kerb-admin-1.0.1.jar:/home/runner/.m2/repository/org/apache/kerby/kerb-server/1.0.1/kerb-server-1.0.1.jar:/home/runner/.m2/repository/org/apache/kerby/kerb-identity/1.0.1/kerb-identity-1.0.1.jar:/home/runner/.m2/repository/org/apache/kerby/kerby-xdr/1.0.1/kerby-xdr-1.0.1.jar:/home/runner/.m2/repository/org/slf4j/slf4j-log4j12/1.7.30/slf4j-log4j12-1.7.30.jar:/home/runner/.m2/repository/org/apache/ozone/ozone-s3gateway/1.3.0-SNAPSHOT/ozone-s3gateway-1.3.0-SNAPSHOT.jar:/home/runner/.m2/repository/org/javassist/javassist/3.21.0-GA/javassist-3.21.0-GA.jar:/home/runner/.m2/repository/org/jboss/weld/servlet/weld-servlet/2.4.7.Final/weld-servlet-2.4.7.Final.jar:/home/runner/.m2/repository/org/glassfish/jersey/containers/jersey-container-servlet-core/2.33/jersey-container-servlet-core-2.33.jar:/home/runner/.m2/repository/org/glassfish/hk2/external/jakarta.inject/2.6.1/jakarta.inject-2.6.1.jar:/home/runner/.m2/repository/org/glassfish/jersey/core/jersey-common/2.33/jersey-common-2.33.jar:/home/runner/.m2/repository/jakarta/ws/rs/jakarta.ws.rs-api/2.1.6/jakarta.ws.rs-api-2.1.6.jar:/home/runner/.m2/repository/org/glassfish/jersey/ext/cdi/jersey-cdi1x/2.33/jersey-cdi1x-2.33.jar:/home/runner/.m2/repository/org/glassfish/jersey/inject/jersey-hk2/2.33/jersey-hk2-2.33.jar:/home/runner/.m2/repository/org/glassfish/hk2/hk2-locator/2.6.1/hk2-locator-2.6.1.jar:/home/runner/.m2/repository/org/glassfish/jersey/media/jersey-media-jaxb/2.33/jersey-media-jaxb-2.33.jar:/home/runner/.m2/repository/org/glassfish/hk2/osgi-resource-locator/1.0.3/osgi-resource-locator-1.0.3.jar:/home/runner/.m2/repository/org/glassfish/hk2/hk2-api/2.5.0/hk2-api-2.5.0.jar:/home/runner/.m2/repository/org/glassfish/hk2/hk2-utils/2.5.0/hk2-utils-2.5.0.jar:/home/runner/.m2/repository/org/glassfish/hk2/external/aopalliance-repackaged/2.5.0/aopalliance-repackaged-2.5.0.jar:/home/runner/.m2/repository/com/fasterxml/jackson/dataformat/jackson-dataformat-xml/2.13.2/jackson-dataformat-xml-2.13.2.jar:/home/runner/.m2/repository/com/fasterxml/jackson/core/jackson-core/2.13.2/jackson-core-2.13.2.jar:/home/runner/.m2/repository/org/codehaus/woodstox/stax2-api/3.1.4/stax2-api-3.1.4.jar:/home/runner/.m2/repository/com/fasterxml/woodstox/woodstox-core/5.0.3/woodstox-core-5.0.3.jar:/home/runner/.m2/repository/com/fasterxml/jackson/module/jackson-module-jaxb-annotations/2.13.2/jackson-module-jaxb-annotations-2.13.2.jar:/home/runner/.m2/repository/jakarta/xml/bind/jakarta.xml.bind-api/2.3.3/jakarta.xml.bind-api-2.3.3.jar:/home/runner/.m2/repository/jakarta/activation/jakarta.activation-api/1.2.1/jakarta.activation-api-1.2.1.jar:/home/runner/.m2/repository/javax/enterprise/cdi-api/1.2/cdi-api-1.2.jar:/home/runner/.m2/repository/javax/el/javax.el-api/3.0.0/javax.el-api-3.0.0.jar:/home/runner/.m2/repository/javax/interceptor/javax.interceptor-api/1.2/javax.interceptor-api-1.2.jar:/home/runner/.m2/repository/javax/inject/javax.inject/1/javax.inject-1.jar:/home/runner/.m2/repository/javax/xml/bind/jaxb-api/2.3.0/jaxb-api-2.3.0.jar:/home/runner/.m2/repository/org/glassfish/jaxb/jaxb-runtime/2.3.0.1/jaxb-runtime-2.3.0.1.jar:/home/runner/.m2/repository/org/glassfish/jaxb/jaxb-core/2.3.0.1/jaxb-core-2.3.0.1.jar:/home/runner/.m2/repository/org/glassfish/jaxb/txw2/2.3.0.1/txw2-2.3.0.1.jar:/home/runner/.m2/repository/com/sun/istack/istack-commons-runtime/3.0.5/istack-commons-runtime-3.0.5.jar:/home/runner/.m2/repository/org/jvnet/staxex/stax-ex/1.7.8/stax-ex-1.7.8.jar:/home/runner/.m2/repository/com/sun/xml/fastinfoset/FastInfoset/1.2.13/FastInfoset-1.2.13.jar:/home/runner/.m2/repository/javax/activation/activation/1.1.1/activation-1.1.1.jar:/home/runner/.m2/repository/io/grpc/grpc-protobuf/1.48.1/grpc-protobuf-1.48.1.jar:/home/runner/.m2/repository/io/grpc/grpc-api/1.48.1/grpc-api-1.48.1.jar:/home/runner/.m2/repository/io/grpc/grpc-context/1.48.1/grpc-context-1.48.1.jar:/home/runner/.m2/repository/com/google/api/grpc/proto-google-common-protos/2.9.0/proto-google-common-protos-2.9.0.jar:/home/runner/.m2/repository/io/grpc/grpc-protobuf-lite/1.48.1/grpc-protobuf-lite-1.48.1.jar:/home/runner/.m2/repository/io/grpc/grpc-stub/1.48.1/grpc-stub-1.48.1.jar:/home/runner/.m2/repository/io/netty/netty-transport/4.1.79.Final/netty-transport-4.1.79.Final.jar:/home/runner/.m2/repository/io/netty/netty-resolver/4.1.79.Final/netty-resolver-4.1.79.Final.jar:/home/runner/.m2/repository/org/apache/ozone/ozone-csi/1.3.0-SNAPSHOT/ozone-csi-1.3.0-SNAPSHOT.jar:/home/runner/.m2/repository/com/google/protobuf/protobuf-java-util/3.19.2/protobuf-java-util-3.19.2.jar:/home/runner/.m2/repository/com/google/code/gson/gson/2.9.0/gson-2.9.0.jar:/home/runner/.m2/repository/org/apache/ozone/hdds-config/1.3.0-SNAPSHOT/hdds-config-1.3.0-SNAPSHOT.jar:/home/runner/.m2/repository/io/netty/netty-transport-native-epoll/4.1.79.Final/netty-transport-native-epoll-4.1.79.Final-linux-x86_64.jar:/home/runner/.m2/repository/io/netty/netty-transport-classes-epoll/4.1.79.Final/netty-transport-classes-epoll-4.1.79.Final.jar:/home/runner/.m2/repository/io/netty/netty-transport-native-unix-common/4.1.79.Final/netty-transport-native-unix-common-4.1.79.Final.jar:/home/runner/.m2/repository/org/apache/ozone/ozone-recon/1.3.0-SNAPSHOT/ozone-recon-1.3.0-SNAPSHOT.jar:/home/runner/.m2/repository/org/apache/ozone/ozone-reconcodegen/1.3.0-SNAPSHOT/ozone-reconcodegen-1.3.0-SNAPSHOT.jar:/home/runner/.m2/repository/com/google/inject/extensions/guice-multibindings/4.0/guice-multibindings-4.0.jar:/home/runner/.m2/repository/com/google/inject/guice/4.0/guice-4.0.jar:/home/runner/.m2/repository/aopalliance/aopalliance/1.0/aopalliance-1.0.jar:/home/runner/.m2/repository/com/google/inject/extensions/guice-assistedinject/4.0/guice-assistedinject-4.0.jar:/home/runner/.m2/repository/com/google/inject/extensions/guice-servlet/4.0/guice-servlet-4.0.jar:/home/runner/.m2/repository/org/glassfish/jersey/containers/jersey-container-servlet/2.33/jersey-container-servlet-2.33.jar:/home/runner/.m2/repository/org/glassfish/hk2/guice-bridge/2.5.0/guice-bridge-2.5.0.jar:/home/runner/.m2/repository/org/glassfish/jersey/core/jersey-server/2.33/jersey-server-2.33.jar:/home/runner/.m2/repository/org/glassfish/jersey/core/jersey-client/2.33/jersey-client-2.33.jar:/home/runner/.m2/repository/jakarta/annotation/jakarta.annotation-api/1.3.5/jakarta.annotation-api-1.3.5.jar:/home/runner/.m2/repository/jakarta/validation/jakarta.validation-api/2.0.2/jakarta.validation-api-2.0.2.jar:/home/runner/.m2/repository/org/glassfish/jersey/media/jersey-media-json-jackson/2.33/jersey-media-json-jackson-2.33.jar:/home/runner/.m2/repository/org/glassfish/jersey/ext/jersey-entity-filtering/2.33/jersey-entity-filtering-2.33.jar:/home/runner/.m2/repository/org/jooq/jooq/3.11.10/jooq-3.11.10.jar:/home/runner/.m2/repository/org/jooq/jooq-meta/3.11.10/jooq-meta-3.11.10.jar:/home/runner/.m2/repository/org/jooq/jooq-codegen/3.11.10/jooq-codegen-3.11.10.jar:/home/runner/.m2/repository/com/jolbox/bonecp/0.8.0.RELEASE/bonecp-0.8.0.RELEASE.jar:/home/runner/.m2/repository/org/apache/derby/derby/10.14.2.0/derby-10.14.2.0.jar:/home/runner/.m2/repository/org/xerial/sqlite-jdbc/3.25.2/sqlite-jdbc-3.25.2.jar:/home/runner/.m2/repository/org/springframework/spring-jdbc/5.2.20.RELEASE/spring-jdbc-5.2.20.RELEASE.jar:/home/runner/.m2/repository/org/springframework/spring-beans/5.2.20.RELEASE/spring-beans-5.2.20.RELEASE.jar:/home/runner/.m2/repository/org/springframework/spring-core/5.2.20.RELEASE/spring-core-5.2.20.RELEASE.jar:/home/runner/.m2/repository/org/springframework/spring-jcl/5.2.20.RELEASE/spring-jcl-5.2.20.RELEASE.jar:/home/runner/.m2/repository/org/springframework/spring-tx/5.2.20.RELEASE/spring-tx-5.2.20.RELEASE.jar:/home/runner/.m2/repository/org/apache/ozone/ozone-client/1.3.0-SNAPSHOT/ozone-client-1.3.0-SNAPSHOT.jar:/home/runner/.m2/repository/org/apache/ozone/hdds-erasurecode/1.3.0-SNAPSHOT/hdds-erasurecode-1.3.0-SNAPSHOT.jar:/home/runner/.m2/repository/com/github/spotbugs/spotbugs-annotations/3.1.12/spotbugs-annotations-3.1.12.jar:/home/runner/.m2/repository/org/apache/ozone/ozone-filesystem/1.3.0-SNAPSHOT/ozone-filesystem-1.3.0-SNAPSHOT.jar:/home/runner/.m2/repository/org/apache/ozone/ozone-filesystem-common/1.3.0-SNAPSHOT/ozone-filesystem-common-1.3.0-SNAPSHOT.jar:/home/runner/.m2/repository/org/apache/ozone/ozone-tools/1.3.0-SNAPSHOT/ozone-tools-1.3.0-SNAPSHOT.jar:/home/runner/.m2/repository/org/apache/ratis/ratis-tools/2.3.0/ratis-tools-2.3.0.jar:/home/runner/.m2/repository/com/amazonaws/aws-java-sdk-core/1.12.261/aws-java-sdk-core-1.12.261.jar:/home/runner/.m2/repository/org/apache/httpcomponents/httpclient/4.5.13/httpclient-4.5.13.jar:/home/runner/.m2/repository/org/apache/httpcomponents/httpcore/4.4.13/httpcore-4.4.13.jar:/home/runner/.m2/repository/software/amazon/ion/ion-java/1.0.2/ion-java-1.0.2.jar:/home/runner/.m2/repository/com/fasterxml/jackson/dataformat/jackson-dataformat-cbor/2.13.2/jackson-dataformat-cbor-2.13.2.jar:/home/runner/.m2/repository/joda-time/joda-time/2.8.1/joda-time-2.8.1.jar:/home/runner/.m2/repository/com/amazonaws/aws-java-sdk-s3/1.12.261/aws-java-sdk-s3-1.12.261.jar:/home/runner/.m2/repository/com/amazonaws/aws-java-sdk-kms/1.12.261/aws-java-sdk-kms-1.12.261.jar:/home/runner/.m2/repository/com/amazonaws/jmespath-java/1.12.261/jmespath-java-1.12.261.jar:/home/runner/.m2/repository/org/kohsuke/metainf-services/metainf-services/1.8/metainf-services-1.8.jar:/home/runner/.m2/repository/org/apache/ozone/hdds-tools/1.3.0-SNAPSHOT/hdds-tools-1.3.0-SNAPSHOT.jar:/home/runner/.m2/repository/commons-cli/commons-cli/1.2/commons-cli-1.2.jar:/home/runner/.m2/repository/org/apache/commons/commons-lang3/3.7/commons-lang3-3.7.jar:/home/runner/.m2/repository/org/apache/ozone/ozone-manager/1.3.0-SNAPSHOT/ozone-manager-1.3.0-SNAPSHOT-tests.jar:/home/runner/.m2/repository/org/apache/ozone/hdds-common/1.3.0-SNAPSHOT/hdds-common-1.3.0-SNAPSHOT-tests.jar:/home/runner/.m2/repository/org/apache/ozone/hdds-hadoop-dependency-client/1.3.0-SNAPSHOT/hdds-hadoop-dependency-client-1.3.0-SNAPSHOT.jar:/home/runner/.m2/repository/info/picocli/picocli/4.6.1/picocli-4.6.1.jar:/home/runner/.m2/repository/com/fasterxml/jackson/core/jackson-annotations/2.13.2/jackson-annotations-2.13.2.jar:/home/runner/.m2/repository/com/fasterxml/jackson/datatype/jackson-datatype-jsr310/2.13.2/jackson-datatype-jsr310-2.13.2.jar:/home/runner/.m2/repository/javax/annotation/javax.annotation-api/1.2/javax.annotation-api-1.2.jar:/home/runner/.m2/repository/org/apache/ratis/ratis-server/2.3.0/ratis-server-2.3.0.jar:/home/runner/.m2/repository/org/apache/ratis/ratis-client/2.3.0/ratis-client-2.3.0.jar:/home/runner/.m2/repository/org/apache/ratis/ratis-server-api/2.3.0/ratis-server-api-2.3.0.jar:/home/runner/.m2/repository/org/apache/ratis/ratis-metrics/2.3.0/ratis-metrics-2.3.0.jar:/home/runner/.m2/repository/org/apache/ratis/ratis-netty/2.3.0/ratis-netty-2.3.0.jar:/home/runner/.m2/repository/org/apache/ratis/ratis-grpc/2.3.0/ratis-grpc-2.3.0.jar:/home/runner/.m2/repository/org/apache/logging/log4j/log4j-api/2.17.1/log4j-api-2.17.1.jar:/home/runner/.m2/repository/org/apache/commons/commons-pool2/2.6.0/commons-pool2-2.6.0.jar:/home/runner/.m2/repository/org/bouncycastle/bcpkix-jdk15on/1.67/bcpkix-jdk15on-1.67.jar:/home/runner/.m2/repository/commons-validator/commons-validator/1.6/commons-validator-1.6.jar:/home/runner/.m2/repository/commons-beanutils/commons-beanutils/1.9.4/commons-beanutils-1.9.4.jar:/home/runner/.m2/repository/commons-digester/commons-digester/1.8.1/commons-digester-1.8.1.jar:/home/runner/.m2/repository/commons-collections/commons-collections/3.2.2/commons-collections-3.2.2.jar:/home/runner/.m2/repository/io/jaegertracing/jaeger-client/1.6.0/jaeger-client-1.6.0.jar:/home/runner/.m2/repository/io/jaegertracing/jaeger-thrift/1.6.0/jaeger-thrift-1.6.0.jar:/home/runner/.m2/repository/org/apache/thrift/libthrift/0.14.1/libthrift-0.14.1.jar:/home/runner/.m2/repository/com/squareup/okhttp3/okhttp/4.9.0/okhttp-4.9.0.jar:/home/runner/.m2/repository/com/squareup/okio/okio/2.8.0/okio-2.8.0.jar:/home/runner/.m2/repository/io/jaegertracing/jaeger-core/1.6.0/jaeger-core-1.6.0.jar:/home/runner/.m2/repository/io/jaegertracing/jaeger-tracerresolver/1.6.0/jaeger-tracerresolver-1.6.0.jar:/home/runner/.m2/repository/io/opentracing/contrib/opentracing-tracerresolver/0.1.8/opentracing-tracerresolver-0.1.8.jar:/home/runner/.m2/repository/org/jetbrains/kotlin/kotlin-stdlib/1.6.21/kotlin-stdlib-1.6.21.jar:/home/runner/.m2/repository/org/jetbrains/kotlin/kotlin-stdlib-common/1.6.21/kotlin-stdlib-common-1.6.21.jar:/home/runner/.m2/repository/org/jetbrains/annotations/13.0/annotations-13.0.jar:/home/runner/.m2/repository/io/opentracing/opentracing-util/0.33.0/opentracing-util-0.33.0.jar:/home/runner/.m2/repository/io/opentracing/opentracing-api/0.33.0/opentracing-api-0.33.0.jar:/home/runner/.m2/repository/io/opentracing/opentracing-noop/0.33.0/opentracing-noop-0.33.0.jar:/home/runner/.m2/repository/org/yaml/snakeyaml/1.26/snakeyaml-1.26.jar:/home/runner/.m2/repository/org/apache/ozone/hdds-interface-admin/1.3.0-SNAPSHOT/hdds-interface-admin-1.3.0-SNAPSHOT.jar:/home/runner/.m2/repository/junit/junit/4.13.1/junit-4.13.1.jar:/home/runner/.m2/repository/org/hamcrest/hamcrest-core/1.3/hamcrest-core-1.3.jar:/home/runner/.m2/repository/org/junit/jupiter/junit-jupiter-api/5.8.2/junit-jupiter-api-5.8.2.jar:/home/runner/.m2/repository/org/opentest4j/opentest4j/1.2.0/opentest4j-1.2.0.jar:/home/runner/.m2/repository/org/junit/platform/junit-platform-commons/1.8.2/junit-platform-commons-1.8.2.jar:/home/runner/.m2/repository/org/apiguardian/apiguardian-api/1.1.2/apiguardian-api-1.1.2.jar:/home/runner/.m2/repository/org/junit/jupiter/junit-jupiter-params/5.8.2/junit-jupiter-params-5.8.2.jar:/home/runner/.m2/repository/org/junit/jupiter/junit-jupiter-migrationsupport/5.8.2/junit-jupiter-migrationsupport-5.8.2.jar:/home/runner/.m2/repository/org/junit/jupiter/junit-jupiter-engine/5.8.2/junit-jupiter-engine-5.8.2.jar:/home/runner/.m2/repository/org/junit/platform/junit-platform-engine/1.8.2/junit-platform-engine-1.8.2.jar:/home/runner/.m2/repository/org/junit/vintage/junit-vintage-engine/5.8.2/junit-vintage-engine-5.8.2.jar:/home/runner/.m2/repository/org/junit/platform/junit-platform-launcher/1.8.2/junit-platform-launcher-1.8.2.jar:/home/runner/.m2/repository/org/mockito/mockito-core/2.28.2/mockito-core-2.28.2.jar:/home/runner/.m2/repository/net/bytebuddy/byte-buddy/1.9.10/byte-buddy-1.9.10.jar:/home/runner/.m2/repository/net/bytebuddy/byte-buddy-agent/1.9.10/byte-buddy-agent-1.9.10.jar:/home/runner/.m2/repository/org/objenesis/objenesis/1.0/objenesis-1.0.jar:/home/runner/.m2/repository/org/apache/hadoop/hadoop-kms/3.3.1/hadoop-kms-3.3.1.jar:/home/runner/.m2/repository/org/apache/hadoop/hadoop-auth/3.3.1/hadoop-auth-3.3.1.jar:/home/runner/.m2/repository/com/nimbusds/nimbus-jose-jwt/7.9/nimbus-jose-jwt-7.9.jar:/home/runner/.m2/repository/com/github/stephenc/jcip/jcip-annotations/1.0-1/jcip-annotations-1.0-1.jar:/home/runner/.m2/repository/net/minidev/json-smart/2.4.7/json-smart-2.4.7.jar:/home/runner/.m2/repository/net/minidev/accessors-smart/2.4.7/accessors-smart-2.4.7.jar:/home/runner/.m2/repository/org/ow2/asm/asm/5.0.4/asm-5.0.4.jar:/home/runner/.m2/repository/org/apache/zookeeper/zookeeper/3.5.6/zookeeper-3.5.6.jar:/home/runner/.m2/repository/org/apache/zookeeper/zookeeper-jute/3.5.6/zookeeper-jute-3.5.6.jar:/home/runner/.m2/repository/org/apache/yetus/audience-annotations/0.5.0/audience-annotations-0.5.0.jar:/home/runner/.m2/repository/org/apache/curator/curator-framework/4.2.0/curator-framework-4.2.0.jar:/home/runner/.m2/repository/org/apache/hadoop/thirdparty/hadoop-shaded-guava/1.1.1/hadoop-shaded-guava-1.1.1.jar:/home/runner/.m2/repository/com/sun/jersey/jersey-core/1.19/jersey-core-1.19.jar:/home/runner/.m2/repository/javax/ws/rs/jsr311-api/1.1.1/jsr311-api-1.1.1.jar:/home/runner/.m2/repository/com/sun/jersey/jersey-server/1.19/jersey-server-1.19.jar:/home/runner/.m2/repository/javax/servlet/javax.servlet-api/3.1.0/javax.servlet-api-3.1.0.jar:/home/runner/.m2/repository/org/eclipse/jetty/jetty-server/9.4.43.v20210629/jetty-server-9.4.43.v20210629.jar:/home/runner/.m2/repository/org/eclipse/jetty/jetty-http/9.4.43.v20210629/jetty-http-9.4.43.v20210629.jar:/home/runner/.m2/repository/org/eclipse/jetty/jetty-io/9.4.43.v20210629/jetty-io-9.4.43.v20210629.jar:/home/runner/.m2/repository/org/eclipse/jetty/jetty-webapp/9.4.43.v20210629/jetty-webapp-9.4.43.v20210629.jar:/home/runner/.m2/repository/org/eclipse/jetty/jetty-xml/9.4.43.v20210629/jetty-xml-9.4.43.v20210629.jar:/home/runner/.m2/repository/org/apache/hadoop/hadoop-common/3.3.1/hadoop-common-3.3.1.jar:/home/runner/.m2/repository/org/apache/commons/commons-math3/3.1.1/commons-math3-3.1.1.jar:/home/runner/.m2/repository/commons-net/commons-net/3.6/commons-net-3.6.jar:/home/runner/.m2/repository/com/sun/jersey/jersey-servlet/1.19/jersey-servlet-1.19.jar:/home/runner/.m2/repository/com/sun/jersey/jersey-json/1.19/jersey-json-1.19.jar:/home/runner/.m2/repository/org/codehaus/jettison/jettison/1.1/jettison-1.1.jar:/home/runner/.m2/repository/com/sun/xml/bind/jaxb-impl/2.2.3-1/jaxb-impl-2.2.3-1.jar:/home/runner/.m2/repository/org/codehaus/jackson/jackson-xc/1.9.2/jackson-xc-1.9.2.jar:/home/runner/.m2/repository/org/apache/commons/commons-configuration2/2.1.1/commons-configuration2-2.1.1.jar:/home/runner/.m2/repository/org/apache/commons/commons-text/1.4/commons-text-1.4.jar:/home/runner/.m2/repository/com/google/re2j/re2j/1.1/re2j-1.1.jar:/home/runner/.m2/repository/com/jcraft/jsch/0.1.54/jsch-0.1.54.jar:/home/runner/.m2/repository/org/apache/curator/curator-client/4.2.0/curator-client-4.2.0.jar:/home/runner/.m2/repository/org/apache/curator/curator-recipes/4.2.0/curator-recipes-4.2.0.jar:/home/runner/.m2/repository/org/apache/kerby/kerb-core/1.0.1/kerb-core-1.0.1.jar:/home/runner/.m2/repository/org/apache/kerby/kerby-pkix/1.0.1/kerby-pkix-1.0.1.jar:/home/runner/.m2/repository/org/apache/kerby/kerby-asn1/1.0.1/kerby-asn1-1.0.1.jar:/home/runner/.m2/repository/org/apache/kerby/kerby-util/1.0.1/kerby-util-1.0.1.jar:/home/runner/.m2/repository/dnsjava/dnsjava/2.1.7/dnsjava-2.1.7.jar:/home/runner/.m2/repository/org/xerial/snappy/snappy-java/1.1.8.2/snappy-java-1.1.8.2.jar:/home/runner/.m2/repository/org/slf4j/jul-to-slf4j/1.7.30/jul-to-slf4j-1.7.30.jar:/home/runner/.m2/repository/org/eclipse/jetty/jetty-util/9.4.43.v20210629/jetty-util-9.4.43.v20210629.jar:/home/runner/.m2/repository/com/fasterxml/jackson/core/jackson-databind/2.13.2.2/jackson-databind-2.13.2.2.jar:/home/runner/.m2/repository/org/apache/hadoop/hadoop-kms/3.3.1/hadoop-kms-3.3.1-tests.jar:/home/runner/.m2/repository/org/apache/ozone/hdds-server-scm/1.3.0-SNAPSHOT/hdds-server-scm-1.3.0-SNAPSHOT-tests.jar:/home/runner/.m2/repository/org/apache/ozone/hdds-container-service/1.3.0-SNAPSHOT/hdds-container-service-1.3.0-SNAPSHOT-tests.jar:/home/runner/.m2/repository/commons-codec/commons-codec/1.11/commons-codec-1.11.jar:/home/runner/.m2/repository/io/netty/netty-codec/4.1.79.Final/netty-codec-4.1.79.Final.jar:/home/runner/.m2/repository/io/netty/netty-handler/4.1.79.Final/netty-handler-4.1.79.Final.jar:/home/runner/.m2/repository/org/apache/ozone/hdds-hadoop-dependency-test/1.3.0-SNAPSHOT/hdds-hadoop-dependency-test-1.3.0-SNAPSHOT.jar:/home/runner/.m2/repository/org/apache/hadoop/hadoop-common/3.3.1/hadoop-common-3.3.1-tests.jar:/home/runner/.m2/repository/org/assertj/assertj-core/3.12.2/assertj-core-3.12.2.jar:/home/runner/.m2/repository/org/apache/hadoop/hadoop-hdfs/3.3.1/hadoop-hdfs-3.3.1-tests.jar:/home/runner/.m2/repository/org/eclipse/jetty/jetty-util-ajax/9.4.43.v20210629/jetty-util-ajax-9.4.43.v20210629.jar:/home/runner/.m2/repository/commons-daemon/commons-daemon/1.0.13/commons-daemon-1.0.13.jar:/home/runner/.m2/repository/io/netty/netty/3.10.6.Final/netty-3.10.6.Final.jar:/home/runner/.m2/repository/io/netty/netty-all/4.1.79.Final/netty-all-4.1.79.Final.jar:/home/runner/.m2/repository/io/netty/netty-codec-dns/4.1.79.Final/netty-codec-dns-4.1.79.Final.jar:/home/runner/.m2/repository/io/netty/netty-codec-haproxy/4.1.79.Final/netty-codec-haproxy-4.1.79.Final.jar:/home/runner/.m2/repository/io/netty/netty-codec-memcache/4.1.79.Final/netty-codec-memcache-4.1.79.Final.jar:/home/runner/.m2/repository/io/netty/netty-codec-mqtt/4.1.79.Final/netty-codec-mqtt-4.1.79.Final.jar:/home/runner/.m2/repository/io/netty/netty-codec-redis/4.1.79.Final/netty-codec-redis-4.1.79.Final.jar:/home/runner/.m2/repository/io/netty/netty-codec-smtp/4.1.79.Final/netty-codec-smtp-4.1.79.Final.jar:/home/runner/.m2/repository/io/netty/netty-codec-stomp/4.1.79.Final/netty-codec-stomp-4.1.79.Final.jar:/home/runner/.m2/repository/io/netty/netty-codec-xml/4.1.79.Final/netty-codec-xml-4.1.79.Final.jar:/home/runner/.m2/repository/io/netty/netty-resolver-dns/4.1.79.Final/netty-resolver-dns-4.1.79.Final.jar:/home/runner/.m2/repository/io/netty/netty-transport-rxtx/4.1.79.Final/netty-transport-rxtx-4.1.79.Final.jar:/home/runner/.m2/repository/io/netty/netty-transport-sctp/4.1.79.Final/netty-transport-sctp-4.1.79.Final.jar:/home/runner/.m2/repository/io/netty/netty-transport-udt/4.1.79.Final/netty-transport-udt-4.1.79.Final.jar:/home/runner/.m2/repository/io/netty/netty-transport-classes-kqueue/4.1.79.Final/netty-transport-classes-kqueue-4.1.79.Final.jar:/home/runner/.m2/repository/io/netty/netty-resolver-dns-classes-macos/4.1.79.Final/netty-resolver-dns-classes-macos-4.1.79.Final.jar:/home/runner/.m2/repository/io/netty/netty-transport-native-epoll/4.1.79.Final/netty-transport-native-epoll-4.1.79.Final-linux-aarch_64.jar:/home/runner/.m2/repository/io/netty/netty-transport-native-kqueue/4.1.79.Final/netty-transport-native-kqueue-4.1.79.Final-osx-x86_64.jar:/home/runner/.m2/repository/io/netty/netty-transport-native-kqueue/4.1.79.Final/netty-transport-native-kqueue-4.1.79.Final-osx-aarch_64.jar:/home/runner/.m2/repository/io/netty/netty-resolver-dns-native-macos/4.1.79.Final/netty-resolver-dns-native-macos-4.1.79.Final-osx-x86_64.jar:/home/runner/.m2/repository/io/netty/netty-resolver-dns-native-macos/4.1.79.Final/netty-resolver-dns-native-macos-4.1.79.Final-osx-aarch_64.jar:/home/runner/.m2/repository/org/apache/htrace/htrace-core4/4.1.0-incubating/htrace-core4-4.1.0-incubating.jar:/home/runner/.m2/repository/org/fusesource/leveldbjni/leveldbjni-all/1.8/leveldbjni-all-1.8.jar:/home/runner/.m2/repository/org/apache/hadoop/hadoop-distcp/3.3.1/hadoop-distcp-3.3.1.jar:/home/runner/.m2/repository/org/apache/hadoop/hadoop-mapreduce-client-jobclient/3.3.1/hadoop-mapreduce-client-jobclient-3.3.1.jar:/home/runner/.m2/repository/org/apache/hadoop/hadoop-mapreduce-client-common/3.3.1/hadoop-mapreduce-client-common-3.3.1.jar:/home/runner/.m2/repository/org/apache/hadoop/hadoop-yarn-common/3.3.1/hadoop-yarn-common-3.3.1.jar:/home/runner/.m2/repository/org/apache/hadoop/hadoop-yarn-api/3.3.1/hadoop-yarn-api-3.3.1.jar:/home/runner/.m2/repository/com/sun/jersey/contribs/jersey-guice/1.19/jersey-guice-1.19.jar:/home/runner/.m2/repository/com/fasterxml/jackson/jaxrs/jackson-jaxrs-json-provider/2.13.2/jackson-jaxrs-json-provider-2.13.2.jar:/home/runner/.m2/repository/com/fasterxml/jackson/jaxrs/jackson-jaxrs-base/2.13.2/jackson-jaxrs-base-2.13.2.jar:/home/runner/.m2/repository/org/apache/hadoop/hadoop-yarn-client/3.3.1/hadoop-yarn-client-3.3.1.jar:/home/runner/.m2/repository/org/eclipse/jetty/websocket/websocket-client/9.4.40.v20210413/websocket-client-9.4.40.v20210413.jar:/home/runner/.m2/repository/org/eclipse/jetty/websocket/websocket-common/9.4.40.v20210413/websocket-common-9.4.40.v20210413.jar:/home/runner/.m2/repository/org/eclipse/jetty/websocket/websocket-api/9.4.40.v20210413/websocket-api-9.4.40.v20210413.jar:/home/runner/.m2/repository/org/jline/jline/3.9.0/jline-3.9.0.jar:/home/runner/.m2/repository/org/apache/hadoop/hadoop-mapreduce-client-core/3.3.1/hadoop-mapreduce-client-core-3.3.1.jar:/home/runner/.m2/repository/org/apache/avro/avro/1.7.7/avro-1.7.7.jar:/home/runner/.m2/repository/org/codehaus/jackson/jackson-core-asl/1.9.13/jackson-core-asl-1.9.13.jar:/home/runner/.m2/repository/org/codehaus/jackson/jackson-mapper-asl/1.9.13/jackson-mapper-asl-1.9.13.jar:/home/runner/.m2/repository/com/thoughtworks/paranamer/paranamer/2.3/paranamer-2.3.jar:/home/runner/.m2/repository/org/apache/hadoop/hadoop-annotations/3.3.1/hadoop-annotations-3.3.1.jar:/usr/lib/jvm/temurin-8-jdk-amd64/jre/../lib/tools.jar:/home/runner/.m2/repository/org/apache/hadoop/hadoop-distcp/3.3.1/hadoop-distcp-3.3.1-tests.jar:/home/runner/.m2/repository/org/apache/ratis/ratis-common/2.3.0/ratis-common-2.3.0.jar:/home/runner/.m2/repository/org/apache/ratis/ratis-thirdparty-misc/1.0.0/ratis-thirdparty-misc-1.0.0.jar:/home/runner/.m2/repository/org/apache/ratis/ratis-proto/2.3.0/ratis-proto-2.3.0.jar:/home/runner/.m2/repository/org/apache/ozone/ozone-annotation-processing/1.3.0-SNAPSHOT/ozone-annotation-processing-1.3.0-SNAPSHOT.jar:"/>
    <property name="sun.cpu.endian" value="little"/>
    <property name="user.home" value="/home/runner"/>
    <property name="user.language" value="en"/>
    <property name="java.specification.vendor" value="Oracle Corporation"/>
    <property name="java.home" value="/usr/lib/jvm/temurin-8-jdk-amd64/jre"/>
    <property name="java.security.krb5.conf" value="/home/runner/work/ozone/ozone/hadoop-ozone/integration-test/target/test-classes/krb5.conf"/>
    <property name="basedir" value="/home/runner/work/ozone/ozone/hadoop-ozone/integration-test"/>
    <property name="file.separator" value="/"/>
    <property name="line.separator" value="&#10;"/>
    <property name="java.vm.specification.vendor" value="Oracle Corporation"/>
    <property name="java.specification.name" value="Java Platform API Specification"/>
    <property name="java.awt.graphicsenv" value="sun.awt.X11GraphicsEnvironment"/>
    <property name="skip.installnpx" value="true"/>
    <property name="surefire.real.class.path" value="/home/runner/work/ozone/ozone/hadoop-ozone/integration-test/target/surefire/surefirebooter7300176587315699925.jar:/home/runner/.m2/repository/org/jacoco/org.jacoco.agent/0.8.5/org.jacoco.agent-0.8.5-runtime.jar"/>
    <property name="hadoop.log.dir" value="/home/runner/work/ozone/ozone/hadoop-ozone/integration-test/target/log"/>
    <property name="sun.boot.class.path" value="/usr/lib/jvm/temurin-8-jdk-amd64/jre/lib/resources.jar:/usr/lib/jvm/temurin-8-jdk-amd64/jre/lib/rt.jar:/usr/lib/jvm/temurin-8-jdk-amd64/jre/lib/sunrsasign.jar:/usr/lib/jvm/temurin-8-jdk-amd64/jre/lib/jsse.jar:/usr/lib/jvm/temurin-8-jdk-amd64/jre/lib/jce.jar:/usr/lib/jvm/temurin-8-jdk-amd64/jre/lib/charsets.jar:/usr/lib/jvm/temurin-8-jdk-amd64/jre/lib/jfr.jar:/usr/lib/jvm/temurin-8-jdk-amd64/jre/classes"/>
    <property name="sun.management.compiler" value="HotSpot 64-Bit Tiered Compilers"/>
    <property name="skip.npx" value="true"/>
    <property name="java.runtime.version" value="1.8.0_332-b09"/>
    <property name="java.net.preferIPv4Stack" value="true"/>
    <property name="user.name" value="runner"/>
    <property name="path.separator" value=":"/>
    <property name="java.security.egd" value="file:///dev/urandom"/>
    <property name="os.version" value="5.4.0-1086-azure"/>
    <property name="java.endorsed.dirs" value="/usr/lib/jvm/temurin-8-jdk-amd64/jre/lib/endorsed"/>
    <property name="java.runtime.name" value="OpenJDK Runtime Environment"/>
    <property name="file.encoding" value="UTF-8"/>
    <property name="java.vm.name" value="OpenJDK 64-Bit Server VM"/>
    <property name="test.build.webapps" value=""/>
    <property name="localRepository" value="/home/runner/.m2/repository"/>
    <property name="jetty.git.hash" value="526006ecfa3af7f1a27ef3a288e2bef7ea9dd7e8"/>
    <property name="java.vendor.url.bug" value="https://github.com/adoptium/adoptium-support/issues"/>
    <property name="java.io.tmpdir" value="/tmp"/>
    <property name="require.test.libhadoop" value=""/>
    <property name="java.version" value="1.8.0_332"/>
    <property name="user.dir" value="/home/runner/work/ozone/ozone/hadoop-ozone/integration-test"/>
    <property name="os.arch" value="amd64"/>
    <property name="java.vm.specification.name" value="Java Virtual Machine Specification"/>
    <property name="test.build.classes" value="/home/runner/work/ozone/ozone/hadoop-ozone/integration-test/target/test-classes"/>
    <property name="java.awt.printerjob" value="sun.print.PSPrinterJob"/>
    <property name="sun.os.patch.level" value="unknown"/>
    <property name="hadoop.tmp.dir" value="/home/runner/work/ozone/ozone/hadoop-ozone/integration-test/target/tmp"/>
    <property name="java.library.path" value="/usr/java/packages/lib/amd64:/usr/lib64:/lib64:/lib:/usr/lib"/>
    <property name="java.vm.info" value="mixed mode"/>
    <property name="java.vendor" value="Temurin"/>
    <property name="java.vm.version" value="25.332-b09"/>
    <property name="java.ext.dirs" value="/usr/lib/jvm/temurin-8-jdk-amd64/jre/lib/ext:/usr/java/packages/lib/ext"/>
    <property name="sun.io.unicode.encoding" value="UnicodeLittle"/>
    <property name="java.class.version" value="52.0"/>
  </properties>
  <testcase name="testRenameDir" classname="TestRootedOzoneFileSystemWithFSO" time="0.345">
    <system-out><![CDATA[2022-08-20 07:51:29,899 [main] WARN  server.ServerUtils (ServerUtils.java:getScmDbDir(148)) - ozone.scm.db.dirs is not configured. We recommend adding this setting. Falling back to ozone.metadata.dirs instead.
2022-08-20 07:51:29,986 [main] WARN  server.ServerUtils (ServerUtils.java:getScmDbDir(148)) - ozone.scm.db.dirs is not configured. We recommend adding this setting. Falling back to ozone.metadata.dirs instead.
2022-08-20 07:51:29,989 [main] INFO  ha.SCMHANodeDetails (SCMHANodeDetails.java:loadSCMHAConfig(209)) - ServiceID for StorageContainerManager is null
2022-08-20 07:51:30,000 [main] WARN  ha.SCMHANodeDetails (SCMHANodeDetails.java:validateSCMHAConfig(182)) - Invalid config ozone.scm.ratis.enable. The config was not specified, but the default value true conflicts with the expected config value false. Falling back to the expected value. Current State of SCM: SCM is running in Non-HA without Ratis Ratis SCM -> Non Ratis SCM or Non HA SCM -> HA SCM is not supported
2022-08-20 07:51:30,000 [main] INFO  ha.SCMHANodeDetails (SCMHANodeDetails.java:loadSCMHAConfig(214)) - ozone.scm.default.service.id is not defined, falling back to ozone.scm.service.ids to find serviceID for StorageContainerManager if it is HA enabled cluster
2022-08-20 07:51:30,528 [main] WARN  utils.HAUtils (HAUtils.java:getMetaDir(342)) - ozone.scm.db.dirs is not configured. We recommend adding this setting. Falling back to ozone.metadata.dirs instead.
2022-08-20 07:51:30,720 [main] WARN  db.DBStoreBuilder (DBStoreBuilder.java:applyDBDefinition(143)) - ozone.scm.db.dirs is not configured. We recommend adding this setting. Falling back to ozone.metadata.dirs instead.
2022-08-20 07:51:30,918 [main] INFO  net.NodeSchemaLoader (NodeSchemaLoader.java:loadSchemaFromFile(129)) - Loading schema from [jar:file:/home/runner/.m2/repository/org/apache/ozone/hdds-common/1.3.0-SNAPSHOT/hdds-common-1.3.0-SNAPSHOT.jar!/network-topology-default.xml]
2022-08-20 07:51:30,920 [main] INFO  net.NodeSchemaLoader (NodeSchemaLoader.java:loadSchema(176)) - Loading network topology layer schema file
2022-08-20 07:51:30,956 [main] INFO  metrics.MetricRegistries (MetricRegistriesLoader.java:load(64)) - Loaded MetricRegistries class org.apache.ratis.metrics.impl.MetricRegistriesImpl
2022-08-20 07:51:30,963 [main] INFO  upgrade.AbstractLayoutVersionManager (AbstractLayoutVersionManager.java:init(83)) - Initializing Layout version manager with metadata layout = DATANODE_SCHEMA_V3 (version = 4), software layout = DATANODE_SCHEMA_V3 (version = 4)
2022-08-20 07:51:31,137 [main] INFO  reflections.Reflections (Reflections.java:scan(232)) - Reflections took 114 ms to scan 7 urls, producing 133 keys and 322 values 
2022-08-20 07:51:31,225 [main] INFO  ha.SequenceIdGenerator (SequenceIdGenerator.java:upgradeToSequenceId(349)) - upgrade localId to 109611004723200000
2022-08-20 07:51:31,226 [main] INFO  ha.SequenceIdGenerator (SequenceIdGenerator.java:upgradeToSequenceId(359)) - upgrade delTxnId to 0
2022-08-20 07:51:31,229 [main] INFO  ha.SequenceIdGenerator (SequenceIdGenerator.java:upgradeToSequenceId(376)) - upgrade containerId to 0
2022-08-20 07:51:31,231 [main] INFO  ha.SequenceIdGenerator (SequenceIdGenerator.java:<init>(220)) - Init the HA SequenceIdGenerator.
2022-08-20 07:51:31,266 [main] WARN  server.ServerUtils (ServerUtils.java:sanitizeUserArgs(73)) - ozone.scm.stale.node.interval value = 300000 is larger than max = 100000 based on the key value of ozone.scm.heartbeat.thread.interval, reset to the max value 100000.
2022-08-20 07:51:31,267 [main] WARN  server.ServerUtils (ServerUtils.java:sanitizeUserArgs(73)) - ozone.scm.stale.node.interval value = 300000 is larger than max = 100000 based on the key value of ozone.scm.heartbeat.thread.interval, reset to the max value 100000.
2022-08-20 07:51:31,273 [main] INFO  node.SCMNodeManager (SCMNodeManager.java:<init>(149)) - Entering startup safe mode.
2022-08-20 07:51:31,285 [main] INFO  algorithms.ContainerPlacementPolicyFactory (ContainerPlacementPolicyFactory.java:getPolicyInternal(86)) - Create container placement policy of type org.apache.hadoop.hdds.scm.container.placement.algorithms.SCMContainerPlacementRandom
2022-08-20 07:51:31,287 [main] INFO  algorithms.ContainerPlacementPolicyFactory (ContainerPlacementPolicyFactory.java:getPolicyInternal(86)) - Create container placement policy of type org.apache.hadoop.hdds.scm.container.placement.algorithms.SCMContainerPlacementRackScatter
2022-08-20 07:51:31,295 [main] INFO  pipeline.PipelineStateManagerImpl (PipelineStateManagerImpl.java:initialize(78)) - No pipeline exists in current db
2022-08-20 07:51:31,334 [main] INFO  algorithms.LeaderChoosePolicyFactory (LeaderChoosePolicyFactory.java:getPolicy(57)) - Create leader choose policy of type org.apache.hadoop.hdds.scm.pipeline.leader.choose.algorithms.MinLeaderCountChoosePolicy
2022-08-20 07:51:31,334 [main] INFO  algorithms.ContainerPlacementPolicyFactory (ContainerPlacementPolicyFactory.java:getPolicyInternal(86)) - Create container placement policy of type org.apache.hadoop.hdds.scm.container.placement.algorithms.SCMContainerPlacementRackScatter
2022-08-20 07:51:31,340 [main] INFO  ha.SCMServiceManager (SCMServiceManager.java:register(42)) - Registering service BackgroundPipelineCreator.
2022-08-20 07:51:31,340 [main] INFO  pipeline.BackgroundPipelineCreator (BackgroundPipelineCreator.java:start(124)) - Starting RatisPipelineUtilsThread.
2022-08-20 07:51:31,344 [main] INFO  BackgroundPipelineScrubber (BackgroundSCMService.java:start(68)) - Starting BackgroundPipelineScrubber Service.
2022-08-20 07:51:31,346 [main] INFO  ha.SCMServiceManager (SCMServiceManager.java:register(42)) - Registering service BackgroundPipelineScrubber.
2022-08-20 07:51:31,352 [main] INFO  ExpiredContainerReplicaOpScrubber (BackgroundSCMService.java:start(68)) - Starting ExpiredContainerReplicaOpScrubber Service.
2022-08-20 07:51:31,354 [main] INFO  ha.SCMServiceManager (SCMServiceManager.java:register(42)) - Registering service ExpiredContainerReplicaOpScrubber.
2022-08-20 07:51:31,380 [main] INFO  algorithms.PipelineChoosePolicyFactory (PipelineChoosePolicyFactory.java:createPipelineChoosePolicyFromClass(73)) - Create pipeline choose policy of type org.apache.hadoop.hdds.scm.pipeline.choose.algorithms.RandomPipelineChoosePolicy
2022-08-20 07:51:31,396 [main] INFO  ha.SCMServiceManager (SCMServiceManager.java:register(42)) - Registering service SCMBlockDeletingService.
2022-08-20 07:51:31,430 [main] INFO  replication.ReplicationManager (ReplicationManager.java:start(206)) - Starting Replication Monitor Thread.
2022-08-20 07:51:31,439 [main] INFO  UnderReplicatedQueueThread (BackgroundSCMService.java:start(68)) - Starting UnderReplicatedQueueThread Service.
2022-08-20 07:51:31,440 [ReplicationMonitor] INFO  replication.ReplicationManager (ReplicationManager.java:processAll(255)) - Replication Manager is not ready to run until 3000ms after safemode exit
2022-08-20 07:51:31,442 [main] INFO  ha.SCMServiceManager (SCMServiceManager.java:register(42)) - Registering service UnderReplicatedQueueThread.
2022-08-20 07:51:31,443 [main] INFO  OverReplicatedQueueThread (BackgroundSCMService.java:start(68)) - Starting OverReplicatedQueueThread Service.
2022-08-20 07:51:31,443 [main] INFO  ha.SCMServiceManager (SCMServiceManager.java:register(42)) - Registering service OverReplicatedQueueThread.
2022-08-20 07:51:31,444 [main] INFO  ha.SCMServiceManager (SCMServiceManager.java:register(42)) - Registering service ReplicationManager.
2022-08-20 07:51:31,451 [main] INFO  safemode.ContainerSafeModeRule (ContainerSafeModeRule.java:<init>(89)) - containers with one replica threshold count 0
2022-08-20 07:51:31,455 [main] INFO  safemode.HealthyPipelineSafeModeRule (HealthyPipelineSafeModeRule.java:initializeRule(169)) - Total pipeline count is 0, healthy pipeline threshold count is 1
2022-08-20 07:51:31,457 [main] INFO  safemode.OneReplicaPipelineSafeModeRule (OneReplicaPipelineSafeModeRule.java:initializeRule(180)) - Total pipeline count is 0, pipeline's with at least one datanode reported threshold count is 0
2022-08-20 07:51:31,723 [main] INFO  audit.AuditLogger (AuditLogger.java:refreshDebugCmdSet(126)) - Refresh DebugCmdSet for SCMAudit to [].
2022-08-20 07:51:31,753 [main] INFO  ipc.CallQueueManager (CallQueueManager.java:<init>(90)) - Using callQueue: class java.util.concurrent.LinkedBlockingQueue, queueCapacity: 2000, scheduler: class org.apache.hadoop.ipc.DefaultRpcScheduler, ipcBackoff: false.
2022-08-20 07:51:31,792 [Socket Reader #1 for port 0] INFO  ipc.Server (Server.java:run(1265)) - Starting Socket Reader #1 for port 0
2022-08-20 07:51:31,842 [Listener at 0.0.0.0/33787] INFO  audit.AuditLogger (AuditLogger.java:refreshDebugCmdSet(126)) - Refresh DebugCmdSet for SCMAudit to [].
2022-08-20 07:51:31,848 [Listener at 0.0.0.0/33787] INFO  ipc.CallQueueManager (CallQueueManager.java:<init>(90)) - Using callQueue: class java.util.concurrent.LinkedBlockingQueue, queueCapacity: 2000, scheduler: class org.apache.hadoop.ipc.DefaultRpcScheduler, ipcBackoff: false.
2022-08-20 07:51:31,852 [Socket Reader #1 for port 0] INFO  ipc.Server (Server.java:run(1265)) - Starting Socket Reader #1 for port 0
2022-08-20 07:51:31,878 [Listener at 0.0.0.0/46265] INFO  audit.AuditLogger (AuditLogger.java:refreshDebugCmdSet(126)) - Refresh DebugCmdSet for SCMAudit to [].
2022-08-20 07:51:31,889 [Listener at 0.0.0.0/46265] INFO  ipc.CallQueueManager (CallQueueManager.java:<init>(90)) - Using callQueue: class java.util.concurrent.LinkedBlockingQueue, queueCapacity: 2000, scheduler: class org.apache.hadoop.ipc.DefaultRpcScheduler, ipcBackoff: false.
2022-08-20 07:51:31,891 [Socket Reader #1 for port 0] INFO  ipc.Server (Server.java:run(1265)) - Starting Socket Reader #1 for port 0
2022-08-20 07:51:31,943 [Listener at 0.0.0.0/39871] INFO  ha.SCMServiceManager (SCMServiceManager.java:register(42)) - Registering service ContainerBalancer.
2022-08-20 07:51:31,944 [Listener at 0.0.0.0/39871] INFO  server.StorageContainerManager (StorageContainerManager.java:<init>(406)) - 
Container Balancer status:
Key                            Value
Running                        false
Container Balancer Configuration values:
Key                                                Value
Threshold                                          10
Max Datanodes to Involve per Iteration(percent)    20
Max Size to Move per Iteration                     500GB
Max Size Entering Target per Iteration             26GB
Max Size Leaving Source per Iteration              26GB

2022-08-20 07:51:31,944 [Listener at 0.0.0.0/39871] WARN  events.EventQueue (EventQueue.java:fireEvent(216)) - No event handler registered for event TypedEvent{payloadType=SafeModeStatus, name='Safe mode status'}
2022-08-20 07:51:31,944 [Listener at 0.0.0.0/39871] INFO  ha.SCMContext (SCMContext.java:updateSafeModeStatus(228)) - Update SafeModeStatus from SafeModeStatus{safeModeStatus=true, preCheckPassed=false} to SafeModeStatus{safeModeStatus=true, preCheckPassed=false}.
2022-08-20 07:51:31,947 [Listener at 0.0.0.0/39871] INFO  server.StorageContainerManager (StorageContainerManager.java:start(1460)) - StorageContainerLocationProtocol RPC server is listening at /0.0.0.0:39871
2022-08-20 07:51:32,024 [Listener at 0.0.0.0/39871] WARN  impl.MetricsConfig (MetricsConfig.java:loadFirst(136)) - Cannot locate configuration: tried hadoop-metrics2-storagecontainermanager.properties,hadoop-metrics2.properties
2022-08-20 07:51:32,037 [Listener at 0.0.0.0/39871] INFO  impl.MetricsSystemImpl (MetricsSystemImpl.java:startTimer(378)) - Scheduled Metric snapshot period at 10 second(s).
2022-08-20 07:51:32,037 [Listener at 0.0.0.0/39871] INFO  impl.MetricsSystemImpl (MetricsSystemImpl.java:start(191)) - StorageContainerManager metrics system started
2022-08-20 07:51:32,334 [Listener at 0.0.0.0/39871] INFO  server.SCMClientProtocolServer (SCMClientProtocolServer.java:start(170)) - RPC server for Client  is listening at /0.0.0.0:39871
2022-08-20 07:51:32,338 [IPC Server Responder] INFO  ipc.Server (Server.java:run(1507)) - IPC Server Responder: starting
2022-08-20 07:51:32,339 [IPC Server listener on 0] INFO  ipc.Server (Server.java:run(1344)) - IPC Server listener on 0: starting
2022-08-20 07:51:32,347 [Listener at 0.0.0.0/39871] INFO  server.StorageContainerManager (StorageContainerManager.java:start(1475)) - ScmBlockLocationProtocol RPC server is listening at /0.0.0.0:46265
2022-08-20 07:51:32,347 [Listener at 0.0.0.0/39871] INFO  server.SCMBlockProtocolServer (SCMBlockProtocolServer.java:start(152)) - RPC server for Block Protocol is listening at /0.0.0.0:46265
2022-08-20 07:51:32,348 [IPC Server Responder] INFO  ipc.Server (Server.java:run(1507)) - IPC Server Responder: starting
2022-08-20 07:51:32,348 [IPC Server listener on 0] INFO  ipc.Server (Server.java:run(1344)) - IPC Server listener on 0: starting
2022-08-20 07:51:32,351 [Listener at 0.0.0.0/39871] INFO  server.SCMDatanodeProtocolServer (SCMDatanodeProtocolServer.java:start(186)) - ScmDatanodeProtocol RPC server for DataNodes is listening at /0.0.0.0:33787
2022-08-20 07:51:32,352 [IPC Server Responder] INFO  ipc.Server (Server.java:run(1507)) - IPC Server Responder: starting
2022-08-20 07:51:32,352 [IPC Server listener on 0] INFO  ipc.Server (Server.java:run(1344)) - IPC Server listener on 0: starting
2022-08-20 07:51:32,375 [org.apache.hadoop.util.JvmPauseMonitor$Monitor@3eb641a8] INFO  util.JvmPauseMonitor (JvmPauseMonitor.java:run(188)) - Starting JVM pause monitor
2022-08-20 07:51:32,383 [Listener at 0.0.0.0/39871] INFO  http.BaseHttpServer (BaseHttpServer.java:newHttpServer2BuilderForOzone(209)) - Starting Web-server for scm at: http://0.0.0.0:0
2022-08-20 07:51:32,383 [Listener at 0.0.0.0/39871] INFO  http.BaseHttpServer (BaseHttpServer.java:<init>(107)) - Hadoop Security Enabled: false Ozone Security Enabled: false Ozone HTTP Security Enabled: false 
2022-08-20 07:51:32,409 [Listener at 0.0.0.0/39871] INFO  util.log (Log.java:initialized(170)) - Logging initialized @4050ms to org.eclipse.jetty.util.log.Slf4jLog
2022-08-20 07:51:32,510 [Listener at 0.0.0.0/39871] INFO  server.AuthenticationFilter (AuthenticationFilter.java:constructSecretProvider(240)) - Unable to initialize FileSignerSecretProvider, falling back to use random secrets.
2022-08-20 07:51:32,515 [Listener at 0.0.0.0/39871] WARN  http.HttpRequestLog (HttpRequestLog.java:getRequestLog(103)) - Jetty request log can only be enabled using Log4j
2022-08-20 07:51:32,522 [Listener at 0.0.0.0/39871] INFO  http.HttpServer2 (HttpServer2.java:addGlobalFilter(1029)) - Added global filter 'safety' (class=org.apache.hadoop.hdds.server.http.HttpServer2$QuotingInputFilter)
2022-08-20 07:51:32,524 [Listener at 0.0.0.0/39871] INFO  http.HttpServer2 (HttpServer2.java:addFilter(1005)) - Added filter static_user_filter (class=org.apache.hadoop.http.lib.StaticUserWebFilter$StaticUserFilter) to context scm
2022-08-20 07:51:32,524 [Listener at 0.0.0.0/39871] INFO  http.HttpServer2 (HttpServer2.java:addFilter(1013)) - Added filter static_user_filter (class=org.apache.hadoop.http.lib.StaticUserWebFilter$StaticUserFilter) to context static
2022-08-20 07:51:32,524 [Listener at 0.0.0.0/39871] INFO  http.HttpServer2 (HttpServer2.java:addFilter(1013)) - Added filter static_user_filter (class=org.apache.hadoop.http.lib.StaticUserWebFilter$StaticUserFilter) to context logs
2022-08-20 07:51:32,565 [Listener at 0.0.0.0/39871] INFO  http.HttpServer2 (HttpServer2.java:bindListener(1248)) - Jetty bound to port 34407
2022-08-20 07:51:32,567 [Listener at 0.0.0.0/39871] INFO  server.Server (Server.java:doStart(375)) - jetty-9.4.43.v20210629; built: 2021-06-30T11:07:22.254Z; git: 526006ecfa3af7f1a27ef3a288e2bef7ea9dd7e8; jvm 1.8.0_332-b09
2022-08-20 07:51:32,597 [Listener at 0.0.0.0/39871] INFO  server.session (DefaultSessionIdManager.java:doStart(334)) - DefaultSessionIdManager workerName=node0
2022-08-20 07:51:32,597 [Listener at 0.0.0.0/39871] INFO  server.session (DefaultSessionIdManager.java:doStart(339)) - No SessionScavenger set, using defaults
2022-08-20 07:51:32,599 [Listener at 0.0.0.0/39871] INFO  server.session (HouseKeeper.java:startScavenging(132)) - node0 Scavenging every 660000ms
2022-08-20 07:51:32,613 [Listener at 0.0.0.0/39871] INFO  handler.ContextHandler (ContextHandler.java:doStart(915)) - Started o.e.j.s.ServletContextHandler@42fdf45e{logs,/logs,file:///home/runner/work/ozone/ozone/hadoop-ozone/integration-test/target/log,AVAILABLE}
2022-08-20 07:51:32,613 [Listener at 0.0.0.0/39871] INFO  handler.ContextHandler (ContextHandler.java:doStart(915)) - Started o.e.j.s.ServletContextHandler@35217e0{static,/static,file:///home/runner/work/ozone/ozone/hadoop-ozone/integration-test/target/test-classes/webapps/static,AVAILABLE}
2022-08-20 07:51:32,659 [Listener at 0.0.0.0/39871] INFO  handler.ContextHandler (ContextHandler.java:doStart(915)) - Started o.e.j.w.WebAppContext@6e757f39{scm,/,file:///home/runner/work/ozone/ozone/hadoop-ozone/integration-test/target/test-classes/webapps/scm/,AVAILABLE}{file:/home/runner/work/ozone/ozone/hadoop-ozone/integration-test/target/test-classes/webapps/scm}
2022-08-20 07:51:32,669 [Listener at 0.0.0.0/39871] INFO  server.AbstractConnector (AbstractConnector.java:doStart(331)) - Started ServerConnector@4a7c8cb7{HTTP/1.1, (http/1.1)}{0.0.0.0:34407}
2022-08-20 07:51:32,670 [Listener at 0.0.0.0/39871] INFO  server.Server (Server.java:doStart(415)) - Started @4310ms
2022-08-20 07:51:32,672 [Listener at 0.0.0.0/39871] INFO  impl.MetricsSinkAdapter (MetricsSinkAdapter.java:start(204)) - Sink prometheus started
2022-08-20 07:51:32,672 [Listener at 0.0.0.0/39871] INFO  impl.MetricsSystemImpl (MetricsSystemImpl.java:registerSink(305)) - Registered sink prometheus
2022-08-20 07:51:32,674 [Listener at 0.0.0.0/39871] INFO  http.BaseHttpServer (BaseHttpServer.java:updateConnectorAddress(329)) - HTTP server of scm listening at http://0.0.0.0:34407
2022-08-20 07:51:32,675 [Listener at 0.0.0.0/39871] WARN  server.ServerUtils (ServerUtils.java:getDBPath(225)) - ozone.om.db.dirs is not configured. We recommend adding this setting. Falling back to ozone.metadata.dirs instead.
2022-08-20 07:51:32,747 [Listener at 0.0.0.0/39871] INFO  audit.AuditLogger (AuditLogger.java:refreshDebugCmdSet(126)) - Refresh DebugCmdSet for OMAudit to [].
2022-08-20 07:51:32,835 [Listener at 0.0.0.0/39871] INFO  ha.OMHANodeDetails (OMHANodeDetails.java:loadOMHAConfig(115)) - ozone.om.internal.service.id is not defined, falling back to ozone.om.service.ids to find serviceID for OzoneManager if it is HA enabled cluster
2022-08-20 07:51:32,838 [Listener at 0.0.0.0/39871] INFO  ha.OMHANodeDetails (OMHANodeDetails.java:loadOMHAConfig(226)) - Configuration does not have ozone.om.address set. Falling back to the default OM address /127.0.0.1:0
2022-08-20 07:51:32,838 [Listener at 0.0.0.0/39871] INFO  ha.OMHANodeDetails (OMHANodeDetails.java:getOMNodeDetailsForNonHA(254)) - OM Service ID is not set. Setting it to the default ID: omServiceIdDefault
2022-08-20 07:51:32,838 [Listener at 0.0.0.0/39871] INFO  ha.OMHANodeDetails (OMHANodeDetails.java:getOMNodeDetailsForNonHA(261)) - OM Node ID is not set. Setting it to the default ID: om1
2022-08-20 07:51:32,842 [Listener at 0.0.0.0/39871] WARN  server.ServerUtils (ServerUtils.java:getDBPath(225)) - ozone.om.db.dirs is not configured. We recommend adding this setting. Falling back to ozone.metadata.dirs instead.
2022-08-20 07:51:32,844 [Listener at 0.0.0.0/39871] INFO  upgrade.AbstractLayoutVersionManager (AbstractLayoutVersionManager.java:init(83)) - Initializing Layout version manager with metadata layout = MULTITENANCY_SCHEMA (version = 3), software layout = MULTITENANCY_SCHEMA (version = 3)
2022-08-20 07:51:32,924 [Listener at 0.0.0.0/39871] INFO  reflections.Reflections (Reflections.java:scan(232)) - Reflections took 76 ms to scan 2 urls, producing 153 keys and 427 values [using 2 cores]
2022-08-20 07:51:32,932 [Listener at 0.0.0.0/39871] INFO  upgrade.OMLayoutVersionManager (OMLayoutVersionManager.java:lambda$0(115)) - Skipping Upgrade Action MockOmUpgradeAction since it has been finalized.
2022-08-20 07:51:32,933 [Listener at 0.0.0.0/39871] WARN  server.ServerUtils (ServerUtils.java:getDBPath(225)) - ozone.om.db.dirs is not configured. We recommend adding this setting. Falling back to ozone.metadata.dirs instead.
2022-08-20 07:51:33,091 [Listener at 0.0.0.0/39871] INFO  proxy.SCMBlockLocationFailoverProxyProvider (SCMBlockLocationFailoverProxyProvider.java:<init>(114)) - Created block location fail-over proxy with 1 nodes: [nodeId=scmNodeId,nodeAddress=/0.0.0.0:46265]
2022-08-20 07:51:33,119 [Listener at 0.0.0.0/39871] INFO  proxy.SCMBlockLocationFailoverProxyProvider (SCMBlockLocationFailoverProxyProvider.java:<init>(114)) - Created block location fail-over proxy with 1 nodes: [nodeId=scmNodeId,nodeAddress=/0.0.0.0:46265]
2022-08-20 07:51:33,319 [Listener at 0.0.0.0/39871] WARN  server.ServerUtils (ServerUtils.java:getDBPath(225)) - ozone.om.db.dirs is not configured. We recommend adding this setting. Falling back to ozone.metadata.dirs instead.
2022-08-20 07:51:33,325 [Listener at 0.0.0.0/39871] INFO  codec.OmKeyInfoCodec (OmKeyInfoCodec.java:<init>(49)) - OmKeyInfoCodec ignorePipeline = true
2022-08-20 07:51:33,326 [Listener at 0.0.0.0/39871] INFO  codec.RepeatedOmKeyInfoCodec (RepeatedOmKeyInfoCodec.java:<init>(41)) - RepeatedOmKeyInfoCodec ignorePipeline = true
2022-08-20 07:51:33,500 [Listener at 0.0.0.0/39871] INFO  om.OzoneManager (OzoneManager.java:instantiateServices(697)) - S3 Multi-Tenancy is disabled
2022-08-20 07:51:33,576 [Listener at 0.0.0.0/39871] INFO  om.OzoneManager (OzoneManager.java:addS3GVolumeToDB(4309)) - Created Volume s3v With Owner runner required for S3Gateway operations.
2022-08-20 07:51:33,649 [Listener at 0.0.0.0/39871] WARN  server.ServerUtils (ServerUtils.java:getDefaultRatisDirectory(237)) - Storage directory for Ratis is not configured. It is a good idea to map this to an SSD disk. Falling back to ozone.metadata.dirs
2022-08-20 07:51:33,649 [Listener at 0.0.0.0/39871] WARN  utils.OzoneManagerRatisUtils (OzoneManagerRatisUtils.java:getOMRatisSnapshotDirectory(434)) - ozone.om.ratis.snapshot.dir is not configured. Falling back to ozone.metadata.dirs config
2022-08-20 07:51:33,669 [Listener at 0.0.0.0/39871] WARN  server.ServerUtils (ServerUtils.java:getDefaultRatisDirectory(237)) - Storage directory for Ratis is not configured. It is a good idea to map this to an SSD disk. Falling back to ozone.metadata.dirs
2022-08-20 07:51:33,700 [Listener at 0.0.0.0/39871] INFO  ratis.OzoneManagerRatisServer (OzoneManagerRatisServer.java:<init>(159)) - Instantiating OM Ratis server with groupID: omServiceIdDefault and peers: localhost:9872
2022-08-20 07:51:33,716 [Listener at 0.0.0.0/39871] INFO  ratis.OzoneManagerStateMachine (OzoneManagerStateMachine.java:loadSnapshotInfoFromDB(632)) - LastAppliedIndex is set from TransactionInfo from OM DB as (t:0, i:~)
2022-08-20 07:51:33,778 [Listener at 0.0.0.0/39871] INFO  server.RaftServer (ConfUtils.java:logGet(46)) - raft.rpc.type = GRPC (default)
2022-08-20 07:51:33,866 [Listener at 0.0.0.0/39871] INFO  grpc.GrpcFactory (GrpcFactory.java:checkPooledByteBufAllocatorUseCacheForAllThreads(48)) - PERFORMANCE WARNING: useCacheForAllThreads is true that may cause Netty to create a lot garbage objects and, as a result, trigger GC.
	It is recommended to disable useCacheForAllThreads by setting -Dorg.apache.ratis.thirdparty.io.netty.allocator.useCacheForAllThreads=false in command line.
2022-08-20 07:51:33,870 [Listener at 0.0.0.0/39871] INFO  grpc.GrpcConfigKeys (ConfUtils.java:logGet(46)) - raft.grpc.admin.port = -1 (default)
2022-08-20 07:51:33,871 [Listener at 0.0.0.0/39871] INFO  grpc.GrpcConfigKeys (ConfUtils.java:logGet(46)) - raft.grpc.server.port = 9872 (custom)
2022-08-20 07:51:33,872 [Listener at 0.0.0.0/39871] INFO  grpc.GrpcConfigKeys (ConfUtils.java:logGet(46)) - raft.grpc.client.port = -1 (default)
2022-08-20 07:51:33,873 [Listener at 0.0.0.0/39871] INFO  grpc.GrpcConfigKeys (ConfUtils.java:logGet(46)) - raft.grpc.server.port = 9872 (custom)
2022-08-20 07:51:33,873 [Listener at 0.0.0.0/39871] INFO  grpc.GrpcConfigKeys (ConfUtils.java:logGet(46)) - raft.grpc.server.port = 9872 (custom)
2022-08-20 07:51:33,873 [Listener at 0.0.0.0/39871] INFO  server.GrpcService (ConfUtils.java:logGet(46)) - raft.grpc.message.size.max = 33554432 (custom)
2022-08-20 07:51:33,875 [Listener at 0.0.0.0/39871] INFO  server.RaftServerConfigKeys (ConfUtils.java:logGet(46)) - raft.server.log.appender.buffer.byte-limit = 33554432 (custom)
2022-08-20 07:51:33,876 [Listener at 0.0.0.0/39871] INFO  server.GrpcService (ConfUtils.java:logGet(46)) - raft.grpc.flow.control.window = 1MB (=1048576) (default)
2022-08-20 07:51:33,877 [Listener at 0.0.0.0/39871] INFO  server.RaftServerConfigKeys (ConfUtils.java:logGet(46)) - raft.server.rpc.request.timeout = 3000ms (default)
2022-08-20 07:51:33,894 [Listener at 0.0.0.0/39871] INFO  grpc.GrpcConfigKeys (ConfUtils.java:logGet(46)) - raft.grpc.server.async.request.thread.pool.cached = true (default)
2022-08-20 07:51:33,896 [Listener at 0.0.0.0/39871] INFO  grpc.GrpcConfigKeys (ConfUtils.java:logGet(46)) - raft.grpc.server.async.request.thread.pool.size = 32 (default)
2022-08-20 07:51:34,208 [Listener at 0.0.0.0/39871] INFO  impl.DataStreamServerImpl (ConfUtils.java:logGet(46)) - raft.datastream.type = DISABLED (default)
2022-08-20 07:51:34,211 [Listener at 0.0.0.0/39871] INFO  server.RaftServerConfigKeys (ConfUtils.java:logGet(46)) - raft.server.threadpool.proxy.cached = true (default)
2022-08-20 07:51:34,213 [Listener at 0.0.0.0/39871] INFO  server.RaftServerConfigKeys (ConfUtils.java:logGet(46)) - raft.server.threadpool.proxy.size = 0 (default)
2022-08-20 07:51:34,214 [Listener at 0.0.0.0/39871] INFO  server.RaftServerConfigKeys (ConfUtils.java:logGet(46)) - raft.server.rpc.slowness.timeout = 120s (custom)
2022-08-20 07:51:34,214 [Listener at 0.0.0.0/39871] INFO  server.RaftServerConfigKeys (ConfUtils.java:logGet(46)) - raft.server.leaderelection.leader.step-down.wait-time = 10s (default)
2022-08-20 07:51:34,219 [Listener at 0.0.0.0/39871] INFO  server.RaftServerConfigKeys (ConfUtils.java:logGet(46)) - raft.server.storage.dir = [/home/runner/work/ozone/ozone/hadoop-ozone/integration-test/target/test-dir/MiniOzoneClusterImpl-7272e4b8-7574-4f4a-a19b-420921f06a31/ozone-meta/ratis] (custom)
2022-08-20 07:51:34,230 [Listener at 0.0.0.0/39871] INFO  server.RaftServer (RaftServerProxy.java:addNew(96)) - om1: addNew group-C5BA1605619E:[om1|rpc:localhost:9872|priority:0] returns group-C5BA1605619E:java.util.concurrent.CompletableFuture@4840e7[Not completed]
2022-08-20 07:51:34,230 [Listener at 0.0.0.0/39871] INFO  om.OzoneManager (OzoneManager.java:initializeRatisServer(1963)) - OzoneManager Ratis server initialized at port 9872
2022-08-20 07:51:34,245 [Listener at 0.0.0.0/39871] INFO  om.OzoneManager (OzoneManager.java:getRpcServer(1086)) - Creating RPC Server
2022-08-20 07:51:34,265 [pool-55-thread-1] INFO  server.RaftServer$Division (RaftServerImpl.java:<init>(190)) - om1: new RaftServerImpl for group-C5BA1605619E:[om1|rpc:localhost:9872|priority:0] with OzoneManagerStateMachine:uninitialized
2022-08-20 07:51:34,269 [pool-55-thread-1] INFO  server.RaftServerConfigKeys (ConfUtils.java:logGet(46)) - raft.server.rpc.timeout.min = 1s (custom)
2022-08-20 07:51:34,278 [pool-55-thread-1] INFO  server.RaftServerConfigKeys (ConfUtils.java:logGet(46)) - raft.server.rpc.timeout.max = 1200ms (custom)
2022-08-20 07:51:34,278 [pool-55-thread-1] INFO  server.RaftServerConfigKeys (ConfUtils.java:logGet(46)) - raft.server.rpc.sleep.time = 25ms (default)
2022-08-20 07:51:34,278 [pool-55-thread-1] INFO  server.RaftServerConfigKeys (ConfUtils.java:logGet(46)) - raft.server.rpc.slowness.timeout = 120s (custom)
2022-08-20 07:51:34,278 [pool-55-thread-1] INFO  server.RaftServerConfigKeys (ConfUtils.java:logGet(46)) - raft.server.leaderelection.leader.step-down.wait-time = 10s (default)
2022-08-20 07:51:34,279 [pool-55-thread-1] INFO  server.RaftServerConfigKeys (ConfUtils.java:logGet(46)) - raft.server.sleep.deviation.threshold = 300ms (default)
2022-08-20 07:51:34,295 [pool-55-thread-1] INFO  server.RaftServer$Division (ServerState.java:<init>(107)) - om1@group-C5BA1605619E: ConfigurationManager, init=-1: [om1|rpc:localhost:9872|priority:0], old=null, confs=<EMPTY_MAP>
2022-08-20 07:51:34,295 [pool-55-thread-1] INFO  server.RaftServerConfigKeys (ConfUtils.java:logGet(46)) - raft.server.storage.dir = [/home/runner/work/ozone/ozone/hadoop-ozone/integration-test/target/test-dir/MiniOzoneClusterImpl-7272e4b8-7574-4f4a-a19b-420921f06a31/ozone-meta/ratis] (custom)
2022-08-20 07:51:34,300 [pool-55-thread-1] INFO  server.RaftServerConfigKeys (ConfUtils.java:logGet(46)) - raft.server.log.corruption.policy = EXCEPTION (default)
2022-08-20 07:51:34,301 [pool-55-thread-1] INFO  server.RaftServerConfigKeys (ConfUtils.java:logGet(46)) - raft.server.storage.free-space.min = 0MB (=0) (default)
2022-08-20 07:51:34,309 [pool-55-thread-1] INFO  storage.RaftStorageDirectory (RaftStorageDirectoryImpl.java:analyzeStorage(135)) - The storage directory /home/runner/work/ozone/ozone/hadoop-ozone/integration-test/target/test-dir/MiniOzoneClusterImpl-7272e4b8-7574-4f4a-a19b-420921f06a31/ozone-meta/ratis/bf265839-605b-3f16-9796-c5ba1605619e does not exist. Creating ...
2022-08-20 07:51:34,313 [pool-55-thread-1] INFO  storage.RaftStorageDirectory (RaftStorageDirectoryImpl.java:tryLock(230)) - Lock on /home/runner/work/ozone/ozone/hadoop-ozone/integration-test/target/test-dir/MiniOzoneClusterImpl-7272e4b8-7574-4f4a-a19b-420921f06a31/ozone-meta/ratis/bf265839-605b-3f16-9796-c5ba1605619e/in_use.lock acquired by nodename 1881@fv-az58-577
2022-08-20 07:51:34,340 [pool-55-thread-1] INFO  storage.RaftStorage (RaftStorageImpl.java:format(89)) - Storage directory /home/runner/work/ozone/ozone/hadoop-ozone/integration-test/target/test-dir/MiniOzoneClusterImpl-7272e4b8-7574-4f4a-a19b-420921f06a31/ozone-meta/ratis/bf265839-605b-3f16-9796-c5ba1605619e has been successfully formatted.
2022-08-20 07:51:34,344 [pool-55-thread-1] INFO  server.RaftServerConfigKeys (ConfUtils.java:logGet(46)) - raft.server.notification.no-leader.timeout = 120s (custom)
2022-08-20 07:51:34,350 [pool-55-thread-1] INFO  server.RaftServerConfigKeys (ConfUtils.java:logGet(46)) - raft.server.log.use.memory = false (default)
2022-08-20 07:51:34,400 [pool-55-thread-1] INFO  server.RaftServerConfigKeys (ConfUtils.java:logGet(46)) - raft.server.log.purge.gap = 1000000 (custom)
2022-08-20 07:51:34,400 [pool-55-thread-1] INFO  server.RaftServerConfigKeys (ConfUtils.java:logGet(46)) - raft.server.log.appender.buffer.byte-limit = 33554432 (custom)
2022-08-20 07:51:34,402 [pool-55-thread-1] INFO  server.RaftServerConfigKeys (ConfUtils.java:logGet(46)) - raft.server.log.statemachine.data.read.timeout = 1000ms (default)
2022-08-20 07:51:34,442 [pool-55-thread-1] INFO  server.RaftServerConfigKeys (ConfUtils.java:logGet(46)) - raft.server.log.segment.size.max = 4194304 (custom)
2022-08-20 07:51:34,480 [pool-55-thread-1] INFO  server.RaftServerConfigKeys (ConfUtils.java:logGet(46)) - raft.server.log.segment.cache.num.max = 2 (custom)
2022-08-20 07:51:34,481 [pool-55-thread-1] INFO  server.RaftServerConfigKeys (ConfUtils.java:logGet(46)) - raft.server.log.segment.cache.size.max = 200MB (=209715200) (default)
2022-08-20 07:51:34,492 [pool-55-thread-1] INFO  segmented.SegmentedRaftLogWorker (SegmentedRaftLogWorker.java:<init>(187)) - new om1@group-C5BA1605619E-SegmentedRaftLogWorker for RaftStorageImpl:Storage Directory /home/runner/work/ozone/ozone/hadoop-ozone/integration-test/target/test-dir/MiniOzoneClusterImpl-7272e4b8-7574-4f4a-a19b-420921f06a31/ozone-meta/ratis/bf265839-605b-3f16-9796-c5ba1605619e
2022-08-20 07:51:34,497 [pool-55-thread-1] INFO  server.RaftServerConfigKeys (ConfUtils.java:logGet(46)) - raft.server.log.queue.byte-limit = 64MB (=67108864) (default)
2022-08-20 07:51:34,497 [pool-55-thread-1] INFO  server.RaftServerConfigKeys (ConfUtils.java:logGet(46)) - raft.server.log.queue.element-limit = 4096 (default)
2022-08-20 07:51:34,498 [pool-55-thread-1] INFO  server.RaftServerConfigKeys (ConfUtils.java:logGet(46)) - raft.server.log.segment.size.max = 4194304 (custom)
2022-08-20 07:51:34,498 [pool-55-thread-1] INFO  server.RaftServerConfigKeys (ConfUtils.java:logGet(46)) - raft.server.log.preallocated.size = 4194304 (custom)
2022-08-20 07:51:34,499 [pool-55-thread-1] INFO  server.RaftServerConfigKeys (ConfUtils.java:logGet(46)) - raft.server.log.force.sync.num = 128 (default)
2022-08-20 07:51:34,507 [pool-55-thread-1] INFO  server.RaftServerConfigKeys (ConfUtils.java:logGet(46)) - raft.server.log.statemachine.data.sync = true (default)
2022-08-20 07:51:34,508 [pool-55-thread-1] INFO  server.RaftServerConfigKeys (ConfUtils.java:logGet(46)) - raft.server.log.statemachine.data.sync.timeout = 10s (default)
2022-08-20 07:51:34,508 [pool-55-thread-1] INFO  server.RaftServerConfigKeys (ConfUtils.java:logGet(46)) - raft.server.log.statemachine.data.sync.timeout.retry = -1 (default)
2022-08-20 07:51:34,523 [pool-55-thread-1] INFO  server.RaftServerConfigKeys (ConfUtils.java:logGet(46)) - raft.server.log.write.buffer.size = 64KB (=65536) (default)
2022-08-20 07:51:34,523 [pool-55-thread-1] INFO  server.RaftServerConfigKeys (ConfUtils.java:logGet(46)) - raft.server.log.unsafe-flush.enabled = false (default)
2022-08-20 07:51:34,523 [pool-55-thread-1] INFO  server.RaftServerConfigKeys (ConfUtils.java:logGet(46)) - raft.server.log.statemachine.data.caching.enabled = false (default)
2022-08-20 07:51:34,538 [pool-55-thread-1] INFO  segmented.SegmentedRaftLogWorker (SegmentedRaftLogWorker.java:lambda$new$0(135)) - om1@group-C5BA1605619E-SegmentedRaftLogWorker: flushIndex: setUnconditionally 0 -> -1
2022-08-20 07:51:34,538 [pool-55-thread-1] INFO  segmented.SegmentedRaftLogWorker (SegmentedRaftLogWorker.java:lambda$new$0(135)) - om1@group-C5BA1605619E-SegmentedRaftLogWorker: safeCacheEvictIndex: setUnconditionally 0 -> -1
2022-08-20 07:51:34,559 [pool-55-thread-1] INFO  server.RaftServerConfigKeys (ConfUtils.java:logGet(46)) - raft.server.snapshot.auto.trigger.enabled = true (custom)
2022-08-20 07:51:34,560 [pool-55-thread-1] INFO  server.RaftServerConfigKeys (ConfUtils.java:logGet(46)) - raft.server.snapshot.auto.trigger.threshold = 400000 (default)
2022-08-20 07:51:34,560 [pool-55-thread-1] INFO  server.RaftServerConfigKeys (ConfUtils.java:logGet(46)) - raft.server.snapshot.retention.file.num = -1 (default)
2022-08-20 07:51:34,561 [pool-55-thread-1] INFO  server.RaftServerConfigKeys (ConfUtils.java:logGet(46)) - raft.server.log.purge.upto.snapshot.index = true (custom)
2022-08-20 07:51:34,563 [pool-55-thread-1] INFO  server.RaftServerConfigKeys (ConfUtils.java:logGet(46)) - raft.server.retrycache.expirytime = 300s (custom)
2022-08-20 07:51:34,563 [pool-55-thread-1] INFO  server.RaftServerConfigKeys (ConfUtils.java:logGet(46)) - raft.server.retrycache.statistics.expirytime = 100μs (default)
2022-08-20 07:51:34,680 [pool-55-thread-1] INFO  server.RaftServerConfigKeys (ConfUtils.java:logGet(46)) - raft.server.log.appender.install.snapshot.enabled = false (custom)
2022-08-20 07:51:34,680 [pool-55-thread-1] INFO  server.RaftServerConfigKeys (ConfUtils.java:logGet(46)) - raft.server.threadpool.server.cached = true (default)
2022-08-20 07:51:34,680 [pool-55-thread-1] INFO  server.RaftServerConfigKeys (ConfUtils.java:logGet(46)) - raft.server.threadpool.server.size = 0 (default)
2022-08-20 07:51:34,681 [pool-55-thread-1] INFO  server.RaftServerConfigKeys (ConfUtils.java:logGet(46)) - raft.server.threadpool.client.cached = true (default)
2022-08-20 07:51:34,681 [pool-55-thread-1] INFO  server.RaftServerConfigKeys (ConfUtils.java:logGet(46)) - raft.server.threadpool.client.size = 0 (default)
2022-08-20 07:51:34,924 [Listener at 0.0.0.0/39871] INFO  reflections.Reflections (Reflections.java:scan(232)) - Reflections took 623 ms to scan 19 urls, producing 67 keys and 4157 values [using 2 cores]
2022-08-20 07:51:35,074 [Listener at 0.0.0.0/39871] INFO  ipc.CallQueueManager (CallQueueManager.java:<init>(90)) - Using callQueue: class java.util.concurrent.LinkedBlockingQueue, queueCapacity: 2000, scheduler: class org.apache.hadoop.ipc.DefaultRpcScheduler, ipcBackoff: false.
2022-08-20 07:51:35,075 [Socket Reader #1 for port 0] INFO  ipc.Server (Server.java:run(1265)) - Starting Socket Reader #1 for port 0
2022-08-20 07:51:35,225 [Listener at 127.0.0.1/40219] INFO  impl.MetricsSystemImpl (MetricsSystemImpl.java:init(158)) - OzoneManager metrics system started (again)
2022-08-20 07:51:35,237 [Listener at 127.0.0.1/40219] INFO  om.OzoneManager (OzoneManager.java:start(1470)) - OzoneManager RPC server is listening at localhost/127.0.0.1:40219
2022-08-20 07:51:35,237 [Listener at 127.0.0.1/40219] INFO  ratis.OzoneManagerRatisServer (OzoneManagerRatisServer.java:start(554)) - Starting OzoneManagerRatisServer om1 at port 9872
2022-08-20 07:51:35,240 [om1-impl-thread1] INFO  server.RaftServer$Division (RaftServerImpl.java:start(310)) - om1@group-C5BA1605619E: start as a follower, conf=-1: [om1|rpc:localhost:9872|priority:0], old=null
2022-08-20 07:51:35,240 [om1-impl-thread1] INFO  server.RaftServer$Division (RaftServerImpl.java:setRole(299)) - om1@group-C5BA1605619E: changes role from      null to FOLLOWER at term 0 for startAsFollower
2022-08-20 07:51:35,242 [om1-impl-thread1] INFO  impl.RoleInfo (RoleInfo.java:updateAndGet(139)) - om1: start om1@group-C5BA1605619E-FollowerState
2022-08-20 07:51:35,244 [om1-impl-thread1] INFO  util.JmxRegister (JmxRegister.java:tryRegister(44)) - Successfully registered JMX Bean with object name Ratis:service=RaftServer,group=group-C5BA1605619E,id=om1
2022-08-20 07:51:35,248 [Listener at 127.0.0.1/40219] INFO  server.RaftServer (RaftServerProxy.java:lambda$start$6(382)) - om1: start RPC server
2022-08-20 07:51:35,307 [Listener at 127.0.0.1/40219] INFO  server.GrpcService (GrpcService.java:startImpl(260)) - om1: GrpcService started, listening on 9872
2022-08-20 07:51:35,309 [Listener at 127.0.0.1/40219] INFO  om.OzoneManager (OzoneManager.java:start(1486)) - Version File has different layout version (3) than OM DB (null). That is expected if this OM has never been finalized to a newer layout version.
2022-08-20 07:51:35,311 [org.apache.ratis.util.JvmPauseMonitor$$Lambda$621/1550133838@ae04104] INFO  util.JvmPauseMonitor (JvmPauseMonitor.java:run(103)) - JvmPauseMonitor-om1: Started
2022-08-20 07:51:35,325 [Listener at 127.0.0.1/40219] INFO  http.BaseHttpServer (BaseHttpServer.java:newHttpServer2BuilderForOzone(209)) - Starting Web-server for ozoneManager at: http://0.0.0.0:0
2022-08-20 07:51:35,325 [Listener at 127.0.0.1/40219] INFO  http.BaseHttpServer (BaseHttpServer.java:<init>(107)) - Hadoop Security Enabled: false Ozone Security Enabled: false Ozone HTTP Security Enabled: false 
2022-08-20 07:51:35,327 [Listener at 127.0.0.1/40219] INFO  server.AuthenticationFilter (AuthenticationFilter.java:constructSecretProvider(240)) - Unable to initialize FileSignerSecretProvider, falling back to use random secrets.
2022-08-20 07:51:35,330 [Listener at 127.0.0.1/40219] WARN  http.HttpRequestLog (HttpRequestLog.java:getRequestLog(103)) - Jetty request log can only be enabled using Log4j
2022-08-20 07:51:35,332 [Listener at 127.0.0.1/40219] INFO  http.HttpServer2 (HttpServer2.java:addGlobalFilter(1029)) - Added global filter 'safety' (class=org.apache.hadoop.hdds.server.http.HttpServer2$QuotingInputFilter)
2022-08-20 07:51:35,333 [Listener at 127.0.0.1/40219] INFO  http.HttpServer2 (HttpServer2.java:addFilter(1005)) - Added filter static_user_filter (class=org.apache.hadoop.http.lib.StaticUserWebFilter$StaticUserFilter) to context ozoneManager
2022-08-20 07:51:35,333 [Listener at 127.0.0.1/40219] INFO  http.HttpServer2 (HttpServer2.java:addFilter(1013)) - Added filter static_user_filter (class=org.apache.hadoop.http.lib.StaticUserWebFilter$StaticUserFilter) to context logs
2022-08-20 07:51:35,333 [Listener at 127.0.0.1/40219] INFO  http.HttpServer2 (HttpServer2.java:addFilter(1013)) - Added filter static_user_filter (class=org.apache.hadoop.http.lib.StaticUserWebFilter$StaticUserFilter) to context static
2022-08-20 07:51:35,338 [Listener at 127.0.0.1/40219] INFO  http.HttpServer2 (HttpServer2.java:bindListener(1248)) - Jetty bound to port 41243
2022-08-20 07:51:35,338 [Listener at 127.0.0.1/40219] INFO  server.Server (Server.java:doStart(375)) - jetty-9.4.43.v20210629; built: 2021-06-30T11:07:22.254Z; git: 526006ecfa3af7f1a27ef3a288e2bef7ea9dd7e8; jvm 1.8.0_332-b09
2022-08-20 07:51:35,341 [Listener at 127.0.0.1/40219] INFO  server.session (DefaultSessionIdManager.java:doStart(334)) - DefaultSessionIdManager workerName=node0
2022-08-20 07:51:35,341 [Listener at 127.0.0.1/40219] INFO  server.session (DefaultSessionIdManager.java:doStart(339)) - No SessionScavenger set, using defaults
2022-08-20 07:51:35,342 [Listener at 127.0.0.1/40219] INFO  server.session (HouseKeeper.java:startScavenging(132)) - node0 Scavenging every 600000ms
2022-08-20 07:51:35,342 [Listener at 127.0.0.1/40219] INFO  handler.ContextHandler (ContextHandler.java:doStart(915)) - Started o.e.j.s.ServletContextHandler@110be378{logs,/logs,file:///home/runner/work/ozone/ozone/hadoop-ozone/integration-test/target/log,AVAILABLE}
2022-08-20 07:51:35,343 [Listener at 127.0.0.1/40219] INFO  handler.ContextHandler (ContextHandler.java:doStart(915)) - Started o.e.j.s.ServletContextHandler@66c162a5{static,/static,file:///home/runner/work/ozone/ozone/hadoop-ozone/integration-test/target/test-classes/webapps/static,AVAILABLE}
2022-08-20 07:51:35,348 [Listener at 127.0.0.1/40219] INFO  handler.ContextHandler (ContextHandler.java:doStart(915)) - Started o.e.j.w.WebAppContext@30062296{ozoneManager,/,file:///home/runner/work/ozone/ozone/hadoop-ozone/integration-test/target/test-classes/webapps/ozoneManager/,AVAILABLE}{file:/home/runner/work/ozone/ozone/hadoop-ozone/integration-test/target/test-classes/webapps/ozoneManager}
2022-08-20 07:51:35,352 [Listener at 127.0.0.1/40219] INFO  server.AbstractConnector (AbstractConnector.java:doStart(331)) - Started ServerConnector@320c3e34{HTTP/1.1, (http/1.1)}{0.0.0.0:41243}
2022-08-20 07:51:35,353 [Listener at 127.0.0.1/40219] INFO  server.Server (Server.java:doStart(415)) - Started @6994ms
2022-08-20 07:51:35,353 [Listener at 127.0.0.1/40219] WARN  impl.MetricsSystemImpl (MetricsSystemImpl.java:register(279)) - Sink prometheus already exists!
2022-08-20 07:51:35,354 [Listener at 127.0.0.1/40219] INFO  http.BaseHttpServer (BaseHttpServer.java:updateConnectorAddress(329)) - HTTP server of ozoneManager listening at http://0.0.0.0:41243
2022-08-20 07:51:35,358 [IPC Server Responder] INFO  ipc.Server (Server.java:run(1507)) - IPC Server Responder: starting
2022-08-20 07:51:35,358 [IPC Server listener on 0] INFO  ipc.Server (Server.java:run(1344)) - IPC Server listener on 0: starting
2022-08-20 07:51:35,405 [Listener at 127.0.0.1/40219] INFO  om.TrashPolicyOzone (TrashPolicyOzone.java:<init>(178)) - Ozone Manager trash configuration: Deletion interval = 0 minutes, Emptier interval = 0 minutes.
2022-08-20 07:51:35,414 [org.apache.hadoop.util.JvmPauseMonitor$Monitor@443641bf] INFO  util.JvmPauseMonitor (JvmPauseMonitor.java:run(188)) - Starting JVM pause monitor
2022-08-20 07:51:35,548 [Listener at 127.0.0.1/40219] WARN  impl.MetricRegistriesImpl (MetricRegistriesImpl.java:addReporterRegistration(111)) - New reporters are added after registries were created. Some metrics will be missing from the reporter. Please add reporter before adding any new registry.
2022-08-20 07:51:35,548 [Listener at 127.0.0.1/40219] WARN  impl.MetricRegistriesImpl (MetricRegistriesImpl.java:addReporterRegistration(111)) - New reporters are added after registries were created. Some metrics will be missing from the reporter. Please add reporter before adding any new registry.
2022-08-20 07:51:35,548 [Listener at 127.0.0.1/40219] INFO  impl.MetricsSystemImpl (MetricsSystemImpl.java:init(158)) - HddsDatanode metrics system started (again)
2022-08-20 07:51:35,563 [Listener at 127.0.0.1/40219] INFO  ozone.HddsDatanodeService (HddsDatanodeService.java:start(236)) - HddsDatanodeService host:fv-az58-577.v01ewlpc0lrezph5nvg1m2rhcd.cx.internal.cloudapp.net ip:10.1.0.10
2022-08-20 07:51:35,593 [Listener at 127.0.0.1/40219] INFO  upgrade.AbstractLayoutVersionManager (AbstractLayoutVersionManager.java:init(83)) - Initializing Layout version manager with metadata layout = DATANODE_SCHEMA_V3 (version = 4), software layout = DATANODE_SCHEMA_V3 (version = 4)
2022-08-20 07:51:35,638 [Listener at 127.0.0.1/40219] INFO  reflections.Reflections (Reflections.java:scan(232)) - Reflections took 43 ms to scan 7 urls, producing 133 keys and 322 values 
2022-08-20 07:51:35,642 [Listener at 127.0.0.1/40219] INFO  statemachine.DatanodeStateMachine (DatanodeStateMachine.java:getEndPointTaskThreadPoolSize(237)) - Datanode State Machine Task Thread Pool size 2
2022-08-20 07:51:35,696 [Listener at 127.0.0.1/40219] INFO  volume.HddsVolume (HddsVolume.java:<init>(117)) - Creating HddsVolume: /home/runner/work/ozone/ozone/hadoop-ozone/integration-test/target/test-dir/MiniOzoneClusterImpl-7272e4b8-7574-4f4a-a19b-420921f06a31/datanode-0/data-0/containers/hdds of storage type : DISK capacity : 9223372036854775807
2022-08-20 07:51:35,704 [Listener at 127.0.0.1/40219] INFO  volume.MutableVolumeSet (MutableVolumeSet.java:initializeVolumeSet(174)) - Added Volume : /home/runner/work/ozone/ozone/hadoop-ozone/integration-test/target/test-dir/MiniOzoneClusterImpl-7272e4b8-7574-4f4a-a19b-420921f06a31/datanode-0/data-0/containers/hdds to VolumeSet
2022-08-20 07:51:35,705 [Listener at 127.0.0.1/40219] INFO  volume.ThrottledAsyncChecker (ThrottledAsyncChecker.java:schedule(141)) - Scheduling a check for /home/runner/work/ozone/ozone/hadoop-ozone/integration-test/target/test-dir/MiniOzoneClusterImpl-7272e4b8-7574-4f4a-a19b-420921f06a31/datanode-0/data-0/containers/hdds
2022-08-20 07:51:35,729 [Listener at 127.0.0.1/40219] INFO  volume.StorageVolumeChecker (StorageVolumeChecker.java:checkAllVolumes(202)) - Scheduled health check for volume /home/runner/work/ozone/ozone/hadoop-ozone/integration-test/target/test-dir/MiniOzoneClusterImpl-7272e4b8-7574-4f4a-a19b-420921f06a31/datanode-0/data-0/containers/hdds
2022-08-20 07:51:35,747 [Listener at 127.0.0.1/40219] INFO  volume.MutableVolumeSet (MutableVolumeSet.java:initializeVolumeSet(174)) - Added Volume : /home/runner/work/ozone/ozone/hadoop-ozone/integration-test/target/test-dir/MiniOzoneClusterImpl-7272e4b8-7574-4f4a-a19b-420921f06a31/datanode-0/data/ratis to VolumeSet
2022-08-20 07:51:35,748 [Listener at 127.0.0.1/40219] INFO  volume.ThrottledAsyncChecker (ThrottledAsyncChecker.java:schedule(141)) - Scheduling a check for /home/runner/work/ozone/ozone/hadoop-ozone/integration-test/target/test-dir/MiniOzoneClusterImpl-7272e4b8-7574-4f4a-a19b-420921f06a31/datanode-0/data/ratis
2022-08-20 07:51:35,748 [Listener at 127.0.0.1/40219] INFO  volume.StorageVolumeChecker (StorageVolumeChecker.java:checkAllVolumes(202)) - Scheduled health check for volume /home/runner/work/ozone/ozone/hadoop-ozone/integration-test/target/test-dir/MiniOzoneClusterImpl-7272e4b8-7574-4f4a-a19b-420921f06a31/datanode-0/data/ratis
2022-08-20 07:51:35,768 [Thread-136] INFO  ozoneimpl.ContainerReader (ContainerReader.java:readVolume(175)) - Finish verifying containers on volume /home/runner/work/ozone/ozone/hadoop-ozone/integration-test/target/test-dir/MiniOzoneClusterImpl-7272e4b8-7574-4f4a-a19b-420921f06a31/datanode-0/data-0/containers/hdds
2022-08-20 07:51:35,768 [Listener at 127.0.0.1/40219] INFO  ozoneimpl.OzoneContainer (OzoneContainer.java:buildContainerSet(299)) - Build ContainerSet costs 0s
2022-08-20 07:51:35,812 [Listener at 127.0.0.1/40219] INFO  audit.AuditLogger (AuditLogger.java:refreshDebugCmdSet(126)) - Refresh DebugCmdSet for DNAudit to [].
2022-08-20 07:51:35,838 [Listener at 127.0.0.1/40219] INFO  server.RaftServer (ConfUtils.java:logGet(46)) - raft.rpc.type = GRPC (default)
2022-08-20 07:51:35,838 [Listener at 127.0.0.1/40219] INFO  grpc.GrpcFactory (GrpcFactory.java:checkPooledByteBufAllocatorUseCacheForAllThreads(48)) - PERFORMANCE WARNING: useCacheForAllThreads is true that may cause Netty to create a lot garbage objects and, as a result, trigger GC.
	It is recommended to disable useCacheForAllThreads by setting -Dorg.apache.ratis.thirdparty.io.netty.allocator.useCacheForAllThreads=false in command line.
2022-08-20 07:51:35,839 [Listener at 127.0.0.1/40219] INFO  grpc.GrpcConfigKeys (ConfUtils.java:logGet(46)) - raft.grpc.admin.port = 0 (custom)
2022-08-20 07:51:35,839 [Listener at 127.0.0.1/40219] INFO  grpc.GrpcConfigKeys (ConfUtils.java:logGet(46)) - raft.grpc.client.port = 0 (custom)
2022-08-20 07:51:35,839 [Listener at 127.0.0.1/40219] INFO  grpc.GrpcConfigKeys (ConfUtils.java:logGet(46)) - raft.grpc.server.port = 0 (default)
2022-08-20 07:51:35,839 [Listener at 127.0.0.1/40219] INFO  server.GrpcService (ConfUtils.java:logGet(46)) - raft.grpc.message.size.max = 32MB (=33554432) (custom)
2022-08-20 07:51:35,839 [Listener at 127.0.0.1/40219] INFO  server.RaftServerConfigKeys (ConfUtils.java:logGet(46)) - raft.server.log.appender.buffer.byte-limit = 33554432 (custom)
2022-08-20 07:51:35,839 [Listener at 127.0.0.1/40219] INFO  server.GrpcService (ConfUtils.java:logGet(46)) - raft.grpc.flow.control.window = 5MB (=5242880) (custom)
2022-08-20 07:51:35,840 [Listener at 127.0.0.1/40219] INFO  server.RaftServerConfigKeys (ConfUtils.java:logGet(46)) - raft.server.rpc.request.timeout = 60s (custom)
2022-08-20 07:51:35,840 [Listener at 127.0.0.1/40219] INFO  grpc.GrpcConfigKeys (ConfUtils.java:logGet(46)) - raft.grpc.server.async.request.thread.pool.cached = true (default)
2022-08-20 07:51:35,840 [Listener at 127.0.0.1/40219] INFO  grpc.GrpcConfigKeys (ConfUtils.java:logGet(46)) - raft.grpc.server.async.request.thread.pool.size = 32 (default)
2022-08-20 07:51:35,841 [Listener at 127.0.0.1/40219] INFO  impl.DataStreamServerImpl (ConfUtils.java:logGet(46)) - raft.datastream.type = DISABLED (default)
2022-08-20 07:51:35,841 [Listener at 127.0.0.1/40219] INFO  server.RaftServerConfigKeys (ConfUtils.java:logGet(46)) - raft.server.threadpool.proxy.cached = true (default)
2022-08-20 07:51:35,841 [Listener at 127.0.0.1/40219] INFO  server.RaftServerConfigKeys (ConfUtils.java:logGet(46)) - raft.server.threadpool.proxy.size = 0 (default)
2022-08-20 07:51:35,842 [Listener at 127.0.0.1/40219] INFO  server.RaftServerConfigKeys (ConfUtils.java:logGet(46)) - raft.server.rpc.slowness.timeout = 300s (custom)
2022-08-20 07:51:35,842 [Listener at 127.0.0.1/40219] INFO  server.RaftServerConfigKeys (ConfUtils.java:logGet(46)) - raft.server.leaderelection.leader.step-down.wait-time = 10s (default)
2022-08-20 07:51:35,842 [Listener at 127.0.0.1/40219] INFO  server.RaftServerConfigKeys (ConfUtils.java:logGet(46)) - raft.server.storage.dir = [/home/runner/work/ozone/ozone/hadoop-ozone/integration-test/target/test-dir/MiniOzoneClusterImpl-7272e4b8-7574-4f4a-a19b-420921f06a31/datanode-0/data/ratis] (custom)
2022-08-20 07:51:35,858 [Listener at 127.0.0.1/40219] INFO  server.XceiverServerGrpc (XceiverServerGrpc.java:<init>(132)) - GrpcServer channel type EpollServerSocketChannel
2022-08-20 07:51:35,916 [Listener at 127.0.0.1/40219] INFO  http.BaseHttpServer (BaseHttpServer.java:newHttpServer2BuilderForOzone(209)) - Starting Web-server for hddsDatanode at: http://0.0.0.0:0
2022-08-20 07:51:35,916 [Listener at 127.0.0.1/40219] INFO  http.BaseHttpServer (BaseHttpServer.java:<init>(107)) - Hadoop Security Enabled: false Ozone Security Enabled: false Ozone HTTP Security Enabled: false 
2022-08-20 07:51:35,919 [Listener at 127.0.0.1/40219] INFO  server.AuthenticationFilter (AuthenticationFilter.java:constructSecretProvider(240)) - Unable to initialize FileSignerSecretProvider, falling back to use random secrets.
2022-08-20 07:51:35,922 [Listener at 127.0.0.1/40219] WARN  http.HttpRequestLog (HttpRequestLog.java:getRequestLog(103)) - Jetty request log can only be enabled using Log4j
2022-08-20 07:51:35,925 [Listener at 127.0.0.1/40219] INFO  http.HttpServer2 (HttpServer2.java:addGlobalFilter(1029)) - Added global filter 'safety' (class=org.apache.hadoop.hdds.server.http.HttpServer2$QuotingInputFilter)
2022-08-20 07:51:35,926 [Listener at 127.0.0.1/40219] INFO  http.HttpServer2 (HttpServer2.java:addFilter(1005)) - Added filter static_user_filter (class=org.apache.hadoop.http.lib.StaticUserWebFilter$StaticUserFilter) to context hddsDatanode
2022-08-20 07:51:35,927 [Listener at 127.0.0.1/40219] INFO  http.HttpServer2 (HttpServer2.java:addFilter(1013)) - Added filter static_user_filter (class=org.apache.hadoop.http.lib.StaticUserWebFilter$StaticUserFilter) to context logs
2022-08-20 07:51:35,927 [Listener at 127.0.0.1/40219] INFO  http.HttpServer2 (HttpServer2.java:addFilter(1013)) - Added filter static_user_filter (class=org.apache.hadoop.http.lib.StaticUserWebFilter$StaticUserFilter) to context static
2022-08-20 07:51:35,929 [Listener at 127.0.0.1/40219] INFO  http.HttpServer2 (HttpServer2.java:bindListener(1248)) - Jetty bound to port 36247
2022-08-20 07:51:35,930 [Listener at 127.0.0.1/40219] INFO  server.Server (Server.java:doStart(375)) - jetty-9.4.43.v20210629; built: 2021-06-30T11:07:22.254Z; git: 526006ecfa3af7f1a27ef3a288e2bef7ea9dd7e8; jvm 1.8.0_332-b09
2022-08-20 07:51:35,935 [Listener at 127.0.0.1/40219] INFO  server.session (DefaultSessionIdManager.java:doStart(334)) - DefaultSessionIdManager workerName=node0
2022-08-20 07:51:35,935 [Listener at 127.0.0.1/40219] INFO  server.session (DefaultSessionIdManager.java:doStart(339)) - No SessionScavenger set, using defaults
2022-08-20 07:51:35,936 [Listener at 127.0.0.1/40219] INFO  server.session (HouseKeeper.java:startScavenging(132)) - node0 Scavenging every 660000ms
2022-08-20 07:51:35,937 [Listener at 127.0.0.1/40219] INFO  handler.ContextHandler (ContextHandler.java:doStart(915)) - Started o.e.j.s.ServletContextHandler@10d29fe{logs,/logs,file:///home/runner/work/ozone/ozone/hadoop-ozone/integration-test/target/log,AVAILABLE}
2022-08-20 07:51:35,937 [Listener at 127.0.0.1/40219] INFO  handler.ContextHandler (ContextHandler.java:doStart(915)) - Started o.e.j.s.ServletContextHandler@785c5b78{static,/static,jar:file:/home/runner/.m2/repository/org/apache/ozone/hdds-container-service/1.3.0-SNAPSHOT/hdds-container-service-1.3.0-SNAPSHOT.jar!/webapps/static,AVAILABLE}
2022-08-20 07:51:36,123 [Listener at 127.0.0.1/40219] INFO  handler.ContextHandler (ContextHandler.java:doStart(915)) - Started o.e.j.w.WebAppContext@618b995b{hddsDatanode,/,file:///tmp/jetty-0_0_0_0-36247-hdds-container-service-1_3_0-SNAPSHOT_jar-_-any-4606360678871438210/webapp/,AVAILABLE}{jar:file:/home/runner/.m2/repository/org/apache/ozone/hdds-container-service/1.3.0-SNAPSHOT/hdds-container-service-1.3.0-SNAPSHOT.jar!/webapps/hddsDatanode}
2022-08-20 07:51:36,125 [Listener at 127.0.0.1/40219] INFO  server.AbstractConnector (AbstractConnector.java:doStart(331)) - Started ServerConnector@4a6ce558{HTTP/1.1, (http/1.1)}{0.0.0.0:36247}
2022-08-20 07:51:36,126 [Listener at 127.0.0.1/40219] INFO  server.Server (Server.java:doStart(415)) - Started @7766ms
2022-08-20 07:51:36,126 [Listener at 127.0.0.1/40219] WARN  impl.MetricsSystemImpl (MetricsSystemImpl.java:register(279)) - Sink prometheus already exists!
2022-08-20 07:51:36,127 [Listener at 127.0.0.1/40219] INFO  http.BaseHttpServer (BaseHttpServer.java:updateConnectorAddress(329)) - HTTP server of hddsDatanode listening at http://0.0.0.0:36247
2022-08-20 07:51:36,131 [Datanode State Machine Daemon Thread] INFO  statemachine.DatanodeStateMachine (DatanodeStateMachine.java:lambda$startDaemon$0(492)) - Ozone container server started.
2022-08-20 07:51:36,132 [Listener at 127.0.0.1/40219] WARN  impl.MetricRegistriesImpl (MetricRegistriesImpl.java:addReporterRegistration(111)) - New reporters are added after registries were created. Some metrics will be missing from the reporter. Please add reporter before adding any new registry.
2022-08-20 07:51:36,132 [Listener at 127.0.0.1/40219] WARN  impl.MetricRegistriesImpl (MetricRegistriesImpl.java:addReporterRegistration(111)) - New reporters are added after registries were created. Some metrics will be missing from the reporter. Please add reporter before adding any new registry.
2022-08-20 07:51:36,132 [Listener at 127.0.0.1/40219] INFO  impl.MetricsSystemImpl (MetricsSystemImpl.java:init(158)) - HddsDatanode metrics system started (again)
2022-08-20 07:51:36,144 [Listener at 127.0.0.1/40219] INFO  ozone.HddsDatanodeService (HddsDatanodeService.java:start(236)) - HddsDatanodeService host:fv-az58-577.v01ewlpc0lrezph5nvg1m2rhcd.cx.internal.cloudapp.net ip:10.1.0.10
2022-08-20 07:51:36,152 [org.apache.hadoop.util.JvmPauseMonitor$Monitor@4c660d3] INFO  util.JvmPauseMonitor (JvmPauseMonitor.java:run(188)) - Starting JVM pause monitor
2022-08-20 07:51:36,190 [Listener at 127.0.0.1/40219] INFO  upgrade.AbstractLayoutVersionManager (AbstractLayoutVersionManager.java:init(83)) - Initializing Layout version manager with metadata layout = DATANODE_SCHEMA_V3 (version = 4), software layout = DATANODE_SCHEMA_V3 (version = 4)
2022-08-20 07:51:36,240 [Datanode State Machine Task Thread - 0] INFO  datanode.InitDatanodeState (InitDatanodeState.java:persistContainerDatanodeDetails(138)) - DatanodeDetails is persisted to /home/runner/work/ozone/ozone/hadoop-ozone/integration-test/target/test-dir/MiniOzoneClusterImpl-7272e4b8-7574-4f4a-a19b-420921f06a31/datanode-0/meta/datanode.id
2022-08-20 07:51:36,274 [Listener at 127.0.0.1/40219] INFO  reflections.Reflections (Reflections.java:scan(232)) - Reflections took 74 ms to scan 7 urls, producing 133 keys and 322 values 
2022-08-20 07:51:36,279 [Listener at 127.0.0.1/40219] INFO  statemachine.DatanodeStateMachine (DatanodeStateMachine.java:getEndPointTaskThreadPoolSize(237)) - Datanode State Machine Task Thread Pool size 2
2022-08-20 07:51:36,281 [Listener at 127.0.0.1/40219] INFO  volume.HddsVolume (HddsVolume.java:<init>(117)) - Creating HddsVolume: /home/runner/work/ozone/ozone/hadoop-ozone/integration-test/target/test-dir/MiniOzoneClusterImpl-7272e4b8-7574-4f4a-a19b-420921f06a31/datanode-1/data-0/containers/hdds of storage type : DISK capacity : 9223372036854775807
2022-08-20 07:51:36,281 [Listener at 127.0.0.1/40219] INFO  volume.MutableVolumeSet (MutableVolumeSet.java:initializeVolumeSet(174)) - Added Volume : /home/runner/work/ozone/ozone/hadoop-ozone/integration-test/target/test-dir/MiniOzoneClusterImpl-7272e4b8-7574-4f4a-a19b-420921f06a31/datanode-1/data-0/containers/hdds to VolumeSet
2022-08-20 07:51:36,281 [Listener at 127.0.0.1/40219] INFO  volume.ThrottledAsyncChecker (ThrottledAsyncChecker.java:schedule(141)) - Scheduling a check for /home/runner/work/ozone/ozone/hadoop-ozone/integration-test/target/test-dir/MiniOzoneClusterImpl-7272e4b8-7574-4f4a-a19b-420921f06a31/datanode-1/data-0/containers/hdds
2022-08-20 07:51:36,283 [om1@group-C5BA1605619E-FollowerState] INFO  impl.FollowerState (FollowerState.java:run(143)) - om1@group-C5BA1605619E-FollowerState: change to CANDIDATE, lastRpcElapsedTime:1041656590ns, electionTimeout:1034ms
2022-08-20 07:51:36,285 [Listener at 127.0.0.1/40219] INFO  volume.StorageVolumeChecker (StorageVolumeChecker.java:checkAllVolumes(202)) - Scheduled health check for volume /home/runner/work/ozone/ozone/hadoop-ozone/integration-test/target/test-dir/MiniOzoneClusterImpl-7272e4b8-7574-4f4a-a19b-420921f06a31/datanode-1/data-0/containers/hdds
2022-08-20 07:51:36,284 [om1@group-C5BA1605619E-FollowerState] INFO  impl.RoleInfo (RoleInfo.java:shutdownFollowerState(110)) - om1: shutdown om1@group-C5BA1605619E-FollowerState
2022-08-20 07:51:36,294 [om1@group-C5BA1605619E-FollowerState] INFO  server.RaftServer$Division (RaftServerImpl.java:setRole(299)) - om1@group-C5BA1605619E: changes role from  FOLLOWER to CANDIDATE at term 0 for changeToCandidate
2022-08-20 07:51:36,297 [om1@group-C5BA1605619E-FollowerState] INFO  server.RaftServerConfigKeys (ConfUtils.java:logGet(46)) - raft.server.leaderelection.pre-vote = false (custom)
2022-08-20 07:51:36,297 [om1@group-C5BA1605619E-FollowerState] INFO  impl.RoleInfo (RoleInfo.java:updateAndGet(139)) - om1: start om1@group-C5BA1605619E-LeaderElection1
2022-08-20 07:51:36,307 [Listener at 127.0.0.1/40219] INFO  volume.MutableVolumeSet (MutableVolumeSet.java:initializeVolumeSet(174)) - Added Volume : /home/runner/work/ozone/ozone/hadoop-ozone/integration-test/target/test-dir/MiniOzoneClusterImpl-7272e4b8-7574-4f4a-a19b-420921f06a31/datanode-1/data/ratis to VolumeSet
2022-08-20 07:51:36,307 [Listener at 127.0.0.1/40219] INFO  volume.ThrottledAsyncChecker (ThrottledAsyncChecker.java:schedule(141)) - Scheduling a check for /home/runner/work/ozone/ozone/hadoop-ozone/integration-test/target/test-dir/MiniOzoneClusterImpl-7272e4b8-7574-4f4a-a19b-420921f06a31/datanode-1/data/ratis
2022-08-20 07:51:36,307 [Listener at 127.0.0.1/40219] INFO  volume.StorageVolumeChecker (StorageVolumeChecker.java:checkAllVolumes(202)) - Scheduled health check for volume /home/runner/work/ozone/ozone/hadoop-ozone/integration-test/target/test-dir/MiniOzoneClusterImpl-7272e4b8-7574-4f4a-a19b-420921f06a31/datanode-1/data/ratis
2022-08-20 07:51:36,316 [om1@group-C5BA1605619E-LeaderElection1] INFO  impl.LeaderElection (LeaderElection.java:askForVotes(310)) - om1@group-C5BA1605619E-LeaderElection1 ELECTION round 0: submit vote requests at term 1 for -1: [om1|rpc:localhost:9872|priority:0], old=null
2022-08-20 07:51:36,317 [om1@group-C5BA1605619E-LeaderElection1] INFO  impl.LeaderElection (LeaderElection.java:askForVotes(312)) - om1@group-C5BA1605619E-LeaderElection1 ELECTION round 0: result PASSED (term=1)
2022-08-20 07:51:36,317 [om1@group-C5BA1605619E-LeaderElection1] INFO  impl.RoleInfo (RoleInfo.java:shutdownLeaderElection(130)) - om1: shutdown om1@group-C5BA1605619E-LeaderElection1
2022-08-20 07:51:36,318 [om1@group-C5BA1605619E-LeaderElection1] INFO  server.RaftServer$Division (RaftServerImpl.java:setRole(299)) - om1@group-C5BA1605619E: changes role from CANDIDATE to LEADER at term 1 for changeToLeader
2022-08-20 07:51:36,318 [om1@group-C5BA1605619E-LeaderElection1] INFO  server.RaftServer$Division (ServerState.java:setLeader(287)) - om1@group-C5BA1605619E: change Leader from null to om1 at term 1 for becomeLeader, leader elected after 1974ms
2022-08-20 07:51:36,328 [om1@group-C5BA1605619E-LeaderElection1] INFO  server.RaftServerConfigKeys (ConfUtils.java:logGet(46)) - raft.server.staging.catchup.gap = 1000 (default)
2022-08-20 07:51:36,333 [om1@group-C5BA1605619E-LeaderElection1] INFO  server.RaftServerConfigKeys (ConfUtils.java:logGet(46)) - raft.server.write.element-limit = 4096 (default)
2022-08-20 07:51:36,333 [om1@group-C5BA1605619E-LeaderElection1] INFO  server.RaftServerConfigKeys (ConfUtils.java:logGet(46)) - raft.server.write.byte-limit = 64MB (=67108864) (default)
2022-08-20 07:51:36,331 [Thread-150] INFO  ozoneimpl.ContainerReader (ContainerReader.java:readVolume(175)) - Finish verifying containers on volume /home/runner/work/ozone/ozone/hadoop-ozone/integration-test/target/test-dir/MiniOzoneClusterImpl-7272e4b8-7574-4f4a-a19b-420921f06a31/datanode-1/data-0/containers/hdds
2022-08-20 07:51:36,336 [Listener at 127.0.0.1/40219] INFO  ozoneimpl.OzoneContainer (OzoneContainer.java:buildContainerSet(299)) - Build ContainerSet costs 0s
2022-08-20 07:51:36,339 [Listener at 127.0.0.1/40219] INFO  server.RaftServer (ConfUtils.java:logGet(46)) - raft.rpc.type = GRPC (default)
2022-08-20 07:51:36,340 [Listener at 127.0.0.1/40219] INFO  grpc.GrpcFactory (GrpcFactory.java:checkPooledByteBufAllocatorUseCacheForAllThreads(48)) - PERFORMANCE WARNING: useCacheForAllThreads is true that may cause Netty to create a lot garbage objects and, as a result, trigger GC.
	It is recommended to disable useCacheForAllThreads by setting -Dorg.apache.ratis.thirdparty.io.netty.allocator.useCacheForAllThreads=false in command line.
2022-08-20 07:51:36,340 [Listener at 127.0.0.1/40219] INFO  grpc.GrpcConfigKeys (ConfUtils.java:logGet(46)) - raft.grpc.admin.port = 0 (custom)
2022-08-20 07:51:36,340 [Listener at 127.0.0.1/40219] INFO  grpc.GrpcConfigKeys (ConfUtils.java:logGet(46)) - raft.grpc.client.port = 0 (custom)
2022-08-20 07:51:36,340 [Listener at 127.0.0.1/40219] INFO  grpc.GrpcConfigKeys (ConfUtils.java:logGet(46)) - raft.grpc.server.port = 0 (default)
2022-08-20 07:51:36,340 [Listener at 127.0.0.1/40219] INFO  server.GrpcService (ConfUtils.java:logGet(46)) - raft.grpc.message.size.max = 32MB (=33554432) (custom)
2022-08-20 07:51:36,340 [Listener at 127.0.0.1/40219] INFO  server.RaftServerConfigKeys (ConfUtils.java:logGet(46)) - raft.server.log.appender.buffer.byte-limit = 33554432 (custom)
2022-08-20 07:51:36,341 [Listener at 127.0.0.1/40219] INFO  server.GrpcService (ConfUtils.java:logGet(46)) - raft.grpc.flow.control.window = 5MB (=5242880) (custom)
2022-08-20 07:51:36,342 [Listener at 127.0.0.1/40219] INFO  server.RaftServerConfigKeys (ConfUtils.java:logGet(46)) - raft.server.rpc.request.timeout = 60s (custom)
2022-08-20 07:51:36,342 [Listener at 127.0.0.1/40219] INFO  grpc.GrpcConfigKeys (ConfUtils.java:logGet(46)) - raft.grpc.server.async.request.thread.pool.cached = true (default)
2022-08-20 07:51:36,342 [Listener at 127.0.0.1/40219] INFO  grpc.GrpcConfigKeys (ConfUtils.java:logGet(46)) - raft.grpc.server.async.request.thread.pool.size = 32 (default)
2022-08-20 07:51:36,343 [Listener at 127.0.0.1/40219] INFO  impl.DataStreamServerImpl (ConfUtils.java:logGet(46)) - raft.datastream.type = DISABLED (default)
2022-08-20 07:51:36,343 [Listener at 127.0.0.1/40219] INFO  server.RaftServerConfigKeys (ConfUtils.java:logGet(46)) - raft.server.threadpool.proxy.cached = true (default)
2022-08-20 07:51:36,343 [Listener at 127.0.0.1/40219] INFO  server.RaftServerConfigKeys (ConfUtils.java:logGet(46)) - raft.server.threadpool.proxy.size = 0 (default)
2022-08-20 07:51:36,344 [Listener at 127.0.0.1/40219] INFO  server.RaftServerConfigKeys (ConfUtils.java:logGet(46)) - raft.server.rpc.slowness.timeout = 300s (custom)
2022-08-20 07:51:36,344 [Listener at 127.0.0.1/40219] INFO  server.RaftServerConfigKeys (ConfUtils.java:logGet(46)) - raft.server.leaderelection.leader.step-down.wait-time = 10s (default)
2022-08-20 07:51:36,344 [Listener at 127.0.0.1/40219] INFO  server.RaftServerConfigKeys (ConfUtils.java:logGet(46)) - raft.server.storage.dir = [/home/runner/work/ozone/ozone/hadoop-ozone/integration-test/target/test-dir/MiniOzoneClusterImpl-7272e4b8-7574-4f4a-a19b-420921f06a31/datanode-1/data/ratis] (custom)
2022-08-20 07:51:36,345 [om1@group-C5BA1605619E-LeaderElection1] INFO  server.RaftServerConfigKeys (ConfUtils.java:logGet(46)) - raft.server.watch.timeout = 10s (default)
2022-08-20 07:51:36,345 [om1@group-C5BA1605619E-LeaderElection1] INFO  server.RaftServerConfigKeys (ConfUtils.java:logGet(46)) - raft.server.watch.timeout.denomination = 1s (default)
2022-08-20 07:51:36,345 [om1@group-C5BA1605619E-LeaderElection1] INFO  server.RaftServerConfigKeys (ConfUtils.java:logGet(46)) - raft.server.watch.element-limit = 65536 (default)
2022-08-20 07:51:36,346 [Listener at 127.0.0.1/40219] INFO  server.XceiverServerGrpc (XceiverServerGrpc.java:<init>(132)) - GrpcServer channel type EpollServerSocketChannel
2022-08-20 07:51:36,358 [om1@group-C5BA1605619E-LeaderElection1] INFO  server.RaftServerConfigKeys (ConfUtils.java:logGet(46)) - raft.server.write.element-limit = 4096 (default)
2022-08-20 07:51:36,360 [om1@group-C5BA1605619E-LeaderElection1] INFO  server.RaftServerConfigKeys (ConfUtils.java:logGet(46)) - raft.server.write.follower.gap.ratio.max = -1.0 (default)
2022-08-20 07:51:36,362 [om1@group-C5BA1605619E-LeaderElection1] INFO  impl.RoleInfo (RoleInfo.java:updateAndGet(139)) - om1: start om1@group-C5BA1605619E-LeaderStateImpl
2022-08-20 07:51:36,363 [Listener at 127.0.0.1/40219] INFO  http.BaseHttpServer (BaseHttpServer.java:newHttpServer2BuilderForOzone(209)) - Starting Web-server for hddsDatanode at: http://0.0.0.0:0
2022-08-20 07:51:36,363 [Listener at 127.0.0.1/40219] INFO  http.BaseHttpServer (BaseHttpServer.java:<init>(107)) - Hadoop Security Enabled: false Ozone Security Enabled: false Ozone HTTP Security Enabled: false 
2022-08-20 07:51:36,364 [Listener at 127.0.0.1/40219] INFO  server.AuthenticationFilter (AuthenticationFilter.java:constructSecretProvider(240)) - Unable to initialize FileSignerSecretProvider, falling back to use random secrets.
2022-08-20 07:51:36,383 [Listener at 127.0.0.1/40219] WARN  http.HttpRequestLog (HttpRequestLog.java:getRequestLog(103)) - Jetty request log can only be enabled using Log4j
2022-08-20 07:51:36,385 [Listener at 127.0.0.1/40219] INFO  http.HttpServer2 (HttpServer2.java:addGlobalFilter(1029)) - Added global filter 'safety' (class=org.apache.hadoop.hdds.server.http.HttpServer2$QuotingInputFilter)
2022-08-20 07:51:36,386 [Listener at 127.0.0.1/40219] INFO  http.HttpServer2 (HttpServer2.java:addFilter(1005)) - Added filter static_user_filter (class=org.apache.hadoop.http.lib.StaticUserWebFilter$StaticUserFilter) to context hddsDatanode
2022-08-20 07:51:36,386 [Listener at 127.0.0.1/40219] INFO  http.HttpServer2 (HttpServer2.java:addFilter(1013)) - Added filter static_user_filter (class=org.apache.hadoop.http.lib.StaticUserWebFilter$StaticUserFilter) to context logs
2022-08-20 07:51:36,386 [Listener at 127.0.0.1/40219] INFO  http.HttpServer2 (HttpServer2.java:addFilter(1013)) - Added filter static_user_filter (class=org.apache.hadoop.http.lib.StaticUserWebFilter$StaticUserFilter) to context static
2022-08-20 07:51:36,387 [Listener at 127.0.0.1/40219] INFO  http.HttpServer2 (HttpServer2.java:bindListener(1248)) - Jetty bound to port 42511
2022-08-20 07:51:36,387 [Listener at 127.0.0.1/40219] INFO  server.Server (Server.java:doStart(375)) - jetty-9.4.43.v20210629; built: 2021-06-30T11:07:22.254Z; git: 526006ecfa3af7f1a27ef3a288e2bef7ea9dd7e8; jvm 1.8.0_332-b09
2022-08-20 07:51:36,411 [Listener at 127.0.0.1/40219] INFO  server.session (DefaultSessionIdManager.java:doStart(334)) - DefaultSessionIdManager workerName=node0
2022-08-20 07:51:36,411 [Listener at 127.0.0.1/40219] INFO  server.session (DefaultSessionIdManager.java:doStart(339)) - No SessionScavenger set, using defaults
2022-08-20 07:51:36,411 [Listener at 127.0.0.1/40219] INFO  server.session (HouseKeeper.java:startScavenging(132)) - node0 Scavenging every 600000ms
2022-08-20 07:51:36,413 [Listener at 127.0.0.1/40219] INFO  handler.ContextHandler (ContextHandler.java:doStart(915)) - Started o.e.j.s.ServletContextHandler@6c787463{logs,/logs,file:///home/runner/work/ozone/ozone/hadoop-ozone/integration-test/target/log,AVAILABLE}
2022-08-20 07:51:36,414 [Listener at 127.0.0.1/40219] INFO  handler.ContextHandler (ContextHandler.java:doStart(915)) - Started o.e.j.s.ServletContextHandler@74e7d97b{static,/static,jar:file:/home/runner/.m2/repository/org/apache/ozone/hdds-container-service/1.3.0-SNAPSHOT/hdds-container-service-1.3.0-SNAPSHOT.jar!/webapps/static,AVAILABLE}
2022-08-20 07:51:36,439 [om1@group-C5BA1605619E-LeaderElection1] INFO  segmented.SegmentedRaftLogWorker (SegmentedRaftLogWorker.java:startLogSegment(425)) - om1@group-C5BA1605619E-SegmentedRaftLogWorker: Starting segment from index:0
2022-08-20 07:51:36,517 [om1@group-C5BA1605619E-LeaderElection1] INFO  server.RaftServer$Division (ServerState.java:setRaftConf(393)) - om1@group-C5BA1605619E: set configuration 0: [om1|rpc:localhost:9872|admin:|client:|dataStream:|priority:0], old=null
2022-08-20 07:51:36,581 [om1@group-C5BA1605619E-SegmentedRaftLogWorker] INFO  segmented.SegmentedRaftLogWorker (SegmentedRaftLogWorker.java:execute(629)) - om1@group-C5BA1605619E-SegmentedRaftLogWorker: created new log segment /home/runner/work/ozone/ozone/hadoop-ozone/integration-test/target/test-dir/MiniOzoneClusterImpl-7272e4b8-7574-4f4a-a19b-420921f06a31/ozone-meta/ratis/bf265839-605b-3f16-9796-c5ba1605619e/current/log_inprogress_0
2022-08-20 07:51:36,599 [Listener at 127.0.0.1/40219] INFO  handler.ContextHandler (ContextHandler.java:doStart(915)) - Started o.e.j.w.WebAppContext@19c2a3bb{hddsDatanode,/,file:///tmp/jetty-0_0_0_0-42511-hdds-container-service-1_3_0-SNAPSHOT_jar-_-any-8527526016924157853/webapp/,AVAILABLE}{jar:file:/home/runner/.m2/repository/org/apache/ozone/hdds-container-service/1.3.0-SNAPSHOT/hdds-container-service-1.3.0-SNAPSHOT.jar!/webapps/hddsDatanode}
2022-08-20 07:51:36,601 [Listener at 127.0.0.1/40219] INFO  server.AbstractConnector (AbstractConnector.java:doStart(331)) - Started ServerConnector@3986b553{HTTP/1.1, (http/1.1)}{0.0.0.0:42511}
2022-08-20 07:51:36,601 [Listener at 127.0.0.1/40219] INFO  server.Server (Server.java:doStart(415)) - Started @8242ms
2022-08-20 07:51:36,601 [Listener at 127.0.0.1/40219] WARN  impl.MetricsSystemImpl (MetricsSystemImpl.java:register(279)) - Sink prometheus already exists!
2022-08-20 07:51:36,602 [Listener at 127.0.0.1/40219] INFO  http.BaseHttpServer (BaseHttpServer.java:updateConnectorAddress(329)) - HTTP server of hddsDatanode listening at http://0.0.0.0:42511
2022-08-20 07:51:36,613 [Listener at 127.0.0.1/40219] WARN  impl.MetricRegistriesImpl (MetricRegistriesImpl.java:addReporterRegistration(111)) - New reporters are added after registries were created. Some metrics will be missing from the reporter. Please add reporter before adding any new registry.
2022-08-20 07:51:36,613 [Listener at 127.0.0.1/40219] WARN  impl.MetricRegistriesImpl (MetricRegistriesImpl.java:addReporterRegistration(111)) - New reporters are added after registries were created. Some metrics will be missing from the reporter. Please add reporter before adding any new registry.
2022-08-20 07:51:36,613 [Listener at 127.0.0.1/40219] INFO  impl.MetricsSystemImpl (MetricsSystemImpl.java:init(158)) - HddsDatanode metrics system started (again)
2022-08-20 07:51:36,621 [Datanode State Machine Daemon Thread] INFO  statemachine.DatanodeStateMachine (DatanodeStateMachine.java:lambda$startDaemon$0(492)) - Ozone container server started.
2022-08-20 07:51:36,637 [Listener at 127.0.0.1/40219] INFO  ozone.HddsDatanodeService (HddsDatanodeService.java:start(236)) - HddsDatanodeService host:fv-az58-577.v01ewlpc0lrezph5nvg1m2rhcd.cx.internal.cloudapp.net ip:10.1.0.10
2022-08-20 07:51:36,661 [Listener at 127.0.0.1/40219] INFO  upgrade.AbstractLayoutVersionManager (AbstractLayoutVersionManager.java:init(83)) - Initializing Layout version manager with metadata layout = DATANODE_SCHEMA_V3 (version = 4), software layout = DATANODE_SCHEMA_V3 (version = 4)
2022-08-20 07:51:36,685 [org.apache.hadoop.util.JvmPauseMonitor$Monitor@17df6dd7] INFO  util.JvmPauseMonitor (JvmPauseMonitor.java:run(188)) - Starting JVM pause monitor
2022-08-20 07:51:36,696 [Datanode State Machine Task Thread - 0] INFO  datanode.InitDatanodeState (InitDatanodeState.java:persistContainerDatanodeDetails(138)) - DatanodeDetails is persisted to /home/runner/work/ozone/ozone/hadoop-ozone/integration-test/target/test-dir/MiniOzoneClusterImpl-7272e4b8-7574-4f4a-a19b-420921f06a31/datanode-1/meta/datanode.id
2022-08-20 07:51:36,737 [Listener at 127.0.0.1/40219] INFO  reflections.Reflections (Reflections.java:scan(232)) - Reflections took 75 ms to scan 7 urls, producing 133 keys and 322 values 
2022-08-20 07:51:36,737 [om1@group-C5BA1605619E-StateMachineUpdater] INFO  ratis.OzoneManagerStateMachine (OzoneManagerStateMachine.java:notifyConfigurationChanged(192)) - Received Configuration change notification from Ratis. New Peer list:
[id: "om1"
address: "localhost:9872"
]
2022-08-20 07:51:36,740 [Listener at 127.0.0.1/40219] INFO  statemachine.DatanodeStateMachine (DatanodeStateMachine.java:getEndPointTaskThreadPoolSize(237)) - Datanode State Machine Task Thread Pool size 2
2022-08-20 07:51:36,744 [Listener at 127.0.0.1/40219] INFO  volume.HddsVolume (HddsVolume.java:<init>(117)) - Creating HddsVolume: /home/runner/work/ozone/ozone/hadoop-ozone/integration-test/target/test-dir/MiniOzoneClusterImpl-7272e4b8-7574-4f4a-a19b-420921f06a31/datanode-2/data-0/containers/hdds of storage type : DISK capacity : 9223372036854775807
2022-08-20 07:51:36,744 [Listener at 127.0.0.1/40219] INFO  volume.MutableVolumeSet (MutableVolumeSet.java:initializeVolumeSet(174)) - Added Volume : /home/runner/work/ozone/ozone/hadoop-ozone/integration-test/target/test-dir/MiniOzoneClusterImpl-7272e4b8-7574-4f4a-a19b-420921f06a31/datanode-2/data-0/containers/hdds to VolumeSet
2022-08-20 07:51:36,744 [Listener at 127.0.0.1/40219] INFO  volume.ThrottledAsyncChecker (ThrottledAsyncChecker.java:schedule(141)) - Scheduling a check for /home/runner/work/ozone/ozone/hadoop-ozone/integration-test/target/test-dir/MiniOzoneClusterImpl-7272e4b8-7574-4f4a-a19b-420921f06a31/datanode-2/data-0/containers/hdds
2022-08-20 07:51:36,752 [Listener at 127.0.0.1/40219] INFO  volume.StorageVolumeChecker (StorageVolumeChecker.java:checkAllVolumes(202)) - Scheduled health check for volume /home/runner/work/ozone/ozone/hadoop-ozone/integration-test/target/test-dir/MiniOzoneClusterImpl-7272e4b8-7574-4f4a-a19b-420921f06a31/datanode-2/data-0/containers/hdds
2022-08-20 07:51:36,766 [Listener at 127.0.0.1/40219] INFO  volume.MutableVolumeSet (MutableVolumeSet.java:initializeVolumeSet(174)) - Added Volume : /home/runner/work/ozone/ozone/hadoop-ozone/integration-test/target/test-dir/MiniOzoneClusterImpl-7272e4b8-7574-4f4a-a19b-420921f06a31/datanode-2/data/ratis to VolumeSet
2022-08-20 07:51:36,766 [Listener at 127.0.0.1/40219] INFO  volume.ThrottledAsyncChecker (ThrottledAsyncChecker.java:schedule(141)) - Scheduling a check for /home/runner/work/ozone/ozone/hadoop-ozone/integration-test/target/test-dir/MiniOzoneClusterImpl-7272e4b8-7574-4f4a-a19b-420921f06a31/datanode-2/data/ratis
2022-08-20 07:51:36,767 [Listener at 127.0.0.1/40219] INFO  volume.StorageVolumeChecker (StorageVolumeChecker.java:checkAllVolumes(202)) - Scheduled health check for volume /home/runner/work/ozone/ozone/hadoop-ozone/integration-test/target/test-dir/MiniOzoneClusterImpl-7272e4b8-7574-4f4a-a19b-420921f06a31/datanode-2/data/ratis
2022-08-20 07:51:36,778 [Thread-164] INFO  ozoneimpl.ContainerReader (ContainerReader.java:readVolume(175)) - Finish verifying containers on volume /home/runner/work/ozone/ozone/hadoop-ozone/integration-test/target/test-dir/MiniOzoneClusterImpl-7272e4b8-7574-4f4a-a19b-420921f06a31/datanode-2/data-0/containers/hdds
2022-08-20 07:51:36,779 [Listener at 127.0.0.1/40219] INFO  ozoneimpl.OzoneContainer (OzoneContainer.java:buildContainerSet(299)) - Build ContainerSet costs 0s
2022-08-20 07:51:36,782 [Listener at 127.0.0.1/40219] INFO  server.RaftServer (ConfUtils.java:logGet(46)) - raft.rpc.type = GRPC (default)
2022-08-20 07:51:36,782 [Listener at 127.0.0.1/40219] INFO  grpc.GrpcFactory (GrpcFactory.java:checkPooledByteBufAllocatorUseCacheForAllThreads(48)) - PERFORMANCE WARNING: useCacheForAllThreads is true that may cause Netty to create a lot garbage objects and, as a result, trigger GC.
	It is recommended to disable useCacheForAllThreads by setting -Dorg.apache.ratis.thirdparty.io.netty.allocator.useCacheForAllThreads=false in command line.
2022-08-20 07:51:36,782 [Listener at 127.0.0.1/40219] INFO  grpc.GrpcConfigKeys (ConfUtils.java:logGet(46)) - raft.grpc.admin.port = 0 (custom)
2022-08-20 07:51:36,782 [Listener at 127.0.0.1/40219] INFO  grpc.GrpcConfigKeys (ConfUtils.java:logGet(46)) - raft.grpc.client.port = 0 (custom)
2022-08-20 07:51:36,783 [Listener at 127.0.0.1/40219] INFO  grpc.GrpcConfigKeys (ConfUtils.java:logGet(46)) - raft.grpc.server.port = 0 (default)
2022-08-20 07:51:36,783 [Listener at 127.0.0.1/40219] INFO  server.GrpcService (ConfUtils.java:logGet(46)) - raft.grpc.message.size.max = 32MB (=33554432) (custom)
2022-08-20 07:51:36,783 [Listener at 127.0.0.1/40219] INFO  server.RaftServerConfigKeys (ConfUtils.java:logGet(46)) - raft.server.log.appender.buffer.byte-limit = 33554432 (custom)
2022-08-20 07:51:36,783 [Listener at 127.0.0.1/40219] INFO  server.GrpcService (ConfUtils.java:logGet(46)) - raft.grpc.flow.control.window = 5MB (=5242880) (custom)
2022-08-20 07:51:36,783 [Listener at 127.0.0.1/40219] INFO  server.RaftServerConfigKeys (ConfUtils.java:logGet(46)) - raft.server.rpc.request.timeout = 60s (custom)
2022-08-20 07:51:36,783 [Listener at 127.0.0.1/40219] INFO  grpc.GrpcConfigKeys (ConfUtils.java:logGet(46)) - raft.grpc.server.async.request.thread.pool.cached = true (default)
2022-08-20 07:51:36,783 [Listener at 127.0.0.1/40219] INFO  grpc.GrpcConfigKeys (ConfUtils.java:logGet(46)) - raft.grpc.server.async.request.thread.pool.size = 32 (default)
2022-08-20 07:51:36,785 [Listener at 127.0.0.1/40219] INFO  impl.DataStreamServerImpl (ConfUtils.java:logGet(46)) - raft.datastream.type = DISABLED (default)
2022-08-20 07:51:36,785 [Listener at 127.0.0.1/40219] INFO  server.RaftServerConfigKeys (ConfUtils.java:logGet(46)) - raft.server.threadpool.proxy.cached = true (default)
2022-08-20 07:51:36,785 [Listener at 127.0.0.1/40219] INFO  server.RaftServerConfigKeys (ConfUtils.java:logGet(46)) - raft.server.threadpool.proxy.size = 0 (default)
2022-08-20 07:51:36,785 [Listener at 127.0.0.1/40219] INFO  server.RaftServerConfigKeys (ConfUtils.java:logGet(46)) - raft.server.rpc.slowness.timeout = 300s (custom)
2022-08-20 07:51:36,785 [Listener at 127.0.0.1/40219] INFO  server.RaftServerConfigKeys (ConfUtils.java:logGet(46)) - raft.server.leaderelection.leader.step-down.wait-time = 10s (default)
2022-08-20 07:51:36,785 [Listener at 127.0.0.1/40219] INFO  server.RaftServerConfigKeys (ConfUtils.java:logGet(46)) - raft.server.storage.dir = [/home/runner/work/ozone/ozone/hadoop-ozone/integration-test/target/test-dir/MiniOzoneClusterImpl-7272e4b8-7574-4f4a-a19b-420921f06a31/datanode-2/data/ratis] (custom)
2022-08-20 07:51:36,789 [Listener at 127.0.0.1/40219] INFO  server.XceiverServerGrpc (XceiverServerGrpc.java:<init>(132)) - GrpcServer channel type EpollServerSocketChannel
2022-08-20 07:51:36,793 [Listener at 127.0.0.1/40219] INFO  http.BaseHttpServer (BaseHttpServer.java:newHttpServer2BuilderForOzone(209)) - Starting Web-server for hddsDatanode at: http://0.0.0.0:0
2022-08-20 07:51:36,793 [Listener at 127.0.0.1/40219] INFO  http.BaseHttpServer (BaseHttpServer.java:<init>(107)) - Hadoop Security Enabled: false Ozone Security Enabled: false Ozone HTTP Security Enabled: false 
2022-08-20 07:51:36,794 [Listener at 127.0.0.1/40219] INFO  server.AuthenticationFilter (AuthenticationFilter.java:constructSecretProvider(240)) - Unable to initialize FileSignerSecretProvider, falling back to use random secrets.
2022-08-20 07:51:36,795 [Listener at 127.0.0.1/40219] WARN  http.HttpRequestLog (HttpRequestLog.java:getRequestLog(103)) - Jetty request log can only be enabled using Log4j
2022-08-20 07:51:36,797 [Listener at 127.0.0.1/40219] INFO  http.HttpServer2 (HttpServer2.java:addGlobalFilter(1029)) - Added global filter 'safety' (class=org.apache.hadoop.hdds.server.http.HttpServer2$QuotingInputFilter)
2022-08-20 07:51:36,797 [Listener at 127.0.0.1/40219] INFO  http.HttpServer2 (HttpServer2.java:addFilter(1005)) - Added filter static_user_filter (class=org.apache.hadoop.http.lib.StaticUserWebFilter$StaticUserFilter) to context hddsDatanode
2022-08-20 07:51:36,797 [Listener at 127.0.0.1/40219] INFO  http.HttpServer2 (HttpServer2.java:addFilter(1013)) - Added filter static_user_filter (class=org.apache.hadoop.http.lib.StaticUserWebFilter$StaticUserFilter) to context static
2022-08-20 07:51:36,798 [Listener at 127.0.0.1/40219] INFO  http.HttpServer2 (HttpServer2.java:addFilter(1013)) - Added filter static_user_filter (class=org.apache.hadoop.http.lib.StaticUserWebFilter$StaticUserFilter) to context logs
2022-08-20 07:51:36,800 [Listener at 127.0.0.1/40219] INFO  http.HttpServer2 (HttpServer2.java:bindListener(1248)) - Jetty bound to port 38123
2022-08-20 07:51:36,800 [Listener at 127.0.0.1/40219] INFO  server.Server (Server.java:doStart(375)) - jetty-9.4.43.v20210629; built: 2021-06-30T11:07:22.254Z; git: 526006ecfa3af7f1a27ef3a288e2bef7ea9dd7e8; jvm 1.8.0_332-b09
2022-08-20 07:51:36,803 [Listener at 127.0.0.1/40219] INFO  server.session (DefaultSessionIdManager.java:doStart(334)) - DefaultSessionIdManager workerName=node0
2022-08-20 07:51:36,803 [Listener at 127.0.0.1/40219] INFO  server.session (DefaultSessionIdManager.java:doStart(339)) - No SessionScavenger set, using defaults
2022-08-20 07:51:36,803 [Listener at 127.0.0.1/40219] INFO  server.session (HouseKeeper.java:startScavenging(132)) - node0 Scavenging every 600000ms
2022-08-20 07:51:36,804 [Listener at 127.0.0.1/40219] INFO  handler.ContextHandler (ContextHandler.java:doStart(915)) - Started o.e.j.s.ServletContextHandler@4a84239a{logs,/logs,file:///home/runner/work/ozone/ozone/hadoop-ozone/integration-test/target/log,AVAILABLE}
2022-08-20 07:51:36,804 [Listener at 127.0.0.1/40219] INFO  handler.ContextHandler (ContextHandler.java:doStart(915)) - Started o.e.j.s.ServletContextHandler@7c31a506{static,/static,jar:file:/home/runner/.m2/repository/org/apache/ozone/hdds-container-service/1.3.0-SNAPSHOT/hdds-container-service-1.3.0-SNAPSHOT.jar!/webapps/static,AVAILABLE}
2022-08-20 07:51:36,968 [Listener at 127.0.0.1/40219] INFO  handler.ContextHandler (ContextHandler.java:doStart(915)) - Started o.e.j.w.WebAppContext@2aff928a{hddsDatanode,/,file:///tmp/jetty-0_0_0_0-38123-hdds-container-service-1_3_0-SNAPSHOT_jar-_-any-9085996147396245349/webapp/,AVAILABLE}{jar:file:/home/runner/.m2/repository/org/apache/ozone/hdds-container-service/1.3.0-SNAPSHOT/hdds-container-service-1.3.0-SNAPSHOT.jar!/webapps/hddsDatanode}
2022-08-20 07:51:36,970 [Listener at 127.0.0.1/40219] INFO  server.AbstractConnector (AbstractConnector.java:doStart(331)) - Started ServerConnector@1b4f57d6{HTTP/1.1, (http/1.1)}{0.0.0.0:38123}
2022-08-20 07:51:36,970 [Listener at 127.0.0.1/40219] INFO  server.Server (Server.java:doStart(415)) - Started @8610ms
2022-08-20 07:51:36,970 [Listener at 127.0.0.1/40219] WARN  impl.MetricsSystemImpl (MetricsSystemImpl.java:register(279)) - Sink prometheus already exists!
2022-08-20 07:51:36,971 [Listener at 127.0.0.1/40219] INFO  http.BaseHttpServer (BaseHttpServer.java:updateConnectorAddress(329)) - HTTP server of hddsDatanode listening at http://0.0.0.0:38123
2022-08-20 07:51:36,973 [Datanode State Machine Daemon Thread] INFO  statemachine.DatanodeStateMachine (DatanodeStateMachine.java:lambda$startDaemon$0(492)) - Ozone container server started.
2022-08-20 07:51:36,973 [Listener at 127.0.0.1/40219] WARN  impl.MetricRegistriesImpl (MetricRegistriesImpl.java:addReporterRegistration(111)) - New reporters are added after registries were created. Some metrics will be missing from the reporter. Please add reporter before adding any new registry.
2022-08-20 07:51:36,975 [Listener at 127.0.0.1/40219] WARN  impl.MetricRegistriesImpl (MetricRegistriesImpl.java:addReporterRegistration(111)) - New reporters are added after registries were created. Some metrics will be missing from the reporter. Please add reporter before adding any new registry.
2022-08-20 07:51:36,975 [Listener at 127.0.0.1/40219] INFO  impl.MetricsSystemImpl (MetricsSystemImpl.java:init(158)) - HddsDatanode metrics system started (again)
2022-08-20 07:51:36,986 [Listener at 127.0.0.1/40219] INFO  ozone.HddsDatanodeService (HddsDatanodeService.java:start(236)) - HddsDatanodeService host:fv-az58-577.v01ewlpc0lrezph5nvg1m2rhcd.cx.internal.cloudapp.net ip:10.1.0.10
2022-08-20 07:51:36,998 [org.apache.hadoop.util.JvmPauseMonitor$Monitor@7d241e2e] INFO  util.JvmPauseMonitor (JvmPauseMonitor.java:run(188)) - Starting JVM pause monitor
2022-08-20 07:51:37,004 [Datanode State Machine Task Thread - 0] INFO  datanode.InitDatanodeState (InitDatanodeState.java:persistContainerDatanodeDetails(138)) - DatanodeDetails is persisted to /home/runner/work/ozone/ozone/hadoop-ozone/integration-test/target/test-dir/MiniOzoneClusterImpl-7272e4b8-7574-4f4a-a19b-420921f06a31/datanode-2/meta/datanode.id
2022-08-20 07:51:37,017 [Listener at 127.0.0.1/40219] INFO  upgrade.AbstractLayoutVersionManager (AbstractLayoutVersionManager.java:init(83)) - Initializing Layout version manager with metadata layout = DATANODE_SCHEMA_V3 (version = 4), software layout = DATANODE_SCHEMA_V3 (version = 4)
2022-08-20 07:51:37,064 [Listener at 127.0.0.1/40219] INFO  reflections.Reflections (Reflections.java:scan(232)) - Reflections took 45 ms to scan 7 urls, producing 133 keys and 322 values 
2022-08-20 07:51:37,065 [Listener at 127.0.0.1/40219] INFO  statemachine.DatanodeStateMachine (DatanodeStateMachine.java:getEndPointTaskThreadPoolSize(237)) - Datanode State Machine Task Thread Pool size 2
2022-08-20 07:51:37,067 [Listener at 127.0.0.1/40219] INFO  volume.HddsVolume (HddsVolume.java:<init>(117)) - Creating HddsVolume: /home/runner/work/ozone/ozone/hadoop-ozone/integration-test/target/test-dir/MiniOzoneClusterImpl-7272e4b8-7574-4f4a-a19b-420921f06a31/datanode-3/data-0/containers/hdds of storage type : DISK capacity : 9223372036854775807
2022-08-20 07:51:37,068 [Listener at 127.0.0.1/40219] INFO  volume.MutableVolumeSet (MutableVolumeSet.java:initializeVolumeSet(174)) - Added Volume : /home/runner/work/ozone/ozone/hadoop-ozone/integration-test/target/test-dir/MiniOzoneClusterImpl-7272e4b8-7574-4f4a-a19b-420921f06a31/datanode-3/data-0/containers/hdds to VolumeSet
2022-08-20 07:51:37,068 [Listener at 127.0.0.1/40219] INFO  volume.ThrottledAsyncChecker (ThrottledAsyncChecker.java:schedule(141)) - Scheduling a check for /home/runner/work/ozone/ozone/hadoop-ozone/integration-test/target/test-dir/MiniOzoneClusterImpl-7272e4b8-7574-4f4a-a19b-420921f06a31/datanode-3/data-0/containers/hdds
2022-08-20 07:51:37,069 [Listener at 127.0.0.1/40219] INFO  volume.StorageVolumeChecker (StorageVolumeChecker.java:checkAllVolumes(202)) - Scheduled health check for volume /home/runner/work/ozone/ozone/hadoop-ozone/integration-test/target/test-dir/MiniOzoneClusterImpl-7272e4b8-7574-4f4a-a19b-420921f06a31/datanode-3/data-0/containers/hdds
2022-08-20 07:51:37,080 [Listener at 127.0.0.1/40219] INFO  volume.MutableVolumeSet (MutableVolumeSet.java:initializeVolumeSet(174)) - Added Volume : /home/runner/work/ozone/ozone/hadoop-ozone/integration-test/target/test-dir/MiniOzoneClusterImpl-7272e4b8-7574-4f4a-a19b-420921f06a31/datanode-3/data/ratis to VolumeSet
2022-08-20 07:51:37,080 [Listener at 127.0.0.1/40219] INFO  volume.ThrottledAsyncChecker (ThrottledAsyncChecker.java:schedule(141)) - Scheduling a check for /home/runner/work/ozone/ozone/hadoop-ozone/integration-test/target/test-dir/MiniOzoneClusterImpl-7272e4b8-7574-4f4a-a19b-420921f06a31/datanode-3/data/ratis
2022-08-20 07:51:37,080 [Listener at 127.0.0.1/40219] INFO  volume.StorageVolumeChecker (StorageVolumeChecker.java:checkAllVolumes(202)) - Scheduled health check for volume /home/runner/work/ozone/ozone/hadoop-ozone/integration-test/target/test-dir/MiniOzoneClusterImpl-7272e4b8-7574-4f4a-a19b-420921f06a31/datanode-3/data/ratis
2022-08-20 07:51:37,094 [Thread-177] INFO  ozoneimpl.ContainerReader (ContainerReader.java:readVolume(175)) - Finish verifying containers on volume /home/runner/work/ozone/ozone/hadoop-ozone/integration-test/target/test-dir/MiniOzoneClusterImpl-7272e4b8-7574-4f4a-a19b-420921f06a31/datanode-3/data-0/containers/hdds
2022-08-20 07:51:37,094 [Listener at 127.0.0.1/40219] INFO  ozoneimpl.OzoneContainer (OzoneContainer.java:buildContainerSet(299)) - Build ContainerSet costs 0s
2022-08-20 07:51:37,097 [Listener at 127.0.0.1/40219] INFO  server.RaftServer (ConfUtils.java:logGet(46)) - raft.rpc.type = GRPC (default)
2022-08-20 07:51:37,097 [Listener at 127.0.0.1/40219] INFO  grpc.GrpcFactory (GrpcFactory.java:checkPooledByteBufAllocatorUseCacheForAllThreads(48)) - PERFORMANCE WARNING: useCacheForAllThreads is true that may cause Netty to create a lot garbage objects and, as a result, trigger GC.
	It is recommended to disable useCacheForAllThreads by setting -Dorg.apache.ratis.thirdparty.io.netty.allocator.useCacheForAllThreads=false in command line.
2022-08-20 07:51:37,097 [Listener at 127.0.0.1/40219] INFO  grpc.GrpcConfigKeys (ConfUtils.java:logGet(46)) - raft.grpc.admin.port = 0 (custom)
2022-08-20 07:51:37,097 [Listener at 127.0.0.1/40219] INFO  grpc.GrpcConfigKeys (ConfUtils.java:logGet(46)) - raft.grpc.client.port = 0 (custom)
2022-08-20 07:51:37,097 [Listener at 127.0.0.1/40219] INFO  grpc.GrpcConfigKeys (ConfUtils.java:logGet(46)) - raft.grpc.server.port = 0 (default)
2022-08-20 07:51:37,098 [Listener at 127.0.0.1/40219] INFO  server.GrpcService (ConfUtils.java:logGet(46)) - raft.grpc.message.size.max = 32MB (=33554432) (custom)
2022-08-20 07:51:37,098 [Listener at 127.0.0.1/40219] INFO  server.RaftServerConfigKeys (ConfUtils.java:logGet(46)) - raft.server.log.appender.buffer.byte-limit = 33554432 (custom)
2022-08-20 07:51:37,098 [Listener at 127.0.0.1/40219] INFO  server.GrpcService (ConfUtils.java:logGet(46)) - raft.grpc.flow.control.window = 5MB (=5242880) (custom)
2022-08-20 07:51:37,098 [Listener at 127.0.0.1/40219] INFO  server.RaftServerConfigKeys (ConfUtils.java:logGet(46)) - raft.server.rpc.request.timeout = 60s (custom)
2022-08-20 07:51:37,098 [Listener at 127.0.0.1/40219] INFO  grpc.GrpcConfigKeys (ConfUtils.java:logGet(46)) - raft.grpc.server.async.request.thread.pool.cached = true (default)
2022-08-20 07:51:37,098 [Listener at 127.0.0.1/40219] INFO  grpc.GrpcConfigKeys (ConfUtils.java:logGet(46)) - raft.grpc.server.async.request.thread.pool.size = 32 (default)
2022-08-20 07:51:37,099 [Listener at 127.0.0.1/40219] INFO  impl.DataStreamServerImpl (ConfUtils.java:logGet(46)) - raft.datastream.type = DISABLED (default)
2022-08-20 07:51:37,100 [Listener at 127.0.0.1/40219] INFO  server.RaftServerConfigKeys (ConfUtils.java:logGet(46)) - raft.server.threadpool.proxy.cached = true (default)
2022-08-20 07:51:37,100 [Listener at 127.0.0.1/40219] INFO  server.RaftServerConfigKeys (ConfUtils.java:logGet(46)) - raft.server.threadpool.proxy.size = 0 (default)
2022-08-20 07:51:37,100 [Listener at 127.0.0.1/40219] INFO  server.RaftServerConfigKeys (ConfUtils.java:logGet(46)) - raft.server.rpc.slowness.timeout = 300s (custom)
2022-08-20 07:51:37,100 [Listener at 127.0.0.1/40219] INFO  server.RaftServerConfigKeys (ConfUtils.java:logGet(46)) - raft.server.leaderelection.leader.step-down.wait-time = 10s (default)
2022-08-20 07:51:37,100 [Listener at 127.0.0.1/40219] INFO  server.RaftServerConfigKeys (ConfUtils.java:logGet(46)) - raft.server.storage.dir = [/home/runner/work/ozone/ozone/hadoop-ozone/integration-test/target/test-dir/MiniOzoneClusterImpl-7272e4b8-7574-4f4a-a19b-420921f06a31/datanode-3/data/ratis] (custom)
2022-08-20 07:51:37,102 [Listener at 127.0.0.1/40219] INFO  server.XceiverServerGrpc (XceiverServerGrpc.java:<init>(132)) - GrpcServer channel type EpollServerSocketChannel
2022-08-20 07:51:37,105 [Listener at 127.0.0.1/40219] INFO  http.BaseHttpServer (BaseHttpServer.java:newHttpServer2BuilderForOzone(209)) - Starting Web-server for hddsDatanode at: http://0.0.0.0:0
2022-08-20 07:51:37,105 [Listener at 127.0.0.1/40219] INFO  http.BaseHttpServer (BaseHttpServer.java:<init>(107)) - Hadoop Security Enabled: false Ozone Security Enabled: false Ozone HTTP Security Enabled: false 
2022-08-20 07:51:37,106 [Listener at 127.0.0.1/40219] INFO  server.AuthenticationFilter (AuthenticationFilter.java:constructSecretProvider(240)) - Unable to initialize FileSignerSecretProvider, falling back to use random secrets.
2022-08-20 07:51:37,107 [Listener at 127.0.0.1/40219] WARN  http.HttpRequestLog (HttpRequestLog.java:getRequestLog(103)) - Jetty request log can only be enabled using Log4j
2022-08-20 07:51:37,108 [Listener at 127.0.0.1/40219] INFO  http.HttpServer2 (HttpServer2.java:addGlobalFilter(1029)) - Added global filter 'safety' (class=org.apache.hadoop.hdds.server.http.HttpServer2$QuotingInputFilter)
2022-08-20 07:51:37,109 [Listener at 127.0.0.1/40219] INFO  http.HttpServer2 (HttpServer2.java:addFilter(1005)) - Added filter static_user_filter (class=org.apache.hadoop.http.lib.StaticUserWebFilter$StaticUserFilter) to context hddsDatanode
2022-08-20 07:51:37,109 [Listener at 127.0.0.1/40219] INFO  http.HttpServer2 (HttpServer2.java:addFilter(1013)) - Added filter static_user_filter (class=org.apache.hadoop.http.lib.StaticUserWebFilter$StaticUserFilter) to context logs
2022-08-20 07:51:37,109 [Listener at 127.0.0.1/40219] INFO  http.HttpServer2 (HttpServer2.java:addFilter(1013)) - Added filter static_user_filter (class=org.apache.hadoop.http.lib.StaticUserWebFilter$StaticUserFilter) to context static
2022-08-20 07:51:37,110 [Listener at 127.0.0.1/40219] INFO  http.HttpServer2 (HttpServer2.java:bindListener(1248)) - Jetty bound to port 39017
2022-08-20 07:51:37,110 [Listener at 127.0.0.1/40219] INFO  server.Server (Server.java:doStart(375)) - jetty-9.4.43.v20210629; built: 2021-06-30T11:07:22.254Z; git: 526006ecfa3af7f1a27ef3a288e2bef7ea9dd7e8; jvm 1.8.0_332-b09
2022-08-20 07:51:37,114 [Listener at 127.0.0.1/40219] INFO  server.session (DefaultSessionIdManager.java:doStart(334)) - DefaultSessionIdManager workerName=node0
2022-08-20 07:51:37,114 [Listener at 127.0.0.1/40219] INFO  server.session (DefaultSessionIdManager.java:doStart(339)) - No SessionScavenger set, using defaults
2022-08-20 07:51:37,115 [Listener at 127.0.0.1/40219] INFO  server.session (HouseKeeper.java:startScavenging(132)) - node0 Scavenging every 600000ms
2022-08-20 07:51:37,115 [Listener at 127.0.0.1/40219] INFO  handler.ContextHandler (ContextHandler.java:doStart(915)) - Started o.e.j.s.ServletContextHandler@e0986ed{logs,/logs,file:///home/runner/work/ozone/ozone/hadoop-ozone/integration-test/target/log,AVAILABLE}
2022-08-20 07:51:37,116 [Listener at 127.0.0.1/40219] INFO  handler.ContextHandler (ContextHandler.java:doStart(915)) - Started o.e.j.s.ServletContextHandler@44c59ea1{static,/static,jar:file:/home/runner/.m2/repository/org/apache/ozone/hdds-container-service/1.3.0-SNAPSHOT/hdds-container-service-1.3.0-SNAPSHOT.jar!/webapps/static,AVAILABLE}
2022-08-20 07:51:37,278 [Listener at 127.0.0.1/40219] INFO  handler.ContextHandler (ContextHandler.java:doStart(915)) - Started o.e.j.w.WebAppContext@4536cfd3{hddsDatanode,/,file:///tmp/jetty-0_0_0_0-39017-hdds-container-service-1_3_0-SNAPSHOT_jar-_-any-9061563309407525237/webapp/,AVAILABLE}{jar:file:/home/runner/.m2/repository/org/apache/ozone/hdds-container-service/1.3.0-SNAPSHOT/hdds-container-service-1.3.0-SNAPSHOT.jar!/webapps/hddsDatanode}
2022-08-20 07:51:37,279 [Listener at 127.0.0.1/40219] INFO  server.AbstractConnector (AbstractConnector.java:doStart(331)) - Started ServerConnector@631f8c82{HTTP/1.1, (http/1.1)}{0.0.0.0:39017}
2022-08-20 07:51:37,280 [Listener at 127.0.0.1/40219] INFO  server.Server (Server.java:doStart(415)) - Started @8920ms
2022-08-20 07:51:37,280 [Listener at 127.0.0.1/40219] WARN  impl.MetricsSystemImpl (MetricsSystemImpl.java:register(279)) - Sink prometheus already exists!
2022-08-20 07:51:37,280 [Listener at 127.0.0.1/40219] INFO  http.BaseHttpServer (BaseHttpServer.java:updateConnectorAddress(329)) - HTTP server of hddsDatanode listening at http://0.0.0.0:39017
2022-08-20 07:51:37,281 [Listener at 127.0.0.1/40219] WARN  impl.MetricRegistriesImpl (MetricRegistriesImpl.java:addReporterRegistration(111)) - New reporters are added after registries were created. Some metrics will be missing from the reporter. Please add reporter before adding any new registry.
2022-08-20 07:51:37,281 [Listener at 127.0.0.1/40219] WARN  impl.MetricRegistriesImpl (MetricRegistriesImpl.java:addReporterRegistration(111)) - New reporters are added after registries were created. Some metrics will be missing from the reporter. Please add reporter before adding any new registry.
2022-08-20 07:51:37,281 [Listener at 127.0.0.1/40219] INFO  impl.MetricsSystemImpl (MetricsSystemImpl.java:init(158)) - HddsDatanode metrics system started (again)
2022-08-20 07:51:37,282 [Datanode State Machine Daemon Thread] INFO  statemachine.DatanodeStateMachine (DatanodeStateMachine.java:lambda$startDaemon$0(492)) - Ozone container server started.
2022-08-20 07:51:37,293 [Listener at 127.0.0.1/40219] INFO  ozone.HddsDatanodeService (HddsDatanodeService.java:start(236)) - HddsDatanodeService host:fv-az58-577.v01ewlpc0lrezph5nvg1m2rhcd.cx.internal.cloudapp.net ip:10.1.0.10
2022-08-20 07:51:37,294 [org.apache.hadoop.util.JvmPauseMonitor$Monitor@38c06c6c] INFO  util.JvmPauseMonitor (JvmPauseMonitor.java:run(188)) - Starting JVM pause monitor
2022-08-20 07:51:37,299 [Datanode State Machine Task Thread - 0] INFO  datanode.InitDatanodeState (InitDatanodeState.java:persistContainerDatanodeDetails(138)) - DatanodeDetails is persisted to /home/runner/work/ozone/ozone/hadoop-ozone/integration-test/target/test-dir/MiniOzoneClusterImpl-7272e4b8-7574-4f4a-a19b-420921f06a31/datanode-3/meta/datanode.id
2022-08-20 07:51:37,315 [Listener at 127.0.0.1/40219] INFO  upgrade.AbstractLayoutVersionManager (AbstractLayoutVersionManager.java:init(83)) - Initializing Layout version manager with metadata layout = DATANODE_SCHEMA_V3 (version = 4), software layout = DATANODE_SCHEMA_V3 (version = 4)
2022-08-20 07:51:37,358 [Listener at 127.0.0.1/40219] INFO  reflections.Reflections (Reflections.java:scan(232)) - Reflections took 42 ms to scan 7 urls, producing 133 keys and 322 values 
2022-08-20 07:51:37,360 [Listener at 127.0.0.1/40219] INFO  statemachine.DatanodeStateMachine (DatanodeStateMachine.java:getEndPointTaskThreadPoolSize(237)) - Datanode State Machine Task Thread Pool size 2
2022-08-20 07:51:37,369 [Listener at 127.0.0.1/40219] INFO  volume.HddsVolume (HddsVolume.java:<init>(117)) - Creating HddsVolume: /home/runner/work/ozone/ozone/hadoop-ozone/integration-test/target/test-dir/MiniOzoneClusterImpl-7272e4b8-7574-4f4a-a19b-420921f06a31/datanode-4/data-0/containers/hdds of storage type : DISK capacity : 9223372036854775807
2022-08-20 07:51:37,369 [Listener at 127.0.0.1/40219] INFO  volume.MutableVolumeSet (MutableVolumeSet.java:initializeVolumeSet(174)) - Added Volume : /home/runner/work/ozone/ozone/hadoop-ozone/integration-test/target/test-dir/MiniOzoneClusterImpl-7272e4b8-7574-4f4a-a19b-420921f06a31/datanode-4/data-0/containers/hdds to VolumeSet
2022-08-20 07:51:37,369 [Listener at 127.0.0.1/40219] INFO  volume.ThrottledAsyncChecker (ThrottledAsyncChecker.java:schedule(141)) - Scheduling a check for /home/runner/work/ozone/ozone/hadoop-ozone/integration-test/target/test-dir/MiniOzoneClusterImpl-7272e4b8-7574-4f4a-a19b-420921f06a31/datanode-4/data-0/containers/hdds
2022-08-20 07:51:37,370 [Listener at 127.0.0.1/40219] INFO  volume.StorageVolumeChecker (StorageVolumeChecker.java:checkAllVolumes(202)) - Scheduled health check for volume /home/runner/work/ozone/ozone/hadoop-ozone/integration-test/target/test-dir/MiniOzoneClusterImpl-7272e4b8-7574-4f4a-a19b-420921f06a31/datanode-4/data-0/containers/hdds
2022-08-20 07:51:37,382 [Listener at 127.0.0.1/40219] INFO  volume.MutableVolumeSet (MutableVolumeSet.java:initializeVolumeSet(174)) - Added Volume : /home/runner/work/ozone/ozone/hadoop-ozone/integration-test/target/test-dir/MiniOzoneClusterImpl-7272e4b8-7574-4f4a-a19b-420921f06a31/datanode-4/data/ratis to VolumeSet
2022-08-20 07:51:37,382 [Listener at 127.0.0.1/40219] INFO  volume.ThrottledAsyncChecker (ThrottledAsyncChecker.java:schedule(141)) - Scheduling a check for /home/runner/work/ozone/ozone/hadoop-ozone/integration-test/target/test-dir/MiniOzoneClusterImpl-7272e4b8-7574-4f4a-a19b-420921f06a31/datanode-4/data/ratis
2022-08-20 07:51:37,383 [Listener at 127.0.0.1/40219] INFO  volume.StorageVolumeChecker (StorageVolumeChecker.java:checkAllVolumes(202)) - Scheduled health check for volume /home/runner/work/ozone/ozone/hadoop-ozone/integration-test/target/test-dir/MiniOzoneClusterImpl-7272e4b8-7574-4f4a-a19b-420921f06a31/datanode-4/data/ratis
2022-08-20 07:51:37,393 [Thread-190] INFO  ozoneimpl.ContainerReader (ContainerReader.java:readVolume(175)) - Finish verifying containers on volume /home/runner/work/ozone/ozone/hadoop-ozone/integration-test/target/test-dir/MiniOzoneClusterImpl-7272e4b8-7574-4f4a-a19b-420921f06a31/datanode-4/data-0/containers/hdds
2022-08-20 07:51:37,393 [Listener at 127.0.0.1/40219] INFO  ozoneimpl.OzoneContainer (OzoneContainer.java:buildContainerSet(299)) - Build ContainerSet costs 0s
2022-08-20 07:51:37,396 [Listener at 127.0.0.1/40219] INFO  server.RaftServer (ConfUtils.java:logGet(46)) - raft.rpc.type = GRPC (default)
2022-08-20 07:51:37,396 [Listener at 127.0.0.1/40219] INFO  grpc.GrpcFactory (GrpcFactory.java:checkPooledByteBufAllocatorUseCacheForAllThreads(48)) - PERFORMANCE WARNING: useCacheForAllThreads is true that may cause Netty to create a lot garbage objects and, as a result, trigger GC.
	It is recommended to disable useCacheForAllThreads by setting -Dorg.apache.ratis.thirdparty.io.netty.allocator.useCacheForAllThreads=false in command line.
2022-08-20 07:51:37,396 [Listener at 127.0.0.1/40219] INFO  grpc.GrpcConfigKeys (ConfUtils.java:logGet(46)) - raft.grpc.admin.port = 0 (custom)
2022-08-20 07:51:37,397 [Listener at 127.0.0.1/40219] INFO  grpc.GrpcConfigKeys (ConfUtils.java:logGet(46)) - raft.grpc.client.port = 0 (custom)
2022-08-20 07:51:37,397 [Listener at 127.0.0.1/40219] INFO  grpc.GrpcConfigKeys (ConfUtils.java:logGet(46)) - raft.grpc.server.port = 0 (default)
2022-08-20 07:51:37,397 [Listener at 127.0.0.1/40219] INFO  server.GrpcService (ConfUtils.java:logGet(46)) - raft.grpc.message.size.max = 32MB (=33554432) (custom)
2022-08-20 07:51:37,397 [Listener at 127.0.0.1/40219] INFO  server.RaftServerConfigKeys (ConfUtils.java:logGet(46)) - raft.server.log.appender.buffer.byte-limit = 33554432 (custom)
2022-08-20 07:51:37,397 [Listener at 127.0.0.1/40219] INFO  server.GrpcService (ConfUtils.java:logGet(46)) - raft.grpc.flow.control.window = 5MB (=5242880) (custom)
2022-08-20 07:51:37,397 [Listener at 127.0.0.1/40219] INFO  server.RaftServerConfigKeys (ConfUtils.java:logGet(46)) - raft.server.rpc.request.timeout = 60s (custom)
2022-08-20 07:51:37,397 [Listener at 127.0.0.1/40219] INFO  grpc.GrpcConfigKeys (ConfUtils.java:logGet(46)) - raft.grpc.server.async.request.thread.pool.cached = true (default)
2022-08-20 07:51:37,397 [Listener at 127.0.0.1/40219] INFO  grpc.GrpcConfigKeys (ConfUtils.java:logGet(46)) - raft.grpc.server.async.request.thread.pool.size = 32 (default)
2022-08-20 07:51:37,399 [Listener at 127.0.0.1/40219] INFO  impl.DataStreamServerImpl (ConfUtils.java:logGet(46)) - raft.datastream.type = DISABLED (default)
2022-08-20 07:51:37,399 [Listener at 127.0.0.1/40219] INFO  server.RaftServerConfigKeys (ConfUtils.java:logGet(46)) - raft.server.threadpool.proxy.cached = true (default)
2022-08-20 07:51:37,399 [Listener at 127.0.0.1/40219] INFO  server.RaftServerConfigKeys (ConfUtils.java:logGet(46)) - raft.server.threadpool.proxy.size = 0 (default)
2022-08-20 07:51:37,399 [Listener at 127.0.0.1/40219] INFO  server.RaftServerConfigKeys (ConfUtils.java:logGet(46)) - raft.server.rpc.slowness.timeout = 300s (custom)
2022-08-20 07:51:37,399 [Listener at 127.0.0.1/40219] INFO  server.RaftServerConfigKeys (ConfUtils.java:logGet(46)) - raft.server.leaderelection.leader.step-down.wait-time = 10s (default)
2022-08-20 07:51:37,399 [Listener at 127.0.0.1/40219] INFO  server.RaftServerConfigKeys (ConfUtils.java:logGet(46)) - raft.server.storage.dir = [/home/runner/work/ozone/ozone/hadoop-ozone/integration-test/target/test-dir/MiniOzoneClusterImpl-7272e4b8-7574-4f4a-a19b-420921f06a31/datanode-4/data/ratis] (custom)
2022-08-20 07:51:37,403 [Listener at 127.0.0.1/40219] INFO  server.XceiverServerGrpc (XceiverServerGrpc.java:<init>(132)) - GrpcServer channel type EpollServerSocketChannel
2022-08-20 07:51:37,407 [Listener at 127.0.0.1/40219] INFO  http.BaseHttpServer (BaseHttpServer.java:newHttpServer2BuilderForOzone(209)) - Starting Web-server for hddsDatanode at: http://0.0.0.0:0
2022-08-20 07:51:37,407 [Listener at 127.0.0.1/40219] INFO  http.BaseHttpServer (BaseHttpServer.java:<init>(107)) - Hadoop Security Enabled: false Ozone Security Enabled: false Ozone HTTP Security Enabled: false 
2022-08-20 07:51:37,409 [Listener at 127.0.0.1/40219] INFO  server.AuthenticationFilter (AuthenticationFilter.java:constructSecretProvider(240)) - Unable to initialize FileSignerSecretProvider, falling back to use random secrets.
2022-08-20 07:51:37,412 [Listener at 127.0.0.1/40219] WARN  http.HttpRequestLog (HttpRequestLog.java:getRequestLog(103)) - Jetty request log can only be enabled using Log4j
2022-08-20 07:51:37,413 [Listener at 127.0.0.1/40219] INFO  http.HttpServer2 (HttpServer2.java:addGlobalFilter(1029)) - Added global filter 'safety' (class=org.apache.hadoop.hdds.server.http.HttpServer2$QuotingInputFilter)
2022-08-20 07:51:37,414 [Listener at 127.0.0.1/40219] INFO  http.HttpServer2 (HttpServer2.java:addFilter(1005)) - Added filter static_user_filter (class=org.apache.hadoop.http.lib.StaticUserWebFilter$StaticUserFilter) to context hddsDatanode
2022-08-20 07:51:37,414 [Listener at 127.0.0.1/40219] INFO  http.HttpServer2 (HttpServer2.java:addFilter(1013)) - Added filter static_user_filter (class=org.apache.hadoop.http.lib.StaticUserWebFilter$StaticUserFilter) to context logs
2022-08-20 07:51:37,414 [Listener at 127.0.0.1/40219] INFO  http.HttpServer2 (HttpServer2.java:addFilter(1013)) - Added filter static_user_filter (class=org.apache.hadoop.http.lib.StaticUserWebFilter$StaticUserFilter) to context static
2022-08-20 07:51:37,415 [Listener at 127.0.0.1/40219] INFO  http.HttpServer2 (HttpServer2.java:bindListener(1248)) - Jetty bound to port 35491
2022-08-20 07:51:37,415 [Listener at 127.0.0.1/40219] INFO  server.Server (Server.java:doStart(375)) - jetty-9.4.43.v20210629; built: 2021-06-30T11:07:22.254Z; git: 526006ecfa3af7f1a27ef3a288e2bef7ea9dd7e8; jvm 1.8.0_332-b09
2022-08-20 07:51:37,419 [Listener at 127.0.0.1/40219] INFO  server.session (DefaultSessionIdManager.java:doStart(334)) - DefaultSessionIdManager workerName=node0
2022-08-20 07:51:37,419 [Listener at 127.0.0.1/40219] INFO  server.session (DefaultSessionIdManager.java:doStart(339)) - No SessionScavenger set, using defaults
2022-08-20 07:51:37,419 [Listener at 127.0.0.1/40219] INFO  server.session (HouseKeeper.java:startScavenging(132)) - node0 Scavenging every 600000ms
2022-08-20 07:51:37,421 [Listener at 127.0.0.1/40219] INFO  handler.ContextHandler (ContextHandler.java:doStart(915)) - Started o.e.j.s.ServletContextHandler@1f60412a{logs,/logs,file:///home/runner/work/ozone/ozone/hadoop-ozone/integration-test/target/log,AVAILABLE}
2022-08-20 07:51:37,421 [Listener at 127.0.0.1/40219] INFO  handler.ContextHandler (ContextHandler.java:doStart(915)) - Started o.e.j.s.ServletContextHandler@3755b8da{static,/static,jar:file:/home/runner/.m2/repository/org/apache/ozone/hdds-container-service/1.3.0-SNAPSHOT/hdds-container-service-1.3.0-SNAPSHOT.jar!/webapps/static,AVAILABLE}
2022-08-20 07:51:37,583 [Listener at 127.0.0.1/40219] INFO  handler.ContextHandler (ContextHandler.java:doStart(915)) - Started o.e.j.w.WebAppContext@158b5594{hddsDatanode,/,file:///tmp/jetty-0_0_0_0-35491-hdds-container-service-1_3_0-SNAPSHOT_jar-_-any-7164181421916134770/webapp/,AVAILABLE}{jar:file:/home/runner/.m2/repository/org/apache/ozone/hdds-container-service/1.3.0-SNAPSHOT/hdds-container-service-1.3.0-SNAPSHOT.jar!/webapps/hddsDatanode}
2022-08-20 07:51:37,584 [Listener at 127.0.0.1/40219] INFO  server.AbstractConnector (AbstractConnector.java:doStart(331)) - Started ServerConnector@2f4210a8{HTTP/1.1, (http/1.1)}{0.0.0.0:35491}
2022-08-20 07:51:37,585 [Listener at 127.0.0.1/40219] INFO  server.Server (Server.java:doStart(415)) - Started @9225ms
2022-08-20 07:51:37,585 [Listener at 127.0.0.1/40219] WARN  impl.MetricsSystemImpl (MetricsSystemImpl.java:register(279)) - Sink prometheus already exists!
2022-08-20 07:51:37,585 [Listener at 127.0.0.1/40219] INFO  http.BaseHttpServer (BaseHttpServer.java:updateConnectorAddress(329)) - HTTP server of hddsDatanode listening at http://0.0.0.0:35491
2022-08-20 07:51:37,587 [Listener at 127.0.0.1/40219] INFO  ozone.MiniOzoneClusterImpl (MiniOzoneClusterImpl.java:lambda$waitForClusterToBeReady$0(216)) - Waiting for nodes to be ready. Got 0 of 5 DN Heartbeats.
2022-08-20 07:51:37,587 [Listener at 127.0.0.1/40219] INFO  ozone.MiniOzoneClusterImpl (MiniOzoneClusterImpl.java:lambda$waitForClusterToBeReady$0(219)) - Waiting for cluster to exit safe mode
2022-08-20 07:51:37,587 [Listener at 127.0.0.1/40219] INFO  ozone.MiniOzoneClusterImpl (MiniOzoneClusterImpl.java:lambda$waitForClusterToBeReady$0(221)) - SCM became leader
2022-08-20 07:51:37,588 [Datanode State Machine Daemon Thread] INFO  statemachine.DatanodeStateMachine (DatanodeStateMachine.java:lambda$startDaemon$0(492)) - Ozone container server started.
2022-08-20 07:51:37,614 [org.apache.hadoop.util.JvmPauseMonitor$Monitor@5086da0a] INFO  util.JvmPauseMonitor (JvmPauseMonitor.java:run(188)) - Starting JVM pause monitor
2022-08-20 07:51:37,617 [Datanode State Machine Task Thread - 0] INFO  datanode.InitDatanodeState (InitDatanodeState.java:persistContainerDatanodeDetails(138)) - DatanodeDetails is persisted to /home/runner/work/ozone/ozone/hadoop-ozone/integration-test/target/test-dir/MiniOzoneClusterImpl-7272e4b8-7574-4f4a-a19b-420921f06a31/datanode-4/meta/datanode.id
2022-08-20 07:51:38,249 [EndpointStateMachine task thread for /0.0.0.0:33787 - 0 ] INFO  volume.HddsVolume (HddsVolume.java:createDbStore(310)) - SchemaV3 db is created and loaded at /home/runner/work/ozone/ozone/hadoop-ozone/integration-test/target/test-dir/MiniOzoneClusterImpl-7272e4b8-7574-4f4a-a19b-420921f06a31/datanode-0/data-0/containers/hdds/7272e4b8-7574-4f4a-a19b-420921f06a31/DS-2255ebbe-b711-4581-8cba-4cfc20489835/container.db for volume DS-2255ebbe-b711-4581-8cba-4cfc20489835
2022-08-20 07:51:38,253 [EndpointStateMachine task thread for /0.0.0.0:33787 - 0 ] INFO  volume.HddsVolume (HddsVolume.java:closeDbStore(341)) - SchemaV3 db is stopped at /home/runner/work/ozone/ozone/hadoop-ozone/integration-test/target/test-dir/MiniOzoneClusterImpl-7272e4b8-7574-4f4a-a19b-420921f06a31/datanode-0/data-0/containers/hdds/7272e4b8-7574-4f4a-a19b-420921f06a31/DS-2255ebbe-b711-4581-8cba-4cfc20489835/container.db for volume DS-2255ebbe-b711-4581-8cba-4cfc20489835
2022-08-20 07:51:38,253 [EndpointStateMachine task thread for /0.0.0.0:33787 - 0 ] INFO  ozoneimpl.OzoneContainer (OzoneContainer.java:start(377)) - Attempting to start container services.
2022-08-20 07:51:38,255 [EndpointStateMachine task thread for /0.0.0.0:33787 - 0 ] INFO  ozoneimpl.OzoneContainer (OzoneContainer.java:startContainerScrub(312)) - Background container scanner has been disabled.
2022-08-20 07:51:38,257 [EndpointStateMachine task thread for /0.0.0.0:33787 - 0 ] INFO  replication.ReplicationServer (ReplicationServer.java:start(111)) - ReplicationServer is started using port 45537
2022-08-20 07:51:38,260 [EndpointStateMachine task thread for /0.0.0.0:33787 - 0 ] INFO  ratis.XceiverServerRatis (XceiverServerRatis.java:start(481)) - Starting XceiverServerRatis be90e73c-a484-4b65-88cf-121e201739e2
2022-08-20 07:51:38,261 [EndpointStateMachine task thread for /0.0.0.0:33787 - 0 ] INFO  server.RaftServer (RaftServerProxy.java:lambda$start$6(382)) - be90e73c-a484-4b65-88cf-121e201739e2: start RPC server
2022-08-20 07:51:38,271 [EndpointStateMachine task thread for /0.0.0.0:33787 - 0 ] INFO  server.GrpcService (GrpcService.java:startImpl(260)) - be90e73c-a484-4b65-88cf-121e201739e2: GrpcService started, listening on 33179
2022-08-20 07:51:38,272 [EndpointStateMachine task thread for /0.0.0.0:33787 - 0 ] INFO  ratis.XceiverServerRatis (XceiverServerRatis.java:getRealPort(502)) - XceiverServerRatis be90e73c-a484-4b65-88cf-121e201739e2 is started using port 33179 for RATIS
2022-08-20 07:51:38,272 [EndpointStateMachine task thread for /0.0.0.0:33787 - 0 ] INFO  ratis.XceiverServerRatis (XceiverServerRatis.java:getRealPort(502)) - XceiverServerRatis be90e73c-a484-4b65-88cf-121e201739e2 is started using port 33179 for RATIS_ADMIN
2022-08-20 07:51:38,272 [EndpointStateMachine task thread for /0.0.0.0:33787 - 0 ] INFO  ratis.XceiverServerRatis (XceiverServerRatis.java:getRealPort(502)) - XceiverServerRatis be90e73c-a484-4b65-88cf-121e201739e2 is started using port 33179 for RATIS_SERVER
2022-08-20 07:51:38,272 [org.apache.ratis.util.JvmPauseMonitor$$Lambda$621/1550133838@2dd6cdad] INFO  util.JvmPauseMonitor (JvmPauseMonitor.java:run(103)) - JvmPauseMonitor-be90e73c-a484-4b65-88cf-121e201739e2: Started
2022-08-20 07:51:38,280 [EndpointStateMachine task thread for /0.0.0.0:33787 - 0 ] INFO  server.XceiverServerGrpc (XceiverServerGrpc.java:start(180)) - XceiverServerGrpc be90e73c-a484-4b65-88cf-121e201739e2 is started using port 41129
2022-08-20 07:51:38,588 [Listener at 127.0.0.1/40219] INFO  ozone.MiniOzoneClusterImpl (MiniOzoneClusterImpl.java:lambda$waitForClusterToBeReady$0(216)) - Waiting for nodes to be ready. Got 0 of 5 DN Heartbeats.
2022-08-20 07:51:38,588 [Listener at 127.0.0.1/40219] INFO  ozone.MiniOzoneClusterImpl (MiniOzoneClusterImpl.java:lambda$waitForClusterToBeReady$0(219)) - Waiting for cluster to exit safe mode
2022-08-20 07:51:38,588 [Listener at 127.0.0.1/40219] INFO  ozone.MiniOzoneClusterImpl (MiniOzoneClusterImpl.java:lambda$waitForClusterToBeReady$0(221)) - SCM became leader
2022-08-20 07:51:38,710 [EndpointStateMachine task thread for /0.0.0.0:33787 - 0 ] INFO  volume.HddsVolume (HddsVolume.java:createDbStore(310)) - SchemaV3 db is created and loaded at /home/runner/work/ozone/ozone/hadoop-ozone/integration-test/target/test-dir/MiniOzoneClusterImpl-7272e4b8-7574-4f4a-a19b-420921f06a31/datanode-1/data-0/containers/hdds/7272e4b8-7574-4f4a-a19b-420921f06a31/DS-9d9da47c-487b-40a3-b51c-2a930ede3d01/container.db for volume DS-9d9da47c-487b-40a3-b51c-2a930ede3d01
2022-08-20 07:51:38,711 [EndpointStateMachine task thread for /0.0.0.0:33787 - 0 ] INFO  volume.HddsVolume (HddsVolume.java:closeDbStore(341)) - SchemaV3 db is stopped at /home/runner/work/ozone/ozone/hadoop-ozone/integration-test/target/test-dir/MiniOzoneClusterImpl-7272e4b8-7574-4f4a-a19b-420921f06a31/datanode-1/data-0/containers/hdds/7272e4b8-7574-4f4a-a19b-420921f06a31/DS-9d9da47c-487b-40a3-b51c-2a930ede3d01/container.db for volume DS-9d9da47c-487b-40a3-b51c-2a930ede3d01
2022-08-20 07:51:38,711 [EndpointStateMachine task thread for /0.0.0.0:33787 - 0 ] INFO  ozoneimpl.OzoneContainer (OzoneContainer.java:start(377)) - Attempting to start container services.
2022-08-20 07:51:38,711 [EndpointStateMachine task thread for /0.0.0.0:33787 - 0 ] INFO  ozoneimpl.OzoneContainer (OzoneContainer.java:startContainerScrub(312)) - Background container scanner has been disabled.
2022-08-20 07:51:38,713 [EndpointStateMachine task thread for /0.0.0.0:33787 - 0 ] INFO  replication.ReplicationServer (ReplicationServer.java:start(111)) - ReplicationServer is started using port 34717
2022-08-20 07:51:38,713 [EndpointStateMachine task thread for /0.0.0.0:33787 - 0 ] INFO  ratis.XceiverServerRatis (XceiverServerRatis.java:start(481)) - Starting XceiverServerRatis 79881640-4786-45f7-aed0-9e856ede138a
2022-08-20 07:51:38,714 [EndpointStateMachine task thread for /0.0.0.0:33787 - 0 ] INFO  server.RaftServer (RaftServerProxy.java:lambda$start$6(382)) - 79881640-4786-45f7-aed0-9e856ede138a: start RPC server
2022-08-20 07:51:38,716 [EndpointStateMachine task thread for /0.0.0.0:33787 - 0 ] INFO  server.GrpcService (GrpcService.java:startImpl(260)) - 79881640-4786-45f7-aed0-9e856ede138a: GrpcService started, listening on 45433
2022-08-20 07:51:38,716 [EndpointStateMachine task thread for /0.0.0.0:33787 - 0 ] INFO  ratis.XceiverServerRatis (XceiverServerRatis.java:getRealPort(502)) - XceiverServerRatis 79881640-4786-45f7-aed0-9e856ede138a is started using port 45433 for RATIS
2022-08-20 07:51:38,716 [org.apache.ratis.util.JvmPauseMonitor$$Lambda$621/1550133838@5d99e11f] INFO  util.JvmPauseMonitor (JvmPauseMonitor.java:run(103)) - JvmPauseMonitor-79881640-4786-45f7-aed0-9e856ede138a: Started
2022-08-20 07:51:38,716 [EndpointStateMachine task thread for /0.0.0.0:33787 - 0 ] INFO  ratis.XceiverServerRatis (XceiverServerRatis.java:getRealPort(502)) - XceiverServerRatis 79881640-4786-45f7-aed0-9e856ede138a is started using port 45433 for RATIS_ADMIN
2022-08-20 07:51:38,716 [EndpointStateMachine task thread for /0.0.0.0:33787 - 0 ] INFO  ratis.XceiverServerRatis (XceiverServerRatis.java:getRealPort(502)) - XceiverServerRatis 79881640-4786-45f7-aed0-9e856ede138a is started using port 45433 for RATIS_SERVER
2022-08-20 07:51:38,719 [EndpointStateMachine task thread for /0.0.0.0:33787 - 0 ] INFO  server.XceiverServerGrpc (XceiverServerGrpc.java:start(180)) - XceiverServerGrpc 79881640-4786-45f7-aed0-9e856ede138a is started using port 42695
2022-08-20 07:51:39,031 [EndpointStateMachine task thread for /0.0.0.0:33787 - 0 ] INFO  volume.HddsVolume (HddsVolume.java:createDbStore(310)) - SchemaV3 db is created and loaded at /home/runner/work/ozone/ozone/hadoop-ozone/integration-test/target/test-dir/MiniOzoneClusterImpl-7272e4b8-7574-4f4a-a19b-420921f06a31/datanode-2/data-0/containers/hdds/7272e4b8-7574-4f4a-a19b-420921f06a31/DS-3584bb7f-7dfd-4795-88e4-8a61e0b7628d/container.db for volume DS-3584bb7f-7dfd-4795-88e4-8a61e0b7628d
2022-08-20 07:51:39,032 [EndpointStateMachine task thread for /0.0.0.0:33787 - 0 ] INFO  volume.HddsVolume (HddsVolume.java:closeDbStore(341)) - SchemaV3 db is stopped at /home/runner/work/ozone/ozone/hadoop-ozone/integration-test/target/test-dir/MiniOzoneClusterImpl-7272e4b8-7574-4f4a-a19b-420921f06a31/datanode-2/data-0/containers/hdds/7272e4b8-7574-4f4a-a19b-420921f06a31/DS-3584bb7f-7dfd-4795-88e4-8a61e0b7628d/container.db for volume DS-3584bb7f-7dfd-4795-88e4-8a61e0b7628d
2022-08-20 07:51:39,032 [EndpointStateMachine task thread for /0.0.0.0:33787 - 0 ] INFO  ozoneimpl.OzoneContainer (OzoneContainer.java:start(377)) - Attempting to start container services.
2022-08-20 07:51:39,032 [EndpointStateMachine task thread for /0.0.0.0:33787 - 0 ] INFO  ozoneimpl.OzoneContainer (OzoneContainer.java:startContainerScrub(312)) - Background container scanner has been disabled.
2022-08-20 07:51:39,034 [EndpointStateMachine task thread for /0.0.0.0:33787 - 0 ] INFO  replication.ReplicationServer (ReplicationServer.java:start(111)) - ReplicationServer is started using port 40955
2022-08-20 07:51:39,035 [EndpointStateMachine task thread for /0.0.0.0:33787 - 0 ] INFO  ratis.XceiverServerRatis (XceiverServerRatis.java:start(481)) - Starting XceiverServerRatis cfb127e1-4a9c-4c86-92d2-3c8cc92f4642
2022-08-20 07:51:39,036 [EndpointStateMachine task thread for /0.0.0.0:33787 - 0 ] INFO  server.RaftServer (RaftServerProxy.java:lambda$start$6(382)) - cfb127e1-4a9c-4c86-92d2-3c8cc92f4642: start RPC server
2022-08-20 07:51:39,040 [EndpointStateMachine task thread for /0.0.0.0:33787 - 0 ] INFO  server.GrpcService (GrpcService.java:startImpl(260)) - cfb127e1-4a9c-4c86-92d2-3c8cc92f4642: GrpcService started, listening on 40853
2022-08-20 07:51:39,041 [EndpointStateMachine task thread for /0.0.0.0:33787 - 0 ] INFO  ratis.XceiverServerRatis (XceiverServerRatis.java:getRealPort(502)) - XceiverServerRatis cfb127e1-4a9c-4c86-92d2-3c8cc92f4642 is started using port 40853 for RATIS
2022-08-20 07:51:39,041 [org.apache.ratis.util.JvmPauseMonitor$$Lambda$621/1550133838@12821691] INFO  util.JvmPauseMonitor (JvmPauseMonitor.java:run(103)) - JvmPauseMonitor-cfb127e1-4a9c-4c86-92d2-3c8cc92f4642: Started
2022-08-20 07:51:39,041 [EndpointStateMachine task thread for /0.0.0.0:33787 - 0 ] INFO  ratis.XceiverServerRatis (XceiverServerRatis.java:getRealPort(502)) - XceiverServerRatis cfb127e1-4a9c-4c86-92d2-3c8cc92f4642 is started using port 40853 for RATIS_ADMIN
2022-08-20 07:51:39,041 [EndpointStateMachine task thread for /0.0.0.0:33787 - 0 ] INFO  ratis.XceiverServerRatis (XceiverServerRatis.java:getRealPort(502)) - XceiverServerRatis cfb127e1-4a9c-4c86-92d2-3c8cc92f4642 is started using port 40853 for RATIS_SERVER
2022-08-20 07:51:39,044 [EndpointStateMachine task thread for /0.0.0.0:33787 - 0 ] INFO  server.XceiverServerGrpc (XceiverServerGrpc.java:start(180)) - XceiverServerGrpc cfb127e1-4a9c-4c86-92d2-3c8cc92f4642 is started using port 45575
2022-08-20 07:51:39,327 [EndpointStateMachine task thread for /0.0.0.0:33787 - 0 ] INFO  volume.HddsVolume (HddsVolume.java:createDbStore(310)) - SchemaV3 db is created and loaded at /home/runner/work/ozone/ozone/hadoop-ozone/integration-test/target/test-dir/MiniOzoneClusterImpl-7272e4b8-7574-4f4a-a19b-420921f06a31/datanode-3/data-0/containers/hdds/7272e4b8-7574-4f4a-a19b-420921f06a31/DS-cd1728b7-fe88-49a1-b50e-3f6e969b96cc/container.db for volume DS-cd1728b7-fe88-49a1-b50e-3f6e969b96cc
2022-08-20 07:51:39,328 [EndpointStateMachine task thread for /0.0.0.0:33787 - 0 ] INFO  volume.HddsVolume (HddsVolume.java:closeDbStore(341)) - SchemaV3 db is stopped at /home/runner/work/ozone/ozone/hadoop-ozone/integration-test/target/test-dir/MiniOzoneClusterImpl-7272e4b8-7574-4f4a-a19b-420921f06a31/datanode-3/data-0/containers/hdds/7272e4b8-7574-4f4a-a19b-420921f06a31/DS-cd1728b7-fe88-49a1-b50e-3f6e969b96cc/container.db for volume DS-cd1728b7-fe88-49a1-b50e-3f6e969b96cc
2022-08-20 07:51:39,328 [EndpointStateMachine task thread for /0.0.0.0:33787 - 0 ] INFO  ozoneimpl.OzoneContainer (OzoneContainer.java:start(377)) - Attempting to start container services.
2022-08-20 07:51:39,328 [EndpointStateMachine task thread for /0.0.0.0:33787 - 0 ] INFO  ozoneimpl.OzoneContainer (OzoneContainer.java:startContainerScrub(312)) - Background container scanner has been disabled.
2022-08-20 07:51:39,330 [EndpointStateMachine task thread for /0.0.0.0:33787 - 0 ] INFO  replication.ReplicationServer (ReplicationServer.java:start(111)) - ReplicationServer is started using port 35335
2022-08-20 07:51:39,331 [EndpointStateMachine task thread for /0.0.0.0:33787 - 0 ] INFO  ratis.XceiverServerRatis (XceiverServerRatis.java:start(481)) - Starting XceiverServerRatis 3c3acde4-fad3-4bcf-ba50-483a479e7724
2022-08-20 07:51:39,331 [EndpointStateMachine task thread for /0.0.0.0:33787 - 0 ] INFO  server.RaftServer (RaftServerProxy.java:lambda$start$6(382)) - 3c3acde4-fad3-4bcf-ba50-483a479e7724: start RPC server
2022-08-20 07:51:39,333 [EndpointStateMachine task thread for /0.0.0.0:33787 - 0 ] INFO  server.GrpcService (GrpcService.java:startImpl(260)) - 3c3acde4-fad3-4bcf-ba50-483a479e7724: GrpcService started, listening on 40393
2022-08-20 07:51:39,333 [EndpointStateMachine task thread for /0.0.0.0:33787 - 0 ] INFO  ratis.XceiverServerRatis (XceiverServerRatis.java:getRealPort(502)) - XceiverServerRatis 3c3acde4-fad3-4bcf-ba50-483a479e7724 is started using port 40393 for RATIS
2022-08-20 07:51:39,333 [org.apache.ratis.util.JvmPauseMonitor$$Lambda$621/1550133838@79ac650f] INFO  util.JvmPauseMonitor (JvmPauseMonitor.java:run(103)) - JvmPauseMonitor-3c3acde4-fad3-4bcf-ba50-483a479e7724: Started
2022-08-20 07:51:39,333 [EndpointStateMachine task thread for /0.0.0.0:33787 - 0 ] INFO  ratis.XceiverServerRatis (XceiverServerRatis.java:getRealPort(502)) - XceiverServerRatis 3c3acde4-fad3-4bcf-ba50-483a479e7724 is started using port 40393 for RATIS_ADMIN
2022-08-20 07:51:39,333 [EndpointStateMachine task thread for /0.0.0.0:33787 - 0 ] INFO  ratis.XceiverServerRatis (XceiverServerRatis.java:getRealPort(502)) - XceiverServerRatis 3c3acde4-fad3-4bcf-ba50-483a479e7724 is started using port 40393 for RATIS_SERVER
2022-08-20 07:51:39,339 [EndpointStateMachine task thread for /0.0.0.0:33787 - 0 ] INFO  server.XceiverServerGrpc (XceiverServerGrpc.java:start(180)) - XceiverServerGrpc 3c3acde4-fad3-4bcf-ba50-483a479e7724 is started using port 33245
2022-08-20 07:51:39,589 [Listener at 127.0.0.1/40219] INFO  ozone.MiniOzoneClusterImpl (MiniOzoneClusterImpl.java:lambda$waitForClusterToBeReady$0(216)) - Waiting for nodes to be ready. Got 0 of 5 DN Heartbeats.
2022-08-20 07:51:39,589 [Listener at 127.0.0.1/40219] INFO  ozone.MiniOzoneClusterImpl (MiniOzoneClusterImpl.java:lambda$waitForClusterToBeReady$0(219)) - Waiting for cluster to exit safe mode
2022-08-20 07:51:39,589 [Listener at 127.0.0.1/40219] INFO  ozone.MiniOzoneClusterImpl (MiniOzoneClusterImpl.java:lambda$waitForClusterToBeReady$0(221)) - SCM became leader
2022-08-20 07:51:39,644 [EndpointStateMachine task thread for /0.0.0.0:33787 - 0 ] INFO  volume.HddsVolume (HddsVolume.java:createDbStore(310)) - SchemaV3 db is created and loaded at /home/runner/work/ozone/ozone/hadoop-ozone/integration-test/target/test-dir/MiniOzoneClusterImpl-7272e4b8-7574-4f4a-a19b-420921f06a31/datanode-4/data-0/containers/hdds/7272e4b8-7574-4f4a-a19b-420921f06a31/DS-fe621a3d-e8ce-4870-9829-cc47e60f64d5/container.db for volume DS-fe621a3d-e8ce-4870-9829-cc47e60f64d5
2022-08-20 07:51:39,645 [EndpointStateMachine task thread for /0.0.0.0:33787 - 0 ] INFO  volume.HddsVolume (HddsVolume.java:closeDbStore(341)) - SchemaV3 db is stopped at /home/runner/work/ozone/ozone/hadoop-ozone/integration-test/target/test-dir/MiniOzoneClusterImpl-7272e4b8-7574-4f4a-a19b-420921f06a31/datanode-4/data-0/containers/hdds/7272e4b8-7574-4f4a-a19b-420921f06a31/DS-fe621a3d-e8ce-4870-9829-cc47e60f64d5/container.db for volume DS-fe621a3d-e8ce-4870-9829-cc47e60f64d5
2022-08-20 07:51:39,645 [EndpointStateMachine task thread for /0.0.0.0:33787 - 0 ] INFO  ozoneimpl.OzoneContainer (OzoneContainer.java:start(377)) - Attempting to start container services.
2022-08-20 07:51:39,645 [EndpointStateMachine task thread for /0.0.0.0:33787 - 0 ] INFO  ozoneimpl.OzoneContainer (OzoneContainer.java:startContainerScrub(312)) - Background container scanner has been disabled.
2022-08-20 07:51:39,647 [EndpointStateMachine task thread for /0.0.0.0:33787 - 0 ] INFO  replication.ReplicationServer (ReplicationServer.java:start(111)) - ReplicationServer is started using port 45943
2022-08-20 07:51:39,648 [EndpointStateMachine task thread for /0.0.0.0:33787 - 0 ] INFO  ratis.XceiverServerRatis (XceiverServerRatis.java:start(481)) - Starting XceiverServerRatis ebfdd0d5-7b8a-4a5c-95dc-06ae01bbfd5f
2022-08-20 07:51:39,649 [EndpointStateMachine task thread for /0.0.0.0:33787 - 0 ] INFO  server.RaftServer (RaftServerProxy.java:lambda$start$6(382)) - ebfdd0d5-7b8a-4a5c-95dc-06ae01bbfd5f: start RPC server
2022-08-20 07:51:39,652 [EndpointStateMachine task thread for /0.0.0.0:33787 - 0 ] INFO  server.GrpcService (GrpcService.java:startImpl(260)) - ebfdd0d5-7b8a-4a5c-95dc-06ae01bbfd5f: GrpcService started, listening on 46391
2022-08-20 07:51:39,652 [EndpointStateMachine task thread for /0.0.0.0:33787 - 0 ] INFO  ratis.XceiverServerRatis (XceiverServerRatis.java:getRealPort(502)) - XceiverServerRatis ebfdd0d5-7b8a-4a5c-95dc-06ae01bbfd5f is started using port 46391 for RATIS
2022-08-20 07:51:39,652 [org.apache.ratis.util.JvmPauseMonitor$$Lambda$621/1550133838@59d66480] INFO  util.JvmPauseMonitor (JvmPauseMonitor.java:run(103)) - JvmPauseMonitor-ebfdd0d5-7b8a-4a5c-95dc-06ae01bbfd5f: Started
2022-08-20 07:51:39,652 [EndpointStateMachine task thread for /0.0.0.0:33787 - 0 ] INFO  ratis.XceiverServerRatis (XceiverServerRatis.java:getRealPort(502)) - XceiverServerRatis ebfdd0d5-7b8a-4a5c-95dc-06ae01bbfd5f is started using port 46391 for RATIS_ADMIN
2022-08-20 07:51:39,652 [EndpointStateMachine task thread for /0.0.0.0:33787 - 0 ] INFO  ratis.XceiverServerRatis (XceiverServerRatis.java:getRealPort(502)) - XceiverServerRatis ebfdd0d5-7b8a-4a5c-95dc-06ae01bbfd5f is started using port 46391 for RATIS_SERVER
2022-08-20 07:51:39,656 [EndpointStateMachine task thread for /0.0.0.0:33787 - 0 ] INFO  server.XceiverServerGrpc (XceiverServerGrpc.java:start(180)) - XceiverServerGrpc ebfdd0d5-7b8a-4a5c-95dc-06ae01bbfd5f is started using port 34905
2022-08-20 07:51:40,184 [IPC Server handler 1 on default port 33787] INFO  net.NetworkTopologyImpl (NetworkTopologyImpl.java:add(112)) - Added a new node: /default-rack/be90e73c-a484-4b65-88cf-121e201739e2
2022-08-20 07:51:40,186 [IPC Server handler 1 on default port 33787] INFO  node.SCMNodeManager (SCMNodeManager.java:register(397)) - Registered Data node : be90e73c-a484-4b65-88cf-121e201739e2{ip: 10.1.0.10, host: fv-az58-577.v01ewlpc0lrezph5nvg1m2rhcd.cx.internal.cloudapp.net, ports: [REPLICATION=45537, RATIS=33179, RATIS_ADMIN=33179, RATIS_SERVER=33179, STANDALONE=41129], networkLocation: /default-rack, certSerialId: null, persistedOpState: null, persistedOpStateExpiryEpochSec: 0}
2022-08-20 07:51:40,190 [EventQueue-NewNodeForNewNodeHandler] INFO  pipeline.BackgroundPipelineCreator (BackgroundPipelineCreator.java:notifyEventTriggered(276)) - trigger a one-shot run on RatisPipelineUtilsThread.
2022-08-20 07:51:40,199 [RatisPipelineUtilsThread - 0] INFO  pipeline.RatisPipelineProvider (RatisPipelineProvider.java:lambda$create$0(195)) - Sending CreatePipelineCommand for pipeline:PipelineID=3ba8e611-aa55-4ac9-840b-2bc39eba70bb to datanode:be90e73c-a484-4b65-88cf-121e201739e2
2022-08-20 07:51:40,200 [EventQueue-NodeRegistrationContainerReportForDataNodeSafeModeRule] INFO  safemode.SCMSafeModeManager (DataNodeSafeModeRule.java:process(71)) - SCM in safe mode. 1 DataNodes registered, 3 required.
2022-08-20 07:51:40,200 [EventQueue-NodeRegistrationContainerReportForContainerSafeModeRule] INFO  safemode.SCMSafeModeManager (SCMSafeModeManager.java:validateSafeModeExitRules(204)) - ContainerSafeModeRule rule is successfully validated
2022-08-20 07:51:40,203 [EventQueue-PipelineReportForOneReplicaPipelineSafeModeRule] INFO  safemode.SCMSafeModeManager (SCMSafeModeManager.java:validateSafeModeExitRules(204)) - AtleastOneDatanodeReportedRule rule is successfully validated
2022-08-20 07:51:40,212 [RatisPipelineUtilsThread - 0] INFO  pipeline.PipelineStateManagerImpl (PipelineStateManagerImpl.java:addPipeline(103)) - Created pipeline Pipeline[ Id: 3ba8e611-aa55-4ac9-840b-2bc39eba70bb, Nodes: be90e73c-a484-4b65-88cf-121e201739e2{ip: 10.1.0.10, host: fv-az58-577.v01ewlpc0lrezph5nvg1m2rhcd.cx.internal.cloudapp.net, ports: [REPLICATION=45537, RATIS=33179, RATIS_ADMIN=33179, RATIS_SERVER=33179, STANDALONE=41129], networkLocation: /default-rack, certSerialId: null, persistedOpState: IN_SERVICE, persistedOpStateExpiryEpochSec: 0}, ReplicationConfig: RATIS/ONE, State:ALLOCATED, leaderId:, CreationTimestamp2022-08-20T07:51:40.196Z[Etc/UTC]].
2022-08-20 07:51:40,590 [Listener at 127.0.0.1/40219] INFO  ozone.MiniOzoneClusterImpl (MiniOzoneClusterImpl.java:lambda$waitForClusterToBeReady$0(216)) - Waiting for nodes to be ready. Got 1 of 5 DN Heartbeats.
2022-08-20 07:51:40,590 [Listener at 127.0.0.1/40219] INFO  ozone.MiniOzoneClusterImpl (MiniOzoneClusterImpl.java:lambda$waitForClusterToBeReady$0(219)) - Waiting for cluster to exit safe mode
2022-08-20 07:51:40,590 [Listener at 127.0.0.1/40219] INFO  ozone.MiniOzoneClusterImpl (MiniOzoneClusterImpl.java:lambda$waitForClusterToBeReady$0(221)) - SCM became leader
2022-08-20 07:51:40,684 [IPC Server handler 2 on default port 33787] INFO  net.NetworkTopologyImpl (NetworkTopologyImpl.java:add(112)) - Added a new node: /default-rack/79881640-4786-45f7-aed0-9e856ede138a
2022-08-20 07:51:40,685 [IPC Server handler 2 on default port 33787] INFO  node.SCMNodeManager (SCMNodeManager.java:register(397)) - Registered Data node : 79881640-4786-45f7-aed0-9e856ede138a{ip: 10.1.0.10, host: fv-az58-577.v01ewlpc0lrezph5nvg1m2rhcd.cx.internal.cloudapp.net, ports: [REPLICATION=34717, RATIS=45433, RATIS_ADMIN=45433, RATIS_SERVER=45433, STANDALONE=42695], networkLocation: /default-rack, certSerialId: null, persistedOpState: null, persistedOpStateExpiryEpochSec: 0}
2022-08-20 07:51:40,686 [EventQueue-NewNodeForNewNodeHandler] INFO  pipeline.BackgroundPipelineCreator (BackgroundPipelineCreator.java:notifyEventTriggered(276)) - trigger a one-shot run on RatisPipelineUtilsThread.
2022-08-20 07:51:40,686 [EventQueue-NodeRegistrationContainerReportForDataNodeSafeModeRule] INFO  safemode.SCMSafeModeManager (DataNodeSafeModeRule.java:process(71)) - SCM in safe mode. 2 DataNodes registered, 3 required.
2022-08-20 07:51:40,688 [RatisPipelineUtilsThread - 0] INFO  pipeline.RatisPipelineProvider (RatisPipelineProvider.java:lambda$create$0(195)) - Sending CreatePipelineCommand for pipeline:PipelineID=fed9c48f-bae0-4100-ad24-3bd9672a893d to datanode:79881640-4786-45f7-aed0-9e856ede138a
2022-08-20 07:51:40,689 [RatisPipelineUtilsThread - 0] INFO  pipeline.PipelineStateManagerImpl (PipelineStateManagerImpl.java:addPipeline(103)) - Created pipeline Pipeline[ Id: fed9c48f-bae0-4100-ad24-3bd9672a893d, Nodes: 79881640-4786-45f7-aed0-9e856ede138a{ip: 10.1.0.10, host: fv-az58-577.v01ewlpc0lrezph5nvg1m2rhcd.cx.internal.cloudapp.net, ports: [REPLICATION=34717, RATIS=45433, RATIS_ADMIN=45433, RATIS_SERVER=45433, STANDALONE=42695], networkLocation: /default-rack, certSerialId: null, persistedOpState: IN_SERVICE, persistedOpStateExpiryEpochSec: 0}, ReplicationConfig: RATIS/ONE, State:ALLOCATED, leaderId:, CreationTimestamp2022-08-20T07:51:40.688Z[Etc/UTC]].
2022-08-20 07:51:41,000 [IPC Server handler 1 on default port 33787] INFO  net.NetworkTopologyImpl (NetworkTopologyImpl.java:add(112)) - Added a new node: /default-rack/cfb127e1-4a9c-4c86-92d2-3c8cc92f4642
2022-08-20 07:51:41,000 [IPC Server handler 1 on default port 33787] INFO  node.SCMNodeManager (SCMNodeManager.java:register(397)) - Registered Data node : cfb127e1-4a9c-4c86-92d2-3c8cc92f4642{ip: 10.1.0.10, host: fv-az58-577.v01ewlpc0lrezph5nvg1m2rhcd.cx.internal.cloudapp.net, ports: [REPLICATION=40955, RATIS=40853, RATIS_ADMIN=40853, RATIS_SERVER=40853, STANDALONE=45575], networkLocation: /default-rack, certSerialId: null, persistedOpState: null, persistedOpStateExpiryEpochSec: 0}
2022-08-20 07:51:41,001 [EventQueue-NewNodeForNewNodeHandler] INFO  pipeline.BackgroundPipelineCreator (BackgroundPipelineCreator.java:notifyEventTriggered(276)) - trigger a one-shot run on RatisPipelineUtilsThread.
2022-08-20 07:51:41,002 [EventQueue-NodeRegistrationContainerReportForDataNodeSafeModeRule] INFO  safemode.SCMSafeModeManager (DataNodeSafeModeRule.java:process(71)) - SCM in safe mode. 3 DataNodes registered, 3 required.
2022-08-20 07:51:41,002 [EventQueue-NodeRegistrationContainerReportForDataNodeSafeModeRule] INFO  safemode.SCMSafeModeManager (SCMSafeModeManager.java:validateSafeModeExitRules(204)) - DataNodeSafeModeRule rule is successfully validated
2022-08-20 07:51:41,002 [EventQueue-NodeRegistrationContainerReportForDataNodeSafeModeRule] INFO  safemode.SCMSafeModeManager (SCMSafeModeManager.java:completePreCheck(233)) - All SCM safe mode pre check rules have passed
2022-08-20 07:51:41,002 [EventQueue-NodeRegistrationContainerReportForDataNodeSafeModeRule] WARN  events.EventQueue (EventQueue.java:fireEvent(216)) - No event handler registered for event TypedEvent{payloadType=SafeModeStatus, name='Safe mode status'}
2022-08-20 07:51:41,002 [EventQueue-NodeRegistrationContainerReportForDataNodeSafeModeRule] INFO  ha.SCMContext (SCMContext.java:updateSafeModeStatus(228)) - Update SafeModeStatus from SafeModeStatus{safeModeStatus=true, preCheckPassed=false} to SafeModeStatus{safeModeStatus=true, preCheckPassed=true}.
2022-08-20 07:51:41,002 [EventQueue-NodeRegistrationContainerReportForDataNodeSafeModeRule] INFO  pipeline.BackgroundPipelineCreator (BackgroundPipelineCreator.java:notifyEventTriggered(276)) - trigger a one-shot run on RatisPipelineUtilsThread.
2022-08-20 07:51:41,003 [RatisPipelineUtilsThread - 0] INFO  pipeline.RatisPipelineProvider (RatisPipelineProvider.java:lambda$create$0(195)) - Sending CreatePipelineCommand for pipeline:PipelineID=d5790732-9113-4be7-8824-adef81b636a4 to datanode:cfb127e1-4a9c-4c86-92d2-3c8cc92f4642
2022-08-20 07:51:41,003 [RatisPipelineUtilsThread - 0] INFO  pipeline.PipelineStateManagerImpl (PipelineStateManagerImpl.java:addPipeline(103)) - Created pipeline Pipeline[ Id: d5790732-9113-4be7-8824-adef81b636a4, Nodes: cfb127e1-4a9c-4c86-92d2-3c8cc92f4642{ip: 10.1.0.10, host: fv-az58-577.v01ewlpc0lrezph5nvg1m2rhcd.cx.internal.cloudapp.net, ports: [REPLICATION=40955, RATIS=40853, RATIS_ADMIN=40853, RATIS_SERVER=40853, STANDALONE=45575], networkLocation: /default-rack, certSerialId: null, persistedOpState: IN_SERVICE, persistedOpStateExpiryEpochSec: 0}, ReplicationConfig: RATIS/ONE, State:ALLOCATED, leaderId:, CreationTimestamp2022-08-20T07:51:41.003Z[Etc/UTC]].
2022-08-20 07:51:41,007 [RatisPipelineUtilsThread - 0] INFO  pipeline.RatisPipelineProvider (RatisPipelineProvider.java:lambda$create$0(195)) - Sending CreatePipelineCommand for pipeline:PipelineID=6728a686-476a-43ce-82a2-7e3172adb9f5 to datanode:be90e73c-a484-4b65-88cf-121e201739e2
2022-08-20 07:51:41,007 [RatisPipelineUtilsThread - 0] INFO  pipeline.RatisPipelineProvider (RatisPipelineProvider.java:lambda$create$0(195)) - Sending CreatePipelineCommand for pipeline:PipelineID=6728a686-476a-43ce-82a2-7e3172adb9f5 to datanode:79881640-4786-45f7-aed0-9e856ede138a
2022-08-20 07:51:41,007 [RatisPipelineUtilsThread - 0] INFO  pipeline.RatisPipelineProvider (RatisPipelineProvider.java:lambda$create$0(195)) - Sending CreatePipelineCommand for pipeline:PipelineID=6728a686-476a-43ce-82a2-7e3172adb9f5 to datanode:cfb127e1-4a9c-4c86-92d2-3c8cc92f4642
2022-08-20 07:51:41,008 [RatisPipelineUtilsThread - 0] INFO  pipeline.PipelineStateManagerImpl (PipelineStateManagerImpl.java:addPipeline(103)) - Created pipeline Pipeline[ Id: 6728a686-476a-43ce-82a2-7e3172adb9f5, Nodes: be90e73c-a484-4b65-88cf-121e201739e2{ip: 10.1.0.10, host: fv-az58-577.v01ewlpc0lrezph5nvg1m2rhcd.cx.internal.cloudapp.net, ports: [REPLICATION=45537, RATIS=33179, RATIS_ADMIN=33179, RATIS_SERVER=33179, STANDALONE=41129], networkLocation: /default-rack, certSerialId: null, persistedOpState: IN_SERVICE, persistedOpStateExpiryEpochSec: 0}79881640-4786-45f7-aed0-9e856ede138a{ip: 10.1.0.10, host: fv-az58-577.v01ewlpc0lrezph5nvg1m2rhcd.cx.internal.cloudapp.net, ports: [REPLICATION=34717, RATIS=45433, RATIS_ADMIN=45433, RATIS_SERVER=45433, STANDALONE=42695], networkLocation: /default-rack, certSerialId: null, persistedOpState: IN_SERVICE, persistedOpStateExpiryEpochSec: 0}cfb127e1-4a9c-4c86-92d2-3c8cc92f4642{ip: 10.1.0.10, host: fv-az58-577.v01ewlpc0lrezph5nvg1m2rhcd.cx.internal.cloudapp.net, ports: [REPLICATION=40955, RATIS=40853, RATIS_ADMIN=40853, RATIS_SERVER=40853, STANDALONE=45575], networkLocation: /default-rack, certSerialId: null, persistedOpState: IN_SERVICE, persistedOpStateExpiryEpochSec: 0}, ReplicationConfig: RATIS/THREE, State:ALLOCATED, leaderId:, CreationTimestamp2022-08-20T07:51:41.007Z[Etc/UTC]].
2022-08-20 07:51:41,010 [RatisPipelineUtilsThread - 0] INFO  pipeline.RatisPipelineProvider (RatisPipelineProvider.java:lambda$create$0(195)) - Sending CreatePipelineCommand for pipeline:PipelineID=eee67a3c-b98a-4bb7-aef2-9fd53e98e799 to datanode:cfb127e1-4a9c-4c86-92d2-3c8cc92f4642
2022-08-20 07:51:41,010 [RatisPipelineUtilsThread - 0] INFO  pipeline.RatisPipelineProvider (RatisPipelineProvider.java:lambda$create$0(195)) - Sending CreatePipelineCommand for pipeline:PipelineID=eee67a3c-b98a-4bb7-aef2-9fd53e98e799 to datanode:79881640-4786-45f7-aed0-9e856ede138a
2022-08-20 07:51:41,011 [RatisPipelineUtilsThread - 0] INFO  pipeline.RatisPipelineProvider (RatisPipelineProvider.java:lambda$create$0(195)) - Sending CreatePipelineCommand for pipeline:PipelineID=eee67a3c-b98a-4bb7-aef2-9fd53e98e799 to datanode:be90e73c-a484-4b65-88cf-121e201739e2
2022-08-20 07:51:41,016 [RatisPipelineUtilsThread - 0] INFO  pipeline.PipelineStateManagerImpl (PipelineStateManagerImpl.java:addPipeline(103)) - Created pipeline Pipeline[ Id: eee67a3c-b98a-4bb7-aef2-9fd53e98e799, Nodes: cfb127e1-4a9c-4c86-92d2-3c8cc92f4642{ip: 10.1.0.10, host: fv-az58-577.v01ewlpc0lrezph5nvg1m2rhcd.cx.internal.cloudapp.net, ports: [REPLICATION=40955, RATIS=40853, RATIS_ADMIN=40853, RATIS_SERVER=40853, STANDALONE=45575], networkLocation: /default-rack, certSerialId: null, persistedOpState: IN_SERVICE, persistedOpStateExpiryEpochSec: 0}79881640-4786-45f7-aed0-9e856ede138a{ip: 10.1.0.10, host: fv-az58-577.v01ewlpc0lrezph5nvg1m2rhcd.cx.internal.cloudapp.net, ports: [REPLICATION=34717, RATIS=45433, RATIS_ADMIN=45433, RATIS_SERVER=45433, STANDALONE=42695], networkLocation: /default-rack, certSerialId: null, persistedOpState: IN_SERVICE, persistedOpStateExpiryEpochSec: 0}be90e73c-a484-4b65-88cf-121e201739e2{ip: 10.1.0.10, host: fv-az58-577.v01ewlpc0lrezph5nvg1m2rhcd.cx.internal.cloudapp.net, ports: [REPLICATION=45537, RATIS=33179, RATIS_ADMIN=33179, RATIS_SERVER=33179, STANDALONE=41129], networkLocation: /default-rack, certSerialId: null, persistedOpState: IN_SERVICE, persistedOpStateExpiryEpochSec: 0}, ReplicationConfig: RATIS/THREE, State:ALLOCATED, leaderId:, CreationTimestamp2022-08-20T07:51:41.010Z[Etc/UTC]].
2022-08-20 07:51:41,016 [RatisPipelineUtilsThread - 0] INFO  pipeline.PipelineManagerImpl (PipelineManagerImpl.java:recordMetricsForPipeline(796)) - Pipeline: PipelineID=eee67a3c-b98a-4bb7-aef2-9fd53e98e799 contains same datanodes as previous pipelines: PipelineID=6728a686-476a-43ce-82a2-7e3172adb9f5 nodeIds: cfb127e1-4a9c-4c86-92d2-3c8cc92f4642, 79881640-4786-45f7-aed0-9e856ede138a, be90e73c-a484-4b65-88cf-121e201739e2
2022-08-20 07:51:41,296 [IPC Server handler 3 on default port 33787] INFO  net.NetworkTopologyImpl (NetworkTopologyImpl.java:add(112)) - Added a new node: /default-rack/3c3acde4-fad3-4bcf-ba50-483a479e7724
2022-08-20 07:51:41,297 [IPC Server handler 3 on default port 33787] INFO  node.SCMNodeManager (SCMNodeManager.java:register(397)) - Registered Data node : 3c3acde4-fad3-4bcf-ba50-483a479e7724{ip: 10.1.0.10, host: fv-az58-577.v01ewlpc0lrezph5nvg1m2rhcd.cx.internal.cloudapp.net, ports: [REPLICATION=35335, RATIS=40393, RATIS_ADMIN=40393, RATIS_SERVER=40393, STANDALONE=33245], networkLocation: /default-rack, certSerialId: null, persistedOpState: null, persistedOpStateExpiryEpochSec: 0}
2022-08-20 07:51:41,298 [EventQueue-NewNodeForNewNodeHandler] INFO  pipeline.BackgroundPipelineCreator (BackgroundPipelineCreator.java:notifyEventTriggered(276)) - trigger a one-shot run on RatisPipelineUtilsThread.
2022-08-20 07:51:41,299 [RatisPipelineUtilsThread - 0] INFO  pipeline.RatisPipelineProvider (RatisPipelineProvider.java:lambda$create$0(195)) - Sending CreatePipelineCommand for pipeline:PipelineID=097f77a4-c461-4dc7-b8be-22cf1b72fa0a to datanode:3c3acde4-fad3-4bcf-ba50-483a479e7724
2022-08-20 07:51:41,300 [RatisPipelineUtilsThread - 0] INFO  pipeline.PipelineStateManagerImpl (PipelineStateManagerImpl.java:addPipeline(103)) - Created pipeline Pipeline[ Id: 097f77a4-c461-4dc7-b8be-22cf1b72fa0a, Nodes: 3c3acde4-fad3-4bcf-ba50-483a479e7724{ip: 10.1.0.10, host: fv-az58-577.v01ewlpc0lrezph5nvg1m2rhcd.cx.internal.cloudapp.net, ports: [REPLICATION=35335, RATIS=40393, RATIS_ADMIN=40393, RATIS_SERVER=40393, STANDALONE=33245], networkLocation: /default-rack, certSerialId: null, persistedOpState: IN_SERVICE, persistedOpStateExpiryEpochSec: 0}, ReplicationConfig: RATIS/ONE, State:ALLOCATED, leaderId:, CreationTimestamp2022-08-20T07:51:41.299Z[Etc/UTC]].
2022-08-20 07:51:41,590 [Listener at 127.0.0.1/40219] INFO  ozone.MiniOzoneClusterImpl (MiniOzoneClusterImpl.java:lambda$waitForClusterToBeReady$0(216)) - Waiting for nodes to be ready. Got 4 of 5 DN Heartbeats.
2022-08-20 07:51:41,591 [Listener at 127.0.0.1/40219] INFO  ozone.MiniOzoneClusterImpl (MiniOzoneClusterImpl.java:lambda$waitForClusterToBeReady$0(219)) - Waiting for cluster to exit safe mode
2022-08-20 07:51:41,591 [Listener at 127.0.0.1/40219] INFO  ozone.MiniOzoneClusterImpl (MiniOzoneClusterImpl.java:lambda$waitForClusterToBeReady$0(221)) - SCM became leader
2022-08-20 07:51:41,617 [IPC Server handler 0 on default port 33787] INFO  net.NetworkTopologyImpl (NetworkTopologyImpl.java:add(112)) - Added a new node: /default-rack/ebfdd0d5-7b8a-4a5c-95dc-06ae01bbfd5f
2022-08-20 07:51:41,618 [IPC Server handler 0 on default port 33787] INFO  node.SCMNodeManager (SCMNodeManager.java:register(397)) - Registered Data node : ebfdd0d5-7b8a-4a5c-95dc-06ae01bbfd5f{ip: 10.1.0.10, host: fv-az58-577.v01ewlpc0lrezph5nvg1m2rhcd.cx.internal.cloudapp.net, ports: [REPLICATION=45943, RATIS=46391, RATIS_ADMIN=46391, RATIS_SERVER=46391, STANDALONE=34905], networkLocation: /default-rack, certSerialId: null, persistedOpState: null, persistedOpStateExpiryEpochSec: 0}
2022-08-20 07:51:41,619 [EventQueue-NewNodeForNewNodeHandler] INFO  pipeline.BackgroundPipelineCreator (BackgroundPipelineCreator.java:notifyEventTriggered(276)) - trigger a one-shot run on RatisPipelineUtilsThread.
2022-08-20 07:51:41,620 [RatisPipelineUtilsThread - 0] INFO  pipeline.RatisPipelineProvider (RatisPipelineProvider.java:lambda$create$0(195)) - Sending CreatePipelineCommand for pipeline:PipelineID=5689be9f-e503-4ed3-bc57-dc574a831a63 to datanode:ebfdd0d5-7b8a-4a5c-95dc-06ae01bbfd5f
2022-08-20 07:51:41,620 [RatisPipelineUtilsThread - 0] INFO  pipeline.PipelineStateManagerImpl (PipelineStateManagerImpl.java:addPipeline(103)) - Created pipeline Pipeline[ Id: 5689be9f-e503-4ed3-bc57-dc574a831a63, Nodes: ebfdd0d5-7b8a-4a5c-95dc-06ae01bbfd5f{ip: 10.1.0.10, host: fv-az58-577.v01ewlpc0lrezph5nvg1m2rhcd.cx.internal.cloudapp.net, ports: [REPLICATION=45943, RATIS=46391, RATIS_ADMIN=46391, RATIS_SERVER=46391, STANDALONE=34905], networkLocation: /default-rack, certSerialId: null, persistedOpState: IN_SERVICE, persistedOpStateExpiryEpochSec: 0}, ReplicationConfig: RATIS/ONE, State:ALLOCATED, leaderId:, CreationTimestamp2022-08-20T07:51:41.620Z[Etc/UTC]].
2022-08-20 07:51:42,591 [Listener at 127.0.0.1/40219] INFO  ozone.MiniOzoneClusterImpl (MiniOzoneClusterImpl.java:lambda$waitForClusterToBeReady$0(216)) - Nodes are ready. Got 5 of 5 DN Heartbeats.
2022-08-20 07:51:42,592 [Listener at 127.0.0.1/40219] INFO  ozone.MiniOzoneClusterImpl (MiniOzoneClusterImpl.java:lambda$waitForClusterToBeReady$0(219)) - Waiting for cluster to exit safe mode
2022-08-20 07:51:42,592 [Listener at 127.0.0.1/40219] INFO  ozone.MiniOzoneClusterImpl (MiniOzoneClusterImpl.java:lambda$waitForClusterToBeReady$0(221)) - SCM became leader
2022-08-20 07:51:43,179 [Command processor thread] INFO  server.RaftServer (RaftServerProxy.java:addNew(96)) - be90e73c-a484-4b65-88cf-121e201739e2: addNew group-2BC39EBA70BB:[be90e73c-a484-4b65-88cf-121e201739e2|rpc:10.1.0.10:33179|priority:1] returns group-2BC39EBA70BB:java.util.concurrent.CompletableFuture@12df013d[Not completed]
2022-08-20 07:51:43,201 [pool-73-thread-1] INFO  server.RaftServer$Division (RaftServerImpl.java:<init>(190)) - be90e73c-a484-4b65-88cf-121e201739e2: new RaftServerImpl for group-2BC39EBA70BB:[be90e73c-a484-4b65-88cf-121e201739e2|rpc:10.1.0.10:33179|priority:1] with ContainerStateMachine:uninitialized
2022-08-20 07:51:43,202 [pool-73-thread-1] INFO  server.RaftServerConfigKeys (ConfUtils.java:logGet(46)) - raft.server.rpc.timeout.min = 5s (custom)
2022-08-20 07:51:43,202 [pool-73-thread-1] INFO  server.RaftServerConfigKeys (ConfUtils.java:logGet(46)) - raft.server.rpc.timeout.max = 5200ms (custom)
2022-08-20 07:51:43,202 [pool-73-thread-1] INFO  server.RaftServerConfigKeys (ConfUtils.java:logGet(46)) - raft.server.rpc.sleep.time = 25ms (default)
2022-08-20 07:51:43,202 [pool-73-thread-1] INFO  server.RaftServerConfigKeys (ConfUtils.java:logGet(46)) - raft.server.rpc.slowness.timeout = 300s (custom)
2022-08-20 07:51:43,202 [pool-73-thread-1] INFO  server.RaftServerConfigKeys (ConfUtils.java:logGet(46)) - raft.server.leaderelection.leader.step-down.wait-time = 10s (default)
2022-08-20 07:51:43,202 [pool-73-thread-1] INFO  server.RaftServerConfigKeys (ConfUtils.java:logGet(46)) - raft.server.sleep.deviation.threshold = 300ms (default)
2022-08-20 07:51:43,202 [pool-73-thread-1] INFO  server.RaftServer$Division (ServerState.java:<init>(107)) - be90e73c-a484-4b65-88cf-121e201739e2@group-2BC39EBA70BB: ConfigurationManager, init=-1: [be90e73c-a484-4b65-88cf-121e201739e2|rpc:10.1.0.10:33179|priority:1], old=null, confs=<EMPTY_MAP>
2022-08-20 07:51:43,202 [pool-73-thread-1] INFO  server.RaftServerConfigKeys (ConfUtils.java:logGet(46)) - raft.server.storage.dir = [/home/runner/work/ozone/ozone/hadoop-ozone/integration-test/target/test-dir/MiniOzoneClusterImpl-7272e4b8-7574-4f4a-a19b-420921f06a31/datanode-0/data/ratis] (custom)
2022-08-20 07:51:43,202 [pool-73-thread-1] INFO  server.RaftServerConfigKeys (ConfUtils.java:logGet(46)) - raft.server.log.corruption.policy = EXCEPTION (default)
2022-08-20 07:51:43,202 [pool-73-thread-1] INFO  server.RaftServerConfigKeys (ConfUtils.java:logGet(46)) - raft.server.storage.free-space.min = 0MB (=0) (default)
2022-08-20 07:51:43,202 [pool-73-thread-1] INFO  storage.RaftStorageDirectory (RaftStorageDirectoryImpl.java:analyzeStorage(135)) - The storage directory /home/runner/work/ozone/ozone/hadoop-ozone/integration-test/target/test-dir/MiniOzoneClusterImpl-7272e4b8-7574-4f4a-a19b-420921f06a31/datanode-0/data/ratis/3ba8e611-aa55-4ac9-840b-2bc39eba70bb does not exist. Creating ...
2022-08-20 07:51:43,204 [pool-73-thread-1] INFO  storage.RaftStorageDirectory (RaftStorageDirectoryImpl.java:tryLock(230)) - Lock on /home/runner/work/ozone/ozone/hadoop-ozone/integration-test/target/test-dir/MiniOzoneClusterImpl-7272e4b8-7574-4f4a-a19b-420921f06a31/datanode-0/data/ratis/3ba8e611-aa55-4ac9-840b-2bc39eba70bb/in_use.lock acquired by nodename 1881@fv-az58-577
2022-08-20 07:51:43,205 [pool-73-thread-1] INFO  storage.RaftStorage (RaftStorageImpl.java:format(89)) - Storage directory /home/runner/work/ozone/ozone/hadoop-ozone/integration-test/target/test-dir/MiniOzoneClusterImpl-7272e4b8-7574-4f4a-a19b-420921f06a31/datanode-0/data/ratis/3ba8e611-aa55-4ac9-840b-2bc39eba70bb has been successfully formatted.
2022-08-20 07:51:43,209 [pool-73-thread-1] INFO  ratis.ContainerStateMachine (ContainerStateMachine.java:loadSnapshot(236)) - group-2BC39EBA70BB: The snapshot info is null. Setting the last applied indexto:(t:0, i:~)
2022-08-20 07:51:43,214 [pool-73-thread-1] INFO  server.RaftServerConfigKeys (ConfUtils.java:logGet(46)) - raft.server.notification.no-leader.timeout = 300s (custom)
2022-08-20 07:51:43,215 [pool-73-thread-1] INFO  server.RaftServerConfigKeys (ConfUtils.java:logGet(46)) - raft.server.log.use.memory = false (default)
2022-08-20 07:51:43,215 [pool-73-thread-1] INFO  server.RaftServerConfigKeys (ConfUtils.java:logGet(46)) - raft.server.log.purge.gap = 1000000 (custom)
2022-08-20 07:51:43,215 [pool-73-thread-1] INFO  server.RaftServerConfigKeys (ConfUtils.java:logGet(46)) - raft.server.log.appender.buffer.byte-limit = 33554432 (custom)
2022-08-20 07:51:43,215 [pool-73-thread-1] INFO  server.RaftServerConfigKeys (ConfUtils.java:logGet(46)) - raft.server.log.statemachine.data.read.timeout = 1000ms (default)
2022-08-20 07:51:43,215 [pool-73-thread-1] INFO  server.RaftServerConfigKeys (ConfUtils.java:logGet(46)) - raft.server.log.segment.size.max = 1048576 (custom)
2022-08-20 07:51:43,216 [pool-73-thread-1] INFO  server.RaftServerConfigKeys (ConfUtils.java:logGet(46)) - raft.server.log.segment.cache.num.max = 2 (custom)
2022-08-20 07:51:43,216 [pool-73-thread-1] INFO  server.RaftServerConfigKeys (ConfUtils.java:logGet(46)) - raft.server.log.segment.cache.size.max = 200MB (=209715200) (default)
2022-08-20 07:51:43,216 [pool-73-thread-1] INFO  segmented.SegmentedRaftLogWorker (SegmentedRaftLogWorker.java:<init>(187)) - new be90e73c-a484-4b65-88cf-121e201739e2@group-2BC39EBA70BB-SegmentedRaftLogWorker for RaftStorageImpl:Storage Directory /home/runner/work/ozone/ozone/hadoop-ozone/integration-test/target/test-dir/MiniOzoneClusterImpl-7272e4b8-7574-4f4a-a19b-420921f06a31/datanode-0/data/ratis/3ba8e611-aa55-4ac9-840b-2bc39eba70bb
2022-08-20 07:51:43,216 [pool-73-thread-1] INFO  server.RaftServerConfigKeys (ConfUtils.java:logGet(46)) - raft.server.log.queue.byte-limit = 4294967296 (custom)
2022-08-20 07:51:43,216 [pool-73-thread-1] INFO  server.RaftServerConfigKeys (ConfUtils.java:logGet(46)) - raft.server.log.queue.element-limit = 1024 (custom)
2022-08-20 07:51:43,216 [pool-73-thread-1] INFO  server.RaftServerConfigKeys (ConfUtils.java:logGet(46)) - raft.server.log.segment.size.max = 1048576 (custom)
2022-08-20 07:51:43,216 [pool-73-thread-1] INFO  server.RaftServerConfigKeys (ConfUtils.java:logGet(46)) - raft.server.log.preallocated.size = 16384 (custom)
2022-08-20 07:51:43,216 [pool-73-thread-1] INFO  server.RaftServerConfigKeys (ConfUtils.java:logGet(46)) - raft.server.log.force.sync.num = 128 (default)
2022-08-20 07:51:43,216 [pool-73-thread-1] INFO  server.RaftServerConfigKeys (ConfUtils.java:logGet(46)) - raft.server.log.statemachine.data.sync = true (default)
2022-08-20 07:51:43,216 [pool-73-thread-1] INFO  server.RaftServerConfigKeys (ConfUtils.java:logGet(46)) - raft.server.log.statemachine.data.sync.timeout = 10s (default)
2022-08-20 07:51:43,217 [pool-73-thread-1] INFO  server.RaftServerConfigKeys (ConfUtils.java:logGet(46)) - raft.server.log.statemachine.data.sync.timeout.retry = -1 (default)
2022-08-20 07:51:43,227 [pool-73-thread-1] INFO  server.RaftServerConfigKeys (ConfUtils.java:logGet(46)) - raft.server.log.write.buffer.size = 1048576 (custom)
2022-08-20 07:51:43,228 [pool-73-thread-1] INFO  server.RaftServerConfigKeys (ConfUtils.java:logGet(46)) - raft.server.log.unsafe-flush.enabled = false (default)
2022-08-20 07:51:43,228 [pool-73-thread-1] INFO  server.RaftServerConfigKeys (ConfUtils.java:logGet(46)) - raft.server.log.statemachine.data.caching.enabled = true (custom)
2022-08-20 07:51:43,228 [pool-73-thread-1] INFO  segmented.SegmentedRaftLogWorker (SegmentedRaftLogWorker.java:lambda$new$0(135)) - be90e73c-a484-4b65-88cf-121e201739e2@group-2BC39EBA70BB-SegmentedRaftLogWorker: flushIndex: setUnconditionally 0 -> -1
2022-08-20 07:51:43,228 [pool-73-thread-1] INFO  segmented.SegmentedRaftLogWorker (SegmentedRaftLogWorker.java:lambda$new$0(135)) - be90e73c-a484-4b65-88cf-121e201739e2@group-2BC39EBA70BB-SegmentedRaftLogWorker: safeCacheEvictIndex: setUnconditionally 0 -> -1
2022-08-20 07:51:43,234 [pool-73-thread-1] INFO  server.RaftServerConfigKeys (ConfUtils.java:logGet(46)) - raft.server.snapshot.auto.trigger.enabled = true (custom)
2022-08-20 07:51:43,234 [pool-73-thread-1] INFO  server.RaftServerConfigKeys (ConfUtils.java:logGet(46)) - raft.server.snapshot.auto.trigger.threshold = 10000 (custom)
2022-08-20 07:51:43,234 [pool-73-thread-1] INFO  server.RaftServerConfigKeys (ConfUtils.java:logGet(46)) - raft.server.snapshot.retention.file.num = 5 (custom)
2022-08-20 07:51:43,234 [pool-73-thread-1] INFO  server.RaftServerConfigKeys (ConfUtils.java:logGet(46)) - raft.server.log.purge.upto.snapshot.index = false (default)
2022-08-20 07:51:43,235 [pool-73-thread-1] INFO  server.RaftServerConfigKeys (ConfUtils.java:logGet(46)) - raft.server.retrycache.expirytime = 600000ms (custom)
2022-08-20 07:51:43,235 [pool-73-thread-1] INFO  server.RaftServerConfigKeys (ConfUtils.java:logGet(46)) - raft.server.retrycache.statistics.expirytime = 100μs (default)
2022-08-20 07:51:43,236 [EventQueue-PipelineReportForPipelineReportHandler] INFO  pipeline.PipelineManagerImpl (PipelineManagerImpl.java:openPipeline(367)) - Pipeline Pipeline[ Id: 3ba8e611-aa55-4ac9-840b-2bc39eba70bb, Nodes: be90e73c-a484-4b65-88cf-121e201739e2{ip: 10.1.0.10, host: fv-az58-577.v01ewlpc0lrezph5nvg1m2rhcd.cx.internal.cloudapp.net, ports: [REPLICATION=45537, RATIS=33179, RATIS_ADMIN=33179, RATIS_SERVER=33179, STANDALONE=41129], networkLocation: /default-rack, certSerialId: null, persistedOpState: IN_SERVICE, persistedOpStateExpiryEpochSec: 0}, ReplicationConfig: RATIS/ONE, State:ALLOCATED, leaderId:be90e73c-a484-4b65-88cf-121e201739e2, CreationTimestamp2022-08-20T07:51:40.196Z[Etc/UTC]] moved to OPEN state
2022-08-20 07:51:43,237 [pool-73-thread-1] INFO  server.RaftServerConfigKeys (ConfUtils.java:logGet(46)) - raft.server.log.appender.install.snapshot.enabled = false (custom)
2022-08-20 07:51:43,237 [pool-73-thread-1] INFO  server.RaftServerConfigKeys (ConfUtils.java:logGet(46)) - raft.server.threadpool.server.cached = true (default)
2022-08-20 07:51:43,237 [pool-73-thread-1] INFO  server.RaftServerConfigKeys (ConfUtils.java:logGet(46)) - raft.server.threadpool.server.size = 0 (default)
2022-08-20 07:51:43,237 [pool-73-thread-1] INFO  server.RaftServerConfigKeys (ConfUtils.java:logGet(46)) - raft.server.threadpool.client.cached = true (default)
2022-08-20 07:51:43,237 [pool-73-thread-1] INFO  server.RaftServerConfigKeys (ConfUtils.java:logGet(46)) - raft.server.threadpool.client.size = 0 (default)
2022-08-20 07:51:43,237 [pool-73-thread-1] INFO  server.RaftServer$Division (RaftServerImpl.java:start(310)) - be90e73c-a484-4b65-88cf-121e201739e2@group-2BC39EBA70BB: start as a follower, conf=-1: [be90e73c-a484-4b65-88cf-121e201739e2|rpc:10.1.0.10:33179|priority:1], old=null
2022-08-20 07:51:43,237 [pool-73-thread-1] INFO  server.RaftServer$Division (RaftServerImpl.java:setRole(299)) - be90e73c-a484-4b65-88cf-121e201739e2@group-2BC39EBA70BB: changes role from      null to FOLLOWER at term 0 for startAsFollower
2022-08-20 07:51:43,237 [pool-73-thread-1] INFO  impl.RoleInfo (RoleInfo.java:updateAndGet(139)) - be90e73c-a484-4b65-88cf-121e201739e2: start be90e73c-a484-4b65-88cf-121e201739e2@group-2BC39EBA70BB-FollowerState
2022-08-20 07:51:43,244 [pool-73-thread-1] INFO  util.JmxRegister (JmxRegister.java:tryRegister(44)) - Successfully registered JMX Bean with object name Ratis:service=RaftServer,group=group-2BC39EBA70BB,id=be90e73c-a484-4b65-88cf-121e201739e2
2022-08-20 07:51:43,254 [EventQueue-OpenPipelineForHealthyPipelineSafeModeRule] INFO  safemode.SCMSafeModeManager (HealthyPipelineSafeModeRule.java:process(137)) - SCM in safe mode. Healthy pipelines reported count is 0, required healthy pipeline reported count is 1
2022-08-20 07:51:43,256 [Command processor thread] INFO  ratis.XceiverServerRatis (XceiverServerRatis.java:addGroup(765)) - Created group PipelineID=3ba8e611-aa55-4ac9-840b-2bc39eba70bb
2022-08-20 07:51:43,256 [Command processor thread] INFO  commandhandler.CreatePipelineCommandHandler (CreatePipelineCommandHandler.java:handle(113)) - Created Pipeline RATIS ONE PipelineID=3ba8e611-aa55-4ac9-840b-2bc39eba70bb.
2022-08-20 07:51:43,256 [Command processor thread] INFO  server.RaftServer (RaftServerProxy.java:addNew(96)) - be90e73c-a484-4b65-88cf-121e201739e2: addNew group-7E3172ADB9F5:[cfb127e1-4a9c-4c86-92d2-3c8cc92f4642|rpc:10.1.0.10:40853|priority:0, 79881640-4786-45f7-aed0-9e856ede138a|rpc:10.1.0.10:45433|priority:1, be90e73c-a484-4b65-88cf-121e201739e2|rpc:10.1.0.10:33179|priority:0] returns group-7E3172ADB9F5:java.util.concurrent.CompletableFuture@6a61cc97[Not completed]
2022-08-20 07:51:43,259 [pool-73-thread-1] INFO  server.RaftServer$Division (RaftServerImpl.java:<init>(190)) - be90e73c-a484-4b65-88cf-121e201739e2: new RaftServerImpl for group-7E3172ADB9F5:[cfb127e1-4a9c-4c86-92d2-3c8cc92f4642|rpc:10.1.0.10:40853|priority:0, 79881640-4786-45f7-aed0-9e856ede138a|rpc:10.1.0.10:45433|priority:1, be90e73c-a484-4b65-88cf-121e201739e2|rpc:10.1.0.10:33179|priority:0] with ContainerStateMachine:uninitialized
2022-08-20 07:51:43,259 [pool-73-thread-1] INFO  server.RaftServerConfigKeys (ConfUtils.java:logGet(46)) - raft.server.rpc.timeout.min = 5s (custom)
2022-08-20 07:51:43,259 [pool-73-thread-1] INFO  server.RaftServerConfigKeys (ConfUtils.java:logGet(46)) - raft.server.rpc.timeout.max = 5200ms (custom)
2022-08-20 07:51:43,259 [pool-73-thread-1] INFO  server.RaftServerConfigKeys (ConfUtils.java:logGet(46)) - raft.server.rpc.sleep.time = 25ms (default)
2022-08-20 07:51:43,259 [pool-73-thread-1] INFO  server.RaftServerConfigKeys (ConfUtils.java:logGet(46)) - raft.server.rpc.slowness.timeout = 300s (custom)
2022-08-20 07:51:43,259 [pool-73-thread-1] INFO  server.RaftServerConfigKeys (ConfUtils.java:logGet(46)) - raft.server.leaderelection.leader.step-down.wait-time = 10s (default)
2022-08-20 07:51:43,259 [pool-73-thread-1] INFO  server.RaftServerConfigKeys (ConfUtils.java:logGet(46)) - raft.server.sleep.deviation.threshold = 300ms (default)
2022-08-20 07:51:43,259 [pool-73-thread-1] INFO  server.RaftServer$Division (ServerState.java:<init>(107)) - be90e73c-a484-4b65-88cf-121e201739e2@group-7E3172ADB9F5: ConfigurationManager, init=-1: [cfb127e1-4a9c-4c86-92d2-3c8cc92f4642|rpc:10.1.0.10:40853|priority:0, 79881640-4786-45f7-aed0-9e856ede138a|rpc:10.1.0.10:45433|priority:1, be90e73c-a484-4b65-88cf-121e201739e2|rpc:10.1.0.10:33179|priority:0], old=null, confs=<EMPTY_MAP>
2022-08-20 07:51:43,259 [pool-73-thread-1] INFO  server.RaftServerConfigKeys (ConfUtils.java:logGet(46)) - raft.server.storage.dir = [/home/runner/work/ozone/ozone/hadoop-ozone/integration-test/target/test-dir/MiniOzoneClusterImpl-7272e4b8-7574-4f4a-a19b-420921f06a31/datanode-0/data/ratis] (custom)
2022-08-20 07:51:43,260 [pool-73-thread-1] INFO  server.RaftServerConfigKeys (ConfUtils.java:logGet(46)) - raft.server.log.corruption.policy = EXCEPTION (default)
2022-08-20 07:51:43,260 [pool-73-thread-1] INFO  server.RaftServerConfigKeys (ConfUtils.java:logGet(46)) - raft.server.storage.free-space.min = 0MB (=0) (default)
2022-08-20 07:51:43,262 [pool-73-thread-1] INFO  storage.RaftStorageDirectory (RaftStorageDirectoryImpl.java:analyzeStorage(135)) - The storage directory /home/runner/work/ozone/ozone/hadoop-ozone/integration-test/target/test-dir/MiniOzoneClusterImpl-7272e4b8-7574-4f4a-a19b-420921f06a31/datanode-0/data/ratis/6728a686-476a-43ce-82a2-7e3172adb9f5 does not exist. Creating ...
2022-08-20 07:51:43,263 [pool-73-thread-1] INFO  storage.RaftStorageDirectory (RaftStorageDirectoryImpl.java:tryLock(230)) - Lock on /home/runner/work/ozone/ozone/hadoop-ozone/integration-test/target/test-dir/MiniOzoneClusterImpl-7272e4b8-7574-4f4a-a19b-420921f06a31/datanode-0/data/ratis/6728a686-476a-43ce-82a2-7e3172adb9f5/in_use.lock acquired by nodename 1881@fv-az58-577
2022-08-20 07:51:43,264 [pool-73-thread-1] INFO  storage.RaftStorage (RaftStorageImpl.java:format(89)) - Storage directory /home/runner/work/ozone/ozone/hadoop-ozone/integration-test/target/test-dir/MiniOzoneClusterImpl-7272e4b8-7574-4f4a-a19b-420921f06a31/datanode-0/data/ratis/6728a686-476a-43ce-82a2-7e3172adb9f5 has been successfully formatted.
2022-08-20 07:51:43,264 [pool-73-thread-1] INFO  ratis.ContainerStateMachine (ContainerStateMachine.java:loadSnapshot(236)) - group-7E3172ADB9F5: The snapshot info is null. Setting the last applied indexto:(t:0, i:~)
2022-08-20 07:51:43,264 [pool-73-thread-1] INFO  server.RaftServerConfigKeys (ConfUtils.java:logGet(46)) - raft.server.notification.no-leader.timeout = 300s (custom)
2022-08-20 07:51:43,264 [pool-73-thread-1] INFO  server.RaftServerConfigKeys (ConfUtils.java:logGet(46)) - raft.server.log.use.memory = false (default)
2022-08-20 07:51:43,264 [pool-73-thread-1] INFO  server.RaftServerConfigKeys (ConfUtils.java:logGet(46)) - raft.server.log.purge.gap = 1000000 (custom)
2022-08-20 07:51:43,264 [pool-73-thread-1] INFO  server.RaftServerConfigKeys (ConfUtils.java:logGet(46)) - raft.server.log.appender.buffer.byte-limit = 33554432 (custom)
2022-08-20 07:51:43,265 [pool-73-thread-1] INFO  server.RaftServerConfigKeys (ConfUtils.java:logGet(46)) - raft.server.log.statemachine.data.read.timeout = 1000ms (default)
2022-08-20 07:51:43,265 [pool-73-thread-1] INFO  server.RaftServerConfigKeys (ConfUtils.java:logGet(46)) - raft.server.log.segment.size.max = 1048576 (custom)
2022-08-20 07:51:43,267 [EventQueue-OpenPipelineForHealthyPipelineSafeModeRule] INFO  safemode.SCMSafeModeManager (HealthyPipelineSafeModeRule.java:process(137)) - SCM in safe mode. Healthy pipelines reported count is 0, required healthy pipeline reported count is 1
2022-08-20 07:51:43,267 [pool-73-thread-1] INFO  server.RaftServerConfigKeys (ConfUtils.java:logGet(46)) - raft.server.log.segment.cache.num.max = 2 (custom)
2022-08-20 07:51:43,267 [pool-73-thread-1] INFO  server.RaftServerConfigKeys (ConfUtils.java:logGet(46)) - raft.server.log.segment.cache.size.max = 200MB (=209715200) (default)
2022-08-20 07:51:43,267 [pool-73-thread-1] INFO  segmented.SegmentedRaftLogWorker (SegmentedRaftLogWorker.java:<init>(187)) - new be90e73c-a484-4b65-88cf-121e201739e2@group-7E3172ADB9F5-SegmentedRaftLogWorker for RaftStorageImpl:Storage Directory /home/runner/work/ozone/ozone/hadoop-ozone/integration-test/target/test-dir/MiniOzoneClusterImpl-7272e4b8-7574-4f4a-a19b-420921f06a31/datanode-0/data/ratis/6728a686-476a-43ce-82a2-7e3172adb9f5
2022-08-20 07:51:43,267 [pool-73-thread-1] INFO  server.RaftServerConfigKeys (ConfUtils.java:logGet(46)) - raft.server.log.queue.byte-limit = 4294967296 (custom)
2022-08-20 07:51:43,268 [pool-73-thread-1] INFO  server.RaftServerConfigKeys (ConfUtils.java:logGet(46)) - raft.server.log.queue.element-limit = 1024 (custom)
2022-08-20 07:51:43,268 [pool-73-thread-1] INFO  server.RaftServerConfigKeys (ConfUtils.java:logGet(46)) - raft.server.log.segment.size.max = 1048576 (custom)
2022-08-20 07:51:43,268 [pool-73-thread-1] INFO  server.RaftServerConfigKeys (ConfUtils.java:logGet(46)) - raft.server.log.preallocated.size = 16384 (custom)
2022-08-20 07:51:43,268 [pool-73-thread-1] INFO  server.RaftServerConfigKeys (ConfUtils.java:logGet(46)) - raft.server.log.force.sync.num = 128 (default)
2022-08-20 07:51:43,268 [pool-73-thread-1] INFO  server.RaftServerConfigKeys (ConfUtils.java:logGet(46)) - raft.server.log.statemachine.data.sync = true (default)
2022-08-20 07:51:43,268 [pool-73-thread-1] INFO  server.RaftServerConfigKeys (ConfUtils.java:logGet(46)) - raft.server.log.statemachine.data.sync.timeout = 10s (default)
2022-08-20 07:51:43,268 [pool-73-thread-1] INFO  server.RaftServerConfigKeys (ConfUtils.java:logGet(46)) - raft.server.log.statemachine.data.sync.timeout.retry = -1 (default)
2022-08-20 07:51:43,269 [pool-73-thread-1] INFO  server.RaftServerConfigKeys (ConfUtils.java:logGet(46)) - raft.server.log.write.buffer.size = 1048576 (custom)
2022-08-20 07:51:43,270 [pool-73-thread-1] INFO  server.RaftServerConfigKeys (ConfUtils.java:logGet(46)) - raft.server.log.unsafe-flush.enabled = false (default)
2022-08-20 07:51:43,270 [pool-73-thread-1] INFO  server.RaftServerConfigKeys (ConfUtils.java:logGet(46)) - raft.server.log.statemachine.data.caching.enabled = true (custom)
2022-08-20 07:51:43,270 [pool-73-thread-1] INFO  segmented.SegmentedRaftLogWorker (SegmentedRaftLogWorker.java:lambda$new$0(135)) - be90e73c-a484-4b65-88cf-121e201739e2@group-7E3172ADB9F5-SegmentedRaftLogWorker: flushIndex: setUnconditionally 0 -> -1
2022-08-20 07:51:43,270 [pool-73-thread-1] INFO  segmented.SegmentedRaftLogWorker (SegmentedRaftLogWorker.java:lambda$new$0(135)) - be90e73c-a484-4b65-88cf-121e201739e2@group-7E3172ADB9F5-SegmentedRaftLogWorker: safeCacheEvictIndex: setUnconditionally 0 -> -1
2022-08-20 07:51:43,271 [pool-73-thread-1] INFO  server.RaftServerConfigKeys (ConfUtils.java:logGet(46)) - raft.server.snapshot.auto.trigger.enabled = true (custom)
2022-08-20 07:51:43,271 [pool-73-thread-1] INFO  server.RaftServerConfigKeys (ConfUtils.java:logGet(46)) - raft.server.snapshot.auto.trigger.threshold = 10000 (custom)
2022-08-20 07:51:43,271 [pool-73-thread-1] INFO  server.RaftServerConfigKeys (ConfUtils.java:logGet(46)) - raft.server.snapshot.retention.file.num = 5 (custom)
2022-08-20 07:51:43,271 [pool-73-thread-1] INFO  server.RaftServerConfigKeys (ConfUtils.java:logGet(46)) - raft.server.log.purge.upto.snapshot.index = false (default)
2022-08-20 07:51:43,271 [pool-73-thread-1] INFO  server.RaftServerConfigKeys (ConfUtils.java:logGet(46)) - raft.server.retrycache.expirytime = 600000ms (custom)
2022-08-20 07:51:43,271 [pool-73-thread-1] INFO  server.RaftServerConfigKeys (ConfUtils.java:logGet(46)) - raft.server.retrycache.statistics.expirytime = 100μs (default)
2022-08-20 07:51:43,273 [pool-73-thread-1] INFO  server.RaftServerConfigKeys (ConfUtils.java:logGet(46)) - raft.server.log.appender.install.snapshot.enabled = false (custom)
2022-08-20 07:51:43,273 [pool-73-thread-1] INFO  server.RaftServerConfigKeys (ConfUtils.java:logGet(46)) - raft.server.threadpool.server.cached = true (default)
2022-08-20 07:51:43,273 [pool-73-thread-1] INFO  server.RaftServerConfigKeys (ConfUtils.java:logGet(46)) - raft.server.threadpool.server.size = 0 (default)
2022-08-20 07:51:43,273 [pool-73-thread-1] INFO  server.RaftServerConfigKeys (ConfUtils.java:logGet(46)) - raft.server.threadpool.client.cached = true (default)
2022-08-20 07:51:43,273 [pool-73-thread-1] INFO  server.RaftServerConfigKeys (ConfUtils.java:logGet(46)) - raft.server.threadpool.client.size = 0 (default)
2022-08-20 07:51:43,273 [pool-73-thread-1] INFO  server.RaftServer$Division (RaftServerImpl.java:start(310)) - be90e73c-a484-4b65-88cf-121e201739e2@group-7E3172ADB9F5: start as a follower, conf=-1: [cfb127e1-4a9c-4c86-92d2-3c8cc92f4642|rpc:10.1.0.10:40853|priority:0, 79881640-4786-45f7-aed0-9e856ede138a|rpc:10.1.0.10:45433|priority:1, be90e73c-a484-4b65-88cf-121e201739e2|rpc:10.1.0.10:33179|priority:0], old=null
2022-08-20 07:51:43,273 [pool-73-thread-1] INFO  server.RaftServer$Division (RaftServerImpl.java:setRole(299)) - be90e73c-a484-4b65-88cf-121e201739e2@group-7E3172ADB9F5: changes role from      null to FOLLOWER at term 0 for startAsFollower
2022-08-20 07:51:43,273 [pool-73-thread-1] INFO  impl.RoleInfo (RoleInfo.java:updateAndGet(139)) - be90e73c-a484-4b65-88cf-121e201739e2: start be90e73c-a484-4b65-88cf-121e201739e2@group-7E3172ADB9F5-FollowerState
2022-08-20 07:51:43,274 [pool-73-thread-1] INFO  util.JmxRegister (JmxRegister.java:tryRegister(44)) - Successfully registered JMX Bean with object name Ratis:service=RaftServer,group=group-7E3172ADB9F5,id=be90e73c-a484-4b65-88cf-121e201739e2
2022-08-20 07:51:43,277 [Command processor thread] INFO  ratis.XceiverServerRatis (XceiverServerRatis.java:addGroup(765)) - Created group PipelineID=6728a686-476a-43ce-82a2-7e3172adb9f5
2022-08-20 07:51:43,592 [Listener at 127.0.0.1/40219] INFO  ozone.MiniOzoneClusterImpl (MiniOzoneClusterImpl.java:lambda$waitForClusterToBeReady$0(216)) - Nodes are ready. Got 5 of 5 DN Heartbeats.
2022-08-20 07:51:43,592 [Listener at 127.0.0.1/40219] INFO  ozone.MiniOzoneClusterImpl (MiniOzoneClusterImpl.java:lambda$waitForClusterToBeReady$0(219)) - Waiting for cluster to exit safe mode
2022-08-20 07:51:43,592 [Listener at 127.0.0.1/40219] INFO  ozone.MiniOzoneClusterImpl (MiniOzoneClusterImpl.java:lambda$waitForClusterToBeReady$0(221)) - SCM became leader
2022-08-20 07:51:43,683 [Command processor thread] INFO  server.RaftServer (RaftServerProxy.java:addNew(96)) - 79881640-4786-45f7-aed0-9e856ede138a: addNew group-3BD9672A893D:[79881640-4786-45f7-aed0-9e856ede138a|rpc:10.1.0.10:45433|priority:1] returns group-3BD9672A893D:java.util.concurrent.CompletableFuture@51b8ceb1[Not completed]
2022-08-20 07:51:43,685 [pool-96-thread-1] INFO  server.RaftServer$Division (RaftServerImpl.java:<init>(190)) - 79881640-4786-45f7-aed0-9e856ede138a: new RaftServerImpl for group-3BD9672A893D:[79881640-4786-45f7-aed0-9e856ede138a|rpc:10.1.0.10:45433|priority:1] with ContainerStateMachine:uninitialized
2022-08-20 07:51:43,685 [pool-96-thread-1] INFO  server.RaftServerConfigKeys (ConfUtils.java:logGet(46)) - raft.server.rpc.timeout.min = 5s (custom)
2022-08-20 07:51:43,685 [pool-96-thread-1] INFO  server.RaftServerConfigKeys (ConfUtils.java:logGet(46)) - raft.server.rpc.timeout.max = 5200ms (custom)
2022-08-20 07:51:43,692 [pool-96-thread-1] INFO  server.RaftServerConfigKeys (ConfUtils.java:logGet(46)) - raft.server.rpc.sleep.time = 25ms (default)
2022-08-20 07:51:43,692 [pool-96-thread-1] INFO  server.RaftServerConfigKeys (ConfUtils.java:logGet(46)) - raft.server.rpc.slowness.timeout = 300s (custom)
2022-08-20 07:51:43,692 [pool-96-thread-1] INFO  server.RaftServerConfigKeys (ConfUtils.java:logGet(46)) - raft.server.leaderelection.leader.step-down.wait-time = 10s (default)
2022-08-20 07:51:43,692 [pool-96-thread-1] INFO  server.RaftServerConfigKeys (ConfUtils.java:logGet(46)) - raft.server.sleep.deviation.threshold = 300ms (default)
2022-08-20 07:51:43,692 [pool-96-thread-1] INFO  server.RaftServer$Division (ServerState.java:<init>(107)) - 79881640-4786-45f7-aed0-9e856ede138a@group-3BD9672A893D: ConfigurationManager, init=-1: [79881640-4786-45f7-aed0-9e856ede138a|rpc:10.1.0.10:45433|priority:1], old=null, confs=<EMPTY_MAP>
2022-08-20 07:51:43,692 [pool-96-thread-1] INFO  server.RaftServerConfigKeys (ConfUtils.java:logGet(46)) - raft.server.storage.dir = [/home/runner/work/ozone/ozone/hadoop-ozone/integration-test/target/test-dir/MiniOzoneClusterImpl-7272e4b8-7574-4f4a-a19b-420921f06a31/datanode-1/data/ratis] (custom)
2022-08-20 07:51:43,693 [pool-96-thread-1] INFO  server.RaftServerConfigKeys (ConfUtils.java:logGet(46)) - raft.server.log.corruption.policy = EXCEPTION (default)
2022-08-20 07:51:43,693 [pool-96-thread-1] INFO  server.RaftServerConfigKeys (ConfUtils.java:logGet(46)) - raft.server.storage.free-space.min = 0MB (=0) (default)
2022-08-20 07:51:43,693 [pool-96-thread-1] INFO  storage.RaftStorageDirectory (RaftStorageDirectoryImpl.java:analyzeStorage(135)) - The storage directory /home/runner/work/ozone/ozone/hadoop-ozone/integration-test/target/test-dir/MiniOzoneClusterImpl-7272e4b8-7574-4f4a-a19b-420921f06a31/datanode-1/data/ratis/fed9c48f-bae0-4100-ad24-3bd9672a893d does not exist. Creating ...
2022-08-20 07:51:43,695 [pool-96-thread-1] INFO  storage.RaftStorageDirectory (RaftStorageDirectoryImpl.java:tryLock(230)) - Lock on /home/runner/work/ozone/ozone/hadoop-ozone/integration-test/target/test-dir/MiniOzoneClusterImpl-7272e4b8-7574-4f4a-a19b-420921f06a31/datanode-1/data/ratis/fed9c48f-bae0-4100-ad24-3bd9672a893d/in_use.lock acquired by nodename 1881@fv-az58-577
2022-08-20 07:51:43,696 [pool-96-thread-1] INFO  storage.RaftStorage (RaftStorageImpl.java:format(89)) - Storage directory /home/runner/work/ozone/ozone/hadoop-ozone/integration-test/target/test-dir/MiniOzoneClusterImpl-7272e4b8-7574-4f4a-a19b-420921f06a31/datanode-1/data/ratis/fed9c48f-bae0-4100-ad24-3bd9672a893d has been successfully formatted.
2022-08-20 07:51:43,697 [pool-96-thread-1] INFO  ratis.ContainerStateMachine (ContainerStateMachine.java:loadSnapshot(236)) - group-3BD9672A893D: The snapshot info is null. Setting the last applied indexto:(t:0, i:~)
2022-08-20 07:51:43,699 [pool-96-thread-1] INFO  server.RaftServerConfigKeys (ConfUtils.java:logGet(46)) - raft.server.notification.no-leader.timeout = 300s (custom)
2022-08-20 07:51:43,699 [pool-96-thread-1] INFO  server.RaftServerConfigKeys (ConfUtils.java:logGet(46)) - raft.server.log.use.memory = false (default)
2022-08-20 07:51:43,701 [pool-96-thread-1] INFO  server.RaftServerConfigKeys (ConfUtils.java:logGet(46)) - raft.server.log.purge.gap = 1000000 (custom)
2022-08-20 07:51:43,701 [EventQueue-PipelineReportForPipelineReportHandler] INFO  pipeline.PipelineManagerImpl (PipelineManagerImpl.java:openPipeline(367)) - Pipeline Pipeline[ Id: fed9c48f-bae0-4100-ad24-3bd9672a893d, Nodes: 79881640-4786-45f7-aed0-9e856ede138a{ip: 10.1.0.10, host: fv-az58-577.v01ewlpc0lrezph5nvg1m2rhcd.cx.internal.cloudapp.net, ports: [REPLICATION=34717, RATIS=45433, RATIS_ADMIN=45433, RATIS_SERVER=45433, STANDALONE=42695], networkLocation: /default-rack, certSerialId: null, persistedOpState: IN_SERVICE, persistedOpStateExpiryEpochSec: 0}, ReplicationConfig: RATIS/ONE, State:ALLOCATED, leaderId:79881640-4786-45f7-aed0-9e856ede138a, CreationTimestamp2022-08-20T07:51:40.688Z[Etc/UTC]] moved to OPEN state
2022-08-20 07:51:43,701 [pool-96-thread-1] INFO  server.RaftServerConfigKeys (ConfUtils.java:logGet(46)) - raft.server.log.appender.buffer.byte-limit = 33554432 (custom)
2022-08-20 07:51:43,701 [pool-96-thread-1] INFO  server.RaftServerConfigKeys (ConfUtils.java:logGet(46)) - raft.server.log.statemachine.data.read.timeout = 1000ms (default)
2022-08-20 07:51:43,702 [pool-96-thread-1] INFO  server.RaftServerConfigKeys (ConfUtils.java:logGet(46)) - raft.server.log.segment.size.max = 1048576 (custom)
2022-08-20 07:51:43,702 [EventQueue-OpenPipelineForHealthyPipelineSafeModeRule] INFO  safemode.SCMSafeModeManager (HealthyPipelineSafeModeRule.java:process(137)) - SCM in safe mode. Healthy pipelines reported count is 0, required healthy pipeline reported count is 1
2022-08-20 07:51:43,707 [pool-96-thread-1] INFO  server.RaftServerConfigKeys (ConfUtils.java:logGet(46)) - raft.server.log.segment.cache.num.max = 2 (custom)
2022-08-20 07:51:43,707 [pool-96-thread-1] INFO  server.RaftServerConfigKeys (ConfUtils.java:logGet(46)) - raft.server.log.segment.cache.size.max = 200MB (=209715200) (default)
2022-08-20 07:51:43,707 [pool-96-thread-1] INFO  segmented.SegmentedRaftLogWorker (SegmentedRaftLogWorker.java:<init>(187)) - new 79881640-4786-45f7-aed0-9e856ede138a@group-3BD9672A893D-SegmentedRaftLogWorker for RaftStorageImpl:Storage Directory /home/runner/work/ozone/ozone/hadoop-ozone/integration-test/target/test-dir/MiniOzoneClusterImpl-7272e4b8-7574-4f4a-a19b-420921f06a31/datanode-1/data/ratis/fed9c48f-bae0-4100-ad24-3bd9672a893d
2022-08-20 07:51:43,707 [pool-96-thread-1] INFO  server.RaftServerConfigKeys (ConfUtils.java:logGet(46)) - raft.server.log.queue.byte-limit = 4294967296 (custom)
2022-08-20 07:51:43,707 [pool-96-thread-1] INFO  server.RaftServerConfigKeys (ConfUtils.java:logGet(46)) - raft.server.log.queue.element-limit = 1024 (custom)
2022-08-20 07:51:43,707 [pool-96-thread-1] INFO  server.RaftServerConfigKeys (ConfUtils.java:logGet(46)) - raft.server.log.segment.size.max = 1048576 (custom)
2022-08-20 07:51:43,707 [pool-96-thread-1] INFO  server.RaftServerConfigKeys (ConfUtils.java:logGet(46)) - raft.server.log.preallocated.size = 16384 (custom)
2022-08-20 07:51:43,707 [pool-96-thread-1] INFO  server.RaftServerConfigKeys (ConfUtils.java:logGet(46)) - raft.server.log.force.sync.num = 128 (default)
2022-08-20 07:51:43,707 [pool-96-thread-1] INFO  server.RaftServerConfigKeys (ConfUtils.java:logGet(46)) - raft.server.log.statemachine.data.sync = true (default)
2022-08-20 07:51:43,708 [pool-96-thread-1] INFO  server.RaftServerConfigKeys (ConfUtils.java:logGet(46)) - raft.server.log.statemachine.data.sync.timeout = 10s (default)
2022-08-20 07:51:43,708 [pool-96-thread-1] INFO  server.RaftServerConfigKeys (ConfUtils.java:logGet(46)) - raft.server.log.statemachine.data.sync.timeout.retry = -1 (default)
2022-08-20 07:51:43,709 [pool-96-thread-1] INFO  server.RaftServerConfigKeys (ConfUtils.java:logGet(46)) - raft.server.log.write.buffer.size = 1048576 (custom)
2022-08-20 07:51:43,709 [pool-96-thread-1] INFO  server.RaftServerConfigKeys (ConfUtils.java:logGet(46)) - raft.server.log.unsafe-flush.enabled = false (default)
2022-08-20 07:51:43,710 [pool-96-thread-1] INFO  server.RaftServerConfigKeys (ConfUtils.java:logGet(46)) - raft.server.log.statemachine.data.caching.enabled = true (custom)
2022-08-20 07:51:43,710 [pool-96-thread-1] INFO  segmented.SegmentedRaftLogWorker (SegmentedRaftLogWorker.java:lambda$new$0(135)) - 79881640-4786-45f7-aed0-9e856ede138a@group-3BD9672A893D-SegmentedRaftLogWorker: flushIndex: setUnconditionally 0 -> -1
2022-08-20 07:51:43,710 [pool-96-thread-1] INFO  segmented.SegmentedRaftLogWorker (SegmentedRaftLogWorker.java:lambda$new$0(135)) - 79881640-4786-45f7-aed0-9e856ede138a@group-3BD9672A893D-SegmentedRaftLogWorker: safeCacheEvictIndex: setUnconditionally 0 -> -1
2022-08-20 07:51:43,714 [pool-96-thread-1] INFO  server.RaftServerConfigKeys (ConfUtils.java:logGet(46)) - raft.server.snapshot.auto.trigger.enabled = true (custom)
2022-08-20 07:51:43,714 [pool-96-thread-1] INFO  server.RaftServerConfigKeys (ConfUtils.java:logGet(46)) - raft.server.snapshot.auto.trigger.threshold = 10000 (custom)
2022-08-20 07:51:43,714 [pool-96-thread-1] INFO  server.RaftServerConfigKeys (ConfUtils.java:logGet(46)) - raft.server.snapshot.retention.file.num = 5 (custom)
2022-08-20 07:51:43,714 [pool-96-thread-1] INFO  server.RaftServerConfigKeys (ConfUtils.java:logGet(46)) - raft.server.log.purge.upto.snapshot.index = false (default)
2022-08-20 07:51:43,714 [pool-96-thread-1] INFO  server.RaftServerConfigKeys (ConfUtils.java:logGet(46)) - raft.server.retrycache.expirytime = 600000ms (custom)
2022-08-20 07:51:43,714 [pool-96-thread-1] INFO  server.RaftServerConfigKeys (ConfUtils.java:logGet(46)) - raft.server.retrycache.statistics.expirytime = 100μs (default)
2022-08-20 07:51:43,716 [pool-96-thread-1] INFO  server.RaftServerConfigKeys (ConfUtils.java:logGet(46)) - raft.server.log.appender.install.snapshot.enabled = false (custom)
2022-08-20 07:51:43,716 [pool-96-thread-1] INFO  server.RaftServerConfigKeys (ConfUtils.java:logGet(46)) - raft.server.threadpool.server.cached = true (default)
2022-08-20 07:51:43,716 [pool-96-thread-1] INFO  server.RaftServerConfigKeys (ConfUtils.java:logGet(46)) - raft.server.threadpool.server.size = 0 (default)
2022-08-20 07:51:43,716 [pool-96-thread-1] INFO  server.RaftServerConfigKeys (ConfUtils.java:logGet(46)) - raft.server.threadpool.client.cached = true (default)
2022-08-20 07:51:43,716 [pool-96-thread-1] INFO  server.RaftServerConfigKeys (ConfUtils.java:logGet(46)) - raft.server.threadpool.client.size = 0 (default)
2022-08-20 07:51:43,716 [pool-96-thread-1] INFO  server.RaftServer$Division (RaftServerImpl.java:start(310)) - 79881640-4786-45f7-aed0-9e856ede138a@group-3BD9672A893D: start as a follower, conf=-1: [79881640-4786-45f7-aed0-9e856ede138a|rpc:10.1.0.10:45433|priority:1], old=null
2022-08-20 07:51:43,716 [pool-96-thread-1] INFO  server.RaftServer$Division (RaftServerImpl.java:setRole(299)) - 79881640-4786-45f7-aed0-9e856ede138a@group-3BD9672A893D: changes role from      null to FOLLOWER at term 0 for startAsFollower
2022-08-20 07:51:43,716 [pool-96-thread-1] INFO  impl.RoleInfo (RoleInfo.java:updateAndGet(139)) - 79881640-4786-45f7-aed0-9e856ede138a: start 79881640-4786-45f7-aed0-9e856ede138a@group-3BD9672A893D-FollowerState
2022-08-20 07:51:43,722 [pool-96-thread-1] INFO  util.JmxRegister (JmxRegister.java:tryRegister(44)) - Successfully registered JMX Bean with object name Ratis:service=RaftServer,group=group-3BD9672A893D,id=79881640-4786-45f7-aed0-9e856ede138a
2022-08-20 07:51:43,728 [Command processor thread] INFO  ratis.XceiverServerRatis (XceiverServerRatis.java:addGroup(765)) - Created group PipelineID=fed9c48f-bae0-4100-ad24-3bd9672a893d
2022-08-20 07:51:43,728 [Command processor thread] INFO  commandhandler.CreatePipelineCommandHandler (CreatePipelineCommandHandler.java:handle(113)) - Created Pipeline RATIS ONE PipelineID=fed9c48f-bae0-4100-ad24-3bd9672a893d.
2022-08-20 07:51:43,728 [Command processor thread] INFO  server.RaftServer (RaftServerProxy.java:addNew(96)) - 79881640-4786-45f7-aed0-9e856ede138a: addNew group-7E3172ADB9F5:[cfb127e1-4a9c-4c86-92d2-3c8cc92f4642|rpc:10.1.0.10:40853|priority:0, 79881640-4786-45f7-aed0-9e856ede138a|rpc:10.1.0.10:45433|priority:1, be90e73c-a484-4b65-88cf-121e201739e2|rpc:10.1.0.10:33179|priority:0] returns group-7E3172ADB9F5:java.util.concurrent.CompletableFuture@5587505e[Not completed]
2022-08-20 07:51:43,729 [pool-96-thread-1] INFO  server.RaftServer$Division (RaftServerImpl.java:<init>(190)) - 79881640-4786-45f7-aed0-9e856ede138a: new RaftServerImpl for group-7E3172ADB9F5:[cfb127e1-4a9c-4c86-92d2-3c8cc92f4642|rpc:10.1.0.10:40853|priority:0, 79881640-4786-45f7-aed0-9e856ede138a|rpc:10.1.0.10:45433|priority:1, be90e73c-a484-4b65-88cf-121e201739e2|rpc:10.1.0.10:33179|priority:0] with ContainerStateMachine:uninitialized
2022-08-20 07:51:43,729 [pool-96-thread-1] INFO  server.RaftServerConfigKeys (ConfUtils.java:logGet(46)) - raft.server.rpc.timeout.min = 5s (custom)
2022-08-20 07:51:43,729 [pool-96-thread-1] INFO  server.RaftServerConfigKeys (ConfUtils.java:logGet(46)) - raft.server.rpc.timeout.max = 5200ms (custom)
2022-08-20 07:51:43,729 [pool-96-thread-1] INFO  server.RaftServerConfigKeys (ConfUtils.java:logGet(46)) - raft.server.rpc.sleep.time = 25ms (default)
2022-08-20 07:51:43,729 [pool-96-thread-1] INFO  server.RaftServerConfigKeys (ConfUtils.java:logGet(46)) - raft.server.rpc.slowness.timeout = 300s (custom)
2022-08-20 07:51:43,730 [pool-96-thread-1] INFO  server.RaftServerConfigKeys (ConfUtils.java:logGet(46)) - raft.server.leaderelection.leader.step-down.wait-time = 10s (default)
2022-08-20 07:51:43,730 [pool-96-thread-1] INFO  server.RaftServerConfigKeys (ConfUtils.java:logGet(46)) - raft.server.sleep.deviation.threshold = 300ms (default)
2022-08-20 07:51:43,730 [pool-96-thread-1] INFO  server.RaftServer$Division (ServerState.java:<init>(107)) - 79881640-4786-45f7-aed0-9e856ede138a@group-7E3172ADB9F5: ConfigurationManager, init=-1: [cfb127e1-4a9c-4c86-92d2-3c8cc92f4642|rpc:10.1.0.10:40853|priority:0, 79881640-4786-45f7-aed0-9e856ede138a|rpc:10.1.0.10:45433|priority:1, be90e73c-a484-4b65-88cf-121e201739e2|rpc:10.1.0.10:33179|priority:0], old=null, confs=<EMPTY_MAP>
2022-08-20 07:51:43,730 [pool-96-thread-1] INFO  server.RaftServerConfigKeys (ConfUtils.java:logGet(46)) - raft.server.storage.dir = [/home/runner/work/ozone/ozone/hadoop-ozone/integration-test/target/test-dir/MiniOzoneClusterImpl-7272e4b8-7574-4f4a-a19b-420921f06a31/datanode-1/data/ratis] (custom)
2022-08-20 07:51:43,730 [pool-96-thread-1] INFO  server.RaftServerConfigKeys (ConfUtils.java:logGet(46)) - raft.server.log.corruption.policy = EXCEPTION (default)
2022-08-20 07:51:43,730 [pool-96-thread-1] INFO  server.RaftServerConfigKeys (ConfUtils.java:logGet(46)) - raft.server.storage.free-space.min = 0MB (=0) (default)
2022-08-20 07:51:43,730 [pool-96-thread-1] INFO  storage.RaftStorageDirectory (RaftStorageDirectoryImpl.java:analyzeStorage(135)) - The storage directory /home/runner/work/ozone/ozone/hadoop-ozone/integration-test/target/test-dir/MiniOzoneClusterImpl-7272e4b8-7574-4f4a-a19b-420921f06a31/datanode-1/data/ratis/6728a686-476a-43ce-82a2-7e3172adb9f5 does not exist. Creating ...
2022-08-20 07:51:43,732 [pool-96-thread-1] INFO  storage.RaftStorageDirectory (RaftStorageDirectoryImpl.java:tryLock(230)) - Lock on /home/runner/work/ozone/ozone/hadoop-ozone/integration-test/target/test-dir/MiniOzoneClusterImpl-7272e4b8-7574-4f4a-a19b-420921f06a31/datanode-1/data/ratis/6728a686-476a-43ce-82a2-7e3172adb9f5/in_use.lock acquired by nodename 1881@fv-az58-577
2022-08-20 07:51:43,733 [pool-96-thread-1] INFO  storage.RaftStorage (RaftStorageImpl.java:format(89)) - Storage directory /home/runner/work/ozone/ozone/hadoop-ozone/integration-test/target/test-dir/MiniOzoneClusterImpl-7272e4b8-7574-4f4a-a19b-420921f06a31/datanode-1/data/ratis/6728a686-476a-43ce-82a2-7e3172adb9f5 has been successfully formatted.
2022-08-20 07:51:43,734 [pool-96-thread-1] INFO  ratis.ContainerStateMachine (ContainerStateMachine.java:loadSnapshot(236)) - group-7E3172ADB9F5: The snapshot info is null. Setting the last applied indexto:(t:0, i:~)
2022-08-20 07:51:43,734 [pool-96-thread-1] INFO  server.RaftServerConfigKeys (ConfUtils.java:logGet(46)) - raft.server.notification.no-leader.timeout = 300s (custom)
2022-08-20 07:51:43,734 [pool-96-thread-1] INFO  server.RaftServerConfigKeys (ConfUtils.java:logGet(46)) - raft.server.log.use.memory = false (default)
2022-08-20 07:51:43,734 [pool-96-thread-1] INFO  server.RaftServerConfigKeys (ConfUtils.java:logGet(46)) - raft.server.log.purge.gap = 1000000 (custom)
2022-08-20 07:51:43,742 [pool-96-thread-1] INFO  server.RaftServerConfigKeys (ConfUtils.java:logGet(46)) - raft.server.log.appender.buffer.byte-limit = 33554432 (custom)
2022-08-20 07:51:43,742 [pool-96-thread-1] INFO  server.RaftServerConfigKeys (ConfUtils.java:logGet(46)) - raft.server.log.statemachine.data.read.timeout = 1000ms (default)
2022-08-20 07:51:43,744 [EventQueue-OpenPipelineForHealthyPipelineSafeModeRule] INFO  safemode.SCMSafeModeManager (HealthyPipelineSafeModeRule.java:process(137)) - SCM in safe mode. Healthy pipelines reported count is 0, required healthy pipeline reported count is 1
2022-08-20 07:51:43,744 [pool-96-thread-1] INFO  server.RaftServerConfigKeys (ConfUtils.java:logGet(46)) - raft.server.log.segment.size.max = 1048576 (custom)
2022-08-20 07:51:43,745 [pool-96-thread-1] INFO  server.RaftServerConfigKeys (ConfUtils.java:logGet(46)) - raft.server.log.segment.cache.num.max = 2 (custom)
2022-08-20 07:51:43,745 [pool-96-thread-1] INFO  server.RaftServerConfigKeys (ConfUtils.java:logGet(46)) - raft.server.log.segment.cache.size.max = 200MB (=209715200) (default)
2022-08-20 07:51:43,745 [pool-96-thread-1] INFO  segmented.SegmentedRaftLogWorker (SegmentedRaftLogWorker.java:<init>(187)) - new 79881640-4786-45f7-aed0-9e856ede138a@group-7E3172ADB9F5-SegmentedRaftLogWorker for RaftStorageImpl:Storage Directory /home/runner/work/ozone/ozone/hadoop-ozone/integration-test/target/test-dir/MiniOzoneClusterImpl-7272e4b8-7574-4f4a-a19b-420921f06a31/datanode-1/data/ratis/6728a686-476a-43ce-82a2-7e3172adb9f5
2022-08-20 07:51:43,745 [pool-96-thread-1] INFO  server.RaftServerConfigKeys (ConfUtils.java:logGet(46)) - raft.server.log.queue.byte-limit = 4294967296 (custom)
2022-08-20 07:51:43,745 [pool-96-thread-1] INFO  server.RaftServerConfigKeys (ConfUtils.java:logGet(46)) - raft.server.log.queue.element-limit = 1024 (custom)
2022-08-20 07:51:43,745 [pool-96-thread-1] INFO  server.RaftServerConfigKeys (ConfUtils.java:logGet(46)) - raft.server.log.segment.size.max = 1048576 (custom)
2022-08-20 07:51:43,745 [pool-96-thread-1] INFO  server.RaftServerConfigKeys (ConfUtils.java:logGet(46)) - raft.server.log.preallocated.size = 16384 (custom)
2022-08-20 07:51:43,745 [pool-96-thread-1] INFO  server.RaftServerConfigKeys (ConfUtils.java:logGet(46)) - raft.server.log.force.sync.num = 128 (default)
2022-08-20 07:51:43,745 [pool-96-thread-1] INFO  server.RaftServerConfigKeys (ConfUtils.java:logGet(46)) - raft.server.log.statemachine.data.sync = true (default)
2022-08-20 07:51:43,745 [pool-96-thread-1] INFO  server.RaftServerConfigKeys (ConfUtils.java:logGet(46)) - raft.server.log.statemachine.data.sync.timeout = 10s (default)
2022-08-20 07:51:43,745 [pool-96-thread-1] INFO  server.RaftServerConfigKeys (ConfUtils.java:logGet(46)) - raft.server.log.statemachine.data.sync.timeout.retry = -1 (default)
2022-08-20 07:51:43,746 [pool-96-thread-1] INFO  server.RaftServerConfigKeys (ConfUtils.java:logGet(46)) - raft.server.log.write.buffer.size = 1048576 (custom)
2022-08-20 07:51:43,747 [pool-96-thread-1] INFO  server.RaftServerConfigKeys (ConfUtils.java:logGet(46)) - raft.server.log.unsafe-flush.enabled = false (default)
2022-08-20 07:51:43,747 [pool-96-thread-1] INFO  server.RaftServerConfigKeys (ConfUtils.java:logGet(46)) - raft.server.log.statemachine.data.caching.enabled = true (custom)
2022-08-20 07:51:43,747 [pool-96-thread-1] INFO  segmented.SegmentedRaftLogWorker (SegmentedRaftLogWorker.java:lambda$new$0(135)) - 79881640-4786-45f7-aed0-9e856ede138a@group-7E3172ADB9F5-SegmentedRaftLogWorker: flushIndex: setUnconditionally 0 -> -1
2022-08-20 07:51:43,747 [pool-96-thread-1] INFO  segmented.SegmentedRaftLogWorker (SegmentedRaftLogWorker.java:lambda$new$0(135)) - 79881640-4786-45f7-aed0-9e856ede138a@group-7E3172ADB9F5-SegmentedRaftLogWorker: safeCacheEvictIndex: setUnconditionally 0 -> -1
2022-08-20 07:51:43,747 [pool-96-thread-1] INFO  server.RaftServerConfigKeys (ConfUtils.java:logGet(46)) - raft.server.snapshot.auto.trigger.enabled = true (custom)
2022-08-20 07:51:43,747 [pool-96-thread-1] INFO  server.RaftServerConfigKeys (ConfUtils.java:logGet(46)) - raft.server.snapshot.auto.trigger.threshold = 10000 (custom)
2022-08-20 07:51:43,747 [pool-96-thread-1] INFO  server.RaftServerConfigKeys (ConfUtils.java:logGet(46)) - raft.server.snapshot.retention.file.num = 5 (custom)
2022-08-20 07:51:43,747 [pool-96-thread-1] INFO  server.RaftServerConfigKeys (ConfUtils.java:logGet(46)) - raft.server.log.purge.upto.snapshot.index = false (default)
2022-08-20 07:51:43,748 [pool-96-thread-1] INFO  server.RaftServerConfigKeys (ConfUtils.java:logGet(46)) - raft.server.retrycache.expirytime = 600000ms (custom)
2022-08-20 07:51:43,748 [pool-96-thread-1] INFO  server.RaftServerConfigKeys (ConfUtils.java:logGet(46)) - raft.server.retrycache.statistics.expirytime = 100μs (default)
2022-08-20 07:51:43,749 [pool-96-thread-1] INFO  server.RaftServerConfigKeys (ConfUtils.java:logGet(46)) - raft.server.log.appender.install.snapshot.enabled = false (custom)
2022-08-20 07:51:43,749 [pool-96-thread-1] INFO  server.RaftServerConfigKeys (ConfUtils.java:logGet(46)) - raft.server.threadpool.server.cached = true (default)
2022-08-20 07:51:43,749 [pool-96-thread-1] INFO  server.RaftServerConfigKeys (ConfUtils.java:logGet(46)) - raft.server.threadpool.server.size = 0 (default)
2022-08-20 07:51:43,749 [pool-96-thread-1] INFO  server.RaftServerConfigKeys (ConfUtils.java:logGet(46)) - raft.server.threadpool.client.cached = true (default)
2022-08-20 07:51:43,749 [pool-96-thread-1] INFO  server.RaftServerConfigKeys (ConfUtils.java:logGet(46)) - raft.server.threadpool.client.size = 0 (default)
2022-08-20 07:51:43,749 [pool-96-thread-1] INFO  server.RaftServer$Division (RaftServerImpl.java:start(310)) - 79881640-4786-45f7-aed0-9e856ede138a@group-7E3172ADB9F5: start as a follower, conf=-1: [cfb127e1-4a9c-4c86-92d2-3c8cc92f4642|rpc:10.1.0.10:40853|priority:0, 79881640-4786-45f7-aed0-9e856ede138a|rpc:10.1.0.10:45433|priority:1, be90e73c-a484-4b65-88cf-121e201739e2|rpc:10.1.0.10:33179|priority:0], old=null
2022-08-20 07:51:43,749 [pool-96-thread-1] INFO  server.RaftServer$Division (RaftServerImpl.java:setRole(299)) - 79881640-4786-45f7-aed0-9e856ede138a@group-7E3172ADB9F5: changes role from      null to FOLLOWER at term 0 for startAsFollower
2022-08-20 07:51:43,749 [pool-96-thread-1] INFO  impl.RoleInfo (RoleInfo.java:updateAndGet(139)) - 79881640-4786-45f7-aed0-9e856ede138a: start 79881640-4786-45f7-aed0-9e856ede138a@group-7E3172ADB9F5-FollowerState
2022-08-20 07:51:43,750 [pool-96-thread-1] INFO  util.JmxRegister (JmxRegister.java:tryRegister(44)) - Successfully registered JMX Bean with object name Ratis:service=RaftServer,group=group-7E3172ADB9F5,id=79881640-4786-45f7-aed0-9e856ede138a
2022-08-20 07:51:43,750 [Command processor thread] INFO  ratis.XceiverServerRatis (XceiverServerRatis.java:addGroup(765)) - Created group PipelineID=6728a686-476a-43ce-82a2-7e3172adb9f5
2022-08-20 07:51:43,907 [grpc-default-executor-0] INFO  server.RaftServer (RaftServerProxy.java:addNew(96)) - cfb127e1-4a9c-4c86-92d2-3c8cc92f4642: addNew group-7E3172ADB9F5:[cfb127e1-4a9c-4c86-92d2-3c8cc92f4642|rpc:10.1.0.10:40853|dataStream:|priority:0, 79881640-4786-45f7-aed0-9e856ede138a|rpc:10.1.0.10:45433|dataStream:|priority:1, be90e73c-a484-4b65-88cf-121e201739e2|rpc:10.1.0.10:33179|dataStream:|priority:0] returns group-7E3172ADB9F5:java.util.concurrent.CompletableFuture@74c7933b[Not completed]
2022-08-20 07:51:43,912 [pool-119-thread-1] INFO  server.RaftServer$Division (RaftServerImpl.java:<init>(190)) - cfb127e1-4a9c-4c86-92d2-3c8cc92f4642: new RaftServerImpl for group-7E3172ADB9F5:[cfb127e1-4a9c-4c86-92d2-3c8cc92f4642|rpc:10.1.0.10:40853|dataStream:|priority:0, 79881640-4786-45f7-aed0-9e856ede138a|rpc:10.1.0.10:45433|dataStream:|priority:1, be90e73c-a484-4b65-88cf-121e201739e2|rpc:10.1.0.10:33179|dataStream:|priority:0] with ContainerStateMachine:uninitialized
2022-08-20 07:51:43,912 [pool-119-thread-1] INFO  server.RaftServerConfigKeys (ConfUtils.java:logGet(46)) - raft.server.rpc.timeout.min = 5s (custom)
2022-08-20 07:51:43,912 [pool-119-thread-1] INFO  server.RaftServerConfigKeys (ConfUtils.java:logGet(46)) - raft.server.rpc.timeout.max = 5200ms (custom)
2022-08-20 07:51:43,912 [pool-119-thread-1] INFO  server.RaftServerConfigKeys (ConfUtils.java:logGet(46)) - raft.server.rpc.sleep.time = 25ms (default)
2022-08-20 07:51:43,912 [pool-119-thread-1] INFO  server.RaftServerConfigKeys (ConfUtils.java:logGet(46)) - raft.server.rpc.slowness.timeout = 300s (custom)
2022-08-20 07:51:43,912 [pool-119-thread-1] INFO  server.RaftServerConfigKeys (ConfUtils.java:logGet(46)) - raft.server.leaderelection.leader.step-down.wait-time = 10s (default)
2022-08-20 07:51:43,912 [pool-119-thread-1] INFO  server.RaftServerConfigKeys (ConfUtils.java:logGet(46)) - raft.server.sleep.deviation.threshold = 300ms (default)
2022-08-20 07:51:43,912 [pool-119-thread-1] INFO  server.RaftServer$Division (ServerState.java:<init>(107)) - cfb127e1-4a9c-4c86-92d2-3c8cc92f4642@group-7E3172ADB9F5: ConfigurationManager, init=-1: [cfb127e1-4a9c-4c86-92d2-3c8cc92f4642|rpc:10.1.0.10:40853|dataStream:|priority:0, 79881640-4786-45f7-aed0-9e856ede138a|rpc:10.1.0.10:45433|dataStream:|priority:1, be90e73c-a484-4b65-88cf-121e201739e2|rpc:10.1.0.10:33179|dataStream:|priority:0], old=null, confs=<EMPTY_MAP>
2022-08-20 07:51:43,912 [pool-119-thread-1] INFO  server.RaftServerConfigKeys (ConfUtils.java:logGet(46)) - raft.server.storage.dir = [/home/runner/work/ozone/ozone/hadoop-ozone/integration-test/target/test-dir/MiniOzoneClusterImpl-7272e4b8-7574-4f4a-a19b-420921f06a31/datanode-2/data/ratis] (custom)
2022-08-20 07:51:43,913 [pool-119-thread-1] INFO  server.RaftServerConfigKeys (ConfUtils.java:logGet(46)) - raft.server.log.corruption.policy = EXCEPTION (default)
2022-08-20 07:51:43,913 [pool-119-thread-1] INFO  server.RaftServerConfigKeys (ConfUtils.java:logGet(46)) - raft.server.storage.free-space.min = 0MB (=0) (default)
2022-08-20 07:51:43,913 [pool-119-thread-1] INFO  storage.RaftStorageDirectory (RaftStorageDirectoryImpl.java:analyzeStorage(135)) - The storage directory /home/runner/work/ozone/ozone/hadoop-ozone/integration-test/target/test-dir/MiniOzoneClusterImpl-7272e4b8-7574-4f4a-a19b-420921f06a31/datanode-2/data/ratis/6728a686-476a-43ce-82a2-7e3172adb9f5 does not exist. Creating ...
2022-08-20 07:51:43,914 [pool-119-thread-1] INFO  storage.RaftStorageDirectory (RaftStorageDirectoryImpl.java:tryLock(230)) - Lock on /home/runner/work/ozone/ozone/hadoop-ozone/integration-test/target/test-dir/MiniOzoneClusterImpl-7272e4b8-7574-4f4a-a19b-420921f06a31/datanode-2/data/ratis/6728a686-476a-43ce-82a2-7e3172adb9f5/in_use.lock acquired by nodename 1881@fv-az58-577
2022-08-20 07:51:43,915 [pool-119-thread-1] INFO  storage.RaftStorage (RaftStorageImpl.java:format(89)) - Storage directory /home/runner/work/ozone/ozone/hadoop-ozone/integration-test/target/test-dir/MiniOzoneClusterImpl-7272e4b8-7574-4f4a-a19b-420921f06a31/datanode-2/data/ratis/6728a686-476a-43ce-82a2-7e3172adb9f5 has been successfully formatted.
2022-08-20 07:51:43,917 [pool-119-thread-1] INFO  ratis.ContainerStateMachine (ContainerStateMachine.java:loadSnapshot(236)) - group-7E3172ADB9F5: The snapshot info is null. Setting the last applied indexto:(t:0, i:~)
2022-08-20 07:51:43,922 [pool-119-thread-1] INFO  server.RaftServerConfigKeys (ConfUtils.java:logGet(46)) - raft.server.notification.no-leader.timeout = 300s (custom)
2022-08-20 07:51:43,922 [pool-119-thread-1] INFO  server.RaftServerConfigKeys (ConfUtils.java:logGet(46)) - raft.server.log.use.memory = false (default)
2022-08-20 07:51:43,923 [pool-119-thread-1] INFO  server.RaftServerConfigKeys (ConfUtils.java:logGet(46)) - raft.server.log.purge.gap = 1000000 (custom)
2022-08-20 07:51:43,923 [pool-119-thread-1] INFO  server.RaftServerConfigKeys (ConfUtils.java:logGet(46)) - raft.server.log.appender.buffer.byte-limit = 33554432 (custom)
2022-08-20 07:51:43,923 [pool-119-thread-1] INFO  server.RaftServerConfigKeys (ConfUtils.java:logGet(46)) - raft.server.log.statemachine.data.read.timeout = 1000ms (default)
2022-08-20 07:51:43,923 [pool-119-thread-1] INFO  server.RaftServerConfigKeys (ConfUtils.java:logGet(46)) - raft.server.log.segment.size.max = 1048576 (custom)
2022-08-20 07:51:43,923 [pool-119-thread-1] INFO  server.RaftServerConfigKeys (ConfUtils.java:logGet(46)) - raft.server.log.segment.cache.num.max = 2 (custom)
2022-08-20 07:51:43,923 [pool-119-thread-1] INFO  server.RaftServerConfigKeys (ConfUtils.java:logGet(46)) - raft.server.log.segment.cache.size.max = 200MB (=209715200) (default)
2022-08-20 07:51:43,923 [pool-119-thread-1] INFO  segmented.SegmentedRaftLogWorker (SegmentedRaftLogWorker.java:<init>(187)) - new cfb127e1-4a9c-4c86-92d2-3c8cc92f4642@group-7E3172ADB9F5-SegmentedRaftLogWorker for RaftStorageImpl:Storage Directory /home/runner/work/ozone/ozone/hadoop-ozone/integration-test/target/test-dir/MiniOzoneClusterImpl-7272e4b8-7574-4f4a-a19b-420921f06a31/datanode-2/data/ratis/6728a686-476a-43ce-82a2-7e3172adb9f5
2022-08-20 07:51:43,923 [pool-119-thread-1] INFO  server.RaftServerConfigKeys (ConfUtils.java:logGet(46)) - raft.server.log.queue.byte-limit = 4294967296 (custom)
2022-08-20 07:51:43,924 [pool-119-thread-1] INFO  server.RaftServerConfigKeys (ConfUtils.java:logGet(46)) - raft.server.log.queue.element-limit = 1024 (custom)
2022-08-20 07:51:43,924 [pool-119-thread-1] INFO  server.RaftServerConfigKeys (ConfUtils.java:logGet(46)) - raft.server.log.segment.size.max = 1048576 (custom)
2022-08-20 07:51:43,924 [pool-119-thread-1] INFO  server.RaftServerConfigKeys (ConfUtils.java:logGet(46)) - raft.server.log.preallocated.size = 16384 (custom)
2022-08-20 07:51:43,924 [pool-119-thread-1] INFO  server.RaftServerConfigKeys (ConfUtils.java:logGet(46)) - raft.server.log.force.sync.num = 128 (default)
2022-08-20 07:51:43,924 [pool-119-thread-1] INFO  server.RaftServerConfigKeys (ConfUtils.java:logGet(46)) - raft.server.log.statemachine.data.sync = true (default)
2022-08-20 07:51:43,924 [pool-119-thread-1] INFO  server.RaftServerConfigKeys (ConfUtils.java:logGet(46)) - raft.server.log.statemachine.data.sync.timeout = 10s (default)
2022-08-20 07:51:43,924 [pool-119-thread-1] INFO  server.RaftServerConfigKeys (ConfUtils.java:logGet(46)) - raft.server.log.statemachine.data.sync.timeout.retry = -1 (default)
2022-08-20 07:51:43,924 [pool-119-thread-1] INFO  server.RaftServerConfigKeys (ConfUtils.java:logGet(46)) - raft.server.log.write.buffer.size = 1048576 (custom)
2022-08-20 07:51:43,925 [pool-119-thread-1] INFO  server.RaftServerConfigKeys (ConfUtils.java:logGet(46)) - raft.server.log.unsafe-flush.enabled = false (default)
2022-08-20 07:51:43,925 [pool-119-thread-1] INFO  server.RaftServerConfigKeys (ConfUtils.java:logGet(46)) - raft.server.log.statemachine.data.caching.enabled = true (custom)
2022-08-20 07:51:43,925 [pool-119-thread-1] INFO  segmented.SegmentedRaftLogWorker (SegmentedRaftLogWorker.java:lambda$new$0(135)) - cfb127e1-4a9c-4c86-92d2-3c8cc92f4642@group-7E3172ADB9F5-SegmentedRaftLogWorker: flushIndex: setUnconditionally 0 -> -1
2022-08-20 07:51:43,925 [pool-119-thread-1] INFO  segmented.SegmentedRaftLogWorker (SegmentedRaftLogWorker.java:lambda$new$0(135)) - cfb127e1-4a9c-4c86-92d2-3c8cc92f4642@group-7E3172ADB9F5-SegmentedRaftLogWorker: safeCacheEvictIndex: setUnconditionally 0 -> -1
2022-08-20 07:51:43,938 [pool-119-thread-1] INFO  server.RaftServerConfigKeys (ConfUtils.java:logGet(46)) - raft.server.snapshot.auto.trigger.enabled = true (custom)
2022-08-20 07:51:43,939 [pool-119-thread-1] INFO  server.RaftServerConfigKeys (ConfUtils.java:logGet(46)) - raft.server.snapshot.auto.trigger.threshold = 10000 (custom)
2022-08-20 07:51:43,939 [pool-119-thread-1] INFO  server.RaftServerConfigKeys (ConfUtils.java:logGet(46)) - raft.server.snapshot.retention.file.num = 5 (custom)
2022-08-20 07:51:43,939 [pool-119-thread-1] INFO  server.RaftServerConfigKeys (ConfUtils.java:logGet(46)) - raft.server.log.purge.upto.snapshot.index = false (default)
2022-08-20 07:51:43,939 [pool-119-thread-1] INFO  server.RaftServerConfigKeys (ConfUtils.java:logGet(46)) - raft.server.retrycache.expirytime = 600000ms (custom)
2022-08-20 07:51:43,939 [pool-119-thread-1] INFO  server.RaftServerConfigKeys (ConfUtils.java:logGet(46)) - raft.server.retrycache.statistics.expirytime = 100μs (default)
2022-08-20 07:51:43,940 [pool-119-thread-1] INFO  server.RaftServerConfigKeys (ConfUtils.java:logGet(46)) - raft.server.log.appender.install.snapshot.enabled = false (custom)
2022-08-20 07:51:43,940 [pool-119-thread-1] INFO  server.RaftServerConfigKeys (ConfUtils.java:logGet(46)) - raft.server.threadpool.server.cached = true (default)
2022-08-20 07:51:43,940 [pool-119-thread-1] INFO  server.RaftServerConfigKeys (ConfUtils.java:logGet(46)) - raft.server.threadpool.server.size = 0 (default)
2022-08-20 07:51:43,940 [pool-119-thread-1] INFO  server.RaftServerConfigKeys (ConfUtils.java:logGet(46)) - raft.server.threadpool.client.cached = true (default)
2022-08-20 07:51:43,940 [pool-119-thread-1] INFO  server.RaftServerConfigKeys (ConfUtils.java:logGet(46)) - raft.server.threadpool.client.size = 0 (default)
2022-08-20 07:51:43,941 [pool-119-thread-1] INFO  server.RaftServer$Division (RaftServerImpl.java:start(310)) - cfb127e1-4a9c-4c86-92d2-3c8cc92f4642@group-7E3172ADB9F5: start as a follower, conf=-1: [cfb127e1-4a9c-4c86-92d2-3c8cc92f4642|rpc:10.1.0.10:40853|dataStream:|priority:0, 79881640-4786-45f7-aed0-9e856ede138a|rpc:10.1.0.10:45433|dataStream:|priority:1, be90e73c-a484-4b65-88cf-121e201739e2|rpc:10.1.0.10:33179|dataStream:|priority:0], old=null
2022-08-20 07:51:43,941 [pool-119-thread-1] INFO  server.RaftServer$Division (RaftServerImpl.java:setRole(299)) - cfb127e1-4a9c-4c86-92d2-3c8cc92f4642@group-7E3172ADB9F5: changes role from      null to FOLLOWER at term 0 for startAsFollower
2022-08-20 07:51:43,941 [pool-119-thread-1] INFO  impl.RoleInfo (RoleInfo.java:updateAndGet(139)) - cfb127e1-4a9c-4c86-92d2-3c8cc92f4642: start cfb127e1-4a9c-4c86-92d2-3c8cc92f4642@group-7E3172ADB9F5-FollowerState
2022-08-20 07:51:43,941 [Command processor thread] INFO  commandhandler.CreatePipelineCommandHandler (CreatePipelineCommandHandler.java:handle(113)) - Created Pipeline RATIS THREE PipelineID=6728a686-476a-43ce-82a2-7e3172adb9f5.
2022-08-20 07:51:43,942 [Command processor thread] INFO  server.RaftServer (RaftServerProxy.java:addNew(96)) - 79881640-4786-45f7-aed0-9e856ede138a: addNew group-9FD53E98E799:[cfb127e1-4a9c-4c86-92d2-3c8cc92f4642|rpc:10.1.0.10:40853|priority:1, 79881640-4786-45f7-aed0-9e856ede138a|rpc:10.1.0.10:45433|priority:0, be90e73c-a484-4b65-88cf-121e201739e2|rpc:10.1.0.10:33179|priority:0] returns group-9FD53E98E799:java.util.concurrent.CompletableFuture@18634ab4[Not completed]
2022-08-20 07:51:43,942 [pool-119-thread-1] INFO  util.JmxRegister (JmxRegister.java:tryRegister(44)) - Successfully registered JMX Bean with object name Ratis:service=RaftServer,group=group-7E3172ADB9F5,id=cfb127e1-4a9c-4c86-92d2-3c8cc92f4642
2022-08-20 07:51:43,943 [pool-96-thread-1] INFO  server.RaftServer$Division (RaftServerImpl.java:<init>(190)) - 79881640-4786-45f7-aed0-9e856ede138a: new RaftServerImpl for group-9FD53E98E799:[cfb127e1-4a9c-4c86-92d2-3c8cc92f4642|rpc:10.1.0.10:40853|priority:1, 79881640-4786-45f7-aed0-9e856ede138a|rpc:10.1.0.10:45433|priority:0, be90e73c-a484-4b65-88cf-121e201739e2|rpc:10.1.0.10:33179|priority:0] with ContainerStateMachine:uninitialized
2022-08-20 07:51:43,943 [pool-96-thread-1] INFO  server.RaftServerConfigKeys (ConfUtils.java:logGet(46)) - raft.server.rpc.timeout.min = 5s (custom)
2022-08-20 07:51:43,943 [pool-96-thread-1] INFO  server.RaftServerConfigKeys (ConfUtils.java:logGet(46)) - raft.server.rpc.timeout.max = 5200ms (custom)
2022-08-20 07:51:43,943 [pool-96-thread-1] INFO  server.RaftServerConfigKeys (ConfUtils.java:logGet(46)) - raft.server.rpc.sleep.time = 25ms (default)
2022-08-20 07:51:43,943 [pool-96-thread-1] INFO  server.RaftServerConfigKeys (ConfUtils.java:logGet(46)) - raft.server.rpc.slowness.timeout = 300s (custom)
2022-08-20 07:51:43,943 [pool-96-thread-1] INFO  server.RaftServerConfigKeys (ConfUtils.java:logGet(46)) - raft.server.leaderelection.leader.step-down.wait-time = 10s (default)
2022-08-20 07:51:43,943 [pool-96-thread-1] INFO  server.RaftServerConfigKeys (ConfUtils.java:logGet(46)) - raft.server.sleep.deviation.threshold = 300ms (default)
2022-08-20 07:51:43,943 [pool-96-thread-1] INFO  server.RaftServer$Division (ServerState.java:<init>(107)) - 79881640-4786-45f7-aed0-9e856ede138a@group-9FD53E98E799: ConfigurationManager, init=-1: [cfb127e1-4a9c-4c86-92d2-3c8cc92f4642|rpc:10.1.0.10:40853|priority:1, 79881640-4786-45f7-aed0-9e856ede138a|rpc:10.1.0.10:45433|priority:0, be90e73c-a484-4b65-88cf-121e201739e2|rpc:10.1.0.10:33179|priority:0], old=null, confs=<EMPTY_MAP>
2022-08-20 07:51:43,943 [pool-96-thread-1] INFO  server.RaftServerConfigKeys (ConfUtils.java:logGet(46)) - raft.server.storage.dir = [/home/runner/work/ozone/ozone/hadoop-ozone/integration-test/target/test-dir/MiniOzoneClusterImpl-7272e4b8-7574-4f4a-a19b-420921f06a31/datanode-1/data/ratis] (custom)
2022-08-20 07:51:43,944 [pool-96-thread-1] INFO  server.RaftServerConfigKeys (ConfUtils.java:logGet(46)) - raft.server.log.corruption.policy = EXCEPTION (default)
2022-08-20 07:51:43,944 [pool-96-thread-1] INFO  server.RaftServerConfigKeys (ConfUtils.java:logGet(46)) - raft.server.storage.free-space.min = 0MB (=0) (default)
2022-08-20 07:51:43,944 [pool-96-thread-1] INFO  storage.RaftStorageDirectory (RaftStorageDirectoryImpl.java:analyzeStorage(135)) - The storage directory /home/runner/work/ozone/ozone/hadoop-ozone/integration-test/target/test-dir/MiniOzoneClusterImpl-7272e4b8-7574-4f4a-a19b-420921f06a31/datanode-1/data/ratis/eee67a3c-b98a-4bb7-aef2-9fd53e98e799 does not exist. Creating ...
2022-08-20 07:51:43,945 [pool-96-thread-1] INFO  storage.RaftStorageDirectory (RaftStorageDirectoryImpl.java:tryLock(230)) - Lock on /home/runner/work/ozone/ozone/hadoop-ozone/integration-test/target/test-dir/MiniOzoneClusterImpl-7272e4b8-7574-4f4a-a19b-420921f06a31/datanode-1/data/ratis/eee67a3c-b98a-4bb7-aef2-9fd53e98e799/in_use.lock acquired by nodename 1881@fv-az58-577
2022-08-20 07:51:43,946 [pool-96-thread-1] INFO  storage.RaftStorage (RaftStorageImpl.java:format(89)) - Storage directory /home/runner/work/ozone/ozone/hadoop-ozone/integration-test/target/test-dir/MiniOzoneClusterImpl-7272e4b8-7574-4f4a-a19b-420921f06a31/datanode-1/data/ratis/eee67a3c-b98a-4bb7-aef2-9fd53e98e799 has been successfully formatted.
2022-08-20 07:51:43,950 [pool-96-thread-1] INFO  ratis.ContainerStateMachine (ContainerStateMachine.java:loadSnapshot(236)) - group-9FD53E98E799: The snapshot info is null. Setting the last applied indexto:(t:0, i:~)
2022-08-20 07:51:43,950 [pool-96-thread-1] INFO  server.RaftServerConfigKeys (ConfUtils.java:logGet(46)) - raft.server.notification.no-leader.timeout = 300s (custom)
2022-08-20 07:51:43,951 [pool-96-thread-1] INFO  server.RaftServerConfigKeys (ConfUtils.java:logGet(46)) - raft.server.log.use.memory = false (default)
2022-08-20 07:51:43,951 [pool-96-thread-1] INFO  server.RaftServerConfigKeys (ConfUtils.java:logGet(46)) - raft.server.log.purge.gap = 1000000 (custom)
2022-08-20 07:51:43,951 [pool-96-thread-1] INFO  server.RaftServerConfigKeys (ConfUtils.java:logGet(46)) - raft.server.log.appender.buffer.byte-limit = 33554432 (custom)
2022-08-20 07:51:43,951 [pool-96-thread-1] INFO  server.RaftServerConfigKeys (ConfUtils.java:logGet(46)) - raft.server.log.statemachine.data.read.timeout = 1000ms (default)
2022-08-20 07:51:43,951 [pool-96-thread-1] INFO  server.RaftServerConfigKeys (ConfUtils.java:logGet(46)) - raft.server.log.segment.size.max = 1048576 (custom)
2022-08-20 07:51:43,951 [pool-96-thread-1] INFO  server.RaftServerConfigKeys (ConfUtils.java:logGet(46)) - raft.server.log.segment.cache.num.max = 2 (custom)
2022-08-20 07:51:43,951 [pool-96-thread-1] INFO  server.RaftServerConfigKeys (ConfUtils.java:logGet(46)) - raft.server.log.segment.cache.size.max = 200MB (=209715200) (default)
2022-08-20 07:51:43,951 [pool-96-thread-1] INFO  segmented.SegmentedRaftLogWorker (SegmentedRaftLogWorker.java:<init>(187)) - new 79881640-4786-45f7-aed0-9e856ede138a@group-9FD53E98E799-SegmentedRaftLogWorker for RaftStorageImpl:Storage Directory /home/runner/work/ozone/ozone/hadoop-ozone/integration-test/target/test-dir/MiniOzoneClusterImpl-7272e4b8-7574-4f4a-a19b-420921f06a31/datanode-1/data/ratis/eee67a3c-b98a-4bb7-aef2-9fd53e98e799
2022-08-20 07:51:43,951 [pool-96-thread-1] INFO  server.RaftServerConfigKeys (ConfUtils.java:logGet(46)) - raft.server.log.queue.byte-limit = 4294967296 (custom)
2022-08-20 07:51:43,951 [pool-96-thread-1] INFO  server.RaftServerConfigKeys (ConfUtils.java:logGet(46)) - raft.server.log.queue.element-limit = 1024 (custom)
2022-08-20 07:51:43,951 [pool-96-thread-1] INFO  server.RaftServerConfigKeys (ConfUtils.java:logGet(46)) - raft.server.log.segment.size.max = 1048576 (custom)
2022-08-20 07:51:43,951 [pool-96-thread-1] INFO  server.RaftServerConfigKeys (ConfUtils.java:logGet(46)) - raft.server.log.preallocated.size = 16384 (custom)
2022-08-20 07:51:43,952 [pool-96-thread-1] INFO  server.RaftServerConfigKeys (ConfUtils.java:logGet(46)) - raft.server.log.force.sync.num = 128 (default)
2022-08-20 07:51:43,952 [pool-96-thread-1] INFO  server.RaftServerConfigKeys (ConfUtils.java:logGet(46)) - raft.server.log.statemachine.data.sync = true (default)
2022-08-20 07:51:43,952 [pool-96-thread-1] INFO  server.RaftServerConfigKeys (ConfUtils.java:logGet(46)) - raft.server.log.statemachine.data.sync.timeout = 10s (default)
2022-08-20 07:51:43,952 [pool-96-thread-1] INFO  server.RaftServerConfigKeys (ConfUtils.java:logGet(46)) - raft.server.log.statemachine.data.sync.timeout.retry = -1 (default)
2022-08-20 07:51:43,952 [pool-96-thread-1] INFO  server.RaftServerConfigKeys (ConfUtils.java:logGet(46)) - raft.server.log.write.buffer.size = 1048576 (custom)
2022-08-20 07:51:43,953 [pool-96-thread-1] INFO  server.RaftServerConfigKeys (ConfUtils.java:logGet(46)) - raft.server.log.unsafe-flush.enabled = false (default)
2022-08-20 07:51:43,953 [pool-96-thread-1] INFO  server.RaftServerConfigKeys (ConfUtils.java:logGet(46)) - raft.server.log.statemachine.data.caching.enabled = true (custom)
2022-08-20 07:51:43,953 [pool-96-thread-1] INFO  segmented.SegmentedRaftLogWorker (SegmentedRaftLogWorker.java:lambda$new$0(135)) - 79881640-4786-45f7-aed0-9e856ede138a@group-9FD53E98E799-SegmentedRaftLogWorker: flushIndex: setUnconditionally 0 -> -1
2022-08-20 07:51:43,953 [pool-96-thread-1] INFO  segmented.SegmentedRaftLogWorker (SegmentedRaftLogWorker.java:lambda$new$0(135)) - 79881640-4786-45f7-aed0-9e856ede138a@group-9FD53E98E799-SegmentedRaftLogWorker: safeCacheEvictIndex: setUnconditionally 0 -> -1
2022-08-20 07:51:43,958 [pool-96-thread-1] INFO  server.RaftServerConfigKeys (ConfUtils.java:logGet(46)) - raft.server.snapshot.auto.trigger.enabled = true (custom)
2022-08-20 07:51:43,958 [pool-96-thread-1] INFO  server.RaftServerConfigKeys (ConfUtils.java:logGet(46)) - raft.server.snapshot.auto.trigger.threshold = 10000 (custom)
2022-08-20 07:51:43,958 [pool-96-thread-1] INFO  server.RaftServerConfigKeys (ConfUtils.java:logGet(46)) - raft.server.snapshot.retention.file.num = 5 (custom)
2022-08-20 07:51:43,958 [pool-96-thread-1] INFO  server.RaftServerConfigKeys (ConfUtils.java:logGet(46)) - raft.server.log.purge.upto.snapshot.index = false (default)
2022-08-20 07:51:43,958 [pool-96-thread-1] INFO  server.RaftServerConfigKeys (ConfUtils.java:logGet(46)) - raft.server.retrycache.expirytime = 600000ms (custom)
2022-08-20 07:51:43,958 [pool-96-thread-1] INFO  server.RaftServerConfigKeys (ConfUtils.java:logGet(46)) - raft.server.retrycache.statistics.expirytime = 100μs (default)
2022-08-20 07:51:43,959 [pool-96-thread-1] INFO  server.RaftServerConfigKeys (ConfUtils.java:logGet(46)) - raft.server.log.appender.install.snapshot.enabled = false (custom)
2022-08-20 07:51:43,959 [pool-96-thread-1] INFO  server.RaftServerConfigKeys (ConfUtils.java:logGet(46)) - raft.server.threadpool.server.cached = true (default)
2022-08-20 07:51:43,959 [pool-96-thread-1] INFO  server.RaftServerConfigKeys (ConfUtils.java:logGet(46)) - raft.server.threadpool.server.size = 0 (default)
2022-08-20 07:51:43,959 [pool-96-thread-1] INFO  server.RaftServerConfigKeys (ConfUtils.java:logGet(46)) - raft.server.threadpool.client.cached = true (default)
2022-08-20 07:51:43,959 [pool-96-thread-1] INFO  server.RaftServerConfigKeys (ConfUtils.java:logGet(46)) - raft.server.threadpool.client.size = 0 (default)
2022-08-20 07:51:43,959 [pool-96-thread-1] INFO  server.RaftServer$Division (RaftServerImpl.java:start(310)) - 79881640-4786-45f7-aed0-9e856ede138a@group-9FD53E98E799: start as a follower, conf=-1: [cfb127e1-4a9c-4c86-92d2-3c8cc92f4642|rpc:10.1.0.10:40853|priority:1, 79881640-4786-45f7-aed0-9e856ede138a|rpc:10.1.0.10:45433|priority:0, be90e73c-a484-4b65-88cf-121e201739e2|rpc:10.1.0.10:33179|priority:0], old=null
2022-08-20 07:51:43,959 [pool-96-thread-1] INFO  server.RaftServer$Division (RaftServerImpl.java:setRole(299)) - 79881640-4786-45f7-aed0-9e856ede138a@group-9FD53E98E799: changes role from      null to FOLLOWER at term 0 for startAsFollower
2022-08-20 07:51:43,959 [pool-96-thread-1] INFO  impl.RoleInfo (RoleInfo.java:updateAndGet(139)) - 79881640-4786-45f7-aed0-9e856ede138a: start 79881640-4786-45f7-aed0-9e856ede138a@group-9FD53E98E799-FollowerState
2022-08-20 07:51:43,962 [pool-96-thread-1] INFO  util.JmxRegister (JmxRegister.java:tryRegister(44)) - Successfully registered JMX Bean with object name Ratis:service=RaftServer,group=group-9FD53E98E799,id=79881640-4786-45f7-aed0-9e856ede138a
2022-08-20 07:51:43,968 [Command processor thread] INFO  ratis.XceiverServerRatis (XceiverServerRatis.java:addGroup(765)) - Created group PipelineID=eee67a3c-b98a-4bb7-aef2-9fd53e98e799
2022-08-20 07:51:43,972 [EventQueue-OpenPipelineForHealthyPipelineSafeModeRule] INFO  safemode.SCMSafeModeManager (HealthyPipelineSafeModeRule.java:process(137)) - SCM in safe mode. Healthy pipelines reported count is 0, required healthy pipeline reported count is 1
2022-08-20 07:51:43,981 [grpc-default-executor-0] INFO  server.RaftServer (RaftServerProxy.java:addNew(96)) - cfb127e1-4a9c-4c86-92d2-3c8cc92f4642: addNew group-9FD53E98E799:[cfb127e1-4a9c-4c86-92d2-3c8cc92f4642|rpc:10.1.0.10:40853|dataStream:|priority:1, 79881640-4786-45f7-aed0-9e856ede138a|rpc:10.1.0.10:45433|dataStream:|priority:0, be90e73c-a484-4b65-88cf-121e201739e2|rpc:10.1.0.10:33179|dataStream:|priority:0] returns group-9FD53E98E799:java.util.concurrent.CompletableFuture@5a44297c[Not completed]
2022-08-20 07:51:43,983 [pool-119-thread-1] INFO  server.RaftServer$Division (RaftServerImpl.java:<init>(190)) - cfb127e1-4a9c-4c86-92d2-3c8cc92f4642: new RaftServerImpl for group-9FD53E98E799:[cfb127e1-4a9c-4c86-92d2-3c8cc92f4642|rpc:10.1.0.10:40853|dataStream:|priority:1, 79881640-4786-45f7-aed0-9e856ede138a|rpc:10.1.0.10:45433|dataStream:|priority:0, be90e73c-a484-4b65-88cf-121e201739e2|rpc:10.1.0.10:33179|dataStream:|priority:0] with ContainerStateMachine:uninitialized
2022-08-20 07:51:43,983 [pool-119-thread-1] INFO  server.RaftServerConfigKeys (ConfUtils.java:logGet(46)) - raft.server.rpc.timeout.min = 5s (custom)
2022-08-20 07:51:43,983 [pool-119-thread-1] INFO  server.RaftServerConfigKeys (ConfUtils.java:logGet(46)) - raft.server.rpc.timeout.max = 5200ms (custom)
2022-08-20 07:51:43,983 [pool-119-thread-1] INFO  server.RaftServerConfigKeys (ConfUtils.java:logGet(46)) - raft.server.rpc.sleep.time = 25ms (default)
2022-08-20 07:51:43,983 [pool-119-thread-1] INFO  server.RaftServerConfigKeys (ConfUtils.java:logGet(46)) - raft.server.rpc.slowness.timeout = 300s (custom)
2022-08-20 07:51:43,983 [pool-119-thread-1] INFO  server.RaftServerConfigKeys (ConfUtils.java:logGet(46)) - raft.server.leaderelection.leader.step-down.wait-time = 10s (default)
2022-08-20 07:51:43,983 [pool-119-thread-1] INFO  server.RaftServerConfigKeys (ConfUtils.java:logGet(46)) - raft.server.sleep.deviation.threshold = 300ms (default)
2022-08-20 07:51:43,983 [pool-119-thread-1] INFO  server.RaftServer$Division (ServerState.java:<init>(107)) - cfb127e1-4a9c-4c86-92d2-3c8cc92f4642@group-9FD53E98E799: ConfigurationManager, init=-1: [cfb127e1-4a9c-4c86-92d2-3c8cc92f4642|rpc:10.1.0.10:40853|dataStream:|priority:1, 79881640-4786-45f7-aed0-9e856ede138a|rpc:10.1.0.10:45433|dataStream:|priority:0, be90e73c-a484-4b65-88cf-121e201739e2|rpc:10.1.0.10:33179|dataStream:|priority:0], old=null, confs=<EMPTY_MAP>
2022-08-20 07:51:43,983 [pool-119-thread-1] INFO  server.RaftServerConfigKeys (ConfUtils.java:logGet(46)) - raft.server.storage.dir = [/home/runner/work/ozone/ozone/hadoop-ozone/integration-test/target/test-dir/MiniOzoneClusterImpl-7272e4b8-7574-4f4a-a19b-420921f06a31/datanode-2/data/ratis] (custom)
2022-08-20 07:51:43,983 [pool-119-thread-1] INFO  server.RaftServerConfigKeys (ConfUtils.java:logGet(46)) - raft.server.log.corruption.policy = EXCEPTION (default)
2022-08-20 07:51:43,983 [pool-119-thread-1] INFO  server.RaftServerConfigKeys (ConfUtils.java:logGet(46)) - raft.server.storage.free-space.min = 0MB (=0) (default)
2022-08-20 07:51:43,983 [pool-119-thread-1] INFO  storage.RaftStorageDirectory (RaftStorageDirectoryImpl.java:analyzeStorage(135)) - The storage directory /home/runner/work/ozone/ozone/hadoop-ozone/integration-test/target/test-dir/MiniOzoneClusterImpl-7272e4b8-7574-4f4a-a19b-420921f06a31/datanode-2/data/ratis/eee67a3c-b98a-4bb7-aef2-9fd53e98e799 does not exist. Creating ...
2022-08-20 07:51:43,985 [pool-119-thread-1] INFO  storage.RaftStorageDirectory (RaftStorageDirectoryImpl.java:tryLock(230)) - Lock on /home/runner/work/ozone/ozone/hadoop-ozone/integration-test/target/test-dir/MiniOzoneClusterImpl-7272e4b8-7574-4f4a-a19b-420921f06a31/datanode-2/data/ratis/eee67a3c-b98a-4bb7-aef2-9fd53e98e799/in_use.lock acquired by nodename 1881@fv-az58-577
2022-08-20 07:51:43,986 [pool-119-thread-1] INFO  storage.RaftStorage (RaftStorageImpl.java:format(89)) - Storage directory /home/runner/work/ozone/ozone/hadoop-ozone/integration-test/target/test-dir/MiniOzoneClusterImpl-7272e4b8-7574-4f4a-a19b-420921f06a31/datanode-2/data/ratis/eee67a3c-b98a-4bb7-aef2-9fd53e98e799 has been successfully formatted.
2022-08-20 07:51:43,987 [pool-119-thread-1] INFO  ratis.ContainerStateMachine (ContainerStateMachine.java:loadSnapshot(236)) - group-9FD53E98E799: The snapshot info is null. Setting the last applied indexto:(t:0, i:~)
2022-08-20 07:51:43,987 [pool-119-thread-1] INFO  server.RaftServerConfigKeys (ConfUtils.java:logGet(46)) - raft.server.notification.no-leader.timeout = 300s (custom)
2022-08-20 07:51:43,987 [pool-119-thread-1] INFO  server.RaftServerConfigKeys (ConfUtils.java:logGet(46)) - raft.server.log.use.memory = false (default)
2022-08-20 07:51:43,987 [pool-119-thread-1] INFO  server.RaftServerConfigKeys (ConfUtils.java:logGet(46)) - raft.server.log.purge.gap = 1000000 (custom)
2022-08-20 07:51:43,987 [pool-119-thread-1] INFO  server.RaftServerConfigKeys (ConfUtils.java:logGet(46)) - raft.server.log.appender.buffer.byte-limit = 33554432 (custom)
2022-08-20 07:51:43,987 [pool-119-thread-1] INFO  server.RaftServerConfigKeys (ConfUtils.java:logGet(46)) - raft.server.log.statemachine.data.read.timeout = 1000ms (default)
2022-08-20 07:51:43,987 [pool-119-thread-1] INFO  server.RaftServerConfigKeys (ConfUtils.java:logGet(46)) - raft.server.log.segment.size.max = 1048576 (custom)
2022-08-20 07:51:43,988 [pool-119-thread-1] INFO  server.RaftServerConfigKeys (ConfUtils.java:logGet(46)) - raft.server.log.segment.cache.num.max = 2 (custom)
2022-08-20 07:51:43,988 [pool-119-thread-1] INFO  server.RaftServerConfigKeys (ConfUtils.java:logGet(46)) - raft.server.log.segment.cache.size.max = 200MB (=209715200) (default)
2022-08-20 07:51:43,988 [pool-119-thread-1] INFO  segmented.SegmentedRaftLogWorker (SegmentedRaftLogWorker.java:<init>(187)) - new cfb127e1-4a9c-4c86-92d2-3c8cc92f4642@group-9FD53E98E799-SegmentedRaftLogWorker for RaftStorageImpl:Storage Directory /home/runner/work/ozone/ozone/hadoop-ozone/integration-test/target/test-dir/MiniOzoneClusterImpl-7272e4b8-7574-4f4a-a19b-420921f06a31/datanode-2/data/ratis/eee67a3c-b98a-4bb7-aef2-9fd53e98e799
2022-08-20 07:51:43,988 [pool-119-thread-1] INFO  server.RaftServerConfigKeys (ConfUtils.java:logGet(46)) - raft.server.log.queue.byte-limit = 4294967296 (custom)
2022-08-20 07:51:43,988 [pool-119-thread-1] INFO  server.RaftServerConfigKeys (ConfUtils.java:logGet(46)) - raft.server.log.queue.element-limit = 1024 (custom)
2022-08-20 07:51:43,988 [pool-119-thread-1] INFO  server.RaftServerConfigKeys (ConfUtils.java:logGet(46)) - raft.server.log.segment.size.max = 1048576 (custom)
2022-08-20 07:51:43,988 [pool-119-thread-1] INFO  server.RaftServerConfigKeys (ConfUtils.java:logGet(46)) - raft.server.log.preallocated.size = 16384 (custom)
2022-08-20 07:51:43,988 [pool-119-thread-1] INFO  server.RaftServerConfigKeys (ConfUtils.java:logGet(46)) - raft.server.log.force.sync.num = 128 (default)
2022-08-20 07:51:43,988 [pool-119-thread-1] INFO  server.RaftServerConfigKeys (ConfUtils.java:logGet(46)) - raft.server.log.statemachine.data.sync = true (default)
2022-08-20 07:51:43,988 [pool-119-thread-1] INFO  server.RaftServerConfigKeys (ConfUtils.java:logGet(46)) - raft.server.log.statemachine.data.sync.timeout = 10s (default)
2022-08-20 07:51:43,988 [pool-119-thread-1] INFO  server.RaftServerConfigKeys (ConfUtils.java:logGet(46)) - raft.server.log.statemachine.data.sync.timeout.retry = -1 (default)
2022-08-20 07:51:43,989 [pool-119-thread-1] INFO  server.RaftServerConfigKeys (ConfUtils.java:logGet(46)) - raft.server.log.write.buffer.size = 1048576 (custom)
2022-08-20 07:51:43,989 [pool-119-thread-1] INFO  server.RaftServerConfigKeys (ConfUtils.java:logGet(46)) - raft.server.log.unsafe-flush.enabled = false (default)
2022-08-20 07:51:43,989 [pool-119-thread-1] INFO  server.RaftServerConfigKeys (ConfUtils.java:logGet(46)) - raft.server.log.statemachine.data.caching.enabled = true (custom)
2022-08-20 07:51:43,989 [pool-119-thread-1] INFO  segmented.SegmentedRaftLogWorker (SegmentedRaftLogWorker.java:lambda$new$0(135)) - cfb127e1-4a9c-4c86-92d2-3c8cc92f4642@group-9FD53E98E799-SegmentedRaftLogWorker: flushIndex: setUnconditionally 0 -> -1
2022-08-20 07:51:43,989 [pool-119-thread-1] INFO  segmented.SegmentedRaftLogWorker (SegmentedRaftLogWorker.java:lambda$new$0(135)) - cfb127e1-4a9c-4c86-92d2-3c8cc92f4642@group-9FD53E98E799-SegmentedRaftLogWorker: safeCacheEvictIndex: setUnconditionally 0 -> -1
2022-08-20 07:51:43,994 [pool-119-thread-1] INFO  server.RaftServerConfigKeys (ConfUtils.java:logGet(46)) - raft.server.snapshot.auto.trigger.enabled = true (custom)
2022-08-20 07:51:43,994 [pool-119-thread-1] INFO  server.RaftServerConfigKeys (ConfUtils.java:logGet(46)) - raft.server.snapshot.auto.trigger.threshold = 10000 (custom)
2022-08-20 07:51:43,994 [pool-119-thread-1] INFO  server.RaftServerConfigKeys (ConfUtils.java:logGet(46)) - raft.server.snapshot.retention.file.num = 5 (custom)
2022-08-20 07:51:43,994 [pool-119-thread-1] INFO  server.RaftServerConfigKeys (ConfUtils.java:logGet(46)) - raft.server.log.purge.upto.snapshot.index = false (default)
2022-08-20 07:51:43,994 [pool-119-thread-1] INFO  server.RaftServerConfigKeys (ConfUtils.java:logGet(46)) - raft.server.retrycache.expirytime = 600000ms (custom)
2022-08-20 07:51:43,994 [pool-119-thread-1] INFO  server.RaftServerConfigKeys (ConfUtils.java:logGet(46)) - raft.server.retrycache.statistics.expirytime = 100μs (default)
2022-08-20 07:51:43,995 [pool-119-thread-1] INFO  server.RaftServerConfigKeys (ConfUtils.java:logGet(46)) - raft.server.log.appender.install.snapshot.enabled = false (custom)
2022-08-20 07:51:43,995 [pool-119-thread-1] INFO  server.RaftServerConfigKeys (ConfUtils.java:logGet(46)) - raft.server.threadpool.server.cached = true (default)
2022-08-20 07:51:43,995 [pool-119-thread-1] INFO  server.RaftServerConfigKeys (ConfUtils.java:logGet(46)) - raft.server.threadpool.server.size = 0 (default)
2022-08-20 07:51:43,995 [pool-119-thread-1] INFO  server.RaftServerConfigKeys (ConfUtils.java:logGet(46)) - raft.server.threadpool.client.cached = true (default)
2022-08-20 07:51:43,995 [pool-119-thread-1] INFO  server.RaftServerConfigKeys (ConfUtils.java:logGet(46)) - raft.server.threadpool.client.size = 0 (default)
2022-08-20 07:51:43,995 [pool-119-thread-1] INFO  server.RaftServer$Division (RaftServerImpl.java:start(310)) - cfb127e1-4a9c-4c86-92d2-3c8cc92f4642@group-9FD53E98E799: start as a follower, conf=-1: [cfb127e1-4a9c-4c86-92d2-3c8cc92f4642|rpc:10.1.0.10:40853|dataStream:|priority:1, 79881640-4786-45f7-aed0-9e856ede138a|rpc:10.1.0.10:45433|dataStream:|priority:0, be90e73c-a484-4b65-88cf-121e201739e2|rpc:10.1.0.10:33179|dataStream:|priority:0], old=null
2022-08-20 07:51:43,995 [pool-119-thread-1] INFO  server.RaftServer$Division (RaftServerImpl.java:setRole(299)) - cfb127e1-4a9c-4c86-92d2-3c8cc92f4642@group-9FD53E98E799: changes role from      null to FOLLOWER at term 0 for startAsFollower
2022-08-20 07:51:43,996 [pool-119-thread-1] INFO  impl.RoleInfo (RoleInfo.java:updateAndGet(139)) - cfb127e1-4a9c-4c86-92d2-3c8cc92f4642: start cfb127e1-4a9c-4c86-92d2-3c8cc92f4642@group-9FD53E98E799-FollowerState
2022-08-20 07:51:43,996 [pool-119-thread-1] INFO  util.JmxRegister (JmxRegister.java:tryRegister(44)) - Successfully registered JMX Bean with object name Ratis:service=RaftServer,group=group-9FD53E98E799,id=cfb127e1-4a9c-4c86-92d2-3c8cc92f4642
2022-08-20 07:51:44,004 [Command processor thread] INFO  server.RaftServer (RaftServerProxy.java:addNew(96)) - cfb127e1-4a9c-4c86-92d2-3c8cc92f4642: addNew group-ADEF81B636A4:[cfb127e1-4a9c-4c86-92d2-3c8cc92f4642|rpc:10.1.0.10:40853|priority:1] returns group-ADEF81B636A4:java.util.concurrent.CompletableFuture@604c85c5[Not completed]
2022-08-20 07:51:44,007 [pool-119-thread-1] INFO  server.RaftServer$Division (RaftServerImpl.java:<init>(190)) - cfb127e1-4a9c-4c86-92d2-3c8cc92f4642: new RaftServerImpl for group-ADEF81B636A4:[cfb127e1-4a9c-4c86-92d2-3c8cc92f4642|rpc:10.1.0.10:40853|priority:1] with ContainerStateMachine:uninitialized
2022-08-20 07:51:44,007 [pool-119-thread-1] INFO  server.RaftServerConfigKeys (ConfUtils.java:logGet(46)) - raft.server.rpc.timeout.min = 5s (custom)
2022-08-20 07:51:44,007 [pool-119-thread-1] INFO  server.RaftServerConfigKeys (ConfUtils.java:logGet(46)) - raft.server.rpc.timeout.max = 5200ms (custom)
2022-08-20 07:51:44,007 [pool-119-thread-1] INFO  server.RaftServerConfigKeys (ConfUtils.java:logGet(46)) - raft.server.rpc.sleep.time = 25ms (default)
2022-08-20 07:51:44,007 [pool-119-thread-1] INFO  server.RaftServerConfigKeys (ConfUtils.java:logGet(46)) - raft.server.rpc.slowness.timeout = 300s (custom)
2022-08-20 07:51:44,007 [pool-119-thread-1] INFO  server.RaftServerConfigKeys (ConfUtils.java:logGet(46)) - raft.server.leaderelection.leader.step-down.wait-time = 10s (default)
2022-08-20 07:51:44,008 [pool-119-thread-1] INFO  server.RaftServerConfigKeys (ConfUtils.java:logGet(46)) - raft.server.sleep.deviation.threshold = 300ms (default)
2022-08-20 07:51:44,008 [pool-119-thread-1] INFO  server.RaftServer$Division (ServerState.java:<init>(107)) - cfb127e1-4a9c-4c86-92d2-3c8cc92f4642@group-ADEF81B636A4: ConfigurationManager, init=-1: [cfb127e1-4a9c-4c86-92d2-3c8cc92f4642|rpc:10.1.0.10:40853|priority:1], old=null, confs=<EMPTY_MAP>
2022-08-20 07:51:44,008 [pool-119-thread-1] INFO  server.RaftServerConfigKeys (ConfUtils.java:logGet(46)) - raft.server.storage.dir = [/home/runner/work/ozone/ozone/hadoop-ozone/integration-test/target/test-dir/MiniOzoneClusterImpl-7272e4b8-7574-4f4a-a19b-420921f06a31/datanode-2/data/ratis] (custom)
2022-08-20 07:51:44,008 [pool-119-thread-1] INFO  server.RaftServerConfigKeys (ConfUtils.java:logGet(46)) - raft.server.log.corruption.policy = EXCEPTION (default)
2022-08-20 07:51:44,008 [pool-119-thread-1] INFO  server.RaftServerConfigKeys (ConfUtils.java:logGet(46)) - raft.server.storage.free-space.min = 0MB (=0) (default)
2022-08-20 07:51:44,008 [pool-119-thread-1] INFO  storage.RaftStorageDirectory (RaftStorageDirectoryImpl.java:analyzeStorage(135)) - The storage directory /home/runner/work/ozone/ozone/hadoop-ozone/integration-test/target/test-dir/MiniOzoneClusterImpl-7272e4b8-7574-4f4a-a19b-420921f06a31/datanode-2/data/ratis/d5790732-9113-4be7-8824-adef81b636a4 does not exist. Creating ...
2022-08-20 07:51:44,010 [pool-119-thread-1] INFO  storage.RaftStorageDirectory (RaftStorageDirectoryImpl.java:tryLock(230)) - Lock on /home/runner/work/ozone/ozone/hadoop-ozone/integration-test/target/test-dir/MiniOzoneClusterImpl-7272e4b8-7574-4f4a-a19b-420921f06a31/datanode-2/data/ratis/d5790732-9113-4be7-8824-adef81b636a4/in_use.lock acquired by nodename 1881@fv-az58-577
2022-08-20 07:51:44,013 [pool-119-thread-1] INFO  storage.RaftStorage (RaftStorageImpl.java:format(89)) - Storage directory /home/runner/work/ozone/ozone/hadoop-ozone/integration-test/target/test-dir/MiniOzoneClusterImpl-7272e4b8-7574-4f4a-a19b-420921f06a31/datanode-2/data/ratis/d5790732-9113-4be7-8824-adef81b636a4 has been successfully formatted.
2022-08-20 07:51:44,014 [pool-119-thread-1] INFO  ratis.ContainerStateMachine (ContainerStateMachine.java:loadSnapshot(236)) - group-ADEF81B636A4: The snapshot info is null. Setting the last applied indexto:(t:0, i:~)
2022-08-20 07:51:44,014 [pool-119-thread-1] INFO  server.RaftServerConfigKeys (ConfUtils.java:logGet(46)) - raft.server.notification.no-leader.timeout = 300s (custom)
2022-08-20 07:51:44,015 [pool-119-thread-1] INFO  server.RaftServerConfigKeys (ConfUtils.java:logGet(46)) - raft.server.log.use.memory = false (default)
2022-08-20 07:51:44,015 [Command processor thread] INFO  commandhandler.CreatePipelineCommandHandler (CreatePipelineCommandHandler.java:handle(113)) - Created Pipeline RATIS THREE PipelineID=6728a686-476a-43ce-82a2-7e3172adb9f5.
2022-08-20 07:51:44,017 [Command processor thread] INFO  server.RaftServer (RaftServerProxy.java:addNew(96)) - be90e73c-a484-4b65-88cf-121e201739e2: addNew group-9FD53E98E799:[cfb127e1-4a9c-4c86-92d2-3c8cc92f4642|rpc:10.1.0.10:40853|priority:1, 79881640-4786-45f7-aed0-9e856ede138a|rpc:10.1.0.10:45433|priority:0, be90e73c-a484-4b65-88cf-121e201739e2|rpc:10.1.0.10:33179|priority:0] returns group-9FD53E98E799:java.util.concurrent.CompletableFuture@5e58ffb8[Not completed]
2022-08-20 07:51:44,017 [pool-119-thread-1] INFO  server.RaftServerConfigKeys (ConfUtils.java:logGet(46)) - raft.server.log.purge.gap = 1000000 (custom)
2022-08-20 07:51:44,017 [pool-119-thread-1] INFO  server.RaftServerConfigKeys (ConfUtils.java:logGet(46)) - raft.server.log.appender.buffer.byte-limit = 33554432 (custom)
2022-08-20 07:51:44,017 [pool-119-thread-1] INFO  server.RaftServerConfigKeys (ConfUtils.java:logGet(46)) - raft.server.log.statemachine.data.read.timeout = 1000ms (default)
2022-08-20 07:51:44,018 [pool-119-thread-1] INFO  server.RaftServerConfigKeys (ConfUtils.java:logGet(46)) - raft.server.log.segment.size.max = 1048576 (custom)
2022-08-20 07:51:44,019 [pool-73-thread-1] INFO  server.RaftServer$Division (RaftServerImpl.java:<init>(190)) - be90e73c-a484-4b65-88cf-121e201739e2: new RaftServerImpl for group-9FD53E98E799:[cfb127e1-4a9c-4c86-92d2-3c8cc92f4642|rpc:10.1.0.10:40853|priority:1, 79881640-4786-45f7-aed0-9e856ede138a|rpc:10.1.0.10:45433|priority:0, be90e73c-a484-4b65-88cf-121e201739e2|rpc:10.1.0.10:33179|priority:0] with ContainerStateMachine:uninitialized
2022-08-20 07:51:44,019 [pool-73-thread-1] INFO  server.RaftServerConfigKeys (ConfUtils.java:logGet(46)) - raft.server.rpc.timeout.min = 5s (custom)
2022-08-20 07:51:44,019 [pool-73-thread-1] INFO  server.RaftServerConfigKeys (ConfUtils.java:logGet(46)) - raft.server.rpc.timeout.max = 5200ms (custom)
2022-08-20 07:51:44,019 [pool-73-thread-1] INFO  server.RaftServerConfigKeys (ConfUtils.java:logGet(46)) - raft.server.rpc.sleep.time = 25ms (default)
2022-08-20 07:51:44,019 [pool-73-thread-1] INFO  server.RaftServerConfigKeys (ConfUtils.java:logGet(46)) - raft.server.rpc.slowness.timeout = 300s (custom)
2022-08-20 07:51:44,019 [pool-73-thread-1] INFO  server.RaftServerConfigKeys (ConfUtils.java:logGet(46)) - raft.server.leaderelection.leader.step-down.wait-time = 10s (default)
2022-08-20 07:51:44,019 [pool-73-thread-1] INFO  server.RaftServerConfigKeys (ConfUtils.java:logGet(46)) - raft.server.sleep.deviation.threshold = 300ms (default)
2022-08-20 07:51:44,019 [EventQueue-PipelineReportForPipelineReportHandler] INFO  pipeline.PipelineManagerImpl (PipelineManagerImpl.java:openPipeline(367)) - Pipeline Pipeline[ Id: d5790732-9113-4be7-8824-adef81b636a4, Nodes: cfb127e1-4a9c-4c86-92d2-3c8cc92f4642{ip: 10.1.0.10, host: fv-az58-577.v01ewlpc0lrezph5nvg1m2rhcd.cx.internal.cloudapp.net, ports: [REPLICATION=40955, RATIS=40853, RATIS_ADMIN=40853, RATIS_SERVER=40853, STANDALONE=45575], networkLocation: /default-rack, certSerialId: null, persistedOpState: IN_SERVICE, persistedOpStateExpiryEpochSec: 0}, ReplicationConfig: RATIS/ONE, State:ALLOCATED, leaderId:cfb127e1-4a9c-4c86-92d2-3c8cc92f4642, CreationTimestamp2022-08-20T07:51:41.003Z[Etc/UTC]] moved to OPEN state
2022-08-20 07:51:44,019 [pool-73-thread-1] INFO  server.RaftServer$Division (ServerState.java:<init>(107)) - be90e73c-a484-4b65-88cf-121e201739e2@group-9FD53E98E799: ConfigurationManager, init=-1: [cfb127e1-4a9c-4c86-92d2-3c8cc92f4642|rpc:10.1.0.10:40853|priority:1, 79881640-4786-45f7-aed0-9e856ede138a|rpc:10.1.0.10:45433|priority:0, be90e73c-a484-4b65-88cf-121e201739e2|rpc:10.1.0.10:33179|priority:0], old=null, confs=<EMPTY_MAP>
2022-08-20 07:51:44,020 [pool-73-thread-1] INFO  server.RaftServerConfigKeys (ConfUtils.java:logGet(46)) - raft.server.storage.dir = [/home/runner/work/ozone/ozone/hadoop-ozone/integration-test/target/test-dir/MiniOzoneClusterImpl-7272e4b8-7574-4f4a-a19b-420921f06a31/datanode-0/data/ratis] (custom)
2022-08-20 07:51:44,020 [EventQueue-OpenPipelineForHealthyPipelineSafeModeRule] INFO  safemode.SCMSafeModeManager (HealthyPipelineSafeModeRule.java:process(137)) - SCM in safe mode. Healthy pipelines reported count is 0, required healthy pipeline reported count is 1
2022-08-20 07:51:44,020 [pool-73-thread-1] INFO  server.RaftServerConfigKeys (ConfUtils.java:logGet(46)) - raft.server.log.corruption.policy = EXCEPTION (default)
2022-08-20 07:51:44,021 [pool-73-thread-1] INFO  server.RaftServerConfigKeys (ConfUtils.java:logGet(46)) - raft.server.storage.free-space.min = 0MB (=0) (default)
2022-08-20 07:51:44,021 [pool-73-thread-1] INFO  storage.RaftStorageDirectory (RaftStorageDirectoryImpl.java:analyzeStorage(135)) - The storage directory /home/runner/work/ozone/ozone/hadoop-ozone/integration-test/target/test-dir/MiniOzoneClusterImpl-7272e4b8-7574-4f4a-a19b-420921f06a31/datanode-0/data/ratis/eee67a3c-b98a-4bb7-aef2-9fd53e98e799 does not exist. Creating ...
2022-08-20 07:51:44,023 [pool-119-thread-1] INFO  server.RaftServerConfigKeys (ConfUtils.java:logGet(46)) - raft.server.log.segment.cache.num.max = 2 (custom)
2022-08-20 07:51:44,023 [pool-119-thread-1] INFO  server.RaftServerConfigKeys (ConfUtils.java:logGet(46)) - raft.server.log.segment.cache.size.max = 200MB (=209715200) (default)
2022-08-20 07:51:44,023 [pool-119-thread-1] INFO  segmented.SegmentedRaftLogWorker (SegmentedRaftLogWorker.java:<init>(187)) - new cfb127e1-4a9c-4c86-92d2-3c8cc92f4642@group-ADEF81B636A4-SegmentedRaftLogWorker for RaftStorageImpl:Storage Directory /home/runner/work/ozone/ozone/hadoop-ozone/integration-test/target/test-dir/MiniOzoneClusterImpl-7272e4b8-7574-4f4a-a19b-420921f06a31/datanode-2/data/ratis/d5790732-9113-4be7-8824-adef81b636a4
2022-08-20 07:51:44,023 [pool-119-thread-1] INFO  server.RaftServerConfigKeys (ConfUtils.java:logGet(46)) - raft.server.log.queue.byte-limit = 4294967296 (custom)
2022-08-20 07:51:44,023 [pool-119-thread-1] INFO  server.RaftServerConfigKeys (ConfUtils.java:logGet(46)) - raft.server.log.queue.element-limit = 1024 (custom)
2022-08-20 07:51:44,023 [pool-119-thread-1] INFO  server.RaftServerConfigKeys (ConfUtils.java:logGet(46)) - raft.server.log.segment.size.max = 1048576 (custom)
2022-08-20 07:51:44,023 [pool-119-thread-1] INFO  server.RaftServerConfigKeys (ConfUtils.java:logGet(46)) - raft.server.log.preallocated.size = 16384 (custom)
2022-08-20 07:51:44,023 [pool-119-thread-1] INFO  server.RaftServerConfigKeys (ConfUtils.java:logGet(46)) - raft.server.log.force.sync.num = 128 (default)
2022-08-20 07:51:44,023 [pool-119-thread-1] INFO  server.RaftServerConfigKeys (ConfUtils.java:logGet(46)) - raft.server.log.statemachine.data.sync = true (default)
2022-08-20 07:51:44,023 [pool-73-thread-1] INFO  storage.RaftStorageDirectory (RaftStorageDirectoryImpl.java:tryLock(230)) - Lock on /home/runner/work/ozone/ozone/hadoop-ozone/integration-test/target/test-dir/MiniOzoneClusterImpl-7272e4b8-7574-4f4a-a19b-420921f06a31/datanode-0/data/ratis/eee67a3c-b98a-4bb7-aef2-9fd53e98e799/in_use.lock acquired by nodename 1881@fv-az58-577
2022-08-20 07:51:44,023 [pool-119-thread-1] INFO  server.RaftServerConfigKeys (ConfUtils.java:logGet(46)) - raft.server.log.statemachine.data.sync.timeout = 10s (default)
2022-08-20 07:51:44,028 [pool-73-thread-1] INFO  storage.RaftStorage (RaftStorageImpl.java:format(89)) - Storage directory /home/runner/work/ozone/ozone/hadoop-ozone/integration-test/target/test-dir/MiniOzoneClusterImpl-7272e4b8-7574-4f4a-a19b-420921f06a31/datanode-0/data/ratis/eee67a3c-b98a-4bb7-aef2-9fd53e98e799 has been successfully formatted.
2022-08-20 07:51:44,030 [pool-73-thread-1] INFO  ratis.ContainerStateMachine (ContainerStateMachine.java:loadSnapshot(236)) - group-9FD53E98E799: The snapshot info is null. Setting the last applied indexto:(t:0, i:~)
2022-08-20 07:51:44,030 [pool-73-thread-1] INFO  server.RaftServerConfigKeys (ConfUtils.java:logGet(46)) - raft.server.notification.no-leader.timeout = 300s (custom)
2022-08-20 07:51:44,030 [pool-73-thread-1] INFO  server.RaftServerConfigKeys (ConfUtils.java:logGet(46)) - raft.server.log.use.memory = false (default)
2022-08-20 07:51:44,030 [pool-73-thread-1] INFO  server.RaftServerConfigKeys (ConfUtils.java:logGet(46)) - raft.server.log.purge.gap = 1000000 (custom)
2022-08-20 07:51:44,030 [pool-73-thread-1] INFO  server.RaftServerConfigKeys (ConfUtils.java:logGet(46)) - raft.server.log.appender.buffer.byte-limit = 33554432 (custom)
2022-08-20 07:51:44,030 [pool-73-thread-1] INFO  server.RaftServerConfigKeys (ConfUtils.java:logGet(46)) - raft.server.log.statemachine.data.read.timeout = 1000ms (default)
2022-08-20 07:51:44,030 [pool-73-thread-1] INFO  server.RaftServerConfigKeys (ConfUtils.java:logGet(46)) - raft.server.log.segment.size.max = 1048576 (custom)
2022-08-20 07:51:44,030 [pool-73-thread-1] INFO  server.RaftServerConfigKeys (ConfUtils.java:logGet(46)) - raft.server.log.segment.cache.num.max = 2 (custom)
2022-08-20 07:51:44,031 [pool-73-thread-1] INFO  server.RaftServerConfigKeys (ConfUtils.java:logGet(46)) - raft.server.log.segment.cache.size.max = 200MB (=209715200) (default)
2022-08-20 07:51:44,031 [pool-73-thread-1] INFO  segmented.SegmentedRaftLogWorker (SegmentedRaftLogWorker.java:<init>(187)) - new be90e73c-a484-4b65-88cf-121e201739e2@group-9FD53E98E799-SegmentedRaftLogWorker for RaftStorageImpl:Storage Directory /home/runner/work/ozone/ozone/hadoop-ozone/integration-test/target/test-dir/MiniOzoneClusterImpl-7272e4b8-7574-4f4a-a19b-420921f06a31/datanode-0/data/ratis/eee67a3c-b98a-4bb7-aef2-9fd53e98e799
2022-08-20 07:51:44,031 [pool-73-thread-1] INFO  server.RaftServerConfigKeys (ConfUtils.java:logGet(46)) - raft.server.log.queue.byte-limit = 4294967296 (custom)
2022-08-20 07:51:44,031 [pool-73-thread-1] INFO  server.RaftServerConfigKeys (ConfUtils.java:logGet(46)) - raft.server.log.queue.element-limit = 1024 (custom)
2022-08-20 07:51:44,031 [pool-73-thread-1] INFO  server.RaftServerConfigKeys (ConfUtils.java:logGet(46)) - raft.server.log.segment.size.max = 1048576 (custom)
2022-08-20 07:51:44,031 [pool-73-thread-1] INFO  server.RaftServerConfigKeys (ConfUtils.java:logGet(46)) - raft.server.log.preallocated.size = 16384 (custom)
2022-08-20 07:51:44,031 [pool-73-thread-1] INFO  server.RaftServerConfigKeys (ConfUtils.java:logGet(46)) - raft.server.log.force.sync.num = 128 (default)
2022-08-20 07:51:44,031 [pool-73-thread-1] INFO  server.RaftServerConfigKeys (ConfUtils.java:logGet(46)) - raft.server.log.statemachine.data.sync = true (default)
2022-08-20 07:51:44,031 [pool-73-thread-1] INFO  server.RaftServerConfigKeys (ConfUtils.java:logGet(46)) - raft.server.log.statemachine.data.sync.timeout = 10s (default)
2022-08-20 07:51:44,031 [pool-73-thread-1] INFO  server.RaftServerConfigKeys (ConfUtils.java:logGet(46)) - raft.server.log.statemachine.data.sync.timeout.retry = -1 (default)
2022-08-20 07:51:44,034 [pool-119-thread-1] INFO  server.RaftServerConfigKeys (ConfUtils.java:logGet(46)) - raft.server.log.statemachine.data.sync.timeout.retry = -1 (default)
2022-08-20 07:51:44,034 [EventQueue-OpenPipelineForHealthyPipelineSafeModeRule] INFO  safemode.SCMSafeModeManager (HealthyPipelineSafeModeRule.java:process(137)) - SCM in safe mode. Healthy pipelines reported count is 0, required healthy pipeline reported count is 1
2022-08-20 07:51:44,035 [pool-73-thread-1] INFO  server.RaftServerConfigKeys (ConfUtils.java:logGet(46)) - raft.server.log.write.buffer.size = 1048576 (custom)
2022-08-20 07:51:44,036 [pool-73-thread-1] INFO  server.RaftServerConfigKeys (ConfUtils.java:logGet(46)) - raft.server.log.unsafe-flush.enabled = false (default)
2022-08-20 07:51:44,036 [pool-73-thread-1] INFO  server.RaftServerConfigKeys (ConfUtils.java:logGet(46)) - raft.server.log.statemachine.data.caching.enabled = true (custom)
2022-08-20 07:51:44,036 [pool-73-thread-1] INFO  segmented.SegmentedRaftLogWorker (SegmentedRaftLogWorker.java:lambda$new$0(135)) - be90e73c-a484-4b65-88cf-121e201739e2@group-9FD53E98E799-SegmentedRaftLogWorker: flushIndex: setUnconditionally 0 -> -1
2022-08-20 07:51:44,036 [pool-73-thread-1] INFO  segmented.SegmentedRaftLogWorker (SegmentedRaftLogWorker.java:lambda$new$0(135)) - be90e73c-a484-4b65-88cf-121e201739e2@group-9FD53E98E799-SegmentedRaftLogWorker: safeCacheEvictIndex: setUnconditionally 0 -> -1
2022-08-20 07:51:44,037 [pool-119-thread-1] INFO  server.RaftServerConfigKeys (ConfUtils.java:logGet(46)) - raft.server.log.write.buffer.size = 1048576 (custom)
2022-08-20 07:51:44,037 [pool-119-thread-1] INFO  server.RaftServerConfigKeys (ConfUtils.java:logGet(46)) - raft.server.log.unsafe-flush.enabled = false (default)
2022-08-20 07:51:44,037 [pool-119-thread-1] INFO  server.RaftServerConfigKeys (ConfUtils.java:logGet(46)) - raft.server.log.statemachine.data.caching.enabled = true (custom)
2022-08-20 07:51:44,037 [pool-119-thread-1] INFO  segmented.SegmentedRaftLogWorker (SegmentedRaftLogWorker.java:lambda$new$0(135)) - cfb127e1-4a9c-4c86-92d2-3c8cc92f4642@group-ADEF81B636A4-SegmentedRaftLogWorker: flushIndex: setUnconditionally 0 -> -1
2022-08-20 07:51:44,037 [pool-119-thread-1] INFO  segmented.SegmentedRaftLogWorker (SegmentedRaftLogWorker.java:lambda$new$0(135)) - cfb127e1-4a9c-4c86-92d2-3c8cc92f4642@group-ADEF81B636A4-SegmentedRaftLogWorker: safeCacheEvictIndex: setUnconditionally 0 -> -1
2022-08-20 07:51:44,046 [pool-73-thread-1] INFO  server.RaftServerConfigKeys (ConfUtils.java:logGet(46)) - raft.server.snapshot.auto.trigger.enabled = true (custom)
2022-08-20 07:51:44,046 [pool-73-thread-1] INFO  server.RaftServerConfigKeys (ConfUtils.java:logGet(46)) - raft.server.snapshot.auto.trigger.threshold = 10000 (custom)
2022-08-20 07:51:44,046 [pool-73-thread-1] INFO  server.RaftServerConfigKeys (ConfUtils.java:logGet(46)) - raft.server.snapshot.retention.file.num = 5 (custom)
2022-08-20 07:51:44,046 [pool-73-thread-1] INFO  server.RaftServerConfigKeys (ConfUtils.java:logGet(46)) - raft.server.log.purge.upto.snapshot.index = false (default)
2022-08-20 07:51:44,047 [pool-73-thread-1] INFO  server.RaftServerConfigKeys (ConfUtils.java:logGet(46)) - raft.server.retrycache.expirytime = 600000ms (custom)
2022-08-20 07:51:44,047 [pool-73-thread-1] INFO  server.RaftServerConfigKeys (ConfUtils.java:logGet(46)) - raft.server.retrycache.statistics.expirytime = 100μs (default)
2022-08-20 07:51:44,048 [pool-119-thread-1] INFO  server.RaftServerConfigKeys (ConfUtils.java:logGet(46)) - raft.server.snapshot.auto.trigger.enabled = true (custom)
2022-08-20 07:51:44,048 [pool-119-thread-1] INFO  server.RaftServerConfigKeys (ConfUtils.java:logGet(46)) - raft.server.snapshot.auto.trigger.threshold = 10000 (custom)
2022-08-20 07:51:44,048 [pool-119-thread-1] INFO  server.RaftServerConfigKeys (ConfUtils.java:logGet(46)) - raft.server.snapshot.retention.file.num = 5 (custom)
2022-08-20 07:51:44,048 [pool-119-thread-1] INFO  server.RaftServerConfigKeys (ConfUtils.java:logGet(46)) - raft.server.log.purge.upto.snapshot.index = false (default)
2022-08-20 07:51:44,048 [pool-119-thread-1] INFO  server.RaftServerConfigKeys (ConfUtils.java:logGet(46)) - raft.server.retrycache.expirytime = 600000ms (custom)
2022-08-20 07:51:44,051 [pool-119-thread-1] INFO  server.RaftServerConfigKeys (ConfUtils.java:logGet(46)) - raft.server.retrycache.statistics.expirytime = 100μs (default)
2022-08-20 07:51:44,053 [pool-73-thread-1] INFO  server.RaftServerConfigKeys (ConfUtils.java:logGet(46)) - raft.server.log.appender.install.snapshot.enabled = false (custom)
2022-08-20 07:51:44,053 [pool-73-thread-1] INFO  server.RaftServerConfigKeys (ConfUtils.java:logGet(46)) - raft.server.threadpool.server.cached = true (default)
2022-08-20 07:51:44,053 [pool-73-thread-1] INFO  server.RaftServerConfigKeys (ConfUtils.java:logGet(46)) - raft.server.threadpool.server.size = 0 (default)
2022-08-20 07:51:44,053 [pool-73-thread-1] INFO  server.RaftServerConfigKeys (ConfUtils.java:logGet(46)) - raft.server.threadpool.client.cached = true (default)
2022-08-20 07:51:44,053 [pool-73-thread-1] INFO  server.RaftServerConfigKeys (ConfUtils.java:logGet(46)) - raft.server.threadpool.client.size = 0 (default)
2022-08-20 07:51:44,054 [pool-73-thread-1] INFO  server.RaftServer$Division (RaftServerImpl.java:start(310)) - be90e73c-a484-4b65-88cf-121e201739e2@group-9FD53E98E799: start as a follower, conf=-1: [cfb127e1-4a9c-4c86-92d2-3c8cc92f4642|rpc:10.1.0.10:40853|priority:1, 79881640-4786-45f7-aed0-9e856ede138a|rpc:10.1.0.10:45433|priority:0, be90e73c-a484-4b65-88cf-121e201739e2|rpc:10.1.0.10:33179|priority:0], old=null
2022-08-20 07:51:44,054 [pool-73-thread-1] INFO  server.RaftServer$Division (RaftServerImpl.java:setRole(299)) - be90e73c-a484-4b65-88cf-121e201739e2@group-9FD53E98E799: changes role from      null to FOLLOWER at term 0 for startAsFollower
2022-08-20 07:51:44,054 [pool-73-thread-1] INFO  impl.RoleInfo (RoleInfo.java:updateAndGet(139)) - be90e73c-a484-4b65-88cf-121e201739e2: start be90e73c-a484-4b65-88cf-121e201739e2@group-9FD53E98E799-FollowerState
2022-08-20 07:51:44,054 [pool-119-thread-1] INFO  server.RaftServerConfigKeys (ConfUtils.java:logGet(46)) - raft.server.log.appender.install.snapshot.enabled = false (custom)
2022-08-20 07:51:44,054 [pool-119-thread-1] INFO  server.RaftServerConfigKeys (ConfUtils.java:logGet(46)) - raft.server.threadpool.server.cached = true (default)
2022-08-20 07:51:44,054 [pool-119-thread-1] INFO  server.RaftServerConfigKeys (ConfUtils.java:logGet(46)) - raft.server.threadpool.server.size = 0 (default)
2022-08-20 07:51:44,054 [pool-119-thread-1] INFO  server.RaftServerConfigKeys (ConfUtils.java:logGet(46)) - raft.server.threadpool.client.cached = true (default)
2022-08-20 07:51:44,054 [pool-119-thread-1] INFO  server.RaftServerConfigKeys (ConfUtils.java:logGet(46)) - raft.server.threadpool.client.size = 0 (default)
2022-08-20 07:51:44,055 [pool-119-thread-1] INFO  server.RaftServer$Division (RaftServerImpl.java:start(310)) - cfb127e1-4a9c-4c86-92d2-3c8cc92f4642@group-ADEF81B636A4: start as a follower, conf=-1: [cfb127e1-4a9c-4c86-92d2-3c8cc92f4642|rpc:10.1.0.10:40853|priority:1], old=null
2022-08-20 07:51:44,055 [pool-119-thread-1] INFO  server.RaftServer$Division (RaftServerImpl.java:setRole(299)) - cfb127e1-4a9c-4c86-92d2-3c8cc92f4642@group-ADEF81B636A4: changes role from      null to FOLLOWER at term 0 for startAsFollower
2022-08-20 07:51:44,057 [pool-73-thread-1] INFO  util.JmxRegister (JmxRegister.java:tryRegister(44)) - Successfully registered JMX Bean with object name Ratis:service=RaftServer,group=group-9FD53E98E799,id=be90e73c-a484-4b65-88cf-121e201739e2
2022-08-20 07:51:44,058 [Command processor thread] INFO  ratis.XceiverServerRatis (XceiverServerRatis.java:addGroup(765)) - Created group PipelineID=eee67a3c-b98a-4bb7-aef2-9fd53e98e799
2022-08-20 07:51:44,058 [pool-119-thread-1] INFO  impl.RoleInfo (RoleInfo.java:updateAndGet(139)) - cfb127e1-4a9c-4c86-92d2-3c8cc92f4642: start cfb127e1-4a9c-4c86-92d2-3c8cc92f4642@group-ADEF81B636A4-FollowerState
2022-08-20 07:51:44,059 [pool-119-thread-1] INFO  util.JmxRegister (JmxRegister.java:tryRegister(44)) - Successfully registered JMX Bean with object name Ratis:service=RaftServer,group=group-ADEF81B636A4,id=cfb127e1-4a9c-4c86-92d2-3c8cc92f4642
2022-08-20 07:51:44,062 [Command processor thread] INFO  ratis.XceiverServerRatis (XceiverServerRatis.java:addGroup(765)) - Created group PipelineID=d5790732-9113-4be7-8824-adef81b636a4
2022-08-20 07:51:44,062 [Command processor thread] INFO  commandhandler.CreatePipelineCommandHandler (CreatePipelineCommandHandler.java:handle(113)) - Created Pipeline RATIS ONE PipelineID=d5790732-9113-4be7-8824-adef81b636a4.
2022-08-20 07:51:44,076 [Command processor thread] INFO  commandhandler.CreatePipelineCommandHandler (CreatePipelineCommandHandler.java:handle(113)) - Created Pipeline RATIS THREE PipelineID=eee67a3c-b98a-4bb7-aef2-9fd53e98e799.
2022-08-20 07:51:44,104 [Command processor thread] INFO  commandhandler.CreatePipelineCommandHandler (CreatePipelineCommandHandler.java:handle(113)) - Created Pipeline RATIS THREE PipelineID=eee67a3c-b98a-4bb7-aef2-9fd53e98e799.
2022-08-20 07:51:44,295 [Command processor thread] INFO  server.RaftServer (RaftServerProxy.java:addNew(96)) - 3c3acde4-fad3-4bcf-ba50-483a479e7724: addNew group-22CF1B72FA0A:[3c3acde4-fad3-4bcf-ba50-483a479e7724|rpc:10.1.0.10:40393|priority:1] returns group-22CF1B72FA0A:java.util.concurrent.CompletableFuture@3738c329[Not completed]
2022-08-20 07:51:44,305 [pool-142-thread-1] INFO  server.RaftServer$Division (RaftServerImpl.java:<init>(190)) - 3c3acde4-fad3-4bcf-ba50-483a479e7724: new RaftServerImpl for group-22CF1B72FA0A:[3c3acde4-fad3-4bcf-ba50-483a479e7724|rpc:10.1.0.10:40393|priority:1] with ContainerStateMachine:uninitialized
2022-08-20 07:51:44,305 [pool-142-thread-1] INFO  server.RaftServerConfigKeys (ConfUtils.java:logGet(46)) - raft.server.rpc.timeout.min = 5s (custom)
2022-08-20 07:51:44,305 [pool-142-thread-1] INFO  server.RaftServerConfigKeys (ConfUtils.java:logGet(46)) - raft.server.rpc.timeout.max = 5200ms (custom)
2022-08-20 07:51:44,305 [pool-142-thread-1] INFO  server.RaftServerConfigKeys (ConfUtils.java:logGet(46)) - raft.server.rpc.sleep.time = 25ms (default)
2022-08-20 07:51:44,305 [pool-142-thread-1] INFO  server.RaftServerConfigKeys (ConfUtils.java:logGet(46)) - raft.server.rpc.slowness.timeout = 300s (custom)
2022-08-20 07:51:44,305 [pool-142-thread-1] INFO  server.RaftServerConfigKeys (ConfUtils.java:logGet(46)) - raft.server.leaderelection.leader.step-down.wait-time = 10s (default)
2022-08-20 07:51:44,306 [pool-142-thread-1] INFO  server.RaftServerConfigKeys (ConfUtils.java:logGet(46)) - raft.server.sleep.deviation.threshold = 300ms (default)
2022-08-20 07:51:44,306 [pool-142-thread-1] INFO  server.RaftServer$Division (ServerState.java:<init>(107)) - 3c3acde4-fad3-4bcf-ba50-483a479e7724@group-22CF1B72FA0A: ConfigurationManager, init=-1: [3c3acde4-fad3-4bcf-ba50-483a479e7724|rpc:10.1.0.10:40393|priority:1], old=null, confs=<EMPTY_MAP>
2022-08-20 07:51:44,306 [pool-142-thread-1] INFO  server.RaftServerConfigKeys (ConfUtils.java:logGet(46)) - raft.server.storage.dir = [/home/runner/work/ozone/ozone/hadoop-ozone/integration-test/target/test-dir/MiniOzoneClusterImpl-7272e4b8-7574-4f4a-a19b-420921f06a31/datanode-3/data/ratis] (custom)
2022-08-20 07:51:44,306 [pool-142-thread-1] INFO  server.RaftServerConfigKeys (ConfUtils.java:logGet(46)) - raft.server.log.corruption.policy = EXCEPTION (default)
2022-08-20 07:51:44,306 [pool-142-thread-1] INFO  server.RaftServerConfigKeys (ConfUtils.java:logGet(46)) - raft.server.storage.free-space.min = 0MB (=0) (default)
2022-08-20 07:51:44,306 [pool-142-thread-1] INFO  storage.RaftStorageDirectory (RaftStorageDirectoryImpl.java:analyzeStorage(135)) - The storage directory /home/runner/work/ozone/ozone/hadoop-ozone/integration-test/target/test-dir/MiniOzoneClusterImpl-7272e4b8-7574-4f4a-a19b-420921f06a31/datanode-3/data/ratis/097f77a4-c461-4dc7-b8be-22cf1b72fa0a does not exist. Creating ...
2022-08-20 07:51:44,307 [pool-142-thread-1] INFO  storage.RaftStorageDirectory (RaftStorageDirectoryImpl.java:tryLock(230)) - Lock on /home/runner/work/ozone/ozone/hadoop-ozone/integration-test/target/test-dir/MiniOzoneClusterImpl-7272e4b8-7574-4f4a-a19b-420921f06a31/datanode-3/data/ratis/097f77a4-c461-4dc7-b8be-22cf1b72fa0a/in_use.lock acquired by nodename 1881@fv-az58-577
2022-08-20 07:51:44,308 [pool-142-thread-1] INFO  storage.RaftStorage (RaftStorageImpl.java:format(89)) - Storage directory /home/runner/work/ozone/ozone/hadoop-ozone/integration-test/target/test-dir/MiniOzoneClusterImpl-7272e4b8-7574-4f4a-a19b-420921f06a31/datanode-3/data/ratis/097f77a4-c461-4dc7-b8be-22cf1b72fa0a has been successfully formatted.
2022-08-20 07:51:44,309 [pool-142-thread-1] INFO  ratis.ContainerStateMachine (ContainerStateMachine.java:loadSnapshot(236)) - group-22CF1B72FA0A: The snapshot info is null. Setting the last applied indexto:(t:0, i:~)
2022-08-20 07:51:44,309 [pool-142-thread-1] INFO  server.RaftServerConfigKeys (ConfUtils.java:logGet(46)) - raft.server.notification.no-leader.timeout = 300s (custom)
2022-08-20 07:51:44,309 [pool-142-thread-1] INFO  server.RaftServerConfigKeys (ConfUtils.java:logGet(46)) - raft.server.log.use.memory = false (default)
2022-08-20 07:51:44,311 [EventQueue-PipelineReportForPipelineReportHandler] INFO  pipeline.PipelineManagerImpl (PipelineManagerImpl.java:openPipeline(367)) - Pipeline Pipeline[ Id: 097f77a4-c461-4dc7-b8be-22cf1b72fa0a, Nodes: 3c3acde4-fad3-4bcf-ba50-483a479e7724{ip: 10.1.0.10, host: fv-az58-577.v01ewlpc0lrezph5nvg1m2rhcd.cx.internal.cloudapp.net, ports: [REPLICATION=35335, RATIS=40393, RATIS_ADMIN=40393, RATIS_SERVER=40393, STANDALONE=33245], networkLocation: /default-rack, certSerialId: null, persistedOpState: IN_SERVICE, persistedOpStateExpiryEpochSec: 0}, ReplicationConfig: RATIS/ONE, State:ALLOCATED, leaderId:3c3acde4-fad3-4bcf-ba50-483a479e7724, CreationTimestamp2022-08-20T07:51:41.299Z[Etc/UTC]] moved to OPEN state
2022-08-20 07:51:44,312 [EventQueue-OpenPipelineForHealthyPipelineSafeModeRule] INFO  safemode.SCMSafeModeManager (HealthyPipelineSafeModeRule.java:process(137)) - SCM in safe mode. Healthy pipelines reported count is 0, required healthy pipeline reported count is 1
2022-08-20 07:51:44,314 [pool-142-thread-1] INFO  server.RaftServerConfigKeys (ConfUtils.java:logGet(46)) - raft.server.log.purge.gap = 1000000 (custom)
2022-08-20 07:51:44,314 [pool-142-thread-1] INFO  server.RaftServerConfigKeys (ConfUtils.java:logGet(46)) - raft.server.log.appender.buffer.byte-limit = 33554432 (custom)
2022-08-20 07:51:44,314 [pool-142-thread-1] INFO  server.RaftServerConfigKeys (ConfUtils.java:logGet(46)) - raft.server.log.statemachine.data.read.timeout = 1000ms (default)
2022-08-20 07:51:44,315 [pool-142-thread-1] INFO  server.RaftServerConfigKeys (ConfUtils.java:logGet(46)) - raft.server.log.segment.size.max = 1048576 (custom)
2022-08-20 07:51:44,315 [pool-142-thread-1] INFO  server.RaftServerConfigKeys (ConfUtils.java:logGet(46)) - raft.server.log.segment.cache.num.max = 2 (custom)
2022-08-20 07:51:44,315 [pool-142-thread-1] INFO  server.RaftServerConfigKeys (ConfUtils.java:logGet(46)) - raft.server.log.segment.cache.size.max = 200MB (=209715200) (default)
2022-08-20 07:51:44,315 [pool-142-thread-1] INFO  segmented.SegmentedRaftLogWorker (SegmentedRaftLogWorker.java:<init>(187)) - new 3c3acde4-fad3-4bcf-ba50-483a479e7724@group-22CF1B72FA0A-SegmentedRaftLogWorker for RaftStorageImpl:Storage Directory /home/runner/work/ozone/ozone/hadoop-ozone/integration-test/target/test-dir/MiniOzoneClusterImpl-7272e4b8-7574-4f4a-a19b-420921f06a31/datanode-3/data/ratis/097f77a4-c461-4dc7-b8be-22cf1b72fa0a
2022-08-20 07:51:44,315 [pool-142-thread-1] INFO  server.RaftServerConfigKeys (ConfUtils.java:logGet(46)) - raft.server.log.queue.byte-limit = 4294967296 (custom)
2022-08-20 07:51:44,315 [pool-142-thread-1] INFO  server.RaftServerConfigKeys (ConfUtils.java:logGet(46)) - raft.server.log.queue.element-limit = 1024 (custom)
2022-08-20 07:51:44,315 [pool-142-thread-1] INFO  server.RaftServerConfigKeys (ConfUtils.java:logGet(46)) - raft.server.log.segment.size.max = 1048576 (custom)
2022-08-20 07:51:44,315 [pool-142-thread-1] INFO  server.RaftServerConfigKeys (ConfUtils.java:logGet(46)) - raft.server.log.preallocated.size = 16384 (custom)
2022-08-20 07:51:44,315 [pool-142-thread-1] INFO  server.RaftServerConfigKeys (ConfUtils.java:logGet(46)) - raft.server.log.force.sync.num = 128 (default)
2022-08-20 07:51:44,315 [pool-142-thread-1] INFO  server.RaftServerConfigKeys (ConfUtils.java:logGet(46)) - raft.server.log.statemachine.data.sync = true (default)
2022-08-20 07:51:44,315 [pool-142-thread-1] INFO  server.RaftServerConfigKeys (ConfUtils.java:logGet(46)) - raft.server.log.statemachine.data.sync.timeout = 10s (default)
2022-08-20 07:51:44,316 [pool-142-thread-1] INFO  server.RaftServerConfigKeys (ConfUtils.java:logGet(46)) - raft.server.log.statemachine.data.sync.timeout.retry = -1 (default)
2022-08-20 07:51:44,316 [pool-142-thread-1] INFO  server.RaftServerConfigKeys (ConfUtils.java:logGet(46)) - raft.server.log.write.buffer.size = 1048576 (custom)
2022-08-20 07:51:44,317 [pool-142-thread-1] INFO  server.RaftServerConfigKeys (ConfUtils.java:logGet(46)) - raft.server.log.unsafe-flush.enabled = false (default)
2022-08-20 07:51:44,317 [pool-142-thread-1] INFO  server.RaftServerConfigKeys (ConfUtils.java:logGet(46)) - raft.server.log.statemachine.data.caching.enabled = true (custom)
2022-08-20 07:51:44,317 [pool-142-thread-1] INFO  segmented.SegmentedRaftLogWorker (SegmentedRaftLogWorker.java:lambda$new$0(135)) - 3c3acde4-fad3-4bcf-ba50-483a479e7724@group-22CF1B72FA0A-SegmentedRaftLogWorker: flushIndex: setUnconditionally 0 -> -1
2022-08-20 07:51:44,317 [pool-142-thread-1] INFO  segmented.SegmentedRaftLogWorker (SegmentedRaftLogWorker.java:lambda$new$0(135)) - 3c3acde4-fad3-4bcf-ba50-483a479e7724@group-22CF1B72FA0A-SegmentedRaftLogWorker: safeCacheEvictIndex: setUnconditionally 0 -> -1
2022-08-20 07:51:44,317 [pool-142-thread-1] INFO  server.RaftServerConfigKeys (ConfUtils.java:logGet(46)) - raft.server.snapshot.auto.trigger.enabled = true (custom)
2022-08-20 07:51:44,317 [pool-142-thread-1] INFO  server.RaftServerConfigKeys (ConfUtils.java:logGet(46)) - raft.server.snapshot.auto.trigger.threshold = 10000 (custom)
2022-08-20 07:51:44,317 [pool-142-thread-1] INFO  server.RaftServerConfigKeys (ConfUtils.java:logGet(46)) - raft.server.snapshot.retention.file.num = 5 (custom)
2022-08-20 07:51:44,318 [pool-142-thread-1] INFO  server.RaftServerConfigKeys (ConfUtils.java:logGet(46)) - raft.server.log.purge.upto.snapshot.index = false (default)
2022-08-20 07:51:44,318 [pool-142-thread-1] INFO  server.RaftServerConfigKeys (ConfUtils.java:logGet(46)) - raft.server.retrycache.expirytime = 600000ms (custom)
2022-08-20 07:51:44,318 [pool-142-thread-1] INFO  server.RaftServerConfigKeys (ConfUtils.java:logGet(46)) - raft.server.retrycache.statistics.expirytime = 100μs (default)
2022-08-20 07:51:44,319 [pool-142-thread-1] INFO  server.RaftServerConfigKeys (ConfUtils.java:logGet(46)) - raft.server.log.appender.install.snapshot.enabled = false (custom)
2022-08-20 07:51:44,319 [pool-142-thread-1] INFO  server.RaftServerConfigKeys (ConfUtils.java:logGet(46)) - raft.server.threadpool.server.cached = true (default)
2022-08-20 07:51:44,319 [pool-142-thread-1] INFO  server.RaftServerConfigKeys (ConfUtils.java:logGet(46)) - raft.server.threadpool.server.size = 0 (default)
2022-08-20 07:51:44,319 [pool-142-thread-1] INFO  server.RaftServerConfigKeys (ConfUtils.java:logGet(46)) - raft.server.threadpool.client.cached = true (default)
2022-08-20 07:51:44,319 [pool-142-thread-1] INFO  server.RaftServerConfigKeys (ConfUtils.java:logGet(46)) - raft.server.threadpool.client.size = 0 (default)
2022-08-20 07:51:44,319 [pool-142-thread-1] INFO  server.RaftServer$Division (RaftServerImpl.java:start(310)) - 3c3acde4-fad3-4bcf-ba50-483a479e7724@group-22CF1B72FA0A: start as a follower, conf=-1: [3c3acde4-fad3-4bcf-ba50-483a479e7724|rpc:10.1.0.10:40393|priority:1], old=null
2022-08-20 07:51:44,319 [pool-142-thread-1] INFO  server.RaftServer$Division (RaftServerImpl.java:setRole(299)) - 3c3acde4-fad3-4bcf-ba50-483a479e7724@group-22CF1B72FA0A: changes role from      null to FOLLOWER at term 0 for startAsFollower
2022-08-20 07:51:44,319 [pool-142-thread-1] INFO  impl.RoleInfo (RoleInfo.java:updateAndGet(139)) - 3c3acde4-fad3-4bcf-ba50-483a479e7724: start 3c3acde4-fad3-4bcf-ba50-483a479e7724@group-22CF1B72FA0A-FollowerState
2022-08-20 07:51:44,320 [pool-142-thread-1] INFO  util.JmxRegister (JmxRegister.java:tryRegister(44)) - Successfully registered JMX Bean with object name Ratis:service=RaftServer,group=group-22CF1B72FA0A,id=3c3acde4-fad3-4bcf-ba50-483a479e7724
2022-08-20 07:51:44,320 [Command processor thread] INFO  ratis.XceiverServerRatis (XceiverServerRatis.java:addGroup(765)) - Created group PipelineID=097f77a4-c461-4dc7-b8be-22cf1b72fa0a
2022-08-20 07:51:44,320 [Command processor thread] INFO  commandhandler.CreatePipelineCommandHandler (CreatePipelineCommandHandler.java:handle(113)) - Created Pipeline RATIS ONE PipelineID=097f77a4-c461-4dc7-b8be-22cf1b72fa0a.
2022-08-20 07:51:44,593 [Listener at 127.0.0.1/40219] INFO  ozone.MiniOzoneClusterImpl (MiniOzoneClusterImpl.java:lambda$waitForClusterToBeReady$0(216)) - Nodes are ready. Got 5 of 5 DN Heartbeats.
2022-08-20 07:51:44,593 [Listener at 127.0.0.1/40219] INFO  ozone.MiniOzoneClusterImpl (MiniOzoneClusterImpl.java:lambda$waitForClusterToBeReady$0(219)) - Waiting for cluster to exit safe mode
2022-08-20 07:51:44,593 [Listener at 127.0.0.1/40219] INFO  ozone.MiniOzoneClusterImpl (MiniOzoneClusterImpl.java:lambda$waitForClusterToBeReady$0(221)) - SCM became leader
2022-08-20 07:51:44,617 [Command processor thread] INFO  server.RaftServer (RaftServerProxy.java:addNew(96)) - ebfdd0d5-7b8a-4a5c-95dc-06ae01bbfd5f: addNew group-DC574A831A63:[ebfdd0d5-7b8a-4a5c-95dc-06ae01bbfd5f|rpc:10.1.0.10:46391|priority:1] returns group-DC574A831A63:java.util.concurrent.CompletableFuture@629df183[Not completed]
2022-08-20 07:51:44,621 [pool-165-thread-1] INFO  server.RaftServer$Division (RaftServerImpl.java:<init>(190)) - ebfdd0d5-7b8a-4a5c-95dc-06ae01bbfd5f: new RaftServerImpl for group-DC574A831A63:[ebfdd0d5-7b8a-4a5c-95dc-06ae01bbfd5f|rpc:10.1.0.10:46391|priority:1] with ContainerStateMachine:uninitialized
2022-08-20 07:51:44,621 [pool-165-thread-1] INFO  server.RaftServerConfigKeys (ConfUtils.java:logGet(46)) - raft.server.rpc.timeout.min = 5s (custom)
2022-08-20 07:51:44,621 [pool-165-thread-1] INFO  server.RaftServerConfigKeys (ConfUtils.java:logGet(46)) - raft.server.rpc.timeout.max = 5200ms (custom)
2022-08-20 07:51:44,621 [pool-165-thread-1] INFO  server.RaftServerConfigKeys (ConfUtils.java:logGet(46)) - raft.server.rpc.sleep.time = 25ms (default)
2022-08-20 07:51:44,621 [pool-165-thread-1] INFO  server.RaftServerConfigKeys (ConfUtils.java:logGet(46)) - raft.server.rpc.slowness.timeout = 300s (custom)
2022-08-20 07:51:44,621 [pool-165-thread-1] INFO  server.RaftServerConfigKeys (ConfUtils.java:logGet(46)) - raft.server.leaderelection.leader.step-down.wait-time = 10s (default)
2022-08-20 07:51:44,622 [pool-165-thread-1] INFO  server.RaftServerConfigKeys (ConfUtils.java:logGet(46)) - raft.server.sleep.deviation.threshold = 300ms (default)
2022-08-20 07:51:44,622 [pool-165-thread-1] INFO  server.RaftServer$Division (ServerState.java:<init>(107)) - ebfdd0d5-7b8a-4a5c-95dc-06ae01bbfd5f@group-DC574A831A63: ConfigurationManager, init=-1: [ebfdd0d5-7b8a-4a5c-95dc-06ae01bbfd5f|rpc:10.1.0.10:46391|priority:1], old=null, confs=<EMPTY_MAP>
2022-08-20 07:51:44,622 [pool-165-thread-1] INFO  server.RaftServerConfigKeys (ConfUtils.java:logGet(46)) - raft.server.storage.dir = [/home/runner/work/ozone/ozone/hadoop-ozone/integration-test/target/test-dir/MiniOzoneClusterImpl-7272e4b8-7574-4f4a-a19b-420921f06a31/datanode-4/data/ratis] (custom)
2022-08-20 07:51:44,622 [pool-165-thread-1] INFO  server.RaftServerConfigKeys (ConfUtils.java:logGet(46)) - raft.server.log.corruption.policy = EXCEPTION (default)
2022-08-20 07:51:44,622 [pool-165-thread-1] INFO  server.RaftServerConfigKeys (ConfUtils.java:logGet(46)) - raft.server.storage.free-space.min = 0MB (=0) (default)
2022-08-20 07:51:44,622 [pool-165-thread-1] INFO  storage.RaftStorageDirectory (RaftStorageDirectoryImpl.java:analyzeStorage(135)) - The storage directory /home/runner/work/ozone/ozone/hadoop-ozone/integration-test/target/test-dir/MiniOzoneClusterImpl-7272e4b8-7574-4f4a-a19b-420921f06a31/datanode-4/data/ratis/5689be9f-e503-4ed3-bc57-dc574a831a63 does not exist. Creating ...
2022-08-20 07:51:44,623 [pool-165-thread-1] INFO  storage.RaftStorageDirectory (RaftStorageDirectoryImpl.java:tryLock(230)) - Lock on /home/runner/work/ozone/ozone/hadoop-ozone/integration-test/target/test-dir/MiniOzoneClusterImpl-7272e4b8-7574-4f4a-a19b-420921f06a31/datanode-4/data/ratis/5689be9f-e503-4ed3-bc57-dc574a831a63/in_use.lock acquired by nodename 1881@fv-az58-577
2022-08-20 07:51:44,624 [pool-165-thread-1] INFO  storage.RaftStorage (RaftStorageImpl.java:format(89)) - Storage directory /home/runner/work/ozone/ozone/hadoop-ozone/integration-test/target/test-dir/MiniOzoneClusterImpl-7272e4b8-7574-4f4a-a19b-420921f06a31/datanode-4/data/ratis/5689be9f-e503-4ed3-bc57-dc574a831a63 has been successfully formatted.
2022-08-20 07:51:44,625 [pool-165-thread-1] INFO  ratis.ContainerStateMachine (ContainerStateMachine.java:loadSnapshot(236)) - group-DC574A831A63: The snapshot info is null. Setting the last applied indexto:(t:0, i:~)
2022-08-20 07:51:44,625 [pool-165-thread-1] INFO  server.RaftServerConfigKeys (ConfUtils.java:logGet(46)) - raft.server.notification.no-leader.timeout = 300s (custom)
2022-08-20 07:51:44,625 [pool-165-thread-1] INFO  server.RaftServerConfigKeys (ConfUtils.java:logGet(46)) - raft.server.log.use.memory = false (default)
2022-08-20 07:51:44,625 [pool-165-thread-1] INFO  server.RaftServerConfigKeys (ConfUtils.java:logGet(46)) - raft.server.log.purge.gap = 1000000 (custom)
2022-08-20 07:51:44,626 [pool-165-thread-1] INFO  server.RaftServerConfigKeys (ConfUtils.java:logGet(46)) - raft.server.log.appender.buffer.byte-limit = 33554432 (custom)
2022-08-20 07:51:44,626 [pool-165-thread-1] INFO  server.RaftServerConfigKeys (ConfUtils.java:logGet(46)) - raft.server.log.statemachine.data.read.timeout = 1000ms (default)
2022-08-20 07:51:44,626 [pool-165-thread-1] INFO  server.RaftServerConfigKeys (ConfUtils.java:logGet(46)) - raft.server.log.segment.size.max = 1048576 (custom)
2022-08-20 07:51:44,626 [pool-165-thread-1] INFO  server.RaftServerConfigKeys (ConfUtils.java:logGet(46)) - raft.server.log.segment.cache.num.max = 2 (custom)
2022-08-20 07:51:44,626 [pool-165-thread-1] INFO  server.RaftServerConfigKeys (ConfUtils.java:logGet(46)) - raft.server.log.segment.cache.size.max = 200MB (=209715200) (default)
2022-08-20 07:51:44,626 [pool-165-thread-1] INFO  segmented.SegmentedRaftLogWorker (SegmentedRaftLogWorker.java:<init>(187)) - new ebfdd0d5-7b8a-4a5c-95dc-06ae01bbfd5f@group-DC574A831A63-SegmentedRaftLogWorker for RaftStorageImpl:Storage Directory /home/runner/work/ozone/ozone/hadoop-ozone/integration-test/target/test-dir/MiniOzoneClusterImpl-7272e4b8-7574-4f4a-a19b-420921f06a31/datanode-4/data/ratis/5689be9f-e503-4ed3-bc57-dc574a831a63
2022-08-20 07:51:44,626 [pool-165-thread-1] INFO  server.RaftServerConfigKeys (ConfUtils.java:logGet(46)) - raft.server.log.queue.byte-limit = 4294967296 (custom)
2022-08-20 07:51:44,626 [pool-165-thread-1] INFO  server.RaftServerConfigKeys (ConfUtils.java:logGet(46)) - raft.server.log.queue.element-limit = 1024 (custom)
2022-08-20 07:51:44,626 [pool-165-thread-1] INFO  server.RaftServerConfigKeys (ConfUtils.java:logGet(46)) - raft.server.log.segment.size.max = 1048576 (custom)
2022-08-20 07:51:44,626 [pool-165-thread-1] INFO  server.RaftServerConfigKeys (ConfUtils.java:logGet(46)) - raft.server.log.preallocated.size = 16384 (custom)
2022-08-20 07:51:44,627 [pool-165-thread-1] INFO  server.RaftServerConfigKeys (ConfUtils.java:logGet(46)) - raft.server.log.force.sync.num = 128 (default)
2022-08-20 07:51:44,627 [pool-165-thread-1] INFO  server.RaftServerConfigKeys (ConfUtils.java:logGet(46)) - raft.server.log.statemachine.data.sync = true (default)
2022-08-20 07:51:44,627 [pool-165-thread-1] INFO  server.RaftServerConfigKeys (ConfUtils.java:logGet(46)) - raft.server.log.statemachine.data.sync.timeout = 10s (default)
2022-08-20 07:51:44,627 [pool-165-thread-1] INFO  server.RaftServerConfigKeys (ConfUtils.java:logGet(46)) - raft.server.log.statemachine.data.sync.timeout.retry = -1 (default)
2022-08-20 07:51:44,628 [pool-165-thread-1] INFO  server.RaftServerConfigKeys (ConfUtils.java:logGet(46)) - raft.server.log.write.buffer.size = 1048576 (custom)
2022-08-20 07:51:44,628 [EventQueue-PipelineReportForPipelineReportHandler] INFO  pipeline.PipelineManagerImpl (PipelineManagerImpl.java:openPipeline(367)) - Pipeline Pipeline[ Id: 5689be9f-e503-4ed3-bc57-dc574a831a63, Nodes: ebfdd0d5-7b8a-4a5c-95dc-06ae01bbfd5f{ip: 10.1.0.10, host: fv-az58-577.v01ewlpc0lrezph5nvg1m2rhcd.cx.internal.cloudapp.net, ports: [REPLICATION=45943, RATIS=46391, RATIS_ADMIN=46391, RATIS_SERVER=46391, STANDALONE=34905], networkLocation: /default-rack, certSerialId: null, persistedOpState: IN_SERVICE, persistedOpStateExpiryEpochSec: 0}, ReplicationConfig: RATIS/ONE, State:ALLOCATED, leaderId:ebfdd0d5-7b8a-4a5c-95dc-06ae01bbfd5f, CreationTimestamp2022-08-20T07:51:41.620Z[Etc/UTC]] moved to OPEN state
2022-08-20 07:51:44,628 [pool-165-thread-1] INFO  server.RaftServerConfigKeys (ConfUtils.java:logGet(46)) - raft.server.log.unsafe-flush.enabled = false (default)
2022-08-20 07:51:44,629 [pool-165-thread-1] INFO  server.RaftServerConfigKeys (ConfUtils.java:logGet(46)) - raft.server.log.statemachine.data.caching.enabled = true (custom)
2022-08-20 07:51:44,629 [EventQueue-OpenPipelineForHealthyPipelineSafeModeRule] INFO  safemode.SCMSafeModeManager (HealthyPipelineSafeModeRule.java:process(137)) - SCM in safe mode. Healthy pipelines reported count is 0, required healthy pipeline reported count is 1
2022-08-20 07:51:44,629 [pool-165-thread-1] INFO  segmented.SegmentedRaftLogWorker (SegmentedRaftLogWorker.java:lambda$new$0(135)) - ebfdd0d5-7b8a-4a5c-95dc-06ae01bbfd5f@group-DC574A831A63-SegmentedRaftLogWorker: flushIndex: setUnconditionally 0 -> -1
2022-08-20 07:51:44,630 [pool-165-thread-1] INFO  segmented.SegmentedRaftLogWorker (SegmentedRaftLogWorker.java:lambda$new$0(135)) - ebfdd0d5-7b8a-4a5c-95dc-06ae01bbfd5f@group-DC574A831A63-SegmentedRaftLogWorker: safeCacheEvictIndex: setUnconditionally 0 -> -1
2022-08-20 07:51:44,630 [pool-165-thread-1] INFO  server.RaftServerConfigKeys (ConfUtils.java:logGet(46)) - raft.server.snapshot.auto.trigger.enabled = true (custom)
2022-08-20 07:51:44,630 [pool-165-thread-1] INFO  server.RaftServerConfigKeys (ConfUtils.java:logGet(46)) - raft.server.snapshot.auto.trigger.threshold = 10000 (custom)
2022-08-20 07:51:44,630 [pool-165-thread-1] INFO  server.RaftServerConfigKeys (ConfUtils.java:logGet(46)) - raft.server.snapshot.retention.file.num = 5 (custom)
2022-08-20 07:51:44,630 [pool-165-thread-1] INFO  server.RaftServerConfigKeys (ConfUtils.java:logGet(46)) - raft.server.log.purge.upto.snapshot.index = false (default)
2022-08-20 07:51:44,630 [pool-165-thread-1] INFO  server.RaftServerConfigKeys (ConfUtils.java:logGet(46)) - raft.server.retrycache.expirytime = 600000ms (custom)
2022-08-20 07:51:44,630 [pool-165-thread-1] INFO  server.RaftServerConfigKeys (ConfUtils.java:logGet(46)) - raft.server.retrycache.statistics.expirytime = 100μs (default)
2022-08-20 07:51:44,631 [pool-165-thread-1] INFO  server.RaftServerConfigKeys (ConfUtils.java:logGet(46)) - raft.server.log.appender.install.snapshot.enabled = false (custom)
2022-08-20 07:51:44,631 [pool-165-thread-1] INFO  server.RaftServerConfigKeys (ConfUtils.java:logGet(46)) - raft.server.threadpool.server.cached = true (default)
2022-08-20 07:51:44,631 [pool-165-thread-1] INFO  server.RaftServerConfigKeys (ConfUtils.java:logGet(46)) - raft.server.threadpool.server.size = 0 (default)
2022-08-20 07:51:44,631 [pool-165-thread-1] INFO  server.RaftServerConfigKeys (ConfUtils.java:logGet(46)) - raft.server.threadpool.client.cached = true (default)
2022-08-20 07:51:44,631 [pool-165-thread-1] INFO  server.RaftServerConfigKeys (ConfUtils.java:logGet(46)) - raft.server.threadpool.client.size = 0 (default)
2022-08-20 07:51:44,631 [pool-165-thread-1] INFO  server.RaftServer$Division (RaftServerImpl.java:start(310)) - ebfdd0d5-7b8a-4a5c-95dc-06ae01bbfd5f@group-DC574A831A63: start as a follower, conf=-1: [ebfdd0d5-7b8a-4a5c-95dc-06ae01bbfd5f|rpc:10.1.0.10:46391|priority:1], old=null
2022-08-20 07:51:44,631 [pool-165-thread-1] INFO  server.RaftServer$Division (RaftServerImpl.java:setRole(299)) - ebfdd0d5-7b8a-4a5c-95dc-06ae01bbfd5f@group-DC574A831A63: changes role from      null to FOLLOWER at term 0 for startAsFollower
2022-08-20 07:51:44,631 [pool-165-thread-1] INFO  impl.RoleInfo (RoleInfo.java:updateAndGet(139)) - ebfdd0d5-7b8a-4a5c-95dc-06ae01bbfd5f: start ebfdd0d5-7b8a-4a5c-95dc-06ae01bbfd5f@group-DC574A831A63-FollowerState
2022-08-20 07:51:44,632 [pool-165-thread-1] INFO  util.JmxRegister (JmxRegister.java:tryRegister(44)) - Successfully registered JMX Bean with object name Ratis:service=RaftServer,group=group-DC574A831A63,id=ebfdd0d5-7b8a-4a5c-95dc-06ae01bbfd5f
2022-08-20 07:51:44,632 [Command processor thread] INFO  ratis.XceiverServerRatis (XceiverServerRatis.java:addGroup(765)) - Created group PipelineID=5689be9f-e503-4ed3-bc57-dc574a831a63
2022-08-20 07:51:44,632 [Command processor thread] INFO  commandhandler.CreatePipelineCommandHandler (CreatePipelineCommandHandler.java:handle(113)) - Created Pipeline RATIS ONE PipelineID=5689be9f-e503-4ed3-bc57-dc574a831a63.
2022-08-20 07:51:45,593 [Listener at 127.0.0.1/40219] INFO  ozone.MiniOzoneClusterImpl (MiniOzoneClusterImpl.java:lambda$waitForClusterToBeReady$0(216)) - Nodes are ready. Got 5 of 5 DN Heartbeats.
2022-08-20 07:51:45,594 [Listener at 127.0.0.1/40219] INFO  ozone.MiniOzoneClusterImpl (MiniOzoneClusterImpl.java:lambda$waitForClusterToBeReady$0(219)) - Waiting for cluster to exit safe mode
2022-08-20 07:51:45,594 [Listener at 127.0.0.1/40219] INFO  ozone.MiniOzoneClusterImpl (MiniOzoneClusterImpl.java:lambda$waitForClusterToBeReady$0(221)) - SCM became leader
2022-08-20 07:51:46,594 [Listener at 127.0.0.1/40219] INFO  ozone.MiniOzoneClusterImpl (MiniOzoneClusterImpl.java:lambda$waitForClusterToBeReady$0(216)) - Nodes are ready. Got 5 of 5 DN Heartbeats.
2022-08-20 07:51:46,595 [Listener at 127.0.0.1/40219] INFO  ozone.MiniOzoneClusterImpl (MiniOzoneClusterImpl.java:lambda$waitForClusterToBeReady$0(219)) - Waiting for cluster to exit safe mode
2022-08-20 07:51:46,595 [Listener at 127.0.0.1/40219] INFO  ozone.MiniOzoneClusterImpl (MiniOzoneClusterImpl.java:lambda$waitForClusterToBeReady$0(221)) - SCM became leader
2022-08-20 07:51:47,595 [Listener at 127.0.0.1/40219] INFO  ozone.MiniOzoneClusterImpl (MiniOzoneClusterImpl.java:lambda$waitForClusterToBeReady$0(216)) - Nodes are ready. Got 5 of 5 DN Heartbeats.
2022-08-20 07:51:47,595 [Listener at 127.0.0.1/40219] INFO  ozone.MiniOzoneClusterImpl (MiniOzoneClusterImpl.java:lambda$waitForClusterToBeReady$0(219)) - Waiting for cluster to exit safe mode
2022-08-20 07:51:47,596 [Listener at 127.0.0.1/40219] INFO  ozone.MiniOzoneClusterImpl (MiniOzoneClusterImpl.java:lambda$waitForClusterToBeReady$0(221)) - SCM became leader
2022-08-20 07:51:48,260 [be90e73c-a484-4b65-88cf-121e201739e2@group-2BC39EBA70BB-FollowerState] INFO  impl.FollowerState (FollowerState.java:run(143)) - be90e73c-a484-4b65-88cf-121e201739e2@group-2BC39EBA70BB-FollowerState: change to CANDIDATE, lastRpcElapsedTime:5023028416ns, electionTimeout:5006ms
2022-08-20 07:51:48,261 [be90e73c-a484-4b65-88cf-121e201739e2@group-2BC39EBA70BB-FollowerState] INFO  impl.RoleInfo (RoleInfo.java:shutdownFollowerState(110)) - be90e73c-a484-4b65-88cf-121e201739e2: shutdown be90e73c-a484-4b65-88cf-121e201739e2@group-2BC39EBA70BB-FollowerState
2022-08-20 07:51:48,261 [be90e73c-a484-4b65-88cf-121e201739e2@group-2BC39EBA70BB-FollowerState] INFO  server.RaftServer$Division (RaftServerImpl.java:setRole(299)) - be90e73c-a484-4b65-88cf-121e201739e2@group-2BC39EBA70BB: changes role from  FOLLOWER to CANDIDATE at term 0 for changeToCandidate
2022-08-20 07:51:48,261 [be90e73c-a484-4b65-88cf-121e201739e2@group-2BC39EBA70BB-FollowerState] INFO  server.RaftServerConfigKeys (ConfUtils.java:logGet(46)) - raft.server.leaderelection.pre-vote = false (custom)
2022-08-20 07:51:48,261 [be90e73c-a484-4b65-88cf-121e201739e2@group-2BC39EBA70BB-FollowerState] INFO  impl.RoleInfo (RoleInfo.java:updateAndGet(139)) - be90e73c-a484-4b65-88cf-121e201739e2: start be90e73c-a484-4b65-88cf-121e201739e2@group-2BC39EBA70BB-LeaderElection2
2022-08-20 07:51:48,264 [be90e73c-a484-4b65-88cf-121e201739e2@group-2BC39EBA70BB-LeaderElection2] INFO  impl.LeaderElection (LeaderElection.java:askForVotes(310)) - be90e73c-a484-4b65-88cf-121e201739e2@group-2BC39EBA70BB-LeaderElection2 ELECTION round 0: submit vote requests at term 1 for -1: [be90e73c-a484-4b65-88cf-121e201739e2|rpc:10.1.0.10:33179|priority:1], old=null
2022-08-20 07:51:48,264 [be90e73c-a484-4b65-88cf-121e201739e2@group-2BC39EBA70BB-LeaderElection2] INFO  impl.LeaderElection (LeaderElection.java:askForVotes(312)) - be90e73c-a484-4b65-88cf-121e201739e2@group-2BC39EBA70BB-LeaderElection2 ELECTION round 0: result PASSED (term=1)
2022-08-20 07:51:48,264 [be90e73c-a484-4b65-88cf-121e201739e2@group-2BC39EBA70BB-LeaderElection2] INFO  impl.RoleInfo (RoleInfo.java:shutdownLeaderElection(130)) - be90e73c-a484-4b65-88cf-121e201739e2: shutdown be90e73c-a484-4b65-88cf-121e201739e2@group-2BC39EBA70BB-LeaderElection2
2022-08-20 07:51:48,265 [be90e73c-a484-4b65-88cf-121e201739e2@group-2BC39EBA70BB-LeaderElection2] INFO  server.RaftServer$Division (RaftServerImpl.java:setRole(299)) - be90e73c-a484-4b65-88cf-121e201739e2@group-2BC39EBA70BB: changes role from CANDIDATE to LEADER at term 1 for changeToLeader
2022-08-20 07:51:48,265 [be90e73c-a484-4b65-88cf-121e201739e2@group-2BC39EBA70BB-LeaderElection2] INFO  ratis.XceiverServerRatis (XceiverServerRatis.java:handleLeaderChangedNotification(863)) - Leader change notification received for group: group-2BC39EBA70BB with new leaderId: be90e73c-a484-4b65-88cf-121e201739e2
2022-08-20 07:51:48,265 [be90e73c-a484-4b65-88cf-121e201739e2@group-2BC39EBA70BB-LeaderElection2] INFO  server.RaftServer$Division (ServerState.java:setLeader(287)) - be90e73c-a484-4b65-88cf-121e201739e2@group-2BC39EBA70BB: change Leader from null to be90e73c-a484-4b65-88cf-121e201739e2 at term 1 for becomeLeader, leader elected after 5055ms
2022-08-20 07:51:48,265 [be90e73c-a484-4b65-88cf-121e201739e2@group-2BC39EBA70BB-LeaderElection2] INFO  server.RaftServerConfigKeys (ConfUtils.java:logGet(46)) - raft.server.staging.catchup.gap = 1000 (default)
2022-08-20 07:51:48,265 [be90e73c-a484-4b65-88cf-121e201739e2@group-2BC39EBA70BB-LeaderElection2] INFO  server.RaftServerConfigKeys (ConfUtils.java:logGet(46)) - raft.server.write.element-limit = 1024 (custom)
2022-08-20 07:51:48,265 [be90e73c-a484-4b65-88cf-121e201739e2@group-2BC39EBA70BB-LeaderElection2] INFO  server.RaftServerConfigKeys (ConfUtils.java:logGet(46)) - raft.server.write.byte-limit = 1024 M (=1073741824) (custom)
2022-08-20 07:51:48,266 [be90e73c-a484-4b65-88cf-121e201739e2@group-2BC39EBA70BB-LeaderElection2] INFO  server.RaftServerConfigKeys (ConfUtils.java:logGet(46)) - raft.server.watch.timeout = 180s (custom)
2022-08-20 07:51:48,266 [be90e73c-a484-4b65-88cf-121e201739e2@group-2BC39EBA70BB-LeaderElection2] INFO  server.RaftServerConfigKeys (ConfUtils.java:logGet(46)) - raft.server.watch.timeout.denomination = 1s (default)
2022-08-20 07:51:48,266 [be90e73c-a484-4b65-88cf-121e201739e2@group-2BC39EBA70BB-LeaderElection2] INFO  server.RaftServerConfigKeys (ConfUtils.java:logGet(46)) - raft.server.watch.element-limit = 65536 (default)
2022-08-20 07:51:48,266 [be90e73c-a484-4b65-88cf-121e201739e2@group-2BC39EBA70BB-LeaderElection2] INFO  server.RaftServerConfigKeys (ConfUtils.java:logGet(46)) - raft.server.write.element-limit = 1024 (custom)
2022-08-20 07:51:48,266 [be90e73c-a484-4b65-88cf-121e201739e2@group-2BC39EBA70BB-LeaderElection2] INFO  server.RaftServerConfigKeys (ConfUtils.java:logGet(46)) - raft.server.write.follower.gap.ratio.max = -1.0 (default)
2022-08-20 07:51:48,266 [be90e73c-a484-4b65-88cf-121e201739e2@group-2BC39EBA70BB-LeaderElection2] INFO  impl.RoleInfo (RoleInfo.java:updateAndGet(139)) - be90e73c-a484-4b65-88cf-121e201739e2: start be90e73c-a484-4b65-88cf-121e201739e2@group-2BC39EBA70BB-LeaderStateImpl
2022-08-20 07:51:48,267 [be90e73c-a484-4b65-88cf-121e201739e2@group-2BC39EBA70BB-LeaderElection2] INFO  segmented.SegmentedRaftLogWorker (SegmentedRaftLogWorker.java:startLogSegment(425)) - be90e73c-a484-4b65-88cf-121e201739e2@group-2BC39EBA70BB-SegmentedRaftLogWorker: Starting segment from index:0
2022-08-20 07:51:48,268 [be90e73c-a484-4b65-88cf-121e201739e2@group-2BC39EBA70BB-SegmentedRaftLogWorker] INFO  segmented.SegmentedRaftLogWorker (SegmentedRaftLogWorker.java:execute(629)) - be90e73c-a484-4b65-88cf-121e201739e2@group-2BC39EBA70BB-SegmentedRaftLogWorker: created new log segment /home/runner/work/ozone/ozone/hadoop-ozone/integration-test/target/test-dir/MiniOzoneClusterImpl-7272e4b8-7574-4f4a-a19b-420921f06a31/datanode-0/data/ratis/3ba8e611-aa55-4ac9-840b-2bc39eba70bb/current/log_inprogress_0
2022-08-20 07:51:48,269 [EventQueue-OpenPipelineForHealthyPipelineSafeModeRule] INFO  safemode.SCMSafeModeManager (HealthyPipelineSafeModeRule.java:process(137)) - SCM in safe mode. Healthy pipelines reported count is 0, required healthy pipeline reported count is 1
2022-08-20 07:51:48,270 [be90e73c-a484-4b65-88cf-121e201739e2@group-2BC39EBA70BB-LeaderElection2] INFO  server.RaftServer$Division (ServerState.java:setRaftConf(393)) - be90e73c-a484-4b65-88cf-121e201739e2@group-2BC39EBA70BB: set configuration 0: [be90e73c-a484-4b65-88cf-121e201739e2|rpc:10.1.0.10:33179|dataStream:|priority:1], old=null
2022-08-20 07:51:48,373 [be90e73c-a484-4b65-88cf-121e201739e2@group-7E3172ADB9F5-FollowerState] INFO  impl.FollowerState (FollowerState.java:run(143)) - be90e73c-a484-4b65-88cf-121e201739e2@group-7E3172ADB9F5-FollowerState: change to CANDIDATE, lastRpcElapsedTime:5099431552ns, electionTimeout:5098ms
2022-08-20 07:51:48,374 [be90e73c-a484-4b65-88cf-121e201739e2@group-7E3172ADB9F5-FollowerState] INFO  impl.RoleInfo (RoleInfo.java:shutdownFollowerState(110)) - be90e73c-a484-4b65-88cf-121e201739e2: shutdown be90e73c-a484-4b65-88cf-121e201739e2@group-7E3172ADB9F5-FollowerState
2022-08-20 07:51:48,374 [be90e73c-a484-4b65-88cf-121e201739e2@group-7E3172ADB9F5-FollowerState] INFO  server.RaftServer$Division (RaftServerImpl.java:setRole(299)) - be90e73c-a484-4b65-88cf-121e201739e2@group-7E3172ADB9F5: changes role from  FOLLOWER to CANDIDATE at term 0 for changeToCandidate
2022-08-20 07:51:48,374 [be90e73c-a484-4b65-88cf-121e201739e2@group-7E3172ADB9F5-FollowerState] INFO  server.RaftServerConfigKeys (ConfUtils.java:logGet(46)) - raft.server.leaderelection.pre-vote = false (custom)
2022-08-20 07:51:48,374 [be90e73c-a484-4b65-88cf-121e201739e2@group-7E3172ADB9F5-FollowerState] INFO  impl.RoleInfo (RoleInfo.java:updateAndGet(139)) - be90e73c-a484-4b65-88cf-121e201739e2: start be90e73c-a484-4b65-88cf-121e201739e2@group-7E3172ADB9F5-LeaderElection3
2022-08-20 07:51:48,378 [be90e73c-a484-4b65-88cf-121e201739e2@group-7E3172ADB9F5-LeaderElection3] INFO  impl.LeaderElection (LeaderElection.java:askForVotes(310)) - be90e73c-a484-4b65-88cf-121e201739e2@group-7E3172ADB9F5-LeaderElection3 ELECTION round 0: submit vote requests at term 1 for -1: [cfb127e1-4a9c-4c86-92d2-3c8cc92f4642|rpc:10.1.0.10:40853|priority:0, 79881640-4786-45f7-aed0-9e856ede138a|rpc:10.1.0.10:45433|priority:1, be90e73c-a484-4b65-88cf-121e201739e2|rpc:10.1.0.10:33179|priority:0], old=null
2022-08-20 07:51:48,411 [grpc-default-executor-0] INFO  server.RaftServer$Division (RaftServerImpl.java:requestVote(1152)) - cfb127e1-4a9c-4c86-92d2-3c8cc92f4642@group-7E3172ADB9F5: receive requestVote(ELECTION, be90e73c-a484-4b65-88cf-121e201739e2, group-7E3172ADB9F5, 1, (t:0, i:0))
2022-08-20 07:51:48,413 [grpc-default-executor-1] INFO  server.RaftServer$Division (RaftServerImpl.java:requestVote(1152)) - 79881640-4786-45f7-aed0-9e856ede138a@group-7E3172ADB9F5: receive requestVote(ELECTION, be90e73c-a484-4b65-88cf-121e201739e2, group-7E3172ADB9F5, 1, (t:0, i:0))
2022-08-20 07:51:48,414 [grpc-default-executor-1] INFO  impl.VoteContext (VoteContext.java:log(48)) - 79881640-4786-45f7-aed0-9e856ede138a@group-7E3172ADB9F5-FOLLOWER: reject ELECTION from be90e73c-a484-4b65-88cf-121e201739e2: our priority 1 > candidate's priority 0
2022-08-20 07:51:48,414 [grpc-default-executor-1] INFO  server.RaftServer$Division (RaftServerImpl.java:setRole(299)) - 79881640-4786-45f7-aed0-9e856ede138a@group-7E3172ADB9F5: changes role from  FOLLOWER to FOLLOWER at term 1 for candidate:be90e73c-a484-4b65-88cf-121e201739e2
2022-08-20 07:51:48,414 [grpc-default-executor-1] INFO  impl.RoleInfo (RoleInfo.java:shutdownFollowerState(110)) - 79881640-4786-45f7-aed0-9e856ede138a: shutdown 79881640-4786-45f7-aed0-9e856ede138a@group-7E3172ADB9F5-FollowerState
2022-08-20 07:51:48,414 [grpc-default-executor-1] INFO  impl.RoleInfo (RoleInfo.java:updateAndGet(139)) - 79881640-4786-45f7-aed0-9e856ede138a: start 79881640-4786-45f7-aed0-9e856ede138a@group-7E3172ADB9F5-FollowerState
2022-08-20 07:51:48,414 [79881640-4786-45f7-aed0-9e856ede138a@group-7E3172ADB9F5-FollowerState] INFO  impl.FollowerState (FollowerState.java:run(152)) - 79881640-4786-45f7-aed0-9e856ede138a@group-7E3172ADB9F5-FollowerState was interrupted
2022-08-20 07:51:48,414 [grpc-default-executor-0] INFO  impl.VoteContext (VoteContext.java:log(48)) - cfb127e1-4a9c-4c86-92d2-3c8cc92f4642@group-7E3172ADB9F5-FOLLOWER: accept ELECTION from be90e73c-a484-4b65-88cf-121e201739e2: our priority 0 <= candidate's priority 0
2022-08-20 07:51:48,422 [grpc-default-executor-0] INFO  server.RaftServer$Division (RaftServerImpl.java:setRole(299)) - cfb127e1-4a9c-4c86-92d2-3c8cc92f4642@group-7E3172ADB9F5: changes role from  FOLLOWER to FOLLOWER at term 1 for candidate:be90e73c-a484-4b65-88cf-121e201739e2
2022-08-20 07:51:48,423 [grpc-default-executor-0] INFO  impl.RoleInfo (RoleInfo.java:shutdownFollowerState(110)) - cfb127e1-4a9c-4c86-92d2-3c8cc92f4642: shutdown cfb127e1-4a9c-4c86-92d2-3c8cc92f4642@group-7E3172ADB9F5-FollowerState
2022-08-20 07:51:48,423 [grpc-default-executor-0] INFO  impl.RoleInfo (RoleInfo.java:updateAndGet(139)) - cfb127e1-4a9c-4c86-92d2-3c8cc92f4642: start cfb127e1-4a9c-4c86-92d2-3c8cc92f4642@group-7E3172ADB9F5-FollowerState
2022-08-20 07:51:48,423 [cfb127e1-4a9c-4c86-92d2-3c8cc92f4642@group-7E3172ADB9F5-FollowerState] INFO  impl.FollowerState (FollowerState.java:run(152)) - cfb127e1-4a9c-4c86-92d2-3c8cc92f4642@group-7E3172ADB9F5-FollowerState was interrupted
2022-08-20 07:51:48,430 [grpc-default-executor-1] INFO  server.RaftServer$Division (RaftServerImpl.java:requestVote(1184)) - 79881640-4786-45f7-aed0-9e856ede138a@group-7E3172ADB9F5 replies to ELECTION vote request: be90e73c-a484-4b65-88cf-121e201739e2<-79881640-4786-45f7-aed0-9e856ede138a#0:FAIL-t1. Peer's state: 79881640-4786-45f7-aed0-9e856ede138a@group-7E3172ADB9F5:t1, leader=null, voted=null, raftlog=79881640-4786-45f7-aed0-9e856ede138a@group-7E3172ADB9F5-SegmentedRaftLog:OPENED:c-1, conf=-1: [cfb127e1-4a9c-4c86-92d2-3c8cc92f4642|rpc:10.1.0.10:40853|priority:0, 79881640-4786-45f7-aed0-9e856ede138a|rpc:10.1.0.10:45433|priority:1, be90e73c-a484-4b65-88cf-121e201739e2|rpc:10.1.0.10:33179|priority:0], old=null
2022-08-20 07:51:48,430 [grpc-default-executor-0] INFO  server.RaftServer$Division (RaftServerImpl.java:requestVote(1184)) - cfb127e1-4a9c-4c86-92d2-3c8cc92f4642@group-7E3172ADB9F5 replies to ELECTION vote request: be90e73c-a484-4b65-88cf-121e201739e2<-cfb127e1-4a9c-4c86-92d2-3c8cc92f4642#0:OK-t1. Peer's state: cfb127e1-4a9c-4c86-92d2-3c8cc92f4642@group-7E3172ADB9F5:t1, leader=null, voted=be90e73c-a484-4b65-88cf-121e201739e2, raftlog=cfb127e1-4a9c-4c86-92d2-3c8cc92f4642@group-7E3172ADB9F5-SegmentedRaftLog:OPENED:c-1, conf=-1: [cfb127e1-4a9c-4c86-92d2-3c8cc92f4642|rpc:10.1.0.10:40853|dataStream:|priority:0, 79881640-4786-45f7-aed0-9e856ede138a|rpc:10.1.0.10:45433|dataStream:|priority:1, be90e73c-a484-4b65-88cf-121e201739e2|rpc:10.1.0.10:33179|dataStream:|priority:0], old=null
2022-08-20 07:51:48,435 [be90e73c-a484-4b65-88cf-121e201739e2@group-7E3172ADB9F5-LeaderElection3] INFO  impl.LeaderElection (LeaderElection.java:logAndReturn(90)) - be90e73c-a484-4b65-88cf-121e201739e2@group-7E3172ADB9F5-LeaderElection3: ELECTION REJECTED received 2 response(s) and 0 exception(s):
2022-08-20 07:51:48,436 [be90e73c-a484-4b65-88cf-121e201739e2@group-7E3172ADB9F5-LeaderElection3] INFO  impl.LeaderElection (LeaderElection.java:logAndReturn(94)) -   Response 0: be90e73c-a484-4b65-88cf-121e201739e2<-cfb127e1-4a9c-4c86-92d2-3c8cc92f4642#0:OK-t1
2022-08-20 07:51:48,436 [be90e73c-a484-4b65-88cf-121e201739e2@group-7E3172ADB9F5-LeaderElection3] INFO  impl.LeaderElection (LeaderElection.java:logAndReturn(94)) -   Response 1: be90e73c-a484-4b65-88cf-121e201739e2<-79881640-4786-45f7-aed0-9e856ede138a#0:FAIL-t1
2022-08-20 07:51:48,436 [be90e73c-a484-4b65-88cf-121e201739e2@group-7E3172ADB9F5-LeaderElection3] INFO  impl.LeaderElection (LeaderElection.java:askForVotes(312)) - be90e73c-a484-4b65-88cf-121e201739e2@group-7E3172ADB9F5-LeaderElection3 ELECTION round 0: result REJECTED
2022-08-20 07:51:48,436 [be90e73c-a484-4b65-88cf-121e201739e2@group-7E3172ADB9F5-LeaderElection3] INFO  server.RaftServer$Division (RaftServerImpl.java:setRole(299)) - be90e73c-a484-4b65-88cf-121e201739e2@group-7E3172ADB9F5: changes role from CANDIDATE to FOLLOWER at term 1 for REJECTED
2022-08-20 07:51:48,436 [be90e73c-a484-4b65-88cf-121e201739e2@group-7E3172ADB9F5-LeaderElection3] INFO  impl.RoleInfo (RoleInfo.java:shutdownLeaderElection(130)) - be90e73c-a484-4b65-88cf-121e201739e2: shutdown be90e73c-a484-4b65-88cf-121e201739e2@group-7E3172ADB9F5-LeaderElection3
2022-08-20 07:51:48,436 [be90e73c-a484-4b65-88cf-121e201739e2@group-7E3172ADB9F5-LeaderElection3] INFO  impl.RoleInfo (RoleInfo.java:updateAndGet(139)) - be90e73c-a484-4b65-88cf-121e201739e2: start be90e73c-a484-4b65-88cf-121e201739e2@group-7E3172ADB9F5-FollowerState
2022-08-20 07:51:48,596 [Listener at 127.0.0.1/40219] INFO  ozone.MiniOzoneClusterImpl (MiniOzoneClusterImpl.java:lambda$waitForClusterToBeReady$0(216)) - Nodes are ready. Got 5 of 5 DN Heartbeats.
2022-08-20 07:51:48,597 [Listener at 127.0.0.1/40219] INFO  ozone.MiniOzoneClusterImpl (MiniOzoneClusterImpl.java:lambda$waitForClusterToBeReady$0(219)) - Waiting for cluster to exit safe mode
2022-08-20 07:51:48,597 [Listener at 127.0.0.1/40219] INFO  ozone.MiniOzoneClusterImpl (MiniOzoneClusterImpl.java:lambda$waitForClusterToBeReady$0(221)) - SCM became leader
2022-08-20 07:51:48,757 [79881640-4786-45f7-aed0-9e856ede138a@group-3BD9672A893D-FollowerState] INFO  impl.FollowerState (FollowerState.java:run(143)) - 79881640-4786-45f7-aed0-9e856ede138a@group-3BD9672A893D-FollowerState: change to CANDIDATE, lastRpcElapsedTime:5040073790ns, electionTimeout:5029ms
2022-08-20 07:51:48,757 [79881640-4786-45f7-aed0-9e856ede138a@group-3BD9672A893D-FollowerState] INFO  impl.RoleInfo (RoleInfo.java:shutdownFollowerState(110)) - 79881640-4786-45f7-aed0-9e856ede138a: shutdown 79881640-4786-45f7-aed0-9e856ede138a@group-3BD9672A893D-FollowerState
2022-08-20 07:51:48,757 [79881640-4786-45f7-aed0-9e856ede138a@group-3BD9672A893D-FollowerState] INFO  server.RaftServer$Division (RaftServerImpl.java:setRole(299)) - 79881640-4786-45f7-aed0-9e856ede138a@group-3BD9672A893D: changes role from  FOLLOWER to CANDIDATE at term 0 for changeToCandidate
2022-08-20 07:51:48,757 [79881640-4786-45f7-aed0-9e856ede138a@group-3BD9672A893D-FollowerState] INFO  server.RaftServerConfigKeys (ConfUtils.java:logGet(46)) - raft.server.leaderelection.pre-vote = false (custom)
2022-08-20 07:51:48,757 [79881640-4786-45f7-aed0-9e856ede138a@group-3BD9672A893D-FollowerState] INFO  impl.RoleInfo (RoleInfo.java:updateAndGet(139)) - 79881640-4786-45f7-aed0-9e856ede138a: start 79881640-4786-45f7-aed0-9e856ede138a@group-3BD9672A893D-LeaderElection4
2022-08-20 07:51:48,761 [79881640-4786-45f7-aed0-9e856ede138a@group-3BD9672A893D-LeaderElection4] INFO  impl.LeaderElection (LeaderElection.java:askForVotes(310)) - 79881640-4786-45f7-aed0-9e856ede138a@group-3BD9672A893D-LeaderElection4 ELECTION round 0: submit vote requests at term 1 for -1: [79881640-4786-45f7-aed0-9e856ede138a|rpc:10.1.0.10:45433|priority:1], old=null
2022-08-20 07:51:48,761 [79881640-4786-45f7-aed0-9e856ede138a@group-3BD9672A893D-LeaderElection4] INFO  impl.LeaderElection (LeaderElection.java:askForVotes(312)) - 79881640-4786-45f7-aed0-9e856ede138a@group-3BD9672A893D-LeaderElection4 ELECTION round 0: result PASSED (term=1)
2022-08-20 07:51:48,761 [79881640-4786-45f7-aed0-9e856ede138a@group-3BD9672A893D-LeaderElection4] INFO  impl.RoleInfo (RoleInfo.java:shutdownLeaderElection(130)) - 79881640-4786-45f7-aed0-9e856ede138a: shutdown 79881640-4786-45f7-aed0-9e856ede138a@group-3BD9672A893D-LeaderElection4
2022-08-20 07:51:48,761 [79881640-4786-45f7-aed0-9e856ede138a@group-3BD9672A893D-LeaderElection4] INFO  server.RaftServer$Division (RaftServerImpl.java:setRole(299)) - 79881640-4786-45f7-aed0-9e856ede138a@group-3BD9672A893D: changes role from CANDIDATE to LEADER at term 1 for changeToLeader
2022-08-20 07:51:48,761 [79881640-4786-45f7-aed0-9e856ede138a@group-3BD9672A893D-LeaderElection4] INFO  ratis.XceiverServerRatis (XceiverServerRatis.java:handleLeaderChangedNotification(863)) - Leader change notification received for group: group-3BD9672A893D with new leaderId: 79881640-4786-45f7-aed0-9e856ede138a
2022-08-20 07:51:48,761 [79881640-4786-45f7-aed0-9e856ede138a@group-3BD9672A893D-LeaderElection4] INFO  server.RaftServer$Division (ServerState.java:setLeader(287)) - 79881640-4786-45f7-aed0-9e856ede138a@group-3BD9672A893D: change Leader from null to 79881640-4786-45f7-aed0-9e856ede138a at term 1 for becomeLeader, leader elected after 5062ms
2022-08-20 07:51:48,762 [79881640-4786-45f7-aed0-9e856ede138a@group-3BD9672A893D-LeaderElection4] INFO  server.RaftServerConfigKeys (ConfUtils.java:logGet(46)) - raft.server.staging.catchup.gap = 1000 (default)
2022-08-20 07:51:48,762 [79881640-4786-45f7-aed0-9e856ede138a@group-3BD9672A893D-LeaderElection4] INFO  server.RaftServerConfigKeys (ConfUtils.java:logGet(46)) - raft.server.write.element-limit = 1024 (custom)
2022-08-20 07:51:48,762 [79881640-4786-45f7-aed0-9e856ede138a@group-3BD9672A893D-LeaderElection4] INFO  server.RaftServerConfigKeys (ConfUtils.java:logGet(46)) - raft.server.write.byte-limit = 1024 M (=1073741824) (custom)
2022-08-20 07:51:48,762 [79881640-4786-45f7-aed0-9e856ede138a@group-3BD9672A893D-LeaderElection4] INFO  server.RaftServerConfigKeys (ConfUtils.java:logGet(46)) - raft.server.watch.timeout = 180s (custom)
2022-08-20 07:51:48,762 [79881640-4786-45f7-aed0-9e856ede138a@group-3BD9672A893D-LeaderElection4] INFO  server.RaftServerConfigKeys (ConfUtils.java:logGet(46)) - raft.server.watch.timeout.denomination = 1s (default)
2022-08-20 07:51:48,762 [79881640-4786-45f7-aed0-9e856ede138a@group-3BD9672A893D-LeaderElection4] INFO  server.RaftServerConfigKeys (ConfUtils.java:logGet(46)) - raft.server.watch.element-limit = 65536 (default)
2022-08-20 07:51:48,763 [79881640-4786-45f7-aed0-9e856ede138a@group-3BD9672A893D-LeaderElection4] INFO  server.RaftServerConfigKeys (ConfUtils.java:logGet(46)) - raft.server.write.element-limit = 1024 (custom)
2022-08-20 07:51:48,763 [79881640-4786-45f7-aed0-9e856ede138a@group-3BD9672A893D-LeaderElection4] INFO  server.RaftServerConfigKeys (ConfUtils.java:logGet(46)) - raft.server.write.follower.gap.ratio.max = -1.0 (default)
2022-08-20 07:51:48,763 [EventQueue-OpenPipelineForHealthyPipelineSafeModeRule] INFO  safemode.SCMSafeModeManager (HealthyPipelineSafeModeRule.java:process(137)) - SCM in safe mode. Healthy pipelines reported count is 0, required healthy pipeline reported count is 1
2022-08-20 07:51:48,764 [79881640-4786-45f7-aed0-9e856ede138a@group-3BD9672A893D-LeaderElection4] INFO  impl.RoleInfo (RoleInfo.java:updateAndGet(139)) - 79881640-4786-45f7-aed0-9e856ede138a: start 79881640-4786-45f7-aed0-9e856ede138a@group-3BD9672A893D-LeaderStateImpl
2022-08-20 07:51:48,770 [79881640-4786-45f7-aed0-9e856ede138a@group-3BD9672A893D-LeaderElection4] INFO  segmented.SegmentedRaftLogWorker (SegmentedRaftLogWorker.java:startLogSegment(425)) - 79881640-4786-45f7-aed0-9e856ede138a@group-3BD9672A893D-SegmentedRaftLogWorker: Starting segment from index:0
2022-08-20 07:51:48,778 [79881640-4786-45f7-aed0-9e856ede138a@group-3BD9672A893D-LeaderElection4] INFO  server.RaftServer$Division (ServerState.java:setRaftConf(393)) - 79881640-4786-45f7-aed0-9e856ede138a@group-3BD9672A893D: set configuration 0: [79881640-4786-45f7-aed0-9e856ede138a|rpc:10.1.0.10:45433|dataStream:|priority:1], old=null
2022-08-20 07:51:48,778 [79881640-4786-45f7-aed0-9e856ede138a@group-3BD9672A893D-SegmentedRaftLogWorker] INFO  segmented.SegmentedRaftLogWorker (SegmentedRaftLogWorker.java:execute(629)) - 79881640-4786-45f7-aed0-9e856ede138a@group-3BD9672A893D-SegmentedRaftLogWorker: created new log segment /home/runner/work/ozone/ozone/hadoop-ozone/integration-test/target/test-dir/MiniOzoneClusterImpl-7272e4b8-7574-4f4a-a19b-420921f06a31/datanode-1/data/ratis/fed9c48f-bae0-4100-ad24-3bd9672a893d/current/log_inprogress_0
2022-08-20 07:51:49,017 [cfb127e1-4a9c-4c86-92d2-3c8cc92f4642@group-9FD53E98E799-FollowerState] INFO  impl.FollowerState (FollowerState.java:run(143)) - cfb127e1-4a9c-4c86-92d2-3c8cc92f4642@group-9FD53E98E799-FollowerState: change to CANDIDATE, lastRpcElapsedTime:5020982906ns, electionTimeout:5020ms
2022-08-20 07:51:49,017 [cfb127e1-4a9c-4c86-92d2-3c8cc92f4642@group-9FD53E98E799-FollowerState] INFO  impl.RoleInfo (RoleInfo.java:shutdownFollowerState(110)) - cfb127e1-4a9c-4c86-92d2-3c8cc92f4642: shutdown cfb127e1-4a9c-4c86-92d2-3c8cc92f4642@group-9FD53E98E799-FollowerState
2022-08-20 07:51:49,017 [cfb127e1-4a9c-4c86-92d2-3c8cc92f4642@group-9FD53E98E799-FollowerState] INFO  server.RaftServer$Division (RaftServerImpl.java:setRole(299)) - cfb127e1-4a9c-4c86-92d2-3c8cc92f4642@group-9FD53E98E799: changes role from  FOLLOWER to CANDIDATE at term 0 for changeToCandidate
2022-08-20 07:51:49,017 [cfb127e1-4a9c-4c86-92d2-3c8cc92f4642@group-9FD53E98E799-FollowerState] INFO  server.RaftServerConfigKeys (ConfUtils.java:logGet(46)) - raft.server.leaderelection.pre-vote = false (custom)
2022-08-20 07:51:49,017 [cfb127e1-4a9c-4c86-92d2-3c8cc92f4642@group-9FD53E98E799-FollowerState] INFO  impl.RoleInfo (RoleInfo.java:updateAndGet(139)) - cfb127e1-4a9c-4c86-92d2-3c8cc92f4642: start cfb127e1-4a9c-4c86-92d2-3c8cc92f4642@group-9FD53E98E799-LeaderElection5
2022-08-20 07:51:49,021 [cfb127e1-4a9c-4c86-92d2-3c8cc92f4642@group-9FD53E98E799-LeaderElection5] INFO  impl.LeaderElection (LeaderElection.java:askForVotes(310)) - cfb127e1-4a9c-4c86-92d2-3c8cc92f4642@group-9FD53E98E799-LeaderElection5 ELECTION round 0: submit vote requests at term 1 for -1: [cfb127e1-4a9c-4c86-92d2-3c8cc92f4642|rpc:10.1.0.10:40853|dataStream:|priority:1, 79881640-4786-45f7-aed0-9e856ede138a|rpc:10.1.0.10:45433|dataStream:|priority:0, be90e73c-a484-4b65-88cf-121e201739e2|rpc:10.1.0.10:33179|dataStream:|priority:0], old=null
2022-08-20 07:51:49,035 [grpc-default-executor-1] INFO  server.RaftServer$Division (RaftServerImpl.java:requestVote(1152)) - 79881640-4786-45f7-aed0-9e856ede138a@group-9FD53E98E799: receive requestVote(ELECTION, cfb127e1-4a9c-4c86-92d2-3c8cc92f4642, group-9FD53E98E799, 1, (t:0, i:0))
2022-08-20 07:51:49,036 [grpc-default-executor-1] INFO  impl.VoteContext (VoteContext.java:log(48)) - 79881640-4786-45f7-aed0-9e856ede138a@group-9FD53E98E799-FOLLOWER: accept ELECTION from cfb127e1-4a9c-4c86-92d2-3c8cc92f4642: our priority 0 <= candidate's priority 1
2022-08-20 07:51:49,036 [grpc-default-executor-1] INFO  server.RaftServer$Division (RaftServerImpl.java:setRole(299)) - 79881640-4786-45f7-aed0-9e856ede138a@group-9FD53E98E799: changes role from  FOLLOWER to FOLLOWER at term 1 for candidate:cfb127e1-4a9c-4c86-92d2-3c8cc92f4642
2022-08-20 07:51:49,036 [grpc-default-executor-1] INFO  impl.RoleInfo (RoleInfo.java:shutdownFollowerState(110)) - 79881640-4786-45f7-aed0-9e856ede138a: shutdown 79881640-4786-45f7-aed0-9e856ede138a@group-9FD53E98E799-FollowerState
2022-08-20 07:51:49,036 [grpc-default-executor-1] INFO  impl.RoleInfo (RoleInfo.java:updateAndGet(139)) - 79881640-4786-45f7-aed0-9e856ede138a: start 79881640-4786-45f7-aed0-9e856ede138a@group-9FD53E98E799-FollowerState
2022-08-20 07:51:49,036 [79881640-4786-45f7-aed0-9e856ede138a@group-9FD53E98E799-FollowerState] INFO  impl.FollowerState (FollowerState.java:run(152)) - 79881640-4786-45f7-aed0-9e856ede138a@group-9FD53E98E799-FollowerState was interrupted
2022-08-20 07:51:49,046 [grpc-default-executor-1] INFO  server.RaftServer$Division (RaftServerImpl.java:requestVote(1184)) - 79881640-4786-45f7-aed0-9e856ede138a@group-9FD53E98E799 replies to ELECTION vote request: cfb127e1-4a9c-4c86-92d2-3c8cc92f4642<-79881640-4786-45f7-aed0-9e856ede138a#0:OK-t1. Peer's state: 79881640-4786-45f7-aed0-9e856ede138a@group-9FD53E98E799:t1, leader=null, voted=cfb127e1-4a9c-4c86-92d2-3c8cc92f4642, raftlog=79881640-4786-45f7-aed0-9e856ede138a@group-9FD53E98E799-SegmentedRaftLog:OPENED:c-1, conf=-1: [cfb127e1-4a9c-4c86-92d2-3c8cc92f4642|rpc:10.1.0.10:40853|priority:1, 79881640-4786-45f7-aed0-9e856ede138a|rpc:10.1.0.10:45433|priority:0, be90e73c-a484-4b65-88cf-121e201739e2|rpc:10.1.0.10:33179|priority:0], old=null
2022-08-20 07:51:49,051 [cfb127e1-4a9c-4c86-92d2-3c8cc92f4642@group-9FD53E98E799-LeaderElection5] INFO  impl.LeaderElection (LeaderElection.java:logAndReturn(90)) - cfb127e1-4a9c-4c86-92d2-3c8cc92f4642@group-9FD53E98E799-LeaderElection5: ELECTION PASSED received 1 response(s) and 0 exception(s):
2022-08-20 07:51:49,051 [cfb127e1-4a9c-4c86-92d2-3c8cc92f4642@group-9FD53E98E799-LeaderElection5] INFO  impl.LeaderElection (LeaderElection.java:logAndReturn(94)) -   Response 0: cfb127e1-4a9c-4c86-92d2-3c8cc92f4642<-79881640-4786-45f7-aed0-9e856ede138a#0:OK-t1
2022-08-20 07:51:49,051 [cfb127e1-4a9c-4c86-92d2-3c8cc92f4642@group-9FD53E98E799-LeaderElection5] INFO  impl.LeaderElection (LeaderElection.java:askForVotes(312)) - cfb127e1-4a9c-4c86-92d2-3c8cc92f4642@group-9FD53E98E799-LeaderElection5 ELECTION round 0: result PASSED
2022-08-20 07:51:49,051 [cfb127e1-4a9c-4c86-92d2-3c8cc92f4642@group-9FD53E98E799-LeaderElection5] INFO  impl.RoleInfo (RoleInfo.java:shutdownLeaderElection(130)) - cfb127e1-4a9c-4c86-92d2-3c8cc92f4642: shutdown cfb127e1-4a9c-4c86-92d2-3c8cc92f4642@group-9FD53E98E799-LeaderElection5
2022-08-20 07:51:49,051 [cfb127e1-4a9c-4c86-92d2-3c8cc92f4642@group-9FD53E98E799-LeaderElection5] INFO  server.RaftServer$Division (RaftServerImpl.java:setRole(299)) - cfb127e1-4a9c-4c86-92d2-3c8cc92f4642@group-9FD53E98E799: changes role from CANDIDATE to LEADER at term 1 for changeToLeader
2022-08-20 07:51:49,051 [cfb127e1-4a9c-4c86-92d2-3c8cc92f4642@group-9FD53E98E799-LeaderElection5] INFO  ratis.XceiverServerRatis (XceiverServerRatis.java:handleLeaderChangedNotification(863)) - Leader change notification received for group: group-9FD53E98E799 with new leaderId: cfb127e1-4a9c-4c86-92d2-3c8cc92f4642
2022-08-20 07:51:49,051 [cfb127e1-4a9c-4c86-92d2-3c8cc92f4642@group-9FD53E98E799-LeaderElection5] INFO  server.RaftServer$Division (ServerState.java:setLeader(287)) - cfb127e1-4a9c-4c86-92d2-3c8cc92f4642@group-9FD53E98E799: change Leader from null to cfb127e1-4a9c-4c86-92d2-3c8cc92f4642 at term 1 for becomeLeader, leader elected after 5063ms
2022-08-20 07:51:49,051 [cfb127e1-4a9c-4c86-92d2-3c8cc92f4642@group-9FD53E98E799-LeaderElection5] INFO  server.RaftServerConfigKeys (ConfUtils.java:logGet(46)) - raft.server.staging.catchup.gap = 1000 (default)
2022-08-20 07:51:49,051 [cfb127e1-4a9c-4c86-92d2-3c8cc92f4642@group-9FD53E98E799-LeaderElection5] INFO  server.RaftServerConfigKeys (ConfUtils.java:logGet(46)) - raft.server.write.element-limit = 1024 (custom)
2022-08-20 07:51:49,051 [cfb127e1-4a9c-4c86-92d2-3c8cc92f4642@group-9FD53E98E799-LeaderElection5] INFO  server.RaftServerConfigKeys (ConfUtils.java:logGet(46)) - raft.server.write.byte-limit = 1024 M (=1073741824) (custom)
2022-08-20 07:51:49,052 [cfb127e1-4a9c-4c86-92d2-3c8cc92f4642@group-9FD53E98E799-LeaderElection5] INFO  server.RaftServerConfigKeys (ConfUtils.java:logGet(46)) - raft.server.watch.timeout = 180s (custom)
2022-08-20 07:51:49,052 [cfb127e1-4a9c-4c86-92d2-3c8cc92f4642@group-9FD53E98E799-LeaderElection5] INFO  server.RaftServerConfigKeys (ConfUtils.java:logGet(46)) - raft.server.watch.timeout.denomination = 1s (default)
2022-08-20 07:51:49,052 [cfb127e1-4a9c-4c86-92d2-3c8cc92f4642@group-9FD53E98E799-LeaderElection5] INFO  server.RaftServerConfigKeys (ConfUtils.java:logGet(46)) - raft.server.watch.element-limit = 65536 (default)
2022-08-20 07:51:49,052 [cfb127e1-4a9c-4c86-92d2-3c8cc92f4642@group-9FD53E98E799-LeaderElection5] INFO  server.RaftServerConfigKeys (ConfUtils.java:logGet(46)) - raft.server.write.element-limit = 1024 (custom)
2022-08-20 07:51:49,052 [cfb127e1-4a9c-4c86-92d2-3c8cc92f4642@group-9FD53E98E799-LeaderElection5] INFO  server.RaftServerConfigKeys (ConfUtils.java:logGet(46)) - raft.server.write.follower.gap.ratio.max = -1.0 (default)
2022-08-20 07:51:49,055 [grpc-default-executor-1] INFO  server.RaftServer$Division (RaftServerImpl.java:requestVote(1152)) - be90e73c-a484-4b65-88cf-121e201739e2@group-9FD53E98E799: receive requestVote(ELECTION, cfb127e1-4a9c-4c86-92d2-3c8cc92f4642, group-9FD53E98E799, 1, (t:0, i:0))
2022-08-20 07:51:49,055 [grpc-default-executor-1] INFO  impl.VoteContext (VoteContext.java:log(48)) - be90e73c-a484-4b65-88cf-121e201739e2@group-9FD53E98E799-FOLLOWER: accept ELECTION from cfb127e1-4a9c-4c86-92d2-3c8cc92f4642: our priority 0 <= candidate's priority 1
2022-08-20 07:51:49,055 [grpc-default-executor-1] INFO  server.RaftServer$Division (RaftServerImpl.java:setRole(299)) - be90e73c-a484-4b65-88cf-121e201739e2@group-9FD53E98E799: changes role from  FOLLOWER to FOLLOWER at term 1 for candidate:cfb127e1-4a9c-4c86-92d2-3c8cc92f4642
2022-08-20 07:51:49,055 [grpc-default-executor-1] INFO  impl.RoleInfo (RoleInfo.java:shutdownFollowerState(110)) - be90e73c-a484-4b65-88cf-121e201739e2: shutdown be90e73c-a484-4b65-88cf-121e201739e2@group-9FD53E98E799-FollowerState
2022-08-20 07:51:49,055 [grpc-default-executor-1] INFO  impl.RoleInfo (RoleInfo.java:updateAndGet(139)) - be90e73c-a484-4b65-88cf-121e201739e2: start be90e73c-a484-4b65-88cf-121e201739e2@group-9FD53E98E799-FollowerState
2022-08-20 07:51:49,055 [be90e73c-a484-4b65-88cf-121e201739e2@group-9FD53E98E799-FollowerState] INFO  impl.FollowerState (FollowerState.java:run(152)) - be90e73c-a484-4b65-88cf-121e201739e2@group-9FD53E98E799-FollowerState was interrupted
2022-08-20 07:51:49,063 [EventQueue-PipelineReportForPipelineReportHandler] INFO  pipeline.PipelineManagerImpl (PipelineManagerImpl.java:openPipeline(367)) - Pipeline Pipeline[ Id: eee67a3c-b98a-4bb7-aef2-9fd53e98e799, Nodes: cfb127e1-4a9c-4c86-92d2-3c8cc92f4642{ip: 10.1.0.10, host: fv-az58-577.v01ewlpc0lrezph5nvg1m2rhcd.cx.internal.cloudapp.net, ports: [REPLICATION=40955, RATIS=40853, RATIS_ADMIN=40853, RATIS_SERVER=40853, STANDALONE=45575], networkLocation: /default-rack, certSerialId: null, persistedOpState: IN_SERVICE, persistedOpStateExpiryEpochSec: 0}79881640-4786-45f7-aed0-9e856ede138a{ip: 10.1.0.10, host: fv-az58-577.v01ewlpc0lrezph5nvg1m2rhcd.cx.internal.cloudapp.net, ports: [REPLICATION=34717, RATIS=45433, RATIS_ADMIN=45433, RATIS_SERVER=45433, STANDALONE=42695], networkLocation: /default-rack, certSerialId: null, persistedOpState: IN_SERVICE, persistedOpStateExpiryEpochSec: 0}be90e73c-a484-4b65-88cf-121e201739e2{ip: 10.1.0.10, host: fv-az58-577.v01ewlpc0lrezph5nvg1m2rhcd.cx.internal.cloudapp.net, ports: [REPLICATION=45537, RATIS=33179, RATIS_ADMIN=33179, RATIS_SERVER=33179, STANDALONE=41129], networkLocation: /default-rack, certSerialId: null, persistedOpState: IN_SERVICE, persistedOpStateExpiryEpochSec: 0}, ReplicationConfig: RATIS/THREE, State:ALLOCATED, leaderId:cfb127e1-4a9c-4c86-92d2-3c8cc92f4642, CreationTimestamp2022-08-20T07:51:41.010Z[Etc/UTC]] moved to OPEN state
2022-08-20 07:51:49,063 [EventQueue-OpenPipelineForHealthyPipelineSafeModeRule] INFO  safemode.SCMSafeModeManager (HealthyPipelineSafeModeRule.java:process(137)) - SCM in safe mode. Healthy pipelines reported count is 1, required healthy pipeline reported count is 1
2022-08-20 07:51:49,063 [EventQueue-OpenPipelineForHealthyPipelineSafeModeRule] INFO  safemode.SCMSafeModeManager (SCMSafeModeManager.java:validateSafeModeExitRules(204)) - HealthyPipelineSafeModeRule rule is successfully validated
2022-08-20 07:51:49,064 [EventQueue-OpenPipelineForHealthyPipelineSafeModeRule] INFO  safemode.SCMSafeModeManager (SCMSafeModeManager.java:validateSafeModeExitRules(219)) - ScmSafeModeManager, all rules are successfully validated
2022-08-20 07:51:49,064 [EventQueue-OpenPipelineForHealthyPipelineSafeModeRule] INFO  safemode.SCMSafeModeManager (SCMSafeModeManager.java:exitSafeMode(248)) - SCM exiting safe mode.
2022-08-20 07:51:49,064 [EventQueue-OpenPipelineForHealthyPipelineSafeModeRule] WARN  events.EventQueue (EventQueue.java:fireEvent(216)) - No event handler registered for event TypedEvent{payloadType=SafeModeStatus, name='Safe mode status'}
2022-08-20 07:51:49,064 [EventQueue-OpenPipelineForHealthyPipelineSafeModeRule] INFO  ha.SCMContext (SCMContext.java:updateSafeModeStatus(228)) - Update SafeModeStatus from SafeModeStatus{safeModeStatus=true, preCheckPassed=true} to SafeModeStatus{safeModeStatus=false, preCheckPassed=true}.
2022-08-20 07:51:49,064 [EventQueue-OpenPipelineForHealthyPipelineSafeModeRule] INFO  pipeline.BackgroundPipelineCreator (BackgroundPipelineCreator.java:notifyStatusChanged(254)) - Service BackgroundPipelineCreator transitions to RUNNING.
2022-08-20 07:51:49,064 [EventQueue-OpenPipelineForHealthyPipelineSafeModeRule] INFO  BackgroundPipelineScrubber (BackgroundSCMService.java:notifyStatusChanged(82)) - Service BackgroundPipelineScrubber transitions to RUNNING.
2022-08-20 07:51:49,064 [EventQueue-OpenPipelineForHealthyPipelineSafeModeRule] INFO  ExpiredContainerReplicaOpScrubber (BackgroundSCMService.java:notifyStatusChanged(82)) - Service ExpiredContainerReplicaOpScrubber transitions to RUNNING.
2022-08-20 07:51:49,064 [EventQueue-OpenPipelineForHealthyPipelineSafeModeRule] INFO  UnderReplicatedQueueThread (BackgroundSCMService.java:notifyStatusChanged(82)) - Service UnderReplicatedQueueThread transitions to RUNNING.
2022-08-20 07:51:49,064 [EventQueue-OpenPipelineForHealthyPipelineSafeModeRule] INFO  OverReplicatedQueueThread (BackgroundSCMService.java:notifyStatusChanged(82)) - Service OverReplicatedQueueThread transitions to RUNNING.
2022-08-20 07:51:49,064 [EventQueue-OpenPipelineForHealthyPipelineSafeModeRule] INFO  replication.ReplicationManager (ReplicationManager.java:notifyStatusChanged(719)) - Service ReplicationManager transitions to RUNNING.
2022-08-20 07:51:49,064 [EventQueue-OpenPipelineForHealthyPipelineSafeModeRule] WARN  balancer.ContainerBalancer (ContainerBalancer.java:shouldRun(904)) - Could not find persisted configuration for ContainerBalancer when checking if ContainerBalancer should run. ContainerBalancer should not run now.
2022-08-20 07:51:49,065 [grpc-default-executor-1] INFO  server.RaftServer$Division (RaftServerImpl.java:requestVote(1184)) - be90e73c-a484-4b65-88cf-121e201739e2@group-9FD53E98E799 replies to ELECTION vote request: cfb127e1-4a9c-4c86-92d2-3c8cc92f4642<-be90e73c-a484-4b65-88cf-121e201739e2#0:OK-t1. Peer's state: be90e73c-a484-4b65-88cf-121e201739e2@group-9FD53E98E799:t1, leader=null, voted=cfb127e1-4a9c-4c86-92d2-3c8cc92f4642, raftlog=be90e73c-a484-4b65-88cf-121e201739e2@group-9FD53E98E799-SegmentedRaftLog:OPENED:c-1, conf=-1: [cfb127e1-4a9c-4c86-92d2-3c8cc92f4642|rpc:10.1.0.10:40853|priority:1, 79881640-4786-45f7-aed0-9e856ede138a|rpc:10.1.0.10:45433|priority:0, be90e73c-a484-4b65-88cf-121e201739e2|rpc:10.1.0.10:33179|priority:0], old=null
2022-08-20 07:51:49,068 [cfb127e1-4a9c-4c86-92d2-3c8cc92f4642@group-9FD53E98E799-LeaderElection5] INFO  server.RaftServerConfigKeys (ConfUtils.java:logGet(46)) - raft.server.log.appender.snapshot.chunk.size.max = 16MB (=16777216) (default)
2022-08-20 07:51:49,068 [cfb127e1-4a9c-4c86-92d2-3c8cc92f4642@group-9FD53E98E799-LeaderElection5] INFO  server.RaftServerConfigKeys (ConfUtils.java:logGet(46)) - raft.server.log.appender.buffer.byte-limit = 33554432 (custom)
2022-08-20 07:51:49,069 [cfb127e1-4a9c-4c86-92d2-3c8cc92f4642@group-9FD53E98E799-LeaderElection5] INFO  server.RaftServerConfigKeys (ConfUtils.java:logGet(46)) - raft.server.log.appender.buffer.element-limit = 1 (custom)
2022-08-20 07:51:49,073 [cfb127e1-4a9c-4c86-92d2-3c8cc92f4642@group-9FD53E98E799-LeaderElection5] INFO  grpc.GrpcConfigKeys (ConfUtils.java:logGet(46)) - raft.grpc.server.leader.outstanding.appends.max = 128 (default)
2022-08-20 07:51:49,073 [cfb127e1-4a9c-4c86-92d2-3c8cc92f4642@group-9FD53E98E799-LeaderElection5] INFO  server.RaftServerConfigKeys (ConfUtils.java:logGet(46)) - raft.server.rpc.request.timeout = 60s (custom)
2022-08-20 07:51:49,073 [cfb127e1-4a9c-4c86-92d2-3c8cc92f4642@group-9FD53E98E799-LeaderElection5] INFO  server.RaftServerConfigKeys (ConfUtils.java:logGet(46)) - raft.server.log.appender.install.snapshot.enabled = false (custom)
2022-08-20 07:51:49,075 [cfb127e1-4a9c-4c86-92d2-3c8cc92f4642@group-9FD53E98E799-LeaderElection5] INFO  server.RaftServerConfigKeys (ConfUtils.java:logGet(46)) - raft.server.log.appender.snapshot.chunk.size.max = 16MB (=16777216) (default)
2022-08-20 07:51:49,075 [cfb127e1-4a9c-4c86-92d2-3c8cc92f4642@group-9FD53E98E799-LeaderElection5] INFO  server.RaftServerConfigKeys (ConfUtils.java:logGet(46)) - raft.server.log.appender.buffer.byte-limit = 33554432 (custom)
2022-08-20 07:51:49,075 [cfb127e1-4a9c-4c86-92d2-3c8cc92f4642@group-9FD53E98E799-LeaderElection5] INFO  server.RaftServerConfigKeys (ConfUtils.java:logGet(46)) - raft.server.log.appender.buffer.element-limit = 1 (custom)
2022-08-20 07:51:49,075 [cfb127e1-4a9c-4c86-92d2-3c8cc92f4642@group-9FD53E98E799-LeaderElection5] INFO  grpc.GrpcConfigKeys (ConfUtils.java:logGet(46)) - raft.grpc.server.leader.outstanding.appends.max = 128 (default)
2022-08-20 07:51:49,075 [cfb127e1-4a9c-4c86-92d2-3c8cc92f4642@group-9FD53E98E799-LeaderElection5] INFO  server.RaftServerConfigKeys (ConfUtils.java:logGet(46)) - raft.server.rpc.request.timeout = 60s (custom)
2022-08-20 07:51:49,075 [cfb127e1-4a9c-4c86-92d2-3c8cc92f4642@group-9FD53E98E799-LeaderElection5] INFO  server.RaftServerConfigKeys (ConfUtils.java:logGet(46)) - raft.server.log.appender.install.snapshot.enabled = false (custom)
2022-08-20 07:51:49,076 [cfb127e1-4a9c-4c86-92d2-3c8cc92f4642@group-9FD53E98E799-LeaderElection5] INFO  impl.RoleInfo (RoleInfo.java:updateAndGet(139)) - cfb127e1-4a9c-4c86-92d2-3c8cc92f4642: start cfb127e1-4a9c-4c86-92d2-3c8cc92f4642@group-9FD53E98E799-LeaderStateImpl
2022-08-20 07:51:49,077 [cfb127e1-4a9c-4c86-92d2-3c8cc92f4642@group-9FD53E98E799-LeaderElection5] INFO  segmented.SegmentedRaftLogWorker (SegmentedRaftLogWorker.java:startLogSegment(425)) - cfb127e1-4a9c-4c86-92d2-3c8cc92f4642@group-9FD53E98E799-SegmentedRaftLogWorker: Starting segment from index:0
2022-08-20 07:51:49,078 [cfb127e1-4a9c-4c86-92d2-3c8cc92f4642@group-9FD53E98E799-SegmentedRaftLogWorker] INFO  segmented.SegmentedRaftLogWorker (SegmentedRaftLogWorker.java:execute(629)) - cfb127e1-4a9c-4c86-92d2-3c8cc92f4642@group-9FD53E98E799-SegmentedRaftLogWorker: created new log segment /home/runner/work/ozone/ozone/hadoop-ozone/integration-test/target/test-dir/MiniOzoneClusterImpl-7272e4b8-7574-4f4a-a19b-420921f06a31/datanode-2/data/ratis/eee67a3c-b98a-4bb7-aef2-9fd53e98e799/current/log_inprogress_0
2022-08-20 07:51:49,088 [cfb127e1-4a9c-4c86-92d2-3c8cc92f4642@group-9FD53E98E799-LeaderElection5] INFO  server.RaftServer$Division (ServerState.java:setRaftConf(393)) - cfb127e1-4a9c-4c86-92d2-3c8cc92f4642@group-9FD53E98E799: set configuration 0: [cfb127e1-4a9c-4c86-92d2-3c8cc92f4642|rpc:10.1.0.10:40853|dataStream:|priority:1, 79881640-4786-45f7-aed0-9e856ede138a|rpc:10.1.0.10:45433|dataStream:|priority:0, be90e73c-a484-4b65-88cf-121e201739e2|rpc:10.1.0.10:33179|dataStream:|priority:0], old=null
2022-08-20 07:51:49,113 [79881640-4786-45f7-aed0-9e856ede138a-server-thread1] INFO  ratis.XceiverServerRatis (XceiverServerRatis.java:handleLeaderChangedNotification(863)) - Leader change notification received for group: group-9FD53E98E799 with new leaderId: cfb127e1-4a9c-4c86-92d2-3c8cc92f4642
2022-08-20 07:51:49,113 [79881640-4786-45f7-aed0-9e856ede138a-server-thread1] INFO  server.RaftServer$Division (ServerState.java:setLeader(287)) - 79881640-4786-45f7-aed0-9e856ede138a@group-9FD53E98E799: change Leader from null to cfb127e1-4a9c-4c86-92d2-3c8cc92f4642 at term 1 for appendEntries, leader elected after 5162ms
2022-08-20 07:51:49,113 [be90e73c-a484-4b65-88cf-121e201739e2-server-thread1] INFO  ratis.XceiverServerRatis (XceiverServerRatis.java:handleLeaderChangedNotification(863)) - Leader change notification received for group: group-9FD53E98E799 with new leaderId: cfb127e1-4a9c-4c86-92d2-3c8cc92f4642
2022-08-20 07:51:49,114 [be90e73c-a484-4b65-88cf-121e201739e2-server-thread1] INFO  server.RaftServer$Division (ServerState.java:setLeader(287)) - be90e73c-a484-4b65-88cf-121e201739e2@group-9FD53E98E799: change Leader from null to cfb127e1-4a9c-4c86-92d2-3c8cc92f4642 at term 1 for appendEntries, leader elected after 5083ms
2022-08-20 07:51:49,126 [be90e73c-a484-4b65-88cf-121e201739e2-server-thread2] INFO  server.RaftServer$Division (ServerState.java:setRaftConf(393)) - be90e73c-a484-4b65-88cf-121e201739e2@group-9FD53E98E799: set configuration 0: [cfb127e1-4a9c-4c86-92d2-3c8cc92f4642|rpc:10.1.0.10:40853|dataStream:|priority:1, 79881640-4786-45f7-aed0-9e856ede138a|rpc:10.1.0.10:45433|dataStream:|priority:0, be90e73c-a484-4b65-88cf-121e201739e2|rpc:10.1.0.10:33179|dataStream:|priority:0], old=null
2022-08-20 07:51:49,126 [be90e73c-a484-4b65-88cf-121e201739e2-server-thread2] INFO  segmented.SegmentedRaftLogWorker (SegmentedRaftLogWorker.java:startLogSegment(425)) - be90e73c-a484-4b65-88cf-121e201739e2@group-9FD53E98E799-SegmentedRaftLogWorker: Starting segment from index:0
2022-08-20 07:51:49,127 [79881640-4786-45f7-aed0-9e856ede138a-server-thread2] INFO  server.RaftServer$Division (ServerState.java:setRaftConf(393)) - 79881640-4786-45f7-aed0-9e856ede138a@group-9FD53E98E799: set configuration 0: [cfb127e1-4a9c-4c86-92d2-3c8cc92f4642|rpc:10.1.0.10:40853|dataStream:|priority:1, 79881640-4786-45f7-aed0-9e856ede138a|rpc:10.1.0.10:45433|dataStream:|priority:0, be90e73c-a484-4b65-88cf-121e201739e2|rpc:10.1.0.10:33179|dataStream:|priority:0], old=null
2022-08-20 07:51:49,128 [be90e73c-a484-4b65-88cf-121e201739e2@group-9FD53E98E799-SegmentedRaftLogWorker] INFO  segmented.SegmentedRaftLogWorker (SegmentedRaftLogWorker.java:execute(629)) - be90e73c-a484-4b65-88cf-121e201739e2@group-9FD53E98E799-SegmentedRaftLogWorker: created new log segment /home/runner/work/ozone/ozone/hadoop-ozone/integration-test/target/test-dir/MiniOzoneClusterImpl-7272e4b8-7574-4f4a-a19b-420921f06a31/datanode-0/data/ratis/eee67a3c-b98a-4bb7-aef2-9fd53e98e799/current/log_inprogress_0
2022-08-20 07:51:49,128 [79881640-4786-45f7-aed0-9e856ede138a-server-thread2] INFO  segmented.SegmentedRaftLogWorker (SegmentedRaftLogWorker.java:startLogSegment(425)) - 79881640-4786-45f7-aed0-9e856ede138a@group-9FD53E98E799-SegmentedRaftLogWorker: Starting segment from index:0
2022-08-20 07:51:49,129 [79881640-4786-45f7-aed0-9e856ede138a@group-9FD53E98E799-SegmentedRaftLogWorker] INFO  segmented.SegmentedRaftLogWorker (SegmentedRaftLogWorker.java:execute(629)) - 79881640-4786-45f7-aed0-9e856ede138a@group-9FD53E98E799-SegmentedRaftLogWorker: created new log segment /home/runner/work/ozone/ozone/hadoop-ozone/integration-test/target/test-dir/MiniOzoneClusterImpl-7272e4b8-7574-4f4a-a19b-420921f06a31/datanode-1/data/ratis/eee67a3c-b98a-4bb7-aef2-9fd53e98e799/current/log_inprogress_0
2022-08-20 07:51:49,203 [cfb127e1-4a9c-4c86-92d2-3c8cc92f4642@group-ADEF81B636A4-FollowerState] INFO  impl.FollowerState (FollowerState.java:run(143)) - cfb127e1-4a9c-4c86-92d2-3c8cc92f4642@group-ADEF81B636A4-FollowerState: change to CANDIDATE, lastRpcElapsedTime:5144281749ns, electionTimeout:5130ms
2022-08-20 07:51:49,203 [cfb127e1-4a9c-4c86-92d2-3c8cc92f4642@group-ADEF81B636A4-FollowerState] INFO  impl.RoleInfo (RoleInfo.java:shutdownFollowerState(110)) - cfb127e1-4a9c-4c86-92d2-3c8cc92f4642: shutdown cfb127e1-4a9c-4c86-92d2-3c8cc92f4642@group-ADEF81B636A4-FollowerState
2022-08-20 07:51:49,203 [cfb127e1-4a9c-4c86-92d2-3c8cc92f4642@group-ADEF81B636A4-FollowerState] INFO  server.RaftServer$Division (RaftServerImpl.java:setRole(299)) - cfb127e1-4a9c-4c86-92d2-3c8cc92f4642@group-ADEF81B636A4: changes role from  FOLLOWER to CANDIDATE at term 0 for changeToCandidate
2022-08-20 07:51:49,203 [cfb127e1-4a9c-4c86-92d2-3c8cc92f4642@group-ADEF81B636A4-FollowerState] INFO  server.RaftServerConfigKeys (ConfUtils.java:logGet(46)) - raft.server.leaderelection.pre-vote = false (custom)
2022-08-20 07:51:49,203 [cfb127e1-4a9c-4c86-92d2-3c8cc92f4642@group-ADEF81B636A4-FollowerState] INFO  impl.RoleInfo (RoleInfo.java:updateAndGet(139)) - cfb127e1-4a9c-4c86-92d2-3c8cc92f4642: start cfb127e1-4a9c-4c86-92d2-3c8cc92f4642@group-ADEF81B636A4-LeaderElection6
2022-08-20 07:51:49,207 [cfb127e1-4a9c-4c86-92d2-3c8cc92f4642@group-ADEF81B636A4-LeaderElection6] INFO  impl.LeaderElection (LeaderElection.java:askForVotes(310)) - cfb127e1-4a9c-4c86-92d2-3c8cc92f4642@group-ADEF81B636A4-LeaderElection6 ELECTION round 0: submit vote requests at term 1 for -1: [cfb127e1-4a9c-4c86-92d2-3c8cc92f4642|rpc:10.1.0.10:40853|priority:1], old=null
2022-08-20 07:51:49,207 [cfb127e1-4a9c-4c86-92d2-3c8cc92f4642@group-ADEF81B636A4-LeaderElection6] INFO  impl.LeaderElection (LeaderElection.java:askForVotes(312)) - cfb127e1-4a9c-4c86-92d2-3c8cc92f4642@group-ADEF81B636A4-LeaderElection6 ELECTION round 0: result PASSED (term=1)
2022-08-20 07:51:49,208 [cfb127e1-4a9c-4c86-92d2-3c8cc92f4642@group-ADEF81B636A4-LeaderElection6] INFO  impl.RoleInfo (RoleInfo.java:shutdownLeaderElection(130)) - cfb127e1-4a9c-4c86-92d2-3c8cc92f4642: shutdown cfb127e1-4a9c-4c86-92d2-3c8cc92f4642@group-ADEF81B636A4-LeaderElection6
2022-08-20 07:51:49,208 [cfb127e1-4a9c-4c86-92d2-3c8cc92f4642@group-ADEF81B636A4-LeaderElection6] INFO  server.RaftServer$Division (RaftServerImpl.java:setRole(299)) - cfb127e1-4a9c-4c86-92d2-3c8cc92f4642@group-ADEF81B636A4: changes role from CANDIDATE to LEADER at term 1 for changeToLeader
2022-08-20 07:51:49,208 [cfb127e1-4a9c-4c86-92d2-3c8cc92f4642@group-ADEF81B636A4-LeaderElection6] INFO  ratis.XceiverServerRatis (XceiverServerRatis.java:handleLeaderChangedNotification(863)) - Leader change notification received for group: group-ADEF81B636A4 with new leaderId: cfb127e1-4a9c-4c86-92d2-3c8cc92f4642
2022-08-20 07:51:49,208 [cfb127e1-4a9c-4c86-92d2-3c8cc92f4642@group-ADEF81B636A4-LeaderElection6] INFO  server.RaftServer$Division (ServerState.java:setLeader(287)) - cfb127e1-4a9c-4c86-92d2-3c8cc92f4642@group-ADEF81B636A4: change Leader from null to cfb127e1-4a9c-4c86-92d2-3c8cc92f4642 at term 1 for becomeLeader, leader elected after 5194ms
2022-08-20 07:51:49,208 [cfb127e1-4a9c-4c86-92d2-3c8cc92f4642@group-ADEF81B636A4-LeaderElection6] INFO  server.RaftServerConfigKeys (ConfUtils.java:logGet(46)) - raft.server.staging.catchup.gap = 1000 (default)
2022-08-20 07:51:49,210 [cfb127e1-4a9c-4c86-92d2-3c8cc92f4642@group-ADEF81B636A4-LeaderElection6] INFO  server.RaftServerConfigKeys (ConfUtils.java:logGet(46)) - raft.server.write.element-limit = 1024 (custom)
2022-08-20 07:51:49,210 [cfb127e1-4a9c-4c86-92d2-3c8cc92f4642@group-ADEF81B636A4-LeaderElection6] INFO  server.RaftServerConfigKeys (ConfUtils.java:logGet(46)) - raft.server.write.byte-limit = 1024 M (=1073741824) (custom)
2022-08-20 07:51:49,210 [cfb127e1-4a9c-4c86-92d2-3c8cc92f4642@group-ADEF81B636A4-LeaderElection6] INFO  server.RaftServerConfigKeys (ConfUtils.java:logGet(46)) - raft.server.watch.timeout = 180s (custom)
2022-08-20 07:51:49,211 [cfb127e1-4a9c-4c86-92d2-3c8cc92f4642@group-ADEF81B636A4-LeaderElection6] INFO  server.RaftServerConfigKeys (ConfUtils.java:logGet(46)) - raft.server.watch.timeout.denomination = 1s (default)
2022-08-20 07:51:49,211 [cfb127e1-4a9c-4c86-92d2-3c8cc92f4642@group-ADEF81B636A4-LeaderElection6] INFO  server.RaftServerConfigKeys (ConfUtils.java:logGet(46)) - raft.server.watch.element-limit = 65536 (default)
2022-08-20 07:51:49,211 [cfb127e1-4a9c-4c86-92d2-3c8cc92f4642@group-ADEF81B636A4-LeaderElection6] INFO  server.RaftServerConfigKeys (ConfUtils.java:logGet(46)) - raft.server.write.element-limit = 1024 (custom)
2022-08-20 07:51:49,211 [cfb127e1-4a9c-4c86-92d2-3c8cc92f4642@group-ADEF81B636A4-LeaderElection6] INFO  server.RaftServerConfigKeys (ConfUtils.java:logGet(46)) - raft.server.write.follower.gap.ratio.max = -1.0 (default)
2022-08-20 07:51:49,212 [cfb127e1-4a9c-4c86-92d2-3c8cc92f4642@group-ADEF81B636A4-LeaderElection6] INFO  impl.RoleInfo (RoleInfo.java:updateAndGet(139)) - cfb127e1-4a9c-4c86-92d2-3c8cc92f4642: start cfb127e1-4a9c-4c86-92d2-3c8cc92f4642@group-ADEF81B636A4-LeaderStateImpl
2022-08-20 07:51:49,213 [cfb127e1-4a9c-4c86-92d2-3c8cc92f4642@group-ADEF81B636A4-LeaderElection6] INFO  segmented.SegmentedRaftLogWorker (SegmentedRaftLogWorker.java:startLogSegment(425)) - cfb127e1-4a9c-4c86-92d2-3c8cc92f4642@group-ADEF81B636A4-SegmentedRaftLogWorker: Starting segment from index:0
2022-08-20 07:51:49,214 [cfb127e1-4a9c-4c86-92d2-3c8cc92f4642@group-ADEF81B636A4-SegmentedRaftLogWorker] INFO  segmented.SegmentedRaftLogWorker (SegmentedRaftLogWorker.java:execute(629)) - cfb127e1-4a9c-4c86-92d2-3c8cc92f4642@group-ADEF81B636A4-SegmentedRaftLogWorker: created new log segment /home/runner/work/ozone/ozone/hadoop-ozone/integration-test/target/test-dir/MiniOzoneClusterImpl-7272e4b8-7574-4f4a-a19b-420921f06a31/datanode-2/data/ratis/d5790732-9113-4be7-8824-adef81b636a4/current/log_inprogress_0
2022-08-20 07:51:49,223 [cfb127e1-4a9c-4c86-92d2-3c8cc92f4642@group-ADEF81B636A4-LeaderElection6] INFO  server.RaftServer$Division (ServerState.java:setRaftConf(393)) - cfb127e1-4a9c-4c86-92d2-3c8cc92f4642@group-ADEF81B636A4: set configuration 0: [cfb127e1-4a9c-4c86-92d2-3c8cc92f4642|rpc:10.1.0.10:40853|dataStream:|priority:1], old=null
2022-08-20 07:51:49,421 [3c3acde4-fad3-4bcf-ba50-483a479e7724@group-22CF1B72FA0A-FollowerState] INFO  impl.FollowerState (FollowerState.java:run(143)) - 3c3acde4-fad3-4bcf-ba50-483a479e7724@group-22CF1B72FA0A-FollowerState: change to CANDIDATE, lastRpcElapsedTime:5102158162ns, electionTimeout:5101ms
2022-08-20 07:51:49,422 [3c3acde4-fad3-4bcf-ba50-483a479e7724@group-22CF1B72FA0A-FollowerState] INFO  impl.RoleInfo (RoleInfo.java:shutdownFollowerState(110)) - 3c3acde4-fad3-4bcf-ba50-483a479e7724: shutdown 3c3acde4-fad3-4bcf-ba50-483a479e7724@group-22CF1B72FA0A-FollowerState
2022-08-20 07:51:49,422 [3c3acde4-fad3-4bcf-ba50-483a479e7724@group-22CF1B72FA0A-FollowerState] INFO  server.RaftServer$Division (RaftServerImpl.java:setRole(299)) - 3c3acde4-fad3-4bcf-ba50-483a479e7724@group-22CF1B72FA0A: changes role from  FOLLOWER to CANDIDATE at term 0 for changeToCandidate
2022-08-20 07:51:49,422 [3c3acde4-fad3-4bcf-ba50-483a479e7724@group-22CF1B72FA0A-FollowerState] INFO  server.RaftServerConfigKeys (ConfUtils.java:logGet(46)) - raft.server.leaderelection.pre-vote = false (custom)
2022-08-20 07:51:49,422 [3c3acde4-fad3-4bcf-ba50-483a479e7724@group-22CF1B72FA0A-FollowerState] INFO  impl.RoleInfo (RoleInfo.java:updateAndGet(139)) - 3c3acde4-fad3-4bcf-ba50-483a479e7724: start 3c3acde4-fad3-4bcf-ba50-483a479e7724@group-22CF1B72FA0A-LeaderElection7
2022-08-20 07:51:49,425 [3c3acde4-fad3-4bcf-ba50-483a479e7724@group-22CF1B72FA0A-LeaderElection7] INFO  impl.LeaderElection (LeaderElection.java:askForVotes(310)) - 3c3acde4-fad3-4bcf-ba50-483a479e7724@group-22CF1B72FA0A-LeaderElection7 ELECTION round 0: submit vote requests at term 1 for -1: [3c3acde4-fad3-4bcf-ba50-483a479e7724|rpc:10.1.0.10:40393|priority:1], old=null
2022-08-20 07:51:49,425 [3c3acde4-fad3-4bcf-ba50-483a479e7724@group-22CF1B72FA0A-LeaderElection7] INFO  impl.LeaderElection (LeaderElection.java:askForVotes(312)) - 3c3acde4-fad3-4bcf-ba50-483a479e7724@group-22CF1B72FA0A-LeaderElection7 ELECTION round 0: result PASSED (term=1)
2022-08-20 07:51:49,425 [3c3acde4-fad3-4bcf-ba50-483a479e7724@group-22CF1B72FA0A-LeaderElection7] INFO  impl.RoleInfo (RoleInfo.java:shutdownLeaderElection(130)) - 3c3acde4-fad3-4bcf-ba50-483a479e7724: shutdown 3c3acde4-fad3-4bcf-ba50-483a479e7724@group-22CF1B72FA0A-LeaderElection7
2022-08-20 07:51:49,425 [3c3acde4-fad3-4bcf-ba50-483a479e7724@group-22CF1B72FA0A-LeaderElection7] INFO  server.RaftServer$Division (RaftServerImpl.java:setRole(299)) - 3c3acde4-fad3-4bcf-ba50-483a479e7724@group-22CF1B72FA0A: changes role from CANDIDATE to LEADER at term 1 for changeToLeader
2022-08-20 07:51:49,425 [3c3acde4-fad3-4bcf-ba50-483a479e7724@group-22CF1B72FA0A-LeaderElection7] INFO  ratis.XceiverServerRatis (XceiverServerRatis.java:handleLeaderChangedNotification(863)) - Leader change notification received for group: group-22CF1B72FA0A with new leaderId: 3c3acde4-fad3-4bcf-ba50-483a479e7724
2022-08-20 07:51:49,426 [3c3acde4-fad3-4bcf-ba50-483a479e7724@group-22CF1B72FA0A-LeaderElection7] INFO  server.RaftServer$Division (ServerState.java:setLeader(287)) - 3c3acde4-fad3-4bcf-ba50-483a479e7724@group-22CF1B72FA0A: change Leader from null to 3c3acde4-fad3-4bcf-ba50-483a479e7724 at term 1 for becomeLeader, leader elected after 5116ms
2022-08-20 07:51:49,426 [3c3acde4-fad3-4bcf-ba50-483a479e7724@group-22CF1B72FA0A-LeaderElection7] INFO  server.RaftServerConfigKeys (ConfUtils.java:logGet(46)) - raft.server.staging.catchup.gap = 1000 (default)
2022-08-20 07:51:49,428 [3c3acde4-fad3-4bcf-ba50-483a479e7724@group-22CF1B72FA0A-LeaderElection7] INFO  server.RaftServerConfigKeys (ConfUtils.java:logGet(46)) - raft.server.write.element-limit = 1024 (custom)
2022-08-20 07:51:49,428 [3c3acde4-fad3-4bcf-ba50-483a479e7724@group-22CF1B72FA0A-LeaderElection7] INFO  server.RaftServerConfigKeys (ConfUtils.java:logGet(46)) - raft.server.write.byte-limit = 1024 M (=1073741824) (custom)
2022-08-20 07:51:49,428 [3c3acde4-fad3-4bcf-ba50-483a479e7724@group-22CF1B72FA0A-LeaderElection7] INFO  server.RaftServerConfigKeys (ConfUtils.java:logGet(46)) - raft.server.watch.timeout = 180s (custom)
2022-08-20 07:51:49,428 [3c3acde4-fad3-4bcf-ba50-483a479e7724@group-22CF1B72FA0A-LeaderElection7] INFO  server.RaftServerConfigKeys (ConfUtils.java:logGet(46)) - raft.server.watch.timeout.denomination = 1s (default)
2022-08-20 07:51:49,429 [3c3acde4-fad3-4bcf-ba50-483a479e7724@group-22CF1B72FA0A-LeaderElection7] INFO  server.RaftServerConfigKeys (ConfUtils.java:logGet(46)) - raft.server.watch.element-limit = 65536 (default)
2022-08-20 07:51:49,429 [3c3acde4-fad3-4bcf-ba50-483a479e7724@group-22CF1B72FA0A-LeaderElection7] INFO  server.RaftServerConfigKeys (ConfUtils.java:logGet(46)) - raft.server.write.element-limit = 1024 (custom)
2022-08-20 07:51:49,429 [3c3acde4-fad3-4bcf-ba50-483a479e7724@group-22CF1B72FA0A-LeaderElection7] INFO  server.RaftServerConfigKeys (ConfUtils.java:logGet(46)) - raft.server.write.follower.gap.ratio.max = -1.0 (default)
2022-08-20 07:51:49,429 [3c3acde4-fad3-4bcf-ba50-483a479e7724@group-22CF1B72FA0A-LeaderElection7] INFO  impl.RoleInfo (RoleInfo.java:updateAndGet(139)) - 3c3acde4-fad3-4bcf-ba50-483a479e7724: start 3c3acde4-fad3-4bcf-ba50-483a479e7724@group-22CF1B72FA0A-LeaderStateImpl
2022-08-20 07:51:49,429 [3c3acde4-fad3-4bcf-ba50-483a479e7724@group-22CF1B72FA0A-LeaderElection7] INFO  segmented.SegmentedRaftLogWorker (SegmentedRaftLogWorker.java:startLogSegment(425)) - 3c3acde4-fad3-4bcf-ba50-483a479e7724@group-22CF1B72FA0A-SegmentedRaftLogWorker: Starting segment from index:0
2022-08-20 07:51:49,431 [3c3acde4-fad3-4bcf-ba50-483a479e7724@group-22CF1B72FA0A-LeaderElection7] INFO  server.RaftServer$Division (ServerState.java:setRaftConf(393)) - 3c3acde4-fad3-4bcf-ba50-483a479e7724@group-22CF1B72FA0A: set configuration 0: [3c3acde4-fad3-4bcf-ba50-483a479e7724|rpc:10.1.0.10:40393|dataStream:|priority:1], old=null
2022-08-20 07:51:49,432 [3c3acde4-fad3-4bcf-ba50-483a479e7724@group-22CF1B72FA0A-SegmentedRaftLogWorker] INFO  segmented.SegmentedRaftLogWorker (SegmentedRaftLogWorker.java:execute(629)) - 3c3acde4-fad3-4bcf-ba50-483a479e7724@group-22CF1B72FA0A-SegmentedRaftLogWorker: created new log segment /home/runner/work/ozone/ozone/hadoop-ozone/integration-test/target/test-dir/MiniOzoneClusterImpl-7272e4b8-7574-4f4a-a19b-420921f06a31/datanode-3/data/ratis/097f77a4-c461-4dc7-b8be-22cf1b72fa0a/current/log_inprogress_0
2022-08-20 07:51:49,598 [Listener at 127.0.0.1/40219] INFO  ozone.MiniOzoneClusterImpl (MiniOzoneClusterImpl.java:lambda$waitForClusterToBeReady$0(216)) - Nodes are ready. Got 5 of 5 DN Heartbeats.
2022-08-20 07:51:49,598 [Listener at 127.0.0.1/40219] INFO  ozone.MiniOzoneClusterImpl (MiniOzoneClusterImpl.java:lambda$waitForClusterToBeReady$0(219)) - Cluster exits safe mode
2022-08-20 07:51:49,598 [Listener at 127.0.0.1/40219] INFO  ozone.MiniOzoneClusterImpl (MiniOzoneClusterImpl.java:lambda$waitForClusterToBeReady$0(221)) - SCM became leader
2022-08-20 07:51:49,639 [ebfdd0d5-7b8a-4a5c-95dc-06ae01bbfd5f@group-DC574A831A63-FollowerState] INFO  impl.FollowerState (FollowerState.java:run(143)) - ebfdd0d5-7b8a-4a5c-95dc-06ae01bbfd5f@group-DC574A831A63-FollowerState: change to CANDIDATE, lastRpcElapsedTime:5007799446ns, electionTimeout:5007ms
2022-08-20 07:51:49,640 [ebfdd0d5-7b8a-4a5c-95dc-06ae01bbfd5f@group-DC574A831A63-FollowerState] INFO  impl.RoleInfo (RoleInfo.java:shutdownFollowerState(110)) - ebfdd0d5-7b8a-4a5c-95dc-06ae01bbfd5f: shutdown ebfdd0d5-7b8a-4a5c-95dc-06ae01bbfd5f@group-DC574A831A63-FollowerState
2022-08-20 07:51:49,640 [ebfdd0d5-7b8a-4a5c-95dc-06ae01bbfd5f@group-DC574A831A63-FollowerState] INFO  server.RaftServer$Division (RaftServerImpl.java:setRole(299)) - ebfdd0d5-7b8a-4a5c-95dc-06ae01bbfd5f@group-DC574A831A63: changes role from  FOLLOWER to CANDIDATE at term 0 for changeToCandidate
2022-08-20 07:51:49,640 [ebfdd0d5-7b8a-4a5c-95dc-06ae01bbfd5f@group-DC574A831A63-FollowerState] INFO  server.RaftServerConfigKeys (ConfUtils.java:logGet(46)) - raft.server.leaderelection.pre-vote = false (custom)
2022-08-20 07:51:49,640 [ebfdd0d5-7b8a-4a5c-95dc-06ae01bbfd5f@group-DC574A831A63-FollowerState] INFO  impl.RoleInfo (RoleInfo.java:updateAndGet(139)) - ebfdd0d5-7b8a-4a5c-95dc-06ae01bbfd5f: start ebfdd0d5-7b8a-4a5c-95dc-06ae01bbfd5f@group-DC574A831A63-LeaderElection8
2022-08-20 07:51:49,652 [ebfdd0d5-7b8a-4a5c-95dc-06ae01bbfd5f@group-DC574A831A63-LeaderElection8] INFO  impl.LeaderElection (LeaderElection.java:askForVotes(310)) - ebfdd0d5-7b8a-4a5c-95dc-06ae01bbfd5f@group-DC574A831A63-LeaderElection8 ELECTION round 0: submit vote requests at term 1 for -1: [ebfdd0d5-7b8a-4a5c-95dc-06ae01bbfd5f|rpc:10.1.0.10:46391|priority:1], old=null
2022-08-20 07:51:49,652 [ebfdd0d5-7b8a-4a5c-95dc-06ae01bbfd5f@group-DC574A831A63-LeaderElection8] INFO  impl.LeaderElection (LeaderElection.java:askForVotes(312)) - ebfdd0d5-7b8a-4a5c-95dc-06ae01bbfd5f@group-DC574A831A63-LeaderElection8 ELECTION round 0: result PASSED (term=1)
2022-08-20 07:51:49,652 [ebfdd0d5-7b8a-4a5c-95dc-06ae01bbfd5f@group-DC574A831A63-LeaderElection8] INFO  impl.RoleInfo (RoleInfo.java:shutdownLeaderElection(130)) - ebfdd0d5-7b8a-4a5c-95dc-06ae01bbfd5f: shutdown ebfdd0d5-7b8a-4a5c-95dc-06ae01bbfd5f@group-DC574A831A63-LeaderElection8
2022-08-20 07:51:49,653 [ebfdd0d5-7b8a-4a5c-95dc-06ae01bbfd5f@group-DC574A831A63-LeaderElection8] INFO  server.RaftServer$Division (RaftServerImpl.java:setRole(299)) - ebfdd0d5-7b8a-4a5c-95dc-06ae01bbfd5f@group-DC574A831A63: changes role from CANDIDATE to LEADER at term 1 for changeToLeader
2022-08-20 07:51:49,653 [ebfdd0d5-7b8a-4a5c-95dc-06ae01bbfd5f@group-DC574A831A63-LeaderElection8] INFO  ratis.XceiverServerRatis (XceiverServerRatis.java:handleLeaderChangedNotification(863)) - Leader change notification received for group: group-DC574A831A63 with new leaderId: ebfdd0d5-7b8a-4a5c-95dc-06ae01bbfd5f
2022-08-20 07:51:49,654 [ebfdd0d5-7b8a-4a5c-95dc-06ae01bbfd5f@group-DC574A831A63-LeaderElection8] INFO  server.RaftServer$Division (ServerState.java:setLeader(287)) - ebfdd0d5-7b8a-4a5c-95dc-06ae01bbfd5f@group-DC574A831A63: change Leader from null to ebfdd0d5-7b8a-4a5c-95dc-06ae01bbfd5f at term 1 for becomeLeader, leader elected after 5027ms
2022-08-20 07:51:49,655 [ebfdd0d5-7b8a-4a5c-95dc-06ae01bbfd5f@group-DC574A831A63-LeaderElection8] INFO  server.RaftServerConfigKeys (ConfUtils.java:logGet(46)) - raft.server.staging.catchup.gap = 1000 (default)
2022-08-20 07:51:49,657 [ebfdd0d5-7b8a-4a5c-95dc-06ae01bbfd5f@group-DC574A831A63-LeaderElection8] INFO  server.RaftServerConfigKeys (ConfUtils.java:logGet(46)) - raft.server.write.element-limit = 1024 (custom)
2022-08-20 07:51:49,657 [ebfdd0d5-7b8a-4a5c-95dc-06ae01bbfd5f@group-DC574A831A63-LeaderElection8] INFO  server.RaftServerConfigKeys (ConfUtils.java:logGet(46)) - raft.server.write.byte-limit = 1024 M (=1073741824) (custom)
2022-08-20 07:51:49,657 [ebfdd0d5-7b8a-4a5c-95dc-06ae01bbfd5f@group-DC574A831A63-LeaderElection8] INFO  server.RaftServerConfigKeys (ConfUtils.java:logGet(46)) - raft.server.watch.timeout = 180s (custom)
2022-08-20 07:51:49,657 [ebfdd0d5-7b8a-4a5c-95dc-06ae01bbfd5f@group-DC574A831A63-LeaderElection8] INFO  server.RaftServerConfigKeys (ConfUtils.java:logGet(46)) - raft.server.watch.timeout.denomination = 1s (default)
2022-08-20 07:51:49,657 [ebfdd0d5-7b8a-4a5c-95dc-06ae01bbfd5f@group-DC574A831A63-LeaderElection8] INFO  server.RaftServerConfigKeys (ConfUtils.java:logGet(46)) - raft.server.watch.element-limit = 65536 (default)
2022-08-20 07:51:49,657 [ebfdd0d5-7b8a-4a5c-95dc-06ae01bbfd5f@group-DC574A831A63-LeaderElection8] INFO  server.RaftServerConfigKeys (ConfUtils.java:logGet(46)) - raft.server.write.element-limit = 1024 (custom)
2022-08-20 07:51:49,657 [ebfdd0d5-7b8a-4a5c-95dc-06ae01bbfd5f@group-DC574A831A63-LeaderElection8] INFO  server.RaftServerConfigKeys (ConfUtils.java:logGet(46)) - raft.server.write.follower.gap.ratio.max = -1.0 (default)
2022-08-20 07:51:49,658 [ebfdd0d5-7b8a-4a5c-95dc-06ae01bbfd5f@group-DC574A831A63-LeaderElection8] INFO  impl.RoleInfo (RoleInfo.java:updateAndGet(139)) - ebfdd0d5-7b8a-4a5c-95dc-06ae01bbfd5f: start ebfdd0d5-7b8a-4a5c-95dc-06ae01bbfd5f@group-DC574A831A63-LeaderStateImpl
2022-08-20 07:51:49,658 [ebfdd0d5-7b8a-4a5c-95dc-06ae01bbfd5f@group-DC574A831A63-LeaderElection8] INFO  segmented.SegmentedRaftLogWorker (SegmentedRaftLogWorker.java:startLogSegment(425)) - ebfdd0d5-7b8a-4a5c-95dc-06ae01bbfd5f@group-DC574A831A63-SegmentedRaftLogWorker: Starting segment from index:0
2022-08-20 07:51:49,662 [ebfdd0d5-7b8a-4a5c-95dc-06ae01bbfd5f@group-DC574A831A63-LeaderElection8] INFO  server.RaftServer$Division (ServerState.java:setRaftConf(393)) - ebfdd0d5-7b8a-4a5c-95dc-06ae01bbfd5f@group-DC574A831A63: set configuration 0: [ebfdd0d5-7b8a-4a5c-95dc-06ae01bbfd5f|rpc:10.1.0.10:46391|dataStream:|priority:1], old=null
2022-08-20 07:51:49,663 [ebfdd0d5-7b8a-4a5c-95dc-06ae01bbfd5f@group-DC574A831A63-SegmentedRaftLogWorker] INFO  segmented.SegmentedRaftLogWorker (SegmentedRaftLogWorker.java:execute(629)) - ebfdd0d5-7b8a-4a5c-95dc-06ae01bbfd5f@group-DC574A831A63-SegmentedRaftLogWorker: created new log segment /home/runner/work/ozone/ozone/hadoop-ozone/integration-test/target/test-dir/MiniOzoneClusterImpl-7272e4b8-7574-4f4a-a19b-420921f06a31/datanode-4/data/ratis/5689be9f-e503-4ed3-bc57-dc574a831a63/current/log_inprogress_0
2022-08-20 07:51:50,188 [Time-limited test] INFO  rpc.RpcClient (RpcClient.java:createVolume(471)) - Creating Volume: volume05000, with user46980 as owner and space quota set to -1 bytes, counts quota set to -1
2022-08-20 07:51:50,239 [OM StateMachine ApplyTransaction Thread - 0] INFO  volume.OMVolumeCreateRequest (OMVolumeCreateRequest.java:validateAndUpdateCache(195)) - created volume:volume05000 for user:user46980
2022-08-20 07:51:50,254 [Time-limited test] INFO  rpc.RpcClient (RpcClient.java:createBucket(674)) - Creating Bucket: volume05000/bucket50319, with bucket layout FILE_SYSTEM_OPTIMIZED, runner as owner, Versioning false, Storage Type set to DISK and Encryption set to false 
2022-08-20 07:51:50,273 [OM StateMachine ApplyTransaction Thread - 0] INFO  bucket.OMBucketCreateRequest (OMBucketCreateRequest.java:validateAndUpdateCache(260)) - created bucket: bucket50319 of layout FILE_SYSTEM_OPTIMIZED in volume: volume05000
2022-08-20 07:51:50,332 [Time-limited test] INFO  ozone.TestRootedOzoneFileSystemWithFSO (TestRootedOzoneFileSystemWithFSO.java:testRenameDir(148)) - Created dir /volume05000/bucket50319/dir1/sub_dir1
2022-08-20 07:51:50,333 [Time-limited test] INFO  ozone.TestRootedOzoneFileSystemWithFSO (TestRootedOzoneFileSystemWithFSO.java:testRenameDir(149)) - Will move /volume05000/bucket50319/dir1 to /volume05000/bucket50319/dir1.renamed
]]></system-out>
  </testcase>
  <testcase name="testRenameDir" classname="TestRootedOzoneFileSystemWithFSO" time="0.306">
    <system-out><![CDATA[2022-08-20 07:52:12,389 [Listener at 127.0.0.1/40219] INFO  ozone.MiniOzoneClusterImpl (MiniOzoneClusterImpl.java:shutdown(448)) - Shutting down the Mini Ozone Cluster
2022-08-20 07:52:12,389 [Listener at 127.0.0.1/40219] INFO  ozone.MiniOzoneClusterImpl (MiniOzoneClusterImpl.java:stop(463)) - Stopping the Mini Ozone Cluster
2022-08-20 07:52:12,390 [Listener at 127.0.0.1/40219] INFO  ozone.MiniOzoneClusterImpl (MiniOzoneClusterImpl.java:stopOM(545)) - Stopping the OzoneManager
2022-08-20 07:52:12,390 [Listener at 127.0.0.1/40219] INFO  om.OzoneManager (OzoneManager.java:stop(2022)) - om1[localhost:0]: Stopping Ozone Manager
2022-08-20 07:52:12,390 [Listener at 127.0.0.1/40219] INFO  ipc.Server (Server.java:stop(3414)) - Stopping server on 40219
2022-08-20 07:52:12,396 [IPC Server listener on 0] INFO  ipc.Server (Server.java:run(1376)) - Stopping IPC Server listener on 0
2022-08-20 07:52:12,397 [IPC Server Responder] INFO  ipc.Server (Server.java:run(1512)) - Stopping IPC Server Responder
2022-08-20 07:52:12,403 [Listener at 127.0.0.1/40219] INFO  server.RaftServer (RaftServerProxy.java:lambda$close$7(398)) - om1: close
2022-08-20 07:52:12,404 [Listener at 127.0.0.1/40219] INFO  server.RaftServer$Division (RaftServerImpl.java:lambda$close$4(434)) - om1@group-C5BA1605619E: shutdown
2022-08-20 07:52:12,404 [Listener at 127.0.0.1/40219] INFO  util.JmxRegister (JmxRegister.java:unregister(73)) - Successfully un-registered JMX Bean with object name Ratis:service=RaftServer,group=group-C5BA1605619E,id=om1
2022-08-20 07:52:12,405 [Listener at 127.0.0.1/40219] INFO  impl.RoleInfo (RoleInfo.java:shutdownLeaderState(93)) - om1: shutdown om1@group-C5BA1605619E-LeaderStateImpl
2022-08-20 07:52:12,405 [Listener at 127.0.0.1/40219] INFO  impl.PendingRequests (PendingRequests.java:sendNotLeaderResponses(282)) - om1@group-C5BA1605619E-PendingRequests: sendNotLeaderResponses
2022-08-20 07:52:12,409 [Listener at 127.0.0.1/40219] INFO  impl.StateMachineUpdater (StateMachineUpdater.java:stopAndJoin(153)) - om1@group-C5BA1605619E-StateMachineUpdater: set stopIndex = 14008
2022-08-20 07:52:12,409 [om1@group-C5BA1605619E-StateMachineUpdater] INFO  ratis.OzoneManagerStateMachine (OzoneManagerStateMachine.java:takeSnapshot(441)) - Current Snapshot Index (t:1, i:14008)
2022-08-20 07:52:12,410 [om1@group-C5BA1605619E-StateMachineUpdater] INFO  impl.StateMachineUpdater (StateMachineUpdater.java:takeSnapshot(287)) - om1@group-C5BA1605619E-StateMachineUpdater: Took a snapshot at index 14008
2022-08-20 07:52:12,411 [om1@group-C5BA1605619E-StateMachineUpdater] INFO  impl.StateMachineUpdater (StateMachineUpdater.java:lambda$new$0(92)) - om1@group-C5BA1605619E-StateMachineUpdater: snapshotIndex: updateIncreasingly -1 -> 14008
2022-08-20 07:52:12,411 [om1@group-C5BA1605619E-StateMachineUpdater] INFO  ratis.OzoneManagerStateMachine (OzoneManagerStateMachine.java:close(495)) - StateMachine has shutdown. Shutdown OzoneManager if not already shutdown.
2022-08-20 07:52:12,411 [om1@group-C5BA1605619E-StateMachineUpdater] INFO  ratis.OzoneManagerDoubleBuffer (OzoneManagerDoubleBuffer.java:stop(466)) - Stopping OMDoubleBuffer flush thread
2022-08-20 07:52:12,412 [OMDoubleBufferFlushThread] INFO  ratis.OzoneManagerDoubleBuffer (OzoneManagerDoubleBuffer.java:flushTransactions(385)) - OMDoubleBuffer flush thread OMDoubleBufferFlushThread is interrupted and will exit.
2022-08-20 07:52:12,415 [Listener at 127.0.0.1/40219] INFO  server.RaftServer$Division (ServerState.java:close(429)) - om1@group-C5BA1605619E: closes. applyIndex: 14008
2022-08-20 07:52:12,417 [om1@group-C5BA1605619E-SegmentedRaftLogWorker] INFO  segmented.SegmentedRaftLogWorker (SegmentedRaftLogWorker.java:run(336)) - om1@group-C5BA1605619E-SegmentedRaftLogWorker was interrupted, exiting. There are 0 tasks remaining in the queue.
2022-08-20 07:52:12,418 [Listener at 127.0.0.1/40219] INFO  segmented.SegmentedRaftLogWorker (SegmentedRaftLogWorker.java:close(246)) - om1@group-C5BA1605619E-SegmentedRaftLogWorker close()
2022-08-20 07:52:12,420 [Listener at 127.0.0.1/40219] INFO  server.GrpcService (GrpcService.java:closeImpl(269)) - om1: shutdown server with port 9872 now
2022-08-20 07:52:12,427 [Listener at 127.0.0.1/40219] INFO  server.GrpcService (GrpcService.java:closeImpl(278)) - om1: shutdown server with port 9872 successfully
2022-08-20 07:52:12,427 [org.apache.ratis.util.JvmPauseMonitor$$Lambda$621/1550133838@ae04104] INFO  util.JvmPauseMonitor (JvmPauseMonitor.java:run(109)) - JvmPauseMonitor-om1: Stopped
2022-08-20 07:52:12,428 [Listener at 127.0.0.1/40219] INFO  ratis.OzoneManagerStateMachine (OzoneManagerStateMachine.java:close(495)) - StateMachine has shutdown. Shutdown OzoneManager if not already shutdown.
2022-08-20 07:52:12,428 [Listener at 127.0.0.1/40219] INFO  ratis.OzoneManagerDoubleBuffer (OzoneManagerDoubleBuffer.java:stop(478)) - OMDoubleBuffer flush thread is not running.
2022-08-20 07:52:12,428 [Listener at 127.0.0.1/40219] INFO  utils.BackgroundService (BackgroundService.java:shutdown(141)) - Shutting down service KeyDeletingService
2022-08-20 07:52:12,428 [Listener at 127.0.0.1/40219] INFO  utils.BackgroundService (BackgroundService.java:shutdown(141)) - Shutting down service DirectoryDeletingService
2022-08-20 07:52:12,429 [Listener at 127.0.0.1/40219] INFO  utils.BackgroundService (BackgroundService.java:shutdown(141)) - Shutting down service OpenKeyCleanupService
2022-08-20 07:52:12,431 [Listener at 127.0.0.1/40219] INFO  handler.ContextHandler (ContextHandler.java:doStop(1153)) - Stopped o.e.j.w.WebAppContext@30062296{ozoneManager,/,null,STOPPED}{file:/home/runner/work/ozone/ozone/hadoop-ozone/integration-test/target/test-classes/webapps/ozoneManager}
2022-08-20 07:52:12,435 [Listener at 127.0.0.1/40219] INFO  server.AbstractConnector (AbstractConnector.java:doStop(381)) - Stopped ServerConnector@320c3e34{HTTP/1.1, (http/1.1)}{0.0.0.0:0}
2022-08-20 07:52:12,435 [Listener at 127.0.0.1/40219] INFO  server.session (HouseKeeper.java:stopScavenging(149)) - node0 Stopped scavenging
2022-08-20 07:52:12,435 [Listener at 127.0.0.1/40219] INFO  handler.ContextHandler (ContextHandler.java:doStop(1153)) - Stopped o.e.j.s.ServletContextHandler@66c162a5{static,/static,file:///home/runner/work/ozone/ozone/hadoop-ozone/integration-test/target/test-classes/webapps/static,STOPPED}
2022-08-20 07:52:12,436 [Listener at 127.0.0.1/40219] INFO  handler.ContextHandler (ContextHandler.java:doStop(1153)) - Stopped o.e.j.s.ServletContextHandler@110be378{logs,/logs,file:///home/runner/work/ozone/ozone/hadoop-ozone/integration-test/target/log,STOPPED}
2022-08-20 07:52:12,438 [Trash Emptier] ERROR om.TrashPolicyOzone (TrashPolicyOzone.java:run(251)) - Error attempting to shutdown
java.lang.InterruptedException
	at java.util.concurrent.locks.AbstractQueuedSynchronizer$ConditionObject.awaitNanos(AbstractQueuedSynchronizer.java:2067)
	at java.util.concurrent.ThreadPoolExecutor.awaitTermination(ThreadPoolExecutor.java:1475)
	at org.apache.hadoop.ozone.om.TrashPolicyOzone$Emptier.run(TrashPolicyOzone.java:249)
	at java.lang.Thread.run(Thread.java:750)
2022-08-20 07:52:12,438 [Trash Emptier] ERROR util.ExitUtils (ExitUtils.java:terminate(133)) - Terminating with exit status -1: Thread[Trash Emptier,5,main] has thrown an uncaught exception
java.lang.UnsupportedOperationException: fs.getUri() not implemented in TrashOzoneFileSystem
	at org.apache.hadoop.ozone.om.TrashOzoneFileSystem.getUri(TrashOzoneFileSystem.java:126)
	at org.apache.hadoop.fs.FileSystem.close(FileSystem.java:2592)
	at org.apache.hadoop.ozone.om.TrashPolicyOzone$Emptier.run(TrashPolicyOzone.java:243)
	at java.lang.Thread.run(Thread.java:750)
2022-08-20 07:52:12,441 [Listener at 127.0.0.1/40219] INFO  ozone.MiniOzoneClusterImpl (MiniOzoneClusterImpl.java:stopDatanodes(522)) - Stopping the HddsDatanodes
2022-08-20 07:52:17,445 [Listener at 127.0.0.1/40219] INFO  ozoneimpl.OzoneContainer (OzoneContainer.java:stop(399)) - Attempting to stop container services.
2022-08-20 07:52:17,445 [ForkJoinPool.commonPool-worker-1] INFO  ozoneimpl.OzoneContainer (OzoneContainer.java:stop(399)) - Attempting to stop container services.
2022-08-20 07:52:17,451 [ForkJoinPool.commonPool-worker-1] INFO  server.RaftServer (RaftServerProxy.java:lambda$close$7(398)) - 79881640-4786-45f7-aed0-9e856ede138a: close
2022-08-20 07:52:17,451 [ForkJoinPool.commonPool-worker-1] INFO  server.RaftServer$Division (RaftServerImpl.java:lambda$close$4(434)) - 79881640-4786-45f7-aed0-9e856ede138a@group-7E3172ADB9F5: shutdown
2022-08-20 07:52:17,451 [Listener at 127.0.0.1/40219] INFO  server.RaftServer (RaftServerProxy.java:lambda$close$7(398)) - cfb127e1-4a9c-4c86-92d2-3c8cc92f4642: close
2022-08-20 07:52:17,451 [ForkJoinPool.commonPool-worker-1] INFO  util.JmxRegister (JmxRegister.java:unregister(73)) - Successfully un-registered JMX Bean with object name Ratis:service=RaftServer,group=group-7E3172ADB9F5,id=79881640-4786-45f7-aed0-9e856ede138a
2022-08-20 07:52:17,452 [Listener at 127.0.0.1/40219] INFO  server.RaftServer$Division (RaftServerImpl.java:lambda$close$4(434)) - cfb127e1-4a9c-4c86-92d2-3c8cc92f4642@group-7E3172ADB9F5: shutdown
2022-08-20 07:52:17,452 [ForkJoinPool.commonPool-worker-1] INFO  impl.RoleInfo (RoleInfo.java:shutdownLeaderState(93)) - 79881640-4786-45f7-aed0-9e856ede138a: shutdown 79881640-4786-45f7-aed0-9e856ede138a@group-7E3172ADB9F5-LeaderStateImpl
2022-08-20 07:52:17,452 [Listener at 127.0.0.1/40219] INFO  util.JmxRegister (JmxRegister.java:unregister(73)) - Successfully un-registered JMX Bean with object name Ratis:service=RaftServer,group=group-7E3172ADB9F5,id=cfb127e1-4a9c-4c86-92d2-3c8cc92f4642
2022-08-20 07:52:17,452 [Listener at 127.0.0.1/40219] INFO  impl.RoleInfo (RoleInfo.java:shutdownFollowerState(110)) - cfb127e1-4a9c-4c86-92d2-3c8cc92f4642: shutdown cfb127e1-4a9c-4c86-92d2-3c8cc92f4642@group-7E3172ADB9F5-FollowerState
2022-08-20 07:52:17,453 [cfb127e1-4a9c-4c86-92d2-3c8cc92f4642@group-7E3172ADB9F5-FollowerState] INFO  impl.FollowerState (FollowerState.java:run(152)) - cfb127e1-4a9c-4c86-92d2-3c8cc92f4642@group-7E3172ADB9F5-FollowerState was interrupted
2022-08-20 07:52:17,453 [cfb127e1-4a9c-4c86-92d2-3c8cc92f4642@group-7E3172ADB9F5-StateMachineUpdater] INFO  ratis.ContainerStateMachine (ContainerStateMachine.java:takeSnapshot(304)) - group-7E3172ADB9F5: Taking a snapshot at:(t:5, i:0) file /home/runner/work/ozone/ozone/hadoop-ozone/integration-test/target/test-dir/MiniOzoneClusterImpl-7272e4b8-7574-4f4a-a19b-420921f06a31/datanode-2/data/ratis/6728a686-476a-43ce-82a2-7e3172adb9f5/sm/snapshot.5_0
2022-08-20 07:52:17,453 [79881640-4786-45f7-aed0-9e856ede138a@group-7E3172ADB9F5->cfb127e1-4a9c-4c86-92d2-3c8cc92f4642-GrpcLogAppender-LogAppenderDaemon] WARN  server.GrpcLogAppender (GrpcLogAppender.java:mayWait(171)) - 79881640-4786-45f7-aed0-9e856ede138a@group-7E3172ADB9F5->cfb127e1-4a9c-4c86-92d2-3c8cc92f4642-GrpcLogAppender: Wait interrupted by java.lang.InterruptedException
2022-08-20 07:52:17,452 [ForkJoinPool.commonPool-worker-1] INFO  impl.PendingRequests (PendingRequests.java:sendNotLeaderResponses(282)) - 79881640-4786-45f7-aed0-9e856ede138a@group-7E3172ADB9F5-PendingRequests: sendNotLeaderResponses
2022-08-20 07:52:17,455 [79881640-4786-45f7-aed0-9e856ede138a@group-7E3172ADB9F5-StateMachineUpdater] INFO  ratis.ContainerStateMachine (ContainerStateMachine.java:takeSnapshot(304)) - group-7E3172ADB9F5: Taking a snapshot at:(t:5, i:0) file /home/runner/work/ozone/ozone/hadoop-ozone/integration-test/target/test-dir/MiniOzoneClusterImpl-7272e4b8-7574-4f4a-a19b-420921f06a31/datanode-1/data/ratis/6728a686-476a-43ce-82a2-7e3172adb9f5/sm/snapshot.5_0
2022-08-20 07:52:17,455 [ForkJoinPool.commonPool-worker-1] INFO  impl.StateMachineUpdater (StateMachineUpdater.java:stopAndJoin(153)) - 79881640-4786-45f7-aed0-9e856ede138a@group-7E3172ADB9F5-StateMachineUpdater: set stopIndex = 0
2022-08-20 07:52:17,457 [grpc-default-executor-2] INFO  server.GrpcServerProtocolService (GrpcServerProtocolService.java:onCompleted(140)) - cfb127e1-4a9c-4c86-92d2-3c8cc92f4642: Completed APPEND_ENTRIES, lastRequest: 79881640-4786-45f7-aed0-9e856ede138a->cfb127e1-4a9c-4c86-92d2-3c8cc92f4642#1-t5,previous=(t:0, i:0),leaderCommit=-1,initializing? true,entries: size=1, first=(t:5, i:0), CONFIGURATIONENTRY
2022-08-20 07:52:17,458 [grpc-default-executor-0] INFO  server.GrpcLogAppender (GrpcLogAppender.java:onCompleted(339)) - 79881640-4786-45f7-aed0-9e856ede138a@group-7E3172ADB9F5->cfb127e1-4a9c-4c86-92d2-3c8cc92f4642-AppendLogResponseHandler: follower responses appendEntries COMPLETED
2022-08-20 07:52:17,453 [79881640-4786-45f7-aed0-9e856ede138a@group-7E3172ADB9F5->be90e73c-a484-4b65-88cf-121e201739e2-GrpcLogAppender-LogAppenderDaemon] WARN  server.GrpcLogAppender (GrpcLogAppender.java:mayWait(171)) - 79881640-4786-45f7-aed0-9e856ede138a@group-7E3172ADB9F5->be90e73c-a484-4b65-88cf-121e201739e2-GrpcLogAppender: Wait interrupted by java.lang.InterruptedException
2022-08-20 07:52:17,460 [Listener at 127.0.0.1/40219] INFO  impl.StateMachineUpdater (StateMachineUpdater.java:stopAndJoin(153)) - cfb127e1-4a9c-4c86-92d2-3c8cc92f4642@group-7E3172ADB9F5-StateMachineUpdater: set stopIndex = 0
2022-08-20 07:52:17,461 [grpc-default-executor-0] INFO  leader.FollowerInfo (FollowerInfoImpl.java:lambda$new$0(48)) - 79881640-4786-45f7-aed0-9e856ede138a@group-7E3172ADB9F5->cfb127e1-4a9c-4c86-92d2-3c8cc92f4642: nextIndex: updateUnconditionally 1 -> 0
2022-08-20 07:52:17,462 [grpc-default-executor-1] INFO  server.GrpcServerProtocolService (GrpcServerProtocolService.java:onCompleted(140)) - be90e73c-a484-4b65-88cf-121e201739e2: Completed APPEND_ENTRIES, lastRequest: 79881640-4786-45f7-aed0-9e856ede138a->be90e73c-a484-4b65-88cf-121e201739e2#1-t5,previous=(t:0, i:0),leaderCommit=-1,initializing? true,entries: size=1, first=(t:5, i:0), CONFIGURATIONENTRY
2022-08-20 07:52:17,467 [grpc-default-executor-0] INFO  server.GrpcLogAppender (GrpcLogAppender.java:onCompleted(339)) - 79881640-4786-45f7-aed0-9e856ede138a@group-7E3172ADB9F5->be90e73c-a484-4b65-88cf-121e201739e2-AppendLogResponseHandler: follower responses appendEntries COMPLETED
2022-08-20 07:52:17,467 [grpc-default-executor-0] INFO  leader.FollowerInfo (FollowerInfoImpl.java:lambda$new$0(48)) - 79881640-4786-45f7-aed0-9e856ede138a@group-7E3172ADB9F5->be90e73c-a484-4b65-88cf-121e201739e2: nextIndex: updateUnconditionally 1 -> 0
2022-08-20 07:52:17,491 [79881640-4786-45f7-aed0-9e856ede138a@group-7E3172ADB9F5-StateMachineUpdater] INFO  ratis.ContainerStateMachine (ContainerStateMachine.java:takeSnapshot(315)) - group-7E3172ADB9F5: Finished taking a snapshot at:(t:5, i:0) file:/home/runner/work/ozone/ozone/hadoop-ozone/integration-test/target/test-dir/MiniOzoneClusterImpl-7272e4b8-7574-4f4a-a19b-420921f06a31/datanode-1/data/ratis/6728a686-476a-43ce-82a2-7e3172adb9f5/sm/snapshot.5_0 took: 36 ms
2022-08-20 07:52:17,493 [79881640-4786-45f7-aed0-9e856ede138a@group-7E3172ADB9F5-StateMachineUpdater] INFO  impl.StateMachineUpdater (StateMachineUpdater.java:takeSnapshot(287)) - 79881640-4786-45f7-aed0-9e856ede138a@group-7E3172ADB9F5-StateMachineUpdater: Took a snapshot at index 0
2022-08-20 07:52:17,493 [79881640-4786-45f7-aed0-9e856ede138a@group-7E3172ADB9F5-StateMachineUpdater] INFO  impl.StateMachineUpdater (StateMachineUpdater.java:lambda$new$0(92)) - 79881640-4786-45f7-aed0-9e856ede138a@group-7E3172ADB9F5-StateMachineUpdater: snapshotIndex: updateIncreasingly -1 -> 0
2022-08-20 07:52:17,493 [cfb127e1-4a9c-4c86-92d2-3c8cc92f4642@group-7E3172ADB9F5-StateMachineUpdater] INFO  ratis.ContainerStateMachine (ContainerStateMachine.java:takeSnapshot(315)) - group-7E3172ADB9F5: Finished taking a snapshot at:(t:5, i:0) file:/home/runner/work/ozone/ozone/hadoop-ozone/integration-test/target/test-dir/MiniOzoneClusterImpl-7272e4b8-7574-4f4a-a19b-420921f06a31/datanode-2/data/ratis/6728a686-476a-43ce-82a2-7e3172adb9f5/sm/snapshot.5_0 took: 40 ms
2022-08-20 07:52:17,496 [cfb127e1-4a9c-4c86-92d2-3c8cc92f4642@group-7E3172ADB9F5-StateMachineUpdater] INFO  impl.StateMachineUpdater (StateMachineUpdater.java:takeSnapshot(287)) - cfb127e1-4a9c-4c86-92d2-3c8cc92f4642@group-7E3172ADB9F5-StateMachineUpdater: Took a snapshot at index 0
2022-08-20 07:52:17,496 [cfb127e1-4a9c-4c86-92d2-3c8cc92f4642@group-7E3172ADB9F5-StateMachineUpdater] INFO  impl.StateMachineUpdater (StateMachineUpdater.java:lambda$new$0(92)) - cfb127e1-4a9c-4c86-92d2-3c8cc92f4642@group-7E3172ADB9F5-StateMachineUpdater: snapshotIndex: updateIncreasingly -1 -> 0
2022-08-20 07:52:17,497 [ForkJoinPool.commonPool-worker-1] INFO  server.RaftServer$Division (ServerState.java:close(429)) - 79881640-4786-45f7-aed0-9e856ede138a@group-7E3172ADB9F5: closes. applyIndex: 0
2022-08-20 07:52:17,498 [79881640-4786-45f7-aed0-9e856ede138a@group-7E3172ADB9F5-SegmentedRaftLogWorker] INFO  segmented.SegmentedRaftLogWorker (SegmentedRaftLogWorker.java:run(336)) - 79881640-4786-45f7-aed0-9e856ede138a@group-7E3172ADB9F5-SegmentedRaftLogWorker was interrupted, exiting. There are 0 tasks remaining in the queue.
2022-08-20 07:52:17,498 [Listener at 127.0.0.1/40219] INFO  server.RaftServer$Division (ServerState.java:close(429)) - cfb127e1-4a9c-4c86-92d2-3c8cc92f4642@group-7E3172ADB9F5: closes. applyIndex: 0
2022-08-20 07:52:17,504 [cfb127e1-4a9c-4c86-92d2-3c8cc92f4642@group-7E3172ADB9F5-SegmentedRaftLogWorker] INFO  segmented.SegmentedRaftLogWorker (SegmentedRaftLogWorker.java:run(336)) - cfb127e1-4a9c-4c86-92d2-3c8cc92f4642@group-7E3172ADB9F5-SegmentedRaftLogWorker was interrupted, exiting. There are 0 tasks remaining in the queue.
2022-08-20 07:52:17,504 [ForkJoinPool.commonPool-worker-1] INFO  segmented.SegmentedRaftLogWorker (SegmentedRaftLogWorker.java:close(246)) - 79881640-4786-45f7-aed0-9e856ede138a@group-7E3172ADB9F5-SegmentedRaftLogWorker close()
2022-08-20 07:52:17,505 [Listener at 127.0.0.1/40219] INFO  segmented.SegmentedRaftLogWorker (SegmentedRaftLogWorker.java:close(246)) - cfb127e1-4a9c-4c86-92d2-3c8cc92f4642@group-7E3172ADB9F5-SegmentedRaftLogWorker close()
2022-08-20 07:52:17,508 [ForkJoinPool.commonPool-worker-1] INFO  server.RaftServer$Division (RaftServerImpl.java:lambda$close$4(434)) - 79881640-4786-45f7-aed0-9e856ede138a@group-9FD53E98E799: shutdown
2022-08-20 07:52:17,508 [ForkJoinPool.commonPool-worker-1] INFO  util.JmxRegister (JmxRegister.java:unregister(73)) - Successfully un-registered JMX Bean with object name Ratis:service=RaftServer,group=group-9FD53E98E799,id=79881640-4786-45f7-aed0-9e856ede138a
2022-08-20 07:52:17,508 [ForkJoinPool.commonPool-worker-1] INFO  impl.RoleInfo (RoleInfo.java:shutdownFollowerState(110)) - 79881640-4786-45f7-aed0-9e856ede138a: shutdown 79881640-4786-45f7-aed0-9e856ede138a@group-9FD53E98E799-FollowerState
2022-08-20 07:52:17,508 [ForkJoinPool.commonPool-worker-1] INFO  impl.StateMachineUpdater (StateMachineUpdater.java:stopAndJoin(153)) - 79881640-4786-45f7-aed0-9e856ede138a@group-9FD53E98E799-StateMachineUpdater: set stopIndex = 46
2022-08-20 07:52:17,508 [79881640-4786-45f7-aed0-9e856ede138a@group-9FD53E98E799-FollowerState] INFO  impl.FollowerState (FollowerState.java:run(152)) - 79881640-4786-45f7-aed0-9e856ede138a@group-9FD53E98E799-FollowerState was interrupted
2022-08-20 07:52:17,509 [79881640-4786-45f7-aed0-9e856ede138a@group-9FD53E98E799-StateMachineUpdater] INFO  ratis.ContainerStateMachine (ContainerStateMachine.java:takeSnapshot(304)) - group-9FD53E98E799: Taking a snapshot at:(t:1, i:46) file /home/runner/work/ozone/ozone/hadoop-ozone/integration-test/target/test-dir/MiniOzoneClusterImpl-7272e4b8-7574-4f4a-a19b-420921f06a31/datanode-1/data/ratis/eee67a3c-b98a-4bb7-aef2-9fd53e98e799/sm/snapshot.1_46
2022-08-20 07:52:17,512 [Listener at 127.0.0.1/40219] INFO  server.RaftServer$Division (RaftServerImpl.java:lambda$close$4(434)) - cfb127e1-4a9c-4c86-92d2-3c8cc92f4642@group-9FD53E98E799: shutdown
2022-08-20 07:52:17,512 [Listener at 127.0.0.1/40219] INFO  util.JmxRegister (JmxRegister.java:unregister(73)) - Successfully un-registered JMX Bean with object name Ratis:service=RaftServer,group=group-9FD53E98E799,id=cfb127e1-4a9c-4c86-92d2-3c8cc92f4642
2022-08-20 07:52:17,513 [Listener at 127.0.0.1/40219] INFO  impl.RoleInfo (RoleInfo.java:shutdownLeaderState(93)) - cfb127e1-4a9c-4c86-92d2-3c8cc92f4642: shutdown cfb127e1-4a9c-4c86-92d2-3c8cc92f4642@group-9FD53E98E799-LeaderStateImpl
2022-08-20 07:52:17,513 [Listener at 127.0.0.1/40219] INFO  impl.PendingRequests (PendingRequests.java:sendNotLeaderResponses(282)) - cfb127e1-4a9c-4c86-92d2-3c8cc92f4642@group-9FD53E98E799-PendingRequests: sendNotLeaderResponses
2022-08-20 07:52:17,513 [cfb127e1-4a9c-4c86-92d2-3c8cc92f4642@group-9FD53E98E799->be90e73c-a484-4b65-88cf-121e201739e2-GrpcLogAppender-LogAppenderDaemon] WARN  server.GrpcLogAppender (GrpcLogAppender.java:mayWait(171)) - cfb127e1-4a9c-4c86-92d2-3c8cc92f4642@group-9FD53E98E799->be90e73c-a484-4b65-88cf-121e201739e2-GrpcLogAppender: Wait interrupted by java.lang.InterruptedException
2022-08-20 07:52:17,514 [grpc-default-executor-1] INFO  server.GrpcServerProtocolService (GrpcServerProtocolService.java:onCompleted(140)) - be90e73c-a484-4b65-88cf-121e201739e2: Completed APPEND_ENTRIES, lastRequest: cfb127e1-4a9c-4c86-92d2-3c8cc92f4642->be90e73c-a484-4b65-88cf-121e201739e2#585-t1,previous=(t:1, i:45),leaderCommit=44,initializing? true,entries: size=1, first=(t:1, i:46), METADATAENTRY(c:44)
2022-08-20 07:52:17,514 [grpc-default-executor-0] INFO  server.GrpcLogAppender (GrpcLogAppender.java:onCompleted(339)) - cfb127e1-4a9c-4c86-92d2-3c8cc92f4642@group-9FD53E98E799->be90e73c-a484-4b65-88cf-121e201739e2-AppendLogResponseHandler: follower responses appendEntries COMPLETED
2022-08-20 07:52:17,514 [grpc-default-executor-0] INFO  leader.FollowerInfo (FollowerInfoImpl.java:lambda$new$0(48)) - cfb127e1-4a9c-4c86-92d2-3c8cc92f4642@group-9FD53E98E799->be90e73c-a484-4b65-88cf-121e201739e2: nextIndex: updateUnconditionally 47 -> 46
2022-08-20 07:52:17,515 [cfb127e1-4a9c-4c86-92d2-3c8cc92f4642@group-9FD53E98E799->79881640-4786-45f7-aed0-9e856ede138a-GrpcLogAppender-LogAppenderDaemon] WARN  server.GrpcLogAppender (GrpcLogAppender.java:mayWait(171)) - cfb127e1-4a9c-4c86-92d2-3c8cc92f4642@group-9FD53E98E799->79881640-4786-45f7-aed0-9e856ede138a-GrpcLogAppender: Wait interrupted by java.lang.InterruptedException
2022-08-20 07:52:17,515 [grpc-default-executor-1] INFO  server.GrpcServerProtocolService (GrpcServerProtocolService.java:onCompleted(140)) - 79881640-4786-45f7-aed0-9e856ede138a: Completed APPEND_ENTRIES, lastRequest: cfb127e1-4a9c-4c86-92d2-3c8cc92f4642->79881640-4786-45f7-aed0-9e856ede138a#580-t1,previous=(t:1, i:45),leaderCommit=44,initializing? true,entries: size=1, first=(t:1, i:46), METADATAENTRY(c:44)
2022-08-20 07:52:17,516 [grpc-default-executor-1] INFO  server.GrpcLogAppender (GrpcLogAppender.java:onCompleted(339)) - cfb127e1-4a9c-4c86-92d2-3c8cc92f4642@group-9FD53E98E799->79881640-4786-45f7-aed0-9e856ede138a-AppendLogResponseHandler: follower responses appendEntries COMPLETED
2022-08-20 07:52:17,516 [79881640-4786-45f7-aed0-9e856ede138a@group-9FD53E98E799-StateMachineUpdater] INFO  ratis.ContainerStateMachine (ContainerStateMachine.java:takeSnapshot(315)) - group-9FD53E98E799: Finished taking a snapshot at:(t:1, i:46) file:/home/runner/work/ozone/ozone/hadoop-ozone/integration-test/target/test-dir/MiniOzoneClusterImpl-7272e4b8-7574-4f4a-a19b-420921f06a31/datanode-1/data/ratis/eee67a3c-b98a-4bb7-aef2-9fd53e98e799/sm/snapshot.1_46 took: 7 ms
2022-08-20 07:52:17,516 [79881640-4786-45f7-aed0-9e856ede138a@group-9FD53E98E799-StateMachineUpdater] INFO  impl.StateMachineUpdater (StateMachineUpdater.java:takeSnapshot(287)) - 79881640-4786-45f7-aed0-9e856ede138a@group-9FD53E98E799-StateMachineUpdater: Took a snapshot at index 46
2022-08-20 07:52:17,516 [79881640-4786-45f7-aed0-9e856ede138a@group-9FD53E98E799-StateMachineUpdater] INFO  impl.StateMachineUpdater (StateMachineUpdater.java:lambda$new$0(92)) - 79881640-4786-45f7-aed0-9e856ede138a@group-9FD53E98E799-StateMachineUpdater: snapshotIndex: updateIncreasingly -1 -> 46
2022-08-20 07:52:17,517 [ForkJoinPool.commonPool-worker-1] INFO  server.RaftServer$Division (ServerState.java:close(429)) - 79881640-4786-45f7-aed0-9e856ede138a@group-9FD53E98E799: closes. applyIndex: 46
2022-08-20 07:52:17,517 [79881640-4786-45f7-aed0-9e856ede138a@group-9FD53E98E799-SegmentedRaftLogWorker] INFO  segmented.SegmentedRaftLogWorker (SegmentedRaftLogWorker.java:run(336)) - 79881640-4786-45f7-aed0-9e856ede138a@group-9FD53E98E799-SegmentedRaftLogWorker was interrupted, exiting. There are 0 tasks remaining in the queue.
2022-08-20 07:52:17,517 [ForkJoinPool.commonPool-worker-1] INFO  segmented.SegmentedRaftLogWorker (SegmentedRaftLogWorker.java:close(246)) - 79881640-4786-45f7-aed0-9e856ede138a@group-9FD53E98E799-SegmentedRaftLogWorker close()
2022-08-20 07:52:17,516 [grpc-default-executor-1] INFO  leader.FollowerInfo (FollowerInfoImpl.java:lambda$new$0(48)) - cfb127e1-4a9c-4c86-92d2-3c8cc92f4642@group-9FD53E98E799->79881640-4786-45f7-aed0-9e856ede138a: nextIndex: updateUnconditionally 47 -> 46
2022-08-20 07:52:17,521 [ForkJoinPool.commonPool-worker-1] INFO  server.RaftServer$Division (RaftServerImpl.java:lambda$close$4(434)) - 79881640-4786-45f7-aed0-9e856ede138a@group-3BD9672A893D: shutdown
2022-08-20 07:52:17,521 [ForkJoinPool.commonPool-worker-1] INFO  util.JmxRegister (JmxRegister.java:unregister(73)) - Successfully un-registered JMX Bean with object name Ratis:service=RaftServer,group=group-3BD9672A893D,id=79881640-4786-45f7-aed0-9e856ede138a
2022-08-20 07:52:17,521 [ForkJoinPool.commonPool-worker-1] INFO  impl.RoleInfo (RoleInfo.java:shutdownLeaderState(93)) - 79881640-4786-45f7-aed0-9e856ede138a: shutdown 79881640-4786-45f7-aed0-9e856ede138a@group-3BD9672A893D-LeaderStateImpl
2022-08-20 07:52:17,521 [ForkJoinPool.commonPool-worker-1] INFO  impl.PendingRequests (PendingRequests.java:sendNotLeaderResponses(282)) - 79881640-4786-45f7-aed0-9e856ede138a@group-3BD9672A893D-PendingRequests: sendNotLeaderResponses
2022-08-20 07:52:17,522 [ForkJoinPool.commonPool-worker-1] INFO  impl.StateMachineUpdater (StateMachineUpdater.java:stopAndJoin(153)) - 79881640-4786-45f7-aed0-9e856ede138a@group-3BD9672A893D-StateMachineUpdater: set stopIndex = 0
2022-08-20 07:52:17,522 [79881640-4786-45f7-aed0-9e856ede138a@group-3BD9672A893D-StateMachineUpdater] INFO  ratis.ContainerStateMachine (ContainerStateMachine.java:takeSnapshot(304)) - group-3BD9672A893D: Taking a snapshot at:(t:1, i:0) file /home/runner/work/ozone/ozone/hadoop-ozone/integration-test/target/test-dir/MiniOzoneClusterImpl-7272e4b8-7574-4f4a-a19b-420921f06a31/datanode-1/data/ratis/fed9c48f-bae0-4100-ad24-3bd9672a893d/sm/snapshot.1_0
2022-08-20 07:52:17,523 [79881640-4786-45f7-aed0-9e856ede138a@group-3BD9672A893D-StateMachineUpdater] INFO  ratis.ContainerStateMachine (ContainerStateMachine.java:takeSnapshot(315)) - group-3BD9672A893D: Finished taking a snapshot at:(t:1, i:0) file:/home/runner/work/ozone/ozone/hadoop-ozone/integration-test/target/test-dir/MiniOzoneClusterImpl-7272e4b8-7574-4f4a-a19b-420921f06a31/datanode-1/data/ratis/fed9c48f-bae0-4100-ad24-3bd9672a893d/sm/snapshot.1_0 took: 2 ms
2022-08-20 07:52:17,523 [79881640-4786-45f7-aed0-9e856ede138a@group-3BD9672A893D-StateMachineUpdater] INFO  impl.StateMachineUpdater (StateMachineUpdater.java:takeSnapshot(287)) - 79881640-4786-45f7-aed0-9e856ede138a@group-3BD9672A893D-StateMachineUpdater: Took a snapshot at index 0
2022-08-20 07:52:17,523 [79881640-4786-45f7-aed0-9e856ede138a@group-3BD9672A893D-StateMachineUpdater] INFO  impl.StateMachineUpdater (StateMachineUpdater.java:lambda$new$0(92)) - 79881640-4786-45f7-aed0-9e856ede138a@group-3BD9672A893D-StateMachineUpdater: snapshotIndex: updateIncreasingly -1 -> 0
2022-08-20 07:52:17,524 [Listener at 127.0.0.1/40219] INFO  impl.StateMachineUpdater (StateMachineUpdater.java:stopAndJoin(153)) - cfb127e1-4a9c-4c86-92d2-3c8cc92f4642@group-9FD53E98E799-StateMachineUpdater: set stopIndex = 46
2022-08-20 07:52:17,524 [ForkJoinPool.commonPool-worker-1] INFO  server.RaftServer$Division (ServerState.java:close(429)) - 79881640-4786-45f7-aed0-9e856ede138a@group-3BD9672A893D: closes. applyIndex: 0
2022-08-20 07:52:17,524 [cfb127e1-4a9c-4c86-92d2-3c8cc92f4642@group-9FD53E98E799-StateMachineUpdater] INFO  ratis.ContainerStateMachine (ContainerStateMachine.java:takeSnapshot(304)) - group-9FD53E98E799: Taking a snapshot at:(t:1, i:46) file /home/runner/work/ozone/ozone/hadoop-ozone/integration-test/target/test-dir/MiniOzoneClusterImpl-7272e4b8-7574-4f4a-a19b-420921f06a31/datanode-2/data/ratis/eee67a3c-b98a-4bb7-aef2-9fd53e98e799/sm/snapshot.1_46
2022-08-20 07:52:17,524 [79881640-4786-45f7-aed0-9e856ede138a@group-3BD9672A893D-SegmentedRaftLogWorker] INFO  segmented.SegmentedRaftLogWorker (SegmentedRaftLogWorker.java:run(336)) - 79881640-4786-45f7-aed0-9e856ede138a@group-3BD9672A893D-SegmentedRaftLogWorker was interrupted, exiting. There are 0 tasks remaining in the queue.
2022-08-20 07:52:17,525 [ForkJoinPool.commonPool-worker-1] INFO  segmented.SegmentedRaftLogWorker (SegmentedRaftLogWorker.java:close(246)) - 79881640-4786-45f7-aed0-9e856ede138a@group-3BD9672A893D-SegmentedRaftLogWorker close()
2022-08-20 07:52:17,525 [cfb127e1-4a9c-4c86-92d2-3c8cc92f4642@group-9FD53E98E799-StateMachineUpdater] INFO  ratis.ContainerStateMachine (ContainerStateMachine.java:takeSnapshot(315)) - group-9FD53E98E799: Finished taking a snapshot at:(t:1, i:46) file:/home/runner/work/ozone/ozone/hadoop-ozone/integration-test/target/test-dir/MiniOzoneClusterImpl-7272e4b8-7574-4f4a-a19b-420921f06a31/datanode-2/data/ratis/eee67a3c-b98a-4bb7-aef2-9fd53e98e799/sm/snapshot.1_46 took: 1 ms
2022-08-20 07:52:17,525 [ForkJoinPool.commonPool-worker-1] INFO  server.GrpcService (GrpcService.java:closeImpl(269)) - 79881640-4786-45f7-aed0-9e856ede138a: shutdown server with port 45433 now
2022-08-20 07:52:17,525 [cfb127e1-4a9c-4c86-92d2-3c8cc92f4642@group-9FD53E98E799-StateMachineUpdater] INFO  impl.StateMachineUpdater (StateMachineUpdater.java:takeSnapshot(287)) - cfb127e1-4a9c-4c86-92d2-3c8cc92f4642@group-9FD53E98E799-StateMachineUpdater: Took a snapshot at index 46
2022-08-20 07:52:17,526 [cfb127e1-4a9c-4c86-92d2-3c8cc92f4642@group-9FD53E98E799-StateMachineUpdater] INFO  impl.StateMachineUpdater (StateMachineUpdater.java:lambda$new$0(92)) - cfb127e1-4a9c-4c86-92d2-3c8cc92f4642@group-9FD53E98E799-StateMachineUpdater: snapshotIndex: updateIncreasingly -1 -> 46
2022-08-20 07:52:17,526 [Listener at 127.0.0.1/40219] INFO  server.RaftServer$Division (ServerState.java:close(429)) - cfb127e1-4a9c-4c86-92d2-3c8cc92f4642@group-9FD53E98E799: closes. applyIndex: 46
2022-08-20 07:52:17,526 [cfb127e1-4a9c-4c86-92d2-3c8cc92f4642@group-9FD53E98E799-SegmentedRaftLogWorker] INFO  segmented.SegmentedRaftLogWorker (SegmentedRaftLogWorker.java:run(336)) - cfb127e1-4a9c-4c86-92d2-3c8cc92f4642@group-9FD53E98E799-SegmentedRaftLogWorker was interrupted, exiting. There are 0 tasks remaining in the queue.
2022-08-20 07:52:17,526 [Listener at 127.0.0.1/40219] INFO  segmented.SegmentedRaftLogWorker (SegmentedRaftLogWorker.java:close(246)) - cfb127e1-4a9c-4c86-92d2-3c8cc92f4642@group-9FD53E98E799-SegmentedRaftLogWorker close()
2022-08-20 07:52:17,527 [Listener at 127.0.0.1/40219] INFO  server.RaftServer$Division (RaftServerImpl.java:lambda$close$4(434)) - cfb127e1-4a9c-4c86-92d2-3c8cc92f4642@group-ADEF81B636A4: shutdown
2022-08-20 07:52:17,528 [Listener at 127.0.0.1/40219] INFO  util.JmxRegister (JmxRegister.java:unregister(73)) - Successfully un-registered JMX Bean with object name Ratis:service=RaftServer,group=group-ADEF81B636A4,id=cfb127e1-4a9c-4c86-92d2-3c8cc92f4642
2022-08-20 07:52:17,528 [Listener at 127.0.0.1/40219] INFO  impl.RoleInfo (RoleInfo.java:shutdownLeaderState(93)) - cfb127e1-4a9c-4c86-92d2-3c8cc92f4642: shutdown cfb127e1-4a9c-4c86-92d2-3c8cc92f4642@group-ADEF81B636A4-LeaderStateImpl
2022-08-20 07:52:17,528 [Listener at 127.0.0.1/40219] INFO  impl.PendingRequests (PendingRequests.java:sendNotLeaderResponses(282)) - cfb127e1-4a9c-4c86-92d2-3c8cc92f4642@group-ADEF81B636A4-PendingRequests: sendNotLeaderResponses
2022-08-20 07:52:17,528 [Listener at 127.0.0.1/40219] INFO  impl.StateMachineUpdater (StateMachineUpdater.java:stopAndJoin(153)) - cfb127e1-4a9c-4c86-92d2-3c8cc92f4642@group-ADEF81B636A4-StateMachineUpdater: set stopIndex = 0
2022-08-20 07:52:17,529 [cfb127e1-4a9c-4c86-92d2-3c8cc92f4642@group-ADEF81B636A4-StateMachineUpdater] INFO  ratis.ContainerStateMachine (ContainerStateMachine.java:takeSnapshot(304)) - group-ADEF81B636A4: Taking a snapshot at:(t:1, i:0) file /home/runner/work/ozone/ozone/hadoop-ozone/integration-test/target/test-dir/MiniOzoneClusterImpl-7272e4b8-7574-4f4a-a19b-420921f06a31/datanode-2/data/ratis/d5790732-9113-4be7-8824-adef81b636a4/sm/snapshot.1_0
2022-08-20 07:52:17,533 [cfb127e1-4a9c-4c86-92d2-3c8cc92f4642@group-ADEF81B636A4-StateMachineUpdater] INFO  ratis.ContainerStateMachine (ContainerStateMachine.java:takeSnapshot(315)) - group-ADEF81B636A4: Finished taking a snapshot at:(t:1, i:0) file:/home/runner/work/ozone/ozone/hadoop-ozone/integration-test/target/test-dir/MiniOzoneClusterImpl-7272e4b8-7574-4f4a-a19b-420921f06a31/datanode-2/data/ratis/d5790732-9113-4be7-8824-adef81b636a4/sm/snapshot.1_0 took: 4 ms
2022-08-20 07:52:17,533 [cfb127e1-4a9c-4c86-92d2-3c8cc92f4642@group-ADEF81B636A4-StateMachineUpdater] INFO  impl.StateMachineUpdater (StateMachineUpdater.java:takeSnapshot(287)) - cfb127e1-4a9c-4c86-92d2-3c8cc92f4642@group-ADEF81B636A4-StateMachineUpdater: Took a snapshot at index 0
2022-08-20 07:52:17,533 [cfb127e1-4a9c-4c86-92d2-3c8cc92f4642@group-ADEF81B636A4-StateMachineUpdater] INFO  impl.StateMachineUpdater (StateMachineUpdater.java:lambda$new$0(92)) - cfb127e1-4a9c-4c86-92d2-3c8cc92f4642@group-ADEF81B636A4-StateMachineUpdater: snapshotIndex: updateIncreasingly -1 -> 0
2022-08-20 07:52:17,533 [Listener at 127.0.0.1/40219] INFO  server.RaftServer$Division (ServerState.java:close(429)) - cfb127e1-4a9c-4c86-92d2-3c8cc92f4642@group-ADEF81B636A4: closes. applyIndex: 0
2022-08-20 07:52:17,534 [cfb127e1-4a9c-4c86-92d2-3c8cc92f4642@group-ADEF81B636A4-SegmentedRaftLogWorker] INFO  segmented.SegmentedRaftLogWorker (SegmentedRaftLogWorker.java:run(336)) - cfb127e1-4a9c-4c86-92d2-3c8cc92f4642@group-ADEF81B636A4-SegmentedRaftLogWorker was interrupted, exiting. There are 0 tasks remaining in the queue.
2022-08-20 07:52:17,534 [Listener at 127.0.0.1/40219] INFO  segmented.SegmentedRaftLogWorker (SegmentedRaftLogWorker.java:close(246)) - cfb127e1-4a9c-4c86-92d2-3c8cc92f4642@group-ADEF81B636A4-SegmentedRaftLogWorker close()
2022-08-20 07:52:17,535 [Listener at 127.0.0.1/40219] INFO  server.GrpcService (GrpcService.java:closeImpl(269)) - cfb127e1-4a9c-4c86-92d2-3c8cc92f4642: shutdown server with port 40853 now
2022-08-20 07:52:17,542 [grpc-default-executor-0] WARN  server.GrpcClientProtocolService (LogUtils.java:warn(122)) - 3-UnorderedRequestStreamObserver3: onError: org.apache.ratis.thirdparty.io.grpc.StatusRuntimeException: CANCELLED: client cancelled
2022-08-20 07:52:17,545 [ForkJoinPool.commonPool-worker-1] INFO  server.GrpcService (GrpcService.java:closeImpl(278)) - 79881640-4786-45f7-aed0-9e856ede138a: shutdown server with port 45433 successfully
2022-08-20 07:52:17,545 [org.apache.ratis.util.JvmPauseMonitor$$Lambda$621/1550133838@5d99e11f] INFO  util.JvmPauseMonitor (JvmPauseMonitor.java:run(109)) - JvmPauseMonitor-79881640-4786-45f7-aed0-9e856ede138a: Stopped
2022-08-20 07:52:17,551 [Listener at 127.0.0.1/40219] INFO  server.GrpcService (GrpcService.java:closeImpl(278)) - cfb127e1-4a9c-4c86-92d2-3c8cc92f4642: shutdown server with port 40853 successfully
2022-08-20 07:52:17,551 [org.apache.ratis.util.JvmPauseMonitor$$Lambda$621/1550133838@12821691] INFO  util.JvmPauseMonitor (JvmPauseMonitor.java:run(109)) - JvmPauseMonitor-cfb127e1-4a9c-4c86-92d2-3c8cc92f4642: Stopped
2022-08-20 07:52:19,582 [Listener at 127.0.0.1/40219] INFO  utils.BackgroundService (BackgroundService.java:shutdown(141)) - Shutting down service BlockDeletingService
2022-08-20 07:52:19,585 [ForkJoinPool.commonPool-worker-1] INFO  utils.BackgroundService (BackgroundService.java:shutdown(141)) - Shutting down service BlockDeletingService
2022-08-20 07:52:19,585 [Listener at 127.0.0.1/40219] INFO  utils.BackgroundService (BackgroundService.java:shutdown(141)) - Shutting down service StaleRecoveringContainerScrubbingService
2022-08-20 07:52:19,585 [ForkJoinPool.commonPool-worker-1] INFO  utils.BackgroundService (BackgroundService.java:shutdown(141)) - Shutting down service StaleRecoveringContainerScrubbingService
2022-08-20 07:52:22,599 [ForkJoinPool.commonPool-worker-1] INFO  statemachine.DatanodeStateMachine (DatanodeStateMachine.java:stopDaemon(580)) - Ozone container server stopped.
2022-08-20 07:52:22,626 [Listener at 127.0.0.1/40219] INFO  statemachine.DatanodeStateMachine (DatanodeStateMachine.java:stopDaemon(580)) - Ozone container server stopped.
2022-08-20 07:52:22,639 [Listener at 127.0.0.1/40219] INFO  handler.ContextHandler (ContextHandler.java:doStop(1153)) - Stopped o.e.j.w.WebAppContext@2aff928a{hddsDatanode,/,null,STOPPED}{jar:file:/home/runner/.m2/repository/org/apache/ozone/hdds-container-service/1.3.0-SNAPSHOT/hdds-container-service-1.3.0-SNAPSHOT.jar!/webapps/hddsDatanode}
2022-08-20 07:52:22,646 [Listener at 127.0.0.1/40219] INFO  server.AbstractConnector (AbstractConnector.java:doStop(381)) - Stopped ServerConnector@1b4f57d6{HTTP/1.1, (http/1.1)}{0.0.0.0:0}
2022-08-20 07:52:22,646 [Listener at 127.0.0.1/40219] INFO  server.session (HouseKeeper.java:stopScavenging(149)) - node0 Stopped scavenging
2022-08-20 07:52:22,647 [Listener at 127.0.0.1/40219] INFO  handler.ContextHandler (ContextHandler.java:doStop(1153)) - Stopped o.e.j.s.ServletContextHandler@7c31a506{static,/static,jar:file:/home/runner/.m2/repository/org/apache/ozone/hdds-container-service/1.3.0-SNAPSHOT/hdds-container-service-1.3.0-SNAPSHOT.jar!/webapps/static,STOPPED}
2022-08-20 07:52:22,647 [ForkJoinPool.commonPool-worker-1] INFO  handler.ContextHandler (ContextHandler.java:doStop(1153)) - Stopped o.e.j.w.WebAppContext@19c2a3bb{hddsDatanode,/,null,STOPPED}{jar:file:/home/runner/.m2/repository/org/apache/ozone/hdds-container-service/1.3.0-SNAPSHOT/hdds-container-service-1.3.0-SNAPSHOT.jar!/webapps/hddsDatanode}
2022-08-20 07:52:22,647 [Listener at 127.0.0.1/40219] INFO  handler.ContextHandler (ContextHandler.java:doStop(1153)) - Stopped o.e.j.s.ServletContextHandler@4a84239a{logs,/logs,file:///home/runner/work/ozone/ozone/hadoop-ozone/integration-test/target/log,STOPPED}
2022-08-20 07:52:22,648 [ForkJoinPool.commonPool-worker-1] INFO  server.AbstractConnector (AbstractConnector.java:doStop(381)) - Stopped ServerConnector@3986b553{HTTP/1.1, (http/1.1)}{0.0.0.0:0}
2022-08-20 07:52:22,649 [ForkJoinPool.commonPool-worker-1] INFO  server.session (HouseKeeper.java:stopScavenging(149)) - node0 Stopped scavenging
2022-08-20 07:52:22,650 [ForkJoinPool.commonPool-worker-1] INFO  handler.ContextHandler (ContextHandler.java:doStop(1153)) - Stopped o.e.j.s.ServletContextHandler@74e7d97b{static,/static,jar:file:/home/runner/.m2/repository/org/apache/ozone/hdds-container-service/1.3.0-SNAPSHOT/hdds-container-service-1.3.0-SNAPSHOT.jar!/webapps/static,STOPPED}
2022-08-20 07:52:22,654 [ForkJoinPool.commonPool-worker-1] INFO  handler.ContextHandler (ContextHandler.java:doStop(1153)) - Stopped o.e.j.s.ServletContextHandler@6c787463{logs,/logs,file:///home/runner/work/ozone/ozone/hadoop-ozone/integration-test/target/log,STOPPED}
2022-08-20 07:52:24,147 [be90e73c-a484-4b65-88cf-121e201739e2@group-7E3172ADB9F5-FollowerState] INFO  impl.FollowerState (FollowerState.java:run(143)) - be90e73c-a484-4b65-88cf-121e201739e2@group-7E3172ADB9F5-FollowerState: change to CANDIDATE, lastRpcElapsedTime:7659665728ns, electionTimeout:5049ms
2022-08-20 07:52:24,148 [be90e73c-a484-4b65-88cf-121e201739e2@group-7E3172ADB9F5-FollowerState] INFO  impl.RoleInfo (RoleInfo.java:shutdownFollowerState(110)) - be90e73c-a484-4b65-88cf-121e201739e2: shutdown be90e73c-a484-4b65-88cf-121e201739e2@group-7E3172ADB9F5-FollowerState
2022-08-20 07:52:24,148 [be90e73c-a484-4b65-88cf-121e201739e2@group-7E3172ADB9F5-FollowerState] INFO  server.RaftServer$Division (RaftServerImpl.java:setRole(299)) - be90e73c-a484-4b65-88cf-121e201739e2@group-7E3172ADB9F5: changes role from  FOLLOWER to CANDIDATE at term 5 for changeToCandidate
2022-08-20 07:52:24,148 [be90e73c-a484-4b65-88cf-121e201739e2@group-7E3172ADB9F5-FollowerState] INFO  server.RaftServerConfigKeys (ConfUtils.java:logGet(46)) - raft.server.leaderelection.pre-vote = false (custom)
2022-08-20 07:52:24,148 [be90e73c-a484-4b65-88cf-121e201739e2@group-7E3172ADB9F5-FollowerState] INFO  impl.RoleInfo (RoleInfo.java:updateAndGet(139)) - be90e73c-a484-4b65-88cf-121e201739e2: start be90e73c-a484-4b65-88cf-121e201739e2@group-7E3172ADB9F5-LeaderElection15
2022-08-20 07:52:24,157 [be90e73c-a484-4b65-88cf-121e201739e2@group-7E3172ADB9F5-LeaderElection15] INFO  server.RaftServer$Division (ServerState.java:setLeader(287)) - be90e73c-a484-4b65-88cf-121e201739e2@group-7E3172ADB9F5: change Leader from 79881640-4786-45f7-aed0-9e856ede138a to null at term 5 for ELECTION
2022-08-20 07:52:24,167 [be90e73c-a484-4b65-88cf-121e201739e2@group-7E3172ADB9F5-LeaderElection15] INFO  impl.LeaderElection (LeaderElection.java:askForVotes(310)) - be90e73c-a484-4b65-88cf-121e201739e2@group-7E3172ADB9F5-LeaderElection15 ELECTION round 0: submit vote requests at term 6 for 0: [cfb127e1-4a9c-4c86-92d2-3c8cc92f4642|rpc:10.1.0.10:40853|dataStream:|priority:0, 79881640-4786-45f7-aed0-9e856ede138a|rpc:10.1.0.10:45433|dataStream:|priority:1, be90e73c-a484-4b65-88cf-121e201739e2|rpc:10.1.0.10:33179|dataStream:|priority:0], old=null
2022-08-20 07:52:24,195 [be90e73c-a484-4b65-88cf-121e201739e2@group-7E3172ADB9F5-LeaderElection15] INFO  impl.LeaderElection (LogUtils.java:infoOrTrace(137)) - be90e73c-a484-4b65-88cf-121e201739e2@group-7E3172ADB9F5-LeaderElection15 got exception when requesting votes: java.util.concurrent.ExecutionException: org.apache.ratis.thirdparty.io.grpc.StatusRuntimeException: UNAVAILABLE: io exception
2022-08-20 07:52:24,195 [be90e73c-a484-4b65-88cf-121e201739e2@group-7E3172ADB9F5-LeaderElection15] INFO  impl.LeaderElection (LogUtils.java:infoOrTrace(137)) - be90e73c-a484-4b65-88cf-121e201739e2@group-7E3172ADB9F5-LeaderElection15 got exception when requesting votes: java.util.concurrent.ExecutionException: org.apache.ratis.thirdparty.io.grpc.StatusRuntimeException: UNAVAILABLE: io exception
2022-08-20 07:52:24,196 [be90e73c-a484-4b65-88cf-121e201739e2@group-7E3172ADB9F5-LeaderElection15] INFO  impl.LeaderElection (LeaderElection.java:logAndReturn(90)) - be90e73c-a484-4b65-88cf-121e201739e2@group-7E3172ADB9F5-LeaderElection15: ELECTION REJECTED received 0 response(s) and 2 exception(s):
2022-08-20 07:52:24,196 [be90e73c-a484-4b65-88cf-121e201739e2@group-7E3172ADB9F5-LeaderElection15] INFO  impl.LeaderElection (LogUtils.java:infoOrTrace(137)) -   Exception 0: java.util.concurrent.ExecutionException: org.apache.ratis.thirdparty.io.grpc.StatusRuntimeException: UNAVAILABLE: io exception
2022-08-20 07:52:24,196 [be90e73c-a484-4b65-88cf-121e201739e2@group-7E3172ADB9F5-LeaderElection15] INFO  impl.LeaderElection (LogUtils.java:infoOrTrace(137)) -   Exception 1: java.util.concurrent.ExecutionException: org.apache.ratis.thirdparty.io.grpc.StatusRuntimeException: UNAVAILABLE: io exception
2022-08-20 07:52:24,196 [be90e73c-a484-4b65-88cf-121e201739e2@group-7E3172ADB9F5-LeaderElection15] INFO  impl.LeaderElection (LeaderElection.java:askForVotes(312)) - be90e73c-a484-4b65-88cf-121e201739e2@group-7E3172ADB9F5-LeaderElection15 ELECTION round 0: result REJECTED
2022-08-20 07:52:24,196 [be90e73c-a484-4b65-88cf-121e201739e2@group-7E3172ADB9F5-LeaderElection15] INFO  server.RaftServer$Division (RaftServerImpl.java:setRole(299)) - be90e73c-a484-4b65-88cf-121e201739e2@group-7E3172ADB9F5: changes role from CANDIDATE to FOLLOWER at term 6 for REJECTED
2022-08-20 07:52:24,196 [be90e73c-a484-4b65-88cf-121e201739e2@group-7E3172ADB9F5-LeaderElection15] INFO  impl.RoleInfo (RoleInfo.java:shutdownLeaderElection(130)) - be90e73c-a484-4b65-88cf-121e201739e2: shutdown be90e73c-a484-4b65-88cf-121e201739e2@group-7E3172ADB9F5-LeaderElection15
2022-08-20 07:52:24,196 [be90e73c-a484-4b65-88cf-121e201739e2@group-7E3172ADB9F5-LeaderElection15] INFO  impl.RoleInfo (RoleInfo.java:updateAndGet(139)) - be90e73c-a484-4b65-88cf-121e201739e2: start be90e73c-a484-4b65-88cf-121e201739e2@group-7E3172ADB9F5-FollowerState
2022-08-20 07:52:24,796 [be90e73c-a484-4b65-88cf-121e201739e2@group-9FD53E98E799-FollowerState] INFO  impl.FollowerState (FollowerState.java:run(143)) - be90e73c-a484-4b65-88cf-121e201739e2@group-9FD53E98E799-FollowerState: change to CANDIDATE, lastRpcElapsedTime:7787704389ns, electionTimeout:5012ms
2022-08-20 07:52:24,797 [be90e73c-a484-4b65-88cf-121e201739e2@group-9FD53E98E799-FollowerState] INFO  impl.RoleInfo (RoleInfo.java:shutdownFollowerState(110)) - be90e73c-a484-4b65-88cf-121e201739e2: shutdown be90e73c-a484-4b65-88cf-121e201739e2@group-9FD53E98E799-FollowerState
2022-08-20 07:52:24,797 [be90e73c-a484-4b65-88cf-121e201739e2@group-9FD53E98E799-FollowerState] INFO  server.RaftServer$Division (RaftServerImpl.java:setRole(299)) - be90e73c-a484-4b65-88cf-121e201739e2@group-9FD53E98E799: changes role from  FOLLOWER to CANDIDATE at term 1 for changeToCandidate
2022-08-20 07:52:24,797 [be90e73c-a484-4b65-88cf-121e201739e2@group-9FD53E98E799-FollowerState] INFO  server.RaftServerConfigKeys (ConfUtils.java:logGet(46)) - raft.server.leaderelection.pre-vote = false (custom)
2022-08-20 07:52:24,797 [be90e73c-a484-4b65-88cf-121e201739e2@group-9FD53E98E799-FollowerState] INFO  impl.RoleInfo (RoleInfo.java:updateAndGet(139)) - be90e73c-a484-4b65-88cf-121e201739e2: start be90e73c-a484-4b65-88cf-121e201739e2@group-9FD53E98E799-LeaderElection16
2022-08-20 07:52:24,798 [be90e73c-a484-4b65-88cf-121e201739e2@group-9FD53E98E799-LeaderElection16] INFO  server.RaftServer$Division (ServerState.java:setLeader(287)) - be90e73c-a484-4b65-88cf-121e201739e2@group-9FD53E98E799: change Leader from cfb127e1-4a9c-4c86-92d2-3c8cc92f4642 to null at term 1 for ELECTION
2022-08-20 07:52:24,805 [be90e73c-a484-4b65-88cf-121e201739e2@group-9FD53E98E799-LeaderElection16] INFO  impl.LeaderElection (LeaderElection.java:askForVotes(310)) - be90e73c-a484-4b65-88cf-121e201739e2@group-9FD53E98E799-LeaderElection16 ELECTION round 0: submit vote requests at term 2 for 0: [cfb127e1-4a9c-4c86-92d2-3c8cc92f4642|rpc:10.1.0.10:40853|dataStream:|priority:1, 79881640-4786-45f7-aed0-9e856ede138a|rpc:10.1.0.10:45433|dataStream:|priority:0, be90e73c-a484-4b65-88cf-121e201739e2|rpc:10.1.0.10:33179|dataStream:|priority:0], old=null
2022-08-20 07:52:24,824 [be90e73c-a484-4b65-88cf-121e201739e2@group-9FD53E98E799-LeaderElection16] INFO  impl.LeaderElection (LogUtils.java:infoOrTrace(137)) - be90e73c-a484-4b65-88cf-121e201739e2@group-9FD53E98E799-LeaderElection16 got exception when requesting votes: java.util.concurrent.ExecutionException: org.apache.ratis.thirdparty.io.grpc.StatusRuntimeException: UNAVAILABLE: io exception
2022-08-20 07:52:24,825 [be90e73c-a484-4b65-88cf-121e201739e2@group-9FD53E98E799-LeaderElection16] INFO  impl.LeaderElection (LogUtils.java:infoOrTrace(137)) - be90e73c-a484-4b65-88cf-121e201739e2@group-9FD53E98E799-LeaderElection16 got exception when requesting votes: java.util.concurrent.ExecutionException: org.apache.ratis.thirdparty.io.grpc.StatusRuntimeException: UNAVAILABLE: io exception
2022-08-20 07:52:24,825 [be90e73c-a484-4b65-88cf-121e201739e2@group-9FD53E98E799-LeaderElection16] INFO  impl.LeaderElection (LeaderElection.java:logAndReturn(90)) - be90e73c-a484-4b65-88cf-121e201739e2@group-9FD53E98E799-LeaderElection16: ELECTION REJECTED received 0 response(s) and 2 exception(s):
2022-08-20 07:52:24,825 [be90e73c-a484-4b65-88cf-121e201739e2@group-9FD53E98E799-LeaderElection16] INFO  impl.LeaderElection (LogUtils.java:infoOrTrace(137)) -   Exception 0: java.util.concurrent.ExecutionException: org.apache.ratis.thirdparty.io.grpc.StatusRuntimeException: UNAVAILABLE: io exception
2022-08-20 07:52:24,825 [be90e73c-a484-4b65-88cf-121e201739e2@group-9FD53E98E799-LeaderElection16] INFO  impl.LeaderElection (LogUtils.java:infoOrTrace(137)) -   Exception 1: java.util.concurrent.ExecutionException: org.apache.ratis.thirdparty.io.grpc.StatusRuntimeException: UNAVAILABLE: io exception
2022-08-20 07:52:24,825 [be90e73c-a484-4b65-88cf-121e201739e2@group-9FD53E98E799-LeaderElection16] INFO  impl.LeaderElection (LeaderElection.java:askForVotes(312)) - be90e73c-a484-4b65-88cf-121e201739e2@group-9FD53E98E799-LeaderElection16 ELECTION round 0: result REJECTED
2022-08-20 07:52:24,825 [be90e73c-a484-4b65-88cf-121e201739e2@group-9FD53E98E799-LeaderElection16] INFO  server.RaftServer$Division (RaftServerImpl.java:setRole(299)) - be90e73c-a484-4b65-88cf-121e201739e2@group-9FD53E98E799: changes role from CANDIDATE to FOLLOWER at term 2 for REJECTED
2022-08-20 07:52:24,825 [be90e73c-a484-4b65-88cf-121e201739e2@group-9FD53E98E799-LeaderElection16] INFO  impl.RoleInfo (RoleInfo.java:shutdownLeaderElection(130)) - be90e73c-a484-4b65-88cf-121e201739e2: shutdown be90e73c-a484-4b65-88cf-121e201739e2@group-9FD53E98E799-LeaderElection16
2022-08-20 07:52:24,825 [be90e73c-a484-4b65-88cf-121e201739e2@group-9FD53E98E799-LeaderElection16] INFO  impl.RoleInfo (RoleInfo.java:updateAndGet(139)) - be90e73c-a484-4b65-88cf-121e201739e2: start be90e73c-a484-4b65-88cf-121e201739e2@group-9FD53E98E799-FollowerState
2022-08-20 07:52:27,655 [Listener at 127.0.0.1/40219] INFO  ozoneimpl.OzoneContainer (OzoneContainer.java:stop(399)) - Attempting to stop container services.
2022-08-20 07:52:27,656 [Listener at 127.0.0.1/40219] INFO  server.RaftServer (RaftServerProxy.java:lambda$close$7(398)) - ebfdd0d5-7b8a-4a5c-95dc-06ae01bbfd5f: close
2022-08-20 07:52:27,656 [Listener at 127.0.0.1/40219] INFO  server.RaftServer$Division (RaftServerImpl.java:lambda$close$4(434)) - ebfdd0d5-7b8a-4a5c-95dc-06ae01bbfd5f@group-DC574A831A63: shutdown
2022-08-20 07:52:27,656 [Listener at 127.0.0.1/40219] INFO  util.JmxRegister (JmxRegister.java:unregister(73)) - Successfully un-registered JMX Bean with object name Ratis:service=RaftServer,group=group-DC574A831A63,id=ebfdd0d5-7b8a-4a5c-95dc-06ae01bbfd5f
2022-08-20 07:52:27,657 [Listener at 127.0.0.1/40219] INFO  impl.RoleInfo (RoleInfo.java:shutdownLeaderState(93)) - ebfdd0d5-7b8a-4a5c-95dc-06ae01bbfd5f: shutdown ebfdd0d5-7b8a-4a5c-95dc-06ae01bbfd5f@group-DC574A831A63-LeaderStateImpl
2022-08-20 07:52:27,657 [Listener at 127.0.0.1/40219] INFO  impl.PendingRequests (PendingRequests.java:sendNotLeaderResponses(282)) - ebfdd0d5-7b8a-4a5c-95dc-06ae01bbfd5f@group-DC574A831A63-PendingRequests: sendNotLeaderResponses
2022-08-20 07:52:27,657 [ForkJoinPool.commonPool-worker-1] INFO  ozoneimpl.OzoneContainer (OzoneContainer.java:stop(399)) - Attempting to stop container services.
2022-08-20 07:52:27,658 [Listener at 127.0.0.1/40219] INFO  impl.StateMachineUpdater (StateMachineUpdater.java:stopAndJoin(153)) - ebfdd0d5-7b8a-4a5c-95dc-06ae01bbfd5f@group-DC574A831A63-StateMachineUpdater: set stopIndex = 0
2022-08-20 07:52:27,658 [ebfdd0d5-7b8a-4a5c-95dc-06ae01bbfd5f@group-DC574A831A63-StateMachineUpdater] INFO  ratis.ContainerStateMachine (ContainerStateMachine.java:takeSnapshot(304)) - group-DC574A831A63: Taking a snapshot at:(t:1, i:0) file /home/runner/work/ozone/ozone/hadoop-ozone/integration-test/target/test-dir/MiniOzoneClusterImpl-7272e4b8-7574-4f4a-a19b-420921f06a31/datanode-4/data/ratis/5689be9f-e503-4ed3-bc57-dc574a831a63/sm/snapshot.1_0
2022-08-20 07:52:27,658 [ForkJoinPool.commonPool-worker-1] INFO  server.RaftServer (RaftServerProxy.java:lambda$close$7(398)) - be90e73c-a484-4b65-88cf-121e201739e2: close
2022-08-20 07:52:27,659 [ForkJoinPool.commonPool-worker-1] INFO  server.RaftServer$Division (RaftServerImpl.java:lambda$close$4(434)) - be90e73c-a484-4b65-88cf-121e201739e2@group-7E3172ADB9F5: shutdown
2022-08-20 07:52:27,659 [ForkJoinPool.commonPool-worker-1] INFO  util.JmxRegister (JmxRegister.java:unregister(73)) - Successfully un-registered JMX Bean with object name Ratis:service=RaftServer,group=group-7E3172ADB9F5,id=be90e73c-a484-4b65-88cf-121e201739e2
2022-08-20 07:52:27,659 [ForkJoinPool.commonPool-worker-1] INFO  impl.RoleInfo (RoleInfo.java:shutdownFollowerState(110)) - be90e73c-a484-4b65-88cf-121e201739e2: shutdown be90e73c-a484-4b65-88cf-121e201739e2@group-7E3172ADB9F5-FollowerState
2022-08-20 07:52:27,659 [ForkJoinPool.commonPool-worker-1] INFO  impl.StateMachineUpdater (StateMachineUpdater.java:stopAndJoin(153)) - be90e73c-a484-4b65-88cf-121e201739e2@group-7E3172ADB9F5-StateMachineUpdater: set stopIndex = 0
2022-08-20 07:52:27,659 [be90e73c-a484-4b65-88cf-121e201739e2@group-7E3172ADB9F5-StateMachineUpdater] INFO  ratis.ContainerStateMachine (ContainerStateMachine.java:takeSnapshot(304)) - group-7E3172ADB9F5: Taking a snapshot at:(t:5, i:0) file /home/runner/work/ozone/ozone/hadoop-ozone/integration-test/target/test-dir/MiniOzoneClusterImpl-7272e4b8-7574-4f4a-a19b-420921f06a31/datanode-0/data/ratis/6728a686-476a-43ce-82a2-7e3172adb9f5/sm/snapshot.5_0
2022-08-20 07:52:27,659 [ebfdd0d5-7b8a-4a5c-95dc-06ae01bbfd5f@group-DC574A831A63-StateMachineUpdater] INFO  ratis.ContainerStateMachine (ContainerStateMachine.java:takeSnapshot(315)) - group-DC574A831A63: Finished taking a snapshot at:(t:1, i:0) file:/home/runner/work/ozone/ozone/hadoop-ozone/integration-test/target/test-dir/MiniOzoneClusterImpl-7272e4b8-7574-4f4a-a19b-420921f06a31/datanode-4/data/ratis/5689be9f-e503-4ed3-bc57-dc574a831a63/sm/snapshot.1_0 took: 2 ms
2022-08-20 07:52:27,659 [ebfdd0d5-7b8a-4a5c-95dc-06ae01bbfd5f@group-DC574A831A63-StateMachineUpdater] INFO  impl.StateMachineUpdater (StateMachineUpdater.java:takeSnapshot(287)) - ebfdd0d5-7b8a-4a5c-95dc-06ae01bbfd5f@group-DC574A831A63-StateMachineUpdater: Took a snapshot at index 0
2022-08-20 07:52:27,660 [ebfdd0d5-7b8a-4a5c-95dc-06ae01bbfd5f@group-DC574A831A63-StateMachineUpdater] INFO  impl.StateMachineUpdater (StateMachineUpdater.java:lambda$new$0(92)) - ebfdd0d5-7b8a-4a5c-95dc-06ae01bbfd5f@group-DC574A831A63-StateMachineUpdater: snapshotIndex: updateIncreasingly -1 -> 0
2022-08-20 07:52:27,660 [Listener at 127.0.0.1/40219] INFO  server.RaftServer$Division (ServerState.java:close(429)) - ebfdd0d5-7b8a-4a5c-95dc-06ae01bbfd5f@group-DC574A831A63: closes. applyIndex: 0
2022-08-20 07:52:27,660 [be90e73c-a484-4b65-88cf-121e201739e2@group-7E3172ADB9F5-FollowerState] INFO  impl.FollowerState (FollowerState.java:run(152)) - be90e73c-a484-4b65-88cf-121e201739e2@group-7E3172ADB9F5-FollowerState was interrupted
2022-08-20 07:52:27,660 [be90e73c-a484-4b65-88cf-121e201739e2@group-7E3172ADB9F5-StateMachineUpdater] INFO  ratis.ContainerStateMachine (ContainerStateMachine.java:takeSnapshot(315)) - group-7E3172ADB9F5: Finished taking a snapshot at:(t:5, i:0) file:/home/runner/work/ozone/ozone/hadoop-ozone/integration-test/target/test-dir/MiniOzoneClusterImpl-7272e4b8-7574-4f4a-a19b-420921f06a31/datanode-0/data/ratis/6728a686-476a-43ce-82a2-7e3172adb9f5/sm/snapshot.5_0 took: 1 ms
2022-08-20 07:52:27,660 [ebfdd0d5-7b8a-4a5c-95dc-06ae01bbfd5f@group-DC574A831A63-SegmentedRaftLogWorker] INFO  segmented.SegmentedRaftLogWorker (SegmentedRaftLogWorker.java:run(336)) - ebfdd0d5-7b8a-4a5c-95dc-06ae01bbfd5f@group-DC574A831A63-SegmentedRaftLogWorker was interrupted, exiting. There are 0 tasks remaining in the queue.
2022-08-20 07:52:27,660 [be90e73c-a484-4b65-88cf-121e201739e2@group-7E3172ADB9F5-StateMachineUpdater] INFO  impl.StateMachineUpdater (StateMachineUpdater.java:takeSnapshot(287)) - be90e73c-a484-4b65-88cf-121e201739e2@group-7E3172ADB9F5-StateMachineUpdater: Took a snapshot at index 0
2022-08-20 07:52:27,660 [be90e73c-a484-4b65-88cf-121e201739e2@group-7E3172ADB9F5-StateMachineUpdater] INFO  impl.StateMachineUpdater (StateMachineUpdater.java:lambda$new$0(92)) - be90e73c-a484-4b65-88cf-121e201739e2@group-7E3172ADB9F5-StateMachineUpdater: snapshotIndex: updateIncreasingly -1 -> 0
2022-08-20 07:52:27,660 [Listener at 127.0.0.1/40219] INFO  segmented.SegmentedRaftLogWorker (SegmentedRaftLogWorker.java:close(246)) - ebfdd0d5-7b8a-4a5c-95dc-06ae01bbfd5f@group-DC574A831A63-SegmentedRaftLogWorker close()
2022-08-20 07:52:27,661 [ForkJoinPool.commonPool-worker-1] INFO  server.RaftServer$Division (ServerState.java:close(429)) - be90e73c-a484-4b65-88cf-121e201739e2@group-7E3172ADB9F5: closes. applyIndex: 0
2022-08-20 07:52:27,662 [be90e73c-a484-4b65-88cf-121e201739e2@group-7E3172ADB9F5-SegmentedRaftLogWorker] INFO  segmented.SegmentedRaftLogWorker (SegmentedRaftLogWorker.java:run(336)) - be90e73c-a484-4b65-88cf-121e201739e2@group-7E3172ADB9F5-SegmentedRaftLogWorker was interrupted, exiting. There are 0 tasks remaining in the queue.
2022-08-20 07:52:27,662 [Listener at 127.0.0.1/40219] INFO  server.GrpcService (GrpcService.java:closeImpl(269)) - ebfdd0d5-7b8a-4a5c-95dc-06ae01bbfd5f: shutdown server with port 46391 now
2022-08-20 07:52:27,662 [ForkJoinPool.commonPool-worker-1] INFO  segmented.SegmentedRaftLogWorker (SegmentedRaftLogWorker.java:close(246)) - be90e73c-a484-4b65-88cf-121e201739e2@group-7E3172ADB9F5-SegmentedRaftLogWorker close()
2022-08-20 07:52:27,663 [ForkJoinPool.commonPool-worker-1] INFO  server.RaftServer$Division (RaftServerImpl.java:lambda$close$4(434)) - be90e73c-a484-4b65-88cf-121e201739e2@group-9FD53E98E799: shutdown
2022-08-20 07:52:27,663 [ForkJoinPool.commonPool-worker-1] INFO  util.JmxRegister (JmxRegister.java:unregister(73)) - Successfully un-registered JMX Bean with object name Ratis:service=RaftServer,group=group-9FD53E98E799,id=be90e73c-a484-4b65-88cf-121e201739e2
2022-08-20 07:52:27,663 [ForkJoinPool.commonPool-worker-1] INFO  impl.RoleInfo (RoleInfo.java:shutdownFollowerState(110)) - be90e73c-a484-4b65-88cf-121e201739e2: shutdown be90e73c-a484-4b65-88cf-121e201739e2@group-9FD53E98E799-FollowerState
2022-08-20 07:52:27,663 [ForkJoinPool.commonPool-worker-1] INFO  impl.StateMachineUpdater (StateMachineUpdater.java:stopAndJoin(153)) - be90e73c-a484-4b65-88cf-121e201739e2@group-9FD53E98E799-StateMachineUpdater: set stopIndex = 46
2022-08-20 07:52:27,663 [Listener at 127.0.0.1/40219] INFO  server.GrpcService (GrpcService.java:closeImpl(278)) - ebfdd0d5-7b8a-4a5c-95dc-06ae01bbfd5f: shutdown server with port 46391 successfully
2022-08-20 07:52:27,664 [org.apache.ratis.util.JvmPauseMonitor$$Lambda$621/1550133838@59d66480] INFO  util.JvmPauseMonitor (JvmPauseMonitor.java:run(109)) - JvmPauseMonitor-ebfdd0d5-7b8a-4a5c-95dc-06ae01bbfd5f: Stopped
2022-08-20 07:52:27,664 [be90e73c-a484-4b65-88cf-121e201739e2@group-9FD53E98E799-FollowerState] INFO  impl.FollowerState (FollowerState.java:run(152)) - be90e73c-a484-4b65-88cf-121e201739e2@group-9FD53E98E799-FollowerState was interrupted
2022-08-20 07:52:27,664 [be90e73c-a484-4b65-88cf-121e201739e2@group-9FD53E98E799-StateMachineUpdater] INFO  ratis.ContainerStateMachine (ContainerStateMachine.java:takeSnapshot(304)) - group-9FD53E98E799: Taking a snapshot at:(t:1, i:46) file /home/runner/work/ozone/ozone/hadoop-ozone/integration-test/target/test-dir/MiniOzoneClusterImpl-7272e4b8-7574-4f4a-a19b-420921f06a31/datanode-0/data/ratis/eee67a3c-b98a-4bb7-aef2-9fd53e98e799/sm/snapshot.1_46
2022-08-20 07:52:27,666 [be90e73c-a484-4b65-88cf-121e201739e2@group-9FD53E98E799-StateMachineUpdater] INFO  ratis.ContainerStateMachine (ContainerStateMachine.java:takeSnapshot(315)) - group-9FD53E98E799: Finished taking a snapshot at:(t:1, i:46) file:/home/runner/work/ozone/ozone/hadoop-ozone/integration-test/target/test-dir/MiniOzoneClusterImpl-7272e4b8-7574-4f4a-a19b-420921f06a31/datanode-0/data/ratis/eee67a3c-b98a-4bb7-aef2-9fd53e98e799/sm/snapshot.1_46 took: 1 ms
2022-08-20 07:52:27,666 [be90e73c-a484-4b65-88cf-121e201739e2@group-9FD53E98E799-StateMachineUpdater] INFO  impl.StateMachineUpdater (StateMachineUpdater.java:takeSnapshot(287)) - be90e73c-a484-4b65-88cf-121e201739e2@group-9FD53E98E799-StateMachineUpdater: Took a snapshot at index 46
2022-08-20 07:52:27,666 [be90e73c-a484-4b65-88cf-121e201739e2@group-9FD53E98E799-StateMachineUpdater] INFO  impl.StateMachineUpdater (StateMachineUpdater.java:lambda$new$0(92)) - be90e73c-a484-4b65-88cf-121e201739e2@group-9FD53E98E799-StateMachineUpdater: snapshotIndex: updateIncreasingly -1 -> 46
2022-08-20 07:52:27,666 [ForkJoinPool.commonPool-worker-1] INFO  server.RaftServer$Division (ServerState.java:close(429)) - be90e73c-a484-4b65-88cf-121e201739e2@group-9FD53E98E799: closes. applyIndex: 46
2022-08-20 07:52:27,667 [be90e73c-a484-4b65-88cf-121e201739e2@group-9FD53E98E799-SegmentedRaftLogWorker] INFO  segmented.SegmentedRaftLogWorker (SegmentedRaftLogWorker.java:run(336)) - be90e73c-a484-4b65-88cf-121e201739e2@group-9FD53E98E799-SegmentedRaftLogWorker was interrupted, exiting. There are 0 tasks remaining in the queue.
2022-08-20 07:52:27,667 [ForkJoinPool.commonPool-worker-1] INFO  segmented.SegmentedRaftLogWorker (SegmentedRaftLogWorker.java:close(246)) - be90e73c-a484-4b65-88cf-121e201739e2@group-9FD53E98E799-SegmentedRaftLogWorker close()
2022-08-20 07:52:27,671 [ForkJoinPool.commonPool-worker-1] INFO  server.RaftServer$Division (RaftServerImpl.java:lambda$close$4(434)) - be90e73c-a484-4b65-88cf-121e201739e2@group-2BC39EBA70BB: shutdown
2022-08-20 07:52:27,671 [ForkJoinPool.commonPool-worker-1] INFO  util.JmxRegister (JmxRegister.java:unregister(73)) - Successfully un-registered JMX Bean with object name Ratis:service=RaftServer,group=group-2BC39EBA70BB,id=be90e73c-a484-4b65-88cf-121e201739e2
2022-08-20 07:52:27,671 [ForkJoinPool.commonPool-worker-1] INFO  impl.RoleInfo (RoleInfo.java:shutdownLeaderState(93)) - be90e73c-a484-4b65-88cf-121e201739e2: shutdown be90e73c-a484-4b65-88cf-121e201739e2@group-2BC39EBA70BB-LeaderStateImpl
2022-08-20 07:52:27,671 [ForkJoinPool.commonPool-worker-1] INFO  impl.PendingRequests (PendingRequests.java:sendNotLeaderResponses(282)) - be90e73c-a484-4b65-88cf-121e201739e2@group-2BC39EBA70BB-PendingRequests: sendNotLeaderResponses
2022-08-20 07:52:27,671 [ForkJoinPool.commonPool-worker-1] INFO  impl.StateMachineUpdater (StateMachineUpdater.java:stopAndJoin(153)) - be90e73c-a484-4b65-88cf-121e201739e2@group-2BC39EBA70BB-StateMachineUpdater: set stopIndex = 0
2022-08-20 07:52:27,672 [be90e73c-a484-4b65-88cf-121e201739e2@group-2BC39EBA70BB-StateMachineUpdater] INFO  ratis.ContainerStateMachine (ContainerStateMachine.java:takeSnapshot(304)) - group-2BC39EBA70BB: Taking a snapshot at:(t:1, i:0) file /home/runner/work/ozone/ozone/hadoop-ozone/integration-test/target/test-dir/MiniOzoneClusterImpl-7272e4b8-7574-4f4a-a19b-420921f06a31/datanode-0/data/ratis/3ba8e611-aa55-4ac9-840b-2bc39eba70bb/sm/snapshot.1_0
2022-08-20 07:52:27,672 [be90e73c-a484-4b65-88cf-121e201739e2@group-2BC39EBA70BB-StateMachineUpdater] INFO  ratis.ContainerStateMachine (ContainerStateMachine.java:takeSnapshot(315)) - group-2BC39EBA70BB: Finished taking a snapshot at:(t:1, i:0) file:/home/runner/work/ozone/ozone/hadoop-ozone/integration-test/target/test-dir/MiniOzoneClusterImpl-7272e4b8-7574-4f4a-a19b-420921f06a31/datanode-0/data/ratis/3ba8e611-aa55-4ac9-840b-2bc39eba70bb/sm/snapshot.1_0 took: 1 ms
2022-08-20 07:52:27,673 [be90e73c-a484-4b65-88cf-121e201739e2@group-2BC39EBA70BB-StateMachineUpdater] INFO  impl.StateMachineUpdater (StateMachineUpdater.java:takeSnapshot(287)) - be90e73c-a484-4b65-88cf-121e201739e2@group-2BC39EBA70BB-StateMachineUpdater: Took a snapshot at index 0
2022-08-20 07:52:27,673 [be90e73c-a484-4b65-88cf-121e201739e2@group-2BC39EBA70BB-StateMachineUpdater] INFO  impl.StateMachineUpdater (StateMachineUpdater.java:lambda$new$0(92)) - be90e73c-a484-4b65-88cf-121e201739e2@group-2BC39EBA70BB-StateMachineUpdater: snapshotIndex: updateIncreasingly -1 -> 0
2022-08-20 07:52:27,673 [ForkJoinPool.commonPool-worker-1] INFO  server.RaftServer$Division (ServerState.java:close(429)) - be90e73c-a484-4b65-88cf-121e201739e2@group-2BC39EBA70BB: closes. applyIndex: 0
2022-08-20 07:52:27,674 [be90e73c-a484-4b65-88cf-121e201739e2@group-2BC39EBA70BB-SegmentedRaftLogWorker] INFO  segmented.SegmentedRaftLogWorker (SegmentedRaftLogWorker.java:run(336)) - be90e73c-a484-4b65-88cf-121e201739e2@group-2BC39EBA70BB-SegmentedRaftLogWorker was interrupted, exiting. There are 0 tasks remaining in the queue.
2022-08-20 07:52:27,674 [ForkJoinPool.commonPool-worker-1] INFO  segmented.SegmentedRaftLogWorker (SegmentedRaftLogWorker.java:close(246)) - be90e73c-a484-4b65-88cf-121e201739e2@group-2BC39EBA70BB-SegmentedRaftLogWorker close()
2022-08-20 07:52:27,675 [ForkJoinPool.commonPool-worker-1] INFO  server.GrpcService (GrpcService.java:closeImpl(269)) - be90e73c-a484-4b65-88cf-121e201739e2: shutdown server with port 33179 now
2022-08-20 07:52:27,676 [ForkJoinPool.commonPool-worker-1] INFO  server.GrpcService (GrpcService.java:closeImpl(278)) - be90e73c-a484-4b65-88cf-121e201739e2: shutdown server with port 33179 successfully
2022-08-20 07:52:27,676 [org.apache.ratis.util.JvmPauseMonitor$$Lambda$621/1550133838@2dd6cdad] INFO  util.JvmPauseMonitor (JvmPauseMonitor.java:run(109)) - JvmPauseMonitor-be90e73c-a484-4b65-88cf-121e201739e2: Stopped
2022-08-20 07:52:29,699 [Listener at 127.0.0.1/40219] INFO  utils.BackgroundService (BackgroundService.java:shutdown(141)) - Shutting down service BlockDeletingService
2022-08-20 07:52:29,700 [Listener at 127.0.0.1/40219] INFO  utils.BackgroundService (BackgroundService.java:shutdown(141)) - Shutting down service StaleRecoveringContainerScrubbingService
2022-08-20 07:52:29,704 [ForkJoinPool.commonPool-worker-1] INFO  utils.BackgroundService (BackgroundService.java:shutdown(141)) - Shutting down service BlockDeletingService
2022-08-20 07:52:29,706 [ForkJoinPool.commonPool-worker-1] INFO  utils.BackgroundService (BackgroundService.java:shutdown(141)) - Shutting down service StaleRecoveringContainerScrubbingService
2022-08-20 07:52:31,444 [UnderReplicatedQueueThreadThread] INFO  replication.UnderReplicatedProcessor (UnderReplicatedProcessor.java:processAll(85)) - Processed 0 under replicated containers, failed processing 0
2022-08-20 07:52:31,454 [OverReplicatedQueueThreadThread] INFO  replication.OverReplicatedProcessor (OverReplicatedProcessor.java:processAll(83)) - Processed 0 over replicated containers, failed processing 0
2022-08-20 07:52:32,703 [Listener at 127.0.0.1/40219] INFO  statemachine.DatanodeStateMachine (DatanodeStateMachine.java:stopDaemon(580)) - Ozone container server stopped.
2022-08-20 07:52:32,708 [ForkJoinPool.commonPool-worker-1] INFO  statemachine.DatanodeStateMachine (DatanodeStateMachine.java:stopDaemon(580)) - Ozone container server stopped.
2022-08-20 07:52:32,730 [Listener at 127.0.0.1/40219] INFO  handler.ContextHandler (ContextHandler.java:doStop(1153)) - Stopped o.e.j.w.WebAppContext@158b5594{hddsDatanode,/,null,STOPPED}{jar:file:/home/runner/.m2/repository/org/apache/ozone/hdds-container-service/1.3.0-SNAPSHOT/hdds-container-service-1.3.0-SNAPSHOT.jar!/webapps/hddsDatanode}
2022-08-20 07:52:32,732 [ForkJoinPool.commonPool-worker-1] INFO  handler.ContextHandler (ContextHandler.java:doStop(1153)) - Stopped o.e.j.w.WebAppContext@618b995b{hddsDatanode,/,null,STOPPED}{jar:file:/home/runner/.m2/repository/org/apache/ozone/hdds-container-service/1.3.0-SNAPSHOT/hdds-container-service-1.3.0-SNAPSHOT.jar!/webapps/hddsDatanode}
2022-08-20 07:52:32,732 [Listener at 127.0.0.1/40219] INFO  server.AbstractConnector (AbstractConnector.java:doStop(381)) - Stopped ServerConnector@2f4210a8{HTTP/1.1, (http/1.1)}{0.0.0.0:0}
2022-08-20 07:52:32,732 [Listener at 127.0.0.1/40219] INFO  server.session (HouseKeeper.java:stopScavenging(149)) - node0 Stopped scavenging
2022-08-20 07:52:32,733 [Listener at 127.0.0.1/40219] INFO  handler.ContextHandler (ContextHandler.java:doStop(1153)) - Stopped o.e.j.s.ServletContextHandler@3755b8da{static,/static,jar:file:/home/runner/.m2/repository/org/apache/ozone/hdds-container-service/1.3.0-SNAPSHOT/hdds-container-service-1.3.0-SNAPSHOT.jar!/webapps/static,STOPPED}
2022-08-20 07:52:32,733 [ForkJoinPool.commonPool-worker-1] INFO  server.AbstractConnector (AbstractConnector.java:doStop(381)) - Stopped ServerConnector@4a6ce558{HTTP/1.1, (http/1.1)}{0.0.0.0:0}
2022-08-20 07:52:32,733 [Listener at 127.0.0.1/40219] INFO  handler.ContextHandler (ContextHandler.java:doStop(1153)) - Stopped o.e.j.s.ServletContextHandler@1f60412a{logs,/logs,file:///home/runner/work/ozone/ozone/hadoop-ozone/integration-test/target/log,STOPPED}
2022-08-20 07:52:32,733 [ForkJoinPool.commonPool-worker-1] INFO  server.session (HouseKeeper.java:stopScavenging(149)) - node0 Stopped scavenging
2022-08-20 07:52:32,735 [ForkJoinPool.commonPool-worker-1] INFO  handler.ContextHandler (ContextHandler.java:doStop(1153)) - Stopped o.e.j.s.ServletContextHandler@785c5b78{static,/static,jar:file:/home/runner/.m2/repository/org/apache/ozone/hdds-container-service/1.3.0-SNAPSHOT/hdds-container-service-1.3.0-SNAPSHOT.jar!/webapps/static,STOPPED}
2022-08-20 07:52:32,736 [ForkJoinPool.commonPool-worker-1] INFO  handler.ContextHandler (ContextHandler.java:doStop(1153)) - Stopped o.e.j.s.ServletContextHandler@10d29fe{logs,/logs,file:///home/runner/work/ozone/ozone/hadoop-ozone/integration-test/target/log,STOPPED}
2022-08-20 07:52:37,738 [ForkJoinPool.commonPool-worker-1] INFO  ozoneimpl.OzoneContainer (OzoneContainer.java:stop(399)) - Attempting to stop container services.
2022-08-20 07:52:37,741 [ForkJoinPool.commonPool-worker-1] INFO  server.RaftServer (RaftServerProxy.java:lambda$close$7(398)) - 3c3acde4-fad3-4bcf-ba50-483a479e7724: close
2022-08-20 07:52:37,741 [ForkJoinPool.commonPool-worker-1] INFO  server.RaftServer$Division (RaftServerImpl.java:lambda$close$4(434)) - 3c3acde4-fad3-4bcf-ba50-483a479e7724@group-22CF1B72FA0A: shutdown
2022-08-20 07:52:37,741 [ForkJoinPool.commonPool-worker-1] INFO  util.JmxRegister (JmxRegister.java:unregister(73)) - Successfully un-registered JMX Bean with object name Ratis:service=RaftServer,group=group-22CF1B72FA0A,id=3c3acde4-fad3-4bcf-ba50-483a479e7724
2022-08-20 07:52:37,741 [ForkJoinPool.commonPool-worker-1] INFO  impl.RoleInfo (RoleInfo.java:shutdownLeaderState(93)) - 3c3acde4-fad3-4bcf-ba50-483a479e7724: shutdown 3c3acde4-fad3-4bcf-ba50-483a479e7724@group-22CF1B72FA0A-LeaderStateImpl
2022-08-20 07:52:37,741 [ForkJoinPool.commonPool-worker-1] INFO  impl.PendingRequests (PendingRequests.java:sendNotLeaderResponses(282)) - 3c3acde4-fad3-4bcf-ba50-483a479e7724@group-22CF1B72FA0A-PendingRequests: sendNotLeaderResponses
2022-08-20 07:52:37,742 [ForkJoinPool.commonPool-worker-1] INFO  impl.StateMachineUpdater (StateMachineUpdater.java:stopAndJoin(153)) - 3c3acde4-fad3-4bcf-ba50-483a479e7724@group-22CF1B72FA0A-StateMachineUpdater: set stopIndex = 0
2022-08-20 07:52:37,745 [3c3acde4-fad3-4bcf-ba50-483a479e7724@group-22CF1B72FA0A-StateMachineUpdater] INFO  ratis.ContainerStateMachine (ContainerStateMachine.java:takeSnapshot(304)) - group-22CF1B72FA0A: Taking a snapshot at:(t:1, i:0) file /home/runner/work/ozone/ozone/hadoop-ozone/integration-test/target/test-dir/MiniOzoneClusterImpl-7272e4b8-7574-4f4a-a19b-420921f06a31/datanode-3/data/ratis/097f77a4-c461-4dc7-b8be-22cf1b72fa0a/sm/snapshot.1_0
2022-08-20 07:52:37,750 [3c3acde4-fad3-4bcf-ba50-483a479e7724@group-22CF1B72FA0A-StateMachineUpdater] INFO  ratis.ContainerStateMachine (ContainerStateMachine.java:takeSnapshot(315)) - group-22CF1B72FA0A: Finished taking a snapshot at:(t:1, i:0) file:/home/runner/work/ozone/ozone/hadoop-ozone/integration-test/target/test-dir/MiniOzoneClusterImpl-7272e4b8-7574-4f4a-a19b-420921f06a31/datanode-3/data/ratis/097f77a4-c461-4dc7-b8be-22cf1b72fa0a/sm/snapshot.1_0 took: 6 ms
2022-08-20 07:52:37,751 [3c3acde4-fad3-4bcf-ba50-483a479e7724@group-22CF1B72FA0A-StateMachineUpdater] INFO  impl.StateMachineUpdater (StateMachineUpdater.java:takeSnapshot(287)) - 3c3acde4-fad3-4bcf-ba50-483a479e7724@group-22CF1B72FA0A-StateMachineUpdater: Took a snapshot at index 0
2022-08-20 07:52:37,751 [3c3acde4-fad3-4bcf-ba50-483a479e7724@group-22CF1B72FA0A-StateMachineUpdater] INFO  impl.StateMachineUpdater (StateMachineUpdater.java:lambda$new$0(92)) - 3c3acde4-fad3-4bcf-ba50-483a479e7724@group-22CF1B72FA0A-StateMachineUpdater: snapshotIndex: updateIncreasingly -1 -> 0
2022-08-20 07:52:37,751 [ForkJoinPool.commonPool-worker-1] INFO  server.RaftServer$Division (ServerState.java:close(429)) - 3c3acde4-fad3-4bcf-ba50-483a479e7724@group-22CF1B72FA0A: closes. applyIndex: 0
2022-08-20 07:52:37,751 [3c3acde4-fad3-4bcf-ba50-483a479e7724@group-22CF1B72FA0A-SegmentedRaftLogWorker] INFO  segmented.SegmentedRaftLogWorker (SegmentedRaftLogWorker.java:run(336)) - 3c3acde4-fad3-4bcf-ba50-483a479e7724@group-22CF1B72FA0A-SegmentedRaftLogWorker was interrupted, exiting. There are 0 tasks remaining in the queue.
2022-08-20 07:52:37,752 [ForkJoinPool.commonPool-worker-1] INFO  segmented.SegmentedRaftLogWorker (SegmentedRaftLogWorker.java:close(246)) - 3c3acde4-fad3-4bcf-ba50-483a479e7724@group-22CF1B72FA0A-SegmentedRaftLogWorker close()
2022-08-20 07:52:37,753 [ForkJoinPool.commonPool-worker-1] INFO  server.GrpcService (GrpcService.java:closeImpl(269)) - 3c3acde4-fad3-4bcf-ba50-483a479e7724: shutdown server with port 40393 now
2022-08-20 07:52:37,762 [ForkJoinPool.commonPool-worker-1] INFO  server.GrpcService (GrpcService.java:closeImpl(278)) - 3c3acde4-fad3-4bcf-ba50-483a479e7724: shutdown server with port 40393 successfully
2022-08-20 07:52:37,769 [org.apache.ratis.util.JvmPauseMonitor$$Lambda$621/1550133838@79ac650f] INFO  util.JvmPauseMonitor (JvmPauseMonitor.java:run(109)) - JvmPauseMonitor-3c3acde4-fad3-4bcf-ba50-483a479e7724: Stopped
2022-08-20 07:52:39,791 [ForkJoinPool.commonPool-worker-1] INFO  utils.BackgroundService (BackgroundService.java:shutdown(141)) - Shutting down service BlockDeletingService
2022-08-20 07:52:39,792 [ForkJoinPool.commonPool-worker-1] INFO  utils.BackgroundService (BackgroundService.java:shutdown(141)) - Shutting down service StaleRecoveringContainerScrubbingService
2022-08-20 07:52:42,808 [ForkJoinPool.commonPool-worker-1] INFO  statemachine.DatanodeStateMachine (DatanodeStateMachine.java:stopDaemon(580)) - Ozone container server stopped.
2022-08-20 07:52:42,830 [ForkJoinPool.commonPool-worker-1] INFO  handler.ContextHandler (ContextHandler.java:doStop(1153)) - Stopped o.e.j.w.WebAppContext@4536cfd3{hddsDatanode,/,null,STOPPED}{jar:file:/home/runner/.m2/repository/org/apache/ozone/hdds-container-service/1.3.0-SNAPSHOT/hdds-container-service-1.3.0-SNAPSHOT.jar!/webapps/hddsDatanode}
2022-08-20 07:52:42,838 [ForkJoinPool.commonPool-worker-1] INFO  server.AbstractConnector (AbstractConnector.java:doStop(381)) - Stopped ServerConnector@631f8c82{HTTP/1.1, (http/1.1)}{0.0.0.0:0}
2022-08-20 07:52:42,838 [ForkJoinPool.commonPool-worker-1] INFO  server.session (HouseKeeper.java:stopScavenging(149)) - node0 Stopped scavenging
2022-08-20 07:52:42,839 [ForkJoinPool.commonPool-worker-1] INFO  handler.ContextHandler (ContextHandler.java:doStop(1153)) - Stopped o.e.j.s.ServletContextHandler@44c59ea1{static,/static,jar:file:/home/runner/.m2/repository/org/apache/ozone/hdds-container-service/1.3.0-SNAPSHOT/hdds-container-service-1.3.0-SNAPSHOT.jar!/webapps/static,STOPPED}
2022-08-20 07:52:42,840 [ForkJoinPool.commonPool-worker-1] INFO  handler.ContextHandler (ContextHandler.java:doStop(1153)) - Stopped o.e.j.s.ServletContextHandler@e0986ed{logs,/logs,file:///home/runner/work/ozone/ozone/hadoop-ozone/integration-test/target/log,STOPPED}
2022-08-20 07:52:42,841 [Listener at 127.0.0.1/40219] INFO  ozone.MiniOzoneClusterImpl (MiniOzoneClusterImpl.java:stopSCM(537)) - Stopping the StorageContainerManager
2022-08-20 07:52:42,841 [Listener at 127.0.0.1/40219] INFO  server.StorageContainerManager (StorageContainerManager.java:stop(1552)) - Container Balancer is not running.
2022-08-20 07:52:42,841 [Listener at 127.0.0.1/40219] INFO  server.StorageContainerManager (StorageContainerManager.java:stop(1559)) - Stopping Replication Manager Service.
2022-08-20 07:52:42,841 [Listener at 127.0.0.1/40219] INFO  replication.ReplicationManager (ReplicationManager.java:stop(239)) - Stopping Replication Monitor Thread.
2022-08-20 07:52:42,842 [Listener at 127.0.0.1/40219] INFO  server.StorageContainerManager (StorageContainerManager.java:stop(1566)) - Stopping the Datanode Admin Monitor.
2022-08-20 07:52:42,842 [ReplicationMonitor] INFO  replication.ReplicationManager (ReplicationManager.java:run(543)) - Replication Monitor Thread is stopped
2022-08-20 07:52:42,842 [Listener at 127.0.0.1/40219] INFO  server.StorageContainerManager (StorageContainerManager.java:stop(1573)) - Stopping Lease Manager of the command watchers
2022-08-20 07:52:42,842 [Listener at 127.0.0.1/40219] INFO  server.StorageContainerManager (StorageContainerManager.java:stop(1580)) - Stopping datanode service RPC server
2022-08-20 07:52:42,844 [Listener at 127.0.0.1/40219] INFO  server.SCMDatanodeProtocolServer (SCMDatanodeProtocolServer.java:stop(414)) - Stopping the RPC server for DataNodes
2022-08-20 07:52:42,844 [Listener at 127.0.0.1/40219] INFO  ipc.Server (Server.java:stop(3414)) - Stopping server on 33787
2022-08-20 07:52:42,845 [IPC Server Responder] INFO  ipc.Server (Server.java:run(1512)) - Stopping IPC Server Responder
2022-08-20 07:52:42,847 [IPC Server listener on 0] INFO  ipc.Server (Server.java:run(1376)) - Stopping IPC Server listener on 0
2022-08-20 07:52:42,860 [SCM Heartbeat Processing Thread - 0] WARN  node.NodeStateManager (NodeStateManager.java:scheduleNextHealthCheck(870)) - Current Thread is interrupted, shutting down HB processing thread for Node Manager.
2022-08-20 07:52:42,861 [Listener at 127.0.0.1/40219] INFO  server.StorageContainerManager (StorageContainerManager.java:stop(1588)) - Stopping block service RPC server
2022-08-20 07:52:42,861 [Listener at 127.0.0.1/40219] INFO  server.SCMBlockProtocolServer (SCMBlockProtocolServer.java:stop(161)) - Stopping the RPC server for Block Protocol
2022-08-20 07:52:42,861 [Listener at 127.0.0.1/40219] INFO  ipc.Server (Server.java:stop(3414)) - Stopping server on 46265
2022-08-20 07:52:42,863 [IPC Server Responder] INFO  ipc.Server (Server.java:run(1512)) - Stopping IPC Server Responder
2022-08-20 07:52:42,863 [Listener at 127.0.0.1/40219] INFO  server.StorageContainerManager (StorageContainerManager.java:stop(1595)) - Stopping the StorageContainerLocationProtocol RPC server
2022-08-20 07:52:42,863 [Listener at 127.0.0.1/40219] INFO  server.SCMClientProtocolServer (SCMClientProtocolServer.java:stop(179)) - Stopping the RPC server for Client Protocol
2022-08-20 07:52:42,863 [Listener at 127.0.0.1/40219] INFO  ipc.Server (Server.java:stop(3414)) - Stopping server on 39871
2022-08-20 07:52:42,864 [IPC Server listener on 0] INFO  ipc.Server (Server.java:run(1376)) - Stopping IPC Server listener on 0
2022-08-20 07:52:42,865 [IPC Server Responder] INFO  ipc.Server (Server.java:run(1512)) - Stopping IPC Server Responder
2022-08-20 07:52:42,865 [IPC Server listener on 0] INFO  ipc.Server (Server.java:run(1376)) - Stopping IPC Server listener on 0
2022-08-20 07:52:42,865 [Listener at 127.0.0.1/40219] INFO  server.StorageContainerManager (StorageContainerManager.java:stop(1602)) - Stopping Storage Container Manager HTTP server.
2022-08-20 07:52:42,866 [Listener at 127.0.0.1/40219] INFO  handler.ContextHandler (ContextHandler.java:doStop(1153)) - Stopped o.e.j.w.WebAppContext@6e757f39{scm,/,null,STOPPED}{file:/home/runner/work/ozone/ozone/hadoop-ozone/integration-test/target/test-classes/webapps/scm}
2022-08-20 07:52:42,867 [Listener at 127.0.0.1/40219] INFO  server.AbstractConnector (AbstractConnector.java:doStop(381)) - Stopped ServerConnector@4a7c8cb7{HTTP/1.1, (http/1.1)}{0.0.0.0:0}
2022-08-20 07:52:42,867 [Listener at 127.0.0.1/40219] INFO  server.session (HouseKeeper.java:stopScavenging(149)) - node0 Stopped scavenging
2022-08-20 07:52:42,868 [Listener at 127.0.0.1/40219] INFO  handler.ContextHandler (ContextHandler.java:doStop(1153)) - Stopped o.e.j.s.ServletContextHandler@35217e0{static,/static,file:///home/runner/work/ozone/ozone/hadoop-ozone/integration-test/target/test-classes/webapps/static,STOPPED}
2022-08-20 07:52:42,868 [Listener at 127.0.0.1/40219] INFO  handler.ContextHandler (ContextHandler.java:doStop(1153)) - Stopped o.e.j.s.ServletContextHandler@42fdf45e{logs,/logs,file:///home/runner/work/ozone/ozone/hadoop-ozone/integration-test/target/log,STOPPED}
2022-08-20 07:52:42,871 [Listener at 127.0.0.1/40219] INFO  server.StorageContainerManager (StorageContainerManager.java:stop(1608)) - Stopping SCM LayoutVersionManager Service.
2022-08-20 07:52:42,871 [Listener at 127.0.0.1/40219] INFO  server.StorageContainerManager (StorageContainerManager.java:stop(1616)) - Stopping Block Manager Service.
2022-08-20 07:52:42,871 [Listener at 127.0.0.1/40219] INFO  utils.BackgroundService (BackgroundService.java:shutdown(141)) - Shutting down service SCMBlockDeletingService
2022-08-20 07:52:42,871 [Listener at 127.0.0.1/40219] INFO  utils.BackgroundService (BackgroundService.java:shutdown(141)) - Shutting down service SCMBlockDeletingService
2022-08-20 07:52:42,872 [Listener at 127.0.0.1/40219] INFO  server.StorageContainerManager (StorageContainerManager.java:stop(1643)) - Stopping SCM Event Queue.
2022-08-20 07:52:42,878 [Listener at 127.0.0.1/40219] INFO  server.StorageContainerManager (StorageContainerManager.java:stop(1654)) - Stopping SCM HA services.
2022-08-20 07:52:42,878 [Listener at 127.0.0.1/40219] INFO  pipeline.BackgroundPipelineCreator (BackgroundPipelineCreator.java:stop(149)) - Stopping RatisPipelineUtilsThread.
2022-08-20 07:52:42,878 [RatisPipelineUtilsThread - 0] WARN  pipeline.BackgroundPipelineCreator (BackgroundPipelineCreator.java:run(180)) - RatisPipelineUtilsThread is interrupted.
2022-08-20 07:52:42,879 [BackgroundPipelineScrubberThread] WARN  BackgroundPipelineScrubber (BackgroundSCMService.java:run(115)) - BackgroundPipelineScrubber is interrupted, exit
2022-08-20 07:52:42,879 [Listener at 127.0.0.1/40219] INFO  BackgroundPipelineScrubber (BackgroundSCMService.java:stop(131)) - Stopping BackgroundPipelineScrubber Service.
2022-08-20 07:52:42,879 [Listener at 127.0.0.1/40219] INFO  server.StorageContainerManager (StorageContainerManager.java:stop(1664)) - Stopping SCM MetadataStore.
2022-08-20 07:52:42,883 [Listener at 127.0.0.1/40219] INFO  impl.MetricsSystemImpl (MetricsSystemImpl.java:stop(210)) - Stopping XceiverClientMetrics metrics system...
2022-08-20 07:52:42,927 [prometheus] INFO  impl.MetricsSinkAdapter (MetricsSinkAdapter.java:publishMetricsFromQueue(141)) - prometheus thread interrupted.
2022-08-20 07:52:42,927 [Listener at 127.0.0.1/40219] INFO  impl.MetricsSystemImpl (MetricsSystemImpl.java:stop(216)) - XceiverClientMetrics metrics system stopped.
2022-08-20 07:52:43,179 [Listener at 127.0.0.1/40219] WARN  server.ServerUtils (ServerUtils.java:getScmDbDir(148)) - ozone.scm.db.dirs is not configured. We recommend adding this setting. Falling back to ozone.metadata.dirs instead.
2022-08-20 07:52:43,184 [Listener at 127.0.0.1/40219] WARN  server.ServerUtils (ServerUtils.java:getScmDbDir(148)) - ozone.scm.db.dirs is not configured. We recommend adding this setting. Falling back to ozone.metadata.dirs instead.
2022-08-20 07:52:43,184 [Listener at 127.0.0.1/40219] INFO  ha.SCMHANodeDetails (SCMHANodeDetails.java:loadSCMHAConfig(209)) - ServiceID for StorageContainerManager is null
2022-08-20 07:52:43,184 [Listener at 127.0.0.1/40219] INFO  ha.SCMHANodeDetails (SCMHANodeDetails.java:loadSCMHAConfig(214)) - ozone.scm.default.service.id is not defined, falling back to ozone.scm.service.ids to find serviceID for StorageContainerManager if it is HA enabled cluster
2022-08-20 07:52:43,185 [Listener at 127.0.0.1/40219] WARN  utils.HAUtils (HAUtils.java:getMetaDir(342)) - ozone.scm.db.dirs is not configured. We recommend adding this setting. Falling back to ozone.metadata.dirs instead.
2022-08-20 07:52:43,187 [Listener at 127.0.0.1/40219] WARN  db.DBStoreBuilder (DBStoreBuilder.java:applyDBDefinition(143)) - ozone.scm.db.dirs is not configured. We recommend adding this setting. Falling back to ozone.metadata.dirs instead.
2022-08-20 07:52:43,424 [Listener at 127.0.0.1/40219] INFO  net.NodeSchemaLoader (NodeSchemaLoader.java:loadSchemaFromFile(129)) - Loading schema from [jar:file:/home/runner/.m2/repository/org/apache/ozone/hdds-common/1.3.0-SNAPSHOT/hdds-common-1.3.0-SNAPSHOT.jar!/network-topology-default.xml]
2022-08-20 07:52:43,424 [Listener at 127.0.0.1/40219] INFO  net.NodeSchemaLoader (NodeSchemaLoader.java:loadSchema(176)) - Loading network topology layer schema file
2022-08-20 07:52:43,426 [Listener at 127.0.0.1/40219] INFO  upgrade.AbstractLayoutVersionManager (AbstractLayoutVersionManager.java:init(83)) - Initializing Layout version manager with metadata layout = DATANODE_SCHEMA_V3 (version = 4), software layout = DATANODE_SCHEMA_V3 (version = 4)
2022-08-20 07:52:43,512 [Listener at 127.0.0.1/40219] INFO  reflections.Reflections (Reflections.java:scan(232)) - Reflections took 76 ms to scan 7 urls, producing 133 keys and 322 values 
2022-08-20 07:52:43,523 [Listener at 127.0.0.1/40219] INFO  ha.SequenceIdGenerator (SequenceIdGenerator.java:upgradeToSequenceId(349)) - upgrade localId to 109611004723200000
2022-08-20 07:52:43,523 [Listener at 127.0.0.1/40219] INFO  ha.SequenceIdGenerator (SequenceIdGenerator.java:upgradeToSequenceId(359)) - upgrade delTxnId to 0
2022-08-20 07:52:43,524 [Listener at 127.0.0.1/40219] INFO  ha.SequenceIdGenerator (SequenceIdGenerator.java:upgradeToSequenceId(376)) - upgrade containerId to 0
2022-08-20 07:52:43,524 [Listener at 127.0.0.1/40219] INFO  ha.SequenceIdGenerator (SequenceIdGenerator.java:<init>(220)) - Init the HA SequenceIdGenerator.
2022-08-20 07:52:43,526 [Listener at 127.0.0.1/40219] WARN  server.ServerUtils (ServerUtils.java:sanitizeUserArgs(73)) - ozone.scm.stale.node.interval value = 300000 is larger than max = 100000 based on the key value of ozone.scm.heartbeat.thread.interval, reset to the max value 100000.
2022-08-20 07:52:43,527 [Listener at 127.0.0.1/40219] WARN  server.ServerUtils (ServerUtils.java:sanitizeUserArgs(73)) - ozone.scm.stale.node.interval value = 300000 is larger than max = 100000 based on the key value of ozone.scm.heartbeat.thread.interval, reset to the max value 100000.
2022-08-20 07:52:43,529 [Listener at 127.0.0.1/40219] INFO  node.SCMNodeManager (SCMNodeManager.java:<init>(149)) - Entering startup safe mode.
2022-08-20 07:52:43,534 [Listener at 127.0.0.1/40219] INFO  algorithms.ContainerPlacementPolicyFactory (ContainerPlacementPolicyFactory.java:getPolicyInternal(86)) - Create container placement policy of type org.apache.hadoop.hdds.scm.container.placement.algorithms.SCMContainerPlacementRandom
2022-08-20 07:52:43,534 [Listener at 127.0.0.1/40219] INFO  algorithms.ContainerPlacementPolicyFactory (ContainerPlacementPolicyFactory.java:getPolicyInternal(86)) - Create container placement policy of type org.apache.hadoop.hdds.scm.container.placement.algorithms.SCMContainerPlacementRackScatter
2022-08-20 07:52:43,534 [Listener at 127.0.0.1/40219] INFO  pipeline.PipelineStateManagerImpl (PipelineStateManagerImpl.java:initialize(78)) - No pipeline exists in current db
2022-08-20 07:52:43,535 [Listener at 127.0.0.1/40219] INFO  algorithms.LeaderChoosePolicyFactory (LeaderChoosePolicyFactory.java:getPolicy(57)) - Create leader choose policy of type org.apache.hadoop.hdds.scm.pipeline.leader.choose.algorithms.MinLeaderCountChoosePolicy
2022-08-20 07:52:43,535 [Listener at 127.0.0.1/40219] INFO  algorithms.ContainerPlacementPolicyFactory (ContainerPlacementPolicyFactory.java:getPolicyInternal(86)) - Create container placement policy of type org.apache.hadoop.hdds.scm.container.placement.algorithms.SCMContainerPlacementRackScatter
2022-08-20 07:52:43,535 [Listener at 127.0.0.1/40219] INFO  ha.SCMServiceManager (SCMServiceManager.java:register(42)) - Registering service BackgroundPipelineCreator.
2022-08-20 07:52:43,535 [Listener at 127.0.0.1/40219] INFO  pipeline.BackgroundPipelineCreator (BackgroundPipelineCreator.java:start(124)) - Starting RatisPipelineUtilsThread.
2022-08-20 07:52:43,541 [Listener at 127.0.0.1/40219] INFO  BackgroundPipelineScrubber (BackgroundSCMService.java:start(68)) - Starting BackgroundPipelineScrubber Service.
2022-08-20 07:52:43,542 [Listener at 127.0.0.1/40219] INFO  ha.SCMServiceManager (SCMServiceManager.java:register(42)) - Registering service BackgroundPipelineScrubber.
2022-08-20 07:52:43,542 [Listener at 127.0.0.1/40219] INFO  ExpiredContainerReplicaOpScrubber (BackgroundSCMService.java:start(68)) - Starting ExpiredContainerReplicaOpScrubber Service.
2022-08-20 07:52:43,547 [Listener at 127.0.0.1/40219] INFO  ha.SCMServiceManager (SCMServiceManager.java:register(42)) - Registering service ExpiredContainerReplicaOpScrubber.
2022-08-20 07:52:43,548 [Listener at 127.0.0.1/40219] INFO  algorithms.PipelineChoosePolicyFactory (PipelineChoosePolicyFactory.java:createPipelineChoosePolicyFromClass(73)) - Create pipeline choose policy of type org.apache.hadoop.hdds.scm.pipeline.choose.algorithms.RandomPipelineChoosePolicy
2022-08-20 07:52:43,548 [Listener at 127.0.0.1/40219] INFO  ha.SCMServiceManager (SCMServiceManager.java:register(42)) - Registering service SCMBlockDeletingService.
2022-08-20 07:52:43,549 [Listener at 127.0.0.1/40219] INFO  replication.ReplicationManager (ReplicationManager.java:start(206)) - Starting Replication Monitor Thread.
2022-08-20 07:52:43,549 [Listener at 127.0.0.1/40219] INFO  UnderReplicatedQueueThread (BackgroundSCMService.java:start(68)) - Starting UnderReplicatedQueueThread Service.
2022-08-20 07:52:43,550 [Listener at 127.0.0.1/40219] INFO  ha.SCMServiceManager (SCMServiceManager.java:register(42)) - Registering service UnderReplicatedQueueThread.
2022-08-20 07:52:43,550 [Listener at 127.0.0.1/40219] INFO  OverReplicatedQueueThread (BackgroundSCMService.java:start(68)) - Starting OverReplicatedQueueThread Service.
2022-08-20 07:52:43,551 [ReplicationMonitor] INFO  replication.ReplicationManager (ReplicationManager.java:processAll(255)) - Replication Manager is not ready to run until 3000ms after safemode exit
2022-08-20 07:52:43,556 [Listener at 127.0.0.1/40219] INFO  ha.SCMServiceManager (SCMServiceManager.java:register(42)) - Registering service OverReplicatedQueueThread.
2022-08-20 07:52:43,556 [Listener at 127.0.0.1/40219] INFO  ha.SCMServiceManager (SCMServiceManager.java:register(42)) - Registering service ReplicationManager.
2022-08-20 07:52:43,557 [Listener at 127.0.0.1/40219] INFO  safemode.ContainerSafeModeRule (ContainerSafeModeRule.java:<init>(89)) - containers with one replica threshold count 0
2022-08-20 07:52:43,557 [Listener at 127.0.0.1/40219] INFO  safemode.HealthyPipelineSafeModeRule (HealthyPipelineSafeModeRule.java:initializeRule(169)) - Total pipeline count is 0, healthy pipeline threshold count is 1
2022-08-20 07:52:43,557 [Listener at 127.0.0.1/40219] INFO  safemode.OneReplicaPipelineSafeModeRule (OneReplicaPipelineSafeModeRule.java:initializeRule(180)) - Total pipeline count is 0, pipeline's with at least one datanode reported threshold count is 0
2022-08-20 07:52:43,558 [Listener at 127.0.0.1/40219] INFO  ipc.CallQueueManager (CallQueueManager.java:<init>(90)) - Using callQueue: class java.util.concurrent.LinkedBlockingQueue, queueCapacity: 2000, scheduler: class org.apache.hadoop.ipc.DefaultRpcScheduler, ipcBackoff: false.
2022-08-20 07:52:43,558 [Socket Reader #1 for port 0] INFO  ipc.Server (Server.java:run(1265)) - Starting Socket Reader #1 for port 0
2022-08-20 07:52:43,559 [Listener at 0.0.0.0/36217] INFO  ipc.CallQueueManager (CallQueueManager.java:<init>(90)) - Using callQueue: class java.util.concurrent.LinkedBlockingQueue, queueCapacity: 2000, scheduler: class org.apache.hadoop.ipc.DefaultRpcScheduler, ipcBackoff: false.
2022-08-20 07:52:43,564 [Socket Reader #1 for port 0] INFO  ipc.Server (Server.java:run(1265)) - Starting Socket Reader #1 for port 0
2022-08-20 07:52:43,565 [Listener at 0.0.0.0/39233] INFO  ipc.CallQueueManager (CallQueueManager.java:<init>(90)) - Using callQueue: class java.util.concurrent.LinkedBlockingQueue, queueCapacity: 2000, scheduler: class org.apache.hadoop.ipc.DefaultRpcScheduler, ipcBackoff: false.
2022-08-20 07:52:43,572 [Socket Reader #1 for port 0] INFO  ipc.Server (Server.java:run(1265)) - Starting Socket Reader #1 for port 0
2022-08-20 07:52:43,635 [Listener at 0.0.0.0/37423] INFO  ha.SCMServiceManager (SCMServiceManager.java:register(42)) - Registering service ContainerBalancer.
2022-08-20 07:52:43,635 [Listener at 0.0.0.0/37423] INFO  server.StorageContainerManager (StorageContainerManager.java:<init>(406)) - 
Container Balancer status:
Key                            Value
Running                        false
Container Balancer Configuration values:
Key                                                Value
Threshold                                          10
Max Datanodes to Involve per Iteration(percent)    20
Max Size to Move per Iteration                     500GB
Max Size Entering Target per Iteration             26GB
Max Size Leaving Source per Iteration              26GB

2022-08-20 07:52:43,635 [Listener at 0.0.0.0/37423] WARN  events.EventQueue (EventQueue.java:fireEvent(216)) - No event handler registered for event TypedEvent{payloadType=SafeModeStatus, name='Safe mode status'}
2022-08-20 07:52:43,635 [Listener at 0.0.0.0/37423] INFO  ha.SCMContext (SCMContext.java:updateSafeModeStatus(228)) - Update SafeModeStatus from SafeModeStatus{safeModeStatus=true, preCheckPassed=false} to SafeModeStatus{safeModeStatus=true, preCheckPassed=false}.
2022-08-20 07:52:43,636 [Listener at 0.0.0.0/37423] INFO  server.StorageContainerManager (StorageContainerManager.java:start(1460)) - StorageContainerLocationProtocol RPC server is listening at /0.0.0.0:37423
2022-08-20 07:52:43,639 [Listener at 0.0.0.0/37423] WARN  impl.MetricsConfig (MetricsConfig.java:loadFirst(136)) - Cannot locate configuration: tried hadoop-metrics2-storagecontainermanager.properties,hadoop-metrics2.properties
2022-08-20 07:52:43,650 [Listener at 0.0.0.0/37423] INFO  impl.MetricsSystemImpl (MetricsSystemImpl.java:startTimer(378)) - Scheduled Metric snapshot period at 10 second(s).
2022-08-20 07:52:43,650 [Listener at 0.0.0.0/37423] INFO  impl.MetricsSystemImpl (MetricsSystemImpl.java:start(191)) - StorageContainerManager metrics system started
2022-08-20 07:52:43,681 [Listener at 0.0.0.0/37423] INFO  impl.MetricsSinkAdapter (MetricsSinkAdapter.java:start(204)) - Sink prometheus started
2022-08-20 07:52:43,681 [Listener at 0.0.0.0/37423] INFO  impl.MetricsSystemImpl (MetricsSystemImpl.java:registerSink(305)) - Registered sink prometheus
2022-08-20 07:52:43,734 [Listener at 0.0.0.0/37423] INFO  server.SCMClientProtocolServer (SCMClientProtocolServer.java:start(170)) - RPC server for Client  is listening at /0.0.0.0:37423
2022-08-20 07:52:43,749 [IPC Server Responder] INFO  ipc.Server (Server.java:run(1507)) - IPC Server Responder: starting
2022-08-20 07:52:43,757 [IPC Server listener on 0] INFO  ipc.Server (Server.java:run(1344)) - IPC Server listener on 0: starting
2022-08-20 07:52:43,769 [Listener at 0.0.0.0/37423] INFO  server.StorageContainerManager (StorageContainerManager.java:start(1475)) - ScmBlockLocationProtocol RPC server is listening at /0.0.0.0:39233
2022-08-20 07:52:43,770 [Listener at 0.0.0.0/37423] INFO  server.SCMBlockProtocolServer (SCMBlockProtocolServer.java:start(152)) - RPC server for Block Protocol is listening at /0.0.0.0:39233
2022-08-20 07:52:43,778 [IPC Server Responder] INFO  ipc.Server (Server.java:run(1507)) - IPC Server Responder: starting
2022-08-20 07:52:43,790 [IPC Server listener on 0] INFO  ipc.Server (Server.java:run(1344)) - IPC Server listener on 0: starting
2022-08-20 07:52:43,839 [Listener at 0.0.0.0/37423] INFO  server.SCMDatanodeProtocolServer (SCMDatanodeProtocolServer.java:start(186)) - ScmDatanodeProtocol RPC server for DataNodes is listening at /0.0.0.0:36217
2022-08-20 07:52:43,840 [IPC Server Responder] INFO  ipc.Server (Server.java:run(1507)) - IPC Server Responder: starting
2022-08-20 07:52:43,840 [IPC Server listener on 0] INFO  ipc.Server (Server.java:run(1344)) - IPC Server listener on 0: starting
2022-08-20 07:52:43,863 [org.apache.hadoop.util.JvmPauseMonitor$Monitor@ac6f788] INFO  util.JvmPauseMonitor (JvmPauseMonitor.java:run(188)) - Starting JVM pause monitor
2022-08-20 07:52:43,870 [Listener at 0.0.0.0/37423] INFO  http.BaseHttpServer (BaseHttpServer.java:newHttpServer2BuilderForOzone(209)) - Starting Web-server for scm at: http://0.0.0.0:0
2022-08-20 07:52:43,870 [Listener at 0.0.0.0/37423] INFO  http.BaseHttpServer (BaseHttpServer.java:<init>(107)) - Hadoop Security Enabled: false Ozone Security Enabled: false Ozone HTTP Security Enabled: false 
2022-08-20 07:52:43,872 [Listener at 0.0.0.0/37423] INFO  server.AuthenticationFilter (AuthenticationFilter.java:constructSecretProvider(240)) - Unable to initialize FileSignerSecretProvider, falling back to use random secrets.
2022-08-20 07:52:43,884 [Listener at 0.0.0.0/37423] WARN  http.HttpRequestLog (HttpRequestLog.java:getRequestLog(103)) - Jetty request log can only be enabled using Log4j
2022-08-20 07:52:43,886 [Listener at 0.0.0.0/37423] INFO  http.HttpServer2 (HttpServer2.java:addGlobalFilter(1029)) - Added global filter 'safety' (class=org.apache.hadoop.hdds.server.http.HttpServer2$QuotingInputFilter)
2022-08-20 07:52:43,887 [Listener at 0.0.0.0/37423] INFO  http.HttpServer2 (HttpServer2.java:addFilter(1005)) - Added filter static_user_filter (class=org.apache.hadoop.http.lib.StaticUserWebFilter$StaticUserFilter) to context scm
2022-08-20 07:52:43,887 [Listener at 0.0.0.0/37423] INFO  http.HttpServer2 (HttpServer2.java:addFilter(1013)) - Added filter static_user_filter (class=org.apache.hadoop.http.lib.StaticUserWebFilter$StaticUserFilter) to context static
2022-08-20 07:52:43,887 [Listener at 0.0.0.0/37423] INFO  http.HttpServer2 (HttpServer2.java:addFilter(1013)) - Added filter static_user_filter (class=org.apache.hadoop.http.lib.StaticUserWebFilter$StaticUserFilter) to context logs
2022-08-20 07:52:43,887 [Listener at 0.0.0.0/37423] INFO  http.HttpServer2 (HttpServer2.java:bindListener(1248)) - Jetty bound to port 33491
2022-08-20 07:52:43,888 [Listener at 0.0.0.0/37423] INFO  server.Server (Server.java:doStart(375)) - jetty-9.4.43.v20210629; built: 2021-06-30T11:07:22.254Z; git: 526006ecfa3af7f1a27ef3a288e2bef7ea9dd7e8; jvm 1.8.0_332-b09
2022-08-20 07:52:43,889 [Listener at 0.0.0.0/37423] INFO  server.session (DefaultSessionIdManager.java:doStart(334)) - DefaultSessionIdManager workerName=node0
2022-08-20 07:52:43,889 [Listener at 0.0.0.0/37423] INFO  server.session (DefaultSessionIdManager.java:doStart(339)) - No SessionScavenger set, using defaults
2022-08-20 07:52:43,889 [Listener at 0.0.0.0/37423] INFO  server.session (HouseKeeper.java:startScavenging(132)) - node0 Scavenging every 600000ms
2022-08-20 07:52:43,891 [Listener at 0.0.0.0/37423] INFO  handler.ContextHandler (ContextHandler.java:doStart(915)) - Started o.e.j.s.ServletContextHandler@3226aaef{logs,/logs,file:///home/runner/work/ozone/ozone/hadoop-ozone/integration-test/target/log,AVAILABLE}
2022-08-20 07:52:43,891 [Listener at 0.0.0.0/37423] INFO  handler.ContextHandler (ContextHandler.java:doStart(915)) - Started o.e.j.s.ServletContextHandler@4a51a4d7{static,/static,file:///home/runner/work/ozone/ozone/hadoop-ozone/integration-test/target/test-classes/webapps/static,AVAILABLE}
2022-08-20 07:52:43,903 [Listener at 0.0.0.0/37423] INFO  handler.ContextHandler (ContextHandler.java:doStart(915)) - Started o.e.j.w.WebAppContext@431788ba{scm,/,file:///home/runner/work/ozone/ozone/hadoop-ozone/integration-test/target/test-classes/webapps/scm/,AVAILABLE}{file:/home/runner/work/ozone/ozone/hadoop-ozone/integration-test/target/test-classes/webapps/scm}
2022-08-20 07:52:43,910 [Listener at 0.0.0.0/37423] INFO  server.AbstractConnector (AbstractConnector.java:doStart(331)) - Started ServerConnector@437674c{HTTP/1.1, (http/1.1)}{0.0.0.0:33491}
2022-08-20 07:52:43,910 [Listener at 0.0.0.0/37423] INFO  server.Server (Server.java:doStart(415)) - Started @75551ms
2022-08-20 07:52:43,910 [Listener at 0.0.0.0/37423] WARN  impl.MetricsSystemImpl (MetricsSystemImpl.java:register(279)) - Sink prometheus already exists!
2022-08-20 07:52:43,911 [Listener at 0.0.0.0/37423] INFO  http.BaseHttpServer (BaseHttpServer.java:updateConnectorAddress(329)) - HTTP server of scm listening at http://0.0.0.0:33491
2022-08-20 07:52:43,911 [Listener at 0.0.0.0/37423] WARN  server.ServerUtils (ServerUtils.java:getDBPath(225)) - ozone.om.db.dirs is not configured. We recommend adding this setting. Falling back to ozone.metadata.dirs instead.
2022-08-20 07:52:43,913 [Listener at 0.0.0.0/37423] INFO  ha.OMHANodeDetails (OMHANodeDetails.java:loadOMHAConfig(115)) - ozone.om.internal.service.id is not defined, falling back to ozone.om.service.ids to find serviceID for OzoneManager if it is HA enabled cluster
2022-08-20 07:52:43,913 [Listener at 0.0.0.0/37423] INFO  ha.OMHANodeDetails (OMHANodeDetails.java:loadOMHAConfig(226)) - Configuration does not have ozone.om.address set. Falling back to the default OM address /127.0.0.1:0
2022-08-20 07:52:43,920 [Listener at 0.0.0.0/37423] INFO  ha.OMHANodeDetails (OMHANodeDetails.java:getOMNodeDetailsForNonHA(254)) - OM Service ID is not set. Setting it to the default ID: omServiceIdDefault
2022-08-20 07:52:43,920 [Listener at 0.0.0.0/37423] INFO  ha.OMHANodeDetails (OMHANodeDetails.java:getOMNodeDetailsForNonHA(261)) - OM Node ID is not set. Setting it to the default ID: om1
2022-08-20 07:52:43,921 [Listener at 0.0.0.0/37423] WARN  server.ServerUtils (ServerUtils.java:getDBPath(225)) - ozone.om.db.dirs is not configured. We recommend adding this setting. Falling back to ozone.metadata.dirs instead.
2022-08-20 07:52:43,921 [Listener at 0.0.0.0/37423] INFO  upgrade.AbstractLayoutVersionManager (AbstractLayoutVersionManager.java:init(83)) - Initializing Layout version manager with metadata layout = MULTITENANCY_SCHEMA (version = 3), software layout = MULTITENANCY_SCHEMA (version = 3)
2022-08-20 07:52:44,146 [Listener at 0.0.0.0/37423] INFO  reflections.Reflections (Reflections.java:scan(232)) - Reflections took 224 ms to scan 2 urls, producing 153 keys and 427 values [using 2 cores]
2022-08-20 07:52:44,147 [Listener at 0.0.0.0/37423] INFO  upgrade.OMLayoutVersionManager (OMLayoutVersionManager.java:lambda$0(115)) - Skipping Upgrade Action MockOmUpgradeAction since it has been finalized.
2022-08-20 07:52:44,147 [Listener at 0.0.0.0/37423] WARN  server.ServerUtils (ServerUtils.java:getDBPath(225)) - ozone.om.db.dirs is not configured. We recommend adding this setting. Falling back to ozone.metadata.dirs instead.
2022-08-20 07:52:44,162 [Listener at 0.0.0.0/37423] INFO  proxy.SCMBlockLocationFailoverProxyProvider (SCMBlockLocationFailoverProxyProvider.java:<init>(114)) - Created block location fail-over proxy with 1 nodes: [nodeId=scmNodeId,nodeAddress=/0.0.0.0:39233]
2022-08-20 07:52:44,163 [Listener at 0.0.0.0/37423] INFO  proxy.SCMBlockLocationFailoverProxyProvider (SCMBlockLocationFailoverProxyProvider.java:<init>(114)) - Created block location fail-over proxy with 1 nodes: [nodeId=scmNodeId,nodeAddress=/0.0.0.0:39233]
2022-08-20 07:52:44,194 [Listener at 0.0.0.0/37423] WARN  server.ServerUtils (ServerUtils.java:getDBPath(225)) - ozone.om.db.dirs is not configured. We recommend adding this setting. Falling back to ozone.metadata.dirs instead.
2022-08-20 07:52:44,194 [Listener at 0.0.0.0/37423] INFO  codec.OmKeyInfoCodec (OmKeyInfoCodec.java:<init>(49)) - OmKeyInfoCodec ignorePipeline = true
2022-08-20 07:52:44,194 [Listener at 0.0.0.0/37423] INFO  codec.RepeatedOmKeyInfoCodec (RepeatedOmKeyInfoCodec.java:<init>(41)) - RepeatedOmKeyInfoCodec ignorePipeline = true
2022-08-20 07:52:44,541 [Listener at 0.0.0.0/37423] INFO  om.OzoneManager (OzoneManager.java:instantiateServices(697)) - S3 Multi-Tenancy is disabled
2022-08-20 07:52:44,542 [Listener at 0.0.0.0/37423] INFO  om.OzoneManager (OzoneManager.java:addS3GVolumeToDB(4309)) - Created Volume s3v With Owner runner required for S3Gateway operations.
2022-08-20 07:52:44,543 [Listener at 0.0.0.0/37423] INFO  om.OzoneManager (OzoneManager.java:getRpcServer(1086)) - Creating RPC Server
2022-08-20 07:52:45,584 [Listener at 0.0.0.0/37423] INFO  reflections.Reflections (Reflections.java:scan(232)) - Reflections took 1039 ms to scan 19 urls, producing 67 keys and 4157 values [using 2 cores]
2022-08-20 07:52:45,585 [Listener at 0.0.0.0/37423] INFO  ipc.CallQueueManager (CallQueueManager.java:<init>(90)) - Using callQueue: class java.util.concurrent.LinkedBlockingQueue, queueCapacity: 2000, scheduler: class org.apache.hadoop.ipc.DefaultRpcScheduler, ipcBackoff: false.
2022-08-20 07:52:45,602 [Socket Reader #1 for port 0] INFO  ipc.Server (Server.java:run(1265)) - Starting Socket Reader #1 for port 0
2022-08-20 07:52:45,670 [Listener at 127.0.0.1/35463] INFO  impl.MetricsSystemImpl (MetricsSystemImpl.java:init(158)) - OzoneManager metrics system started (again)
2022-08-20 07:52:45,734 [Listener at 127.0.0.1/35463] INFO  om.OzoneManager (OzoneManager.java:start(1470)) - OzoneManager RPC server is listening at localhost/127.0.0.1:35463
2022-08-20 07:52:45,734 [Listener at 127.0.0.1/35463] INFO  om.OzoneManager (OzoneManager.java:start(1486)) - Version File has different layout version (3) than OM DB (null). That is expected if this OM has never been finalized to a newer layout version.
2022-08-20 07:52:45,754 [Listener at 127.0.0.1/35463] INFO  http.BaseHttpServer (BaseHttpServer.java:newHttpServer2BuilderForOzone(209)) - Starting Web-server for ozoneManager at: http://0.0.0.0:0
2022-08-20 07:52:45,754 [Listener at 127.0.0.1/35463] INFO  http.BaseHttpServer (BaseHttpServer.java:<init>(107)) - Hadoop Security Enabled: false Ozone Security Enabled: false Ozone HTTP Security Enabled: false 
2022-08-20 07:52:45,755 [Listener at 127.0.0.1/35463] INFO  server.AuthenticationFilter (AuthenticationFilter.java:constructSecretProvider(240)) - Unable to initialize FileSignerSecretProvider, falling back to use random secrets.
2022-08-20 07:52:45,766 [Listener at 127.0.0.1/35463] WARN  http.HttpRequestLog (HttpRequestLog.java:getRequestLog(103)) - Jetty request log can only be enabled using Log4j
2022-08-20 07:52:45,768 [Listener at 127.0.0.1/35463] INFO  http.HttpServer2 (HttpServer2.java:addGlobalFilter(1029)) - Added global filter 'safety' (class=org.apache.hadoop.hdds.server.http.HttpServer2$QuotingInputFilter)
2022-08-20 07:52:45,768 [Listener at 127.0.0.1/35463] INFO  http.HttpServer2 (HttpServer2.java:addFilter(1005)) - Added filter static_user_filter (class=org.apache.hadoop.http.lib.StaticUserWebFilter$StaticUserFilter) to context ozoneManager
2022-08-20 07:52:45,768 [Listener at 127.0.0.1/35463] INFO  http.HttpServer2 (HttpServer2.java:addFilter(1013)) - Added filter static_user_filter (class=org.apache.hadoop.http.lib.StaticUserWebFilter$StaticUserFilter) to context logs
2022-08-20 07:52:45,769 [Listener at 127.0.0.1/35463] INFO  http.HttpServer2 (HttpServer2.java:addFilter(1013)) - Added filter static_user_filter (class=org.apache.hadoop.http.lib.StaticUserWebFilter$StaticUserFilter) to context static
2022-08-20 07:52:45,769 [Listener at 127.0.0.1/35463] INFO  http.HttpServer2 (HttpServer2.java:bindListener(1248)) - Jetty bound to port 39533
2022-08-20 07:52:45,769 [Listener at 127.0.0.1/35463] INFO  server.Server (Server.java:doStart(375)) - jetty-9.4.43.v20210629; built: 2021-06-30T11:07:22.254Z; git: 526006ecfa3af7f1a27ef3a288e2bef7ea9dd7e8; jvm 1.8.0_332-b09
2022-08-20 07:52:45,819 [Listener at 127.0.0.1/35463] INFO  server.session (DefaultSessionIdManager.java:doStart(334)) - DefaultSessionIdManager workerName=node0
2022-08-20 07:52:45,819 [Listener at 127.0.0.1/35463] INFO  server.session (DefaultSessionIdManager.java:doStart(339)) - No SessionScavenger set, using defaults
2022-08-20 07:52:45,819 [Listener at 127.0.0.1/35463] INFO  server.session (HouseKeeper.java:startScavenging(132)) - node0 Scavenging every 600000ms
2022-08-20 07:52:45,821 [Listener at 127.0.0.1/35463] INFO  handler.ContextHandler (ContextHandler.java:doStart(915)) - Started o.e.j.s.ServletContextHandler@441de5ff{logs,/logs,file:///home/runner/work/ozone/ozone/hadoop-ozone/integration-test/target/log,AVAILABLE}
2022-08-20 07:52:45,821 [Listener at 127.0.0.1/35463] INFO  handler.ContextHandler (ContextHandler.java:doStart(915)) - Started o.e.j.s.ServletContextHandler@1f75708d{static,/static,file:///home/runner/work/ozone/ozone/hadoop-ozone/integration-test/target/test-classes/webapps/static,AVAILABLE}
2022-08-20 07:52:45,824 [Listener at 127.0.0.1/35463] INFO  handler.ContextHandler (ContextHandler.java:doStart(915)) - Started o.e.j.w.WebAppContext@249301ad{ozoneManager,/,file:///home/runner/work/ozone/ozone/hadoop-ozone/integration-test/target/test-classes/webapps/ozoneManager/,AVAILABLE}{file:/home/runner/work/ozone/ozone/hadoop-ozone/integration-test/target/test-classes/webapps/ozoneManager}
2022-08-20 07:52:45,831 [Listener at 127.0.0.1/35463] INFO  server.AbstractConnector (AbstractConnector.java:doStart(331)) - Started ServerConnector@516a54be{HTTP/1.1, (http/1.1)}{0.0.0.0:39533}
2022-08-20 07:52:45,832 [Listener at 127.0.0.1/35463] INFO  server.Server (Server.java:doStart(415)) - Started @77472ms
2022-08-20 07:52:45,832 [Listener at 127.0.0.1/35463] WARN  impl.MetricsSystemImpl (MetricsSystemImpl.java:register(279)) - Sink prometheus already exists!
2022-08-20 07:52:45,832 [Listener at 127.0.0.1/35463] INFO  http.BaseHttpServer (BaseHttpServer.java:updateConnectorAddress(329)) - HTTP server of ozoneManager listening at http://0.0.0.0:39533
2022-08-20 07:52:45,833 [IPC Server Responder] INFO  ipc.Server (Server.java:run(1507)) - IPC Server Responder: starting
2022-08-20 07:52:45,833 [IPC Server listener on 0] INFO  ipc.Server (Server.java:run(1344)) - IPC Server listener on 0: starting
2022-08-20 07:52:45,862 [Listener at 127.0.0.1/35463] INFO  om.TrashPolicyOzone (TrashPolicyOzone.java:<init>(178)) - Ozone Manager trash configuration: Deletion interval = 0 minutes, Emptier interval = 0 minutes.
2022-08-20 07:52:45,898 [org.apache.hadoop.util.JvmPauseMonitor$Monitor@3d9d761] INFO  util.JvmPauseMonitor (JvmPauseMonitor.java:run(188)) - Starting JVM pause monitor
2022-08-20 07:52:45,914 [Listener at 127.0.0.1/35463] INFO  impl.MetricsSystemImpl (MetricsSystemImpl.java:init(158)) - HddsDatanode metrics system started (again)
2022-08-20 07:52:45,941 [Listener at 127.0.0.1/35463] INFO  ozone.HddsDatanodeService (HddsDatanodeService.java:start(236)) - HddsDatanodeService host:fv-az58-577.v01ewlpc0lrezph5nvg1m2rhcd.cx.internal.cloudapp.net ip:10.1.0.10
2022-08-20 07:52:45,982 [Listener at 127.0.0.1/35463] INFO  upgrade.AbstractLayoutVersionManager (AbstractLayoutVersionManager.java:init(83)) - Initializing Layout version manager with metadata layout = DATANODE_SCHEMA_V3 (version = 4), software layout = DATANODE_SCHEMA_V3 (version = 4)
2022-08-20 07:52:46,046 [Listener at 127.0.0.1/35463] INFO  reflections.Reflections (Reflections.java:scan(232)) - Reflections took 62 ms to scan 7 urls, producing 133 keys and 322 values 
2022-08-20 07:52:46,047 [Listener at 127.0.0.1/35463] INFO  statemachine.DatanodeStateMachine (DatanodeStateMachine.java:getEndPointTaskThreadPoolSize(237)) - Datanode State Machine Task Thread Pool size 2
2022-08-20 07:52:46,049 [Listener at 127.0.0.1/35463] INFO  volume.HddsVolume (HddsVolume.java:<init>(117)) - Creating HddsVolume: /home/runner/work/ozone/ozone/hadoop-ozone/integration-test/target/test-dir/MiniOzoneClusterImpl-944d7f12-74bf-410a-af98-bfd2a7f98119/datanode-0/data-0/containers/hdds of storage type : DISK capacity : 9223372036854775807
2022-08-20 07:52:46,050 [Listener at 127.0.0.1/35463] INFO  volume.MutableVolumeSet (MutableVolumeSet.java:initializeVolumeSet(174)) - Added Volume : /home/runner/work/ozone/ozone/hadoop-ozone/integration-test/target/test-dir/MiniOzoneClusterImpl-944d7f12-74bf-410a-af98-bfd2a7f98119/datanode-0/data-0/containers/hdds to VolumeSet
2022-08-20 07:52:46,050 [Listener at 127.0.0.1/35463] INFO  volume.ThrottledAsyncChecker (ThrottledAsyncChecker.java:schedule(141)) - Scheduling a check for /home/runner/work/ozone/ozone/hadoop-ozone/integration-test/target/test-dir/MiniOzoneClusterImpl-944d7f12-74bf-410a-af98-bfd2a7f98119/datanode-0/data-0/containers/hdds
2022-08-20 07:52:46,050 [Listener at 127.0.0.1/35463] INFO  volume.StorageVolumeChecker (StorageVolumeChecker.java:checkAllVolumes(202)) - Scheduled health check for volume /home/runner/work/ozone/ozone/hadoop-ozone/integration-test/target/test-dir/MiniOzoneClusterImpl-944d7f12-74bf-410a-af98-bfd2a7f98119/datanode-0/data-0/containers/hdds
2022-08-20 07:52:46,118 [Listener at 127.0.0.1/35463] INFO  volume.MutableVolumeSet (MutableVolumeSet.java:initializeVolumeSet(174)) - Added Volume : /home/runner/work/ozone/ozone/hadoop-ozone/integration-test/target/test-dir/MiniOzoneClusterImpl-944d7f12-74bf-410a-af98-bfd2a7f98119/datanode-0/data/ratis to VolumeSet
2022-08-20 07:52:46,119 [Listener at 127.0.0.1/35463] INFO  volume.ThrottledAsyncChecker (ThrottledAsyncChecker.java:schedule(141)) - Scheduling a check for /home/runner/work/ozone/ozone/hadoop-ozone/integration-test/target/test-dir/MiniOzoneClusterImpl-944d7f12-74bf-410a-af98-bfd2a7f98119/datanode-0/data/ratis
2022-08-20 07:52:46,119 [Listener at 127.0.0.1/35463] INFO  volume.StorageVolumeChecker (StorageVolumeChecker.java:checkAllVolumes(202)) - Scheduled health check for volume /home/runner/work/ozone/ozone/hadoop-ozone/integration-test/target/test-dir/MiniOzoneClusterImpl-944d7f12-74bf-410a-af98-bfd2a7f98119/datanode-0/data/ratis
2022-08-20 07:52:46,172 [Thread-681] INFO  ozoneimpl.ContainerReader (ContainerReader.java:readVolume(175)) - Finish verifying containers on volume /home/runner/work/ozone/ozone/hadoop-ozone/integration-test/target/test-dir/MiniOzoneClusterImpl-944d7f12-74bf-410a-af98-bfd2a7f98119/datanode-0/data-0/containers/hdds
2022-08-20 07:52:46,174 [Listener at 127.0.0.1/35463] INFO  ozoneimpl.OzoneContainer (OzoneContainer.java:buildContainerSet(299)) - Build ContainerSet costs 0s
2022-08-20 07:52:46,180 [Listener at 127.0.0.1/35463] INFO  server.RaftServer (ConfUtils.java:logGet(46)) - raft.rpc.type = GRPC (default)
2022-08-20 07:52:46,181 [Listener at 127.0.0.1/35463] INFO  grpc.GrpcFactory (GrpcFactory.java:checkPooledByteBufAllocatorUseCacheForAllThreads(48)) - PERFORMANCE WARNING: useCacheForAllThreads is true that may cause Netty to create a lot garbage objects and, as a result, trigger GC.
	It is recommended to disable useCacheForAllThreads by setting -Dorg.apache.ratis.thirdparty.io.netty.allocator.useCacheForAllThreads=false in command line.
2022-08-20 07:52:46,181 [Listener at 127.0.0.1/35463] INFO  grpc.GrpcConfigKeys (ConfUtils.java:logGet(46)) - raft.grpc.admin.port = 0 (custom)
2022-08-20 07:52:46,181 [Listener at 127.0.0.1/35463] INFO  grpc.GrpcConfigKeys (ConfUtils.java:logGet(46)) - raft.grpc.client.port = 0 (custom)
2022-08-20 07:52:46,181 [Listener at 127.0.0.1/35463] INFO  grpc.GrpcConfigKeys (ConfUtils.java:logGet(46)) - raft.grpc.server.port = 0 (default)
2022-08-20 07:52:46,181 [Listener at 127.0.0.1/35463] INFO  server.GrpcService (ConfUtils.java:logGet(46)) - raft.grpc.message.size.max = 32MB (=33554432) (custom)
2022-08-20 07:52:46,181 [Listener at 127.0.0.1/35463] INFO  server.RaftServerConfigKeys (ConfUtils.java:logGet(46)) - raft.server.log.appender.buffer.byte-limit = 33554432 (custom)
2022-08-20 07:52:46,181 [Listener at 127.0.0.1/35463] INFO  server.GrpcService (ConfUtils.java:logGet(46)) - raft.grpc.flow.control.window = 5MB (=5242880) (custom)
2022-08-20 07:52:46,181 [Listener at 127.0.0.1/35463] INFO  server.RaftServerConfigKeys (ConfUtils.java:logGet(46)) - raft.server.rpc.request.timeout = 60s (custom)
2022-08-20 07:52:46,182 [Listener at 127.0.0.1/35463] INFO  grpc.GrpcConfigKeys (ConfUtils.java:logGet(46)) - raft.grpc.server.async.request.thread.pool.cached = true (default)
2022-08-20 07:52:46,182 [Listener at 127.0.0.1/35463] INFO  grpc.GrpcConfigKeys (ConfUtils.java:logGet(46)) - raft.grpc.server.async.request.thread.pool.size = 32 (default)
2022-08-20 07:52:46,196 [Listener at 127.0.0.1/35463] INFO  impl.DataStreamServerImpl (ConfUtils.java:logGet(46)) - raft.datastream.type = DISABLED (default)
2022-08-20 07:52:46,196 [Listener at 127.0.0.1/35463] INFO  server.RaftServerConfigKeys (ConfUtils.java:logGet(46)) - raft.server.threadpool.proxy.cached = true (default)
2022-08-20 07:52:46,196 [Listener at 127.0.0.1/35463] INFO  server.RaftServerConfigKeys (ConfUtils.java:logGet(46)) - raft.server.threadpool.proxy.size = 0 (default)
2022-08-20 07:52:46,197 [Listener at 127.0.0.1/35463] INFO  server.RaftServerConfigKeys (ConfUtils.java:logGet(46)) - raft.server.rpc.slowness.timeout = 300s (custom)
2022-08-20 07:52:46,197 [Listener at 127.0.0.1/35463] INFO  server.RaftServerConfigKeys (ConfUtils.java:logGet(46)) - raft.server.leaderelection.leader.step-down.wait-time = 10s (default)
2022-08-20 07:52:46,197 [Listener at 127.0.0.1/35463] INFO  server.RaftServerConfigKeys (ConfUtils.java:logGet(46)) - raft.server.storage.dir = [/home/runner/work/ozone/ozone/hadoop-ozone/integration-test/target/test-dir/MiniOzoneClusterImpl-944d7f12-74bf-410a-af98-bfd2a7f98119/datanode-0/data/ratis] (custom)
2022-08-20 07:52:46,212 [Listener at 127.0.0.1/35463] INFO  server.XceiverServerGrpc (XceiverServerGrpc.java:<init>(132)) - GrpcServer channel type EpollServerSocketChannel
2022-08-20 07:52:46,223 [Listener at 127.0.0.1/35463] INFO  http.BaseHttpServer (BaseHttpServer.java:newHttpServer2BuilderForOzone(209)) - Starting Web-server for hddsDatanode at: http://0.0.0.0:0
2022-08-20 07:52:46,223 [Listener at 127.0.0.1/35463] INFO  http.BaseHttpServer (BaseHttpServer.java:<init>(107)) - Hadoop Security Enabled: false Ozone Security Enabled: false Ozone HTTP Security Enabled: false 
2022-08-20 07:52:46,224 [Listener at 127.0.0.1/35463] INFO  server.AuthenticationFilter (AuthenticationFilter.java:constructSecretProvider(240)) - Unable to initialize FileSignerSecretProvider, falling back to use random secrets.
2022-08-20 07:52:46,234 [Listener at 127.0.0.1/35463] WARN  http.HttpRequestLog (HttpRequestLog.java:getRequestLog(103)) - Jetty request log can only be enabled using Log4j
2022-08-20 07:52:46,235 [Listener at 127.0.0.1/35463] INFO  http.HttpServer2 (HttpServer2.java:addGlobalFilter(1029)) - Added global filter 'safety' (class=org.apache.hadoop.hdds.server.http.HttpServer2$QuotingInputFilter)
2022-08-20 07:52:46,236 [Listener at 127.0.0.1/35463] INFO  http.HttpServer2 (HttpServer2.java:addFilter(1005)) - Added filter static_user_filter (class=org.apache.hadoop.http.lib.StaticUserWebFilter$StaticUserFilter) to context hddsDatanode
2022-08-20 07:52:46,236 [Listener at 127.0.0.1/35463] INFO  http.HttpServer2 (HttpServer2.java:addFilter(1013)) - Added filter static_user_filter (class=org.apache.hadoop.http.lib.StaticUserWebFilter$StaticUserFilter) to context logs
2022-08-20 07:52:46,236 [Listener at 127.0.0.1/35463] INFO  http.HttpServer2 (HttpServer2.java:addFilter(1013)) - Added filter static_user_filter (class=org.apache.hadoop.http.lib.StaticUserWebFilter$StaticUserFilter) to context static
2022-08-20 07:52:46,237 [Listener at 127.0.0.1/35463] INFO  http.HttpServer2 (HttpServer2.java:bindListener(1248)) - Jetty bound to port 43065
2022-08-20 07:52:46,237 [Listener at 127.0.0.1/35463] INFO  server.Server (Server.java:doStart(375)) - jetty-9.4.43.v20210629; built: 2021-06-30T11:07:22.254Z; git: 526006ecfa3af7f1a27ef3a288e2bef7ea9dd7e8; jvm 1.8.0_332-b09
2022-08-20 07:52:46,314 [Listener at 127.0.0.1/35463] INFO  server.session (DefaultSessionIdManager.java:doStart(334)) - DefaultSessionIdManager workerName=node0
2022-08-20 07:52:46,314 [Listener at 127.0.0.1/35463] INFO  server.session (DefaultSessionIdManager.java:doStart(339)) - No SessionScavenger set, using defaults
2022-08-20 07:52:46,315 [Listener at 127.0.0.1/35463] INFO  server.session (HouseKeeper.java:startScavenging(132)) - node0 Scavenging every 660000ms
2022-08-20 07:52:46,325 [Listener at 127.0.0.1/35463] INFO  handler.ContextHandler (ContextHandler.java:doStart(915)) - Started o.e.j.s.ServletContextHandler@2b9f8866{logs,/logs,file:///home/runner/work/ozone/ozone/hadoop-ozone/integration-test/target/log,AVAILABLE}
2022-08-20 07:52:46,326 [Listener at 127.0.0.1/35463] INFO  handler.ContextHandler (ContextHandler.java:doStart(915)) - Started o.e.j.s.ServletContextHandler@36e4f1aa{static,/static,jar:file:/home/runner/.m2/repository/org/apache/ozone/hdds-container-service/1.3.0-SNAPSHOT/hdds-container-service-1.3.0-SNAPSHOT.jar!/webapps/static,AVAILABLE}
2022-08-20 07:52:46,740 [Listener at 127.0.0.1/35463] INFO  handler.ContextHandler (ContextHandler.java:doStart(915)) - Started o.e.j.w.WebAppContext@3f80bffc{hddsDatanode,/,file:///tmp/jetty-0_0_0_0-43065-hdds-container-service-1_3_0-SNAPSHOT_jar-_-any-92291929287317802/webapp/,AVAILABLE}{jar:file:/home/runner/.m2/repository/org/apache/ozone/hdds-container-service/1.3.0-SNAPSHOT/hdds-container-service-1.3.0-SNAPSHOT.jar!/webapps/hddsDatanode}
2022-08-20 07:52:46,747 [Listener at 127.0.0.1/35463] INFO  server.AbstractConnector (AbstractConnector.java:doStart(331)) - Started ServerConnector@57d78929{HTTP/1.1, (http/1.1)}{0.0.0.0:43065}
2022-08-20 07:52:46,747 [Listener at 127.0.0.1/35463] INFO  server.Server (Server.java:doStart(415)) - Started @78388ms
2022-08-20 07:52:46,747 [Listener at 127.0.0.1/35463] WARN  impl.MetricsSystemImpl (MetricsSystemImpl.java:register(279)) - Sink prometheus already exists!
2022-08-20 07:52:46,748 [Listener at 127.0.0.1/35463] INFO  http.BaseHttpServer (BaseHttpServer.java:updateConnectorAddress(329)) - HTTP server of hddsDatanode listening at http://0.0.0.0:43065
2022-08-20 07:52:46,753 [Listener at 127.0.0.1/35463] INFO  impl.MetricsSystemImpl (MetricsSystemImpl.java:init(158)) - HddsDatanode metrics system started (again)
2022-08-20 07:52:46,770 [Datanode State Machine Daemon Thread] INFO  statemachine.DatanodeStateMachine (DatanodeStateMachine.java:lambda$startDaemon$0(492)) - Ozone container server started.
2022-08-20 07:52:46,783 [Listener at 127.0.0.1/35463] INFO  ozone.HddsDatanodeService (HddsDatanodeService.java:start(236)) - HddsDatanodeService host:fv-az58-577.v01ewlpc0lrezph5nvg1m2rhcd.cx.internal.cloudapp.net ip:10.1.0.10
2022-08-20 07:52:46,819 [Listener at 127.0.0.1/35463] INFO  upgrade.AbstractLayoutVersionManager (AbstractLayoutVersionManager.java:init(83)) - Initializing Layout version manager with metadata layout = DATANODE_SCHEMA_V3 (version = 4), software layout = DATANODE_SCHEMA_V3 (version = 4)
2022-08-20 07:52:46,824 [org.apache.hadoop.util.JvmPauseMonitor$Monitor@1cb6458] INFO  util.JvmPauseMonitor (JvmPauseMonitor.java:run(188)) - Starting JVM pause monitor
2022-08-20 07:52:46,834 [Datanode State Machine Task Thread - 0] INFO  datanode.InitDatanodeState (InitDatanodeState.java:persistContainerDatanodeDetails(138)) - DatanodeDetails is persisted to /home/runner/work/ozone/ozone/hadoop-ozone/integration-test/target/test-dir/MiniOzoneClusterImpl-944d7f12-74bf-410a-af98-bfd2a7f98119/datanode-0/meta/datanode.id
2022-08-20 07:52:46,946 [Listener at 127.0.0.1/35463] INFO  reflections.Reflections (Reflections.java:scan(232)) - Reflections took 125 ms to scan 7 urls, producing 133 keys and 322 values 
2022-08-20 07:52:46,957 [Listener at 127.0.0.1/35463] INFO  statemachine.DatanodeStateMachine (DatanodeStateMachine.java:getEndPointTaskThreadPoolSize(237)) - Datanode State Machine Task Thread Pool size 2
2022-08-20 07:52:46,962 [Listener at 127.0.0.1/35463] INFO  volume.HddsVolume (HddsVolume.java:<init>(117)) - Creating HddsVolume: /home/runner/work/ozone/ozone/hadoop-ozone/integration-test/target/test-dir/MiniOzoneClusterImpl-944d7f12-74bf-410a-af98-bfd2a7f98119/datanode-1/data-0/containers/hdds of storage type : DISK capacity : 9223372036854775807
2022-08-20 07:52:46,962 [Listener at 127.0.0.1/35463] INFO  volume.MutableVolumeSet (MutableVolumeSet.java:initializeVolumeSet(174)) - Added Volume : /home/runner/work/ozone/ozone/hadoop-ozone/integration-test/target/test-dir/MiniOzoneClusterImpl-944d7f12-74bf-410a-af98-bfd2a7f98119/datanode-1/data-0/containers/hdds to VolumeSet
2022-08-20 07:52:46,963 [Listener at 127.0.0.1/35463] INFO  volume.ThrottledAsyncChecker (ThrottledAsyncChecker.java:schedule(141)) - Scheduling a check for /home/runner/work/ozone/ozone/hadoop-ozone/integration-test/target/test-dir/MiniOzoneClusterImpl-944d7f12-74bf-410a-af98-bfd2a7f98119/datanode-1/data-0/containers/hdds
2022-08-20 07:52:46,964 [Listener at 127.0.0.1/35463] INFO  volume.StorageVolumeChecker (StorageVolumeChecker.java:checkAllVolumes(202)) - Scheduled health check for volume /home/runner/work/ozone/ozone/hadoop-ozone/integration-test/target/test-dir/MiniOzoneClusterImpl-944d7f12-74bf-410a-af98-bfd2a7f98119/datanode-1/data-0/containers/hdds
2022-08-20 07:52:46,977 [Listener at 127.0.0.1/35463] INFO  volume.MutableVolumeSet (MutableVolumeSet.java:initializeVolumeSet(174)) - Added Volume : /home/runner/work/ozone/ozone/hadoop-ozone/integration-test/target/test-dir/MiniOzoneClusterImpl-944d7f12-74bf-410a-af98-bfd2a7f98119/datanode-1/data/ratis to VolumeSet
2022-08-20 07:52:46,977 [Listener at 127.0.0.1/35463] INFO  volume.ThrottledAsyncChecker (ThrottledAsyncChecker.java:schedule(141)) - Scheduling a check for /home/runner/work/ozone/ozone/hadoop-ozone/integration-test/target/test-dir/MiniOzoneClusterImpl-944d7f12-74bf-410a-af98-bfd2a7f98119/datanode-1/data/ratis
2022-08-20 07:52:46,978 [Listener at 127.0.0.1/35463] INFO  volume.StorageVolumeChecker (StorageVolumeChecker.java:checkAllVolumes(202)) - Scheduled health check for volume /home/runner/work/ozone/ozone/hadoop-ozone/integration-test/target/test-dir/MiniOzoneClusterImpl-944d7f12-74bf-410a-af98-bfd2a7f98119/datanode-1/data/ratis
2022-08-20 07:52:46,992 [Thread-694] INFO  ozoneimpl.ContainerReader (ContainerReader.java:readVolume(175)) - Finish verifying containers on volume /home/runner/work/ozone/ozone/hadoop-ozone/integration-test/target/test-dir/MiniOzoneClusterImpl-944d7f12-74bf-410a-af98-bfd2a7f98119/datanode-1/data-0/containers/hdds
2022-08-20 07:52:46,992 [Listener at 127.0.0.1/35463] INFO  ozoneimpl.OzoneContainer (OzoneContainer.java:buildContainerSet(299)) - Build ContainerSet costs 0s
2022-08-20 07:52:46,997 [Listener at 127.0.0.1/35463] INFO  server.RaftServer (ConfUtils.java:logGet(46)) - raft.rpc.type = GRPC (default)
2022-08-20 07:52:46,998 [Listener at 127.0.0.1/35463] INFO  grpc.GrpcFactory (GrpcFactory.java:checkPooledByteBufAllocatorUseCacheForAllThreads(48)) - PERFORMANCE WARNING: useCacheForAllThreads is true that may cause Netty to create a lot garbage objects and, as a result, trigger GC.
	It is recommended to disable useCacheForAllThreads by setting -Dorg.apache.ratis.thirdparty.io.netty.allocator.useCacheForAllThreads=false in command line.
2022-08-20 07:52:46,998 [Listener at 127.0.0.1/35463] INFO  grpc.GrpcConfigKeys (ConfUtils.java:logGet(46)) - raft.grpc.admin.port = 0 (custom)
2022-08-20 07:52:46,998 [Listener at 127.0.0.1/35463] INFO  grpc.GrpcConfigKeys (ConfUtils.java:logGet(46)) - raft.grpc.client.port = 0 (custom)
2022-08-20 07:52:46,998 [Listener at 127.0.0.1/35463] INFO  grpc.GrpcConfigKeys (ConfUtils.java:logGet(46)) - raft.grpc.server.port = 0 (default)
2022-08-20 07:52:46,998 [Listener at 127.0.0.1/35463] INFO  server.GrpcService (ConfUtils.java:logGet(46)) - raft.grpc.message.size.max = 32MB (=33554432) (custom)
2022-08-20 07:52:46,998 [Listener at 127.0.0.1/35463] INFO  server.RaftServerConfigKeys (ConfUtils.java:logGet(46)) - raft.server.log.appender.buffer.byte-limit = 33554432 (custom)
2022-08-20 07:52:46,998 [Listener at 127.0.0.1/35463] INFO  server.GrpcService (ConfUtils.java:logGet(46)) - raft.grpc.flow.control.window = 5MB (=5242880) (custom)
2022-08-20 07:52:46,998 [Listener at 127.0.0.1/35463] INFO  server.RaftServerConfigKeys (ConfUtils.java:logGet(46)) - raft.server.rpc.request.timeout = 60s (custom)
2022-08-20 07:52:46,998 [Listener at 127.0.0.1/35463] INFO  grpc.GrpcConfigKeys (ConfUtils.java:logGet(46)) - raft.grpc.server.async.request.thread.pool.cached = true (default)
2022-08-20 07:52:46,999 [Listener at 127.0.0.1/35463] INFO  grpc.GrpcConfigKeys (ConfUtils.java:logGet(46)) - raft.grpc.server.async.request.thread.pool.size = 32 (default)
2022-08-20 07:52:47,000 [Listener at 127.0.0.1/35463] INFO  impl.DataStreamServerImpl (ConfUtils.java:logGet(46)) - raft.datastream.type = DISABLED (default)
2022-08-20 07:52:47,000 [Listener at 127.0.0.1/35463] INFO  server.RaftServerConfigKeys (ConfUtils.java:logGet(46)) - raft.server.threadpool.proxy.cached = true (default)
2022-08-20 07:52:47,000 [Listener at 127.0.0.1/35463] INFO  server.RaftServerConfigKeys (ConfUtils.java:logGet(46)) - raft.server.threadpool.proxy.size = 0 (default)
2022-08-20 07:52:47,000 [Listener at 127.0.0.1/35463] INFO  server.RaftServerConfigKeys (ConfUtils.java:logGet(46)) - raft.server.rpc.slowness.timeout = 300s (custom)
2022-08-20 07:52:47,000 [Listener at 127.0.0.1/35463] INFO  server.RaftServerConfigKeys (ConfUtils.java:logGet(46)) - raft.server.leaderelection.leader.step-down.wait-time = 10s (default)
2022-08-20 07:52:47,000 [Listener at 127.0.0.1/35463] INFO  server.RaftServerConfigKeys (ConfUtils.java:logGet(46)) - raft.server.storage.dir = [/home/runner/work/ozone/ozone/hadoop-ozone/integration-test/target/test-dir/MiniOzoneClusterImpl-944d7f12-74bf-410a-af98-bfd2a7f98119/datanode-1/data/ratis] (custom)
2022-08-20 07:52:47,002 [Listener at 127.0.0.1/35463] INFO  server.XceiverServerGrpc (XceiverServerGrpc.java:<init>(132)) - GrpcServer channel type EpollServerSocketChannel
2022-08-20 07:52:47,005 [Listener at 127.0.0.1/35463] INFO  http.BaseHttpServer (BaseHttpServer.java:newHttpServer2BuilderForOzone(209)) - Starting Web-server for hddsDatanode at: http://0.0.0.0:0
2022-08-20 07:52:47,006 [Listener at 127.0.0.1/35463] INFO  http.BaseHttpServer (BaseHttpServer.java:<init>(107)) - Hadoop Security Enabled: false Ozone Security Enabled: false Ozone HTTP Security Enabled: false 
2022-08-20 07:52:47,011 [Listener at 127.0.0.1/35463] INFO  server.AuthenticationFilter (AuthenticationFilter.java:constructSecretProvider(240)) - Unable to initialize FileSignerSecretProvider, falling back to use random secrets.
2022-08-20 07:52:47,014 [Listener at 127.0.0.1/35463] WARN  http.HttpRequestLog (HttpRequestLog.java:getRequestLog(103)) - Jetty request log can only be enabled using Log4j
2022-08-20 07:52:47,016 [Listener at 127.0.0.1/35463] INFO  http.HttpServer2 (HttpServer2.java:addGlobalFilter(1029)) - Added global filter 'safety' (class=org.apache.hadoop.hdds.server.http.HttpServer2$QuotingInputFilter)
2022-08-20 07:52:47,016 [Listener at 127.0.0.1/35463] INFO  http.HttpServer2 (HttpServer2.java:addFilter(1005)) - Added filter static_user_filter (class=org.apache.hadoop.http.lib.StaticUserWebFilter$StaticUserFilter) to context hddsDatanode
2022-08-20 07:52:47,016 [Listener at 127.0.0.1/35463] INFO  http.HttpServer2 (HttpServer2.java:addFilter(1013)) - Added filter static_user_filter (class=org.apache.hadoop.http.lib.StaticUserWebFilter$StaticUserFilter) to context logs
2022-08-20 07:52:47,016 [Listener at 127.0.0.1/35463] INFO  http.HttpServer2 (HttpServer2.java:addFilter(1013)) - Added filter static_user_filter (class=org.apache.hadoop.http.lib.StaticUserWebFilter$StaticUserFilter) to context static
2022-08-20 07:52:47,018 [Listener at 127.0.0.1/35463] INFO  http.HttpServer2 (HttpServer2.java:bindListener(1248)) - Jetty bound to port 40785
2022-08-20 07:52:47,018 [Listener at 127.0.0.1/35463] INFO  server.Server (Server.java:doStart(375)) - jetty-9.4.43.v20210629; built: 2021-06-30T11:07:22.254Z; git: 526006ecfa3af7f1a27ef3a288e2bef7ea9dd7e8; jvm 1.8.0_332-b09
2022-08-20 07:52:47,053 [Listener at 127.0.0.1/35463] INFO  server.session (DefaultSessionIdManager.java:doStart(334)) - DefaultSessionIdManager workerName=node0
2022-08-20 07:52:47,053 [Listener at 127.0.0.1/35463] INFO  server.session (DefaultSessionIdManager.java:doStart(339)) - No SessionScavenger set, using defaults
2022-08-20 07:52:47,053 [Listener at 127.0.0.1/35463] INFO  server.session (HouseKeeper.java:startScavenging(132)) - node0 Scavenging every 600000ms
2022-08-20 07:52:47,054 [Listener at 127.0.0.1/35463] INFO  handler.ContextHandler (ContextHandler.java:doStart(915)) - Started o.e.j.s.ServletContextHandler@17e4b1ab{logs,/logs,file:///home/runner/work/ozone/ozone/hadoop-ozone/integration-test/target/log,AVAILABLE}
2022-08-20 07:52:47,055 [Listener at 127.0.0.1/35463] INFO  handler.ContextHandler (ContextHandler.java:doStart(915)) - Started o.e.j.s.ServletContextHandler@289fda20{static,/static,jar:file:/home/runner/.m2/repository/org/apache/ozone/hdds-container-service/1.3.0-SNAPSHOT/hdds-container-service-1.3.0-SNAPSHOT.jar!/webapps/static,AVAILABLE}
2022-08-20 07:52:47,377 [Listener at 127.0.0.1/35463] INFO  handler.ContextHandler (ContextHandler.java:doStart(915)) - Started o.e.j.w.WebAppContext@193117ce{hddsDatanode,/,file:///tmp/jetty-0_0_0_0-40785-hdds-container-service-1_3_0-SNAPSHOT_jar-_-any-1167932303334166026/webapp/,AVAILABLE}{jar:file:/home/runner/.m2/repository/org/apache/ozone/hdds-container-service/1.3.0-SNAPSHOT/hdds-container-service-1.3.0-SNAPSHOT.jar!/webapps/hddsDatanode}
2022-08-20 07:52:47,390 [Listener at 127.0.0.1/35463] INFO  server.AbstractConnector (AbstractConnector.java:doStart(331)) - Started ServerConnector@21ecf90d{HTTP/1.1, (http/1.1)}{0.0.0.0:40785}
2022-08-20 07:52:47,390 [Listener at 127.0.0.1/35463] INFO  server.Server (Server.java:doStart(415)) - Started @79030ms
2022-08-20 07:52:47,390 [Listener at 127.0.0.1/35463] WARN  impl.MetricsSystemImpl (MetricsSystemImpl.java:register(279)) - Sink prometheus already exists!
2022-08-20 07:52:47,395 [Listener at 127.0.0.1/35463] INFO  http.BaseHttpServer (BaseHttpServer.java:updateConnectorAddress(329)) - HTTP server of hddsDatanode listening at http://0.0.0.0:40785
2022-08-20 07:52:47,402 [Listener at 127.0.0.1/35463] INFO  impl.MetricsSystemImpl (MetricsSystemImpl.java:init(158)) - HddsDatanode metrics system started (again)
2022-08-20 07:52:47,410 [Datanode State Machine Daemon Thread] INFO  statemachine.DatanodeStateMachine (DatanodeStateMachine.java:lambda$startDaemon$0(492)) - Ozone container server started.
2022-08-20 07:52:47,422 [org.apache.hadoop.util.JvmPauseMonitor$Monitor@66b018ea] INFO  util.JvmPauseMonitor (JvmPauseMonitor.java:run(188)) - Starting JVM pause monitor
2022-08-20 07:52:47,434 [Listener at 127.0.0.1/35463] INFO  ozone.HddsDatanodeService (HddsDatanodeService.java:start(236)) - HddsDatanodeService host:fv-az58-577.v01ewlpc0lrezph5nvg1m2rhcd.cx.internal.cloudapp.net ip:10.1.0.10
2022-08-20 07:52:47,437 [Datanode State Machine Task Thread - 0] INFO  datanode.InitDatanodeState (InitDatanodeState.java:persistContainerDatanodeDetails(138)) - DatanodeDetails is persisted to /home/runner/work/ozone/ozone/hadoop-ozone/integration-test/target/test-dir/MiniOzoneClusterImpl-944d7f12-74bf-410a-af98-bfd2a7f98119/datanode-1/meta/datanode.id
2022-08-20 07:52:47,485 [Listener at 127.0.0.1/35463] INFO  upgrade.AbstractLayoutVersionManager (AbstractLayoutVersionManager.java:init(83)) - Initializing Layout version manager with metadata layout = DATANODE_SCHEMA_V3 (version = 4), software layout = DATANODE_SCHEMA_V3 (version = 4)
2022-08-20 07:52:47,598 [Listener at 127.0.0.1/35463] INFO  reflections.Reflections (Reflections.java:scan(232)) - Reflections took 109 ms to scan 7 urls, producing 133 keys and 322 values 
2022-08-20 07:52:47,601 [Listener at 127.0.0.1/35463] INFO  statemachine.DatanodeStateMachine (DatanodeStateMachine.java:getEndPointTaskThreadPoolSize(237)) - Datanode State Machine Task Thread Pool size 2
2022-08-20 07:52:47,610 [Listener at 127.0.0.1/35463] INFO  volume.HddsVolume (HddsVolume.java:<init>(117)) - Creating HddsVolume: /home/runner/work/ozone/ozone/hadoop-ozone/integration-test/target/test-dir/MiniOzoneClusterImpl-944d7f12-74bf-410a-af98-bfd2a7f98119/datanode-2/data-0/containers/hdds of storage type : DISK capacity : 9223372036854775807
2022-08-20 07:52:47,611 [Listener at 127.0.0.1/35463] INFO  volume.MutableVolumeSet (MutableVolumeSet.java:initializeVolumeSet(174)) - Added Volume : /home/runner/work/ozone/ozone/hadoop-ozone/integration-test/target/test-dir/MiniOzoneClusterImpl-944d7f12-74bf-410a-af98-bfd2a7f98119/datanode-2/data-0/containers/hdds to VolumeSet
2022-08-20 07:52:47,611 [Listener at 127.0.0.1/35463] INFO  volume.ThrottledAsyncChecker (ThrottledAsyncChecker.java:schedule(141)) - Scheduling a check for /home/runner/work/ozone/ozone/hadoop-ozone/integration-test/target/test-dir/MiniOzoneClusterImpl-944d7f12-74bf-410a-af98-bfd2a7f98119/datanode-2/data-0/containers/hdds
2022-08-20 07:52:47,613 [Listener at 127.0.0.1/35463] INFO  volume.StorageVolumeChecker (StorageVolumeChecker.java:checkAllVolumes(202)) - Scheduled health check for volume /home/runner/work/ozone/ozone/hadoop-ozone/integration-test/target/test-dir/MiniOzoneClusterImpl-944d7f12-74bf-410a-af98-bfd2a7f98119/datanode-2/data-0/containers/hdds
2022-08-20 07:52:47,638 [Listener at 127.0.0.1/35463] INFO  volume.MutableVolumeSet (MutableVolumeSet.java:initializeVolumeSet(174)) - Added Volume : /home/runner/work/ozone/ozone/hadoop-ozone/integration-test/target/test-dir/MiniOzoneClusterImpl-944d7f12-74bf-410a-af98-bfd2a7f98119/datanode-2/data/ratis to VolumeSet
2022-08-20 07:52:47,639 [Listener at 127.0.0.1/35463] INFO  volume.ThrottledAsyncChecker (ThrottledAsyncChecker.java:schedule(141)) - Scheduling a check for /home/runner/work/ozone/ozone/hadoop-ozone/integration-test/target/test-dir/MiniOzoneClusterImpl-944d7f12-74bf-410a-af98-bfd2a7f98119/datanode-2/data/ratis
2022-08-20 07:52:47,639 [Listener at 127.0.0.1/35463] INFO  volume.StorageVolumeChecker (StorageVolumeChecker.java:checkAllVolumes(202)) - Scheduled health check for volume /home/runner/work/ozone/ozone/hadoop-ozone/integration-test/target/test-dir/MiniOzoneClusterImpl-944d7f12-74bf-410a-af98-bfd2a7f98119/datanode-2/data/ratis
2022-08-20 07:52:47,662 [Thread-707] INFO  ozoneimpl.ContainerReader (ContainerReader.java:readVolume(175)) - Finish verifying containers on volume /home/runner/work/ozone/ozone/hadoop-ozone/integration-test/target/test-dir/MiniOzoneClusterImpl-944d7f12-74bf-410a-af98-bfd2a7f98119/datanode-2/data-0/containers/hdds
2022-08-20 07:52:47,662 [Listener at 127.0.0.1/35463] INFO  ozoneimpl.OzoneContainer (OzoneContainer.java:buildContainerSet(299)) - Build ContainerSet costs 0s
2022-08-20 07:52:47,665 [Listener at 127.0.0.1/35463] INFO  server.RaftServer (ConfUtils.java:logGet(46)) - raft.rpc.type = GRPC (default)
2022-08-20 07:52:47,665 [Listener at 127.0.0.1/35463] INFO  grpc.GrpcFactory (GrpcFactory.java:checkPooledByteBufAllocatorUseCacheForAllThreads(48)) - PERFORMANCE WARNING: useCacheForAllThreads is true that may cause Netty to create a lot garbage objects and, as a result, trigger GC.
	It is recommended to disable useCacheForAllThreads by setting -Dorg.apache.ratis.thirdparty.io.netty.allocator.useCacheForAllThreads=false in command line.
2022-08-20 07:52:47,665 [Listener at 127.0.0.1/35463] INFO  grpc.GrpcConfigKeys (ConfUtils.java:logGet(46)) - raft.grpc.admin.port = 0 (custom)
2022-08-20 07:52:47,665 [Listener at 127.0.0.1/35463] INFO  grpc.GrpcConfigKeys (ConfUtils.java:logGet(46)) - raft.grpc.client.port = 0 (custom)
2022-08-20 07:52:47,665 [Listener at 127.0.0.1/35463] INFO  grpc.GrpcConfigKeys (ConfUtils.java:logGet(46)) - raft.grpc.server.port = 0 (default)
2022-08-20 07:52:47,665 [Listener at 127.0.0.1/35463] INFO  server.GrpcService (ConfUtils.java:logGet(46)) - raft.grpc.message.size.max = 32MB (=33554432) (custom)
2022-08-20 07:52:47,666 [Listener at 127.0.0.1/35463] INFO  server.RaftServerConfigKeys (ConfUtils.java:logGet(46)) - raft.server.log.appender.buffer.byte-limit = 33554432 (custom)
2022-08-20 07:52:47,666 [Listener at 127.0.0.1/35463] INFO  server.GrpcService (ConfUtils.java:logGet(46)) - raft.grpc.flow.control.window = 5MB (=5242880) (custom)
2022-08-20 07:52:47,666 [Listener at 127.0.0.1/35463] INFO  server.RaftServerConfigKeys (ConfUtils.java:logGet(46)) - raft.server.rpc.request.timeout = 60s (custom)
2022-08-20 07:52:47,666 [Listener at 127.0.0.1/35463] INFO  grpc.GrpcConfigKeys (ConfUtils.java:logGet(46)) - raft.grpc.server.async.request.thread.pool.cached = true (default)
2022-08-20 07:52:47,666 [Listener at 127.0.0.1/35463] INFO  grpc.GrpcConfigKeys (ConfUtils.java:logGet(46)) - raft.grpc.server.async.request.thread.pool.size = 32 (default)
2022-08-20 07:52:47,667 [Listener at 127.0.0.1/35463] INFO  impl.DataStreamServerImpl (ConfUtils.java:logGet(46)) - raft.datastream.type = DISABLED (default)
2022-08-20 07:52:47,667 [Listener at 127.0.0.1/35463] INFO  server.RaftServerConfigKeys (ConfUtils.java:logGet(46)) - raft.server.threadpool.proxy.cached = true (default)
2022-08-20 07:52:47,667 [Listener at 127.0.0.1/35463] INFO  server.RaftServerConfigKeys (ConfUtils.java:logGet(46)) - raft.server.threadpool.proxy.size = 0 (default)
2022-08-20 07:52:47,668 [Listener at 127.0.0.1/35463] INFO  server.RaftServerConfigKeys (ConfUtils.java:logGet(46)) - raft.server.rpc.slowness.timeout = 300s (custom)
2022-08-20 07:52:47,668 [Listener at 127.0.0.1/35463] INFO  server.RaftServerConfigKeys (ConfUtils.java:logGet(46)) - raft.server.leaderelection.leader.step-down.wait-time = 10s (default)
2022-08-20 07:52:47,668 [Listener at 127.0.0.1/35463] INFO  server.RaftServerConfigKeys (ConfUtils.java:logGet(46)) - raft.server.storage.dir = [/home/runner/work/ozone/ozone/hadoop-ozone/integration-test/target/test-dir/MiniOzoneClusterImpl-944d7f12-74bf-410a-af98-bfd2a7f98119/datanode-2/data/ratis] (custom)
2022-08-20 07:52:47,670 [Listener at 127.0.0.1/35463] INFO  server.XceiverServerGrpc (XceiverServerGrpc.java:<init>(132)) - GrpcServer channel type EpollServerSocketChannel
2022-08-20 07:52:47,687 [Listener at 127.0.0.1/35463] INFO  http.BaseHttpServer (BaseHttpServer.java:newHttpServer2BuilderForOzone(209)) - Starting Web-server for hddsDatanode at: http://0.0.0.0:0
2022-08-20 07:52:47,687 [Listener at 127.0.0.1/35463] INFO  http.BaseHttpServer (BaseHttpServer.java:<init>(107)) - Hadoop Security Enabled: false Ozone Security Enabled: false Ozone HTTP Security Enabled: false 
2022-08-20 07:52:47,688 [Listener at 127.0.0.1/35463] INFO  server.AuthenticationFilter (AuthenticationFilter.java:constructSecretProvider(240)) - Unable to initialize FileSignerSecretProvider, falling back to use random secrets.
2022-08-20 07:52:47,689 [Listener at 127.0.0.1/35463] WARN  http.HttpRequestLog (HttpRequestLog.java:getRequestLog(103)) - Jetty request log can only be enabled using Log4j
2022-08-20 07:52:47,691 [Listener at 127.0.0.1/35463] INFO  http.HttpServer2 (HttpServer2.java:addGlobalFilter(1029)) - Added global filter 'safety' (class=org.apache.hadoop.hdds.server.http.HttpServer2$QuotingInputFilter)
2022-08-20 07:52:47,693 [Listener at 127.0.0.1/35463] INFO  http.HttpServer2 (HttpServer2.java:addFilter(1005)) - Added filter static_user_filter (class=org.apache.hadoop.http.lib.StaticUserWebFilter$StaticUserFilter) to context hddsDatanode
2022-08-20 07:52:47,694 [Listener at 127.0.0.1/35463] INFO  http.HttpServer2 (HttpServer2.java:addFilter(1013)) - Added filter static_user_filter (class=org.apache.hadoop.http.lib.StaticUserWebFilter$StaticUserFilter) to context logs
2022-08-20 07:52:47,694 [Listener at 127.0.0.1/35463] INFO  http.HttpServer2 (HttpServer2.java:addFilter(1013)) - Added filter static_user_filter (class=org.apache.hadoop.http.lib.StaticUserWebFilter$StaticUserFilter) to context static
2022-08-20 07:52:47,694 [Listener at 127.0.0.1/35463] INFO  http.HttpServer2 (HttpServer2.java:bindListener(1248)) - Jetty bound to port 46297
2022-08-20 07:52:47,694 [Listener at 127.0.0.1/35463] INFO  server.Server (Server.java:doStart(375)) - jetty-9.4.43.v20210629; built: 2021-06-30T11:07:22.254Z; git: 526006ecfa3af7f1a27ef3a288e2bef7ea9dd7e8; jvm 1.8.0_332-b09
2022-08-20 07:52:47,704 [Listener at 127.0.0.1/35463] INFO  server.session (DefaultSessionIdManager.java:doStart(334)) - DefaultSessionIdManager workerName=node0
2022-08-20 07:52:47,704 [Listener at 127.0.0.1/35463] INFO  server.session (DefaultSessionIdManager.java:doStart(339)) - No SessionScavenger set, using defaults
2022-08-20 07:52:47,704 [Listener at 127.0.0.1/35463] INFO  server.session (HouseKeeper.java:startScavenging(132)) - node0 Scavenging every 660000ms
2022-08-20 07:52:47,705 [Listener at 127.0.0.1/35463] INFO  handler.ContextHandler (ContextHandler.java:doStart(915)) - Started o.e.j.s.ServletContextHandler@2474aa67{logs,/logs,file:///home/runner/work/ozone/ozone/hadoop-ozone/integration-test/target/log,AVAILABLE}
2022-08-20 07:52:47,705 [Listener at 127.0.0.1/35463] INFO  handler.ContextHandler (ContextHandler.java:doStart(915)) - Started o.e.j.s.ServletContextHandler@74f86856{static,/static,jar:file:/home/runner/.m2/repository/org/apache/ozone/hdds-container-service/1.3.0-SNAPSHOT/hdds-container-service-1.3.0-SNAPSHOT.jar!/webapps/static,AVAILABLE}
2022-08-20 07:52:48,001 [Listener at 127.0.0.1/35463] INFO  handler.ContextHandler (ContextHandler.java:doStart(915)) - Started o.e.j.w.WebAppContext@4a1fb55b{hddsDatanode,/,file:///tmp/jetty-0_0_0_0-46297-hdds-container-service-1_3_0-SNAPSHOT_jar-_-any-8749772481964884612/webapp/,AVAILABLE}{jar:file:/home/runner/.m2/repository/org/apache/ozone/hdds-container-service/1.3.0-SNAPSHOT/hdds-container-service-1.3.0-SNAPSHOT.jar!/webapps/hddsDatanode}
2022-08-20 07:52:48,013 [Listener at 127.0.0.1/35463] INFO  server.AbstractConnector (AbstractConnector.java:doStart(331)) - Started ServerConnector@5eea1511{HTTP/1.1, (http/1.1)}{0.0.0.0:46297}
2022-08-20 07:52:48,013 [Listener at 127.0.0.1/35463] INFO  server.Server (Server.java:doStart(415)) - Started @79653ms
2022-08-20 07:52:48,013 [Listener at 127.0.0.1/35463] WARN  impl.MetricsSystemImpl (MetricsSystemImpl.java:register(279)) - Sink prometheus already exists!
2022-08-20 07:52:48,018 [Listener at 127.0.0.1/35463] INFO  http.BaseHttpServer (BaseHttpServer.java:updateConnectorAddress(329)) - HTTP server of hddsDatanode listening at http://0.0.0.0:46297
2022-08-20 07:52:48,021 [Listener at 127.0.0.1/35463] INFO  impl.MetricsSystemImpl (MetricsSystemImpl.java:init(158)) - HddsDatanode metrics system started (again)
2022-08-20 07:52:48,034 [Datanode State Machine Daemon Thread] INFO  statemachine.DatanodeStateMachine (DatanodeStateMachine.java:lambda$startDaemon$0(492)) - Ozone container server started.
2022-08-20 07:52:48,074 [org.apache.hadoop.util.JvmPauseMonitor$Monitor@6e5f5561] INFO  util.JvmPauseMonitor (JvmPauseMonitor.java:run(188)) - Starting JVM pause monitor
2022-08-20 07:52:48,079 [Listener at 127.0.0.1/35463] INFO  ozone.HddsDatanodeService (HddsDatanodeService.java:start(236)) - HddsDatanodeService host:fv-az58-577.v01ewlpc0lrezph5nvg1m2rhcd.cx.internal.cloudapp.net ip:10.1.0.10
2022-08-20 07:52:48,091 [Datanode State Machine Task Thread - 0] INFO  datanode.InitDatanodeState (InitDatanodeState.java:persistContainerDatanodeDetails(138)) - DatanodeDetails is persisted to /home/runner/work/ozone/ozone/hadoop-ozone/integration-test/target/test-dir/MiniOzoneClusterImpl-944d7f12-74bf-410a-af98-bfd2a7f98119/datanode-2/meta/datanode.id
2022-08-20 07:52:48,113 [Listener at 127.0.0.1/35463] INFO  upgrade.AbstractLayoutVersionManager (AbstractLayoutVersionManager.java:init(83)) - Initializing Layout version manager with metadata layout = DATANODE_SCHEMA_V3 (version = 4), software layout = DATANODE_SCHEMA_V3 (version = 4)
2022-08-20 07:52:48,183 [Listener at 127.0.0.1/35463] INFO  reflections.Reflections (Reflections.java:scan(232)) - Reflections took 69 ms to scan 7 urls, producing 133 keys and 322 values 
2022-08-20 07:52:48,185 [Listener at 127.0.0.1/35463] INFO  statemachine.DatanodeStateMachine (DatanodeStateMachine.java:getEndPointTaskThreadPoolSize(237)) - Datanode State Machine Task Thread Pool size 2
2022-08-20 07:52:48,199 [Listener at 127.0.0.1/35463] INFO  volume.HddsVolume (HddsVolume.java:<init>(117)) - Creating HddsVolume: /home/runner/work/ozone/ozone/hadoop-ozone/integration-test/target/test-dir/MiniOzoneClusterImpl-944d7f12-74bf-410a-af98-bfd2a7f98119/datanode-3/data-0/containers/hdds of storage type : DISK capacity : 9223372036854775807
2022-08-20 07:52:48,199 [Listener at 127.0.0.1/35463] INFO  volume.MutableVolumeSet (MutableVolumeSet.java:initializeVolumeSet(174)) - Added Volume : /home/runner/work/ozone/ozone/hadoop-ozone/integration-test/target/test-dir/MiniOzoneClusterImpl-944d7f12-74bf-410a-af98-bfd2a7f98119/datanode-3/data-0/containers/hdds to VolumeSet
2022-08-20 07:52:48,199 [Listener at 127.0.0.1/35463] INFO  volume.ThrottledAsyncChecker (ThrottledAsyncChecker.java:schedule(141)) - Scheduling a check for /home/runner/work/ozone/ozone/hadoop-ozone/integration-test/target/test-dir/MiniOzoneClusterImpl-944d7f12-74bf-410a-af98-bfd2a7f98119/datanode-3/data-0/containers/hdds
2022-08-20 07:52:48,211 [Listener at 127.0.0.1/35463] INFO  volume.StorageVolumeChecker (StorageVolumeChecker.java:checkAllVolumes(202)) - Scheduled health check for volume /home/runner/work/ozone/ozone/hadoop-ozone/integration-test/target/test-dir/MiniOzoneClusterImpl-944d7f12-74bf-410a-af98-bfd2a7f98119/datanode-3/data-0/containers/hdds
2022-08-20 07:52:48,229 [Listener at 127.0.0.1/35463] INFO  volume.MutableVolumeSet (MutableVolumeSet.java:initializeVolumeSet(174)) - Added Volume : /home/runner/work/ozone/ozone/hadoop-ozone/integration-test/target/test-dir/MiniOzoneClusterImpl-944d7f12-74bf-410a-af98-bfd2a7f98119/datanode-3/data/ratis to VolumeSet
2022-08-20 07:52:48,229 [Listener at 127.0.0.1/35463] INFO  volume.ThrottledAsyncChecker (ThrottledAsyncChecker.java:schedule(141)) - Scheduling a check for /home/runner/work/ozone/ozone/hadoop-ozone/integration-test/target/test-dir/MiniOzoneClusterImpl-944d7f12-74bf-410a-af98-bfd2a7f98119/datanode-3/data/ratis
2022-08-20 07:52:48,229 [Listener at 127.0.0.1/35463] INFO  volume.StorageVolumeChecker (StorageVolumeChecker.java:checkAllVolumes(202)) - Scheduled health check for volume /home/runner/work/ozone/ozone/hadoop-ozone/integration-test/target/test-dir/MiniOzoneClusterImpl-944d7f12-74bf-410a-af98-bfd2a7f98119/datanode-3/data/ratis
2022-08-20 07:52:48,266 [Thread-720] INFO  ozoneimpl.ContainerReader (ContainerReader.java:readVolume(175)) - Finish verifying containers on volume /home/runner/work/ozone/ozone/hadoop-ozone/integration-test/target/test-dir/MiniOzoneClusterImpl-944d7f12-74bf-410a-af98-bfd2a7f98119/datanode-3/data-0/containers/hdds
2022-08-20 07:52:48,266 [Listener at 127.0.0.1/35463] INFO  ozoneimpl.OzoneContainer (OzoneContainer.java:buildContainerSet(299)) - Build ContainerSet costs 0s
2022-08-20 07:52:48,269 [Listener at 127.0.0.1/35463] INFO  server.RaftServer (ConfUtils.java:logGet(46)) - raft.rpc.type = GRPC (default)
2022-08-20 07:52:48,269 [Listener at 127.0.0.1/35463] INFO  grpc.GrpcFactory (GrpcFactory.java:checkPooledByteBufAllocatorUseCacheForAllThreads(48)) - PERFORMANCE WARNING: useCacheForAllThreads is true that may cause Netty to create a lot garbage objects and, as a result, trigger GC.
	It is recommended to disable useCacheForAllThreads by setting -Dorg.apache.ratis.thirdparty.io.netty.allocator.useCacheForAllThreads=false in command line.
2022-08-20 07:52:48,269 [Listener at 127.0.0.1/35463] INFO  grpc.GrpcConfigKeys (ConfUtils.java:logGet(46)) - raft.grpc.admin.port = 0 (custom)
2022-08-20 07:52:48,269 [Listener at 127.0.0.1/35463] INFO  grpc.GrpcConfigKeys (ConfUtils.java:logGet(46)) - raft.grpc.client.port = 0 (custom)
2022-08-20 07:52:48,269 [Listener at 127.0.0.1/35463] INFO  grpc.GrpcConfigKeys (ConfUtils.java:logGet(46)) - raft.grpc.server.port = 0 (default)
2022-08-20 07:52:48,269 [Listener at 127.0.0.1/35463] INFO  server.GrpcService (ConfUtils.java:logGet(46)) - raft.grpc.message.size.max = 32MB (=33554432) (custom)
2022-08-20 07:52:48,269 [Listener at 127.0.0.1/35463] INFO  server.RaftServerConfigKeys (ConfUtils.java:logGet(46)) - raft.server.log.appender.buffer.byte-limit = 33554432 (custom)
2022-08-20 07:52:48,269 [Listener at 127.0.0.1/35463] INFO  server.GrpcService (ConfUtils.java:logGet(46)) - raft.grpc.flow.control.window = 5MB (=5242880) (custom)
2022-08-20 07:52:48,278 [Listener at 127.0.0.1/35463] INFO  server.RaftServerConfigKeys (ConfUtils.java:logGet(46)) - raft.server.rpc.request.timeout = 60s (custom)
2022-08-20 07:52:48,278 [Listener at 127.0.0.1/35463] INFO  grpc.GrpcConfigKeys (ConfUtils.java:logGet(46)) - raft.grpc.server.async.request.thread.pool.cached = true (default)
2022-08-20 07:52:48,278 [Listener at 127.0.0.1/35463] INFO  grpc.GrpcConfigKeys (ConfUtils.java:logGet(46)) - raft.grpc.server.async.request.thread.pool.size = 32 (default)
2022-08-20 07:52:48,279 [Listener at 127.0.0.1/35463] INFO  impl.DataStreamServerImpl (ConfUtils.java:logGet(46)) - raft.datastream.type = DISABLED (default)
2022-08-20 07:52:48,280 [Listener at 127.0.0.1/35463] INFO  server.RaftServerConfigKeys (ConfUtils.java:logGet(46)) - raft.server.threadpool.proxy.cached = true (default)
2022-08-20 07:52:48,280 [Listener at 127.0.0.1/35463] INFO  server.RaftServerConfigKeys (ConfUtils.java:logGet(46)) - raft.server.threadpool.proxy.size = 0 (default)
2022-08-20 07:52:48,280 [Listener at 127.0.0.1/35463] INFO  server.RaftServerConfigKeys (ConfUtils.java:logGet(46)) - raft.server.rpc.slowness.timeout = 300s (custom)
2022-08-20 07:52:48,280 [Listener at 127.0.0.1/35463] INFO  server.RaftServerConfigKeys (ConfUtils.java:logGet(46)) - raft.server.leaderelection.leader.step-down.wait-time = 10s (default)
2022-08-20 07:52:48,280 [Listener at 127.0.0.1/35463] INFO  server.RaftServerConfigKeys (ConfUtils.java:logGet(46)) - raft.server.storage.dir = [/home/runner/work/ozone/ozone/hadoop-ozone/integration-test/target/test-dir/MiniOzoneClusterImpl-944d7f12-74bf-410a-af98-bfd2a7f98119/datanode-3/data/ratis] (custom)
2022-08-20 07:52:48,286 [Listener at 127.0.0.1/35463] INFO  server.XceiverServerGrpc (XceiverServerGrpc.java:<init>(132)) - GrpcServer channel type EpollServerSocketChannel
2022-08-20 07:52:48,301 [Listener at 127.0.0.1/35463] INFO  http.BaseHttpServer (BaseHttpServer.java:newHttpServer2BuilderForOzone(209)) - Starting Web-server for hddsDatanode at: http://0.0.0.0:0
2022-08-20 07:52:48,301 [Listener at 127.0.0.1/35463] INFO  http.BaseHttpServer (BaseHttpServer.java:<init>(107)) - Hadoop Security Enabled: false Ozone Security Enabled: false Ozone HTTP Security Enabled: false 
2022-08-20 07:52:48,303 [Listener at 127.0.0.1/35463] INFO  server.AuthenticationFilter (AuthenticationFilter.java:constructSecretProvider(240)) - Unable to initialize FileSignerSecretProvider, falling back to use random secrets.
2022-08-20 07:52:48,304 [Listener at 127.0.0.1/35463] WARN  http.HttpRequestLog (HttpRequestLog.java:getRequestLog(103)) - Jetty request log can only be enabled using Log4j
2022-08-20 07:52:48,305 [Listener at 127.0.0.1/35463] INFO  http.HttpServer2 (HttpServer2.java:addGlobalFilter(1029)) - Added global filter 'safety' (class=org.apache.hadoop.hdds.server.http.HttpServer2$QuotingInputFilter)
2022-08-20 07:52:48,306 [Listener at 127.0.0.1/35463] INFO  http.HttpServer2 (HttpServer2.java:addFilter(1005)) - Added filter static_user_filter (class=org.apache.hadoop.http.lib.StaticUserWebFilter$StaticUserFilter) to context hddsDatanode
2022-08-20 07:52:48,306 [Listener at 127.0.0.1/35463] INFO  http.HttpServer2 (HttpServer2.java:addFilter(1013)) - Added filter static_user_filter (class=org.apache.hadoop.http.lib.StaticUserWebFilter$StaticUserFilter) to context static
2022-08-20 07:52:48,306 [Listener at 127.0.0.1/35463] INFO  http.HttpServer2 (HttpServer2.java:addFilter(1013)) - Added filter static_user_filter (class=org.apache.hadoop.http.lib.StaticUserWebFilter$StaticUserFilter) to context logs
2022-08-20 07:52:48,308 [Listener at 127.0.0.1/35463] INFO  http.HttpServer2 (HttpServer2.java:bindListener(1248)) - Jetty bound to port 39917
2022-08-20 07:52:48,308 [Listener at 127.0.0.1/35463] INFO  server.Server (Server.java:doStart(375)) - jetty-9.4.43.v20210629; built: 2021-06-30T11:07:22.254Z; git: 526006ecfa3af7f1a27ef3a288e2bef7ea9dd7e8; jvm 1.8.0_332-b09
2022-08-20 07:52:48,359 [Listener at 127.0.0.1/35463] INFO  server.session (DefaultSessionIdManager.java:doStart(334)) - DefaultSessionIdManager workerName=node0
2022-08-20 07:52:48,359 [Listener at 127.0.0.1/35463] INFO  server.session (DefaultSessionIdManager.java:doStart(339)) - No SessionScavenger set, using defaults
2022-08-20 07:52:48,359 [Listener at 127.0.0.1/35463] INFO  server.session (HouseKeeper.java:startScavenging(132)) - node0 Scavenging every 600000ms
2022-08-20 07:52:48,360 [Listener at 127.0.0.1/35463] INFO  handler.ContextHandler (ContextHandler.java:doStart(915)) - Started o.e.j.s.ServletContextHandler@5e993930{logs,/logs,file:///home/runner/work/ozone/ozone/hadoop-ozone/integration-test/target/log,AVAILABLE}
2022-08-20 07:52:48,361 [Listener at 127.0.0.1/35463] INFO  handler.ContextHandler (ContextHandler.java:doStart(915)) - Started o.e.j.s.ServletContextHandler@71c1d3e4{static,/static,jar:file:/home/runner/.m2/repository/org/apache/ozone/hdds-container-service/1.3.0-SNAPSHOT/hdds-container-service-1.3.0-SNAPSHOT.jar!/webapps/static,AVAILABLE}
2022-08-20 07:52:48,709 [Listener at 127.0.0.1/35463] INFO  handler.ContextHandler (ContextHandler.java:doStart(915)) - Started o.e.j.w.WebAppContext@3d63158f{hddsDatanode,/,file:///tmp/jetty-0_0_0_0-39917-hdds-container-service-1_3_0-SNAPSHOT_jar-_-any-1708934709520176010/webapp/,AVAILABLE}{jar:file:/home/runner/.m2/repository/org/apache/ozone/hdds-container-service/1.3.0-SNAPSHOT/hdds-container-service-1.3.0-SNAPSHOT.jar!/webapps/hddsDatanode}
2022-08-20 07:52:48,720 [Listener at 127.0.0.1/35463] INFO  server.AbstractConnector (AbstractConnector.java:doStart(331)) - Started ServerConnector@d1216ae{HTTP/1.1, (http/1.1)}{0.0.0.0:39917}
2022-08-20 07:52:48,720 [Listener at 127.0.0.1/35463] INFO  server.Server (Server.java:doStart(415)) - Started @80361ms
2022-08-20 07:52:48,721 [Listener at 127.0.0.1/35463] WARN  impl.MetricsSystemImpl (MetricsSystemImpl.java:register(279)) - Sink prometheus already exists!
2022-08-20 07:52:48,726 [Listener at 127.0.0.1/35463] INFO  http.BaseHttpServer (BaseHttpServer.java:updateConnectorAddress(329)) - HTTP server of hddsDatanode listening at http://0.0.0.0:39917
2022-08-20 07:52:48,734 [Datanode State Machine Daemon Thread] INFO  statemachine.DatanodeStateMachine (DatanodeStateMachine.java:lambda$startDaemon$0(492)) - Ozone container server started.
2022-08-20 07:52:48,734 [Listener at 127.0.0.1/35463] INFO  impl.MetricsSystemImpl (MetricsSystemImpl.java:init(158)) - HddsDatanode metrics system started (again)
2022-08-20 07:52:48,771 [Listener at 127.0.0.1/35463] INFO  ozone.HddsDatanodeService (HddsDatanodeService.java:start(236)) - HddsDatanodeService host:fv-az58-577.v01ewlpc0lrezph5nvg1m2rhcd.cx.internal.cloudapp.net ip:10.1.0.10
2022-08-20 07:52:48,802 [org.apache.hadoop.util.JvmPauseMonitor$Monitor@46d3ae8f] INFO  util.JvmPauseMonitor (JvmPauseMonitor.java:run(188)) - Starting JVM pause monitor
2022-08-20 07:52:48,822 [Datanode State Machine Task Thread - 0] INFO  datanode.InitDatanodeState (InitDatanodeState.java:persistContainerDatanodeDetails(138)) - DatanodeDetails is persisted to /home/runner/work/ozone/ozone/hadoop-ozone/integration-test/target/test-dir/MiniOzoneClusterImpl-944d7f12-74bf-410a-af98-bfd2a7f98119/datanode-3/meta/datanode.id
2022-08-20 07:52:48,827 [Listener at 127.0.0.1/35463] INFO  upgrade.AbstractLayoutVersionManager (AbstractLayoutVersionManager.java:init(83)) - Initializing Layout version manager with metadata layout = DATANODE_SCHEMA_V3 (version = 4), software layout = DATANODE_SCHEMA_V3 (version = 4)
2022-08-20 07:52:48,910 [EndpointStateMachine task thread for /0.0.0.0:36217 - 0 ] INFO  volume.HddsVolume (HddsVolume.java:createDbStore(310)) - SchemaV3 db is created and loaded at /home/runner/work/ozone/ozone/hadoop-ozone/integration-test/target/test-dir/MiniOzoneClusterImpl-944d7f12-74bf-410a-af98-bfd2a7f98119/datanode-0/data-0/containers/hdds/944d7f12-74bf-410a-af98-bfd2a7f98119/DS-62c7df28-a5e2-49c1-a10d-0d7fa603726d/container.db for volume DS-62c7df28-a5e2-49c1-a10d-0d7fa603726d
2022-08-20 07:52:48,934 [EndpointStateMachine task thread for /0.0.0.0:36217 - 0 ] INFO  volume.HddsVolume (HddsVolume.java:closeDbStore(341)) - SchemaV3 db is stopped at /home/runner/work/ozone/ozone/hadoop-ozone/integration-test/target/test-dir/MiniOzoneClusterImpl-944d7f12-74bf-410a-af98-bfd2a7f98119/datanode-0/data-0/containers/hdds/944d7f12-74bf-410a-af98-bfd2a7f98119/DS-62c7df28-a5e2-49c1-a10d-0d7fa603726d/container.db for volume DS-62c7df28-a5e2-49c1-a10d-0d7fa603726d
2022-08-20 07:52:48,935 [EndpointStateMachine task thread for /0.0.0.0:36217 - 0 ] INFO  ozoneimpl.OzoneContainer (OzoneContainer.java:start(377)) - Attempting to start container services.
2022-08-20 07:52:48,935 [EndpointStateMachine task thread for /0.0.0.0:36217 - 0 ] INFO  ozoneimpl.OzoneContainer (OzoneContainer.java:startContainerScrub(312)) - Background container scanner has been disabled.
2022-08-20 07:52:48,957 [EndpointStateMachine task thread for /0.0.0.0:36217 - 0 ] INFO  replication.ReplicationServer (ReplicationServer.java:start(111)) - ReplicationServer is started using port 33323
2022-08-20 07:52:48,958 [EndpointStateMachine task thread for /0.0.0.0:36217 - 0 ] INFO  ratis.XceiverServerRatis (XceiverServerRatis.java:start(481)) - Starting XceiverServerRatis 9b8f87c8-445f-40fe-97ae-2bc30a04beb5
2022-08-20 07:52:48,962 [EndpointStateMachine task thread for /0.0.0.0:36217 - 0 ] INFO  server.RaftServer (RaftServerProxy.java:lambda$start$6(382)) - 9b8f87c8-445f-40fe-97ae-2bc30a04beb5: start RPC server
2022-08-20 07:52:48,967 [EndpointStateMachine task thread for /0.0.0.0:36217 - 0 ] INFO  server.GrpcService (GrpcService.java:startImpl(260)) - 9b8f87c8-445f-40fe-97ae-2bc30a04beb5: GrpcService started, listening on 43397
2022-08-20 07:52:48,975 [Listener at 127.0.0.1/35463] INFO  reflections.Reflections (Reflections.java:scan(232)) - Reflections took 147 ms to scan 7 urls, producing 133 keys and 322 values 
2022-08-20 07:52:48,977 [Listener at 127.0.0.1/35463] INFO  statemachine.DatanodeStateMachine (DatanodeStateMachine.java:getEndPointTaskThreadPoolSize(237)) - Datanode State Machine Task Thread Pool size 2
2022-08-20 07:52:48,990 [EndpointStateMachine task thread for /0.0.0.0:36217 - 0 ] INFO  ratis.XceiverServerRatis (XceiverServerRatis.java:getRealPort(502)) - XceiverServerRatis 9b8f87c8-445f-40fe-97ae-2bc30a04beb5 is started using port 43397 for RATIS
2022-08-20 07:52:48,990 [EndpointStateMachine task thread for /0.0.0.0:36217 - 0 ] INFO  ratis.XceiverServerRatis (XceiverServerRatis.java:getRealPort(502)) - XceiverServerRatis 9b8f87c8-445f-40fe-97ae-2bc30a04beb5 is started using port 43397 for RATIS_ADMIN
2022-08-20 07:52:48,990 [EndpointStateMachine task thread for /0.0.0.0:36217 - 0 ] INFO  ratis.XceiverServerRatis (XceiverServerRatis.java:getRealPort(502)) - XceiverServerRatis 9b8f87c8-445f-40fe-97ae-2bc30a04beb5 is started using port 43397 for RATIS_SERVER
2022-08-20 07:52:48,990 [org.apache.ratis.util.JvmPauseMonitor$$Lambda$621/1550133838@15af95b2] INFO  util.JvmPauseMonitor (JvmPauseMonitor.java:run(103)) - JvmPauseMonitor-9b8f87c8-445f-40fe-97ae-2bc30a04beb5: Started
2022-08-20 07:52:48,995 [Listener at 127.0.0.1/35463] INFO  volume.HddsVolume (HddsVolume.java:<init>(117)) - Creating HddsVolume: /home/runner/work/ozone/ozone/hadoop-ozone/integration-test/target/test-dir/MiniOzoneClusterImpl-944d7f12-74bf-410a-af98-bfd2a7f98119/datanode-4/data-0/containers/hdds of storage type : DISK capacity : 9223372036854775807
2022-08-20 07:52:48,995 [Listener at 127.0.0.1/35463] INFO  volume.MutableVolumeSet (MutableVolumeSet.java:initializeVolumeSet(174)) - Added Volume : /home/runner/work/ozone/ozone/hadoop-ozone/integration-test/target/test-dir/MiniOzoneClusterImpl-944d7f12-74bf-410a-af98-bfd2a7f98119/datanode-4/data-0/containers/hdds to VolumeSet
2022-08-20 07:52:48,995 [Listener at 127.0.0.1/35463] INFO  volume.ThrottledAsyncChecker (ThrottledAsyncChecker.java:schedule(141)) - Scheduling a check for /home/runner/work/ozone/ozone/hadoop-ozone/integration-test/target/test-dir/MiniOzoneClusterImpl-944d7f12-74bf-410a-af98-bfd2a7f98119/datanode-4/data-0/containers/hdds
2022-08-20 07:52:49,003 [Listener at 127.0.0.1/35463] INFO  volume.StorageVolumeChecker (StorageVolumeChecker.java:checkAllVolumes(202)) - Scheduled health check for volume /home/runner/work/ozone/ozone/hadoop-ozone/integration-test/target/test-dir/MiniOzoneClusterImpl-944d7f12-74bf-410a-af98-bfd2a7f98119/datanode-4/data-0/containers/hdds
2022-08-20 07:52:49,004 [EndpointStateMachine task thread for /0.0.0.0:36217 - 0 ] INFO  server.XceiverServerGrpc (XceiverServerGrpc.java:start(180)) - XceiverServerGrpc 9b8f87c8-445f-40fe-97ae-2bc30a04beb5 is started using port 34279
2022-08-20 07:52:49,042 [Listener at 127.0.0.1/35463] INFO  volume.MutableVolumeSet (MutableVolumeSet.java:initializeVolumeSet(174)) - Added Volume : /home/runner/work/ozone/ozone/hadoop-ozone/integration-test/target/test-dir/MiniOzoneClusterImpl-944d7f12-74bf-410a-af98-bfd2a7f98119/datanode-4/data/ratis to VolumeSet
2022-08-20 07:52:49,042 [Listener at 127.0.0.1/35463] INFO  volume.ThrottledAsyncChecker (ThrottledAsyncChecker.java:schedule(141)) - Scheduling a check for /home/runner/work/ozone/ozone/hadoop-ozone/integration-test/target/test-dir/MiniOzoneClusterImpl-944d7f12-74bf-410a-af98-bfd2a7f98119/datanode-4/data/ratis
2022-08-20 07:52:49,045 [Listener at 127.0.0.1/35463] INFO  volume.StorageVolumeChecker (StorageVolumeChecker.java:checkAllVolumes(202)) - Scheduled health check for volume /home/runner/work/ozone/ozone/hadoop-ozone/integration-test/target/test-dir/MiniOzoneClusterImpl-944d7f12-74bf-410a-af98-bfd2a7f98119/datanode-4/data/ratis
2022-08-20 07:52:49,069 [Thread-739] INFO  ozoneimpl.ContainerReader (ContainerReader.java:readVolume(175)) - Finish verifying containers on volume /home/runner/work/ozone/ozone/hadoop-ozone/integration-test/target/test-dir/MiniOzoneClusterImpl-944d7f12-74bf-410a-af98-bfd2a7f98119/datanode-4/data-0/containers/hdds
2022-08-20 07:52:49,069 [Listener at 127.0.0.1/35463] INFO  ozoneimpl.OzoneContainer (OzoneContainer.java:buildContainerSet(299)) - Build ContainerSet costs 0s
2022-08-20 07:52:49,075 [Listener at 127.0.0.1/35463] INFO  server.RaftServer (ConfUtils.java:logGet(46)) - raft.rpc.type = GRPC (default)
2022-08-20 07:52:49,075 [Listener at 127.0.0.1/35463] INFO  grpc.GrpcFactory (GrpcFactory.java:checkPooledByteBufAllocatorUseCacheForAllThreads(48)) - PERFORMANCE WARNING: useCacheForAllThreads is true that may cause Netty to create a lot garbage objects and, as a result, trigger GC.
	It is recommended to disable useCacheForAllThreads by setting -Dorg.apache.ratis.thirdparty.io.netty.allocator.useCacheForAllThreads=false in command line.
2022-08-20 07:52:49,075 [Listener at 127.0.0.1/35463] INFO  grpc.GrpcConfigKeys (ConfUtils.java:logGet(46)) - raft.grpc.admin.port = 0 (custom)
2022-08-20 07:52:49,075 [Listener at 127.0.0.1/35463] INFO  grpc.GrpcConfigKeys (ConfUtils.java:logGet(46)) - raft.grpc.client.port = 0 (custom)
2022-08-20 07:52:49,075 [Listener at 127.0.0.1/35463] INFO  grpc.GrpcConfigKeys (ConfUtils.java:logGet(46)) - raft.grpc.server.port = 0 (default)
2022-08-20 07:52:49,075 [Listener at 127.0.0.1/35463] INFO  server.GrpcService (ConfUtils.java:logGet(46)) - raft.grpc.message.size.max = 32MB (=33554432) (custom)
2022-08-20 07:52:49,076 [Listener at 127.0.0.1/35463] INFO  server.RaftServerConfigKeys (ConfUtils.java:logGet(46)) - raft.server.log.appender.buffer.byte-limit = 33554432 (custom)
2022-08-20 07:52:49,076 [Listener at 127.0.0.1/35463] INFO  server.GrpcService (ConfUtils.java:logGet(46)) - raft.grpc.flow.control.window = 5MB (=5242880) (custom)
2022-08-20 07:52:49,076 [Listener at 127.0.0.1/35463] INFO  server.RaftServerConfigKeys (ConfUtils.java:logGet(46)) - raft.server.rpc.request.timeout = 60s (custom)
2022-08-20 07:52:49,076 [Listener at 127.0.0.1/35463] INFO  grpc.GrpcConfigKeys (ConfUtils.java:logGet(46)) - raft.grpc.server.async.request.thread.pool.cached = true (default)
2022-08-20 07:52:49,076 [Listener at 127.0.0.1/35463] INFO  grpc.GrpcConfigKeys (ConfUtils.java:logGet(46)) - raft.grpc.server.async.request.thread.pool.size = 32 (default)
2022-08-20 07:52:49,080 [Listener at 127.0.0.1/35463] INFO  impl.DataStreamServerImpl (ConfUtils.java:logGet(46)) - raft.datastream.type = DISABLED (default)
2022-08-20 07:52:49,080 [Listener at 127.0.0.1/35463] INFO  server.RaftServerConfigKeys (ConfUtils.java:logGet(46)) - raft.server.threadpool.proxy.cached = true (default)
2022-08-20 07:52:49,080 [Listener at 127.0.0.1/35463] INFO  server.RaftServerConfigKeys (ConfUtils.java:logGet(46)) - raft.server.threadpool.proxy.size = 0 (default)
2022-08-20 07:52:49,080 [Listener at 127.0.0.1/35463] INFO  server.RaftServerConfigKeys (ConfUtils.java:logGet(46)) - raft.server.rpc.slowness.timeout = 300s (custom)
2022-08-20 07:52:49,080 [Listener at 127.0.0.1/35463] INFO  server.RaftServerConfigKeys (ConfUtils.java:logGet(46)) - raft.server.leaderelection.leader.step-down.wait-time = 10s (default)
2022-08-20 07:52:49,080 [Listener at 127.0.0.1/35463] INFO  server.RaftServerConfigKeys (ConfUtils.java:logGet(46)) - raft.server.storage.dir = [/home/runner/work/ozone/ozone/hadoop-ozone/integration-test/target/test-dir/MiniOzoneClusterImpl-944d7f12-74bf-410a-af98-bfd2a7f98119/datanode-4/data/ratis] (custom)
2022-08-20 07:52:49,083 [Listener at 127.0.0.1/35463] INFO  server.XceiverServerGrpc (XceiverServerGrpc.java:<init>(132)) - GrpcServer channel type EpollServerSocketChannel
2022-08-20 07:52:49,090 [Listener at 127.0.0.1/35463] INFO  http.BaseHttpServer (BaseHttpServer.java:newHttpServer2BuilderForOzone(209)) - Starting Web-server for hddsDatanode at: http://0.0.0.0:0
2022-08-20 07:52:49,091 [Listener at 127.0.0.1/35463] INFO  http.BaseHttpServer (BaseHttpServer.java:<init>(107)) - Hadoop Security Enabled: false Ozone Security Enabled: false Ozone HTTP Security Enabled: false 
2022-08-20 07:52:49,092 [Listener at 127.0.0.1/35463] INFO  server.AuthenticationFilter (AuthenticationFilter.java:constructSecretProvider(240)) - Unable to initialize FileSignerSecretProvider, falling back to use random secrets.
2022-08-20 07:52:49,097 [Listener at 127.0.0.1/35463] WARN  http.HttpRequestLog (HttpRequestLog.java:getRequestLog(103)) - Jetty request log can only be enabled using Log4j
2022-08-20 07:52:49,098 [Listener at 127.0.0.1/35463] INFO  http.HttpServer2 (HttpServer2.java:addGlobalFilter(1029)) - Added global filter 'safety' (class=org.apache.hadoop.hdds.server.http.HttpServer2$QuotingInputFilter)
2022-08-20 07:52:49,099 [Listener at 127.0.0.1/35463] INFO  http.HttpServer2 (HttpServer2.java:addFilter(1005)) - Added filter static_user_filter (class=org.apache.hadoop.http.lib.StaticUserWebFilter$StaticUserFilter) to context hddsDatanode
2022-08-20 07:52:49,099 [Listener at 127.0.0.1/35463] INFO  http.HttpServer2 (HttpServer2.java:addFilter(1013)) - Added filter static_user_filter (class=org.apache.hadoop.http.lib.StaticUserWebFilter$StaticUserFilter) to context logs
2022-08-20 07:52:49,099 [Listener at 127.0.0.1/35463] INFO  http.HttpServer2 (HttpServer2.java:addFilter(1013)) - Added filter static_user_filter (class=org.apache.hadoop.http.lib.StaticUserWebFilter$StaticUserFilter) to context static
2022-08-20 07:52:49,100 [Listener at 127.0.0.1/35463] INFO  http.HttpServer2 (HttpServer2.java:bindListener(1248)) - Jetty bound to port 39609
2022-08-20 07:52:49,100 [Listener at 127.0.0.1/35463] INFO  server.Server (Server.java:doStart(375)) - jetty-9.4.43.v20210629; built: 2021-06-30T11:07:22.254Z; git: 526006ecfa3af7f1a27ef3a288e2bef7ea9dd7e8; jvm 1.8.0_332-b09
2022-08-20 07:52:49,109 [Listener at 127.0.0.1/35463] INFO  server.session (DefaultSessionIdManager.java:doStart(334)) - DefaultSessionIdManager workerName=node0
2022-08-20 07:52:49,110 [Listener at 127.0.0.1/35463] INFO  server.session (DefaultSessionIdManager.java:doStart(339)) - No SessionScavenger set, using defaults
2022-08-20 07:52:49,110 [Listener at 127.0.0.1/35463] INFO  server.session (HouseKeeper.java:startScavenging(132)) - node0 Scavenging every 660000ms
2022-08-20 07:52:49,111 [Listener at 127.0.0.1/35463] INFO  handler.ContextHandler (ContextHandler.java:doStart(915)) - Started o.e.j.s.ServletContextHandler@4c165a61{logs,/logs,file:///home/runner/work/ozone/ozone/hadoop-ozone/integration-test/target/log,AVAILABLE}
2022-08-20 07:52:49,111 [Listener at 127.0.0.1/35463] INFO  handler.ContextHandler (ContextHandler.java:doStart(915)) - Started o.e.j.s.ServletContextHandler@635fd09{static,/static,jar:file:/home/runner/.m2/repository/org/apache/ozone/hdds-container-service/1.3.0-SNAPSHOT/hdds-container-service-1.3.0-SNAPSHOT.jar!/webapps/static,AVAILABLE}
2022-08-20 07:52:49,392 [Listener at 127.0.0.1/35463] INFO  handler.ContextHandler (ContextHandler.java:doStart(915)) - Started o.e.j.w.WebAppContext@78a923cb{hddsDatanode,/,file:///tmp/jetty-0_0_0_0-39609-hdds-container-service-1_3_0-SNAPSHOT_jar-_-any-69930401505244174/webapp/,AVAILABLE}{jar:file:/home/runner/.m2/repository/org/apache/ozone/hdds-container-service/1.3.0-SNAPSHOT/hdds-container-service-1.3.0-SNAPSHOT.jar!/webapps/hddsDatanode}
2022-08-20 07:52:49,394 [Listener at 127.0.0.1/35463] INFO  server.AbstractConnector (AbstractConnector.java:doStart(331)) - Started ServerConnector@3d4de7ec{HTTP/1.1, (http/1.1)}{0.0.0.0:39609}
2022-08-20 07:52:49,394 [Listener at 127.0.0.1/35463] INFO  server.Server (Server.java:doStart(415)) - Started @81035ms
2022-08-20 07:52:49,394 [Listener at 127.0.0.1/35463] WARN  impl.MetricsSystemImpl (MetricsSystemImpl.java:register(279)) - Sink prometheus already exists!
2022-08-20 07:52:49,397 [Listener at 127.0.0.1/35463] INFO  http.BaseHttpServer (BaseHttpServer.java:updateConnectorAddress(329)) - HTTP server of hddsDatanode listening at http://0.0.0.0:39609
2022-08-20 07:52:49,398 [Listener at 127.0.0.1/35463] INFO  ozone.MiniOzoneClusterImpl (MiniOzoneClusterImpl.java:lambda$waitForClusterToBeReady$0(216)) - Waiting for nodes to be ready. Got 0 of 5 DN Heartbeats.
2022-08-20 07:52:49,398 [Listener at 127.0.0.1/35463] INFO  ozone.MiniOzoneClusterImpl (MiniOzoneClusterImpl.java:lambda$waitForClusterToBeReady$0(219)) - Waiting for cluster to exit safe mode
2022-08-20 07:52:49,398 [Listener at 127.0.0.1/35463] INFO  ozone.MiniOzoneClusterImpl (MiniOzoneClusterImpl.java:lambda$waitForClusterToBeReady$0(221)) - SCM became leader
2022-08-20 07:52:49,402 [Datanode State Machine Daemon Thread] INFO  statemachine.DatanodeStateMachine (DatanodeStateMachine.java:lambda$startDaemon$0(492)) - Ozone container server started.
2022-08-20 07:52:49,444 [org.apache.hadoop.util.JvmPauseMonitor$Monitor@55717ca] INFO  util.JvmPauseMonitor (JvmPauseMonitor.java:run(188)) - Starting JVM pause monitor
2022-08-20 07:52:49,451 [Datanode State Machine Task Thread - 0] INFO  datanode.InitDatanodeState (InitDatanodeState.java:persistContainerDatanodeDetails(138)) - DatanodeDetails is persisted to /home/runner/work/ozone/ozone/hadoop-ozone/integration-test/target/test-dir/MiniOzoneClusterImpl-944d7f12-74bf-410a-af98-bfd2a7f98119/datanode-4/meta/datanode.id
2022-08-20 07:52:49,570 [EndpointStateMachine task thread for /0.0.0.0:36217 - 0 ] INFO  volume.HddsVolume (HddsVolume.java:createDbStore(310)) - SchemaV3 db is created and loaded at /home/runner/work/ozone/ozone/hadoop-ozone/integration-test/target/test-dir/MiniOzoneClusterImpl-944d7f12-74bf-410a-af98-bfd2a7f98119/datanode-1/data-0/containers/hdds/944d7f12-74bf-410a-af98-bfd2a7f98119/DS-61de01cd-e517-49c5-83c8-707849f0802d/container.db for volume DS-61de01cd-e517-49c5-83c8-707849f0802d
2022-08-20 07:52:49,571 [EndpointStateMachine task thread for /0.0.0.0:36217 - 0 ] INFO  volume.HddsVolume (HddsVolume.java:closeDbStore(341)) - SchemaV3 db is stopped at /home/runner/work/ozone/ozone/hadoop-ozone/integration-test/target/test-dir/MiniOzoneClusterImpl-944d7f12-74bf-410a-af98-bfd2a7f98119/datanode-1/data-0/containers/hdds/944d7f12-74bf-410a-af98-bfd2a7f98119/DS-61de01cd-e517-49c5-83c8-707849f0802d/container.db for volume DS-61de01cd-e517-49c5-83c8-707849f0802d
2022-08-20 07:52:49,571 [EndpointStateMachine task thread for /0.0.0.0:36217 - 0 ] INFO  ozoneimpl.OzoneContainer (OzoneContainer.java:start(377)) - Attempting to start container services.
2022-08-20 07:52:49,571 [EndpointStateMachine task thread for /0.0.0.0:36217 - 0 ] INFO  ozoneimpl.OzoneContainer (OzoneContainer.java:startContainerScrub(312)) - Background container scanner has been disabled.
2022-08-20 07:52:49,588 [EndpointStateMachine task thread for /0.0.0.0:36217 - 0 ] INFO  replication.ReplicationServer (ReplicationServer.java:start(111)) - ReplicationServer is started using port 34641
2022-08-20 07:52:49,589 [EndpointStateMachine task thread for /0.0.0.0:36217 - 0 ] INFO  ratis.XceiverServerRatis (XceiverServerRatis.java:start(481)) - Starting XceiverServerRatis c9e3b08e-4472-4268-809a-be763a4c0fdf
2022-08-20 07:52:49,590 [EndpointStateMachine task thread for /0.0.0.0:36217 - 0 ] INFO  server.RaftServer (RaftServerProxy.java:lambda$start$6(382)) - c9e3b08e-4472-4268-809a-be763a4c0fdf: start RPC server
2022-08-20 07:52:49,600 [EndpointStateMachine task thread for /0.0.0.0:36217 - 0 ] INFO  server.GrpcService (GrpcService.java:startImpl(260)) - c9e3b08e-4472-4268-809a-be763a4c0fdf: GrpcService started, listening on 45857
2022-08-20 07:52:49,602 [EndpointStateMachine task thread for /0.0.0.0:36217 - 0 ] INFO  ratis.XceiverServerRatis (XceiverServerRatis.java:getRealPort(502)) - XceiverServerRatis c9e3b08e-4472-4268-809a-be763a4c0fdf is started using port 45857 for RATIS
2022-08-20 07:52:49,602 [EndpointStateMachine task thread for /0.0.0.0:36217 - 0 ] INFO  ratis.XceiverServerRatis (XceiverServerRatis.java:getRealPort(502)) - XceiverServerRatis c9e3b08e-4472-4268-809a-be763a4c0fdf is started using port 45857 for RATIS_ADMIN
2022-08-20 07:52:49,602 [EndpointStateMachine task thread for /0.0.0.0:36217 - 0 ] INFO  ratis.XceiverServerRatis (XceiverServerRatis.java:getRealPort(502)) - XceiverServerRatis c9e3b08e-4472-4268-809a-be763a4c0fdf is started using port 45857 for RATIS_SERVER
2022-08-20 07:52:49,602 [org.apache.ratis.util.JvmPauseMonitor$$Lambda$621/1550133838@7698666c] INFO  util.JvmPauseMonitor (JvmPauseMonitor.java:run(103)) - JvmPauseMonitor-c9e3b08e-4472-4268-809a-be763a4c0fdf: Started
2022-08-20 07:52:49,628 [EndpointStateMachine task thread for /0.0.0.0:36217 - 0 ] INFO  server.XceiverServerGrpc (XceiverServerGrpc.java:start(180)) - XceiverServerGrpc c9e3b08e-4472-4268-809a-be763a4c0fdf is started using port 41245
2022-08-20 07:52:50,144 [EndpointStateMachine task thread for /0.0.0.0:36217 - 0 ] INFO  volume.HddsVolume (HddsVolume.java:createDbStore(310)) - SchemaV3 db is created and loaded at /home/runner/work/ozone/ozone/hadoop-ozone/integration-test/target/test-dir/MiniOzoneClusterImpl-944d7f12-74bf-410a-af98-bfd2a7f98119/datanode-2/data-0/containers/hdds/944d7f12-74bf-410a-af98-bfd2a7f98119/DS-2cf7f43b-36fa-4343-a725-20246ee065ac/container.db for volume DS-2cf7f43b-36fa-4343-a725-20246ee065ac
2022-08-20 07:52:50,145 [EndpointStateMachine task thread for /0.0.0.0:36217 - 0 ] INFO  volume.HddsVolume (HddsVolume.java:closeDbStore(341)) - SchemaV3 db is stopped at /home/runner/work/ozone/ozone/hadoop-ozone/integration-test/target/test-dir/MiniOzoneClusterImpl-944d7f12-74bf-410a-af98-bfd2a7f98119/datanode-2/data-0/containers/hdds/944d7f12-74bf-410a-af98-bfd2a7f98119/DS-2cf7f43b-36fa-4343-a725-20246ee065ac/container.db for volume DS-2cf7f43b-36fa-4343-a725-20246ee065ac
2022-08-20 07:52:50,145 [EndpointStateMachine task thread for /0.0.0.0:36217 - 0 ] INFO  ozoneimpl.OzoneContainer (OzoneContainer.java:start(377)) - Attempting to start container services.
2022-08-20 07:52:50,145 [EndpointStateMachine task thread for /0.0.0.0:36217 - 0 ] INFO  ozoneimpl.OzoneContainer (OzoneContainer.java:startContainerScrub(312)) - Background container scanner has been disabled.
2022-08-20 07:52:50,150 [EndpointStateMachine task thread for /0.0.0.0:36217 - 0 ] INFO  replication.ReplicationServer (ReplicationServer.java:start(111)) - ReplicationServer is started using port 39111
2022-08-20 07:52:50,160 [EndpointStateMachine task thread for /0.0.0.0:36217 - 0 ] INFO  ratis.XceiverServerRatis (XceiverServerRatis.java:start(481)) - Starting XceiverServerRatis 7d464b4c-0df7-4a5f-b174-b285aa9576d2
2022-08-20 07:52:50,161 [EndpointStateMachine task thread for /0.0.0.0:36217 - 0 ] INFO  server.RaftServer (RaftServerProxy.java:lambda$start$6(382)) - 7d464b4c-0df7-4a5f-b174-b285aa9576d2: start RPC server
2022-08-20 07:52:50,175 [EndpointStateMachine task thread for /0.0.0.0:36217 - 0 ] INFO  server.GrpcService (GrpcService.java:startImpl(260)) - 7d464b4c-0df7-4a5f-b174-b285aa9576d2: GrpcService started, listening on 43361
2022-08-20 07:52:50,175 [EndpointStateMachine task thread for /0.0.0.0:36217 - 0 ] INFO  ratis.XceiverServerRatis (XceiverServerRatis.java:getRealPort(502)) - XceiverServerRatis 7d464b4c-0df7-4a5f-b174-b285aa9576d2 is started using port 43361 for RATIS
2022-08-20 07:52:50,175 [EndpointStateMachine task thread for /0.0.0.0:36217 - 0 ] INFO  ratis.XceiverServerRatis (XceiverServerRatis.java:getRealPort(502)) - XceiverServerRatis 7d464b4c-0df7-4a5f-b174-b285aa9576d2 is started using port 43361 for RATIS_ADMIN
2022-08-20 07:52:50,175 [EndpointStateMachine task thread for /0.0.0.0:36217 - 0 ] INFO  ratis.XceiverServerRatis (XceiverServerRatis.java:getRealPort(502)) - XceiverServerRatis 7d464b4c-0df7-4a5f-b174-b285aa9576d2 is started using port 43361 for RATIS_SERVER
2022-08-20 07:52:50,175 [org.apache.ratis.util.JvmPauseMonitor$$Lambda$621/1550133838@75e710bd] INFO  util.JvmPauseMonitor (JvmPauseMonitor.java:run(103)) - JvmPauseMonitor-7d464b4c-0df7-4a5f-b174-b285aa9576d2: Started
2022-08-20 07:52:50,206 [EndpointStateMachine task thread for /0.0.0.0:36217 - 0 ] INFO  server.XceiverServerGrpc (XceiverServerGrpc.java:start(180)) - XceiverServerGrpc 7d464b4c-0df7-4a5f-b174-b285aa9576d2 is started using port 41715
2022-08-20 07:52:50,398 [Listener at 127.0.0.1/35463] INFO  ozone.MiniOzoneClusterImpl (MiniOzoneClusterImpl.java:lambda$waitForClusterToBeReady$0(216)) - Waiting for nodes to be ready. Got 0 of 5 DN Heartbeats.
2022-08-20 07:52:50,398 [Listener at 127.0.0.1/35463] INFO  ozone.MiniOzoneClusterImpl (MiniOzoneClusterImpl.java:lambda$waitForClusterToBeReady$0(219)) - Waiting for cluster to exit safe mode
2022-08-20 07:52:50,398 [Listener at 127.0.0.1/35463] INFO  ozone.MiniOzoneClusterImpl (MiniOzoneClusterImpl.java:lambda$waitForClusterToBeReady$0(221)) - SCM became leader
2022-08-20 07:52:50,827 [IPC Server handler 3 on default port 36217] INFO  net.NetworkTopologyImpl (NetworkTopologyImpl.java:add(112)) - Added a new node: /default-rack/9b8f87c8-445f-40fe-97ae-2bc30a04beb5
2022-08-20 07:52:50,827 [IPC Server handler 3 on default port 36217] INFO  node.SCMNodeManager (SCMNodeManager.java:register(397)) - Registered Data node : 9b8f87c8-445f-40fe-97ae-2bc30a04beb5{ip: 10.1.0.10, host: fv-az58-577.v01ewlpc0lrezph5nvg1m2rhcd.cx.internal.cloudapp.net, ports: [REPLICATION=33323, RATIS=43397, RATIS_ADMIN=43397, RATIS_SERVER=43397, STANDALONE=34279], networkLocation: /default-rack, certSerialId: null, persistedOpState: null, persistedOpStateExpiryEpochSec: 0}
2022-08-20 07:52:50,847 [EventQueue-NodeRegistrationContainerReportForDataNodeSafeModeRule] INFO  safemode.SCMSafeModeManager (DataNodeSafeModeRule.java:process(71)) - SCM in safe mode. 1 DataNodes registered, 3 required.
2022-08-20 07:52:50,849 [EventQueue-NodeRegistrationContainerReportForContainerSafeModeRule] INFO  safemode.SCMSafeModeManager (SCMSafeModeManager.java:validateSafeModeExitRules(204)) - ContainerSafeModeRule rule is successfully validated
2022-08-20 07:52:50,872 [EventQueue-NewNodeForNewNodeHandler] INFO  pipeline.BackgroundPipelineCreator (BackgroundPipelineCreator.java:notifyEventTriggered(276)) - trigger a one-shot run on RatisPipelineUtilsThread.
2022-08-20 07:52:50,873 [RatisPipelineUtilsThread - 0] INFO  pipeline.RatisPipelineProvider (RatisPipelineProvider.java:lambda$create$0(195)) - Sending CreatePipelineCommand for pipeline:PipelineID=7f26b4ad-76ab-4c9d-8182-8ad0e74c33cd to datanode:9b8f87c8-445f-40fe-97ae-2bc30a04beb5
2022-08-20 07:52:50,873 [EventQueue-PipelineReportForOneReplicaPipelineSafeModeRule] INFO  safemode.SCMSafeModeManager (SCMSafeModeManager.java:validateSafeModeExitRules(204)) - AtleastOneDatanodeReportedRule rule is successfully validated
2022-08-20 07:52:50,878 [EndpointStateMachine task thread for /0.0.0.0:36217 - 0 ] INFO  volume.HddsVolume (HddsVolume.java:createDbStore(310)) - SchemaV3 db is created and loaded at /home/runner/work/ozone/ozone/hadoop-ozone/integration-test/target/test-dir/MiniOzoneClusterImpl-944d7f12-74bf-410a-af98-bfd2a7f98119/datanode-3/data-0/containers/hdds/944d7f12-74bf-410a-af98-bfd2a7f98119/DS-51eb9bc9-c615-41ad-beb3-4cdb4e2fdfc4/container.db for volume DS-51eb9bc9-c615-41ad-beb3-4cdb4e2fdfc4
2022-08-20 07:52:50,879 [EndpointStateMachine task thread for /0.0.0.0:36217 - 0 ] INFO  volume.HddsVolume (HddsVolume.java:closeDbStore(341)) - SchemaV3 db is stopped at /home/runner/work/ozone/ozone/hadoop-ozone/integration-test/target/test-dir/MiniOzoneClusterImpl-944d7f12-74bf-410a-af98-bfd2a7f98119/datanode-3/data-0/containers/hdds/944d7f12-74bf-410a-af98-bfd2a7f98119/DS-51eb9bc9-c615-41ad-beb3-4cdb4e2fdfc4/container.db for volume DS-51eb9bc9-c615-41ad-beb3-4cdb4e2fdfc4
2022-08-20 07:52:50,879 [EndpointStateMachine task thread for /0.0.0.0:36217 - 0 ] INFO  ozoneimpl.OzoneContainer (OzoneContainer.java:start(377)) - Attempting to start container services.
2022-08-20 07:52:50,879 [EndpointStateMachine task thread for /0.0.0.0:36217 - 0 ] INFO  ozoneimpl.OzoneContainer (OzoneContainer.java:startContainerScrub(312)) - Background container scanner has been disabled.
2022-08-20 07:52:50,886 [RatisPipelineUtilsThread - 0] INFO  pipeline.PipelineStateManagerImpl (PipelineStateManagerImpl.java:addPipeline(103)) - Created pipeline Pipeline[ Id: 7f26b4ad-76ab-4c9d-8182-8ad0e74c33cd, Nodes: 9b8f87c8-445f-40fe-97ae-2bc30a04beb5{ip: 10.1.0.10, host: fv-az58-577.v01ewlpc0lrezph5nvg1m2rhcd.cx.internal.cloudapp.net, ports: [REPLICATION=33323, RATIS=43397, RATIS_ADMIN=43397, RATIS_SERVER=43397, STANDALONE=34279], networkLocation: /default-rack, certSerialId: null, persistedOpState: IN_SERVICE, persistedOpStateExpiryEpochSec: 0}, ReplicationConfig: RATIS/ONE, State:ALLOCATED, leaderId:, CreationTimestamp2022-08-20T07:52:50.873Z[Etc/UTC]].
2022-08-20 07:52:50,902 [EndpointStateMachine task thread for /0.0.0.0:36217 - 0 ] INFO  replication.ReplicationServer (ReplicationServer.java:start(111)) - ReplicationServer is started using port 36047
2022-08-20 07:52:50,902 [EndpointStateMachine task thread for /0.0.0.0:36217 - 0 ] INFO  ratis.XceiverServerRatis (XceiverServerRatis.java:start(481)) - Starting XceiverServerRatis b9d8039b-b7df-40fa-a602-f2ca89962f7c
2022-08-20 07:52:50,903 [EndpointStateMachine task thread for /0.0.0.0:36217 - 0 ] INFO  server.RaftServer (RaftServerProxy.java:lambda$start$6(382)) - b9d8039b-b7df-40fa-a602-f2ca89962f7c: start RPC server
2022-08-20 07:52:50,918 [EndpointStateMachine task thread for /0.0.0.0:36217 - 0 ] INFO  server.GrpcService (GrpcService.java:startImpl(260)) - b9d8039b-b7df-40fa-a602-f2ca89962f7c: GrpcService started, listening on 43069
2022-08-20 07:52:50,922 [EndpointStateMachine task thread for /0.0.0.0:36217 - 0 ] INFO  ratis.XceiverServerRatis (XceiverServerRatis.java:getRealPort(502)) - XceiverServerRatis b9d8039b-b7df-40fa-a602-f2ca89962f7c is started using port 43069 for RATIS
2022-08-20 07:52:50,922 [EndpointStateMachine task thread for /0.0.0.0:36217 - 0 ] INFO  ratis.XceiverServerRatis (XceiverServerRatis.java:getRealPort(502)) - XceiverServerRatis b9d8039b-b7df-40fa-a602-f2ca89962f7c is started using port 43069 for RATIS_ADMIN
2022-08-20 07:52:50,922 [EndpointStateMachine task thread for /0.0.0.0:36217 - 0 ] INFO  ratis.XceiverServerRatis (XceiverServerRatis.java:getRealPort(502)) - XceiverServerRatis b9d8039b-b7df-40fa-a602-f2ca89962f7c is started using port 43069 for RATIS_SERVER
2022-08-20 07:52:50,922 [org.apache.ratis.util.JvmPauseMonitor$$Lambda$621/1550133838@348c1fc6] INFO  util.JvmPauseMonitor (JvmPauseMonitor.java:run(103)) - JvmPauseMonitor-b9d8039b-b7df-40fa-a602-f2ca89962f7c: Started
2022-08-20 07:52:50,951 [EndpointStateMachine task thread for /0.0.0.0:36217 - 0 ] INFO  server.XceiverServerGrpc (XceiverServerGrpc.java:start(180)) - XceiverServerGrpc b9d8039b-b7df-40fa-a602-f2ca89962f7c is started using port 44487
2022-08-20 07:52:51,399 [Listener at 127.0.0.1/35463] INFO  ozone.MiniOzoneClusterImpl (MiniOzoneClusterImpl.java:lambda$waitForClusterToBeReady$0(216)) - Waiting for nodes to be ready. Got 1 of 5 DN Heartbeats.
2022-08-20 07:52:51,399 [Listener at 127.0.0.1/35463] INFO  ozone.MiniOzoneClusterImpl (MiniOzoneClusterImpl.java:lambda$waitForClusterToBeReady$0(219)) - Waiting for cluster to exit safe mode
2022-08-20 07:52:51,399 [Listener at 127.0.0.1/35463] INFO  ozone.MiniOzoneClusterImpl (MiniOzoneClusterImpl.java:lambda$waitForClusterToBeReady$0(221)) - SCM became leader
2022-08-20 07:52:51,425 [IPC Server handler 2 on default port 36217] INFO  net.NetworkTopologyImpl (NetworkTopologyImpl.java:add(112)) - Added a new node: /default-rack/c9e3b08e-4472-4268-809a-be763a4c0fdf
2022-08-20 07:52:51,425 [IPC Server handler 2 on default port 36217] INFO  node.SCMNodeManager (SCMNodeManager.java:register(397)) - Registered Data node : c9e3b08e-4472-4268-809a-be763a4c0fdf{ip: 10.1.0.10, host: fv-az58-577.v01ewlpc0lrezph5nvg1m2rhcd.cx.internal.cloudapp.net, ports: [REPLICATION=34641, RATIS=45857, RATIS_ADMIN=45857, RATIS_SERVER=45857, STANDALONE=41245], networkLocation: /default-rack, certSerialId: null, persistedOpState: null, persistedOpStateExpiryEpochSec: 0}
2022-08-20 07:52:51,425 [EventQueue-NewNodeForNewNodeHandler] INFO  pipeline.BackgroundPipelineCreator (BackgroundPipelineCreator.java:notifyEventTriggered(276)) - trigger a one-shot run on RatisPipelineUtilsThread.
2022-08-20 07:52:51,436 [EventQueue-NodeRegistrationContainerReportForDataNodeSafeModeRule] INFO  safemode.SCMSafeModeManager (DataNodeSafeModeRule.java:process(71)) - SCM in safe mode. 2 DataNodes registered, 3 required.
2022-08-20 07:52:51,441 [RatisPipelineUtilsThread - 0] INFO  pipeline.RatisPipelineProvider (RatisPipelineProvider.java:lambda$create$0(195)) - Sending CreatePipelineCommand for pipeline:PipelineID=675e617e-d017-4b9f-9064-9662c4e467c8 to datanode:c9e3b08e-4472-4268-809a-be763a4c0fdf
2022-08-20 07:52:51,441 [RatisPipelineUtilsThread - 0] INFO  pipeline.PipelineStateManagerImpl (PipelineStateManagerImpl.java:addPipeline(103)) - Created pipeline Pipeline[ Id: 675e617e-d017-4b9f-9064-9662c4e467c8, Nodes: c9e3b08e-4472-4268-809a-be763a4c0fdf{ip: 10.1.0.10, host: fv-az58-577.v01ewlpc0lrezph5nvg1m2rhcd.cx.internal.cloudapp.net, ports: [REPLICATION=34641, RATIS=45857, RATIS_ADMIN=45857, RATIS_SERVER=45857, STANDALONE=41245], networkLocation: /default-rack, certSerialId: null, persistedOpState: IN_SERVICE, persistedOpStateExpiryEpochSec: 0}, ReplicationConfig: RATIS/ONE, State:ALLOCATED, leaderId:, CreationTimestamp2022-08-20T07:52:51.441Z[Etc/UTC]].
2022-08-20 07:52:51,526 [EndpointStateMachine task thread for /0.0.0.0:36217 - 0 ] INFO  volume.HddsVolume (HddsVolume.java:createDbStore(310)) - SchemaV3 db is created and loaded at /home/runner/work/ozone/ozone/hadoop-ozone/integration-test/target/test-dir/MiniOzoneClusterImpl-944d7f12-74bf-410a-af98-bfd2a7f98119/datanode-4/data-0/containers/hdds/944d7f12-74bf-410a-af98-bfd2a7f98119/DS-59e0359f-5de9-4df2-8fcd-cfcba426c5d1/container.db for volume DS-59e0359f-5de9-4df2-8fcd-cfcba426c5d1
2022-08-20 07:52:51,527 [EndpointStateMachine task thread for /0.0.0.0:36217 - 0 ] INFO  volume.HddsVolume (HddsVolume.java:closeDbStore(341)) - SchemaV3 db is stopped at /home/runner/work/ozone/ozone/hadoop-ozone/integration-test/target/test-dir/MiniOzoneClusterImpl-944d7f12-74bf-410a-af98-bfd2a7f98119/datanode-4/data-0/containers/hdds/944d7f12-74bf-410a-af98-bfd2a7f98119/DS-59e0359f-5de9-4df2-8fcd-cfcba426c5d1/container.db for volume DS-59e0359f-5de9-4df2-8fcd-cfcba426c5d1
2022-08-20 07:52:51,527 [EndpointStateMachine task thread for /0.0.0.0:36217 - 0 ] INFO  ozoneimpl.OzoneContainer (OzoneContainer.java:start(377)) - Attempting to start container services.
2022-08-20 07:52:51,527 [EndpointStateMachine task thread for /0.0.0.0:36217 - 0 ] INFO  ozoneimpl.OzoneContainer (OzoneContainer.java:startContainerScrub(312)) - Background container scanner has been disabled.
2022-08-20 07:52:51,538 [EndpointStateMachine task thread for /0.0.0.0:36217 - 0 ] INFO  replication.ReplicationServer (ReplicationServer.java:start(111)) - ReplicationServer is started using port 44993
2022-08-20 07:52:51,542 [EndpointStateMachine task thread for /0.0.0.0:36217 - 0 ] INFO  ratis.XceiverServerRatis (XceiverServerRatis.java:start(481)) - Starting XceiverServerRatis 5e69242a-7cdd-4975-9644-d62436b68246
2022-08-20 07:52:51,558 [EndpointStateMachine task thread for /0.0.0.0:36217 - 0 ] INFO  server.RaftServer (RaftServerProxy.java:lambda$start$6(382)) - 5e69242a-7cdd-4975-9644-d62436b68246: start RPC server
2022-08-20 07:52:51,561 [EndpointStateMachine task thread for /0.0.0.0:36217 - 0 ] INFO  server.GrpcService (GrpcService.java:startImpl(260)) - 5e69242a-7cdd-4975-9644-d62436b68246: GrpcService started, listening on 46631
2022-08-20 07:52:51,561 [EndpointStateMachine task thread for /0.0.0.0:36217 - 0 ] INFO  ratis.XceiverServerRatis (XceiverServerRatis.java:getRealPort(502)) - XceiverServerRatis 5e69242a-7cdd-4975-9644-d62436b68246 is started using port 46631 for RATIS
2022-08-20 07:52:51,561 [EndpointStateMachine task thread for /0.0.0.0:36217 - 0 ] INFO  ratis.XceiverServerRatis (XceiverServerRatis.java:getRealPort(502)) - XceiverServerRatis 5e69242a-7cdd-4975-9644-d62436b68246 is started using port 46631 for RATIS_ADMIN
2022-08-20 07:52:51,561 [EndpointStateMachine task thread for /0.0.0.0:36217 - 0 ] INFO  ratis.XceiverServerRatis (XceiverServerRatis.java:getRealPort(502)) - XceiverServerRatis 5e69242a-7cdd-4975-9644-d62436b68246 is started using port 46631 for RATIS_SERVER
2022-08-20 07:52:51,562 [org.apache.ratis.util.JvmPauseMonitor$$Lambda$621/1550133838@3c533afa] INFO  util.JvmPauseMonitor (JvmPauseMonitor.java:run(103)) - JvmPauseMonitor-5e69242a-7cdd-4975-9644-d62436b68246: Started
2022-08-20 07:52:51,587 [EndpointStateMachine task thread for /0.0.0.0:36217 - 0 ] INFO  server.XceiverServerGrpc (XceiverServerGrpc.java:start(180)) - XceiverServerGrpc 5e69242a-7cdd-4975-9644-d62436b68246 is started using port 44771
2022-08-20 07:52:52,075 [IPC Server handler 1 on default port 36217] INFO  net.NetworkTopologyImpl (NetworkTopologyImpl.java:add(112)) - Added a new node: /default-rack/7d464b4c-0df7-4a5f-b174-b285aa9576d2
2022-08-20 07:52:52,075 [IPC Server handler 1 on default port 36217] INFO  node.SCMNodeManager (SCMNodeManager.java:register(397)) - Registered Data node : 7d464b4c-0df7-4a5f-b174-b285aa9576d2{ip: 10.1.0.10, host: fv-az58-577.v01ewlpc0lrezph5nvg1m2rhcd.cx.internal.cloudapp.net, ports: [REPLICATION=39111, RATIS=43361, RATIS_ADMIN=43361, RATIS_SERVER=43361, STANDALONE=41715], networkLocation: /default-rack, certSerialId: null, persistedOpState: null, persistedOpStateExpiryEpochSec: 0}
2022-08-20 07:52:52,076 [EventQueue-NewNodeForNewNodeHandler] INFO  pipeline.BackgroundPipelineCreator (BackgroundPipelineCreator.java:notifyEventTriggered(276)) - trigger a one-shot run on RatisPipelineUtilsThread.
2022-08-20 07:52:52,076 [EventQueue-NodeRegistrationContainerReportForDataNodeSafeModeRule] INFO  safemode.SCMSafeModeManager (DataNodeSafeModeRule.java:process(71)) - SCM in safe mode. 3 DataNodes registered, 3 required.
2022-08-20 07:52:52,076 [EventQueue-NodeRegistrationContainerReportForDataNodeSafeModeRule] INFO  safemode.SCMSafeModeManager (SCMSafeModeManager.java:validateSafeModeExitRules(204)) - DataNodeSafeModeRule rule is successfully validated
2022-08-20 07:52:52,076 [EventQueue-NodeRegistrationContainerReportForDataNodeSafeModeRule] INFO  safemode.SCMSafeModeManager (SCMSafeModeManager.java:completePreCheck(233)) - All SCM safe mode pre check rules have passed
2022-08-20 07:52:52,076 [EventQueue-NodeRegistrationContainerReportForDataNodeSafeModeRule] WARN  events.EventQueue (EventQueue.java:fireEvent(216)) - No event handler registered for event TypedEvent{payloadType=SafeModeStatus, name='Safe mode status'}
2022-08-20 07:52:52,076 [EventQueue-NodeRegistrationContainerReportForDataNodeSafeModeRule] INFO  ha.SCMContext (SCMContext.java:updateSafeModeStatus(228)) - Update SafeModeStatus from SafeModeStatus{safeModeStatus=true, preCheckPassed=false} to SafeModeStatus{safeModeStatus=true, preCheckPassed=true}.
2022-08-20 07:52:52,076 [EventQueue-NodeRegistrationContainerReportForDataNodeSafeModeRule] INFO  pipeline.BackgroundPipelineCreator (BackgroundPipelineCreator.java:notifyEventTriggered(276)) - trigger a one-shot run on RatisPipelineUtilsThread.
2022-08-20 07:52:52,076 [RatisPipelineUtilsThread - 0] INFO  pipeline.RatisPipelineProvider (RatisPipelineProvider.java:lambda$create$0(195)) - Sending CreatePipelineCommand for pipeline:PipelineID=de5cf736-ced6-4cd8-9721-5cec56ccce3d to datanode:7d464b4c-0df7-4a5f-b174-b285aa9576d2
2022-08-20 07:52:52,077 [RatisPipelineUtilsThread - 0] INFO  pipeline.PipelineStateManagerImpl (PipelineStateManagerImpl.java:addPipeline(103)) - Created pipeline Pipeline[ Id: de5cf736-ced6-4cd8-9721-5cec56ccce3d, Nodes: 7d464b4c-0df7-4a5f-b174-b285aa9576d2{ip: 10.1.0.10, host: fv-az58-577.v01ewlpc0lrezph5nvg1m2rhcd.cx.internal.cloudapp.net, ports: [REPLICATION=39111, RATIS=43361, RATIS_ADMIN=43361, RATIS_SERVER=43361, STANDALONE=41715], networkLocation: /default-rack, certSerialId: null, persistedOpState: IN_SERVICE, persistedOpStateExpiryEpochSec: 0}, ReplicationConfig: RATIS/ONE, State:ALLOCATED, leaderId:, CreationTimestamp2022-08-20T07:52:52.076Z[Etc/UTC]].
2022-08-20 07:52:52,077 [RatisPipelineUtilsThread - 0] INFO  pipeline.RatisPipelineProvider (RatisPipelineProvider.java:lambda$create$0(195)) - Sending CreatePipelineCommand for pipeline:PipelineID=561ba505-2c46-42f0-9c55-fdc90bb2f919 to datanode:7d464b4c-0df7-4a5f-b174-b285aa9576d2
2022-08-20 07:52:52,077 [RatisPipelineUtilsThread - 0] INFO  pipeline.RatisPipelineProvider (RatisPipelineProvider.java:lambda$create$0(195)) - Sending CreatePipelineCommand for pipeline:PipelineID=561ba505-2c46-42f0-9c55-fdc90bb2f919 to datanode:9b8f87c8-445f-40fe-97ae-2bc30a04beb5
2022-08-20 07:52:52,077 [RatisPipelineUtilsThread - 0] INFO  pipeline.RatisPipelineProvider (RatisPipelineProvider.java:lambda$create$0(195)) - Sending CreatePipelineCommand for pipeline:PipelineID=561ba505-2c46-42f0-9c55-fdc90bb2f919 to datanode:c9e3b08e-4472-4268-809a-be763a4c0fdf
2022-08-20 07:52:52,078 [RatisPipelineUtilsThread - 0] INFO  pipeline.PipelineStateManagerImpl (PipelineStateManagerImpl.java:addPipeline(103)) - Created pipeline Pipeline[ Id: 561ba505-2c46-42f0-9c55-fdc90bb2f919, Nodes: 7d464b4c-0df7-4a5f-b174-b285aa9576d2{ip: 10.1.0.10, host: fv-az58-577.v01ewlpc0lrezph5nvg1m2rhcd.cx.internal.cloudapp.net, ports: [REPLICATION=39111, RATIS=43361, RATIS_ADMIN=43361, RATIS_SERVER=43361, STANDALONE=41715], networkLocation: /default-rack, certSerialId: null, persistedOpState: IN_SERVICE, persistedOpStateExpiryEpochSec: 0}9b8f87c8-445f-40fe-97ae-2bc30a04beb5{ip: 10.1.0.10, host: fv-az58-577.v01ewlpc0lrezph5nvg1m2rhcd.cx.internal.cloudapp.net, ports: [REPLICATION=33323, RATIS=43397, RATIS_ADMIN=43397, RATIS_SERVER=43397, STANDALONE=34279], networkLocation: /default-rack, certSerialId: null, persistedOpState: IN_SERVICE, persistedOpStateExpiryEpochSec: 0}c9e3b08e-4472-4268-809a-be763a4c0fdf{ip: 10.1.0.10, host: fv-az58-577.v01ewlpc0lrezph5nvg1m2rhcd.cx.internal.cloudapp.net, ports: [REPLICATION=34641, RATIS=45857, RATIS_ADMIN=45857, RATIS_SERVER=45857, STANDALONE=41245], networkLocation: /default-rack, certSerialId: null, persistedOpState: IN_SERVICE, persistedOpStateExpiryEpochSec: 0}, ReplicationConfig: RATIS/THREE, State:ALLOCATED, leaderId:, CreationTimestamp2022-08-20T07:52:52.077Z[Etc/UTC]].
2022-08-20 07:52:52,078 [RatisPipelineUtilsThread - 0] INFO  pipeline.RatisPipelineProvider (RatisPipelineProvider.java:lambda$create$0(195)) - Sending CreatePipelineCommand for pipeline:PipelineID=c58777af-1558-48c2-a032-8e3261b42936 to datanode:9b8f87c8-445f-40fe-97ae-2bc30a04beb5
2022-08-20 07:52:52,078 [RatisPipelineUtilsThread - 0] INFO  pipeline.RatisPipelineProvider (RatisPipelineProvider.java:lambda$create$0(195)) - Sending CreatePipelineCommand for pipeline:PipelineID=c58777af-1558-48c2-a032-8e3261b42936 to datanode:7d464b4c-0df7-4a5f-b174-b285aa9576d2
2022-08-20 07:52:52,078 [RatisPipelineUtilsThread - 0] INFO  pipeline.RatisPipelineProvider (RatisPipelineProvider.java:lambda$create$0(195)) - Sending CreatePipelineCommand for pipeline:PipelineID=c58777af-1558-48c2-a032-8e3261b42936 to datanode:c9e3b08e-4472-4268-809a-be763a4c0fdf
2022-08-20 07:52:52,079 [RatisPipelineUtilsThread - 0] INFO  pipeline.PipelineStateManagerImpl (PipelineStateManagerImpl.java:addPipeline(103)) - Created pipeline Pipeline[ Id: c58777af-1558-48c2-a032-8e3261b42936, Nodes: 9b8f87c8-445f-40fe-97ae-2bc30a04beb5{ip: 10.1.0.10, host: fv-az58-577.v01ewlpc0lrezph5nvg1m2rhcd.cx.internal.cloudapp.net, ports: [REPLICATION=33323, RATIS=43397, RATIS_ADMIN=43397, RATIS_SERVER=43397, STANDALONE=34279], networkLocation: /default-rack, certSerialId: null, persistedOpState: IN_SERVICE, persistedOpStateExpiryEpochSec: 0}7d464b4c-0df7-4a5f-b174-b285aa9576d2{ip: 10.1.0.10, host: fv-az58-577.v01ewlpc0lrezph5nvg1m2rhcd.cx.internal.cloudapp.net, ports: [REPLICATION=39111, RATIS=43361, RATIS_ADMIN=43361, RATIS_SERVER=43361, STANDALONE=41715], networkLocation: /default-rack, certSerialId: null, persistedOpState: IN_SERVICE, persistedOpStateExpiryEpochSec: 0}c9e3b08e-4472-4268-809a-be763a4c0fdf{ip: 10.1.0.10, host: fv-az58-577.v01ewlpc0lrezph5nvg1m2rhcd.cx.internal.cloudapp.net, ports: [REPLICATION=34641, RATIS=45857, RATIS_ADMIN=45857, RATIS_SERVER=45857, STANDALONE=41245], networkLocation: /default-rack, certSerialId: null, persistedOpState: IN_SERVICE, persistedOpStateExpiryEpochSec: 0}, ReplicationConfig: RATIS/THREE, State:ALLOCATED, leaderId:, CreationTimestamp2022-08-20T07:52:52.078Z[Etc/UTC]].
2022-08-20 07:52:52,079 [RatisPipelineUtilsThread - 0] INFO  pipeline.PipelineManagerImpl (PipelineManagerImpl.java:recordMetricsForPipeline(796)) - Pipeline: PipelineID=c58777af-1558-48c2-a032-8e3261b42936 contains same datanodes as previous pipelines: PipelineID=561ba505-2c46-42f0-9c55-fdc90bb2f919 nodeIds: 9b8f87c8-445f-40fe-97ae-2bc30a04beb5, 7d464b4c-0df7-4a5f-b174-b285aa9576d2, c9e3b08e-4472-4268-809a-be763a4c0fdf
2022-08-20 07:52:52,399 [Listener at 127.0.0.1/35463] INFO  ozone.MiniOzoneClusterImpl (MiniOzoneClusterImpl.java:lambda$waitForClusterToBeReady$0(216)) - Waiting for nodes to be ready. Got 3 of 5 DN Heartbeats.
2022-08-20 07:52:52,400 [Listener at 127.0.0.1/35463] INFO  ozone.MiniOzoneClusterImpl (MiniOzoneClusterImpl.java:lambda$waitForClusterToBeReady$0(219)) - Waiting for cluster to exit safe mode
2022-08-20 07:52:52,400 [Listener at 127.0.0.1/35463] INFO  ozone.MiniOzoneClusterImpl (MiniOzoneClusterImpl.java:lambda$waitForClusterToBeReady$0(221)) - SCM became leader
2022-08-20 07:52:52,806 [IPC Server handler 5 on default port 36217] INFO  net.NetworkTopologyImpl (NetworkTopologyImpl.java:add(112)) - Added a new node: /default-rack/b9d8039b-b7df-40fa-a602-f2ca89962f7c
2022-08-20 07:52:52,807 [IPC Server handler 5 on default port 36217] INFO  node.SCMNodeManager (SCMNodeManager.java:register(397)) - Registered Data node : b9d8039b-b7df-40fa-a602-f2ca89962f7c{ip: 10.1.0.10, host: fv-az58-577.v01ewlpc0lrezph5nvg1m2rhcd.cx.internal.cloudapp.net, ports: [REPLICATION=36047, RATIS=43069, RATIS_ADMIN=43069, RATIS_SERVER=43069, STANDALONE=44487], networkLocation: /default-rack, certSerialId: null, persistedOpState: null, persistedOpStateExpiryEpochSec: 0}
2022-08-20 07:52:52,808 [EventQueue-NewNodeForNewNodeHandler] INFO  pipeline.BackgroundPipelineCreator (BackgroundPipelineCreator.java:notifyEventTriggered(276)) - trigger a one-shot run on RatisPipelineUtilsThread.
2022-08-20 07:52:52,808 [RatisPipelineUtilsThread - 0] INFO  pipeline.RatisPipelineProvider (RatisPipelineProvider.java:lambda$create$0(195)) - Sending CreatePipelineCommand for pipeline:PipelineID=0d9f6d03-c50e-4535-8889-d3b5092bafa5 to datanode:b9d8039b-b7df-40fa-a602-f2ca89962f7c
2022-08-20 07:52:52,808 [RatisPipelineUtilsThread - 0] INFO  pipeline.PipelineStateManagerImpl (PipelineStateManagerImpl.java:addPipeline(103)) - Created pipeline Pipeline[ Id: 0d9f6d03-c50e-4535-8889-d3b5092bafa5, Nodes: b9d8039b-b7df-40fa-a602-f2ca89962f7c{ip: 10.1.0.10, host: fv-az58-577.v01ewlpc0lrezph5nvg1m2rhcd.cx.internal.cloudapp.net, ports: [REPLICATION=36047, RATIS=43069, RATIS_ADMIN=43069, RATIS_SERVER=43069, STANDALONE=44487], networkLocation: /default-rack, certSerialId: null, persistedOpState: IN_SERVICE, persistedOpStateExpiryEpochSec: 0}, ReplicationConfig: RATIS/ONE, State:ALLOCATED, leaderId:, CreationTimestamp2022-08-20T07:52:52.808Z[Etc/UTC]].
2022-08-20 07:52:53,400 [Listener at 127.0.0.1/35463] INFO  ozone.MiniOzoneClusterImpl (MiniOzoneClusterImpl.java:lambda$waitForClusterToBeReady$0(216)) - Waiting for nodes to be ready. Got 4 of 5 DN Heartbeats.
2022-08-20 07:52:53,400 [Listener at 127.0.0.1/35463] INFO  ozone.MiniOzoneClusterImpl (MiniOzoneClusterImpl.java:lambda$waitForClusterToBeReady$0(219)) - Waiting for cluster to exit safe mode
2022-08-20 07:52:53,400 [Listener at 127.0.0.1/35463] INFO  ozone.MiniOzoneClusterImpl (MiniOzoneClusterImpl.java:lambda$waitForClusterToBeReady$0(221)) - SCM became leader
2022-08-20 07:52:53,445 [IPC Server handler 4 on default port 36217] INFO  net.NetworkTopologyImpl (NetworkTopologyImpl.java:add(112)) - Added a new node: /default-rack/5e69242a-7cdd-4975-9644-d62436b68246
2022-08-20 07:52:53,445 [IPC Server handler 4 on default port 36217] INFO  node.SCMNodeManager (SCMNodeManager.java:register(397)) - Registered Data node : 5e69242a-7cdd-4975-9644-d62436b68246{ip: 10.1.0.10, host: fv-az58-577.v01ewlpc0lrezph5nvg1m2rhcd.cx.internal.cloudapp.net, ports: [REPLICATION=44993, RATIS=46631, RATIS_ADMIN=46631, RATIS_SERVER=46631, STANDALONE=44771], networkLocation: /default-rack, certSerialId: null, persistedOpState: null, persistedOpStateExpiryEpochSec: 0}
2022-08-20 07:52:53,445 [EventQueue-NewNodeForNewNodeHandler] INFO  pipeline.BackgroundPipelineCreator (BackgroundPipelineCreator.java:notifyEventTriggered(276)) - trigger a one-shot run on RatisPipelineUtilsThread.
2022-08-20 07:52:53,446 [RatisPipelineUtilsThread - 0] INFO  pipeline.RatisPipelineProvider (RatisPipelineProvider.java:lambda$create$0(195)) - Sending CreatePipelineCommand for pipeline:PipelineID=8f69412f-64d0-488c-a4c5-fad3c5f18392 to datanode:5e69242a-7cdd-4975-9644-d62436b68246
2022-08-20 07:52:53,446 [RatisPipelineUtilsThread - 0] INFO  pipeline.PipelineStateManagerImpl (PipelineStateManagerImpl.java:addPipeline(103)) - Created pipeline Pipeline[ Id: 8f69412f-64d0-488c-a4c5-fad3c5f18392, Nodes: 5e69242a-7cdd-4975-9644-d62436b68246{ip: 10.1.0.10, host: fv-az58-577.v01ewlpc0lrezph5nvg1m2rhcd.cx.internal.cloudapp.net, ports: [REPLICATION=44993, RATIS=46631, RATIS_ADMIN=46631, RATIS_SERVER=46631, STANDALONE=44771], networkLocation: /default-rack, certSerialId: null, persistedOpState: IN_SERVICE, persistedOpStateExpiryEpochSec: 0}, ReplicationConfig: RATIS/ONE, State:ALLOCATED, leaderId:, CreationTimestamp2022-08-20T07:52:53.446Z[Etc/UTC]].
2022-08-20 07:52:53,831 [Command processor thread] INFO  server.RaftServer (RaftServerProxy.java:addNew(96)) - 9b8f87c8-445f-40fe-97ae-2bc30a04beb5: addNew group-8AD0E74C33CD:[9b8f87c8-445f-40fe-97ae-2bc30a04beb5|rpc:10.1.0.10:43397|priority:1] returns group-8AD0E74C33CD:java.util.concurrent.CompletableFuture@72f604b2[Not completed]
2022-08-20 07:52:53,840 [pool-333-thread-1] INFO  server.RaftServer$Division (RaftServerImpl.java:<init>(190)) - 9b8f87c8-445f-40fe-97ae-2bc30a04beb5: new RaftServerImpl for group-8AD0E74C33CD:[9b8f87c8-445f-40fe-97ae-2bc30a04beb5|rpc:10.1.0.10:43397|priority:1] with ContainerStateMachine:uninitialized
2022-08-20 07:52:53,840 [pool-333-thread-1] INFO  server.RaftServerConfigKeys (ConfUtils.java:logGet(46)) - raft.server.rpc.timeout.min = 5s (custom)
2022-08-20 07:52:53,840 [pool-333-thread-1] INFO  server.RaftServerConfigKeys (ConfUtils.java:logGet(46)) - raft.server.rpc.timeout.max = 5200ms (custom)
2022-08-20 07:52:53,840 [pool-333-thread-1] INFO  server.RaftServerConfigKeys (ConfUtils.java:logGet(46)) - raft.server.rpc.sleep.time = 25ms (default)
2022-08-20 07:52:53,840 [pool-333-thread-1] INFO  server.RaftServerConfigKeys (ConfUtils.java:logGet(46)) - raft.server.rpc.slowness.timeout = 300s (custom)
2022-08-20 07:52:53,840 [pool-333-thread-1] INFO  server.RaftServerConfigKeys (ConfUtils.java:logGet(46)) - raft.server.leaderelection.leader.step-down.wait-time = 10s (default)
2022-08-20 07:52:53,840 [pool-333-thread-1] INFO  server.RaftServerConfigKeys (ConfUtils.java:logGet(46)) - raft.server.sleep.deviation.threshold = 300ms (default)
2022-08-20 07:52:53,840 [pool-333-thread-1] INFO  server.RaftServer$Division (ServerState.java:<init>(107)) - 9b8f87c8-445f-40fe-97ae-2bc30a04beb5@group-8AD0E74C33CD: ConfigurationManager, init=-1: [9b8f87c8-445f-40fe-97ae-2bc30a04beb5|rpc:10.1.0.10:43397|priority:1], old=null, confs=<EMPTY_MAP>
2022-08-20 07:52:53,840 [pool-333-thread-1] INFO  server.RaftServerConfigKeys (ConfUtils.java:logGet(46)) - raft.server.storage.dir = [/home/runner/work/ozone/ozone/hadoop-ozone/integration-test/target/test-dir/MiniOzoneClusterImpl-944d7f12-74bf-410a-af98-bfd2a7f98119/datanode-0/data/ratis] (custom)
2022-08-20 07:52:53,841 [pool-333-thread-1] INFO  server.RaftServerConfigKeys (ConfUtils.java:logGet(46)) - raft.server.log.corruption.policy = EXCEPTION (default)
2022-08-20 07:52:53,841 [pool-333-thread-1] INFO  server.RaftServerConfigKeys (ConfUtils.java:logGet(46)) - raft.server.storage.free-space.min = 0MB (=0) (default)
2022-08-20 07:52:53,841 [pool-333-thread-1] INFO  storage.RaftStorageDirectory (RaftStorageDirectoryImpl.java:analyzeStorage(135)) - The storage directory /home/runner/work/ozone/ozone/hadoop-ozone/integration-test/target/test-dir/MiniOzoneClusterImpl-944d7f12-74bf-410a-af98-bfd2a7f98119/datanode-0/data/ratis/7f26b4ad-76ab-4c9d-8182-8ad0e74c33cd does not exist. Creating ...
2022-08-20 07:52:53,842 [pool-333-thread-1] INFO  storage.RaftStorageDirectory (RaftStorageDirectoryImpl.java:tryLock(230)) - Lock on /home/runner/work/ozone/ozone/hadoop-ozone/integration-test/target/test-dir/MiniOzoneClusterImpl-944d7f12-74bf-410a-af98-bfd2a7f98119/datanode-0/data/ratis/7f26b4ad-76ab-4c9d-8182-8ad0e74c33cd/in_use.lock acquired by nodename 1881@fv-az58-577
2022-08-20 07:52:53,846 [pool-333-thread-1] INFO  storage.RaftStorage (RaftStorageImpl.java:format(89)) - Storage directory /home/runner/work/ozone/ozone/hadoop-ozone/integration-test/target/test-dir/MiniOzoneClusterImpl-944d7f12-74bf-410a-af98-bfd2a7f98119/datanode-0/data/ratis/7f26b4ad-76ab-4c9d-8182-8ad0e74c33cd has been successfully formatted.
2022-08-20 07:52:53,852 [pool-333-thread-1] INFO  ratis.ContainerStateMachine (ContainerStateMachine.java:loadSnapshot(236)) - group-8AD0E74C33CD: The snapshot info is null. Setting the last applied indexto:(t:0, i:~)
2022-08-20 07:52:53,852 [pool-333-thread-1] INFO  server.RaftServerConfigKeys (ConfUtils.java:logGet(46)) - raft.server.notification.no-leader.timeout = 300s (custom)
2022-08-20 07:52:53,852 [pool-333-thread-1] INFO  server.RaftServerConfigKeys (ConfUtils.java:logGet(46)) - raft.server.log.use.memory = false (default)
2022-08-20 07:52:53,852 [pool-333-thread-1] INFO  server.RaftServerConfigKeys (ConfUtils.java:logGet(46)) - raft.server.log.purge.gap = 1000000 (custom)
2022-08-20 07:52:53,853 [pool-333-thread-1] INFO  server.RaftServerConfigKeys (ConfUtils.java:logGet(46)) - raft.server.log.appender.buffer.byte-limit = 33554432 (custom)
2022-08-20 07:52:53,853 [pool-333-thread-1] INFO  server.RaftServerConfigKeys (ConfUtils.java:logGet(46)) - raft.server.log.statemachine.data.read.timeout = 1000ms (default)
2022-08-20 07:52:53,853 [pool-333-thread-1] INFO  server.RaftServerConfigKeys (ConfUtils.java:logGet(46)) - raft.server.log.segment.size.max = 1048576 (custom)
2022-08-20 07:52:53,853 [EventQueue-PipelineReportForPipelineReportHandler] INFO  pipeline.PipelineManagerImpl (PipelineManagerImpl.java:openPipeline(367)) - Pipeline Pipeline[ Id: 7f26b4ad-76ab-4c9d-8182-8ad0e74c33cd, Nodes: 9b8f87c8-445f-40fe-97ae-2bc30a04beb5{ip: 10.1.0.10, host: fv-az58-577.v01ewlpc0lrezph5nvg1m2rhcd.cx.internal.cloudapp.net, ports: [REPLICATION=33323, RATIS=43397, RATIS_ADMIN=43397, RATIS_SERVER=43397, STANDALONE=34279], networkLocation: /default-rack, certSerialId: null, persistedOpState: IN_SERVICE, persistedOpStateExpiryEpochSec: 0}, ReplicationConfig: RATIS/ONE, State:ALLOCATED, leaderId:9b8f87c8-445f-40fe-97ae-2bc30a04beb5, CreationTimestamp2022-08-20T07:52:50.873Z[Etc/UTC]] moved to OPEN state
2022-08-20 07:52:53,853 [pool-333-thread-1] INFO  server.RaftServerConfigKeys (ConfUtils.java:logGet(46)) - raft.server.log.segment.cache.num.max = 2 (custom)
2022-08-20 07:52:53,864 [pool-333-thread-1] INFO  server.RaftServerConfigKeys (ConfUtils.java:logGet(46)) - raft.server.log.segment.cache.size.max = 200MB (=209715200) (default)
2022-08-20 07:52:53,864 [pool-333-thread-1] INFO  segmented.SegmentedRaftLogWorker (SegmentedRaftLogWorker.java:<init>(187)) - new 9b8f87c8-445f-40fe-97ae-2bc30a04beb5@group-8AD0E74C33CD-SegmentedRaftLogWorker for RaftStorageImpl:Storage Directory /home/runner/work/ozone/ozone/hadoop-ozone/integration-test/target/test-dir/MiniOzoneClusterImpl-944d7f12-74bf-410a-af98-bfd2a7f98119/datanode-0/data/ratis/7f26b4ad-76ab-4c9d-8182-8ad0e74c33cd
2022-08-20 07:52:53,864 [pool-333-thread-1] INFO  server.RaftServerConfigKeys (ConfUtils.java:logGet(46)) - raft.server.log.queue.byte-limit = 4294967296 (custom)
2022-08-20 07:52:53,864 [pool-333-thread-1] INFO  server.RaftServerConfigKeys (ConfUtils.java:logGet(46)) - raft.server.log.queue.element-limit = 1024 (custom)
2022-08-20 07:52:53,864 [pool-333-thread-1] INFO  server.RaftServerConfigKeys (ConfUtils.java:logGet(46)) - raft.server.log.segment.size.max = 1048576 (custom)
2022-08-20 07:52:53,864 [pool-333-thread-1] INFO  server.RaftServerConfigKeys (ConfUtils.java:logGet(46)) - raft.server.log.preallocated.size = 16384 (custom)
2022-08-20 07:52:53,864 [pool-333-thread-1] INFO  server.RaftServerConfigKeys (ConfUtils.java:logGet(46)) - raft.server.log.force.sync.num = 128 (default)
2022-08-20 07:52:53,864 [pool-333-thread-1] INFO  server.RaftServerConfigKeys (ConfUtils.java:logGet(46)) - raft.server.log.statemachine.data.sync = true (default)
2022-08-20 07:52:53,864 [pool-333-thread-1] INFO  server.RaftServerConfigKeys (ConfUtils.java:logGet(46)) - raft.server.log.statemachine.data.sync.timeout = 10s (default)
2022-08-20 07:52:53,864 [pool-333-thread-1] INFO  server.RaftServerConfigKeys (ConfUtils.java:logGet(46)) - raft.server.log.statemachine.data.sync.timeout.retry = -1 (default)
2022-08-20 07:52:53,868 [EventQueue-OpenPipelineForHealthyPipelineSafeModeRule] INFO  safemode.SCMSafeModeManager (HealthyPipelineSafeModeRule.java:process(137)) - SCM in safe mode. Healthy pipelines reported count is 0, required healthy pipeline reported count is 1
2022-08-20 07:52:53,870 [pool-333-thread-1] INFO  server.RaftServerConfigKeys (ConfUtils.java:logGet(46)) - raft.server.log.write.buffer.size = 1048576 (custom)
2022-08-20 07:52:53,871 [pool-333-thread-1] INFO  server.RaftServerConfigKeys (ConfUtils.java:logGet(46)) - raft.server.log.unsafe-flush.enabled = false (default)
2022-08-20 07:52:53,871 [pool-333-thread-1] INFO  server.RaftServerConfigKeys (ConfUtils.java:logGet(46)) - raft.server.log.statemachine.data.caching.enabled = true (custom)
2022-08-20 07:52:53,871 [pool-333-thread-1] INFO  segmented.SegmentedRaftLogWorker (SegmentedRaftLogWorker.java:lambda$new$0(135)) - 9b8f87c8-445f-40fe-97ae-2bc30a04beb5@group-8AD0E74C33CD-SegmentedRaftLogWorker: flushIndex: setUnconditionally 0 -> -1
2022-08-20 07:52:53,871 [pool-333-thread-1] INFO  segmented.SegmentedRaftLogWorker (SegmentedRaftLogWorker.java:lambda$new$0(135)) - 9b8f87c8-445f-40fe-97ae-2bc30a04beb5@group-8AD0E74C33CD-SegmentedRaftLogWorker: safeCacheEvictIndex: setUnconditionally 0 -> -1
2022-08-20 07:52:53,878 [pool-333-thread-1] INFO  server.RaftServerConfigKeys (ConfUtils.java:logGet(46)) - raft.server.snapshot.auto.trigger.enabled = true (custom)
2022-08-20 07:52:53,878 [pool-333-thread-1] INFO  server.RaftServerConfigKeys (ConfUtils.java:logGet(46)) - raft.server.snapshot.auto.trigger.threshold = 10000 (custom)
2022-08-20 07:52:53,878 [pool-333-thread-1] INFO  server.RaftServerConfigKeys (ConfUtils.java:logGet(46)) - raft.server.snapshot.retention.file.num = 5 (custom)
2022-08-20 07:52:53,878 [pool-333-thread-1] INFO  server.RaftServerConfigKeys (ConfUtils.java:logGet(46)) - raft.server.log.purge.upto.snapshot.index = false (default)
2022-08-20 07:52:53,878 [pool-333-thread-1] INFO  server.RaftServerConfigKeys (ConfUtils.java:logGet(46)) - raft.server.retrycache.expirytime = 600000ms (custom)
2022-08-20 07:52:53,878 [pool-333-thread-1] INFO  server.RaftServerConfigKeys (ConfUtils.java:logGet(46)) - raft.server.retrycache.statistics.expirytime = 100μs (default)
2022-08-20 07:52:53,880 [pool-333-thread-1] INFO  server.RaftServerConfigKeys (ConfUtils.java:logGet(46)) - raft.server.log.appender.install.snapshot.enabled = false (custom)
2022-08-20 07:52:53,880 [pool-333-thread-1] INFO  server.RaftServerConfigKeys (ConfUtils.java:logGet(46)) - raft.server.threadpool.server.cached = true (default)
2022-08-20 07:52:53,880 [pool-333-thread-1] INFO  server.RaftServerConfigKeys (ConfUtils.java:logGet(46)) - raft.server.threadpool.server.size = 0 (default)
2022-08-20 07:52:53,880 [pool-333-thread-1] INFO  server.RaftServerConfigKeys (ConfUtils.java:logGet(46)) - raft.server.threadpool.client.cached = true (default)
2022-08-20 07:52:53,880 [pool-333-thread-1] INFO  server.RaftServerConfigKeys (ConfUtils.java:logGet(46)) - raft.server.threadpool.client.size = 0 (default)
2022-08-20 07:52:53,880 [pool-333-thread-1] INFO  server.RaftServer$Division (RaftServerImpl.java:start(310)) - 9b8f87c8-445f-40fe-97ae-2bc30a04beb5@group-8AD0E74C33CD: start as a follower, conf=-1: [9b8f87c8-445f-40fe-97ae-2bc30a04beb5|rpc:10.1.0.10:43397|priority:1], old=null
2022-08-20 07:52:53,880 [pool-333-thread-1] INFO  server.RaftServer$Division (RaftServerImpl.java:setRole(299)) - 9b8f87c8-445f-40fe-97ae-2bc30a04beb5@group-8AD0E74C33CD: changes role from      null to FOLLOWER at term 0 for startAsFollower
2022-08-20 07:52:53,880 [pool-333-thread-1] INFO  impl.RoleInfo (RoleInfo.java:updateAndGet(139)) - 9b8f87c8-445f-40fe-97ae-2bc30a04beb5: start 9b8f87c8-445f-40fe-97ae-2bc30a04beb5@group-8AD0E74C33CD-FollowerState
2022-08-20 07:52:53,888 [pool-333-thread-1] INFO  util.JmxRegister (JmxRegister.java:tryRegister(44)) - Successfully registered JMX Bean with object name Ratis:service=RaftServer,group=group-8AD0E74C33CD,id=9b8f87c8-445f-40fe-97ae-2bc30a04beb5
2022-08-20 07:52:53,890 [Command processor thread] INFO  ratis.XceiverServerRatis (XceiverServerRatis.java:addGroup(765)) - Created group PipelineID=7f26b4ad-76ab-4c9d-8182-8ad0e74c33cd
2022-08-20 07:52:53,890 [Command processor thread] INFO  commandhandler.CreatePipelineCommandHandler (CreatePipelineCommandHandler.java:handle(113)) - Created Pipeline RATIS ONE PipelineID=7f26b4ad-76ab-4c9d-8182-8ad0e74c33cd.
2022-08-20 07:52:53,890 [Command processor thread] INFO  server.RaftServer (RaftServerProxy.java:addNew(96)) - 9b8f87c8-445f-40fe-97ae-2bc30a04beb5: addNew group-FDC90BB2F919:[7d464b4c-0df7-4a5f-b174-b285aa9576d2|rpc:10.1.0.10:43361|priority:1, 9b8f87c8-445f-40fe-97ae-2bc30a04beb5|rpc:10.1.0.10:43397|priority:0, c9e3b08e-4472-4268-809a-be763a4c0fdf|rpc:10.1.0.10:45857|priority:0] returns group-FDC90BB2F919:java.util.concurrent.CompletableFuture@76c98e34[Not completed]
2022-08-20 07:52:53,891 [pool-333-thread-1] INFO  server.RaftServer$Division (RaftServerImpl.java:<init>(190)) - 9b8f87c8-445f-40fe-97ae-2bc30a04beb5: new RaftServerImpl for group-FDC90BB2F919:[7d464b4c-0df7-4a5f-b174-b285aa9576d2|rpc:10.1.0.10:43361|priority:1, 9b8f87c8-445f-40fe-97ae-2bc30a04beb5|rpc:10.1.0.10:43397|priority:0, c9e3b08e-4472-4268-809a-be763a4c0fdf|rpc:10.1.0.10:45857|priority:0] with ContainerStateMachine:uninitialized
2022-08-20 07:52:53,891 [pool-333-thread-1] INFO  server.RaftServerConfigKeys (ConfUtils.java:logGet(46)) - raft.server.rpc.timeout.min = 5s (custom)
2022-08-20 07:52:53,891 [pool-333-thread-1] INFO  server.RaftServerConfigKeys (ConfUtils.java:logGet(46)) - raft.server.rpc.timeout.max = 5200ms (custom)
2022-08-20 07:52:53,891 [pool-333-thread-1] INFO  server.RaftServerConfigKeys (ConfUtils.java:logGet(46)) - raft.server.rpc.sleep.time = 25ms (default)
2022-08-20 07:52:53,891 [pool-333-thread-1] INFO  server.RaftServerConfigKeys (ConfUtils.java:logGet(46)) - raft.server.rpc.slowness.timeout = 300s (custom)
2022-08-20 07:52:53,891 [pool-333-thread-1] INFO  server.RaftServerConfigKeys (ConfUtils.java:logGet(46)) - raft.server.leaderelection.leader.step-down.wait-time = 10s (default)
2022-08-20 07:52:53,891 [pool-333-thread-1] INFO  server.RaftServerConfigKeys (ConfUtils.java:logGet(46)) - raft.server.sleep.deviation.threshold = 300ms (default)
2022-08-20 07:52:53,891 [pool-333-thread-1] INFO  server.RaftServer$Division (ServerState.java:<init>(107)) - 9b8f87c8-445f-40fe-97ae-2bc30a04beb5@group-FDC90BB2F919: ConfigurationManager, init=-1: [7d464b4c-0df7-4a5f-b174-b285aa9576d2|rpc:10.1.0.10:43361|priority:1, 9b8f87c8-445f-40fe-97ae-2bc30a04beb5|rpc:10.1.0.10:43397|priority:0, c9e3b08e-4472-4268-809a-be763a4c0fdf|rpc:10.1.0.10:45857|priority:0], old=null, confs=<EMPTY_MAP>
2022-08-20 07:52:53,891 [pool-333-thread-1] INFO  server.RaftServerConfigKeys (ConfUtils.java:logGet(46)) - raft.server.storage.dir = [/home/runner/work/ozone/ozone/hadoop-ozone/integration-test/target/test-dir/MiniOzoneClusterImpl-944d7f12-74bf-410a-af98-bfd2a7f98119/datanode-0/data/ratis] (custom)
2022-08-20 07:52:53,892 [pool-333-thread-1] INFO  server.RaftServerConfigKeys (ConfUtils.java:logGet(46)) - raft.server.log.corruption.policy = EXCEPTION (default)
2022-08-20 07:52:53,892 [pool-333-thread-1] INFO  server.RaftServerConfigKeys (ConfUtils.java:logGet(46)) - raft.server.storage.free-space.min = 0MB (=0) (default)
2022-08-20 07:52:53,892 [pool-333-thread-1] INFO  storage.RaftStorageDirectory (RaftStorageDirectoryImpl.java:analyzeStorage(135)) - The storage directory /home/runner/work/ozone/ozone/hadoop-ozone/integration-test/target/test-dir/MiniOzoneClusterImpl-944d7f12-74bf-410a-af98-bfd2a7f98119/datanode-0/data/ratis/561ba505-2c46-42f0-9c55-fdc90bb2f919 does not exist. Creating ...
2022-08-20 07:52:53,898 [pool-333-thread-1] INFO  storage.RaftStorageDirectory (RaftStorageDirectoryImpl.java:tryLock(230)) - Lock on /home/runner/work/ozone/ozone/hadoop-ozone/integration-test/target/test-dir/MiniOzoneClusterImpl-944d7f12-74bf-410a-af98-bfd2a7f98119/datanode-0/data/ratis/561ba505-2c46-42f0-9c55-fdc90bb2f919/in_use.lock acquired by nodename 1881@fv-az58-577
2022-08-20 07:52:53,900 [pool-333-thread-1] INFO  storage.RaftStorage (RaftStorageImpl.java:format(89)) - Storage directory /home/runner/work/ozone/ozone/hadoop-ozone/integration-test/target/test-dir/MiniOzoneClusterImpl-944d7f12-74bf-410a-af98-bfd2a7f98119/datanode-0/data/ratis/561ba505-2c46-42f0-9c55-fdc90bb2f919 has been successfully formatted.
2022-08-20 07:52:53,901 [pool-333-thread-1] INFO  ratis.ContainerStateMachine (ContainerStateMachine.java:loadSnapshot(236)) - group-FDC90BB2F919: The snapshot info is null. Setting the last applied indexto:(t:0, i:~)
2022-08-20 07:52:53,901 [pool-333-thread-1] INFO  server.RaftServerConfigKeys (ConfUtils.java:logGet(46)) - raft.server.notification.no-leader.timeout = 300s (custom)
2022-08-20 07:52:53,901 [pool-333-thread-1] INFO  server.RaftServerConfigKeys (ConfUtils.java:logGet(46)) - raft.server.log.use.memory = false (default)
2022-08-20 07:52:53,901 [pool-333-thread-1] INFO  server.RaftServerConfigKeys (ConfUtils.java:logGet(46)) - raft.server.log.purge.gap = 1000000 (custom)
2022-08-20 07:52:53,901 [pool-333-thread-1] INFO  server.RaftServerConfigKeys (ConfUtils.java:logGet(46)) - raft.server.log.appender.buffer.byte-limit = 33554432 (custom)
2022-08-20 07:52:53,901 [pool-333-thread-1] INFO  server.RaftServerConfigKeys (ConfUtils.java:logGet(46)) - raft.server.log.statemachine.data.read.timeout = 1000ms (default)
2022-08-20 07:52:53,901 [pool-333-thread-1] INFO  server.RaftServerConfigKeys (ConfUtils.java:logGet(46)) - raft.server.log.segment.size.max = 1048576 (custom)
2022-08-20 07:52:53,902 [pool-333-thread-1] INFO  server.RaftServerConfigKeys (ConfUtils.java:logGet(46)) - raft.server.log.segment.cache.num.max = 2 (custom)
2022-08-20 07:52:53,902 [pool-333-thread-1] INFO  server.RaftServerConfigKeys (ConfUtils.java:logGet(46)) - raft.server.log.segment.cache.size.max = 200MB (=209715200) (default)
2022-08-20 07:52:53,902 [pool-333-thread-1] INFO  segmented.SegmentedRaftLogWorker (SegmentedRaftLogWorker.java:<init>(187)) - new 9b8f87c8-445f-40fe-97ae-2bc30a04beb5@group-FDC90BB2F919-SegmentedRaftLogWorker for RaftStorageImpl:Storage Directory /home/runner/work/ozone/ozone/hadoop-ozone/integration-test/target/test-dir/MiniOzoneClusterImpl-944d7f12-74bf-410a-af98-bfd2a7f98119/datanode-0/data/ratis/561ba505-2c46-42f0-9c55-fdc90bb2f919
2022-08-20 07:52:53,902 [pool-333-thread-1] INFO  server.RaftServerConfigKeys (ConfUtils.java:logGet(46)) - raft.server.log.queue.byte-limit = 4294967296 (custom)
2022-08-20 07:52:53,902 [pool-333-thread-1] INFO  server.RaftServerConfigKeys (ConfUtils.java:logGet(46)) - raft.server.log.queue.element-limit = 1024 (custom)
2022-08-20 07:52:53,902 [pool-333-thread-1] INFO  server.RaftServerConfigKeys (ConfUtils.java:logGet(46)) - raft.server.log.segment.size.max = 1048576 (custom)
2022-08-20 07:52:53,902 [pool-333-thread-1] INFO  server.RaftServerConfigKeys (ConfUtils.java:logGet(46)) - raft.server.log.preallocated.size = 16384 (custom)
2022-08-20 07:52:53,902 [pool-333-thread-1] INFO  server.RaftServerConfigKeys (ConfUtils.java:logGet(46)) - raft.server.log.force.sync.num = 128 (default)
2022-08-20 07:52:53,902 [pool-333-thread-1] INFO  server.RaftServerConfigKeys (ConfUtils.java:logGet(46)) - raft.server.log.statemachine.data.sync = true (default)
2022-08-20 07:52:53,902 [pool-333-thread-1] INFO  server.RaftServerConfigKeys (ConfUtils.java:logGet(46)) - raft.server.log.statemachine.data.sync.timeout = 10s (default)
2022-08-20 07:52:53,902 [pool-333-thread-1] INFO  server.RaftServerConfigKeys (ConfUtils.java:logGet(46)) - raft.server.log.statemachine.data.sync.timeout.retry = -1 (default)
2022-08-20 07:52:53,903 [pool-333-thread-1] INFO  server.RaftServerConfigKeys (ConfUtils.java:logGet(46)) - raft.server.log.write.buffer.size = 1048576 (custom)
2022-08-20 07:52:53,903 [pool-333-thread-1] INFO  server.RaftServerConfigKeys (ConfUtils.java:logGet(46)) - raft.server.log.unsafe-flush.enabled = false (default)
2022-08-20 07:52:53,903 [pool-333-thread-1] INFO  server.RaftServerConfigKeys (ConfUtils.java:logGet(46)) - raft.server.log.statemachine.data.caching.enabled = true (custom)
2022-08-20 07:52:53,903 [pool-333-thread-1] INFO  segmented.SegmentedRaftLogWorker (SegmentedRaftLogWorker.java:lambda$new$0(135)) - 9b8f87c8-445f-40fe-97ae-2bc30a04beb5@group-FDC90BB2F919-SegmentedRaftLogWorker: flushIndex: setUnconditionally 0 -> -1
2022-08-20 07:52:53,903 [pool-333-thread-1] INFO  segmented.SegmentedRaftLogWorker (SegmentedRaftLogWorker.java:lambda$new$0(135)) - 9b8f87c8-445f-40fe-97ae-2bc30a04beb5@group-FDC90BB2F919-SegmentedRaftLogWorker: safeCacheEvictIndex: setUnconditionally 0 -> -1
2022-08-20 07:52:53,912 [pool-333-thread-1] INFO  server.RaftServerConfigKeys (ConfUtils.java:logGet(46)) - raft.server.snapshot.auto.trigger.enabled = true (custom)
2022-08-20 07:52:53,912 [pool-333-thread-1] INFO  server.RaftServerConfigKeys (ConfUtils.java:logGet(46)) - raft.server.snapshot.auto.trigger.threshold = 10000 (custom)
2022-08-20 07:52:53,912 [pool-333-thread-1] INFO  server.RaftServerConfigKeys (ConfUtils.java:logGet(46)) - raft.server.snapshot.retention.file.num = 5 (custom)
2022-08-20 07:52:53,912 [pool-333-thread-1] INFO  server.RaftServerConfigKeys (ConfUtils.java:logGet(46)) - raft.server.log.purge.upto.snapshot.index = false (default)
2022-08-20 07:52:53,912 [pool-333-thread-1] INFO  server.RaftServerConfigKeys (ConfUtils.java:logGet(46)) - raft.server.retrycache.expirytime = 600000ms (custom)
2022-08-20 07:52:53,912 [pool-333-thread-1] INFO  server.RaftServerConfigKeys (ConfUtils.java:logGet(46)) - raft.server.retrycache.statistics.expirytime = 100μs (default)
2022-08-20 07:52:53,914 [pool-333-thread-1] INFO  server.RaftServerConfigKeys (ConfUtils.java:logGet(46)) - raft.server.log.appender.install.snapshot.enabled = false (custom)
2022-08-20 07:52:53,914 [pool-333-thread-1] INFO  server.RaftServerConfigKeys (ConfUtils.java:logGet(46)) - raft.server.threadpool.server.cached = true (default)
2022-08-20 07:52:53,914 [pool-333-thread-1] INFO  server.RaftServerConfigKeys (ConfUtils.java:logGet(46)) - raft.server.threadpool.server.size = 0 (default)
2022-08-20 07:52:53,914 [pool-333-thread-1] INFO  server.RaftServerConfigKeys (ConfUtils.java:logGet(46)) - raft.server.threadpool.client.cached = true (default)
2022-08-20 07:52:53,914 [pool-333-thread-1] INFO  server.RaftServerConfigKeys (ConfUtils.java:logGet(46)) - raft.server.threadpool.client.size = 0 (default)
2022-08-20 07:52:53,914 [EventQueue-OpenPipelineForHealthyPipelineSafeModeRule] INFO  safemode.SCMSafeModeManager (HealthyPipelineSafeModeRule.java:process(137)) - SCM in safe mode. Healthy pipelines reported count is 0, required healthy pipeline reported count is 1
2022-08-20 07:52:53,914 [pool-333-thread-1] INFO  server.RaftServer$Division (RaftServerImpl.java:start(310)) - 9b8f87c8-445f-40fe-97ae-2bc30a04beb5@group-FDC90BB2F919: start as a follower, conf=-1: [7d464b4c-0df7-4a5f-b174-b285aa9576d2|rpc:10.1.0.10:43361|priority:1, 9b8f87c8-445f-40fe-97ae-2bc30a04beb5|rpc:10.1.0.10:43397|priority:0, c9e3b08e-4472-4268-809a-be763a4c0fdf|rpc:10.1.0.10:45857|priority:0], old=null
2022-08-20 07:52:53,914 [pool-333-thread-1] INFO  server.RaftServer$Division (RaftServerImpl.java:setRole(299)) - 9b8f87c8-445f-40fe-97ae-2bc30a04beb5@group-FDC90BB2F919: changes role from      null to FOLLOWER at term 0 for startAsFollower
2022-08-20 07:52:53,914 [pool-333-thread-1] INFO  impl.RoleInfo (RoleInfo.java:updateAndGet(139)) - 9b8f87c8-445f-40fe-97ae-2bc30a04beb5: start 9b8f87c8-445f-40fe-97ae-2bc30a04beb5@group-FDC90BB2F919-FollowerState
2022-08-20 07:52:53,915 [pool-333-thread-1] INFO  util.JmxRegister (JmxRegister.java:tryRegister(44)) - Successfully registered JMX Bean with object name Ratis:service=RaftServer,group=group-FDC90BB2F919,id=9b8f87c8-445f-40fe-97ae-2bc30a04beb5
2022-08-20 07:52:53,916 [Command processor thread] INFO  ratis.XceiverServerRatis (XceiverServerRatis.java:addGroup(765)) - Created group PipelineID=561ba505-2c46-42f0-9c55-fdc90bb2f919
2022-08-20 07:52:53,987 [grpc-default-executor-0] INFO  server.RaftServer (RaftServerProxy.java:addNew(96)) - 7d464b4c-0df7-4a5f-b174-b285aa9576d2: addNew group-FDC90BB2F919:[7d464b4c-0df7-4a5f-b174-b285aa9576d2|rpc:10.1.0.10:43361|dataStream:|priority:1, 9b8f87c8-445f-40fe-97ae-2bc30a04beb5|rpc:10.1.0.10:43397|dataStream:|priority:0, c9e3b08e-4472-4268-809a-be763a4c0fdf|rpc:10.1.0.10:45857|dataStream:|priority:0] returns group-FDC90BB2F919:java.util.concurrent.CompletableFuture@9f9de43[Not completed]
2022-08-20 07:52:54,001 [pool-379-thread-1] INFO  server.RaftServer$Division (RaftServerImpl.java:<init>(190)) - 7d464b4c-0df7-4a5f-b174-b285aa9576d2: new RaftServerImpl for group-FDC90BB2F919:[7d464b4c-0df7-4a5f-b174-b285aa9576d2|rpc:10.1.0.10:43361|dataStream:|priority:1, 9b8f87c8-445f-40fe-97ae-2bc30a04beb5|rpc:10.1.0.10:43397|dataStream:|priority:0, c9e3b08e-4472-4268-809a-be763a4c0fdf|rpc:10.1.0.10:45857|dataStream:|priority:0] with ContainerStateMachine:uninitialized
2022-08-20 07:52:54,001 [pool-379-thread-1] INFO  server.RaftServerConfigKeys (ConfUtils.java:logGet(46)) - raft.server.rpc.timeout.min = 5s (custom)
2022-08-20 07:52:54,001 [pool-379-thread-1] INFO  server.RaftServerConfigKeys (ConfUtils.java:logGet(46)) - raft.server.rpc.timeout.max = 5200ms (custom)
2022-08-20 07:52:54,001 [pool-379-thread-1] INFO  server.RaftServerConfigKeys (ConfUtils.java:logGet(46)) - raft.server.rpc.sleep.time = 25ms (default)
2022-08-20 07:52:54,001 [pool-379-thread-1] INFO  server.RaftServerConfigKeys (ConfUtils.java:logGet(46)) - raft.server.rpc.slowness.timeout = 300s (custom)
2022-08-20 07:52:54,001 [pool-379-thread-1] INFO  server.RaftServerConfigKeys (ConfUtils.java:logGet(46)) - raft.server.leaderelection.leader.step-down.wait-time = 10s (default)
2022-08-20 07:52:54,001 [pool-379-thread-1] INFO  server.RaftServerConfigKeys (ConfUtils.java:logGet(46)) - raft.server.sleep.deviation.threshold = 300ms (default)
2022-08-20 07:52:54,002 [pool-379-thread-1] INFO  server.RaftServer$Division (ServerState.java:<init>(107)) - 7d464b4c-0df7-4a5f-b174-b285aa9576d2@group-FDC90BB2F919: ConfigurationManager, init=-1: [7d464b4c-0df7-4a5f-b174-b285aa9576d2|rpc:10.1.0.10:43361|dataStream:|priority:1, 9b8f87c8-445f-40fe-97ae-2bc30a04beb5|rpc:10.1.0.10:43397|dataStream:|priority:0, c9e3b08e-4472-4268-809a-be763a4c0fdf|rpc:10.1.0.10:45857|dataStream:|priority:0], old=null, confs=<EMPTY_MAP>
2022-08-20 07:52:54,002 [pool-379-thread-1] INFO  server.RaftServerConfigKeys (ConfUtils.java:logGet(46)) - raft.server.storage.dir = [/home/runner/work/ozone/ozone/hadoop-ozone/integration-test/target/test-dir/MiniOzoneClusterImpl-944d7f12-74bf-410a-af98-bfd2a7f98119/datanode-2/data/ratis] (custom)
2022-08-20 07:52:54,002 [pool-379-thread-1] INFO  server.RaftServerConfigKeys (ConfUtils.java:logGet(46)) - raft.server.log.corruption.policy = EXCEPTION (default)
2022-08-20 07:52:54,002 [pool-379-thread-1] INFO  server.RaftServerConfigKeys (ConfUtils.java:logGet(46)) - raft.server.storage.free-space.min = 0MB (=0) (default)
2022-08-20 07:52:54,002 [pool-379-thread-1] INFO  storage.RaftStorageDirectory (RaftStorageDirectoryImpl.java:analyzeStorage(135)) - The storage directory /home/runner/work/ozone/ozone/hadoop-ozone/integration-test/target/test-dir/MiniOzoneClusterImpl-944d7f12-74bf-410a-af98-bfd2a7f98119/datanode-2/data/ratis/561ba505-2c46-42f0-9c55-fdc90bb2f919 does not exist. Creating ...
2022-08-20 07:52:54,008 [pool-379-thread-1] INFO  storage.RaftStorageDirectory (RaftStorageDirectoryImpl.java:tryLock(230)) - Lock on /home/runner/work/ozone/ozone/hadoop-ozone/integration-test/target/test-dir/MiniOzoneClusterImpl-944d7f12-74bf-410a-af98-bfd2a7f98119/datanode-2/data/ratis/561ba505-2c46-42f0-9c55-fdc90bb2f919/in_use.lock acquired by nodename 1881@fv-az58-577
2022-08-20 07:52:54,010 [pool-379-thread-1] INFO  storage.RaftStorage (RaftStorageImpl.java:format(89)) - Storage directory /home/runner/work/ozone/ozone/hadoop-ozone/integration-test/target/test-dir/MiniOzoneClusterImpl-944d7f12-74bf-410a-af98-bfd2a7f98119/datanode-2/data/ratis/561ba505-2c46-42f0-9c55-fdc90bb2f919 has been successfully formatted.
2022-08-20 07:52:54,023 [pool-379-thread-1] INFO  ratis.ContainerStateMachine (ContainerStateMachine.java:loadSnapshot(236)) - group-FDC90BB2F919: The snapshot info is null. Setting the last applied indexto:(t:0, i:~)
2022-08-20 07:52:54,024 [pool-379-thread-1] INFO  server.RaftServerConfigKeys (ConfUtils.java:logGet(46)) - raft.server.notification.no-leader.timeout = 300s (custom)
2022-08-20 07:52:54,024 [pool-379-thread-1] INFO  server.RaftServerConfigKeys (ConfUtils.java:logGet(46)) - raft.server.log.use.memory = false (default)
2022-08-20 07:52:54,024 [pool-379-thread-1] INFO  server.RaftServerConfigKeys (ConfUtils.java:logGet(46)) - raft.server.log.purge.gap = 1000000 (custom)
2022-08-20 07:52:54,024 [pool-379-thread-1] INFO  server.RaftServerConfigKeys (ConfUtils.java:logGet(46)) - raft.server.log.appender.buffer.byte-limit = 33554432 (custom)
2022-08-20 07:52:54,024 [pool-379-thread-1] INFO  server.RaftServerConfigKeys (ConfUtils.java:logGet(46)) - raft.server.log.statemachine.data.read.timeout = 1000ms (default)
2022-08-20 07:52:54,024 [pool-379-thread-1] INFO  server.RaftServerConfigKeys (ConfUtils.java:logGet(46)) - raft.server.log.segment.size.max = 1048576 (custom)
2022-08-20 07:52:54,025 [pool-379-thread-1] INFO  server.RaftServerConfigKeys (ConfUtils.java:logGet(46)) - raft.server.log.segment.cache.num.max = 2 (custom)
2022-08-20 07:52:54,025 [pool-379-thread-1] INFO  server.RaftServerConfigKeys (ConfUtils.java:logGet(46)) - raft.server.log.segment.cache.size.max = 200MB (=209715200) (default)
2022-08-20 07:52:54,025 [pool-379-thread-1] INFO  segmented.SegmentedRaftLogWorker (SegmentedRaftLogWorker.java:<init>(187)) - new 7d464b4c-0df7-4a5f-b174-b285aa9576d2@group-FDC90BB2F919-SegmentedRaftLogWorker for RaftStorageImpl:Storage Directory /home/runner/work/ozone/ozone/hadoop-ozone/integration-test/target/test-dir/MiniOzoneClusterImpl-944d7f12-74bf-410a-af98-bfd2a7f98119/datanode-2/data/ratis/561ba505-2c46-42f0-9c55-fdc90bb2f919
2022-08-20 07:52:54,025 [pool-379-thread-1] INFO  server.RaftServerConfigKeys (ConfUtils.java:logGet(46)) - raft.server.log.queue.byte-limit = 4294967296 (custom)
2022-08-20 07:52:54,025 [pool-379-thread-1] INFO  server.RaftServerConfigKeys (ConfUtils.java:logGet(46)) - raft.server.log.queue.element-limit = 1024 (custom)
2022-08-20 07:52:54,025 [pool-379-thread-1] INFO  server.RaftServerConfigKeys (ConfUtils.java:logGet(46)) - raft.server.log.segment.size.max = 1048576 (custom)
2022-08-20 07:52:54,025 [pool-379-thread-1] INFO  server.RaftServerConfigKeys (ConfUtils.java:logGet(46)) - raft.server.log.preallocated.size = 16384 (custom)
2022-08-20 07:52:54,025 [pool-379-thread-1] INFO  server.RaftServerConfigKeys (ConfUtils.java:logGet(46)) - raft.server.log.force.sync.num = 128 (default)
2022-08-20 07:52:54,025 [pool-379-thread-1] INFO  server.RaftServerConfigKeys (ConfUtils.java:logGet(46)) - raft.server.log.statemachine.data.sync = true (default)
2022-08-20 07:52:54,025 [pool-379-thread-1] INFO  server.RaftServerConfigKeys (ConfUtils.java:logGet(46)) - raft.server.log.statemachine.data.sync.timeout = 10s (default)
2022-08-20 07:52:54,025 [pool-379-thread-1] INFO  server.RaftServerConfigKeys (ConfUtils.java:logGet(46)) - raft.server.log.statemachine.data.sync.timeout.retry = -1 (default)
2022-08-20 07:52:54,026 [pool-379-thread-1] INFO  server.RaftServerConfigKeys (ConfUtils.java:logGet(46)) - raft.server.log.write.buffer.size = 1048576 (custom)
2022-08-20 07:52:54,026 [pool-379-thread-1] INFO  server.RaftServerConfigKeys (ConfUtils.java:logGet(46)) - raft.server.log.unsafe-flush.enabled = false (default)
2022-08-20 07:52:54,026 [pool-379-thread-1] INFO  server.RaftServerConfigKeys (ConfUtils.java:logGet(46)) - raft.server.log.statemachine.data.caching.enabled = true (custom)
2022-08-20 07:52:54,027 [pool-379-thread-1] INFO  segmented.SegmentedRaftLogWorker (SegmentedRaftLogWorker.java:lambda$new$0(135)) - 7d464b4c-0df7-4a5f-b174-b285aa9576d2@group-FDC90BB2F919-SegmentedRaftLogWorker: flushIndex: setUnconditionally 0 -> -1
2022-08-20 07:52:54,027 [pool-379-thread-1] INFO  segmented.SegmentedRaftLogWorker (SegmentedRaftLogWorker.java:lambda$new$0(135)) - 7d464b4c-0df7-4a5f-b174-b285aa9576d2@group-FDC90BB2F919-SegmentedRaftLogWorker: safeCacheEvictIndex: setUnconditionally 0 -> -1
2022-08-20 07:52:54,035 [pool-379-thread-1] INFO  server.RaftServerConfigKeys (ConfUtils.java:logGet(46)) - raft.server.snapshot.auto.trigger.enabled = true (custom)
2022-08-20 07:52:54,035 [pool-379-thread-1] INFO  server.RaftServerConfigKeys (ConfUtils.java:logGet(46)) - raft.server.snapshot.auto.trigger.threshold = 10000 (custom)
2022-08-20 07:52:54,035 [pool-379-thread-1] INFO  server.RaftServerConfigKeys (ConfUtils.java:logGet(46)) - raft.server.snapshot.retention.file.num = 5 (custom)
2022-08-20 07:52:54,035 [pool-379-thread-1] INFO  server.RaftServerConfigKeys (ConfUtils.java:logGet(46)) - raft.server.log.purge.upto.snapshot.index = false (default)
2022-08-20 07:52:54,035 [pool-379-thread-1] INFO  server.RaftServerConfigKeys (ConfUtils.java:logGet(46)) - raft.server.retrycache.expirytime = 600000ms (custom)
2022-08-20 07:52:54,035 [pool-379-thread-1] INFO  server.RaftServerConfigKeys (ConfUtils.java:logGet(46)) - raft.server.retrycache.statistics.expirytime = 100μs (default)
2022-08-20 07:52:54,050 [pool-379-thread-1] INFO  server.RaftServerConfigKeys (ConfUtils.java:logGet(46)) - raft.server.log.appender.install.snapshot.enabled = false (custom)
2022-08-20 07:52:54,050 [pool-379-thread-1] INFO  server.RaftServerConfigKeys (ConfUtils.java:logGet(46)) - raft.server.threadpool.server.cached = true (default)
2022-08-20 07:52:54,050 [pool-379-thread-1] INFO  server.RaftServerConfigKeys (ConfUtils.java:logGet(46)) - raft.server.threadpool.server.size = 0 (default)
2022-08-20 07:52:54,050 [pool-379-thread-1] INFO  server.RaftServerConfigKeys (ConfUtils.java:logGet(46)) - raft.server.threadpool.client.cached = true (default)
2022-08-20 07:52:54,050 [pool-379-thread-1] INFO  server.RaftServerConfigKeys (ConfUtils.java:logGet(46)) - raft.server.threadpool.client.size = 0 (default)
2022-08-20 07:52:54,050 [pool-379-thread-1] INFO  server.RaftServer$Division (RaftServerImpl.java:start(310)) - 7d464b4c-0df7-4a5f-b174-b285aa9576d2@group-FDC90BB2F919: start as a follower, conf=-1: [7d464b4c-0df7-4a5f-b174-b285aa9576d2|rpc:10.1.0.10:43361|dataStream:|priority:1, 9b8f87c8-445f-40fe-97ae-2bc30a04beb5|rpc:10.1.0.10:43397|dataStream:|priority:0, c9e3b08e-4472-4268-809a-be763a4c0fdf|rpc:10.1.0.10:45857|dataStream:|priority:0], old=null
2022-08-20 07:52:54,050 [pool-379-thread-1] INFO  server.RaftServer$Division (RaftServerImpl.java:setRole(299)) - 7d464b4c-0df7-4a5f-b174-b285aa9576d2@group-FDC90BB2F919: changes role from      null to FOLLOWER at term 0 for startAsFollower
2022-08-20 07:52:54,050 [pool-379-thread-1] INFO  impl.RoleInfo (RoleInfo.java:updateAndGet(139)) - 7d464b4c-0df7-4a5f-b174-b285aa9576d2: start 7d464b4c-0df7-4a5f-b174-b285aa9576d2@group-FDC90BB2F919-FollowerState
2022-08-20 07:52:54,060 [pool-379-thread-1] INFO  util.JmxRegister (JmxRegister.java:tryRegister(44)) - Successfully registered JMX Bean with object name Ratis:service=RaftServer,group=group-FDC90BB2F919,id=7d464b4c-0df7-4a5f-b174-b285aa9576d2
2022-08-20 07:52:54,135 [grpc-default-executor-0] INFO  server.RaftServer (RaftServerProxy.java:addNew(96)) - c9e3b08e-4472-4268-809a-be763a4c0fdf: addNew group-FDC90BB2F919:[7d464b4c-0df7-4a5f-b174-b285aa9576d2|rpc:10.1.0.10:43361|dataStream:|priority:1, 9b8f87c8-445f-40fe-97ae-2bc30a04beb5|rpc:10.1.0.10:43397|dataStream:|priority:0, c9e3b08e-4472-4268-809a-be763a4c0fdf|rpc:10.1.0.10:45857|dataStream:|priority:0] returns group-FDC90BB2F919:java.util.concurrent.CompletableFuture@4fd0371e[Not completed]
2022-08-20 07:52:54,150 [pool-356-thread-1] INFO  server.RaftServer$Division (RaftServerImpl.java:<init>(190)) - c9e3b08e-4472-4268-809a-be763a4c0fdf: new RaftServerImpl for group-FDC90BB2F919:[7d464b4c-0df7-4a5f-b174-b285aa9576d2|rpc:10.1.0.10:43361|dataStream:|priority:1, 9b8f87c8-445f-40fe-97ae-2bc30a04beb5|rpc:10.1.0.10:43397|dataStream:|priority:0, c9e3b08e-4472-4268-809a-be763a4c0fdf|rpc:10.1.0.10:45857|dataStream:|priority:0] with ContainerStateMachine:uninitialized
2022-08-20 07:52:54,166 [pool-356-thread-1] INFO  server.RaftServerConfigKeys (ConfUtils.java:logGet(46)) - raft.server.rpc.timeout.min = 5s (custom)
2022-08-20 07:52:54,166 [pool-356-thread-1] INFO  server.RaftServerConfigKeys (ConfUtils.java:logGet(46)) - raft.server.rpc.timeout.max = 5200ms (custom)
2022-08-20 07:52:54,166 [pool-356-thread-1] INFO  server.RaftServerConfigKeys (ConfUtils.java:logGet(46)) - raft.server.rpc.sleep.time = 25ms (default)
2022-08-20 07:52:54,166 [pool-356-thread-1] INFO  server.RaftServerConfigKeys (ConfUtils.java:logGet(46)) - raft.server.rpc.slowness.timeout = 300s (custom)
2022-08-20 07:52:54,166 [pool-356-thread-1] INFO  server.RaftServerConfigKeys (ConfUtils.java:logGet(46)) - raft.server.leaderelection.leader.step-down.wait-time = 10s (default)
2022-08-20 07:52:54,166 [pool-356-thread-1] INFO  server.RaftServerConfigKeys (ConfUtils.java:logGet(46)) - raft.server.sleep.deviation.threshold = 300ms (default)
2022-08-20 07:52:54,166 [pool-356-thread-1] INFO  server.RaftServer$Division (ServerState.java:<init>(107)) - c9e3b08e-4472-4268-809a-be763a4c0fdf@group-FDC90BB2F919: ConfigurationManager, init=-1: [7d464b4c-0df7-4a5f-b174-b285aa9576d2|rpc:10.1.0.10:43361|dataStream:|priority:1, 9b8f87c8-445f-40fe-97ae-2bc30a04beb5|rpc:10.1.0.10:43397|dataStream:|priority:0, c9e3b08e-4472-4268-809a-be763a4c0fdf|rpc:10.1.0.10:45857|dataStream:|priority:0], old=null, confs=<EMPTY_MAP>
2022-08-20 07:52:54,166 [pool-356-thread-1] INFO  server.RaftServerConfigKeys (ConfUtils.java:logGet(46)) - raft.server.storage.dir = [/home/runner/work/ozone/ozone/hadoop-ozone/integration-test/target/test-dir/MiniOzoneClusterImpl-944d7f12-74bf-410a-af98-bfd2a7f98119/datanode-1/data/ratis] (custom)
2022-08-20 07:52:54,166 [pool-356-thread-1] INFO  server.RaftServerConfigKeys (ConfUtils.java:logGet(46)) - raft.server.log.corruption.policy = EXCEPTION (default)
2022-08-20 07:52:54,167 [pool-356-thread-1] INFO  server.RaftServerConfigKeys (ConfUtils.java:logGet(46)) - raft.server.storage.free-space.min = 0MB (=0) (default)
2022-08-20 07:52:54,167 [pool-356-thread-1] INFO  storage.RaftStorageDirectory (RaftStorageDirectoryImpl.java:analyzeStorage(135)) - The storage directory /home/runner/work/ozone/ozone/hadoop-ozone/integration-test/target/test-dir/MiniOzoneClusterImpl-944d7f12-74bf-410a-af98-bfd2a7f98119/datanode-1/data/ratis/561ba505-2c46-42f0-9c55-fdc90bb2f919 does not exist. Creating ...
2022-08-20 07:52:54,168 [pool-356-thread-1] INFO  storage.RaftStorageDirectory (RaftStorageDirectoryImpl.java:tryLock(230)) - Lock on /home/runner/work/ozone/ozone/hadoop-ozone/integration-test/target/test-dir/MiniOzoneClusterImpl-944d7f12-74bf-410a-af98-bfd2a7f98119/datanode-1/data/ratis/561ba505-2c46-42f0-9c55-fdc90bb2f919/in_use.lock acquired by nodename 1881@fv-az58-577
2022-08-20 07:52:54,171 [pool-356-thread-1] INFO  storage.RaftStorage (RaftStorageImpl.java:format(89)) - Storage directory /home/runner/work/ozone/ozone/hadoop-ozone/integration-test/target/test-dir/MiniOzoneClusterImpl-944d7f12-74bf-410a-af98-bfd2a7f98119/datanode-1/data/ratis/561ba505-2c46-42f0-9c55-fdc90bb2f919 has been successfully formatted.
2022-08-20 07:52:54,175 [pool-356-thread-1] INFO  ratis.ContainerStateMachine (ContainerStateMachine.java:loadSnapshot(236)) - group-FDC90BB2F919: The snapshot info is null. Setting the last applied indexto:(t:0, i:~)
2022-08-20 07:52:54,175 [pool-356-thread-1] INFO  server.RaftServerConfigKeys (ConfUtils.java:logGet(46)) - raft.server.notification.no-leader.timeout = 300s (custom)
2022-08-20 07:52:54,175 [pool-356-thread-1] INFO  server.RaftServerConfigKeys (ConfUtils.java:logGet(46)) - raft.server.log.use.memory = false (default)
2022-08-20 07:52:54,175 [pool-356-thread-1] INFO  server.RaftServerConfigKeys (ConfUtils.java:logGet(46)) - raft.server.log.purge.gap = 1000000 (custom)
2022-08-20 07:52:54,178 [pool-356-thread-1] INFO  server.RaftServerConfigKeys (ConfUtils.java:logGet(46)) - raft.server.log.appender.buffer.byte-limit = 33554432 (custom)
2022-08-20 07:52:54,178 [pool-356-thread-1] INFO  server.RaftServerConfigKeys (ConfUtils.java:logGet(46)) - raft.server.log.statemachine.data.read.timeout = 1000ms (default)
2022-08-20 07:52:54,178 [pool-356-thread-1] INFO  server.RaftServerConfigKeys (ConfUtils.java:logGet(46)) - raft.server.log.segment.size.max = 1048576 (custom)
2022-08-20 07:52:54,179 [pool-356-thread-1] INFO  server.RaftServerConfigKeys (ConfUtils.java:logGet(46)) - raft.server.log.segment.cache.num.max = 2 (custom)
2022-08-20 07:52:54,179 [pool-356-thread-1] INFO  server.RaftServerConfigKeys (ConfUtils.java:logGet(46)) - raft.server.log.segment.cache.size.max = 200MB (=209715200) (default)
2022-08-20 07:52:54,179 [pool-356-thread-1] INFO  segmented.SegmentedRaftLogWorker (SegmentedRaftLogWorker.java:<init>(187)) - new c9e3b08e-4472-4268-809a-be763a4c0fdf@group-FDC90BB2F919-SegmentedRaftLogWorker for RaftStorageImpl:Storage Directory /home/runner/work/ozone/ozone/hadoop-ozone/integration-test/target/test-dir/MiniOzoneClusterImpl-944d7f12-74bf-410a-af98-bfd2a7f98119/datanode-1/data/ratis/561ba505-2c46-42f0-9c55-fdc90bb2f919
2022-08-20 07:52:54,179 [pool-356-thread-1] INFO  server.RaftServerConfigKeys (ConfUtils.java:logGet(46)) - raft.server.log.queue.byte-limit = 4294967296 (custom)
2022-08-20 07:52:54,179 [pool-356-thread-1] INFO  server.RaftServerConfigKeys (ConfUtils.java:logGet(46)) - raft.server.log.queue.element-limit = 1024 (custom)
2022-08-20 07:52:54,179 [pool-356-thread-1] INFO  server.RaftServerConfigKeys (ConfUtils.java:logGet(46)) - raft.server.log.segment.size.max = 1048576 (custom)
2022-08-20 07:52:54,179 [pool-356-thread-1] INFO  server.RaftServerConfigKeys (ConfUtils.java:logGet(46)) - raft.server.log.preallocated.size = 16384 (custom)
2022-08-20 07:52:54,179 [pool-356-thread-1] INFO  server.RaftServerConfigKeys (ConfUtils.java:logGet(46)) - raft.server.log.force.sync.num = 128 (default)
2022-08-20 07:52:54,179 [pool-356-thread-1] INFO  server.RaftServerConfigKeys (ConfUtils.java:logGet(46)) - raft.server.log.statemachine.data.sync = true (default)
2022-08-20 07:52:54,179 [pool-356-thread-1] INFO  server.RaftServerConfigKeys (ConfUtils.java:logGet(46)) - raft.server.log.statemachine.data.sync.timeout = 10s (default)
2022-08-20 07:52:54,179 [pool-356-thread-1] INFO  server.RaftServerConfigKeys (ConfUtils.java:logGet(46)) - raft.server.log.statemachine.data.sync.timeout.retry = -1 (default)
2022-08-20 07:52:54,180 [pool-356-thread-1] INFO  server.RaftServerConfigKeys (ConfUtils.java:logGet(46)) - raft.server.log.write.buffer.size = 1048576 (custom)
2022-08-20 07:52:54,180 [pool-356-thread-1] INFO  server.RaftServerConfigKeys (ConfUtils.java:logGet(46)) - raft.server.log.unsafe-flush.enabled = false (default)
2022-08-20 07:52:54,180 [pool-356-thread-1] INFO  server.RaftServerConfigKeys (ConfUtils.java:logGet(46)) - raft.server.log.statemachine.data.caching.enabled = true (custom)
2022-08-20 07:52:54,181 [pool-356-thread-1] INFO  segmented.SegmentedRaftLogWorker (SegmentedRaftLogWorker.java:lambda$new$0(135)) - c9e3b08e-4472-4268-809a-be763a4c0fdf@group-FDC90BB2F919-SegmentedRaftLogWorker: flushIndex: setUnconditionally 0 -> -1
2022-08-20 07:52:54,181 [pool-356-thread-1] INFO  segmented.SegmentedRaftLogWorker (SegmentedRaftLogWorker.java:lambda$new$0(135)) - c9e3b08e-4472-4268-809a-be763a4c0fdf@group-FDC90BB2F919-SegmentedRaftLogWorker: safeCacheEvictIndex: setUnconditionally 0 -> -1
2022-08-20 07:52:54,193 [pool-356-thread-1] INFO  server.RaftServerConfigKeys (ConfUtils.java:logGet(46)) - raft.server.snapshot.auto.trigger.enabled = true (custom)
2022-08-20 07:52:54,194 [pool-356-thread-1] INFO  server.RaftServerConfigKeys (ConfUtils.java:logGet(46)) - raft.server.snapshot.auto.trigger.threshold = 10000 (custom)
2022-08-20 07:52:54,194 [pool-356-thread-1] INFO  server.RaftServerConfigKeys (ConfUtils.java:logGet(46)) - raft.server.snapshot.retention.file.num = 5 (custom)
2022-08-20 07:52:54,194 [pool-356-thread-1] INFO  server.RaftServerConfigKeys (ConfUtils.java:logGet(46)) - raft.server.log.purge.upto.snapshot.index = false (default)
2022-08-20 07:52:54,194 [pool-356-thread-1] INFO  server.RaftServerConfigKeys (ConfUtils.java:logGet(46)) - raft.server.retrycache.expirytime = 600000ms (custom)
2022-08-20 07:52:54,194 [pool-356-thread-1] INFO  server.RaftServerConfigKeys (ConfUtils.java:logGet(46)) - raft.server.retrycache.statistics.expirytime = 100μs (default)
2022-08-20 07:52:54,195 [pool-356-thread-1] INFO  server.RaftServerConfigKeys (ConfUtils.java:logGet(46)) - raft.server.log.appender.install.snapshot.enabled = false (custom)
2022-08-20 07:52:54,195 [pool-356-thread-1] INFO  server.RaftServerConfigKeys (ConfUtils.java:logGet(46)) - raft.server.threadpool.server.cached = true (default)
2022-08-20 07:52:54,195 [pool-356-thread-1] INFO  server.RaftServerConfigKeys (ConfUtils.java:logGet(46)) - raft.server.threadpool.server.size = 0 (default)
2022-08-20 07:52:54,195 [pool-356-thread-1] INFO  server.RaftServerConfigKeys (ConfUtils.java:logGet(46)) - raft.server.threadpool.client.cached = true (default)
2022-08-20 07:52:54,195 [pool-356-thread-1] INFO  server.RaftServerConfigKeys (ConfUtils.java:logGet(46)) - raft.server.threadpool.client.size = 0 (default)
2022-08-20 07:52:54,195 [pool-356-thread-1] INFO  server.RaftServer$Division (RaftServerImpl.java:start(310)) - c9e3b08e-4472-4268-809a-be763a4c0fdf@group-FDC90BB2F919: start as a follower, conf=-1: [7d464b4c-0df7-4a5f-b174-b285aa9576d2|rpc:10.1.0.10:43361|dataStream:|priority:1, 9b8f87c8-445f-40fe-97ae-2bc30a04beb5|rpc:10.1.0.10:43397|dataStream:|priority:0, c9e3b08e-4472-4268-809a-be763a4c0fdf|rpc:10.1.0.10:45857|dataStream:|priority:0], old=null
2022-08-20 07:52:54,195 [pool-356-thread-1] INFO  server.RaftServer$Division (RaftServerImpl.java:setRole(299)) - c9e3b08e-4472-4268-809a-be763a4c0fdf@group-FDC90BB2F919: changes role from      null to FOLLOWER at term 0 for startAsFollower
2022-08-20 07:52:54,195 [pool-356-thread-1] INFO  impl.RoleInfo (RoleInfo.java:updateAndGet(139)) - c9e3b08e-4472-4268-809a-be763a4c0fdf: start c9e3b08e-4472-4268-809a-be763a4c0fdf@group-FDC90BB2F919-FollowerState
2022-08-20 07:52:54,196 [pool-356-thread-1] INFO  util.JmxRegister (JmxRegister.java:tryRegister(44)) - Successfully registered JMX Bean with object name Ratis:service=RaftServer,group=group-FDC90BB2F919,id=c9e3b08e-4472-4268-809a-be763a4c0fdf
2022-08-20 07:52:54,254 [Command processor thread] INFO  commandhandler.CreatePipelineCommandHandler (CreatePipelineCommandHandler.java:handle(113)) - Created Pipeline RATIS THREE PipelineID=561ba505-2c46-42f0-9c55-fdc90bb2f919.
2022-08-20 07:52:54,254 [Command processor thread] INFO  server.RaftServer (RaftServerProxy.java:addNew(96)) - 9b8f87c8-445f-40fe-97ae-2bc30a04beb5: addNew group-8E3261B42936:[9b8f87c8-445f-40fe-97ae-2bc30a04beb5|rpc:10.1.0.10:43397|priority:0, 7d464b4c-0df7-4a5f-b174-b285aa9576d2|rpc:10.1.0.10:43361|priority:0, c9e3b08e-4472-4268-809a-be763a4c0fdf|rpc:10.1.0.10:45857|priority:1] returns group-8E3261B42936:java.util.concurrent.CompletableFuture@400f9afa[Not completed]
2022-08-20 07:52:54,255 [pool-333-thread-1] INFO  server.RaftServer$Division (RaftServerImpl.java:<init>(190)) - 9b8f87c8-445f-40fe-97ae-2bc30a04beb5: new RaftServerImpl for group-8E3261B42936:[9b8f87c8-445f-40fe-97ae-2bc30a04beb5|rpc:10.1.0.10:43397|priority:0, 7d464b4c-0df7-4a5f-b174-b285aa9576d2|rpc:10.1.0.10:43361|priority:0, c9e3b08e-4472-4268-809a-be763a4c0fdf|rpc:10.1.0.10:45857|priority:1] with ContainerStateMachine:uninitialized
2022-08-20 07:52:54,255 [pool-333-thread-1] INFO  server.RaftServerConfigKeys (ConfUtils.java:logGet(46)) - raft.server.rpc.timeout.min = 5s (custom)
2022-08-20 07:52:54,255 [pool-333-thread-1] INFO  server.RaftServerConfigKeys (ConfUtils.java:logGet(46)) - raft.server.rpc.timeout.max = 5200ms (custom)
2022-08-20 07:52:54,256 [pool-333-thread-1] INFO  server.RaftServerConfigKeys (ConfUtils.java:logGet(46)) - raft.server.rpc.sleep.time = 25ms (default)
2022-08-20 07:52:54,256 [pool-333-thread-1] INFO  server.RaftServerConfigKeys (ConfUtils.java:logGet(46)) - raft.server.rpc.slowness.timeout = 300s (custom)
2022-08-20 07:52:54,256 [pool-333-thread-1] INFO  server.RaftServerConfigKeys (ConfUtils.java:logGet(46)) - raft.server.leaderelection.leader.step-down.wait-time = 10s (default)
2022-08-20 07:52:54,256 [pool-333-thread-1] INFO  server.RaftServerConfigKeys (ConfUtils.java:logGet(46)) - raft.server.sleep.deviation.threshold = 300ms (default)
2022-08-20 07:52:54,256 [pool-333-thread-1] INFO  server.RaftServer$Division (ServerState.java:<init>(107)) - 9b8f87c8-445f-40fe-97ae-2bc30a04beb5@group-8E3261B42936: ConfigurationManager, init=-1: [9b8f87c8-445f-40fe-97ae-2bc30a04beb5|rpc:10.1.0.10:43397|priority:0, 7d464b4c-0df7-4a5f-b174-b285aa9576d2|rpc:10.1.0.10:43361|priority:0, c9e3b08e-4472-4268-809a-be763a4c0fdf|rpc:10.1.0.10:45857|priority:1], old=null, confs=<EMPTY_MAP>
2022-08-20 07:52:54,256 [pool-333-thread-1] INFO  server.RaftServerConfigKeys (ConfUtils.java:logGet(46)) - raft.server.storage.dir = [/home/runner/work/ozone/ozone/hadoop-ozone/integration-test/target/test-dir/MiniOzoneClusterImpl-944d7f12-74bf-410a-af98-bfd2a7f98119/datanode-0/data/ratis] (custom)
2022-08-20 07:52:54,256 [pool-333-thread-1] INFO  server.RaftServerConfigKeys (ConfUtils.java:logGet(46)) - raft.server.log.corruption.policy = EXCEPTION (default)
2022-08-20 07:52:54,256 [pool-333-thread-1] INFO  server.RaftServerConfigKeys (ConfUtils.java:logGet(46)) - raft.server.storage.free-space.min = 0MB (=0) (default)
2022-08-20 07:52:54,256 [pool-333-thread-1] INFO  storage.RaftStorageDirectory (RaftStorageDirectoryImpl.java:analyzeStorage(135)) - The storage directory /home/runner/work/ozone/ozone/hadoop-ozone/integration-test/target/test-dir/MiniOzoneClusterImpl-944d7f12-74bf-410a-af98-bfd2a7f98119/datanode-0/data/ratis/c58777af-1558-48c2-a032-8e3261b42936 does not exist. Creating ...
2022-08-20 07:52:54,257 [pool-333-thread-1] INFO  storage.RaftStorageDirectory (RaftStorageDirectoryImpl.java:tryLock(230)) - Lock on /home/runner/work/ozone/ozone/hadoop-ozone/integration-test/target/test-dir/MiniOzoneClusterImpl-944d7f12-74bf-410a-af98-bfd2a7f98119/datanode-0/data/ratis/c58777af-1558-48c2-a032-8e3261b42936/in_use.lock acquired by nodename 1881@fv-az58-577
2022-08-20 07:52:54,258 [pool-333-thread-1] INFO  storage.RaftStorage (RaftStorageImpl.java:format(89)) - Storage directory /home/runner/work/ozone/ozone/hadoop-ozone/integration-test/target/test-dir/MiniOzoneClusterImpl-944d7f12-74bf-410a-af98-bfd2a7f98119/datanode-0/data/ratis/c58777af-1558-48c2-a032-8e3261b42936 has been successfully formatted.
2022-08-20 07:52:54,258 [pool-333-thread-1] INFO  ratis.ContainerStateMachine (ContainerStateMachine.java:loadSnapshot(236)) - group-8E3261B42936: The snapshot info is null. Setting the last applied indexto:(t:0, i:~)
2022-08-20 07:52:54,259 [pool-333-thread-1] INFO  server.RaftServerConfigKeys (ConfUtils.java:logGet(46)) - raft.server.notification.no-leader.timeout = 300s (custom)
2022-08-20 07:52:54,259 [pool-333-thread-1] INFO  server.RaftServerConfigKeys (ConfUtils.java:logGet(46)) - raft.server.log.use.memory = false (default)
2022-08-20 07:52:54,259 [pool-333-thread-1] INFO  server.RaftServerConfigKeys (ConfUtils.java:logGet(46)) - raft.server.log.purge.gap = 1000000 (custom)
2022-08-20 07:52:54,259 [pool-333-thread-1] INFO  server.RaftServerConfigKeys (ConfUtils.java:logGet(46)) - raft.server.log.appender.buffer.byte-limit = 33554432 (custom)
2022-08-20 07:52:54,259 [pool-333-thread-1] INFO  server.RaftServerConfigKeys (ConfUtils.java:logGet(46)) - raft.server.log.statemachine.data.read.timeout = 1000ms (default)
2022-08-20 07:52:54,259 [pool-333-thread-1] INFO  server.RaftServerConfigKeys (ConfUtils.java:logGet(46)) - raft.server.log.segment.size.max = 1048576 (custom)
2022-08-20 07:52:54,259 [pool-333-thread-1] INFO  server.RaftServerConfigKeys (ConfUtils.java:logGet(46)) - raft.server.log.segment.cache.num.max = 2 (custom)
2022-08-20 07:52:54,259 [pool-333-thread-1] INFO  server.RaftServerConfigKeys (ConfUtils.java:logGet(46)) - raft.server.log.segment.cache.size.max = 200MB (=209715200) (default)
2022-08-20 07:52:54,259 [pool-333-thread-1] INFO  segmented.SegmentedRaftLogWorker (SegmentedRaftLogWorker.java:<init>(187)) - new 9b8f87c8-445f-40fe-97ae-2bc30a04beb5@group-8E3261B42936-SegmentedRaftLogWorker for RaftStorageImpl:Storage Directory /home/runner/work/ozone/ozone/hadoop-ozone/integration-test/target/test-dir/MiniOzoneClusterImpl-944d7f12-74bf-410a-af98-bfd2a7f98119/datanode-0/data/ratis/c58777af-1558-48c2-a032-8e3261b42936
2022-08-20 07:52:54,259 [pool-333-thread-1] INFO  server.RaftServerConfigKeys (ConfUtils.java:logGet(46)) - raft.server.log.queue.byte-limit = 4294967296 (custom)
2022-08-20 07:52:54,260 [pool-333-thread-1] INFO  server.RaftServerConfigKeys (ConfUtils.java:logGet(46)) - raft.server.log.queue.element-limit = 1024 (custom)
2022-08-20 07:52:54,260 [pool-333-thread-1] INFO  server.RaftServerConfigKeys (ConfUtils.java:logGet(46)) - raft.server.log.segment.size.max = 1048576 (custom)
2022-08-20 07:52:54,260 [pool-333-thread-1] INFO  server.RaftServerConfigKeys (ConfUtils.java:logGet(46)) - raft.server.log.preallocated.size = 16384 (custom)
2022-08-20 07:52:54,260 [pool-333-thread-1] INFO  server.RaftServerConfigKeys (ConfUtils.java:logGet(46)) - raft.server.log.force.sync.num = 128 (default)
2022-08-20 07:52:54,260 [pool-333-thread-1] INFO  server.RaftServerConfigKeys (ConfUtils.java:logGet(46)) - raft.server.log.statemachine.data.sync = true (default)
2022-08-20 07:52:54,260 [pool-333-thread-1] INFO  server.RaftServerConfigKeys (ConfUtils.java:logGet(46)) - raft.server.log.statemachine.data.sync.timeout = 10s (default)
2022-08-20 07:52:54,260 [pool-333-thread-1] INFO  server.RaftServerConfigKeys (ConfUtils.java:logGet(46)) - raft.server.log.statemachine.data.sync.timeout.retry = -1 (default)
2022-08-20 07:52:54,261 [pool-333-thread-1] INFO  server.RaftServerConfigKeys (ConfUtils.java:logGet(46)) - raft.server.log.write.buffer.size = 1048576 (custom)
2022-08-20 07:52:54,261 [pool-333-thread-1] INFO  server.RaftServerConfigKeys (ConfUtils.java:logGet(46)) - raft.server.log.unsafe-flush.enabled = false (default)
2022-08-20 07:52:54,261 [pool-333-thread-1] INFO  server.RaftServerConfigKeys (ConfUtils.java:logGet(46)) - raft.server.log.statemachine.data.caching.enabled = true (custom)
2022-08-20 07:52:54,261 [pool-333-thread-1] INFO  segmented.SegmentedRaftLogWorker (SegmentedRaftLogWorker.java:lambda$new$0(135)) - 9b8f87c8-445f-40fe-97ae-2bc30a04beb5@group-8E3261B42936-SegmentedRaftLogWorker: flushIndex: setUnconditionally 0 -> -1
2022-08-20 07:52:54,261 [pool-333-thread-1] INFO  segmented.SegmentedRaftLogWorker (SegmentedRaftLogWorker.java:lambda$new$0(135)) - 9b8f87c8-445f-40fe-97ae-2bc30a04beb5@group-8E3261B42936-SegmentedRaftLogWorker: safeCacheEvictIndex: setUnconditionally 0 -> -1
2022-08-20 07:52:54,263 [EventQueue-OpenPipelineForHealthyPipelineSafeModeRule] INFO  safemode.SCMSafeModeManager (HealthyPipelineSafeModeRule.java:process(137)) - SCM in safe mode. Healthy pipelines reported count is 0, required healthy pipeline reported count is 1
2022-08-20 07:52:54,267 [pool-333-thread-1] INFO  server.RaftServerConfigKeys (ConfUtils.java:logGet(46)) - raft.server.snapshot.auto.trigger.enabled = true (custom)
2022-08-20 07:52:54,267 [pool-333-thread-1] INFO  server.RaftServerConfigKeys (ConfUtils.java:logGet(46)) - raft.server.snapshot.auto.trigger.threshold = 10000 (custom)
2022-08-20 07:52:54,267 [pool-333-thread-1] INFO  server.RaftServerConfigKeys (ConfUtils.java:logGet(46)) - raft.server.snapshot.retention.file.num = 5 (custom)
2022-08-20 07:52:54,267 [pool-333-thread-1] INFO  server.RaftServerConfigKeys (ConfUtils.java:logGet(46)) - raft.server.log.purge.upto.snapshot.index = false (default)
2022-08-20 07:52:54,268 [pool-333-thread-1] INFO  server.RaftServerConfigKeys (ConfUtils.java:logGet(46)) - raft.server.retrycache.expirytime = 600000ms (custom)
2022-08-20 07:52:54,268 [pool-333-thread-1] INFO  server.RaftServerConfigKeys (ConfUtils.java:logGet(46)) - raft.server.retrycache.statistics.expirytime = 100μs (default)
2022-08-20 07:52:54,269 [pool-333-thread-1] INFO  server.RaftServerConfigKeys (ConfUtils.java:logGet(46)) - raft.server.log.appender.install.snapshot.enabled = false (custom)
2022-08-20 07:52:54,269 [pool-333-thread-1] INFO  server.RaftServerConfigKeys (ConfUtils.java:logGet(46)) - raft.server.threadpool.server.cached = true (default)
2022-08-20 07:52:54,269 [pool-333-thread-1] INFO  server.RaftServerConfigKeys (ConfUtils.java:logGet(46)) - raft.server.threadpool.server.size = 0 (default)
2022-08-20 07:52:54,269 [pool-333-thread-1] INFO  server.RaftServerConfigKeys (ConfUtils.java:logGet(46)) - raft.server.threadpool.client.cached = true (default)
2022-08-20 07:52:54,269 [pool-333-thread-1] INFO  server.RaftServerConfigKeys (ConfUtils.java:logGet(46)) - raft.server.threadpool.client.size = 0 (default)
2022-08-20 07:52:54,269 [pool-333-thread-1] INFO  server.RaftServer$Division (RaftServerImpl.java:start(310)) - 9b8f87c8-445f-40fe-97ae-2bc30a04beb5@group-8E3261B42936: start as a follower, conf=-1: [9b8f87c8-445f-40fe-97ae-2bc30a04beb5|rpc:10.1.0.10:43397|priority:0, 7d464b4c-0df7-4a5f-b174-b285aa9576d2|rpc:10.1.0.10:43361|priority:0, c9e3b08e-4472-4268-809a-be763a4c0fdf|rpc:10.1.0.10:45857|priority:1], old=null
2022-08-20 07:52:54,269 [pool-333-thread-1] INFO  server.RaftServer$Division (RaftServerImpl.java:setRole(299)) - 9b8f87c8-445f-40fe-97ae-2bc30a04beb5@group-8E3261B42936: changes role from      null to FOLLOWER at term 0 for startAsFollower
2022-08-20 07:52:54,269 [pool-333-thread-1] INFO  impl.RoleInfo (RoleInfo.java:updateAndGet(139)) - 9b8f87c8-445f-40fe-97ae-2bc30a04beb5: start 9b8f87c8-445f-40fe-97ae-2bc30a04beb5@group-8E3261B42936-FollowerState
2022-08-20 07:52:54,282 [pool-333-thread-1] INFO  util.JmxRegister (JmxRegister.java:tryRegister(44)) - Successfully registered JMX Bean with object name Ratis:service=RaftServer,group=group-8E3261B42936,id=9b8f87c8-445f-40fe-97ae-2bc30a04beb5
2022-08-20 07:52:54,297 [Command processor thread] INFO  ratis.XceiverServerRatis (XceiverServerRatis.java:addGroup(765)) - Created group PipelineID=c58777af-1558-48c2-a032-8e3261b42936
2022-08-20 07:52:54,350 [grpc-default-executor-0] INFO  server.RaftServer (RaftServerProxy.java:addNew(96)) - 7d464b4c-0df7-4a5f-b174-b285aa9576d2: addNew group-8E3261B42936:[9b8f87c8-445f-40fe-97ae-2bc30a04beb5|rpc:10.1.0.10:43397|dataStream:|priority:0, 7d464b4c-0df7-4a5f-b174-b285aa9576d2|rpc:10.1.0.10:43361|dataStream:|priority:0, c9e3b08e-4472-4268-809a-be763a4c0fdf|rpc:10.1.0.10:45857|dataStream:|priority:1] returns group-8E3261B42936:java.util.concurrent.CompletableFuture@27db565b[Not completed]
2022-08-20 07:52:54,353 [pool-379-thread-1] INFO  server.RaftServer$Division (RaftServerImpl.java:<init>(190)) - 7d464b4c-0df7-4a5f-b174-b285aa9576d2: new RaftServerImpl for group-8E3261B42936:[9b8f87c8-445f-40fe-97ae-2bc30a04beb5|rpc:10.1.0.10:43397|dataStream:|priority:0, 7d464b4c-0df7-4a5f-b174-b285aa9576d2|rpc:10.1.0.10:43361|dataStream:|priority:0, c9e3b08e-4472-4268-809a-be763a4c0fdf|rpc:10.1.0.10:45857|dataStream:|priority:1] with ContainerStateMachine:uninitialized
2022-08-20 07:52:54,353 [pool-379-thread-1] INFO  server.RaftServerConfigKeys (ConfUtils.java:logGet(46)) - raft.server.rpc.timeout.min = 5s (custom)
2022-08-20 07:52:54,353 [pool-379-thread-1] INFO  server.RaftServerConfigKeys (ConfUtils.java:logGet(46)) - raft.server.rpc.timeout.max = 5200ms (custom)
2022-08-20 07:52:54,353 [pool-379-thread-1] INFO  server.RaftServerConfigKeys (ConfUtils.java:logGet(46)) - raft.server.rpc.sleep.time = 25ms (default)
2022-08-20 07:52:54,353 [pool-379-thread-1] INFO  server.RaftServerConfigKeys (ConfUtils.java:logGet(46)) - raft.server.rpc.slowness.timeout = 300s (custom)
2022-08-20 07:52:54,353 [pool-379-thread-1] INFO  server.RaftServerConfigKeys (ConfUtils.java:logGet(46)) - raft.server.leaderelection.leader.step-down.wait-time = 10s (default)
2022-08-20 07:52:54,353 [pool-379-thread-1] INFO  server.RaftServerConfigKeys (ConfUtils.java:logGet(46)) - raft.server.sleep.deviation.threshold = 300ms (default)
2022-08-20 07:52:54,353 [pool-379-thread-1] INFO  server.RaftServer$Division (ServerState.java:<init>(107)) - 7d464b4c-0df7-4a5f-b174-b285aa9576d2@group-8E3261B42936: ConfigurationManager, init=-1: [9b8f87c8-445f-40fe-97ae-2bc30a04beb5|rpc:10.1.0.10:43397|dataStream:|priority:0, 7d464b4c-0df7-4a5f-b174-b285aa9576d2|rpc:10.1.0.10:43361|dataStream:|priority:0, c9e3b08e-4472-4268-809a-be763a4c0fdf|rpc:10.1.0.10:45857|dataStream:|priority:1], old=null, confs=<EMPTY_MAP>
2022-08-20 07:52:54,353 [pool-379-thread-1] INFO  server.RaftServerConfigKeys (ConfUtils.java:logGet(46)) - raft.server.storage.dir = [/home/runner/work/ozone/ozone/hadoop-ozone/integration-test/target/test-dir/MiniOzoneClusterImpl-944d7f12-74bf-410a-af98-bfd2a7f98119/datanode-2/data/ratis] (custom)
2022-08-20 07:52:54,354 [pool-379-thread-1] INFO  server.RaftServerConfigKeys (ConfUtils.java:logGet(46)) - raft.server.log.corruption.policy = EXCEPTION (default)
2022-08-20 07:52:54,354 [pool-379-thread-1] INFO  server.RaftServerConfigKeys (ConfUtils.java:logGet(46)) - raft.server.storage.free-space.min = 0MB (=0) (default)
2022-08-20 07:52:54,354 [pool-379-thread-1] INFO  storage.RaftStorageDirectory (RaftStorageDirectoryImpl.java:analyzeStorage(135)) - The storage directory /home/runner/work/ozone/ozone/hadoop-ozone/integration-test/target/test-dir/MiniOzoneClusterImpl-944d7f12-74bf-410a-af98-bfd2a7f98119/datanode-2/data/ratis/c58777af-1558-48c2-a032-8e3261b42936 does not exist. Creating ...
2022-08-20 07:52:54,355 [pool-379-thread-1] INFO  storage.RaftStorageDirectory (RaftStorageDirectoryImpl.java:tryLock(230)) - Lock on /home/runner/work/ozone/ozone/hadoop-ozone/integration-test/target/test-dir/MiniOzoneClusterImpl-944d7f12-74bf-410a-af98-bfd2a7f98119/datanode-2/data/ratis/c58777af-1558-48c2-a032-8e3261b42936/in_use.lock acquired by nodename 1881@fv-az58-577
2022-08-20 07:52:54,356 [pool-379-thread-1] INFO  storage.RaftStorage (RaftStorageImpl.java:format(89)) - Storage directory /home/runner/work/ozone/ozone/hadoop-ozone/integration-test/target/test-dir/MiniOzoneClusterImpl-944d7f12-74bf-410a-af98-bfd2a7f98119/datanode-2/data/ratis/c58777af-1558-48c2-a032-8e3261b42936 has been successfully formatted.
2022-08-20 07:52:54,357 [pool-379-thread-1] INFO  ratis.ContainerStateMachine (ContainerStateMachine.java:loadSnapshot(236)) - group-8E3261B42936: The snapshot info is null. Setting the last applied indexto:(t:0, i:~)
2022-08-20 07:52:54,358 [pool-379-thread-1] INFO  server.RaftServerConfigKeys (ConfUtils.java:logGet(46)) - raft.server.notification.no-leader.timeout = 300s (custom)
2022-08-20 07:52:54,358 [pool-379-thread-1] INFO  server.RaftServerConfigKeys (ConfUtils.java:logGet(46)) - raft.server.log.use.memory = false (default)
2022-08-20 07:52:54,358 [pool-379-thread-1] INFO  server.RaftServerConfigKeys (ConfUtils.java:logGet(46)) - raft.server.log.purge.gap = 1000000 (custom)
2022-08-20 07:52:54,358 [pool-379-thread-1] INFO  server.RaftServerConfigKeys (ConfUtils.java:logGet(46)) - raft.server.log.appender.buffer.byte-limit = 33554432 (custom)
2022-08-20 07:52:54,358 [pool-379-thread-1] INFO  server.RaftServerConfigKeys (ConfUtils.java:logGet(46)) - raft.server.log.statemachine.data.read.timeout = 1000ms (default)
2022-08-20 07:52:54,358 [pool-379-thread-1] INFO  server.RaftServerConfigKeys (ConfUtils.java:logGet(46)) - raft.server.log.segment.size.max = 1048576 (custom)
2022-08-20 07:52:54,358 [pool-379-thread-1] INFO  server.RaftServerConfigKeys (ConfUtils.java:logGet(46)) - raft.server.log.segment.cache.num.max = 2 (custom)
2022-08-20 07:52:54,359 [pool-379-thread-1] INFO  server.RaftServerConfigKeys (ConfUtils.java:logGet(46)) - raft.server.log.segment.cache.size.max = 200MB (=209715200) (default)
2022-08-20 07:52:54,359 [pool-379-thread-1] INFO  segmented.SegmentedRaftLogWorker (SegmentedRaftLogWorker.java:<init>(187)) - new 7d464b4c-0df7-4a5f-b174-b285aa9576d2@group-8E3261B42936-SegmentedRaftLogWorker for RaftStorageImpl:Storage Directory /home/runner/work/ozone/ozone/hadoop-ozone/integration-test/target/test-dir/MiniOzoneClusterImpl-944d7f12-74bf-410a-af98-bfd2a7f98119/datanode-2/data/ratis/c58777af-1558-48c2-a032-8e3261b42936
2022-08-20 07:52:54,359 [pool-379-thread-1] INFO  server.RaftServerConfigKeys (ConfUtils.java:logGet(46)) - raft.server.log.queue.byte-limit = 4294967296 (custom)
2022-08-20 07:52:54,359 [pool-379-thread-1] INFO  server.RaftServerConfigKeys (ConfUtils.java:logGet(46)) - raft.server.log.queue.element-limit = 1024 (custom)
2022-08-20 07:52:54,359 [pool-379-thread-1] INFO  server.RaftServerConfigKeys (ConfUtils.java:logGet(46)) - raft.server.log.segment.size.max = 1048576 (custom)
2022-08-20 07:52:54,359 [pool-379-thread-1] INFO  server.RaftServerConfigKeys (ConfUtils.java:logGet(46)) - raft.server.log.preallocated.size = 16384 (custom)
2022-08-20 07:52:54,359 [pool-379-thread-1] INFO  server.RaftServerConfigKeys (ConfUtils.java:logGet(46)) - raft.server.log.force.sync.num = 128 (default)
2022-08-20 07:52:54,359 [pool-379-thread-1] INFO  server.RaftServerConfigKeys (ConfUtils.java:logGet(46)) - raft.server.log.statemachine.data.sync = true (default)
2022-08-20 07:52:54,359 [pool-379-thread-1] INFO  server.RaftServerConfigKeys (ConfUtils.java:logGet(46)) - raft.server.log.statemachine.data.sync.timeout = 10s (default)
2022-08-20 07:52:54,359 [pool-379-thread-1] INFO  server.RaftServerConfigKeys (ConfUtils.java:logGet(46)) - raft.server.log.statemachine.data.sync.timeout.retry = -1 (default)
2022-08-20 07:52:54,360 [pool-379-thread-1] INFO  server.RaftServerConfigKeys (ConfUtils.java:logGet(46)) - raft.server.log.write.buffer.size = 1048576 (custom)
2022-08-20 07:52:54,360 [pool-379-thread-1] INFO  server.RaftServerConfigKeys (ConfUtils.java:logGet(46)) - raft.server.log.unsafe-flush.enabled = false (default)
2022-08-20 07:52:54,360 [pool-379-thread-1] INFO  server.RaftServerConfigKeys (ConfUtils.java:logGet(46)) - raft.server.log.statemachine.data.caching.enabled = true (custom)
2022-08-20 07:52:54,360 [pool-379-thread-1] INFO  segmented.SegmentedRaftLogWorker (SegmentedRaftLogWorker.java:lambda$new$0(135)) - 7d464b4c-0df7-4a5f-b174-b285aa9576d2@group-8E3261B42936-SegmentedRaftLogWorker: flushIndex: setUnconditionally 0 -> -1
2022-08-20 07:52:54,360 [pool-379-thread-1] INFO  segmented.SegmentedRaftLogWorker (SegmentedRaftLogWorker.java:lambda$new$0(135)) - 7d464b4c-0df7-4a5f-b174-b285aa9576d2@group-8E3261B42936-SegmentedRaftLogWorker: safeCacheEvictIndex: setUnconditionally 0 -> -1
2022-08-20 07:52:54,365 [pool-379-thread-1] INFO  server.RaftServerConfigKeys (ConfUtils.java:logGet(46)) - raft.server.snapshot.auto.trigger.enabled = true (custom)
2022-08-20 07:52:54,365 [pool-379-thread-1] INFO  server.RaftServerConfigKeys (ConfUtils.java:logGet(46)) - raft.server.snapshot.auto.trigger.threshold = 10000 (custom)
2022-08-20 07:52:54,365 [pool-379-thread-1] INFO  server.RaftServerConfigKeys (ConfUtils.java:logGet(46)) - raft.server.snapshot.retention.file.num = 5 (custom)
2022-08-20 07:52:54,365 [pool-379-thread-1] INFO  server.RaftServerConfigKeys (ConfUtils.java:logGet(46)) - raft.server.log.purge.upto.snapshot.index = false (default)
2022-08-20 07:52:54,365 [pool-379-thread-1] INFO  server.RaftServerConfigKeys (ConfUtils.java:logGet(46)) - raft.server.retrycache.expirytime = 600000ms (custom)
2022-08-20 07:52:54,366 [pool-379-thread-1] INFO  server.RaftServerConfigKeys (ConfUtils.java:logGet(46)) - raft.server.retrycache.statistics.expirytime = 100μs (default)
2022-08-20 07:52:54,367 [pool-379-thread-1] INFO  server.RaftServerConfigKeys (ConfUtils.java:logGet(46)) - raft.server.log.appender.install.snapshot.enabled = false (custom)
2022-08-20 07:52:54,367 [pool-379-thread-1] INFO  server.RaftServerConfigKeys (ConfUtils.java:logGet(46)) - raft.server.threadpool.server.cached = true (default)
2022-08-20 07:52:54,367 [pool-379-thread-1] INFO  server.RaftServerConfigKeys (ConfUtils.java:logGet(46)) - raft.server.threadpool.server.size = 0 (default)
2022-08-20 07:52:54,367 [pool-379-thread-1] INFO  server.RaftServerConfigKeys (ConfUtils.java:logGet(46)) - raft.server.threadpool.client.cached = true (default)
2022-08-20 07:52:54,367 [pool-379-thread-1] INFO  server.RaftServerConfigKeys (ConfUtils.java:logGet(46)) - raft.server.threadpool.client.size = 0 (default)
2022-08-20 07:52:54,367 [pool-379-thread-1] INFO  server.RaftServer$Division (RaftServerImpl.java:start(310)) - 7d464b4c-0df7-4a5f-b174-b285aa9576d2@group-8E3261B42936: start as a follower, conf=-1: [9b8f87c8-445f-40fe-97ae-2bc30a04beb5|rpc:10.1.0.10:43397|dataStream:|priority:0, 7d464b4c-0df7-4a5f-b174-b285aa9576d2|rpc:10.1.0.10:43361|dataStream:|priority:0, c9e3b08e-4472-4268-809a-be763a4c0fdf|rpc:10.1.0.10:45857|dataStream:|priority:1], old=null
2022-08-20 07:52:54,367 [pool-379-thread-1] INFO  server.RaftServer$Division (RaftServerImpl.java:setRole(299)) - 7d464b4c-0df7-4a5f-b174-b285aa9576d2@group-8E3261B42936: changes role from      null to FOLLOWER at term 0 for startAsFollower
2022-08-20 07:52:54,367 [pool-379-thread-1] INFO  impl.RoleInfo (RoleInfo.java:updateAndGet(139)) - 7d464b4c-0df7-4a5f-b174-b285aa9576d2: start 7d464b4c-0df7-4a5f-b174-b285aa9576d2@group-8E3261B42936-FollowerState
2022-08-20 07:52:54,378 [pool-379-thread-1] INFO  util.JmxRegister (JmxRegister.java:tryRegister(44)) - Successfully registered JMX Bean with object name Ratis:service=RaftServer,group=group-8E3261B42936,id=7d464b4c-0df7-4a5f-b174-b285aa9576d2
2022-08-20 07:52:54,409 [Listener at 127.0.0.1/35463] INFO  ozone.MiniOzoneClusterImpl (MiniOzoneClusterImpl.java:lambda$waitForClusterToBeReady$0(216)) - Nodes are ready. Got 5 of 5 DN Heartbeats.
2022-08-20 07:52:54,409 [Listener at 127.0.0.1/35463] INFO  ozone.MiniOzoneClusterImpl (MiniOzoneClusterImpl.java:lambda$waitForClusterToBeReady$0(219)) - Waiting for cluster to exit safe mode
2022-08-20 07:52:54,409 [Listener at 127.0.0.1/35463] INFO  ozone.MiniOzoneClusterImpl (MiniOzoneClusterImpl.java:lambda$waitForClusterToBeReady$0(221)) - SCM became leader
2022-08-20 07:52:54,422 [Command processor thread] INFO  server.RaftServer (RaftServerProxy.java:addNew(96)) - c9e3b08e-4472-4268-809a-be763a4c0fdf: addNew group-9662C4E467C8:[c9e3b08e-4472-4268-809a-be763a4c0fdf|rpc:10.1.0.10:45857|priority:1] returns group-9662C4E467C8:java.util.concurrent.CompletableFuture@5afb3e[Not completed]
2022-08-20 07:52:54,423 [pool-356-thread-1] INFO  server.RaftServer$Division (RaftServerImpl.java:<init>(190)) - c9e3b08e-4472-4268-809a-be763a4c0fdf: new RaftServerImpl for group-9662C4E467C8:[c9e3b08e-4472-4268-809a-be763a4c0fdf|rpc:10.1.0.10:45857|priority:1] with ContainerStateMachine:uninitialized
2022-08-20 07:52:54,423 [pool-356-thread-1] INFO  server.RaftServerConfigKeys (ConfUtils.java:logGet(46)) - raft.server.rpc.timeout.min = 5s (custom)
2022-08-20 07:52:54,423 [pool-356-thread-1] INFO  server.RaftServerConfigKeys (ConfUtils.java:logGet(46)) - raft.server.rpc.timeout.max = 5200ms (custom)
2022-08-20 07:52:54,423 [pool-356-thread-1] INFO  server.RaftServerConfigKeys (ConfUtils.java:logGet(46)) - raft.server.rpc.sleep.time = 25ms (default)
2022-08-20 07:52:54,423 [pool-356-thread-1] INFO  server.RaftServerConfigKeys (ConfUtils.java:logGet(46)) - raft.server.rpc.slowness.timeout = 300s (custom)
2022-08-20 07:52:54,423 [pool-356-thread-1] INFO  server.RaftServerConfigKeys (ConfUtils.java:logGet(46)) - raft.server.leaderelection.leader.step-down.wait-time = 10s (default)
2022-08-20 07:52:54,423 [pool-356-thread-1] INFO  server.RaftServerConfigKeys (ConfUtils.java:logGet(46)) - raft.server.sleep.deviation.threshold = 300ms (default)
2022-08-20 07:52:54,423 [pool-356-thread-1] INFO  server.RaftServer$Division (ServerState.java:<init>(107)) - c9e3b08e-4472-4268-809a-be763a4c0fdf@group-9662C4E467C8: ConfigurationManager, init=-1: [c9e3b08e-4472-4268-809a-be763a4c0fdf|rpc:10.1.0.10:45857|priority:1], old=null, confs=<EMPTY_MAP>
2022-08-20 07:52:54,423 [pool-356-thread-1] INFO  server.RaftServerConfigKeys (ConfUtils.java:logGet(46)) - raft.server.storage.dir = [/home/runner/work/ozone/ozone/hadoop-ozone/integration-test/target/test-dir/MiniOzoneClusterImpl-944d7f12-74bf-410a-af98-bfd2a7f98119/datanode-1/data/ratis] (custom)
2022-08-20 07:52:54,423 [pool-356-thread-1] INFO  server.RaftServerConfigKeys (ConfUtils.java:logGet(46)) - raft.server.log.corruption.policy = EXCEPTION (default)
2022-08-20 07:52:54,423 [pool-356-thread-1] INFO  server.RaftServerConfigKeys (ConfUtils.java:logGet(46)) - raft.server.storage.free-space.min = 0MB (=0) (default)
2022-08-20 07:52:54,424 [pool-356-thread-1] INFO  storage.RaftStorageDirectory (RaftStorageDirectoryImpl.java:analyzeStorage(135)) - The storage directory /home/runner/work/ozone/ozone/hadoop-ozone/integration-test/target/test-dir/MiniOzoneClusterImpl-944d7f12-74bf-410a-af98-bfd2a7f98119/datanode-1/data/ratis/675e617e-d017-4b9f-9064-9662c4e467c8 does not exist. Creating ...
2022-08-20 07:52:54,427 [pool-356-thread-1] INFO  storage.RaftStorageDirectory (RaftStorageDirectoryImpl.java:tryLock(230)) - Lock on /home/runner/work/ozone/ozone/hadoop-ozone/integration-test/target/test-dir/MiniOzoneClusterImpl-944d7f12-74bf-410a-af98-bfd2a7f98119/datanode-1/data/ratis/675e617e-d017-4b9f-9064-9662c4e467c8/in_use.lock acquired by nodename 1881@fv-az58-577
2022-08-20 07:52:54,445 [pool-356-thread-1] INFO  storage.RaftStorage (RaftStorageImpl.java:format(89)) - Storage directory /home/runner/work/ozone/ozone/hadoop-ozone/integration-test/target/test-dir/MiniOzoneClusterImpl-944d7f12-74bf-410a-af98-bfd2a7f98119/datanode-1/data/ratis/675e617e-d017-4b9f-9064-9662c4e467c8 has been successfully formatted.
2022-08-20 07:52:54,445 [pool-356-thread-1] INFO  ratis.ContainerStateMachine (ContainerStateMachine.java:loadSnapshot(236)) - group-9662C4E467C8: The snapshot info is null. Setting the last applied indexto:(t:0, i:~)
2022-08-20 07:52:54,445 [pool-356-thread-1] INFO  server.RaftServerConfigKeys (ConfUtils.java:logGet(46)) - raft.server.notification.no-leader.timeout = 300s (custom)
2022-08-20 07:52:54,445 [pool-356-thread-1] INFO  server.RaftServerConfigKeys (ConfUtils.java:logGet(46)) - raft.server.log.use.memory = false (default)
2022-08-20 07:52:54,445 [pool-356-thread-1] INFO  server.RaftServerConfigKeys (ConfUtils.java:logGet(46)) - raft.server.log.purge.gap = 1000000 (custom)
2022-08-20 07:52:54,445 [pool-356-thread-1] INFO  server.RaftServerConfigKeys (ConfUtils.java:logGet(46)) - raft.server.log.appender.buffer.byte-limit = 33554432 (custom)
2022-08-20 07:52:54,445 [pool-356-thread-1] INFO  server.RaftServerConfigKeys (ConfUtils.java:logGet(46)) - raft.server.log.statemachine.data.read.timeout = 1000ms (default)
2022-08-20 07:52:54,446 [pool-356-thread-1] INFO  server.RaftServerConfigKeys (ConfUtils.java:logGet(46)) - raft.server.log.segment.size.max = 1048576 (custom)
2022-08-20 07:52:54,446 [pool-356-thread-1] INFO  server.RaftServerConfigKeys (ConfUtils.java:logGet(46)) - raft.server.log.segment.cache.num.max = 2 (custom)
2022-08-20 07:52:54,446 [pool-356-thread-1] INFO  server.RaftServerConfigKeys (ConfUtils.java:logGet(46)) - raft.server.log.segment.cache.size.max = 200MB (=209715200) (default)
2022-08-20 07:52:54,446 [pool-356-thread-1] INFO  segmented.SegmentedRaftLogWorker (SegmentedRaftLogWorker.java:<init>(187)) - new c9e3b08e-4472-4268-809a-be763a4c0fdf@group-9662C4E467C8-SegmentedRaftLogWorker for RaftStorageImpl:Storage Directory /home/runner/work/ozone/ozone/hadoop-ozone/integration-test/target/test-dir/MiniOzoneClusterImpl-944d7f12-74bf-410a-af98-bfd2a7f98119/datanode-1/data/ratis/675e617e-d017-4b9f-9064-9662c4e467c8
2022-08-20 07:52:54,446 [pool-356-thread-1] INFO  server.RaftServerConfigKeys (ConfUtils.java:logGet(46)) - raft.server.log.queue.byte-limit = 4294967296 (custom)
2022-08-20 07:52:54,446 [pool-356-thread-1] INFO  server.RaftServerConfigKeys (ConfUtils.java:logGet(46)) - raft.server.log.queue.element-limit = 1024 (custom)
2022-08-20 07:52:54,446 [pool-356-thread-1] INFO  server.RaftServerConfigKeys (ConfUtils.java:logGet(46)) - raft.server.log.segment.size.max = 1048576 (custom)
2022-08-20 07:52:54,446 [pool-356-thread-1] INFO  server.RaftServerConfigKeys (ConfUtils.java:logGet(46)) - raft.server.log.preallocated.size = 16384 (custom)
2022-08-20 07:52:54,446 [pool-356-thread-1] INFO  server.RaftServerConfigKeys (ConfUtils.java:logGet(46)) - raft.server.log.force.sync.num = 128 (default)
2022-08-20 07:52:54,446 [pool-356-thread-1] INFO  server.RaftServerConfigKeys (ConfUtils.java:logGet(46)) - raft.server.log.statemachine.data.sync = true (default)
2022-08-20 07:52:54,446 [pool-356-thread-1] INFO  server.RaftServerConfigKeys (ConfUtils.java:logGet(46)) - raft.server.log.statemachine.data.sync.timeout = 10s (default)
2022-08-20 07:52:54,446 [pool-356-thread-1] INFO  server.RaftServerConfigKeys (ConfUtils.java:logGet(46)) - raft.server.log.statemachine.data.sync.timeout.retry = -1 (default)
2022-08-20 07:52:54,447 [pool-356-thread-1] INFO  server.RaftServerConfigKeys (ConfUtils.java:logGet(46)) - raft.server.log.write.buffer.size = 1048576 (custom)
2022-08-20 07:52:54,448 [pool-356-thread-1] INFO  server.RaftServerConfigKeys (ConfUtils.java:logGet(46)) - raft.server.log.unsafe-flush.enabled = false (default)
2022-08-20 07:52:54,448 [pool-356-thread-1] INFO  server.RaftServerConfigKeys (ConfUtils.java:logGet(46)) - raft.server.log.statemachine.data.caching.enabled = true (custom)
2022-08-20 07:52:54,448 [pool-356-thread-1] INFO  segmented.SegmentedRaftLogWorker (SegmentedRaftLogWorker.java:lambda$new$0(135)) - c9e3b08e-4472-4268-809a-be763a4c0fdf@group-9662C4E467C8-SegmentedRaftLogWorker: flushIndex: setUnconditionally 0 -> -1
2022-08-20 07:52:54,448 [pool-356-thread-1] INFO  segmented.SegmentedRaftLogWorker (SegmentedRaftLogWorker.java:lambda$new$0(135)) - c9e3b08e-4472-4268-809a-be763a4c0fdf@group-9662C4E467C8-SegmentedRaftLogWorker: safeCacheEvictIndex: setUnconditionally 0 -> -1
2022-08-20 07:52:54,448 [EventQueue-PipelineReportForPipelineReportHandler] INFO  pipeline.PipelineManagerImpl (PipelineManagerImpl.java:openPipeline(367)) - Pipeline Pipeline[ Id: 675e617e-d017-4b9f-9064-9662c4e467c8, Nodes: c9e3b08e-4472-4268-809a-be763a4c0fdf{ip: 10.1.0.10, host: fv-az58-577.v01ewlpc0lrezph5nvg1m2rhcd.cx.internal.cloudapp.net, ports: [REPLICATION=34641, RATIS=45857, RATIS_ADMIN=45857, RATIS_SERVER=45857, STANDALONE=41245], networkLocation: /default-rack, certSerialId: null, persistedOpState: IN_SERVICE, persistedOpStateExpiryEpochSec: 0}, ReplicationConfig: RATIS/ONE, State:ALLOCATED, leaderId:c9e3b08e-4472-4268-809a-be763a4c0fdf, CreationTimestamp2022-08-20T07:52:51.441Z[Etc/UTC]] moved to OPEN state
2022-08-20 07:52:54,449 [EventQueue-OpenPipelineForHealthyPipelineSafeModeRule] INFO  safemode.SCMSafeModeManager (HealthyPipelineSafeModeRule.java:process(137)) - SCM in safe mode. Healthy pipelines reported count is 0, required healthy pipeline reported count is 1
2022-08-20 07:52:54,454 [pool-356-thread-1] INFO  server.RaftServerConfigKeys (ConfUtils.java:logGet(46)) - raft.server.snapshot.auto.trigger.enabled = true (custom)
2022-08-20 07:52:54,454 [pool-356-thread-1] INFO  server.RaftServerConfigKeys (ConfUtils.java:logGet(46)) - raft.server.snapshot.auto.trigger.threshold = 10000 (custom)
2022-08-20 07:52:54,454 [pool-356-thread-1] INFO  server.RaftServerConfigKeys (ConfUtils.java:logGet(46)) - raft.server.snapshot.retention.file.num = 5 (custom)
2022-08-20 07:52:54,454 [pool-356-thread-1] INFO  server.RaftServerConfigKeys (ConfUtils.java:logGet(46)) - raft.server.log.purge.upto.snapshot.index = false (default)
2022-08-20 07:52:54,454 [pool-356-thread-1] INFO  server.RaftServerConfigKeys (ConfUtils.java:logGet(46)) - raft.server.retrycache.expirytime = 600000ms (custom)
2022-08-20 07:52:54,454 [pool-356-thread-1] INFO  server.RaftServerConfigKeys (ConfUtils.java:logGet(46)) - raft.server.retrycache.statistics.expirytime = 100μs (default)
2022-08-20 07:52:54,455 [pool-356-thread-1] INFO  server.RaftServerConfigKeys (ConfUtils.java:logGet(46)) - raft.server.log.appender.install.snapshot.enabled = false (custom)
2022-08-20 07:52:54,455 [pool-356-thread-1] INFO  server.RaftServerConfigKeys (ConfUtils.java:logGet(46)) - raft.server.threadpool.server.cached = true (default)
2022-08-20 07:52:54,455 [pool-356-thread-1] INFO  server.RaftServerConfigKeys (ConfUtils.java:logGet(46)) - raft.server.threadpool.server.size = 0 (default)
2022-08-20 07:52:54,456 [pool-356-thread-1] INFO  server.RaftServerConfigKeys (ConfUtils.java:logGet(46)) - raft.server.threadpool.client.cached = true (default)
2022-08-20 07:52:54,456 [pool-356-thread-1] INFO  server.RaftServerConfigKeys (ConfUtils.java:logGet(46)) - raft.server.threadpool.client.size = 0 (default)
2022-08-20 07:52:54,458 [pool-356-thread-1] INFO  server.RaftServer$Division (RaftServerImpl.java:start(310)) - c9e3b08e-4472-4268-809a-be763a4c0fdf@group-9662C4E467C8: start as a follower, conf=-1: [c9e3b08e-4472-4268-809a-be763a4c0fdf|rpc:10.1.0.10:45857|priority:1], old=null
2022-08-20 07:52:54,458 [pool-356-thread-1] INFO  server.RaftServer$Division (RaftServerImpl.java:setRole(299)) - c9e3b08e-4472-4268-809a-be763a4c0fdf@group-9662C4E467C8: changes role from      null to FOLLOWER at term 0 for startAsFollower
2022-08-20 07:52:54,458 [pool-356-thread-1] INFO  impl.RoleInfo (RoleInfo.java:updateAndGet(139)) - c9e3b08e-4472-4268-809a-be763a4c0fdf: start c9e3b08e-4472-4268-809a-be763a4c0fdf@group-9662C4E467C8-FollowerState
2022-08-20 07:52:54,462 [pool-356-thread-1] INFO  util.JmxRegister (JmxRegister.java:tryRegister(44)) - Successfully registered JMX Bean with object name Ratis:service=RaftServer,group=group-9662C4E467C8,id=c9e3b08e-4472-4268-809a-be763a4c0fdf
2022-08-20 07:52:54,466 [Command processor thread] INFO  ratis.XceiverServerRatis (XceiverServerRatis.java:addGroup(765)) - Created group PipelineID=675e617e-d017-4b9f-9064-9662c4e467c8
2022-08-20 07:52:54,466 [Command processor thread] INFO  commandhandler.CreatePipelineCommandHandler (CreatePipelineCommandHandler.java:handle(113)) - Created Pipeline RATIS ONE PipelineID=675e617e-d017-4b9f-9064-9662c4e467c8.
2022-08-20 07:52:54,466 [Command processor thread] INFO  server.RaftServer (RaftServerProxy.java:addNew(96)) - c9e3b08e-4472-4268-809a-be763a4c0fdf: addNew group-8E3261B42936:[9b8f87c8-445f-40fe-97ae-2bc30a04beb5|rpc:10.1.0.10:43397|priority:0, 7d464b4c-0df7-4a5f-b174-b285aa9576d2|rpc:10.1.0.10:43361|priority:0, c9e3b08e-4472-4268-809a-be763a4c0fdf|rpc:10.1.0.10:45857|priority:1] returns group-8E3261B42936:java.util.concurrent.CompletableFuture@e9d0545[Not completed]
2022-08-20 07:52:54,469 [pool-356-thread-1] INFO  server.RaftServer$Division (RaftServerImpl.java:<init>(190)) - c9e3b08e-4472-4268-809a-be763a4c0fdf: new RaftServerImpl for group-8E3261B42936:[9b8f87c8-445f-40fe-97ae-2bc30a04beb5|rpc:10.1.0.10:43397|priority:0, 7d464b4c-0df7-4a5f-b174-b285aa9576d2|rpc:10.1.0.10:43361|priority:0, c9e3b08e-4472-4268-809a-be763a4c0fdf|rpc:10.1.0.10:45857|priority:1] with ContainerStateMachine:uninitialized
2022-08-20 07:52:54,469 [pool-356-thread-1] INFO  server.RaftServerConfigKeys (ConfUtils.java:logGet(46)) - raft.server.rpc.timeout.min = 5s (custom)
2022-08-20 07:52:54,469 [pool-356-thread-1] INFO  server.RaftServerConfigKeys (ConfUtils.java:logGet(46)) - raft.server.rpc.timeout.max = 5200ms (custom)
2022-08-20 07:52:54,469 [pool-356-thread-1] INFO  server.RaftServerConfigKeys (ConfUtils.java:logGet(46)) - raft.server.rpc.sleep.time = 25ms (default)
2022-08-20 07:52:54,469 [pool-356-thread-1] INFO  server.RaftServerConfigKeys (ConfUtils.java:logGet(46)) - raft.server.rpc.slowness.timeout = 300s (custom)
2022-08-20 07:52:54,469 [pool-356-thread-1] INFO  server.RaftServerConfigKeys (ConfUtils.java:logGet(46)) - raft.server.leaderelection.leader.step-down.wait-time = 10s (default)
2022-08-20 07:52:54,469 [pool-356-thread-1] INFO  server.RaftServerConfigKeys (ConfUtils.java:logGet(46)) - raft.server.sleep.deviation.threshold = 300ms (default)
2022-08-20 07:52:54,470 [pool-356-thread-1] INFO  server.RaftServer$Division (ServerState.java:<init>(107)) - c9e3b08e-4472-4268-809a-be763a4c0fdf@group-8E3261B42936: ConfigurationManager, init=-1: [9b8f87c8-445f-40fe-97ae-2bc30a04beb5|rpc:10.1.0.10:43397|priority:0, 7d464b4c-0df7-4a5f-b174-b285aa9576d2|rpc:10.1.0.10:43361|priority:0, c9e3b08e-4472-4268-809a-be763a4c0fdf|rpc:10.1.0.10:45857|priority:1], old=null, confs=<EMPTY_MAP>
2022-08-20 07:52:54,470 [pool-356-thread-1] INFO  server.RaftServerConfigKeys (ConfUtils.java:logGet(46)) - raft.server.storage.dir = [/home/runner/work/ozone/ozone/hadoop-ozone/integration-test/target/test-dir/MiniOzoneClusterImpl-944d7f12-74bf-410a-af98-bfd2a7f98119/datanode-1/data/ratis] (custom)
2022-08-20 07:52:54,470 [pool-356-thread-1] INFO  server.RaftServerConfigKeys (ConfUtils.java:logGet(46)) - raft.server.log.corruption.policy = EXCEPTION (default)
2022-08-20 07:52:54,470 [pool-356-thread-1] INFO  server.RaftServerConfigKeys (ConfUtils.java:logGet(46)) - raft.server.storage.free-space.min = 0MB (=0) (default)
2022-08-20 07:52:54,470 [pool-356-thread-1] INFO  storage.RaftStorageDirectory (RaftStorageDirectoryImpl.java:analyzeStorage(135)) - The storage directory /home/runner/work/ozone/ozone/hadoop-ozone/integration-test/target/test-dir/MiniOzoneClusterImpl-944d7f12-74bf-410a-af98-bfd2a7f98119/datanode-1/data/ratis/c58777af-1558-48c2-a032-8e3261b42936 does not exist. Creating ...
2022-08-20 07:52:54,474 [pool-356-thread-1] INFO  storage.RaftStorageDirectory (RaftStorageDirectoryImpl.java:tryLock(230)) - Lock on /home/runner/work/ozone/ozone/hadoop-ozone/integration-test/target/test-dir/MiniOzoneClusterImpl-944d7f12-74bf-410a-af98-bfd2a7f98119/datanode-1/data/ratis/c58777af-1558-48c2-a032-8e3261b42936/in_use.lock acquired by nodename 1881@fv-az58-577
2022-08-20 07:52:54,476 [pool-356-thread-1] INFO  storage.RaftStorage (RaftStorageImpl.java:format(89)) - Storage directory /home/runner/work/ozone/ozone/hadoop-ozone/integration-test/target/test-dir/MiniOzoneClusterImpl-944d7f12-74bf-410a-af98-bfd2a7f98119/datanode-1/data/ratis/c58777af-1558-48c2-a032-8e3261b42936 has been successfully formatted.
2022-08-20 07:52:54,482 [pool-356-thread-1] INFO  ratis.ContainerStateMachine (ContainerStateMachine.java:loadSnapshot(236)) - group-8E3261B42936: The snapshot info is null. Setting the last applied indexto:(t:0, i:~)
2022-08-20 07:52:54,482 [pool-356-thread-1] INFO  server.RaftServerConfigKeys (ConfUtils.java:logGet(46)) - raft.server.notification.no-leader.timeout = 300s (custom)
2022-08-20 07:52:54,482 [pool-356-thread-1] INFO  server.RaftServerConfigKeys (ConfUtils.java:logGet(46)) - raft.server.log.use.memory = false (default)
2022-08-20 07:52:54,482 [pool-356-thread-1] INFO  server.RaftServerConfigKeys (ConfUtils.java:logGet(46)) - raft.server.log.purge.gap = 1000000 (custom)
2022-08-20 07:52:54,482 [pool-356-thread-1] INFO  server.RaftServerConfigKeys (ConfUtils.java:logGet(46)) - raft.server.log.appender.buffer.byte-limit = 33554432 (custom)
2022-08-20 07:52:54,482 [pool-356-thread-1] INFO  server.RaftServerConfigKeys (ConfUtils.java:logGet(46)) - raft.server.log.statemachine.data.read.timeout = 1000ms (default)
2022-08-20 07:52:54,482 [pool-356-thread-1] INFO  server.RaftServerConfigKeys (ConfUtils.java:logGet(46)) - raft.server.log.segment.size.max = 1048576 (custom)
2022-08-20 07:52:54,483 [pool-356-thread-1] INFO  server.RaftServerConfigKeys (ConfUtils.java:logGet(46)) - raft.server.log.segment.cache.num.max = 2 (custom)
2022-08-20 07:52:54,483 [pool-356-thread-1] INFO  server.RaftServerConfigKeys (ConfUtils.java:logGet(46)) - raft.server.log.segment.cache.size.max = 200MB (=209715200) (default)
2022-08-20 07:52:54,483 [pool-356-thread-1] INFO  segmented.SegmentedRaftLogWorker (SegmentedRaftLogWorker.java:<init>(187)) - new c9e3b08e-4472-4268-809a-be763a4c0fdf@group-8E3261B42936-SegmentedRaftLogWorker for RaftStorageImpl:Storage Directory /home/runner/work/ozone/ozone/hadoop-ozone/integration-test/target/test-dir/MiniOzoneClusterImpl-944d7f12-74bf-410a-af98-bfd2a7f98119/datanode-1/data/ratis/c58777af-1558-48c2-a032-8e3261b42936
2022-08-20 07:52:54,483 [pool-356-thread-1] INFO  server.RaftServerConfigKeys (ConfUtils.java:logGet(46)) - raft.server.log.queue.byte-limit = 4294967296 (custom)
2022-08-20 07:52:54,483 [pool-356-thread-1] INFO  server.RaftServerConfigKeys (ConfUtils.java:logGet(46)) - raft.server.log.queue.element-limit = 1024 (custom)
2022-08-20 07:52:54,483 [pool-356-thread-1] INFO  server.RaftServerConfigKeys (ConfUtils.java:logGet(46)) - raft.server.log.segment.size.max = 1048576 (custom)
2022-08-20 07:52:54,483 [pool-356-thread-1] INFO  server.RaftServerConfigKeys (ConfUtils.java:logGet(46)) - raft.server.log.preallocated.size = 16384 (custom)
2022-08-20 07:52:54,483 [pool-356-thread-1] INFO  server.RaftServerConfigKeys (ConfUtils.java:logGet(46)) - raft.server.log.force.sync.num = 128 (default)
2022-08-20 07:52:54,483 [pool-356-thread-1] INFO  server.RaftServerConfigKeys (ConfUtils.java:logGet(46)) - raft.server.log.statemachine.data.sync = true (default)
2022-08-20 07:52:54,483 [pool-356-thread-1] INFO  server.RaftServerConfigKeys (ConfUtils.java:logGet(46)) - raft.server.log.statemachine.data.sync.timeout = 10s (default)
2022-08-20 07:52:54,483 [pool-356-thread-1] INFO  server.RaftServerConfigKeys (ConfUtils.java:logGet(46)) - raft.server.log.statemachine.data.sync.timeout.retry = -1 (default)
2022-08-20 07:52:54,484 [pool-356-thread-1] INFO  server.RaftServerConfigKeys (ConfUtils.java:logGet(46)) - raft.server.log.write.buffer.size = 1048576 (custom)
2022-08-20 07:52:54,485 [pool-356-thread-1] INFO  server.RaftServerConfigKeys (ConfUtils.java:logGet(46)) - raft.server.log.unsafe-flush.enabled = false (default)
2022-08-20 07:52:54,485 [pool-356-thread-1] INFO  server.RaftServerConfigKeys (ConfUtils.java:logGet(46)) - raft.server.log.statemachine.data.caching.enabled = true (custom)
2022-08-20 07:52:54,485 [pool-356-thread-1] INFO  segmented.SegmentedRaftLogWorker (SegmentedRaftLogWorker.java:lambda$new$0(135)) - c9e3b08e-4472-4268-809a-be763a4c0fdf@group-8E3261B42936-SegmentedRaftLogWorker: flushIndex: setUnconditionally 0 -> -1
2022-08-20 07:52:54,485 [pool-356-thread-1] INFO  segmented.SegmentedRaftLogWorker (SegmentedRaftLogWorker.java:lambda$new$0(135)) - c9e3b08e-4472-4268-809a-be763a4c0fdf@group-8E3261B42936-SegmentedRaftLogWorker: safeCacheEvictIndex: setUnconditionally 0 -> -1
2022-08-20 07:52:54,486 [EventQueue-OpenPipelineForHealthyPipelineSafeModeRule] INFO  safemode.SCMSafeModeManager (HealthyPipelineSafeModeRule.java:process(137)) - SCM in safe mode. Healthy pipelines reported count is 0, required healthy pipeline reported count is 1
2022-08-20 07:52:54,504 [pool-356-thread-1] INFO  server.RaftServerConfigKeys (ConfUtils.java:logGet(46)) - raft.server.snapshot.auto.trigger.enabled = true (custom)
2022-08-20 07:52:54,505 [pool-356-thread-1] INFO  server.RaftServerConfigKeys (ConfUtils.java:logGet(46)) - raft.server.snapshot.auto.trigger.threshold = 10000 (custom)
2022-08-20 07:52:54,505 [pool-356-thread-1] INFO  server.RaftServerConfigKeys (ConfUtils.java:logGet(46)) - raft.server.snapshot.retention.file.num = 5 (custom)
2022-08-20 07:52:54,505 [pool-356-thread-1] INFO  server.RaftServerConfigKeys (ConfUtils.java:logGet(46)) - raft.server.log.purge.upto.snapshot.index = false (default)
2022-08-20 07:52:54,505 [pool-356-thread-1] INFO  server.RaftServerConfigKeys (ConfUtils.java:logGet(46)) - raft.server.retrycache.expirytime = 600000ms (custom)
2022-08-20 07:52:54,505 [pool-356-thread-1] INFO  server.RaftServerConfigKeys (ConfUtils.java:logGet(46)) - raft.server.retrycache.statistics.expirytime = 100μs (default)
2022-08-20 07:52:54,506 [pool-356-thread-1] INFO  server.RaftServerConfigKeys (ConfUtils.java:logGet(46)) - raft.server.log.appender.install.snapshot.enabled = false (custom)
2022-08-20 07:52:54,506 [pool-356-thread-1] INFO  server.RaftServerConfigKeys (ConfUtils.java:logGet(46)) - raft.server.threadpool.server.cached = true (default)
2022-08-20 07:52:54,506 [pool-356-thread-1] INFO  server.RaftServerConfigKeys (ConfUtils.java:logGet(46)) - raft.server.threadpool.server.size = 0 (default)
2022-08-20 07:52:54,506 [pool-356-thread-1] INFO  server.RaftServerConfigKeys (ConfUtils.java:logGet(46)) - raft.server.threadpool.client.cached = true (default)
2022-08-20 07:52:54,506 [pool-356-thread-1] INFO  server.RaftServerConfigKeys (ConfUtils.java:logGet(46)) - raft.server.threadpool.client.size = 0 (default)
2022-08-20 07:52:54,506 [pool-356-thread-1] INFO  server.RaftServer$Division (RaftServerImpl.java:start(310)) - c9e3b08e-4472-4268-809a-be763a4c0fdf@group-8E3261B42936: start as a follower, conf=-1: [9b8f87c8-445f-40fe-97ae-2bc30a04beb5|rpc:10.1.0.10:43397|priority:0, 7d464b4c-0df7-4a5f-b174-b285aa9576d2|rpc:10.1.0.10:43361|priority:0, c9e3b08e-4472-4268-809a-be763a4c0fdf|rpc:10.1.0.10:45857|priority:1], old=null
2022-08-20 07:52:54,506 [pool-356-thread-1] INFO  server.RaftServer$Division (RaftServerImpl.java:setRole(299)) - c9e3b08e-4472-4268-809a-be763a4c0fdf@group-8E3261B42936: changes role from      null to FOLLOWER at term 0 for startAsFollower
2022-08-20 07:52:54,506 [pool-356-thread-1] INFO  impl.RoleInfo (RoleInfo.java:updateAndGet(139)) - c9e3b08e-4472-4268-809a-be763a4c0fdf: start c9e3b08e-4472-4268-809a-be763a4c0fdf@group-8E3261B42936-FollowerState
2022-08-20 07:52:54,548 [pool-356-thread-1] INFO  util.JmxRegister (JmxRegister.java:tryRegister(44)) - Successfully registered JMX Bean with object name Ratis:service=RaftServer,group=group-8E3261B42936,id=c9e3b08e-4472-4268-809a-be763a4c0fdf
2022-08-20 07:52:54,549 [Command processor thread] INFO  commandhandler.CreatePipelineCommandHandler (CreatePipelineCommandHandler.java:handle(113)) - Created Pipeline RATIS THREE PipelineID=c58777af-1558-48c2-a032-8e3261b42936.
2022-08-20 07:52:54,549 [Command processor thread] INFO  ratis.XceiverServerRatis (XceiverServerRatis.java:addGroup(765)) - Created group PipelineID=c58777af-1558-48c2-a032-8e3261b42936
2022-08-20 07:52:54,707 [Command processor thread] INFO  commandhandler.CreatePipelineCommandHandler (CreatePipelineCommandHandler.java:handle(113)) - Created Pipeline RATIS THREE PipelineID=c58777af-1558-48c2-a032-8e3261b42936.
2022-08-20 07:52:55,074 [Command processor thread] INFO  server.RaftServer (RaftServerProxy.java:addNew(96)) - 7d464b4c-0df7-4a5f-b174-b285aa9576d2: addNew group-5CEC56CCCE3D:[7d464b4c-0df7-4a5f-b174-b285aa9576d2|rpc:10.1.0.10:43361|priority:1] returns group-5CEC56CCCE3D:java.util.concurrent.CompletableFuture@259e68ee[Not completed]
2022-08-20 07:52:55,075 [pool-379-thread-1] INFO  server.RaftServer$Division (RaftServerImpl.java:<init>(190)) - 7d464b4c-0df7-4a5f-b174-b285aa9576d2: new RaftServerImpl for group-5CEC56CCCE3D:[7d464b4c-0df7-4a5f-b174-b285aa9576d2|rpc:10.1.0.10:43361|priority:1] with ContainerStateMachine:uninitialized
2022-08-20 07:52:55,075 [pool-379-thread-1] INFO  server.RaftServerConfigKeys (ConfUtils.java:logGet(46)) - raft.server.rpc.timeout.min = 5s (custom)
2022-08-20 07:52:55,075 [pool-379-thread-1] INFO  server.RaftServerConfigKeys (ConfUtils.java:logGet(46)) - raft.server.rpc.timeout.max = 5200ms (custom)
2022-08-20 07:52:55,075 [pool-379-thread-1] INFO  server.RaftServerConfigKeys (ConfUtils.java:logGet(46)) - raft.server.rpc.sleep.time = 25ms (default)
2022-08-20 07:52:55,075 [pool-379-thread-1] INFO  server.RaftServerConfigKeys (ConfUtils.java:logGet(46)) - raft.server.rpc.slowness.timeout = 300s (custom)
2022-08-20 07:52:55,075 [pool-379-thread-1] INFO  server.RaftServerConfigKeys (ConfUtils.java:logGet(46)) - raft.server.leaderelection.leader.step-down.wait-time = 10s (default)
2022-08-20 07:52:55,075 [pool-379-thread-1] INFO  server.RaftServerConfigKeys (ConfUtils.java:logGet(46)) - raft.server.sleep.deviation.threshold = 300ms (default)
2022-08-20 07:52:55,076 [pool-379-thread-1] INFO  server.RaftServer$Division (ServerState.java:<init>(107)) - 7d464b4c-0df7-4a5f-b174-b285aa9576d2@group-5CEC56CCCE3D: ConfigurationManager, init=-1: [7d464b4c-0df7-4a5f-b174-b285aa9576d2|rpc:10.1.0.10:43361|priority:1], old=null, confs=<EMPTY_MAP>
2022-08-20 07:52:55,076 [pool-379-thread-1] INFO  server.RaftServerConfigKeys (ConfUtils.java:logGet(46)) - raft.server.storage.dir = [/home/runner/work/ozone/ozone/hadoop-ozone/integration-test/target/test-dir/MiniOzoneClusterImpl-944d7f12-74bf-410a-af98-bfd2a7f98119/datanode-2/data/ratis] (custom)
2022-08-20 07:52:55,076 [pool-379-thread-1] INFO  server.RaftServerConfigKeys (ConfUtils.java:logGet(46)) - raft.server.log.corruption.policy = EXCEPTION (default)
2022-08-20 07:52:55,076 [pool-379-thread-1] INFO  server.RaftServerConfigKeys (ConfUtils.java:logGet(46)) - raft.server.storage.free-space.min = 0MB (=0) (default)
2022-08-20 07:52:55,076 [pool-379-thread-1] INFO  storage.RaftStorageDirectory (RaftStorageDirectoryImpl.java:analyzeStorage(135)) - The storage directory /home/runner/work/ozone/ozone/hadoop-ozone/integration-test/target/test-dir/MiniOzoneClusterImpl-944d7f12-74bf-410a-af98-bfd2a7f98119/datanode-2/data/ratis/de5cf736-ced6-4cd8-9721-5cec56ccce3d does not exist. Creating ...
2022-08-20 07:52:55,077 [pool-379-thread-1] INFO  storage.RaftStorageDirectory (RaftStorageDirectoryImpl.java:tryLock(230)) - Lock on /home/runner/work/ozone/ozone/hadoop-ozone/integration-test/target/test-dir/MiniOzoneClusterImpl-944d7f12-74bf-410a-af98-bfd2a7f98119/datanode-2/data/ratis/de5cf736-ced6-4cd8-9721-5cec56ccce3d/in_use.lock acquired by nodename 1881@fv-az58-577
2022-08-20 07:52:55,079 [pool-379-thread-1] INFO  storage.RaftStorage (RaftStorageImpl.java:format(89)) - Storage directory /home/runner/work/ozone/ozone/hadoop-ozone/integration-test/target/test-dir/MiniOzoneClusterImpl-944d7f12-74bf-410a-af98-bfd2a7f98119/datanode-2/data/ratis/de5cf736-ced6-4cd8-9721-5cec56ccce3d has been successfully formatted.
2022-08-20 07:52:55,080 [pool-379-thread-1] INFO  ratis.ContainerStateMachine (ContainerStateMachine.java:loadSnapshot(236)) - group-5CEC56CCCE3D: The snapshot info is null. Setting the last applied indexto:(t:0, i:~)
2022-08-20 07:52:55,080 [pool-379-thread-1] INFO  server.RaftServerConfigKeys (ConfUtils.java:logGet(46)) - raft.server.notification.no-leader.timeout = 300s (custom)
2022-08-20 07:52:55,080 [EventQueue-PipelineReportForPipelineReportHandler] INFO  pipeline.PipelineManagerImpl (PipelineManagerImpl.java:openPipeline(367)) - Pipeline Pipeline[ Id: de5cf736-ced6-4cd8-9721-5cec56ccce3d, Nodes: 7d464b4c-0df7-4a5f-b174-b285aa9576d2{ip: 10.1.0.10, host: fv-az58-577.v01ewlpc0lrezph5nvg1m2rhcd.cx.internal.cloudapp.net, ports: [REPLICATION=39111, RATIS=43361, RATIS_ADMIN=43361, RATIS_SERVER=43361, STANDALONE=41715], networkLocation: /default-rack, certSerialId: null, persistedOpState: IN_SERVICE, persistedOpStateExpiryEpochSec: 0}, ReplicationConfig: RATIS/ONE, State:ALLOCATED, leaderId:7d464b4c-0df7-4a5f-b174-b285aa9576d2, CreationTimestamp2022-08-20T07:52:52.076Z[Etc/UTC]] moved to OPEN state
2022-08-20 07:52:55,081 [EventQueue-OpenPipelineForHealthyPipelineSafeModeRule] INFO  safemode.SCMSafeModeManager (HealthyPipelineSafeModeRule.java:process(137)) - SCM in safe mode. Healthy pipelines reported count is 0, required healthy pipeline reported count is 1
2022-08-20 07:52:55,081 [pool-379-thread-1] INFO  server.RaftServerConfigKeys (ConfUtils.java:logGet(46)) - raft.server.log.use.memory = false (default)
2022-08-20 07:52:55,081 [pool-379-thread-1] INFO  server.RaftServerConfigKeys (ConfUtils.java:logGet(46)) - raft.server.log.purge.gap = 1000000 (custom)
2022-08-20 07:52:55,081 [pool-379-thread-1] INFO  server.RaftServerConfigKeys (ConfUtils.java:logGet(46)) - raft.server.log.appender.buffer.byte-limit = 33554432 (custom)
2022-08-20 07:52:55,081 [pool-379-thread-1] INFO  server.RaftServerConfigKeys (ConfUtils.java:logGet(46)) - raft.server.log.statemachine.data.read.timeout = 1000ms (default)
2022-08-20 07:52:55,082 [pool-379-thread-1] INFO  server.RaftServerConfigKeys (ConfUtils.java:logGet(46)) - raft.server.log.segment.size.max = 1048576 (custom)
2022-08-20 07:52:55,082 [pool-379-thread-1] INFO  server.RaftServerConfigKeys (ConfUtils.java:logGet(46)) - raft.server.log.segment.cache.num.max = 2 (custom)
2022-08-20 07:52:55,082 [pool-379-thread-1] INFO  server.RaftServerConfigKeys (ConfUtils.java:logGet(46)) - raft.server.log.segment.cache.size.max = 200MB (=209715200) (default)
2022-08-20 07:52:55,082 [pool-379-thread-1] INFO  segmented.SegmentedRaftLogWorker (SegmentedRaftLogWorker.java:<init>(187)) - new 7d464b4c-0df7-4a5f-b174-b285aa9576d2@group-5CEC56CCCE3D-SegmentedRaftLogWorker for RaftStorageImpl:Storage Directory /home/runner/work/ozone/ozone/hadoop-ozone/integration-test/target/test-dir/MiniOzoneClusterImpl-944d7f12-74bf-410a-af98-bfd2a7f98119/datanode-2/data/ratis/de5cf736-ced6-4cd8-9721-5cec56ccce3d
2022-08-20 07:52:55,082 [pool-379-thread-1] INFO  server.RaftServerConfigKeys (ConfUtils.java:logGet(46)) - raft.server.log.queue.byte-limit = 4294967296 (custom)
2022-08-20 07:52:55,082 [pool-379-thread-1] INFO  server.RaftServerConfigKeys (ConfUtils.java:logGet(46)) - raft.server.log.queue.element-limit = 1024 (custom)
2022-08-20 07:52:55,082 [pool-379-thread-1] INFO  server.RaftServerConfigKeys (ConfUtils.java:logGet(46)) - raft.server.log.segment.size.max = 1048576 (custom)
2022-08-20 07:52:55,082 [pool-379-thread-1] INFO  server.RaftServerConfigKeys (ConfUtils.java:logGet(46)) - raft.server.log.preallocated.size = 16384 (custom)
2022-08-20 07:52:55,082 [pool-379-thread-1] INFO  server.RaftServerConfigKeys (ConfUtils.java:logGet(46)) - raft.server.log.force.sync.num = 128 (default)
2022-08-20 07:52:55,082 [pool-379-thread-1] INFO  server.RaftServerConfigKeys (ConfUtils.java:logGet(46)) - raft.server.log.statemachine.data.sync = true (default)
2022-08-20 07:52:55,082 [pool-379-thread-1] INFO  server.RaftServerConfigKeys (ConfUtils.java:logGet(46)) - raft.server.log.statemachine.data.sync.timeout = 10s (default)
2022-08-20 07:52:55,085 [pool-379-thread-1] INFO  server.RaftServerConfigKeys (ConfUtils.java:logGet(46)) - raft.server.log.statemachine.data.sync.timeout.retry = -1 (default)
2022-08-20 07:52:55,094 [pool-379-thread-1] INFO  server.RaftServerConfigKeys (ConfUtils.java:logGet(46)) - raft.server.log.write.buffer.size = 1048576 (custom)
2022-08-20 07:52:55,094 [pool-379-thread-1] INFO  server.RaftServerConfigKeys (ConfUtils.java:logGet(46)) - raft.server.log.unsafe-flush.enabled = false (default)
2022-08-20 07:52:55,094 [pool-379-thread-1] INFO  server.RaftServerConfigKeys (ConfUtils.java:logGet(46)) - raft.server.log.statemachine.data.caching.enabled = true (custom)
2022-08-20 07:52:55,095 [pool-379-thread-1] INFO  segmented.SegmentedRaftLogWorker (SegmentedRaftLogWorker.java:lambda$new$0(135)) - 7d464b4c-0df7-4a5f-b174-b285aa9576d2@group-5CEC56CCCE3D-SegmentedRaftLogWorker: flushIndex: setUnconditionally 0 -> -1
2022-08-20 07:52:55,095 [pool-379-thread-1] INFO  segmented.SegmentedRaftLogWorker (SegmentedRaftLogWorker.java:lambda$new$0(135)) - 7d464b4c-0df7-4a5f-b174-b285aa9576d2@group-5CEC56CCCE3D-SegmentedRaftLogWorker: safeCacheEvictIndex: setUnconditionally 0 -> -1
2022-08-20 07:52:55,098 [pool-379-thread-1] INFO  server.RaftServerConfigKeys (ConfUtils.java:logGet(46)) - raft.server.snapshot.auto.trigger.enabled = true (custom)
2022-08-20 07:52:55,098 [pool-379-thread-1] INFO  server.RaftServerConfigKeys (ConfUtils.java:logGet(46)) - raft.server.snapshot.auto.trigger.threshold = 10000 (custom)
2022-08-20 07:52:55,098 [pool-379-thread-1] INFO  server.RaftServerConfigKeys (ConfUtils.java:logGet(46)) - raft.server.snapshot.retention.file.num = 5 (custom)
2022-08-20 07:52:55,098 [pool-379-thread-1] INFO  server.RaftServerConfigKeys (ConfUtils.java:logGet(46)) - raft.server.log.purge.upto.snapshot.index = false (default)
2022-08-20 07:52:55,098 [pool-379-thread-1] INFO  server.RaftServerConfigKeys (ConfUtils.java:logGet(46)) - raft.server.retrycache.expirytime = 600000ms (custom)
2022-08-20 07:52:55,098 [pool-379-thread-1] INFO  server.RaftServerConfigKeys (ConfUtils.java:logGet(46)) - raft.server.retrycache.statistics.expirytime = 100μs (default)
2022-08-20 07:52:55,099 [pool-379-thread-1] INFO  server.RaftServerConfigKeys (ConfUtils.java:logGet(46)) - raft.server.log.appender.install.snapshot.enabled = false (custom)
2022-08-20 07:52:55,099 [pool-379-thread-1] INFO  server.RaftServerConfigKeys (ConfUtils.java:logGet(46)) - raft.server.threadpool.server.cached = true (default)
2022-08-20 07:52:55,099 [pool-379-thread-1] INFO  server.RaftServerConfigKeys (ConfUtils.java:logGet(46)) - raft.server.threadpool.server.size = 0 (default)
2022-08-20 07:52:55,099 [pool-379-thread-1] INFO  server.RaftServerConfigKeys (ConfUtils.java:logGet(46)) - raft.server.threadpool.client.cached = true (default)
2022-08-20 07:52:55,099 [pool-379-thread-1] INFO  server.RaftServerConfigKeys (ConfUtils.java:logGet(46)) - raft.server.threadpool.client.size = 0 (default)
2022-08-20 07:52:55,099 [pool-379-thread-1] INFO  server.RaftServer$Division (RaftServerImpl.java:start(310)) - 7d464b4c-0df7-4a5f-b174-b285aa9576d2@group-5CEC56CCCE3D: start as a follower, conf=-1: [7d464b4c-0df7-4a5f-b174-b285aa9576d2|rpc:10.1.0.10:43361|priority:1], old=null
2022-08-20 07:52:55,099 [pool-379-thread-1] INFO  server.RaftServer$Division (RaftServerImpl.java:setRole(299)) - 7d464b4c-0df7-4a5f-b174-b285aa9576d2@group-5CEC56CCCE3D: changes role from      null to FOLLOWER at term 0 for startAsFollower
2022-08-20 07:52:55,099 [pool-379-thread-1] INFO  impl.RoleInfo (RoleInfo.java:updateAndGet(139)) - 7d464b4c-0df7-4a5f-b174-b285aa9576d2: start 7d464b4c-0df7-4a5f-b174-b285aa9576d2@group-5CEC56CCCE3D-FollowerState
2022-08-20 07:52:55,110 [pool-379-thread-1] INFO  util.JmxRegister (JmxRegister.java:tryRegister(44)) - Successfully registered JMX Bean with object name Ratis:service=RaftServer,group=group-5CEC56CCCE3D,id=7d464b4c-0df7-4a5f-b174-b285aa9576d2
2022-08-20 07:52:55,131 [Command processor thread] INFO  ratis.XceiverServerRatis (XceiverServerRatis.java:addGroup(765)) - Created group PipelineID=de5cf736-ced6-4cd8-9721-5cec56ccce3d
2022-08-20 07:52:55,131 [Command processor thread] INFO  commandhandler.CreatePipelineCommandHandler (CreatePipelineCommandHandler.java:handle(113)) - Created Pipeline RATIS ONE PipelineID=de5cf736-ced6-4cd8-9721-5cec56ccce3d.
2022-08-20 07:52:55,410 [Listener at 127.0.0.1/35463] INFO  ozone.MiniOzoneClusterImpl (MiniOzoneClusterImpl.java:lambda$waitForClusterToBeReady$0(216)) - Nodes are ready. Got 5 of 5 DN Heartbeats.
2022-08-20 07:52:55,410 [Listener at 127.0.0.1/35463] INFO  ozone.MiniOzoneClusterImpl (MiniOzoneClusterImpl.java:lambda$waitForClusterToBeReady$0(219)) - Waiting for cluster to exit safe mode
2022-08-20 07:52:55,410 [Listener at 127.0.0.1/35463] INFO  ozone.MiniOzoneClusterImpl (MiniOzoneClusterImpl.java:lambda$waitForClusterToBeReady$0(221)) - SCM became leader
2022-08-20 07:52:55,804 [Command processor thread] INFO  server.RaftServer (RaftServerProxy.java:addNew(96)) - b9d8039b-b7df-40fa-a602-f2ca89962f7c: addNew group-D3B5092BAFA5:[b9d8039b-b7df-40fa-a602-f2ca89962f7c|rpc:10.1.0.10:43069|priority:1] returns group-D3B5092BAFA5:java.util.concurrent.CompletableFuture@67f45282[Not completed]
2022-08-20 07:52:55,818 [pool-402-thread-1] INFO  server.RaftServer$Division (RaftServerImpl.java:<init>(190)) - b9d8039b-b7df-40fa-a602-f2ca89962f7c: new RaftServerImpl for group-D3B5092BAFA5:[b9d8039b-b7df-40fa-a602-f2ca89962f7c|rpc:10.1.0.10:43069|priority:1] with ContainerStateMachine:uninitialized
2022-08-20 07:52:55,818 [pool-402-thread-1] INFO  server.RaftServerConfigKeys (ConfUtils.java:logGet(46)) - raft.server.rpc.timeout.min = 5s (custom)
2022-08-20 07:52:55,818 [pool-402-thread-1] INFO  server.RaftServerConfigKeys (ConfUtils.java:logGet(46)) - raft.server.rpc.timeout.max = 5200ms (custom)
2022-08-20 07:52:55,818 [pool-402-thread-1] INFO  server.RaftServerConfigKeys (ConfUtils.java:logGet(46)) - raft.server.rpc.sleep.time = 25ms (default)
2022-08-20 07:52:55,818 [pool-402-thread-1] INFO  server.RaftServerConfigKeys (ConfUtils.java:logGet(46)) - raft.server.rpc.slowness.timeout = 300s (custom)
2022-08-20 07:52:55,818 [pool-402-thread-1] INFO  server.RaftServerConfigKeys (ConfUtils.java:logGet(46)) - raft.server.leaderelection.leader.step-down.wait-time = 10s (default)
2022-08-20 07:52:55,818 [pool-402-thread-1] INFO  server.RaftServerConfigKeys (ConfUtils.java:logGet(46)) - raft.server.sleep.deviation.threshold = 300ms (default)
2022-08-20 07:52:55,818 [pool-402-thread-1] INFO  server.RaftServer$Division (ServerState.java:<init>(107)) - b9d8039b-b7df-40fa-a602-f2ca89962f7c@group-D3B5092BAFA5: ConfigurationManager, init=-1: [b9d8039b-b7df-40fa-a602-f2ca89962f7c|rpc:10.1.0.10:43069|priority:1], old=null, confs=<EMPTY_MAP>
2022-08-20 07:52:55,818 [pool-402-thread-1] INFO  server.RaftServerConfigKeys (ConfUtils.java:logGet(46)) - raft.server.storage.dir = [/home/runner/work/ozone/ozone/hadoop-ozone/integration-test/target/test-dir/MiniOzoneClusterImpl-944d7f12-74bf-410a-af98-bfd2a7f98119/datanode-3/data/ratis] (custom)
2022-08-20 07:52:55,818 [pool-402-thread-1] INFO  server.RaftServerConfigKeys (ConfUtils.java:logGet(46)) - raft.server.log.corruption.policy = EXCEPTION (default)
2022-08-20 07:52:55,818 [pool-402-thread-1] INFO  server.RaftServerConfigKeys (ConfUtils.java:logGet(46)) - raft.server.storage.free-space.min = 0MB (=0) (default)
2022-08-20 07:52:55,819 [pool-402-thread-1] INFO  storage.RaftStorageDirectory (RaftStorageDirectoryImpl.java:analyzeStorage(135)) - The storage directory /home/runner/work/ozone/ozone/hadoop-ozone/integration-test/target/test-dir/MiniOzoneClusterImpl-944d7f12-74bf-410a-af98-bfd2a7f98119/datanode-3/data/ratis/0d9f6d03-c50e-4535-8889-d3b5092bafa5 does not exist. Creating ...
2022-08-20 07:52:55,820 [pool-402-thread-1] INFO  storage.RaftStorageDirectory (RaftStorageDirectoryImpl.java:tryLock(230)) - Lock on /home/runner/work/ozone/ozone/hadoop-ozone/integration-test/target/test-dir/MiniOzoneClusterImpl-944d7f12-74bf-410a-af98-bfd2a7f98119/datanode-3/data/ratis/0d9f6d03-c50e-4535-8889-d3b5092bafa5/in_use.lock acquired by nodename 1881@fv-az58-577
2022-08-20 07:52:55,829 [pool-402-thread-1] INFO  storage.RaftStorage (RaftStorageImpl.java:format(89)) - Storage directory /home/runner/work/ozone/ozone/hadoop-ozone/integration-test/target/test-dir/MiniOzoneClusterImpl-944d7f12-74bf-410a-af98-bfd2a7f98119/datanode-3/data/ratis/0d9f6d03-c50e-4535-8889-d3b5092bafa5 has been successfully formatted.
2022-08-20 07:52:55,839 [pool-402-thread-1] INFO  ratis.ContainerStateMachine (ContainerStateMachine.java:loadSnapshot(236)) - group-D3B5092BAFA5: The snapshot info is null. Setting the last applied indexto:(t:0, i:~)
2022-08-20 07:52:55,839 [pool-402-thread-1] INFO  server.RaftServerConfigKeys (ConfUtils.java:logGet(46)) - raft.server.notification.no-leader.timeout = 300s (custom)
2022-08-20 07:52:55,839 [pool-402-thread-1] INFO  server.RaftServerConfigKeys (ConfUtils.java:logGet(46)) - raft.server.log.use.memory = false (default)
2022-08-20 07:52:55,839 [pool-402-thread-1] INFO  server.RaftServerConfigKeys (ConfUtils.java:logGet(46)) - raft.server.log.purge.gap = 1000000 (custom)
2022-08-20 07:52:55,840 [pool-402-thread-1] INFO  server.RaftServerConfigKeys (ConfUtils.java:logGet(46)) - raft.server.log.appender.buffer.byte-limit = 33554432 (custom)
2022-08-20 07:52:55,840 [pool-402-thread-1] INFO  server.RaftServerConfigKeys (ConfUtils.java:logGet(46)) - raft.server.log.statemachine.data.read.timeout = 1000ms (default)
2022-08-20 07:52:55,840 [pool-402-thread-1] INFO  server.RaftServerConfigKeys (ConfUtils.java:logGet(46)) - raft.server.log.segment.size.max = 1048576 (custom)
2022-08-20 07:52:55,840 [pool-402-thread-1] INFO  server.RaftServerConfigKeys (ConfUtils.java:logGet(46)) - raft.server.log.segment.cache.num.max = 2 (custom)
2022-08-20 07:52:55,840 [pool-402-thread-1] INFO  server.RaftServerConfigKeys (ConfUtils.java:logGet(46)) - raft.server.log.segment.cache.size.max = 200MB (=209715200) (default)
2022-08-20 07:52:55,840 [pool-402-thread-1] INFO  segmented.SegmentedRaftLogWorker (SegmentedRaftLogWorker.java:<init>(187)) - new b9d8039b-b7df-40fa-a602-f2ca89962f7c@group-D3B5092BAFA5-SegmentedRaftLogWorker for RaftStorageImpl:Storage Directory /home/runner/work/ozone/ozone/hadoop-ozone/integration-test/target/test-dir/MiniOzoneClusterImpl-944d7f12-74bf-410a-af98-bfd2a7f98119/datanode-3/data/ratis/0d9f6d03-c50e-4535-8889-d3b5092bafa5
2022-08-20 07:52:55,840 [pool-402-thread-1] INFO  server.RaftServerConfigKeys (ConfUtils.java:logGet(46)) - raft.server.log.queue.byte-limit = 4294967296 (custom)
2022-08-20 07:52:55,840 [pool-402-thread-1] INFO  server.RaftServerConfigKeys (ConfUtils.java:logGet(46)) - raft.server.log.queue.element-limit = 1024 (custom)
2022-08-20 07:52:55,840 [pool-402-thread-1] INFO  server.RaftServerConfigKeys (ConfUtils.java:logGet(46)) - raft.server.log.segment.size.max = 1048576 (custom)
2022-08-20 07:52:55,840 [pool-402-thread-1] INFO  server.RaftServerConfigKeys (ConfUtils.java:logGet(46)) - raft.server.log.preallocated.size = 16384 (custom)
2022-08-20 07:52:55,841 [pool-402-thread-1] INFO  server.RaftServerConfigKeys (ConfUtils.java:logGet(46)) - raft.server.log.force.sync.num = 128 (default)
2022-08-20 07:52:55,841 [pool-402-thread-1] INFO  server.RaftServerConfigKeys (ConfUtils.java:logGet(46)) - raft.server.log.statemachine.data.sync = true (default)
2022-08-20 07:52:55,841 [pool-402-thread-1] INFO  server.RaftServerConfigKeys (ConfUtils.java:logGet(46)) - raft.server.log.statemachine.data.sync.timeout = 10s (default)
2022-08-20 07:52:55,841 [pool-402-thread-1] INFO  server.RaftServerConfigKeys (ConfUtils.java:logGet(46)) - raft.server.log.statemachine.data.sync.timeout.retry = -1 (default)
2022-08-20 07:52:55,841 [pool-402-thread-1] INFO  server.RaftServerConfigKeys (ConfUtils.java:logGet(46)) - raft.server.log.write.buffer.size = 1048576 (custom)
2022-08-20 07:52:55,843 [EventQueue-PipelineReportForPipelineReportHandler] INFO  pipeline.PipelineManagerImpl (PipelineManagerImpl.java:openPipeline(367)) - Pipeline Pipeline[ Id: 0d9f6d03-c50e-4535-8889-d3b5092bafa5, Nodes: b9d8039b-b7df-40fa-a602-f2ca89962f7c{ip: 10.1.0.10, host: fv-az58-577.v01ewlpc0lrezph5nvg1m2rhcd.cx.internal.cloudapp.net, ports: [REPLICATION=36047, RATIS=43069, RATIS_ADMIN=43069, RATIS_SERVER=43069, STANDALONE=44487], networkLocation: /default-rack, certSerialId: null, persistedOpState: IN_SERVICE, persistedOpStateExpiryEpochSec: 0}, ReplicationConfig: RATIS/ONE, State:ALLOCATED, leaderId:b9d8039b-b7df-40fa-a602-f2ca89962f7c, CreationTimestamp2022-08-20T07:52:52.808Z[Etc/UTC]] moved to OPEN state
2022-08-20 07:52:55,844 [EventQueue-OpenPipelineForHealthyPipelineSafeModeRule] INFO  safemode.SCMSafeModeManager (HealthyPipelineSafeModeRule.java:process(137)) - SCM in safe mode. Healthy pipelines reported count is 0, required healthy pipeline reported count is 1
2022-08-20 07:52:55,850 [pool-402-thread-1] INFO  server.RaftServerConfigKeys (ConfUtils.java:logGet(46)) - raft.server.log.unsafe-flush.enabled = false (default)
2022-08-20 07:52:55,850 [pool-402-thread-1] INFO  server.RaftServerConfigKeys (ConfUtils.java:logGet(46)) - raft.server.log.statemachine.data.caching.enabled = true (custom)
2022-08-20 07:52:55,851 [pool-402-thread-1] INFO  segmented.SegmentedRaftLogWorker (SegmentedRaftLogWorker.java:lambda$new$0(135)) - b9d8039b-b7df-40fa-a602-f2ca89962f7c@group-D3B5092BAFA5-SegmentedRaftLogWorker: flushIndex: setUnconditionally 0 -> -1
2022-08-20 07:52:55,851 [pool-402-thread-1] INFO  segmented.SegmentedRaftLogWorker (SegmentedRaftLogWorker.java:lambda$new$0(135)) - b9d8039b-b7df-40fa-a602-f2ca89962f7c@group-D3B5092BAFA5-SegmentedRaftLogWorker: safeCacheEvictIndex: setUnconditionally 0 -> -1
2022-08-20 07:52:55,859 [pool-402-thread-1] INFO  server.RaftServerConfigKeys (ConfUtils.java:logGet(46)) - raft.server.snapshot.auto.trigger.enabled = true (custom)
2022-08-20 07:52:55,859 [pool-402-thread-1] INFO  server.RaftServerConfigKeys (ConfUtils.java:logGet(46)) - raft.server.snapshot.auto.trigger.threshold = 10000 (custom)
2022-08-20 07:52:55,859 [pool-402-thread-1] INFO  server.RaftServerConfigKeys (ConfUtils.java:logGet(46)) - raft.server.snapshot.retention.file.num = 5 (custom)
2022-08-20 07:52:55,859 [pool-402-thread-1] INFO  server.RaftServerConfigKeys (ConfUtils.java:logGet(46)) - raft.server.log.purge.upto.snapshot.index = false (default)
2022-08-20 07:52:55,859 [pool-402-thread-1] INFO  server.RaftServerConfigKeys (ConfUtils.java:logGet(46)) - raft.server.retrycache.expirytime = 600000ms (custom)
2022-08-20 07:52:55,859 [pool-402-thread-1] INFO  server.RaftServerConfigKeys (ConfUtils.java:logGet(46)) - raft.server.retrycache.statistics.expirytime = 100μs (default)
2022-08-20 07:52:55,860 [pool-402-thread-1] INFO  server.RaftServerConfigKeys (ConfUtils.java:logGet(46)) - raft.server.log.appender.install.snapshot.enabled = false (custom)
2022-08-20 07:52:55,860 [pool-402-thread-1] INFO  server.RaftServerConfigKeys (ConfUtils.java:logGet(46)) - raft.server.threadpool.server.cached = true (default)
2022-08-20 07:52:55,860 [pool-402-thread-1] INFO  server.RaftServerConfigKeys (ConfUtils.java:logGet(46)) - raft.server.threadpool.server.size = 0 (default)
2022-08-20 07:52:55,860 [pool-402-thread-1] INFO  server.RaftServerConfigKeys (ConfUtils.java:logGet(46)) - raft.server.threadpool.client.cached = true (default)
2022-08-20 07:52:55,860 [pool-402-thread-1] INFO  server.RaftServerConfigKeys (ConfUtils.java:logGet(46)) - raft.server.threadpool.client.size = 0 (default)
2022-08-20 07:52:55,860 [pool-402-thread-1] INFO  server.RaftServer$Division (RaftServerImpl.java:start(310)) - b9d8039b-b7df-40fa-a602-f2ca89962f7c@group-D3B5092BAFA5: start as a follower, conf=-1: [b9d8039b-b7df-40fa-a602-f2ca89962f7c|rpc:10.1.0.10:43069|priority:1], old=null
2022-08-20 07:52:55,860 [pool-402-thread-1] INFO  server.RaftServer$Division (RaftServerImpl.java:setRole(299)) - b9d8039b-b7df-40fa-a602-f2ca89962f7c@group-D3B5092BAFA5: changes role from      null to FOLLOWER at term 0 for startAsFollower
2022-08-20 07:52:55,860 [pool-402-thread-1] INFO  impl.RoleInfo (RoleInfo.java:updateAndGet(139)) - b9d8039b-b7df-40fa-a602-f2ca89962f7c: start b9d8039b-b7df-40fa-a602-f2ca89962f7c@group-D3B5092BAFA5-FollowerState
2022-08-20 07:52:55,881 [pool-402-thread-1] INFO  util.JmxRegister (JmxRegister.java:tryRegister(44)) - Successfully registered JMX Bean with object name Ratis:service=RaftServer,group=group-D3B5092BAFA5,id=b9d8039b-b7df-40fa-a602-f2ca89962f7c
2022-08-20 07:52:55,883 [Command processor thread] INFO  ratis.XceiverServerRatis (XceiverServerRatis.java:addGroup(765)) - Created group PipelineID=0d9f6d03-c50e-4535-8889-d3b5092bafa5
2022-08-20 07:52:55,883 [Command processor thread] INFO  commandhandler.CreatePipelineCommandHandler (CreatePipelineCommandHandler.java:handle(113)) - Created Pipeline RATIS ONE PipelineID=0d9f6d03-c50e-4535-8889-d3b5092bafa5.
2022-08-20 07:52:56,410 [Listener at 127.0.0.1/35463] INFO  ozone.MiniOzoneClusterImpl (MiniOzoneClusterImpl.java:lambda$waitForClusterToBeReady$0(216)) - Nodes are ready. Got 5 of 5 DN Heartbeats.
2022-08-20 07:52:56,410 [Listener at 127.0.0.1/35463] INFO  ozone.MiniOzoneClusterImpl (MiniOzoneClusterImpl.java:lambda$waitForClusterToBeReady$0(219)) - Waiting for cluster to exit safe mode
2022-08-20 07:52:56,410 [Listener at 127.0.0.1/35463] INFO  ozone.MiniOzoneClusterImpl (MiniOzoneClusterImpl.java:lambda$waitForClusterToBeReady$0(221)) - SCM became leader
2022-08-20 07:52:56,446 [Command processor thread] INFO  server.RaftServer (RaftServerProxy.java:addNew(96)) - 5e69242a-7cdd-4975-9644-d62436b68246: addNew group-FAD3C5F18392:[5e69242a-7cdd-4975-9644-d62436b68246|rpc:10.1.0.10:46631|priority:1] returns group-FAD3C5F18392:java.util.concurrent.CompletableFuture@4eab1b98[Not completed]
2022-08-20 07:52:56,460 [pool-430-thread-1] INFO  server.RaftServer$Division (RaftServerImpl.java:<init>(190)) - 5e69242a-7cdd-4975-9644-d62436b68246: new RaftServerImpl for group-FAD3C5F18392:[5e69242a-7cdd-4975-9644-d62436b68246|rpc:10.1.0.10:46631|priority:1] with ContainerStateMachine:uninitialized
2022-08-20 07:52:56,460 [pool-430-thread-1] INFO  server.RaftServerConfigKeys (ConfUtils.java:logGet(46)) - raft.server.rpc.timeout.min = 5s (custom)
2022-08-20 07:52:56,460 [pool-430-thread-1] INFO  server.RaftServerConfigKeys (ConfUtils.java:logGet(46)) - raft.server.rpc.timeout.max = 5200ms (custom)
2022-08-20 07:52:56,460 [pool-430-thread-1] INFO  server.RaftServerConfigKeys (ConfUtils.java:logGet(46)) - raft.server.rpc.sleep.time = 25ms (default)
2022-08-20 07:52:56,460 [pool-430-thread-1] INFO  server.RaftServerConfigKeys (ConfUtils.java:logGet(46)) - raft.server.rpc.slowness.timeout = 300s (custom)
2022-08-20 07:52:56,460 [pool-430-thread-1] INFO  server.RaftServerConfigKeys (ConfUtils.java:logGet(46)) - raft.server.leaderelection.leader.step-down.wait-time = 10s (default)
2022-08-20 07:52:56,460 [pool-430-thread-1] INFO  server.RaftServerConfigKeys (ConfUtils.java:logGet(46)) - raft.server.sleep.deviation.threshold = 300ms (default)
2022-08-20 07:52:56,460 [pool-430-thread-1] INFO  server.RaftServer$Division (ServerState.java:<init>(107)) - 5e69242a-7cdd-4975-9644-d62436b68246@group-FAD3C5F18392: ConfigurationManager, init=-1: [5e69242a-7cdd-4975-9644-d62436b68246|rpc:10.1.0.10:46631|priority:1], old=null, confs=<EMPTY_MAP>
2022-08-20 07:52:56,462 [pool-430-thread-1] INFO  server.RaftServerConfigKeys (ConfUtils.java:logGet(46)) - raft.server.storage.dir = [/home/runner/work/ozone/ozone/hadoop-ozone/integration-test/target/test-dir/MiniOzoneClusterImpl-944d7f12-74bf-410a-af98-bfd2a7f98119/datanode-4/data/ratis] (custom)
2022-08-20 07:52:56,463 [pool-430-thread-1] INFO  server.RaftServerConfigKeys (ConfUtils.java:logGet(46)) - raft.server.log.corruption.policy = EXCEPTION (default)
2022-08-20 07:52:56,463 [pool-430-thread-1] INFO  server.RaftServerConfigKeys (ConfUtils.java:logGet(46)) - raft.server.storage.free-space.min = 0MB (=0) (default)
2022-08-20 07:52:56,463 [pool-430-thread-1] INFO  storage.RaftStorageDirectory (RaftStorageDirectoryImpl.java:analyzeStorage(135)) - The storage directory /home/runner/work/ozone/ozone/hadoop-ozone/integration-test/target/test-dir/MiniOzoneClusterImpl-944d7f12-74bf-410a-af98-bfd2a7f98119/datanode-4/data/ratis/8f69412f-64d0-488c-a4c5-fad3c5f18392 does not exist. Creating ...
2022-08-20 07:52:56,464 [pool-430-thread-1] INFO  storage.RaftStorageDirectory (RaftStorageDirectoryImpl.java:tryLock(230)) - Lock on /home/runner/work/ozone/ozone/hadoop-ozone/integration-test/target/test-dir/MiniOzoneClusterImpl-944d7f12-74bf-410a-af98-bfd2a7f98119/datanode-4/data/ratis/8f69412f-64d0-488c-a4c5-fad3c5f18392/in_use.lock acquired by nodename 1881@fv-az58-577
2022-08-20 07:52:56,467 [pool-430-thread-1] INFO  storage.RaftStorage (RaftStorageImpl.java:format(89)) - Storage directory /home/runner/work/ozone/ozone/hadoop-ozone/integration-test/target/test-dir/MiniOzoneClusterImpl-944d7f12-74bf-410a-af98-bfd2a7f98119/datanode-4/data/ratis/8f69412f-64d0-488c-a4c5-fad3c5f18392 has been successfully formatted.
2022-08-20 07:52:56,478 [pool-430-thread-1] INFO  ratis.ContainerStateMachine (ContainerStateMachine.java:loadSnapshot(236)) - group-FAD3C5F18392: The snapshot info is null. Setting the last applied indexto:(t:0, i:~)
2022-08-20 07:52:56,478 [pool-430-thread-1] INFO  server.RaftServerConfigKeys (ConfUtils.java:logGet(46)) - raft.server.notification.no-leader.timeout = 300s (custom)
2022-08-20 07:52:56,478 [pool-430-thread-1] INFO  server.RaftServerConfigKeys (ConfUtils.java:logGet(46)) - raft.server.log.use.memory = false (default)
2022-08-20 07:52:56,478 [pool-430-thread-1] INFO  server.RaftServerConfigKeys (ConfUtils.java:logGet(46)) - raft.server.log.purge.gap = 1000000 (custom)
2022-08-20 07:52:56,478 [pool-430-thread-1] INFO  server.RaftServerConfigKeys (ConfUtils.java:logGet(46)) - raft.server.log.appender.buffer.byte-limit = 33554432 (custom)
2022-08-20 07:52:56,478 [pool-430-thread-1] INFO  server.RaftServerConfigKeys (ConfUtils.java:logGet(46)) - raft.server.log.statemachine.data.read.timeout = 1000ms (default)
2022-08-20 07:52:56,479 [pool-430-thread-1] INFO  server.RaftServerConfigKeys (ConfUtils.java:logGet(46)) - raft.server.log.segment.size.max = 1048576 (custom)
2022-08-20 07:52:56,479 [EventQueue-PipelineReportForPipelineReportHandler] INFO  pipeline.PipelineManagerImpl (PipelineManagerImpl.java:openPipeline(367)) - Pipeline Pipeline[ Id: 8f69412f-64d0-488c-a4c5-fad3c5f18392, Nodes: 5e69242a-7cdd-4975-9644-d62436b68246{ip: 10.1.0.10, host: fv-az58-577.v01ewlpc0lrezph5nvg1m2rhcd.cx.internal.cloudapp.net, ports: [REPLICATION=44993, RATIS=46631, RATIS_ADMIN=46631, RATIS_SERVER=46631, STANDALONE=44771], networkLocation: /default-rack, certSerialId: null, persistedOpState: IN_SERVICE, persistedOpStateExpiryEpochSec: 0}, ReplicationConfig: RATIS/ONE, State:ALLOCATED, leaderId:5e69242a-7cdd-4975-9644-d62436b68246, CreationTimestamp2022-08-20T07:52:53.446Z[Etc/UTC]] moved to OPEN state
2022-08-20 07:52:56,481 [EventQueue-OpenPipelineForHealthyPipelineSafeModeRule] INFO  safemode.SCMSafeModeManager (HealthyPipelineSafeModeRule.java:process(137)) - SCM in safe mode. Healthy pipelines reported count is 0, required healthy pipeline reported count is 1
2022-08-20 07:52:56,482 [pool-430-thread-1] INFO  server.RaftServerConfigKeys (ConfUtils.java:logGet(46)) - raft.server.log.segment.cache.num.max = 2 (custom)
2022-08-20 07:52:56,482 [pool-430-thread-1] INFO  server.RaftServerConfigKeys (ConfUtils.java:logGet(46)) - raft.server.log.segment.cache.size.max = 200MB (=209715200) (default)
2022-08-20 07:52:56,482 [pool-430-thread-1] INFO  segmented.SegmentedRaftLogWorker (SegmentedRaftLogWorker.java:<init>(187)) - new 5e69242a-7cdd-4975-9644-d62436b68246@group-FAD3C5F18392-SegmentedRaftLogWorker for RaftStorageImpl:Storage Directory /home/runner/work/ozone/ozone/hadoop-ozone/integration-test/target/test-dir/MiniOzoneClusterImpl-944d7f12-74bf-410a-af98-bfd2a7f98119/datanode-4/data/ratis/8f69412f-64d0-488c-a4c5-fad3c5f18392
2022-08-20 07:52:56,482 [pool-430-thread-1] INFO  server.RaftServerConfigKeys (ConfUtils.java:logGet(46)) - raft.server.log.queue.byte-limit = 4294967296 (custom)
2022-08-20 07:52:56,482 [pool-430-thread-1] INFO  server.RaftServerConfigKeys (ConfUtils.java:logGet(46)) - raft.server.log.queue.element-limit = 1024 (custom)
2022-08-20 07:52:56,482 [pool-430-thread-1] INFO  server.RaftServerConfigKeys (ConfUtils.java:logGet(46)) - raft.server.log.segment.size.max = 1048576 (custom)
2022-08-20 07:52:56,482 [pool-430-thread-1] INFO  server.RaftServerConfigKeys (ConfUtils.java:logGet(46)) - raft.server.log.preallocated.size = 16384 (custom)
2022-08-20 07:52:56,482 [pool-430-thread-1] INFO  server.RaftServerConfigKeys (ConfUtils.java:logGet(46)) - raft.server.log.force.sync.num = 128 (default)
2022-08-20 07:52:56,482 [pool-430-thread-1] INFO  server.RaftServerConfigKeys (ConfUtils.java:logGet(46)) - raft.server.log.statemachine.data.sync = true (default)
2022-08-20 07:52:56,482 [pool-430-thread-1] INFO  server.RaftServerConfigKeys (ConfUtils.java:logGet(46)) - raft.server.log.statemachine.data.sync.timeout = 10s (default)
2022-08-20 07:52:56,482 [pool-430-thread-1] INFO  server.RaftServerConfigKeys (ConfUtils.java:logGet(46)) - raft.server.log.statemachine.data.sync.timeout.retry = -1 (default)
2022-08-20 07:52:56,490 [pool-430-thread-1] INFO  server.RaftServerConfigKeys (ConfUtils.java:logGet(46)) - raft.server.log.write.buffer.size = 1048576 (custom)
2022-08-20 07:52:56,491 [pool-430-thread-1] INFO  server.RaftServerConfigKeys (ConfUtils.java:logGet(46)) - raft.server.log.unsafe-flush.enabled = false (default)
2022-08-20 07:52:56,491 [pool-430-thread-1] INFO  server.RaftServerConfigKeys (ConfUtils.java:logGet(46)) - raft.server.log.statemachine.data.caching.enabled = true (custom)
2022-08-20 07:52:56,491 [pool-430-thread-1] INFO  segmented.SegmentedRaftLogWorker (SegmentedRaftLogWorker.java:lambda$new$0(135)) - 5e69242a-7cdd-4975-9644-d62436b68246@group-FAD3C5F18392-SegmentedRaftLogWorker: flushIndex: setUnconditionally 0 -> -1
2022-08-20 07:52:56,491 [pool-430-thread-1] INFO  segmented.SegmentedRaftLogWorker (SegmentedRaftLogWorker.java:lambda$new$0(135)) - 5e69242a-7cdd-4975-9644-d62436b68246@group-FAD3C5F18392-SegmentedRaftLogWorker: safeCacheEvictIndex: setUnconditionally 0 -> -1
2022-08-20 07:52:56,493 [pool-430-thread-1] INFO  server.RaftServerConfigKeys (ConfUtils.java:logGet(46)) - raft.server.snapshot.auto.trigger.enabled = true (custom)
2022-08-20 07:52:56,493 [pool-430-thread-1] INFO  server.RaftServerConfigKeys (ConfUtils.java:logGet(46)) - raft.server.snapshot.auto.trigger.threshold = 10000 (custom)
2022-08-20 07:52:56,493 [pool-430-thread-1] INFO  server.RaftServerConfigKeys (ConfUtils.java:logGet(46)) - raft.server.snapshot.retention.file.num = 5 (custom)
2022-08-20 07:52:56,493 [pool-430-thread-1] INFO  server.RaftServerConfigKeys (ConfUtils.java:logGet(46)) - raft.server.log.purge.upto.snapshot.index = false (default)
2022-08-20 07:52:56,493 [pool-430-thread-1] INFO  server.RaftServerConfigKeys (ConfUtils.java:logGet(46)) - raft.server.retrycache.expirytime = 600000ms (custom)
2022-08-20 07:52:56,493 [pool-430-thread-1] INFO  server.RaftServerConfigKeys (ConfUtils.java:logGet(46)) - raft.server.retrycache.statistics.expirytime = 100μs (default)
2022-08-20 07:52:56,500 [pool-430-thread-1] INFO  server.RaftServerConfigKeys (ConfUtils.java:logGet(46)) - raft.server.log.appender.install.snapshot.enabled = false (custom)
2022-08-20 07:52:56,500 [pool-430-thread-1] INFO  server.RaftServerConfigKeys (ConfUtils.java:logGet(46)) - raft.server.threadpool.server.cached = true (default)
2022-08-20 07:52:56,500 [pool-430-thread-1] INFO  server.RaftServerConfigKeys (ConfUtils.java:logGet(46)) - raft.server.threadpool.server.size = 0 (default)
2022-08-20 07:52:56,500 [pool-430-thread-1] INFO  server.RaftServerConfigKeys (ConfUtils.java:logGet(46)) - raft.server.threadpool.client.cached = true (default)
2022-08-20 07:52:56,500 [pool-430-thread-1] INFO  server.RaftServerConfigKeys (ConfUtils.java:logGet(46)) - raft.server.threadpool.client.size = 0 (default)
2022-08-20 07:52:56,500 [pool-430-thread-1] INFO  server.RaftServer$Division (RaftServerImpl.java:start(310)) - 5e69242a-7cdd-4975-9644-d62436b68246@group-FAD3C5F18392: start as a follower, conf=-1: [5e69242a-7cdd-4975-9644-d62436b68246|rpc:10.1.0.10:46631|priority:1], old=null
2022-08-20 07:52:56,500 [pool-430-thread-1] INFO  server.RaftServer$Division (RaftServerImpl.java:setRole(299)) - 5e69242a-7cdd-4975-9644-d62436b68246@group-FAD3C5F18392: changes role from      null to FOLLOWER at term 0 for startAsFollower
2022-08-20 07:52:56,500 [pool-430-thread-1] INFO  impl.RoleInfo (RoleInfo.java:updateAndGet(139)) - 5e69242a-7cdd-4975-9644-d62436b68246: start 5e69242a-7cdd-4975-9644-d62436b68246@group-FAD3C5F18392-FollowerState
2022-08-20 07:52:56,512 [pool-430-thread-1] INFO  util.JmxRegister (JmxRegister.java:tryRegister(44)) - Successfully registered JMX Bean with object name Ratis:service=RaftServer,group=group-FAD3C5F18392,id=5e69242a-7cdd-4975-9644-d62436b68246
2022-08-20 07:52:56,526 [Command processor thread] INFO  ratis.XceiverServerRatis (XceiverServerRatis.java:addGroup(765)) - Created group PipelineID=8f69412f-64d0-488c-a4c5-fad3c5f18392
2022-08-20 07:52:56,526 [Command processor thread] INFO  commandhandler.CreatePipelineCommandHandler (CreatePipelineCommandHandler.java:handle(113)) - Created Pipeline RATIS ONE PipelineID=8f69412f-64d0-488c-a4c5-fad3c5f18392.
2022-08-20 07:52:57,411 [Listener at 127.0.0.1/35463] INFO  ozone.MiniOzoneClusterImpl (MiniOzoneClusterImpl.java:lambda$waitForClusterToBeReady$0(216)) - Nodes are ready. Got 5 of 5 DN Heartbeats.
2022-08-20 07:52:57,411 [Listener at 127.0.0.1/35463] INFO  ozone.MiniOzoneClusterImpl (MiniOzoneClusterImpl.java:lambda$waitForClusterToBeReady$0(219)) - Waiting for cluster to exit safe mode
2022-08-20 07:52:57,411 [Listener at 127.0.0.1/35463] INFO  ozone.MiniOzoneClusterImpl (MiniOzoneClusterImpl.java:lambda$waitForClusterToBeReady$0(221)) - SCM became leader
2022-08-20 07:52:58,411 [Listener at 127.0.0.1/35463] INFO  ozone.MiniOzoneClusterImpl (MiniOzoneClusterImpl.java:lambda$waitForClusterToBeReady$0(216)) - Nodes are ready. Got 5 of 5 DN Heartbeats.
2022-08-20 07:52:58,412 [Listener at 127.0.0.1/35463] INFO  ozone.MiniOzoneClusterImpl (MiniOzoneClusterImpl.java:lambda$waitForClusterToBeReady$0(219)) - Waiting for cluster to exit safe mode
2022-08-20 07:52:58,412 [Listener at 127.0.0.1/35463] INFO  ozone.MiniOzoneClusterImpl (MiniOzoneClusterImpl.java:lambda$waitForClusterToBeReady$0(221)) - SCM became leader
2022-08-20 07:52:59,049 [9b8f87c8-445f-40fe-97ae-2bc30a04beb5@group-FDC90BB2F919-FollowerState] INFO  impl.FollowerState (FollowerState.java:run(143)) - 9b8f87c8-445f-40fe-97ae-2bc30a04beb5@group-FDC90BB2F919-FollowerState: change to CANDIDATE, lastRpcElapsedTime:5134546978ns, electionTimeout:5133ms
2022-08-20 07:52:59,049 [9b8f87c8-445f-40fe-97ae-2bc30a04beb5@group-FDC90BB2F919-FollowerState] INFO  impl.RoleInfo (RoleInfo.java:shutdownFollowerState(110)) - 9b8f87c8-445f-40fe-97ae-2bc30a04beb5: shutdown 9b8f87c8-445f-40fe-97ae-2bc30a04beb5@group-FDC90BB2F919-FollowerState
2022-08-20 07:52:59,049 [9b8f87c8-445f-40fe-97ae-2bc30a04beb5@group-FDC90BB2F919-FollowerState] INFO  server.RaftServer$Division (RaftServerImpl.java:setRole(299)) - 9b8f87c8-445f-40fe-97ae-2bc30a04beb5@group-FDC90BB2F919: changes role from  FOLLOWER to CANDIDATE at term 0 for changeToCandidate
2022-08-20 07:52:59,049 [9b8f87c8-445f-40fe-97ae-2bc30a04beb5@group-FDC90BB2F919-FollowerState] INFO  server.RaftServerConfigKeys (ConfUtils.java:logGet(46)) - raft.server.leaderelection.pre-vote = false (custom)
2022-08-20 07:52:59,049 [9b8f87c8-445f-40fe-97ae-2bc30a04beb5@group-FDC90BB2F919-FollowerState] INFO  impl.RoleInfo (RoleInfo.java:updateAndGet(139)) - 9b8f87c8-445f-40fe-97ae-2bc30a04beb5: start 9b8f87c8-445f-40fe-97ae-2bc30a04beb5@group-FDC90BB2F919-LeaderElection17
2022-08-20 07:52:59,065 [9b8f87c8-445f-40fe-97ae-2bc30a04beb5@group-FDC90BB2F919-LeaderElection17] INFO  impl.LeaderElection (LeaderElection.java:askForVotes(310)) - 9b8f87c8-445f-40fe-97ae-2bc30a04beb5@group-FDC90BB2F919-LeaderElection17 ELECTION round 0: submit vote requests at term 1 for -1: [7d464b4c-0df7-4a5f-b174-b285aa9576d2|rpc:10.1.0.10:43361|priority:1, 9b8f87c8-445f-40fe-97ae-2bc30a04beb5|rpc:10.1.0.10:43397|priority:0, c9e3b08e-4472-4268-809a-be763a4c0fdf|rpc:10.1.0.10:45857|priority:0], old=null
2022-08-20 07:52:59,086 [9b8f87c8-445f-40fe-97ae-2bc30a04beb5@group-8AD0E74C33CD-FollowerState] INFO  impl.FollowerState (FollowerState.java:run(143)) - 9b8f87c8-445f-40fe-97ae-2bc30a04beb5@group-8AD0E74C33CD-FollowerState: change to CANDIDATE, lastRpcElapsedTime:5206475994ns, electionTimeout:5194ms
2022-08-20 07:52:59,087 [9b8f87c8-445f-40fe-97ae-2bc30a04beb5@group-8AD0E74C33CD-FollowerState] INFO  impl.RoleInfo (RoleInfo.java:shutdownFollowerState(110)) - 9b8f87c8-445f-40fe-97ae-2bc30a04beb5: shutdown 9b8f87c8-445f-40fe-97ae-2bc30a04beb5@group-8AD0E74C33CD-FollowerState
2022-08-20 07:52:59,087 [9b8f87c8-445f-40fe-97ae-2bc30a04beb5@group-8AD0E74C33CD-FollowerState] INFO  server.RaftServer$Division (RaftServerImpl.java:setRole(299)) - 9b8f87c8-445f-40fe-97ae-2bc30a04beb5@group-8AD0E74C33CD: changes role from  FOLLOWER to CANDIDATE at term 0 for changeToCandidate
2022-08-20 07:52:59,087 [9b8f87c8-445f-40fe-97ae-2bc30a04beb5@group-8AD0E74C33CD-FollowerState] INFO  server.RaftServerConfigKeys (ConfUtils.java:logGet(46)) - raft.server.leaderelection.pre-vote = false (custom)
2022-08-20 07:52:59,087 [9b8f87c8-445f-40fe-97ae-2bc30a04beb5@group-8AD0E74C33CD-FollowerState] INFO  impl.RoleInfo (RoleInfo.java:updateAndGet(139)) - 9b8f87c8-445f-40fe-97ae-2bc30a04beb5: start 9b8f87c8-445f-40fe-97ae-2bc30a04beb5@group-8AD0E74C33CD-LeaderElection18
2022-08-20 07:52:59,107 [grpc-default-executor-0] INFO  server.RaftServer$Division (RaftServerImpl.java:requestVote(1152)) - 7d464b4c-0df7-4a5f-b174-b285aa9576d2@group-FDC90BB2F919: receive requestVote(ELECTION, 9b8f87c8-445f-40fe-97ae-2bc30a04beb5, group-FDC90BB2F919, 1, (t:0, i:0))
2022-08-20 07:52:59,107 [grpc-default-executor-0] INFO  impl.VoteContext (VoteContext.java:log(48)) - 7d464b4c-0df7-4a5f-b174-b285aa9576d2@group-FDC90BB2F919-FOLLOWER: reject ELECTION from 9b8f87c8-445f-40fe-97ae-2bc30a04beb5: our priority 1 > candidate's priority 0
2022-08-20 07:52:59,107 [grpc-default-executor-0] INFO  server.RaftServer$Division (RaftServerImpl.java:setRole(299)) - 7d464b4c-0df7-4a5f-b174-b285aa9576d2@group-FDC90BB2F919: changes role from  FOLLOWER to FOLLOWER at term 1 for candidate:9b8f87c8-445f-40fe-97ae-2bc30a04beb5
2022-08-20 07:52:59,107 [grpc-default-executor-0] INFO  impl.RoleInfo (RoleInfo.java:shutdownFollowerState(110)) - 7d464b4c-0df7-4a5f-b174-b285aa9576d2: shutdown 7d464b4c-0df7-4a5f-b174-b285aa9576d2@group-FDC90BB2F919-FollowerState
2022-08-20 07:52:59,107 [grpc-default-executor-0] INFO  impl.RoleInfo (RoleInfo.java:updateAndGet(139)) - 7d464b4c-0df7-4a5f-b174-b285aa9576d2: start 7d464b4c-0df7-4a5f-b174-b285aa9576d2@group-FDC90BB2F919-FollowerState
2022-08-20 07:52:59,107 [7d464b4c-0df7-4a5f-b174-b285aa9576d2@group-FDC90BB2F919-FollowerState] INFO  impl.FollowerState (FollowerState.java:run(152)) - 7d464b4c-0df7-4a5f-b174-b285aa9576d2@group-FDC90BB2F919-FollowerState was interrupted
2022-08-20 07:52:59,109 [grpc-default-executor-0] INFO  server.RaftServer$Division (RaftServerImpl.java:requestVote(1184)) - 7d464b4c-0df7-4a5f-b174-b285aa9576d2@group-FDC90BB2F919 replies to ELECTION vote request: 9b8f87c8-445f-40fe-97ae-2bc30a04beb5<-7d464b4c-0df7-4a5f-b174-b285aa9576d2#0:FAIL-t1. Peer's state: 7d464b4c-0df7-4a5f-b174-b285aa9576d2@group-FDC90BB2F919:t1, leader=null, voted=null, raftlog=7d464b4c-0df7-4a5f-b174-b285aa9576d2@group-FDC90BB2F919-SegmentedRaftLog:OPENED:c-1, conf=-1: [7d464b4c-0df7-4a5f-b174-b285aa9576d2|rpc:10.1.0.10:43361|dataStream:|priority:1, 9b8f87c8-445f-40fe-97ae-2bc30a04beb5|rpc:10.1.0.10:43397|dataStream:|priority:0, c9e3b08e-4472-4268-809a-be763a4c0fdf|rpc:10.1.0.10:45857|dataStream:|priority:0], old=null
2022-08-20 07:52:59,115 [9b8f87c8-445f-40fe-97ae-2bc30a04beb5@group-FDC90BB2F919-LeaderElection17] INFO  impl.LeaderElection (LeaderElection.java:logAndReturn(90)) - 9b8f87c8-445f-40fe-97ae-2bc30a04beb5@group-FDC90BB2F919-LeaderElection17: ELECTION REJECTED received 1 response(s) and 0 exception(s):
2022-08-20 07:52:59,115 [9b8f87c8-445f-40fe-97ae-2bc30a04beb5@group-FDC90BB2F919-LeaderElection17] INFO  impl.LeaderElection (LeaderElection.java:logAndReturn(94)) -   Response 0: 9b8f87c8-445f-40fe-97ae-2bc30a04beb5<-7d464b4c-0df7-4a5f-b174-b285aa9576d2#0:FAIL-t1
2022-08-20 07:52:59,115 [9b8f87c8-445f-40fe-97ae-2bc30a04beb5@group-FDC90BB2F919-LeaderElection17] INFO  impl.LeaderElection (LeaderElection.java:askForVotes(312)) - 9b8f87c8-445f-40fe-97ae-2bc30a04beb5@group-FDC90BB2F919-LeaderElection17 ELECTION round 0: result REJECTED
2022-08-20 07:52:59,115 [9b8f87c8-445f-40fe-97ae-2bc30a04beb5@group-FDC90BB2F919-LeaderElection17] INFO  server.RaftServer$Division (RaftServerImpl.java:setRole(299)) - 9b8f87c8-445f-40fe-97ae-2bc30a04beb5@group-FDC90BB2F919: changes role from CANDIDATE to FOLLOWER at term 1 for REJECTED
2022-08-20 07:52:59,115 [9b8f87c8-445f-40fe-97ae-2bc30a04beb5@group-FDC90BB2F919-LeaderElection17] INFO  impl.RoleInfo (RoleInfo.java:shutdownLeaderElection(130)) - 9b8f87c8-445f-40fe-97ae-2bc30a04beb5: shutdown 9b8f87c8-445f-40fe-97ae-2bc30a04beb5@group-FDC90BB2F919-LeaderElection17
2022-08-20 07:52:59,115 [9b8f87c8-445f-40fe-97ae-2bc30a04beb5@group-FDC90BB2F919-LeaderElection17] INFO  impl.RoleInfo (RoleInfo.java:updateAndGet(139)) - 9b8f87c8-445f-40fe-97ae-2bc30a04beb5: start 9b8f87c8-445f-40fe-97ae-2bc30a04beb5@group-FDC90BB2F919-FollowerState
2022-08-20 07:52:59,117 [9b8f87c8-445f-40fe-97ae-2bc30a04beb5@group-8AD0E74C33CD-LeaderElection18] INFO  impl.LeaderElection (LeaderElection.java:askForVotes(310)) - 9b8f87c8-445f-40fe-97ae-2bc30a04beb5@group-8AD0E74C33CD-LeaderElection18 ELECTION round 0: submit vote requests at term 1 for -1: [9b8f87c8-445f-40fe-97ae-2bc30a04beb5|rpc:10.1.0.10:43397|priority:1], old=null
2022-08-20 07:52:59,117 [9b8f87c8-445f-40fe-97ae-2bc30a04beb5@group-8AD0E74C33CD-LeaderElection18] INFO  impl.LeaderElection (LeaderElection.java:askForVotes(312)) - 9b8f87c8-445f-40fe-97ae-2bc30a04beb5@group-8AD0E74C33CD-LeaderElection18 ELECTION round 0: result PASSED (term=1)
2022-08-20 07:52:59,117 [9b8f87c8-445f-40fe-97ae-2bc30a04beb5@group-8AD0E74C33CD-LeaderElection18] INFO  impl.RoleInfo (RoleInfo.java:shutdownLeaderElection(130)) - 9b8f87c8-445f-40fe-97ae-2bc30a04beb5: shutdown 9b8f87c8-445f-40fe-97ae-2bc30a04beb5@group-8AD0E74C33CD-LeaderElection18
2022-08-20 07:52:59,117 [9b8f87c8-445f-40fe-97ae-2bc30a04beb5@group-8AD0E74C33CD-LeaderElection18] INFO  server.RaftServer$Division (RaftServerImpl.java:setRole(299)) - 9b8f87c8-445f-40fe-97ae-2bc30a04beb5@group-8AD0E74C33CD: changes role from CANDIDATE to LEADER at term 1 for changeToLeader
2022-08-20 07:52:59,117 [9b8f87c8-445f-40fe-97ae-2bc30a04beb5@group-8AD0E74C33CD-LeaderElection18] INFO  ratis.XceiverServerRatis (XceiverServerRatis.java:handleLeaderChangedNotification(863)) - Leader change notification received for group: group-8AD0E74C33CD with new leaderId: 9b8f87c8-445f-40fe-97ae-2bc30a04beb5
2022-08-20 07:52:59,117 [9b8f87c8-445f-40fe-97ae-2bc30a04beb5@group-8AD0E74C33CD-LeaderElection18] INFO  server.RaftServer$Division (ServerState.java:setLeader(287)) - 9b8f87c8-445f-40fe-97ae-2bc30a04beb5@group-8AD0E74C33CD: change Leader from null to 9b8f87c8-445f-40fe-97ae-2bc30a04beb5 at term 1 for becomeLeader, leader elected after 5264ms
2022-08-20 07:52:59,117 [9b8f87c8-445f-40fe-97ae-2bc30a04beb5@group-8AD0E74C33CD-LeaderElection18] INFO  server.RaftServerConfigKeys (ConfUtils.java:logGet(46)) - raft.server.staging.catchup.gap = 1000 (default)
2022-08-20 07:52:59,117 [9b8f87c8-445f-40fe-97ae-2bc30a04beb5@group-8AD0E74C33CD-LeaderElection18] INFO  server.RaftServerConfigKeys (ConfUtils.java:logGet(46)) - raft.server.write.element-limit = 1024 (custom)
2022-08-20 07:52:59,117 [9b8f87c8-445f-40fe-97ae-2bc30a04beb5@group-8AD0E74C33CD-LeaderElection18] INFO  server.RaftServerConfigKeys (ConfUtils.java:logGet(46)) - raft.server.write.byte-limit = 1024 M (=1073741824) (custom)
2022-08-20 07:52:59,118 [9b8f87c8-445f-40fe-97ae-2bc30a04beb5@group-8AD0E74C33CD-LeaderElection18] INFO  server.RaftServerConfigKeys (ConfUtils.java:logGet(46)) - raft.server.watch.timeout = 180s (custom)
2022-08-20 07:52:59,118 [9b8f87c8-445f-40fe-97ae-2bc30a04beb5@group-8AD0E74C33CD-LeaderElection18] INFO  server.RaftServerConfigKeys (ConfUtils.java:logGet(46)) - raft.server.watch.timeout.denomination = 1s (default)
2022-08-20 07:52:59,118 [9b8f87c8-445f-40fe-97ae-2bc30a04beb5@group-8AD0E74C33CD-LeaderElection18] INFO  server.RaftServerConfigKeys (ConfUtils.java:logGet(46)) - raft.server.watch.element-limit = 65536 (default)
2022-08-20 07:52:59,118 [9b8f87c8-445f-40fe-97ae-2bc30a04beb5@group-8AD0E74C33CD-LeaderElection18] INFO  server.RaftServerConfigKeys (ConfUtils.java:logGet(46)) - raft.server.write.element-limit = 1024 (custom)
2022-08-20 07:52:59,118 [9b8f87c8-445f-40fe-97ae-2bc30a04beb5@group-8AD0E74C33CD-LeaderElection18] INFO  server.RaftServerConfigKeys (ConfUtils.java:logGet(46)) - raft.server.write.follower.gap.ratio.max = -1.0 (default)
2022-08-20 07:52:59,118 [9b8f87c8-445f-40fe-97ae-2bc30a04beb5@group-8AD0E74C33CD-LeaderElection18] INFO  impl.RoleInfo (RoleInfo.java:updateAndGet(139)) - 9b8f87c8-445f-40fe-97ae-2bc30a04beb5: start 9b8f87c8-445f-40fe-97ae-2bc30a04beb5@group-8AD0E74C33CD-LeaderStateImpl
2022-08-20 07:52:59,118 [9b8f87c8-445f-40fe-97ae-2bc30a04beb5@group-8AD0E74C33CD-LeaderElection18] INFO  segmented.SegmentedRaftLogWorker (SegmentedRaftLogWorker.java:startLogSegment(425)) - 9b8f87c8-445f-40fe-97ae-2bc30a04beb5@group-8AD0E74C33CD-SegmentedRaftLogWorker: Starting segment from index:0
2022-08-20 07:52:59,120 [9b8f87c8-445f-40fe-97ae-2bc30a04beb5@group-8AD0E74C33CD-SegmentedRaftLogWorker] INFO  segmented.SegmentedRaftLogWorker (SegmentedRaftLogWorker.java:execute(629)) - 9b8f87c8-445f-40fe-97ae-2bc30a04beb5@group-8AD0E74C33CD-SegmentedRaftLogWorker: created new log segment /home/runner/work/ozone/ozone/hadoop-ozone/integration-test/target/test-dir/MiniOzoneClusterImpl-944d7f12-74bf-410a-af98-bfd2a7f98119/datanode-0/data/ratis/7f26b4ad-76ab-4c9d-8182-8ad0e74c33cd/current/log_inprogress_0
2022-08-20 07:52:59,120 [EventQueue-OpenPipelineForHealthyPipelineSafeModeRule] INFO  safemode.SCMSafeModeManager (HealthyPipelineSafeModeRule.java:process(137)) - SCM in safe mode. Healthy pipelines reported count is 0, required healthy pipeline reported count is 1
2022-08-20 07:52:59,135 [grpc-default-executor-0] INFO  server.RaftServer$Division (RaftServerImpl.java:requestVote(1152)) - c9e3b08e-4472-4268-809a-be763a4c0fdf@group-FDC90BB2F919: receive requestVote(ELECTION, 9b8f87c8-445f-40fe-97ae-2bc30a04beb5, group-FDC90BB2F919, 1, (t:0, i:0))
2022-08-20 07:52:59,135 [grpc-default-executor-0] INFO  impl.VoteContext (VoteContext.java:log(48)) - c9e3b08e-4472-4268-809a-be763a4c0fdf@group-FDC90BB2F919-FOLLOWER: accept ELECTION from 9b8f87c8-445f-40fe-97ae-2bc30a04beb5: our priority 0 <= candidate's priority 0
2022-08-20 07:52:59,135 [grpc-default-executor-0] INFO  server.RaftServer$Division (RaftServerImpl.java:setRole(299)) - c9e3b08e-4472-4268-809a-be763a4c0fdf@group-FDC90BB2F919: changes role from  FOLLOWER to FOLLOWER at term 1 for candidate:9b8f87c8-445f-40fe-97ae-2bc30a04beb5
2022-08-20 07:52:59,135 [grpc-default-executor-0] INFO  impl.RoleInfo (RoleInfo.java:shutdownFollowerState(110)) - c9e3b08e-4472-4268-809a-be763a4c0fdf: shutdown c9e3b08e-4472-4268-809a-be763a4c0fdf@group-FDC90BB2F919-FollowerState
2022-08-20 07:52:59,135 [grpc-default-executor-0] INFO  impl.RoleInfo (RoleInfo.java:updateAndGet(139)) - c9e3b08e-4472-4268-809a-be763a4c0fdf: start c9e3b08e-4472-4268-809a-be763a4c0fdf@group-FDC90BB2F919-FollowerState
2022-08-20 07:52:59,135 [c9e3b08e-4472-4268-809a-be763a4c0fdf@group-FDC90BB2F919-FollowerState] INFO  impl.FollowerState (FollowerState.java:run(152)) - c9e3b08e-4472-4268-809a-be763a4c0fdf@group-FDC90BB2F919-FollowerState was interrupted
2022-08-20 07:52:59,135 [9b8f87c8-445f-40fe-97ae-2bc30a04beb5@group-8AD0E74C33CD-LeaderElection18] INFO  server.RaftServer$Division (ServerState.java:setRaftConf(393)) - 9b8f87c8-445f-40fe-97ae-2bc30a04beb5@group-8AD0E74C33CD: set configuration 0: [9b8f87c8-445f-40fe-97ae-2bc30a04beb5|rpc:10.1.0.10:43397|dataStream:|priority:1], old=null
2022-08-20 07:52:59,138 [grpc-default-executor-0] INFO  server.RaftServer$Division (RaftServerImpl.java:requestVote(1184)) - c9e3b08e-4472-4268-809a-be763a4c0fdf@group-FDC90BB2F919 replies to ELECTION vote request: 9b8f87c8-445f-40fe-97ae-2bc30a04beb5<-c9e3b08e-4472-4268-809a-be763a4c0fdf#0:OK-t1. Peer's state: c9e3b08e-4472-4268-809a-be763a4c0fdf@group-FDC90BB2F919:t1, leader=null, voted=9b8f87c8-445f-40fe-97ae-2bc30a04beb5, raftlog=c9e3b08e-4472-4268-809a-be763a4c0fdf@group-FDC90BB2F919-SegmentedRaftLog:OPENED:c-1, conf=-1: [7d464b4c-0df7-4a5f-b174-b285aa9576d2|rpc:10.1.0.10:43361|dataStream:|priority:1, 9b8f87c8-445f-40fe-97ae-2bc30a04beb5|rpc:10.1.0.10:43397|dataStream:|priority:0, c9e3b08e-4472-4268-809a-be763a4c0fdf|rpc:10.1.0.10:45857|dataStream:|priority:0], old=null
2022-08-20 07:52:59,412 [Listener at 127.0.0.1/35463] INFO  ozone.MiniOzoneClusterImpl (MiniOzoneClusterImpl.java:lambda$waitForClusterToBeReady$0(216)) - Nodes are ready. Got 5 of 5 DN Heartbeats.
2022-08-20 07:52:59,412 [Listener at 127.0.0.1/35463] INFO  ozone.MiniOzoneClusterImpl (MiniOzoneClusterImpl.java:lambda$waitForClusterToBeReady$0(219)) - Waiting for cluster to exit safe mode
2022-08-20 07:52:59,412 [Listener at 127.0.0.1/35463] INFO  ozone.MiniOzoneClusterImpl (MiniOzoneClusterImpl.java:lambda$waitForClusterToBeReady$0(221)) - SCM became leader
2022-08-20 07:52:59,482 [9b8f87c8-445f-40fe-97ae-2bc30a04beb5@group-8E3261B42936-FollowerState] INFO  impl.FollowerState (FollowerState.java:run(143)) - 9b8f87c8-445f-40fe-97ae-2bc30a04beb5@group-8E3261B42936-FollowerState: change to CANDIDATE, lastRpcElapsedTime:5213253522ns, electionTimeout:5197ms
2022-08-20 07:52:59,483 [9b8f87c8-445f-40fe-97ae-2bc30a04beb5@group-8E3261B42936-FollowerState] INFO  impl.RoleInfo (RoleInfo.java:shutdownFollowerState(110)) - 9b8f87c8-445f-40fe-97ae-2bc30a04beb5: shutdown 9b8f87c8-445f-40fe-97ae-2bc30a04beb5@group-8E3261B42936-FollowerState
2022-08-20 07:52:59,483 [9b8f87c8-445f-40fe-97ae-2bc30a04beb5@group-8E3261B42936-FollowerState] INFO  server.RaftServer$Division (RaftServerImpl.java:setRole(299)) - 9b8f87c8-445f-40fe-97ae-2bc30a04beb5@group-8E3261B42936: changes role from  FOLLOWER to CANDIDATE at term 0 for changeToCandidate
2022-08-20 07:52:59,483 [9b8f87c8-445f-40fe-97ae-2bc30a04beb5@group-8E3261B42936-FollowerState] INFO  server.RaftServerConfigKeys (ConfUtils.java:logGet(46)) - raft.server.leaderelection.pre-vote = false (custom)
2022-08-20 07:52:59,483 [9b8f87c8-445f-40fe-97ae-2bc30a04beb5@group-8E3261B42936-FollowerState] INFO  impl.RoleInfo (RoleInfo.java:updateAndGet(139)) - 9b8f87c8-445f-40fe-97ae-2bc30a04beb5: start 9b8f87c8-445f-40fe-97ae-2bc30a04beb5@group-8E3261B42936-LeaderElection19
2022-08-20 07:52:59,526 [c9e3b08e-4472-4268-809a-be763a4c0fdf@group-9662C4E467C8-FollowerState] INFO  impl.FollowerState (FollowerState.java:run(143)) - c9e3b08e-4472-4268-809a-be763a4c0fdf@group-9662C4E467C8-FollowerState: change to CANDIDATE, lastRpcElapsedTime:5068364188ns, electionTimeout:5063ms
2022-08-20 07:52:59,526 [c9e3b08e-4472-4268-809a-be763a4c0fdf@group-9662C4E467C8-FollowerState] INFO  impl.RoleInfo (RoleInfo.java:shutdownFollowerState(110)) - c9e3b08e-4472-4268-809a-be763a4c0fdf: shutdown c9e3b08e-4472-4268-809a-be763a4c0fdf@group-9662C4E467C8-FollowerState
2022-08-20 07:52:59,526 [c9e3b08e-4472-4268-809a-be763a4c0fdf@group-9662C4E467C8-FollowerState] INFO  server.RaftServer$Division (RaftServerImpl.java:setRole(299)) - c9e3b08e-4472-4268-809a-be763a4c0fdf@group-9662C4E467C8: changes role from  FOLLOWER to CANDIDATE at term 0 for changeToCandidate
2022-08-20 07:52:59,527 [c9e3b08e-4472-4268-809a-be763a4c0fdf@group-9662C4E467C8-FollowerState] INFO  server.RaftServerConfigKeys (ConfUtils.java:logGet(46)) - raft.server.leaderelection.pre-vote = false (custom)
2022-08-20 07:52:59,527 [c9e3b08e-4472-4268-809a-be763a4c0fdf@group-9662C4E467C8-FollowerState] INFO  impl.RoleInfo (RoleInfo.java:updateAndGet(139)) - c9e3b08e-4472-4268-809a-be763a4c0fdf: start c9e3b08e-4472-4268-809a-be763a4c0fdf@group-9662C4E467C8-LeaderElection20
2022-08-20 07:52:59,530 [9b8f87c8-445f-40fe-97ae-2bc30a04beb5@group-8E3261B42936-LeaderElection19] INFO  impl.LeaderElection (LeaderElection.java:askForVotes(310)) - 9b8f87c8-445f-40fe-97ae-2bc30a04beb5@group-8E3261B42936-LeaderElection19 ELECTION round 0: submit vote requests at term 1 for -1: [9b8f87c8-445f-40fe-97ae-2bc30a04beb5|rpc:10.1.0.10:43397|priority:0, 7d464b4c-0df7-4a5f-b174-b285aa9576d2|rpc:10.1.0.10:43361|priority:0, c9e3b08e-4472-4268-809a-be763a4c0fdf|rpc:10.1.0.10:45857|priority:1], old=null
2022-08-20 07:52:59,556 [grpc-default-executor-0] INFO  server.RaftServer$Division (RaftServerImpl.java:requestVote(1152)) - c9e3b08e-4472-4268-809a-be763a4c0fdf@group-8E3261B42936: receive requestVote(ELECTION, 9b8f87c8-445f-40fe-97ae-2bc30a04beb5, group-8E3261B42936, 1, (t:0, i:0))
2022-08-20 07:52:59,557 [grpc-default-executor-0] INFO  impl.VoteContext (VoteContext.java:log(48)) - c9e3b08e-4472-4268-809a-be763a4c0fdf@group-8E3261B42936-FOLLOWER: reject ELECTION from 9b8f87c8-445f-40fe-97ae-2bc30a04beb5: our priority 1 > candidate's priority 0
2022-08-20 07:52:59,557 [grpc-default-executor-0] INFO  server.RaftServer$Division (RaftServerImpl.java:setRole(299)) - c9e3b08e-4472-4268-809a-be763a4c0fdf@group-8E3261B42936: changes role from  FOLLOWER to FOLLOWER at term 1 for candidate:9b8f87c8-445f-40fe-97ae-2bc30a04beb5
2022-08-20 07:52:59,557 [grpc-default-executor-0] INFO  impl.RoleInfo (RoleInfo.java:shutdownFollowerState(110)) - c9e3b08e-4472-4268-809a-be763a4c0fdf: shutdown c9e3b08e-4472-4268-809a-be763a4c0fdf@group-8E3261B42936-FollowerState
2022-08-20 07:52:59,557 [grpc-default-executor-0] INFO  impl.RoleInfo (RoleInfo.java:updateAndGet(139)) - c9e3b08e-4472-4268-809a-be763a4c0fdf: start c9e3b08e-4472-4268-809a-be763a4c0fdf@group-8E3261B42936-FollowerState
2022-08-20 07:52:59,557 [c9e3b08e-4472-4268-809a-be763a4c0fdf@group-8E3261B42936-FollowerState] INFO  impl.FollowerState (FollowerState.java:run(152)) - c9e3b08e-4472-4268-809a-be763a4c0fdf@group-8E3261B42936-FollowerState was interrupted
2022-08-20 07:52:59,558 [grpc-default-executor-0] INFO  server.RaftServer$Division (RaftServerImpl.java:requestVote(1184)) - c9e3b08e-4472-4268-809a-be763a4c0fdf@group-8E3261B42936 replies to ELECTION vote request: 9b8f87c8-445f-40fe-97ae-2bc30a04beb5<-c9e3b08e-4472-4268-809a-be763a4c0fdf#0:FAIL-t1. Peer's state: c9e3b08e-4472-4268-809a-be763a4c0fdf@group-8E3261B42936:t1, leader=null, voted=null, raftlog=c9e3b08e-4472-4268-809a-be763a4c0fdf@group-8E3261B42936-SegmentedRaftLog:OPENED:c-1, conf=-1: [9b8f87c8-445f-40fe-97ae-2bc30a04beb5|rpc:10.1.0.10:43397|priority:0, 7d464b4c-0df7-4a5f-b174-b285aa9576d2|rpc:10.1.0.10:43361|priority:0, c9e3b08e-4472-4268-809a-be763a4c0fdf|rpc:10.1.0.10:45857|priority:1], old=null
2022-08-20 07:52:59,562 [c9e3b08e-4472-4268-809a-be763a4c0fdf@group-9662C4E467C8-LeaderElection20] INFO  impl.LeaderElection (LeaderElection.java:askForVotes(310)) - c9e3b08e-4472-4268-809a-be763a4c0fdf@group-9662C4E467C8-LeaderElection20 ELECTION round 0: submit vote requests at term 1 for -1: [c9e3b08e-4472-4268-809a-be763a4c0fdf|rpc:10.1.0.10:45857|priority:1], old=null
2022-08-20 07:52:59,562 [c9e3b08e-4472-4268-809a-be763a4c0fdf@group-9662C4E467C8-LeaderElection20] INFO  impl.LeaderElection (LeaderElection.java:askForVotes(312)) - c9e3b08e-4472-4268-809a-be763a4c0fdf@group-9662C4E467C8-LeaderElection20 ELECTION round 0: result PASSED (term=1)
2022-08-20 07:52:59,562 [c9e3b08e-4472-4268-809a-be763a4c0fdf@group-9662C4E467C8-LeaderElection20] INFO  impl.RoleInfo (RoleInfo.java:shutdownLeaderElection(130)) - c9e3b08e-4472-4268-809a-be763a4c0fdf: shutdown c9e3b08e-4472-4268-809a-be763a4c0fdf@group-9662C4E467C8-LeaderElection20
2022-08-20 07:52:59,562 [c9e3b08e-4472-4268-809a-be763a4c0fdf@group-9662C4E467C8-LeaderElection20] INFO  server.RaftServer$Division (RaftServerImpl.java:setRole(299)) - c9e3b08e-4472-4268-809a-be763a4c0fdf@group-9662C4E467C8: changes role from CANDIDATE to LEADER at term 1 for changeToLeader
2022-08-20 07:52:59,562 [c9e3b08e-4472-4268-809a-be763a4c0fdf@group-9662C4E467C8-LeaderElection20] INFO  ratis.XceiverServerRatis (XceiverServerRatis.java:handleLeaderChangedNotification(863)) - Leader change notification received for group: group-9662C4E467C8 with new leaderId: c9e3b08e-4472-4268-809a-be763a4c0fdf
2022-08-20 07:52:59,562 [c9e3b08e-4472-4268-809a-be763a4c0fdf@group-9662C4E467C8-LeaderElection20] INFO  server.RaftServer$Division (ServerState.java:setLeader(287)) - c9e3b08e-4472-4268-809a-be763a4c0fdf@group-9662C4E467C8: change Leader from null to c9e3b08e-4472-4268-809a-be763a4c0fdf at term 1 for becomeLeader, leader elected after 5117ms
2022-08-20 07:52:59,562 [c9e3b08e-4472-4268-809a-be763a4c0fdf@group-9662C4E467C8-LeaderElection20] INFO  server.RaftServerConfigKeys (ConfUtils.java:logGet(46)) - raft.server.staging.catchup.gap = 1000 (default)
2022-08-20 07:52:59,563 [c9e3b08e-4472-4268-809a-be763a4c0fdf@group-9662C4E467C8-LeaderElection20] INFO  server.RaftServerConfigKeys (ConfUtils.java:logGet(46)) - raft.server.write.element-limit = 1024 (custom)
2022-08-20 07:52:59,563 [c9e3b08e-4472-4268-809a-be763a4c0fdf@group-9662C4E467C8-LeaderElection20] INFO  server.RaftServerConfigKeys (ConfUtils.java:logGet(46)) - raft.server.write.byte-limit = 1024 M (=1073741824) (custom)
2022-08-20 07:52:59,563 [c9e3b08e-4472-4268-809a-be763a4c0fdf@group-9662C4E467C8-LeaderElection20] INFO  server.RaftServerConfigKeys (ConfUtils.java:logGet(46)) - raft.server.watch.timeout = 180s (custom)
2022-08-20 07:52:59,563 [c9e3b08e-4472-4268-809a-be763a4c0fdf@group-9662C4E467C8-LeaderElection20] INFO  server.RaftServerConfigKeys (ConfUtils.java:logGet(46)) - raft.server.watch.timeout.denomination = 1s (default)
2022-08-20 07:52:59,563 [c9e3b08e-4472-4268-809a-be763a4c0fdf@group-9662C4E467C8-LeaderElection20] INFO  server.RaftServerConfigKeys (ConfUtils.java:logGet(46)) - raft.server.watch.element-limit = 65536 (default)
2022-08-20 07:52:59,563 [c9e3b08e-4472-4268-809a-be763a4c0fdf@group-9662C4E467C8-LeaderElection20] INFO  server.RaftServerConfigKeys (ConfUtils.java:logGet(46)) - raft.server.write.element-limit = 1024 (custom)
2022-08-20 07:52:59,563 [c9e3b08e-4472-4268-809a-be763a4c0fdf@group-9662C4E467C8-LeaderElection20] INFO  server.RaftServerConfigKeys (ConfUtils.java:logGet(46)) - raft.server.write.follower.gap.ratio.max = -1.0 (default)
2022-08-20 07:52:59,563 [c9e3b08e-4472-4268-809a-be763a4c0fdf@group-9662C4E467C8-LeaderElection20] INFO  impl.RoleInfo (RoleInfo.java:updateAndGet(139)) - c9e3b08e-4472-4268-809a-be763a4c0fdf: start c9e3b08e-4472-4268-809a-be763a4c0fdf@group-9662C4E467C8-LeaderStateImpl
2022-08-20 07:52:59,563 [c9e3b08e-4472-4268-809a-be763a4c0fdf@group-9662C4E467C8-LeaderElection20] INFO  segmented.SegmentedRaftLogWorker (SegmentedRaftLogWorker.java:startLogSegment(425)) - c9e3b08e-4472-4268-809a-be763a4c0fdf@group-9662C4E467C8-SegmentedRaftLogWorker: Starting segment from index:0
2022-08-20 07:52:59,564 [EventQueue-OpenPipelineForHealthyPipelineSafeModeRule] INFO  safemode.SCMSafeModeManager (HealthyPipelineSafeModeRule.java:process(137)) - SCM in safe mode. Healthy pipelines reported count is 0, required healthy pipeline reported count is 1
2022-08-20 07:52:59,565 [c9e3b08e-4472-4268-809a-be763a4c0fdf@group-9662C4E467C8-SegmentedRaftLogWorker] INFO  segmented.SegmentedRaftLogWorker (SegmentedRaftLogWorker.java:execute(629)) - c9e3b08e-4472-4268-809a-be763a4c0fdf@group-9662C4E467C8-SegmentedRaftLogWorker: created new log segment /home/runner/work/ozone/ozone/hadoop-ozone/integration-test/target/test-dir/MiniOzoneClusterImpl-944d7f12-74bf-410a-af98-bfd2a7f98119/datanode-1/data/ratis/675e617e-d017-4b9f-9064-9662c4e467c8/current/log_inprogress_0
2022-08-20 07:52:59,567 [c9e3b08e-4472-4268-809a-be763a4c0fdf@group-9662C4E467C8-LeaderElection20] INFO  server.RaftServer$Division (ServerState.java:setRaftConf(393)) - c9e3b08e-4472-4268-809a-be763a4c0fdf@group-9662C4E467C8: set configuration 0: [c9e3b08e-4472-4268-809a-be763a4c0fdf|rpc:10.1.0.10:45857|dataStream:|priority:1], old=null
2022-08-20 07:52:59,568 [9b8f87c8-445f-40fe-97ae-2bc30a04beb5@group-8E3261B42936-LeaderElection19] INFO  impl.LeaderElection (LeaderElection.java:logAndReturn(90)) - 9b8f87c8-445f-40fe-97ae-2bc30a04beb5@group-8E3261B42936-LeaderElection19: ELECTION REJECTED received 1 response(s) and 0 exception(s):
2022-08-20 07:52:59,568 [9b8f87c8-445f-40fe-97ae-2bc30a04beb5@group-8E3261B42936-LeaderElection19] INFO  impl.LeaderElection (LeaderElection.java:logAndReturn(94)) -   Response 0: 9b8f87c8-445f-40fe-97ae-2bc30a04beb5<-c9e3b08e-4472-4268-809a-be763a4c0fdf#0:FAIL-t1
2022-08-20 07:52:59,568 [9b8f87c8-445f-40fe-97ae-2bc30a04beb5@group-8E3261B42936-LeaderElection19] INFO  impl.LeaderElection (LeaderElection.java:askForVotes(312)) - 9b8f87c8-445f-40fe-97ae-2bc30a04beb5@group-8E3261B42936-LeaderElection19 ELECTION round 0: result REJECTED
2022-08-20 07:52:59,568 [9b8f87c8-445f-40fe-97ae-2bc30a04beb5@group-8E3261B42936-LeaderElection19] INFO  server.RaftServer$Division (RaftServerImpl.java:setRole(299)) - 9b8f87c8-445f-40fe-97ae-2bc30a04beb5@group-8E3261B42936: changes role from CANDIDATE to FOLLOWER at term 1 for REJECTED
2022-08-20 07:52:59,568 [9b8f87c8-445f-40fe-97ae-2bc30a04beb5@group-8E3261B42936-LeaderElection19] INFO  impl.RoleInfo (RoleInfo.java:shutdownLeaderElection(130)) - 9b8f87c8-445f-40fe-97ae-2bc30a04beb5: shutdown 9b8f87c8-445f-40fe-97ae-2bc30a04beb5@group-8E3261B42936-LeaderElection19
2022-08-20 07:52:59,568 [9b8f87c8-445f-40fe-97ae-2bc30a04beb5@group-8E3261B42936-LeaderElection19] INFO  impl.RoleInfo (RoleInfo.java:updateAndGet(139)) - 9b8f87c8-445f-40fe-97ae-2bc30a04beb5: start 9b8f87c8-445f-40fe-97ae-2bc30a04beb5@group-8E3261B42936-FollowerState
2022-08-20 07:52:59,582 [7d464b4c-0df7-4a5f-b174-b285aa9576d2@group-8E3261B42936-FollowerState] INFO  impl.FollowerState (FollowerState.java:run(143)) - 7d464b4c-0df7-4a5f-b174-b285aa9576d2@group-8E3261B42936-FollowerState: change to CANDIDATE, lastRpcElapsedTime:5214815530ns, electionTimeout:5196ms
2022-08-20 07:52:59,582 [7d464b4c-0df7-4a5f-b174-b285aa9576d2@group-8E3261B42936-FollowerState] INFO  impl.RoleInfo (RoleInfo.java:shutdownFollowerState(110)) - 7d464b4c-0df7-4a5f-b174-b285aa9576d2: shutdown 7d464b4c-0df7-4a5f-b174-b285aa9576d2@group-8E3261B42936-FollowerState
2022-08-20 07:52:59,582 [7d464b4c-0df7-4a5f-b174-b285aa9576d2@group-8E3261B42936-FollowerState] INFO  server.RaftServer$Division (RaftServerImpl.java:setRole(299)) - 7d464b4c-0df7-4a5f-b174-b285aa9576d2@group-8E3261B42936: changes role from  FOLLOWER to CANDIDATE at term 0 for changeToCandidate
2022-08-20 07:52:59,582 [7d464b4c-0df7-4a5f-b174-b285aa9576d2@group-8E3261B42936-FollowerState] INFO  server.RaftServerConfigKeys (ConfUtils.java:logGet(46)) - raft.server.leaderelection.pre-vote = false (custom)
2022-08-20 07:52:59,583 [7d464b4c-0df7-4a5f-b174-b285aa9576d2@group-8E3261B42936-FollowerState] INFO  impl.RoleInfo (RoleInfo.java:updateAndGet(139)) - 7d464b4c-0df7-4a5f-b174-b285aa9576d2: start 7d464b4c-0df7-4a5f-b174-b285aa9576d2@group-8E3261B42936-LeaderElection21
2022-08-20 07:52:59,615 [grpc-default-executor-1] INFO  server.RaftServer$Division (RaftServerImpl.java:requestVote(1152)) - 7d464b4c-0df7-4a5f-b174-b285aa9576d2@group-8E3261B42936: receive requestVote(ELECTION, 9b8f87c8-445f-40fe-97ae-2bc30a04beb5, group-8E3261B42936, 1, (t:0, i:0))
2022-08-20 07:52:59,615 [grpc-default-executor-1] INFO  impl.VoteContext (VoteContext.java:log(48)) - 7d464b4c-0df7-4a5f-b174-b285aa9576d2@group-8E3261B42936-CANDIDATE: accept ELECTION from 9b8f87c8-445f-40fe-97ae-2bc30a04beb5: our priority 0 <= candidate's priority 0
2022-08-20 07:52:59,615 [grpc-default-executor-1] INFO  server.RaftServer$Division (RaftServerImpl.java:setRole(299)) - 7d464b4c-0df7-4a5f-b174-b285aa9576d2@group-8E3261B42936: changes role from CANDIDATE to FOLLOWER at term 1 for candidate:9b8f87c8-445f-40fe-97ae-2bc30a04beb5
2022-08-20 07:52:59,615 [grpc-default-executor-1] INFO  impl.RoleInfo (RoleInfo.java:shutdownLeaderElection(130)) - 7d464b4c-0df7-4a5f-b174-b285aa9576d2: shutdown 7d464b4c-0df7-4a5f-b174-b285aa9576d2@group-8E3261B42936-LeaderElection21
2022-08-20 07:52:59,615 [grpc-default-executor-1] INFO  impl.RoleInfo (RoleInfo.java:updateAndGet(139)) - 7d464b4c-0df7-4a5f-b174-b285aa9576d2: start 7d464b4c-0df7-4a5f-b174-b285aa9576d2@group-8E3261B42936-FollowerState
2022-08-20 07:52:59,620 [grpc-default-executor-1] INFO  server.RaftServer$Division (RaftServerImpl.java:requestVote(1184)) - 7d464b4c-0df7-4a5f-b174-b285aa9576d2@group-8E3261B42936 replies to ELECTION vote request: 9b8f87c8-445f-40fe-97ae-2bc30a04beb5<-7d464b4c-0df7-4a5f-b174-b285aa9576d2#0:OK-t1. Peer's state: 7d464b4c-0df7-4a5f-b174-b285aa9576d2@group-8E3261B42936:t1, leader=null, voted=9b8f87c8-445f-40fe-97ae-2bc30a04beb5, raftlog=7d464b4c-0df7-4a5f-b174-b285aa9576d2@group-8E3261B42936-SegmentedRaftLog:OPENED:c-1, conf=-1: [9b8f87c8-445f-40fe-97ae-2bc30a04beb5|rpc:10.1.0.10:43397|dataStream:|priority:0, 7d464b4c-0df7-4a5f-b174-b285aa9576d2|rpc:10.1.0.10:43361|dataStream:|priority:0, c9e3b08e-4472-4268-809a-be763a4c0fdf|rpc:10.1.0.10:45857|dataStream:|priority:1], old=null
2022-08-20 07:53:00,146 [7d464b4c-0df7-4a5f-b174-b285aa9576d2@group-5CEC56CCCE3D-FollowerState] INFO  impl.FollowerState (FollowerState.java:run(143)) - 7d464b4c-0df7-4a5f-b174-b285aa9576d2@group-5CEC56CCCE3D-FollowerState: change to CANDIDATE, lastRpcElapsedTime:5046517491ns, electionTimeout:5028ms
2022-08-20 07:53:00,146 [7d464b4c-0df7-4a5f-b174-b285aa9576d2@group-5CEC56CCCE3D-FollowerState] INFO  impl.RoleInfo (RoleInfo.java:shutdownFollowerState(110)) - 7d464b4c-0df7-4a5f-b174-b285aa9576d2: shutdown 7d464b4c-0df7-4a5f-b174-b285aa9576d2@group-5CEC56CCCE3D-FollowerState
2022-08-20 07:53:00,146 [7d464b4c-0df7-4a5f-b174-b285aa9576d2@group-5CEC56CCCE3D-FollowerState] INFO  server.RaftServer$Division (RaftServerImpl.java:setRole(299)) - 7d464b4c-0df7-4a5f-b174-b285aa9576d2@group-5CEC56CCCE3D: changes role from  FOLLOWER to CANDIDATE at term 0 for changeToCandidate
2022-08-20 07:53:00,147 [7d464b4c-0df7-4a5f-b174-b285aa9576d2@group-5CEC56CCCE3D-FollowerState] INFO  server.RaftServerConfigKeys (ConfUtils.java:logGet(46)) - raft.server.leaderelection.pre-vote = false (custom)
2022-08-20 07:53:00,147 [7d464b4c-0df7-4a5f-b174-b285aa9576d2@group-5CEC56CCCE3D-FollowerState] INFO  impl.RoleInfo (RoleInfo.java:updateAndGet(139)) - 7d464b4c-0df7-4a5f-b174-b285aa9576d2: start 7d464b4c-0df7-4a5f-b174-b285aa9576d2@group-5CEC56CCCE3D-LeaderElection22
2022-08-20 07:53:00,159 [7d464b4c-0df7-4a5f-b174-b285aa9576d2@group-5CEC56CCCE3D-LeaderElection22] INFO  impl.LeaderElection (LeaderElection.java:askForVotes(310)) - 7d464b4c-0df7-4a5f-b174-b285aa9576d2@group-5CEC56CCCE3D-LeaderElection22 ELECTION round 0: submit vote requests at term 1 for -1: [7d464b4c-0df7-4a5f-b174-b285aa9576d2|rpc:10.1.0.10:43361|priority:1], old=null
2022-08-20 07:53:00,159 [7d464b4c-0df7-4a5f-b174-b285aa9576d2@group-5CEC56CCCE3D-LeaderElection22] INFO  impl.LeaderElection (LeaderElection.java:askForVotes(312)) - 7d464b4c-0df7-4a5f-b174-b285aa9576d2@group-5CEC56CCCE3D-LeaderElection22 ELECTION round 0: result PASSED (term=1)
2022-08-20 07:53:00,159 [7d464b4c-0df7-4a5f-b174-b285aa9576d2@group-5CEC56CCCE3D-LeaderElection22] INFO  impl.RoleInfo (RoleInfo.java:shutdownLeaderElection(130)) - 7d464b4c-0df7-4a5f-b174-b285aa9576d2: shutdown 7d464b4c-0df7-4a5f-b174-b285aa9576d2@group-5CEC56CCCE3D-LeaderElection22
2022-08-20 07:53:00,159 [7d464b4c-0df7-4a5f-b174-b285aa9576d2@group-5CEC56CCCE3D-LeaderElection22] INFO  server.RaftServer$Division (RaftServerImpl.java:setRole(299)) - 7d464b4c-0df7-4a5f-b174-b285aa9576d2@group-5CEC56CCCE3D: changes role from CANDIDATE to LEADER at term 1 for changeToLeader
2022-08-20 07:53:00,159 [7d464b4c-0df7-4a5f-b174-b285aa9576d2@group-5CEC56CCCE3D-LeaderElection22] INFO  ratis.XceiverServerRatis (XceiverServerRatis.java:handleLeaderChangedNotification(863)) - Leader change notification received for group: group-5CEC56CCCE3D with new leaderId: 7d464b4c-0df7-4a5f-b174-b285aa9576d2
2022-08-20 07:53:00,159 [7d464b4c-0df7-4a5f-b174-b285aa9576d2@group-5CEC56CCCE3D-LeaderElection22] INFO  server.RaftServer$Division (ServerState.java:setLeader(287)) - 7d464b4c-0df7-4a5f-b174-b285aa9576d2@group-5CEC56CCCE3D: change Leader from null to 7d464b4c-0df7-4a5f-b174-b285aa9576d2 at term 1 for becomeLeader, leader elected after 5079ms
2022-08-20 07:53:00,159 [7d464b4c-0df7-4a5f-b174-b285aa9576d2@group-5CEC56CCCE3D-LeaderElection22] INFO  server.RaftServerConfigKeys (ConfUtils.java:logGet(46)) - raft.server.staging.catchup.gap = 1000 (default)
2022-08-20 07:53:00,159 [7d464b4c-0df7-4a5f-b174-b285aa9576d2@group-5CEC56CCCE3D-LeaderElection22] INFO  server.RaftServerConfigKeys (ConfUtils.java:logGet(46)) - raft.server.write.element-limit = 1024 (custom)
2022-08-20 07:53:00,159 [7d464b4c-0df7-4a5f-b174-b285aa9576d2@group-5CEC56CCCE3D-LeaderElection22] INFO  server.RaftServerConfigKeys (ConfUtils.java:logGet(46)) - raft.server.write.byte-limit = 1024 M (=1073741824) (custom)
2022-08-20 07:53:00,160 [EventQueue-OpenPipelineForHealthyPipelineSafeModeRule] INFO  safemode.SCMSafeModeManager (HealthyPipelineSafeModeRule.java:process(137)) - SCM in safe mode. Healthy pipelines reported count is 0, required healthy pipeline reported count is 1
2022-08-20 07:53:00,160 [7d464b4c-0df7-4a5f-b174-b285aa9576d2@group-5CEC56CCCE3D-LeaderElection22] INFO  server.RaftServerConfigKeys (ConfUtils.java:logGet(46)) - raft.server.watch.timeout = 180s (custom)
2022-08-20 07:53:00,160 [7d464b4c-0df7-4a5f-b174-b285aa9576d2@group-5CEC56CCCE3D-LeaderElection22] INFO  server.RaftServerConfigKeys (ConfUtils.java:logGet(46)) - raft.server.watch.timeout.denomination = 1s (default)
2022-08-20 07:53:00,160 [7d464b4c-0df7-4a5f-b174-b285aa9576d2@group-5CEC56CCCE3D-LeaderElection22] INFO  server.RaftServerConfigKeys (ConfUtils.java:logGet(46)) - raft.server.watch.element-limit = 65536 (default)
2022-08-20 07:53:00,161 [7d464b4c-0df7-4a5f-b174-b285aa9576d2@group-5CEC56CCCE3D-LeaderElection22] INFO  server.RaftServerConfigKeys (ConfUtils.java:logGet(46)) - raft.server.write.element-limit = 1024 (custom)
2022-08-20 07:53:00,161 [7d464b4c-0df7-4a5f-b174-b285aa9576d2@group-5CEC56CCCE3D-LeaderElection22] INFO  server.RaftServerConfigKeys (ConfUtils.java:logGet(46)) - raft.server.write.follower.gap.ratio.max = -1.0 (default)
2022-08-20 07:53:00,161 [7d464b4c-0df7-4a5f-b174-b285aa9576d2@group-5CEC56CCCE3D-LeaderElection22] INFO  impl.RoleInfo (RoleInfo.java:updateAndGet(139)) - 7d464b4c-0df7-4a5f-b174-b285aa9576d2: start 7d464b4c-0df7-4a5f-b174-b285aa9576d2@group-5CEC56CCCE3D-LeaderStateImpl
2022-08-20 07:53:00,161 [7d464b4c-0df7-4a5f-b174-b285aa9576d2@group-5CEC56CCCE3D-LeaderElection22] INFO  segmented.SegmentedRaftLogWorker (SegmentedRaftLogWorker.java:startLogSegment(425)) - 7d464b4c-0df7-4a5f-b174-b285aa9576d2@group-5CEC56CCCE3D-SegmentedRaftLogWorker: Starting segment from index:0
2022-08-20 07:53:00,167 [7d464b4c-0df7-4a5f-b174-b285aa9576d2@group-5CEC56CCCE3D-LeaderElection22] INFO  server.RaftServer$Division (ServerState.java:setRaftConf(393)) - 7d464b4c-0df7-4a5f-b174-b285aa9576d2@group-5CEC56CCCE3D: set configuration 0: [7d464b4c-0df7-4a5f-b174-b285aa9576d2|rpc:10.1.0.10:43361|dataStream:|priority:1], old=null
2022-08-20 07:53:00,181 [7d464b4c-0df7-4a5f-b174-b285aa9576d2@group-5CEC56CCCE3D-SegmentedRaftLogWorker] INFO  segmented.SegmentedRaftLogWorker (SegmentedRaftLogWorker.java:execute(629)) - 7d464b4c-0df7-4a5f-b174-b285aa9576d2@group-5CEC56CCCE3D-SegmentedRaftLogWorker: created new log segment /home/runner/work/ozone/ozone/hadoop-ozone/integration-test/target/test-dir/MiniOzoneClusterImpl-944d7f12-74bf-410a-af98-bfd2a7f98119/datanode-2/data/ratis/de5cf736-ced6-4cd8-9721-5cec56ccce3d/current/log_inprogress_0
2022-08-20 07:53:00,412 [Listener at 127.0.0.1/35463] INFO  ozone.MiniOzoneClusterImpl (MiniOzoneClusterImpl.java:lambda$waitForClusterToBeReady$0(216)) - Nodes are ready. Got 5 of 5 DN Heartbeats.
2022-08-20 07:53:00,413 [Listener at 127.0.0.1/35463] INFO  ozone.MiniOzoneClusterImpl (MiniOzoneClusterImpl.java:lambda$waitForClusterToBeReady$0(219)) - Waiting for cluster to exit safe mode
2022-08-20 07:53:00,413 [Listener at 127.0.0.1/35463] INFO  ozone.MiniOzoneClusterImpl (MiniOzoneClusterImpl.java:lambda$waitForClusterToBeReady$0(221)) - SCM became leader
2022-08-20 07:53:01,066 [b9d8039b-b7df-40fa-a602-f2ca89962f7c@group-D3B5092BAFA5-FollowerState] INFO  impl.FollowerState (FollowerState.java:run(143)) - b9d8039b-b7df-40fa-a602-f2ca89962f7c@group-D3B5092BAFA5-FollowerState: change to CANDIDATE, lastRpcElapsedTime:5205383685ns, electionTimeout:5147ms
2022-08-20 07:53:01,066 [b9d8039b-b7df-40fa-a602-f2ca89962f7c@group-D3B5092BAFA5-FollowerState] INFO  impl.RoleInfo (RoleInfo.java:shutdownFollowerState(110)) - b9d8039b-b7df-40fa-a602-f2ca89962f7c: shutdown b9d8039b-b7df-40fa-a602-f2ca89962f7c@group-D3B5092BAFA5-FollowerState
2022-08-20 07:53:01,066 [b9d8039b-b7df-40fa-a602-f2ca89962f7c@group-D3B5092BAFA5-FollowerState] INFO  server.RaftServer$Division (RaftServerImpl.java:setRole(299)) - b9d8039b-b7df-40fa-a602-f2ca89962f7c@group-D3B5092BAFA5: changes role from  FOLLOWER to CANDIDATE at term 0 for changeToCandidate
2022-08-20 07:53:01,067 [b9d8039b-b7df-40fa-a602-f2ca89962f7c@group-D3B5092BAFA5-FollowerState] INFO  server.RaftServerConfigKeys (ConfUtils.java:logGet(46)) - raft.server.leaderelection.pre-vote = false (custom)
2022-08-20 07:53:01,067 [b9d8039b-b7df-40fa-a602-f2ca89962f7c@group-D3B5092BAFA5-FollowerState] INFO  impl.RoleInfo (RoleInfo.java:updateAndGet(139)) - b9d8039b-b7df-40fa-a602-f2ca89962f7c: start b9d8039b-b7df-40fa-a602-f2ca89962f7c@group-D3B5092BAFA5-LeaderElection23
2022-08-20 07:53:01,071 [org.apache.ratis.util.JvmPauseMonitor$$Lambda$621/1550133838@348c1fc6] WARN  util.JvmPauseMonitor (JvmPauseMonitor.java:detectPause(124)) - JvmPauseMonitor-b9d8039b-b7df-40fa-a602-f2ca89962f7c: Detected pause in JVM or host machine (eg GC): pause of approximately 143039214ns.
GC pool 'PS MarkSweep' had collection(s): count=1 time=198ms
GC pool 'PS Scavenge' had collection(s): count=2 time=25ms
2022-08-20 07:53:01,095 [b9d8039b-b7df-40fa-a602-f2ca89962f7c@group-D3B5092BAFA5-LeaderElection23] INFO  impl.LeaderElection (LeaderElection.java:askForVotes(310)) - b9d8039b-b7df-40fa-a602-f2ca89962f7c@group-D3B5092BAFA5-LeaderElection23 ELECTION round 0: submit vote requests at term 1 for -1: [b9d8039b-b7df-40fa-a602-f2ca89962f7c|rpc:10.1.0.10:43069|priority:1], old=null
2022-08-20 07:53:01,095 [b9d8039b-b7df-40fa-a602-f2ca89962f7c@group-D3B5092BAFA5-LeaderElection23] INFO  impl.LeaderElection (LeaderElection.java:askForVotes(312)) - b9d8039b-b7df-40fa-a602-f2ca89962f7c@group-D3B5092BAFA5-LeaderElection23 ELECTION round 0: result PASSED (term=1)
2022-08-20 07:53:01,095 [b9d8039b-b7df-40fa-a602-f2ca89962f7c@group-D3B5092BAFA5-LeaderElection23] INFO  impl.RoleInfo (RoleInfo.java:shutdownLeaderElection(130)) - b9d8039b-b7df-40fa-a602-f2ca89962f7c: shutdown b9d8039b-b7df-40fa-a602-f2ca89962f7c@group-D3B5092BAFA5-LeaderElection23
2022-08-20 07:53:01,095 [b9d8039b-b7df-40fa-a602-f2ca89962f7c@group-D3B5092BAFA5-LeaderElection23] INFO  server.RaftServer$Division (RaftServerImpl.java:setRole(299)) - b9d8039b-b7df-40fa-a602-f2ca89962f7c@group-D3B5092BAFA5: changes role from CANDIDATE to LEADER at term 1 for changeToLeader
2022-08-20 07:53:01,095 [b9d8039b-b7df-40fa-a602-f2ca89962f7c@group-D3B5092BAFA5-LeaderElection23] INFO  ratis.XceiverServerRatis (XceiverServerRatis.java:handleLeaderChangedNotification(863)) - Leader change notification received for group: group-D3B5092BAFA5 with new leaderId: b9d8039b-b7df-40fa-a602-f2ca89962f7c
2022-08-20 07:53:01,095 [b9d8039b-b7df-40fa-a602-f2ca89962f7c@group-D3B5092BAFA5-LeaderElection23] INFO  server.RaftServer$Division (ServerState.java:setLeader(287)) - b9d8039b-b7df-40fa-a602-f2ca89962f7c@group-D3B5092BAFA5: change Leader from null to b9d8039b-b7df-40fa-a602-f2ca89962f7c at term 1 for becomeLeader, leader elected after 5255ms
2022-08-20 07:53:01,095 [b9d8039b-b7df-40fa-a602-f2ca89962f7c@group-D3B5092BAFA5-LeaderElection23] INFO  server.RaftServerConfigKeys (ConfUtils.java:logGet(46)) - raft.server.staging.catchup.gap = 1000 (default)
2022-08-20 07:53:01,098 [EventQueue-OpenPipelineForHealthyPipelineSafeModeRule] INFO  safemode.SCMSafeModeManager (HealthyPipelineSafeModeRule.java:process(137)) - SCM in safe mode. Healthy pipelines reported count is 0, required healthy pipeline reported count is 1
2022-08-20 07:53:01,098 [b9d8039b-b7df-40fa-a602-f2ca89962f7c@group-D3B5092BAFA5-LeaderElection23] INFO  server.RaftServerConfigKeys (ConfUtils.java:logGet(46)) - raft.server.write.element-limit = 1024 (custom)
2022-08-20 07:53:01,099 [b9d8039b-b7df-40fa-a602-f2ca89962f7c@group-D3B5092BAFA5-LeaderElection23] INFO  server.RaftServerConfigKeys (ConfUtils.java:logGet(46)) - raft.server.write.byte-limit = 1024 M (=1073741824) (custom)
2022-08-20 07:53:01,099 [b9d8039b-b7df-40fa-a602-f2ca89962f7c@group-D3B5092BAFA5-LeaderElection23] INFO  server.RaftServerConfigKeys (ConfUtils.java:logGet(46)) - raft.server.watch.timeout = 180s (custom)
2022-08-20 07:53:01,099 [b9d8039b-b7df-40fa-a602-f2ca89962f7c@group-D3B5092BAFA5-LeaderElection23] INFO  server.RaftServerConfigKeys (ConfUtils.java:logGet(46)) - raft.server.watch.timeout.denomination = 1s (default)
2022-08-20 07:53:01,099 [b9d8039b-b7df-40fa-a602-f2ca89962f7c@group-D3B5092BAFA5-LeaderElection23] INFO  server.RaftServerConfigKeys (ConfUtils.java:logGet(46)) - raft.server.watch.element-limit = 65536 (default)
2022-08-20 07:53:01,099 [b9d8039b-b7df-40fa-a602-f2ca89962f7c@group-D3B5092BAFA5-LeaderElection23] INFO  server.RaftServerConfigKeys (ConfUtils.java:logGet(46)) - raft.server.write.element-limit = 1024 (custom)
2022-08-20 07:53:01,099 [b9d8039b-b7df-40fa-a602-f2ca89962f7c@group-D3B5092BAFA5-LeaderElection23] INFO  server.RaftServerConfigKeys (ConfUtils.java:logGet(46)) - raft.server.write.follower.gap.ratio.max = -1.0 (default)
2022-08-20 07:53:01,099 [b9d8039b-b7df-40fa-a602-f2ca89962f7c@group-D3B5092BAFA5-LeaderElection23] INFO  impl.RoleInfo (RoleInfo.java:updateAndGet(139)) - b9d8039b-b7df-40fa-a602-f2ca89962f7c: start b9d8039b-b7df-40fa-a602-f2ca89962f7c@group-D3B5092BAFA5-LeaderStateImpl
2022-08-20 07:53:01,099 [b9d8039b-b7df-40fa-a602-f2ca89962f7c@group-D3B5092BAFA5-LeaderElection23] INFO  segmented.SegmentedRaftLogWorker (SegmentedRaftLogWorker.java:startLogSegment(425)) - b9d8039b-b7df-40fa-a602-f2ca89962f7c@group-D3B5092BAFA5-SegmentedRaftLogWorker: Starting segment from index:0
2022-08-20 07:53:01,101 [b9d8039b-b7df-40fa-a602-f2ca89962f7c@group-D3B5092BAFA5-SegmentedRaftLogWorker] INFO  segmented.SegmentedRaftLogWorker (SegmentedRaftLogWorker.java:execute(629)) - b9d8039b-b7df-40fa-a602-f2ca89962f7c@group-D3B5092BAFA5-SegmentedRaftLogWorker: created new log segment /home/runner/work/ozone/ozone/hadoop-ozone/integration-test/target/test-dir/MiniOzoneClusterImpl-944d7f12-74bf-410a-af98-bfd2a7f98119/datanode-3/data/ratis/0d9f6d03-c50e-4535-8889-d3b5092bafa5/current/log_inprogress_0
2022-08-20 07:53:01,114 [b9d8039b-b7df-40fa-a602-f2ca89962f7c@group-D3B5092BAFA5-LeaderElection23] INFO  server.RaftServer$Division (ServerState.java:setRaftConf(393)) - b9d8039b-b7df-40fa-a602-f2ca89962f7c@group-D3B5092BAFA5: set configuration 0: [b9d8039b-b7df-40fa-a602-f2ca89962f7c|rpc:10.1.0.10:43069|dataStream:|priority:1], old=null
2022-08-20 07:53:01,413 [Listener at 127.0.0.1/35463] INFO  ozone.MiniOzoneClusterImpl (MiniOzoneClusterImpl.java:lambda$waitForClusterToBeReady$0(216)) - Nodes are ready. Got 5 of 5 DN Heartbeats.
2022-08-20 07:53:01,413 [Listener at 127.0.0.1/35463] INFO  ozone.MiniOzoneClusterImpl (MiniOzoneClusterImpl.java:lambda$waitForClusterToBeReady$0(219)) - Waiting for cluster to exit safe mode
2022-08-20 07:53:01,413 [Listener at 127.0.0.1/35463] INFO  ozone.MiniOzoneClusterImpl (MiniOzoneClusterImpl.java:lambda$waitForClusterToBeReady$0(221)) - SCM became leader
2022-08-20 07:53:01,444 [UnderReplicatedQueueThreadThread] INFO  replication.UnderReplicatedProcessor (UnderReplicatedProcessor.java:processAll(85)) - Processed 0 under replicated containers, failed processing 0
2022-08-20 07:53:01,455 [OverReplicatedQueueThreadThread] INFO  replication.OverReplicatedProcessor (OverReplicatedProcessor.java:processAll(83)) - Processed 0 over replicated containers, failed processing 0
2022-08-20 07:53:01,607 [5e69242a-7cdd-4975-9644-d62436b68246@group-FAD3C5F18392-FollowerState] INFO  impl.FollowerState (FollowerState.java:run(143)) - 5e69242a-7cdd-4975-9644-d62436b68246@group-FAD3C5F18392-FollowerState: change to CANDIDATE, lastRpcElapsedTime:5106250150ns, electionTimeout:5095ms
2022-08-20 07:53:01,607 [5e69242a-7cdd-4975-9644-d62436b68246@group-FAD3C5F18392-FollowerState] INFO  impl.RoleInfo (RoleInfo.java:shutdownFollowerState(110)) - 5e69242a-7cdd-4975-9644-d62436b68246: shutdown 5e69242a-7cdd-4975-9644-d62436b68246@group-FAD3C5F18392-FollowerState
2022-08-20 07:53:01,607 [5e69242a-7cdd-4975-9644-d62436b68246@group-FAD3C5F18392-FollowerState] INFO  server.RaftServer$Division (RaftServerImpl.java:setRole(299)) - 5e69242a-7cdd-4975-9644-d62436b68246@group-FAD3C5F18392: changes role from  FOLLOWER to CANDIDATE at term 0 for changeToCandidate
2022-08-20 07:53:01,607 [5e69242a-7cdd-4975-9644-d62436b68246@group-FAD3C5F18392-FollowerState] INFO  server.RaftServerConfigKeys (ConfUtils.java:logGet(46)) - raft.server.leaderelection.pre-vote = false (custom)
2022-08-20 07:53:01,607 [5e69242a-7cdd-4975-9644-d62436b68246@group-FAD3C5F18392-FollowerState] INFO  impl.RoleInfo (RoleInfo.java:updateAndGet(139)) - 5e69242a-7cdd-4975-9644-d62436b68246: start 5e69242a-7cdd-4975-9644-d62436b68246@group-FAD3C5F18392-LeaderElection24
2022-08-20 07:53:01,636 [5e69242a-7cdd-4975-9644-d62436b68246@group-FAD3C5F18392-LeaderElection24] INFO  impl.LeaderElection (LeaderElection.java:askForVotes(310)) - 5e69242a-7cdd-4975-9644-d62436b68246@group-FAD3C5F18392-LeaderElection24 ELECTION round 0: submit vote requests at term 1 for -1: [5e69242a-7cdd-4975-9644-d62436b68246|rpc:10.1.0.10:46631|priority:1], old=null
2022-08-20 07:53:01,636 [5e69242a-7cdd-4975-9644-d62436b68246@group-FAD3C5F18392-LeaderElection24] INFO  impl.LeaderElection (LeaderElection.java:askForVotes(312)) - 5e69242a-7cdd-4975-9644-d62436b68246@group-FAD3C5F18392-LeaderElection24 ELECTION round 0: result PASSED (term=1)
2022-08-20 07:53:01,636 [5e69242a-7cdd-4975-9644-d62436b68246@group-FAD3C5F18392-LeaderElection24] INFO  impl.RoleInfo (RoleInfo.java:shutdownLeaderElection(130)) - 5e69242a-7cdd-4975-9644-d62436b68246: shutdown 5e69242a-7cdd-4975-9644-d62436b68246@group-FAD3C5F18392-LeaderElection24
2022-08-20 07:53:01,636 [5e69242a-7cdd-4975-9644-d62436b68246@group-FAD3C5F18392-LeaderElection24] INFO  server.RaftServer$Division (RaftServerImpl.java:setRole(299)) - 5e69242a-7cdd-4975-9644-d62436b68246@group-FAD3C5F18392: changes role from CANDIDATE to LEADER at term 1 for changeToLeader
2022-08-20 07:53:01,636 [5e69242a-7cdd-4975-9644-d62436b68246@group-FAD3C5F18392-LeaderElection24] INFO  ratis.XceiverServerRatis (XceiverServerRatis.java:handleLeaderChangedNotification(863)) - Leader change notification received for group: group-FAD3C5F18392 with new leaderId: 5e69242a-7cdd-4975-9644-d62436b68246
2022-08-20 07:53:01,636 [5e69242a-7cdd-4975-9644-d62436b68246@group-FAD3C5F18392-LeaderElection24] INFO  server.RaftServer$Division (ServerState.java:setLeader(287)) - 5e69242a-7cdd-4975-9644-d62436b68246@group-FAD3C5F18392: change Leader from null to 5e69242a-7cdd-4975-9644-d62436b68246 at term 1 for becomeLeader, leader elected after 5157ms
2022-08-20 07:53:01,636 [5e69242a-7cdd-4975-9644-d62436b68246@group-FAD3C5F18392-LeaderElection24] INFO  server.RaftServerConfigKeys (ConfUtils.java:logGet(46)) - raft.server.staging.catchup.gap = 1000 (default)
2022-08-20 07:53:01,637 [5e69242a-7cdd-4975-9644-d62436b68246@group-FAD3C5F18392-LeaderElection24] INFO  server.RaftServerConfigKeys (ConfUtils.java:logGet(46)) - raft.server.write.element-limit = 1024 (custom)
2022-08-20 07:53:01,637 [5e69242a-7cdd-4975-9644-d62436b68246@group-FAD3C5F18392-LeaderElection24] INFO  server.RaftServerConfigKeys (ConfUtils.java:logGet(46)) - raft.server.write.byte-limit = 1024 M (=1073741824) (custom)
2022-08-20 07:53:01,637 [5e69242a-7cdd-4975-9644-d62436b68246@group-FAD3C5F18392-LeaderElection24] INFO  server.RaftServerConfigKeys (ConfUtils.java:logGet(46)) - raft.server.watch.timeout = 180s (custom)
2022-08-20 07:53:01,637 [5e69242a-7cdd-4975-9644-d62436b68246@group-FAD3C5F18392-LeaderElection24] INFO  server.RaftServerConfigKeys (ConfUtils.java:logGet(46)) - raft.server.watch.timeout.denomination = 1s (default)
2022-08-20 07:53:01,637 [5e69242a-7cdd-4975-9644-d62436b68246@group-FAD3C5F18392-LeaderElection24] INFO  server.RaftServerConfigKeys (ConfUtils.java:logGet(46)) - raft.server.watch.element-limit = 65536 (default)
2022-08-20 07:53:01,637 [5e69242a-7cdd-4975-9644-d62436b68246@group-FAD3C5F18392-LeaderElection24] INFO  server.RaftServerConfigKeys (ConfUtils.java:logGet(46)) - raft.server.write.element-limit = 1024 (custom)
2022-08-20 07:53:01,637 [5e69242a-7cdd-4975-9644-d62436b68246@group-FAD3C5F18392-LeaderElection24] INFO  server.RaftServerConfigKeys (ConfUtils.java:logGet(46)) - raft.server.write.follower.gap.ratio.max = -1.0 (default)
2022-08-20 07:53:01,637 [5e69242a-7cdd-4975-9644-d62436b68246@group-FAD3C5F18392-LeaderElection24] INFO  impl.RoleInfo (RoleInfo.java:updateAndGet(139)) - 5e69242a-7cdd-4975-9644-d62436b68246: start 5e69242a-7cdd-4975-9644-d62436b68246@group-FAD3C5F18392-LeaderStateImpl
2022-08-20 07:53:01,637 [5e69242a-7cdd-4975-9644-d62436b68246@group-FAD3C5F18392-LeaderElection24] INFO  segmented.SegmentedRaftLogWorker (SegmentedRaftLogWorker.java:startLogSegment(425)) - 5e69242a-7cdd-4975-9644-d62436b68246@group-FAD3C5F18392-SegmentedRaftLogWorker: Starting segment from index:0
2022-08-20 07:53:01,645 [5e69242a-7cdd-4975-9644-d62436b68246@group-FAD3C5F18392-LeaderElection24] INFO  server.RaftServer$Division (ServerState.java:setRaftConf(393)) - 5e69242a-7cdd-4975-9644-d62436b68246@group-FAD3C5F18392: set configuration 0: [5e69242a-7cdd-4975-9644-d62436b68246|rpc:10.1.0.10:46631|dataStream:|priority:1], old=null
2022-08-20 07:53:01,646 [EventQueue-OpenPipelineForHealthyPipelineSafeModeRule] INFO  safemode.SCMSafeModeManager (HealthyPipelineSafeModeRule.java:process(137)) - SCM in safe mode. Healthy pipelines reported count is 0, required healthy pipeline reported count is 1
2022-08-20 07:53:01,651 [5e69242a-7cdd-4975-9644-d62436b68246@group-FAD3C5F18392-SegmentedRaftLogWorker] INFO  segmented.SegmentedRaftLogWorker (SegmentedRaftLogWorker.java:execute(629)) - 5e69242a-7cdd-4975-9644-d62436b68246@group-FAD3C5F18392-SegmentedRaftLogWorker: created new log segment /home/runner/work/ozone/ozone/hadoop-ozone/integration-test/target/test-dir/MiniOzoneClusterImpl-944d7f12-74bf-410a-af98-bfd2a7f98119/datanode-4/data/ratis/8f69412f-64d0-488c-a4c5-fad3c5f18392/current/log_inprogress_0
2022-08-20 07:53:02,414 [Listener at 127.0.0.1/35463] INFO  ozone.MiniOzoneClusterImpl (MiniOzoneClusterImpl.java:lambda$waitForClusterToBeReady$0(216)) - Nodes are ready. Got 5 of 5 DN Heartbeats.
2022-08-20 07:53:02,414 [Listener at 127.0.0.1/35463] INFO  ozone.MiniOzoneClusterImpl (MiniOzoneClusterImpl.java:lambda$waitForClusterToBeReady$0(219)) - Waiting for cluster to exit safe mode
2022-08-20 07:53:02,414 [Listener at 127.0.0.1/35463] INFO  ozone.MiniOzoneClusterImpl (MiniOzoneClusterImpl.java:lambda$waitForClusterToBeReady$0(221)) - SCM became leader
2022-08-20 07:53:03,414 [Listener at 127.0.0.1/35463] INFO  ozone.MiniOzoneClusterImpl (MiniOzoneClusterImpl.java:lambda$waitForClusterToBeReady$0(216)) - Nodes are ready. Got 5 of 5 DN Heartbeats.
2022-08-20 07:53:03,414 [Listener at 127.0.0.1/35463] INFO  ozone.MiniOzoneClusterImpl (MiniOzoneClusterImpl.java:lambda$waitForClusterToBeReady$0(219)) - Waiting for cluster to exit safe mode
2022-08-20 07:53:03,414 [Listener at 127.0.0.1/35463] INFO  ozone.MiniOzoneClusterImpl (MiniOzoneClusterImpl.java:lambda$waitForClusterToBeReady$0(221)) - SCM became leader
2022-08-20 07:53:04,159 [9b8f87c8-445f-40fe-97ae-2bc30a04beb5@group-FDC90BB2F919-FollowerState] INFO  impl.FollowerState (FollowerState.java:run(143)) - 9b8f87c8-445f-40fe-97ae-2bc30a04beb5@group-FDC90BB2F919-FollowerState: change to CANDIDATE, lastRpcElapsedTime:5043699573ns, electionTimeout:5011ms
2022-08-20 07:53:04,159 [9b8f87c8-445f-40fe-97ae-2bc30a04beb5@group-FDC90BB2F919-FollowerState] INFO  impl.RoleInfo (RoleInfo.java:shutdownFollowerState(110)) - 9b8f87c8-445f-40fe-97ae-2bc30a04beb5: shutdown 9b8f87c8-445f-40fe-97ae-2bc30a04beb5@group-FDC90BB2F919-FollowerState
2022-08-20 07:53:04,159 [9b8f87c8-445f-40fe-97ae-2bc30a04beb5@group-FDC90BB2F919-FollowerState] INFO  server.RaftServer$Division (RaftServerImpl.java:setRole(299)) - 9b8f87c8-445f-40fe-97ae-2bc30a04beb5@group-FDC90BB2F919: changes role from  FOLLOWER to CANDIDATE at term 1 for changeToCandidate
2022-08-20 07:53:04,159 [9b8f87c8-445f-40fe-97ae-2bc30a04beb5@group-FDC90BB2F919-FollowerState] INFO  server.RaftServerConfigKeys (ConfUtils.java:logGet(46)) - raft.server.leaderelection.pre-vote = false (custom)
2022-08-20 07:53:04,159 [9b8f87c8-445f-40fe-97ae-2bc30a04beb5@group-FDC90BB2F919-FollowerState] INFO  impl.RoleInfo (RoleInfo.java:updateAndGet(139)) - 9b8f87c8-445f-40fe-97ae-2bc30a04beb5: start 9b8f87c8-445f-40fe-97ae-2bc30a04beb5@group-FDC90BB2F919-LeaderElection25
2022-08-20 07:53:04,183 [9b8f87c8-445f-40fe-97ae-2bc30a04beb5@group-FDC90BB2F919-LeaderElection25] INFO  impl.LeaderElection (LeaderElection.java:askForVotes(310)) - 9b8f87c8-445f-40fe-97ae-2bc30a04beb5@group-FDC90BB2F919-LeaderElection25 ELECTION round 0: submit vote requests at term 2 for -1: [7d464b4c-0df7-4a5f-b174-b285aa9576d2|rpc:10.1.0.10:43361|priority:1, 9b8f87c8-445f-40fe-97ae-2bc30a04beb5|rpc:10.1.0.10:43397|priority:0, c9e3b08e-4472-4268-809a-be763a4c0fdf|rpc:10.1.0.10:45857|priority:0], old=null
2022-08-20 07:53:04,186 [7d464b4c-0df7-4a5f-b174-b285aa9576d2@group-FDC90BB2F919-FollowerState] INFO  impl.FollowerState (FollowerState.java:run(143)) - 7d464b4c-0df7-4a5f-b174-b285aa9576d2@group-FDC90BB2F919-FollowerState: change to CANDIDATE, lastRpcElapsedTime:5079344229ns, electionTimeout:5077ms
2022-08-20 07:53:04,187 [7d464b4c-0df7-4a5f-b174-b285aa9576d2@group-FDC90BB2F919-FollowerState] INFO  impl.RoleInfo (RoleInfo.java:shutdownFollowerState(110)) - 7d464b4c-0df7-4a5f-b174-b285aa9576d2: shutdown 7d464b4c-0df7-4a5f-b174-b285aa9576d2@group-FDC90BB2F919-FollowerState
2022-08-20 07:53:04,187 [7d464b4c-0df7-4a5f-b174-b285aa9576d2@group-FDC90BB2F919-FollowerState] INFO  server.RaftServer$Division (RaftServerImpl.java:setRole(299)) - 7d464b4c-0df7-4a5f-b174-b285aa9576d2@group-FDC90BB2F919: changes role from  FOLLOWER to CANDIDATE at term 1 for changeToCandidate
2022-08-20 07:53:04,193 [7d464b4c-0df7-4a5f-b174-b285aa9576d2@group-FDC90BB2F919-FollowerState] INFO  server.RaftServerConfigKeys (ConfUtils.java:logGet(46)) - raft.server.leaderelection.pre-vote = false (custom)
2022-08-20 07:53:04,193 [7d464b4c-0df7-4a5f-b174-b285aa9576d2@group-FDC90BB2F919-FollowerState] INFO  impl.RoleInfo (RoleInfo.java:updateAndGet(139)) - 7d464b4c-0df7-4a5f-b174-b285aa9576d2: start 7d464b4c-0df7-4a5f-b174-b285aa9576d2@group-FDC90BB2F919-LeaderElection26
2022-08-20 07:53:04,211 [grpc-default-executor-1] INFO  server.RaftServer$Division (RaftServerImpl.java:requestVote(1152)) - 7d464b4c-0df7-4a5f-b174-b285aa9576d2@group-FDC90BB2F919: receive requestVote(ELECTION, 9b8f87c8-445f-40fe-97ae-2bc30a04beb5, group-FDC90BB2F919, 2, (t:0, i:0))
2022-08-20 07:53:04,211 [grpc-default-executor-0] INFO  server.RaftServer$Division (RaftServerImpl.java:requestVote(1152)) - c9e3b08e-4472-4268-809a-be763a4c0fdf@group-FDC90BB2F919: receive requestVote(ELECTION, 9b8f87c8-445f-40fe-97ae-2bc30a04beb5, group-FDC90BB2F919, 2, (t:0, i:0))
2022-08-20 07:53:04,211 [grpc-default-executor-0] INFO  impl.VoteContext (VoteContext.java:log(48)) - c9e3b08e-4472-4268-809a-be763a4c0fdf@group-FDC90BB2F919-FOLLOWER: accept ELECTION from 9b8f87c8-445f-40fe-97ae-2bc30a04beb5: our priority 0 <= candidate's priority 0
2022-08-20 07:53:04,211 [grpc-default-executor-0] INFO  server.RaftServer$Division (RaftServerImpl.java:setRole(299)) - c9e3b08e-4472-4268-809a-be763a4c0fdf@group-FDC90BB2F919: changes role from  FOLLOWER to FOLLOWER at term 2 for candidate:9b8f87c8-445f-40fe-97ae-2bc30a04beb5
2022-08-20 07:53:04,211 [grpc-default-executor-0] INFO  impl.RoleInfo (RoleInfo.java:shutdownFollowerState(110)) - c9e3b08e-4472-4268-809a-be763a4c0fdf: shutdown c9e3b08e-4472-4268-809a-be763a4c0fdf@group-FDC90BB2F919-FollowerState
2022-08-20 07:53:04,211 [grpc-default-executor-0] INFO  impl.RoleInfo (RoleInfo.java:updateAndGet(139)) - c9e3b08e-4472-4268-809a-be763a4c0fdf: start c9e3b08e-4472-4268-809a-be763a4c0fdf@group-FDC90BB2F919-FollowerState
2022-08-20 07:53:04,212 [c9e3b08e-4472-4268-809a-be763a4c0fdf@group-FDC90BB2F919-FollowerState] INFO  impl.FollowerState (FollowerState.java:run(152)) - c9e3b08e-4472-4268-809a-be763a4c0fdf@group-FDC90BB2F919-FollowerState was interrupted
2022-08-20 07:53:04,214 [grpc-default-executor-0] INFO  server.RaftServer$Division (RaftServerImpl.java:requestVote(1184)) - c9e3b08e-4472-4268-809a-be763a4c0fdf@group-FDC90BB2F919 replies to ELECTION vote request: 9b8f87c8-445f-40fe-97ae-2bc30a04beb5<-c9e3b08e-4472-4268-809a-be763a4c0fdf#0:OK-t2. Peer's state: c9e3b08e-4472-4268-809a-be763a4c0fdf@group-FDC90BB2F919:t2, leader=null, voted=9b8f87c8-445f-40fe-97ae-2bc30a04beb5, raftlog=c9e3b08e-4472-4268-809a-be763a4c0fdf@group-FDC90BB2F919-SegmentedRaftLog:OPENED:c-1, conf=-1: [7d464b4c-0df7-4a5f-b174-b285aa9576d2|rpc:10.1.0.10:43361|dataStream:|priority:1, 9b8f87c8-445f-40fe-97ae-2bc30a04beb5|rpc:10.1.0.10:43397|dataStream:|priority:0, c9e3b08e-4472-4268-809a-be763a4c0fdf|rpc:10.1.0.10:45857|dataStream:|priority:0], old=null
2022-08-20 07:53:04,223 [grpc-default-executor-1] INFO  impl.VoteContext (VoteContext.java:log(48)) - 7d464b4c-0df7-4a5f-b174-b285aa9576d2@group-FDC90BB2F919-CANDIDATE: reject ELECTION from 9b8f87c8-445f-40fe-97ae-2bc30a04beb5: our priority 1 > candidate's priority 0
2022-08-20 07:53:04,223 [grpc-default-executor-1] INFO  server.RaftServer$Division (RaftServerImpl.java:setRole(299)) - 7d464b4c-0df7-4a5f-b174-b285aa9576d2@group-FDC90BB2F919: changes role from CANDIDATE to FOLLOWER at term 2 for candidate:9b8f87c8-445f-40fe-97ae-2bc30a04beb5
2022-08-20 07:53:04,223 [grpc-default-executor-1] INFO  impl.RoleInfo (RoleInfo.java:shutdownLeaderElection(130)) - 7d464b4c-0df7-4a5f-b174-b285aa9576d2: shutdown 7d464b4c-0df7-4a5f-b174-b285aa9576d2@group-FDC90BB2F919-LeaderElection26
2022-08-20 07:53:04,230 [grpc-default-executor-1] INFO  impl.RoleInfo (RoleInfo.java:updateAndGet(139)) - 7d464b4c-0df7-4a5f-b174-b285aa9576d2: start 7d464b4c-0df7-4a5f-b174-b285aa9576d2@group-FDC90BB2F919-FollowerState
2022-08-20 07:53:04,249 [grpc-default-executor-1] INFO  server.RaftServer$Division (RaftServerImpl.java:requestVote(1184)) - 7d464b4c-0df7-4a5f-b174-b285aa9576d2@group-FDC90BB2F919 replies to ELECTION vote request: 9b8f87c8-445f-40fe-97ae-2bc30a04beb5<-7d464b4c-0df7-4a5f-b174-b285aa9576d2#0:FAIL-t2. Peer's state: 7d464b4c-0df7-4a5f-b174-b285aa9576d2@group-FDC90BB2F919:t2, leader=null, voted=null, raftlog=7d464b4c-0df7-4a5f-b174-b285aa9576d2@group-FDC90BB2F919-SegmentedRaftLog:OPENED:c-1, conf=-1: [7d464b4c-0df7-4a5f-b174-b285aa9576d2|rpc:10.1.0.10:43361|dataStream:|priority:1, 9b8f87c8-445f-40fe-97ae-2bc30a04beb5|rpc:10.1.0.10:43397|dataStream:|priority:0, c9e3b08e-4472-4268-809a-be763a4c0fdf|rpc:10.1.0.10:45857|dataStream:|priority:0], old=null
2022-08-20 07:53:04,251 [9b8f87c8-445f-40fe-97ae-2bc30a04beb5@group-FDC90BB2F919-LeaderElection25] INFO  impl.LeaderElection (LeaderElection.java:logAndReturn(90)) - 9b8f87c8-445f-40fe-97ae-2bc30a04beb5@group-FDC90BB2F919-LeaderElection25: ELECTION REJECTED received 2 response(s) and 0 exception(s):
2022-08-20 07:53:04,251 [9b8f87c8-445f-40fe-97ae-2bc30a04beb5@group-FDC90BB2F919-LeaderElection25] INFO  impl.LeaderElection (LeaderElection.java:logAndReturn(94)) -   Response 0: 9b8f87c8-445f-40fe-97ae-2bc30a04beb5<-c9e3b08e-4472-4268-809a-be763a4c0fdf#0:OK-t2
2022-08-20 07:53:04,251 [9b8f87c8-445f-40fe-97ae-2bc30a04beb5@group-FDC90BB2F919-LeaderElection25] INFO  impl.LeaderElection (LeaderElection.java:logAndReturn(94)) -   Response 1: 9b8f87c8-445f-40fe-97ae-2bc30a04beb5<-7d464b4c-0df7-4a5f-b174-b285aa9576d2#0:FAIL-t2
2022-08-20 07:53:04,251 [9b8f87c8-445f-40fe-97ae-2bc30a04beb5@group-FDC90BB2F919-LeaderElection25] INFO  impl.LeaderElection (LeaderElection.java:askForVotes(312)) - 9b8f87c8-445f-40fe-97ae-2bc30a04beb5@group-FDC90BB2F919-LeaderElection25 ELECTION round 0: result REJECTED
2022-08-20 07:53:04,251 [9b8f87c8-445f-40fe-97ae-2bc30a04beb5@group-FDC90BB2F919-LeaderElection25] INFO  server.RaftServer$Division (RaftServerImpl.java:setRole(299)) - 9b8f87c8-445f-40fe-97ae-2bc30a04beb5@group-FDC90BB2F919: changes role from CANDIDATE to FOLLOWER at term 2 for REJECTED
2022-08-20 07:53:04,251 [9b8f87c8-445f-40fe-97ae-2bc30a04beb5@group-FDC90BB2F919-LeaderElection25] INFO  impl.RoleInfo (RoleInfo.java:shutdownLeaderElection(130)) - 9b8f87c8-445f-40fe-97ae-2bc30a04beb5: shutdown 9b8f87c8-445f-40fe-97ae-2bc30a04beb5@group-FDC90BB2F919-LeaderElection25
2022-08-20 07:53:04,251 [9b8f87c8-445f-40fe-97ae-2bc30a04beb5@group-FDC90BB2F919-LeaderElection25] INFO  impl.RoleInfo (RoleInfo.java:updateAndGet(139)) - 9b8f87c8-445f-40fe-97ae-2bc30a04beb5: start 9b8f87c8-445f-40fe-97ae-2bc30a04beb5@group-FDC90BB2F919-FollowerState
2022-08-20 07:53:04,415 [Listener at 127.0.0.1/35463] INFO  ozone.MiniOzoneClusterImpl (MiniOzoneClusterImpl.java:lambda$waitForClusterToBeReady$0(216)) - Nodes are ready. Got 5 of 5 DN Heartbeats.
2022-08-20 07:53:04,415 [Listener at 127.0.0.1/35463] INFO  ozone.MiniOzoneClusterImpl (MiniOzoneClusterImpl.java:lambda$waitForClusterToBeReady$0(219)) - Waiting for cluster to exit safe mode
2022-08-20 07:53:04,415 [Listener at 127.0.0.1/35463] INFO  ozone.MiniOzoneClusterImpl (MiniOzoneClusterImpl.java:lambda$waitForClusterToBeReady$0(221)) - SCM became leader
2022-08-20 07:53:04,682 [c9e3b08e-4472-4268-809a-be763a4c0fdf@group-8E3261B42936-FollowerState] INFO  impl.FollowerState (FollowerState.java:run(143)) - c9e3b08e-4472-4268-809a-be763a4c0fdf@group-8E3261B42936-FollowerState: change to CANDIDATE, lastRpcElapsedTime:5125274529ns, electionTimeout:5104ms
2022-08-20 07:53:04,682 [c9e3b08e-4472-4268-809a-be763a4c0fdf@group-8E3261B42936-FollowerState] INFO  impl.RoleInfo (RoleInfo.java:shutdownFollowerState(110)) - c9e3b08e-4472-4268-809a-be763a4c0fdf: shutdown c9e3b08e-4472-4268-809a-be763a4c0fdf@group-8E3261B42936-FollowerState
2022-08-20 07:53:04,682 [c9e3b08e-4472-4268-809a-be763a4c0fdf@group-8E3261B42936-FollowerState] INFO  server.RaftServer$Division (RaftServerImpl.java:setRole(299)) - c9e3b08e-4472-4268-809a-be763a4c0fdf@group-8E3261B42936: changes role from  FOLLOWER to CANDIDATE at term 1 for changeToCandidate
2022-08-20 07:53:04,683 [c9e3b08e-4472-4268-809a-be763a4c0fdf@group-8E3261B42936-FollowerState] INFO  server.RaftServerConfigKeys (ConfUtils.java:logGet(46)) - raft.server.leaderelection.pre-vote = false (custom)
2022-08-20 07:53:04,683 [c9e3b08e-4472-4268-809a-be763a4c0fdf@group-8E3261B42936-FollowerState] INFO  impl.RoleInfo (RoleInfo.java:updateAndGet(139)) - c9e3b08e-4472-4268-809a-be763a4c0fdf: start c9e3b08e-4472-4268-809a-be763a4c0fdf@group-8E3261B42936-LeaderElection27
2022-08-20 07:53:04,708 [c9e3b08e-4472-4268-809a-be763a4c0fdf@group-8E3261B42936-LeaderElection27] INFO  impl.LeaderElection (LeaderElection.java:askForVotes(310)) - c9e3b08e-4472-4268-809a-be763a4c0fdf@group-8E3261B42936-LeaderElection27 ELECTION round 0: submit vote requests at term 2 for -1: [9b8f87c8-445f-40fe-97ae-2bc30a04beb5|rpc:10.1.0.10:43397|priority:0, 7d464b4c-0df7-4a5f-b174-b285aa9576d2|rpc:10.1.0.10:43361|priority:0, c9e3b08e-4472-4268-809a-be763a4c0fdf|rpc:10.1.0.10:45857|priority:1], old=null
2022-08-20 07:53:04,722 [grpc-default-executor-1] INFO  server.RaftServer$Division (RaftServerImpl.java:requestVote(1152)) - 9b8f87c8-445f-40fe-97ae-2bc30a04beb5@group-8E3261B42936: receive requestVote(ELECTION, c9e3b08e-4472-4268-809a-be763a4c0fdf, group-8E3261B42936, 2, (t:0, i:0))
2022-08-20 07:53:04,722 [grpc-default-executor-1] INFO  impl.VoteContext (VoteContext.java:log(48)) - 9b8f87c8-445f-40fe-97ae-2bc30a04beb5@group-8E3261B42936-FOLLOWER: accept ELECTION from c9e3b08e-4472-4268-809a-be763a4c0fdf: our priority 0 <= candidate's priority 1
2022-08-20 07:53:04,722 [grpc-default-executor-1] INFO  server.RaftServer$Division (RaftServerImpl.java:setRole(299)) - 9b8f87c8-445f-40fe-97ae-2bc30a04beb5@group-8E3261B42936: changes role from  FOLLOWER to FOLLOWER at term 2 for candidate:c9e3b08e-4472-4268-809a-be763a4c0fdf
2022-08-20 07:53:04,722 [grpc-default-executor-1] INFO  impl.RoleInfo (RoleInfo.java:shutdownFollowerState(110)) - 9b8f87c8-445f-40fe-97ae-2bc30a04beb5: shutdown 9b8f87c8-445f-40fe-97ae-2bc30a04beb5@group-8E3261B42936-FollowerState
2022-08-20 07:53:04,722 [grpc-default-executor-1] INFO  impl.RoleInfo (RoleInfo.java:updateAndGet(139)) - 9b8f87c8-445f-40fe-97ae-2bc30a04beb5: start 9b8f87c8-445f-40fe-97ae-2bc30a04beb5@group-8E3261B42936-FollowerState
2022-08-20 07:53:04,722 [9b8f87c8-445f-40fe-97ae-2bc30a04beb5@group-8E3261B42936-FollowerState] INFO  impl.FollowerState (FollowerState.java:run(152)) - 9b8f87c8-445f-40fe-97ae-2bc30a04beb5@group-8E3261B42936-FollowerState was interrupted
2022-08-20 07:53:04,753 [grpc-default-executor-1] INFO  server.RaftServer$Division (RaftServerImpl.java:requestVote(1184)) - 9b8f87c8-445f-40fe-97ae-2bc30a04beb5@group-8E3261B42936 replies to ELECTION vote request: c9e3b08e-4472-4268-809a-be763a4c0fdf<-9b8f87c8-445f-40fe-97ae-2bc30a04beb5#0:OK-t2. Peer's state: 9b8f87c8-445f-40fe-97ae-2bc30a04beb5@group-8E3261B42936:t2, leader=null, voted=c9e3b08e-4472-4268-809a-be763a4c0fdf, raftlog=9b8f87c8-445f-40fe-97ae-2bc30a04beb5@group-8E3261B42936-SegmentedRaftLog:OPENED:c-1, conf=-1: [9b8f87c8-445f-40fe-97ae-2bc30a04beb5|rpc:10.1.0.10:43397|priority:0, 7d464b4c-0df7-4a5f-b174-b285aa9576d2|rpc:10.1.0.10:43361|priority:0, c9e3b08e-4472-4268-809a-be763a4c0fdf|rpc:10.1.0.10:45857|priority:1], old=null
2022-08-20 07:53:04,776 [c9e3b08e-4472-4268-809a-be763a4c0fdf@group-8E3261B42936-LeaderElection27] INFO  impl.LeaderElection (LeaderElection.java:logAndReturn(90)) - c9e3b08e-4472-4268-809a-be763a4c0fdf@group-8E3261B42936-LeaderElection27: ELECTION PASSED received 1 response(s) and 0 exception(s):
2022-08-20 07:53:04,776 [c9e3b08e-4472-4268-809a-be763a4c0fdf@group-8E3261B42936-LeaderElection27] INFO  impl.LeaderElection (LeaderElection.java:logAndReturn(94)) -   Response 0: c9e3b08e-4472-4268-809a-be763a4c0fdf<-9b8f87c8-445f-40fe-97ae-2bc30a04beb5#0:OK-t2
2022-08-20 07:53:04,777 [c9e3b08e-4472-4268-809a-be763a4c0fdf@group-8E3261B42936-LeaderElection27] INFO  impl.LeaderElection (LeaderElection.java:askForVotes(312)) - c9e3b08e-4472-4268-809a-be763a4c0fdf@group-8E3261B42936-LeaderElection27 ELECTION round 0: result PASSED
2022-08-20 07:53:04,777 [c9e3b08e-4472-4268-809a-be763a4c0fdf@group-8E3261B42936-LeaderElection27] INFO  impl.RoleInfo (RoleInfo.java:shutdownLeaderElection(130)) - c9e3b08e-4472-4268-809a-be763a4c0fdf: shutdown c9e3b08e-4472-4268-809a-be763a4c0fdf@group-8E3261B42936-LeaderElection27
2022-08-20 07:53:04,777 [c9e3b08e-4472-4268-809a-be763a4c0fdf@group-8E3261B42936-LeaderElection27] INFO  server.RaftServer$Division (RaftServerImpl.java:setRole(299)) - c9e3b08e-4472-4268-809a-be763a4c0fdf@group-8E3261B42936: changes role from CANDIDATE to LEADER at term 2 for changeToLeader
2022-08-20 07:53:04,777 [c9e3b08e-4472-4268-809a-be763a4c0fdf@group-8E3261B42936-LeaderElection27] INFO  ratis.XceiverServerRatis (XceiverServerRatis.java:handleLeaderChangedNotification(863)) - Leader change notification received for group: group-8E3261B42936 with new leaderId: c9e3b08e-4472-4268-809a-be763a4c0fdf
2022-08-20 07:53:04,777 [c9e3b08e-4472-4268-809a-be763a4c0fdf@group-8E3261B42936-LeaderElection27] INFO  server.RaftServer$Division (ServerState.java:setLeader(287)) - c9e3b08e-4472-4268-809a-be763a4c0fdf@group-8E3261B42936: change Leader from null to c9e3b08e-4472-4268-809a-be763a4c0fdf at term 2 for becomeLeader, leader elected after 10294ms
2022-08-20 07:53:04,777 [c9e3b08e-4472-4268-809a-be763a4c0fdf@group-8E3261B42936-LeaderElection27] INFO  server.RaftServerConfigKeys (ConfUtils.java:logGet(46)) - raft.server.staging.catchup.gap = 1000 (default)
2022-08-20 07:53:04,777 [c9e3b08e-4472-4268-809a-be763a4c0fdf@group-8E3261B42936-LeaderElection27] INFO  server.RaftServerConfigKeys (ConfUtils.java:logGet(46)) - raft.server.write.element-limit = 1024 (custom)
2022-08-20 07:53:04,777 [c9e3b08e-4472-4268-809a-be763a4c0fdf@group-8E3261B42936-LeaderElection27] INFO  server.RaftServerConfigKeys (ConfUtils.java:logGet(46)) - raft.server.write.byte-limit = 1024 M (=1073741824) (custom)
2022-08-20 07:53:04,777 [c9e3b08e-4472-4268-809a-be763a4c0fdf@group-8E3261B42936-LeaderElection27] INFO  server.RaftServerConfigKeys (ConfUtils.java:logGet(46)) - raft.server.watch.timeout = 180s (custom)
2022-08-20 07:53:04,778 [c9e3b08e-4472-4268-809a-be763a4c0fdf@group-8E3261B42936-LeaderElection27] INFO  server.RaftServerConfigKeys (ConfUtils.java:logGet(46)) - raft.server.watch.timeout.denomination = 1s (default)
2022-08-20 07:53:04,778 [c9e3b08e-4472-4268-809a-be763a4c0fdf@group-8E3261B42936-LeaderElection27] INFO  server.RaftServerConfigKeys (ConfUtils.java:logGet(46)) - raft.server.watch.element-limit = 65536 (default)
2022-08-20 07:53:04,778 [c9e3b08e-4472-4268-809a-be763a4c0fdf@group-8E3261B42936-LeaderElection27] INFO  server.RaftServerConfigKeys (ConfUtils.java:logGet(46)) - raft.server.write.element-limit = 1024 (custom)
2022-08-20 07:53:04,778 [c9e3b08e-4472-4268-809a-be763a4c0fdf@group-8E3261B42936-LeaderElection27] INFO  server.RaftServerConfigKeys (ConfUtils.java:logGet(46)) - raft.server.write.follower.gap.ratio.max = -1.0 (default)
2022-08-20 07:53:04,778 [c9e3b08e-4472-4268-809a-be763a4c0fdf@group-8E3261B42936-LeaderElection27] INFO  server.RaftServerConfigKeys (ConfUtils.java:logGet(46)) - raft.server.log.appender.snapshot.chunk.size.max = 16MB (=16777216) (default)
2022-08-20 07:53:04,780 [EventQueue-PipelineReportForPipelineReportHandler] INFO  pipeline.PipelineManagerImpl (PipelineManagerImpl.java:openPipeline(367)) - Pipeline Pipeline[ Id: c58777af-1558-48c2-a032-8e3261b42936, Nodes: 9b8f87c8-445f-40fe-97ae-2bc30a04beb5{ip: 10.1.0.10, host: fv-az58-577.v01ewlpc0lrezph5nvg1m2rhcd.cx.internal.cloudapp.net, ports: [REPLICATION=33323, RATIS=43397, RATIS_ADMIN=43397, RATIS_SERVER=43397, STANDALONE=34279], networkLocation: /default-rack, certSerialId: null, persistedOpState: IN_SERVICE, persistedOpStateExpiryEpochSec: 0}7d464b4c-0df7-4a5f-b174-b285aa9576d2{ip: 10.1.0.10, host: fv-az58-577.v01ewlpc0lrezph5nvg1m2rhcd.cx.internal.cloudapp.net, ports: [REPLICATION=39111, RATIS=43361, RATIS_ADMIN=43361, RATIS_SERVER=43361, STANDALONE=41715], networkLocation: /default-rack, certSerialId: null, persistedOpState: IN_SERVICE, persistedOpStateExpiryEpochSec: 0}c9e3b08e-4472-4268-809a-be763a4c0fdf{ip: 10.1.0.10, host: fv-az58-577.v01ewlpc0lrezph5nvg1m2rhcd.cx.internal.cloudapp.net, ports: [REPLICATION=34641, RATIS=45857, RATIS_ADMIN=45857, RATIS_SERVER=45857, STANDALONE=41245], networkLocation: /default-rack, certSerialId: null, persistedOpState: IN_SERVICE, persistedOpStateExpiryEpochSec: 0}, ReplicationConfig: RATIS/THREE, State:ALLOCATED, leaderId:c9e3b08e-4472-4268-809a-be763a4c0fdf, CreationTimestamp2022-08-20T07:52:52.078Z[Etc/UTC]] moved to OPEN state
2022-08-20 07:53:04,781 [EventQueue-OpenPipelineForHealthyPipelineSafeModeRule] INFO  safemode.SCMSafeModeManager (HealthyPipelineSafeModeRule.java:process(137)) - SCM in safe mode. Healthy pipelines reported count is 1, required healthy pipeline reported count is 1
2022-08-20 07:53:04,781 [EventQueue-OpenPipelineForHealthyPipelineSafeModeRule] INFO  safemode.SCMSafeModeManager (SCMSafeModeManager.java:validateSafeModeExitRules(204)) - HealthyPipelineSafeModeRule rule is successfully validated
2022-08-20 07:53:04,781 [EventQueue-OpenPipelineForHealthyPipelineSafeModeRule] INFO  safemode.SCMSafeModeManager (SCMSafeModeManager.java:validateSafeModeExitRules(219)) - ScmSafeModeManager, all rules are successfully validated
2022-08-20 07:53:04,781 [EventQueue-OpenPipelineForHealthyPipelineSafeModeRule] INFO  safemode.SCMSafeModeManager (SCMSafeModeManager.java:exitSafeMode(248)) - SCM exiting safe mode.
2022-08-20 07:53:04,781 [EventQueue-OpenPipelineForHealthyPipelineSafeModeRule] WARN  events.EventQueue (EventQueue.java:fireEvent(216)) - No event handler registered for event TypedEvent{payloadType=SafeModeStatus, name='Safe mode status'}
2022-08-20 07:53:04,781 [EventQueue-OpenPipelineForHealthyPipelineSafeModeRule] INFO  ha.SCMContext (SCMContext.java:updateSafeModeStatus(228)) - Update SafeModeStatus from SafeModeStatus{safeModeStatus=true, preCheckPassed=true} to SafeModeStatus{safeModeStatus=false, preCheckPassed=true}.
2022-08-20 07:53:04,782 [EventQueue-OpenPipelineForHealthyPipelineSafeModeRule] INFO  pipeline.BackgroundPipelineCreator (BackgroundPipelineCreator.java:notifyStatusChanged(254)) - Service BackgroundPipelineCreator transitions to RUNNING.
2022-08-20 07:53:04,782 [EventQueue-OpenPipelineForHealthyPipelineSafeModeRule] INFO  BackgroundPipelineScrubber (BackgroundSCMService.java:notifyStatusChanged(82)) - Service BackgroundPipelineScrubber transitions to RUNNING.
2022-08-20 07:53:04,782 [EventQueue-OpenPipelineForHealthyPipelineSafeModeRule] INFO  ExpiredContainerReplicaOpScrubber (BackgroundSCMService.java:notifyStatusChanged(82)) - Service ExpiredContainerReplicaOpScrubber transitions to RUNNING.
2022-08-20 07:53:04,782 [EventQueue-OpenPipelineForHealthyPipelineSafeModeRule] INFO  UnderReplicatedQueueThread (BackgroundSCMService.java:notifyStatusChanged(82)) - Service UnderReplicatedQueueThread transitions to RUNNING.
2022-08-20 07:53:04,782 [EventQueue-OpenPipelineForHealthyPipelineSafeModeRule] INFO  OverReplicatedQueueThread (BackgroundSCMService.java:notifyStatusChanged(82)) - Service OverReplicatedQueueThread transitions to RUNNING.
2022-08-20 07:53:04,782 [EventQueue-OpenPipelineForHealthyPipelineSafeModeRule] INFO  replication.ReplicationManager (ReplicationManager.java:notifyStatusChanged(719)) - Service ReplicationManager transitions to RUNNING.
2022-08-20 07:53:04,782 [EventQueue-OpenPipelineForHealthyPipelineSafeModeRule] WARN  balancer.ContainerBalancer (ContainerBalancer.java:shouldRun(904)) - Could not find persisted configuration for ContainerBalancer when checking if ContainerBalancer should run. ContainerBalancer should not run now.
2022-08-20 07:53:04,785 [c9e3b08e-4472-4268-809a-be763a4c0fdf@group-8E3261B42936-LeaderElection27] INFO  server.RaftServerConfigKeys (ConfUtils.java:logGet(46)) - raft.server.log.appender.buffer.byte-limit = 33554432 (custom)
2022-08-20 07:53:04,785 [c9e3b08e-4472-4268-809a-be763a4c0fdf@group-8E3261B42936-LeaderElection27] INFO  server.RaftServerConfigKeys (ConfUtils.java:logGet(46)) - raft.server.log.appender.buffer.element-limit = 1 (custom)
2022-08-20 07:53:04,785 [c9e3b08e-4472-4268-809a-be763a4c0fdf@group-8E3261B42936-LeaderElection27] INFO  grpc.GrpcConfigKeys (ConfUtils.java:logGet(46)) - raft.grpc.server.leader.outstanding.appends.max = 128 (default)
2022-08-20 07:53:04,785 [c9e3b08e-4472-4268-809a-be763a4c0fdf@group-8E3261B42936-LeaderElection27] INFO  server.RaftServerConfigKeys (ConfUtils.java:logGet(46)) - raft.server.rpc.request.timeout = 60s (custom)
2022-08-20 07:53:04,785 [c9e3b08e-4472-4268-809a-be763a4c0fdf@group-8E3261B42936-LeaderElection27] INFO  server.RaftServerConfigKeys (ConfUtils.java:logGet(46)) - raft.server.log.appender.install.snapshot.enabled = false (custom)
2022-08-20 07:53:04,786 [c9e3b08e-4472-4268-809a-be763a4c0fdf@group-8E3261B42936-LeaderElection27] INFO  server.RaftServerConfigKeys (ConfUtils.java:logGet(46)) - raft.server.log.appender.snapshot.chunk.size.max = 16MB (=16777216) (default)
2022-08-20 07:53:04,786 [c9e3b08e-4472-4268-809a-be763a4c0fdf@group-8E3261B42936-LeaderElection27] INFO  server.RaftServerConfigKeys (ConfUtils.java:logGet(46)) - raft.server.log.appender.buffer.byte-limit = 33554432 (custom)
2022-08-20 07:53:04,786 [c9e3b08e-4472-4268-809a-be763a4c0fdf@group-8E3261B42936-LeaderElection27] INFO  server.RaftServerConfigKeys (ConfUtils.java:logGet(46)) - raft.server.log.appender.buffer.element-limit = 1 (custom)
2022-08-20 07:53:04,786 [c9e3b08e-4472-4268-809a-be763a4c0fdf@group-8E3261B42936-LeaderElection27] INFO  grpc.GrpcConfigKeys (ConfUtils.java:logGet(46)) - raft.grpc.server.leader.outstanding.appends.max = 128 (default)
2022-08-20 07:53:04,786 [c9e3b08e-4472-4268-809a-be763a4c0fdf@group-8E3261B42936-LeaderElection27] INFO  server.RaftServerConfigKeys (ConfUtils.java:logGet(46)) - raft.server.rpc.request.timeout = 60s (custom)
2022-08-20 07:53:04,786 [c9e3b08e-4472-4268-809a-be763a4c0fdf@group-8E3261B42936-LeaderElection27] INFO  server.RaftServerConfigKeys (ConfUtils.java:logGet(46)) - raft.server.log.appender.install.snapshot.enabled = false (custom)
2022-08-20 07:53:04,786 [c9e3b08e-4472-4268-809a-be763a4c0fdf@group-8E3261B42936-LeaderElection27] INFO  impl.RoleInfo (RoleInfo.java:updateAndGet(139)) - c9e3b08e-4472-4268-809a-be763a4c0fdf: start c9e3b08e-4472-4268-809a-be763a4c0fdf@group-8E3261B42936-LeaderStateImpl
2022-08-20 07:53:04,789 [grpc-default-executor-1] INFO  server.RaftServer$Division (RaftServerImpl.java:requestVote(1152)) - 7d464b4c-0df7-4a5f-b174-b285aa9576d2@group-8E3261B42936: receive requestVote(ELECTION, c9e3b08e-4472-4268-809a-be763a4c0fdf, group-8E3261B42936, 2, (t:0, i:0))
2022-08-20 07:53:04,789 [grpc-default-executor-1] INFO  impl.VoteContext (VoteContext.java:log(48)) - 7d464b4c-0df7-4a5f-b174-b285aa9576d2@group-8E3261B42936-FOLLOWER: accept ELECTION from c9e3b08e-4472-4268-809a-be763a4c0fdf: our priority 0 <= candidate's priority 1
2022-08-20 07:53:04,789 [grpc-default-executor-1] INFO  server.RaftServer$Division (RaftServerImpl.java:setRole(299)) - 7d464b4c-0df7-4a5f-b174-b285aa9576d2@group-8E3261B42936: changes role from  FOLLOWER to FOLLOWER at term 2 for candidate:c9e3b08e-4472-4268-809a-be763a4c0fdf
2022-08-20 07:53:04,789 [grpc-default-executor-1] INFO  impl.RoleInfo (RoleInfo.java:shutdownFollowerState(110)) - 7d464b4c-0df7-4a5f-b174-b285aa9576d2: shutdown 7d464b4c-0df7-4a5f-b174-b285aa9576d2@group-8E3261B42936-FollowerState
2022-08-20 07:53:04,790 [grpc-default-executor-1] INFO  impl.RoleInfo (RoleInfo.java:updateAndGet(139)) - 7d464b4c-0df7-4a5f-b174-b285aa9576d2: start 7d464b4c-0df7-4a5f-b174-b285aa9576d2@group-8E3261B42936-FollowerState
2022-08-20 07:53:04,790 [7d464b4c-0df7-4a5f-b174-b285aa9576d2@group-8E3261B42936-FollowerState] INFO  impl.FollowerState (FollowerState.java:run(152)) - 7d464b4c-0df7-4a5f-b174-b285aa9576d2@group-8E3261B42936-FollowerState was interrupted
2022-08-20 07:53:04,790 [c9e3b08e-4472-4268-809a-be763a4c0fdf@group-8E3261B42936-LeaderElection27] INFO  segmented.SegmentedRaftLogWorker (SegmentedRaftLogWorker.java:startLogSegment(425)) - c9e3b08e-4472-4268-809a-be763a4c0fdf@group-8E3261B42936-SegmentedRaftLogWorker: Starting segment from index:0
2022-08-20 07:53:04,792 [c9e3b08e-4472-4268-809a-be763a4c0fdf@group-8E3261B42936-SegmentedRaftLogWorker] INFO  segmented.SegmentedRaftLogWorker (SegmentedRaftLogWorker.java:execute(629)) - c9e3b08e-4472-4268-809a-be763a4c0fdf@group-8E3261B42936-SegmentedRaftLogWorker: created new log segment /home/runner/work/ozone/ozone/hadoop-ozone/integration-test/target/test-dir/MiniOzoneClusterImpl-944d7f12-74bf-410a-af98-bfd2a7f98119/datanode-1/data/ratis/c58777af-1558-48c2-a032-8e3261b42936/current/log_inprogress_0
2022-08-20 07:53:04,793 [grpc-default-executor-1] INFO  server.RaftServer$Division (RaftServerImpl.java:requestVote(1184)) - 7d464b4c-0df7-4a5f-b174-b285aa9576d2@group-8E3261B42936 replies to ELECTION vote request: c9e3b08e-4472-4268-809a-be763a4c0fdf<-7d464b4c-0df7-4a5f-b174-b285aa9576d2#0:OK-t2. Peer's state: 7d464b4c-0df7-4a5f-b174-b285aa9576d2@group-8E3261B42936:t2, leader=null, voted=c9e3b08e-4472-4268-809a-be763a4c0fdf, raftlog=7d464b4c-0df7-4a5f-b174-b285aa9576d2@group-8E3261B42936-SegmentedRaftLog:OPENED:c-1, conf=-1: [9b8f87c8-445f-40fe-97ae-2bc30a04beb5|rpc:10.1.0.10:43397|dataStream:|priority:0, 7d464b4c-0df7-4a5f-b174-b285aa9576d2|rpc:10.1.0.10:43361|dataStream:|priority:0, c9e3b08e-4472-4268-809a-be763a4c0fdf|rpc:10.1.0.10:45857|dataStream:|priority:1], old=null
2022-08-20 07:53:04,836 [c9e3b08e-4472-4268-809a-be763a4c0fdf@group-8E3261B42936-LeaderElection27] INFO  server.RaftServer$Division (ServerState.java:setRaftConf(393)) - c9e3b08e-4472-4268-809a-be763a4c0fdf@group-8E3261B42936: set configuration 0: [9b8f87c8-445f-40fe-97ae-2bc30a04beb5|rpc:10.1.0.10:43397|dataStream:|priority:0, 7d464b4c-0df7-4a5f-b174-b285aa9576d2|rpc:10.1.0.10:43361|dataStream:|priority:0, c9e3b08e-4472-4268-809a-be763a4c0fdf|rpc:10.1.0.10:45857|dataStream:|priority:1], old=null
2022-08-20 07:53:04,849 [9b8f87c8-445f-40fe-97ae-2bc30a04beb5-server-thread1] INFO  ratis.XceiverServerRatis (XceiverServerRatis.java:handleLeaderChangedNotification(863)) - Leader change notification received for group: group-8E3261B42936 with new leaderId: c9e3b08e-4472-4268-809a-be763a4c0fdf
2022-08-20 07:53:04,849 [9b8f87c8-445f-40fe-97ae-2bc30a04beb5-server-thread1] INFO  server.RaftServer$Division (ServerState.java:setLeader(287)) - 9b8f87c8-445f-40fe-97ae-2bc30a04beb5@group-8E3261B42936: change Leader from null to c9e3b08e-4472-4268-809a-be763a4c0fdf at term 2 for appendEntries, leader elected after 10590ms
2022-08-20 07:53:04,898 [9b8f87c8-445f-40fe-97ae-2bc30a04beb5-server-thread1] INFO  server.RaftServer$Division (ServerState.java:setRaftConf(393)) - 9b8f87c8-445f-40fe-97ae-2bc30a04beb5@group-8E3261B42936: set configuration 0: [9b8f87c8-445f-40fe-97ae-2bc30a04beb5|rpc:10.1.0.10:43397|dataStream:|priority:0, 7d464b4c-0df7-4a5f-b174-b285aa9576d2|rpc:10.1.0.10:43361|dataStream:|priority:0, c9e3b08e-4472-4268-809a-be763a4c0fdf|rpc:10.1.0.10:45857|dataStream:|priority:1], old=null
2022-08-20 07:53:04,899 [9b8f87c8-445f-40fe-97ae-2bc30a04beb5-server-thread1] INFO  segmented.SegmentedRaftLogWorker (SegmentedRaftLogWorker.java:startLogSegment(425)) - 9b8f87c8-445f-40fe-97ae-2bc30a04beb5@group-8E3261B42936-SegmentedRaftLogWorker: Starting segment from index:0
2022-08-20 07:53:04,924 [9b8f87c8-445f-40fe-97ae-2bc30a04beb5@group-8E3261B42936-SegmentedRaftLogWorker] INFO  segmented.SegmentedRaftLogWorker (SegmentedRaftLogWorker.java:execute(629)) - 9b8f87c8-445f-40fe-97ae-2bc30a04beb5@group-8E3261B42936-SegmentedRaftLogWorker: created new log segment /home/runner/work/ozone/ozone/hadoop-ozone/integration-test/target/test-dir/MiniOzoneClusterImpl-944d7f12-74bf-410a-af98-bfd2a7f98119/datanode-0/data/ratis/c58777af-1558-48c2-a032-8e3261b42936/current/log_inprogress_0
2022-08-20 07:53:04,927 [7d464b4c-0df7-4a5f-b174-b285aa9576d2-server-thread1] INFO  ratis.XceiverServerRatis (XceiverServerRatis.java:handleLeaderChangedNotification(863)) - Leader change notification received for group: group-8E3261B42936 with new leaderId: c9e3b08e-4472-4268-809a-be763a4c0fdf
2022-08-20 07:53:04,927 [7d464b4c-0df7-4a5f-b174-b285aa9576d2-server-thread1] INFO  server.RaftServer$Division (ServerState.java:setLeader(287)) - 7d464b4c-0df7-4a5f-b174-b285aa9576d2@group-8E3261B42936: change Leader from null to c9e3b08e-4472-4268-809a-be763a4c0fdf at term 2 for appendEntries, leader elected after 10569ms
2022-08-20 07:53:04,979 [7d464b4c-0df7-4a5f-b174-b285aa9576d2-server-thread1] INFO  server.RaftServer$Division (ServerState.java:setRaftConf(393)) - 7d464b4c-0df7-4a5f-b174-b285aa9576d2@group-8E3261B42936: set configuration 0: [9b8f87c8-445f-40fe-97ae-2bc30a04beb5|rpc:10.1.0.10:43397|dataStream:|priority:0, 7d464b4c-0df7-4a5f-b174-b285aa9576d2|rpc:10.1.0.10:43361|dataStream:|priority:0, c9e3b08e-4472-4268-809a-be763a4c0fdf|rpc:10.1.0.10:45857|dataStream:|priority:1], old=null
2022-08-20 07:53:04,979 [7d464b4c-0df7-4a5f-b174-b285aa9576d2-server-thread1] INFO  segmented.SegmentedRaftLogWorker (SegmentedRaftLogWorker.java:startLogSegment(425)) - 7d464b4c-0df7-4a5f-b174-b285aa9576d2@group-8E3261B42936-SegmentedRaftLogWorker: Starting segment from index:0
2022-08-20 07:53:04,985 [7d464b4c-0df7-4a5f-b174-b285aa9576d2@group-8E3261B42936-SegmentedRaftLogWorker] INFO  segmented.SegmentedRaftLogWorker (SegmentedRaftLogWorker.java:execute(629)) - 7d464b4c-0df7-4a5f-b174-b285aa9576d2@group-8E3261B42936-SegmentedRaftLogWorker: created new log segment /home/runner/work/ozone/ozone/hadoop-ozone/integration-test/target/test-dir/MiniOzoneClusterImpl-944d7f12-74bf-410a-af98-bfd2a7f98119/datanode-2/data/ratis/c58777af-1558-48c2-a032-8e3261b42936/current/log_inprogress_0
2022-08-20 07:53:05,415 [Listener at 127.0.0.1/35463] INFO  ozone.MiniOzoneClusterImpl (MiniOzoneClusterImpl.java:lambda$waitForClusterToBeReady$0(216)) - Nodes are ready. Got 5 of 5 DN Heartbeats.
2022-08-20 07:53:05,416 [Listener at 127.0.0.1/35463] INFO  ozone.MiniOzoneClusterImpl (MiniOzoneClusterImpl.java:lambda$waitForClusterToBeReady$0(219)) - Cluster exits safe mode
2022-08-20 07:53:05,416 [Listener at 127.0.0.1/35463] INFO  ozone.MiniOzoneClusterImpl (MiniOzoneClusterImpl.java:lambda$waitForClusterToBeReady$0(221)) - SCM became leader
2022-08-20 07:53:05,616 [Time-limited test] INFO  rpc.RpcClient (RpcClient.java:createVolume(471)) - Creating Volume: volume79188, with user71158 as owner and space quota set to -1 bytes, counts quota set to -1
2022-08-20 07:53:05,617 [IPC Server handler 3 on default port 35463] INFO  volume.OMVolumeCreateRequest (OMVolumeCreateRequest.java:validateAndUpdateCache(195)) - created volume:volume79188 for user:user71158
2022-08-20 07:53:05,673 [Time-limited test] INFO  rpc.RpcClient (RpcClient.java:createBucket(674)) - Creating Bucket: volume79188/bucket06684, with bucket layout FILE_SYSTEM_OPTIMIZED, runner as owner, Versioning false, Storage Type set to DISK and Encryption set to false 
2022-08-20 07:53:05,690 [IPC Server handler 6 on default port 35463] INFO  bucket.OMBucketCreateRequest (OMBucketCreateRequest.java:validateAndUpdateCache(260)) - created bucket: bucket06684 of layout FILE_SYSTEM_OPTIMIZED in volume: volume79188
2022-08-20 07:53:05,730 [Time-limited test] INFO  ozone.TestRootedOzoneFileSystemWithFSO (TestRootedOzoneFileSystemWithFSO.java:testRenameDir(148)) - Created dir /volume79188/bucket06684/dir1/sub_dir1
2022-08-20 07:53:05,731 [Time-limited test] INFO  ozone.TestRootedOzoneFileSystemWithFSO (TestRootedOzoneFileSystemWithFSO.java:testRenameDir(149)) - Will move /volume79188/bucket06684/dir1 to /volume79188/bucket06684/dir1.renamed
]]></system-out>
  </testcase>
  <testcase name="testTempMount" classname="TestRootedOzoneFileSystemWithFSO" time="0">
    <skipped message="HDDS-2939"/>
  </testcase>
  <testcase name="testTempMount" classname="TestRootedOzoneFileSystemWithFSO" time="0">
    <skipped message="HDDS-2939"/>
  </testcase>
  <testcase name="testDeleteVolumeAndBucket" classname="TestRootedOzoneFileSystemWithFSO" time="1.21">
    <system-out><![CDATA[2022-08-20 07:51:50,517 [Time-limited test] INFO  rpc.RpcClient (RpcClient.java:createVolume(471)) - Creating Volume: volume73416, with user98309 as owner and space quota set to -1 bytes, counts quota set to -1
2022-08-20 07:51:50,521 [OM StateMachine ApplyTransaction Thread - 0] INFO  volume.OMVolumeCreateRequest (OMVolumeCreateRequest.java:validateAndUpdateCache(195)) - created volume:volume73416 for user:user98309
2022-08-20 07:51:50,524 [Time-limited test] INFO  rpc.RpcClient (RpcClient.java:createBucket(674)) - Creating Bucket: volume73416/bucket73541, with bucket layout FILE_SYSTEM_OPTIMIZED, runner as owner, Versioning false, Storage Type set to DISK and Encryption set to false 
2022-08-20 07:51:50,528 [OM StateMachine ApplyTransaction Thread - 0] INFO  bucket.OMBucketCreateRequest (OMBucketCreateRequest.java:validateAndUpdateCache(260)) - created bucket: bucket73541 of layout FILE_SYSTEM_OPTIMIZED in volume: volume73416
07:51:50.541 [IPC Server handler 1 on default port 40219] ERROR OMAudit - user=runner | ip=127.0.0.1 | op=READ_BUCKET {volume=volume-69268, bucket=bucket3} | ret=FAILURE
org.apache.hadoop.ozone.om.exceptions.OMException: Volume not found when getting bucket info
	at org.apache.hadoop.ozone.om.BucketManagerImpl.getBucketInfo(BucketManagerImpl.java:127) ~[ozone-manager-1.3.0-SNAPSHOT.jar:?]
	at org.apache.hadoop.ozone.om.OzoneManager.getBucketInfo(OzoneManager.java:2780) ~[ozone-manager-1.3.0-SNAPSHOT.jar:?]
	at org.apache.hadoop.ozone.protocolPB.OzoneManagerRequestHandler.infoBucket(OzoneManagerRequestHandler.java:475) ~[ozone-manager-1.3.0-SNAPSHOT.jar:?]
	at org.apache.hadoop.ozone.protocolPB.OzoneManagerRequestHandler.handleReadRequest(OzoneManagerRequestHandler.java:178) ~[ozone-manager-1.3.0-SNAPSHOT.jar:?]
	at org.apache.hadoop.ozone.protocolPB.OzoneManagerProtocolServerSideTranslatorPB.submitReadRequestToOM(OzoneManagerProtocolServerSideTranslatorPB.java:226) ~[ozone-manager-1.3.0-SNAPSHOT.jar:?]
	at org.apache.hadoop.ozone.protocolPB.OzoneManagerProtocolServerSideTranslatorPB.processRequest(OzoneManagerProtocolServerSideTranslatorPB.java:175) ~[ozone-manager-1.3.0-SNAPSHOT.jar:?]
	at org.apache.hadoop.hdds.server.OzoneProtocolMessageDispatcher.processRequest(OzoneProtocolMessageDispatcher.java:87) [hdds-server-framework-1.3.0-SNAPSHOT.jar:?]
	at org.apache.hadoop.ozone.protocolPB.OzoneManagerProtocolServerSideTranslatorPB.submitRequest(OzoneManagerProtocolServerSideTranslatorPB.java:147) [ozone-manager-1.3.0-SNAPSHOT.jar:?]
	at org.apache.hadoop.ozone.protocol.proto.OzoneManagerProtocolProtos$OzoneManagerService$2.callBlockingMethod(OzoneManagerProtocolProtos.java) [ozone-interface-client-1.3.0-SNAPSHOT.jar:?]
	at org.apache.hadoop.ipc.ProtobufRpcEngine$Server.processCall(ProtobufRpcEngine.java:466) [hadoop-common-3.3.1.jar:?]
	at org.apache.hadoop.ipc.ProtobufRpcEngine2$Server$ProtoBufRpcInvoker.call(ProtobufRpcEngine2.java:574) [hadoop-common-3.3.1.jar:?]
	at org.apache.hadoop.ipc.ProtobufRpcEngine2$Server$ProtoBufRpcInvoker.call(ProtobufRpcEngine2.java:552) [hadoop-common-3.3.1.jar:?]
	at org.apache.hadoop.ipc.RPC$Server.call(RPC.java:1093) [hadoop-common-3.3.1.jar:?]
	at org.apache.hadoop.ipc.Server$RpcCall.run(Server.java:1035) [hadoop-common-3.3.1.jar:?]
	at org.apache.hadoop.ipc.Server$RpcCall.run(Server.java:963) [hadoop-common-3.3.1.jar:?]
	at java.security.AccessController.doPrivileged(Native Method) ~[?:1.8.0_332]
	at javax.security.auth.Subject.doAs(Subject.java:422) [?:1.8.0_332]
	at org.apache.hadoop.security.UserGroupInformation.doAs(UserGroupInformation.java:1878) [hadoop-common-3.3.1.jar:?]
	at org.apache.hadoop.ipc.Server$Handler.run(Server.java:2966) [hadoop-common-3.3.1.jar:?]
2022-08-20 07:51:50,554 [Time-limited test] INFO  rpc.RpcClient (RpcClient.java:createVolume(471)) - Creating Volume: volume-69268, with runner as owner and space quota set to -1 bytes, counts quota set to -1
2022-08-20 07:51:50,557 [OM StateMachine ApplyTransaction Thread - 0] INFO  volume.OMVolumeCreateRequest (OMVolumeCreateRequest.java:validateAndUpdateCache(195)) - created volume:volume-69268 for user:runner
2022-08-20 07:51:50,560 [Time-limited test] INFO  rpc.RpcClient (RpcClient.java:createBucket(674)) - Creating Bucket: volume-69268/bucket3, with bucket layout FILE_SYSTEM_OPTIMIZED, runner as owner, Versioning false, Storage Type set to DISK and Encryption set to false 
2022-08-20 07:51:50,562 [OM StateMachine ApplyTransaction Thread - 0] INFO  bucket.OMBucketCreateRequest (OMBucketCreateRequest.java:validateAndUpdateCache(260)) - created bucket: bucket3 of layout FILE_SYSTEM_OPTIMIZED in volume: volume-69268
2022-08-20 07:51:50,599 [IPC Server handler 0 on default port 46265] INFO  ha.SequenceIdGenerator (SequenceIdGenerator.java:getNextId(128)) - Allocate a batch for containerId, change lastId from 0 to 1000.
2022-08-20 07:51:50,608 [IPC Server handler 0 on default port 46265] WARN  ha.SequenceIdGenerator (SequenceIdGenerator.java:allocateBatch(237)) - Failed to allocate a batch for localId, expected lastId is 0, actual lastId is 109611004723200000.
2022-08-20 07:51:50,609 [IPC Server handler 0 on default port 46265] INFO  ha.SequenceIdGenerator (SequenceIdGenerator.java:getNextId(128)) - Allocate a batch for localId, change lastId from 109611004723200000 to 109611004723201000.
2022-08-20 07:51:50,665 [Time-limited test] INFO  impl.MetricsSystemImpl (MetricsSystemImpl.java:init(158)) - XceiverClientMetrics metrics system started (again)
]]></system-out>
  </testcase>
  <testcase name="testDeleteVolumeAndBucket" classname="TestRootedOzoneFileSystemWithFSO" time="1.078">
    <system-out><![CDATA[2022-08-20 07:53:05,871 [Time-limited test] INFO  rpc.RpcClient (RpcClient.java:createVolume(471)) - Creating Volume: volume20075, with user24830 as owner and space quota set to -1 bytes, counts quota set to -1
2022-08-20 07:53:05,872 [IPC Server handler 15 on default port 35463] INFO  volume.OMVolumeCreateRequest (OMVolumeCreateRequest.java:validateAndUpdateCache(195)) - created volume:volume20075 for user:user24830
2022-08-20 07:53:05,873 [Time-limited test] INFO  rpc.RpcClient (RpcClient.java:createBucket(674)) - Creating Bucket: volume20075/bucket40937, with bucket layout FILE_SYSTEM_OPTIMIZED, runner as owner, Versioning false, Storage Type set to DISK and Encryption set to false 
2022-08-20 07:53:05,875 [IPC Server handler 0 on default port 35463] INFO  bucket.OMBucketCreateRequest (OMBucketCreateRequest.java:validateAndUpdateCache(260)) - created bucket: bucket40937 of layout FILE_SYSTEM_OPTIMIZED in volume: volume20075
07:53:05.879 [IPC Server handler 3 on default port 35463] ERROR OMAudit - user=runner | ip=127.0.0.1 | op=READ_BUCKET {volume=volume-07183, bucket=bucket3} | ret=FAILURE
org.apache.hadoop.ozone.om.exceptions.OMException: Volume not found when getting bucket info
	at org.apache.hadoop.ozone.om.BucketManagerImpl.getBucketInfo(BucketManagerImpl.java:127) ~[ozone-manager-1.3.0-SNAPSHOT.jar:?]
	at org.apache.hadoop.ozone.om.OzoneManager.getBucketInfo(OzoneManager.java:2780) ~[ozone-manager-1.3.0-SNAPSHOT.jar:?]
	at org.apache.hadoop.ozone.protocolPB.OzoneManagerRequestHandler.infoBucket(OzoneManagerRequestHandler.java:475) ~[ozone-manager-1.3.0-SNAPSHOT.jar:?]
	at org.apache.hadoop.ozone.protocolPB.OzoneManagerRequestHandler.handleReadRequest(OzoneManagerRequestHandler.java:178) ~[ozone-manager-1.3.0-SNAPSHOT.jar:?]
	at org.apache.hadoop.ozone.protocolPB.OzoneManagerProtocolServerSideTranslatorPB.submitRequestDirectlyToOM(OzoneManagerProtocolServerSideTranslatorPB.java:276) ~[ozone-manager-1.3.0-SNAPSHOT.jar:?]
	at org.apache.hadoop.ozone.protocolPB.OzoneManagerProtocolServerSideTranslatorPB.processRequest(OzoneManagerProtocolServerSideTranslatorPB.java:205) ~[ozone-manager-1.3.0-SNAPSHOT.jar:?]
	at org.apache.hadoop.hdds.server.OzoneProtocolMessageDispatcher.processRequest(OzoneProtocolMessageDispatcher.java:87) [hdds-server-framework-1.3.0-SNAPSHOT.jar:?]
	at org.apache.hadoop.ozone.protocolPB.OzoneManagerProtocolServerSideTranslatorPB.submitRequest(OzoneManagerProtocolServerSideTranslatorPB.java:147) [ozone-manager-1.3.0-SNAPSHOT.jar:?]
	at org.apache.hadoop.ozone.protocol.proto.OzoneManagerProtocolProtos$OzoneManagerService$2.callBlockingMethod(OzoneManagerProtocolProtos.java) [ozone-interface-client-1.3.0-SNAPSHOT.jar:?]
	at org.apache.hadoop.ipc.ProtobufRpcEngine$Server.processCall(ProtobufRpcEngine.java:466) [hadoop-common-3.3.1.jar:?]
	at org.apache.hadoop.ipc.ProtobufRpcEngine2$Server$ProtoBufRpcInvoker.call(ProtobufRpcEngine2.java:574) [hadoop-common-3.3.1.jar:?]
	at org.apache.hadoop.ipc.ProtobufRpcEngine2$Server$ProtoBufRpcInvoker.call(ProtobufRpcEngine2.java:552) [hadoop-common-3.3.1.jar:?]
	at org.apache.hadoop.ipc.RPC$Server.call(RPC.java:1093) [hadoop-common-3.3.1.jar:?]
	at org.apache.hadoop.ipc.Server$RpcCall.run(Server.java:1035) [hadoop-common-3.3.1.jar:?]
	at org.apache.hadoop.ipc.Server$RpcCall.run(Server.java:963) [hadoop-common-3.3.1.jar:?]
	at java.security.AccessController.doPrivileged(Native Method) ~[?:1.8.0_332]
	at javax.security.auth.Subject.doAs(Subject.java:422) [?:1.8.0_332]
	at org.apache.hadoop.security.UserGroupInformation.doAs(UserGroupInformation.java:1878) [hadoop-common-3.3.1.jar:?]
	at org.apache.hadoop.ipc.Server$Handler.run(Server.java:2966) [hadoop-common-3.3.1.jar:?]
2022-08-20 07:53:05,880 [Time-limited test] INFO  rpc.RpcClient (RpcClient.java:createVolume(471)) - Creating Volume: volume-07183, with runner as owner and space quota set to -1 bytes, counts quota set to -1
2022-08-20 07:53:05,880 [IPC Server handler 5 on default port 35463] INFO  volume.OMVolumeCreateRequest (OMVolumeCreateRequest.java:validateAndUpdateCache(195)) - created volume:volume-07183 for user:runner
2022-08-20 07:53:05,881 [Time-limited test] INFO  rpc.RpcClient (RpcClient.java:createBucket(674)) - Creating Bucket: volume-07183/bucket3, with bucket layout FILE_SYSTEM_OPTIMIZED, runner as owner, Versioning false, Storage Type set to DISK and Encryption set to false 
2022-08-20 07:53:05,881 [IPC Server handler 8 on default port 35463] INFO  bucket.OMBucketCreateRequest (OMBucketCreateRequest.java:validateAndUpdateCache(260)) - created bucket: bucket3 of layout FILE_SYSTEM_OPTIMIZED in volume: volume-07183
2022-08-20 07:53:05,892 [IPC Server handler 0 on default port 39233] INFO  ha.SequenceIdGenerator (SequenceIdGenerator.java:getNextId(128)) - Allocate a batch for containerId, change lastId from 0 to 1000.
2022-08-20 07:53:05,893 [IPC Server handler 0 on default port 39233] WARN  ha.SequenceIdGenerator (SequenceIdGenerator.java:allocateBatch(237)) - Failed to allocate a batch for localId, expected lastId is 0, actual lastId is 109611004723200000.
2022-08-20 07:53:05,893 [IPC Server handler 0 on default port 39233] INFO  ha.SequenceIdGenerator (SequenceIdGenerator.java:getNextId(128)) - Allocate a batch for localId, change lastId from 109611004723200000 to 109611004723201000.
]]></system-out>
  </testcase>
  <testcase name="testRenameDirToItsOwnSubDir" classname="TestRootedOzoneFileSystemWithFSO" time="0.091">
    <system-out><![CDATA[2022-08-20 07:51:51,735 [Time-limited test] INFO  rpc.RpcClient (RpcClient.java:createVolume(471)) - Creating Volume: volume59814, with user72628 as owner and space quota set to -1 bytes, counts quota set to -1
2022-08-20 07:51:51,740 [OM StateMachine ApplyTransaction Thread - 0] INFO  volume.OMVolumeCreateRequest (OMVolumeCreateRequest.java:validateAndUpdateCache(195)) - created volume:volume59814 for user:user72628
2022-08-20 07:51:51,745 [Time-limited test] INFO  rpc.RpcClient (RpcClient.java:createBucket(674)) - Creating Bucket: volume59814/bucket31864, with bucket layout FILE_SYSTEM_OPTIMIZED, runner as owner, Versioning false, Storage Type set to DISK and Encryption set to false 
2022-08-20 07:51:51,748 [OM StateMachine ApplyTransaction Thread - 0] INFO  bucket.OMBucketCreateRequest (OMBucketCreateRequest.java:validateAndUpdateCache(260)) - created bucket: bucket31864 of layout FILE_SYSTEM_OPTIMIZED in volume: volume59814
2022-08-20 07:51:51,757 [Time-limited test] INFO  ozone.TestRootedOzoneFileSystemWithFSO (TestRootedOzoneFileSystemWithFSO.java:testRenameDirToItsOwnSubDir(173)) - Created dir1 /volume59814/bucket31864/root/dir1/sub_dir1
2022-08-20 07:51:51,757 [Time-limited test] INFO  ozone.TestRootedOzoneFileSystemWithFSO (TestRootedOzoneFileSystemWithFSO.java:testRenameDirToItsOwnSubDir(174)) - Rename op-> source:/volume59814/bucket31864/root to destin:/volume59814/bucket31864/root/dir1/sub_dir1
07:51:51.762 [OM StateMachine ApplyTransaction Thread - 0] ERROR OMAudit - user=runner | ip=127.0.0.1 | op=RENAME_KEY {volume=volume59814, bucket=bucket31864, dataSize=0, replicationType=NONE, replicationFactor=ZERO, srcKey=root, dstKey=root/dir1/sub_dir1} | ret=FAILURE
org.apache.hadoop.ozone.om.exceptions.OMException: Cannot rename a directory to its own subdirectory
	at org.apache.hadoop.ozone.om.request.file.OMFileRequest.verifyToDirIsASubDirOfFromDirectory(OMFileRequest.java:795) ~[ozone-manager-1.3.0-SNAPSHOT.jar:?]
	at org.apache.hadoop.ozone.om.request.key.OMKeyRenameRequestWithFSO.validateAndUpdateCache(OMKeyRenameRequestWithFSO.java:144) ~[ozone-manager-1.3.0-SNAPSHOT.jar:?]
	at org.apache.hadoop.ozone.protocolPB.OzoneManagerRequestHandler.handleWriteRequest(OzoneManagerRequestHandler.java:304) ~[ozone-manager-1.3.0-SNAPSHOT.jar:?]
	at org.apache.hadoop.ozone.om.ratis.OzoneManagerStateMachine.runCommand(OzoneManagerStateMachine.java:529) ~[ozone-manager-1.3.0-SNAPSHOT.jar:?]
	at org.apache.hadoop.ozone.om.ratis.OzoneManagerStateMachine.lambda$1(OzoneManagerStateMachine.java:324) ~[ozone-manager-1.3.0-SNAPSHOT.jar:?]
	at java.util.concurrent.CompletableFuture$AsyncSupply.run(CompletableFuture.java:1604) [?:1.8.0_332]
	at java.util.concurrent.ThreadPoolExecutor.runWorker(ThreadPoolExecutor.java:1149) [?:1.8.0_332]
	at java.util.concurrent.ThreadPoolExecutor$Worker.run(ThreadPoolExecutor.java:624) [?:1.8.0_332]
	at java.lang.Thread.run(Thread.java:750) [?:1.8.0_332]
2022-08-20 07:51:51,763 [OM StateMachine ApplyTransaction Thread - 0] ERROR key.OMKeyRenameRequestWithFSO (OMKeyRenameRequestWithFSO.java:validateAndUpdateCache(234)) - Rename key failed for volume:volume59814 bucket:bucket31864 fromKey:root toKey:root/dir1/sub_dir1. Key: root not found.
2022-08-20 07:51:51,764 [Time-limited test] ERROR ozone.BasicRootedOzoneFileSystem (BasicRootedOzoneFileSystem.java:renameFSO(407)) - rename key failed: Cannot rename a directory to its own subdirectory. source:volume59814/bucket31864/root, destin:volume59814/bucket31864/root/dir1/sub_dir1
]]></system-out>
  </testcase>
  <testcase name="testRenameDirToItsOwnSubDir" classname="TestRootedOzoneFileSystemWithFSO" time="0.127">
    <system-out><![CDATA[2022-08-20 07:53:06,973 [Time-limited test] INFO  rpc.RpcClient (RpcClient.java:createVolume(471)) - Creating Volume: volume85454, with user49223 as owner and space quota set to -1 bytes, counts quota set to -1
2022-08-20 07:53:06,975 [IPC Server handler 13 on default port 35463] INFO  volume.OMVolumeCreateRequest (OMVolumeCreateRequest.java:validateAndUpdateCache(195)) - created volume:volume85454 for user:user49223
2022-08-20 07:53:06,976 [Time-limited test] INFO  rpc.RpcClient (RpcClient.java:createBucket(674)) - Creating Bucket: volume85454/bucket95695, with bucket layout FILE_SYSTEM_OPTIMIZED, runner as owner, Versioning false, Storage Type set to DISK and Encryption set to false 
2022-08-20 07:53:06,976 [IPC Server handler 19 on default port 35463] INFO  bucket.OMBucketCreateRequest (OMBucketCreateRequest.java:validateAndUpdateCache(260)) - created bucket: bucket95695 of layout FILE_SYSTEM_OPTIMIZED in volume: volume85454
2022-08-20 07:53:06,983 [Time-limited test] INFO  ozone.TestRootedOzoneFileSystemWithFSO (TestRootedOzoneFileSystemWithFSO.java:testRenameDirToItsOwnSubDir(173)) - Created dir1 /volume85454/bucket95695/root/dir1/sub_dir1
2022-08-20 07:53:06,983 [Time-limited test] INFO  ozone.TestRootedOzoneFileSystemWithFSO (TestRootedOzoneFileSystemWithFSO.java:testRenameDirToItsOwnSubDir(174)) - Rename op-> source:/volume85454/bucket95695/root to destin:/volume85454/bucket95695/root/dir1/sub_dir1
07:53:06.984 [IPC Server handler 1 on default port 35463] ERROR OMAudit - user=runner | ip=127.0.0.1 | op=RENAME_KEY {volume=volume85454, bucket=bucket95695, dataSize=0, replicationType=NONE, replicationFactor=ZERO, srcKey=root, dstKey=root/dir1/sub_dir1} | ret=FAILURE
org.apache.hadoop.ozone.om.exceptions.OMException: Cannot rename a directory to its own subdirectory
	at org.apache.hadoop.ozone.om.request.file.OMFileRequest.verifyToDirIsASubDirOfFromDirectory(OMFileRequest.java:795) ~[ozone-manager-1.3.0-SNAPSHOT.jar:?]
	at org.apache.hadoop.ozone.om.request.key.OMKeyRenameRequestWithFSO.validateAndUpdateCache(OMKeyRenameRequestWithFSO.java:144) ~[ozone-manager-1.3.0-SNAPSHOT.jar:?]
	at org.apache.hadoop.ozone.protocolPB.OzoneManagerRequestHandler.handleWriteRequest(OzoneManagerRequestHandler.java:304) ~[ozone-manager-1.3.0-SNAPSHOT.jar:?]
	at org.apache.hadoop.ozone.protocolPB.OzoneManagerProtocolServerSideTranslatorPB.submitRequestDirectlyToOM(OzoneManagerProtocolServerSideTranslatorPB.java:282) ~[ozone-manager-1.3.0-SNAPSHOT.jar:?]
	at org.apache.hadoop.ozone.protocolPB.OzoneManagerProtocolServerSideTranslatorPB.processRequest(OzoneManagerProtocolServerSideTranslatorPB.java:205) ~[ozone-manager-1.3.0-SNAPSHOT.jar:?]
	at org.apache.hadoop.hdds.server.OzoneProtocolMessageDispatcher.processRequest(OzoneProtocolMessageDispatcher.java:87) [hdds-server-framework-1.3.0-SNAPSHOT.jar:?]
	at org.apache.hadoop.ozone.protocolPB.OzoneManagerProtocolServerSideTranslatorPB.submitRequest(OzoneManagerProtocolServerSideTranslatorPB.java:147) [ozone-manager-1.3.0-SNAPSHOT.jar:?]
	at org.apache.hadoop.ozone.protocol.proto.OzoneManagerProtocolProtos$OzoneManagerService$2.callBlockingMethod(OzoneManagerProtocolProtos.java) [ozone-interface-client-1.3.0-SNAPSHOT.jar:?]
	at org.apache.hadoop.ipc.ProtobufRpcEngine$Server.processCall(ProtobufRpcEngine.java:466) [hadoop-common-3.3.1.jar:?]
	at org.apache.hadoop.ipc.ProtobufRpcEngine2$Server$ProtoBufRpcInvoker.call(ProtobufRpcEngine2.java:574) [hadoop-common-3.3.1.jar:?]
	at org.apache.hadoop.ipc.ProtobufRpcEngine2$Server$ProtoBufRpcInvoker.call(ProtobufRpcEngine2.java:552) [hadoop-common-3.3.1.jar:?]
	at org.apache.hadoop.ipc.RPC$Server.call(RPC.java:1093) [hadoop-common-3.3.1.jar:?]
	at org.apache.hadoop.ipc.Server$RpcCall.run(Server.java:1035) [hadoop-common-3.3.1.jar:?]
	at org.apache.hadoop.ipc.Server$RpcCall.run(Server.java:963) [hadoop-common-3.3.1.jar:?]
	at java.security.AccessController.doPrivileged(Native Method) ~[?:1.8.0_332]
	at javax.security.auth.Subject.doAs(Subject.java:422) [?:1.8.0_332]
	at org.apache.hadoop.security.UserGroupInformation.doAs(UserGroupInformation.java:1878) [hadoop-common-3.3.1.jar:?]
	at org.apache.hadoop.ipc.Server$Handler.run(Server.java:2966) [hadoop-common-3.3.1.jar:?]
2022-08-20 07:53:06,984 [IPC Server handler 1 on default port 35463] ERROR key.OMKeyRenameRequestWithFSO (OMKeyRenameRequestWithFSO.java:validateAndUpdateCache(234)) - Rename key failed for volume:volume85454 bucket:bucket95695 fromKey:root toKey:root/dir1/sub_dir1. Key: root not found.
2022-08-20 07:53:06,986 [Time-limited test] ERROR ozone.BasicRootedOzoneFileSystem (BasicRootedOzoneFileSystem.java:renameFSO(407)) - rename key failed: Cannot rename a directory to its own subdirectory. source:volume85454/bucket95695/root, destin:volume85454/bucket95695/root/dir1/sub_dir1
]]></system-out>
  </testcase>
  <testcase name="testOzoneFsServiceLoader" classname="TestRootedOzoneFileSystemWithFSO" time="0">
    <skipped message="HDDS-2939"/>
  </testcase>
  <testcase name="testOzoneFsServiceLoader" classname="TestRootedOzoneFileSystemWithFSO" time="0">
    <skipped message="HDDS-2939"/>
  </testcase>
  <testcase name="testRenameDestinationParentDoesntExist" classname="TestRootedOzoneFileSystemWithFSO" time="0.108">
    <system-out><![CDATA[2022-08-20 07:51:51,819 [Time-limited test] INFO  rpc.RpcClient (RpcClient.java:createVolume(471)) - Creating Volume: volume36724, with user02545 as owner and space quota set to -1 bytes, counts quota set to -1
2022-08-20 07:51:51,822 [OM StateMachine ApplyTransaction Thread - 0] INFO  volume.OMVolumeCreateRequest (OMVolumeCreateRequest.java:validateAndUpdateCache(195)) - created volume:volume36724 for user:user02545
2022-08-20 07:51:51,826 [Time-limited test] INFO  rpc.RpcClient (RpcClient.java:createBucket(674)) - Creating Bucket: volume36724/bucket09691, with bucket layout FILE_SYSTEM_OPTIMIZED, runner as owner, Versioning false, Storage Type set to DISK and Encryption set to false 
2022-08-20 07:51:51,829 [OM StateMachine ApplyTransaction Thread - 0] INFO  bucket.OMBucketCreateRequest (OMBucketCreateRequest.java:validateAndUpdateCache(260)) - created bucket: bucket09691 of layout FILE_SYSTEM_OPTIMIZED in volume: volume36724
07:51:51.843 [OM StateMachine ApplyTransaction Thread - 0] ERROR OMAudit - user=runner | ip=127.0.0.1 | op=RENAME_KEY {volume=volume36724, bucket=bucket09691, dataSize=0, replicationType=NONE, replicationFactor=ZERO, srcKey=root_dir/dir1/dir2, dstKey=root_dir/b/c} | ret=FAILURE
org.apache.hadoop.ozone.om.exceptions.OMException: Failed to rename root_dir/dir1/dir2 to root_dir/b/c, root_dir/b doesn't exist
	at org.apache.hadoop.ozone.om.request.file.OMFileRequest.getToKeyNameParentId(OMFileRequest.java:837) ~[ozone-manager-1.3.0-SNAPSHOT.jar:?]
	at org.apache.hadoop.ozone.om.request.key.OMKeyRenameRequestWithFSO.validateAndUpdateCache(OMKeyRenameRequestWithFSO.java:200) ~[ozone-manager-1.3.0-SNAPSHOT.jar:?]
	at org.apache.hadoop.ozone.protocolPB.OzoneManagerRequestHandler.handleWriteRequest(OzoneManagerRequestHandler.java:304) ~[ozone-manager-1.3.0-SNAPSHOT.jar:?]
	at org.apache.hadoop.ozone.om.ratis.OzoneManagerStateMachine.runCommand(OzoneManagerStateMachine.java:529) ~[ozone-manager-1.3.0-SNAPSHOT.jar:?]
	at org.apache.hadoop.ozone.om.ratis.OzoneManagerStateMachine.lambda$1(OzoneManagerStateMachine.java:324) ~[ozone-manager-1.3.0-SNAPSHOT.jar:?]
	at java.util.concurrent.CompletableFuture$AsyncSupply.run(CompletableFuture.java:1604) [?:1.8.0_332]
	at java.util.concurrent.ThreadPoolExecutor.runWorker(ThreadPoolExecutor.java:1149) [?:1.8.0_332]
	at java.util.concurrent.ThreadPoolExecutor$Worker.run(ThreadPoolExecutor.java:624) [?:1.8.0_332]
	at java.lang.Thread.run(Thread.java:750) [?:1.8.0_332]
2022-08-20 07:51:51,844 [OM StateMachine ApplyTransaction Thread - 0] ERROR key.OMKeyRenameRequestWithFSO (OMKeyRenameRequestWithFSO.java:validateAndUpdateCache(234)) - Rename key failed for volume:volume36724 bucket:bucket09691 fromKey:root_dir/dir1/dir2 toKey:root_dir/b/c. Key: root_dir/dir1/dir2 not found.
2022-08-20 07:51:51,844 [Time-limited test] ERROR ozone.BasicRootedOzoneFileSystem (BasicRootedOzoneFileSystem.java:renameFSO(407)) - rename key failed: Failed to rename root_dir/dir1/dir2 to root_dir/b/c, root_dir/b doesn't exist. source:volume36724/bucket09691/root_dir/dir1/dir2, destin:volume36724/bucket09691/root_dir/b/c
07:51:51.868 [OM StateMachine ApplyTransaction Thread - 0] ERROR OMAudit - user=runner | ip=127.0.0.1 | op=RENAME_KEY {volume=volume36724, bucket=bucket09691, dataSize=0, replicationType=NONE, replicationFactor=ZERO, srcKey=root_dir/dir1/dir2, dstKey=root_dir/file1/c} | ret=FAILURE
org.apache.hadoop.ozone.om.exceptions.OMException: Failed to rename root_dir/dir1/dir2 to root_dir/file1/c, root_dir/file1 is a file
	at org.apache.hadoop.ozone.om.request.file.OMFileRequest.getToKeyNameParentId(OMFileRequest.java:842) ~[ozone-manager-1.3.0-SNAPSHOT.jar:?]
	at org.apache.hadoop.ozone.om.request.key.OMKeyRenameRequestWithFSO.validateAndUpdateCache(OMKeyRenameRequestWithFSO.java:200) ~[ozone-manager-1.3.0-SNAPSHOT.jar:?]
	at org.apache.hadoop.ozone.protocolPB.OzoneManagerRequestHandler.handleWriteRequest(OzoneManagerRequestHandler.java:304) ~[ozone-manager-1.3.0-SNAPSHOT.jar:?]
	at org.apache.hadoop.ozone.om.ratis.OzoneManagerStateMachine.runCommand(OzoneManagerStateMachine.java:529) ~[ozone-manager-1.3.0-SNAPSHOT.jar:?]
	at org.apache.hadoop.ozone.om.ratis.OzoneManagerStateMachine.lambda$1(OzoneManagerStateMachine.java:324) ~[ozone-manager-1.3.0-SNAPSHOT.jar:?]
	at java.util.concurrent.CompletableFuture$AsyncSupply.run(CompletableFuture.java:1604) [?:1.8.0_332]
	at java.util.concurrent.ThreadPoolExecutor.runWorker(ThreadPoolExecutor.java:1149) [?:1.8.0_332]
	at java.util.concurrent.ThreadPoolExecutor$Worker.run(ThreadPoolExecutor.java:624) [?:1.8.0_332]
	at java.lang.Thread.run(Thread.java:750) [?:1.8.0_332]
2022-08-20 07:51:51,868 [OM StateMachine ApplyTransaction Thread - 0] ERROR key.OMKeyRenameRequestWithFSO (OMKeyRenameRequestWithFSO.java:validateAndUpdateCache(234)) - Rename key failed for volume:volume36724 bucket:bucket09691 fromKey:root_dir/dir1/dir2 toKey:root_dir/file1/c. Key: root_dir/dir1/dir2 not found.
2022-08-20 07:51:51,869 [Time-limited test] ERROR ozone.BasicRootedOzoneFileSystem (BasicRootedOzoneFileSystem.java:renameFSO(407)) - rename key failed: Failed to rename root_dir/dir1/dir2 to root_dir/file1/c, root_dir/file1 is a file. source:volume36724/bucket09691/root_dir/dir1/dir2, destin:volume36724/bucket09691/root_dir/file1/c
]]></system-out>
  </testcase>
  <testcase name="testRenameDestinationParentDoesntExist" classname="TestRootedOzoneFileSystemWithFSO" time="0.148">
    <system-out><![CDATA[2022-08-20 07:53:07,111 [Time-limited test] INFO  rpc.RpcClient (RpcClient.java:createVolume(471)) - Creating Volume: volume93916, with user40159 as owner and space quota set to -1 bytes, counts quota set to -1
2022-08-20 07:53:07,112 [IPC Server handler 3 on default port 35463] INFO  volume.OMVolumeCreateRequest (OMVolumeCreateRequest.java:validateAndUpdateCache(195)) - created volume:volume93916 for user:user40159
2022-08-20 07:53:07,113 [Time-limited test] INFO  rpc.RpcClient (RpcClient.java:createBucket(674)) - Creating Bucket: volume93916/bucket60223, with bucket layout FILE_SYSTEM_OPTIMIZED, runner as owner, Versioning false, Storage Type set to DISK and Encryption set to false 
2022-08-20 07:53:07,114 [IPC Server handler 6 on default port 35463] INFO  bucket.OMBucketCreateRequest (OMBucketCreateRequest.java:validateAndUpdateCache(260)) - created bucket: bucket60223 of layout FILE_SYSTEM_OPTIMIZED in volume: volume93916
07:53:07.116 [IPC Server handler 12 on default port 35463] ERROR OMAudit - user=runner | ip=127.0.0.1 | op=RENAME_KEY {volume=volume93916, bucket=bucket60223, dataSize=0, replicationType=NONE, replicationFactor=ZERO, srcKey=root_dir/dir1/dir2, dstKey=root_dir/b/c} | ret=FAILURE
org.apache.hadoop.ozone.om.exceptions.OMException: Failed to rename root_dir/dir1/dir2 to root_dir/b/c, root_dir/b doesn't exist
	at org.apache.hadoop.ozone.om.request.file.OMFileRequest.getToKeyNameParentId(OMFileRequest.java:837) ~[ozone-manager-1.3.0-SNAPSHOT.jar:?]
	at org.apache.hadoop.ozone.om.request.key.OMKeyRenameRequestWithFSO.validateAndUpdateCache(OMKeyRenameRequestWithFSO.java:200) ~[ozone-manager-1.3.0-SNAPSHOT.jar:?]
	at org.apache.hadoop.ozone.protocolPB.OzoneManagerRequestHandler.handleWriteRequest(OzoneManagerRequestHandler.java:304) ~[ozone-manager-1.3.0-SNAPSHOT.jar:?]
	at org.apache.hadoop.ozone.protocolPB.OzoneManagerProtocolServerSideTranslatorPB.submitRequestDirectlyToOM(OzoneManagerProtocolServerSideTranslatorPB.java:282) ~[ozone-manager-1.3.0-SNAPSHOT.jar:?]
	at org.apache.hadoop.ozone.protocolPB.OzoneManagerProtocolServerSideTranslatorPB.processRequest(OzoneManagerProtocolServerSideTranslatorPB.java:205) ~[ozone-manager-1.3.0-SNAPSHOT.jar:?]
	at org.apache.hadoop.hdds.server.OzoneProtocolMessageDispatcher.processRequest(OzoneProtocolMessageDispatcher.java:87) [hdds-server-framework-1.3.0-SNAPSHOT.jar:?]
	at org.apache.hadoop.ozone.protocolPB.OzoneManagerProtocolServerSideTranslatorPB.submitRequest(OzoneManagerProtocolServerSideTranslatorPB.java:147) [ozone-manager-1.3.0-SNAPSHOT.jar:?]
	at org.apache.hadoop.ozone.protocol.proto.OzoneManagerProtocolProtos$OzoneManagerService$2.callBlockingMethod(OzoneManagerProtocolProtos.java) [ozone-interface-client-1.3.0-SNAPSHOT.jar:?]
	at org.apache.hadoop.ipc.ProtobufRpcEngine$Server.processCall(ProtobufRpcEngine.java:466) [hadoop-common-3.3.1.jar:?]
	at org.apache.hadoop.ipc.ProtobufRpcEngine2$Server$ProtoBufRpcInvoker.call(ProtobufRpcEngine2.java:574) [hadoop-common-3.3.1.jar:?]
	at org.apache.hadoop.ipc.ProtobufRpcEngine2$Server$ProtoBufRpcInvoker.call(ProtobufRpcEngine2.java:552) [hadoop-common-3.3.1.jar:?]
	at org.apache.hadoop.ipc.RPC$Server.call(RPC.java:1093) [hadoop-common-3.3.1.jar:?]
	at org.apache.hadoop.ipc.Server$RpcCall.run(Server.java:1035) [hadoop-common-3.3.1.jar:?]
	at org.apache.hadoop.ipc.Server$RpcCall.run(Server.java:963) [hadoop-common-3.3.1.jar:?]
	at java.security.AccessController.doPrivileged(Native Method) ~[?:1.8.0_332]
	at javax.security.auth.Subject.doAs(Subject.java:422) [?:1.8.0_332]
	at org.apache.hadoop.security.UserGroupInformation.doAs(UserGroupInformation.java:1878) [hadoop-common-3.3.1.jar:?]
	at org.apache.hadoop.ipc.Server$Handler.run(Server.java:2966) [hadoop-common-3.3.1.jar:?]
2022-08-20 07:53:07,117 [IPC Server handler 12 on default port 35463] ERROR key.OMKeyRenameRequestWithFSO (OMKeyRenameRequestWithFSO.java:validateAndUpdateCache(234)) - Rename key failed for volume:volume93916 bucket:bucket60223 fromKey:root_dir/dir1/dir2 toKey:root_dir/b/c. Key: root_dir/dir1/dir2 not found.
2022-08-20 07:53:07,122 [Time-limited test] ERROR ozone.BasicRootedOzoneFileSystem (BasicRootedOzoneFileSystem.java:renameFSO(407)) - rename key failed: Failed to rename root_dir/dir1/dir2 to root_dir/b/c, root_dir/b doesn't exist. source:volume93916/bucket60223/root_dir/dir1/dir2, destin:volume93916/bucket60223/root_dir/b/c
07:53:07.134 [IPC Server handler 18 on default port 35463] ERROR OMAudit - user=runner | ip=127.0.0.1 | op=RENAME_KEY {volume=volume93916, bucket=bucket60223, dataSize=0, replicationType=NONE, replicationFactor=ZERO, srcKey=root_dir/dir1/dir2, dstKey=root_dir/file1/c} | ret=FAILURE
org.apache.hadoop.ozone.om.exceptions.OMException: Failed to rename root_dir/dir1/dir2 to root_dir/file1/c, root_dir/file1 is a file
	at org.apache.hadoop.ozone.om.request.file.OMFileRequest.getToKeyNameParentId(OMFileRequest.java:842) ~[ozone-manager-1.3.0-SNAPSHOT.jar:?]
	at org.apache.hadoop.ozone.om.request.key.OMKeyRenameRequestWithFSO.validateAndUpdateCache(OMKeyRenameRequestWithFSO.java:200) ~[ozone-manager-1.3.0-SNAPSHOT.jar:?]
	at org.apache.hadoop.ozone.protocolPB.OzoneManagerRequestHandler.handleWriteRequest(OzoneManagerRequestHandler.java:304) ~[ozone-manager-1.3.0-SNAPSHOT.jar:?]
	at org.apache.hadoop.ozone.protocolPB.OzoneManagerProtocolServerSideTranslatorPB.submitRequestDirectlyToOM(OzoneManagerProtocolServerSideTranslatorPB.java:282) ~[ozone-manager-1.3.0-SNAPSHOT.jar:?]
	at org.apache.hadoop.ozone.protocolPB.OzoneManagerProtocolServerSideTranslatorPB.processRequest(OzoneManagerProtocolServerSideTranslatorPB.java:205) ~[ozone-manager-1.3.0-SNAPSHOT.jar:?]
	at org.apache.hadoop.hdds.server.OzoneProtocolMessageDispatcher.processRequest(OzoneProtocolMessageDispatcher.java:87) [hdds-server-framework-1.3.0-SNAPSHOT.jar:?]
	at org.apache.hadoop.ozone.protocolPB.OzoneManagerProtocolServerSideTranslatorPB.submitRequest(OzoneManagerProtocolServerSideTranslatorPB.java:147) [ozone-manager-1.3.0-SNAPSHOT.jar:?]
	at org.apache.hadoop.ozone.protocol.proto.OzoneManagerProtocolProtos$OzoneManagerService$2.callBlockingMethod(OzoneManagerProtocolProtos.java) [ozone-interface-client-1.3.0-SNAPSHOT.jar:?]
	at org.apache.hadoop.ipc.ProtobufRpcEngine$Server.processCall(ProtobufRpcEngine.java:466) [hadoop-common-3.3.1.jar:?]
	at org.apache.hadoop.ipc.ProtobufRpcEngine2$Server$ProtoBufRpcInvoker.call(ProtobufRpcEngine2.java:574) [hadoop-common-3.3.1.jar:?]
	at org.apache.hadoop.ipc.ProtobufRpcEngine2$Server$ProtoBufRpcInvoker.call(ProtobufRpcEngine2.java:552) [hadoop-common-3.3.1.jar:?]
	at org.apache.hadoop.ipc.RPC$Server.call(RPC.java:1093) [hadoop-common-3.3.1.jar:?]
	at org.apache.hadoop.ipc.Server$RpcCall.run(Server.java:1035) [hadoop-common-3.3.1.jar:?]
	at org.apache.hadoop.ipc.Server$RpcCall.run(Server.java:963) [hadoop-common-3.3.1.jar:?]
	at java.security.AccessController.doPrivileged(Native Method) ~[?:1.8.0_332]
	at javax.security.auth.Subject.doAs(Subject.java:422) [?:1.8.0_332]
	at org.apache.hadoop.security.UserGroupInformation.doAs(UserGroupInformation.java:1878) [hadoop-common-3.3.1.jar:?]
	at org.apache.hadoop.ipc.Server$Handler.run(Server.java:2966) [hadoop-common-3.3.1.jar:?]
2022-08-20 07:53:07,135 [IPC Server handler 18 on default port 35463] ERROR key.OMKeyRenameRequestWithFSO (OMKeyRenameRequestWithFSO.java:validateAndUpdateCache(234)) - Rename key failed for volume:volume93916 bucket:bucket60223 fromKey:root_dir/dir1/dir2 toKey:root_dir/file1/c. Key: root_dir/dir1/dir2 not found.
2022-08-20 07:53:07,135 [Time-limited test] ERROR ozone.BasicRootedOzoneFileSystem (BasicRootedOzoneFileSystem.java:renameFSO(407)) - rename key failed: Failed to rename root_dir/dir1/dir2 to root_dir/file1/c, root_dir/file1 is a file. source:volume93916/bucket60223/root_dir/dir1/dir2, destin:volume93916/bucket60223/root_dir/file1/c
]]></system-out>
  </testcase>
  <testcase name="testCreateWithInvalidPaths" classname="TestRootedOzoneFileSystemWithFSO" time="0">
    <skipped message="HDDS-2939"/>
  </testcase>
  <testcase name="testCreateWithInvalidPaths" classname="TestRootedOzoneFileSystemWithFSO" time="0">
    <skipped message="HDDS-2939"/>
  </testcase>
  <testcase name="testListStatusFSO" classname="TestRootedOzoneFileSystemWithFSO" time="10.041">
    <system-out><![CDATA[2022-08-20 07:51:51,930 [Time-limited test] INFO  rpc.RpcClient (RpcClient.java:createVolume(471)) - Creating Volume: volume28479, with user66218 as owner and space quota set to -1 bytes, counts quota set to -1
2022-08-20 07:51:51,933 [OM StateMachine ApplyTransaction Thread - 0] INFO  volume.OMVolumeCreateRequest (OMVolumeCreateRequest.java:validateAndUpdateCache(195)) - created volume:volume28479 for user:user66218
2022-08-20 07:51:51,942 [Time-limited test] INFO  rpc.RpcClient (RpcClient.java:createBucket(674)) - Creating Bucket: volume28479/bucket17653, with bucket layout FILE_SYSTEM_OPTIMIZED, runner as owner, Versioning false, Storage Type set to DISK and Encryption set to false 
2022-08-20 07:51:51,945 [OM StateMachine ApplyTransaction Thread - 0] INFO  bucket.OMBucketCreateRequest (OMBucketCreateRequest.java:validateAndUpdateCache(260)) - created bucket: bucket17653 of layout FILE_SYSTEM_OPTIMIZED in volume: volume28479
2022-08-20 07:51:53,474 [be90e73c-a484-4b65-88cf-121e201739e2@group-7E3172ADB9F5-FollowerState] INFO  impl.FollowerState (FollowerState.java:run(143)) - be90e73c-a484-4b65-88cf-121e201739e2@group-7E3172ADB9F5-FollowerState: change to CANDIDATE, lastRpcElapsedTime:5037385370ns, electionTimeout:5035ms
2022-08-20 07:51:53,474 [be90e73c-a484-4b65-88cf-121e201739e2@group-7E3172ADB9F5-FollowerState] INFO  impl.RoleInfo (RoleInfo.java:shutdownFollowerState(110)) - be90e73c-a484-4b65-88cf-121e201739e2: shutdown be90e73c-a484-4b65-88cf-121e201739e2@group-7E3172ADB9F5-FollowerState
2022-08-20 07:51:53,474 [be90e73c-a484-4b65-88cf-121e201739e2@group-7E3172ADB9F5-FollowerState] INFO  server.RaftServer$Division (RaftServerImpl.java:setRole(299)) - be90e73c-a484-4b65-88cf-121e201739e2@group-7E3172ADB9F5: changes role from  FOLLOWER to CANDIDATE at term 1 for changeToCandidate
2022-08-20 07:51:53,474 [be90e73c-a484-4b65-88cf-121e201739e2@group-7E3172ADB9F5-FollowerState] INFO  server.RaftServerConfigKeys (ConfUtils.java:logGet(46)) - raft.server.leaderelection.pre-vote = false (custom)
2022-08-20 07:51:53,474 [be90e73c-a484-4b65-88cf-121e201739e2@group-7E3172ADB9F5-FollowerState] INFO  impl.RoleInfo (RoleInfo.java:updateAndGet(139)) - be90e73c-a484-4b65-88cf-121e201739e2: start be90e73c-a484-4b65-88cf-121e201739e2@group-7E3172ADB9F5-LeaderElection9
2022-08-20 07:51:53,488 [be90e73c-a484-4b65-88cf-121e201739e2@group-7E3172ADB9F5-LeaderElection9] INFO  impl.LeaderElection (LeaderElection.java:askForVotes(310)) - be90e73c-a484-4b65-88cf-121e201739e2@group-7E3172ADB9F5-LeaderElection9 ELECTION round 0: submit vote requests at term 2 for -1: [cfb127e1-4a9c-4c86-92d2-3c8cc92f4642|rpc:10.1.0.10:40853|priority:0, 79881640-4786-45f7-aed0-9e856ede138a|rpc:10.1.0.10:45433|priority:1, be90e73c-a484-4b65-88cf-121e201739e2|rpc:10.1.0.10:33179|priority:0], old=null
2022-08-20 07:51:53,514 [grpc-default-executor-1] INFO  server.RaftServer$Division (RaftServerImpl.java:requestVote(1152)) - cfb127e1-4a9c-4c86-92d2-3c8cc92f4642@group-7E3172ADB9F5: receive requestVote(ELECTION, be90e73c-a484-4b65-88cf-121e201739e2, group-7E3172ADB9F5, 2, (t:0, i:0))
2022-08-20 07:51:53,532 [grpc-default-executor-3] INFO  server.RaftServer$Division (RaftServerImpl.java:requestVote(1152)) - 79881640-4786-45f7-aed0-9e856ede138a@group-7E3172ADB9F5: receive requestVote(ELECTION, be90e73c-a484-4b65-88cf-121e201739e2, group-7E3172ADB9F5, 2, (t:0, i:0))
2022-08-20 07:51:53,532 [grpc-default-executor-1] INFO  impl.VoteContext (VoteContext.java:log(48)) - cfb127e1-4a9c-4c86-92d2-3c8cc92f4642@group-7E3172ADB9F5-FOLLOWER: accept ELECTION from be90e73c-a484-4b65-88cf-121e201739e2: our priority 0 <= candidate's priority 0
2022-08-20 07:51:53,532 [grpc-default-executor-1] INFO  server.RaftServer$Division (RaftServerImpl.java:setRole(299)) - cfb127e1-4a9c-4c86-92d2-3c8cc92f4642@group-7E3172ADB9F5: changes role from  FOLLOWER to FOLLOWER at term 2 for candidate:be90e73c-a484-4b65-88cf-121e201739e2
2022-08-20 07:51:53,532 [grpc-default-executor-1] INFO  impl.RoleInfo (RoleInfo.java:shutdownFollowerState(110)) - cfb127e1-4a9c-4c86-92d2-3c8cc92f4642: shutdown cfb127e1-4a9c-4c86-92d2-3c8cc92f4642@group-7E3172ADB9F5-FollowerState
2022-08-20 07:51:53,532 [grpc-default-executor-1] INFO  impl.RoleInfo (RoleInfo.java:updateAndGet(139)) - cfb127e1-4a9c-4c86-92d2-3c8cc92f4642: start cfb127e1-4a9c-4c86-92d2-3c8cc92f4642@group-7E3172ADB9F5-FollowerState
2022-08-20 07:51:53,533 [cfb127e1-4a9c-4c86-92d2-3c8cc92f4642@group-7E3172ADB9F5-FollowerState] INFO  impl.FollowerState (FollowerState.java:run(152)) - cfb127e1-4a9c-4c86-92d2-3c8cc92f4642@group-7E3172ADB9F5-FollowerState was interrupted
2022-08-20 07:51:53,543 [grpc-default-executor-3] INFO  impl.VoteContext (VoteContext.java:log(48)) - 79881640-4786-45f7-aed0-9e856ede138a@group-7E3172ADB9F5-FOLLOWER: reject ELECTION from be90e73c-a484-4b65-88cf-121e201739e2: our priority 1 > candidate's priority 0
2022-08-20 07:51:53,543 [grpc-default-executor-3] INFO  server.RaftServer$Division (RaftServerImpl.java:setRole(299)) - 79881640-4786-45f7-aed0-9e856ede138a@group-7E3172ADB9F5: changes role from  FOLLOWER to FOLLOWER at term 2 for candidate:be90e73c-a484-4b65-88cf-121e201739e2
2022-08-20 07:51:53,543 [grpc-default-executor-3] INFO  impl.RoleInfo (RoleInfo.java:shutdownFollowerState(110)) - 79881640-4786-45f7-aed0-9e856ede138a: shutdown 79881640-4786-45f7-aed0-9e856ede138a@group-7E3172ADB9F5-FollowerState
2022-08-20 07:51:53,543 [grpc-default-executor-3] INFO  impl.RoleInfo (RoleInfo.java:updateAndGet(139)) - 79881640-4786-45f7-aed0-9e856ede138a: start 79881640-4786-45f7-aed0-9e856ede138a@group-7E3172ADB9F5-FollowerState
2022-08-20 07:51:53,544 [79881640-4786-45f7-aed0-9e856ede138a@group-7E3172ADB9F5-FollowerState] INFO  impl.FollowerState (FollowerState.java:run(152)) - 79881640-4786-45f7-aed0-9e856ede138a@group-7E3172ADB9F5-FollowerState was interrupted
2022-08-20 07:51:53,567 [grpc-default-executor-3] INFO  server.RaftServer$Division (RaftServerImpl.java:requestVote(1184)) - 79881640-4786-45f7-aed0-9e856ede138a@group-7E3172ADB9F5 replies to ELECTION vote request: be90e73c-a484-4b65-88cf-121e201739e2<-79881640-4786-45f7-aed0-9e856ede138a#0:FAIL-t2. Peer's state: 79881640-4786-45f7-aed0-9e856ede138a@group-7E3172ADB9F5:t2, leader=null, voted=null, raftlog=79881640-4786-45f7-aed0-9e856ede138a@group-7E3172ADB9F5-SegmentedRaftLog:OPENED:c-1, conf=-1: [cfb127e1-4a9c-4c86-92d2-3c8cc92f4642|rpc:10.1.0.10:40853|priority:0, 79881640-4786-45f7-aed0-9e856ede138a|rpc:10.1.0.10:45433|priority:1, be90e73c-a484-4b65-88cf-121e201739e2|rpc:10.1.0.10:33179|priority:0], old=null
2022-08-20 07:51:53,567 [grpc-default-executor-1] INFO  server.RaftServer$Division (RaftServerImpl.java:requestVote(1184)) - cfb127e1-4a9c-4c86-92d2-3c8cc92f4642@group-7E3172ADB9F5 replies to ELECTION vote request: be90e73c-a484-4b65-88cf-121e201739e2<-cfb127e1-4a9c-4c86-92d2-3c8cc92f4642#0:OK-t2. Peer's state: cfb127e1-4a9c-4c86-92d2-3c8cc92f4642@group-7E3172ADB9F5:t2, leader=null, voted=be90e73c-a484-4b65-88cf-121e201739e2, raftlog=cfb127e1-4a9c-4c86-92d2-3c8cc92f4642@group-7E3172ADB9F5-SegmentedRaftLog:OPENED:c-1, conf=-1: [cfb127e1-4a9c-4c86-92d2-3c8cc92f4642|rpc:10.1.0.10:40853|dataStream:|priority:0, 79881640-4786-45f7-aed0-9e856ede138a|rpc:10.1.0.10:45433|dataStream:|priority:1, be90e73c-a484-4b65-88cf-121e201739e2|rpc:10.1.0.10:33179|dataStream:|priority:0], old=null
2022-08-20 07:51:53,570 [be90e73c-a484-4b65-88cf-121e201739e2@group-7E3172ADB9F5-LeaderElection9] INFO  impl.LeaderElection (LeaderElection.java:logAndReturn(90)) - be90e73c-a484-4b65-88cf-121e201739e2@group-7E3172ADB9F5-LeaderElection9: ELECTION REJECTED received 2 response(s) and 0 exception(s):
2022-08-20 07:51:53,577 [be90e73c-a484-4b65-88cf-121e201739e2@group-7E3172ADB9F5-LeaderElection9] INFO  impl.LeaderElection (LeaderElection.java:logAndReturn(94)) -   Response 0: be90e73c-a484-4b65-88cf-121e201739e2<-cfb127e1-4a9c-4c86-92d2-3c8cc92f4642#0:OK-t2
2022-08-20 07:51:53,577 [be90e73c-a484-4b65-88cf-121e201739e2@group-7E3172ADB9F5-LeaderElection9] INFO  impl.LeaderElection (LeaderElection.java:logAndReturn(94)) -   Response 1: be90e73c-a484-4b65-88cf-121e201739e2<-79881640-4786-45f7-aed0-9e856ede138a#0:FAIL-t2
2022-08-20 07:51:53,577 [be90e73c-a484-4b65-88cf-121e201739e2@group-7E3172ADB9F5-LeaderElection9] INFO  impl.LeaderElection (LeaderElection.java:askForVotes(312)) - be90e73c-a484-4b65-88cf-121e201739e2@group-7E3172ADB9F5-LeaderElection9 ELECTION round 0: result REJECTED
2022-08-20 07:51:53,577 [be90e73c-a484-4b65-88cf-121e201739e2@group-7E3172ADB9F5-LeaderElection9] INFO  server.RaftServer$Division (RaftServerImpl.java:setRole(299)) - be90e73c-a484-4b65-88cf-121e201739e2@group-7E3172ADB9F5: changes role from CANDIDATE to FOLLOWER at term 2 for REJECTED
2022-08-20 07:51:53,577 [be90e73c-a484-4b65-88cf-121e201739e2@group-7E3172ADB9F5-LeaderElection9] INFO  impl.RoleInfo (RoleInfo.java:shutdownLeaderElection(130)) - be90e73c-a484-4b65-88cf-121e201739e2: shutdown be90e73c-a484-4b65-88cf-121e201739e2@group-7E3172ADB9F5-LeaderElection9
2022-08-20 07:51:53,577 [be90e73c-a484-4b65-88cf-121e201739e2@group-7E3172ADB9F5-LeaderElection9] INFO  impl.RoleInfo (RoleInfo.java:updateAndGet(139)) - be90e73c-a484-4b65-88cf-121e201739e2: start be90e73c-a484-4b65-88cf-121e201739e2@group-7E3172ADB9F5-FollowerState
2022-08-20 07:51:58,603 [be90e73c-a484-4b65-88cf-121e201739e2@group-7E3172ADB9F5-FollowerState] INFO  impl.FollowerState (FollowerState.java:run(143)) - be90e73c-a484-4b65-88cf-121e201739e2@group-7E3172ADB9F5-FollowerState: change to CANDIDATE, lastRpcElapsedTime:5026063010ns, electionTimeout:5007ms
2022-08-20 07:51:58,605 [be90e73c-a484-4b65-88cf-121e201739e2@group-7E3172ADB9F5-FollowerState] INFO  impl.RoleInfo (RoleInfo.java:shutdownFollowerState(110)) - be90e73c-a484-4b65-88cf-121e201739e2: shutdown be90e73c-a484-4b65-88cf-121e201739e2@group-7E3172ADB9F5-FollowerState
2022-08-20 07:51:58,605 [be90e73c-a484-4b65-88cf-121e201739e2@group-7E3172ADB9F5-FollowerState] INFO  server.RaftServer$Division (RaftServerImpl.java:setRole(299)) - be90e73c-a484-4b65-88cf-121e201739e2@group-7E3172ADB9F5: changes role from  FOLLOWER to CANDIDATE at term 2 for changeToCandidate
2022-08-20 07:51:58,605 [be90e73c-a484-4b65-88cf-121e201739e2@group-7E3172ADB9F5-FollowerState] INFO  server.RaftServerConfigKeys (ConfUtils.java:logGet(46)) - raft.server.leaderelection.pre-vote = false (custom)
2022-08-20 07:51:58,605 [be90e73c-a484-4b65-88cf-121e201739e2@group-7E3172ADB9F5-FollowerState] INFO  impl.RoleInfo (RoleInfo.java:updateAndGet(139)) - be90e73c-a484-4b65-88cf-121e201739e2: start be90e73c-a484-4b65-88cf-121e201739e2@group-7E3172ADB9F5-LeaderElection10
2022-08-20 07:51:58,616 [be90e73c-a484-4b65-88cf-121e201739e2@group-7E3172ADB9F5-LeaderElection10] INFO  impl.LeaderElection (LeaderElection.java:askForVotes(310)) - be90e73c-a484-4b65-88cf-121e201739e2@group-7E3172ADB9F5-LeaderElection10 ELECTION round 0: submit vote requests at term 3 for -1: [cfb127e1-4a9c-4c86-92d2-3c8cc92f4642|rpc:10.1.0.10:40853|priority:0, 79881640-4786-45f7-aed0-9e856ede138a|rpc:10.1.0.10:45433|priority:1, be90e73c-a484-4b65-88cf-121e201739e2|rpc:10.1.0.10:33179|priority:0], old=null
2022-08-20 07:51:58,629 [grpc-default-executor-3] INFO  server.RaftServer$Division (RaftServerImpl.java:requestVote(1152)) - cfb127e1-4a9c-4c86-92d2-3c8cc92f4642@group-7E3172ADB9F5: receive requestVote(ELECTION, be90e73c-a484-4b65-88cf-121e201739e2, group-7E3172ADB9F5, 3, (t:0, i:0))
2022-08-20 07:51:58,629 [grpc-default-executor-3] INFO  impl.VoteContext (VoteContext.java:log(48)) - cfb127e1-4a9c-4c86-92d2-3c8cc92f4642@group-7E3172ADB9F5-FOLLOWER: accept ELECTION from be90e73c-a484-4b65-88cf-121e201739e2: our priority 0 <= candidate's priority 0
2022-08-20 07:51:58,629 [grpc-default-executor-3] INFO  server.RaftServer$Division (RaftServerImpl.java:setRole(299)) - cfb127e1-4a9c-4c86-92d2-3c8cc92f4642@group-7E3172ADB9F5: changes role from  FOLLOWER to FOLLOWER at term 3 for candidate:be90e73c-a484-4b65-88cf-121e201739e2
2022-08-20 07:51:58,629 [grpc-default-executor-3] INFO  impl.RoleInfo (RoleInfo.java:shutdownFollowerState(110)) - cfb127e1-4a9c-4c86-92d2-3c8cc92f4642: shutdown cfb127e1-4a9c-4c86-92d2-3c8cc92f4642@group-7E3172ADB9F5-FollowerState
2022-08-20 07:51:58,629 [grpc-default-executor-3] INFO  impl.RoleInfo (RoleInfo.java:updateAndGet(139)) - cfb127e1-4a9c-4c86-92d2-3c8cc92f4642: start cfb127e1-4a9c-4c86-92d2-3c8cc92f4642@group-7E3172ADB9F5-FollowerState
2022-08-20 07:51:58,629 [cfb127e1-4a9c-4c86-92d2-3c8cc92f4642@group-7E3172ADB9F5-FollowerState] INFO  impl.FollowerState (FollowerState.java:run(152)) - cfb127e1-4a9c-4c86-92d2-3c8cc92f4642@group-7E3172ADB9F5-FollowerState was interrupted
2022-08-20 07:51:58,634 [grpc-default-executor-3] INFO  server.RaftServer$Division (RaftServerImpl.java:requestVote(1184)) - cfb127e1-4a9c-4c86-92d2-3c8cc92f4642@group-7E3172ADB9F5 replies to ELECTION vote request: be90e73c-a484-4b65-88cf-121e201739e2<-cfb127e1-4a9c-4c86-92d2-3c8cc92f4642#0:OK-t3. Peer's state: cfb127e1-4a9c-4c86-92d2-3c8cc92f4642@group-7E3172ADB9F5:t3, leader=null, voted=be90e73c-a484-4b65-88cf-121e201739e2, raftlog=cfb127e1-4a9c-4c86-92d2-3c8cc92f4642@group-7E3172ADB9F5-SegmentedRaftLog:OPENED:c-1, conf=-1: [cfb127e1-4a9c-4c86-92d2-3c8cc92f4642|rpc:10.1.0.10:40853|dataStream:|priority:0, 79881640-4786-45f7-aed0-9e856ede138a|rpc:10.1.0.10:45433|dataStream:|priority:1, be90e73c-a484-4b65-88cf-121e201739e2|rpc:10.1.0.10:33179|dataStream:|priority:0], old=null
2022-08-20 07:51:58,643 [grpc-default-executor-3] INFO  server.RaftServer$Division (RaftServerImpl.java:requestVote(1152)) - 79881640-4786-45f7-aed0-9e856ede138a@group-7E3172ADB9F5: receive requestVote(ELECTION, be90e73c-a484-4b65-88cf-121e201739e2, group-7E3172ADB9F5, 3, (t:0, i:0))
2022-08-20 07:51:58,643 [grpc-default-executor-3] INFO  impl.VoteContext (VoteContext.java:log(48)) - 79881640-4786-45f7-aed0-9e856ede138a@group-7E3172ADB9F5-FOLLOWER: reject ELECTION from be90e73c-a484-4b65-88cf-121e201739e2: our priority 1 > candidate's priority 0
2022-08-20 07:51:58,643 [grpc-default-executor-3] INFO  server.RaftServer$Division (RaftServerImpl.java:setRole(299)) - 79881640-4786-45f7-aed0-9e856ede138a@group-7E3172ADB9F5: changes role from  FOLLOWER to FOLLOWER at term 3 for candidate:be90e73c-a484-4b65-88cf-121e201739e2
2022-08-20 07:51:58,643 [grpc-default-executor-3] INFO  impl.RoleInfo (RoleInfo.java:shutdownFollowerState(110)) - 79881640-4786-45f7-aed0-9e856ede138a: shutdown 79881640-4786-45f7-aed0-9e856ede138a@group-7E3172ADB9F5-FollowerState
2022-08-20 07:51:58,643 [grpc-default-executor-3] INFO  impl.RoleInfo (RoleInfo.java:updateAndGet(139)) - 79881640-4786-45f7-aed0-9e856ede138a: start 79881640-4786-45f7-aed0-9e856ede138a@group-7E3172ADB9F5-FollowerState
2022-08-20 07:51:58,643 [79881640-4786-45f7-aed0-9e856ede138a@group-7E3172ADB9F5-FollowerState] INFO  impl.FollowerState (FollowerState.java:run(152)) - 79881640-4786-45f7-aed0-9e856ede138a@group-7E3172ADB9F5-FollowerState was interrupted
2022-08-20 07:51:58,658 [grpc-default-executor-3] INFO  server.RaftServer$Division (RaftServerImpl.java:requestVote(1184)) - 79881640-4786-45f7-aed0-9e856ede138a@group-7E3172ADB9F5 replies to ELECTION vote request: be90e73c-a484-4b65-88cf-121e201739e2<-79881640-4786-45f7-aed0-9e856ede138a#0:FAIL-t3. Peer's state: 79881640-4786-45f7-aed0-9e856ede138a@group-7E3172ADB9F5:t3, leader=null, voted=null, raftlog=79881640-4786-45f7-aed0-9e856ede138a@group-7E3172ADB9F5-SegmentedRaftLog:OPENED:c-1, conf=-1: [cfb127e1-4a9c-4c86-92d2-3c8cc92f4642|rpc:10.1.0.10:40853|priority:0, 79881640-4786-45f7-aed0-9e856ede138a|rpc:10.1.0.10:45433|priority:1, be90e73c-a484-4b65-88cf-121e201739e2|rpc:10.1.0.10:33179|priority:0], old=null
2022-08-20 07:51:58,659 [be90e73c-a484-4b65-88cf-121e201739e2@group-7E3172ADB9F5-LeaderElection10] INFO  impl.LeaderElection (LeaderElection.java:logAndReturn(90)) - be90e73c-a484-4b65-88cf-121e201739e2@group-7E3172ADB9F5-LeaderElection10: ELECTION REJECTED received 2 response(s) and 0 exception(s):
2022-08-20 07:51:58,659 [be90e73c-a484-4b65-88cf-121e201739e2@group-7E3172ADB9F5-LeaderElection10] INFO  impl.LeaderElection (LeaderElection.java:logAndReturn(94)) -   Response 0: be90e73c-a484-4b65-88cf-121e201739e2<-cfb127e1-4a9c-4c86-92d2-3c8cc92f4642#0:OK-t3
2022-08-20 07:51:58,659 [be90e73c-a484-4b65-88cf-121e201739e2@group-7E3172ADB9F5-LeaderElection10] INFO  impl.LeaderElection (LeaderElection.java:logAndReturn(94)) -   Response 1: be90e73c-a484-4b65-88cf-121e201739e2<-79881640-4786-45f7-aed0-9e856ede138a#0:FAIL-t3
2022-08-20 07:51:58,659 [be90e73c-a484-4b65-88cf-121e201739e2@group-7E3172ADB9F5-LeaderElection10] INFO  impl.LeaderElection (LeaderElection.java:askForVotes(312)) - be90e73c-a484-4b65-88cf-121e201739e2@group-7E3172ADB9F5-LeaderElection10 ELECTION round 0: result REJECTED
2022-08-20 07:51:58,659 [be90e73c-a484-4b65-88cf-121e201739e2@group-7E3172ADB9F5-LeaderElection10] INFO  server.RaftServer$Division (RaftServerImpl.java:setRole(299)) - be90e73c-a484-4b65-88cf-121e201739e2@group-7E3172ADB9F5: changes role from CANDIDATE to FOLLOWER at term 3 for REJECTED
2022-08-20 07:51:58,659 [be90e73c-a484-4b65-88cf-121e201739e2@group-7E3172ADB9F5-LeaderElection10] INFO  impl.RoleInfo (RoleInfo.java:shutdownLeaderElection(130)) - be90e73c-a484-4b65-88cf-121e201739e2: shutdown be90e73c-a484-4b65-88cf-121e201739e2@group-7E3172ADB9F5-LeaderElection10
2022-08-20 07:51:58,659 [be90e73c-a484-4b65-88cf-121e201739e2@group-7E3172ADB9F5-LeaderElection10] INFO  impl.RoleInfo (RoleInfo.java:updateAndGet(139)) - be90e73c-a484-4b65-88cf-121e201739e2: start be90e73c-a484-4b65-88cf-121e201739e2@group-7E3172ADB9F5-FollowerState
2022-08-20 07:52:00,477 [IPC Server handler 18 on default port 46265] INFO  ha.SequenceIdGenerator (SequenceIdGenerator.java:getNextId(128)) - Allocate a batch for localId, change lastId from 109611004723201000 to 109611004723202000.
2022-08-20 07:52:01,444 [UnderReplicatedQueueThreadThread] INFO  replication.UnderReplicatedProcessor (UnderReplicatedProcessor.java:processAll(85)) - Processed 0 under replicated containers, failed processing 0
2022-08-20 07:52:01,454 [OverReplicatedQueueThreadThread] INFO  replication.OverReplicatedProcessor (OverReplicatedProcessor.java:processAll(83)) - Processed 0 over replicated containers, failed processing 0
]]></system-out>
  </testcase>
  <testcase name="testListStatusFSO" classname="TestRootedOzoneFileSystemWithFSO" time="5.096">
    <system-out><![CDATA[2022-08-20 07:53:07,221 [Time-limited test] INFO  rpc.RpcClient (RpcClient.java:createVolume(471)) - Creating Volume: volume09673, with user26630 as owner and space quota set to -1 bytes, counts quota set to -1
2022-08-20 07:53:07,222 [IPC Server handler 16 on default port 35463] INFO  volume.OMVolumeCreateRequest (OMVolumeCreateRequest.java:validateAndUpdateCache(195)) - created volume:volume09673 for user:user26630
2022-08-20 07:53:07,231 [Time-limited test] INFO  rpc.RpcClient (RpcClient.java:createBucket(674)) - Creating Bucket: volume09673/bucket39395, with bucket layout FILE_SYSTEM_OPTIMIZED, runner as owner, Versioning false, Storage Type set to DISK and Encryption set to false 
2022-08-20 07:53:07,232 [IPC Server handler 15 on default port 35463] INFO  bucket.OMBucketCreateRequest (OMBucketCreateRequest.java:validateAndUpdateCache(260)) - created bucket: bucket39395 of layout FILE_SYSTEM_OPTIMIZED in volume: volume09673
2022-08-20 07:53:09,246 [c9e3b08e-4472-4268-809a-be763a4c0fdf@group-FDC90BB2F919-FollowerState] INFO  impl.FollowerState (FollowerState.java:run(143)) - c9e3b08e-4472-4268-809a-be763a4c0fdf@group-FDC90BB2F919-FollowerState: change to CANDIDATE, lastRpcElapsedTime:5031942512ns, electionTimeout:5023ms
2022-08-20 07:53:09,246 [c9e3b08e-4472-4268-809a-be763a4c0fdf@group-FDC90BB2F919-FollowerState] INFO  impl.RoleInfo (RoleInfo.java:shutdownFollowerState(110)) - c9e3b08e-4472-4268-809a-be763a4c0fdf: shutdown c9e3b08e-4472-4268-809a-be763a4c0fdf@group-FDC90BB2F919-FollowerState
2022-08-20 07:53:09,246 [c9e3b08e-4472-4268-809a-be763a4c0fdf@group-FDC90BB2F919-FollowerState] INFO  server.RaftServer$Division (RaftServerImpl.java:setRole(299)) - c9e3b08e-4472-4268-809a-be763a4c0fdf@group-FDC90BB2F919: changes role from  FOLLOWER to CANDIDATE at term 2 for changeToCandidate
2022-08-20 07:53:09,246 [c9e3b08e-4472-4268-809a-be763a4c0fdf@group-FDC90BB2F919-FollowerState] INFO  server.RaftServerConfigKeys (ConfUtils.java:logGet(46)) - raft.server.leaderelection.pre-vote = false (custom)
2022-08-20 07:53:09,246 [c9e3b08e-4472-4268-809a-be763a4c0fdf@group-FDC90BB2F919-FollowerState] INFO  impl.RoleInfo (RoleInfo.java:updateAndGet(139)) - c9e3b08e-4472-4268-809a-be763a4c0fdf: start c9e3b08e-4472-4268-809a-be763a4c0fdf@group-FDC90BB2F919-LeaderElection28
2022-08-20 07:53:09,282 [c9e3b08e-4472-4268-809a-be763a4c0fdf@group-FDC90BB2F919-LeaderElection28] INFO  impl.LeaderElection (LeaderElection.java:askForVotes(310)) - c9e3b08e-4472-4268-809a-be763a4c0fdf@group-FDC90BB2F919-LeaderElection28 ELECTION round 0: submit vote requests at term 3 for -1: [7d464b4c-0df7-4a5f-b174-b285aa9576d2|rpc:10.1.0.10:43361|dataStream:|priority:1, 9b8f87c8-445f-40fe-97ae-2bc30a04beb5|rpc:10.1.0.10:43397|dataStream:|priority:0, c9e3b08e-4472-4268-809a-be763a4c0fdf|rpc:10.1.0.10:45857|dataStream:|priority:0], old=null
2022-08-20 07:53:09,286 [9b8f87c8-445f-40fe-97ae-2bc30a04beb5@group-FDC90BB2F919-FollowerState] INFO  impl.FollowerState (FollowerState.java:run(143)) - 9b8f87c8-445f-40fe-97ae-2bc30a04beb5@group-FDC90BB2F919-FollowerState: change to CANDIDATE, lastRpcElapsedTime:5034976226ns, electionTimeout:5024ms
2022-08-20 07:53:09,286 [9b8f87c8-445f-40fe-97ae-2bc30a04beb5@group-FDC90BB2F919-FollowerState] INFO  impl.RoleInfo (RoleInfo.java:shutdownFollowerState(110)) - 9b8f87c8-445f-40fe-97ae-2bc30a04beb5: shutdown 9b8f87c8-445f-40fe-97ae-2bc30a04beb5@group-FDC90BB2F919-FollowerState
2022-08-20 07:53:09,286 [9b8f87c8-445f-40fe-97ae-2bc30a04beb5@group-FDC90BB2F919-FollowerState] INFO  server.RaftServer$Division (RaftServerImpl.java:setRole(299)) - 9b8f87c8-445f-40fe-97ae-2bc30a04beb5@group-FDC90BB2F919: changes role from  FOLLOWER to CANDIDATE at term 2 for changeToCandidate
2022-08-20 07:53:09,288 [7d464b4c-0df7-4a5f-b174-b285aa9576d2@group-FDC90BB2F919-FollowerState] INFO  impl.FollowerState (FollowerState.java:run(143)) - 7d464b4c-0df7-4a5f-b174-b285aa9576d2@group-FDC90BB2F919-FollowerState: change to CANDIDATE, lastRpcElapsedTime:5057660325ns, electionTimeout:5041ms
2022-08-20 07:53:09,288 [7d464b4c-0df7-4a5f-b174-b285aa9576d2@group-FDC90BB2F919-FollowerState] INFO  impl.RoleInfo (RoleInfo.java:shutdownFollowerState(110)) - 7d464b4c-0df7-4a5f-b174-b285aa9576d2: shutdown 7d464b4c-0df7-4a5f-b174-b285aa9576d2@group-FDC90BB2F919-FollowerState
2022-08-20 07:53:09,288 [7d464b4c-0df7-4a5f-b174-b285aa9576d2@group-FDC90BB2F919-FollowerState] INFO  server.RaftServer$Division (RaftServerImpl.java:setRole(299)) - 7d464b4c-0df7-4a5f-b174-b285aa9576d2@group-FDC90BB2F919: changes role from  FOLLOWER to CANDIDATE at term 2 for changeToCandidate
2022-08-20 07:53:09,343 [7d464b4c-0df7-4a5f-b174-b285aa9576d2@group-FDC90BB2F919-FollowerState] INFO  server.RaftServerConfigKeys (ConfUtils.java:logGet(46)) - raft.server.leaderelection.pre-vote = false (custom)
2022-08-20 07:53:09,343 [7d464b4c-0df7-4a5f-b174-b285aa9576d2@group-FDC90BB2F919-FollowerState] INFO  impl.RoleInfo (RoleInfo.java:updateAndGet(139)) - 7d464b4c-0df7-4a5f-b174-b285aa9576d2: start 7d464b4c-0df7-4a5f-b174-b285aa9576d2@group-FDC90BB2F919-LeaderElection30
2022-08-20 07:53:09,365 [9b8f87c8-445f-40fe-97ae-2bc30a04beb5@group-FDC90BB2F919-FollowerState] INFO  server.RaftServerConfigKeys (ConfUtils.java:logGet(46)) - raft.server.leaderelection.pre-vote = false (custom)
2022-08-20 07:53:09,365 [9b8f87c8-445f-40fe-97ae-2bc30a04beb5@group-FDC90BB2F919-FollowerState] INFO  impl.RoleInfo (RoleInfo.java:updateAndGet(139)) - 9b8f87c8-445f-40fe-97ae-2bc30a04beb5: start 9b8f87c8-445f-40fe-97ae-2bc30a04beb5@group-FDC90BB2F919-LeaderElection29
2022-08-20 07:53:09,378 [7d464b4c-0df7-4a5f-b174-b285aa9576d2@group-FDC90BB2F919-LeaderElection30] INFO  impl.LeaderElection (LeaderElection.java:askForVotes(310)) - 7d464b4c-0df7-4a5f-b174-b285aa9576d2@group-FDC90BB2F919-LeaderElection30 ELECTION round 0: submit vote requests at term 3 for -1: [7d464b4c-0df7-4a5f-b174-b285aa9576d2|rpc:10.1.0.10:43361|dataStream:|priority:1, 9b8f87c8-445f-40fe-97ae-2bc30a04beb5|rpc:10.1.0.10:43397|dataStream:|priority:0, c9e3b08e-4472-4268-809a-be763a4c0fdf|rpc:10.1.0.10:45857|dataStream:|priority:0], old=null
2022-08-20 07:53:09,386 [grpc-default-executor-0] INFO  server.RaftServer$Division (RaftServerImpl.java:requestVote(1152)) - 7d464b4c-0df7-4a5f-b174-b285aa9576d2@group-FDC90BB2F919: receive requestVote(ELECTION, c9e3b08e-4472-4268-809a-be763a4c0fdf, group-FDC90BB2F919, 3, (t:0, i:0))
2022-08-20 07:53:09,387 [grpc-default-executor-0] INFO  impl.VoteContext (VoteContext.java:log(48)) - 7d464b4c-0df7-4a5f-b174-b285aa9576d2@group-FDC90BB2F919-CANDIDATE: reject ELECTION from c9e3b08e-4472-4268-809a-be763a4c0fdf: already has voted for 7d464b4c-0df7-4a5f-b174-b285aa9576d2 at current term 3
2022-08-20 07:53:09,387 [grpc-default-executor-0] INFO  server.RaftServer$Division (RaftServerImpl.java:requestVote(1184)) - 7d464b4c-0df7-4a5f-b174-b285aa9576d2@group-FDC90BB2F919 replies to ELECTION vote request: c9e3b08e-4472-4268-809a-be763a4c0fdf<-7d464b4c-0df7-4a5f-b174-b285aa9576d2#0:FAIL-t3. Peer's state: 7d464b4c-0df7-4a5f-b174-b285aa9576d2@group-FDC90BB2F919:t3, leader=null, voted=7d464b4c-0df7-4a5f-b174-b285aa9576d2, raftlog=7d464b4c-0df7-4a5f-b174-b285aa9576d2@group-FDC90BB2F919-SegmentedRaftLog:OPENED:c-1, conf=-1: [7d464b4c-0df7-4a5f-b174-b285aa9576d2|rpc:10.1.0.10:43361|dataStream:|priority:1, 9b8f87c8-445f-40fe-97ae-2bc30a04beb5|rpc:10.1.0.10:43397|dataStream:|priority:0, c9e3b08e-4472-4268-809a-be763a4c0fdf|rpc:10.1.0.10:45857|dataStream:|priority:0], old=null
2022-08-20 07:53:09,387 [grpc-default-executor-2] INFO  server.RaftServer$Division (RaftServerImpl.java:requestVote(1152)) - 9b8f87c8-445f-40fe-97ae-2bc30a04beb5@group-FDC90BB2F919: receive requestVote(ELECTION, c9e3b08e-4472-4268-809a-be763a4c0fdf, group-FDC90BB2F919, 3, (t:0, i:0))
2022-08-20 07:53:09,387 [grpc-default-executor-2] INFO  impl.VoteContext (VoteContext.java:log(48)) - 9b8f87c8-445f-40fe-97ae-2bc30a04beb5@group-FDC90BB2F919-CANDIDATE: accept ELECTION from c9e3b08e-4472-4268-809a-be763a4c0fdf: our priority 0 <= candidate's priority 0
2022-08-20 07:53:09,387 [grpc-default-executor-2] INFO  server.RaftServer$Division (RaftServerImpl.java:setRole(299)) - 9b8f87c8-445f-40fe-97ae-2bc30a04beb5@group-FDC90BB2F919: changes role from CANDIDATE to FOLLOWER at term 3 for candidate:c9e3b08e-4472-4268-809a-be763a4c0fdf
2022-08-20 07:53:09,387 [grpc-default-executor-2] INFO  impl.RoleInfo (RoleInfo.java:shutdownLeaderElection(130)) - 9b8f87c8-445f-40fe-97ae-2bc30a04beb5: shutdown 9b8f87c8-445f-40fe-97ae-2bc30a04beb5@group-FDC90BB2F919-LeaderElection29
2022-08-20 07:53:09,402 [9b8f87c8-445f-40fe-97ae-2bc30a04beb5@group-FDC90BB2F919-LeaderElection29] INFO  impl.LeaderElection (LeaderElection.java:run(231)) - 9b8f87c8-445f-40fe-97ae-2bc30a04beb5@group-FDC90BB2F919-LeaderElection29: skip running since this is already CLOSING
2022-08-20 07:53:09,404 [grpc-default-executor-2] INFO  impl.RoleInfo (RoleInfo.java:updateAndGet(139)) - 9b8f87c8-445f-40fe-97ae-2bc30a04beb5: start 9b8f87c8-445f-40fe-97ae-2bc30a04beb5@group-FDC90BB2F919-FollowerState
2022-08-20 07:53:09,421 [c9e3b08e-4472-4268-809a-be763a4c0fdf@group-FDC90BB2F919-LeaderElection28] INFO  impl.LeaderElection (LeaderElection.java:logAndReturn(90)) - c9e3b08e-4472-4268-809a-be763a4c0fdf@group-FDC90BB2F919-LeaderElection28: ELECTION REJECTED received 1 response(s) and 0 exception(s):
2022-08-20 07:53:09,421 [c9e3b08e-4472-4268-809a-be763a4c0fdf@group-FDC90BB2F919-LeaderElection28] INFO  impl.LeaderElection (LeaderElection.java:logAndReturn(94)) -   Response 0: c9e3b08e-4472-4268-809a-be763a4c0fdf<-7d464b4c-0df7-4a5f-b174-b285aa9576d2#0:FAIL-t3
2022-08-20 07:53:09,422 [c9e3b08e-4472-4268-809a-be763a4c0fdf@group-FDC90BB2F919-LeaderElection28] INFO  impl.LeaderElection (LeaderElection.java:askForVotes(312)) - c9e3b08e-4472-4268-809a-be763a4c0fdf@group-FDC90BB2F919-LeaderElection28 ELECTION round 0: result REJECTED
2022-08-20 07:53:09,422 [c9e3b08e-4472-4268-809a-be763a4c0fdf@group-FDC90BB2F919-LeaderElection28] INFO  server.RaftServer$Division (RaftServerImpl.java:setRole(299)) - c9e3b08e-4472-4268-809a-be763a4c0fdf@group-FDC90BB2F919: changes role from CANDIDATE to FOLLOWER at term 3 for REJECTED
2022-08-20 07:53:09,422 [c9e3b08e-4472-4268-809a-be763a4c0fdf@group-FDC90BB2F919-LeaderElection28] INFO  impl.RoleInfo (RoleInfo.java:shutdownLeaderElection(130)) - c9e3b08e-4472-4268-809a-be763a4c0fdf: shutdown c9e3b08e-4472-4268-809a-be763a4c0fdf@group-FDC90BB2F919-LeaderElection28
2022-08-20 07:53:09,422 [c9e3b08e-4472-4268-809a-be763a4c0fdf@group-FDC90BB2F919-LeaderElection28] INFO  impl.RoleInfo (RoleInfo.java:updateAndGet(139)) - c9e3b08e-4472-4268-809a-be763a4c0fdf: start c9e3b08e-4472-4268-809a-be763a4c0fdf@group-FDC90BB2F919-FollowerState
2022-08-20 07:53:09,422 [grpc-default-executor-2] INFO  server.RaftServer$Division (RaftServerImpl.java:requestVote(1184)) - 9b8f87c8-445f-40fe-97ae-2bc30a04beb5@group-FDC90BB2F919 replies to ELECTION vote request: c9e3b08e-4472-4268-809a-be763a4c0fdf<-9b8f87c8-445f-40fe-97ae-2bc30a04beb5#0:OK-t3. Peer's state: 9b8f87c8-445f-40fe-97ae-2bc30a04beb5@group-FDC90BB2F919:t3, leader=null, voted=c9e3b08e-4472-4268-809a-be763a4c0fdf, raftlog=9b8f87c8-445f-40fe-97ae-2bc30a04beb5@group-FDC90BB2F919-SegmentedRaftLog:OPENED:c-1, conf=-1: [7d464b4c-0df7-4a5f-b174-b285aa9576d2|rpc:10.1.0.10:43361|priority:1, 9b8f87c8-445f-40fe-97ae-2bc30a04beb5|rpc:10.1.0.10:43397|priority:0, c9e3b08e-4472-4268-809a-be763a4c0fdf|rpc:10.1.0.10:45857|priority:0], old=null
2022-08-20 07:53:09,488 [grpc-default-executor-2] INFO  server.RaftServer$Division (RaftServerImpl.java:requestVote(1152)) - 9b8f87c8-445f-40fe-97ae-2bc30a04beb5@group-FDC90BB2F919: receive requestVote(ELECTION, 7d464b4c-0df7-4a5f-b174-b285aa9576d2, group-FDC90BB2F919, 3, (t:0, i:0))
2022-08-20 07:53:09,489 [grpc-default-executor-2] INFO  impl.VoteContext (VoteContext.java:log(48)) - 9b8f87c8-445f-40fe-97ae-2bc30a04beb5@group-FDC90BB2F919-FOLLOWER: reject ELECTION from 7d464b4c-0df7-4a5f-b174-b285aa9576d2: already has voted for c9e3b08e-4472-4268-809a-be763a4c0fdf at current term 3
2022-08-20 07:53:09,489 [grpc-default-executor-2] INFO  server.RaftServer$Division (RaftServerImpl.java:requestVote(1184)) - 9b8f87c8-445f-40fe-97ae-2bc30a04beb5@group-FDC90BB2F919 replies to ELECTION vote request: 7d464b4c-0df7-4a5f-b174-b285aa9576d2<-9b8f87c8-445f-40fe-97ae-2bc30a04beb5#0:FAIL-t3. Peer's state: 9b8f87c8-445f-40fe-97ae-2bc30a04beb5@group-FDC90BB2F919:t3, leader=null, voted=c9e3b08e-4472-4268-809a-be763a4c0fdf, raftlog=9b8f87c8-445f-40fe-97ae-2bc30a04beb5@group-FDC90BB2F919-SegmentedRaftLog:OPENED:c-1, conf=-1: [7d464b4c-0df7-4a5f-b174-b285aa9576d2|rpc:10.1.0.10:43361|priority:1, 9b8f87c8-445f-40fe-97ae-2bc30a04beb5|rpc:10.1.0.10:43397|priority:0, c9e3b08e-4472-4268-809a-be763a4c0fdf|rpc:10.1.0.10:45857|priority:0], old=null
2022-08-20 07:53:09,500 [grpc-default-executor-2] INFO  server.RaftServer$Division (RaftServerImpl.java:requestVote(1152)) - c9e3b08e-4472-4268-809a-be763a4c0fdf@group-FDC90BB2F919: receive requestVote(ELECTION, 7d464b4c-0df7-4a5f-b174-b285aa9576d2, group-FDC90BB2F919, 3, (t:0, i:0))
2022-08-20 07:53:09,500 [grpc-default-executor-2] INFO  impl.VoteContext (VoteContext.java:log(48)) - c9e3b08e-4472-4268-809a-be763a4c0fdf@group-FDC90BB2F919-FOLLOWER: reject ELECTION from 7d464b4c-0df7-4a5f-b174-b285aa9576d2: already has voted for c9e3b08e-4472-4268-809a-be763a4c0fdf at current term 3
2022-08-20 07:53:09,500 [grpc-default-executor-2] INFO  server.RaftServer$Division (RaftServerImpl.java:requestVote(1184)) - c9e3b08e-4472-4268-809a-be763a4c0fdf@group-FDC90BB2F919 replies to ELECTION vote request: 7d464b4c-0df7-4a5f-b174-b285aa9576d2<-c9e3b08e-4472-4268-809a-be763a4c0fdf#0:FAIL-t3. Peer's state: c9e3b08e-4472-4268-809a-be763a4c0fdf@group-FDC90BB2F919:t3, leader=null, voted=c9e3b08e-4472-4268-809a-be763a4c0fdf, raftlog=c9e3b08e-4472-4268-809a-be763a4c0fdf@group-FDC90BB2F919-SegmentedRaftLog:OPENED:c-1, conf=-1: [7d464b4c-0df7-4a5f-b174-b285aa9576d2|rpc:10.1.0.10:43361|dataStream:|priority:1, 9b8f87c8-445f-40fe-97ae-2bc30a04beb5|rpc:10.1.0.10:43397|dataStream:|priority:0, c9e3b08e-4472-4268-809a-be763a4c0fdf|rpc:10.1.0.10:45857|dataStream:|priority:0], old=null
2022-08-20 07:53:09,502 [7d464b4c-0df7-4a5f-b174-b285aa9576d2@group-FDC90BB2F919-LeaderElection30] INFO  impl.LeaderElection (LeaderElection.java:logAndReturn(90)) - 7d464b4c-0df7-4a5f-b174-b285aa9576d2@group-FDC90BB2F919-LeaderElection30: ELECTION REJECTED received 2 response(s) and 0 exception(s):
2022-08-20 07:53:09,502 [7d464b4c-0df7-4a5f-b174-b285aa9576d2@group-FDC90BB2F919-LeaderElection30] INFO  impl.LeaderElection (LeaderElection.java:logAndReturn(94)) -   Response 0: 7d464b4c-0df7-4a5f-b174-b285aa9576d2<-9b8f87c8-445f-40fe-97ae-2bc30a04beb5#0:FAIL-t3
2022-08-20 07:53:09,502 [7d464b4c-0df7-4a5f-b174-b285aa9576d2@group-FDC90BB2F919-LeaderElection30] INFO  impl.LeaderElection (LeaderElection.java:logAndReturn(94)) -   Response 1: 7d464b4c-0df7-4a5f-b174-b285aa9576d2<-c9e3b08e-4472-4268-809a-be763a4c0fdf#0:FAIL-t3
2022-08-20 07:53:09,502 [7d464b4c-0df7-4a5f-b174-b285aa9576d2@group-FDC90BB2F919-LeaderElection30] INFO  impl.LeaderElection (LeaderElection.java:askForVotes(312)) - 7d464b4c-0df7-4a5f-b174-b285aa9576d2@group-FDC90BB2F919-LeaderElection30 ELECTION round 0: result REJECTED
2022-08-20 07:53:09,502 [7d464b4c-0df7-4a5f-b174-b285aa9576d2@group-FDC90BB2F919-LeaderElection30] INFO  server.RaftServer$Division (RaftServerImpl.java:setRole(299)) - 7d464b4c-0df7-4a5f-b174-b285aa9576d2@group-FDC90BB2F919: changes role from CANDIDATE to FOLLOWER at term 3 for REJECTED
2022-08-20 07:53:09,503 [7d464b4c-0df7-4a5f-b174-b285aa9576d2@group-FDC90BB2F919-LeaderElection30] INFO  impl.RoleInfo (RoleInfo.java:shutdownLeaderElection(130)) - 7d464b4c-0df7-4a5f-b174-b285aa9576d2: shutdown 7d464b4c-0df7-4a5f-b174-b285aa9576d2@group-FDC90BB2F919-LeaderElection30
2022-08-20 07:53:09,503 [7d464b4c-0df7-4a5f-b174-b285aa9576d2@group-FDC90BB2F919-LeaderElection30] INFO  impl.RoleInfo (RoleInfo.java:updateAndGet(139)) - 7d464b4c-0df7-4a5f-b174-b285aa9576d2: start 7d464b4c-0df7-4a5f-b174-b285aa9576d2@group-FDC90BB2F919-FollowerState
2022-08-20 07:53:11,358 [IPC Server handler 14 on default port 39233] INFO  ha.SequenceIdGenerator (SequenceIdGenerator.java:getNextId(128)) - Allocate a batch for localId, change lastId from 109611004723201000 to 109611004723202000.
]]></system-out>
  </testcase>
  <testcase name="testDeleteEmptyVolume" classname="TestRootedOzoneFileSystemWithFSO" time="0">
    <skipped message="HDDS-2939"/>
  </testcase>
  <testcase name="testDeleteEmptyVolume" classname="TestRootedOzoneFileSystemWithFSO" time="0">
    <skipped message="HDDS-2939"/>
  </testcase>
  <testcase name="testMkdirNonExistentVolume" classname="TestRootedOzoneFileSystemWithFSO" time="0">
    <skipped message="HDDS-2939"/>
  </testcase>
  <testcase name="testMkdirNonExistentVolume" classname="TestRootedOzoneFileSystemWithFSO" time="0">
    <skipped message="HDDS-2939"/>
  </testcase>
  <testcase name="testRenameFile" classname="TestRootedOzoneFileSystemWithFSO" time="0.114">
    <system-out><![CDATA[2022-08-20 07:52:01,983 [Time-limited test] INFO  rpc.RpcClient (RpcClient.java:createVolume(471)) - Creating Volume: volume48452, with user75427 as owner and space quota set to -1 bytes, counts quota set to -1
2022-08-20 07:52:01,986 [OM StateMachine ApplyTransaction Thread - 0] INFO  volume.OMVolumeCreateRequest (OMVolumeCreateRequest.java:validateAndUpdateCache(195)) - created volume:volume48452 for user:user75427
2022-08-20 07:52:01,988 [Time-limited test] INFO  rpc.RpcClient (RpcClient.java:createBucket(674)) - Creating Bucket: volume48452/bucket17588, with bucket layout FILE_SYSTEM_OPTIMIZED, runner as owner, Versioning false, Storage Type set to DISK and Encryption set to false 
2022-08-20 07:52:01,989 [OM StateMachine ApplyTransaction Thread - 0] INFO  bucket.OMBucketCreateRequest (OMBucketCreateRequest.java:validateAndUpdateCache(260)) - created bucket: bucket17588 of layout FILE_SYSTEM_OPTIMIZED in volume: volume48452
]]></system-out>
  </testcase>
  <testcase name="testRenameFile" classname="TestRootedOzoneFileSystemWithFSO" time="0.039">
    <system-out><![CDATA[2022-08-20 07:53:12,264 [Time-limited test] INFO  rpc.RpcClient (RpcClient.java:createVolume(471)) - Creating Volume: volume48915, with user66950 as owner and space quota set to -1 bytes, counts quota set to -1
2022-08-20 07:53:12,265 [IPC Server handler 5 on default port 35463] INFO  volume.OMVolumeCreateRequest (OMVolumeCreateRequest.java:validateAndUpdateCache(195)) - created volume:volume48915 for user:user66950
2022-08-20 07:53:12,266 [Time-limited test] INFO  rpc.RpcClient (RpcClient.java:createBucket(674)) - Creating Bucket: volume48915/bucket90783, with bucket layout FILE_SYSTEM_OPTIMIZED, runner as owner, Versioning false, Storage Type set to DISK and Encryption set to false 
2022-08-20 07:53:12,266 [IPC Server handler 8 on default port 35463] INFO  bucket.OMBucketCreateRequest (OMBucketCreateRequest.java:validateAndUpdateCache(260)) - created bucket: bucket90783 of layout FILE_SYSTEM_OPTIMIZED in volume: volume48915
]]></system-out>
  </testcase>
  <testcase name="testListStatusRootAndVolumeRecursive" classname="TestRootedOzoneFileSystemWithFSO" time="0.087">
    <system-out><![CDATA[2022-08-20 07:52:02,126 [Time-limited test] INFO  rpc.RpcClient (RpcClient.java:createVolume(471)) - Creating Volume: volume43026, with user16402 as owner and space quota set to -1 bytes, counts quota set to -1
2022-08-20 07:52:02,129 [OM StateMachine ApplyTransaction Thread - 0] INFO  volume.OMVolumeCreateRequest (OMVolumeCreateRequest.java:validateAndUpdateCache(195)) - created volume:volume43026 for user:user16402
2022-08-20 07:52:02,131 [Time-limited test] INFO  rpc.RpcClient (RpcClient.java:createBucket(674)) - Creating Bucket: volume43026/bucket14600, with bucket layout FILE_SYSTEM_OPTIMIZED, runner as owner, Versioning false, Storage Type set to DISK and Encryption set to false 
2022-08-20 07:52:02,132 [OM StateMachine ApplyTransaction Thread - 0] INFO  bucket.OMBucketCreateRequest (OMBucketCreateRequest.java:validateAndUpdateCache(260)) - created bucket: bucket14600 of layout FILE_SYSTEM_OPTIMIZED in volume: volume43026
]]></system-out>
  </testcase>
  <testcase name="testListStatusRootAndVolumeRecursive" classname="TestRootedOzoneFileSystemWithFSO" time="0.106">
    <system-out><![CDATA[2022-08-20 07:53:12,365 [Time-limited test] INFO  rpc.RpcClient (RpcClient.java:createVolume(471)) - Creating Volume: volume38006, with user62008 as owner and space quota set to -1 bytes, counts quota set to -1
2022-08-20 07:53:12,374 [IPC Server handler 4 on default port 35463] INFO  volume.OMVolumeCreateRequest (OMVolumeCreateRequest.java:validateAndUpdateCache(195)) - created volume:volume38006 for user:user62008
2022-08-20 07:53:12,378 [Time-limited test] INFO  rpc.RpcClient (RpcClient.java:createBucket(674)) - Creating Bucket: volume38006/bucket43398, with bucket layout FILE_SYSTEM_OPTIMIZED, runner as owner, Versioning false, Storage Type set to DISK and Encryption set to false 
2022-08-20 07:53:12,379 [IPC Server handler 5 on default port 35463] INFO  bucket.OMBucketCreateRequest (OMBucketCreateRequest.java:validateAndUpdateCache(260)) - created bucket: bucket43398 of layout FILE_SYSTEM_OPTIMIZED in volume: volume38006
]]></system-out>
  </testcase>
  <testcase name="testListStatusRootAndVolumeNonRecursive" classname="TestRootedOzoneFileSystemWithFSO" time="0.292">
    <system-out><![CDATA[2022-08-20 07:52:02,181 [Time-limited test] INFO  rpc.RpcClient (RpcClient.java:createVolume(471)) - Creating Volume: volume36455, with user68425 as owner and space quota set to -1 bytes, counts quota set to -1
2022-08-20 07:52:02,183 [OM StateMachine ApplyTransaction Thread - 0] INFO  volume.OMVolumeCreateRequest (OMVolumeCreateRequest.java:validateAndUpdateCache(195)) - created volume:volume36455 for user:user68425
2022-08-20 07:52:02,187 [Time-limited test] INFO  rpc.RpcClient (RpcClient.java:createBucket(674)) - Creating Bucket: volume36455/bucket07458, with bucket layout FILE_SYSTEM_OPTIMIZED, runner as owner, Versioning false, Storage Type set to DISK and Encryption set to false 
2022-08-20 07:52:02,189 [OM StateMachine ApplyTransaction Thread - 0] INFO  bucket.OMBucketCreateRequest (OMBucketCreateRequest.java:validateAndUpdateCache(260)) - created bucket: bucket07458 of layout FILE_SYSTEM_OPTIMIZED in volume: volume36455
07:52:02.199 [IPC Server handler 9 on default port 40219] ERROR OMAudit - user=runner | ip=127.0.0.1 | op=READ_BUCKET {volume=volume-19612, bucket=bucket-41938} | ret=FAILURE
org.apache.hadoop.ozone.om.exceptions.OMException: Volume not found when getting bucket info
	at org.apache.hadoop.ozone.om.BucketManagerImpl.getBucketInfo(BucketManagerImpl.java:127) ~[ozone-manager-1.3.0-SNAPSHOT.jar:?]
	at org.apache.hadoop.ozone.om.OzoneManager.getBucketInfo(OzoneManager.java:2780) ~[ozone-manager-1.3.0-SNAPSHOT.jar:?]
	at org.apache.hadoop.ozone.protocolPB.OzoneManagerRequestHandler.infoBucket(OzoneManagerRequestHandler.java:475) ~[ozone-manager-1.3.0-SNAPSHOT.jar:?]
	at org.apache.hadoop.ozone.protocolPB.OzoneManagerRequestHandler.handleReadRequest(OzoneManagerRequestHandler.java:178) ~[ozone-manager-1.3.0-SNAPSHOT.jar:?]
	at org.apache.hadoop.ozone.protocolPB.OzoneManagerProtocolServerSideTranslatorPB.submitReadRequestToOM(OzoneManagerProtocolServerSideTranslatorPB.java:226) ~[ozone-manager-1.3.0-SNAPSHOT.jar:?]
	at org.apache.hadoop.ozone.protocolPB.OzoneManagerProtocolServerSideTranslatorPB.processRequest(OzoneManagerProtocolServerSideTranslatorPB.java:175) ~[ozone-manager-1.3.0-SNAPSHOT.jar:?]
	at org.apache.hadoop.hdds.server.OzoneProtocolMessageDispatcher.processRequest(OzoneProtocolMessageDispatcher.java:87) [hdds-server-framework-1.3.0-SNAPSHOT.jar:?]
	at org.apache.hadoop.ozone.protocolPB.OzoneManagerProtocolServerSideTranslatorPB.submitRequest(OzoneManagerProtocolServerSideTranslatorPB.java:147) [ozone-manager-1.3.0-SNAPSHOT.jar:?]
	at org.apache.hadoop.ozone.protocol.proto.OzoneManagerProtocolProtos$OzoneManagerService$2.callBlockingMethod(OzoneManagerProtocolProtos.java) [ozone-interface-client-1.3.0-SNAPSHOT.jar:?]
	at org.apache.hadoop.ipc.ProtobufRpcEngine$Server.processCall(ProtobufRpcEngine.java:466) [hadoop-common-3.3.1.jar:?]
	at org.apache.hadoop.ipc.ProtobufRpcEngine2$Server$ProtoBufRpcInvoker.call(ProtobufRpcEngine2.java:574) [hadoop-common-3.3.1.jar:?]
	at org.apache.hadoop.ipc.ProtobufRpcEngine2$Server$ProtoBufRpcInvoker.call(ProtobufRpcEngine2.java:552) [hadoop-common-3.3.1.jar:?]
	at org.apache.hadoop.ipc.RPC$Server.call(RPC.java:1093) [hadoop-common-3.3.1.jar:?]
	at org.apache.hadoop.ipc.Server$RpcCall.run(Server.java:1035) [hadoop-common-3.3.1.jar:?]
	at org.apache.hadoop.ipc.Server$RpcCall.run(Server.java:963) [hadoop-common-3.3.1.jar:?]
	at java.security.AccessController.doPrivileged(Native Method) ~[?:1.8.0_332]
	at javax.security.auth.Subject.doAs(Subject.java:422) [?:1.8.0_332]
	at org.apache.hadoop.security.UserGroupInformation.doAs(UserGroupInformation.java:1878) [hadoop-common-3.3.1.jar:?]
	at org.apache.hadoop.ipc.Server$Handler.run(Server.java:2966) [hadoop-common-3.3.1.jar:?]
2022-08-20 07:52:02,200 [Time-limited test] INFO  rpc.RpcClient (RpcClient.java:createVolume(471)) - Creating Volume: volume-19612, with runner as owner and space quota set to -1 bytes, counts quota set to -1
2022-08-20 07:52:02,202 [OM StateMachine ApplyTransaction Thread - 0] INFO  volume.OMVolumeCreateRequest (OMVolumeCreateRequest.java:validateAndUpdateCache(195)) - created volume:volume-19612 for user:runner
2022-08-20 07:52:02,204 [Time-limited test] INFO  rpc.RpcClient (RpcClient.java:createBucket(674)) - Creating Bucket: volume-19612/bucket-41938, with bucket layout FILE_SYSTEM_OPTIMIZED, runner as owner, Versioning false, Storage Type set to DISK and Encryption set to false 
2022-08-20 07:52:02,205 [OM StateMachine ApplyTransaction Thread - 0] INFO  bucket.OMBucketCreateRequest (OMBucketCreateRequest.java:validateAndUpdateCache(260)) - created bucket: bucket-41938 of layout FILE_SYSTEM_OPTIMIZED in volume: volume-19612
07:52:02.325 [IPC Server handler 1 on default port 40219] ERROR OMAudit - user=runner | ip=127.0.0.1 | op=READ_BUCKET {volume=volume-19949, bucket=bucket-68663} | ret=FAILURE
org.apache.hadoop.ozone.om.exceptions.OMException: Volume not found when getting bucket info
	at org.apache.hadoop.ozone.om.BucketManagerImpl.getBucketInfo(BucketManagerImpl.java:127) ~[ozone-manager-1.3.0-SNAPSHOT.jar:?]
	at org.apache.hadoop.ozone.om.OzoneManager.getBucketInfo(OzoneManager.java:2780) ~[ozone-manager-1.3.0-SNAPSHOT.jar:?]
	at org.apache.hadoop.ozone.protocolPB.OzoneManagerRequestHandler.infoBucket(OzoneManagerRequestHandler.java:475) ~[ozone-manager-1.3.0-SNAPSHOT.jar:?]
	at org.apache.hadoop.ozone.protocolPB.OzoneManagerRequestHandler.handleReadRequest(OzoneManagerRequestHandler.java:178) ~[ozone-manager-1.3.0-SNAPSHOT.jar:?]
	at org.apache.hadoop.ozone.protocolPB.OzoneManagerProtocolServerSideTranslatorPB.submitReadRequestToOM(OzoneManagerProtocolServerSideTranslatorPB.java:226) ~[ozone-manager-1.3.0-SNAPSHOT.jar:?]
	at org.apache.hadoop.ozone.protocolPB.OzoneManagerProtocolServerSideTranslatorPB.processRequest(OzoneManagerProtocolServerSideTranslatorPB.java:175) ~[ozone-manager-1.3.0-SNAPSHOT.jar:?]
	at org.apache.hadoop.hdds.server.OzoneProtocolMessageDispatcher.processRequest(OzoneProtocolMessageDispatcher.java:87) [hdds-server-framework-1.3.0-SNAPSHOT.jar:?]
	at org.apache.hadoop.ozone.protocolPB.OzoneManagerProtocolServerSideTranslatorPB.submitRequest(OzoneManagerProtocolServerSideTranslatorPB.java:147) [ozone-manager-1.3.0-SNAPSHOT.jar:?]
	at org.apache.hadoop.ozone.protocol.proto.OzoneManagerProtocolProtos$OzoneManagerService$2.callBlockingMethod(OzoneManagerProtocolProtos.java) [ozone-interface-client-1.3.0-SNAPSHOT.jar:?]
	at org.apache.hadoop.ipc.ProtobufRpcEngine$Server.processCall(ProtobufRpcEngine.java:466) [hadoop-common-3.3.1.jar:?]
	at org.apache.hadoop.ipc.ProtobufRpcEngine2$Server$ProtoBufRpcInvoker.call(ProtobufRpcEngine2.java:574) [hadoop-common-3.3.1.jar:?]
	at org.apache.hadoop.ipc.ProtobufRpcEngine2$Server$ProtoBufRpcInvoker.call(ProtobufRpcEngine2.java:552) [hadoop-common-3.3.1.jar:?]
	at org.apache.hadoop.ipc.RPC$Server.call(RPC.java:1093) [hadoop-common-3.3.1.jar:?]
	at org.apache.hadoop.ipc.Server$RpcCall.run(Server.java:1035) [hadoop-common-3.3.1.jar:?]
	at org.apache.hadoop.ipc.Server$RpcCall.run(Server.java:963) [hadoop-common-3.3.1.jar:?]
	at java.security.AccessController.doPrivileged(Native Method) ~[?:1.8.0_332]
	at javax.security.auth.Subject.doAs(Subject.java:422) [?:1.8.0_332]
	at org.apache.hadoop.security.UserGroupInformation.doAs(UserGroupInformation.java:1878) [hadoop-common-3.3.1.jar:?]
	at org.apache.hadoop.ipc.Server$Handler.run(Server.java:2966) [hadoop-common-3.3.1.jar:?]
2022-08-20 07:52:02,325 [Time-limited test] INFO  rpc.RpcClient (RpcClient.java:createVolume(471)) - Creating Volume: volume-19949, with runner as owner and space quota set to -1 bytes, counts quota set to -1
2022-08-20 07:52:02,327 [OM StateMachine ApplyTransaction Thread - 0] INFO  volume.OMVolumeCreateRequest (OMVolumeCreateRequest.java:validateAndUpdateCache(195)) - created volume:volume-19949 for user:runner
2022-08-20 07:52:02,328 [Time-limited test] INFO  rpc.RpcClient (RpcClient.java:createBucket(674)) - Creating Bucket: volume-19949/bucket-68663, with bucket layout FILE_SYSTEM_OPTIMIZED, runner as owner, Versioning false, Storage Type set to DISK and Encryption set to false 
2022-08-20 07:52:02,330 [OM StateMachine ApplyTransaction Thread - 0] INFO  bucket.OMBucketCreateRequest (OMBucketCreateRequest.java:validateAndUpdateCache(260)) - created bucket: bucket-68663 of layout FILE_SYSTEM_OPTIMIZED in volume: volume-19949
]]></system-out>
  </testcase>
  <testcase name="testListStatusRootAndVolumeNonRecursive" classname="TestRootedOzoneFileSystemWithFSO" time="0.323">
    <system-out><![CDATA[2022-08-20 07:53:12,437 [Time-limited test] INFO  rpc.RpcClient (RpcClient.java:createVolume(471)) - Creating Volume: volume34916, with user12810 as owner and space quota set to -1 bytes, counts quota set to -1
2022-08-20 07:53:12,439 [IPC Server handler 5 on default port 35463] INFO  volume.OMVolumeCreateRequest (OMVolumeCreateRequest.java:validateAndUpdateCache(195)) - created volume:volume34916 for user:user12810
2022-08-20 07:53:12,440 [Time-limited test] INFO  rpc.RpcClient (RpcClient.java:createBucket(674)) - Creating Bucket: volume34916/bucket73727, with bucket layout FILE_SYSTEM_OPTIMIZED, runner as owner, Versioning false, Storage Type set to DISK and Encryption set to false 
2022-08-20 07:53:12,440 [IPC Server handler 8 on default port 35463] INFO  bucket.OMBucketCreateRequest (OMBucketCreateRequest.java:validateAndUpdateCache(260)) - created bucket: bucket73727 of layout FILE_SYSTEM_OPTIMIZED in volume: volume34916
07:53:12.441 [IPC Server handler 11 on default port 35463] ERROR OMAudit - user=runner | ip=127.0.0.1 | op=READ_BUCKET {volume=volume-88016, bucket=bucket-99723} | ret=FAILURE
org.apache.hadoop.ozone.om.exceptions.OMException: Volume not found when getting bucket info
	at org.apache.hadoop.ozone.om.BucketManagerImpl.getBucketInfo(BucketManagerImpl.java:127) ~[ozone-manager-1.3.0-SNAPSHOT.jar:?]
	at org.apache.hadoop.ozone.om.OzoneManager.getBucketInfo(OzoneManager.java:2780) ~[ozone-manager-1.3.0-SNAPSHOT.jar:?]
	at org.apache.hadoop.ozone.protocolPB.OzoneManagerRequestHandler.infoBucket(OzoneManagerRequestHandler.java:475) ~[ozone-manager-1.3.0-SNAPSHOT.jar:?]
	at org.apache.hadoop.ozone.protocolPB.OzoneManagerRequestHandler.handleReadRequest(OzoneManagerRequestHandler.java:178) ~[ozone-manager-1.3.0-SNAPSHOT.jar:?]
	at org.apache.hadoop.ozone.protocolPB.OzoneManagerProtocolServerSideTranslatorPB.submitRequestDirectlyToOM(OzoneManagerProtocolServerSideTranslatorPB.java:276) ~[ozone-manager-1.3.0-SNAPSHOT.jar:?]
	at org.apache.hadoop.ozone.protocolPB.OzoneManagerProtocolServerSideTranslatorPB.processRequest(OzoneManagerProtocolServerSideTranslatorPB.java:205) ~[ozone-manager-1.3.0-SNAPSHOT.jar:?]
	at org.apache.hadoop.hdds.server.OzoneProtocolMessageDispatcher.processRequest(OzoneProtocolMessageDispatcher.java:87) [hdds-server-framework-1.3.0-SNAPSHOT.jar:?]
	at org.apache.hadoop.ozone.protocolPB.OzoneManagerProtocolServerSideTranslatorPB.submitRequest(OzoneManagerProtocolServerSideTranslatorPB.java:147) [ozone-manager-1.3.0-SNAPSHOT.jar:?]
	at org.apache.hadoop.ozone.protocol.proto.OzoneManagerProtocolProtos$OzoneManagerService$2.callBlockingMethod(OzoneManagerProtocolProtos.java) [ozone-interface-client-1.3.0-SNAPSHOT.jar:?]
	at org.apache.hadoop.ipc.ProtobufRpcEngine$Server.processCall(ProtobufRpcEngine.java:466) [hadoop-common-3.3.1.jar:?]
	at org.apache.hadoop.ipc.ProtobufRpcEngine2$Server$ProtoBufRpcInvoker.call(ProtobufRpcEngine2.java:574) [hadoop-common-3.3.1.jar:?]
	at org.apache.hadoop.ipc.ProtobufRpcEngine2$Server$ProtoBufRpcInvoker.call(ProtobufRpcEngine2.java:552) [hadoop-common-3.3.1.jar:?]
	at org.apache.hadoop.ipc.RPC$Server.call(RPC.java:1093) [hadoop-common-3.3.1.jar:?]
	at org.apache.hadoop.ipc.Server$RpcCall.run(Server.java:1035) [hadoop-common-3.3.1.jar:?]
	at org.apache.hadoop.ipc.Server$RpcCall.run(Server.java:963) [hadoop-common-3.3.1.jar:?]
	at java.security.AccessController.doPrivileged(Native Method) ~[?:1.8.0_332]
	at javax.security.auth.Subject.doAs(Subject.java:422) [?:1.8.0_332]
	at org.apache.hadoop.security.UserGroupInformation.doAs(UserGroupInformation.java:1878) [hadoop-common-3.3.1.jar:?]
	at org.apache.hadoop.ipc.Server$Handler.run(Server.java:2966) [hadoop-common-3.3.1.jar:?]
2022-08-20 07:53:12,442 [Time-limited test] INFO  rpc.RpcClient (RpcClient.java:createVolume(471)) - Creating Volume: volume-88016, with runner as owner and space quota set to -1 bytes, counts quota set to -1
2022-08-20 07:53:12,442 [IPC Server handler 12 on default port 35463] INFO  volume.OMVolumeCreateRequest (OMVolumeCreateRequest.java:validateAndUpdateCache(195)) - created volume:volume-88016 for user:runner
2022-08-20 07:53:12,443 [Time-limited test] INFO  rpc.RpcClient (RpcClient.java:createBucket(674)) - Creating Bucket: volume-88016/bucket-99723, with bucket layout FILE_SYSTEM_OPTIMIZED, runner as owner, Versioning false, Storage Type set to DISK and Encryption set to false 
2022-08-20 07:53:12,443 [IPC Server handler 13 on default port 35463] INFO  bucket.OMBucketCreateRequest (OMBucketCreateRequest.java:validateAndUpdateCache(260)) - created bucket: bucket-99723 of layout FILE_SYSTEM_OPTIMIZED in volume: volume-88016
07:53:12.584 [IPC Server handler 3 on default port 35463] ERROR OMAudit - user=runner | ip=127.0.0.1 | op=READ_BUCKET {volume=volume-40145, bucket=bucket-28007} | ret=FAILURE
org.apache.hadoop.ozone.om.exceptions.OMException: Volume not found when getting bucket info
	at org.apache.hadoop.ozone.om.BucketManagerImpl.getBucketInfo(BucketManagerImpl.java:127) ~[ozone-manager-1.3.0-SNAPSHOT.jar:?]
	at org.apache.hadoop.ozone.om.OzoneManager.getBucketInfo(OzoneManager.java:2780) ~[ozone-manager-1.3.0-SNAPSHOT.jar:?]
	at org.apache.hadoop.ozone.protocolPB.OzoneManagerRequestHandler.infoBucket(OzoneManagerRequestHandler.java:475) ~[ozone-manager-1.3.0-SNAPSHOT.jar:?]
	at org.apache.hadoop.ozone.protocolPB.OzoneManagerRequestHandler.handleReadRequest(OzoneManagerRequestHandler.java:178) ~[ozone-manager-1.3.0-SNAPSHOT.jar:?]
	at org.apache.hadoop.ozone.protocolPB.OzoneManagerProtocolServerSideTranslatorPB.submitRequestDirectlyToOM(OzoneManagerProtocolServerSideTranslatorPB.java:276) ~[ozone-manager-1.3.0-SNAPSHOT.jar:?]
	at org.apache.hadoop.ozone.protocolPB.OzoneManagerProtocolServerSideTranslatorPB.processRequest(OzoneManagerProtocolServerSideTranslatorPB.java:205) ~[ozone-manager-1.3.0-SNAPSHOT.jar:?]
	at org.apache.hadoop.hdds.server.OzoneProtocolMessageDispatcher.processRequest(OzoneProtocolMessageDispatcher.java:87) [hdds-server-framework-1.3.0-SNAPSHOT.jar:?]
	at org.apache.hadoop.ozone.protocolPB.OzoneManagerProtocolServerSideTranslatorPB.submitRequest(OzoneManagerProtocolServerSideTranslatorPB.java:147) [ozone-manager-1.3.0-SNAPSHOT.jar:?]
	at org.apache.hadoop.ozone.protocol.proto.OzoneManagerProtocolProtos$OzoneManagerService$2.callBlockingMethod(OzoneManagerProtocolProtos.java) [ozone-interface-client-1.3.0-SNAPSHOT.jar:?]
	at org.apache.hadoop.ipc.ProtobufRpcEngine$Server.processCall(ProtobufRpcEngine.java:466) [hadoop-common-3.3.1.jar:?]
	at org.apache.hadoop.ipc.ProtobufRpcEngine2$Server$ProtoBufRpcInvoker.call(ProtobufRpcEngine2.java:574) [hadoop-common-3.3.1.jar:?]
	at org.apache.hadoop.ipc.ProtobufRpcEngine2$Server$ProtoBufRpcInvoker.call(ProtobufRpcEngine2.java:552) [hadoop-common-3.3.1.jar:?]
	at org.apache.hadoop.ipc.RPC$Server.call(RPC.java:1093) [hadoop-common-3.3.1.jar:?]
	at org.apache.hadoop.ipc.Server$RpcCall.run(Server.java:1035) [hadoop-common-3.3.1.jar:?]
	at org.apache.hadoop.ipc.Server$RpcCall.run(Server.java:963) [hadoop-common-3.3.1.jar:?]
	at java.security.AccessController.doPrivileged(Native Method) ~[?:1.8.0_332]
	at javax.security.auth.Subject.doAs(Subject.java:422) [?:1.8.0_332]
	at org.apache.hadoop.security.UserGroupInformation.doAs(UserGroupInformation.java:1878) [hadoop-common-3.3.1.jar:?]
	at org.apache.hadoop.ipc.Server$Handler.run(Server.java:2966) [hadoop-common-3.3.1.jar:?]
2022-08-20 07:53:12,585 [Time-limited test] INFO  rpc.RpcClient (RpcClient.java:createVolume(471)) - Creating Volume: volume-40145, with runner as owner and space quota set to -1 bytes, counts quota set to -1
2022-08-20 07:53:12,586 [IPC Server handler 5 on default port 35463] INFO  volume.OMVolumeCreateRequest (OMVolumeCreateRequest.java:validateAndUpdateCache(195)) - created volume:volume-40145 for user:runner
2022-08-20 07:53:12,586 [Time-limited test] INFO  rpc.RpcClient (RpcClient.java:createBucket(674)) - Creating Bucket: volume-40145/bucket-28007, with bucket layout FILE_SYSTEM_OPTIMIZED, runner as owner, Versioning false, Storage Type set to DISK and Encryption set to false 
2022-08-20 07:53:12,587 [IPC Server handler 8 on default port 35463] INFO  bucket.OMBucketCreateRequest (OMBucketCreateRequest.java:validateAndUpdateCache(260)) - created bucket: bucket-28007 of layout FILE_SYSTEM_OPTIMIZED in volume: volume-40145
]]></system-out>
  </testcase>
  <testcase name="testDeleteBucketLink" classname="TestRootedOzoneFileSystemWithFSO" time="0.108">
    <system-out><![CDATA[2022-08-20 07:52:02,471 [Time-limited test] INFO  rpc.RpcClient (RpcClient.java:createVolume(471)) - Creating Volume: volume59109, with user48022 as owner and space quota set to -1 bytes, counts quota set to -1
2022-08-20 07:52:02,474 [OM StateMachine ApplyTransaction Thread - 0] INFO  volume.OMVolumeCreateRequest (OMVolumeCreateRequest.java:validateAndUpdateCache(195)) - created volume:volume59109 for user:user48022
2022-08-20 07:52:02,476 [Time-limited test] INFO  rpc.RpcClient (RpcClient.java:createBucket(674)) - Creating Bucket: volume59109/bucket80222, with bucket layout FILE_SYSTEM_OPTIMIZED, runner as owner, Versioning false, Storage Type set to DISK and Encryption set to false 
2022-08-20 07:52:02,478 [OM StateMachine ApplyTransaction Thread - 0] INFO  bucket.OMBucketCreateRequest (OMBucketCreateRequest.java:validateAndUpdateCache(260)) - created bucket: bucket80222 of layout FILE_SYSTEM_OPTIMIZED in volume: volume59109
07:52:02.485 [IPC Server handler 19 on default port 40219] ERROR OMAudit - user=runner | ip=127.0.0.1 | op=READ_BUCKET {volume=volume-26607, bucket=bucket} | ret=FAILURE
org.apache.hadoop.ozone.om.exceptions.OMException: Volume not found when getting bucket info
	at org.apache.hadoop.ozone.om.BucketManagerImpl.getBucketInfo(BucketManagerImpl.java:127) ~[ozone-manager-1.3.0-SNAPSHOT.jar:?]
	at org.apache.hadoop.ozone.om.OzoneManager.getBucketInfo(OzoneManager.java:2780) ~[ozone-manager-1.3.0-SNAPSHOT.jar:?]
	at org.apache.hadoop.ozone.protocolPB.OzoneManagerRequestHandler.infoBucket(OzoneManagerRequestHandler.java:475) ~[ozone-manager-1.3.0-SNAPSHOT.jar:?]
	at org.apache.hadoop.ozone.protocolPB.OzoneManagerRequestHandler.handleReadRequest(OzoneManagerRequestHandler.java:178) ~[ozone-manager-1.3.0-SNAPSHOT.jar:?]
	at org.apache.hadoop.ozone.protocolPB.OzoneManagerProtocolServerSideTranslatorPB.submitReadRequestToOM(OzoneManagerProtocolServerSideTranslatorPB.java:226) ~[ozone-manager-1.3.0-SNAPSHOT.jar:?]
	at org.apache.hadoop.ozone.protocolPB.OzoneManagerProtocolServerSideTranslatorPB.processRequest(OzoneManagerProtocolServerSideTranslatorPB.java:175) ~[ozone-manager-1.3.0-SNAPSHOT.jar:?]
	at org.apache.hadoop.hdds.server.OzoneProtocolMessageDispatcher.processRequest(OzoneProtocolMessageDispatcher.java:87) [hdds-server-framework-1.3.0-SNAPSHOT.jar:?]
	at org.apache.hadoop.ozone.protocolPB.OzoneManagerProtocolServerSideTranslatorPB.submitRequest(OzoneManagerProtocolServerSideTranslatorPB.java:147) [ozone-manager-1.3.0-SNAPSHOT.jar:?]
	at org.apache.hadoop.ozone.protocol.proto.OzoneManagerProtocolProtos$OzoneManagerService$2.callBlockingMethod(OzoneManagerProtocolProtos.java) [ozone-interface-client-1.3.0-SNAPSHOT.jar:?]
	at org.apache.hadoop.ipc.ProtobufRpcEngine$Server.processCall(ProtobufRpcEngine.java:466) [hadoop-common-3.3.1.jar:?]
	at org.apache.hadoop.ipc.ProtobufRpcEngine2$Server$ProtoBufRpcInvoker.call(ProtobufRpcEngine2.java:574) [hadoop-common-3.3.1.jar:?]
	at org.apache.hadoop.ipc.ProtobufRpcEngine2$Server$ProtoBufRpcInvoker.call(ProtobufRpcEngine2.java:552) [hadoop-common-3.3.1.jar:?]
	at org.apache.hadoop.ipc.RPC$Server.call(RPC.java:1093) [hadoop-common-3.3.1.jar:?]
	at org.apache.hadoop.ipc.Server$RpcCall.run(Server.java:1035) [hadoop-common-3.3.1.jar:?]
	at org.apache.hadoop.ipc.Server$RpcCall.run(Server.java:963) [hadoop-common-3.3.1.jar:?]
	at java.security.AccessController.doPrivileged(Native Method) ~[?:1.8.0_332]
	at javax.security.auth.Subject.doAs(Subject.java:422) [?:1.8.0_332]
	at org.apache.hadoop.security.UserGroupInformation.doAs(UserGroupInformation.java:1878) [hadoop-common-3.3.1.jar:?]
	at org.apache.hadoop.ipc.Server$Handler.run(Server.java:2966) [hadoop-common-3.3.1.jar:?]
2022-08-20 07:52:02,486 [Time-limited test] INFO  rpc.RpcClient (RpcClient.java:createVolume(471)) - Creating Volume: volume-26607, with runner as owner and space quota set to -1 bytes, counts quota set to -1
2022-08-20 07:52:02,488 [OM StateMachine ApplyTransaction Thread - 0] INFO  volume.OMVolumeCreateRequest (OMVolumeCreateRequest.java:validateAndUpdateCache(195)) - created volume:volume-26607 for user:runner
2022-08-20 07:52:02,489 [Time-limited test] INFO  rpc.RpcClient (RpcClient.java:createBucket(674)) - Creating Bucket: volume-26607/bucket, with bucket layout FILE_SYSTEM_OPTIMIZED, runner as owner, Versioning false, Storage Type set to DISK and Encryption set to false 
2022-08-20 07:52:02,490 [OM StateMachine ApplyTransaction Thread - 0] INFO  bucket.OMBucketCreateRequest (OMBucketCreateRequest.java:validateAndUpdateCache(260)) - created bucket: bucket of layout FILE_SYSTEM_OPTIMIZED in volume: volume-26607
2022-08-20 07:52:02,495 [Time-limited test] INFO  rpc.RpcClient (RpcClient.java:createVolume(471)) - Creating Volume: volume-49185, with runner as owner and space quota set to -1 bytes, counts quota set to -1
2022-08-20 07:52:02,496 [OM StateMachine ApplyTransaction Thread - 0] INFO  volume.OMVolumeCreateRequest (OMVolumeCreateRequest.java:validateAndUpdateCache(195)) - created volume:volume-49185 for user:runner
2022-08-20 07:52:02,497 [Time-limited test] INFO  rpc.RpcClient (RpcClient.java:createBucket(674)) - Creating Bucket: volume-49185/link, with server-side default bucket layout, runner as owner, Versioning false, Storage Type set to DISK and Encryption set to false 
2022-08-20 07:52:02,499 [OM StateMachine ApplyTransaction Thread - 0] INFO  bucket.OMBucketCreateRequest (OMBucketCreateRequest.java:validateAndUpdateCache(260)) - created bucket: link of layout LEGACY in volume: volume-49185
07:52:02.504 [OM StateMachine ApplyTransaction Thread - 0] ERROR OMAudit - user=runner | ip=127.0.0.1 | op=DELETE_VOLUME {volume=volume-49185} | ret=FAILURE
org.apache.hadoop.ozone.om.exceptions.OMException: null
	at org.apache.hadoop.ozone.om.request.volume.OMVolumeDeleteRequest.validateAndUpdateCache(OMVolumeDeleteRequest.java:122) ~[ozone-manager-1.3.0-SNAPSHOT.jar:?]
	at org.apache.hadoop.ozone.protocolPB.OzoneManagerRequestHandler.handleWriteRequest(OzoneManagerRequestHandler.java:304) ~[ozone-manager-1.3.0-SNAPSHOT.jar:?]
	at org.apache.hadoop.ozone.om.ratis.OzoneManagerStateMachine.runCommand(OzoneManagerStateMachine.java:529) ~[ozone-manager-1.3.0-SNAPSHOT.jar:?]
	at org.apache.hadoop.ozone.om.ratis.OzoneManagerStateMachine.lambda$1(OzoneManagerStateMachine.java:324) ~[ozone-manager-1.3.0-SNAPSHOT.jar:?]
	at java.util.concurrent.CompletableFuture$AsyncSupply.run(CompletableFuture.java:1604) [?:1.8.0_332]
	at java.util.concurrent.ThreadPoolExecutor.runWorker(ThreadPoolExecutor.java:1149) [?:1.8.0_332]
	at java.util.concurrent.ThreadPoolExecutor$Worker.run(ThreadPoolExecutor.java:624) [?:1.8.0_332]
	at java.lang.Thread.run(Thread.java:750) [?:1.8.0_332]
2022-08-20 07:52:02,505 [OM StateMachine ApplyTransaction Thread - 0] ERROR volume.OMVolumeDeleteRequest (OMVolumeDeleteRequest.java:validateAndUpdateCache(170)) - Volume deletion failed for user:runner volume:volume-49185
VOLUME_NOT_EMPTY org.apache.hadoop.ozone.om.exceptions.OMException
	at org.apache.hadoop.ozone.om.request.volume.OMVolumeDeleteRequest.validateAndUpdateCache(OMVolumeDeleteRequest.java:122)
	at org.apache.hadoop.ozone.protocolPB.OzoneManagerRequestHandler.handleWriteRequest(OzoneManagerRequestHandler.java:304)
	at org.apache.hadoop.ozone.om.ratis.OzoneManagerStateMachine.runCommand(OzoneManagerStateMachine.java:529)
	at org.apache.hadoop.ozone.om.ratis.OzoneManagerStateMachine.lambda$1(OzoneManagerStateMachine.java:324)
	at java.util.concurrent.CompletableFuture$AsyncSupply.run(CompletableFuture.java:1604)
	at java.util.concurrent.ThreadPoolExecutor.runWorker(ThreadPoolExecutor.java:1149)
	at java.util.concurrent.ThreadPoolExecutor$Worker.run(ThreadPoolExecutor.java:624)
	at java.lang.Thread.run(Thread.java:750)
07:52:02.520 [IPC Server handler 11 on default port 40219] ERROR OMAudit - user=runner | ip=127.0.0.1 | op=READ_BUCKET {volume=volume-49185, bucket=link} | ret=FAILURE
org.apache.hadoop.ozone.om.exceptions.OMException: Volume not found when getting bucket info
	at org.apache.hadoop.ozone.om.BucketManagerImpl.getBucketInfo(BucketManagerImpl.java:127) ~[ozone-manager-1.3.0-SNAPSHOT.jar:?]
	at org.apache.hadoop.ozone.om.OzoneManager.getBucketInfo(OzoneManager.java:2780) ~[ozone-manager-1.3.0-SNAPSHOT.jar:?]
	at org.apache.hadoop.ozone.protocolPB.OzoneManagerRequestHandler.infoBucket(OzoneManagerRequestHandler.java:475) ~[ozone-manager-1.3.0-SNAPSHOT.jar:?]
	at org.apache.hadoop.ozone.protocolPB.OzoneManagerRequestHandler.handleReadRequest(OzoneManagerRequestHandler.java:178) ~[ozone-manager-1.3.0-SNAPSHOT.jar:?]
	at org.apache.hadoop.ozone.protocolPB.OzoneManagerProtocolServerSideTranslatorPB.submitReadRequestToOM(OzoneManagerProtocolServerSideTranslatorPB.java:226) ~[ozone-manager-1.3.0-SNAPSHOT.jar:?]
	at org.apache.hadoop.ozone.protocolPB.OzoneManagerProtocolServerSideTranslatorPB.processRequest(OzoneManagerProtocolServerSideTranslatorPB.java:175) ~[ozone-manager-1.3.0-SNAPSHOT.jar:?]
	at org.apache.hadoop.hdds.server.OzoneProtocolMessageDispatcher.processRequest(OzoneProtocolMessageDispatcher.java:87) [hdds-server-framework-1.3.0-SNAPSHOT.jar:?]
	at org.apache.hadoop.ozone.protocolPB.OzoneManagerProtocolServerSideTranslatorPB.submitRequest(OzoneManagerProtocolServerSideTranslatorPB.java:147) [ozone-manager-1.3.0-SNAPSHOT.jar:?]
	at org.apache.hadoop.ozone.protocol.proto.OzoneManagerProtocolProtos$OzoneManagerService$2.callBlockingMethod(OzoneManagerProtocolProtos.java) [ozone-interface-client-1.3.0-SNAPSHOT.jar:?]
	at org.apache.hadoop.ipc.ProtobufRpcEngine$Server.processCall(ProtobufRpcEngine.java:466) [hadoop-common-3.3.1.jar:?]
	at org.apache.hadoop.ipc.ProtobufRpcEngine2$Server$ProtoBufRpcInvoker.call(ProtobufRpcEngine2.java:574) [hadoop-common-3.3.1.jar:?]
	at org.apache.hadoop.ipc.ProtobufRpcEngine2$Server$ProtoBufRpcInvoker.call(ProtobufRpcEngine2.java:552) [hadoop-common-3.3.1.jar:?]
	at org.apache.hadoop.ipc.RPC$Server.call(RPC.java:1093) [hadoop-common-3.3.1.jar:?]
	at org.apache.hadoop.ipc.Server$RpcCall.run(Server.java:1035) [hadoop-common-3.3.1.jar:?]
	at org.apache.hadoop.ipc.Server$RpcCall.run(Server.java:963) [hadoop-common-3.3.1.jar:?]
	at java.security.AccessController.doPrivileged(Native Method) ~[?:1.8.0_332]
	at javax.security.auth.Subject.doAs(Subject.java:422) [?:1.8.0_332]
	at org.apache.hadoop.security.UserGroupInformation.doAs(UserGroupInformation.java:1878) [hadoop-common-3.3.1.jar:?]
	at org.apache.hadoop.ipc.Server$Handler.run(Server.java:2966) [hadoop-common-3.3.1.jar:?]
]]></system-out>
  </testcase>
  <testcase name="testDeleteBucketLink" classname="TestRootedOzoneFileSystemWithFSO" time="0.137">
    <system-out><![CDATA[2022-08-20 07:53:12,776 [Time-limited test] INFO  rpc.RpcClient (RpcClient.java:createVolume(471)) - Creating Volume: volume59720, with user18419 as owner and space quota set to -1 bytes, counts quota set to -1
2022-08-20 07:53:12,777 [IPC Server handler 9 on default port 35463] INFO  volume.OMVolumeCreateRequest (OMVolumeCreateRequest.java:validateAndUpdateCache(195)) - created volume:volume59720 for user:user18419
2022-08-20 07:53:12,782 [Time-limited test] INFO  rpc.RpcClient (RpcClient.java:createBucket(674)) - Creating Bucket: volume59720/bucket63033, with bucket layout FILE_SYSTEM_OPTIMIZED, runner as owner, Versioning false, Storage Type set to DISK and Encryption set to false 
2022-08-20 07:53:12,784 [IPC Server handler 11 on default port 35463] INFO  bucket.OMBucketCreateRequest (OMBucketCreateRequest.java:validateAndUpdateCache(260)) - created bucket: bucket63033 of layout FILE_SYSTEM_OPTIMIZED in volume: volume59720
07:53:12.786 [IPC Server handler 13 on default port 35463] ERROR OMAudit - user=runner | ip=127.0.0.1 | op=READ_BUCKET {volume=volume-52753, bucket=bucket} | ret=FAILURE
org.apache.hadoop.ozone.om.exceptions.OMException: Volume not found when getting bucket info
	at org.apache.hadoop.ozone.om.BucketManagerImpl.getBucketInfo(BucketManagerImpl.java:127) ~[ozone-manager-1.3.0-SNAPSHOT.jar:?]
	at org.apache.hadoop.ozone.om.OzoneManager.getBucketInfo(OzoneManager.java:2780) ~[ozone-manager-1.3.0-SNAPSHOT.jar:?]
	at org.apache.hadoop.ozone.protocolPB.OzoneManagerRequestHandler.infoBucket(OzoneManagerRequestHandler.java:475) ~[ozone-manager-1.3.0-SNAPSHOT.jar:?]
	at org.apache.hadoop.ozone.protocolPB.OzoneManagerRequestHandler.handleReadRequest(OzoneManagerRequestHandler.java:178) ~[ozone-manager-1.3.0-SNAPSHOT.jar:?]
	at org.apache.hadoop.ozone.protocolPB.OzoneManagerProtocolServerSideTranslatorPB.submitRequestDirectlyToOM(OzoneManagerProtocolServerSideTranslatorPB.java:276) ~[ozone-manager-1.3.0-SNAPSHOT.jar:?]
	at org.apache.hadoop.ozone.protocolPB.OzoneManagerProtocolServerSideTranslatorPB.processRequest(OzoneManagerProtocolServerSideTranslatorPB.java:205) ~[ozone-manager-1.3.0-SNAPSHOT.jar:?]
	at org.apache.hadoop.hdds.server.OzoneProtocolMessageDispatcher.processRequest(OzoneProtocolMessageDispatcher.java:87) [hdds-server-framework-1.3.0-SNAPSHOT.jar:?]
	at org.apache.hadoop.ozone.protocolPB.OzoneManagerProtocolServerSideTranslatorPB.submitRequest(OzoneManagerProtocolServerSideTranslatorPB.java:147) [ozone-manager-1.3.0-SNAPSHOT.jar:?]
	at org.apache.hadoop.ozone.protocol.proto.OzoneManagerProtocolProtos$OzoneManagerService$2.callBlockingMethod(OzoneManagerProtocolProtos.java) [ozone-interface-client-1.3.0-SNAPSHOT.jar:?]
	at org.apache.hadoop.ipc.ProtobufRpcEngine$Server.processCall(ProtobufRpcEngine.java:466) [hadoop-common-3.3.1.jar:?]
	at org.apache.hadoop.ipc.ProtobufRpcEngine2$Server$ProtoBufRpcInvoker.call(ProtobufRpcEngine2.java:574) [hadoop-common-3.3.1.jar:?]
	at org.apache.hadoop.ipc.ProtobufRpcEngine2$Server$ProtoBufRpcInvoker.call(ProtobufRpcEngine2.java:552) [hadoop-common-3.3.1.jar:?]
	at org.apache.hadoop.ipc.RPC$Server.call(RPC.java:1093) [hadoop-common-3.3.1.jar:?]
	at org.apache.hadoop.ipc.Server$RpcCall.run(Server.java:1035) [hadoop-common-3.3.1.jar:?]
	at org.apache.hadoop.ipc.Server$RpcCall.run(Server.java:963) [hadoop-common-3.3.1.jar:?]
	at java.security.AccessController.doPrivileged(Native Method) ~[?:1.8.0_332]
	at javax.security.auth.Subject.doAs(Subject.java:422) [?:1.8.0_332]
	at org.apache.hadoop.security.UserGroupInformation.doAs(UserGroupInformation.java:1878) [hadoop-common-3.3.1.jar:?]
	at org.apache.hadoop.ipc.Server$Handler.run(Server.java:2966) [hadoop-common-3.3.1.jar:?]
2022-08-20 07:53:12,786 [Time-limited test] INFO  rpc.RpcClient (RpcClient.java:createVolume(471)) - Creating Volume: volume-52753, with runner as owner and space quota set to -1 bytes, counts quota set to -1
2022-08-20 07:53:12,787 [IPC Server handler 14 on default port 35463] INFO  volume.OMVolumeCreateRequest (OMVolumeCreateRequest.java:validateAndUpdateCache(195)) - created volume:volume-52753 for user:runner
2022-08-20 07:53:12,787 [Time-limited test] INFO  rpc.RpcClient (RpcClient.java:createBucket(674)) - Creating Bucket: volume-52753/bucket, with bucket layout FILE_SYSTEM_OPTIMIZED, runner as owner, Versioning false, Storage Type set to DISK and Encryption set to false 
2022-08-20 07:53:12,788 [IPC Server handler 18 on default port 35463] INFO  bucket.OMBucketCreateRequest (OMBucketCreateRequest.java:validateAndUpdateCache(260)) - created bucket: bucket of layout FILE_SYSTEM_OPTIMIZED in volume: volume-52753
2022-08-20 07:53:12,791 [Time-limited test] INFO  rpc.RpcClient (RpcClient.java:createVolume(471)) - Creating Volume: volume-25743, with runner as owner and space quota set to -1 bytes, counts quota set to -1
2022-08-20 07:53:12,792 [IPC Server handler 2 on default port 35463] INFO  volume.OMVolumeCreateRequest (OMVolumeCreateRequest.java:validateAndUpdateCache(195)) - created volume:volume-25743 for user:runner
2022-08-20 07:53:12,792 [Time-limited test] INFO  rpc.RpcClient (RpcClient.java:createBucket(674)) - Creating Bucket: volume-25743/link, with server-side default bucket layout, runner as owner, Versioning false, Storage Type set to DISK and Encryption set to false 
2022-08-20 07:53:12,793 [IPC Server handler 3 on default port 35463] INFO  bucket.OMBucketCreateRequest (OMBucketCreateRequest.java:validateAndUpdateCache(260)) - created bucket: link of layout LEGACY in volume: volume-25743
07:53:12.795 [IPC Server handler 11 on default port 35463] ERROR OMAudit - user=runner | ip=127.0.0.1 | op=DELETE_VOLUME {volume=volume-25743} | ret=FAILURE
org.apache.hadoop.ozone.om.exceptions.OMException: null
	at org.apache.hadoop.ozone.om.request.volume.OMVolumeDeleteRequest.validateAndUpdateCache(OMVolumeDeleteRequest.java:122) ~[ozone-manager-1.3.0-SNAPSHOT.jar:?]
	at org.apache.hadoop.ozone.protocolPB.OzoneManagerRequestHandler.handleWriteRequest(OzoneManagerRequestHandler.java:304) ~[ozone-manager-1.3.0-SNAPSHOT.jar:?]
	at org.apache.hadoop.ozone.protocolPB.OzoneManagerProtocolServerSideTranslatorPB.submitRequestDirectlyToOM(OzoneManagerProtocolServerSideTranslatorPB.java:282) ~[ozone-manager-1.3.0-SNAPSHOT.jar:?]
	at org.apache.hadoop.ozone.protocolPB.OzoneManagerProtocolServerSideTranslatorPB.processRequest(OzoneManagerProtocolServerSideTranslatorPB.java:205) ~[ozone-manager-1.3.0-SNAPSHOT.jar:?]
	at org.apache.hadoop.hdds.server.OzoneProtocolMessageDispatcher.processRequest(OzoneProtocolMessageDispatcher.java:87) [hdds-server-framework-1.3.0-SNAPSHOT.jar:?]
	at org.apache.hadoop.ozone.protocolPB.OzoneManagerProtocolServerSideTranslatorPB.submitRequest(OzoneManagerProtocolServerSideTranslatorPB.java:147) [ozone-manager-1.3.0-SNAPSHOT.jar:?]
	at org.apache.hadoop.ozone.protocol.proto.OzoneManagerProtocolProtos$OzoneManagerService$2.callBlockingMethod(OzoneManagerProtocolProtos.java) [ozone-interface-client-1.3.0-SNAPSHOT.jar:?]
	at org.apache.hadoop.ipc.ProtobufRpcEngine$Server.processCall(ProtobufRpcEngine.java:466) [hadoop-common-3.3.1.jar:?]
	at org.apache.hadoop.ipc.ProtobufRpcEngine2$Server$ProtoBufRpcInvoker.call(ProtobufRpcEngine2.java:574) [hadoop-common-3.3.1.jar:?]
	at org.apache.hadoop.ipc.ProtobufRpcEngine2$Server$ProtoBufRpcInvoker.call(ProtobufRpcEngine2.java:552) [hadoop-common-3.3.1.jar:?]
	at org.apache.hadoop.ipc.RPC$Server.call(RPC.java:1093) [hadoop-common-3.3.1.jar:?]
	at org.apache.hadoop.ipc.Server$RpcCall.run(Server.java:1035) [hadoop-common-3.3.1.jar:?]
	at org.apache.hadoop.ipc.Server$RpcCall.run(Server.java:963) [hadoop-common-3.3.1.jar:?]
	at java.security.AccessController.doPrivileged(Native Method) ~[?:1.8.0_332]
	at javax.security.auth.Subject.doAs(Subject.java:422) [?:1.8.0_332]
	at org.apache.hadoop.security.UserGroupInformation.doAs(UserGroupInformation.java:1878) [hadoop-common-3.3.1.jar:?]
	at org.apache.hadoop.ipc.Server$Handler.run(Server.java:2966) [hadoop-common-3.3.1.jar:?]
2022-08-20 07:53:12,795 [IPC Server handler 11 on default port 35463] ERROR volume.OMVolumeDeleteRequest (OMVolumeDeleteRequest.java:validateAndUpdateCache(170)) - Volume deletion failed for user:runner volume:volume-25743
VOLUME_NOT_EMPTY org.apache.hadoop.ozone.om.exceptions.OMException
	at org.apache.hadoop.ozone.om.request.volume.OMVolumeDeleteRequest.validateAndUpdateCache(OMVolumeDeleteRequest.java:122)
	at org.apache.hadoop.ozone.protocolPB.OzoneManagerRequestHandler.handleWriteRequest(OzoneManagerRequestHandler.java:304)
	at org.apache.hadoop.ozone.protocolPB.OzoneManagerProtocolServerSideTranslatorPB.submitRequestDirectlyToOM(OzoneManagerProtocolServerSideTranslatorPB.java:282)
	at org.apache.hadoop.ozone.protocolPB.OzoneManagerProtocolServerSideTranslatorPB.processRequest(OzoneManagerProtocolServerSideTranslatorPB.java:205)
	at org.apache.hadoop.hdds.server.OzoneProtocolMessageDispatcher.processRequest(OzoneProtocolMessageDispatcher.java:87)
	at org.apache.hadoop.ozone.protocolPB.OzoneManagerProtocolServerSideTranslatorPB.submitRequest(OzoneManagerProtocolServerSideTranslatorPB.java:147)
	at org.apache.hadoop.ozone.protocol.proto.OzoneManagerProtocolProtos$OzoneManagerService$2.callBlockingMethod(OzoneManagerProtocolProtos.java)
	at org.apache.hadoop.ipc.ProtobufRpcEngine$Server.processCall(ProtobufRpcEngine.java:466)
	at org.apache.hadoop.ipc.ProtobufRpcEngine2$Server$ProtoBufRpcInvoker.call(ProtobufRpcEngine2.java:574)
	at org.apache.hadoop.ipc.ProtobufRpcEngine2$Server$ProtoBufRpcInvoker.call(ProtobufRpcEngine2.java:552)
	at org.apache.hadoop.ipc.RPC$Server.call(RPC.java:1093)
	at org.apache.hadoop.ipc.Server$RpcCall.run(Server.java:1035)
	at org.apache.hadoop.ipc.Server$RpcCall.run(Server.java:963)
	at java.security.AccessController.doPrivileged(Native Method)
	at javax.security.auth.Subject.doAs(Subject.java:422)
	at org.apache.hadoop.security.UserGroupInformation.doAs(UserGroupInformation.java:1878)
	at org.apache.hadoop.ipc.Server$Handler.run(Server.java:2966)
07:53:12.822 [IPC Server handler 8 on default port 35463] ERROR OMAudit - user=runner | ip=127.0.0.1 | op=READ_BUCKET {volume=volume-25743, bucket=link} | ret=FAILURE
org.apache.hadoop.ozone.om.exceptions.OMException: Volume not found when getting bucket info
	at org.apache.hadoop.ozone.om.BucketManagerImpl.getBucketInfo(BucketManagerImpl.java:127) ~[ozone-manager-1.3.0-SNAPSHOT.jar:?]
	at org.apache.hadoop.ozone.om.OzoneManager.getBucketInfo(OzoneManager.java:2780) ~[ozone-manager-1.3.0-SNAPSHOT.jar:?]
	at org.apache.hadoop.ozone.protocolPB.OzoneManagerRequestHandler.infoBucket(OzoneManagerRequestHandler.java:475) ~[ozone-manager-1.3.0-SNAPSHOT.jar:?]
	at org.apache.hadoop.ozone.protocolPB.OzoneManagerRequestHandler.handleReadRequest(OzoneManagerRequestHandler.java:178) ~[ozone-manager-1.3.0-SNAPSHOT.jar:?]
	at org.apache.hadoop.ozone.protocolPB.OzoneManagerProtocolServerSideTranslatorPB.submitRequestDirectlyToOM(OzoneManagerProtocolServerSideTranslatorPB.java:276) ~[ozone-manager-1.3.0-SNAPSHOT.jar:?]
	at org.apache.hadoop.ozone.protocolPB.OzoneManagerProtocolServerSideTranslatorPB.processRequest(OzoneManagerProtocolServerSideTranslatorPB.java:205) ~[ozone-manager-1.3.0-SNAPSHOT.jar:?]
	at org.apache.hadoop.hdds.server.OzoneProtocolMessageDispatcher.processRequest(OzoneProtocolMessageDispatcher.java:87) [hdds-server-framework-1.3.0-SNAPSHOT.jar:?]
	at org.apache.hadoop.ozone.protocolPB.OzoneManagerProtocolServerSideTranslatorPB.submitRequest(OzoneManagerProtocolServerSideTranslatorPB.java:147) [ozone-manager-1.3.0-SNAPSHOT.jar:?]
	at org.apache.hadoop.ozone.protocol.proto.OzoneManagerProtocolProtos$OzoneManagerService$2.callBlockingMethod(OzoneManagerProtocolProtos.java) [ozone-interface-client-1.3.0-SNAPSHOT.jar:?]
	at org.apache.hadoop.ipc.ProtobufRpcEngine$Server.processCall(ProtobufRpcEngine.java:466) [hadoop-common-3.3.1.jar:?]
	at org.apache.hadoop.ipc.ProtobufRpcEngine2$Server$ProtoBufRpcInvoker.call(ProtobufRpcEngine2.java:574) [hadoop-common-3.3.1.jar:?]
	at org.apache.hadoop.ipc.ProtobufRpcEngine2$Server$ProtoBufRpcInvoker.call(ProtobufRpcEngine2.java:552) [hadoop-common-3.3.1.jar:?]
	at org.apache.hadoop.ipc.RPC$Server.call(RPC.java:1093) [hadoop-common-3.3.1.jar:?]
	at org.apache.hadoop.ipc.Server$RpcCall.run(Server.java:1035) [hadoop-common-3.3.1.jar:?]
	at org.apache.hadoop.ipc.Server$RpcCall.run(Server.java:963) [hadoop-common-3.3.1.jar:?]
	at java.security.AccessController.doPrivileged(Native Method) ~[?:1.8.0_332]
	at javax.security.auth.Subject.doAs(Subject.java:422) [?:1.8.0_332]
	at org.apache.hadoop.security.UserGroupInformation.doAs(UserGroupInformation.java:1878) [hadoop-common-3.3.1.jar:?]
	at org.apache.hadoop.ipc.Server$Handler.run(Server.java:2966) [hadoop-common-3.3.1.jar:?]
]]></system-out>
  </testcase>
  <testcase name="testBucketDefaultsShouldNotBeInheritedToFileForNonEC" classname="TestRootedOzoneFileSystemWithFSO" time="0.212">
    <system-out><![CDATA[2022-08-20 07:52:02,586 [Time-limited test] INFO  rpc.RpcClient (RpcClient.java:createVolume(471)) - Creating Volume: volume94580, with user03381 as owner and space quota set to -1 bytes, counts quota set to -1
2022-08-20 07:52:02,593 [OM StateMachine ApplyTransaction Thread - 0] INFO  volume.OMVolumeCreateRequest (OMVolumeCreateRequest.java:validateAndUpdateCache(195)) - created volume:volume94580 for user:user03381
2022-08-20 07:52:02,595 [Time-limited test] INFO  rpc.RpcClient (RpcClient.java:createBucket(674)) - Creating Bucket: volume94580/bucket78840, with bucket layout FILE_SYSTEM_OPTIMIZED, runner as owner, Versioning false, Storage Type set to DISK and Encryption set to false 
2022-08-20 07:52:02,597 [OM StateMachine ApplyTransaction Thread - 0] INFO  bucket.OMBucketCreateRequest (OMBucketCreateRequest.java:validateAndUpdateCache(260)) - created bucket: bucket78840 of layout FILE_SYSTEM_OPTIMIZED in volume: volume94580
2022-08-20 07:52:02,631 [Time-limited test] INFO  rpc.RpcClient (RpcClient.java:createVolume(471)) - Creating Volume: 3832c80f-6451-4ee0-9ee8-b4213d87e43e, with user06640 as owner and space quota set to -1 bytes, counts quota set to -1
2022-08-20 07:52:02,634 [OM StateMachine ApplyTransaction Thread - 0] INFO  volume.OMVolumeCreateRequest (OMVolumeCreateRequest.java:validateAndUpdateCache(195)) - created volume:3832c80f-6451-4ee0-9ee8-b4213d87e43e for user:user06640
2022-08-20 07:52:02,635 [Time-limited test] INFO  rpc.RpcClient (RpcClient.java:createBucket(674)) - Creating Bucket: 3832c80f-6451-4ee0-9ee8-b4213d87e43e/8fd45491-8dd2-4482-b938-c18d236f8d06, with bucket layout LEGACY, runner as owner, Versioning false, Storage Type set to DISK and Encryption set to false 
2022-08-20 07:52:02,647 [OM StateMachine ApplyTransaction Thread - 0] INFO  bucket.OMBucketCreateRequest (OMBucketCreateRequest.java:validateAndUpdateCache(260)) - created bucket: 8fd45491-8dd2-4482-b938-c18d236f8d06 of layout LEGACY in volume: 3832c80f-6451-4ee0-9ee8-b4213d87e43e
]]></system-out>
  </testcase>
  <testcase name="testBucketDefaultsShouldNotBeInheritedToFileForNonEC" classname="TestRootedOzoneFileSystemWithFSO" time="0.222">
    <system-out><![CDATA[2022-08-20 07:53:12,933 [Time-limited test] INFO  rpc.RpcClient (RpcClient.java:createVolume(471)) - Creating Volume: volume49609, with user20837 as owner and space quota set to -1 bytes, counts quota set to -1
2022-08-20 07:53:12,943 [IPC Server handler 5 on default port 35463] INFO  volume.OMVolumeCreateRequest (OMVolumeCreateRequest.java:validateAndUpdateCache(195)) - created volume:volume49609 for user:user20837
2022-08-20 07:53:12,944 [Time-limited test] INFO  rpc.RpcClient (RpcClient.java:createBucket(674)) - Creating Bucket: volume49609/bucket03449, with bucket layout FILE_SYSTEM_OPTIMIZED, runner as owner, Versioning false, Storage Type set to DISK and Encryption set to false 
2022-08-20 07:53:12,944 [IPC Server handler 8 on default port 35463] INFO  bucket.OMBucketCreateRequest (OMBucketCreateRequest.java:validateAndUpdateCache(260)) - created bucket: bucket03449 of layout FILE_SYSTEM_OPTIMIZED in volume: volume49609
2022-08-20 07:53:13,002 [Time-limited test] INFO  rpc.RpcClient (RpcClient.java:createVolume(471)) - Creating Volume: dcc4a3e3-3bc9-4fd4-acca-f987cd0ec97e, with user98756 as owner and space quota set to -1 bytes, counts quota set to -1
2022-08-20 07:53:13,004 [IPC Server handler 11 on default port 35463] INFO  volume.OMVolumeCreateRequest (OMVolumeCreateRequest.java:validateAndUpdateCache(195)) - created volume:dcc4a3e3-3bc9-4fd4-acca-f987cd0ec97e for user:user98756
2022-08-20 07:53:13,010 [Time-limited test] INFO  rpc.RpcClient (RpcClient.java:createBucket(674)) - Creating Bucket: dcc4a3e3-3bc9-4fd4-acca-f987cd0ec97e/4980a550-f8b6-4690-a861-dd9df4165a4c, with bucket layout LEGACY, runner as owner, Versioning false, Storage Type set to DISK and Encryption set to false 
2022-08-20 07:53:13,012 [IPC Server handler 7 on default port 35463] INFO  bucket.OMBucketCreateRequest (OMBucketCreateRequest.java:validateAndUpdateCache(260)) - created bucket: 4980a550-f8b6-4690-a861-dd9df4165a4c of layout LEGACY in volume: dcc4a3e3-3bc9-4fd4-acca-f987cd0ec97e
]]></system-out>
  </testcase>
  <testcase name="testTrash" classname="TestRootedOzoneFileSystemWithFSO" time="0">
    <skipped/>
  </testcase>
  <testcase name="testTrash" classname="TestRootedOzoneFileSystemWithFSO" time="0">
    <skipped/>
  </testcase>
  <testcase name="testGetFileStatusRoot" classname="TestRootedOzoneFileSystemWithFSO" time="0.062">
    <system-out><![CDATA[2022-08-20 07:52:02,797 [Time-limited test] INFO  rpc.RpcClient (RpcClient.java:createVolume(471)) - Creating Volume: volume04648, with user57878 as owner and space quota set to -1 bytes, counts quota set to -1
2022-08-20 07:52:02,801 [OM StateMachine ApplyTransaction Thread - 0] INFO  volume.OMVolumeCreateRequest (OMVolumeCreateRequest.java:validateAndUpdateCache(195)) - created volume:volume04648 for user:user57878
2022-08-20 07:52:02,804 [Time-limited test] INFO  rpc.RpcClient (RpcClient.java:createBucket(674)) - Creating Bucket: volume04648/bucket03949, with bucket layout FILE_SYSTEM_OPTIMIZED, runner as owner, Versioning false, Storage Type set to DISK and Encryption set to false 
2022-08-20 07:52:02,806 [OM StateMachine ApplyTransaction Thread - 0] INFO  bucket.OMBucketCreateRequest (OMBucketCreateRequest.java:validateAndUpdateCache(260)) - created bucket: bucket03949 of layout FILE_SYSTEM_OPTIMIZED in volume: volume04648
]]></system-out>
  </testcase>
  <testcase name="testGetFileStatusRoot" classname="TestRootedOzoneFileSystemWithFSO" time="0.115">
    <system-out><![CDATA[2022-08-20 07:53:13,167 [Time-limited test] INFO  rpc.RpcClient (RpcClient.java:createVolume(471)) - Creating Volume: volume51178, with user14410 as owner and space quota set to -1 bytes, counts quota set to -1
2022-08-20 07:53:13,168 [IPC Server handler 16 on default port 35463] INFO  volume.OMVolumeCreateRequest (OMVolumeCreateRequest.java:validateAndUpdateCache(195)) - created volume:volume51178 for user:user14410
2022-08-20 07:53:13,169 [Time-limited test] INFO  rpc.RpcClient (RpcClient.java:createBucket(674)) - Creating Bucket: volume51178/bucket11576, with bucket layout FILE_SYSTEM_OPTIMIZED, runner as owner, Versioning false, Storage Type set to DISK and Encryption set to false 
2022-08-20 07:53:13,174 [IPC Server handler 15 on default port 35463] INFO  bucket.OMBucketCreateRequest (OMBucketCreateRequest.java:validateAndUpdateCache(260)) - created bucket: bucket11576 of layout FILE_SYSTEM_OPTIMIZED in volume: volume51178
]]></system-out>
  </testcase>
  <testcase name="testListStatusRootAndVolumeContinuation" classname="TestRootedOzoneFileSystemWithFSO" time="0">
    <skipped type="org.junit.AssumptionViolatedException"><![CDATA[org.junit.AssumptionViolatedException: FS Path is enabled. Skipping this test as it is not tuned for FS Path yet
	at org.junit.Assume.assumeTrue(Assume.java:68)
	at org.apache.hadoop.fs.ozone.TestRootedOzoneFileSystem.testListStatusRootAndVolumeContinuation(TestRootedOzoneFileSystem.java:914)
	at sun.reflect.NativeMethodAccessorImpl.invoke0(Native Method)
	at sun.reflect.NativeMethodAccessorImpl.invoke(NativeMethodAccessorImpl.java:62)
	at sun.reflect.DelegatingMethodAccessorImpl.invoke(DelegatingMethodAccessorImpl.java:43)
	at java.lang.reflect.Method.invoke(Method.java:498)
	at org.junit.runners.model.FrameworkMethod$1.runReflectiveCall(FrameworkMethod.java:59)
	at org.junit.internal.runners.model.ReflectiveCallable.run(ReflectiveCallable.java:12)
	at org.junit.runners.model.FrameworkMethod.invokeExplosively(FrameworkMethod.java:56)
	at org.junit.internal.runners.statements.InvokeMethod.evaluate(InvokeMethod.java:17)
	at org.junit.internal.runners.statements.RunBefores.evaluate(RunBefores.java:26)
	at org.junit.internal.runners.statements.RunAfters.evaluate(RunAfters.java:27)
	at org.junit.internal.runners.statements.FailOnTimeout$CallableStatement.call(FailOnTimeout.java:288)
	at org.junit.internal.runners.statements.FailOnTimeout$CallableStatement.call(FailOnTimeout.java:282)
	at java.util.concurrent.FutureTask.run(FutureTask.java:266)
	at java.lang.Thread.run(Thread.java:750)
]]></skipped>
    <system-out><![CDATA[2022-08-20 07:52:02,863 [Time-limited test] INFO  rpc.RpcClient (RpcClient.java:createVolume(471)) - Creating Volume: volume35717, with user69953 as owner and space quota set to -1 bytes, counts quota set to -1
2022-08-20 07:52:02,866 [OM StateMachine ApplyTransaction Thread - 0] INFO  volume.OMVolumeCreateRequest (OMVolumeCreateRequest.java:validateAndUpdateCache(195)) - created volume:volume35717 for user:user69953
2022-08-20 07:52:02,868 [Time-limited test] INFO  rpc.RpcClient (RpcClient.java:createBucket(674)) - Creating Bucket: volume35717/bucket41167, with bucket layout FILE_SYSTEM_OPTIMIZED, runner as owner, Versioning false, Storage Type set to DISK and Encryption set to false 
2022-08-20 07:52:02,869 [OM StateMachine ApplyTransaction Thread - 0] INFO  bucket.OMBucketCreateRequest (OMBucketCreateRequest.java:validateAndUpdateCache(260)) - created bucket: bucket41167 of layout FILE_SYSTEM_OPTIMIZED in volume: volume35717
]]></system-out>
  </testcase>
  <testcase name="testListStatusRootAndVolumeContinuation" classname="TestRootedOzoneFileSystemWithFSO" time="0">
    <skipped type="org.junit.AssumptionViolatedException"><![CDATA[org.junit.AssumptionViolatedException: FS Path is enabled. Skipping this test as it is not tuned for FS Path yet
	at org.junit.Assume.assumeTrue(Assume.java:68)
	at org.apache.hadoop.fs.ozone.TestRootedOzoneFileSystem.testListStatusRootAndVolumeContinuation(TestRootedOzoneFileSystem.java:914)
	at sun.reflect.NativeMethodAccessorImpl.invoke0(Native Method)
	at sun.reflect.NativeMethodAccessorImpl.invoke(NativeMethodAccessorImpl.java:62)
	at sun.reflect.DelegatingMethodAccessorImpl.invoke(DelegatingMethodAccessorImpl.java:43)
	at java.lang.reflect.Method.invoke(Method.java:498)
	at org.junit.runners.model.FrameworkMethod$1.runReflectiveCall(FrameworkMethod.java:59)
	at org.junit.internal.runners.model.ReflectiveCallable.run(ReflectiveCallable.java:12)
	at org.junit.runners.model.FrameworkMethod.invokeExplosively(FrameworkMethod.java:56)
	at org.junit.internal.runners.statements.InvokeMethod.evaluate(InvokeMethod.java:17)
	at org.junit.internal.runners.statements.RunBefores.evaluate(RunBefores.java:26)
	at org.junit.internal.runners.statements.RunAfters.evaluate(RunAfters.java:27)
	at org.junit.internal.runners.statements.FailOnTimeout$CallableStatement.call(FailOnTimeout.java:288)
	at org.junit.internal.runners.statements.FailOnTimeout$CallableStatement.call(FailOnTimeout.java:282)
	at java.util.concurrent.FutureTask.run(FutureTask.java:266)
	at java.lang.Thread.run(Thread.java:750)
]]></skipped>
    <system-out><![CDATA[2022-08-20 07:53:13,270 [Time-limited test] INFO  rpc.RpcClient (RpcClient.java:createVolume(471)) - Creating Volume: volume25687, with user08159 as owner and space quota set to -1 bytes, counts quota set to -1
2022-08-20 07:53:13,271 [IPC Server handler 15 on default port 35463] INFO  volume.OMVolumeCreateRequest (OMVolumeCreateRequest.java:validateAndUpdateCache(195)) - created volume:volume25687 for user:user08159
2022-08-20 07:53:13,274 [Time-limited test] INFO  rpc.RpcClient (RpcClient.java:createBucket(674)) - Creating Bucket: volume25687/bucket39901, with bucket layout FILE_SYSTEM_OPTIMIZED, runner as owner, Versioning false, Storage Type set to DISK and Encryption set to false 
2022-08-20 07:53:13,275 [IPC Server handler 0 on default port 35463] INFO  bucket.OMBucketCreateRequest (OMBucketCreateRequest.java:validateAndUpdateCache(260)) - created bucket: bucket39901 of layout FILE_SYSTEM_OPTIMIZED in volume: volume25687
]]></system-out>
  </testcase>
  <testcase name="testDeleteVolumeBucketAndKey" classname="TestRootedOzoneFileSystemWithFSO" time="0.112">
    <system-out><![CDATA[2022-08-20 07:52:02,928 [Time-limited test] INFO  rpc.RpcClient (RpcClient.java:createVolume(471)) - Creating Volume: volume94069, with user17512 as owner and space quota set to -1 bytes, counts quota set to -1
2022-08-20 07:52:02,930 [OM StateMachine ApplyTransaction Thread - 0] INFO  volume.OMVolumeCreateRequest (OMVolumeCreateRequest.java:validateAndUpdateCache(195)) - created volume:volume94069 for user:user17512
2022-08-20 07:52:02,935 [Time-limited test] INFO  rpc.RpcClient (RpcClient.java:createBucket(674)) - Creating Bucket: volume94069/bucket16997, with bucket layout FILE_SYSTEM_OPTIMIZED, runner as owner, Versioning false, Storage Type set to DISK and Encryption set to false 
2022-08-20 07:52:02,937 [OM StateMachine ApplyTransaction Thread - 0] INFO  bucket.OMBucketCreateRequest (OMBucketCreateRequest.java:validateAndUpdateCache(260)) - created bucket: bucket16997 of layout FILE_SYSTEM_OPTIMIZED in volume: volume94069
07:52:02.939 [IPC Server handler 2 on default port 40219] ERROR OMAudit - user=runner | ip=127.0.0.1 | op=READ_BUCKET {volume=volume-35081, bucket=bucket3} | ret=FAILURE
org.apache.hadoop.ozone.om.exceptions.OMException: Volume not found when getting bucket info
	at org.apache.hadoop.ozone.om.BucketManagerImpl.getBucketInfo(BucketManagerImpl.java:127) ~[ozone-manager-1.3.0-SNAPSHOT.jar:?]
	at org.apache.hadoop.ozone.om.OzoneManager.getBucketInfo(OzoneManager.java:2780) ~[ozone-manager-1.3.0-SNAPSHOT.jar:?]
	at org.apache.hadoop.ozone.protocolPB.OzoneManagerRequestHandler.infoBucket(OzoneManagerRequestHandler.java:475) ~[ozone-manager-1.3.0-SNAPSHOT.jar:?]
	at org.apache.hadoop.ozone.protocolPB.OzoneManagerRequestHandler.handleReadRequest(OzoneManagerRequestHandler.java:178) ~[ozone-manager-1.3.0-SNAPSHOT.jar:?]
	at org.apache.hadoop.ozone.protocolPB.OzoneManagerProtocolServerSideTranslatorPB.submitReadRequestToOM(OzoneManagerProtocolServerSideTranslatorPB.java:226) ~[ozone-manager-1.3.0-SNAPSHOT.jar:?]
	at org.apache.hadoop.ozone.protocolPB.OzoneManagerProtocolServerSideTranslatorPB.processRequest(OzoneManagerProtocolServerSideTranslatorPB.java:175) ~[ozone-manager-1.3.0-SNAPSHOT.jar:?]
	at org.apache.hadoop.hdds.server.OzoneProtocolMessageDispatcher.processRequest(OzoneProtocolMessageDispatcher.java:87) [hdds-server-framework-1.3.0-SNAPSHOT.jar:?]
	at org.apache.hadoop.ozone.protocolPB.OzoneManagerProtocolServerSideTranslatorPB.submitRequest(OzoneManagerProtocolServerSideTranslatorPB.java:147) [ozone-manager-1.3.0-SNAPSHOT.jar:?]
	at org.apache.hadoop.ozone.protocol.proto.OzoneManagerProtocolProtos$OzoneManagerService$2.callBlockingMethod(OzoneManagerProtocolProtos.java) [ozone-interface-client-1.3.0-SNAPSHOT.jar:?]
	at org.apache.hadoop.ipc.ProtobufRpcEngine$Server.processCall(ProtobufRpcEngine.java:466) [hadoop-common-3.3.1.jar:?]
	at org.apache.hadoop.ipc.ProtobufRpcEngine2$Server$ProtoBufRpcInvoker.call(ProtobufRpcEngine2.java:574) [hadoop-common-3.3.1.jar:?]
	at org.apache.hadoop.ipc.ProtobufRpcEngine2$Server$ProtoBufRpcInvoker.call(ProtobufRpcEngine2.java:552) [hadoop-common-3.3.1.jar:?]
	at org.apache.hadoop.ipc.RPC$Server.call(RPC.java:1093) [hadoop-common-3.3.1.jar:?]
	at org.apache.hadoop.ipc.Server$RpcCall.run(Server.java:1035) [hadoop-common-3.3.1.jar:?]
	at org.apache.hadoop.ipc.Server$RpcCall.run(Server.java:963) [hadoop-common-3.3.1.jar:?]
	at java.security.AccessController.doPrivileged(Native Method) ~[?:1.8.0_332]
	at javax.security.auth.Subject.doAs(Subject.java:422) [?:1.8.0_332]
	at org.apache.hadoop.security.UserGroupInformation.doAs(UserGroupInformation.java:1878) [hadoop-common-3.3.1.jar:?]
	at org.apache.hadoop.ipc.Server$Handler.run(Server.java:2966) [hadoop-common-3.3.1.jar:?]
2022-08-20 07:52:02,940 [Time-limited test] INFO  rpc.RpcClient (RpcClient.java:createVolume(471)) - Creating Volume: volume-35081, with runner as owner and space quota set to -1 bytes, counts quota set to -1
2022-08-20 07:52:02,941 [OM StateMachine ApplyTransaction Thread - 0] INFO  volume.OMVolumeCreateRequest (OMVolumeCreateRequest.java:validateAndUpdateCache(195)) - created volume:volume-35081 for user:runner
2022-08-20 07:52:02,942 [Time-limited test] INFO  rpc.RpcClient (RpcClient.java:createBucket(674)) - Creating Bucket: volume-35081/bucket3, with bucket layout FILE_SYSTEM_OPTIMIZED, runner as owner, Versioning false, Storage Type set to DISK and Encryption set to false 
2022-08-20 07:52:02,943 [OM StateMachine ApplyTransaction Thread - 0] INFO  bucket.OMBucketCreateRequest (OMBucketCreateRequest.java:validateAndUpdateCache(260)) - created bucket: bucket3 of layout FILE_SYSTEM_OPTIMIZED in volume: volume-35081
07:52:02.947 [OM StateMachine ApplyTransaction Thread - 0] ERROR OMAudit - user=runner | ip=127.0.0.1 | op=DELETE_VOLUME {volume=volume-35081} | ret=FAILURE
org.apache.hadoop.ozone.om.exceptions.OMException: null
	at org.apache.hadoop.ozone.om.request.volume.OMVolumeDeleteRequest.validateAndUpdateCache(OMVolumeDeleteRequest.java:122) ~[ozone-manager-1.3.0-SNAPSHOT.jar:?]
	at org.apache.hadoop.ozone.protocolPB.OzoneManagerRequestHandler.handleWriteRequest(OzoneManagerRequestHandler.java:304) ~[ozone-manager-1.3.0-SNAPSHOT.jar:?]
	at org.apache.hadoop.ozone.om.ratis.OzoneManagerStateMachine.runCommand(OzoneManagerStateMachine.java:529) ~[ozone-manager-1.3.0-SNAPSHOT.jar:?]
	at org.apache.hadoop.ozone.om.ratis.OzoneManagerStateMachine.lambda$1(OzoneManagerStateMachine.java:324) ~[ozone-manager-1.3.0-SNAPSHOT.jar:?]
	at java.util.concurrent.CompletableFuture$AsyncSupply.run(CompletableFuture.java:1604) [?:1.8.0_332]
	at java.util.concurrent.ThreadPoolExecutor.runWorker(ThreadPoolExecutor.java:1149) [?:1.8.0_332]
	at java.util.concurrent.ThreadPoolExecutor$Worker.run(ThreadPoolExecutor.java:624) [?:1.8.0_332]
	at java.lang.Thread.run(Thread.java:750) [?:1.8.0_332]
2022-08-20 07:52:02,947 [OM StateMachine ApplyTransaction Thread - 0] ERROR volume.OMVolumeDeleteRequest (OMVolumeDeleteRequest.java:validateAndUpdateCache(170)) - Volume deletion failed for user:runner volume:volume-35081
VOLUME_NOT_EMPTY org.apache.hadoop.ozone.om.exceptions.OMException
	at org.apache.hadoop.ozone.om.request.volume.OMVolumeDeleteRequest.validateAndUpdateCache(OMVolumeDeleteRequest.java:122)
	at org.apache.hadoop.ozone.protocolPB.OzoneManagerRequestHandler.handleWriteRequest(OzoneManagerRequestHandler.java:304)
	at org.apache.hadoop.ozone.om.ratis.OzoneManagerStateMachine.runCommand(OzoneManagerStateMachine.java:529)
	at org.apache.hadoop.ozone.om.ratis.OzoneManagerStateMachine.lambda$1(OzoneManagerStateMachine.java:324)
	at java.util.concurrent.CompletableFuture$AsyncSupply.run(CompletableFuture.java:1604)
	at java.util.concurrent.ThreadPoolExecutor.runWorker(ThreadPoolExecutor.java:1149)
	at java.util.concurrent.ThreadPoolExecutor$Worker.run(ThreadPoolExecutor.java:624)
	at java.lang.Thread.run(Thread.java:750)
07:52:02.971 [IPC Server handler 10 on default port 40219] ERROR OMAudit - user=runner | ip=127.0.0.1 | op=READ_VOLUME {volume=volume-35081} | ret=FAILURE
org.apache.hadoop.ozone.om.exceptions.OMException: Volume volume-35081 is not found
	at org.apache.hadoop.ozone.om.VolumeManagerImpl.getVolumeInfo(VolumeManagerImpl.java:74) ~[ozone-manager-1.3.0-SNAPSHOT.jar:?]
	at org.apache.hadoop.ozone.om.OzoneManager.getVolumeInfo(OzoneManager.java:2604) ~[ozone-manager-1.3.0-SNAPSHOT.jar:?]
	at org.apache.hadoop.ozone.protocolPB.OzoneManagerRequestHandler.infoVolume(OzoneManagerRequestHandler.java:401) ~[ozone-manager-1.3.0-SNAPSHOT.jar:?]
	at org.apache.hadoop.ozone.protocolPB.OzoneManagerRequestHandler.handleReadRequest(OzoneManagerRequestHandler.java:168) ~[ozone-manager-1.3.0-SNAPSHOT.jar:?]
	at org.apache.hadoop.ozone.protocolPB.OzoneManagerProtocolServerSideTranslatorPB.submitReadRequestToOM(OzoneManagerProtocolServerSideTranslatorPB.java:226) ~[ozone-manager-1.3.0-SNAPSHOT.jar:?]
	at org.apache.hadoop.ozone.protocolPB.OzoneManagerProtocolServerSideTranslatorPB.processRequest(OzoneManagerProtocolServerSideTranslatorPB.java:175) ~[ozone-manager-1.3.0-SNAPSHOT.jar:?]
	at org.apache.hadoop.hdds.server.OzoneProtocolMessageDispatcher.processRequest(OzoneProtocolMessageDispatcher.java:87) [hdds-server-framework-1.3.0-SNAPSHOT.jar:?]
	at org.apache.hadoop.ozone.protocolPB.OzoneManagerProtocolServerSideTranslatorPB.submitRequest(OzoneManagerProtocolServerSideTranslatorPB.java:147) [ozone-manager-1.3.0-SNAPSHOT.jar:?]
	at org.apache.hadoop.ozone.protocol.proto.OzoneManagerProtocolProtos$OzoneManagerService$2.callBlockingMethod(OzoneManagerProtocolProtos.java) [ozone-interface-client-1.3.0-SNAPSHOT.jar:?]
	at org.apache.hadoop.ipc.ProtobufRpcEngine$Server.processCall(ProtobufRpcEngine.java:466) [hadoop-common-3.3.1.jar:?]
	at org.apache.hadoop.ipc.ProtobufRpcEngine2$Server$ProtoBufRpcInvoker.call(ProtobufRpcEngine2.java:574) [hadoop-common-3.3.1.jar:?]
	at org.apache.hadoop.ipc.ProtobufRpcEngine2$Server$ProtoBufRpcInvoker.call(ProtobufRpcEngine2.java:552) [hadoop-common-3.3.1.jar:?]
	at org.apache.hadoop.ipc.RPC$Server.call(RPC.java:1093) [hadoop-common-3.3.1.jar:?]
	at org.apache.hadoop.ipc.Server$RpcCall.run(Server.java:1035) [hadoop-common-3.3.1.jar:?]
	at org.apache.hadoop.ipc.Server$RpcCall.run(Server.java:963) [hadoop-common-3.3.1.jar:?]
	at java.security.AccessController.doPrivileged(Native Method) ~[?:1.8.0_332]
	at javax.security.auth.Subject.doAs(Subject.java:422) [?:1.8.0_332]
	at org.apache.hadoop.security.UserGroupInformation.doAs(UserGroupInformation.java:1878) [hadoop-common-3.3.1.jar:?]
	at org.apache.hadoop.ipc.Server$Handler.run(Server.java:2966) [hadoop-common-3.3.1.jar:?]
07:52:02.972 [IPC Server handler 1 on default port 40219] ERROR OMAudit - user=runner | ip=127.0.0.1 | op=READ_BUCKET {volume=volume-35081, bucket=bucket3} | ret=FAILURE
org.apache.hadoop.ozone.om.exceptions.OMException: Volume not found when getting bucket info
	at org.apache.hadoop.ozone.om.BucketManagerImpl.getBucketInfo(BucketManagerImpl.java:127) ~[ozone-manager-1.3.0-SNAPSHOT.jar:?]
	at org.apache.hadoop.ozone.om.OzoneManager.getBucketInfo(OzoneManager.java:2780) ~[ozone-manager-1.3.0-SNAPSHOT.jar:?]
	at org.apache.hadoop.ozone.protocolPB.OzoneManagerRequestHandler.infoBucket(OzoneManagerRequestHandler.java:475) ~[ozone-manager-1.3.0-SNAPSHOT.jar:?]
	at org.apache.hadoop.ozone.protocolPB.OzoneManagerRequestHandler.handleReadRequest(OzoneManagerRequestHandler.java:178) ~[ozone-manager-1.3.0-SNAPSHOT.jar:?]
	at org.apache.hadoop.ozone.protocolPB.OzoneManagerProtocolServerSideTranslatorPB.submitReadRequestToOM(OzoneManagerProtocolServerSideTranslatorPB.java:226) ~[ozone-manager-1.3.0-SNAPSHOT.jar:?]
	at org.apache.hadoop.ozone.protocolPB.OzoneManagerProtocolServerSideTranslatorPB.processRequest(OzoneManagerProtocolServerSideTranslatorPB.java:175) ~[ozone-manager-1.3.0-SNAPSHOT.jar:?]
	at org.apache.hadoop.hdds.server.OzoneProtocolMessageDispatcher.processRequest(OzoneProtocolMessageDispatcher.java:87) [hdds-server-framework-1.3.0-SNAPSHOT.jar:?]
	at org.apache.hadoop.ozone.protocolPB.OzoneManagerProtocolServerSideTranslatorPB.submitRequest(OzoneManagerProtocolServerSideTranslatorPB.java:147) [ozone-manager-1.3.0-SNAPSHOT.jar:?]
	at org.apache.hadoop.ozone.protocol.proto.OzoneManagerProtocolProtos$OzoneManagerService$2.callBlockingMethod(OzoneManagerProtocolProtos.java) [ozone-interface-client-1.3.0-SNAPSHOT.jar:?]
	at org.apache.hadoop.ipc.ProtobufRpcEngine$Server.processCall(ProtobufRpcEngine.java:466) [hadoop-common-3.3.1.jar:?]
	at org.apache.hadoop.ipc.ProtobufRpcEngine2$Server$ProtoBufRpcInvoker.call(ProtobufRpcEngine2.java:574) [hadoop-common-3.3.1.jar:?]
	at org.apache.hadoop.ipc.ProtobufRpcEngine2$Server$ProtoBufRpcInvoker.call(ProtobufRpcEngine2.java:552) [hadoop-common-3.3.1.jar:?]
	at org.apache.hadoop.ipc.RPC$Server.call(RPC.java:1093) [hadoop-common-3.3.1.jar:?]
	at org.apache.hadoop.ipc.Server$RpcCall.run(Server.java:1035) [hadoop-common-3.3.1.jar:?]
	at org.apache.hadoop.ipc.Server$RpcCall.run(Server.java:963) [hadoop-common-3.3.1.jar:?]
	at java.security.AccessController.doPrivileged(Native Method) ~[?:1.8.0_332]
	at javax.security.auth.Subject.doAs(Subject.java:422) [?:1.8.0_332]
	at org.apache.hadoop.security.UserGroupInformation.doAs(UserGroupInformation.java:1878) [hadoop-common-3.3.1.jar:?]
	at org.apache.hadoop.ipc.Server$Handler.run(Server.java:2966) [hadoop-common-3.3.1.jar:?]
2022-08-20 07:52:02,973 [Time-limited test] INFO  rpc.RpcClient (RpcClient.java:createVolume(471)) - Creating Volume: volume-35081, with runner as owner and space quota set to -1 bytes, counts quota set to -1
2022-08-20 07:52:02,974 [OM StateMachine ApplyTransaction Thread - 0] INFO  volume.OMVolumeCreateRequest (OMVolumeCreateRequest.java:validateAndUpdateCache(195)) - created volume:volume-35081 for user:runner
2022-08-20 07:52:02,975 [Time-limited test] INFO  rpc.RpcClient (RpcClient.java:createBucket(674)) - Creating Bucket: volume-35081/bucket3, with bucket layout FILE_SYSTEM_OPTIMIZED, runner as owner, Versioning false, Storage Type set to DISK and Encryption set to false 
2022-08-20 07:52:02,977 [OM StateMachine ApplyTransaction Thread - 0] INFO  bucket.OMBucketCreateRequest (OMBucketCreateRequest.java:validateAndUpdateCache(260)) - created bucket: bucket3 of layout FILE_SYSTEM_OPTIMIZED in volume: volume-35081
07:52:02.995 [IPC Server handler 14 on default port 40219] ERROR OMAudit - user=runner | ip=127.0.0.1 | op=READ_VOLUME {volume=volume-35081} | ret=FAILURE
org.apache.hadoop.ozone.om.exceptions.OMException: Volume volume-35081 is not found
	at org.apache.hadoop.ozone.om.VolumeManagerImpl.getVolumeInfo(VolumeManagerImpl.java:74) ~[ozone-manager-1.3.0-SNAPSHOT.jar:?]
	at org.apache.hadoop.ozone.om.OzoneManager.getVolumeInfo(OzoneManager.java:2604) ~[ozone-manager-1.3.0-SNAPSHOT.jar:?]
	at org.apache.hadoop.ozone.protocolPB.OzoneManagerRequestHandler.infoVolume(OzoneManagerRequestHandler.java:401) ~[ozone-manager-1.3.0-SNAPSHOT.jar:?]
	at org.apache.hadoop.ozone.protocolPB.OzoneManagerRequestHandler.handleReadRequest(OzoneManagerRequestHandler.java:168) ~[ozone-manager-1.3.0-SNAPSHOT.jar:?]
	at org.apache.hadoop.ozone.protocolPB.OzoneManagerProtocolServerSideTranslatorPB.submitReadRequestToOM(OzoneManagerProtocolServerSideTranslatorPB.java:226) ~[ozone-manager-1.3.0-SNAPSHOT.jar:?]
	at org.apache.hadoop.ozone.protocolPB.OzoneManagerProtocolServerSideTranslatorPB.processRequest(OzoneManagerProtocolServerSideTranslatorPB.java:175) ~[ozone-manager-1.3.0-SNAPSHOT.jar:?]
	at org.apache.hadoop.hdds.server.OzoneProtocolMessageDispatcher.processRequest(OzoneProtocolMessageDispatcher.java:87) [hdds-server-framework-1.3.0-SNAPSHOT.jar:?]
	at org.apache.hadoop.ozone.protocolPB.OzoneManagerProtocolServerSideTranslatorPB.submitRequest(OzoneManagerProtocolServerSideTranslatorPB.java:147) [ozone-manager-1.3.0-SNAPSHOT.jar:?]
	at org.apache.hadoop.ozone.protocol.proto.OzoneManagerProtocolProtos$OzoneManagerService$2.callBlockingMethod(OzoneManagerProtocolProtos.java) [ozone-interface-client-1.3.0-SNAPSHOT.jar:?]
	at org.apache.hadoop.ipc.ProtobufRpcEngine$Server.processCall(ProtobufRpcEngine.java:466) [hadoop-common-3.3.1.jar:?]
	at org.apache.hadoop.ipc.ProtobufRpcEngine2$Server$ProtoBufRpcInvoker.call(ProtobufRpcEngine2.java:574) [hadoop-common-3.3.1.jar:?]
	at org.apache.hadoop.ipc.ProtobufRpcEngine2$Server$ProtoBufRpcInvoker.call(ProtobufRpcEngine2.java:552) [hadoop-common-3.3.1.jar:?]
	at org.apache.hadoop.ipc.RPC$Server.call(RPC.java:1093) [hadoop-common-3.3.1.jar:?]
	at org.apache.hadoop.ipc.Server$RpcCall.run(Server.java:1035) [hadoop-common-3.3.1.jar:?]
	at org.apache.hadoop.ipc.Server$RpcCall.run(Server.java:963) [hadoop-common-3.3.1.jar:?]
	at java.security.AccessController.doPrivileged(Native Method) ~[?:1.8.0_332]
	at javax.security.auth.Subject.doAs(Subject.java:422) [?:1.8.0_332]
	at org.apache.hadoop.security.UserGroupInformation.doAs(UserGroupInformation.java:1878) [hadoop-common-3.3.1.jar:?]
	at org.apache.hadoop.ipc.Server$Handler.run(Server.java:2966) [hadoop-common-3.3.1.jar:?]
]]></system-out>
  </testcase>
  <testcase name="testDeleteVolumeBucketAndKey" classname="TestRootedOzoneFileSystemWithFSO" time="0.157">
    <system-out><![CDATA[2022-08-20 07:53:13,391 [Time-limited test] INFO  rpc.RpcClient (RpcClient.java:createVolume(471)) - Creating Volume: volume30173, with user39526 as owner and space quota set to -1 bytes, counts quota set to -1
2022-08-20 07:53:13,394 [IPC Server handler 0 on default port 35463] INFO  volume.OMVolumeCreateRequest (OMVolumeCreateRequest.java:validateAndUpdateCache(195)) - created volume:volume30173 for user:user39526
2022-08-20 07:53:13,398 [Time-limited test] INFO  rpc.RpcClient (RpcClient.java:createBucket(674)) - Creating Bucket: volume30173/bucket92287, with bucket layout FILE_SYSTEM_OPTIMIZED, runner as owner, Versioning false, Storage Type set to DISK and Encryption set to false 
2022-08-20 07:53:13,398 [IPC Server handler 4 on default port 35463] INFO  bucket.OMBucketCreateRequest (OMBucketCreateRequest.java:validateAndUpdateCache(260)) - created bucket: bucket92287 of layout FILE_SYSTEM_OPTIMIZED in volume: volume30173
07:53:13.401 [IPC Server handler 6 on default port 35463] ERROR OMAudit - user=runner | ip=127.0.0.1 | op=READ_BUCKET {volume=volume-58993, bucket=bucket3} | ret=FAILURE
org.apache.hadoop.ozone.om.exceptions.OMException: Volume not found when getting bucket info
	at org.apache.hadoop.ozone.om.BucketManagerImpl.getBucketInfo(BucketManagerImpl.java:127) ~[ozone-manager-1.3.0-SNAPSHOT.jar:?]
	at org.apache.hadoop.ozone.om.OzoneManager.getBucketInfo(OzoneManager.java:2780) ~[ozone-manager-1.3.0-SNAPSHOT.jar:?]
	at org.apache.hadoop.ozone.protocolPB.OzoneManagerRequestHandler.infoBucket(OzoneManagerRequestHandler.java:475) ~[ozone-manager-1.3.0-SNAPSHOT.jar:?]
	at org.apache.hadoop.ozone.protocolPB.OzoneManagerRequestHandler.handleReadRequest(OzoneManagerRequestHandler.java:178) ~[ozone-manager-1.3.0-SNAPSHOT.jar:?]
	at org.apache.hadoop.ozone.protocolPB.OzoneManagerProtocolServerSideTranslatorPB.submitRequestDirectlyToOM(OzoneManagerProtocolServerSideTranslatorPB.java:276) ~[ozone-manager-1.3.0-SNAPSHOT.jar:?]
	at org.apache.hadoop.ozone.protocolPB.OzoneManagerProtocolServerSideTranslatorPB.processRequest(OzoneManagerProtocolServerSideTranslatorPB.java:205) ~[ozone-manager-1.3.0-SNAPSHOT.jar:?]
	at org.apache.hadoop.hdds.server.OzoneProtocolMessageDispatcher.processRequest(OzoneProtocolMessageDispatcher.java:87) [hdds-server-framework-1.3.0-SNAPSHOT.jar:?]
	at org.apache.hadoop.ozone.protocolPB.OzoneManagerProtocolServerSideTranslatorPB.submitRequest(OzoneManagerProtocolServerSideTranslatorPB.java:147) [ozone-manager-1.3.0-SNAPSHOT.jar:?]
	at org.apache.hadoop.ozone.protocol.proto.OzoneManagerProtocolProtos$OzoneManagerService$2.callBlockingMethod(OzoneManagerProtocolProtos.java) [ozone-interface-client-1.3.0-SNAPSHOT.jar:?]
	at org.apache.hadoop.ipc.ProtobufRpcEngine$Server.processCall(ProtobufRpcEngine.java:466) [hadoop-common-3.3.1.jar:?]
	at org.apache.hadoop.ipc.ProtobufRpcEngine2$Server$ProtoBufRpcInvoker.call(ProtobufRpcEngine2.java:574) [hadoop-common-3.3.1.jar:?]
	at org.apache.hadoop.ipc.ProtobufRpcEngine2$Server$ProtoBufRpcInvoker.call(ProtobufRpcEngine2.java:552) [hadoop-common-3.3.1.jar:?]
	at org.apache.hadoop.ipc.RPC$Server.call(RPC.java:1093) [hadoop-common-3.3.1.jar:?]
	at org.apache.hadoop.ipc.Server$RpcCall.run(Server.java:1035) [hadoop-common-3.3.1.jar:?]
	at org.apache.hadoop.ipc.Server$RpcCall.run(Server.java:963) [hadoop-common-3.3.1.jar:?]
	at java.security.AccessController.doPrivileged(Native Method) ~[?:1.8.0_332]
	at javax.security.auth.Subject.doAs(Subject.java:422) [?:1.8.0_332]
	at org.apache.hadoop.security.UserGroupInformation.doAs(UserGroupInformation.java:1878) [hadoop-common-3.3.1.jar:?]
	at org.apache.hadoop.ipc.Server$Handler.run(Server.java:2966) [hadoop-common-3.3.1.jar:?]
2022-08-20 07:53:13,401 [Time-limited test] INFO  rpc.RpcClient (RpcClient.java:createVolume(471)) - Creating Volume: volume-58993, with runner as owner and space quota set to -1 bytes, counts quota set to -1
2022-08-20 07:53:13,402 [IPC Server handler 8 on default port 35463] INFO  volume.OMVolumeCreateRequest (OMVolumeCreateRequest.java:validateAndUpdateCache(195)) - created volume:volume-58993 for user:runner
2022-08-20 07:53:13,403 [Time-limited test] INFO  rpc.RpcClient (RpcClient.java:createBucket(674)) - Creating Bucket: volume-58993/bucket3, with bucket layout FILE_SYSTEM_OPTIMIZED, runner as owner, Versioning false, Storage Type set to DISK and Encryption set to false 
2022-08-20 07:53:13,403 [IPC Server handler 10 on default port 35463] INFO  bucket.OMBucketCreateRequest (OMBucketCreateRequest.java:validateAndUpdateCache(260)) - created bucket: bucket3 of layout FILE_SYSTEM_OPTIMIZED in volume: volume-58993
07:53:13.405 [IPC Server handler 13 on default port 35463] ERROR OMAudit - user=runner | ip=127.0.0.1 | op=DELETE_VOLUME {volume=volume-58993} | ret=FAILURE
org.apache.hadoop.ozone.om.exceptions.OMException: null
	at org.apache.hadoop.ozone.om.request.volume.OMVolumeDeleteRequest.validateAndUpdateCache(OMVolumeDeleteRequest.java:122) ~[ozone-manager-1.3.0-SNAPSHOT.jar:?]
	at org.apache.hadoop.ozone.protocolPB.OzoneManagerRequestHandler.handleWriteRequest(OzoneManagerRequestHandler.java:304) ~[ozone-manager-1.3.0-SNAPSHOT.jar:?]
	at org.apache.hadoop.ozone.protocolPB.OzoneManagerProtocolServerSideTranslatorPB.submitRequestDirectlyToOM(OzoneManagerProtocolServerSideTranslatorPB.java:282) ~[ozone-manager-1.3.0-SNAPSHOT.jar:?]
	at org.apache.hadoop.ozone.protocolPB.OzoneManagerProtocolServerSideTranslatorPB.processRequest(OzoneManagerProtocolServerSideTranslatorPB.java:205) ~[ozone-manager-1.3.0-SNAPSHOT.jar:?]
	at org.apache.hadoop.hdds.server.OzoneProtocolMessageDispatcher.processRequest(OzoneProtocolMessageDispatcher.java:87) [hdds-server-framework-1.3.0-SNAPSHOT.jar:?]
	at org.apache.hadoop.ozone.protocolPB.OzoneManagerProtocolServerSideTranslatorPB.submitRequest(OzoneManagerProtocolServerSideTranslatorPB.java:147) [ozone-manager-1.3.0-SNAPSHOT.jar:?]
	at org.apache.hadoop.ozone.protocol.proto.OzoneManagerProtocolProtos$OzoneManagerService$2.callBlockingMethod(OzoneManagerProtocolProtos.java) [ozone-interface-client-1.3.0-SNAPSHOT.jar:?]
	at org.apache.hadoop.ipc.ProtobufRpcEngine$Server.processCall(ProtobufRpcEngine.java:466) [hadoop-common-3.3.1.jar:?]
	at org.apache.hadoop.ipc.ProtobufRpcEngine2$Server$ProtoBufRpcInvoker.call(ProtobufRpcEngine2.java:574) [hadoop-common-3.3.1.jar:?]
	at org.apache.hadoop.ipc.ProtobufRpcEngine2$Server$ProtoBufRpcInvoker.call(ProtobufRpcEngine2.java:552) [hadoop-common-3.3.1.jar:?]
	at org.apache.hadoop.ipc.RPC$Server.call(RPC.java:1093) [hadoop-common-3.3.1.jar:?]
	at org.apache.hadoop.ipc.Server$RpcCall.run(Server.java:1035) [hadoop-common-3.3.1.jar:?]
	at org.apache.hadoop.ipc.Server$RpcCall.run(Server.java:963) [hadoop-common-3.3.1.jar:?]
	at java.security.AccessController.doPrivileged(Native Method) ~[?:1.8.0_332]
	at javax.security.auth.Subject.doAs(Subject.java:422) [?:1.8.0_332]
	at org.apache.hadoop.security.UserGroupInformation.doAs(UserGroupInformation.java:1878) [hadoop-common-3.3.1.jar:?]
	at org.apache.hadoop.ipc.Server$Handler.run(Server.java:2966) [hadoop-common-3.3.1.jar:?]
2022-08-20 07:53:13,405 [IPC Server handler 13 on default port 35463] ERROR volume.OMVolumeDeleteRequest (OMVolumeDeleteRequest.java:validateAndUpdateCache(170)) - Volume deletion failed for user:runner volume:volume-58993
VOLUME_NOT_EMPTY org.apache.hadoop.ozone.om.exceptions.OMException
	at org.apache.hadoop.ozone.om.request.volume.OMVolumeDeleteRequest.validateAndUpdateCache(OMVolumeDeleteRequest.java:122)
	at org.apache.hadoop.ozone.protocolPB.OzoneManagerRequestHandler.handleWriteRequest(OzoneManagerRequestHandler.java:304)
	at org.apache.hadoop.ozone.protocolPB.OzoneManagerProtocolServerSideTranslatorPB.submitRequestDirectlyToOM(OzoneManagerProtocolServerSideTranslatorPB.java:282)
	at org.apache.hadoop.ozone.protocolPB.OzoneManagerProtocolServerSideTranslatorPB.processRequest(OzoneManagerProtocolServerSideTranslatorPB.java:205)
	at org.apache.hadoop.hdds.server.OzoneProtocolMessageDispatcher.processRequest(OzoneProtocolMessageDispatcher.java:87)
	at org.apache.hadoop.ozone.protocolPB.OzoneManagerProtocolServerSideTranslatorPB.submitRequest(OzoneManagerProtocolServerSideTranslatorPB.java:147)
	at org.apache.hadoop.ozone.protocol.proto.OzoneManagerProtocolProtos$OzoneManagerService$2.callBlockingMethod(OzoneManagerProtocolProtos.java)
	at org.apache.hadoop.ipc.ProtobufRpcEngine$Server.processCall(ProtobufRpcEngine.java:466)
	at org.apache.hadoop.ipc.ProtobufRpcEngine2$Server$ProtoBufRpcInvoker.call(ProtobufRpcEngine2.java:574)
	at org.apache.hadoop.ipc.ProtobufRpcEngine2$Server$ProtoBufRpcInvoker.call(ProtobufRpcEngine2.java:552)
	at org.apache.hadoop.ipc.RPC$Server.call(RPC.java:1093)
	at org.apache.hadoop.ipc.Server$RpcCall.run(Server.java:1035)
	at org.apache.hadoop.ipc.Server$RpcCall.run(Server.java:963)
	at java.security.AccessController.doPrivileged(Native Method)
	at javax.security.auth.Subject.doAs(Subject.java:422)
	at org.apache.hadoop.security.UserGroupInformation.doAs(UserGroupInformation.java:1878)
	at org.apache.hadoop.ipc.Server$Handler.run(Server.java:2966)
07:53:13.415 [IPC Server handler 4 on default port 35463] ERROR OMAudit - user=runner | ip=127.0.0.1 | op=READ_VOLUME {volume=volume-58993} | ret=FAILURE
org.apache.hadoop.ozone.om.exceptions.OMException: Volume volume-58993 is not found
	at org.apache.hadoop.ozone.om.VolumeManagerImpl.getVolumeInfo(VolumeManagerImpl.java:74) ~[ozone-manager-1.3.0-SNAPSHOT.jar:?]
	at org.apache.hadoop.ozone.om.OzoneManager.getVolumeInfo(OzoneManager.java:2604) ~[ozone-manager-1.3.0-SNAPSHOT.jar:?]
	at org.apache.hadoop.ozone.protocolPB.OzoneManagerRequestHandler.infoVolume(OzoneManagerRequestHandler.java:401) ~[ozone-manager-1.3.0-SNAPSHOT.jar:?]
	at org.apache.hadoop.ozone.protocolPB.OzoneManagerRequestHandler.handleReadRequest(OzoneManagerRequestHandler.java:168) ~[ozone-manager-1.3.0-SNAPSHOT.jar:?]
	at org.apache.hadoop.ozone.protocolPB.OzoneManagerProtocolServerSideTranslatorPB.submitRequestDirectlyToOM(OzoneManagerProtocolServerSideTranslatorPB.java:276) ~[ozone-manager-1.3.0-SNAPSHOT.jar:?]
	at org.apache.hadoop.ozone.protocolPB.OzoneManagerProtocolServerSideTranslatorPB.processRequest(OzoneManagerProtocolServerSideTranslatorPB.java:205) ~[ozone-manager-1.3.0-SNAPSHOT.jar:?]
	at org.apache.hadoop.hdds.server.OzoneProtocolMessageDispatcher.processRequest(OzoneProtocolMessageDispatcher.java:87) [hdds-server-framework-1.3.0-SNAPSHOT.jar:?]
	at org.apache.hadoop.ozone.protocolPB.OzoneManagerProtocolServerSideTranslatorPB.submitRequest(OzoneManagerProtocolServerSideTranslatorPB.java:147) [ozone-manager-1.3.0-SNAPSHOT.jar:?]
	at org.apache.hadoop.ozone.protocol.proto.OzoneManagerProtocolProtos$OzoneManagerService$2.callBlockingMethod(OzoneManagerProtocolProtos.java) [ozone-interface-client-1.3.0-SNAPSHOT.jar:?]
	at org.apache.hadoop.ipc.ProtobufRpcEngine$Server.processCall(ProtobufRpcEngine.java:466) [hadoop-common-3.3.1.jar:?]
	at org.apache.hadoop.ipc.ProtobufRpcEngine2$Server$ProtoBufRpcInvoker.call(ProtobufRpcEngine2.java:574) [hadoop-common-3.3.1.jar:?]
	at org.apache.hadoop.ipc.ProtobufRpcEngine2$Server$ProtoBufRpcInvoker.call(ProtobufRpcEngine2.java:552) [hadoop-common-3.3.1.jar:?]
	at org.apache.hadoop.ipc.RPC$Server.call(RPC.java:1093) [hadoop-common-3.3.1.jar:?]
	at org.apache.hadoop.ipc.Server$RpcCall.run(Server.java:1035) [hadoop-common-3.3.1.jar:?]
	at org.apache.hadoop.ipc.Server$RpcCall.run(Server.java:963) [hadoop-common-3.3.1.jar:?]
	at java.security.AccessController.doPrivileged(Native Method) ~[?:1.8.0_332]
	at javax.security.auth.Subject.doAs(Subject.java:422) [?:1.8.0_332]
	at org.apache.hadoop.security.UserGroupInformation.doAs(UserGroupInformation.java:1878) [hadoop-common-3.3.1.jar:?]
	at org.apache.hadoop.ipc.Server$Handler.run(Server.java:2966) [hadoop-common-3.3.1.jar:?]
07:53:13.416 [IPC Server handler 3 on default port 35463] ERROR OMAudit - user=runner | ip=127.0.0.1 | op=READ_BUCKET {volume=volume-58993, bucket=bucket3} | ret=FAILURE
org.apache.hadoop.ozone.om.exceptions.OMException: Volume not found when getting bucket info
	at org.apache.hadoop.ozone.om.BucketManagerImpl.getBucketInfo(BucketManagerImpl.java:127) ~[ozone-manager-1.3.0-SNAPSHOT.jar:?]
	at org.apache.hadoop.ozone.om.OzoneManager.getBucketInfo(OzoneManager.java:2780) ~[ozone-manager-1.3.0-SNAPSHOT.jar:?]
	at org.apache.hadoop.ozone.protocolPB.OzoneManagerRequestHandler.infoBucket(OzoneManagerRequestHandler.java:475) ~[ozone-manager-1.3.0-SNAPSHOT.jar:?]
	at org.apache.hadoop.ozone.protocolPB.OzoneManagerRequestHandler.handleReadRequest(OzoneManagerRequestHandler.java:178) ~[ozone-manager-1.3.0-SNAPSHOT.jar:?]
	at org.apache.hadoop.ozone.protocolPB.OzoneManagerProtocolServerSideTranslatorPB.submitRequestDirectlyToOM(OzoneManagerProtocolServerSideTranslatorPB.java:276) ~[ozone-manager-1.3.0-SNAPSHOT.jar:?]
	at org.apache.hadoop.ozone.protocolPB.OzoneManagerProtocolServerSideTranslatorPB.processRequest(OzoneManagerProtocolServerSideTranslatorPB.java:205) ~[ozone-manager-1.3.0-SNAPSHOT.jar:?]
	at org.apache.hadoop.hdds.server.OzoneProtocolMessageDispatcher.processRequest(OzoneProtocolMessageDispatcher.java:87) [hdds-server-framework-1.3.0-SNAPSHOT.jar:?]
	at org.apache.hadoop.ozone.protocolPB.OzoneManagerProtocolServerSideTranslatorPB.submitRequest(OzoneManagerProtocolServerSideTranslatorPB.java:147) [ozone-manager-1.3.0-SNAPSHOT.jar:?]
	at org.apache.hadoop.ozone.protocol.proto.OzoneManagerProtocolProtos$OzoneManagerService$2.callBlockingMethod(OzoneManagerProtocolProtos.java) [ozone-interface-client-1.3.0-SNAPSHOT.jar:?]
	at org.apache.hadoop.ipc.ProtobufRpcEngine$Server.processCall(ProtobufRpcEngine.java:466) [hadoop-common-3.3.1.jar:?]
	at org.apache.hadoop.ipc.ProtobufRpcEngine2$Server$ProtoBufRpcInvoker.call(ProtobufRpcEngine2.java:574) [hadoop-common-3.3.1.jar:?]
	at org.apache.hadoop.ipc.ProtobufRpcEngine2$Server$ProtoBufRpcInvoker.call(ProtobufRpcEngine2.java:552) [hadoop-common-3.3.1.jar:?]
	at org.apache.hadoop.ipc.RPC$Server.call(RPC.java:1093) [hadoop-common-3.3.1.jar:?]
	at org.apache.hadoop.ipc.Server$RpcCall.run(Server.java:1035) [hadoop-common-3.3.1.jar:?]
	at org.apache.hadoop.ipc.Server$RpcCall.run(Server.java:963) [hadoop-common-3.3.1.jar:?]
	at java.security.AccessController.doPrivileged(Native Method) ~[?:1.8.0_332]
	at javax.security.auth.Subject.doAs(Subject.java:422) [?:1.8.0_332]
	at org.apache.hadoop.security.UserGroupInformation.doAs(UserGroupInformation.java:1878) [hadoop-common-3.3.1.jar:?]
	at org.apache.hadoop.ipc.Server$Handler.run(Server.java:2966) [hadoop-common-3.3.1.jar:?]
2022-08-20 07:53:13,416 [Time-limited test] INFO  rpc.RpcClient (RpcClient.java:createVolume(471)) - Creating Volume: volume-58993, with runner as owner and space quota set to -1 bytes, counts quota set to -1
2022-08-20 07:53:13,417 [IPC Server handler 5 on default port 35463] INFO  volume.OMVolumeCreateRequest (OMVolumeCreateRequest.java:validateAndUpdateCache(195)) - created volume:volume-58993 for user:runner
2022-08-20 07:53:13,417 [Time-limited test] INFO  rpc.RpcClient (RpcClient.java:createBucket(674)) - Creating Bucket: volume-58993/bucket3, with bucket layout FILE_SYSTEM_OPTIMIZED, runner as owner, Versioning false, Storage Type set to DISK and Encryption set to false 
2022-08-20 07:53:13,418 [IPC Server handler 8 on default port 35463] INFO  bucket.OMBucketCreateRequest (OMBucketCreateRequest.java:validateAndUpdateCache(260)) - created bucket: bucket3 of layout FILE_SYSTEM_OPTIMIZED in volume: volume-58993
07:53:13.439 [IPC Server handler 10 on default port 35463] ERROR OMAudit - user=runner | ip=127.0.0.1 | op=READ_VOLUME {volume=volume-58993} | ret=FAILURE
org.apache.hadoop.ozone.om.exceptions.OMException: Volume volume-58993 is not found
	at org.apache.hadoop.ozone.om.VolumeManagerImpl.getVolumeInfo(VolumeManagerImpl.java:74) ~[ozone-manager-1.3.0-SNAPSHOT.jar:?]
	at org.apache.hadoop.ozone.om.OzoneManager.getVolumeInfo(OzoneManager.java:2604) ~[ozone-manager-1.3.0-SNAPSHOT.jar:?]
	at org.apache.hadoop.ozone.protocolPB.OzoneManagerRequestHandler.infoVolume(OzoneManagerRequestHandler.java:401) ~[ozone-manager-1.3.0-SNAPSHOT.jar:?]
	at org.apache.hadoop.ozone.protocolPB.OzoneManagerRequestHandler.handleReadRequest(OzoneManagerRequestHandler.java:168) ~[ozone-manager-1.3.0-SNAPSHOT.jar:?]
	at org.apache.hadoop.ozone.protocolPB.OzoneManagerProtocolServerSideTranslatorPB.submitRequestDirectlyToOM(OzoneManagerProtocolServerSideTranslatorPB.java:276) ~[ozone-manager-1.3.0-SNAPSHOT.jar:?]
	at org.apache.hadoop.ozone.protocolPB.OzoneManagerProtocolServerSideTranslatorPB.processRequest(OzoneManagerProtocolServerSideTranslatorPB.java:205) ~[ozone-manager-1.3.0-SNAPSHOT.jar:?]
	at org.apache.hadoop.hdds.server.OzoneProtocolMessageDispatcher.processRequest(OzoneProtocolMessageDispatcher.java:87) [hdds-server-framework-1.3.0-SNAPSHOT.jar:?]
	at org.apache.hadoop.ozone.protocolPB.OzoneManagerProtocolServerSideTranslatorPB.submitRequest(OzoneManagerProtocolServerSideTranslatorPB.java:147) [ozone-manager-1.3.0-SNAPSHOT.jar:?]
	at org.apache.hadoop.ozone.protocol.proto.OzoneManagerProtocolProtos$OzoneManagerService$2.callBlockingMethod(OzoneManagerProtocolProtos.java) [ozone-interface-client-1.3.0-SNAPSHOT.jar:?]
	at org.apache.hadoop.ipc.ProtobufRpcEngine$Server.processCall(ProtobufRpcEngine.java:466) [hadoop-common-3.3.1.jar:?]
	at org.apache.hadoop.ipc.ProtobufRpcEngine2$Server$ProtoBufRpcInvoker.call(ProtobufRpcEngine2.java:574) [hadoop-common-3.3.1.jar:?]
	at org.apache.hadoop.ipc.ProtobufRpcEngine2$Server$ProtoBufRpcInvoker.call(ProtobufRpcEngine2.java:552) [hadoop-common-3.3.1.jar:?]
	at org.apache.hadoop.ipc.RPC$Server.call(RPC.java:1093) [hadoop-common-3.3.1.jar:?]
	at org.apache.hadoop.ipc.Server$RpcCall.run(Server.java:1035) [hadoop-common-3.3.1.jar:?]
	at org.apache.hadoop.ipc.Server$RpcCall.run(Server.java:963) [hadoop-common-3.3.1.jar:?]
	at java.security.AccessController.doPrivileged(Native Method) ~[?:1.8.0_332]
	at javax.security.auth.Subject.doAs(Subject.java:422) [?:1.8.0_332]
	at org.apache.hadoop.security.UserGroupInformation.doAs(UserGroupInformation.java:1878) [hadoop-common-3.3.1.jar:?]
	at org.apache.hadoop.ipc.Server$Handler.run(Server.java:2966) [hadoop-common-3.3.1.jar:?]
]]></system-out>
  </testcase>
  <testcase name="testRenameToParentDir" classname="TestRootedOzoneFileSystemWithFSO" time="0.073">
    <system-out><![CDATA[2022-08-20 07:52:03,035 [Time-limited test] INFO  rpc.RpcClient (RpcClient.java:createVolume(471)) - Creating Volume: volume36385, with user01641 as owner and space quota set to -1 bytes, counts quota set to -1
2022-08-20 07:52:03,038 [OM StateMachine ApplyTransaction Thread - 0] INFO  volume.OMVolumeCreateRequest (OMVolumeCreateRequest.java:validateAndUpdateCache(195)) - created volume:volume36385 for user:user01641
2022-08-20 07:52:03,043 [Time-limited test] INFO  rpc.RpcClient (RpcClient.java:createBucket(674)) - Creating Bucket: volume36385/bucket90922, with bucket layout FILE_SYSTEM_OPTIMIZED, runner as owner, Versioning false, Storage Type set to DISK and Encryption set to false 
2022-08-20 07:52:03,047 [OM StateMachine ApplyTransaction Thread - 0] INFO  bucket.OMBucketCreateRequest (OMBucketCreateRequest.java:validateAndUpdateCache(260)) - created bucket: bucket90922 of layout FILE_SYSTEM_OPTIMIZED in volume: volume36385
07:52:03.063 [IPC Server handler 2 on default port 40219] ERROR OMAudit - user=runner | ip=127.0.0.1 | op=GET_FILE_STATUS {volume=volume36385, bucket=bucket90922, key=root_dir/dir1/file2, dataSize=0, replicationConfig=null} | ret=FAILURE
org.apache.hadoop.ozone.om.exceptions.OMException: Unable to get file status: volume: volume36385 bucket: bucket90922 key: root_dir/dir1/file2
	at org.apache.hadoop.ozone.om.KeyManagerImpl.getOzoneFileStatusFSO(KeyManagerImpl.java:1376) ~[ozone-manager-1.3.0-SNAPSHOT.jar:?]
	at org.apache.hadoop.ozone.om.KeyManagerImpl.getFileStatus(KeyManagerImpl.java:1239) ~[ozone-manager-1.3.0-SNAPSHOT.jar:?]
	at org.apache.hadoop.ozone.om.OzoneManager.getFileStatus(OzoneManager.java:3469) ~[ozone-manager-1.3.0-SNAPSHOT.jar:?]
	at org.apache.hadoop.ozone.protocolPB.OzoneManagerRequestHandler.getOzoneFileStatus(OzoneManagerRequestHandler.java:882) ~[ozone-manager-1.3.0-SNAPSHOT.jar:?]
	at org.apache.hadoop.ozone.protocolPB.OzoneManagerRequestHandler.handleReadRequest(OzoneManagerRequestHandler.java:228) ~[ozone-manager-1.3.0-SNAPSHOT.jar:?]
	at org.apache.hadoop.ozone.protocolPB.OzoneManagerProtocolServerSideTranslatorPB.submitReadRequestToOM(OzoneManagerProtocolServerSideTranslatorPB.java:226) ~[ozone-manager-1.3.0-SNAPSHOT.jar:?]
	at org.apache.hadoop.ozone.protocolPB.OzoneManagerProtocolServerSideTranslatorPB.processRequest(OzoneManagerProtocolServerSideTranslatorPB.java:175) ~[ozone-manager-1.3.0-SNAPSHOT.jar:?]
	at org.apache.hadoop.hdds.server.OzoneProtocolMessageDispatcher.processRequest(OzoneProtocolMessageDispatcher.java:87) [hdds-server-framework-1.3.0-SNAPSHOT.jar:?]
	at org.apache.hadoop.ozone.protocolPB.OzoneManagerProtocolServerSideTranslatorPB.submitRequest(OzoneManagerProtocolServerSideTranslatorPB.java:147) [ozone-manager-1.3.0-SNAPSHOT.jar:?]
	at org.apache.hadoop.ozone.protocol.proto.OzoneManagerProtocolProtos$OzoneManagerService$2.callBlockingMethod(OzoneManagerProtocolProtos.java) [ozone-interface-client-1.3.0-SNAPSHOT.jar:?]
	at org.apache.hadoop.ipc.ProtobufRpcEngine$Server.processCall(ProtobufRpcEngine.java:466) [hadoop-common-3.3.1.jar:?]
	at org.apache.hadoop.ipc.ProtobufRpcEngine2$Server$ProtoBufRpcInvoker.call(ProtobufRpcEngine2.java:574) [hadoop-common-3.3.1.jar:?]
	at org.apache.hadoop.ipc.ProtobufRpcEngine2$Server$ProtoBufRpcInvoker.call(ProtobufRpcEngine2.java:552) [hadoop-common-3.3.1.jar:?]
	at org.apache.hadoop.ipc.RPC$Server.call(RPC.java:1093) [hadoop-common-3.3.1.jar:?]
	at org.apache.hadoop.ipc.Server$RpcCall.run(Server.java:1035) [hadoop-common-3.3.1.jar:?]
	at org.apache.hadoop.ipc.Server$RpcCall.run(Server.java:963) [hadoop-common-3.3.1.jar:?]
	at java.security.AccessController.doPrivileged(Native Method) ~[?:1.8.0_332]
	at javax.security.auth.Subject.doAs(Subject.java:422) [?:1.8.0_332]
	at org.apache.hadoop.security.UserGroupInformation.doAs(UserGroupInformation.java:1878) [hadoop-common-3.3.1.jar:?]
	at org.apache.hadoop.ipc.Server$Handler.run(Server.java:2966) [hadoop-common-3.3.1.jar:?]
2022-08-20 07:52:03,064 [Time-limited test] WARN  ozone.BasicRootedOzoneFileSystem (BasicRootedOzoneFileSystem.java:delete(576)) - delete: Path does not exist: /volume36385/bucket90922/root_dir/dir1/file2
07:52:03.065 [IPC Server handler 13 on default port 40219] ERROR OMAudit - user=runner | ip=127.0.0.1 | op=GET_FILE_STATUS {volume=volume36385, bucket=bucket90922, key=root_dir/dir1/dir2, dataSize=0, replicationConfig=null} | ret=FAILURE
org.apache.hadoop.ozone.om.exceptions.OMException: Unable to get file status: volume: volume36385 bucket: bucket90922 key: root_dir/dir1/dir2
	at org.apache.hadoop.ozone.om.KeyManagerImpl.getOzoneFileStatusFSO(KeyManagerImpl.java:1376) ~[ozone-manager-1.3.0-SNAPSHOT.jar:?]
	at org.apache.hadoop.ozone.om.KeyManagerImpl.getFileStatus(KeyManagerImpl.java:1239) ~[ozone-manager-1.3.0-SNAPSHOT.jar:?]
	at org.apache.hadoop.ozone.om.OzoneManager.getFileStatus(OzoneManager.java:3469) ~[ozone-manager-1.3.0-SNAPSHOT.jar:?]
	at org.apache.hadoop.ozone.protocolPB.OzoneManagerRequestHandler.getOzoneFileStatus(OzoneManagerRequestHandler.java:882) ~[ozone-manager-1.3.0-SNAPSHOT.jar:?]
	at org.apache.hadoop.ozone.protocolPB.OzoneManagerRequestHandler.handleReadRequest(OzoneManagerRequestHandler.java:228) ~[ozone-manager-1.3.0-SNAPSHOT.jar:?]
	at org.apache.hadoop.ozone.protocolPB.OzoneManagerProtocolServerSideTranslatorPB.submitReadRequestToOM(OzoneManagerProtocolServerSideTranslatorPB.java:226) ~[ozone-manager-1.3.0-SNAPSHOT.jar:?]
	at org.apache.hadoop.ozone.protocolPB.OzoneManagerProtocolServerSideTranslatorPB.processRequest(OzoneManagerProtocolServerSideTranslatorPB.java:175) ~[ozone-manager-1.3.0-SNAPSHOT.jar:?]
	at org.apache.hadoop.hdds.server.OzoneProtocolMessageDispatcher.processRequest(OzoneProtocolMessageDispatcher.java:87) [hdds-server-framework-1.3.0-SNAPSHOT.jar:?]
	at org.apache.hadoop.ozone.protocolPB.OzoneManagerProtocolServerSideTranslatorPB.submitRequest(OzoneManagerProtocolServerSideTranslatorPB.java:147) [ozone-manager-1.3.0-SNAPSHOT.jar:?]
	at org.apache.hadoop.ozone.protocol.proto.OzoneManagerProtocolProtos$OzoneManagerService$2.callBlockingMethod(OzoneManagerProtocolProtos.java) [ozone-interface-client-1.3.0-SNAPSHOT.jar:?]
	at org.apache.hadoop.ipc.ProtobufRpcEngine$Server.processCall(ProtobufRpcEngine.java:466) [hadoop-common-3.3.1.jar:?]
	at org.apache.hadoop.ipc.ProtobufRpcEngine2$Server$ProtoBufRpcInvoker.call(ProtobufRpcEngine2.java:574) [hadoop-common-3.3.1.jar:?]
	at org.apache.hadoop.ipc.ProtobufRpcEngine2$Server$ProtoBufRpcInvoker.call(ProtobufRpcEngine2.java:552) [hadoop-common-3.3.1.jar:?]
	at org.apache.hadoop.ipc.RPC$Server.call(RPC.java:1093) [hadoop-common-3.3.1.jar:?]
	at org.apache.hadoop.ipc.Server$RpcCall.run(Server.java:1035) [hadoop-common-3.3.1.jar:?]
	at org.apache.hadoop.ipc.Server$RpcCall.run(Server.java:963) [hadoop-common-3.3.1.jar:?]
	at java.security.AccessController.doPrivileged(Native Method) ~[?:1.8.0_332]
	at javax.security.auth.Subject.doAs(Subject.java:422) [?:1.8.0_332]
	at org.apache.hadoop.security.UserGroupInformation.doAs(UserGroupInformation.java:1878) [hadoop-common-3.3.1.jar:?]
	at org.apache.hadoop.ipc.Server$Handler.run(Server.java:2966) [hadoop-common-3.3.1.jar:?]
2022-08-20 07:52:03,065 [Time-limited test] WARN  ozone.BasicRootedOzoneFileSystem (BasicRootedOzoneFileSystem.java:delete(576)) - delete: Path does not exist: /volume36385/bucket90922/root_dir/dir1/dir2
]]></system-out>
  </testcase>
  <testcase name="testRenameToParentDir" classname="TestRootedOzoneFileSystemWithFSO" time="0.101">
    <system-out><![CDATA[2022-08-20 07:53:13,519 [Time-limited test] INFO  rpc.RpcClient (RpcClient.java:createVolume(471)) - Creating Volume: volume53754, with user72511 as owner and space quota set to -1 bytes, counts quota set to -1
2022-08-20 07:53:13,520 [IPC Server handler 9 on default port 35463] INFO  volume.OMVolumeCreateRequest (OMVolumeCreateRequest.java:validateAndUpdateCache(195)) - created volume:volume53754 for user:user72511
2022-08-20 07:53:13,522 [Time-limited test] INFO  rpc.RpcClient (RpcClient.java:createBucket(674)) - Creating Bucket: volume53754/bucket62123, with bucket layout FILE_SYSTEM_OPTIMIZED, runner as owner, Versioning false, Storage Type set to DISK and Encryption set to false 
2022-08-20 07:53:13,523 [IPC Server handler 11 on default port 35463] INFO  bucket.OMBucketCreateRequest (OMBucketCreateRequest.java:validateAndUpdateCache(260)) - created bucket: bucket62123 of layout FILE_SYSTEM_OPTIMIZED in volume: volume53754
07:53:13.531 [IPC Server handler 6 on default port 35463] ERROR OMAudit - user=runner | ip=127.0.0.1 | op=GET_FILE_STATUS {volume=volume53754, bucket=bucket62123, key=root_dir/dir1/file2, dataSize=0, replicationConfig=null} | ret=FAILURE
org.apache.hadoop.ozone.om.exceptions.OMException: Unable to get file status: volume: volume53754 bucket: bucket62123 key: root_dir/dir1/file2
	at org.apache.hadoop.ozone.om.KeyManagerImpl.getOzoneFileStatusFSO(KeyManagerImpl.java:1376) ~[ozone-manager-1.3.0-SNAPSHOT.jar:?]
	at org.apache.hadoop.ozone.om.KeyManagerImpl.getFileStatus(KeyManagerImpl.java:1239) ~[ozone-manager-1.3.0-SNAPSHOT.jar:?]
	at org.apache.hadoop.ozone.om.OzoneManager.getFileStatus(OzoneManager.java:3469) ~[ozone-manager-1.3.0-SNAPSHOT.jar:?]
	at org.apache.hadoop.ozone.protocolPB.OzoneManagerRequestHandler.getOzoneFileStatus(OzoneManagerRequestHandler.java:882) ~[ozone-manager-1.3.0-SNAPSHOT.jar:?]
	at org.apache.hadoop.ozone.protocolPB.OzoneManagerRequestHandler.handleReadRequest(OzoneManagerRequestHandler.java:228) ~[ozone-manager-1.3.0-SNAPSHOT.jar:?]
	at org.apache.hadoop.ozone.protocolPB.OzoneManagerProtocolServerSideTranslatorPB.submitRequestDirectlyToOM(OzoneManagerProtocolServerSideTranslatorPB.java:276) ~[ozone-manager-1.3.0-SNAPSHOT.jar:?]
	at org.apache.hadoop.ozone.protocolPB.OzoneManagerProtocolServerSideTranslatorPB.processRequest(OzoneManagerProtocolServerSideTranslatorPB.java:205) ~[ozone-manager-1.3.0-SNAPSHOT.jar:?]
	at org.apache.hadoop.hdds.server.OzoneProtocolMessageDispatcher.processRequest(OzoneProtocolMessageDispatcher.java:87) [hdds-server-framework-1.3.0-SNAPSHOT.jar:?]
	at org.apache.hadoop.ozone.protocolPB.OzoneManagerProtocolServerSideTranslatorPB.submitRequest(OzoneManagerProtocolServerSideTranslatorPB.java:147) [ozone-manager-1.3.0-SNAPSHOT.jar:?]
	at org.apache.hadoop.ozone.protocol.proto.OzoneManagerProtocolProtos$OzoneManagerService$2.callBlockingMethod(OzoneManagerProtocolProtos.java) [ozone-interface-client-1.3.0-SNAPSHOT.jar:?]
	at org.apache.hadoop.ipc.ProtobufRpcEngine$Server.processCall(ProtobufRpcEngine.java:466) [hadoop-common-3.3.1.jar:?]
	at org.apache.hadoop.ipc.ProtobufRpcEngine2$Server$ProtoBufRpcInvoker.call(ProtobufRpcEngine2.java:574) [hadoop-common-3.3.1.jar:?]
	at org.apache.hadoop.ipc.ProtobufRpcEngine2$Server$ProtoBufRpcInvoker.call(ProtobufRpcEngine2.java:552) [hadoop-common-3.3.1.jar:?]
	at org.apache.hadoop.ipc.RPC$Server.call(RPC.java:1093) [hadoop-common-3.3.1.jar:?]
	at org.apache.hadoop.ipc.Server$RpcCall.run(Server.java:1035) [hadoop-common-3.3.1.jar:?]
	at org.apache.hadoop.ipc.Server$RpcCall.run(Server.java:963) [hadoop-common-3.3.1.jar:?]
	at java.security.AccessController.doPrivileged(Native Method) ~[?:1.8.0_332]
	at javax.security.auth.Subject.doAs(Subject.java:422) [?:1.8.0_332]
	at org.apache.hadoop.security.UserGroupInformation.doAs(UserGroupInformation.java:1878) [hadoop-common-3.3.1.jar:?]
	at org.apache.hadoop.ipc.Server$Handler.run(Server.java:2966) [hadoop-common-3.3.1.jar:?]
2022-08-20 07:53:13,531 [Time-limited test] WARN  ozone.BasicRootedOzoneFileSystem (BasicRootedOzoneFileSystem.java:delete(576)) - delete: Path does not exist: /volume53754/bucket62123/root_dir/dir1/file2
07:53:13.532 [IPC Server handler 9 on default port 35463] ERROR OMAudit - user=runner | ip=127.0.0.1 | op=GET_FILE_STATUS {volume=volume53754, bucket=bucket62123, key=root_dir/dir1/dir2, dataSize=0, replicationConfig=null} | ret=FAILURE
org.apache.hadoop.ozone.om.exceptions.OMException: Unable to get file status: volume: volume53754 bucket: bucket62123 key: root_dir/dir1/dir2
	at org.apache.hadoop.ozone.om.KeyManagerImpl.getOzoneFileStatusFSO(KeyManagerImpl.java:1376) ~[ozone-manager-1.3.0-SNAPSHOT.jar:?]
	at org.apache.hadoop.ozone.om.KeyManagerImpl.getFileStatus(KeyManagerImpl.java:1239) ~[ozone-manager-1.3.0-SNAPSHOT.jar:?]
	at org.apache.hadoop.ozone.om.OzoneManager.getFileStatus(OzoneManager.java:3469) ~[ozone-manager-1.3.0-SNAPSHOT.jar:?]
	at org.apache.hadoop.ozone.protocolPB.OzoneManagerRequestHandler.getOzoneFileStatus(OzoneManagerRequestHandler.java:882) ~[ozone-manager-1.3.0-SNAPSHOT.jar:?]
	at org.apache.hadoop.ozone.protocolPB.OzoneManagerRequestHandler.handleReadRequest(OzoneManagerRequestHandler.java:228) ~[ozone-manager-1.3.0-SNAPSHOT.jar:?]
	at org.apache.hadoop.ozone.protocolPB.OzoneManagerProtocolServerSideTranslatorPB.submitRequestDirectlyToOM(OzoneManagerProtocolServerSideTranslatorPB.java:276) ~[ozone-manager-1.3.0-SNAPSHOT.jar:?]
	at org.apache.hadoop.ozone.protocolPB.OzoneManagerProtocolServerSideTranslatorPB.processRequest(OzoneManagerProtocolServerSideTranslatorPB.java:205) ~[ozone-manager-1.3.0-SNAPSHOT.jar:?]
	at org.apache.hadoop.hdds.server.OzoneProtocolMessageDispatcher.processRequest(OzoneProtocolMessageDispatcher.java:87) [hdds-server-framework-1.3.0-SNAPSHOT.jar:?]
	at org.apache.hadoop.ozone.protocolPB.OzoneManagerProtocolServerSideTranslatorPB.submitRequest(OzoneManagerProtocolServerSideTranslatorPB.java:147) [ozone-manager-1.3.0-SNAPSHOT.jar:?]
	at org.apache.hadoop.ozone.protocol.proto.OzoneManagerProtocolProtos$OzoneManagerService$2.callBlockingMethod(OzoneManagerProtocolProtos.java) [ozone-interface-client-1.3.0-SNAPSHOT.jar:?]
	at org.apache.hadoop.ipc.ProtobufRpcEngine$Server.processCall(ProtobufRpcEngine.java:466) [hadoop-common-3.3.1.jar:?]
	at org.apache.hadoop.ipc.ProtobufRpcEngine2$Server$ProtoBufRpcInvoker.call(ProtobufRpcEngine2.java:574) [hadoop-common-3.3.1.jar:?]
	at org.apache.hadoop.ipc.ProtobufRpcEngine2$Server$ProtoBufRpcInvoker.call(ProtobufRpcEngine2.java:552) [hadoop-common-3.3.1.jar:?]
	at org.apache.hadoop.ipc.RPC$Server.call(RPC.java:1093) [hadoop-common-3.3.1.jar:?]
	at org.apache.hadoop.ipc.Server$RpcCall.run(Server.java:1035) [hadoop-common-3.3.1.jar:?]
	at org.apache.hadoop.ipc.Server$RpcCall.run(Server.java:963) [hadoop-common-3.3.1.jar:?]
	at java.security.AccessController.doPrivileged(Native Method) ~[?:1.8.0_332]
	at javax.security.auth.Subject.doAs(Subject.java:422) [?:1.8.0_332]
	at org.apache.hadoop.security.UserGroupInformation.doAs(UserGroupInformation.java:1878) [hadoop-common-3.3.1.jar:?]
	at org.apache.hadoop.ipc.Server$Handler.run(Server.java:2966) [hadoop-common-3.3.1.jar:?]
2022-08-20 07:53:13,533 [Time-limited test] WARN  ozone.BasicRootedOzoneFileSystem (BasicRootedOzoneFileSystem.java:delete(576)) - delete: Path does not exist: /volume53754/bucket62123/root_dir/dir1/dir2
]]></system-out>
  </testcase>
  <testcase name="testMkdirNonExistentVolumeBucket" classname="TestRootedOzoneFileSystemWithFSO" time="0.061">
    <system-out><![CDATA[2022-08-20 07:52:03,111 [Time-limited test] INFO  rpc.RpcClient (RpcClient.java:createVolume(471)) - Creating Volume: volume60702, with user39297 as owner and space quota set to -1 bytes, counts quota set to -1
2022-08-20 07:52:03,115 [OM StateMachine ApplyTransaction Thread - 0] INFO  volume.OMVolumeCreateRequest (OMVolumeCreateRequest.java:validateAndUpdateCache(195)) - created volume:volume60702 for user:user39297
2022-08-20 07:52:03,117 [Time-limited test] INFO  rpc.RpcClient (RpcClient.java:createBucket(674)) - Creating Bucket: volume60702/bucket42277, with bucket layout FILE_SYSTEM_OPTIMIZED, runner as owner, Versioning false, Storage Type set to DISK and Encryption set to false 
2022-08-20 07:52:03,119 [OM StateMachine ApplyTransaction Thread - 0] INFO  bucket.OMBucketCreateRequest (OMBucketCreateRequest.java:validateAndUpdateCache(260)) - created bucket: bucket42277 of layout FILE_SYSTEM_OPTIMIZED in volume: volume60702
07:52:03.121 [IPC Server handler 12 on default port 40219] ERROR OMAudit - user=runner | ip=127.0.0.1 | op=READ_BUCKET {volume=volume-24823, bucket=bucket-70148} | ret=FAILURE
org.apache.hadoop.ozone.om.exceptions.OMException: Volume not found when getting bucket info
	at org.apache.hadoop.ozone.om.BucketManagerImpl.getBucketInfo(BucketManagerImpl.java:127) ~[ozone-manager-1.3.0-SNAPSHOT.jar:?]
	at org.apache.hadoop.ozone.om.OzoneManager.getBucketInfo(OzoneManager.java:2780) ~[ozone-manager-1.3.0-SNAPSHOT.jar:?]
	at org.apache.hadoop.ozone.protocolPB.OzoneManagerRequestHandler.infoBucket(OzoneManagerRequestHandler.java:475) ~[ozone-manager-1.3.0-SNAPSHOT.jar:?]
	at org.apache.hadoop.ozone.protocolPB.OzoneManagerRequestHandler.handleReadRequest(OzoneManagerRequestHandler.java:178) ~[ozone-manager-1.3.0-SNAPSHOT.jar:?]
	at org.apache.hadoop.ozone.protocolPB.OzoneManagerProtocolServerSideTranslatorPB.submitReadRequestToOM(OzoneManagerProtocolServerSideTranslatorPB.java:226) ~[ozone-manager-1.3.0-SNAPSHOT.jar:?]
	at org.apache.hadoop.ozone.protocolPB.OzoneManagerProtocolServerSideTranslatorPB.processRequest(OzoneManagerProtocolServerSideTranslatorPB.java:175) ~[ozone-manager-1.3.0-SNAPSHOT.jar:?]
	at org.apache.hadoop.hdds.server.OzoneProtocolMessageDispatcher.processRequest(OzoneProtocolMessageDispatcher.java:87) [hdds-server-framework-1.3.0-SNAPSHOT.jar:?]
	at org.apache.hadoop.ozone.protocolPB.OzoneManagerProtocolServerSideTranslatorPB.submitRequest(OzoneManagerProtocolServerSideTranslatorPB.java:147) [ozone-manager-1.3.0-SNAPSHOT.jar:?]
	at org.apache.hadoop.ozone.protocol.proto.OzoneManagerProtocolProtos$OzoneManagerService$2.callBlockingMethod(OzoneManagerProtocolProtos.java) [ozone-interface-client-1.3.0-SNAPSHOT.jar:?]
	at org.apache.hadoop.ipc.ProtobufRpcEngine$Server.processCall(ProtobufRpcEngine.java:466) [hadoop-common-3.3.1.jar:?]
	at org.apache.hadoop.ipc.ProtobufRpcEngine2$Server$ProtoBufRpcInvoker.call(ProtobufRpcEngine2.java:574) [hadoop-common-3.3.1.jar:?]
	at org.apache.hadoop.ipc.ProtobufRpcEngine2$Server$ProtoBufRpcInvoker.call(ProtobufRpcEngine2.java:552) [hadoop-common-3.3.1.jar:?]
	at org.apache.hadoop.ipc.RPC$Server.call(RPC.java:1093) [hadoop-common-3.3.1.jar:?]
	at org.apache.hadoop.ipc.Server$RpcCall.run(Server.java:1035) [hadoop-common-3.3.1.jar:?]
	at org.apache.hadoop.ipc.Server$RpcCall.run(Server.java:963) [hadoop-common-3.3.1.jar:?]
	at java.security.AccessController.doPrivileged(Native Method) ~[?:1.8.0_332]
	at javax.security.auth.Subject.doAs(Subject.java:422) [?:1.8.0_332]
	at org.apache.hadoop.security.UserGroupInformation.doAs(UserGroupInformation.java:1878) [hadoop-common-3.3.1.jar:?]
	at org.apache.hadoop.ipc.Server$Handler.run(Server.java:2966) [hadoop-common-3.3.1.jar:?]
2022-08-20 07:52:03,122 [Time-limited test] INFO  rpc.RpcClient (RpcClient.java:createVolume(471)) - Creating Volume: volume-24823, with runner as owner and space quota set to -1 bytes, counts quota set to -1
2022-08-20 07:52:03,123 [OM StateMachine ApplyTransaction Thread - 0] INFO  volume.OMVolumeCreateRequest (OMVolumeCreateRequest.java:validateAndUpdateCache(195)) - created volume:volume-24823 for user:runner
2022-08-20 07:52:03,124 [Time-limited test] INFO  rpc.RpcClient (RpcClient.java:createBucket(674)) - Creating Bucket: volume-24823/bucket-70148, with bucket layout FILE_SYSTEM_OPTIMIZED, runner as owner, Versioning false, Storage Type set to DISK and Encryption set to false 
2022-08-20 07:52:03,126 [OM StateMachine ApplyTransaction Thread - 0] INFO  bucket.OMBucketCreateRequest (OMBucketCreateRequest.java:validateAndUpdateCache(260)) - created bucket: bucket-70148 of layout FILE_SYSTEM_OPTIMIZED in volume: volume-24823
]]></system-out>
  </testcase>
  <testcase name="testMkdirNonExistentVolumeBucket" classname="TestRootedOzoneFileSystemWithFSO" time="0.082">
    <system-out><![CDATA[2022-08-20 07:53:13,550 [UnderReplicatedQueueThreadThread] INFO  replication.UnderReplicatedProcessor (UnderReplicatedProcessor.java:processAll(85)) - Processed 0 under replicated containers, failed processing 0
2022-08-20 07:53:13,556 [OverReplicatedQueueThreadThread] INFO  replication.OverReplicatedProcessor (OverReplicatedProcessor.java:processAll(83)) - Processed 0 over replicated containers, failed processing 0
2022-08-20 07:53:13,592 [Time-limited test] INFO  rpc.RpcClient (RpcClient.java:createVolume(471)) - Creating Volume: volume53876, with user48451 as owner and space quota set to -1 bytes, counts quota set to -1
2022-08-20 07:53:13,595 [IPC Server handler 7 on default port 35463] INFO  volume.OMVolumeCreateRequest (OMVolumeCreateRequest.java:validateAndUpdateCache(195)) - created volume:volume53876 for user:user48451
2022-08-20 07:53:13,598 [Time-limited test] INFO  rpc.RpcClient (RpcClient.java:createBucket(674)) - Creating Bucket: volume53876/bucket63789, with bucket layout FILE_SYSTEM_OPTIMIZED, runner as owner, Versioning false, Storage Type set to DISK and Encryption set to false 
2022-08-20 07:53:13,598 [IPC Server handler 14 on default port 35463] INFO  bucket.OMBucketCreateRequest (OMBucketCreateRequest.java:validateAndUpdateCache(260)) - created bucket: bucket63789 of layout FILE_SYSTEM_OPTIMIZED in volume: volume53876
07:53:13.605 [IPC Server handler 16 on default port 35463] ERROR OMAudit - user=runner | ip=127.0.0.1 | op=READ_BUCKET {volume=volume-61175, bucket=bucket-93331} | ret=FAILURE
org.apache.hadoop.ozone.om.exceptions.OMException: Volume not found when getting bucket info
	at org.apache.hadoop.ozone.om.BucketManagerImpl.getBucketInfo(BucketManagerImpl.java:127) ~[ozone-manager-1.3.0-SNAPSHOT.jar:?]
	at org.apache.hadoop.ozone.om.OzoneManager.getBucketInfo(OzoneManager.java:2780) ~[ozone-manager-1.3.0-SNAPSHOT.jar:?]
	at org.apache.hadoop.ozone.protocolPB.OzoneManagerRequestHandler.infoBucket(OzoneManagerRequestHandler.java:475) ~[ozone-manager-1.3.0-SNAPSHOT.jar:?]
	at org.apache.hadoop.ozone.protocolPB.OzoneManagerRequestHandler.handleReadRequest(OzoneManagerRequestHandler.java:178) ~[ozone-manager-1.3.0-SNAPSHOT.jar:?]
	at org.apache.hadoop.ozone.protocolPB.OzoneManagerProtocolServerSideTranslatorPB.submitRequestDirectlyToOM(OzoneManagerProtocolServerSideTranslatorPB.java:276) ~[ozone-manager-1.3.0-SNAPSHOT.jar:?]
	at org.apache.hadoop.ozone.protocolPB.OzoneManagerProtocolServerSideTranslatorPB.processRequest(OzoneManagerProtocolServerSideTranslatorPB.java:205) ~[ozone-manager-1.3.0-SNAPSHOT.jar:?]
	at org.apache.hadoop.hdds.server.OzoneProtocolMessageDispatcher.processRequest(OzoneProtocolMessageDispatcher.java:87) [hdds-server-framework-1.3.0-SNAPSHOT.jar:?]
	at org.apache.hadoop.ozone.protocolPB.OzoneManagerProtocolServerSideTranslatorPB.submitRequest(OzoneManagerProtocolServerSideTranslatorPB.java:147) [ozone-manager-1.3.0-SNAPSHOT.jar:?]
	at org.apache.hadoop.ozone.protocol.proto.OzoneManagerProtocolProtos$OzoneManagerService$2.callBlockingMethod(OzoneManagerProtocolProtos.java) [ozone-interface-client-1.3.0-SNAPSHOT.jar:?]
	at org.apache.hadoop.ipc.ProtobufRpcEngine$Server.processCall(ProtobufRpcEngine.java:466) [hadoop-common-3.3.1.jar:?]
	at org.apache.hadoop.ipc.ProtobufRpcEngine2$Server$ProtoBufRpcInvoker.call(ProtobufRpcEngine2.java:574) [hadoop-common-3.3.1.jar:?]
	at org.apache.hadoop.ipc.ProtobufRpcEngine2$Server$ProtoBufRpcInvoker.call(ProtobufRpcEngine2.java:552) [hadoop-common-3.3.1.jar:?]
	at org.apache.hadoop.ipc.RPC$Server.call(RPC.java:1093) [hadoop-common-3.3.1.jar:?]
	at org.apache.hadoop.ipc.Server$RpcCall.run(Server.java:1035) [hadoop-common-3.3.1.jar:?]
	at org.apache.hadoop.ipc.Server$RpcCall.run(Server.java:963) [hadoop-common-3.3.1.jar:?]
	at java.security.AccessController.doPrivileged(Native Method) ~[?:1.8.0_332]
	at javax.security.auth.Subject.doAs(Subject.java:422) [?:1.8.0_332]
	at org.apache.hadoop.security.UserGroupInformation.doAs(UserGroupInformation.java:1878) [hadoop-common-3.3.1.jar:?]
	at org.apache.hadoop.ipc.Server$Handler.run(Server.java:2966) [hadoop-common-3.3.1.jar:?]
2022-08-20 07:53:13,606 [Time-limited test] INFO  rpc.RpcClient (RpcClient.java:createVolume(471)) - Creating Volume: volume-61175, with runner as owner and space quota set to -1 bytes, counts quota set to -1
2022-08-20 07:53:13,606 [IPC Server handler 17 on default port 35463] INFO  volume.OMVolumeCreateRequest (OMVolumeCreateRequest.java:validateAndUpdateCache(195)) - created volume:volume-61175 for user:runner
2022-08-20 07:53:13,607 [Time-limited test] INFO  rpc.RpcClient (RpcClient.java:createBucket(674)) - Creating Bucket: volume-61175/bucket-93331, with bucket layout FILE_SYSTEM_OPTIMIZED, runner as owner, Versioning false, Storage Type set to DISK and Encryption set to false 
2022-08-20 07:53:13,607 [IPC Server handler 1 on default port 35463] INFO  bucket.OMBucketCreateRequest (OMBucketCreateRequest.java:validateAndUpdateCache(260)) - created bucket: bucket-93331 of layout FILE_SYSTEM_OPTIMIZED in volume: volume-61175
]]></system-out>
  </testcase>
  <testcase name="testFailToDeleteRoot" classname="TestRootedOzoneFileSystemWithFSO" time="0.058">
    <system-out><![CDATA[2022-08-20 07:52:03,180 [Time-limited test] INFO  rpc.RpcClient (RpcClient.java:createVolume(471)) - Creating Volume: volume70977, with user67156 as owner and space quota set to -1 bytes, counts quota set to -1
2022-08-20 07:52:03,183 [OM StateMachine ApplyTransaction Thread - 0] INFO  volume.OMVolumeCreateRequest (OMVolumeCreateRequest.java:validateAndUpdateCache(195)) - created volume:volume70977 for user:user67156
2022-08-20 07:52:03,185 [Time-limited test] INFO  rpc.RpcClient (RpcClient.java:createBucket(674)) - Creating Bucket: volume70977/bucket24085, with bucket layout FILE_SYSTEM_OPTIMIZED, runner as owner, Versioning false, Storage Type set to DISK and Encryption set to false 
2022-08-20 07:52:03,186 [OM StateMachine ApplyTransaction Thread - 0] INFO  bucket.OMBucketCreateRequest (OMBucketCreateRequest.java:validateAndUpdateCache(260)) - created bucket: bucket24085 of layout FILE_SYSTEM_OPTIMIZED in volume: volume70977
2022-08-20 07:52:03,187 [Time-limited test] WARN  ozone.BasicRootedOzoneFileSystem (BasicRootedOzoneFileSystem.java:delete(595)) - delete: OFS does not support rm root. To wipe the cluster, please re-init OM instead.
2022-08-20 07:52:03,187 [Time-limited test] WARN  ozone.BasicRootedOzoneFileSystem (BasicRootedOzoneFileSystem.java:delete(595)) - delete: OFS does not support rm root. To wipe the cluster, please re-init OM instead.
]]></system-out>
  </testcase>
  <testcase name="testFailToDeleteRoot" classname="TestRootedOzoneFileSystemWithFSO" time="0.094">
    <system-out><![CDATA[2022-08-20 07:53:13,708 [Time-limited test] INFO  rpc.RpcClient (RpcClient.java:createVolume(471)) - Creating Volume: volume92870, with user64962 as owner and space quota set to -1 bytes, counts quota set to -1
2022-08-20 07:53:13,711 [IPC Server handler 3 on default port 35463] INFO  volume.OMVolumeCreateRequest (OMVolumeCreateRequest.java:validateAndUpdateCache(195)) - created volume:volume92870 for user:user64962
2022-08-20 07:53:13,712 [Time-limited test] INFO  rpc.RpcClient (RpcClient.java:createBucket(674)) - Creating Bucket: volume92870/bucket50332, with bucket layout FILE_SYSTEM_OPTIMIZED, runner as owner, Versioning false, Storage Type set to DISK and Encryption set to false 
2022-08-20 07:53:13,713 [IPC Server handler 6 on default port 35463] INFO  bucket.OMBucketCreateRequest (OMBucketCreateRequest.java:validateAndUpdateCache(260)) - created bucket: bucket50332 of layout FILE_SYSTEM_OPTIMIZED in volume: volume92870
2022-08-20 07:53:13,714 [Time-limited test] WARN  ozone.BasicRootedOzoneFileSystem (BasicRootedOzoneFileSystem.java:delete(595)) - delete: OFS does not support rm root. To wipe the cluster, please re-init OM instead.
2022-08-20 07:53:13,714 [Time-limited test] WARN  ozone.BasicRootedOzoneFileSystem (BasicRootedOzoneFileSystem.java:delete(595)) - delete: OFS does not support rm root. To wipe the cluster, please re-init OM instead.
]]></system-out>
  </testcase>
  <testcase name="testListStatusOnSubDirs" classname="TestRootedOzoneFileSystemWithFSO" time="0.076">
    <system-out><![CDATA[2022-08-20 07:52:03,234 [Time-limited test] INFO  rpc.RpcClient (RpcClient.java:createVolume(471)) - Creating Volume: volume60968, with user40849 as owner and space quota set to -1 bytes, counts quota set to -1
2022-08-20 07:52:03,236 [OM StateMachine ApplyTransaction Thread - 0] INFO  volume.OMVolumeCreateRequest (OMVolumeCreateRequest.java:validateAndUpdateCache(195)) - created volume:volume60968 for user:user40849
2022-08-20 07:52:03,238 [Time-limited test] INFO  rpc.RpcClient (RpcClient.java:createBucket(674)) - Creating Bucket: volume60968/bucket89937, with bucket layout FILE_SYSTEM_OPTIMIZED, runner as owner, Versioning false, Storage Type set to DISK and Encryption set to false 
2022-08-20 07:52:03,239 [OM StateMachine ApplyTransaction Thread - 0] INFO  bucket.OMBucketCreateRequest (OMBucketCreateRequest.java:validateAndUpdateCache(260)) - created bucket: bucket89937 of layout FILE_SYSTEM_OPTIMIZED in volume: volume60968
]]></system-out>
  </testcase>
  <testcase name="testListStatusOnSubDirs" classname="TestRootedOzoneFileSystemWithFSO" time="0.069">
    <system-out><![CDATA[2022-08-20 07:53:13,769 [Time-limited test] INFO  rpc.RpcClient (RpcClient.java:createVolume(471)) - Creating Volume: volume23941, with user48287 as owner and space quota set to -1 bytes, counts quota set to -1
2022-08-20 07:53:13,771 [IPC Server handler 6 on default port 35463] INFO  volume.OMVolumeCreateRequest (OMVolumeCreateRequest.java:validateAndUpdateCache(195)) - created volume:volume23941 for user:user48287
2022-08-20 07:53:13,774 [Time-limited test] INFO  rpc.RpcClient (RpcClient.java:createBucket(674)) - Creating Bucket: volume23941/bucket58995, with bucket layout FILE_SYSTEM_OPTIMIZED, runner as owner, Versioning false, Storage Type set to DISK and Encryption set to false 
2022-08-20 07:53:13,775 [IPC Server handler 9 on default port 35463] INFO  bucket.OMBucketCreateRequest (OMBucketCreateRequest.java:validateAndUpdateCache(260)) - created bucket: bucket58995 of layout FILE_SYSTEM_OPTIMIZED in volume: volume23941
]]></system-out>
  </testcase>
  <testcase name="testListStatus" classname="TestRootedOzoneFileSystemWithFSO" time="0.076">
    <system-out><![CDATA[2022-08-20 07:52:03,303 [Time-limited test] INFO  rpc.RpcClient (RpcClient.java:createVolume(471)) - Creating Volume: volume87240, with user12615 as owner and space quota set to -1 bytes, counts quota set to -1
2022-08-20 07:52:03,308 [OM StateMachine ApplyTransaction Thread - 0] INFO  volume.OMVolumeCreateRequest (OMVolumeCreateRequest.java:validateAndUpdateCache(195)) - created volume:volume87240 for user:user12615
2022-08-20 07:52:03,312 [Time-limited test] INFO  rpc.RpcClient (RpcClient.java:createBucket(674)) - Creating Bucket: volume87240/bucket85810, with bucket layout FILE_SYSTEM_OPTIMIZED, runner as owner, Versioning false, Storage Type set to DISK and Encryption set to false 
2022-08-20 07:52:03,313 [OM StateMachine ApplyTransaction Thread - 0] INFO  bucket.OMBucketCreateRequest (OMBucketCreateRequest.java:validateAndUpdateCache(260)) - created bucket: bucket85810 of layout FILE_SYSTEM_OPTIMIZED in volume: volume87240
]]></system-out>
  </testcase>
  <testcase name="testListStatus" classname="TestRootedOzoneFileSystemWithFSO" time="0.083">
    <system-out><![CDATA[2022-08-20 07:53:13,847 [Time-limited test] INFO  rpc.RpcClient (RpcClient.java:createVolume(471)) - Creating Volume: volume85215, with user85157 as owner and space quota set to -1 bytes, counts quota set to -1
2022-08-20 07:53:13,847 [IPC Server handler 10 on default port 35463] INFO  volume.OMVolumeCreateRequest (OMVolumeCreateRequest.java:validateAndUpdateCache(195)) - created volume:volume85215 for user:user85157
2022-08-20 07:53:13,848 [Time-limited test] INFO  rpc.RpcClient (RpcClient.java:createBucket(674)) - Creating Bucket: volume85215/bucket66568, with bucket layout FILE_SYSTEM_OPTIMIZED, runner as owner, Versioning false, Storage Type set to DISK and Encryption set to false 
2022-08-20 07:53:13,849 [IPC Server handler 12 on default port 35463] INFO  bucket.OMBucketCreateRequest (OMBucketCreateRequest.java:validateAndUpdateCache(260)) - created bucket: bucket66568 of layout FILE_SYSTEM_OPTIMIZED in volume: volume85215
]]></system-out>
  </testcase>
  <testcase name="testGetTrashRoots" classname="TestRootedOzoneFileSystemWithFSO" time="0.536">
    <system-out><![CDATA[2022-08-20 07:52:03,383 [Time-limited test] INFO  rpc.RpcClient (RpcClient.java:createVolume(471)) - Creating Volume: volume31772, with user63506 as owner and space quota set to -1 bytes, counts quota set to -1
2022-08-20 07:52:03,385 [OM StateMachine ApplyTransaction Thread - 0] INFO  volume.OMVolumeCreateRequest (OMVolumeCreateRequest.java:validateAndUpdateCache(195)) - created volume:volume31772 for user:user63506
2022-08-20 07:52:03,387 [Time-limited test] INFO  rpc.RpcClient (RpcClient.java:createBucket(674)) - Creating Bucket: volume31772/bucket59135, with bucket layout FILE_SYSTEM_OPTIMIZED, runner as owner, Versioning false, Storage Type set to DISK and Encryption set to false 
2022-08-20 07:52:03,388 [OM StateMachine ApplyTransaction Thread - 0] INFO  bucket.OMBucketCreateRequest (OMBucketCreateRequest.java:validateAndUpdateCache(260)) - created bucket: bucket59135 of layout FILE_SYSTEM_OPTIMIZED in volume: volume31772
07:52:03.401 [IPC Server handler 2 on default port 40219] ERROR OMAudit - user=runner | ip=127.0.0.1 | op=GET_FILE_STATUS {volume=volume31772, bucket=bucket59135, key=.Trash/runner, dataSize=0, replicationConfig=null} | ret=FAILURE
org.apache.hadoop.ozone.om.exceptions.OMException: Unable to get file status: volume: volume31772 bucket: bucket59135 key: .Trash/runner
	at org.apache.hadoop.ozone.om.KeyManagerImpl.getOzoneFileStatusFSO(KeyManagerImpl.java:1376) ~[ozone-manager-1.3.0-SNAPSHOT.jar:?]
	at org.apache.hadoop.ozone.om.KeyManagerImpl.getFileStatus(KeyManagerImpl.java:1239) ~[ozone-manager-1.3.0-SNAPSHOT.jar:?]
	at org.apache.hadoop.ozone.om.OzoneManager.getFileStatus(OzoneManager.java:3469) ~[ozone-manager-1.3.0-SNAPSHOT.jar:?]
	at org.apache.hadoop.ozone.protocolPB.OzoneManagerRequestHandler.getOzoneFileStatus(OzoneManagerRequestHandler.java:882) ~[ozone-manager-1.3.0-SNAPSHOT.jar:?]
	at org.apache.hadoop.ozone.protocolPB.OzoneManagerRequestHandler.handleReadRequest(OzoneManagerRequestHandler.java:228) ~[ozone-manager-1.3.0-SNAPSHOT.jar:?]
	at org.apache.hadoop.ozone.protocolPB.OzoneManagerProtocolServerSideTranslatorPB.submitReadRequestToOM(OzoneManagerProtocolServerSideTranslatorPB.java:226) ~[ozone-manager-1.3.0-SNAPSHOT.jar:?]
	at org.apache.hadoop.ozone.protocolPB.OzoneManagerProtocolServerSideTranslatorPB.processRequest(OzoneManagerProtocolServerSideTranslatorPB.java:175) ~[ozone-manager-1.3.0-SNAPSHOT.jar:?]
	at org.apache.hadoop.hdds.server.OzoneProtocolMessageDispatcher.processRequest(OzoneProtocolMessageDispatcher.java:87) [hdds-server-framework-1.3.0-SNAPSHOT.jar:?]
	at org.apache.hadoop.ozone.protocolPB.OzoneManagerProtocolServerSideTranslatorPB.submitRequest(OzoneManagerProtocolServerSideTranslatorPB.java:147) [ozone-manager-1.3.0-SNAPSHOT.jar:?]
	at org.apache.hadoop.ozone.protocol.proto.OzoneManagerProtocolProtos$OzoneManagerService$2.callBlockingMethod(OzoneManagerProtocolProtos.java) [ozone-interface-client-1.3.0-SNAPSHOT.jar:?]
	at org.apache.hadoop.ipc.ProtobufRpcEngine$Server.processCall(ProtobufRpcEngine.java:466) [hadoop-common-3.3.1.jar:?]
	at org.apache.hadoop.ipc.ProtobufRpcEngine2$Server$ProtoBufRpcInvoker.call(ProtobufRpcEngine2.java:574) [hadoop-common-3.3.1.jar:?]
	at org.apache.hadoop.ipc.ProtobufRpcEngine2$Server$ProtoBufRpcInvoker.call(ProtobufRpcEngine2.java:552) [hadoop-common-3.3.1.jar:?]
	at org.apache.hadoop.ipc.RPC$Server.call(RPC.java:1093) [hadoop-common-3.3.1.jar:?]
	at org.apache.hadoop.ipc.Server$RpcCall.run(Server.java:1035) [hadoop-common-3.3.1.jar:?]
	at org.apache.hadoop.ipc.Server$RpcCall.run(Server.java:963) [hadoop-common-3.3.1.jar:?]
	at java.security.AccessController.doPrivileged(Native Method) ~[?:1.8.0_332]
	at javax.security.auth.Subject.doAs(Subject.java:422) [?:1.8.0_332]
	at org.apache.hadoop.security.UserGroupInformation.doAs(UserGroupInformation.java:1878) [hadoop-common-3.3.1.jar:?]
	at org.apache.hadoop.ipc.Server$Handler.run(Server.java:2966) [hadoop-common-3.3.1.jar:?]
07:52:03.407 [IPC Server handler 7 on default port 40219] ERROR OMAudit - user=runner | ip=127.0.0.1 | op=GET_FILE_STATUS {volume=3832c80f-6451-4ee0-9ee8-b4213d87e43e, bucket=8fd45491-8dd2-4482-b938-c18d236f8d06, key=.Trash, dataSize=0, replicationConfig=null} | ret=FAILURE
org.apache.hadoop.ozone.om.exceptions.OMException: Unable to get file status: volume: 3832c80f-6451-4ee0-9ee8-b4213d87e43e bucket: 8fd45491-8dd2-4482-b938-c18d236f8d06 key: .Trash
	at org.apache.hadoop.ozone.om.KeyManagerImpl.getOzoneFileStatus(KeyManagerImpl.java:1311) ~[ozone-manager-1.3.0-SNAPSHOT.jar:?]
	at org.apache.hadoop.ozone.om.KeyManagerImpl.getFileStatus(KeyManagerImpl.java:1241) ~[ozone-manager-1.3.0-SNAPSHOT.jar:?]
	at org.apache.hadoop.ozone.om.OzoneManager.getFileStatus(OzoneManager.java:3469) ~[ozone-manager-1.3.0-SNAPSHOT.jar:?]
	at org.apache.hadoop.ozone.protocolPB.OzoneManagerRequestHandler.getOzoneFileStatus(OzoneManagerRequestHandler.java:882) ~[ozone-manager-1.3.0-SNAPSHOT.jar:?]
	at org.apache.hadoop.ozone.protocolPB.OzoneManagerRequestHandler.handleReadRequest(OzoneManagerRequestHandler.java:228) ~[ozone-manager-1.3.0-SNAPSHOT.jar:?]
	at org.apache.hadoop.ozone.protocolPB.OzoneManagerProtocolServerSideTranslatorPB.submitReadRequestToOM(OzoneManagerProtocolServerSideTranslatorPB.java:226) ~[ozone-manager-1.3.0-SNAPSHOT.jar:?]
	at org.apache.hadoop.ozone.protocolPB.OzoneManagerProtocolServerSideTranslatorPB.processRequest(OzoneManagerProtocolServerSideTranslatorPB.java:175) ~[ozone-manager-1.3.0-SNAPSHOT.jar:?]
	at org.apache.hadoop.hdds.server.OzoneProtocolMessageDispatcher.processRequest(OzoneProtocolMessageDispatcher.java:87) [hdds-server-framework-1.3.0-SNAPSHOT.jar:?]
	at org.apache.hadoop.ozone.protocolPB.OzoneManagerProtocolServerSideTranslatorPB.submitRequest(OzoneManagerProtocolServerSideTranslatorPB.java:147) [ozone-manager-1.3.0-SNAPSHOT.jar:?]
	at org.apache.hadoop.ozone.protocol.proto.OzoneManagerProtocolProtos$OzoneManagerService$2.callBlockingMethod(OzoneManagerProtocolProtos.java) [ozone-interface-client-1.3.0-SNAPSHOT.jar:?]
	at org.apache.hadoop.ipc.ProtobufRpcEngine$Server.processCall(ProtobufRpcEngine.java:466) [hadoop-common-3.3.1.jar:?]
	at org.apache.hadoop.ipc.ProtobufRpcEngine2$Server$ProtoBufRpcInvoker.call(ProtobufRpcEngine2.java:574) [hadoop-common-3.3.1.jar:?]
	at org.apache.hadoop.ipc.ProtobufRpcEngine2$Server$ProtoBufRpcInvoker.call(ProtobufRpcEngine2.java:552) [hadoop-common-3.3.1.jar:?]
	at org.apache.hadoop.ipc.RPC$Server.call(RPC.java:1093) [hadoop-common-3.3.1.jar:?]
	at org.apache.hadoop.ipc.Server$RpcCall.run(Server.java:1035) [hadoop-common-3.3.1.jar:?]
	at org.apache.hadoop.ipc.Server$RpcCall.run(Server.java:963) [hadoop-common-3.3.1.jar:?]
	at java.security.AccessController.doPrivileged(Native Method) ~[?:1.8.0_332]
	at javax.security.auth.Subject.doAs(Subject.java:422) [?:1.8.0_332]
	at org.apache.hadoop.security.UserGroupInformation.doAs(UserGroupInformation.java:1878) [hadoop-common-3.3.1.jar:?]
	at org.apache.hadoop.ipc.Server$Handler.run(Server.java:2966) [hadoop-common-3.3.1.jar:?]
07:52:03.410 [IPC Server handler 12 on default port 40219] ERROR OMAudit - user=runner | ip=127.0.0.1 | op=GET_FILE_STATUS {volume=volume31772, bucket=bucket59135, key=.Trash, dataSize=0, replicationConfig=null} | ret=FAILURE
org.apache.hadoop.ozone.om.exceptions.OMException: Unable to get file status: volume: volume31772 bucket: bucket59135 key: .Trash
	at org.apache.hadoop.ozone.om.KeyManagerImpl.getOzoneFileStatusFSO(KeyManagerImpl.java:1376) ~[ozone-manager-1.3.0-SNAPSHOT.jar:?]
	at org.apache.hadoop.ozone.om.KeyManagerImpl.getFileStatus(KeyManagerImpl.java:1239) ~[ozone-manager-1.3.0-SNAPSHOT.jar:?]
	at org.apache.hadoop.ozone.om.OzoneManager.getFileStatus(OzoneManager.java:3469) ~[ozone-manager-1.3.0-SNAPSHOT.jar:?]
	at org.apache.hadoop.ozone.protocolPB.OzoneManagerRequestHandler.getOzoneFileStatus(OzoneManagerRequestHandler.java:882) ~[ozone-manager-1.3.0-SNAPSHOT.jar:?]
	at org.apache.hadoop.ozone.protocolPB.OzoneManagerRequestHandler.handleReadRequest(OzoneManagerRequestHandler.java:228) ~[ozone-manager-1.3.0-SNAPSHOT.jar:?]
	at org.apache.hadoop.ozone.protocolPB.OzoneManagerProtocolServerSideTranslatorPB.submitReadRequestToOM(OzoneManagerProtocolServerSideTranslatorPB.java:226) ~[ozone-manager-1.3.0-SNAPSHOT.jar:?]
	at org.apache.hadoop.ozone.protocolPB.OzoneManagerProtocolServerSideTranslatorPB.processRequest(OzoneManagerProtocolServerSideTranslatorPB.java:175) ~[ozone-manager-1.3.0-SNAPSHOT.jar:?]
	at org.apache.hadoop.hdds.server.OzoneProtocolMessageDispatcher.processRequest(OzoneProtocolMessageDispatcher.java:87) [hdds-server-framework-1.3.0-SNAPSHOT.jar:?]
	at org.apache.hadoop.ozone.protocolPB.OzoneManagerProtocolServerSideTranslatorPB.submitRequest(OzoneManagerProtocolServerSideTranslatorPB.java:147) [ozone-manager-1.3.0-SNAPSHOT.jar:?]
	at org.apache.hadoop.ozone.protocol.proto.OzoneManagerProtocolProtos$OzoneManagerService$2.callBlockingMethod(OzoneManagerProtocolProtos.java) [ozone-interface-client-1.3.0-SNAPSHOT.jar:?]
	at org.apache.hadoop.ipc.ProtobufRpcEngine$Server.processCall(ProtobufRpcEngine.java:466) [hadoop-common-3.3.1.jar:?]
	at org.apache.hadoop.ipc.ProtobufRpcEngine2$Server$ProtoBufRpcInvoker.call(ProtobufRpcEngine2.java:574) [hadoop-common-3.3.1.jar:?]
	at org.apache.hadoop.ipc.ProtobufRpcEngine2$Server$ProtoBufRpcInvoker.call(ProtobufRpcEngine2.java:552) [hadoop-common-3.3.1.jar:?]
	at org.apache.hadoop.ipc.RPC$Server.call(RPC.java:1093) [hadoop-common-3.3.1.jar:?]
	at org.apache.hadoop.ipc.Server$RpcCall.run(Server.java:1035) [hadoop-common-3.3.1.jar:?]
	at org.apache.hadoop.ipc.Server$RpcCall.run(Server.java:963) [hadoop-common-3.3.1.jar:?]
	at java.security.AccessController.doPrivileged(Native Method) ~[?:1.8.0_332]
	at javax.security.auth.Subject.doAs(Subject.java:422) [?:1.8.0_332]
	at org.apache.hadoop.security.UserGroupInformation.doAs(UserGroupInformation.java:1878) [hadoop-common-3.3.1.jar:?]
	at org.apache.hadoop.ipc.Server$Handler.run(Server.java:2966) [hadoop-common-3.3.1.jar:?]
07:52:03.422 [IPC Server handler 17 on default port 40219] ERROR OMAudit - user=runner | ip=127.0.0.1 | op=GET_FILE_STATUS {volume=3832c80f-6451-4ee0-9ee8-b4213d87e43e, bucket=8fd45491-8dd2-4482-b938-c18d236f8d06, key=.Trash, dataSize=0, replicationConfig=null} | ret=FAILURE
org.apache.hadoop.ozone.om.exceptions.OMException: Unable to get file status: volume: 3832c80f-6451-4ee0-9ee8-b4213d87e43e bucket: 8fd45491-8dd2-4482-b938-c18d236f8d06 key: .Trash
	at org.apache.hadoop.ozone.om.KeyManagerImpl.getOzoneFileStatus(KeyManagerImpl.java:1311) ~[ozone-manager-1.3.0-SNAPSHOT.jar:?]
	at org.apache.hadoop.ozone.om.KeyManagerImpl.getFileStatus(KeyManagerImpl.java:1241) ~[ozone-manager-1.3.0-SNAPSHOT.jar:?]
	at org.apache.hadoop.ozone.om.OzoneManager.getFileStatus(OzoneManager.java:3469) ~[ozone-manager-1.3.0-SNAPSHOT.jar:?]
	at org.apache.hadoop.ozone.protocolPB.OzoneManagerRequestHandler.getOzoneFileStatus(OzoneManagerRequestHandler.java:882) ~[ozone-manager-1.3.0-SNAPSHOT.jar:?]
	at org.apache.hadoop.ozone.protocolPB.OzoneManagerRequestHandler.handleReadRequest(OzoneManagerRequestHandler.java:228) ~[ozone-manager-1.3.0-SNAPSHOT.jar:?]
	at org.apache.hadoop.ozone.protocolPB.OzoneManagerProtocolServerSideTranslatorPB.submitReadRequestToOM(OzoneManagerProtocolServerSideTranslatorPB.java:226) ~[ozone-manager-1.3.0-SNAPSHOT.jar:?]
	at org.apache.hadoop.ozone.protocolPB.OzoneManagerProtocolServerSideTranslatorPB.processRequest(OzoneManagerProtocolServerSideTranslatorPB.java:175) ~[ozone-manager-1.3.0-SNAPSHOT.jar:?]
	at org.apache.hadoop.hdds.server.OzoneProtocolMessageDispatcher.processRequest(OzoneProtocolMessageDispatcher.java:87) [hdds-server-framework-1.3.0-SNAPSHOT.jar:?]
	at org.apache.hadoop.ozone.protocolPB.OzoneManagerProtocolServerSideTranslatorPB.submitRequest(OzoneManagerProtocolServerSideTranslatorPB.java:147) [ozone-manager-1.3.0-SNAPSHOT.jar:?]
	at org.apache.hadoop.ozone.protocol.proto.OzoneManagerProtocolProtos$OzoneManagerService$2.callBlockingMethod(OzoneManagerProtocolProtos.java) [ozone-interface-client-1.3.0-SNAPSHOT.jar:?]
	at org.apache.hadoop.ipc.ProtobufRpcEngine$Server.processCall(ProtobufRpcEngine.java:466) [hadoop-common-3.3.1.jar:?]
	at org.apache.hadoop.ipc.ProtobufRpcEngine2$Server$ProtoBufRpcInvoker.call(ProtobufRpcEngine2.java:574) [hadoop-common-3.3.1.jar:?]
	at org.apache.hadoop.ipc.ProtobufRpcEngine2$Server$ProtoBufRpcInvoker.call(ProtobufRpcEngine2.java:552) [hadoop-common-3.3.1.jar:?]
	at org.apache.hadoop.ipc.RPC$Server.call(RPC.java:1093) [hadoop-common-3.3.1.jar:?]
	at org.apache.hadoop.ipc.Server$RpcCall.run(Server.java:1035) [hadoop-common-3.3.1.jar:?]
	at org.apache.hadoop.ipc.Server$RpcCall.run(Server.java:963) [hadoop-common-3.3.1.jar:?]
	at java.security.AccessController.doPrivileged(Native Method) ~[?:1.8.0_332]
	at javax.security.auth.Subject.doAs(Subject.java:422) [?:1.8.0_332]
	at org.apache.hadoop.security.UserGroupInformation.doAs(UserGroupInformation.java:1878) [hadoop-common-3.3.1.jar:?]
	at org.apache.hadoop.ipc.Server$Handler.run(Server.java:2966) [hadoop-common-3.3.1.jar:?]
07:52:03.445 [IPC Server handler 1 on default port 40219] ERROR OMAudit - user=runner | ip=127.0.0.1 | op=GET_FILE_STATUS {volume=3832c80f-6451-4ee0-9ee8-b4213d87e43e, bucket=8fd45491-8dd2-4482-b938-c18d236f8d06, key=.Trash, dataSize=0, replicationConfig=null} | ret=FAILURE
org.apache.hadoop.ozone.om.exceptions.OMException: Unable to get file status: volume: 3832c80f-6451-4ee0-9ee8-b4213d87e43e bucket: 8fd45491-8dd2-4482-b938-c18d236f8d06 key: .Trash
	at org.apache.hadoop.ozone.om.KeyManagerImpl.getOzoneFileStatus(KeyManagerImpl.java:1311) ~[ozone-manager-1.3.0-SNAPSHOT.jar:?]
	at org.apache.hadoop.ozone.om.KeyManagerImpl.getFileStatus(KeyManagerImpl.java:1241) ~[ozone-manager-1.3.0-SNAPSHOT.jar:?]
	at org.apache.hadoop.ozone.om.OzoneManager.getFileStatus(OzoneManager.java:3469) ~[ozone-manager-1.3.0-SNAPSHOT.jar:?]
	at org.apache.hadoop.ozone.protocolPB.OzoneManagerRequestHandler.getOzoneFileStatus(OzoneManagerRequestHandler.java:882) ~[ozone-manager-1.3.0-SNAPSHOT.jar:?]
	at org.apache.hadoop.ozone.protocolPB.OzoneManagerRequestHandler.handleReadRequest(OzoneManagerRequestHandler.java:228) ~[ozone-manager-1.3.0-SNAPSHOT.jar:?]
	at org.apache.hadoop.ozone.protocolPB.OzoneManagerProtocolServerSideTranslatorPB.submitReadRequestToOM(OzoneManagerProtocolServerSideTranslatorPB.java:226) ~[ozone-manager-1.3.0-SNAPSHOT.jar:?]
	at org.apache.hadoop.ozone.protocolPB.OzoneManagerProtocolServerSideTranslatorPB.processRequest(OzoneManagerProtocolServerSideTranslatorPB.java:175) ~[ozone-manager-1.3.0-SNAPSHOT.jar:?]
	at org.apache.hadoop.hdds.server.OzoneProtocolMessageDispatcher.processRequest(OzoneProtocolMessageDispatcher.java:87) [hdds-server-framework-1.3.0-SNAPSHOT.jar:?]
	at org.apache.hadoop.ozone.protocolPB.OzoneManagerProtocolServerSideTranslatorPB.submitRequest(OzoneManagerProtocolServerSideTranslatorPB.java:147) [ozone-manager-1.3.0-SNAPSHOT.jar:?]
	at org.apache.hadoop.ozone.protocol.proto.OzoneManagerProtocolProtos$OzoneManagerService$2.callBlockingMethod(OzoneManagerProtocolProtos.java) [ozone-interface-client-1.3.0-SNAPSHOT.jar:?]
	at org.apache.hadoop.ipc.ProtobufRpcEngine$Server.processCall(ProtobufRpcEngine.java:466) [hadoop-common-3.3.1.jar:?]
	at org.apache.hadoop.ipc.ProtobufRpcEngine2$Server$ProtoBufRpcInvoker.call(ProtobufRpcEngine2.java:574) [hadoop-common-3.3.1.jar:?]
	at org.apache.hadoop.ipc.ProtobufRpcEngine2$Server$ProtoBufRpcInvoker.call(ProtobufRpcEngine2.java:552) [hadoop-common-3.3.1.jar:?]
	at org.apache.hadoop.ipc.RPC$Server.call(RPC.java:1093) [hadoop-common-3.3.1.jar:?]
	at org.apache.hadoop.ipc.Server$RpcCall.run(Server.java:1035) [hadoop-common-3.3.1.jar:?]
	at org.apache.hadoop.ipc.Server$RpcCall.run(Server.java:963) [hadoop-common-3.3.1.jar:?]
	at java.security.AccessController.doPrivileged(Native Method) ~[?:1.8.0_332]
	at javax.security.auth.Subject.doAs(Subject.java:422) [?:1.8.0_332]
	at org.apache.hadoop.security.UserGroupInformation.doAs(UserGroupInformation.java:1878) [hadoop-common-3.3.1.jar:?]
	at org.apache.hadoop.ipc.Server$Handler.run(Server.java:2966) [hadoop-common-3.3.1.jar:?]
2022-08-20 07:52:03,454 [Time-limited test] INFO  rpc.RpcClient (RpcClient.java:createBucket(674)) - Creating Bucket: volume31772/trashroottest2, with bucket layout FILE_SYSTEM_OPTIMIZED, runner as owner, Versioning false, Storage Type set to DISK and Encryption set to false 
2022-08-20 07:52:03,455 [OM StateMachine ApplyTransaction Thread - 0] INFO  bucket.OMBucketCreateRequest (OMBucketCreateRequest.java:validateAndUpdateCache(260)) - created bucket: trashroottest2 of layout FILE_SYSTEM_OPTIMIZED in volume: volume31772
07:52:03.562 [IPC Server handler 5 on default port 40219] ERROR OMAudit - user=runner | ip=127.0.0.1 | op=GET_FILE_STATUS {volume=3832c80f-6451-4ee0-9ee8-b4213d87e43e, bucket=8fd45491-8dd2-4482-b938-c18d236f8d06, key=.Trash, dataSize=0, replicationConfig=null} | ret=FAILURE
org.apache.hadoop.ozone.om.exceptions.OMException: Unable to get file status: volume: 3832c80f-6451-4ee0-9ee8-b4213d87e43e bucket: 8fd45491-8dd2-4482-b938-c18d236f8d06 key: .Trash
	at org.apache.hadoop.ozone.om.KeyManagerImpl.getOzoneFileStatus(KeyManagerImpl.java:1311) ~[ozone-manager-1.3.0-SNAPSHOT.jar:?]
	at org.apache.hadoop.ozone.om.KeyManagerImpl.getFileStatus(KeyManagerImpl.java:1241) ~[ozone-manager-1.3.0-SNAPSHOT.jar:?]
	at org.apache.hadoop.ozone.om.OzoneManager.getFileStatus(OzoneManager.java:3469) ~[ozone-manager-1.3.0-SNAPSHOT.jar:?]
	at org.apache.hadoop.ozone.protocolPB.OzoneManagerRequestHandler.getOzoneFileStatus(OzoneManagerRequestHandler.java:882) ~[ozone-manager-1.3.0-SNAPSHOT.jar:?]
	at org.apache.hadoop.ozone.protocolPB.OzoneManagerRequestHandler.handleReadRequest(OzoneManagerRequestHandler.java:228) ~[ozone-manager-1.3.0-SNAPSHOT.jar:?]
	at org.apache.hadoop.ozone.protocolPB.OzoneManagerProtocolServerSideTranslatorPB.submitReadRequestToOM(OzoneManagerProtocolServerSideTranslatorPB.java:226) ~[ozone-manager-1.3.0-SNAPSHOT.jar:?]
	at org.apache.hadoop.ozone.protocolPB.OzoneManagerProtocolServerSideTranslatorPB.processRequest(OzoneManagerProtocolServerSideTranslatorPB.java:175) ~[ozone-manager-1.3.0-SNAPSHOT.jar:?]
	at org.apache.hadoop.hdds.server.OzoneProtocolMessageDispatcher.processRequest(OzoneProtocolMessageDispatcher.java:87) [hdds-server-framework-1.3.0-SNAPSHOT.jar:?]
	at org.apache.hadoop.ozone.protocolPB.OzoneManagerProtocolServerSideTranslatorPB.submitRequest(OzoneManagerProtocolServerSideTranslatorPB.java:147) [ozone-manager-1.3.0-SNAPSHOT.jar:?]
	at org.apache.hadoop.ozone.protocol.proto.OzoneManagerProtocolProtos$OzoneManagerService$2.callBlockingMethod(OzoneManagerProtocolProtos.java) [ozone-interface-client-1.3.0-SNAPSHOT.jar:?]
	at org.apache.hadoop.ipc.ProtobufRpcEngine$Server.processCall(ProtobufRpcEngine.java:466) [hadoop-common-3.3.1.jar:?]
	at org.apache.hadoop.ipc.ProtobufRpcEngine2$Server$ProtoBufRpcInvoker.call(ProtobufRpcEngine2.java:574) [hadoop-common-3.3.1.jar:?]
	at org.apache.hadoop.ipc.ProtobufRpcEngine2$Server$ProtoBufRpcInvoker.call(ProtobufRpcEngine2.java:552) [hadoop-common-3.3.1.jar:?]
	at org.apache.hadoop.ipc.RPC$Server.call(RPC.java:1093) [hadoop-common-3.3.1.jar:?]
	at org.apache.hadoop.ipc.Server$RpcCall.run(Server.java:1035) [hadoop-common-3.3.1.jar:?]
	at org.apache.hadoop.ipc.Server$RpcCall.run(Server.java:963) [hadoop-common-3.3.1.jar:?]
	at java.security.AccessController.doPrivileged(Native Method) ~[?:1.8.0_332]
	at javax.security.auth.Subject.doAs(Subject.java:422) [?:1.8.0_332]
	at org.apache.hadoop.security.UserGroupInformation.doAs(UserGroupInformation.java:1878) [hadoop-common-3.3.1.jar:?]
	at org.apache.hadoop.ipc.Server$Handler.run(Server.java:2966) [hadoop-common-3.3.1.jar:?]
07:52:03.591 [IPC Server handler 13 on default port 40219] ERROR OMAudit - user=runner | ip=127.0.0.1 | op=GET_FILE_STATUS {volume=3832c80f-6451-4ee0-9ee8-b4213d87e43e, bucket=8fd45491-8dd2-4482-b938-c18d236f8d06, key=.Trash, dataSize=0, replicationConfig=null} | ret=FAILURE
org.apache.hadoop.ozone.om.exceptions.OMException: Unable to get file status: volume: 3832c80f-6451-4ee0-9ee8-b4213d87e43e bucket: 8fd45491-8dd2-4482-b938-c18d236f8d06 key: .Trash
	at org.apache.hadoop.ozone.om.KeyManagerImpl.getOzoneFileStatus(KeyManagerImpl.java:1311) ~[ozone-manager-1.3.0-SNAPSHOT.jar:?]
	at org.apache.hadoop.ozone.om.KeyManagerImpl.getFileStatus(KeyManagerImpl.java:1241) ~[ozone-manager-1.3.0-SNAPSHOT.jar:?]
	at org.apache.hadoop.ozone.om.OzoneManager.getFileStatus(OzoneManager.java:3469) ~[ozone-manager-1.3.0-SNAPSHOT.jar:?]
	at org.apache.hadoop.ozone.protocolPB.OzoneManagerRequestHandler.getOzoneFileStatus(OzoneManagerRequestHandler.java:882) ~[ozone-manager-1.3.0-SNAPSHOT.jar:?]
	at org.apache.hadoop.ozone.protocolPB.OzoneManagerRequestHandler.handleReadRequest(OzoneManagerRequestHandler.java:228) ~[ozone-manager-1.3.0-SNAPSHOT.jar:?]
	at org.apache.hadoop.ozone.protocolPB.OzoneManagerProtocolServerSideTranslatorPB.submitReadRequestToOM(OzoneManagerProtocolServerSideTranslatorPB.java:226) ~[ozone-manager-1.3.0-SNAPSHOT.jar:?]
	at org.apache.hadoop.ozone.protocolPB.OzoneManagerProtocolServerSideTranslatorPB.processRequest(OzoneManagerProtocolServerSideTranslatorPB.java:175) ~[ozone-manager-1.3.0-SNAPSHOT.jar:?]
	at org.apache.hadoop.hdds.server.OzoneProtocolMessageDispatcher.processRequest(OzoneProtocolMessageDispatcher.java:87) [hdds-server-framework-1.3.0-SNAPSHOT.jar:?]
	at org.apache.hadoop.ozone.protocolPB.OzoneManagerProtocolServerSideTranslatorPB.submitRequest(OzoneManagerProtocolServerSideTranslatorPB.java:147) [ozone-manager-1.3.0-SNAPSHOT.jar:?]
	at org.apache.hadoop.ozone.protocol.proto.OzoneManagerProtocolProtos$OzoneManagerService$2.callBlockingMethod(OzoneManagerProtocolProtos.java) [ozone-interface-client-1.3.0-SNAPSHOT.jar:?]
	at org.apache.hadoop.ipc.ProtobufRpcEngine$Server.processCall(ProtobufRpcEngine.java:466) [hadoop-common-3.3.1.jar:?]
	at org.apache.hadoop.ipc.ProtobufRpcEngine2$Server$ProtoBufRpcInvoker.call(ProtobufRpcEngine2.java:574) [hadoop-common-3.3.1.jar:?]
	at org.apache.hadoop.ipc.ProtobufRpcEngine2$Server$ProtoBufRpcInvoker.call(ProtobufRpcEngine2.java:552) [hadoop-common-3.3.1.jar:?]
	at org.apache.hadoop.ipc.RPC$Server.call(RPC.java:1093) [hadoop-common-3.3.1.jar:?]
	at org.apache.hadoop.ipc.Server$RpcCall.run(Server.java:1035) [hadoop-common-3.3.1.jar:?]
	at org.apache.hadoop.ipc.Server$RpcCall.run(Server.java:963) [hadoop-common-3.3.1.jar:?]
	at java.security.AccessController.doPrivileged(Native Method) ~[?:1.8.0_332]
	at javax.security.auth.Subject.doAs(Subject.java:422) [?:1.8.0_332]
	at org.apache.hadoop.security.UserGroupInformation.doAs(UserGroupInformation.java:1878) [hadoop-common-3.3.1.jar:?]
	at org.apache.hadoop.ipc.Server$Handler.run(Server.java:2966) [hadoop-common-3.3.1.jar:?]
2022-08-20 07:52:03,634 [Time-limited test] INFO  rpc.RpcClient (RpcClient.java:createVolume(471)) - Creating Volume: volume53347, with user83956 as owner and space quota set to -1 bytes, counts quota set to -1
2022-08-20 07:52:03,636 [OM StateMachine ApplyTransaction Thread - 0] INFO  volume.OMVolumeCreateRequest (OMVolumeCreateRequest.java:validateAndUpdateCache(195)) - created volume:volume53347 for user:user83956
2022-08-20 07:52:03,638 [Time-limited test] INFO  rpc.RpcClient (RpcClient.java:createBucket(674)) - Creating Bucket: volume53347/bucket27617, with bucket layout FILE_SYSTEM_OPTIMIZED, runner as owner, Versioning false, Storage Type set to DISK and Encryption set to false 
2022-08-20 07:52:03,639 [OM StateMachine ApplyTransaction Thread - 0] INFO  bucket.OMBucketCreateRequest (OMBucketCreateRequest.java:validateAndUpdateCache(260)) - created bucket: bucket27617 of layout FILE_SYSTEM_OPTIMIZED in volume: volume53347
07:52:03.660 [IPC Server handler 18 on default port 40219] ERROR OMAudit - user=runner | ip=127.0.0.1 | op=GET_FILE_STATUS {volume=3832c80f-6451-4ee0-9ee8-b4213d87e43e, bucket=8fd45491-8dd2-4482-b938-c18d236f8d06, key=.Trash, dataSize=0, replicationConfig=null} | ret=FAILURE
org.apache.hadoop.ozone.om.exceptions.OMException: Unable to get file status: volume: 3832c80f-6451-4ee0-9ee8-b4213d87e43e bucket: 8fd45491-8dd2-4482-b938-c18d236f8d06 key: .Trash
	at org.apache.hadoop.ozone.om.KeyManagerImpl.getOzoneFileStatus(KeyManagerImpl.java:1311) ~[ozone-manager-1.3.0-SNAPSHOT.jar:?]
	at org.apache.hadoop.ozone.om.KeyManagerImpl.getFileStatus(KeyManagerImpl.java:1241) ~[ozone-manager-1.3.0-SNAPSHOT.jar:?]
	at org.apache.hadoop.ozone.om.OzoneManager.getFileStatus(OzoneManager.java:3469) ~[ozone-manager-1.3.0-SNAPSHOT.jar:?]
	at org.apache.hadoop.ozone.protocolPB.OzoneManagerRequestHandler.getOzoneFileStatus(OzoneManagerRequestHandler.java:882) ~[ozone-manager-1.3.0-SNAPSHOT.jar:?]
	at org.apache.hadoop.ozone.protocolPB.OzoneManagerRequestHandler.handleReadRequest(OzoneManagerRequestHandler.java:228) ~[ozone-manager-1.3.0-SNAPSHOT.jar:?]
	at org.apache.hadoop.ozone.protocolPB.OzoneManagerProtocolServerSideTranslatorPB.submitReadRequestToOM(OzoneManagerProtocolServerSideTranslatorPB.java:226) ~[ozone-manager-1.3.0-SNAPSHOT.jar:?]
	at org.apache.hadoop.ozone.protocolPB.OzoneManagerProtocolServerSideTranslatorPB.processRequest(OzoneManagerProtocolServerSideTranslatorPB.java:175) ~[ozone-manager-1.3.0-SNAPSHOT.jar:?]
	at org.apache.hadoop.hdds.server.OzoneProtocolMessageDispatcher.processRequest(OzoneProtocolMessageDispatcher.java:87) [hdds-server-framework-1.3.0-SNAPSHOT.jar:?]
	at org.apache.hadoop.ozone.protocolPB.OzoneManagerProtocolServerSideTranslatorPB.submitRequest(OzoneManagerProtocolServerSideTranslatorPB.java:147) [ozone-manager-1.3.0-SNAPSHOT.jar:?]
	at org.apache.hadoop.ozone.protocol.proto.OzoneManagerProtocolProtos$OzoneManagerService$2.callBlockingMethod(OzoneManagerProtocolProtos.java) [ozone-interface-client-1.3.0-SNAPSHOT.jar:?]
	at org.apache.hadoop.ipc.ProtobufRpcEngine$Server.processCall(ProtobufRpcEngine.java:466) [hadoop-common-3.3.1.jar:?]
	at org.apache.hadoop.ipc.ProtobufRpcEngine2$Server$ProtoBufRpcInvoker.call(ProtobufRpcEngine2.java:574) [hadoop-common-3.3.1.jar:?]
	at org.apache.hadoop.ipc.ProtobufRpcEngine2$Server$ProtoBufRpcInvoker.call(ProtobufRpcEngine2.java:552) [hadoop-common-3.3.1.jar:?]
	at org.apache.hadoop.ipc.RPC$Server.call(RPC.java:1093) [hadoop-common-3.3.1.jar:?]
	at org.apache.hadoop.ipc.Server$RpcCall.run(Server.java:1035) [hadoop-common-3.3.1.jar:?]
	at org.apache.hadoop.ipc.Server$RpcCall.run(Server.java:963) [hadoop-common-3.3.1.jar:?]
	at java.security.AccessController.doPrivileged(Native Method) ~[?:1.8.0_332]
	at javax.security.auth.Subject.doAs(Subject.java:422) [?:1.8.0_332]
	at org.apache.hadoop.security.UserGroupInformation.doAs(UserGroupInformation.java:1878) [hadoop-common-3.3.1.jar:?]
	at org.apache.hadoop.ipc.Server$Handler.run(Server.java:2966) [hadoop-common-3.3.1.jar:?]
2022-08-20 07:52:03,675 [79881640-4786-45f7-aed0-9e856ede138a@group-7E3172ADB9F5-FollowerState] INFO  impl.FollowerState (FollowerState.java:run(143)) - 79881640-4786-45f7-aed0-9e856ede138a@group-7E3172ADB9F5-FollowerState: change to CANDIDATE, lastRpcElapsedTime:5031430425ns, electionTimeout:5019ms
2022-08-20 07:52:03,675 [79881640-4786-45f7-aed0-9e856ede138a@group-7E3172ADB9F5-FollowerState] INFO  impl.RoleInfo (RoleInfo.java:shutdownFollowerState(110)) - 79881640-4786-45f7-aed0-9e856ede138a: shutdown 79881640-4786-45f7-aed0-9e856ede138a@group-7E3172ADB9F5-FollowerState
2022-08-20 07:52:03,675 [79881640-4786-45f7-aed0-9e856ede138a@group-7E3172ADB9F5-FollowerState] INFO  server.RaftServer$Division (RaftServerImpl.java:setRole(299)) - 79881640-4786-45f7-aed0-9e856ede138a@group-7E3172ADB9F5: changes role from  FOLLOWER to CANDIDATE at term 3 for changeToCandidate
2022-08-20 07:52:03,675 [79881640-4786-45f7-aed0-9e856ede138a@group-7E3172ADB9F5-FollowerState] INFO  server.RaftServerConfigKeys (ConfUtils.java:logGet(46)) - raft.server.leaderelection.pre-vote = false (custom)
2022-08-20 07:52:03,675 [79881640-4786-45f7-aed0-9e856ede138a@group-7E3172ADB9F5-FollowerState] INFO  impl.RoleInfo (RoleInfo.java:updateAndGet(139)) - 79881640-4786-45f7-aed0-9e856ede138a: start 79881640-4786-45f7-aed0-9e856ede138a@group-7E3172ADB9F5-LeaderElection11
2022-08-20 07:52:03,677 [cfb127e1-4a9c-4c86-92d2-3c8cc92f4642@group-7E3172ADB9F5-FollowerState] INFO  impl.FollowerState (FollowerState.java:run(143)) - cfb127e1-4a9c-4c86-92d2-3c8cc92f4642@group-7E3172ADB9F5-FollowerState: change to CANDIDATE, lastRpcElapsedTime:5045562987ns, electionTimeout:5045ms
2022-08-20 07:52:03,677 [cfb127e1-4a9c-4c86-92d2-3c8cc92f4642@group-7E3172ADB9F5-FollowerState] INFO  impl.RoleInfo (RoleInfo.java:shutdownFollowerState(110)) - cfb127e1-4a9c-4c86-92d2-3c8cc92f4642: shutdown cfb127e1-4a9c-4c86-92d2-3c8cc92f4642@group-7E3172ADB9F5-FollowerState
2022-08-20 07:52:03,677 [cfb127e1-4a9c-4c86-92d2-3c8cc92f4642@group-7E3172ADB9F5-FollowerState] INFO  server.RaftServer$Division (RaftServerImpl.java:setRole(299)) - cfb127e1-4a9c-4c86-92d2-3c8cc92f4642@group-7E3172ADB9F5: changes role from  FOLLOWER to CANDIDATE at term 3 for changeToCandidate
2022-08-20 07:52:03,677 [cfb127e1-4a9c-4c86-92d2-3c8cc92f4642@group-7E3172ADB9F5-FollowerState] INFO  server.RaftServerConfigKeys (ConfUtils.java:logGet(46)) - raft.server.leaderelection.pre-vote = false (custom)
2022-08-20 07:52:03,677 [cfb127e1-4a9c-4c86-92d2-3c8cc92f4642@group-7E3172ADB9F5-FollowerState] INFO  impl.RoleInfo (RoleInfo.java:updateAndGet(139)) - cfb127e1-4a9c-4c86-92d2-3c8cc92f4642: start cfb127e1-4a9c-4c86-92d2-3c8cc92f4642@group-7E3172ADB9F5-LeaderElection12
2022-08-20 07:52:03,681 [79881640-4786-45f7-aed0-9e856ede138a@group-7E3172ADB9F5-LeaderElection11] INFO  impl.LeaderElection (LeaderElection.java:askForVotes(310)) - 79881640-4786-45f7-aed0-9e856ede138a@group-7E3172ADB9F5-LeaderElection11 ELECTION round 0: submit vote requests at term 4 for -1: [cfb127e1-4a9c-4c86-92d2-3c8cc92f4642|rpc:10.1.0.10:40853|priority:0, 79881640-4786-45f7-aed0-9e856ede138a|rpc:10.1.0.10:45433|priority:1, be90e73c-a484-4b65-88cf-121e201739e2|rpc:10.1.0.10:33179|priority:0], old=null
2022-08-20 07:52:03,701 [be90e73c-a484-4b65-88cf-121e201739e2@group-7E3172ADB9F5-FollowerState] INFO  impl.FollowerState (FollowerState.java:run(143)) - be90e73c-a484-4b65-88cf-121e201739e2@group-7E3172ADB9F5-FollowerState: change to CANDIDATE, lastRpcElapsedTime:5042120572ns, electionTimeout:5035ms
2022-08-20 07:52:03,701 [be90e73c-a484-4b65-88cf-121e201739e2@group-7E3172ADB9F5-FollowerState] INFO  impl.RoleInfo (RoleInfo.java:shutdownFollowerState(110)) - be90e73c-a484-4b65-88cf-121e201739e2: shutdown be90e73c-a484-4b65-88cf-121e201739e2@group-7E3172ADB9F5-FollowerState
2022-08-20 07:52:03,702 [be90e73c-a484-4b65-88cf-121e201739e2@group-7E3172ADB9F5-FollowerState] INFO  server.RaftServer$Division (RaftServerImpl.java:setRole(299)) - be90e73c-a484-4b65-88cf-121e201739e2@group-7E3172ADB9F5: changes role from  FOLLOWER to CANDIDATE at term 3 for changeToCandidate
2022-08-20 07:52:03,702 [be90e73c-a484-4b65-88cf-121e201739e2@group-7E3172ADB9F5-FollowerState] INFO  server.RaftServerConfigKeys (ConfUtils.java:logGet(46)) - raft.server.leaderelection.pre-vote = false (custom)
2022-08-20 07:52:03,702 [be90e73c-a484-4b65-88cf-121e201739e2@group-7E3172ADB9F5-FollowerState] INFO  impl.RoleInfo (RoleInfo.java:updateAndGet(139)) - be90e73c-a484-4b65-88cf-121e201739e2: start be90e73c-a484-4b65-88cf-121e201739e2@group-7E3172ADB9F5-LeaderElection13
2022-08-20 07:52:03,702 [cfb127e1-4a9c-4c86-92d2-3c8cc92f4642@group-7E3172ADB9F5-LeaderElection12] INFO  impl.LeaderElection (LeaderElection.java:askForVotes(310)) - cfb127e1-4a9c-4c86-92d2-3c8cc92f4642@group-7E3172ADB9F5-LeaderElection12 ELECTION round 0: submit vote requests at term 4 for -1: [cfb127e1-4a9c-4c86-92d2-3c8cc92f4642|rpc:10.1.0.10:40853|dataStream:|priority:0, 79881640-4786-45f7-aed0-9e856ede138a|rpc:10.1.0.10:45433|dataStream:|priority:1, be90e73c-a484-4b65-88cf-121e201739e2|rpc:10.1.0.10:33179|dataStream:|priority:0], old=null
2022-08-20 07:52:03,707 [be90e73c-a484-4b65-88cf-121e201739e2@group-7E3172ADB9F5-LeaderElection13] INFO  impl.LeaderElection (LeaderElection.java:askForVotes(310)) - be90e73c-a484-4b65-88cf-121e201739e2@group-7E3172ADB9F5-LeaderElection13 ELECTION round 0: submit vote requests at term 4 for -1: [cfb127e1-4a9c-4c86-92d2-3c8cc92f4642|rpc:10.1.0.10:40853|priority:0, 79881640-4786-45f7-aed0-9e856ede138a|rpc:10.1.0.10:45433|priority:1, be90e73c-a484-4b65-88cf-121e201739e2|rpc:10.1.0.10:33179|priority:0], old=null
07:52:03.714 [IPC Server handler 10 on default port 40219] ERROR OMAudit - user=runner | ip=127.0.0.1 | op=GET_FILE_STATUS {volume=3832c80f-6451-4ee0-9ee8-b4213d87e43e, bucket=8fd45491-8dd2-4482-b938-c18d236f8d06, key=.Trash, dataSize=0, replicationConfig=null} | ret=FAILURE
org.apache.hadoop.ozone.om.exceptions.OMException: Unable to get file status: volume: 3832c80f-6451-4ee0-9ee8-b4213d87e43e bucket: 8fd45491-8dd2-4482-b938-c18d236f8d06 key: .Trash
	at org.apache.hadoop.ozone.om.KeyManagerImpl.getOzoneFileStatus(KeyManagerImpl.java:1311) ~[ozone-manager-1.3.0-SNAPSHOT.jar:?]
	at org.apache.hadoop.ozone.om.KeyManagerImpl.getFileStatus(KeyManagerImpl.java:1241) ~[ozone-manager-1.3.0-SNAPSHOT.jar:?]
	at org.apache.hadoop.ozone.om.OzoneManager.getFileStatus(OzoneManager.java:3469) ~[ozone-manager-1.3.0-SNAPSHOT.jar:?]
	at org.apache.hadoop.ozone.protocolPB.OzoneManagerRequestHandler.getOzoneFileStatus(OzoneManagerRequestHandler.java:882) ~[ozone-manager-1.3.0-SNAPSHOT.jar:?]
	at org.apache.hadoop.ozone.protocolPB.OzoneManagerRequestHandler.handleReadRequest(OzoneManagerRequestHandler.java:228) ~[ozone-manager-1.3.0-SNAPSHOT.jar:?]
	at org.apache.hadoop.ozone.protocolPB.OzoneManagerProtocolServerSideTranslatorPB.submitReadRequestToOM(OzoneManagerProtocolServerSideTranslatorPB.java:226) ~[ozone-manager-1.3.0-SNAPSHOT.jar:?]
	at org.apache.hadoop.ozone.protocolPB.OzoneManagerProtocolServerSideTranslatorPB.processRequest(OzoneManagerProtocolServerSideTranslatorPB.java:175) ~[ozone-manager-1.3.0-SNAPSHOT.jar:?]
	at org.apache.hadoop.hdds.server.OzoneProtocolMessageDispatcher.processRequest(OzoneProtocolMessageDispatcher.java:87) [hdds-server-framework-1.3.0-SNAPSHOT.jar:?]
	at org.apache.hadoop.ozone.protocolPB.OzoneManagerProtocolServerSideTranslatorPB.submitRequest(OzoneManagerProtocolServerSideTranslatorPB.java:147) [ozone-manager-1.3.0-SNAPSHOT.jar:?]
	at org.apache.hadoop.ozone.protocol.proto.OzoneManagerProtocolProtos$OzoneManagerService$2.callBlockingMethod(OzoneManagerProtocolProtos.java) [ozone-interface-client-1.3.0-SNAPSHOT.jar:?]
	at org.apache.hadoop.ipc.ProtobufRpcEngine$Server.processCall(ProtobufRpcEngine.java:466) [hadoop-common-3.3.1.jar:?]
	at org.apache.hadoop.ipc.ProtobufRpcEngine2$Server$ProtoBufRpcInvoker.call(ProtobufRpcEngine2.java:574) [hadoop-common-3.3.1.jar:?]
	at org.apache.hadoop.ipc.ProtobufRpcEngine2$Server$ProtoBufRpcInvoker.call(ProtobufRpcEngine2.java:552) [hadoop-common-3.3.1.jar:?]
	at org.apache.hadoop.ipc.RPC$Server.call(RPC.java:1093) [hadoop-common-3.3.1.jar:?]
	at org.apache.hadoop.ipc.Server$RpcCall.run(Server.java:1035) [hadoop-common-3.3.1.jar:?]
	at org.apache.hadoop.ipc.Server$RpcCall.run(Server.java:963) [hadoop-common-3.3.1.jar:?]
	at java.security.AccessController.doPrivileged(Native Method) ~[?:1.8.0_332]
	at javax.security.auth.Subject.doAs(Subject.java:422) [?:1.8.0_332]
	at org.apache.hadoop.security.UserGroupInformation.doAs(UserGroupInformation.java:1878) [hadoop-common-3.3.1.jar:?]
	at org.apache.hadoop.ipc.Server$Handler.run(Server.java:2966) [hadoop-common-3.3.1.jar:?]
2022-08-20 07:52:03,747 [grpc-default-executor-1] INFO  server.RaftServer$Division (RaftServerImpl.java:requestVote(1152)) - cfb127e1-4a9c-4c86-92d2-3c8cc92f4642@group-7E3172ADB9F5: receive requestVote(ELECTION, 79881640-4786-45f7-aed0-9e856ede138a, group-7E3172ADB9F5, 4, (t:0, i:0))
2022-08-20 07:52:03,747 [grpc-default-executor-1] INFO  impl.VoteContext (VoteContext.java:log(48)) - cfb127e1-4a9c-4c86-92d2-3c8cc92f4642@group-7E3172ADB9F5-CANDIDATE: reject ELECTION from 79881640-4786-45f7-aed0-9e856ede138a: already has voted for cfb127e1-4a9c-4c86-92d2-3c8cc92f4642 at current term 4
2022-08-20 07:52:03,747 [grpc-default-executor-1] INFO  server.RaftServer$Division (RaftServerImpl.java:requestVote(1184)) - cfb127e1-4a9c-4c86-92d2-3c8cc92f4642@group-7E3172ADB9F5 replies to ELECTION vote request: 79881640-4786-45f7-aed0-9e856ede138a<-cfb127e1-4a9c-4c86-92d2-3c8cc92f4642#0:FAIL-t4. Peer's state: cfb127e1-4a9c-4c86-92d2-3c8cc92f4642@group-7E3172ADB9F5:t4, leader=null, voted=cfb127e1-4a9c-4c86-92d2-3c8cc92f4642, raftlog=cfb127e1-4a9c-4c86-92d2-3c8cc92f4642@group-7E3172ADB9F5-SegmentedRaftLog:OPENED:c-1, conf=-1: [cfb127e1-4a9c-4c86-92d2-3c8cc92f4642|rpc:10.1.0.10:40853|dataStream:|priority:0, 79881640-4786-45f7-aed0-9e856ede138a|rpc:10.1.0.10:45433|dataStream:|priority:1, be90e73c-a484-4b65-88cf-121e201739e2|rpc:10.1.0.10:33179|dataStream:|priority:0], old=null
2022-08-20 07:52:03,747 [grpc-default-executor-0] INFO  server.RaftServer$Division (RaftServerImpl.java:requestVote(1152)) - be90e73c-a484-4b65-88cf-121e201739e2@group-7E3172ADB9F5: receive requestVote(ELECTION, cfb127e1-4a9c-4c86-92d2-3c8cc92f4642, group-7E3172ADB9F5, 4, (t:0, i:0))
2022-08-20 07:52:03,747 [grpc-default-executor-0] INFO  impl.VoteContext (VoteContext.java:log(48)) - be90e73c-a484-4b65-88cf-121e201739e2@group-7E3172ADB9F5-CANDIDATE: reject ELECTION from cfb127e1-4a9c-4c86-92d2-3c8cc92f4642: already has voted for be90e73c-a484-4b65-88cf-121e201739e2 at current term 4
2022-08-20 07:52:03,748 [grpc-default-executor-0] INFO  server.RaftServer$Division (RaftServerImpl.java:requestVote(1184)) - be90e73c-a484-4b65-88cf-121e201739e2@group-7E3172ADB9F5 replies to ELECTION vote request: cfb127e1-4a9c-4c86-92d2-3c8cc92f4642<-be90e73c-a484-4b65-88cf-121e201739e2#0:FAIL-t4. Peer's state: be90e73c-a484-4b65-88cf-121e201739e2@group-7E3172ADB9F5:t4, leader=null, voted=be90e73c-a484-4b65-88cf-121e201739e2, raftlog=be90e73c-a484-4b65-88cf-121e201739e2@group-7E3172ADB9F5-SegmentedRaftLog:OPENED:c-1, conf=-1: [cfb127e1-4a9c-4c86-92d2-3c8cc92f4642|rpc:10.1.0.10:40853|priority:0, 79881640-4786-45f7-aed0-9e856ede138a|rpc:10.1.0.10:45433|priority:1, be90e73c-a484-4b65-88cf-121e201739e2|rpc:10.1.0.10:33179|priority:0], old=null
2022-08-20 07:52:03,756 [grpc-default-executor-1] INFO  server.RaftServer$Division (RaftServerImpl.java:requestVote(1152)) - 79881640-4786-45f7-aed0-9e856ede138a@group-7E3172ADB9F5: receive requestVote(ELECTION, cfb127e1-4a9c-4c86-92d2-3c8cc92f4642, group-7E3172ADB9F5, 4, (t:0, i:0))
2022-08-20 07:52:03,756 [grpc-default-executor-1] INFO  impl.VoteContext (VoteContext.java:log(48)) - 79881640-4786-45f7-aed0-9e856ede138a@group-7E3172ADB9F5-CANDIDATE: reject ELECTION from cfb127e1-4a9c-4c86-92d2-3c8cc92f4642: already has voted for 79881640-4786-45f7-aed0-9e856ede138a at current term 4
2022-08-20 07:52:03,756 [grpc-default-executor-1] INFO  server.RaftServer$Division (RaftServerImpl.java:requestVote(1184)) - 79881640-4786-45f7-aed0-9e856ede138a@group-7E3172ADB9F5 replies to ELECTION vote request: cfb127e1-4a9c-4c86-92d2-3c8cc92f4642<-79881640-4786-45f7-aed0-9e856ede138a#0:FAIL-t4. Peer's state: 79881640-4786-45f7-aed0-9e856ede138a@group-7E3172ADB9F5:t4, leader=null, voted=79881640-4786-45f7-aed0-9e856ede138a, raftlog=79881640-4786-45f7-aed0-9e856ede138a@group-7E3172ADB9F5-SegmentedRaftLog:OPENED:c-1, conf=-1: [cfb127e1-4a9c-4c86-92d2-3c8cc92f4642|rpc:10.1.0.10:40853|priority:0, 79881640-4786-45f7-aed0-9e856ede138a|rpc:10.1.0.10:45433|priority:1, be90e73c-a484-4b65-88cf-121e201739e2|rpc:10.1.0.10:33179|priority:0], old=null
2022-08-20 07:52:03,764 [cfb127e1-4a9c-4c86-92d2-3c8cc92f4642@group-7E3172ADB9F5-LeaderElection12] INFO  impl.LeaderElection (LeaderElection.java:logAndReturn(90)) - cfb127e1-4a9c-4c86-92d2-3c8cc92f4642@group-7E3172ADB9F5-LeaderElection12: ELECTION REJECTED received 2 response(s) and 0 exception(s):
2022-08-20 07:52:03,764 [cfb127e1-4a9c-4c86-92d2-3c8cc92f4642@group-7E3172ADB9F5-LeaderElection12] INFO  impl.LeaderElection (LeaderElection.java:logAndReturn(94)) -   Response 0: cfb127e1-4a9c-4c86-92d2-3c8cc92f4642<-79881640-4786-45f7-aed0-9e856ede138a#0:FAIL-t4
2022-08-20 07:52:03,764 [cfb127e1-4a9c-4c86-92d2-3c8cc92f4642@group-7E3172ADB9F5-LeaderElection12] INFO  impl.LeaderElection (LeaderElection.java:logAndReturn(94)) -   Response 1: cfb127e1-4a9c-4c86-92d2-3c8cc92f4642<-be90e73c-a484-4b65-88cf-121e201739e2#0:FAIL-t4
2022-08-20 07:52:03,764 [cfb127e1-4a9c-4c86-92d2-3c8cc92f4642@group-7E3172ADB9F5-LeaderElection12] INFO  impl.LeaderElection (LeaderElection.java:askForVotes(312)) - cfb127e1-4a9c-4c86-92d2-3c8cc92f4642@group-7E3172ADB9F5-LeaderElection12 ELECTION round 0: result REJECTED
2022-08-20 07:52:03,765 [cfb127e1-4a9c-4c86-92d2-3c8cc92f4642@group-7E3172ADB9F5-LeaderElection12] INFO  server.RaftServer$Division (RaftServerImpl.java:setRole(299)) - cfb127e1-4a9c-4c86-92d2-3c8cc92f4642@group-7E3172ADB9F5: changes role from CANDIDATE to FOLLOWER at term 4 for REJECTED
2022-08-20 07:52:03,765 [cfb127e1-4a9c-4c86-92d2-3c8cc92f4642@group-7E3172ADB9F5-LeaderElection12] INFO  impl.RoleInfo (RoleInfo.java:shutdownLeaderElection(130)) - cfb127e1-4a9c-4c86-92d2-3c8cc92f4642: shutdown cfb127e1-4a9c-4c86-92d2-3c8cc92f4642@group-7E3172ADB9F5-LeaderElection12
2022-08-20 07:52:03,765 [cfb127e1-4a9c-4c86-92d2-3c8cc92f4642@group-7E3172ADB9F5-LeaderElection12] INFO  impl.RoleInfo (RoleInfo.java:updateAndGet(139)) - cfb127e1-4a9c-4c86-92d2-3c8cc92f4642: start cfb127e1-4a9c-4c86-92d2-3c8cc92f4642@group-7E3172ADB9F5-FollowerState
2022-08-20 07:52:03,774 [grpc-default-executor-3] INFO  server.RaftServer$Division (RaftServerImpl.java:requestVote(1152)) - cfb127e1-4a9c-4c86-92d2-3c8cc92f4642@group-7E3172ADB9F5: receive requestVote(ELECTION, be90e73c-a484-4b65-88cf-121e201739e2, group-7E3172ADB9F5, 4, (t:0, i:0))
2022-08-20 07:52:03,774 [grpc-default-executor-3] INFO  impl.VoteContext (VoteContext.java:log(48)) - cfb127e1-4a9c-4c86-92d2-3c8cc92f4642@group-7E3172ADB9F5-FOLLOWER: reject ELECTION from be90e73c-a484-4b65-88cf-121e201739e2: already has voted for cfb127e1-4a9c-4c86-92d2-3c8cc92f4642 at current term 4
2022-08-20 07:52:03,774 [grpc-default-executor-3] INFO  server.RaftServer$Division (RaftServerImpl.java:requestVote(1184)) - cfb127e1-4a9c-4c86-92d2-3c8cc92f4642@group-7E3172ADB9F5 replies to ELECTION vote request: be90e73c-a484-4b65-88cf-121e201739e2<-cfb127e1-4a9c-4c86-92d2-3c8cc92f4642#0:FAIL-t4. Peer's state: cfb127e1-4a9c-4c86-92d2-3c8cc92f4642@group-7E3172ADB9F5:t4, leader=null, voted=cfb127e1-4a9c-4c86-92d2-3c8cc92f4642, raftlog=cfb127e1-4a9c-4c86-92d2-3c8cc92f4642@group-7E3172ADB9F5-SegmentedRaftLog:OPENED:c-1, conf=-1: [cfb127e1-4a9c-4c86-92d2-3c8cc92f4642|rpc:10.1.0.10:40853|dataStream:|priority:0, 79881640-4786-45f7-aed0-9e856ede138a|rpc:10.1.0.10:45433|dataStream:|priority:1, be90e73c-a484-4b65-88cf-121e201739e2|rpc:10.1.0.10:33179|dataStream:|priority:0], old=null
2022-08-20 07:52:03,775 [grpc-default-executor-2] INFO  server.RaftServer$Division (RaftServerImpl.java:requestVote(1152)) - 79881640-4786-45f7-aed0-9e856ede138a@group-7E3172ADB9F5: receive requestVote(ELECTION, be90e73c-a484-4b65-88cf-121e201739e2, group-7E3172ADB9F5, 4, (t:0, i:0))
2022-08-20 07:52:03,775 [grpc-default-executor-2] INFO  impl.VoteContext (VoteContext.java:log(48)) - 79881640-4786-45f7-aed0-9e856ede138a@group-7E3172ADB9F5-CANDIDATE: reject ELECTION from be90e73c-a484-4b65-88cf-121e201739e2: already has voted for 79881640-4786-45f7-aed0-9e856ede138a at current term 4
2022-08-20 07:52:03,775 [grpc-default-executor-2] INFO  server.RaftServer$Division (RaftServerImpl.java:requestVote(1184)) - 79881640-4786-45f7-aed0-9e856ede138a@group-7E3172ADB9F5 replies to ELECTION vote request: be90e73c-a484-4b65-88cf-121e201739e2<-79881640-4786-45f7-aed0-9e856ede138a#0:FAIL-t4. Peer's state: 79881640-4786-45f7-aed0-9e856ede138a@group-7E3172ADB9F5:t4, leader=null, voted=79881640-4786-45f7-aed0-9e856ede138a, raftlog=79881640-4786-45f7-aed0-9e856ede138a@group-7E3172ADB9F5-SegmentedRaftLog:OPENED:c-1, conf=-1: [cfb127e1-4a9c-4c86-92d2-3c8cc92f4642|rpc:10.1.0.10:40853|priority:0, 79881640-4786-45f7-aed0-9e856ede138a|rpc:10.1.0.10:45433|priority:1, be90e73c-a484-4b65-88cf-121e201739e2|rpc:10.1.0.10:33179|priority:0], old=null
2022-08-20 07:52:03,776 [grpc-default-executor-0] INFO  server.RaftServer$Division (RaftServerImpl.java:requestVote(1152)) - be90e73c-a484-4b65-88cf-121e201739e2@group-7E3172ADB9F5: receive requestVote(ELECTION, 79881640-4786-45f7-aed0-9e856ede138a, group-7E3172ADB9F5, 4, (t:0, i:0))
2022-08-20 07:52:03,776 [grpc-default-executor-0] INFO  impl.VoteContext (VoteContext.java:log(48)) - be90e73c-a484-4b65-88cf-121e201739e2@group-7E3172ADB9F5-CANDIDATE: reject ELECTION from 79881640-4786-45f7-aed0-9e856ede138a: already has voted for be90e73c-a484-4b65-88cf-121e201739e2 at current term 4
2022-08-20 07:52:03,776 [grpc-default-executor-0] INFO  server.RaftServer$Division (RaftServerImpl.java:requestVote(1184)) - be90e73c-a484-4b65-88cf-121e201739e2@group-7E3172ADB9F5 replies to ELECTION vote request: 79881640-4786-45f7-aed0-9e856ede138a<-be90e73c-a484-4b65-88cf-121e201739e2#0:FAIL-t4. Peer's state: be90e73c-a484-4b65-88cf-121e201739e2@group-7E3172ADB9F5:t4, leader=null, voted=be90e73c-a484-4b65-88cf-121e201739e2, raftlog=be90e73c-a484-4b65-88cf-121e201739e2@group-7E3172ADB9F5-SegmentedRaftLog:OPENED:c-1, conf=-1: [cfb127e1-4a9c-4c86-92d2-3c8cc92f4642|rpc:10.1.0.10:40853|priority:0, 79881640-4786-45f7-aed0-9e856ede138a|rpc:10.1.0.10:45433|priority:1, be90e73c-a484-4b65-88cf-121e201739e2|rpc:10.1.0.10:33179|priority:0], old=null
2022-08-20 07:52:03,777 [be90e73c-a484-4b65-88cf-121e201739e2@group-7E3172ADB9F5-LeaderElection13] INFO  impl.LeaderElection (LeaderElection.java:logAndReturn(90)) - be90e73c-a484-4b65-88cf-121e201739e2@group-7E3172ADB9F5-LeaderElection13: ELECTION REJECTED received 1 response(s) and 0 exception(s):
2022-08-20 07:52:03,777 [be90e73c-a484-4b65-88cf-121e201739e2@group-7E3172ADB9F5-LeaderElection13] INFO  impl.LeaderElection (LeaderElection.java:logAndReturn(94)) -   Response 0: be90e73c-a484-4b65-88cf-121e201739e2<-79881640-4786-45f7-aed0-9e856ede138a#0:FAIL-t4
2022-08-20 07:52:03,778 [be90e73c-a484-4b65-88cf-121e201739e2@group-7E3172ADB9F5-LeaderElection13] INFO  impl.LeaderElection (LeaderElection.java:askForVotes(312)) - be90e73c-a484-4b65-88cf-121e201739e2@group-7E3172ADB9F5-LeaderElection13 ELECTION round 0: result REJECTED
2022-08-20 07:52:03,778 [be90e73c-a484-4b65-88cf-121e201739e2@group-7E3172ADB9F5-LeaderElection13] INFO  server.RaftServer$Division (RaftServerImpl.java:setRole(299)) - be90e73c-a484-4b65-88cf-121e201739e2@group-7E3172ADB9F5: changes role from CANDIDATE to FOLLOWER at term 4 for REJECTED
2022-08-20 07:52:03,778 [be90e73c-a484-4b65-88cf-121e201739e2@group-7E3172ADB9F5-LeaderElection13] INFO  impl.RoleInfo (RoleInfo.java:shutdownLeaderElection(130)) - be90e73c-a484-4b65-88cf-121e201739e2: shutdown be90e73c-a484-4b65-88cf-121e201739e2@group-7E3172ADB9F5-LeaderElection13
2022-08-20 07:52:03,778 [be90e73c-a484-4b65-88cf-121e201739e2@group-7E3172ADB9F5-LeaderElection13] INFO  impl.RoleInfo (RoleInfo.java:updateAndGet(139)) - be90e73c-a484-4b65-88cf-121e201739e2: start be90e73c-a484-4b65-88cf-121e201739e2@group-7E3172ADB9F5-FollowerState
07:52:03.781 [IPC Server handler 4 on default port 40219] ERROR OMAudit - user=runner | ip=127.0.0.1 | op=GET_FILE_STATUS {volume=volume53347, bucket=bucket27617, key=.Trash/runner, dataSize=0, replicationConfig=null} | ret=FAILURE
org.apache.hadoop.ozone.om.exceptions.OMException: Unable to get file status: volume: volume53347 bucket: bucket27617 key: .Trash/runner
	at org.apache.hadoop.ozone.om.KeyManagerImpl.getOzoneFileStatusFSO(KeyManagerImpl.java:1376) ~[ozone-manager-1.3.0-SNAPSHOT.jar:?]
	at org.apache.hadoop.ozone.om.KeyManagerImpl.getFileStatus(KeyManagerImpl.java:1239) ~[ozone-manager-1.3.0-SNAPSHOT.jar:?]
	at org.apache.hadoop.ozone.om.OzoneManager.getFileStatus(OzoneManager.java:3469) ~[ozone-manager-1.3.0-SNAPSHOT.jar:?]
	at org.apache.hadoop.ozone.protocolPB.OzoneManagerRequestHandler.getOzoneFileStatus(OzoneManagerRequestHandler.java:882) ~[ozone-manager-1.3.0-SNAPSHOT.jar:?]
	at org.apache.hadoop.ozone.protocolPB.OzoneManagerRequestHandler.handleReadRequest(OzoneManagerRequestHandler.java:228) ~[ozone-manager-1.3.0-SNAPSHOT.jar:?]
	at org.apache.hadoop.ozone.protocolPB.OzoneManagerProtocolServerSideTranslatorPB.submitReadRequestToOM(OzoneManagerProtocolServerSideTranslatorPB.java:226) ~[ozone-manager-1.3.0-SNAPSHOT.jar:?]
	at org.apache.hadoop.ozone.protocolPB.OzoneManagerProtocolServerSideTranslatorPB.processRequest(OzoneManagerProtocolServerSideTranslatorPB.java:175) ~[ozone-manager-1.3.0-SNAPSHOT.jar:?]
	at org.apache.hadoop.hdds.server.OzoneProtocolMessageDispatcher.processRequest(OzoneProtocolMessageDispatcher.java:87) [hdds-server-framework-1.3.0-SNAPSHOT.jar:?]
	at org.apache.hadoop.ozone.protocolPB.OzoneManagerProtocolServerSideTranslatorPB.submitRequest(OzoneManagerProtocolServerSideTranslatorPB.java:147) [ozone-manager-1.3.0-SNAPSHOT.jar:?]
	at org.apache.hadoop.ozone.protocol.proto.OzoneManagerProtocolProtos$OzoneManagerService$2.callBlockingMethod(OzoneManagerProtocolProtos.java) [ozone-interface-client-1.3.0-SNAPSHOT.jar:?]
	at org.apache.hadoop.ipc.ProtobufRpcEngine$Server.processCall(ProtobufRpcEngine.java:466) [hadoop-common-3.3.1.jar:?]
	at org.apache.hadoop.ipc.ProtobufRpcEngine2$Server$ProtoBufRpcInvoker.call(ProtobufRpcEngine2.java:574) [hadoop-common-3.3.1.jar:?]
	at org.apache.hadoop.ipc.ProtobufRpcEngine2$Server$ProtoBufRpcInvoker.call(ProtobufRpcEngine2.java:552) [hadoop-common-3.3.1.jar:?]
	at org.apache.hadoop.ipc.RPC$Server.call(RPC.java:1093) [hadoop-common-3.3.1.jar:?]
	at org.apache.hadoop.ipc.Server$RpcCall.run(Server.java:1035) [hadoop-common-3.3.1.jar:?]
	at org.apache.hadoop.ipc.Server$RpcCall.run(Server.java:963) [hadoop-common-3.3.1.jar:?]
	at java.security.AccessController.doPrivileged(Native Method) ~[?:1.8.0_332]
	at javax.security.auth.Subject.doAs(Subject.java:422) [?:1.8.0_332]
	at org.apache.hadoop.security.UserGroupInformation.doAs(UserGroupInformation.java:1878) [hadoop-common-3.3.1.jar:?]
	at org.apache.hadoop.ipc.Server$Handler.run(Server.java:2966) [hadoop-common-3.3.1.jar:?]
2022-08-20 07:52:03,791 [79881640-4786-45f7-aed0-9e856ede138a@group-7E3172ADB9F5-LeaderElection11] INFO  impl.LeaderElection (LeaderElection.java:logAndReturn(90)) - 79881640-4786-45f7-aed0-9e856ede138a@group-7E3172ADB9F5-LeaderElection11: ELECTION REJECTED received 2 response(s) and 0 exception(s):
2022-08-20 07:52:03,791 [79881640-4786-45f7-aed0-9e856ede138a@group-7E3172ADB9F5-LeaderElection11] INFO  impl.LeaderElection (LeaderElection.java:logAndReturn(94)) -   Response 0: 79881640-4786-45f7-aed0-9e856ede138a<-cfb127e1-4a9c-4c86-92d2-3c8cc92f4642#0:FAIL-t4
2022-08-20 07:52:03,791 [79881640-4786-45f7-aed0-9e856ede138a@group-7E3172ADB9F5-LeaderElection11] INFO  impl.LeaderElection (LeaderElection.java:logAndReturn(94)) -   Response 1: 79881640-4786-45f7-aed0-9e856ede138a<-be90e73c-a484-4b65-88cf-121e201739e2#0:FAIL-t4
2022-08-20 07:52:03,791 [79881640-4786-45f7-aed0-9e856ede138a@group-7E3172ADB9F5-LeaderElection11] INFO  impl.LeaderElection (LeaderElection.java:askForVotes(312)) - 79881640-4786-45f7-aed0-9e856ede138a@group-7E3172ADB9F5-LeaderElection11 ELECTION round 0: result REJECTED
2022-08-20 07:52:03,791 [79881640-4786-45f7-aed0-9e856ede138a@group-7E3172ADB9F5-LeaderElection11] INFO  server.RaftServer$Division (RaftServerImpl.java:setRole(299)) - 79881640-4786-45f7-aed0-9e856ede138a@group-7E3172ADB9F5: changes role from CANDIDATE to FOLLOWER at term 4 for REJECTED
2022-08-20 07:52:03,791 [79881640-4786-45f7-aed0-9e856ede138a@group-7E3172ADB9F5-LeaderElection11] INFO  impl.RoleInfo (RoleInfo.java:shutdownLeaderElection(130)) - 79881640-4786-45f7-aed0-9e856ede138a: shutdown 79881640-4786-45f7-aed0-9e856ede138a@group-7E3172ADB9F5-LeaderElection11
2022-08-20 07:52:03,791 [79881640-4786-45f7-aed0-9e856ede138a@group-7E3172ADB9F5-LeaderElection11] INFO  impl.RoleInfo (RoleInfo.java:updateAndGet(139)) - 79881640-4786-45f7-aed0-9e856ede138a: start 79881640-4786-45f7-aed0-9e856ede138a@group-7E3172ADB9F5-FollowerState
07:52:03.794 [IPC Server handler 6 on default port 40219] ERROR OMAudit - user=runner | ip=127.0.0.1 | op=GET_FILE_STATUS {volume=3832c80f-6451-4ee0-9ee8-b4213d87e43e, bucket=8fd45491-8dd2-4482-b938-c18d236f8d06, key=.Trash, dataSize=0, replicationConfig=null} | ret=FAILURE
org.apache.hadoop.ozone.om.exceptions.OMException: Unable to get file status: volume: 3832c80f-6451-4ee0-9ee8-b4213d87e43e bucket: 8fd45491-8dd2-4482-b938-c18d236f8d06 key: .Trash
	at org.apache.hadoop.ozone.om.KeyManagerImpl.getOzoneFileStatus(KeyManagerImpl.java:1311) ~[ozone-manager-1.3.0-SNAPSHOT.jar:?]
	at org.apache.hadoop.ozone.om.KeyManagerImpl.getFileStatus(KeyManagerImpl.java:1241) ~[ozone-manager-1.3.0-SNAPSHOT.jar:?]
	at org.apache.hadoop.ozone.om.OzoneManager.getFileStatus(OzoneManager.java:3469) ~[ozone-manager-1.3.0-SNAPSHOT.jar:?]
	at org.apache.hadoop.ozone.protocolPB.OzoneManagerRequestHandler.getOzoneFileStatus(OzoneManagerRequestHandler.java:882) ~[ozone-manager-1.3.0-SNAPSHOT.jar:?]
	at org.apache.hadoop.ozone.protocolPB.OzoneManagerRequestHandler.handleReadRequest(OzoneManagerRequestHandler.java:228) ~[ozone-manager-1.3.0-SNAPSHOT.jar:?]
	at org.apache.hadoop.ozone.protocolPB.OzoneManagerProtocolServerSideTranslatorPB.submitReadRequestToOM(OzoneManagerProtocolServerSideTranslatorPB.java:226) ~[ozone-manager-1.3.0-SNAPSHOT.jar:?]
	at org.apache.hadoop.ozone.protocolPB.OzoneManagerProtocolServerSideTranslatorPB.processRequest(OzoneManagerProtocolServerSideTranslatorPB.java:175) ~[ozone-manager-1.3.0-SNAPSHOT.jar:?]
	at org.apache.hadoop.hdds.server.OzoneProtocolMessageDispatcher.processRequest(OzoneProtocolMessageDispatcher.java:87) [hdds-server-framework-1.3.0-SNAPSHOT.jar:?]
	at org.apache.hadoop.ozone.protocolPB.OzoneManagerProtocolServerSideTranslatorPB.submitRequest(OzoneManagerProtocolServerSideTranslatorPB.java:147) [ozone-manager-1.3.0-SNAPSHOT.jar:?]
	at org.apache.hadoop.ozone.protocol.proto.OzoneManagerProtocolProtos$OzoneManagerService$2.callBlockingMethod(OzoneManagerProtocolProtos.java) [ozone-interface-client-1.3.0-SNAPSHOT.jar:?]
	at org.apache.hadoop.ipc.ProtobufRpcEngine$Server.processCall(ProtobufRpcEngine.java:466) [hadoop-common-3.3.1.jar:?]
	at org.apache.hadoop.ipc.ProtobufRpcEngine2$Server$ProtoBufRpcInvoker.call(ProtobufRpcEngine2.java:574) [hadoop-common-3.3.1.jar:?]
	at org.apache.hadoop.ipc.ProtobufRpcEngine2$Server$ProtoBufRpcInvoker.call(ProtobufRpcEngine2.java:552) [hadoop-common-3.3.1.jar:?]
	at org.apache.hadoop.ipc.RPC$Server.call(RPC.java:1093) [hadoop-common-3.3.1.jar:?]
	at org.apache.hadoop.ipc.Server$RpcCall.run(Server.java:1035) [hadoop-common-3.3.1.jar:?]
	at org.apache.hadoop.ipc.Server$RpcCall.run(Server.java:963) [hadoop-common-3.3.1.jar:?]
	at java.security.AccessController.doPrivileged(Native Method) ~[?:1.8.0_332]
	at javax.security.auth.Subject.doAs(Subject.java:422) [?:1.8.0_332]
	at org.apache.hadoop.security.UserGroupInformation.doAs(UserGroupInformation.java:1878) [hadoop-common-3.3.1.jar:?]
	at org.apache.hadoop.ipc.Server$Handler.run(Server.java:2966) [hadoop-common-3.3.1.jar:?]
07:52:03.805 [IPC Server handler 10 on default port 40219] ERROR OMAudit - user=runner | ip=127.0.0.1 | op=GET_FILE_STATUS {volume=volume53347, bucket=bucket27617, key=.Trash, dataSize=0, replicationConfig=null} | ret=FAILURE
org.apache.hadoop.ozone.om.exceptions.OMException: Unable to get file status: volume: volume53347 bucket: bucket27617 key: .Trash
	at org.apache.hadoop.ozone.om.KeyManagerImpl.getOzoneFileStatusFSO(KeyManagerImpl.java:1376) ~[ozone-manager-1.3.0-SNAPSHOT.jar:?]
	at org.apache.hadoop.ozone.om.KeyManagerImpl.getFileStatus(KeyManagerImpl.java:1239) ~[ozone-manager-1.3.0-SNAPSHOT.jar:?]
	at org.apache.hadoop.ozone.om.OzoneManager.getFileStatus(OzoneManager.java:3469) ~[ozone-manager-1.3.0-SNAPSHOT.jar:?]
	at org.apache.hadoop.ozone.protocolPB.OzoneManagerRequestHandler.getOzoneFileStatus(OzoneManagerRequestHandler.java:882) ~[ozone-manager-1.3.0-SNAPSHOT.jar:?]
	at org.apache.hadoop.ozone.protocolPB.OzoneManagerRequestHandler.handleReadRequest(OzoneManagerRequestHandler.java:228) ~[ozone-manager-1.3.0-SNAPSHOT.jar:?]
	at org.apache.hadoop.ozone.protocolPB.OzoneManagerProtocolServerSideTranslatorPB.submitReadRequestToOM(OzoneManagerProtocolServerSideTranslatorPB.java:226) ~[ozone-manager-1.3.0-SNAPSHOT.jar:?]
	at org.apache.hadoop.ozone.protocolPB.OzoneManagerProtocolServerSideTranslatorPB.processRequest(OzoneManagerProtocolServerSideTranslatorPB.java:175) ~[ozone-manager-1.3.0-SNAPSHOT.jar:?]
	at org.apache.hadoop.hdds.server.OzoneProtocolMessageDispatcher.processRequest(OzoneProtocolMessageDispatcher.java:87) [hdds-server-framework-1.3.0-SNAPSHOT.jar:?]
	at org.apache.hadoop.ozone.protocolPB.OzoneManagerProtocolServerSideTranslatorPB.submitRequest(OzoneManagerProtocolServerSideTranslatorPB.java:147) [ozone-manager-1.3.0-SNAPSHOT.jar:?]
	at org.apache.hadoop.ozone.protocol.proto.OzoneManagerProtocolProtos$OzoneManagerService$2.callBlockingMethod(OzoneManagerProtocolProtos.java) [ozone-interface-client-1.3.0-SNAPSHOT.jar:?]
	at org.apache.hadoop.ipc.ProtobufRpcEngine$Server.processCall(ProtobufRpcEngine.java:466) [hadoop-common-3.3.1.jar:?]
	at org.apache.hadoop.ipc.ProtobufRpcEngine2$Server$ProtoBufRpcInvoker.call(ProtobufRpcEngine2.java:574) [hadoop-common-3.3.1.jar:?]
	at org.apache.hadoop.ipc.ProtobufRpcEngine2$Server$ProtoBufRpcInvoker.call(ProtobufRpcEngine2.java:552) [hadoop-common-3.3.1.jar:?]
	at org.apache.hadoop.ipc.RPC$Server.call(RPC.java:1093) [hadoop-common-3.3.1.jar:?]
	at org.apache.hadoop.ipc.Server$RpcCall.run(Server.java:1035) [hadoop-common-3.3.1.jar:?]
	at org.apache.hadoop.ipc.Server$RpcCall.run(Server.java:963) [hadoop-common-3.3.1.jar:?]
	at java.security.AccessController.doPrivileged(Native Method) ~[?:1.8.0_332]
	at javax.security.auth.Subject.doAs(Subject.java:422) [?:1.8.0_332]
	at org.apache.hadoop.security.UserGroupInformation.doAs(UserGroupInformation.java:1878) [hadoop-common-3.3.1.jar:?]
	at org.apache.hadoop.ipc.Server$Handler.run(Server.java:2966) [hadoop-common-3.3.1.jar:?]
07:52:03.812 [IPC Server handler 15 on default port 40219] ERROR OMAudit - user=runner | ip=127.0.0.1 | op=GET_FILE_STATUS {volume=volume53347, bucket=bucket27617, key=.Trash/runner, dataSize=0, replicationConfig=null} | ret=FAILURE
org.apache.hadoop.ozone.om.exceptions.OMException: Unable to get file status: volume: volume53347 bucket: bucket27617 key: .Trash/runner
	at org.apache.hadoop.ozone.om.KeyManagerImpl.getOzoneFileStatusFSO(KeyManagerImpl.java:1376) ~[ozone-manager-1.3.0-SNAPSHOT.jar:?]
	at org.apache.hadoop.ozone.om.KeyManagerImpl.getFileStatus(KeyManagerImpl.java:1239) ~[ozone-manager-1.3.0-SNAPSHOT.jar:?]
	at org.apache.hadoop.ozone.om.OzoneManager.getFileStatus(OzoneManager.java:3469) ~[ozone-manager-1.3.0-SNAPSHOT.jar:?]
	at org.apache.hadoop.ozone.protocolPB.OzoneManagerRequestHandler.getOzoneFileStatus(OzoneManagerRequestHandler.java:882) ~[ozone-manager-1.3.0-SNAPSHOT.jar:?]
	at org.apache.hadoop.ozone.protocolPB.OzoneManagerRequestHandler.handleReadRequest(OzoneManagerRequestHandler.java:228) ~[ozone-manager-1.3.0-SNAPSHOT.jar:?]
	at org.apache.hadoop.ozone.protocolPB.OzoneManagerProtocolServerSideTranslatorPB.submitReadRequestToOM(OzoneManagerProtocolServerSideTranslatorPB.java:226) ~[ozone-manager-1.3.0-SNAPSHOT.jar:?]
	at org.apache.hadoop.ozone.protocolPB.OzoneManagerProtocolServerSideTranslatorPB.processRequest(OzoneManagerProtocolServerSideTranslatorPB.java:175) ~[ozone-manager-1.3.0-SNAPSHOT.jar:?]
	at org.apache.hadoop.hdds.server.OzoneProtocolMessageDispatcher.processRequest(OzoneProtocolMessageDispatcher.java:87) [hdds-server-framework-1.3.0-SNAPSHOT.jar:?]
	at org.apache.hadoop.ozone.protocolPB.OzoneManagerProtocolServerSideTranslatorPB.submitRequest(OzoneManagerProtocolServerSideTranslatorPB.java:147) [ozone-manager-1.3.0-SNAPSHOT.jar:?]
	at org.apache.hadoop.ozone.protocol.proto.OzoneManagerProtocolProtos$OzoneManagerService$2.callBlockingMethod(OzoneManagerProtocolProtos.java) [ozone-interface-client-1.3.0-SNAPSHOT.jar:?]
	at org.apache.hadoop.ipc.ProtobufRpcEngine$Server.processCall(ProtobufRpcEngine.java:466) [hadoop-common-3.3.1.jar:?]
	at org.apache.hadoop.ipc.ProtobufRpcEngine2$Server$ProtoBufRpcInvoker.call(ProtobufRpcEngine2.java:574) [hadoop-common-3.3.1.jar:?]
	at org.apache.hadoop.ipc.ProtobufRpcEngine2$Server$ProtoBufRpcInvoker.call(ProtobufRpcEngine2.java:552) [hadoop-common-3.3.1.jar:?]
	at org.apache.hadoop.ipc.RPC$Server.call(RPC.java:1093) [hadoop-common-3.3.1.jar:?]
	at org.apache.hadoop.ipc.Server$RpcCall.run(Server.java:1035) [hadoop-common-3.3.1.jar:?]
	at org.apache.hadoop.ipc.Server$RpcCall.run(Server.java:963) [hadoop-common-3.3.1.jar:?]
	at java.security.AccessController.doPrivileged(Native Method) ~[?:1.8.0_332]
	at javax.security.auth.Subject.doAs(Subject.java:422) [?:1.8.0_332]
	at org.apache.hadoop.security.UserGroupInformation.doAs(UserGroupInformation.java:1878) [hadoop-common-3.3.1.jar:?]
	at org.apache.hadoop.ipc.Server$Handler.run(Server.java:2966) [hadoop-common-3.3.1.jar:?]
07:52:03.817 [IPC Server handler 18 on default port 40219] ERROR OMAudit - user=runner | ip=127.0.0.1 | op=GET_FILE_STATUS {volume=volume31772, bucket=trashroottest2, key=.Trash/runner, dataSize=0, replicationConfig=null} | ret=FAILURE
org.apache.hadoop.ozone.om.exceptions.OMException: Unable to get file status: volume: volume31772 bucket: trashroottest2 key: .Trash/runner
	at org.apache.hadoop.ozone.om.KeyManagerImpl.getOzoneFileStatusFSO(KeyManagerImpl.java:1376) ~[ozone-manager-1.3.0-SNAPSHOT.jar:?]
	at org.apache.hadoop.ozone.om.KeyManagerImpl.getFileStatus(KeyManagerImpl.java:1239) ~[ozone-manager-1.3.0-SNAPSHOT.jar:?]
	at org.apache.hadoop.ozone.om.OzoneManager.getFileStatus(OzoneManager.java:3469) ~[ozone-manager-1.3.0-SNAPSHOT.jar:?]
	at org.apache.hadoop.ozone.protocolPB.OzoneManagerRequestHandler.getOzoneFileStatus(OzoneManagerRequestHandler.java:882) ~[ozone-manager-1.3.0-SNAPSHOT.jar:?]
	at org.apache.hadoop.ozone.protocolPB.OzoneManagerRequestHandler.handleReadRequest(OzoneManagerRequestHandler.java:228) ~[ozone-manager-1.3.0-SNAPSHOT.jar:?]
	at org.apache.hadoop.ozone.protocolPB.OzoneManagerProtocolServerSideTranslatorPB.submitReadRequestToOM(OzoneManagerProtocolServerSideTranslatorPB.java:226) ~[ozone-manager-1.3.0-SNAPSHOT.jar:?]
	at org.apache.hadoop.ozone.protocolPB.OzoneManagerProtocolServerSideTranslatorPB.processRequest(OzoneManagerProtocolServerSideTranslatorPB.java:175) ~[ozone-manager-1.3.0-SNAPSHOT.jar:?]
	at org.apache.hadoop.hdds.server.OzoneProtocolMessageDispatcher.processRequest(OzoneProtocolMessageDispatcher.java:87) [hdds-server-framework-1.3.0-SNAPSHOT.jar:?]
	at org.apache.hadoop.ozone.protocolPB.OzoneManagerProtocolServerSideTranslatorPB.submitRequest(OzoneManagerProtocolServerSideTranslatorPB.java:147) [ozone-manager-1.3.0-SNAPSHOT.jar:?]
	at org.apache.hadoop.ozone.protocol.proto.OzoneManagerProtocolProtos$OzoneManagerService$2.callBlockingMethod(OzoneManagerProtocolProtos.java) [ozone-interface-client-1.3.0-SNAPSHOT.jar:?]
	at org.apache.hadoop.ipc.ProtobufRpcEngine$Server.processCall(ProtobufRpcEngine.java:466) [hadoop-common-3.3.1.jar:?]
	at org.apache.hadoop.ipc.ProtobufRpcEngine2$Server$ProtoBufRpcInvoker.call(ProtobufRpcEngine2.java:574) [hadoop-common-3.3.1.jar:?]
	at org.apache.hadoop.ipc.ProtobufRpcEngine2$Server$ProtoBufRpcInvoker.call(ProtobufRpcEngine2.java:552) [hadoop-common-3.3.1.jar:?]
	at org.apache.hadoop.ipc.RPC$Server.call(RPC.java:1093) [hadoop-common-3.3.1.jar:?]
	at org.apache.hadoop.ipc.Server$RpcCall.run(Server.java:1035) [hadoop-common-3.3.1.jar:?]
	at org.apache.hadoop.ipc.Server$RpcCall.run(Server.java:963) [hadoop-common-3.3.1.jar:?]
	at java.security.AccessController.doPrivileged(Native Method) ~[?:1.8.0_332]
	at javax.security.auth.Subject.doAs(Subject.java:422) [?:1.8.0_332]
	at org.apache.hadoop.security.UserGroupInformation.doAs(UserGroupInformation.java:1878) [hadoop-common-3.3.1.jar:?]
	at org.apache.hadoop.ipc.Server$Handler.run(Server.java:2966) [hadoop-common-3.3.1.jar:?]
07:52:03.820 [IPC Server handler 3 on default port 40219] ERROR OMAudit - user=runner | ip=127.0.0.1 | op=GET_FILE_STATUS {volume=3832c80f-6451-4ee0-9ee8-b4213d87e43e, bucket=8fd45491-8dd2-4482-b938-c18d236f8d06, key=.Trash, dataSize=0, replicationConfig=null} | ret=FAILURE
org.apache.hadoop.ozone.om.exceptions.OMException: Unable to get file status: volume: 3832c80f-6451-4ee0-9ee8-b4213d87e43e bucket: 8fd45491-8dd2-4482-b938-c18d236f8d06 key: .Trash
	at org.apache.hadoop.ozone.om.KeyManagerImpl.getOzoneFileStatus(KeyManagerImpl.java:1311) ~[ozone-manager-1.3.0-SNAPSHOT.jar:?]
	at org.apache.hadoop.ozone.om.KeyManagerImpl.getFileStatus(KeyManagerImpl.java:1241) ~[ozone-manager-1.3.0-SNAPSHOT.jar:?]
	at org.apache.hadoop.ozone.om.OzoneManager.getFileStatus(OzoneManager.java:3469) ~[ozone-manager-1.3.0-SNAPSHOT.jar:?]
	at org.apache.hadoop.ozone.protocolPB.OzoneManagerRequestHandler.getOzoneFileStatus(OzoneManagerRequestHandler.java:882) ~[ozone-manager-1.3.0-SNAPSHOT.jar:?]
	at org.apache.hadoop.ozone.protocolPB.OzoneManagerRequestHandler.handleReadRequest(OzoneManagerRequestHandler.java:228) ~[ozone-manager-1.3.0-SNAPSHOT.jar:?]
	at org.apache.hadoop.ozone.protocolPB.OzoneManagerProtocolServerSideTranslatorPB.submitReadRequestToOM(OzoneManagerProtocolServerSideTranslatorPB.java:226) ~[ozone-manager-1.3.0-SNAPSHOT.jar:?]
	at org.apache.hadoop.ozone.protocolPB.OzoneManagerProtocolServerSideTranslatorPB.processRequest(OzoneManagerProtocolServerSideTranslatorPB.java:175) ~[ozone-manager-1.3.0-SNAPSHOT.jar:?]
	at org.apache.hadoop.hdds.server.OzoneProtocolMessageDispatcher.processRequest(OzoneProtocolMessageDispatcher.java:87) [hdds-server-framework-1.3.0-SNAPSHOT.jar:?]
	at org.apache.hadoop.ozone.protocolPB.OzoneManagerProtocolServerSideTranslatorPB.submitRequest(OzoneManagerProtocolServerSideTranslatorPB.java:147) [ozone-manager-1.3.0-SNAPSHOT.jar:?]
	at org.apache.hadoop.ozone.protocol.proto.OzoneManagerProtocolProtos$OzoneManagerService$2.callBlockingMethod(OzoneManagerProtocolProtos.java) [ozone-interface-client-1.3.0-SNAPSHOT.jar:?]
	at org.apache.hadoop.ipc.ProtobufRpcEngine$Server.processCall(ProtobufRpcEngine.java:466) [hadoop-common-3.3.1.jar:?]
	at org.apache.hadoop.ipc.ProtobufRpcEngine2$Server$ProtoBufRpcInvoker.call(ProtobufRpcEngine2.java:574) [hadoop-common-3.3.1.jar:?]
	at org.apache.hadoop.ipc.ProtobufRpcEngine2$Server$ProtoBufRpcInvoker.call(ProtobufRpcEngine2.java:552) [hadoop-common-3.3.1.jar:?]
	at org.apache.hadoop.ipc.RPC$Server.call(RPC.java:1093) [hadoop-common-3.3.1.jar:?]
	at org.apache.hadoop.ipc.Server$RpcCall.run(Server.java:1035) [hadoop-common-3.3.1.jar:?]
	at org.apache.hadoop.ipc.Server$RpcCall.run(Server.java:963) [hadoop-common-3.3.1.jar:?]
	at java.security.AccessController.doPrivileged(Native Method) ~[?:1.8.0_332]
	at javax.security.auth.Subject.doAs(Subject.java:422) [?:1.8.0_332]
	at org.apache.hadoop.security.UserGroupInformation.doAs(UserGroupInformation.java:1878) [hadoop-common-3.3.1.jar:?]
	at org.apache.hadoop.ipc.Server$Handler.run(Server.java:2966) [hadoop-common-3.3.1.jar:?]
07:52:03.827 [IPC Server handler 1 on default port 40219] ERROR OMAudit - user=runner | ip=127.0.0.1 | op=GET_FILE_STATUS {volume=volume31772, bucket=trashroottest2, key=.Trash, dataSize=0, replicationConfig=null} | ret=FAILURE
org.apache.hadoop.ozone.om.exceptions.OMException: Unable to get file status: volume: volume31772 bucket: trashroottest2 key: .Trash
	at org.apache.hadoop.ozone.om.KeyManagerImpl.getOzoneFileStatusFSO(KeyManagerImpl.java:1376) ~[ozone-manager-1.3.0-SNAPSHOT.jar:?]
	at org.apache.hadoop.ozone.om.KeyManagerImpl.getFileStatus(KeyManagerImpl.java:1239) ~[ozone-manager-1.3.0-SNAPSHOT.jar:?]
	at org.apache.hadoop.ozone.om.OzoneManager.getFileStatus(OzoneManager.java:3469) ~[ozone-manager-1.3.0-SNAPSHOT.jar:?]
	at org.apache.hadoop.ozone.protocolPB.OzoneManagerRequestHandler.getOzoneFileStatus(OzoneManagerRequestHandler.java:882) ~[ozone-manager-1.3.0-SNAPSHOT.jar:?]
	at org.apache.hadoop.ozone.protocolPB.OzoneManagerRequestHandler.handleReadRequest(OzoneManagerRequestHandler.java:228) ~[ozone-manager-1.3.0-SNAPSHOT.jar:?]
	at org.apache.hadoop.ozone.protocolPB.OzoneManagerProtocolServerSideTranslatorPB.submitReadRequestToOM(OzoneManagerProtocolServerSideTranslatorPB.java:226) ~[ozone-manager-1.3.0-SNAPSHOT.jar:?]
	at org.apache.hadoop.ozone.protocolPB.OzoneManagerProtocolServerSideTranslatorPB.processRequest(OzoneManagerProtocolServerSideTranslatorPB.java:175) ~[ozone-manager-1.3.0-SNAPSHOT.jar:?]
	at org.apache.hadoop.hdds.server.OzoneProtocolMessageDispatcher.processRequest(OzoneProtocolMessageDispatcher.java:87) [hdds-server-framework-1.3.0-SNAPSHOT.jar:?]
	at org.apache.hadoop.ozone.protocolPB.OzoneManagerProtocolServerSideTranslatorPB.submitRequest(OzoneManagerProtocolServerSideTranslatorPB.java:147) [ozone-manager-1.3.0-SNAPSHOT.jar:?]
	at org.apache.hadoop.ozone.protocol.proto.OzoneManagerProtocolProtos$OzoneManagerService$2.callBlockingMethod(OzoneManagerProtocolProtos.java) [ozone-interface-client-1.3.0-SNAPSHOT.jar:?]
	at org.apache.hadoop.ipc.ProtobufRpcEngine$Server.processCall(ProtobufRpcEngine.java:466) [hadoop-common-3.3.1.jar:?]
	at org.apache.hadoop.ipc.ProtobufRpcEngine2$Server$ProtoBufRpcInvoker.call(ProtobufRpcEngine2.java:574) [hadoop-common-3.3.1.jar:?]
	at org.apache.hadoop.ipc.ProtobufRpcEngine2$Server$ProtoBufRpcInvoker.call(ProtobufRpcEngine2.java:552) [hadoop-common-3.3.1.jar:?]
	at org.apache.hadoop.ipc.RPC$Server.call(RPC.java:1093) [hadoop-common-3.3.1.jar:?]
	at org.apache.hadoop.ipc.Server$RpcCall.run(Server.java:1035) [hadoop-common-3.3.1.jar:?]
	at org.apache.hadoop.ipc.Server$RpcCall.run(Server.java:963) [hadoop-common-3.3.1.jar:?]
	at java.security.AccessController.doPrivileged(Native Method) ~[?:1.8.0_332]
	at javax.security.auth.Subject.doAs(Subject.java:422) [?:1.8.0_332]
	at org.apache.hadoop.security.UserGroupInformation.doAs(UserGroupInformation.java:1878) [hadoop-common-3.3.1.jar:?]
	at org.apache.hadoop.ipc.Server$Handler.run(Server.java:2966) [hadoop-common-3.3.1.jar:?]
07:52:03.829 [IPC Server handler 13 on default port 40219] ERROR OMAudit - user=runner | ip=127.0.0.1 | op=GET_FILE_STATUS {volume=volume53347, bucket=bucket27617, key=.Trash, dataSize=0, replicationConfig=null} | ret=FAILURE
org.apache.hadoop.ozone.om.exceptions.OMException: Unable to get file status: volume: volume53347 bucket: bucket27617 key: .Trash
	at org.apache.hadoop.ozone.om.KeyManagerImpl.getOzoneFileStatusFSO(KeyManagerImpl.java:1376) ~[ozone-manager-1.3.0-SNAPSHOT.jar:?]
	at org.apache.hadoop.ozone.om.KeyManagerImpl.getFileStatus(KeyManagerImpl.java:1239) ~[ozone-manager-1.3.0-SNAPSHOT.jar:?]
	at org.apache.hadoop.ozone.om.OzoneManager.getFileStatus(OzoneManager.java:3469) ~[ozone-manager-1.3.0-SNAPSHOT.jar:?]
	at org.apache.hadoop.ozone.protocolPB.OzoneManagerRequestHandler.getOzoneFileStatus(OzoneManagerRequestHandler.java:882) ~[ozone-manager-1.3.0-SNAPSHOT.jar:?]
	at org.apache.hadoop.ozone.protocolPB.OzoneManagerRequestHandler.handleReadRequest(OzoneManagerRequestHandler.java:228) ~[ozone-manager-1.3.0-SNAPSHOT.jar:?]
	at org.apache.hadoop.ozone.protocolPB.OzoneManagerProtocolServerSideTranslatorPB.submitReadRequestToOM(OzoneManagerProtocolServerSideTranslatorPB.java:226) ~[ozone-manager-1.3.0-SNAPSHOT.jar:?]
	at org.apache.hadoop.ozone.protocolPB.OzoneManagerProtocolServerSideTranslatorPB.processRequest(OzoneManagerProtocolServerSideTranslatorPB.java:175) ~[ozone-manager-1.3.0-SNAPSHOT.jar:?]
	at org.apache.hadoop.hdds.server.OzoneProtocolMessageDispatcher.processRequest(OzoneProtocolMessageDispatcher.java:87) [hdds-server-framework-1.3.0-SNAPSHOT.jar:?]
	at org.apache.hadoop.ozone.protocolPB.OzoneManagerProtocolServerSideTranslatorPB.submitRequest(OzoneManagerProtocolServerSideTranslatorPB.java:147) [ozone-manager-1.3.0-SNAPSHOT.jar:?]
	at org.apache.hadoop.ozone.protocol.proto.OzoneManagerProtocolProtos$OzoneManagerService$2.callBlockingMethod(OzoneManagerProtocolProtos.java) [ozone-interface-client-1.3.0-SNAPSHOT.jar:?]
	at org.apache.hadoop.ipc.ProtobufRpcEngine$Server.processCall(ProtobufRpcEngine.java:466) [hadoop-common-3.3.1.jar:?]
	at org.apache.hadoop.ipc.ProtobufRpcEngine2$Server$ProtoBufRpcInvoker.call(ProtobufRpcEngine2.java:574) [hadoop-common-3.3.1.jar:?]
	at org.apache.hadoop.ipc.ProtobufRpcEngine2$Server$ProtoBufRpcInvoker.call(ProtobufRpcEngine2.java:552) [hadoop-common-3.3.1.jar:?]
	at org.apache.hadoop.ipc.RPC$Server.call(RPC.java:1093) [hadoop-common-3.3.1.jar:?]
	at org.apache.hadoop.ipc.Server$RpcCall.run(Server.java:1035) [hadoop-common-3.3.1.jar:?]
	at org.apache.hadoop.ipc.Server$RpcCall.run(Server.java:963) [hadoop-common-3.3.1.jar:?]
	at java.security.AccessController.doPrivileged(Native Method) ~[?:1.8.0_332]
	at javax.security.auth.Subject.doAs(Subject.java:422) [?:1.8.0_332]
	at org.apache.hadoop.security.UserGroupInformation.doAs(UserGroupInformation.java:1878) [hadoop-common-3.3.1.jar:?]
	at org.apache.hadoop.ipc.Server$Handler.run(Server.java:2966) [hadoop-common-3.3.1.jar:?]
07:52:03.836 [IPC Server handler 0 on default port 40219] ERROR OMAudit - user=runner | ip=127.0.0.1 | op=GET_FILE_STATUS {volume=volume53347, bucket=bucket27617, key=.Trash/runner, dataSize=0, replicationConfig=null} | ret=FAILURE
org.apache.hadoop.ozone.om.exceptions.OMException: Unable to get file status: volume: volume53347 bucket: bucket27617 key: .Trash/runner
	at org.apache.hadoop.ozone.om.KeyManagerImpl.getOzoneFileStatusFSO(KeyManagerImpl.java:1376) ~[ozone-manager-1.3.0-SNAPSHOT.jar:?]
	at org.apache.hadoop.ozone.om.KeyManagerImpl.getFileStatus(KeyManagerImpl.java:1239) ~[ozone-manager-1.3.0-SNAPSHOT.jar:?]
	at org.apache.hadoop.ozone.om.OzoneManager.getFileStatus(OzoneManager.java:3469) ~[ozone-manager-1.3.0-SNAPSHOT.jar:?]
	at org.apache.hadoop.ozone.protocolPB.OzoneManagerRequestHandler.getOzoneFileStatus(OzoneManagerRequestHandler.java:882) ~[ozone-manager-1.3.0-SNAPSHOT.jar:?]
	at org.apache.hadoop.ozone.protocolPB.OzoneManagerRequestHandler.handleReadRequest(OzoneManagerRequestHandler.java:228) ~[ozone-manager-1.3.0-SNAPSHOT.jar:?]
	at org.apache.hadoop.ozone.protocolPB.OzoneManagerProtocolServerSideTranslatorPB.submitReadRequestToOM(OzoneManagerProtocolServerSideTranslatorPB.java:226) ~[ozone-manager-1.3.0-SNAPSHOT.jar:?]
	at org.apache.hadoop.ozone.protocolPB.OzoneManagerProtocolServerSideTranslatorPB.processRequest(OzoneManagerProtocolServerSideTranslatorPB.java:175) ~[ozone-manager-1.3.0-SNAPSHOT.jar:?]
	at org.apache.hadoop.hdds.server.OzoneProtocolMessageDispatcher.processRequest(OzoneProtocolMessageDispatcher.java:87) [hdds-server-framework-1.3.0-SNAPSHOT.jar:?]
	at org.apache.hadoop.ozone.protocolPB.OzoneManagerProtocolServerSideTranslatorPB.submitRequest(OzoneManagerProtocolServerSideTranslatorPB.java:147) [ozone-manager-1.3.0-SNAPSHOT.jar:?]
	at org.apache.hadoop.ozone.protocol.proto.OzoneManagerProtocolProtos$OzoneManagerService$2.callBlockingMethod(OzoneManagerProtocolProtos.java) [ozone-interface-client-1.3.0-SNAPSHOT.jar:?]
	at org.apache.hadoop.ipc.ProtobufRpcEngine$Server.processCall(ProtobufRpcEngine.java:466) [hadoop-common-3.3.1.jar:?]
	at org.apache.hadoop.ipc.ProtobufRpcEngine2$Server$ProtoBufRpcInvoker.call(ProtobufRpcEngine2.java:574) [hadoop-common-3.3.1.jar:?]
	at org.apache.hadoop.ipc.ProtobufRpcEngine2$Server$ProtoBufRpcInvoker.call(ProtobufRpcEngine2.java:552) [hadoop-common-3.3.1.jar:?]
	at org.apache.hadoop.ipc.RPC$Server.call(RPC.java:1093) [hadoop-common-3.3.1.jar:?]
	at org.apache.hadoop.ipc.Server$RpcCall.run(Server.java:1035) [hadoop-common-3.3.1.jar:?]
	at org.apache.hadoop.ipc.Server$RpcCall.run(Server.java:963) [hadoop-common-3.3.1.jar:?]
	at java.security.AccessController.doPrivileged(Native Method) ~[?:1.8.0_332]
	at javax.security.auth.Subject.doAs(Subject.java:422) [?:1.8.0_332]
	at org.apache.hadoop.security.UserGroupInformation.doAs(UserGroupInformation.java:1878) [hadoop-common-3.3.1.jar:?]
	at org.apache.hadoop.ipc.Server$Handler.run(Server.java:2966) [hadoop-common-3.3.1.jar:?]
07:52:03.842 [IPC Server handler 9 on default port 40219] ERROR OMAudit - user=runner | ip=127.0.0.1 | op=GET_FILE_STATUS {volume=volume31772, bucket=trashroottest2, key=.Trash/runner, dataSize=0, replicationConfig=null} | ret=FAILURE
org.apache.hadoop.ozone.om.exceptions.OMException: Unable to get file status: volume: volume31772 bucket: trashroottest2 key: .Trash/runner
	at org.apache.hadoop.ozone.om.KeyManagerImpl.getOzoneFileStatusFSO(KeyManagerImpl.java:1376) ~[ozone-manager-1.3.0-SNAPSHOT.jar:?]
	at org.apache.hadoop.ozone.om.KeyManagerImpl.getFileStatus(KeyManagerImpl.java:1239) ~[ozone-manager-1.3.0-SNAPSHOT.jar:?]
	at org.apache.hadoop.ozone.om.OzoneManager.getFileStatus(OzoneManager.java:3469) ~[ozone-manager-1.3.0-SNAPSHOT.jar:?]
	at org.apache.hadoop.ozone.protocolPB.OzoneManagerRequestHandler.getOzoneFileStatus(OzoneManagerRequestHandler.java:882) ~[ozone-manager-1.3.0-SNAPSHOT.jar:?]
	at org.apache.hadoop.ozone.protocolPB.OzoneManagerRequestHandler.handleReadRequest(OzoneManagerRequestHandler.java:228) ~[ozone-manager-1.3.0-SNAPSHOT.jar:?]
	at org.apache.hadoop.ozone.protocolPB.OzoneManagerProtocolServerSideTranslatorPB.submitReadRequestToOM(OzoneManagerProtocolServerSideTranslatorPB.java:226) ~[ozone-manager-1.3.0-SNAPSHOT.jar:?]
	at org.apache.hadoop.ozone.protocolPB.OzoneManagerProtocolServerSideTranslatorPB.processRequest(OzoneManagerProtocolServerSideTranslatorPB.java:175) ~[ozone-manager-1.3.0-SNAPSHOT.jar:?]
	at org.apache.hadoop.hdds.server.OzoneProtocolMessageDispatcher.processRequest(OzoneProtocolMessageDispatcher.java:87) [hdds-server-framework-1.3.0-SNAPSHOT.jar:?]
	at org.apache.hadoop.ozone.protocolPB.OzoneManagerProtocolServerSideTranslatorPB.submitRequest(OzoneManagerProtocolServerSideTranslatorPB.java:147) [ozone-manager-1.3.0-SNAPSHOT.jar:?]
	at org.apache.hadoop.ozone.protocol.proto.OzoneManagerProtocolProtos$OzoneManagerService$2.callBlockingMethod(OzoneManagerProtocolProtos.java) [ozone-interface-client-1.3.0-SNAPSHOT.jar:?]
	at org.apache.hadoop.ipc.ProtobufRpcEngine$Server.processCall(ProtobufRpcEngine.java:466) [hadoop-common-3.3.1.jar:?]
	at org.apache.hadoop.ipc.ProtobufRpcEngine2$Server$ProtoBufRpcInvoker.call(ProtobufRpcEngine2.java:574) [hadoop-common-3.3.1.jar:?]
	at org.apache.hadoop.ipc.ProtobufRpcEngine2$Server$ProtoBufRpcInvoker.call(ProtobufRpcEngine2.java:552) [hadoop-common-3.3.1.jar:?]
	at org.apache.hadoop.ipc.RPC$Server.call(RPC.java:1093) [hadoop-common-3.3.1.jar:?]
	at org.apache.hadoop.ipc.Server$RpcCall.run(Server.java:1035) [hadoop-common-3.3.1.jar:?]
	at org.apache.hadoop.ipc.Server$RpcCall.run(Server.java:963) [hadoop-common-3.3.1.jar:?]
	at java.security.AccessController.doPrivileged(Native Method) ~[?:1.8.0_332]
	at javax.security.auth.Subject.doAs(Subject.java:422) [?:1.8.0_332]
	at org.apache.hadoop.security.UserGroupInformation.doAs(UserGroupInformation.java:1878) [hadoop-common-3.3.1.jar:?]
	at org.apache.hadoop.ipc.Server$Handler.run(Server.java:2966) [hadoop-common-3.3.1.jar:?]
07:52:03.846 [IPC Server handler 17 on default port 40219] ERROR OMAudit - user=runner | ip=127.0.0.1 | op=GET_FILE_STATUS {volume=3832c80f-6451-4ee0-9ee8-b4213d87e43e, bucket=8fd45491-8dd2-4482-b938-c18d236f8d06, key=.Trash, dataSize=0, replicationConfig=null} | ret=FAILURE
org.apache.hadoop.ozone.om.exceptions.OMException: Unable to get file status: volume: 3832c80f-6451-4ee0-9ee8-b4213d87e43e bucket: 8fd45491-8dd2-4482-b938-c18d236f8d06 key: .Trash
	at org.apache.hadoop.ozone.om.KeyManagerImpl.getOzoneFileStatus(KeyManagerImpl.java:1311) ~[ozone-manager-1.3.0-SNAPSHOT.jar:?]
	at org.apache.hadoop.ozone.om.KeyManagerImpl.getFileStatus(KeyManagerImpl.java:1241) ~[ozone-manager-1.3.0-SNAPSHOT.jar:?]
	at org.apache.hadoop.ozone.om.OzoneManager.getFileStatus(OzoneManager.java:3469) ~[ozone-manager-1.3.0-SNAPSHOT.jar:?]
	at org.apache.hadoop.ozone.protocolPB.OzoneManagerRequestHandler.getOzoneFileStatus(OzoneManagerRequestHandler.java:882) ~[ozone-manager-1.3.0-SNAPSHOT.jar:?]
	at org.apache.hadoop.ozone.protocolPB.OzoneManagerRequestHandler.handleReadRequest(OzoneManagerRequestHandler.java:228) ~[ozone-manager-1.3.0-SNAPSHOT.jar:?]
	at org.apache.hadoop.ozone.protocolPB.OzoneManagerProtocolServerSideTranslatorPB.submitReadRequestToOM(OzoneManagerProtocolServerSideTranslatorPB.java:226) ~[ozone-manager-1.3.0-SNAPSHOT.jar:?]
	at org.apache.hadoop.ozone.protocolPB.OzoneManagerProtocolServerSideTranslatorPB.processRequest(OzoneManagerProtocolServerSideTranslatorPB.java:175) ~[ozone-manager-1.3.0-SNAPSHOT.jar:?]
	at org.apache.hadoop.hdds.server.OzoneProtocolMessageDispatcher.processRequest(OzoneProtocolMessageDispatcher.java:87) [hdds-server-framework-1.3.0-SNAPSHOT.jar:?]
	at org.apache.hadoop.ozone.protocolPB.OzoneManagerProtocolServerSideTranslatorPB.submitRequest(OzoneManagerProtocolServerSideTranslatorPB.java:147) [ozone-manager-1.3.0-SNAPSHOT.jar:?]
	at org.apache.hadoop.ozone.protocol.proto.OzoneManagerProtocolProtos$OzoneManagerService$2.callBlockingMethod(OzoneManagerProtocolProtos.java) [ozone-interface-client-1.3.0-SNAPSHOT.jar:?]
	at org.apache.hadoop.ipc.ProtobufRpcEngine$Server.processCall(ProtobufRpcEngine.java:466) [hadoop-common-3.3.1.jar:?]
	at org.apache.hadoop.ipc.ProtobufRpcEngine2$Server$ProtoBufRpcInvoker.call(ProtobufRpcEngine2.java:574) [hadoop-common-3.3.1.jar:?]
	at org.apache.hadoop.ipc.ProtobufRpcEngine2$Server$ProtoBufRpcInvoker.call(ProtobufRpcEngine2.java:552) [hadoop-common-3.3.1.jar:?]
	at org.apache.hadoop.ipc.RPC$Server.call(RPC.java:1093) [hadoop-common-3.3.1.jar:?]
	at org.apache.hadoop.ipc.Server$RpcCall.run(Server.java:1035) [hadoop-common-3.3.1.jar:?]
	at org.apache.hadoop.ipc.Server$RpcCall.run(Server.java:963) [hadoop-common-3.3.1.jar:?]
	at java.security.AccessController.doPrivileged(Native Method) ~[?:1.8.0_332]
	at javax.security.auth.Subject.doAs(Subject.java:422) [?:1.8.0_332]
	at org.apache.hadoop.security.UserGroupInformation.doAs(UserGroupInformation.java:1878) [hadoop-common-3.3.1.jar:?]
	at org.apache.hadoop.ipc.Server$Handler.run(Server.java:2966) [hadoop-common-3.3.1.jar:?]
07:52:03.852 [IPC Server handler 11 on default port 40219] ERROR OMAudit - user=runner | ip=127.0.0.1 | op=GET_FILE_STATUS {volume=volume31772, bucket=trashroottest2, key=.Trash, dataSize=0, replicationConfig=null} | ret=FAILURE
org.apache.hadoop.ozone.om.exceptions.OMException: Unable to get file status: volume: volume31772 bucket: trashroottest2 key: .Trash
	at org.apache.hadoop.ozone.om.KeyManagerImpl.getOzoneFileStatusFSO(KeyManagerImpl.java:1376) ~[ozone-manager-1.3.0-SNAPSHOT.jar:?]
	at org.apache.hadoop.ozone.om.KeyManagerImpl.getFileStatus(KeyManagerImpl.java:1239) ~[ozone-manager-1.3.0-SNAPSHOT.jar:?]
	at org.apache.hadoop.ozone.om.OzoneManager.getFileStatus(OzoneManager.java:3469) ~[ozone-manager-1.3.0-SNAPSHOT.jar:?]
	at org.apache.hadoop.ozone.protocolPB.OzoneManagerRequestHandler.getOzoneFileStatus(OzoneManagerRequestHandler.java:882) ~[ozone-manager-1.3.0-SNAPSHOT.jar:?]
	at org.apache.hadoop.ozone.protocolPB.OzoneManagerRequestHandler.handleReadRequest(OzoneManagerRequestHandler.java:228) ~[ozone-manager-1.3.0-SNAPSHOT.jar:?]
	at org.apache.hadoop.ozone.protocolPB.OzoneManagerProtocolServerSideTranslatorPB.submitReadRequestToOM(OzoneManagerProtocolServerSideTranslatorPB.java:226) ~[ozone-manager-1.3.0-SNAPSHOT.jar:?]
	at org.apache.hadoop.ozone.protocolPB.OzoneManagerProtocolServerSideTranslatorPB.processRequest(OzoneManagerProtocolServerSideTranslatorPB.java:175) ~[ozone-manager-1.3.0-SNAPSHOT.jar:?]
	at org.apache.hadoop.hdds.server.OzoneProtocolMessageDispatcher.processRequest(OzoneProtocolMessageDispatcher.java:87) [hdds-server-framework-1.3.0-SNAPSHOT.jar:?]
	at org.apache.hadoop.ozone.protocolPB.OzoneManagerProtocolServerSideTranslatorPB.submitRequest(OzoneManagerProtocolServerSideTranslatorPB.java:147) [ozone-manager-1.3.0-SNAPSHOT.jar:?]
	at org.apache.hadoop.ozone.protocol.proto.OzoneManagerProtocolProtos$OzoneManagerService$2.callBlockingMethod(OzoneManagerProtocolProtos.java) [ozone-interface-client-1.3.0-SNAPSHOT.jar:?]
	at org.apache.hadoop.ipc.ProtobufRpcEngine$Server.processCall(ProtobufRpcEngine.java:466) [hadoop-common-3.3.1.jar:?]
	at org.apache.hadoop.ipc.ProtobufRpcEngine2$Server$ProtoBufRpcInvoker.call(ProtobufRpcEngine2.java:574) [hadoop-common-3.3.1.jar:?]
	at org.apache.hadoop.ipc.ProtobufRpcEngine2$Server$ProtoBufRpcInvoker.call(ProtobufRpcEngine2.java:552) [hadoop-common-3.3.1.jar:?]
	at org.apache.hadoop.ipc.RPC$Server.call(RPC.java:1093) [hadoop-common-3.3.1.jar:?]
	at org.apache.hadoop.ipc.Server$RpcCall.run(Server.java:1035) [hadoop-common-3.3.1.jar:?]
	at org.apache.hadoop.ipc.Server$RpcCall.run(Server.java:963) [hadoop-common-3.3.1.jar:?]
	at java.security.AccessController.doPrivileged(Native Method) ~[?:1.8.0_332]
	at javax.security.auth.Subject.doAs(Subject.java:422) [?:1.8.0_332]
	at org.apache.hadoop.security.UserGroupInformation.doAs(UserGroupInformation.java:1878) [hadoop-common-3.3.1.jar:?]
	at org.apache.hadoop.ipc.Server$Handler.run(Server.java:2966) [hadoop-common-3.3.1.jar:?]
07:52:03.854 [IPC Server handler 3 on default port 40219] ERROR OMAudit - user=runner | ip=127.0.0.1 | op=GET_FILE_STATUS {volume=volume53347, bucket=bucket27617, key=.Trash, dataSize=0, replicationConfig=null} | ret=FAILURE
org.apache.hadoop.ozone.om.exceptions.OMException: Unable to get file status: volume: volume53347 bucket: bucket27617 key: .Trash
	at org.apache.hadoop.ozone.om.KeyManagerImpl.getOzoneFileStatusFSO(KeyManagerImpl.java:1376) ~[ozone-manager-1.3.0-SNAPSHOT.jar:?]
	at org.apache.hadoop.ozone.om.KeyManagerImpl.getFileStatus(KeyManagerImpl.java:1239) ~[ozone-manager-1.3.0-SNAPSHOT.jar:?]
	at org.apache.hadoop.ozone.om.OzoneManager.getFileStatus(OzoneManager.java:3469) ~[ozone-manager-1.3.0-SNAPSHOT.jar:?]
	at org.apache.hadoop.ozone.protocolPB.OzoneManagerRequestHandler.getOzoneFileStatus(OzoneManagerRequestHandler.java:882) ~[ozone-manager-1.3.0-SNAPSHOT.jar:?]
	at org.apache.hadoop.ozone.protocolPB.OzoneManagerRequestHandler.handleReadRequest(OzoneManagerRequestHandler.java:228) ~[ozone-manager-1.3.0-SNAPSHOT.jar:?]
	at org.apache.hadoop.ozone.protocolPB.OzoneManagerProtocolServerSideTranslatorPB.submitReadRequestToOM(OzoneManagerProtocolServerSideTranslatorPB.java:226) ~[ozone-manager-1.3.0-SNAPSHOT.jar:?]
	at org.apache.hadoop.ozone.protocolPB.OzoneManagerProtocolServerSideTranslatorPB.processRequest(OzoneManagerProtocolServerSideTranslatorPB.java:175) ~[ozone-manager-1.3.0-SNAPSHOT.jar:?]
	at org.apache.hadoop.hdds.server.OzoneProtocolMessageDispatcher.processRequest(OzoneProtocolMessageDispatcher.java:87) [hdds-server-framework-1.3.0-SNAPSHOT.jar:?]
	at org.apache.hadoop.ozone.protocolPB.OzoneManagerProtocolServerSideTranslatorPB.submitRequest(OzoneManagerProtocolServerSideTranslatorPB.java:147) [ozone-manager-1.3.0-SNAPSHOT.jar:?]
	at org.apache.hadoop.ozone.protocol.proto.OzoneManagerProtocolProtos$OzoneManagerService$2.callBlockingMethod(OzoneManagerProtocolProtos.java) [ozone-interface-client-1.3.0-SNAPSHOT.jar:?]
	at org.apache.hadoop.ipc.ProtobufRpcEngine$Server.processCall(ProtobufRpcEngine.java:466) [hadoop-common-3.3.1.jar:?]
	at org.apache.hadoop.ipc.ProtobufRpcEngine2$Server$ProtoBufRpcInvoker.call(ProtobufRpcEngine2.java:574) [hadoop-common-3.3.1.jar:?]
	at org.apache.hadoop.ipc.ProtobufRpcEngine2$Server$ProtoBufRpcInvoker.call(ProtobufRpcEngine2.java:552) [hadoop-common-3.3.1.jar:?]
	at org.apache.hadoop.ipc.RPC$Server.call(RPC.java:1093) [hadoop-common-3.3.1.jar:?]
	at org.apache.hadoop.ipc.Server$RpcCall.run(Server.java:1035) [hadoop-common-3.3.1.jar:?]
	at org.apache.hadoop.ipc.Server$RpcCall.run(Server.java:963) [hadoop-common-3.3.1.jar:?]
	at java.security.AccessController.doPrivileged(Native Method) ~[?:1.8.0_332]
	at javax.security.auth.Subject.doAs(Subject.java:422) [?:1.8.0_332]
	at org.apache.hadoop.security.UserGroupInformation.doAs(UserGroupInformation.java:1878) [hadoop-common-3.3.1.jar:?]
	at org.apache.hadoop.ipc.Server$Handler.run(Server.java:2966) [hadoop-common-3.3.1.jar:?]
07:52:03.866 [IPC Server handler 2 on default port 40219] ERROR OMAudit - user=runner | ip=127.0.0.1 | op=GET_FILE_STATUS {volume=volume31772, bucket=bucket59135, key=.Trash/runner, dataSize=0, replicationConfig=null} | ret=FAILURE
org.apache.hadoop.ozone.om.exceptions.OMException: Unable to get file status: volume: volume31772 bucket: bucket59135 key: .Trash/runner
	at org.apache.hadoop.ozone.om.KeyManagerImpl.getOzoneFileStatusFSO(KeyManagerImpl.java:1376) ~[ozone-manager-1.3.0-SNAPSHOT.jar:?]
	at org.apache.hadoop.ozone.om.KeyManagerImpl.getFileStatus(KeyManagerImpl.java:1239) ~[ozone-manager-1.3.0-SNAPSHOT.jar:?]
	at org.apache.hadoop.ozone.om.OzoneManager.getFileStatus(OzoneManager.java:3469) ~[ozone-manager-1.3.0-SNAPSHOT.jar:?]
	at org.apache.hadoop.ozone.protocolPB.OzoneManagerRequestHandler.getOzoneFileStatus(OzoneManagerRequestHandler.java:882) ~[ozone-manager-1.3.0-SNAPSHOT.jar:?]
	at org.apache.hadoop.ozone.protocolPB.OzoneManagerRequestHandler.handleReadRequest(OzoneManagerRequestHandler.java:228) ~[ozone-manager-1.3.0-SNAPSHOT.jar:?]
	at org.apache.hadoop.ozone.protocolPB.OzoneManagerProtocolServerSideTranslatorPB.submitReadRequestToOM(OzoneManagerProtocolServerSideTranslatorPB.java:226) ~[ozone-manager-1.3.0-SNAPSHOT.jar:?]
	at org.apache.hadoop.ozone.protocolPB.OzoneManagerProtocolServerSideTranslatorPB.processRequest(OzoneManagerProtocolServerSideTranslatorPB.java:175) ~[ozone-manager-1.3.0-SNAPSHOT.jar:?]
	at org.apache.hadoop.hdds.server.OzoneProtocolMessageDispatcher.processRequest(OzoneProtocolMessageDispatcher.java:87) [hdds-server-framework-1.3.0-SNAPSHOT.jar:?]
	at org.apache.hadoop.ozone.protocolPB.OzoneManagerProtocolServerSideTranslatorPB.submitRequest(OzoneManagerProtocolServerSideTranslatorPB.java:147) [ozone-manager-1.3.0-SNAPSHOT.jar:?]
	at org.apache.hadoop.ozone.protocol.proto.OzoneManagerProtocolProtos$OzoneManagerService$2.callBlockingMethod(OzoneManagerProtocolProtos.java) [ozone-interface-client-1.3.0-SNAPSHOT.jar:?]
	at org.apache.hadoop.ipc.ProtobufRpcEngine$Server.processCall(ProtobufRpcEngine.java:466) [hadoop-common-3.3.1.jar:?]
	at org.apache.hadoop.ipc.ProtobufRpcEngine2$Server$ProtoBufRpcInvoker.call(ProtobufRpcEngine2.java:574) [hadoop-common-3.3.1.jar:?]
	at org.apache.hadoop.ipc.ProtobufRpcEngine2$Server$ProtoBufRpcInvoker.call(ProtobufRpcEngine2.java:552) [hadoop-common-3.3.1.jar:?]
	at org.apache.hadoop.ipc.RPC$Server.call(RPC.java:1093) [hadoop-common-3.3.1.jar:?]
	at org.apache.hadoop.ipc.Server$RpcCall.run(Server.java:1035) [hadoop-common-3.3.1.jar:?]
	at org.apache.hadoop.ipc.Server$RpcCall.run(Server.java:963) [hadoop-common-3.3.1.jar:?]
	at java.security.AccessController.doPrivileged(Native Method) ~[?:1.8.0_332]
	at javax.security.auth.Subject.doAs(Subject.java:422) [?:1.8.0_332]
	at org.apache.hadoop.security.UserGroupInformation.doAs(UserGroupInformation.java:1878) [hadoop-common-3.3.1.jar:?]
	at org.apache.hadoop.ipc.Server$Handler.run(Server.java:2966) [hadoop-common-3.3.1.jar:?]
07:52:03.869 [IPC Server handler 7 on default port 40219] ERROR OMAudit - user=runner | ip=127.0.0.1 | op=GET_FILE_STATUS {volume=3832c80f-6451-4ee0-9ee8-b4213d87e43e, bucket=8fd45491-8dd2-4482-b938-c18d236f8d06, key=.Trash, dataSize=0, replicationConfig=null} | ret=FAILURE
org.apache.hadoop.ozone.om.exceptions.OMException: Unable to get file status: volume: 3832c80f-6451-4ee0-9ee8-b4213d87e43e bucket: 8fd45491-8dd2-4482-b938-c18d236f8d06 key: .Trash
	at org.apache.hadoop.ozone.om.KeyManagerImpl.getOzoneFileStatus(KeyManagerImpl.java:1311) ~[ozone-manager-1.3.0-SNAPSHOT.jar:?]
	at org.apache.hadoop.ozone.om.KeyManagerImpl.getFileStatus(KeyManagerImpl.java:1241) ~[ozone-manager-1.3.0-SNAPSHOT.jar:?]
	at org.apache.hadoop.ozone.om.OzoneManager.getFileStatus(OzoneManager.java:3469) ~[ozone-manager-1.3.0-SNAPSHOT.jar:?]
	at org.apache.hadoop.ozone.protocolPB.OzoneManagerRequestHandler.getOzoneFileStatus(OzoneManagerRequestHandler.java:882) ~[ozone-manager-1.3.0-SNAPSHOT.jar:?]
	at org.apache.hadoop.ozone.protocolPB.OzoneManagerRequestHandler.handleReadRequest(OzoneManagerRequestHandler.java:228) ~[ozone-manager-1.3.0-SNAPSHOT.jar:?]
	at org.apache.hadoop.ozone.protocolPB.OzoneManagerProtocolServerSideTranslatorPB.submitReadRequestToOM(OzoneManagerProtocolServerSideTranslatorPB.java:226) ~[ozone-manager-1.3.0-SNAPSHOT.jar:?]
	at org.apache.hadoop.ozone.protocolPB.OzoneManagerProtocolServerSideTranslatorPB.processRequest(OzoneManagerProtocolServerSideTranslatorPB.java:175) ~[ozone-manager-1.3.0-SNAPSHOT.jar:?]
	at org.apache.hadoop.hdds.server.OzoneProtocolMessageDispatcher.processRequest(OzoneProtocolMessageDispatcher.java:87) [hdds-server-framework-1.3.0-SNAPSHOT.jar:?]
	at org.apache.hadoop.ozone.protocolPB.OzoneManagerProtocolServerSideTranslatorPB.submitRequest(OzoneManagerProtocolServerSideTranslatorPB.java:147) [ozone-manager-1.3.0-SNAPSHOT.jar:?]
	at org.apache.hadoop.ozone.protocol.proto.OzoneManagerProtocolProtos$OzoneManagerService$2.callBlockingMethod(OzoneManagerProtocolProtos.java) [ozone-interface-client-1.3.0-SNAPSHOT.jar:?]
	at org.apache.hadoop.ipc.ProtobufRpcEngine$Server.processCall(ProtobufRpcEngine.java:466) [hadoop-common-3.3.1.jar:?]
	at org.apache.hadoop.ipc.ProtobufRpcEngine2$Server$ProtoBufRpcInvoker.call(ProtobufRpcEngine2.java:574) [hadoop-common-3.3.1.jar:?]
	at org.apache.hadoop.ipc.ProtobufRpcEngine2$Server$ProtoBufRpcInvoker.call(ProtobufRpcEngine2.java:552) [hadoop-common-3.3.1.jar:?]
	at org.apache.hadoop.ipc.RPC$Server.call(RPC.java:1093) [hadoop-common-3.3.1.jar:?]
	at org.apache.hadoop.ipc.Server$RpcCall.run(Server.java:1035) [hadoop-common-3.3.1.jar:?]
	at org.apache.hadoop.ipc.Server$RpcCall.run(Server.java:963) [hadoop-common-3.3.1.jar:?]
	at java.security.AccessController.doPrivileged(Native Method) ~[?:1.8.0_332]
	at javax.security.auth.Subject.doAs(Subject.java:422) [?:1.8.0_332]
	at org.apache.hadoop.security.UserGroupInformation.doAs(UserGroupInformation.java:1878) [hadoop-common-3.3.1.jar:?]
	at org.apache.hadoop.ipc.Server$Handler.run(Server.java:2966) [hadoop-common-3.3.1.jar:?]
]]></system-out>
  </testcase>
  <testcase name="testGetTrashRoots" classname="TestRootedOzoneFileSystemWithFSO" time="0.527">
    <system-out><![CDATA[2022-08-20 07:53:13,952 [Time-limited test] INFO  rpc.RpcClient (RpcClient.java:createVolume(471)) - Creating Volume: volume26866, with user02227 as owner and space quota set to -1 bytes, counts quota set to -1
2022-08-20 07:53:13,954 [IPC Server handler 18 on default port 35463] INFO  volume.OMVolumeCreateRequest (OMVolumeCreateRequest.java:validateAndUpdateCache(195)) - created volume:volume26866 for user:user02227
2022-08-20 07:53:13,955 [Time-limited test] INFO  rpc.RpcClient (RpcClient.java:createBucket(674)) - Creating Bucket: volume26866/bucket89184, with bucket layout FILE_SYSTEM_OPTIMIZED, runner as owner, Versioning false, Storage Type set to DISK and Encryption set to false 
2022-08-20 07:53:13,956 [IPC Server handler 17 on default port 35463] INFO  bucket.OMBucketCreateRequest (OMBucketCreateRequest.java:validateAndUpdateCache(260)) - created bucket: bucket89184 of layout FILE_SYSTEM_OPTIMIZED in volume: volume26866
07:53:13.960 [IPC Server handler 6 on default port 35463] ERROR OMAudit - user=runner | ip=127.0.0.1 | op=GET_FILE_STATUS {volume=volume26866, bucket=bucket89184, key=.Trash/runner, dataSize=0, replicationConfig=null} | ret=FAILURE
org.apache.hadoop.ozone.om.exceptions.OMException: Unable to get file status: volume: volume26866 bucket: bucket89184 key: .Trash/runner
	at org.apache.hadoop.ozone.om.KeyManagerImpl.getOzoneFileStatusFSO(KeyManagerImpl.java:1376) ~[ozone-manager-1.3.0-SNAPSHOT.jar:?]
	at org.apache.hadoop.ozone.om.KeyManagerImpl.getFileStatus(KeyManagerImpl.java:1239) ~[ozone-manager-1.3.0-SNAPSHOT.jar:?]
	at org.apache.hadoop.ozone.om.OzoneManager.getFileStatus(OzoneManager.java:3469) ~[ozone-manager-1.3.0-SNAPSHOT.jar:?]
	at org.apache.hadoop.ozone.protocolPB.OzoneManagerRequestHandler.getOzoneFileStatus(OzoneManagerRequestHandler.java:882) ~[ozone-manager-1.3.0-SNAPSHOT.jar:?]
	at org.apache.hadoop.ozone.protocolPB.OzoneManagerRequestHandler.handleReadRequest(OzoneManagerRequestHandler.java:228) ~[ozone-manager-1.3.0-SNAPSHOT.jar:?]
	at org.apache.hadoop.ozone.protocolPB.OzoneManagerProtocolServerSideTranslatorPB.submitRequestDirectlyToOM(OzoneManagerProtocolServerSideTranslatorPB.java:276) ~[ozone-manager-1.3.0-SNAPSHOT.jar:?]
	at org.apache.hadoop.ozone.protocolPB.OzoneManagerProtocolServerSideTranslatorPB.processRequest(OzoneManagerProtocolServerSideTranslatorPB.java:205) ~[ozone-manager-1.3.0-SNAPSHOT.jar:?]
	at org.apache.hadoop.hdds.server.OzoneProtocolMessageDispatcher.processRequest(OzoneProtocolMessageDispatcher.java:87) [hdds-server-framework-1.3.0-SNAPSHOT.jar:?]
	at org.apache.hadoop.ozone.protocolPB.OzoneManagerProtocolServerSideTranslatorPB.submitRequest(OzoneManagerProtocolServerSideTranslatorPB.java:147) [ozone-manager-1.3.0-SNAPSHOT.jar:?]
	at org.apache.hadoop.ozone.protocol.proto.OzoneManagerProtocolProtos$OzoneManagerService$2.callBlockingMethod(OzoneManagerProtocolProtos.java) [ozone-interface-client-1.3.0-SNAPSHOT.jar:?]
	at org.apache.hadoop.ipc.ProtobufRpcEngine$Server.processCall(ProtobufRpcEngine.java:466) [hadoop-common-3.3.1.jar:?]
	at org.apache.hadoop.ipc.ProtobufRpcEngine2$Server$ProtoBufRpcInvoker.call(ProtobufRpcEngine2.java:574) [hadoop-common-3.3.1.jar:?]
	at org.apache.hadoop.ipc.ProtobufRpcEngine2$Server$ProtoBufRpcInvoker.call(ProtobufRpcEngine2.java:552) [hadoop-common-3.3.1.jar:?]
	at org.apache.hadoop.ipc.RPC$Server.call(RPC.java:1093) [hadoop-common-3.3.1.jar:?]
	at org.apache.hadoop.ipc.Server$RpcCall.run(Server.java:1035) [hadoop-common-3.3.1.jar:?]
	at org.apache.hadoop.ipc.Server$RpcCall.run(Server.java:963) [hadoop-common-3.3.1.jar:?]
	at java.security.AccessController.doPrivileged(Native Method) ~[?:1.8.0_332]
	at javax.security.auth.Subject.doAs(Subject.java:422) [?:1.8.0_332]
	at org.apache.hadoop.security.UserGroupInformation.doAs(UserGroupInformation.java:1878) [hadoop-common-3.3.1.jar:?]
	at org.apache.hadoop.ipc.Server$Handler.run(Server.java:2966) [hadoop-common-3.3.1.jar:?]
07:53:13.964 [IPC Server handler 7 on default port 35463] ERROR OMAudit - user=runner | ip=127.0.0.1 | op=GET_FILE_STATUS {volume=dcc4a3e3-3bc9-4fd4-acca-f987cd0ec97e, bucket=4980a550-f8b6-4690-a861-dd9df4165a4c, key=.Trash, dataSize=0, replicationConfig=null} | ret=FAILURE
org.apache.hadoop.ozone.om.exceptions.OMException: Unable to get file status: volume: dcc4a3e3-3bc9-4fd4-acca-f987cd0ec97e bucket: 4980a550-f8b6-4690-a861-dd9df4165a4c key: .Trash
	at org.apache.hadoop.ozone.om.KeyManagerImpl.getOzoneFileStatus(KeyManagerImpl.java:1311) ~[ozone-manager-1.3.0-SNAPSHOT.jar:?]
	at org.apache.hadoop.ozone.om.KeyManagerImpl.getFileStatus(KeyManagerImpl.java:1241) ~[ozone-manager-1.3.0-SNAPSHOT.jar:?]
	at org.apache.hadoop.ozone.om.OzoneManager.getFileStatus(OzoneManager.java:3469) ~[ozone-manager-1.3.0-SNAPSHOT.jar:?]
	at org.apache.hadoop.ozone.protocolPB.OzoneManagerRequestHandler.getOzoneFileStatus(OzoneManagerRequestHandler.java:882) ~[ozone-manager-1.3.0-SNAPSHOT.jar:?]
	at org.apache.hadoop.ozone.protocolPB.OzoneManagerRequestHandler.handleReadRequest(OzoneManagerRequestHandler.java:228) ~[ozone-manager-1.3.0-SNAPSHOT.jar:?]
	at org.apache.hadoop.ozone.protocolPB.OzoneManagerProtocolServerSideTranslatorPB.submitRequestDirectlyToOM(OzoneManagerProtocolServerSideTranslatorPB.java:276) ~[ozone-manager-1.3.0-SNAPSHOT.jar:?]
	at org.apache.hadoop.ozone.protocolPB.OzoneManagerProtocolServerSideTranslatorPB.processRequest(OzoneManagerProtocolServerSideTranslatorPB.java:205) ~[ozone-manager-1.3.0-SNAPSHOT.jar:?]
	at org.apache.hadoop.hdds.server.OzoneProtocolMessageDispatcher.processRequest(OzoneProtocolMessageDispatcher.java:87) [hdds-server-framework-1.3.0-SNAPSHOT.jar:?]
	at org.apache.hadoop.ozone.protocolPB.OzoneManagerProtocolServerSideTranslatorPB.submitRequest(OzoneManagerProtocolServerSideTranslatorPB.java:147) [ozone-manager-1.3.0-SNAPSHOT.jar:?]
	at org.apache.hadoop.ozone.protocol.proto.OzoneManagerProtocolProtos$OzoneManagerService$2.callBlockingMethod(OzoneManagerProtocolProtos.java) [ozone-interface-client-1.3.0-SNAPSHOT.jar:?]
	at org.apache.hadoop.ipc.ProtobufRpcEngine$Server.processCall(ProtobufRpcEngine.java:466) [hadoop-common-3.3.1.jar:?]
	at org.apache.hadoop.ipc.ProtobufRpcEngine2$Server$ProtoBufRpcInvoker.call(ProtobufRpcEngine2.java:574) [hadoop-common-3.3.1.jar:?]
	at org.apache.hadoop.ipc.ProtobufRpcEngine2$Server$ProtoBufRpcInvoker.call(ProtobufRpcEngine2.java:552) [hadoop-common-3.3.1.jar:?]
	at org.apache.hadoop.ipc.RPC$Server.call(RPC.java:1093) [hadoop-common-3.3.1.jar:?]
	at org.apache.hadoop.ipc.Server$RpcCall.run(Server.java:1035) [hadoop-common-3.3.1.jar:?]
	at org.apache.hadoop.ipc.Server$RpcCall.run(Server.java:963) [hadoop-common-3.3.1.jar:?]
	at java.security.AccessController.doPrivileged(Native Method) ~[?:1.8.0_332]
	at javax.security.auth.Subject.doAs(Subject.java:422) [?:1.8.0_332]
	at org.apache.hadoop.security.UserGroupInformation.doAs(UserGroupInformation.java:1878) [hadoop-common-3.3.1.jar:?]
	at org.apache.hadoop.ipc.Server$Handler.run(Server.java:2966) [hadoop-common-3.3.1.jar:?]
07:53:13.966 [IPC Server handler 16 on default port 35463] ERROR OMAudit - user=runner | ip=127.0.0.1 | op=GET_FILE_STATUS {volume=volume26866, bucket=bucket89184, key=.Trash, dataSize=0, replicationConfig=null} | ret=FAILURE
org.apache.hadoop.ozone.om.exceptions.OMException: Unable to get file status: volume: volume26866 bucket: bucket89184 key: .Trash
	at org.apache.hadoop.ozone.om.KeyManagerImpl.getOzoneFileStatusFSO(KeyManagerImpl.java:1376) ~[ozone-manager-1.3.0-SNAPSHOT.jar:?]
	at org.apache.hadoop.ozone.om.KeyManagerImpl.getFileStatus(KeyManagerImpl.java:1239) ~[ozone-manager-1.3.0-SNAPSHOT.jar:?]
	at org.apache.hadoop.ozone.om.OzoneManager.getFileStatus(OzoneManager.java:3469) ~[ozone-manager-1.3.0-SNAPSHOT.jar:?]
	at org.apache.hadoop.ozone.protocolPB.OzoneManagerRequestHandler.getOzoneFileStatus(OzoneManagerRequestHandler.java:882) ~[ozone-manager-1.3.0-SNAPSHOT.jar:?]
	at org.apache.hadoop.ozone.protocolPB.OzoneManagerRequestHandler.handleReadRequest(OzoneManagerRequestHandler.java:228) ~[ozone-manager-1.3.0-SNAPSHOT.jar:?]
	at org.apache.hadoop.ozone.protocolPB.OzoneManagerProtocolServerSideTranslatorPB.submitRequestDirectlyToOM(OzoneManagerProtocolServerSideTranslatorPB.java:276) ~[ozone-manager-1.3.0-SNAPSHOT.jar:?]
	at org.apache.hadoop.ozone.protocolPB.OzoneManagerProtocolServerSideTranslatorPB.processRequest(OzoneManagerProtocolServerSideTranslatorPB.java:205) ~[ozone-manager-1.3.0-SNAPSHOT.jar:?]
	at org.apache.hadoop.hdds.server.OzoneProtocolMessageDispatcher.processRequest(OzoneProtocolMessageDispatcher.java:87) [hdds-server-framework-1.3.0-SNAPSHOT.jar:?]
	at org.apache.hadoop.ozone.protocolPB.OzoneManagerProtocolServerSideTranslatorPB.submitRequest(OzoneManagerProtocolServerSideTranslatorPB.java:147) [ozone-manager-1.3.0-SNAPSHOT.jar:?]
	at org.apache.hadoop.ozone.protocol.proto.OzoneManagerProtocolProtos$OzoneManagerService$2.callBlockingMethod(OzoneManagerProtocolProtos.java) [ozone-interface-client-1.3.0-SNAPSHOT.jar:?]
	at org.apache.hadoop.ipc.ProtobufRpcEngine$Server.processCall(ProtobufRpcEngine.java:466) [hadoop-common-3.3.1.jar:?]
	at org.apache.hadoop.ipc.ProtobufRpcEngine2$Server$ProtoBufRpcInvoker.call(ProtobufRpcEngine2.java:574) [hadoop-common-3.3.1.jar:?]
	at org.apache.hadoop.ipc.ProtobufRpcEngine2$Server$ProtoBufRpcInvoker.call(ProtobufRpcEngine2.java:552) [hadoop-common-3.3.1.jar:?]
	at org.apache.hadoop.ipc.RPC$Server.call(RPC.java:1093) [hadoop-common-3.3.1.jar:?]
	at org.apache.hadoop.ipc.Server$RpcCall.run(Server.java:1035) [hadoop-common-3.3.1.jar:?]
	at org.apache.hadoop.ipc.Server$RpcCall.run(Server.java:963) [hadoop-common-3.3.1.jar:?]
	at java.security.AccessController.doPrivileged(Native Method) ~[?:1.8.0_332]
	at javax.security.auth.Subject.doAs(Subject.java:422) [?:1.8.0_332]
	at org.apache.hadoop.security.UserGroupInformation.doAs(UserGroupInformation.java:1878) [hadoop-common-3.3.1.jar:?]
	at org.apache.hadoop.ipc.Server$Handler.run(Server.java:2966) [hadoop-common-3.3.1.jar:?]
07:53:13.974 [IPC Server handler 18 on default port 35463] ERROR OMAudit - user=runner | ip=127.0.0.1 | op=GET_FILE_STATUS {volume=dcc4a3e3-3bc9-4fd4-acca-f987cd0ec97e, bucket=4980a550-f8b6-4690-a861-dd9df4165a4c, key=.Trash, dataSize=0, replicationConfig=null} | ret=FAILURE
org.apache.hadoop.ozone.om.exceptions.OMException: Unable to get file status: volume: dcc4a3e3-3bc9-4fd4-acca-f987cd0ec97e bucket: 4980a550-f8b6-4690-a861-dd9df4165a4c key: .Trash
	at org.apache.hadoop.ozone.om.KeyManagerImpl.getOzoneFileStatus(KeyManagerImpl.java:1311) ~[ozone-manager-1.3.0-SNAPSHOT.jar:?]
	at org.apache.hadoop.ozone.om.KeyManagerImpl.getFileStatus(KeyManagerImpl.java:1241) ~[ozone-manager-1.3.0-SNAPSHOT.jar:?]
	at org.apache.hadoop.ozone.om.OzoneManager.getFileStatus(OzoneManager.java:3469) ~[ozone-manager-1.3.0-SNAPSHOT.jar:?]
	at org.apache.hadoop.ozone.protocolPB.OzoneManagerRequestHandler.getOzoneFileStatus(OzoneManagerRequestHandler.java:882) ~[ozone-manager-1.3.0-SNAPSHOT.jar:?]
	at org.apache.hadoop.ozone.protocolPB.OzoneManagerRequestHandler.handleReadRequest(OzoneManagerRequestHandler.java:228) ~[ozone-manager-1.3.0-SNAPSHOT.jar:?]
	at org.apache.hadoop.ozone.protocolPB.OzoneManagerProtocolServerSideTranslatorPB.submitRequestDirectlyToOM(OzoneManagerProtocolServerSideTranslatorPB.java:276) ~[ozone-manager-1.3.0-SNAPSHOT.jar:?]
	at org.apache.hadoop.ozone.protocolPB.OzoneManagerProtocolServerSideTranslatorPB.processRequest(OzoneManagerProtocolServerSideTranslatorPB.java:205) ~[ozone-manager-1.3.0-SNAPSHOT.jar:?]
	at org.apache.hadoop.hdds.server.OzoneProtocolMessageDispatcher.processRequest(OzoneProtocolMessageDispatcher.java:87) [hdds-server-framework-1.3.0-SNAPSHOT.jar:?]
	at org.apache.hadoop.ozone.protocolPB.OzoneManagerProtocolServerSideTranslatorPB.submitRequest(OzoneManagerProtocolServerSideTranslatorPB.java:147) [ozone-manager-1.3.0-SNAPSHOT.jar:?]
	at org.apache.hadoop.ozone.protocol.proto.OzoneManagerProtocolProtos$OzoneManagerService$2.callBlockingMethod(OzoneManagerProtocolProtos.java) [ozone-interface-client-1.3.0-SNAPSHOT.jar:?]
	at org.apache.hadoop.ipc.ProtobufRpcEngine$Server.processCall(ProtobufRpcEngine.java:466) [hadoop-common-3.3.1.jar:?]
	at org.apache.hadoop.ipc.ProtobufRpcEngine2$Server$ProtoBufRpcInvoker.call(ProtobufRpcEngine2.java:574) [hadoop-common-3.3.1.jar:?]
	at org.apache.hadoop.ipc.ProtobufRpcEngine2$Server$ProtoBufRpcInvoker.call(ProtobufRpcEngine2.java:552) [hadoop-common-3.3.1.jar:?]
	at org.apache.hadoop.ipc.RPC$Server.call(RPC.java:1093) [hadoop-common-3.3.1.jar:?]
	at org.apache.hadoop.ipc.Server$RpcCall.run(Server.java:1035) [hadoop-common-3.3.1.jar:?]
	at org.apache.hadoop.ipc.Server$RpcCall.run(Server.java:963) [hadoop-common-3.3.1.jar:?]
	at java.security.AccessController.doPrivileged(Native Method) ~[?:1.8.0_332]
	at javax.security.auth.Subject.doAs(Subject.java:422) [?:1.8.0_332]
	at org.apache.hadoop.security.UserGroupInformation.doAs(UserGroupInformation.java:1878) [hadoop-common-3.3.1.jar:?]
	at org.apache.hadoop.ipc.Server$Handler.run(Server.java:2966) [hadoop-common-3.3.1.jar:?]
07:53:13.983 [IPC Server handler 3 on default port 35463] ERROR OMAudit - user=runner | ip=127.0.0.1 | op=GET_FILE_STATUS {volume=dcc4a3e3-3bc9-4fd4-acca-f987cd0ec97e, bucket=4980a550-f8b6-4690-a861-dd9df4165a4c, key=.Trash, dataSize=0, replicationConfig=null} | ret=FAILURE
org.apache.hadoop.ozone.om.exceptions.OMException: Unable to get file status: volume: dcc4a3e3-3bc9-4fd4-acca-f987cd0ec97e bucket: 4980a550-f8b6-4690-a861-dd9df4165a4c key: .Trash
	at org.apache.hadoop.ozone.om.KeyManagerImpl.getOzoneFileStatus(KeyManagerImpl.java:1311) ~[ozone-manager-1.3.0-SNAPSHOT.jar:?]
	at org.apache.hadoop.ozone.om.KeyManagerImpl.getFileStatus(KeyManagerImpl.java:1241) ~[ozone-manager-1.3.0-SNAPSHOT.jar:?]
	at org.apache.hadoop.ozone.om.OzoneManager.getFileStatus(OzoneManager.java:3469) ~[ozone-manager-1.3.0-SNAPSHOT.jar:?]
	at org.apache.hadoop.ozone.protocolPB.OzoneManagerRequestHandler.getOzoneFileStatus(OzoneManagerRequestHandler.java:882) ~[ozone-manager-1.3.0-SNAPSHOT.jar:?]
	at org.apache.hadoop.ozone.protocolPB.OzoneManagerRequestHandler.handleReadRequest(OzoneManagerRequestHandler.java:228) ~[ozone-manager-1.3.0-SNAPSHOT.jar:?]
	at org.apache.hadoop.ozone.protocolPB.OzoneManagerProtocolServerSideTranslatorPB.submitRequestDirectlyToOM(OzoneManagerProtocolServerSideTranslatorPB.java:276) ~[ozone-manager-1.3.0-SNAPSHOT.jar:?]
	at org.apache.hadoop.ozone.protocolPB.OzoneManagerProtocolServerSideTranslatorPB.processRequest(OzoneManagerProtocolServerSideTranslatorPB.java:205) ~[ozone-manager-1.3.0-SNAPSHOT.jar:?]
	at org.apache.hadoop.hdds.server.OzoneProtocolMessageDispatcher.processRequest(OzoneProtocolMessageDispatcher.java:87) [hdds-server-framework-1.3.0-SNAPSHOT.jar:?]
	at org.apache.hadoop.ozone.protocolPB.OzoneManagerProtocolServerSideTranslatorPB.submitRequest(OzoneManagerProtocolServerSideTranslatorPB.java:147) [ozone-manager-1.3.0-SNAPSHOT.jar:?]
	at org.apache.hadoop.ozone.protocol.proto.OzoneManagerProtocolProtos$OzoneManagerService$2.callBlockingMethod(OzoneManagerProtocolProtos.java) [ozone-interface-client-1.3.0-SNAPSHOT.jar:?]
	at org.apache.hadoop.ipc.ProtobufRpcEngine$Server.processCall(ProtobufRpcEngine.java:466) [hadoop-common-3.3.1.jar:?]
	at org.apache.hadoop.ipc.ProtobufRpcEngine2$Server$ProtoBufRpcInvoker.call(ProtobufRpcEngine2.java:574) [hadoop-common-3.3.1.jar:?]
	at org.apache.hadoop.ipc.ProtobufRpcEngine2$Server$ProtoBufRpcInvoker.call(ProtobufRpcEngine2.java:552) [hadoop-common-3.3.1.jar:?]
	at org.apache.hadoop.ipc.RPC$Server.call(RPC.java:1093) [hadoop-common-3.3.1.jar:?]
	at org.apache.hadoop.ipc.Server$RpcCall.run(Server.java:1035) [hadoop-common-3.3.1.jar:?]
	at org.apache.hadoop.ipc.Server$RpcCall.run(Server.java:963) [hadoop-common-3.3.1.jar:?]
	at java.security.AccessController.doPrivileged(Native Method) ~[?:1.8.0_332]
	at javax.security.auth.Subject.doAs(Subject.java:422) [?:1.8.0_332]
	at org.apache.hadoop.security.UserGroupInformation.doAs(UserGroupInformation.java:1878) [hadoop-common-3.3.1.jar:?]
	at org.apache.hadoop.ipc.Server$Handler.run(Server.java:2966) [hadoop-common-3.3.1.jar:?]
2022-08-20 07:53:13,987 [Time-limited test] INFO  rpc.RpcClient (RpcClient.java:createBucket(674)) - Creating Bucket: volume26866/trashroottest2, with bucket layout FILE_SYSTEM_OPTIMIZED, runner as owner, Versioning false, Storage Type set to DISK and Encryption set to false 
2022-08-20 07:53:13,991 [IPC Server handler 17 on default port 35463] INFO  bucket.OMBucketCreateRequest (OMBucketCreateRequest.java:validateAndUpdateCache(260)) - created bucket: trashroottest2 of layout FILE_SYSTEM_OPTIMIZED in volume: volume26866
07:53:14.124 [IPC Server handler 1 on default port 35463] ERROR OMAudit - user=runner | ip=127.0.0.1 | op=GET_FILE_STATUS {volume=dcc4a3e3-3bc9-4fd4-acca-f987cd0ec97e, bucket=4980a550-f8b6-4690-a861-dd9df4165a4c, key=.Trash, dataSize=0, replicationConfig=null} | ret=FAILURE
org.apache.hadoop.ozone.om.exceptions.OMException: Unable to get file status: volume: dcc4a3e3-3bc9-4fd4-acca-f987cd0ec97e bucket: 4980a550-f8b6-4690-a861-dd9df4165a4c key: .Trash
	at org.apache.hadoop.ozone.om.KeyManagerImpl.getOzoneFileStatus(KeyManagerImpl.java:1311) ~[ozone-manager-1.3.0-SNAPSHOT.jar:?]
	at org.apache.hadoop.ozone.om.KeyManagerImpl.getFileStatus(KeyManagerImpl.java:1241) ~[ozone-manager-1.3.0-SNAPSHOT.jar:?]
	at org.apache.hadoop.ozone.om.OzoneManager.getFileStatus(OzoneManager.java:3469) ~[ozone-manager-1.3.0-SNAPSHOT.jar:?]
	at org.apache.hadoop.ozone.protocolPB.OzoneManagerRequestHandler.getOzoneFileStatus(OzoneManagerRequestHandler.java:882) ~[ozone-manager-1.3.0-SNAPSHOT.jar:?]
	at org.apache.hadoop.ozone.protocolPB.OzoneManagerRequestHandler.handleReadRequest(OzoneManagerRequestHandler.java:228) ~[ozone-manager-1.3.0-SNAPSHOT.jar:?]
	at org.apache.hadoop.ozone.protocolPB.OzoneManagerProtocolServerSideTranslatorPB.submitRequestDirectlyToOM(OzoneManagerProtocolServerSideTranslatorPB.java:276) ~[ozone-manager-1.3.0-SNAPSHOT.jar:?]
	at org.apache.hadoop.ozone.protocolPB.OzoneManagerProtocolServerSideTranslatorPB.processRequest(OzoneManagerProtocolServerSideTranslatorPB.java:205) ~[ozone-manager-1.3.0-SNAPSHOT.jar:?]
	at org.apache.hadoop.hdds.server.OzoneProtocolMessageDispatcher.processRequest(OzoneProtocolMessageDispatcher.java:87) [hdds-server-framework-1.3.0-SNAPSHOT.jar:?]
	at org.apache.hadoop.ozone.protocolPB.OzoneManagerProtocolServerSideTranslatorPB.submitRequest(OzoneManagerProtocolServerSideTranslatorPB.java:147) [ozone-manager-1.3.0-SNAPSHOT.jar:?]
	at org.apache.hadoop.ozone.protocol.proto.OzoneManagerProtocolProtos$OzoneManagerService$2.callBlockingMethod(OzoneManagerProtocolProtos.java) [ozone-interface-client-1.3.0-SNAPSHOT.jar:?]
	at org.apache.hadoop.ipc.ProtobufRpcEngine$Server.processCall(ProtobufRpcEngine.java:466) [hadoop-common-3.3.1.jar:?]
	at org.apache.hadoop.ipc.ProtobufRpcEngine2$Server$ProtoBufRpcInvoker.call(ProtobufRpcEngine2.java:574) [hadoop-common-3.3.1.jar:?]
	at org.apache.hadoop.ipc.ProtobufRpcEngine2$Server$ProtoBufRpcInvoker.call(ProtobufRpcEngine2.java:552) [hadoop-common-3.3.1.jar:?]
	at org.apache.hadoop.ipc.RPC$Server.call(RPC.java:1093) [hadoop-common-3.3.1.jar:?]
	at org.apache.hadoop.ipc.Server$RpcCall.run(Server.java:1035) [hadoop-common-3.3.1.jar:?]
	at org.apache.hadoop.ipc.Server$RpcCall.run(Server.java:963) [hadoop-common-3.3.1.jar:?]
	at java.security.AccessController.doPrivileged(Native Method) ~[?:1.8.0_332]
	at javax.security.auth.Subject.doAs(Subject.java:422) [?:1.8.0_332]
	at org.apache.hadoop.security.UserGroupInformation.doAs(UserGroupInformation.java:1878) [hadoop-common-3.3.1.jar:?]
	at org.apache.hadoop.ipc.Server$Handler.run(Server.java:2966) [hadoop-common-3.3.1.jar:?]
07:53:14.157 [IPC Server handler 9 on default port 35463] ERROR OMAudit - user=runner | ip=127.0.0.1 | op=GET_FILE_STATUS {volume=dcc4a3e3-3bc9-4fd4-acca-f987cd0ec97e, bucket=4980a550-f8b6-4690-a861-dd9df4165a4c, key=.Trash, dataSize=0, replicationConfig=null} | ret=FAILURE
org.apache.hadoop.ozone.om.exceptions.OMException: Unable to get file status: volume: dcc4a3e3-3bc9-4fd4-acca-f987cd0ec97e bucket: 4980a550-f8b6-4690-a861-dd9df4165a4c key: .Trash
	at org.apache.hadoop.ozone.om.KeyManagerImpl.getOzoneFileStatus(KeyManagerImpl.java:1311) ~[ozone-manager-1.3.0-SNAPSHOT.jar:?]
	at org.apache.hadoop.ozone.om.KeyManagerImpl.getFileStatus(KeyManagerImpl.java:1241) ~[ozone-manager-1.3.0-SNAPSHOT.jar:?]
	at org.apache.hadoop.ozone.om.OzoneManager.getFileStatus(OzoneManager.java:3469) ~[ozone-manager-1.3.0-SNAPSHOT.jar:?]
	at org.apache.hadoop.ozone.protocolPB.OzoneManagerRequestHandler.getOzoneFileStatus(OzoneManagerRequestHandler.java:882) ~[ozone-manager-1.3.0-SNAPSHOT.jar:?]
	at org.apache.hadoop.ozone.protocolPB.OzoneManagerRequestHandler.handleReadRequest(OzoneManagerRequestHandler.java:228) ~[ozone-manager-1.3.0-SNAPSHOT.jar:?]
	at org.apache.hadoop.ozone.protocolPB.OzoneManagerProtocolServerSideTranslatorPB.submitRequestDirectlyToOM(OzoneManagerProtocolServerSideTranslatorPB.java:276) ~[ozone-manager-1.3.0-SNAPSHOT.jar:?]
	at org.apache.hadoop.ozone.protocolPB.OzoneManagerProtocolServerSideTranslatorPB.processRequest(OzoneManagerProtocolServerSideTranslatorPB.java:205) ~[ozone-manager-1.3.0-SNAPSHOT.jar:?]
	at org.apache.hadoop.hdds.server.OzoneProtocolMessageDispatcher.processRequest(OzoneProtocolMessageDispatcher.java:87) [hdds-server-framework-1.3.0-SNAPSHOT.jar:?]
	at org.apache.hadoop.ozone.protocolPB.OzoneManagerProtocolServerSideTranslatorPB.submitRequest(OzoneManagerProtocolServerSideTranslatorPB.java:147) [ozone-manager-1.3.0-SNAPSHOT.jar:?]
	at org.apache.hadoop.ozone.protocol.proto.OzoneManagerProtocolProtos$OzoneManagerService$2.callBlockingMethod(OzoneManagerProtocolProtos.java) [ozone-interface-client-1.3.0-SNAPSHOT.jar:?]
	at org.apache.hadoop.ipc.ProtobufRpcEngine$Server.processCall(ProtobufRpcEngine.java:466) [hadoop-common-3.3.1.jar:?]
	at org.apache.hadoop.ipc.ProtobufRpcEngine2$Server$ProtoBufRpcInvoker.call(ProtobufRpcEngine2.java:574) [hadoop-common-3.3.1.jar:?]
	at org.apache.hadoop.ipc.ProtobufRpcEngine2$Server$ProtoBufRpcInvoker.call(ProtobufRpcEngine2.java:552) [hadoop-common-3.3.1.jar:?]
	at org.apache.hadoop.ipc.RPC$Server.call(RPC.java:1093) [hadoop-common-3.3.1.jar:?]
	at org.apache.hadoop.ipc.Server$RpcCall.run(Server.java:1035) [hadoop-common-3.3.1.jar:?]
	at org.apache.hadoop.ipc.Server$RpcCall.run(Server.java:963) [hadoop-common-3.3.1.jar:?]
	at java.security.AccessController.doPrivileged(Native Method) ~[?:1.8.0_332]
	at javax.security.auth.Subject.doAs(Subject.java:422) [?:1.8.0_332]
	at org.apache.hadoop.security.UserGroupInformation.doAs(UserGroupInformation.java:1878) [hadoop-common-3.3.1.jar:?]
	at org.apache.hadoop.ipc.Server$Handler.run(Server.java:2966) [hadoop-common-3.3.1.jar:?]
2022-08-20 07:53:14,240 [Time-limited test] INFO  rpc.RpcClient (RpcClient.java:createVolume(471)) - Creating Volume: volume87878, with user37717 as owner and space quota set to -1 bytes, counts quota set to -1
2022-08-20 07:53:14,241 [IPC Server handler 10 on default port 35463] INFO  volume.OMVolumeCreateRequest (OMVolumeCreateRequest.java:validateAndUpdateCache(195)) - created volume:volume87878 for user:user37717
2022-08-20 07:53:14,243 [Time-limited test] INFO  rpc.RpcClient (RpcClient.java:createBucket(674)) - Creating Bucket: volume87878/bucket66557, with bucket layout FILE_SYSTEM_OPTIMIZED, runner as owner, Versioning false, Storage Type set to DISK and Encryption set to false 
2022-08-20 07:53:14,243 [IPC Server handler 12 on default port 35463] INFO  bucket.OMBucketCreateRequest (OMBucketCreateRequest.java:validateAndUpdateCache(260)) - created bucket: bucket66557 of layout FILE_SYSTEM_OPTIMIZED in volume: volume87878
07:53:14.264 [IPC Server handler 5 on default port 35463] ERROR OMAudit - user=runner | ip=127.0.0.1 | op=GET_FILE_STATUS {volume=dcc4a3e3-3bc9-4fd4-acca-f987cd0ec97e, bucket=4980a550-f8b6-4690-a861-dd9df4165a4c, key=.Trash, dataSize=0, replicationConfig=null} | ret=FAILURE
org.apache.hadoop.ozone.om.exceptions.OMException: Unable to get file status: volume: dcc4a3e3-3bc9-4fd4-acca-f987cd0ec97e bucket: 4980a550-f8b6-4690-a861-dd9df4165a4c key: .Trash
	at org.apache.hadoop.ozone.om.KeyManagerImpl.getOzoneFileStatus(KeyManagerImpl.java:1311) ~[ozone-manager-1.3.0-SNAPSHOT.jar:?]
	at org.apache.hadoop.ozone.om.KeyManagerImpl.getFileStatus(KeyManagerImpl.java:1241) ~[ozone-manager-1.3.0-SNAPSHOT.jar:?]
	at org.apache.hadoop.ozone.om.OzoneManager.getFileStatus(OzoneManager.java:3469) ~[ozone-manager-1.3.0-SNAPSHOT.jar:?]
	at org.apache.hadoop.ozone.protocolPB.OzoneManagerRequestHandler.getOzoneFileStatus(OzoneManagerRequestHandler.java:882) ~[ozone-manager-1.3.0-SNAPSHOT.jar:?]
	at org.apache.hadoop.ozone.protocolPB.OzoneManagerRequestHandler.handleReadRequest(OzoneManagerRequestHandler.java:228) ~[ozone-manager-1.3.0-SNAPSHOT.jar:?]
	at org.apache.hadoop.ozone.protocolPB.OzoneManagerProtocolServerSideTranslatorPB.submitRequestDirectlyToOM(OzoneManagerProtocolServerSideTranslatorPB.java:276) ~[ozone-manager-1.3.0-SNAPSHOT.jar:?]
	at org.apache.hadoop.ozone.protocolPB.OzoneManagerProtocolServerSideTranslatorPB.processRequest(OzoneManagerProtocolServerSideTranslatorPB.java:205) ~[ozone-manager-1.3.0-SNAPSHOT.jar:?]
	at org.apache.hadoop.hdds.server.OzoneProtocolMessageDispatcher.processRequest(OzoneProtocolMessageDispatcher.java:87) [hdds-server-framework-1.3.0-SNAPSHOT.jar:?]
	at org.apache.hadoop.ozone.protocolPB.OzoneManagerProtocolServerSideTranslatorPB.submitRequest(OzoneManagerProtocolServerSideTranslatorPB.java:147) [ozone-manager-1.3.0-SNAPSHOT.jar:?]
	at org.apache.hadoop.ozone.protocol.proto.OzoneManagerProtocolProtos$OzoneManagerService$2.callBlockingMethod(OzoneManagerProtocolProtos.java) [ozone-interface-client-1.3.0-SNAPSHOT.jar:?]
	at org.apache.hadoop.ipc.ProtobufRpcEngine$Server.processCall(ProtobufRpcEngine.java:466) [hadoop-common-3.3.1.jar:?]
	at org.apache.hadoop.ipc.ProtobufRpcEngine2$Server$ProtoBufRpcInvoker.call(ProtobufRpcEngine2.java:574) [hadoop-common-3.3.1.jar:?]
	at org.apache.hadoop.ipc.ProtobufRpcEngine2$Server$ProtoBufRpcInvoker.call(ProtobufRpcEngine2.java:552) [hadoop-common-3.3.1.jar:?]
	at org.apache.hadoop.ipc.RPC$Server.call(RPC.java:1093) [hadoop-common-3.3.1.jar:?]
	at org.apache.hadoop.ipc.Server$RpcCall.run(Server.java:1035) [hadoop-common-3.3.1.jar:?]
	at org.apache.hadoop.ipc.Server$RpcCall.run(Server.java:963) [hadoop-common-3.3.1.jar:?]
	at java.security.AccessController.doPrivileged(Native Method) ~[?:1.8.0_332]
	at javax.security.auth.Subject.doAs(Subject.java:422) [?:1.8.0_332]
	at org.apache.hadoop.security.UserGroupInformation.doAs(UserGroupInformation.java:1878) [hadoop-common-3.3.1.jar:?]
	at org.apache.hadoop.ipc.Server$Handler.run(Server.java:2966) [hadoop-common-3.3.1.jar:?]
07:53:14.296 [IPC Server handler 4 on default port 35463] ERROR OMAudit - user=runner | ip=127.0.0.1 | op=GET_FILE_STATUS {volume=dcc4a3e3-3bc9-4fd4-acca-f987cd0ec97e, bucket=4980a550-f8b6-4690-a861-dd9df4165a4c, key=.Trash, dataSize=0, replicationConfig=null} | ret=FAILURE
org.apache.hadoop.ozone.om.exceptions.OMException: Unable to get file status: volume: dcc4a3e3-3bc9-4fd4-acca-f987cd0ec97e bucket: 4980a550-f8b6-4690-a861-dd9df4165a4c key: .Trash
	at org.apache.hadoop.ozone.om.KeyManagerImpl.getOzoneFileStatus(KeyManagerImpl.java:1311) ~[ozone-manager-1.3.0-SNAPSHOT.jar:?]
	at org.apache.hadoop.ozone.om.KeyManagerImpl.getFileStatus(KeyManagerImpl.java:1241) ~[ozone-manager-1.3.0-SNAPSHOT.jar:?]
	at org.apache.hadoop.ozone.om.OzoneManager.getFileStatus(OzoneManager.java:3469) ~[ozone-manager-1.3.0-SNAPSHOT.jar:?]
	at org.apache.hadoop.ozone.protocolPB.OzoneManagerRequestHandler.getOzoneFileStatus(OzoneManagerRequestHandler.java:882) ~[ozone-manager-1.3.0-SNAPSHOT.jar:?]
	at org.apache.hadoop.ozone.protocolPB.OzoneManagerRequestHandler.handleReadRequest(OzoneManagerRequestHandler.java:228) ~[ozone-manager-1.3.0-SNAPSHOT.jar:?]
	at org.apache.hadoop.ozone.protocolPB.OzoneManagerProtocolServerSideTranslatorPB.submitRequestDirectlyToOM(OzoneManagerProtocolServerSideTranslatorPB.java:276) ~[ozone-manager-1.3.0-SNAPSHOT.jar:?]
	at org.apache.hadoop.ozone.protocolPB.OzoneManagerProtocolServerSideTranslatorPB.processRequest(OzoneManagerProtocolServerSideTranslatorPB.java:205) ~[ozone-manager-1.3.0-SNAPSHOT.jar:?]
	at org.apache.hadoop.hdds.server.OzoneProtocolMessageDispatcher.processRequest(OzoneProtocolMessageDispatcher.java:87) [hdds-server-framework-1.3.0-SNAPSHOT.jar:?]
	at org.apache.hadoop.ozone.protocolPB.OzoneManagerProtocolServerSideTranslatorPB.submitRequest(OzoneManagerProtocolServerSideTranslatorPB.java:147) [ozone-manager-1.3.0-SNAPSHOT.jar:?]
	at org.apache.hadoop.ozone.protocol.proto.OzoneManagerProtocolProtos$OzoneManagerService$2.callBlockingMethod(OzoneManagerProtocolProtos.java) [ozone-interface-client-1.3.0-SNAPSHOT.jar:?]
	at org.apache.hadoop.ipc.ProtobufRpcEngine$Server.processCall(ProtobufRpcEngine.java:466) [hadoop-common-3.3.1.jar:?]
	at org.apache.hadoop.ipc.ProtobufRpcEngine2$Server$ProtoBufRpcInvoker.call(ProtobufRpcEngine2.java:574) [hadoop-common-3.3.1.jar:?]
	at org.apache.hadoop.ipc.ProtobufRpcEngine2$Server$ProtoBufRpcInvoker.call(ProtobufRpcEngine2.java:552) [hadoop-common-3.3.1.jar:?]
	at org.apache.hadoop.ipc.RPC$Server.call(RPC.java:1093) [hadoop-common-3.3.1.jar:?]
	at org.apache.hadoop.ipc.Server$RpcCall.run(Server.java:1035) [hadoop-common-3.3.1.jar:?]
	at org.apache.hadoop.ipc.Server$RpcCall.run(Server.java:963) [hadoop-common-3.3.1.jar:?]
	at java.security.AccessController.doPrivileged(Native Method) ~[?:1.8.0_332]
	at javax.security.auth.Subject.doAs(Subject.java:422) [?:1.8.0_332]
	at org.apache.hadoop.security.UserGroupInformation.doAs(UserGroupInformation.java:1878) [hadoop-common-3.3.1.jar:?]
	at org.apache.hadoop.ipc.Server$Handler.run(Server.java:2966) [hadoop-common-3.3.1.jar:?]
07:53:14.312 [IPC Server handler 2 on default port 35463] ERROR OMAudit - user=runner | ip=127.0.0.1 | op=GET_FILE_STATUS {volume=volume87878, bucket=bucket66557, key=.Trash/runner, dataSize=0, replicationConfig=null} | ret=FAILURE
org.apache.hadoop.ozone.om.exceptions.OMException: Unable to get file status: volume: volume87878 bucket: bucket66557 key: .Trash/runner
	at org.apache.hadoop.ozone.om.KeyManagerImpl.getOzoneFileStatusFSO(KeyManagerImpl.java:1376) ~[ozone-manager-1.3.0-SNAPSHOT.jar:?]
	at org.apache.hadoop.ozone.om.KeyManagerImpl.getFileStatus(KeyManagerImpl.java:1239) ~[ozone-manager-1.3.0-SNAPSHOT.jar:?]
	at org.apache.hadoop.ozone.om.OzoneManager.getFileStatus(OzoneManager.java:3469) ~[ozone-manager-1.3.0-SNAPSHOT.jar:?]
	at org.apache.hadoop.ozone.protocolPB.OzoneManagerRequestHandler.getOzoneFileStatus(OzoneManagerRequestHandler.java:882) ~[ozone-manager-1.3.0-SNAPSHOT.jar:?]
	at org.apache.hadoop.ozone.protocolPB.OzoneManagerRequestHandler.handleReadRequest(OzoneManagerRequestHandler.java:228) ~[ozone-manager-1.3.0-SNAPSHOT.jar:?]
	at org.apache.hadoop.ozone.protocolPB.OzoneManagerProtocolServerSideTranslatorPB.submitRequestDirectlyToOM(OzoneManagerProtocolServerSideTranslatorPB.java:276) ~[ozone-manager-1.3.0-SNAPSHOT.jar:?]
	at org.apache.hadoop.ozone.protocolPB.OzoneManagerProtocolServerSideTranslatorPB.processRequest(OzoneManagerProtocolServerSideTranslatorPB.java:205) ~[ozone-manager-1.3.0-SNAPSHOT.jar:?]
	at org.apache.hadoop.hdds.server.OzoneProtocolMessageDispatcher.processRequest(OzoneProtocolMessageDispatcher.java:87) [hdds-server-framework-1.3.0-SNAPSHOT.jar:?]
	at org.apache.hadoop.ozone.protocolPB.OzoneManagerProtocolServerSideTranslatorPB.submitRequest(OzoneManagerProtocolServerSideTranslatorPB.java:147) [ozone-manager-1.3.0-SNAPSHOT.jar:?]
	at org.apache.hadoop.ozone.protocol.proto.OzoneManagerProtocolProtos$OzoneManagerService$2.callBlockingMethod(OzoneManagerProtocolProtos.java) [ozone-interface-client-1.3.0-SNAPSHOT.jar:?]
	at org.apache.hadoop.ipc.ProtobufRpcEngine$Server.processCall(ProtobufRpcEngine.java:466) [hadoop-common-3.3.1.jar:?]
	at org.apache.hadoop.ipc.ProtobufRpcEngine2$Server$ProtoBufRpcInvoker.call(ProtobufRpcEngine2.java:574) [hadoop-common-3.3.1.jar:?]
	at org.apache.hadoop.ipc.ProtobufRpcEngine2$Server$ProtoBufRpcInvoker.call(ProtobufRpcEngine2.java:552) [hadoop-common-3.3.1.jar:?]
	at org.apache.hadoop.ipc.RPC$Server.call(RPC.java:1093) [hadoop-common-3.3.1.jar:?]
	at org.apache.hadoop.ipc.Server$RpcCall.run(Server.java:1035) [hadoop-common-3.3.1.jar:?]
	at org.apache.hadoop.ipc.Server$RpcCall.run(Server.java:963) [hadoop-common-3.3.1.jar:?]
	at java.security.AccessController.doPrivileged(Native Method) ~[?:1.8.0_332]
	at javax.security.auth.Subject.doAs(Subject.java:422) [?:1.8.0_332]
	at org.apache.hadoop.security.UserGroupInformation.doAs(UserGroupInformation.java:1878) [hadoop-common-3.3.1.jar:?]
	at org.apache.hadoop.ipc.Server$Handler.run(Server.java:2966) [hadoop-common-3.3.1.jar:?]
07:53:14.318 [IPC Server handler 2 on default port 35463] ERROR OMAudit - user=runner | ip=127.0.0.1 | op=GET_FILE_STATUS {volume=dcc4a3e3-3bc9-4fd4-acca-f987cd0ec97e, bucket=4980a550-f8b6-4690-a861-dd9df4165a4c, key=.Trash, dataSize=0, replicationConfig=null} | ret=FAILURE
org.apache.hadoop.ozone.om.exceptions.OMException: Unable to get file status: volume: dcc4a3e3-3bc9-4fd4-acca-f987cd0ec97e bucket: 4980a550-f8b6-4690-a861-dd9df4165a4c key: .Trash
	at org.apache.hadoop.ozone.om.KeyManagerImpl.getOzoneFileStatus(KeyManagerImpl.java:1311) ~[ozone-manager-1.3.0-SNAPSHOT.jar:?]
	at org.apache.hadoop.ozone.om.KeyManagerImpl.getFileStatus(KeyManagerImpl.java:1241) ~[ozone-manager-1.3.0-SNAPSHOT.jar:?]
	at org.apache.hadoop.ozone.om.OzoneManager.getFileStatus(OzoneManager.java:3469) ~[ozone-manager-1.3.0-SNAPSHOT.jar:?]
	at org.apache.hadoop.ozone.protocolPB.OzoneManagerRequestHandler.getOzoneFileStatus(OzoneManagerRequestHandler.java:882) ~[ozone-manager-1.3.0-SNAPSHOT.jar:?]
	at org.apache.hadoop.ozone.protocolPB.OzoneManagerRequestHandler.handleReadRequest(OzoneManagerRequestHandler.java:228) ~[ozone-manager-1.3.0-SNAPSHOT.jar:?]
	at org.apache.hadoop.ozone.protocolPB.OzoneManagerProtocolServerSideTranslatorPB.submitRequestDirectlyToOM(OzoneManagerProtocolServerSideTranslatorPB.java:276) ~[ozone-manager-1.3.0-SNAPSHOT.jar:?]
	at org.apache.hadoop.ozone.protocolPB.OzoneManagerProtocolServerSideTranslatorPB.processRequest(OzoneManagerProtocolServerSideTranslatorPB.java:205) ~[ozone-manager-1.3.0-SNAPSHOT.jar:?]
	at org.apache.hadoop.hdds.server.OzoneProtocolMessageDispatcher.processRequest(OzoneProtocolMessageDispatcher.java:87) [hdds-server-framework-1.3.0-SNAPSHOT.jar:?]
	at org.apache.hadoop.ozone.protocolPB.OzoneManagerProtocolServerSideTranslatorPB.submitRequest(OzoneManagerProtocolServerSideTranslatorPB.java:147) [ozone-manager-1.3.0-SNAPSHOT.jar:?]
	at org.apache.hadoop.ozone.protocol.proto.OzoneManagerProtocolProtos$OzoneManagerService$2.callBlockingMethod(OzoneManagerProtocolProtos.java) [ozone-interface-client-1.3.0-SNAPSHOT.jar:?]
	at org.apache.hadoop.ipc.ProtobufRpcEngine$Server.processCall(ProtobufRpcEngine.java:466) [hadoop-common-3.3.1.jar:?]
	at org.apache.hadoop.ipc.ProtobufRpcEngine2$Server$ProtoBufRpcInvoker.call(ProtobufRpcEngine2.java:574) [hadoop-common-3.3.1.jar:?]
	at org.apache.hadoop.ipc.ProtobufRpcEngine2$Server$ProtoBufRpcInvoker.call(ProtobufRpcEngine2.java:552) [hadoop-common-3.3.1.jar:?]
	at org.apache.hadoop.ipc.RPC$Server.call(RPC.java:1093) [hadoop-common-3.3.1.jar:?]
	at org.apache.hadoop.ipc.Server$RpcCall.run(Server.java:1035) [hadoop-common-3.3.1.jar:?]
	at org.apache.hadoop.ipc.Server$RpcCall.run(Server.java:963) [hadoop-common-3.3.1.jar:?]
	at java.security.AccessController.doPrivileged(Native Method) ~[?:1.8.0_332]
	at javax.security.auth.Subject.doAs(Subject.java:422) [?:1.8.0_332]
	at org.apache.hadoop.security.UserGroupInformation.doAs(UserGroupInformation.java:1878) [hadoop-common-3.3.1.jar:?]
	at org.apache.hadoop.ipc.Server$Handler.run(Server.java:2966) [hadoop-common-3.3.1.jar:?]
07:53:14.333 [IPC Server handler 4 on default port 35463] ERROR OMAudit - user=runner | ip=127.0.0.1 | op=GET_FILE_STATUS {volume=volume87878, bucket=bucket66557, key=.Trash, dataSize=0, replicationConfig=null} | ret=FAILURE
org.apache.hadoop.ozone.om.exceptions.OMException: Unable to get file status: volume: volume87878 bucket: bucket66557 key: .Trash
	at org.apache.hadoop.ozone.om.KeyManagerImpl.getOzoneFileStatusFSO(KeyManagerImpl.java:1376) ~[ozone-manager-1.3.0-SNAPSHOT.jar:?]
	at org.apache.hadoop.ozone.om.KeyManagerImpl.getFileStatus(KeyManagerImpl.java:1239) ~[ozone-manager-1.3.0-SNAPSHOT.jar:?]
	at org.apache.hadoop.ozone.om.OzoneManager.getFileStatus(OzoneManager.java:3469) ~[ozone-manager-1.3.0-SNAPSHOT.jar:?]
	at org.apache.hadoop.ozone.protocolPB.OzoneManagerRequestHandler.getOzoneFileStatus(OzoneManagerRequestHandler.java:882) ~[ozone-manager-1.3.0-SNAPSHOT.jar:?]
	at org.apache.hadoop.ozone.protocolPB.OzoneManagerRequestHandler.handleReadRequest(OzoneManagerRequestHandler.java:228) ~[ozone-manager-1.3.0-SNAPSHOT.jar:?]
	at org.apache.hadoop.ozone.protocolPB.OzoneManagerProtocolServerSideTranslatorPB.submitRequestDirectlyToOM(OzoneManagerProtocolServerSideTranslatorPB.java:276) ~[ozone-manager-1.3.0-SNAPSHOT.jar:?]
	at org.apache.hadoop.ozone.protocolPB.OzoneManagerProtocolServerSideTranslatorPB.processRequest(OzoneManagerProtocolServerSideTranslatorPB.java:205) ~[ozone-manager-1.3.0-SNAPSHOT.jar:?]
	at org.apache.hadoop.hdds.server.OzoneProtocolMessageDispatcher.processRequest(OzoneProtocolMessageDispatcher.java:87) [hdds-server-framework-1.3.0-SNAPSHOT.jar:?]
	at org.apache.hadoop.ozone.protocolPB.OzoneManagerProtocolServerSideTranslatorPB.submitRequest(OzoneManagerProtocolServerSideTranslatorPB.java:147) [ozone-manager-1.3.0-SNAPSHOT.jar:?]
	at org.apache.hadoop.ozone.protocol.proto.OzoneManagerProtocolProtos$OzoneManagerService$2.callBlockingMethod(OzoneManagerProtocolProtos.java) [ozone-interface-client-1.3.0-SNAPSHOT.jar:?]
	at org.apache.hadoop.ipc.ProtobufRpcEngine$Server.processCall(ProtobufRpcEngine.java:466) [hadoop-common-3.3.1.jar:?]
	at org.apache.hadoop.ipc.ProtobufRpcEngine2$Server$ProtoBufRpcInvoker.call(ProtobufRpcEngine2.java:574) [hadoop-common-3.3.1.jar:?]
	at org.apache.hadoop.ipc.ProtobufRpcEngine2$Server$ProtoBufRpcInvoker.call(ProtobufRpcEngine2.java:552) [hadoop-common-3.3.1.jar:?]
	at org.apache.hadoop.ipc.RPC$Server.call(RPC.java:1093) [hadoop-common-3.3.1.jar:?]
	at org.apache.hadoop.ipc.Server$RpcCall.run(Server.java:1035) [hadoop-common-3.3.1.jar:?]
	at org.apache.hadoop.ipc.Server$RpcCall.run(Server.java:963) [hadoop-common-3.3.1.jar:?]
	at java.security.AccessController.doPrivileged(Native Method) ~[?:1.8.0_332]
	at javax.security.auth.Subject.doAs(Subject.java:422) [?:1.8.0_332]
	at org.apache.hadoop.security.UserGroupInformation.doAs(UserGroupInformation.java:1878) [hadoop-common-3.3.1.jar:?]
	at org.apache.hadoop.ipc.Server$Handler.run(Server.java:2966) [hadoop-common-3.3.1.jar:?]
07:53:14.336 [IPC Server handler 19 on default port 35463] ERROR OMAudit - user=runner | ip=127.0.0.1 | op=GET_FILE_STATUS {volume=volume87878, bucket=bucket66557, key=.Trash/runner, dataSize=0, replicationConfig=null} | ret=FAILURE
org.apache.hadoop.ozone.om.exceptions.OMException: Unable to get file status: volume: volume87878 bucket: bucket66557 key: .Trash/runner
	at org.apache.hadoop.ozone.om.KeyManagerImpl.getOzoneFileStatusFSO(KeyManagerImpl.java:1376) ~[ozone-manager-1.3.0-SNAPSHOT.jar:?]
	at org.apache.hadoop.ozone.om.KeyManagerImpl.getFileStatus(KeyManagerImpl.java:1239) ~[ozone-manager-1.3.0-SNAPSHOT.jar:?]
	at org.apache.hadoop.ozone.om.OzoneManager.getFileStatus(OzoneManager.java:3469) ~[ozone-manager-1.3.0-SNAPSHOT.jar:?]
	at org.apache.hadoop.ozone.protocolPB.OzoneManagerRequestHandler.getOzoneFileStatus(OzoneManagerRequestHandler.java:882) ~[ozone-manager-1.3.0-SNAPSHOT.jar:?]
	at org.apache.hadoop.ozone.protocolPB.OzoneManagerRequestHandler.handleReadRequest(OzoneManagerRequestHandler.java:228) ~[ozone-manager-1.3.0-SNAPSHOT.jar:?]
	at org.apache.hadoop.ozone.protocolPB.OzoneManagerProtocolServerSideTranslatorPB.submitRequestDirectlyToOM(OzoneManagerProtocolServerSideTranslatorPB.java:276) ~[ozone-manager-1.3.0-SNAPSHOT.jar:?]
	at org.apache.hadoop.ozone.protocolPB.OzoneManagerProtocolServerSideTranslatorPB.processRequest(OzoneManagerProtocolServerSideTranslatorPB.java:205) ~[ozone-manager-1.3.0-SNAPSHOT.jar:?]
	at org.apache.hadoop.hdds.server.OzoneProtocolMessageDispatcher.processRequest(OzoneProtocolMessageDispatcher.java:87) [hdds-server-framework-1.3.0-SNAPSHOT.jar:?]
	at org.apache.hadoop.ozone.protocolPB.OzoneManagerProtocolServerSideTranslatorPB.submitRequest(OzoneManagerProtocolServerSideTranslatorPB.java:147) [ozone-manager-1.3.0-SNAPSHOT.jar:?]
	at org.apache.hadoop.ozone.protocol.proto.OzoneManagerProtocolProtos$OzoneManagerService$2.callBlockingMethod(OzoneManagerProtocolProtos.java) [ozone-interface-client-1.3.0-SNAPSHOT.jar:?]
	at org.apache.hadoop.ipc.ProtobufRpcEngine$Server.processCall(ProtobufRpcEngine.java:466) [hadoop-common-3.3.1.jar:?]
	at org.apache.hadoop.ipc.ProtobufRpcEngine2$Server$ProtoBufRpcInvoker.call(ProtobufRpcEngine2.java:574) [hadoop-common-3.3.1.jar:?]
	at org.apache.hadoop.ipc.ProtobufRpcEngine2$Server$ProtoBufRpcInvoker.call(ProtobufRpcEngine2.java:552) [hadoop-common-3.3.1.jar:?]
	at org.apache.hadoop.ipc.RPC$Server.call(RPC.java:1093) [hadoop-common-3.3.1.jar:?]
	at org.apache.hadoop.ipc.Server$RpcCall.run(Server.java:1035) [hadoop-common-3.3.1.jar:?]
	at org.apache.hadoop.ipc.Server$RpcCall.run(Server.java:963) [hadoop-common-3.3.1.jar:?]
	at java.security.AccessController.doPrivileged(Native Method) ~[?:1.8.0_332]
	at javax.security.auth.Subject.doAs(Subject.java:422) [?:1.8.0_332]
	at org.apache.hadoop.security.UserGroupInformation.doAs(UserGroupInformation.java:1878) [hadoop-common-3.3.1.jar:?]
	at org.apache.hadoop.ipc.Server$Handler.run(Server.java:2966) [hadoop-common-3.3.1.jar:?]
07:53:14.340 [IPC Server handler 5 on default port 35463] ERROR OMAudit - user=runner | ip=127.0.0.1 | op=GET_FILE_STATUS {volume=volume26866, bucket=trashroottest2, key=.Trash/runner, dataSize=0, replicationConfig=null} | ret=FAILURE
org.apache.hadoop.ozone.om.exceptions.OMException: Unable to get file status: volume: volume26866 bucket: trashroottest2 key: .Trash/runner
	at org.apache.hadoop.ozone.om.KeyManagerImpl.getOzoneFileStatusFSO(KeyManagerImpl.java:1376) ~[ozone-manager-1.3.0-SNAPSHOT.jar:?]
	at org.apache.hadoop.ozone.om.KeyManagerImpl.getFileStatus(KeyManagerImpl.java:1239) ~[ozone-manager-1.3.0-SNAPSHOT.jar:?]
	at org.apache.hadoop.ozone.om.OzoneManager.getFileStatus(OzoneManager.java:3469) ~[ozone-manager-1.3.0-SNAPSHOT.jar:?]
	at org.apache.hadoop.ozone.protocolPB.OzoneManagerRequestHandler.getOzoneFileStatus(OzoneManagerRequestHandler.java:882) ~[ozone-manager-1.3.0-SNAPSHOT.jar:?]
	at org.apache.hadoop.ozone.protocolPB.OzoneManagerRequestHandler.handleReadRequest(OzoneManagerRequestHandler.java:228) ~[ozone-manager-1.3.0-SNAPSHOT.jar:?]
	at org.apache.hadoop.ozone.protocolPB.OzoneManagerProtocolServerSideTranslatorPB.submitRequestDirectlyToOM(OzoneManagerProtocolServerSideTranslatorPB.java:276) ~[ozone-manager-1.3.0-SNAPSHOT.jar:?]
	at org.apache.hadoop.ozone.protocolPB.OzoneManagerProtocolServerSideTranslatorPB.processRequest(OzoneManagerProtocolServerSideTranslatorPB.java:205) ~[ozone-manager-1.3.0-SNAPSHOT.jar:?]
	at org.apache.hadoop.hdds.server.OzoneProtocolMessageDispatcher.processRequest(OzoneProtocolMessageDispatcher.java:87) [hdds-server-framework-1.3.0-SNAPSHOT.jar:?]
	at org.apache.hadoop.ozone.protocolPB.OzoneManagerProtocolServerSideTranslatorPB.submitRequest(OzoneManagerProtocolServerSideTranslatorPB.java:147) [ozone-manager-1.3.0-SNAPSHOT.jar:?]
	at org.apache.hadoop.ozone.protocol.proto.OzoneManagerProtocolProtos$OzoneManagerService$2.callBlockingMethod(OzoneManagerProtocolProtos.java) [ozone-interface-client-1.3.0-SNAPSHOT.jar:?]
	at org.apache.hadoop.ipc.ProtobufRpcEngine$Server.processCall(ProtobufRpcEngine.java:466) [hadoop-common-3.3.1.jar:?]
	at org.apache.hadoop.ipc.ProtobufRpcEngine2$Server$ProtoBufRpcInvoker.call(ProtobufRpcEngine2.java:574) [hadoop-common-3.3.1.jar:?]
	at org.apache.hadoop.ipc.ProtobufRpcEngine2$Server$ProtoBufRpcInvoker.call(ProtobufRpcEngine2.java:552) [hadoop-common-3.3.1.jar:?]
	at org.apache.hadoop.ipc.RPC$Server.call(RPC.java:1093) [hadoop-common-3.3.1.jar:?]
	at org.apache.hadoop.ipc.Server$RpcCall.run(Server.java:1035) [hadoop-common-3.3.1.jar:?]
	at org.apache.hadoop.ipc.Server$RpcCall.run(Server.java:963) [hadoop-common-3.3.1.jar:?]
	at java.security.AccessController.doPrivileged(Native Method) ~[?:1.8.0_332]
	at javax.security.auth.Subject.doAs(Subject.java:422) [?:1.8.0_332]
	at org.apache.hadoop.security.UserGroupInformation.doAs(UserGroupInformation.java:1878) [hadoop-common-3.3.1.jar:?]
	at org.apache.hadoop.ipc.Server$Handler.run(Server.java:2966) [hadoop-common-3.3.1.jar:?]
07:53:14.342 [IPC Server handler 12 on default port 35463] ERROR OMAudit - user=runner | ip=127.0.0.1 | op=GET_FILE_STATUS {volume=dcc4a3e3-3bc9-4fd4-acca-f987cd0ec97e, bucket=4980a550-f8b6-4690-a861-dd9df4165a4c, key=.Trash, dataSize=0, replicationConfig=null} | ret=FAILURE
org.apache.hadoop.ozone.om.exceptions.OMException: Unable to get file status: volume: dcc4a3e3-3bc9-4fd4-acca-f987cd0ec97e bucket: 4980a550-f8b6-4690-a861-dd9df4165a4c key: .Trash
	at org.apache.hadoop.ozone.om.KeyManagerImpl.getOzoneFileStatus(KeyManagerImpl.java:1311) ~[ozone-manager-1.3.0-SNAPSHOT.jar:?]
	at org.apache.hadoop.ozone.om.KeyManagerImpl.getFileStatus(KeyManagerImpl.java:1241) ~[ozone-manager-1.3.0-SNAPSHOT.jar:?]
	at org.apache.hadoop.ozone.om.OzoneManager.getFileStatus(OzoneManager.java:3469) ~[ozone-manager-1.3.0-SNAPSHOT.jar:?]
	at org.apache.hadoop.ozone.protocolPB.OzoneManagerRequestHandler.getOzoneFileStatus(OzoneManagerRequestHandler.java:882) ~[ozone-manager-1.3.0-SNAPSHOT.jar:?]
	at org.apache.hadoop.ozone.protocolPB.OzoneManagerRequestHandler.handleReadRequest(OzoneManagerRequestHandler.java:228) ~[ozone-manager-1.3.0-SNAPSHOT.jar:?]
	at org.apache.hadoop.ozone.protocolPB.OzoneManagerProtocolServerSideTranslatorPB.submitRequestDirectlyToOM(OzoneManagerProtocolServerSideTranslatorPB.java:276) ~[ozone-manager-1.3.0-SNAPSHOT.jar:?]
	at org.apache.hadoop.ozone.protocolPB.OzoneManagerProtocolServerSideTranslatorPB.processRequest(OzoneManagerProtocolServerSideTranslatorPB.java:205) ~[ozone-manager-1.3.0-SNAPSHOT.jar:?]
	at org.apache.hadoop.hdds.server.OzoneProtocolMessageDispatcher.processRequest(OzoneProtocolMessageDispatcher.java:87) [hdds-server-framework-1.3.0-SNAPSHOT.jar:?]
	at org.apache.hadoop.ozone.protocolPB.OzoneManagerProtocolServerSideTranslatorPB.submitRequest(OzoneManagerProtocolServerSideTranslatorPB.java:147) [ozone-manager-1.3.0-SNAPSHOT.jar:?]
	at org.apache.hadoop.ozone.protocol.proto.OzoneManagerProtocolProtos$OzoneManagerService$2.callBlockingMethod(OzoneManagerProtocolProtos.java) [ozone-interface-client-1.3.0-SNAPSHOT.jar:?]
	at org.apache.hadoop.ipc.ProtobufRpcEngine$Server.processCall(ProtobufRpcEngine.java:466) [hadoop-common-3.3.1.jar:?]
	at org.apache.hadoop.ipc.ProtobufRpcEngine2$Server$ProtoBufRpcInvoker.call(ProtobufRpcEngine2.java:574) [hadoop-common-3.3.1.jar:?]
	at org.apache.hadoop.ipc.ProtobufRpcEngine2$Server$ProtoBufRpcInvoker.call(ProtobufRpcEngine2.java:552) [hadoop-common-3.3.1.jar:?]
	at org.apache.hadoop.ipc.RPC$Server.call(RPC.java:1093) [hadoop-common-3.3.1.jar:?]
	at org.apache.hadoop.ipc.Server$RpcCall.run(Server.java:1035) [hadoop-common-3.3.1.jar:?]
	at org.apache.hadoop.ipc.Server$RpcCall.run(Server.java:963) [hadoop-common-3.3.1.jar:?]
	at java.security.AccessController.doPrivileged(Native Method) ~[?:1.8.0_332]
	at javax.security.auth.Subject.doAs(Subject.java:422) [?:1.8.0_332]
	at org.apache.hadoop.security.UserGroupInformation.doAs(UserGroupInformation.java:1878) [hadoop-common-3.3.1.jar:?]
	at org.apache.hadoop.ipc.Server$Handler.run(Server.java:2966) [hadoop-common-3.3.1.jar:?]
07:53:14.347 [IPC Server handler 3 on default port 35463] ERROR OMAudit - user=runner | ip=127.0.0.1 | op=GET_FILE_STATUS {volume=volume26866, bucket=trashroottest2, key=.Trash, dataSize=0, replicationConfig=null} | ret=FAILURE
org.apache.hadoop.ozone.om.exceptions.OMException: Unable to get file status: volume: volume26866 bucket: trashroottest2 key: .Trash
	at org.apache.hadoop.ozone.om.KeyManagerImpl.getOzoneFileStatusFSO(KeyManagerImpl.java:1376) ~[ozone-manager-1.3.0-SNAPSHOT.jar:?]
	at org.apache.hadoop.ozone.om.KeyManagerImpl.getFileStatus(KeyManagerImpl.java:1239) ~[ozone-manager-1.3.0-SNAPSHOT.jar:?]
	at org.apache.hadoop.ozone.om.OzoneManager.getFileStatus(OzoneManager.java:3469) ~[ozone-manager-1.3.0-SNAPSHOT.jar:?]
	at org.apache.hadoop.ozone.protocolPB.OzoneManagerRequestHandler.getOzoneFileStatus(OzoneManagerRequestHandler.java:882) ~[ozone-manager-1.3.0-SNAPSHOT.jar:?]
	at org.apache.hadoop.ozone.protocolPB.OzoneManagerRequestHandler.handleReadRequest(OzoneManagerRequestHandler.java:228) ~[ozone-manager-1.3.0-SNAPSHOT.jar:?]
	at org.apache.hadoop.ozone.protocolPB.OzoneManagerProtocolServerSideTranslatorPB.submitRequestDirectlyToOM(OzoneManagerProtocolServerSideTranslatorPB.java:276) ~[ozone-manager-1.3.0-SNAPSHOT.jar:?]
	at org.apache.hadoop.ozone.protocolPB.OzoneManagerProtocolServerSideTranslatorPB.processRequest(OzoneManagerProtocolServerSideTranslatorPB.java:205) ~[ozone-manager-1.3.0-SNAPSHOT.jar:?]
	at org.apache.hadoop.hdds.server.OzoneProtocolMessageDispatcher.processRequest(OzoneProtocolMessageDispatcher.java:87) [hdds-server-framework-1.3.0-SNAPSHOT.jar:?]
	at org.apache.hadoop.ozone.protocolPB.OzoneManagerProtocolServerSideTranslatorPB.submitRequest(OzoneManagerProtocolServerSideTranslatorPB.java:147) [ozone-manager-1.3.0-SNAPSHOT.jar:?]
	at org.apache.hadoop.ozone.protocol.proto.OzoneManagerProtocolProtos$OzoneManagerService$2.callBlockingMethod(OzoneManagerProtocolProtos.java) [ozone-interface-client-1.3.0-SNAPSHOT.jar:?]
	at org.apache.hadoop.ipc.ProtobufRpcEngine$Server.processCall(ProtobufRpcEngine.java:466) [hadoop-common-3.3.1.jar:?]
	at org.apache.hadoop.ipc.ProtobufRpcEngine2$Server$ProtoBufRpcInvoker.call(ProtobufRpcEngine2.java:574) [hadoop-common-3.3.1.jar:?]
	at org.apache.hadoop.ipc.ProtobufRpcEngine2$Server$ProtoBufRpcInvoker.call(ProtobufRpcEngine2.java:552) [hadoop-common-3.3.1.jar:?]
	at org.apache.hadoop.ipc.RPC$Server.call(RPC.java:1093) [hadoop-common-3.3.1.jar:?]
	at org.apache.hadoop.ipc.Server$RpcCall.run(Server.java:1035) [hadoop-common-3.3.1.jar:?]
	at org.apache.hadoop.ipc.Server$RpcCall.run(Server.java:963) [hadoop-common-3.3.1.jar:?]
	at java.security.AccessController.doPrivileged(Native Method) ~[?:1.8.0_332]
	at javax.security.auth.Subject.doAs(Subject.java:422) [?:1.8.0_332]
	at org.apache.hadoop.security.UserGroupInformation.doAs(UserGroupInformation.java:1878) [hadoop-common-3.3.1.jar:?]
	at org.apache.hadoop.ipc.Server$Handler.run(Server.java:2966) [hadoop-common-3.3.1.jar:?]
07:53:14.348 [IPC Server handler 9 on default port 35463] ERROR OMAudit - user=runner | ip=127.0.0.1 | op=GET_FILE_STATUS {volume=volume87878, bucket=bucket66557, key=.Trash, dataSize=0, replicationConfig=null} | ret=FAILURE
org.apache.hadoop.ozone.om.exceptions.OMException: Unable to get file status: volume: volume87878 bucket: bucket66557 key: .Trash
	at org.apache.hadoop.ozone.om.KeyManagerImpl.getOzoneFileStatusFSO(KeyManagerImpl.java:1376) ~[ozone-manager-1.3.0-SNAPSHOT.jar:?]
	at org.apache.hadoop.ozone.om.KeyManagerImpl.getFileStatus(KeyManagerImpl.java:1239) ~[ozone-manager-1.3.0-SNAPSHOT.jar:?]
	at org.apache.hadoop.ozone.om.OzoneManager.getFileStatus(OzoneManager.java:3469) ~[ozone-manager-1.3.0-SNAPSHOT.jar:?]
	at org.apache.hadoop.ozone.protocolPB.OzoneManagerRequestHandler.getOzoneFileStatus(OzoneManagerRequestHandler.java:882) ~[ozone-manager-1.3.0-SNAPSHOT.jar:?]
	at org.apache.hadoop.ozone.protocolPB.OzoneManagerRequestHandler.handleReadRequest(OzoneManagerRequestHandler.java:228) ~[ozone-manager-1.3.0-SNAPSHOT.jar:?]
	at org.apache.hadoop.ozone.protocolPB.OzoneManagerProtocolServerSideTranslatorPB.submitRequestDirectlyToOM(OzoneManagerProtocolServerSideTranslatorPB.java:276) ~[ozone-manager-1.3.0-SNAPSHOT.jar:?]
	at org.apache.hadoop.ozone.protocolPB.OzoneManagerProtocolServerSideTranslatorPB.processRequest(OzoneManagerProtocolServerSideTranslatorPB.java:205) ~[ozone-manager-1.3.0-SNAPSHOT.jar:?]
	at org.apache.hadoop.hdds.server.OzoneProtocolMessageDispatcher.processRequest(OzoneProtocolMessageDispatcher.java:87) [hdds-server-framework-1.3.0-SNAPSHOT.jar:?]
	at org.apache.hadoop.ozone.protocolPB.OzoneManagerProtocolServerSideTranslatorPB.submitRequest(OzoneManagerProtocolServerSideTranslatorPB.java:147) [ozone-manager-1.3.0-SNAPSHOT.jar:?]
	at org.apache.hadoop.ozone.protocol.proto.OzoneManagerProtocolProtos$OzoneManagerService$2.callBlockingMethod(OzoneManagerProtocolProtos.java) [ozone-interface-client-1.3.0-SNAPSHOT.jar:?]
	at org.apache.hadoop.ipc.ProtobufRpcEngine$Server.processCall(ProtobufRpcEngine.java:466) [hadoop-common-3.3.1.jar:?]
	at org.apache.hadoop.ipc.ProtobufRpcEngine2$Server$ProtoBufRpcInvoker.call(ProtobufRpcEngine2.java:574) [hadoop-common-3.3.1.jar:?]
	at org.apache.hadoop.ipc.ProtobufRpcEngine2$Server$ProtoBufRpcInvoker.call(ProtobufRpcEngine2.java:552) [hadoop-common-3.3.1.jar:?]
	at org.apache.hadoop.ipc.RPC$Server.call(RPC.java:1093) [hadoop-common-3.3.1.jar:?]
	at org.apache.hadoop.ipc.Server$RpcCall.run(Server.java:1035) [hadoop-common-3.3.1.jar:?]
	at org.apache.hadoop.ipc.Server$RpcCall.run(Server.java:963) [hadoop-common-3.3.1.jar:?]
	at java.security.AccessController.doPrivileged(Native Method) ~[?:1.8.0_332]
	at javax.security.auth.Subject.doAs(Subject.java:422) [?:1.8.0_332]
	at org.apache.hadoop.security.UserGroupInformation.doAs(UserGroupInformation.java:1878) [hadoop-common-3.3.1.jar:?]
	at org.apache.hadoop.ipc.Server$Handler.run(Server.java:2966) [hadoop-common-3.3.1.jar:?]
07:53:14.352 [IPC Server handler 1 on default port 35463] ERROR OMAudit - user=runner | ip=127.0.0.1 | op=GET_FILE_STATUS {volume=volume87878, bucket=bucket66557, key=.Trash/runner, dataSize=0, replicationConfig=null} | ret=FAILURE
org.apache.hadoop.ozone.om.exceptions.OMException: Unable to get file status: volume: volume87878 bucket: bucket66557 key: .Trash/runner
	at org.apache.hadoop.ozone.om.KeyManagerImpl.getOzoneFileStatusFSO(KeyManagerImpl.java:1376) ~[ozone-manager-1.3.0-SNAPSHOT.jar:?]
	at org.apache.hadoop.ozone.om.KeyManagerImpl.getFileStatus(KeyManagerImpl.java:1239) ~[ozone-manager-1.3.0-SNAPSHOT.jar:?]
	at org.apache.hadoop.ozone.om.OzoneManager.getFileStatus(OzoneManager.java:3469) ~[ozone-manager-1.3.0-SNAPSHOT.jar:?]
	at org.apache.hadoop.ozone.protocolPB.OzoneManagerRequestHandler.getOzoneFileStatus(OzoneManagerRequestHandler.java:882) ~[ozone-manager-1.3.0-SNAPSHOT.jar:?]
	at org.apache.hadoop.ozone.protocolPB.OzoneManagerRequestHandler.handleReadRequest(OzoneManagerRequestHandler.java:228) ~[ozone-manager-1.3.0-SNAPSHOT.jar:?]
	at org.apache.hadoop.ozone.protocolPB.OzoneManagerProtocolServerSideTranslatorPB.submitRequestDirectlyToOM(OzoneManagerProtocolServerSideTranslatorPB.java:276) ~[ozone-manager-1.3.0-SNAPSHOT.jar:?]
	at org.apache.hadoop.ozone.protocolPB.OzoneManagerProtocolServerSideTranslatorPB.processRequest(OzoneManagerProtocolServerSideTranslatorPB.java:205) ~[ozone-manager-1.3.0-SNAPSHOT.jar:?]
	at org.apache.hadoop.hdds.server.OzoneProtocolMessageDispatcher.processRequest(OzoneProtocolMessageDispatcher.java:87) [hdds-server-framework-1.3.0-SNAPSHOT.jar:?]
	at org.apache.hadoop.ozone.protocolPB.OzoneManagerProtocolServerSideTranslatorPB.submitRequest(OzoneManagerProtocolServerSideTranslatorPB.java:147) [ozone-manager-1.3.0-SNAPSHOT.jar:?]
	at org.apache.hadoop.ozone.protocol.proto.OzoneManagerProtocolProtos$OzoneManagerService$2.callBlockingMethod(OzoneManagerProtocolProtos.java) [ozone-interface-client-1.3.0-SNAPSHOT.jar:?]
	at org.apache.hadoop.ipc.ProtobufRpcEngine$Server.processCall(ProtobufRpcEngine.java:466) [hadoop-common-3.3.1.jar:?]
	at org.apache.hadoop.ipc.ProtobufRpcEngine2$Server$ProtoBufRpcInvoker.call(ProtobufRpcEngine2.java:574) [hadoop-common-3.3.1.jar:?]
	at org.apache.hadoop.ipc.ProtobufRpcEngine2$Server$ProtoBufRpcInvoker.call(ProtobufRpcEngine2.java:552) [hadoop-common-3.3.1.jar:?]
	at org.apache.hadoop.ipc.RPC$Server.call(RPC.java:1093) [hadoop-common-3.3.1.jar:?]
	at org.apache.hadoop.ipc.Server$RpcCall.run(Server.java:1035) [hadoop-common-3.3.1.jar:?]
	at org.apache.hadoop.ipc.Server$RpcCall.run(Server.java:963) [hadoop-common-3.3.1.jar:?]
	at java.security.AccessController.doPrivileged(Native Method) ~[?:1.8.0_332]
	at javax.security.auth.Subject.doAs(Subject.java:422) [?:1.8.0_332]
	at org.apache.hadoop.security.UserGroupInformation.doAs(UserGroupInformation.java:1878) [hadoop-common-3.3.1.jar:?]
	at org.apache.hadoop.ipc.Server$Handler.run(Server.java:2966) [hadoop-common-3.3.1.jar:?]
07:53:14.367 [IPC Server handler 11 on default port 35463] ERROR OMAudit - user=runner | ip=127.0.0.1 | op=GET_FILE_STATUS {volume=volume26866, bucket=trashroottest2, key=.Trash/runner, dataSize=0, replicationConfig=null} | ret=FAILURE
org.apache.hadoop.ozone.om.exceptions.OMException: Unable to get file status: volume: volume26866 bucket: trashroottest2 key: .Trash/runner
	at org.apache.hadoop.ozone.om.KeyManagerImpl.getOzoneFileStatusFSO(KeyManagerImpl.java:1376) ~[ozone-manager-1.3.0-SNAPSHOT.jar:?]
	at org.apache.hadoop.ozone.om.KeyManagerImpl.getFileStatus(KeyManagerImpl.java:1239) ~[ozone-manager-1.3.0-SNAPSHOT.jar:?]
	at org.apache.hadoop.ozone.om.OzoneManager.getFileStatus(OzoneManager.java:3469) ~[ozone-manager-1.3.0-SNAPSHOT.jar:?]
	at org.apache.hadoop.ozone.protocolPB.OzoneManagerRequestHandler.getOzoneFileStatus(OzoneManagerRequestHandler.java:882) ~[ozone-manager-1.3.0-SNAPSHOT.jar:?]
	at org.apache.hadoop.ozone.protocolPB.OzoneManagerRequestHandler.handleReadRequest(OzoneManagerRequestHandler.java:228) ~[ozone-manager-1.3.0-SNAPSHOT.jar:?]
	at org.apache.hadoop.ozone.protocolPB.OzoneManagerProtocolServerSideTranslatorPB.submitRequestDirectlyToOM(OzoneManagerProtocolServerSideTranslatorPB.java:276) ~[ozone-manager-1.3.0-SNAPSHOT.jar:?]
	at org.apache.hadoop.ozone.protocolPB.OzoneManagerProtocolServerSideTranslatorPB.processRequest(OzoneManagerProtocolServerSideTranslatorPB.java:205) ~[ozone-manager-1.3.0-SNAPSHOT.jar:?]
	at org.apache.hadoop.hdds.server.OzoneProtocolMessageDispatcher.processRequest(OzoneProtocolMessageDispatcher.java:87) [hdds-server-framework-1.3.0-SNAPSHOT.jar:?]
	at org.apache.hadoop.ozone.protocolPB.OzoneManagerProtocolServerSideTranslatorPB.submitRequest(OzoneManagerProtocolServerSideTranslatorPB.java:147) [ozone-manager-1.3.0-SNAPSHOT.jar:?]
	at org.apache.hadoop.ozone.protocol.proto.OzoneManagerProtocolProtos$OzoneManagerService$2.callBlockingMethod(OzoneManagerProtocolProtos.java) [ozone-interface-client-1.3.0-SNAPSHOT.jar:?]
	at org.apache.hadoop.ipc.ProtobufRpcEngine$Server.processCall(ProtobufRpcEngine.java:466) [hadoop-common-3.3.1.jar:?]
	at org.apache.hadoop.ipc.ProtobufRpcEngine2$Server$ProtoBufRpcInvoker.call(ProtobufRpcEngine2.java:574) [hadoop-common-3.3.1.jar:?]
	at org.apache.hadoop.ipc.ProtobufRpcEngine2$Server$ProtoBufRpcInvoker.call(ProtobufRpcEngine2.java:552) [hadoop-common-3.3.1.jar:?]
	at org.apache.hadoop.ipc.RPC$Server.call(RPC.java:1093) [hadoop-common-3.3.1.jar:?]
	at org.apache.hadoop.ipc.Server$RpcCall.run(Server.java:1035) [hadoop-common-3.3.1.jar:?]
	at org.apache.hadoop.ipc.Server$RpcCall.run(Server.java:963) [hadoop-common-3.3.1.jar:?]
	at java.security.AccessController.doPrivileged(Native Method) ~[?:1.8.0_332]
	at javax.security.auth.Subject.doAs(Subject.java:422) [?:1.8.0_332]
	at org.apache.hadoop.security.UserGroupInformation.doAs(UserGroupInformation.java:1878) [hadoop-common-3.3.1.jar:?]
	at org.apache.hadoop.ipc.Server$Handler.run(Server.java:2966) [hadoop-common-3.3.1.jar:?]
07:53:14.369 [IPC Server handler 18 on default port 35463] ERROR OMAudit - user=runner | ip=127.0.0.1 | op=GET_FILE_STATUS {volume=dcc4a3e3-3bc9-4fd4-acca-f987cd0ec97e, bucket=4980a550-f8b6-4690-a861-dd9df4165a4c, key=.Trash, dataSize=0, replicationConfig=null} | ret=FAILURE
org.apache.hadoop.ozone.om.exceptions.OMException: Unable to get file status: volume: dcc4a3e3-3bc9-4fd4-acca-f987cd0ec97e bucket: 4980a550-f8b6-4690-a861-dd9df4165a4c key: .Trash
	at org.apache.hadoop.ozone.om.KeyManagerImpl.getOzoneFileStatus(KeyManagerImpl.java:1311) ~[ozone-manager-1.3.0-SNAPSHOT.jar:?]
	at org.apache.hadoop.ozone.om.KeyManagerImpl.getFileStatus(KeyManagerImpl.java:1241) ~[ozone-manager-1.3.0-SNAPSHOT.jar:?]
	at org.apache.hadoop.ozone.om.OzoneManager.getFileStatus(OzoneManager.java:3469) ~[ozone-manager-1.3.0-SNAPSHOT.jar:?]
	at org.apache.hadoop.ozone.protocolPB.OzoneManagerRequestHandler.getOzoneFileStatus(OzoneManagerRequestHandler.java:882) ~[ozone-manager-1.3.0-SNAPSHOT.jar:?]
	at org.apache.hadoop.ozone.protocolPB.OzoneManagerRequestHandler.handleReadRequest(OzoneManagerRequestHandler.java:228) ~[ozone-manager-1.3.0-SNAPSHOT.jar:?]
	at org.apache.hadoop.ozone.protocolPB.OzoneManagerProtocolServerSideTranslatorPB.submitRequestDirectlyToOM(OzoneManagerProtocolServerSideTranslatorPB.java:276) ~[ozone-manager-1.3.0-SNAPSHOT.jar:?]
	at org.apache.hadoop.ozone.protocolPB.OzoneManagerProtocolServerSideTranslatorPB.processRequest(OzoneManagerProtocolServerSideTranslatorPB.java:205) ~[ozone-manager-1.3.0-SNAPSHOT.jar:?]
	at org.apache.hadoop.hdds.server.OzoneProtocolMessageDispatcher.processRequest(OzoneProtocolMessageDispatcher.java:87) [hdds-server-framework-1.3.0-SNAPSHOT.jar:?]
	at org.apache.hadoop.ozone.protocolPB.OzoneManagerProtocolServerSideTranslatorPB.submitRequest(OzoneManagerProtocolServerSideTranslatorPB.java:147) [ozone-manager-1.3.0-SNAPSHOT.jar:?]
	at org.apache.hadoop.ozone.protocol.proto.OzoneManagerProtocolProtos$OzoneManagerService$2.callBlockingMethod(OzoneManagerProtocolProtos.java) [ozone-interface-client-1.3.0-SNAPSHOT.jar:?]
	at org.apache.hadoop.ipc.ProtobufRpcEngine$Server.processCall(ProtobufRpcEngine.java:466) [hadoop-common-3.3.1.jar:?]
	at org.apache.hadoop.ipc.ProtobufRpcEngine2$Server$ProtoBufRpcInvoker.call(ProtobufRpcEngine2.java:574) [hadoop-common-3.3.1.jar:?]
	at org.apache.hadoop.ipc.ProtobufRpcEngine2$Server$ProtoBufRpcInvoker.call(ProtobufRpcEngine2.java:552) [hadoop-common-3.3.1.jar:?]
	at org.apache.hadoop.ipc.RPC$Server.call(RPC.java:1093) [hadoop-common-3.3.1.jar:?]
	at org.apache.hadoop.ipc.Server$RpcCall.run(Server.java:1035) [hadoop-common-3.3.1.jar:?]
	at org.apache.hadoop.ipc.Server$RpcCall.run(Server.java:963) [hadoop-common-3.3.1.jar:?]
	at java.security.AccessController.doPrivileged(Native Method) ~[?:1.8.0_332]
	at javax.security.auth.Subject.doAs(Subject.java:422) [?:1.8.0_332]
	at org.apache.hadoop.security.UserGroupInformation.doAs(UserGroupInformation.java:1878) [hadoop-common-3.3.1.jar:?]
	at org.apache.hadoop.ipc.Server$Handler.run(Server.java:2966) [hadoop-common-3.3.1.jar:?]
07:53:14.378 [IPC Server handler 8 on default port 35463] ERROR OMAudit - user=runner | ip=127.0.0.1 | op=GET_FILE_STATUS {volume=volume26866, bucket=trashroottest2, key=.Trash, dataSize=0, replicationConfig=null} | ret=FAILURE
org.apache.hadoop.ozone.om.exceptions.OMException: Unable to get file status: volume: volume26866 bucket: trashroottest2 key: .Trash
	at org.apache.hadoop.ozone.om.KeyManagerImpl.getOzoneFileStatusFSO(KeyManagerImpl.java:1376) ~[ozone-manager-1.3.0-SNAPSHOT.jar:?]
	at org.apache.hadoop.ozone.om.KeyManagerImpl.getFileStatus(KeyManagerImpl.java:1239) ~[ozone-manager-1.3.0-SNAPSHOT.jar:?]
	at org.apache.hadoop.ozone.om.OzoneManager.getFileStatus(OzoneManager.java:3469) ~[ozone-manager-1.3.0-SNAPSHOT.jar:?]
	at org.apache.hadoop.ozone.protocolPB.OzoneManagerRequestHandler.getOzoneFileStatus(OzoneManagerRequestHandler.java:882) ~[ozone-manager-1.3.0-SNAPSHOT.jar:?]
	at org.apache.hadoop.ozone.protocolPB.OzoneManagerRequestHandler.handleReadRequest(OzoneManagerRequestHandler.java:228) ~[ozone-manager-1.3.0-SNAPSHOT.jar:?]
	at org.apache.hadoop.ozone.protocolPB.OzoneManagerProtocolServerSideTranslatorPB.submitRequestDirectlyToOM(OzoneManagerProtocolServerSideTranslatorPB.java:276) ~[ozone-manager-1.3.0-SNAPSHOT.jar:?]
	at org.apache.hadoop.ozone.protocolPB.OzoneManagerProtocolServerSideTranslatorPB.processRequest(OzoneManagerProtocolServerSideTranslatorPB.java:205) ~[ozone-manager-1.3.0-SNAPSHOT.jar:?]
	at org.apache.hadoop.hdds.server.OzoneProtocolMessageDispatcher.processRequest(OzoneProtocolMessageDispatcher.java:87) [hdds-server-framework-1.3.0-SNAPSHOT.jar:?]
	at org.apache.hadoop.ozone.protocolPB.OzoneManagerProtocolServerSideTranslatorPB.submitRequest(OzoneManagerProtocolServerSideTranslatorPB.java:147) [ozone-manager-1.3.0-SNAPSHOT.jar:?]
	at org.apache.hadoop.ozone.protocol.proto.OzoneManagerProtocolProtos$OzoneManagerService$2.callBlockingMethod(OzoneManagerProtocolProtos.java) [ozone-interface-client-1.3.0-SNAPSHOT.jar:?]
	at org.apache.hadoop.ipc.ProtobufRpcEngine$Server.processCall(ProtobufRpcEngine.java:466) [hadoop-common-3.3.1.jar:?]
	at org.apache.hadoop.ipc.ProtobufRpcEngine2$Server$ProtoBufRpcInvoker.call(ProtobufRpcEngine2.java:574) [hadoop-common-3.3.1.jar:?]
	at org.apache.hadoop.ipc.ProtobufRpcEngine2$Server$ProtoBufRpcInvoker.call(ProtobufRpcEngine2.java:552) [hadoop-common-3.3.1.jar:?]
	at org.apache.hadoop.ipc.RPC$Server.call(RPC.java:1093) [hadoop-common-3.3.1.jar:?]
	at org.apache.hadoop.ipc.Server$RpcCall.run(Server.java:1035) [hadoop-common-3.3.1.jar:?]
	at org.apache.hadoop.ipc.Server$RpcCall.run(Server.java:963) [hadoop-common-3.3.1.jar:?]
	at java.security.AccessController.doPrivileged(Native Method) ~[?:1.8.0_332]
	at javax.security.auth.Subject.doAs(Subject.java:422) [?:1.8.0_332]
	at org.apache.hadoop.security.UserGroupInformation.doAs(UserGroupInformation.java:1878) [hadoop-common-3.3.1.jar:?]
	at org.apache.hadoop.ipc.Server$Handler.run(Server.java:2966) [hadoop-common-3.3.1.jar:?]
07:53:14.380 [IPC Server handler 12 on default port 35463] ERROR OMAudit - user=runner | ip=127.0.0.1 | op=GET_FILE_STATUS {volume=volume87878, bucket=bucket66557, key=.Trash, dataSize=0, replicationConfig=null} | ret=FAILURE
org.apache.hadoop.ozone.om.exceptions.OMException: Unable to get file status: volume: volume87878 bucket: bucket66557 key: .Trash
	at org.apache.hadoop.ozone.om.KeyManagerImpl.getOzoneFileStatusFSO(KeyManagerImpl.java:1376) ~[ozone-manager-1.3.0-SNAPSHOT.jar:?]
	at org.apache.hadoop.ozone.om.KeyManagerImpl.getFileStatus(KeyManagerImpl.java:1239) ~[ozone-manager-1.3.0-SNAPSHOT.jar:?]
	at org.apache.hadoop.ozone.om.OzoneManager.getFileStatus(OzoneManager.java:3469) ~[ozone-manager-1.3.0-SNAPSHOT.jar:?]
	at org.apache.hadoop.ozone.protocolPB.OzoneManagerRequestHandler.getOzoneFileStatus(OzoneManagerRequestHandler.java:882) ~[ozone-manager-1.3.0-SNAPSHOT.jar:?]
	at org.apache.hadoop.ozone.protocolPB.OzoneManagerRequestHandler.handleReadRequest(OzoneManagerRequestHandler.java:228) ~[ozone-manager-1.3.0-SNAPSHOT.jar:?]
	at org.apache.hadoop.ozone.protocolPB.OzoneManagerProtocolServerSideTranslatorPB.submitRequestDirectlyToOM(OzoneManagerProtocolServerSideTranslatorPB.java:276) ~[ozone-manager-1.3.0-SNAPSHOT.jar:?]
	at org.apache.hadoop.ozone.protocolPB.OzoneManagerProtocolServerSideTranslatorPB.processRequest(OzoneManagerProtocolServerSideTranslatorPB.java:205) ~[ozone-manager-1.3.0-SNAPSHOT.jar:?]
	at org.apache.hadoop.hdds.server.OzoneProtocolMessageDispatcher.processRequest(OzoneProtocolMessageDispatcher.java:87) [hdds-server-framework-1.3.0-SNAPSHOT.jar:?]
	at org.apache.hadoop.ozone.protocolPB.OzoneManagerProtocolServerSideTranslatorPB.submitRequest(OzoneManagerProtocolServerSideTranslatorPB.java:147) [ozone-manager-1.3.0-SNAPSHOT.jar:?]
	at org.apache.hadoop.ozone.protocol.proto.OzoneManagerProtocolProtos$OzoneManagerService$2.callBlockingMethod(OzoneManagerProtocolProtos.java) [ozone-interface-client-1.3.0-SNAPSHOT.jar:?]
	at org.apache.hadoop.ipc.ProtobufRpcEngine$Server.processCall(ProtobufRpcEngine.java:466) [hadoop-common-3.3.1.jar:?]
	at org.apache.hadoop.ipc.ProtobufRpcEngine2$Server$ProtoBufRpcInvoker.call(ProtobufRpcEngine2.java:574) [hadoop-common-3.3.1.jar:?]
	at org.apache.hadoop.ipc.ProtobufRpcEngine2$Server$ProtoBufRpcInvoker.call(ProtobufRpcEngine2.java:552) [hadoop-common-3.3.1.jar:?]
	at org.apache.hadoop.ipc.RPC$Server.call(RPC.java:1093) [hadoop-common-3.3.1.jar:?]
	at org.apache.hadoop.ipc.Server$RpcCall.run(Server.java:1035) [hadoop-common-3.3.1.jar:?]
	at org.apache.hadoop.ipc.Server$RpcCall.run(Server.java:963) [hadoop-common-3.3.1.jar:?]
	at java.security.AccessController.doPrivileged(Native Method) ~[?:1.8.0_332]
	at javax.security.auth.Subject.doAs(Subject.java:422) [?:1.8.0_332]
	at org.apache.hadoop.security.UserGroupInformation.doAs(UserGroupInformation.java:1878) [hadoop-common-3.3.1.jar:?]
	at org.apache.hadoop.ipc.Server$Handler.run(Server.java:2966) [hadoop-common-3.3.1.jar:?]
07:53:14.390 [IPC Server handler 6 on default port 35463] ERROR OMAudit - user=runner | ip=127.0.0.1 | op=GET_FILE_STATUS {volume=volume26866, bucket=bucket89184, key=.Trash/runner, dataSize=0, replicationConfig=null} | ret=FAILURE
org.apache.hadoop.ozone.om.exceptions.OMException: Unable to get file status: volume: volume26866 bucket: bucket89184 key: .Trash/runner
	at org.apache.hadoop.ozone.om.KeyManagerImpl.getOzoneFileStatusFSO(KeyManagerImpl.java:1376) ~[ozone-manager-1.3.0-SNAPSHOT.jar:?]
	at org.apache.hadoop.ozone.om.KeyManagerImpl.getFileStatus(KeyManagerImpl.java:1239) ~[ozone-manager-1.3.0-SNAPSHOT.jar:?]
	at org.apache.hadoop.ozone.om.OzoneManager.getFileStatus(OzoneManager.java:3469) ~[ozone-manager-1.3.0-SNAPSHOT.jar:?]
	at org.apache.hadoop.ozone.protocolPB.OzoneManagerRequestHandler.getOzoneFileStatus(OzoneManagerRequestHandler.java:882) ~[ozone-manager-1.3.0-SNAPSHOT.jar:?]
	at org.apache.hadoop.ozone.protocolPB.OzoneManagerRequestHandler.handleReadRequest(OzoneManagerRequestHandler.java:228) ~[ozone-manager-1.3.0-SNAPSHOT.jar:?]
	at org.apache.hadoop.ozone.protocolPB.OzoneManagerProtocolServerSideTranslatorPB.submitRequestDirectlyToOM(OzoneManagerProtocolServerSideTranslatorPB.java:276) ~[ozone-manager-1.3.0-SNAPSHOT.jar:?]
	at org.apache.hadoop.ozone.protocolPB.OzoneManagerProtocolServerSideTranslatorPB.processRequest(OzoneManagerProtocolServerSideTranslatorPB.java:205) ~[ozone-manager-1.3.0-SNAPSHOT.jar:?]
	at org.apache.hadoop.hdds.server.OzoneProtocolMessageDispatcher.processRequest(OzoneProtocolMessageDispatcher.java:87) [hdds-server-framework-1.3.0-SNAPSHOT.jar:?]
	at org.apache.hadoop.ozone.protocolPB.OzoneManagerProtocolServerSideTranslatorPB.submitRequest(OzoneManagerProtocolServerSideTranslatorPB.java:147) [ozone-manager-1.3.0-SNAPSHOT.jar:?]
	at org.apache.hadoop.ozone.protocol.proto.OzoneManagerProtocolProtos$OzoneManagerService$2.callBlockingMethod(OzoneManagerProtocolProtos.java) [ozone-interface-client-1.3.0-SNAPSHOT.jar:?]
	at org.apache.hadoop.ipc.ProtobufRpcEngine$Server.processCall(ProtobufRpcEngine.java:466) [hadoop-common-3.3.1.jar:?]
	at org.apache.hadoop.ipc.ProtobufRpcEngine2$Server$ProtoBufRpcInvoker.call(ProtobufRpcEngine2.java:574) [hadoop-common-3.3.1.jar:?]
	at org.apache.hadoop.ipc.ProtobufRpcEngine2$Server$ProtoBufRpcInvoker.call(ProtobufRpcEngine2.java:552) [hadoop-common-3.3.1.jar:?]
	at org.apache.hadoop.ipc.RPC$Server.call(RPC.java:1093) [hadoop-common-3.3.1.jar:?]
	at org.apache.hadoop.ipc.Server$RpcCall.run(Server.java:1035) [hadoop-common-3.3.1.jar:?]
	at org.apache.hadoop.ipc.Server$RpcCall.run(Server.java:963) [hadoop-common-3.3.1.jar:?]
	at java.security.AccessController.doPrivileged(Native Method) ~[?:1.8.0_332]
	at javax.security.auth.Subject.doAs(Subject.java:422) [?:1.8.0_332]
	at org.apache.hadoop.security.UserGroupInformation.doAs(UserGroupInformation.java:1878) [hadoop-common-3.3.1.jar:?]
	at org.apache.hadoop.ipc.Server$Handler.run(Server.java:2966) [hadoop-common-3.3.1.jar:?]
07:53:14.391 [IPC Server handler 7 on default port 35463] ERROR OMAudit - user=runner | ip=127.0.0.1 | op=GET_FILE_STATUS {volume=dcc4a3e3-3bc9-4fd4-acca-f987cd0ec97e, bucket=4980a550-f8b6-4690-a861-dd9df4165a4c, key=.Trash, dataSize=0, replicationConfig=null} | ret=FAILURE
org.apache.hadoop.ozone.om.exceptions.OMException: Unable to get file status: volume: dcc4a3e3-3bc9-4fd4-acca-f987cd0ec97e bucket: 4980a550-f8b6-4690-a861-dd9df4165a4c key: .Trash
	at org.apache.hadoop.ozone.om.KeyManagerImpl.getOzoneFileStatus(KeyManagerImpl.java:1311) ~[ozone-manager-1.3.0-SNAPSHOT.jar:?]
	at org.apache.hadoop.ozone.om.KeyManagerImpl.getFileStatus(KeyManagerImpl.java:1241) ~[ozone-manager-1.3.0-SNAPSHOT.jar:?]
	at org.apache.hadoop.ozone.om.OzoneManager.getFileStatus(OzoneManager.java:3469) ~[ozone-manager-1.3.0-SNAPSHOT.jar:?]
	at org.apache.hadoop.ozone.protocolPB.OzoneManagerRequestHandler.getOzoneFileStatus(OzoneManagerRequestHandler.java:882) ~[ozone-manager-1.3.0-SNAPSHOT.jar:?]
	at org.apache.hadoop.ozone.protocolPB.OzoneManagerRequestHandler.handleReadRequest(OzoneManagerRequestHandler.java:228) ~[ozone-manager-1.3.0-SNAPSHOT.jar:?]
	at org.apache.hadoop.ozone.protocolPB.OzoneManagerProtocolServerSideTranslatorPB.submitRequestDirectlyToOM(OzoneManagerProtocolServerSideTranslatorPB.java:276) ~[ozone-manager-1.3.0-SNAPSHOT.jar:?]
	at org.apache.hadoop.ozone.protocolPB.OzoneManagerProtocolServerSideTranslatorPB.processRequest(OzoneManagerProtocolServerSideTranslatorPB.java:205) ~[ozone-manager-1.3.0-SNAPSHOT.jar:?]
	at org.apache.hadoop.hdds.server.OzoneProtocolMessageDispatcher.processRequest(OzoneProtocolMessageDispatcher.java:87) [hdds-server-framework-1.3.0-SNAPSHOT.jar:?]
	at org.apache.hadoop.ozone.protocolPB.OzoneManagerProtocolServerSideTranslatorPB.submitRequest(OzoneManagerProtocolServerSideTranslatorPB.java:147) [ozone-manager-1.3.0-SNAPSHOT.jar:?]
	at org.apache.hadoop.ozone.protocol.proto.OzoneManagerProtocolProtos$OzoneManagerService$2.callBlockingMethod(OzoneManagerProtocolProtos.java) [ozone-interface-client-1.3.0-SNAPSHOT.jar:?]
	at org.apache.hadoop.ipc.ProtobufRpcEngine$Server.processCall(ProtobufRpcEngine.java:466) [hadoop-common-3.3.1.jar:?]
	at org.apache.hadoop.ipc.ProtobufRpcEngine2$Server$ProtoBufRpcInvoker.call(ProtobufRpcEngine2.java:574) [hadoop-common-3.3.1.jar:?]
	at org.apache.hadoop.ipc.ProtobufRpcEngine2$Server$ProtoBufRpcInvoker.call(ProtobufRpcEngine2.java:552) [hadoop-common-3.3.1.jar:?]
	at org.apache.hadoop.ipc.RPC$Server.call(RPC.java:1093) [hadoop-common-3.3.1.jar:?]
	at org.apache.hadoop.ipc.Server$RpcCall.run(Server.java:1035) [hadoop-common-3.3.1.jar:?]
	at org.apache.hadoop.ipc.Server$RpcCall.run(Server.java:963) [hadoop-common-3.3.1.jar:?]
	at java.security.AccessController.doPrivileged(Native Method) ~[?:1.8.0_332]
	at javax.security.auth.Subject.doAs(Subject.java:422) [?:1.8.0_332]
	at org.apache.hadoop.security.UserGroupInformation.doAs(UserGroupInformation.java:1878) [hadoop-common-3.3.1.jar:?]
	at org.apache.hadoop.ipc.Server$Handler.run(Server.java:2966) [hadoop-common-3.3.1.jar:?]
]]></system-out>
  </testcase>
  <testcase name="testCreateDoesNotAddParentDirKeys" classname="TestRootedOzoneFileSystemWithFSO" time="0.089">
    <system-out><![CDATA[2022-08-20 07:52:03,920 [Time-limited test] INFO  rpc.RpcClient (RpcClient.java:createVolume(471)) - Creating Volume: volume88380, with user39150 as owner and space quota set to -1 bytes, counts quota set to -1
2022-08-20 07:52:03,923 [OM StateMachine ApplyTransaction Thread - 0] INFO  volume.OMVolumeCreateRequest (OMVolumeCreateRequest.java:validateAndUpdateCache(195)) - created volume:volume88380 for user:user39150
2022-08-20 07:52:03,924 [Time-limited test] INFO  rpc.RpcClient (RpcClient.java:createBucket(674)) - Creating Bucket: volume88380/bucket19305, with bucket layout FILE_SYSTEM_OPTIMIZED, runner as owner, Versioning false, Storage Type set to DISK and Encryption set to false 
2022-08-20 07:52:03,926 [OM StateMachine ApplyTransaction Thread - 0] INFO  bucket.OMBucketCreateRequest (OMBucketCreateRequest.java:validateAndUpdateCache(260)) - created bucket: bucket19305 of layout FILE_SYSTEM_OPTIMIZED in volume: volume88380
]]></system-out>
  </testcase>
  <testcase name="testCreateDoesNotAddParentDirKeys" classname="TestRootedOzoneFileSystemWithFSO" time="0.166">
    <system-out><![CDATA[2022-08-20 07:53:14,481 [Time-limited test] INFO  rpc.RpcClient (RpcClient.java:createVolume(471)) - Creating Volume: volume79109, with user14784 as owner and space quota set to -1 bytes, counts quota set to -1
2022-08-20 07:53:14,482 [IPC Server handler 6 on default port 35463] INFO  volume.OMVolumeCreateRequest (OMVolumeCreateRequest.java:validateAndUpdateCache(195)) - created volume:volume79109 for user:user14784
2022-08-20 07:53:14,487 [Time-limited test] INFO  rpc.RpcClient (RpcClient.java:createBucket(674)) - Creating Bucket: volume79109/bucket97862, with bucket layout FILE_SYSTEM_OPTIMIZED, runner as owner, Versioning false, Storage Type set to DISK and Encryption set to false 
2022-08-20 07:53:14,488 [IPC Server handler 9 on default port 35463] INFO  bucket.OMBucketCreateRequest (OMBucketCreateRequest.java:validateAndUpdateCache(260)) - created bucket: bucket97862 of layout FILE_SYSTEM_OPTIMIZED in volume: volume79109
2022-08-20 07:53:14,566 [c9e3b08e-4472-4268-809a-be763a4c0fdf@group-FDC90BB2F919-FollowerState] INFO  impl.FollowerState (FollowerState.java:run(143)) - c9e3b08e-4472-4268-809a-be763a4c0fdf@group-FDC90BB2F919-FollowerState: change to CANDIDATE, lastRpcElapsedTime:5144283496ns, electionTimeout:5134ms
2022-08-20 07:53:14,567 [c9e3b08e-4472-4268-809a-be763a4c0fdf@group-FDC90BB2F919-FollowerState] INFO  impl.RoleInfo (RoleInfo.java:shutdownFollowerState(110)) - c9e3b08e-4472-4268-809a-be763a4c0fdf: shutdown c9e3b08e-4472-4268-809a-be763a4c0fdf@group-FDC90BB2F919-FollowerState
2022-08-20 07:53:14,567 [c9e3b08e-4472-4268-809a-be763a4c0fdf@group-FDC90BB2F919-FollowerState] INFO  server.RaftServer$Division (RaftServerImpl.java:setRole(299)) - c9e3b08e-4472-4268-809a-be763a4c0fdf@group-FDC90BB2F919: changes role from  FOLLOWER to CANDIDATE at term 3 for changeToCandidate
2022-08-20 07:53:14,567 [c9e3b08e-4472-4268-809a-be763a4c0fdf@group-FDC90BB2F919-FollowerState] INFO  server.RaftServerConfigKeys (ConfUtils.java:logGet(46)) - raft.server.leaderelection.pre-vote = false (custom)
2022-08-20 07:53:14,567 [c9e3b08e-4472-4268-809a-be763a4c0fdf@group-FDC90BB2F919-FollowerState] INFO  impl.RoleInfo (RoleInfo.java:updateAndGet(139)) - c9e3b08e-4472-4268-809a-be763a4c0fdf: start c9e3b08e-4472-4268-809a-be763a4c0fdf@group-FDC90BB2F919-LeaderElection31
]]></system-out>
  </testcase>
  <testcase name="testUnbuffer" classname="TestRootedOzoneFileSystemWithFSO" time="0.133">
    <system-out><![CDATA[2022-08-20 07:52:04,012 [Time-limited test] INFO  rpc.RpcClient (RpcClient.java:createVolume(471)) - Creating Volume: volume51466, with user03419 as owner and space quota set to -1 bytes, counts quota set to -1
2022-08-20 07:52:04,016 [OM StateMachine ApplyTransaction Thread - 0] INFO  volume.OMVolumeCreateRequest (OMVolumeCreateRequest.java:validateAndUpdateCache(195)) - created volume:volume51466 for user:user03419
2022-08-20 07:52:04,018 [Time-limited test] INFO  rpc.RpcClient (RpcClient.java:createBucket(674)) - Creating Bucket: volume51466/bucket53536, with bucket layout FILE_SYSTEM_OPTIMIZED, runner as owner, Versioning false, Storage Type set to DISK and Encryption set to false 
2022-08-20 07:52:04,019 [OM StateMachine ApplyTransaction Thread - 0] INFO  bucket.OMBucketCreateRequest (OMBucketCreateRequest.java:validateAndUpdateCache(260)) - created bucket: bucket53536 of layout FILE_SYSTEM_OPTIMIZED in volume: volume51466
]]></system-out>
  </testcase>
  <testcase name="testUnbuffer" classname="TestRootedOzoneFileSystemWithFSO" time="0.29">
    <system-out><![CDATA[2022-08-20 07:53:14,591 [c9e3b08e-4472-4268-809a-be763a4c0fdf@group-FDC90BB2F919-LeaderElection31] INFO  impl.LeaderElection (LeaderElection.java:askForVotes(310)) - c9e3b08e-4472-4268-809a-be763a4c0fdf@group-FDC90BB2F919-LeaderElection31 ELECTION round 0: submit vote requests at term 4 for -1: [7d464b4c-0df7-4a5f-b174-b285aa9576d2|rpc:10.1.0.10:43361|dataStream:|priority:1, 9b8f87c8-445f-40fe-97ae-2bc30a04beb5|rpc:10.1.0.10:43397|dataStream:|priority:0, c9e3b08e-4472-4268-809a-be763a4c0fdf|rpc:10.1.0.10:45857|dataStream:|priority:0], old=null
2022-08-20 07:53:14,621 [grpc-default-executor-3] INFO  server.RaftServer$Division (RaftServerImpl.java:requestVote(1152)) - 7d464b4c-0df7-4a5f-b174-b285aa9576d2@group-FDC90BB2F919: receive requestVote(ELECTION, c9e3b08e-4472-4268-809a-be763a4c0fdf, group-FDC90BB2F919, 4, (t:0, i:0))
2022-08-20 07:53:14,621 [grpc-default-executor-3] INFO  impl.VoteContext (VoteContext.java:log(48)) - 7d464b4c-0df7-4a5f-b174-b285aa9576d2@group-FDC90BB2F919-FOLLOWER: reject ELECTION from c9e3b08e-4472-4268-809a-be763a4c0fdf: our priority 1 > candidate's priority 0
2022-08-20 07:53:14,621 [grpc-default-executor-3] INFO  server.RaftServer$Division (RaftServerImpl.java:setRole(299)) - 7d464b4c-0df7-4a5f-b174-b285aa9576d2@group-FDC90BB2F919: changes role from  FOLLOWER to FOLLOWER at term 4 for candidate:c9e3b08e-4472-4268-809a-be763a4c0fdf
2022-08-20 07:53:14,621 [grpc-default-executor-3] INFO  impl.RoleInfo (RoleInfo.java:shutdownFollowerState(110)) - 7d464b4c-0df7-4a5f-b174-b285aa9576d2: shutdown 7d464b4c-0df7-4a5f-b174-b285aa9576d2@group-FDC90BB2F919-FollowerState
2022-08-20 07:53:14,622 [grpc-default-executor-3] INFO  impl.RoleInfo (RoleInfo.java:updateAndGet(139)) - 7d464b4c-0df7-4a5f-b174-b285aa9576d2: start 7d464b4c-0df7-4a5f-b174-b285aa9576d2@group-FDC90BB2F919-FollowerState
2022-08-20 07:53:14,622 [7d464b4c-0df7-4a5f-b174-b285aa9576d2@group-FDC90BB2F919-FollowerState] INFO  impl.FollowerState (FollowerState.java:run(152)) - 7d464b4c-0df7-4a5f-b174-b285aa9576d2@group-FDC90BB2F919-FollowerState was interrupted
2022-08-20 07:53:14,660 [grpc-default-executor-3] INFO  server.RaftServer$Division (RaftServerImpl.java:requestVote(1184)) - 7d464b4c-0df7-4a5f-b174-b285aa9576d2@group-FDC90BB2F919 replies to ELECTION vote request: c9e3b08e-4472-4268-809a-be763a4c0fdf<-7d464b4c-0df7-4a5f-b174-b285aa9576d2#0:FAIL-t4. Peer's state: 7d464b4c-0df7-4a5f-b174-b285aa9576d2@group-FDC90BB2F919:t4, leader=null, voted=null, raftlog=7d464b4c-0df7-4a5f-b174-b285aa9576d2@group-FDC90BB2F919-SegmentedRaftLog:OPENED:c-1, conf=-1: [7d464b4c-0df7-4a5f-b174-b285aa9576d2|rpc:10.1.0.10:43361|dataStream:|priority:1, 9b8f87c8-445f-40fe-97ae-2bc30a04beb5|rpc:10.1.0.10:43397|dataStream:|priority:0, c9e3b08e-4472-4268-809a-be763a4c0fdf|rpc:10.1.0.10:45857|dataStream:|priority:0], old=null
2022-08-20 07:53:14,664 [grpc-default-executor-2] INFO  server.RaftServer$Division (RaftServerImpl.java:requestVote(1152)) - 9b8f87c8-445f-40fe-97ae-2bc30a04beb5@group-FDC90BB2F919: receive requestVote(ELECTION, c9e3b08e-4472-4268-809a-be763a4c0fdf, group-FDC90BB2F919, 4, (t:0, i:0))
2022-08-20 07:53:14,665 [grpc-default-executor-2] INFO  impl.VoteContext (VoteContext.java:log(48)) - 9b8f87c8-445f-40fe-97ae-2bc30a04beb5@group-FDC90BB2F919-FOLLOWER: accept ELECTION from c9e3b08e-4472-4268-809a-be763a4c0fdf: our priority 0 <= candidate's priority 0
2022-08-20 07:53:14,665 [grpc-default-executor-2] INFO  server.RaftServer$Division (RaftServerImpl.java:setRole(299)) - 9b8f87c8-445f-40fe-97ae-2bc30a04beb5@group-FDC90BB2F919: changes role from  FOLLOWER to FOLLOWER at term 4 for candidate:c9e3b08e-4472-4268-809a-be763a4c0fdf
2022-08-20 07:53:14,665 [grpc-default-executor-2] INFO  impl.RoleInfo (RoleInfo.java:shutdownFollowerState(110)) - 9b8f87c8-445f-40fe-97ae-2bc30a04beb5: shutdown 9b8f87c8-445f-40fe-97ae-2bc30a04beb5@group-FDC90BB2F919-FollowerState
2022-08-20 07:53:14,665 [grpc-default-executor-2] INFO  impl.RoleInfo (RoleInfo.java:updateAndGet(139)) - 9b8f87c8-445f-40fe-97ae-2bc30a04beb5: start 9b8f87c8-445f-40fe-97ae-2bc30a04beb5@group-FDC90BB2F919-FollowerState
2022-08-20 07:53:14,666 [9b8f87c8-445f-40fe-97ae-2bc30a04beb5@group-FDC90BB2F919-FollowerState] INFO  impl.FollowerState (FollowerState.java:run(152)) - 9b8f87c8-445f-40fe-97ae-2bc30a04beb5@group-FDC90BB2F919-FollowerState was interrupted
2022-08-20 07:53:14,672 [c9e3b08e-4472-4268-809a-be763a4c0fdf@group-FDC90BB2F919-LeaderElection31] INFO  impl.LeaderElection (LeaderElection.java:logAndReturn(90)) - c9e3b08e-4472-4268-809a-be763a4c0fdf@group-FDC90BB2F919-LeaderElection31: ELECTION REJECTED received 1 response(s) and 0 exception(s):
2022-08-20 07:53:14,672 [c9e3b08e-4472-4268-809a-be763a4c0fdf@group-FDC90BB2F919-LeaderElection31] INFO  impl.LeaderElection (LeaderElection.java:logAndReturn(94)) -   Response 0: c9e3b08e-4472-4268-809a-be763a4c0fdf<-7d464b4c-0df7-4a5f-b174-b285aa9576d2#0:FAIL-t4
2022-08-20 07:53:14,672 [c9e3b08e-4472-4268-809a-be763a4c0fdf@group-FDC90BB2F919-LeaderElection31] INFO  impl.LeaderElection (LeaderElection.java:askForVotes(312)) - c9e3b08e-4472-4268-809a-be763a4c0fdf@group-FDC90BB2F919-LeaderElection31 ELECTION round 0: result REJECTED
2022-08-20 07:53:14,672 [c9e3b08e-4472-4268-809a-be763a4c0fdf@group-FDC90BB2F919-LeaderElection31] INFO  server.RaftServer$Division (RaftServerImpl.java:setRole(299)) - c9e3b08e-4472-4268-809a-be763a4c0fdf@group-FDC90BB2F919: changes role from CANDIDATE to FOLLOWER at term 4 for REJECTED
2022-08-20 07:53:14,672 [c9e3b08e-4472-4268-809a-be763a4c0fdf@group-FDC90BB2F919-LeaderElection31] INFO  impl.RoleInfo (RoleInfo.java:shutdownLeaderElection(130)) - c9e3b08e-4472-4268-809a-be763a4c0fdf: shutdown c9e3b08e-4472-4268-809a-be763a4c0fdf@group-FDC90BB2F919-LeaderElection31
2022-08-20 07:53:14,673 [c9e3b08e-4472-4268-809a-be763a4c0fdf@group-FDC90BB2F919-LeaderElection31] INFO  impl.RoleInfo (RoleInfo.java:updateAndGet(139)) - c9e3b08e-4472-4268-809a-be763a4c0fdf: start c9e3b08e-4472-4268-809a-be763a4c0fdf@group-FDC90BB2F919-FollowerState
2022-08-20 07:53:14,673 [grpc-default-executor-2] INFO  server.RaftServer$Division (RaftServerImpl.java:requestVote(1184)) - 9b8f87c8-445f-40fe-97ae-2bc30a04beb5@group-FDC90BB2F919 replies to ELECTION vote request: c9e3b08e-4472-4268-809a-be763a4c0fdf<-9b8f87c8-445f-40fe-97ae-2bc30a04beb5#0:OK-t4. Peer's state: 9b8f87c8-445f-40fe-97ae-2bc30a04beb5@group-FDC90BB2F919:t4, leader=null, voted=c9e3b08e-4472-4268-809a-be763a4c0fdf, raftlog=9b8f87c8-445f-40fe-97ae-2bc30a04beb5@group-FDC90BB2F919-SegmentedRaftLog:OPENED:c-1, conf=-1: [7d464b4c-0df7-4a5f-b174-b285aa9576d2|rpc:10.1.0.10:43361|priority:1, 9b8f87c8-445f-40fe-97ae-2bc30a04beb5|rpc:10.1.0.10:43397|priority:0, c9e3b08e-4472-4268-809a-be763a4c0fdf|rpc:10.1.0.10:45857|priority:0], old=null
2022-08-20 07:53:14,742 [Time-limited test] INFO  rpc.RpcClient (RpcClient.java:createVolume(471)) - Creating Volume: volume45715, with user41297 as owner and space quota set to -1 bytes, counts quota set to -1
2022-08-20 07:53:14,743 [IPC Server handler 9 on default port 35463] INFO  volume.OMVolumeCreateRequest (OMVolumeCreateRequest.java:validateAndUpdateCache(195)) - created volume:volume45715 for user:user41297
2022-08-20 07:53:14,744 [Time-limited test] INFO  rpc.RpcClient (RpcClient.java:createBucket(674)) - Creating Bucket: volume45715/bucket42149, with bucket layout FILE_SYSTEM_OPTIMIZED, runner as owner, Versioning false, Storage Type set to DISK and Encryption set to false 
2022-08-20 07:53:14,744 [IPC Server handler 11 on default port 35463] INFO  bucket.OMBucketCreateRequest (OMBucketCreateRequest.java:validateAndUpdateCache(260)) - created bucket: bucket42149 of layout FILE_SYSTEM_OPTIMIZED in volume: volume45715
]]></system-out>
  </testcase>
  <testcase name="testDeleteCreatesFakeParentDir" classname="TestRootedOzoneFileSystemWithFSO" time="0">
    <skipped type="org.junit.AssumptionViolatedException"><![CDATA[org.junit.AssumptionViolatedException: FS Path is enabled. Skipping this test as it is not tuned for FS Path yet
	at org.junit.Assume.assumeTrue(Assume.java:68)
	at org.apache.hadoop.fs.ozone.TestRootedOzoneFileSystem.testDeleteCreatesFakeParentDir(TestRootedOzoneFileSystem.java:320)
	at sun.reflect.NativeMethodAccessorImpl.invoke0(Native Method)
	at sun.reflect.NativeMethodAccessorImpl.invoke(NativeMethodAccessorImpl.java:62)
	at sun.reflect.DelegatingMethodAccessorImpl.invoke(DelegatingMethodAccessorImpl.java:43)
	at java.lang.reflect.Method.invoke(Method.java:498)
	at org.junit.runners.model.FrameworkMethod$1.runReflectiveCall(FrameworkMethod.java:59)
	at org.junit.internal.runners.model.ReflectiveCallable.run(ReflectiveCallable.java:12)
	at org.junit.runners.model.FrameworkMethod.invokeExplosively(FrameworkMethod.java:56)
	at org.junit.internal.runners.statements.InvokeMethod.evaluate(InvokeMethod.java:17)
	at org.junit.internal.runners.statements.RunBefores.evaluate(RunBefores.java:26)
	at org.junit.internal.runners.statements.RunAfters.evaluate(RunAfters.java:27)
	at org.junit.internal.runners.statements.FailOnTimeout$CallableStatement.call(FailOnTimeout.java:288)
	at org.junit.internal.runners.statements.FailOnTimeout$CallableStatement.call(FailOnTimeout.java:282)
	at java.util.concurrent.FutureTask.run(FutureTask.java:266)
	at java.lang.Thread.run(Thread.java:750)
]]></skipped>
    <system-out><![CDATA[2022-08-20 07:52:04,135 [Time-limited test] INFO  rpc.RpcClient (RpcClient.java:createVolume(471)) - Creating Volume: volume09763, with user75052 as owner and space quota set to -1 bytes, counts quota set to -1
2022-08-20 07:52:04,137 [OM StateMachine ApplyTransaction Thread - 0] INFO  volume.OMVolumeCreateRequest (OMVolumeCreateRequest.java:validateAndUpdateCache(195)) - created volume:volume09763 for user:user75052
2022-08-20 07:52:04,140 [Time-limited test] INFO  rpc.RpcClient (RpcClient.java:createBucket(674)) - Creating Bucket: volume09763/bucket99367, with bucket layout FILE_SYSTEM_OPTIMIZED, runner as owner, Versioning false, Storage Type set to DISK and Encryption set to false 
2022-08-20 07:52:04,142 [OM StateMachine ApplyTransaction Thread - 0] INFO  bucket.OMBucketCreateRequest (OMBucketCreateRequest.java:validateAndUpdateCache(260)) - created bucket: bucket99367 of layout FILE_SYSTEM_OPTIMIZED in volume: volume09763
]]></system-out>
  </testcase>
  <testcase name="testDeleteCreatesFakeParentDir" classname="TestRootedOzoneFileSystemWithFSO" time="0">
    <skipped type="org.junit.AssumptionViolatedException"><![CDATA[org.junit.AssumptionViolatedException: FS Path is enabled. Skipping this test as it is not tuned for FS Path yet
	at org.junit.Assume.assumeTrue(Assume.java:68)
	at org.apache.hadoop.fs.ozone.TestRootedOzoneFileSystem.testDeleteCreatesFakeParentDir(TestRootedOzoneFileSystem.java:320)
	at sun.reflect.NativeMethodAccessorImpl.invoke0(Native Method)
	at sun.reflect.NativeMethodAccessorImpl.invoke(NativeMethodAccessorImpl.java:62)
	at sun.reflect.DelegatingMethodAccessorImpl.invoke(DelegatingMethodAccessorImpl.java:43)
	at java.lang.reflect.Method.invoke(Method.java:498)
	at org.junit.runners.model.FrameworkMethod$1.runReflectiveCall(FrameworkMethod.java:59)
	at org.junit.internal.runners.model.ReflectiveCallable.run(ReflectiveCallable.java:12)
	at org.junit.runners.model.FrameworkMethod.invokeExplosively(FrameworkMethod.java:56)
	at org.junit.internal.runners.statements.InvokeMethod.evaluate(InvokeMethod.java:17)
	at org.junit.internal.runners.statements.RunBefores.evaluate(RunBefores.java:26)
	at org.junit.internal.runners.statements.RunAfters.evaluate(RunAfters.java:27)
	at org.junit.internal.runners.statements.FailOnTimeout$CallableStatement.call(FailOnTimeout.java:288)
	at org.junit.internal.runners.statements.FailOnTimeout$CallableStatement.call(FailOnTimeout.java:282)
	at java.util.concurrent.FutureTask.run(FutureTask.java:266)
	at java.lang.Thread.run(Thread.java:750)
]]></skipped>
    <system-out><![CDATA[2022-08-20 07:53:14,935 [Time-limited test] INFO  rpc.RpcClient (RpcClient.java:createVolume(471)) - Creating Volume: volume03625, with user54552 as owner and space quota set to -1 bytes, counts quota set to -1
2022-08-20 07:53:14,936 [IPC Server handler 16 on default port 35463] INFO  volume.OMVolumeCreateRequest (OMVolumeCreateRequest.java:validateAndUpdateCache(195)) - created volume:volume03625 for user:user54552
2022-08-20 07:53:14,937 [Time-limited test] INFO  rpc.RpcClient (RpcClient.java:createBucket(674)) - Creating Bucket: volume03625/bucket12536, with bucket layout FILE_SYSTEM_OPTIMIZED, runner as owner, Versioning false, Storage Type set to DISK and Encryption set to false 
2022-08-20 07:53:14,937 [IPC Server handler 15 on default port 35463] INFO  bucket.OMBucketCreateRequest (OMBucketCreateRequest.java:validateAndUpdateCache(260)) - created bucket: bucket12536 of layout FILE_SYSTEM_OPTIMIZED in volume: volume03625
]]></system-out>
  </testcase>
  <testcase name="testNonExplicitlyCreatedPathExistsAfterItsLeafsWereRemoved" classname="TestRootedOzoneFileSystemWithFSO" time="0.082">
    <system-out><![CDATA[2022-08-20 07:52:04,203 [Time-limited test] INFO  rpc.RpcClient (RpcClient.java:createVolume(471)) - Creating Volume: volume65622, with user67294 as owner and space quota set to -1 bytes, counts quota set to -1
2022-08-20 07:52:04,205 [OM StateMachine ApplyTransaction Thread - 0] INFO  volume.OMVolumeCreateRequest (OMVolumeCreateRequest.java:validateAndUpdateCache(195)) - created volume:volume65622 for user:user67294
2022-08-20 07:52:04,208 [Time-limited test] INFO  rpc.RpcClient (RpcClient.java:createBucket(674)) - Creating Bucket: volume65622/bucket99079, with bucket layout FILE_SYSTEM_OPTIMIZED, runner as owner, Versioning false, Storage Type set to DISK and Encryption set to false 
2022-08-20 07:52:04,210 [OM StateMachine ApplyTransaction Thread - 0] INFO  bucket.OMBucketCreateRequest (OMBucketCreateRequest.java:validateAndUpdateCache(260)) - created bucket: bucket99079 of layout FILE_SYSTEM_OPTIMIZED in volume: volume65622
]]></system-out>
  </testcase>
  <testcase name="testNonExplicitlyCreatedPathExistsAfterItsLeafsWereRemoved" classname="TestRootedOzoneFileSystemWithFSO" time="0.097">
    <system-out><![CDATA[2022-08-20 07:53:15,031 [Time-limited test] INFO  rpc.RpcClient (RpcClient.java:createVolume(471)) - Creating Volume: volume99939, with user70621 as owner and space quota set to -1 bytes, counts quota set to -1
2022-08-20 07:53:15,032 [IPC Server handler 15 on default port 35463] INFO  volume.OMVolumeCreateRequest (OMVolumeCreateRequest.java:validateAndUpdateCache(195)) - created volume:volume99939 for user:user70621
2022-08-20 07:53:15,033 [Time-limited test] INFO  rpc.RpcClient (RpcClient.java:createBucket(674)) - Creating Bucket: volume99939/bucket57336, with bucket layout FILE_SYSTEM_OPTIMIZED, runner as owner, Versioning false, Storage Type set to DISK and Encryption set to false 
2022-08-20 07:53:15,033 [IPC Server handler 0 on default port 35463] INFO  bucket.OMBucketCreateRequest (OMBucketCreateRequest.java:validateAndUpdateCache(260)) - created bucket: bucket57336 of layout FILE_SYSTEM_OPTIMIZED in volume: volume99939
]]></system-out>
  </testcase>
  <testcase name="testFileDelete" classname="TestRootedOzoneFileSystemWithFSO" time="0.154">
    <system-out><![CDATA[2022-08-20 07:52:04,276 [Time-limited test] INFO  rpc.RpcClient (RpcClient.java:createVolume(471)) - Creating Volume: volume48300, with user66219 as owner and space quota set to -1 bytes, counts quota set to -1
2022-08-20 07:52:04,278 [OM StateMachine ApplyTransaction Thread - 0] INFO  volume.OMVolumeCreateRequest (OMVolumeCreateRequest.java:validateAndUpdateCache(195)) - created volume:volume48300 for user:user66219
2022-08-20 07:52:04,279 [Time-limited test] INFO  rpc.RpcClient (RpcClient.java:createBucket(674)) - Creating Bucket: volume48300/bucket91865, with bucket layout FILE_SYSTEM_OPTIMIZED, runner as owner, Versioning false, Storage Type set to DISK and Encryption set to false 
2022-08-20 07:52:04,281 [OM StateMachine ApplyTransaction Thread - 0] INFO  bucket.OMBucketCreateRequest (OMBucketCreateRequest.java:validateAndUpdateCache(260)) - created bucket: bucket91865 of layout FILE_SYSTEM_OPTIMIZED in volume: volume48300
07:52:04.359 [IPC Server handler 11 on default port 40219] ERROR OMAudit - user=runner | ip=127.0.0.1 | op=GET_FILE_STATUS {volume=volume48300, bucket=bucket91865, key=testBatchDelete, dataSize=0, replicationConfig=null} | ret=FAILURE
org.apache.hadoop.ozone.om.exceptions.OMException: Unable to get file status: volume: volume48300 bucket: bucket91865 key: testBatchDelete
	at org.apache.hadoop.ozone.om.KeyManagerImpl.getOzoneFileStatusFSO(KeyManagerImpl.java:1376) ~[ozone-manager-1.3.0-SNAPSHOT.jar:?]
	at org.apache.hadoop.ozone.om.KeyManagerImpl.getFileStatus(KeyManagerImpl.java:1239) ~[ozone-manager-1.3.0-SNAPSHOT.jar:?]
	at org.apache.hadoop.ozone.om.OzoneManager.getFileStatus(OzoneManager.java:3469) ~[ozone-manager-1.3.0-SNAPSHOT.jar:?]
	at org.apache.hadoop.ozone.protocolPB.OzoneManagerRequestHandler.getOzoneFileStatus(OzoneManagerRequestHandler.java:882) ~[ozone-manager-1.3.0-SNAPSHOT.jar:?]
	at org.apache.hadoop.ozone.protocolPB.OzoneManagerRequestHandler.handleReadRequest(OzoneManagerRequestHandler.java:228) ~[ozone-manager-1.3.0-SNAPSHOT.jar:?]
	at org.apache.hadoop.ozone.protocolPB.OzoneManagerProtocolServerSideTranslatorPB.submitReadRequestToOM(OzoneManagerProtocolServerSideTranslatorPB.java:226) ~[ozone-manager-1.3.0-SNAPSHOT.jar:?]
	at org.apache.hadoop.ozone.protocolPB.OzoneManagerProtocolServerSideTranslatorPB.processRequest(OzoneManagerProtocolServerSideTranslatorPB.java:175) ~[ozone-manager-1.3.0-SNAPSHOT.jar:?]
	at org.apache.hadoop.hdds.server.OzoneProtocolMessageDispatcher.processRequest(OzoneProtocolMessageDispatcher.java:87) [hdds-server-framework-1.3.0-SNAPSHOT.jar:?]
	at org.apache.hadoop.ozone.protocolPB.OzoneManagerProtocolServerSideTranslatorPB.submitRequest(OzoneManagerProtocolServerSideTranslatorPB.java:147) [ozone-manager-1.3.0-SNAPSHOT.jar:?]
	at org.apache.hadoop.ozone.protocol.proto.OzoneManagerProtocolProtos$OzoneManagerService$2.callBlockingMethod(OzoneManagerProtocolProtos.java) [ozone-interface-client-1.3.0-SNAPSHOT.jar:?]
	at org.apache.hadoop.ipc.ProtobufRpcEngine$Server.processCall(ProtobufRpcEngine.java:466) [hadoop-common-3.3.1.jar:?]
	at org.apache.hadoop.ipc.ProtobufRpcEngine2$Server$ProtoBufRpcInvoker.call(ProtobufRpcEngine2.java:574) [hadoop-common-3.3.1.jar:?]
	at org.apache.hadoop.ipc.ProtobufRpcEngine2$Server$ProtoBufRpcInvoker.call(ProtobufRpcEngine2.java:552) [hadoop-common-3.3.1.jar:?]
	at org.apache.hadoop.ipc.RPC$Server.call(RPC.java:1093) [hadoop-common-3.3.1.jar:?]
	at org.apache.hadoop.ipc.Server$RpcCall.run(Server.java:1035) [hadoop-common-3.3.1.jar:?]
	at org.apache.hadoop.ipc.Server$RpcCall.run(Server.java:963) [hadoop-common-3.3.1.jar:?]
	at java.security.AccessController.doPrivileged(Native Method) ~[?:1.8.0_332]
	at javax.security.auth.Subject.doAs(Subject.java:422) [?:1.8.0_332]
	at org.apache.hadoop.security.UserGroupInformation.doAs(UserGroupInformation.java:1878) [hadoop-common-3.3.1.jar:?]
	at org.apache.hadoop.ipc.Server$Handler.run(Server.java:2966) [hadoop-common-3.3.1.jar:?]
07:52:04.361 [IPC Server handler 14 on default port 40219] ERROR OMAudit - user=runner | ip=127.0.0.1 | op=GET_FILE_STATUS {volume=volume48300, bucket=bucket91865, key=testBatchDelete/parent/child0, dataSize=0, replicationConfig=null} | ret=FAILURE
org.apache.hadoop.ozone.om.exceptions.OMException: Unable to get file status: volume: volume48300 bucket: bucket91865 key: testBatchDelete/parent/child0
	at org.apache.hadoop.ozone.om.KeyManagerImpl.getOzoneFileStatusFSO(KeyManagerImpl.java:1376) ~[ozone-manager-1.3.0-SNAPSHOT.jar:?]
	at org.apache.hadoop.ozone.om.KeyManagerImpl.getFileStatus(KeyManagerImpl.java:1239) ~[ozone-manager-1.3.0-SNAPSHOT.jar:?]
	at org.apache.hadoop.ozone.om.OzoneManager.getFileStatus(OzoneManager.java:3469) ~[ozone-manager-1.3.0-SNAPSHOT.jar:?]
	at org.apache.hadoop.ozone.protocolPB.OzoneManagerRequestHandler.getOzoneFileStatus(OzoneManagerRequestHandler.java:882) ~[ozone-manager-1.3.0-SNAPSHOT.jar:?]
	at org.apache.hadoop.ozone.protocolPB.OzoneManagerRequestHandler.handleReadRequest(OzoneManagerRequestHandler.java:228) ~[ozone-manager-1.3.0-SNAPSHOT.jar:?]
	at org.apache.hadoop.ozone.protocolPB.OzoneManagerProtocolServerSideTranslatorPB.submitReadRequestToOM(OzoneManagerProtocolServerSideTranslatorPB.java:226) ~[ozone-manager-1.3.0-SNAPSHOT.jar:?]
	at org.apache.hadoop.ozone.protocolPB.OzoneManagerProtocolServerSideTranslatorPB.processRequest(OzoneManagerProtocolServerSideTranslatorPB.java:175) ~[ozone-manager-1.3.0-SNAPSHOT.jar:?]
	at org.apache.hadoop.hdds.server.OzoneProtocolMessageDispatcher.processRequest(OzoneProtocolMessageDispatcher.java:87) [hdds-server-framework-1.3.0-SNAPSHOT.jar:?]
	at org.apache.hadoop.ozone.protocolPB.OzoneManagerProtocolServerSideTranslatorPB.submitRequest(OzoneManagerProtocolServerSideTranslatorPB.java:147) [ozone-manager-1.3.0-SNAPSHOT.jar:?]
	at org.apache.hadoop.ozone.protocol.proto.OzoneManagerProtocolProtos$OzoneManagerService$2.callBlockingMethod(OzoneManagerProtocolProtos.java) [ozone-interface-client-1.3.0-SNAPSHOT.jar:?]
	at org.apache.hadoop.ipc.ProtobufRpcEngine$Server.processCall(ProtobufRpcEngine.java:466) [hadoop-common-3.3.1.jar:?]
	at org.apache.hadoop.ipc.ProtobufRpcEngine2$Server$ProtoBufRpcInvoker.call(ProtobufRpcEngine2.java:574) [hadoop-common-3.3.1.jar:?]
	at org.apache.hadoop.ipc.ProtobufRpcEngine2$Server$ProtoBufRpcInvoker.call(ProtobufRpcEngine2.java:552) [hadoop-common-3.3.1.jar:?]
	at org.apache.hadoop.ipc.RPC$Server.call(RPC.java:1093) [hadoop-common-3.3.1.jar:?]
	at org.apache.hadoop.ipc.Server$RpcCall.run(Server.java:1035) [hadoop-common-3.3.1.jar:?]
	at org.apache.hadoop.ipc.Server$RpcCall.run(Server.java:963) [hadoop-common-3.3.1.jar:?]
	at java.security.AccessController.doPrivileged(Native Method) ~[?:1.8.0_332]
	at javax.security.auth.Subject.doAs(Subject.java:422) [?:1.8.0_332]
	at org.apache.hadoop.security.UserGroupInformation.doAs(UserGroupInformation.java:1878) [hadoop-common-3.3.1.jar:?]
	at org.apache.hadoop.ipc.Server$Handler.run(Server.java:2966) [hadoop-common-3.3.1.jar:?]
07:52:04.363 [IPC Server handler 3 on default port 40219] ERROR OMAudit - user=runner | ip=127.0.0.1 | op=GET_FILE_STATUS {volume=volume48300, bucket=bucket91865, key=testBatchDelete/parent/childFolder/child0, dataSize=0, replicationConfig=null} | ret=FAILURE
org.apache.hadoop.ozone.om.exceptions.OMException: Unable to get file status: volume: volume48300 bucket: bucket91865 key: testBatchDelete/parent/childFolder/child0
	at org.apache.hadoop.ozone.om.KeyManagerImpl.getOzoneFileStatusFSO(KeyManagerImpl.java:1376) ~[ozone-manager-1.3.0-SNAPSHOT.jar:?]
	at org.apache.hadoop.ozone.om.KeyManagerImpl.getFileStatus(KeyManagerImpl.java:1239) ~[ozone-manager-1.3.0-SNAPSHOT.jar:?]
	at org.apache.hadoop.ozone.om.OzoneManager.getFileStatus(OzoneManager.java:3469) ~[ozone-manager-1.3.0-SNAPSHOT.jar:?]
	at org.apache.hadoop.ozone.protocolPB.OzoneManagerRequestHandler.getOzoneFileStatus(OzoneManagerRequestHandler.java:882) ~[ozone-manager-1.3.0-SNAPSHOT.jar:?]
	at org.apache.hadoop.ozone.protocolPB.OzoneManagerRequestHandler.handleReadRequest(OzoneManagerRequestHandler.java:228) ~[ozone-manager-1.3.0-SNAPSHOT.jar:?]
	at org.apache.hadoop.ozone.protocolPB.OzoneManagerProtocolServerSideTranslatorPB.submitReadRequestToOM(OzoneManagerProtocolServerSideTranslatorPB.java:226) ~[ozone-manager-1.3.0-SNAPSHOT.jar:?]
	at org.apache.hadoop.ozone.protocolPB.OzoneManagerProtocolServerSideTranslatorPB.processRequest(OzoneManagerProtocolServerSideTranslatorPB.java:175) ~[ozone-manager-1.3.0-SNAPSHOT.jar:?]
	at org.apache.hadoop.hdds.server.OzoneProtocolMessageDispatcher.processRequest(OzoneProtocolMessageDispatcher.java:87) [hdds-server-framework-1.3.0-SNAPSHOT.jar:?]
	at org.apache.hadoop.ozone.protocolPB.OzoneManagerProtocolServerSideTranslatorPB.submitRequest(OzoneManagerProtocolServerSideTranslatorPB.java:147) [ozone-manager-1.3.0-SNAPSHOT.jar:?]
	at org.apache.hadoop.ozone.protocol.proto.OzoneManagerProtocolProtos$OzoneManagerService$2.callBlockingMethod(OzoneManagerProtocolProtos.java) [ozone-interface-client-1.3.0-SNAPSHOT.jar:?]
	at org.apache.hadoop.ipc.ProtobufRpcEngine$Server.processCall(ProtobufRpcEngine.java:466) [hadoop-common-3.3.1.jar:?]
	at org.apache.hadoop.ipc.ProtobufRpcEngine2$Server$ProtoBufRpcInvoker.call(ProtobufRpcEngine2.java:574) [hadoop-common-3.3.1.jar:?]
	at org.apache.hadoop.ipc.ProtobufRpcEngine2$Server$ProtoBufRpcInvoker.call(ProtobufRpcEngine2.java:552) [hadoop-common-3.3.1.jar:?]
	at org.apache.hadoop.ipc.RPC$Server.call(RPC.java:1093) [hadoop-common-3.3.1.jar:?]
	at org.apache.hadoop.ipc.Server$RpcCall.run(Server.java:1035) [hadoop-common-3.3.1.jar:?]
	at org.apache.hadoop.ipc.Server$RpcCall.run(Server.java:963) [hadoop-common-3.3.1.jar:?]
	at java.security.AccessController.doPrivileged(Native Method) ~[?:1.8.0_332]
	at javax.security.auth.Subject.doAs(Subject.java:422) [?:1.8.0_332]
	at org.apache.hadoop.security.UserGroupInformation.doAs(UserGroupInformation.java:1878) [hadoop-common-3.3.1.jar:?]
	at org.apache.hadoop.ipc.Server$Handler.run(Server.java:2966) [hadoop-common-3.3.1.jar:?]
07:52:04.364 [IPC Server handler 19 on default port 40219] ERROR OMAudit - user=runner | ip=127.0.0.1 | op=GET_FILE_STATUS {volume=volume48300, bucket=bucket91865, key=testBatchDelete/parent/child1, dataSize=0, replicationConfig=null} | ret=FAILURE
org.apache.hadoop.ozone.om.exceptions.OMException: Unable to get file status: volume: volume48300 bucket: bucket91865 key: testBatchDelete/parent/child1
	at org.apache.hadoop.ozone.om.KeyManagerImpl.getOzoneFileStatusFSO(KeyManagerImpl.java:1376) ~[ozone-manager-1.3.0-SNAPSHOT.jar:?]
	at org.apache.hadoop.ozone.om.KeyManagerImpl.getFileStatus(KeyManagerImpl.java:1239) ~[ozone-manager-1.3.0-SNAPSHOT.jar:?]
	at org.apache.hadoop.ozone.om.OzoneManager.getFileStatus(OzoneManager.java:3469) ~[ozone-manager-1.3.0-SNAPSHOT.jar:?]
	at org.apache.hadoop.ozone.protocolPB.OzoneManagerRequestHandler.getOzoneFileStatus(OzoneManagerRequestHandler.java:882) ~[ozone-manager-1.3.0-SNAPSHOT.jar:?]
	at org.apache.hadoop.ozone.protocolPB.OzoneManagerRequestHandler.handleReadRequest(OzoneManagerRequestHandler.java:228) ~[ozone-manager-1.3.0-SNAPSHOT.jar:?]
	at org.apache.hadoop.ozone.protocolPB.OzoneManagerProtocolServerSideTranslatorPB.submitReadRequestToOM(OzoneManagerProtocolServerSideTranslatorPB.java:226) ~[ozone-manager-1.3.0-SNAPSHOT.jar:?]
	at org.apache.hadoop.ozone.protocolPB.OzoneManagerProtocolServerSideTranslatorPB.processRequest(OzoneManagerProtocolServerSideTranslatorPB.java:175) ~[ozone-manager-1.3.0-SNAPSHOT.jar:?]
	at org.apache.hadoop.hdds.server.OzoneProtocolMessageDispatcher.processRequest(OzoneProtocolMessageDispatcher.java:87) [hdds-server-framework-1.3.0-SNAPSHOT.jar:?]
	at org.apache.hadoop.ozone.protocolPB.OzoneManagerProtocolServerSideTranslatorPB.submitRequest(OzoneManagerProtocolServerSideTranslatorPB.java:147) [ozone-manager-1.3.0-SNAPSHOT.jar:?]
	at org.apache.hadoop.ozone.protocol.proto.OzoneManagerProtocolProtos$OzoneManagerService$2.callBlockingMethod(OzoneManagerProtocolProtos.java) [ozone-interface-client-1.3.0-SNAPSHOT.jar:?]
	at org.apache.hadoop.ipc.ProtobufRpcEngine$Server.processCall(ProtobufRpcEngine.java:466) [hadoop-common-3.3.1.jar:?]
	at org.apache.hadoop.ipc.ProtobufRpcEngine2$Server$ProtoBufRpcInvoker.call(ProtobufRpcEngine2.java:574) [hadoop-common-3.3.1.jar:?]
	at org.apache.hadoop.ipc.ProtobufRpcEngine2$Server$ProtoBufRpcInvoker.call(ProtobufRpcEngine2.java:552) [hadoop-common-3.3.1.jar:?]
	at org.apache.hadoop.ipc.RPC$Server.call(RPC.java:1093) [hadoop-common-3.3.1.jar:?]
	at org.apache.hadoop.ipc.Server$RpcCall.run(Server.java:1035) [hadoop-common-3.3.1.jar:?]
	at org.apache.hadoop.ipc.Server$RpcCall.run(Server.java:963) [hadoop-common-3.3.1.jar:?]
	at java.security.AccessController.doPrivileged(Native Method) ~[?:1.8.0_332]
	at javax.security.auth.Subject.doAs(Subject.java:422) [?:1.8.0_332]
	at org.apache.hadoop.security.UserGroupInformation.doAs(UserGroupInformation.java:1878) [hadoop-common-3.3.1.jar:?]
	at org.apache.hadoop.ipc.Server$Handler.run(Server.java:2966) [hadoop-common-3.3.1.jar:?]
07:52:04.365 [IPC Server handler 16 on default port 40219] ERROR OMAudit - user=runner | ip=127.0.0.1 | op=GET_FILE_STATUS {volume=volume48300, bucket=bucket91865, key=testBatchDelete/parent/childFolder/child1, dataSize=0, replicationConfig=null} | ret=FAILURE
org.apache.hadoop.ozone.om.exceptions.OMException: Unable to get file status: volume: volume48300 bucket: bucket91865 key: testBatchDelete/parent/childFolder/child1
	at org.apache.hadoop.ozone.om.KeyManagerImpl.getOzoneFileStatusFSO(KeyManagerImpl.java:1376) ~[ozone-manager-1.3.0-SNAPSHOT.jar:?]
	at org.apache.hadoop.ozone.om.KeyManagerImpl.getFileStatus(KeyManagerImpl.java:1239) ~[ozone-manager-1.3.0-SNAPSHOT.jar:?]
	at org.apache.hadoop.ozone.om.OzoneManager.getFileStatus(OzoneManager.java:3469) ~[ozone-manager-1.3.0-SNAPSHOT.jar:?]
	at org.apache.hadoop.ozone.protocolPB.OzoneManagerRequestHandler.getOzoneFileStatus(OzoneManagerRequestHandler.java:882) ~[ozone-manager-1.3.0-SNAPSHOT.jar:?]
	at org.apache.hadoop.ozone.protocolPB.OzoneManagerRequestHandler.handleReadRequest(OzoneManagerRequestHandler.java:228) ~[ozone-manager-1.3.0-SNAPSHOT.jar:?]
	at org.apache.hadoop.ozone.protocolPB.OzoneManagerProtocolServerSideTranslatorPB.submitReadRequestToOM(OzoneManagerProtocolServerSideTranslatorPB.java:226) ~[ozone-manager-1.3.0-SNAPSHOT.jar:?]
	at org.apache.hadoop.ozone.protocolPB.OzoneManagerProtocolServerSideTranslatorPB.processRequest(OzoneManagerProtocolServerSideTranslatorPB.java:175) ~[ozone-manager-1.3.0-SNAPSHOT.jar:?]
	at org.apache.hadoop.hdds.server.OzoneProtocolMessageDispatcher.processRequest(OzoneProtocolMessageDispatcher.java:87) [hdds-server-framework-1.3.0-SNAPSHOT.jar:?]
	at org.apache.hadoop.ozone.protocolPB.OzoneManagerProtocolServerSideTranslatorPB.submitRequest(OzoneManagerProtocolServerSideTranslatorPB.java:147) [ozone-manager-1.3.0-SNAPSHOT.jar:?]
	at org.apache.hadoop.ozone.protocol.proto.OzoneManagerProtocolProtos$OzoneManagerService$2.callBlockingMethod(OzoneManagerProtocolProtos.java) [ozone-interface-client-1.3.0-SNAPSHOT.jar:?]
	at org.apache.hadoop.ipc.ProtobufRpcEngine$Server.processCall(ProtobufRpcEngine.java:466) [hadoop-common-3.3.1.jar:?]
	at org.apache.hadoop.ipc.ProtobufRpcEngine2$Server$ProtoBufRpcInvoker.call(ProtobufRpcEngine2.java:574) [hadoop-common-3.3.1.jar:?]
	at org.apache.hadoop.ipc.ProtobufRpcEngine2$Server$ProtoBufRpcInvoker.call(ProtobufRpcEngine2.java:552) [hadoop-common-3.3.1.jar:?]
	at org.apache.hadoop.ipc.RPC$Server.call(RPC.java:1093) [hadoop-common-3.3.1.jar:?]
	at org.apache.hadoop.ipc.Server$RpcCall.run(Server.java:1035) [hadoop-common-3.3.1.jar:?]
	at org.apache.hadoop.ipc.Server$RpcCall.run(Server.java:963) [hadoop-common-3.3.1.jar:?]
	at java.security.AccessController.doPrivileged(Native Method) ~[?:1.8.0_332]
	at javax.security.auth.Subject.doAs(Subject.java:422) [?:1.8.0_332]
	at org.apache.hadoop.security.UserGroupInformation.doAs(UserGroupInformation.java:1878) [hadoop-common-3.3.1.jar:?]
	at org.apache.hadoop.ipc.Server$Handler.run(Server.java:2966) [hadoop-common-3.3.1.jar:?]
07:52:04.367 [IPC Server handler 12 on default port 40219] ERROR OMAudit - user=runner | ip=127.0.0.1 | op=GET_FILE_STATUS {volume=volume48300, bucket=bucket91865, key=testBatchDelete/parent/child2, dataSize=0, replicationConfig=null} | ret=FAILURE
org.apache.hadoop.ozone.om.exceptions.OMException: Unable to get file status: volume: volume48300 bucket: bucket91865 key: testBatchDelete/parent/child2
	at org.apache.hadoop.ozone.om.KeyManagerImpl.getOzoneFileStatusFSO(KeyManagerImpl.java:1376) ~[ozone-manager-1.3.0-SNAPSHOT.jar:?]
	at org.apache.hadoop.ozone.om.KeyManagerImpl.getFileStatus(KeyManagerImpl.java:1239) ~[ozone-manager-1.3.0-SNAPSHOT.jar:?]
	at org.apache.hadoop.ozone.om.OzoneManager.getFileStatus(OzoneManager.java:3469) ~[ozone-manager-1.3.0-SNAPSHOT.jar:?]
	at org.apache.hadoop.ozone.protocolPB.OzoneManagerRequestHandler.getOzoneFileStatus(OzoneManagerRequestHandler.java:882) ~[ozone-manager-1.3.0-SNAPSHOT.jar:?]
	at org.apache.hadoop.ozone.protocolPB.OzoneManagerRequestHandler.handleReadRequest(OzoneManagerRequestHandler.java:228) ~[ozone-manager-1.3.0-SNAPSHOT.jar:?]
	at org.apache.hadoop.ozone.protocolPB.OzoneManagerProtocolServerSideTranslatorPB.submitReadRequestToOM(OzoneManagerProtocolServerSideTranslatorPB.java:226) ~[ozone-manager-1.3.0-SNAPSHOT.jar:?]
	at org.apache.hadoop.ozone.protocolPB.OzoneManagerProtocolServerSideTranslatorPB.processRequest(OzoneManagerProtocolServerSideTranslatorPB.java:175) ~[ozone-manager-1.3.0-SNAPSHOT.jar:?]
	at org.apache.hadoop.hdds.server.OzoneProtocolMessageDispatcher.processRequest(OzoneProtocolMessageDispatcher.java:87) [hdds-server-framework-1.3.0-SNAPSHOT.jar:?]
	at org.apache.hadoop.ozone.protocolPB.OzoneManagerProtocolServerSideTranslatorPB.submitRequest(OzoneManagerProtocolServerSideTranslatorPB.java:147) [ozone-manager-1.3.0-SNAPSHOT.jar:?]
	at org.apache.hadoop.ozone.protocol.proto.OzoneManagerProtocolProtos$OzoneManagerService$2.callBlockingMethod(OzoneManagerProtocolProtos.java) [ozone-interface-client-1.3.0-SNAPSHOT.jar:?]
	at org.apache.hadoop.ipc.ProtobufRpcEngine$Server.processCall(ProtobufRpcEngine.java:466) [hadoop-common-3.3.1.jar:?]
	at org.apache.hadoop.ipc.ProtobufRpcEngine2$Server$ProtoBufRpcInvoker.call(ProtobufRpcEngine2.java:574) [hadoop-common-3.3.1.jar:?]
	at org.apache.hadoop.ipc.ProtobufRpcEngine2$Server$ProtoBufRpcInvoker.call(ProtobufRpcEngine2.java:552) [hadoop-common-3.3.1.jar:?]
	at org.apache.hadoop.ipc.RPC$Server.call(RPC.java:1093) [hadoop-common-3.3.1.jar:?]
	at org.apache.hadoop.ipc.Server$RpcCall.run(Server.java:1035) [hadoop-common-3.3.1.jar:?]
	at org.apache.hadoop.ipc.Server$RpcCall.run(Server.java:963) [hadoop-common-3.3.1.jar:?]
	at java.security.AccessController.doPrivileged(Native Method) ~[?:1.8.0_332]
	at javax.security.auth.Subject.doAs(Subject.java:422) [?:1.8.0_332]
	at org.apache.hadoop.security.UserGroupInformation.doAs(UserGroupInformation.java:1878) [hadoop-common-3.3.1.jar:?]
	at org.apache.hadoop.ipc.Server$Handler.run(Server.java:2966) [hadoop-common-3.3.1.jar:?]
07:52:04.368 [IPC Server handler 0 on default port 40219] ERROR OMAudit - user=runner | ip=127.0.0.1 | op=GET_FILE_STATUS {volume=volume48300, bucket=bucket91865, key=testBatchDelete/parent/childFolder/child2, dataSize=0, replicationConfig=null} | ret=FAILURE
org.apache.hadoop.ozone.om.exceptions.OMException: Unable to get file status: volume: volume48300 bucket: bucket91865 key: testBatchDelete/parent/childFolder/child2
	at org.apache.hadoop.ozone.om.KeyManagerImpl.getOzoneFileStatusFSO(KeyManagerImpl.java:1376) ~[ozone-manager-1.3.0-SNAPSHOT.jar:?]
	at org.apache.hadoop.ozone.om.KeyManagerImpl.getFileStatus(KeyManagerImpl.java:1239) ~[ozone-manager-1.3.0-SNAPSHOT.jar:?]
	at org.apache.hadoop.ozone.om.OzoneManager.getFileStatus(OzoneManager.java:3469) ~[ozone-manager-1.3.0-SNAPSHOT.jar:?]
	at org.apache.hadoop.ozone.protocolPB.OzoneManagerRequestHandler.getOzoneFileStatus(OzoneManagerRequestHandler.java:882) ~[ozone-manager-1.3.0-SNAPSHOT.jar:?]
	at org.apache.hadoop.ozone.protocolPB.OzoneManagerRequestHandler.handleReadRequest(OzoneManagerRequestHandler.java:228) ~[ozone-manager-1.3.0-SNAPSHOT.jar:?]
	at org.apache.hadoop.ozone.protocolPB.OzoneManagerProtocolServerSideTranslatorPB.submitReadRequestToOM(OzoneManagerProtocolServerSideTranslatorPB.java:226) ~[ozone-manager-1.3.0-SNAPSHOT.jar:?]
	at org.apache.hadoop.ozone.protocolPB.OzoneManagerProtocolServerSideTranslatorPB.processRequest(OzoneManagerProtocolServerSideTranslatorPB.java:175) ~[ozone-manager-1.3.0-SNAPSHOT.jar:?]
	at org.apache.hadoop.hdds.server.OzoneProtocolMessageDispatcher.processRequest(OzoneProtocolMessageDispatcher.java:87) [hdds-server-framework-1.3.0-SNAPSHOT.jar:?]
	at org.apache.hadoop.ozone.protocolPB.OzoneManagerProtocolServerSideTranslatorPB.submitRequest(OzoneManagerProtocolServerSideTranslatorPB.java:147) [ozone-manager-1.3.0-SNAPSHOT.jar:?]
	at org.apache.hadoop.ozone.protocol.proto.OzoneManagerProtocolProtos$OzoneManagerService$2.callBlockingMethod(OzoneManagerProtocolProtos.java) [ozone-interface-client-1.3.0-SNAPSHOT.jar:?]
	at org.apache.hadoop.ipc.ProtobufRpcEngine$Server.processCall(ProtobufRpcEngine.java:466) [hadoop-common-3.3.1.jar:?]
	at org.apache.hadoop.ipc.ProtobufRpcEngine2$Server$ProtoBufRpcInvoker.call(ProtobufRpcEngine2.java:574) [hadoop-common-3.3.1.jar:?]
	at org.apache.hadoop.ipc.ProtobufRpcEngine2$Server$ProtoBufRpcInvoker.call(ProtobufRpcEngine2.java:552) [hadoop-common-3.3.1.jar:?]
	at org.apache.hadoop.ipc.RPC$Server.call(RPC.java:1093) [hadoop-common-3.3.1.jar:?]
	at org.apache.hadoop.ipc.Server$RpcCall.run(Server.java:1035) [hadoop-common-3.3.1.jar:?]
	at org.apache.hadoop.ipc.Server$RpcCall.run(Server.java:963) [hadoop-common-3.3.1.jar:?]
	at java.security.AccessController.doPrivileged(Native Method) ~[?:1.8.0_332]
	at javax.security.auth.Subject.doAs(Subject.java:422) [?:1.8.0_332]
	at org.apache.hadoop.security.UserGroupInformation.doAs(UserGroupInformation.java:1878) [hadoop-common-3.3.1.jar:?]
	at org.apache.hadoop.ipc.Server$Handler.run(Server.java:2966) [hadoop-common-3.3.1.jar:?]
07:52:04.370 [IPC Server handler 4 on default port 40219] ERROR OMAudit - user=runner | ip=127.0.0.1 | op=GET_FILE_STATUS {volume=volume48300, bucket=bucket91865, key=testBatchDelete/parent/child3, dataSize=0, replicationConfig=null} | ret=FAILURE
org.apache.hadoop.ozone.om.exceptions.OMException: Unable to get file status: volume: volume48300 bucket: bucket91865 key: testBatchDelete/parent/child3
	at org.apache.hadoop.ozone.om.KeyManagerImpl.getOzoneFileStatusFSO(KeyManagerImpl.java:1376) ~[ozone-manager-1.3.0-SNAPSHOT.jar:?]
	at org.apache.hadoop.ozone.om.KeyManagerImpl.getFileStatus(KeyManagerImpl.java:1239) ~[ozone-manager-1.3.0-SNAPSHOT.jar:?]
	at org.apache.hadoop.ozone.om.OzoneManager.getFileStatus(OzoneManager.java:3469) ~[ozone-manager-1.3.0-SNAPSHOT.jar:?]
	at org.apache.hadoop.ozone.protocolPB.OzoneManagerRequestHandler.getOzoneFileStatus(OzoneManagerRequestHandler.java:882) ~[ozone-manager-1.3.0-SNAPSHOT.jar:?]
	at org.apache.hadoop.ozone.protocolPB.OzoneManagerRequestHandler.handleReadRequest(OzoneManagerRequestHandler.java:228) ~[ozone-manager-1.3.0-SNAPSHOT.jar:?]
	at org.apache.hadoop.ozone.protocolPB.OzoneManagerProtocolServerSideTranslatorPB.submitReadRequestToOM(OzoneManagerProtocolServerSideTranslatorPB.java:226) ~[ozone-manager-1.3.0-SNAPSHOT.jar:?]
	at org.apache.hadoop.ozone.protocolPB.OzoneManagerProtocolServerSideTranslatorPB.processRequest(OzoneManagerProtocolServerSideTranslatorPB.java:175) ~[ozone-manager-1.3.0-SNAPSHOT.jar:?]
	at org.apache.hadoop.hdds.server.OzoneProtocolMessageDispatcher.processRequest(OzoneProtocolMessageDispatcher.java:87) [hdds-server-framework-1.3.0-SNAPSHOT.jar:?]
	at org.apache.hadoop.ozone.protocolPB.OzoneManagerProtocolServerSideTranslatorPB.submitRequest(OzoneManagerProtocolServerSideTranslatorPB.java:147) [ozone-manager-1.3.0-SNAPSHOT.jar:?]
	at org.apache.hadoop.ozone.protocol.proto.OzoneManagerProtocolProtos$OzoneManagerService$2.callBlockingMethod(OzoneManagerProtocolProtos.java) [ozone-interface-client-1.3.0-SNAPSHOT.jar:?]
	at org.apache.hadoop.ipc.ProtobufRpcEngine$Server.processCall(ProtobufRpcEngine.java:466) [hadoop-common-3.3.1.jar:?]
	at org.apache.hadoop.ipc.ProtobufRpcEngine2$Server$ProtoBufRpcInvoker.call(ProtobufRpcEngine2.java:574) [hadoop-common-3.3.1.jar:?]
	at org.apache.hadoop.ipc.ProtobufRpcEngine2$Server$ProtoBufRpcInvoker.call(ProtobufRpcEngine2.java:552) [hadoop-common-3.3.1.jar:?]
	at org.apache.hadoop.ipc.RPC$Server.call(RPC.java:1093) [hadoop-common-3.3.1.jar:?]
	at org.apache.hadoop.ipc.Server$RpcCall.run(Server.java:1035) [hadoop-common-3.3.1.jar:?]
	at org.apache.hadoop.ipc.Server$RpcCall.run(Server.java:963) [hadoop-common-3.3.1.jar:?]
	at java.security.AccessController.doPrivileged(Native Method) ~[?:1.8.0_332]
	at javax.security.auth.Subject.doAs(Subject.java:422) [?:1.8.0_332]
	at org.apache.hadoop.security.UserGroupInformation.doAs(UserGroupInformation.java:1878) [hadoop-common-3.3.1.jar:?]
	at org.apache.hadoop.ipc.Server$Handler.run(Server.java:2966) [hadoop-common-3.3.1.jar:?]
07:52:04.371 [IPC Server handler 10 on default port 40219] ERROR OMAudit - user=runner | ip=127.0.0.1 | op=GET_FILE_STATUS {volume=volume48300, bucket=bucket91865, key=testBatchDelete/parent/childFolder/child3, dataSize=0, replicationConfig=null} | ret=FAILURE
org.apache.hadoop.ozone.om.exceptions.OMException: Unable to get file status: volume: volume48300 bucket: bucket91865 key: testBatchDelete/parent/childFolder/child3
	at org.apache.hadoop.ozone.om.KeyManagerImpl.getOzoneFileStatusFSO(KeyManagerImpl.java:1376) ~[ozone-manager-1.3.0-SNAPSHOT.jar:?]
	at org.apache.hadoop.ozone.om.KeyManagerImpl.getFileStatus(KeyManagerImpl.java:1239) ~[ozone-manager-1.3.0-SNAPSHOT.jar:?]
	at org.apache.hadoop.ozone.om.OzoneManager.getFileStatus(OzoneManager.java:3469) ~[ozone-manager-1.3.0-SNAPSHOT.jar:?]
	at org.apache.hadoop.ozone.protocolPB.OzoneManagerRequestHandler.getOzoneFileStatus(OzoneManagerRequestHandler.java:882) ~[ozone-manager-1.3.0-SNAPSHOT.jar:?]
	at org.apache.hadoop.ozone.protocolPB.OzoneManagerRequestHandler.handleReadRequest(OzoneManagerRequestHandler.java:228) ~[ozone-manager-1.3.0-SNAPSHOT.jar:?]
	at org.apache.hadoop.ozone.protocolPB.OzoneManagerProtocolServerSideTranslatorPB.submitReadRequestToOM(OzoneManagerProtocolServerSideTranslatorPB.java:226) ~[ozone-manager-1.3.0-SNAPSHOT.jar:?]
	at org.apache.hadoop.ozone.protocolPB.OzoneManagerProtocolServerSideTranslatorPB.processRequest(OzoneManagerProtocolServerSideTranslatorPB.java:175) ~[ozone-manager-1.3.0-SNAPSHOT.jar:?]
	at org.apache.hadoop.hdds.server.OzoneProtocolMessageDispatcher.processRequest(OzoneProtocolMessageDispatcher.java:87) [hdds-server-framework-1.3.0-SNAPSHOT.jar:?]
	at org.apache.hadoop.ozone.protocolPB.OzoneManagerProtocolServerSideTranslatorPB.submitRequest(OzoneManagerProtocolServerSideTranslatorPB.java:147) [ozone-manager-1.3.0-SNAPSHOT.jar:?]
	at org.apache.hadoop.ozone.protocol.proto.OzoneManagerProtocolProtos$OzoneManagerService$2.callBlockingMethod(OzoneManagerProtocolProtos.java) [ozone-interface-client-1.3.0-SNAPSHOT.jar:?]
	at org.apache.hadoop.ipc.ProtobufRpcEngine$Server.processCall(ProtobufRpcEngine.java:466) [hadoop-common-3.3.1.jar:?]
	at org.apache.hadoop.ipc.ProtobufRpcEngine2$Server$ProtoBufRpcInvoker.call(ProtobufRpcEngine2.java:574) [hadoop-common-3.3.1.jar:?]
	at org.apache.hadoop.ipc.ProtobufRpcEngine2$Server$ProtoBufRpcInvoker.call(ProtobufRpcEngine2.java:552) [hadoop-common-3.3.1.jar:?]
	at org.apache.hadoop.ipc.RPC$Server.call(RPC.java:1093) [hadoop-common-3.3.1.jar:?]
	at org.apache.hadoop.ipc.Server$RpcCall.run(Server.java:1035) [hadoop-common-3.3.1.jar:?]
	at org.apache.hadoop.ipc.Server$RpcCall.run(Server.java:963) [hadoop-common-3.3.1.jar:?]
	at java.security.AccessController.doPrivileged(Native Method) ~[?:1.8.0_332]
	at javax.security.auth.Subject.doAs(Subject.java:422) [?:1.8.0_332]
	at org.apache.hadoop.security.UserGroupInformation.doAs(UserGroupInformation.java:1878) [hadoop-common-3.3.1.jar:?]
	at org.apache.hadoop.ipc.Server$Handler.run(Server.java:2966) [hadoop-common-3.3.1.jar:?]
07:52:04.372 [IPC Server handler 18 on default port 40219] ERROR OMAudit - user=runner | ip=127.0.0.1 | op=GET_FILE_STATUS {volume=volume48300, bucket=bucket91865, key=testBatchDelete/parent/child4, dataSize=0, replicationConfig=null} | ret=FAILURE
org.apache.hadoop.ozone.om.exceptions.OMException: Unable to get file status: volume: volume48300 bucket: bucket91865 key: testBatchDelete/parent/child4
	at org.apache.hadoop.ozone.om.KeyManagerImpl.getOzoneFileStatusFSO(KeyManagerImpl.java:1376) ~[ozone-manager-1.3.0-SNAPSHOT.jar:?]
	at org.apache.hadoop.ozone.om.KeyManagerImpl.getFileStatus(KeyManagerImpl.java:1239) ~[ozone-manager-1.3.0-SNAPSHOT.jar:?]
	at org.apache.hadoop.ozone.om.OzoneManager.getFileStatus(OzoneManager.java:3469) ~[ozone-manager-1.3.0-SNAPSHOT.jar:?]
	at org.apache.hadoop.ozone.protocolPB.OzoneManagerRequestHandler.getOzoneFileStatus(OzoneManagerRequestHandler.java:882) ~[ozone-manager-1.3.0-SNAPSHOT.jar:?]
	at org.apache.hadoop.ozone.protocolPB.OzoneManagerRequestHandler.handleReadRequest(OzoneManagerRequestHandler.java:228) ~[ozone-manager-1.3.0-SNAPSHOT.jar:?]
	at org.apache.hadoop.ozone.protocolPB.OzoneManagerProtocolServerSideTranslatorPB.submitReadRequestToOM(OzoneManagerProtocolServerSideTranslatorPB.java:226) ~[ozone-manager-1.3.0-SNAPSHOT.jar:?]
	at org.apache.hadoop.ozone.protocolPB.OzoneManagerProtocolServerSideTranslatorPB.processRequest(OzoneManagerProtocolServerSideTranslatorPB.java:175) ~[ozone-manager-1.3.0-SNAPSHOT.jar:?]
	at org.apache.hadoop.hdds.server.OzoneProtocolMessageDispatcher.processRequest(OzoneProtocolMessageDispatcher.java:87) [hdds-server-framework-1.3.0-SNAPSHOT.jar:?]
	at org.apache.hadoop.ozone.protocolPB.OzoneManagerProtocolServerSideTranslatorPB.submitRequest(OzoneManagerProtocolServerSideTranslatorPB.java:147) [ozone-manager-1.3.0-SNAPSHOT.jar:?]
	at org.apache.hadoop.ozone.protocol.proto.OzoneManagerProtocolProtos$OzoneManagerService$2.callBlockingMethod(OzoneManagerProtocolProtos.java) [ozone-interface-client-1.3.0-SNAPSHOT.jar:?]
	at org.apache.hadoop.ipc.ProtobufRpcEngine$Server.processCall(ProtobufRpcEngine.java:466) [hadoop-common-3.3.1.jar:?]
	at org.apache.hadoop.ipc.ProtobufRpcEngine2$Server$ProtoBufRpcInvoker.call(ProtobufRpcEngine2.java:574) [hadoop-common-3.3.1.jar:?]
	at org.apache.hadoop.ipc.ProtobufRpcEngine2$Server$ProtoBufRpcInvoker.call(ProtobufRpcEngine2.java:552) [hadoop-common-3.3.1.jar:?]
	at org.apache.hadoop.ipc.RPC$Server.call(RPC.java:1093) [hadoop-common-3.3.1.jar:?]
	at org.apache.hadoop.ipc.Server$RpcCall.run(Server.java:1035) [hadoop-common-3.3.1.jar:?]
	at org.apache.hadoop.ipc.Server$RpcCall.run(Server.java:963) [hadoop-common-3.3.1.jar:?]
	at java.security.AccessController.doPrivileged(Native Method) ~[?:1.8.0_332]
	at javax.security.auth.Subject.doAs(Subject.java:422) [?:1.8.0_332]
	at org.apache.hadoop.security.UserGroupInformation.doAs(UserGroupInformation.java:1878) [hadoop-common-3.3.1.jar:?]
	at org.apache.hadoop.ipc.Server$Handler.run(Server.java:2966) [hadoop-common-3.3.1.jar:?]
07:52:04.373 [IPC Server handler 11 on default port 40219] ERROR OMAudit - user=runner | ip=127.0.0.1 | op=GET_FILE_STATUS {volume=volume48300, bucket=bucket91865, key=testBatchDelete/parent/childFolder/child4, dataSize=0, replicationConfig=null} | ret=FAILURE
org.apache.hadoop.ozone.om.exceptions.OMException: Unable to get file status: volume: volume48300 bucket: bucket91865 key: testBatchDelete/parent/childFolder/child4
	at org.apache.hadoop.ozone.om.KeyManagerImpl.getOzoneFileStatusFSO(KeyManagerImpl.java:1376) ~[ozone-manager-1.3.0-SNAPSHOT.jar:?]
	at org.apache.hadoop.ozone.om.KeyManagerImpl.getFileStatus(KeyManagerImpl.java:1239) ~[ozone-manager-1.3.0-SNAPSHOT.jar:?]
	at org.apache.hadoop.ozone.om.OzoneManager.getFileStatus(OzoneManager.java:3469) ~[ozone-manager-1.3.0-SNAPSHOT.jar:?]
	at org.apache.hadoop.ozone.protocolPB.OzoneManagerRequestHandler.getOzoneFileStatus(OzoneManagerRequestHandler.java:882) ~[ozone-manager-1.3.0-SNAPSHOT.jar:?]
	at org.apache.hadoop.ozone.protocolPB.OzoneManagerRequestHandler.handleReadRequest(OzoneManagerRequestHandler.java:228) ~[ozone-manager-1.3.0-SNAPSHOT.jar:?]
	at org.apache.hadoop.ozone.protocolPB.OzoneManagerProtocolServerSideTranslatorPB.submitReadRequestToOM(OzoneManagerProtocolServerSideTranslatorPB.java:226) ~[ozone-manager-1.3.0-SNAPSHOT.jar:?]
	at org.apache.hadoop.ozone.protocolPB.OzoneManagerProtocolServerSideTranslatorPB.processRequest(OzoneManagerProtocolServerSideTranslatorPB.java:175) ~[ozone-manager-1.3.0-SNAPSHOT.jar:?]
	at org.apache.hadoop.hdds.server.OzoneProtocolMessageDispatcher.processRequest(OzoneProtocolMessageDispatcher.java:87) [hdds-server-framework-1.3.0-SNAPSHOT.jar:?]
	at org.apache.hadoop.ozone.protocolPB.OzoneManagerProtocolServerSideTranslatorPB.submitRequest(OzoneManagerProtocolServerSideTranslatorPB.java:147) [ozone-manager-1.3.0-SNAPSHOT.jar:?]
	at org.apache.hadoop.ozone.protocol.proto.OzoneManagerProtocolProtos$OzoneManagerService$2.callBlockingMethod(OzoneManagerProtocolProtos.java) [ozone-interface-client-1.3.0-SNAPSHOT.jar:?]
	at org.apache.hadoop.ipc.ProtobufRpcEngine$Server.processCall(ProtobufRpcEngine.java:466) [hadoop-common-3.3.1.jar:?]
	at org.apache.hadoop.ipc.ProtobufRpcEngine2$Server$ProtoBufRpcInvoker.call(ProtobufRpcEngine2.java:574) [hadoop-common-3.3.1.jar:?]
	at org.apache.hadoop.ipc.ProtobufRpcEngine2$Server$ProtoBufRpcInvoker.call(ProtobufRpcEngine2.java:552) [hadoop-common-3.3.1.jar:?]
	at org.apache.hadoop.ipc.RPC$Server.call(RPC.java:1093) [hadoop-common-3.3.1.jar:?]
	at org.apache.hadoop.ipc.Server$RpcCall.run(Server.java:1035) [hadoop-common-3.3.1.jar:?]
	at org.apache.hadoop.ipc.Server$RpcCall.run(Server.java:963) [hadoop-common-3.3.1.jar:?]
	at java.security.AccessController.doPrivileged(Native Method) ~[?:1.8.0_332]
	at javax.security.auth.Subject.doAs(Subject.java:422) [?:1.8.0_332]
	at org.apache.hadoop.security.UserGroupInformation.doAs(UserGroupInformation.java:1878) [hadoop-common-3.3.1.jar:?]
	at org.apache.hadoop.ipc.Server$Handler.run(Server.java:2966) [hadoop-common-3.3.1.jar:?]
07:52:04.375 [IPC Server handler 14 on default port 40219] ERROR OMAudit - user=runner | ip=127.0.0.1 | op=GET_FILE_STATUS {volume=volume48300, bucket=bucket91865, key=testBatchDelete/parent/child5, dataSize=0, replicationConfig=null} | ret=FAILURE
org.apache.hadoop.ozone.om.exceptions.OMException: Unable to get file status: volume: volume48300 bucket: bucket91865 key: testBatchDelete/parent/child5
	at org.apache.hadoop.ozone.om.KeyManagerImpl.getOzoneFileStatusFSO(KeyManagerImpl.java:1376) ~[ozone-manager-1.3.0-SNAPSHOT.jar:?]
	at org.apache.hadoop.ozone.om.KeyManagerImpl.getFileStatus(KeyManagerImpl.java:1239) ~[ozone-manager-1.3.0-SNAPSHOT.jar:?]
	at org.apache.hadoop.ozone.om.OzoneManager.getFileStatus(OzoneManager.java:3469) ~[ozone-manager-1.3.0-SNAPSHOT.jar:?]
	at org.apache.hadoop.ozone.protocolPB.OzoneManagerRequestHandler.getOzoneFileStatus(OzoneManagerRequestHandler.java:882) ~[ozone-manager-1.3.0-SNAPSHOT.jar:?]
	at org.apache.hadoop.ozone.protocolPB.OzoneManagerRequestHandler.handleReadRequest(OzoneManagerRequestHandler.java:228) ~[ozone-manager-1.3.0-SNAPSHOT.jar:?]
	at org.apache.hadoop.ozone.protocolPB.OzoneManagerProtocolServerSideTranslatorPB.submitReadRequestToOM(OzoneManagerProtocolServerSideTranslatorPB.java:226) ~[ozone-manager-1.3.0-SNAPSHOT.jar:?]
	at org.apache.hadoop.ozone.protocolPB.OzoneManagerProtocolServerSideTranslatorPB.processRequest(OzoneManagerProtocolServerSideTranslatorPB.java:175) ~[ozone-manager-1.3.0-SNAPSHOT.jar:?]
	at org.apache.hadoop.hdds.server.OzoneProtocolMessageDispatcher.processRequest(OzoneProtocolMessageDispatcher.java:87) [hdds-server-framework-1.3.0-SNAPSHOT.jar:?]
	at org.apache.hadoop.ozone.protocolPB.OzoneManagerProtocolServerSideTranslatorPB.submitRequest(OzoneManagerProtocolServerSideTranslatorPB.java:147) [ozone-manager-1.3.0-SNAPSHOT.jar:?]
	at org.apache.hadoop.ozone.protocol.proto.OzoneManagerProtocolProtos$OzoneManagerService$2.callBlockingMethod(OzoneManagerProtocolProtos.java) [ozone-interface-client-1.3.0-SNAPSHOT.jar:?]
	at org.apache.hadoop.ipc.ProtobufRpcEngine$Server.processCall(ProtobufRpcEngine.java:466) [hadoop-common-3.3.1.jar:?]
	at org.apache.hadoop.ipc.ProtobufRpcEngine2$Server$ProtoBufRpcInvoker.call(ProtobufRpcEngine2.java:574) [hadoop-common-3.3.1.jar:?]
	at org.apache.hadoop.ipc.ProtobufRpcEngine2$Server$ProtoBufRpcInvoker.call(ProtobufRpcEngine2.java:552) [hadoop-common-3.3.1.jar:?]
	at org.apache.hadoop.ipc.RPC$Server.call(RPC.java:1093) [hadoop-common-3.3.1.jar:?]
	at org.apache.hadoop.ipc.Server$RpcCall.run(Server.java:1035) [hadoop-common-3.3.1.jar:?]
	at org.apache.hadoop.ipc.Server$RpcCall.run(Server.java:963) [hadoop-common-3.3.1.jar:?]
	at java.security.AccessController.doPrivileged(Native Method) ~[?:1.8.0_332]
	at javax.security.auth.Subject.doAs(Subject.java:422) [?:1.8.0_332]
	at org.apache.hadoop.security.UserGroupInformation.doAs(UserGroupInformation.java:1878) [hadoop-common-3.3.1.jar:?]
	at org.apache.hadoop.ipc.Server$Handler.run(Server.java:2966) [hadoop-common-3.3.1.jar:?]
07:52:04.377 [IPC Server handler 3 on default port 40219] ERROR OMAudit - user=runner | ip=127.0.0.1 | op=GET_FILE_STATUS {volume=volume48300, bucket=bucket91865, key=testBatchDelete/parent/childFolder/child5, dataSize=0, replicationConfig=null} | ret=FAILURE
org.apache.hadoop.ozone.om.exceptions.OMException: Unable to get file status: volume: volume48300 bucket: bucket91865 key: testBatchDelete/parent/childFolder/child5
	at org.apache.hadoop.ozone.om.KeyManagerImpl.getOzoneFileStatusFSO(KeyManagerImpl.java:1376) ~[ozone-manager-1.3.0-SNAPSHOT.jar:?]
	at org.apache.hadoop.ozone.om.KeyManagerImpl.getFileStatus(KeyManagerImpl.java:1239) ~[ozone-manager-1.3.0-SNAPSHOT.jar:?]
	at org.apache.hadoop.ozone.om.OzoneManager.getFileStatus(OzoneManager.java:3469) ~[ozone-manager-1.3.0-SNAPSHOT.jar:?]
	at org.apache.hadoop.ozone.protocolPB.OzoneManagerRequestHandler.getOzoneFileStatus(OzoneManagerRequestHandler.java:882) ~[ozone-manager-1.3.0-SNAPSHOT.jar:?]
	at org.apache.hadoop.ozone.protocolPB.OzoneManagerRequestHandler.handleReadRequest(OzoneManagerRequestHandler.java:228) ~[ozone-manager-1.3.0-SNAPSHOT.jar:?]
	at org.apache.hadoop.ozone.protocolPB.OzoneManagerProtocolServerSideTranslatorPB.submitReadRequestToOM(OzoneManagerProtocolServerSideTranslatorPB.java:226) ~[ozone-manager-1.3.0-SNAPSHOT.jar:?]
	at org.apache.hadoop.ozone.protocolPB.OzoneManagerProtocolServerSideTranslatorPB.processRequest(OzoneManagerProtocolServerSideTranslatorPB.java:175) ~[ozone-manager-1.3.0-SNAPSHOT.jar:?]
	at org.apache.hadoop.hdds.server.OzoneProtocolMessageDispatcher.processRequest(OzoneProtocolMessageDispatcher.java:87) [hdds-server-framework-1.3.0-SNAPSHOT.jar:?]
	at org.apache.hadoop.ozone.protocolPB.OzoneManagerProtocolServerSideTranslatorPB.submitRequest(OzoneManagerProtocolServerSideTranslatorPB.java:147) [ozone-manager-1.3.0-SNAPSHOT.jar:?]
	at org.apache.hadoop.ozone.protocol.proto.OzoneManagerProtocolProtos$OzoneManagerService$2.callBlockingMethod(OzoneManagerProtocolProtos.java) [ozone-interface-client-1.3.0-SNAPSHOT.jar:?]
	at org.apache.hadoop.ipc.ProtobufRpcEngine$Server.processCall(ProtobufRpcEngine.java:466) [hadoop-common-3.3.1.jar:?]
	at org.apache.hadoop.ipc.ProtobufRpcEngine2$Server$ProtoBufRpcInvoker.call(ProtobufRpcEngine2.java:574) [hadoop-common-3.3.1.jar:?]
	at org.apache.hadoop.ipc.ProtobufRpcEngine2$Server$ProtoBufRpcInvoker.call(ProtobufRpcEngine2.java:552) [hadoop-common-3.3.1.jar:?]
	at org.apache.hadoop.ipc.RPC$Server.call(RPC.java:1093) [hadoop-common-3.3.1.jar:?]
	at org.apache.hadoop.ipc.Server$RpcCall.run(Server.java:1035) [hadoop-common-3.3.1.jar:?]
	at org.apache.hadoop.ipc.Server$RpcCall.run(Server.java:963) [hadoop-common-3.3.1.jar:?]
	at java.security.AccessController.doPrivileged(Native Method) ~[?:1.8.0_332]
	at javax.security.auth.Subject.doAs(Subject.java:422) [?:1.8.0_332]
	at org.apache.hadoop.security.UserGroupInformation.doAs(UserGroupInformation.java:1878) [hadoop-common-3.3.1.jar:?]
	at org.apache.hadoop.ipc.Server$Handler.run(Server.java:2966) [hadoop-common-3.3.1.jar:?]
07:52:04.378 [IPC Server handler 19 on default port 40219] ERROR OMAudit - user=runner | ip=127.0.0.1 | op=GET_FILE_STATUS {volume=volume48300, bucket=bucket91865, key=testBatchDelete/parent/child6, dataSize=0, replicationConfig=null} | ret=FAILURE
org.apache.hadoop.ozone.om.exceptions.OMException: Unable to get file status: volume: volume48300 bucket: bucket91865 key: testBatchDelete/parent/child6
	at org.apache.hadoop.ozone.om.KeyManagerImpl.getOzoneFileStatusFSO(KeyManagerImpl.java:1376) ~[ozone-manager-1.3.0-SNAPSHOT.jar:?]
	at org.apache.hadoop.ozone.om.KeyManagerImpl.getFileStatus(KeyManagerImpl.java:1239) ~[ozone-manager-1.3.0-SNAPSHOT.jar:?]
	at org.apache.hadoop.ozone.om.OzoneManager.getFileStatus(OzoneManager.java:3469) ~[ozone-manager-1.3.0-SNAPSHOT.jar:?]
	at org.apache.hadoop.ozone.protocolPB.OzoneManagerRequestHandler.getOzoneFileStatus(OzoneManagerRequestHandler.java:882) ~[ozone-manager-1.3.0-SNAPSHOT.jar:?]
	at org.apache.hadoop.ozone.protocolPB.OzoneManagerRequestHandler.handleReadRequest(OzoneManagerRequestHandler.java:228) ~[ozone-manager-1.3.0-SNAPSHOT.jar:?]
	at org.apache.hadoop.ozone.protocolPB.OzoneManagerProtocolServerSideTranslatorPB.submitReadRequestToOM(OzoneManagerProtocolServerSideTranslatorPB.java:226) ~[ozone-manager-1.3.0-SNAPSHOT.jar:?]
	at org.apache.hadoop.ozone.protocolPB.OzoneManagerProtocolServerSideTranslatorPB.processRequest(OzoneManagerProtocolServerSideTranslatorPB.java:175) ~[ozone-manager-1.3.0-SNAPSHOT.jar:?]
	at org.apache.hadoop.hdds.server.OzoneProtocolMessageDispatcher.processRequest(OzoneProtocolMessageDispatcher.java:87) [hdds-server-framework-1.3.0-SNAPSHOT.jar:?]
	at org.apache.hadoop.ozone.protocolPB.OzoneManagerProtocolServerSideTranslatorPB.submitRequest(OzoneManagerProtocolServerSideTranslatorPB.java:147) [ozone-manager-1.3.0-SNAPSHOT.jar:?]
	at org.apache.hadoop.ozone.protocol.proto.OzoneManagerProtocolProtos$OzoneManagerService$2.callBlockingMethod(OzoneManagerProtocolProtos.java) [ozone-interface-client-1.3.0-SNAPSHOT.jar:?]
	at org.apache.hadoop.ipc.ProtobufRpcEngine$Server.processCall(ProtobufRpcEngine.java:466) [hadoop-common-3.3.1.jar:?]
	at org.apache.hadoop.ipc.ProtobufRpcEngine2$Server$ProtoBufRpcInvoker.call(ProtobufRpcEngine2.java:574) [hadoop-common-3.3.1.jar:?]
	at org.apache.hadoop.ipc.ProtobufRpcEngine2$Server$ProtoBufRpcInvoker.call(ProtobufRpcEngine2.java:552) [hadoop-common-3.3.1.jar:?]
	at org.apache.hadoop.ipc.RPC$Server.call(RPC.java:1093) [hadoop-common-3.3.1.jar:?]
	at org.apache.hadoop.ipc.Server$RpcCall.run(Server.java:1035) [hadoop-common-3.3.1.jar:?]
	at org.apache.hadoop.ipc.Server$RpcCall.run(Server.java:963) [hadoop-common-3.3.1.jar:?]
	at java.security.AccessController.doPrivileged(Native Method) ~[?:1.8.0_332]
	at javax.security.auth.Subject.doAs(Subject.java:422) [?:1.8.0_332]
	at org.apache.hadoop.security.UserGroupInformation.doAs(UserGroupInformation.java:1878) [hadoop-common-3.3.1.jar:?]
	at org.apache.hadoop.ipc.Server$Handler.run(Server.java:2966) [hadoop-common-3.3.1.jar:?]
07:52:04.379 [IPC Server handler 16 on default port 40219] ERROR OMAudit - user=runner | ip=127.0.0.1 | op=GET_FILE_STATUS {volume=volume48300, bucket=bucket91865, key=testBatchDelete/parent/childFolder/child6, dataSize=0, replicationConfig=null} | ret=FAILURE
org.apache.hadoop.ozone.om.exceptions.OMException: Unable to get file status: volume: volume48300 bucket: bucket91865 key: testBatchDelete/parent/childFolder/child6
	at org.apache.hadoop.ozone.om.KeyManagerImpl.getOzoneFileStatusFSO(KeyManagerImpl.java:1376) ~[ozone-manager-1.3.0-SNAPSHOT.jar:?]
	at org.apache.hadoop.ozone.om.KeyManagerImpl.getFileStatus(KeyManagerImpl.java:1239) ~[ozone-manager-1.3.0-SNAPSHOT.jar:?]
	at org.apache.hadoop.ozone.om.OzoneManager.getFileStatus(OzoneManager.java:3469) ~[ozone-manager-1.3.0-SNAPSHOT.jar:?]
	at org.apache.hadoop.ozone.protocolPB.OzoneManagerRequestHandler.getOzoneFileStatus(OzoneManagerRequestHandler.java:882) ~[ozone-manager-1.3.0-SNAPSHOT.jar:?]
	at org.apache.hadoop.ozone.protocolPB.OzoneManagerRequestHandler.handleReadRequest(OzoneManagerRequestHandler.java:228) ~[ozone-manager-1.3.0-SNAPSHOT.jar:?]
	at org.apache.hadoop.ozone.protocolPB.OzoneManagerProtocolServerSideTranslatorPB.submitReadRequestToOM(OzoneManagerProtocolServerSideTranslatorPB.java:226) ~[ozone-manager-1.3.0-SNAPSHOT.jar:?]
	at org.apache.hadoop.ozone.protocolPB.OzoneManagerProtocolServerSideTranslatorPB.processRequest(OzoneManagerProtocolServerSideTranslatorPB.java:175) ~[ozone-manager-1.3.0-SNAPSHOT.jar:?]
	at org.apache.hadoop.hdds.server.OzoneProtocolMessageDispatcher.processRequest(OzoneProtocolMessageDispatcher.java:87) [hdds-server-framework-1.3.0-SNAPSHOT.jar:?]
	at org.apache.hadoop.ozone.protocolPB.OzoneManagerProtocolServerSideTranslatorPB.submitRequest(OzoneManagerProtocolServerSideTranslatorPB.java:147) [ozone-manager-1.3.0-SNAPSHOT.jar:?]
	at org.apache.hadoop.ozone.protocol.proto.OzoneManagerProtocolProtos$OzoneManagerService$2.callBlockingMethod(OzoneManagerProtocolProtos.java) [ozone-interface-client-1.3.0-SNAPSHOT.jar:?]
	at org.apache.hadoop.ipc.ProtobufRpcEngine$Server.processCall(ProtobufRpcEngine.java:466) [hadoop-common-3.3.1.jar:?]
	at org.apache.hadoop.ipc.ProtobufRpcEngine2$Server$ProtoBufRpcInvoker.call(ProtobufRpcEngine2.java:574) [hadoop-common-3.3.1.jar:?]
	at org.apache.hadoop.ipc.ProtobufRpcEngine2$Server$ProtoBufRpcInvoker.call(ProtobufRpcEngine2.java:552) [hadoop-common-3.3.1.jar:?]
	at org.apache.hadoop.ipc.RPC$Server.call(RPC.java:1093) [hadoop-common-3.3.1.jar:?]
	at org.apache.hadoop.ipc.Server$RpcCall.run(Server.java:1035) [hadoop-common-3.3.1.jar:?]
	at org.apache.hadoop.ipc.Server$RpcCall.run(Server.java:963) [hadoop-common-3.3.1.jar:?]
	at java.security.AccessController.doPrivileged(Native Method) ~[?:1.8.0_332]
	at javax.security.auth.Subject.doAs(Subject.java:422) [?:1.8.0_332]
	at org.apache.hadoop.security.UserGroupInformation.doAs(UserGroupInformation.java:1878) [hadoop-common-3.3.1.jar:?]
	at org.apache.hadoop.ipc.Server$Handler.run(Server.java:2966) [hadoop-common-3.3.1.jar:?]
07:52:04.380 [IPC Server handler 12 on default port 40219] ERROR OMAudit - user=runner | ip=127.0.0.1 | op=GET_FILE_STATUS {volume=volume48300, bucket=bucket91865, key=testBatchDelete/parent/child7, dataSize=0, replicationConfig=null} | ret=FAILURE
org.apache.hadoop.ozone.om.exceptions.OMException: Unable to get file status: volume: volume48300 bucket: bucket91865 key: testBatchDelete/parent/child7
	at org.apache.hadoop.ozone.om.KeyManagerImpl.getOzoneFileStatusFSO(KeyManagerImpl.java:1376) ~[ozone-manager-1.3.0-SNAPSHOT.jar:?]
	at org.apache.hadoop.ozone.om.KeyManagerImpl.getFileStatus(KeyManagerImpl.java:1239) ~[ozone-manager-1.3.0-SNAPSHOT.jar:?]
	at org.apache.hadoop.ozone.om.OzoneManager.getFileStatus(OzoneManager.java:3469) ~[ozone-manager-1.3.0-SNAPSHOT.jar:?]
	at org.apache.hadoop.ozone.protocolPB.OzoneManagerRequestHandler.getOzoneFileStatus(OzoneManagerRequestHandler.java:882) ~[ozone-manager-1.3.0-SNAPSHOT.jar:?]
	at org.apache.hadoop.ozone.protocolPB.OzoneManagerRequestHandler.handleReadRequest(OzoneManagerRequestHandler.java:228) ~[ozone-manager-1.3.0-SNAPSHOT.jar:?]
	at org.apache.hadoop.ozone.protocolPB.OzoneManagerProtocolServerSideTranslatorPB.submitReadRequestToOM(OzoneManagerProtocolServerSideTranslatorPB.java:226) ~[ozone-manager-1.3.0-SNAPSHOT.jar:?]
	at org.apache.hadoop.ozone.protocolPB.OzoneManagerProtocolServerSideTranslatorPB.processRequest(OzoneManagerProtocolServerSideTranslatorPB.java:175) ~[ozone-manager-1.3.0-SNAPSHOT.jar:?]
	at org.apache.hadoop.hdds.server.OzoneProtocolMessageDispatcher.processRequest(OzoneProtocolMessageDispatcher.java:87) [hdds-server-framework-1.3.0-SNAPSHOT.jar:?]
	at org.apache.hadoop.ozone.protocolPB.OzoneManagerProtocolServerSideTranslatorPB.submitRequest(OzoneManagerProtocolServerSideTranslatorPB.java:147) [ozone-manager-1.3.0-SNAPSHOT.jar:?]
	at org.apache.hadoop.ozone.protocol.proto.OzoneManagerProtocolProtos$OzoneManagerService$2.callBlockingMethod(OzoneManagerProtocolProtos.java) [ozone-interface-client-1.3.0-SNAPSHOT.jar:?]
	at org.apache.hadoop.ipc.ProtobufRpcEngine$Server.processCall(ProtobufRpcEngine.java:466) [hadoop-common-3.3.1.jar:?]
	at org.apache.hadoop.ipc.ProtobufRpcEngine2$Server$ProtoBufRpcInvoker.call(ProtobufRpcEngine2.java:574) [hadoop-common-3.3.1.jar:?]
	at org.apache.hadoop.ipc.ProtobufRpcEngine2$Server$ProtoBufRpcInvoker.call(ProtobufRpcEngine2.java:552) [hadoop-common-3.3.1.jar:?]
	at org.apache.hadoop.ipc.RPC$Server.call(RPC.java:1093) [hadoop-common-3.3.1.jar:?]
	at org.apache.hadoop.ipc.Server$RpcCall.run(Server.java:1035) [hadoop-common-3.3.1.jar:?]
	at org.apache.hadoop.ipc.Server$RpcCall.run(Server.java:963) [hadoop-common-3.3.1.jar:?]
	at java.security.AccessController.doPrivileged(Native Method) ~[?:1.8.0_332]
	at javax.security.auth.Subject.doAs(Subject.java:422) [?:1.8.0_332]
	at org.apache.hadoop.security.UserGroupInformation.doAs(UserGroupInformation.java:1878) [hadoop-common-3.3.1.jar:?]
	at org.apache.hadoop.ipc.Server$Handler.run(Server.java:2966) [hadoop-common-3.3.1.jar:?]
07:52:04.381 [IPC Server handler 0 on default port 40219] ERROR OMAudit - user=runner | ip=127.0.0.1 | op=GET_FILE_STATUS {volume=volume48300, bucket=bucket91865, key=testBatchDelete/parent/childFolder/child7, dataSize=0, replicationConfig=null} | ret=FAILURE
org.apache.hadoop.ozone.om.exceptions.OMException: Unable to get file status: volume: volume48300 bucket: bucket91865 key: testBatchDelete/parent/childFolder/child7
	at org.apache.hadoop.ozone.om.KeyManagerImpl.getOzoneFileStatusFSO(KeyManagerImpl.java:1376) ~[ozone-manager-1.3.0-SNAPSHOT.jar:?]
	at org.apache.hadoop.ozone.om.KeyManagerImpl.getFileStatus(KeyManagerImpl.java:1239) ~[ozone-manager-1.3.0-SNAPSHOT.jar:?]
	at org.apache.hadoop.ozone.om.OzoneManager.getFileStatus(OzoneManager.java:3469) ~[ozone-manager-1.3.0-SNAPSHOT.jar:?]
	at org.apache.hadoop.ozone.protocolPB.OzoneManagerRequestHandler.getOzoneFileStatus(OzoneManagerRequestHandler.java:882) ~[ozone-manager-1.3.0-SNAPSHOT.jar:?]
	at org.apache.hadoop.ozone.protocolPB.OzoneManagerRequestHandler.handleReadRequest(OzoneManagerRequestHandler.java:228) ~[ozone-manager-1.3.0-SNAPSHOT.jar:?]
	at org.apache.hadoop.ozone.protocolPB.OzoneManagerProtocolServerSideTranslatorPB.submitReadRequestToOM(OzoneManagerProtocolServerSideTranslatorPB.java:226) ~[ozone-manager-1.3.0-SNAPSHOT.jar:?]
	at org.apache.hadoop.ozone.protocolPB.OzoneManagerProtocolServerSideTranslatorPB.processRequest(OzoneManagerProtocolServerSideTranslatorPB.java:175) ~[ozone-manager-1.3.0-SNAPSHOT.jar:?]
	at org.apache.hadoop.hdds.server.OzoneProtocolMessageDispatcher.processRequest(OzoneProtocolMessageDispatcher.java:87) [hdds-server-framework-1.3.0-SNAPSHOT.jar:?]
	at org.apache.hadoop.ozone.protocolPB.OzoneManagerProtocolServerSideTranslatorPB.submitRequest(OzoneManagerProtocolServerSideTranslatorPB.java:147) [ozone-manager-1.3.0-SNAPSHOT.jar:?]
	at org.apache.hadoop.ozone.protocol.proto.OzoneManagerProtocolProtos$OzoneManagerService$2.callBlockingMethod(OzoneManagerProtocolProtos.java) [ozone-interface-client-1.3.0-SNAPSHOT.jar:?]
	at org.apache.hadoop.ipc.ProtobufRpcEngine$Server.processCall(ProtobufRpcEngine.java:466) [hadoop-common-3.3.1.jar:?]
	at org.apache.hadoop.ipc.ProtobufRpcEngine2$Server$ProtoBufRpcInvoker.call(ProtobufRpcEngine2.java:574) [hadoop-common-3.3.1.jar:?]
	at org.apache.hadoop.ipc.ProtobufRpcEngine2$Server$ProtoBufRpcInvoker.call(ProtobufRpcEngine2.java:552) [hadoop-common-3.3.1.jar:?]
	at org.apache.hadoop.ipc.RPC$Server.call(RPC.java:1093) [hadoop-common-3.3.1.jar:?]
	at org.apache.hadoop.ipc.Server$RpcCall.run(Server.java:1035) [hadoop-common-3.3.1.jar:?]
	at org.apache.hadoop.ipc.Server$RpcCall.run(Server.java:963) [hadoop-common-3.3.1.jar:?]
	at java.security.AccessController.doPrivileged(Native Method) ~[?:1.8.0_332]
	at javax.security.auth.Subject.doAs(Subject.java:422) [?:1.8.0_332]
	at org.apache.hadoop.security.UserGroupInformation.doAs(UserGroupInformation.java:1878) [hadoop-common-3.3.1.jar:?]
	at org.apache.hadoop.ipc.Server$Handler.run(Server.java:2966) [hadoop-common-3.3.1.jar:?]
07:52:04.384 [IPC Server handler 4 on default port 40219] ERROR OMAudit - user=runner | ip=127.0.0.1 | op=GET_FILE_STATUS {volume=volume48300, bucket=bucket91865, key=testBatchDelete/parent, dataSize=0, replicationConfig=null} | ret=FAILURE
org.apache.hadoop.ozone.om.exceptions.OMException: Unable to get file status: volume: volume48300 bucket: bucket91865 key: testBatchDelete/parent
	at org.apache.hadoop.ozone.om.KeyManagerImpl.getOzoneFileStatusFSO(KeyManagerImpl.java:1376) ~[ozone-manager-1.3.0-SNAPSHOT.jar:?]
	at org.apache.hadoop.ozone.om.KeyManagerImpl.getFileStatus(KeyManagerImpl.java:1239) ~[ozone-manager-1.3.0-SNAPSHOT.jar:?]
	at org.apache.hadoop.ozone.om.OzoneManager.getFileStatus(OzoneManager.java:3469) ~[ozone-manager-1.3.0-SNAPSHOT.jar:?]
	at org.apache.hadoop.ozone.protocolPB.OzoneManagerRequestHandler.getOzoneFileStatus(OzoneManagerRequestHandler.java:882) ~[ozone-manager-1.3.0-SNAPSHOT.jar:?]
	at org.apache.hadoop.ozone.protocolPB.OzoneManagerRequestHandler.handleReadRequest(OzoneManagerRequestHandler.java:228) ~[ozone-manager-1.3.0-SNAPSHOT.jar:?]
	at org.apache.hadoop.ozone.protocolPB.OzoneManagerProtocolServerSideTranslatorPB.submitReadRequestToOM(OzoneManagerProtocolServerSideTranslatorPB.java:226) ~[ozone-manager-1.3.0-SNAPSHOT.jar:?]
	at org.apache.hadoop.ozone.protocolPB.OzoneManagerProtocolServerSideTranslatorPB.processRequest(OzoneManagerProtocolServerSideTranslatorPB.java:175) ~[ozone-manager-1.3.0-SNAPSHOT.jar:?]
	at org.apache.hadoop.hdds.server.OzoneProtocolMessageDispatcher.processRequest(OzoneProtocolMessageDispatcher.java:87) [hdds-server-framework-1.3.0-SNAPSHOT.jar:?]
	at org.apache.hadoop.ozone.protocolPB.OzoneManagerProtocolServerSideTranslatorPB.submitRequest(OzoneManagerProtocolServerSideTranslatorPB.java:147) [ozone-manager-1.3.0-SNAPSHOT.jar:?]
	at org.apache.hadoop.ozone.protocol.proto.OzoneManagerProtocolProtos$OzoneManagerService$2.callBlockingMethod(OzoneManagerProtocolProtos.java) [ozone-interface-client-1.3.0-SNAPSHOT.jar:?]
	at org.apache.hadoop.ipc.ProtobufRpcEngine$Server.processCall(ProtobufRpcEngine.java:466) [hadoop-common-3.3.1.jar:?]
	at org.apache.hadoop.ipc.ProtobufRpcEngine2$Server$ProtoBufRpcInvoker.call(ProtobufRpcEngine2.java:574) [hadoop-common-3.3.1.jar:?]
	at org.apache.hadoop.ipc.ProtobufRpcEngine2$Server$ProtoBufRpcInvoker.call(ProtobufRpcEngine2.java:552) [hadoop-common-3.3.1.jar:?]
	at org.apache.hadoop.ipc.RPC$Server.call(RPC.java:1093) [hadoop-common-3.3.1.jar:?]
	at org.apache.hadoop.ipc.Server$RpcCall.run(Server.java:1035) [hadoop-common-3.3.1.jar:?]
	at org.apache.hadoop.ipc.Server$RpcCall.run(Server.java:963) [hadoop-common-3.3.1.jar:?]
	at java.security.AccessController.doPrivileged(Native Method) ~[?:1.8.0_332]
	at javax.security.auth.Subject.doAs(Subject.java:422) [?:1.8.0_332]
	at org.apache.hadoop.security.UserGroupInformation.doAs(UserGroupInformation.java:1878) [hadoop-common-3.3.1.jar:?]
	at org.apache.hadoop.ipc.Server$Handler.run(Server.java:2966) [hadoop-common-3.3.1.jar:?]
2022-08-20 07:52:04,385 [Time-limited test] WARN  ozone.BasicRootedOzoneFileSystem (BasicRootedOzoneFileSystem.java:delete(576)) - delete: Path does not exist: /volume48300/bucket91865/testBatchDelete/parent
]]></system-out>
  </testcase>
  <testcase name="testFileDelete" classname="TestRootedOzoneFileSystemWithFSO" time="0.203">
    <system-out><![CDATA[2022-08-20 07:53:15,163 [Time-limited test] INFO  rpc.RpcClient (RpcClient.java:createVolume(471)) - Creating Volume: volume22076, with user41799 as owner and space quota set to -1 bytes, counts quota set to -1
2022-08-20 07:53:15,165 [IPC Server handler 4 on default port 35463] INFO  volume.OMVolumeCreateRequest (OMVolumeCreateRequest.java:validateAndUpdateCache(195)) - created volume:volume22076 for user:user41799
2022-08-20 07:53:15,178 [Time-limited test] INFO  rpc.RpcClient (RpcClient.java:createBucket(674)) - Creating Bucket: volume22076/bucket78807, with bucket layout FILE_SYSTEM_OPTIMIZED, runner as owner, Versioning false, Storage Type set to DISK and Encryption set to false 
2022-08-20 07:53:15,179 [IPC Server handler 5 on default port 35463] INFO  bucket.OMBucketCreateRequest (OMBucketCreateRequest.java:validateAndUpdateCache(260)) - created bucket: bucket78807 of layout FILE_SYSTEM_OPTIMIZED in volume: volume22076
07:53:15.222 [IPC Server handler 8 on default port 35463] ERROR OMAudit - user=runner | ip=127.0.0.1 | op=GET_FILE_STATUS {volume=volume22076, bucket=bucket78807, key=testBatchDelete, dataSize=0, replicationConfig=null} | ret=FAILURE
org.apache.hadoop.ozone.om.exceptions.OMException: Unable to get file status: volume: volume22076 bucket: bucket78807 key: testBatchDelete
	at org.apache.hadoop.ozone.om.KeyManagerImpl.getOzoneFileStatusFSO(KeyManagerImpl.java:1376) ~[ozone-manager-1.3.0-SNAPSHOT.jar:?]
	at org.apache.hadoop.ozone.om.KeyManagerImpl.getFileStatus(KeyManagerImpl.java:1239) ~[ozone-manager-1.3.0-SNAPSHOT.jar:?]
	at org.apache.hadoop.ozone.om.OzoneManager.getFileStatus(OzoneManager.java:3469) ~[ozone-manager-1.3.0-SNAPSHOT.jar:?]
	at org.apache.hadoop.ozone.protocolPB.OzoneManagerRequestHandler.getOzoneFileStatus(OzoneManagerRequestHandler.java:882) ~[ozone-manager-1.3.0-SNAPSHOT.jar:?]
	at org.apache.hadoop.ozone.protocolPB.OzoneManagerRequestHandler.handleReadRequest(OzoneManagerRequestHandler.java:228) ~[ozone-manager-1.3.0-SNAPSHOT.jar:?]
	at org.apache.hadoop.ozone.protocolPB.OzoneManagerProtocolServerSideTranslatorPB.submitRequestDirectlyToOM(OzoneManagerProtocolServerSideTranslatorPB.java:276) ~[ozone-manager-1.3.0-SNAPSHOT.jar:?]
	at org.apache.hadoop.ozone.protocolPB.OzoneManagerProtocolServerSideTranslatorPB.processRequest(OzoneManagerProtocolServerSideTranslatorPB.java:205) ~[ozone-manager-1.3.0-SNAPSHOT.jar:?]
	at org.apache.hadoop.hdds.server.OzoneProtocolMessageDispatcher.processRequest(OzoneProtocolMessageDispatcher.java:87) [hdds-server-framework-1.3.0-SNAPSHOT.jar:?]
	at org.apache.hadoop.ozone.protocolPB.OzoneManagerProtocolServerSideTranslatorPB.submitRequest(OzoneManagerProtocolServerSideTranslatorPB.java:147) [ozone-manager-1.3.0-SNAPSHOT.jar:?]
	at org.apache.hadoop.ozone.protocol.proto.OzoneManagerProtocolProtos$OzoneManagerService$2.callBlockingMethod(OzoneManagerProtocolProtos.java) [ozone-interface-client-1.3.0-SNAPSHOT.jar:?]
	at org.apache.hadoop.ipc.ProtobufRpcEngine$Server.processCall(ProtobufRpcEngine.java:466) [hadoop-common-3.3.1.jar:?]
	at org.apache.hadoop.ipc.ProtobufRpcEngine2$Server$ProtoBufRpcInvoker.call(ProtobufRpcEngine2.java:574) [hadoop-common-3.3.1.jar:?]
	at org.apache.hadoop.ipc.ProtobufRpcEngine2$Server$ProtoBufRpcInvoker.call(ProtobufRpcEngine2.java:552) [hadoop-common-3.3.1.jar:?]
	at org.apache.hadoop.ipc.RPC$Server.call(RPC.java:1093) [hadoop-common-3.3.1.jar:?]
	at org.apache.hadoop.ipc.Server$RpcCall.run(Server.java:1035) [hadoop-common-3.3.1.jar:?]
	at org.apache.hadoop.ipc.Server$RpcCall.run(Server.java:963) [hadoop-common-3.3.1.jar:?]
	at java.security.AccessController.doPrivileged(Native Method) ~[?:1.8.0_332]
	at javax.security.auth.Subject.doAs(Subject.java:422) [?:1.8.0_332]
	at org.apache.hadoop.security.UserGroupInformation.doAs(UserGroupInformation.java:1878) [hadoop-common-3.3.1.jar:?]
	at org.apache.hadoop.ipc.Server$Handler.run(Server.java:2966) [hadoop-common-3.3.1.jar:?]
07:53:15.223 [IPC Server handler 10 on default port 35463] ERROR OMAudit - user=runner | ip=127.0.0.1 | op=GET_FILE_STATUS {volume=volume22076, bucket=bucket78807, key=testBatchDelete/parent/child0, dataSize=0, replicationConfig=null} | ret=FAILURE
org.apache.hadoop.ozone.om.exceptions.OMException: Unable to get file status: volume: volume22076 bucket: bucket78807 key: testBatchDelete/parent/child0
	at org.apache.hadoop.ozone.om.KeyManagerImpl.getOzoneFileStatusFSO(KeyManagerImpl.java:1376) ~[ozone-manager-1.3.0-SNAPSHOT.jar:?]
	at org.apache.hadoop.ozone.om.KeyManagerImpl.getFileStatus(KeyManagerImpl.java:1239) ~[ozone-manager-1.3.0-SNAPSHOT.jar:?]
	at org.apache.hadoop.ozone.om.OzoneManager.getFileStatus(OzoneManager.java:3469) ~[ozone-manager-1.3.0-SNAPSHOT.jar:?]
	at org.apache.hadoop.ozone.protocolPB.OzoneManagerRequestHandler.getOzoneFileStatus(OzoneManagerRequestHandler.java:882) ~[ozone-manager-1.3.0-SNAPSHOT.jar:?]
	at org.apache.hadoop.ozone.protocolPB.OzoneManagerRequestHandler.handleReadRequest(OzoneManagerRequestHandler.java:228) ~[ozone-manager-1.3.0-SNAPSHOT.jar:?]
	at org.apache.hadoop.ozone.protocolPB.OzoneManagerProtocolServerSideTranslatorPB.submitRequestDirectlyToOM(OzoneManagerProtocolServerSideTranslatorPB.java:276) ~[ozone-manager-1.3.0-SNAPSHOT.jar:?]
	at org.apache.hadoop.ozone.protocolPB.OzoneManagerProtocolServerSideTranslatorPB.processRequest(OzoneManagerProtocolServerSideTranslatorPB.java:205) ~[ozone-manager-1.3.0-SNAPSHOT.jar:?]
	at org.apache.hadoop.hdds.server.OzoneProtocolMessageDispatcher.processRequest(OzoneProtocolMessageDispatcher.java:87) [hdds-server-framework-1.3.0-SNAPSHOT.jar:?]
	at org.apache.hadoop.ozone.protocolPB.OzoneManagerProtocolServerSideTranslatorPB.submitRequest(OzoneManagerProtocolServerSideTranslatorPB.java:147) [ozone-manager-1.3.0-SNAPSHOT.jar:?]
	at org.apache.hadoop.ozone.protocol.proto.OzoneManagerProtocolProtos$OzoneManagerService$2.callBlockingMethod(OzoneManagerProtocolProtos.java) [ozone-interface-client-1.3.0-SNAPSHOT.jar:?]
	at org.apache.hadoop.ipc.ProtobufRpcEngine$Server.processCall(ProtobufRpcEngine.java:466) [hadoop-common-3.3.1.jar:?]
	at org.apache.hadoop.ipc.ProtobufRpcEngine2$Server$ProtoBufRpcInvoker.call(ProtobufRpcEngine2.java:574) [hadoop-common-3.3.1.jar:?]
	at org.apache.hadoop.ipc.ProtobufRpcEngine2$Server$ProtoBufRpcInvoker.call(ProtobufRpcEngine2.java:552) [hadoop-common-3.3.1.jar:?]
	at org.apache.hadoop.ipc.RPC$Server.call(RPC.java:1093) [hadoop-common-3.3.1.jar:?]
	at org.apache.hadoop.ipc.Server$RpcCall.run(Server.java:1035) [hadoop-common-3.3.1.jar:?]
	at org.apache.hadoop.ipc.Server$RpcCall.run(Server.java:963) [hadoop-common-3.3.1.jar:?]
	at java.security.AccessController.doPrivileged(Native Method) ~[?:1.8.0_332]
	at javax.security.auth.Subject.doAs(Subject.java:422) [?:1.8.0_332]
	at org.apache.hadoop.security.UserGroupInformation.doAs(UserGroupInformation.java:1878) [hadoop-common-3.3.1.jar:?]
	at org.apache.hadoop.ipc.Server$Handler.run(Server.java:2966) [hadoop-common-3.3.1.jar:?]
07:53:15.224 [IPC Server handler 12 on default port 35463] ERROR OMAudit - user=runner | ip=127.0.0.1 | op=GET_FILE_STATUS {volume=volume22076, bucket=bucket78807, key=testBatchDelete/parent/childFolder/child0, dataSize=0, replicationConfig=null} | ret=FAILURE
org.apache.hadoop.ozone.om.exceptions.OMException: Unable to get file status: volume: volume22076 bucket: bucket78807 key: testBatchDelete/parent/childFolder/child0
	at org.apache.hadoop.ozone.om.KeyManagerImpl.getOzoneFileStatusFSO(KeyManagerImpl.java:1376) ~[ozone-manager-1.3.0-SNAPSHOT.jar:?]
	at org.apache.hadoop.ozone.om.KeyManagerImpl.getFileStatus(KeyManagerImpl.java:1239) ~[ozone-manager-1.3.0-SNAPSHOT.jar:?]
	at org.apache.hadoop.ozone.om.OzoneManager.getFileStatus(OzoneManager.java:3469) ~[ozone-manager-1.3.0-SNAPSHOT.jar:?]
	at org.apache.hadoop.ozone.protocolPB.OzoneManagerRequestHandler.getOzoneFileStatus(OzoneManagerRequestHandler.java:882) ~[ozone-manager-1.3.0-SNAPSHOT.jar:?]
	at org.apache.hadoop.ozone.protocolPB.OzoneManagerRequestHandler.handleReadRequest(OzoneManagerRequestHandler.java:228) ~[ozone-manager-1.3.0-SNAPSHOT.jar:?]
	at org.apache.hadoop.ozone.protocolPB.OzoneManagerProtocolServerSideTranslatorPB.submitRequestDirectlyToOM(OzoneManagerProtocolServerSideTranslatorPB.java:276) ~[ozone-manager-1.3.0-SNAPSHOT.jar:?]
	at org.apache.hadoop.ozone.protocolPB.OzoneManagerProtocolServerSideTranslatorPB.processRequest(OzoneManagerProtocolServerSideTranslatorPB.java:205) ~[ozone-manager-1.3.0-SNAPSHOT.jar:?]
	at org.apache.hadoop.hdds.server.OzoneProtocolMessageDispatcher.processRequest(OzoneProtocolMessageDispatcher.java:87) [hdds-server-framework-1.3.0-SNAPSHOT.jar:?]
	at org.apache.hadoop.ozone.protocolPB.OzoneManagerProtocolServerSideTranslatorPB.submitRequest(OzoneManagerProtocolServerSideTranslatorPB.java:147) [ozone-manager-1.3.0-SNAPSHOT.jar:?]
	at org.apache.hadoop.ozone.protocol.proto.OzoneManagerProtocolProtos$OzoneManagerService$2.callBlockingMethod(OzoneManagerProtocolProtos.java) [ozone-interface-client-1.3.0-SNAPSHOT.jar:?]
	at org.apache.hadoop.ipc.ProtobufRpcEngine$Server.processCall(ProtobufRpcEngine.java:466) [hadoop-common-3.3.1.jar:?]
	at org.apache.hadoop.ipc.ProtobufRpcEngine2$Server$ProtoBufRpcInvoker.call(ProtobufRpcEngine2.java:574) [hadoop-common-3.3.1.jar:?]
	at org.apache.hadoop.ipc.ProtobufRpcEngine2$Server$ProtoBufRpcInvoker.call(ProtobufRpcEngine2.java:552) [hadoop-common-3.3.1.jar:?]
	at org.apache.hadoop.ipc.RPC$Server.call(RPC.java:1093) [hadoop-common-3.3.1.jar:?]
	at org.apache.hadoop.ipc.Server$RpcCall.run(Server.java:1035) [hadoop-common-3.3.1.jar:?]
	at org.apache.hadoop.ipc.Server$RpcCall.run(Server.java:963) [hadoop-common-3.3.1.jar:?]
	at java.security.AccessController.doPrivileged(Native Method) ~[?:1.8.0_332]
	at javax.security.auth.Subject.doAs(Subject.java:422) [?:1.8.0_332]
	at org.apache.hadoop.security.UserGroupInformation.doAs(UserGroupInformation.java:1878) [hadoop-common-3.3.1.jar:?]
	at org.apache.hadoop.ipc.Server$Handler.run(Server.java:2966) [hadoop-common-3.3.1.jar:?]
07:53:15.225 [IPC Server handler 13 on default port 35463] ERROR OMAudit - user=runner | ip=127.0.0.1 | op=GET_FILE_STATUS {volume=volume22076, bucket=bucket78807, key=testBatchDelete/parent/child1, dataSize=0, replicationConfig=null} | ret=FAILURE
org.apache.hadoop.ozone.om.exceptions.OMException: Unable to get file status: volume: volume22076 bucket: bucket78807 key: testBatchDelete/parent/child1
	at org.apache.hadoop.ozone.om.KeyManagerImpl.getOzoneFileStatusFSO(KeyManagerImpl.java:1376) ~[ozone-manager-1.3.0-SNAPSHOT.jar:?]
	at org.apache.hadoop.ozone.om.KeyManagerImpl.getFileStatus(KeyManagerImpl.java:1239) ~[ozone-manager-1.3.0-SNAPSHOT.jar:?]
	at org.apache.hadoop.ozone.om.OzoneManager.getFileStatus(OzoneManager.java:3469) ~[ozone-manager-1.3.0-SNAPSHOT.jar:?]
	at org.apache.hadoop.ozone.protocolPB.OzoneManagerRequestHandler.getOzoneFileStatus(OzoneManagerRequestHandler.java:882) ~[ozone-manager-1.3.0-SNAPSHOT.jar:?]
	at org.apache.hadoop.ozone.protocolPB.OzoneManagerRequestHandler.handleReadRequest(OzoneManagerRequestHandler.java:228) ~[ozone-manager-1.3.0-SNAPSHOT.jar:?]
	at org.apache.hadoop.ozone.protocolPB.OzoneManagerProtocolServerSideTranslatorPB.submitRequestDirectlyToOM(OzoneManagerProtocolServerSideTranslatorPB.java:276) ~[ozone-manager-1.3.0-SNAPSHOT.jar:?]
	at org.apache.hadoop.ozone.protocolPB.OzoneManagerProtocolServerSideTranslatorPB.processRequest(OzoneManagerProtocolServerSideTranslatorPB.java:205) ~[ozone-manager-1.3.0-SNAPSHOT.jar:?]
	at org.apache.hadoop.hdds.server.OzoneProtocolMessageDispatcher.processRequest(OzoneProtocolMessageDispatcher.java:87) [hdds-server-framework-1.3.0-SNAPSHOT.jar:?]
	at org.apache.hadoop.ozone.protocolPB.OzoneManagerProtocolServerSideTranslatorPB.submitRequest(OzoneManagerProtocolServerSideTranslatorPB.java:147) [ozone-manager-1.3.0-SNAPSHOT.jar:?]
	at org.apache.hadoop.ozone.protocol.proto.OzoneManagerProtocolProtos$OzoneManagerService$2.callBlockingMethod(OzoneManagerProtocolProtos.java) [ozone-interface-client-1.3.0-SNAPSHOT.jar:?]
	at org.apache.hadoop.ipc.ProtobufRpcEngine$Server.processCall(ProtobufRpcEngine.java:466) [hadoop-common-3.3.1.jar:?]
	at org.apache.hadoop.ipc.ProtobufRpcEngine2$Server$ProtoBufRpcInvoker.call(ProtobufRpcEngine2.java:574) [hadoop-common-3.3.1.jar:?]
	at org.apache.hadoop.ipc.ProtobufRpcEngine2$Server$ProtoBufRpcInvoker.call(ProtobufRpcEngine2.java:552) [hadoop-common-3.3.1.jar:?]
	at org.apache.hadoop.ipc.RPC$Server.call(RPC.java:1093) [hadoop-common-3.3.1.jar:?]
	at org.apache.hadoop.ipc.Server$RpcCall.run(Server.java:1035) [hadoop-common-3.3.1.jar:?]
	at org.apache.hadoop.ipc.Server$RpcCall.run(Server.java:963) [hadoop-common-3.3.1.jar:?]
	at java.security.AccessController.doPrivileged(Native Method) ~[?:1.8.0_332]
	at javax.security.auth.Subject.doAs(Subject.java:422) [?:1.8.0_332]
	at org.apache.hadoop.security.UserGroupInformation.doAs(UserGroupInformation.java:1878) [hadoop-common-3.3.1.jar:?]
	at org.apache.hadoop.ipc.Server$Handler.run(Server.java:2966) [hadoop-common-3.3.1.jar:?]
07:53:15.226 [IPC Server handler 19 on default port 35463] ERROR OMAudit - user=runner | ip=127.0.0.1 | op=GET_FILE_STATUS {volume=volume22076, bucket=bucket78807, key=testBatchDelete/parent/childFolder/child1, dataSize=0, replicationConfig=null} | ret=FAILURE
org.apache.hadoop.ozone.om.exceptions.OMException: Unable to get file status: volume: volume22076 bucket: bucket78807 key: testBatchDelete/parent/childFolder/child1
	at org.apache.hadoop.ozone.om.KeyManagerImpl.getOzoneFileStatusFSO(KeyManagerImpl.java:1376) ~[ozone-manager-1.3.0-SNAPSHOT.jar:?]
	at org.apache.hadoop.ozone.om.KeyManagerImpl.getFileStatus(KeyManagerImpl.java:1239) ~[ozone-manager-1.3.0-SNAPSHOT.jar:?]
	at org.apache.hadoop.ozone.om.OzoneManager.getFileStatus(OzoneManager.java:3469) ~[ozone-manager-1.3.0-SNAPSHOT.jar:?]
	at org.apache.hadoop.ozone.protocolPB.OzoneManagerRequestHandler.getOzoneFileStatus(OzoneManagerRequestHandler.java:882) ~[ozone-manager-1.3.0-SNAPSHOT.jar:?]
	at org.apache.hadoop.ozone.protocolPB.OzoneManagerRequestHandler.handleReadRequest(OzoneManagerRequestHandler.java:228) ~[ozone-manager-1.3.0-SNAPSHOT.jar:?]
	at org.apache.hadoop.ozone.protocolPB.OzoneManagerProtocolServerSideTranslatorPB.submitRequestDirectlyToOM(OzoneManagerProtocolServerSideTranslatorPB.java:276) ~[ozone-manager-1.3.0-SNAPSHOT.jar:?]
	at org.apache.hadoop.ozone.protocolPB.OzoneManagerProtocolServerSideTranslatorPB.processRequest(OzoneManagerProtocolServerSideTranslatorPB.java:205) ~[ozone-manager-1.3.0-SNAPSHOT.jar:?]
	at org.apache.hadoop.hdds.server.OzoneProtocolMessageDispatcher.processRequest(OzoneProtocolMessageDispatcher.java:87) [hdds-server-framework-1.3.0-SNAPSHOT.jar:?]
	at org.apache.hadoop.ozone.protocolPB.OzoneManagerProtocolServerSideTranslatorPB.submitRequest(OzoneManagerProtocolServerSideTranslatorPB.java:147) [ozone-manager-1.3.0-SNAPSHOT.jar:?]
	at org.apache.hadoop.ozone.protocol.proto.OzoneManagerProtocolProtos$OzoneManagerService$2.callBlockingMethod(OzoneManagerProtocolProtos.java) [ozone-interface-client-1.3.0-SNAPSHOT.jar:?]
	at org.apache.hadoop.ipc.ProtobufRpcEngine$Server.processCall(ProtobufRpcEngine.java:466) [hadoop-common-3.3.1.jar:?]
	at org.apache.hadoop.ipc.ProtobufRpcEngine2$Server$ProtoBufRpcInvoker.call(ProtobufRpcEngine2.java:574) [hadoop-common-3.3.1.jar:?]
	at org.apache.hadoop.ipc.ProtobufRpcEngine2$Server$ProtoBufRpcInvoker.call(ProtobufRpcEngine2.java:552) [hadoop-common-3.3.1.jar:?]
	at org.apache.hadoop.ipc.RPC$Server.call(RPC.java:1093) [hadoop-common-3.3.1.jar:?]
	at org.apache.hadoop.ipc.Server$RpcCall.run(Server.java:1035) [hadoop-common-3.3.1.jar:?]
	at org.apache.hadoop.ipc.Server$RpcCall.run(Server.java:963) [hadoop-common-3.3.1.jar:?]
	at java.security.AccessController.doPrivileged(Native Method) ~[?:1.8.0_332]
	at javax.security.auth.Subject.doAs(Subject.java:422) [?:1.8.0_332]
	at org.apache.hadoop.security.UserGroupInformation.doAs(UserGroupInformation.java:1878) [hadoop-common-3.3.1.jar:?]
	at org.apache.hadoop.ipc.Server$Handler.run(Server.java:2966) [hadoop-common-3.3.1.jar:?]
07:53:15.227 [IPC Server handler 16 on default port 35463] ERROR OMAudit - user=runner | ip=127.0.0.1 | op=GET_FILE_STATUS {volume=volume22076, bucket=bucket78807, key=testBatchDelete/parent/child2, dataSize=0, replicationConfig=null} | ret=FAILURE
org.apache.hadoop.ozone.om.exceptions.OMException: Unable to get file status: volume: volume22076 bucket: bucket78807 key: testBatchDelete/parent/child2
	at org.apache.hadoop.ozone.om.KeyManagerImpl.getOzoneFileStatusFSO(KeyManagerImpl.java:1376) ~[ozone-manager-1.3.0-SNAPSHOT.jar:?]
	at org.apache.hadoop.ozone.om.KeyManagerImpl.getFileStatus(KeyManagerImpl.java:1239) ~[ozone-manager-1.3.0-SNAPSHOT.jar:?]
	at org.apache.hadoop.ozone.om.OzoneManager.getFileStatus(OzoneManager.java:3469) ~[ozone-manager-1.3.0-SNAPSHOT.jar:?]
	at org.apache.hadoop.ozone.protocolPB.OzoneManagerRequestHandler.getOzoneFileStatus(OzoneManagerRequestHandler.java:882) ~[ozone-manager-1.3.0-SNAPSHOT.jar:?]
	at org.apache.hadoop.ozone.protocolPB.OzoneManagerRequestHandler.handleReadRequest(OzoneManagerRequestHandler.java:228) ~[ozone-manager-1.3.0-SNAPSHOT.jar:?]
	at org.apache.hadoop.ozone.protocolPB.OzoneManagerProtocolServerSideTranslatorPB.submitRequestDirectlyToOM(OzoneManagerProtocolServerSideTranslatorPB.java:276) ~[ozone-manager-1.3.0-SNAPSHOT.jar:?]
	at org.apache.hadoop.ozone.protocolPB.OzoneManagerProtocolServerSideTranslatorPB.processRequest(OzoneManagerProtocolServerSideTranslatorPB.java:205) ~[ozone-manager-1.3.0-SNAPSHOT.jar:?]
	at org.apache.hadoop.hdds.server.OzoneProtocolMessageDispatcher.processRequest(OzoneProtocolMessageDispatcher.java:87) [hdds-server-framework-1.3.0-SNAPSHOT.jar:?]
	at org.apache.hadoop.ozone.protocolPB.OzoneManagerProtocolServerSideTranslatorPB.submitRequest(OzoneManagerProtocolServerSideTranslatorPB.java:147) [ozone-manager-1.3.0-SNAPSHOT.jar:?]
	at org.apache.hadoop.ozone.protocol.proto.OzoneManagerProtocolProtos$OzoneManagerService$2.callBlockingMethod(OzoneManagerProtocolProtos.java) [ozone-interface-client-1.3.0-SNAPSHOT.jar:?]
	at org.apache.hadoop.ipc.ProtobufRpcEngine$Server.processCall(ProtobufRpcEngine.java:466) [hadoop-common-3.3.1.jar:?]
	at org.apache.hadoop.ipc.ProtobufRpcEngine2$Server$ProtoBufRpcInvoker.call(ProtobufRpcEngine2.java:574) [hadoop-common-3.3.1.jar:?]
	at org.apache.hadoop.ipc.ProtobufRpcEngine2$Server$ProtoBufRpcInvoker.call(ProtobufRpcEngine2.java:552) [hadoop-common-3.3.1.jar:?]
	at org.apache.hadoop.ipc.RPC$Server.call(RPC.java:1093) [hadoop-common-3.3.1.jar:?]
	at org.apache.hadoop.ipc.Server$RpcCall.run(Server.java:1035) [hadoop-common-3.3.1.jar:?]
	at org.apache.hadoop.ipc.Server$RpcCall.run(Server.java:963) [hadoop-common-3.3.1.jar:?]
	at java.security.AccessController.doPrivileged(Native Method) ~[?:1.8.0_332]
	at javax.security.auth.Subject.doAs(Subject.java:422) [?:1.8.0_332]
	at org.apache.hadoop.security.UserGroupInformation.doAs(UserGroupInformation.java:1878) [hadoop-common-3.3.1.jar:?]
	at org.apache.hadoop.ipc.Server$Handler.run(Server.java:2966) [hadoop-common-3.3.1.jar:?]
07:53:15.230 [IPC Server handler 15 on default port 35463] ERROR OMAudit - user=runner | ip=127.0.0.1 | op=GET_FILE_STATUS {volume=volume22076, bucket=bucket78807, key=testBatchDelete/parent/childFolder/child2, dataSize=0, replicationConfig=null} | ret=FAILURE
org.apache.hadoop.ozone.om.exceptions.OMException: Unable to get file status: volume: volume22076 bucket: bucket78807 key: testBatchDelete/parent/childFolder/child2
	at org.apache.hadoop.ozone.om.KeyManagerImpl.getOzoneFileStatusFSO(KeyManagerImpl.java:1376) ~[ozone-manager-1.3.0-SNAPSHOT.jar:?]
	at org.apache.hadoop.ozone.om.KeyManagerImpl.getFileStatus(KeyManagerImpl.java:1239) ~[ozone-manager-1.3.0-SNAPSHOT.jar:?]
	at org.apache.hadoop.ozone.om.OzoneManager.getFileStatus(OzoneManager.java:3469) ~[ozone-manager-1.3.0-SNAPSHOT.jar:?]
	at org.apache.hadoop.ozone.protocolPB.OzoneManagerRequestHandler.getOzoneFileStatus(OzoneManagerRequestHandler.java:882) ~[ozone-manager-1.3.0-SNAPSHOT.jar:?]
	at org.apache.hadoop.ozone.protocolPB.OzoneManagerRequestHandler.handleReadRequest(OzoneManagerRequestHandler.java:228) ~[ozone-manager-1.3.0-SNAPSHOT.jar:?]
	at org.apache.hadoop.ozone.protocolPB.OzoneManagerProtocolServerSideTranslatorPB.submitRequestDirectlyToOM(OzoneManagerProtocolServerSideTranslatorPB.java:276) ~[ozone-manager-1.3.0-SNAPSHOT.jar:?]
	at org.apache.hadoop.ozone.protocolPB.OzoneManagerProtocolServerSideTranslatorPB.processRequest(OzoneManagerProtocolServerSideTranslatorPB.java:205) ~[ozone-manager-1.3.0-SNAPSHOT.jar:?]
	at org.apache.hadoop.hdds.server.OzoneProtocolMessageDispatcher.processRequest(OzoneProtocolMessageDispatcher.java:87) [hdds-server-framework-1.3.0-SNAPSHOT.jar:?]
	at org.apache.hadoop.ozone.protocolPB.OzoneManagerProtocolServerSideTranslatorPB.submitRequest(OzoneManagerProtocolServerSideTranslatorPB.java:147) [ozone-manager-1.3.0-SNAPSHOT.jar:?]
	at org.apache.hadoop.ozone.protocol.proto.OzoneManagerProtocolProtos$OzoneManagerService$2.callBlockingMethod(OzoneManagerProtocolProtos.java) [ozone-interface-client-1.3.0-SNAPSHOT.jar:?]
	at org.apache.hadoop.ipc.ProtobufRpcEngine$Server.processCall(ProtobufRpcEngine.java:466) [hadoop-common-3.3.1.jar:?]
	at org.apache.hadoop.ipc.ProtobufRpcEngine2$Server$ProtoBufRpcInvoker.call(ProtobufRpcEngine2.java:574) [hadoop-common-3.3.1.jar:?]
	at org.apache.hadoop.ipc.ProtobufRpcEngine2$Server$ProtoBufRpcInvoker.call(ProtobufRpcEngine2.java:552) [hadoop-common-3.3.1.jar:?]
	at org.apache.hadoop.ipc.RPC$Server.call(RPC.java:1093) [hadoop-common-3.3.1.jar:?]
	at org.apache.hadoop.ipc.Server$RpcCall.run(Server.java:1035) [hadoop-common-3.3.1.jar:?]
	at org.apache.hadoop.ipc.Server$RpcCall.run(Server.java:963) [hadoop-common-3.3.1.jar:?]
	at java.security.AccessController.doPrivileged(Native Method) ~[?:1.8.0_332]
	at javax.security.auth.Subject.doAs(Subject.java:422) [?:1.8.0_332]
	at org.apache.hadoop.security.UserGroupInformation.doAs(UserGroupInformation.java:1878) [hadoop-common-3.3.1.jar:?]
	at org.apache.hadoop.ipc.Server$Handler.run(Server.java:2966) [hadoop-common-3.3.1.jar:?]
07:53:15.230 [IPC Server handler 0 on default port 35463] ERROR OMAudit - user=runner | ip=127.0.0.1 | op=GET_FILE_STATUS {volume=volume22076, bucket=bucket78807, key=testBatchDelete/parent/child3, dataSize=0, replicationConfig=null} | ret=FAILURE
org.apache.hadoop.ozone.om.exceptions.OMException: Unable to get file status: volume: volume22076 bucket: bucket78807 key: testBatchDelete/parent/child3
	at org.apache.hadoop.ozone.om.KeyManagerImpl.getOzoneFileStatusFSO(KeyManagerImpl.java:1376) ~[ozone-manager-1.3.0-SNAPSHOT.jar:?]
	at org.apache.hadoop.ozone.om.KeyManagerImpl.getFileStatus(KeyManagerImpl.java:1239) ~[ozone-manager-1.3.0-SNAPSHOT.jar:?]
	at org.apache.hadoop.ozone.om.OzoneManager.getFileStatus(OzoneManager.java:3469) ~[ozone-manager-1.3.0-SNAPSHOT.jar:?]
	at org.apache.hadoop.ozone.protocolPB.OzoneManagerRequestHandler.getOzoneFileStatus(OzoneManagerRequestHandler.java:882) ~[ozone-manager-1.3.0-SNAPSHOT.jar:?]
	at org.apache.hadoop.ozone.protocolPB.OzoneManagerRequestHandler.handleReadRequest(OzoneManagerRequestHandler.java:228) ~[ozone-manager-1.3.0-SNAPSHOT.jar:?]
	at org.apache.hadoop.ozone.protocolPB.OzoneManagerProtocolServerSideTranslatorPB.submitRequestDirectlyToOM(OzoneManagerProtocolServerSideTranslatorPB.java:276) ~[ozone-manager-1.3.0-SNAPSHOT.jar:?]
	at org.apache.hadoop.ozone.protocolPB.OzoneManagerProtocolServerSideTranslatorPB.processRequest(OzoneManagerProtocolServerSideTranslatorPB.java:205) ~[ozone-manager-1.3.0-SNAPSHOT.jar:?]
	at org.apache.hadoop.hdds.server.OzoneProtocolMessageDispatcher.processRequest(OzoneProtocolMessageDispatcher.java:87) [hdds-server-framework-1.3.0-SNAPSHOT.jar:?]
	at org.apache.hadoop.ozone.protocolPB.OzoneManagerProtocolServerSideTranslatorPB.submitRequest(OzoneManagerProtocolServerSideTranslatorPB.java:147) [ozone-manager-1.3.0-SNAPSHOT.jar:?]
	at org.apache.hadoop.ozone.protocol.proto.OzoneManagerProtocolProtos$OzoneManagerService$2.callBlockingMethod(OzoneManagerProtocolProtos.java) [ozone-interface-client-1.3.0-SNAPSHOT.jar:?]
	at org.apache.hadoop.ipc.ProtobufRpcEngine$Server.processCall(ProtobufRpcEngine.java:466) [hadoop-common-3.3.1.jar:?]
	at org.apache.hadoop.ipc.ProtobufRpcEngine2$Server$ProtoBufRpcInvoker.call(ProtobufRpcEngine2.java:574) [hadoop-common-3.3.1.jar:?]
	at org.apache.hadoop.ipc.ProtobufRpcEngine2$Server$ProtoBufRpcInvoker.call(ProtobufRpcEngine2.java:552) [hadoop-common-3.3.1.jar:?]
	at org.apache.hadoop.ipc.RPC$Server.call(RPC.java:1093) [hadoop-common-3.3.1.jar:?]
	at org.apache.hadoop.ipc.Server$RpcCall.run(Server.java:1035) [hadoop-common-3.3.1.jar:?]
	at org.apache.hadoop.ipc.Server$RpcCall.run(Server.java:963) [hadoop-common-3.3.1.jar:?]
	at java.security.AccessController.doPrivileged(Native Method) ~[?:1.8.0_332]
	at javax.security.auth.Subject.doAs(Subject.java:422) [?:1.8.0_332]
	at org.apache.hadoop.security.UserGroupInformation.doAs(UserGroupInformation.java:1878) [hadoop-common-3.3.1.jar:?]
	at org.apache.hadoop.ipc.Server$Handler.run(Server.java:2966) [hadoop-common-3.3.1.jar:?]
07:53:15.231 [IPC Server handler 4 on default port 35463] ERROR OMAudit - user=runner | ip=127.0.0.1 | op=GET_FILE_STATUS {volume=volume22076, bucket=bucket78807, key=testBatchDelete/parent/childFolder/child3, dataSize=0, replicationConfig=null} | ret=FAILURE
org.apache.hadoop.ozone.om.exceptions.OMException: Unable to get file status: volume: volume22076 bucket: bucket78807 key: testBatchDelete/parent/childFolder/child3
	at org.apache.hadoop.ozone.om.KeyManagerImpl.getOzoneFileStatusFSO(KeyManagerImpl.java:1376) ~[ozone-manager-1.3.0-SNAPSHOT.jar:?]
	at org.apache.hadoop.ozone.om.KeyManagerImpl.getFileStatus(KeyManagerImpl.java:1239) ~[ozone-manager-1.3.0-SNAPSHOT.jar:?]
	at org.apache.hadoop.ozone.om.OzoneManager.getFileStatus(OzoneManager.java:3469) ~[ozone-manager-1.3.0-SNAPSHOT.jar:?]
	at org.apache.hadoop.ozone.protocolPB.OzoneManagerRequestHandler.getOzoneFileStatus(OzoneManagerRequestHandler.java:882) ~[ozone-manager-1.3.0-SNAPSHOT.jar:?]
	at org.apache.hadoop.ozone.protocolPB.OzoneManagerRequestHandler.handleReadRequest(OzoneManagerRequestHandler.java:228) ~[ozone-manager-1.3.0-SNAPSHOT.jar:?]
	at org.apache.hadoop.ozone.protocolPB.OzoneManagerProtocolServerSideTranslatorPB.submitRequestDirectlyToOM(OzoneManagerProtocolServerSideTranslatorPB.java:276) ~[ozone-manager-1.3.0-SNAPSHOT.jar:?]
	at org.apache.hadoop.ozone.protocolPB.OzoneManagerProtocolServerSideTranslatorPB.processRequest(OzoneManagerProtocolServerSideTranslatorPB.java:205) ~[ozone-manager-1.3.0-SNAPSHOT.jar:?]
	at org.apache.hadoop.hdds.server.OzoneProtocolMessageDispatcher.processRequest(OzoneProtocolMessageDispatcher.java:87) [hdds-server-framework-1.3.0-SNAPSHOT.jar:?]
	at org.apache.hadoop.ozone.protocolPB.OzoneManagerProtocolServerSideTranslatorPB.submitRequest(OzoneManagerProtocolServerSideTranslatorPB.java:147) [ozone-manager-1.3.0-SNAPSHOT.jar:?]
	at org.apache.hadoop.ozone.protocol.proto.OzoneManagerProtocolProtos$OzoneManagerService$2.callBlockingMethod(OzoneManagerProtocolProtos.java) [ozone-interface-client-1.3.0-SNAPSHOT.jar:?]
	at org.apache.hadoop.ipc.ProtobufRpcEngine$Server.processCall(ProtobufRpcEngine.java:466) [hadoop-common-3.3.1.jar:?]
	at org.apache.hadoop.ipc.ProtobufRpcEngine2$Server$ProtoBufRpcInvoker.call(ProtobufRpcEngine2.java:574) [hadoop-common-3.3.1.jar:?]
	at org.apache.hadoop.ipc.ProtobufRpcEngine2$Server$ProtoBufRpcInvoker.call(ProtobufRpcEngine2.java:552) [hadoop-common-3.3.1.jar:?]
	at org.apache.hadoop.ipc.RPC$Server.call(RPC.java:1093) [hadoop-common-3.3.1.jar:?]
	at org.apache.hadoop.ipc.Server$RpcCall.run(Server.java:1035) [hadoop-common-3.3.1.jar:?]
	at org.apache.hadoop.ipc.Server$RpcCall.run(Server.java:963) [hadoop-common-3.3.1.jar:?]
	at java.security.AccessController.doPrivileged(Native Method) ~[?:1.8.0_332]
	at javax.security.auth.Subject.doAs(Subject.java:422) [?:1.8.0_332]
	at org.apache.hadoop.security.UserGroupInformation.doAs(UserGroupInformation.java:1878) [hadoop-common-3.3.1.jar:?]
	at org.apache.hadoop.ipc.Server$Handler.run(Server.java:2966) [hadoop-common-3.3.1.jar:?]
07:53:15.232 [IPC Server handler 5 on default port 35463] ERROR OMAudit - user=runner | ip=127.0.0.1 | op=GET_FILE_STATUS {volume=volume22076, bucket=bucket78807, key=testBatchDelete/parent/child4, dataSize=0, replicationConfig=null} | ret=FAILURE
org.apache.hadoop.ozone.om.exceptions.OMException: Unable to get file status: volume: volume22076 bucket: bucket78807 key: testBatchDelete/parent/child4
	at org.apache.hadoop.ozone.om.KeyManagerImpl.getOzoneFileStatusFSO(KeyManagerImpl.java:1376) ~[ozone-manager-1.3.0-SNAPSHOT.jar:?]
	at org.apache.hadoop.ozone.om.KeyManagerImpl.getFileStatus(KeyManagerImpl.java:1239) ~[ozone-manager-1.3.0-SNAPSHOT.jar:?]
	at org.apache.hadoop.ozone.om.OzoneManager.getFileStatus(OzoneManager.java:3469) ~[ozone-manager-1.3.0-SNAPSHOT.jar:?]
	at org.apache.hadoop.ozone.protocolPB.OzoneManagerRequestHandler.getOzoneFileStatus(OzoneManagerRequestHandler.java:882) ~[ozone-manager-1.3.0-SNAPSHOT.jar:?]
	at org.apache.hadoop.ozone.protocolPB.OzoneManagerRequestHandler.handleReadRequest(OzoneManagerRequestHandler.java:228) ~[ozone-manager-1.3.0-SNAPSHOT.jar:?]
	at org.apache.hadoop.ozone.protocolPB.OzoneManagerProtocolServerSideTranslatorPB.submitRequestDirectlyToOM(OzoneManagerProtocolServerSideTranslatorPB.java:276) ~[ozone-manager-1.3.0-SNAPSHOT.jar:?]
	at org.apache.hadoop.ozone.protocolPB.OzoneManagerProtocolServerSideTranslatorPB.processRequest(OzoneManagerProtocolServerSideTranslatorPB.java:205) ~[ozone-manager-1.3.0-SNAPSHOT.jar:?]
	at org.apache.hadoop.hdds.server.OzoneProtocolMessageDispatcher.processRequest(OzoneProtocolMessageDispatcher.java:87) [hdds-server-framework-1.3.0-SNAPSHOT.jar:?]
	at org.apache.hadoop.ozone.protocolPB.OzoneManagerProtocolServerSideTranslatorPB.submitRequest(OzoneManagerProtocolServerSideTranslatorPB.java:147) [ozone-manager-1.3.0-SNAPSHOT.jar:?]
	at org.apache.hadoop.ozone.protocol.proto.OzoneManagerProtocolProtos$OzoneManagerService$2.callBlockingMethod(OzoneManagerProtocolProtos.java) [ozone-interface-client-1.3.0-SNAPSHOT.jar:?]
	at org.apache.hadoop.ipc.ProtobufRpcEngine$Server.processCall(ProtobufRpcEngine.java:466) [hadoop-common-3.3.1.jar:?]
	at org.apache.hadoop.ipc.ProtobufRpcEngine2$Server$ProtoBufRpcInvoker.call(ProtobufRpcEngine2.java:574) [hadoop-common-3.3.1.jar:?]
	at org.apache.hadoop.ipc.ProtobufRpcEngine2$Server$ProtoBufRpcInvoker.call(ProtobufRpcEngine2.java:552) [hadoop-common-3.3.1.jar:?]
	at org.apache.hadoop.ipc.RPC$Server.call(RPC.java:1093) [hadoop-common-3.3.1.jar:?]
	at org.apache.hadoop.ipc.Server$RpcCall.run(Server.java:1035) [hadoop-common-3.3.1.jar:?]
	at org.apache.hadoop.ipc.Server$RpcCall.run(Server.java:963) [hadoop-common-3.3.1.jar:?]
	at java.security.AccessController.doPrivileged(Native Method) ~[?:1.8.0_332]
	at javax.security.auth.Subject.doAs(Subject.java:422) [?:1.8.0_332]
	at org.apache.hadoop.security.UserGroupInformation.doAs(UserGroupInformation.java:1878) [hadoop-common-3.3.1.jar:?]
	at org.apache.hadoop.ipc.Server$Handler.run(Server.java:2966) [hadoop-common-3.3.1.jar:?]
07:53:15.233 [IPC Server handler 8 on default port 35463] ERROR OMAudit - user=runner | ip=127.0.0.1 | op=GET_FILE_STATUS {volume=volume22076, bucket=bucket78807, key=testBatchDelete/parent/childFolder/child4, dataSize=0, replicationConfig=null} | ret=FAILURE
org.apache.hadoop.ozone.om.exceptions.OMException: Unable to get file status: volume: volume22076 bucket: bucket78807 key: testBatchDelete/parent/childFolder/child4
	at org.apache.hadoop.ozone.om.KeyManagerImpl.getOzoneFileStatusFSO(KeyManagerImpl.java:1376) ~[ozone-manager-1.3.0-SNAPSHOT.jar:?]
	at org.apache.hadoop.ozone.om.KeyManagerImpl.getFileStatus(KeyManagerImpl.java:1239) ~[ozone-manager-1.3.0-SNAPSHOT.jar:?]
	at org.apache.hadoop.ozone.om.OzoneManager.getFileStatus(OzoneManager.java:3469) ~[ozone-manager-1.3.0-SNAPSHOT.jar:?]
	at org.apache.hadoop.ozone.protocolPB.OzoneManagerRequestHandler.getOzoneFileStatus(OzoneManagerRequestHandler.java:882) ~[ozone-manager-1.3.0-SNAPSHOT.jar:?]
	at org.apache.hadoop.ozone.protocolPB.OzoneManagerRequestHandler.handleReadRequest(OzoneManagerRequestHandler.java:228) ~[ozone-manager-1.3.0-SNAPSHOT.jar:?]
	at org.apache.hadoop.ozone.protocolPB.OzoneManagerProtocolServerSideTranslatorPB.submitRequestDirectlyToOM(OzoneManagerProtocolServerSideTranslatorPB.java:276) ~[ozone-manager-1.3.0-SNAPSHOT.jar:?]
	at org.apache.hadoop.ozone.protocolPB.OzoneManagerProtocolServerSideTranslatorPB.processRequest(OzoneManagerProtocolServerSideTranslatorPB.java:205) ~[ozone-manager-1.3.0-SNAPSHOT.jar:?]
	at org.apache.hadoop.hdds.server.OzoneProtocolMessageDispatcher.processRequest(OzoneProtocolMessageDispatcher.java:87) [hdds-server-framework-1.3.0-SNAPSHOT.jar:?]
	at org.apache.hadoop.ozone.protocolPB.OzoneManagerProtocolServerSideTranslatorPB.submitRequest(OzoneManagerProtocolServerSideTranslatorPB.java:147) [ozone-manager-1.3.0-SNAPSHOT.jar:?]
	at org.apache.hadoop.ozone.protocol.proto.OzoneManagerProtocolProtos$OzoneManagerService$2.callBlockingMethod(OzoneManagerProtocolProtos.java) [ozone-interface-client-1.3.0-SNAPSHOT.jar:?]
	at org.apache.hadoop.ipc.ProtobufRpcEngine$Server.processCall(ProtobufRpcEngine.java:466) [hadoop-common-3.3.1.jar:?]
	at org.apache.hadoop.ipc.ProtobufRpcEngine2$Server$ProtoBufRpcInvoker.call(ProtobufRpcEngine2.java:574) [hadoop-common-3.3.1.jar:?]
	at org.apache.hadoop.ipc.ProtobufRpcEngine2$Server$ProtoBufRpcInvoker.call(ProtobufRpcEngine2.java:552) [hadoop-common-3.3.1.jar:?]
	at org.apache.hadoop.ipc.RPC$Server.call(RPC.java:1093) [hadoop-common-3.3.1.jar:?]
	at org.apache.hadoop.ipc.Server$RpcCall.run(Server.java:1035) [hadoop-common-3.3.1.jar:?]
	at org.apache.hadoop.ipc.Server$RpcCall.run(Server.java:963) [hadoop-common-3.3.1.jar:?]
	at java.security.AccessController.doPrivileged(Native Method) ~[?:1.8.0_332]
	at javax.security.auth.Subject.doAs(Subject.java:422) [?:1.8.0_332]
	at org.apache.hadoop.security.UserGroupInformation.doAs(UserGroupInformation.java:1878) [hadoop-common-3.3.1.jar:?]
	at org.apache.hadoop.ipc.Server$Handler.run(Server.java:2966) [hadoop-common-3.3.1.jar:?]
07:53:15.234 [IPC Server handler 10 on default port 35463] ERROR OMAudit - user=runner | ip=127.0.0.1 | op=GET_FILE_STATUS {volume=volume22076, bucket=bucket78807, key=testBatchDelete/parent/child5, dataSize=0, replicationConfig=null} | ret=FAILURE
org.apache.hadoop.ozone.om.exceptions.OMException: Unable to get file status: volume: volume22076 bucket: bucket78807 key: testBatchDelete/parent/child5
	at org.apache.hadoop.ozone.om.KeyManagerImpl.getOzoneFileStatusFSO(KeyManagerImpl.java:1376) ~[ozone-manager-1.3.0-SNAPSHOT.jar:?]
	at org.apache.hadoop.ozone.om.KeyManagerImpl.getFileStatus(KeyManagerImpl.java:1239) ~[ozone-manager-1.3.0-SNAPSHOT.jar:?]
	at org.apache.hadoop.ozone.om.OzoneManager.getFileStatus(OzoneManager.java:3469) ~[ozone-manager-1.3.0-SNAPSHOT.jar:?]
	at org.apache.hadoop.ozone.protocolPB.OzoneManagerRequestHandler.getOzoneFileStatus(OzoneManagerRequestHandler.java:882) ~[ozone-manager-1.3.0-SNAPSHOT.jar:?]
	at org.apache.hadoop.ozone.protocolPB.OzoneManagerRequestHandler.handleReadRequest(OzoneManagerRequestHandler.java:228) ~[ozone-manager-1.3.0-SNAPSHOT.jar:?]
	at org.apache.hadoop.ozone.protocolPB.OzoneManagerProtocolServerSideTranslatorPB.submitRequestDirectlyToOM(OzoneManagerProtocolServerSideTranslatorPB.java:276) ~[ozone-manager-1.3.0-SNAPSHOT.jar:?]
	at org.apache.hadoop.ozone.protocolPB.OzoneManagerProtocolServerSideTranslatorPB.processRequest(OzoneManagerProtocolServerSideTranslatorPB.java:205) ~[ozone-manager-1.3.0-SNAPSHOT.jar:?]
	at org.apache.hadoop.hdds.server.OzoneProtocolMessageDispatcher.processRequest(OzoneProtocolMessageDispatcher.java:87) [hdds-server-framework-1.3.0-SNAPSHOT.jar:?]
	at org.apache.hadoop.ozone.protocolPB.OzoneManagerProtocolServerSideTranslatorPB.submitRequest(OzoneManagerProtocolServerSideTranslatorPB.java:147) [ozone-manager-1.3.0-SNAPSHOT.jar:?]
	at org.apache.hadoop.ozone.protocol.proto.OzoneManagerProtocolProtos$OzoneManagerService$2.callBlockingMethod(OzoneManagerProtocolProtos.java) [ozone-interface-client-1.3.0-SNAPSHOT.jar:?]
	at org.apache.hadoop.ipc.ProtobufRpcEngine$Server.processCall(ProtobufRpcEngine.java:466) [hadoop-common-3.3.1.jar:?]
	at org.apache.hadoop.ipc.ProtobufRpcEngine2$Server$ProtoBufRpcInvoker.call(ProtobufRpcEngine2.java:574) [hadoop-common-3.3.1.jar:?]
	at org.apache.hadoop.ipc.ProtobufRpcEngine2$Server$ProtoBufRpcInvoker.call(ProtobufRpcEngine2.java:552) [hadoop-common-3.3.1.jar:?]
	at org.apache.hadoop.ipc.RPC$Server.call(RPC.java:1093) [hadoop-common-3.3.1.jar:?]
	at org.apache.hadoop.ipc.Server$RpcCall.run(Server.java:1035) [hadoop-common-3.3.1.jar:?]
	at org.apache.hadoop.ipc.Server$RpcCall.run(Server.java:963) [hadoop-common-3.3.1.jar:?]
	at java.security.AccessController.doPrivileged(Native Method) ~[?:1.8.0_332]
	at javax.security.auth.Subject.doAs(Subject.java:422) [?:1.8.0_332]
	at org.apache.hadoop.security.UserGroupInformation.doAs(UserGroupInformation.java:1878) [hadoop-common-3.3.1.jar:?]
	at org.apache.hadoop.ipc.Server$Handler.run(Server.java:2966) [hadoop-common-3.3.1.jar:?]
07:53:15.234 [IPC Server handler 12 on default port 35463] ERROR OMAudit - user=runner | ip=127.0.0.1 | op=GET_FILE_STATUS {volume=volume22076, bucket=bucket78807, key=testBatchDelete/parent/childFolder/child5, dataSize=0, replicationConfig=null} | ret=FAILURE
org.apache.hadoop.ozone.om.exceptions.OMException: Unable to get file status: volume: volume22076 bucket: bucket78807 key: testBatchDelete/parent/childFolder/child5
	at org.apache.hadoop.ozone.om.KeyManagerImpl.getOzoneFileStatusFSO(KeyManagerImpl.java:1376) ~[ozone-manager-1.3.0-SNAPSHOT.jar:?]
	at org.apache.hadoop.ozone.om.KeyManagerImpl.getFileStatus(KeyManagerImpl.java:1239) ~[ozone-manager-1.3.0-SNAPSHOT.jar:?]
	at org.apache.hadoop.ozone.om.OzoneManager.getFileStatus(OzoneManager.java:3469) ~[ozone-manager-1.3.0-SNAPSHOT.jar:?]
	at org.apache.hadoop.ozone.protocolPB.OzoneManagerRequestHandler.getOzoneFileStatus(OzoneManagerRequestHandler.java:882) ~[ozone-manager-1.3.0-SNAPSHOT.jar:?]
	at org.apache.hadoop.ozone.protocolPB.OzoneManagerRequestHandler.handleReadRequest(OzoneManagerRequestHandler.java:228) ~[ozone-manager-1.3.0-SNAPSHOT.jar:?]
	at org.apache.hadoop.ozone.protocolPB.OzoneManagerProtocolServerSideTranslatorPB.submitRequestDirectlyToOM(OzoneManagerProtocolServerSideTranslatorPB.java:276) ~[ozone-manager-1.3.0-SNAPSHOT.jar:?]
	at org.apache.hadoop.ozone.protocolPB.OzoneManagerProtocolServerSideTranslatorPB.processRequest(OzoneManagerProtocolServerSideTranslatorPB.java:205) ~[ozone-manager-1.3.0-SNAPSHOT.jar:?]
	at org.apache.hadoop.hdds.server.OzoneProtocolMessageDispatcher.processRequest(OzoneProtocolMessageDispatcher.java:87) [hdds-server-framework-1.3.0-SNAPSHOT.jar:?]
	at org.apache.hadoop.ozone.protocolPB.OzoneManagerProtocolServerSideTranslatorPB.submitRequest(OzoneManagerProtocolServerSideTranslatorPB.java:147) [ozone-manager-1.3.0-SNAPSHOT.jar:?]
	at org.apache.hadoop.ozone.protocol.proto.OzoneManagerProtocolProtos$OzoneManagerService$2.callBlockingMethod(OzoneManagerProtocolProtos.java) [ozone-interface-client-1.3.0-SNAPSHOT.jar:?]
	at org.apache.hadoop.ipc.ProtobufRpcEngine$Server.processCall(ProtobufRpcEngine.java:466) [hadoop-common-3.3.1.jar:?]
	at org.apache.hadoop.ipc.ProtobufRpcEngine2$Server$ProtoBufRpcInvoker.call(ProtobufRpcEngine2.java:574) [hadoop-common-3.3.1.jar:?]
	at org.apache.hadoop.ipc.ProtobufRpcEngine2$Server$ProtoBufRpcInvoker.call(ProtobufRpcEngine2.java:552) [hadoop-common-3.3.1.jar:?]
	at org.apache.hadoop.ipc.RPC$Server.call(RPC.java:1093) [hadoop-common-3.3.1.jar:?]
	at org.apache.hadoop.ipc.Server$RpcCall.run(Server.java:1035) [hadoop-common-3.3.1.jar:?]
	at org.apache.hadoop.ipc.Server$RpcCall.run(Server.java:963) [hadoop-common-3.3.1.jar:?]
	at java.security.AccessController.doPrivileged(Native Method) ~[?:1.8.0_332]
	at javax.security.auth.Subject.doAs(Subject.java:422) [?:1.8.0_332]
	at org.apache.hadoop.security.UserGroupInformation.doAs(UserGroupInformation.java:1878) [hadoop-common-3.3.1.jar:?]
	at org.apache.hadoop.ipc.Server$Handler.run(Server.java:2966) [hadoop-common-3.3.1.jar:?]
07:53:15.235 [IPC Server handler 13 on default port 35463] ERROR OMAudit - user=runner | ip=127.0.0.1 | op=GET_FILE_STATUS {volume=volume22076, bucket=bucket78807, key=testBatchDelete/parent/child6, dataSize=0, replicationConfig=null} | ret=FAILURE
org.apache.hadoop.ozone.om.exceptions.OMException: Unable to get file status: volume: volume22076 bucket: bucket78807 key: testBatchDelete/parent/child6
	at org.apache.hadoop.ozone.om.KeyManagerImpl.getOzoneFileStatusFSO(KeyManagerImpl.java:1376) ~[ozone-manager-1.3.0-SNAPSHOT.jar:?]
	at org.apache.hadoop.ozone.om.KeyManagerImpl.getFileStatus(KeyManagerImpl.java:1239) ~[ozone-manager-1.3.0-SNAPSHOT.jar:?]
	at org.apache.hadoop.ozone.om.OzoneManager.getFileStatus(OzoneManager.java:3469) ~[ozone-manager-1.3.0-SNAPSHOT.jar:?]
	at org.apache.hadoop.ozone.protocolPB.OzoneManagerRequestHandler.getOzoneFileStatus(OzoneManagerRequestHandler.java:882) ~[ozone-manager-1.3.0-SNAPSHOT.jar:?]
	at org.apache.hadoop.ozone.protocolPB.OzoneManagerRequestHandler.handleReadRequest(OzoneManagerRequestHandler.java:228) ~[ozone-manager-1.3.0-SNAPSHOT.jar:?]
	at org.apache.hadoop.ozone.protocolPB.OzoneManagerProtocolServerSideTranslatorPB.submitRequestDirectlyToOM(OzoneManagerProtocolServerSideTranslatorPB.java:276) ~[ozone-manager-1.3.0-SNAPSHOT.jar:?]
	at org.apache.hadoop.ozone.protocolPB.OzoneManagerProtocolServerSideTranslatorPB.processRequest(OzoneManagerProtocolServerSideTranslatorPB.java:205) ~[ozone-manager-1.3.0-SNAPSHOT.jar:?]
	at org.apache.hadoop.hdds.server.OzoneProtocolMessageDispatcher.processRequest(OzoneProtocolMessageDispatcher.java:87) [hdds-server-framework-1.3.0-SNAPSHOT.jar:?]
	at org.apache.hadoop.ozone.protocolPB.OzoneManagerProtocolServerSideTranslatorPB.submitRequest(OzoneManagerProtocolServerSideTranslatorPB.java:147) [ozone-manager-1.3.0-SNAPSHOT.jar:?]
	at org.apache.hadoop.ozone.protocol.proto.OzoneManagerProtocolProtos$OzoneManagerService$2.callBlockingMethod(OzoneManagerProtocolProtos.java) [ozone-interface-client-1.3.0-SNAPSHOT.jar:?]
	at org.apache.hadoop.ipc.ProtobufRpcEngine$Server.processCall(ProtobufRpcEngine.java:466) [hadoop-common-3.3.1.jar:?]
	at org.apache.hadoop.ipc.ProtobufRpcEngine2$Server$ProtoBufRpcInvoker.call(ProtobufRpcEngine2.java:574) [hadoop-common-3.3.1.jar:?]
	at org.apache.hadoop.ipc.ProtobufRpcEngine2$Server$ProtoBufRpcInvoker.call(ProtobufRpcEngine2.java:552) [hadoop-common-3.3.1.jar:?]
	at org.apache.hadoop.ipc.RPC$Server.call(RPC.java:1093) [hadoop-common-3.3.1.jar:?]
	at org.apache.hadoop.ipc.Server$RpcCall.run(Server.java:1035) [hadoop-common-3.3.1.jar:?]
	at org.apache.hadoop.ipc.Server$RpcCall.run(Server.java:963) [hadoop-common-3.3.1.jar:?]
	at java.security.AccessController.doPrivileged(Native Method) ~[?:1.8.0_332]
	at javax.security.auth.Subject.doAs(Subject.java:422) [?:1.8.0_332]
	at org.apache.hadoop.security.UserGroupInformation.doAs(UserGroupInformation.java:1878) [hadoop-common-3.3.1.jar:?]
	at org.apache.hadoop.ipc.Server$Handler.run(Server.java:2966) [hadoop-common-3.3.1.jar:?]
07:53:15.236 [IPC Server handler 19 on default port 35463] ERROR OMAudit - user=runner | ip=127.0.0.1 | op=GET_FILE_STATUS {volume=volume22076, bucket=bucket78807, key=testBatchDelete/parent/childFolder/child6, dataSize=0, replicationConfig=null} | ret=FAILURE
org.apache.hadoop.ozone.om.exceptions.OMException: Unable to get file status: volume: volume22076 bucket: bucket78807 key: testBatchDelete/parent/childFolder/child6
	at org.apache.hadoop.ozone.om.KeyManagerImpl.getOzoneFileStatusFSO(KeyManagerImpl.java:1376) ~[ozone-manager-1.3.0-SNAPSHOT.jar:?]
	at org.apache.hadoop.ozone.om.KeyManagerImpl.getFileStatus(KeyManagerImpl.java:1239) ~[ozone-manager-1.3.0-SNAPSHOT.jar:?]
	at org.apache.hadoop.ozone.om.OzoneManager.getFileStatus(OzoneManager.java:3469) ~[ozone-manager-1.3.0-SNAPSHOT.jar:?]
	at org.apache.hadoop.ozone.protocolPB.OzoneManagerRequestHandler.getOzoneFileStatus(OzoneManagerRequestHandler.java:882) ~[ozone-manager-1.3.0-SNAPSHOT.jar:?]
	at org.apache.hadoop.ozone.protocolPB.OzoneManagerRequestHandler.handleReadRequest(OzoneManagerRequestHandler.java:228) ~[ozone-manager-1.3.0-SNAPSHOT.jar:?]
	at org.apache.hadoop.ozone.protocolPB.OzoneManagerProtocolServerSideTranslatorPB.submitRequestDirectlyToOM(OzoneManagerProtocolServerSideTranslatorPB.java:276) ~[ozone-manager-1.3.0-SNAPSHOT.jar:?]
	at org.apache.hadoop.ozone.protocolPB.OzoneManagerProtocolServerSideTranslatorPB.processRequest(OzoneManagerProtocolServerSideTranslatorPB.java:205) ~[ozone-manager-1.3.0-SNAPSHOT.jar:?]
	at org.apache.hadoop.hdds.server.OzoneProtocolMessageDispatcher.processRequest(OzoneProtocolMessageDispatcher.java:87) [hdds-server-framework-1.3.0-SNAPSHOT.jar:?]
	at org.apache.hadoop.ozone.protocolPB.OzoneManagerProtocolServerSideTranslatorPB.submitRequest(OzoneManagerProtocolServerSideTranslatorPB.java:147) [ozone-manager-1.3.0-SNAPSHOT.jar:?]
	at org.apache.hadoop.ozone.protocol.proto.OzoneManagerProtocolProtos$OzoneManagerService$2.callBlockingMethod(OzoneManagerProtocolProtos.java) [ozone-interface-client-1.3.0-SNAPSHOT.jar:?]
	at org.apache.hadoop.ipc.ProtobufRpcEngine$Server.processCall(ProtobufRpcEngine.java:466) [hadoop-common-3.3.1.jar:?]
	at org.apache.hadoop.ipc.ProtobufRpcEngine2$Server$ProtoBufRpcInvoker.call(ProtobufRpcEngine2.java:574) [hadoop-common-3.3.1.jar:?]
	at org.apache.hadoop.ipc.ProtobufRpcEngine2$Server$ProtoBufRpcInvoker.call(ProtobufRpcEngine2.java:552) [hadoop-common-3.3.1.jar:?]
	at org.apache.hadoop.ipc.RPC$Server.call(RPC.java:1093) [hadoop-common-3.3.1.jar:?]
	at org.apache.hadoop.ipc.Server$RpcCall.run(Server.java:1035) [hadoop-common-3.3.1.jar:?]
	at org.apache.hadoop.ipc.Server$RpcCall.run(Server.java:963) [hadoop-common-3.3.1.jar:?]
	at java.security.AccessController.doPrivileged(Native Method) ~[?:1.8.0_332]
	at javax.security.auth.Subject.doAs(Subject.java:422) [?:1.8.0_332]
	at org.apache.hadoop.security.UserGroupInformation.doAs(UserGroupInformation.java:1878) [hadoop-common-3.3.1.jar:?]
	at org.apache.hadoop.ipc.Server$Handler.run(Server.java:2966) [hadoop-common-3.3.1.jar:?]
07:53:15.237 [IPC Server handler 16 on default port 35463] ERROR OMAudit - user=runner | ip=127.0.0.1 | op=GET_FILE_STATUS {volume=volume22076, bucket=bucket78807, key=testBatchDelete/parent/child7, dataSize=0, replicationConfig=null} | ret=FAILURE
org.apache.hadoop.ozone.om.exceptions.OMException: Unable to get file status: volume: volume22076 bucket: bucket78807 key: testBatchDelete/parent/child7
	at org.apache.hadoop.ozone.om.KeyManagerImpl.getOzoneFileStatusFSO(KeyManagerImpl.java:1376) ~[ozone-manager-1.3.0-SNAPSHOT.jar:?]
	at org.apache.hadoop.ozone.om.KeyManagerImpl.getFileStatus(KeyManagerImpl.java:1239) ~[ozone-manager-1.3.0-SNAPSHOT.jar:?]
	at org.apache.hadoop.ozone.om.OzoneManager.getFileStatus(OzoneManager.java:3469) ~[ozone-manager-1.3.0-SNAPSHOT.jar:?]
	at org.apache.hadoop.ozone.protocolPB.OzoneManagerRequestHandler.getOzoneFileStatus(OzoneManagerRequestHandler.java:882) ~[ozone-manager-1.3.0-SNAPSHOT.jar:?]
	at org.apache.hadoop.ozone.protocolPB.OzoneManagerRequestHandler.handleReadRequest(OzoneManagerRequestHandler.java:228) ~[ozone-manager-1.3.0-SNAPSHOT.jar:?]
	at org.apache.hadoop.ozone.protocolPB.OzoneManagerProtocolServerSideTranslatorPB.submitRequestDirectlyToOM(OzoneManagerProtocolServerSideTranslatorPB.java:276) ~[ozone-manager-1.3.0-SNAPSHOT.jar:?]
	at org.apache.hadoop.ozone.protocolPB.OzoneManagerProtocolServerSideTranslatorPB.processRequest(OzoneManagerProtocolServerSideTranslatorPB.java:205) ~[ozone-manager-1.3.0-SNAPSHOT.jar:?]
	at org.apache.hadoop.hdds.server.OzoneProtocolMessageDispatcher.processRequest(OzoneProtocolMessageDispatcher.java:87) [hdds-server-framework-1.3.0-SNAPSHOT.jar:?]
	at org.apache.hadoop.ozone.protocolPB.OzoneManagerProtocolServerSideTranslatorPB.submitRequest(OzoneManagerProtocolServerSideTranslatorPB.java:147) [ozone-manager-1.3.0-SNAPSHOT.jar:?]
	at org.apache.hadoop.ozone.protocol.proto.OzoneManagerProtocolProtos$OzoneManagerService$2.callBlockingMethod(OzoneManagerProtocolProtos.java) [ozone-interface-client-1.3.0-SNAPSHOT.jar:?]
	at org.apache.hadoop.ipc.ProtobufRpcEngine$Server.processCall(ProtobufRpcEngine.java:466) [hadoop-common-3.3.1.jar:?]
	at org.apache.hadoop.ipc.ProtobufRpcEngine2$Server$ProtoBufRpcInvoker.call(ProtobufRpcEngine2.java:574) [hadoop-common-3.3.1.jar:?]
	at org.apache.hadoop.ipc.ProtobufRpcEngine2$Server$ProtoBufRpcInvoker.call(ProtobufRpcEngine2.java:552) [hadoop-common-3.3.1.jar:?]
	at org.apache.hadoop.ipc.RPC$Server.call(RPC.java:1093) [hadoop-common-3.3.1.jar:?]
	at org.apache.hadoop.ipc.Server$RpcCall.run(Server.java:1035) [hadoop-common-3.3.1.jar:?]
	at org.apache.hadoop.ipc.Server$RpcCall.run(Server.java:963) [hadoop-common-3.3.1.jar:?]
	at java.security.AccessController.doPrivileged(Native Method) ~[?:1.8.0_332]
	at javax.security.auth.Subject.doAs(Subject.java:422) [?:1.8.0_332]
	at org.apache.hadoop.security.UserGroupInformation.doAs(UserGroupInformation.java:1878) [hadoop-common-3.3.1.jar:?]
	at org.apache.hadoop.ipc.Server$Handler.run(Server.java:2966) [hadoop-common-3.3.1.jar:?]
07:53:15.239 [IPC Server handler 15 on default port 35463] ERROR OMAudit - user=runner | ip=127.0.0.1 | op=GET_FILE_STATUS {volume=volume22076, bucket=bucket78807, key=testBatchDelete/parent/childFolder/child7, dataSize=0, replicationConfig=null} | ret=FAILURE
org.apache.hadoop.ozone.om.exceptions.OMException: Unable to get file status: volume: volume22076 bucket: bucket78807 key: testBatchDelete/parent/childFolder/child7
	at org.apache.hadoop.ozone.om.KeyManagerImpl.getOzoneFileStatusFSO(KeyManagerImpl.java:1376) ~[ozone-manager-1.3.0-SNAPSHOT.jar:?]
	at org.apache.hadoop.ozone.om.KeyManagerImpl.getFileStatus(KeyManagerImpl.java:1239) ~[ozone-manager-1.3.0-SNAPSHOT.jar:?]
	at org.apache.hadoop.ozone.om.OzoneManager.getFileStatus(OzoneManager.java:3469) ~[ozone-manager-1.3.0-SNAPSHOT.jar:?]
	at org.apache.hadoop.ozone.protocolPB.OzoneManagerRequestHandler.getOzoneFileStatus(OzoneManagerRequestHandler.java:882) ~[ozone-manager-1.3.0-SNAPSHOT.jar:?]
	at org.apache.hadoop.ozone.protocolPB.OzoneManagerRequestHandler.handleReadRequest(OzoneManagerRequestHandler.java:228) ~[ozone-manager-1.3.0-SNAPSHOT.jar:?]
	at org.apache.hadoop.ozone.protocolPB.OzoneManagerProtocolServerSideTranslatorPB.submitRequestDirectlyToOM(OzoneManagerProtocolServerSideTranslatorPB.java:276) ~[ozone-manager-1.3.0-SNAPSHOT.jar:?]
	at org.apache.hadoop.ozone.protocolPB.OzoneManagerProtocolServerSideTranslatorPB.processRequest(OzoneManagerProtocolServerSideTranslatorPB.java:205) ~[ozone-manager-1.3.0-SNAPSHOT.jar:?]
	at org.apache.hadoop.hdds.server.OzoneProtocolMessageDispatcher.processRequest(OzoneProtocolMessageDispatcher.java:87) [hdds-server-framework-1.3.0-SNAPSHOT.jar:?]
	at org.apache.hadoop.ozone.protocolPB.OzoneManagerProtocolServerSideTranslatorPB.submitRequest(OzoneManagerProtocolServerSideTranslatorPB.java:147) [ozone-manager-1.3.0-SNAPSHOT.jar:?]
	at org.apache.hadoop.ozone.protocol.proto.OzoneManagerProtocolProtos$OzoneManagerService$2.callBlockingMethod(OzoneManagerProtocolProtos.java) [ozone-interface-client-1.3.0-SNAPSHOT.jar:?]
	at org.apache.hadoop.ipc.ProtobufRpcEngine$Server.processCall(ProtobufRpcEngine.java:466) [hadoop-common-3.3.1.jar:?]
	at org.apache.hadoop.ipc.ProtobufRpcEngine2$Server$ProtoBufRpcInvoker.call(ProtobufRpcEngine2.java:574) [hadoop-common-3.3.1.jar:?]
	at org.apache.hadoop.ipc.ProtobufRpcEngine2$Server$ProtoBufRpcInvoker.call(ProtobufRpcEngine2.java:552) [hadoop-common-3.3.1.jar:?]
	at org.apache.hadoop.ipc.RPC$Server.call(RPC.java:1093) [hadoop-common-3.3.1.jar:?]
	at org.apache.hadoop.ipc.Server$RpcCall.run(Server.java:1035) [hadoop-common-3.3.1.jar:?]
	at org.apache.hadoop.ipc.Server$RpcCall.run(Server.java:963) [hadoop-common-3.3.1.jar:?]
	at java.security.AccessController.doPrivileged(Native Method) ~[?:1.8.0_332]
	at javax.security.auth.Subject.doAs(Subject.java:422) [?:1.8.0_332]
	at org.apache.hadoop.security.UserGroupInformation.doAs(UserGroupInformation.java:1878) [hadoop-common-3.3.1.jar:?]
	at org.apache.hadoop.ipc.Server$Handler.run(Server.java:2966) [hadoop-common-3.3.1.jar:?]
07:53:15.240 [IPC Server handler 0 on default port 35463] ERROR OMAudit - user=runner | ip=127.0.0.1 | op=GET_FILE_STATUS {volume=volume22076, bucket=bucket78807, key=testBatchDelete/parent, dataSize=0, replicationConfig=null} | ret=FAILURE
org.apache.hadoop.ozone.om.exceptions.OMException: Unable to get file status: volume: volume22076 bucket: bucket78807 key: testBatchDelete/parent
	at org.apache.hadoop.ozone.om.KeyManagerImpl.getOzoneFileStatusFSO(KeyManagerImpl.java:1376) ~[ozone-manager-1.3.0-SNAPSHOT.jar:?]
	at org.apache.hadoop.ozone.om.KeyManagerImpl.getFileStatus(KeyManagerImpl.java:1239) ~[ozone-manager-1.3.0-SNAPSHOT.jar:?]
	at org.apache.hadoop.ozone.om.OzoneManager.getFileStatus(OzoneManager.java:3469) ~[ozone-manager-1.3.0-SNAPSHOT.jar:?]
	at org.apache.hadoop.ozone.protocolPB.OzoneManagerRequestHandler.getOzoneFileStatus(OzoneManagerRequestHandler.java:882) ~[ozone-manager-1.3.0-SNAPSHOT.jar:?]
	at org.apache.hadoop.ozone.protocolPB.OzoneManagerRequestHandler.handleReadRequest(OzoneManagerRequestHandler.java:228) ~[ozone-manager-1.3.0-SNAPSHOT.jar:?]
	at org.apache.hadoop.ozone.protocolPB.OzoneManagerProtocolServerSideTranslatorPB.submitRequestDirectlyToOM(OzoneManagerProtocolServerSideTranslatorPB.java:276) ~[ozone-manager-1.3.0-SNAPSHOT.jar:?]
	at org.apache.hadoop.ozone.protocolPB.OzoneManagerProtocolServerSideTranslatorPB.processRequest(OzoneManagerProtocolServerSideTranslatorPB.java:205) ~[ozone-manager-1.3.0-SNAPSHOT.jar:?]
	at org.apache.hadoop.hdds.server.OzoneProtocolMessageDispatcher.processRequest(OzoneProtocolMessageDispatcher.java:87) [hdds-server-framework-1.3.0-SNAPSHOT.jar:?]
	at org.apache.hadoop.ozone.protocolPB.OzoneManagerProtocolServerSideTranslatorPB.submitRequest(OzoneManagerProtocolServerSideTranslatorPB.java:147) [ozone-manager-1.3.0-SNAPSHOT.jar:?]
	at org.apache.hadoop.ozone.protocol.proto.OzoneManagerProtocolProtos$OzoneManagerService$2.callBlockingMethod(OzoneManagerProtocolProtos.java) [ozone-interface-client-1.3.0-SNAPSHOT.jar:?]
	at org.apache.hadoop.ipc.ProtobufRpcEngine$Server.processCall(ProtobufRpcEngine.java:466) [hadoop-common-3.3.1.jar:?]
	at org.apache.hadoop.ipc.ProtobufRpcEngine2$Server$ProtoBufRpcInvoker.call(ProtobufRpcEngine2.java:574) [hadoop-common-3.3.1.jar:?]
	at org.apache.hadoop.ipc.ProtobufRpcEngine2$Server$ProtoBufRpcInvoker.call(ProtobufRpcEngine2.java:552) [hadoop-common-3.3.1.jar:?]
	at org.apache.hadoop.ipc.RPC$Server.call(RPC.java:1093) [hadoop-common-3.3.1.jar:?]
	at org.apache.hadoop.ipc.Server$RpcCall.run(Server.java:1035) [hadoop-common-3.3.1.jar:?]
	at org.apache.hadoop.ipc.Server$RpcCall.run(Server.java:963) [hadoop-common-3.3.1.jar:?]
	at java.security.AccessController.doPrivileged(Native Method) ~[?:1.8.0_332]
	at javax.security.auth.Subject.doAs(Subject.java:422) [?:1.8.0_332]
	at org.apache.hadoop.security.UserGroupInformation.doAs(UserGroupInformation.java:1878) [hadoop-common-3.3.1.jar:?]
	at org.apache.hadoop.ipc.Server$Handler.run(Server.java:2966) [hadoop-common-3.3.1.jar:?]
2022-08-20 07:53:15,240 [Time-limited test] WARN  ozone.BasicRootedOzoneFileSystem (BasicRootedOzoneFileSystem.java:delete(576)) - delete: Path does not exist: /volume22076/bucket78807/testBatchDelete/parent
]]></system-out>
  </testcase>
  <testcase name="testRenameToTrashEnabled" classname="TestRootedOzoneFileSystemWithFSO" time="0.127">
    <failure type="java.lang.AssertionError"><![CDATA[java.lang.AssertionError
	at org.junit.Assert.fail(Assert.java:87)
	at org.junit.Assert.assertTrue(Assert.java:42)
	at org.junit.Assert.assertTrue(Assert.java:53)
	at org.apache.hadoop.fs.ozone.TestRootedOzoneFileSystem.testRenameToTrashEnabled(TestRootedOzoneFileSystem.java:1335)
	at sun.reflect.NativeMethodAccessorImpl.invoke0(Native Method)
	at sun.reflect.NativeMethodAccessorImpl.invoke(NativeMethodAccessorImpl.java:62)
	at sun.reflect.DelegatingMethodAccessorImpl.invoke(DelegatingMethodAccessorImpl.java:43)
	at java.lang.reflect.Method.invoke(Method.java:498)
	at org.junit.runners.model.FrameworkMethod$1.runReflectiveCall(FrameworkMethod.java:59)
	at org.junit.internal.runners.model.ReflectiveCallable.run(ReflectiveCallable.java:12)
	at org.junit.runners.model.FrameworkMethod.invokeExplosively(FrameworkMethod.java:56)
	at org.junit.internal.runners.statements.InvokeMethod.evaluate(InvokeMethod.java:17)
	at org.junit.internal.runners.statements.RunBefores.evaluate(RunBefores.java:26)
	at org.junit.internal.runners.statements.RunAfters.evaluate(RunAfters.java:27)
	at org.junit.internal.runners.statements.FailOnTimeout$CallableStatement.call(FailOnTimeout.java:288)
	at org.junit.internal.runners.statements.FailOnTimeout$CallableStatement.call(FailOnTimeout.java:282)
	at java.util.concurrent.FutureTask.run(FutureTask.java:266)
	at java.lang.Thread.run(Thread.java:750)
]]></failure>
    <system-out><![CDATA[2022-08-20 07:52:04,427 [Time-limited test] INFO  rpc.RpcClient (RpcClient.java:createVolume(471)) - Creating Volume: volume43266, with user97014 as owner and space quota set to -1 bytes, counts quota set to -1
2022-08-20 07:52:04,431 [OM StateMachine ApplyTransaction Thread - 0] INFO  volume.OMVolumeCreateRequest (OMVolumeCreateRequest.java:validateAndUpdateCache(195)) - created volume:volume43266 for user:user97014
2022-08-20 07:52:04,434 [Time-limited test] INFO  rpc.RpcClient (RpcClient.java:createBucket(674)) - Creating Bucket: volume43266/bucket04466, with bucket layout FILE_SYSTEM_OPTIMIZED, runner as owner, Versioning false, Storage Type set to DISK and Encryption set to false 
2022-08-20 07:52:04,435 [OM StateMachine ApplyTransaction Thread - 0] INFO  bucket.OMBucketCreateRequest (OMBucketCreateRequest.java:validateAndUpdateCache(260)) - created bucket: bucket04466 of layout FILE_SYSTEM_OPTIMIZED in volume: volume43266
07:52:04.499 [IPC Server handler 15 on default port 40219] ERROR OMAudit - user=runner | ip=127.0.0.1 | op=GET_FILE_STATUS {volume=volume43266, bucket=bucket04466, key=.Trash/runner/Current/volume43266/bucket04466/testKey2, dataSize=0, replicationConfig=null} | ret=FAILURE
org.apache.hadoop.ozone.om.exceptions.OMException: Unable to get file status: volume: volume43266 bucket: bucket04466 key: .Trash/runner/Current/volume43266/bucket04466/testKey2
	at org.apache.hadoop.ozone.om.KeyManagerImpl.getOzoneFileStatusFSO(KeyManagerImpl.java:1376) ~[ozone-manager-1.3.0-SNAPSHOT.jar:?]
	at org.apache.hadoop.ozone.om.KeyManagerImpl.getFileStatus(KeyManagerImpl.java:1239) ~[ozone-manager-1.3.0-SNAPSHOT.jar:?]
	at org.apache.hadoop.ozone.om.OzoneManager.getFileStatus(OzoneManager.java:3469) ~[ozone-manager-1.3.0-SNAPSHOT.jar:?]
	at org.apache.hadoop.ozone.protocolPB.OzoneManagerRequestHandler.getOzoneFileStatus(OzoneManagerRequestHandler.java:882) ~[ozone-manager-1.3.0-SNAPSHOT.jar:?]
	at org.apache.hadoop.ozone.protocolPB.OzoneManagerRequestHandler.handleReadRequest(OzoneManagerRequestHandler.java:228) ~[ozone-manager-1.3.0-SNAPSHOT.jar:?]
	at org.apache.hadoop.ozone.protocolPB.OzoneManagerProtocolServerSideTranslatorPB.submitReadRequestToOM(OzoneManagerProtocolServerSideTranslatorPB.java:226) ~[ozone-manager-1.3.0-SNAPSHOT.jar:?]
	at org.apache.hadoop.ozone.protocolPB.OzoneManagerProtocolServerSideTranslatorPB.processRequest(OzoneManagerProtocolServerSideTranslatorPB.java:175) ~[ozone-manager-1.3.0-SNAPSHOT.jar:?]
	at org.apache.hadoop.hdds.server.OzoneProtocolMessageDispatcher.processRequest(OzoneProtocolMessageDispatcher.java:87) [hdds-server-framework-1.3.0-SNAPSHOT.jar:?]
	at org.apache.hadoop.ozone.protocolPB.OzoneManagerProtocolServerSideTranslatorPB.submitRequest(OzoneManagerProtocolServerSideTranslatorPB.java:147) [ozone-manager-1.3.0-SNAPSHOT.jar:?]
	at org.apache.hadoop.ozone.protocol.proto.OzoneManagerProtocolProtos$OzoneManagerService$2.callBlockingMethod(OzoneManagerProtocolProtos.java) [ozone-interface-client-1.3.0-SNAPSHOT.jar:?]
	at org.apache.hadoop.ipc.ProtobufRpcEngine$Server.processCall(ProtobufRpcEngine.java:466) [hadoop-common-3.3.1.jar:?]
	at org.apache.hadoop.ipc.ProtobufRpcEngine2$Server$ProtoBufRpcInvoker.call(ProtobufRpcEngine2.java:574) [hadoop-common-3.3.1.jar:?]
	at org.apache.hadoop.ipc.ProtobufRpcEngine2$Server$ProtoBufRpcInvoker.call(ProtobufRpcEngine2.java:552) [hadoop-common-3.3.1.jar:?]
	at org.apache.hadoop.ipc.RPC$Server.call(RPC.java:1093) [hadoop-common-3.3.1.jar:?]
	at org.apache.hadoop.ipc.Server$RpcCall.run(Server.java:1035) [hadoop-common-3.3.1.jar:?]
	at org.apache.hadoop.ipc.Server$RpcCall.run(Server.java:963) [hadoop-common-3.3.1.jar:?]
	at java.security.AccessController.doPrivileged(Native Method) ~[?:1.8.0_332]
	at javax.security.auth.Subject.doAs(Subject.java:422) [?:1.8.0_332]
	at org.apache.hadoop.security.UserGroupInformation.doAs(UserGroupInformation.java:1878) [hadoop-common-3.3.1.jar:?]
	at org.apache.hadoop.ipc.Server$Handler.run(Server.java:2966) [hadoop-common-3.3.1.jar:?]
2022-08-20 07:52:04,504 [Time-limited test] INFO  fs.TrashPolicyDefault (TrashPolicyDefault.java:moveToTrash(188)) - Moved: '/volume43266/bucket04466/testKey2' to trash at: ofs:/volume43266/bucket04466/.Trash/runner/Current/volume43266/bucket04466/testKey2
07:52:04.507 [IPC Server handler 5 on default port 40219] ERROR OMAudit - user=runner | ip=127.0.0.1 | op=GET_FILE_STATUS {volume=volume43266, bucket=bucket04466, key=.Trash/runner/Current/volume43266/bucket04466/testKey2, dataSize=0, replicationConfig=null} | ret=FAILURE
org.apache.hadoop.ozone.om.exceptions.OMException: Unable to get file status: volume: volume43266 bucket: bucket04466 key: .Trash/runner/Current/volume43266/bucket04466/testKey2
	at org.apache.hadoop.ozone.om.KeyManagerImpl.getOzoneFileStatusFSO(KeyManagerImpl.java:1376) ~[ozone-manager-1.3.0-SNAPSHOT.jar:?]
	at org.apache.hadoop.ozone.om.KeyManagerImpl.getFileStatus(KeyManagerImpl.java:1239) ~[ozone-manager-1.3.0-SNAPSHOT.jar:?]
	at org.apache.hadoop.ozone.om.OzoneManager.getFileStatus(OzoneManager.java:3469) ~[ozone-manager-1.3.0-SNAPSHOT.jar:?]
	at org.apache.hadoop.ozone.protocolPB.OzoneManagerRequestHandler.getOzoneFileStatus(OzoneManagerRequestHandler.java:882) ~[ozone-manager-1.3.0-SNAPSHOT.jar:?]
	at org.apache.hadoop.ozone.protocolPB.OzoneManagerRequestHandler.handleReadRequest(OzoneManagerRequestHandler.java:228) ~[ozone-manager-1.3.0-SNAPSHOT.jar:?]
	at org.apache.hadoop.ozone.protocolPB.OzoneManagerProtocolServerSideTranslatorPB.submitReadRequestToOM(OzoneManagerProtocolServerSideTranslatorPB.java:226) ~[ozone-manager-1.3.0-SNAPSHOT.jar:?]
	at org.apache.hadoop.ozone.protocolPB.OzoneManagerProtocolServerSideTranslatorPB.processRequest(OzoneManagerProtocolServerSideTranslatorPB.java:175) ~[ozone-manager-1.3.0-SNAPSHOT.jar:?]
	at org.apache.hadoop.hdds.server.OzoneProtocolMessageDispatcher.processRequest(OzoneProtocolMessageDispatcher.java:87) [hdds-server-framework-1.3.0-SNAPSHOT.jar:?]
	at org.apache.hadoop.ozone.protocolPB.OzoneManagerProtocolServerSideTranslatorPB.submitRequest(OzoneManagerProtocolServerSideTranslatorPB.java:147) [ozone-manager-1.3.0-SNAPSHOT.jar:?]
	at org.apache.hadoop.ozone.protocol.proto.OzoneManagerProtocolProtos$OzoneManagerService$2.callBlockingMethod(OzoneManagerProtocolProtos.java) [ozone-interface-client-1.3.0-SNAPSHOT.jar:?]
	at org.apache.hadoop.ipc.ProtobufRpcEngine$Server.processCall(ProtobufRpcEngine.java:466) [hadoop-common-3.3.1.jar:?]
	at org.apache.hadoop.ipc.ProtobufRpcEngine2$Server$ProtoBufRpcInvoker.call(ProtobufRpcEngine2.java:574) [hadoop-common-3.3.1.jar:?]
	at org.apache.hadoop.ipc.ProtobufRpcEngine2$Server$ProtoBufRpcInvoker.call(ProtobufRpcEngine2.java:552) [hadoop-common-3.3.1.jar:?]
	at org.apache.hadoop.ipc.RPC$Server.call(RPC.java:1093) [hadoop-common-3.3.1.jar:?]
	at org.apache.hadoop.ipc.Server$RpcCall.run(Server.java:1035) [hadoop-common-3.3.1.jar:?]
	at org.apache.hadoop.ipc.Server$RpcCall.run(Server.java:963) [hadoop-common-3.3.1.jar:?]
	at java.security.AccessController.doPrivileged(Native Method) ~[?:1.8.0_332]
	at javax.security.auth.Subject.doAs(Subject.java:422) [?:1.8.0_332]
	at org.apache.hadoop.security.UserGroupInformation.doAs(UserGroupInformation.java:1878) [hadoop-common-3.3.1.jar:?]
	at org.apache.hadoop.ipc.Server$Handler.run(Server.java:2966) [hadoop-common-3.3.1.jar:?]
]]></system-out>
  </testcase>
  <testcase name="testRenameToTrashEnabled" classname="TestRootedOzoneFileSystemWithFSO" time="0.268">
    <system-out><![CDATA[2022-08-20 07:53:15,355 [Time-limited test] INFO  rpc.RpcClient (RpcClient.java:createVolume(471)) - Creating Volume: volume76115, with user52615 as owner and space quota set to -1 bytes, counts quota set to -1
2022-08-20 07:53:15,358 [IPC Server handler 1 on default port 35463] INFO  volume.OMVolumeCreateRequest (OMVolumeCreateRequest.java:validateAndUpdateCache(195)) - created volume:volume76115 for user:user52615
2022-08-20 07:53:15,360 [Time-limited test] INFO  rpc.RpcClient (RpcClient.java:createBucket(674)) - Creating Bucket: volume76115/bucket82671, with bucket layout FILE_SYSTEM_OPTIMIZED, runner as owner, Versioning false, Storage Type set to DISK and Encryption set to false 
2022-08-20 07:53:15,360 [IPC Server handler 2 on default port 35463] INFO  bucket.OMBucketCreateRequest (OMBucketCreateRequest.java:validateAndUpdateCache(260)) - created bucket: bucket82671 of layout FILE_SYSTEM_OPTIMIZED in volume: volume76115
07:53:15.504 [IPC Server handler 14 on default port 35463] ERROR OMAudit - user=runner | ip=127.0.0.1 | op=GET_FILE_STATUS {volume=volume76115, bucket=bucket82671, key=.Trash/runner/Current/volume76115/bucket82671/testKey2, dataSize=0, replicationConfig=null} | ret=FAILURE
org.apache.hadoop.ozone.om.exceptions.OMException: Unable to get file status: volume: volume76115 bucket: bucket82671 key: .Trash/runner/Current/volume76115/bucket82671/testKey2
	at org.apache.hadoop.ozone.om.KeyManagerImpl.getOzoneFileStatusFSO(KeyManagerImpl.java:1376) ~[ozone-manager-1.3.0-SNAPSHOT.jar:?]
	at org.apache.hadoop.ozone.om.KeyManagerImpl.getFileStatus(KeyManagerImpl.java:1239) ~[ozone-manager-1.3.0-SNAPSHOT.jar:?]
	at org.apache.hadoop.ozone.om.OzoneManager.getFileStatus(OzoneManager.java:3469) ~[ozone-manager-1.3.0-SNAPSHOT.jar:?]
	at org.apache.hadoop.ozone.protocolPB.OzoneManagerRequestHandler.getOzoneFileStatus(OzoneManagerRequestHandler.java:882) ~[ozone-manager-1.3.0-SNAPSHOT.jar:?]
	at org.apache.hadoop.ozone.protocolPB.OzoneManagerRequestHandler.handleReadRequest(OzoneManagerRequestHandler.java:228) ~[ozone-manager-1.3.0-SNAPSHOT.jar:?]
	at org.apache.hadoop.ozone.protocolPB.OzoneManagerProtocolServerSideTranslatorPB.submitRequestDirectlyToOM(OzoneManagerProtocolServerSideTranslatorPB.java:276) ~[ozone-manager-1.3.0-SNAPSHOT.jar:?]
	at org.apache.hadoop.ozone.protocolPB.OzoneManagerProtocolServerSideTranslatorPB.processRequest(OzoneManagerProtocolServerSideTranslatorPB.java:205) ~[ozone-manager-1.3.0-SNAPSHOT.jar:?]
	at org.apache.hadoop.hdds.server.OzoneProtocolMessageDispatcher.processRequest(OzoneProtocolMessageDispatcher.java:87) [hdds-server-framework-1.3.0-SNAPSHOT.jar:?]
	at org.apache.hadoop.ozone.protocolPB.OzoneManagerProtocolServerSideTranslatorPB.submitRequest(OzoneManagerProtocolServerSideTranslatorPB.java:147) [ozone-manager-1.3.0-SNAPSHOT.jar:?]
	at org.apache.hadoop.ozone.protocol.proto.OzoneManagerProtocolProtos$OzoneManagerService$2.callBlockingMethod(OzoneManagerProtocolProtos.java) [ozone-interface-client-1.3.0-SNAPSHOT.jar:?]
	at org.apache.hadoop.ipc.ProtobufRpcEngine$Server.processCall(ProtobufRpcEngine.java:466) [hadoop-common-3.3.1.jar:?]
	at org.apache.hadoop.ipc.ProtobufRpcEngine2$Server$ProtoBufRpcInvoker.call(ProtobufRpcEngine2.java:574) [hadoop-common-3.3.1.jar:?]
	at org.apache.hadoop.ipc.ProtobufRpcEngine2$Server$ProtoBufRpcInvoker.call(ProtobufRpcEngine2.java:552) [hadoop-common-3.3.1.jar:?]
	at org.apache.hadoop.ipc.RPC$Server.call(RPC.java:1093) [hadoop-common-3.3.1.jar:?]
	at org.apache.hadoop.ipc.Server$RpcCall.run(Server.java:1035) [hadoop-common-3.3.1.jar:?]
	at org.apache.hadoop.ipc.Server$RpcCall.run(Server.java:963) [hadoop-common-3.3.1.jar:?]
	at java.security.AccessController.doPrivileged(Native Method) ~[?:1.8.0_332]
	at javax.security.auth.Subject.doAs(Subject.java:422) [?:1.8.0_332]
	at org.apache.hadoop.security.UserGroupInformation.doAs(UserGroupInformation.java:1878) [hadoop-common-3.3.1.jar:?]
	at org.apache.hadoop.ipc.Server$Handler.run(Server.java:2966) [hadoop-common-3.3.1.jar:?]
2022-08-20 07:53:15,506 [Time-limited test] INFO  fs.TrashPolicyDefault (TrashPolicyDefault.java:moveToTrash(188)) - Moved: '/volume76115/bucket82671/testKey2' to trash at: ofs:/volume76115/bucket82671/.Trash/runner/Current/volume76115/bucket82671/testKey2
]]></system-out>
  </testcase>
  <testcase name="testMkdirOnNonExistentVolumeBucketDir" classname="TestRootedOzoneFileSystemWithFSO" time="0">
    <skipped type="org.junit.AssumptionViolatedException"><![CDATA[org.junit.AssumptionViolatedException: FS Path is enabled. Skipping this test as it is not tuned for FS Path yet
	at org.junit.Assume.assumeTrue(Assume.java:68)
	at org.apache.hadoop.fs.ozone.TestRootedOzoneFileSystem.testMkdirOnNonExistentVolumeBucketDir(TestRootedOzoneFileSystem.java:423)
	at sun.reflect.NativeMethodAccessorImpl.invoke0(Native Method)
	at sun.reflect.NativeMethodAccessorImpl.invoke(NativeMethodAccessorImpl.java:62)
	at sun.reflect.DelegatingMethodAccessorImpl.invoke(DelegatingMethodAccessorImpl.java:43)
	at java.lang.reflect.Method.invoke(Method.java:498)
	at org.junit.runners.model.FrameworkMethod$1.runReflectiveCall(FrameworkMethod.java:59)
	at org.junit.internal.runners.model.ReflectiveCallable.run(ReflectiveCallable.java:12)
	at org.junit.runners.model.FrameworkMethod.invokeExplosively(FrameworkMethod.java:56)
	at org.junit.internal.runners.statements.InvokeMethod.evaluate(InvokeMethod.java:17)
	at org.junit.internal.runners.statements.RunBefores.evaluate(RunBefores.java:26)
	at org.junit.internal.runners.statements.RunAfters.evaluate(RunAfters.java:27)
	at org.junit.internal.runners.statements.FailOnTimeout$CallableStatement.call(FailOnTimeout.java:288)
	at org.junit.internal.runners.statements.FailOnTimeout$CallableStatement.call(FailOnTimeout.java:282)
	at java.util.concurrent.FutureTask.run(FutureTask.java:266)
	at java.lang.Thread.run(Thread.java:750)
]]></skipped>
    <system-out><![CDATA[2022-08-20 07:52:04,558 [Time-limited test] INFO  rpc.RpcClient (RpcClient.java:createVolume(471)) - Creating Volume: volume01536, with user51450 as owner and space quota set to -1 bytes, counts quota set to -1
2022-08-20 07:52:04,560 [OM StateMachine ApplyTransaction Thread - 0] INFO  volume.OMVolumeCreateRequest (OMVolumeCreateRequest.java:validateAndUpdateCache(195)) - created volume:volume01536 for user:user51450
2022-08-20 07:52:04,562 [Time-limited test] INFO  rpc.RpcClient (RpcClient.java:createBucket(674)) - Creating Bucket: volume01536/bucket76264, with bucket layout FILE_SYSTEM_OPTIMIZED, runner as owner, Versioning false, Storage Type set to DISK and Encryption set to false 
2022-08-20 07:52:04,564 [OM StateMachine ApplyTransaction Thread - 0] INFO  bucket.OMBucketCreateRequest (OMBucketCreateRequest.java:validateAndUpdateCache(260)) - created bucket: bucket76264 of layout FILE_SYSTEM_OPTIMIZED in volume: volume01536
]]></system-out>
  </testcase>
  <testcase name="testMkdirOnNonExistentVolumeBucketDir" classname="TestRootedOzoneFileSystemWithFSO" time="0">
    <skipped type="org.junit.AssumptionViolatedException"><![CDATA[org.junit.AssumptionViolatedException: FS Path is enabled. Skipping this test as it is not tuned for FS Path yet
	at org.junit.Assume.assumeTrue(Assume.java:68)
	at org.apache.hadoop.fs.ozone.TestRootedOzoneFileSystem.testMkdirOnNonExistentVolumeBucketDir(TestRootedOzoneFileSystem.java:423)
	at sun.reflect.NativeMethodAccessorImpl.invoke0(Native Method)
	at sun.reflect.NativeMethodAccessorImpl.invoke(NativeMethodAccessorImpl.java:62)
	at sun.reflect.DelegatingMethodAccessorImpl.invoke(DelegatingMethodAccessorImpl.java:43)
	at java.lang.reflect.Method.invoke(Method.java:498)
	at org.junit.runners.model.FrameworkMethod$1.runReflectiveCall(FrameworkMethod.java:59)
	at org.junit.internal.runners.model.ReflectiveCallable.run(ReflectiveCallable.java:12)
	at org.junit.runners.model.FrameworkMethod.invokeExplosively(FrameworkMethod.java:56)
	at org.junit.internal.runners.statements.InvokeMethod.evaluate(InvokeMethod.java:17)
	at org.junit.internal.runners.statements.RunBefores.evaluate(RunBefores.java:26)
	at org.junit.internal.runners.statements.RunAfters.evaluate(RunAfters.java:27)
	at org.junit.internal.runners.statements.FailOnTimeout$CallableStatement.call(FailOnTimeout.java:288)
	at org.junit.internal.runners.statements.FailOnTimeout$CallableStatement.call(FailOnTimeout.java:282)
	at java.util.concurrent.FutureTask.run(FutureTask.java:266)
	at java.lang.Thread.run(Thread.java:750)
]]></skipped>
    <system-out><![CDATA[2022-08-20 07:53:15,628 [Time-limited test] INFO  rpc.RpcClient (RpcClient.java:createVolume(471)) - Creating Volume: volume81565, with user98146 as owner and space quota set to -1 bytes, counts quota set to -1
2022-08-20 07:53:15,629 [IPC Server handler 3 on default port 35463] INFO  volume.OMVolumeCreateRequest (OMVolumeCreateRequest.java:validateAndUpdateCache(195)) - created volume:volume81565 for user:user98146
2022-08-20 07:53:15,630 [Time-limited test] INFO  rpc.RpcClient (RpcClient.java:createBucket(674)) - Creating Bucket: volume81565/bucket39881, with bucket layout FILE_SYSTEM_OPTIMIZED, runner as owner, Versioning false, Storage Type set to DISK and Encryption set to false 
2022-08-20 07:53:15,631 [IPC Server handler 6 on default port 35463] INFO  bucket.OMBucketCreateRequest (OMBucketCreateRequest.java:validateAndUpdateCache(260)) - created bucket: bucket39881 of layout FILE_SYSTEM_OPTIMIZED in volume: volume81565
]]></system-out>
  </testcase>
  <testcase name="testListStatusOnLargeDirectory" classname="TestRootedOzoneFileSystemWithFSO" time="7.049">
    <system-out><![CDATA[2022-08-20 07:52:04,621 [Time-limited test] INFO  rpc.RpcClient (RpcClient.java:createVolume(471)) - Creating Volume: volume92565, with user22146 as owner and space quota set to -1 bytes, counts quota set to -1
2022-08-20 07:52:04,623 [OM StateMachine ApplyTransaction Thread - 0] INFO  volume.OMVolumeCreateRequest (OMVolumeCreateRequest.java:validateAndUpdateCache(195)) - created volume:volume92565 for user:user22146
2022-08-20 07:52:04,624 [Time-limited test] INFO  rpc.RpcClient (RpcClient.java:createBucket(674)) - Creating Bucket: volume92565/bucket39825, with bucket layout FILE_SYSTEM_OPTIMIZED, runner as owner, Versioning false, Storage Type set to DISK and Encryption set to false 
2022-08-20 07:52:04,626 [OM StateMachine ApplyTransaction Thread - 0] INFO  bucket.OMBucketCreateRequest (OMBucketCreateRequest.java:validateAndUpdateCache(260)) - created bucket: bucket39825 of layout FILE_SYSTEM_OPTIMIZED in volume: volume92565
2022-08-20 07:52:08,858 [79881640-4786-45f7-aed0-9e856ede138a@group-7E3172ADB9F5-FollowerState] INFO  impl.FollowerState (FollowerState.java:run(143)) - 79881640-4786-45f7-aed0-9e856ede138a@group-7E3172ADB9F5-FollowerState: change to CANDIDATE, lastRpcElapsedTime:5067284172ns, electionTimeout:5060ms
2022-08-20 07:52:08,859 [79881640-4786-45f7-aed0-9e856ede138a@group-7E3172ADB9F5-FollowerState] INFO  impl.RoleInfo (RoleInfo.java:shutdownFollowerState(110)) - 79881640-4786-45f7-aed0-9e856ede138a: shutdown 79881640-4786-45f7-aed0-9e856ede138a@group-7E3172ADB9F5-FollowerState
2022-08-20 07:52:08,859 [79881640-4786-45f7-aed0-9e856ede138a@group-7E3172ADB9F5-FollowerState] INFO  server.RaftServer$Division (RaftServerImpl.java:setRole(299)) - 79881640-4786-45f7-aed0-9e856ede138a@group-7E3172ADB9F5: changes role from  FOLLOWER to CANDIDATE at term 4 for changeToCandidate
2022-08-20 07:52:08,859 [79881640-4786-45f7-aed0-9e856ede138a@group-7E3172ADB9F5-FollowerState] INFO  server.RaftServerConfigKeys (ConfUtils.java:logGet(46)) - raft.server.leaderelection.pre-vote = false (custom)
2022-08-20 07:52:08,859 [79881640-4786-45f7-aed0-9e856ede138a@group-7E3172ADB9F5-FollowerState] INFO  impl.RoleInfo (RoleInfo.java:updateAndGet(139)) - 79881640-4786-45f7-aed0-9e856ede138a: start 79881640-4786-45f7-aed0-9e856ede138a@group-7E3172ADB9F5-LeaderElection14
2022-08-20 07:52:08,865 [79881640-4786-45f7-aed0-9e856ede138a@group-7E3172ADB9F5-LeaderElection14] INFO  impl.LeaderElection (LeaderElection.java:askForVotes(310)) - 79881640-4786-45f7-aed0-9e856ede138a@group-7E3172ADB9F5-LeaderElection14 ELECTION round 0: submit vote requests at term 5 for -1: [cfb127e1-4a9c-4c86-92d2-3c8cc92f4642|rpc:10.1.0.10:40853|priority:0, 79881640-4786-45f7-aed0-9e856ede138a|rpc:10.1.0.10:45433|priority:1, be90e73c-a484-4b65-88cf-121e201739e2|rpc:10.1.0.10:33179|priority:0], old=null
2022-08-20 07:52:08,871 [grpc-default-executor-0] INFO  server.RaftServer$Division (RaftServerImpl.java:requestVote(1152)) - cfb127e1-4a9c-4c86-92d2-3c8cc92f4642@group-7E3172ADB9F5: receive requestVote(ELECTION, 79881640-4786-45f7-aed0-9e856ede138a, group-7E3172ADB9F5, 5, (t:0, i:0))
2022-08-20 07:52:08,872 [grpc-default-executor-0] INFO  impl.VoteContext (VoteContext.java:log(48)) - cfb127e1-4a9c-4c86-92d2-3c8cc92f4642@group-7E3172ADB9F5-FOLLOWER: accept ELECTION from 79881640-4786-45f7-aed0-9e856ede138a: our priority 0 <= candidate's priority 1
2022-08-20 07:52:08,872 [grpc-default-executor-0] INFO  server.RaftServer$Division (RaftServerImpl.java:setRole(299)) - cfb127e1-4a9c-4c86-92d2-3c8cc92f4642@group-7E3172ADB9F5: changes role from  FOLLOWER to FOLLOWER at term 5 for candidate:79881640-4786-45f7-aed0-9e856ede138a
2022-08-20 07:52:08,872 [grpc-default-executor-0] INFO  impl.RoleInfo (RoleInfo.java:shutdownFollowerState(110)) - cfb127e1-4a9c-4c86-92d2-3c8cc92f4642: shutdown cfb127e1-4a9c-4c86-92d2-3c8cc92f4642@group-7E3172ADB9F5-FollowerState
2022-08-20 07:52:08,872 [grpc-default-executor-0] INFO  impl.RoleInfo (RoleInfo.java:updateAndGet(139)) - cfb127e1-4a9c-4c86-92d2-3c8cc92f4642: start cfb127e1-4a9c-4c86-92d2-3c8cc92f4642@group-7E3172ADB9F5-FollowerState
2022-08-20 07:52:08,872 [cfb127e1-4a9c-4c86-92d2-3c8cc92f4642@group-7E3172ADB9F5-FollowerState] INFO  impl.FollowerState (FollowerState.java:run(152)) - cfb127e1-4a9c-4c86-92d2-3c8cc92f4642@group-7E3172ADB9F5-FollowerState was interrupted
2022-08-20 07:52:08,886 [grpc-default-executor-2] INFO  server.RaftServer$Division (RaftServerImpl.java:requestVote(1152)) - be90e73c-a484-4b65-88cf-121e201739e2@group-7E3172ADB9F5: receive requestVote(ELECTION, 79881640-4786-45f7-aed0-9e856ede138a, group-7E3172ADB9F5, 5, (t:0, i:0))
2022-08-20 07:52:08,887 [grpc-default-executor-2] INFO  impl.VoteContext (VoteContext.java:log(48)) - be90e73c-a484-4b65-88cf-121e201739e2@group-7E3172ADB9F5-FOLLOWER: accept ELECTION from 79881640-4786-45f7-aed0-9e856ede138a: our priority 0 <= candidate's priority 1
2022-08-20 07:52:08,887 [grpc-default-executor-2] INFO  server.RaftServer$Division (RaftServerImpl.java:setRole(299)) - be90e73c-a484-4b65-88cf-121e201739e2@group-7E3172ADB9F5: changes role from  FOLLOWER to FOLLOWER at term 5 for candidate:79881640-4786-45f7-aed0-9e856ede138a
2022-08-20 07:52:08,887 [grpc-default-executor-2] INFO  impl.RoleInfo (RoleInfo.java:shutdownFollowerState(110)) - be90e73c-a484-4b65-88cf-121e201739e2: shutdown be90e73c-a484-4b65-88cf-121e201739e2@group-7E3172ADB9F5-FollowerState
2022-08-20 07:52:08,887 [grpc-default-executor-2] INFO  impl.RoleInfo (RoleInfo.java:updateAndGet(139)) - be90e73c-a484-4b65-88cf-121e201739e2: start be90e73c-a484-4b65-88cf-121e201739e2@group-7E3172ADB9F5-FollowerState
2022-08-20 07:52:08,887 [be90e73c-a484-4b65-88cf-121e201739e2@group-7E3172ADB9F5-FollowerState] INFO  impl.FollowerState (FollowerState.java:run(152)) - be90e73c-a484-4b65-88cf-121e201739e2@group-7E3172ADB9F5-FollowerState was interrupted
2022-08-20 07:52:08,890 [grpc-default-executor-0] INFO  server.RaftServer$Division (RaftServerImpl.java:requestVote(1184)) - cfb127e1-4a9c-4c86-92d2-3c8cc92f4642@group-7E3172ADB9F5 replies to ELECTION vote request: 79881640-4786-45f7-aed0-9e856ede138a<-cfb127e1-4a9c-4c86-92d2-3c8cc92f4642#0:OK-t5. Peer's state: cfb127e1-4a9c-4c86-92d2-3c8cc92f4642@group-7E3172ADB9F5:t5, leader=null, voted=79881640-4786-45f7-aed0-9e856ede138a, raftlog=cfb127e1-4a9c-4c86-92d2-3c8cc92f4642@group-7E3172ADB9F5-SegmentedRaftLog:OPENED:c-1, conf=-1: [cfb127e1-4a9c-4c86-92d2-3c8cc92f4642|rpc:10.1.0.10:40853|dataStream:|priority:0, 79881640-4786-45f7-aed0-9e856ede138a|rpc:10.1.0.10:45433|dataStream:|priority:1, be90e73c-a484-4b65-88cf-121e201739e2|rpc:10.1.0.10:33179|dataStream:|priority:0], old=null
2022-08-20 07:52:08,894 [grpc-default-executor-2] INFO  server.RaftServer$Division (RaftServerImpl.java:requestVote(1184)) - be90e73c-a484-4b65-88cf-121e201739e2@group-7E3172ADB9F5 replies to ELECTION vote request: 79881640-4786-45f7-aed0-9e856ede138a<-be90e73c-a484-4b65-88cf-121e201739e2#0:OK-t5. Peer's state: be90e73c-a484-4b65-88cf-121e201739e2@group-7E3172ADB9F5:t5, leader=null, voted=79881640-4786-45f7-aed0-9e856ede138a, raftlog=be90e73c-a484-4b65-88cf-121e201739e2@group-7E3172ADB9F5-SegmentedRaftLog:OPENED:c-1, conf=-1: [cfb127e1-4a9c-4c86-92d2-3c8cc92f4642|rpc:10.1.0.10:40853|priority:0, 79881640-4786-45f7-aed0-9e856ede138a|rpc:10.1.0.10:45433|priority:1, be90e73c-a484-4b65-88cf-121e201739e2|rpc:10.1.0.10:33179|priority:0], old=null
2022-08-20 07:52:08,896 [79881640-4786-45f7-aed0-9e856ede138a@group-7E3172ADB9F5-LeaderElection14] INFO  impl.LeaderElection (LeaderElection.java:logAndReturn(90)) - 79881640-4786-45f7-aed0-9e856ede138a@group-7E3172ADB9F5-LeaderElection14: ELECTION PASSED received 1 response(s) and 0 exception(s):
2022-08-20 07:52:08,896 [79881640-4786-45f7-aed0-9e856ede138a@group-7E3172ADB9F5-LeaderElection14] INFO  impl.LeaderElection (LeaderElection.java:logAndReturn(94)) -   Response 0: 79881640-4786-45f7-aed0-9e856ede138a<-cfb127e1-4a9c-4c86-92d2-3c8cc92f4642#0:OK-t5
2022-08-20 07:52:08,896 [79881640-4786-45f7-aed0-9e856ede138a@group-7E3172ADB9F5-LeaderElection14] INFO  impl.LeaderElection (LeaderElection.java:askForVotes(312)) - 79881640-4786-45f7-aed0-9e856ede138a@group-7E3172ADB9F5-LeaderElection14 ELECTION round 0: result PASSED
2022-08-20 07:52:08,896 [79881640-4786-45f7-aed0-9e856ede138a@group-7E3172ADB9F5-LeaderElection14] INFO  impl.RoleInfo (RoleInfo.java:shutdownLeaderElection(130)) - 79881640-4786-45f7-aed0-9e856ede138a: shutdown 79881640-4786-45f7-aed0-9e856ede138a@group-7E3172ADB9F5-LeaderElection14
2022-08-20 07:52:08,896 [79881640-4786-45f7-aed0-9e856ede138a@group-7E3172ADB9F5-LeaderElection14] INFO  server.RaftServer$Division (RaftServerImpl.java:setRole(299)) - 79881640-4786-45f7-aed0-9e856ede138a@group-7E3172ADB9F5: changes role from CANDIDATE to LEADER at term 5 for changeToLeader
2022-08-20 07:52:08,896 [79881640-4786-45f7-aed0-9e856ede138a@group-7E3172ADB9F5-LeaderElection14] INFO  ratis.XceiverServerRatis (XceiverServerRatis.java:handleLeaderChangedNotification(863)) - Leader change notification received for group: group-7E3172ADB9F5 with new leaderId: 79881640-4786-45f7-aed0-9e856ede138a
2022-08-20 07:52:08,896 [79881640-4786-45f7-aed0-9e856ede138a@group-7E3172ADB9F5-LeaderElection14] INFO  server.RaftServer$Division (ServerState.java:setLeader(287)) - 79881640-4786-45f7-aed0-9e856ede138a@group-7E3172ADB9F5: change Leader from null to 79881640-4786-45f7-aed0-9e856ede138a at term 5 for becomeLeader, leader elected after 25161ms
2022-08-20 07:52:08,896 [79881640-4786-45f7-aed0-9e856ede138a@group-7E3172ADB9F5-LeaderElection14] INFO  server.RaftServerConfigKeys (ConfUtils.java:logGet(46)) - raft.server.staging.catchup.gap = 1000 (default)
2022-08-20 07:52:08,897 [79881640-4786-45f7-aed0-9e856ede138a@group-7E3172ADB9F5-LeaderElection14] INFO  server.RaftServerConfigKeys (ConfUtils.java:logGet(46)) - raft.server.write.element-limit = 1024 (custom)
2022-08-20 07:52:08,897 [79881640-4786-45f7-aed0-9e856ede138a@group-7E3172ADB9F5-LeaderElection14] INFO  server.RaftServerConfigKeys (ConfUtils.java:logGet(46)) - raft.server.write.byte-limit = 1024 M (=1073741824) (custom)
2022-08-20 07:52:08,897 [79881640-4786-45f7-aed0-9e856ede138a@group-7E3172ADB9F5-LeaderElection14] INFO  server.RaftServerConfigKeys (ConfUtils.java:logGet(46)) - raft.server.watch.timeout = 180s (custom)
2022-08-20 07:52:08,897 [79881640-4786-45f7-aed0-9e856ede138a@group-7E3172ADB9F5-LeaderElection14] INFO  server.RaftServerConfigKeys (ConfUtils.java:logGet(46)) - raft.server.watch.timeout.denomination = 1s (default)
2022-08-20 07:52:08,897 [79881640-4786-45f7-aed0-9e856ede138a@group-7E3172ADB9F5-LeaderElection14] INFO  server.RaftServerConfigKeys (ConfUtils.java:logGet(46)) - raft.server.watch.element-limit = 65536 (default)
2022-08-20 07:52:08,897 [79881640-4786-45f7-aed0-9e856ede138a@group-7E3172ADB9F5-LeaderElection14] INFO  server.RaftServerConfigKeys (ConfUtils.java:logGet(46)) - raft.server.write.element-limit = 1024 (custom)
2022-08-20 07:52:08,897 [79881640-4786-45f7-aed0-9e856ede138a@group-7E3172ADB9F5-LeaderElection14] INFO  server.RaftServerConfigKeys (ConfUtils.java:logGet(46)) - raft.server.write.follower.gap.ratio.max = -1.0 (default)
2022-08-20 07:52:08,898 [79881640-4786-45f7-aed0-9e856ede138a@group-7E3172ADB9F5-LeaderElection14] INFO  server.RaftServerConfigKeys (ConfUtils.java:logGet(46)) - raft.server.log.appender.snapshot.chunk.size.max = 16MB (=16777216) (default)
2022-08-20 07:52:08,898 [79881640-4786-45f7-aed0-9e856ede138a@group-7E3172ADB9F5-LeaderElection14] INFO  server.RaftServerConfigKeys (ConfUtils.java:logGet(46)) - raft.server.log.appender.buffer.byte-limit = 33554432 (custom)
2022-08-20 07:52:08,901 [79881640-4786-45f7-aed0-9e856ede138a@group-7E3172ADB9F5-LeaderElection14] INFO  server.RaftServerConfigKeys (ConfUtils.java:logGet(46)) - raft.server.log.appender.buffer.element-limit = 1 (custom)
2022-08-20 07:52:08,900 [EventQueue-PipelineReportForPipelineReportHandler] INFO  pipeline.PipelineManagerImpl (PipelineManagerImpl.java:openPipeline(367)) - Pipeline Pipeline[ Id: 6728a686-476a-43ce-82a2-7e3172adb9f5, Nodes: be90e73c-a484-4b65-88cf-121e201739e2{ip: 10.1.0.10, host: fv-az58-577.v01ewlpc0lrezph5nvg1m2rhcd.cx.internal.cloudapp.net, ports: [REPLICATION=45537, RATIS=33179, RATIS_ADMIN=33179, RATIS_SERVER=33179, STANDALONE=41129], networkLocation: /default-rack, certSerialId: null, persistedOpState: IN_SERVICE, persistedOpStateExpiryEpochSec: 0}79881640-4786-45f7-aed0-9e856ede138a{ip: 10.1.0.10, host: fv-az58-577.v01ewlpc0lrezph5nvg1m2rhcd.cx.internal.cloudapp.net, ports: [REPLICATION=34717, RATIS=45433, RATIS_ADMIN=45433, RATIS_SERVER=45433, STANDALONE=42695], networkLocation: /default-rack, certSerialId: null, persistedOpState: IN_SERVICE, persistedOpStateExpiryEpochSec: 0}cfb127e1-4a9c-4c86-92d2-3c8cc92f4642{ip: 10.1.0.10, host: fv-az58-577.v01ewlpc0lrezph5nvg1m2rhcd.cx.internal.cloudapp.net, ports: [REPLICATION=40955, RATIS=40853, RATIS_ADMIN=40853, RATIS_SERVER=40853, STANDALONE=45575], networkLocation: /default-rack, certSerialId: null, persistedOpState: IN_SERVICE, persistedOpStateExpiryEpochSec: 0}, ReplicationConfig: RATIS/THREE, State:ALLOCATED, leaderId:79881640-4786-45f7-aed0-9e856ede138a, CreationTimestamp2022-08-20T07:51:41.007Z[Etc/UTC]] moved to OPEN state
2022-08-20 07:52:08,901 [79881640-4786-45f7-aed0-9e856ede138a@group-7E3172ADB9F5-LeaderElection14] INFO  grpc.GrpcConfigKeys (ConfUtils.java:logGet(46)) - raft.grpc.server.leader.outstanding.appends.max = 128 (default)
2022-08-20 07:52:08,904 [79881640-4786-45f7-aed0-9e856ede138a@group-7E3172ADB9F5-LeaderElection14] INFO  server.RaftServerConfigKeys (ConfUtils.java:logGet(46)) - raft.server.rpc.request.timeout = 60s (custom)
2022-08-20 07:52:08,904 [79881640-4786-45f7-aed0-9e856ede138a@group-7E3172ADB9F5-LeaderElection14] INFO  server.RaftServerConfigKeys (ConfUtils.java:logGet(46)) - raft.server.log.appender.install.snapshot.enabled = false (custom)
2022-08-20 07:52:08,904 [79881640-4786-45f7-aed0-9e856ede138a@group-7E3172ADB9F5-LeaderElection14] INFO  server.RaftServerConfigKeys (ConfUtils.java:logGet(46)) - raft.server.log.appender.snapshot.chunk.size.max = 16MB (=16777216) (default)
2022-08-20 07:52:08,904 [79881640-4786-45f7-aed0-9e856ede138a@group-7E3172ADB9F5-LeaderElection14] INFO  server.RaftServerConfigKeys (ConfUtils.java:logGet(46)) - raft.server.log.appender.buffer.byte-limit = 33554432 (custom)
2022-08-20 07:52:08,905 [79881640-4786-45f7-aed0-9e856ede138a@group-7E3172ADB9F5-LeaderElection14] INFO  server.RaftServerConfigKeys (ConfUtils.java:logGet(46)) - raft.server.log.appender.buffer.element-limit = 1 (custom)
2022-08-20 07:52:08,905 [79881640-4786-45f7-aed0-9e856ede138a@group-7E3172ADB9F5-LeaderElection14] INFO  grpc.GrpcConfigKeys (ConfUtils.java:logGet(46)) - raft.grpc.server.leader.outstanding.appends.max = 128 (default)
2022-08-20 07:52:08,905 [79881640-4786-45f7-aed0-9e856ede138a@group-7E3172ADB9F5-LeaderElection14] INFO  server.RaftServerConfigKeys (ConfUtils.java:logGet(46)) - raft.server.rpc.request.timeout = 60s (custom)
2022-08-20 07:52:08,905 [79881640-4786-45f7-aed0-9e856ede138a@group-7E3172ADB9F5-LeaderElection14] INFO  server.RaftServerConfigKeys (ConfUtils.java:logGet(46)) - raft.server.log.appender.install.snapshot.enabled = false (custom)
2022-08-20 07:52:08,905 [79881640-4786-45f7-aed0-9e856ede138a@group-7E3172ADB9F5-LeaderElection14] INFO  impl.RoleInfo (RoleInfo.java:updateAndGet(139)) - 79881640-4786-45f7-aed0-9e856ede138a: start 79881640-4786-45f7-aed0-9e856ede138a@group-7E3172ADB9F5-LeaderStateImpl
2022-08-20 07:52:08,905 [79881640-4786-45f7-aed0-9e856ede138a@group-7E3172ADB9F5-LeaderElection14] INFO  segmented.SegmentedRaftLogWorker (SegmentedRaftLogWorker.java:startLogSegment(425)) - 79881640-4786-45f7-aed0-9e856ede138a@group-7E3172ADB9F5-SegmentedRaftLogWorker: Starting segment from index:0
2022-08-20 07:52:08,908 [79881640-4786-45f7-aed0-9e856ede138a@group-7E3172ADB9F5-SegmentedRaftLogWorker] INFO  segmented.SegmentedRaftLogWorker (SegmentedRaftLogWorker.java:execute(629)) - 79881640-4786-45f7-aed0-9e856ede138a@group-7E3172ADB9F5-SegmentedRaftLogWorker: created new log segment /home/runner/work/ozone/ozone/hadoop-ozone/integration-test/target/test-dir/MiniOzoneClusterImpl-7272e4b8-7574-4f4a-a19b-420921f06a31/datanode-1/data/ratis/6728a686-476a-43ce-82a2-7e3172adb9f5/current/log_inprogress_0
2022-08-20 07:52:08,917 [79881640-4786-45f7-aed0-9e856ede138a@group-7E3172ADB9F5-LeaderElection14] INFO  server.RaftServer$Division (ServerState.java:setRaftConf(393)) - 79881640-4786-45f7-aed0-9e856ede138a@group-7E3172ADB9F5: set configuration 0: [cfb127e1-4a9c-4c86-92d2-3c8cc92f4642|rpc:10.1.0.10:40853|dataStream:|priority:0, 79881640-4786-45f7-aed0-9e856ede138a|rpc:10.1.0.10:45433|dataStream:|priority:1, be90e73c-a484-4b65-88cf-121e201739e2|rpc:10.1.0.10:33179|dataStream:|priority:0], old=null
2022-08-20 07:52:08,927 [cfb127e1-4a9c-4c86-92d2-3c8cc92f4642-server-thread1] INFO  ratis.XceiverServerRatis (XceiverServerRatis.java:handleLeaderChangedNotification(863)) - Leader change notification received for group: group-7E3172ADB9F5 with new leaderId: 79881640-4786-45f7-aed0-9e856ede138a
2022-08-20 07:52:08,927 [cfb127e1-4a9c-4c86-92d2-3c8cc92f4642-server-thread1] INFO  server.RaftServer$Division (ServerState.java:setLeader(287)) - cfb127e1-4a9c-4c86-92d2-3c8cc92f4642@group-7E3172ADB9F5: change Leader from null to 79881640-4786-45f7-aed0-9e856ede138a at term 5 for appendEntries, leader elected after 25004ms
2022-08-20 07:52:08,928 [be90e73c-a484-4b65-88cf-121e201739e2-server-thread1] INFO  ratis.XceiverServerRatis (XceiverServerRatis.java:handleLeaderChangedNotification(863)) - Leader change notification received for group: group-7E3172ADB9F5 with new leaderId: 79881640-4786-45f7-aed0-9e856ede138a
2022-08-20 07:52:08,938 [be90e73c-a484-4b65-88cf-121e201739e2-server-thread1] INFO  server.RaftServer$Division (ServerState.java:setLeader(287)) - be90e73c-a484-4b65-88cf-121e201739e2@group-7E3172ADB9F5: change Leader from null to 79881640-4786-45f7-aed0-9e856ede138a at term 5 for appendEntries, leader elected after 25663ms
2022-08-20 07:52:08,939 [cfb127e1-4a9c-4c86-92d2-3c8cc92f4642-server-thread1] INFO  server.RaftServer$Division (ServerState.java:setRaftConf(393)) - cfb127e1-4a9c-4c86-92d2-3c8cc92f4642@group-7E3172ADB9F5: set configuration 0: [cfb127e1-4a9c-4c86-92d2-3c8cc92f4642|rpc:10.1.0.10:40853|dataStream:|priority:0, 79881640-4786-45f7-aed0-9e856ede138a|rpc:10.1.0.10:45433|dataStream:|priority:1, be90e73c-a484-4b65-88cf-121e201739e2|rpc:10.1.0.10:33179|dataStream:|priority:0], old=null
2022-08-20 07:52:08,939 [cfb127e1-4a9c-4c86-92d2-3c8cc92f4642-server-thread1] INFO  segmented.SegmentedRaftLogWorker (SegmentedRaftLogWorker.java:startLogSegment(425)) - cfb127e1-4a9c-4c86-92d2-3c8cc92f4642@group-7E3172ADB9F5-SegmentedRaftLogWorker: Starting segment from index:0
2022-08-20 07:52:08,947 [be90e73c-a484-4b65-88cf-121e201739e2-server-thread1] INFO  server.RaftServer$Division (ServerState.java:setRaftConf(393)) - be90e73c-a484-4b65-88cf-121e201739e2@group-7E3172ADB9F5: set configuration 0: [cfb127e1-4a9c-4c86-92d2-3c8cc92f4642|rpc:10.1.0.10:40853|dataStream:|priority:0, 79881640-4786-45f7-aed0-9e856ede138a|rpc:10.1.0.10:45433|dataStream:|priority:1, be90e73c-a484-4b65-88cf-121e201739e2|rpc:10.1.0.10:33179|dataStream:|priority:0], old=null
2022-08-20 07:52:08,947 [be90e73c-a484-4b65-88cf-121e201739e2-server-thread1] INFO  segmented.SegmentedRaftLogWorker (SegmentedRaftLogWorker.java:startLogSegment(425)) - be90e73c-a484-4b65-88cf-121e201739e2@group-7E3172ADB9F5-SegmentedRaftLogWorker: Starting segment from index:0
2022-08-20 07:52:08,948 [cfb127e1-4a9c-4c86-92d2-3c8cc92f4642@group-7E3172ADB9F5-SegmentedRaftLogWorker] INFO  segmented.SegmentedRaftLogWorker (SegmentedRaftLogWorker.java:execute(629)) - cfb127e1-4a9c-4c86-92d2-3c8cc92f4642@group-7E3172ADB9F5-SegmentedRaftLogWorker: created new log segment /home/runner/work/ozone/ozone/hadoop-ozone/integration-test/target/test-dir/MiniOzoneClusterImpl-7272e4b8-7574-4f4a-a19b-420921f06a31/datanode-2/data/ratis/6728a686-476a-43ce-82a2-7e3172adb9f5/current/log_inprogress_0
2022-08-20 07:52:08,949 [be90e73c-a484-4b65-88cf-121e201739e2@group-7E3172ADB9F5-SegmentedRaftLogWorker] INFO  segmented.SegmentedRaftLogWorker (SegmentedRaftLogWorker.java:execute(629)) - be90e73c-a484-4b65-88cf-121e201739e2@group-7E3172ADB9F5-SegmentedRaftLogWorker: created new log segment /home/runner/work/ozone/ozone/hadoop-ozone/integration-test/target/test-dir/MiniOzoneClusterImpl-7272e4b8-7574-4f4a-a19b-420921f06a31/datanode-0/data/ratis/6728a686-476a-43ce-82a2-7e3172adb9f5/current/log_inprogress_0
]]></system-out>
  </testcase>
  <testcase name="testListStatusOnLargeDirectory" classname="TestRootedOzoneFileSystemWithFSO" time="5.072">
    <system-out><![CDATA[2022-08-20 07:53:15,688 [Time-limited test] INFO  rpc.RpcClient (RpcClient.java:createVolume(471)) - Creating Volume: volume50603, with user46830 as owner and space quota set to -1 bytes, counts quota set to -1
2022-08-20 07:53:15,689 [IPC Server handler 6 on default port 35463] INFO  volume.OMVolumeCreateRequest (OMVolumeCreateRequest.java:validateAndUpdateCache(195)) - created volume:volume50603 for user:user46830
2022-08-20 07:53:15,691 [Time-limited test] INFO  rpc.RpcClient (RpcClient.java:createBucket(674)) - Creating Bucket: volume50603/bucket60144, with bucket layout FILE_SYSTEM_OPTIMIZED, runner as owner, Versioning false, Storage Type set to DISK and Encryption set to false 
2022-08-20 07:53:15,691 [IPC Server handler 9 on default port 35463] INFO  bucket.OMBucketCreateRequest (OMBucketCreateRequest.java:validateAndUpdateCache(260)) - created bucket: bucket60144 of layout FILE_SYSTEM_OPTIMIZED in volume: volume50603
2022-08-20 07:53:19,725 [7d464b4c-0df7-4a5f-b174-b285aa9576d2@group-FDC90BB2F919-FollowerState] INFO  impl.FollowerState (FollowerState.java:run(143)) - 7d464b4c-0df7-4a5f-b174-b285aa9576d2@group-FDC90BB2F919-FollowerState: change to CANDIDATE, lastRpcElapsedTime:5103912111ns, electionTimeout:5067ms
2022-08-20 07:53:19,726 [7d464b4c-0df7-4a5f-b174-b285aa9576d2@group-FDC90BB2F919-FollowerState] INFO  impl.RoleInfo (RoleInfo.java:shutdownFollowerState(110)) - 7d464b4c-0df7-4a5f-b174-b285aa9576d2: shutdown 7d464b4c-0df7-4a5f-b174-b285aa9576d2@group-FDC90BB2F919-FollowerState
2022-08-20 07:53:19,726 [7d464b4c-0df7-4a5f-b174-b285aa9576d2@group-FDC90BB2F919-FollowerState] INFO  server.RaftServer$Division (RaftServerImpl.java:setRole(299)) - 7d464b4c-0df7-4a5f-b174-b285aa9576d2@group-FDC90BB2F919: changes role from  FOLLOWER to CANDIDATE at term 4 for changeToCandidate
2022-08-20 07:53:19,726 [7d464b4c-0df7-4a5f-b174-b285aa9576d2@group-FDC90BB2F919-FollowerState] INFO  server.RaftServerConfigKeys (ConfUtils.java:logGet(46)) - raft.server.leaderelection.pre-vote = false (custom)
2022-08-20 07:53:19,726 [7d464b4c-0df7-4a5f-b174-b285aa9576d2@group-FDC90BB2F919-FollowerState] INFO  impl.RoleInfo (RoleInfo.java:updateAndGet(139)) - 7d464b4c-0df7-4a5f-b174-b285aa9576d2: start 7d464b4c-0df7-4a5f-b174-b285aa9576d2@group-FDC90BB2F919-LeaderElection32
2022-08-20 07:53:19,751 [c9e3b08e-4472-4268-809a-be763a4c0fdf@group-FDC90BB2F919-FollowerState] INFO  impl.FollowerState (FollowerState.java:run(143)) - c9e3b08e-4472-4268-809a-be763a4c0fdf@group-FDC90BB2F919-FollowerState: change to CANDIDATE, lastRpcElapsedTime:5078689000ns, electionTimeout:5040ms
2022-08-20 07:53:19,751 [c9e3b08e-4472-4268-809a-be763a4c0fdf@group-FDC90BB2F919-FollowerState] INFO  impl.RoleInfo (RoleInfo.java:shutdownFollowerState(110)) - c9e3b08e-4472-4268-809a-be763a4c0fdf: shutdown c9e3b08e-4472-4268-809a-be763a4c0fdf@group-FDC90BB2F919-FollowerState
2022-08-20 07:53:19,751 [c9e3b08e-4472-4268-809a-be763a4c0fdf@group-FDC90BB2F919-FollowerState] INFO  server.RaftServer$Division (RaftServerImpl.java:setRole(299)) - c9e3b08e-4472-4268-809a-be763a4c0fdf@group-FDC90BB2F919: changes role from  FOLLOWER to CANDIDATE at term 4 for changeToCandidate
2022-08-20 07:53:19,752 [c9e3b08e-4472-4268-809a-be763a4c0fdf@group-FDC90BB2F919-FollowerState] INFO  server.RaftServerConfigKeys (ConfUtils.java:logGet(46)) - raft.server.leaderelection.pre-vote = false (custom)
2022-08-20 07:53:19,752 [c9e3b08e-4472-4268-809a-be763a4c0fdf@group-FDC90BB2F919-FollowerState] INFO  impl.RoleInfo (RoleInfo.java:updateAndGet(139)) - c9e3b08e-4472-4268-809a-be763a4c0fdf: start c9e3b08e-4472-4268-809a-be763a4c0fdf@group-FDC90BB2F919-LeaderElection33
2022-08-20 07:53:19,754 [7d464b4c-0df7-4a5f-b174-b285aa9576d2@group-FDC90BB2F919-LeaderElection32] INFO  impl.LeaderElection (LeaderElection.java:askForVotes(310)) - 7d464b4c-0df7-4a5f-b174-b285aa9576d2@group-FDC90BB2F919-LeaderElection32 ELECTION round 0: submit vote requests at term 5 for -1: [7d464b4c-0df7-4a5f-b174-b285aa9576d2|rpc:10.1.0.10:43361|dataStream:|priority:1, 9b8f87c8-445f-40fe-97ae-2bc30a04beb5|rpc:10.1.0.10:43397|dataStream:|priority:0, c9e3b08e-4472-4268-809a-be763a4c0fdf|rpc:10.1.0.10:45857|dataStream:|priority:0], old=null
2022-08-20 07:53:19,769 [c9e3b08e-4472-4268-809a-be763a4c0fdf@group-FDC90BB2F919-LeaderElection33] INFO  impl.LeaderElection (LeaderElection.java:askForVotes(310)) - c9e3b08e-4472-4268-809a-be763a4c0fdf@group-FDC90BB2F919-LeaderElection33 ELECTION round 0: submit vote requests at term 5 for -1: [7d464b4c-0df7-4a5f-b174-b285aa9576d2|rpc:10.1.0.10:43361|dataStream:|priority:1, 9b8f87c8-445f-40fe-97ae-2bc30a04beb5|rpc:10.1.0.10:43397|dataStream:|priority:0, c9e3b08e-4472-4268-809a-be763a4c0fdf|rpc:10.1.0.10:45857|dataStream:|priority:0], old=null
2022-08-20 07:53:19,846 [grpc-default-executor-2] INFO  server.RaftServer$Division (RaftServerImpl.java:requestVote(1152)) - 7d464b4c-0df7-4a5f-b174-b285aa9576d2@group-FDC90BB2F919: receive requestVote(ELECTION, c9e3b08e-4472-4268-809a-be763a4c0fdf, group-FDC90BB2F919, 5, (t:0, i:0))
2022-08-20 07:53:19,847 [grpc-default-executor-2] INFO  impl.VoteContext (VoteContext.java:log(48)) - 7d464b4c-0df7-4a5f-b174-b285aa9576d2@group-FDC90BB2F919-CANDIDATE: reject ELECTION from c9e3b08e-4472-4268-809a-be763a4c0fdf: already has voted for 7d464b4c-0df7-4a5f-b174-b285aa9576d2 at current term 5
2022-08-20 07:53:19,847 [grpc-default-executor-2] INFO  server.RaftServer$Division (RaftServerImpl.java:requestVote(1184)) - 7d464b4c-0df7-4a5f-b174-b285aa9576d2@group-FDC90BB2F919 replies to ELECTION vote request: c9e3b08e-4472-4268-809a-be763a4c0fdf<-7d464b4c-0df7-4a5f-b174-b285aa9576d2#0:FAIL-t5. Peer's state: 7d464b4c-0df7-4a5f-b174-b285aa9576d2@group-FDC90BB2F919:t5, leader=null, voted=7d464b4c-0df7-4a5f-b174-b285aa9576d2, raftlog=7d464b4c-0df7-4a5f-b174-b285aa9576d2@group-FDC90BB2F919-SegmentedRaftLog:OPENED:c-1, conf=-1: [7d464b4c-0df7-4a5f-b174-b285aa9576d2|rpc:10.1.0.10:43361|dataStream:|priority:1, 9b8f87c8-445f-40fe-97ae-2bc30a04beb5|rpc:10.1.0.10:43397|dataStream:|priority:0, c9e3b08e-4472-4268-809a-be763a4c0fdf|rpc:10.1.0.10:45857|dataStream:|priority:0], old=null
2022-08-20 07:53:19,847 [grpc-default-executor-3] INFO  server.RaftServer$Division (RaftServerImpl.java:requestVote(1152)) - 9b8f87c8-445f-40fe-97ae-2bc30a04beb5@group-FDC90BB2F919: receive requestVote(ELECTION, c9e3b08e-4472-4268-809a-be763a4c0fdf, group-FDC90BB2F919, 5, (t:0, i:0))
2022-08-20 07:53:19,847 [grpc-default-executor-3] INFO  impl.VoteContext (VoteContext.java:log(48)) - 9b8f87c8-445f-40fe-97ae-2bc30a04beb5@group-FDC90BB2F919-FOLLOWER: accept ELECTION from c9e3b08e-4472-4268-809a-be763a4c0fdf: our priority 0 <= candidate's priority 0
2022-08-20 07:53:19,847 [grpc-default-executor-3] INFO  server.RaftServer$Division (RaftServerImpl.java:setRole(299)) - 9b8f87c8-445f-40fe-97ae-2bc30a04beb5@group-FDC90BB2F919: changes role from  FOLLOWER to FOLLOWER at term 5 for candidate:c9e3b08e-4472-4268-809a-be763a4c0fdf
2022-08-20 07:53:19,847 [grpc-default-executor-3] INFO  impl.RoleInfo (RoleInfo.java:shutdownFollowerState(110)) - 9b8f87c8-445f-40fe-97ae-2bc30a04beb5: shutdown 9b8f87c8-445f-40fe-97ae-2bc30a04beb5@group-FDC90BB2F919-FollowerState
2022-08-20 07:53:19,847 [grpc-default-executor-3] INFO  impl.RoleInfo (RoleInfo.java:updateAndGet(139)) - 9b8f87c8-445f-40fe-97ae-2bc30a04beb5: start 9b8f87c8-445f-40fe-97ae-2bc30a04beb5@group-FDC90BB2F919-FollowerState
2022-08-20 07:53:19,848 [grpc-default-executor-0] INFO  server.RaftServer$Division (RaftServerImpl.java:requestVote(1152)) - 9b8f87c8-445f-40fe-97ae-2bc30a04beb5@group-FDC90BB2F919: receive requestVote(ELECTION, 7d464b4c-0df7-4a5f-b174-b285aa9576d2, group-FDC90BB2F919, 5, (t:0, i:0))
2022-08-20 07:53:19,848 [9b8f87c8-445f-40fe-97ae-2bc30a04beb5@group-FDC90BB2F919-FollowerState] INFO  impl.FollowerState (FollowerState.java:run(152)) - 9b8f87c8-445f-40fe-97ae-2bc30a04beb5@group-FDC90BB2F919-FollowerState was interrupted
2022-08-20 07:53:19,874 [c9e3b08e-4472-4268-809a-be763a4c0fdf@group-FDC90BB2F919-LeaderElection33] INFO  impl.LeaderElection (LeaderElection.java:logAndReturn(90)) - c9e3b08e-4472-4268-809a-be763a4c0fdf@group-FDC90BB2F919-LeaderElection33: ELECTION REJECTED received 1 response(s) and 0 exception(s):
2022-08-20 07:53:19,874 [c9e3b08e-4472-4268-809a-be763a4c0fdf@group-FDC90BB2F919-LeaderElection33] INFO  impl.LeaderElection (LeaderElection.java:logAndReturn(94)) -   Response 0: c9e3b08e-4472-4268-809a-be763a4c0fdf<-7d464b4c-0df7-4a5f-b174-b285aa9576d2#0:FAIL-t5
2022-08-20 07:53:19,874 [c9e3b08e-4472-4268-809a-be763a4c0fdf@group-FDC90BB2F919-LeaderElection33] INFO  impl.LeaderElection (LeaderElection.java:askForVotes(312)) - c9e3b08e-4472-4268-809a-be763a4c0fdf@group-FDC90BB2F919-LeaderElection33 ELECTION round 0: result REJECTED
2022-08-20 07:53:19,874 [c9e3b08e-4472-4268-809a-be763a4c0fdf@group-FDC90BB2F919-LeaderElection33] INFO  server.RaftServer$Division (RaftServerImpl.java:setRole(299)) - c9e3b08e-4472-4268-809a-be763a4c0fdf@group-FDC90BB2F919: changes role from CANDIDATE to FOLLOWER at term 5 for REJECTED
2022-08-20 07:53:19,874 [c9e3b08e-4472-4268-809a-be763a4c0fdf@group-FDC90BB2F919-LeaderElection33] INFO  impl.RoleInfo (RoleInfo.java:shutdownLeaderElection(130)) - c9e3b08e-4472-4268-809a-be763a4c0fdf: shutdown c9e3b08e-4472-4268-809a-be763a4c0fdf@group-FDC90BB2F919-LeaderElection33
2022-08-20 07:53:19,874 [c9e3b08e-4472-4268-809a-be763a4c0fdf@group-FDC90BB2F919-LeaderElection33] INFO  impl.RoleInfo (RoleInfo.java:updateAndGet(139)) - c9e3b08e-4472-4268-809a-be763a4c0fdf: start c9e3b08e-4472-4268-809a-be763a4c0fdf@group-FDC90BB2F919-FollowerState
2022-08-20 07:53:19,874 [grpc-default-executor-1] INFO  server.RaftServer$Division (RaftServerImpl.java:requestVote(1152)) - c9e3b08e-4472-4268-809a-be763a4c0fdf@group-FDC90BB2F919: receive requestVote(ELECTION, 7d464b4c-0df7-4a5f-b174-b285aa9576d2, group-FDC90BB2F919, 5, (t:0, i:0))
2022-08-20 07:53:19,880 [grpc-default-executor-1] INFO  impl.VoteContext (VoteContext.java:log(48)) - c9e3b08e-4472-4268-809a-be763a4c0fdf@group-FDC90BB2F919-FOLLOWER: reject ELECTION from 7d464b4c-0df7-4a5f-b174-b285aa9576d2: already has voted for c9e3b08e-4472-4268-809a-be763a4c0fdf at current term 5
2022-08-20 07:53:19,880 [grpc-default-executor-1] INFO  server.RaftServer$Division (RaftServerImpl.java:requestVote(1184)) - c9e3b08e-4472-4268-809a-be763a4c0fdf@group-FDC90BB2F919 replies to ELECTION vote request: 7d464b4c-0df7-4a5f-b174-b285aa9576d2<-c9e3b08e-4472-4268-809a-be763a4c0fdf#0:FAIL-t5. Peer's state: c9e3b08e-4472-4268-809a-be763a4c0fdf@group-FDC90BB2F919:t5, leader=null, voted=c9e3b08e-4472-4268-809a-be763a4c0fdf, raftlog=c9e3b08e-4472-4268-809a-be763a4c0fdf@group-FDC90BB2F919-SegmentedRaftLog:OPENED:c-1, conf=-1: [7d464b4c-0df7-4a5f-b174-b285aa9576d2|rpc:10.1.0.10:43361|dataStream:|priority:1, 9b8f87c8-445f-40fe-97ae-2bc30a04beb5|rpc:10.1.0.10:43397|dataStream:|priority:0, c9e3b08e-4472-4268-809a-be763a4c0fdf|rpc:10.1.0.10:45857|dataStream:|priority:0], old=null
2022-08-20 07:53:19,889 [grpc-default-executor-3] INFO  server.RaftServer$Division (RaftServerImpl.java:requestVote(1184)) - 9b8f87c8-445f-40fe-97ae-2bc30a04beb5@group-FDC90BB2F919 replies to ELECTION vote request: c9e3b08e-4472-4268-809a-be763a4c0fdf<-9b8f87c8-445f-40fe-97ae-2bc30a04beb5#0:OK-t5. Peer's state: 9b8f87c8-445f-40fe-97ae-2bc30a04beb5@group-FDC90BB2F919:t5, leader=null, voted=c9e3b08e-4472-4268-809a-be763a4c0fdf, raftlog=9b8f87c8-445f-40fe-97ae-2bc30a04beb5@group-FDC90BB2F919-SegmentedRaftLog:OPENED:c-1, conf=-1: [7d464b4c-0df7-4a5f-b174-b285aa9576d2|rpc:10.1.0.10:43361|priority:1, 9b8f87c8-445f-40fe-97ae-2bc30a04beb5|rpc:10.1.0.10:43397|priority:0, c9e3b08e-4472-4268-809a-be763a4c0fdf|rpc:10.1.0.10:45857|priority:0], old=null
2022-08-20 07:53:19,890 [grpc-default-executor-0] INFO  impl.VoteContext (VoteContext.java:log(48)) - 9b8f87c8-445f-40fe-97ae-2bc30a04beb5@group-FDC90BB2F919-FOLLOWER: reject ELECTION from 7d464b4c-0df7-4a5f-b174-b285aa9576d2: already has voted for c9e3b08e-4472-4268-809a-be763a4c0fdf at current term 5
2022-08-20 07:53:19,890 [grpc-default-executor-0] INFO  server.RaftServer$Division (RaftServerImpl.java:requestVote(1184)) - 9b8f87c8-445f-40fe-97ae-2bc30a04beb5@group-FDC90BB2F919 replies to ELECTION vote request: 7d464b4c-0df7-4a5f-b174-b285aa9576d2<-9b8f87c8-445f-40fe-97ae-2bc30a04beb5#0:FAIL-t5. Peer's state: 9b8f87c8-445f-40fe-97ae-2bc30a04beb5@group-FDC90BB2F919:t5, leader=null, voted=c9e3b08e-4472-4268-809a-be763a4c0fdf, raftlog=9b8f87c8-445f-40fe-97ae-2bc30a04beb5@group-FDC90BB2F919-SegmentedRaftLog:OPENED:c-1, conf=-1: [7d464b4c-0df7-4a5f-b174-b285aa9576d2|rpc:10.1.0.10:43361|priority:1, 9b8f87c8-445f-40fe-97ae-2bc30a04beb5|rpc:10.1.0.10:43397|priority:0, c9e3b08e-4472-4268-809a-be763a4c0fdf|rpc:10.1.0.10:45857|priority:0], old=null
2022-08-20 07:53:19,895 [7d464b4c-0df7-4a5f-b174-b285aa9576d2@group-FDC90BB2F919-LeaderElection32] INFO  impl.LeaderElection (LeaderElection.java:logAndReturn(90)) - 7d464b4c-0df7-4a5f-b174-b285aa9576d2@group-FDC90BB2F919-LeaderElection32: ELECTION REJECTED received 2 response(s) and 0 exception(s):
2022-08-20 07:53:19,895 [7d464b4c-0df7-4a5f-b174-b285aa9576d2@group-FDC90BB2F919-LeaderElection32] INFO  impl.LeaderElection (LeaderElection.java:logAndReturn(94)) -   Response 0: 7d464b4c-0df7-4a5f-b174-b285aa9576d2<-c9e3b08e-4472-4268-809a-be763a4c0fdf#0:FAIL-t5
2022-08-20 07:53:19,895 [7d464b4c-0df7-4a5f-b174-b285aa9576d2@group-FDC90BB2F919-LeaderElection32] INFO  impl.LeaderElection (LeaderElection.java:logAndReturn(94)) -   Response 1: 7d464b4c-0df7-4a5f-b174-b285aa9576d2<-9b8f87c8-445f-40fe-97ae-2bc30a04beb5#0:FAIL-t5
2022-08-20 07:53:19,895 [7d464b4c-0df7-4a5f-b174-b285aa9576d2@group-FDC90BB2F919-LeaderElection32] INFO  impl.LeaderElection (LeaderElection.java:askForVotes(312)) - 7d464b4c-0df7-4a5f-b174-b285aa9576d2@group-FDC90BB2F919-LeaderElection32 ELECTION round 0: result REJECTED
2022-08-20 07:53:19,895 [7d464b4c-0df7-4a5f-b174-b285aa9576d2@group-FDC90BB2F919-LeaderElection32] INFO  server.RaftServer$Division (RaftServerImpl.java:setRole(299)) - 7d464b4c-0df7-4a5f-b174-b285aa9576d2@group-FDC90BB2F919: changes role from CANDIDATE to FOLLOWER at term 5 for REJECTED
2022-08-20 07:53:19,895 [7d464b4c-0df7-4a5f-b174-b285aa9576d2@group-FDC90BB2F919-LeaderElection32] INFO  impl.RoleInfo (RoleInfo.java:shutdownLeaderElection(130)) - 7d464b4c-0df7-4a5f-b174-b285aa9576d2: shutdown 7d464b4c-0df7-4a5f-b174-b285aa9576d2@group-FDC90BB2F919-LeaderElection32
2022-08-20 07:53:19,895 [7d464b4c-0df7-4a5f-b174-b285aa9576d2@group-FDC90BB2F919-LeaderElection32] INFO  impl.RoleInfo (RoleInfo.java:updateAndGet(139)) - 7d464b4c-0df7-4a5f-b174-b285aa9576d2: start 7d464b4c-0df7-4a5f-b174-b285aa9576d2@group-FDC90BB2F919-FollowerState
]]></system-out>
  </testcase>
  <testcase name="testRenameToDifferentBucket" classname="TestRootedOzoneFileSystemWithFSO" time="0.05">
    <system-out><![CDATA[2022-08-20 07:52:11,654 [Time-limited test] INFO  rpc.RpcClient (RpcClient.java:createVolume(471)) - Creating Volume: volume95680, with user11408 as owner and space quota set to -1 bytes, counts quota set to -1
2022-08-20 07:52:11,656 [OM StateMachine ApplyTransaction Thread - 0] INFO  volume.OMVolumeCreateRequest (OMVolumeCreateRequest.java:validateAndUpdateCache(195)) - created volume:volume95680 for user:user11408
2022-08-20 07:52:11,657 [Time-limited test] INFO  rpc.RpcClient (RpcClient.java:createBucket(674)) - Creating Bucket: volume95680/bucket92071, with bucket layout FILE_SYSTEM_OPTIMIZED, runner as owner, Versioning false, Storage Type set to DISK and Encryption set to false 
2022-08-20 07:52:11,659 [OM StateMachine ApplyTransaction Thread - 0] INFO  bucket.OMBucketCreateRequest (OMBucketCreateRequest.java:validateAndUpdateCache(260)) - created bucket: bucket92071 of layout FILE_SYSTEM_OPTIMIZED in volume: volume95680
]]></system-out>
  </testcase>
  <testcase name="testRenameToDifferentBucket" classname="TestRootedOzoneFileSystemWithFSO" time="0.099">
    <system-out><![CDATA[2022-08-20 07:53:20,796 [Time-limited test] INFO  rpc.RpcClient (RpcClient.java:createVolume(471)) - Creating Volume: volume48289, with user79989 as owner and space quota set to -1 bytes, counts quota set to -1
2022-08-20 07:53:20,798 [IPC Server handler 3 on default port 35463] INFO  volume.OMVolumeCreateRequest (OMVolumeCreateRequest.java:validateAndUpdateCache(195)) - created volume:volume48289 for user:user79989
2022-08-20 07:53:20,799 [Time-limited test] INFO  rpc.RpcClient (RpcClient.java:createBucket(674)) - Creating Bucket: volume48289/bucket66997, with bucket layout FILE_SYSTEM_OPTIMIZED, runner as owner, Versioning false, Storage Type set to DISK and Encryption set to false 
2022-08-20 07:53:20,800 [IPC Server handler 6 on default port 35463] INFO  bucket.OMBucketCreateRequest (OMBucketCreateRequest.java:validateAndUpdateCache(260)) - created bucket: bucket66997 of layout FILE_SYSTEM_OPTIMIZED in volume: volume48289
]]></system-out>
  </testcase>
  <testcase name="testBucketDefaultsShouldBeInheritedToFileForEC" classname="TestRootedOzoneFileSystemWithFSO" time="0.615">
    <system-out><![CDATA[2022-08-20 07:52:11,702 [Time-limited test] INFO  rpc.RpcClient (RpcClient.java:createVolume(471)) - Creating Volume: volume48756, with user51946 as owner and space quota set to -1 bytes, counts quota set to -1
2022-08-20 07:52:11,704 [OM StateMachine ApplyTransaction Thread - 0] INFO  volume.OMVolumeCreateRequest (OMVolumeCreateRequest.java:validateAndUpdateCache(195)) - created volume:volume48756 for user:user51946
2022-08-20 07:52:11,707 [Time-limited test] INFO  rpc.RpcClient (RpcClient.java:createBucket(674)) - Creating Bucket: volume48756/bucket65798, with bucket layout FILE_SYSTEM_OPTIMIZED, runner as owner, Versioning false, Storage Type set to DISK and Encryption set to false 
2022-08-20 07:52:11,708 [OM StateMachine ApplyTransaction Thread - 0] INFO  bucket.OMBucketCreateRequest (OMBucketCreateRequest.java:validateAndUpdateCache(260)) - created bucket: bucket65798 of layout FILE_SYSTEM_OPTIMIZED in volume: volume48756
2022-08-20 07:52:11,730 [Time-limited test] INFO  rpc.RpcClient (RpcClient.java:createVolume(471)) - Creating Volume: 35fe9bfe-6992-45f7-86ec-884dae9d8254, with user80970 as owner and space quota set to -1 bytes, counts quota set to -1
2022-08-20 07:52:11,732 [OM StateMachine ApplyTransaction Thread - 0] INFO  volume.OMVolumeCreateRequest (OMVolumeCreateRequest.java:validateAndUpdateCache(195)) - created volume:35fe9bfe-6992-45f7-86ec-884dae9d8254 for user:user80970
2022-08-20 07:52:11,733 [Time-limited test] INFO  rpc.RpcClient (RpcClient.java:createBucket(674)) - Creating Bucket: 35fe9bfe-6992-45f7-86ec-884dae9d8254/f4dd76f6-d792-437e-87b0-3c6e49e3cf2c, with bucket layout LEGACY, runner as owner, Versioning false, Storage Type set to DISK and Encryption set to false 
2022-08-20 07:52:11,738 [OM StateMachine ApplyTransaction Thread - 0] INFO  bucket.OMBucketCreateRequest (OMBucketCreateRequest.java:validateAndUpdateCache(260)) - created bucket: f4dd76f6-d792-437e-87b0-3c6e49e3cf2c of layout LEGACY in volume: 35fe9bfe-6992-45f7-86ec-884dae9d8254
2022-08-20 07:52:11,743 [IPC Server handler 2 on default port 46265] INFO  pipeline.PipelineStateManagerImpl (PipelineStateManagerImpl.java:addPipeline(103)) - Created pipeline Pipeline[ Id: 2583ddfa-47cc-4832-8ad0-a09fb7f6b432, Nodes: 79881640-4786-45f7-aed0-9e856ede138a{ip: 10.1.0.10, host: fv-az58-577.v01ewlpc0lrezph5nvg1m2rhcd.cx.internal.cloudapp.net, ports: [REPLICATION=34717, RATIS=45433, RATIS_ADMIN=45433, RATIS_SERVER=45433, STANDALONE=42695], networkLocation: /default-rack, certSerialId: null, persistedOpState: null, persistedOpStateExpiryEpochSec: 0}cfb127e1-4a9c-4c86-92d2-3c8cc92f4642{ip: 10.1.0.10, host: fv-az58-577.v01ewlpc0lrezph5nvg1m2rhcd.cx.internal.cloudapp.net, ports: [REPLICATION=40955, RATIS=40853, RATIS_ADMIN=40853, RATIS_SERVER=40853, STANDALONE=45575], networkLocation: /default-rack, certSerialId: null, persistedOpState: null, persistedOpStateExpiryEpochSec: 0}3c3acde4-fad3-4bcf-ba50-483a479e7724{ip: 10.1.0.10, host: fv-az58-577.v01ewlpc0lrezph5nvg1m2rhcd.cx.internal.cloudapp.net, ports: [REPLICATION=35335, RATIS=40393, RATIS_ADMIN=40393, RATIS_SERVER=40393, STANDALONE=33245], networkLocation: /default-rack, certSerialId: null, persistedOpState: null, persistedOpStateExpiryEpochSec: 0}ebfdd0d5-7b8a-4a5c-95dc-06ae01bbfd5f{ip: 10.1.0.10, host: fv-az58-577.v01ewlpc0lrezph5nvg1m2rhcd.cx.internal.cloudapp.net, ports: [REPLICATION=45943, RATIS=46391, RATIS_ADMIN=46391, RATIS_SERVER=46391, STANDALONE=34905], networkLocation: /default-rack, certSerialId: null, persistedOpState: null, persistedOpStateExpiryEpochSec: 0}be90e73c-a484-4b65-88cf-121e201739e2{ip: 10.1.0.10, host: fv-az58-577.v01ewlpc0lrezph5nvg1m2rhcd.cx.internal.cloudapp.net, ports: [REPLICATION=45537, RATIS=33179, RATIS_ADMIN=33179, RATIS_SERVER=33179, STANDALONE=41129], networkLocation: /default-rack, certSerialId: null, persistedOpState: null, persistedOpStateExpiryEpochSec: 0}, ReplicationConfig: EC/ECReplicationConfig{data=3, parity=2, ecChunkSize=1024, codec=rs}, State:ALLOCATED, leaderId:, CreationTimestamp2022-08-20T07:52:11.743Z[Etc/UTC]].
2022-08-20 07:52:11,744 [IPC Server handler 2 on default port 46265] INFO  pipeline.PipelineManagerImpl (PipelineManagerImpl.java:openPipeline(367)) - Pipeline Pipeline[ Id: 2583ddfa-47cc-4832-8ad0-a09fb7f6b432, Nodes: 79881640-4786-45f7-aed0-9e856ede138a{ip: 10.1.0.10, host: fv-az58-577.v01ewlpc0lrezph5nvg1m2rhcd.cx.internal.cloudapp.net, ports: [REPLICATION=34717, RATIS=45433, RATIS_ADMIN=45433, RATIS_SERVER=45433, STANDALONE=42695], networkLocation: /default-rack, certSerialId: null, persistedOpState: null, persistedOpStateExpiryEpochSec: 0}cfb127e1-4a9c-4c86-92d2-3c8cc92f4642{ip: 10.1.0.10, host: fv-az58-577.v01ewlpc0lrezph5nvg1m2rhcd.cx.internal.cloudapp.net, ports: [REPLICATION=40955, RATIS=40853, RATIS_ADMIN=40853, RATIS_SERVER=40853, STANDALONE=45575], networkLocation: /default-rack, certSerialId: null, persistedOpState: null, persistedOpStateExpiryEpochSec: 0}3c3acde4-fad3-4bcf-ba50-483a479e7724{ip: 10.1.0.10, host: fv-az58-577.v01ewlpc0lrezph5nvg1m2rhcd.cx.internal.cloudapp.net, ports: [REPLICATION=35335, RATIS=40393, RATIS_ADMIN=40393, RATIS_SERVER=40393, STANDALONE=33245], networkLocation: /default-rack, certSerialId: null, persistedOpState: null, persistedOpStateExpiryEpochSec: 0}ebfdd0d5-7b8a-4a5c-95dc-06ae01bbfd5f{ip: 10.1.0.10, host: fv-az58-577.v01ewlpc0lrezph5nvg1m2rhcd.cx.internal.cloudapp.net, ports: [REPLICATION=45943, RATIS=46391, RATIS_ADMIN=46391, RATIS_SERVER=46391, STANDALONE=34905], networkLocation: /default-rack, certSerialId: null, persistedOpState: null, persistedOpStateExpiryEpochSec: 0}be90e73c-a484-4b65-88cf-121e201739e2{ip: 10.1.0.10, host: fv-az58-577.v01ewlpc0lrezph5nvg1m2rhcd.cx.internal.cloudapp.net, ports: [REPLICATION=45537, RATIS=33179, RATIS_ADMIN=33179, RATIS_SERVER=33179, STANDALONE=41129], networkLocation: /default-rack, certSerialId: null, persistedOpState: null, persistedOpStateExpiryEpochSec: 0}, ReplicationConfig: EC/ECReplicationConfig{data=3, parity=2, ecChunkSize=1024, codec=rs}, State:ALLOCATED, leaderId:, CreationTimestamp2022-08-20T07:52:11.743Z[Etc/UTC]] moved to OPEN state
2022-08-20 07:52:11,792 [Time-limited test] WARN  erasurecode.ErasureCodeNative (ErasureCodeNative.java:<clinit>(55)) - ISA-L support is not available in your platform... using builtin-java codec where applicable
]]></system-out>
  </testcase>
  <testcase name="testBucketDefaultsShouldBeInheritedToFileForEC" classname="TestRootedOzoneFileSystemWithFSO" time="0.648">
    <system-out><![CDATA[2022-08-20 07:53:20,907 [Time-limited test] INFO  rpc.RpcClient (RpcClient.java:createVolume(471)) - Creating Volume: volume44327, with user42223 as owner and space quota set to -1 bytes, counts quota set to -1
2022-08-20 07:53:20,908 [IPC Server handler 2 on default port 35463] INFO  volume.OMVolumeCreateRequest (OMVolumeCreateRequest.java:validateAndUpdateCache(195)) - created volume:volume44327 for user:user42223
2022-08-20 07:53:20,909 [Time-limited test] INFO  rpc.RpcClient (RpcClient.java:createBucket(674)) - Creating Bucket: volume44327/bucket29026, with bucket layout FILE_SYSTEM_OPTIMIZED, runner as owner, Versioning false, Storage Type set to DISK and Encryption set to false 
2022-08-20 07:53:20,910 [IPC Server handler 3 on default port 35463] INFO  bucket.OMBucketCreateRequest (OMBucketCreateRequest.java:validateAndUpdateCache(260)) - created bucket: bucket29026 of layout FILE_SYSTEM_OPTIMIZED in volume: volume44327
2022-08-20 07:53:20,948 [Time-limited test] INFO  rpc.RpcClient (RpcClient.java:createVolume(471)) - Creating Volume: 4b42ed27-ce38-47c4-b8dc-b7730551b334, with user56567 as owner and space quota set to -1 bytes, counts quota set to -1
2022-08-20 07:53:20,949 [IPC Server handler 8 on default port 35463] INFO  volume.OMVolumeCreateRequest (OMVolumeCreateRequest.java:validateAndUpdateCache(195)) - created volume:4b42ed27-ce38-47c4-b8dc-b7730551b334 for user:user56567
2022-08-20 07:53:20,952 [Time-limited test] INFO  rpc.RpcClient (RpcClient.java:createBucket(674)) - Creating Bucket: 4b42ed27-ce38-47c4-b8dc-b7730551b334/7bb998b0-1a37-4da9-b58b-2cdafb05cbb6, with bucket layout LEGACY, runner as owner, Versioning false, Storage Type set to DISK and Encryption set to false 
2022-08-20 07:53:20,953 [IPC Server handler 10 on default port 35463] INFO  bucket.OMBucketCreateRequest (OMBucketCreateRequest.java:validateAndUpdateCache(260)) - created bucket: 7bb998b0-1a37-4da9-b58b-2cdafb05cbb6 of layout LEGACY in volume: 4b42ed27-ce38-47c4-b8dc-b7730551b334
2022-08-20 07:53:20,957 [IPC Server handler 19 on default port 39233] INFO  pipeline.PipelineStateManagerImpl (PipelineStateManagerImpl.java:addPipeline(103)) - Created pipeline Pipeline[ Id: f8709dc8-4ee1-435e-93d1-74572bb3e81b, Nodes: 9b8f87c8-445f-40fe-97ae-2bc30a04beb5{ip: 10.1.0.10, host: fv-az58-577.v01ewlpc0lrezph5nvg1m2rhcd.cx.internal.cloudapp.net, ports: [REPLICATION=33323, RATIS=43397, RATIS_ADMIN=43397, RATIS_SERVER=43397, STANDALONE=34279], networkLocation: /default-rack, certSerialId: null, persistedOpState: null, persistedOpStateExpiryEpochSec: 0}5e69242a-7cdd-4975-9644-d62436b68246{ip: 10.1.0.10, host: fv-az58-577.v01ewlpc0lrezph5nvg1m2rhcd.cx.internal.cloudapp.net, ports: [REPLICATION=44993, RATIS=46631, RATIS_ADMIN=46631, RATIS_SERVER=46631, STANDALONE=44771], networkLocation: /default-rack, certSerialId: null, persistedOpState: null, persistedOpStateExpiryEpochSec: 0}c9e3b08e-4472-4268-809a-be763a4c0fdf{ip: 10.1.0.10, host: fv-az58-577.v01ewlpc0lrezph5nvg1m2rhcd.cx.internal.cloudapp.net, ports: [REPLICATION=34641, RATIS=45857, RATIS_ADMIN=45857, RATIS_SERVER=45857, STANDALONE=41245], networkLocation: /default-rack, certSerialId: null, persistedOpState: null, persistedOpStateExpiryEpochSec: 0}b9d8039b-b7df-40fa-a602-f2ca89962f7c{ip: 10.1.0.10, host: fv-az58-577.v01ewlpc0lrezph5nvg1m2rhcd.cx.internal.cloudapp.net, ports: [REPLICATION=36047, RATIS=43069, RATIS_ADMIN=43069, RATIS_SERVER=43069, STANDALONE=44487], networkLocation: /default-rack, certSerialId: null, persistedOpState: null, persistedOpStateExpiryEpochSec: 0}7d464b4c-0df7-4a5f-b174-b285aa9576d2{ip: 10.1.0.10, host: fv-az58-577.v01ewlpc0lrezph5nvg1m2rhcd.cx.internal.cloudapp.net, ports: [REPLICATION=39111, RATIS=43361, RATIS_ADMIN=43361, RATIS_SERVER=43361, STANDALONE=41715], networkLocation: /default-rack, certSerialId: null, persistedOpState: null, persistedOpStateExpiryEpochSec: 0}, ReplicationConfig: EC/ECReplicationConfig{data=3, parity=2, ecChunkSize=1024, codec=rs}, State:ALLOCATED, leaderId:, CreationTimestamp2022-08-20T07:53:20.955Z[Etc/UTC]].
2022-08-20 07:53:20,958 [IPC Server handler 19 on default port 39233] INFO  pipeline.PipelineManagerImpl (PipelineManagerImpl.java:openPipeline(367)) - Pipeline Pipeline[ Id: f8709dc8-4ee1-435e-93d1-74572bb3e81b, Nodes: 9b8f87c8-445f-40fe-97ae-2bc30a04beb5{ip: 10.1.0.10, host: fv-az58-577.v01ewlpc0lrezph5nvg1m2rhcd.cx.internal.cloudapp.net, ports: [REPLICATION=33323, RATIS=43397, RATIS_ADMIN=43397, RATIS_SERVER=43397, STANDALONE=34279], networkLocation: /default-rack, certSerialId: null, persistedOpState: null, persistedOpStateExpiryEpochSec: 0}5e69242a-7cdd-4975-9644-d62436b68246{ip: 10.1.0.10, host: fv-az58-577.v01ewlpc0lrezph5nvg1m2rhcd.cx.internal.cloudapp.net, ports: [REPLICATION=44993, RATIS=46631, RATIS_ADMIN=46631, RATIS_SERVER=46631, STANDALONE=44771], networkLocation: /default-rack, certSerialId: null, persistedOpState: null, persistedOpStateExpiryEpochSec: 0}c9e3b08e-4472-4268-809a-be763a4c0fdf{ip: 10.1.0.10, host: fv-az58-577.v01ewlpc0lrezph5nvg1m2rhcd.cx.internal.cloudapp.net, ports: [REPLICATION=34641, RATIS=45857, RATIS_ADMIN=45857, RATIS_SERVER=45857, STANDALONE=41245], networkLocation: /default-rack, certSerialId: null, persistedOpState: null, persistedOpStateExpiryEpochSec: 0}b9d8039b-b7df-40fa-a602-f2ca89962f7c{ip: 10.1.0.10, host: fv-az58-577.v01ewlpc0lrezph5nvg1m2rhcd.cx.internal.cloudapp.net, ports: [REPLICATION=36047, RATIS=43069, RATIS_ADMIN=43069, RATIS_SERVER=43069, STANDALONE=44487], networkLocation: /default-rack, certSerialId: null, persistedOpState: null, persistedOpStateExpiryEpochSec: 0}7d464b4c-0df7-4a5f-b174-b285aa9576d2{ip: 10.1.0.10, host: fv-az58-577.v01ewlpc0lrezph5nvg1m2rhcd.cx.internal.cloudapp.net, ports: [REPLICATION=39111, RATIS=43361, RATIS_ADMIN=43361, RATIS_SERVER=43361, STANDALONE=41715], networkLocation: /default-rack, certSerialId: null, persistedOpState: null, persistedOpStateExpiryEpochSec: 0}, ReplicationConfig: EC/ECReplicationConfig{data=3, parity=2, ecChunkSize=1024, codec=rs}, State:ALLOCATED, leaderId:, CreationTimestamp2022-08-20T07:53:20.955Z[Etc/UTC]] moved to OPEN state
]]></system-out>
  </testcase>
  <testcase name="testListStatusInBucket" classname="TestRootedOzoneFileSystemWithFSO" time="0.043">
    <system-out><![CDATA[2022-08-20 07:52:12,314 [Time-limited test] INFO  rpc.RpcClient (RpcClient.java:createVolume(471)) - Creating Volume: volume20403, with user30278 as owner and space quota set to -1 bytes, counts quota set to -1
2022-08-20 07:52:12,316 [OM StateMachine ApplyTransaction Thread - 0] INFO  volume.OMVolumeCreateRequest (OMVolumeCreateRequest.java:validateAndUpdateCache(195)) - created volume:volume20403 for user:user30278
2022-08-20 07:52:12,316 [Time-limited test] INFO  rpc.RpcClient (RpcClient.java:createBucket(674)) - Creating Bucket: volume20403/bucket11048, with bucket layout FILE_SYSTEM_OPTIMIZED, runner as owner, Versioning false, Storage Type set to DISK and Encryption set to false 
2022-08-20 07:52:12,318 [OM StateMachine ApplyTransaction Thread - 0] INFO  bucket.OMBucketCreateRequest (OMBucketCreateRequest.java:validateAndUpdateCache(260)) - created bucket: bucket11048 of layout FILE_SYSTEM_OPTIMIZED in volume: volume20403
]]></system-out>
  </testcase>
  <testcase name="testListStatusInBucket" classname="TestRootedOzoneFileSystemWithFSO" time="0.154">
    <system-out><![CDATA[2022-08-20 07:53:21,600 [Time-limited test] INFO  rpc.RpcClient (RpcClient.java:createVolume(471)) - Creating Volume: volume55944, with user99284 as owner and space quota set to -1 bytes, counts quota set to -1
2022-08-20 07:53:21,601 [IPC Server handler 14 on default port 35463] INFO  volume.OMVolumeCreateRequest (OMVolumeCreateRequest.java:validateAndUpdateCache(195)) - created volume:volume55944 for user:user99284
2022-08-20 07:53:21,603 [Time-limited test] INFO  rpc.RpcClient (RpcClient.java:createBucket(674)) - Creating Bucket: volume55944/bucket55238, with bucket layout FILE_SYSTEM_OPTIMIZED, runner as owner, Versioning false, Storage Type set to DISK and Encryption set to false 
2022-08-20 07:53:21,603 [IPC Server handler 18 on default port 35463] INFO  bucket.OMBucketCreateRequest (OMBucketCreateRequest.java:validateAndUpdateCache(260)) - created bucket: bucket55238 of layout FILE_SYSTEM_OPTIMIZED in volume: volume55944
]]></system-out>
  </testcase>
  <testcase name="testRenameFileToDir" classname="TestRootedOzoneFileSystemWithFSO" time="0.053">
    <system-out><![CDATA[2022-08-20 07:52:12,359 [Time-limited test] INFO  rpc.RpcClient (RpcClient.java:createVolume(471)) - Creating Volume: volume73287, with user97601 as owner and space quota set to -1 bytes, counts quota set to -1
2022-08-20 07:52:12,364 [OM StateMachine ApplyTransaction Thread - 0] INFO  volume.OMVolumeCreateRequest (OMVolumeCreateRequest.java:validateAndUpdateCache(195)) - created volume:volume73287 for user:user97601
2022-08-20 07:52:12,365 [Time-limited test] INFO  rpc.RpcClient (RpcClient.java:createBucket(674)) - Creating Bucket: volume73287/bucket29006, with bucket layout FILE_SYSTEM_OPTIMIZED, runner as owner, Versioning false, Storage Type set to DISK and Encryption set to false 
2022-08-20 07:52:12,366 [OM StateMachine ApplyTransaction Thread - 0] INFO  bucket.OMBucketCreateRequest (OMBucketCreateRequest.java:validateAndUpdateCache(260)) - created bucket: bucket29006 of layout FILE_SYSTEM_OPTIMIZED in volume: volume73287
]]></system-out>
  </testcase>
  <testcase name="testRenameFileToDir" classname="TestRootedOzoneFileSystemWithFSO" time="0.06">
    <system-out><![CDATA[2022-08-20 07:53:21,660 [Time-limited test] INFO  rpc.RpcClient (RpcClient.java:createVolume(471)) - Creating Volume: volume34929, with user96549 as owner and space quota set to -1 bytes, counts quota set to -1
2022-08-20 07:53:21,660 [IPC Server handler 7 on default port 35463] INFO  volume.OMVolumeCreateRequest (OMVolumeCreateRequest.java:validateAndUpdateCache(195)) - created volume:volume34929 for user:user96549
2022-08-20 07:53:21,661 [Time-limited test] INFO  rpc.RpcClient (RpcClient.java:createBucket(674)) - Creating Bucket: volume34929/bucket17188, with bucket layout FILE_SYSTEM_OPTIMIZED, runner as owner, Versioning false, Storage Type set to DISK and Encryption set to false 
2022-08-20 07:53:21,662 [IPC Server handler 14 on default port 35463] INFO  bucket.OMBucketCreateRequest (OMBucketCreateRequest.java:validateAndUpdateCache(260)) - created bucket: bucket17188 of layout FILE_SYSTEM_OPTIMIZED in volume: volume34929
]]></system-out>
  </testcase>
</testsuite>