<?xml version="1.0" encoding="UTF-8"?>
<testsuite xmlns:xsi="http://www.w3.org/2001/XMLSchema-instance" xsi:noNamespaceSchemaLocation="https://maven.apache.org/surefire/maven-surefire-plugin/xsd/surefire-test-report-3.0.xsd" version="3.0" name="org.apache.hadoop.fs.ozone.TestOzoneFileSystem" time="577.063" tests="156" errors="1" skipped="0" failures="0">
  <properties>
    <property name="awt.toolkit" value="sun.awt.X11.XToolkit"/>
    <property name="file.encoding.pkg" value="sun.io"/>
    <property name="java.specification.version" value="1.8"/>
    <property name="sun.cpu.isalist" value=""/>
    <property name="sun.jnu.encoding" value="UTF-8"/>
    <property name="java.class.path" value="/home/runner/work/ozone/ozone/hadoop-ozone/integration-test/target/test-classes:/home/runner/work/ozone/ozone/hadoop-ozone/integration-test/target/classes:/home/runner/.m2/repository/org/apache/ozone/ozone-common/1.3.0-SNAPSHOT/ozone-common-1.3.0-SNAPSHOT.jar:/home/runner/.m2/repository/io/grpc/grpc-netty/1.48.1/grpc-netty-1.48.1.jar:/home/runner/.m2/repository/io/grpc/grpc-core/1.48.1/grpc-core-1.48.1.jar:/home/runner/.m2/repository/com/google/android/annotations/4.1.1.4/annotations-4.1.1.4.jar:/home/runner/.m2/repository/org/codehaus/mojo/animal-sniffer-annotations/1.21/animal-sniffer-annotations-1.21.jar:/home/runner/.m2/repository/com/google/errorprone/error_prone_annotations/2.2.0/error_prone_annotations-2.2.0.jar:/home/runner/.m2/repository/io/perfmark/perfmark-api/0.25.0/perfmark-api-0.25.0.jar:/home/runner/.m2/repository/io/netty/netty-codec-http2/4.1.79.Final/netty-codec-http2-4.1.79.Final.jar:/home/runner/.m2/repository/io/netty/netty-common/4.1.79.Final/netty-common-4.1.79.Final.jar:/home/runner/.m2/repository/io/netty/netty-buffer/4.1.79.Final/netty-buffer-4.1.79.Final.jar:/home/runner/.m2/repository/io/netty/netty-codec-http/4.1.79.Final/netty-codec-http-4.1.79.Final.jar:/home/runner/.m2/repository/io/netty/netty-handler-proxy/4.1.79.Final/netty-handler-proxy-4.1.79.Final.jar:/home/runner/.m2/repository/io/netty/netty-codec-socks/4.1.79.Final/netty-codec-socks-4.1.79.Final.jar:/home/runner/.m2/repository/io/netty/netty-tcnative-boringssl-static/2.0.53.Final/netty-tcnative-boringssl-static-2.0.53.Final.jar:/home/runner/.m2/repository/io/netty/netty-tcnative-classes/2.0.53.Final/netty-tcnative-classes-2.0.53.Final.jar:/home/runner/.m2/repository/io/netty/netty-tcnative-boringssl-static/2.0.53.Final/netty-tcnative-boringssl-static-2.0.53.Final-linux-x86_64.jar:/home/runner/.m2/repository/io/netty/netty-tcnative-boringssl-static/2.0.53.Final/netty-tcnative-boringssl-static-2.0.53.Final-linux-aarch_64.jar:/home/runner/.m2/repository/io/netty/netty-tcnative-boringssl-static/2.0.53.Final/netty-tcnative-boringssl-static-2.0.53.Final-osx-x86_64.jar:/home/runner/.m2/repository/io/netty/netty-tcnative-boringssl-static/2.0.53.Final/netty-tcnative-boringssl-static-2.0.53.Final-osx-aarch_64.jar:/home/runner/.m2/repository/io/netty/netty-tcnative-boringssl-static/2.0.53.Final/netty-tcnative-boringssl-static-2.0.53.Final-windows-x86_64.jar:/home/runner/.m2/repository/org/apache/commons/commons-compress/1.21/commons-compress-1.21.jar:/home/runner/.m2/repository/org/apache/ozone/hdds-common/1.3.0-SNAPSHOT/hdds-common-1.3.0-SNAPSHOT.jar:/home/runner/.m2/repository/org/apache/ozone/hdds-client/1.3.0-SNAPSHOT/hdds-client-1.3.0-SNAPSHOT.jar:/home/runner/.m2/repository/org/apache/ozone/ozone-interface-client/1.3.0-SNAPSHOT/ozone-interface-client-1.3.0-SNAPSHOT.jar:/home/runner/.m2/repository/org/apache/ozone/hdds-test-utils/1.3.0-SNAPSHOT/hdds-test-utils-1.3.0-SNAPSHOT.jar:/home/runner/.m2/repository/com/google/guava/guava/31.1-jre/guava-31.1-jre.jar:/home/runner/.m2/repository/com/google/guava/failureaccess/1.0.1/failureaccess-1.0.1.jar:/home/runner/.m2/repository/com/google/guava/listenablefuture/9999.0-empty-to-avoid-conflict-with-guava/listenablefuture-9999.0-empty-to-avoid-conflict-with-guava.jar:/home/runner/.m2/repository/com/google/code/findbugs/jsr305/3.0.0/jsr305-3.0.0.jar:/home/runner/.m2/repository/org/checkerframework/checker-qual/3.12.0/checker-qual-3.12.0.jar:/home/runner/.m2/repository/com/google/j2objc/j2objc-annotations/1.3/j2objc-annotations-1.3.jar:/home/runner/.m2/repository/commons-io/commons-io/2.11.0/commons-io-2.11.0.jar:/home/runner/.m2/repository/commons-logging/commons-logging/1.2/commons-logging-1.2.jar:/home/runner/.m2/repository/ch/qos/reload4j/reload4j/1.2.22/reload4j-1.2.22.jar:/home/runner/.m2/repository/org/slf4j/slf4j-api/1.7.36/slf4j-api-1.7.36.jar:/home/runner/.m2/repository/org/apache/ozone/hdds-server-scm/1.3.0-SNAPSHOT/hdds-server-scm-1.3.0-SNAPSHOT.jar:/home/runner/.m2/repository/org/apache/ozone/hdds-container-service/1.3.0-SNAPSHOT/hdds-container-service-1.3.0-SNAPSHOT.jar:/home/runner/.m2/repository/org/apache/ozone/hdds-hadoop-dependency-server/1.3.0-SNAPSHOT/hdds-hadoop-dependency-server-1.3.0-SNAPSHOT.jar:/home/runner/.m2/repository/org/apache/hadoop/hadoop-hdfs/3.3.1/hadoop-hdfs-3.3.1.jar:/home/runner/.m2/repository/org/eclipse/jetty/jetty-util-ajax/9.4.43.v20210629/jetty-util-ajax-9.4.43.v20210629.jar:/home/runner/.m2/repository/commons-daemon/commons-daemon/1.0.13/commons-daemon-1.0.13.jar:/home/runner/.m2/repository/org/apache/ozone/hdds-server-framework/1.3.0-SNAPSHOT/hdds-server-framework-1.3.0-SNAPSHOT.jar:/home/runner/.m2/repository/org/apache/ozone/hdds-interface-server/1.3.0-SNAPSHOT/hdds-interface-server-1.3.0-SNAPSHOT.jar:/home/runner/.m2/repository/org/apache/logging/log4j/log4j-core/2.17.1/log4j-core-2.17.1.jar:/home/runner/.m2/repository/com/lmax/disruptor/3.4.2/disruptor-3.4.2.jar:/home/runner/.m2/repository/org/eclipse/jetty/jetty-servlet/9.4.43.v20210629/jetty-servlet-9.4.43.v20210629.jar:/home/runner/.m2/repository/org/eclipse/jetty/jetty-security/9.4.43.v20210629/jetty-security-9.4.43.v20210629.jar:/home/runner/.m2/repository/org/rocksdb/rocksdbjni/7.4.5/rocksdbjni-7.4.5.jar:/home/runner/.m2/repository/io/prometheus/simpleclient_dropwizard/0.7.0/simpleclient_dropwizard-0.7.0.jar:/home/runner/.m2/repository/io/prometheus/simpleclient/0.7.0/simpleclient-0.7.0.jar:/home/runner/.m2/repository/io/prometheus/simpleclient_common/0.7.0/simpleclient_common-0.7.0.jar:/home/runner/.m2/repository/io/dropwizard/metrics/metrics-core/3.2.4/metrics-core-3.2.4.jar:/home/runner/.m2/repository/org/apache/hadoop/hadoop-hdfs-client/3.3.1/hadoop-hdfs-client-3.3.1.jar:/home/runner/.m2/repository/org/bouncycastle/bcprov-jdk15on/1.67/bcprov-jdk15on-1.67.jar:/home/runner/.m2/repository/com/google/protobuf/protobuf-java/2.5.0/protobuf-java-2.5.0.jar:/home/runner/.m2/repository/org/apache/ozone/ozone-manager/1.3.0-SNAPSHOT/ozone-manager-1.3.0-SNAPSHOT.jar:/home/runner/.m2/repository/org/aspectj/aspectjrt/1.9.7/aspectjrt-1.9.7.jar:/home/runner/.m2/repository/org/aspectj/aspectjweaver/1.9.7/aspectjweaver-1.9.7.jar:/home/runner/.m2/repository/org/apache/ozone/hdds-interface-client/1.3.0-SNAPSHOT/hdds-interface-client-1.3.0-SNAPSHOT.jar:/home/runner/.m2/repository/org/apache/hadoop/thirdparty/hadoop-shaded-protobuf_3_7/1.1.1/hadoop-shaded-protobuf_3_7-1.1.1.jar:/home/runner/.m2/repository/org/apache/ozone/ozone-interface-storage/1.3.0-SNAPSHOT/ozone-interface-storage-1.3.0-SNAPSHOT.jar:/home/runner/.m2/repository/org/reflections/reflections/0.9.11/reflections-0.9.11.jar:/home/runner/.m2/repository/com/sun/jersey/jersey-client/1.19/jersey-client-1.19.jar:/home/runner/.m2/repository/org/apache/ranger/ranger-intg/2.3.0/ranger-intg-2.3.0.jar:/home/runner/.m2/repository/org/apache/ranger/ranger-plugins-common/2.3.0/ranger-plugins-common-2.3.0.jar:/home/runner/.m2/repository/commons-lang/commons-lang/2.6/commons-lang-2.6.jar:/home/runner/.m2/repository/org/codehaus/jackson/jackson-jaxrs/1.9.13/jackson-jaxrs-1.9.13.jar:/home/runner/.m2/repository/org/apache/ranger/ranger-plugins-cred/2.3.0/ranger-plugins-cred-2.3.0.jar:/home/runner/.m2/repository/org/apache/ranger/ranger-plugins-audit/2.3.0/ranger-plugins-audit-2.3.0.jar:/home/runner/.m2/repository/org/eclipse/jetty/jetty-client/9.4.31.v20200723/jetty-client-9.4.31.v20200723.jar:/home/runner/.m2/repository/org/apache/httpcomponents/httpmime/4.5.6/httpmime-4.5.6.jar:/home/runner/.m2/repository/org/apache/httpcomponents/httpcore-nio/4.4.6/httpcore-nio-4.4.6.jar:/home/runner/.m2/repository/org/apache/httpcomponents/httpasyncclient/4.1.3/httpasyncclient-4.1.3.jar:/home/runner/.m2/repository/com/carrotsearch/hppc/0.8.0/hppc-0.8.0.jar:/home/runner/.m2/repository/org/apache/orc/orc-core/1.5.8/orc-core-1.5.8.jar:/home/runner/.m2/repository/net/java/dev/jna/jna/5.2.0/jna-5.2.0.jar:/home/runner/.m2/repository/net/java/dev/jna/jna-platform/5.2.0/jna-platform-5.2.0.jar:/home/runner/.m2/repository/com/kstruct/gethostname4j/0.0.2/gethostname4j-0.0.2.jar:/home/runner/.m2/repository/org/apache/ranger/ranger-plugin-classloader/2.3.0/ranger-plugin-classloader-2.3.0.jar:/home/runner/.m2/repository/org/apache/hadoop/hadoop-minikdc/3.3.1/hadoop-minikdc-3.3.1.jar:/home/runner/.m2/repository/org/apache/kerby/kerb-simplekdc/1.0.1/kerb-simplekdc-1.0.1.jar:/home/runner/.m2/repository/org/apache/kerby/kerb-client/1.0.1/kerb-client-1.0.1.jar:/home/runner/.m2/repository/org/apache/kerby/kerby-config/1.0.1/kerby-config-1.0.1.jar:/home/runner/.m2/repository/org/apache/kerby/kerb-common/1.0.1/kerb-common-1.0.1.jar:/home/runner/.m2/repository/org/apache/kerby/kerb-crypto/1.0.1/kerb-crypto-1.0.1.jar:/home/runner/.m2/repository/org/apache/kerby/kerb-util/1.0.1/kerb-util-1.0.1.jar:/home/runner/.m2/repository/org/apache/kerby/token-provider/1.0.1/token-provider-1.0.1.jar:/home/runner/.m2/repository/org/apache/kerby/kerb-admin/1.0.1/kerb-admin-1.0.1.jar:/home/runner/.m2/repository/org/apache/kerby/kerb-server/1.0.1/kerb-server-1.0.1.jar:/home/runner/.m2/repository/org/apache/kerby/kerb-identity/1.0.1/kerb-identity-1.0.1.jar:/home/runner/.m2/repository/org/apache/kerby/kerby-xdr/1.0.1/kerby-xdr-1.0.1.jar:/home/runner/.m2/repository/org/apache/ozone/ozone-s3gateway/1.3.0-SNAPSHOT/ozone-s3gateway-1.3.0-SNAPSHOT.jar:/home/runner/.m2/repository/org/javassist/javassist/3.21.0-GA/javassist-3.21.0-GA.jar:/home/runner/.m2/repository/org/jboss/weld/servlet/weld-servlet/2.4.7.Final/weld-servlet-2.4.7.Final.jar:/home/runner/.m2/repository/org/glassfish/jersey/containers/jersey-container-servlet-core/2.34/jersey-container-servlet-core-2.34.jar:/home/runner/.m2/repository/org/glassfish/hk2/external/jakarta.inject/2.6.1/jakarta.inject-2.6.1.jar:/home/runner/.m2/repository/org/glassfish/jersey/core/jersey-common/2.34/jersey-common-2.34.jar:/home/runner/.m2/repository/jakarta/ws/rs/jakarta.ws.rs-api/2.1.6/jakarta.ws.rs-api-2.1.6.jar:/home/runner/.m2/repository/org/glassfish/jersey/ext/cdi/jersey-cdi1x/2.34/jersey-cdi1x-2.34.jar:/home/runner/.m2/repository/org/glassfish/jersey/inject/jersey-hk2/2.34/jersey-hk2-2.34.jar:/home/runner/.m2/repository/org/glassfish/hk2/hk2-locator/2.6.1/hk2-locator-2.6.1.jar:/home/runner/.m2/repository/org/glassfish/jersey/media/jersey-media-jaxb/2.34/jersey-media-jaxb-2.34.jar:/home/runner/.m2/repository/org/glassfish/hk2/osgi-resource-locator/1.0.3/osgi-resource-locator-1.0.3.jar:/home/runner/.m2/repository/org/glassfish/hk2/hk2-api/2.5.0/hk2-api-2.5.0.jar:/home/runner/.m2/repository/org/glassfish/hk2/hk2-utils/2.5.0/hk2-utils-2.5.0.jar:/home/runner/.m2/repository/org/glassfish/hk2/external/aopalliance-repackaged/2.5.0/aopalliance-repackaged-2.5.0.jar:/home/runner/.m2/repository/com/fasterxml/jackson/dataformat/jackson-dataformat-xml/2.13.4/jackson-dataformat-xml-2.13.4.jar:/home/runner/.m2/repository/com/fasterxml/jackson/core/jackson-core/2.13.4/jackson-core-2.13.4.jar:/home/runner/.m2/repository/org/codehaus/woodstox/stax2-api/3.1.4/stax2-api-3.1.4.jar:/home/runner/.m2/repository/com/fasterxml/woodstox/woodstox-core/5.0.3/woodstox-core-5.0.3.jar:/home/runner/.m2/repository/com/fasterxml/jackson/module/jackson-module-jaxb-annotations/2.13.4/jackson-module-jaxb-annotations-2.13.4.jar:/home/runner/.m2/repository/jakarta/xml/bind/jakarta.xml.bind-api/2.3.3/jakarta.xml.bind-api-2.3.3.jar:/home/runner/.m2/repository/jakarta/activation/jakarta.activation-api/1.2.1/jakarta.activation-api-1.2.1.jar:/home/runner/.m2/repository/javax/enterprise/cdi-api/1.2/cdi-api-1.2.jar:/home/runner/.m2/repository/javax/el/javax.el-api/3.0.0/javax.el-api-3.0.0.jar:/home/runner/.m2/repository/javax/interceptor/javax.interceptor-api/1.2/javax.interceptor-api-1.2.jar:/home/runner/.m2/repository/javax/inject/javax.inject/1/javax.inject-1.jar:/home/runner/.m2/repository/javax/xml/bind/jaxb-api/2.3.0/jaxb-api-2.3.0.jar:/home/runner/.m2/repository/org/glassfish/jaxb/jaxb-runtime/2.3.0.1/jaxb-runtime-2.3.0.1.jar:/home/runner/.m2/repository/org/glassfish/jaxb/jaxb-core/2.3.0.1/jaxb-core-2.3.0.1.jar:/home/runner/.m2/repository/org/glassfish/jaxb/txw2/2.3.0.1/txw2-2.3.0.1.jar:/home/runner/.m2/repository/com/sun/istack/istack-commons-runtime/3.0.5/istack-commons-runtime-3.0.5.jar:/home/runner/.m2/repository/org/jvnet/staxex/stax-ex/1.7.8/stax-ex-1.7.8.jar:/home/runner/.m2/repository/com/sun/xml/fastinfoset/FastInfoset/1.2.13/FastInfoset-1.2.13.jar:/home/runner/.m2/repository/javax/activation/activation/1.1.1/activation-1.1.1.jar:/home/runner/.m2/repository/io/grpc/grpc-protobuf/1.48.1/grpc-protobuf-1.48.1.jar:/home/runner/.m2/repository/io/grpc/grpc-api/1.48.1/grpc-api-1.48.1.jar:/home/runner/.m2/repository/io/grpc/grpc-context/1.48.1/grpc-context-1.48.1.jar:/home/runner/.m2/repository/com/google/api/grpc/proto-google-common-protos/2.9.0/proto-google-common-protos-2.9.0.jar:/home/runner/.m2/repository/io/grpc/grpc-protobuf-lite/1.48.1/grpc-protobuf-lite-1.48.1.jar:/home/runner/.m2/repository/io/grpc/grpc-stub/1.48.1/grpc-stub-1.48.1.jar:/home/runner/.m2/repository/io/netty/netty-transport/4.1.79.Final/netty-transport-4.1.79.Final.jar:/home/runner/.m2/repository/io/netty/netty-resolver/4.1.79.Final/netty-resolver-4.1.79.Final.jar:/home/runner/.m2/repository/org/apache/ozone/ozone-csi/1.3.0-SNAPSHOT/ozone-csi-1.3.0-SNAPSHOT.jar:/home/runner/.m2/repository/com/google/protobuf/protobuf-java-util/3.19.2/protobuf-java-util-3.19.2.jar:/home/runner/.m2/repository/com/google/code/gson/gson/2.9.0/gson-2.9.0.jar:/home/runner/.m2/repository/org/apache/ozone/hdds-config/1.3.0-SNAPSHOT/hdds-config-1.3.0-SNAPSHOT.jar:/home/runner/.m2/repository/io/netty/netty-transport-native-epoll/4.1.79.Final/netty-transport-native-epoll-4.1.79.Final-linux-x86_64.jar:/home/runner/.m2/repository/io/netty/netty-transport-classes-epoll/4.1.79.Final/netty-transport-classes-epoll-4.1.79.Final.jar:/home/runner/.m2/repository/io/netty/netty-transport-native-unix-common/4.1.79.Final/netty-transport-native-unix-common-4.1.79.Final.jar:/home/runner/.m2/repository/org/slf4j/slf4j-reload4j/1.7.36/slf4j-reload4j-1.7.36.jar:/home/runner/.m2/repository/org/apache/ozone/ozone-recon/1.3.0-SNAPSHOT/ozone-recon-1.3.0-SNAPSHOT.jar:/home/runner/.m2/repository/org/apache/ozone/ozone-reconcodegen/1.3.0-SNAPSHOT/ozone-reconcodegen-1.3.0-SNAPSHOT.jar:/home/runner/.m2/repository/com/google/inject/extensions/guice-multibindings/4.0/guice-multibindings-4.0.jar:/home/runner/.m2/repository/com/google/inject/guice/4.0/guice-4.0.jar:/home/runner/.m2/repository/aopalliance/aopalliance/1.0/aopalliance-1.0.jar:/home/runner/.m2/repository/com/google/inject/extensions/guice-assistedinject/4.0/guice-assistedinject-4.0.jar:/home/runner/.m2/repository/com/google/inject/extensions/guice-servlet/4.0/guice-servlet-4.0.jar:/home/runner/.m2/repository/org/glassfish/jersey/containers/jersey-container-servlet/2.34/jersey-container-servlet-2.34.jar:/home/runner/.m2/repository/org/glassfish/hk2/guice-bridge/2.5.0/guice-bridge-2.5.0.jar:/home/runner/.m2/repository/org/glassfish/jersey/core/jersey-server/2.34/jersey-server-2.34.jar:/home/runner/.m2/repository/org/glassfish/jersey/core/jersey-client/2.34/jersey-client-2.34.jar:/home/runner/.m2/repository/jakarta/annotation/jakarta.annotation-api/1.3.5/jakarta.annotation-api-1.3.5.jar:/home/runner/.m2/repository/jakarta/validation/jakarta.validation-api/2.0.2/jakarta.validation-api-2.0.2.jar:/home/runner/.m2/repository/org/glassfish/jersey/media/jersey-media-json-jackson/2.34/jersey-media-json-jackson-2.34.jar:/home/runner/.m2/repository/org/glassfish/jersey/ext/jersey-entity-filtering/2.34/jersey-entity-filtering-2.34.jar:/home/runner/.m2/repository/org/jooq/jooq/3.11.10/jooq-3.11.10.jar:/home/runner/.m2/repository/org/jooq/jooq-meta/3.11.10/jooq-meta-3.11.10.jar:/home/runner/.m2/repository/org/jooq/jooq-codegen/3.11.10/jooq-codegen-3.11.10.jar:/home/runner/.m2/repository/com/jolbox/bonecp/0.8.0.RELEASE/bonecp-0.8.0.RELEASE.jar:/home/runner/.m2/repository/org/apache/derby/derby/10.14.2.0/derby-10.14.2.0.jar:/home/runner/.m2/repository/org/xerial/sqlite-jdbc/3.25.2/sqlite-jdbc-3.25.2.jar:/home/runner/.m2/repository/org/springframework/spring-jdbc/5.2.20.RELEASE/spring-jdbc-5.2.20.RELEASE.jar:/home/runner/.m2/repository/org/springframework/spring-beans/5.2.20.RELEASE/spring-beans-5.2.20.RELEASE.jar:/home/runner/.m2/repository/org/springframework/spring-core/5.2.20.RELEASE/spring-core-5.2.20.RELEASE.jar:/home/runner/.m2/repository/org/springframework/spring-jcl/5.2.20.RELEASE/spring-jcl-5.2.20.RELEASE.jar:/home/runner/.m2/repository/org/springframework/spring-tx/5.2.20.RELEASE/spring-tx-5.2.20.RELEASE.jar:/home/runner/.m2/repository/org/apache/ozone/ozone-client/1.3.0-SNAPSHOT/ozone-client-1.3.0-SNAPSHOT.jar:/home/runner/.m2/repository/org/apache/ozone/hdds-erasurecode/1.3.0-SNAPSHOT/hdds-erasurecode-1.3.0-SNAPSHOT.jar:/home/runner/.m2/repository/com/github/spotbugs/spotbugs-annotations/3.1.12/spotbugs-annotations-3.1.12.jar:/home/runner/.m2/repository/org/apache/ozone/ozone-filesystem/1.3.0-SNAPSHOT/ozone-filesystem-1.3.0-SNAPSHOT.jar:/home/runner/.m2/repository/org/apache/ozone/ozone-filesystem-common/1.3.0-SNAPSHOT/ozone-filesystem-common-1.3.0-SNAPSHOT.jar:/home/runner/.m2/repository/org/apache/ozone/ozone-tools/1.3.0-SNAPSHOT/ozone-tools-1.3.0-SNAPSHOT.jar:/home/runner/.m2/repository/org/apache/ratis/ratis-tools/2.3.0/ratis-tools-2.3.0.jar:/home/runner/.m2/repository/com/amazonaws/aws-java-sdk-core/1.12.261/aws-java-sdk-core-1.12.261.jar:/home/runner/.m2/repository/org/apache/httpcomponents/httpclient/4.5.13/httpclient-4.5.13.jar:/home/runner/.m2/repository/org/apache/httpcomponents/httpcore/4.4.13/httpcore-4.4.13.jar:/home/runner/.m2/repository/software/amazon/ion/ion-java/1.0.2/ion-java-1.0.2.jar:/home/runner/.m2/repository/com/fasterxml/jackson/dataformat/jackson-dataformat-cbor/2.13.4/jackson-dataformat-cbor-2.13.4.jar:/home/runner/.m2/repository/joda-time/joda-time/2.8.1/joda-time-2.8.1.jar:/home/runner/.m2/repository/com/amazonaws/aws-java-sdk-s3/1.12.261/aws-java-sdk-s3-1.12.261.jar:/home/runner/.m2/repository/com/amazonaws/aws-java-sdk-kms/1.12.261/aws-java-sdk-kms-1.12.261.jar:/home/runner/.m2/repository/com/amazonaws/jmespath-java/1.12.261/jmespath-java-1.12.261.jar:/home/runner/.m2/repository/org/kohsuke/metainf-services/metainf-services/1.8/metainf-services-1.8.jar:/home/runner/.m2/repository/org/apache/ozone/hdds-tools/1.3.0-SNAPSHOT/hdds-tools-1.3.0-SNAPSHOT.jar:/home/runner/.m2/repository/commons-cli/commons-cli/1.2/commons-cli-1.2.jar:/home/runner/.m2/repository/org/apache/commons/commons-lang3/3.7/commons-lang3-3.7.jar:/home/runner/.m2/repository/org/apache/ozone/ozone-manager/1.3.0-SNAPSHOT/ozone-manager-1.3.0-SNAPSHOT-tests.jar:/home/runner/.m2/repository/org/apache/ozone/hdds-common/1.3.0-SNAPSHOT/hdds-common-1.3.0-SNAPSHOT-tests.jar:/home/runner/.m2/repository/org/apache/ozone/hdds-hadoop-dependency-client/1.3.0-SNAPSHOT/hdds-hadoop-dependency-client-1.3.0-SNAPSHOT.jar:/home/runner/.m2/repository/info/picocli/picocli/4.6.1/picocli-4.6.1.jar:/home/runner/.m2/repository/com/fasterxml/jackson/core/jackson-annotations/2.13.4/jackson-annotations-2.13.4.jar:/home/runner/.m2/repository/com/fasterxml/jackson/datatype/jackson-datatype-jsr310/2.13.4/jackson-datatype-jsr310-2.13.4.jar:/home/runner/.m2/repository/org/apache/ozone/hdds-annotation-processing/1.3.0-SNAPSHOT/hdds-annotation-processing-1.3.0-SNAPSHOT.jar:/home/runner/.m2/repository/javax/annotation/javax.annotation-api/1.2/javax.annotation-api-1.2.jar:/home/runner/.m2/repository/org/apache/ratis/ratis-server/2.3.0/ratis-server-2.3.0.jar:/home/runner/.m2/repository/org/apache/ratis/ratis-client/2.3.0/ratis-client-2.3.0.jar:/home/runner/.m2/repository/org/apache/ratis/ratis-server-api/2.3.0/ratis-server-api-2.3.0.jar:/home/runner/.m2/repository/org/apache/ratis/ratis-metrics/2.3.0/ratis-metrics-2.3.0.jar:/home/runner/.m2/repository/org/apache/ratis/ratis-netty/2.3.0/ratis-netty-2.3.0.jar:/home/runner/.m2/repository/org/apache/ratis/ratis-grpc/2.3.0/ratis-grpc-2.3.0.jar:/home/runner/.m2/repository/org/apache/logging/log4j/log4j-api/2.17.1/log4j-api-2.17.1.jar:/home/runner/.m2/repository/org/apache/commons/commons-pool2/2.6.0/commons-pool2-2.6.0.jar:/home/runner/.m2/repository/org/bouncycastle/bcpkix-jdk15on/1.67/bcpkix-jdk15on-1.67.jar:/home/runner/.m2/repository/commons-validator/commons-validator/1.6/commons-validator-1.6.jar:/home/runner/.m2/repository/commons-beanutils/commons-beanutils/1.9.4/commons-beanutils-1.9.4.jar:/home/runner/.m2/repository/commons-digester/commons-digester/1.8.1/commons-digester-1.8.1.jar:/home/runner/.m2/repository/commons-collections/commons-collections/3.2.2/commons-collections-3.2.2.jar:/home/runner/.m2/repository/io/jaegertracing/jaeger-client/1.6.0/jaeger-client-1.6.0.jar:/home/runner/.m2/repository/io/jaegertracing/jaeger-thrift/1.6.0/jaeger-thrift-1.6.0.jar:/home/runner/.m2/repository/org/apache/thrift/libthrift/0.14.1/libthrift-0.14.1.jar:/home/runner/.m2/repository/com/squareup/okhttp3/okhttp/4.9.0/okhttp-4.9.0.jar:/home/runner/.m2/repository/com/squareup/okio/okio/2.8.0/okio-2.8.0.jar:/home/runner/.m2/repository/io/jaegertracing/jaeger-core/1.6.0/jaeger-core-1.6.0.jar:/home/runner/.m2/repository/io/jaegertracing/jaeger-tracerresolver/1.6.0/jaeger-tracerresolver-1.6.0.jar:/home/runner/.m2/repository/io/opentracing/contrib/opentracing-tracerresolver/0.1.8/opentracing-tracerresolver-0.1.8.jar:/home/runner/.m2/repository/org/jetbrains/kotlin/kotlin-stdlib/1.6.21/kotlin-stdlib-1.6.21.jar:/home/runner/.m2/repository/org/jetbrains/kotlin/kotlin-stdlib-common/1.6.21/kotlin-stdlib-common-1.6.21.jar:/home/runner/.m2/repository/org/jetbrains/annotations/13.0/annotations-13.0.jar:/home/runner/.m2/repository/io/opentracing/opentracing-util/0.33.0/opentracing-util-0.33.0.jar:/home/runner/.m2/repository/io/opentracing/opentracing-api/0.33.0/opentracing-api-0.33.0.jar:/home/runner/.m2/repository/io/opentracing/opentracing-noop/0.33.0/opentracing-noop-0.33.0.jar:/home/runner/.m2/repository/org/yaml/snakeyaml/1.32/snakeyaml-1.32.jar:/home/runner/.m2/repository/org/apache/ozone/hdds-interface-admin/1.3.0-SNAPSHOT/hdds-interface-admin-1.3.0-SNAPSHOT.jar:/home/runner/.m2/repository/junit/junit/4.13.1/junit-4.13.1.jar:/home/runner/.m2/repository/org/hamcrest/hamcrest-core/1.3/hamcrest-core-1.3.jar:/home/runner/.m2/repository/org/junit/jupiter/junit-jupiter-api/5.8.2/junit-jupiter-api-5.8.2.jar:/home/runner/.m2/repository/org/opentest4j/opentest4j/1.2.0/opentest4j-1.2.0.jar:/home/runner/.m2/repository/org/junit/platform/junit-platform-commons/1.8.2/junit-platform-commons-1.8.2.jar:/home/runner/.m2/repository/org/apiguardian/apiguardian-api/1.1.2/apiguardian-api-1.1.2.jar:/home/runner/.m2/repository/org/junit/jupiter/junit-jupiter-params/5.8.2/junit-jupiter-params-5.8.2.jar:/home/runner/.m2/repository/org/junit/jupiter/junit-jupiter-migrationsupport/5.8.2/junit-jupiter-migrationsupport-5.8.2.jar:/home/runner/.m2/repository/org/junit/jupiter/junit-jupiter-engine/5.8.2/junit-jupiter-engine-5.8.2.jar:/home/runner/.m2/repository/org/junit/platform/junit-platform-engine/1.8.2/junit-platform-engine-1.8.2.jar:/home/runner/.m2/repository/org/junit/vintage/junit-vintage-engine/5.8.2/junit-vintage-engine-5.8.2.jar:/home/runner/.m2/repository/org/junit/platform/junit-platform-launcher/1.8.2/junit-platform-launcher-1.8.2.jar:/home/runner/.m2/repository/org/mockito/mockito-core/2.28.2/mockito-core-2.28.2.jar:/home/runner/.m2/repository/net/bytebuddy/byte-buddy/1.9.10/byte-buddy-1.9.10.jar:/home/runner/.m2/repository/net/bytebuddy/byte-buddy-agent/1.9.10/byte-buddy-agent-1.9.10.jar:/home/runner/.m2/repository/org/objenesis/objenesis/1.0/objenesis-1.0.jar:/home/runner/.m2/repository/org/apache/hadoop/hadoop-kms/3.3.1/hadoop-kms-3.3.1.jar:/home/runner/.m2/repository/org/apache/hadoop/hadoop-auth/3.3.1/hadoop-auth-3.3.1.jar:/home/runner/.m2/repository/com/nimbusds/nimbus-jose-jwt/7.9/nimbus-jose-jwt-7.9.jar:/home/runner/.m2/repository/com/github/stephenc/jcip/jcip-annotations/1.0-1/jcip-annotations-1.0-1.jar:/home/runner/.m2/repository/net/minidev/json-smart/2.4.7/json-smart-2.4.7.jar:/home/runner/.m2/repository/net/minidev/accessors-smart/2.4.7/accessors-smart-2.4.7.jar:/home/runner/.m2/repository/org/ow2/asm/asm/5.0.4/asm-5.0.4.jar:/home/runner/.m2/repository/org/apache/zookeeper/zookeeper/3.5.6/zookeeper-3.5.6.jar:/home/runner/.m2/repository/org/apache/zookeeper/zookeeper-jute/3.5.6/zookeeper-jute-3.5.6.jar:/home/runner/.m2/repository/org/apache/yetus/audience-annotations/0.5.0/audience-annotations-0.5.0.jar:/home/runner/.m2/repository/org/apache/curator/curator-framework/4.2.0/curator-framework-4.2.0.jar:/home/runner/.m2/repository/org/apache/hadoop/thirdparty/hadoop-shaded-guava/1.1.1/hadoop-shaded-guava-1.1.1.jar:/home/runner/.m2/repository/com/sun/jersey/jersey-core/1.19/jersey-core-1.19.jar:/home/runner/.m2/repository/javax/ws/rs/jsr311-api/1.1.1/jsr311-api-1.1.1.jar:/home/runner/.m2/repository/com/sun/jersey/jersey-server/1.19/jersey-server-1.19.jar:/home/runner/.m2/repository/javax/servlet/javax.servlet-api/3.1.0/javax.servlet-api-3.1.0.jar:/home/runner/.m2/repository/org/eclipse/jetty/jetty-server/9.4.43.v20210629/jetty-server-9.4.43.v20210629.jar:/home/runner/.m2/repository/org/eclipse/jetty/jetty-http/9.4.43.v20210629/jetty-http-9.4.43.v20210629.jar:/home/runner/.m2/repository/org/eclipse/jetty/jetty-io/9.4.43.v20210629/jetty-io-9.4.43.v20210629.jar:/home/runner/.m2/repository/org/eclipse/jetty/jetty-webapp/9.4.43.v20210629/jetty-webapp-9.4.43.v20210629.jar:/home/runner/.m2/repository/org/eclipse/jetty/jetty-xml/9.4.43.v20210629/jetty-xml-9.4.43.v20210629.jar:/home/runner/.m2/repository/org/apache/hadoop/hadoop-common/3.3.1/hadoop-common-3.3.1.jar:/home/runner/.m2/repository/org/apache/commons/commons-math3/3.1.1/commons-math3-3.1.1.jar:/home/runner/.m2/repository/commons-net/commons-net/3.6/commons-net-3.6.jar:/home/runner/.m2/repository/com/sun/jersey/jersey-servlet/1.19/jersey-servlet-1.19.jar:/home/runner/.m2/repository/com/sun/jersey/jersey-json/1.19/jersey-json-1.19.jar:/home/runner/.m2/repository/org/codehaus/jettison/jettison/1.1/jettison-1.1.jar:/home/runner/.m2/repository/com/sun/xml/bind/jaxb-impl/2.2.3-1/jaxb-impl-2.2.3-1.jar:/home/runner/.m2/repository/org/codehaus/jackson/jackson-xc/1.9.2/jackson-xc-1.9.2.jar:/home/runner/.m2/repository/org/apache/commons/commons-configuration2/2.1.1/commons-configuration2-2.1.1.jar:/home/runner/.m2/repository/org/apache/commons/commons-text/1.4/commons-text-1.4.jar:/home/runner/.m2/repository/com/google/re2j/re2j/1.1/re2j-1.1.jar:/home/runner/.m2/repository/com/jcraft/jsch/0.1.54/jsch-0.1.54.jar:/home/runner/.m2/repository/org/apache/curator/curator-client/4.2.0/curator-client-4.2.0.jar:/home/runner/.m2/repository/org/apache/curator/curator-recipes/4.2.0/curator-recipes-4.2.0.jar:/home/runner/.m2/repository/org/apache/htrace/htrace-core4/4.1.0-incubating/htrace-core4-4.1.0-incubating.jar:/home/runner/.m2/repository/org/apache/kerby/kerb-core/1.0.1/kerb-core-1.0.1.jar:/home/runner/.m2/repository/org/apache/kerby/kerby-pkix/1.0.1/kerby-pkix-1.0.1.jar:/home/runner/.m2/repository/org/apache/kerby/kerby-asn1/1.0.1/kerby-asn1-1.0.1.jar:/home/runner/.m2/repository/org/apache/kerby/kerby-util/1.0.1/kerby-util-1.0.1.jar:/home/runner/.m2/repository/dnsjava/dnsjava/2.1.7/dnsjava-2.1.7.jar:/home/runner/.m2/repository/org/xerial/snappy/snappy-java/1.1.8.2/snappy-java-1.1.8.2.jar:/home/runner/.m2/repository/org/eclipse/jetty/jetty-util/9.4.43.v20210629/jetty-util-9.4.43.v20210629.jar:/home/runner/.m2/repository/com/fasterxml/jackson/core/jackson-databind/2.13.4/jackson-databind-2.13.4.jar:/home/runner/.m2/repository/org/apache/hadoop/hadoop-kms/3.3.1/hadoop-kms-3.3.1-tests.jar:/home/runner/.m2/repository/org/apache/ozone/hdds-server-scm/1.3.0-SNAPSHOT/hdds-server-scm-1.3.0-SNAPSHOT-tests.jar:/home/runner/.m2/repository/org/apache/ozone/hdds-container-service/1.3.0-SNAPSHOT/hdds-container-service-1.3.0-SNAPSHOT-tests.jar:/home/runner/.m2/repository/commons-codec/commons-codec/1.11/commons-codec-1.11.jar:/home/runner/.m2/repository/io/netty/netty-codec/4.1.79.Final/netty-codec-4.1.79.Final.jar:/home/runner/.m2/repository/io/netty/netty-handler/4.1.79.Final/netty-handler-4.1.79.Final.jar:/home/runner/.m2/repository/org/apache/ozone/hdds-hadoop-dependency-test/1.3.0-SNAPSHOT/hdds-hadoop-dependency-test-1.3.0-SNAPSHOT.jar:/home/runner/.m2/repository/org/apache/hadoop/hadoop-common/3.3.1/hadoop-common-3.3.1-tests.jar:/home/runner/.m2/repository/org/apache/hadoop/hadoop-hdfs/3.3.1/hadoop-hdfs-3.3.1-tests.jar:/home/runner/.m2/repository/org/assertj/assertj-core/3.12.2/assertj-core-3.12.2.jar:/home/runner/.m2/repository/org/apache/hadoop/hadoop-distcp/3.3.1/hadoop-distcp-3.3.1.jar:/home/runner/.m2/repository/org/apache/hadoop/hadoop-mapreduce-client-jobclient/3.3.1/hadoop-mapreduce-client-jobclient-3.3.1.jar:/home/runner/.m2/repository/org/apache/hadoop/hadoop-mapreduce-client-common/3.3.1/hadoop-mapreduce-client-common-3.3.1.jar:/home/runner/.m2/repository/org/apache/hadoop/hadoop-yarn-common/3.3.1/hadoop-yarn-common-3.3.1.jar:/home/runner/.m2/repository/org/apache/hadoop/hadoop-yarn-api/3.3.1/hadoop-yarn-api-3.3.1.jar:/home/runner/.m2/repository/com/sun/jersey/contribs/jersey-guice/1.19/jersey-guice-1.19.jar:/home/runner/.m2/repository/com/fasterxml/jackson/jaxrs/jackson-jaxrs-json-provider/2.13.4/jackson-jaxrs-json-provider-2.13.4.jar:/home/runner/.m2/repository/com/fasterxml/jackson/jaxrs/jackson-jaxrs-base/2.13.4/jackson-jaxrs-base-2.13.4.jar:/home/runner/.m2/repository/org/apache/hadoop/hadoop-yarn-client/3.3.1/hadoop-yarn-client-3.3.1.jar:/home/runner/.m2/repository/org/eclipse/jetty/websocket/websocket-client/9.4.40.v20210413/websocket-client-9.4.40.v20210413.jar:/home/runner/.m2/repository/org/eclipse/jetty/websocket/websocket-common/9.4.40.v20210413/websocket-common-9.4.40.v20210413.jar:/home/runner/.m2/repository/org/eclipse/jetty/websocket/websocket-api/9.4.40.v20210413/websocket-api-9.4.40.v20210413.jar:/home/runner/.m2/repository/org/jline/jline/3.9.0/jline-3.9.0.jar:/home/runner/.m2/repository/org/apache/hadoop/hadoop-mapreduce-client-core/3.3.1/hadoop-mapreduce-client-core-3.3.1.jar:/home/runner/.m2/repository/org/apache/avro/avro/1.7.7/avro-1.7.7.jar:/home/runner/.m2/repository/org/codehaus/jackson/jackson-core-asl/1.9.13/jackson-core-asl-1.9.13.jar:/home/runner/.m2/repository/org/codehaus/jackson/jackson-mapper-asl/1.9.13/jackson-mapper-asl-1.9.13.jar:/home/runner/.m2/repository/com/thoughtworks/paranamer/paranamer/2.3/paranamer-2.3.jar:/home/runner/.m2/repository/org/apache/hadoop/hadoop-annotations/3.3.1/hadoop-annotations-3.3.1.jar:/opt/hostedtoolcache/jdk/8.0.345/x64/jre/../lib/tools.jar:/home/runner/.m2/repository/io/netty/netty/3.10.6.Final/netty-3.10.6.Final.jar:/home/runner/.m2/repository/org/apache/hadoop/hadoop-distcp/3.3.1/hadoop-distcp-3.3.1-tests.jar:/home/runner/.m2/repository/org/slf4j/jul-to-slf4j/1.7.36/jul-to-slf4j-1.7.36.jar:/home/runner/.m2/repository/org/apache/ratis/ratis-common/2.3.0/ratis-common-2.3.0.jar:/home/runner/.m2/repository/org/apache/ratis/ratis-thirdparty-misc/1.0.0/ratis-thirdparty-misc-1.0.0.jar:/home/runner/.m2/repository/org/apache/ratis/ratis-proto/2.3.0/ratis-proto-2.3.0.jar:"/>
    <property name="java.vm.vendor" value="Azul Systems, Inc."/>
    <property name="sun.arch.data.model" value="64"/>
    <property name="test.build.dir" value="/home/runner/work/ozone/ozone/hadoop-ozone/integration-test/target/test-dir"/>
    <property name="test.cache.data" value=""/>
    <property name="java.vendor.url" value="http://www.azul.com/"/>
    <property name="user.timezone" value="Etc/UTC"/>
    <property name="java.vm.specification.version" value="1.8"/>
    <property name="os.name" value="Linux"/>
    <property name="test.build.data" value="/home/runner/work/ozone/ozone/hadoop-ozone/integration-test/target/test-dir"/>
    <property name="sun.java.launcher" value="SUN_STANDARD"/>
    <property name="sun.boot.library.path" value="/opt/hostedtoolcache/jdk/8.0.345/x64/jre/lib/amd64"/>
    <property name="sun.java.command" value="/home/runner/work/ozone/ozone/hadoop-ozone/integration-test/target/surefire/surefirebooter3355553727727942310.jar /home/runner/work/ozone/ozone/hadoop-ozone/integration-test/target/surefire 2022-10-10T08-24-42_717-jvmRun1 surefire1427925502724006521tmp surefire_88102815004635850305tmp"/>
    <property name="surefire.test.class.path" value="/home/runner/work/ozone/ozone/hadoop-ozone/integration-test/target/test-classes:/home/runner/work/ozone/ozone/hadoop-ozone/integration-test/target/classes:/home/runner/.m2/repository/org/apache/ozone/ozone-common/1.3.0-SNAPSHOT/ozone-common-1.3.0-SNAPSHOT.jar:/home/runner/.m2/repository/io/grpc/grpc-netty/1.48.1/grpc-netty-1.48.1.jar:/home/runner/.m2/repository/io/grpc/grpc-core/1.48.1/grpc-core-1.48.1.jar:/home/runner/.m2/repository/com/google/android/annotations/4.1.1.4/annotations-4.1.1.4.jar:/home/runner/.m2/repository/org/codehaus/mojo/animal-sniffer-annotations/1.21/animal-sniffer-annotations-1.21.jar:/home/runner/.m2/repository/com/google/errorprone/error_prone_annotations/2.2.0/error_prone_annotations-2.2.0.jar:/home/runner/.m2/repository/io/perfmark/perfmark-api/0.25.0/perfmark-api-0.25.0.jar:/home/runner/.m2/repository/io/netty/netty-codec-http2/4.1.79.Final/netty-codec-http2-4.1.79.Final.jar:/home/runner/.m2/repository/io/netty/netty-common/4.1.79.Final/netty-common-4.1.79.Final.jar:/home/runner/.m2/repository/io/netty/netty-buffer/4.1.79.Final/netty-buffer-4.1.79.Final.jar:/home/runner/.m2/repository/io/netty/netty-codec-http/4.1.79.Final/netty-codec-http-4.1.79.Final.jar:/home/runner/.m2/repository/io/netty/netty-handler-proxy/4.1.79.Final/netty-handler-proxy-4.1.79.Final.jar:/home/runner/.m2/repository/io/netty/netty-codec-socks/4.1.79.Final/netty-codec-socks-4.1.79.Final.jar:/home/runner/.m2/repository/io/netty/netty-tcnative-boringssl-static/2.0.53.Final/netty-tcnative-boringssl-static-2.0.53.Final.jar:/home/runner/.m2/repository/io/netty/netty-tcnative-classes/2.0.53.Final/netty-tcnative-classes-2.0.53.Final.jar:/home/runner/.m2/repository/io/netty/netty-tcnative-boringssl-static/2.0.53.Final/netty-tcnative-boringssl-static-2.0.53.Final-linux-x86_64.jar:/home/runner/.m2/repository/io/netty/netty-tcnative-boringssl-static/2.0.53.Final/netty-tcnative-boringssl-static-2.0.53.Final-linux-aarch_64.jar:/home/runner/.m2/repository/io/netty/netty-tcnative-boringssl-static/2.0.53.Final/netty-tcnative-boringssl-static-2.0.53.Final-osx-x86_64.jar:/home/runner/.m2/repository/io/netty/netty-tcnative-boringssl-static/2.0.53.Final/netty-tcnative-boringssl-static-2.0.53.Final-osx-aarch_64.jar:/home/runner/.m2/repository/io/netty/netty-tcnative-boringssl-static/2.0.53.Final/netty-tcnative-boringssl-static-2.0.53.Final-windows-x86_64.jar:/home/runner/.m2/repository/org/apache/commons/commons-compress/1.21/commons-compress-1.21.jar:/home/runner/.m2/repository/org/apache/ozone/hdds-common/1.3.0-SNAPSHOT/hdds-common-1.3.0-SNAPSHOT.jar:/home/runner/.m2/repository/org/apache/ozone/hdds-client/1.3.0-SNAPSHOT/hdds-client-1.3.0-SNAPSHOT.jar:/home/runner/.m2/repository/org/apache/ozone/ozone-interface-client/1.3.0-SNAPSHOT/ozone-interface-client-1.3.0-SNAPSHOT.jar:/home/runner/.m2/repository/org/apache/ozone/hdds-test-utils/1.3.0-SNAPSHOT/hdds-test-utils-1.3.0-SNAPSHOT.jar:/home/runner/.m2/repository/com/google/guava/guava/31.1-jre/guava-31.1-jre.jar:/home/runner/.m2/repository/com/google/guava/failureaccess/1.0.1/failureaccess-1.0.1.jar:/home/runner/.m2/repository/com/google/guava/listenablefuture/9999.0-empty-to-avoid-conflict-with-guava/listenablefuture-9999.0-empty-to-avoid-conflict-with-guava.jar:/home/runner/.m2/repository/com/google/code/findbugs/jsr305/3.0.0/jsr305-3.0.0.jar:/home/runner/.m2/repository/org/checkerframework/checker-qual/3.12.0/checker-qual-3.12.0.jar:/home/runner/.m2/repository/com/google/j2objc/j2objc-annotations/1.3/j2objc-annotations-1.3.jar:/home/runner/.m2/repository/commons-io/commons-io/2.11.0/commons-io-2.11.0.jar:/home/runner/.m2/repository/commons-logging/commons-logging/1.2/commons-logging-1.2.jar:/home/runner/.m2/repository/ch/qos/reload4j/reload4j/1.2.22/reload4j-1.2.22.jar:/home/runner/.m2/repository/org/slf4j/slf4j-api/1.7.36/slf4j-api-1.7.36.jar:/home/runner/.m2/repository/org/apache/ozone/hdds-server-scm/1.3.0-SNAPSHOT/hdds-server-scm-1.3.0-SNAPSHOT.jar:/home/runner/.m2/repository/org/apache/ozone/hdds-container-service/1.3.0-SNAPSHOT/hdds-container-service-1.3.0-SNAPSHOT.jar:/home/runner/.m2/repository/org/apache/ozone/hdds-hadoop-dependency-server/1.3.0-SNAPSHOT/hdds-hadoop-dependency-server-1.3.0-SNAPSHOT.jar:/home/runner/.m2/repository/org/apache/hadoop/hadoop-hdfs/3.3.1/hadoop-hdfs-3.3.1.jar:/home/runner/.m2/repository/org/eclipse/jetty/jetty-util-ajax/9.4.43.v20210629/jetty-util-ajax-9.4.43.v20210629.jar:/home/runner/.m2/repository/commons-daemon/commons-daemon/1.0.13/commons-daemon-1.0.13.jar:/home/runner/.m2/repository/org/apache/ozone/hdds-server-framework/1.3.0-SNAPSHOT/hdds-server-framework-1.3.0-SNAPSHOT.jar:/home/runner/.m2/repository/org/apache/ozone/hdds-interface-server/1.3.0-SNAPSHOT/hdds-interface-server-1.3.0-SNAPSHOT.jar:/home/runner/.m2/repository/org/apache/logging/log4j/log4j-core/2.17.1/log4j-core-2.17.1.jar:/home/runner/.m2/repository/com/lmax/disruptor/3.4.2/disruptor-3.4.2.jar:/home/runner/.m2/repository/org/eclipse/jetty/jetty-servlet/9.4.43.v20210629/jetty-servlet-9.4.43.v20210629.jar:/home/runner/.m2/repository/org/eclipse/jetty/jetty-security/9.4.43.v20210629/jetty-security-9.4.43.v20210629.jar:/home/runner/.m2/repository/org/rocksdb/rocksdbjni/7.4.5/rocksdbjni-7.4.5.jar:/home/runner/.m2/repository/io/prometheus/simpleclient_dropwizard/0.7.0/simpleclient_dropwizard-0.7.0.jar:/home/runner/.m2/repository/io/prometheus/simpleclient/0.7.0/simpleclient-0.7.0.jar:/home/runner/.m2/repository/io/prometheus/simpleclient_common/0.7.0/simpleclient_common-0.7.0.jar:/home/runner/.m2/repository/io/dropwizard/metrics/metrics-core/3.2.4/metrics-core-3.2.4.jar:/home/runner/.m2/repository/org/apache/hadoop/hadoop-hdfs-client/3.3.1/hadoop-hdfs-client-3.3.1.jar:/home/runner/.m2/repository/org/bouncycastle/bcprov-jdk15on/1.67/bcprov-jdk15on-1.67.jar:/home/runner/.m2/repository/com/google/protobuf/protobuf-java/2.5.0/protobuf-java-2.5.0.jar:/home/runner/.m2/repository/org/apache/ozone/ozone-manager/1.3.0-SNAPSHOT/ozone-manager-1.3.0-SNAPSHOT.jar:/home/runner/.m2/repository/org/aspectj/aspectjrt/1.9.7/aspectjrt-1.9.7.jar:/home/runner/.m2/repository/org/aspectj/aspectjweaver/1.9.7/aspectjweaver-1.9.7.jar:/home/runner/.m2/repository/org/apache/ozone/hdds-interface-client/1.3.0-SNAPSHOT/hdds-interface-client-1.3.0-SNAPSHOT.jar:/home/runner/.m2/repository/org/apache/hadoop/thirdparty/hadoop-shaded-protobuf_3_7/1.1.1/hadoop-shaded-protobuf_3_7-1.1.1.jar:/home/runner/.m2/repository/org/apache/ozone/ozone-interface-storage/1.3.0-SNAPSHOT/ozone-interface-storage-1.3.0-SNAPSHOT.jar:/home/runner/.m2/repository/org/reflections/reflections/0.9.11/reflections-0.9.11.jar:/home/runner/.m2/repository/com/sun/jersey/jersey-client/1.19/jersey-client-1.19.jar:/home/runner/.m2/repository/org/apache/ranger/ranger-intg/2.3.0/ranger-intg-2.3.0.jar:/home/runner/.m2/repository/org/apache/ranger/ranger-plugins-common/2.3.0/ranger-plugins-common-2.3.0.jar:/home/runner/.m2/repository/commons-lang/commons-lang/2.6/commons-lang-2.6.jar:/home/runner/.m2/repository/org/codehaus/jackson/jackson-jaxrs/1.9.13/jackson-jaxrs-1.9.13.jar:/home/runner/.m2/repository/org/apache/ranger/ranger-plugins-cred/2.3.0/ranger-plugins-cred-2.3.0.jar:/home/runner/.m2/repository/org/apache/ranger/ranger-plugins-audit/2.3.0/ranger-plugins-audit-2.3.0.jar:/home/runner/.m2/repository/org/eclipse/jetty/jetty-client/9.4.31.v20200723/jetty-client-9.4.31.v20200723.jar:/home/runner/.m2/repository/org/apache/httpcomponents/httpmime/4.5.6/httpmime-4.5.6.jar:/home/runner/.m2/repository/org/apache/httpcomponents/httpcore-nio/4.4.6/httpcore-nio-4.4.6.jar:/home/runner/.m2/repository/org/apache/httpcomponents/httpasyncclient/4.1.3/httpasyncclient-4.1.3.jar:/home/runner/.m2/repository/com/carrotsearch/hppc/0.8.0/hppc-0.8.0.jar:/home/runner/.m2/repository/org/apache/orc/orc-core/1.5.8/orc-core-1.5.8.jar:/home/runner/.m2/repository/net/java/dev/jna/jna/5.2.0/jna-5.2.0.jar:/home/runner/.m2/repository/net/java/dev/jna/jna-platform/5.2.0/jna-platform-5.2.0.jar:/home/runner/.m2/repository/com/kstruct/gethostname4j/0.0.2/gethostname4j-0.0.2.jar:/home/runner/.m2/repository/org/apache/ranger/ranger-plugin-classloader/2.3.0/ranger-plugin-classloader-2.3.0.jar:/home/runner/.m2/repository/org/apache/hadoop/hadoop-minikdc/3.3.1/hadoop-minikdc-3.3.1.jar:/home/runner/.m2/repository/org/apache/kerby/kerb-simplekdc/1.0.1/kerb-simplekdc-1.0.1.jar:/home/runner/.m2/repository/org/apache/kerby/kerb-client/1.0.1/kerb-client-1.0.1.jar:/home/runner/.m2/repository/org/apache/kerby/kerby-config/1.0.1/kerby-config-1.0.1.jar:/home/runner/.m2/repository/org/apache/kerby/kerb-common/1.0.1/kerb-common-1.0.1.jar:/home/runner/.m2/repository/org/apache/kerby/kerb-crypto/1.0.1/kerb-crypto-1.0.1.jar:/home/runner/.m2/repository/org/apache/kerby/kerb-util/1.0.1/kerb-util-1.0.1.jar:/home/runner/.m2/repository/org/apache/kerby/token-provider/1.0.1/token-provider-1.0.1.jar:/home/runner/.m2/repository/org/apache/kerby/kerb-admin/1.0.1/kerb-admin-1.0.1.jar:/home/runner/.m2/repository/org/apache/kerby/kerb-server/1.0.1/kerb-server-1.0.1.jar:/home/runner/.m2/repository/org/apache/kerby/kerb-identity/1.0.1/kerb-identity-1.0.1.jar:/home/runner/.m2/repository/org/apache/kerby/kerby-xdr/1.0.1/kerby-xdr-1.0.1.jar:/home/runner/.m2/repository/org/apache/ozone/ozone-s3gateway/1.3.0-SNAPSHOT/ozone-s3gateway-1.3.0-SNAPSHOT.jar:/home/runner/.m2/repository/org/javassist/javassist/3.21.0-GA/javassist-3.21.0-GA.jar:/home/runner/.m2/repository/org/jboss/weld/servlet/weld-servlet/2.4.7.Final/weld-servlet-2.4.7.Final.jar:/home/runner/.m2/repository/org/glassfish/jersey/containers/jersey-container-servlet-core/2.34/jersey-container-servlet-core-2.34.jar:/home/runner/.m2/repository/org/glassfish/hk2/external/jakarta.inject/2.6.1/jakarta.inject-2.6.1.jar:/home/runner/.m2/repository/org/glassfish/jersey/core/jersey-common/2.34/jersey-common-2.34.jar:/home/runner/.m2/repository/jakarta/ws/rs/jakarta.ws.rs-api/2.1.6/jakarta.ws.rs-api-2.1.6.jar:/home/runner/.m2/repository/org/glassfish/jersey/ext/cdi/jersey-cdi1x/2.34/jersey-cdi1x-2.34.jar:/home/runner/.m2/repository/org/glassfish/jersey/inject/jersey-hk2/2.34/jersey-hk2-2.34.jar:/home/runner/.m2/repository/org/glassfish/hk2/hk2-locator/2.6.1/hk2-locator-2.6.1.jar:/home/runner/.m2/repository/org/glassfish/jersey/media/jersey-media-jaxb/2.34/jersey-media-jaxb-2.34.jar:/home/runner/.m2/repository/org/glassfish/hk2/osgi-resource-locator/1.0.3/osgi-resource-locator-1.0.3.jar:/home/runner/.m2/repository/org/glassfish/hk2/hk2-api/2.5.0/hk2-api-2.5.0.jar:/home/runner/.m2/repository/org/glassfish/hk2/hk2-utils/2.5.0/hk2-utils-2.5.0.jar:/home/runner/.m2/repository/org/glassfish/hk2/external/aopalliance-repackaged/2.5.0/aopalliance-repackaged-2.5.0.jar:/home/runner/.m2/repository/com/fasterxml/jackson/dataformat/jackson-dataformat-xml/2.13.4/jackson-dataformat-xml-2.13.4.jar:/home/runner/.m2/repository/com/fasterxml/jackson/core/jackson-core/2.13.4/jackson-core-2.13.4.jar:/home/runner/.m2/repository/org/codehaus/woodstox/stax2-api/3.1.4/stax2-api-3.1.4.jar:/home/runner/.m2/repository/com/fasterxml/woodstox/woodstox-core/5.0.3/woodstox-core-5.0.3.jar:/home/runner/.m2/repository/com/fasterxml/jackson/module/jackson-module-jaxb-annotations/2.13.4/jackson-module-jaxb-annotations-2.13.4.jar:/home/runner/.m2/repository/jakarta/xml/bind/jakarta.xml.bind-api/2.3.3/jakarta.xml.bind-api-2.3.3.jar:/home/runner/.m2/repository/jakarta/activation/jakarta.activation-api/1.2.1/jakarta.activation-api-1.2.1.jar:/home/runner/.m2/repository/javax/enterprise/cdi-api/1.2/cdi-api-1.2.jar:/home/runner/.m2/repository/javax/el/javax.el-api/3.0.0/javax.el-api-3.0.0.jar:/home/runner/.m2/repository/javax/interceptor/javax.interceptor-api/1.2/javax.interceptor-api-1.2.jar:/home/runner/.m2/repository/javax/inject/javax.inject/1/javax.inject-1.jar:/home/runner/.m2/repository/javax/xml/bind/jaxb-api/2.3.0/jaxb-api-2.3.0.jar:/home/runner/.m2/repository/org/glassfish/jaxb/jaxb-runtime/2.3.0.1/jaxb-runtime-2.3.0.1.jar:/home/runner/.m2/repository/org/glassfish/jaxb/jaxb-core/2.3.0.1/jaxb-core-2.3.0.1.jar:/home/runner/.m2/repository/org/glassfish/jaxb/txw2/2.3.0.1/txw2-2.3.0.1.jar:/home/runner/.m2/repository/com/sun/istack/istack-commons-runtime/3.0.5/istack-commons-runtime-3.0.5.jar:/home/runner/.m2/repository/org/jvnet/staxex/stax-ex/1.7.8/stax-ex-1.7.8.jar:/home/runner/.m2/repository/com/sun/xml/fastinfoset/FastInfoset/1.2.13/FastInfoset-1.2.13.jar:/home/runner/.m2/repository/javax/activation/activation/1.1.1/activation-1.1.1.jar:/home/runner/.m2/repository/io/grpc/grpc-protobuf/1.48.1/grpc-protobuf-1.48.1.jar:/home/runner/.m2/repository/io/grpc/grpc-api/1.48.1/grpc-api-1.48.1.jar:/home/runner/.m2/repository/io/grpc/grpc-context/1.48.1/grpc-context-1.48.1.jar:/home/runner/.m2/repository/com/google/api/grpc/proto-google-common-protos/2.9.0/proto-google-common-protos-2.9.0.jar:/home/runner/.m2/repository/io/grpc/grpc-protobuf-lite/1.48.1/grpc-protobuf-lite-1.48.1.jar:/home/runner/.m2/repository/io/grpc/grpc-stub/1.48.1/grpc-stub-1.48.1.jar:/home/runner/.m2/repository/io/netty/netty-transport/4.1.79.Final/netty-transport-4.1.79.Final.jar:/home/runner/.m2/repository/io/netty/netty-resolver/4.1.79.Final/netty-resolver-4.1.79.Final.jar:/home/runner/.m2/repository/org/apache/ozone/ozone-csi/1.3.0-SNAPSHOT/ozone-csi-1.3.0-SNAPSHOT.jar:/home/runner/.m2/repository/com/google/protobuf/protobuf-java-util/3.19.2/protobuf-java-util-3.19.2.jar:/home/runner/.m2/repository/com/google/code/gson/gson/2.9.0/gson-2.9.0.jar:/home/runner/.m2/repository/org/apache/ozone/hdds-config/1.3.0-SNAPSHOT/hdds-config-1.3.0-SNAPSHOT.jar:/home/runner/.m2/repository/io/netty/netty-transport-native-epoll/4.1.79.Final/netty-transport-native-epoll-4.1.79.Final-linux-x86_64.jar:/home/runner/.m2/repository/io/netty/netty-transport-classes-epoll/4.1.79.Final/netty-transport-classes-epoll-4.1.79.Final.jar:/home/runner/.m2/repository/io/netty/netty-transport-native-unix-common/4.1.79.Final/netty-transport-native-unix-common-4.1.79.Final.jar:/home/runner/.m2/repository/org/slf4j/slf4j-reload4j/1.7.36/slf4j-reload4j-1.7.36.jar:/home/runner/.m2/repository/org/apache/ozone/ozone-recon/1.3.0-SNAPSHOT/ozone-recon-1.3.0-SNAPSHOT.jar:/home/runner/.m2/repository/org/apache/ozone/ozone-reconcodegen/1.3.0-SNAPSHOT/ozone-reconcodegen-1.3.0-SNAPSHOT.jar:/home/runner/.m2/repository/com/google/inject/extensions/guice-multibindings/4.0/guice-multibindings-4.0.jar:/home/runner/.m2/repository/com/google/inject/guice/4.0/guice-4.0.jar:/home/runner/.m2/repository/aopalliance/aopalliance/1.0/aopalliance-1.0.jar:/home/runner/.m2/repository/com/google/inject/extensions/guice-assistedinject/4.0/guice-assistedinject-4.0.jar:/home/runner/.m2/repository/com/google/inject/extensions/guice-servlet/4.0/guice-servlet-4.0.jar:/home/runner/.m2/repository/org/glassfish/jersey/containers/jersey-container-servlet/2.34/jersey-container-servlet-2.34.jar:/home/runner/.m2/repository/org/glassfish/hk2/guice-bridge/2.5.0/guice-bridge-2.5.0.jar:/home/runner/.m2/repository/org/glassfish/jersey/core/jersey-server/2.34/jersey-server-2.34.jar:/home/runner/.m2/repository/org/glassfish/jersey/core/jersey-client/2.34/jersey-client-2.34.jar:/home/runner/.m2/repository/jakarta/annotation/jakarta.annotation-api/1.3.5/jakarta.annotation-api-1.3.5.jar:/home/runner/.m2/repository/jakarta/validation/jakarta.validation-api/2.0.2/jakarta.validation-api-2.0.2.jar:/home/runner/.m2/repository/org/glassfish/jersey/media/jersey-media-json-jackson/2.34/jersey-media-json-jackson-2.34.jar:/home/runner/.m2/repository/org/glassfish/jersey/ext/jersey-entity-filtering/2.34/jersey-entity-filtering-2.34.jar:/home/runner/.m2/repository/org/jooq/jooq/3.11.10/jooq-3.11.10.jar:/home/runner/.m2/repository/org/jooq/jooq-meta/3.11.10/jooq-meta-3.11.10.jar:/home/runner/.m2/repository/org/jooq/jooq-codegen/3.11.10/jooq-codegen-3.11.10.jar:/home/runner/.m2/repository/com/jolbox/bonecp/0.8.0.RELEASE/bonecp-0.8.0.RELEASE.jar:/home/runner/.m2/repository/org/apache/derby/derby/10.14.2.0/derby-10.14.2.0.jar:/home/runner/.m2/repository/org/xerial/sqlite-jdbc/3.25.2/sqlite-jdbc-3.25.2.jar:/home/runner/.m2/repository/org/springframework/spring-jdbc/5.2.20.RELEASE/spring-jdbc-5.2.20.RELEASE.jar:/home/runner/.m2/repository/org/springframework/spring-beans/5.2.20.RELEASE/spring-beans-5.2.20.RELEASE.jar:/home/runner/.m2/repository/org/springframework/spring-core/5.2.20.RELEASE/spring-core-5.2.20.RELEASE.jar:/home/runner/.m2/repository/org/springframework/spring-jcl/5.2.20.RELEASE/spring-jcl-5.2.20.RELEASE.jar:/home/runner/.m2/repository/org/springframework/spring-tx/5.2.20.RELEASE/spring-tx-5.2.20.RELEASE.jar:/home/runner/.m2/repository/org/apache/ozone/ozone-client/1.3.0-SNAPSHOT/ozone-client-1.3.0-SNAPSHOT.jar:/home/runner/.m2/repository/org/apache/ozone/hdds-erasurecode/1.3.0-SNAPSHOT/hdds-erasurecode-1.3.0-SNAPSHOT.jar:/home/runner/.m2/repository/com/github/spotbugs/spotbugs-annotations/3.1.12/spotbugs-annotations-3.1.12.jar:/home/runner/.m2/repository/org/apache/ozone/ozone-filesystem/1.3.0-SNAPSHOT/ozone-filesystem-1.3.0-SNAPSHOT.jar:/home/runner/.m2/repository/org/apache/ozone/ozone-filesystem-common/1.3.0-SNAPSHOT/ozone-filesystem-common-1.3.0-SNAPSHOT.jar:/home/runner/.m2/repository/org/apache/ozone/ozone-tools/1.3.0-SNAPSHOT/ozone-tools-1.3.0-SNAPSHOT.jar:/home/runner/.m2/repository/org/apache/ratis/ratis-tools/2.3.0/ratis-tools-2.3.0.jar:/home/runner/.m2/repository/com/amazonaws/aws-java-sdk-core/1.12.261/aws-java-sdk-core-1.12.261.jar:/home/runner/.m2/repository/org/apache/httpcomponents/httpclient/4.5.13/httpclient-4.5.13.jar:/home/runner/.m2/repository/org/apache/httpcomponents/httpcore/4.4.13/httpcore-4.4.13.jar:/home/runner/.m2/repository/software/amazon/ion/ion-java/1.0.2/ion-java-1.0.2.jar:/home/runner/.m2/repository/com/fasterxml/jackson/dataformat/jackson-dataformat-cbor/2.13.4/jackson-dataformat-cbor-2.13.4.jar:/home/runner/.m2/repository/joda-time/joda-time/2.8.1/joda-time-2.8.1.jar:/home/runner/.m2/repository/com/amazonaws/aws-java-sdk-s3/1.12.261/aws-java-sdk-s3-1.12.261.jar:/home/runner/.m2/repository/com/amazonaws/aws-java-sdk-kms/1.12.261/aws-java-sdk-kms-1.12.261.jar:/home/runner/.m2/repository/com/amazonaws/jmespath-java/1.12.261/jmespath-java-1.12.261.jar:/home/runner/.m2/repository/org/kohsuke/metainf-services/metainf-services/1.8/metainf-services-1.8.jar:/home/runner/.m2/repository/org/apache/ozone/hdds-tools/1.3.0-SNAPSHOT/hdds-tools-1.3.0-SNAPSHOT.jar:/home/runner/.m2/repository/commons-cli/commons-cli/1.2/commons-cli-1.2.jar:/home/runner/.m2/repository/org/apache/commons/commons-lang3/3.7/commons-lang3-3.7.jar:/home/runner/.m2/repository/org/apache/ozone/ozone-manager/1.3.0-SNAPSHOT/ozone-manager-1.3.0-SNAPSHOT-tests.jar:/home/runner/.m2/repository/org/apache/ozone/hdds-common/1.3.0-SNAPSHOT/hdds-common-1.3.0-SNAPSHOT-tests.jar:/home/runner/.m2/repository/org/apache/ozone/hdds-hadoop-dependency-client/1.3.0-SNAPSHOT/hdds-hadoop-dependency-client-1.3.0-SNAPSHOT.jar:/home/runner/.m2/repository/info/picocli/picocli/4.6.1/picocli-4.6.1.jar:/home/runner/.m2/repository/com/fasterxml/jackson/core/jackson-annotations/2.13.4/jackson-annotations-2.13.4.jar:/home/runner/.m2/repository/com/fasterxml/jackson/datatype/jackson-datatype-jsr310/2.13.4/jackson-datatype-jsr310-2.13.4.jar:/home/runner/.m2/repository/org/apache/ozone/hdds-annotation-processing/1.3.0-SNAPSHOT/hdds-annotation-processing-1.3.0-SNAPSHOT.jar:/home/runner/.m2/repository/javax/annotation/javax.annotation-api/1.2/javax.annotation-api-1.2.jar:/home/runner/.m2/repository/org/apache/ratis/ratis-server/2.3.0/ratis-server-2.3.0.jar:/home/runner/.m2/repository/org/apache/ratis/ratis-client/2.3.0/ratis-client-2.3.0.jar:/home/runner/.m2/repository/org/apache/ratis/ratis-server-api/2.3.0/ratis-server-api-2.3.0.jar:/home/runner/.m2/repository/org/apache/ratis/ratis-metrics/2.3.0/ratis-metrics-2.3.0.jar:/home/runner/.m2/repository/org/apache/ratis/ratis-netty/2.3.0/ratis-netty-2.3.0.jar:/home/runner/.m2/repository/org/apache/ratis/ratis-grpc/2.3.0/ratis-grpc-2.3.0.jar:/home/runner/.m2/repository/org/apache/logging/log4j/log4j-api/2.17.1/log4j-api-2.17.1.jar:/home/runner/.m2/repository/org/apache/commons/commons-pool2/2.6.0/commons-pool2-2.6.0.jar:/home/runner/.m2/repository/org/bouncycastle/bcpkix-jdk15on/1.67/bcpkix-jdk15on-1.67.jar:/home/runner/.m2/repository/commons-validator/commons-validator/1.6/commons-validator-1.6.jar:/home/runner/.m2/repository/commons-beanutils/commons-beanutils/1.9.4/commons-beanutils-1.9.4.jar:/home/runner/.m2/repository/commons-digester/commons-digester/1.8.1/commons-digester-1.8.1.jar:/home/runner/.m2/repository/commons-collections/commons-collections/3.2.2/commons-collections-3.2.2.jar:/home/runner/.m2/repository/io/jaegertracing/jaeger-client/1.6.0/jaeger-client-1.6.0.jar:/home/runner/.m2/repository/io/jaegertracing/jaeger-thrift/1.6.0/jaeger-thrift-1.6.0.jar:/home/runner/.m2/repository/org/apache/thrift/libthrift/0.14.1/libthrift-0.14.1.jar:/home/runner/.m2/repository/com/squareup/okhttp3/okhttp/4.9.0/okhttp-4.9.0.jar:/home/runner/.m2/repository/com/squareup/okio/okio/2.8.0/okio-2.8.0.jar:/home/runner/.m2/repository/io/jaegertracing/jaeger-core/1.6.0/jaeger-core-1.6.0.jar:/home/runner/.m2/repository/io/jaegertracing/jaeger-tracerresolver/1.6.0/jaeger-tracerresolver-1.6.0.jar:/home/runner/.m2/repository/io/opentracing/contrib/opentracing-tracerresolver/0.1.8/opentracing-tracerresolver-0.1.8.jar:/home/runner/.m2/repository/org/jetbrains/kotlin/kotlin-stdlib/1.6.21/kotlin-stdlib-1.6.21.jar:/home/runner/.m2/repository/org/jetbrains/kotlin/kotlin-stdlib-common/1.6.21/kotlin-stdlib-common-1.6.21.jar:/home/runner/.m2/repository/org/jetbrains/annotations/13.0/annotations-13.0.jar:/home/runner/.m2/repository/io/opentracing/opentracing-util/0.33.0/opentracing-util-0.33.0.jar:/home/runner/.m2/repository/io/opentracing/opentracing-api/0.33.0/opentracing-api-0.33.0.jar:/home/runner/.m2/repository/io/opentracing/opentracing-noop/0.33.0/opentracing-noop-0.33.0.jar:/home/runner/.m2/repository/org/yaml/snakeyaml/1.32/snakeyaml-1.32.jar:/home/runner/.m2/repository/org/apache/ozone/hdds-interface-admin/1.3.0-SNAPSHOT/hdds-interface-admin-1.3.0-SNAPSHOT.jar:/home/runner/.m2/repository/junit/junit/4.13.1/junit-4.13.1.jar:/home/runner/.m2/repository/org/hamcrest/hamcrest-core/1.3/hamcrest-core-1.3.jar:/home/runner/.m2/repository/org/junit/jupiter/junit-jupiter-api/5.8.2/junit-jupiter-api-5.8.2.jar:/home/runner/.m2/repository/org/opentest4j/opentest4j/1.2.0/opentest4j-1.2.0.jar:/home/runner/.m2/repository/org/junit/platform/junit-platform-commons/1.8.2/junit-platform-commons-1.8.2.jar:/home/runner/.m2/repository/org/apiguardian/apiguardian-api/1.1.2/apiguardian-api-1.1.2.jar:/home/runner/.m2/repository/org/junit/jupiter/junit-jupiter-params/5.8.2/junit-jupiter-params-5.8.2.jar:/home/runner/.m2/repository/org/junit/jupiter/junit-jupiter-migrationsupport/5.8.2/junit-jupiter-migrationsupport-5.8.2.jar:/home/runner/.m2/repository/org/junit/jupiter/junit-jupiter-engine/5.8.2/junit-jupiter-engine-5.8.2.jar:/home/runner/.m2/repository/org/junit/platform/junit-platform-engine/1.8.2/junit-platform-engine-1.8.2.jar:/home/runner/.m2/repository/org/junit/vintage/junit-vintage-engine/5.8.2/junit-vintage-engine-5.8.2.jar:/home/runner/.m2/repository/org/junit/platform/junit-platform-launcher/1.8.2/junit-platform-launcher-1.8.2.jar:/home/runner/.m2/repository/org/mockito/mockito-core/2.28.2/mockito-core-2.28.2.jar:/home/runner/.m2/repository/net/bytebuddy/byte-buddy/1.9.10/byte-buddy-1.9.10.jar:/home/runner/.m2/repository/net/bytebuddy/byte-buddy-agent/1.9.10/byte-buddy-agent-1.9.10.jar:/home/runner/.m2/repository/org/objenesis/objenesis/1.0/objenesis-1.0.jar:/home/runner/.m2/repository/org/apache/hadoop/hadoop-kms/3.3.1/hadoop-kms-3.3.1.jar:/home/runner/.m2/repository/org/apache/hadoop/hadoop-auth/3.3.1/hadoop-auth-3.3.1.jar:/home/runner/.m2/repository/com/nimbusds/nimbus-jose-jwt/7.9/nimbus-jose-jwt-7.9.jar:/home/runner/.m2/repository/com/github/stephenc/jcip/jcip-annotations/1.0-1/jcip-annotations-1.0-1.jar:/home/runner/.m2/repository/net/minidev/json-smart/2.4.7/json-smart-2.4.7.jar:/home/runner/.m2/repository/net/minidev/accessors-smart/2.4.7/accessors-smart-2.4.7.jar:/home/runner/.m2/repository/org/ow2/asm/asm/5.0.4/asm-5.0.4.jar:/home/runner/.m2/repository/org/apache/zookeeper/zookeeper/3.5.6/zookeeper-3.5.6.jar:/home/runner/.m2/repository/org/apache/zookeeper/zookeeper-jute/3.5.6/zookeeper-jute-3.5.6.jar:/home/runner/.m2/repository/org/apache/yetus/audience-annotations/0.5.0/audience-annotations-0.5.0.jar:/home/runner/.m2/repository/org/apache/curator/curator-framework/4.2.0/curator-framework-4.2.0.jar:/home/runner/.m2/repository/org/apache/hadoop/thirdparty/hadoop-shaded-guava/1.1.1/hadoop-shaded-guava-1.1.1.jar:/home/runner/.m2/repository/com/sun/jersey/jersey-core/1.19/jersey-core-1.19.jar:/home/runner/.m2/repository/javax/ws/rs/jsr311-api/1.1.1/jsr311-api-1.1.1.jar:/home/runner/.m2/repository/com/sun/jersey/jersey-server/1.19/jersey-server-1.19.jar:/home/runner/.m2/repository/javax/servlet/javax.servlet-api/3.1.0/javax.servlet-api-3.1.0.jar:/home/runner/.m2/repository/org/eclipse/jetty/jetty-server/9.4.43.v20210629/jetty-server-9.4.43.v20210629.jar:/home/runner/.m2/repository/org/eclipse/jetty/jetty-http/9.4.43.v20210629/jetty-http-9.4.43.v20210629.jar:/home/runner/.m2/repository/org/eclipse/jetty/jetty-io/9.4.43.v20210629/jetty-io-9.4.43.v20210629.jar:/home/runner/.m2/repository/org/eclipse/jetty/jetty-webapp/9.4.43.v20210629/jetty-webapp-9.4.43.v20210629.jar:/home/runner/.m2/repository/org/eclipse/jetty/jetty-xml/9.4.43.v20210629/jetty-xml-9.4.43.v20210629.jar:/home/runner/.m2/repository/org/apache/hadoop/hadoop-common/3.3.1/hadoop-common-3.3.1.jar:/home/runner/.m2/repository/org/apache/commons/commons-math3/3.1.1/commons-math3-3.1.1.jar:/home/runner/.m2/repository/commons-net/commons-net/3.6/commons-net-3.6.jar:/home/runner/.m2/repository/com/sun/jersey/jersey-servlet/1.19/jersey-servlet-1.19.jar:/home/runner/.m2/repository/com/sun/jersey/jersey-json/1.19/jersey-json-1.19.jar:/home/runner/.m2/repository/org/codehaus/jettison/jettison/1.1/jettison-1.1.jar:/home/runner/.m2/repository/com/sun/xml/bind/jaxb-impl/2.2.3-1/jaxb-impl-2.2.3-1.jar:/home/runner/.m2/repository/org/codehaus/jackson/jackson-xc/1.9.2/jackson-xc-1.9.2.jar:/home/runner/.m2/repository/org/apache/commons/commons-configuration2/2.1.1/commons-configuration2-2.1.1.jar:/home/runner/.m2/repository/org/apache/commons/commons-text/1.4/commons-text-1.4.jar:/home/runner/.m2/repository/com/google/re2j/re2j/1.1/re2j-1.1.jar:/home/runner/.m2/repository/com/jcraft/jsch/0.1.54/jsch-0.1.54.jar:/home/runner/.m2/repository/org/apache/curator/curator-client/4.2.0/curator-client-4.2.0.jar:/home/runner/.m2/repository/org/apache/curator/curator-recipes/4.2.0/curator-recipes-4.2.0.jar:/home/runner/.m2/repository/org/apache/htrace/htrace-core4/4.1.0-incubating/htrace-core4-4.1.0-incubating.jar:/home/runner/.m2/repository/org/apache/kerby/kerb-core/1.0.1/kerb-core-1.0.1.jar:/home/runner/.m2/repository/org/apache/kerby/kerby-pkix/1.0.1/kerby-pkix-1.0.1.jar:/home/runner/.m2/repository/org/apache/kerby/kerby-asn1/1.0.1/kerby-asn1-1.0.1.jar:/home/runner/.m2/repository/org/apache/kerby/kerby-util/1.0.1/kerby-util-1.0.1.jar:/home/runner/.m2/repository/dnsjava/dnsjava/2.1.7/dnsjava-2.1.7.jar:/home/runner/.m2/repository/org/xerial/snappy/snappy-java/1.1.8.2/snappy-java-1.1.8.2.jar:/home/runner/.m2/repository/org/eclipse/jetty/jetty-util/9.4.43.v20210629/jetty-util-9.4.43.v20210629.jar:/home/runner/.m2/repository/com/fasterxml/jackson/core/jackson-databind/2.13.4/jackson-databind-2.13.4.jar:/home/runner/.m2/repository/org/apache/hadoop/hadoop-kms/3.3.1/hadoop-kms-3.3.1-tests.jar:/home/runner/.m2/repository/org/apache/ozone/hdds-server-scm/1.3.0-SNAPSHOT/hdds-server-scm-1.3.0-SNAPSHOT-tests.jar:/home/runner/.m2/repository/org/apache/ozone/hdds-container-service/1.3.0-SNAPSHOT/hdds-container-service-1.3.0-SNAPSHOT-tests.jar:/home/runner/.m2/repository/commons-codec/commons-codec/1.11/commons-codec-1.11.jar:/home/runner/.m2/repository/io/netty/netty-codec/4.1.79.Final/netty-codec-4.1.79.Final.jar:/home/runner/.m2/repository/io/netty/netty-handler/4.1.79.Final/netty-handler-4.1.79.Final.jar:/home/runner/.m2/repository/org/apache/ozone/hdds-hadoop-dependency-test/1.3.0-SNAPSHOT/hdds-hadoop-dependency-test-1.3.0-SNAPSHOT.jar:/home/runner/.m2/repository/org/apache/hadoop/hadoop-common/3.3.1/hadoop-common-3.3.1-tests.jar:/home/runner/.m2/repository/org/apache/hadoop/hadoop-hdfs/3.3.1/hadoop-hdfs-3.3.1-tests.jar:/home/runner/.m2/repository/org/assertj/assertj-core/3.12.2/assertj-core-3.12.2.jar:/home/runner/.m2/repository/org/apache/hadoop/hadoop-distcp/3.3.1/hadoop-distcp-3.3.1.jar:/home/runner/.m2/repository/org/apache/hadoop/hadoop-mapreduce-client-jobclient/3.3.1/hadoop-mapreduce-client-jobclient-3.3.1.jar:/home/runner/.m2/repository/org/apache/hadoop/hadoop-mapreduce-client-common/3.3.1/hadoop-mapreduce-client-common-3.3.1.jar:/home/runner/.m2/repository/org/apache/hadoop/hadoop-yarn-common/3.3.1/hadoop-yarn-common-3.3.1.jar:/home/runner/.m2/repository/org/apache/hadoop/hadoop-yarn-api/3.3.1/hadoop-yarn-api-3.3.1.jar:/home/runner/.m2/repository/com/sun/jersey/contribs/jersey-guice/1.19/jersey-guice-1.19.jar:/home/runner/.m2/repository/com/fasterxml/jackson/jaxrs/jackson-jaxrs-json-provider/2.13.4/jackson-jaxrs-json-provider-2.13.4.jar:/home/runner/.m2/repository/com/fasterxml/jackson/jaxrs/jackson-jaxrs-base/2.13.4/jackson-jaxrs-base-2.13.4.jar:/home/runner/.m2/repository/org/apache/hadoop/hadoop-yarn-client/3.3.1/hadoop-yarn-client-3.3.1.jar:/home/runner/.m2/repository/org/eclipse/jetty/websocket/websocket-client/9.4.40.v20210413/websocket-client-9.4.40.v20210413.jar:/home/runner/.m2/repository/org/eclipse/jetty/websocket/websocket-common/9.4.40.v20210413/websocket-common-9.4.40.v20210413.jar:/home/runner/.m2/repository/org/eclipse/jetty/websocket/websocket-api/9.4.40.v20210413/websocket-api-9.4.40.v20210413.jar:/home/runner/.m2/repository/org/jline/jline/3.9.0/jline-3.9.0.jar:/home/runner/.m2/repository/org/apache/hadoop/hadoop-mapreduce-client-core/3.3.1/hadoop-mapreduce-client-core-3.3.1.jar:/home/runner/.m2/repository/org/apache/avro/avro/1.7.7/avro-1.7.7.jar:/home/runner/.m2/repository/org/codehaus/jackson/jackson-core-asl/1.9.13/jackson-core-asl-1.9.13.jar:/home/runner/.m2/repository/org/codehaus/jackson/jackson-mapper-asl/1.9.13/jackson-mapper-asl-1.9.13.jar:/home/runner/.m2/repository/com/thoughtworks/paranamer/paranamer/2.3/paranamer-2.3.jar:/home/runner/.m2/repository/org/apache/hadoop/hadoop-annotations/3.3.1/hadoop-annotations-3.3.1.jar:/opt/hostedtoolcache/jdk/8.0.345/x64/jre/../lib/tools.jar:/home/runner/.m2/repository/io/netty/netty/3.10.6.Final/netty-3.10.6.Final.jar:/home/runner/.m2/repository/org/apache/hadoop/hadoop-distcp/3.3.1/hadoop-distcp-3.3.1-tests.jar:/home/runner/.m2/repository/org/slf4j/jul-to-slf4j/1.7.36/jul-to-slf4j-1.7.36.jar:/home/runner/.m2/repository/org/apache/ratis/ratis-common/2.3.0/ratis-common-2.3.0.jar:/home/runner/.m2/repository/org/apache/ratis/ratis-thirdparty-misc/1.0.0/ratis-thirdparty-misc-1.0.0.jar:/home/runner/.m2/repository/org/apache/ratis/ratis-proto/2.3.0/ratis-proto-2.3.0.jar:"/>
    <property name="sun.cpu.endian" value="little"/>
    <property name="user.home" value="/home/runner"/>
    <property name="user.language" value="en"/>
    <property name="java.specification.vendor" value="Oracle Corporation"/>
    <property name="java.home" value="/opt/hostedtoolcache/jdk/8.0.345/x64/jre"/>
    <property name="java.security.krb5.conf" value="/home/runner/work/ozone/ozone/hadoop-ozone/integration-test/target/test-classes/krb5.conf"/>
    <property name="basedir" value="/home/runner/work/ozone/ozone/hadoop-ozone/integration-test"/>
    <property name="file.separator" value="/"/>
    <property name="line.separator" value="&#10;"/>
    <property name="jdk.vendor.version" value="Zulu 8.64.0.19-CA-linux64"/>
    <property name="java.vm.specification.vendor" value="Oracle Corporation"/>
    <property name="java.specification.name" value="Java Platform API Specification"/>
    <property name="java.awt.graphicsenv" value="sun.awt.X11GraphicsEnvironment"/>
    <property name="skip.installnpx" value="true"/>
    <property name="surefire.real.class.path" value="/home/runner/work/ozone/ozone/hadoop-ozone/integration-test/target/surefire/surefirebooter3355553727727942310.jar:/home/runner/.m2/repository/org/jacoco/org.jacoco.agent/0.8.5/org.jacoco.agent-0.8.5-runtime.jar"/>
    <property name="hadoop.log.dir" value="/home/runner/work/ozone/ozone/hadoop-ozone/integration-test/target/log"/>
    <property name="sun.boot.class.path" value="/opt/hostedtoolcache/jdk/8.0.345/x64/jre/lib/resources.jar:/opt/hostedtoolcache/jdk/8.0.345/x64/jre/lib/rt.jar:/opt/hostedtoolcache/jdk/8.0.345/x64/jre/lib/sunrsasign.jar:/opt/hostedtoolcache/jdk/8.0.345/x64/jre/lib/jsse.jar:/opt/hostedtoolcache/jdk/8.0.345/x64/jre/lib/jce.jar:/opt/hostedtoolcache/jdk/8.0.345/x64/jre/lib/charsets.jar:/opt/hostedtoolcache/jdk/8.0.345/x64/jre/lib/jfr.jar:/opt/hostedtoolcache/jdk/8.0.345/x64/jre/lib/cat.jar:/opt/hostedtoolcache/jdk/8.0.345/x64/jre/classes"/>
    <property name="sun.management.compiler" value="HotSpot 64-Bit Tiered Compilers"/>
    <property name="skip.npx" value="true"/>
    <property name="java.runtime.version" value="1.8.0_345-b01"/>
    <property name="java.net.preferIPv4Stack" value="true"/>
    <property name="user.name" value="runner"/>
    <property name="path.separator" value=":"/>
    <property name="java.security.egd" value="file:///dev/urandom"/>
    <property name="os.version" value="5.15.0-1020-azure"/>
    <property name="java.endorsed.dirs" value="/opt/hostedtoolcache/jdk/8.0.345/x64/jre/lib/endorsed"/>
    <property name="java.runtime.name" value="OpenJDK Runtime Environment"/>
    <property name="file.encoding" value="UTF-8"/>
    <property name="java.vm.name" value="OpenJDK 64-Bit Server VM"/>
    <property name="test.build.webapps" value=""/>
    <property name="localRepository" value="/home/runner/.m2/repository"/>
    <property name="jetty.git.hash" value="526006ecfa3af7f1a27ef3a288e2bef7ea9dd7e8"/>
    <property name="java.vendor.url.bug" value="http://www.azul.com/support/"/>
    <property name="java.io.tmpdir" value="/tmp"/>
    <property name="require.test.libhadoop" value=""/>
    <property name="java.version" value="1.8.0_345"/>
    <property name="user.dir" value="/home/runner/work/ozone/ozone/hadoop-ozone/integration-test"/>
    <property name="os.arch" value="amd64"/>
    <property name="java.vm.specification.name" value="Java Virtual Machine Specification"/>
    <property name="test.build.classes" value="/home/runner/work/ozone/ozone/hadoop-ozone/integration-test/target/test-classes"/>
    <property name="java.awt.printerjob" value="sun.print.PSPrinterJob"/>
    <property name="sun.os.patch.level" value="unknown"/>
    <property name="hadoop.tmp.dir" value="/home/runner/work/ozone/ozone/hadoop-ozone/integration-test/target/tmp"/>
    <property name="java.library.path" value="/usr/java/packages/lib/amd64:/usr/lib64:/lib64:/lib:/usr/lib"/>
    <property name="java.vm.info" value="mixed mode"/>
    <property name="java.vendor" value="Azul Systems, Inc."/>
    <property name="java.vm.version" value="25.345-b01"/>
    <property name="java.ext.dirs" value="/opt/hostedtoolcache/jdk/8.0.345/x64/jre/lib/ext:/usr/java/packages/lib/ext"/>
    <property name="sun.io.unicode.encoding" value="UnicodeLittle"/>
    <property name="java.class.version" value="52.0"/>
  </properties>
  <testcase name="testGetTrashRoot" classname="TestOzoneFileSystem" time="29.168">
    <system-out><![CDATA[2022-10-10 08:34:30,387 [main] WARN  server.ServerUtils (ServerUtils.java:getScmDbDir(148)) - ozone.scm.db.dirs is not configured. We recommend adding this setting. Falling back to ozone.metadata.dirs instead.
2022-10-10 08:34:30,522 [main] WARN  server.ServerUtils (ServerUtils.java:getScmDbDir(148)) - ozone.scm.db.dirs is not configured. We recommend adding this setting. Falling back to ozone.metadata.dirs instead.
2022-10-10 08:34:30,526 [main] INFO  ha.SCMHANodeDetails (SCMHANodeDetails.java:loadSCMHAConfig(209)) - ServiceID for StorageContainerManager is null
2022-10-10 08:34:30,540 [main] WARN  ha.SCMHANodeDetails (SCMHANodeDetails.java:validateSCMHAConfig(182)) - Invalid config ozone.scm.ratis.enable. The config was not specified, but the default value true conflicts with the expected config value false. Falling back to the expected value. Current State of SCM: SCM is running in Non-HA without Ratis Ratis SCM -> Non Ratis SCM or Non HA SCM -> HA SCM is not supported
2022-10-10 08:34:30,541 [main] INFO  ha.SCMHANodeDetails (SCMHANodeDetails.java:loadSCMHAConfig(214)) - ozone.scm.default.service.id is not defined, falling back to ozone.scm.service.ids to find serviceID for StorageContainerManager if it is HA enabled cluster
2022-10-10 08:34:31,265 [main] WARN  utils.HAUtils (HAUtils.java:getMetaDir(342)) - ozone.scm.db.dirs is not configured. We recommend adding this setting. Falling back to ozone.metadata.dirs instead.
2022-10-10 08:34:31,506 [main] WARN  db.DBStoreBuilder (DBStoreBuilder.java:applyDBDefinition(144)) - ozone.scm.db.dirs is not configured. We recommend adding this setting. Falling back to ozone.metadata.dirs instead.
2022-10-10 08:34:31,787 [main] INFO  net.NodeSchemaLoader (NodeSchemaLoader.java:loadSchemaFromFile(129)) - Loading schema from [jar:file:/home/runner/.m2/repository/org/apache/ozone/hdds-common/1.3.0-SNAPSHOT/hdds-common-1.3.0-SNAPSHOT.jar!/network-topology-default.xml]
2022-10-10 08:34:31,790 [main] INFO  net.NodeSchemaLoader (NodeSchemaLoader.java:loadSchema(176)) - Loading network topology layer schema file
2022-10-10 08:34:31,855 [main] INFO  metrics.MetricRegistries (MetricRegistriesLoader.java:load(64)) - Loaded MetricRegistries class org.apache.ratis.metrics.impl.MetricRegistriesImpl
2022-10-10 08:34:31,863 [main] INFO  upgrade.AbstractLayoutVersionManager (AbstractLayoutVersionManager.java:init(83)) - Initializing Layout version manager with metadata layout = DATANODE_SCHEMA_V3 (version = 4), software layout = DATANODE_SCHEMA_V3 (version = 4)
2022-10-10 08:34:32,199 [main] INFO  reflections.Reflections (Reflections.java:scan(232)) - Reflections took 210 ms to scan 7 urls, producing 135 keys and 327 values 
2022-10-10 08:34:32,342 [main] INFO  ha.SequenceIdGenerator (SequenceIdGenerator.java:upgradeToSequenceId(349)) - upgrade localId to 109611004723200000
2022-10-10 08:34:32,343 [main] INFO  ha.SequenceIdGenerator (SequenceIdGenerator.java:upgradeToSequenceId(359)) - upgrade delTxnId to 0
2022-10-10 08:34:32,347 [main] INFO  ha.SequenceIdGenerator (SequenceIdGenerator.java:upgradeToSequenceId(376)) - upgrade containerId to 0
2022-10-10 08:34:32,350 [main] INFO  ha.SequenceIdGenerator (SequenceIdGenerator.java:<init>(220)) - Init the HA SequenceIdGenerator.
2022-10-10 08:34:32,400 [main] WARN  server.ServerUtils (ServerUtils.java:sanitizeUserArgs(73)) - ozone.scm.stale.node.interval value = 300000 is larger than max = 100000 based on the key value of ozone.scm.heartbeat.thread.interval, reset to the max value 100000.
2022-10-10 08:34:32,401 [main] WARN  server.ServerUtils (ServerUtils.java:sanitizeUserArgs(73)) - ozone.scm.stale.node.interval value = 300000 is larger than max = 100000 based on the key value of ozone.scm.heartbeat.thread.interval, reset to the max value 100000.
2022-10-10 08:34:32,408 [main] INFO  node.SCMNodeManager (SCMNodeManager.java:<init>(149)) - Entering startup safe mode.
2022-10-10 08:34:32,511 [main] INFO  algorithms.ContainerPlacementPolicyFactory (ContainerPlacementPolicyFactory.java:getPolicyInternal(86)) - Create container placement policy of type org.apache.hadoop.hdds.scm.container.placement.algorithms.SCMContainerPlacementRandom
2022-10-10 08:34:32,514 [main] INFO  algorithms.ContainerPlacementPolicyFactory (ContainerPlacementPolicyFactory.java:getPolicyInternal(86)) - Create container placement policy of type org.apache.hadoop.hdds.scm.container.placement.algorithms.SCMContainerPlacementRackScatter
2022-10-10 08:34:32,526 [main] INFO  pipeline.PipelineStateManagerImpl (PipelineStateManagerImpl.java:initialize(78)) - No pipeline exists in current db
2022-10-10 08:34:32,575 [main] INFO  algorithms.LeaderChoosePolicyFactory (LeaderChoosePolicyFactory.java:getPolicy(57)) - Create leader choose policy of type org.apache.hadoop.hdds.scm.pipeline.leader.choose.algorithms.MinLeaderCountChoosePolicy
2022-10-10 08:34:32,575 [main] INFO  algorithms.ContainerPlacementPolicyFactory (ContainerPlacementPolicyFactory.java:getPolicyInternal(86)) - Create container placement policy of type org.apache.hadoop.hdds.scm.container.placement.algorithms.SCMContainerPlacementRackScatter
2022-10-10 08:34:32,583 [main] INFO  ha.SCMServiceManager (SCMServiceManager.java:register(42)) - Registering service BackgroundPipelineCreator.
2022-10-10 08:34:32,584 [main] INFO  pipeline.BackgroundPipelineCreator (BackgroundPipelineCreator.java:start(124)) - Starting RatisPipelineUtilsThread.
2022-10-10 08:34:32,590 [main] INFO  BackgroundPipelineScrubber (BackgroundSCMService.java:start(68)) - Starting BackgroundPipelineScrubber Service.
2022-10-10 08:34:32,592 [main] INFO  ha.SCMServiceManager (SCMServiceManager.java:register(42)) - Registering service BackgroundPipelineScrubber.
2022-10-10 08:34:32,604 [main] INFO  ExpiredContainerReplicaOpScrubber (BackgroundSCMService.java:start(68)) - Starting ExpiredContainerReplicaOpScrubber Service.
2022-10-10 08:34:32,610 [main] INFO  ha.SCMServiceManager (SCMServiceManager.java:register(42)) - Registering service ExpiredContainerReplicaOpScrubber.
2022-10-10 08:34:32,670 [main] INFO  algorithms.PipelineChoosePolicyFactory (PipelineChoosePolicyFactory.java:createPipelineChoosePolicyFromClass(73)) - Create pipeline choose policy of type org.apache.hadoop.hdds.scm.pipeline.choose.algorithms.RandomPipelineChoosePolicy
2022-10-10 08:34:32,692 [main] INFO  ha.SCMServiceManager (SCMServiceManager.java:register(42)) - Registering service SCMBlockDeletingService.
2022-10-10 08:34:32,744 [main] INFO  replication.ReplicationManager (ReplicationManager.java:start(223)) - Starting Replication Monitor Thread.
2022-10-10 08:34:32,752 [main] INFO  ha.SCMServiceManager (SCMServiceManager.java:register(42)) - Registering service ReplicationManager.
2022-10-10 08:34:32,760 [ReplicationMonitor] INFO  replication.ReplicationManager (ReplicationManager.java:processAll(291)) - Replication Manager is not ready to run until 3000ms after safemode exit
2022-10-10 08:34:32,764 [main] INFO  safemode.ContainerSafeModeRule (ContainerSafeModeRule.java:<init>(89)) - containers with one replica threshold count 0
2022-10-10 08:34:32,769 [main] INFO  safemode.HealthyPipelineSafeModeRule (HealthyPipelineSafeModeRule.java:initializeRule(169)) - Total pipeline count is 0, healthy pipeline threshold count is 1
2022-10-10 08:34:32,772 [main] INFO  safemode.OneReplicaPipelineSafeModeRule (OneReplicaPipelineSafeModeRule.java:initializeRule(180)) - Total pipeline count is 0, pipeline's with at least one datanode reported threshold count is 0
2022-10-10 08:34:33,198 [main] INFO  audit.AuditLogger (AuditLogger.java:refreshDebugCmdSet(126)) - Refresh DebugCmdSet for SCMAudit to [].
2022-10-10 08:34:33,238 [main] INFO  ipc.CallQueueManager (CallQueueManager.java:<init>(90)) - Using callQueue: class java.util.concurrent.LinkedBlockingQueue, queueCapacity: 2000, scheduler: class org.apache.hadoop.ipc.DefaultRpcScheduler, ipcBackoff: false.
2022-10-10 08:34:33,299 [Socket Reader #1 for port 0] INFO  ipc.Server (Server.java:run(1265)) - Starting Socket Reader #1 for port 0
2022-10-10 08:34:33,370 [Listener at 0.0.0.0/38769] INFO  audit.AuditLogger (AuditLogger.java:refreshDebugCmdSet(126)) - Refresh DebugCmdSet for SCMAudit to [].
2022-10-10 08:34:33,377 [Listener at 0.0.0.0/38769] INFO  ipc.CallQueueManager (CallQueueManager.java:<init>(90)) - Using callQueue: class java.util.concurrent.LinkedBlockingQueue, queueCapacity: 2000, scheduler: class org.apache.hadoop.ipc.DefaultRpcScheduler, ipcBackoff: false.
2022-10-10 08:34:33,379 [Socket Reader #1 for port 0] INFO  ipc.Server (Server.java:run(1265)) - Starting Socket Reader #1 for port 0
2022-10-10 08:34:33,414 [Listener at 0.0.0.0/37253] INFO  audit.AuditLogger (AuditLogger.java:refreshDebugCmdSet(126)) - Refresh DebugCmdSet for SCMAudit to [].
2022-10-10 08:34:33,429 [Listener at 0.0.0.0/37253] INFO  ipc.CallQueueManager (CallQueueManager.java:<init>(90)) - Using callQueue: class java.util.concurrent.LinkedBlockingQueue, queueCapacity: 2000, scheduler: class org.apache.hadoop.ipc.DefaultRpcScheduler, ipcBackoff: false.
2022-10-10 08:34:33,431 [Socket Reader #1 for port 0] INFO  ipc.Server (Server.java:run(1265)) - Starting Socket Reader #1 for port 0
2022-10-10 08:34:33,586 [Listener at 0.0.0.0/41569] INFO  ha.SCMServiceManager (SCMServiceManager.java:register(42)) - Registering service ContainerBalancer.
2022-10-10 08:34:33,587 [Listener at 0.0.0.0/41569] INFO  server.StorageContainerManager (StorageContainerManager.java:<init>(410)) - 
Container Balancer status:
Key                            Value
Running                        false
Container Balancer Configuration values:
Key                                                Value
Threshold                                          10
Max Datanodes to Involve per Iteration(percent)    20
Max Size to Move per Iteration                     500GB
Max Size Entering Target per Iteration             26GB
Max Size Leaving Source per Iteration              26GB

2022-10-10 08:34:33,587 [Listener at 0.0.0.0/41569] WARN  events.EventQueue (EventQueue.java:fireEvent(216)) - No event handler registered for event TypedEvent{payloadType=SafeModeStatus, name='Safe mode status'}
2022-10-10 08:34:33,587 [Listener at 0.0.0.0/41569] INFO  ha.SCMContext (SCMContext.java:updateSafeModeStatus(228)) - Update SafeModeStatus from SafeModeStatus{safeModeStatus=true, preCheckPassed=false} to SafeModeStatus{safeModeStatus=true, preCheckPassed=false}.
2022-10-10 08:34:33,590 [Listener at 0.0.0.0/41569] INFO  server.StorageContainerManager (StorageContainerManager.java:start(1436)) - StorageContainerLocationProtocol RPC server is listening at /0.0.0.0:41569
2022-10-10 08:34:33,674 [Listener at 0.0.0.0/41569] WARN  impl.MetricsConfig (MetricsConfig.java:loadFirst(136)) - Cannot locate configuration: tried hadoop-metrics2-storagecontainermanager.properties,hadoop-metrics2.properties
2022-10-10 08:34:33,689 [Listener at 0.0.0.0/41569] INFO  impl.MetricsSystemImpl (MetricsSystemImpl.java:startTimer(378)) - Scheduled Metric snapshot period at 10 second(s).
2022-10-10 08:34:33,689 [Listener at 0.0.0.0/41569] INFO  impl.MetricsSystemImpl (MetricsSystemImpl.java:start(191)) - StorageContainerManager metrics system started
2022-10-10 08:34:34,003 [Listener at 0.0.0.0/41569] INFO  server.SCMClientProtocolServer (SCMClientProtocolServer.java:start(170)) - RPC server for Client  is listening at /0.0.0.0:41569
2022-10-10 08:34:34,008 [IPC Server Responder] INFO  ipc.Server (Server.java:run(1507)) - IPC Server Responder: starting
2022-10-10 08:34:34,014 [Listener at 0.0.0.0/41569] INFO  server.StorageContainerManager (StorageContainerManager.java:start(1451)) - ScmBlockLocationProtocol RPC server is listening at /0.0.0.0:37253
2022-10-10 08:34:34,019 [Listener at 0.0.0.0/41569] INFO  server.SCMBlockProtocolServer (SCMBlockProtocolServer.java:start(152)) - RPC server for Block Protocol is listening at /0.0.0.0:37253
2022-10-10 08:34:34,009 [IPC Server listener on 0] INFO  ipc.Server (Server.java:run(1344)) - IPC Server listener on 0: starting
2022-10-10 08:34:34,020 [IPC Server Responder] INFO  ipc.Server (Server.java:run(1507)) - IPC Server Responder: starting
2022-10-10 08:34:34,020 [IPC Server listener on 0] INFO  ipc.Server (Server.java:run(1344)) - IPC Server listener on 0: starting
2022-10-10 08:34:34,024 [Listener at 0.0.0.0/41569] INFO  server.SCMDatanodeProtocolServer (SCMDatanodeProtocolServer.java:start(186)) - ScmDatanodeProtocol RPC server for DataNodes is listening at /0.0.0.0:38769
2022-10-10 08:34:34,025 [IPC Server Responder] INFO  ipc.Server (Server.java:run(1507)) - IPC Server Responder: starting
2022-10-10 08:34:34,025 [IPC Server listener on 0] INFO  ipc.Server (Server.java:run(1344)) - IPC Server listener on 0: starting
2022-10-10 08:34:34,049 [org.apache.hadoop.util.JvmPauseMonitor$Monitor@40ebb56] INFO  util.JvmPauseMonitor (JvmPauseMonitor.java:run(188)) - Starting JVM pause monitor
2022-10-10 08:34:34,075 [Listener at 0.0.0.0/41569] INFO  http.BaseHttpServer (BaseHttpServer.java:newHttpServer2BuilderForOzone(213)) - Starting Web-server for scm at: http://0.0.0.0:0
2022-10-10 08:34:34,075 [Listener at 0.0.0.0/41569] INFO  http.BaseHttpServer (BaseHttpServer.java:<init>(108)) - Hadoop Security Enabled: false Ozone Security Enabled: false Ozone HTTP Security Enabled: false 
2022-10-10 08:34:34,109 [Listener at 0.0.0.0/41569] INFO  util.log (Log.java:initialized(170)) - Logging initialized @5666ms to org.eclipse.jetty.util.log.Slf4jLog
2022-10-10 08:34:34,272 [Listener at 0.0.0.0/41569] INFO  server.AuthenticationFilter (AuthenticationFilter.java:constructSecretProvider(240)) - Unable to initialize FileSignerSecretProvider, falling back to use random secrets.
2022-10-10 08:34:34,288 [Listener at 0.0.0.0/41569] WARN  http.HttpRequestLog (HttpRequestLog.java:getRequestLog(103)) - Jetty request log can only be enabled using Log4j
2022-10-10 08:34:34,299 [Listener at 0.0.0.0/41569] INFO  http.HttpServer2 (HttpServer2.java:addGlobalFilter(1031)) - Added global filter 'safety' (class=org.apache.hadoop.hdds.server.http.HttpServer2$QuotingInputFilter)
2022-10-10 08:34:34,303 [Listener at 0.0.0.0/41569] INFO  http.HttpServer2 (HttpServer2.java:addFilter(1007)) - Added filter static_user_filter (class=org.apache.hadoop.http.lib.StaticUserWebFilter$StaticUserFilter) to context scm
2022-10-10 08:34:34,304 [Listener at 0.0.0.0/41569] INFO  http.HttpServer2 (HttpServer2.java:addFilter(1015)) - Added filter static_user_filter (class=org.apache.hadoop.http.lib.StaticUserWebFilter$StaticUserFilter) to context static
2022-10-10 08:34:34,304 [Listener at 0.0.0.0/41569] INFO  http.HttpServer2 (HttpServer2.java:addFilter(1015)) - Added filter static_user_filter (class=org.apache.hadoop.http.lib.StaticUserWebFilter$StaticUserFilter) to context logs
2022-10-10 08:34:34,352 [Listener at 0.0.0.0/41569] INFO  http.HttpServer2 (HttpServer2.java:bindListener(1250)) - Jetty bound to port 32997
2022-10-10 08:34:34,354 [Listener at 0.0.0.0/41569] INFO  server.Server (Server.java:doStart(375)) - jetty-9.4.43.v20210629; built: 2021-06-30T11:07:22.254Z; git: 526006ecfa3af7f1a27ef3a288e2bef7ea9dd7e8; jvm 1.8.0_345-b01
2022-10-10 08:34:34,415 [Listener at 0.0.0.0/41569] INFO  server.session (DefaultSessionIdManager.java:doStart(334)) - DefaultSessionIdManager workerName=node0
2022-10-10 08:34:34,416 [Listener at 0.0.0.0/41569] INFO  server.session (DefaultSessionIdManager.java:doStart(339)) - No SessionScavenger set, using defaults
2022-10-10 08:34:34,420 [Listener at 0.0.0.0/41569] INFO  server.session (HouseKeeper.java:startScavenging(132)) - node0 Scavenging every 600000ms
2022-10-10 08:34:34,440 [Listener at 0.0.0.0/41569] INFO  handler.ContextHandler (ContextHandler.java:doStart(915)) - Started o.e.j.s.ServletContextHandler@9771c71{logs,/logs,file:///home/runner/work/ozone/ozone/hadoop-ozone/integration-test/target/log,AVAILABLE}
2022-10-10 08:34:34,441 [Listener at 0.0.0.0/41569] INFO  handler.ContextHandler (ContextHandler.java:doStart(915)) - Started o.e.j.s.ServletContextHandler@63541cd4{static,/static,file:///home/runner/work/ozone/ozone/hadoop-ozone/integration-test/target/test-classes/webapps/static,AVAILABLE}
2022-10-10 08:34:34,495 [Listener at 0.0.0.0/41569] INFO  handler.ContextHandler (ContextHandler.java:doStart(915)) - Started o.e.j.w.WebAppContext@5fee3c9c{scm,/,file:///home/runner/work/ozone/ozone/hadoop-ozone/integration-test/target/test-classes/webapps/scm/,AVAILABLE}{file:/home/runner/work/ozone/ozone/hadoop-ozone/integration-test/target/test-classes/webapps/scm}
2022-10-10 08:34:34,506 [Listener at 0.0.0.0/41569] INFO  server.AbstractConnector (AbstractConnector.java:doStart(331)) - Started ServerConnector@6e475994{HTTP/1.1, (http/1.1)}{0.0.0.0:32997}
2022-10-10 08:34:34,507 [Listener at 0.0.0.0/41569] INFO  server.Server (Server.java:doStart(415)) - Started @6064ms
2022-10-10 08:34:34,510 [Listener at 0.0.0.0/41569] INFO  impl.MetricsSinkAdapter (MetricsSinkAdapter.java:start(204)) - Sink prometheus started
2022-10-10 08:34:34,510 [Listener at 0.0.0.0/41569] INFO  impl.MetricsSystemImpl (MetricsSystemImpl.java:registerSink(305)) - Registered sink prometheus
2022-10-10 08:34:34,511 [Listener at 0.0.0.0/41569] INFO  http.BaseHttpServer (BaseHttpServer.java:updateConnectorAddress(333)) - HTTP server of scm listening at http://0.0.0.0:32997
2022-10-10 08:34:34,513 [Listener at 0.0.0.0/41569] WARN  server.ServerUtils (ServerUtils.java:getDBPath(225)) - ozone.om.db.dirs is not configured. We recommend adding this setting. Falling back to ozone.metadata.dirs instead.
2022-10-10 08:34:34,576 [Listener at 0.0.0.0/41569] INFO  audit.AuditLogger (AuditLogger.java:refreshDebugCmdSet(126)) - Refresh DebugCmdSet for OMAudit to [].
2022-10-10 08:34:34,667 [Listener at 0.0.0.0/41569] INFO  ha.OMHANodeDetails (OMHANodeDetails.java:loadOMHAConfig(115)) - ozone.om.internal.service.id is not defined, falling back to ozone.om.service.ids to find serviceID for OzoneManager if it is HA enabled cluster
2022-10-10 08:34:34,672 [Listener at 0.0.0.0/41569] INFO  ha.OMHANodeDetails (OMHANodeDetails.java:loadOMHAConfig(226)) - Configuration does not have ozone.om.address set. Falling back to the default OM address /127.0.0.1:0
2022-10-10 08:34:34,673 [Listener at 0.0.0.0/41569] INFO  ha.OMHANodeDetails (OMHANodeDetails.java:getOMNodeDetailsForNonHA(254)) - OM Service ID is not set. Setting it to the default ID: omServiceIdDefault
2022-10-10 08:34:34,673 [Listener at 0.0.0.0/41569] INFO  ha.OMHANodeDetails (OMHANodeDetails.java:getOMNodeDetailsForNonHA(261)) - OM Node ID is not set. Setting it to the default ID: om1
2022-10-10 08:34:34,678 [Listener at 0.0.0.0/41569] WARN  server.ServerUtils (ServerUtils.java:getDBPath(225)) - ozone.om.db.dirs is not configured. We recommend adding this setting. Falling back to ozone.metadata.dirs instead.
2022-10-10 08:34:34,681 [Listener at 0.0.0.0/41569] INFO  upgrade.AbstractLayoutVersionManager (AbstractLayoutVersionManager.java:init(83)) - Initializing Layout version manager with metadata layout = MULTITENANCY_SCHEMA (version = 3), software layout = MULTITENANCY_SCHEMA (version = 3)
2022-10-10 08:34:34,791 [Listener at 0.0.0.0/41569] INFO  reflections.Reflections (Reflections.java:scan(232)) - Reflections took 101 ms to scan 2 urls, producing 154 keys and 428 values [using 2 cores]
2022-10-10 08:34:34,799 [Listener at 0.0.0.0/41569] INFO  upgrade.OMLayoutVersionManager (OMLayoutVersionManager.java:lambda$0(115)) - Skipping Upgrade Action MockOmUpgradeAction since it has been finalized.
2022-10-10 08:34:34,801 [Listener at 0.0.0.0/41569] WARN  server.ServerUtils (ServerUtils.java:getDBPath(225)) - ozone.om.db.dirs is not configured. We recommend adding this setting. Falling back to ozone.metadata.dirs instead.
2022-10-10 08:34:35,016 [Listener at 0.0.0.0/41569] INFO  proxy.SCMBlockLocationFailoverProxyProvider (SCMBlockLocationFailoverProxyProvider.java:<init>(114)) - Created block location fail-over proxy with 1 nodes: [nodeId=scmNodeId,nodeAddress=/0.0.0.0:37253]
2022-10-10 08:34:35,056 [Listener at 0.0.0.0/41569] INFO  proxy.SCMBlockLocationFailoverProxyProvider (SCMBlockLocationFailoverProxyProvider.java:<init>(114)) - Created block location fail-over proxy with 1 nodes: [nodeId=scmNodeId,nodeAddress=/0.0.0.0:37253]
2022-10-10 08:34:35,358 [Listener at 0.0.0.0/41569] WARN  server.ServerUtils (ServerUtils.java:getDBPath(225)) - ozone.om.db.dirs is not configured. We recommend adding this setting. Falling back to ozone.metadata.dirs instead.
2022-10-10 08:34:35,366 [Listener at 0.0.0.0/41569] INFO  codec.OmKeyInfoCodec (OmKeyInfoCodec.java:<init>(49)) - OmKeyInfoCodec ignorePipeline = true
2022-10-10 08:34:35,368 [Listener at 0.0.0.0/41569] INFO  codec.RepeatedOmKeyInfoCodec (RepeatedOmKeyInfoCodec.java:<init>(41)) - RepeatedOmKeyInfoCodec ignorePipeline = true
2022-10-10 08:34:35,592 [Listener at 0.0.0.0/41569] INFO  om.OzoneManager (OzoneManager.java:instantiateServices(710)) - S3 Multi-Tenancy is disabled
2022-10-10 08:34:35,685 [Listener at 0.0.0.0/41569] INFO  om.OzoneManager (OzoneManager.java:addS3GVolumeToDB(4325)) - Created Volume s3v With Owner runner required for S3Gateway operations.
2022-10-10 08:34:35,756 [Listener at 0.0.0.0/41569] WARN  server.ServerUtils (ServerUtils.java:getDefaultRatisDirectory(237)) - Storage directory for Ratis is not configured. It is a good idea to map this to an SSD disk. Falling back to ozone.metadata.dirs
2022-10-10 08:34:35,757 [Listener at 0.0.0.0/41569] WARN  utils.OzoneManagerRatisUtils (OzoneManagerRatisUtils.java:getOMRatisSnapshotDirectory(434)) - ozone.om.ratis.snapshot.dir is not configured. Falling back to ozone.metadata.dirs config
2022-10-10 08:34:35,781 [Listener at 0.0.0.0/41569] WARN  server.ServerUtils (ServerUtils.java:getDefaultRatisDirectory(237)) - Storage directory for Ratis is not configured. It is a good idea to map this to an SSD disk. Falling back to ozone.metadata.dirs
2022-10-10 08:34:35,815 [Listener at 0.0.0.0/41569] INFO  ratis.OzoneManagerRatisServer (OzoneManagerRatisServer.java:<init>(160)) - Instantiating OM Ratis server with groupID: omServiceIdDefault and peers: localhost:9872
2022-10-10 08:34:35,827 [Listener at 0.0.0.0/41569] INFO  ratis.OzoneManagerStateMachine (OzoneManagerStateMachine.java:loadSnapshotInfoFromDB(632)) - LastAppliedIndex is set from TransactionInfo from OM DB as (t:0, i:~)
2022-10-10 08:34:35,888 [Listener at 0.0.0.0/41569] INFO  server.RaftServer (ConfUtils.java:logGet(46)) - raft.rpc.type = GRPC (default)
2022-10-10 08:34:36,000 [Listener at 0.0.0.0/41569] INFO  grpc.GrpcFactory (GrpcFactory.java:checkPooledByteBufAllocatorUseCacheForAllThreads(48)) - PERFORMANCE WARNING: useCacheForAllThreads is true that may cause Netty to create a lot garbage objects and, as a result, trigger GC.
	It is recommended to disable useCacheForAllThreads by setting -Dorg.apache.ratis.thirdparty.io.netty.allocator.useCacheForAllThreads=false in command line.
2022-10-10 08:34:36,005 [Listener at 0.0.0.0/41569] INFO  grpc.GrpcConfigKeys (ConfUtils.java:logGet(46)) - raft.grpc.admin.port = -1 (default)
2022-10-10 08:34:36,005 [Listener at 0.0.0.0/41569] INFO  grpc.GrpcConfigKeys (ConfUtils.java:logGet(46)) - raft.grpc.server.port = 9872 (custom)
2022-10-10 08:34:36,006 [Listener at 0.0.0.0/41569] INFO  grpc.GrpcConfigKeys (ConfUtils.java:logGet(46)) - raft.grpc.client.port = -1 (default)
2022-10-10 08:34:36,006 [Listener at 0.0.0.0/41569] INFO  grpc.GrpcConfigKeys (ConfUtils.java:logGet(46)) - raft.grpc.server.port = 9872 (custom)
2022-10-10 08:34:36,006 [Listener at 0.0.0.0/41569] INFO  grpc.GrpcConfigKeys (ConfUtils.java:logGet(46)) - raft.grpc.server.port = 9872 (custom)
2022-10-10 08:34:36,007 [Listener at 0.0.0.0/41569] INFO  server.GrpcService (ConfUtils.java:logGet(46)) - raft.grpc.message.size.max = 33554432 (custom)
2022-10-10 08:34:36,011 [Listener at 0.0.0.0/41569] INFO  server.RaftServerConfigKeys (ConfUtils.java:logGet(46)) - raft.server.log.appender.buffer.byte-limit = 33554432 (custom)
2022-10-10 08:34:36,012 [Listener at 0.0.0.0/41569] INFO  server.GrpcService (ConfUtils.java:logGet(46)) - raft.grpc.flow.control.window = 1MB (=1048576) (default)
2022-10-10 08:34:36,012 [Listener at 0.0.0.0/41569] INFO  server.RaftServerConfigKeys (ConfUtils.java:logGet(46)) - raft.server.rpc.request.timeout = 3000ms (default)
2022-10-10 08:34:36,038 [Listener at 0.0.0.0/41569] INFO  grpc.GrpcConfigKeys (ConfUtils.java:logGet(46)) - raft.grpc.server.async.request.thread.pool.cached = true (default)
2022-10-10 08:34:36,039 [Listener at 0.0.0.0/41569] INFO  grpc.GrpcConfigKeys (ConfUtils.java:logGet(46)) - raft.grpc.server.async.request.thread.pool.size = 32 (default)
2022-10-10 08:34:36,436 [Listener at 0.0.0.0/41569] INFO  impl.DataStreamServerImpl (ConfUtils.java:logGet(46)) - raft.datastream.type = DISABLED (default)
2022-10-10 08:34:36,439 [Listener at 0.0.0.0/41569] INFO  server.RaftServerConfigKeys (ConfUtils.java:logGet(46)) - raft.server.threadpool.proxy.cached = true (default)
2022-10-10 08:34:36,440 [Listener at 0.0.0.0/41569] INFO  server.RaftServerConfigKeys (ConfUtils.java:logGet(46)) - raft.server.threadpool.proxy.size = 0 (default)
2022-10-10 08:34:36,440 [Listener at 0.0.0.0/41569] INFO  server.RaftServerConfigKeys (ConfUtils.java:logGet(46)) - raft.server.rpc.slowness.timeout = 120s (custom)
2022-10-10 08:34:36,441 [Listener at 0.0.0.0/41569] INFO  server.RaftServerConfigKeys (ConfUtils.java:logGet(46)) - raft.server.leaderelection.leader.step-down.wait-time = 10s (default)
2022-10-10 08:34:36,445 [Listener at 0.0.0.0/41569] INFO  server.RaftServerConfigKeys (ConfUtils.java:logGet(46)) - raft.server.storage.dir = [/home/runner/work/ozone/ozone/hadoop-ozone/integration-test/target/test-dir/MiniOzoneClusterImpl-3d336b07-937f-4edb-b979-ca8ead8aca5d/ozone-meta/ratis] (custom)
2022-10-10 08:34:36,456 [Listener at 0.0.0.0/41569] INFO  server.RaftServer (RaftServerProxy.java:addNew(96)) - om1: addNew group-C5BA1605619E:[om1|rpc:localhost:9872|priority:0] returns group-C5BA1605619E:java.util.concurrent.CompletableFuture@1310b98a[Not completed]
2022-10-10 08:34:36,456 [Listener at 0.0.0.0/41569] INFO  om.OzoneManager (OzoneManager.java:initializeRatisServer(1977)) - OzoneManager Ratis server initialized at port 9872
2022-10-10 08:34:36,479 [Listener at 0.0.0.0/41569] INFO  om.OzoneManager (OzoneManager.java:getRpcServer(1100)) - Creating RPC Server
2022-10-10 08:34:36,492 [pool-55-thread-1] INFO  server.RaftServer$Division (RaftServerImpl.java:<init>(190)) - om1: new RaftServerImpl for group-C5BA1605619E:[om1|rpc:localhost:9872|priority:0] with OzoneManagerStateMachine:uninitialized
2022-10-10 08:34:36,500 [pool-55-thread-1] INFO  server.RaftServerConfigKeys (ConfUtils.java:logGet(46)) - raft.server.rpc.timeout.min = 1s (custom)
2022-10-10 08:34:36,500 [pool-55-thread-1] INFO  server.RaftServerConfigKeys (ConfUtils.java:logGet(46)) - raft.server.rpc.timeout.max = 1200ms (custom)
2022-10-10 08:34:36,500 [pool-55-thread-1] INFO  server.RaftServerConfigKeys (ConfUtils.java:logGet(46)) - raft.server.rpc.sleep.time = 25ms (default)
2022-10-10 08:34:36,500 [pool-55-thread-1] INFO  server.RaftServerConfigKeys (ConfUtils.java:logGet(46)) - raft.server.rpc.slowness.timeout = 120s (custom)
2022-10-10 08:34:36,508 [pool-55-thread-1] INFO  server.RaftServerConfigKeys (ConfUtils.java:logGet(46)) - raft.server.leaderelection.leader.step-down.wait-time = 10s (default)
2022-10-10 08:34:36,508 [pool-55-thread-1] INFO  server.RaftServerConfigKeys (ConfUtils.java:logGet(46)) - raft.server.sleep.deviation.threshold = 300ms (default)
2022-10-10 08:34:36,519 [pool-55-thread-1] INFO  server.RaftServer$Division (ServerState.java:<init>(107)) - om1@group-C5BA1605619E: ConfigurationManager, init=-1: [om1|rpc:localhost:9872|priority:0], old=null, confs=<EMPTY_MAP>
2022-10-10 08:34:36,520 [pool-55-thread-1] INFO  server.RaftServerConfigKeys (ConfUtils.java:logGet(46)) - raft.server.storage.dir = [/home/runner/work/ozone/ozone/hadoop-ozone/integration-test/target/test-dir/MiniOzoneClusterImpl-3d336b07-937f-4edb-b979-ca8ead8aca5d/ozone-meta/ratis] (custom)
2022-10-10 08:34:36,535 [pool-55-thread-1] INFO  server.RaftServerConfigKeys (ConfUtils.java:logGet(46)) - raft.server.log.corruption.policy = EXCEPTION (default)
2022-10-10 08:34:36,535 [pool-55-thread-1] INFO  server.RaftServerConfigKeys (ConfUtils.java:logGet(46)) - raft.server.storage.free-space.min = 0MB (=0) (default)
2022-10-10 08:34:36,538 [pool-55-thread-1] INFO  storage.RaftStorageDirectory (RaftStorageDirectoryImpl.java:analyzeStorage(135)) - The storage directory /home/runner/work/ozone/ozone/hadoop-ozone/integration-test/target/test-dir/MiniOzoneClusterImpl-3d336b07-937f-4edb-b979-ca8ead8aca5d/ozone-meta/ratis/bf265839-605b-3f16-9796-c5ba1605619e does not exist. Creating ...
2022-10-10 08:34:36,556 [pool-55-thread-1] INFO  storage.RaftStorageDirectory (RaftStorageDirectoryImpl.java:tryLock(230)) - Lock on /home/runner/work/ozone/ozone/hadoop-ozone/integration-test/target/test-dir/MiniOzoneClusterImpl-3d336b07-937f-4edb-b979-ca8ead8aca5d/ozone-meta/ratis/bf265839-605b-3f16-9796-c5ba1605619e/in_use.lock acquired by nodename 13217@fv-az292-843
2022-10-10 08:34:36,581 [pool-55-thread-1] INFO  storage.RaftStorage (RaftStorageImpl.java:format(89)) - Storage directory /home/runner/work/ozone/ozone/hadoop-ozone/integration-test/target/test-dir/MiniOzoneClusterImpl-3d336b07-937f-4edb-b979-ca8ead8aca5d/ozone-meta/ratis/bf265839-605b-3f16-9796-c5ba1605619e has been successfully formatted.
2022-10-10 08:34:36,593 [pool-55-thread-1] INFO  server.RaftServerConfigKeys (ConfUtils.java:logGet(46)) - raft.server.notification.no-leader.timeout = 120s (custom)
2022-10-10 08:34:36,601 [pool-55-thread-1] INFO  server.RaftServerConfigKeys (ConfUtils.java:logGet(46)) - raft.server.log.use.memory = false (default)
2022-10-10 08:34:36,619 [pool-55-thread-1] INFO  server.RaftServerConfigKeys (ConfUtils.java:logGet(46)) - raft.server.log.purge.gap = 1000000 (custom)
2022-10-10 08:34:36,619 [pool-55-thread-1] INFO  server.RaftServerConfigKeys (ConfUtils.java:logGet(46)) - raft.server.log.appender.buffer.byte-limit = 33554432 (custom)
2022-10-10 08:34:36,622 [pool-55-thread-1] INFO  server.RaftServerConfigKeys (ConfUtils.java:logGet(46)) - raft.server.log.statemachine.data.read.timeout = 1000ms (default)
2022-10-10 08:34:36,702 [pool-55-thread-1] INFO  server.RaftServerConfigKeys (ConfUtils.java:logGet(46)) - raft.server.log.segment.size.max = 4194304 (custom)
2022-10-10 08:34:36,729 [pool-55-thread-1] INFO  server.RaftServerConfigKeys (ConfUtils.java:logGet(46)) - raft.server.log.segment.cache.num.max = 2 (custom)
2022-10-10 08:34:36,730 [pool-55-thread-1] INFO  server.RaftServerConfigKeys (ConfUtils.java:logGet(46)) - raft.server.log.segment.cache.size.max = 200MB (=209715200) (default)
2022-10-10 08:34:36,746 [pool-55-thread-1] INFO  segmented.SegmentedRaftLogWorker (SegmentedRaftLogWorker.java:<init>(187)) - new om1@group-C5BA1605619E-SegmentedRaftLogWorker for RaftStorageImpl:Storage Directory /home/runner/work/ozone/ozone/hadoop-ozone/integration-test/target/test-dir/MiniOzoneClusterImpl-3d336b07-937f-4edb-b979-ca8ead8aca5d/ozone-meta/ratis/bf265839-605b-3f16-9796-c5ba1605619e
2022-10-10 08:34:36,747 [pool-55-thread-1] INFO  server.RaftServerConfigKeys (ConfUtils.java:logGet(46)) - raft.server.log.queue.byte-limit = 64MB (=67108864) (default)
2022-10-10 08:34:36,747 [pool-55-thread-1] INFO  server.RaftServerConfigKeys (ConfUtils.java:logGet(46)) - raft.server.log.queue.element-limit = 4096 (default)
2022-10-10 08:34:36,748 [pool-55-thread-1] INFO  server.RaftServerConfigKeys (ConfUtils.java:logGet(46)) - raft.server.log.segment.size.max = 4194304 (custom)
2022-10-10 08:34:36,749 [pool-55-thread-1] INFO  server.RaftServerConfigKeys (ConfUtils.java:logGet(46)) - raft.server.log.preallocated.size = 4194304 (custom)
2022-10-10 08:34:36,749 [pool-55-thread-1] INFO  server.RaftServerConfigKeys (ConfUtils.java:logGet(46)) - raft.server.log.force.sync.num = 128 (default)
2022-10-10 08:34:36,754 [pool-55-thread-1] INFO  server.RaftServerConfigKeys (ConfUtils.java:logGet(46)) - raft.server.log.statemachine.data.sync = true (default)
2022-10-10 08:34:36,754 [pool-55-thread-1] INFO  server.RaftServerConfigKeys (ConfUtils.java:logGet(46)) - raft.server.log.statemachine.data.sync.timeout = 10s (default)
2022-10-10 08:34:36,754 [pool-55-thread-1] INFO  server.RaftServerConfigKeys (ConfUtils.java:logGet(46)) - raft.server.log.statemachine.data.sync.timeout.retry = -1 (default)
2022-10-10 08:34:36,779 [pool-55-thread-1] INFO  server.RaftServerConfigKeys (ConfUtils.java:logGet(46)) - raft.server.log.write.buffer.size = 64KB (=65536) (default)
2022-10-10 08:34:36,779 [pool-55-thread-1] INFO  server.RaftServerConfigKeys (ConfUtils.java:logGet(46)) - raft.server.log.unsafe-flush.enabled = false (default)
2022-10-10 08:34:36,780 [pool-55-thread-1] INFO  server.RaftServerConfigKeys (ConfUtils.java:logGet(46)) - raft.server.log.statemachine.data.caching.enabled = false (default)
2022-10-10 08:34:36,787 [pool-55-thread-1] INFO  segmented.SegmentedRaftLogWorker (SegmentedRaftLogWorker.java:lambda$new$0(135)) - om1@group-C5BA1605619E-SegmentedRaftLogWorker: flushIndex: setUnconditionally 0 -> -1
2022-10-10 08:34:36,787 [pool-55-thread-1] INFO  segmented.SegmentedRaftLogWorker (SegmentedRaftLogWorker.java:lambda$new$0(135)) - om1@group-C5BA1605619E-SegmentedRaftLogWorker: safeCacheEvictIndex: setUnconditionally 0 -> -1
2022-10-10 08:34:36,800 [pool-55-thread-1] INFO  server.RaftServerConfigKeys (ConfUtils.java:logGet(46)) - raft.server.snapshot.auto.trigger.enabled = true (custom)
2022-10-10 08:34:36,801 [pool-55-thread-1] INFO  server.RaftServerConfigKeys (ConfUtils.java:logGet(46)) - raft.server.snapshot.auto.trigger.threshold = 400000 (default)
2022-10-10 08:34:36,801 [pool-55-thread-1] INFO  server.RaftServerConfigKeys (ConfUtils.java:logGet(46)) - raft.server.snapshot.retention.file.num = -1 (default)
2022-10-10 08:34:36,802 [pool-55-thread-1] INFO  server.RaftServerConfigKeys (ConfUtils.java:logGet(46)) - raft.server.log.purge.upto.snapshot.index = true (custom)
2022-10-10 08:34:36,816 [pool-55-thread-1] INFO  server.RaftServerConfigKeys (ConfUtils.java:logGet(46)) - raft.server.retrycache.expirytime = 300s (custom)
2022-10-10 08:34:36,816 [pool-55-thread-1] INFO  server.RaftServerConfigKeys (ConfUtils.java:logGet(46)) - raft.server.retrycache.statistics.expirytime = 100μs (default)
2022-10-10 08:34:36,940 [pool-55-thread-1] INFO  server.RaftServerConfigKeys (ConfUtils.java:logGet(46)) - raft.server.log.appender.install.snapshot.enabled = false (custom)
2022-10-10 08:34:36,941 [pool-55-thread-1] INFO  server.RaftServerConfigKeys (ConfUtils.java:logGet(46)) - raft.server.threadpool.server.cached = true (default)
2022-10-10 08:34:36,941 [pool-55-thread-1] INFO  server.RaftServerConfigKeys (ConfUtils.java:logGet(46)) - raft.server.threadpool.server.size = 0 (default)
2022-10-10 08:34:36,942 [pool-55-thread-1] INFO  server.RaftServerConfigKeys (ConfUtils.java:logGet(46)) - raft.server.threadpool.client.cached = true (default)
2022-10-10 08:34:36,942 [pool-55-thread-1] INFO  server.RaftServerConfigKeys (ConfUtils.java:logGet(46)) - raft.server.threadpool.client.size = 0 (default)
2022-10-10 08:34:37,672 [Listener at 0.0.0.0/41569] INFO  reflections.Reflections (Reflections.java:scan(232)) - Reflections took 1091 ms to scan 19 urls, producing 67 keys and 4226 values [using 2 cores]
2022-10-10 08:34:37,884 [Listener at 0.0.0.0/41569] INFO  ipc.CallQueueManager (CallQueueManager.java:<init>(90)) - Using callQueue: class java.util.concurrent.LinkedBlockingQueue, queueCapacity: 2000, scheduler: class org.apache.hadoop.ipc.DefaultRpcScheduler, ipcBackoff: false.
2022-10-10 08:34:37,885 [Socket Reader #1 for port 0] INFO  ipc.Server (Server.java:run(1265)) - Starting Socket Reader #1 for port 0
2022-10-10 08:34:37,922 [Listener at 127.0.0.1/46487] INFO  impl.MetricsSystemImpl (MetricsSystemImpl.java:init(158)) - OzoneManager metrics system started (again)
2022-10-10 08:34:37,935 [Listener at 127.0.0.1/46487] INFO  om.OzoneManager (OzoneManager.java:start(1484)) - OzoneManager RPC server is listening at localhost/127.0.0.1:46487
2022-10-10 08:34:37,935 [Listener at 127.0.0.1/46487] INFO  ratis.OzoneManagerRatisServer (OzoneManagerRatisServer.java:start(555)) - Starting OzoneManagerRatisServer om1 at port 9872
2022-10-10 08:34:37,939 [om1-impl-thread1] INFO  server.RaftServer$Division (RaftServerImpl.java:start(310)) - om1@group-C5BA1605619E: start as a follower, conf=-1: [om1|rpc:localhost:9872|priority:0], old=null
2022-10-10 08:34:37,939 [om1-impl-thread1] INFO  server.RaftServer$Division (RaftServerImpl.java:setRole(299)) - om1@group-C5BA1605619E: changes role from      null to FOLLOWER at term 0 for startAsFollower
2022-10-10 08:34:37,941 [om1-impl-thread1] INFO  impl.RoleInfo (RoleInfo.java:updateAndGet(139)) - om1: start om1@group-C5BA1605619E-FollowerState
2022-10-10 08:34:37,942 [om1-impl-thread1] INFO  util.JmxRegister (JmxRegister.java:tryRegister(44)) - Successfully registered JMX Bean with object name Ratis:service=RaftServer,group=group-C5BA1605619E,id=om1
2022-10-10 08:34:37,949 [Listener at 127.0.0.1/46487] INFO  server.RaftServer (RaftServerProxy.java:lambda$start$6(382)) - om1: start RPC server
2022-10-10 08:34:38,036 [Listener at 127.0.0.1/46487] INFO  server.GrpcService (GrpcService.java:startImpl(260)) - om1: GrpcService started, listening on 9872
2022-10-10 08:34:38,039 [Listener at 127.0.0.1/46487] INFO  om.OzoneManager (OzoneManager.java:start(1500)) - Version File has different layout version (3) than OM DB (null). That is expected if this OM has never been finalized to a newer layout version.
2022-10-10 08:34:38,042 [org.apache.ratis.util.JvmPauseMonitor$$Lambda$636/263158265@7f24d88b] INFO  util.JvmPauseMonitor (JvmPauseMonitor.java:run(103)) - JvmPauseMonitor-om1: Started
2022-10-10 08:34:38,062 [Listener at 127.0.0.1/46487] INFO  http.BaseHttpServer (BaseHttpServer.java:newHttpServer2BuilderForOzone(213)) - Starting Web-server for ozoneManager at: http://0.0.0.0:0
2022-10-10 08:34:38,062 [Listener at 127.0.0.1/46487] INFO  http.BaseHttpServer (BaseHttpServer.java:<init>(108)) - Hadoop Security Enabled: false Ozone Security Enabled: false Ozone HTTP Security Enabled: false 
2022-10-10 08:34:38,064 [Listener at 127.0.0.1/46487] INFO  server.AuthenticationFilter (AuthenticationFilter.java:constructSecretProvider(240)) - Unable to initialize FileSignerSecretProvider, falling back to use random secrets.
2022-10-10 08:34:38,069 [Listener at 127.0.0.1/46487] WARN  http.HttpRequestLog (HttpRequestLog.java:getRequestLog(103)) - Jetty request log can only be enabled using Log4j
2022-10-10 08:34:38,071 [Listener at 127.0.0.1/46487] INFO  http.HttpServer2 (HttpServer2.java:addGlobalFilter(1031)) - Added global filter 'safety' (class=org.apache.hadoop.hdds.server.http.HttpServer2$QuotingInputFilter)
2022-10-10 08:34:38,072 [Listener at 127.0.0.1/46487] INFO  http.HttpServer2 (HttpServer2.java:addFilter(1007)) - Added filter static_user_filter (class=org.apache.hadoop.http.lib.StaticUserWebFilter$StaticUserFilter) to context ozoneManager
2022-10-10 08:34:38,072 [Listener at 127.0.0.1/46487] INFO  http.HttpServer2 (HttpServer2.java:addFilter(1015)) - Added filter static_user_filter (class=org.apache.hadoop.http.lib.StaticUserWebFilter$StaticUserFilter) to context static
2022-10-10 08:34:38,072 [Listener at 127.0.0.1/46487] INFO  http.HttpServer2 (HttpServer2.java:addFilter(1015)) - Added filter static_user_filter (class=org.apache.hadoop.http.lib.StaticUserWebFilter$StaticUserFilter) to context logs
2022-10-10 08:34:38,075 [Listener at 127.0.0.1/46487] INFO  http.HttpServer2 (HttpServer2.java:bindListener(1250)) - Jetty bound to port 43955
2022-10-10 08:34:38,075 [Listener at 127.0.0.1/46487] INFO  server.Server (Server.java:doStart(375)) - jetty-9.4.43.v20210629; built: 2021-06-30T11:07:22.254Z; git: 526006ecfa3af7f1a27ef3a288e2bef7ea9dd7e8; jvm 1.8.0_345-b01
2022-10-10 08:34:38,078 [Listener at 127.0.0.1/46487] INFO  server.session (DefaultSessionIdManager.java:doStart(334)) - DefaultSessionIdManager workerName=node0
2022-10-10 08:34:38,078 [Listener at 127.0.0.1/46487] INFO  server.session (DefaultSessionIdManager.java:doStart(339)) - No SessionScavenger set, using defaults
2022-10-10 08:34:38,078 [Listener at 127.0.0.1/46487] INFO  server.session (HouseKeeper.java:startScavenging(132)) - node0 Scavenging every 660000ms
2022-10-10 08:34:38,079 [Listener at 127.0.0.1/46487] INFO  handler.ContextHandler (ContextHandler.java:doStart(915)) - Started o.e.j.s.ServletContextHandler@8eebc81{logs,/logs,file:///home/runner/work/ozone/ozone/hadoop-ozone/integration-test/target/log,AVAILABLE}
2022-10-10 08:34:38,080 [Listener at 127.0.0.1/46487] INFO  handler.ContextHandler (ContextHandler.java:doStart(915)) - Started o.e.j.s.ServletContextHandler@281dfc79{static,/static,file:///home/runner/work/ozone/ozone/hadoop-ozone/integration-test/target/test-classes/webapps/static,AVAILABLE}
2022-10-10 08:34:38,085 [Listener at 127.0.0.1/46487] INFO  handler.ContextHandler (ContextHandler.java:doStart(915)) - Started o.e.j.w.WebAppContext@68852b5{ozoneManager,/,file:///home/runner/work/ozone/ozone/hadoop-ozone/integration-test/target/test-classes/webapps/ozoneManager/,AVAILABLE}{file:/home/runner/work/ozone/ozone/hadoop-ozone/integration-test/target/test-classes/webapps/ozoneManager}
2022-10-10 08:34:38,095 [Listener at 127.0.0.1/46487] INFO  server.AbstractConnector (AbstractConnector.java:doStart(331)) - Started ServerConnector@43d5258c{HTTP/1.1, (http/1.1)}{0.0.0.0:43955}
2022-10-10 08:34:38,096 [Listener at 127.0.0.1/46487] INFO  server.Server (Server.java:doStart(415)) - Started @9652ms
2022-10-10 08:34:38,096 [Listener at 127.0.0.1/46487] WARN  impl.MetricsSystemImpl (MetricsSystemImpl.java:register(279)) - Sink prometheus already exists!
2022-10-10 08:34:38,096 [Listener at 127.0.0.1/46487] INFO  http.BaseHttpServer (BaseHttpServer.java:updateConnectorAddress(333)) - HTTP server of ozoneManager listening at http://0.0.0.0:43955
2022-10-10 08:34:38,097 [IPC Server Responder] INFO  ipc.Server (Server.java:run(1507)) - IPC Server Responder: starting
2022-10-10 08:34:38,097 [IPC Server listener on 0] INFO  ipc.Server (Server.java:run(1344)) - IPC Server listener on 0: starting
2022-10-10 08:34:38,171 [Listener at 127.0.0.1/46487] INFO  om.TrashPolicyOzone (TrashPolicyOzone.java:<init>(178)) - Ozone Manager trash configuration: Deletion interval = 0 minutes, Emptier interval = 0 minutes.
2022-10-10 08:34:38,184 [org.apache.hadoop.util.JvmPauseMonitor$Monitor@1088efed] INFO  util.JvmPauseMonitor (JvmPauseMonitor.java:run(188)) - Starting JVM pause monitor
2022-10-10 08:34:38,385 [Listener at 127.0.0.1/46487] WARN  impl.MetricRegistriesImpl (MetricRegistriesImpl.java:addReporterRegistration(111)) - New reporters are added after registries were created. Some metrics will be missing from the reporter. Please add reporter before adding any new registry.
2022-10-10 08:34:38,386 [Listener at 127.0.0.1/46487] WARN  impl.MetricRegistriesImpl (MetricRegistriesImpl.java:addReporterRegistration(111)) - New reporters are added after registries were created. Some metrics will be missing from the reporter. Please add reporter before adding any new registry.
2022-10-10 08:34:38,386 [Listener at 127.0.0.1/46487] INFO  impl.MetricsSystemImpl (MetricsSystemImpl.java:init(158)) - HddsDatanode metrics system started (again)
2022-10-10 08:34:38,404 [Listener at 127.0.0.1/46487] INFO  ozone.HddsDatanodeService (HddsDatanodeService.java:start(236)) - HddsDatanodeService host:fv-az292-843.tqgtyn10aqxuxoi0mkfbldi5vh.jx.internal.cloudapp.net ip:10.1.0.114
2022-10-10 08:34:38,452 [Listener at 127.0.0.1/46487] INFO  upgrade.AbstractLayoutVersionManager (AbstractLayoutVersionManager.java:init(83)) - Initializing Layout version manager with metadata layout = DATANODE_SCHEMA_V3 (version = 4), software layout = DATANODE_SCHEMA_V3 (version = 4)
2022-10-10 08:34:38,512 [Listener at 127.0.0.1/46487] INFO  reflections.Reflections (Reflections.java:scan(232)) - Reflections took 59 ms to scan 7 urls, producing 135 keys and 327 values 
2022-10-10 08:34:38,517 [Listener at 127.0.0.1/46487] INFO  statemachine.DatanodeStateMachine (DatanodeStateMachine.java:getEndPointTaskThreadPoolSize(237)) - Datanode State Machine Task Thread Pool size 2
2022-10-10 08:34:38,584 [Listener at 127.0.0.1/46487] INFO  volume.HddsVolume (HddsVolume.java:<init>(117)) - Creating HddsVolume: /home/runner/work/ozone/ozone/hadoop-ozone/integration-test/target/test-dir/MiniOzoneClusterImpl-3d336b07-937f-4edb-b979-ca8ead8aca5d/datanode-0/data-0/containers/hdds of storage type : DISK capacity : 9223372036854775807
2022-10-10 08:34:38,587 [Listener at 127.0.0.1/46487] INFO  volume.MutableVolumeSet (MutableVolumeSet.java:initializeVolumeSet(174)) - Added Volume : /home/runner/work/ozone/ozone/hadoop-ozone/integration-test/target/test-dir/MiniOzoneClusterImpl-3d336b07-937f-4edb-b979-ca8ead8aca5d/datanode-0/data-0/containers/hdds to VolumeSet
2022-10-10 08:34:38,588 [Listener at 127.0.0.1/46487] INFO  volume.ThrottledAsyncChecker (ThrottledAsyncChecker.java:schedule(141)) - Scheduling a check for /home/runner/work/ozone/ozone/hadoop-ozone/integration-test/target/test-dir/MiniOzoneClusterImpl-3d336b07-937f-4edb-b979-ca8ead8aca5d/datanode-0/data-0/containers/hdds
2022-10-10 08:34:38,611 [Listener at 127.0.0.1/46487] INFO  volume.StorageVolumeChecker (StorageVolumeChecker.java:checkAllVolumes(202)) - Scheduled health check for volume /home/runner/work/ozone/ozone/hadoop-ozone/integration-test/target/test-dir/MiniOzoneClusterImpl-3d336b07-937f-4edb-b979-ca8ead8aca5d/datanode-0/data-0/containers/hdds
2022-10-10 08:34:38,636 [Listener at 127.0.0.1/46487] INFO  volume.MutableVolumeSet (MutableVolumeSet.java:initializeVolumeSet(174)) - Added Volume : /home/runner/work/ozone/ozone/hadoop-ozone/integration-test/target/test-dir/MiniOzoneClusterImpl-3d336b07-937f-4edb-b979-ca8ead8aca5d/datanode-0/data/ratis to VolumeSet
2022-10-10 08:34:38,636 [Listener at 127.0.0.1/46487] INFO  volume.ThrottledAsyncChecker (ThrottledAsyncChecker.java:schedule(141)) - Scheduling a check for /home/runner/work/ozone/ozone/hadoop-ozone/integration-test/target/test-dir/MiniOzoneClusterImpl-3d336b07-937f-4edb-b979-ca8ead8aca5d/datanode-0/data/ratis
2022-10-10 08:34:38,637 [Listener at 127.0.0.1/46487] INFO  volume.StorageVolumeChecker (StorageVolumeChecker.java:checkAllVolumes(202)) - Scheduled health check for volume /home/runner/work/ozone/ozone/hadoop-ozone/integration-test/target/test-dir/MiniOzoneClusterImpl-3d336b07-937f-4edb-b979-ca8ead8aca5d/datanode-0/data/ratis
2022-10-10 08:34:38,665 [Thread-136] INFO  ozoneimpl.ContainerReader (ContainerReader.java:readVolume(175)) - Finish verifying containers on volume /home/runner/work/ozone/ozone/hadoop-ozone/integration-test/target/test-dir/MiniOzoneClusterImpl-3d336b07-937f-4edb-b979-ca8ead8aca5d/datanode-0/data-0/containers/hdds
2022-10-10 08:34:38,665 [Listener at 127.0.0.1/46487] INFO  ozoneimpl.OzoneContainer (OzoneContainer.java:buildContainerSet(300)) - Build ContainerSet costs 0s
2022-10-10 08:34:38,726 [Listener at 127.0.0.1/46487] INFO  audit.AuditLogger (AuditLogger.java:refreshDebugCmdSet(126)) - Refresh DebugCmdSet for DNAudit to [].
2022-10-10 08:34:38,764 [Listener at 127.0.0.1/46487] INFO  server.RaftServer (ConfUtils.java:logGet(46)) - raft.rpc.type = GRPC (default)
2022-10-10 08:34:38,765 [Listener at 127.0.0.1/46487] INFO  grpc.GrpcFactory (GrpcFactory.java:checkPooledByteBufAllocatorUseCacheForAllThreads(48)) - PERFORMANCE WARNING: useCacheForAllThreads is true that may cause Netty to create a lot garbage objects and, as a result, trigger GC.
	It is recommended to disable useCacheForAllThreads by setting -Dorg.apache.ratis.thirdparty.io.netty.allocator.useCacheForAllThreads=false in command line.
2022-10-10 08:34:38,765 [Listener at 127.0.0.1/46487] INFO  grpc.GrpcConfigKeys (ConfUtils.java:logGet(46)) - raft.grpc.admin.port = 0 (custom)
2022-10-10 08:34:38,765 [Listener at 127.0.0.1/46487] INFO  grpc.GrpcConfigKeys (ConfUtils.java:logGet(46)) - raft.grpc.client.port = 0 (custom)
2022-10-10 08:34:38,765 [Listener at 127.0.0.1/46487] INFO  grpc.GrpcConfigKeys (ConfUtils.java:logGet(46)) - raft.grpc.server.port = 0 (default)
2022-10-10 08:34:38,765 [Listener at 127.0.0.1/46487] INFO  server.GrpcService (ConfUtils.java:logGet(46)) - raft.grpc.message.size.max = 32MB (=33554432) (custom)
2022-10-10 08:34:38,766 [Listener at 127.0.0.1/46487] INFO  server.RaftServerConfigKeys (ConfUtils.java:logGet(46)) - raft.server.log.appender.buffer.byte-limit = 33554432 (custom)
2022-10-10 08:34:38,766 [Listener at 127.0.0.1/46487] INFO  server.GrpcService (ConfUtils.java:logGet(46)) - raft.grpc.flow.control.window = 5MB (=5242880) (custom)
2022-10-10 08:34:38,766 [Listener at 127.0.0.1/46487] INFO  server.RaftServerConfigKeys (ConfUtils.java:logGet(46)) - raft.server.rpc.request.timeout = 60s (custom)
2022-10-10 08:34:38,766 [Listener at 127.0.0.1/46487] INFO  grpc.GrpcConfigKeys (ConfUtils.java:logGet(46)) - raft.grpc.server.async.request.thread.pool.cached = true (default)
2022-10-10 08:34:38,766 [Listener at 127.0.0.1/46487] INFO  grpc.GrpcConfigKeys (ConfUtils.java:logGet(46)) - raft.grpc.server.async.request.thread.pool.size = 32 (default)
2022-10-10 08:34:38,768 [Listener at 127.0.0.1/46487] INFO  impl.DataStreamServerImpl (ConfUtils.java:logGet(46)) - raft.datastream.type = DISABLED (default)
2022-10-10 08:34:38,768 [Listener at 127.0.0.1/46487] INFO  server.RaftServerConfigKeys (ConfUtils.java:logGet(46)) - raft.server.threadpool.proxy.cached = true (default)
2022-10-10 08:34:38,768 [Listener at 127.0.0.1/46487] INFO  server.RaftServerConfigKeys (ConfUtils.java:logGet(46)) - raft.server.threadpool.proxy.size = 0 (default)
2022-10-10 08:34:38,768 [Listener at 127.0.0.1/46487] INFO  server.RaftServerConfigKeys (ConfUtils.java:logGet(46)) - raft.server.rpc.slowness.timeout = 300s (custom)
2022-10-10 08:34:38,769 [Listener at 127.0.0.1/46487] INFO  server.RaftServerConfigKeys (ConfUtils.java:logGet(46)) - raft.server.leaderelection.leader.step-down.wait-time = 10s (default)
2022-10-10 08:34:38,769 [Listener at 127.0.0.1/46487] INFO  server.RaftServerConfigKeys (ConfUtils.java:logGet(46)) - raft.server.storage.dir = [/home/runner/work/ozone/ozone/hadoop-ozone/integration-test/target/test-dir/MiniOzoneClusterImpl-3d336b07-937f-4edb-b979-ca8ead8aca5d/datanode-0/data/ratis] (custom)
2022-10-10 08:34:38,792 [Listener at 127.0.0.1/46487] INFO  server.XceiverServerGrpc (XceiverServerGrpc.java:<init>(132)) - GrpcServer channel type EpollServerSocketChannel
2022-10-10 08:34:38,900 [Listener at 127.0.0.1/46487] INFO  http.BaseHttpServer (BaseHttpServer.java:newHttpServer2BuilderForOzone(213)) - Starting Web-server for hddsDatanode at: http://0.0.0.0:0
2022-10-10 08:34:38,900 [Listener at 127.0.0.1/46487] INFO  http.BaseHttpServer (BaseHttpServer.java:<init>(108)) - Hadoop Security Enabled: false Ozone Security Enabled: false Ozone HTTP Security Enabled: false 
2022-10-10 08:34:38,902 [Listener at 127.0.0.1/46487] INFO  server.AuthenticationFilter (AuthenticationFilter.java:constructSecretProvider(240)) - Unable to initialize FileSignerSecretProvider, falling back to use random secrets.
2022-10-10 08:34:38,903 [Listener at 127.0.0.1/46487] WARN  http.HttpRequestLog (HttpRequestLog.java:getRequestLog(103)) - Jetty request log can only be enabled using Log4j
2022-10-10 08:34:38,905 [Listener at 127.0.0.1/46487] INFO  http.HttpServer2 (HttpServer2.java:addGlobalFilter(1031)) - Added global filter 'safety' (class=org.apache.hadoop.hdds.server.http.HttpServer2$QuotingInputFilter)
2022-10-10 08:34:38,906 [Listener at 127.0.0.1/46487] INFO  http.HttpServer2 (HttpServer2.java:addFilter(1007)) - Added filter static_user_filter (class=org.apache.hadoop.http.lib.StaticUserWebFilter$StaticUserFilter) to context hddsDatanode
2022-10-10 08:34:38,906 [Listener at 127.0.0.1/46487] INFO  http.HttpServer2 (HttpServer2.java:addFilter(1015)) - Added filter static_user_filter (class=org.apache.hadoop.http.lib.StaticUserWebFilter$StaticUserFilter) to context static
2022-10-10 08:34:38,906 [Listener at 127.0.0.1/46487] INFO  http.HttpServer2 (HttpServer2.java:addFilter(1015)) - Added filter static_user_filter (class=org.apache.hadoop.http.lib.StaticUserWebFilter$StaticUserFilter) to context logs
2022-10-10 08:34:38,907 [Listener at 127.0.0.1/46487] INFO  http.HttpServer2 (HttpServer2.java:bindListener(1250)) - Jetty bound to port 35063
2022-10-10 08:34:38,907 [Listener at 127.0.0.1/46487] INFO  server.Server (Server.java:doStart(375)) - jetty-9.4.43.v20210629; built: 2021-06-30T11:07:22.254Z; git: 526006ecfa3af7f1a27ef3a288e2bef7ea9dd7e8; jvm 1.8.0_345-b01
2022-10-10 08:34:38,913 [Listener at 127.0.0.1/46487] INFO  server.session (DefaultSessionIdManager.java:doStart(334)) - DefaultSessionIdManager workerName=node0
2022-10-10 08:34:38,913 [Listener at 127.0.0.1/46487] INFO  server.session (DefaultSessionIdManager.java:doStart(339)) - No SessionScavenger set, using defaults
2022-10-10 08:34:38,913 [Listener at 127.0.0.1/46487] INFO  server.session (HouseKeeper.java:startScavenging(132)) - node0 Scavenging every 600000ms
2022-10-10 08:34:38,915 [Listener at 127.0.0.1/46487] INFO  handler.ContextHandler (ContextHandler.java:doStart(915)) - Started o.e.j.s.ServletContextHandler@440bf250{logs,/logs,file:///home/runner/work/ozone/ozone/hadoop-ozone/integration-test/target/log,AVAILABLE}
2022-10-10 08:34:38,915 [Listener at 127.0.0.1/46487] INFO  handler.ContextHandler (ContextHandler.java:doStart(915)) - Started o.e.j.s.ServletContextHandler@6b2b46cf{static,/static,jar:file:/home/runner/.m2/repository/org/apache/ozone/hdds-container-service/1.3.0-SNAPSHOT/hdds-container-service-1.3.0-SNAPSHOT.jar!/webapps/static,AVAILABLE}
2022-10-10 08:34:38,984 [om1@group-C5BA1605619E-FollowerState] INFO  impl.FollowerState (FollowerState.java:run(143)) - om1@group-C5BA1605619E-FollowerState: change to CANDIDATE, lastRpcElapsedTime:1043059202ns, electionTimeout:1034ms
2022-10-10 08:34:38,985 [om1@group-C5BA1605619E-FollowerState] INFO  impl.RoleInfo (RoleInfo.java:shutdownFollowerState(110)) - om1: shutdown om1@group-C5BA1605619E-FollowerState
2022-10-10 08:34:38,986 [om1@group-C5BA1605619E-FollowerState] INFO  server.RaftServer$Division (RaftServerImpl.java:setRole(299)) - om1@group-C5BA1605619E: changes role from  FOLLOWER to CANDIDATE at term 0 for changeToCandidate
2022-10-10 08:34:38,989 [om1@group-C5BA1605619E-FollowerState] INFO  server.RaftServerConfigKeys (ConfUtils.java:logGet(46)) - raft.server.leaderelection.pre-vote = false (custom)
2022-10-10 08:34:38,990 [om1@group-C5BA1605619E-FollowerState] INFO  impl.RoleInfo (RoleInfo.java:updateAndGet(139)) - om1: start om1@group-C5BA1605619E-LeaderElection1
2022-10-10 08:34:39,013 [om1@group-C5BA1605619E-LeaderElection1] INFO  impl.LeaderElection (LeaderElection.java:askForVotes(310)) - om1@group-C5BA1605619E-LeaderElection1 ELECTION round 0: submit vote requests at term 1 for -1: [om1|rpc:localhost:9872|priority:0], old=null
2022-10-10 08:34:39,014 [om1@group-C5BA1605619E-LeaderElection1] INFO  impl.LeaderElection (LeaderElection.java:askForVotes(312)) - om1@group-C5BA1605619E-LeaderElection1 ELECTION round 0: result PASSED (term=1)
2022-10-10 08:34:39,015 [om1@group-C5BA1605619E-LeaderElection1] INFO  impl.RoleInfo (RoleInfo.java:shutdownLeaderElection(130)) - om1: shutdown om1@group-C5BA1605619E-LeaderElection1
2022-10-10 08:34:39,020 [om1@group-C5BA1605619E-LeaderElection1] INFO  server.RaftServer$Division (RaftServerImpl.java:setRole(299)) - om1@group-C5BA1605619E: changes role from CANDIDATE to LEADER at term 1 for changeToLeader
2022-10-10 08:34:39,020 [om1@group-C5BA1605619E-LeaderElection1] INFO  server.RaftServer$Division (ServerState.java:setLeader(287)) - om1@group-C5BA1605619E: change Leader from null to om1 at term 1 for becomeLeader, leader elected after 2427ms
2022-10-10 08:34:39,031 [om1@group-C5BA1605619E-LeaderElection1] INFO  server.RaftServerConfigKeys (ConfUtils.java:logGet(46)) - raft.server.staging.catchup.gap = 1000 (default)
2022-10-10 08:34:39,052 [om1@group-C5BA1605619E-LeaderElection1] INFO  server.RaftServerConfigKeys (ConfUtils.java:logGet(46)) - raft.server.write.element-limit = 4096 (default)
2022-10-10 08:34:39,052 [om1@group-C5BA1605619E-LeaderElection1] INFO  server.RaftServerConfigKeys (ConfUtils.java:logGet(46)) - raft.server.write.byte-limit = 64MB (=67108864) (default)
2022-10-10 08:34:39,067 [om1@group-C5BA1605619E-LeaderElection1] INFO  server.RaftServerConfigKeys (ConfUtils.java:logGet(46)) - raft.server.watch.timeout = 10s (default)
2022-10-10 08:34:39,068 [om1@group-C5BA1605619E-LeaderElection1] INFO  server.RaftServerConfigKeys (ConfUtils.java:logGet(46)) - raft.server.watch.timeout.denomination = 1s (default)
2022-10-10 08:34:39,068 [om1@group-C5BA1605619E-LeaderElection1] INFO  server.RaftServerConfigKeys (ConfUtils.java:logGet(46)) - raft.server.watch.element-limit = 65536 (default)
2022-10-10 08:34:39,084 [om1@group-C5BA1605619E-LeaderElection1] INFO  server.RaftServerConfigKeys (ConfUtils.java:logGet(46)) - raft.server.write.element-limit = 4096 (default)
2022-10-10 08:34:39,093 [om1@group-C5BA1605619E-LeaderElection1] INFO  server.RaftServerConfigKeys (ConfUtils.java:logGet(46)) - raft.server.write.follower.gap.ratio.max = -1.0 (default)
2022-10-10 08:34:39,095 [om1@group-C5BA1605619E-LeaderElection1] INFO  impl.RoleInfo (RoleInfo.java:updateAndGet(139)) - om1: start om1@group-C5BA1605619E-LeaderStateImpl
2022-10-10 08:34:39,163 [om1@group-C5BA1605619E-LeaderElection1] INFO  segmented.SegmentedRaftLogWorker (SegmentedRaftLogWorker.java:startLogSegment(425)) - om1@group-C5BA1605619E-SegmentedRaftLogWorker: Starting segment from index:0
2022-10-10 08:34:39,271 [om1@group-C5BA1605619E-LeaderElection1] INFO  server.RaftServer$Division (ServerState.java:setRaftConf(393)) - om1@group-C5BA1605619E: set configuration 0: [om1|rpc:localhost:9872|admin:|client:|dataStream:|priority:0], old=null
2022-10-10 08:34:39,302 [Listener at 127.0.0.1/46487] INFO  handler.ContextHandler (ContextHandler.java:doStart(915)) - Started o.e.j.w.WebAppContext@3d4bc978{hddsDatanode,/,file:///tmp/jetty-0_0_0_0-35063-hdds-container-service-1_3_0-SNAPSHOT_jar-_-any-2960410120365316202/webapp/,AVAILABLE}{jar:file:/home/runner/.m2/repository/org/apache/ozone/hdds-container-service/1.3.0-SNAPSHOT/hdds-container-service-1.3.0-SNAPSHOT.jar!/webapps/hddsDatanode}
2022-10-10 08:34:39,310 [Listener at 127.0.0.1/46487] INFO  server.AbstractConnector (AbstractConnector.java:doStart(331)) - Started ServerConnector@62307118{HTTP/1.1, (http/1.1)}{0.0.0.0:35063}
2022-10-10 08:34:39,311 [Listener at 127.0.0.1/46487] INFO  server.Server (Server.java:doStart(415)) - Started @10867ms
2022-10-10 08:34:39,311 [Listener at 127.0.0.1/46487] WARN  impl.MetricsSystemImpl (MetricsSystemImpl.java:register(279)) - Sink prometheus already exists!
2022-10-10 08:34:39,312 [Listener at 127.0.0.1/46487] INFO  http.BaseHttpServer (BaseHttpServer.java:updateConnectorAddress(333)) - HTTP server of hddsDatanode listening at http://0.0.0.0:35063
2022-10-10 08:34:39,318 [Listener at 127.0.0.1/46487] WARN  impl.MetricRegistriesImpl (MetricRegistriesImpl.java:addReporterRegistration(111)) - New reporters are added after registries were created. Some metrics will be missing from the reporter. Please add reporter before adding any new registry.
2022-10-10 08:34:39,319 [Listener at 127.0.0.1/46487] WARN  impl.MetricRegistriesImpl (MetricRegistriesImpl.java:addReporterRegistration(111)) - New reporters are added after registries were created. Some metrics will be missing from the reporter. Please add reporter before adding any new registry.
2022-10-10 08:34:39,319 [Listener at 127.0.0.1/46487] INFO  impl.MetricsSystemImpl (MetricsSystemImpl.java:init(158)) - HddsDatanode metrics system started (again)
2022-10-10 08:34:39,319 [Datanode State Machine Daemon Thread] INFO  statemachine.DatanodeStateMachine (DatanodeStateMachine.java:lambda$startDaemon$0(492)) - Ozone container server started.
2022-10-10 08:34:39,334 [Listener at 127.0.0.1/46487] INFO  ozone.HddsDatanodeService (HddsDatanodeService.java:start(236)) - HddsDatanodeService host:fv-az292-843.tqgtyn10aqxuxoi0mkfbldi5vh.jx.internal.cloudapp.net ip:10.1.0.114
2022-10-10 08:34:39,384 [org.apache.hadoop.util.JvmPauseMonitor$Monitor@424f4a77] INFO  util.JvmPauseMonitor (JvmPauseMonitor.java:run(188)) - Starting JVM pause monitor
2022-10-10 08:34:39,386 [Listener at 127.0.0.1/46487] INFO  upgrade.AbstractLayoutVersionManager (AbstractLayoutVersionManager.java:init(83)) - Initializing Layout version manager with metadata layout = DATANODE_SCHEMA_V3 (version = 4), software layout = DATANODE_SCHEMA_V3 (version = 4)
2022-10-10 08:34:39,470 [om1@group-C5BA1605619E-SegmentedRaftLogWorker] INFO  segmented.SegmentedRaftLogWorker (SegmentedRaftLogWorker.java:execute(629)) - om1@group-C5BA1605619E-SegmentedRaftLogWorker: created new log segment /home/runner/work/ozone/ozone/hadoop-ozone/integration-test/target/test-dir/MiniOzoneClusterImpl-3d336b07-937f-4edb-b979-ca8ead8aca5d/ozone-meta/ratis/bf265839-605b-3f16-9796-c5ba1605619e/current/log_inprogress_0
2022-10-10 08:34:39,509 [Listener at 127.0.0.1/46487] INFO  reflections.Reflections (Reflections.java:scan(232)) - Reflections took 122 ms to scan 7 urls, producing 135 keys and 327 values 
2022-10-10 08:34:39,519 [Listener at 127.0.0.1/46487] INFO  statemachine.DatanodeStateMachine (DatanodeStateMachine.java:getEndPointTaskThreadPoolSize(237)) - Datanode State Machine Task Thread Pool size 2
2022-10-10 08:34:39,537 [Listener at 127.0.0.1/46487] INFO  volume.HddsVolume (HddsVolume.java:<init>(117)) - Creating HddsVolume: /home/runner/work/ozone/ozone/hadoop-ozone/integration-test/target/test-dir/MiniOzoneClusterImpl-3d336b07-937f-4edb-b979-ca8ead8aca5d/datanode-1/data-0/containers/hdds of storage type : DISK capacity : 9223372036854775807
2022-10-10 08:34:39,537 [Listener at 127.0.0.1/46487] INFO  volume.MutableVolumeSet (MutableVolumeSet.java:initializeVolumeSet(174)) - Added Volume : /home/runner/work/ozone/ozone/hadoop-ozone/integration-test/target/test-dir/MiniOzoneClusterImpl-3d336b07-937f-4edb-b979-ca8ead8aca5d/datanode-1/data-0/containers/hdds to VolumeSet
2022-10-10 08:34:39,537 [Listener at 127.0.0.1/46487] INFO  volume.ThrottledAsyncChecker (ThrottledAsyncChecker.java:schedule(141)) - Scheduling a check for /home/runner/work/ozone/ozone/hadoop-ozone/integration-test/target/test-dir/MiniOzoneClusterImpl-3d336b07-937f-4edb-b979-ca8ead8aca5d/datanode-1/data-0/containers/hdds
2022-10-10 08:34:39,539 [Listener at 127.0.0.1/46487] INFO  volume.StorageVolumeChecker (StorageVolumeChecker.java:checkAllVolumes(202)) - Scheduled health check for volume /home/runner/work/ozone/ozone/hadoop-ozone/integration-test/target/test-dir/MiniOzoneClusterImpl-3d336b07-937f-4edb-b979-ca8ead8aca5d/datanode-1/data-0/containers/hdds
2022-10-10 08:34:39,564 [Listener at 127.0.0.1/46487] INFO  volume.MutableVolumeSet (MutableVolumeSet.java:initializeVolumeSet(174)) - Added Volume : /home/runner/work/ozone/ozone/hadoop-ozone/integration-test/target/test-dir/MiniOzoneClusterImpl-3d336b07-937f-4edb-b979-ca8ead8aca5d/datanode-1/data/ratis to VolumeSet
2022-10-10 08:34:39,564 [Listener at 127.0.0.1/46487] INFO  volume.ThrottledAsyncChecker (ThrottledAsyncChecker.java:schedule(141)) - Scheduling a check for /home/runner/work/ozone/ozone/hadoop-ozone/integration-test/target/test-dir/MiniOzoneClusterImpl-3d336b07-937f-4edb-b979-ca8ead8aca5d/datanode-1/data/ratis
2022-10-10 08:34:39,565 [Listener at 127.0.0.1/46487] INFO  volume.StorageVolumeChecker (StorageVolumeChecker.java:checkAllVolumes(202)) - Scheduled health check for volume /home/runner/work/ozone/ozone/hadoop-ozone/integration-test/target/test-dir/MiniOzoneClusterImpl-3d336b07-937f-4edb-b979-ca8ead8aca5d/datanode-1/data/ratis
2022-10-10 08:34:39,599 [Thread-151] INFO  ozoneimpl.ContainerReader (ContainerReader.java:readVolume(175)) - Finish verifying containers on volume /home/runner/work/ozone/ozone/hadoop-ozone/integration-test/target/test-dir/MiniOzoneClusterImpl-3d336b07-937f-4edb-b979-ca8ead8aca5d/datanode-1/data-0/containers/hdds
2022-10-10 08:34:39,601 [Listener at 127.0.0.1/46487] INFO  ozoneimpl.OzoneContainer (OzoneContainer.java:buildContainerSet(300)) - Build ContainerSet costs 0s
2022-10-10 08:34:39,605 [Listener at 127.0.0.1/46487] INFO  server.RaftServer (ConfUtils.java:logGet(46)) - raft.rpc.type = GRPC (default)
2022-10-10 08:34:39,605 [Listener at 127.0.0.1/46487] INFO  grpc.GrpcFactory (GrpcFactory.java:checkPooledByteBufAllocatorUseCacheForAllThreads(48)) - PERFORMANCE WARNING: useCacheForAllThreads is true that may cause Netty to create a lot garbage objects and, as a result, trigger GC.
	It is recommended to disable useCacheForAllThreads by setting -Dorg.apache.ratis.thirdparty.io.netty.allocator.useCacheForAllThreads=false in command line.
2022-10-10 08:34:39,606 [Listener at 127.0.0.1/46487] INFO  grpc.GrpcConfigKeys (ConfUtils.java:logGet(46)) - raft.grpc.admin.port = 0 (custom)
2022-10-10 08:34:39,607 [Listener at 127.0.0.1/46487] INFO  grpc.GrpcConfigKeys (ConfUtils.java:logGet(46)) - raft.grpc.client.port = 0 (custom)
2022-10-10 08:34:39,607 [Listener at 127.0.0.1/46487] INFO  grpc.GrpcConfigKeys (ConfUtils.java:logGet(46)) - raft.grpc.server.port = 0 (default)
2022-10-10 08:34:39,608 [Listener at 127.0.0.1/46487] INFO  server.GrpcService (ConfUtils.java:logGet(46)) - raft.grpc.message.size.max = 32MB (=33554432) (custom)
2022-10-10 08:34:39,608 [Listener at 127.0.0.1/46487] INFO  server.RaftServerConfigKeys (ConfUtils.java:logGet(46)) - raft.server.log.appender.buffer.byte-limit = 33554432 (custom)
2022-10-10 08:34:39,608 [Listener at 127.0.0.1/46487] INFO  server.GrpcService (ConfUtils.java:logGet(46)) - raft.grpc.flow.control.window = 5MB (=5242880) (custom)
2022-10-10 08:34:39,617 [Listener at 127.0.0.1/46487] INFO  server.RaftServerConfigKeys (ConfUtils.java:logGet(46)) - raft.server.rpc.request.timeout = 60s (custom)
2022-10-10 08:34:39,617 [Listener at 127.0.0.1/46487] INFO  grpc.GrpcConfigKeys (ConfUtils.java:logGet(46)) - raft.grpc.server.async.request.thread.pool.cached = true (default)
2022-10-10 08:34:39,617 [Listener at 127.0.0.1/46487] INFO  grpc.GrpcConfigKeys (ConfUtils.java:logGet(46)) - raft.grpc.server.async.request.thread.pool.size = 32 (default)
2022-10-10 08:34:39,628 [Listener at 127.0.0.1/46487] INFO  impl.DataStreamServerImpl (ConfUtils.java:logGet(46)) - raft.datastream.type = DISABLED (default)
2022-10-10 08:34:39,628 [Listener at 127.0.0.1/46487] INFO  server.RaftServerConfigKeys (ConfUtils.java:logGet(46)) - raft.server.threadpool.proxy.cached = true (default)
2022-10-10 08:34:39,628 [Listener at 127.0.0.1/46487] INFO  server.RaftServerConfigKeys (ConfUtils.java:logGet(46)) - raft.server.threadpool.proxy.size = 0 (default)
2022-10-10 08:34:39,628 [Listener at 127.0.0.1/46487] INFO  server.RaftServerConfigKeys (ConfUtils.java:logGet(46)) - raft.server.rpc.slowness.timeout = 300s (custom)
2022-10-10 08:34:39,629 [Listener at 127.0.0.1/46487] INFO  server.RaftServerConfigKeys (ConfUtils.java:logGet(46)) - raft.server.leaderelection.leader.step-down.wait-time = 10s (default)
2022-10-10 08:34:39,629 [Listener at 127.0.0.1/46487] INFO  server.RaftServerConfigKeys (ConfUtils.java:logGet(46)) - raft.server.storage.dir = [/home/runner/work/ozone/ozone/hadoop-ozone/integration-test/target/test-dir/MiniOzoneClusterImpl-3d336b07-937f-4edb-b979-ca8ead8aca5d/datanode-1/data/ratis] (custom)
2022-10-10 08:34:39,638 [Listener at 127.0.0.1/46487] INFO  server.XceiverServerGrpc (XceiverServerGrpc.java:<init>(132)) - GrpcServer channel type EpollServerSocketChannel
2022-10-10 08:34:39,653 [Listener at 127.0.0.1/46487] INFO  http.BaseHttpServer (BaseHttpServer.java:newHttpServer2BuilderForOzone(213)) - Starting Web-server for hddsDatanode at: http://0.0.0.0:0
2022-10-10 08:34:39,653 [Listener at 127.0.0.1/46487] INFO  http.BaseHttpServer (BaseHttpServer.java:<init>(108)) - Hadoop Security Enabled: false Ozone Security Enabled: false Ozone HTTP Security Enabled: false 
2022-10-10 08:34:39,655 [Listener at 127.0.0.1/46487] INFO  server.AuthenticationFilter (AuthenticationFilter.java:constructSecretProvider(240)) - Unable to initialize FileSignerSecretProvider, falling back to use random secrets.
2022-10-10 08:34:39,664 [Listener at 127.0.0.1/46487] WARN  http.HttpRequestLog (HttpRequestLog.java:getRequestLog(103)) - Jetty request log can only be enabled using Log4j
2022-10-10 08:34:39,666 [Listener at 127.0.0.1/46487] INFO  http.HttpServer2 (HttpServer2.java:addGlobalFilter(1031)) - Added global filter 'safety' (class=org.apache.hadoop.hdds.server.http.HttpServer2$QuotingInputFilter)
2022-10-10 08:34:39,671 [Listener at 127.0.0.1/46487] INFO  http.HttpServer2 (HttpServer2.java:addFilter(1007)) - Added filter static_user_filter (class=org.apache.hadoop.http.lib.StaticUserWebFilter$StaticUserFilter) to context hddsDatanode
2022-10-10 08:34:39,671 [Listener at 127.0.0.1/46487] INFO  http.HttpServer2 (HttpServer2.java:addFilter(1015)) - Added filter static_user_filter (class=org.apache.hadoop.http.lib.StaticUserWebFilter$StaticUserFilter) to context logs
2022-10-10 08:34:39,671 [Listener at 127.0.0.1/46487] INFO  http.HttpServer2 (HttpServer2.java:addFilter(1015)) - Added filter static_user_filter (class=org.apache.hadoop.http.lib.StaticUserWebFilter$StaticUserFilter) to context static
2022-10-10 08:34:39,673 [Listener at 127.0.0.1/46487] INFO  http.HttpServer2 (HttpServer2.java:bindListener(1250)) - Jetty bound to port 42427
2022-10-10 08:34:39,673 [Listener at 127.0.0.1/46487] INFO  server.Server (Server.java:doStart(375)) - jetty-9.4.43.v20210629; built: 2021-06-30T11:07:22.254Z; git: 526006ecfa3af7f1a27ef3a288e2bef7ea9dd7e8; jvm 1.8.0_345-b01
2022-10-10 08:34:39,681 [Listener at 127.0.0.1/46487] INFO  server.session (DefaultSessionIdManager.java:doStart(334)) - DefaultSessionIdManager workerName=node0
2022-10-10 08:34:39,686 [Listener at 127.0.0.1/46487] INFO  server.session (DefaultSessionIdManager.java:doStart(339)) - No SessionScavenger set, using defaults
2022-10-10 08:34:39,686 [Listener at 127.0.0.1/46487] INFO  server.session (HouseKeeper.java:startScavenging(132)) - node0 Scavenging every 660000ms
2022-10-10 08:34:39,688 [Datanode State Machine Task Thread - 0] INFO  datanode.InitDatanodeState (InitDatanodeState.java:persistContainerDatanodeDetails(138)) - DatanodeDetails is persisted to /home/runner/work/ozone/ozone/hadoop-ozone/integration-test/target/test-dir/MiniOzoneClusterImpl-3d336b07-937f-4edb-b979-ca8ead8aca5d/datanode-0/meta/datanode.id
2022-10-10 08:34:39,691 [Listener at 127.0.0.1/46487] INFO  handler.ContextHandler (ContextHandler.java:doStart(915)) - Started o.e.j.s.ServletContextHandler@2709109{logs,/logs,file:///home/runner/work/ozone/ozone/hadoop-ozone/integration-test/target/log,AVAILABLE}
2022-10-10 08:34:39,691 [Listener at 127.0.0.1/46487] INFO  handler.ContextHandler (ContextHandler.java:doStart(915)) - Started o.e.j.s.ServletContextHandler@38407b0e{static,/static,jar:file:/home/runner/.m2/repository/org/apache/ozone/hdds-container-service/1.3.0-SNAPSHOT/hdds-container-service-1.3.0-SNAPSHOT.jar!/webapps/static,AVAILABLE}
2022-10-10 08:34:39,707 [om1@group-C5BA1605619E-StateMachineUpdater] INFO  ratis.OzoneManagerStateMachine (OzoneManagerStateMachine.java:notifyConfigurationChanged(192)) - Received Configuration change notification from Ratis. New Peer list:
[id: "om1"
address: "localhost:9872"
]
2022-10-10 08:34:39,916 [Listener at 127.0.0.1/46487] INFO  handler.ContextHandler (ContextHandler.java:doStart(915)) - Started o.e.j.w.WebAppContext@664724e7{hddsDatanode,/,file:///tmp/jetty-0_0_0_0-42427-hdds-container-service-1_3_0-SNAPSHOT_jar-_-any-4438438283488297235/webapp/,AVAILABLE}{jar:file:/home/runner/.m2/repository/org/apache/ozone/hdds-container-service/1.3.0-SNAPSHOT/hdds-container-service-1.3.0-SNAPSHOT.jar!/webapps/hddsDatanode}
2022-10-10 08:34:39,918 [Listener at 127.0.0.1/46487] INFO  server.AbstractConnector (AbstractConnector.java:doStart(331)) - Started ServerConnector@4e3db1c6{HTTP/1.1, (http/1.1)}{0.0.0.0:42427}
2022-10-10 08:34:39,918 [Listener at 127.0.0.1/46487] INFO  server.Server (Server.java:doStart(415)) - Started @11475ms
2022-10-10 08:34:39,918 [Listener at 127.0.0.1/46487] WARN  impl.MetricsSystemImpl (MetricsSystemImpl.java:register(279)) - Sink prometheus already exists!
2022-10-10 08:34:39,919 [Listener at 127.0.0.1/46487] INFO  http.BaseHttpServer (BaseHttpServer.java:updateConnectorAddress(333)) - HTTP server of hddsDatanode listening at http://0.0.0.0:42427
2022-10-10 08:34:39,920 [Listener at 127.0.0.1/46487] WARN  impl.MetricRegistriesImpl (MetricRegistriesImpl.java:addReporterRegistration(111)) - New reporters are added after registries were created. Some metrics will be missing from the reporter. Please add reporter before adding any new registry.
2022-10-10 08:34:39,920 [Listener at 127.0.0.1/46487] WARN  impl.MetricRegistriesImpl (MetricRegistriesImpl.java:addReporterRegistration(111)) - New reporters are added after registries were created. Some metrics will be missing from the reporter. Please add reporter before adding any new registry.
2022-10-10 08:34:39,920 [Listener at 127.0.0.1/46487] INFO  impl.MetricsSystemImpl (MetricsSystemImpl.java:init(158)) - HddsDatanode metrics system started (again)
2022-10-10 08:34:39,932 [Datanode State Machine Daemon Thread] INFO  statemachine.DatanodeStateMachine (DatanodeStateMachine.java:lambda$startDaemon$0(492)) - Ozone container server started.
2022-10-10 08:34:39,936 [Listener at 127.0.0.1/46487] INFO  ozone.HddsDatanodeService (HddsDatanodeService.java:start(236)) - HddsDatanodeService host:fv-az292-843.tqgtyn10aqxuxoi0mkfbldi5vh.jx.internal.cloudapp.net ip:10.1.0.114
2022-10-10 08:34:39,953 [org.apache.hadoop.util.JvmPauseMonitor$Monitor@521b21e7] INFO  util.JvmPauseMonitor (JvmPauseMonitor.java:run(188)) - Starting JVM pause monitor
2022-10-10 08:34:39,969 [Listener at 127.0.0.1/46487] INFO  upgrade.AbstractLayoutVersionManager (AbstractLayoutVersionManager.java:init(83)) - Initializing Layout version manager with metadata layout = DATANODE_SCHEMA_V3 (version = 4), software layout = DATANODE_SCHEMA_V3 (version = 4)
2022-10-10 08:34:39,970 [Datanode State Machine Task Thread - 0] INFO  datanode.InitDatanodeState (InitDatanodeState.java:persistContainerDatanodeDetails(138)) - DatanodeDetails is persisted to /home/runner/work/ozone/ozone/hadoop-ozone/integration-test/target/test-dir/MiniOzoneClusterImpl-3d336b07-937f-4edb-b979-ca8ead8aca5d/datanode-1/meta/datanode.id
2022-10-10 08:34:40,033 [Listener at 127.0.0.1/46487] INFO  reflections.Reflections (Reflections.java:scan(232)) - Reflections took 61 ms to scan 7 urls, producing 135 keys and 327 values 
2022-10-10 08:34:40,035 [Listener at 127.0.0.1/46487] INFO  statemachine.DatanodeStateMachine (DatanodeStateMachine.java:getEndPointTaskThreadPoolSize(237)) - Datanode State Machine Task Thread Pool size 2
2022-10-10 08:34:40,038 [Listener at 127.0.0.1/46487] INFO  volume.HddsVolume (HddsVolume.java:<init>(117)) - Creating HddsVolume: /home/runner/work/ozone/ozone/hadoop-ozone/integration-test/target/test-dir/MiniOzoneClusterImpl-3d336b07-937f-4edb-b979-ca8ead8aca5d/datanode-2/data-0/containers/hdds of storage type : DISK capacity : 9223372036854775807
2022-10-10 08:34:40,039 [Listener at 127.0.0.1/46487] INFO  volume.MutableVolumeSet (MutableVolumeSet.java:initializeVolumeSet(174)) - Added Volume : /home/runner/work/ozone/ozone/hadoop-ozone/integration-test/target/test-dir/MiniOzoneClusterImpl-3d336b07-937f-4edb-b979-ca8ead8aca5d/datanode-2/data-0/containers/hdds to VolumeSet
2022-10-10 08:34:40,039 [Listener at 127.0.0.1/46487] INFO  volume.ThrottledAsyncChecker (ThrottledAsyncChecker.java:schedule(141)) - Scheduling a check for /home/runner/work/ozone/ozone/hadoop-ozone/integration-test/target/test-dir/MiniOzoneClusterImpl-3d336b07-937f-4edb-b979-ca8ead8aca5d/datanode-2/data-0/containers/hdds
2022-10-10 08:34:40,039 [Listener at 127.0.0.1/46487] INFO  volume.StorageVolumeChecker (StorageVolumeChecker.java:checkAllVolumes(202)) - Scheduled health check for volume /home/runner/work/ozone/ozone/hadoop-ozone/integration-test/target/test-dir/MiniOzoneClusterImpl-3d336b07-937f-4edb-b979-ca8ead8aca5d/datanode-2/data-0/containers/hdds
2022-10-10 08:34:40,052 [Listener at 127.0.0.1/46487] INFO  volume.MutableVolumeSet (MutableVolumeSet.java:initializeVolumeSet(174)) - Added Volume : /home/runner/work/ozone/ozone/hadoop-ozone/integration-test/target/test-dir/MiniOzoneClusterImpl-3d336b07-937f-4edb-b979-ca8ead8aca5d/datanode-2/data/ratis to VolumeSet
2022-10-10 08:34:40,052 [Listener at 127.0.0.1/46487] INFO  volume.ThrottledAsyncChecker (ThrottledAsyncChecker.java:schedule(141)) - Scheduling a check for /home/runner/work/ozone/ozone/hadoop-ozone/integration-test/target/test-dir/MiniOzoneClusterImpl-3d336b07-937f-4edb-b979-ca8ead8aca5d/datanode-2/data/ratis
2022-10-10 08:34:40,053 [Listener at 127.0.0.1/46487] INFO  volume.StorageVolumeChecker (StorageVolumeChecker.java:checkAllVolumes(202)) - Scheduled health check for volume /home/runner/work/ozone/ozone/hadoop-ozone/integration-test/target/test-dir/MiniOzoneClusterImpl-3d336b07-937f-4edb-b979-ca8ead8aca5d/datanode-2/data/ratis
2022-10-10 08:34:40,065 [Thread-164] INFO  ozoneimpl.ContainerReader (ContainerReader.java:readVolume(175)) - Finish verifying containers on volume /home/runner/work/ozone/ozone/hadoop-ozone/integration-test/target/test-dir/MiniOzoneClusterImpl-3d336b07-937f-4edb-b979-ca8ead8aca5d/datanode-2/data-0/containers/hdds
2022-10-10 08:34:40,065 [Listener at 127.0.0.1/46487] INFO  ozoneimpl.OzoneContainer (OzoneContainer.java:buildContainerSet(300)) - Build ContainerSet costs 0s
2022-10-10 08:34:40,069 [Listener at 127.0.0.1/46487] INFO  server.RaftServer (ConfUtils.java:logGet(46)) - raft.rpc.type = GRPC (default)
2022-10-10 08:34:40,070 [Listener at 127.0.0.1/46487] INFO  grpc.GrpcFactory (GrpcFactory.java:checkPooledByteBufAllocatorUseCacheForAllThreads(48)) - PERFORMANCE WARNING: useCacheForAllThreads is true that may cause Netty to create a lot garbage objects and, as a result, trigger GC.
	It is recommended to disable useCacheForAllThreads by setting -Dorg.apache.ratis.thirdparty.io.netty.allocator.useCacheForAllThreads=false in command line.
2022-10-10 08:34:40,070 [Listener at 127.0.0.1/46487] INFO  grpc.GrpcConfigKeys (ConfUtils.java:logGet(46)) - raft.grpc.admin.port = 0 (custom)
2022-10-10 08:34:40,070 [Listener at 127.0.0.1/46487] INFO  grpc.GrpcConfigKeys (ConfUtils.java:logGet(46)) - raft.grpc.client.port = 0 (custom)
2022-10-10 08:34:40,070 [Listener at 127.0.0.1/46487] INFO  grpc.GrpcConfigKeys (ConfUtils.java:logGet(46)) - raft.grpc.server.port = 0 (default)
2022-10-10 08:34:40,071 [Listener at 127.0.0.1/46487] INFO  server.GrpcService (ConfUtils.java:logGet(46)) - raft.grpc.message.size.max = 32MB (=33554432) (custom)
2022-10-10 08:34:40,071 [Listener at 127.0.0.1/46487] INFO  server.RaftServerConfigKeys (ConfUtils.java:logGet(46)) - raft.server.log.appender.buffer.byte-limit = 33554432 (custom)
2022-10-10 08:34:40,071 [Listener at 127.0.0.1/46487] INFO  server.GrpcService (ConfUtils.java:logGet(46)) - raft.grpc.flow.control.window = 5MB (=5242880) (custom)
2022-10-10 08:34:40,071 [Listener at 127.0.0.1/46487] INFO  server.RaftServerConfigKeys (ConfUtils.java:logGet(46)) - raft.server.rpc.request.timeout = 60s (custom)
2022-10-10 08:34:40,072 [Listener at 127.0.0.1/46487] INFO  grpc.GrpcConfigKeys (ConfUtils.java:logGet(46)) - raft.grpc.server.async.request.thread.pool.cached = true (default)
2022-10-10 08:34:40,072 [Listener at 127.0.0.1/46487] INFO  grpc.GrpcConfigKeys (ConfUtils.java:logGet(46)) - raft.grpc.server.async.request.thread.pool.size = 32 (default)
2022-10-10 08:34:40,073 [Listener at 127.0.0.1/46487] INFO  impl.DataStreamServerImpl (ConfUtils.java:logGet(46)) - raft.datastream.type = DISABLED (default)
2022-10-10 08:34:40,074 [Listener at 127.0.0.1/46487] INFO  server.RaftServerConfigKeys (ConfUtils.java:logGet(46)) - raft.server.threadpool.proxy.cached = true (default)
2022-10-10 08:34:40,074 [Listener at 127.0.0.1/46487] INFO  server.RaftServerConfigKeys (ConfUtils.java:logGet(46)) - raft.server.threadpool.proxy.size = 0 (default)
2022-10-10 08:34:40,074 [Listener at 127.0.0.1/46487] INFO  server.RaftServerConfigKeys (ConfUtils.java:logGet(46)) - raft.server.rpc.slowness.timeout = 300s (custom)
2022-10-10 08:34:40,074 [Listener at 127.0.0.1/46487] INFO  server.RaftServerConfigKeys (ConfUtils.java:logGet(46)) - raft.server.leaderelection.leader.step-down.wait-time = 10s (default)
2022-10-10 08:34:40,074 [Listener at 127.0.0.1/46487] INFO  server.RaftServerConfigKeys (ConfUtils.java:logGet(46)) - raft.server.storage.dir = [/home/runner/work/ozone/ozone/hadoop-ozone/integration-test/target/test-dir/MiniOzoneClusterImpl-3d336b07-937f-4edb-b979-ca8ead8aca5d/datanode-2/data/ratis] (custom)
2022-10-10 08:34:40,076 [Listener at 127.0.0.1/46487] INFO  server.XceiverServerGrpc (XceiverServerGrpc.java:<init>(132)) - GrpcServer channel type EpollServerSocketChannel
2022-10-10 08:34:40,081 [Listener at 127.0.0.1/46487] INFO  http.BaseHttpServer (BaseHttpServer.java:newHttpServer2BuilderForOzone(213)) - Starting Web-server for hddsDatanode at: http://0.0.0.0:0
2022-10-10 08:34:40,082 [Listener at 127.0.0.1/46487] INFO  http.BaseHttpServer (BaseHttpServer.java:<init>(108)) - Hadoop Security Enabled: false Ozone Security Enabled: false Ozone HTTP Security Enabled: false 
2022-10-10 08:34:40,083 [Listener at 127.0.0.1/46487] INFO  server.AuthenticationFilter (AuthenticationFilter.java:constructSecretProvider(240)) - Unable to initialize FileSignerSecretProvider, falling back to use random secrets.
2022-10-10 08:34:40,084 [Listener at 127.0.0.1/46487] WARN  http.HttpRequestLog (HttpRequestLog.java:getRequestLog(103)) - Jetty request log can only be enabled using Log4j
2022-10-10 08:34:40,085 [Listener at 127.0.0.1/46487] INFO  http.HttpServer2 (HttpServer2.java:addGlobalFilter(1031)) - Added global filter 'safety' (class=org.apache.hadoop.hdds.server.http.HttpServer2$QuotingInputFilter)
2022-10-10 08:34:40,087 [Listener at 127.0.0.1/46487] INFO  http.HttpServer2 (HttpServer2.java:addFilter(1007)) - Added filter static_user_filter (class=org.apache.hadoop.http.lib.StaticUserWebFilter$StaticUserFilter) to context hddsDatanode
2022-10-10 08:34:40,087 [Listener at 127.0.0.1/46487] INFO  http.HttpServer2 (HttpServer2.java:addFilter(1015)) - Added filter static_user_filter (class=org.apache.hadoop.http.lib.StaticUserWebFilter$StaticUserFilter) to context static
2022-10-10 08:34:40,087 [Listener at 127.0.0.1/46487] INFO  http.HttpServer2 (HttpServer2.java:addFilter(1015)) - Added filter static_user_filter (class=org.apache.hadoop.http.lib.StaticUserWebFilter$StaticUserFilter) to context logs
2022-10-10 08:34:40,088 [Listener at 127.0.0.1/46487] INFO  http.HttpServer2 (HttpServer2.java:bindListener(1250)) - Jetty bound to port 36207
2022-10-10 08:34:40,088 [Listener at 127.0.0.1/46487] INFO  server.Server (Server.java:doStart(375)) - jetty-9.4.43.v20210629; built: 2021-06-30T11:07:22.254Z; git: 526006ecfa3af7f1a27ef3a288e2bef7ea9dd7e8; jvm 1.8.0_345-b01
2022-10-10 08:34:40,097 [Listener at 127.0.0.1/46487] INFO  server.session (DefaultSessionIdManager.java:doStart(334)) - DefaultSessionIdManager workerName=node0
2022-10-10 08:34:40,097 [Listener at 127.0.0.1/46487] INFO  server.session (DefaultSessionIdManager.java:doStart(339)) - No SessionScavenger set, using defaults
2022-10-10 08:34:40,097 [Listener at 127.0.0.1/46487] INFO  server.session (HouseKeeper.java:startScavenging(132)) - node0 Scavenging every 600000ms
2022-10-10 08:34:40,099 [Listener at 127.0.0.1/46487] INFO  handler.ContextHandler (ContextHandler.java:doStart(915)) - Started o.e.j.s.ServletContextHandler@7ebc160d{logs,/logs,file:///home/runner/work/ozone/ozone/hadoop-ozone/integration-test/target/log,AVAILABLE}
2022-10-10 08:34:40,100 [Listener at 127.0.0.1/46487] INFO  handler.ContextHandler (ContextHandler.java:doStart(915)) - Started o.e.j.s.ServletContextHandler@5074dd7{static,/static,jar:file:/home/runner/.m2/repository/org/apache/ozone/hdds-container-service/1.3.0-SNAPSHOT/hdds-container-service-1.3.0-SNAPSHOT.jar!/webapps/static,AVAILABLE}
2022-10-10 08:34:40,316 [Listener at 127.0.0.1/46487] INFO  handler.ContextHandler (ContextHandler.java:doStart(915)) - Started o.e.j.w.WebAppContext@7985f341{hddsDatanode,/,file:///tmp/jetty-0_0_0_0-36207-hdds-container-service-1_3_0-SNAPSHOT_jar-_-any-4028955880500383736/webapp/,AVAILABLE}{jar:file:/home/runner/.m2/repository/org/apache/ozone/hdds-container-service/1.3.0-SNAPSHOT/hdds-container-service-1.3.0-SNAPSHOT.jar!/webapps/hddsDatanode}
2022-10-10 08:34:40,318 [Listener at 127.0.0.1/46487] INFO  server.AbstractConnector (AbstractConnector.java:doStart(331)) - Started ServerConnector@14c4adab{HTTP/1.1, (http/1.1)}{0.0.0.0:36207}
2022-10-10 08:34:40,318 [Listener at 127.0.0.1/46487] INFO  server.Server (Server.java:doStart(415)) - Started @11875ms
2022-10-10 08:34:40,318 [Listener at 127.0.0.1/46487] WARN  impl.MetricsSystemImpl (MetricsSystemImpl.java:register(279)) - Sink prometheus already exists!
2022-10-10 08:34:40,319 [Listener at 127.0.0.1/46487] INFO  http.BaseHttpServer (BaseHttpServer.java:updateConnectorAddress(333)) - HTTP server of hddsDatanode listening at http://0.0.0.0:36207
2022-10-10 08:34:40,320 [Listener at 127.0.0.1/46487] WARN  impl.MetricRegistriesImpl (MetricRegistriesImpl.java:addReporterRegistration(111)) - New reporters are added after registries were created. Some metrics will be missing from the reporter. Please add reporter before adding any new registry.
2022-10-10 08:34:40,320 [Listener at 127.0.0.1/46487] WARN  impl.MetricRegistriesImpl (MetricRegistriesImpl.java:addReporterRegistration(111)) - New reporters are added after registries were created. Some metrics will be missing from the reporter. Please add reporter before adding any new registry.
2022-10-10 08:34:40,320 [Listener at 127.0.0.1/46487] INFO  impl.MetricsSystemImpl (MetricsSystemImpl.java:init(158)) - HddsDatanode metrics system started (again)
2022-10-10 08:34:40,322 [Datanode State Machine Daemon Thread] INFO  statemachine.DatanodeStateMachine (DatanodeStateMachine.java:lambda$startDaemon$0(492)) - Ozone container server started.
2022-10-10 08:34:40,336 [org.apache.hadoop.util.JvmPauseMonitor$Monitor@5ec6e885] INFO  util.JvmPauseMonitor (JvmPauseMonitor.java:run(188)) - Starting JVM pause monitor
2022-10-10 08:34:40,342 [Datanode State Machine Task Thread - 0] INFO  datanode.InitDatanodeState (InitDatanodeState.java:persistContainerDatanodeDetails(138)) - DatanodeDetails is persisted to /home/runner/work/ozone/ozone/hadoop-ozone/integration-test/target/test-dir/MiniOzoneClusterImpl-3d336b07-937f-4edb-b979-ca8ead8aca5d/datanode-2/meta/datanode.id
2022-10-10 08:34:40,344 [Listener at 127.0.0.1/46487] INFO  ozone.HddsDatanodeService (HddsDatanodeService.java:start(236)) - HddsDatanodeService host:fv-az292-843.tqgtyn10aqxuxoi0mkfbldi5vh.jx.internal.cloudapp.net ip:10.1.0.114
2022-10-10 08:34:40,393 [Listener at 127.0.0.1/46487] INFO  upgrade.AbstractLayoutVersionManager (AbstractLayoutVersionManager.java:init(83)) - Initializing Layout version manager with metadata layout = DATANODE_SCHEMA_V3 (version = 4), software layout = DATANODE_SCHEMA_V3 (version = 4)
2022-10-10 08:34:40,446 [Listener at 127.0.0.1/46487] INFO  reflections.Reflections (Reflections.java:scan(232)) - Reflections took 51 ms to scan 7 urls, producing 135 keys and 327 values 
2022-10-10 08:34:40,448 [Listener at 127.0.0.1/46487] INFO  statemachine.DatanodeStateMachine (DatanodeStateMachine.java:getEndPointTaskThreadPoolSize(237)) - Datanode State Machine Task Thread Pool size 2
2022-10-10 08:34:40,451 [Listener at 127.0.0.1/46487] INFO  volume.HddsVolume (HddsVolume.java:<init>(117)) - Creating HddsVolume: /home/runner/work/ozone/ozone/hadoop-ozone/integration-test/target/test-dir/MiniOzoneClusterImpl-3d336b07-937f-4edb-b979-ca8ead8aca5d/datanode-3/data-0/containers/hdds of storage type : DISK capacity : 9223372036854775807
2022-10-10 08:34:40,451 [Listener at 127.0.0.1/46487] INFO  volume.MutableVolumeSet (MutableVolumeSet.java:initializeVolumeSet(174)) - Added Volume : /home/runner/work/ozone/ozone/hadoop-ozone/integration-test/target/test-dir/MiniOzoneClusterImpl-3d336b07-937f-4edb-b979-ca8ead8aca5d/datanode-3/data-0/containers/hdds to VolumeSet
2022-10-10 08:34:40,452 [Listener at 127.0.0.1/46487] INFO  volume.ThrottledAsyncChecker (ThrottledAsyncChecker.java:schedule(141)) - Scheduling a check for /home/runner/work/ozone/ozone/hadoop-ozone/integration-test/target/test-dir/MiniOzoneClusterImpl-3d336b07-937f-4edb-b979-ca8ead8aca5d/datanode-3/data-0/containers/hdds
2022-10-10 08:34:40,453 [Listener at 127.0.0.1/46487] INFO  volume.StorageVolumeChecker (StorageVolumeChecker.java:checkAllVolumes(202)) - Scheduled health check for volume /home/runner/work/ozone/ozone/hadoop-ozone/integration-test/target/test-dir/MiniOzoneClusterImpl-3d336b07-937f-4edb-b979-ca8ead8aca5d/datanode-3/data-0/containers/hdds
2022-10-10 08:34:40,466 [Listener at 127.0.0.1/46487] INFO  volume.MutableVolumeSet (MutableVolumeSet.java:initializeVolumeSet(174)) - Added Volume : /home/runner/work/ozone/ozone/hadoop-ozone/integration-test/target/test-dir/MiniOzoneClusterImpl-3d336b07-937f-4edb-b979-ca8ead8aca5d/datanode-3/data/ratis to VolumeSet
2022-10-10 08:34:40,466 [Listener at 127.0.0.1/46487] INFO  volume.ThrottledAsyncChecker (ThrottledAsyncChecker.java:schedule(141)) - Scheduling a check for /home/runner/work/ozone/ozone/hadoop-ozone/integration-test/target/test-dir/MiniOzoneClusterImpl-3d336b07-937f-4edb-b979-ca8ead8aca5d/datanode-3/data/ratis
2022-10-10 08:34:40,466 [Listener at 127.0.0.1/46487] INFO  volume.StorageVolumeChecker (StorageVolumeChecker.java:checkAllVolumes(202)) - Scheduled health check for volume /home/runner/work/ozone/ozone/hadoop-ozone/integration-test/target/test-dir/MiniOzoneClusterImpl-3d336b07-937f-4edb-b979-ca8ead8aca5d/datanode-3/data/ratis
2022-10-10 08:34:40,478 [Thread-177] INFO  ozoneimpl.ContainerReader (ContainerReader.java:readVolume(175)) - Finish verifying containers on volume /home/runner/work/ozone/ozone/hadoop-ozone/integration-test/target/test-dir/MiniOzoneClusterImpl-3d336b07-937f-4edb-b979-ca8ead8aca5d/datanode-3/data-0/containers/hdds
2022-10-10 08:34:40,479 [Listener at 127.0.0.1/46487] INFO  ozoneimpl.OzoneContainer (OzoneContainer.java:buildContainerSet(300)) - Build ContainerSet costs 0s
2022-10-10 08:34:40,482 [Listener at 127.0.0.1/46487] INFO  server.RaftServer (ConfUtils.java:logGet(46)) - raft.rpc.type = GRPC (default)
2022-10-10 08:34:40,482 [Listener at 127.0.0.1/46487] INFO  grpc.GrpcFactory (GrpcFactory.java:checkPooledByteBufAllocatorUseCacheForAllThreads(48)) - PERFORMANCE WARNING: useCacheForAllThreads is true that may cause Netty to create a lot garbage objects and, as a result, trigger GC.
	It is recommended to disable useCacheForAllThreads by setting -Dorg.apache.ratis.thirdparty.io.netty.allocator.useCacheForAllThreads=false in command line.
2022-10-10 08:34:40,483 [Listener at 127.0.0.1/46487] INFO  grpc.GrpcConfigKeys (ConfUtils.java:logGet(46)) - raft.grpc.admin.port = 0 (custom)
2022-10-10 08:34:40,483 [Listener at 127.0.0.1/46487] INFO  grpc.GrpcConfigKeys (ConfUtils.java:logGet(46)) - raft.grpc.client.port = 0 (custom)
2022-10-10 08:34:40,483 [Listener at 127.0.0.1/46487] INFO  grpc.GrpcConfigKeys (ConfUtils.java:logGet(46)) - raft.grpc.server.port = 0 (default)
2022-10-10 08:34:40,483 [Listener at 127.0.0.1/46487] INFO  server.GrpcService (ConfUtils.java:logGet(46)) - raft.grpc.message.size.max = 32MB (=33554432) (custom)
2022-10-10 08:34:40,483 [Listener at 127.0.0.1/46487] INFO  server.RaftServerConfigKeys (ConfUtils.java:logGet(46)) - raft.server.log.appender.buffer.byte-limit = 33554432 (custom)
2022-10-10 08:34:40,484 [Listener at 127.0.0.1/46487] INFO  server.GrpcService (ConfUtils.java:logGet(46)) - raft.grpc.flow.control.window = 5MB (=5242880) (custom)
2022-10-10 08:34:40,484 [Listener at 127.0.0.1/46487] INFO  server.RaftServerConfigKeys (ConfUtils.java:logGet(46)) - raft.server.rpc.request.timeout = 60s (custom)
2022-10-10 08:34:40,484 [Listener at 127.0.0.1/46487] INFO  grpc.GrpcConfigKeys (ConfUtils.java:logGet(46)) - raft.grpc.server.async.request.thread.pool.cached = true (default)
2022-10-10 08:34:40,484 [Listener at 127.0.0.1/46487] INFO  grpc.GrpcConfigKeys (ConfUtils.java:logGet(46)) - raft.grpc.server.async.request.thread.pool.size = 32 (default)
2022-10-10 08:34:40,485 [Listener at 127.0.0.1/46487] INFO  impl.DataStreamServerImpl (ConfUtils.java:logGet(46)) - raft.datastream.type = DISABLED (default)
2022-10-10 08:34:40,486 [Listener at 127.0.0.1/46487] INFO  server.RaftServerConfigKeys (ConfUtils.java:logGet(46)) - raft.server.threadpool.proxy.cached = true (default)
2022-10-10 08:34:40,486 [Listener at 127.0.0.1/46487] INFO  server.RaftServerConfigKeys (ConfUtils.java:logGet(46)) - raft.server.threadpool.proxy.size = 0 (default)
2022-10-10 08:34:40,486 [Listener at 127.0.0.1/46487] INFO  server.RaftServerConfigKeys (ConfUtils.java:logGet(46)) - raft.server.rpc.slowness.timeout = 300s (custom)
2022-10-10 08:34:40,486 [Listener at 127.0.0.1/46487] INFO  server.RaftServerConfigKeys (ConfUtils.java:logGet(46)) - raft.server.leaderelection.leader.step-down.wait-time = 10s (default)
2022-10-10 08:34:40,486 [Listener at 127.0.0.1/46487] INFO  server.RaftServerConfigKeys (ConfUtils.java:logGet(46)) - raft.server.storage.dir = [/home/runner/work/ozone/ozone/hadoop-ozone/integration-test/target/test-dir/MiniOzoneClusterImpl-3d336b07-937f-4edb-b979-ca8ead8aca5d/datanode-3/data/ratis] (custom)
2022-10-10 08:34:40,489 [Listener at 127.0.0.1/46487] INFO  server.XceiverServerGrpc (XceiverServerGrpc.java:<init>(132)) - GrpcServer channel type EpollServerSocketChannel
2022-10-10 08:34:40,498 [Listener at 127.0.0.1/46487] INFO  http.BaseHttpServer (BaseHttpServer.java:newHttpServer2BuilderForOzone(213)) - Starting Web-server for hddsDatanode at: http://0.0.0.0:0
2022-10-10 08:34:40,498 [Listener at 127.0.0.1/46487] INFO  http.BaseHttpServer (BaseHttpServer.java:<init>(108)) - Hadoop Security Enabled: false Ozone Security Enabled: false Ozone HTTP Security Enabled: false 
2022-10-10 08:34:40,501 [Listener at 127.0.0.1/46487] INFO  server.AuthenticationFilter (AuthenticationFilter.java:constructSecretProvider(240)) - Unable to initialize FileSignerSecretProvider, falling back to use random secrets.
2022-10-10 08:34:40,502 [Listener at 127.0.0.1/46487] WARN  http.HttpRequestLog (HttpRequestLog.java:getRequestLog(103)) - Jetty request log can only be enabled using Log4j
2022-10-10 08:34:40,505 [Listener at 127.0.0.1/46487] INFO  http.HttpServer2 (HttpServer2.java:addGlobalFilter(1031)) - Added global filter 'safety' (class=org.apache.hadoop.hdds.server.http.HttpServer2$QuotingInputFilter)
2022-10-10 08:34:40,506 [Listener at 127.0.0.1/46487] INFO  http.HttpServer2 (HttpServer2.java:addFilter(1007)) - Added filter static_user_filter (class=org.apache.hadoop.http.lib.StaticUserWebFilter$StaticUserFilter) to context hddsDatanode
2022-10-10 08:34:40,507 [Listener at 127.0.0.1/46487] INFO  http.HttpServer2 (HttpServer2.java:addFilter(1015)) - Added filter static_user_filter (class=org.apache.hadoop.http.lib.StaticUserWebFilter$StaticUserFilter) to context static
2022-10-10 08:34:40,507 [Listener at 127.0.0.1/46487] INFO  http.HttpServer2 (HttpServer2.java:addFilter(1015)) - Added filter static_user_filter (class=org.apache.hadoop.http.lib.StaticUserWebFilter$StaticUserFilter) to context logs
2022-10-10 08:34:40,508 [Listener at 127.0.0.1/46487] INFO  http.HttpServer2 (HttpServer2.java:bindListener(1250)) - Jetty bound to port 38813
2022-10-10 08:34:40,508 [Listener at 127.0.0.1/46487] INFO  server.Server (Server.java:doStart(375)) - jetty-9.4.43.v20210629; built: 2021-06-30T11:07:22.254Z; git: 526006ecfa3af7f1a27ef3a288e2bef7ea9dd7e8; jvm 1.8.0_345-b01
2022-10-10 08:34:40,513 [Listener at 127.0.0.1/46487] INFO  server.session (DefaultSessionIdManager.java:doStart(334)) - DefaultSessionIdManager workerName=node0
2022-10-10 08:34:40,513 [Listener at 127.0.0.1/46487] INFO  server.session (DefaultSessionIdManager.java:doStart(339)) - No SessionScavenger set, using defaults
2022-10-10 08:34:40,514 [Listener at 127.0.0.1/46487] INFO  server.session (HouseKeeper.java:startScavenging(132)) - node0 Scavenging every 660000ms
2022-10-10 08:34:40,515 [Listener at 127.0.0.1/46487] INFO  handler.ContextHandler (ContextHandler.java:doStart(915)) - Started o.e.j.s.ServletContextHandler@740ed220{logs,/logs,file:///home/runner/work/ozone/ozone/hadoop-ozone/integration-test/target/log,AVAILABLE}
2022-10-10 08:34:40,515 [Listener at 127.0.0.1/46487] INFO  handler.ContextHandler (ContextHandler.java:doStart(915)) - Started o.e.j.s.ServletContextHandler@22254d69{static,/static,jar:file:/home/runner/.m2/repository/org/apache/ozone/hdds-container-service/1.3.0-SNAPSHOT/hdds-container-service-1.3.0-SNAPSHOT.jar!/webapps/static,AVAILABLE}
2022-10-10 08:34:40,723 [Listener at 127.0.0.1/46487] INFO  handler.ContextHandler (ContextHandler.java:doStart(915)) - Started o.e.j.w.WebAppContext@7fca46aa{hddsDatanode,/,file:///tmp/jetty-0_0_0_0-38813-hdds-container-service-1_3_0-SNAPSHOT_jar-_-any-7719714185178635414/webapp/,AVAILABLE}{jar:file:/home/runner/.m2/repository/org/apache/ozone/hdds-container-service/1.3.0-SNAPSHOT/hdds-container-service-1.3.0-SNAPSHOT.jar!/webapps/hddsDatanode}
2022-10-10 08:34:40,724 [Listener at 127.0.0.1/46487] INFO  server.AbstractConnector (AbstractConnector.java:doStart(331)) - Started ServerConnector@4674bc88{HTTP/1.1, (http/1.1)}{0.0.0.0:38813}
2022-10-10 08:34:40,724 [Listener at 127.0.0.1/46487] INFO  server.Server (Server.java:doStart(415)) - Started @12281ms
2022-10-10 08:34:40,725 [Listener at 127.0.0.1/46487] WARN  impl.MetricsSystemImpl (MetricsSystemImpl.java:register(279)) - Sink prometheus already exists!
2022-10-10 08:34:40,726 [Listener at 127.0.0.1/46487] INFO  http.BaseHttpServer (BaseHttpServer.java:updateConnectorAddress(333)) - HTTP server of hddsDatanode listening at http://0.0.0.0:38813
2022-10-10 08:34:40,728 [Listener at 127.0.0.1/46487] WARN  impl.MetricRegistriesImpl (MetricRegistriesImpl.java:addReporterRegistration(111)) - New reporters are added after registries were created. Some metrics will be missing from the reporter. Please add reporter before adding any new registry.
2022-10-10 08:34:40,728 [Listener at 127.0.0.1/46487] WARN  impl.MetricRegistriesImpl (MetricRegistriesImpl.java:addReporterRegistration(111)) - New reporters are added after registries were created. Some metrics will be missing from the reporter. Please add reporter before adding any new registry.
2022-10-10 08:34:40,728 [Listener at 127.0.0.1/46487] INFO  impl.MetricsSystemImpl (MetricsSystemImpl.java:init(158)) - HddsDatanode metrics system started (again)
2022-10-10 08:34:40,740 [Datanode State Machine Daemon Thread] INFO  statemachine.DatanodeStateMachine (DatanodeStateMachine.java:lambda$startDaemon$0(492)) - Ozone container server started.
2022-10-10 08:34:40,748 [org.apache.hadoop.util.JvmPauseMonitor$Monitor@6a5a6924] INFO  util.JvmPauseMonitor (JvmPauseMonitor.java:run(188)) - Starting JVM pause monitor
2022-10-10 08:34:40,749 [Listener at 127.0.0.1/46487] INFO  ozone.HddsDatanodeService (HddsDatanodeService.java:start(236)) - HddsDatanodeService host:fv-az292-843.tqgtyn10aqxuxoi0mkfbldi5vh.jx.internal.cloudapp.net ip:10.1.0.114
2022-10-10 08:34:40,761 [Datanode State Machine Task Thread - 0] INFO  datanode.InitDatanodeState (InitDatanodeState.java:persistContainerDatanodeDetails(138)) - DatanodeDetails is persisted to /home/runner/work/ozone/ozone/hadoop-ozone/integration-test/target/test-dir/MiniOzoneClusterImpl-3d336b07-937f-4edb-b979-ca8ead8aca5d/datanode-3/meta/datanode.id
2022-10-10 08:34:40,779 [Listener at 127.0.0.1/46487] INFO  upgrade.AbstractLayoutVersionManager (AbstractLayoutVersionManager.java:init(83)) - Initializing Layout version manager with metadata layout = DATANODE_SCHEMA_V3 (version = 4), software layout = DATANODE_SCHEMA_V3 (version = 4)
2022-10-10 08:34:40,838 [Listener at 127.0.0.1/46487] INFO  reflections.Reflections (Reflections.java:scan(232)) - Reflections took 57 ms to scan 7 urls, producing 135 keys and 327 values 
2022-10-10 08:34:40,840 [Listener at 127.0.0.1/46487] INFO  statemachine.DatanodeStateMachine (DatanodeStateMachine.java:getEndPointTaskThreadPoolSize(237)) - Datanode State Machine Task Thread Pool size 2
2022-10-10 08:34:40,843 [Listener at 127.0.0.1/46487] INFO  volume.HddsVolume (HddsVolume.java:<init>(117)) - Creating HddsVolume: /home/runner/work/ozone/ozone/hadoop-ozone/integration-test/target/test-dir/MiniOzoneClusterImpl-3d336b07-937f-4edb-b979-ca8ead8aca5d/datanode-4/data-0/containers/hdds of storage type : DISK capacity : 9223372036854775807
2022-10-10 08:34:40,843 [Listener at 127.0.0.1/46487] INFO  volume.MutableVolumeSet (MutableVolumeSet.java:initializeVolumeSet(174)) - Added Volume : /home/runner/work/ozone/ozone/hadoop-ozone/integration-test/target/test-dir/MiniOzoneClusterImpl-3d336b07-937f-4edb-b979-ca8ead8aca5d/datanode-4/data-0/containers/hdds to VolumeSet
2022-10-10 08:34:40,843 [Listener at 127.0.0.1/46487] INFO  volume.ThrottledAsyncChecker (ThrottledAsyncChecker.java:schedule(141)) - Scheduling a check for /home/runner/work/ozone/ozone/hadoop-ozone/integration-test/target/test-dir/MiniOzoneClusterImpl-3d336b07-937f-4edb-b979-ca8ead8aca5d/datanode-4/data-0/containers/hdds
2022-10-10 08:34:40,848 [Listener at 127.0.0.1/46487] INFO  volume.StorageVolumeChecker (StorageVolumeChecker.java:checkAllVolumes(202)) - Scheduled health check for volume /home/runner/work/ozone/ozone/hadoop-ozone/integration-test/target/test-dir/MiniOzoneClusterImpl-3d336b07-937f-4edb-b979-ca8ead8aca5d/datanode-4/data-0/containers/hdds
2022-10-10 08:34:40,862 [Listener at 127.0.0.1/46487] INFO  volume.MutableVolumeSet (MutableVolumeSet.java:initializeVolumeSet(174)) - Added Volume : /home/runner/work/ozone/ozone/hadoop-ozone/integration-test/target/test-dir/MiniOzoneClusterImpl-3d336b07-937f-4edb-b979-ca8ead8aca5d/datanode-4/data/ratis to VolumeSet
2022-10-10 08:34:40,862 [Listener at 127.0.0.1/46487] INFO  volume.ThrottledAsyncChecker (ThrottledAsyncChecker.java:schedule(141)) - Scheduling a check for /home/runner/work/ozone/ozone/hadoop-ozone/integration-test/target/test-dir/MiniOzoneClusterImpl-3d336b07-937f-4edb-b979-ca8ead8aca5d/datanode-4/data/ratis
2022-10-10 08:34:40,862 [Listener at 127.0.0.1/46487] INFO  volume.StorageVolumeChecker (StorageVolumeChecker.java:checkAllVolumes(202)) - Scheduled health check for volume /home/runner/work/ozone/ozone/hadoop-ozone/integration-test/target/test-dir/MiniOzoneClusterImpl-3d336b07-937f-4edb-b979-ca8ead8aca5d/datanode-4/data/ratis
2022-10-10 08:34:40,877 [Thread-190] INFO  ozoneimpl.ContainerReader (ContainerReader.java:readVolume(175)) - Finish verifying containers on volume /home/runner/work/ozone/ozone/hadoop-ozone/integration-test/target/test-dir/MiniOzoneClusterImpl-3d336b07-937f-4edb-b979-ca8ead8aca5d/datanode-4/data-0/containers/hdds
2022-10-10 08:34:40,877 [Listener at 127.0.0.1/46487] INFO  ozoneimpl.OzoneContainer (OzoneContainer.java:buildContainerSet(300)) - Build ContainerSet costs 0s
2022-10-10 08:34:40,881 [Listener at 127.0.0.1/46487] INFO  server.RaftServer (ConfUtils.java:logGet(46)) - raft.rpc.type = GRPC (default)
2022-10-10 08:34:40,881 [Listener at 127.0.0.1/46487] INFO  grpc.GrpcFactory (GrpcFactory.java:checkPooledByteBufAllocatorUseCacheForAllThreads(48)) - PERFORMANCE WARNING: useCacheForAllThreads is true that may cause Netty to create a lot garbage objects and, as a result, trigger GC.
	It is recommended to disable useCacheForAllThreads by setting -Dorg.apache.ratis.thirdparty.io.netty.allocator.useCacheForAllThreads=false in command line.
2022-10-10 08:34:40,881 [Listener at 127.0.0.1/46487] INFO  grpc.GrpcConfigKeys (ConfUtils.java:logGet(46)) - raft.grpc.admin.port = 0 (custom)
2022-10-10 08:34:40,882 [Listener at 127.0.0.1/46487] INFO  grpc.GrpcConfigKeys (ConfUtils.java:logGet(46)) - raft.grpc.client.port = 0 (custom)
2022-10-10 08:34:40,882 [Listener at 127.0.0.1/46487] INFO  grpc.GrpcConfigKeys (ConfUtils.java:logGet(46)) - raft.grpc.server.port = 0 (default)
2022-10-10 08:34:40,882 [Listener at 127.0.0.1/46487] INFO  server.GrpcService (ConfUtils.java:logGet(46)) - raft.grpc.message.size.max = 32MB (=33554432) (custom)
2022-10-10 08:34:40,882 [Listener at 127.0.0.1/46487] INFO  server.RaftServerConfigKeys (ConfUtils.java:logGet(46)) - raft.server.log.appender.buffer.byte-limit = 33554432 (custom)
2022-10-10 08:34:40,882 [Listener at 127.0.0.1/46487] INFO  server.GrpcService (ConfUtils.java:logGet(46)) - raft.grpc.flow.control.window = 5MB (=5242880) (custom)
2022-10-10 08:34:40,882 [Listener at 127.0.0.1/46487] INFO  server.RaftServerConfigKeys (ConfUtils.java:logGet(46)) - raft.server.rpc.request.timeout = 60s (custom)
2022-10-10 08:34:40,883 [Listener at 127.0.0.1/46487] INFO  grpc.GrpcConfigKeys (ConfUtils.java:logGet(46)) - raft.grpc.server.async.request.thread.pool.cached = true (default)
2022-10-10 08:34:40,883 [Listener at 127.0.0.1/46487] INFO  grpc.GrpcConfigKeys (ConfUtils.java:logGet(46)) - raft.grpc.server.async.request.thread.pool.size = 32 (default)
2022-10-10 08:34:40,884 [Listener at 127.0.0.1/46487] INFO  impl.DataStreamServerImpl (ConfUtils.java:logGet(46)) - raft.datastream.type = DISABLED (default)
2022-10-10 08:34:40,884 [Listener at 127.0.0.1/46487] INFO  server.RaftServerConfigKeys (ConfUtils.java:logGet(46)) - raft.server.threadpool.proxy.cached = true (default)
2022-10-10 08:34:40,885 [Listener at 127.0.0.1/46487] INFO  server.RaftServerConfigKeys (ConfUtils.java:logGet(46)) - raft.server.threadpool.proxy.size = 0 (default)
2022-10-10 08:34:40,885 [Listener at 127.0.0.1/46487] INFO  server.RaftServerConfigKeys (ConfUtils.java:logGet(46)) - raft.server.rpc.slowness.timeout = 300s (custom)
2022-10-10 08:34:40,885 [Listener at 127.0.0.1/46487] INFO  server.RaftServerConfigKeys (ConfUtils.java:logGet(46)) - raft.server.leaderelection.leader.step-down.wait-time = 10s (default)
2022-10-10 08:34:40,885 [Listener at 127.0.0.1/46487] INFO  server.RaftServerConfigKeys (ConfUtils.java:logGet(46)) - raft.server.storage.dir = [/home/runner/work/ozone/ozone/hadoop-ozone/integration-test/target/test-dir/MiniOzoneClusterImpl-3d336b07-937f-4edb-b979-ca8ead8aca5d/datanode-4/data/ratis] (custom)
2022-10-10 08:34:40,887 [Listener at 127.0.0.1/46487] INFO  server.XceiverServerGrpc (XceiverServerGrpc.java:<init>(132)) - GrpcServer channel type EpollServerSocketChannel
2022-10-10 08:34:40,894 [Listener at 127.0.0.1/46487] INFO  http.BaseHttpServer (BaseHttpServer.java:newHttpServer2BuilderForOzone(213)) - Starting Web-server for hddsDatanode at: http://0.0.0.0:0
2022-10-10 08:34:40,894 [Listener at 127.0.0.1/46487] INFO  http.BaseHttpServer (BaseHttpServer.java:<init>(108)) - Hadoop Security Enabled: false Ozone Security Enabled: false Ozone HTTP Security Enabled: false 
2022-10-10 08:34:40,895 [Listener at 127.0.0.1/46487] INFO  server.AuthenticationFilter (AuthenticationFilter.java:constructSecretProvider(240)) - Unable to initialize FileSignerSecretProvider, falling back to use random secrets.
2022-10-10 08:34:40,897 [Listener at 127.0.0.1/46487] WARN  http.HttpRequestLog (HttpRequestLog.java:getRequestLog(103)) - Jetty request log can only be enabled using Log4j
2022-10-10 08:34:40,899 [Listener at 127.0.0.1/46487] INFO  http.HttpServer2 (HttpServer2.java:addGlobalFilter(1031)) - Added global filter 'safety' (class=org.apache.hadoop.hdds.server.http.HttpServer2$QuotingInputFilter)
2022-10-10 08:34:40,900 [Listener at 127.0.0.1/46487] INFO  http.HttpServer2 (HttpServer2.java:addFilter(1007)) - Added filter static_user_filter (class=org.apache.hadoop.http.lib.StaticUserWebFilter$StaticUserFilter) to context hddsDatanode
2022-10-10 08:34:40,900 [Listener at 127.0.0.1/46487] INFO  http.HttpServer2 (HttpServer2.java:addFilter(1015)) - Added filter static_user_filter (class=org.apache.hadoop.http.lib.StaticUserWebFilter$StaticUserFilter) to context static
2022-10-10 08:34:40,900 [Listener at 127.0.0.1/46487] INFO  http.HttpServer2 (HttpServer2.java:addFilter(1015)) - Added filter static_user_filter (class=org.apache.hadoop.http.lib.StaticUserWebFilter$StaticUserFilter) to context logs
2022-10-10 08:34:40,901 [Listener at 127.0.0.1/46487] INFO  http.HttpServer2 (HttpServer2.java:bindListener(1250)) - Jetty bound to port 35427
2022-10-10 08:34:40,901 [Listener at 127.0.0.1/46487] INFO  server.Server (Server.java:doStart(375)) - jetty-9.4.43.v20210629; built: 2021-06-30T11:07:22.254Z; git: 526006ecfa3af7f1a27ef3a288e2bef7ea9dd7e8; jvm 1.8.0_345-b01
2022-10-10 08:34:40,903 [Listener at 127.0.0.1/46487] INFO  server.session (DefaultSessionIdManager.java:doStart(334)) - DefaultSessionIdManager workerName=node0
2022-10-10 08:34:40,903 [Listener at 127.0.0.1/46487] INFO  server.session (DefaultSessionIdManager.java:doStart(339)) - No SessionScavenger set, using defaults
2022-10-10 08:34:40,903 [Listener at 127.0.0.1/46487] INFO  server.session (HouseKeeper.java:startScavenging(132)) - node0 Scavenging every 600000ms
2022-10-10 08:34:40,907 [Listener at 127.0.0.1/46487] INFO  handler.ContextHandler (ContextHandler.java:doStart(915)) - Started o.e.j.s.ServletContextHandler@511d3e08{logs,/logs,file:///home/runner/work/ozone/ozone/hadoop-ozone/integration-test/target/log,AVAILABLE}
2022-10-10 08:34:40,907 [Listener at 127.0.0.1/46487] INFO  handler.ContextHandler (ContextHandler.java:doStart(915)) - Started o.e.j.s.ServletContextHandler@e4add8b{static,/static,jar:file:/home/runner/.m2/repository/org/apache/ozone/hdds-container-service/1.3.0-SNAPSHOT/hdds-container-service-1.3.0-SNAPSHOT.jar!/webapps/static,AVAILABLE}
2022-10-10 08:34:41,118 [Listener at 127.0.0.1/46487] INFO  handler.ContextHandler (ContextHandler.java:doStart(915)) - Started o.e.j.w.WebAppContext@27b34cc9{hddsDatanode,/,file:///tmp/jetty-0_0_0_0-35427-hdds-container-service-1_3_0-SNAPSHOT_jar-_-any-6808667098744944067/webapp/,AVAILABLE}{jar:file:/home/runner/.m2/repository/org/apache/ozone/hdds-container-service/1.3.0-SNAPSHOT/hdds-container-service-1.3.0-SNAPSHOT.jar!/webapps/hddsDatanode}
2022-10-10 08:34:41,120 [Listener at 127.0.0.1/46487] INFO  server.AbstractConnector (AbstractConnector.java:doStart(331)) - Started ServerConnector@7e2bd4e2{HTTP/1.1, (http/1.1)}{0.0.0.0:35427}
2022-10-10 08:34:41,120 [Listener at 127.0.0.1/46487] INFO  server.Server (Server.java:doStart(415)) - Started @12677ms
2022-10-10 08:34:41,120 [Listener at 127.0.0.1/46487] WARN  impl.MetricsSystemImpl (MetricsSystemImpl.java:register(279)) - Sink prometheus already exists!
2022-10-10 08:34:41,121 [Listener at 127.0.0.1/46487] INFO  http.BaseHttpServer (BaseHttpServer.java:updateConnectorAddress(333)) - HTTP server of hddsDatanode listening at http://0.0.0.0:35427
2022-10-10 08:34:41,146 [Datanode State Machine Daemon Thread] INFO  statemachine.DatanodeStateMachine (DatanodeStateMachine.java:lambda$startDaemon$0(492)) - Ozone container server started.
2022-10-10 08:34:41,149 [Listener at 127.0.0.1/46487] INFO  ozone.MiniOzoneClusterImpl (MiniOzoneClusterImpl.java:lambda$waitForClusterToBeReady$0(216)) - Waiting for nodes to be ready. Got 0 of 5 DN Heartbeats.
2022-10-10 08:34:41,150 [Listener at 127.0.0.1/46487] INFO  ozone.MiniOzoneClusterImpl (MiniOzoneClusterImpl.java:lambda$waitForClusterToBeReady$0(219)) - Waiting for cluster to exit safe mode
2022-10-10 08:34:41,150 [Listener at 127.0.0.1/46487] INFO  ozone.MiniOzoneClusterImpl (MiniOzoneClusterImpl.java:lambda$waitForClusterToBeReady$0(221)) - SCM became leader
2022-10-10 08:34:41,180 [org.apache.hadoop.util.JvmPauseMonitor$Monitor@741f503e] INFO  util.JvmPauseMonitor (JvmPauseMonitor.java:run(188)) - Starting JVM pause monitor
2022-10-10 08:34:41,187 [Datanode State Machine Task Thread - 0] INFO  datanode.InitDatanodeState (InitDatanodeState.java:persistContainerDatanodeDetails(138)) - DatanodeDetails is persisted to /home/runner/work/ozone/ozone/hadoop-ozone/integration-test/target/test-dir/MiniOzoneClusterImpl-3d336b07-937f-4edb-b979-ca8ead8aca5d/datanode-4/meta/datanode.id
2022-10-10 08:34:41,525 [EndpointStateMachine task thread for /0.0.0.0:38769 - 0 ] INFO  volume.HddsVolume (HddsVolume.java:createDbStore(307)) - SchemaV3 db is created and loaded at /home/runner/work/ozone/ozone/hadoop-ozone/integration-test/target/test-dir/MiniOzoneClusterImpl-3d336b07-937f-4edb-b979-ca8ead8aca5d/datanode-0/data-0/containers/hdds/3d336b07-937f-4edb-b979-ca8ead8aca5d/DS-cf906b67-fbc3-4128-8db2-6ec99bf8df39/container.db for volume DS-cf906b67-fbc3-4128-8db2-6ec99bf8df39
2022-10-10 08:34:41,532 [EndpointStateMachine task thread for /0.0.0.0:38769 - 0 ] INFO  volume.HddsVolume (HddsVolume.java:closeDbStore(338)) - SchemaV3 db is stopped at /home/runner/work/ozone/ozone/hadoop-ozone/integration-test/target/test-dir/MiniOzoneClusterImpl-3d336b07-937f-4edb-b979-ca8ead8aca5d/datanode-0/data-0/containers/hdds/3d336b07-937f-4edb-b979-ca8ead8aca5d/DS-cf906b67-fbc3-4128-8db2-6ec99bf8df39/container.db for volume DS-cf906b67-fbc3-4128-8db2-6ec99bf8df39
2022-10-10 08:34:41,532 [EndpointStateMachine task thread for /0.0.0.0:38769 - 0 ] INFO  ozoneimpl.OzoneContainer (OzoneContainer.java:start(378)) - Attempting to start container services.
2022-10-10 08:34:41,534 [EndpointStateMachine task thread for /0.0.0.0:38769 - 0 ] INFO  ozoneimpl.OzoneContainer (OzoneContainer.java:startContainerScrub(313)) - Background container scanner has been disabled.
2022-10-10 08:34:41,536 [EndpointStateMachine task thread for /0.0.0.0:38769 - 0 ] INFO  replication.ReplicationServer (ReplicationServer.java:start(111)) - ReplicationServer is started using port 36527
2022-10-10 08:34:41,539 [EndpointStateMachine task thread for /0.0.0.0:38769 - 0 ] INFO  ratis.XceiverServerRatis (XceiverServerRatis.java:start(481)) - Starting XceiverServerRatis 3c09ee4b-a7a3-4286-a1c3-18dea5f798e8
2022-10-10 08:34:41,540 [EndpointStateMachine task thread for /0.0.0.0:38769 - 0 ] INFO  server.RaftServer (RaftServerProxy.java:lambda$start$6(382)) - 3c09ee4b-a7a3-4286-a1c3-18dea5f798e8: start RPC server
2022-10-10 08:34:41,544 [EndpointStateMachine task thread for /0.0.0.0:38769 - 0 ] INFO  server.GrpcService (GrpcService.java:startImpl(260)) - 3c09ee4b-a7a3-4286-a1c3-18dea5f798e8: GrpcService started, listening on 38615
2022-10-10 08:34:41,544 [EndpointStateMachine task thread for /0.0.0.0:38769 - 0 ] INFO  ratis.XceiverServerRatis (XceiverServerRatis.java:getRealPort(502)) - XceiverServerRatis 3c09ee4b-a7a3-4286-a1c3-18dea5f798e8 is started using port 38615 for RATIS
2022-10-10 08:34:41,544 [EndpointStateMachine task thread for /0.0.0.0:38769 - 0 ] INFO  ratis.XceiverServerRatis (XceiverServerRatis.java:getRealPort(502)) - XceiverServerRatis 3c09ee4b-a7a3-4286-a1c3-18dea5f798e8 is started using port 38615 for RATIS_ADMIN
2022-10-10 08:34:41,544 [EndpointStateMachine task thread for /0.0.0.0:38769 - 0 ] INFO  ratis.XceiverServerRatis (XceiverServerRatis.java:getRealPort(502)) - XceiverServerRatis 3c09ee4b-a7a3-4286-a1c3-18dea5f798e8 is started using port 38615 for RATIS_SERVER
2022-10-10 08:34:41,545 [org.apache.ratis.util.JvmPauseMonitor$$Lambda$636/263158265@2c1e5e2b] INFO  util.JvmPauseMonitor (JvmPauseMonitor.java:run(103)) - JvmPauseMonitor-3c09ee4b-a7a3-4286-a1c3-18dea5f798e8: Started
2022-10-10 08:34:41,557 [EndpointStateMachine task thread for /0.0.0.0:38769 - 0 ] INFO  server.XceiverServerGrpc (XceiverServerGrpc.java:start(180)) - XceiverServerGrpc 3c09ee4b-a7a3-4286-a1c3-18dea5f798e8 is started using port 34799
2022-10-10 08:34:41,999 [EndpointStateMachine task thread for /0.0.0.0:38769 - 0 ] INFO  volume.HddsVolume (HddsVolume.java:createDbStore(307)) - SchemaV3 db is created and loaded at /home/runner/work/ozone/ozone/hadoop-ozone/integration-test/target/test-dir/MiniOzoneClusterImpl-3d336b07-937f-4edb-b979-ca8ead8aca5d/datanode-1/data-0/containers/hdds/3d336b07-937f-4edb-b979-ca8ead8aca5d/DS-8bf2629d-208d-4f84-a0ee-76a8dc558ea5/container.db for volume DS-8bf2629d-208d-4f84-a0ee-76a8dc558ea5
2022-10-10 08:34:42,000 [EndpointStateMachine task thread for /0.0.0.0:38769 - 0 ] INFO  volume.HddsVolume (HddsVolume.java:closeDbStore(338)) - SchemaV3 db is stopped at /home/runner/work/ozone/ozone/hadoop-ozone/integration-test/target/test-dir/MiniOzoneClusterImpl-3d336b07-937f-4edb-b979-ca8ead8aca5d/datanode-1/data-0/containers/hdds/3d336b07-937f-4edb-b979-ca8ead8aca5d/DS-8bf2629d-208d-4f84-a0ee-76a8dc558ea5/container.db for volume DS-8bf2629d-208d-4f84-a0ee-76a8dc558ea5
2022-10-10 08:34:42,000 [EndpointStateMachine task thread for /0.0.0.0:38769 - 0 ] INFO  ozoneimpl.OzoneContainer (OzoneContainer.java:start(378)) - Attempting to start container services.
2022-10-10 08:34:42,000 [EndpointStateMachine task thread for /0.0.0.0:38769 - 0 ] INFO  ozoneimpl.OzoneContainer (OzoneContainer.java:startContainerScrub(313)) - Background container scanner has been disabled.
2022-10-10 08:34:42,002 [EndpointStateMachine task thread for /0.0.0.0:38769 - 0 ] INFO  replication.ReplicationServer (ReplicationServer.java:start(111)) - ReplicationServer is started using port 33203
2022-10-10 08:34:42,003 [EndpointStateMachine task thread for /0.0.0.0:38769 - 0 ] INFO  ratis.XceiverServerRatis (XceiverServerRatis.java:start(481)) - Starting XceiverServerRatis a62c8bc8-4eaa-4bd0-9412-231650f1b373
2022-10-10 08:34:42,004 [EndpointStateMachine task thread for /0.0.0.0:38769 - 0 ] INFO  server.RaftServer (RaftServerProxy.java:lambda$start$6(382)) - a62c8bc8-4eaa-4bd0-9412-231650f1b373: start RPC server
2022-10-10 08:34:42,006 [EndpointStateMachine task thread for /0.0.0.0:38769 - 0 ] INFO  server.GrpcService (GrpcService.java:startImpl(260)) - a62c8bc8-4eaa-4bd0-9412-231650f1b373: GrpcService started, listening on 39465
2022-10-10 08:34:42,006 [EndpointStateMachine task thread for /0.0.0.0:38769 - 0 ] INFO  ratis.XceiverServerRatis (XceiverServerRatis.java:getRealPort(502)) - XceiverServerRatis a62c8bc8-4eaa-4bd0-9412-231650f1b373 is started using port 39465 for RATIS
2022-10-10 08:34:42,006 [org.apache.ratis.util.JvmPauseMonitor$$Lambda$636/263158265@720475de] INFO  util.JvmPauseMonitor (JvmPauseMonitor.java:run(103)) - JvmPauseMonitor-a62c8bc8-4eaa-4bd0-9412-231650f1b373: Started
2022-10-10 08:34:42,006 [EndpointStateMachine task thread for /0.0.0.0:38769 - 0 ] INFO  ratis.XceiverServerRatis (XceiverServerRatis.java:getRealPort(502)) - XceiverServerRatis a62c8bc8-4eaa-4bd0-9412-231650f1b373 is started using port 39465 for RATIS_ADMIN
2022-10-10 08:34:42,007 [EndpointStateMachine task thread for /0.0.0.0:38769 - 0 ] INFO  ratis.XceiverServerRatis (XceiverServerRatis.java:getRealPort(502)) - XceiverServerRatis a62c8bc8-4eaa-4bd0-9412-231650f1b373 is started using port 39465 for RATIS_SERVER
2022-10-10 08:34:42,009 [EndpointStateMachine task thread for /0.0.0.0:38769 - 0 ] INFO  server.XceiverServerGrpc (XceiverServerGrpc.java:start(180)) - XceiverServerGrpc a62c8bc8-4eaa-4bd0-9412-231650f1b373 is started using port 33083
2022-10-10 08:34:42,150 [Listener at 127.0.0.1/46487] INFO  ozone.MiniOzoneClusterImpl (MiniOzoneClusterImpl.java:lambda$waitForClusterToBeReady$0(216)) - Waiting for nodes to be ready. Got 0 of 5 DN Heartbeats.
2022-10-10 08:34:42,150 [Listener at 127.0.0.1/46487] INFO  ozone.MiniOzoneClusterImpl (MiniOzoneClusterImpl.java:lambda$waitForClusterToBeReady$0(219)) - Waiting for cluster to exit safe mode
2022-10-10 08:34:42,151 [Listener at 127.0.0.1/46487] INFO  ozone.MiniOzoneClusterImpl (MiniOzoneClusterImpl.java:lambda$waitForClusterToBeReady$0(221)) - SCM became leader
2022-10-10 08:34:42,376 [EndpointStateMachine task thread for /0.0.0.0:38769 - 0 ] INFO  volume.HddsVolume (HddsVolume.java:createDbStore(307)) - SchemaV3 db is created and loaded at /home/runner/work/ozone/ozone/hadoop-ozone/integration-test/target/test-dir/MiniOzoneClusterImpl-3d336b07-937f-4edb-b979-ca8ead8aca5d/datanode-2/data-0/containers/hdds/3d336b07-937f-4edb-b979-ca8ead8aca5d/DS-362a9e91-5f29-483b-a5b2-c471895b6233/container.db for volume DS-362a9e91-5f29-483b-a5b2-c471895b6233
2022-10-10 08:34:42,377 [EndpointStateMachine task thread for /0.0.0.0:38769 - 0 ] INFO  volume.HddsVolume (HddsVolume.java:closeDbStore(338)) - SchemaV3 db is stopped at /home/runner/work/ozone/ozone/hadoop-ozone/integration-test/target/test-dir/MiniOzoneClusterImpl-3d336b07-937f-4edb-b979-ca8ead8aca5d/datanode-2/data-0/containers/hdds/3d336b07-937f-4edb-b979-ca8ead8aca5d/DS-362a9e91-5f29-483b-a5b2-c471895b6233/container.db for volume DS-362a9e91-5f29-483b-a5b2-c471895b6233
2022-10-10 08:34:42,377 [EndpointStateMachine task thread for /0.0.0.0:38769 - 0 ] INFO  ozoneimpl.OzoneContainer (OzoneContainer.java:start(378)) - Attempting to start container services.
2022-10-10 08:34:42,377 [EndpointStateMachine task thread for /0.0.0.0:38769 - 0 ] INFO  ozoneimpl.OzoneContainer (OzoneContainer.java:startContainerScrub(313)) - Background container scanner has been disabled.
2022-10-10 08:34:42,380 [EndpointStateMachine task thread for /0.0.0.0:38769 - 0 ] INFO  replication.ReplicationServer (ReplicationServer.java:start(111)) - ReplicationServer is started using port 33215
2022-10-10 08:34:42,380 [EndpointStateMachine task thread for /0.0.0.0:38769 - 0 ] INFO  ratis.XceiverServerRatis (XceiverServerRatis.java:start(481)) - Starting XceiverServerRatis 6d0c14da-389e-4e82-8c57-a2981f576192
2022-10-10 08:34:42,383 [EndpointStateMachine task thread for /0.0.0.0:38769 - 0 ] INFO  server.RaftServer (RaftServerProxy.java:lambda$start$6(382)) - 6d0c14da-389e-4e82-8c57-a2981f576192: start RPC server
2022-10-10 08:34:42,385 [EndpointStateMachine task thread for /0.0.0.0:38769 - 0 ] INFO  server.GrpcService (GrpcService.java:startImpl(260)) - 6d0c14da-389e-4e82-8c57-a2981f576192: GrpcService started, listening on 32983
2022-10-10 08:34:42,385 [EndpointStateMachine task thread for /0.0.0.0:38769 - 0 ] INFO  ratis.XceiverServerRatis (XceiverServerRatis.java:getRealPort(502)) - XceiverServerRatis 6d0c14da-389e-4e82-8c57-a2981f576192 is started using port 32983 for RATIS
2022-10-10 08:34:42,385 [org.apache.ratis.util.JvmPauseMonitor$$Lambda$636/263158265@364a6064] INFO  util.JvmPauseMonitor (JvmPauseMonitor.java:run(103)) - JvmPauseMonitor-6d0c14da-389e-4e82-8c57-a2981f576192: Started
2022-10-10 08:34:42,385 [EndpointStateMachine task thread for /0.0.0.0:38769 - 0 ] INFO  ratis.XceiverServerRatis (XceiverServerRatis.java:getRealPort(502)) - XceiverServerRatis 6d0c14da-389e-4e82-8c57-a2981f576192 is started using port 32983 for RATIS_ADMIN
2022-10-10 08:34:42,385 [EndpointStateMachine task thread for /0.0.0.0:38769 - 0 ] INFO  ratis.XceiverServerRatis (XceiverServerRatis.java:getRealPort(502)) - XceiverServerRatis 6d0c14da-389e-4e82-8c57-a2981f576192 is started using port 32983 for RATIS_SERVER
2022-10-10 08:34:42,391 [EndpointStateMachine task thread for /0.0.0.0:38769 - 0 ] INFO  server.XceiverServerGrpc (XceiverServerGrpc.java:start(180)) - XceiverServerGrpc 6d0c14da-389e-4e82-8c57-a2981f576192 is started using port 43851
2022-10-10 08:34:42,789 [EndpointStateMachine task thread for /0.0.0.0:38769 - 0 ] INFO  volume.HddsVolume (HddsVolume.java:createDbStore(307)) - SchemaV3 db is created and loaded at /home/runner/work/ozone/ozone/hadoop-ozone/integration-test/target/test-dir/MiniOzoneClusterImpl-3d336b07-937f-4edb-b979-ca8ead8aca5d/datanode-3/data-0/containers/hdds/3d336b07-937f-4edb-b979-ca8ead8aca5d/DS-ef8bbc51-1097-4746-9842-f354c04b758b/container.db for volume DS-ef8bbc51-1097-4746-9842-f354c04b758b
2022-10-10 08:34:42,790 [EndpointStateMachine task thread for /0.0.0.0:38769 - 0 ] INFO  volume.HddsVolume (HddsVolume.java:closeDbStore(338)) - SchemaV3 db is stopped at /home/runner/work/ozone/ozone/hadoop-ozone/integration-test/target/test-dir/MiniOzoneClusterImpl-3d336b07-937f-4edb-b979-ca8ead8aca5d/datanode-3/data-0/containers/hdds/3d336b07-937f-4edb-b979-ca8ead8aca5d/DS-ef8bbc51-1097-4746-9842-f354c04b758b/container.db for volume DS-ef8bbc51-1097-4746-9842-f354c04b758b
2022-10-10 08:34:42,790 [EndpointStateMachine task thread for /0.0.0.0:38769 - 0 ] INFO  ozoneimpl.OzoneContainer (OzoneContainer.java:start(378)) - Attempting to start container services.
2022-10-10 08:34:42,790 [EndpointStateMachine task thread for /0.0.0.0:38769 - 0 ] INFO  ozoneimpl.OzoneContainer (OzoneContainer.java:startContainerScrub(313)) - Background container scanner has been disabled.
2022-10-10 08:34:42,796 [EndpointStateMachine task thread for /0.0.0.0:38769 - 0 ] INFO  replication.ReplicationServer (ReplicationServer.java:start(111)) - ReplicationServer is started using port 39845
2022-10-10 08:34:42,796 [EndpointStateMachine task thread for /0.0.0.0:38769 - 0 ] INFO  ratis.XceiverServerRatis (XceiverServerRatis.java:start(481)) - Starting XceiverServerRatis 0107e4a3-a143-43a9-8f78-9a758939e307
2022-10-10 08:34:42,799 [EndpointStateMachine task thread for /0.0.0.0:38769 - 0 ] INFO  server.RaftServer (RaftServerProxy.java:lambda$start$6(382)) - 0107e4a3-a143-43a9-8f78-9a758939e307: start RPC server
2022-10-10 08:34:42,802 [EndpointStateMachine task thread for /0.0.0.0:38769 - 0 ] INFO  server.GrpcService (GrpcService.java:startImpl(260)) - 0107e4a3-a143-43a9-8f78-9a758939e307: GrpcService started, listening on 43253
2022-10-10 08:34:42,802 [EndpointStateMachine task thread for /0.0.0.0:38769 - 0 ] INFO  ratis.XceiverServerRatis (XceiverServerRatis.java:getRealPort(502)) - XceiverServerRatis 0107e4a3-a143-43a9-8f78-9a758939e307 is started using port 43253 for RATIS
2022-10-10 08:34:42,802 [org.apache.ratis.util.JvmPauseMonitor$$Lambda$636/263158265@7daf2a36] INFO  util.JvmPauseMonitor (JvmPauseMonitor.java:run(103)) - JvmPauseMonitor-0107e4a3-a143-43a9-8f78-9a758939e307: Started
2022-10-10 08:34:42,802 [EndpointStateMachine task thread for /0.0.0.0:38769 - 0 ] INFO  ratis.XceiverServerRatis (XceiverServerRatis.java:getRealPort(502)) - XceiverServerRatis 0107e4a3-a143-43a9-8f78-9a758939e307 is started using port 43253 for RATIS_ADMIN
2022-10-10 08:34:42,802 [EndpointStateMachine task thread for /0.0.0.0:38769 - 0 ] INFO  ratis.XceiverServerRatis (XceiverServerRatis.java:getRealPort(502)) - XceiverServerRatis 0107e4a3-a143-43a9-8f78-9a758939e307 is started using port 43253 for RATIS_SERVER
2022-10-10 08:34:42,812 [EndpointStateMachine task thread for /0.0.0.0:38769 - 0 ] INFO  server.XceiverServerGrpc (XceiverServerGrpc.java:start(180)) - XceiverServerGrpc 0107e4a3-a143-43a9-8f78-9a758939e307 is started using port 46879
2022-10-10 08:34:43,151 [Listener at 127.0.0.1/46487] INFO  ozone.MiniOzoneClusterImpl (MiniOzoneClusterImpl.java:lambda$waitForClusterToBeReady$0(216)) - Waiting for nodes to be ready. Got 0 of 5 DN Heartbeats.
2022-10-10 08:34:43,151 [Listener at 127.0.0.1/46487] INFO  ozone.MiniOzoneClusterImpl (MiniOzoneClusterImpl.java:lambda$waitForClusterToBeReady$0(219)) - Waiting for cluster to exit safe mode
2022-10-10 08:34:43,151 [Listener at 127.0.0.1/46487] INFO  ozone.MiniOzoneClusterImpl (MiniOzoneClusterImpl.java:lambda$waitForClusterToBeReady$0(221)) - SCM became leader
2022-10-10 08:34:43,221 [EndpointStateMachine task thread for /0.0.0.0:38769 - 0 ] INFO  volume.HddsVolume (HddsVolume.java:createDbStore(307)) - SchemaV3 db is created and loaded at /home/runner/work/ozone/ozone/hadoop-ozone/integration-test/target/test-dir/MiniOzoneClusterImpl-3d336b07-937f-4edb-b979-ca8ead8aca5d/datanode-4/data-0/containers/hdds/3d336b07-937f-4edb-b979-ca8ead8aca5d/DS-60557978-5871-4080-8032-1bdc2c719eeb/container.db for volume DS-60557978-5871-4080-8032-1bdc2c719eeb
2022-10-10 08:34:43,222 [EndpointStateMachine task thread for /0.0.0.0:38769 - 0 ] INFO  volume.HddsVolume (HddsVolume.java:closeDbStore(338)) - SchemaV3 db is stopped at /home/runner/work/ozone/ozone/hadoop-ozone/integration-test/target/test-dir/MiniOzoneClusterImpl-3d336b07-937f-4edb-b979-ca8ead8aca5d/datanode-4/data-0/containers/hdds/3d336b07-937f-4edb-b979-ca8ead8aca5d/DS-60557978-5871-4080-8032-1bdc2c719eeb/container.db for volume DS-60557978-5871-4080-8032-1bdc2c719eeb
2022-10-10 08:34:43,223 [EndpointStateMachine task thread for /0.0.0.0:38769 - 0 ] INFO  ozoneimpl.OzoneContainer (OzoneContainer.java:start(378)) - Attempting to start container services.
2022-10-10 08:34:43,223 [EndpointStateMachine task thread for /0.0.0.0:38769 - 0 ] INFO  ozoneimpl.OzoneContainer (OzoneContainer.java:startContainerScrub(313)) - Background container scanner has been disabled.
2022-10-10 08:34:43,225 [EndpointStateMachine task thread for /0.0.0.0:38769 - 0 ] INFO  replication.ReplicationServer (ReplicationServer.java:start(111)) - ReplicationServer is started using port 45545
2022-10-10 08:34:43,227 [EndpointStateMachine task thread for /0.0.0.0:38769 - 0 ] INFO  ratis.XceiverServerRatis (XceiverServerRatis.java:start(481)) - Starting XceiverServerRatis e12fe51a-b2e5-4197-af5e-5cbb6259f850
2022-10-10 08:34:43,228 [EndpointStateMachine task thread for /0.0.0.0:38769 - 0 ] INFO  server.RaftServer (RaftServerProxy.java:lambda$start$6(382)) - e12fe51a-b2e5-4197-af5e-5cbb6259f850: start RPC server
2022-10-10 08:34:43,234 [EndpointStateMachine task thread for /0.0.0.0:38769 - 0 ] INFO  server.GrpcService (GrpcService.java:startImpl(260)) - e12fe51a-b2e5-4197-af5e-5cbb6259f850: GrpcService started, listening on 37107
2022-10-10 08:34:43,235 [EndpointStateMachine task thread for /0.0.0.0:38769 - 0 ] INFO  ratis.XceiverServerRatis (XceiverServerRatis.java:getRealPort(502)) - XceiverServerRatis e12fe51a-b2e5-4197-af5e-5cbb6259f850 is started using port 37107 for RATIS
2022-10-10 08:34:43,235 [org.apache.ratis.util.JvmPauseMonitor$$Lambda$636/263158265@2bf0c735] INFO  util.JvmPauseMonitor (JvmPauseMonitor.java:run(103)) - JvmPauseMonitor-e12fe51a-b2e5-4197-af5e-5cbb6259f850: Started
2022-10-10 08:34:43,235 [EndpointStateMachine task thread for /0.0.0.0:38769 - 0 ] INFO  ratis.XceiverServerRatis (XceiverServerRatis.java:getRealPort(502)) - XceiverServerRatis e12fe51a-b2e5-4197-af5e-5cbb6259f850 is started using port 37107 for RATIS_ADMIN
2022-10-10 08:34:43,235 [EndpointStateMachine task thread for /0.0.0.0:38769 - 0 ] INFO  ratis.XceiverServerRatis (XceiverServerRatis.java:getRealPort(502)) - XceiverServerRatis e12fe51a-b2e5-4197-af5e-5cbb6259f850 is started using port 37107 for RATIS_SERVER
2022-10-10 08:34:43,241 [EndpointStateMachine task thread for /0.0.0.0:38769 - 0 ] INFO  server.XceiverServerGrpc (XceiverServerGrpc.java:start(180)) - XceiverServerGrpc e12fe51a-b2e5-4197-af5e-5cbb6259f850 is started using port 40245
2022-10-10 08:34:43,418 [IPC Server handler 2 on default port 38769] INFO  net.NetworkTopologyImpl (NetworkTopologyImpl.java:add(112)) - Added a new node: /default-rack/3c09ee4b-a7a3-4286-a1c3-18dea5f798e8
2022-10-10 08:34:43,420 [IPC Server handler 2 on default port 38769] INFO  node.SCMNodeManager (SCMNodeManager.java:register(397)) - Registered Data node : 3c09ee4b-a7a3-4286-a1c3-18dea5f798e8{ip: 10.1.0.114, host: fv-az292-843.tqgtyn10aqxuxoi0mkfbldi5vh.jx.internal.cloudapp.net, ports: [REPLICATION=36527, RATIS=38615, RATIS_ADMIN=38615, RATIS_SERVER=38615, STANDALONE=34799], networkLocation: /default-rack, certSerialId: null, persistedOpState: null, persistedOpStateExpiryEpochSec: 0}
2022-10-10 08:34:43,425 [EventQueue-NewNodeForNewNodeHandler] INFO  pipeline.BackgroundPipelineCreator (BackgroundPipelineCreator.java:notifyEventTriggered(276)) - trigger a one-shot run on RatisPipelineUtilsThread.
2022-10-10 08:34:43,434 [RatisPipelineUtilsThread - 0] INFO  pipeline.RatisPipelineProvider (RatisPipelineProvider.java:lambda$create$0(195)) - Sending CreatePipelineCommand for pipeline:PipelineID=a641d9b4-c335-4fc8-8d0c-df4ef8a187a1 to datanode:3c09ee4b-a7a3-4286-a1c3-18dea5f798e8
2022-10-10 08:34:43,435 [EventQueue-NodeRegistrationContainerReportForDataNodeSafeModeRule] INFO  safemode.SCMSafeModeManager (DataNodeSafeModeRule.java:process(71)) - SCM in safe mode. 1 DataNodes registered, 3 required.
2022-10-10 08:34:43,436 [EventQueue-NodeRegistrationContainerReportForContainerSafeModeRule] INFO  safemode.SCMSafeModeManager (SCMSafeModeManager.java:validateSafeModeExitRules(204)) - ContainerSafeModeRule rule is successfully validated
2022-10-10 08:34:43,441 [EventQueue-PipelineReportForOneReplicaPipelineSafeModeRule] INFO  safemode.SCMSafeModeManager (SCMSafeModeManager.java:validateSafeModeExitRules(204)) - AtleastOneDatanodeReportedRule rule is successfully validated
2022-10-10 08:34:43,452 [RatisPipelineUtilsThread - 0] INFO  pipeline.PipelineStateManagerImpl (PipelineStateManagerImpl.java:addPipeline(103)) - Created pipeline Pipeline[ Id: a641d9b4-c335-4fc8-8d0c-df4ef8a187a1, Nodes: 3c09ee4b-a7a3-4286-a1c3-18dea5f798e8{ip: 10.1.0.114, host: fv-az292-843.tqgtyn10aqxuxoi0mkfbldi5vh.jx.internal.cloudapp.net, ports: [REPLICATION=36527, RATIS=38615, RATIS_ADMIN=38615, RATIS_SERVER=38615, STANDALONE=34799], networkLocation: /default-rack, certSerialId: null, persistedOpState: IN_SERVICE, persistedOpStateExpiryEpochSec: 0}, ReplicationConfig: RATIS/ONE, State:ALLOCATED, leaderId:, CreationTimestamp2022-10-10T08:34:43.433Z[Etc/UTC]].
2022-10-10 08:34:43,955 [IPC Server handler 3 on default port 38769] INFO  net.NetworkTopologyImpl (NetworkTopologyImpl.java:add(112)) - Added a new node: /default-rack/a62c8bc8-4eaa-4bd0-9412-231650f1b373
2022-10-10 08:34:43,956 [IPC Server handler 3 on default port 38769] INFO  node.SCMNodeManager (SCMNodeManager.java:register(397)) - Registered Data node : a62c8bc8-4eaa-4bd0-9412-231650f1b373{ip: 10.1.0.114, host: fv-az292-843.tqgtyn10aqxuxoi0mkfbldi5vh.jx.internal.cloudapp.net, ports: [REPLICATION=33203, RATIS=39465, RATIS_ADMIN=39465, RATIS_SERVER=39465, STANDALONE=33083], networkLocation: /default-rack, certSerialId: null, persistedOpState: null, persistedOpStateExpiryEpochSec: 0}
2022-10-10 08:34:43,956 [EventQueue-NodeRegistrationContainerReportForDataNodeSafeModeRule] INFO  safemode.SCMSafeModeManager (DataNodeSafeModeRule.java:process(71)) - SCM in safe mode. 2 DataNodes registered, 3 required.
2022-10-10 08:34:43,959 [EventQueue-NewNodeForNewNodeHandler] INFO  pipeline.BackgroundPipelineCreator (BackgroundPipelineCreator.java:notifyEventTriggered(276)) - trigger a one-shot run on RatisPipelineUtilsThread.
2022-10-10 08:34:43,960 [RatisPipelineUtilsThread - 0] INFO  pipeline.RatisPipelineProvider (RatisPipelineProvider.java:lambda$create$0(195)) - Sending CreatePipelineCommand for pipeline:PipelineID=dc62fe32-faf2-4145-acfb-9723bb0169f0 to datanode:a62c8bc8-4eaa-4bd0-9412-231650f1b373
2022-10-10 08:34:43,961 [RatisPipelineUtilsThread - 0] INFO  pipeline.PipelineStateManagerImpl (PipelineStateManagerImpl.java:addPipeline(103)) - Created pipeline Pipeline[ Id: dc62fe32-faf2-4145-acfb-9723bb0169f0, Nodes: a62c8bc8-4eaa-4bd0-9412-231650f1b373{ip: 10.1.0.114, host: fv-az292-843.tqgtyn10aqxuxoi0mkfbldi5vh.jx.internal.cloudapp.net, ports: [REPLICATION=33203, RATIS=39465, RATIS_ADMIN=39465, RATIS_SERVER=39465, STANDALONE=33083], networkLocation: /default-rack, certSerialId: null, persistedOpState: IN_SERVICE, persistedOpStateExpiryEpochSec: 0}, ReplicationConfig: RATIS/ONE, State:ALLOCATED, leaderId:, CreationTimestamp2022-10-10T08:34:43.960Z[Etc/UTC]].
2022-10-10 08:34:44,152 [Listener at 127.0.0.1/46487] INFO  ozone.MiniOzoneClusterImpl (MiniOzoneClusterImpl.java:lambda$waitForClusterToBeReady$0(216)) - Waiting for nodes to be ready. Got 2 of 5 DN Heartbeats.
2022-10-10 08:34:44,152 [Listener at 127.0.0.1/46487] INFO  ozone.MiniOzoneClusterImpl (MiniOzoneClusterImpl.java:lambda$waitForClusterToBeReady$0(219)) - Waiting for cluster to exit safe mode
2022-10-10 08:34:44,152 [Listener at 127.0.0.1/46487] INFO  ozone.MiniOzoneClusterImpl (MiniOzoneClusterImpl.java:lambda$waitForClusterToBeReady$0(221)) - SCM became leader
2022-10-10 08:34:44,339 [IPC Server handler 2 on default port 38769] INFO  net.NetworkTopologyImpl (NetworkTopologyImpl.java:add(112)) - Added a new node: /default-rack/6d0c14da-389e-4e82-8c57-a2981f576192
2022-10-10 08:34:44,340 [IPC Server handler 2 on default port 38769] INFO  node.SCMNodeManager (SCMNodeManager.java:register(397)) - Registered Data node : 6d0c14da-389e-4e82-8c57-a2981f576192{ip: 10.1.0.114, host: fv-az292-843.tqgtyn10aqxuxoi0mkfbldi5vh.jx.internal.cloudapp.net, ports: [REPLICATION=33215, RATIS=32983, RATIS_ADMIN=32983, RATIS_SERVER=32983, STANDALONE=43851], networkLocation: /default-rack, certSerialId: null, persistedOpState: null, persistedOpStateExpiryEpochSec: 0}
2022-10-10 08:34:44,340 [EventQueue-NewNodeForNewNodeHandler] INFO  pipeline.BackgroundPipelineCreator (BackgroundPipelineCreator.java:notifyEventTriggered(276)) - trigger a one-shot run on RatisPipelineUtilsThread.
2022-10-10 08:34:44,341 [RatisPipelineUtilsThread - 0] INFO  pipeline.RatisPipelineProvider (RatisPipelineProvider.java:lambda$create$0(195)) - Sending CreatePipelineCommand for pipeline:PipelineID=956aeab4-77e1-4410-a820-b579c050567a to datanode:6d0c14da-389e-4e82-8c57-a2981f576192
2022-10-10 08:34:44,341 [EventQueue-NodeRegistrationContainerReportForDataNodeSafeModeRule] INFO  safemode.SCMSafeModeManager (DataNodeSafeModeRule.java:process(71)) - SCM in safe mode. 3 DataNodes registered, 3 required.
2022-10-10 08:34:44,341 [EventQueue-NodeRegistrationContainerReportForDataNodeSafeModeRule] INFO  safemode.SCMSafeModeManager (SCMSafeModeManager.java:validateSafeModeExitRules(204)) - DataNodeSafeModeRule rule is successfully validated
2022-10-10 08:34:44,341 [EventQueue-NodeRegistrationContainerReportForDataNodeSafeModeRule] INFO  safemode.SCMSafeModeManager (SCMSafeModeManager.java:completePreCheck(233)) - All SCM safe mode pre check rules have passed
2022-10-10 08:34:44,342 [EventQueue-NodeRegistrationContainerReportForDataNodeSafeModeRule] WARN  events.EventQueue (EventQueue.java:fireEvent(216)) - No event handler registered for event TypedEvent{payloadType=SafeModeStatus, name='Safe mode status'}
2022-10-10 08:34:44,342 [EventQueue-NodeRegistrationContainerReportForDataNodeSafeModeRule] INFO  ha.SCMContext (SCMContext.java:updateSafeModeStatus(228)) - Update SafeModeStatus from SafeModeStatus{safeModeStatus=true, preCheckPassed=false} to SafeModeStatus{safeModeStatus=true, preCheckPassed=true}.
2022-10-10 08:34:44,342 [EventQueue-NodeRegistrationContainerReportForDataNodeSafeModeRule] INFO  pipeline.BackgroundPipelineCreator (BackgroundPipelineCreator.java:notifyEventTriggered(276)) - trigger a one-shot run on RatisPipelineUtilsThread.
2022-10-10 08:34:44,342 [RatisPipelineUtilsThread - 0] INFO  pipeline.PipelineStateManagerImpl (PipelineStateManagerImpl.java:addPipeline(103)) - Created pipeline Pipeline[ Id: 956aeab4-77e1-4410-a820-b579c050567a, Nodes: 6d0c14da-389e-4e82-8c57-a2981f576192{ip: 10.1.0.114, host: fv-az292-843.tqgtyn10aqxuxoi0mkfbldi5vh.jx.internal.cloudapp.net, ports: [REPLICATION=33215, RATIS=32983, RATIS_ADMIN=32983, RATIS_SERVER=32983, STANDALONE=43851], networkLocation: /default-rack, certSerialId: null, persistedOpState: IN_SERVICE, persistedOpStateExpiryEpochSec: 0}, ReplicationConfig: RATIS/ONE, State:ALLOCATED, leaderId:, CreationTimestamp2022-10-10T08:34:44.341Z[Etc/UTC]].
2022-10-10 08:34:44,346 [RatisPipelineUtilsThread - 0] INFO  pipeline.RatisPipelineProvider (RatisPipelineProvider.java:lambda$create$0(195)) - Sending CreatePipelineCommand for pipeline:PipelineID=e379f949-6609-44ec-ab6f-cf406588f1d0 to datanode:6d0c14da-389e-4e82-8c57-a2981f576192
2022-10-10 08:34:44,346 [RatisPipelineUtilsThread - 0] INFO  pipeline.RatisPipelineProvider (RatisPipelineProvider.java:lambda$create$0(195)) - Sending CreatePipelineCommand for pipeline:PipelineID=e379f949-6609-44ec-ab6f-cf406588f1d0 to datanode:3c09ee4b-a7a3-4286-a1c3-18dea5f798e8
2022-10-10 08:34:44,346 [RatisPipelineUtilsThread - 0] INFO  pipeline.RatisPipelineProvider (RatisPipelineProvider.java:lambda$create$0(195)) - Sending CreatePipelineCommand for pipeline:PipelineID=e379f949-6609-44ec-ab6f-cf406588f1d0 to datanode:a62c8bc8-4eaa-4bd0-9412-231650f1b373
2022-10-10 08:34:44,347 [RatisPipelineUtilsThread - 0] INFO  pipeline.PipelineStateManagerImpl (PipelineStateManagerImpl.java:addPipeline(103)) - Created pipeline Pipeline[ Id: e379f949-6609-44ec-ab6f-cf406588f1d0, Nodes: 6d0c14da-389e-4e82-8c57-a2981f576192{ip: 10.1.0.114, host: fv-az292-843.tqgtyn10aqxuxoi0mkfbldi5vh.jx.internal.cloudapp.net, ports: [REPLICATION=33215, RATIS=32983, RATIS_ADMIN=32983, RATIS_SERVER=32983, STANDALONE=43851], networkLocation: /default-rack, certSerialId: null, persistedOpState: IN_SERVICE, persistedOpStateExpiryEpochSec: 0}3c09ee4b-a7a3-4286-a1c3-18dea5f798e8{ip: 10.1.0.114, host: fv-az292-843.tqgtyn10aqxuxoi0mkfbldi5vh.jx.internal.cloudapp.net, ports: [REPLICATION=36527, RATIS=38615, RATIS_ADMIN=38615, RATIS_SERVER=38615, STANDALONE=34799], networkLocation: /default-rack, certSerialId: null, persistedOpState: IN_SERVICE, persistedOpStateExpiryEpochSec: 0}a62c8bc8-4eaa-4bd0-9412-231650f1b373{ip: 10.1.0.114, host: fv-az292-843.tqgtyn10aqxuxoi0mkfbldi5vh.jx.internal.cloudapp.net, ports: [REPLICATION=33203, RATIS=39465, RATIS_ADMIN=39465, RATIS_SERVER=39465, STANDALONE=33083], networkLocation: /default-rack, certSerialId: null, persistedOpState: IN_SERVICE, persistedOpStateExpiryEpochSec: 0}, ReplicationConfig: RATIS/THREE, State:ALLOCATED, leaderId:, CreationTimestamp2022-10-10T08:34:44.346Z[Etc/UTC]].
2022-10-10 08:34:44,348 [RatisPipelineUtilsThread - 0] INFO  pipeline.RatisPipelineProvider (RatisPipelineProvider.java:lambda$create$0(195)) - Sending CreatePipelineCommand for pipeline:PipelineID=f82f5b97-17e3-4dda-ae22-2fbc0bccceed to datanode:a62c8bc8-4eaa-4bd0-9412-231650f1b373
2022-10-10 08:34:44,348 [RatisPipelineUtilsThread - 0] INFO  pipeline.RatisPipelineProvider (RatisPipelineProvider.java:lambda$create$0(195)) - Sending CreatePipelineCommand for pipeline:PipelineID=f82f5b97-17e3-4dda-ae22-2fbc0bccceed to datanode:6d0c14da-389e-4e82-8c57-a2981f576192
2022-10-10 08:34:44,349 [RatisPipelineUtilsThread - 0] INFO  pipeline.RatisPipelineProvider (RatisPipelineProvider.java:lambda$create$0(195)) - Sending CreatePipelineCommand for pipeline:PipelineID=f82f5b97-17e3-4dda-ae22-2fbc0bccceed to datanode:3c09ee4b-a7a3-4286-a1c3-18dea5f798e8
2022-10-10 08:34:44,349 [RatisPipelineUtilsThread - 0] INFO  pipeline.PipelineStateManagerImpl (PipelineStateManagerImpl.java:addPipeline(103)) - Created pipeline Pipeline[ Id: f82f5b97-17e3-4dda-ae22-2fbc0bccceed, Nodes: a62c8bc8-4eaa-4bd0-9412-231650f1b373{ip: 10.1.0.114, host: fv-az292-843.tqgtyn10aqxuxoi0mkfbldi5vh.jx.internal.cloudapp.net, ports: [REPLICATION=33203, RATIS=39465, RATIS_ADMIN=39465, RATIS_SERVER=39465, STANDALONE=33083], networkLocation: /default-rack, certSerialId: null, persistedOpState: IN_SERVICE, persistedOpStateExpiryEpochSec: 0}6d0c14da-389e-4e82-8c57-a2981f576192{ip: 10.1.0.114, host: fv-az292-843.tqgtyn10aqxuxoi0mkfbldi5vh.jx.internal.cloudapp.net, ports: [REPLICATION=33215, RATIS=32983, RATIS_ADMIN=32983, RATIS_SERVER=32983, STANDALONE=43851], networkLocation: /default-rack, certSerialId: null, persistedOpState: IN_SERVICE, persistedOpStateExpiryEpochSec: 0}3c09ee4b-a7a3-4286-a1c3-18dea5f798e8{ip: 10.1.0.114, host: fv-az292-843.tqgtyn10aqxuxoi0mkfbldi5vh.jx.internal.cloudapp.net, ports: [REPLICATION=36527, RATIS=38615, RATIS_ADMIN=38615, RATIS_SERVER=38615, STANDALONE=34799], networkLocation: /default-rack, certSerialId: null, persistedOpState: IN_SERVICE, persistedOpStateExpiryEpochSec: 0}, ReplicationConfig: RATIS/THREE, State:ALLOCATED, leaderId:, CreationTimestamp2022-10-10T08:34:44.348Z[Etc/UTC]].
2022-10-10 08:34:44,350 [RatisPipelineUtilsThread - 0] INFO  pipeline.PipelineManagerImpl (PipelineManagerImpl.java:recordMetricsForPipeline(796)) - Pipeline: PipelineID=f82f5b97-17e3-4dda-ae22-2fbc0bccceed contains same datanodes as previous pipelines: PipelineID=e379f949-6609-44ec-ab6f-cf406588f1d0 nodeIds: a62c8bc8-4eaa-4bd0-9412-231650f1b373, 6d0c14da-389e-4e82-8c57-a2981f576192, 3c09ee4b-a7a3-4286-a1c3-18dea5f798e8
2022-10-10 08:34:44,750 [IPC Server handler 3 on default port 38769] INFO  net.NetworkTopologyImpl (NetworkTopologyImpl.java:add(112)) - Added a new node: /default-rack/0107e4a3-a143-43a9-8f78-9a758939e307
2022-10-10 08:34:44,751 [IPC Server handler 3 on default port 38769] INFO  node.SCMNodeManager (SCMNodeManager.java:register(397)) - Registered Data node : 0107e4a3-a143-43a9-8f78-9a758939e307{ip: 10.1.0.114, host: fv-az292-843.tqgtyn10aqxuxoi0mkfbldi5vh.jx.internal.cloudapp.net, ports: [REPLICATION=39845, RATIS=43253, RATIS_ADMIN=43253, RATIS_SERVER=43253, STANDALONE=46879], networkLocation: /default-rack, certSerialId: null, persistedOpState: null, persistedOpStateExpiryEpochSec: 0}
2022-10-10 08:34:44,751 [EventQueue-NewNodeForNewNodeHandler] INFO  pipeline.BackgroundPipelineCreator (BackgroundPipelineCreator.java:notifyEventTriggered(276)) - trigger a one-shot run on RatisPipelineUtilsThread.
2022-10-10 08:34:44,752 [RatisPipelineUtilsThread - 0] INFO  pipeline.RatisPipelineProvider (RatisPipelineProvider.java:lambda$create$0(195)) - Sending CreatePipelineCommand for pipeline:PipelineID=82e16ab5-f277-4437-b4a8-07a4cffa639c to datanode:0107e4a3-a143-43a9-8f78-9a758939e307
2022-10-10 08:34:44,753 [RatisPipelineUtilsThread - 0] INFO  pipeline.PipelineStateManagerImpl (PipelineStateManagerImpl.java:addPipeline(103)) - Created pipeline Pipeline[ Id: 82e16ab5-f277-4437-b4a8-07a4cffa639c, Nodes: 0107e4a3-a143-43a9-8f78-9a758939e307{ip: 10.1.0.114, host: fv-az292-843.tqgtyn10aqxuxoi0mkfbldi5vh.jx.internal.cloudapp.net, ports: [REPLICATION=39845, RATIS=43253, RATIS_ADMIN=43253, RATIS_SERVER=43253, STANDALONE=46879], networkLocation: /default-rack, certSerialId: null, persistedOpState: IN_SERVICE, persistedOpStateExpiryEpochSec: 0}, ReplicationConfig: RATIS/ONE, State:ALLOCATED, leaderId:, CreationTimestamp2022-10-10T08:34:44.752Z[Etc/UTC]].
2022-10-10 08:34:45,153 [Listener at 127.0.0.1/46487] INFO  ozone.MiniOzoneClusterImpl (MiniOzoneClusterImpl.java:lambda$waitForClusterToBeReady$0(216)) - Waiting for nodes to be ready. Got 4 of 5 DN Heartbeats.
2022-10-10 08:34:45,153 [Listener at 127.0.0.1/46487] INFO  ozone.MiniOzoneClusterImpl (MiniOzoneClusterImpl.java:lambda$waitForClusterToBeReady$0(219)) - Waiting for cluster to exit safe mode
2022-10-10 08:34:45,153 [Listener at 127.0.0.1/46487] INFO  ozone.MiniOzoneClusterImpl (MiniOzoneClusterImpl.java:lambda$waitForClusterToBeReady$0(221)) - SCM became leader
2022-10-10 08:34:45,182 [IPC Server handler 1 on default port 38769] INFO  net.NetworkTopologyImpl (NetworkTopologyImpl.java:add(112)) - Added a new node: /default-rack/e12fe51a-b2e5-4197-af5e-5cbb6259f850
2022-10-10 08:34:45,183 [IPC Server handler 1 on default port 38769] INFO  node.SCMNodeManager (SCMNodeManager.java:register(397)) - Registered Data node : e12fe51a-b2e5-4197-af5e-5cbb6259f850{ip: 10.1.0.114, host: fv-az292-843.tqgtyn10aqxuxoi0mkfbldi5vh.jx.internal.cloudapp.net, ports: [REPLICATION=45545, RATIS=37107, RATIS_ADMIN=37107, RATIS_SERVER=37107, STANDALONE=40245], networkLocation: /default-rack, certSerialId: null, persistedOpState: null, persistedOpStateExpiryEpochSec: 0}
2022-10-10 08:34:45,184 [EventQueue-NewNodeForNewNodeHandler] INFO  pipeline.BackgroundPipelineCreator (BackgroundPipelineCreator.java:notifyEventTriggered(276)) - trigger a one-shot run on RatisPipelineUtilsThread.
2022-10-10 08:34:45,184 [RatisPipelineUtilsThread - 0] INFO  pipeline.RatisPipelineProvider (RatisPipelineProvider.java:lambda$create$0(195)) - Sending CreatePipelineCommand for pipeline:PipelineID=971a87b8-ae4a-4ad3-81d3-edc02ac66b34 to datanode:e12fe51a-b2e5-4197-af5e-5cbb6259f850
2022-10-10 08:34:45,186 [RatisPipelineUtilsThread - 0] INFO  pipeline.PipelineStateManagerImpl (PipelineStateManagerImpl.java:addPipeline(103)) - Created pipeline Pipeline[ Id: 971a87b8-ae4a-4ad3-81d3-edc02ac66b34, Nodes: e12fe51a-b2e5-4197-af5e-5cbb6259f850{ip: 10.1.0.114, host: fv-az292-843.tqgtyn10aqxuxoi0mkfbldi5vh.jx.internal.cloudapp.net, ports: [REPLICATION=45545, RATIS=37107, RATIS_ADMIN=37107, RATIS_SERVER=37107, STANDALONE=40245], networkLocation: /default-rack, certSerialId: null, persistedOpState: IN_SERVICE, persistedOpStateExpiryEpochSec: 0}, ReplicationConfig: RATIS/ONE, State:ALLOCATED, leaderId:, CreationTimestamp2022-10-10T08:34:45.184Z[Etc/UTC]].
2022-10-10 08:34:46,154 [Listener at 127.0.0.1/46487] INFO  ozone.MiniOzoneClusterImpl (MiniOzoneClusterImpl.java:lambda$waitForClusterToBeReady$0(216)) - Nodes are ready. Got 5 of 5 DN Heartbeats.
2022-10-10 08:34:46,154 [Listener at 127.0.0.1/46487] INFO  ozone.MiniOzoneClusterImpl (MiniOzoneClusterImpl.java:lambda$waitForClusterToBeReady$0(219)) - Waiting for cluster to exit safe mode
2022-10-10 08:34:46,154 [Listener at 127.0.0.1/46487] INFO  ozone.MiniOzoneClusterImpl (MiniOzoneClusterImpl.java:lambda$waitForClusterToBeReady$0(221)) - SCM became leader
2022-10-10 08:34:46,412 [Command processor thread] INFO  server.RaftServer (RaftServerProxy.java:addNew(96)) - 3c09ee4b-a7a3-4286-a1c3-18dea5f798e8: addNew group-DF4EF8A187A1:[3c09ee4b-a7a3-4286-a1c3-18dea5f798e8|rpc:10.1.0.114:38615|priority:1] returns group-DF4EF8A187A1:java.util.concurrent.CompletableFuture@c8b3c41[Not completed]
2022-10-10 08:34:46,433 [pool-73-thread-1] INFO  server.RaftServer$Division (RaftServerImpl.java:<init>(190)) - 3c09ee4b-a7a3-4286-a1c3-18dea5f798e8: new RaftServerImpl for group-DF4EF8A187A1:[3c09ee4b-a7a3-4286-a1c3-18dea5f798e8|rpc:10.1.0.114:38615|priority:1] with ContainerStateMachine:uninitialized
2022-10-10 08:34:46,433 [pool-73-thread-1] INFO  server.RaftServerConfigKeys (ConfUtils.java:logGet(46)) - raft.server.rpc.timeout.min = 5s (custom)
2022-10-10 08:34:46,433 [pool-73-thread-1] INFO  server.RaftServerConfigKeys (ConfUtils.java:logGet(46)) - raft.server.rpc.timeout.max = 5200ms (custom)
2022-10-10 08:34:46,433 [pool-73-thread-1] INFO  server.RaftServerConfigKeys (ConfUtils.java:logGet(46)) - raft.server.rpc.sleep.time = 25ms (default)
2022-10-10 08:34:46,433 [pool-73-thread-1] INFO  server.RaftServerConfigKeys (ConfUtils.java:logGet(46)) - raft.server.rpc.slowness.timeout = 300s (custom)
2022-10-10 08:34:46,433 [pool-73-thread-1] INFO  server.RaftServerConfigKeys (ConfUtils.java:logGet(46)) - raft.server.leaderelection.leader.step-down.wait-time = 10s (default)
2022-10-10 08:34:46,433 [pool-73-thread-1] INFO  server.RaftServerConfigKeys (ConfUtils.java:logGet(46)) - raft.server.sleep.deviation.threshold = 300ms (default)
2022-10-10 08:34:46,433 [pool-73-thread-1] INFO  server.RaftServer$Division (ServerState.java:<init>(107)) - 3c09ee4b-a7a3-4286-a1c3-18dea5f798e8@group-DF4EF8A187A1: ConfigurationManager, init=-1: [3c09ee4b-a7a3-4286-a1c3-18dea5f798e8|rpc:10.1.0.114:38615|priority:1], old=null, confs=<EMPTY_MAP>
2022-10-10 08:34:46,433 [pool-73-thread-1] INFO  server.RaftServerConfigKeys (ConfUtils.java:logGet(46)) - raft.server.storage.dir = [/home/runner/work/ozone/ozone/hadoop-ozone/integration-test/target/test-dir/MiniOzoneClusterImpl-3d336b07-937f-4edb-b979-ca8ead8aca5d/datanode-0/data/ratis] (custom)
2022-10-10 08:34:46,434 [pool-73-thread-1] INFO  server.RaftServerConfigKeys (ConfUtils.java:logGet(46)) - raft.server.log.corruption.policy = EXCEPTION (default)
2022-10-10 08:34:46,434 [pool-73-thread-1] INFO  server.RaftServerConfigKeys (ConfUtils.java:logGet(46)) - raft.server.storage.free-space.min = 0MB (=0) (default)
2022-10-10 08:34:46,434 [pool-73-thread-1] INFO  storage.RaftStorageDirectory (RaftStorageDirectoryImpl.java:analyzeStorage(135)) - The storage directory /home/runner/work/ozone/ozone/hadoop-ozone/integration-test/target/test-dir/MiniOzoneClusterImpl-3d336b07-937f-4edb-b979-ca8ead8aca5d/datanode-0/data/ratis/a641d9b4-c335-4fc8-8d0c-df4ef8a187a1 does not exist. Creating ...
2022-10-10 08:34:46,436 [pool-73-thread-1] INFO  storage.RaftStorageDirectory (RaftStorageDirectoryImpl.java:tryLock(230)) - Lock on /home/runner/work/ozone/ozone/hadoop-ozone/integration-test/target/test-dir/MiniOzoneClusterImpl-3d336b07-937f-4edb-b979-ca8ead8aca5d/datanode-0/data/ratis/a641d9b4-c335-4fc8-8d0c-df4ef8a187a1/in_use.lock acquired by nodename 13217@fv-az292-843
2022-10-10 08:34:46,437 [pool-73-thread-1] INFO  storage.RaftStorage (RaftStorageImpl.java:format(89)) - Storage directory /home/runner/work/ozone/ozone/hadoop-ozone/integration-test/target/test-dir/MiniOzoneClusterImpl-3d336b07-937f-4edb-b979-ca8ead8aca5d/datanode-0/data/ratis/a641d9b4-c335-4fc8-8d0c-df4ef8a187a1 has been successfully formatted.
2022-10-10 08:34:46,443 [pool-73-thread-1] INFO  ratis.ContainerStateMachine (ContainerStateMachine.java:loadSnapshot(236)) - group-DF4EF8A187A1: The snapshot info is null. Setting the last applied indexto:(t:0, i:~)
2022-10-10 08:34:46,452 [pool-73-thread-1] INFO  server.RaftServerConfigKeys (ConfUtils.java:logGet(46)) - raft.server.notification.no-leader.timeout = 300s (custom)
2022-10-10 08:34:46,452 [pool-73-thread-1] INFO  server.RaftServerConfigKeys (ConfUtils.java:logGet(46)) - raft.server.log.use.memory = false (default)
2022-10-10 08:34:46,452 [pool-73-thread-1] INFO  server.RaftServerConfigKeys (ConfUtils.java:logGet(46)) - raft.server.log.purge.gap = 1000000 (custom)
2022-10-10 08:34:46,452 [pool-73-thread-1] INFO  server.RaftServerConfigKeys (ConfUtils.java:logGet(46)) - raft.server.log.appender.buffer.byte-limit = 33554432 (custom)
2022-10-10 08:34:46,452 [pool-73-thread-1] INFO  server.RaftServerConfigKeys (ConfUtils.java:logGet(46)) - raft.server.log.statemachine.data.read.timeout = 1000ms (default)
2022-10-10 08:34:46,452 [pool-73-thread-1] INFO  server.RaftServerConfigKeys (ConfUtils.java:logGet(46)) - raft.server.log.segment.size.max = 1048576 (custom)
2022-10-10 08:34:46,453 [pool-73-thread-1] INFO  server.RaftServerConfigKeys (ConfUtils.java:logGet(46)) - raft.server.log.segment.cache.num.max = 2 (custom)
2022-10-10 08:34:46,454 [pool-73-thread-1] INFO  server.RaftServerConfigKeys (ConfUtils.java:logGet(46)) - raft.server.log.segment.cache.size.max = 200MB (=209715200) (default)
2022-10-10 08:34:46,454 [pool-73-thread-1] INFO  segmented.SegmentedRaftLogWorker (SegmentedRaftLogWorker.java:<init>(187)) - new 3c09ee4b-a7a3-4286-a1c3-18dea5f798e8@group-DF4EF8A187A1-SegmentedRaftLogWorker for RaftStorageImpl:Storage Directory /home/runner/work/ozone/ozone/hadoop-ozone/integration-test/target/test-dir/MiniOzoneClusterImpl-3d336b07-937f-4edb-b979-ca8ead8aca5d/datanode-0/data/ratis/a641d9b4-c335-4fc8-8d0c-df4ef8a187a1
2022-10-10 08:34:46,454 [pool-73-thread-1] INFO  server.RaftServerConfigKeys (ConfUtils.java:logGet(46)) - raft.server.log.queue.byte-limit = 4294967296 (custom)
2022-10-10 08:34:46,454 [pool-73-thread-1] INFO  server.RaftServerConfigKeys (ConfUtils.java:logGet(46)) - raft.server.log.queue.element-limit = 1024 (custom)
2022-10-10 08:34:46,454 [pool-73-thread-1] INFO  server.RaftServerConfigKeys (ConfUtils.java:logGet(46)) - raft.server.log.segment.size.max = 1048576 (custom)
2022-10-10 08:34:46,454 [pool-73-thread-1] INFO  server.RaftServerConfigKeys (ConfUtils.java:logGet(46)) - raft.server.log.preallocated.size = 16384 (custom)
2022-10-10 08:34:46,454 [pool-73-thread-1] INFO  server.RaftServerConfigKeys (ConfUtils.java:logGet(46)) - raft.server.log.force.sync.num = 128 (default)
2022-10-10 08:34:46,454 [pool-73-thread-1] INFO  server.RaftServerConfigKeys (ConfUtils.java:logGet(46)) - raft.server.log.statemachine.data.sync = true (default)
2022-10-10 08:34:46,454 [pool-73-thread-1] INFO  server.RaftServerConfigKeys (ConfUtils.java:logGet(46)) - raft.server.log.statemachine.data.sync.timeout = 10s (default)
2022-10-10 08:34:46,454 [pool-73-thread-1] INFO  server.RaftServerConfigKeys (ConfUtils.java:logGet(46)) - raft.server.log.statemachine.data.sync.timeout.retry = -1 (default)
2022-10-10 08:34:46,457 [pool-73-thread-1] INFO  server.RaftServerConfigKeys (ConfUtils.java:logGet(46)) - raft.server.log.write.buffer.size = 1048576 (custom)
2022-10-10 08:34:46,457 [pool-73-thread-1] INFO  server.RaftServerConfigKeys (ConfUtils.java:logGet(46)) - raft.server.log.unsafe-flush.enabled = false (default)
2022-10-10 08:34:46,458 [pool-73-thread-1] INFO  server.RaftServerConfigKeys (ConfUtils.java:logGet(46)) - raft.server.log.statemachine.data.caching.enabled = true (custom)
2022-10-10 08:34:46,458 [pool-73-thread-1] INFO  segmented.SegmentedRaftLogWorker (SegmentedRaftLogWorker.java:lambda$new$0(135)) - 3c09ee4b-a7a3-4286-a1c3-18dea5f798e8@group-DF4EF8A187A1-SegmentedRaftLogWorker: flushIndex: setUnconditionally 0 -> -1
2022-10-10 08:34:46,458 [pool-73-thread-1] INFO  segmented.SegmentedRaftLogWorker (SegmentedRaftLogWorker.java:lambda$new$0(135)) - 3c09ee4b-a7a3-4286-a1c3-18dea5f798e8@group-DF4EF8A187A1-SegmentedRaftLogWorker: safeCacheEvictIndex: setUnconditionally 0 -> -1
2022-10-10 08:34:46,458 [pool-73-thread-1] INFO  server.RaftServerConfigKeys (ConfUtils.java:logGet(46)) - raft.server.snapshot.auto.trigger.enabled = true (custom)
2022-10-10 08:34:46,458 [pool-73-thread-1] INFO  server.RaftServerConfigKeys (ConfUtils.java:logGet(46)) - raft.server.snapshot.auto.trigger.threshold = 10000 (custom)
2022-10-10 08:34:46,458 [pool-73-thread-1] INFO  server.RaftServerConfigKeys (ConfUtils.java:logGet(46)) - raft.server.snapshot.retention.file.num = 5 (custom)
2022-10-10 08:34:46,459 [pool-73-thread-1] INFO  server.RaftServerConfigKeys (ConfUtils.java:logGet(46)) - raft.server.log.purge.upto.snapshot.index = false (default)
2022-10-10 08:34:46,459 [pool-73-thread-1] INFO  server.RaftServerConfigKeys (ConfUtils.java:logGet(46)) - raft.server.retrycache.expirytime = 600000ms (custom)
2022-10-10 08:34:46,459 [pool-73-thread-1] INFO  server.RaftServerConfigKeys (ConfUtils.java:logGet(46)) - raft.server.retrycache.statistics.expirytime = 100μs (default)
2022-10-10 08:34:46,462 [pool-73-thread-1] INFO  server.RaftServerConfigKeys (ConfUtils.java:logGet(46)) - raft.server.log.appender.install.snapshot.enabled = false (custom)
2022-10-10 08:34:46,462 [pool-73-thread-1] INFO  server.RaftServerConfigKeys (ConfUtils.java:logGet(46)) - raft.server.threadpool.server.cached = true (default)
2022-10-10 08:34:46,462 [pool-73-thread-1] INFO  server.RaftServerConfigKeys (ConfUtils.java:logGet(46)) - raft.server.threadpool.server.size = 0 (default)
2022-10-10 08:34:46,462 [pool-73-thread-1] INFO  server.RaftServerConfigKeys (ConfUtils.java:logGet(46)) - raft.server.threadpool.client.cached = true (default)
2022-10-10 08:34:46,462 [pool-73-thread-1] INFO  server.RaftServerConfigKeys (ConfUtils.java:logGet(46)) - raft.server.threadpool.client.size = 0 (default)
2022-10-10 08:34:46,462 [pool-73-thread-1] INFO  server.RaftServer$Division (RaftServerImpl.java:start(310)) - 3c09ee4b-a7a3-4286-a1c3-18dea5f798e8@group-DF4EF8A187A1: start as a follower, conf=-1: [3c09ee4b-a7a3-4286-a1c3-18dea5f798e8|rpc:10.1.0.114:38615|priority:1], old=null
2022-10-10 08:34:46,462 [pool-73-thread-1] INFO  server.RaftServer$Division (RaftServerImpl.java:setRole(299)) - 3c09ee4b-a7a3-4286-a1c3-18dea5f798e8@group-DF4EF8A187A1: changes role from      null to FOLLOWER at term 0 for startAsFollower
2022-10-10 08:34:46,462 [pool-73-thread-1] INFO  impl.RoleInfo (RoleInfo.java:updateAndGet(139)) - 3c09ee4b-a7a3-4286-a1c3-18dea5f798e8: start 3c09ee4b-a7a3-4286-a1c3-18dea5f798e8@group-DF4EF8A187A1-FollowerState
2022-10-10 08:34:46,463 [pool-73-thread-1] INFO  util.JmxRegister (JmxRegister.java:tryRegister(44)) - Successfully registered JMX Bean with object name Ratis:service=RaftServer,group=group-DF4EF8A187A1,id=3c09ee4b-a7a3-4286-a1c3-18dea5f798e8
2022-10-10 08:34:46,479 [Command processor thread] INFO  ratis.XceiverServerRatis (XceiverServerRatis.java:addGroup(765)) - Created group PipelineID=a641d9b4-c335-4fc8-8d0c-df4ef8a187a1
2022-10-10 08:34:46,479 [Command processor thread] INFO  commandhandler.CreatePipelineCommandHandler (CreatePipelineCommandHandler.java:handle(113)) - Created Pipeline RATIS ONE PipelineID=a641d9b4-c335-4fc8-8d0c-df4ef8a187a1.
2022-10-10 08:34:46,480 [Command processor thread] INFO  server.RaftServer (RaftServerProxy.java:addNew(96)) - 3c09ee4b-a7a3-4286-a1c3-18dea5f798e8: addNew group-CF406588F1D0:[6d0c14da-389e-4e82-8c57-a2981f576192|rpc:10.1.0.114:32983|priority:1, 3c09ee4b-a7a3-4286-a1c3-18dea5f798e8|rpc:10.1.0.114:38615|priority:0, a62c8bc8-4eaa-4bd0-9412-231650f1b373|rpc:10.1.0.114:39465|priority:0] returns group-CF406588F1D0:java.util.concurrent.CompletableFuture@47146523[Not completed]
2022-10-10 08:34:46,481 [EventQueue-PipelineReportForPipelineReportHandler] INFO  pipeline.PipelineManagerImpl (PipelineManagerImpl.java:openPipeline(367)) - Pipeline Pipeline[ Id: a641d9b4-c335-4fc8-8d0c-df4ef8a187a1, Nodes: 3c09ee4b-a7a3-4286-a1c3-18dea5f798e8{ip: 10.1.0.114, host: fv-az292-843.tqgtyn10aqxuxoi0mkfbldi5vh.jx.internal.cloudapp.net, ports: [REPLICATION=36527, RATIS=38615, RATIS_ADMIN=38615, RATIS_SERVER=38615, STANDALONE=34799], networkLocation: /default-rack, certSerialId: null, persistedOpState: IN_SERVICE, persistedOpStateExpiryEpochSec: 0}, ReplicationConfig: RATIS/ONE, State:ALLOCATED, leaderId:3c09ee4b-a7a3-4286-a1c3-18dea5f798e8, CreationTimestamp2022-10-10T08:34:43.433Z[Etc/UTC]] moved to OPEN state
2022-10-10 08:34:46,491 [pool-73-thread-1] INFO  server.RaftServer$Division (RaftServerImpl.java:<init>(190)) - 3c09ee4b-a7a3-4286-a1c3-18dea5f798e8: new RaftServerImpl for group-CF406588F1D0:[6d0c14da-389e-4e82-8c57-a2981f576192|rpc:10.1.0.114:32983|priority:1, 3c09ee4b-a7a3-4286-a1c3-18dea5f798e8|rpc:10.1.0.114:38615|priority:0, a62c8bc8-4eaa-4bd0-9412-231650f1b373|rpc:10.1.0.114:39465|priority:0] with ContainerStateMachine:uninitialized
2022-10-10 08:34:46,491 [pool-73-thread-1] INFO  server.RaftServerConfigKeys (ConfUtils.java:logGet(46)) - raft.server.rpc.timeout.min = 5s (custom)
2022-10-10 08:34:46,491 [pool-73-thread-1] INFO  server.RaftServerConfigKeys (ConfUtils.java:logGet(46)) - raft.server.rpc.timeout.max = 5200ms (custom)
2022-10-10 08:34:46,491 [pool-73-thread-1] INFO  server.RaftServerConfigKeys (ConfUtils.java:logGet(46)) - raft.server.rpc.sleep.time = 25ms (default)
2022-10-10 08:34:46,491 [pool-73-thread-1] INFO  server.RaftServerConfigKeys (ConfUtils.java:logGet(46)) - raft.server.rpc.slowness.timeout = 300s (custom)
2022-10-10 08:34:46,491 [pool-73-thread-1] INFO  server.RaftServerConfigKeys (ConfUtils.java:logGet(46)) - raft.server.leaderelection.leader.step-down.wait-time = 10s (default)
2022-10-10 08:34:46,491 [pool-73-thread-1] INFO  server.RaftServerConfigKeys (ConfUtils.java:logGet(46)) - raft.server.sleep.deviation.threshold = 300ms (default)
2022-10-10 08:34:46,491 [pool-73-thread-1] INFO  server.RaftServer$Division (ServerState.java:<init>(107)) - 3c09ee4b-a7a3-4286-a1c3-18dea5f798e8@group-CF406588F1D0: ConfigurationManager, init=-1: [6d0c14da-389e-4e82-8c57-a2981f576192|rpc:10.1.0.114:32983|priority:1, 3c09ee4b-a7a3-4286-a1c3-18dea5f798e8|rpc:10.1.0.114:38615|priority:0, a62c8bc8-4eaa-4bd0-9412-231650f1b373|rpc:10.1.0.114:39465|priority:0], old=null, confs=<EMPTY_MAP>
2022-10-10 08:34:46,491 [pool-73-thread-1] INFO  server.RaftServerConfigKeys (ConfUtils.java:logGet(46)) - raft.server.storage.dir = [/home/runner/work/ozone/ozone/hadoop-ozone/integration-test/target/test-dir/MiniOzoneClusterImpl-3d336b07-937f-4edb-b979-ca8ead8aca5d/datanode-0/data/ratis] (custom)
2022-10-10 08:34:46,492 [pool-73-thread-1] INFO  server.RaftServerConfigKeys (ConfUtils.java:logGet(46)) - raft.server.log.corruption.policy = EXCEPTION (default)
2022-10-10 08:34:46,492 [pool-73-thread-1] INFO  server.RaftServerConfigKeys (ConfUtils.java:logGet(46)) - raft.server.storage.free-space.min = 0MB (=0) (default)
2022-10-10 08:34:46,492 [EventQueue-OpenPipelineForHealthyPipelineSafeModeRule] INFO  safemode.SCMSafeModeManager (HealthyPipelineSafeModeRule.java:process(137)) - SCM in safe mode. Healthy pipelines reported count is 0, required healthy pipeline reported count is 1
2022-10-10 08:34:46,496 [pool-73-thread-1] INFO  storage.RaftStorageDirectory (RaftStorageDirectoryImpl.java:analyzeStorage(135)) - The storage directory /home/runner/work/ozone/ozone/hadoop-ozone/integration-test/target/test-dir/MiniOzoneClusterImpl-3d336b07-937f-4edb-b979-ca8ead8aca5d/datanode-0/data/ratis/e379f949-6609-44ec-ab6f-cf406588f1d0 does not exist. Creating ...
2022-10-10 08:34:46,500 [pool-73-thread-1] INFO  storage.RaftStorageDirectory (RaftStorageDirectoryImpl.java:tryLock(230)) - Lock on /home/runner/work/ozone/ozone/hadoop-ozone/integration-test/target/test-dir/MiniOzoneClusterImpl-3d336b07-937f-4edb-b979-ca8ead8aca5d/datanode-0/data/ratis/e379f949-6609-44ec-ab6f-cf406588f1d0/in_use.lock acquired by nodename 13217@fv-az292-843
2022-10-10 08:34:46,504 [pool-73-thread-1] INFO  storage.RaftStorage (RaftStorageImpl.java:format(89)) - Storage directory /home/runner/work/ozone/ozone/hadoop-ozone/integration-test/target/test-dir/MiniOzoneClusterImpl-3d336b07-937f-4edb-b979-ca8ead8aca5d/datanode-0/data/ratis/e379f949-6609-44ec-ab6f-cf406588f1d0 has been successfully formatted.
2022-10-10 08:34:46,504 [pool-73-thread-1] INFO  ratis.ContainerStateMachine (ContainerStateMachine.java:loadSnapshot(236)) - group-CF406588F1D0: The snapshot info is null. Setting the last applied indexto:(t:0, i:~)
2022-10-10 08:34:46,505 [pool-73-thread-1] INFO  server.RaftServerConfigKeys (ConfUtils.java:logGet(46)) - raft.server.notification.no-leader.timeout = 300s (custom)
2022-10-10 08:34:46,505 [pool-73-thread-1] INFO  server.RaftServerConfigKeys (ConfUtils.java:logGet(46)) - raft.server.log.use.memory = false (default)
2022-10-10 08:34:46,505 [pool-73-thread-1] INFO  server.RaftServerConfigKeys (ConfUtils.java:logGet(46)) - raft.server.log.purge.gap = 1000000 (custom)
2022-10-10 08:34:46,507 [pool-73-thread-1] INFO  server.RaftServerConfigKeys (ConfUtils.java:logGet(46)) - raft.server.log.appender.buffer.byte-limit = 33554432 (custom)
2022-10-10 08:34:46,507 [pool-73-thread-1] INFO  server.RaftServerConfigKeys (ConfUtils.java:logGet(46)) - raft.server.log.statemachine.data.read.timeout = 1000ms (default)
2022-10-10 08:34:46,507 [pool-73-thread-1] INFO  server.RaftServerConfigKeys (ConfUtils.java:logGet(46)) - raft.server.log.segment.size.max = 1048576 (custom)
2022-10-10 08:34:46,508 [EventQueue-OpenPipelineForHealthyPipelineSafeModeRule] INFO  safemode.SCMSafeModeManager (HealthyPipelineSafeModeRule.java:process(137)) - SCM in safe mode. Healthy pipelines reported count is 0, required healthy pipeline reported count is 1
2022-10-10 08:34:46,509 [pool-73-thread-1] INFO  server.RaftServerConfigKeys (ConfUtils.java:logGet(46)) - raft.server.log.segment.cache.num.max = 2 (custom)
2022-10-10 08:34:46,509 [pool-73-thread-1] INFO  server.RaftServerConfigKeys (ConfUtils.java:logGet(46)) - raft.server.log.segment.cache.size.max = 200MB (=209715200) (default)
2022-10-10 08:34:46,509 [pool-73-thread-1] INFO  segmented.SegmentedRaftLogWorker (SegmentedRaftLogWorker.java:<init>(187)) - new 3c09ee4b-a7a3-4286-a1c3-18dea5f798e8@group-CF406588F1D0-SegmentedRaftLogWorker for RaftStorageImpl:Storage Directory /home/runner/work/ozone/ozone/hadoop-ozone/integration-test/target/test-dir/MiniOzoneClusterImpl-3d336b07-937f-4edb-b979-ca8ead8aca5d/datanode-0/data/ratis/e379f949-6609-44ec-ab6f-cf406588f1d0
2022-10-10 08:34:46,509 [pool-73-thread-1] INFO  server.RaftServerConfigKeys (ConfUtils.java:logGet(46)) - raft.server.log.queue.byte-limit = 4294967296 (custom)
2022-10-10 08:34:46,510 [pool-73-thread-1] INFO  server.RaftServerConfigKeys (ConfUtils.java:logGet(46)) - raft.server.log.queue.element-limit = 1024 (custom)
2022-10-10 08:34:46,510 [pool-73-thread-1] INFO  server.RaftServerConfigKeys (ConfUtils.java:logGet(46)) - raft.server.log.segment.size.max = 1048576 (custom)
2022-10-10 08:34:46,510 [pool-73-thread-1] INFO  server.RaftServerConfigKeys (ConfUtils.java:logGet(46)) - raft.server.log.preallocated.size = 16384 (custom)
2022-10-10 08:34:46,510 [pool-73-thread-1] INFO  server.RaftServerConfigKeys (ConfUtils.java:logGet(46)) - raft.server.log.force.sync.num = 128 (default)
2022-10-10 08:34:46,510 [pool-73-thread-1] INFO  server.RaftServerConfigKeys (ConfUtils.java:logGet(46)) - raft.server.log.statemachine.data.sync = true (default)
2022-10-10 08:34:46,510 [pool-73-thread-1] INFO  server.RaftServerConfigKeys (ConfUtils.java:logGet(46)) - raft.server.log.statemachine.data.sync.timeout = 10s (default)
2022-10-10 08:34:46,510 [pool-73-thread-1] INFO  server.RaftServerConfigKeys (ConfUtils.java:logGet(46)) - raft.server.log.statemachine.data.sync.timeout.retry = -1 (default)
2022-10-10 08:34:46,512 [pool-73-thread-1] INFO  server.RaftServerConfigKeys (ConfUtils.java:logGet(46)) - raft.server.log.write.buffer.size = 1048576 (custom)
2022-10-10 08:34:46,513 [pool-73-thread-1] INFO  server.RaftServerConfigKeys (ConfUtils.java:logGet(46)) - raft.server.log.unsafe-flush.enabled = false (default)
2022-10-10 08:34:46,513 [pool-73-thread-1] INFO  server.RaftServerConfigKeys (ConfUtils.java:logGet(46)) - raft.server.log.statemachine.data.caching.enabled = true (custom)
2022-10-10 08:34:46,513 [pool-73-thread-1] INFO  segmented.SegmentedRaftLogWorker (SegmentedRaftLogWorker.java:lambda$new$0(135)) - 3c09ee4b-a7a3-4286-a1c3-18dea5f798e8@group-CF406588F1D0-SegmentedRaftLogWorker: flushIndex: setUnconditionally 0 -> -1
2022-10-10 08:34:46,513 [pool-73-thread-1] INFO  segmented.SegmentedRaftLogWorker (SegmentedRaftLogWorker.java:lambda$new$0(135)) - 3c09ee4b-a7a3-4286-a1c3-18dea5f798e8@group-CF406588F1D0-SegmentedRaftLogWorker: safeCacheEvictIndex: setUnconditionally 0 -> -1
2022-10-10 08:34:46,514 [pool-73-thread-1] INFO  server.RaftServerConfigKeys (ConfUtils.java:logGet(46)) - raft.server.snapshot.auto.trigger.enabled = true (custom)
2022-10-10 08:34:46,514 [pool-73-thread-1] INFO  server.RaftServerConfigKeys (ConfUtils.java:logGet(46)) - raft.server.snapshot.auto.trigger.threshold = 10000 (custom)
2022-10-10 08:34:46,514 [pool-73-thread-1] INFO  server.RaftServerConfigKeys (ConfUtils.java:logGet(46)) - raft.server.snapshot.retention.file.num = 5 (custom)
2022-10-10 08:34:46,514 [pool-73-thread-1] INFO  server.RaftServerConfigKeys (ConfUtils.java:logGet(46)) - raft.server.log.purge.upto.snapshot.index = false (default)
2022-10-10 08:34:46,514 [pool-73-thread-1] INFO  server.RaftServerConfigKeys (ConfUtils.java:logGet(46)) - raft.server.retrycache.expirytime = 600000ms (custom)
2022-10-10 08:34:46,514 [pool-73-thread-1] INFO  server.RaftServerConfigKeys (ConfUtils.java:logGet(46)) - raft.server.retrycache.statistics.expirytime = 100μs (default)
2022-10-10 08:34:46,517 [pool-73-thread-1] INFO  server.RaftServerConfigKeys (ConfUtils.java:logGet(46)) - raft.server.log.appender.install.snapshot.enabled = false (custom)
2022-10-10 08:34:46,517 [pool-73-thread-1] INFO  server.RaftServerConfigKeys (ConfUtils.java:logGet(46)) - raft.server.threadpool.server.cached = true (default)
2022-10-10 08:34:46,517 [pool-73-thread-1] INFO  server.RaftServerConfigKeys (ConfUtils.java:logGet(46)) - raft.server.threadpool.server.size = 0 (default)
2022-10-10 08:34:46,517 [pool-73-thread-1] INFO  server.RaftServerConfigKeys (ConfUtils.java:logGet(46)) - raft.server.threadpool.client.cached = true (default)
2022-10-10 08:34:46,517 [pool-73-thread-1] INFO  server.RaftServerConfigKeys (ConfUtils.java:logGet(46)) - raft.server.threadpool.client.size = 0 (default)
2022-10-10 08:34:46,517 [pool-73-thread-1] INFO  server.RaftServer$Division (RaftServerImpl.java:start(310)) - 3c09ee4b-a7a3-4286-a1c3-18dea5f798e8@group-CF406588F1D0: start as a follower, conf=-1: [6d0c14da-389e-4e82-8c57-a2981f576192|rpc:10.1.0.114:32983|priority:1, 3c09ee4b-a7a3-4286-a1c3-18dea5f798e8|rpc:10.1.0.114:38615|priority:0, a62c8bc8-4eaa-4bd0-9412-231650f1b373|rpc:10.1.0.114:39465|priority:0], old=null
2022-10-10 08:34:46,517 [pool-73-thread-1] INFO  server.RaftServer$Division (RaftServerImpl.java:setRole(299)) - 3c09ee4b-a7a3-4286-a1c3-18dea5f798e8@group-CF406588F1D0: changes role from      null to FOLLOWER at term 0 for startAsFollower
2022-10-10 08:34:46,518 [pool-73-thread-1] INFO  impl.RoleInfo (RoleInfo.java:updateAndGet(139)) - 3c09ee4b-a7a3-4286-a1c3-18dea5f798e8: start 3c09ee4b-a7a3-4286-a1c3-18dea5f798e8@group-CF406588F1D0-FollowerState
2022-10-10 08:34:46,520 [pool-73-thread-1] INFO  util.JmxRegister (JmxRegister.java:tryRegister(44)) - Successfully registered JMX Bean with object name Ratis:service=RaftServer,group=group-CF406588F1D0,id=3c09ee4b-a7a3-4286-a1c3-18dea5f798e8
2022-10-10 08:34:46,524 [Command processor thread] INFO  ratis.XceiverServerRatis (XceiverServerRatis.java:addGroup(765)) - Created group PipelineID=e379f949-6609-44ec-ab6f-cf406588f1d0
2022-10-10 08:34:46,954 [Command processor thread] INFO  server.RaftServer (RaftServerProxy.java:addNew(96)) - a62c8bc8-4eaa-4bd0-9412-231650f1b373: addNew group-9723BB0169F0:[a62c8bc8-4eaa-4bd0-9412-231650f1b373|rpc:10.1.0.114:39465|priority:1] returns group-9723BB0169F0:java.util.concurrent.CompletableFuture@151cab62[Not completed]
2022-10-10 08:34:46,965 [pool-96-thread-1] INFO  server.RaftServer$Division (RaftServerImpl.java:<init>(190)) - a62c8bc8-4eaa-4bd0-9412-231650f1b373: new RaftServerImpl for group-9723BB0169F0:[a62c8bc8-4eaa-4bd0-9412-231650f1b373|rpc:10.1.0.114:39465|priority:1] with ContainerStateMachine:uninitialized
2022-10-10 08:34:46,965 [pool-96-thread-1] INFO  server.RaftServerConfigKeys (ConfUtils.java:logGet(46)) - raft.server.rpc.timeout.min = 5s (custom)
2022-10-10 08:34:46,965 [pool-96-thread-1] INFO  server.RaftServerConfigKeys (ConfUtils.java:logGet(46)) - raft.server.rpc.timeout.max = 5200ms (custom)
2022-10-10 08:34:46,966 [pool-96-thread-1] INFO  server.RaftServerConfigKeys (ConfUtils.java:logGet(46)) - raft.server.rpc.sleep.time = 25ms (default)
2022-10-10 08:34:46,966 [pool-96-thread-1] INFO  server.RaftServerConfigKeys (ConfUtils.java:logGet(46)) - raft.server.rpc.slowness.timeout = 300s (custom)
2022-10-10 08:34:46,966 [pool-96-thread-1] INFO  server.RaftServerConfigKeys (ConfUtils.java:logGet(46)) - raft.server.leaderelection.leader.step-down.wait-time = 10s (default)
2022-10-10 08:34:46,966 [pool-96-thread-1] INFO  server.RaftServerConfigKeys (ConfUtils.java:logGet(46)) - raft.server.sleep.deviation.threshold = 300ms (default)
2022-10-10 08:34:46,967 [pool-96-thread-1] INFO  server.RaftServer$Division (ServerState.java:<init>(107)) - a62c8bc8-4eaa-4bd0-9412-231650f1b373@group-9723BB0169F0: ConfigurationManager, init=-1: [a62c8bc8-4eaa-4bd0-9412-231650f1b373|rpc:10.1.0.114:39465|priority:1], old=null, confs=<EMPTY_MAP>
2022-10-10 08:34:46,967 [pool-96-thread-1] INFO  server.RaftServerConfigKeys (ConfUtils.java:logGet(46)) - raft.server.storage.dir = [/home/runner/work/ozone/ozone/hadoop-ozone/integration-test/target/test-dir/MiniOzoneClusterImpl-3d336b07-937f-4edb-b979-ca8ead8aca5d/datanode-1/data/ratis] (custom)
2022-10-10 08:34:46,967 [pool-96-thread-1] INFO  server.RaftServerConfigKeys (ConfUtils.java:logGet(46)) - raft.server.log.corruption.policy = EXCEPTION (default)
2022-10-10 08:34:46,967 [pool-96-thread-1] INFO  server.RaftServerConfigKeys (ConfUtils.java:logGet(46)) - raft.server.storage.free-space.min = 0MB (=0) (default)
2022-10-10 08:34:46,968 [pool-96-thread-1] INFO  storage.RaftStorageDirectory (RaftStorageDirectoryImpl.java:analyzeStorage(135)) - The storage directory /home/runner/work/ozone/ozone/hadoop-ozone/integration-test/target/test-dir/MiniOzoneClusterImpl-3d336b07-937f-4edb-b979-ca8ead8aca5d/datanode-1/data/ratis/dc62fe32-faf2-4145-acfb-9723bb0169f0 does not exist. Creating ...
2022-10-10 08:34:46,973 [pool-96-thread-1] INFO  storage.RaftStorageDirectory (RaftStorageDirectoryImpl.java:tryLock(230)) - Lock on /home/runner/work/ozone/ozone/hadoop-ozone/integration-test/target/test-dir/MiniOzoneClusterImpl-3d336b07-937f-4edb-b979-ca8ead8aca5d/datanode-1/data/ratis/dc62fe32-faf2-4145-acfb-9723bb0169f0/in_use.lock acquired by nodename 13217@fv-az292-843
2022-10-10 08:34:46,975 [pool-96-thread-1] INFO  storage.RaftStorage (RaftStorageImpl.java:format(89)) - Storage directory /home/runner/work/ozone/ozone/hadoop-ozone/integration-test/target/test-dir/MiniOzoneClusterImpl-3d336b07-937f-4edb-b979-ca8ead8aca5d/datanode-1/data/ratis/dc62fe32-faf2-4145-acfb-9723bb0169f0 has been successfully formatted.
2022-10-10 08:34:46,977 [pool-96-thread-1] INFO  ratis.ContainerStateMachine (ContainerStateMachine.java:loadSnapshot(236)) - group-9723BB0169F0: The snapshot info is null. Setting the last applied indexto:(t:0, i:~)
2022-10-10 08:34:46,990 [EventQueue-PipelineReportForPipelineReportHandler] INFO  pipeline.PipelineManagerImpl (PipelineManagerImpl.java:openPipeline(367)) - Pipeline Pipeline[ Id: dc62fe32-faf2-4145-acfb-9723bb0169f0, Nodes: a62c8bc8-4eaa-4bd0-9412-231650f1b373{ip: 10.1.0.114, host: fv-az292-843.tqgtyn10aqxuxoi0mkfbldi5vh.jx.internal.cloudapp.net, ports: [REPLICATION=33203, RATIS=39465, RATIS_ADMIN=39465, RATIS_SERVER=39465, STANDALONE=33083], networkLocation: /default-rack, certSerialId: null, persistedOpState: IN_SERVICE, persistedOpStateExpiryEpochSec: 0}, ReplicationConfig: RATIS/ONE, State:ALLOCATED, leaderId:a62c8bc8-4eaa-4bd0-9412-231650f1b373, CreationTimestamp2022-10-10T08:34:43.960Z[Etc/UTC]] moved to OPEN state
2022-10-10 08:34:46,991 [EventQueue-OpenPipelineForHealthyPipelineSafeModeRule] INFO  safemode.SCMSafeModeManager (HealthyPipelineSafeModeRule.java:process(137)) - SCM in safe mode. Healthy pipelines reported count is 0, required healthy pipeline reported count is 1
2022-10-10 08:34:46,993 [pool-96-thread-1] INFO  server.RaftServerConfigKeys (ConfUtils.java:logGet(46)) - raft.server.notification.no-leader.timeout = 300s (custom)
2022-10-10 08:34:46,997 [pool-96-thread-1] INFO  server.RaftServerConfigKeys (ConfUtils.java:logGet(46)) - raft.server.log.use.memory = false (default)
2022-10-10 08:34:46,997 [pool-96-thread-1] INFO  server.RaftServerConfigKeys (ConfUtils.java:logGet(46)) - raft.server.log.purge.gap = 1000000 (custom)
2022-10-10 08:34:46,997 [pool-96-thread-1] INFO  server.RaftServerConfigKeys (ConfUtils.java:logGet(46)) - raft.server.log.appender.buffer.byte-limit = 33554432 (custom)
2022-10-10 08:34:46,997 [pool-96-thread-1] INFO  server.RaftServerConfigKeys (ConfUtils.java:logGet(46)) - raft.server.log.statemachine.data.read.timeout = 1000ms (default)
2022-10-10 08:34:46,997 [pool-96-thread-1] INFO  server.RaftServerConfigKeys (ConfUtils.java:logGet(46)) - raft.server.log.segment.size.max = 1048576 (custom)
2022-10-10 08:34:47,000 [pool-96-thread-1] INFO  server.RaftServerConfigKeys (ConfUtils.java:logGet(46)) - raft.server.log.segment.cache.num.max = 2 (custom)
2022-10-10 08:34:47,000 [pool-96-thread-1] INFO  server.RaftServerConfigKeys (ConfUtils.java:logGet(46)) - raft.server.log.segment.cache.size.max = 200MB (=209715200) (default)
2022-10-10 08:34:47,000 [pool-96-thread-1] INFO  segmented.SegmentedRaftLogWorker (SegmentedRaftLogWorker.java:<init>(187)) - new a62c8bc8-4eaa-4bd0-9412-231650f1b373@group-9723BB0169F0-SegmentedRaftLogWorker for RaftStorageImpl:Storage Directory /home/runner/work/ozone/ozone/hadoop-ozone/integration-test/target/test-dir/MiniOzoneClusterImpl-3d336b07-937f-4edb-b979-ca8ead8aca5d/datanode-1/data/ratis/dc62fe32-faf2-4145-acfb-9723bb0169f0
2022-10-10 08:34:47,000 [pool-96-thread-1] INFO  server.RaftServerConfigKeys (ConfUtils.java:logGet(46)) - raft.server.log.queue.byte-limit = 4294967296 (custom)
2022-10-10 08:34:47,000 [pool-96-thread-1] INFO  server.RaftServerConfigKeys (ConfUtils.java:logGet(46)) - raft.server.log.queue.element-limit = 1024 (custom)
2022-10-10 08:34:47,000 [pool-96-thread-1] INFO  server.RaftServerConfigKeys (ConfUtils.java:logGet(46)) - raft.server.log.segment.size.max = 1048576 (custom)
2022-10-10 08:34:47,000 [pool-96-thread-1] INFO  server.RaftServerConfigKeys (ConfUtils.java:logGet(46)) - raft.server.log.preallocated.size = 16384 (custom)
2022-10-10 08:34:47,001 [pool-96-thread-1] INFO  server.RaftServerConfigKeys (ConfUtils.java:logGet(46)) - raft.server.log.force.sync.num = 128 (default)
2022-10-10 08:34:47,001 [pool-96-thread-1] INFO  server.RaftServerConfigKeys (ConfUtils.java:logGet(46)) - raft.server.log.statemachine.data.sync = true (default)
2022-10-10 08:34:47,001 [pool-96-thread-1] INFO  server.RaftServerConfigKeys (ConfUtils.java:logGet(46)) - raft.server.log.statemachine.data.sync.timeout = 10s (default)
2022-10-10 08:34:47,001 [pool-96-thread-1] INFO  server.RaftServerConfigKeys (ConfUtils.java:logGet(46)) - raft.server.log.statemachine.data.sync.timeout.retry = -1 (default)
2022-10-10 08:34:47,002 [pool-96-thread-1] INFO  server.RaftServerConfigKeys (ConfUtils.java:logGet(46)) - raft.server.log.write.buffer.size = 1048576 (custom)
2022-10-10 08:34:47,003 [pool-96-thread-1] INFO  server.RaftServerConfigKeys (ConfUtils.java:logGet(46)) - raft.server.log.unsafe-flush.enabled = false (default)
2022-10-10 08:34:47,003 [pool-96-thread-1] INFO  server.RaftServerConfigKeys (ConfUtils.java:logGet(46)) - raft.server.log.statemachine.data.caching.enabled = true (custom)
2022-10-10 08:34:47,003 [pool-96-thread-1] INFO  segmented.SegmentedRaftLogWorker (SegmentedRaftLogWorker.java:lambda$new$0(135)) - a62c8bc8-4eaa-4bd0-9412-231650f1b373@group-9723BB0169F0-SegmentedRaftLogWorker: flushIndex: setUnconditionally 0 -> -1
2022-10-10 08:34:47,004 [pool-96-thread-1] INFO  segmented.SegmentedRaftLogWorker (SegmentedRaftLogWorker.java:lambda$new$0(135)) - a62c8bc8-4eaa-4bd0-9412-231650f1b373@group-9723BB0169F0-SegmentedRaftLogWorker: safeCacheEvictIndex: setUnconditionally 0 -> -1
2022-10-10 08:34:47,009 [pool-96-thread-1] INFO  server.RaftServerConfigKeys (ConfUtils.java:logGet(46)) - raft.server.snapshot.auto.trigger.enabled = true (custom)
2022-10-10 08:34:47,009 [pool-96-thread-1] INFO  server.RaftServerConfigKeys (ConfUtils.java:logGet(46)) - raft.server.snapshot.auto.trigger.threshold = 10000 (custom)
2022-10-10 08:34:47,009 [pool-96-thread-1] INFO  server.RaftServerConfigKeys (ConfUtils.java:logGet(46)) - raft.server.snapshot.retention.file.num = 5 (custom)
2022-10-10 08:34:47,009 [pool-96-thread-1] INFO  server.RaftServerConfigKeys (ConfUtils.java:logGet(46)) - raft.server.log.purge.upto.snapshot.index = false (default)
2022-10-10 08:34:47,009 [pool-96-thread-1] INFO  server.RaftServerConfigKeys (ConfUtils.java:logGet(46)) - raft.server.retrycache.expirytime = 600000ms (custom)
2022-10-10 08:34:47,009 [pool-96-thread-1] INFO  server.RaftServerConfigKeys (ConfUtils.java:logGet(46)) - raft.server.retrycache.statistics.expirytime = 100μs (default)
2022-10-10 08:34:47,013 [pool-96-thread-1] INFO  server.RaftServerConfigKeys (ConfUtils.java:logGet(46)) - raft.server.log.appender.install.snapshot.enabled = false (custom)
2022-10-10 08:34:47,014 [pool-96-thread-1] INFO  server.RaftServerConfigKeys (ConfUtils.java:logGet(46)) - raft.server.threadpool.server.cached = true (default)
2022-10-10 08:34:47,014 [pool-96-thread-1] INFO  server.RaftServerConfigKeys (ConfUtils.java:logGet(46)) - raft.server.threadpool.server.size = 0 (default)
2022-10-10 08:34:47,014 [pool-96-thread-1] INFO  server.RaftServerConfigKeys (ConfUtils.java:logGet(46)) - raft.server.threadpool.client.cached = true (default)
2022-10-10 08:34:47,014 [pool-96-thread-1] INFO  server.RaftServerConfigKeys (ConfUtils.java:logGet(46)) - raft.server.threadpool.client.size = 0 (default)
2022-10-10 08:34:47,014 [pool-96-thread-1] INFO  server.RaftServer$Division (RaftServerImpl.java:start(310)) - a62c8bc8-4eaa-4bd0-9412-231650f1b373@group-9723BB0169F0: start as a follower, conf=-1: [a62c8bc8-4eaa-4bd0-9412-231650f1b373|rpc:10.1.0.114:39465|priority:1], old=null
2022-10-10 08:34:47,014 [pool-96-thread-1] INFO  server.RaftServer$Division (RaftServerImpl.java:setRole(299)) - a62c8bc8-4eaa-4bd0-9412-231650f1b373@group-9723BB0169F0: changes role from      null to FOLLOWER at term 0 for startAsFollower
2022-10-10 08:34:47,014 [pool-96-thread-1] INFO  impl.RoleInfo (RoleInfo.java:updateAndGet(139)) - a62c8bc8-4eaa-4bd0-9412-231650f1b373: start a62c8bc8-4eaa-4bd0-9412-231650f1b373@group-9723BB0169F0-FollowerState
2022-10-10 08:34:47,017 [pool-96-thread-1] INFO  util.JmxRegister (JmxRegister.java:tryRegister(44)) - Successfully registered JMX Bean with object name Ratis:service=RaftServer,group=group-9723BB0169F0,id=a62c8bc8-4eaa-4bd0-9412-231650f1b373
2022-10-10 08:34:47,036 [Command processor thread] INFO  ratis.XceiverServerRatis (XceiverServerRatis.java:addGroup(765)) - Created group PipelineID=dc62fe32-faf2-4145-acfb-9723bb0169f0
2022-10-10 08:34:47,036 [Command processor thread] INFO  commandhandler.CreatePipelineCommandHandler (CreatePipelineCommandHandler.java:handle(113)) - Created Pipeline RATIS ONE PipelineID=dc62fe32-faf2-4145-acfb-9723bb0169f0.
2022-10-10 08:34:47,044 [Command processor thread] INFO  server.RaftServer (RaftServerProxy.java:addNew(96)) - a62c8bc8-4eaa-4bd0-9412-231650f1b373: addNew group-CF406588F1D0:[6d0c14da-389e-4e82-8c57-a2981f576192|rpc:10.1.0.114:32983|priority:1, 3c09ee4b-a7a3-4286-a1c3-18dea5f798e8|rpc:10.1.0.114:38615|priority:0, a62c8bc8-4eaa-4bd0-9412-231650f1b373|rpc:10.1.0.114:39465|priority:0] returns group-CF406588F1D0:java.util.concurrent.CompletableFuture@11233d19[Not completed]
2022-10-10 08:34:47,049 [pool-96-thread-1] INFO  server.RaftServer$Division (RaftServerImpl.java:<init>(190)) - a62c8bc8-4eaa-4bd0-9412-231650f1b373: new RaftServerImpl for group-CF406588F1D0:[6d0c14da-389e-4e82-8c57-a2981f576192|rpc:10.1.0.114:32983|priority:1, 3c09ee4b-a7a3-4286-a1c3-18dea5f798e8|rpc:10.1.0.114:38615|priority:0, a62c8bc8-4eaa-4bd0-9412-231650f1b373|rpc:10.1.0.114:39465|priority:0] with ContainerStateMachine:uninitialized
2022-10-10 08:34:47,049 [pool-96-thread-1] INFO  server.RaftServerConfigKeys (ConfUtils.java:logGet(46)) - raft.server.rpc.timeout.min = 5s (custom)
2022-10-10 08:34:47,049 [pool-96-thread-1] INFO  server.RaftServerConfigKeys (ConfUtils.java:logGet(46)) - raft.server.rpc.timeout.max = 5200ms (custom)
2022-10-10 08:34:47,049 [pool-96-thread-1] INFO  server.RaftServerConfigKeys (ConfUtils.java:logGet(46)) - raft.server.rpc.sleep.time = 25ms (default)
2022-10-10 08:34:47,050 [pool-96-thread-1] INFO  server.RaftServerConfigKeys (ConfUtils.java:logGet(46)) - raft.server.rpc.slowness.timeout = 300s (custom)
2022-10-10 08:34:47,050 [pool-96-thread-1] INFO  server.RaftServerConfigKeys (ConfUtils.java:logGet(46)) - raft.server.leaderelection.leader.step-down.wait-time = 10s (default)
2022-10-10 08:34:47,050 [pool-96-thread-1] INFO  server.RaftServerConfigKeys (ConfUtils.java:logGet(46)) - raft.server.sleep.deviation.threshold = 300ms (default)
2022-10-10 08:34:47,051 [pool-96-thread-1] INFO  server.RaftServer$Division (ServerState.java:<init>(107)) - a62c8bc8-4eaa-4bd0-9412-231650f1b373@group-CF406588F1D0: ConfigurationManager, init=-1: [6d0c14da-389e-4e82-8c57-a2981f576192|rpc:10.1.0.114:32983|priority:1, 3c09ee4b-a7a3-4286-a1c3-18dea5f798e8|rpc:10.1.0.114:38615|priority:0, a62c8bc8-4eaa-4bd0-9412-231650f1b373|rpc:10.1.0.114:39465|priority:0], old=null, confs=<EMPTY_MAP>
2022-10-10 08:34:47,051 [pool-96-thread-1] INFO  server.RaftServerConfigKeys (ConfUtils.java:logGet(46)) - raft.server.storage.dir = [/home/runner/work/ozone/ozone/hadoop-ozone/integration-test/target/test-dir/MiniOzoneClusterImpl-3d336b07-937f-4edb-b979-ca8ead8aca5d/datanode-1/data/ratis] (custom)
2022-10-10 08:34:47,051 [pool-96-thread-1] INFO  server.RaftServerConfigKeys (ConfUtils.java:logGet(46)) - raft.server.log.corruption.policy = EXCEPTION (default)
2022-10-10 08:34:47,051 [pool-96-thread-1] INFO  server.RaftServerConfigKeys (ConfUtils.java:logGet(46)) - raft.server.storage.free-space.min = 0MB (=0) (default)
2022-10-10 08:34:47,051 [pool-96-thread-1] INFO  storage.RaftStorageDirectory (RaftStorageDirectoryImpl.java:analyzeStorage(135)) - The storage directory /home/runner/work/ozone/ozone/hadoop-ozone/integration-test/target/test-dir/MiniOzoneClusterImpl-3d336b07-937f-4edb-b979-ca8ead8aca5d/datanode-1/data/ratis/e379f949-6609-44ec-ab6f-cf406588f1d0 does not exist. Creating ...
2022-10-10 08:34:47,054 [pool-96-thread-1] INFO  storage.RaftStorageDirectory (RaftStorageDirectoryImpl.java:tryLock(230)) - Lock on /home/runner/work/ozone/ozone/hadoop-ozone/integration-test/target/test-dir/MiniOzoneClusterImpl-3d336b07-937f-4edb-b979-ca8ead8aca5d/datanode-1/data/ratis/e379f949-6609-44ec-ab6f-cf406588f1d0/in_use.lock acquired by nodename 13217@fv-az292-843
2022-10-10 08:34:47,055 [pool-96-thread-1] INFO  storage.RaftStorage (RaftStorageImpl.java:format(89)) - Storage directory /home/runner/work/ozone/ozone/hadoop-ozone/integration-test/target/test-dir/MiniOzoneClusterImpl-3d336b07-937f-4edb-b979-ca8ead8aca5d/datanode-1/data/ratis/e379f949-6609-44ec-ab6f-cf406588f1d0 has been successfully formatted.
2022-10-10 08:34:47,056 [pool-96-thread-1] INFO  ratis.ContainerStateMachine (ContainerStateMachine.java:loadSnapshot(236)) - group-CF406588F1D0: The snapshot info is null. Setting the last applied indexto:(t:0, i:~)
2022-10-10 08:34:47,056 [pool-96-thread-1] INFO  server.RaftServerConfigKeys (ConfUtils.java:logGet(46)) - raft.server.notification.no-leader.timeout = 300s (custom)
2022-10-10 08:34:47,056 [pool-96-thread-1] INFO  server.RaftServerConfigKeys (ConfUtils.java:logGet(46)) - raft.server.log.use.memory = false (default)
2022-10-10 08:34:47,056 [pool-96-thread-1] INFO  server.RaftServerConfigKeys (ConfUtils.java:logGet(46)) - raft.server.log.purge.gap = 1000000 (custom)
2022-10-10 08:34:47,056 [pool-96-thread-1] INFO  server.RaftServerConfigKeys (ConfUtils.java:logGet(46)) - raft.server.log.appender.buffer.byte-limit = 33554432 (custom)
2022-10-10 08:34:47,056 [pool-96-thread-1] INFO  server.RaftServerConfigKeys (ConfUtils.java:logGet(46)) - raft.server.log.statemachine.data.read.timeout = 1000ms (default)
2022-10-10 08:34:47,057 [pool-96-thread-1] INFO  server.RaftServerConfigKeys (ConfUtils.java:logGet(46)) - raft.server.log.segment.size.max = 1048576 (custom)
2022-10-10 08:34:47,058 [pool-96-thread-1] INFO  server.RaftServerConfigKeys (ConfUtils.java:logGet(46)) - raft.server.log.segment.cache.num.max = 2 (custom)
2022-10-10 08:34:47,058 [pool-96-thread-1] INFO  server.RaftServerConfigKeys (ConfUtils.java:logGet(46)) - raft.server.log.segment.cache.size.max = 200MB (=209715200) (default)
2022-10-10 08:34:47,058 [pool-96-thread-1] INFO  segmented.SegmentedRaftLogWorker (SegmentedRaftLogWorker.java:<init>(187)) - new a62c8bc8-4eaa-4bd0-9412-231650f1b373@group-CF406588F1D0-SegmentedRaftLogWorker for RaftStorageImpl:Storage Directory /home/runner/work/ozone/ozone/hadoop-ozone/integration-test/target/test-dir/MiniOzoneClusterImpl-3d336b07-937f-4edb-b979-ca8ead8aca5d/datanode-1/data/ratis/e379f949-6609-44ec-ab6f-cf406588f1d0
2022-10-10 08:34:47,059 [pool-96-thread-1] INFO  server.RaftServerConfigKeys (ConfUtils.java:logGet(46)) - raft.server.log.queue.byte-limit = 4294967296 (custom)
2022-10-10 08:34:47,059 [pool-96-thread-1] INFO  server.RaftServerConfigKeys (ConfUtils.java:logGet(46)) - raft.server.log.queue.element-limit = 1024 (custom)
2022-10-10 08:34:47,059 [pool-96-thread-1] INFO  server.RaftServerConfigKeys (ConfUtils.java:logGet(46)) - raft.server.log.segment.size.max = 1048576 (custom)
2022-10-10 08:34:47,059 [pool-96-thread-1] INFO  server.RaftServerConfigKeys (ConfUtils.java:logGet(46)) - raft.server.log.preallocated.size = 16384 (custom)
2022-10-10 08:34:47,059 [pool-96-thread-1] INFO  server.RaftServerConfigKeys (ConfUtils.java:logGet(46)) - raft.server.log.force.sync.num = 128 (default)
2022-10-10 08:34:47,059 [pool-96-thread-1] INFO  server.RaftServerConfigKeys (ConfUtils.java:logGet(46)) - raft.server.log.statemachine.data.sync = true (default)
2022-10-10 08:34:47,059 [pool-96-thread-1] INFO  server.RaftServerConfigKeys (ConfUtils.java:logGet(46)) - raft.server.log.statemachine.data.sync.timeout = 10s (default)
2022-10-10 08:34:47,059 [pool-96-thread-1] INFO  server.RaftServerConfigKeys (ConfUtils.java:logGet(46)) - raft.server.log.statemachine.data.sync.timeout.retry = -1 (default)
2022-10-10 08:34:47,061 [EventQueue-OpenPipelineForHealthyPipelineSafeModeRule] INFO  safemode.SCMSafeModeManager (HealthyPipelineSafeModeRule.java:process(137)) - SCM in safe mode. Healthy pipelines reported count is 0, required healthy pipeline reported count is 1
2022-10-10 08:34:47,065 [pool-96-thread-1] INFO  server.RaftServerConfigKeys (ConfUtils.java:logGet(46)) - raft.server.log.write.buffer.size = 1048576 (custom)
2022-10-10 08:34:47,066 [pool-96-thread-1] INFO  server.RaftServerConfigKeys (ConfUtils.java:logGet(46)) - raft.server.log.unsafe-flush.enabled = false (default)
2022-10-10 08:34:47,066 [pool-96-thread-1] INFO  server.RaftServerConfigKeys (ConfUtils.java:logGet(46)) - raft.server.log.statemachine.data.caching.enabled = true (custom)
2022-10-10 08:34:47,066 [pool-96-thread-1] INFO  segmented.SegmentedRaftLogWorker (SegmentedRaftLogWorker.java:lambda$new$0(135)) - a62c8bc8-4eaa-4bd0-9412-231650f1b373@group-CF406588F1D0-SegmentedRaftLogWorker: flushIndex: setUnconditionally 0 -> -1
2022-10-10 08:34:47,066 [pool-96-thread-1] INFO  segmented.SegmentedRaftLogWorker (SegmentedRaftLogWorker.java:lambda$new$0(135)) - a62c8bc8-4eaa-4bd0-9412-231650f1b373@group-CF406588F1D0-SegmentedRaftLogWorker: safeCacheEvictIndex: setUnconditionally 0 -> -1
2022-10-10 08:34:47,066 [pool-96-thread-1] INFO  server.RaftServerConfigKeys (ConfUtils.java:logGet(46)) - raft.server.snapshot.auto.trigger.enabled = true (custom)
2022-10-10 08:34:47,066 [pool-96-thread-1] INFO  server.RaftServerConfigKeys (ConfUtils.java:logGet(46)) - raft.server.snapshot.auto.trigger.threshold = 10000 (custom)
2022-10-10 08:34:47,066 [pool-96-thread-1] INFO  server.RaftServerConfigKeys (ConfUtils.java:logGet(46)) - raft.server.snapshot.retention.file.num = 5 (custom)
2022-10-10 08:34:47,066 [pool-96-thread-1] INFO  server.RaftServerConfigKeys (ConfUtils.java:logGet(46)) - raft.server.log.purge.upto.snapshot.index = false (default)
2022-10-10 08:34:47,067 [pool-96-thread-1] INFO  server.RaftServerConfigKeys (ConfUtils.java:logGet(46)) - raft.server.retrycache.expirytime = 600000ms (custom)
2022-10-10 08:34:47,067 [pool-96-thread-1] INFO  server.RaftServerConfigKeys (ConfUtils.java:logGet(46)) - raft.server.retrycache.statistics.expirytime = 100μs (default)
2022-10-10 08:34:47,068 [pool-96-thread-1] INFO  server.RaftServerConfigKeys (ConfUtils.java:logGet(46)) - raft.server.log.appender.install.snapshot.enabled = false (custom)
2022-10-10 08:34:47,068 [pool-96-thread-1] INFO  server.RaftServerConfigKeys (ConfUtils.java:logGet(46)) - raft.server.threadpool.server.cached = true (default)
2022-10-10 08:34:47,069 [pool-96-thread-1] INFO  server.RaftServerConfigKeys (ConfUtils.java:logGet(46)) - raft.server.threadpool.server.size = 0 (default)
2022-10-10 08:34:47,069 [pool-96-thread-1] INFO  server.RaftServerConfigKeys (ConfUtils.java:logGet(46)) - raft.server.threadpool.client.cached = true (default)
2022-10-10 08:34:47,069 [pool-96-thread-1] INFO  server.RaftServerConfigKeys (ConfUtils.java:logGet(46)) - raft.server.threadpool.client.size = 0 (default)
2022-10-10 08:34:47,069 [pool-96-thread-1] INFO  server.RaftServer$Division (RaftServerImpl.java:start(310)) - a62c8bc8-4eaa-4bd0-9412-231650f1b373@group-CF406588F1D0: start as a follower, conf=-1: [6d0c14da-389e-4e82-8c57-a2981f576192|rpc:10.1.0.114:32983|priority:1, 3c09ee4b-a7a3-4286-a1c3-18dea5f798e8|rpc:10.1.0.114:38615|priority:0, a62c8bc8-4eaa-4bd0-9412-231650f1b373|rpc:10.1.0.114:39465|priority:0], old=null
2022-10-10 08:34:47,069 [pool-96-thread-1] INFO  server.RaftServer$Division (RaftServerImpl.java:setRole(299)) - a62c8bc8-4eaa-4bd0-9412-231650f1b373@group-CF406588F1D0: changes role from      null to FOLLOWER at term 0 for startAsFollower
2022-10-10 08:34:47,069 [pool-96-thread-1] INFO  impl.RoleInfo (RoleInfo.java:updateAndGet(139)) - a62c8bc8-4eaa-4bd0-9412-231650f1b373: start a62c8bc8-4eaa-4bd0-9412-231650f1b373@group-CF406588F1D0-FollowerState
2022-10-10 08:34:47,074 [pool-96-thread-1] INFO  util.JmxRegister (JmxRegister.java:tryRegister(44)) - Successfully registered JMX Bean with object name Ratis:service=RaftServer,group=group-CF406588F1D0,id=a62c8bc8-4eaa-4bd0-9412-231650f1b373
2022-10-10 08:34:47,076 [Command processor thread] INFO  ratis.XceiverServerRatis (XceiverServerRatis.java:addGroup(765)) - Created group PipelineID=e379f949-6609-44ec-ab6f-cf406588f1d0
2022-10-10 08:34:47,155 [Listener at 127.0.0.1/46487] INFO  ozone.MiniOzoneClusterImpl (MiniOzoneClusterImpl.java:lambda$waitForClusterToBeReady$0(216)) - Nodes are ready. Got 5 of 5 DN Heartbeats.
2022-10-10 08:34:47,155 [Listener at 127.0.0.1/46487] INFO  ozone.MiniOzoneClusterImpl (MiniOzoneClusterImpl.java:lambda$waitForClusterToBeReady$0(219)) - Waiting for cluster to exit safe mode
2022-10-10 08:34:47,155 [Listener at 127.0.0.1/46487] INFO  ozone.MiniOzoneClusterImpl (MiniOzoneClusterImpl.java:lambda$waitForClusterToBeReady$0(221)) - SCM became leader
2022-10-10 08:34:47,236 [grpc-default-executor-0] INFO  server.RaftServer (RaftServerProxy.java:addNew(96)) - 6d0c14da-389e-4e82-8c57-a2981f576192: addNew group-CF406588F1D0:[6d0c14da-389e-4e82-8c57-a2981f576192|rpc:10.1.0.114:32983|dataStream:|priority:1, 3c09ee4b-a7a3-4286-a1c3-18dea5f798e8|rpc:10.1.0.114:38615|dataStream:|priority:0, a62c8bc8-4eaa-4bd0-9412-231650f1b373|rpc:10.1.0.114:39465|dataStream:|priority:0] returns group-CF406588F1D0:java.util.concurrent.CompletableFuture@71a35b3[Not completed]
2022-10-10 08:34:47,239 [pool-119-thread-1] INFO  server.RaftServer$Division (RaftServerImpl.java:<init>(190)) - 6d0c14da-389e-4e82-8c57-a2981f576192: new RaftServerImpl for group-CF406588F1D0:[6d0c14da-389e-4e82-8c57-a2981f576192|rpc:10.1.0.114:32983|dataStream:|priority:1, 3c09ee4b-a7a3-4286-a1c3-18dea5f798e8|rpc:10.1.0.114:38615|dataStream:|priority:0, a62c8bc8-4eaa-4bd0-9412-231650f1b373|rpc:10.1.0.114:39465|dataStream:|priority:0] with ContainerStateMachine:uninitialized
2022-10-10 08:34:47,239 [pool-119-thread-1] INFO  server.RaftServerConfigKeys (ConfUtils.java:logGet(46)) - raft.server.rpc.timeout.min = 5s (custom)
2022-10-10 08:34:47,239 [pool-119-thread-1] INFO  server.RaftServerConfigKeys (ConfUtils.java:logGet(46)) - raft.server.rpc.timeout.max = 5200ms (custom)
2022-10-10 08:34:47,239 [pool-119-thread-1] INFO  server.RaftServerConfigKeys (ConfUtils.java:logGet(46)) - raft.server.rpc.sleep.time = 25ms (default)
2022-10-10 08:34:47,239 [pool-119-thread-1] INFO  server.RaftServerConfigKeys (ConfUtils.java:logGet(46)) - raft.server.rpc.slowness.timeout = 300s (custom)
2022-10-10 08:34:47,239 [pool-119-thread-1] INFO  server.RaftServerConfigKeys (ConfUtils.java:logGet(46)) - raft.server.leaderelection.leader.step-down.wait-time = 10s (default)
2022-10-10 08:34:47,239 [pool-119-thread-1] INFO  server.RaftServerConfigKeys (ConfUtils.java:logGet(46)) - raft.server.sleep.deviation.threshold = 300ms (default)
2022-10-10 08:34:47,239 [pool-119-thread-1] INFO  server.RaftServer$Division (ServerState.java:<init>(107)) - 6d0c14da-389e-4e82-8c57-a2981f576192@group-CF406588F1D0: ConfigurationManager, init=-1: [6d0c14da-389e-4e82-8c57-a2981f576192|rpc:10.1.0.114:32983|dataStream:|priority:1, 3c09ee4b-a7a3-4286-a1c3-18dea5f798e8|rpc:10.1.0.114:38615|dataStream:|priority:0, a62c8bc8-4eaa-4bd0-9412-231650f1b373|rpc:10.1.0.114:39465|dataStream:|priority:0], old=null, confs=<EMPTY_MAP>
2022-10-10 08:34:47,239 [pool-119-thread-1] INFO  server.RaftServerConfigKeys (ConfUtils.java:logGet(46)) - raft.server.storage.dir = [/home/runner/work/ozone/ozone/hadoop-ozone/integration-test/target/test-dir/MiniOzoneClusterImpl-3d336b07-937f-4edb-b979-ca8ead8aca5d/datanode-2/data/ratis] (custom)
2022-10-10 08:34:47,240 [pool-119-thread-1] INFO  server.RaftServerConfigKeys (ConfUtils.java:logGet(46)) - raft.server.log.corruption.policy = EXCEPTION (default)
2022-10-10 08:34:47,240 [pool-119-thread-1] INFO  server.RaftServerConfigKeys (ConfUtils.java:logGet(46)) - raft.server.storage.free-space.min = 0MB (=0) (default)
2022-10-10 08:34:47,240 [pool-119-thread-1] INFO  storage.RaftStorageDirectory (RaftStorageDirectoryImpl.java:analyzeStorage(135)) - The storage directory /home/runner/work/ozone/ozone/hadoop-ozone/integration-test/target/test-dir/MiniOzoneClusterImpl-3d336b07-937f-4edb-b979-ca8ead8aca5d/datanode-2/data/ratis/e379f949-6609-44ec-ab6f-cf406588f1d0 does not exist. Creating ...
2022-10-10 08:34:47,241 [pool-119-thread-1] INFO  storage.RaftStorageDirectory (RaftStorageDirectoryImpl.java:tryLock(230)) - Lock on /home/runner/work/ozone/ozone/hadoop-ozone/integration-test/target/test-dir/MiniOzoneClusterImpl-3d336b07-937f-4edb-b979-ca8ead8aca5d/datanode-2/data/ratis/e379f949-6609-44ec-ab6f-cf406588f1d0/in_use.lock acquired by nodename 13217@fv-az292-843
2022-10-10 08:34:47,243 [pool-119-thread-1] INFO  storage.RaftStorage (RaftStorageImpl.java:format(89)) - Storage directory /home/runner/work/ozone/ozone/hadoop-ozone/integration-test/target/test-dir/MiniOzoneClusterImpl-3d336b07-937f-4edb-b979-ca8ead8aca5d/datanode-2/data/ratis/e379f949-6609-44ec-ab6f-cf406588f1d0 has been successfully formatted.
2022-10-10 08:34:47,248 [pool-119-thread-1] INFO  ratis.ContainerStateMachine (ContainerStateMachine.java:loadSnapshot(236)) - group-CF406588F1D0: The snapshot info is null. Setting the last applied indexto:(t:0, i:~)
2022-10-10 08:34:47,248 [pool-119-thread-1] INFO  server.RaftServerConfigKeys (ConfUtils.java:logGet(46)) - raft.server.notification.no-leader.timeout = 300s (custom)
2022-10-10 08:34:47,248 [pool-119-thread-1] INFO  server.RaftServerConfigKeys (ConfUtils.java:logGet(46)) - raft.server.log.use.memory = false (default)
2022-10-10 08:34:47,248 [pool-119-thread-1] INFO  server.RaftServerConfigKeys (ConfUtils.java:logGet(46)) - raft.server.log.purge.gap = 1000000 (custom)
2022-10-10 08:34:47,249 [pool-119-thread-1] INFO  server.RaftServerConfigKeys (ConfUtils.java:logGet(46)) - raft.server.log.appender.buffer.byte-limit = 33554432 (custom)
2022-10-10 08:34:47,249 [pool-119-thread-1] INFO  server.RaftServerConfigKeys (ConfUtils.java:logGet(46)) - raft.server.log.statemachine.data.read.timeout = 1000ms (default)
2022-10-10 08:34:47,249 [pool-119-thread-1] INFO  server.RaftServerConfigKeys (ConfUtils.java:logGet(46)) - raft.server.log.segment.size.max = 1048576 (custom)
2022-10-10 08:34:47,250 [pool-119-thread-1] INFO  server.RaftServerConfigKeys (ConfUtils.java:logGet(46)) - raft.server.log.segment.cache.num.max = 2 (custom)
2022-10-10 08:34:47,252 [pool-119-thread-1] INFO  server.RaftServerConfigKeys (ConfUtils.java:logGet(46)) - raft.server.log.segment.cache.size.max = 200MB (=209715200) (default)
2022-10-10 08:34:47,252 [pool-119-thread-1] INFO  segmented.SegmentedRaftLogWorker (SegmentedRaftLogWorker.java:<init>(187)) - new 6d0c14da-389e-4e82-8c57-a2981f576192@group-CF406588F1D0-SegmentedRaftLogWorker for RaftStorageImpl:Storage Directory /home/runner/work/ozone/ozone/hadoop-ozone/integration-test/target/test-dir/MiniOzoneClusterImpl-3d336b07-937f-4edb-b979-ca8ead8aca5d/datanode-2/data/ratis/e379f949-6609-44ec-ab6f-cf406588f1d0
2022-10-10 08:34:47,252 [pool-119-thread-1] INFO  server.RaftServerConfigKeys (ConfUtils.java:logGet(46)) - raft.server.log.queue.byte-limit = 4294967296 (custom)
2022-10-10 08:34:47,252 [pool-119-thread-1] INFO  server.RaftServerConfigKeys (ConfUtils.java:logGet(46)) - raft.server.log.queue.element-limit = 1024 (custom)
2022-10-10 08:34:47,252 [pool-119-thread-1] INFO  server.RaftServerConfigKeys (ConfUtils.java:logGet(46)) - raft.server.log.segment.size.max = 1048576 (custom)
2022-10-10 08:34:47,252 [pool-119-thread-1] INFO  server.RaftServerConfigKeys (ConfUtils.java:logGet(46)) - raft.server.log.preallocated.size = 16384 (custom)
2022-10-10 08:34:47,252 [pool-119-thread-1] INFO  server.RaftServerConfigKeys (ConfUtils.java:logGet(46)) - raft.server.log.force.sync.num = 128 (default)
2022-10-10 08:34:47,252 [pool-119-thread-1] INFO  server.RaftServerConfigKeys (ConfUtils.java:logGet(46)) - raft.server.log.statemachine.data.sync = true (default)
2022-10-10 08:34:47,253 [pool-119-thread-1] INFO  server.RaftServerConfigKeys (ConfUtils.java:logGet(46)) - raft.server.log.statemachine.data.sync.timeout = 10s (default)
2022-10-10 08:34:47,253 [pool-119-thread-1] INFO  server.RaftServerConfigKeys (ConfUtils.java:logGet(46)) - raft.server.log.statemachine.data.sync.timeout.retry = -1 (default)
2022-10-10 08:34:47,254 [pool-119-thread-1] INFO  server.RaftServerConfigKeys (ConfUtils.java:logGet(46)) - raft.server.log.write.buffer.size = 1048576 (custom)
2022-10-10 08:34:47,256 [pool-119-thread-1] INFO  server.RaftServerConfigKeys (ConfUtils.java:logGet(46)) - raft.server.log.unsafe-flush.enabled = false (default)
2022-10-10 08:34:47,256 [pool-119-thread-1] INFO  server.RaftServerConfigKeys (ConfUtils.java:logGet(46)) - raft.server.log.statemachine.data.caching.enabled = true (custom)
2022-10-10 08:34:47,256 [pool-119-thread-1] INFO  segmented.SegmentedRaftLogWorker (SegmentedRaftLogWorker.java:lambda$new$0(135)) - 6d0c14da-389e-4e82-8c57-a2981f576192@group-CF406588F1D0-SegmentedRaftLogWorker: flushIndex: setUnconditionally 0 -> -1
2022-10-10 08:34:47,266 [pool-119-thread-1] INFO  segmented.SegmentedRaftLogWorker (SegmentedRaftLogWorker.java:lambda$new$0(135)) - 6d0c14da-389e-4e82-8c57-a2981f576192@group-CF406588F1D0-SegmentedRaftLogWorker: safeCacheEvictIndex: setUnconditionally 0 -> -1
2022-10-10 08:34:47,267 [pool-119-thread-1] INFO  server.RaftServerConfigKeys (ConfUtils.java:logGet(46)) - raft.server.snapshot.auto.trigger.enabled = true (custom)
2022-10-10 08:34:47,268 [pool-119-thread-1] INFO  server.RaftServerConfigKeys (ConfUtils.java:logGet(46)) - raft.server.snapshot.auto.trigger.threshold = 10000 (custom)
2022-10-10 08:34:47,268 [pool-119-thread-1] INFO  server.RaftServerConfigKeys (ConfUtils.java:logGet(46)) - raft.server.snapshot.retention.file.num = 5 (custom)
2022-10-10 08:34:47,268 [pool-119-thread-1] INFO  server.RaftServerConfigKeys (ConfUtils.java:logGet(46)) - raft.server.log.purge.upto.snapshot.index = false (default)
2022-10-10 08:34:47,268 [pool-119-thread-1] INFO  server.RaftServerConfigKeys (ConfUtils.java:logGet(46)) - raft.server.retrycache.expirytime = 600000ms (custom)
2022-10-10 08:34:47,268 [pool-119-thread-1] INFO  server.RaftServerConfigKeys (ConfUtils.java:logGet(46)) - raft.server.retrycache.statistics.expirytime = 100μs (default)
2022-10-10 08:34:47,269 [pool-119-thread-1] INFO  server.RaftServerConfigKeys (ConfUtils.java:logGet(46)) - raft.server.log.appender.install.snapshot.enabled = false (custom)
2022-10-10 08:34:47,270 [pool-119-thread-1] INFO  server.RaftServerConfigKeys (ConfUtils.java:logGet(46)) - raft.server.threadpool.server.cached = true (default)
2022-10-10 08:34:47,270 [pool-119-thread-1] INFO  server.RaftServerConfigKeys (ConfUtils.java:logGet(46)) - raft.server.threadpool.server.size = 0 (default)
2022-10-10 08:34:47,270 [pool-119-thread-1] INFO  server.RaftServerConfigKeys (ConfUtils.java:logGet(46)) - raft.server.threadpool.client.cached = true (default)
2022-10-10 08:34:47,270 [pool-119-thread-1] INFO  server.RaftServerConfigKeys (ConfUtils.java:logGet(46)) - raft.server.threadpool.client.size = 0 (default)
2022-10-10 08:34:47,270 [pool-119-thread-1] INFO  server.RaftServer$Division (RaftServerImpl.java:start(310)) - 6d0c14da-389e-4e82-8c57-a2981f576192@group-CF406588F1D0: start as a follower, conf=-1: [6d0c14da-389e-4e82-8c57-a2981f576192|rpc:10.1.0.114:32983|dataStream:|priority:1, 3c09ee4b-a7a3-4286-a1c3-18dea5f798e8|rpc:10.1.0.114:38615|dataStream:|priority:0, a62c8bc8-4eaa-4bd0-9412-231650f1b373|rpc:10.1.0.114:39465|dataStream:|priority:0], old=null
2022-10-10 08:34:47,270 [pool-119-thread-1] INFO  server.RaftServer$Division (RaftServerImpl.java:setRole(299)) - 6d0c14da-389e-4e82-8c57-a2981f576192@group-CF406588F1D0: changes role from      null to FOLLOWER at term 0 for startAsFollower
2022-10-10 08:34:47,270 [pool-119-thread-1] INFO  impl.RoleInfo (RoleInfo.java:updateAndGet(139)) - 6d0c14da-389e-4e82-8c57-a2981f576192: start 6d0c14da-389e-4e82-8c57-a2981f576192@group-CF406588F1D0-FollowerState
2022-10-10 08:34:47,273 [pool-119-thread-1] INFO  util.JmxRegister (JmxRegister.java:tryRegister(44)) - Successfully registered JMX Bean with object name Ratis:service=RaftServer,group=group-CF406588F1D0,id=6d0c14da-389e-4e82-8c57-a2981f576192
2022-10-10 08:34:47,336 [Command processor thread] INFO  server.RaftServer (RaftServerProxy.java:addNew(96)) - 6d0c14da-389e-4e82-8c57-a2981f576192: addNew group-B579C050567A:[6d0c14da-389e-4e82-8c57-a2981f576192|rpc:10.1.0.114:32983|priority:1] returns group-B579C050567A:java.util.concurrent.CompletableFuture@4ab353c2[Not completed]
2022-10-10 08:34:47,337 [pool-119-thread-1] INFO  server.RaftServer$Division (RaftServerImpl.java:<init>(190)) - 6d0c14da-389e-4e82-8c57-a2981f576192: new RaftServerImpl for group-B579C050567A:[6d0c14da-389e-4e82-8c57-a2981f576192|rpc:10.1.0.114:32983|priority:1] with ContainerStateMachine:uninitialized
2022-10-10 08:34:47,338 [pool-119-thread-1] INFO  server.RaftServerConfigKeys (ConfUtils.java:logGet(46)) - raft.server.rpc.timeout.min = 5s (custom)
2022-10-10 08:34:47,338 [pool-119-thread-1] INFO  server.RaftServerConfigKeys (ConfUtils.java:logGet(46)) - raft.server.rpc.timeout.max = 5200ms (custom)
2022-10-10 08:34:47,338 [pool-119-thread-1] INFO  server.RaftServerConfigKeys (ConfUtils.java:logGet(46)) - raft.server.rpc.sleep.time = 25ms (default)
2022-10-10 08:34:47,338 [pool-119-thread-1] INFO  server.RaftServerConfigKeys (ConfUtils.java:logGet(46)) - raft.server.rpc.slowness.timeout = 300s (custom)
2022-10-10 08:34:47,338 [pool-119-thread-1] INFO  server.RaftServerConfigKeys (ConfUtils.java:logGet(46)) - raft.server.leaderelection.leader.step-down.wait-time = 10s (default)
2022-10-10 08:34:47,338 [pool-119-thread-1] INFO  server.RaftServerConfigKeys (ConfUtils.java:logGet(46)) - raft.server.sleep.deviation.threshold = 300ms (default)
2022-10-10 08:34:47,338 [pool-119-thread-1] INFO  server.RaftServer$Division (ServerState.java:<init>(107)) - 6d0c14da-389e-4e82-8c57-a2981f576192@group-B579C050567A: ConfigurationManager, init=-1: [6d0c14da-389e-4e82-8c57-a2981f576192|rpc:10.1.0.114:32983|priority:1], old=null, confs=<EMPTY_MAP>
2022-10-10 08:34:47,338 [pool-119-thread-1] INFO  server.RaftServerConfigKeys (ConfUtils.java:logGet(46)) - raft.server.storage.dir = [/home/runner/work/ozone/ozone/hadoop-ozone/integration-test/target/test-dir/MiniOzoneClusterImpl-3d336b07-937f-4edb-b979-ca8ead8aca5d/datanode-2/data/ratis] (custom)
2022-10-10 08:34:47,339 [pool-119-thread-1] INFO  server.RaftServerConfigKeys (ConfUtils.java:logGet(46)) - raft.server.log.corruption.policy = EXCEPTION (default)
2022-10-10 08:34:47,339 [pool-119-thread-1] INFO  server.RaftServerConfigKeys (ConfUtils.java:logGet(46)) - raft.server.storage.free-space.min = 0MB (=0) (default)
2022-10-10 08:34:47,339 [pool-119-thread-1] INFO  storage.RaftStorageDirectory (RaftStorageDirectoryImpl.java:analyzeStorage(135)) - The storage directory /home/runner/work/ozone/ozone/hadoop-ozone/integration-test/target/test-dir/MiniOzoneClusterImpl-3d336b07-937f-4edb-b979-ca8ead8aca5d/datanode-2/data/ratis/956aeab4-77e1-4410-a820-b579c050567a does not exist. Creating ...
2022-10-10 08:34:47,341 [pool-119-thread-1] INFO  storage.RaftStorageDirectory (RaftStorageDirectoryImpl.java:tryLock(230)) - Lock on /home/runner/work/ozone/ozone/hadoop-ozone/integration-test/target/test-dir/MiniOzoneClusterImpl-3d336b07-937f-4edb-b979-ca8ead8aca5d/datanode-2/data/ratis/956aeab4-77e1-4410-a820-b579c050567a/in_use.lock acquired by nodename 13217@fv-az292-843
2022-10-10 08:34:47,345 [pool-119-thread-1] INFO  storage.RaftStorage (RaftStorageImpl.java:format(89)) - Storage directory /home/runner/work/ozone/ozone/hadoop-ozone/integration-test/target/test-dir/MiniOzoneClusterImpl-3d336b07-937f-4edb-b979-ca8ead8aca5d/datanode-2/data/ratis/956aeab4-77e1-4410-a820-b579c050567a has been successfully formatted.
2022-10-10 08:34:47,352 [pool-119-thread-1] INFO  ratis.ContainerStateMachine (ContainerStateMachine.java:loadSnapshot(236)) - group-B579C050567A: The snapshot info is null. Setting the last applied indexto:(t:0, i:~)
2022-10-10 08:34:47,353 [pool-119-thread-1] INFO  server.RaftServerConfigKeys (ConfUtils.java:logGet(46)) - raft.server.notification.no-leader.timeout = 300s (custom)
2022-10-10 08:34:47,353 [pool-119-thread-1] INFO  server.RaftServerConfigKeys (ConfUtils.java:logGet(46)) - raft.server.log.use.memory = false (default)
2022-10-10 08:34:47,353 [pool-119-thread-1] INFO  server.RaftServerConfigKeys (ConfUtils.java:logGet(46)) - raft.server.log.purge.gap = 1000000 (custom)
2022-10-10 08:34:47,354 [pool-119-thread-1] INFO  server.RaftServerConfigKeys (ConfUtils.java:logGet(46)) - raft.server.log.appender.buffer.byte-limit = 33554432 (custom)
2022-10-10 08:34:47,356 [EventQueue-PipelineReportForPipelineReportHandler] INFO  pipeline.PipelineManagerImpl (PipelineManagerImpl.java:openPipeline(367)) - Pipeline Pipeline[ Id: 956aeab4-77e1-4410-a820-b579c050567a, Nodes: 6d0c14da-389e-4e82-8c57-a2981f576192{ip: 10.1.0.114, host: fv-az292-843.tqgtyn10aqxuxoi0mkfbldi5vh.jx.internal.cloudapp.net, ports: [REPLICATION=33215, RATIS=32983, RATIS_ADMIN=32983, RATIS_SERVER=32983, STANDALONE=43851], networkLocation: /default-rack, certSerialId: null, persistedOpState: IN_SERVICE, persistedOpStateExpiryEpochSec: 0}, ReplicationConfig: RATIS/ONE, State:ALLOCATED, leaderId:6d0c14da-389e-4e82-8c57-a2981f576192, CreationTimestamp2022-10-10T08:34:44.341Z[Etc/UTC]] moved to OPEN state
2022-10-10 08:34:47,356 [EventQueue-OpenPipelineForHealthyPipelineSafeModeRule] INFO  safemode.SCMSafeModeManager (HealthyPipelineSafeModeRule.java:process(137)) - SCM in safe mode. Healthy pipelines reported count is 0, required healthy pipeline reported count is 1
2022-10-10 08:34:47,363 [pool-119-thread-1] INFO  server.RaftServerConfigKeys (ConfUtils.java:logGet(46)) - raft.server.log.statemachine.data.read.timeout = 1000ms (default)
2022-10-10 08:34:47,364 [pool-119-thread-1] INFO  server.RaftServerConfigKeys (ConfUtils.java:logGet(46)) - raft.server.log.segment.size.max = 1048576 (custom)
2022-10-10 08:34:47,365 [pool-119-thread-1] INFO  server.RaftServerConfigKeys (ConfUtils.java:logGet(46)) - raft.server.log.segment.cache.num.max = 2 (custom)
2022-10-10 08:34:47,365 [pool-119-thread-1] INFO  server.RaftServerConfigKeys (ConfUtils.java:logGet(46)) - raft.server.log.segment.cache.size.max = 200MB (=209715200) (default)
2022-10-10 08:34:47,365 [pool-119-thread-1] INFO  segmented.SegmentedRaftLogWorker (SegmentedRaftLogWorker.java:<init>(187)) - new 6d0c14da-389e-4e82-8c57-a2981f576192@group-B579C050567A-SegmentedRaftLogWorker for RaftStorageImpl:Storage Directory /home/runner/work/ozone/ozone/hadoop-ozone/integration-test/target/test-dir/MiniOzoneClusterImpl-3d336b07-937f-4edb-b979-ca8ead8aca5d/datanode-2/data/ratis/956aeab4-77e1-4410-a820-b579c050567a
2022-10-10 08:34:47,365 [pool-119-thread-1] INFO  server.RaftServerConfigKeys (ConfUtils.java:logGet(46)) - raft.server.log.queue.byte-limit = 4294967296 (custom)
2022-10-10 08:34:47,365 [pool-119-thread-1] INFO  server.RaftServerConfigKeys (ConfUtils.java:logGet(46)) - raft.server.log.queue.element-limit = 1024 (custom)
2022-10-10 08:34:47,365 [pool-119-thread-1] INFO  server.RaftServerConfigKeys (ConfUtils.java:logGet(46)) - raft.server.log.segment.size.max = 1048576 (custom)
2022-10-10 08:34:47,365 [pool-119-thread-1] INFO  server.RaftServerConfigKeys (ConfUtils.java:logGet(46)) - raft.server.log.preallocated.size = 16384 (custom)
2022-10-10 08:34:47,365 [pool-119-thread-1] INFO  server.RaftServerConfigKeys (ConfUtils.java:logGet(46)) - raft.server.log.force.sync.num = 128 (default)
2022-10-10 08:34:47,365 [pool-119-thread-1] INFO  server.RaftServerConfigKeys (ConfUtils.java:logGet(46)) - raft.server.log.statemachine.data.sync = true (default)
2022-10-10 08:34:47,365 [pool-119-thread-1] INFO  server.RaftServerConfigKeys (ConfUtils.java:logGet(46)) - raft.server.log.statemachine.data.sync.timeout = 10s (default)
2022-10-10 08:34:47,366 [pool-119-thread-1] INFO  server.RaftServerConfigKeys (ConfUtils.java:logGet(46)) - raft.server.log.statemachine.data.sync.timeout.retry = -1 (default)
2022-10-10 08:34:47,377 [pool-119-thread-1] INFO  server.RaftServerConfigKeys (ConfUtils.java:logGet(46)) - raft.server.log.write.buffer.size = 1048576 (custom)
2022-10-10 08:34:47,379 [pool-119-thread-1] INFO  server.RaftServerConfigKeys (ConfUtils.java:logGet(46)) - raft.server.log.unsafe-flush.enabled = false (default)
2022-10-10 08:34:47,379 [pool-119-thread-1] INFO  server.RaftServerConfigKeys (ConfUtils.java:logGet(46)) - raft.server.log.statemachine.data.caching.enabled = true (custom)
2022-10-10 08:34:47,379 [pool-119-thread-1] INFO  segmented.SegmentedRaftLogWorker (SegmentedRaftLogWorker.java:lambda$new$0(135)) - 6d0c14da-389e-4e82-8c57-a2981f576192@group-B579C050567A-SegmentedRaftLogWorker: flushIndex: setUnconditionally 0 -> -1
2022-10-10 08:34:47,379 [pool-119-thread-1] INFO  segmented.SegmentedRaftLogWorker (SegmentedRaftLogWorker.java:lambda$new$0(135)) - 6d0c14da-389e-4e82-8c57-a2981f576192@group-B579C050567A-SegmentedRaftLogWorker: safeCacheEvictIndex: setUnconditionally 0 -> -1
2022-10-10 08:34:47,384 [pool-119-thread-1] INFO  server.RaftServerConfigKeys (ConfUtils.java:logGet(46)) - raft.server.snapshot.auto.trigger.enabled = true (custom)
2022-10-10 08:34:47,384 [pool-119-thread-1] INFO  server.RaftServerConfigKeys (ConfUtils.java:logGet(46)) - raft.server.snapshot.auto.trigger.threshold = 10000 (custom)
2022-10-10 08:34:47,384 [pool-119-thread-1] INFO  server.RaftServerConfigKeys (ConfUtils.java:logGet(46)) - raft.server.snapshot.retention.file.num = 5 (custom)
2022-10-10 08:34:47,384 [pool-119-thread-1] INFO  server.RaftServerConfigKeys (ConfUtils.java:logGet(46)) - raft.server.log.purge.upto.snapshot.index = false (default)
2022-10-10 08:34:47,384 [pool-119-thread-1] INFO  server.RaftServerConfigKeys (ConfUtils.java:logGet(46)) - raft.server.retrycache.expirytime = 600000ms (custom)
2022-10-10 08:34:47,384 [pool-119-thread-1] INFO  server.RaftServerConfigKeys (ConfUtils.java:logGet(46)) - raft.server.retrycache.statistics.expirytime = 100μs (default)
2022-10-10 08:34:47,385 [pool-119-thread-1] INFO  server.RaftServerConfigKeys (ConfUtils.java:logGet(46)) - raft.server.log.appender.install.snapshot.enabled = false (custom)
2022-10-10 08:34:47,386 [pool-119-thread-1] INFO  server.RaftServerConfigKeys (ConfUtils.java:logGet(46)) - raft.server.threadpool.server.cached = true (default)
2022-10-10 08:34:47,386 [pool-119-thread-1] INFO  server.RaftServerConfigKeys (ConfUtils.java:logGet(46)) - raft.server.threadpool.server.size = 0 (default)
2022-10-10 08:34:47,386 [pool-119-thread-1] INFO  server.RaftServerConfigKeys (ConfUtils.java:logGet(46)) - raft.server.threadpool.client.cached = true (default)
2022-10-10 08:34:47,386 [pool-119-thread-1] INFO  server.RaftServerConfigKeys (ConfUtils.java:logGet(46)) - raft.server.threadpool.client.size = 0 (default)
2022-10-10 08:34:47,386 [pool-119-thread-1] INFO  server.RaftServer$Division (RaftServerImpl.java:start(310)) - 6d0c14da-389e-4e82-8c57-a2981f576192@group-B579C050567A: start as a follower, conf=-1: [6d0c14da-389e-4e82-8c57-a2981f576192|rpc:10.1.0.114:32983|priority:1], old=null
2022-10-10 08:34:47,386 [pool-119-thread-1] INFO  server.RaftServer$Division (RaftServerImpl.java:setRole(299)) - 6d0c14da-389e-4e82-8c57-a2981f576192@group-B579C050567A: changes role from      null to FOLLOWER at term 0 for startAsFollower
2022-10-10 08:34:47,386 [pool-119-thread-1] INFO  impl.RoleInfo (RoleInfo.java:updateAndGet(139)) - 6d0c14da-389e-4e82-8c57-a2981f576192: start 6d0c14da-389e-4e82-8c57-a2981f576192@group-B579C050567A-FollowerState
2022-10-10 08:34:47,395 [pool-119-thread-1] INFO  util.JmxRegister (JmxRegister.java:tryRegister(44)) - Successfully registered JMX Bean with object name Ratis:service=RaftServer,group=group-B579C050567A,id=6d0c14da-389e-4e82-8c57-a2981f576192
2022-10-10 08:34:47,410 [Command processor thread] INFO  ratis.XceiverServerRatis (XceiverServerRatis.java:addGroup(765)) - Created group PipelineID=956aeab4-77e1-4410-a820-b579c050567a
2022-10-10 08:34:47,411 [Command processor thread] INFO  commandhandler.CreatePipelineCommandHandler (CreatePipelineCommandHandler.java:handle(113)) - Created Pipeline RATIS ONE PipelineID=956aeab4-77e1-4410-a820-b579c050567a.
2022-10-10 08:34:47,412 [Command processor thread] INFO  server.RaftServer (RaftServerProxy.java:addNew(96)) - 6d0c14da-389e-4e82-8c57-a2981f576192: addNew group-2FBC0BCCCEED:[6d0c14da-389e-4e82-8c57-a2981f576192|rpc:10.1.0.114:32983|priority:0, 3c09ee4b-a7a3-4286-a1c3-18dea5f798e8|rpc:10.1.0.114:38615|priority:1, a62c8bc8-4eaa-4bd0-9412-231650f1b373|rpc:10.1.0.114:39465|priority:0] returns group-2FBC0BCCCEED:java.util.concurrent.CompletableFuture@4474b4e4[Not completed]
2022-10-10 08:34:47,423 [pool-119-thread-1] INFO  server.RaftServer$Division (RaftServerImpl.java:<init>(190)) - 6d0c14da-389e-4e82-8c57-a2981f576192: new RaftServerImpl for group-2FBC0BCCCEED:[6d0c14da-389e-4e82-8c57-a2981f576192|rpc:10.1.0.114:32983|priority:0, 3c09ee4b-a7a3-4286-a1c3-18dea5f798e8|rpc:10.1.0.114:38615|priority:1, a62c8bc8-4eaa-4bd0-9412-231650f1b373|rpc:10.1.0.114:39465|priority:0] with ContainerStateMachine:uninitialized
2022-10-10 08:34:47,424 [pool-119-thread-1] INFO  server.RaftServerConfigKeys (ConfUtils.java:logGet(46)) - raft.server.rpc.timeout.min = 5s (custom)
2022-10-10 08:34:47,424 [pool-119-thread-1] INFO  server.RaftServerConfigKeys (ConfUtils.java:logGet(46)) - raft.server.rpc.timeout.max = 5200ms (custom)
2022-10-10 08:34:47,424 [pool-119-thread-1] INFO  server.RaftServerConfigKeys (ConfUtils.java:logGet(46)) - raft.server.rpc.sleep.time = 25ms (default)
2022-10-10 08:34:47,424 [pool-119-thread-1] INFO  server.RaftServerConfigKeys (ConfUtils.java:logGet(46)) - raft.server.rpc.slowness.timeout = 300s (custom)
2022-10-10 08:34:47,424 [pool-119-thread-1] INFO  server.RaftServerConfigKeys (ConfUtils.java:logGet(46)) - raft.server.leaderelection.leader.step-down.wait-time = 10s (default)
2022-10-10 08:34:47,424 [pool-119-thread-1] INFO  server.RaftServerConfigKeys (ConfUtils.java:logGet(46)) - raft.server.sleep.deviation.threshold = 300ms (default)
2022-10-10 08:34:47,425 [pool-119-thread-1] INFO  server.RaftServer$Division (ServerState.java:<init>(107)) - 6d0c14da-389e-4e82-8c57-a2981f576192@group-2FBC0BCCCEED: ConfigurationManager, init=-1: [6d0c14da-389e-4e82-8c57-a2981f576192|rpc:10.1.0.114:32983|priority:0, 3c09ee4b-a7a3-4286-a1c3-18dea5f798e8|rpc:10.1.0.114:38615|priority:1, a62c8bc8-4eaa-4bd0-9412-231650f1b373|rpc:10.1.0.114:39465|priority:0], old=null, confs=<EMPTY_MAP>
2022-10-10 08:34:47,425 [pool-119-thread-1] INFO  server.RaftServerConfigKeys (ConfUtils.java:logGet(46)) - raft.server.storage.dir = [/home/runner/work/ozone/ozone/hadoop-ozone/integration-test/target/test-dir/MiniOzoneClusterImpl-3d336b07-937f-4edb-b979-ca8ead8aca5d/datanode-2/data/ratis] (custom)
2022-10-10 08:34:47,425 [pool-119-thread-1] INFO  server.RaftServerConfigKeys (ConfUtils.java:logGet(46)) - raft.server.log.corruption.policy = EXCEPTION (default)
2022-10-10 08:34:47,425 [pool-119-thread-1] INFO  server.RaftServerConfigKeys (ConfUtils.java:logGet(46)) - raft.server.storage.free-space.min = 0MB (=0) (default)
2022-10-10 08:34:47,425 [pool-119-thread-1] INFO  storage.RaftStorageDirectory (RaftStorageDirectoryImpl.java:analyzeStorage(135)) - The storage directory /home/runner/work/ozone/ozone/hadoop-ozone/integration-test/target/test-dir/MiniOzoneClusterImpl-3d336b07-937f-4edb-b979-ca8ead8aca5d/datanode-2/data/ratis/f82f5b97-17e3-4dda-ae22-2fbc0bccceed does not exist. Creating ...
2022-10-10 08:34:47,433 [pool-119-thread-1] INFO  storage.RaftStorageDirectory (RaftStorageDirectoryImpl.java:tryLock(230)) - Lock on /home/runner/work/ozone/ozone/hadoop-ozone/integration-test/target/test-dir/MiniOzoneClusterImpl-3d336b07-937f-4edb-b979-ca8ead8aca5d/datanode-2/data/ratis/f82f5b97-17e3-4dda-ae22-2fbc0bccceed/in_use.lock acquired by nodename 13217@fv-az292-843
2022-10-10 08:34:47,436 [pool-119-thread-1] INFO  storage.RaftStorage (RaftStorageImpl.java:format(89)) - Storage directory /home/runner/work/ozone/ozone/hadoop-ozone/integration-test/target/test-dir/MiniOzoneClusterImpl-3d336b07-937f-4edb-b979-ca8ead8aca5d/datanode-2/data/ratis/f82f5b97-17e3-4dda-ae22-2fbc0bccceed has been successfully formatted.
2022-10-10 08:34:47,438 [pool-119-thread-1] INFO  ratis.ContainerStateMachine (ContainerStateMachine.java:loadSnapshot(236)) - group-2FBC0BCCCEED: The snapshot info is null. Setting the last applied indexto:(t:0, i:~)
2022-10-10 08:34:47,438 [pool-119-thread-1] INFO  server.RaftServerConfigKeys (ConfUtils.java:logGet(46)) - raft.server.notification.no-leader.timeout = 300s (custom)
2022-10-10 08:34:47,439 [pool-119-thread-1] INFO  server.RaftServerConfigKeys (ConfUtils.java:logGet(46)) - raft.server.log.use.memory = false (default)
2022-10-10 08:34:47,439 [pool-119-thread-1] INFO  server.RaftServerConfigKeys (ConfUtils.java:logGet(46)) - raft.server.log.purge.gap = 1000000 (custom)
2022-10-10 08:34:47,439 [pool-119-thread-1] INFO  server.RaftServerConfigKeys (ConfUtils.java:logGet(46)) - raft.server.log.appender.buffer.byte-limit = 33554432 (custom)
2022-10-10 08:34:47,439 [pool-119-thread-1] INFO  server.RaftServerConfigKeys (ConfUtils.java:logGet(46)) - raft.server.log.statemachine.data.read.timeout = 1000ms (default)
2022-10-10 08:34:47,439 [pool-119-thread-1] INFO  server.RaftServerConfigKeys (ConfUtils.java:logGet(46)) - raft.server.log.segment.size.max = 1048576 (custom)
2022-10-10 08:34:47,441 [pool-119-thread-1] INFO  server.RaftServerConfigKeys (ConfUtils.java:logGet(46)) - raft.server.log.segment.cache.num.max = 2 (custom)
2022-10-10 08:34:47,441 [pool-119-thread-1] INFO  server.RaftServerConfigKeys (ConfUtils.java:logGet(46)) - raft.server.log.segment.cache.size.max = 200MB (=209715200) (default)
2022-10-10 08:34:47,441 [pool-119-thread-1] INFO  segmented.SegmentedRaftLogWorker (SegmentedRaftLogWorker.java:<init>(187)) - new 6d0c14da-389e-4e82-8c57-a2981f576192@group-2FBC0BCCCEED-SegmentedRaftLogWorker for RaftStorageImpl:Storage Directory /home/runner/work/ozone/ozone/hadoop-ozone/integration-test/target/test-dir/MiniOzoneClusterImpl-3d336b07-937f-4edb-b979-ca8ead8aca5d/datanode-2/data/ratis/f82f5b97-17e3-4dda-ae22-2fbc0bccceed
2022-10-10 08:34:47,441 [pool-119-thread-1] INFO  server.RaftServerConfigKeys (ConfUtils.java:logGet(46)) - raft.server.log.queue.byte-limit = 4294967296 (custom)
2022-10-10 08:34:47,441 [pool-119-thread-1] INFO  server.RaftServerConfigKeys (ConfUtils.java:logGet(46)) - raft.server.log.queue.element-limit = 1024 (custom)
2022-10-10 08:34:47,441 [pool-119-thread-1] INFO  server.RaftServerConfigKeys (ConfUtils.java:logGet(46)) - raft.server.log.segment.size.max = 1048576 (custom)
2022-10-10 08:34:47,441 [pool-119-thread-1] INFO  server.RaftServerConfigKeys (ConfUtils.java:logGet(46)) - raft.server.log.preallocated.size = 16384 (custom)
2022-10-10 08:34:47,441 [pool-119-thread-1] INFO  server.RaftServerConfigKeys (ConfUtils.java:logGet(46)) - raft.server.log.force.sync.num = 128 (default)
2022-10-10 08:34:47,441 [pool-119-thread-1] INFO  server.RaftServerConfigKeys (ConfUtils.java:logGet(46)) - raft.server.log.statemachine.data.sync = true (default)
2022-10-10 08:34:47,441 [pool-119-thread-1] INFO  server.RaftServerConfigKeys (ConfUtils.java:logGet(46)) - raft.server.log.statemachine.data.sync.timeout = 10s (default)
2022-10-10 08:34:47,442 [pool-119-thread-1] INFO  server.RaftServerConfigKeys (ConfUtils.java:logGet(46)) - raft.server.log.statemachine.data.sync.timeout.retry = -1 (default)
2022-10-10 08:34:47,442 [pool-119-thread-1] INFO  server.RaftServerConfigKeys (ConfUtils.java:logGet(46)) - raft.server.log.write.buffer.size = 1048576 (custom)
2022-10-10 08:34:47,443 [pool-119-thread-1] INFO  server.RaftServerConfigKeys (ConfUtils.java:logGet(46)) - raft.server.log.unsafe-flush.enabled = false (default)
2022-10-10 08:34:47,443 [pool-119-thread-1] INFO  server.RaftServerConfigKeys (ConfUtils.java:logGet(46)) - raft.server.log.statemachine.data.caching.enabled = true (custom)
2022-10-10 08:34:47,444 [pool-119-thread-1] INFO  segmented.SegmentedRaftLogWorker (SegmentedRaftLogWorker.java:lambda$new$0(135)) - 6d0c14da-389e-4e82-8c57-a2981f576192@group-2FBC0BCCCEED-SegmentedRaftLogWorker: flushIndex: setUnconditionally 0 -> -1
2022-10-10 08:34:47,454 [pool-119-thread-1] INFO  segmented.SegmentedRaftLogWorker (SegmentedRaftLogWorker.java:lambda$new$0(135)) - 6d0c14da-389e-4e82-8c57-a2981f576192@group-2FBC0BCCCEED-SegmentedRaftLogWorker: safeCacheEvictIndex: setUnconditionally 0 -> -1
2022-10-10 08:34:47,454 [pool-119-thread-1] INFO  server.RaftServerConfigKeys (ConfUtils.java:logGet(46)) - raft.server.snapshot.auto.trigger.enabled = true (custom)
2022-10-10 08:34:47,454 [pool-119-thread-1] INFO  server.RaftServerConfigKeys (ConfUtils.java:logGet(46)) - raft.server.snapshot.auto.trigger.threshold = 10000 (custom)
2022-10-10 08:34:47,446 [EventQueue-OpenPipelineForHealthyPipelineSafeModeRule] INFO  safemode.SCMSafeModeManager (HealthyPipelineSafeModeRule.java:process(137)) - SCM in safe mode. Healthy pipelines reported count is 0, required healthy pipeline reported count is 1
2022-10-10 08:34:47,454 [pool-119-thread-1] INFO  server.RaftServerConfigKeys (ConfUtils.java:logGet(46)) - raft.server.snapshot.retention.file.num = 5 (custom)
2022-10-10 08:34:47,454 [pool-119-thread-1] INFO  server.RaftServerConfigKeys (ConfUtils.java:logGet(46)) - raft.server.log.purge.upto.snapshot.index = false (default)
2022-10-10 08:34:47,472 [pool-119-thread-1] INFO  server.RaftServerConfigKeys (ConfUtils.java:logGet(46)) - raft.server.retrycache.expirytime = 600000ms (custom)
2022-10-10 08:34:47,472 [pool-119-thread-1] INFO  server.RaftServerConfigKeys (ConfUtils.java:logGet(46)) - raft.server.retrycache.statistics.expirytime = 100μs (default)
2022-10-10 08:34:47,475 [pool-119-thread-1] INFO  server.RaftServerConfigKeys (ConfUtils.java:logGet(46)) - raft.server.log.appender.install.snapshot.enabled = false (custom)
2022-10-10 08:34:47,475 [pool-119-thread-1] INFO  server.RaftServerConfigKeys (ConfUtils.java:logGet(46)) - raft.server.threadpool.server.cached = true (default)
2022-10-10 08:34:47,475 [pool-119-thread-1] INFO  server.RaftServerConfigKeys (ConfUtils.java:logGet(46)) - raft.server.threadpool.server.size = 0 (default)
2022-10-10 08:34:47,476 [pool-119-thread-1] INFO  server.RaftServerConfigKeys (ConfUtils.java:logGet(46)) - raft.server.threadpool.client.cached = true (default)
2022-10-10 08:34:47,476 [pool-119-thread-1] INFO  server.RaftServerConfigKeys (ConfUtils.java:logGet(46)) - raft.server.threadpool.client.size = 0 (default)
2022-10-10 08:34:47,476 [pool-119-thread-1] INFO  server.RaftServer$Division (RaftServerImpl.java:start(310)) - 6d0c14da-389e-4e82-8c57-a2981f576192@group-2FBC0BCCCEED: start as a follower, conf=-1: [6d0c14da-389e-4e82-8c57-a2981f576192|rpc:10.1.0.114:32983|priority:0, 3c09ee4b-a7a3-4286-a1c3-18dea5f798e8|rpc:10.1.0.114:38615|priority:1, a62c8bc8-4eaa-4bd0-9412-231650f1b373|rpc:10.1.0.114:39465|priority:0], old=null
2022-10-10 08:34:47,476 [pool-119-thread-1] INFO  server.RaftServer$Division (RaftServerImpl.java:setRole(299)) - 6d0c14da-389e-4e82-8c57-a2981f576192@group-2FBC0BCCCEED: changes role from      null to FOLLOWER at term 0 for startAsFollower
2022-10-10 08:34:47,476 [pool-119-thread-1] INFO  impl.RoleInfo (RoleInfo.java:updateAndGet(139)) - 6d0c14da-389e-4e82-8c57-a2981f576192: start 6d0c14da-389e-4e82-8c57-a2981f576192@group-2FBC0BCCCEED-FollowerState
2022-10-10 08:34:47,480 [pool-119-thread-1] INFO  util.JmxRegister (JmxRegister.java:tryRegister(44)) - Successfully registered JMX Bean with object name Ratis:service=RaftServer,group=group-2FBC0BCCCEED,id=6d0c14da-389e-4e82-8c57-a2981f576192
2022-10-10 08:34:47,484 [Command processor thread] INFO  ratis.XceiverServerRatis (XceiverServerRatis.java:addGroup(765)) - Created group PipelineID=f82f5b97-17e3-4dda-ae22-2fbc0bccceed
2022-10-10 08:34:47,523 [Command processor thread] INFO  commandhandler.CreatePipelineCommandHandler (CreatePipelineCommandHandler.java:handle(113)) - Created Pipeline RATIS THREE PipelineID=e379f949-6609-44ec-ab6f-cf406588f1d0.
2022-10-10 08:34:47,523 [Command processor thread] INFO  server.RaftServer (RaftServerProxy.java:addNew(96)) - a62c8bc8-4eaa-4bd0-9412-231650f1b373: addNew group-2FBC0BCCCEED:[6d0c14da-389e-4e82-8c57-a2981f576192|rpc:10.1.0.114:32983|priority:0, 3c09ee4b-a7a3-4286-a1c3-18dea5f798e8|rpc:10.1.0.114:38615|priority:1, a62c8bc8-4eaa-4bd0-9412-231650f1b373|rpc:10.1.0.114:39465|priority:0] returns group-2FBC0BCCCEED:java.util.concurrent.CompletableFuture@5a8c5c74[Not completed]
2022-10-10 08:34:47,525 [pool-96-thread-1] INFO  server.RaftServer$Division (RaftServerImpl.java:<init>(190)) - a62c8bc8-4eaa-4bd0-9412-231650f1b373: new RaftServerImpl for group-2FBC0BCCCEED:[6d0c14da-389e-4e82-8c57-a2981f576192|rpc:10.1.0.114:32983|priority:0, 3c09ee4b-a7a3-4286-a1c3-18dea5f798e8|rpc:10.1.0.114:38615|priority:1, a62c8bc8-4eaa-4bd0-9412-231650f1b373|rpc:10.1.0.114:39465|priority:0] with ContainerStateMachine:uninitialized
2022-10-10 08:34:47,525 [pool-96-thread-1] INFO  server.RaftServerConfigKeys (ConfUtils.java:logGet(46)) - raft.server.rpc.timeout.min = 5s (custom)
2022-10-10 08:34:47,525 [pool-96-thread-1] INFO  server.RaftServerConfigKeys (ConfUtils.java:logGet(46)) - raft.server.rpc.timeout.max = 5200ms (custom)
2022-10-10 08:34:47,525 [pool-96-thread-1] INFO  server.RaftServerConfigKeys (ConfUtils.java:logGet(46)) - raft.server.rpc.sleep.time = 25ms (default)
2022-10-10 08:34:47,525 [pool-96-thread-1] INFO  server.RaftServerConfigKeys (ConfUtils.java:logGet(46)) - raft.server.rpc.slowness.timeout = 300s (custom)
2022-10-10 08:34:47,525 [pool-96-thread-1] INFO  server.RaftServerConfigKeys (ConfUtils.java:logGet(46)) - raft.server.leaderelection.leader.step-down.wait-time = 10s (default)
2022-10-10 08:34:47,525 [pool-96-thread-1] INFO  server.RaftServerConfigKeys (ConfUtils.java:logGet(46)) - raft.server.sleep.deviation.threshold = 300ms (default)
2022-10-10 08:34:47,526 [pool-96-thread-1] INFO  server.RaftServer$Division (ServerState.java:<init>(107)) - a62c8bc8-4eaa-4bd0-9412-231650f1b373@group-2FBC0BCCCEED: ConfigurationManager, init=-1: [6d0c14da-389e-4e82-8c57-a2981f576192|rpc:10.1.0.114:32983|priority:0, 3c09ee4b-a7a3-4286-a1c3-18dea5f798e8|rpc:10.1.0.114:38615|priority:1, a62c8bc8-4eaa-4bd0-9412-231650f1b373|rpc:10.1.0.114:39465|priority:0], old=null, confs=<EMPTY_MAP>
2022-10-10 08:34:47,526 [pool-96-thread-1] INFO  server.RaftServerConfigKeys (ConfUtils.java:logGet(46)) - raft.server.storage.dir = [/home/runner/work/ozone/ozone/hadoop-ozone/integration-test/target/test-dir/MiniOzoneClusterImpl-3d336b07-937f-4edb-b979-ca8ead8aca5d/datanode-1/data/ratis] (custom)
2022-10-10 08:34:47,526 [pool-96-thread-1] INFO  server.RaftServerConfigKeys (ConfUtils.java:logGet(46)) - raft.server.log.corruption.policy = EXCEPTION (default)
2022-10-10 08:34:47,526 [pool-96-thread-1] INFO  server.RaftServerConfigKeys (ConfUtils.java:logGet(46)) - raft.server.storage.free-space.min = 0MB (=0) (default)
2022-10-10 08:34:47,526 [pool-96-thread-1] INFO  storage.RaftStorageDirectory (RaftStorageDirectoryImpl.java:analyzeStorage(135)) - The storage directory /home/runner/work/ozone/ozone/hadoop-ozone/integration-test/target/test-dir/MiniOzoneClusterImpl-3d336b07-937f-4edb-b979-ca8ead8aca5d/datanode-1/data/ratis/f82f5b97-17e3-4dda-ae22-2fbc0bccceed does not exist. Creating ...
2022-10-10 08:34:47,528 [pool-96-thread-1] INFO  storage.RaftStorageDirectory (RaftStorageDirectoryImpl.java:tryLock(230)) - Lock on /home/runner/work/ozone/ozone/hadoop-ozone/integration-test/target/test-dir/MiniOzoneClusterImpl-3d336b07-937f-4edb-b979-ca8ead8aca5d/datanode-1/data/ratis/f82f5b97-17e3-4dda-ae22-2fbc0bccceed/in_use.lock acquired by nodename 13217@fv-az292-843
2022-10-10 08:34:47,533 [Command processor thread] INFO  commandhandler.CreatePipelineCommandHandler (CreatePipelineCommandHandler.java:handle(113)) - Created Pipeline RATIS THREE PipelineID=e379f949-6609-44ec-ab6f-cf406588f1d0.
2022-10-10 08:34:47,533 [Command processor thread] INFO  server.RaftServer (RaftServerProxy.java:addNew(96)) - 3c09ee4b-a7a3-4286-a1c3-18dea5f798e8: addNew group-2FBC0BCCCEED:[6d0c14da-389e-4e82-8c57-a2981f576192|rpc:10.1.0.114:32983|priority:0, 3c09ee4b-a7a3-4286-a1c3-18dea5f798e8|rpc:10.1.0.114:38615|priority:1, a62c8bc8-4eaa-4bd0-9412-231650f1b373|rpc:10.1.0.114:39465|priority:0] returns group-2FBC0BCCCEED:java.util.concurrent.CompletableFuture@36833685[Not completed]
2022-10-10 08:34:47,534 [pool-96-thread-1] INFO  storage.RaftStorage (RaftStorageImpl.java:format(89)) - Storage directory /home/runner/work/ozone/ozone/hadoop-ozone/integration-test/target/test-dir/MiniOzoneClusterImpl-3d336b07-937f-4edb-b979-ca8ead8aca5d/datanode-1/data/ratis/f82f5b97-17e3-4dda-ae22-2fbc0bccceed has been successfully formatted.
2022-10-10 08:34:47,534 [pool-96-thread-1] INFO  ratis.ContainerStateMachine (ContainerStateMachine.java:loadSnapshot(236)) - group-2FBC0BCCCEED: The snapshot info is null. Setting the last applied indexto:(t:0, i:~)
2022-10-10 08:34:47,534 [pool-96-thread-1] INFO  server.RaftServerConfigKeys (ConfUtils.java:logGet(46)) - raft.server.notification.no-leader.timeout = 300s (custom)
2022-10-10 08:34:47,534 [pool-73-thread-1] INFO  server.RaftServer$Division (RaftServerImpl.java:<init>(190)) - 3c09ee4b-a7a3-4286-a1c3-18dea5f798e8: new RaftServerImpl for group-2FBC0BCCCEED:[6d0c14da-389e-4e82-8c57-a2981f576192|rpc:10.1.0.114:32983|priority:0, 3c09ee4b-a7a3-4286-a1c3-18dea5f798e8|rpc:10.1.0.114:38615|priority:1, a62c8bc8-4eaa-4bd0-9412-231650f1b373|rpc:10.1.0.114:39465|priority:0] with ContainerStateMachine:uninitialized
2022-10-10 08:34:47,535 [pool-73-thread-1] INFO  server.RaftServerConfigKeys (ConfUtils.java:logGet(46)) - raft.server.rpc.timeout.min = 5s (custom)
2022-10-10 08:34:47,535 [pool-73-thread-1] INFO  server.RaftServerConfigKeys (ConfUtils.java:logGet(46)) - raft.server.rpc.timeout.max = 5200ms (custom)
2022-10-10 08:34:47,535 [pool-73-thread-1] INFO  server.RaftServerConfigKeys (ConfUtils.java:logGet(46)) - raft.server.rpc.sleep.time = 25ms (default)
2022-10-10 08:34:47,535 [pool-73-thread-1] INFO  server.RaftServerConfigKeys (ConfUtils.java:logGet(46)) - raft.server.rpc.slowness.timeout = 300s (custom)
2022-10-10 08:34:47,535 [pool-73-thread-1] INFO  server.RaftServerConfigKeys (ConfUtils.java:logGet(46)) - raft.server.leaderelection.leader.step-down.wait-time = 10s (default)
2022-10-10 08:34:47,535 [pool-73-thread-1] INFO  server.RaftServerConfigKeys (ConfUtils.java:logGet(46)) - raft.server.sleep.deviation.threshold = 300ms (default)
2022-10-10 08:34:47,535 [pool-73-thread-1] INFO  server.RaftServer$Division (ServerState.java:<init>(107)) - 3c09ee4b-a7a3-4286-a1c3-18dea5f798e8@group-2FBC0BCCCEED: ConfigurationManager, init=-1: [6d0c14da-389e-4e82-8c57-a2981f576192|rpc:10.1.0.114:32983|priority:0, 3c09ee4b-a7a3-4286-a1c3-18dea5f798e8|rpc:10.1.0.114:38615|priority:1, a62c8bc8-4eaa-4bd0-9412-231650f1b373|rpc:10.1.0.114:39465|priority:0], old=null, confs=<EMPTY_MAP>
2022-10-10 08:34:47,535 [pool-73-thread-1] INFO  server.RaftServerConfigKeys (ConfUtils.java:logGet(46)) - raft.server.storage.dir = [/home/runner/work/ozone/ozone/hadoop-ozone/integration-test/target/test-dir/MiniOzoneClusterImpl-3d336b07-937f-4edb-b979-ca8ead8aca5d/datanode-0/data/ratis] (custom)
2022-10-10 08:34:47,535 [pool-73-thread-1] INFO  server.RaftServerConfigKeys (ConfUtils.java:logGet(46)) - raft.server.log.corruption.policy = EXCEPTION (default)
2022-10-10 08:34:47,536 [pool-73-thread-1] INFO  server.RaftServerConfigKeys (ConfUtils.java:logGet(46)) - raft.server.storage.free-space.min = 0MB (=0) (default)
2022-10-10 08:34:47,536 [pool-73-thread-1] INFO  storage.RaftStorageDirectory (RaftStorageDirectoryImpl.java:analyzeStorage(135)) - The storage directory /home/runner/work/ozone/ozone/hadoop-ozone/integration-test/target/test-dir/MiniOzoneClusterImpl-3d336b07-937f-4edb-b979-ca8ead8aca5d/datanode-0/data/ratis/f82f5b97-17e3-4dda-ae22-2fbc0bccceed does not exist. Creating ...
2022-10-10 08:34:47,534 [pool-96-thread-1] INFO  server.RaftServerConfigKeys (ConfUtils.java:logGet(46)) - raft.server.log.use.memory = false (default)
2022-10-10 08:34:47,545 [EventQueue-OpenPipelineForHealthyPipelineSafeModeRule] INFO  safemode.SCMSafeModeManager (HealthyPipelineSafeModeRule.java:process(137)) - SCM in safe mode. Healthy pipelines reported count is 0, required healthy pipeline reported count is 1
2022-10-10 08:34:47,544 [pool-73-thread-1] INFO  storage.RaftStorageDirectory (RaftStorageDirectoryImpl.java:tryLock(230)) - Lock on /home/runner/work/ozone/ozone/hadoop-ozone/integration-test/target/test-dir/MiniOzoneClusterImpl-3d336b07-937f-4edb-b979-ca8ead8aca5d/datanode-0/data/ratis/f82f5b97-17e3-4dda-ae22-2fbc0bccceed/in_use.lock acquired by nodename 13217@fv-az292-843
2022-10-10 08:34:47,546 [pool-96-thread-1] INFO  server.RaftServerConfigKeys (ConfUtils.java:logGet(46)) - raft.server.log.purge.gap = 1000000 (custom)
2022-10-10 08:34:47,552 [pool-96-thread-1] INFO  server.RaftServerConfigKeys (ConfUtils.java:logGet(46)) - raft.server.log.appender.buffer.byte-limit = 33554432 (custom)
2022-10-10 08:34:47,553 [pool-96-thread-1] INFO  server.RaftServerConfigKeys (ConfUtils.java:logGet(46)) - raft.server.log.statemachine.data.read.timeout = 1000ms (default)
2022-10-10 08:34:47,553 [pool-96-thread-1] INFO  server.RaftServerConfigKeys (ConfUtils.java:logGet(46)) - raft.server.log.segment.size.max = 1048576 (custom)
2022-10-10 08:34:47,553 [pool-96-thread-1] INFO  server.RaftServerConfigKeys (ConfUtils.java:logGet(46)) - raft.server.log.segment.cache.num.max = 2 (custom)
2022-10-10 08:34:47,553 [pool-96-thread-1] INFO  server.RaftServerConfigKeys (ConfUtils.java:logGet(46)) - raft.server.log.segment.cache.size.max = 200MB (=209715200) (default)
2022-10-10 08:34:47,553 [pool-96-thread-1] INFO  segmented.SegmentedRaftLogWorker (SegmentedRaftLogWorker.java:<init>(187)) - new a62c8bc8-4eaa-4bd0-9412-231650f1b373@group-2FBC0BCCCEED-SegmentedRaftLogWorker for RaftStorageImpl:Storage Directory /home/runner/work/ozone/ozone/hadoop-ozone/integration-test/target/test-dir/MiniOzoneClusterImpl-3d336b07-937f-4edb-b979-ca8ead8aca5d/datanode-1/data/ratis/f82f5b97-17e3-4dda-ae22-2fbc0bccceed
2022-10-10 08:34:47,554 [pool-96-thread-1] INFO  server.RaftServerConfigKeys (ConfUtils.java:logGet(46)) - raft.server.log.queue.byte-limit = 4294967296 (custom)
2022-10-10 08:34:47,554 [pool-96-thread-1] INFO  server.RaftServerConfigKeys (ConfUtils.java:logGet(46)) - raft.server.log.queue.element-limit = 1024 (custom)
2022-10-10 08:34:47,554 [pool-96-thread-1] INFO  server.RaftServerConfigKeys (ConfUtils.java:logGet(46)) - raft.server.log.segment.size.max = 1048576 (custom)
2022-10-10 08:34:47,554 [pool-96-thread-1] INFO  server.RaftServerConfigKeys (ConfUtils.java:logGet(46)) - raft.server.log.preallocated.size = 16384 (custom)
2022-10-10 08:34:47,554 [pool-96-thread-1] INFO  server.RaftServerConfigKeys (ConfUtils.java:logGet(46)) - raft.server.log.force.sync.num = 128 (default)
2022-10-10 08:34:47,554 [pool-96-thread-1] INFO  server.RaftServerConfigKeys (ConfUtils.java:logGet(46)) - raft.server.log.statemachine.data.sync = true (default)
2022-10-10 08:34:47,554 [pool-96-thread-1] INFO  server.RaftServerConfigKeys (ConfUtils.java:logGet(46)) - raft.server.log.statemachine.data.sync.timeout = 10s (default)
2022-10-10 08:34:47,554 [pool-73-thread-1] INFO  storage.RaftStorage (RaftStorageImpl.java:format(89)) - Storage directory /home/runner/work/ozone/ozone/hadoop-ozone/integration-test/target/test-dir/MiniOzoneClusterImpl-3d336b07-937f-4edb-b979-ca8ead8aca5d/datanode-0/data/ratis/f82f5b97-17e3-4dda-ae22-2fbc0bccceed has been successfully formatted.
2022-10-10 08:34:47,554 [pool-73-thread-1] INFO  ratis.ContainerStateMachine (ContainerStateMachine.java:loadSnapshot(236)) - group-2FBC0BCCCEED: The snapshot info is null. Setting the last applied indexto:(t:0, i:~)
2022-10-10 08:34:47,555 [pool-73-thread-1] INFO  server.RaftServerConfigKeys (ConfUtils.java:logGet(46)) - raft.server.notification.no-leader.timeout = 300s (custom)
2022-10-10 08:34:47,555 [pool-73-thread-1] INFO  server.RaftServerConfigKeys (ConfUtils.java:logGet(46)) - raft.server.log.use.memory = false (default)
2022-10-10 08:34:47,555 [pool-73-thread-1] INFO  server.RaftServerConfigKeys (ConfUtils.java:logGet(46)) - raft.server.log.purge.gap = 1000000 (custom)
2022-10-10 08:34:47,555 [pool-73-thread-1] INFO  server.RaftServerConfigKeys (ConfUtils.java:logGet(46)) - raft.server.log.appender.buffer.byte-limit = 33554432 (custom)
2022-10-10 08:34:47,555 [pool-73-thread-1] INFO  server.RaftServerConfigKeys (ConfUtils.java:logGet(46)) - raft.server.log.statemachine.data.read.timeout = 1000ms (default)
2022-10-10 08:34:47,554 [pool-96-thread-1] INFO  server.RaftServerConfigKeys (ConfUtils.java:logGet(46)) - raft.server.log.statemachine.data.sync.timeout.retry = -1 (default)
2022-10-10 08:34:47,555 [pool-73-thread-1] INFO  server.RaftServerConfigKeys (ConfUtils.java:logGet(46)) - raft.server.log.segment.size.max = 1048576 (custom)
2022-10-10 08:34:47,558 [EventQueue-OpenPipelineForHealthyPipelineSafeModeRule] INFO  safemode.SCMSafeModeManager (HealthyPipelineSafeModeRule.java:process(137)) - SCM in safe mode. Healthy pipelines reported count is 0, required healthy pipeline reported count is 1
2022-10-10 08:34:47,562 [pool-73-thread-1] INFO  server.RaftServerConfigKeys (ConfUtils.java:logGet(46)) - raft.server.log.segment.cache.num.max = 2 (custom)
2022-10-10 08:34:47,562 [pool-73-thread-1] INFO  server.RaftServerConfigKeys (ConfUtils.java:logGet(46)) - raft.server.log.segment.cache.size.max = 200MB (=209715200) (default)
2022-10-10 08:34:47,563 [pool-73-thread-1] INFO  segmented.SegmentedRaftLogWorker (SegmentedRaftLogWorker.java:<init>(187)) - new 3c09ee4b-a7a3-4286-a1c3-18dea5f798e8@group-2FBC0BCCCEED-SegmentedRaftLogWorker for RaftStorageImpl:Storage Directory /home/runner/work/ozone/ozone/hadoop-ozone/integration-test/target/test-dir/MiniOzoneClusterImpl-3d336b07-937f-4edb-b979-ca8ead8aca5d/datanode-0/data/ratis/f82f5b97-17e3-4dda-ae22-2fbc0bccceed
2022-10-10 08:34:47,563 [pool-73-thread-1] INFO  server.RaftServerConfigKeys (ConfUtils.java:logGet(46)) - raft.server.log.queue.byte-limit = 4294967296 (custom)
2022-10-10 08:34:47,563 [pool-73-thread-1] INFO  server.RaftServerConfigKeys (ConfUtils.java:logGet(46)) - raft.server.log.queue.element-limit = 1024 (custom)
2022-10-10 08:34:47,563 [pool-73-thread-1] INFO  server.RaftServerConfigKeys (ConfUtils.java:logGet(46)) - raft.server.log.segment.size.max = 1048576 (custom)
2022-10-10 08:34:47,563 [pool-73-thread-1] INFO  server.RaftServerConfigKeys (ConfUtils.java:logGet(46)) - raft.server.log.preallocated.size = 16384 (custom)
2022-10-10 08:34:47,563 [pool-73-thread-1] INFO  server.RaftServerConfigKeys (ConfUtils.java:logGet(46)) - raft.server.log.force.sync.num = 128 (default)
2022-10-10 08:34:47,563 [pool-73-thread-1] INFO  server.RaftServerConfigKeys (ConfUtils.java:logGet(46)) - raft.server.log.statemachine.data.sync = true (default)
2022-10-10 08:34:47,563 [pool-73-thread-1] INFO  server.RaftServerConfigKeys (ConfUtils.java:logGet(46)) - raft.server.log.statemachine.data.sync.timeout = 10s (default)
2022-10-10 08:34:47,563 [pool-73-thread-1] INFO  server.RaftServerConfigKeys (ConfUtils.java:logGet(46)) - raft.server.log.statemachine.data.sync.timeout.retry = -1 (default)
2022-10-10 08:34:47,566 [pool-73-thread-1] INFO  server.RaftServerConfigKeys (ConfUtils.java:logGet(46)) - raft.server.log.write.buffer.size = 1048576 (custom)
2022-10-10 08:34:47,567 [pool-73-thread-1] INFO  server.RaftServerConfigKeys (ConfUtils.java:logGet(46)) - raft.server.log.unsafe-flush.enabled = false (default)
2022-10-10 08:34:47,567 [pool-73-thread-1] INFO  server.RaftServerConfigKeys (ConfUtils.java:logGet(46)) - raft.server.log.statemachine.data.caching.enabled = true (custom)
2022-10-10 08:34:47,567 [pool-73-thread-1] INFO  segmented.SegmentedRaftLogWorker (SegmentedRaftLogWorker.java:lambda$new$0(135)) - 3c09ee4b-a7a3-4286-a1c3-18dea5f798e8@group-2FBC0BCCCEED-SegmentedRaftLogWorker: flushIndex: setUnconditionally 0 -> -1
2022-10-10 08:34:47,567 [pool-73-thread-1] INFO  segmented.SegmentedRaftLogWorker (SegmentedRaftLogWorker.java:lambda$new$0(135)) - 3c09ee4b-a7a3-4286-a1c3-18dea5f798e8@group-2FBC0BCCCEED-SegmentedRaftLogWorker: safeCacheEvictIndex: setUnconditionally 0 -> -1
2022-10-10 08:34:47,569 [pool-96-thread-1] INFO  server.RaftServerConfigKeys (ConfUtils.java:logGet(46)) - raft.server.log.write.buffer.size = 1048576 (custom)
2022-10-10 08:34:47,570 [pool-96-thread-1] INFO  server.RaftServerConfigKeys (ConfUtils.java:logGet(46)) - raft.server.log.unsafe-flush.enabled = false (default)
2022-10-10 08:34:47,570 [pool-96-thread-1] INFO  server.RaftServerConfigKeys (ConfUtils.java:logGet(46)) - raft.server.log.statemachine.data.caching.enabled = true (custom)
2022-10-10 08:34:47,570 [pool-96-thread-1] INFO  segmented.SegmentedRaftLogWorker (SegmentedRaftLogWorker.java:lambda$new$0(135)) - a62c8bc8-4eaa-4bd0-9412-231650f1b373@group-2FBC0BCCCEED-SegmentedRaftLogWorker: flushIndex: setUnconditionally 0 -> -1
2022-10-10 08:34:47,570 [pool-96-thread-1] INFO  segmented.SegmentedRaftLogWorker (SegmentedRaftLogWorker.java:lambda$new$0(135)) - a62c8bc8-4eaa-4bd0-9412-231650f1b373@group-2FBC0BCCCEED-SegmentedRaftLogWorker: safeCacheEvictIndex: setUnconditionally 0 -> -1
2022-10-10 08:34:47,571 [pool-73-thread-1] INFO  server.RaftServerConfigKeys (ConfUtils.java:logGet(46)) - raft.server.snapshot.auto.trigger.enabled = true (custom)
2022-10-10 08:34:47,571 [pool-73-thread-1] INFO  server.RaftServerConfigKeys (ConfUtils.java:logGet(46)) - raft.server.snapshot.auto.trigger.threshold = 10000 (custom)
2022-10-10 08:34:47,571 [pool-73-thread-1] INFO  server.RaftServerConfigKeys (ConfUtils.java:logGet(46)) - raft.server.snapshot.retention.file.num = 5 (custom)
2022-10-10 08:34:47,572 [pool-73-thread-1] INFO  server.RaftServerConfigKeys (ConfUtils.java:logGet(46)) - raft.server.log.purge.upto.snapshot.index = false (default)
2022-10-10 08:34:47,572 [pool-73-thread-1] INFO  server.RaftServerConfigKeys (ConfUtils.java:logGet(46)) - raft.server.retrycache.expirytime = 600000ms (custom)
2022-10-10 08:34:47,572 [pool-73-thread-1] INFO  server.RaftServerConfigKeys (ConfUtils.java:logGet(46)) - raft.server.retrycache.statistics.expirytime = 100μs (default)
2022-10-10 08:34:47,573 [pool-73-thread-1] INFO  server.RaftServerConfigKeys (ConfUtils.java:logGet(46)) - raft.server.log.appender.install.snapshot.enabled = false (custom)
2022-10-10 08:34:47,573 [pool-96-thread-1] INFO  server.RaftServerConfigKeys (ConfUtils.java:logGet(46)) - raft.server.snapshot.auto.trigger.enabled = true (custom)
2022-10-10 08:34:47,573 [pool-96-thread-1] INFO  server.RaftServerConfigKeys (ConfUtils.java:logGet(46)) - raft.server.snapshot.auto.trigger.threshold = 10000 (custom)
2022-10-10 08:34:47,573 [pool-96-thread-1] INFO  server.RaftServerConfigKeys (ConfUtils.java:logGet(46)) - raft.server.snapshot.retention.file.num = 5 (custom)
2022-10-10 08:34:47,573 [pool-73-thread-1] INFO  server.RaftServerConfigKeys (ConfUtils.java:logGet(46)) - raft.server.threadpool.server.cached = true (default)
2022-10-10 08:34:47,573 [pool-96-thread-1] INFO  server.RaftServerConfigKeys (ConfUtils.java:logGet(46)) - raft.server.log.purge.upto.snapshot.index = false (default)
2022-10-10 08:34:47,576 [pool-96-thread-1] INFO  server.RaftServerConfigKeys (ConfUtils.java:logGet(46)) - raft.server.retrycache.expirytime = 600000ms (custom)
2022-10-10 08:34:47,576 [pool-96-thread-1] INFO  server.RaftServerConfigKeys (ConfUtils.java:logGet(46)) - raft.server.retrycache.statistics.expirytime = 100μs (default)
2022-10-10 08:34:47,578 [pool-96-thread-1] INFO  server.RaftServerConfigKeys (ConfUtils.java:logGet(46)) - raft.server.log.appender.install.snapshot.enabled = false (custom)
2022-10-10 08:34:47,578 [pool-96-thread-1] INFO  server.RaftServerConfigKeys (ConfUtils.java:logGet(46)) - raft.server.threadpool.server.cached = true (default)
2022-10-10 08:34:47,578 [pool-96-thread-1] INFO  server.RaftServerConfigKeys (ConfUtils.java:logGet(46)) - raft.server.threadpool.server.size = 0 (default)
2022-10-10 08:34:47,578 [pool-96-thread-1] INFO  server.RaftServerConfigKeys (ConfUtils.java:logGet(46)) - raft.server.threadpool.client.cached = true (default)
2022-10-10 08:34:47,578 [pool-96-thread-1] INFO  server.RaftServerConfigKeys (ConfUtils.java:logGet(46)) - raft.server.threadpool.client.size = 0 (default)
2022-10-10 08:34:47,578 [pool-96-thread-1] INFO  server.RaftServer$Division (RaftServerImpl.java:start(310)) - a62c8bc8-4eaa-4bd0-9412-231650f1b373@group-2FBC0BCCCEED: start as a follower, conf=-1: [6d0c14da-389e-4e82-8c57-a2981f576192|rpc:10.1.0.114:32983|priority:0, 3c09ee4b-a7a3-4286-a1c3-18dea5f798e8|rpc:10.1.0.114:38615|priority:1, a62c8bc8-4eaa-4bd0-9412-231650f1b373|rpc:10.1.0.114:39465|priority:0], old=null
2022-10-10 08:34:47,578 [pool-96-thread-1] INFO  server.RaftServer$Division (RaftServerImpl.java:setRole(299)) - a62c8bc8-4eaa-4bd0-9412-231650f1b373@group-2FBC0BCCCEED: changes role from      null to FOLLOWER at term 0 for startAsFollower
2022-10-10 08:34:47,578 [pool-96-thread-1] INFO  impl.RoleInfo (RoleInfo.java:updateAndGet(139)) - a62c8bc8-4eaa-4bd0-9412-231650f1b373: start a62c8bc8-4eaa-4bd0-9412-231650f1b373@group-2FBC0BCCCEED-FollowerState
2022-10-10 08:34:47,578 [pool-73-thread-1] INFO  server.RaftServerConfigKeys (ConfUtils.java:logGet(46)) - raft.server.threadpool.server.size = 0 (default)
2022-10-10 08:34:47,578 [pool-73-thread-1] INFO  server.RaftServerConfigKeys (ConfUtils.java:logGet(46)) - raft.server.threadpool.client.cached = true (default)
2022-10-10 08:34:47,578 [pool-73-thread-1] INFO  server.RaftServerConfigKeys (ConfUtils.java:logGet(46)) - raft.server.threadpool.client.size = 0 (default)
2022-10-10 08:34:47,578 [pool-73-thread-1] INFO  server.RaftServer$Division (RaftServerImpl.java:start(310)) - 3c09ee4b-a7a3-4286-a1c3-18dea5f798e8@group-2FBC0BCCCEED: start as a follower, conf=-1: [6d0c14da-389e-4e82-8c57-a2981f576192|rpc:10.1.0.114:32983|priority:0, 3c09ee4b-a7a3-4286-a1c3-18dea5f798e8|rpc:10.1.0.114:38615|priority:1, a62c8bc8-4eaa-4bd0-9412-231650f1b373|rpc:10.1.0.114:39465|priority:0], old=null
2022-10-10 08:34:47,579 [pool-73-thread-1] INFO  server.RaftServer$Division (RaftServerImpl.java:setRole(299)) - 3c09ee4b-a7a3-4286-a1c3-18dea5f798e8@group-2FBC0BCCCEED: changes role from      null to FOLLOWER at term 0 for startAsFollower
2022-10-10 08:34:47,581 [pool-96-thread-1] INFO  util.JmxRegister (JmxRegister.java:tryRegister(44)) - Successfully registered JMX Bean with object name Ratis:service=RaftServer,group=group-2FBC0BCCCEED,id=a62c8bc8-4eaa-4bd0-9412-231650f1b373
2022-10-10 08:34:47,583 [Command processor thread] INFO  ratis.XceiverServerRatis (XceiverServerRatis.java:addGroup(765)) - Created group PipelineID=f82f5b97-17e3-4dda-ae22-2fbc0bccceed
2022-10-10 08:34:47,590 [pool-73-thread-1] INFO  impl.RoleInfo (RoleInfo.java:updateAndGet(139)) - 3c09ee4b-a7a3-4286-a1c3-18dea5f798e8: start 3c09ee4b-a7a3-4286-a1c3-18dea5f798e8@group-2FBC0BCCCEED-FollowerState
2022-10-10 08:34:47,592 [pool-73-thread-1] INFO  util.JmxRegister (JmxRegister.java:tryRegister(44)) - Successfully registered JMX Bean with object name Ratis:service=RaftServer,group=group-2FBC0BCCCEED,id=3c09ee4b-a7a3-4286-a1c3-18dea5f798e8
2022-10-10 08:34:47,592 [Command processor thread] INFO  ratis.XceiverServerRatis (XceiverServerRatis.java:addGroup(765)) - Created group PipelineID=f82f5b97-17e3-4dda-ae22-2fbc0bccceed
2022-10-10 08:34:47,631 [Command processor thread] INFO  commandhandler.CreatePipelineCommandHandler (CreatePipelineCommandHandler.java:handle(113)) - Created Pipeline RATIS THREE PipelineID=f82f5b97-17e3-4dda-ae22-2fbc0bccceed.
2022-10-10 08:34:47,705 [Command processor thread] INFO  commandhandler.CreatePipelineCommandHandler (CreatePipelineCommandHandler.java:handle(113)) - Created Pipeline RATIS THREE PipelineID=f82f5b97-17e3-4dda-ae22-2fbc0bccceed.
2022-10-10 08:34:47,712 [Command processor thread] INFO  commandhandler.CreatePipelineCommandHandler (CreatePipelineCommandHandler.java:handle(113)) - Created Pipeline RATIS THREE PipelineID=f82f5b97-17e3-4dda-ae22-2fbc0bccceed.
2022-10-10 08:34:47,749 [Command processor thread] INFO  server.RaftServer (RaftServerProxy.java:addNew(96)) - 0107e4a3-a143-43a9-8f78-9a758939e307: addNew group-07A4CFFA639C:[0107e4a3-a143-43a9-8f78-9a758939e307|rpc:10.1.0.114:43253|priority:1] returns group-07A4CFFA639C:java.util.concurrent.CompletableFuture@2f640b4c[Not completed]
2022-10-10 08:34:47,755 [pool-142-thread-1] INFO  server.RaftServer$Division (RaftServerImpl.java:<init>(190)) - 0107e4a3-a143-43a9-8f78-9a758939e307: new RaftServerImpl for group-07A4CFFA639C:[0107e4a3-a143-43a9-8f78-9a758939e307|rpc:10.1.0.114:43253|priority:1] with ContainerStateMachine:uninitialized
2022-10-10 08:34:47,755 [pool-142-thread-1] INFO  server.RaftServerConfigKeys (ConfUtils.java:logGet(46)) - raft.server.rpc.timeout.min = 5s (custom)
2022-10-10 08:34:47,755 [pool-142-thread-1] INFO  server.RaftServerConfigKeys (ConfUtils.java:logGet(46)) - raft.server.rpc.timeout.max = 5200ms (custom)
2022-10-10 08:34:47,755 [pool-142-thread-1] INFO  server.RaftServerConfigKeys (ConfUtils.java:logGet(46)) - raft.server.rpc.sleep.time = 25ms (default)
2022-10-10 08:34:47,755 [pool-142-thread-1] INFO  server.RaftServerConfigKeys (ConfUtils.java:logGet(46)) - raft.server.rpc.slowness.timeout = 300s (custom)
2022-10-10 08:34:47,755 [pool-142-thread-1] INFO  server.RaftServerConfigKeys (ConfUtils.java:logGet(46)) - raft.server.leaderelection.leader.step-down.wait-time = 10s (default)
2022-10-10 08:34:47,755 [pool-142-thread-1] INFO  server.RaftServerConfigKeys (ConfUtils.java:logGet(46)) - raft.server.sleep.deviation.threshold = 300ms (default)
2022-10-10 08:34:47,755 [pool-142-thread-1] INFO  server.RaftServer$Division (ServerState.java:<init>(107)) - 0107e4a3-a143-43a9-8f78-9a758939e307@group-07A4CFFA639C: ConfigurationManager, init=-1: [0107e4a3-a143-43a9-8f78-9a758939e307|rpc:10.1.0.114:43253|priority:1], old=null, confs=<EMPTY_MAP>
2022-10-10 08:34:47,755 [pool-142-thread-1] INFO  server.RaftServerConfigKeys (ConfUtils.java:logGet(46)) - raft.server.storage.dir = [/home/runner/work/ozone/ozone/hadoop-ozone/integration-test/target/test-dir/MiniOzoneClusterImpl-3d336b07-937f-4edb-b979-ca8ead8aca5d/datanode-3/data/ratis] (custom)
2022-10-10 08:34:47,756 [pool-142-thread-1] INFO  server.RaftServerConfigKeys (ConfUtils.java:logGet(46)) - raft.server.log.corruption.policy = EXCEPTION (default)
2022-10-10 08:34:47,756 [pool-142-thread-1] INFO  server.RaftServerConfigKeys (ConfUtils.java:logGet(46)) - raft.server.storage.free-space.min = 0MB (=0) (default)
2022-10-10 08:34:47,756 [pool-142-thread-1] INFO  storage.RaftStorageDirectory (RaftStorageDirectoryImpl.java:analyzeStorage(135)) - The storage directory /home/runner/work/ozone/ozone/hadoop-ozone/integration-test/target/test-dir/MiniOzoneClusterImpl-3d336b07-937f-4edb-b979-ca8ead8aca5d/datanode-3/data/ratis/82e16ab5-f277-4437-b4a8-07a4cffa639c does not exist. Creating ...
2022-10-10 08:34:47,757 [pool-142-thread-1] INFO  storage.RaftStorageDirectory (RaftStorageDirectoryImpl.java:tryLock(230)) - Lock on /home/runner/work/ozone/ozone/hadoop-ozone/integration-test/target/test-dir/MiniOzoneClusterImpl-3d336b07-937f-4edb-b979-ca8ead8aca5d/datanode-3/data/ratis/82e16ab5-f277-4437-b4a8-07a4cffa639c/in_use.lock acquired by nodename 13217@fv-az292-843
2022-10-10 08:34:47,759 [pool-142-thread-1] INFO  storage.RaftStorage (RaftStorageImpl.java:format(89)) - Storage directory /home/runner/work/ozone/ozone/hadoop-ozone/integration-test/target/test-dir/MiniOzoneClusterImpl-3d336b07-937f-4edb-b979-ca8ead8aca5d/datanode-3/data/ratis/82e16ab5-f277-4437-b4a8-07a4cffa639c has been successfully formatted.
2022-10-10 08:34:47,761 [pool-142-thread-1] INFO  ratis.ContainerStateMachine (ContainerStateMachine.java:loadSnapshot(236)) - group-07A4CFFA639C: The snapshot info is null. Setting the last applied indexto:(t:0, i:~)
2022-10-10 08:34:47,761 [pool-142-thread-1] INFO  server.RaftServerConfigKeys (ConfUtils.java:logGet(46)) - raft.server.notification.no-leader.timeout = 300s (custom)
2022-10-10 08:34:47,761 [pool-142-thread-1] INFO  server.RaftServerConfigKeys (ConfUtils.java:logGet(46)) - raft.server.log.use.memory = false (default)
2022-10-10 08:34:47,762 [EventQueue-PipelineReportForPipelineReportHandler] INFO  pipeline.PipelineManagerImpl (PipelineManagerImpl.java:openPipeline(367)) - Pipeline Pipeline[ Id: 82e16ab5-f277-4437-b4a8-07a4cffa639c, Nodes: 0107e4a3-a143-43a9-8f78-9a758939e307{ip: 10.1.0.114, host: fv-az292-843.tqgtyn10aqxuxoi0mkfbldi5vh.jx.internal.cloudapp.net, ports: [REPLICATION=39845, RATIS=43253, RATIS_ADMIN=43253, RATIS_SERVER=43253, STANDALONE=46879], networkLocation: /default-rack, certSerialId: null, persistedOpState: IN_SERVICE, persistedOpStateExpiryEpochSec: 0}, ReplicationConfig: RATIS/ONE, State:ALLOCATED, leaderId:0107e4a3-a143-43a9-8f78-9a758939e307, CreationTimestamp2022-10-10T08:34:44.752Z[Etc/UTC]] moved to OPEN state
2022-10-10 08:34:47,763 [EventQueue-OpenPipelineForHealthyPipelineSafeModeRule] INFO  safemode.SCMSafeModeManager (HealthyPipelineSafeModeRule.java:process(137)) - SCM in safe mode. Healthy pipelines reported count is 0, required healthy pipeline reported count is 1
2022-10-10 08:34:47,763 [pool-142-thread-1] INFO  server.RaftServerConfigKeys (ConfUtils.java:logGet(46)) - raft.server.log.purge.gap = 1000000 (custom)
2022-10-10 08:34:47,763 [pool-142-thread-1] INFO  server.RaftServerConfigKeys (ConfUtils.java:logGet(46)) - raft.server.log.appender.buffer.byte-limit = 33554432 (custom)
2022-10-10 08:34:47,764 [pool-142-thread-1] INFO  server.RaftServerConfigKeys (ConfUtils.java:logGet(46)) - raft.server.log.statemachine.data.read.timeout = 1000ms (default)
2022-10-10 08:34:47,764 [pool-142-thread-1] INFO  server.RaftServerConfigKeys (ConfUtils.java:logGet(46)) - raft.server.log.segment.size.max = 1048576 (custom)
2022-10-10 08:34:47,764 [pool-142-thread-1] INFO  server.RaftServerConfigKeys (ConfUtils.java:logGet(46)) - raft.server.log.segment.cache.num.max = 2 (custom)
2022-10-10 08:34:47,764 [pool-142-thread-1] INFO  server.RaftServerConfigKeys (ConfUtils.java:logGet(46)) - raft.server.log.segment.cache.size.max = 200MB (=209715200) (default)
2022-10-10 08:34:47,765 [pool-142-thread-1] INFO  segmented.SegmentedRaftLogWorker (SegmentedRaftLogWorker.java:<init>(187)) - new 0107e4a3-a143-43a9-8f78-9a758939e307@group-07A4CFFA639C-SegmentedRaftLogWorker for RaftStorageImpl:Storage Directory /home/runner/work/ozone/ozone/hadoop-ozone/integration-test/target/test-dir/MiniOzoneClusterImpl-3d336b07-937f-4edb-b979-ca8ead8aca5d/datanode-3/data/ratis/82e16ab5-f277-4437-b4a8-07a4cffa639c
2022-10-10 08:34:47,765 [pool-142-thread-1] INFO  server.RaftServerConfigKeys (ConfUtils.java:logGet(46)) - raft.server.log.queue.byte-limit = 4294967296 (custom)
2022-10-10 08:34:47,765 [pool-142-thread-1] INFO  server.RaftServerConfigKeys (ConfUtils.java:logGet(46)) - raft.server.log.queue.element-limit = 1024 (custom)
2022-10-10 08:34:47,765 [pool-142-thread-1] INFO  server.RaftServerConfigKeys (ConfUtils.java:logGet(46)) - raft.server.log.segment.size.max = 1048576 (custom)
2022-10-10 08:34:47,765 [pool-142-thread-1] INFO  server.RaftServerConfigKeys (ConfUtils.java:logGet(46)) - raft.server.log.preallocated.size = 16384 (custom)
2022-10-10 08:34:47,765 [pool-142-thread-1] INFO  server.RaftServerConfigKeys (ConfUtils.java:logGet(46)) - raft.server.log.force.sync.num = 128 (default)
2022-10-10 08:34:47,765 [pool-142-thread-1] INFO  server.RaftServerConfigKeys (ConfUtils.java:logGet(46)) - raft.server.log.statemachine.data.sync = true (default)
2022-10-10 08:34:47,765 [pool-142-thread-1] INFO  server.RaftServerConfigKeys (ConfUtils.java:logGet(46)) - raft.server.log.statemachine.data.sync.timeout = 10s (default)
2022-10-10 08:34:47,765 [pool-142-thread-1] INFO  server.RaftServerConfigKeys (ConfUtils.java:logGet(46)) - raft.server.log.statemachine.data.sync.timeout.retry = -1 (default)
2022-10-10 08:34:47,766 [pool-142-thread-1] INFO  server.RaftServerConfigKeys (ConfUtils.java:logGet(46)) - raft.server.log.write.buffer.size = 1048576 (custom)
2022-10-10 08:34:47,767 [pool-142-thread-1] INFO  server.RaftServerConfigKeys (ConfUtils.java:logGet(46)) - raft.server.log.unsafe-flush.enabled = false (default)
2022-10-10 08:34:47,767 [pool-142-thread-1] INFO  server.RaftServerConfigKeys (ConfUtils.java:logGet(46)) - raft.server.log.statemachine.data.caching.enabled = true (custom)
2022-10-10 08:34:47,767 [pool-142-thread-1] INFO  segmented.SegmentedRaftLogWorker (SegmentedRaftLogWorker.java:lambda$new$0(135)) - 0107e4a3-a143-43a9-8f78-9a758939e307@group-07A4CFFA639C-SegmentedRaftLogWorker: flushIndex: setUnconditionally 0 -> -1
2022-10-10 08:34:47,767 [pool-142-thread-1] INFO  segmented.SegmentedRaftLogWorker (SegmentedRaftLogWorker.java:lambda$new$0(135)) - 0107e4a3-a143-43a9-8f78-9a758939e307@group-07A4CFFA639C-SegmentedRaftLogWorker: safeCacheEvictIndex: setUnconditionally 0 -> -1
2022-10-10 08:34:47,768 [pool-142-thread-1] INFO  server.RaftServerConfigKeys (ConfUtils.java:logGet(46)) - raft.server.snapshot.auto.trigger.enabled = true (custom)
2022-10-10 08:34:47,768 [pool-142-thread-1] INFO  server.RaftServerConfigKeys (ConfUtils.java:logGet(46)) - raft.server.snapshot.auto.trigger.threshold = 10000 (custom)
2022-10-10 08:34:47,768 [pool-142-thread-1] INFO  server.RaftServerConfigKeys (ConfUtils.java:logGet(46)) - raft.server.snapshot.retention.file.num = 5 (custom)
2022-10-10 08:34:47,768 [pool-142-thread-1] INFO  server.RaftServerConfigKeys (ConfUtils.java:logGet(46)) - raft.server.log.purge.upto.snapshot.index = false (default)
2022-10-10 08:34:47,768 [pool-142-thread-1] INFO  server.RaftServerConfigKeys (ConfUtils.java:logGet(46)) - raft.server.retrycache.expirytime = 600000ms (custom)
2022-10-10 08:34:47,768 [pool-142-thread-1] INFO  server.RaftServerConfigKeys (ConfUtils.java:logGet(46)) - raft.server.retrycache.statistics.expirytime = 100μs (default)
2022-10-10 08:34:47,772 [pool-142-thread-1] INFO  server.RaftServerConfigKeys (ConfUtils.java:logGet(46)) - raft.server.log.appender.install.snapshot.enabled = false (custom)
2022-10-10 08:34:47,772 [pool-142-thread-1] INFO  server.RaftServerConfigKeys (ConfUtils.java:logGet(46)) - raft.server.threadpool.server.cached = true (default)
2022-10-10 08:34:47,772 [pool-142-thread-1] INFO  server.RaftServerConfigKeys (ConfUtils.java:logGet(46)) - raft.server.threadpool.server.size = 0 (default)
2022-10-10 08:34:47,772 [pool-142-thread-1] INFO  server.RaftServerConfigKeys (ConfUtils.java:logGet(46)) - raft.server.threadpool.client.cached = true (default)
2022-10-10 08:34:47,772 [pool-142-thread-1] INFO  server.RaftServerConfigKeys (ConfUtils.java:logGet(46)) - raft.server.threadpool.client.size = 0 (default)
2022-10-10 08:34:47,772 [pool-142-thread-1] INFO  server.RaftServer$Division (RaftServerImpl.java:start(310)) - 0107e4a3-a143-43a9-8f78-9a758939e307@group-07A4CFFA639C: start as a follower, conf=-1: [0107e4a3-a143-43a9-8f78-9a758939e307|rpc:10.1.0.114:43253|priority:1], old=null
2022-10-10 08:34:47,772 [pool-142-thread-1] INFO  server.RaftServer$Division (RaftServerImpl.java:setRole(299)) - 0107e4a3-a143-43a9-8f78-9a758939e307@group-07A4CFFA639C: changes role from      null to FOLLOWER at term 0 for startAsFollower
2022-10-10 08:34:47,772 [pool-142-thread-1] INFO  impl.RoleInfo (RoleInfo.java:updateAndGet(139)) - 0107e4a3-a143-43a9-8f78-9a758939e307: start 0107e4a3-a143-43a9-8f78-9a758939e307@group-07A4CFFA639C-FollowerState
2022-10-10 08:34:47,773 [pool-142-thread-1] INFO  util.JmxRegister (JmxRegister.java:tryRegister(44)) - Successfully registered JMX Bean with object name Ratis:service=RaftServer,group=group-07A4CFFA639C,id=0107e4a3-a143-43a9-8f78-9a758939e307
2022-10-10 08:34:47,774 [Command processor thread] INFO  ratis.XceiverServerRatis (XceiverServerRatis.java:addGroup(765)) - Created group PipelineID=82e16ab5-f277-4437-b4a8-07a4cffa639c
2022-10-10 08:34:47,774 [Command processor thread] INFO  commandhandler.CreatePipelineCommandHandler (CreatePipelineCommandHandler.java:handle(113)) - Created Pipeline RATIS ONE PipelineID=82e16ab5-f277-4437-b4a8-07a4cffa639c.
2022-10-10 08:34:48,155 [Listener at 127.0.0.1/46487] INFO  ozone.MiniOzoneClusterImpl (MiniOzoneClusterImpl.java:lambda$waitForClusterToBeReady$0(216)) - Nodes are ready. Got 5 of 5 DN Heartbeats.
2022-10-10 08:34:48,156 [Listener at 127.0.0.1/46487] INFO  ozone.MiniOzoneClusterImpl (MiniOzoneClusterImpl.java:lambda$waitForClusterToBeReady$0(219)) - Waiting for cluster to exit safe mode
2022-10-10 08:34:48,156 [Listener at 127.0.0.1/46487] INFO  ozone.MiniOzoneClusterImpl (MiniOzoneClusterImpl.java:lambda$waitForClusterToBeReady$0(221)) - SCM became leader
2022-10-10 08:34:48,181 [Command processor thread] INFO  server.RaftServer (RaftServerProxy.java:addNew(96)) - e12fe51a-b2e5-4197-af5e-5cbb6259f850: addNew group-EDC02AC66B34:[e12fe51a-b2e5-4197-af5e-5cbb6259f850|rpc:10.1.0.114:37107|priority:1] returns group-EDC02AC66B34:java.util.concurrent.CompletableFuture@54f80fbc[Not completed]
2022-10-10 08:34:48,186 [pool-165-thread-1] INFO  server.RaftServer$Division (RaftServerImpl.java:<init>(190)) - e12fe51a-b2e5-4197-af5e-5cbb6259f850: new RaftServerImpl for group-EDC02AC66B34:[e12fe51a-b2e5-4197-af5e-5cbb6259f850|rpc:10.1.0.114:37107|priority:1] with ContainerStateMachine:uninitialized
2022-10-10 08:34:48,186 [pool-165-thread-1] INFO  server.RaftServerConfigKeys (ConfUtils.java:logGet(46)) - raft.server.rpc.timeout.min = 5s (custom)
2022-10-10 08:34:48,186 [pool-165-thread-1] INFO  server.RaftServerConfigKeys (ConfUtils.java:logGet(46)) - raft.server.rpc.timeout.max = 5200ms (custom)
2022-10-10 08:34:48,186 [pool-165-thread-1] INFO  server.RaftServerConfigKeys (ConfUtils.java:logGet(46)) - raft.server.rpc.sleep.time = 25ms (default)
2022-10-10 08:34:48,186 [pool-165-thread-1] INFO  server.RaftServerConfigKeys (ConfUtils.java:logGet(46)) - raft.server.rpc.slowness.timeout = 300s (custom)
2022-10-10 08:34:48,186 [pool-165-thread-1] INFO  server.RaftServerConfigKeys (ConfUtils.java:logGet(46)) - raft.server.leaderelection.leader.step-down.wait-time = 10s (default)
2022-10-10 08:34:48,186 [pool-165-thread-1] INFO  server.RaftServerConfigKeys (ConfUtils.java:logGet(46)) - raft.server.sleep.deviation.threshold = 300ms (default)
2022-10-10 08:34:48,186 [pool-165-thread-1] INFO  server.RaftServer$Division (ServerState.java:<init>(107)) - e12fe51a-b2e5-4197-af5e-5cbb6259f850@group-EDC02AC66B34: ConfigurationManager, init=-1: [e12fe51a-b2e5-4197-af5e-5cbb6259f850|rpc:10.1.0.114:37107|priority:1], old=null, confs=<EMPTY_MAP>
2022-10-10 08:34:48,186 [pool-165-thread-1] INFO  server.RaftServerConfigKeys (ConfUtils.java:logGet(46)) - raft.server.storage.dir = [/home/runner/work/ozone/ozone/hadoop-ozone/integration-test/target/test-dir/MiniOzoneClusterImpl-3d336b07-937f-4edb-b979-ca8ead8aca5d/datanode-4/data/ratis] (custom)
2022-10-10 08:34:48,186 [pool-165-thread-1] INFO  server.RaftServerConfigKeys (ConfUtils.java:logGet(46)) - raft.server.log.corruption.policy = EXCEPTION (default)
2022-10-10 08:34:48,187 [pool-165-thread-1] INFO  server.RaftServerConfigKeys (ConfUtils.java:logGet(46)) - raft.server.storage.free-space.min = 0MB (=0) (default)
2022-10-10 08:34:48,187 [pool-165-thread-1] INFO  storage.RaftStorageDirectory (RaftStorageDirectoryImpl.java:analyzeStorage(135)) - The storage directory /home/runner/work/ozone/ozone/hadoop-ozone/integration-test/target/test-dir/MiniOzoneClusterImpl-3d336b07-937f-4edb-b979-ca8ead8aca5d/datanode-4/data/ratis/971a87b8-ae4a-4ad3-81d3-edc02ac66b34 does not exist. Creating ...
2022-10-10 08:34:48,188 [pool-165-thread-1] INFO  storage.RaftStorageDirectory (RaftStorageDirectoryImpl.java:tryLock(230)) - Lock on /home/runner/work/ozone/ozone/hadoop-ozone/integration-test/target/test-dir/MiniOzoneClusterImpl-3d336b07-937f-4edb-b979-ca8ead8aca5d/datanode-4/data/ratis/971a87b8-ae4a-4ad3-81d3-edc02ac66b34/in_use.lock acquired by nodename 13217@fv-az292-843
2022-10-10 08:34:48,190 [pool-165-thread-1] INFO  storage.RaftStorage (RaftStorageImpl.java:format(89)) - Storage directory /home/runner/work/ozone/ozone/hadoop-ozone/integration-test/target/test-dir/MiniOzoneClusterImpl-3d336b07-937f-4edb-b979-ca8ead8aca5d/datanode-4/data/ratis/971a87b8-ae4a-4ad3-81d3-edc02ac66b34 has been successfully formatted.
2022-10-10 08:34:48,191 [pool-165-thread-1] INFO  ratis.ContainerStateMachine (ContainerStateMachine.java:loadSnapshot(236)) - group-EDC02AC66B34: The snapshot info is null. Setting the last applied indexto:(t:0, i:~)
2022-10-10 08:34:48,191 [pool-165-thread-1] INFO  server.RaftServerConfigKeys (ConfUtils.java:logGet(46)) - raft.server.notification.no-leader.timeout = 300s (custom)
2022-10-10 08:34:48,191 [pool-165-thread-1] INFO  server.RaftServerConfigKeys (ConfUtils.java:logGet(46)) - raft.server.log.use.memory = false (default)
2022-10-10 08:34:48,193 [EventQueue-PipelineReportForPipelineReportHandler] INFO  pipeline.PipelineManagerImpl (PipelineManagerImpl.java:openPipeline(367)) - Pipeline Pipeline[ Id: 971a87b8-ae4a-4ad3-81d3-edc02ac66b34, Nodes: e12fe51a-b2e5-4197-af5e-5cbb6259f850{ip: 10.1.0.114, host: fv-az292-843.tqgtyn10aqxuxoi0mkfbldi5vh.jx.internal.cloudapp.net, ports: [REPLICATION=45545, RATIS=37107, RATIS_ADMIN=37107, RATIS_SERVER=37107, STANDALONE=40245], networkLocation: /default-rack, certSerialId: null, persistedOpState: IN_SERVICE, persistedOpStateExpiryEpochSec: 0}, ReplicationConfig: RATIS/ONE, State:ALLOCATED, leaderId:e12fe51a-b2e5-4197-af5e-5cbb6259f850, CreationTimestamp2022-10-10T08:34:45.184Z[Etc/UTC]] moved to OPEN state
2022-10-10 08:34:48,194 [EventQueue-OpenPipelineForHealthyPipelineSafeModeRule] INFO  safemode.SCMSafeModeManager (HealthyPipelineSafeModeRule.java:process(137)) - SCM in safe mode. Healthy pipelines reported count is 0, required healthy pipeline reported count is 1
2022-10-10 08:34:48,194 [pool-165-thread-1] INFO  server.RaftServerConfigKeys (ConfUtils.java:logGet(46)) - raft.server.log.purge.gap = 1000000 (custom)
2022-10-10 08:34:48,195 [pool-165-thread-1] INFO  server.RaftServerConfigKeys (ConfUtils.java:logGet(46)) - raft.server.log.appender.buffer.byte-limit = 33554432 (custom)
2022-10-10 08:34:48,195 [pool-165-thread-1] INFO  server.RaftServerConfigKeys (ConfUtils.java:logGet(46)) - raft.server.log.statemachine.data.read.timeout = 1000ms (default)
2022-10-10 08:34:48,195 [pool-165-thread-1] INFO  server.RaftServerConfigKeys (ConfUtils.java:logGet(46)) - raft.server.log.segment.size.max = 1048576 (custom)
2022-10-10 08:34:48,196 [pool-165-thread-1] INFO  server.RaftServerConfigKeys (ConfUtils.java:logGet(46)) - raft.server.log.segment.cache.num.max = 2 (custom)
2022-10-10 08:34:48,196 [pool-165-thread-1] INFO  server.RaftServerConfigKeys (ConfUtils.java:logGet(46)) - raft.server.log.segment.cache.size.max = 200MB (=209715200) (default)
2022-10-10 08:34:48,196 [pool-165-thread-1] INFO  segmented.SegmentedRaftLogWorker (SegmentedRaftLogWorker.java:<init>(187)) - new e12fe51a-b2e5-4197-af5e-5cbb6259f850@group-EDC02AC66B34-SegmentedRaftLogWorker for RaftStorageImpl:Storage Directory /home/runner/work/ozone/ozone/hadoop-ozone/integration-test/target/test-dir/MiniOzoneClusterImpl-3d336b07-937f-4edb-b979-ca8ead8aca5d/datanode-4/data/ratis/971a87b8-ae4a-4ad3-81d3-edc02ac66b34
2022-10-10 08:34:48,196 [pool-165-thread-1] INFO  server.RaftServerConfigKeys (ConfUtils.java:logGet(46)) - raft.server.log.queue.byte-limit = 4294967296 (custom)
2022-10-10 08:34:48,196 [pool-165-thread-1] INFO  server.RaftServerConfigKeys (ConfUtils.java:logGet(46)) - raft.server.log.queue.element-limit = 1024 (custom)
2022-10-10 08:34:48,196 [pool-165-thread-1] INFO  server.RaftServerConfigKeys (ConfUtils.java:logGet(46)) - raft.server.log.segment.size.max = 1048576 (custom)
2022-10-10 08:34:48,196 [pool-165-thread-1] INFO  server.RaftServerConfigKeys (ConfUtils.java:logGet(46)) - raft.server.log.preallocated.size = 16384 (custom)
2022-10-10 08:34:48,196 [pool-165-thread-1] INFO  server.RaftServerConfigKeys (ConfUtils.java:logGet(46)) - raft.server.log.force.sync.num = 128 (default)
2022-10-10 08:34:48,196 [pool-165-thread-1] INFO  server.RaftServerConfigKeys (ConfUtils.java:logGet(46)) - raft.server.log.statemachine.data.sync = true (default)
2022-10-10 08:34:48,196 [pool-165-thread-1] INFO  server.RaftServerConfigKeys (ConfUtils.java:logGet(46)) - raft.server.log.statemachine.data.sync.timeout = 10s (default)
2022-10-10 08:34:48,197 [pool-165-thread-1] INFO  server.RaftServerConfigKeys (ConfUtils.java:logGet(46)) - raft.server.log.statemachine.data.sync.timeout.retry = -1 (default)
2022-10-10 08:34:48,198 [pool-165-thread-1] INFO  server.RaftServerConfigKeys (ConfUtils.java:logGet(46)) - raft.server.log.write.buffer.size = 1048576 (custom)
2022-10-10 08:34:48,198 [pool-165-thread-1] INFO  server.RaftServerConfigKeys (ConfUtils.java:logGet(46)) - raft.server.log.unsafe-flush.enabled = false (default)
2022-10-10 08:34:48,198 [pool-165-thread-1] INFO  server.RaftServerConfigKeys (ConfUtils.java:logGet(46)) - raft.server.log.statemachine.data.caching.enabled = true (custom)
2022-10-10 08:34:48,199 [pool-165-thread-1] INFO  segmented.SegmentedRaftLogWorker (SegmentedRaftLogWorker.java:lambda$new$0(135)) - e12fe51a-b2e5-4197-af5e-5cbb6259f850@group-EDC02AC66B34-SegmentedRaftLogWorker: flushIndex: setUnconditionally 0 -> -1
2022-10-10 08:34:48,199 [pool-165-thread-1] INFO  segmented.SegmentedRaftLogWorker (SegmentedRaftLogWorker.java:lambda$new$0(135)) - e12fe51a-b2e5-4197-af5e-5cbb6259f850@group-EDC02AC66B34-SegmentedRaftLogWorker: safeCacheEvictIndex: setUnconditionally 0 -> -1
2022-10-10 08:34:48,199 [pool-165-thread-1] INFO  server.RaftServerConfigKeys (ConfUtils.java:logGet(46)) - raft.server.snapshot.auto.trigger.enabled = true (custom)
2022-10-10 08:34:48,199 [pool-165-thread-1] INFO  server.RaftServerConfigKeys (ConfUtils.java:logGet(46)) - raft.server.snapshot.auto.trigger.threshold = 10000 (custom)
2022-10-10 08:34:48,199 [pool-165-thread-1] INFO  server.RaftServerConfigKeys (ConfUtils.java:logGet(46)) - raft.server.snapshot.retention.file.num = 5 (custom)
2022-10-10 08:34:48,199 [pool-165-thread-1] INFO  server.RaftServerConfigKeys (ConfUtils.java:logGet(46)) - raft.server.log.purge.upto.snapshot.index = false (default)
2022-10-10 08:34:48,199 [pool-165-thread-1] INFO  server.RaftServerConfigKeys (ConfUtils.java:logGet(46)) - raft.server.retrycache.expirytime = 600000ms (custom)
2022-10-10 08:34:48,199 [pool-165-thread-1] INFO  server.RaftServerConfigKeys (ConfUtils.java:logGet(46)) - raft.server.retrycache.statistics.expirytime = 100μs (default)
2022-10-10 08:34:48,201 [pool-165-thread-1] INFO  server.RaftServerConfigKeys (ConfUtils.java:logGet(46)) - raft.server.log.appender.install.snapshot.enabled = false (custom)
2022-10-10 08:34:48,201 [pool-165-thread-1] INFO  server.RaftServerConfigKeys (ConfUtils.java:logGet(46)) - raft.server.threadpool.server.cached = true (default)
2022-10-10 08:34:48,201 [pool-165-thread-1] INFO  server.RaftServerConfigKeys (ConfUtils.java:logGet(46)) - raft.server.threadpool.server.size = 0 (default)
2022-10-10 08:34:48,201 [pool-165-thread-1] INFO  server.RaftServerConfigKeys (ConfUtils.java:logGet(46)) - raft.server.threadpool.client.cached = true (default)
2022-10-10 08:34:48,201 [pool-165-thread-1] INFO  server.RaftServerConfigKeys (ConfUtils.java:logGet(46)) - raft.server.threadpool.client.size = 0 (default)
2022-10-10 08:34:48,201 [pool-165-thread-1] INFO  server.RaftServer$Division (RaftServerImpl.java:start(310)) - e12fe51a-b2e5-4197-af5e-5cbb6259f850@group-EDC02AC66B34: start as a follower, conf=-1: [e12fe51a-b2e5-4197-af5e-5cbb6259f850|rpc:10.1.0.114:37107|priority:1], old=null
2022-10-10 08:34:48,201 [pool-165-thread-1] INFO  server.RaftServer$Division (RaftServerImpl.java:setRole(299)) - e12fe51a-b2e5-4197-af5e-5cbb6259f850@group-EDC02AC66B34: changes role from      null to FOLLOWER at term 0 for startAsFollower
2022-10-10 08:34:48,201 [pool-165-thread-1] INFO  impl.RoleInfo (RoleInfo.java:updateAndGet(139)) - e12fe51a-b2e5-4197-af5e-5cbb6259f850: start e12fe51a-b2e5-4197-af5e-5cbb6259f850@group-EDC02AC66B34-FollowerState
2022-10-10 08:34:48,201 [pool-165-thread-1] INFO  util.JmxRegister (JmxRegister.java:tryRegister(44)) - Successfully registered JMX Bean with object name Ratis:service=RaftServer,group=group-EDC02AC66B34,id=e12fe51a-b2e5-4197-af5e-5cbb6259f850
2022-10-10 08:34:48,202 [Command processor thread] INFO  ratis.XceiverServerRatis (XceiverServerRatis.java:addGroup(765)) - Created group PipelineID=971a87b8-ae4a-4ad3-81d3-edc02ac66b34
2022-10-10 08:34:48,202 [Command processor thread] INFO  commandhandler.CreatePipelineCommandHandler (CreatePipelineCommandHandler.java:handle(113)) - Created Pipeline RATIS ONE PipelineID=971a87b8-ae4a-4ad3-81d3-edc02ac66b34.
2022-10-10 08:34:49,156 [Listener at 127.0.0.1/46487] INFO  ozone.MiniOzoneClusterImpl (MiniOzoneClusterImpl.java:lambda$waitForClusterToBeReady$0(216)) - Nodes are ready. Got 5 of 5 DN Heartbeats.
2022-10-10 08:34:49,157 [Listener at 127.0.0.1/46487] INFO  ozone.MiniOzoneClusterImpl (MiniOzoneClusterImpl.java:lambda$waitForClusterToBeReady$0(219)) - Waiting for cluster to exit safe mode
2022-10-10 08:34:49,157 [Listener at 127.0.0.1/46487] INFO  ozone.MiniOzoneClusterImpl (MiniOzoneClusterImpl.java:lambda$waitForClusterToBeReady$0(221)) - SCM became leader
2022-10-10 08:34:50,157 [Listener at 127.0.0.1/46487] INFO  ozone.MiniOzoneClusterImpl (MiniOzoneClusterImpl.java:lambda$waitForClusterToBeReady$0(216)) - Nodes are ready. Got 5 of 5 DN Heartbeats.
2022-10-10 08:34:50,158 [Listener at 127.0.0.1/46487] INFO  ozone.MiniOzoneClusterImpl (MiniOzoneClusterImpl.java:lambda$waitForClusterToBeReady$0(219)) - Waiting for cluster to exit safe mode
2022-10-10 08:34:50,158 [Listener at 127.0.0.1/46487] INFO  ozone.MiniOzoneClusterImpl (MiniOzoneClusterImpl.java:lambda$waitForClusterToBeReady$0(221)) - SCM became leader
2022-10-10 08:34:51,158 [Listener at 127.0.0.1/46487] INFO  ozone.MiniOzoneClusterImpl (MiniOzoneClusterImpl.java:lambda$waitForClusterToBeReady$0(216)) - Nodes are ready. Got 5 of 5 DN Heartbeats.
2022-10-10 08:34:51,158 [Listener at 127.0.0.1/46487] INFO  ozone.MiniOzoneClusterImpl (MiniOzoneClusterImpl.java:lambda$waitForClusterToBeReady$0(219)) - Waiting for cluster to exit safe mode
2022-10-10 08:34:51,159 [Listener at 127.0.0.1/46487] INFO  ozone.MiniOzoneClusterImpl (MiniOzoneClusterImpl.java:lambda$waitForClusterToBeReady$0(221)) - SCM became leader
2022-10-10 08:34:51,661 [3c09ee4b-a7a3-4286-a1c3-18dea5f798e8@group-DF4EF8A187A1-FollowerState] INFO  impl.FollowerState (FollowerState.java:run(143)) - 3c09ee4b-a7a3-4286-a1c3-18dea5f798e8@group-DF4EF8A187A1-FollowerState: change to CANDIDATE, lastRpcElapsedTime:5198111238ns, electionTimeout:5196ms
2022-10-10 08:34:51,661 [3c09ee4b-a7a3-4286-a1c3-18dea5f798e8@group-DF4EF8A187A1-FollowerState] INFO  impl.RoleInfo (RoleInfo.java:shutdownFollowerState(110)) - 3c09ee4b-a7a3-4286-a1c3-18dea5f798e8: shutdown 3c09ee4b-a7a3-4286-a1c3-18dea5f798e8@group-DF4EF8A187A1-FollowerState
2022-10-10 08:34:51,661 [3c09ee4b-a7a3-4286-a1c3-18dea5f798e8@group-DF4EF8A187A1-FollowerState] INFO  server.RaftServer$Division (RaftServerImpl.java:setRole(299)) - 3c09ee4b-a7a3-4286-a1c3-18dea5f798e8@group-DF4EF8A187A1: changes role from  FOLLOWER to CANDIDATE at term 0 for changeToCandidate
2022-10-10 08:34:51,661 [3c09ee4b-a7a3-4286-a1c3-18dea5f798e8@group-DF4EF8A187A1-FollowerState] INFO  server.RaftServerConfigKeys (ConfUtils.java:logGet(46)) - raft.server.leaderelection.pre-vote = false (custom)
2022-10-10 08:34:51,661 [3c09ee4b-a7a3-4286-a1c3-18dea5f798e8@group-DF4EF8A187A1-FollowerState] INFO  impl.RoleInfo (RoleInfo.java:updateAndGet(139)) - 3c09ee4b-a7a3-4286-a1c3-18dea5f798e8: start 3c09ee4b-a7a3-4286-a1c3-18dea5f798e8@group-DF4EF8A187A1-LeaderElection2
2022-10-10 08:34:51,665 [3c09ee4b-a7a3-4286-a1c3-18dea5f798e8@group-DF4EF8A187A1-LeaderElection2] INFO  impl.LeaderElection (LeaderElection.java:askForVotes(310)) - 3c09ee4b-a7a3-4286-a1c3-18dea5f798e8@group-DF4EF8A187A1-LeaderElection2 ELECTION round 0: submit vote requests at term 1 for -1: [3c09ee4b-a7a3-4286-a1c3-18dea5f798e8|rpc:10.1.0.114:38615|priority:1], old=null
2022-10-10 08:34:51,665 [3c09ee4b-a7a3-4286-a1c3-18dea5f798e8@group-DF4EF8A187A1-LeaderElection2] INFO  impl.LeaderElection (LeaderElection.java:askForVotes(312)) - 3c09ee4b-a7a3-4286-a1c3-18dea5f798e8@group-DF4EF8A187A1-LeaderElection2 ELECTION round 0: result PASSED (term=1)
2022-10-10 08:34:51,665 [3c09ee4b-a7a3-4286-a1c3-18dea5f798e8@group-DF4EF8A187A1-LeaderElection2] INFO  impl.RoleInfo (RoleInfo.java:shutdownLeaderElection(130)) - 3c09ee4b-a7a3-4286-a1c3-18dea5f798e8: shutdown 3c09ee4b-a7a3-4286-a1c3-18dea5f798e8@group-DF4EF8A187A1-LeaderElection2
2022-10-10 08:34:51,665 [3c09ee4b-a7a3-4286-a1c3-18dea5f798e8@group-DF4EF8A187A1-LeaderElection2] INFO  server.RaftServer$Division (RaftServerImpl.java:setRole(299)) - 3c09ee4b-a7a3-4286-a1c3-18dea5f798e8@group-DF4EF8A187A1: changes role from CANDIDATE to LEADER at term 1 for changeToLeader
2022-10-10 08:34:51,666 [3c09ee4b-a7a3-4286-a1c3-18dea5f798e8@group-DF4EF8A187A1-LeaderElection2] INFO  ratis.XceiverServerRatis (XceiverServerRatis.java:handleLeaderChangedNotification(863)) - Leader change notification received for group: group-DF4EF8A187A1 with new leaderId: 3c09ee4b-a7a3-4286-a1c3-18dea5f798e8
2022-10-10 08:34:51,666 [3c09ee4b-a7a3-4286-a1c3-18dea5f798e8@group-DF4EF8A187A1-LeaderElection2] INFO  server.RaftServer$Division (ServerState.java:setLeader(287)) - 3c09ee4b-a7a3-4286-a1c3-18dea5f798e8@group-DF4EF8A187A1: change Leader from null to 3c09ee4b-a7a3-4286-a1c3-18dea5f798e8 at term 1 for becomeLeader, leader elected after 5221ms
2022-10-10 08:34:51,666 [3c09ee4b-a7a3-4286-a1c3-18dea5f798e8@group-DF4EF8A187A1-LeaderElection2] INFO  server.RaftServerConfigKeys (ConfUtils.java:logGet(46)) - raft.server.staging.catchup.gap = 1000 (default)
2022-10-10 08:34:51,666 [3c09ee4b-a7a3-4286-a1c3-18dea5f798e8@group-DF4EF8A187A1-LeaderElection2] INFO  server.RaftServerConfigKeys (ConfUtils.java:logGet(46)) - raft.server.write.element-limit = 1024 (custom)
2022-10-10 08:34:51,668 [3c09ee4b-a7a3-4286-a1c3-18dea5f798e8@group-DF4EF8A187A1-LeaderElection2] INFO  server.RaftServerConfigKeys (ConfUtils.java:logGet(46)) - raft.server.write.byte-limit = 1024 M (=1073741824) (custom)
2022-10-10 08:34:51,668 [3c09ee4b-a7a3-4286-a1c3-18dea5f798e8@group-DF4EF8A187A1-LeaderElection2] INFO  server.RaftServerConfigKeys (ConfUtils.java:logGet(46)) - raft.server.watch.timeout = 180s (custom)
2022-10-10 08:34:51,668 [3c09ee4b-a7a3-4286-a1c3-18dea5f798e8@group-DF4EF8A187A1-LeaderElection2] INFO  server.RaftServerConfigKeys (ConfUtils.java:logGet(46)) - raft.server.watch.timeout.denomination = 1s (default)
2022-10-10 08:34:51,668 [3c09ee4b-a7a3-4286-a1c3-18dea5f798e8@group-DF4EF8A187A1-LeaderElection2] INFO  server.RaftServerConfigKeys (ConfUtils.java:logGet(46)) - raft.server.watch.element-limit = 65536 (default)
2022-10-10 08:34:51,668 [3c09ee4b-a7a3-4286-a1c3-18dea5f798e8@group-DF4EF8A187A1-LeaderElection2] INFO  server.RaftServerConfigKeys (ConfUtils.java:logGet(46)) - raft.server.write.element-limit = 1024 (custom)
2022-10-10 08:34:51,668 [3c09ee4b-a7a3-4286-a1c3-18dea5f798e8@group-DF4EF8A187A1-LeaderElection2] INFO  server.RaftServerConfigKeys (ConfUtils.java:logGet(46)) - raft.server.write.follower.gap.ratio.max = -1.0 (default)
2022-10-10 08:34:51,669 [3c09ee4b-a7a3-4286-a1c3-18dea5f798e8@group-DF4EF8A187A1-LeaderElection2] INFO  impl.RoleInfo (RoleInfo.java:updateAndGet(139)) - 3c09ee4b-a7a3-4286-a1c3-18dea5f798e8: start 3c09ee4b-a7a3-4286-a1c3-18dea5f798e8@group-DF4EF8A187A1-LeaderStateImpl
2022-10-10 08:34:51,669 [3c09ee4b-a7a3-4286-a1c3-18dea5f798e8@group-DF4EF8A187A1-LeaderElection2] INFO  segmented.SegmentedRaftLogWorker (SegmentedRaftLogWorker.java:startLogSegment(425)) - 3c09ee4b-a7a3-4286-a1c3-18dea5f798e8@group-DF4EF8A187A1-SegmentedRaftLogWorker: Starting segment from index:0
2022-10-10 08:34:51,670 [EventQueue-OpenPipelineForHealthyPipelineSafeModeRule] INFO  safemode.SCMSafeModeManager (HealthyPipelineSafeModeRule.java:process(137)) - SCM in safe mode. Healthy pipelines reported count is 0, required healthy pipeline reported count is 1
2022-10-10 08:34:51,671 [3c09ee4b-a7a3-4286-a1c3-18dea5f798e8@group-DF4EF8A187A1-SegmentedRaftLogWorker] INFO  segmented.SegmentedRaftLogWorker (SegmentedRaftLogWorker.java:execute(629)) - 3c09ee4b-a7a3-4286-a1c3-18dea5f798e8@group-DF4EF8A187A1-SegmentedRaftLogWorker: created new log segment /home/runner/work/ozone/ozone/hadoop-ozone/integration-test/target/test-dir/MiniOzoneClusterImpl-3d336b07-937f-4edb-b979-ca8ead8aca5d/datanode-0/data/ratis/a641d9b4-c335-4fc8-8d0c-df4ef8a187a1/current/log_inprogress_0
2022-10-10 08:34:51,673 [3c09ee4b-a7a3-4286-a1c3-18dea5f798e8@group-DF4EF8A187A1-LeaderElection2] INFO  server.RaftServer$Division (ServerState.java:setRaftConf(393)) - 3c09ee4b-a7a3-4286-a1c3-18dea5f798e8@group-DF4EF8A187A1: set configuration 0: [3c09ee4b-a7a3-4286-a1c3-18dea5f798e8|rpc:10.1.0.114:38615|dataStream:|priority:1], old=null
2022-10-10 08:34:51,682 [3c09ee4b-a7a3-4286-a1c3-18dea5f798e8@group-CF406588F1D0-FollowerState] INFO  impl.FollowerState (FollowerState.java:run(143)) - 3c09ee4b-a7a3-4286-a1c3-18dea5f798e8@group-CF406588F1D0-FollowerState: change to CANDIDATE, lastRpcElapsedTime:5164284396ns, electionTimeout:5150ms
2022-10-10 08:34:51,683 [3c09ee4b-a7a3-4286-a1c3-18dea5f798e8@group-CF406588F1D0-FollowerState] INFO  impl.RoleInfo (RoleInfo.java:shutdownFollowerState(110)) - 3c09ee4b-a7a3-4286-a1c3-18dea5f798e8: shutdown 3c09ee4b-a7a3-4286-a1c3-18dea5f798e8@group-CF406588F1D0-FollowerState
2022-10-10 08:34:51,683 [3c09ee4b-a7a3-4286-a1c3-18dea5f798e8@group-CF406588F1D0-FollowerState] INFO  server.RaftServer$Division (RaftServerImpl.java:setRole(299)) - 3c09ee4b-a7a3-4286-a1c3-18dea5f798e8@group-CF406588F1D0: changes role from  FOLLOWER to CANDIDATE at term 0 for changeToCandidate
2022-10-10 08:34:51,683 [3c09ee4b-a7a3-4286-a1c3-18dea5f798e8@group-CF406588F1D0-FollowerState] INFO  server.RaftServerConfigKeys (ConfUtils.java:logGet(46)) - raft.server.leaderelection.pre-vote = false (custom)
2022-10-10 08:34:51,683 [3c09ee4b-a7a3-4286-a1c3-18dea5f798e8@group-CF406588F1D0-FollowerState] INFO  impl.RoleInfo (RoleInfo.java:updateAndGet(139)) - 3c09ee4b-a7a3-4286-a1c3-18dea5f798e8: start 3c09ee4b-a7a3-4286-a1c3-18dea5f798e8@group-CF406588F1D0-LeaderElection3
2022-10-10 08:34:51,687 [3c09ee4b-a7a3-4286-a1c3-18dea5f798e8@group-CF406588F1D0-LeaderElection3] INFO  impl.LeaderElection (LeaderElection.java:askForVotes(310)) - 3c09ee4b-a7a3-4286-a1c3-18dea5f798e8@group-CF406588F1D0-LeaderElection3 ELECTION round 0: submit vote requests at term 1 for -1: [6d0c14da-389e-4e82-8c57-a2981f576192|rpc:10.1.0.114:32983|priority:1, 3c09ee4b-a7a3-4286-a1c3-18dea5f798e8|rpc:10.1.0.114:38615|priority:0, a62c8bc8-4eaa-4bd0-9412-231650f1b373|rpc:10.1.0.114:39465|priority:0], old=null
2022-10-10 08:34:51,715 [grpc-default-executor-0] INFO  server.RaftServer$Division (RaftServerImpl.java:requestVote(1152)) - 6d0c14da-389e-4e82-8c57-a2981f576192@group-CF406588F1D0: receive requestVote(ELECTION, 3c09ee4b-a7a3-4286-a1c3-18dea5f798e8, group-CF406588F1D0, 1, (t:0, i:0))
2022-10-10 08:34:51,718 [grpc-default-executor-0] INFO  impl.VoteContext (VoteContext.java:log(48)) - 6d0c14da-389e-4e82-8c57-a2981f576192@group-CF406588F1D0-FOLLOWER: reject ELECTION from 3c09ee4b-a7a3-4286-a1c3-18dea5f798e8: our priority 1 > candidate's priority 0
2022-10-10 08:34:51,718 [grpc-default-executor-0] INFO  server.RaftServer$Division (RaftServerImpl.java:setRole(299)) - 6d0c14da-389e-4e82-8c57-a2981f576192@group-CF406588F1D0: changes role from  FOLLOWER to FOLLOWER at term 1 for candidate:3c09ee4b-a7a3-4286-a1c3-18dea5f798e8
2022-10-10 08:34:51,718 [grpc-default-executor-0] INFO  impl.RoleInfo (RoleInfo.java:shutdownFollowerState(110)) - 6d0c14da-389e-4e82-8c57-a2981f576192: shutdown 6d0c14da-389e-4e82-8c57-a2981f576192@group-CF406588F1D0-FollowerState
2022-10-10 08:34:51,718 [grpc-default-executor-0] INFO  impl.RoleInfo (RoleInfo.java:updateAndGet(139)) - 6d0c14da-389e-4e82-8c57-a2981f576192: start 6d0c14da-389e-4e82-8c57-a2981f576192@group-CF406588F1D0-FollowerState
2022-10-10 08:34:51,718 [6d0c14da-389e-4e82-8c57-a2981f576192@group-CF406588F1D0-FollowerState] INFO  impl.FollowerState (FollowerState.java:run(152)) - 6d0c14da-389e-4e82-8c57-a2981f576192@group-CF406588F1D0-FollowerState was interrupted
2022-10-10 08:34:51,722 [grpc-default-executor-1] INFO  server.RaftServer$Division (RaftServerImpl.java:requestVote(1152)) - a62c8bc8-4eaa-4bd0-9412-231650f1b373@group-CF406588F1D0: receive requestVote(ELECTION, 3c09ee4b-a7a3-4286-a1c3-18dea5f798e8, group-CF406588F1D0, 1, (t:0, i:0))
2022-10-10 08:34:51,722 [grpc-default-executor-1] INFO  impl.VoteContext (VoteContext.java:log(48)) - a62c8bc8-4eaa-4bd0-9412-231650f1b373@group-CF406588F1D0-FOLLOWER: accept ELECTION from 3c09ee4b-a7a3-4286-a1c3-18dea5f798e8: our priority 0 <= candidate's priority 0
2022-10-10 08:34:51,723 [grpc-default-executor-1] INFO  server.RaftServer$Division (RaftServerImpl.java:setRole(299)) - a62c8bc8-4eaa-4bd0-9412-231650f1b373@group-CF406588F1D0: changes role from  FOLLOWER to FOLLOWER at term 1 for candidate:3c09ee4b-a7a3-4286-a1c3-18dea5f798e8
2022-10-10 08:34:51,723 [grpc-default-executor-1] INFO  impl.RoleInfo (RoleInfo.java:shutdownFollowerState(110)) - a62c8bc8-4eaa-4bd0-9412-231650f1b373: shutdown a62c8bc8-4eaa-4bd0-9412-231650f1b373@group-CF406588F1D0-FollowerState
2022-10-10 08:34:51,723 [grpc-default-executor-1] INFO  impl.RoleInfo (RoleInfo.java:updateAndGet(139)) - a62c8bc8-4eaa-4bd0-9412-231650f1b373: start a62c8bc8-4eaa-4bd0-9412-231650f1b373@group-CF406588F1D0-FollowerState
2022-10-10 08:34:51,723 [a62c8bc8-4eaa-4bd0-9412-231650f1b373@group-CF406588F1D0-FollowerState] INFO  impl.FollowerState (FollowerState.java:run(152)) - a62c8bc8-4eaa-4bd0-9412-231650f1b373@group-CF406588F1D0-FollowerState was interrupted
2022-10-10 08:34:51,734 [grpc-default-executor-1] INFO  server.RaftServer$Division (RaftServerImpl.java:requestVote(1184)) - a62c8bc8-4eaa-4bd0-9412-231650f1b373@group-CF406588F1D0 replies to ELECTION vote request: 3c09ee4b-a7a3-4286-a1c3-18dea5f798e8<-a62c8bc8-4eaa-4bd0-9412-231650f1b373#0:OK-t1. Peer's state: a62c8bc8-4eaa-4bd0-9412-231650f1b373@group-CF406588F1D0:t1, leader=null, voted=3c09ee4b-a7a3-4286-a1c3-18dea5f798e8, raftlog=a62c8bc8-4eaa-4bd0-9412-231650f1b373@group-CF406588F1D0-SegmentedRaftLog:OPENED:c-1, conf=-1: [6d0c14da-389e-4e82-8c57-a2981f576192|rpc:10.1.0.114:32983|priority:1, 3c09ee4b-a7a3-4286-a1c3-18dea5f798e8|rpc:10.1.0.114:38615|priority:0, a62c8bc8-4eaa-4bd0-9412-231650f1b373|rpc:10.1.0.114:39465|priority:0], old=null
2022-10-10 08:34:51,739 [grpc-default-executor-0] INFO  server.RaftServer$Division (RaftServerImpl.java:requestVote(1184)) - 6d0c14da-389e-4e82-8c57-a2981f576192@group-CF406588F1D0 replies to ELECTION vote request: 3c09ee4b-a7a3-4286-a1c3-18dea5f798e8<-6d0c14da-389e-4e82-8c57-a2981f576192#0:FAIL-t1. Peer's state: 6d0c14da-389e-4e82-8c57-a2981f576192@group-CF406588F1D0:t1, leader=null, voted=null, raftlog=6d0c14da-389e-4e82-8c57-a2981f576192@group-CF406588F1D0-SegmentedRaftLog:OPENED:c-1, conf=-1: [6d0c14da-389e-4e82-8c57-a2981f576192|rpc:10.1.0.114:32983|dataStream:|priority:1, 3c09ee4b-a7a3-4286-a1c3-18dea5f798e8|rpc:10.1.0.114:38615|dataStream:|priority:0, a62c8bc8-4eaa-4bd0-9412-231650f1b373|rpc:10.1.0.114:39465|dataStream:|priority:0], old=null
2022-10-10 08:34:51,745 [3c09ee4b-a7a3-4286-a1c3-18dea5f798e8@group-CF406588F1D0-LeaderElection3] INFO  impl.LeaderElection (LeaderElection.java:logAndReturn(90)) - 3c09ee4b-a7a3-4286-a1c3-18dea5f798e8@group-CF406588F1D0-LeaderElection3: ELECTION REJECTED received 2 response(s) and 0 exception(s):
2022-10-10 08:34:51,746 [3c09ee4b-a7a3-4286-a1c3-18dea5f798e8@group-CF406588F1D0-LeaderElection3] INFO  impl.LeaderElection (LeaderElection.java:logAndReturn(94)) -   Response 0: 3c09ee4b-a7a3-4286-a1c3-18dea5f798e8<-6d0c14da-389e-4e82-8c57-a2981f576192#0:FAIL-t1
2022-10-10 08:34:51,746 [3c09ee4b-a7a3-4286-a1c3-18dea5f798e8@group-CF406588F1D0-LeaderElection3] INFO  impl.LeaderElection (LeaderElection.java:logAndReturn(94)) -   Response 1: 3c09ee4b-a7a3-4286-a1c3-18dea5f798e8<-a62c8bc8-4eaa-4bd0-9412-231650f1b373#0:OK-t1
2022-10-10 08:34:51,746 [3c09ee4b-a7a3-4286-a1c3-18dea5f798e8@group-CF406588F1D0-LeaderElection3] INFO  impl.LeaderElection (LeaderElection.java:askForVotes(312)) - 3c09ee4b-a7a3-4286-a1c3-18dea5f798e8@group-CF406588F1D0-LeaderElection3 ELECTION round 0: result REJECTED
2022-10-10 08:34:51,746 [3c09ee4b-a7a3-4286-a1c3-18dea5f798e8@group-CF406588F1D0-LeaderElection3] INFO  server.RaftServer$Division (RaftServerImpl.java:setRole(299)) - 3c09ee4b-a7a3-4286-a1c3-18dea5f798e8@group-CF406588F1D0: changes role from CANDIDATE to FOLLOWER at term 1 for REJECTED
2022-10-10 08:34:51,746 [3c09ee4b-a7a3-4286-a1c3-18dea5f798e8@group-CF406588F1D0-LeaderElection3] INFO  impl.RoleInfo (RoleInfo.java:shutdownLeaderElection(130)) - 3c09ee4b-a7a3-4286-a1c3-18dea5f798e8: shutdown 3c09ee4b-a7a3-4286-a1c3-18dea5f798e8@group-CF406588F1D0-LeaderElection3
2022-10-10 08:34:51,746 [3c09ee4b-a7a3-4286-a1c3-18dea5f798e8@group-CF406588F1D0-LeaderElection3] INFO  impl.RoleInfo (RoleInfo.java:updateAndGet(139)) - 3c09ee4b-a7a3-4286-a1c3-18dea5f798e8: start 3c09ee4b-a7a3-4286-a1c3-18dea5f798e8@group-CF406588F1D0-FollowerState
2022-10-10 08:34:52,159 [Listener at 127.0.0.1/46487] INFO  ozone.MiniOzoneClusterImpl (MiniOzoneClusterImpl.java:lambda$waitForClusterToBeReady$0(216)) - Nodes are ready. Got 5 of 5 DN Heartbeats.
2022-10-10 08:34:52,160 [Listener at 127.0.0.1/46487] INFO  ozone.MiniOzoneClusterImpl (MiniOzoneClusterImpl.java:lambda$waitForClusterToBeReady$0(219)) - Waiting for cluster to exit safe mode
2022-10-10 08:34:52,160 [Listener at 127.0.0.1/46487] INFO  ozone.MiniOzoneClusterImpl (MiniOzoneClusterImpl.java:lambda$waitForClusterToBeReady$0(221)) - SCM became leader
2022-10-10 08:34:52,180 [a62c8bc8-4eaa-4bd0-9412-231650f1b373@group-9723BB0169F0-FollowerState] INFO  impl.FollowerState (FollowerState.java:run(143)) - a62c8bc8-4eaa-4bd0-9412-231650f1b373@group-9723BB0169F0-FollowerState: change to CANDIDATE, lastRpcElapsedTime:5165875200ns, electionTimeout:5159ms
2022-10-10 08:34:52,180 [a62c8bc8-4eaa-4bd0-9412-231650f1b373@group-9723BB0169F0-FollowerState] INFO  impl.RoleInfo (RoleInfo.java:shutdownFollowerState(110)) - a62c8bc8-4eaa-4bd0-9412-231650f1b373: shutdown a62c8bc8-4eaa-4bd0-9412-231650f1b373@group-9723BB0169F0-FollowerState
2022-10-10 08:34:52,181 [a62c8bc8-4eaa-4bd0-9412-231650f1b373@group-9723BB0169F0-FollowerState] INFO  server.RaftServer$Division (RaftServerImpl.java:setRole(299)) - a62c8bc8-4eaa-4bd0-9412-231650f1b373@group-9723BB0169F0: changes role from  FOLLOWER to CANDIDATE at term 0 for changeToCandidate
2022-10-10 08:34:52,181 [a62c8bc8-4eaa-4bd0-9412-231650f1b373@group-9723BB0169F0-FollowerState] INFO  server.RaftServerConfigKeys (ConfUtils.java:logGet(46)) - raft.server.leaderelection.pre-vote = false (custom)
2022-10-10 08:34:52,181 [a62c8bc8-4eaa-4bd0-9412-231650f1b373@group-9723BB0169F0-FollowerState] INFO  impl.RoleInfo (RoleInfo.java:updateAndGet(139)) - a62c8bc8-4eaa-4bd0-9412-231650f1b373: start a62c8bc8-4eaa-4bd0-9412-231650f1b373@group-9723BB0169F0-LeaderElection4
2022-10-10 08:34:52,187 [a62c8bc8-4eaa-4bd0-9412-231650f1b373@group-9723BB0169F0-LeaderElection4] INFO  impl.LeaderElection (LeaderElection.java:askForVotes(310)) - a62c8bc8-4eaa-4bd0-9412-231650f1b373@group-9723BB0169F0-LeaderElection4 ELECTION round 0: submit vote requests at term 1 for -1: [a62c8bc8-4eaa-4bd0-9412-231650f1b373|rpc:10.1.0.114:39465|priority:1], old=null
2022-10-10 08:34:52,187 [a62c8bc8-4eaa-4bd0-9412-231650f1b373@group-9723BB0169F0-LeaderElection4] INFO  impl.LeaderElection (LeaderElection.java:askForVotes(312)) - a62c8bc8-4eaa-4bd0-9412-231650f1b373@group-9723BB0169F0-LeaderElection4 ELECTION round 0: result PASSED (term=1)
2022-10-10 08:34:52,187 [a62c8bc8-4eaa-4bd0-9412-231650f1b373@group-9723BB0169F0-LeaderElection4] INFO  impl.RoleInfo (RoleInfo.java:shutdownLeaderElection(130)) - a62c8bc8-4eaa-4bd0-9412-231650f1b373: shutdown a62c8bc8-4eaa-4bd0-9412-231650f1b373@group-9723BB0169F0-LeaderElection4
2022-10-10 08:34:52,187 [a62c8bc8-4eaa-4bd0-9412-231650f1b373@group-9723BB0169F0-LeaderElection4] INFO  server.RaftServer$Division (RaftServerImpl.java:setRole(299)) - a62c8bc8-4eaa-4bd0-9412-231650f1b373@group-9723BB0169F0: changes role from CANDIDATE to LEADER at term 1 for changeToLeader
2022-10-10 08:34:52,187 [a62c8bc8-4eaa-4bd0-9412-231650f1b373@group-9723BB0169F0-LeaderElection4] INFO  ratis.XceiverServerRatis (XceiverServerRatis.java:handleLeaderChangedNotification(863)) - Leader change notification received for group: group-9723BB0169F0 with new leaderId: a62c8bc8-4eaa-4bd0-9412-231650f1b373
2022-10-10 08:34:52,188 [a62c8bc8-4eaa-4bd0-9412-231650f1b373@group-9723BB0169F0-LeaderElection4] INFO  server.RaftServer$Division (ServerState.java:setLeader(287)) - a62c8bc8-4eaa-4bd0-9412-231650f1b373@group-9723BB0169F0: change Leader from null to a62c8bc8-4eaa-4bd0-9412-231650f1b373 at term 1 for becomeLeader, leader elected after 5194ms
2022-10-10 08:34:52,189 [a62c8bc8-4eaa-4bd0-9412-231650f1b373@group-9723BB0169F0-LeaderElection4] INFO  server.RaftServerConfigKeys (ConfUtils.java:logGet(46)) - raft.server.staging.catchup.gap = 1000 (default)
2022-10-10 08:34:52,189 [a62c8bc8-4eaa-4bd0-9412-231650f1b373@group-9723BB0169F0-LeaderElection4] INFO  server.RaftServerConfigKeys (ConfUtils.java:logGet(46)) - raft.server.write.element-limit = 1024 (custom)
2022-10-10 08:34:52,189 [a62c8bc8-4eaa-4bd0-9412-231650f1b373@group-9723BB0169F0-LeaderElection4] INFO  server.RaftServerConfigKeys (ConfUtils.java:logGet(46)) - raft.server.write.byte-limit = 1024 M (=1073741824) (custom)
2022-10-10 08:34:52,189 [a62c8bc8-4eaa-4bd0-9412-231650f1b373@group-9723BB0169F0-LeaderElection4] INFO  server.RaftServerConfigKeys (ConfUtils.java:logGet(46)) - raft.server.watch.timeout = 180s (custom)
2022-10-10 08:34:52,189 [a62c8bc8-4eaa-4bd0-9412-231650f1b373@group-9723BB0169F0-LeaderElection4] INFO  server.RaftServerConfigKeys (ConfUtils.java:logGet(46)) - raft.server.watch.timeout.denomination = 1s (default)
2022-10-10 08:34:52,189 [a62c8bc8-4eaa-4bd0-9412-231650f1b373@group-9723BB0169F0-LeaderElection4] INFO  server.RaftServerConfigKeys (ConfUtils.java:logGet(46)) - raft.server.watch.element-limit = 65536 (default)
2022-10-10 08:34:52,190 [a62c8bc8-4eaa-4bd0-9412-231650f1b373@group-9723BB0169F0-LeaderElection4] INFO  server.RaftServerConfigKeys (ConfUtils.java:logGet(46)) - raft.server.write.element-limit = 1024 (custom)
2022-10-10 08:34:52,190 [a62c8bc8-4eaa-4bd0-9412-231650f1b373@group-9723BB0169F0-LeaderElection4] INFO  server.RaftServerConfigKeys (ConfUtils.java:logGet(46)) - raft.server.write.follower.gap.ratio.max = -1.0 (default)
2022-10-10 08:34:52,190 [EventQueue-OpenPipelineForHealthyPipelineSafeModeRule] INFO  safemode.SCMSafeModeManager (HealthyPipelineSafeModeRule.java:process(137)) - SCM in safe mode. Healthy pipelines reported count is 0, required healthy pipeline reported count is 1
2022-10-10 08:34:52,190 [a62c8bc8-4eaa-4bd0-9412-231650f1b373@group-9723BB0169F0-LeaderElection4] INFO  impl.RoleInfo (RoleInfo.java:updateAndGet(139)) - a62c8bc8-4eaa-4bd0-9412-231650f1b373: start a62c8bc8-4eaa-4bd0-9412-231650f1b373@group-9723BB0169F0-LeaderStateImpl
2022-10-10 08:34:52,190 [a62c8bc8-4eaa-4bd0-9412-231650f1b373@group-9723BB0169F0-LeaderElection4] INFO  segmented.SegmentedRaftLogWorker (SegmentedRaftLogWorker.java:startLogSegment(425)) - a62c8bc8-4eaa-4bd0-9412-231650f1b373@group-9723BB0169F0-SegmentedRaftLogWorker: Starting segment from index:0
2022-10-10 08:34:52,201 [a62c8bc8-4eaa-4bd0-9412-231650f1b373@group-9723BB0169F0-LeaderElection4] INFO  server.RaftServer$Division (ServerState.java:setRaftConf(393)) - a62c8bc8-4eaa-4bd0-9412-231650f1b373@group-9723BB0169F0: set configuration 0: [a62c8bc8-4eaa-4bd0-9412-231650f1b373|rpc:10.1.0.114:39465|dataStream:|priority:1], old=null
2022-10-10 08:34:52,201 [a62c8bc8-4eaa-4bd0-9412-231650f1b373@group-9723BB0169F0-SegmentedRaftLogWorker] INFO  segmented.SegmentedRaftLogWorker (SegmentedRaftLogWorker.java:execute(629)) - a62c8bc8-4eaa-4bd0-9412-231650f1b373@group-9723BB0169F0-SegmentedRaftLogWorker: created new log segment /home/runner/work/ozone/ozone/hadoop-ozone/integration-test/target/test-dir/MiniOzoneClusterImpl-3d336b07-937f-4edb-b979-ca8ead8aca5d/datanode-1/data/ratis/dc62fe32-faf2-4145-acfb-9723bb0169f0/current/log_inprogress_0
2022-10-10 08:34:52,509 [6d0c14da-389e-4e82-8c57-a2981f576192@group-2FBC0BCCCEED-FollowerState] INFO  impl.FollowerState (FollowerState.java:run(143)) - 6d0c14da-389e-4e82-8c57-a2981f576192@group-2FBC0BCCCEED-FollowerState: change to CANDIDATE, lastRpcElapsedTime:5033171058ns, electionTimeout:5028ms
2022-10-10 08:34:52,510 [6d0c14da-389e-4e82-8c57-a2981f576192@group-2FBC0BCCCEED-FollowerState] INFO  impl.RoleInfo (RoleInfo.java:shutdownFollowerState(110)) - 6d0c14da-389e-4e82-8c57-a2981f576192: shutdown 6d0c14da-389e-4e82-8c57-a2981f576192@group-2FBC0BCCCEED-FollowerState
2022-10-10 08:34:52,510 [6d0c14da-389e-4e82-8c57-a2981f576192@group-2FBC0BCCCEED-FollowerState] INFO  server.RaftServer$Division (RaftServerImpl.java:setRole(299)) - 6d0c14da-389e-4e82-8c57-a2981f576192@group-2FBC0BCCCEED: changes role from  FOLLOWER to CANDIDATE at term 0 for changeToCandidate
2022-10-10 08:34:52,510 [6d0c14da-389e-4e82-8c57-a2981f576192@group-2FBC0BCCCEED-FollowerState] INFO  server.RaftServerConfigKeys (ConfUtils.java:logGet(46)) - raft.server.leaderelection.pre-vote = false (custom)
2022-10-10 08:34:52,510 [6d0c14da-389e-4e82-8c57-a2981f576192@group-2FBC0BCCCEED-FollowerState] INFO  impl.RoleInfo (RoleInfo.java:updateAndGet(139)) - 6d0c14da-389e-4e82-8c57-a2981f576192: start 6d0c14da-389e-4e82-8c57-a2981f576192@group-2FBC0BCCCEED-LeaderElection5
2022-10-10 08:34:52,514 [6d0c14da-389e-4e82-8c57-a2981f576192@group-2FBC0BCCCEED-LeaderElection5] INFO  impl.LeaderElection (LeaderElection.java:askForVotes(310)) - 6d0c14da-389e-4e82-8c57-a2981f576192@group-2FBC0BCCCEED-LeaderElection5 ELECTION round 0: submit vote requests at term 1 for -1: [6d0c14da-389e-4e82-8c57-a2981f576192|rpc:10.1.0.114:32983|priority:0, 3c09ee4b-a7a3-4286-a1c3-18dea5f798e8|rpc:10.1.0.114:38615|priority:1, a62c8bc8-4eaa-4bd0-9412-231650f1b373|rpc:10.1.0.114:39465|priority:0], old=null
2022-10-10 08:34:52,542 [grpc-default-executor-1] INFO  server.RaftServer$Division (RaftServerImpl.java:requestVote(1152)) - 3c09ee4b-a7a3-4286-a1c3-18dea5f798e8@group-2FBC0BCCCEED: receive requestVote(ELECTION, 6d0c14da-389e-4e82-8c57-a2981f576192, group-2FBC0BCCCEED, 1, (t:0, i:0))
2022-10-10 08:34:52,542 [grpc-default-executor-1] INFO  impl.VoteContext (VoteContext.java:log(48)) - 3c09ee4b-a7a3-4286-a1c3-18dea5f798e8@group-2FBC0BCCCEED-FOLLOWER: reject ELECTION from 6d0c14da-389e-4e82-8c57-a2981f576192: our priority 1 > candidate's priority 0
2022-10-10 08:34:52,543 [grpc-default-executor-1] INFO  server.RaftServer$Division (RaftServerImpl.java:setRole(299)) - 3c09ee4b-a7a3-4286-a1c3-18dea5f798e8@group-2FBC0BCCCEED: changes role from  FOLLOWER to FOLLOWER at term 1 for candidate:6d0c14da-389e-4e82-8c57-a2981f576192
2022-10-10 08:34:52,543 [grpc-default-executor-1] INFO  impl.RoleInfo (RoleInfo.java:shutdownFollowerState(110)) - 3c09ee4b-a7a3-4286-a1c3-18dea5f798e8: shutdown 3c09ee4b-a7a3-4286-a1c3-18dea5f798e8@group-2FBC0BCCCEED-FollowerState
2022-10-10 08:34:52,543 [grpc-default-executor-1] INFO  impl.RoleInfo (RoleInfo.java:updateAndGet(139)) - 3c09ee4b-a7a3-4286-a1c3-18dea5f798e8: start 3c09ee4b-a7a3-4286-a1c3-18dea5f798e8@group-2FBC0BCCCEED-FollowerState
2022-10-10 08:34:52,543 [3c09ee4b-a7a3-4286-a1c3-18dea5f798e8@group-2FBC0BCCCEED-FollowerState] INFO  impl.FollowerState (FollowerState.java:run(152)) - 3c09ee4b-a7a3-4286-a1c3-18dea5f798e8@group-2FBC0BCCCEED-FollowerState was interrupted
2022-10-10 08:34:52,546 [grpc-default-executor-1] INFO  server.RaftServer$Division (RaftServerImpl.java:requestVote(1184)) - 3c09ee4b-a7a3-4286-a1c3-18dea5f798e8@group-2FBC0BCCCEED replies to ELECTION vote request: 6d0c14da-389e-4e82-8c57-a2981f576192<-3c09ee4b-a7a3-4286-a1c3-18dea5f798e8#0:FAIL-t1. Peer's state: 3c09ee4b-a7a3-4286-a1c3-18dea5f798e8@group-2FBC0BCCCEED:t1, leader=null, voted=null, raftlog=3c09ee4b-a7a3-4286-a1c3-18dea5f798e8@group-2FBC0BCCCEED-SegmentedRaftLog:OPENED:c-1, conf=-1: [6d0c14da-389e-4e82-8c57-a2981f576192|rpc:10.1.0.114:32983|priority:0, 3c09ee4b-a7a3-4286-a1c3-18dea5f798e8|rpc:10.1.0.114:38615|priority:1, a62c8bc8-4eaa-4bd0-9412-231650f1b373|rpc:10.1.0.114:39465|priority:0], old=null
2022-10-10 08:34:52,548 [6d0c14da-389e-4e82-8c57-a2981f576192@group-2FBC0BCCCEED-LeaderElection5] INFO  impl.LeaderElection (LeaderElection.java:logAndReturn(90)) - 6d0c14da-389e-4e82-8c57-a2981f576192@group-2FBC0BCCCEED-LeaderElection5: ELECTION REJECTED received 1 response(s) and 0 exception(s):
2022-10-10 08:34:52,549 [6d0c14da-389e-4e82-8c57-a2981f576192@group-2FBC0BCCCEED-LeaderElection5] INFO  impl.LeaderElection (LeaderElection.java:logAndReturn(94)) -   Response 0: 6d0c14da-389e-4e82-8c57-a2981f576192<-3c09ee4b-a7a3-4286-a1c3-18dea5f798e8#0:FAIL-t1
2022-10-10 08:34:52,550 [6d0c14da-389e-4e82-8c57-a2981f576192@group-2FBC0BCCCEED-LeaderElection5] INFO  impl.LeaderElection (LeaderElection.java:askForVotes(312)) - 6d0c14da-389e-4e82-8c57-a2981f576192@group-2FBC0BCCCEED-LeaderElection5 ELECTION round 0: result REJECTED
2022-10-10 08:34:52,550 [6d0c14da-389e-4e82-8c57-a2981f576192@group-2FBC0BCCCEED-LeaderElection5] INFO  server.RaftServer$Division (RaftServerImpl.java:setRole(299)) - 6d0c14da-389e-4e82-8c57-a2981f576192@group-2FBC0BCCCEED: changes role from CANDIDATE to FOLLOWER at term 1 for REJECTED
2022-10-10 08:34:52,550 [6d0c14da-389e-4e82-8c57-a2981f576192@group-2FBC0BCCCEED-LeaderElection5] INFO  impl.RoleInfo (RoleInfo.java:shutdownLeaderElection(130)) - 6d0c14da-389e-4e82-8c57-a2981f576192: shutdown 6d0c14da-389e-4e82-8c57-a2981f576192@group-2FBC0BCCCEED-LeaderElection5
2022-10-10 08:34:52,550 [6d0c14da-389e-4e82-8c57-a2981f576192@group-2FBC0BCCCEED-LeaderElection5] INFO  impl.RoleInfo (RoleInfo.java:updateAndGet(139)) - 6d0c14da-389e-4e82-8c57-a2981f576192: start 6d0c14da-389e-4e82-8c57-a2981f576192@group-2FBC0BCCCEED-FollowerState
2022-10-10 08:34:52,553 [6d0c14da-389e-4e82-8c57-a2981f576192@group-B579C050567A-FollowerState] INFO  impl.FollowerState (FollowerState.java:run(143)) - 6d0c14da-389e-4e82-8c57-a2981f576192@group-B579C050567A-FollowerState: change to CANDIDATE, lastRpcElapsedTime:5166569203ns, electionTimeout:5148ms
2022-10-10 08:34:52,556 [6d0c14da-389e-4e82-8c57-a2981f576192@group-B579C050567A-FollowerState] INFO  impl.RoleInfo (RoleInfo.java:shutdownFollowerState(110)) - 6d0c14da-389e-4e82-8c57-a2981f576192: shutdown 6d0c14da-389e-4e82-8c57-a2981f576192@group-B579C050567A-FollowerState
2022-10-10 08:34:52,556 [6d0c14da-389e-4e82-8c57-a2981f576192@group-B579C050567A-FollowerState] INFO  server.RaftServer$Division (RaftServerImpl.java:setRole(299)) - 6d0c14da-389e-4e82-8c57-a2981f576192@group-B579C050567A: changes role from  FOLLOWER to CANDIDATE at term 0 for changeToCandidate
2022-10-10 08:34:52,556 [6d0c14da-389e-4e82-8c57-a2981f576192@group-B579C050567A-FollowerState] INFO  server.RaftServerConfigKeys (ConfUtils.java:logGet(46)) - raft.server.leaderelection.pre-vote = false (custom)
2022-10-10 08:34:52,556 [6d0c14da-389e-4e82-8c57-a2981f576192@group-B579C050567A-FollowerState] INFO  impl.RoleInfo (RoleInfo.java:updateAndGet(139)) - 6d0c14da-389e-4e82-8c57-a2981f576192: start 6d0c14da-389e-4e82-8c57-a2981f576192@group-B579C050567A-LeaderElection6
2022-10-10 08:34:52,564 [6d0c14da-389e-4e82-8c57-a2981f576192@group-B579C050567A-LeaderElection6] INFO  impl.LeaderElection (LeaderElection.java:askForVotes(310)) - 6d0c14da-389e-4e82-8c57-a2981f576192@group-B579C050567A-LeaderElection6 ELECTION round 0: submit vote requests at term 1 for -1: [6d0c14da-389e-4e82-8c57-a2981f576192|rpc:10.1.0.114:32983|priority:1], old=null
2022-10-10 08:34:52,564 [grpc-default-executor-1] INFO  server.RaftServer$Division (RaftServerImpl.java:requestVote(1152)) - a62c8bc8-4eaa-4bd0-9412-231650f1b373@group-2FBC0BCCCEED: receive requestVote(ELECTION, 6d0c14da-389e-4e82-8c57-a2981f576192, group-2FBC0BCCCEED, 1, (t:0, i:0))
2022-10-10 08:34:52,564 [grpc-default-executor-1] INFO  impl.VoteContext (VoteContext.java:log(48)) - a62c8bc8-4eaa-4bd0-9412-231650f1b373@group-2FBC0BCCCEED-FOLLOWER: accept ELECTION from 6d0c14da-389e-4e82-8c57-a2981f576192: our priority 0 <= candidate's priority 0
2022-10-10 08:34:52,564 [grpc-default-executor-1] INFO  server.RaftServer$Division (RaftServerImpl.java:setRole(299)) - a62c8bc8-4eaa-4bd0-9412-231650f1b373@group-2FBC0BCCCEED: changes role from  FOLLOWER to FOLLOWER at term 1 for candidate:6d0c14da-389e-4e82-8c57-a2981f576192
2022-10-10 08:34:52,564 [grpc-default-executor-1] INFO  impl.RoleInfo (RoleInfo.java:shutdownFollowerState(110)) - a62c8bc8-4eaa-4bd0-9412-231650f1b373: shutdown a62c8bc8-4eaa-4bd0-9412-231650f1b373@group-2FBC0BCCCEED-FollowerState
2022-10-10 08:34:52,564 [grpc-default-executor-1] INFO  impl.RoleInfo (RoleInfo.java:updateAndGet(139)) - a62c8bc8-4eaa-4bd0-9412-231650f1b373: start a62c8bc8-4eaa-4bd0-9412-231650f1b373@group-2FBC0BCCCEED-FollowerState
2022-10-10 08:34:52,564 [6d0c14da-389e-4e82-8c57-a2981f576192@group-B579C050567A-LeaderElection6] INFO  impl.LeaderElection (LeaderElection.java:askForVotes(312)) - 6d0c14da-389e-4e82-8c57-a2981f576192@group-B579C050567A-LeaderElection6 ELECTION round 0: result PASSED (term=1)
2022-10-10 08:34:52,564 [a62c8bc8-4eaa-4bd0-9412-231650f1b373@group-2FBC0BCCCEED-FollowerState] INFO  impl.FollowerState (FollowerState.java:run(152)) - a62c8bc8-4eaa-4bd0-9412-231650f1b373@group-2FBC0BCCCEED-FollowerState was interrupted
2022-10-10 08:34:52,565 [6d0c14da-389e-4e82-8c57-a2981f576192@group-B579C050567A-LeaderElection6] INFO  impl.RoleInfo (RoleInfo.java:shutdownLeaderElection(130)) - 6d0c14da-389e-4e82-8c57-a2981f576192: shutdown 6d0c14da-389e-4e82-8c57-a2981f576192@group-B579C050567A-LeaderElection6
2022-10-10 08:34:52,565 [6d0c14da-389e-4e82-8c57-a2981f576192@group-B579C050567A-LeaderElection6] INFO  server.RaftServer$Division (RaftServerImpl.java:setRole(299)) - 6d0c14da-389e-4e82-8c57-a2981f576192@group-B579C050567A: changes role from CANDIDATE to LEADER at term 1 for changeToLeader
2022-10-10 08:34:52,565 [6d0c14da-389e-4e82-8c57-a2981f576192@group-B579C050567A-LeaderElection6] INFO  ratis.XceiverServerRatis (XceiverServerRatis.java:handleLeaderChangedNotification(863)) - Leader change notification received for group: group-B579C050567A with new leaderId: 6d0c14da-389e-4e82-8c57-a2981f576192
2022-10-10 08:34:52,570 [6d0c14da-389e-4e82-8c57-a2981f576192@group-B579C050567A-LeaderElection6] INFO  server.RaftServer$Division (ServerState.java:setLeader(287)) - 6d0c14da-389e-4e82-8c57-a2981f576192@group-B579C050567A: change Leader from null to 6d0c14da-389e-4e82-8c57-a2981f576192 at term 1 for becomeLeader, leader elected after 5211ms
2022-10-10 08:34:52,570 [6d0c14da-389e-4e82-8c57-a2981f576192@group-B579C050567A-LeaderElection6] INFO  server.RaftServerConfigKeys (ConfUtils.java:logGet(46)) - raft.server.staging.catchup.gap = 1000 (default)
2022-10-10 08:34:52,570 [6d0c14da-389e-4e82-8c57-a2981f576192@group-B579C050567A-LeaderElection6] INFO  server.RaftServerConfigKeys (ConfUtils.java:logGet(46)) - raft.server.write.element-limit = 1024 (custom)
2022-10-10 08:34:52,570 [6d0c14da-389e-4e82-8c57-a2981f576192@group-B579C050567A-LeaderElection6] INFO  server.RaftServerConfigKeys (ConfUtils.java:logGet(46)) - raft.server.write.byte-limit = 1024 M (=1073741824) (custom)
2022-10-10 08:34:52,571 [6d0c14da-389e-4e82-8c57-a2981f576192@group-B579C050567A-LeaderElection6] INFO  server.RaftServerConfigKeys (ConfUtils.java:logGet(46)) - raft.server.watch.timeout = 180s (custom)
2022-10-10 08:34:52,571 [6d0c14da-389e-4e82-8c57-a2981f576192@group-B579C050567A-LeaderElection6] INFO  server.RaftServerConfigKeys (ConfUtils.java:logGet(46)) - raft.server.watch.timeout.denomination = 1s (default)
2022-10-10 08:34:52,571 [6d0c14da-389e-4e82-8c57-a2981f576192@group-B579C050567A-LeaderElection6] INFO  server.RaftServerConfigKeys (ConfUtils.java:logGet(46)) - raft.server.watch.element-limit = 65536 (default)
2022-10-10 08:34:52,572 [grpc-default-executor-1] INFO  server.RaftServer$Division (RaftServerImpl.java:requestVote(1184)) - a62c8bc8-4eaa-4bd0-9412-231650f1b373@group-2FBC0BCCCEED replies to ELECTION vote request: 6d0c14da-389e-4e82-8c57-a2981f576192<-a62c8bc8-4eaa-4bd0-9412-231650f1b373#0:OK-t1. Peer's state: a62c8bc8-4eaa-4bd0-9412-231650f1b373@group-2FBC0BCCCEED:t1, leader=null, voted=6d0c14da-389e-4e82-8c57-a2981f576192, raftlog=a62c8bc8-4eaa-4bd0-9412-231650f1b373@group-2FBC0BCCCEED-SegmentedRaftLog:OPENED:c-1, conf=-1: [6d0c14da-389e-4e82-8c57-a2981f576192|rpc:10.1.0.114:32983|priority:0, 3c09ee4b-a7a3-4286-a1c3-18dea5f798e8|rpc:10.1.0.114:38615|priority:1, a62c8bc8-4eaa-4bd0-9412-231650f1b373|rpc:10.1.0.114:39465|priority:0], old=null
2022-10-10 08:34:52,575 [6d0c14da-389e-4e82-8c57-a2981f576192@group-B579C050567A-LeaderElection6] INFO  server.RaftServerConfigKeys (ConfUtils.java:logGet(46)) - raft.server.write.element-limit = 1024 (custom)
2022-10-10 08:34:52,572 [EventQueue-OpenPipelineForHealthyPipelineSafeModeRule] INFO  safemode.SCMSafeModeManager (HealthyPipelineSafeModeRule.java:process(137)) - SCM in safe mode. Healthy pipelines reported count is 0, required healthy pipeline reported count is 1
2022-10-10 08:34:52,575 [6d0c14da-389e-4e82-8c57-a2981f576192@group-B579C050567A-LeaderElection6] INFO  server.RaftServerConfigKeys (ConfUtils.java:logGet(46)) - raft.server.write.follower.gap.ratio.max = -1.0 (default)
2022-10-10 08:34:52,577 [6d0c14da-389e-4e82-8c57-a2981f576192@group-B579C050567A-LeaderElection6] INFO  impl.RoleInfo (RoleInfo.java:updateAndGet(139)) - 6d0c14da-389e-4e82-8c57-a2981f576192: start 6d0c14da-389e-4e82-8c57-a2981f576192@group-B579C050567A-LeaderStateImpl
2022-10-10 08:34:52,577 [6d0c14da-389e-4e82-8c57-a2981f576192@group-B579C050567A-LeaderElection6] INFO  segmented.SegmentedRaftLogWorker (SegmentedRaftLogWorker.java:startLogSegment(425)) - 6d0c14da-389e-4e82-8c57-a2981f576192@group-B579C050567A-SegmentedRaftLogWorker: Starting segment from index:0
2022-10-10 08:34:52,579 [6d0c14da-389e-4e82-8c57-a2981f576192@group-B579C050567A-SegmentedRaftLogWorker] INFO  segmented.SegmentedRaftLogWorker (SegmentedRaftLogWorker.java:execute(629)) - 6d0c14da-389e-4e82-8c57-a2981f576192@group-B579C050567A-SegmentedRaftLogWorker: created new log segment /home/runner/work/ozone/ozone/hadoop-ozone/integration-test/target/test-dir/MiniOzoneClusterImpl-3d336b07-937f-4edb-b979-ca8ead8aca5d/datanode-2/data/ratis/956aeab4-77e1-4410-a820-b579c050567a/current/log_inprogress_0
2022-10-10 08:34:52,588 [6d0c14da-389e-4e82-8c57-a2981f576192@group-B579C050567A-LeaderElection6] INFO  server.RaftServer$Division (ServerState.java:setRaftConf(393)) - 6d0c14da-389e-4e82-8c57-a2981f576192@group-B579C050567A: set configuration 0: [6d0c14da-389e-4e82-8c57-a2981f576192|rpc:10.1.0.114:32983|dataStream:|priority:1], old=null
2022-10-10 08:34:52,913 [0107e4a3-a143-43a9-8f78-9a758939e307@group-07A4CFFA639C-FollowerState] INFO  impl.FollowerState (FollowerState.java:run(143)) - 0107e4a3-a143-43a9-8f78-9a758939e307@group-07A4CFFA639C-FollowerState: change to CANDIDATE, lastRpcElapsedTime:5140138119ns, electionTimeout:5139ms
2022-10-10 08:34:52,913 [0107e4a3-a143-43a9-8f78-9a758939e307@group-07A4CFFA639C-FollowerState] INFO  impl.RoleInfo (RoleInfo.java:shutdownFollowerState(110)) - 0107e4a3-a143-43a9-8f78-9a758939e307: shutdown 0107e4a3-a143-43a9-8f78-9a758939e307@group-07A4CFFA639C-FollowerState
2022-10-10 08:34:52,913 [0107e4a3-a143-43a9-8f78-9a758939e307@group-07A4CFFA639C-FollowerState] INFO  server.RaftServer$Division (RaftServerImpl.java:setRole(299)) - 0107e4a3-a143-43a9-8f78-9a758939e307@group-07A4CFFA639C: changes role from  FOLLOWER to CANDIDATE at term 0 for changeToCandidate
2022-10-10 08:34:52,913 [0107e4a3-a143-43a9-8f78-9a758939e307@group-07A4CFFA639C-FollowerState] INFO  server.RaftServerConfigKeys (ConfUtils.java:logGet(46)) - raft.server.leaderelection.pre-vote = false (custom)
2022-10-10 08:34:52,913 [0107e4a3-a143-43a9-8f78-9a758939e307@group-07A4CFFA639C-FollowerState] INFO  impl.RoleInfo (RoleInfo.java:updateAndGet(139)) - 0107e4a3-a143-43a9-8f78-9a758939e307: start 0107e4a3-a143-43a9-8f78-9a758939e307@group-07A4CFFA639C-LeaderElection7
2022-10-10 08:34:52,918 [0107e4a3-a143-43a9-8f78-9a758939e307@group-07A4CFFA639C-LeaderElection7] INFO  impl.LeaderElection (LeaderElection.java:askForVotes(310)) - 0107e4a3-a143-43a9-8f78-9a758939e307@group-07A4CFFA639C-LeaderElection7 ELECTION round 0: submit vote requests at term 1 for -1: [0107e4a3-a143-43a9-8f78-9a758939e307|rpc:10.1.0.114:43253|priority:1], old=null
2022-10-10 08:34:52,918 [0107e4a3-a143-43a9-8f78-9a758939e307@group-07A4CFFA639C-LeaderElection7] INFO  impl.LeaderElection (LeaderElection.java:askForVotes(312)) - 0107e4a3-a143-43a9-8f78-9a758939e307@group-07A4CFFA639C-LeaderElection7 ELECTION round 0: result PASSED (term=1)
2022-10-10 08:34:52,918 [0107e4a3-a143-43a9-8f78-9a758939e307@group-07A4CFFA639C-LeaderElection7] INFO  impl.RoleInfo (RoleInfo.java:shutdownLeaderElection(130)) - 0107e4a3-a143-43a9-8f78-9a758939e307: shutdown 0107e4a3-a143-43a9-8f78-9a758939e307@group-07A4CFFA639C-LeaderElection7
2022-10-10 08:34:52,919 [0107e4a3-a143-43a9-8f78-9a758939e307@group-07A4CFFA639C-LeaderElection7] INFO  server.RaftServer$Division (RaftServerImpl.java:setRole(299)) - 0107e4a3-a143-43a9-8f78-9a758939e307@group-07A4CFFA639C: changes role from CANDIDATE to LEADER at term 1 for changeToLeader
2022-10-10 08:34:52,919 [0107e4a3-a143-43a9-8f78-9a758939e307@group-07A4CFFA639C-LeaderElection7] INFO  ratis.XceiverServerRatis (XceiverServerRatis.java:handleLeaderChangedNotification(863)) - Leader change notification received for group: group-07A4CFFA639C with new leaderId: 0107e4a3-a143-43a9-8f78-9a758939e307
2022-10-10 08:34:52,919 [0107e4a3-a143-43a9-8f78-9a758939e307@group-07A4CFFA639C-LeaderElection7] INFO  server.RaftServer$Division (ServerState.java:setLeader(287)) - 0107e4a3-a143-43a9-8f78-9a758939e307@group-07A4CFFA639C: change Leader from null to 0107e4a3-a143-43a9-8f78-9a758939e307 at term 1 for becomeLeader, leader elected after 5157ms
2022-10-10 08:34:52,919 [0107e4a3-a143-43a9-8f78-9a758939e307@group-07A4CFFA639C-LeaderElection7] INFO  server.RaftServerConfigKeys (ConfUtils.java:logGet(46)) - raft.server.staging.catchup.gap = 1000 (default)
2022-10-10 08:34:52,919 [0107e4a3-a143-43a9-8f78-9a758939e307@group-07A4CFFA639C-LeaderElection7] INFO  server.RaftServerConfigKeys (ConfUtils.java:logGet(46)) - raft.server.write.element-limit = 1024 (custom)
2022-10-10 08:34:52,919 [0107e4a3-a143-43a9-8f78-9a758939e307@group-07A4CFFA639C-LeaderElection7] INFO  server.RaftServerConfigKeys (ConfUtils.java:logGet(46)) - raft.server.write.byte-limit = 1024 M (=1073741824) (custom)
2022-10-10 08:34:52,920 [0107e4a3-a143-43a9-8f78-9a758939e307@group-07A4CFFA639C-LeaderElection7] INFO  server.RaftServerConfigKeys (ConfUtils.java:logGet(46)) - raft.server.watch.timeout = 180s (custom)
2022-10-10 08:34:52,920 [0107e4a3-a143-43a9-8f78-9a758939e307@group-07A4CFFA639C-LeaderElection7] INFO  server.RaftServerConfigKeys (ConfUtils.java:logGet(46)) - raft.server.watch.timeout.denomination = 1s (default)
2022-10-10 08:34:52,920 [0107e4a3-a143-43a9-8f78-9a758939e307@group-07A4CFFA639C-LeaderElection7] INFO  server.RaftServerConfigKeys (ConfUtils.java:logGet(46)) - raft.server.watch.element-limit = 65536 (default)
2022-10-10 08:34:52,920 [0107e4a3-a143-43a9-8f78-9a758939e307@group-07A4CFFA639C-LeaderElection7] INFO  server.RaftServerConfigKeys (ConfUtils.java:logGet(46)) - raft.server.write.element-limit = 1024 (custom)
2022-10-10 08:34:52,920 [0107e4a3-a143-43a9-8f78-9a758939e307@group-07A4CFFA639C-LeaderElection7] INFO  server.RaftServerConfigKeys (ConfUtils.java:logGet(46)) - raft.server.write.follower.gap.ratio.max = -1.0 (default)
2022-10-10 08:34:52,920 [0107e4a3-a143-43a9-8f78-9a758939e307@group-07A4CFFA639C-LeaderElection7] INFO  impl.RoleInfo (RoleInfo.java:updateAndGet(139)) - 0107e4a3-a143-43a9-8f78-9a758939e307: start 0107e4a3-a143-43a9-8f78-9a758939e307@group-07A4CFFA639C-LeaderStateImpl
2022-10-10 08:34:52,921 [0107e4a3-a143-43a9-8f78-9a758939e307@group-07A4CFFA639C-LeaderElection7] INFO  segmented.SegmentedRaftLogWorker (SegmentedRaftLogWorker.java:startLogSegment(425)) - 0107e4a3-a143-43a9-8f78-9a758939e307@group-07A4CFFA639C-SegmentedRaftLogWorker: Starting segment from index:0
2022-10-10 08:34:52,924 [0107e4a3-a143-43a9-8f78-9a758939e307@group-07A4CFFA639C-SegmentedRaftLogWorker] INFO  segmented.SegmentedRaftLogWorker (SegmentedRaftLogWorker.java:execute(629)) - 0107e4a3-a143-43a9-8f78-9a758939e307@group-07A4CFFA639C-SegmentedRaftLogWorker: created new log segment /home/runner/work/ozone/ozone/hadoop-ozone/integration-test/target/test-dir/MiniOzoneClusterImpl-3d336b07-937f-4edb-b979-ca8ead8aca5d/datanode-3/data/ratis/82e16ab5-f277-4437-b4a8-07a4cffa639c/current/log_inprogress_0
2022-10-10 08:34:52,924 [0107e4a3-a143-43a9-8f78-9a758939e307@group-07A4CFFA639C-LeaderElection7] INFO  server.RaftServer$Division (ServerState.java:setRaftConf(393)) - 0107e4a3-a143-43a9-8f78-9a758939e307@group-07A4CFFA639C: set configuration 0: [0107e4a3-a143-43a9-8f78-9a758939e307|rpc:10.1.0.114:43253|dataStream:|priority:1], old=null
2022-10-10 08:34:52,930 [EventQueue-OpenPipelineForHealthyPipelineSafeModeRule] INFO  safemode.SCMSafeModeManager (HealthyPipelineSafeModeRule.java:process(137)) - SCM in safe mode. Healthy pipelines reported count is 0, required healthy pipeline reported count is 1
2022-10-10 08:34:53,161 [Listener at 127.0.0.1/46487] INFO  ozone.MiniOzoneClusterImpl (MiniOzoneClusterImpl.java:lambda$waitForClusterToBeReady$0(216)) - Nodes are ready. Got 5 of 5 DN Heartbeats.
2022-10-10 08:34:53,161 [Listener at 127.0.0.1/46487] INFO  ozone.MiniOzoneClusterImpl (MiniOzoneClusterImpl.java:lambda$waitForClusterToBeReady$0(219)) - Waiting for cluster to exit safe mode
2022-10-10 08:34:53,161 [Listener at 127.0.0.1/46487] INFO  ozone.MiniOzoneClusterImpl (MiniOzoneClusterImpl.java:lambda$waitForClusterToBeReady$0(221)) - SCM became leader
2022-10-10 08:34:53,211 [e12fe51a-b2e5-4197-af5e-5cbb6259f850@group-EDC02AC66B34-FollowerState] INFO  impl.FollowerState (FollowerState.java:run(143)) - e12fe51a-b2e5-4197-af5e-5cbb6259f850@group-EDC02AC66B34-FollowerState: change to CANDIDATE, lastRpcElapsedTime:5010106518ns, electionTimeout:5009ms
2022-10-10 08:34:53,212 [e12fe51a-b2e5-4197-af5e-5cbb6259f850@group-EDC02AC66B34-FollowerState] INFO  impl.RoleInfo (RoleInfo.java:shutdownFollowerState(110)) - e12fe51a-b2e5-4197-af5e-5cbb6259f850: shutdown e12fe51a-b2e5-4197-af5e-5cbb6259f850@group-EDC02AC66B34-FollowerState
2022-10-10 08:34:53,212 [e12fe51a-b2e5-4197-af5e-5cbb6259f850@group-EDC02AC66B34-FollowerState] INFO  server.RaftServer$Division (RaftServerImpl.java:setRole(299)) - e12fe51a-b2e5-4197-af5e-5cbb6259f850@group-EDC02AC66B34: changes role from  FOLLOWER to CANDIDATE at term 0 for changeToCandidate
2022-10-10 08:34:53,212 [e12fe51a-b2e5-4197-af5e-5cbb6259f850@group-EDC02AC66B34-FollowerState] INFO  server.RaftServerConfigKeys (ConfUtils.java:logGet(46)) - raft.server.leaderelection.pre-vote = false (custom)
2022-10-10 08:34:53,212 [e12fe51a-b2e5-4197-af5e-5cbb6259f850@group-EDC02AC66B34-FollowerState] INFO  impl.RoleInfo (RoleInfo.java:updateAndGet(139)) - e12fe51a-b2e5-4197-af5e-5cbb6259f850: start e12fe51a-b2e5-4197-af5e-5cbb6259f850@group-EDC02AC66B34-LeaderElection8
2022-10-10 08:34:53,216 [e12fe51a-b2e5-4197-af5e-5cbb6259f850@group-EDC02AC66B34-LeaderElection8] INFO  impl.LeaderElection (LeaderElection.java:askForVotes(310)) - e12fe51a-b2e5-4197-af5e-5cbb6259f850@group-EDC02AC66B34-LeaderElection8 ELECTION round 0: submit vote requests at term 1 for -1: [e12fe51a-b2e5-4197-af5e-5cbb6259f850|rpc:10.1.0.114:37107|priority:1], old=null
2022-10-10 08:34:53,216 [e12fe51a-b2e5-4197-af5e-5cbb6259f850@group-EDC02AC66B34-LeaderElection8] INFO  impl.LeaderElection (LeaderElection.java:askForVotes(312)) - e12fe51a-b2e5-4197-af5e-5cbb6259f850@group-EDC02AC66B34-LeaderElection8 ELECTION round 0: result PASSED (term=1)
2022-10-10 08:34:53,216 [e12fe51a-b2e5-4197-af5e-5cbb6259f850@group-EDC02AC66B34-LeaderElection8] INFO  impl.RoleInfo (RoleInfo.java:shutdownLeaderElection(130)) - e12fe51a-b2e5-4197-af5e-5cbb6259f850: shutdown e12fe51a-b2e5-4197-af5e-5cbb6259f850@group-EDC02AC66B34-LeaderElection8
2022-10-10 08:34:53,216 [e12fe51a-b2e5-4197-af5e-5cbb6259f850@group-EDC02AC66B34-LeaderElection8] INFO  server.RaftServer$Division (RaftServerImpl.java:setRole(299)) - e12fe51a-b2e5-4197-af5e-5cbb6259f850@group-EDC02AC66B34: changes role from CANDIDATE to LEADER at term 1 for changeToLeader
2022-10-10 08:34:53,216 [e12fe51a-b2e5-4197-af5e-5cbb6259f850@group-EDC02AC66B34-LeaderElection8] INFO  ratis.XceiverServerRatis (XceiverServerRatis.java:handleLeaderChangedNotification(863)) - Leader change notification received for group: group-EDC02AC66B34 with new leaderId: e12fe51a-b2e5-4197-af5e-5cbb6259f850
2022-10-10 08:34:53,216 [e12fe51a-b2e5-4197-af5e-5cbb6259f850@group-EDC02AC66B34-LeaderElection8] INFO  server.RaftServer$Division (ServerState.java:setLeader(287)) - e12fe51a-b2e5-4197-af5e-5cbb6259f850@group-EDC02AC66B34: change Leader from null to e12fe51a-b2e5-4197-af5e-5cbb6259f850 at term 1 for becomeLeader, leader elected after 5024ms
2022-10-10 08:34:53,216 [e12fe51a-b2e5-4197-af5e-5cbb6259f850@group-EDC02AC66B34-LeaderElection8] INFO  server.RaftServerConfigKeys (ConfUtils.java:logGet(46)) - raft.server.staging.catchup.gap = 1000 (default)
2022-10-10 08:34:53,217 [e12fe51a-b2e5-4197-af5e-5cbb6259f850@group-EDC02AC66B34-LeaderElection8] INFO  server.RaftServerConfigKeys (ConfUtils.java:logGet(46)) - raft.server.write.element-limit = 1024 (custom)
2022-10-10 08:34:53,217 [e12fe51a-b2e5-4197-af5e-5cbb6259f850@group-EDC02AC66B34-LeaderElection8] INFO  server.RaftServerConfigKeys (ConfUtils.java:logGet(46)) - raft.server.write.byte-limit = 1024 M (=1073741824) (custom)
2022-10-10 08:34:53,217 [e12fe51a-b2e5-4197-af5e-5cbb6259f850@group-EDC02AC66B34-LeaderElection8] INFO  server.RaftServerConfigKeys (ConfUtils.java:logGet(46)) - raft.server.watch.timeout = 180s (custom)
2022-10-10 08:34:53,217 [e12fe51a-b2e5-4197-af5e-5cbb6259f850@group-EDC02AC66B34-LeaderElection8] INFO  server.RaftServerConfigKeys (ConfUtils.java:logGet(46)) - raft.server.watch.timeout.denomination = 1s (default)
2022-10-10 08:34:53,217 [e12fe51a-b2e5-4197-af5e-5cbb6259f850@group-EDC02AC66B34-LeaderElection8] INFO  server.RaftServerConfigKeys (ConfUtils.java:logGet(46)) - raft.server.watch.element-limit = 65536 (default)
2022-10-10 08:34:53,217 [e12fe51a-b2e5-4197-af5e-5cbb6259f850@group-EDC02AC66B34-LeaderElection8] INFO  server.RaftServerConfigKeys (ConfUtils.java:logGet(46)) - raft.server.write.element-limit = 1024 (custom)
2022-10-10 08:34:53,217 [e12fe51a-b2e5-4197-af5e-5cbb6259f850@group-EDC02AC66B34-LeaderElection8] INFO  server.RaftServerConfigKeys (ConfUtils.java:logGet(46)) - raft.server.write.follower.gap.ratio.max = -1.0 (default)
2022-10-10 08:34:53,218 [e12fe51a-b2e5-4197-af5e-5cbb6259f850@group-EDC02AC66B34-LeaderElection8] INFO  impl.RoleInfo (RoleInfo.java:updateAndGet(139)) - e12fe51a-b2e5-4197-af5e-5cbb6259f850: start e12fe51a-b2e5-4197-af5e-5cbb6259f850@group-EDC02AC66B34-LeaderStateImpl
2022-10-10 08:34:53,218 [e12fe51a-b2e5-4197-af5e-5cbb6259f850@group-EDC02AC66B34-LeaderElection8] INFO  segmented.SegmentedRaftLogWorker (SegmentedRaftLogWorker.java:startLogSegment(425)) - e12fe51a-b2e5-4197-af5e-5cbb6259f850@group-EDC02AC66B34-SegmentedRaftLogWorker: Starting segment from index:0
2022-10-10 08:34:53,219 [e12fe51a-b2e5-4197-af5e-5cbb6259f850@group-EDC02AC66B34-LeaderElection8] INFO  server.RaftServer$Division (ServerState.java:setRaftConf(393)) - e12fe51a-b2e5-4197-af5e-5cbb6259f850@group-EDC02AC66B34: set configuration 0: [e12fe51a-b2e5-4197-af5e-5cbb6259f850|rpc:10.1.0.114:37107|dataStream:|priority:1], old=null
2022-10-10 08:34:53,220 [e12fe51a-b2e5-4197-af5e-5cbb6259f850@group-EDC02AC66B34-SegmentedRaftLogWorker] INFO  segmented.SegmentedRaftLogWorker (SegmentedRaftLogWorker.java:execute(629)) - e12fe51a-b2e5-4197-af5e-5cbb6259f850@group-EDC02AC66B34-SegmentedRaftLogWorker: created new log segment /home/runner/work/ozone/ozone/hadoop-ozone/integration-test/target/test-dir/MiniOzoneClusterImpl-3d336b07-937f-4edb-b979-ca8ead8aca5d/datanode-4/data/ratis/971a87b8-ae4a-4ad3-81d3-edc02ac66b34/current/log_inprogress_0
2022-10-10 08:34:53,223 [EventQueue-OpenPipelineForHealthyPipelineSafeModeRule] INFO  safemode.SCMSafeModeManager (HealthyPipelineSafeModeRule.java:process(137)) - SCM in safe mode. Healthy pipelines reported count is 0, required healthy pipeline reported count is 1
2022-10-10 08:34:54,162 [Listener at 127.0.0.1/46487] INFO  ozone.MiniOzoneClusterImpl (MiniOzoneClusterImpl.java:lambda$waitForClusterToBeReady$0(216)) - Nodes are ready. Got 5 of 5 DN Heartbeats.
2022-10-10 08:34:54,163 [Listener at 127.0.0.1/46487] INFO  ozone.MiniOzoneClusterImpl (MiniOzoneClusterImpl.java:lambda$waitForClusterToBeReady$0(219)) - Waiting for cluster to exit safe mode
2022-10-10 08:34:54,163 [Listener at 127.0.0.1/46487] INFO  ozone.MiniOzoneClusterImpl (MiniOzoneClusterImpl.java:lambda$waitForClusterToBeReady$0(221)) - SCM became leader
2022-10-10 08:34:55,163 [Listener at 127.0.0.1/46487] INFO  ozone.MiniOzoneClusterImpl (MiniOzoneClusterImpl.java:lambda$waitForClusterToBeReady$0(216)) - Nodes are ready. Got 5 of 5 DN Heartbeats.
2022-10-10 08:34:55,164 [Listener at 127.0.0.1/46487] INFO  ozone.MiniOzoneClusterImpl (MiniOzoneClusterImpl.java:lambda$waitForClusterToBeReady$0(219)) - Waiting for cluster to exit safe mode
2022-10-10 08:34:55,164 [Listener at 127.0.0.1/46487] INFO  ozone.MiniOzoneClusterImpl (MiniOzoneClusterImpl.java:lambda$waitForClusterToBeReady$0(221)) - SCM became leader
2022-10-10 08:34:56,165 [Listener at 127.0.0.1/46487] INFO  ozone.MiniOzoneClusterImpl (MiniOzoneClusterImpl.java:lambda$waitForClusterToBeReady$0(216)) - Nodes are ready. Got 5 of 5 DN Heartbeats.
2022-10-10 08:34:56,165 [Listener at 127.0.0.1/46487] INFO  ozone.MiniOzoneClusterImpl (MiniOzoneClusterImpl.java:lambda$waitForClusterToBeReady$0(219)) - Waiting for cluster to exit safe mode
2022-10-10 08:34:56,165 [Listener at 127.0.0.1/46487] INFO  ozone.MiniOzoneClusterImpl (MiniOzoneClusterImpl.java:lambda$waitForClusterToBeReady$0(221)) - SCM became leader
2022-10-10 08:34:56,799 [a62c8bc8-4eaa-4bd0-9412-231650f1b373@group-CF406588F1D0-FollowerState] INFO  impl.FollowerState (FollowerState.java:run(143)) - a62c8bc8-4eaa-4bd0-9412-231650f1b373@group-CF406588F1D0-FollowerState: change to CANDIDATE, lastRpcElapsedTime:5065125322ns, electionTimeout:5062ms
2022-10-10 08:34:56,799 [a62c8bc8-4eaa-4bd0-9412-231650f1b373@group-CF406588F1D0-FollowerState] INFO  impl.RoleInfo (RoleInfo.java:shutdownFollowerState(110)) - a62c8bc8-4eaa-4bd0-9412-231650f1b373: shutdown a62c8bc8-4eaa-4bd0-9412-231650f1b373@group-CF406588F1D0-FollowerState
2022-10-10 08:34:56,799 [a62c8bc8-4eaa-4bd0-9412-231650f1b373@group-CF406588F1D0-FollowerState] INFO  server.RaftServer$Division (RaftServerImpl.java:setRole(299)) - a62c8bc8-4eaa-4bd0-9412-231650f1b373@group-CF406588F1D0: changes role from  FOLLOWER to CANDIDATE at term 1 for changeToCandidate
2022-10-10 08:34:56,799 [a62c8bc8-4eaa-4bd0-9412-231650f1b373@group-CF406588F1D0-FollowerState] INFO  server.RaftServerConfigKeys (ConfUtils.java:logGet(46)) - raft.server.leaderelection.pre-vote = false (custom)
2022-10-10 08:34:56,799 [a62c8bc8-4eaa-4bd0-9412-231650f1b373@group-CF406588F1D0-FollowerState] INFO  impl.RoleInfo (RoleInfo.java:updateAndGet(139)) - a62c8bc8-4eaa-4bd0-9412-231650f1b373: start a62c8bc8-4eaa-4bd0-9412-231650f1b373@group-CF406588F1D0-LeaderElection9
2022-10-10 08:34:56,802 [a62c8bc8-4eaa-4bd0-9412-231650f1b373@group-CF406588F1D0-LeaderElection9] INFO  impl.LeaderElection (LeaderElection.java:askForVotes(310)) - a62c8bc8-4eaa-4bd0-9412-231650f1b373@group-CF406588F1D0-LeaderElection9 ELECTION round 0: submit vote requests at term 2 for -1: [6d0c14da-389e-4e82-8c57-a2981f576192|rpc:10.1.0.114:32983|priority:1, 3c09ee4b-a7a3-4286-a1c3-18dea5f798e8|rpc:10.1.0.114:38615|priority:0, a62c8bc8-4eaa-4bd0-9412-231650f1b373|rpc:10.1.0.114:39465|priority:0], old=null
2022-10-10 08:34:56,820 [grpc-default-executor-1] INFO  server.RaftServer$Division (RaftServerImpl.java:requestVote(1152)) - 6d0c14da-389e-4e82-8c57-a2981f576192@group-CF406588F1D0: receive requestVote(ELECTION, a62c8bc8-4eaa-4bd0-9412-231650f1b373, group-CF406588F1D0, 2, (t:0, i:0))
2022-10-10 08:34:56,821 [grpc-default-executor-1] INFO  impl.VoteContext (VoteContext.java:log(48)) - 6d0c14da-389e-4e82-8c57-a2981f576192@group-CF406588F1D0-FOLLOWER: reject ELECTION from a62c8bc8-4eaa-4bd0-9412-231650f1b373: our priority 1 > candidate's priority 0
2022-10-10 08:34:56,821 [grpc-default-executor-1] INFO  server.RaftServer$Division (RaftServerImpl.java:setRole(299)) - 6d0c14da-389e-4e82-8c57-a2981f576192@group-CF406588F1D0: changes role from  FOLLOWER to FOLLOWER at term 2 for candidate:a62c8bc8-4eaa-4bd0-9412-231650f1b373
2022-10-10 08:34:56,821 [grpc-default-executor-1] INFO  impl.RoleInfo (RoleInfo.java:shutdownFollowerState(110)) - 6d0c14da-389e-4e82-8c57-a2981f576192: shutdown 6d0c14da-389e-4e82-8c57-a2981f576192@group-CF406588F1D0-FollowerState
2022-10-10 08:34:56,822 [grpc-default-executor-1] INFO  impl.RoleInfo (RoleInfo.java:updateAndGet(139)) - 6d0c14da-389e-4e82-8c57-a2981f576192: start 6d0c14da-389e-4e82-8c57-a2981f576192@group-CF406588F1D0-FollowerState
2022-10-10 08:34:56,822 [6d0c14da-389e-4e82-8c57-a2981f576192@group-CF406588F1D0-FollowerState] INFO  impl.FollowerState (FollowerState.java:run(152)) - 6d0c14da-389e-4e82-8c57-a2981f576192@group-CF406588F1D0-FollowerState was interrupted
2022-10-10 08:34:56,823 [grpc-default-executor-1] INFO  server.RaftServer$Division (RaftServerImpl.java:requestVote(1184)) - 6d0c14da-389e-4e82-8c57-a2981f576192@group-CF406588F1D0 replies to ELECTION vote request: a62c8bc8-4eaa-4bd0-9412-231650f1b373<-6d0c14da-389e-4e82-8c57-a2981f576192#0:FAIL-t2. Peer's state: 6d0c14da-389e-4e82-8c57-a2981f576192@group-CF406588F1D0:t2, leader=null, voted=null, raftlog=6d0c14da-389e-4e82-8c57-a2981f576192@group-CF406588F1D0-SegmentedRaftLog:OPENED:c-1, conf=-1: [6d0c14da-389e-4e82-8c57-a2981f576192|rpc:10.1.0.114:32983|dataStream:|priority:1, 3c09ee4b-a7a3-4286-a1c3-18dea5f798e8|rpc:10.1.0.114:38615|dataStream:|priority:0, a62c8bc8-4eaa-4bd0-9412-231650f1b373|rpc:10.1.0.114:39465|dataStream:|priority:0], old=null
2022-10-10 08:34:56,832 [a62c8bc8-4eaa-4bd0-9412-231650f1b373@group-CF406588F1D0-LeaderElection9] INFO  impl.LeaderElection (LeaderElection.java:logAndReturn(90)) - a62c8bc8-4eaa-4bd0-9412-231650f1b373@group-CF406588F1D0-LeaderElection9: ELECTION REJECTED received 1 response(s) and 0 exception(s):
2022-10-10 08:34:56,832 [3c09ee4b-a7a3-4286-a1c3-18dea5f798e8@group-CF406588F1D0-FollowerState] INFO  impl.FollowerState (FollowerState.java:run(143)) - 3c09ee4b-a7a3-4286-a1c3-18dea5f798e8@group-CF406588F1D0-FollowerState: change to CANDIDATE, lastRpcElapsedTime:5085834158ns, electionTimeout:5084ms
2022-10-10 08:34:56,832 [a62c8bc8-4eaa-4bd0-9412-231650f1b373@group-CF406588F1D0-LeaderElection9] INFO  impl.LeaderElection (LeaderElection.java:logAndReturn(94)) -   Response 0: a62c8bc8-4eaa-4bd0-9412-231650f1b373<-6d0c14da-389e-4e82-8c57-a2981f576192#0:FAIL-t2
2022-10-10 08:34:56,833 [3c09ee4b-a7a3-4286-a1c3-18dea5f798e8@group-CF406588F1D0-FollowerState] INFO  impl.RoleInfo (RoleInfo.java:shutdownFollowerState(110)) - 3c09ee4b-a7a3-4286-a1c3-18dea5f798e8: shutdown 3c09ee4b-a7a3-4286-a1c3-18dea5f798e8@group-CF406588F1D0-FollowerState
2022-10-10 08:34:56,833 [a62c8bc8-4eaa-4bd0-9412-231650f1b373@group-CF406588F1D0-LeaderElection9] INFO  impl.LeaderElection (LeaderElection.java:askForVotes(312)) - a62c8bc8-4eaa-4bd0-9412-231650f1b373@group-CF406588F1D0-LeaderElection9 ELECTION round 0: result REJECTED
2022-10-10 08:34:56,833 [a62c8bc8-4eaa-4bd0-9412-231650f1b373@group-CF406588F1D0-LeaderElection9] INFO  server.RaftServer$Division (RaftServerImpl.java:setRole(299)) - a62c8bc8-4eaa-4bd0-9412-231650f1b373@group-CF406588F1D0: changes role from CANDIDATE to FOLLOWER at term 2 for REJECTED
2022-10-10 08:34:56,834 [a62c8bc8-4eaa-4bd0-9412-231650f1b373@group-CF406588F1D0-LeaderElection9] INFO  impl.RoleInfo (RoleInfo.java:shutdownLeaderElection(130)) - a62c8bc8-4eaa-4bd0-9412-231650f1b373: shutdown a62c8bc8-4eaa-4bd0-9412-231650f1b373@group-CF406588F1D0-LeaderElection9
2022-10-10 08:34:56,834 [a62c8bc8-4eaa-4bd0-9412-231650f1b373@group-CF406588F1D0-LeaderElection9] INFO  impl.RoleInfo (RoleInfo.java:updateAndGet(139)) - a62c8bc8-4eaa-4bd0-9412-231650f1b373: start a62c8bc8-4eaa-4bd0-9412-231650f1b373@group-CF406588F1D0-FollowerState
2022-10-10 08:34:56,833 [3c09ee4b-a7a3-4286-a1c3-18dea5f798e8@group-CF406588F1D0-FollowerState] INFO  server.RaftServer$Division (RaftServerImpl.java:setRole(299)) - 3c09ee4b-a7a3-4286-a1c3-18dea5f798e8@group-CF406588F1D0: changes role from  FOLLOWER to CANDIDATE at term 1 for changeToCandidate
2022-10-10 08:34:56,837 [3c09ee4b-a7a3-4286-a1c3-18dea5f798e8@group-CF406588F1D0-FollowerState] INFO  server.RaftServerConfigKeys (ConfUtils.java:logGet(46)) - raft.server.leaderelection.pre-vote = false (custom)
2022-10-10 08:34:56,837 [3c09ee4b-a7a3-4286-a1c3-18dea5f798e8@group-CF406588F1D0-FollowerState] INFO  impl.RoleInfo (RoleInfo.java:updateAndGet(139)) - 3c09ee4b-a7a3-4286-a1c3-18dea5f798e8: start 3c09ee4b-a7a3-4286-a1c3-18dea5f798e8@group-CF406588F1D0-LeaderElection10
2022-10-10 08:34:56,839 [grpc-default-executor-1] INFO  server.RaftServer$Division (RaftServerImpl.java:requestVote(1152)) - 3c09ee4b-a7a3-4286-a1c3-18dea5f798e8@group-CF406588F1D0: receive requestVote(ELECTION, a62c8bc8-4eaa-4bd0-9412-231650f1b373, group-CF406588F1D0, 2, (t:0, i:0))
2022-10-10 08:34:56,839 [grpc-default-executor-1] INFO  impl.VoteContext (VoteContext.java:log(48)) - 3c09ee4b-a7a3-4286-a1c3-18dea5f798e8@group-CF406588F1D0-CANDIDATE: accept ELECTION from a62c8bc8-4eaa-4bd0-9412-231650f1b373: our priority 0 <= candidate's priority 0
2022-10-10 08:34:56,839 [grpc-default-executor-1] INFO  server.RaftServer$Division (RaftServerImpl.java:setRole(299)) - 3c09ee4b-a7a3-4286-a1c3-18dea5f798e8@group-CF406588F1D0: changes role from CANDIDATE to FOLLOWER at term 2 for candidate:a62c8bc8-4eaa-4bd0-9412-231650f1b373
2022-10-10 08:34:56,839 [grpc-default-executor-1] INFO  impl.RoleInfo (RoleInfo.java:shutdownLeaderElection(130)) - 3c09ee4b-a7a3-4286-a1c3-18dea5f798e8: shutdown 3c09ee4b-a7a3-4286-a1c3-18dea5f798e8@group-CF406588F1D0-LeaderElection10
2022-10-10 08:34:56,839 [grpc-default-executor-1] INFO  impl.RoleInfo (RoleInfo.java:updateAndGet(139)) - 3c09ee4b-a7a3-4286-a1c3-18dea5f798e8: start 3c09ee4b-a7a3-4286-a1c3-18dea5f798e8@group-CF406588F1D0-FollowerState
2022-10-10 08:34:56,841 [grpc-default-executor-1] INFO  server.RaftServer$Division (RaftServerImpl.java:requestVote(1184)) - 3c09ee4b-a7a3-4286-a1c3-18dea5f798e8@group-CF406588F1D0 replies to ELECTION vote request: a62c8bc8-4eaa-4bd0-9412-231650f1b373<-3c09ee4b-a7a3-4286-a1c3-18dea5f798e8#0:OK-t2. Peer's state: 3c09ee4b-a7a3-4286-a1c3-18dea5f798e8@group-CF406588F1D0:t2, leader=null, voted=a62c8bc8-4eaa-4bd0-9412-231650f1b373, raftlog=3c09ee4b-a7a3-4286-a1c3-18dea5f798e8@group-CF406588F1D0-SegmentedRaftLog:OPENED:c-1, conf=-1: [6d0c14da-389e-4e82-8c57-a2981f576192|rpc:10.1.0.114:32983|priority:1, 3c09ee4b-a7a3-4286-a1c3-18dea5f798e8|rpc:10.1.0.114:38615|priority:0, a62c8bc8-4eaa-4bd0-9412-231650f1b373|rpc:10.1.0.114:39465|priority:0], old=null
2022-10-10 08:34:56,842 [3c09ee4b-a7a3-4286-a1c3-18dea5f798e8@group-CF406588F1D0-LeaderElection10] INFO  impl.LeaderElection (LeaderElection.java:run(231)) - 3c09ee4b-a7a3-4286-a1c3-18dea5f798e8@group-CF406588F1D0-LeaderElection10: skip running since this is already CLOSING
2022-10-10 08:34:57,166 [Listener at 127.0.0.1/46487] INFO  ozone.MiniOzoneClusterImpl (MiniOzoneClusterImpl.java:lambda$waitForClusterToBeReady$0(216)) - Nodes are ready. Got 5 of 5 DN Heartbeats.
2022-10-10 08:34:57,170 [Listener at 127.0.0.1/46487] INFO  ozone.MiniOzoneClusterImpl (MiniOzoneClusterImpl.java:lambda$waitForClusterToBeReady$0(219)) - Waiting for cluster to exit safe mode
2022-10-10 08:34:57,170 [Listener at 127.0.0.1/46487] INFO  ozone.MiniOzoneClusterImpl (MiniOzoneClusterImpl.java:lambda$waitForClusterToBeReady$0(221)) - SCM became leader
2022-10-10 08:34:57,576 [3c09ee4b-a7a3-4286-a1c3-18dea5f798e8@group-2FBC0BCCCEED-FollowerState] INFO  impl.FollowerState (FollowerState.java:run(143)) - 3c09ee4b-a7a3-4286-a1c3-18dea5f798e8@group-2FBC0BCCCEED-FollowerState: change to CANDIDATE, lastRpcElapsedTime:5033117760ns, electionTimeout:5028ms
2022-10-10 08:34:57,577 [3c09ee4b-a7a3-4286-a1c3-18dea5f798e8@group-2FBC0BCCCEED-FollowerState] INFO  impl.RoleInfo (RoleInfo.java:shutdownFollowerState(110)) - 3c09ee4b-a7a3-4286-a1c3-18dea5f798e8: shutdown 3c09ee4b-a7a3-4286-a1c3-18dea5f798e8@group-2FBC0BCCCEED-FollowerState
2022-10-10 08:34:57,577 [3c09ee4b-a7a3-4286-a1c3-18dea5f798e8@group-2FBC0BCCCEED-FollowerState] INFO  server.RaftServer$Division (RaftServerImpl.java:setRole(299)) - 3c09ee4b-a7a3-4286-a1c3-18dea5f798e8@group-2FBC0BCCCEED: changes role from  FOLLOWER to CANDIDATE at term 1 for changeToCandidate
2022-10-10 08:34:57,577 [3c09ee4b-a7a3-4286-a1c3-18dea5f798e8@group-2FBC0BCCCEED-FollowerState] INFO  server.RaftServerConfigKeys (ConfUtils.java:logGet(46)) - raft.server.leaderelection.pre-vote = false (custom)
2022-10-10 08:34:57,577 [3c09ee4b-a7a3-4286-a1c3-18dea5f798e8@group-2FBC0BCCCEED-FollowerState] INFO  impl.RoleInfo (RoleInfo.java:updateAndGet(139)) - 3c09ee4b-a7a3-4286-a1c3-18dea5f798e8: start 3c09ee4b-a7a3-4286-a1c3-18dea5f798e8@group-2FBC0BCCCEED-LeaderElection11
2022-10-10 08:34:57,582 [3c09ee4b-a7a3-4286-a1c3-18dea5f798e8@group-2FBC0BCCCEED-LeaderElection11] INFO  impl.LeaderElection (LeaderElection.java:askForVotes(310)) - 3c09ee4b-a7a3-4286-a1c3-18dea5f798e8@group-2FBC0BCCCEED-LeaderElection11 ELECTION round 0: submit vote requests at term 2 for -1: [6d0c14da-389e-4e82-8c57-a2981f576192|rpc:10.1.0.114:32983|priority:0, 3c09ee4b-a7a3-4286-a1c3-18dea5f798e8|rpc:10.1.0.114:38615|priority:1, a62c8bc8-4eaa-4bd0-9412-231650f1b373|rpc:10.1.0.114:39465|priority:0], old=null
2022-10-10 08:34:57,588 [grpc-default-executor-1] INFO  server.RaftServer$Division (RaftServerImpl.java:requestVote(1152)) - 6d0c14da-389e-4e82-8c57-a2981f576192@group-2FBC0BCCCEED: receive requestVote(ELECTION, 3c09ee4b-a7a3-4286-a1c3-18dea5f798e8, group-2FBC0BCCCEED, 2, (t:0, i:0))
2022-10-10 08:34:57,588 [grpc-default-executor-1] INFO  impl.VoteContext (VoteContext.java:log(48)) - 6d0c14da-389e-4e82-8c57-a2981f576192@group-2FBC0BCCCEED-FOLLOWER: accept ELECTION from 3c09ee4b-a7a3-4286-a1c3-18dea5f798e8: our priority 0 <= candidate's priority 1
2022-10-10 08:34:57,588 [grpc-default-executor-1] INFO  server.RaftServer$Division (RaftServerImpl.java:setRole(299)) - 6d0c14da-389e-4e82-8c57-a2981f576192@group-2FBC0BCCCEED: changes role from  FOLLOWER to FOLLOWER at term 2 for candidate:3c09ee4b-a7a3-4286-a1c3-18dea5f798e8
2022-10-10 08:34:57,588 [grpc-default-executor-1] INFO  impl.RoleInfo (RoleInfo.java:shutdownFollowerState(110)) - 6d0c14da-389e-4e82-8c57-a2981f576192: shutdown 6d0c14da-389e-4e82-8c57-a2981f576192@group-2FBC0BCCCEED-FollowerState
2022-10-10 08:34:57,589 [grpc-default-executor-1] INFO  impl.RoleInfo (RoleInfo.java:updateAndGet(139)) - 6d0c14da-389e-4e82-8c57-a2981f576192: start 6d0c14da-389e-4e82-8c57-a2981f576192@group-2FBC0BCCCEED-FollowerState
2022-10-10 08:34:57,589 [6d0c14da-389e-4e82-8c57-a2981f576192@group-2FBC0BCCCEED-FollowerState] INFO  impl.FollowerState (FollowerState.java:run(152)) - 6d0c14da-389e-4e82-8c57-a2981f576192@group-2FBC0BCCCEED-FollowerState was interrupted
2022-10-10 08:34:57,590 [grpc-default-executor-0] INFO  server.RaftServer$Division (RaftServerImpl.java:requestVote(1152)) - a62c8bc8-4eaa-4bd0-9412-231650f1b373@group-2FBC0BCCCEED: receive requestVote(ELECTION, 3c09ee4b-a7a3-4286-a1c3-18dea5f798e8, group-2FBC0BCCCEED, 2, (t:0, i:0))
2022-10-10 08:34:57,590 [grpc-default-executor-0] INFO  impl.VoteContext (VoteContext.java:log(48)) - a62c8bc8-4eaa-4bd0-9412-231650f1b373@group-2FBC0BCCCEED-FOLLOWER: accept ELECTION from 3c09ee4b-a7a3-4286-a1c3-18dea5f798e8: our priority 0 <= candidate's priority 1
2022-10-10 08:34:57,590 [grpc-default-executor-0] INFO  server.RaftServer$Division (RaftServerImpl.java:setRole(299)) - a62c8bc8-4eaa-4bd0-9412-231650f1b373@group-2FBC0BCCCEED: changes role from  FOLLOWER to FOLLOWER at term 2 for candidate:3c09ee4b-a7a3-4286-a1c3-18dea5f798e8
2022-10-10 08:34:57,591 [grpc-default-executor-0] INFO  impl.RoleInfo (RoleInfo.java:shutdownFollowerState(110)) - a62c8bc8-4eaa-4bd0-9412-231650f1b373: shutdown a62c8bc8-4eaa-4bd0-9412-231650f1b373@group-2FBC0BCCCEED-FollowerState
2022-10-10 08:34:57,591 [grpc-default-executor-0] INFO  impl.RoleInfo (RoleInfo.java:updateAndGet(139)) - a62c8bc8-4eaa-4bd0-9412-231650f1b373: start a62c8bc8-4eaa-4bd0-9412-231650f1b373@group-2FBC0BCCCEED-FollowerState
2022-10-10 08:34:57,598 [grpc-default-executor-1] INFO  server.RaftServer$Division (RaftServerImpl.java:requestVote(1184)) - 6d0c14da-389e-4e82-8c57-a2981f576192@group-2FBC0BCCCEED replies to ELECTION vote request: 3c09ee4b-a7a3-4286-a1c3-18dea5f798e8<-6d0c14da-389e-4e82-8c57-a2981f576192#0:OK-t2. Peer's state: 6d0c14da-389e-4e82-8c57-a2981f576192@group-2FBC0BCCCEED:t2, leader=null, voted=3c09ee4b-a7a3-4286-a1c3-18dea5f798e8, raftlog=6d0c14da-389e-4e82-8c57-a2981f576192@group-2FBC0BCCCEED-SegmentedRaftLog:OPENED:c-1, conf=-1: [6d0c14da-389e-4e82-8c57-a2981f576192|rpc:10.1.0.114:32983|priority:0, 3c09ee4b-a7a3-4286-a1c3-18dea5f798e8|rpc:10.1.0.114:38615|priority:1, a62c8bc8-4eaa-4bd0-9412-231650f1b373|rpc:10.1.0.114:39465|priority:0], old=null
2022-10-10 08:34:57,601 [3c09ee4b-a7a3-4286-a1c3-18dea5f798e8@group-2FBC0BCCCEED-LeaderElection11] INFO  impl.LeaderElection (LeaderElection.java:logAndReturn(90)) - 3c09ee4b-a7a3-4286-a1c3-18dea5f798e8@group-2FBC0BCCCEED-LeaderElection11: ELECTION PASSED received 1 response(s) and 0 exception(s):
2022-10-10 08:34:57,601 [3c09ee4b-a7a3-4286-a1c3-18dea5f798e8@group-2FBC0BCCCEED-LeaderElection11] INFO  impl.LeaderElection (LeaderElection.java:logAndReturn(94)) -   Response 0: 3c09ee4b-a7a3-4286-a1c3-18dea5f798e8<-6d0c14da-389e-4e82-8c57-a2981f576192#0:OK-t2
2022-10-10 08:34:57,601 [3c09ee4b-a7a3-4286-a1c3-18dea5f798e8@group-2FBC0BCCCEED-LeaderElection11] INFO  impl.LeaderElection (LeaderElection.java:askForVotes(312)) - 3c09ee4b-a7a3-4286-a1c3-18dea5f798e8@group-2FBC0BCCCEED-LeaderElection11 ELECTION round 0: result PASSED
2022-10-10 08:34:57,601 [3c09ee4b-a7a3-4286-a1c3-18dea5f798e8@group-2FBC0BCCCEED-LeaderElection11] INFO  impl.RoleInfo (RoleInfo.java:shutdownLeaderElection(130)) - 3c09ee4b-a7a3-4286-a1c3-18dea5f798e8: shutdown 3c09ee4b-a7a3-4286-a1c3-18dea5f798e8@group-2FBC0BCCCEED-LeaderElection11
2022-10-10 08:34:57,601 [3c09ee4b-a7a3-4286-a1c3-18dea5f798e8@group-2FBC0BCCCEED-LeaderElection11] INFO  server.RaftServer$Division (RaftServerImpl.java:setRole(299)) - 3c09ee4b-a7a3-4286-a1c3-18dea5f798e8@group-2FBC0BCCCEED: changes role from CANDIDATE to LEADER at term 2 for changeToLeader
2022-10-10 08:34:57,601 [3c09ee4b-a7a3-4286-a1c3-18dea5f798e8@group-2FBC0BCCCEED-LeaderElection11] INFO  ratis.XceiverServerRatis (XceiverServerRatis.java:handleLeaderChangedNotification(863)) - Leader change notification received for group: group-2FBC0BCCCEED with new leaderId: 3c09ee4b-a7a3-4286-a1c3-18dea5f798e8
2022-10-10 08:34:57,602 [grpc-default-executor-0] INFO  server.RaftServer$Division (RaftServerImpl.java:requestVote(1184)) - a62c8bc8-4eaa-4bd0-9412-231650f1b373@group-2FBC0BCCCEED replies to ELECTION vote request: 3c09ee4b-a7a3-4286-a1c3-18dea5f798e8<-a62c8bc8-4eaa-4bd0-9412-231650f1b373#0:OK-t2. Peer's state: a62c8bc8-4eaa-4bd0-9412-231650f1b373@group-2FBC0BCCCEED:t2, leader=null, voted=3c09ee4b-a7a3-4286-a1c3-18dea5f798e8, raftlog=a62c8bc8-4eaa-4bd0-9412-231650f1b373@group-2FBC0BCCCEED-SegmentedRaftLog:OPENED:c-1, conf=-1: [6d0c14da-389e-4e82-8c57-a2981f576192|rpc:10.1.0.114:32983|priority:0, 3c09ee4b-a7a3-4286-a1c3-18dea5f798e8|rpc:10.1.0.114:38615|priority:1, a62c8bc8-4eaa-4bd0-9412-231650f1b373|rpc:10.1.0.114:39465|priority:0], old=null
2022-10-10 08:34:57,604 [a62c8bc8-4eaa-4bd0-9412-231650f1b373@group-2FBC0BCCCEED-FollowerState] INFO  impl.FollowerState (FollowerState.java:shouldRun(117)) - a62c8bc8-4eaa-4bd0-9412-231650f1b373@group-2FBC0BCCCEED-FollowerState: Stopping now (isRunning? false, role = FOLLOWER)
2022-10-10 08:34:57,606 [EventQueue-OpenPipelineForHealthyPipelineSafeModeRule] INFO  safemode.SCMSafeModeManager (HealthyPipelineSafeModeRule.java:process(137)) - SCM in safe mode. Healthy pipelines reported count is 0, required healthy pipeline reported count is 1
2022-10-10 08:34:57,602 [3c09ee4b-a7a3-4286-a1c3-18dea5f798e8@group-2FBC0BCCCEED-LeaderElection11] INFO  server.RaftServer$Division (ServerState.java:setLeader(287)) - 3c09ee4b-a7a3-4286-a1c3-18dea5f798e8@group-2FBC0BCCCEED: change Leader from null to 3c09ee4b-a7a3-4286-a1c3-18dea5f798e8 at term 2 for becomeLeader, leader elected after 10046ms
2022-10-10 08:34:57,607 [3c09ee4b-a7a3-4286-a1c3-18dea5f798e8@group-2FBC0BCCCEED-LeaderElection11] INFO  server.RaftServerConfigKeys (ConfUtils.java:logGet(46)) - raft.server.staging.catchup.gap = 1000 (default)
2022-10-10 08:34:57,608 [3c09ee4b-a7a3-4286-a1c3-18dea5f798e8@group-2FBC0BCCCEED-LeaderElection11] INFO  server.RaftServerConfigKeys (ConfUtils.java:logGet(46)) - raft.server.write.element-limit = 1024 (custom)
2022-10-10 08:34:57,608 [3c09ee4b-a7a3-4286-a1c3-18dea5f798e8@group-2FBC0BCCCEED-LeaderElection11] INFO  server.RaftServerConfigKeys (ConfUtils.java:logGet(46)) - raft.server.write.byte-limit = 1024 M (=1073741824) (custom)
2022-10-10 08:34:57,608 [3c09ee4b-a7a3-4286-a1c3-18dea5f798e8@group-2FBC0BCCCEED-LeaderElection11] INFO  server.RaftServerConfigKeys (ConfUtils.java:logGet(46)) - raft.server.watch.timeout = 180s (custom)
2022-10-10 08:34:57,608 [3c09ee4b-a7a3-4286-a1c3-18dea5f798e8@group-2FBC0BCCCEED-LeaderElection11] INFO  server.RaftServerConfigKeys (ConfUtils.java:logGet(46)) - raft.server.watch.timeout.denomination = 1s (default)
2022-10-10 08:34:57,608 [3c09ee4b-a7a3-4286-a1c3-18dea5f798e8@group-2FBC0BCCCEED-LeaderElection11] INFO  server.RaftServerConfigKeys (ConfUtils.java:logGet(46)) - raft.server.watch.element-limit = 65536 (default)
2022-10-10 08:34:57,609 [3c09ee4b-a7a3-4286-a1c3-18dea5f798e8@group-2FBC0BCCCEED-LeaderElection11] INFO  server.RaftServerConfigKeys (ConfUtils.java:logGet(46)) - raft.server.write.element-limit = 1024 (custom)
2022-10-10 08:34:57,609 [3c09ee4b-a7a3-4286-a1c3-18dea5f798e8@group-2FBC0BCCCEED-LeaderElection11] INFO  server.RaftServerConfigKeys (ConfUtils.java:logGet(46)) - raft.server.write.follower.gap.ratio.max = -1.0 (default)
2022-10-10 08:34:57,607 [EventQueue-PipelineReportForPipelineReportHandler] INFO  pipeline.PipelineManagerImpl (PipelineManagerImpl.java:openPipeline(367)) - Pipeline Pipeline[ Id: f82f5b97-17e3-4dda-ae22-2fbc0bccceed, Nodes: a62c8bc8-4eaa-4bd0-9412-231650f1b373{ip: 10.1.0.114, host: fv-az292-843.tqgtyn10aqxuxoi0mkfbldi5vh.jx.internal.cloudapp.net, ports: [REPLICATION=33203, RATIS=39465, RATIS_ADMIN=39465, RATIS_SERVER=39465, STANDALONE=33083], networkLocation: /default-rack, certSerialId: null, persistedOpState: IN_SERVICE, persistedOpStateExpiryEpochSec: 0}6d0c14da-389e-4e82-8c57-a2981f576192{ip: 10.1.0.114, host: fv-az292-843.tqgtyn10aqxuxoi0mkfbldi5vh.jx.internal.cloudapp.net, ports: [REPLICATION=33215, RATIS=32983, RATIS_ADMIN=32983, RATIS_SERVER=32983, STANDALONE=43851], networkLocation: /default-rack, certSerialId: null, persistedOpState: IN_SERVICE, persistedOpStateExpiryEpochSec: 0}3c09ee4b-a7a3-4286-a1c3-18dea5f798e8{ip: 10.1.0.114, host: fv-az292-843.tqgtyn10aqxuxoi0mkfbldi5vh.jx.internal.cloudapp.net, ports: [REPLICATION=36527, RATIS=38615, RATIS_ADMIN=38615, RATIS_SERVER=38615, STANDALONE=34799], networkLocation: /default-rack, certSerialId: null, persistedOpState: IN_SERVICE, persistedOpStateExpiryEpochSec: 0}, ReplicationConfig: RATIS/THREE, State:ALLOCATED, leaderId:3c09ee4b-a7a3-4286-a1c3-18dea5f798e8, CreationTimestamp2022-10-10T08:34:44.348Z[Etc/UTC]] moved to OPEN state
2022-10-10 08:34:57,612 [EventQueue-OpenPipelineForHealthyPipelineSafeModeRule] INFO  safemode.SCMSafeModeManager (HealthyPipelineSafeModeRule.java:process(137)) - SCM in safe mode. Healthy pipelines reported count is 1, required healthy pipeline reported count is 1
2022-10-10 08:34:57,612 [EventQueue-OpenPipelineForHealthyPipelineSafeModeRule] INFO  safemode.SCMSafeModeManager (SCMSafeModeManager.java:validateSafeModeExitRules(204)) - HealthyPipelineSafeModeRule rule is successfully validated
2022-10-10 08:34:57,612 [EventQueue-OpenPipelineForHealthyPipelineSafeModeRule] INFO  safemode.SCMSafeModeManager (SCMSafeModeManager.java:validateSafeModeExitRules(219)) - ScmSafeModeManager, all rules are successfully validated
2022-10-10 08:34:57,612 [EventQueue-OpenPipelineForHealthyPipelineSafeModeRule] INFO  safemode.SCMSafeModeManager (SCMSafeModeManager.java:exitSafeMode(248)) - SCM exiting safe mode.
2022-10-10 08:34:57,612 [EventQueue-OpenPipelineForHealthyPipelineSafeModeRule] WARN  events.EventQueue (EventQueue.java:fireEvent(216)) - No event handler registered for event TypedEvent{payloadType=SafeModeStatus, name='Safe mode status'}
2022-10-10 08:34:57,613 [EventQueue-OpenPipelineForHealthyPipelineSafeModeRule] INFO  ha.SCMContext (SCMContext.java:updateSafeModeStatus(228)) - Update SafeModeStatus from SafeModeStatus{safeModeStatus=true, preCheckPassed=true} to SafeModeStatus{safeModeStatus=false, preCheckPassed=true}.
2022-10-10 08:34:57,613 [EventQueue-OpenPipelineForHealthyPipelineSafeModeRule] INFO  pipeline.BackgroundPipelineCreator (BackgroundPipelineCreator.java:notifyStatusChanged(254)) - Service BackgroundPipelineCreator transitions to RUNNING.
2022-10-10 08:34:57,613 [EventQueue-OpenPipelineForHealthyPipelineSafeModeRule] INFO  BackgroundPipelineScrubber (BackgroundSCMService.java:notifyStatusChanged(82)) - Service BackgroundPipelineScrubber transitions to RUNNING.
2022-10-10 08:34:57,613 [EventQueue-OpenPipelineForHealthyPipelineSafeModeRule] INFO  ExpiredContainerReplicaOpScrubber (BackgroundSCMService.java:notifyStatusChanged(82)) - Service ExpiredContainerReplicaOpScrubber transitions to RUNNING.
2022-10-10 08:34:57,613 [EventQueue-OpenPipelineForHealthyPipelineSafeModeRule] INFO  replication.ReplicationManager (ReplicationManager.java:notifyStatusChanged(728)) - Service ReplicationManager transitions to RUNNING.
2022-10-10 08:34:57,618 [EventQueue-OpenPipelineForHealthyPipelineSafeModeRule] WARN  balancer.ContainerBalancer (ContainerBalancer.java:shouldRun(936)) - Could not find persisted configuration for ContainerBalancer when checking if ContainerBalancer should run. ContainerBalancer should not run now.
2022-10-10 08:34:57,623 [3c09ee4b-a7a3-4286-a1c3-18dea5f798e8@group-2FBC0BCCCEED-LeaderElection11] INFO  server.RaftServerConfigKeys (ConfUtils.java:logGet(46)) - raft.server.log.appender.snapshot.chunk.size.max = 16MB (=16777216) (default)
2022-10-10 08:34:57,623 [3c09ee4b-a7a3-4286-a1c3-18dea5f798e8@group-2FBC0BCCCEED-LeaderElection11] INFO  server.RaftServerConfigKeys (ConfUtils.java:logGet(46)) - raft.server.log.appender.buffer.byte-limit = 33554432 (custom)
2022-10-10 08:34:57,624 [3c09ee4b-a7a3-4286-a1c3-18dea5f798e8@group-2FBC0BCCCEED-LeaderElection11] INFO  server.RaftServerConfigKeys (ConfUtils.java:logGet(46)) - raft.server.log.appender.buffer.element-limit = 1 (custom)
2022-10-10 08:34:57,628 [3c09ee4b-a7a3-4286-a1c3-18dea5f798e8@group-2FBC0BCCCEED-LeaderElection11] INFO  grpc.GrpcConfigKeys (ConfUtils.java:logGet(46)) - raft.grpc.server.leader.outstanding.appends.max = 128 (default)
2022-10-10 08:34:57,628 [3c09ee4b-a7a3-4286-a1c3-18dea5f798e8@group-2FBC0BCCCEED-LeaderElection11] INFO  server.RaftServerConfigKeys (ConfUtils.java:logGet(46)) - raft.server.rpc.request.timeout = 60s (custom)
2022-10-10 08:34:57,628 [3c09ee4b-a7a3-4286-a1c3-18dea5f798e8@group-2FBC0BCCCEED-LeaderElection11] INFO  server.RaftServerConfigKeys (ConfUtils.java:logGet(46)) - raft.server.log.appender.install.snapshot.enabled = false (custom)
2022-10-10 08:34:57,630 [3c09ee4b-a7a3-4286-a1c3-18dea5f798e8@group-2FBC0BCCCEED-LeaderElection11] INFO  server.RaftServerConfigKeys (ConfUtils.java:logGet(46)) - raft.server.log.appender.snapshot.chunk.size.max = 16MB (=16777216) (default)
2022-10-10 08:34:57,630 [3c09ee4b-a7a3-4286-a1c3-18dea5f798e8@group-2FBC0BCCCEED-LeaderElection11] INFO  server.RaftServerConfigKeys (ConfUtils.java:logGet(46)) - raft.server.log.appender.buffer.byte-limit = 33554432 (custom)
2022-10-10 08:34:57,630 [3c09ee4b-a7a3-4286-a1c3-18dea5f798e8@group-2FBC0BCCCEED-LeaderElection11] INFO  server.RaftServerConfigKeys (ConfUtils.java:logGet(46)) - raft.server.log.appender.buffer.element-limit = 1 (custom)
2022-10-10 08:34:57,631 [3c09ee4b-a7a3-4286-a1c3-18dea5f798e8@group-2FBC0BCCCEED-LeaderElection11] INFO  grpc.GrpcConfigKeys (ConfUtils.java:logGet(46)) - raft.grpc.server.leader.outstanding.appends.max = 128 (default)
2022-10-10 08:34:57,631 [3c09ee4b-a7a3-4286-a1c3-18dea5f798e8@group-2FBC0BCCCEED-LeaderElection11] INFO  server.RaftServerConfigKeys (ConfUtils.java:logGet(46)) - raft.server.rpc.request.timeout = 60s (custom)
2022-10-10 08:34:57,631 [3c09ee4b-a7a3-4286-a1c3-18dea5f798e8@group-2FBC0BCCCEED-LeaderElection11] INFO  server.RaftServerConfigKeys (ConfUtils.java:logGet(46)) - raft.server.log.appender.install.snapshot.enabled = false (custom)
2022-10-10 08:34:57,632 [3c09ee4b-a7a3-4286-a1c3-18dea5f798e8@group-2FBC0BCCCEED-LeaderElection11] INFO  impl.RoleInfo (RoleInfo.java:updateAndGet(139)) - 3c09ee4b-a7a3-4286-a1c3-18dea5f798e8: start 3c09ee4b-a7a3-4286-a1c3-18dea5f798e8@group-2FBC0BCCCEED-LeaderStateImpl
2022-10-10 08:34:57,632 [3c09ee4b-a7a3-4286-a1c3-18dea5f798e8@group-2FBC0BCCCEED-LeaderElection11] INFO  segmented.SegmentedRaftLogWorker (SegmentedRaftLogWorker.java:startLogSegment(425)) - 3c09ee4b-a7a3-4286-a1c3-18dea5f798e8@group-2FBC0BCCCEED-SegmentedRaftLogWorker: Starting segment from index:0
2022-10-10 08:34:57,634 [3c09ee4b-a7a3-4286-a1c3-18dea5f798e8@group-2FBC0BCCCEED-SegmentedRaftLogWorker] INFO  segmented.SegmentedRaftLogWorker (SegmentedRaftLogWorker.java:execute(629)) - 3c09ee4b-a7a3-4286-a1c3-18dea5f798e8@group-2FBC0BCCCEED-SegmentedRaftLogWorker: created new log segment /home/runner/work/ozone/ozone/hadoop-ozone/integration-test/target/test-dir/MiniOzoneClusterImpl-3d336b07-937f-4edb-b979-ca8ead8aca5d/datanode-0/data/ratis/f82f5b97-17e3-4dda-ae22-2fbc0bccceed/current/log_inprogress_0
2022-10-10 08:34:57,645 [3c09ee4b-a7a3-4286-a1c3-18dea5f798e8@group-2FBC0BCCCEED-LeaderElection11] INFO  server.RaftServer$Division (ServerState.java:setRaftConf(393)) - 3c09ee4b-a7a3-4286-a1c3-18dea5f798e8@group-2FBC0BCCCEED: set configuration 0: [6d0c14da-389e-4e82-8c57-a2981f576192|rpc:10.1.0.114:32983|dataStream:|priority:0, 3c09ee4b-a7a3-4286-a1c3-18dea5f798e8|rpc:10.1.0.114:38615|dataStream:|priority:1, a62c8bc8-4eaa-4bd0-9412-231650f1b373|rpc:10.1.0.114:39465|dataStream:|priority:0], old=null
2022-10-10 08:34:57,669 [a62c8bc8-4eaa-4bd0-9412-231650f1b373-server-thread1] INFO  ratis.XceiverServerRatis (XceiverServerRatis.java:handleLeaderChangedNotification(863)) - Leader change notification received for group: group-2FBC0BCCCEED with new leaderId: 3c09ee4b-a7a3-4286-a1c3-18dea5f798e8
2022-10-10 08:34:57,675 [a62c8bc8-4eaa-4bd0-9412-231650f1b373-server-thread1] INFO  server.RaftServer$Division (ServerState.java:setLeader(287)) - a62c8bc8-4eaa-4bd0-9412-231650f1b373@group-2FBC0BCCCEED: change Leader from null to 3c09ee4b-a7a3-4286-a1c3-18dea5f798e8 at term 2 for appendEntries, leader elected after 10135ms
2022-10-10 08:34:57,684 [6d0c14da-389e-4e82-8c57-a2981f576192-server-thread1] INFO  ratis.XceiverServerRatis (XceiverServerRatis.java:handleLeaderChangedNotification(863)) - Leader change notification received for group: group-2FBC0BCCCEED with new leaderId: 3c09ee4b-a7a3-4286-a1c3-18dea5f798e8
2022-10-10 08:34:57,684 [6d0c14da-389e-4e82-8c57-a2981f576192-server-thread1] INFO  server.RaftServer$Division (ServerState.java:setLeader(287)) - 6d0c14da-389e-4e82-8c57-a2981f576192@group-2FBC0BCCCEED: change Leader from null to 3c09ee4b-a7a3-4286-a1c3-18dea5f798e8 at term 2 for appendEntries, leader elected after 10245ms
2022-10-10 08:34:57,686 [a62c8bc8-4eaa-4bd0-9412-231650f1b373-server-thread1] INFO  server.RaftServer$Division (ServerState.java:setRaftConf(393)) - a62c8bc8-4eaa-4bd0-9412-231650f1b373@group-2FBC0BCCCEED: set configuration 0: [6d0c14da-389e-4e82-8c57-a2981f576192|rpc:10.1.0.114:32983|dataStream:|priority:0, 3c09ee4b-a7a3-4286-a1c3-18dea5f798e8|rpc:10.1.0.114:38615|dataStream:|priority:1, a62c8bc8-4eaa-4bd0-9412-231650f1b373|rpc:10.1.0.114:39465|dataStream:|priority:0], old=null
2022-10-10 08:34:57,686 [a62c8bc8-4eaa-4bd0-9412-231650f1b373-server-thread1] INFO  segmented.SegmentedRaftLogWorker (SegmentedRaftLogWorker.java:startLogSegment(425)) - a62c8bc8-4eaa-4bd0-9412-231650f1b373@group-2FBC0BCCCEED-SegmentedRaftLogWorker: Starting segment from index:0
2022-10-10 08:34:57,689 [6d0c14da-389e-4e82-8c57-a2981f576192-server-thread1] INFO  server.RaftServer$Division (ServerState.java:setRaftConf(393)) - 6d0c14da-389e-4e82-8c57-a2981f576192@group-2FBC0BCCCEED: set configuration 0: [6d0c14da-389e-4e82-8c57-a2981f576192|rpc:10.1.0.114:32983|dataStream:|priority:0, 3c09ee4b-a7a3-4286-a1c3-18dea5f798e8|rpc:10.1.0.114:38615|dataStream:|priority:1, a62c8bc8-4eaa-4bd0-9412-231650f1b373|rpc:10.1.0.114:39465|dataStream:|priority:0], old=null
2022-10-10 08:34:57,690 [6d0c14da-389e-4e82-8c57-a2981f576192-server-thread1] INFO  segmented.SegmentedRaftLogWorker (SegmentedRaftLogWorker.java:startLogSegment(425)) - 6d0c14da-389e-4e82-8c57-a2981f576192@group-2FBC0BCCCEED-SegmentedRaftLogWorker: Starting segment from index:0
2022-10-10 08:34:57,692 [a62c8bc8-4eaa-4bd0-9412-231650f1b373@group-2FBC0BCCCEED-SegmentedRaftLogWorker] INFO  segmented.SegmentedRaftLogWorker (SegmentedRaftLogWorker.java:execute(629)) - a62c8bc8-4eaa-4bd0-9412-231650f1b373@group-2FBC0BCCCEED-SegmentedRaftLogWorker: created new log segment /home/runner/work/ozone/ozone/hadoop-ozone/integration-test/target/test-dir/MiniOzoneClusterImpl-3d336b07-937f-4edb-b979-ca8ead8aca5d/datanode-1/data/ratis/f82f5b97-17e3-4dda-ae22-2fbc0bccceed/current/log_inprogress_0
2022-10-10 08:34:57,693 [6d0c14da-389e-4e82-8c57-a2981f576192@group-2FBC0BCCCEED-SegmentedRaftLogWorker] INFO  segmented.SegmentedRaftLogWorker (SegmentedRaftLogWorker.java:execute(629)) - 6d0c14da-389e-4e82-8c57-a2981f576192@group-2FBC0BCCCEED-SegmentedRaftLogWorker: created new log segment /home/runner/work/ozone/ozone/hadoop-ozone/integration-test/target/test-dir/MiniOzoneClusterImpl-3d336b07-937f-4edb-b979-ca8ead8aca5d/datanode-2/data/ratis/f82f5b97-17e3-4dda-ae22-2fbc0bccceed/current/log_inprogress_0
2022-10-10 08:34:58,171 [Listener at 127.0.0.1/46487] INFO  ozone.MiniOzoneClusterImpl (MiniOzoneClusterImpl.java:lambda$waitForClusterToBeReady$0(216)) - Nodes are ready. Got 5 of 5 DN Heartbeats.
2022-10-10 08:34:58,171 [Listener at 127.0.0.1/46487] INFO  ozone.MiniOzoneClusterImpl (MiniOzoneClusterImpl.java:lambda$waitForClusterToBeReady$0(219)) - Cluster exits safe mode
2022-10-10 08:34:58,171 [Listener at 127.0.0.1/46487] INFO  ozone.MiniOzoneClusterImpl (MiniOzoneClusterImpl.java:lambda$waitForClusterToBeReady$0(221)) - SCM became leader
2022-10-10 08:34:58,847 [Listener at 127.0.0.1/46487] INFO  rpc.RpcClient (RpcClient.java:createVolume(471)) - Creating Volume: volume16396, with user08081 as owner and space quota set to -1 bytes, counts quota set to -1
2022-10-10 08:34:58,903 [OM StateMachine ApplyTransaction Thread - 0] INFO  volume.OMVolumeCreateRequest (OMVolumeCreateRequest.java:validateAndUpdateCache(195)) - created volume:volume16396 for user:user08081
2022-10-10 08:34:58,926 [Listener at 127.0.0.1/46487] INFO  rpc.RpcClient (RpcClient.java:createBucket(674)) - Creating Bucket: volume16396/bucket39555, with bucket layout LEGACY, runner as owner, Versioning false, Storage Type set to DISK and Encryption set to false 
2022-10-10 08:34:58,953 [OM StateMachine ApplyTransaction Thread - 0] INFO  bucket.OMBucketCreateRequest (OMBucketCreateRequest.java:validateAndUpdateCache(260)) - created bucket: bucket39555 of layout LEGACY in volume: volume16396
]]></system-out>
  </testcase>
  <testcase name="testGetTrashRoot" classname="TestOzoneFileSystem" time="47.071">
    <system-out><![CDATA[2022-10-10 08:37:52,276 [Listener at 127.0.0.1/46487] INFO  ozone.MiniOzoneClusterImpl (MiniOzoneClusterImpl.java:shutdown(448)) - Shutting down the Mini Ozone Cluster
2022-10-10 08:37:52,281 [Listener at 127.0.0.1/46487] INFO  ozone.MiniOzoneClusterImpl (MiniOzoneClusterImpl.java:stop(463)) - Stopping the Mini Ozone Cluster
2022-10-10 08:37:52,281 [Listener at 127.0.0.1/46487] INFO  ozone.MiniOzoneClusterImpl (MiniOzoneClusterImpl.java:stopOM(545)) - Stopping the OzoneManager
2022-10-10 08:37:52,281 [Listener at 127.0.0.1/46487] INFO  om.OzoneManager (OzoneManager.java:stop(2036)) - om1[localhost:0]: Stopping Ozone Manager
2022-10-10 08:37:52,281 [Listener at 127.0.0.1/46487] INFO  ipc.Server (Server.java:stop(3414)) - Stopping server on 46487
2022-10-10 08:37:52,286 [IPC Server listener on 0] INFO  ipc.Server (Server.java:run(1376)) - Stopping IPC Server listener on 0
2022-10-10 08:37:52,286 [IPC Server Responder] INFO  ipc.Server (Server.java:run(1512)) - Stopping IPC Server Responder
2022-10-10 08:37:52,288 [Listener at 127.0.0.1/46487] INFO  server.RaftServer (RaftServerProxy.java:lambda$close$7(398)) - om1: close
2022-10-10 08:37:52,289 [Listener at 127.0.0.1/46487] INFO  server.RaftServer$Division (RaftServerImpl.java:lambda$close$4(434)) - om1@group-C5BA1605619E: shutdown
2022-10-10 08:37:52,289 [Listener at 127.0.0.1/46487] INFO  util.JmxRegister (JmxRegister.java:unregister(73)) - Successfully un-registered JMX Bean with object name Ratis:service=RaftServer,group=group-C5BA1605619E,id=om1
2022-10-10 08:37:52,289 [Listener at 127.0.0.1/46487] INFO  impl.RoleInfo (RoleInfo.java:shutdownLeaderState(93)) - om1: shutdown om1@group-C5BA1605619E-LeaderStateImpl
2022-10-10 08:37:52,290 [Listener at 127.0.0.1/46487] INFO  impl.PendingRequests (PendingRequests.java:sendNotLeaderResponses(282)) - om1@group-C5BA1605619E-PendingRequests: sendNotLeaderResponses
2022-10-10 08:37:52,295 [om1@group-C5BA1605619E-StateMachineUpdater] INFO  ratis.OzoneManagerStateMachine (OzoneManagerStateMachine.java:takeSnapshot(441)) - Current Snapshot Index (t:1, i:36984)
2022-10-10 08:37:52,296 [Listener at 127.0.0.1/46487] INFO  impl.StateMachineUpdater (StateMachineUpdater.java:stopAndJoin(153)) - om1@group-C5BA1605619E-StateMachineUpdater: set stopIndex = 36984
2022-10-10 08:37:52,299 [om1@group-C5BA1605619E-StateMachineUpdater] INFO  impl.StateMachineUpdater (StateMachineUpdater.java:takeSnapshot(287)) - om1@group-C5BA1605619E-StateMachineUpdater: Took a snapshot at index 36984
2022-10-10 08:37:52,300 [om1@group-C5BA1605619E-StateMachineUpdater] INFO  impl.StateMachineUpdater (StateMachineUpdater.java:lambda$new$0(92)) - om1@group-C5BA1605619E-StateMachineUpdater: snapshotIndex: updateIncreasingly -1 -> 36984
2022-10-10 08:37:52,300 [om1@group-C5BA1605619E-StateMachineUpdater] INFO  ratis.OzoneManagerStateMachine (OzoneManagerStateMachine.java:close(495)) - StateMachine has shutdown. Shutdown OzoneManager if not already shutdown.
2022-10-10 08:37:52,300 [om1@group-C5BA1605619E-StateMachineUpdater] INFO  ratis.OzoneManagerDoubleBuffer (OzoneManagerDoubleBuffer.java:stop(466)) - Stopping OMDoubleBuffer flush thread
2022-10-10 08:37:52,301 [OMDoubleBufferFlushThread] INFO  ratis.OzoneManagerDoubleBuffer (OzoneManagerDoubleBuffer.java:flushTransactions(385)) - OMDoubleBuffer flush thread OMDoubleBufferFlushThread is interrupted and will exit.
2022-10-10 08:37:52,302 [Listener at 127.0.0.1/46487] INFO  server.RaftServer$Division (ServerState.java:close(429)) - om1@group-C5BA1605619E: closes. applyIndex: 36984
2022-10-10 08:37:52,314 [om1@group-C5BA1605619E-SegmentedRaftLogWorker] INFO  segmented.SegmentedRaftLogWorker (SegmentedRaftLogWorker.java:run(336)) - om1@group-C5BA1605619E-SegmentedRaftLogWorker was interrupted, exiting. There are 0 tasks remaining in the queue.
2022-10-10 08:37:52,321 [Listener at 127.0.0.1/46487] INFO  segmented.SegmentedRaftLogWorker (SegmentedRaftLogWorker.java:close(246)) - om1@group-C5BA1605619E-SegmentedRaftLogWorker close()
2022-10-10 08:37:52,323 [Listener at 127.0.0.1/46487] INFO  server.GrpcService (GrpcService.java:closeImpl(269)) - om1: shutdown server with port 9872 now
2022-10-10 08:37:52,331 [Listener at 127.0.0.1/46487] INFO  server.GrpcService (GrpcService.java:closeImpl(278)) - om1: shutdown server with port 9872 successfully
2022-10-10 08:37:52,332 [org.apache.ratis.util.JvmPauseMonitor$$Lambda$636/263158265@7f24d88b] INFO  util.JvmPauseMonitor (JvmPauseMonitor.java:run(109)) - JvmPauseMonitor-om1: Stopped
2022-10-10 08:37:52,332 [Listener at 127.0.0.1/46487] INFO  ratis.OzoneManagerStateMachine (OzoneManagerStateMachine.java:close(495)) - StateMachine has shutdown. Shutdown OzoneManager if not already shutdown.
2022-10-10 08:37:52,332 [Listener at 127.0.0.1/46487] INFO  ratis.OzoneManagerDoubleBuffer (OzoneManagerDoubleBuffer.java:stop(478)) - OMDoubleBuffer flush thread is not running.
2022-10-10 08:37:52,332 [Listener at 127.0.0.1/46487] INFO  utils.BackgroundService (BackgroundService.java:shutdown(141)) - Shutting down service KeyDeletingService
2022-10-10 08:37:52,333 [Listener at 127.0.0.1/46487] INFO  utils.BackgroundService (BackgroundService.java:shutdown(141)) - Shutting down service DirectoryDeletingService
2022-10-10 08:37:52,333 [Listener at 127.0.0.1/46487] INFO  utils.BackgroundService (BackgroundService.java:shutdown(141)) - Shutting down service OpenKeyCleanupService
2022-10-10 08:37:52,337 [Listener at 127.0.0.1/46487] INFO  handler.ContextHandler (ContextHandler.java:doStop(1153)) - Stopped o.e.j.w.WebAppContext@68852b5{ozoneManager,/,null,STOPPED}{file:/home/runner/work/ozone/ozone/hadoop-ozone/integration-test/target/test-classes/webapps/ozoneManager}
2022-10-10 08:37:52,341 [Listener at 127.0.0.1/46487] INFO  server.AbstractConnector (AbstractConnector.java:doStop(381)) - Stopped ServerConnector@43d5258c{HTTP/1.1, (http/1.1)}{0.0.0.0:0}
2022-10-10 08:37:52,341 [Listener at 127.0.0.1/46487] INFO  server.session (HouseKeeper.java:stopScavenging(149)) - node0 Stopped scavenging
2022-10-10 08:37:52,342 [Listener at 127.0.0.1/46487] INFO  handler.ContextHandler (ContextHandler.java:doStop(1153)) - Stopped o.e.j.s.ServletContextHandler@281dfc79{static,/static,file:///home/runner/work/ozone/ozone/hadoop-ozone/integration-test/target/test-classes/webapps/static,STOPPED}
2022-10-10 08:37:52,342 [Listener at 127.0.0.1/46487] INFO  handler.ContextHandler (ContextHandler.java:doStop(1153)) - Stopped o.e.j.s.ServletContextHandler@8eebc81{logs,/logs,file:///home/runner/work/ozone/ozone/hadoop-ozone/integration-test/target/log,STOPPED}
2022-10-10 08:37:52,344 [Trash Emptier] ERROR om.TrashPolicyOzone (TrashPolicyOzone.java:run(251)) - Error attempting to shutdown
java.lang.InterruptedException
	at java.util.concurrent.locks.AbstractQueuedSynchronizer$ConditionObject.awaitNanos(AbstractQueuedSynchronizer.java:2072)
	at java.util.concurrent.ThreadPoolExecutor.awaitTermination(ThreadPoolExecutor.java:1475)
	at org.apache.hadoop.ozone.om.TrashPolicyOzone$Emptier.run(TrashPolicyOzone.java:249)
	at java.lang.Thread.run(Thread.java:750)
2022-10-10 08:37:52,344 [Trash Emptier] ERROR util.ExitUtils (ExitUtils.java:terminate(133)) - Terminating with exit status -1: Thread[Trash Emptier,5,main] has thrown an uncaught exception
java.lang.UnsupportedOperationException: fs.getUri() not implemented in TrashOzoneFileSystem
	at org.apache.hadoop.ozone.om.TrashOzoneFileSystem.getUri(TrashOzoneFileSystem.java:126)
	at org.apache.hadoop.fs.FileSystem.close(FileSystem.java:2592)
	at org.apache.hadoop.ozone.om.TrashPolicyOzone$Emptier.run(TrashPolicyOzone.java:243)
	at java.lang.Thread.run(Thread.java:750)
2022-10-10 08:37:52,348 [Listener at 127.0.0.1/46487] INFO  ozone.MiniOzoneClusterImpl (MiniOzoneClusterImpl.java:stopDatanodes(522)) - Stopping the HddsDatanodes
2022-10-10 08:37:57,352 [Listener at 127.0.0.1/46487] INFO  ozoneimpl.OzoneContainer (OzoneContainer.java:stop(400)) - Attempting to stop container services.
2022-10-10 08:37:57,352 [ForkJoinPool.commonPool-worker-0] INFO  ozoneimpl.OzoneContainer (OzoneContainer.java:stop(400)) - Attempting to stop container services.
2022-10-10 08:37:57,357 [ForkJoinPool.commonPool-worker-0] INFO  server.RaftServer (RaftServerProxy.java:lambda$close$7(398)) - a62c8bc8-4eaa-4bd0-9412-231650f1b373: close
2022-10-10 08:37:57,357 [ForkJoinPool.commonPool-worker-0] INFO  server.RaftServer$Division (RaftServerImpl.java:lambda$close$4(434)) - a62c8bc8-4eaa-4bd0-9412-231650f1b373@group-CF406588F1D0: shutdown
2022-10-10 08:37:57,357 [ForkJoinPool.commonPool-worker-0] INFO  util.JmxRegister (JmxRegister.java:unregister(73)) - Successfully un-registered JMX Bean with object name Ratis:service=RaftServer,group=group-CF406588F1D0,id=a62c8bc8-4eaa-4bd0-9412-231650f1b373
2022-10-10 08:37:57,357 [ForkJoinPool.commonPool-worker-0] INFO  impl.RoleInfo (RoleInfo.java:shutdownFollowerState(110)) - a62c8bc8-4eaa-4bd0-9412-231650f1b373: shutdown a62c8bc8-4eaa-4bd0-9412-231650f1b373@group-CF406588F1D0-FollowerState
2022-10-10 08:37:57,357 [ForkJoinPool.commonPool-worker-0] INFO  impl.StateMachineUpdater (StateMachineUpdater.java:stopAndJoin(153)) - a62c8bc8-4eaa-4bd0-9412-231650f1b373@group-CF406588F1D0-StateMachineUpdater: set stopIndex = 0
2022-10-10 08:37:57,357 [a62c8bc8-4eaa-4bd0-9412-231650f1b373@group-CF406588F1D0-FollowerState] INFO  impl.FollowerState (FollowerState.java:run(152)) - a62c8bc8-4eaa-4bd0-9412-231650f1b373@group-CF406588F1D0-FollowerState was interrupted
2022-10-10 08:37:57,358 [a62c8bc8-4eaa-4bd0-9412-231650f1b373@group-CF406588F1D0-StateMachineUpdater] INFO  ratis.ContainerStateMachine (ContainerStateMachine.java:takeSnapshot(304)) - group-CF406588F1D0: Taking a snapshot at:(t:3, i:0) file /home/runner/work/ozone/ozone/hadoop-ozone/integration-test/target/test-dir/MiniOzoneClusterImpl-3d336b07-937f-4edb-b979-ca8ead8aca5d/datanode-1/data/ratis/e379f949-6609-44ec-ab6f-cf406588f1d0/sm/snapshot.3_0
2022-10-10 08:37:57,357 [Listener at 127.0.0.1/46487] INFO  server.RaftServer (RaftServerProxy.java:lambda$close$7(398)) - 6d0c14da-389e-4e82-8c57-a2981f576192: close
2022-10-10 08:37:57,364 [Listener at 127.0.0.1/46487] INFO  server.RaftServer$Division (RaftServerImpl.java:lambda$close$4(434)) - 6d0c14da-389e-4e82-8c57-a2981f576192@group-CF406588F1D0: shutdown
2022-10-10 08:37:57,364 [Listener at 127.0.0.1/46487] INFO  util.JmxRegister (JmxRegister.java:unregister(73)) - Successfully un-registered JMX Bean with object name Ratis:service=RaftServer,group=group-CF406588F1D0,id=6d0c14da-389e-4e82-8c57-a2981f576192
2022-10-10 08:37:57,364 [Listener at 127.0.0.1/46487] INFO  impl.RoleInfo (RoleInfo.java:shutdownLeaderState(93)) - 6d0c14da-389e-4e82-8c57-a2981f576192: shutdown 6d0c14da-389e-4e82-8c57-a2981f576192@group-CF406588F1D0-LeaderStateImpl
2022-10-10 08:37:57,365 [6d0c14da-389e-4e82-8c57-a2981f576192@group-CF406588F1D0->3c09ee4b-a7a3-4286-a1c3-18dea5f798e8-GrpcLogAppender-LogAppenderDaemon] WARN  server.GrpcLogAppender (GrpcLogAppender.java:mayWait(171)) - 6d0c14da-389e-4e82-8c57-a2981f576192@group-CF406588F1D0->3c09ee4b-a7a3-4286-a1c3-18dea5f798e8-GrpcLogAppender: Wait interrupted by java.lang.InterruptedException
2022-10-10 08:37:57,366 [6d0c14da-389e-4e82-8c57-a2981f576192@group-CF406588F1D0->a62c8bc8-4eaa-4bd0-9412-231650f1b373-GrpcLogAppender-LogAppenderDaemon] WARN  server.GrpcLogAppender (GrpcLogAppender.java:mayWait(171)) - 6d0c14da-389e-4e82-8c57-a2981f576192@group-CF406588F1D0->a62c8bc8-4eaa-4bd0-9412-231650f1b373-GrpcLogAppender: Wait interrupted by java.lang.InterruptedException
2022-10-10 08:37:57,367 [Listener at 127.0.0.1/46487] INFO  impl.PendingRequests (PendingRequests.java:sendNotLeaderResponses(282)) - 6d0c14da-389e-4e82-8c57-a2981f576192@group-CF406588F1D0-PendingRequests: sendNotLeaderResponses
2022-10-10 08:37:57,369 [grpc-default-executor-4] INFO  server.GrpcServerProtocolService (GrpcServerProtocolService.java:onCompleted(140)) - a62c8bc8-4eaa-4bd0-9412-231650f1b373: Completed APPEND_ENTRIES, lastRequest: 6d0c14da-389e-4e82-8c57-a2981f576192->a62c8bc8-4eaa-4bd0-9412-231650f1b373#1-t3,previous=(t:0, i:0),leaderCommit=0,initializing? true,entries: size=1, first=(t:3, i:0), CONFIGURATIONENTRY
2022-10-10 08:37:57,370 [6d0c14da-389e-4e82-8c57-a2981f576192@group-CF406588F1D0-StateMachineUpdater] INFO  ratis.ContainerStateMachine (ContainerStateMachine.java:takeSnapshot(304)) - group-CF406588F1D0: Taking a snapshot at:(t:3, i:0) file /home/runner/work/ozone/ozone/hadoop-ozone/integration-test/target/test-dir/MiniOzoneClusterImpl-3d336b07-937f-4edb-b979-ca8ead8aca5d/datanode-2/data/ratis/e379f949-6609-44ec-ab6f-cf406588f1d0/sm/snapshot.3_0
2022-10-10 08:37:57,370 [grpc-default-executor-3] INFO  server.GrpcLogAppender (GrpcLogAppender.java:onCompleted(339)) - 6d0c14da-389e-4e82-8c57-a2981f576192@group-CF406588F1D0->a62c8bc8-4eaa-4bd0-9412-231650f1b373-AppendLogResponseHandler: follower responses appendEntries COMPLETED
2022-10-10 08:37:57,371 [Listener at 127.0.0.1/46487] INFO  impl.StateMachineUpdater (StateMachineUpdater.java:stopAndJoin(153)) - 6d0c14da-389e-4e82-8c57-a2981f576192@group-CF406588F1D0-StateMachineUpdater: set stopIndex = 0
2022-10-10 08:37:57,370 [grpc-default-executor-5] INFO  server.GrpcServerProtocolService (GrpcServerProtocolService.java:onCompleted(140)) - 3c09ee4b-a7a3-4286-a1c3-18dea5f798e8: Completed APPEND_ENTRIES, lastRequest: 6d0c14da-389e-4e82-8c57-a2981f576192->3c09ee4b-a7a3-4286-a1c3-18dea5f798e8#1-t3,previous=(t:0, i:0),leaderCommit=-1,initializing? true,entries: size=1, first=(t:3, i:0), CONFIGURATIONENTRY
2022-10-10 08:37:57,372 [grpc-default-executor-4] INFO  server.GrpcLogAppender (GrpcLogAppender.java:onCompleted(339)) - 6d0c14da-389e-4e82-8c57-a2981f576192@group-CF406588F1D0->3c09ee4b-a7a3-4286-a1c3-18dea5f798e8-AppendLogResponseHandler: follower responses appendEntries COMPLETED
2022-10-10 08:37:57,374 [grpc-default-executor-4] INFO  leader.FollowerInfo (FollowerInfoImpl.java:lambda$new$0(48)) - 6d0c14da-389e-4e82-8c57-a2981f576192@group-CF406588F1D0->3c09ee4b-a7a3-4286-a1c3-18dea5f798e8: nextIndex: updateUnconditionally 1 -> 0
2022-10-10 08:37:57,377 [grpc-default-executor-3] INFO  leader.FollowerInfo (FollowerInfoImpl.java:lambda$new$0(48)) - 6d0c14da-389e-4e82-8c57-a2981f576192@group-CF406588F1D0->a62c8bc8-4eaa-4bd0-9412-231650f1b373: nextIndex: updateUnconditionally 1 -> 0
2022-10-10 08:37:57,402 [a62c8bc8-4eaa-4bd0-9412-231650f1b373@group-CF406588F1D0-StateMachineUpdater] INFO  ratis.ContainerStateMachine (ContainerStateMachine.java:takeSnapshot(315)) - group-CF406588F1D0: Finished taking a snapshot at:(t:3, i:0) file:/home/runner/work/ozone/ozone/hadoop-ozone/integration-test/target/test-dir/MiniOzoneClusterImpl-3d336b07-937f-4edb-b979-ca8ead8aca5d/datanode-1/data/ratis/e379f949-6609-44ec-ab6f-cf406588f1d0/sm/snapshot.3_0 took: 45 ms
2022-10-10 08:37:57,402 [6d0c14da-389e-4e82-8c57-a2981f576192@group-CF406588F1D0-StateMachineUpdater] INFO  ratis.ContainerStateMachine (ContainerStateMachine.java:takeSnapshot(315)) - group-CF406588F1D0: Finished taking a snapshot at:(t:3, i:0) file:/home/runner/work/ozone/ozone/hadoop-ozone/integration-test/target/test-dir/MiniOzoneClusterImpl-3d336b07-937f-4edb-b979-ca8ead8aca5d/datanode-2/data/ratis/e379f949-6609-44ec-ab6f-cf406588f1d0/sm/snapshot.3_0 took: 33 ms
2022-10-10 08:37:57,404 [6d0c14da-389e-4e82-8c57-a2981f576192@group-CF406588F1D0-StateMachineUpdater] INFO  impl.StateMachineUpdater (StateMachineUpdater.java:takeSnapshot(287)) - 6d0c14da-389e-4e82-8c57-a2981f576192@group-CF406588F1D0-StateMachineUpdater: Took a snapshot at index 0
2022-10-10 08:37:57,404 [a62c8bc8-4eaa-4bd0-9412-231650f1b373@group-CF406588F1D0-StateMachineUpdater] INFO  impl.StateMachineUpdater (StateMachineUpdater.java:takeSnapshot(287)) - a62c8bc8-4eaa-4bd0-9412-231650f1b373@group-CF406588F1D0-StateMachineUpdater: Took a snapshot at index 0
2022-10-10 08:37:57,404 [6d0c14da-389e-4e82-8c57-a2981f576192@group-CF406588F1D0-StateMachineUpdater] INFO  impl.StateMachineUpdater (StateMachineUpdater.java:lambda$new$0(92)) - 6d0c14da-389e-4e82-8c57-a2981f576192@group-CF406588F1D0-StateMachineUpdater: snapshotIndex: updateIncreasingly -1 -> 0
2022-10-10 08:37:57,404 [a62c8bc8-4eaa-4bd0-9412-231650f1b373@group-CF406588F1D0-StateMachineUpdater] INFO  impl.StateMachineUpdater (StateMachineUpdater.java:lambda$new$0(92)) - a62c8bc8-4eaa-4bd0-9412-231650f1b373@group-CF406588F1D0-StateMachineUpdater: snapshotIndex: updateIncreasingly -1 -> 0
2022-10-10 08:37:57,409 [ForkJoinPool.commonPool-worker-0] INFO  server.RaftServer$Division (ServerState.java:close(429)) - a62c8bc8-4eaa-4bd0-9412-231650f1b373@group-CF406588F1D0: closes. applyIndex: 0
2022-10-10 08:37:57,410 [Listener at 127.0.0.1/46487] INFO  server.RaftServer$Division (ServerState.java:close(429)) - 6d0c14da-389e-4e82-8c57-a2981f576192@group-CF406588F1D0: closes. applyIndex: 0
2022-10-10 08:37:57,410 [a62c8bc8-4eaa-4bd0-9412-231650f1b373@group-CF406588F1D0-SegmentedRaftLogWorker] INFO  segmented.SegmentedRaftLogWorker (SegmentedRaftLogWorker.java:run(336)) - a62c8bc8-4eaa-4bd0-9412-231650f1b373@group-CF406588F1D0-SegmentedRaftLogWorker was interrupted, exiting. There are 0 tasks remaining in the queue.
2022-10-10 08:37:57,410 [6d0c14da-389e-4e82-8c57-a2981f576192@group-CF406588F1D0-SegmentedRaftLogWorker] INFO  segmented.SegmentedRaftLogWorker (SegmentedRaftLogWorker.java:run(336)) - 6d0c14da-389e-4e82-8c57-a2981f576192@group-CF406588F1D0-SegmentedRaftLogWorker was interrupted, exiting. There are 0 tasks remaining in the queue.
2022-10-10 08:37:57,411 [ForkJoinPool.commonPool-worker-0] INFO  segmented.SegmentedRaftLogWorker (SegmentedRaftLogWorker.java:close(246)) - a62c8bc8-4eaa-4bd0-9412-231650f1b373@group-CF406588F1D0-SegmentedRaftLogWorker close()
2022-10-10 08:37:57,414 [Listener at 127.0.0.1/46487] INFO  segmented.SegmentedRaftLogWorker (SegmentedRaftLogWorker.java:close(246)) - 6d0c14da-389e-4e82-8c57-a2981f576192@group-CF406588F1D0-SegmentedRaftLogWorker close()
2022-10-10 08:37:57,415 [Listener at 127.0.0.1/46487] INFO  server.RaftServer$Division (RaftServerImpl.java:lambda$close$4(434)) - 6d0c14da-389e-4e82-8c57-a2981f576192@group-B579C050567A: shutdown
2022-10-10 08:37:57,415 [Listener at 127.0.0.1/46487] INFO  util.JmxRegister (JmxRegister.java:unregister(73)) - Successfully un-registered JMX Bean with object name Ratis:service=RaftServer,group=group-B579C050567A,id=6d0c14da-389e-4e82-8c57-a2981f576192
2022-10-10 08:37:57,415 [Listener at 127.0.0.1/46487] INFO  impl.RoleInfo (RoleInfo.java:shutdownLeaderState(93)) - 6d0c14da-389e-4e82-8c57-a2981f576192: shutdown 6d0c14da-389e-4e82-8c57-a2981f576192@group-B579C050567A-LeaderStateImpl
2022-10-10 08:37:57,416 [Listener at 127.0.0.1/46487] INFO  impl.PendingRequests (PendingRequests.java:sendNotLeaderResponses(282)) - 6d0c14da-389e-4e82-8c57-a2981f576192@group-B579C050567A-PendingRequests: sendNotLeaderResponses
2022-10-10 08:37:57,416 [ForkJoinPool.commonPool-worker-0] INFO  server.RaftServer$Division (RaftServerImpl.java:lambda$close$4(434)) - a62c8bc8-4eaa-4bd0-9412-231650f1b373@group-9723BB0169F0: shutdown
2022-10-10 08:37:57,416 [ForkJoinPool.commonPool-worker-0] INFO  util.JmxRegister (JmxRegister.java:unregister(73)) - Successfully un-registered JMX Bean with object name Ratis:service=RaftServer,group=group-9723BB0169F0,id=a62c8bc8-4eaa-4bd0-9412-231650f1b373
2022-10-10 08:37:57,417 [ForkJoinPool.commonPool-worker-0] INFO  impl.RoleInfo (RoleInfo.java:shutdownLeaderState(93)) - a62c8bc8-4eaa-4bd0-9412-231650f1b373: shutdown a62c8bc8-4eaa-4bd0-9412-231650f1b373@group-9723BB0169F0-LeaderStateImpl
2022-10-10 08:37:57,417 [Listener at 127.0.0.1/46487] INFO  impl.StateMachineUpdater (StateMachineUpdater.java:stopAndJoin(153)) - 6d0c14da-389e-4e82-8c57-a2981f576192@group-B579C050567A-StateMachineUpdater: set stopIndex = 0
2022-10-10 08:37:57,417 [ForkJoinPool.commonPool-worker-0] INFO  impl.PendingRequests (PendingRequests.java:sendNotLeaderResponses(282)) - a62c8bc8-4eaa-4bd0-9412-231650f1b373@group-9723BB0169F0-PendingRequests: sendNotLeaderResponses
2022-10-10 08:37:57,418 [6d0c14da-389e-4e82-8c57-a2981f576192@group-B579C050567A-StateMachineUpdater] INFO  ratis.ContainerStateMachine (ContainerStateMachine.java:takeSnapshot(304)) - group-B579C050567A: Taking a snapshot at:(t:1, i:0) file /home/runner/work/ozone/ozone/hadoop-ozone/integration-test/target/test-dir/MiniOzoneClusterImpl-3d336b07-937f-4edb-b979-ca8ead8aca5d/datanode-2/data/ratis/956aeab4-77e1-4410-a820-b579c050567a/sm/snapshot.1_0
2022-10-10 08:37:57,418 [6d0c14da-389e-4e82-8c57-a2981f576192@group-B579C050567A-StateMachineUpdater] INFO  ratis.ContainerStateMachine (ContainerStateMachine.java:takeSnapshot(315)) - group-B579C050567A: Finished taking a snapshot at:(t:1, i:0) file:/home/runner/work/ozone/ozone/hadoop-ozone/integration-test/target/test-dir/MiniOzoneClusterImpl-3d336b07-937f-4edb-b979-ca8ead8aca5d/datanode-2/data/ratis/956aeab4-77e1-4410-a820-b579c050567a/sm/snapshot.1_0 took: 1 ms
2022-10-10 08:37:57,419 [6d0c14da-389e-4e82-8c57-a2981f576192@group-B579C050567A-StateMachineUpdater] INFO  impl.StateMachineUpdater (StateMachineUpdater.java:takeSnapshot(287)) - 6d0c14da-389e-4e82-8c57-a2981f576192@group-B579C050567A-StateMachineUpdater: Took a snapshot at index 0
2022-10-10 08:37:57,419 [6d0c14da-389e-4e82-8c57-a2981f576192@group-B579C050567A-StateMachineUpdater] INFO  impl.StateMachineUpdater (StateMachineUpdater.java:lambda$new$0(92)) - 6d0c14da-389e-4e82-8c57-a2981f576192@group-B579C050567A-StateMachineUpdater: snapshotIndex: updateIncreasingly -1 -> 0
2022-10-10 08:37:57,419 [ForkJoinPool.commonPool-worker-0] INFO  impl.StateMachineUpdater (StateMachineUpdater.java:stopAndJoin(153)) - a62c8bc8-4eaa-4bd0-9412-231650f1b373@group-9723BB0169F0-StateMachineUpdater: set stopIndex = 0
2022-10-10 08:37:57,419 [Listener at 127.0.0.1/46487] INFO  server.RaftServer$Division (ServerState.java:close(429)) - 6d0c14da-389e-4e82-8c57-a2981f576192@group-B579C050567A: closes. applyIndex: 0
2022-10-10 08:37:57,419 [a62c8bc8-4eaa-4bd0-9412-231650f1b373@group-9723BB0169F0-StateMachineUpdater] INFO  ratis.ContainerStateMachine (ContainerStateMachine.java:takeSnapshot(304)) - group-9723BB0169F0: Taking a snapshot at:(t:1, i:0) file /home/runner/work/ozone/ozone/hadoop-ozone/integration-test/target/test-dir/MiniOzoneClusterImpl-3d336b07-937f-4edb-b979-ca8ead8aca5d/datanode-1/data/ratis/dc62fe32-faf2-4145-acfb-9723bb0169f0/sm/snapshot.1_0
2022-10-10 08:37:57,419 [6d0c14da-389e-4e82-8c57-a2981f576192@group-B579C050567A-SegmentedRaftLogWorker] INFO  segmented.SegmentedRaftLogWorker (SegmentedRaftLogWorker.java:run(336)) - 6d0c14da-389e-4e82-8c57-a2981f576192@group-B579C050567A-SegmentedRaftLogWorker was interrupted, exiting. There are 0 tasks remaining in the queue.
2022-10-10 08:37:57,420 [Listener at 127.0.0.1/46487] INFO  segmented.SegmentedRaftLogWorker (SegmentedRaftLogWorker.java:close(246)) - 6d0c14da-389e-4e82-8c57-a2981f576192@group-B579C050567A-SegmentedRaftLogWorker close()
2022-10-10 08:37:57,420 [a62c8bc8-4eaa-4bd0-9412-231650f1b373@group-9723BB0169F0-StateMachineUpdater] INFO  ratis.ContainerStateMachine (ContainerStateMachine.java:takeSnapshot(315)) - group-9723BB0169F0: Finished taking a snapshot at:(t:1, i:0) file:/home/runner/work/ozone/ozone/hadoop-ozone/integration-test/target/test-dir/MiniOzoneClusterImpl-3d336b07-937f-4edb-b979-ca8ead8aca5d/datanode-1/data/ratis/dc62fe32-faf2-4145-acfb-9723bb0169f0/sm/snapshot.1_0 took: 1 ms
2022-10-10 08:37:57,423 [Listener at 127.0.0.1/46487] INFO  server.RaftServer$Division (RaftServerImpl.java:lambda$close$4(434)) - 6d0c14da-389e-4e82-8c57-a2981f576192@group-2FBC0BCCCEED: shutdown
2022-10-10 08:37:57,423 [a62c8bc8-4eaa-4bd0-9412-231650f1b373@group-9723BB0169F0-StateMachineUpdater] INFO  impl.StateMachineUpdater (StateMachineUpdater.java:takeSnapshot(287)) - a62c8bc8-4eaa-4bd0-9412-231650f1b373@group-9723BB0169F0-StateMachineUpdater: Took a snapshot at index 0
2022-10-10 08:37:57,424 [Listener at 127.0.0.1/46487] INFO  util.JmxRegister (JmxRegister.java:unregister(73)) - Successfully un-registered JMX Bean with object name Ratis:service=RaftServer,group=group-2FBC0BCCCEED,id=6d0c14da-389e-4e82-8c57-a2981f576192
2022-10-10 08:37:57,424 [a62c8bc8-4eaa-4bd0-9412-231650f1b373@group-9723BB0169F0-StateMachineUpdater] INFO  impl.StateMachineUpdater (StateMachineUpdater.java:lambda$new$0(92)) - a62c8bc8-4eaa-4bd0-9412-231650f1b373@group-9723BB0169F0-StateMachineUpdater: snapshotIndex: updateIncreasingly -1 -> 0
2022-10-10 08:37:57,424 [Listener at 127.0.0.1/46487] INFO  impl.RoleInfo (RoleInfo.java:shutdownFollowerState(110)) - 6d0c14da-389e-4e82-8c57-a2981f576192: shutdown 6d0c14da-389e-4e82-8c57-a2981f576192@group-2FBC0BCCCEED-FollowerState
2022-10-10 08:37:57,424 [Listener at 127.0.0.1/46487] INFO  impl.StateMachineUpdater (StateMachineUpdater.java:stopAndJoin(153)) - 6d0c14da-389e-4e82-8c57-a2981f576192@group-2FBC0BCCCEED-StateMachineUpdater: set stopIndex = 29
2022-10-10 08:37:57,424 [6d0c14da-389e-4e82-8c57-a2981f576192@group-2FBC0BCCCEED-FollowerState] INFO  impl.FollowerState (FollowerState.java:run(152)) - 6d0c14da-389e-4e82-8c57-a2981f576192@group-2FBC0BCCCEED-FollowerState was interrupted
2022-10-10 08:37:57,424 [ForkJoinPool.commonPool-worker-0] INFO  server.RaftServer$Division (ServerState.java:close(429)) - a62c8bc8-4eaa-4bd0-9412-231650f1b373@group-9723BB0169F0: closes. applyIndex: 0
2022-10-10 08:37:57,425 [a62c8bc8-4eaa-4bd0-9412-231650f1b373@group-9723BB0169F0-SegmentedRaftLogWorker] INFO  segmented.SegmentedRaftLogWorker (SegmentedRaftLogWorker.java:run(336)) - a62c8bc8-4eaa-4bd0-9412-231650f1b373@group-9723BB0169F0-SegmentedRaftLogWorker was interrupted, exiting. There are 0 tasks remaining in the queue.
2022-10-10 08:37:57,425 [6d0c14da-389e-4e82-8c57-a2981f576192@group-2FBC0BCCCEED-StateMachineUpdater] INFO  ratis.ContainerStateMachine (ContainerStateMachine.java:takeSnapshot(304)) - group-2FBC0BCCCEED: Taking a snapshot at:(t:2, i:29) file /home/runner/work/ozone/ozone/hadoop-ozone/integration-test/target/test-dir/MiniOzoneClusterImpl-3d336b07-937f-4edb-b979-ca8ead8aca5d/datanode-2/data/ratis/f82f5b97-17e3-4dda-ae22-2fbc0bccceed/sm/snapshot.2_29
2022-10-10 08:37:57,428 [ForkJoinPool.commonPool-worker-0] INFO  segmented.SegmentedRaftLogWorker (SegmentedRaftLogWorker.java:close(246)) - a62c8bc8-4eaa-4bd0-9412-231650f1b373@group-9723BB0169F0-SegmentedRaftLogWorker close()
2022-10-10 08:37:57,429 [ForkJoinPool.commonPool-worker-0] INFO  server.RaftServer$Division (RaftServerImpl.java:lambda$close$4(434)) - a62c8bc8-4eaa-4bd0-9412-231650f1b373@group-2FBC0BCCCEED: shutdown
2022-10-10 08:37:57,429 [ForkJoinPool.commonPool-worker-0] INFO  util.JmxRegister (JmxRegister.java:unregister(73)) - Successfully un-registered JMX Bean with object name Ratis:service=RaftServer,group=group-2FBC0BCCCEED,id=a62c8bc8-4eaa-4bd0-9412-231650f1b373
2022-10-10 08:37:57,429 [ForkJoinPool.commonPool-worker-0] INFO  impl.RoleInfo (RoleInfo.java:shutdownFollowerState(110)) - a62c8bc8-4eaa-4bd0-9412-231650f1b373: shutdown a62c8bc8-4eaa-4bd0-9412-231650f1b373@group-2FBC0BCCCEED-FollowerState
2022-10-10 08:37:57,429 [ForkJoinPool.commonPool-worker-0] INFO  impl.StateMachineUpdater (StateMachineUpdater.java:stopAndJoin(153)) - a62c8bc8-4eaa-4bd0-9412-231650f1b373@group-2FBC0BCCCEED-StateMachineUpdater: set stopIndex = 29
2022-10-10 08:37:57,429 [a62c8bc8-4eaa-4bd0-9412-231650f1b373@group-2FBC0BCCCEED-FollowerState] INFO  impl.FollowerState (FollowerState.java:run(152)) - a62c8bc8-4eaa-4bd0-9412-231650f1b373@group-2FBC0BCCCEED-FollowerState was interrupted
2022-10-10 08:37:57,430 [a62c8bc8-4eaa-4bd0-9412-231650f1b373@group-2FBC0BCCCEED-StateMachineUpdater] INFO  ratis.ContainerStateMachine (ContainerStateMachine.java:takeSnapshot(304)) - group-2FBC0BCCCEED: Taking a snapshot at:(t:2, i:29) file /home/runner/work/ozone/ozone/hadoop-ozone/integration-test/target/test-dir/MiniOzoneClusterImpl-3d336b07-937f-4edb-b979-ca8ead8aca5d/datanode-1/data/ratis/f82f5b97-17e3-4dda-ae22-2fbc0bccceed/sm/snapshot.2_29
2022-10-10 08:37:57,430 [6d0c14da-389e-4e82-8c57-a2981f576192@group-2FBC0BCCCEED-StateMachineUpdater] INFO  ratis.ContainerStateMachine (ContainerStateMachine.java:takeSnapshot(315)) - group-2FBC0BCCCEED: Finished taking a snapshot at:(t:2, i:29) file:/home/runner/work/ozone/ozone/hadoop-ozone/integration-test/target/test-dir/MiniOzoneClusterImpl-3d336b07-937f-4edb-b979-ca8ead8aca5d/datanode-2/data/ratis/f82f5b97-17e3-4dda-ae22-2fbc0bccceed/sm/snapshot.2_29 took: 6 ms
2022-10-10 08:37:57,431 [6d0c14da-389e-4e82-8c57-a2981f576192@group-2FBC0BCCCEED-StateMachineUpdater] INFO  impl.StateMachineUpdater (StateMachineUpdater.java:takeSnapshot(287)) - 6d0c14da-389e-4e82-8c57-a2981f576192@group-2FBC0BCCCEED-StateMachineUpdater: Took a snapshot at index 29
2022-10-10 08:37:57,431 [6d0c14da-389e-4e82-8c57-a2981f576192@group-2FBC0BCCCEED-StateMachineUpdater] INFO  impl.StateMachineUpdater (StateMachineUpdater.java:lambda$new$0(92)) - 6d0c14da-389e-4e82-8c57-a2981f576192@group-2FBC0BCCCEED-StateMachineUpdater: snapshotIndex: updateIncreasingly -1 -> 29
2022-10-10 08:37:57,431 [a62c8bc8-4eaa-4bd0-9412-231650f1b373@group-2FBC0BCCCEED-StateMachineUpdater] INFO  ratis.ContainerStateMachine (ContainerStateMachine.java:takeSnapshot(315)) - group-2FBC0BCCCEED: Finished taking a snapshot at:(t:2, i:29) file:/home/runner/work/ozone/ozone/hadoop-ozone/integration-test/target/test-dir/MiniOzoneClusterImpl-3d336b07-937f-4edb-b979-ca8ead8aca5d/datanode-1/data/ratis/f82f5b97-17e3-4dda-ae22-2fbc0bccceed/sm/snapshot.2_29 took: 1 ms
2022-10-10 08:37:57,431 [a62c8bc8-4eaa-4bd0-9412-231650f1b373@group-2FBC0BCCCEED-StateMachineUpdater] INFO  impl.StateMachineUpdater (StateMachineUpdater.java:takeSnapshot(287)) - a62c8bc8-4eaa-4bd0-9412-231650f1b373@group-2FBC0BCCCEED-StateMachineUpdater: Took a snapshot at index 29
2022-10-10 08:37:57,431 [a62c8bc8-4eaa-4bd0-9412-231650f1b373@group-2FBC0BCCCEED-StateMachineUpdater] INFO  impl.StateMachineUpdater (StateMachineUpdater.java:lambda$new$0(92)) - a62c8bc8-4eaa-4bd0-9412-231650f1b373@group-2FBC0BCCCEED-StateMachineUpdater: snapshotIndex: updateIncreasingly -1 -> 29
2022-10-10 08:37:57,432 [Listener at 127.0.0.1/46487] INFO  server.RaftServer$Division (ServerState.java:close(429)) - 6d0c14da-389e-4e82-8c57-a2981f576192@group-2FBC0BCCCEED: closes. applyIndex: 29
2022-10-10 08:37:57,432 [6d0c14da-389e-4e82-8c57-a2981f576192@group-2FBC0BCCCEED-SegmentedRaftLogWorker] INFO  segmented.SegmentedRaftLogWorker (SegmentedRaftLogWorker.java:run(336)) - 6d0c14da-389e-4e82-8c57-a2981f576192@group-2FBC0BCCCEED-SegmentedRaftLogWorker was interrupted, exiting. There are 0 tasks remaining in the queue.
2022-10-10 08:37:57,433 [Listener at 127.0.0.1/46487] INFO  segmented.SegmentedRaftLogWorker (SegmentedRaftLogWorker.java:close(246)) - 6d0c14da-389e-4e82-8c57-a2981f576192@group-2FBC0BCCCEED-SegmentedRaftLogWorker close()
2022-10-10 08:37:57,434 [Listener at 127.0.0.1/46487] INFO  server.GrpcService (GrpcService.java:closeImpl(269)) - 6d0c14da-389e-4e82-8c57-a2981f576192: shutdown server with port 32983 now
2022-10-10 08:37:57,435 [ForkJoinPool.commonPool-worker-0] INFO  server.RaftServer$Division (ServerState.java:close(429)) - a62c8bc8-4eaa-4bd0-9412-231650f1b373@group-2FBC0BCCCEED: closes. applyIndex: 29
2022-10-10 08:37:57,442 [a62c8bc8-4eaa-4bd0-9412-231650f1b373@group-2FBC0BCCCEED-SegmentedRaftLogWorker] INFO  segmented.SegmentedRaftLogWorker (SegmentedRaftLogWorker.java:run(336)) - a62c8bc8-4eaa-4bd0-9412-231650f1b373@group-2FBC0BCCCEED-SegmentedRaftLogWorker was interrupted, exiting. There are 0 tasks remaining in the queue.
2022-10-10 08:37:57,442 [ForkJoinPool.commonPool-worker-0] INFO  segmented.SegmentedRaftLogWorker (SegmentedRaftLogWorker.java:close(246)) - a62c8bc8-4eaa-4bd0-9412-231650f1b373@group-2FBC0BCCCEED-SegmentedRaftLogWorker close()
2022-10-10 08:37:57,444 [grpc-default-executor-4] WARN  server.GrpcServerProtocolService (LogUtils.java:warn(122)) - 6d0c14da-389e-4e82-8c57-a2981f576192: installSnapshot onError, lastRequest: 3c09ee4b-a7a3-4286-a1c3-18dea5f798e8->6d0c14da-389e-4e82-8c57-a2981f576192#485-t2,previous=(t:2, i:28),leaderCommit=27,initializing? true,entries: size=1, first=(t:2, i:29), METADATAENTRY(c:27): org.apache.ratis.thirdparty.io.grpc.StatusRuntimeException: CANCELLED: client cancelled
2022-10-10 08:37:57,448 [ForkJoinPool.commonPool-worker-0] INFO  server.GrpcService (GrpcService.java:closeImpl(269)) - a62c8bc8-4eaa-4bd0-9412-231650f1b373: shutdown server with port 39465 now
2022-10-10 08:37:57,450 [grpc-default-executor-3] WARN  server.GrpcServerProtocolService (LogUtils.java:warn(122)) - a62c8bc8-4eaa-4bd0-9412-231650f1b373: installSnapshot onError, lastRequest: 3c09ee4b-a7a3-4286-a1c3-18dea5f798e8->a62c8bc8-4eaa-4bd0-9412-231650f1b373#477-t2,previous=(t:2, i:28),leaderCommit=27,initializing? true,entries: size=1, first=(t:2, i:29), METADATAENTRY(c:27): org.apache.ratis.thirdparty.io.grpc.StatusRuntimeException: CANCELLED: client cancelled
2022-10-10 08:37:57,453 [Listener at 127.0.0.1/46487] INFO  server.GrpcService (GrpcService.java:closeImpl(278)) - 6d0c14da-389e-4e82-8c57-a2981f576192: shutdown server with port 32983 successfully
2022-10-10 08:37:57,454 [ForkJoinPool.commonPool-worker-0] INFO  server.GrpcService (GrpcService.java:closeImpl(278)) - a62c8bc8-4eaa-4bd0-9412-231650f1b373: shutdown server with port 39465 successfully
2022-10-10 08:37:57,454 [org.apache.ratis.util.JvmPauseMonitor$$Lambda$636/263158265@364a6064] INFO  util.JvmPauseMonitor (JvmPauseMonitor.java:run(109)) - JvmPauseMonitor-6d0c14da-389e-4e82-8c57-a2981f576192: Stopped
2022-10-10 08:37:57,454 [org.apache.ratis.util.JvmPauseMonitor$$Lambda$636/263158265@720475de] INFO  util.JvmPauseMonitor (JvmPauseMonitor.java:run(109)) - JvmPauseMonitor-a62c8bc8-4eaa-4bd0-9412-231650f1b373: Stopped
2022-10-10 08:37:57,454 [grpc-default-executor-3] WARN  server.GrpcLogAppender (LogUtils.java:warn(122)) - 3c09ee4b-a7a3-4286-a1c3-18dea5f798e8@group-2FBC0BCCCEED->6d0c14da-389e-4e82-8c57-a2981f576192-AppendLogResponseHandler: Failed appendEntries: org.apache.ratis.thirdparty.io.grpc.StatusRuntimeException: CANCELLED: RST_STREAM closed stream. HTTP/2 error code: CANCEL
2022-10-10 08:37:57,455 [grpc-default-executor-3] INFO  leader.FollowerInfo (FollowerInfoImpl.java:lambda$new$0(48)) - 3c09ee4b-a7a3-4286-a1c3-18dea5f798e8@group-2FBC0BCCCEED->6d0c14da-389e-4e82-8c57-a2981f576192: nextIndex: updateUnconditionally 30 -> 29
2022-10-10 08:37:57,462 [grpc-default-executor-3] WARN  server.GrpcLogAppender (LogUtils.java:warn(122)) - 3c09ee4b-a7a3-4286-a1c3-18dea5f798e8@group-2FBC0BCCCEED->a62c8bc8-4eaa-4bd0-9412-231650f1b373-AppendLogResponseHandler: Failed appendEntries: org.apache.ratis.thirdparty.io.grpc.StatusRuntimeException: CANCELLED: RST_STREAM closed stream. HTTP/2 error code: CANCEL
2022-10-10 08:37:57,462 [grpc-default-executor-3] INFO  leader.FollowerInfo (FollowerInfoImpl.java:lambda$new$0(48)) - 3c09ee4b-a7a3-4286-a1c3-18dea5f798e8@group-2FBC0BCCCEED->a62c8bc8-4eaa-4bd0-9412-231650f1b373: nextIndex: updateUnconditionally 30 -> 29
2022-10-10 08:37:57,475 [grpc-default-executor-4] WARN  server.GrpcLogAppender (LogUtils.java:warn(122)) - 3c09ee4b-a7a3-4286-a1c3-18dea5f798e8@group-2FBC0BCCCEED->a62c8bc8-4eaa-4bd0-9412-231650f1b373-AppendLogResponseHandler: Failed appendEntries: org.apache.ratis.thirdparty.io.grpc.StatusRuntimeException: UNAVAILABLE: io exception
2022-10-10 08:37:57,476 [grpc-default-executor-3] WARN  server.GrpcLogAppender (LogUtils.java:warn(122)) - 3c09ee4b-a7a3-4286-a1c3-18dea5f798e8@group-2FBC0BCCCEED->6d0c14da-389e-4e82-8c57-a2981f576192-AppendLogResponseHandler: Failed appendEntries: org.apache.ratis.thirdparty.io.grpc.StatusRuntimeException: UNAVAILABLE: io exception
2022-10-10 08:37:57,476 [grpc-default-executor-4] INFO  leader.FollowerInfo (FollowerInfoImpl.java:lambda$new$0(48)) - 3c09ee4b-a7a3-4286-a1c3-18dea5f798e8@group-2FBC0BCCCEED->a62c8bc8-4eaa-4bd0-9412-231650f1b373: nextIndex: updateUnconditionally 30 -> 29
2022-10-10 08:37:57,476 [grpc-default-executor-3] INFO  leader.FollowerInfo (FollowerInfoImpl.java:lambda$new$0(48)) - 3c09ee4b-a7a3-4286-a1c3-18dea5f798e8@group-2FBC0BCCCEED->6d0c14da-389e-4e82-8c57-a2981f576192: nextIndex: updateUnconditionally 30 -> 29
2022-10-10 08:37:57,796 [grpc-default-executor-3] WARN  server.GrpcLogAppender (LogUtils.java:warn(122)) - 3c09ee4b-a7a3-4286-a1c3-18dea5f798e8@group-2FBC0BCCCEED->a62c8bc8-4eaa-4bd0-9412-231650f1b373-AppendLogResponseHandler: Failed appendEntries: org.apache.ratis.thirdparty.io.grpc.StatusRuntimeException: UNAVAILABLE: io exception
2022-10-10 08:37:57,797 [grpc-default-executor-3] INFO  leader.FollowerInfo (FollowerInfoImpl.java:lambda$new$0(48)) - 3c09ee4b-a7a3-4286-a1c3-18dea5f798e8@group-2FBC0BCCCEED->a62c8bc8-4eaa-4bd0-9412-231650f1b373: nextIndex: updateUnconditionally 30 -> 29
2022-10-10 08:37:57,816 [grpc-default-executor-3] WARN  server.GrpcLogAppender (LogUtils.java:warn(122)) - 3c09ee4b-a7a3-4286-a1c3-18dea5f798e8@group-2FBC0BCCCEED->6d0c14da-389e-4e82-8c57-a2981f576192-AppendLogResponseHandler: Failed appendEntries: org.apache.ratis.thirdparty.io.grpc.StatusRuntimeException: UNAVAILABLE: io exception
2022-10-10 08:37:57,817 [grpc-default-executor-3] INFO  leader.FollowerInfo (FollowerInfoImpl.java:lambda$new$0(48)) - 3c09ee4b-a7a3-4286-a1c3-18dea5f798e8@group-2FBC0BCCCEED->6d0c14da-389e-4e82-8c57-a2981f576192: nextIndex: updateUnconditionally 30 -> 29
2022-10-10 08:37:59,047 [grpc-default-executor-3] WARN  server.GrpcLogAppender (LogUtils.java:warn(122)) - 3c09ee4b-a7a3-4286-a1c3-18dea5f798e8@group-2FBC0BCCCEED->a62c8bc8-4eaa-4bd0-9412-231650f1b373-AppendLogResponseHandler: Failed appendEntries: org.apache.ratis.thirdparty.io.grpc.StatusRuntimeException: UNAVAILABLE: io exception
2022-10-10 08:37:59,048 [grpc-default-executor-3] INFO  leader.FollowerInfo (FollowerInfoImpl.java:lambda$new$0(48)) - 3c09ee4b-a7a3-4286-a1c3-18dea5f798e8@group-2FBC0BCCCEED->a62c8bc8-4eaa-4bd0-9412-231650f1b373: nextIndex: updateUnconditionally 30 -> 29
2022-10-10 08:37:59,067 [grpc-default-executor-3] WARN  server.GrpcLogAppender (LogUtils.java:warn(122)) - 3c09ee4b-a7a3-4286-a1c3-18dea5f798e8@group-2FBC0BCCCEED->6d0c14da-389e-4e82-8c57-a2981f576192-AppendLogResponseHandler: Failed appendEntries: org.apache.ratis.thirdparty.io.grpc.StatusRuntimeException: UNAVAILABLE: io exception
2022-10-10 08:37:59,068 [grpc-default-executor-3] INFO  leader.FollowerInfo (FollowerInfoImpl.java:lambda$new$0(48)) - 3c09ee4b-a7a3-4286-a1c3-18dea5f798e8@group-2FBC0BCCCEED->6d0c14da-389e-4e82-8c57-a2981f576192: nextIndex: updateUnconditionally 30 -> 29
2022-10-10 08:37:59,477 [Listener at 127.0.0.1/46487] INFO  utils.BackgroundService (BackgroundService.java:shutdown(141)) - Shutting down service BlockDeletingService
2022-10-10 08:37:59,479 [Listener at 127.0.0.1/46487] INFO  utils.BackgroundService (BackgroundService.java:shutdown(141)) - Shutting down service StaleRecoveringContainerScrubbingService
2022-10-10 08:37:59,481 [ForkJoinPool.commonPool-worker-0] INFO  utils.BackgroundService (BackgroundService.java:shutdown(141)) - Shutting down service BlockDeletingService
2022-10-10 08:37:59,483 [ForkJoinPool.commonPool-worker-0] INFO  utils.BackgroundService (BackgroundService.java:shutdown(141)) - Shutting down service StaleRecoveringContainerScrubbingService
2022-10-10 08:38:00,298 [grpc-default-executor-3] WARN  server.GrpcLogAppender (LogUtils.java:warn(122)) - 3c09ee4b-a7a3-4286-a1c3-18dea5f798e8@group-2FBC0BCCCEED->a62c8bc8-4eaa-4bd0-9412-231650f1b373-AppendLogResponseHandler: Failed appendEntries: org.apache.ratis.thirdparty.io.grpc.StatusRuntimeException: UNAVAILABLE: io exception
2022-10-10 08:38:00,299 [grpc-default-executor-3] INFO  leader.FollowerInfo (FollowerInfoImpl.java:lambda$new$0(48)) - 3c09ee4b-a7a3-4286-a1c3-18dea5f798e8@group-2FBC0BCCCEED->a62c8bc8-4eaa-4bd0-9412-231650f1b373: nextIndex: updateUnconditionally 30 -> 29
2022-10-10 08:38:00,317 [grpc-default-executor-3] WARN  server.GrpcLogAppender (LogUtils.java:warn(122)) - 3c09ee4b-a7a3-4286-a1c3-18dea5f798e8@group-2FBC0BCCCEED->6d0c14da-389e-4e82-8c57-a2981f576192-AppendLogResponseHandler: Failed appendEntries: org.apache.ratis.thirdparty.io.grpc.StatusRuntimeException: UNAVAILABLE: io exception
2022-10-10 08:38:00,318 [grpc-default-executor-3] INFO  leader.FollowerInfo (FollowerInfoImpl.java:lambda$new$0(48)) - 3c09ee4b-a7a3-4286-a1c3-18dea5f798e8@group-2FBC0BCCCEED->6d0c14da-389e-4e82-8c57-a2981f576192: nextIndex: updateUnconditionally 30 -> 29
2022-10-10 08:38:01,089 [3c09ee4b-a7a3-4286-a1c3-18dea5f798e8@group-2FBC0BCCCEED-LeaderStateImpl] WARN  server.RaftServer$Division (LeaderStateImpl.java:checkLeadership(1018)) - 3c09ee4b-a7a3-4286-a1c3-18dea5f798e8@group-2FBC0BCCCEED-LeaderStateImpl: Lost leadership on term: 2. Election timeout: 5200ms. In charge for: 183487ms. Conf: 0: [6d0c14da-389e-4e82-8c57-a2981f576192|rpc:10.1.0.114:32983|dataStream:|priority:0, 3c09ee4b-a7a3-4286-a1c3-18dea5f798e8|rpc:10.1.0.114:38615|dataStream:|priority:1, a62c8bc8-4eaa-4bd0-9412-231650f1b373|rpc:10.1.0.114:39465|dataStream:|priority:0], old=null
2022-10-10 08:38:01,090 [3c09ee4b-a7a3-4286-a1c3-18dea5f798e8@group-2FBC0BCCCEED-LeaderStateImpl] WARN  server.RaftServer$Division (LeaderStateImpl.java:lambda$checkLeadership$17(1022)) - Follower 3c09ee4b-a7a3-4286-a1c3-18dea5f798e8@group-2FBC0BCCCEED->6d0c14da-389e-4e82-8c57-a2981f576192(c29,m29,n29, attendVote=true, lastRpcSendTime=772, lastRpcResponseTime=5774)
2022-10-10 08:38:01,090 [3c09ee4b-a7a3-4286-a1c3-18dea5f798e8@group-2FBC0BCCCEED-LeaderStateImpl] WARN  server.RaftServer$Division (LeaderStateImpl.java:lambda$checkLeadership$17(1022)) - Follower 3c09ee4b-a7a3-4286-a1c3-18dea5f798e8@group-2FBC0BCCCEED->a62c8bc8-4eaa-4bd0-9412-231650f1b373(c29,m29,n29, attendVote=true, lastRpcSendTime=792, lastRpcResponseTime=5795)
2022-10-10 08:38:01,090 [3c09ee4b-a7a3-4286-a1c3-18dea5f798e8@group-2FBC0BCCCEED-LeaderStateImpl] INFO  server.RaftServer$Division (RaftServerImpl.java:setRole(299)) - 3c09ee4b-a7a3-4286-a1c3-18dea5f798e8@group-2FBC0BCCCEED: changes role from    LEADER to FOLLOWER at term 2 for StepDownReason:LOST_MAJORITY_HEARTBEATS
2022-10-10 08:38:01,091 [3c09ee4b-a7a3-4286-a1c3-18dea5f798e8@group-2FBC0BCCCEED-LeaderStateImpl] INFO  impl.RoleInfo (RoleInfo.java:shutdownLeaderState(93)) - 3c09ee4b-a7a3-4286-a1c3-18dea5f798e8: shutdown 3c09ee4b-a7a3-4286-a1c3-18dea5f798e8@group-2FBC0BCCCEED-LeaderStateImpl
2022-10-10 08:38:01,092 [3c09ee4b-a7a3-4286-a1c3-18dea5f798e8@group-2FBC0BCCCEED->6d0c14da-389e-4e82-8c57-a2981f576192-GrpcLogAppender-LogAppenderDaemon] WARN  server.GrpcLogAppender (GrpcLogAppender.java:mayWait(171)) - 3c09ee4b-a7a3-4286-a1c3-18dea5f798e8@group-2FBC0BCCCEED->6d0c14da-389e-4e82-8c57-a2981f576192-GrpcLogAppender: Wait interrupted by java.lang.InterruptedException
2022-10-10 08:38:01,092 [3c09ee4b-a7a3-4286-a1c3-18dea5f798e8@group-2FBC0BCCCEED-LeaderStateImpl] INFO  impl.PendingRequests (PendingRequests.java:sendNotLeaderResponses(282)) - 3c09ee4b-a7a3-4286-a1c3-18dea5f798e8@group-2FBC0BCCCEED-PendingRequests: sendNotLeaderResponses
2022-10-10 08:38:01,097 [3c09ee4b-a7a3-4286-a1c3-18dea5f798e8@group-2FBC0BCCCEED->a62c8bc8-4eaa-4bd0-9412-231650f1b373-GrpcLogAppender-LogAppenderDaemon] WARN  server.GrpcLogAppender (GrpcLogAppender.java:mayWait(171)) - 3c09ee4b-a7a3-4286-a1c3-18dea5f798e8@group-2FBC0BCCCEED->a62c8bc8-4eaa-4bd0-9412-231650f1b373-GrpcLogAppender: Wait interrupted by java.lang.InterruptedException
2022-10-10 08:38:01,099 [3c09ee4b-a7a3-4286-a1c3-18dea5f798e8@group-2FBC0BCCCEED-LeaderStateImpl] INFO  impl.RoleInfo (RoleInfo.java:updateAndGet(139)) - 3c09ee4b-a7a3-4286-a1c3-18dea5f798e8: start 3c09ee4b-a7a3-4286-a1c3-18dea5f798e8@group-2FBC0BCCCEED-FollowerState
2022-10-10 08:38:02,484 [Listener at 127.0.0.1/46487] INFO  statemachine.DatanodeStateMachine (DatanodeStateMachine.java:stopDaemon(580)) - Ozone container server stopped.
2022-10-10 08:38:02,494 [ForkJoinPool.commonPool-worker-0] INFO  statemachine.DatanodeStateMachine (DatanodeStateMachine.java:stopDaemon(580)) - Ozone container server stopped.
2022-10-10 08:38:02,513 [ForkJoinPool.commonPool-worker-0] INFO  handler.ContextHandler (ContextHandler.java:doStop(1153)) - Stopped o.e.j.w.WebAppContext@664724e7{hddsDatanode,/,null,STOPPED}{jar:file:/home/runner/.m2/repository/org/apache/ozone/hdds-container-service/1.3.0-SNAPSHOT/hdds-container-service-1.3.0-SNAPSHOT.jar!/webapps/hddsDatanode}
2022-10-10 08:38:02,519 [Listener at 127.0.0.1/46487] INFO  handler.ContextHandler (ContextHandler.java:doStop(1153)) - Stopped o.e.j.w.WebAppContext@7985f341{hddsDatanode,/,null,STOPPED}{jar:file:/home/runner/.m2/repository/org/apache/ozone/hdds-container-service/1.3.0-SNAPSHOT/hdds-container-service-1.3.0-SNAPSHOT.jar!/webapps/hddsDatanode}
2022-10-10 08:38:02,519 [Listener at 127.0.0.1/46487] INFO  server.AbstractConnector (AbstractConnector.java:doStop(381)) - Stopped ServerConnector@14c4adab{HTTP/1.1, (http/1.1)}{0.0.0.0:0}
2022-10-10 08:38:02,520 [Listener at 127.0.0.1/46487] INFO  server.session (HouseKeeper.java:stopScavenging(149)) - node0 Stopped scavenging
2022-10-10 08:38:02,520 [Listener at 127.0.0.1/46487] INFO  handler.ContextHandler (ContextHandler.java:doStop(1153)) - Stopped o.e.j.s.ServletContextHandler@5074dd7{static,/static,jar:file:/home/runner/.m2/repository/org/apache/ozone/hdds-container-service/1.3.0-SNAPSHOT/hdds-container-service-1.3.0-SNAPSHOT.jar!/webapps/static,STOPPED}
2022-10-10 08:38:02,520 [Listener at 127.0.0.1/46487] INFO  handler.ContextHandler (ContextHandler.java:doStop(1153)) - Stopped o.e.j.s.ServletContextHandler@7ebc160d{logs,/logs,file:///home/runner/work/ozone/ozone/hadoop-ozone/integration-test/target/log,STOPPED}
2022-10-10 08:38:02,516 [ForkJoinPool.commonPool-worker-0] INFO  server.AbstractConnector (AbstractConnector.java:doStop(381)) - Stopped ServerConnector@4e3db1c6{HTTP/1.1, (http/1.1)}{0.0.0.0:0}
2022-10-10 08:38:02,522 [ForkJoinPool.commonPool-worker-0] INFO  server.session (HouseKeeper.java:stopScavenging(149)) - node0 Stopped scavenging
2022-10-10 08:38:02,530 [ForkJoinPool.commonPool-worker-0] INFO  handler.ContextHandler (ContextHandler.java:doStop(1153)) - Stopped o.e.j.s.ServletContextHandler@38407b0e{static,/static,jar:file:/home/runner/.m2/repository/org/apache/ozone/hdds-container-service/1.3.0-SNAPSHOT/hdds-container-service-1.3.0-SNAPSHOT.jar!/webapps/static,STOPPED}
2022-10-10 08:38:02,530 [ForkJoinPool.commonPool-worker-0] INFO  handler.ContextHandler (ContextHandler.java:doStop(1153)) - Stopped o.e.j.s.ServletContextHandler@2709109{logs,/logs,file:///home/runner/work/ozone/ozone/hadoop-ozone/integration-test/target/log,STOPPED}
2022-10-10 08:38:02,755 [Under Replicated Processor] INFO  replication.UnderReplicatedProcessor (UnderReplicatedProcessor.java:processAll(92)) - Processed 0 under replicated containers, failed processing 0
2022-10-10 08:38:02,761 [Over Replicated Processor] INFO  replication.OverReplicatedProcessor (OverReplicatedProcessor.java:processAll(90)) - Processed 0 over replicated containers, failed processing 0
2022-10-10 08:38:05,634 [3c09ee4b-a7a3-4286-a1c3-18dea5f798e8@group-CF406588F1D0-FollowerState] INFO  impl.FollowerState (FollowerState.java:run(143)) - 3c09ee4b-a7a3-4286-a1c3-18dea5f798e8@group-CF406588F1D0-FollowerState: change to CANDIDATE, lastRpcElapsedTime:8335614011ns, electionTimeout:5196ms
2022-10-10 08:38:05,634 [3c09ee4b-a7a3-4286-a1c3-18dea5f798e8@group-CF406588F1D0-FollowerState] INFO  impl.RoleInfo (RoleInfo.java:shutdownFollowerState(110)) - 3c09ee4b-a7a3-4286-a1c3-18dea5f798e8: shutdown 3c09ee4b-a7a3-4286-a1c3-18dea5f798e8@group-CF406588F1D0-FollowerState
2022-10-10 08:38:05,634 [3c09ee4b-a7a3-4286-a1c3-18dea5f798e8@group-CF406588F1D0-FollowerState] INFO  server.RaftServer$Division (RaftServerImpl.java:setRole(299)) - 3c09ee4b-a7a3-4286-a1c3-18dea5f798e8@group-CF406588F1D0: changes role from  FOLLOWER to CANDIDATE at term 3 for changeToCandidate
2022-10-10 08:38:05,635 [3c09ee4b-a7a3-4286-a1c3-18dea5f798e8@group-CF406588F1D0-FollowerState] INFO  server.RaftServerConfigKeys (ConfUtils.java:logGet(46)) - raft.server.leaderelection.pre-vote = false (custom)
2022-10-10 08:38:05,635 [3c09ee4b-a7a3-4286-a1c3-18dea5f798e8@group-CF406588F1D0-FollowerState] INFO  impl.RoleInfo (RoleInfo.java:updateAndGet(139)) - 3c09ee4b-a7a3-4286-a1c3-18dea5f798e8: start 3c09ee4b-a7a3-4286-a1c3-18dea5f798e8@group-CF406588F1D0-LeaderElection13
2022-10-10 08:38:05,644 [3c09ee4b-a7a3-4286-a1c3-18dea5f798e8@group-CF406588F1D0-LeaderElection13] INFO  server.RaftServer$Division (ServerState.java:setLeader(287)) - 3c09ee4b-a7a3-4286-a1c3-18dea5f798e8@group-CF406588F1D0: change Leader from 6d0c14da-389e-4e82-8c57-a2981f576192 to null at term 3 for ELECTION
2022-10-10 08:38:05,648 [3c09ee4b-a7a3-4286-a1c3-18dea5f798e8@group-CF406588F1D0-LeaderElection13] INFO  impl.LeaderElection (LeaderElection.java:askForVotes(310)) - 3c09ee4b-a7a3-4286-a1c3-18dea5f798e8@group-CF406588F1D0-LeaderElection13 ELECTION round 0: submit vote requests at term 4 for 0: [6d0c14da-389e-4e82-8c57-a2981f576192|rpc:10.1.0.114:32983|dataStream:|priority:1, 3c09ee4b-a7a3-4286-a1c3-18dea5f798e8|rpc:10.1.0.114:38615|dataStream:|priority:0, a62c8bc8-4eaa-4bd0-9412-231650f1b373|rpc:10.1.0.114:39465|dataStream:|priority:0], old=null
2022-10-10 08:38:05,652 [3c09ee4b-a7a3-4286-a1c3-18dea5f798e8@group-CF406588F1D0-LeaderElection13] INFO  impl.LeaderElection (LogUtils.java:infoOrTrace(137)) - 3c09ee4b-a7a3-4286-a1c3-18dea5f798e8@group-CF406588F1D0-LeaderElection13 got exception when requesting votes: java.util.concurrent.ExecutionException: org.apache.ratis.thirdparty.io.grpc.StatusRuntimeException: UNAVAILABLE: io exception
2022-10-10 08:38:05,652 [3c09ee4b-a7a3-4286-a1c3-18dea5f798e8@group-CF406588F1D0-LeaderElection13] INFO  impl.LeaderElection (LogUtils.java:infoOrTrace(137)) - 3c09ee4b-a7a3-4286-a1c3-18dea5f798e8@group-CF406588F1D0-LeaderElection13 got exception when requesting votes: java.util.concurrent.ExecutionException: org.apache.ratis.thirdparty.io.grpc.StatusRuntimeException: UNAVAILABLE: io exception
2022-10-10 08:38:05,652 [3c09ee4b-a7a3-4286-a1c3-18dea5f798e8@group-CF406588F1D0-LeaderElection13] INFO  impl.LeaderElection (LeaderElection.java:logAndReturn(90)) - 3c09ee4b-a7a3-4286-a1c3-18dea5f798e8@group-CF406588F1D0-LeaderElection13: ELECTION REJECTED received 0 response(s) and 2 exception(s):
2022-10-10 08:38:05,653 [3c09ee4b-a7a3-4286-a1c3-18dea5f798e8@group-CF406588F1D0-LeaderElection13] INFO  impl.LeaderElection (LogUtils.java:infoOrTrace(137)) -   Exception 0: java.util.concurrent.ExecutionException: org.apache.ratis.thirdparty.io.grpc.StatusRuntimeException: UNAVAILABLE: io exception
2022-10-10 08:38:05,653 [3c09ee4b-a7a3-4286-a1c3-18dea5f798e8@group-CF406588F1D0-LeaderElection13] INFO  impl.LeaderElection (LogUtils.java:infoOrTrace(137)) -   Exception 1: java.util.concurrent.ExecutionException: org.apache.ratis.thirdparty.io.grpc.StatusRuntimeException: UNAVAILABLE: io exception
2022-10-10 08:38:05,653 [3c09ee4b-a7a3-4286-a1c3-18dea5f798e8@group-CF406588F1D0-LeaderElection13] INFO  impl.LeaderElection (LeaderElection.java:askForVotes(312)) - 3c09ee4b-a7a3-4286-a1c3-18dea5f798e8@group-CF406588F1D0-LeaderElection13 ELECTION round 0: result REJECTED
2022-10-10 08:38:05,653 [3c09ee4b-a7a3-4286-a1c3-18dea5f798e8@group-CF406588F1D0-LeaderElection13] INFO  server.RaftServer$Division (RaftServerImpl.java:setRole(299)) - 3c09ee4b-a7a3-4286-a1c3-18dea5f798e8@group-CF406588F1D0: changes role from CANDIDATE to FOLLOWER at term 4 for REJECTED
2022-10-10 08:38:05,653 [3c09ee4b-a7a3-4286-a1c3-18dea5f798e8@group-CF406588F1D0-LeaderElection13] INFO  impl.RoleInfo (RoleInfo.java:shutdownLeaderElection(130)) - 3c09ee4b-a7a3-4286-a1c3-18dea5f798e8: shutdown 3c09ee4b-a7a3-4286-a1c3-18dea5f798e8@group-CF406588F1D0-LeaderElection13
2022-10-10 08:38:05,653 [3c09ee4b-a7a3-4286-a1c3-18dea5f798e8@group-CF406588F1D0-LeaderElection13] INFO  impl.RoleInfo (RoleInfo.java:updateAndGet(139)) - 3c09ee4b-a7a3-4286-a1c3-18dea5f798e8: start 3c09ee4b-a7a3-4286-a1c3-18dea5f798e8@group-CF406588F1D0-FollowerState
2022-10-10 08:38:06,250 [3c09ee4b-a7a3-4286-a1c3-18dea5f798e8@group-2FBC0BCCCEED-FollowerState] INFO  impl.FollowerState (FollowerState.java:lostMajorityHeartbeatsRecently(108)) - 3c09ee4b-a7a3-4286-a1c3-18dea5f798e8@group-2FBC0BCCCEED-FollowerState: Skipping leader election since it stepped down recently (elapsed = 5150ms < waitTime = 10s)
2022-10-10 08:38:07,526 [Listener at 127.0.0.1/46487] INFO  ozoneimpl.OzoneContainer (OzoneContainer.java:stop(400)) - Attempting to stop container services.
2022-10-10 08:38:07,527 [Listener at 127.0.0.1/46487] INFO  server.RaftServer (RaftServerProxy.java:lambda$close$7(398)) - e12fe51a-b2e5-4197-af5e-5cbb6259f850: close
2022-10-10 08:38:07,527 [Listener at 127.0.0.1/46487] INFO  server.RaftServer$Division (RaftServerImpl.java:lambda$close$4(434)) - e12fe51a-b2e5-4197-af5e-5cbb6259f850@group-EDC02AC66B34: shutdown
2022-10-10 08:38:07,527 [Listener at 127.0.0.1/46487] INFO  util.JmxRegister (JmxRegister.java:unregister(73)) - Successfully un-registered JMX Bean with object name Ratis:service=RaftServer,group=group-EDC02AC66B34,id=e12fe51a-b2e5-4197-af5e-5cbb6259f850
2022-10-10 08:38:07,527 [Listener at 127.0.0.1/46487] INFO  impl.RoleInfo (RoleInfo.java:shutdownLeaderState(93)) - e12fe51a-b2e5-4197-af5e-5cbb6259f850: shutdown e12fe51a-b2e5-4197-af5e-5cbb6259f850@group-EDC02AC66B34-LeaderStateImpl
2022-10-10 08:38:07,528 [Listener at 127.0.0.1/46487] INFO  impl.PendingRequests (PendingRequests.java:sendNotLeaderResponses(282)) - e12fe51a-b2e5-4197-af5e-5cbb6259f850@group-EDC02AC66B34-PendingRequests: sendNotLeaderResponses
2022-10-10 08:38:07,534 [ForkJoinPool.commonPool-worker-0] INFO  ozoneimpl.OzoneContainer (OzoneContainer.java:stop(400)) - Attempting to stop container services.
2022-10-10 08:38:07,535 [ForkJoinPool.commonPool-worker-0] INFO  server.RaftServer (RaftServerProxy.java:lambda$close$7(398)) - 3c09ee4b-a7a3-4286-a1c3-18dea5f798e8: close
2022-10-10 08:38:07,535 [ForkJoinPool.commonPool-worker-0] INFO  server.RaftServer$Division (RaftServerImpl.java:lambda$close$4(434)) - 3c09ee4b-a7a3-4286-a1c3-18dea5f798e8@group-CF406588F1D0: shutdown
2022-10-10 08:38:07,535 [ForkJoinPool.commonPool-worker-0] INFO  util.JmxRegister (JmxRegister.java:unregister(73)) - Successfully un-registered JMX Bean with object name Ratis:service=RaftServer,group=group-CF406588F1D0,id=3c09ee4b-a7a3-4286-a1c3-18dea5f798e8
2022-10-10 08:38:07,535 [ForkJoinPool.commonPool-worker-0] INFO  impl.RoleInfo (RoleInfo.java:shutdownFollowerState(110)) - 3c09ee4b-a7a3-4286-a1c3-18dea5f798e8: shutdown 3c09ee4b-a7a3-4286-a1c3-18dea5f798e8@group-CF406588F1D0-FollowerState
2022-10-10 08:38:07,536 [ForkJoinPool.commonPool-worker-0] INFO  impl.StateMachineUpdater (StateMachineUpdater.java:stopAndJoin(153)) - 3c09ee4b-a7a3-4286-a1c3-18dea5f798e8@group-CF406588F1D0-StateMachineUpdater: set stopIndex = 0
2022-10-10 08:38:07,536 [3c09ee4b-a7a3-4286-a1c3-18dea5f798e8@group-CF406588F1D0-FollowerState] INFO  impl.FollowerState (FollowerState.java:run(152)) - 3c09ee4b-a7a3-4286-a1c3-18dea5f798e8@group-CF406588F1D0-FollowerState was interrupted
2022-10-10 08:38:07,537 [3c09ee4b-a7a3-4286-a1c3-18dea5f798e8@group-CF406588F1D0-StateMachineUpdater] INFO  ratis.ContainerStateMachine (ContainerStateMachine.java:takeSnapshot(304)) - group-CF406588F1D0: Taking a snapshot at:(t:3, i:0) file /home/runner/work/ozone/ozone/hadoop-ozone/integration-test/target/test-dir/MiniOzoneClusterImpl-3d336b07-937f-4edb-b979-ca8ead8aca5d/datanode-0/data/ratis/e379f949-6609-44ec-ab6f-cf406588f1d0/sm/snapshot.3_0
2022-10-10 08:38:07,538 [3c09ee4b-a7a3-4286-a1c3-18dea5f798e8@group-CF406588F1D0-StateMachineUpdater] INFO  ratis.ContainerStateMachine (ContainerStateMachine.java:takeSnapshot(315)) - group-CF406588F1D0: Finished taking a snapshot at:(t:3, i:0) file:/home/runner/work/ozone/ozone/hadoop-ozone/integration-test/target/test-dir/MiniOzoneClusterImpl-3d336b07-937f-4edb-b979-ca8ead8aca5d/datanode-0/data/ratis/e379f949-6609-44ec-ab6f-cf406588f1d0/sm/snapshot.3_0 took: 1 ms
2022-10-10 08:38:07,538 [3c09ee4b-a7a3-4286-a1c3-18dea5f798e8@group-CF406588F1D0-StateMachineUpdater] INFO  impl.StateMachineUpdater (StateMachineUpdater.java:takeSnapshot(287)) - 3c09ee4b-a7a3-4286-a1c3-18dea5f798e8@group-CF406588F1D0-StateMachineUpdater: Took a snapshot at index 0
2022-10-10 08:38:07,539 [3c09ee4b-a7a3-4286-a1c3-18dea5f798e8@group-CF406588F1D0-StateMachineUpdater] INFO  impl.StateMachineUpdater (StateMachineUpdater.java:lambda$new$0(92)) - 3c09ee4b-a7a3-4286-a1c3-18dea5f798e8@group-CF406588F1D0-StateMachineUpdater: snapshotIndex: updateIncreasingly -1 -> 0
2022-10-10 08:38:07,539 [ForkJoinPool.commonPool-worker-0] INFO  server.RaftServer$Division (ServerState.java:close(429)) - 3c09ee4b-a7a3-4286-a1c3-18dea5f798e8@group-CF406588F1D0: closes. applyIndex: 0
2022-10-10 08:38:07,539 [3c09ee4b-a7a3-4286-a1c3-18dea5f798e8@group-CF406588F1D0-SegmentedRaftLogWorker] INFO  segmented.SegmentedRaftLogWorker (SegmentedRaftLogWorker.java:run(336)) - 3c09ee4b-a7a3-4286-a1c3-18dea5f798e8@group-CF406588F1D0-SegmentedRaftLogWorker was interrupted, exiting. There are 0 tasks remaining in the queue.
2022-10-10 08:38:07,552 [Listener at 127.0.0.1/46487] INFO  impl.StateMachineUpdater (StateMachineUpdater.java:stopAndJoin(153)) - e12fe51a-b2e5-4197-af5e-5cbb6259f850@group-EDC02AC66B34-StateMachineUpdater: set stopIndex = 0
2022-10-10 08:38:07,553 [e12fe51a-b2e5-4197-af5e-5cbb6259f850@group-EDC02AC66B34-StateMachineUpdater] INFO  ratis.ContainerStateMachine (ContainerStateMachine.java:takeSnapshot(304)) - group-EDC02AC66B34: Taking a snapshot at:(t:1, i:0) file /home/runner/work/ozone/ozone/hadoop-ozone/integration-test/target/test-dir/MiniOzoneClusterImpl-3d336b07-937f-4edb-b979-ca8ead8aca5d/datanode-4/data/ratis/971a87b8-ae4a-4ad3-81d3-edc02ac66b34/sm/snapshot.1_0
2022-10-10 08:38:07,554 [ForkJoinPool.commonPool-worker-0] INFO  segmented.SegmentedRaftLogWorker (SegmentedRaftLogWorker.java:close(246)) - 3c09ee4b-a7a3-4286-a1c3-18dea5f798e8@group-CF406588F1D0-SegmentedRaftLogWorker close()
2022-10-10 08:38:07,554 [e12fe51a-b2e5-4197-af5e-5cbb6259f850@group-EDC02AC66B34-StateMachineUpdater] INFO  ratis.ContainerStateMachine (ContainerStateMachine.java:takeSnapshot(315)) - group-EDC02AC66B34: Finished taking a snapshot at:(t:1, i:0) file:/home/runner/work/ozone/ozone/hadoop-ozone/integration-test/target/test-dir/MiniOzoneClusterImpl-3d336b07-937f-4edb-b979-ca8ead8aca5d/datanode-4/data/ratis/971a87b8-ae4a-4ad3-81d3-edc02ac66b34/sm/snapshot.1_0 took: 1 ms
2022-10-10 08:38:07,555 [e12fe51a-b2e5-4197-af5e-5cbb6259f850@group-EDC02AC66B34-StateMachineUpdater] INFO  impl.StateMachineUpdater (StateMachineUpdater.java:takeSnapshot(287)) - e12fe51a-b2e5-4197-af5e-5cbb6259f850@group-EDC02AC66B34-StateMachineUpdater: Took a snapshot at index 0
2022-10-10 08:38:07,555 [e12fe51a-b2e5-4197-af5e-5cbb6259f850@group-EDC02AC66B34-StateMachineUpdater] INFO  impl.StateMachineUpdater (StateMachineUpdater.java:lambda$new$0(92)) - e12fe51a-b2e5-4197-af5e-5cbb6259f850@group-EDC02AC66B34-StateMachineUpdater: snapshotIndex: updateIncreasingly -1 -> 0
2022-10-10 08:38:07,556 [Listener at 127.0.0.1/46487] INFO  server.RaftServer$Division (ServerState.java:close(429)) - e12fe51a-b2e5-4197-af5e-5cbb6259f850@group-EDC02AC66B34: closes. applyIndex: 0
2022-10-10 08:38:07,556 [e12fe51a-b2e5-4197-af5e-5cbb6259f850@group-EDC02AC66B34-SegmentedRaftLogWorker] INFO  segmented.SegmentedRaftLogWorker (SegmentedRaftLogWorker.java:run(336)) - e12fe51a-b2e5-4197-af5e-5cbb6259f850@group-EDC02AC66B34-SegmentedRaftLogWorker was interrupted, exiting. There are 0 tasks remaining in the queue.
2022-10-10 08:38:07,557 [Listener at 127.0.0.1/46487] INFO  segmented.SegmentedRaftLogWorker (SegmentedRaftLogWorker.java:close(246)) - e12fe51a-b2e5-4197-af5e-5cbb6259f850@group-EDC02AC66B34-SegmentedRaftLogWorker close()
2022-10-10 08:38:07,564 [Listener at 127.0.0.1/46487] INFO  server.GrpcService (GrpcService.java:closeImpl(269)) - e12fe51a-b2e5-4197-af5e-5cbb6259f850: shutdown server with port 37107 now
2022-10-10 08:38:07,565 [ForkJoinPool.commonPool-worker-0] INFO  server.RaftServer$Division (RaftServerImpl.java:lambda$close$4(434)) - 3c09ee4b-a7a3-4286-a1c3-18dea5f798e8@group-DF4EF8A187A1: shutdown
2022-10-10 08:38:07,566 [ForkJoinPool.commonPool-worker-0] INFO  util.JmxRegister (JmxRegister.java:unregister(73)) - Successfully un-registered JMX Bean with object name Ratis:service=RaftServer,group=group-DF4EF8A187A1,id=3c09ee4b-a7a3-4286-a1c3-18dea5f798e8
2022-10-10 08:38:07,566 [ForkJoinPool.commonPool-worker-0] INFO  impl.RoleInfo (RoleInfo.java:shutdownLeaderState(93)) - 3c09ee4b-a7a3-4286-a1c3-18dea5f798e8: shutdown 3c09ee4b-a7a3-4286-a1c3-18dea5f798e8@group-DF4EF8A187A1-LeaderStateImpl
2022-10-10 08:38:07,566 [ForkJoinPool.commonPool-worker-0] INFO  impl.PendingRequests (PendingRequests.java:sendNotLeaderResponses(282)) - 3c09ee4b-a7a3-4286-a1c3-18dea5f798e8@group-DF4EF8A187A1-PendingRequests: sendNotLeaderResponses
2022-10-10 08:38:07,566 [Listener at 127.0.0.1/46487] INFO  server.GrpcService (GrpcService.java:closeImpl(278)) - e12fe51a-b2e5-4197-af5e-5cbb6259f850: shutdown server with port 37107 successfully
2022-10-10 08:38:07,567 [org.apache.ratis.util.JvmPauseMonitor$$Lambda$636/263158265@2bf0c735] INFO  util.JvmPauseMonitor (JvmPauseMonitor.java:run(109)) - JvmPauseMonitor-e12fe51a-b2e5-4197-af5e-5cbb6259f850: Stopped
2022-10-10 08:38:07,568 [3c09ee4b-a7a3-4286-a1c3-18dea5f798e8@group-DF4EF8A187A1-StateMachineUpdater] INFO  ratis.ContainerStateMachine (ContainerStateMachine.java:takeSnapshot(304)) - group-DF4EF8A187A1: Taking a snapshot at:(t:1, i:0) file /home/runner/work/ozone/ozone/hadoop-ozone/integration-test/target/test-dir/MiniOzoneClusterImpl-3d336b07-937f-4edb-b979-ca8ead8aca5d/datanode-0/data/ratis/a641d9b4-c335-4fc8-8d0c-df4ef8a187a1/sm/snapshot.1_0
2022-10-10 08:38:07,568 [ForkJoinPool.commonPool-worker-0] INFO  impl.StateMachineUpdater (StateMachineUpdater.java:stopAndJoin(153)) - 3c09ee4b-a7a3-4286-a1c3-18dea5f798e8@group-DF4EF8A187A1-StateMachineUpdater: set stopIndex = 0
2022-10-10 08:38:07,568 [3c09ee4b-a7a3-4286-a1c3-18dea5f798e8@group-DF4EF8A187A1-StateMachineUpdater] INFO  ratis.ContainerStateMachine (ContainerStateMachine.java:takeSnapshot(315)) - group-DF4EF8A187A1: Finished taking a snapshot at:(t:1, i:0) file:/home/runner/work/ozone/ozone/hadoop-ozone/integration-test/target/test-dir/MiniOzoneClusterImpl-3d336b07-937f-4edb-b979-ca8ead8aca5d/datanode-0/data/ratis/a641d9b4-c335-4fc8-8d0c-df4ef8a187a1/sm/snapshot.1_0 took: 1 ms
2022-10-10 08:38:07,569 [3c09ee4b-a7a3-4286-a1c3-18dea5f798e8@group-DF4EF8A187A1-StateMachineUpdater] INFO  impl.StateMachineUpdater (StateMachineUpdater.java:takeSnapshot(287)) - 3c09ee4b-a7a3-4286-a1c3-18dea5f798e8@group-DF4EF8A187A1-StateMachineUpdater: Took a snapshot at index 0
2022-10-10 08:38:07,569 [3c09ee4b-a7a3-4286-a1c3-18dea5f798e8@group-DF4EF8A187A1-StateMachineUpdater] INFO  impl.StateMachineUpdater (StateMachineUpdater.java:lambda$new$0(92)) - 3c09ee4b-a7a3-4286-a1c3-18dea5f798e8@group-DF4EF8A187A1-StateMachineUpdater: snapshotIndex: updateIncreasingly -1 -> 0
2022-10-10 08:38:07,573 [ForkJoinPool.commonPool-worker-0] INFO  server.RaftServer$Division (ServerState.java:close(429)) - 3c09ee4b-a7a3-4286-a1c3-18dea5f798e8@group-DF4EF8A187A1: closes. applyIndex: 0
2022-10-10 08:38:07,573 [3c09ee4b-a7a3-4286-a1c3-18dea5f798e8@group-DF4EF8A187A1-SegmentedRaftLogWorker] INFO  segmented.SegmentedRaftLogWorker (SegmentedRaftLogWorker.java:run(336)) - 3c09ee4b-a7a3-4286-a1c3-18dea5f798e8@group-DF4EF8A187A1-SegmentedRaftLogWorker was interrupted, exiting. There are 0 tasks remaining in the queue.
2022-10-10 08:38:07,573 [ForkJoinPool.commonPool-worker-0] INFO  segmented.SegmentedRaftLogWorker (SegmentedRaftLogWorker.java:close(246)) - 3c09ee4b-a7a3-4286-a1c3-18dea5f798e8@group-DF4EF8A187A1-SegmentedRaftLogWorker close()
2022-10-10 08:38:07,574 [ForkJoinPool.commonPool-worker-0] INFO  server.RaftServer$Division (RaftServerImpl.java:lambda$close$4(434)) - 3c09ee4b-a7a3-4286-a1c3-18dea5f798e8@group-2FBC0BCCCEED: shutdown
2022-10-10 08:38:07,574 [ForkJoinPool.commonPool-worker-0] INFO  util.JmxRegister (JmxRegister.java:unregister(73)) - Successfully un-registered JMX Bean with object name Ratis:service=RaftServer,group=group-2FBC0BCCCEED,id=3c09ee4b-a7a3-4286-a1c3-18dea5f798e8
2022-10-10 08:38:07,574 [ForkJoinPool.commonPool-worker-0] INFO  impl.RoleInfo (RoleInfo.java:shutdownFollowerState(110)) - 3c09ee4b-a7a3-4286-a1c3-18dea5f798e8: shutdown 3c09ee4b-a7a3-4286-a1c3-18dea5f798e8@group-2FBC0BCCCEED-FollowerState
2022-10-10 08:38:07,574 [ForkJoinPool.commonPool-worker-0] INFO  impl.StateMachineUpdater (StateMachineUpdater.java:stopAndJoin(153)) - 3c09ee4b-a7a3-4286-a1c3-18dea5f798e8@group-2FBC0BCCCEED-StateMachineUpdater: set stopIndex = 29
2022-10-10 08:38:07,575 [3c09ee4b-a7a3-4286-a1c3-18dea5f798e8@group-2FBC0BCCCEED-StateMachineUpdater] INFO  ratis.ContainerStateMachine (ContainerStateMachine.java:takeSnapshot(304)) - group-2FBC0BCCCEED: Taking a snapshot at:(t:2, i:29) file /home/runner/work/ozone/ozone/hadoop-ozone/integration-test/target/test-dir/MiniOzoneClusterImpl-3d336b07-937f-4edb-b979-ca8ead8aca5d/datanode-0/data/ratis/f82f5b97-17e3-4dda-ae22-2fbc0bccceed/sm/snapshot.2_29
2022-10-10 08:38:07,574 [3c09ee4b-a7a3-4286-a1c3-18dea5f798e8@group-2FBC0BCCCEED-FollowerState] INFO  impl.FollowerState (FollowerState.java:run(152)) - 3c09ee4b-a7a3-4286-a1c3-18dea5f798e8@group-2FBC0BCCCEED-FollowerState was interrupted
2022-10-10 08:38:07,576 [3c09ee4b-a7a3-4286-a1c3-18dea5f798e8@group-2FBC0BCCCEED-StateMachineUpdater] INFO  ratis.ContainerStateMachine (ContainerStateMachine.java:takeSnapshot(315)) - group-2FBC0BCCCEED: Finished taking a snapshot at:(t:2, i:29) file:/home/runner/work/ozone/ozone/hadoop-ozone/integration-test/target/test-dir/MiniOzoneClusterImpl-3d336b07-937f-4edb-b979-ca8ead8aca5d/datanode-0/data/ratis/f82f5b97-17e3-4dda-ae22-2fbc0bccceed/sm/snapshot.2_29 took: 2 ms
2022-10-10 08:38:07,576 [3c09ee4b-a7a3-4286-a1c3-18dea5f798e8@group-2FBC0BCCCEED-StateMachineUpdater] INFO  impl.StateMachineUpdater (StateMachineUpdater.java:takeSnapshot(287)) - 3c09ee4b-a7a3-4286-a1c3-18dea5f798e8@group-2FBC0BCCCEED-StateMachineUpdater: Took a snapshot at index 29
2022-10-10 08:38:07,576 [3c09ee4b-a7a3-4286-a1c3-18dea5f798e8@group-2FBC0BCCCEED-StateMachineUpdater] INFO  impl.StateMachineUpdater (StateMachineUpdater.java:lambda$new$0(92)) - 3c09ee4b-a7a3-4286-a1c3-18dea5f798e8@group-2FBC0BCCCEED-StateMachineUpdater: snapshotIndex: updateIncreasingly -1 -> 29
2022-10-10 08:38:07,579 [ForkJoinPool.commonPool-worker-0] INFO  server.RaftServer$Division (ServerState.java:close(429)) - 3c09ee4b-a7a3-4286-a1c3-18dea5f798e8@group-2FBC0BCCCEED: closes. applyIndex: 29
2022-10-10 08:38:07,579 [3c09ee4b-a7a3-4286-a1c3-18dea5f798e8@group-2FBC0BCCCEED-SegmentedRaftLogWorker] INFO  segmented.SegmentedRaftLogWorker (SegmentedRaftLogWorker.java:run(336)) - 3c09ee4b-a7a3-4286-a1c3-18dea5f798e8@group-2FBC0BCCCEED-SegmentedRaftLogWorker was interrupted, exiting. There are 0 tasks remaining in the queue.
2022-10-10 08:38:07,580 [ForkJoinPool.commonPool-worker-0] INFO  segmented.SegmentedRaftLogWorker (SegmentedRaftLogWorker.java:close(246)) - 3c09ee4b-a7a3-4286-a1c3-18dea5f798e8@group-2FBC0BCCCEED-SegmentedRaftLogWorker close()
2022-10-10 08:38:07,581 [ForkJoinPool.commonPool-worker-0] INFO  server.GrpcService (GrpcService.java:closeImpl(269)) - 3c09ee4b-a7a3-4286-a1c3-18dea5f798e8: shutdown server with port 38615 now
2022-10-10 08:38:07,586 [grpc-default-executor-4] WARN  server.GrpcClientProtocolService (LogUtils.java:warn(122)) - 3-UnorderedRequestStreamObserver3: onError: org.apache.ratis.thirdparty.io.grpc.StatusRuntimeException: CANCELLED: client cancelled
2022-10-10 08:38:07,586 [ForkJoinPool.commonPool-worker-0] INFO  server.GrpcService (GrpcService.java:closeImpl(278)) - 3c09ee4b-a7a3-4286-a1c3-18dea5f798e8: shutdown server with port 38615 successfully
2022-10-10 08:38:07,592 [org.apache.ratis.util.JvmPauseMonitor$$Lambda$636/263158265@2c1e5e2b] INFO  util.JvmPauseMonitor (JvmPauseMonitor.java:run(109)) - JvmPauseMonitor-3c09ee4b-a7a3-4286-a1c3-18dea5f798e8: Stopped
2022-10-10 08:38:09,582 [Listener at 127.0.0.1/46487] INFO  utils.BackgroundService (BackgroundService.java:shutdown(141)) - Shutting down service BlockDeletingService
2022-10-10 08:38:09,584 [Listener at 127.0.0.1/46487] INFO  utils.BackgroundService (BackgroundService.java:shutdown(141)) - Shutting down service StaleRecoveringContainerScrubbingService
2022-10-10 08:38:09,607 [ForkJoinPool.commonPool-worker-0] INFO  utils.BackgroundService (BackgroundService.java:shutdown(141)) - Shutting down service BlockDeletingService
2022-10-10 08:38:09,610 [ForkJoinPool.commonPool-worker-0] INFO  utils.BackgroundService (BackgroundService.java:shutdown(141)) - Shutting down service StaleRecoveringContainerScrubbingService
2022-10-10 08:38:12,593 [Listener at 127.0.0.1/46487] INFO  statemachine.DatanodeStateMachine (DatanodeStateMachine.java:stopDaemon(580)) - Ozone container server stopped.
2022-10-10 08:38:12,607 [Listener at 127.0.0.1/46487] INFO  handler.ContextHandler (ContextHandler.java:doStop(1153)) - Stopped o.e.j.w.WebAppContext@27b34cc9{hddsDatanode,/,null,STOPPED}{jar:file:/home/runner/.m2/repository/org/apache/ozone/hdds-container-service/1.3.0-SNAPSHOT/hdds-container-service-1.3.0-SNAPSHOT.jar!/webapps/hddsDatanode}
2022-10-10 08:38:12,607 [Listener at 127.0.0.1/46487] INFO  server.AbstractConnector (AbstractConnector.java:doStop(381)) - Stopped ServerConnector@7e2bd4e2{HTTP/1.1, (http/1.1)}{0.0.0.0:0}
2022-10-10 08:38:12,608 [Listener at 127.0.0.1/46487] INFO  server.session (HouseKeeper.java:stopScavenging(149)) - node0 Stopped scavenging
2022-10-10 08:38:12,610 [Listener at 127.0.0.1/46487] INFO  handler.ContextHandler (ContextHandler.java:doStop(1153)) - Stopped o.e.j.s.ServletContextHandler@e4add8b{static,/static,jar:file:/home/runner/.m2/repository/org/apache/ozone/hdds-container-service/1.3.0-SNAPSHOT/hdds-container-service-1.3.0-SNAPSHOT.jar!/webapps/static,STOPPED}
2022-10-10 08:38:12,610 [Listener at 127.0.0.1/46487] INFO  handler.ContextHandler (ContextHandler.java:doStop(1153)) - Stopped o.e.j.s.ServletContextHandler@511d3e08{logs,/logs,file:///home/runner/work/ozone/ozone/hadoop-ozone/integration-test/target/log,STOPPED}
2022-10-10 08:38:12,616 [ForkJoinPool.commonPool-worker-0] INFO  statemachine.DatanodeStateMachine (DatanodeStateMachine.java:stopDaemon(580)) - Ozone container server stopped.
2022-10-10 08:38:12,655 [ForkJoinPool.commonPool-worker-0] INFO  handler.ContextHandler (ContextHandler.java:doStop(1153)) - Stopped o.e.j.w.WebAppContext@3d4bc978{hddsDatanode,/,null,STOPPED}{jar:file:/home/runner/.m2/repository/org/apache/ozone/hdds-container-service/1.3.0-SNAPSHOT/hdds-container-service-1.3.0-SNAPSHOT.jar!/webapps/hddsDatanode}
2022-10-10 08:38:12,663 [ForkJoinPool.commonPool-worker-0] INFO  server.AbstractConnector (AbstractConnector.java:doStop(381)) - Stopped ServerConnector@62307118{HTTP/1.1, (http/1.1)}{0.0.0.0:0}
2022-10-10 08:38:12,663 [ForkJoinPool.commonPool-worker-0] INFO  server.session (HouseKeeper.java:stopScavenging(149)) - node0 Stopped scavenging
2022-10-10 08:38:12,670 [ForkJoinPool.commonPool-worker-0] INFO  handler.ContextHandler (ContextHandler.java:doStop(1153)) - Stopped o.e.j.s.ServletContextHandler@6b2b46cf{static,/static,jar:file:/home/runner/.m2/repository/org/apache/ozone/hdds-container-service/1.3.0-SNAPSHOT/hdds-container-service-1.3.0-SNAPSHOT.jar!/webapps/static,STOPPED}
2022-10-10 08:38:12,672 [ForkJoinPool.commonPool-worker-0] INFO  handler.ContextHandler (ContextHandler.java:doStop(1153)) - Stopped o.e.j.s.ServletContextHandler@440bf250{logs,/logs,file:///home/runner/work/ozone/ozone/hadoop-ozone/integration-test/target/log,STOPPED}
2022-10-10 08:38:17,629 [Listener at 127.0.0.1/46487] INFO  ozoneimpl.OzoneContainer (OzoneContainer.java:stop(400)) - Attempting to stop container services.
2022-10-10 08:38:17,630 [Listener at 127.0.0.1/46487] INFO  server.RaftServer (RaftServerProxy.java:lambda$close$7(398)) - 0107e4a3-a143-43a9-8f78-9a758939e307: close
2022-10-10 08:38:17,630 [Listener at 127.0.0.1/46487] INFO  server.RaftServer$Division (RaftServerImpl.java:lambda$close$4(434)) - 0107e4a3-a143-43a9-8f78-9a758939e307@group-07A4CFFA639C: shutdown
2022-10-10 08:38:17,631 [Listener at 127.0.0.1/46487] INFO  util.JmxRegister (JmxRegister.java:unregister(73)) - Successfully un-registered JMX Bean with object name Ratis:service=RaftServer,group=group-07A4CFFA639C,id=0107e4a3-a143-43a9-8f78-9a758939e307
2022-10-10 08:38:17,631 [Listener at 127.0.0.1/46487] INFO  impl.RoleInfo (RoleInfo.java:shutdownLeaderState(93)) - 0107e4a3-a143-43a9-8f78-9a758939e307: shutdown 0107e4a3-a143-43a9-8f78-9a758939e307@group-07A4CFFA639C-LeaderStateImpl
2022-10-10 08:38:17,631 [Listener at 127.0.0.1/46487] INFO  impl.PendingRequests (PendingRequests.java:sendNotLeaderResponses(282)) - 0107e4a3-a143-43a9-8f78-9a758939e307@group-07A4CFFA639C-PendingRequests: sendNotLeaderResponses
2022-10-10 08:38:17,632 [0107e4a3-a143-43a9-8f78-9a758939e307@group-07A4CFFA639C-StateMachineUpdater] INFO  ratis.ContainerStateMachine (ContainerStateMachine.java:takeSnapshot(304)) - group-07A4CFFA639C: Taking a snapshot at:(t:1, i:0) file /home/runner/work/ozone/ozone/hadoop-ozone/integration-test/target/test-dir/MiniOzoneClusterImpl-3d336b07-937f-4edb-b979-ca8ead8aca5d/datanode-3/data/ratis/82e16ab5-f277-4437-b4a8-07a4cffa639c/sm/snapshot.1_0
2022-10-10 08:38:17,634 [Listener at 127.0.0.1/46487] INFO  impl.StateMachineUpdater (StateMachineUpdater.java:stopAndJoin(153)) - 0107e4a3-a143-43a9-8f78-9a758939e307@group-07A4CFFA639C-StateMachineUpdater: set stopIndex = 0
2022-10-10 08:38:17,636 [0107e4a3-a143-43a9-8f78-9a758939e307@group-07A4CFFA639C-StateMachineUpdater] INFO  ratis.ContainerStateMachine (ContainerStateMachine.java:takeSnapshot(315)) - group-07A4CFFA639C: Finished taking a snapshot at:(t:1, i:0) file:/home/runner/work/ozone/ozone/hadoop-ozone/integration-test/target/test-dir/MiniOzoneClusterImpl-3d336b07-937f-4edb-b979-ca8ead8aca5d/datanode-3/data/ratis/82e16ab5-f277-4437-b4a8-07a4cffa639c/sm/snapshot.1_0 took: 4 ms
2022-10-10 08:38:17,637 [0107e4a3-a143-43a9-8f78-9a758939e307@group-07A4CFFA639C-StateMachineUpdater] INFO  impl.StateMachineUpdater (StateMachineUpdater.java:takeSnapshot(287)) - 0107e4a3-a143-43a9-8f78-9a758939e307@group-07A4CFFA639C-StateMachineUpdater: Took a snapshot at index 0
2022-10-10 08:38:17,637 [0107e4a3-a143-43a9-8f78-9a758939e307@group-07A4CFFA639C-StateMachineUpdater] INFO  impl.StateMachineUpdater (StateMachineUpdater.java:lambda$new$0(92)) - 0107e4a3-a143-43a9-8f78-9a758939e307@group-07A4CFFA639C-StateMachineUpdater: snapshotIndex: updateIncreasingly -1 -> 0
2022-10-10 08:38:17,643 [Listener at 127.0.0.1/46487] INFO  server.RaftServer$Division (ServerState.java:close(429)) - 0107e4a3-a143-43a9-8f78-9a758939e307@group-07A4CFFA639C: closes. applyIndex: 0
2022-10-10 08:38:17,644 [0107e4a3-a143-43a9-8f78-9a758939e307@group-07A4CFFA639C-SegmentedRaftLogWorker] INFO  segmented.SegmentedRaftLogWorker (SegmentedRaftLogWorker.java:run(336)) - 0107e4a3-a143-43a9-8f78-9a758939e307@group-07A4CFFA639C-SegmentedRaftLogWorker was interrupted, exiting. There are 0 tasks remaining in the queue.
2022-10-10 08:38:17,644 [Listener at 127.0.0.1/46487] INFO  segmented.SegmentedRaftLogWorker (SegmentedRaftLogWorker.java:close(246)) - 0107e4a3-a143-43a9-8f78-9a758939e307@group-07A4CFFA639C-SegmentedRaftLogWorker close()
2022-10-10 08:38:17,652 [Listener at 127.0.0.1/46487] INFO  server.GrpcService (GrpcService.java:closeImpl(269)) - 0107e4a3-a143-43a9-8f78-9a758939e307: shutdown server with port 43253 now
2022-10-10 08:38:17,657 [Listener at 127.0.0.1/46487] INFO  server.GrpcService (GrpcService.java:closeImpl(278)) - 0107e4a3-a143-43a9-8f78-9a758939e307: shutdown server with port 43253 successfully
2022-10-10 08:38:17,658 [org.apache.ratis.util.JvmPauseMonitor$$Lambda$636/263158265@7daf2a36] INFO  util.JvmPauseMonitor (JvmPauseMonitor.java:run(109)) - JvmPauseMonitor-0107e4a3-a143-43a9-8f78-9a758939e307: Stopped
2022-10-10 08:38:19,673 [Listener at 127.0.0.1/46487] INFO  utils.BackgroundService (BackgroundService.java:shutdown(141)) - Shutting down service BlockDeletingService
2022-10-10 08:38:19,674 [Listener at 127.0.0.1/46487] INFO  utils.BackgroundService (BackgroundService.java:shutdown(141)) - Shutting down service StaleRecoveringContainerScrubbingService
2022-10-10 08:38:22,683 [Listener at 127.0.0.1/46487] INFO  statemachine.DatanodeStateMachine (DatanodeStateMachine.java:stopDaemon(580)) - Ozone container server stopped.
2022-10-10 08:38:22,697 [Listener at 127.0.0.1/46487] INFO  handler.ContextHandler (ContextHandler.java:doStop(1153)) - Stopped o.e.j.w.WebAppContext@7fca46aa{hddsDatanode,/,null,STOPPED}{jar:file:/home/runner/.m2/repository/org/apache/ozone/hdds-container-service/1.3.0-SNAPSHOT/hdds-container-service-1.3.0-SNAPSHOT.jar!/webapps/hddsDatanode}
2022-10-10 08:38:22,700 [Listener at 127.0.0.1/46487] INFO  server.AbstractConnector (AbstractConnector.java:doStop(381)) - Stopped ServerConnector@4674bc88{HTTP/1.1, (http/1.1)}{0.0.0.0:0}
2022-10-10 08:38:22,700 [Listener at 127.0.0.1/46487] INFO  server.session (HouseKeeper.java:stopScavenging(149)) - node0 Stopped scavenging
2022-10-10 08:38:22,700 [Listener at 127.0.0.1/46487] INFO  handler.ContextHandler (ContextHandler.java:doStop(1153)) - Stopped o.e.j.s.ServletContextHandler@22254d69{static,/static,jar:file:/home/runner/.m2/repository/org/apache/ozone/hdds-container-service/1.3.0-SNAPSHOT/hdds-container-service-1.3.0-SNAPSHOT.jar!/webapps/static,STOPPED}
2022-10-10 08:38:22,701 [Listener at 127.0.0.1/46487] INFO  handler.ContextHandler (ContextHandler.java:doStop(1153)) - Stopped o.e.j.s.ServletContextHandler@740ed220{logs,/logs,file:///home/runner/work/ozone/ozone/hadoop-ozone/integration-test/target/log,STOPPED}
2022-10-10 08:38:22,705 [Listener at 127.0.0.1/46487] INFO  ozone.MiniOzoneClusterImpl (MiniOzoneClusterImpl.java:stopSCM(537)) - Stopping the StorageContainerManager
2022-10-10 08:38:22,705 [Listener at 127.0.0.1/46487] INFO  server.StorageContainerManager (StorageContainerManager.java:stop(1528)) - Container Balancer is not running.
2022-10-10 08:38:22,705 [Listener at 127.0.0.1/46487] INFO  server.StorageContainerManager (StorageContainerManager.java:stop(1535)) - Stopping Replication Manager Service.
2022-10-10 08:38:22,705 [Listener at 127.0.0.1/46487] INFO  replication.ReplicationManager (ReplicationManager.java:stop(257)) - Stopping Replication Monitor Thread.
2022-10-10 08:38:22,706 [Under Replicated Processor] WARN  replication.UnderReplicatedProcessor (UnderReplicatedProcessor.java:run(148)) - Under Replicated Processor interrupted. Exiting...
2022-10-10 08:38:22,710 [Over Replicated Processor] WARN  replication.OverReplicatedProcessor (OverReplicatedProcessor.java:run(137)) - Over Replicated Processor interrupted. Exiting...
2022-10-10 08:38:22,710 [Listener at 127.0.0.1/46487] INFO  server.StorageContainerManager (StorageContainerManager.java:stop(1542)) - Stopping the Datanode Admin Monitor.
2022-10-10 08:38:22,711 [ReplicationMonitor] INFO  replication.ReplicationManager (ReplicationManager.java:run(509)) - Replication Monitor Thread is stopped
2022-10-10 08:38:22,714 [Listener at 127.0.0.1/46487] INFO  server.StorageContainerManager (StorageContainerManager.java:stop(1549)) - Stopping Lease Manager of the command watchers
2022-10-10 08:38:22,715 [Listener at 127.0.0.1/46487] INFO  server.StorageContainerManager (StorageContainerManager.java:stop(1556)) - Stopping datanode service RPC server
2022-10-10 08:38:22,715 [Listener at 127.0.0.1/46487] INFO  server.SCMDatanodeProtocolServer (SCMDatanodeProtocolServer.java:stop(414)) - Stopping the RPC server for DataNodes
2022-10-10 08:38:22,715 [Listener at 127.0.0.1/46487] INFO  ipc.Server (Server.java:stop(3414)) - Stopping server on 38769
2022-10-10 08:38:22,715 [IPC Server listener on 0] INFO  ipc.Server (Server.java:run(1376)) - Stopping IPC Server listener on 0
2022-10-10 08:38:22,716 [IPC Server Responder] INFO  ipc.Server (Server.java:run(1512)) - Stopping IPC Server Responder
2022-10-10 08:38:22,720 [SCM Heartbeat Processing Thread - 0] WARN  node.NodeStateManager (NodeStateManager.java:scheduleNextHealthCheck(870)) - Current Thread is interrupted, shutting down HB processing thread for Node Manager.
2022-10-10 08:38:22,722 [Listener at 127.0.0.1/46487] INFO  server.StorageContainerManager (StorageContainerManager.java:stop(1564)) - Stopping block service RPC server
2022-10-10 08:38:22,722 [Listener at 127.0.0.1/46487] INFO  server.SCMBlockProtocolServer (SCMBlockProtocolServer.java:stop(161)) - Stopping the RPC server for Block Protocol
2022-10-10 08:38:22,723 [Listener at 127.0.0.1/46487] INFO  ipc.Server (Server.java:stop(3414)) - Stopping server on 37253
2022-10-10 08:38:22,734 [IPC Server listener on 0] INFO  ipc.Server (Server.java:run(1376)) - Stopping IPC Server listener on 0
2022-10-10 08:38:22,734 [Listener at 127.0.0.1/46487] INFO  server.StorageContainerManager (StorageContainerManager.java:stop(1571)) - Stopping the StorageContainerLocationProtocol RPC server
2022-10-10 08:38:22,734 [IPC Server Responder] INFO  ipc.Server (Server.java:run(1512)) - Stopping IPC Server Responder
2022-10-10 08:38:22,734 [Listener at 127.0.0.1/46487] INFO  server.SCMClientProtocolServer (SCMClientProtocolServer.java:stop(179)) - Stopping the RPC server for Client Protocol
2022-10-10 08:38:22,734 [Listener at 127.0.0.1/46487] INFO  ipc.Server (Server.java:stop(3414)) - Stopping server on 41569
2022-10-10 08:38:22,738 [IPC Server Responder] INFO  ipc.Server (Server.java:run(1512)) - Stopping IPC Server Responder
2022-10-10 08:38:22,738 [Listener at 127.0.0.1/46487] INFO  server.StorageContainerManager (StorageContainerManager.java:stop(1578)) - Stopping Storage Container Manager HTTP server.
2022-10-10 08:38:22,738 [IPC Server listener on 0] INFO  ipc.Server (Server.java:run(1376)) - Stopping IPC Server listener on 0
2022-10-10 08:38:22,742 [Listener at 127.0.0.1/46487] INFO  handler.ContextHandler (ContextHandler.java:doStop(1153)) - Stopped o.e.j.w.WebAppContext@5fee3c9c{scm,/,null,STOPPED}{file:/home/runner/work/ozone/ozone/hadoop-ozone/integration-test/target/test-classes/webapps/scm}
2022-10-10 08:38:22,748 [Listener at 127.0.0.1/46487] INFO  server.AbstractConnector (AbstractConnector.java:doStop(381)) - Stopped ServerConnector@6e475994{HTTP/1.1, (http/1.1)}{0.0.0.0:0}
2022-10-10 08:38:22,748 [Listener at 127.0.0.1/46487] INFO  server.session (HouseKeeper.java:stopScavenging(149)) - node0 Stopped scavenging
2022-10-10 08:38:22,748 [Listener at 127.0.0.1/46487] INFO  handler.ContextHandler (ContextHandler.java:doStop(1153)) - Stopped o.e.j.s.ServletContextHandler@63541cd4{static,/static,file:///home/runner/work/ozone/ozone/hadoop-ozone/integration-test/target/test-classes/webapps/static,STOPPED}
2022-10-10 08:38:22,748 [Listener at 127.0.0.1/46487] INFO  handler.ContextHandler (ContextHandler.java:doStop(1153)) - Stopped o.e.j.s.ServletContextHandler@9771c71{logs,/logs,file:///home/runner/work/ozone/ozone/hadoop-ozone/integration-test/target/log,STOPPED}
2022-10-10 08:38:22,760 [Listener at 127.0.0.1/46487] INFO  server.StorageContainerManager (StorageContainerManager.java:stop(1584)) - Stopping SCM LayoutVersionManager Service.
2022-10-10 08:38:22,760 [Listener at 127.0.0.1/46487] INFO  server.StorageContainerManager (StorageContainerManager.java:stop(1592)) - Stopping Block Manager Service.
2022-10-10 08:38:22,760 [Listener at 127.0.0.1/46487] INFO  utils.BackgroundService (BackgroundService.java:shutdown(141)) - Shutting down service SCMBlockDeletingService
2022-10-10 08:38:22,760 [Listener at 127.0.0.1/46487] INFO  utils.BackgroundService (BackgroundService.java:shutdown(141)) - Shutting down service SCMBlockDeletingService
2022-10-10 08:38:22,761 [Listener at 127.0.0.1/46487] INFO  server.StorageContainerManager (StorageContainerManager.java:stop(1619)) - Stopping SCM Event Queue.
2022-10-10 08:38:22,766 [Listener at 127.0.0.1/46487] INFO  server.StorageContainerManager (StorageContainerManager.java:stop(1630)) - Stopping SCM HA services.
2022-10-10 08:38:22,766 [Listener at 127.0.0.1/46487] INFO  pipeline.BackgroundPipelineCreator (BackgroundPipelineCreator.java:stop(149)) - Stopping RatisPipelineUtilsThread.
2022-10-10 08:38:22,767 [RatisPipelineUtilsThread - 0] WARN  pipeline.BackgroundPipelineCreator (BackgroundPipelineCreator.java:run(180)) - RatisPipelineUtilsThread is interrupted.
2022-10-10 08:38:22,767 [Listener at 127.0.0.1/46487] INFO  BackgroundPipelineScrubber (BackgroundSCMService.java:stop(131)) - Stopping BackgroundPipelineScrubber Service.
2022-10-10 08:38:22,767 [BackgroundPipelineScrubberThread] WARN  BackgroundPipelineScrubber (BackgroundSCMService.java:run(115)) - BackgroundPipelineScrubber is interrupted, exit
2022-10-10 08:38:22,767 [Listener at 127.0.0.1/46487] INFO  server.StorageContainerManager (StorageContainerManager.java:stop(1640)) - Stopping SCM MetadataStore.
2022-10-10 08:38:22,773 [Listener at 127.0.0.1/46487] INFO  impl.MetricsSystemImpl (MetricsSystemImpl.java:stop(210)) - Stopping XceiverClientMetrics metrics system...
2022-10-10 08:38:22,783 [prometheus] INFO  impl.MetricsSinkAdapter (MetricsSinkAdapter.java:publishMetricsFromQueue(141)) - prometheus thread interrupted.
2022-10-10 08:38:22,783 [Listener at 127.0.0.1/46487] INFO  impl.MetricsSystemImpl (MetricsSystemImpl.java:stop(216)) - XceiverClientMetrics metrics system stopped.
2022-10-10 08:38:23,005 [Listener at 127.0.0.1/46487] WARN  server.ServerUtils (ServerUtils.java:getScmDbDir(148)) - ozone.scm.db.dirs is not configured. We recommend adding this setting. Falling back to ozone.metadata.dirs instead.
2022-10-10 08:38:23,022 [Listener at 127.0.0.1/46487] WARN  server.ServerUtils (ServerUtils.java:getScmDbDir(148)) - ozone.scm.db.dirs is not configured. We recommend adding this setting. Falling back to ozone.metadata.dirs instead.
2022-10-10 08:38:23,023 [Listener at 127.0.0.1/46487] INFO  ha.SCMHANodeDetails (SCMHANodeDetails.java:loadSCMHAConfig(209)) - ServiceID for StorageContainerManager is null
2022-10-10 08:38:23,023 [Listener at 127.0.0.1/46487] INFO  ha.SCMHANodeDetails (SCMHANodeDetails.java:loadSCMHAConfig(214)) - ozone.scm.default.service.id is not defined, falling back to ozone.scm.service.ids to find serviceID for StorageContainerManager if it is HA enabled cluster
2022-10-10 08:38:23,024 [Listener at 127.0.0.1/46487] WARN  utils.HAUtils (HAUtils.java:getMetaDir(342)) - ozone.scm.db.dirs is not configured. We recommend adding this setting. Falling back to ozone.metadata.dirs instead.
2022-10-10 08:38:23,024 [Listener at 127.0.0.1/46487] WARN  db.DBStoreBuilder (DBStoreBuilder.java:applyDBDefinition(144)) - ozone.scm.db.dirs is not configured. We recommend adding this setting. Falling back to ozone.metadata.dirs instead.
2022-10-10 08:38:23,232 [Listener at 127.0.0.1/46487] INFO  net.NodeSchemaLoader (NodeSchemaLoader.java:loadSchemaFromFile(129)) - Loading schema from [jar:file:/home/runner/.m2/repository/org/apache/ozone/hdds-common/1.3.0-SNAPSHOT/hdds-common-1.3.0-SNAPSHOT.jar!/network-topology-default.xml]
2022-10-10 08:38:23,232 [Listener at 127.0.0.1/46487] INFO  net.NodeSchemaLoader (NodeSchemaLoader.java:loadSchema(176)) - Loading network topology layer schema file
2022-10-10 08:38:23,241 [Listener at 127.0.0.1/46487] WARN  impl.MetricRegistriesImpl (MetricRegistriesImpl.java:addReporterRegistration(111)) - New reporters are added after registries were created. Some metrics will be missing from the reporter. Please add reporter before adding any new registry.
2022-10-10 08:38:23,242 [Listener at 127.0.0.1/46487] WARN  impl.MetricRegistriesImpl (MetricRegistriesImpl.java:addReporterRegistration(111)) - New reporters are added after registries were created. Some metrics will be missing from the reporter. Please add reporter before adding any new registry.
2022-10-10 08:38:23,242 [Listener at 127.0.0.1/46487] INFO  upgrade.AbstractLayoutVersionManager (AbstractLayoutVersionManager.java:init(83)) - Initializing Layout version manager with metadata layout = DATANODE_SCHEMA_V3 (version = 4), software layout = DATANODE_SCHEMA_V3 (version = 4)
2022-10-10 08:38:23,345 [Listener at 127.0.0.1/46487] INFO  reflections.Reflections (Reflections.java:scan(232)) - Reflections took 102 ms to scan 7 urls, producing 135 keys and 327 values 
2022-10-10 08:38:23,356 [Listener at 127.0.0.1/46487] INFO  ha.SequenceIdGenerator (SequenceIdGenerator.java:upgradeToSequenceId(349)) - upgrade localId to 109611004723200000
2022-10-10 08:38:23,356 [Listener at 127.0.0.1/46487] INFO  ha.SequenceIdGenerator (SequenceIdGenerator.java:upgradeToSequenceId(359)) - upgrade delTxnId to 0
2022-10-10 08:38:23,357 [Listener at 127.0.0.1/46487] INFO  ha.SequenceIdGenerator (SequenceIdGenerator.java:upgradeToSequenceId(376)) - upgrade containerId to 0
2022-10-10 08:38:23,357 [Listener at 127.0.0.1/46487] INFO  ha.SequenceIdGenerator (SequenceIdGenerator.java:<init>(220)) - Init the HA SequenceIdGenerator.
2022-10-10 08:38:23,357 [Listener at 127.0.0.1/46487] WARN  server.ServerUtils (ServerUtils.java:sanitizeUserArgs(73)) - ozone.scm.stale.node.interval value = 300000 is larger than max = 100000 based on the key value of ozone.scm.heartbeat.thread.interval, reset to the max value 100000.
2022-10-10 08:38:23,359 [Listener at 127.0.0.1/46487] WARN  server.ServerUtils (ServerUtils.java:sanitizeUserArgs(73)) - ozone.scm.stale.node.interval value = 300000 is larger than max = 100000 based on the key value of ozone.scm.heartbeat.thread.interval, reset to the max value 100000.
2022-10-10 08:38:23,360 [Listener at 127.0.0.1/46487] INFO  node.SCMNodeManager (SCMNodeManager.java:<init>(149)) - Entering startup safe mode.
2022-10-10 08:38:23,361 [Listener at 127.0.0.1/46487] INFO  algorithms.ContainerPlacementPolicyFactory (ContainerPlacementPolicyFactory.java:getPolicyInternal(86)) - Create container placement policy of type org.apache.hadoop.hdds.scm.container.placement.algorithms.SCMContainerPlacementRandom
2022-10-10 08:38:23,361 [Listener at 127.0.0.1/46487] INFO  algorithms.ContainerPlacementPolicyFactory (ContainerPlacementPolicyFactory.java:getPolicyInternal(86)) - Create container placement policy of type org.apache.hadoop.hdds.scm.container.placement.algorithms.SCMContainerPlacementRackScatter
2022-10-10 08:38:23,362 [Listener at 127.0.0.1/46487] INFO  pipeline.PipelineStateManagerImpl (PipelineStateManagerImpl.java:initialize(78)) - No pipeline exists in current db
2022-10-10 08:38:23,362 [Listener at 127.0.0.1/46487] INFO  algorithms.LeaderChoosePolicyFactory (LeaderChoosePolicyFactory.java:getPolicy(57)) - Create leader choose policy of type org.apache.hadoop.hdds.scm.pipeline.leader.choose.algorithms.MinLeaderCountChoosePolicy
2022-10-10 08:38:23,362 [Listener at 127.0.0.1/46487] INFO  algorithms.ContainerPlacementPolicyFactory (ContainerPlacementPolicyFactory.java:getPolicyInternal(86)) - Create container placement policy of type org.apache.hadoop.hdds.scm.container.placement.algorithms.SCMContainerPlacementRackScatter
2022-10-10 08:38:23,362 [Listener at 127.0.0.1/46487] INFO  ha.SCMServiceManager (SCMServiceManager.java:register(42)) - Registering service BackgroundPipelineCreator.
2022-10-10 08:38:23,362 [Listener at 127.0.0.1/46487] INFO  pipeline.BackgroundPipelineCreator (BackgroundPipelineCreator.java:start(124)) - Starting RatisPipelineUtilsThread.
2022-10-10 08:38:23,363 [Listener at 127.0.0.1/46487] INFO  BackgroundPipelineScrubber (BackgroundSCMService.java:start(68)) - Starting BackgroundPipelineScrubber Service.
2022-10-10 08:38:23,363 [Listener at 127.0.0.1/46487] INFO  ha.SCMServiceManager (SCMServiceManager.java:register(42)) - Registering service BackgroundPipelineScrubber.
2022-10-10 08:38:23,363 [Listener at 127.0.0.1/46487] INFO  ExpiredContainerReplicaOpScrubber (BackgroundSCMService.java:start(68)) - Starting ExpiredContainerReplicaOpScrubber Service.
2022-10-10 08:38:23,364 [Listener at 127.0.0.1/46487] INFO  ha.SCMServiceManager (SCMServiceManager.java:register(42)) - Registering service ExpiredContainerReplicaOpScrubber.
2022-10-10 08:38:23,365 [Listener at 127.0.0.1/46487] INFO  algorithms.PipelineChoosePolicyFactory (PipelineChoosePolicyFactory.java:createPipelineChoosePolicyFromClass(73)) - Create pipeline choose policy of type org.apache.hadoop.hdds.scm.pipeline.choose.algorithms.RandomPipelineChoosePolicy
2022-10-10 08:38:23,366 [Listener at 127.0.0.1/46487] INFO  ha.SCMServiceManager (SCMServiceManager.java:register(42)) - Registering service SCMBlockDeletingService.
2022-10-10 08:38:23,366 [Listener at 127.0.0.1/46487] INFO  replication.ReplicationManager (ReplicationManager.java:start(223)) - Starting Replication Monitor Thread.
2022-10-10 08:38:23,392 [Listener at 127.0.0.1/46487] INFO  ha.SCMServiceManager (SCMServiceManager.java:register(42)) - Registering service ReplicationManager.
2022-10-10 08:38:23,392 [Listener at 127.0.0.1/46487] INFO  safemode.ContainerSafeModeRule (ContainerSafeModeRule.java:<init>(89)) - containers with one replica threshold count 0
2022-10-10 08:38:23,393 [Listener at 127.0.0.1/46487] INFO  safemode.HealthyPipelineSafeModeRule (HealthyPipelineSafeModeRule.java:initializeRule(169)) - Total pipeline count is 0, healthy pipeline threshold count is 1
2022-10-10 08:38:23,393 [Listener at 127.0.0.1/46487] INFO  safemode.OneReplicaPipelineSafeModeRule (OneReplicaPipelineSafeModeRule.java:initializeRule(180)) - Total pipeline count is 0, pipeline's with at least one datanode reported threshold count is 0
2022-10-10 08:38:23,394 [ReplicationMonitor] INFO  replication.ReplicationManager (ReplicationManager.java:processAll(291)) - Replication Manager is not ready to run until 3000ms after safemode exit
2022-10-10 08:38:23,395 [Listener at 127.0.0.1/46487] INFO  ipc.CallQueueManager (CallQueueManager.java:<init>(90)) - Using callQueue: class java.util.concurrent.LinkedBlockingQueue, queueCapacity: 2000, scheduler: class org.apache.hadoop.ipc.DefaultRpcScheduler, ipcBackoff: false.
2022-10-10 08:38:23,396 [Socket Reader #1 for port 0] INFO  ipc.Server (Server.java:run(1265)) - Starting Socket Reader #1 for port 0
2022-10-10 08:38:23,397 [Listener at 0.0.0.0/42961] INFO  ipc.CallQueueManager (CallQueueManager.java:<init>(90)) - Using callQueue: class java.util.concurrent.LinkedBlockingQueue, queueCapacity: 2000, scheduler: class org.apache.hadoop.ipc.DefaultRpcScheduler, ipcBackoff: false.
2022-10-10 08:38:23,400 [Socket Reader #1 for port 0] INFO  ipc.Server (Server.java:run(1265)) - Starting Socket Reader #1 for port 0
2022-10-10 08:38:23,400 [Listener at 0.0.0.0/45169] INFO  ipc.CallQueueManager (CallQueueManager.java:<init>(90)) - Using callQueue: class java.util.concurrent.LinkedBlockingQueue, queueCapacity: 2000, scheduler: class org.apache.hadoop.ipc.DefaultRpcScheduler, ipcBackoff: false.
2022-10-10 08:38:23,401 [Socket Reader #1 for port 0] INFO  ipc.Server (Server.java:run(1265)) - Starting Socket Reader #1 for port 0
2022-10-10 08:38:23,442 [Listener at 0.0.0.0/37381] INFO  ha.SCMServiceManager (SCMServiceManager.java:register(42)) - Registering service ContainerBalancer.
2022-10-10 08:38:23,443 [Listener at 0.0.0.0/37381] INFO  server.StorageContainerManager (StorageContainerManager.java:<init>(410)) - 
Container Balancer status:
Key                            Value
Running                        false
Container Balancer Configuration values:
Key                                                Value
Threshold                                          10
Max Datanodes to Involve per Iteration(percent)    20
Max Size to Move per Iteration                     500GB
Max Size Entering Target per Iteration             26GB
Max Size Leaving Source per Iteration              26GB

2022-10-10 08:38:23,443 [Listener at 0.0.0.0/37381] WARN  events.EventQueue (EventQueue.java:fireEvent(216)) - No event handler registered for event TypedEvent{payloadType=SafeModeStatus, name='Safe mode status'}
2022-10-10 08:38:23,443 [Listener at 0.0.0.0/37381] INFO  ha.SCMContext (SCMContext.java:updateSafeModeStatus(228)) - Update SafeModeStatus from SafeModeStatus{safeModeStatus=true, preCheckPassed=false} to SafeModeStatus{safeModeStatus=true, preCheckPassed=false}.
2022-10-10 08:38:23,443 [Listener at 0.0.0.0/37381] INFO  server.StorageContainerManager (StorageContainerManager.java:start(1436)) - StorageContainerLocationProtocol RPC server is listening at /0.0.0.0:37381
2022-10-10 08:38:23,445 [Listener at 0.0.0.0/37381] WARN  impl.MetricsConfig (MetricsConfig.java:loadFirst(136)) - Cannot locate configuration: tried hadoop-metrics2-storagecontainermanager.properties,hadoop-metrics2.properties
2022-10-10 08:38:23,446 [Listener at 0.0.0.0/37381] INFO  impl.MetricsSystemImpl (MetricsSystemImpl.java:startTimer(378)) - Scheduled Metric snapshot period at 10 second(s).
2022-10-10 08:38:23,446 [Listener at 0.0.0.0/37381] INFO  impl.MetricsSystemImpl (MetricsSystemImpl.java:start(191)) - StorageContainerManager metrics system started
2022-10-10 08:38:23,484 [Listener at 0.0.0.0/37381] INFO  impl.MetricsSinkAdapter (MetricsSinkAdapter.java:start(204)) - Sink prometheus started
2022-10-10 08:38:23,488 [Listener at 0.0.0.0/37381] INFO  impl.MetricsSystemImpl (MetricsSystemImpl.java:registerSink(305)) - Registered sink prometheus
2022-10-10 08:38:23,503 [Listener at 0.0.0.0/37381] INFO  server.SCMClientProtocolServer (SCMClientProtocolServer.java:start(170)) - RPC server for Client  is listening at /0.0.0.0:37381
2022-10-10 08:38:23,504 [IPC Server Responder] INFO  ipc.Server (Server.java:run(1507)) - IPC Server Responder: starting
2022-10-10 08:38:23,523 [Listener at 0.0.0.0/37381] INFO  server.StorageContainerManager (StorageContainerManager.java:start(1451)) - ScmBlockLocationProtocol RPC server is listening at /0.0.0.0:45169
2022-10-10 08:38:23,529 [Listener at 0.0.0.0/37381] INFO  server.SCMBlockProtocolServer (SCMBlockProtocolServer.java:start(152)) - RPC server for Block Protocol is listening at /0.0.0.0:45169
2022-10-10 08:38:23,504 [IPC Server listener on 0] INFO  ipc.Server (Server.java:run(1344)) - IPC Server listener on 0: starting
2022-10-10 08:38:23,532 [IPC Server Responder] INFO  ipc.Server (Server.java:run(1507)) - IPC Server Responder: starting
2022-10-10 08:38:23,532 [IPC Server listener on 0] INFO  ipc.Server (Server.java:run(1344)) - IPC Server listener on 0: starting
2022-10-10 08:38:23,535 [Listener at 0.0.0.0/37381] INFO  server.SCMDatanodeProtocolServer (SCMDatanodeProtocolServer.java:start(186)) - ScmDatanodeProtocol RPC server for DataNodes is listening at /0.0.0.0:42961
2022-10-10 08:38:23,536 [IPC Server Responder] INFO  ipc.Server (Server.java:run(1507)) - IPC Server Responder: starting
2022-10-10 08:38:23,536 [IPC Server listener on 0] INFO  ipc.Server (Server.java:run(1344)) - IPC Server listener on 0: starting
2022-10-10 08:38:23,560 [Listener at 0.0.0.0/37381] INFO  http.BaseHttpServer (BaseHttpServer.java:newHttpServer2BuilderForOzone(213)) - Starting Web-server for scm at: http://0.0.0.0:0
2022-10-10 08:38:23,560 [Listener at 0.0.0.0/37381] INFO  http.BaseHttpServer (BaseHttpServer.java:<init>(108)) - Hadoop Security Enabled: false Ozone Security Enabled: false Ozone HTTP Security Enabled: false 
2022-10-10 08:38:23,572 [org.apache.hadoop.util.JvmPauseMonitor$Monitor@1b9e5334] INFO  util.JvmPauseMonitor (JvmPauseMonitor.java:run(188)) - Starting JVM pause monitor
2022-10-10 08:38:23,581 [Listener at 0.0.0.0/37381] INFO  server.AuthenticationFilter (AuthenticationFilter.java:constructSecretProvider(240)) - Unable to initialize FileSignerSecretProvider, falling back to use random secrets.
2022-10-10 08:38:23,589 [Listener at 0.0.0.0/37381] WARN  http.HttpRequestLog (HttpRequestLog.java:getRequestLog(103)) - Jetty request log can only be enabled using Log4j
2022-10-10 08:38:23,590 [Listener at 0.0.0.0/37381] INFO  http.HttpServer2 (HttpServer2.java:addGlobalFilter(1031)) - Added global filter 'safety' (class=org.apache.hadoop.hdds.server.http.HttpServer2$QuotingInputFilter)
2022-10-10 08:38:23,591 [Listener at 0.0.0.0/37381] INFO  http.HttpServer2 (HttpServer2.java:addFilter(1007)) - Added filter static_user_filter (class=org.apache.hadoop.http.lib.StaticUserWebFilter$StaticUserFilter) to context scm
2022-10-10 08:38:23,591 [Listener at 0.0.0.0/37381] INFO  http.HttpServer2 (HttpServer2.java:addFilter(1015)) - Added filter static_user_filter (class=org.apache.hadoop.http.lib.StaticUserWebFilter$StaticUserFilter) to context static
2022-10-10 08:38:23,591 [Listener at 0.0.0.0/37381] INFO  http.HttpServer2 (HttpServer2.java:addFilter(1015)) - Added filter static_user_filter (class=org.apache.hadoop.http.lib.StaticUserWebFilter$StaticUserFilter) to context logs
2022-10-10 08:38:23,593 [Listener at 0.0.0.0/37381] INFO  http.HttpServer2 (HttpServer2.java:bindListener(1250)) - Jetty bound to port 40181
2022-10-10 08:38:23,593 [Listener at 0.0.0.0/37381] INFO  server.Server (Server.java:doStart(375)) - jetty-9.4.43.v20210629; built: 2021-06-30T11:07:22.254Z; git: 526006ecfa3af7f1a27ef3a288e2bef7ea9dd7e8; jvm 1.8.0_345-b01
2022-10-10 08:38:23,605 [Listener at 0.0.0.0/37381] INFO  server.session (DefaultSessionIdManager.java:doStart(334)) - DefaultSessionIdManager workerName=node0
2022-10-10 08:38:23,605 [Listener at 0.0.0.0/37381] INFO  server.session (DefaultSessionIdManager.java:doStart(339)) - No SessionScavenger set, using defaults
2022-10-10 08:38:23,606 [Listener at 0.0.0.0/37381] INFO  server.session (HouseKeeper.java:startScavenging(132)) - node0 Scavenging every 660000ms
2022-10-10 08:38:23,607 [Listener at 0.0.0.0/37381] INFO  handler.ContextHandler (ContextHandler.java:doStart(915)) - Started o.e.j.s.ServletContextHandler@20a7e171{logs,/logs,file:///home/runner/work/ozone/ozone/hadoop-ozone/integration-test/target/log,AVAILABLE}
2022-10-10 08:38:23,607 [Listener at 0.0.0.0/37381] INFO  handler.ContextHandler (ContextHandler.java:doStart(915)) - Started o.e.j.s.ServletContextHandler@3d7c059d{static,/static,file:///home/runner/work/ozone/ozone/hadoop-ozone/integration-test/target/test-classes/webapps/static,AVAILABLE}
2022-10-10 08:38:23,611 [Listener at 0.0.0.0/37381] INFO  handler.ContextHandler (ContextHandler.java:doStart(915)) - Started o.e.j.w.WebAppContext@7a72e18d{scm,/,file:///home/runner/work/ozone/ozone/hadoop-ozone/integration-test/target/test-classes/webapps/scm/,AVAILABLE}{file:/home/runner/work/ozone/ozone/hadoop-ozone/integration-test/target/test-classes/webapps/scm}
2022-10-10 08:38:23,631 [Listener at 0.0.0.0/37381] INFO  server.AbstractConnector (AbstractConnector.java:doStart(331)) - Started ServerConnector@2f8fefc6{HTTP/1.1, (http/1.1)}{0.0.0.0:40181}
2022-10-10 08:38:23,631 [Listener at 0.0.0.0/37381] INFO  server.Server (Server.java:doStart(415)) - Started @235188ms
2022-10-10 08:38:23,631 [Listener at 0.0.0.0/37381] WARN  impl.MetricsSystemImpl (MetricsSystemImpl.java:register(279)) - Sink prometheus already exists!
2022-10-10 08:38:23,636 [Listener at 0.0.0.0/37381] INFO  http.BaseHttpServer (BaseHttpServer.java:updateConnectorAddress(333)) - HTTP server of scm listening at http://0.0.0.0:40181
2022-10-10 08:38:23,637 [Listener at 0.0.0.0/37381] WARN  server.ServerUtils (ServerUtils.java:getDBPath(225)) - ozone.om.db.dirs is not configured. We recommend adding this setting. Falling back to ozone.metadata.dirs instead.
2022-10-10 08:38:23,638 [Listener at 0.0.0.0/37381] INFO  ha.OMHANodeDetails (OMHANodeDetails.java:loadOMHAConfig(115)) - ozone.om.internal.service.id is not defined, falling back to ozone.om.service.ids to find serviceID for OzoneManager if it is HA enabled cluster
2022-10-10 08:38:23,639 [Listener at 0.0.0.0/37381] INFO  ha.OMHANodeDetails (OMHANodeDetails.java:loadOMHAConfig(226)) - Configuration does not have ozone.om.address set. Falling back to the default OM address /127.0.0.1:0
2022-10-10 08:38:23,639 [Listener at 0.0.0.0/37381] INFO  ha.OMHANodeDetails (OMHANodeDetails.java:getOMNodeDetailsForNonHA(254)) - OM Service ID is not set. Setting it to the default ID: omServiceIdDefault
2022-10-10 08:38:23,639 [Listener at 0.0.0.0/37381] INFO  ha.OMHANodeDetails (OMHANodeDetails.java:getOMNodeDetailsForNonHA(261)) - OM Node ID is not set. Setting it to the default ID: om1
2022-10-10 08:38:23,639 [Listener at 0.0.0.0/37381] WARN  server.ServerUtils (ServerUtils.java:getDBPath(225)) - ozone.om.db.dirs is not configured. We recommend adding this setting. Falling back to ozone.metadata.dirs instead.
2022-10-10 08:38:23,640 [Listener at 0.0.0.0/37381] INFO  upgrade.AbstractLayoutVersionManager (AbstractLayoutVersionManager.java:init(83)) - Initializing Layout version manager with metadata layout = MULTITENANCY_SCHEMA (version = 3), software layout = MULTITENANCY_SCHEMA (version = 3)
2022-10-10 08:38:23,844 [Listener at 0.0.0.0/37381] INFO  reflections.Reflections (Reflections.java:scan(232)) - Reflections took 203 ms to scan 2 urls, producing 154 keys and 428 values [using 2 cores]
2022-10-10 08:38:23,845 [Listener at 0.0.0.0/37381] INFO  upgrade.OMLayoutVersionManager (OMLayoutVersionManager.java:lambda$0(115)) - Skipping Upgrade Action MockOmUpgradeAction since it has been finalized.
2022-10-10 08:38:23,845 [Listener at 0.0.0.0/37381] WARN  server.ServerUtils (ServerUtils.java:getDBPath(225)) - ozone.om.db.dirs is not configured. We recommend adding this setting. Falling back to ozone.metadata.dirs instead.
2022-10-10 08:38:23,846 [Listener at 0.0.0.0/37381] INFO  proxy.SCMBlockLocationFailoverProxyProvider (SCMBlockLocationFailoverProxyProvider.java:<init>(114)) - Created block location fail-over proxy with 1 nodes: [nodeId=scmNodeId,nodeAddress=/0.0.0.0:45169]
2022-10-10 08:38:23,856 [Listener at 0.0.0.0/37381] INFO  proxy.SCMBlockLocationFailoverProxyProvider (SCMBlockLocationFailoverProxyProvider.java:<init>(114)) - Created block location fail-over proxy with 1 nodes: [nodeId=scmNodeId,nodeAddress=/0.0.0.0:45169]
2022-10-10 08:38:23,889 [Listener at 0.0.0.0/37381] WARN  server.ServerUtils (ServerUtils.java:getDBPath(225)) - ozone.om.db.dirs is not configured. We recommend adding this setting. Falling back to ozone.metadata.dirs instead.
2022-10-10 08:38:23,890 [Listener at 0.0.0.0/37381] INFO  codec.OmKeyInfoCodec (OmKeyInfoCodec.java:<init>(49)) - OmKeyInfoCodec ignorePipeline = true
2022-10-10 08:38:23,890 [Listener at 0.0.0.0/37381] INFO  codec.RepeatedOmKeyInfoCodec (RepeatedOmKeyInfoCodec.java:<init>(41)) - RepeatedOmKeyInfoCodec ignorePipeline = true
2022-10-10 08:38:24,254 [Listener at 0.0.0.0/37381] INFO  om.OzoneManager (OzoneManager.java:instantiateServices(710)) - S3 Multi-Tenancy is disabled
2022-10-10 08:38:24,255 [Listener at 0.0.0.0/37381] INFO  om.OzoneManager (OzoneManager.java:addS3GVolumeToDB(4325)) - Created Volume s3v With Owner runner required for S3Gateway operations.
2022-10-10 08:38:24,256 [Listener at 0.0.0.0/37381] INFO  om.OzoneManager (OzoneManager.java:getRpcServer(1100)) - Creating RPC Server
2022-10-10 08:38:25,435 [Listener at 0.0.0.0/37381] INFO  reflections.Reflections (Reflections.java:scan(232)) - Reflections took 1177 ms to scan 19 urls, producing 67 keys and 4226 values [using 2 cores]
2022-10-10 08:38:25,437 [Listener at 0.0.0.0/37381] INFO  ipc.CallQueueManager (CallQueueManager.java:<init>(90)) - Using callQueue: class java.util.concurrent.LinkedBlockingQueue, queueCapacity: 2000, scheduler: class org.apache.hadoop.ipc.DefaultRpcScheduler, ipcBackoff: false.
2022-10-10 08:38:25,440 [Socket Reader #1 for port 0] INFO  ipc.Server (Server.java:run(1265)) - Starting Socket Reader #1 for port 0
2022-10-10 08:38:25,506 [Listener at 127.0.0.1/43231] INFO  impl.MetricsSystemImpl (MetricsSystemImpl.java:init(158)) - OzoneManager metrics system started (again)
2022-10-10 08:38:25,559 [Listener at 127.0.0.1/43231] INFO  om.OzoneManager (OzoneManager.java:start(1484)) - OzoneManager RPC server is listening at localhost/127.0.0.1:43231
2022-10-10 08:38:25,559 [Listener at 127.0.0.1/43231] INFO  om.OzoneManager (OzoneManager.java:start(1500)) - Version File has different layout version (3) than OM DB (null). That is expected if this OM has never been finalized to a newer layout version.
2022-10-10 08:38:25,574 [Listener at 127.0.0.1/43231] INFO  http.BaseHttpServer (BaseHttpServer.java:newHttpServer2BuilderForOzone(213)) - Starting Web-server for ozoneManager at: http://0.0.0.0:0
2022-10-10 08:38:25,574 [Listener at 127.0.0.1/43231] INFO  http.BaseHttpServer (BaseHttpServer.java:<init>(108)) - Hadoop Security Enabled: false Ozone Security Enabled: false Ozone HTTP Security Enabled: false 
2022-10-10 08:38:25,581 [Listener at 127.0.0.1/43231] INFO  server.AuthenticationFilter (AuthenticationFilter.java:constructSecretProvider(240)) - Unable to initialize FileSignerSecretProvider, falling back to use random secrets.
2022-10-10 08:38:25,588 [Listener at 127.0.0.1/43231] WARN  http.HttpRequestLog (HttpRequestLog.java:getRequestLog(103)) - Jetty request log can only be enabled using Log4j
2022-10-10 08:38:25,590 [Listener at 127.0.0.1/43231] INFO  http.HttpServer2 (HttpServer2.java:addGlobalFilter(1031)) - Added global filter 'safety' (class=org.apache.hadoop.hdds.server.http.HttpServer2$QuotingInputFilter)
2022-10-10 08:38:25,590 [Listener at 127.0.0.1/43231] INFO  http.HttpServer2 (HttpServer2.java:addFilter(1007)) - Added filter static_user_filter (class=org.apache.hadoop.http.lib.StaticUserWebFilter$StaticUserFilter) to context ozoneManager
2022-10-10 08:38:25,591 [Listener at 127.0.0.1/43231] INFO  http.HttpServer2 (HttpServer2.java:addFilter(1015)) - Added filter static_user_filter (class=org.apache.hadoop.http.lib.StaticUserWebFilter$StaticUserFilter) to context static
2022-10-10 08:38:25,591 [Listener at 127.0.0.1/43231] INFO  http.HttpServer2 (HttpServer2.java:addFilter(1015)) - Added filter static_user_filter (class=org.apache.hadoop.http.lib.StaticUserWebFilter$StaticUserFilter) to context logs
2022-10-10 08:38:25,598 [Listener at 127.0.0.1/43231] INFO  http.HttpServer2 (HttpServer2.java:bindListener(1250)) - Jetty bound to port 46145
2022-10-10 08:38:25,598 [Listener at 127.0.0.1/43231] INFO  server.Server (Server.java:doStart(375)) - jetty-9.4.43.v20210629; built: 2021-06-30T11:07:22.254Z; git: 526006ecfa3af7f1a27ef3a288e2bef7ea9dd7e8; jvm 1.8.0_345-b01
2022-10-10 08:38:25,667 [Listener at 127.0.0.1/43231] INFO  server.session (DefaultSessionIdManager.java:doStart(334)) - DefaultSessionIdManager workerName=node0
2022-10-10 08:38:25,667 [Listener at 127.0.0.1/43231] INFO  server.session (DefaultSessionIdManager.java:doStart(339)) - No SessionScavenger set, using defaults
2022-10-10 08:38:25,667 [Listener at 127.0.0.1/43231] INFO  server.session (HouseKeeper.java:startScavenging(132)) - node0 Scavenging every 600000ms
2022-10-10 08:38:25,676 [Listener at 127.0.0.1/43231] INFO  handler.ContextHandler (ContextHandler.java:doStart(915)) - Started o.e.j.s.ServletContextHandler@472bf56c{logs,/logs,file:///home/runner/work/ozone/ozone/hadoop-ozone/integration-test/target/log,AVAILABLE}
2022-10-10 08:38:25,677 [Listener at 127.0.0.1/43231] INFO  handler.ContextHandler (ContextHandler.java:doStart(915)) - Started o.e.j.s.ServletContextHandler@6da58910{static,/static,file:///home/runner/work/ozone/ozone/hadoop-ozone/integration-test/target/test-classes/webapps/static,AVAILABLE}
2022-10-10 08:38:25,682 [Listener at 127.0.0.1/43231] INFO  handler.ContextHandler (ContextHandler.java:doStart(915)) - Started o.e.j.w.WebAppContext@2c4e7542{ozoneManager,/,file:///home/runner/work/ozone/ozone/hadoop-ozone/integration-test/target/test-classes/webapps/ozoneManager/,AVAILABLE}{file:/home/runner/work/ozone/ozone/hadoop-ozone/integration-test/target/test-classes/webapps/ozoneManager}
2022-10-10 08:38:25,700 [Listener at 127.0.0.1/43231] INFO  server.AbstractConnector (AbstractConnector.java:doStart(331)) - Started ServerConnector@1ee957{HTTP/1.1, (http/1.1)}{0.0.0.0:46145}
2022-10-10 08:38:25,700 [Listener at 127.0.0.1/43231] INFO  server.Server (Server.java:doStart(415)) - Started @237257ms
2022-10-10 08:38:25,700 [Listener at 127.0.0.1/43231] WARN  impl.MetricsSystemImpl (MetricsSystemImpl.java:register(279)) - Sink prometheus already exists!
2022-10-10 08:38:25,701 [Listener at 127.0.0.1/43231] INFO  http.BaseHttpServer (BaseHttpServer.java:updateConnectorAddress(333)) - HTTP server of ozoneManager listening at http://0.0.0.0:46145
2022-10-10 08:38:25,708 [IPC Server Responder] INFO  ipc.Server (Server.java:run(1507)) - IPC Server Responder: starting
2022-10-10 08:38:25,709 [IPC Server listener on 0] INFO  ipc.Server (Server.java:run(1344)) - IPC Server listener on 0: starting
2022-10-10 08:38:25,806 [Listener at 127.0.0.1/43231] INFO  om.TrashPolicyOzone (TrashPolicyOzone.java:<init>(178)) - Ozone Manager trash configuration: Deletion interval = 0 minutes, Emptier interval = 0 minutes.
2022-10-10 08:38:25,820 [org.apache.hadoop.util.JvmPauseMonitor$Monitor@152c82ca] INFO  util.JvmPauseMonitor (JvmPauseMonitor.java:run(188)) - Starting JVM pause monitor
2022-10-10 08:38:25,886 [Listener at 127.0.0.1/43231] WARN  impl.MetricRegistriesImpl (MetricRegistriesImpl.java:addReporterRegistration(111)) - New reporters are added after registries were created. Some metrics will be missing from the reporter. Please add reporter before adding any new registry.
2022-10-10 08:38:25,887 [Listener at 127.0.0.1/43231] WARN  impl.MetricRegistriesImpl (MetricRegistriesImpl.java:addReporterRegistration(111)) - New reporters are added after registries were created. Some metrics will be missing from the reporter. Please add reporter before adding any new registry.
2022-10-10 08:38:25,887 [Listener at 127.0.0.1/43231] INFO  impl.MetricsSystemImpl (MetricsSystemImpl.java:init(158)) - HddsDatanode metrics system started (again)
2022-10-10 08:38:25,928 [Listener at 127.0.0.1/43231] INFO  ozone.HddsDatanodeService (HddsDatanodeService.java:start(236)) - HddsDatanodeService host:fv-az292-843.tqgtyn10aqxuxoi0mkfbldi5vh.jx.internal.cloudapp.net ip:10.1.0.114
2022-10-10 08:38:25,967 [Listener at 127.0.0.1/43231] INFO  upgrade.AbstractLayoutVersionManager (AbstractLayoutVersionManager.java:init(83)) - Initializing Layout version manager with metadata layout = DATANODE_SCHEMA_V3 (version = 4), software layout = DATANODE_SCHEMA_V3 (version = 4)
2022-10-10 08:38:26,019 [Listener at 127.0.0.1/43231] INFO  reflections.Reflections (Reflections.java:scan(232)) - Reflections took 51 ms to scan 7 urls, producing 135 keys and 327 values 
2022-10-10 08:38:26,033 [Listener at 127.0.0.1/43231] INFO  statemachine.DatanodeStateMachine (DatanodeStateMachine.java:getEndPointTaskThreadPoolSize(237)) - Datanode State Machine Task Thread Pool size 2
2022-10-10 08:38:26,039 [Listener at 127.0.0.1/43231] INFO  volume.HddsVolume (HddsVolume.java:<init>(117)) - Creating HddsVolume: /home/runner/work/ozone/ozone/hadoop-ozone/integration-test/target/test-dir/MiniOzoneClusterImpl-48dafe68-2a65-4a21-9ceb-731b54627123/datanode-0/data-0/containers/hdds of storage type : DISK capacity : 9223372036854775807
2022-10-10 08:38:26,039 [Listener at 127.0.0.1/43231] INFO  volume.MutableVolumeSet (MutableVolumeSet.java:initializeVolumeSet(174)) - Added Volume : /home/runner/work/ozone/ozone/hadoop-ozone/integration-test/target/test-dir/MiniOzoneClusterImpl-48dafe68-2a65-4a21-9ceb-731b54627123/datanode-0/data-0/containers/hdds to VolumeSet
2022-10-10 08:38:26,039 [Listener at 127.0.0.1/43231] INFO  volume.ThrottledAsyncChecker (ThrottledAsyncChecker.java:schedule(141)) - Scheduling a check for /home/runner/work/ozone/ozone/hadoop-ozone/integration-test/target/test-dir/MiniOzoneClusterImpl-48dafe68-2a65-4a21-9ceb-731b54627123/datanode-0/data-0/containers/hdds
2022-10-10 08:38:26,041 [Listener at 127.0.0.1/43231] INFO  volume.StorageVolumeChecker (StorageVolumeChecker.java:checkAllVolumes(202)) - Scheduled health check for volume /home/runner/work/ozone/ozone/hadoop-ozone/integration-test/target/test-dir/MiniOzoneClusterImpl-48dafe68-2a65-4a21-9ceb-731b54627123/datanode-0/data-0/containers/hdds
2022-10-10 08:38:26,064 [Listener at 127.0.0.1/43231] INFO  volume.MutableVolumeSet (MutableVolumeSet.java:initializeVolumeSet(174)) - Added Volume : /home/runner/work/ozone/ozone/hadoop-ozone/integration-test/target/test-dir/MiniOzoneClusterImpl-48dafe68-2a65-4a21-9ceb-731b54627123/datanode-0/data/ratis to VolumeSet
2022-10-10 08:38:26,065 [Listener at 127.0.0.1/43231] INFO  volume.ThrottledAsyncChecker (ThrottledAsyncChecker.java:schedule(141)) - Scheduling a check for /home/runner/work/ozone/ozone/hadoop-ozone/integration-test/target/test-dir/MiniOzoneClusterImpl-48dafe68-2a65-4a21-9ceb-731b54627123/datanode-0/data/ratis
2022-10-10 08:38:26,066 [Listener at 127.0.0.1/43231] INFO  volume.StorageVolumeChecker (StorageVolumeChecker.java:checkAllVolumes(202)) - Scheduled health check for volume /home/runner/work/ozone/ozone/hadoop-ozone/integration-test/target/test-dir/MiniOzoneClusterImpl-48dafe68-2a65-4a21-9ceb-731b54627123/datanode-0/data/ratis
2022-10-10 08:38:26,086 [Thread-853] INFO  ozoneimpl.ContainerReader (ContainerReader.java:readVolume(175)) - Finish verifying containers on volume /home/runner/work/ozone/ozone/hadoop-ozone/integration-test/target/test-dir/MiniOzoneClusterImpl-48dafe68-2a65-4a21-9ceb-731b54627123/datanode-0/data-0/containers/hdds
2022-10-10 08:38:26,086 [Listener at 127.0.0.1/43231] INFO  ozoneimpl.OzoneContainer (OzoneContainer.java:buildContainerSet(300)) - Build ContainerSet costs 0s
2022-10-10 08:38:26,089 [Listener at 127.0.0.1/43231] INFO  server.RaftServer (ConfUtils.java:logGet(46)) - raft.rpc.type = GRPC (default)
2022-10-10 08:38:26,089 [Listener at 127.0.0.1/43231] INFO  grpc.GrpcFactory (GrpcFactory.java:checkPooledByteBufAllocatorUseCacheForAllThreads(48)) - PERFORMANCE WARNING: useCacheForAllThreads is true that may cause Netty to create a lot garbage objects and, as a result, trigger GC.
	It is recommended to disable useCacheForAllThreads by setting -Dorg.apache.ratis.thirdparty.io.netty.allocator.useCacheForAllThreads=false in command line.
2022-10-10 08:38:26,089 [Listener at 127.0.0.1/43231] INFO  grpc.GrpcConfigKeys (ConfUtils.java:logGet(46)) - raft.grpc.admin.port = 0 (custom)
2022-10-10 08:38:26,089 [Listener at 127.0.0.1/43231] INFO  grpc.GrpcConfigKeys (ConfUtils.java:logGet(46)) - raft.grpc.client.port = 0 (custom)
2022-10-10 08:38:26,089 [Listener at 127.0.0.1/43231] INFO  grpc.GrpcConfigKeys (ConfUtils.java:logGet(46)) - raft.grpc.server.port = 0 (default)
2022-10-10 08:38:26,090 [Listener at 127.0.0.1/43231] INFO  server.GrpcService (ConfUtils.java:logGet(46)) - raft.grpc.message.size.max = 32MB (=33554432) (custom)
2022-10-10 08:38:26,090 [Listener at 127.0.0.1/43231] INFO  server.RaftServerConfigKeys (ConfUtils.java:logGet(46)) - raft.server.log.appender.buffer.byte-limit = 33554432 (custom)
2022-10-10 08:38:26,090 [Listener at 127.0.0.1/43231] INFO  server.GrpcService (ConfUtils.java:logGet(46)) - raft.grpc.flow.control.window = 5MB (=5242880) (custom)
2022-10-10 08:38:26,090 [Listener at 127.0.0.1/43231] INFO  server.RaftServerConfigKeys (ConfUtils.java:logGet(46)) - raft.server.rpc.request.timeout = 60s (custom)
2022-10-10 08:38:26,090 [Listener at 127.0.0.1/43231] INFO  grpc.GrpcConfigKeys (ConfUtils.java:logGet(46)) - raft.grpc.server.async.request.thread.pool.cached = true (default)
2022-10-10 08:38:26,090 [Listener at 127.0.0.1/43231] INFO  grpc.GrpcConfigKeys (ConfUtils.java:logGet(46)) - raft.grpc.server.async.request.thread.pool.size = 32 (default)
2022-10-10 08:38:26,099 [Listener at 127.0.0.1/43231] INFO  impl.DataStreamServerImpl (ConfUtils.java:logGet(46)) - raft.datastream.type = DISABLED (default)
2022-10-10 08:38:26,099 [Listener at 127.0.0.1/43231] INFO  server.RaftServerConfigKeys (ConfUtils.java:logGet(46)) - raft.server.threadpool.proxy.cached = true (default)
2022-10-10 08:38:26,100 [Listener at 127.0.0.1/43231] INFO  server.RaftServerConfigKeys (ConfUtils.java:logGet(46)) - raft.server.threadpool.proxy.size = 0 (default)
2022-10-10 08:38:26,100 [Listener at 127.0.0.1/43231] INFO  server.RaftServerConfigKeys (ConfUtils.java:logGet(46)) - raft.server.rpc.slowness.timeout = 300s (custom)
2022-10-10 08:38:26,101 [Listener at 127.0.0.1/43231] INFO  server.RaftServerConfigKeys (ConfUtils.java:logGet(46)) - raft.server.leaderelection.leader.step-down.wait-time = 10s (default)
2022-10-10 08:38:26,102 [Listener at 127.0.0.1/43231] INFO  server.RaftServerConfigKeys (ConfUtils.java:logGet(46)) - raft.server.storage.dir = [/home/runner/work/ozone/ozone/hadoop-ozone/integration-test/target/test-dir/MiniOzoneClusterImpl-48dafe68-2a65-4a21-9ceb-731b54627123/datanode-0/data/ratis] (custom)
2022-10-10 08:38:26,103 [Listener at 127.0.0.1/43231] INFO  server.XceiverServerGrpc (XceiverServerGrpc.java:<init>(132)) - GrpcServer channel type EpollServerSocketChannel
2022-10-10 08:38:26,119 [Listener at 127.0.0.1/43231] INFO  http.BaseHttpServer (BaseHttpServer.java:newHttpServer2BuilderForOzone(213)) - Starting Web-server for hddsDatanode at: http://0.0.0.0:0
2022-10-10 08:38:26,119 [Listener at 127.0.0.1/43231] INFO  http.BaseHttpServer (BaseHttpServer.java:<init>(108)) - Hadoop Security Enabled: false Ozone Security Enabled: false Ozone HTTP Security Enabled: false 
2022-10-10 08:38:26,122 [Listener at 127.0.0.1/43231] INFO  server.AuthenticationFilter (AuthenticationFilter.java:constructSecretProvider(240)) - Unable to initialize FileSignerSecretProvider, falling back to use random secrets.
2022-10-10 08:38:26,123 [Listener at 127.0.0.1/43231] WARN  http.HttpRequestLog (HttpRequestLog.java:getRequestLog(103)) - Jetty request log can only be enabled using Log4j
2022-10-10 08:38:26,124 [Listener at 127.0.0.1/43231] INFO  http.HttpServer2 (HttpServer2.java:addGlobalFilter(1031)) - Added global filter 'safety' (class=org.apache.hadoop.hdds.server.http.HttpServer2$QuotingInputFilter)
2022-10-10 08:38:26,125 [Listener at 127.0.0.1/43231] INFO  http.HttpServer2 (HttpServer2.java:addFilter(1007)) - Added filter static_user_filter (class=org.apache.hadoop.http.lib.StaticUserWebFilter$StaticUserFilter) to context hddsDatanode
2022-10-10 08:38:26,125 [Listener at 127.0.0.1/43231] INFO  http.HttpServer2 (HttpServer2.java:addFilter(1015)) - Added filter static_user_filter (class=org.apache.hadoop.http.lib.StaticUserWebFilter$StaticUserFilter) to context static
2022-10-10 08:38:26,125 [Listener at 127.0.0.1/43231] INFO  http.HttpServer2 (HttpServer2.java:addFilter(1015)) - Added filter static_user_filter (class=org.apache.hadoop.http.lib.StaticUserWebFilter$StaticUserFilter) to context logs
2022-10-10 08:38:26,125 [Listener at 127.0.0.1/43231] INFO  http.HttpServer2 (HttpServer2.java:bindListener(1250)) - Jetty bound to port 38109
2022-10-10 08:38:26,126 [Listener at 127.0.0.1/43231] INFO  server.Server (Server.java:doStart(375)) - jetty-9.4.43.v20210629; built: 2021-06-30T11:07:22.254Z; git: 526006ecfa3af7f1a27ef3a288e2bef7ea9dd7e8; jvm 1.8.0_345-b01
2022-10-10 08:38:26,128 [Listener at 127.0.0.1/43231] INFO  server.session (DefaultSessionIdManager.java:doStart(334)) - DefaultSessionIdManager workerName=node0
2022-10-10 08:38:26,128 [Listener at 127.0.0.1/43231] INFO  server.session (DefaultSessionIdManager.java:doStart(339)) - No SessionScavenger set, using defaults
2022-10-10 08:38:26,129 [Listener at 127.0.0.1/43231] INFO  server.session (HouseKeeper.java:startScavenging(132)) - node0 Scavenging every 600000ms
2022-10-10 08:38:26,130 [Listener at 127.0.0.1/43231] INFO  handler.ContextHandler (ContextHandler.java:doStart(915)) - Started o.e.j.s.ServletContextHandler@401f8e24{logs,/logs,file:///home/runner/work/ozone/ozone/hadoop-ozone/integration-test/target/log,AVAILABLE}
2022-10-10 08:38:26,130 [Listener at 127.0.0.1/43231] INFO  handler.ContextHandler (ContextHandler.java:doStart(915)) - Started o.e.j.s.ServletContextHandler@2e263107{static,/static,jar:file:/home/runner/.m2/repository/org/apache/ozone/hdds-container-service/1.3.0-SNAPSHOT/hdds-container-service-1.3.0-SNAPSHOT.jar!/webapps/static,AVAILABLE}
2022-10-10 08:38:26,520 [Listener at 127.0.0.1/43231] INFO  handler.ContextHandler (ContextHandler.java:doStart(915)) - Started o.e.j.w.WebAppContext@6c087b6a{hddsDatanode,/,file:///tmp/jetty-0_0_0_0-38109-hdds-container-service-1_3_0-SNAPSHOT_jar-_-any-5561019616592655059/webapp/,AVAILABLE}{jar:file:/home/runner/.m2/repository/org/apache/ozone/hdds-container-service/1.3.0-SNAPSHOT/hdds-container-service-1.3.0-SNAPSHOT.jar!/webapps/hddsDatanode}
2022-10-10 08:38:26,524 [Listener at 127.0.0.1/43231] INFO  server.AbstractConnector (AbstractConnector.java:doStart(331)) - Started ServerConnector@1419a868{HTTP/1.1, (http/1.1)}{0.0.0.0:38109}
2022-10-10 08:38:26,524 [Listener at 127.0.0.1/43231] INFO  server.Server (Server.java:doStart(415)) - Started @238081ms
2022-10-10 08:38:26,524 [Listener at 127.0.0.1/43231] WARN  impl.MetricsSystemImpl (MetricsSystemImpl.java:register(279)) - Sink prometheus already exists!
2022-10-10 08:38:26,525 [Listener at 127.0.0.1/43231] INFO  http.BaseHttpServer (BaseHttpServer.java:updateConnectorAddress(333)) - HTTP server of hddsDatanode listening at http://0.0.0.0:38109
2022-10-10 08:38:26,526 [Datanode State Machine Daemon Thread] INFO  statemachine.DatanodeStateMachine (DatanodeStateMachine.java:lambda$startDaemon$0(492)) - Ozone container server started.
2022-10-10 08:38:26,532 [Listener at 127.0.0.1/43231] WARN  impl.MetricRegistriesImpl (MetricRegistriesImpl.java:addReporterRegistration(111)) - New reporters are added after registries were created. Some metrics will be missing from the reporter. Please add reporter before adding any new registry.
2022-10-10 08:38:26,532 [Listener at 127.0.0.1/43231] WARN  impl.MetricRegistriesImpl (MetricRegistriesImpl.java:addReporterRegistration(111)) - New reporters are added after registries were created. Some metrics will be missing from the reporter. Please add reporter before adding any new registry.
2022-10-10 08:38:26,533 [Listener at 127.0.0.1/43231] INFO  impl.MetricsSystemImpl (MetricsSystemImpl.java:init(158)) - HddsDatanode metrics system started (again)
2022-10-10 08:38:26,562 [Listener at 127.0.0.1/43231] INFO  ozone.HddsDatanodeService (HddsDatanodeService.java:start(236)) - HddsDatanodeService host:fv-az292-843.tqgtyn10aqxuxoi0mkfbldi5vh.jx.internal.cloudapp.net ip:10.1.0.114
2022-10-10 08:38:26,585 [org.apache.hadoop.util.JvmPauseMonitor$Monitor@60feab8] INFO  util.JvmPauseMonitor (JvmPauseMonitor.java:run(188)) - Starting JVM pause monitor
2022-10-10 08:38:26,589 [Datanode State Machine Task Thread - 0] INFO  datanode.InitDatanodeState (InitDatanodeState.java:persistContainerDatanodeDetails(138)) - DatanodeDetails is persisted to /home/runner/work/ozone/ozone/hadoop-ozone/integration-test/target/test-dir/MiniOzoneClusterImpl-48dafe68-2a65-4a21-9ceb-731b54627123/datanode-0/meta/datanode.id
2022-10-10 08:38:26,599 [Listener at 127.0.0.1/43231] INFO  upgrade.AbstractLayoutVersionManager (AbstractLayoutVersionManager.java:init(83)) - Initializing Layout version manager with metadata layout = DATANODE_SCHEMA_V3 (version = 4), software layout = DATANODE_SCHEMA_V3 (version = 4)
2022-10-10 08:38:26,663 [Listener at 127.0.0.1/43231] INFO  reflections.Reflections (Reflections.java:scan(232)) - Reflections took 62 ms to scan 7 urls, producing 135 keys and 327 values 
2022-10-10 08:38:26,678 [Listener at 127.0.0.1/43231] INFO  statemachine.DatanodeStateMachine (DatanodeStateMachine.java:getEndPointTaskThreadPoolSize(237)) - Datanode State Machine Task Thread Pool size 2
2022-10-10 08:38:26,693 [Listener at 127.0.0.1/43231] INFO  volume.HddsVolume (HddsVolume.java:<init>(117)) - Creating HddsVolume: /home/runner/work/ozone/ozone/hadoop-ozone/integration-test/target/test-dir/MiniOzoneClusterImpl-48dafe68-2a65-4a21-9ceb-731b54627123/datanode-1/data-0/containers/hdds of storage type : DISK capacity : 9223372036854775807
2022-10-10 08:38:26,693 [Listener at 127.0.0.1/43231] INFO  volume.MutableVolumeSet (MutableVolumeSet.java:initializeVolumeSet(174)) - Added Volume : /home/runner/work/ozone/ozone/hadoop-ozone/integration-test/target/test-dir/MiniOzoneClusterImpl-48dafe68-2a65-4a21-9ceb-731b54627123/datanode-1/data-0/containers/hdds to VolumeSet
2022-10-10 08:38:26,693 [Listener at 127.0.0.1/43231] INFO  volume.ThrottledAsyncChecker (ThrottledAsyncChecker.java:schedule(141)) - Scheduling a check for /home/runner/work/ozone/ozone/hadoop-ozone/integration-test/target/test-dir/MiniOzoneClusterImpl-48dafe68-2a65-4a21-9ceb-731b54627123/datanode-1/data-0/containers/hdds
2022-10-10 08:38:26,712 [Listener at 127.0.0.1/43231] INFO  volume.StorageVolumeChecker (StorageVolumeChecker.java:checkAllVolumes(202)) - Scheduled health check for volume /home/runner/work/ozone/ozone/hadoop-ozone/integration-test/target/test-dir/MiniOzoneClusterImpl-48dafe68-2a65-4a21-9ceb-731b54627123/datanode-1/data-0/containers/hdds
2022-10-10 08:38:26,794 [Listener at 127.0.0.1/43231] INFO  volume.MutableVolumeSet (MutableVolumeSet.java:initializeVolumeSet(174)) - Added Volume : /home/runner/work/ozone/ozone/hadoop-ozone/integration-test/target/test-dir/MiniOzoneClusterImpl-48dafe68-2a65-4a21-9ceb-731b54627123/datanode-1/data/ratis to VolumeSet
2022-10-10 08:38:26,794 [Listener at 127.0.0.1/43231] INFO  volume.ThrottledAsyncChecker (ThrottledAsyncChecker.java:schedule(141)) - Scheduling a check for /home/runner/work/ozone/ozone/hadoop-ozone/integration-test/target/test-dir/MiniOzoneClusterImpl-48dafe68-2a65-4a21-9ceb-731b54627123/datanode-1/data/ratis
2022-10-10 08:38:26,804 [Listener at 127.0.0.1/43231] INFO  volume.StorageVolumeChecker (StorageVolumeChecker.java:checkAllVolumes(202)) - Scheduled health check for volume /home/runner/work/ozone/ozone/hadoop-ozone/integration-test/target/test-dir/MiniOzoneClusterImpl-48dafe68-2a65-4a21-9ceb-731b54627123/datanode-1/data/ratis
2022-10-10 08:38:26,820 [Thread-866] INFO  ozoneimpl.ContainerReader (ContainerReader.java:readVolume(175)) - Finish verifying containers on volume /home/runner/work/ozone/ozone/hadoop-ozone/integration-test/target/test-dir/MiniOzoneClusterImpl-48dafe68-2a65-4a21-9ceb-731b54627123/datanode-1/data-0/containers/hdds
2022-10-10 08:38:26,820 [Listener at 127.0.0.1/43231] INFO  ozoneimpl.OzoneContainer (OzoneContainer.java:buildContainerSet(300)) - Build ContainerSet costs 0s
2022-10-10 08:38:26,823 [Listener at 127.0.0.1/43231] INFO  server.RaftServer (ConfUtils.java:logGet(46)) - raft.rpc.type = GRPC (default)
2022-10-10 08:38:26,823 [Listener at 127.0.0.1/43231] INFO  grpc.GrpcFactory (GrpcFactory.java:checkPooledByteBufAllocatorUseCacheForAllThreads(48)) - PERFORMANCE WARNING: useCacheForAllThreads is true that may cause Netty to create a lot garbage objects and, as a result, trigger GC.
	It is recommended to disable useCacheForAllThreads by setting -Dorg.apache.ratis.thirdparty.io.netty.allocator.useCacheForAllThreads=false in command line.
2022-10-10 08:38:26,823 [Listener at 127.0.0.1/43231] INFO  grpc.GrpcConfigKeys (ConfUtils.java:logGet(46)) - raft.grpc.admin.port = 0 (custom)
2022-10-10 08:38:26,823 [Listener at 127.0.0.1/43231] INFO  grpc.GrpcConfigKeys (ConfUtils.java:logGet(46)) - raft.grpc.client.port = 0 (custom)
2022-10-10 08:38:26,823 [Listener at 127.0.0.1/43231] INFO  grpc.GrpcConfigKeys (ConfUtils.java:logGet(46)) - raft.grpc.server.port = 0 (default)
2022-10-10 08:38:26,823 [Listener at 127.0.0.1/43231] INFO  server.GrpcService (ConfUtils.java:logGet(46)) - raft.grpc.message.size.max = 32MB (=33554432) (custom)
2022-10-10 08:38:26,824 [Listener at 127.0.0.1/43231] INFO  server.RaftServerConfigKeys (ConfUtils.java:logGet(46)) - raft.server.log.appender.buffer.byte-limit = 33554432 (custom)
2022-10-10 08:38:26,824 [Listener at 127.0.0.1/43231] INFO  server.GrpcService (ConfUtils.java:logGet(46)) - raft.grpc.flow.control.window = 5MB (=5242880) (custom)
2022-10-10 08:38:26,824 [Listener at 127.0.0.1/43231] INFO  server.RaftServerConfigKeys (ConfUtils.java:logGet(46)) - raft.server.rpc.request.timeout = 60s (custom)
2022-10-10 08:38:26,824 [Listener at 127.0.0.1/43231] INFO  grpc.GrpcConfigKeys (ConfUtils.java:logGet(46)) - raft.grpc.server.async.request.thread.pool.cached = true (default)
2022-10-10 08:38:26,824 [Listener at 127.0.0.1/43231] INFO  grpc.GrpcConfigKeys (ConfUtils.java:logGet(46)) - raft.grpc.server.async.request.thread.pool.size = 32 (default)
2022-10-10 08:38:26,825 [Listener at 127.0.0.1/43231] INFO  impl.DataStreamServerImpl (ConfUtils.java:logGet(46)) - raft.datastream.type = DISABLED (default)
2022-10-10 08:38:26,825 [Listener at 127.0.0.1/43231] INFO  server.RaftServerConfigKeys (ConfUtils.java:logGet(46)) - raft.server.threadpool.proxy.cached = true (default)
2022-10-10 08:38:26,826 [Listener at 127.0.0.1/43231] INFO  server.RaftServerConfigKeys (ConfUtils.java:logGet(46)) - raft.server.threadpool.proxy.size = 0 (default)
2022-10-10 08:38:26,826 [Listener at 127.0.0.1/43231] INFO  server.RaftServerConfigKeys (ConfUtils.java:logGet(46)) - raft.server.rpc.slowness.timeout = 300s (custom)
2022-10-10 08:38:26,826 [Listener at 127.0.0.1/43231] INFO  server.RaftServerConfigKeys (ConfUtils.java:logGet(46)) - raft.server.leaderelection.leader.step-down.wait-time = 10s (default)
2022-10-10 08:38:26,826 [Listener at 127.0.0.1/43231] INFO  server.RaftServerConfigKeys (ConfUtils.java:logGet(46)) - raft.server.storage.dir = [/home/runner/work/ozone/ozone/hadoop-ozone/integration-test/target/test-dir/MiniOzoneClusterImpl-48dafe68-2a65-4a21-9ceb-731b54627123/datanode-1/data/ratis] (custom)
2022-10-10 08:38:26,831 [Listener at 127.0.0.1/43231] INFO  server.XceiverServerGrpc (XceiverServerGrpc.java:<init>(132)) - GrpcServer channel type EpollServerSocketChannel
2022-10-10 08:38:26,853 [Listener at 127.0.0.1/43231] INFO  http.BaseHttpServer (BaseHttpServer.java:newHttpServer2BuilderForOzone(213)) - Starting Web-server for hddsDatanode at: http://0.0.0.0:0
2022-10-10 08:38:26,854 [Listener at 127.0.0.1/43231] INFO  http.BaseHttpServer (BaseHttpServer.java:<init>(108)) - Hadoop Security Enabled: false Ozone Security Enabled: false Ozone HTTP Security Enabled: false 
2022-10-10 08:38:26,855 [Listener at 127.0.0.1/43231] INFO  server.AuthenticationFilter (AuthenticationFilter.java:constructSecretProvider(240)) - Unable to initialize FileSignerSecretProvider, falling back to use random secrets.
2022-10-10 08:38:26,857 [Listener at 127.0.0.1/43231] WARN  http.HttpRequestLog (HttpRequestLog.java:getRequestLog(103)) - Jetty request log can only be enabled using Log4j
2022-10-10 08:38:26,859 [Listener at 127.0.0.1/43231] INFO  http.HttpServer2 (HttpServer2.java:addGlobalFilter(1031)) - Added global filter 'safety' (class=org.apache.hadoop.hdds.server.http.HttpServer2$QuotingInputFilter)
2022-10-10 08:38:26,860 [Listener at 127.0.0.1/43231] INFO  http.HttpServer2 (HttpServer2.java:addFilter(1007)) - Added filter static_user_filter (class=org.apache.hadoop.http.lib.StaticUserWebFilter$StaticUserFilter) to context hddsDatanode
2022-10-10 08:38:26,860 [Listener at 127.0.0.1/43231] INFO  http.HttpServer2 (HttpServer2.java:addFilter(1015)) - Added filter static_user_filter (class=org.apache.hadoop.http.lib.StaticUserWebFilter$StaticUserFilter) to context static
2022-10-10 08:38:26,861 [Listener at 127.0.0.1/43231] INFO  http.HttpServer2 (HttpServer2.java:addFilter(1015)) - Added filter static_user_filter (class=org.apache.hadoop.http.lib.StaticUserWebFilter$StaticUserFilter) to context logs
2022-10-10 08:38:26,868 [Listener at 127.0.0.1/43231] INFO  http.HttpServer2 (HttpServer2.java:bindListener(1250)) - Jetty bound to port 45493
2022-10-10 08:38:26,869 [Listener at 127.0.0.1/43231] INFO  server.Server (Server.java:doStart(375)) - jetty-9.4.43.v20210629; built: 2021-06-30T11:07:22.254Z; git: 526006ecfa3af7f1a27ef3a288e2bef7ea9dd7e8; jvm 1.8.0_345-b01
2022-10-10 08:38:26,876 [Listener at 127.0.0.1/43231] INFO  server.session (DefaultSessionIdManager.java:doStart(334)) - DefaultSessionIdManager workerName=node0
2022-10-10 08:38:26,877 [Listener at 127.0.0.1/43231] INFO  server.session (DefaultSessionIdManager.java:doStart(339)) - No SessionScavenger set, using defaults
2022-10-10 08:38:26,877 [Listener at 127.0.0.1/43231] INFO  server.session (HouseKeeper.java:startScavenging(132)) - node0 Scavenging every 600000ms
2022-10-10 08:38:26,888 [Listener at 127.0.0.1/43231] INFO  handler.ContextHandler (ContextHandler.java:doStart(915)) - Started o.e.j.s.ServletContextHandler@7ae7a033{logs,/logs,file:///home/runner/work/ozone/ozone/hadoop-ozone/integration-test/target/log,AVAILABLE}
2022-10-10 08:38:26,889 [Listener at 127.0.0.1/43231] INFO  handler.ContextHandler (ContextHandler.java:doStart(915)) - Started o.e.j.s.ServletContextHandler@6811bfe3{static,/static,jar:file:/home/runner/.m2/repository/org/apache/ozone/hdds-container-service/1.3.0-SNAPSHOT/hdds-container-service-1.3.0-SNAPSHOT.jar!/webapps/static,AVAILABLE}
2022-10-10 08:38:27,173 [Listener at 127.0.0.1/43231] INFO  handler.ContextHandler (ContextHandler.java:doStart(915)) - Started o.e.j.w.WebAppContext@1d0bca2f{hddsDatanode,/,file:///tmp/jetty-0_0_0_0-45493-hdds-container-service-1_3_0-SNAPSHOT_jar-_-any-1145852008414496487/webapp/,AVAILABLE}{jar:file:/home/runner/.m2/repository/org/apache/ozone/hdds-container-service/1.3.0-SNAPSHOT/hdds-container-service-1.3.0-SNAPSHOT.jar!/webapps/hddsDatanode}
2022-10-10 08:38:27,176 [Listener at 127.0.0.1/43231] INFO  server.AbstractConnector (AbstractConnector.java:doStart(331)) - Started ServerConnector@5e40bbed{HTTP/1.1, (http/1.1)}{0.0.0.0:45493}
2022-10-10 08:38:27,176 [Listener at 127.0.0.1/43231] INFO  server.Server (Server.java:doStart(415)) - Started @238733ms
2022-10-10 08:38:27,176 [Listener at 127.0.0.1/43231] WARN  impl.MetricsSystemImpl (MetricsSystemImpl.java:register(279)) - Sink prometheus already exists!
2022-10-10 08:38:27,177 [Listener at 127.0.0.1/43231] INFO  http.BaseHttpServer (BaseHttpServer.java:updateConnectorAddress(333)) - HTTP server of hddsDatanode listening at http://0.0.0.0:45493
2022-10-10 08:38:27,178 [Listener at 127.0.0.1/43231] WARN  impl.MetricRegistriesImpl (MetricRegistriesImpl.java:addReporterRegistration(111)) - New reporters are added after registries were created. Some metrics will be missing from the reporter. Please add reporter before adding any new registry.
2022-10-10 08:38:27,178 [Listener at 127.0.0.1/43231] WARN  impl.MetricRegistriesImpl (MetricRegistriesImpl.java:addReporterRegistration(111)) - New reporters are added after registries were created. Some metrics will be missing from the reporter. Please add reporter before adding any new registry.
2022-10-10 08:38:27,178 [Listener at 127.0.0.1/43231] INFO  impl.MetricsSystemImpl (MetricsSystemImpl.java:init(158)) - HddsDatanode metrics system started (again)
2022-10-10 08:38:27,197 [Datanode State Machine Daemon Thread] INFO  statemachine.DatanodeStateMachine (DatanodeStateMachine.java:lambda$startDaemon$0(492)) - Ozone container server started.
2022-10-10 08:38:27,216 [Listener at 127.0.0.1/43231] INFO  ozone.HddsDatanodeService (HddsDatanodeService.java:start(236)) - HddsDatanodeService host:fv-az292-843.tqgtyn10aqxuxoi0mkfbldi5vh.jx.internal.cloudapp.net ip:10.1.0.114
2022-10-10 08:38:27,255 [Listener at 127.0.0.1/43231] INFO  upgrade.AbstractLayoutVersionManager (AbstractLayoutVersionManager.java:init(83)) - Initializing Layout version manager with metadata layout = DATANODE_SCHEMA_V3 (version = 4), software layout = DATANODE_SCHEMA_V3 (version = 4)
2022-10-10 08:38:27,292 [org.apache.hadoop.util.JvmPauseMonitor$Monitor@35b1064d] INFO  util.JvmPauseMonitor (JvmPauseMonitor.java:run(188)) - Starting JVM pause monitor
2022-10-10 08:38:27,300 [Datanode State Machine Task Thread - 0] INFO  datanode.InitDatanodeState (InitDatanodeState.java:persistContainerDatanodeDetails(138)) - DatanodeDetails is persisted to /home/runner/work/ozone/ozone/hadoop-ozone/integration-test/target/test-dir/MiniOzoneClusterImpl-48dafe68-2a65-4a21-9ceb-731b54627123/datanode-1/meta/datanode.id
2022-10-10 08:38:27,329 [Listener at 127.0.0.1/43231] INFO  reflections.Reflections (Reflections.java:scan(232)) - Reflections took 73 ms to scan 7 urls, producing 135 keys and 327 values 
2022-10-10 08:38:27,331 [Listener at 127.0.0.1/43231] INFO  statemachine.DatanodeStateMachine (DatanodeStateMachine.java:getEndPointTaskThreadPoolSize(237)) - Datanode State Machine Task Thread Pool size 2
2022-10-10 08:38:27,333 [Listener at 127.0.0.1/43231] INFO  volume.HddsVolume (HddsVolume.java:<init>(117)) - Creating HddsVolume: /home/runner/work/ozone/ozone/hadoop-ozone/integration-test/target/test-dir/MiniOzoneClusterImpl-48dafe68-2a65-4a21-9ceb-731b54627123/datanode-2/data-0/containers/hdds of storage type : DISK capacity : 9223372036854775807
2022-10-10 08:38:27,333 [Listener at 127.0.0.1/43231] INFO  volume.MutableVolumeSet (MutableVolumeSet.java:initializeVolumeSet(174)) - Added Volume : /home/runner/work/ozone/ozone/hadoop-ozone/integration-test/target/test-dir/MiniOzoneClusterImpl-48dafe68-2a65-4a21-9ceb-731b54627123/datanode-2/data-0/containers/hdds to VolumeSet
2022-10-10 08:38:27,334 [Listener at 127.0.0.1/43231] INFO  volume.ThrottledAsyncChecker (ThrottledAsyncChecker.java:schedule(141)) - Scheduling a check for /home/runner/work/ozone/ozone/hadoop-ozone/integration-test/target/test-dir/MiniOzoneClusterImpl-48dafe68-2a65-4a21-9ceb-731b54627123/datanode-2/data-0/containers/hdds
2022-10-10 08:38:27,336 [Listener at 127.0.0.1/43231] INFO  volume.StorageVolumeChecker (StorageVolumeChecker.java:checkAllVolumes(202)) - Scheduled health check for volume /home/runner/work/ozone/ozone/hadoop-ozone/integration-test/target/test-dir/MiniOzoneClusterImpl-48dafe68-2a65-4a21-9ceb-731b54627123/datanode-2/data-0/containers/hdds
2022-10-10 08:38:27,352 [Listener at 127.0.0.1/43231] INFO  volume.MutableVolumeSet (MutableVolumeSet.java:initializeVolumeSet(174)) - Added Volume : /home/runner/work/ozone/ozone/hadoop-ozone/integration-test/target/test-dir/MiniOzoneClusterImpl-48dafe68-2a65-4a21-9ceb-731b54627123/datanode-2/data/ratis to VolumeSet
2022-10-10 08:38:27,353 [Listener at 127.0.0.1/43231] INFO  volume.ThrottledAsyncChecker (ThrottledAsyncChecker.java:schedule(141)) - Scheduling a check for /home/runner/work/ozone/ozone/hadoop-ozone/integration-test/target/test-dir/MiniOzoneClusterImpl-48dafe68-2a65-4a21-9ceb-731b54627123/datanode-2/data/ratis
2022-10-10 08:38:27,353 [Listener at 127.0.0.1/43231] INFO  volume.StorageVolumeChecker (StorageVolumeChecker.java:checkAllVolumes(202)) - Scheduled health check for volume /home/runner/work/ozone/ozone/hadoop-ozone/integration-test/target/test-dir/MiniOzoneClusterImpl-48dafe68-2a65-4a21-9ceb-731b54627123/datanode-2/data/ratis
2022-10-10 08:38:27,368 [Thread-879] INFO  ozoneimpl.ContainerReader (ContainerReader.java:readVolume(175)) - Finish verifying containers on volume /home/runner/work/ozone/ozone/hadoop-ozone/integration-test/target/test-dir/MiniOzoneClusterImpl-48dafe68-2a65-4a21-9ceb-731b54627123/datanode-2/data-0/containers/hdds
2022-10-10 08:38:27,368 [Listener at 127.0.0.1/43231] INFO  ozoneimpl.OzoneContainer (OzoneContainer.java:buildContainerSet(300)) - Build ContainerSet costs 0s
2022-10-10 08:38:27,371 [Listener at 127.0.0.1/43231] INFO  server.RaftServer (ConfUtils.java:logGet(46)) - raft.rpc.type = GRPC (default)
2022-10-10 08:38:27,371 [Listener at 127.0.0.1/43231] INFO  grpc.GrpcFactory (GrpcFactory.java:checkPooledByteBufAllocatorUseCacheForAllThreads(48)) - PERFORMANCE WARNING: useCacheForAllThreads is true that may cause Netty to create a lot garbage objects and, as a result, trigger GC.
	It is recommended to disable useCacheForAllThreads by setting -Dorg.apache.ratis.thirdparty.io.netty.allocator.useCacheForAllThreads=false in command line.
2022-10-10 08:38:27,371 [Listener at 127.0.0.1/43231] INFO  grpc.GrpcConfigKeys (ConfUtils.java:logGet(46)) - raft.grpc.admin.port = 0 (custom)
2022-10-10 08:38:27,371 [Listener at 127.0.0.1/43231] INFO  grpc.GrpcConfigKeys (ConfUtils.java:logGet(46)) - raft.grpc.client.port = 0 (custom)
2022-10-10 08:38:27,371 [Listener at 127.0.0.1/43231] INFO  grpc.GrpcConfigKeys (ConfUtils.java:logGet(46)) - raft.grpc.server.port = 0 (default)
2022-10-10 08:38:27,372 [Listener at 127.0.0.1/43231] INFO  server.GrpcService (ConfUtils.java:logGet(46)) - raft.grpc.message.size.max = 32MB (=33554432) (custom)
2022-10-10 08:38:27,372 [Listener at 127.0.0.1/43231] INFO  server.RaftServerConfigKeys (ConfUtils.java:logGet(46)) - raft.server.log.appender.buffer.byte-limit = 33554432 (custom)
2022-10-10 08:38:27,372 [Listener at 127.0.0.1/43231] INFO  server.GrpcService (ConfUtils.java:logGet(46)) - raft.grpc.flow.control.window = 5MB (=5242880) (custom)
2022-10-10 08:38:27,372 [Listener at 127.0.0.1/43231] INFO  server.RaftServerConfigKeys (ConfUtils.java:logGet(46)) - raft.server.rpc.request.timeout = 60s (custom)
2022-10-10 08:38:27,372 [Listener at 127.0.0.1/43231] INFO  grpc.GrpcConfigKeys (ConfUtils.java:logGet(46)) - raft.grpc.server.async.request.thread.pool.cached = true (default)
2022-10-10 08:38:27,372 [Listener at 127.0.0.1/43231] INFO  grpc.GrpcConfigKeys (ConfUtils.java:logGet(46)) - raft.grpc.server.async.request.thread.pool.size = 32 (default)
2022-10-10 08:38:27,374 [Listener at 127.0.0.1/43231] INFO  impl.DataStreamServerImpl (ConfUtils.java:logGet(46)) - raft.datastream.type = DISABLED (default)
2022-10-10 08:38:27,374 [Listener at 127.0.0.1/43231] INFO  server.RaftServerConfigKeys (ConfUtils.java:logGet(46)) - raft.server.threadpool.proxy.cached = true (default)
2022-10-10 08:38:27,374 [Listener at 127.0.0.1/43231] INFO  server.RaftServerConfigKeys (ConfUtils.java:logGet(46)) - raft.server.threadpool.proxy.size = 0 (default)
2022-10-10 08:38:27,374 [Listener at 127.0.0.1/43231] INFO  server.RaftServerConfigKeys (ConfUtils.java:logGet(46)) - raft.server.rpc.slowness.timeout = 300s (custom)
2022-10-10 08:38:27,374 [Listener at 127.0.0.1/43231] INFO  server.RaftServerConfigKeys (ConfUtils.java:logGet(46)) - raft.server.leaderelection.leader.step-down.wait-time = 10s (default)
2022-10-10 08:38:27,375 [Listener at 127.0.0.1/43231] INFO  server.RaftServerConfigKeys (ConfUtils.java:logGet(46)) - raft.server.storage.dir = [/home/runner/work/ozone/ozone/hadoop-ozone/integration-test/target/test-dir/MiniOzoneClusterImpl-48dafe68-2a65-4a21-9ceb-731b54627123/datanode-2/data/ratis] (custom)
2022-10-10 08:38:27,383 [Listener at 127.0.0.1/43231] INFO  server.XceiverServerGrpc (XceiverServerGrpc.java:<init>(132)) - GrpcServer channel type EpollServerSocketChannel
2022-10-10 08:38:27,390 [Listener at 127.0.0.1/43231] INFO  http.BaseHttpServer (BaseHttpServer.java:newHttpServer2BuilderForOzone(213)) - Starting Web-server for hddsDatanode at: http://0.0.0.0:0
2022-10-10 08:38:27,390 [Listener at 127.0.0.1/43231] INFO  http.BaseHttpServer (BaseHttpServer.java:<init>(108)) - Hadoop Security Enabled: false Ozone Security Enabled: false Ozone HTTP Security Enabled: false 
2022-10-10 08:38:27,391 [Listener at 127.0.0.1/43231] INFO  server.AuthenticationFilter (AuthenticationFilter.java:constructSecretProvider(240)) - Unable to initialize FileSignerSecretProvider, falling back to use random secrets.
2022-10-10 08:38:27,392 [Listener at 127.0.0.1/43231] WARN  http.HttpRequestLog (HttpRequestLog.java:getRequestLog(103)) - Jetty request log can only be enabled using Log4j
2022-10-10 08:38:27,393 [Listener at 127.0.0.1/43231] INFO  http.HttpServer2 (HttpServer2.java:addGlobalFilter(1031)) - Added global filter 'safety' (class=org.apache.hadoop.hdds.server.http.HttpServer2$QuotingInputFilter)
2022-10-10 08:38:27,394 [Listener at 127.0.0.1/43231] INFO  http.HttpServer2 (HttpServer2.java:addFilter(1007)) - Added filter static_user_filter (class=org.apache.hadoop.http.lib.StaticUserWebFilter$StaticUserFilter) to context hddsDatanode
2022-10-10 08:38:27,394 [Listener at 127.0.0.1/43231] INFO  http.HttpServer2 (HttpServer2.java:addFilter(1015)) - Added filter static_user_filter (class=org.apache.hadoop.http.lib.StaticUserWebFilter$StaticUserFilter) to context logs
2022-10-10 08:38:27,394 [Listener at 127.0.0.1/43231] INFO  http.HttpServer2 (HttpServer2.java:addFilter(1015)) - Added filter static_user_filter (class=org.apache.hadoop.http.lib.StaticUserWebFilter$StaticUserFilter) to context static
2022-10-10 08:38:27,395 [Listener at 127.0.0.1/43231] INFO  http.HttpServer2 (HttpServer2.java:bindListener(1250)) - Jetty bound to port 44833
2022-10-10 08:38:27,395 [Listener at 127.0.0.1/43231] INFO  server.Server (Server.java:doStart(375)) - jetty-9.4.43.v20210629; built: 2021-06-30T11:07:22.254Z; git: 526006ecfa3af7f1a27ef3a288e2bef7ea9dd7e8; jvm 1.8.0_345-b01
2022-10-10 08:38:27,409 [Listener at 127.0.0.1/43231] INFO  server.session (DefaultSessionIdManager.java:doStart(334)) - DefaultSessionIdManager workerName=node0
2022-10-10 08:38:27,410 [Listener at 127.0.0.1/43231] INFO  server.session (DefaultSessionIdManager.java:doStart(339)) - No SessionScavenger set, using defaults
2022-10-10 08:38:27,410 [Listener at 127.0.0.1/43231] INFO  server.session (HouseKeeper.java:startScavenging(132)) - node0 Scavenging every 660000ms
2022-10-10 08:38:27,411 [Listener at 127.0.0.1/43231] INFO  handler.ContextHandler (ContextHandler.java:doStart(915)) - Started o.e.j.s.ServletContextHandler@17ef0c6d{logs,/logs,file:///home/runner/work/ozone/ozone/hadoop-ozone/integration-test/target/log,AVAILABLE}
2022-10-10 08:38:27,411 [Listener at 127.0.0.1/43231] INFO  handler.ContextHandler (ContextHandler.java:doStart(915)) - Started o.e.j.s.ServletContextHandler@6ef3e83e{static,/static,jar:file:/home/runner/.m2/repository/org/apache/ozone/hdds-container-service/1.3.0-SNAPSHOT/hdds-container-service-1.3.0-SNAPSHOT.jar!/webapps/static,AVAILABLE}
2022-10-10 08:38:27,737 [Listener at 127.0.0.1/43231] INFO  handler.ContextHandler (ContextHandler.java:doStart(915)) - Started o.e.j.w.WebAppContext@45752a32{hddsDatanode,/,file:///tmp/jetty-0_0_0_0-44833-hdds-container-service-1_3_0-SNAPSHOT_jar-_-any-6544175032220198592/webapp/,AVAILABLE}{jar:file:/home/runner/.m2/repository/org/apache/ozone/hdds-container-service/1.3.0-SNAPSHOT/hdds-container-service-1.3.0-SNAPSHOT.jar!/webapps/hddsDatanode}
2022-10-10 08:38:27,756 [Listener at 127.0.0.1/43231] INFO  server.AbstractConnector (AbstractConnector.java:doStart(331)) - Started ServerConnector@3b4d0434{HTTP/1.1, (http/1.1)}{0.0.0.0:44833}
2022-10-10 08:38:27,757 [Listener at 127.0.0.1/43231] INFO  server.Server (Server.java:doStart(415)) - Started @239313ms
2022-10-10 08:38:27,757 [Listener at 127.0.0.1/43231] WARN  impl.MetricsSystemImpl (MetricsSystemImpl.java:register(279)) - Sink prometheus already exists!
2022-10-10 08:38:27,757 [Listener at 127.0.0.1/43231] INFO  http.BaseHttpServer (BaseHttpServer.java:updateConnectorAddress(333)) - HTTP server of hddsDatanode listening at http://0.0.0.0:44833
2022-10-10 08:38:27,759 [Listener at 127.0.0.1/43231] WARN  impl.MetricRegistriesImpl (MetricRegistriesImpl.java:addReporterRegistration(111)) - New reporters are added after registries were created. Some metrics will be missing from the reporter. Please add reporter before adding any new registry.
2022-10-10 08:38:27,759 [Listener at 127.0.0.1/43231] WARN  impl.MetricRegistriesImpl (MetricRegistriesImpl.java:addReporterRegistration(111)) - New reporters are added after registries were created. Some metrics will be missing from the reporter. Please add reporter before adding any new registry.
2022-10-10 08:38:27,759 [Listener at 127.0.0.1/43231] INFO  impl.MetricsSystemImpl (MetricsSystemImpl.java:init(158)) - HddsDatanode metrics system started (again)
2022-10-10 08:38:27,768 [Datanode State Machine Daemon Thread] INFO  statemachine.DatanodeStateMachine (DatanodeStateMachine.java:lambda$startDaemon$0(492)) - Ozone container server started.
2022-10-10 08:38:27,796 [Listener at 127.0.0.1/43231] INFO  ozone.HddsDatanodeService (HddsDatanodeService.java:start(236)) - HddsDatanodeService host:fv-az292-843.tqgtyn10aqxuxoi0mkfbldi5vh.jx.internal.cloudapp.net ip:10.1.0.114
2022-10-10 08:38:27,833 [org.apache.hadoop.util.JvmPauseMonitor$Monitor@35da0a69] INFO  util.JvmPauseMonitor (JvmPauseMonitor.java:run(188)) - Starting JVM pause monitor
2022-10-10 08:38:27,841 [Datanode State Machine Task Thread - 0] INFO  datanode.InitDatanodeState (InitDatanodeState.java:persistContainerDatanodeDetails(138)) - DatanodeDetails is persisted to /home/runner/work/ozone/ozone/hadoop-ozone/integration-test/target/test-dir/MiniOzoneClusterImpl-48dafe68-2a65-4a21-9ceb-731b54627123/datanode-2/meta/datanode.id
2022-10-10 08:38:27,845 [Listener at 127.0.0.1/43231] INFO  upgrade.AbstractLayoutVersionManager (AbstractLayoutVersionManager.java:init(83)) - Initializing Layout version manager with metadata layout = DATANODE_SCHEMA_V3 (version = 4), software layout = DATANODE_SCHEMA_V3 (version = 4)
2022-10-10 08:38:27,903 [Listener at 127.0.0.1/43231] INFO  reflections.Reflections (Reflections.java:scan(232)) - Reflections took 57 ms to scan 7 urls, producing 135 keys and 327 values 
2022-10-10 08:38:27,905 [Listener at 127.0.0.1/43231] INFO  statemachine.DatanodeStateMachine (DatanodeStateMachine.java:getEndPointTaskThreadPoolSize(237)) - Datanode State Machine Task Thread Pool size 2
2022-10-10 08:38:27,907 [Listener at 127.0.0.1/43231] INFO  volume.HddsVolume (HddsVolume.java:<init>(117)) - Creating HddsVolume: /home/runner/work/ozone/ozone/hadoop-ozone/integration-test/target/test-dir/MiniOzoneClusterImpl-48dafe68-2a65-4a21-9ceb-731b54627123/datanode-3/data-0/containers/hdds of storage type : DISK capacity : 9223372036854775807
2022-10-10 08:38:27,907 [Listener at 127.0.0.1/43231] INFO  volume.MutableVolumeSet (MutableVolumeSet.java:initializeVolumeSet(174)) - Added Volume : /home/runner/work/ozone/ozone/hadoop-ozone/integration-test/target/test-dir/MiniOzoneClusterImpl-48dafe68-2a65-4a21-9ceb-731b54627123/datanode-3/data-0/containers/hdds to VolumeSet
2022-10-10 08:38:27,908 [Listener at 127.0.0.1/43231] INFO  volume.ThrottledAsyncChecker (ThrottledAsyncChecker.java:schedule(141)) - Scheduling a check for /home/runner/work/ozone/ozone/hadoop-ozone/integration-test/target/test-dir/MiniOzoneClusterImpl-48dafe68-2a65-4a21-9ceb-731b54627123/datanode-3/data-0/containers/hdds
2022-10-10 08:38:27,908 [Listener at 127.0.0.1/43231] INFO  volume.StorageVolumeChecker (StorageVolumeChecker.java:checkAllVolumes(202)) - Scheduled health check for volume /home/runner/work/ozone/ozone/hadoop-ozone/integration-test/target/test-dir/MiniOzoneClusterImpl-48dafe68-2a65-4a21-9ceb-731b54627123/datanode-3/data-0/containers/hdds
2022-10-10 08:38:27,921 [Listener at 127.0.0.1/43231] INFO  volume.MutableVolumeSet (MutableVolumeSet.java:initializeVolumeSet(174)) - Added Volume : /home/runner/work/ozone/ozone/hadoop-ozone/integration-test/target/test-dir/MiniOzoneClusterImpl-48dafe68-2a65-4a21-9ceb-731b54627123/datanode-3/data/ratis to VolumeSet
2022-10-10 08:38:27,921 [Listener at 127.0.0.1/43231] INFO  volume.ThrottledAsyncChecker (ThrottledAsyncChecker.java:schedule(141)) - Scheduling a check for /home/runner/work/ozone/ozone/hadoop-ozone/integration-test/target/test-dir/MiniOzoneClusterImpl-48dafe68-2a65-4a21-9ceb-731b54627123/datanode-3/data/ratis
2022-10-10 08:38:27,921 [Listener at 127.0.0.1/43231] INFO  volume.StorageVolumeChecker (StorageVolumeChecker.java:checkAllVolumes(202)) - Scheduled health check for volume /home/runner/work/ozone/ozone/hadoop-ozone/integration-test/target/test-dir/MiniOzoneClusterImpl-48dafe68-2a65-4a21-9ceb-731b54627123/datanode-3/data/ratis
2022-10-10 08:38:27,933 [Thread-892] INFO  ozoneimpl.ContainerReader (ContainerReader.java:readVolume(175)) - Finish verifying containers on volume /home/runner/work/ozone/ozone/hadoop-ozone/integration-test/target/test-dir/MiniOzoneClusterImpl-48dafe68-2a65-4a21-9ceb-731b54627123/datanode-3/data-0/containers/hdds
2022-10-10 08:38:27,933 [Listener at 127.0.0.1/43231] INFO  ozoneimpl.OzoneContainer (OzoneContainer.java:buildContainerSet(300)) - Build ContainerSet costs 0s
2022-10-10 08:38:27,935 [Listener at 127.0.0.1/43231] INFO  server.RaftServer (ConfUtils.java:logGet(46)) - raft.rpc.type = GRPC (default)
2022-10-10 08:38:27,935 [Listener at 127.0.0.1/43231] INFO  grpc.GrpcFactory (GrpcFactory.java:checkPooledByteBufAllocatorUseCacheForAllThreads(48)) - PERFORMANCE WARNING: useCacheForAllThreads is true that may cause Netty to create a lot garbage objects and, as a result, trigger GC.
	It is recommended to disable useCacheForAllThreads by setting -Dorg.apache.ratis.thirdparty.io.netty.allocator.useCacheForAllThreads=false in command line.
2022-10-10 08:38:27,935 [Listener at 127.0.0.1/43231] INFO  grpc.GrpcConfigKeys (ConfUtils.java:logGet(46)) - raft.grpc.admin.port = 0 (custom)
2022-10-10 08:38:27,936 [Listener at 127.0.0.1/43231] INFO  grpc.GrpcConfigKeys (ConfUtils.java:logGet(46)) - raft.grpc.client.port = 0 (custom)
2022-10-10 08:38:27,936 [Listener at 127.0.0.1/43231] INFO  grpc.GrpcConfigKeys (ConfUtils.java:logGet(46)) - raft.grpc.server.port = 0 (default)
2022-10-10 08:38:27,936 [Listener at 127.0.0.1/43231] INFO  server.GrpcService (ConfUtils.java:logGet(46)) - raft.grpc.message.size.max = 32MB (=33554432) (custom)
2022-10-10 08:38:27,936 [Listener at 127.0.0.1/43231] INFO  server.RaftServerConfigKeys (ConfUtils.java:logGet(46)) - raft.server.log.appender.buffer.byte-limit = 33554432 (custom)
2022-10-10 08:38:27,936 [Listener at 127.0.0.1/43231] INFO  server.GrpcService (ConfUtils.java:logGet(46)) - raft.grpc.flow.control.window = 5MB (=5242880) (custom)
2022-10-10 08:38:27,936 [Listener at 127.0.0.1/43231] INFO  server.RaftServerConfigKeys (ConfUtils.java:logGet(46)) - raft.server.rpc.request.timeout = 60s (custom)
2022-10-10 08:38:27,937 [Listener at 127.0.0.1/43231] INFO  grpc.GrpcConfigKeys (ConfUtils.java:logGet(46)) - raft.grpc.server.async.request.thread.pool.cached = true (default)
2022-10-10 08:38:27,937 [Listener at 127.0.0.1/43231] INFO  grpc.GrpcConfigKeys (ConfUtils.java:logGet(46)) - raft.grpc.server.async.request.thread.pool.size = 32 (default)
2022-10-10 08:38:27,938 [Listener at 127.0.0.1/43231] INFO  impl.DataStreamServerImpl (ConfUtils.java:logGet(46)) - raft.datastream.type = DISABLED (default)
2022-10-10 08:38:27,938 [Listener at 127.0.0.1/43231] INFO  server.RaftServerConfigKeys (ConfUtils.java:logGet(46)) - raft.server.threadpool.proxy.cached = true (default)
2022-10-10 08:38:27,938 [Listener at 127.0.0.1/43231] INFO  server.RaftServerConfigKeys (ConfUtils.java:logGet(46)) - raft.server.threadpool.proxy.size = 0 (default)
2022-10-10 08:38:27,938 [Listener at 127.0.0.1/43231] INFO  server.RaftServerConfigKeys (ConfUtils.java:logGet(46)) - raft.server.rpc.slowness.timeout = 300s (custom)
2022-10-10 08:38:27,938 [Listener at 127.0.0.1/43231] INFO  server.RaftServerConfigKeys (ConfUtils.java:logGet(46)) - raft.server.leaderelection.leader.step-down.wait-time = 10s (default)
2022-10-10 08:38:27,939 [Listener at 127.0.0.1/43231] INFO  server.RaftServerConfigKeys (ConfUtils.java:logGet(46)) - raft.server.storage.dir = [/home/runner/work/ozone/ozone/hadoop-ozone/integration-test/target/test-dir/MiniOzoneClusterImpl-48dafe68-2a65-4a21-9ceb-731b54627123/datanode-3/data/ratis] (custom)
2022-10-10 08:38:27,940 [Listener at 127.0.0.1/43231] INFO  server.XceiverServerGrpc (XceiverServerGrpc.java:<init>(132)) - GrpcServer channel type EpollServerSocketChannel
2022-10-10 08:38:27,943 [Listener at 127.0.0.1/43231] INFO  http.BaseHttpServer (BaseHttpServer.java:newHttpServer2BuilderForOzone(213)) - Starting Web-server for hddsDatanode at: http://0.0.0.0:0
2022-10-10 08:38:27,943 [Listener at 127.0.0.1/43231] INFO  http.BaseHttpServer (BaseHttpServer.java:<init>(108)) - Hadoop Security Enabled: false Ozone Security Enabled: false Ozone HTTP Security Enabled: false 
2022-10-10 08:38:27,945 [Listener at 127.0.0.1/43231] INFO  server.AuthenticationFilter (AuthenticationFilter.java:constructSecretProvider(240)) - Unable to initialize FileSignerSecretProvider, falling back to use random secrets.
2022-10-10 08:38:27,945 [Listener at 127.0.0.1/43231] WARN  http.HttpRequestLog (HttpRequestLog.java:getRequestLog(103)) - Jetty request log can only be enabled using Log4j
2022-10-10 08:38:27,947 [Listener at 127.0.0.1/43231] INFO  http.HttpServer2 (HttpServer2.java:addGlobalFilter(1031)) - Added global filter 'safety' (class=org.apache.hadoop.hdds.server.http.HttpServer2$QuotingInputFilter)
2022-10-10 08:38:27,947 [Listener at 127.0.0.1/43231] INFO  http.HttpServer2 (HttpServer2.java:addFilter(1007)) - Added filter static_user_filter (class=org.apache.hadoop.http.lib.StaticUserWebFilter$StaticUserFilter) to context hddsDatanode
2022-10-10 08:38:27,947 [Listener at 127.0.0.1/43231] INFO  http.HttpServer2 (HttpServer2.java:addFilter(1015)) - Added filter static_user_filter (class=org.apache.hadoop.http.lib.StaticUserWebFilter$StaticUserFilter) to context static
2022-10-10 08:38:27,948 [Listener at 127.0.0.1/43231] INFO  http.HttpServer2 (HttpServer2.java:addFilter(1015)) - Added filter static_user_filter (class=org.apache.hadoop.http.lib.StaticUserWebFilter$StaticUserFilter) to context logs
2022-10-10 08:38:27,948 [Listener at 127.0.0.1/43231] INFO  http.HttpServer2 (HttpServer2.java:bindListener(1250)) - Jetty bound to port 41145
2022-10-10 08:38:27,948 [Listener at 127.0.0.1/43231] INFO  server.Server (Server.java:doStart(375)) - jetty-9.4.43.v20210629; built: 2021-06-30T11:07:22.254Z; git: 526006ecfa3af7f1a27ef3a288e2bef7ea9dd7e8; jvm 1.8.0_345-b01
2022-10-10 08:38:27,950 [Listener at 127.0.0.1/43231] INFO  server.session (DefaultSessionIdManager.java:doStart(334)) - DefaultSessionIdManager workerName=node0
2022-10-10 08:38:27,950 [Listener at 127.0.0.1/43231] INFO  server.session (DefaultSessionIdManager.java:doStart(339)) - No SessionScavenger set, using defaults
2022-10-10 08:38:27,950 [Listener at 127.0.0.1/43231] INFO  server.session (HouseKeeper.java:startScavenging(132)) - node0 Scavenging every 660000ms
2022-10-10 08:38:27,951 [Listener at 127.0.0.1/43231] INFO  handler.ContextHandler (ContextHandler.java:doStart(915)) - Started o.e.j.s.ServletContextHandler@2d8076fd{logs,/logs,file:///home/runner/work/ozone/ozone/hadoop-ozone/integration-test/target/log,AVAILABLE}
2022-10-10 08:38:27,952 [Listener at 127.0.0.1/43231] INFO  handler.ContextHandler (ContextHandler.java:doStart(915)) - Started o.e.j.s.ServletContextHandler@5a311acd{static,/static,jar:file:/home/runner/.m2/repository/org/apache/ozone/hdds-container-service/1.3.0-SNAPSHOT/hdds-container-service-1.3.0-SNAPSHOT.jar!/webapps/static,AVAILABLE}
2022-10-10 08:38:28,285 [Listener at 127.0.0.1/43231] INFO  handler.ContextHandler (ContextHandler.java:doStart(915)) - Started o.e.j.w.WebAppContext@35fc6138{hddsDatanode,/,file:///tmp/jetty-0_0_0_0-41145-hdds-container-service-1_3_0-SNAPSHOT_jar-_-any-566888788968790559/webapp/,AVAILABLE}{jar:file:/home/runner/.m2/repository/org/apache/ozone/hdds-container-service/1.3.0-SNAPSHOT/hdds-container-service-1.3.0-SNAPSHOT.jar!/webapps/hddsDatanode}
2022-10-10 08:38:28,292 [Listener at 127.0.0.1/43231] INFO  server.AbstractConnector (AbstractConnector.java:doStart(331)) - Started ServerConnector@53340a2d{HTTP/1.1, (http/1.1)}{0.0.0.0:41145}
2022-10-10 08:38:28,292 [Listener at 127.0.0.1/43231] INFO  server.Server (Server.java:doStart(415)) - Started @239849ms
2022-10-10 08:38:28,292 [Listener at 127.0.0.1/43231] WARN  impl.MetricsSystemImpl (MetricsSystemImpl.java:register(279)) - Sink prometheus already exists!
2022-10-10 08:38:28,293 [Listener at 127.0.0.1/43231] INFO  http.BaseHttpServer (BaseHttpServer.java:updateConnectorAddress(333)) - HTTP server of hddsDatanode listening at http://0.0.0.0:41145
2022-10-10 08:38:28,293 [Listener at 127.0.0.1/43231] WARN  impl.MetricRegistriesImpl (MetricRegistriesImpl.java:addReporterRegistration(111)) - New reporters are added after registries were created. Some metrics will be missing from the reporter. Please add reporter before adding any new registry.
2022-10-10 08:38:28,294 [Listener at 127.0.0.1/43231] WARN  impl.MetricRegistriesImpl (MetricRegistriesImpl.java:addReporterRegistration(111)) - New reporters are added after registries were created. Some metrics will be missing from the reporter. Please add reporter before adding any new registry.
2022-10-10 08:38:28,294 [Listener at 127.0.0.1/43231] INFO  impl.MetricsSystemImpl (MetricsSystemImpl.java:init(158)) - HddsDatanode metrics system started (again)
2022-10-10 08:38:28,299 [Datanode State Machine Daemon Thread] INFO  statemachine.DatanodeStateMachine (DatanodeStateMachine.java:lambda$startDaemon$0(492)) - Ozone container server started.
2022-10-10 08:38:28,340 [org.apache.hadoop.util.JvmPauseMonitor$Monitor@1991772d] INFO  util.JvmPauseMonitor (JvmPauseMonitor.java:run(188)) - Starting JVM pause monitor
2022-10-10 08:38:28,342 [Datanode State Machine Task Thread - 0] INFO  datanode.InitDatanodeState (InitDatanodeState.java:persistContainerDatanodeDetails(138)) - DatanodeDetails is persisted to /home/runner/work/ozone/ozone/hadoop-ozone/integration-test/target/test-dir/MiniOzoneClusterImpl-48dafe68-2a65-4a21-9ceb-731b54627123/datanode-3/meta/datanode.id
2022-10-10 08:38:28,364 [Listener at 127.0.0.1/43231] INFO  ozone.HddsDatanodeService (HddsDatanodeService.java:start(236)) - HddsDatanodeService host:fv-az292-843.tqgtyn10aqxuxoi0mkfbldi5vh.jx.internal.cloudapp.net ip:10.1.0.114
2022-10-10 08:38:28,409 [Listener at 127.0.0.1/43231] INFO  upgrade.AbstractLayoutVersionManager (AbstractLayoutVersionManager.java:init(83)) - Initializing Layout version manager with metadata layout = DATANODE_SCHEMA_V3 (version = 4), software layout = DATANODE_SCHEMA_V3 (version = 4)
2022-10-10 08:38:28,468 [Listener at 127.0.0.1/43231] INFO  reflections.Reflections (Reflections.java:scan(232)) - Reflections took 58 ms to scan 7 urls, producing 135 keys and 327 values 
2022-10-10 08:38:28,469 [Listener at 127.0.0.1/43231] INFO  statemachine.DatanodeStateMachine (DatanodeStateMachine.java:getEndPointTaskThreadPoolSize(237)) - Datanode State Machine Task Thread Pool size 2
2022-10-10 08:38:28,471 [Listener at 127.0.0.1/43231] INFO  volume.HddsVolume (HddsVolume.java:<init>(117)) - Creating HddsVolume: /home/runner/work/ozone/ozone/hadoop-ozone/integration-test/target/test-dir/MiniOzoneClusterImpl-48dafe68-2a65-4a21-9ceb-731b54627123/datanode-4/data-0/containers/hdds of storage type : DISK capacity : 9223372036854775807
2022-10-10 08:38:28,473 [Listener at 127.0.0.1/43231] INFO  volume.MutableVolumeSet (MutableVolumeSet.java:initializeVolumeSet(174)) - Added Volume : /home/runner/work/ozone/ozone/hadoop-ozone/integration-test/target/test-dir/MiniOzoneClusterImpl-48dafe68-2a65-4a21-9ceb-731b54627123/datanode-4/data-0/containers/hdds to VolumeSet
2022-10-10 08:38:28,473 [Listener at 127.0.0.1/43231] INFO  volume.ThrottledAsyncChecker (ThrottledAsyncChecker.java:schedule(141)) - Scheduling a check for /home/runner/work/ozone/ozone/hadoop-ozone/integration-test/target/test-dir/MiniOzoneClusterImpl-48dafe68-2a65-4a21-9ceb-731b54627123/datanode-4/data-0/containers/hdds
2022-10-10 08:38:28,474 [Listener at 127.0.0.1/43231] INFO  volume.StorageVolumeChecker (StorageVolumeChecker.java:checkAllVolumes(202)) - Scheduled health check for volume /home/runner/work/ozone/ozone/hadoop-ozone/integration-test/target/test-dir/MiniOzoneClusterImpl-48dafe68-2a65-4a21-9ceb-731b54627123/datanode-4/data-0/containers/hdds
2022-10-10 08:38:28,486 [Listener at 127.0.0.1/43231] INFO  volume.MutableVolumeSet (MutableVolumeSet.java:initializeVolumeSet(174)) - Added Volume : /home/runner/work/ozone/ozone/hadoop-ozone/integration-test/target/test-dir/MiniOzoneClusterImpl-48dafe68-2a65-4a21-9ceb-731b54627123/datanode-4/data/ratis to VolumeSet
2022-10-10 08:38:28,487 [Listener at 127.0.0.1/43231] INFO  volume.ThrottledAsyncChecker (ThrottledAsyncChecker.java:schedule(141)) - Scheduling a check for /home/runner/work/ozone/ozone/hadoop-ozone/integration-test/target/test-dir/MiniOzoneClusterImpl-48dafe68-2a65-4a21-9ceb-731b54627123/datanode-4/data/ratis
2022-10-10 08:38:28,490 [Listener at 127.0.0.1/43231] INFO  volume.StorageVolumeChecker (StorageVolumeChecker.java:checkAllVolumes(202)) - Scheduled health check for volume /home/runner/work/ozone/ozone/hadoop-ozone/integration-test/target/test-dir/MiniOzoneClusterImpl-48dafe68-2a65-4a21-9ceb-731b54627123/datanode-4/data/ratis
2022-10-10 08:38:28,505 [Thread-905] INFO  ozoneimpl.ContainerReader (ContainerReader.java:readVolume(175)) - Finish verifying containers on volume /home/runner/work/ozone/ozone/hadoop-ozone/integration-test/target/test-dir/MiniOzoneClusterImpl-48dafe68-2a65-4a21-9ceb-731b54627123/datanode-4/data-0/containers/hdds
2022-10-10 08:38:28,505 [Listener at 127.0.0.1/43231] INFO  ozoneimpl.OzoneContainer (OzoneContainer.java:buildContainerSet(300)) - Build ContainerSet costs 0s
2022-10-10 08:38:28,507 [Listener at 127.0.0.1/43231] INFO  server.RaftServer (ConfUtils.java:logGet(46)) - raft.rpc.type = GRPC (default)
2022-10-10 08:38:28,516 [Listener at 127.0.0.1/43231] INFO  grpc.GrpcFactory (GrpcFactory.java:checkPooledByteBufAllocatorUseCacheForAllThreads(48)) - PERFORMANCE WARNING: useCacheForAllThreads is true that may cause Netty to create a lot garbage objects and, as a result, trigger GC.
	It is recommended to disable useCacheForAllThreads by setting -Dorg.apache.ratis.thirdparty.io.netty.allocator.useCacheForAllThreads=false in command line.
2022-10-10 08:38:28,516 [Listener at 127.0.0.1/43231] INFO  grpc.GrpcConfigKeys (ConfUtils.java:logGet(46)) - raft.grpc.admin.port = 0 (custom)
2022-10-10 08:38:28,516 [Listener at 127.0.0.1/43231] INFO  grpc.GrpcConfigKeys (ConfUtils.java:logGet(46)) - raft.grpc.client.port = 0 (custom)
2022-10-10 08:38:28,516 [Listener at 127.0.0.1/43231] INFO  grpc.GrpcConfigKeys (ConfUtils.java:logGet(46)) - raft.grpc.server.port = 0 (default)
2022-10-10 08:38:28,516 [Listener at 127.0.0.1/43231] INFO  server.GrpcService (ConfUtils.java:logGet(46)) - raft.grpc.message.size.max = 32MB (=33554432) (custom)
2022-10-10 08:38:28,516 [Listener at 127.0.0.1/43231] INFO  server.RaftServerConfigKeys (ConfUtils.java:logGet(46)) - raft.server.log.appender.buffer.byte-limit = 33554432 (custom)
2022-10-10 08:38:28,517 [Listener at 127.0.0.1/43231] INFO  server.GrpcService (ConfUtils.java:logGet(46)) - raft.grpc.flow.control.window = 5MB (=5242880) (custom)
2022-10-10 08:38:28,517 [Listener at 127.0.0.1/43231] INFO  server.RaftServerConfigKeys (ConfUtils.java:logGet(46)) - raft.server.rpc.request.timeout = 60s (custom)
2022-10-10 08:38:28,517 [Listener at 127.0.0.1/43231] INFO  grpc.GrpcConfigKeys (ConfUtils.java:logGet(46)) - raft.grpc.server.async.request.thread.pool.cached = true (default)
2022-10-10 08:38:28,517 [Listener at 127.0.0.1/43231] INFO  grpc.GrpcConfigKeys (ConfUtils.java:logGet(46)) - raft.grpc.server.async.request.thread.pool.size = 32 (default)
2022-10-10 08:38:28,519 [Listener at 127.0.0.1/43231] INFO  impl.DataStreamServerImpl (ConfUtils.java:logGet(46)) - raft.datastream.type = DISABLED (default)
2022-10-10 08:38:28,519 [Listener at 127.0.0.1/43231] INFO  server.RaftServerConfigKeys (ConfUtils.java:logGet(46)) - raft.server.threadpool.proxy.cached = true (default)
2022-10-10 08:38:28,519 [Listener at 127.0.0.1/43231] INFO  server.RaftServerConfigKeys (ConfUtils.java:logGet(46)) - raft.server.threadpool.proxy.size = 0 (default)
2022-10-10 08:38:28,519 [Listener at 127.0.0.1/43231] INFO  server.RaftServerConfigKeys (ConfUtils.java:logGet(46)) - raft.server.rpc.slowness.timeout = 300s (custom)
2022-10-10 08:38:28,519 [Listener at 127.0.0.1/43231] INFO  server.RaftServerConfigKeys (ConfUtils.java:logGet(46)) - raft.server.leaderelection.leader.step-down.wait-time = 10s (default)
2022-10-10 08:38:28,520 [Listener at 127.0.0.1/43231] INFO  server.RaftServerConfigKeys (ConfUtils.java:logGet(46)) - raft.server.storage.dir = [/home/runner/work/ozone/ozone/hadoop-ozone/integration-test/target/test-dir/MiniOzoneClusterImpl-48dafe68-2a65-4a21-9ceb-731b54627123/datanode-4/data/ratis] (custom)
2022-10-10 08:38:28,522 [Listener at 127.0.0.1/43231] INFO  server.XceiverServerGrpc (XceiverServerGrpc.java:<init>(132)) - GrpcServer channel type EpollServerSocketChannel
2022-10-10 08:38:28,528 [Listener at 127.0.0.1/43231] INFO  http.BaseHttpServer (BaseHttpServer.java:newHttpServer2BuilderForOzone(213)) - Starting Web-server for hddsDatanode at: http://0.0.0.0:0
2022-10-10 08:38:28,528 [Listener at 127.0.0.1/43231] INFO  http.BaseHttpServer (BaseHttpServer.java:<init>(108)) - Hadoop Security Enabled: false Ozone Security Enabled: false Ozone HTTP Security Enabled: false 
2022-10-10 08:38:28,529 [Listener at 127.0.0.1/43231] INFO  server.AuthenticationFilter (AuthenticationFilter.java:constructSecretProvider(240)) - Unable to initialize FileSignerSecretProvider, falling back to use random secrets.
2022-10-10 08:38:28,530 [Listener at 127.0.0.1/43231] WARN  http.HttpRequestLog (HttpRequestLog.java:getRequestLog(103)) - Jetty request log can only be enabled using Log4j
2022-10-10 08:38:28,531 [Listener at 127.0.0.1/43231] INFO  http.HttpServer2 (HttpServer2.java:addGlobalFilter(1031)) - Added global filter 'safety' (class=org.apache.hadoop.hdds.server.http.HttpServer2$QuotingInputFilter)
2022-10-10 08:38:28,532 [Listener at 127.0.0.1/43231] INFO  http.HttpServer2 (HttpServer2.java:addFilter(1007)) - Added filter static_user_filter (class=org.apache.hadoop.http.lib.StaticUserWebFilter$StaticUserFilter) to context hddsDatanode
2022-10-10 08:38:28,532 [Listener at 127.0.0.1/43231] INFO  http.HttpServer2 (HttpServer2.java:addFilter(1015)) - Added filter static_user_filter (class=org.apache.hadoop.http.lib.StaticUserWebFilter$StaticUserFilter) to context static
2022-10-10 08:38:28,532 [Listener at 127.0.0.1/43231] INFO  http.HttpServer2 (HttpServer2.java:addFilter(1015)) - Added filter static_user_filter (class=org.apache.hadoop.http.lib.StaticUserWebFilter$StaticUserFilter) to context logs
2022-10-10 08:38:28,533 [Listener at 127.0.0.1/43231] INFO  http.HttpServer2 (HttpServer2.java:bindListener(1250)) - Jetty bound to port 40561
2022-10-10 08:38:28,533 [Listener at 127.0.0.1/43231] INFO  server.Server (Server.java:doStart(375)) - jetty-9.4.43.v20210629; built: 2021-06-30T11:07:22.254Z; git: 526006ecfa3af7f1a27ef3a288e2bef7ea9dd7e8; jvm 1.8.0_345-b01
2022-10-10 08:38:28,544 [Listener at 127.0.0.1/43231] INFO  server.session (DefaultSessionIdManager.java:doStart(334)) - DefaultSessionIdManager workerName=node0
2022-10-10 08:38:28,544 [Listener at 127.0.0.1/43231] INFO  server.session (DefaultSessionIdManager.java:doStart(339)) - No SessionScavenger set, using defaults
2022-10-10 08:38:28,545 [Listener at 127.0.0.1/43231] INFO  server.session (HouseKeeper.java:startScavenging(132)) - node0 Scavenging every 600000ms
2022-10-10 08:38:28,546 [Listener at 127.0.0.1/43231] INFO  handler.ContextHandler (ContextHandler.java:doStart(915)) - Started o.e.j.s.ServletContextHandler@3f44c469{logs,/logs,file:///home/runner/work/ozone/ozone/hadoop-ozone/integration-test/target/log,AVAILABLE}
2022-10-10 08:38:28,546 [Listener at 127.0.0.1/43231] INFO  handler.ContextHandler (ContextHandler.java:doStart(915)) - Started o.e.j.s.ServletContextHandler@7d5561c3{static,/static,jar:file:/home/runner/.m2/repository/org/apache/ozone/hdds-container-service/1.3.0-SNAPSHOT/hdds-container-service-1.3.0-SNAPSHOT.jar!/webapps/static,AVAILABLE}
2022-10-10 08:38:28,785 [EndpointStateMachine task thread for /0.0.0.0:42961 - 0 ] INFO  volume.HddsVolume (HddsVolume.java:createDbStore(307)) - SchemaV3 db is created and loaded at /home/runner/work/ozone/ozone/hadoop-ozone/integration-test/target/test-dir/MiniOzoneClusterImpl-48dafe68-2a65-4a21-9ceb-731b54627123/datanode-0/data-0/containers/hdds/48dafe68-2a65-4a21-9ceb-731b54627123/DS-f19fe825-d871-4869-b951-acb8eb498902/container.db for volume DS-f19fe825-d871-4869-b951-acb8eb498902
2022-10-10 08:38:28,804 [EndpointStateMachine task thread for /0.0.0.0:42961 - 0 ] INFO  volume.HddsVolume (HddsVolume.java:closeDbStore(338)) - SchemaV3 db is stopped at /home/runner/work/ozone/ozone/hadoop-ozone/integration-test/target/test-dir/MiniOzoneClusterImpl-48dafe68-2a65-4a21-9ceb-731b54627123/datanode-0/data-0/containers/hdds/48dafe68-2a65-4a21-9ceb-731b54627123/DS-f19fe825-d871-4869-b951-acb8eb498902/container.db for volume DS-f19fe825-d871-4869-b951-acb8eb498902
2022-10-10 08:38:28,805 [EndpointStateMachine task thread for /0.0.0.0:42961 - 0 ] INFO  ozoneimpl.OzoneContainer (OzoneContainer.java:start(378)) - Attempting to start container services.
2022-10-10 08:38:28,805 [EndpointStateMachine task thread for /0.0.0.0:42961 - 0 ] INFO  ozoneimpl.OzoneContainer (OzoneContainer.java:startContainerScrub(313)) - Background container scanner has been disabled.
2022-10-10 08:38:28,816 [EndpointStateMachine task thread for /0.0.0.0:42961 - 0 ] INFO  replication.ReplicationServer (ReplicationServer.java:start(111)) - ReplicationServer is started using port 33681
2022-10-10 08:38:28,817 [EndpointStateMachine task thread for /0.0.0.0:42961 - 0 ] INFO  ratis.XceiverServerRatis (XceiverServerRatis.java:start(481)) - Starting XceiverServerRatis 589fbfef-7b85-4b40-975b-46e767fe3451
2022-10-10 08:38:28,822 [EndpointStateMachine task thread for /0.0.0.0:42961 - 0 ] INFO  server.RaftServer (RaftServerProxy.java:lambda$start$6(382)) - 589fbfef-7b85-4b40-975b-46e767fe3451: start RPC server
2022-10-10 08:38:28,851 [EndpointStateMachine task thread for /0.0.0.0:42961 - 0 ] INFO  server.GrpcService (GrpcService.java:startImpl(260)) - 589fbfef-7b85-4b40-975b-46e767fe3451: GrpcService started, listening on 37327
2022-10-10 08:38:28,852 [EndpointStateMachine task thread for /0.0.0.0:42961 - 0 ] INFO  ratis.XceiverServerRatis (XceiverServerRatis.java:getRealPort(502)) - XceiverServerRatis 589fbfef-7b85-4b40-975b-46e767fe3451 is started using port 37327 for RATIS
2022-10-10 08:38:28,852 [EndpointStateMachine task thread for /0.0.0.0:42961 - 0 ] INFO  ratis.XceiverServerRatis (XceiverServerRatis.java:getRealPort(502)) - XceiverServerRatis 589fbfef-7b85-4b40-975b-46e767fe3451 is started using port 37327 for RATIS_ADMIN
2022-10-10 08:38:28,852 [EndpointStateMachine task thread for /0.0.0.0:42961 - 0 ] INFO  ratis.XceiverServerRatis (XceiverServerRatis.java:getRealPort(502)) - XceiverServerRatis 589fbfef-7b85-4b40-975b-46e767fe3451 is started using port 37327 for RATIS_SERVER
2022-10-10 08:38:28,860 [org.apache.ratis.util.JvmPauseMonitor$$Lambda$636/263158265@34885515] INFO  util.JvmPauseMonitor (JvmPauseMonitor.java:run(103)) - JvmPauseMonitor-589fbfef-7b85-4b40-975b-46e767fe3451: Started
2022-10-10 08:38:28,889 [EndpointStateMachine task thread for /0.0.0.0:42961 - 0 ] INFO  server.XceiverServerGrpc (XceiverServerGrpc.java:start(180)) - XceiverServerGrpc 589fbfef-7b85-4b40-975b-46e767fe3451 is started using port 36059
2022-10-10 08:38:28,952 [Listener at 127.0.0.1/43231] INFO  handler.ContextHandler (ContextHandler.java:doStart(915)) - Started o.e.j.w.WebAppContext@7bff3786{hddsDatanode,/,file:///tmp/jetty-0_0_0_0-40561-hdds-container-service-1_3_0-SNAPSHOT_jar-_-any-7554164196290642249/webapp/,AVAILABLE}{jar:file:/home/runner/.m2/repository/org/apache/ozone/hdds-container-service/1.3.0-SNAPSHOT/hdds-container-service-1.3.0-SNAPSHOT.jar!/webapps/hddsDatanode}
2022-10-10 08:38:28,954 [Listener at 127.0.0.1/43231] INFO  server.AbstractConnector (AbstractConnector.java:doStart(331)) - Started ServerConnector@dce1556{HTTP/1.1, (http/1.1)}{0.0.0.0:40561}
2022-10-10 08:38:28,954 [Listener at 127.0.0.1/43231] INFO  server.Server (Server.java:doStart(415)) - Started @240511ms
2022-10-10 08:38:28,954 [Listener at 127.0.0.1/43231] WARN  impl.MetricsSystemImpl (MetricsSystemImpl.java:register(279)) - Sink prometheus already exists!
2022-10-10 08:38:28,956 [Listener at 127.0.0.1/43231] INFO  http.BaseHttpServer (BaseHttpServer.java:updateConnectorAddress(333)) - HTTP server of hddsDatanode listening at http://0.0.0.0:40561
2022-10-10 08:38:28,956 [Listener at 127.0.0.1/43231] INFO  ozone.MiniOzoneClusterImpl (MiniOzoneClusterImpl.java:lambda$waitForClusterToBeReady$0(216)) - Waiting for nodes to be ready. Got 0 of 5 DN Heartbeats.
2022-10-10 08:38:28,956 [Listener at 127.0.0.1/43231] INFO  ozone.MiniOzoneClusterImpl (MiniOzoneClusterImpl.java:lambda$waitForClusterToBeReady$0(219)) - Waiting for cluster to exit safe mode
2022-10-10 08:38:28,957 [Listener at 127.0.0.1/43231] INFO  ozone.MiniOzoneClusterImpl (MiniOzoneClusterImpl.java:lambda$waitForClusterToBeReady$0(221)) - SCM became leader
2022-10-10 08:38:28,957 [Datanode State Machine Daemon Thread] INFO  statemachine.DatanodeStateMachine (DatanodeStateMachine.java:lambda$startDaemon$0(492)) - Ozone container server started.
2022-10-10 08:38:29,040 [org.apache.hadoop.util.JvmPauseMonitor$Monitor@712dbb51] INFO  util.JvmPauseMonitor (JvmPauseMonitor.java:run(188)) - Starting JVM pause monitor
2022-10-10 08:38:29,066 [Datanode State Machine Task Thread - 0] INFO  datanode.InitDatanodeState (InitDatanodeState.java:persistContainerDatanodeDetails(138)) - DatanodeDetails is persisted to /home/runner/work/ozone/ozone/hadoop-ozone/integration-test/target/test-dir/MiniOzoneClusterImpl-48dafe68-2a65-4a21-9ceb-731b54627123/datanode-4/meta/datanode.id
2022-10-10 08:38:29,365 [EndpointStateMachine task thread for /0.0.0.0:42961 - 0 ] INFO  volume.HddsVolume (HddsVolume.java:createDbStore(307)) - SchemaV3 db is created and loaded at /home/runner/work/ozone/ozone/hadoop-ozone/integration-test/target/test-dir/MiniOzoneClusterImpl-48dafe68-2a65-4a21-9ceb-731b54627123/datanode-1/data-0/containers/hdds/48dafe68-2a65-4a21-9ceb-731b54627123/DS-128f5375-6eca-4e60-b04b-4a32c2bf2b07/container.db for volume DS-128f5375-6eca-4e60-b04b-4a32c2bf2b07
2022-10-10 08:38:29,365 [EndpointStateMachine task thread for /0.0.0.0:42961 - 0 ] INFO  volume.HddsVolume (HddsVolume.java:closeDbStore(338)) - SchemaV3 db is stopped at /home/runner/work/ozone/ozone/hadoop-ozone/integration-test/target/test-dir/MiniOzoneClusterImpl-48dafe68-2a65-4a21-9ceb-731b54627123/datanode-1/data-0/containers/hdds/48dafe68-2a65-4a21-9ceb-731b54627123/DS-128f5375-6eca-4e60-b04b-4a32c2bf2b07/container.db for volume DS-128f5375-6eca-4e60-b04b-4a32c2bf2b07
2022-10-10 08:38:29,365 [EndpointStateMachine task thread for /0.0.0.0:42961 - 0 ] INFO  ozoneimpl.OzoneContainer (OzoneContainer.java:start(378)) - Attempting to start container services.
2022-10-10 08:38:29,366 [EndpointStateMachine task thread for /0.0.0.0:42961 - 0 ] INFO  ozoneimpl.OzoneContainer (OzoneContainer.java:startContainerScrub(313)) - Background container scanner has been disabled.
2022-10-10 08:38:29,376 [EndpointStateMachine task thread for /0.0.0.0:42961 - 0 ] INFO  replication.ReplicationServer (ReplicationServer.java:start(111)) - ReplicationServer is started using port 40645
2022-10-10 08:38:29,376 [EndpointStateMachine task thread for /0.0.0.0:42961 - 0 ] INFO  ratis.XceiverServerRatis (XceiverServerRatis.java:start(481)) - Starting XceiverServerRatis 606b3dcd-c583-45a5-a0cf-b179208ecf3f
2022-10-10 08:38:29,380 [EndpointStateMachine task thread for /0.0.0.0:42961 - 0 ] INFO  server.RaftServer (RaftServerProxy.java:lambda$start$6(382)) - 606b3dcd-c583-45a5-a0cf-b179208ecf3f: start RPC server
2022-10-10 08:38:29,389 [EndpointStateMachine task thread for /0.0.0.0:42961 - 0 ] INFO  server.GrpcService (GrpcService.java:startImpl(260)) - 606b3dcd-c583-45a5-a0cf-b179208ecf3f: GrpcService started, listening on 39749
2022-10-10 08:38:29,389 [EndpointStateMachine task thread for /0.0.0.0:42961 - 0 ] INFO  ratis.XceiverServerRatis (XceiverServerRatis.java:getRealPort(502)) - XceiverServerRatis 606b3dcd-c583-45a5-a0cf-b179208ecf3f is started using port 39749 for RATIS
2022-10-10 08:38:29,389 [EndpointStateMachine task thread for /0.0.0.0:42961 - 0 ] INFO  ratis.XceiverServerRatis (XceiverServerRatis.java:getRealPort(502)) - XceiverServerRatis 606b3dcd-c583-45a5-a0cf-b179208ecf3f is started using port 39749 for RATIS_ADMIN
2022-10-10 08:38:29,389 [org.apache.ratis.util.JvmPauseMonitor$$Lambda$636/263158265@21d45d60] INFO  util.JvmPauseMonitor (JvmPauseMonitor.java:run(103)) - JvmPauseMonitor-606b3dcd-c583-45a5-a0cf-b179208ecf3f: Started
2022-10-10 08:38:29,389 [EndpointStateMachine task thread for /0.0.0.0:42961 - 0 ] INFO  ratis.XceiverServerRatis (XceiverServerRatis.java:getRealPort(502)) - XceiverServerRatis 606b3dcd-c583-45a5-a0cf-b179208ecf3f is started using port 39749 for RATIS_SERVER
2022-10-10 08:38:29,410 [EndpointStateMachine task thread for /0.0.0.0:42961 - 0 ] INFO  server.XceiverServerGrpc (XceiverServerGrpc.java:start(180)) - XceiverServerGrpc 606b3dcd-c583-45a5-a0cf-b179208ecf3f is started using port 35307
2022-10-10 08:38:29,905 [EndpointStateMachine task thread for /0.0.0.0:42961 - 0 ] INFO  volume.HddsVolume (HddsVolume.java:createDbStore(307)) - SchemaV3 db is created and loaded at /home/runner/work/ozone/ozone/hadoop-ozone/integration-test/target/test-dir/MiniOzoneClusterImpl-48dafe68-2a65-4a21-9ceb-731b54627123/datanode-2/data-0/containers/hdds/48dafe68-2a65-4a21-9ceb-731b54627123/DS-44c0c49c-65b3-4049-9c28-6d2dae5d4ad6/container.db for volume DS-44c0c49c-65b3-4049-9c28-6d2dae5d4ad6
2022-10-10 08:38:29,909 [EndpointStateMachine task thread for /0.0.0.0:42961 - 0 ] INFO  volume.HddsVolume (HddsVolume.java:closeDbStore(338)) - SchemaV3 db is stopped at /home/runner/work/ozone/ozone/hadoop-ozone/integration-test/target/test-dir/MiniOzoneClusterImpl-48dafe68-2a65-4a21-9ceb-731b54627123/datanode-2/data-0/containers/hdds/48dafe68-2a65-4a21-9ceb-731b54627123/DS-44c0c49c-65b3-4049-9c28-6d2dae5d4ad6/container.db for volume DS-44c0c49c-65b3-4049-9c28-6d2dae5d4ad6
2022-10-10 08:38:29,909 [EndpointStateMachine task thread for /0.0.0.0:42961 - 0 ] INFO  ozoneimpl.OzoneContainer (OzoneContainer.java:start(378)) - Attempting to start container services.
2022-10-10 08:38:29,909 [EndpointStateMachine task thread for /0.0.0.0:42961 - 0 ] INFO  ozoneimpl.OzoneContainer (OzoneContainer.java:startContainerScrub(313)) - Background container scanner has been disabled.
2022-10-10 08:38:29,912 [EndpointStateMachine task thread for /0.0.0.0:42961 - 0 ] INFO  replication.ReplicationServer (ReplicationServer.java:start(111)) - ReplicationServer is started using port 45351
2022-10-10 08:38:29,924 [EndpointStateMachine task thread for /0.0.0.0:42961 - 0 ] INFO  ratis.XceiverServerRatis (XceiverServerRatis.java:start(481)) - Starting XceiverServerRatis 22afd6e4-8e85-4fe8-a1ff-afcedf5143bf
2022-10-10 08:38:29,946 [EndpointStateMachine task thread for /0.0.0.0:42961 - 0 ] INFO  server.RaftServer (RaftServerProxy.java:lambda$start$6(382)) - 22afd6e4-8e85-4fe8-a1ff-afcedf5143bf: start RPC server
2022-10-10 08:38:29,949 [EndpointStateMachine task thread for /0.0.0.0:42961 - 0 ] INFO  server.GrpcService (GrpcService.java:startImpl(260)) - 22afd6e4-8e85-4fe8-a1ff-afcedf5143bf: GrpcService started, listening on 38607
2022-10-10 08:38:29,949 [EndpointStateMachine task thread for /0.0.0.0:42961 - 0 ] INFO  ratis.XceiverServerRatis (XceiverServerRatis.java:getRealPort(502)) - XceiverServerRatis 22afd6e4-8e85-4fe8-a1ff-afcedf5143bf is started using port 38607 for RATIS
2022-10-10 08:38:29,949 [EndpointStateMachine task thread for /0.0.0.0:42961 - 0 ] INFO  ratis.XceiverServerRatis (XceiverServerRatis.java:getRealPort(502)) - XceiverServerRatis 22afd6e4-8e85-4fe8-a1ff-afcedf5143bf is started using port 38607 for RATIS_ADMIN
2022-10-10 08:38:29,949 [EndpointStateMachine task thread for /0.0.0.0:42961 - 0 ] INFO  ratis.XceiverServerRatis (XceiverServerRatis.java:getRealPort(502)) - XceiverServerRatis 22afd6e4-8e85-4fe8-a1ff-afcedf5143bf is started using port 38607 for RATIS_SERVER
2022-10-10 08:38:29,949 [org.apache.ratis.util.JvmPauseMonitor$$Lambda$636/263158265@43a8804d] INFO  util.JvmPauseMonitor (JvmPauseMonitor.java:run(103)) - JvmPauseMonitor-22afd6e4-8e85-4fe8-a1ff-afcedf5143bf: Started
2022-10-10 08:38:29,957 [Listener at 127.0.0.1/43231] INFO  ozone.MiniOzoneClusterImpl (MiniOzoneClusterImpl.java:lambda$waitForClusterToBeReady$0(216)) - Waiting for nodes to be ready. Got 0 of 5 DN Heartbeats.
2022-10-10 08:38:29,957 [Listener at 127.0.0.1/43231] INFO  ozone.MiniOzoneClusterImpl (MiniOzoneClusterImpl.java:lambda$waitForClusterToBeReady$0(219)) - Waiting for cluster to exit safe mode
2022-10-10 08:38:29,957 [Listener at 127.0.0.1/43231] INFO  ozone.MiniOzoneClusterImpl (MiniOzoneClusterImpl.java:lambda$waitForClusterToBeReady$0(221)) - SCM became leader
2022-10-10 08:38:29,970 [EndpointStateMachine task thread for /0.0.0.0:42961 - 0 ] INFO  server.XceiverServerGrpc (XceiverServerGrpc.java:start(180)) - XceiverServerGrpc 22afd6e4-8e85-4fe8-a1ff-afcedf5143bf is started using port 33239
2022-10-10 08:38:30,430 [EndpointStateMachine task thread for /0.0.0.0:42961 - 0 ] INFO  volume.HddsVolume (HddsVolume.java:createDbStore(307)) - SchemaV3 db is created and loaded at /home/runner/work/ozone/ozone/hadoop-ozone/integration-test/target/test-dir/MiniOzoneClusterImpl-48dafe68-2a65-4a21-9ceb-731b54627123/datanode-3/data-0/containers/hdds/48dafe68-2a65-4a21-9ceb-731b54627123/DS-140af757-1fe5-48e7-a0ec-a871f39385e7/container.db for volume DS-140af757-1fe5-48e7-a0ec-a871f39385e7
2022-10-10 08:38:30,431 [EndpointStateMachine task thread for /0.0.0.0:42961 - 0 ] INFO  volume.HddsVolume (HddsVolume.java:closeDbStore(338)) - SchemaV3 db is stopped at /home/runner/work/ozone/ozone/hadoop-ozone/integration-test/target/test-dir/MiniOzoneClusterImpl-48dafe68-2a65-4a21-9ceb-731b54627123/datanode-3/data-0/containers/hdds/48dafe68-2a65-4a21-9ceb-731b54627123/DS-140af757-1fe5-48e7-a0ec-a871f39385e7/container.db for volume DS-140af757-1fe5-48e7-a0ec-a871f39385e7
2022-10-10 08:38:30,431 [EndpointStateMachine task thread for /0.0.0.0:42961 - 0 ] INFO  ozoneimpl.OzoneContainer (OzoneContainer.java:start(378)) - Attempting to start container services.
2022-10-10 08:38:30,431 [EndpointStateMachine task thread for /0.0.0.0:42961 - 0 ] INFO  ozoneimpl.OzoneContainer (OzoneContainer.java:startContainerScrub(313)) - Background container scanner has been disabled.
2022-10-10 08:38:30,456 [EndpointStateMachine task thread for /0.0.0.0:42961 - 0 ] INFO  replication.ReplicationServer (ReplicationServer.java:start(111)) - ReplicationServer is started using port 41049
2022-10-10 08:38:30,457 [EndpointStateMachine task thread for /0.0.0.0:42961 - 0 ] INFO  ratis.XceiverServerRatis (XceiverServerRatis.java:start(481)) - Starting XceiverServerRatis dc638e21-26cb-4a27-999c-ebb3d3abde3a
2022-10-10 08:38:30,476 [EndpointStateMachine task thread for /0.0.0.0:42961 - 0 ] INFO  server.RaftServer (RaftServerProxy.java:lambda$start$6(382)) - dc638e21-26cb-4a27-999c-ebb3d3abde3a: start RPC server
2022-10-10 08:38:30,484 [EndpointStateMachine task thread for /0.0.0.0:42961 - 0 ] INFO  server.GrpcService (GrpcService.java:startImpl(260)) - dc638e21-26cb-4a27-999c-ebb3d3abde3a: GrpcService started, listening on 41253
2022-10-10 08:38:30,485 [EndpointStateMachine task thread for /0.0.0.0:42961 - 0 ] INFO  ratis.XceiverServerRatis (XceiverServerRatis.java:getRealPort(502)) - XceiverServerRatis dc638e21-26cb-4a27-999c-ebb3d3abde3a is started using port 41253 for RATIS
2022-10-10 08:38:30,485 [EndpointStateMachine task thread for /0.0.0.0:42961 - 0 ] INFO  ratis.XceiverServerRatis (XceiverServerRatis.java:getRealPort(502)) - XceiverServerRatis dc638e21-26cb-4a27-999c-ebb3d3abde3a is started using port 41253 for RATIS_ADMIN
2022-10-10 08:38:30,485 [EndpointStateMachine task thread for /0.0.0.0:42961 - 0 ] INFO  ratis.XceiverServerRatis (XceiverServerRatis.java:getRealPort(502)) - XceiverServerRatis dc638e21-26cb-4a27-999c-ebb3d3abde3a is started using port 41253 for RATIS_SERVER
2022-10-10 08:38:30,485 [org.apache.ratis.util.JvmPauseMonitor$$Lambda$636/263158265@e8327d0] INFO  util.JvmPauseMonitor (JvmPauseMonitor.java:run(103)) - JvmPauseMonitor-dc638e21-26cb-4a27-999c-ebb3d3abde3a: Started
2022-10-10 08:38:30,516 [EndpointStateMachine task thread for /0.0.0.0:42961 - 0 ] INFO  server.XceiverServerGrpc (XceiverServerGrpc.java:start(180)) - XceiverServerGrpc dc638e21-26cb-4a27-999c-ebb3d3abde3a is started using port 43157
2022-10-10 08:38:30,587 [IPC Server handler 0 on default port 42961] INFO  net.NetworkTopologyImpl (NetworkTopologyImpl.java:add(112)) - Added a new node: /default-rack/589fbfef-7b85-4b40-975b-46e767fe3451
2022-10-10 08:38:30,587 [IPC Server handler 0 on default port 42961] INFO  node.SCMNodeManager (SCMNodeManager.java:register(397)) - Registered Data node : 589fbfef-7b85-4b40-975b-46e767fe3451{ip: 10.1.0.114, host: fv-az292-843.tqgtyn10aqxuxoi0mkfbldi5vh.jx.internal.cloudapp.net, ports: [REPLICATION=33681, RATIS=37327, RATIS_ADMIN=37327, RATIS_SERVER=37327, STANDALONE=36059], networkLocation: /default-rack, certSerialId: null, persistedOpState: null, persistedOpStateExpiryEpochSec: 0}
2022-10-10 08:38:30,590 [EventQueue-NodeRegistrationContainerReportForDataNodeSafeModeRule] INFO  safemode.SCMSafeModeManager (DataNodeSafeModeRule.java:process(71)) - SCM in safe mode. 1 DataNodes registered, 3 required.
2022-10-10 08:38:30,590 [EventQueue-NodeRegistrationContainerReportForContainerSafeModeRule] INFO  safemode.SCMSafeModeManager (SCMSafeModeManager.java:validateSafeModeExitRules(204)) - ContainerSafeModeRule rule is successfully validated
2022-10-10 08:38:30,609 [EventQueue-NewNodeForNewNodeHandler] INFO  pipeline.BackgroundPipelineCreator (BackgroundPipelineCreator.java:notifyEventTriggered(276)) - trigger a one-shot run on RatisPipelineUtilsThread.
2022-10-10 08:38:30,609 [RatisPipelineUtilsThread - 0] INFO  pipeline.RatisPipelineProvider (RatisPipelineProvider.java:lambda$create$0(195)) - Sending CreatePipelineCommand for pipeline:PipelineID=586f481b-047c-419a-9497-7435fc31dd8c to datanode:589fbfef-7b85-4b40-975b-46e767fe3451
2022-10-10 08:38:30,609 [EventQueue-PipelineReportForOneReplicaPipelineSafeModeRule] INFO  safemode.SCMSafeModeManager (SCMSafeModeManager.java:validateSafeModeExitRules(204)) - AtleastOneDatanodeReportedRule rule is successfully validated
2022-10-10 08:38:30,610 [RatisPipelineUtilsThread - 0] INFO  pipeline.PipelineStateManagerImpl (PipelineStateManagerImpl.java:addPipeline(103)) - Created pipeline Pipeline[ Id: 586f481b-047c-419a-9497-7435fc31dd8c, Nodes: 589fbfef-7b85-4b40-975b-46e767fe3451{ip: 10.1.0.114, host: fv-az292-843.tqgtyn10aqxuxoi0mkfbldi5vh.jx.internal.cloudapp.net, ports: [REPLICATION=33681, RATIS=37327, RATIS_ADMIN=37327, RATIS_SERVER=37327, STANDALONE=36059], networkLocation: /default-rack, certSerialId: null, persistedOpState: IN_SERVICE, persistedOpStateExpiryEpochSec: 0}, ReplicationConfig: RATIS/ONE, State:ALLOCATED, leaderId:, CreationTimestamp2022-10-10T08:38:30.609Z[Etc/UTC]].
2022-10-10 08:38:30,957 [Listener at 127.0.0.1/43231] INFO  ozone.MiniOzoneClusterImpl (MiniOzoneClusterImpl.java:lambda$waitForClusterToBeReady$0(216)) - Waiting for nodes to be ready. Got 1 of 5 DN Heartbeats.
2022-10-10 08:38:30,958 [Listener at 127.0.0.1/43231] INFO  ozone.MiniOzoneClusterImpl (MiniOzoneClusterImpl.java:lambda$waitForClusterToBeReady$0(219)) - Waiting for cluster to exit safe mode
2022-10-10 08:38:30,958 [Listener at 127.0.0.1/43231] INFO  ozone.MiniOzoneClusterImpl (MiniOzoneClusterImpl.java:lambda$waitForClusterToBeReady$0(221)) - SCM became leader
2022-10-10 08:38:31,120 [EndpointStateMachine task thread for /0.0.0.0:42961 - 0 ] INFO  volume.HddsVolume (HddsVolume.java:createDbStore(307)) - SchemaV3 db is created and loaded at /home/runner/work/ozone/ozone/hadoop-ozone/integration-test/target/test-dir/MiniOzoneClusterImpl-48dafe68-2a65-4a21-9ceb-731b54627123/datanode-4/data-0/containers/hdds/48dafe68-2a65-4a21-9ceb-731b54627123/DS-7558ce9f-2eaf-4c73-a35b-10360ad840f7/container.db for volume DS-7558ce9f-2eaf-4c73-a35b-10360ad840f7
2022-10-10 08:38:31,128 [EndpointStateMachine task thread for /0.0.0.0:42961 - 0 ] INFO  volume.HddsVolume (HddsVolume.java:closeDbStore(338)) - SchemaV3 db is stopped at /home/runner/work/ozone/ozone/hadoop-ozone/integration-test/target/test-dir/MiniOzoneClusterImpl-48dafe68-2a65-4a21-9ceb-731b54627123/datanode-4/data-0/containers/hdds/48dafe68-2a65-4a21-9ceb-731b54627123/DS-7558ce9f-2eaf-4c73-a35b-10360ad840f7/container.db for volume DS-7558ce9f-2eaf-4c73-a35b-10360ad840f7
2022-10-10 08:38:31,128 [EndpointStateMachine task thread for /0.0.0.0:42961 - 0 ] INFO  ozoneimpl.OzoneContainer (OzoneContainer.java:start(378)) - Attempting to start container services.
2022-10-10 08:38:31,128 [EndpointStateMachine task thread for /0.0.0.0:42961 - 0 ] INFO  ozoneimpl.OzoneContainer (OzoneContainer.java:startContainerScrub(313)) - Background container scanner has been disabled.
2022-10-10 08:38:31,144 [EndpointStateMachine task thread for /0.0.0.0:42961 - 0 ] INFO  replication.ReplicationServer (ReplicationServer.java:start(111)) - ReplicationServer is started using port 41603
2022-10-10 08:38:31,153 [EndpointStateMachine task thread for /0.0.0.0:42961 - 0 ] INFO  ratis.XceiverServerRatis (XceiverServerRatis.java:start(481)) - Starting XceiverServerRatis 0454b04b-10ad-483d-88a8-8bbf68ec3d5d
2022-10-10 08:38:31,156 [EndpointStateMachine task thread for /0.0.0.0:42961 - 0 ] INFO  server.RaftServer (RaftServerProxy.java:lambda$start$6(382)) - 0454b04b-10ad-483d-88a8-8bbf68ec3d5d: start RPC server
2022-10-10 08:38:31,163 [EndpointStateMachine task thread for /0.0.0.0:42961 - 0 ] INFO  server.GrpcService (GrpcService.java:startImpl(260)) - 0454b04b-10ad-483d-88a8-8bbf68ec3d5d: GrpcService started, listening on 42031
2022-10-10 08:38:31,169 [EndpointStateMachine task thread for /0.0.0.0:42961 - 0 ] INFO  ratis.XceiverServerRatis (XceiverServerRatis.java:getRealPort(502)) - XceiverServerRatis 0454b04b-10ad-483d-88a8-8bbf68ec3d5d is started using port 42031 for RATIS
2022-10-10 08:38:31,169 [EndpointStateMachine task thread for /0.0.0.0:42961 - 0 ] INFO  ratis.XceiverServerRatis (XceiverServerRatis.java:getRealPort(502)) - XceiverServerRatis 0454b04b-10ad-483d-88a8-8bbf68ec3d5d is started using port 42031 for RATIS_ADMIN
2022-10-10 08:38:31,169 [EndpointStateMachine task thread for /0.0.0.0:42961 - 0 ] INFO  ratis.XceiverServerRatis (XceiverServerRatis.java:getRealPort(502)) - XceiverServerRatis 0454b04b-10ad-483d-88a8-8bbf68ec3d5d is started using port 42031 for RATIS_SERVER
2022-10-10 08:38:31,178 [org.apache.ratis.util.JvmPauseMonitor$$Lambda$636/263158265@2d26b062] INFO  util.JvmPauseMonitor (JvmPauseMonitor.java:run(103)) - JvmPauseMonitor-0454b04b-10ad-483d-88a8-8bbf68ec3d5d: Started
2022-10-10 08:38:31,196 [EndpointStateMachine task thread for /0.0.0.0:42961 - 0 ] INFO  server.XceiverServerGrpc (XceiverServerGrpc.java:start(180)) - XceiverServerGrpc 0454b04b-10ad-483d-88a8-8bbf68ec3d5d is started using port 42375
2022-10-10 08:38:31,296 [IPC Server handler 3 on default port 42961] INFO  net.NetworkTopologyImpl (NetworkTopologyImpl.java:add(112)) - Added a new node: /default-rack/606b3dcd-c583-45a5-a0cf-b179208ecf3f
2022-10-10 08:38:31,296 [IPC Server handler 3 on default port 42961] INFO  node.SCMNodeManager (SCMNodeManager.java:register(397)) - Registered Data node : 606b3dcd-c583-45a5-a0cf-b179208ecf3f{ip: 10.1.0.114, host: fv-az292-843.tqgtyn10aqxuxoi0mkfbldi5vh.jx.internal.cloudapp.net, ports: [REPLICATION=40645, RATIS=39749, RATIS_ADMIN=39749, RATIS_SERVER=39749, STANDALONE=35307], networkLocation: /default-rack, certSerialId: null, persistedOpState: null, persistedOpStateExpiryEpochSec: 0}
2022-10-10 08:38:31,296 [EventQueue-NewNodeForNewNodeHandler] INFO  pipeline.BackgroundPipelineCreator (BackgroundPipelineCreator.java:notifyEventTriggered(276)) - trigger a one-shot run on RatisPipelineUtilsThread.
2022-10-10 08:38:31,308 [EventQueue-NodeRegistrationContainerReportForDataNodeSafeModeRule] INFO  safemode.SCMSafeModeManager (DataNodeSafeModeRule.java:process(71)) - SCM in safe mode. 2 DataNodes registered, 3 required.
2022-10-10 08:38:31,309 [RatisPipelineUtilsThread - 0] INFO  pipeline.RatisPipelineProvider (RatisPipelineProvider.java:lambda$create$0(195)) - Sending CreatePipelineCommand for pipeline:PipelineID=dd6884c9-4a05-4702-9bd9-112013ca6f95 to datanode:606b3dcd-c583-45a5-a0cf-b179208ecf3f
2022-10-10 08:38:31,309 [RatisPipelineUtilsThread - 0] INFO  pipeline.PipelineStateManagerImpl (PipelineStateManagerImpl.java:addPipeline(103)) - Created pipeline Pipeline[ Id: dd6884c9-4a05-4702-9bd9-112013ca6f95, Nodes: 606b3dcd-c583-45a5-a0cf-b179208ecf3f{ip: 10.1.0.114, host: fv-az292-843.tqgtyn10aqxuxoi0mkfbldi5vh.jx.internal.cloudapp.net, ports: [REPLICATION=40645, RATIS=39749, RATIS_ADMIN=39749, RATIS_SERVER=39749, STANDALONE=35307], networkLocation: /default-rack, certSerialId: null, persistedOpState: IN_SERVICE, persistedOpStateExpiryEpochSec: 0}, ReplicationConfig: RATIS/ONE, State:ALLOCATED, leaderId:, CreationTimestamp2022-10-10T08:38:31.309Z[Etc/UTC]].
2022-10-10 08:38:31,836 [IPC Server handler 1 on default port 42961] INFO  net.NetworkTopologyImpl (NetworkTopologyImpl.java:add(112)) - Added a new node: /default-rack/22afd6e4-8e85-4fe8-a1ff-afcedf5143bf
2022-10-10 08:38:31,837 [IPC Server handler 1 on default port 42961] INFO  node.SCMNodeManager (SCMNodeManager.java:register(397)) - Registered Data node : 22afd6e4-8e85-4fe8-a1ff-afcedf5143bf{ip: 10.1.0.114, host: fv-az292-843.tqgtyn10aqxuxoi0mkfbldi5vh.jx.internal.cloudapp.net, ports: [REPLICATION=45351, RATIS=38607, RATIS_ADMIN=38607, RATIS_SERVER=38607, STANDALONE=33239], networkLocation: /default-rack, certSerialId: null, persistedOpState: null, persistedOpStateExpiryEpochSec: 0}
2022-10-10 08:38:31,837 [EventQueue-NewNodeForNewNodeHandler] INFO  pipeline.BackgroundPipelineCreator (BackgroundPipelineCreator.java:notifyEventTriggered(276)) - trigger a one-shot run on RatisPipelineUtilsThread.
2022-10-10 08:38:31,840 [EventQueue-NodeRegistrationContainerReportForDataNodeSafeModeRule] INFO  safemode.SCMSafeModeManager (DataNodeSafeModeRule.java:process(71)) - SCM in safe mode. 3 DataNodes registered, 3 required.
2022-10-10 08:38:31,840 [EventQueue-NodeRegistrationContainerReportForDataNodeSafeModeRule] INFO  safemode.SCMSafeModeManager (SCMSafeModeManager.java:validateSafeModeExitRules(204)) - DataNodeSafeModeRule rule is successfully validated
2022-10-10 08:38:31,840 [EventQueue-NodeRegistrationContainerReportForDataNodeSafeModeRule] INFO  safemode.SCMSafeModeManager (SCMSafeModeManager.java:completePreCheck(233)) - All SCM safe mode pre check rules have passed
2022-10-10 08:38:31,841 [EventQueue-NodeRegistrationContainerReportForDataNodeSafeModeRule] WARN  events.EventQueue (EventQueue.java:fireEvent(216)) - No event handler registered for event TypedEvent{payloadType=SafeModeStatus, name='Safe mode status'}
2022-10-10 08:38:31,841 [EventQueue-NodeRegistrationContainerReportForDataNodeSafeModeRule] INFO  ha.SCMContext (SCMContext.java:updateSafeModeStatus(228)) - Update SafeModeStatus from SafeModeStatus{safeModeStatus=true, preCheckPassed=false} to SafeModeStatus{safeModeStatus=true, preCheckPassed=true}.
2022-10-10 08:38:31,841 [EventQueue-NodeRegistrationContainerReportForDataNodeSafeModeRule] INFO  pipeline.BackgroundPipelineCreator (BackgroundPipelineCreator.java:notifyEventTriggered(276)) - trigger a one-shot run on RatisPipelineUtilsThread.
2022-10-10 08:38:31,841 [RatisPipelineUtilsThread - 0] INFO  pipeline.RatisPipelineProvider (RatisPipelineProvider.java:lambda$create$0(195)) - Sending CreatePipelineCommand for pipeline:PipelineID=a976528f-0b77-4463-bd99-a46ae93264af to datanode:22afd6e4-8e85-4fe8-a1ff-afcedf5143bf
2022-10-10 08:38:31,841 [RatisPipelineUtilsThread - 0] INFO  pipeline.PipelineStateManagerImpl (PipelineStateManagerImpl.java:addPipeline(103)) - Created pipeline Pipeline[ Id: a976528f-0b77-4463-bd99-a46ae93264af, Nodes: 22afd6e4-8e85-4fe8-a1ff-afcedf5143bf{ip: 10.1.0.114, host: fv-az292-843.tqgtyn10aqxuxoi0mkfbldi5vh.jx.internal.cloudapp.net, ports: [REPLICATION=45351, RATIS=38607, RATIS_ADMIN=38607, RATIS_SERVER=38607, STANDALONE=33239], networkLocation: /default-rack, certSerialId: null, persistedOpState: IN_SERVICE, persistedOpStateExpiryEpochSec: 0}, ReplicationConfig: RATIS/ONE, State:ALLOCATED, leaderId:, CreationTimestamp2022-10-10T08:38:31.841Z[Etc/UTC]].
2022-10-10 08:38:31,842 [RatisPipelineUtilsThread - 0] INFO  pipeline.RatisPipelineProvider (RatisPipelineProvider.java:lambda$create$0(195)) - Sending CreatePipelineCommand for pipeline:PipelineID=7f65876c-06f0-4e87-92b1-38b366a9fd09 to datanode:22afd6e4-8e85-4fe8-a1ff-afcedf5143bf
2022-10-10 08:38:31,842 [RatisPipelineUtilsThread - 0] INFO  pipeline.RatisPipelineProvider (RatisPipelineProvider.java:lambda$create$0(195)) - Sending CreatePipelineCommand for pipeline:PipelineID=7f65876c-06f0-4e87-92b1-38b366a9fd09 to datanode:589fbfef-7b85-4b40-975b-46e767fe3451
2022-10-10 08:38:31,842 [RatisPipelineUtilsThread - 0] INFO  pipeline.RatisPipelineProvider (RatisPipelineProvider.java:lambda$create$0(195)) - Sending CreatePipelineCommand for pipeline:PipelineID=7f65876c-06f0-4e87-92b1-38b366a9fd09 to datanode:606b3dcd-c583-45a5-a0cf-b179208ecf3f
2022-10-10 08:38:31,842 [RatisPipelineUtilsThread - 0] INFO  pipeline.PipelineStateManagerImpl (PipelineStateManagerImpl.java:addPipeline(103)) - Created pipeline Pipeline[ Id: 7f65876c-06f0-4e87-92b1-38b366a9fd09, Nodes: 22afd6e4-8e85-4fe8-a1ff-afcedf5143bf{ip: 10.1.0.114, host: fv-az292-843.tqgtyn10aqxuxoi0mkfbldi5vh.jx.internal.cloudapp.net, ports: [REPLICATION=45351, RATIS=38607, RATIS_ADMIN=38607, RATIS_SERVER=38607, STANDALONE=33239], networkLocation: /default-rack, certSerialId: null, persistedOpState: IN_SERVICE, persistedOpStateExpiryEpochSec: 0}589fbfef-7b85-4b40-975b-46e767fe3451{ip: 10.1.0.114, host: fv-az292-843.tqgtyn10aqxuxoi0mkfbldi5vh.jx.internal.cloudapp.net, ports: [REPLICATION=33681, RATIS=37327, RATIS_ADMIN=37327, RATIS_SERVER=37327, STANDALONE=36059], networkLocation: /default-rack, certSerialId: null, persistedOpState: IN_SERVICE, persistedOpStateExpiryEpochSec: 0}606b3dcd-c583-45a5-a0cf-b179208ecf3f{ip: 10.1.0.114, host: fv-az292-843.tqgtyn10aqxuxoi0mkfbldi5vh.jx.internal.cloudapp.net, ports: [REPLICATION=40645, RATIS=39749, RATIS_ADMIN=39749, RATIS_SERVER=39749, STANDALONE=35307], networkLocation: /default-rack, certSerialId: null, persistedOpState: IN_SERVICE, persistedOpStateExpiryEpochSec: 0}, ReplicationConfig: RATIS/THREE, State:ALLOCATED, leaderId:, CreationTimestamp2022-10-10T08:38:31.842Z[Etc/UTC]].
2022-10-10 08:38:31,843 [RatisPipelineUtilsThread - 0] INFO  pipeline.RatisPipelineProvider (RatisPipelineProvider.java:lambda$create$0(195)) - Sending CreatePipelineCommand for pipeline:PipelineID=6ca4c351-3f7a-4379-9057-248d4464d7e9 to datanode:22afd6e4-8e85-4fe8-a1ff-afcedf5143bf
2022-10-10 08:38:31,843 [RatisPipelineUtilsThread - 0] INFO  pipeline.RatisPipelineProvider (RatisPipelineProvider.java:lambda$create$0(195)) - Sending CreatePipelineCommand for pipeline:PipelineID=6ca4c351-3f7a-4379-9057-248d4464d7e9 to datanode:589fbfef-7b85-4b40-975b-46e767fe3451
2022-10-10 08:38:31,843 [RatisPipelineUtilsThread - 0] INFO  pipeline.RatisPipelineProvider (RatisPipelineProvider.java:lambda$create$0(195)) - Sending CreatePipelineCommand for pipeline:PipelineID=6ca4c351-3f7a-4379-9057-248d4464d7e9 to datanode:606b3dcd-c583-45a5-a0cf-b179208ecf3f
2022-10-10 08:38:31,844 [RatisPipelineUtilsThread - 0] INFO  pipeline.PipelineStateManagerImpl (PipelineStateManagerImpl.java:addPipeline(103)) - Created pipeline Pipeline[ Id: 6ca4c351-3f7a-4379-9057-248d4464d7e9, Nodes: 22afd6e4-8e85-4fe8-a1ff-afcedf5143bf{ip: 10.1.0.114, host: fv-az292-843.tqgtyn10aqxuxoi0mkfbldi5vh.jx.internal.cloudapp.net, ports: [REPLICATION=45351, RATIS=38607, RATIS_ADMIN=38607, RATIS_SERVER=38607, STANDALONE=33239], networkLocation: /default-rack, certSerialId: null, persistedOpState: IN_SERVICE, persistedOpStateExpiryEpochSec: 0}589fbfef-7b85-4b40-975b-46e767fe3451{ip: 10.1.0.114, host: fv-az292-843.tqgtyn10aqxuxoi0mkfbldi5vh.jx.internal.cloudapp.net, ports: [REPLICATION=33681, RATIS=37327, RATIS_ADMIN=37327, RATIS_SERVER=37327, STANDALONE=36059], networkLocation: /default-rack, certSerialId: null, persistedOpState: IN_SERVICE, persistedOpStateExpiryEpochSec: 0}606b3dcd-c583-45a5-a0cf-b179208ecf3f{ip: 10.1.0.114, host: fv-az292-843.tqgtyn10aqxuxoi0mkfbldi5vh.jx.internal.cloudapp.net, ports: [REPLICATION=40645, RATIS=39749, RATIS_ADMIN=39749, RATIS_SERVER=39749, STANDALONE=35307], networkLocation: /default-rack, certSerialId: null, persistedOpState: IN_SERVICE, persistedOpStateExpiryEpochSec: 0}, ReplicationConfig: RATIS/THREE, State:ALLOCATED, leaderId:, CreationTimestamp2022-10-10T08:38:31.843Z[Etc/UTC]].
2022-10-10 08:38:31,846 [RatisPipelineUtilsThread - 0] INFO  pipeline.PipelineManagerImpl (PipelineManagerImpl.java:recordMetricsForPipeline(796)) - Pipeline: PipelineID=6ca4c351-3f7a-4379-9057-248d4464d7e9 contains same datanodes as previous pipelines: PipelineID=7f65876c-06f0-4e87-92b1-38b366a9fd09 nodeIds: 22afd6e4-8e85-4fe8-a1ff-afcedf5143bf, 589fbfef-7b85-4b40-975b-46e767fe3451, 606b3dcd-c583-45a5-a0cf-b179208ecf3f
2022-10-10 08:38:31,958 [Listener at 127.0.0.1/43231] INFO  ozone.MiniOzoneClusterImpl (MiniOzoneClusterImpl.java:lambda$waitForClusterToBeReady$0(216)) - Waiting for nodes to be ready. Got 3 of 5 DN Heartbeats.
2022-10-10 08:38:31,960 [Listener at 127.0.0.1/43231] INFO  ozone.MiniOzoneClusterImpl (MiniOzoneClusterImpl.java:lambda$waitForClusterToBeReady$0(219)) - Waiting for cluster to exit safe mode
2022-10-10 08:38:31,960 [Listener at 127.0.0.1/43231] INFO  ozone.MiniOzoneClusterImpl (MiniOzoneClusterImpl.java:lambda$waitForClusterToBeReady$0(221)) - SCM became leader
2022-10-10 08:38:32,354 [IPC Server handler 4 on default port 42961] INFO  net.NetworkTopologyImpl (NetworkTopologyImpl.java:add(112)) - Added a new node: /default-rack/dc638e21-26cb-4a27-999c-ebb3d3abde3a
2022-10-10 08:38:32,354 [IPC Server handler 4 on default port 42961] INFO  node.SCMNodeManager (SCMNodeManager.java:register(397)) - Registered Data node : dc638e21-26cb-4a27-999c-ebb3d3abde3a{ip: 10.1.0.114, host: fv-az292-843.tqgtyn10aqxuxoi0mkfbldi5vh.jx.internal.cloudapp.net, ports: [REPLICATION=41049, RATIS=41253, RATIS_ADMIN=41253, RATIS_SERVER=41253, STANDALONE=43157], networkLocation: /default-rack, certSerialId: null, persistedOpState: null, persistedOpStateExpiryEpochSec: 0}
2022-10-10 08:38:32,354 [EventQueue-NewNodeForNewNodeHandler] INFO  pipeline.BackgroundPipelineCreator (BackgroundPipelineCreator.java:notifyEventTriggered(276)) - trigger a one-shot run on RatisPipelineUtilsThread.
2022-10-10 08:38:32,355 [RatisPipelineUtilsThread - 0] INFO  pipeline.RatisPipelineProvider (RatisPipelineProvider.java:lambda$create$0(195)) - Sending CreatePipelineCommand for pipeline:PipelineID=94afe79c-4455-4f85-a2c4-bde896f44797 to datanode:dc638e21-26cb-4a27-999c-ebb3d3abde3a
2022-10-10 08:38:32,356 [RatisPipelineUtilsThread - 0] INFO  pipeline.PipelineStateManagerImpl (PipelineStateManagerImpl.java:addPipeline(103)) - Created pipeline Pipeline[ Id: 94afe79c-4455-4f85-a2c4-bde896f44797, Nodes: dc638e21-26cb-4a27-999c-ebb3d3abde3a{ip: 10.1.0.114, host: fv-az292-843.tqgtyn10aqxuxoi0mkfbldi5vh.jx.internal.cloudapp.net, ports: [REPLICATION=41049, RATIS=41253, RATIS_ADMIN=41253, RATIS_SERVER=41253, STANDALONE=43157], networkLocation: /default-rack, certSerialId: null, persistedOpState: IN_SERVICE, persistedOpStateExpiryEpochSec: 0}, ReplicationConfig: RATIS/ONE, State:ALLOCATED, leaderId:, CreationTimestamp2022-10-10T08:38:32.355Z[Etc/UTC]].
2022-10-10 08:38:32,960 [Listener at 127.0.0.1/43231] INFO  ozone.MiniOzoneClusterImpl (MiniOzoneClusterImpl.java:lambda$waitForClusterToBeReady$0(216)) - Waiting for nodes to be ready. Got 4 of 5 DN Heartbeats.
2022-10-10 08:38:32,960 [Listener at 127.0.0.1/43231] INFO  ozone.MiniOzoneClusterImpl (MiniOzoneClusterImpl.java:lambda$waitForClusterToBeReady$0(219)) - Waiting for cluster to exit safe mode
2022-10-10 08:38:32,960 [Listener at 127.0.0.1/43231] INFO  ozone.MiniOzoneClusterImpl (MiniOzoneClusterImpl.java:lambda$waitForClusterToBeReady$0(221)) - SCM became leader
2022-10-10 08:38:33,042 [IPC Server handler 2 on default port 42961] INFO  net.NetworkTopologyImpl (NetworkTopologyImpl.java:add(112)) - Added a new node: /default-rack/0454b04b-10ad-483d-88a8-8bbf68ec3d5d
2022-10-10 08:38:33,044 [IPC Server handler 2 on default port 42961] INFO  node.SCMNodeManager (SCMNodeManager.java:register(397)) - Registered Data node : 0454b04b-10ad-483d-88a8-8bbf68ec3d5d{ip: 10.1.0.114, host: fv-az292-843.tqgtyn10aqxuxoi0mkfbldi5vh.jx.internal.cloudapp.net, ports: [REPLICATION=41603, RATIS=42031, RATIS_ADMIN=42031, RATIS_SERVER=42031, STANDALONE=42375], networkLocation: /default-rack, certSerialId: null, persistedOpState: null, persistedOpStateExpiryEpochSec: 0}
2022-10-10 08:38:33,045 [EventQueue-NewNodeForNewNodeHandler] INFO  pipeline.BackgroundPipelineCreator (BackgroundPipelineCreator.java:notifyEventTriggered(276)) - trigger a one-shot run on RatisPipelineUtilsThread.
2022-10-10 08:38:33,045 [RatisPipelineUtilsThread - 0] INFO  pipeline.RatisPipelineProvider (RatisPipelineProvider.java:lambda$create$0(195)) - Sending CreatePipelineCommand for pipeline:PipelineID=960f7a36-26e2-42b4-8b2d-7ded84125f20 to datanode:0454b04b-10ad-483d-88a8-8bbf68ec3d5d
2022-10-10 08:38:33,046 [RatisPipelineUtilsThread - 0] INFO  pipeline.PipelineStateManagerImpl (PipelineStateManagerImpl.java:addPipeline(103)) - Created pipeline Pipeline[ Id: 960f7a36-26e2-42b4-8b2d-7ded84125f20, Nodes: 0454b04b-10ad-483d-88a8-8bbf68ec3d5d{ip: 10.1.0.114, host: fv-az292-843.tqgtyn10aqxuxoi0mkfbldi5vh.jx.internal.cloudapp.net, ports: [REPLICATION=41603, RATIS=42031, RATIS_ADMIN=42031, RATIS_SERVER=42031, STANDALONE=42375], networkLocation: /default-rack, certSerialId: null, persistedOpState: IN_SERVICE, persistedOpStateExpiryEpochSec: 0}, ReplicationConfig: RATIS/ONE, State:ALLOCATED, leaderId:, CreationTimestamp2022-10-10T08:38:33.045Z[Etc/UTC]].
2022-10-10 08:38:33,587 [Command processor thread] INFO  server.RaftServer (RaftServerProxy.java:addNew(96)) - 589fbfef-7b85-4b40-975b-46e767fe3451: addNew group-7435FC31DD8C:[589fbfef-7b85-4b40-975b-46e767fe3451|rpc:10.1.0.114:37327|priority:1] returns group-7435FC31DD8C:java.util.concurrent.CompletableFuture@29917c7[Not completed]
2022-10-10 08:38:33,602 [pool-300-thread-1] INFO  server.RaftServer$Division (RaftServerImpl.java:<init>(190)) - 589fbfef-7b85-4b40-975b-46e767fe3451: new RaftServerImpl for group-7435FC31DD8C:[589fbfef-7b85-4b40-975b-46e767fe3451|rpc:10.1.0.114:37327|priority:1] with ContainerStateMachine:uninitialized
2022-10-10 08:38:33,628 [pool-300-thread-1] INFO  server.RaftServerConfigKeys (ConfUtils.java:logGet(46)) - raft.server.rpc.timeout.min = 5s (custom)
2022-10-10 08:38:33,628 [pool-300-thread-1] INFO  server.RaftServerConfigKeys (ConfUtils.java:logGet(46)) - raft.server.rpc.timeout.max = 5200ms (custom)
2022-10-10 08:38:33,628 [pool-300-thread-1] INFO  server.RaftServerConfigKeys (ConfUtils.java:logGet(46)) - raft.server.rpc.sleep.time = 25ms (default)
2022-10-10 08:38:33,628 [pool-300-thread-1] INFO  server.RaftServerConfigKeys (ConfUtils.java:logGet(46)) - raft.server.rpc.slowness.timeout = 300s (custom)
2022-10-10 08:38:33,628 [pool-300-thread-1] INFO  server.RaftServerConfigKeys (ConfUtils.java:logGet(46)) - raft.server.leaderelection.leader.step-down.wait-time = 10s (default)
2022-10-10 08:38:33,628 [pool-300-thread-1] INFO  server.RaftServerConfigKeys (ConfUtils.java:logGet(46)) - raft.server.sleep.deviation.threshold = 300ms (default)
2022-10-10 08:38:33,628 [pool-300-thread-1] INFO  server.RaftServer$Division (ServerState.java:<init>(107)) - 589fbfef-7b85-4b40-975b-46e767fe3451@group-7435FC31DD8C: ConfigurationManager, init=-1: [589fbfef-7b85-4b40-975b-46e767fe3451|rpc:10.1.0.114:37327|priority:1], old=null, confs=<EMPTY_MAP>
2022-10-10 08:38:33,628 [pool-300-thread-1] INFO  server.RaftServerConfigKeys (ConfUtils.java:logGet(46)) - raft.server.storage.dir = [/home/runner/work/ozone/ozone/hadoop-ozone/integration-test/target/test-dir/MiniOzoneClusterImpl-48dafe68-2a65-4a21-9ceb-731b54627123/datanode-0/data/ratis] (custom)
2022-10-10 08:38:33,629 [pool-300-thread-1] INFO  server.RaftServerConfigKeys (ConfUtils.java:logGet(46)) - raft.server.log.corruption.policy = EXCEPTION (default)
2022-10-10 08:38:33,629 [pool-300-thread-1] INFO  server.RaftServerConfigKeys (ConfUtils.java:logGet(46)) - raft.server.storage.free-space.min = 0MB (=0) (default)
2022-10-10 08:38:33,629 [pool-300-thread-1] INFO  storage.RaftStorageDirectory (RaftStorageDirectoryImpl.java:analyzeStorage(135)) - The storage directory /home/runner/work/ozone/ozone/hadoop-ozone/integration-test/target/test-dir/MiniOzoneClusterImpl-48dafe68-2a65-4a21-9ceb-731b54627123/datanode-0/data/ratis/586f481b-047c-419a-9497-7435fc31dd8c does not exist. Creating ...
2022-10-10 08:38:33,630 [pool-300-thread-1] INFO  storage.RaftStorageDirectory (RaftStorageDirectoryImpl.java:tryLock(230)) - Lock on /home/runner/work/ozone/ozone/hadoop-ozone/integration-test/target/test-dir/MiniOzoneClusterImpl-48dafe68-2a65-4a21-9ceb-731b54627123/datanode-0/data/ratis/586f481b-047c-419a-9497-7435fc31dd8c/in_use.lock acquired by nodename 13217@fv-az292-843
2022-10-10 08:38:33,633 [pool-300-thread-1] INFO  storage.RaftStorage (RaftStorageImpl.java:format(89)) - Storage directory /home/runner/work/ozone/ozone/hadoop-ozone/integration-test/target/test-dir/MiniOzoneClusterImpl-48dafe68-2a65-4a21-9ceb-731b54627123/datanode-0/data/ratis/586f481b-047c-419a-9497-7435fc31dd8c has been successfully formatted.
2022-10-10 08:38:33,637 [pool-300-thread-1] INFO  ratis.ContainerStateMachine (ContainerStateMachine.java:loadSnapshot(236)) - group-7435FC31DD8C: The snapshot info is null. Setting the last applied indexto:(t:0, i:~)
2022-10-10 08:38:33,637 [pool-300-thread-1] INFO  server.RaftServerConfigKeys (ConfUtils.java:logGet(46)) - raft.server.notification.no-leader.timeout = 300s (custom)
2022-10-10 08:38:33,638 [pool-300-thread-1] INFO  server.RaftServerConfigKeys (ConfUtils.java:logGet(46)) - raft.server.log.use.memory = false (default)
2022-10-10 08:38:33,638 [pool-300-thread-1] INFO  server.RaftServerConfigKeys (ConfUtils.java:logGet(46)) - raft.server.log.purge.gap = 1000000 (custom)
2022-10-10 08:38:33,638 [pool-300-thread-1] INFO  server.RaftServerConfigKeys (ConfUtils.java:logGet(46)) - raft.server.log.appender.buffer.byte-limit = 33554432 (custom)
2022-10-10 08:38:33,638 [pool-300-thread-1] INFO  server.RaftServerConfigKeys (ConfUtils.java:logGet(46)) - raft.server.log.statemachine.data.read.timeout = 1000ms (default)
2022-10-10 08:38:33,638 [pool-300-thread-1] INFO  server.RaftServerConfigKeys (ConfUtils.java:logGet(46)) - raft.server.log.segment.size.max = 1048576 (custom)
2022-10-10 08:38:33,639 [pool-300-thread-1] INFO  server.RaftServerConfigKeys (ConfUtils.java:logGet(46)) - raft.server.log.segment.cache.num.max = 2 (custom)
2022-10-10 08:38:33,639 [pool-300-thread-1] INFO  server.RaftServerConfigKeys (ConfUtils.java:logGet(46)) - raft.server.log.segment.cache.size.max = 200MB (=209715200) (default)
2022-10-10 08:38:33,639 [pool-300-thread-1] INFO  segmented.SegmentedRaftLogWorker (SegmentedRaftLogWorker.java:<init>(187)) - new 589fbfef-7b85-4b40-975b-46e767fe3451@group-7435FC31DD8C-SegmentedRaftLogWorker for RaftStorageImpl:Storage Directory /home/runner/work/ozone/ozone/hadoop-ozone/integration-test/target/test-dir/MiniOzoneClusterImpl-48dafe68-2a65-4a21-9ceb-731b54627123/datanode-0/data/ratis/586f481b-047c-419a-9497-7435fc31dd8c
2022-10-10 08:38:33,639 [pool-300-thread-1] INFO  server.RaftServerConfigKeys (ConfUtils.java:logGet(46)) - raft.server.log.queue.byte-limit = 4294967296 (custom)
2022-10-10 08:38:33,639 [pool-300-thread-1] INFO  server.RaftServerConfigKeys (ConfUtils.java:logGet(46)) - raft.server.log.queue.element-limit = 1024 (custom)
2022-10-10 08:38:33,639 [pool-300-thread-1] INFO  server.RaftServerConfigKeys (ConfUtils.java:logGet(46)) - raft.server.log.segment.size.max = 1048576 (custom)
2022-10-10 08:38:33,639 [pool-300-thread-1] INFO  server.RaftServerConfigKeys (ConfUtils.java:logGet(46)) - raft.server.log.preallocated.size = 16384 (custom)
2022-10-10 08:38:33,639 [pool-300-thread-1] INFO  server.RaftServerConfigKeys (ConfUtils.java:logGet(46)) - raft.server.log.force.sync.num = 128 (default)
2022-10-10 08:38:33,639 [pool-300-thread-1] INFO  server.RaftServerConfigKeys (ConfUtils.java:logGet(46)) - raft.server.log.statemachine.data.sync = true (default)
2022-10-10 08:38:33,639 [pool-300-thread-1] INFO  server.RaftServerConfigKeys (ConfUtils.java:logGet(46)) - raft.server.log.statemachine.data.sync.timeout = 10s (default)
2022-10-10 08:38:33,639 [pool-300-thread-1] INFO  server.RaftServerConfigKeys (ConfUtils.java:logGet(46)) - raft.server.log.statemachine.data.sync.timeout.retry = -1 (default)
2022-10-10 08:38:33,640 [pool-300-thread-1] INFO  server.RaftServerConfigKeys (ConfUtils.java:logGet(46)) - raft.server.log.write.buffer.size = 1048576 (custom)
2022-10-10 08:38:33,641 [pool-300-thread-1] INFO  server.RaftServerConfigKeys (ConfUtils.java:logGet(46)) - raft.server.log.unsafe-flush.enabled = false (default)
2022-10-10 08:38:33,641 [pool-300-thread-1] INFO  server.RaftServerConfigKeys (ConfUtils.java:logGet(46)) - raft.server.log.statemachine.data.caching.enabled = true (custom)
2022-10-10 08:38:33,641 [pool-300-thread-1] INFO  segmented.SegmentedRaftLogWorker (SegmentedRaftLogWorker.java:lambda$new$0(135)) - 589fbfef-7b85-4b40-975b-46e767fe3451@group-7435FC31DD8C-SegmentedRaftLogWorker: flushIndex: setUnconditionally 0 -> -1
2022-10-10 08:38:33,641 [pool-300-thread-1] INFO  segmented.SegmentedRaftLogWorker (SegmentedRaftLogWorker.java:lambda$new$0(135)) - 589fbfef-7b85-4b40-975b-46e767fe3451@group-7435FC31DD8C-SegmentedRaftLogWorker: safeCacheEvictIndex: setUnconditionally 0 -> -1
2022-10-10 08:38:33,643 [EventQueue-PipelineReportForPipelineReportHandler] INFO  pipeline.PipelineManagerImpl (PipelineManagerImpl.java:openPipeline(367)) - Pipeline Pipeline[ Id: 586f481b-047c-419a-9497-7435fc31dd8c, Nodes: 589fbfef-7b85-4b40-975b-46e767fe3451{ip: 10.1.0.114, host: fv-az292-843.tqgtyn10aqxuxoi0mkfbldi5vh.jx.internal.cloudapp.net, ports: [REPLICATION=33681, RATIS=37327, RATIS_ADMIN=37327, RATIS_SERVER=37327, STANDALONE=36059], networkLocation: /default-rack, certSerialId: null, persistedOpState: IN_SERVICE, persistedOpStateExpiryEpochSec: 0}, ReplicationConfig: RATIS/ONE, State:ALLOCATED, leaderId:589fbfef-7b85-4b40-975b-46e767fe3451, CreationTimestamp2022-10-10T08:38:30.609Z[Etc/UTC]] moved to OPEN state
2022-10-10 08:38:33,648 [pool-300-thread-1] INFO  server.RaftServerConfigKeys (ConfUtils.java:logGet(46)) - raft.server.snapshot.auto.trigger.enabled = true (custom)
2022-10-10 08:38:33,649 [pool-300-thread-1] INFO  server.RaftServerConfigKeys (ConfUtils.java:logGet(46)) - raft.server.snapshot.auto.trigger.threshold = 10000 (custom)
2022-10-10 08:38:33,649 [pool-300-thread-1] INFO  server.RaftServerConfigKeys (ConfUtils.java:logGet(46)) - raft.server.snapshot.retention.file.num = 5 (custom)
2022-10-10 08:38:33,649 [pool-300-thread-1] INFO  server.RaftServerConfigKeys (ConfUtils.java:logGet(46)) - raft.server.log.purge.upto.snapshot.index = false (default)
2022-10-10 08:38:33,649 [pool-300-thread-1] INFO  server.RaftServerConfigKeys (ConfUtils.java:logGet(46)) - raft.server.retrycache.expirytime = 600000ms (custom)
2022-10-10 08:38:33,649 [pool-300-thread-1] INFO  server.RaftServerConfigKeys (ConfUtils.java:logGet(46)) - raft.server.retrycache.statistics.expirytime = 100μs (default)
2022-10-10 08:38:33,685 [EventQueue-OpenPipelineForHealthyPipelineSafeModeRule] INFO  safemode.SCMSafeModeManager (HealthyPipelineSafeModeRule.java:process(137)) - SCM in safe mode. Healthy pipelines reported count is 0, required healthy pipeline reported count is 1
2022-10-10 08:38:33,697 [pool-300-thread-1] INFO  server.RaftServerConfigKeys (ConfUtils.java:logGet(46)) - raft.server.log.appender.install.snapshot.enabled = false (custom)
2022-10-10 08:38:33,697 [pool-300-thread-1] INFO  server.RaftServerConfigKeys (ConfUtils.java:logGet(46)) - raft.server.threadpool.server.cached = true (default)
2022-10-10 08:38:33,697 [pool-300-thread-1] INFO  server.RaftServerConfigKeys (ConfUtils.java:logGet(46)) - raft.server.threadpool.server.size = 0 (default)
2022-10-10 08:38:33,697 [pool-300-thread-1] INFO  server.RaftServerConfigKeys (ConfUtils.java:logGet(46)) - raft.server.threadpool.client.cached = true (default)
2022-10-10 08:38:33,697 [pool-300-thread-1] INFO  server.RaftServerConfigKeys (ConfUtils.java:logGet(46)) - raft.server.threadpool.client.size = 0 (default)
2022-10-10 08:38:33,697 [pool-300-thread-1] INFO  server.RaftServer$Division (RaftServerImpl.java:start(310)) - 589fbfef-7b85-4b40-975b-46e767fe3451@group-7435FC31DD8C: start as a follower, conf=-1: [589fbfef-7b85-4b40-975b-46e767fe3451|rpc:10.1.0.114:37327|priority:1], old=null
2022-10-10 08:38:33,697 [pool-300-thread-1] INFO  server.RaftServer$Division (RaftServerImpl.java:setRole(299)) - 589fbfef-7b85-4b40-975b-46e767fe3451@group-7435FC31DD8C: changes role from      null to FOLLOWER at term 0 for startAsFollower
2022-10-10 08:38:33,697 [pool-300-thread-1] INFO  impl.RoleInfo (RoleInfo.java:updateAndGet(139)) - 589fbfef-7b85-4b40-975b-46e767fe3451: start 589fbfef-7b85-4b40-975b-46e767fe3451@group-7435FC31DD8C-FollowerState
2022-10-10 08:38:33,715 [pool-300-thread-1] INFO  util.JmxRegister (JmxRegister.java:tryRegister(44)) - Successfully registered JMX Bean with object name Ratis:service=RaftServer,group=group-7435FC31DD8C,id=589fbfef-7b85-4b40-975b-46e767fe3451
2022-10-10 08:38:33,719 [Command processor thread] INFO  ratis.XceiverServerRatis (XceiverServerRatis.java:addGroup(765)) - Created group PipelineID=586f481b-047c-419a-9497-7435fc31dd8c
2022-10-10 08:38:33,720 [Command processor thread] INFO  commandhandler.CreatePipelineCommandHandler (CreatePipelineCommandHandler.java:handle(113)) - Created Pipeline RATIS ONE PipelineID=586f481b-047c-419a-9497-7435fc31dd8c.
2022-10-10 08:38:33,720 [Command processor thread] INFO  server.RaftServer (RaftServerProxy.java:addNew(96)) - 589fbfef-7b85-4b40-975b-46e767fe3451: addNew group-38B366A9FD09:[22afd6e4-8e85-4fe8-a1ff-afcedf5143bf|rpc:10.1.0.114:38607|priority:0, 589fbfef-7b85-4b40-975b-46e767fe3451|rpc:10.1.0.114:37327|priority:1, 606b3dcd-c583-45a5-a0cf-b179208ecf3f|rpc:10.1.0.114:39749|priority:0] returns group-38B366A9FD09:java.util.concurrent.CompletableFuture@6a6934c[Not completed]
2022-10-10 08:38:33,721 [pool-300-thread-1] INFO  server.RaftServer$Division (RaftServerImpl.java:<init>(190)) - 589fbfef-7b85-4b40-975b-46e767fe3451: new RaftServerImpl for group-38B366A9FD09:[22afd6e4-8e85-4fe8-a1ff-afcedf5143bf|rpc:10.1.0.114:38607|priority:0, 589fbfef-7b85-4b40-975b-46e767fe3451|rpc:10.1.0.114:37327|priority:1, 606b3dcd-c583-45a5-a0cf-b179208ecf3f|rpc:10.1.0.114:39749|priority:0] with ContainerStateMachine:uninitialized
2022-10-10 08:38:33,721 [pool-300-thread-1] INFO  server.RaftServerConfigKeys (ConfUtils.java:logGet(46)) - raft.server.rpc.timeout.min = 5s (custom)
2022-10-10 08:38:33,721 [pool-300-thread-1] INFO  server.RaftServerConfigKeys (ConfUtils.java:logGet(46)) - raft.server.rpc.timeout.max = 5200ms (custom)
2022-10-10 08:38:33,721 [pool-300-thread-1] INFO  server.RaftServerConfigKeys (ConfUtils.java:logGet(46)) - raft.server.rpc.sleep.time = 25ms (default)
2022-10-10 08:38:33,721 [pool-300-thread-1] INFO  server.RaftServerConfigKeys (ConfUtils.java:logGet(46)) - raft.server.rpc.slowness.timeout = 300s (custom)
2022-10-10 08:38:33,721 [pool-300-thread-1] INFO  server.RaftServerConfigKeys (ConfUtils.java:logGet(46)) - raft.server.leaderelection.leader.step-down.wait-time = 10s (default)
2022-10-10 08:38:33,721 [pool-300-thread-1] INFO  server.RaftServerConfigKeys (ConfUtils.java:logGet(46)) - raft.server.sleep.deviation.threshold = 300ms (default)
2022-10-10 08:38:33,722 [pool-300-thread-1] INFO  server.RaftServer$Division (ServerState.java:<init>(107)) - 589fbfef-7b85-4b40-975b-46e767fe3451@group-38B366A9FD09: ConfigurationManager, init=-1: [22afd6e4-8e85-4fe8-a1ff-afcedf5143bf|rpc:10.1.0.114:38607|priority:0, 589fbfef-7b85-4b40-975b-46e767fe3451|rpc:10.1.0.114:37327|priority:1, 606b3dcd-c583-45a5-a0cf-b179208ecf3f|rpc:10.1.0.114:39749|priority:0], old=null, confs=<EMPTY_MAP>
2022-10-10 08:38:33,722 [pool-300-thread-1] INFO  server.RaftServerConfigKeys (ConfUtils.java:logGet(46)) - raft.server.storage.dir = [/home/runner/work/ozone/ozone/hadoop-ozone/integration-test/target/test-dir/MiniOzoneClusterImpl-48dafe68-2a65-4a21-9ceb-731b54627123/datanode-0/data/ratis] (custom)
2022-10-10 08:38:33,722 [pool-300-thread-1] INFO  server.RaftServerConfigKeys (ConfUtils.java:logGet(46)) - raft.server.log.corruption.policy = EXCEPTION (default)
2022-10-10 08:38:33,722 [pool-300-thread-1] INFO  server.RaftServerConfigKeys (ConfUtils.java:logGet(46)) - raft.server.storage.free-space.min = 0MB (=0) (default)
2022-10-10 08:38:33,722 [pool-300-thread-1] INFO  storage.RaftStorageDirectory (RaftStorageDirectoryImpl.java:analyzeStorage(135)) - The storage directory /home/runner/work/ozone/ozone/hadoop-ozone/integration-test/target/test-dir/MiniOzoneClusterImpl-48dafe68-2a65-4a21-9ceb-731b54627123/datanode-0/data/ratis/7f65876c-06f0-4e87-92b1-38b366a9fd09 does not exist. Creating ...
2022-10-10 08:38:33,724 [pool-300-thread-1] INFO  storage.RaftStorageDirectory (RaftStorageDirectoryImpl.java:tryLock(230)) - Lock on /home/runner/work/ozone/ozone/hadoop-ozone/integration-test/target/test-dir/MiniOzoneClusterImpl-48dafe68-2a65-4a21-9ceb-731b54627123/datanode-0/data/ratis/7f65876c-06f0-4e87-92b1-38b366a9fd09/in_use.lock acquired by nodename 13217@fv-az292-843
2022-10-10 08:38:33,725 [pool-300-thread-1] INFO  storage.RaftStorage (RaftStorageImpl.java:format(89)) - Storage directory /home/runner/work/ozone/ozone/hadoop-ozone/integration-test/target/test-dir/MiniOzoneClusterImpl-48dafe68-2a65-4a21-9ceb-731b54627123/datanode-0/data/ratis/7f65876c-06f0-4e87-92b1-38b366a9fd09 has been successfully formatted.
2022-10-10 08:38:33,727 [EventQueue-OpenPipelineForHealthyPipelineSafeModeRule] INFO  safemode.SCMSafeModeManager (HealthyPipelineSafeModeRule.java:process(137)) - SCM in safe mode. Healthy pipelines reported count is 0, required healthy pipeline reported count is 1
2022-10-10 08:38:33,727 [pool-300-thread-1] INFO  ratis.ContainerStateMachine (ContainerStateMachine.java:loadSnapshot(236)) - group-38B366A9FD09: The snapshot info is null. Setting the last applied indexto:(t:0, i:~)
2022-10-10 08:38:33,727 [pool-300-thread-1] INFO  server.RaftServerConfigKeys (ConfUtils.java:logGet(46)) - raft.server.notification.no-leader.timeout = 300s (custom)
2022-10-10 08:38:33,727 [pool-300-thread-1] INFO  server.RaftServerConfigKeys (ConfUtils.java:logGet(46)) - raft.server.log.use.memory = false (default)
2022-10-10 08:38:33,727 [pool-300-thread-1] INFO  server.RaftServerConfigKeys (ConfUtils.java:logGet(46)) - raft.server.log.purge.gap = 1000000 (custom)
2022-10-10 08:38:33,728 [pool-300-thread-1] INFO  server.RaftServerConfigKeys (ConfUtils.java:logGet(46)) - raft.server.log.appender.buffer.byte-limit = 33554432 (custom)
2022-10-10 08:38:33,728 [pool-300-thread-1] INFO  server.RaftServerConfigKeys (ConfUtils.java:logGet(46)) - raft.server.log.statemachine.data.read.timeout = 1000ms (default)
2022-10-10 08:38:33,728 [pool-300-thread-1] INFO  server.RaftServerConfigKeys (ConfUtils.java:logGet(46)) - raft.server.log.segment.size.max = 1048576 (custom)
2022-10-10 08:38:33,731 [pool-300-thread-1] INFO  server.RaftServerConfigKeys (ConfUtils.java:logGet(46)) - raft.server.log.segment.cache.num.max = 2 (custom)
2022-10-10 08:38:33,732 [pool-300-thread-1] INFO  server.RaftServerConfigKeys (ConfUtils.java:logGet(46)) - raft.server.log.segment.cache.size.max = 200MB (=209715200) (default)
2022-10-10 08:38:33,732 [pool-300-thread-1] INFO  segmented.SegmentedRaftLogWorker (SegmentedRaftLogWorker.java:<init>(187)) - new 589fbfef-7b85-4b40-975b-46e767fe3451@group-38B366A9FD09-SegmentedRaftLogWorker for RaftStorageImpl:Storage Directory /home/runner/work/ozone/ozone/hadoop-ozone/integration-test/target/test-dir/MiniOzoneClusterImpl-48dafe68-2a65-4a21-9ceb-731b54627123/datanode-0/data/ratis/7f65876c-06f0-4e87-92b1-38b366a9fd09
2022-10-10 08:38:33,732 [pool-300-thread-1] INFO  server.RaftServerConfigKeys (ConfUtils.java:logGet(46)) - raft.server.log.queue.byte-limit = 4294967296 (custom)
2022-10-10 08:38:33,732 [pool-300-thread-1] INFO  server.RaftServerConfigKeys (ConfUtils.java:logGet(46)) - raft.server.log.queue.element-limit = 1024 (custom)
2022-10-10 08:38:33,732 [pool-300-thread-1] INFO  server.RaftServerConfigKeys (ConfUtils.java:logGet(46)) - raft.server.log.segment.size.max = 1048576 (custom)
2022-10-10 08:38:33,732 [pool-300-thread-1] INFO  server.RaftServerConfigKeys (ConfUtils.java:logGet(46)) - raft.server.log.preallocated.size = 16384 (custom)
2022-10-10 08:38:33,732 [pool-300-thread-1] INFO  server.RaftServerConfigKeys (ConfUtils.java:logGet(46)) - raft.server.log.force.sync.num = 128 (default)
2022-10-10 08:38:33,732 [pool-300-thread-1] INFO  server.RaftServerConfigKeys (ConfUtils.java:logGet(46)) - raft.server.log.statemachine.data.sync = true (default)
2022-10-10 08:38:33,732 [pool-300-thread-1] INFO  server.RaftServerConfigKeys (ConfUtils.java:logGet(46)) - raft.server.log.statemachine.data.sync.timeout = 10s (default)
2022-10-10 08:38:33,732 [pool-300-thread-1] INFO  server.RaftServerConfigKeys (ConfUtils.java:logGet(46)) - raft.server.log.statemachine.data.sync.timeout.retry = -1 (default)
2022-10-10 08:38:33,734 [pool-300-thread-1] INFO  server.RaftServerConfigKeys (ConfUtils.java:logGet(46)) - raft.server.log.write.buffer.size = 1048576 (custom)
2022-10-10 08:38:33,735 [pool-300-thread-1] INFO  server.RaftServerConfigKeys (ConfUtils.java:logGet(46)) - raft.server.log.unsafe-flush.enabled = false (default)
2022-10-10 08:38:33,735 [pool-300-thread-1] INFO  server.RaftServerConfigKeys (ConfUtils.java:logGet(46)) - raft.server.log.statemachine.data.caching.enabled = true (custom)
2022-10-10 08:38:33,744 [pool-300-thread-1] INFO  segmented.SegmentedRaftLogWorker (SegmentedRaftLogWorker.java:lambda$new$0(135)) - 589fbfef-7b85-4b40-975b-46e767fe3451@group-38B366A9FD09-SegmentedRaftLogWorker: flushIndex: setUnconditionally 0 -> -1
2022-10-10 08:38:33,744 [pool-300-thread-1] INFO  segmented.SegmentedRaftLogWorker (SegmentedRaftLogWorker.java:lambda$new$0(135)) - 589fbfef-7b85-4b40-975b-46e767fe3451@group-38B366A9FD09-SegmentedRaftLogWorker: safeCacheEvictIndex: setUnconditionally 0 -> -1
2022-10-10 08:38:33,755 [pool-300-thread-1] INFO  server.RaftServerConfigKeys (ConfUtils.java:logGet(46)) - raft.server.snapshot.auto.trigger.enabled = true (custom)
2022-10-10 08:38:33,755 [pool-300-thread-1] INFO  server.RaftServerConfigKeys (ConfUtils.java:logGet(46)) - raft.server.snapshot.auto.trigger.threshold = 10000 (custom)
2022-10-10 08:38:33,755 [pool-300-thread-1] INFO  server.RaftServerConfigKeys (ConfUtils.java:logGet(46)) - raft.server.snapshot.retention.file.num = 5 (custom)
2022-10-10 08:38:33,756 [pool-300-thread-1] INFO  server.RaftServerConfigKeys (ConfUtils.java:logGet(46)) - raft.server.log.purge.upto.snapshot.index = false (default)
2022-10-10 08:38:33,756 [pool-300-thread-1] INFO  server.RaftServerConfigKeys (ConfUtils.java:logGet(46)) - raft.server.retrycache.expirytime = 600000ms (custom)
2022-10-10 08:38:33,756 [pool-300-thread-1] INFO  server.RaftServerConfigKeys (ConfUtils.java:logGet(46)) - raft.server.retrycache.statistics.expirytime = 100μs (default)
2022-10-10 08:38:33,757 [pool-300-thread-1] INFO  server.RaftServerConfigKeys (ConfUtils.java:logGet(46)) - raft.server.log.appender.install.snapshot.enabled = false (custom)
2022-10-10 08:38:33,757 [pool-300-thread-1] INFO  server.RaftServerConfigKeys (ConfUtils.java:logGet(46)) - raft.server.threadpool.server.cached = true (default)
2022-10-10 08:38:33,757 [pool-300-thread-1] INFO  server.RaftServerConfigKeys (ConfUtils.java:logGet(46)) - raft.server.threadpool.server.size = 0 (default)
2022-10-10 08:38:33,757 [pool-300-thread-1] INFO  server.RaftServerConfigKeys (ConfUtils.java:logGet(46)) - raft.server.threadpool.client.cached = true (default)
2022-10-10 08:38:33,757 [pool-300-thread-1] INFO  server.RaftServerConfigKeys (ConfUtils.java:logGet(46)) - raft.server.threadpool.client.size = 0 (default)
2022-10-10 08:38:33,757 [pool-300-thread-1] INFO  server.RaftServer$Division (RaftServerImpl.java:start(310)) - 589fbfef-7b85-4b40-975b-46e767fe3451@group-38B366A9FD09: start as a follower, conf=-1: [22afd6e4-8e85-4fe8-a1ff-afcedf5143bf|rpc:10.1.0.114:38607|priority:0, 589fbfef-7b85-4b40-975b-46e767fe3451|rpc:10.1.0.114:37327|priority:1, 606b3dcd-c583-45a5-a0cf-b179208ecf3f|rpc:10.1.0.114:39749|priority:0], old=null
2022-10-10 08:38:33,758 [pool-300-thread-1] INFO  server.RaftServer$Division (RaftServerImpl.java:setRole(299)) - 589fbfef-7b85-4b40-975b-46e767fe3451@group-38B366A9FD09: changes role from      null to FOLLOWER at term 0 for startAsFollower
2022-10-10 08:38:33,758 [pool-300-thread-1] INFO  impl.RoleInfo (RoleInfo.java:updateAndGet(139)) - 589fbfef-7b85-4b40-975b-46e767fe3451: start 589fbfef-7b85-4b40-975b-46e767fe3451@group-38B366A9FD09-FollowerState
2022-10-10 08:38:33,766 [pool-300-thread-1] INFO  util.JmxRegister (JmxRegister.java:tryRegister(44)) - Successfully registered JMX Bean with object name Ratis:service=RaftServer,group=group-38B366A9FD09,id=589fbfef-7b85-4b40-975b-46e767fe3451
2022-10-10 08:38:33,776 [Command processor thread] INFO  ratis.XceiverServerRatis (XceiverServerRatis.java:addGroup(765)) - Created group PipelineID=7f65876c-06f0-4e87-92b1-38b366a9fd09
2022-10-10 08:38:33,817 [grpc-default-executor-0] INFO  server.RaftServer (RaftServerProxy.java:addNew(96)) - 22afd6e4-8e85-4fe8-a1ff-afcedf5143bf: addNew group-38B366A9FD09:[22afd6e4-8e85-4fe8-a1ff-afcedf5143bf|rpc:10.1.0.114:38607|dataStream:|priority:0, 589fbfef-7b85-4b40-975b-46e767fe3451|rpc:10.1.0.114:37327|dataStream:|priority:1, 606b3dcd-c583-45a5-a0cf-b179208ecf3f|rpc:10.1.0.114:39749|dataStream:|priority:0] returns group-38B366A9FD09:java.util.concurrent.CompletableFuture@7dd0e086[Not completed]
2022-10-10 08:38:33,828 [pool-346-thread-1] INFO  server.RaftServer$Division (RaftServerImpl.java:<init>(190)) - 22afd6e4-8e85-4fe8-a1ff-afcedf5143bf: new RaftServerImpl for group-38B366A9FD09:[22afd6e4-8e85-4fe8-a1ff-afcedf5143bf|rpc:10.1.0.114:38607|dataStream:|priority:0, 589fbfef-7b85-4b40-975b-46e767fe3451|rpc:10.1.0.114:37327|dataStream:|priority:1, 606b3dcd-c583-45a5-a0cf-b179208ecf3f|rpc:10.1.0.114:39749|dataStream:|priority:0] with ContainerStateMachine:uninitialized
2022-10-10 08:38:33,828 [pool-346-thread-1] INFO  server.RaftServerConfigKeys (ConfUtils.java:logGet(46)) - raft.server.rpc.timeout.min = 5s (custom)
2022-10-10 08:38:33,828 [pool-346-thread-1] INFO  server.RaftServerConfigKeys (ConfUtils.java:logGet(46)) - raft.server.rpc.timeout.max = 5200ms (custom)
2022-10-10 08:38:33,829 [pool-346-thread-1] INFO  server.RaftServerConfigKeys (ConfUtils.java:logGet(46)) - raft.server.rpc.sleep.time = 25ms (default)
2022-10-10 08:38:33,829 [pool-346-thread-1] INFO  server.RaftServerConfigKeys (ConfUtils.java:logGet(46)) - raft.server.rpc.slowness.timeout = 300s (custom)
2022-10-10 08:38:33,829 [pool-346-thread-1] INFO  server.RaftServerConfigKeys (ConfUtils.java:logGet(46)) - raft.server.leaderelection.leader.step-down.wait-time = 10s (default)
2022-10-10 08:38:33,829 [pool-346-thread-1] INFO  server.RaftServerConfigKeys (ConfUtils.java:logGet(46)) - raft.server.sleep.deviation.threshold = 300ms (default)
2022-10-10 08:38:33,829 [pool-346-thread-1] INFO  server.RaftServer$Division (ServerState.java:<init>(107)) - 22afd6e4-8e85-4fe8-a1ff-afcedf5143bf@group-38B366A9FD09: ConfigurationManager, init=-1: [22afd6e4-8e85-4fe8-a1ff-afcedf5143bf|rpc:10.1.0.114:38607|dataStream:|priority:0, 589fbfef-7b85-4b40-975b-46e767fe3451|rpc:10.1.0.114:37327|dataStream:|priority:1, 606b3dcd-c583-45a5-a0cf-b179208ecf3f|rpc:10.1.0.114:39749|dataStream:|priority:0], old=null, confs=<EMPTY_MAP>
2022-10-10 08:38:33,829 [pool-346-thread-1] INFO  server.RaftServerConfigKeys (ConfUtils.java:logGet(46)) - raft.server.storage.dir = [/home/runner/work/ozone/ozone/hadoop-ozone/integration-test/target/test-dir/MiniOzoneClusterImpl-48dafe68-2a65-4a21-9ceb-731b54627123/datanode-2/data/ratis] (custom)
2022-10-10 08:38:33,829 [pool-346-thread-1] INFO  server.RaftServerConfigKeys (ConfUtils.java:logGet(46)) - raft.server.log.corruption.policy = EXCEPTION (default)
2022-10-10 08:38:33,829 [pool-346-thread-1] INFO  server.RaftServerConfigKeys (ConfUtils.java:logGet(46)) - raft.server.storage.free-space.min = 0MB (=0) (default)
2022-10-10 08:38:33,829 [pool-346-thread-1] INFO  storage.RaftStorageDirectory (RaftStorageDirectoryImpl.java:analyzeStorage(135)) - The storage directory /home/runner/work/ozone/ozone/hadoop-ozone/integration-test/target/test-dir/MiniOzoneClusterImpl-48dafe68-2a65-4a21-9ceb-731b54627123/datanode-2/data/ratis/7f65876c-06f0-4e87-92b1-38b366a9fd09 does not exist. Creating ...
2022-10-10 08:38:33,831 [pool-346-thread-1] INFO  storage.RaftStorageDirectory (RaftStorageDirectoryImpl.java:tryLock(230)) - Lock on /home/runner/work/ozone/ozone/hadoop-ozone/integration-test/target/test-dir/MiniOzoneClusterImpl-48dafe68-2a65-4a21-9ceb-731b54627123/datanode-2/data/ratis/7f65876c-06f0-4e87-92b1-38b366a9fd09/in_use.lock acquired by nodename 13217@fv-az292-843
2022-10-10 08:38:33,840 [pool-346-thread-1] INFO  storage.RaftStorage (RaftStorageImpl.java:format(89)) - Storage directory /home/runner/work/ozone/ozone/hadoop-ozone/integration-test/target/test-dir/MiniOzoneClusterImpl-48dafe68-2a65-4a21-9ceb-731b54627123/datanode-2/data/ratis/7f65876c-06f0-4e87-92b1-38b366a9fd09 has been successfully formatted.
2022-10-10 08:38:33,853 [pool-346-thread-1] INFO  ratis.ContainerStateMachine (ContainerStateMachine.java:loadSnapshot(236)) - group-38B366A9FD09: The snapshot info is null. Setting the last applied indexto:(t:0, i:~)
2022-10-10 08:38:33,853 [pool-346-thread-1] INFO  server.RaftServerConfigKeys (ConfUtils.java:logGet(46)) - raft.server.notification.no-leader.timeout = 300s (custom)
2022-10-10 08:38:33,853 [pool-346-thread-1] INFO  server.RaftServerConfigKeys (ConfUtils.java:logGet(46)) - raft.server.log.use.memory = false (default)
2022-10-10 08:38:33,853 [pool-346-thread-1] INFO  server.RaftServerConfigKeys (ConfUtils.java:logGet(46)) - raft.server.log.purge.gap = 1000000 (custom)
2022-10-10 08:38:33,853 [pool-346-thread-1] INFO  server.RaftServerConfigKeys (ConfUtils.java:logGet(46)) - raft.server.log.appender.buffer.byte-limit = 33554432 (custom)
2022-10-10 08:38:33,854 [pool-346-thread-1] INFO  server.RaftServerConfigKeys (ConfUtils.java:logGet(46)) - raft.server.log.statemachine.data.read.timeout = 1000ms (default)
2022-10-10 08:38:33,854 [pool-346-thread-1] INFO  server.RaftServerConfigKeys (ConfUtils.java:logGet(46)) - raft.server.log.segment.size.max = 1048576 (custom)
2022-10-10 08:38:33,862 [pool-346-thread-1] INFO  server.RaftServerConfigKeys (ConfUtils.java:logGet(46)) - raft.server.log.segment.cache.num.max = 2 (custom)
2022-10-10 08:38:33,863 [pool-346-thread-1] INFO  server.RaftServerConfigKeys (ConfUtils.java:logGet(46)) - raft.server.log.segment.cache.size.max = 200MB (=209715200) (default)
2022-10-10 08:38:33,863 [pool-346-thread-1] INFO  segmented.SegmentedRaftLogWorker (SegmentedRaftLogWorker.java:<init>(187)) - new 22afd6e4-8e85-4fe8-a1ff-afcedf5143bf@group-38B366A9FD09-SegmentedRaftLogWorker for RaftStorageImpl:Storage Directory /home/runner/work/ozone/ozone/hadoop-ozone/integration-test/target/test-dir/MiniOzoneClusterImpl-48dafe68-2a65-4a21-9ceb-731b54627123/datanode-2/data/ratis/7f65876c-06f0-4e87-92b1-38b366a9fd09
2022-10-10 08:38:33,863 [pool-346-thread-1] INFO  server.RaftServerConfigKeys (ConfUtils.java:logGet(46)) - raft.server.log.queue.byte-limit = 4294967296 (custom)
2022-10-10 08:38:33,863 [pool-346-thread-1] INFO  server.RaftServerConfigKeys (ConfUtils.java:logGet(46)) - raft.server.log.queue.element-limit = 1024 (custom)
2022-10-10 08:38:33,863 [pool-346-thread-1] INFO  server.RaftServerConfigKeys (ConfUtils.java:logGet(46)) - raft.server.log.segment.size.max = 1048576 (custom)
2022-10-10 08:38:33,863 [pool-346-thread-1] INFO  server.RaftServerConfigKeys (ConfUtils.java:logGet(46)) - raft.server.log.preallocated.size = 16384 (custom)
2022-10-10 08:38:33,864 [pool-346-thread-1] INFO  server.RaftServerConfigKeys (ConfUtils.java:logGet(46)) - raft.server.log.force.sync.num = 128 (default)
2022-10-10 08:38:33,864 [pool-346-thread-1] INFO  server.RaftServerConfigKeys (ConfUtils.java:logGet(46)) - raft.server.log.statemachine.data.sync = true (default)
2022-10-10 08:38:33,864 [pool-346-thread-1] INFO  server.RaftServerConfigKeys (ConfUtils.java:logGet(46)) - raft.server.log.statemachine.data.sync.timeout = 10s (default)
2022-10-10 08:38:33,864 [pool-346-thread-1] INFO  server.RaftServerConfigKeys (ConfUtils.java:logGet(46)) - raft.server.log.statemachine.data.sync.timeout.retry = -1 (default)
2022-10-10 08:38:33,865 [pool-346-thread-1] INFO  server.RaftServerConfigKeys (ConfUtils.java:logGet(46)) - raft.server.log.write.buffer.size = 1048576 (custom)
2022-10-10 08:38:33,866 [pool-346-thread-1] INFO  server.RaftServerConfigKeys (ConfUtils.java:logGet(46)) - raft.server.log.unsafe-flush.enabled = false (default)
2022-10-10 08:38:33,866 [pool-346-thread-1] INFO  server.RaftServerConfigKeys (ConfUtils.java:logGet(46)) - raft.server.log.statemachine.data.caching.enabled = true (custom)
2022-10-10 08:38:33,866 [pool-346-thread-1] INFO  segmented.SegmentedRaftLogWorker (SegmentedRaftLogWorker.java:lambda$new$0(135)) - 22afd6e4-8e85-4fe8-a1ff-afcedf5143bf@group-38B366A9FD09-SegmentedRaftLogWorker: flushIndex: setUnconditionally 0 -> -1
2022-10-10 08:38:33,866 [pool-346-thread-1] INFO  segmented.SegmentedRaftLogWorker (SegmentedRaftLogWorker.java:lambda$new$0(135)) - 22afd6e4-8e85-4fe8-a1ff-afcedf5143bf@group-38B366A9FD09-SegmentedRaftLogWorker: safeCacheEvictIndex: setUnconditionally 0 -> -1
2022-10-10 08:38:33,875 [pool-346-thread-1] INFO  server.RaftServerConfigKeys (ConfUtils.java:logGet(46)) - raft.server.snapshot.auto.trigger.enabled = true (custom)
2022-10-10 08:38:33,875 [pool-346-thread-1] INFO  server.RaftServerConfigKeys (ConfUtils.java:logGet(46)) - raft.server.snapshot.auto.trigger.threshold = 10000 (custom)
2022-10-10 08:38:33,875 [pool-346-thread-1] INFO  server.RaftServerConfigKeys (ConfUtils.java:logGet(46)) - raft.server.snapshot.retention.file.num = 5 (custom)
2022-10-10 08:38:33,875 [pool-346-thread-1] INFO  server.RaftServerConfigKeys (ConfUtils.java:logGet(46)) - raft.server.log.purge.upto.snapshot.index = false (default)
2022-10-10 08:38:33,875 [pool-346-thread-1] INFO  server.RaftServerConfigKeys (ConfUtils.java:logGet(46)) - raft.server.retrycache.expirytime = 600000ms (custom)
2022-10-10 08:38:33,876 [pool-346-thread-1] INFO  server.RaftServerConfigKeys (ConfUtils.java:logGet(46)) - raft.server.retrycache.statistics.expirytime = 100μs (default)
2022-10-10 08:38:33,890 [pool-346-thread-1] INFO  server.RaftServerConfigKeys (ConfUtils.java:logGet(46)) - raft.server.log.appender.install.snapshot.enabled = false (custom)
2022-10-10 08:38:33,890 [pool-346-thread-1] INFO  server.RaftServerConfigKeys (ConfUtils.java:logGet(46)) - raft.server.threadpool.server.cached = true (default)
2022-10-10 08:38:33,890 [pool-346-thread-1] INFO  server.RaftServerConfigKeys (ConfUtils.java:logGet(46)) - raft.server.threadpool.server.size = 0 (default)
2022-10-10 08:38:33,891 [pool-346-thread-1] INFO  server.RaftServerConfigKeys (ConfUtils.java:logGet(46)) - raft.server.threadpool.client.cached = true (default)
2022-10-10 08:38:33,891 [pool-346-thread-1] INFO  server.RaftServerConfigKeys (ConfUtils.java:logGet(46)) - raft.server.threadpool.client.size = 0 (default)
2022-10-10 08:38:33,891 [pool-346-thread-1] INFO  server.RaftServer$Division (RaftServerImpl.java:start(310)) - 22afd6e4-8e85-4fe8-a1ff-afcedf5143bf@group-38B366A9FD09: start as a follower, conf=-1: [22afd6e4-8e85-4fe8-a1ff-afcedf5143bf|rpc:10.1.0.114:38607|dataStream:|priority:0, 589fbfef-7b85-4b40-975b-46e767fe3451|rpc:10.1.0.114:37327|dataStream:|priority:1, 606b3dcd-c583-45a5-a0cf-b179208ecf3f|rpc:10.1.0.114:39749|dataStream:|priority:0], old=null
2022-10-10 08:38:33,891 [pool-346-thread-1] INFO  server.RaftServer$Division (RaftServerImpl.java:setRole(299)) - 22afd6e4-8e85-4fe8-a1ff-afcedf5143bf@group-38B366A9FD09: changes role from      null to FOLLOWER at term 0 for startAsFollower
2022-10-10 08:38:33,902 [pool-346-thread-1] INFO  impl.RoleInfo (RoleInfo.java:updateAndGet(139)) - 22afd6e4-8e85-4fe8-a1ff-afcedf5143bf: start 22afd6e4-8e85-4fe8-a1ff-afcedf5143bf@group-38B366A9FD09-FollowerState
2022-10-10 08:38:33,905 [pool-346-thread-1] INFO  util.JmxRegister (JmxRegister.java:tryRegister(44)) - Successfully registered JMX Bean with object name Ratis:service=RaftServer,group=group-38B366A9FD09,id=22afd6e4-8e85-4fe8-a1ff-afcedf5143bf
2022-10-10 08:38:33,955 [grpc-default-executor-0] INFO  server.RaftServer (RaftServerProxy.java:addNew(96)) - 606b3dcd-c583-45a5-a0cf-b179208ecf3f: addNew group-38B366A9FD09:[22afd6e4-8e85-4fe8-a1ff-afcedf5143bf|rpc:10.1.0.114:38607|dataStream:|priority:0, 589fbfef-7b85-4b40-975b-46e767fe3451|rpc:10.1.0.114:37327|dataStream:|priority:1, 606b3dcd-c583-45a5-a0cf-b179208ecf3f|rpc:10.1.0.114:39749|dataStream:|priority:0] returns group-38B366A9FD09:java.util.concurrent.CompletableFuture@7c88730b[Not completed]
2022-10-10 08:38:33,961 [Listener at 127.0.0.1/43231] INFO  ozone.MiniOzoneClusterImpl (MiniOzoneClusterImpl.java:lambda$waitForClusterToBeReady$0(216)) - Nodes are ready. Got 5 of 5 DN Heartbeats.
2022-10-10 08:38:33,961 [Listener at 127.0.0.1/43231] INFO  ozone.MiniOzoneClusterImpl (MiniOzoneClusterImpl.java:lambda$waitForClusterToBeReady$0(219)) - Waiting for cluster to exit safe mode
2022-10-10 08:38:33,961 [Listener at 127.0.0.1/43231] INFO  ozone.MiniOzoneClusterImpl (MiniOzoneClusterImpl.java:lambda$waitForClusterToBeReady$0(221)) - SCM became leader
2022-10-10 08:38:33,964 [pool-323-thread-1] INFO  server.RaftServer$Division (RaftServerImpl.java:<init>(190)) - 606b3dcd-c583-45a5-a0cf-b179208ecf3f: new RaftServerImpl for group-38B366A9FD09:[22afd6e4-8e85-4fe8-a1ff-afcedf5143bf|rpc:10.1.0.114:38607|dataStream:|priority:0, 589fbfef-7b85-4b40-975b-46e767fe3451|rpc:10.1.0.114:37327|dataStream:|priority:1, 606b3dcd-c583-45a5-a0cf-b179208ecf3f|rpc:10.1.0.114:39749|dataStream:|priority:0] with ContainerStateMachine:uninitialized
2022-10-10 08:38:33,964 [pool-323-thread-1] INFO  server.RaftServerConfigKeys (ConfUtils.java:logGet(46)) - raft.server.rpc.timeout.min = 5s (custom)
2022-10-10 08:38:33,964 [pool-323-thread-1] INFO  server.RaftServerConfigKeys (ConfUtils.java:logGet(46)) - raft.server.rpc.timeout.max = 5200ms (custom)
2022-10-10 08:38:33,964 [pool-323-thread-1] INFO  server.RaftServerConfigKeys (ConfUtils.java:logGet(46)) - raft.server.rpc.sleep.time = 25ms (default)
2022-10-10 08:38:33,964 [pool-323-thread-1] INFO  server.RaftServerConfigKeys (ConfUtils.java:logGet(46)) - raft.server.rpc.slowness.timeout = 300s (custom)
2022-10-10 08:38:33,964 [pool-323-thread-1] INFO  server.RaftServerConfigKeys (ConfUtils.java:logGet(46)) - raft.server.leaderelection.leader.step-down.wait-time = 10s (default)
2022-10-10 08:38:33,964 [pool-323-thread-1] INFO  server.RaftServerConfigKeys (ConfUtils.java:logGet(46)) - raft.server.sleep.deviation.threshold = 300ms (default)
2022-10-10 08:38:33,964 [pool-323-thread-1] INFO  server.RaftServer$Division (ServerState.java:<init>(107)) - 606b3dcd-c583-45a5-a0cf-b179208ecf3f@group-38B366A9FD09: ConfigurationManager, init=-1: [22afd6e4-8e85-4fe8-a1ff-afcedf5143bf|rpc:10.1.0.114:38607|dataStream:|priority:0, 589fbfef-7b85-4b40-975b-46e767fe3451|rpc:10.1.0.114:37327|dataStream:|priority:1, 606b3dcd-c583-45a5-a0cf-b179208ecf3f|rpc:10.1.0.114:39749|dataStream:|priority:0], old=null, confs=<EMPTY_MAP>
2022-10-10 08:38:33,964 [pool-323-thread-1] INFO  server.RaftServerConfigKeys (ConfUtils.java:logGet(46)) - raft.server.storage.dir = [/home/runner/work/ozone/ozone/hadoop-ozone/integration-test/target/test-dir/MiniOzoneClusterImpl-48dafe68-2a65-4a21-9ceb-731b54627123/datanode-1/data/ratis] (custom)
2022-10-10 08:38:33,964 [pool-323-thread-1] INFO  server.RaftServerConfigKeys (ConfUtils.java:logGet(46)) - raft.server.log.corruption.policy = EXCEPTION (default)
2022-10-10 08:38:33,965 [pool-323-thread-1] INFO  server.RaftServerConfigKeys (ConfUtils.java:logGet(46)) - raft.server.storage.free-space.min = 0MB (=0) (default)
2022-10-10 08:38:33,965 [pool-323-thread-1] INFO  storage.RaftStorageDirectory (RaftStorageDirectoryImpl.java:analyzeStorage(135)) - The storage directory /home/runner/work/ozone/ozone/hadoop-ozone/integration-test/target/test-dir/MiniOzoneClusterImpl-48dafe68-2a65-4a21-9ceb-731b54627123/datanode-1/data/ratis/7f65876c-06f0-4e87-92b1-38b366a9fd09 does not exist. Creating ...
2022-10-10 08:38:33,966 [pool-323-thread-1] INFO  storage.RaftStorageDirectory (RaftStorageDirectoryImpl.java:tryLock(230)) - Lock on /home/runner/work/ozone/ozone/hadoop-ozone/integration-test/target/test-dir/MiniOzoneClusterImpl-48dafe68-2a65-4a21-9ceb-731b54627123/datanode-1/data/ratis/7f65876c-06f0-4e87-92b1-38b366a9fd09/in_use.lock acquired by nodename 13217@fv-az292-843
2022-10-10 08:38:33,969 [pool-323-thread-1] INFO  storage.RaftStorage (RaftStorageImpl.java:format(89)) - Storage directory /home/runner/work/ozone/ozone/hadoop-ozone/integration-test/target/test-dir/MiniOzoneClusterImpl-48dafe68-2a65-4a21-9ceb-731b54627123/datanode-1/data/ratis/7f65876c-06f0-4e87-92b1-38b366a9fd09 has been successfully formatted.
2022-10-10 08:38:33,970 [pool-323-thread-1] INFO  ratis.ContainerStateMachine (ContainerStateMachine.java:loadSnapshot(236)) - group-38B366A9FD09: The snapshot info is null. Setting the last applied indexto:(t:0, i:~)
2022-10-10 08:38:33,971 [pool-323-thread-1] INFO  server.RaftServerConfigKeys (ConfUtils.java:logGet(46)) - raft.server.notification.no-leader.timeout = 300s (custom)
2022-10-10 08:38:33,971 [pool-323-thread-1] INFO  server.RaftServerConfigKeys (ConfUtils.java:logGet(46)) - raft.server.log.use.memory = false (default)
2022-10-10 08:38:33,971 [pool-323-thread-1] INFO  server.RaftServerConfigKeys (ConfUtils.java:logGet(46)) - raft.server.log.purge.gap = 1000000 (custom)
2022-10-10 08:38:33,971 [pool-323-thread-1] INFO  server.RaftServerConfigKeys (ConfUtils.java:logGet(46)) - raft.server.log.appender.buffer.byte-limit = 33554432 (custom)
2022-10-10 08:38:33,971 [pool-323-thread-1] INFO  server.RaftServerConfigKeys (ConfUtils.java:logGet(46)) - raft.server.log.statemachine.data.read.timeout = 1000ms (default)
2022-10-10 08:38:33,971 [pool-323-thread-1] INFO  server.RaftServerConfigKeys (ConfUtils.java:logGet(46)) - raft.server.log.segment.size.max = 1048576 (custom)
2022-10-10 08:38:33,972 [pool-323-thread-1] INFO  server.RaftServerConfigKeys (ConfUtils.java:logGet(46)) - raft.server.log.segment.cache.num.max = 2 (custom)
2022-10-10 08:38:33,972 [pool-323-thread-1] INFO  server.RaftServerConfigKeys (ConfUtils.java:logGet(46)) - raft.server.log.segment.cache.size.max = 200MB (=209715200) (default)
2022-10-10 08:38:33,972 [pool-323-thread-1] INFO  segmented.SegmentedRaftLogWorker (SegmentedRaftLogWorker.java:<init>(187)) - new 606b3dcd-c583-45a5-a0cf-b179208ecf3f@group-38B366A9FD09-SegmentedRaftLogWorker for RaftStorageImpl:Storage Directory /home/runner/work/ozone/ozone/hadoop-ozone/integration-test/target/test-dir/MiniOzoneClusterImpl-48dafe68-2a65-4a21-9ceb-731b54627123/datanode-1/data/ratis/7f65876c-06f0-4e87-92b1-38b366a9fd09
2022-10-10 08:38:33,972 [pool-323-thread-1] INFO  server.RaftServerConfigKeys (ConfUtils.java:logGet(46)) - raft.server.log.queue.byte-limit = 4294967296 (custom)
2022-10-10 08:38:33,972 [pool-323-thread-1] INFO  server.RaftServerConfigKeys (ConfUtils.java:logGet(46)) - raft.server.log.queue.element-limit = 1024 (custom)
2022-10-10 08:38:33,973 [pool-323-thread-1] INFO  server.RaftServerConfigKeys (ConfUtils.java:logGet(46)) - raft.server.log.segment.size.max = 1048576 (custom)
2022-10-10 08:38:33,973 [pool-323-thread-1] INFO  server.RaftServerConfigKeys (ConfUtils.java:logGet(46)) - raft.server.log.preallocated.size = 16384 (custom)
2022-10-10 08:38:33,973 [pool-323-thread-1] INFO  server.RaftServerConfigKeys (ConfUtils.java:logGet(46)) - raft.server.log.force.sync.num = 128 (default)
2022-10-10 08:38:33,973 [pool-323-thread-1] INFO  server.RaftServerConfigKeys (ConfUtils.java:logGet(46)) - raft.server.log.statemachine.data.sync = true (default)
2022-10-10 08:38:33,973 [pool-323-thread-1] INFO  server.RaftServerConfigKeys (ConfUtils.java:logGet(46)) - raft.server.log.statemachine.data.sync.timeout = 10s (default)
2022-10-10 08:38:33,974 [pool-323-thread-1] INFO  server.RaftServerConfigKeys (ConfUtils.java:logGet(46)) - raft.server.log.statemachine.data.sync.timeout.retry = -1 (default)
2022-10-10 08:38:33,975 [pool-323-thread-1] INFO  server.RaftServerConfigKeys (ConfUtils.java:logGet(46)) - raft.server.log.write.buffer.size = 1048576 (custom)
2022-10-10 08:38:33,976 [pool-323-thread-1] INFO  server.RaftServerConfigKeys (ConfUtils.java:logGet(46)) - raft.server.log.unsafe-flush.enabled = false (default)
2022-10-10 08:38:33,976 [pool-323-thread-1] INFO  server.RaftServerConfigKeys (ConfUtils.java:logGet(46)) - raft.server.log.statemachine.data.caching.enabled = true (custom)
2022-10-10 08:38:33,976 [pool-323-thread-1] INFO  segmented.SegmentedRaftLogWorker (SegmentedRaftLogWorker.java:lambda$new$0(135)) - 606b3dcd-c583-45a5-a0cf-b179208ecf3f@group-38B366A9FD09-SegmentedRaftLogWorker: flushIndex: setUnconditionally 0 -> -1
2022-10-10 08:38:33,976 [pool-323-thread-1] INFO  segmented.SegmentedRaftLogWorker (SegmentedRaftLogWorker.java:lambda$new$0(135)) - 606b3dcd-c583-45a5-a0cf-b179208ecf3f@group-38B366A9FD09-SegmentedRaftLogWorker: safeCacheEvictIndex: setUnconditionally 0 -> -1
2022-10-10 08:38:33,977 [pool-323-thread-1] INFO  server.RaftServerConfigKeys (ConfUtils.java:logGet(46)) - raft.server.snapshot.auto.trigger.enabled = true (custom)
2022-10-10 08:38:33,977 [pool-323-thread-1] INFO  server.RaftServerConfigKeys (ConfUtils.java:logGet(46)) - raft.server.snapshot.auto.trigger.threshold = 10000 (custom)
2022-10-10 08:38:33,977 [pool-323-thread-1] INFO  server.RaftServerConfigKeys (ConfUtils.java:logGet(46)) - raft.server.snapshot.retention.file.num = 5 (custom)
2022-10-10 08:38:33,977 [pool-323-thread-1] INFO  server.RaftServerConfigKeys (ConfUtils.java:logGet(46)) - raft.server.log.purge.upto.snapshot.index = false (default)
2022-10-10 08:38:33,977 [pool-323-thread-1] INFO  server.RaftServerConfigKeys (ConfUtils.java:logGet(46)) - raft.server.retrycache.expirytime = 600000ms (custom)
2022-10-10 08:38:33,977 [pool-323-thread-1] INFO  server.RaftServerConfigKeys (ConfUtils.java:logGet(46)) - raft.server.retrycache.statistics.expirytime = 100μs (default)
2022-10-10 08:38:33,979 [pool-323-thread-1] INFO  server.RaftServerConfigKeys (ConfUtils.java:logGet(46)) - raft.server.log.appender.install.snapshot.enabled = false (custom)
2022-10-10 08:38:33,979 [pool-323-thread-1] INFO  server.RaftServerConfigKeys (ConfUtils.java:logGet(46)) - raft.server.threadpool.server.cached = true (default)
2022-10-10 08:38:33,979 [pool-323-thread-1] INFO  server.RaftServerConfigKeys (ConfUtils.java:logGet(46)) - raft.server.threadpool.server.size = 0 (default)
2022-10-10 08:38:33,979 [pool-323-thread-1] INFO  server.RaftServerConfigKeys (ConfUtils.java:logGet(46)) - raft.server.threadpool.client.cached = true (default)
2022-10-10 08:38:33,979 [pool-323-thread-1] INFO  server.RaftServerConfigKeys (ConfUtils.java:logGet(46)) - raft.server.threadpool.client.size = 0 (default)
2022-10-10 08:38:33,979 [pool-323-thread-1] INFO  server.RaftServer$Division (RaftServerImpl.java:start(310)) - 606b3dcd-c583-45a5-a0cf-b179208ecf3f@group-38B366A9FD09: start as a follower, conf=-1: [22afd6e4-8e85-4fe8-a1ff-afcedf5143bf|rpc:10.1.0.114:38607|dataStream:|priority:0, 589fbfef-7b85-4b40-975b-46e767fe3451|rpc:10.1.0.114:37327|dataStream:|priority:1, 606b3dcd-c583-45a5-a0cf-b179208ecf3f|rpc:10.1.0.114:39749|dataStream:|priority:0], old=null
2022-10-10 08:38:33,979 [pool-323-thread-1] INFO  server.RaftServer$Division (RaftServerImpl.java:setRole(299)) - 606b3dcd-c583-45a5-a0cf-b179208ecf3f@group-38B366A9FD09: changes role from      null to FOLLOWER at term 0 for startAsFollower
2022-10-10 08:38:33,979 [pool-323-thread-1] INFO  impl.RoleInfo (RoleInfo.java:updateAndGet(139)) - 606b3dcd-c583-45a5-a0cf-b179208ecf3f: start 606b3dcd-c583-45a5-a0cf-b179208ecf3f@group-38B366A9FD09-FollowerState
2022-10-10 08:38:33,996 [pool-323-thread-1] INFO  util.JmxRegister (JmxRegister.java:tryRegister(44)) - Successfully registered JMX Bean with object name Ratis:service=RaftServer,group=group-38B366A9FD09,id=606b3dcd-c583-45a5-a0cf-b179208ecf3f
2022-10-10 08:38:34,032 [Command processor thread] INFO  commandhandler.CreatePipelineCommandHandler (CreatePipelineCommandHandler.java:handle(113)) - Created Pipeline RATIS THREE PipelineID=7f65876c-06f0-4e87-92b1-38b366a9fd09.
2022-10-10 08:38:34,033 [Command processor thread] INFO  server.RaftServer (RaftServerProxy.java:addNew(96)) - 589fbfef-7b85-4b40-975b-46e767fe3451: addNew group-248D4464D7E9:[22afd6e4-8e85-4fe8-a1ff-afcedf5143bf|rpc:10.1.0.114:38607|priority:0, 589fbfef-7b85-4b40-975b-46e767fe3451|rpc:10.1.0.114:37327|priority:0, 606b3dcd-c583-45a5-a0cf-b179208ecf3f|rpc:10.1.0.114:39749|priority:1] returns group-248D4464D7E9:java.util.concurrent.CompletableFuture@70396b84[Not completed]
2022-10-10 08:38:34,035 [pool-300-thread-1] INFO  server.RaftServer$Division (RaftServerImpl.java:<init>(190)) - 589fbfef-7b85-4b40-975b-46e767fe3451: new RaftServerImpl for group-248D4464D7E9:[22afd6e4-8e85-4fe8-a1ff-afcedf5143bf|rpc:10.1.0.114:38607|priority:0, 589fbfef-7b85-4b40-975b-46e767fe3451|rpc:10.1.0.114:37327|priority:0, 606b3dcd-c583-45a5-a0cf-b179208ecf3f|rpc:10.1.0.114:39749|priority:1] with ContainerStateMachine:uninitialized
2022-10-10 08:38:34,035 [pool-300-thread-1] INFO  server.RaftServerConfigKeys (ConfUtils.java:logGet(46)) - raft.server.rpc.timeout.min = 5s (custom)
2022-10-10 08:38:34,035 [pool-300-thread-1] INFO  server.RaftServerConfigKeys (ConfUtils.java:logGet(46)) - raft.server.rpc.timeout.max = 5200ms (custom)
2022-10-10 08:38:34,035 [pool-300-thread-1] INFO  server.RaftServerConfigKeys (ConfUtils.java:logGet(46)) - raft.server.rpc.sleep.time = 25ms (default)
2022-10-10 08:38:34,035 [pool-300-thread-1] INFO  server.RaftServerConfigKeys (ConfUtils.java:logGet(46)) - raft.server.rpc.slowness.timeout = 300s (custom)
2022-10-10 08:38:34,035 [pool-300-thread-1] INFO  server.RaftServerConfigKeys (ConfUtils.java:logGet(46)) - raft.server.leaderelection.leader.step-down.wait-time = 10s (default)
2022-10-10 08:38:34,035 [pool-300-thread-1] INFO  server.RaftServerConfigKeys (ConfUtils.java:logGet(46)) - raft.server.sleep.deviation.threshold = 300ms (default)
2022-10-10 08:38:34,035 [pool-300-thread-1] INFO  server.RaftServer$Division (ServerState.java:<init>(107)) - 589fbfef-7b85-4b40-975b-46e767fe3451@group-248D4464D7E9: ConfigurationManager, init=-1: [22afd6e4-8e85-4fe8-a1ff-afcedf5143bf|rpc:10.1.0.114:38607|priority:0, 589fbfef-7b85-4b40-975b-46e767fe3451|rpc:10.1.0.114:37327|priority:0, 606b3dcd-c583-45a5-a0cf-b179208ecf3f|rpc:10.1.0.114:39749|priority:1], old=null, confs=<EMPTY_MAP>
2022-10-10 08:38:34,035 [pool-300-thread-1] INFO  server.RaftServerConfigKeys (ConfUtils.java:logGet(46)) - raft.server.storage.dir = [/home/runner/work/ozone/ozone/hadoop-ozone/integration-test/target/test-dir/MiniOzoneClusterImpl-48dafe68-2a65-4a21-9ceb-731b54627123/datanode-0/data/ratis] (custom)
2022-10-10 08:38:34,036 [pool-300-thread-1] INFO  server.RaftServerConfigKeys (ConfUtils.java:logGet(46)) - raft.server.log.corruption.policy = EXCEPTION (default)
2022-10-10 08:38:34,036 [pool-300-thread-1] INFO  server.RaftServerConfigKeys (ConfUtils.java:logGet(46)) - raft.server.storage.free-space.min = 0MB (=0) (default)
2022-10-10 08:38:34,036 [pool-300-thread-1] INFO  storage.RaftStorageDirectory (RaftStorageDirectoryImpl.java:analyzeStorage(135)) - The storage directory /home/runner/work/ozone/ozone/hadoop-ozone/integration-test/target/test-dir/MiniOzoneClusterImpl-48dafe68-2a65-4a21-9ceb-731b54627123/datanode-0/data/ratis/6ca4c351-3f7a-4379-9057-248d4464d7e9 does not exist. Creating ...
2022-10-10 08:38:34,037 [pool-300-thread-1] INFO  storage.RaftStorageDirectory (RaftStorageDirectoryImpl.java:tryLock(230)) - Lock on /home/runner/work/ozone/ozone/hadoop-ozone/integration-test/target/test-dir/MiniOzoneClusterImpl-48dafe68-2a65-4a21-9ceb-731b54627123/datanode-0/data/ratis/6ca4c351-3f7a-4379-9057-248d4464d7e9/in_use.lock acquired by nodename 13217@fv-az292-843
2022-10-10 08:38:34,039 [pool-300-thread-1] INFO  storage.RaftStorage (RaftStorageImpl.java:format(89)) - Storage directory /home/runner/work/ozone/ozone/hadoop-ozone/integration-test/target/test-dir/MiniOzoneClusterImpl-48dafe68-2a65-4a21-9ceb-731b54627123/datanode-0/data/ratis/6ca4c351-3f7a-4379-9057-248d4464d7e9 has been successfully formatted.
2022-10-10 08:38:34,039 [pool-300-thread-1] INFO  ratis.ContainerStateMachine (ContainerStateMachine.java:loadSnapshot(236)) - group-248D4464D7E9: The snapshot info is null. Setting the last applied indexto:(t:0, i:~)
2022-10-10 08:38:34,039 [pool-300-thread-1] INFO  server.RaftServerConfigKeys (ConfUtils.java:logGet(46)) - raft.server.notification.no-leader.timeout = 300s (custom)
2022-10-10 08:38:34,039 [pool-300-thread-1] INFO  server.RaftServerConfigKeys (ConfUtils.java:logGet(46)) - raft.server.log.use.memory = false (default)
2022-10-10 08:38:34,039 [pool-300-thread-1] INFO  server.RaftServerConfigKeys (ConfUtils.java:logGet(46)) - raft.server.log.purge.gap = 1000000 (custom)
2022-10-10 08:38:34,040 [pool-300-thread-1] INFO  server.RaftServerConfigKeys (ConfUtils.java:logGet(46)) - raft.server.log.appender.buffer.byte-limit = 33554432 (custom)
2022-10-10 08:38:34,040 [pool-300-thread-1] INFO  server.RaftServerConfigKeys (ConfUtils.java:logGet(46)) - raft.server.log.statemachine.data.read.timeout = 1000ms (default)
2022-10-10 08:38:34,040 [EventQueue-OpenPipelineForHealthyPipelineSafeModeRule] INFO  safemode.SCMSafeModeManager (HealthyPipelineSafeModeRule.java:process(137)) - SCM in safe mode. Healthy pipelines reported count is 0, required healthy pipeline reported count is 1
2022-10-10 08:38:34,043 [pool-300-thread-1] INFO  server.RaftServerConfigKeys (ConfUtils.java:logGet(46)) - raft.server.log.segment.size.max = 1048576 (custom)
2022-10-10 08:38:34,044 [pool-300-thread-1] INFO  server.RaftServerConfigKeys (ConfUtils.java:logGet(46)) - raft.server.log.segment.cache.num.max = 2 (custom)
2022-10-10 08:38:34,044 [pool-300-thread-1] INFO  server.RaftServerConfigKeys (ConfUtils.java:logGet(46)) - raft.server.log.segment.cache.size.max = 200MB (=209715200) (default)
2022-10-10 08:38:34,044 [pool-300-thread-1] INFO  segmented.SegmentedRaftLogWorker (SegmentedRaftLogWorker.java:<init>(187)) - new 589fbfef-7b85-4b40-975b-46e767fe3451@group-248D4464D7E9-SegmentedRaftLogWorker for RaftStorageImpl:Storage Directory /home/runner/work/ozone/ozone/hadoop-ozone/integration-test/target/test-dir/MiniOzoneClusterImpl-48dafe68-2a65-4a21-9ceb-731b54627123/datanode-0/data/ratis/6ca4c351-3f7a-4379-9057-248d4464d7e9
2022-10-10 08:38:34,044 [pool-300-thread-1] INFO  server.RaftServerConfigKeys (ConfUtils.java:logGet(46)) - raft.server.log.queue.byte-limit = 4294967296 (custom)
2022-10-10 08:38:34,044 [pool-300-thread-1] INFO  server.RaftServerConfigKeys (ConfUtils.java:logGet(46)) - raft.server.log.queue.element-limit = 1024 (custom)
2022-10-10 08:38:34,044 [pool-300-thread-1] INFO  server.RaftServerConfigKeys (ConfUtils.java:logGet(46)) - raft.server.log.segment.size.max = 1048576 (custom)
2022-10-10 08:38:34,044 [pool-300-thread-1] INFO  server.RaftServerConfigKeys (ConfUtils.java:logGet(46)) - raft.server.log.preallocated.size = 16384 (custom)
2022-10-10 08:38:34,046 [pool-300-thread-1] INFO  server.RaftServerConfigKeys (ConfUtils.java:logGet(46)) - raft.server.log.force.sync.num = 128 (default)
2022-10-10 08:38:34,046 [pool-300-thread-1] INFO  server.RaftServerConfigKeys (ConfUtils.java:logGet(46)) - raft.server.log.statemachine.data.sync = true (default)
2022-10-10 08:38:34,046 [pool-300-thread-1] INFO  server.RaftServerConfigKeys (ConfUtils.java:logGet(46)) - raft.server.log.statemachine.data.sync.timeout = 10s (default)
2022-10-10 08:38:34,046 [pool-300-thread-1] INFO  server.RaftServerConfigKeys (ConfUtils.java:logGet(46)) - raft.server.log.statemachine.data.sync.timeout.retry = -1 (default)
2022-10-10 08:38:34,047 [pool-300-thread-1] INFO  server.RaftServerConfigKeys (ConfUtils.java:logGet(46)) - raft.server.log.write.buffer.size = 1048576 (custom)
2022-10-10 08:38:34,053 [pool-300-thread-1] INFO  server.RaftServerConfigKeys (ConfUtils.java:logGet(46)) - raft.server.log.unsafe-flush.enabled = false (default)
2022-10-10 08:38:34,053 [pool-300-thread-1] INFO  server.RaftServerConfigKeys (ConfUtils.java:logGet(46)) - raft.server.log.statemachine.data.caching.enabled = true (custom)
2022-10-10 08:38:34,053 [pool-300-thread-1] INFO  segmented.SegmentedRaftLogWorker (SegmentedRaftLogWorker.java:lambda$new$0(135)) - 589fbfef-7b85-4b40-975b-46e767fe3451@group-248D4464D7E9-SegmentedRaftLogWorker: flushIndex: setUnconditionally 0 -> -1
2022-10-10 08:38:34,053 [pool-300-thread-1] INFO  segmented.SegmentedRaftLogWorker (SegmentedRaftLogWorker.java:lambda$new$0(135)) - 589fbfef-7b85-4b40-975b-46e767fe3451@group-248D4464D7E9-SegmentedRaftLogWorker: safeCacheEvictIndex: setUnconditionally 0 -> -1
2022-10-10 08:38:34,057 [pool-300-thread-1] INFO  server.RaftServerConfigKeys (ConfUtils.java:logGet(46)) - raft.server.snapshot.auto.trigger.enabled = true (custom)
2022-10-10 08:38:34,057 [pool-300-thread-1] INFO  server.RaftServerConfigKeys (ConfUtils.java:logGet(46)) - raft.server.snapshot.auto.trigger.threshold = 10000 (custom)
2022-10-10 08:38:34,057 [pool-300-thread-1] INFO  server.RaftServerConfigKeys (ConfUtils.java:logGet(46)) - raft.server.snapshot.retention.file.num = 5 (custom)
2022-10-10 08:38:34,057 [pool-300-thread-1] INFO  server.RaftServerConfigKeys (ConfUtils.java:logGet(46)) - raft.server.log.purge.upto.snapshot.index = false (default)
2022-10-10 08:38:34,058 [pool-300-thread-1] INFO  server.RaftServerConfigKeys (ConfUtils.java:logGet(46)) - raft.server.retrycache.expirytime = 600000ms (custom)
2022-10-10 08:38:34,058 [pool-300-thread-1] INFO  server.RaftServerConfigKeys (ConfUtils.java:logGet(46)) - raft.server.retrycache.statistics.expirytime = 100μs (default)
2022-10-10 08:38:34,059 [pool-300-thread-1] INFO  server.RaftServerConfigKeys (ConfUtils.java:logGet(46)) - raft.server.log.appender.install.snapshot.enabled = false (custom)
2022-10-10 08:38:34,059 [pool-300-thread-1] INFO  server.RaftServerConfigKeys (ConfUtils.java:logGet(46)) - raft.server.threadpool.server.cached = true (default)
2022-10-10 08:38:34,059 [pool-300-thread-1] INFO  server.RaftServerConfigKeys (ConfUtils.java:logGet(46)) - raft.server.threadpool.server.size = 0 (default)
2022-10-10 08:38:34,059 [pool-300-thread-1] INFO  server.RaftServerConfigKeys (ConfUtils.java:logGet(46)) - raft.server.threadpool.client.cached = true (default)
2022-10-10 08:38:34,059 [pool-300-thread-1] INFO  server.RaftServerConfigKeys (ConfUtils.java:logGet(46)) - raft.server.threadpool.client.size = 0 (default)
2022-10-10 08:38:34,059 [pool-300-thread-1] INFO  server.RaftServer$Division (RaftServerImpl.java:start(310)) - 589fbfef-7b85-4b40-975b-46e767fe3451@group-248D4464D7E9: start as a follower, conf=-1: [22afd6e4-8e85-4fe8-a1ff-afcedf5143bf|rpc:10.1.0.114:38607|priority:0, 589fbfef-7b85-4b40-975b-46e767fe3451|rpc:10.1.0.114:37327|priority:0, 606b3dcd-c583-45a5-a0cf-b179208ecf3f|rpc:10.1.0.114:39749|priority:1], old=null
2022-10-10 08:38:34,060 [pool-300-thread-1] INFO  server.RaftServer$Division (RaftServerImpl.java:setRole(299)) - 589fbfef-7b85-4b40-975b-46e767fe3451@group-248D4464D7E9: changes role from      null to FOLLOWER at term 0 for startAsFollower
2022-10-10 08:38:34,060 [pool-300-thread-1] INFO  impl.RoleInfo (RoleInfo.java:updateAndGet(139)) - 589fbfef-7b85-4b40-975b-46e767fe3451: start 589fbfef-7b85-4b40-975b-46e767fe3451@group-248D4464D7E9-FollowerState
2022-10-10 08:38:34,061 [pool-300-thread-1] INFO  util.JmxRegister (JmxRegister.java:tryRegister(44)) - Successfully registered JMX Bean with object name Ratis:service=RaftServer,group=group-248D4464D7E9,id=589fbfef-7b85-4b40-975b-46e767fe3451
2022-10-10 08:38:34,062 [Command processor thread] INFO  ratis.XceiverServerRatis (XceiverServerRatis.java:addGroup(765)) - Created group PipelineID=6ca4c351-3f7a-4379-9057-248d4464d7e9
2022-10-10 08:38:34,102 [grpc-default-executor-0] INFO  server.RaftServer (RaftServerProxy.java:addNew(96)) - 22afd6e4-8e85-4fe8-a1ff-afcedf5143bf: addNew group-248D4464D7E9:[22afd6e4-8e85-4fe8-a1ff-afcedf5143bf|rpc:10.1.0.114:38607|dataStream:|priority:0, 589fbfef-7b85-4b40-975b-46e767fe3451|rpc:10.1.0.114:37327|dataStream:|priority:0, 606b3dcd-c583-45a5-a0cf-b179208ecf3f|rpc:10.1.0.114:39749|dataStream:|priority:1] returns group-248D4464D7E9:java.util.concurrent.CompletableFuture@672b02cd[Not completed]
2022-10-10 08:38:34,104 [pool-346-thread-1] INFO  server.RaftServer$Division (RaftServerImpl.java:<init>(190)) - 22afd6e4-8e85-4fe8-a1ff-afcedf5143bf: new RaftServerImpl for group-248D4464D7E9:[22afd6e4-8e85-4fe8-a1ff-afcedf5143bf|rpc:10.1.0.114:38607|dataStream:|priority:0, 589fbfef-7b85-4b40-975b-46e767fe3451|rpc:10.1.0.114:37327|dataStream:|priority:0, 606b3dcd-c583-45a5-a0cf-b179208ecf3f|rpc:10.1.0.114:39749|dataStream:|priority:1] with ContainerStateMachine:uninitialized
2022-10-10 08:38:34,104 [pool-346-thread-1] INFO  server.RaftServerConfigKeys (ConfUtils.java:logGet(46)) - raft.server.rpc.timeout.min = 5s (custom)
2022-10-10 08:38:34,104 [pool-346-thread-1] INFO  server.RaftServerConfigKeys (ConfUtils.java:logGet(46)) - raft.server.rpc.timeout.max = 5200ms (custom)
2022-10-10 08:38:34,104 [pool-346-thread-1] INFO  server.RaftServerConfigKeys (ConfUtils.java:logGet(46)) - raft.server.rpc.sleep.time = 25ms (default)
2022-10-10 08:38:34,104 [pool-346-thread-1] INFO  server.RaftServerConfigKeys (ConfUtils.java:logGet(46)) - raft.server.rpc.slowness.timeout = 300s (custom)
2022-10-10 08:38:34,104 [pool-346-thread-1] INFO  server.RaftServerConfigKeys (ConfUtils.java:logGet(46)) - raft.server.leaderelection.leader.step-down.wait-time = 10s (default)
2022-10-10 08:38:34,104 [pool-346-thread-1] INFO  server.RaftServerConfigKeys (ConfUtils.java:logGet(46)) - raft.server.sleep.deviation.threshold = 300ms (default)
2022-10-10 08:38:34,104 [pool-346-thread-1] INFO  server.RaftServer$Division (ServerState.java:<init>(107)) - 22afd6e4-8e85-4fe8-a1ff-afcedf5143bf@group-248D4464D7E9: ConfigurationManager, init=-1: [22afd6e4-8e85-4fe8-a1ff-afcedf5143bf|rpc:10.1.0.114:38607|dataStream:|priority:0, 589fbfef-7b85-4b40-975b-46e767fe3451|rpc:10.1.0.114:37327|dataStream:|priority:0, 606b3dcd-c583-45a5-a0cf-b179208ecf3f|rpc:10.1.0.114:39749|dataStream:|priority:1], old=null, confs=<EMPTY_MAP>
2022-10-10 08:38:34,104 [pool-346-thread-1] INFO  server.RaftServerConfigKeys (ConfUtils.java:logGet(46)) - raft.server.storage.dir = [/home/runner/work/ozone/ozone/hadoop-ozone/integration-test/target/test-dir/MiniOzoneClusterImpl-48dafe68-2a65-4a21-9ceb-731b54627123/datanode-2/data/ratis] (custom)
2022-10-10 08:38:34,104 [pool-346-thread-1] INFO  server.RaftServerConfigKeys (ConfUtils.java:logGet(46)) - raft.server.log.corruption.policy = EXCEPTION (default)
2022-10-10 08:38:34,104 [pool-346-thread-1] INFO  server.RaftServerConfigKeys (ConfUtils.java:logGet(46)) - raft.server.storage.free-space.min = 0MB (=0) (default)
2022-10-10 08:38:34,105 [pool-346-thread-1] INFO  storage.RaftStorageDirectory (RaftStorageDirectoryImpl.java:analyzeStorage(135)) - The storage directory /home/runner/work/ozone/ozone/hadoop-ozone/integration-test/target/test-dir/MiniOzoneClusterImpl-48dafe68-2a65-4a21-9ceb-731b54627123/datanode-2/data/ratis/6ca4c351-3f7a-4379-9057-248d4464d7e9 does not exist. Creating ...
2022-10-10 08:38:34,108 [pool-346-thread-1] INFO  storage.RaftStorageDirectory (RaftStorageDirectoryImpl.java:tryLock(230)) - Lock on /home/runner/work/ozone/ozone/hadoop-ozone/integration-test/target/test-dir/MiniOzoneClusterImpl-48dafe68-2a65-4a21-9ceb-731b54627123/datanode-2/data/ratis/6ca4c351-3f7a-4379-9057-248d4464d7e9/in_use.lock acquired by nodename 13217@fv-az292-843
2022-10-10 08:38:34,110 [pool-346-thread-1] INFO  storage.RaftStorage (RaftStorageImpl.java:format(89)) - Storage directory /home/runner/work/ozone/ozone/hadoop-ozone/integration-test/target/test-dir/MiniOzoneClusterImpl-48dafe68-2a65-4a21-9ceb-731b54627123/datanode-2/data/ratis/6ca4c351-3f7a-4379-9057-248d4464d7e9 has been successfully formatted.
2022-10-10 08:38:34,110 [pool-346-thread-1] INFO  ratis.ContainerStateMachine (ContainerStateMachine.java:loadSnapshot(236)) - group-248D4464D7E9: The snapshot info is null. Setting the last applied indexto:(t:0, i:~)
2022-10-10 08:38:34,111 [pool-346-thread-1] INFO  server.RaftServerConfigKeys (ConfUtils.java:logGet(46)) - raft.server.notification.no-leader.timeout = 300s (custom)
2022-10-10 08:38:34,111 [pool-346-thread-1] INFO  server.RaftServerConfigKeys (ConfUtils.java:logGet(46)) - raft.server.log.use.memory = false (default)
2022-10-10 08:38:34,111 [pool-346-thread-1] INFO  server.RaftServerConfigKeys (ConfUtils.java:logGet(46)) - raft.server.log.purge.gap = 1000000 (custom)
2022-10-10 08:38:34,111 [pool-346-thread-1] INFO  server.RaftServerConfigKeys (ConfUtils.java:logGet(46)) - raft.server.log.appender.buffer.byte-limit = 33554432 (custom)
2022-10-10 08:38:34,111 [pool-346-thread-1] INFO  server.RaftServerConfigKeys (ConfUtils.java:logGet(46)) - raft.server.log.statemachine.data.read.timeout = 1000ms (default)
2022-10-10 08:38:34,111 [pool-346-thread-1] INFO  server.RaftServerConfigKeys (ConfUtils.java:logGet(46)) - raft.server.log.segment.size.max = 1048576 (custom)
2022-10-10 08:38:34,112 [pool-346-thread-1] INFO  server.RaftServerConfigKeys (ConfUtils.java:logGet(46)) - raft.server.log.segment.cache.num.max = 2 (custom)
2022-10-10 08:38:34,112 [pool-346-thread-1] INFO  server.RaftServerConfigKeys (ConfUtils.java:logGet(46)) - raft.server.log.segment.cache.size.max = 200MB (=209715200) (default)
2022-10-10 08:38:34,112 [pool-346-thread-1] INFO  segmented.SegmentedRaftLogWorker (SegmentedRaftLogWorker.java:<init>(187)) - new 22afd6e4-8e85-4fe8-a1ff-afcedf5143bf@group-248D4464D7E9-SegmentedRaftLogWorker for RaftStorageImpl:Storage Directory /home/runner/work/ozone/ozone/hadoop-ozone/integration-test/target/test-dir/MiniOzoneClusterImpl-48dafe68-2a65-4a21-9ceb-731b54627123/datanode-2/data/ratis/6ca4c351-3f7a-4379-9057-248d4464d7e9
2022-10-10 08:38:34,112 [pool-346-thread-1] INFO  server.RaftServerConfigKeys (ConfUtils.java:logGet(46)) - raft.server.log.queue.byte-limit = 4294967296 (custom)
2022-10-10 08:38:34,112 [pool-346-thread-1] INFO  server.RaftServerConfigKeys (ConfUtils.java:logGet(46)) - raft.server.log.queue.element-limit = 1024 (custom)
2022-10-10 08:38:34,112 [pool-346-thread-1] INFO  server.RaftServerConfigKeys (ConfUtils.java:logGet(46)) - raft.server.log.segment.size.max = 1048576 (custom)
2022-10-10 08:38:34,112 [pool-346-thread-1] INFO  server.RaftServerConfigKeys (ConfUtils.java:logGet(46)) - raft.server.log.preallocated.size = 16384 (custom)
2022-10-10 08:38:34,112 [pool-346-thread-1] INFO  server.RaftServerConfigKeys (ConfUtils.java:logGet(46)) - raft.server.log.force.sync.num = 128 (default)
2022-10-10 08:38:34,112 [pool-346-thread-1] INFO  server.RaftServerConfigKeys (ConfUtils.java:logGet(46)) - raft.server.log.statemachine.data.sync = true (default)
2022-10-10 08:38:34,112 [pool-346-thread-1] INFO  server.RaftServerConfigKeys (ConfUtils.java:logGet(46)) - raft.server.log.statemachine.data.sync.timeout = 10s (default)
2022-10-10 08:38:34,112 [pool-346-thread-1] INFO  server.RaftServerConfigKeys (ConfUtils.java:logGet(46)) - raft.server.log.statemachine.data.sync.timeout.retry = -1 (default)
2022-10-10 08:38:34,114 [pool-346-thread-1] INFO  server.RaftServerConfigKeys (ConfUtils.java:logGet(46)) - raft.server.log.write.buffer.size = 1048576 (custom)
2022-10-10 08:38:34,114 [pool-346-thread-1] INFO  server.RaftServerConfigKeys (ConfUtils.java:logGet(46)) - raft.server.log.unsafe-flush.enabled = false (default)
2022-10-10 08:38:34,114 [pool-346-thread-1] INFO  server.RaftServerConfigKeys (ConfUtils.java:logGet(46)) - raft.server.log.statemachine.data.caching.enabled = true (custom)
2022-10-10 08:38:34,114 [pool-346-thread-1] INFO  segmented.SegmentedRaftLogWorker (SegmentedRaftLogWorker.java:lambda$new$0(135)) - 22afd6e4-8e85-4fe8-a1ff-afcedf5143bf@group-248D4464D7E9-SegmentedRaftLogWorker: flushIndex: setUnconditionally 0 -> -1
2022-10-10 08:38:34,114 [pool-346-thread-1] INFO  segmented.SegmentedRaftLogWorker (SegmentedRaftLogWorker.java:lambda$new$0(135)) - 22afd6e4-8e85-4fe8-a1ff-afcedf5143bf@group-248D4464D7E9-SegmentedRaftLogWorker: safeCacheEvictIndex: setUnconditionally 0 -> -1
2022-10-10 08:38:34,124 [pool-346-thread-1] INFO  server.RaftServerConfigKeys (ConfUtils.java:logGet(46)) - raft.server.snapshot.auto.trigger.enabled = true (custom)
2022-10-10 08:38:34,124 [pool-346-thread-1] INFO  server.RaftServerConfigKeys (ConfUtils.java:logGet(46)) - raft.server.snapshot.auto.trigger.threshold = 10000 (custom)
2022-10-10 08:38:34,124 [pool-346-thread-1] INFO  server.RaftServerConfigKeys (ConfUtils.java:logGet(46)) - raft.server.snapshot.retention.file.num = 5 (custom)
2022-10-10 08:38:34,124 [pool-346-thread-1] INFO  server.RaftServerConfigKeys (ConfUtils.java:logGet(46)) - raft.server.log.purge.upto.snapshot.index = false (default)
2022-10-10 08:38:34,124 [pool-346-thread-1] INFO  server.RaftServerConfigKeys (ConfUtils.java:logGet(46)) - raft.server.retrycache.expirytime = 600000ms (custom)
2022-10-10 08:38:34,124 [pool-346-thread-1] INFO  server.RaftServerConfigKeys (ConfUtils.java:logGet(46)) - raft.server.retrycache.statistics.expirytime = 100μs (default)
2022-10-10 08:38:34,126 [pool-346-thread-1] INFO  server.RaftServerConfigKeys (ConfUtils.java:logGet(46)) - raft.server.log.appender.install.snapshot.enabled = false (custom)
2022-10-10 08:38:34,126 [pool-346-thread-1] INFO  server.RaftServerConfigKeys (ConfUtils.java:logGet(46)) - raft.server.threadpool.server.cached = true (default)
2022-10-10 08:38:34,126 [pool-346-thread-1] INFO  server.RaftServerConfigKeys (ConfUtils.java:logGet(46)) - raft.server.threadpool.server.size = 0 (default)
2022-10-10 08:38:34,126 [pool-346-thread-1] INFO  server.RaftServerConfigKeys (ConfUtils.java:logGet(46)) - raft.server.threadpool.client.cached = true (default)
2022-10-10 08:38:34,126 [pool-346-thread-1] INFO  server.RaftServerConfigKeys (ConfUtils.java:logGet(46)) - raft.server.threadpool.client.size = 0 (default)
2022-10-10 08:38:34,126 [pool-346-thread-1] INFO  server.RaftServer$Division (RaftServerImpl.java:start(310)) - 22afd6e4-8e85-4fe8-a1ff-afcedf5143bf@group-248D4464D7E9: start as a follower, conf=-1: [22afd6e4-8e85-4fe8-a1ff-afcedf5143bf|rpc:10.1.0.114:38607|dataStream:|priority:0, 589fbfef-7b85-4b40-975b-46e767fe3451|rpc:10.1.0.114:37327|dataStream:|priority:0, 606b3dcd-c583-45a5-a0cf-b179208ecf3f|rpc:10.1.0.114:39749|dataStream:|priority:1], old=null
2022-10-10 08:38:34,126 [pool-346-thread-1] INFO  server.RaftServer$Division (RaftServerImpl.java:setRole(299)) - 22afd6e4-8e85-4fe8-a1ff-afcedf5143bf@group-248D4464D7E9: changes role from      null to FOLLOWER at term 0 for startAsFollower
2022-10-10 08:38:34,126 [pool-346-thread-1] INFO  impl.RoleInfo (RoleInfo.java:updateAndGet(139)) - 22afd6e4-8e85-4fe8-a1ff-afcedf5143bf: start 22afd6e4-8e85-4fe8-a1ff-afcedf5143bf@group-248D4464D7E9-FollowerState
2022-10-10 08:38:34,136 [pool-346-thread-1] INFO  util.JmxRegister (JmxRegister.java:tryRegister(44)) - Successfully registered JMX Bean with object name Ratis:service=RaftServer,group=group-248D4464D7E9,id=22afd6e4-8e85-4fe8-a1ff-afcedf5143bf
2022-10-10 08:38:34,198 [grpc-default-executor-0] INFO  server.RaftServer (RaftServerProxy.java:addNew(96)) - 606b3dcd-c583-45a5-a0cf-b179208ecf3f: addNew group-248D4464D7E9:[22afd6e4-8e85-4fe8-a1ff-afcedf5143bf|rpc:10.1.0.114:38607|dataStream:|priority:0, 589fbfef-7b85-4b40-975b-46e767fe3451|rpc:10.1.0.114:37327|dataStream:|priority:0, 606b3dcd-c583-45a5-a0cf-b179208ecf3f|rpc:10.1.0.114:39749|dataStream:|priority:1] returns group-248D4464D7E9:java.util.concurrent.CompletableFuture@56967f97[Not completed]
2022-10-10 08:38:34,199 [pool-323-thread-1] INFO  server.RaftServer$Division (RaftServerImpl.java:<init>(190)) - 606b3dcd-c583-45a5-a0cf-b179208ecf3f: new RaftServerImpl for group-248D4464D7E9:[22afd6e4-8e85-4fe8-a1ff-afcedf5143bf|rpc:10.1.0.114:38607|dataStream:|priority:0, 589fbfef-7b85-4b40-975b-46e767fe3451|rpc:10.1.0.114:37327|dataStream:|priority:0, 606b3dcd-c583-45a5-a0cf-b179208ecf3f|rpc:10.1.0.114:39749|dataStream:|priority:1] with ContainerStateMachine:uninitialized
2022-10-10 08:38:34,199 [pool-323-thread-1] INFO  server.RaftServerConfigKeys (ConfUtils.java:logGet(46)) - raft.server.rpc.timeout.min = 5s (custom)
2022-10-10 08:38:34,199 [pool-323-thread-1] INFO  server.RaftServerConfigKeys (ConfUtils.java:logGet(46)) - raft.server.rpc.timeout.max = 5200ms (custom)
2022-10-10 08:38:34,199 [pool-323-thread-1] INFO  server.RaftServerConfigKeys (ConfUtils.java:logGet(46)) - raft.server.rpc.sleep.time = 25ms (default)
2022-10-10 08:38:34,199 [pool-323-thread-1] INFO  server.RaftServerConfigKeys (ConfUtils.java:logGet(46)) - raft.server.rpc.slowness.timeout = 300s (custom)
2022-10-10 08:38:34,199 [pool-323-thread-1] INFO  server.RaftServerConfigKeys (ConfUtils.java:logGet(46)) - raft.server.leaderelection.leader.step-down.wait-time = 10s (default)
2022-10-10 08:38:34,199 [pool-323-thread-1] INFO  server.RaftServerConfigKeys (ConfUtils.java:logGet(46)) - raft.server.sleep.deviation.threshold = 300ms (default)
2022-10-10 08:38:34,199 [pool-323-thread-1] INFO  server.RaftServer$Division (ServerState.java:<init>(107)) - 606b3dcd-c583-45a5-a0cf-b179208ecf3f@group-248D4464D7E9: ConfigurationManager, init=-1: [22afd6e4-8e85-4fe8-a1ff-afcedf5143bf|rpc:10.1.0.114:38607|dataStream:|priority:0, 589fbfef-7b85-4b40-975b-46e767fe3451|rpc:10.1.0.114:37327|dataStream:|priority:0, 606b3dcd-c583-45a5-a0cf-b179208ecf3f|rpc:10.1.0.114:39749|dataStream:|priority:1], old=null, confs=<EMPTY_MAP>
2022-10-10 08:38:34,199 [pool-323-thread-1] INFO  server.RaftServerConfigKeys (ConfUtils.java:logGet(46)) - raft.server.storage.dir = [/home/runner/work/ozone/ozone/hadoop-ozone/integration-test/target/test-dir/MiniOzoneClusterImpl-48dafe68-2a65-4a21-9ceb-731b54627123/datanode-1/data/ratis] (custom)
2022-10-10 08:38:34,199 [pool-323-thread-1] INFO  server.RaftServerConfigKeys (ConfUtils.java:logGet(46)) - raft.server.log.corruption.policy = EXCEPTION (default)
2022-10-10 08:38:34,200 [pool-323-thread-1] INFO  server.RaftServerConfigKeys (ConfUtils.java:logGet(46)) - raft.server.storage.free-space.min = 0MB (=0) (default)
2022-10-10 08:38:34,200 [pool-323-thread-1] INFO  storage.RaftStorageDirectory (RaftStorageDirectoryImpl.java:analyzeStorage(135)) - The storage directory /home/runner/work/ozone/ozone/hadoop-ozone/integration-test/target/test-dir/MiniOzoneClusterImpl-48dafe68-2a65-4a21-9ceb-731b54627123/datanode-1/data/ratis/6ca4c351-3f7a-4379-9057-248d4464d7e9 does not exist. Creating ...
2022-10-10 08:38:34,201 [pool-323-thread-1] INFO  storage.RaftStorageDirectory (RaftStorageDirectoryImpl.java:tryLock(230)) - Lock on /home/runner/work/ozone/ozone/hadoop-ozone/integration-test/target/test-dir/MiniOzoneClusterImpl-48dafe68-2a65-4a21-9ceb-731b54627123/datanode-1/data/ratis/6ca4c351-3f7a-4379-9057-248d4464d7e9/in_use.lock acquired by nodename 13217@fv-az292-843
2022-10-10 08:38:34,203 [pool-323-thread-1] INFO  storage.RaftStorage (RaftStorageImpl.java:format(89)) - Storage directory /home/runner/work/ozone/ozone/hadoop-ozone/integration-test/target/test-dir/MiniOzoneClusterImpl-48dafe68-2a65-4a21-9ceb-731b54627123/datanode-1/data/ratis/6ca4c351-3f7a-4379-9057-248d4464d7e9 has been successfully formatted.
2022-10-10 08:38:34,203 [pool-323-thread-1] INFO  ratis.ContainerStateMachine (ContainerStateMachine.java:loadSnapshot(236)) - group-248D4464D7E9: The snapshot info is null. Setting the last applied indexto:(t:0, i:~)
2022-10-10 08:38:34,203 [pool-323-thread-1] INFO  server.RaftServerConfigKeys (ConfUtils.java:logGet(46)) - raft.server.notification.no-leader.timeout = 300s (custom)
2022-10-10 08:38:34,204 [pool-323-thread-1] INFO  server.RaftServerConfigKeys (ConfUtils.java:logGet(46)) - raft.server.log.use.memory = false (default)
2022-10-10 08:38:34,204 [pool-323-thread-1] INFO  server.RaftServerConfigKeys (ConfUtils.java:logGet(46)) - raft.server.log.purge.gap = 1000000 (custom)
2022-10-10 08:38:34,204 [pool-323-thread-1] INFO  server.RaftServerConfigKeys (ConfUtils.java:logGet(46)) - raft.server.log.appender.buffer.byte-limit = 33554432 (custom)
2022-10-10 08:38:34,204 [pool-323-thread-1] INFO  server.RaftServerConfigKeys (ConfUtils.java:logGet(46)) - raft.server.log.statemachine.data.read.timeout = 1000ms (default)
2022-10-10 08:38:34,204 [pool-323-thread-1] INFO  server.RaftServerConfigKeys (ConfUtils.java:logGet(46)) - raft.server.log.segment.size.max = 1048576 (custom)
2022-10-10 08:38:34,205 [pool-323-thread-1] INFO  server.RaftServerConfigKeys (ConfUtils.java:logGet(46)) - raft.server.log.segment.cache.num.max = 2 (custom)
2022-10-10 08:38:34,205 [pool-323-thread-1] INFO  server.RaftServerConfigKeys (ConfUtils.java:logGet(46)) - raft.server.log.segment.cache.size.max = 200MB (=209715200) (default)
2022-10-10 08:38:34,205 [pool-323-thread-1] INFO  segmented.SegmentedRaftLogWorker (SegmentedRaftLogWorker.java:<init>(187)) - new 606b3dcd-c583-45a5-a0cf-b179208ecf3f@group-248D4464D7E9-SegmentedRaftLogWorker for RaftStorageImpl:Storage Directory /home/runner/work/ozone/ozone/hadoop-ozone/integration-test/target/test-dir/MiniOzoneClusterImpl-48dafe68-2a65-4a21-9ceb-731b54627123/datanode-1/data/ratis/6ca4c351-3f7a-4379-9057-248d4464d7e9
2022-10-10 08:38:34,205 [pool-323-thread-1] INFO  server.RaftServerConfigKeys (ConfUtils.java:logGet(46)) - raft.server.log.queue.byte-limit = 4294967296 (custom)
2022-10-10 08:38:34,205 [pool-323-thread-1] INFO  server.RaftServerConfigKeys (ConfUtils.java:logGet(46)) - raft.server.log.queue.element-limit = 1024 (custom)
2022-10-10 08:38:34,205 [pool-323-thread-1] INFO  server.RaftServerConfigKeys (ConfUtils.java:logGet(46)) - raft.server.log.segment.size.max = 1048576 (custom)
2022-10-10 08:38:34,205 [pool-323-thread-1] INFO  server.RaftServerConfigKeys (ConfUtils.java:logGet(46)) - raft.server.log.preallocated.size = 16384 (custom)
2022-10-10 08:38:34,205 [pool-323-thread-1] INFO  server.RaftServerConfigKeys (ConfUtils.java:logGet(46)) - raft.server.log.force.sync.num = 128 (default)
2022-10-10 08:38:34,205 [pool-323-thread-1] INFO  server.RaftServerConfigKeys (ConfUtils.java:logGet(46)) - raft.server.log.statemachine.data.sync = true (default)
2022-10-10 08:38:34,205 [pool-323-thread-1] INFO  server.RaftServerConfigKeys (ConfUtils.java:logGet(46)) - raft.server.log.statemachine.data.sync.timeout = 10s (default)
2022-10-10 08:38:34,205 [pool-323-thread-1] INFO  server.RaftServerConfigKeys (ConfUtils.java:logGet(46)) - raft.server.log.statemachine.data.sync.timeout.retry = -1 (default)
2022-10-10 08:38:34,207 [pool-323-thread-1] INFO  server.RaftServerConfigKeys (ConfUtils.java:logGet(46)) - raft.server.log.write.buffer.size = 1048576 (custom)
2022-10-10 08:38:34,207 [pool-323-thread-1] INFO  server.RaftServerConfigKeys (ConfUtils.java:logGet(46)) - raft.server.log.unsafe-flush.enabled = false (default)
2022-10-10 08:38:34,207 [pool-323-thread-1] INFO  server.RaftServerConfigKeys (ConfUtils.java:logGet(46)) - raft.server.log.statemachine.data.caching.enabled = true (custom)
2022-10-10 08:38:34,207 [pool-323-thread-1] INFO  segmented.SegmentedRaftLogWorker (SegmentedRaftLogWorker.java:lambda$new$0(135)) - 606b3dcd-c583-45a5-a0cf-b179208ecf3f@group-248D4464D7E9-SegmentedRaftLogWorker: flushIndex: setUnconditionally 0 -> -1
2022-10-10 08:38:34,222 [pool-323-thread-1] INFO  segmented.SegmentedRaftLogWorker (SegmentedRaftLogWorker.java:lambda$new$0(135)) - 606b3dcd-c583-45a5-a0cf-b179208ecf3f@group-248D4464D7E9-SegmentedRaftLogWorker: safeCacheEvictIndex: setUnconditionally 0 -> -1
2022-10-10 08:38:34,227 [pool-323-thread-1] INFO  server.RaftServerConfigKeys (ConfUtils.java:logGet(46)) - raft.server.snapshot.auto.trigger.enabled = true (custom)
2022-10-10 08:38:34,227 [pool-323-thread-1] INFO  server.RaftServerConfigKeys (ConfUtils.java:logGet(46)) - raft.server.snapshot.auto.trigger.threshold = 10000 (custom)
2022-10-10 08:38:34,227 [pool-323-thread-1] INFO  server.RaftServerConfigKeys (ConfUtils.java:logGet(46)) - raft.server.snapshot.retention.file.num = 5 (custom)
2022-10-10 08:38:34,227 [pool-323-thread-1] INFO  server.RaftServerConfigKeys (ConfUtils.java:logGet(46)) - raft.server.log.purge.upto.snapshot.index = false (default)
2022-10-10 08:38:34,227 [pool-323-thread-1] INFO  server.RaftServerConfigKeys (ConfUtils.java:logGet(46)) - raft.server.retrycache.expirytime = 600000ms (custom)
2022-10-10 08:38:34,227 [pool-323-thread-1] INFO  server.RaftServerConfigKeys (ConfUtils.java:logGet(46)) - raft.server.retrycache.statistics.expirytime = 100μs (default)
2022-10-10 08:38:34,229 [pool-323-thread-1] INFO  server.RaftServerConfigKeys (ConfUtils.java:logGet(46)) - raft.server.log.appender.install.snapshot.enabled = false (custom)
2022-10-10 08:38:34,229 [pool-323-thread-1] INFO  server.RaftServerConfigKeys (ConfUtils.java:logGet(46)) - raft.server.threadpool.server.cached = true (default)
2022-10-10 08:38:34,229 [pool-323-thread-1] INFO  server.RaftServerConfigKeys (ConfUtils.java:logGet(46)) - raft.server.threadpool.server.size = 0 (default)
2022-10-10 08:38:34,229 [pool-323-thread-1] INFO  server.RaftServerConfigKeys (ConfUtils.java:logGet(46)) - raft.server.threadpool.client.cached = true (default)
2022-10-10 08:38:34,229 [pool-323-thread-1] INFO  server.RaftServerConfigKeys (ConfUtils.java:logGet(46)) - raft.server.threadpool.client.size = 0 (default)
2022-10-10 08:38:34,229 [pool-323-thread-1] INFO  server.RaftServer$Division (RaftServerImpl.java:start(310)) - 606b3dcd-c583-45a5-a0cf-b179208ecf3f@group-248D4464D7E9: start as a follower, conf=-1: [22afd6e4-8e85-4fe8-a1ff-afcedf5143bf|rpc:10.1.0.114:38607|dataStream:|priority:0, 589fbfef-7b85-4b40-975b-46e767fe3451|rpc:10.1.0.114:37327|dataStream:|priority:0, 606b3dcd-c583-45a5-a0cf-b179208ecf3f|rpc:10.1.0.114:39749|dataStream:|priority:1], old=null
2022-10-10 08:38:34,229 [pool-323-thread-1] INFO  server.RaftServer$Division (RaftServerImpl.java:setRole(299)) - 606b3dcd-c583-45a5-a0cf-b179208ecf3f@group-248D4464D7E9: changes role from      null to FOLLOWER at term 0 for startAsFollower
2022-10-10 08:38:34,229 [pool-323-thread-1] INFO  impl.RoleInfo (RoleInfo.java:updateAndGet(139)) - 606b3dcd-c583-45a5-a0cf-b179208ecf3f: start 606b3dcd-c583-45a5-a0cf-b179208ecf3f@group-248D4464D7E9-FollowerState
2022-10-10 08:38:34,238 [pool-323-thread-1] INFO  util.JmxRegister (JmxRegister.java:tryRegister(44)) - Successfully registered JMX Bean with object name Ratis:service=RaftServer,group=group-248D4464D7E9,id=606b3dcd-c583-45a5-a0cf-b179208ecf3f
2022-10-10 08:38:34,269 [Command processor thread] INFO  commandhandler.CreatePipelineCommandHandler (CreatePipelineCommandHandler.java:handle(113)) - Created Pipeline RATIS THREE PipelineID=6ca4c351-3f7a-4379-9057-248d4464d7e9.
2022-10-10 08:38:34,292 [Command processor thread] INFO  server.RaftServer (RaftServerProxy.java:addNew(96)) - 606b3dcd-c583-45a5-a0cf-b179208ecf3f: addNew group-112013CA6F95:[606b3dcd-c583-45a5-a0cf-b179208ecf3f|rpc:10.1.0.114:39749|priority:1] returns group-112013CA6F95:java.util.concurrent.CompletableFuture@6922c745[Not completed]
2022-10-10 08:38:34,293 [pool-323-thread-1] INFO  server.RaftServer$Division (RaftServerImpl.java:<init>(190)) - 606b3dcd-c583-45a5-a0cf-b179208ecf3f: new RaftServerImpl for group-112013CA6F95:[606b3dcd-c583-45a5-a0cf-b179208ecf3f|rpc:10.1.0.114:39749|priority:1] with ContainerStateMachine:uninitialized
2022-10-10 08:38:34,293 [pool-323-thread-1] INFO  server.RaftServerConfigKeys (ConfUtils.java:logGet(46)) - raft.server.rpc.timeout.min = 5s (custom)
2022-10-10 08:38:34,293 [pool-323-thread-1] INFO  server.RaftServerConfigKeys (ConfUtils.java:logGet(46)) - raft.server.rpc.timeout.max = 5200ms (custom)
2022-10-10 08:38:34,293 [pool-323-thread-1] INFO  server.RaftServerConfigKeys (ConfUtils.java:logGet(46)) - raft.server.rpc.sleep.time = 25ms (default)
2022-10-10 08:38:34,293 [pool-323-thread-1] INFO  server.RaftServerConfigKeys (ConfUtils.java:logGet(46)) - raft.server.rpc.slowness.timeout = 300s (custom)
2022-10-10 08:38:34,293 [pool-323-thread-1] INFO  server.RaftServerConfigKeys (ConfUtils.java:logGet(46)) - raft.server.leaderelection.leader.step-down.wait-time = 10s (default)
2022-10-10 08:38:34,293 [pool-323-thread-1] INFO  server.RaftServerConfigKeys (ConfUtils.java:logGet(46)) - raft.server.sleep.deviation.threshold = 300ms (default)
2022-10-10 08:38:34,293 [pool-323-thread-1] INFO  server.RaftServer$Division (ServerState.java:<init>(107)) - 606b3dcd-c583-45a5-a0cf-b179208ecf3f@group-112013CA6F95: ConfigurationManager, init=-1: [606b3dcd-c583-45a5-a0cf-b179208ecf3f|rpc:10.1.0.114:39749|priority:1], old=null, confs=<EMPTY_MAP>
2022-10-10 08:38:34,293 [pool-323-thread-1] INFO  server.RaftServerConfigKeys (ConfUtils.java:logGet(46)) - raft.server.storage.dir = [/home/runner/work/ozone/ozone/hadoop-ozone/integration-test/target/test-dir/MiniOzoneClusterImpl-48dafe68-2a65-4a21-9ceb-731b54627123/datanode-1/data/ratis] (custom)
2022-10-10 08:38:34,294 [pool-323-thread-1] INFO  server.RaftServerConfigKeys (ConfUtils.java:logGet(46)) - raft.server.log.corruption.policy = EXCEPTION (default)
2022-10-10 08:38:34,294 [pool-323-thread-1] INFO  server.RaftServerConfigKeys (ConfUtils.java:logGet(46)) - raft.server.storage.free-space.min = 0MB (=0) (default)
2022-10-10 08:38:34,294 [pool-323-thread-1] INFO  storage.RaftStorageDirectory (RaftStorageDirectoryImpl.java:analyzeStorage(135)) - The storage directory /home/runner/work/ozone/ozone/hadoop-ozone/integration-test/target/test-dir/MiniOzoneClusterImpl-48dafe68-2a65-4a21-9ceb-731b54627123/datanode-1/data/ratis/dd6884c9-4a05-4702-9bd9-112013ca6f95 does not exist. Creating ...
2022-10-10 08:38:34,295 [pool-323-thread-1] INFO  storage.RaftStorageDirectory (RaftStorageDirectoryImpl.java:tryLock(230)) - Lock on /home/runner/work/ozone/ozone/hadoop-ozone/integration-test/target/test-dir/MiniOzoneClusterImpl-48dafe68-2a65-4a21-9ceb-731b54627123/datanode-1/data/ratis/dd6884c9-4a05-4702-9bd9-112013ca6f95/in_use.lock acquired by nodename 13217@fv-az292-843
2022-10-10 08:38:34,297 [pool-323-thread-1] INFO  storage.RaftStorage (RaftStorageImpl.java:format(89)) - Storage directory /home/runner/work/ozone/ozone/hadoop-ozone/integration-test/target/test-dir/MiniOzoneClusterImpl-48dafe68-2a65-4a21-9ceb-731b54627123/datanode-1/data/ratis/dd6884c9-4a05-4702-9bd9-112013ca6f95 has been successfully formatted.
2022-10-10 08:38:34,297 [pool-323-thread-1] INFO  ratis.ContainerStateMachine (ContainerStateMachine.java:loadSnapshot(236)) - group-112013CA6F95: The snapshot info is null. Setting the last applied indexto:(t:0, i:~)
2022-10-10 08:38:34,298 [pool-323-thread-1] INFO  server.RaftServerConfigKeys (ConfUtils.java:logGet(46)) - raft.server.notification.no-leader.timeout = 300s (custom)
2022-10-10 08:38:34,298 [pool-323-thread-1] INFO  server.RaftServerConfigKeys (ConfUtils.java:logGet(46)) - raft.server.log.use.memory = false (default)
2022-10-10 08:38:34,298 [pool-323-thread-1] INFO  server.RaftServerConfigKeys (ConfUtils.java:logGet(46)) - raft.server.log.purge.gap = 1000000 (custom)
2022-10-10 08:38:34,298 [pool-323-thread-1] INFO  server.RaftServerConfigKeys (ConfUtils.java:logGet(46)) - raft.server.log.appender.buffer.byte-limit = 33554432 (custom)
2022-10-10 08:38:34,298 [pool-323-thread-1] INFO  server.RaftServerConfigKeys (ConfUtils.java:logGet(46)) - raft.server.log.statemachine.data.read.timeout = 1000ms (default)
2022-10-10 08:38:34,299 [EventQueue-PipelineReportForPipelineReportHandler] INFO  pipeline.PipelineManagerImpl (PipelineManagerImpl.java:openPipeline(367)) - Pipeline Pipeline[ Id: dd6884c9-4a05-4702-9bd9-112013ca6f95, Nodes: 606b3dcd-c583-45a5-a0cf-b179208ecf3f{ip: 10.1.0.114, host: fv-az292-843.tqgtyn10aqxuxoi0mkfbldi5vh.jx.internal.cloudapp.net, ports: [REPLICATION=40645, RATIS=39749, RATIS_ADMIN=39749, RATIS_SERVER=39749, STANDALONE=35307], networkLocation: /default-rack, certSerialId: null, persistedOpState: IN_SERVICE, persistedOpStateExpiryEpochSec: 0}, ReplicationConfig: RATIS/ONE, State:ALLOCATED, leaderId:606b3dcd-c583-45a5-a0cf-b179208ecf3f, CreationTimestamp2022-10-10T08:38:31.309Z[Etc/UTC]] moved to OPEN state
2022-10-10 08:38:34,304 [EventQueue-OpenPipelineForHealthyPipelineSafeModeRule] INFO  safemode.SCMSafeModeManager (HealthyPipelineSafeModeRule.java:process(137)) - SCM in safe mode. Healthy pipelines reported count is 0, required healthy pipeline reported count is 1
2022-10-10 08:38:34,304 [pool-323-thread-1] INFO  server.RaftServerConfigKeys (ConfUtils.java:logGet(46)) - raft.server.log.segment.size.max = 1048576 (custom)
2022-10-10 08:38:34,307 [pool-323-thread-1] INFO  server.RaftServerConfigKeys (ConfUtils.java:logGet(46)) - raft.server.log.segment.cache.num.max = 2 (custom)
2022-10-10 08:38:34,307 [pool-323-thread-1] INFO  server.RaftServerConfigKeys (ConfUtils.java:logGet(46)) - raft.server.log.segment.cache.size.max = 200MB (=209715200) (default)
2022-10-10 08:38:34,307 [pool-323-thread-1] INFO  segmented.SegmentedRaftLogWorker (SegmentedRaftLogWorker.java:<init>(187)) - new 606b3dcd-c583-45a5-a0cf-b179208ecf3f@group-112013CA6F95-SegmentedRaftLogWorker for RaftStorageImpl:Storage Directory /home/runner/work/ozone/ozone/hadoop-ozone/integration-test/target/test-dir/MiniOzoneClusterImpl-48dafe68-2a65-4a21-9ceb-731b54627123/datanode-1/data/ratis/dd6884c9-4a05-4702-9bd9-112013ca6f95
2022-10-10 08:38:34,308 [pool-323-thread-1] INFO  server.RaftServerConfigKeys (ConfUtils.java:logGet(46)) - raft.server.log.queue.byte-limit = 4294967296 (custom)
2022-10-10 08:38:34,308 [pool-323-thread-1] INFO  server.RaftServerConfigKeys (ConfUtils.java:logGet(46)) - raft.server.log.queue.element-limit = 1024 (custom)
2022-10-10 08:38:34,308 [pool-323-thread-1] INFO  server.RaftServerConfigKeys (ConfUtils.java:logGet(46)) - raft.server.log.segment.size.max = 1048576 (custom)
2022-10-10 08:38:34,308 [pool-323-thread-1] INFO  server.RaftServerConfigKeys (ConfUtils.java:logGet(46)) - raft.server.log.preallocated.size = 16384 (custom)
2022-10-10 08:38:34,308 [pool-323-thread-1] INFO  server.RaftServerConfigKeys (ConfUtils.java:logGet(46)) - raft.server.log.force.sync.num = 128 (default)
2022-10-10 08:38:34,308 [pool-323-thread-1] INFO  server.RaftServerConfigKeys (ConfUtils.java:logGet(46)) - raft.server.log.statemachine.data.sync = true (default)
2022-10-10 08:38:34,308 [pool-323-thread-1] INFO  server.RaftServerConfigKeys (ConfUtils.java:logGet(46)) - raft.server.log.statemachine.data.sync.timeout = 10s (default)
2022-10-10 08:38:34,308 [pool-323-thread-1] INFO  server.RaftServerConfigKeys (ConfUtils.java:logGet(46)) - raft.server.log.statemachine.data.sync.timeout.retry = -1 (default)
2022-10-10 08:38:34,309 [pool-323-thread-1] INFO  server.RaftServerConfigKeys (ConfUtils.java:logGet(46)) - raft.server.log.write.buffer.size = 1048576 (custom)
2022-10-10 08:38:34,310 [pool-323-thread-1] INFO  server.RaftServerConfigKeys (ConfUtils.java:logGet(46)) - raft.server.log.unsafe-flush.enabled = false (default)
2022-10-10 08:38:34,310 [pool-323-thread-1] INFO  server.RaftServerConfigKeys (ConfUtils.java:logGet(46)) - raft.server.log.statemachine.data.caching.enabled = true (custom)
2022-10-10 08:38:34,310 [pool-323-thread-1] INFO  segmented.SegmentedRaftLogWorker (SegmentedRaftLogWorker.java:lambda$new$0(135)) - 606b3dcd-c583-45a5-a0cf-b179208ecf3f@group-112013CA6F95-SegmentedRaftLogWorker: flushIndex: setUnconditionally 0 -> -1
2022-10-10 08:38:34,310 [pool-323-thread-1] INFO  segmented.SegmentedRaftLogWorker (SegmentedRaftLogWorker.java:lambda$new$0(135)) - 606b3dcd-c583-45a5-a0cf-b179208ecf3f@group-112013CA6F95-SegmentedRaftLogWorker: safeCacheEvictIndex: setUnconditionally 0 -> -1
2022-10-10 08:38:34,311 [pool-323-thread-1] INFO  server.RaftServerConfigKeys (ConfUtils.java:logGet(46)) - raft.server.snapshot.auto.trigger.enabled = true (custom)
2022-10-10 08:38:34,311 [pool-323-thread-1] INFO  server.RaftServerConfigKeys (ConfUtils.java:logGet(46)) - raft.server.snapshot.auto.trigger.threshold = 10000 (custom)
2022-10-10 08:38:34,311 [pool-323-thread-1] INFO  server.RaftServerConfigKeys (ConfUtils.java:logGet(46)) - raft.server.snapshot.retention.file.num = 5 (custom)
2022-10-10 08:38:34,311 [pool-323-thread-1] INFO  server.RaftServerConfigKeys (ConfUtils.java:logGet(46)) - raft.server.log.purge.upto.snapshot.index = false (default)
2022-10-10 08:38:34,311 [pool-323-thread-1] INFO  server.RaftServerConfigKeys (ConfUtils.java:logGet(46)) - raft.server.retrycache.expirytime = 600000ms (custom)
2022-10-10 08:38:34,312 [pool-323-thread-1] INFO  server.RaftServerConfigKeys (ConfUtils.java:logGet(46)) - raft.server.retrycache.statistics.expirytime = 100μs (default)
2022-10-10 08:38:34,313 [pool-323-thread-1] INFO  server.RaftServerConfigKeys (ConfUtils.java:logGet(46)) - raft.server.log.appender.install.snapshot.enabled = false (custom)
2022-10-10 08:38:34,313 [pool-323-thread-1] INFO  server.RaftServerConfigKeys (ConfUtils.java:logGet(46)) - raft.server.threadpool.server.cached = true (default)
2022-10-10 08:38:34,313 [pool-323-thread-1] INFO  server.RaftServerConfigKeys (ConfUtils.java:logGet(46)) - raft.server.threadpool.server.size = 0 (default)
2022-10-10 08:38:34,313 [pool-323-thread-1] INFO  server.RaftServerConfigKeys (ConfUtils.java:logGet(46)) - raft.server.threadpool.client.cached = true (default)
2022-10-10 08:38:34,313 [pool-323-thread-1] INFO  server.RaftServerConfigKeys (ConfUtils.java:logGet(46)) - raft.server.threadpool.client.size = 0 (default)
2022-10-10 08:38:34,313 [pool-323-thread-1] INFO  server.RaftServer$Division (RaftServerImpl.java:start(310)) - 606b3dcd-c583-45a5-a0cf-b179208ecf3f@group-112013CA6F95: start as a follower, conf=-1: [606b3dcd-c583-45a5-a0cf-b179208ecf3f|rpc:10.1.0.114:39749|priority:1], old=null
2022-10-10 08:38:34,313 [pool-323-thread-1] INFO  server.RaftServer$Division (RaftServerImpl.java:setRole(299)) - 606b3dcd-c583-45a5-a0cf-b179208ecf3f@group-112013CA6F95: changes role from      null to FOLLOWER at term 0 for startAsFollower
2022-10-10 08:38:34,313 [pool-323-thread-1] INFO  impl.RoleInfo (RoleInfo.java:updateAndGet(139)) - 606b3dcd-c583-45a5-a0cf-b179208ecf3f: start 606b3dcd-c583-45a5-a0cf-b179208ecf3f@group-112013CA6F95-FollowerState
2022-10-10 08:38:34,333 [pool-323-thread-1] INFO  util.JmxRegister (JmxRegister.java:tryRegister(44)) - Successfully registered JMX Bean with object name Ratis:service=RaftServer,group=group-112013CA6F95,id=606b3dcd-c583-45a5-a0cf-b179208ecf3f
2022-10-10 08:38:34,340 [Command processor thread] INFO  ratis.XceiverServerRatis (XceiverServerRatis.java:addGroup(765)) - Created group PipelineID=dd6884c9-4a05-4702-9bd9-112013ca6f95
2022-10-10 08:38:34,340 [Command processor thread] INFO  commandhandler.CreatePipelineCommandHandler (CreatePipelineCommandHandler.java:handle(113)) - Created Pipeline RATIS ONE PipelineID=dd6884c9-4a05-4702-9bd9-112013ca6f95.
2022-10-10 08:38:34,835 [Command processor thread] INFO  server.RaftServer (RaftServerProxy.java:addNew(96)) - 22afd6e4-8e85-4fe8-a1ff-afcedf5143bf: addNew group-A46AE93264AF:[22afd6e4-8e85-4fe8-a1ff-afcedf5143bf|rpc:10.1.0.114:38607|priority:1] returns group-A46AE93264AF:java.util.concurrent.CompletableFuture@3eaa0c3f[Not completed]
2022-10-10 08:38:34,836 [pool-346-thread-1] INFO  server.RaftServer$Division (RaftServerImpl.java:<init>(190)) - 22afd6e4-8e85-4fe8-a1ff-afcedf5143bf: new RaftServerImpl for group-A46AE93264AF:[22afd6e4-8e85-4fe8-a1ff-afcedf5143bf|rpc:10.1.0.114:38607|priority:1] with ContainerStateMachine:uninitialized
2022-10-10 08:38:34,836 [pool-346-thread-1] INFO  server.RaftServerConfigKeys (ConfUtils.java:logGet(46)) - raft.server.rpc.timeout.min = 5s (custom)
2022-10-10 08:38:34,836 [pool-346-thread-1] INFO  server.RaftServerConfigKeys (ConfUtils.java:logGet(46)) - raft.server.rpc.timeout.max = 5200ms (custom)
2022-10-10 08:38:34,836 [pool-346-thread-1] INFO  server.RaftServerConfigKeys (ConfUtils.java:logGet(46)) - raft.server.rpc.sleep.time = 25ms (default)
2022-10-10 08:38:34,836 [pool-346-thread-1] INFO  server.RaftServerConfigKeys (ConfUtils.java:logGet(46)) - raft.server.rpc.slowness.timeout = 300s (custom)
2022-10-10 08:38:34,836 [pool-346-thread-1] INFO  server.RaftServerConfigKeys (ConfUtils.java:logGet(46)) - raft.server.leaderelection.leader.step-down.wait-time = 10s (default)
2022-10-10 08:38:34,836 [pool-346-thread-1] INFO  server.RaftServerConfigKeys (ConfUtils.java:logGet(46)) - raft.server.sleep.deviation.threshold = 300ms (default)
2022-10-10 08:38:34,837 [pool-346-thread-1] INFO  server.RaftServer$Division (ServerState.java:<init>(107)) - 22afd6e4-8e85-4fe8-a1ff-afcedf5143bf@group-A46AE93264AF: ConfigurationManager, init=-1: [22afd6e4-8e85-4fe8-a1ff-afcedf5143bf|rpc:10.1.0.114:38607|priority:1], old=null, confs=<EMPTY_MAP>
2022-10-10 08:38:34,837 [pool-346-thread-1] INFO  server.RaftServerConfigKeys (ConfUtils.java:logGet(46)) - raft.server.storage.dir = [/home/runner/work/ozone/ozone/hadoop-ozone/integration-test/target/test-dir/MiniOzoneClusterImpl-48dafe68-2a65-4a21-9ceb-731b54627123/datanode-2/data/ratis] (custom)
2022-10-10 08:38:34,837 [pool-346-thread-1] INFO  server.RaftServerConfigKeys (ConfUtils.java:logGet(46)) - raft.server.log.corruption.policy = EXCEPTION (default)
2022-10-10 08:38:34,837 [pool-346-thread-1] INFO  server.RaftServerConfigKeys (ConfUtils.java:logGet(46)) - raft.server.storage.free-space.min = 0MB (=0) (default)
2022-10-10 08:38:34,837 [pool-346-thread-1] INFO  storage.RaftStorageDirectory (RaftStorageDirectoryImpl.java:analyzeStorage(135)) - The storage directory /home/runner/work/ozone/ozone/hadoop-ozone/integration-test/target/test-dir/MiniOzoneClusterImpl-48dafe68-2a65-4a21-9ceb-731b54627123/datanode-2/data/ratis/a976528f-0b77-4463-bd99-a46ae93264af does not exist. Creating ...
2022-10-10 08:38:34,840 [pool-346-thread-1] INFO  storage.RaftStorageDirectory (RaftStorageDirectoryImpl.java:tryLock(230)) - Lock on /home/runner/work/ozone/ozone/hadoop-ozone/integration-test/target/test-dir/MiniOzoneClusterImpl-48dafe68-2a65-4a21-9ceb-731b54627123/datanode-2/data/ratis/a976528f-0b77-4463-bd99-a46ae93264af/in_use.lock acquired by nodename 13217@fv-az292-843
2022-10-10 08:38:34,842 [pool-346-thread-1] INFO  storage.RaftStorage (RaftStorageImpl.java:format(89)) - Storage directory /home/runner/work/ozone/ozone/hadoop-ozone/integration-test/target/test-dir/MiniOzoneClusterImpl-48dafe68-2a65-4a21-9ceb-731b54627123/datanode-2/data/ratis/a976528f-0b77-4463-bd99-a46ae93264af has been successfully formatted.
2022-10-10 08:38:34,843 [EventQueue-PipelineReportForPipelineReportHandler] INFO  pipeline.PipelineManagerImpl (PipelineManagerImpl.java:openPipeline(367)) - Pipeline Pipeline[ Id: a976528f-0b77-4463-bd99-a46ae93264af, Nodes: 22afd6e4-8e85-4fe8-a1ff-afcedf5143bf{ip: 10.1.0.114, host: fv-az292-843.tqgtyn10aqxuxoi0mkfbldi5vh.jx.internal.cloudapp.net, ports: [REPLICATION=45351, RATIS=38607, RATIS_ADMIN=38607, RATIS_SERVER=38607, STANDALONE=33239], networkLocation: /default-rack, certSerialId: null, persistedOpState: IN_SERVICE, persistedOpStateExpiryEpochSec: 0}, ReplicationConfig: RATIS/ONE, State:ALLOCATED, leaderId:22afd6e4-8e85-4fe8-a1ff-afcedf5143bf, CreationTimestamp2022-10-10T08:38:31.841Z[Etc/UTC]] moved to OPEN state
2022-10-10 08:38:34,844 [EventQueue-OpenPipelineForHealthyPipelineSafeModeRule] INFO  safemode.SCMSafeModeManager (HealthyPipelineSafeModeRule.java:process(137)) - SCM in safe mode. Healthy pipelines reported count is 0, required healthy pipeline reported count is 1
2022-10-10 08:38:34,846 [pool-346-thread-1] INFO  ratis.ContainerStateMachine (ContainerStateMachine.java:loadSnapshot(236)) - group-A46AE93264AF: The snapshot info is null. Setting the last applied indexto:(t:0, i:~)
2022-10-10 08:38:34,849 [pool-346-thread-1] INFO  server.RaftServerConfigKeys (ConfUtils.java:logGet(46)) - raft.server.notification.no-leader.timeout = 300s (custom)
2022-10-10 08:38:34,849 [pool-346-thread-1] INFO  server.RaftServerConfigKeys (ConfUtils.java:logGet(46)) - raft.server.log.use.memory = false (default)
2022-10-10 08:38:34,849 [pool-346-thread-1] INFO  server.RaftServerConfigKeys (ConfUtils.java:logGet(46)) - raft.server.log.purge.gap = 1000000 (custom)
2022-10-10 08:38:34,849 [pool-346-thread-1] INFO  server.RaftServerConfigKeys (ConfUtils.java:logGet(46)) - raft.server.log.appender.buffer.byte-limit = 33554432 (custom)
2022-10-10 08:38:34,849 [pool-346-thread-1] INFO  server.RaftServerConfigKeys (ConfUtils.java:logGet(46)) - raft.server.log.statemachine.data.read.timeout = 1000ms (default)
2022-10-10 08:38:34,850 [pool-346-thread-1] INFO  server.RaftServerConfigKeys (ConfUtils.java:logGet(46)) - raft.server.log.segment.size.max = 1048576 (custom)
2022-10-10 08:38:34,852 [pool-346-thread-1] INFO  server.RaftServerConfigKeys (ConfUtils.java:logGet(46)) - raft.server.log.segment.cache.num.max = 2 (custom)
2022-10-10 08:38:34,852 [pool-346-thread-1] INFO  server.RaftServerConfigKeys (ConfUtils.java:logGet(46)) - raft.server.log.segment.cache.size.max = 200MB (=209715200) (default)
2022-10-10 08:38:34,852 [pool-346-thread-1] INFO  segmented.SegmentedRaftLogWorker (SegmentedRaftLogWorker.java:<init>(187)) - new 22afd6e4-8e85-4fe8-a1ff-afcedf5143bf@group-A46AE93264AF-SegmentedRaftLogWorker for RaftStorageImpl:Storage Directory /home/runner/work/ozone/ozone/hadoop-ozone/integration-test/target/test-dir/MiniOzoneClusterImpl-48dafe68-2a65-4a21-9ceb-731b54627123/datanode-2/data/ratis/a976528f-0b77-4463-bd99-a46ae93264af
2022-10-10 08:38:34,852 [pool-346-thread-1] INFO  server.RaftServerConfigKeys (ConfUtils.java:logGet(46)) - raft.server.log.queue.byte-limit = 4294967296 (custom)
2022-10-10 08:38:34,852 [pool-346-thread-1] INFO  server.RaftServerConfigKeys (ConfUtils.java:logGet(46)) - raft.server.log.queue.element-limit = 1024 (custom)
2022-10-10 08:38:34,852 [pool-346-thread-1] INFO  server.RaftServerConfigKeys (ConfUtils.java:logGet(46)) - raft.server.log.segment.size.max = 1048576 (custom)
2022-10-10 08:38:34,852 [pool-346-thread-1] INFO  server.RaftServerConfigKeys (ConfUtils.java:logGet(46)) - raft.server.log.preallocated.size = 16384 (custom)
2022-10-10 08:38:34,852 [pool-346-thread-1] INFO  server.RaftServerConfigKeys (ConfUtils.java:logGet(46)) - raft.server.log.force.sync.num = 128 (default)
2022-10-10 08:38:34,852 [pool-346-thread-1] INFO  server.RaftServerConfigKeys (ConfUtils.java:logGet(46)) - raft.server.log.statemachine.data.sync = true (default)
2022-10-10 08:38:34,852 [pool-346-thread-1] INFO  server.RaftServerConfigKeys (ConfUtils.java:logGet(46)) - raft.server.log.statemachine.data.sync.timeout = 10s (default)
2022-10-10 08:38:34,852 [pool-346-thread-1] INFO  server.RaftServerConfigKeys (ConfUtils.java:logGet(46)) - raft.server.log.statemachine.data.sync.timeout.retry = -1 (default)
2022-10-10 08:38:34,861 [pool-346-thread-1] INFO  server.RaftServerConfigKeys (ConfUtils.java:logGet(46)) - raft.server.log.write.buffer.size = 1048576 (custom)
2022-10-10 08:38:34,862 [pool-346-thread-1] INFO  server.RaftServerConfigKeys (ConfUtils.java:logGet(46)) - raft.server.log.unsafe-flush.enabled = false (default)
2022-10-10 08:38:34,862 [pool-346-thread-1] INFO  server.RaftServerConfigKeys (ConfUtils.java:logGet(46)) - raft.server.log.statemachine.data.caching.enabled = true (custom)
2022-10-10 08:38:34,862 [pool-346-thread-1] INFO  segmented.SegmentedRaftLogWorker (SegmentedRaftLogWorker.java:lambda$new$0(135)) - 22afd6e4-8e85-4fe8-a1ff-afcedf5143bf@group-A46AE93264AF-SegmentedRaftLogWorker: flushIndex: setUnconditionally 0 -> -1
2022-10-10 08:38:34,862 [pool-346-thread-1] INFO  segmented.SegmentedRaftLogWorker (SegmentedRaftLogWorker.java:lambda$new$0(135)) - 22afd6e4-8e85-4fe8-a1ff-afcedf5143bf@group-A46AE93264AF-SegmentedRaftLogWorker: safeCacheEvictIndex: setUnconditionally 0 -> -1
2022-10-10 08:38:34,868 [pool-346-thread-1] INFO  server.RaftServerConfigKeys (ConfUtils.java:logGet(46)) - raft.server.snapshot.auto.trigger.enabled = true (custom)
2022-10-10 08:38:34,868 [pool-346-thread-1] INFO  server.RaftServerConfigKeys (ConfUtils.java:logGet(46)) - raft.server.snapshot.auto.trigger.threshold = 10000 (custom)
2022-10-10 08:38:34,868 [pool-346-thread-1] INFO  server.RaftServerConfigKeys (ConfUtils.java:logGet(46)) - raft.server.snapshot.retention.file.num = 5 (custom)
2022-10-10 08:38:34,868 [pool-346-thread-1] INFO  server.RaftServerConfigKeys (ConfUtils.java:logGet(46)) - raft.server.log.purge.upto.snapshot.index = false (default)
2022-10-10 08:38:34,868 [pool-346-thread-1] INFO  server.RaftServerConfigKeys (ConfUtils.java:logGet(46)) - raft.server.retrycache.expirytime = 600000ms (custom)
2022-10-10 08:38:34,868 [pool-346-thread-1] INFO  server.RaftServerConfigKeys (ConfUtils.java:logGet(46)) - raft.server.retrycache.statistics.expirytime = 100μs (default)
2022-10-10 08:38:34,869 [pool-346-thread-1] INFO  server.RaftServerConfigKeys (ConfUtils.java:logGet(46)) - raft.server.log.appender.install.snapshot.enabled = false (custom)
2022-10-10 08:38:34,869 [pool-346-thread-1] INFO  server.RaftServerConfigKeys (ConfUtils.java:logGet(46)) - raft.server.threadpool.server.cached = true (default)
2022-10-10 08:38:34,869 [pool-346-thread-1] INFO  server.RaftServerConfigKeys (ConfUtils.java:logGet(46)) - raft.server.threadpool.server.size = 0 (default)
2022-10-10 08:38:34,869 [pool-346-thread-1] INFO  server.RaftServerConfigKeys (ConfUtils.java:logGet(46)) - raft.server.threadpool.client.cached = true (default)
2022-10-10 08:38:34,869 [pool-346-thread-1] INFO  server.RaftServerConfigKeys (ConfUtils.java:logGet(46)) - raft.server.threadpool.client.size = 0 (default)
2022-10-10 08:38:34,869 [pool-346-thread-1] INFO  server.RaftServer$Division (RaftServerImpl.java:start(310)) - 22afd6e4-8e85-4fe8-a1ff-afcedf5143bf@group-A46AE93264AF: start as a follower, conf=-1: [22afd6e4-8e85-4fe8-a1ff-afcedf5143bf|rpc:10.1.0.114:38607|priority:1], old=null
2022-10-10 08:38:34,869 [pool-346-thread-1] INFO  server.RaftServer$Division (RaftServerImpl.java:setRole(299)) - 22afd6e4-8e85-4fe8-a1ff-afcedf5143bf@group-A46AE93264AF: changes role from      null to FOLLOWER at term 0 for startAsFollower
2022-10-10 08:38:34,870 [pool-346-thread-1] INFO  impl.RoleInfo (RoleInfo.java:updateAndGet(139)) - 22afd6e4-8e85-4fe8-a1ff-afcedf5143bf: start 22afd6e4-8e85-4fe8-a1ff-afcedf5143bf@group-A46AE93264AF-FollowerState
2022-10-10 08:38:34,875 [pool-346-thread-1] INFO  util.JmxRegister (JmxRegister.java:tryRegister(44)) - Successfully registered JMX Bean with object name Ratis:service=RaftServer,group=group-A46AE93264AF,id=22afd6e4-8e85-4fe8-a1ff-afcedf5143bf
2022-10-10 08:38:34,886 [Command processor thread] INFO  ratis.XceiverServerRatis (XceiverServerRatis.java:addGroup(765)) - Created group PipelineID=a976528f-0b77-4463-bd99-a46ae93264af
2022-10-10 08:38:34,898 [Command processor thread] INFO  commandhandler.CreatePipelineCommandHandler (CreatePipelineCommandHandler.java:handle(113)) - Created Pipeline RATIS ONE PipelineID=a976528f-0b77-4463-bd99-a46ae93264af.
2022-10-10 08:38:34,961 [Listener at 127.0.0.1/43231] INFO  ozone.MiniOzoneClusterImpl (MiniOzoneClusterImpl.java:lambda$waitForClusterToBeReady$0(216)) - Nodes are ready. Got 5 of 5 DN Heartbeats.
2022-10-10 08:38:34,962 [Listener at 127.0.0.1/43231] INFO  ozone.MiniOzoneClusterImpl (MiniOzoneClusterImpl.java:lambda$waitForClusterToBeReady$0(219)) - Waiting for cluster to exit safe mode
2022-10-10 08:38:34,962 [Listener at 127.0.0.1/43231] INFO  ozone.MiniOzoneClusterImpl (MiniOzoneClusterImpl.java:lambda$waitForClusterToBeReady$0(221)) - SCM became leader
2022-10-10 08:38:35,349 [Command processor thread] INFO  server.RaftServer (RaftServerProxy.java:addNew(96)) - dc638e21-26cb-4a27-999c-ebb3d3abde3a: addNew group-BDE896F44797:[dc638e21-26cb-4a27-999c-ebb3d3abde3a|rpc:10.1.0.114:41253|priority:1] returns group-BDE896F44797:java.util.concurrent.CompletableFuture@2e0d22ba[Not completed]
2022-10-10 08:38:35,361 [pool-369-thread-1] INFO  server.RaftServer$Division (RaftServerImpl.java:<init>(190)) - dc638e21-26cb-4a27-999c-ebb3d3abde3a: new RaftServerImpl for group-BDE896F44797:[dc638e21-26cb-4a27-999c-ebb3d3abde3a|rpc:10.1.0.114:41253|priority:1] with ContainerStateMachine:uninitialized
2022-10-10 08:38:35,361 [pool-369-thread-1] INFO  server.RaftServerConfigKeys (ConfUtils.java:logGet(46)) - raft.server.rpc.timeout.min = 5s (custom)
2022-10-10 08:38:35,361 [pool-369-thread-1] INFO  server.RaftServerConfigKeys (ConfUtils.java:logGet(46)) - raft.server.rpc.timeout.max = 5200ms (custom)
2022-10-10 08:38:35,361 [pool-369-thread-1] INFO  server.RaftServerConfigKeys (ConfUtils.java:logGet(46)) - raft.server.rpc.sleep.time = 25ms (default)
2022-10-10 08:38:35,361 [pool-369-thread-1] INFO  server.RaftServerConfigKeys (ConfUtils.java:logGet(46)) - raft.server.rpc.slowness.timeout = 300s (custom)
2022-10-10 08:38:35,361 [pool-369-thread-1] INFO  server.RaftServerConfigKeys (ConfUtils.java:logGet(46)) - raft.server.leaderelection.leader.step-down.wait-time = 10s (default)
2022-10-10 08:38:35,362 [pool-369-thread-1] INFO  server.RaftServerConfigKeys (ConfUtils.java:logGet(46)) - raft.server.sleep.deviation.threshold = 300ms (default)
2022-10-10 08:38:35,362 [pool-369-thread-1] INFO  server.RaftServer$Division (ServerState.java:<init>(107)) - dc638e21-26cb-4a27-999c-ebb3d3abde3a@group-BDE896F44797: ConfigurationManager, init=-1: [dc638e21-26cb-4a27-999c-ebb3d3abde3a|rpc:10.1.0.114:41253|priority:1], old=null, confs=<EMPTY_MAP>
2022-10-10 08:38:35,362 [pool-369-thread-1] INFO  server.RaftServerConfigKeys (ConfUtils.java:logGet(46)) - raft.server.storage.dir = [/home/runner/work/ozone/ozone/hadoop-ozone/integration-test/target/test-dir/MiniOzoneClusterImpl-48dafe68-2a65-4a21-9ceb-731b54627123/datanode-3/data/ratis] (custom)
2022-10-10 08:38:35,362 [pool-369-thread-1] INFO  server.RaftServerConfigKeys (ConfUtils.java:logGet(46)) - raft.server.log.corruption.policy = EXCEPTION (default)
2022-10-10 08:38:35,362 [pool-369-thread-1] INFO  server.RaftServerConfigKeys (ConfUtils.java:logGet(46)) - raft.server.storage.free-space.min = 0MB (=0) (default)
2022-10-10 08:38:35,362 [pool-369-thread-1] INFO  storage.RaftStorageDirectory (RaftStorageDirectoryImpl.java:analyzeStorage(135)) - The storage directory /home/runner/work/ozone/ozone/hadoop-ozone/integration-test/target/test-dir/MiniOzoneClusterImpl-48dafe68-2a65-4a21-9ceb-731b54627123/datanode-3/data/ratis/94afe79c-4455-4f85-a2c4-bde896f44797 does not exist. Creating ...
2022-10-10 08:38:35,365 [pool-369-thread-1] INFO  storage.RaftStorageDirectory (RaftStorageDirectoryImpl.java:tryLock(230)) - Lock on /home/runner/work/ozone/ozone/hadoop-ozone/integration-test/target/test-dir/MiniOzoneClusterImpl-48dafe68-2a65-4a21-9ceb-731b54627123/datanode-3/data/ratis/94afe79c-4455-4f85-a2c4-bde896f44797/in_use.lock acquired by nodename 13217@fv-az292-843
2022-10-10 08:38:35,368 [pool-369-thread-1] INFO  storage.RaftStorage (RaftStorageImpl.java:format(89)) - Storage directory /home/runner/work/ozone/ozone/hadoop-ozone/integration-test/target/test-dir/MiniOzoneClusterImpl-48dafe68-2a65-4a21-9ceb-731b54627123/datanode-3/data/ratis/94afe79c-4455-4f85-a2c4-bde896f44797 has been successfully formatted.
2022-10-10 08:38:35,376 [pool-369-thread-1] INFO  ratis.ContainerStateMachine (ContainerStateMachine.java:loadSnapshot(236)) - group-BDE896F44797: The snapshot info is null. Setting the last applied indexto:(t:0, i:~)
2022-10-10 08:38:35,376 [pool-369-thread-1] INFO  server.RaftServerConfigKeys (ConfUtils.java:logGet(46)) - raft.server.notification.no-leader.timeout = 300s (custom)
2022-10-10 08:38:35,376 [pool-369-thread-1] INFO  server.RaftServerConfigKeys (ConfUtils.java:logGet(46)) - raft.server.log.use.memory = false (default)
2022-10-10 08:38:35,376 [pool-369-thread-1] INFO  server.RaftServerConfigKeys (ConfUtils.java:logGet(46)) - raft.server.log.purge.gap = 1000000 (custom)
2022-10-10 08:38:35,376 [pool-369-thread-1] INFO  server.RaftServerConfigKeys (ConfUtils.java:logGet(46)) - raft.server.log.appender.buffer.byte-limit = 33554432 (custom)
2022-10-10 08:38:35,376 [pool-369-thread-1] INFO  server.RaftServerConfigKeys (ConfUtils.java:logGet(46)) - raft.server.log.statemachine.data.read.timeout = 1000ms (default)
2022-10-10 08:38:35,377 [pool-369-thread-1] INFO  server.RaftServerConfigKeys (ConfUtils.java:logGet(46)) - raft.server.log.segment.size.max = 1048576 (custom)
2022-10-10 08:38:35,377 [pool-369-thread-1] INFO  server.RaftServerConfigKeys (ConfUtils.java:logGet(46)) - raft.server.log.segment.cache.num.max = 2 (custom)
2022-10-10 08:38:35,377 [pool-369-thread-1] INFO  server.RaftServerConfigKeys (ConfUtils.java:logGet(46)) - raft.server.log.segment.cache.size.max = 200MB (=209715200) (default)
2022-10-10 08:38:35,377 [pool-369-thread-1] INFO  segmented.SegmentedRaftLogWorker (SegmentedRaftLogWorker.java:<init>(187)) - new dc638e21-26cb-4a27-999c-ebb3d3abde3a@group-BDE896F44797-SegmentedRaftLogWorker for RaftStorageImpl:Storage Directory /home/runner/work/ozone/ozone/hadoop-ozone/integration-test/target/test-dir/MiniOzoneClusterImpl-48dafe68-2a65-4a21-9ceb-731b54627123/datanode-3/data/ratis/94afe79c-4455-4f85-a2c4-bde896f44797
2022-10-10 08:38:35,377 [pool-369-thread-1] INFO  server.RaftServerConfigKeys (ConfUtils.java:logGet(46)) - raft.server.log.queue.byte-limit = 4294967296 (custom)
2022-10-10 08:38:35,377 [pool-369-thread-1] INFO  server.RaftServerConfigKeys (ConfUtils.java:logGet(46)) - raft.server.log.queue.element-limit = 1024 (custom)
2022-10-10 08:38:35,377 [pool-369-thread-1] INFO  server.RaftServerConfigKeys (ConfUtils.java:logGet(46)) - raft.server.log.segment.size.max = 1048576 (custom)
2022-10-10 08:38:35,377 [pool-369-thread-1] INFO  server.RaftServerConfigKeys (ConfUtils.java:logGet(46)) - raft.server.log.preallocated.size = 16384 (custom)
2022-10-10 08:38:35,377 [pool-369-thread-1] INFO  server.RaftServerConfigKeys (ConfUtils.java:logGet(46)) - raft.server.log.force.sync.num = 128 (default)
2022-10-10 08:38:35,378 [pool-369-thread-1] INFO  server.RaftServerConfigKeys (ConfUtils.java:logGet(46)) - raft.server.log.statemachine.data.sync = true (default)
2022-10-10 08:38:35,378 [pool-369-thread-1] INFO  server.RaftServerConfigKeys (ConfUtils.java:logGet(46)) - raft.server.log.statemachine.data.sync.timeout = 10s (default)
2022-10-10 08:38:35,378 [pool-369-thread-1] INFO  server.RaftServerConfigKeys (ConfUtils.java:logGet(46)) - raft.server.log.statemachine.data.sync.timeout.retry = -1 (default)
2022-10-10 08:38:35,383 [EventQueue-PipelineReportForPipelineReportHandler] INFO  pipeline.PipelineManagerImpl (PipelineManagerImpl.java:openPipeline(367)) - Pipeline Pipeline[ Id: 94afe79c-4455-4f85-a2c4-bde896f44797, Nodes: dc638e21-26cb-4a27-999c-ebb3d3abde3a{ip: 10.1.0.114, host: fv-az292-843.tqgtyn10aqxuxoi0mkfbldi5vh.jx.internal.cloudapp.net, ports: [REPLICATION=41049, RATIS=41253, RATIS_ADMIN=41253, RATIS_SERVER=41253, STANDALONE=43157], networkLocation: /default-rack, certSerialId: null, persistedOpState: IN_SERVICE, persistedOpStateExpiryEpochSec: 0}, ReplicationConfig: RATIS/ONE, State:ALLOCATED, leaderId:dc638e21-26cb-4a27-999c-ebb3d3abde3a, CreationTimestamp2022-10-10T08:38:32.355Z[Etc/UTC]] moved to OPEN state
2022-10-10 08:38:35,384 [EventQueue-OpenPipelineForHealthyPipelineSafeModeRule] INFO  safemode.SCMSafeModeManager (HealthyPipelineSafeModeRule.java:process(137)) - SCM in safe mode. Healthy pipelines reported count is 0, required healthy pipeline reported count is 1
2022-10-10 08:38:35,390 [pool-369-thread-1] INFO  server.RaftServerConfigKeys (ConfUtils.java:logGet(46)) - raft.server.log.write.buffer.size = 1048576 (custom)
2022-10-10 08:38:35,393 [pool-369-thread-1] INFO  server.RaftServerConfigKeys (ConfUtils.java:logGet(46)) - raft.server.log.unsafe-flush.enabled = false (default)
2022-10-10 08:38:35,393 [pool-369-thread-1] INFO  server.RaftServerConfigKeys (ConfUtils.java:logGet(46)) - raft.server.log.statemachine.data.caching.enabled = true (custom)
2022-10-10 08:38:35,393 [pool-369-thread-1] INFO  segmented.SegmentedRaftLogWorker (SegmentedRaftLogWorker.java:lambda$new$0(135)) - dc638e21-26cb-4a27-999c-ebb3d3abde3a@group-BDE896F44797-SegmentedRaftLogWorker: flushIndex: setUnconditionally 0 -> -1
2022-10-10 08:38:35,393 [pool-369-thread-1] INFO  segmented.SegmentedRaftLogWorker (SegmentedRaftLogWorker.java:lambda$new$0(135)) - dc638e21-26cb-4a27-999c-ebb3d3abde3a@group-BDE896F44797-SegmentedRaftLogWorker: safeCacheEvictIndex: setUnconditionally 0 -> -1
2022-10-10 08:38:35,400 [pool-369-thread-1] INFO  server.RaftServerConfigKeys (ConfUtils.java:logGet(46)) - raft.server.snapshot.auto.trigger.enabled = true (custom)
2022-10-10 08:38:35,400 [pool-369-thread-1] INFO  server.RaftServerConfigKeys (ConfUtils.java:logGet(46)) - raft.server.snapshot.auto.trigger.threshold = 10000 (custom)
2022-10-10 08:38:35,400 [pool-369-thread-1] INFO  server.RaftServerConfigKeys (ConfUtils.java:logGet(46)) - raft.server.snapshot.retention.file.num = 5 (custom)
2022-10-10 08:38:35,400 [pool-369-thread-1] INFO  server.RaftServerConfigKeys (ConfUtils.java:logGet(46)) - raft.server.log.purge.upto.snapshot.index = false (default)
2022-10-10 08:38:35,400 [pool-369-thread-1] INFO  server.RaftServerConfigKeys (ConfUtils.java:logGet(46)) - raft.server.retrycache.expirytime = 600000ms (custom)
2022-10-10 08:38:35,400 [pool-369-thread-1] INFO  server.RaftServerConfigKeys (ConfUtils.java:logGet(46)) - raft.server.retrycache.statistics.expirytime = 100μs (default)
2022-10-10 08:38:35,402 [pool-369-thread-1] INFO  server.RaftServerConfigKeys (ConfUtils.java:logGet(46)) - raft.server.log.appender.install.snapshot.enabled = false (custom)
2022-10-10 08:38:35,402 [pool-369-thread-1] INFO  server.RaftServerConfigKeys (ConfUtils.java:logGet(46)) - raft.server.threadpool.server.cached = true (default)
2022-10-10 08:38:35,411 [pool-369-thread-1] INFO  server.RaftServerConfigKeys (ConfUtils.java:logGet(46)) - raft.server.threadpool.server.size = 0 (default)
2022-10-10 08:38:35,411 [pool-369-thread-1] INFO  server.RaftServerConfigKeys (ConfUtils.java:logGet(46)) - raft.server.threadpool.client.cached = true (default)
2022-10-10 08:38:35,411 [pool-369-thread-1] INFO  server.RaftServerConfigKeys (ConfUtils.java:logGet(46)) - raft.server.threadpool.client.size = 0 (default)
2022-10-10 08:38:35,411 [pool-369-thread-1] INFO  server.RaftServer$Division (RaftServerImpl.java:start(310)) - dc638e21-26cb-4a27-999c-ebb3d3abde3a@group-BDE896F44797: start as a follower, conf=-1: [dc638e21-26cb-4a27-999c-ebb3d3abde3a|rpc:10.1.0.114:41253|priority:1], old=null
2022-10-10 08:38:35,411 [pool-369-thread-1] INFO  server.RaftServer$Division (RaftServerImpl.java:setRole(299)) - dc638e21-26cb-4a27-999c-ebb3d3abde3a@group-BDE896F44797: changes role from      null to FOLLOWER at term 0 for startAsFollower
2022-10-10 08:38:35,411 [pool-369-thread-1] INFO  impl.RoleInfo (RoleInfo.java:updateAndGet(139)) - dc638e21-26cb-4a27-999c-ebb3d3abde3a: start dc638e21-26cb-4a27-999c-ebb3d3abde3a@group-BDE896F44797-FollowerState
2022-10-10 08:38:35,414 [pool-369-thread-1] INFO  util.JmxRegister (JmxRegister.java:tryRegister(44)) - Successfully registered JMX Bean with object name Ratis:service=RaftServer,group=group-BDE896F44797,id=dc638e21-26cb-4a27-999c-ebb3d3abde3a
2022-10-10 08:38:35,424 [Command processor thread] INFO  ratis.XceiverServerRatis (XceiverServerRatis.java:addGroup(765)) - Created group PipelineID=94afe79c-4455-4f85-a2c4-bde896f44797
2022-10-10 08:38:35,424 [Command processor thread] INFO  commandhandler.CreatePipelineCommandHandler (CreatePipelineCommandHandler.java:handle(113)) - Created Pipeline RATIS ONE PipelineID=94afe79c-4455-4f85-a2c4-bde896f44797.
2022-10-10 08:38:35,962 [Listener at 127.0.0.1/43231] INFO  ozone.MiniOzoneClusterImpl (MiniOzoneClusterImpl.java:lambda$waitForClusterToBeReady$0(216)) - Nodes are ready. Got 5 of 5 DN Heartbeats.
2022-10-10 08:38:35,962 [Listener at 127.0.0.1/43231] INFO  ozone.MiniOzoneClusterImpl (MiniOzoneClusterImpl.java:lambda$waitForClusterToBeReady$0(219)) - Waiting for cluster to exit safe mode
2022-10-10 08:38:35,962 [Listener at 127.0.0.1/43231] INFO  ozone.MiniOzoneClusterImpl (MiniOzoneClusterImpl.java:lambda$waitForClusterToBeReady$0(221)) - SCM became leader
2022-10-10 08:38:36,044 [Command processor thread] INFO  server.RaftServer (RaftServerProxy.java:addNew(96)) - 0454b04b-10ad-483d-88a8-8bbf68ec3d5d: addNew group-7DED84125F20:[0454b04b-10ad-483d-88a8-8bbf68ec3d5d|rpc:10.1.0.114:42031|priority:1] returns group-7DED84125F20:java.util.concurrent.CompletableFuture@519105e6[Not completed]
2022-10-10 08:38:36,059 [pool-392-thread-1] INFO  server.RaftServer$Division (RaftServerImpl.java:<init>(190)) - 0454b04b-10ad-483d-88a8-8bbf68ec3d5d: new RaftServerImpl for group-7DED84125F20:[0454b04b-10ad-483d-88a8-8bbf68ec3d5d|rpc:10.1.0.114:42031|priority:1] with ContainerStateMachine:uninitialized
2022-10-10 08:38:36,059 [pool-392-thread-1] INFO  server.RaftServerConfigKeys (ConfUtils.java:logGet(46)) - raft.server.rpc.timeout.min = 5s (custom)
2022-10-10 08:38:36,059 [pool-392-thread-1] INFO  server.RaftServerConfigKeys (ConfUtils.java:logGet(46)) - raft.server.rpc.timeout.max = 5200ms (custom)
2022-10-10 08:38:36,059 [pool-392-thread-1] INFO  server.RaftServerConfigKeys (ConfUtils.java:logGet(46)) - raft.server.rpc.sleep.time = 25ms (default)
2022-10-10 08:38:36,068 [pool-392-thread-1] INFO  server.RaftServerConfigKeys (ConfUtils.java:logGet(46)) - raft.server.rpc.slowness.timeout = 300s (custom)
2022-10-10 08:38:36,068 [pool-392-thread-1] INFO  server.RaftServerConfigKeys (ConfUtils.java:logGet(46)) - raft.server.leaderelection.leader.step-down.wait-time = 10s (default)
2022-10-10 08:38:36,068 [pool-392-thread-1] INFO  server.RaftServerConfigKeys (ConfUtils.java:logGet(46)) - raft.server.sleep.deviation.threshold = 300ms (default)
2022-10-10 08:38:36,068 [pool-392-thread-1] INFO  server.RaftServer$Division (ServerState.java:<init>(107)) - 0454b04b-10ad-483d-88a8-8bbf68ec3d5d@group-7DED84125F20: ConfigurationManager, init=-1: [0454b04b-10ad-483d-88a8-8bbf68ec3d5d|rpc:10.1.0.114:42031|priority:1], old=null, confs=<EMPTY_MAP>
2022-10-10 08:38:36,069 [pool-392-thread-1] INFO  server.RaftServerConfigKeys (ConfUtils.java:logGet(46)) - raft.server.storage.dir = [/home/runner/work/ozone/ozone/hadoop-ozone/integration-test/target/test-dir/MiniOzoneClusterImpl-48dafe68-2a65-4a21-9ceb-731b54627123/datanode-4/data/ratis] (custom)
2022-10-10 08:38:36,069 [pool-392-thread-1] INFO  server.RaftServerConfigKeys (ConfUtils.java:logGet(46)) - raft.server.log.corruption.policy = EXCEPTION (default)
2022-10-10 08:38:36,069 [pool-392-thread-1] INFO  server.RaftServerConfigKeys (ConfUtils.java:logGet(46)) - raft.server.storage.free-space.min = 0MB (=0) (default)
2022-10-10 08:38:36,069 [pool-392-thread-1] INFO  storage.RaftStorageDirectory (RaftStorageDirectoryImpl.java:analyzeStorage(135)) - The storage directory /home/runner/work/ozone/ozone/hadoop-ozone/integration-test/target/test-dir/MiniOzoneClusterImpl-48dafe68-2a65-4a21-9ceb-731b54627123/datanode-4/data/ratis/960f7a36-26e2-42b4-8b2d-7ded84125f20 does not exist. Creating ...
2022-10-10 08:38:36,075 [pool-392-thread-1] INFO  storage.RaftStorageDirectory (RaftStorageDirectoryImpl.java:tryLock(230)) - Lock on /home/runner/work/ozone/ozone/hadoop-ozone/integration-test/target/test-dir/MiniOzoneClusterImpl-48dafe68-2a65-4a21-9ceb-731b54627123/datanode-4/data/ratis/960f7a36-26e2-42b4-8b2d-7ded84125f20/in_use.lock acquired by nodename 13217@fv-az292-843
2022-10-10 08:38:36,077 [pool-392-thread-1] INFO  storage.RaftStorage (RaftStorageImpl.java:format(89)) - Storage directory /home/runner/work/ozone/ozone/hadoop-ozone/integration-test/target/test-dir/MiniOzoneClusterImpl-48dafe68-2a65-4a21-9ceb-731b54627123/datanode-4/data/ratis/960f7a36-26e2-42b4-8b2d-7ded84125f20 has been successfully formatted.
2022-10-10 08:38:36,081 [pool-392-thread-1] INFO  ratis.ContainerStateMachine (ContainerStateMachine.java:loadSnapshot(236)) - group-7DED84125F20: The snapshot info is null. Setting the last applied indexto:(t:0, i:~)
2022-10-10 08:38:36,081 [pool-392-thread-1] INFO  server.RaftServerConfigKeys (ConfUtils.java:logGet(46)) - raft.server.notification.no-leader.timeout = 300s (custom)
2022-10-10 08:38:36,081 [pool-392-thread-1] INFO  server.RaftServerConfigKeys (ConfUtils.java:logGet(46)) - raft.server.log.use.memory = false (default)
2022-10-10 08:38:36,081 [pool-392-thread-1] INFO  server.RaftServerConfigKeys (ConfUtils.java:logGet(46)) - raft.server.log.purge.gap = 1000000 (custom)
2022-10-10 08:38:36,081 [pool-392-thread-1] INFO  server.RaftServerConfigKeys (ConfUtils.java:logGet(46)) - raft.server.log.appender.buffer.byte-limit = 33554432 (custom)
2022-10-10 08:38:36,081 [pool-392-thread-1] INFO  server.RaftServerConfigKeys (ConfUtils.java:logGet(46)) - raft.server.log.statemachine.data.read.timeout = 1000ms (default)
2022-10-10 08:38:36,082 [pool-392-thread-1] INFO  server.RaftServerConfigKeys (ConfUtils.java:logGet(46)) - raft.server.log.segment.size.max = 1048576 (custom)
2022-10-10 08:38:36,082 [EventQueue-PipelineReportForPipelineReportHandler] INFO  pipeline.PipelineManagerImpl (PipelineManagerImpl.java:openPipeline(367)) - Pipeline Pipeline[ Id: 960f7a36-26e2-42b4-8b2d-7ded84125f20, Nodes: 0454b04b-10ad-483d-88a8-8bbf68ec3d5d{ip: 10.1.0.114, host: fv-az292-843.tqgtyn10aqxuxoi0mkfbldi5vh.jx.internal.cloudapp.net, ports: [REPLICATION=41603, RATIS=42031, RATIS_ADMIN=42031, RATIS_SERVER=42031, STANDALONE=42375], networkLocation: /default-rack, certSerialId: null, persistedOpState: IN_SERVICE, persistedOpStateExpiryEpochSec: 0}, ReplicationConfig: RATIS/ONE, State:ALLOCATED, leaderId:0454b04b-10ad-483d-88a8-8bbf68ec3d5d, CreationTimestamp2022-10-10T08:38:33.045Z[Etc/UTC]] moved to OPEN state
2022-10-10 08:38:36,082 [pool-392-thread-1] INFO  server.RaftServerConfigKeys (ConfUtils.java:logGet(46)) - raft.server.log.segment.cache.num.max = 2 (custom)
2022-10-10 08:38:36,082 [pool-392-thread-1] INFO  server.RaftServerConfigKeys (ConfUtils.java:logGet(46)) - raft.server.log.segment.cache.size.max = 200MB (=209715200) (default)
2022-10-10 08:38:36,082 [EventQueue-OpenPipelineForHealthyPipelineSafeModeRule] INFO  safemode.SCMSafeModeManager (HealthyPipelineSafeModeRule.java:process(137)) - SCM in safe mode. Healthy pipelines reported count is 0, required healthy pipeline reported count is 1
2022-10-10 08:38:36,089 [pool-392-thread-1] INFO  segmented.SegmentedRaftLogWorker (SegmentedRaftLogWorker.java:<init>(187)) - new 0454b04b-10ad-483d-88a8-8bbf68ec3d5d@group-7DED84125F20-SegmentedRaftLogWorker for RaftStorageImpl:Storage Directory /home/runner/work/ozone/ozone/hadoop-ozone/integration-test/target/test-dir/MiniOzoneClusterImpl-48dafe68-2a65-4a21-9ceb-731b54627123/datanode-4/data/ratis/960f7a36-26e2-42b4-8b2d-7ded84125f20
2022-10-10 08:38:36,089 [pool-392-thread-1] INFO  server.RaftServerConfigKeys (ConfUtils.java:logGet(46)) - raft.server.log.queue.byte-limit = 4294967296 (custom)
2022-10-10 08:38:36,089 [pool-392-thread-1] INFO  server.RaftServerConfigKeys (ConfUtils.java:logGet(46)) - raft.server.log.queue.element-limit = 1024 (custom)
2022-10-10 08:38:36,089 [pool-392-thread-1] INFO  server.RaftServerConfigKeys (ConfUtils.java:logGet(46)) - raft.server.log.segment.size.max = 1048576 (custom)
2022-10-10 08:38:36,089 [pool-392-thread-1] INFO  server.RaftServerConfigKeys (ConfUtils.java:logGet(46)) - raft.server.log.preallocated.size = 16384 (custom)
2022-10-10 08:38:36,089 [pool-392-thread-1] INFO  server.RaftServerConfigKeys (ConfUtils.java:logGet(46)) - raft.server.log.force.sync.num = 128 (default)
2022-10-10 08:38:36,089 [pool-392-thread-1] INFO  server.RaftServerConfigKeys (ConfUtils.java:logGet(46)) - raft.server.log.statemachine.data.sync = true (default)
2022-10-10 08:38:36,089 [pool-392-thread-1] INFO  server.RaftServerConfigKeys (ConfUtils.java:logGet(46)) - raft.server.log.statemachine.data.sync.timeout = 10s (default)
2022-10-10 08:38:36,089 [pool-392-thread-1] INFO  server.RaftServerConfigKeys (ConfUtils.java:logGet(46)) - raft.server.log.statemachine.data.sync.timeout.retry = -1 (default)
2022-10-10 08:38:36,090 [pool-392-thread-1] INFO  server.RaftServerConfigKeys (ConfUtils.java:logGet(46)) - raft.server.log.write.buffer.size = 1048576 (custom)
2022-10-10 08:38:36,090 [pool-392-thread-1] INFO  server.RaftServerConfigKeys (ConfUtils.java:logGet(46)) - raft.server.log.unsafe-flush.enabled = false (default)
2022-10-10 08:38:36,091 [pool-392-thread-1] INFO  server.RaftServerConfigKeys (ConfUtils.java:logGet(46)) - raft.server.log.statemachine.data.caching.enabled = true (custom)
2022-10-10 08:38:36,091 [pool-392-thread-1] INFO  segmented.SegmentedRaftLogWorker (SegmentedRaftLogWorker.java:lambda$new$0(135)) - 0454b04b-10ad-483d-88a8-8bbf68ec3d5d@group-7DED84125F20-SegmentedRaftLogWorker: flushIndex: setUnconditionally 0 -> -1
2022-10-10 08:38:36,091 [pool-392-thread-1] INFO  segmented.SegmentedRaftLogWorker (SegmentedRaftLogWorker.java:lambda$new$0(135)) - 0454b04b-10ad-483d-88a8-8bbf68ec3d5d@group-7DED84125F20-SegmentedRaftLogWorker: safeCacheEvictIndex: setUnconditionally 0 -> -1
2022-10-10 08:38:36,102 [pool-392-thread-1] INFO  server.RaftServerConfigKeys (ConfUtils.java:logGet(46)) - raft.server.snapshot.auto.trigger.enabled = true (custom)
2022-10-10 08:38:36,102 [pool-392-thread-1] INFO  server.RaftServerConfigKeys (ConfUtils.java:logGet(46)) - raft.server.snapshot.auto.trigger.threshold = 10000 (custom)
2022-10-10 08:38:36,102 [pool-392-thread-1] INFO  server.RaftServerConfigKeys (ConfUtils.java:logGet(46)) - raft.server.snapshot.retention.file.num = 5 (custom)
2022-10-10 08:38:36,102 [pool-392-thread-1] INFO  server.RaftServerConfigKeys (ConfUtils.java:logGet(46)) - raft.server.log.purge.upto.snapshot.index = false (default)
2022-10-10 08:38:36,102 [pool-392-thread-1] INFO  server.RaftServerConfigKeys (ConfUtils.java:logGet(46)) - raft.server.retrycache.expirytime = 600000ms (custom)
2022-10-10 08:38:36,102 [pool-392-thread-1] INFO  server.RaftServerConfigKeys (ConfUtils.java:logGet(46)) - raft.server.retrycache.statistics.expirytime = 100μs (default)
2022-10-10 08:38:36,104 [pool-392-thread-1] INFO  server.RaftServerConfigKeys (ConfUtils.java:logGet(46)) - raft.server.log.appender.install.snapshot.enabled = false (custom)
2022-10-10 08:38:36,104 [pool-392-thread-1] INFO  server.RaftServerConfigKeys (ConfUtils.java:logGet(46)) - raft.server.threadpool.server.cached = true (default)
2022-10-10 08:38:36,104 [pool-392-thread-1] INFO  server.RaftServerConfigKeys (ConfUtils.java:logGet(46)) - raft.server.threadpool.server.size = 0 (default)
2022-10-10 08:38:36,104 [pool-392-thread-1] INFO  server.RaftServerConfigKeys (ConfUtils.java:logGet(46)) - raft.server.threadpool.client.cached = true (default)
2022-10-10 08:38:36,104 [pool-392-thread-1] INFO  server.RaftServerConfigKeys (ConfUtils.java:logGet(46)) - raft.server.threadpool.client.size = 0 (default)
2022-10-10 08:38:36,104 [pool-392-thread-1] INFO  server.RaftServer$Division (RaftServerImpl.java:start(310)) - 0454b04b-10ad-483d-88a8-8bbf68ec3d5d@group-7DED84125F20: start as a follower, conf=-1: [0454b04b-10ad-483d-88a8-8bbf68ec3d5d|rpc:10.1.0.114:42031|priority:1], old=null
2022-10-10 08:38:36,104 [pool-392-thread-1] INFO  server.RaftServer$Division (RaftServerImpl.java:setRole(299)) - 0454b04b-10ad-483d-88a8-8bbf68ec3d5d@group-7DED84125F20: changes role from      null to FOLLOWER at term 0 for startAsFollower
2022-10-10 08:38:36,104 [pool-392-thread-1] INFO  impl.RoleInfo (RoleInfo.java:updateAndGet(139)) - 0454b04b-10ad-483d-88a8-8bbf68ec3d5d: start 0454b04b-10ad-483d-88a8-8bbf68ec3d5d@group-7DED84125F20-FollowerState
2022-10-10 08:38:36,115 [pool-392-thread-1] INFO  util.JmxRegister (JmxRegister.java:tryRegister(44)) - Successfully registered JMX Bean with object name Ratis:service=RaftServer,group=group-7DED84125F20,id=0454b04b-10ad-483d-88a8-8bbf68ec3d5d
2022-10-10 08:38:36,127 [Command processor thread] INFO  ratis.XceiverServerRatis (XceiverServerRatis.java:addGroup(765)) - Created group PipelineID=960f7a36-26e2-42b4-8b2d-7ded84125f20
2022-10-10 08:38:36,127 [Command processor thread] INFO  commandhandler.CreatePipelineCommandHandler (CreatePipelineCommandHandler.java:handle(113)) - Created Pipeline RATIS ONE PipelineID=960f7a36-26e2-42b4-8b2d-7ded84125f20.
2022-10-10 08:38:36,963 [Listener at 127.0.0.1/43231] INFO  ozone.MiniOzoneClusterImpl (MiniOzoneClusterImpl.java:lambda$waitForClusterToBeReady$0(216)) - Nodes are ready. Got 5 of 5 DN Heartbeats.
2022-10-10 08:38:36,963 [Listener at 127.0.0.1/43231] INFO  ozone.MiniOzoneClusterImpl (MiniOzoneClusterImpl.java:lambda$waitForClusterToBeReady$0(219)) - Waiting for cluster to exit safe mode
2022-10-10 08:38:36,963 [Listener at 127.0.0.1/43231] INFO  ozone.MiniOzoneClusterImpl (MiniOzoneClusterImpl.java:lambda$waitForClusterToBeReady$0(221)) - SCM became leader
2022-10-10 08:38:37,963 [Listener at 127.0.0.1/43231] INFO  ozone.MiniOzoneClusterImpl (MiniOzoneClusterImpl.java:lambda$waitForClusterToBeReady$0(216)) - Nodes are ready. Got 5 of 5 DN Heartbeats.
2022-10-10 08:38:37,963 [Listener at 127.0.0.1/43231] INFO  ozone.MiniOzoneClusterImpl (MiniOzoneClusterImpl.java:lambda$waitForClusterToBeReady$0(219)) - Waiting for cluster to exit safe mode
2022-10-10 08:38:37,964 [Listener at 127.0.0.1/43231] INFO  ozone.MiniOzoneClusterImpl (MiniOzoneClusterImpl.java:lambda$waitForClusterToBeReady$0(221)) - SCM became leader
2022-10-10 08:38:38,765 [589fbfef-7b85-4b40-975b-46e767fe3451@group-7435FC31DD8C-FollowerState] INFO  impl.FollowerState (FollowerState.java:run(143)) - 589fbfef-7b85-4b40-975b-46e767fe3451@group-7435FC31DD8C-FollowerState: change to CANDIDATE, lastRpcElapsedTime:5067599189ns, electionTimeout:5050ms
2022-10-10 08:38:38,765 [589fbfef-7b85-4b40-975b-46e767fe3451@group-7435FC31DD8C-FollowerState] INFO  impl.RoleInfo (RoleInfo.java:shutdownFollowerState(110)) - 589fbfef-7b85-4b40-975b-46e767fe3451: shutdown 589fbfef-7b85-4b40-975b-46e767fe3451@group-7435FC31DD8C-FollowerState
2022-10-10 08:38:38,765 [589fbfef-7b85-4b40-975b-46e767fe3451@group-7435FC31DD8C-FollowerState] INFO  server.RaftServer$Division (RaftServerImpl.java:setRole(299)) - 589fbfef-7b85-4b40-975b-46e767fe3451@group-7435FC31DD8C: changes role from  FOLLOWER to CANDIDATE at term 0 for changeToCandidate
2022-10-10 08:38:38,765 [589fbfef-7b85-4b40-975b-46e767fe3451@group-7435FC31DD8C-FollowerState] INFO  server.RaftServerConfigKeys (ConfUtils.java:logGet(46)) - raft.server.leaderelection.pre-vote = false (custom)
2022-10-10 08:38:38,765 [589fbfef-7b85-4b40-975b-46e767fe3451@group-7435FC31DD8C-FollowerState] INFO  impl.RoleInfo (RoleInfo.java:updateAndGet(139)) - 589fbfef-7b85-4b40-975b-46e767fe3451: start 589fbfef-7b85-4b40-975b-46e767fe3451@group-7435FC31DD8C-LeaderElection14
2022-10-10 08:38:38,785 [589fbfef-7b85-4b40-975b-46e767fe3451@group-7435FC31DD8C-LeaderElection14] INFO  impl.LeaderElection (LeaderElection.java:askForVotes(310)) - 589fbfef-7b85-4b40-975b-46e767fe3451@group-7435FC31DD8C-LeaderElection14 ELECTION round 0: submit vote requests at term 1 for -1: [589fbfef-7b85-4b40-975b-46e767fe3451|rpc:10.1.0.114:37327|priority:1], old=null
2022-10-10 08:38:38,785 [589fbfef-7b85-4b40-975b-46e767fe3451@group-7435FC31DD8C-LeaderElection14] INFO  impl.LeaderElection (LeaderElection.java:askForVotes(312)) - 589fbfef-7b85-4b40-975b-46e767fe3451@group-7435FC31DD8C-LeaderElection14 ELECTION round 0: result PASSED (term=1)
2022-10-10 08:38:38,785 [589fbfef-7b85-4b40-975b-46e767fe3451@group-7435FC31DD8C-LeaderElection14] INFO  impl.RoleInfo (RoleInfo.java:shutdownLeaderElection(130)) - 589fbfef-7b85-4b40-975b-46e767fe3451: shutdown 589fbfef-7b85-4b40-975b-46e767fe3451@group-7435FC31DD8C-LeaderElection14
2022-10-10 08:38:38,785 [589fbfef-7b85-4b40-975b-46e767fe3451@group-7435FC31DD8C-LeaderElection14] INFO  server.RaftServer$Division (RaftServerImpl.java:setRole(299)) - 589fbfef-7b85-4b40-975b-46e767fe3451@group-7435FC31DD8C: changes role from CANDIDATE to LEADER at term 1 for changeToLeader
2022-10-10 08:38:38,785 [589fbfef-7b85-4b40-975b-46e767fe3451@group-7435FC31DD8C-LeaderElection14] INFO  ratis.XceiverServerRatis (XceiverServerRatis.java:handleLeaderChangedNotification(863)) - Leader change notification received for group: group-7435FC31DD8C with new leaderId: 589fbfef-7b85-4b40-975b-46e767fe3451
2022-10-10 08:38:38,786 [589fbfef-7b85-4b40-975b-46e767fe3451@group-7435FC31DD8C-LeaderElection14] INFO  server.RaftServer$Division (ServerState.java:setLeader(287)) - 589fbfef-7b85-4b40-975b-46e767fe3451@group-7435FC31DD8C: change Leader from null to 589fbfef-7b85-4b40-975b-46e767fe3451 at term 1 for becomeLeader, leader elected after 5148ms
2022-10-10 08:38:38,786 [589fbfef-7b85-4b40-975b-46e767fe3451@group-7435FC31DD8C-LeaderElection14] INFO  server.RaftServerConfigKeys (ConfUtils.java:logGet(46)) - raft.server.staging.catchup.gap = 1000 (default)
2022-10-10 08:38:38,787 [589fbfef-7b85-4b40-975b-46e767fe3451@group-7435FC31DD8C-LeaderElection14] INFO  server.RaftServerConfigKeys (ConfUtils.java:logGet(46)) - raft.server.write.element-limit = 1024 (custom)
2022-10-10 08:38:38,787 [589fbfef-7b85-4b40-975b-46e767fe3451@group-7435FC31DD8C-LeaderElection14] INFO  server.RaftServerConfigKeys (ConfUtils.java:logGet(46)) - raft.server.write.byte-limit = 1024 M (=1073741824) (custom)
2022-10-10 08:38:38,787 [589fbfef-7b85-4b40-975b-46e767fe3451@group-7435FC31DD8C-LeaderElection14] INFO  server.RaftServerConfigKeys (ConfUtils.java:logGet(46)) - raft.server.watch.timeout = 180s (custom)
2022-10-10 08:38:38,787 [589fbfef-7b85-4b40-975b-46e767fe3451@group-7435FC31DD8C-LeaderElection14] INFO  server.RaftServerConfigKeys (ConfUtils.java:logGet(46)) - raft.server.watch.timeout.denomination = 1s (default)
2022-10-10 08:38:38,787 [589fbfef-7b85-4b40-975b-46e767fe3451@group-7435FC31DD8C-LeaderElection14] INFO  server.RaftServerConfigKeys (ConfUtils.java:logGet(46)) - raft.server.watch.element-limit = 65536 (default)
2022-10-10 08:38:38,787 [589fbfef-7b85-4b40-975b-46e767fe3451@group-7435FC31DD8C-LeaderElection14] INFO  server.RaftServerConfigKeys (ConfUtils.java:logGet(46)) - raft.server.write.element-limit = 1024 (custom)
2022-10-10 08:38:38,787 [589fbfef-7b85-4b40-975b-46e767fe3451@group-7435FC31DD8C-LeaderElection14] INFO  server.RaftServerConfigKeys (ConfUtils.java:logGet(46)) - raft.server.write.follower.gap.ratio.max = -1.0 (default)
2022-10-10 08:38:38,787 [589fbfef-7b85-4b40-975b-46e767fe3451@group-7435FC31DD8C-LeaderElection14] INFO  impl.RoleInfo (RoleInfo.java:updateAndGet(139)) - 589fbfef-7b85-4b40-975b-46e767fe3451: start 589fbfef-7b85-4b40-975b-46e767fe3451@group-7435FC31DD8C-LeaderStateImpl
2022-10-10 08:38:38,788 [589fbfef-7b85-4b40-975b-46e767fe3451@group-7435FC31DD8C-LeaderElection14] INFO  segmented.SegmentedRaftLogWorker (SegmentedRaftLogWorker.java:startLogSegment(425)) - 589fbfef-7b85-4b40-975b-46e767fe3451@group-7435FC31DD8C-SegmentedRaftLogWorker: Starting segment from index:0
2022-10-10 08:38:38,791 [EventQueue-OpenPipelineForHealthyPipelineSafeModeRule] INFO  safemode.SCMSafeModeManager (HealthyPipelineSafeModeRule.java:process(137)) - SCM in safe mode. Healthy pipelines reported count is 0, required healthy pipeline reported count is 1
2022-10-10 08:38:38,793 [589fbfef-7b85-4b40-975b-46e767fe3451@group-7435FC31DD8C-SegmentedRaftLogWorker] INFO  segmented.SegmentedRaftLogWorker (SegmentedRaftLogWorker.java:execute(629)) - 589fbfef-7b85-4b40-975b-46e767fe3451@group-7435FC31DD8C-SegmentedRaftLogWorker: created new log segment /home/runner/work/ozone/ozone/hadoop-ozone/integration-test/target/test-dir/MiniOzoneClusterImpl-48dafe68-2a65-4a21-9ceb-731b54627123/datanode-0/data/ratis/586f481b-047c-419a-9497-7435fc31dd8c/current/log_inprogress_0
2022-10-10 08:38:38,806 [589fbfef-7b85-4b40-975b-46e767fe3451@group-7435FC31DD8C-LeaderElection14] INFO  server.RaftServer$Division (ServerState.java:setRaftConf(393)) - 589fbfef-7b85-4b40-975b-46e767fe3451@group-7435FC31DD8C: set configuration 0: [589fbfef-7b85-4b40-975b-46e767fe3451|rpc:10.1.0.114:37327|dataStream:|priority:1], old=null
2022-10-10 08:38:38,836 [589fbfef-7b85-4b40-975b-46e767fe3451@group-38B366A9FD09-FollowerState] INFO  impl.FollowerState (FollowerState.java:run(143)) - 589fbfef-7b85-4b40-975b-46e767fe3451@group-38B366A9FD09-FollowerState: change to CANDIDATE, lastRpcElapsedTime:5078236328ns, electionTimeout:5069ms
2022-10-10 08:38:38,836 [589fbfef-7b85-4b40-975b-46e767fe3451@group-38B366A9FD09-FollowerState] INFO  impl.RoleInfo (RoleInfo.java:shutdownFollowerState(110)) - 589fbfef-7b85-4b40-975b-46e767fe3451: shutdown 589fbfef-7b85-4b40-975b-46e767fe3451@group-38B366A9FD09-FollowerState
2022-10-10 08:38:38,836 [589fbfef-7b85-4b40-975b-46e767fe3451@group-38B366A9FD09-FollowerState] INFO  server.RaftServer$Division (RaftServerImpl.java:setRole(299)) - 589fbfef-7b85-4b40-975b-46e767fe3451@group-38B366A9FD09: changes role from  FOLLOWER to CANDIDATE at term 0 for changeToCandidate
2022-10-10 08:38:38,836 [589fbfef-7b85-4b40-975b-46e767fe3451@group-38B366A9FD09-FollowerState] INFO  server.RaftServerConfigKeys (ConfUtils.java:logGet(46)) - raft.server.leaderelection.pre-vote = false (custom)
2022-10-10 08:38:38,836 [589fbfef-7b85-4b40-975b-46e767fe3451@group-38B366A9FD09-FollowerState] INFO  impl.RoleInfo (RoleInfo.java:updateAndGet(139)) - 589fbfef-7b85-4b40-975b-46e767fe3451: start 589fbfef-7b85-4b40-975b-46e767fe3451@group-38B366A9FD09-LeaderElection15
2022-10-10 08:38:38,853 [589fbfef-7b85-4b40-975b-46e767fe3451@group-38B366A9FD09-LeaderElection15] INFO  impl.LeaderElection (LeaderElection.java:askForVotes(310)) - 589fbfef-7b85-4b40-975b-46e767fe3451@group-38B366A9FD09-LeaderElection15 ELECTION round 0: submit vote requests at term 1 for -1: [22afd6e4-8e85-4fe8-a1ff-afcedf5143bf|rpc:10.1.0.114:38607|priority:0, 589fbfef-7b85-4b40-975b-46e767fe3451|rpc:10.1.0.114:37327|priority:1, 606b3dcd-c583-45a5-a0cf-b179208ecf3f|rpc:10.1.0.114:39749|priority:0], old=null
2022-10-10 08:38:38,885 [grpc-default-executor-0] INFO  server.RaftServer$Division (RaftServerImpl.java:requestVote(1152)) - 22afd6e4-8e85-4fe8-a1ff-afcedf5143bf@group-38B366A9FD09: receive requestVote(ELECTION, 589fbfef-7b85-4b40-975b-46e767fe3451, group-38B366A9FD09, 1, (t:0, i:0))
2022-10-10 08:38:38,885 [grpc-default-executor-0] INFO  impl.VoteContext (VoteContext.java:log(48)) - 22afd6e4-8e85-4fe8-a1ff-afcedf5143bf@group-38B366A9FD09-FOLLOWER: accept ELECTION from 589fbfef-7b85-4b40-975b-46e767fe3451: our priority 0 <= candidate's priority 1
2022-10-10 08:38:38,886 [grpc-default-executor-0] INFO  server.RaftServer$Division (RaftServerImpl.java:setRole(299)) - 22afd6e4-8e85-4fe8-a1ff-afcedf5143bf@group-38B366A9FD09: changes role from  FOLLOWER to FOLLOWER at term 1 for candidate:589fbfef-7b85-4b40-975b-46e767fe3451
2022-10-10 08:38:38,886 [grpc-default-executor-0] INFO  impl.RoleInfo (RoleInfo.java:shutdownFollowerState(110)) - 22afd6e4-8e85-4fe8-a1ff-afcedf5143bf: shutdown 22afd6e4-8e85-4fe8-a1ff-afcedf5143bf@group-38B366A9FD09-FollowerState
2022-10-10 08:38:38,886 [grpc-default-executor-0] INFO  impl.RoleInfo (RoleInfo.java:updateAndGet(139)) - 22afd6e4-8e85-4fe8-a1ff-afcedf5143bf: start 22afd6e4-8e85-4fe8-a1ff-afcedf5143bf@group-38B366A9FD09-FollowerState
2022-10-10 08:38:38,886 [22afd6e4-8e85-4fe8-a1ff-afcedf5143bf@group-38B366A9FD09-FollowerState] INFO  impl.FollowerState (FollowerState.java:run(152)) - 22afd6e4-8e85-4fe8-a1ff-afcedf5143bf@group-38B366A9FD09-FollowerState was interrupted
2022-10-10 08:38:38,902 [grpc-default-executor-1] INFO  server.RaftServer$Division (RaftServerImpl.java:requestVote(1152)) - 606b3dcd-c583-45a5-a0cf-b179208ecf3f@group-38B366A9FD09: receive requestVote(ELECTION, 589fbfef-7b85-4b40-975b-46e767fe3451, group-38B366A9FD09, 1, (t:0, i:0))
2022-10-10 08:38:38,902 [grpc-default-executor-1] INFO  impl.VoteContext (VoteContext.java:log(48)) - 606b3dcd-c583-45a5-a0cf-b179208ecf3f@group-38B366A9FD09-FOLLOWER: accept ELECTION from 589fbfef-7b85-4b40-975b-46e767fe3451: our priority 0 <= candidate's priority 1
2022-10-10 08:38:38,902 [grpc-default-executor-1] INFO  server.RaftServer$Division (RaftServerImpl.java:setRole(299)) - 606b3dcd-c583-45a5-a0cf-b179208ecf3f@group-38B366A9FD09: changes role from  FOLLOWER to FOLLOWER at term 1 for candidate:589fbfef-7b85-4b40-975b-46e767fe3451
2022-10-10 08:38:38,902 [grpc-default-executor-1] INFO  impl.RoleInfo (RoleInfo.java:shutdownFollowerState(110)) - 606b3dcd-c583-45a5-a0cf-b179208ecf3f: shutdown 606b3dcd-c583-45a5-a0cf-b179208ecf3f@group-38B366A9FD09-FollowerState
2022-10-10 08:38:38,902 [grpc-default-executor-1] INFO  impl.RoleInfo (RoleInfo.java:updateAndGet(139)) - 606b3dcd-c583-45a5-a0cf-b179208ecf3f: start 606b3dcd-c583-45a5-a0cf-b179208ecf3f@group-38B366A9FD09-FollowerState
2022-10-10 08:38:38,903 [grpc-default-executor-0] INFO  server.RaftServer$Division (RaftServerImpl.java:requestVote(1184)) - 22afd6e4-8e85-4fe8-a1ff-afcedf5143bf@group-38B366A9FD09 replies to ELECTION vote request: 589fbfef-7b85-4b40-975b-46e767fe3451<-22afd6e4-8e85-4fe8-a1ff-afcedf5143bf#0:OK-t1. Peer's state: 22afd6e4-8e85-4fe8-a1ff-afcedf5143bf@group-38B366A9FD09:t1, leader=null, voted=589fbfef-7b85-4b40-975b-46e767fe3451, raftlog=22afd6e4-8e85-4fe8-a1ff-afcedf5143bf@group-38B366A9FD09-SegmentedRaftLog:OPENED:c-1, conf=-1: [22afd6e4-8e85-4fe8-a1ff-afcedf5143bf|rpc:10.1.0.114:38607|dataStream:|priority:0, 589fbfef-7b85-4b40-975b-46e767fe3451|rpc:10.1.0.114:37327|dataStream:|priority:1, 606b3dcd-c583-45a5-a0cf-b179208ecf3f|rpc:10.1.0.114:39749|dataStream:|priority:0], old=null
2022-10-10 08:38:38,904 [606b3dcd-c583-45a5-a0cf-b179208ecf3f@group-38B366A9FD09-FollowerState] INFO  impl.FollowerState (FollowerState.java:run(152)) - 606b3dcd-c583-45a5-a0cf-b179208ecf3f@group-38B366A9FD09-FollowerState was interrupted
2022-10-10 08:38:38,912 [589fbfef-7b85-4b40-975b-46e767fe3451@group-38B366A9FD09-LeaderElection15] INFO  impl.LeaderElection (LeaderElection.java:logAndReturn(90)) - 589fbfef-7b85-4b40-975b-46e767fe3451@group-38B366A9FD09-LeaderElection15: ELECTION PASSED received 1 response(s) and 0 exception(s):
2022-10-10 08:38:38,913 [589fbfef-7b85-4b40-975b-46e767fe3451@group-38B366A9FD09-LeaderElection15] INFO  impl.LeaderElection (LeaderElection.java:logAndReturn(94)) -   Response 0: 589fbfef-7b85-4b40-975b-46e767fe3451<-22afd6e4-8e85-4fe8-a1ff-afcedf5143bf#0:OK-t1
2022-10-10 08:38:38,913 [grpc-default-executor-1] INFO  server.RaftServer$Division (RaftServerImpl.java:requestVote(1184)) - 606b3dcd-c583-45a5-a0cf-b179208ecf3f@group-38B366A9FD09 replies to ELECTION vote request: 589fbfef-7b85-4b40-975b-46e767fe3451<-606b3dcd-c583-45a5-a0cf-b179208ecf3f#0:OK-t1. Peer's state: 606b3dcd-c583-45a5-a0cf-b179208ecf3f@group-38B366A9FD09:t1, leader=null, voted=589fbfef-7b85-4b40-975b-46e767fe3451, raftlog=606b3dcd-c583-45a5-a0cf-b179208ecf3f@group-38B366A9FD09-SegmentedRaftLog:OPENED:c-1, conf=-1: [22afd6e4-8e85-4fe8-a1ff-afcedf5143bf|rpc:10.1.0.114:38607|dataStream:|priority:0, 589fbfef-7b85-4b40-975b-46e767fe3451|rpc:10.1.0.114:37327|dataStream:|priority:1, 606b3dcd-c583-45a5-a0cf-b179208ecf3f|rpc:10.1.0.114:39749|dataStream:|priority:0], old=null
2022-10-10 08:38:38,913 [589fbfef-7b85-4b40-975b-46e767fe3451@group-38B366A9FD09-LeaderElection15] INFO  impl.LeaderElection (LeaderElection.java:askForVotes(312)) - 589fbfef-7b85-4b40-975b-46e767fe3451@group-38B366A9FD09-LeaderElection15 ELECTION round 0: result PASSED
2022-10-10 08:38:38,913 [589fbfef-7b85-4b40-975b-46e767fe3451@group-38B366A9FD09-LeaderElection15] INFO  impl.RoleInfo (RoleInfo.java:shutdownLeaderElection(130)) - 589fbfef-7b85-4b40-975b-46e767fe3451: shutdown 589fbfef-7b85-4b40-975b-46e767fe3451@group-38B366A9FD09-LeaderElection15
2022-10-10 08:38:38,913 [589fbfef-7b85-4b40-975b-46e767fe3451@group-38B366A9FD09-LeaderElection15] INFO  server.RaftServer$Division (RaftServerImpl.java:setRole(299)) - 589fbfef-7b85-4b40-975b-46e767fe3451@group-38B366A9FD09: changes role from CANDIDATE to LEADER at term 1 for changeToLeader
2022-10-10 08:38:38,913 [589fbfef-7b85-4b40-975b-46e767fe3451@group-38B366A9FD09-LeaderElection15] INFO  ratis.XceiverServerRatis (XceiverServerRatis.java:handleLeaderChangedNotification(863)) - Leader change notification received for group: group-38B366A9FD09 with new leaderId: 589fbfef-7b85-4b40-975b-46e767fe3451
2022-10-10 08:38:38,913 [589fbfef-7b85-4b40-975b-46e767fe3451@group-38B366A9FD09-LeaderElection15] INFO  server.RaftServer$Division (ServerState.java:setLeader(287)) - 589fbfef-7b85-4b40-975b-46e767fe3451@group-38B366A9FD09: change Leader from null to 589fbfef-7b85-4b40-975b-46e767fe3451 at term 1 for becomeLeader, leader elected after 5185ms
2022-10-10 08:38:38,913 [589fbfef-7b85-4b40-975b-46e767fe3451@group-38B366A9FD09-LeaderElection15] INFO  server.RaftServerConfigKeys (ConfUtils.java:logGet(46)) - raft.server.staging.catchup.gap = 1000 (default)
2022-10-10 08:38:38,914 [589fbfef-7b85-4b40-975b-46e767fe3451@group-38B366A9FD09-LeaderElection15] INFO  server.RaftServerConfigKeys (ConfUtils.java:logGet(46)) - raft.server.write.element-limit = 1024 (custom)
2022-10-10 08:38:38,914 [589fbfef-7b85-4b40-975b-46e767fe3451@group-38B366A9FD09-LeaderElection15] INFO  server.RaftServerConfigKeys (ConfUtils.java:logGet(46)) - raft.server.write.byte-limit = 1024 M (=1073741824) (custom)
2022-10-10 08:38:38,914 [589fbfef-7b85-4b40-975b-46e767fe3451@group-38B366A9FD09-LeaderElection15] INFO  server.RaftServerConfigKeys (ConfUtils.java:logGet(46)) - raft.server.watch.timeout = 180s (custom)
2022-10-10 08:38:38,914 [589fbfef-7b85-4b40-975b-46e767fe3451@group-38B366A9FD09-LeaderElection15] INFO  server.RaftServerConfigKeys (ConfUtils.java:logGet(46)) - raft.server.watch.timeout.denomination = 1s (default)
2022-10-10 08:38:38,914 [589fbfef-7b85-4b40-975b-46e767fe3451@group-38B366A9FD09-LeaderElection15] INFO  server.RaftServerConfigKeys (ConfUtils.java:logGet(46)) - raft.server.watch.element-limit = 65536 (default)
2022-10-10 08:38:38,914 [589fbfef-7b85-4b40-975b-46e767fe3451@group-38B366A9FD09-LeaderElection15] INFO  server.RaftServerConfigKeys (ConfUtils.java:logGet(46)) - raft.server.write.element-limit = 1024 (custom)
2022-10-10 08:38:38,914 [589fbfef-7b85-4b40-975b-46e767fe3451@group-38B366A9FD09-LeaderElection15] INFO  server.RaftServerConfigKeys (ConfUtils.java:logGet(46)) - raft.server.write.follower.gap.ratio.max = -1.0 (default)
2022-10-10 08:38:38,915 [589fbfef-7b85-4b40-975b-46e767fe3451@group-38B366A9FD09-LeaderElection15] INFO  server.RaftServerConfigKeys (ConfUtils.java:logGet(46)) - raft.server.log.appender.snapshot.chunk.size.max = 16MB (=16777216) (default)
2022-10-10 08:38:38,915 [589fbfef-7b85-4b40-975b-46e767fe3451@group-38B366A9FD09-LeaderElection15] INFO  server.RaftServerConfigKeys (ConfUtils.java:logGet(46)) - raft.server.log.appender.buffer.byte-limit = 33554432 (custom)
2022-10-10 08:38:38,915 [589fbfef-7b85-4b40-975b-46e767fe3451@group-38B366A9FD09-LeaderElection15] INFO  server.RaftServerConfigKeys (ConfUtils.java:logGet(46)) - raft.server.log.appender.buffer.element-limit = 1 (custom)
2022-10-10 08:38:38,915 [589fbfef-7b85-4b40-975b-46e767fe3451@group-38B366A9FD09-LeaderElection15] INFO  grpc.GrpcConfigKeys (ConfUtils.java:logGet(46)) - raft.grpc.server.leader.outstanding.appends.max = 128 (default)
2022-10-10 08:38:38,915 [589fbfef-7b85-4b40-975b-46e767fe3451@group-38B366A9FD09-LeaderElection15] INFO  server.RaftServerConfigKeys (ConfUtils.java:logGet(46)) - raft.server.rpc.request.timeout = 60s (custom)
2022-10-10 08:38:38,915 [589fbfef-7b85-4b40-975b-46e767fe3451@group-38B366A9FD09-LeaderElection15] INFO  server.RaftServerConfigKeys (ConfUtils.java:logGet(46)) - raft.server.log.appender.install.snapshot.enabled = false (custom)
2022-10-10 08:38:38,920 [EventQueue-PipelineReportForPipelineReportHandler] INFO  pipeline.PipelineManagerImpl (PipelineManagerImpl.java:openPipeline(367)) - Pipeline Pipeline[ Id: 7f65876c-06f0-4e87-92b1-38b366a9fd09, Nodes: 22afd6e4-8e85-4fe8-a1ff-afcedf5143bf{ip: 10.1.0.114, host: fv-az292-843.tqgtyn10aqxuxoi0mkfbldi5vh.jx.internal.cloudapp.net, ports: [REPLICATION=45351, RATIS=38607, RATIS_ADMIN=38607, RATIS_SERVER=38607, STANDALONE=33239], networkLocation: /default-rack, certSerialId: null, persistedOpState: IN_SERVICE, persistedOpStateExpiryEpochSec: 0}589fbfef-7b85-4b40-975b-46e767fe3451{ip: 10.1.0.114, host: fv-az292-843.tqgtyn10aqxuxoi0mkfbldi5vh.jx.internal.cloudapp.net, ports: [REPLICATION=33681, RATIS=37327, RATIS_ADMIN=37327, RATIS_SERVER=37327, STANDALONE=36059], networkLocation: /default-rack, certSerialId: null, persistedOpState: IN_SERVICE, persistedOpStateExpiryEpochSec: 0}606b3dcd-c583-45a5-a0cf-b179208ecf3f{ip: 10.1.0.114, host: fv-az292-843.tqgtyn10aqxuxoi0mkfbldi5vh.jx.internal.cloudapp.net, ports: [REPLICATION=40645, RATIS=39749, RATIS_ADMIN=39749, RATIS_SERVER=39749, STANDALONE=35307], networkLocation: /default-rack, certSerialId: null, persistedOpState: IN_SERVICE, persistedOpStateExpiryEpochSec: 0}, ReplicationConfig: RATIS/THREE, State:ALLOCATED, leaderId:589fbfef-7b85-4b40-975b-46e767fe3451, CreationTimestamp2022-10-10T08:38:31.842Z[Etc/UTC]] moved to OPEN state
2022-10-10 08:38:38,925 [EventQueue-OpenPipelineForHealthyPipelineSafeModeRule] INFO  safemode.SCMSafeModeManager (HealthyPipelineSafeModeRule.java:process(137)) - SCM in safe mode. Healthy pipelines reported count is 1, required healthy pipeline reported count is 1
2022-10-10 08:38:38,925 [EventQueue-OpenPipelineForHealthyPipelineSafeModeRule] INFO  safemode.SCMSafeModeManager (SCMSafeModeManager.java:validateSafeModeExitRules(204)) - HealthyPipelineSafeModeRule rule is successfully validated
2022-10-10 08:38:38,925 [EventQueue-OpenPipelineForHealthyPipelineSafeModeRule] INFO  safemode.SCMSafeModeManager (SCMSafeModeManager.java:validateSafeModeExitRules(219)) - ScmSafeModeManager, all rules are successfully validated
2022-10-10 08:38:38,925 [EventQueue-OpenPipelineForHealthyPipelineSafeModeRule] INFO  safemode.SCMSafeModeManager (SCMSafeModeManager.java:exitSafeMode(248)) - SCM exiting safe mode.
2022-10-10 08:38:38,925 [EventQueue-OpenPipelineForHealthyPipelineSafeModeRule] WARN  events.EventQueue (EventQueue.java:fireEvent(216)) - No event handler registered for event TypedEvent{payloadType=SafeModeStatus, name='Safe mode status'}
2022-10-10 08:38:38,925 [EventQueue-OpenPipelineForHealthyPipelineSafeModeRule] INFO  ha.SCMContext (SCMContext.java:updateSafeModeStatus(228)) - Update SafeModeStatus from SafeModeStatus{safeModeStatus=true, preCheckPassed=true} to SafeModeStatus{safeModeStatus=false, preCheckPassed=true}.
2022-10-10 08:38:38,925 [EventQueue-OpenPipelineForHealthyPipelineSafeModeRule] INFO  pipeline.BackgroundPipelineCreator (BackgroundPipelineCreator.java:notifyStatusChanged(254)) - Service BackgroundPipelineCreator transitions to RUNNING.
2022-10-10 08:38:38,925 [EventQueue-OpenPipelineForHealthyPipelineSafeModeRule] INFO  BackgroundPipelineScrubber (BackgroundSCMService.java:notifyStatusChanged(82)) - Service BackgroundPipelineScrubber transitions to RUNNING.
2022-10-10 08:38:38,925 [EventQueue-OpenPipelineForHealthyPipelineSafeModeRule] INFO  ExpiredContainerReplicaOpScrubber (BackgroundSCMService.java:notifyStatusChanged(82)) - Service ExpiredContainerReplicaOpScrubber transitions to RUNNING.
2022-10-10 08:38:38,925 [EventQueue-OpenPipelineForHealthyPipelineSafeModeRule] INFO  replication.ReplicationManager (ReplicationManager.java:notifyStatusChanged(728)) - Service ReplicationManager transitions to RUNNING.
2022-10-10 08:38:38,921 [589fbfef-7b85-4b40-975b-46e767fe3451@group-38B366A9FD09-LeaderElection15] INFO  server.RaftServerConfigKeys (ConfUtils.java:logGet(46)) - raft.server.log.appender.snapshot.chunk.size.max = 16MB (=16777216) (default)
2022-10-10 08:38:38,926 [EventQueue-OpenPipelineForHealthyPipelineSafeModeRule] WARN  balancer.ContainerBalancer (ContainerBalancer.java:shouldRun(936)) - Could not find persisted configuration for ContainerBalancer when checking if ContainerBalancer should run. ContainerBalancer should not run now.
2022-10-10 08:38:38,926 [589fbfef-7b85-4b40-975b-46e767fe3451@group-38B366A9FD09-LeaderElection15] INFO  server.RaftServerConfigKeys (ConfUtils.java:logGet(46)) - raft.server.log.appender.buffer.byte-limit = 33554432 (custom)
2022-10-10 08:38:38,927 [589fbfef-7b85-4b40-975b-46e767fe3451@group-38B366A9FD09-LeaderElection15] INFO  server.RaftServerConfigKeys (ConfUtils.java:logGet(46)) - raft.server.log.appender.buffer.element-limit = 1 (custom)
2022-10-10 08:38:38,927 [589fbfef-7b85-4b40-975b-46e767fe3451@group-38B366A9FD09-LeaderElection15] INFO  grpc.GrpcConfigKeys (ConfUtils.java:logGet(46)) - raft.grpc.server.leader.outstanding.appends.max = 128 (default)
2022-10-10 08:38:38,927 [589fbfef-7b85-4b40-975b-46e767fe3451@group-38B366A9FD09-LeaderElection15] INFO  server.RaftServerConfigKeys (ConfUtils.java:logGet(46)) - raft.server.rpc.request.timeout = 60s (custom)
2022-10-10 08:38:38,927 [589fbfef-7b85-4b40-975b-46e767fe3451@group-38B366A9FD09-LeaderElection15] INFO  server.RaftServerConfigKeys (ConfUtils.java:logGet(46)) - raft.server.log.appender.install.snapshot.enabled = false (custom)
2022-10-10 08:38:38,927 [589fbfef-7b85-4b40-975b-46e767fe3451@group-38B366A9FD09-LeaderElection15] INFO  impl.RoleInfo (RoleInfo.java:updateAndGet(139)) - 589fbfef-7b85-4b40-975b-46e767fe3451: start 589fbfef-7b85-4b40-975b-46e767fe3451@group-38B366A9FD09-LeaderStateImpl
2022-10-10 08:38:38,927 [589fbfef-7b85-4b40-975b-46e767fe3451@group-38B366A9FD09-LeaderElection15] INFO  segmented.SegmentedRaftLogWorker (SegmentedRaftLogWorker.java:startLogSegment(425)) - 589fbfef-7b85-4b40-975b-46e767fe3451@group-38B366A9FD09-SegmentedRaftLogWorker: Starting segment from index:0
2022-10-10 08:38:38,929 [589fbfef-7b85-4b40-975b-46e767fe3451@group-38B366A9FD09-SegmentedRaftLogWorker] INFO  segmented.SegmentedRaftLogWorker (SegmentedRaftLogWorker.java:execute(629)) - 589fbfef-7b85-4b40-975b-46e767fe3451@group-38B366A9FD09-SegmentedRaftLogWorker: created new log segment /home/runner/work/ozone/ozone/hadoop-ozone/integration-test/target/test-dir/MiniOzoneClusterImpl-48dafe68-2a65-4a21-9ceb-731b54627123/datanode-0/data/ratis/7f65876c-06f0-4e87-92b1-38b366a9fd09/current/log_inprogress_0
2022-10-10 08:38:38,942 [589fbfef-7b85-4b40-975b-46e767fe3451@group-38B366A9FD09-LeaderElection15] INFO  server.RaftServer$Division (ServerState.java:setRaftConf(393)) - 589fbfef-7b85-4b40-975b-46e767fe3451@group-38B366A9FD09: set configuration 0: [22afd6e4-8e85-4fe8-a1ff-afcedf5143bf|rpc:10.1.0.114:38607|dataStream:|priority:0, 589fbfef-7b85-4b40-975b-46e767fe3451|rpc:10.1.0.114:37327|dataStream:|priority:1, 606b3dcd-c583-45a5-a0cf-b179208ecf3f|rpc:10.1.0.114:39749|dataStream:|priority:0], old=null
2022-10-10 08:38:39,009 [Listener at 127.0.0.1/43231] INFO  ozone.MiniOzoneClusterImpl (MiniOzoneClusterImpl.java:lambda$waitForClusterToBeReady$0(216)) - Nodes are ready. Got 5 of 5 DN Heartbeats.
2022-10-10 08:38:39,009 [Listener at 127.0.0.1/43231] INFO  ozone.MiniOzoneClusterImpl (MiniOzoneClusterImpl.java:lambda$waitForClusterToBeReady$0(219)) - Cluster exits safe mode
2022-10-10 08:38:39,009 [Listener at 127.0.0.1/43231] INFO  ozone.MiniOzoneClusterImpl (MiniOzoneClusterImpl.java:lambda$waitForClusterToBeReady$0(221)) - SCM became leader
2022-10-10 08:38:39,032 [22afd6e4-8e85-4fe8-a1ff-afcedf5143bf-server-thread1] INFO  ratis.XceiverServerRatis (XceiverServerRatis.java:handleLeaderChangedNotification(863)) - Leader change notification received for group: group-38B366A9FD09 with new leaderId: 589fbfef-7b85-4b40-975b-46e767fe3451
2022-10-10 08:38:39,032 [22afd6e4-8e85-4fe8-a1ff-afcedf5143bf-server-thread1] INFO  server.RaftServer$Division (ServerState.java:setLeader(287)) - 22afd6e4-8e85-4fe8-a1ff-afcedf5143bf@group-38B366A9FD09: change Leader from null to 589fbfef-7b85-4b40-975b-46e767fe3451 at term 1 for appendEntries, leader elected after 5179ms
2022-10-10 08:38:39,057 [22afd6e4-8e85-4fe8-a1ff-afcedf5143bf-server-thread1] INFO  server.RaftServer$Division (ServerState.java:setRaftConf(393)) - 22afd6e4-8e85-4fe8-a1ff-afcedf5143bf@group-38B366A9FD09: set configuration 0: [22afd6e4-8e85-4fe8-a1ff-afcedf5143bf|rpc:10.1.0.114:38607|dataStream:|priority:0, 589fbfef-7b85-4b40-975b-46e767fe3451|rpc:10.1.0.114:37327|dataStream:|priority:1, 606b3dcd-c583-45a5-a0cf-b179208ecf3f|rpc:10.1.0.114:39749|dataStream:|priority:0], old=null
2022-10-10 08:38:39,057 [22afd6e4-8e85-4fe8-a1ff-afcedf5143bf-server-thread1] INFO  segmented.SegmentedRaftLogWorker (SegmentedRaftLogWorker.java:startLogSegment(425)) - 22afd6e4-8e85-4fe8-a1ff-afcedf5143bf@group-38B366A9FD09-SegmentedRaftLogWorker: Starting segment from index:0
2022-10-10 08:38:39,058 [606b3dcd-c583-45a5-a0cf-b179208ecf3f-server-thread1] INFO  ratis.XceiverServerRatis (XceiverServerRatis.java:handleLeaderChangedNotification(863)) - Leader change notification received for group: group-38B366A9FD09 with new leaderId: 589fbfef-7b85-4b40-975b-46e767fe3451
2022-10-10 08:38:39,058 [606b3dcd-c583-45a5-a0cf-b179208ecf3f-server-thread1] INFO  server.RaftServer$Division (ServerState.java:setLeader(287)) - 606b3dcd-c583-45a5-a0cf-b179208ecf3f@group-38B366A9FD09: change Leader from null to 589fbfef-7b85-4b40-975b-46e767fe3451 at term 1 for appendEntries, leader elected after 5087ms
2022-10-10 08:38:39,062 [606b3dcd-c583-45a5-a0cf-b179208ecf3f-server-thread1] INFO  server.RaftServer$Division (ServerState.java:setRaftConf(393)) - 606b3dcd-c583-45a5-a0cf-b179208ecf3f@group-38B366A9FD09: set configuration 0: [22afd6e4-8e85-4fe8-a1ff-afcedf5143bf|rpc:10.1.0.114:38607|dataStream:|priority:0, 589fbfef-7b85-4b40-975b-46e767fe3451|rpc:10.1.0.114:37327|dataStream:|priority:1, 606b3dcd-c583-45a5-a0cf-b179208ecf3f|rpc:10.1.0.114:39749|dataStream:|priority:0], old=null
2022-10-10 08:38:39,062 [606b3dcd-c583-45a5-a0cf-b179208ecf3f-server-thread1] INFO  segmented.SegmentedRaftLogWorker (SegmentedRaftLogWorker.java:startLogSegment(425)) - 606b3dcd-c583-45a5-a0cf-b179208ecf3f@group-38B366A9FD09-SegmentedRaftLogWorker: Starting segment from index:0
2022-10-10 08:38:39,069 [606b3dcd-c583-45a5-a0cf-b179208ecf3f@group-38B366A9FD09-SegmentedRaftLogWorker] INFO  segmented.SegmentedRaftLogWorker (SegmentedRaftLogWorker.java:execute(629)) - 606b3dcd-c583-45a5-a0cf-b179208ecf3f@group-38B366A9FD09-SegmentedRaftLogWorker: created new log segment /home/runner/work/ozone/ozone/hadoop-ozone/integration-test/target/test-dir/MiniOzoneClusterImpl-48dafe68-2a65-4a21-9ceb-731b54627123/datanode-1/data/ratis/7f65876c-06f0-4e87-92b1-38b366a9fd09/current/log_inprogress_0
2022-10-10 08:38:39,088 [22afd6e4-8e85-4fe8-a1ff-afcedf5143bf@group-38B366A9FD09-SegmentedRaftLogWorker] INFO  segmented.SegmentedRaftLogWorker (SegmentedRaftLogWorker.java:execute(629)) - 22afd6e4-8e85-4fe8-a1ff-afcedf5143bf@group-38B366A9FD09-SegmentedRaftLogWorker: created new log segment /home/runner/work/ozone/ozone/hadoop-ozone/integration-test/target/test-dir/MiniOzoneClusterImpl-48dafe68-2a65-4a21-9ceb-731b54627123/datanode-2/data/ratis/7f65876c-06f0-4e87-92b1-38b366a9fd09/current/log_inprogress_0
2022-10-10 08:38:39,141 [Listener at 127.0.0.1/43231] INFO  rpc.RpcClient (RpcClient.java:createVolume(471)) - Creating Volume: volume27327, with user13178 as owner and space quota set to -1 bytes, counts quota set to -1
2022-10-10 08:38:39,148 [IPC Server handler 2 on default port 43231] INFO  volume.OMVolumeCreateRequest (OMVolumeCreateRequest.java:validateAndUpdateCache(195)) - created volume:volume27327 for user:user13178
2022-10-10 08:38:39,168 [589fbfef-7b85-4b40-975b-46e767fe3451@group-248D4464D7E9-FollowerState] INFO  impl.FollowerState (FollowerState.java:run(143)) - 589fbfef-7b85-4b40-975b-46e767fe3451@group-248D4464D7E9-FollowerState: change to CANDIDATE, lastRpcElapsedTime:5108358745ns, electionTimeout:5106ms
2022-10-10 08:38:39,168 [589fbfef-7b85-4b40-975b-46e767fe3451@group-248D4464D7E9-FollowerState] INFO  impl.RoleInfo (RoleInfo.java:shutdownFollowerState(110)) - 589fbfef-7b85-4b40-975b-46e767fe3451: shutdown 589fbfef-7b85-4b40-975b-46e767fe3451@group-248D4464D7E9-FollowerState
2022-10-10 08:38:39,189 [589fbfef-7b85-4b40-975b-46e767fe3451@group-248D4464D7E9-FollowerState] INFO  server.RaftServer$Division (RaftServerImpl.java:setRole(299)) - 589fbfef-7b85-4b40-975b-46e767fe3451@group-248D4464D7E9: changes role from  FOLLOWER to CANDIDATE at term 0 for changeToCandidate
2022-10-10 08:38:39,189 [589fbfef-7b85-4b40-975b-46e767fe3451@group-248D4464D7E9-FollowerState] INFO  server.RaftServerConfigKeys (ConfUtils.java:logGet(46)) - raft.server.leaderelection.pre-vote = false (custom)
2022-10-10 08:38:39,189 [589fbfef-7b85-4b40-975b-46e767fe3451@group-248D4464D7E9-FollowerState] INFO  impl.RoleInfo (RoleInfo.java:updateAndGet(139)) - 589fbfef-7b85-4b40-975b-46e767fe3451: start 589fbfef-7b85-4b40-975b-46e767fe3451@group-248D4464D7E9-LeaderElection16
2022-10-10 08:38:39,210 [Listener at 127.0.0.1/43231] INFO  rpc.RpcClient (RpcClient.java:createBucket(674)) - Creating Bucket: volume27327/bucket40120, with bucket layout LEGACY, runner as owner, Versioning false, Storage Type set to DISK and Encryption set to false 
2022-10-10 08:38:39,219 [589fbfef-7b85-4b40-975b-46e767fe3451@group-248D4464D7E9-LeaderElection16] INFO  impl.LeaderElection (LeaderElection.java:askForVotes(310)) - 589fbfef-7b85-4b40-975b-46e767fe3451@group-248D4464D7E9-LeaderElection16 ELECTION round 0: submit vote requests at term 1 for -1: [22afd6e4-8e85-4fe8-a1ff-afcedf5143bf|rpc:10.1.0.114:38607|priority:0, 589fbfef-7b85-4b40-975b-46e767fe3451|rpc:10.1.0.114:37327|priority:0, 606b3dcd-c583-45a5-a0cf-b179208ecf3f|rpc:10.1.0.114:39749|priority:1], old=null
2022-10-10 08:38:39,217 [IPC Server handler 5 on default port 43231] INFO  bucket.OMBucketCreateRequest (OMBucketCreateRequest.java:validateAndUpdateCache(260)) - created bucket: bucket40120 of layout LEGACY in volume: volume27327
2022-10-10 08:38:39,238 [grpc-default-executor-2] INFO  server.RaftServer$Division (RaftServerImpl.java:requestVote(1152)) - 22afd6e4-8e85-4fe8-a1ff-afcedf5143bf@group-248D4464D7E9: receive requestVote(ELECTION, 589fbfef-7b85-4b40-975b-46e767fe3451, group-248D4464D7E9, 1, (t:0, i:0))
2022-10-10 08:38:39,239 [grpc-default-executor-2] INFO  impl.VoteContext (VoteContext.java:log(48)) - 22afd6e4-8e85-4fe8-a1ff-afcedf5143bf@group-248D4464D7E9-FOLLOWER: accept ELECTION from 589fbfef-7b85-4b40-975b-46e767fe3451: our priority 0 <= candidate's priority 0
2022-10-10 08:38:39,239 [grpc-default-executor-2] INFO  server.RaftServer$Division (RaftServerImpl.java:setRole(299)) - 22afd6e4-8e85-4fe8-a1ff-afcedf5143bf@group-248D4464D7E9: changes role from  FOLLOWER to FOLLOWER at term 1 for candidate:589fbfef-7b85-4b40-975b-46e767fe3451
2022-10-10 08:38:39,239 [grpc-default-executor-2] INFO  impl.RoleInfo (RoleInfo.java:shutdownFollowerState(110)) - 22afd6e4-8e85-4fe8-a1ff-afcedf5143bf: shutdown 22afd6e4-8e85-4fe8-a1ff-afcedf5143bf@group-248D4464D7E9-FollowerState
2022-10-10 08:38:39,239 [grpc-default-executor-2] INFO  impl.RoleInfo (RoleInfo.java:updateAndGet(139)) - 22afd6e4-8e85-4fe8-a1ff-afcedf5143bf: start 22afd6e4-8e85-4fe8-a1ff-afcedf5143bf@group-248D4464D7E9-FollowerState
2022-10-10 08:38:39,240 [22afd6e4-8e85-4fe8-a1ff-afcedf5143bf@group-248D4464D7E9-FollowerState] INFO  impl.FollowerState (FollowerState.java:run(152)) - 22afd6e4-8e85-4fe8-a1ff-afcedf5143bf@group-248D4464D7E9-FollowerState was interrupted
2022-10-10 08:38:39,272 [grpc-default-executor-2] INFO  server.RaftServer$Division (RaftServerImpl.java:requestVote(1184)) - 22afd6e4-8e85-4fe8-a1ff-afcedf5143bf@group-248D4464D7E9 replies to ELECTION vote request: 589fbfef-7b85-4b40-975b-46e767fe3451<-22afd6e4-8e85-4fe8-a1ff-afcedf5143bf#0:OK-t1. Peer's state: 22afd6e4-8e85-4fe8-a1ff-afcedf5143bf@group-248D4464D7E9:t1, leader=null, voted=589fbfef-7b85-4b40-975b-46e767fe3451, raftlog=22afd6e4-8e85-4fe8-a1ff-afcedf5143bf@group-248D4464D7E9-SegmentedRaftLog:OPENED:c-1, conf=-1: [22afd6e4-8e85-4fe8-a1ff-afcedf5143bf|rpc:10.1.0.114:38607|dataStream:|priority:0, 589fbfef-7b85-4b40-975b-46e767fe3451|rpc:10.1.0.114:37327|dataStream:|priority:0, 606b3dcd-c583-45a5-a0cf-b179208ecf3f|rpc:10.1.0.114:39749|dataStream:|priority:1], old=null
2022-10-10 08:38:39,291 [grpc-default-executor-1] INFO  server.RaftServer$Division (RaftServerImpl.java:requestVote(1152)) - 606b3dcd-c583-45a5-a0cf-b179208ecf3f@group-248D4464D7E9: receive requestVote(ELECTION, 589fbfef-7b85-4b40-975b-46e767fe3451, group-248D4464D7E9, 1, (t:0, i:0))
2022-10-10 08:38:39,291 [grpc-default-executor-1] INFO  impl.VoteContext (VoteContext.java:log(48)) - 606b3dcd-c583-45a5-a0cf-b179208ecf3f@group-248D4464D7E9-FOLLOWER: reject ELECTION from 589fbfef-7b85-4b40-975b-46e767fe3451: our priority 1 > candidate's priority 0
2022-10-10 08:38:39,291 [grpc-default-executor-1] INFO  server.RaftServer$Division (RaftServerImpl.java:setRole(299)) - 606b3dcd-c583-45a5-a0cf-b179208ecf3f@group-248D4464D7E9: changes role from  FOLLOWER to FOLLOWER at term 1 for candidate:589fbfef-7b85-4b40-975b-46e767fe3451
2022-10-10 08:38:39,291 [grpc-default-executor-1] INFO  impl.RoleInfo (RoleInfo.java:shutdownFollowerState(110)) - 606b3dcd-c583-45a5-a0cf-b179208ecf3f: shutdown 606b3dcd-c583-45a5-a0cf-b179208ecf3f@group-248D4464D7E9-FollowerState
2022-10-10 08:38:39,291 [grpc-default-executor-1] INFO  impl.RoleInfo (RoleInfo.java:updateAndGet(139)) - 606b3dcd-c583-45a5-a0cf-b179208ecf3f: start 606b3dcd-c583-45a5-a0cf-b179208ecf3f@group-248D4464D7E9-FollowerState
2022-10-10 08:38:39,291 [606b3dcd-c583-45a5-a0cf-b179208ecf3f@group-248D4464D7E9-FollowerState] INFO  impl.FollowerState (FollowerState.java:run(152)) - 606b3dcd-c583-45a5-a0cf-b179208ecf3f@group-248D4464D7E9-FollowerState was interrupted
2022-10-10 08:38:39,307 [grpc-default-executor-1] INFO  server.RaftServer$Division (RaftServerImpl.java:requestVote(1184)) - 606b3dcd-c583-45a5-a0cf-b179208ecf3f@group-248D4464D7E9 replies to ELECTION vote request: 589fbfef-7b85-4b40-975b-46e767fe3451<-606b3dcd-c583-45a5-a0cf-b179208ecf3f#0:FAIL-t1. Peer's state: 606b3dcd-c583-45a5-a0cf-b179208ecf3f@group-248D4464D7E9:t1, leader=null, voted=null, raftlog=606b3dcd-c583-45a5-a0cf-b179208ecf3f@group-248D4464D7E9-SegmentedRaftLog:OPENED:c-1, conf=-1: [22afd6e4-8e85-4fe8-a1ff-afcedf5143bf|rpc:10.1.0.114:38607|dataStream:|priority:0, 589fbfef-7b85-4b40-975b-46e767fe3451|rpc:10.1.0.114:37327|dataStream:|priority:0, 606b3dcd-c583-45a5-a0cf-b179208ecf3f|rpc:10.1.0.114:39749|dataStream:|priority:1], old=null
2022-10-10 08:38:39,323 [589fbfef-7b85-4b40-975b-46e767fe3451@group-248D4464D7E9-LeaderElection16] INFO  impl.LeaderElection (LeaderElection.java:logAndReturn(90)) - 589fbfef-7b85-4b40-975b-46e767fe3451@group-248D4464D7E9-LeaderElection16: ELECTION REJECTED received 2 response(s) and 0 exception(s):
2022-10-10 08:38:39,323 [589fbfef-7b85-4b40-975b-46e767fe3451@group-248D4464D7E9-LeaderElection16] INFO  impl.LeaderElection (LeaderElection.java:logAndReturn(94)) -   Response 0: 589fbfef-7b85-4b40-975b-46e767fe3451<-22afd6e4-8e85-4fe8-a1ff-afcedf5143bf#0:OK-t1
2022-10-10 08:38:39,323 [589fbfef-7b85-4b40-975b-46e767fe3451@group-248D4464D7E9-LeaderElection16] INFO  impl.LeaderElection (LeaderElection.java:logAndReturn(94)) -   Response 1: 589fbfef-7b85-4b40-975b-46e767fe3451<-606b3dcd-c583-45a5-a0cf-b179208ecf3f#0:FAIL-t1
2022-10-10 08:38:39,323 [589fbfef-7b85-4b40-975b-46e767fe3451@group-248D4464D7E9-LeaderElection16] INFO  impl.LeaderElection (LeaderElection.java:askForVotes(312)) - 589fbfef-7b85-4b40-975b-46e767fe3451@group-248D4464D7E9-LeaderElection16 ELECTION round 0: result REJECTED
2022-10-10 08:38:39,323 [589fbfef-7b85-4b40-975b-46e767fe3451@group-248D4464D7E9-LeaderElection16] INFO  server.RaftServer$Division (RaftServerImpl.java:setRole(299)) - 589fbfef-7b85-4b40-975b-46e767fe3451@group-248D4464D7E9: changes role from CANDIDATE to FOLLOWER at term 1 for REJECTED
2022-10-10 08:38:39,323 [589fbfef-7b85-4b40-975b-46e767fe3451@group-248D4464D7E9-LeaderElection16] INFO  impl.RoleInfo (RoleInfo.java:shutdownLeaderElection(130)) - 589fbfef-7b85-4b40-975b-46e767fe3451: shutdown 589fbfef-7b85-4b40-975b-46e767fe3451@group-248D4464D7E9-LeaderElection16
2022-10-10 08:38:39,323 [589fbfef-7b85-4b40-975b-46e767fe3451@group-248D4464D7E9-LeaderElection16] INFO  impl.RoleInfo (RoleInfo.java:updateAndGet(139)) - 589fbfef-7b85-4b40-975b-46e767fe3451: start 589fbfef-7b85-4b40-975b-46e767fe3451@group-248D4464D7E9-FollowerState
]]></system-out>
  </testcase>
  <testcase name="testGetTrashRoot" classname="TestOzoneFileSystem" time="53.65">
    <system-out><![CDATA[2022-10-10 08:39:27,437 [Listener at 127.0.0.1/43231] INFO  ozone.MiniOzoneClusterImpl (MiniOzoneClusterImpl.java:shutdown(448)) - Shutting down the Mini Ozone Cluster
2022-10-10 08:39:27,437 [Listener at 127.0.0.1/43231] INFO  ozone.MiniOzoneClusterImpl (MiniOzoneClusterImpl.java:stop(463)) - Stopping the Mini Ozone Cluster
2022-10-10 08:39:27,437 [Listener at 127.0.0.1/43231] INFO  ozone.MiniOzoneClusterImpl (MiniOzoneClusterImpl.java:stopOM(545)) - Stopping the OzoneManager
2022-10-10 08:39:27,437 [Listener at 127.0.0.1/43231] INFO  om.OzoneManager (OzoneManager.java:stop(2036)) - om1[localhost:0]: Stopping Ozone Manager
2022-10-10 08:39:27,437 [Listener at 127.0.0.1/43231] INFO  ipc.Server (Server.java:stop(3414)) - Stopping server on 43231
2022-10-10 08:39:27,473 [IPC Server listener on 0] INFO  ipc.Server (Server.java:run(1376)) - Stopping IPC Server listener on 0
2022-10-10 08:39:27,473 [Listener at 127.0.0.1/43231] INFO  ratis.OzoneManagerDoubleBuffer (OzoneManagerDoubleBuffer.java:stop(466)) - Stopping OMDoubleBuffer flush thread
2022-10-10 08:39:27,474 [IPC Server Responder] INFO  ipc.Server (Server.java:run(1512)) - Stopping IPC Server Responder
2022-10-10 08:39:27,474 [OMDoubleBufferFlushThread] INFO  ratis.OzoneManagerDoubleBuffer (OzoneManagerDoubleBuffer.java:flushTransactions(385)) - OMDoubleBuffer flush thread OMDoubleBufferFlushThread is interrupted and will exit.
2022-10-10 08:39:27,474 [Listener at 127.0.0.1/43231] INFO  utils.BackgroundService (BackgroundService.java:shutdown(141)) - Shutting down service KeyDeletingService
2022-10-10 08:39:27,474 [Listener at 127.0.0.1/43231] INFO  utils.BackgroundService (BackgroundService.java:shutdown(141)) - Shutting down service DirectoryDeletingService
2022-10-10 08:39:27,475 [Listener at 127.0.0.1/43231] INFO  utils.BackgroundService (BackgroundService.java:shutdown(141)) - Shutting down service OpenKeyCleanupService
2022-10-10 08:39:27,475 [Listener at 127.0.0.1/43231] INFO  handler.ContextHandler (ContextHandler.java:doStop(1153)) - Stopped o.e.j.w.WebAppContext@2c4e7542{ozoneManager,/,null,STOPPED}{file:/home/runner/work/ozone/ozone/hadoop-ozone/integration-test/target/test-classes/webapps/ozoneManager}
2022-10-10 08:39:27,488 [Listener at 127.0.0.1/43231] INFO  server.AbstractConnector (AbstractConnector.java:doStop(381)) - Stopped ServerConnector@1ee957{HTTP/1.1, (http/1.1)}{0.0.0.0:0}
2022-10-10 08:39:27,488 [Listener at 127.0.0.1/43231] INFO  server.session (HouseKeeper.java:stopScavenging(149)) - node0 Stopped scavenging
2022-10-10 08:39:27,488 [Listener at 127.0.0.1/43231] INFO  handler.ContextHandler (ContextHandler.java:doStop(1153)) - Stopped o.e.j.s.ServletContextHandler@6da58910{static,/static,file:///home/runner/work/ozone/ozone/hadoop-ozone/integration-test/target/test-classes/webapps/static,STOPPED}
2022-10-10 08:39:27,489 [Listener at 127.0.0.1/43231] INFO  handler.ContextHandler (ContextHandler.java:doStop(1153)) - Stopped o.e.j.s.ServletContextHandler@472bf56c{logs,/logs,file:///home/runner/work/ozone/ozone/hadoop-ozone/integration-test/target/log,STOPPED}
2022-10-10 08:39:27,490 [Trash Emptier] ERROR om.TrashPolicyOzone (TrashPolicyOzone.java:run(251)) - Error attempting to shutdown
java.lang.InterruptedException
	at java.util.concurrent.locks.AbstractQueuedSynchronizer$ConditionObject.awaitNanos(AbstractQueuedSynchronizer.java:2072)
	at java.util.concurrent.ThreadPoolExecutor.awaitTermination(ThreadPoolExecutor.java:1475)
	at org.apache.hadoop.ozone.om.TrashPolicyOzone$Emptier.run(TrashPolicyOzone.java:249)
	at java.lang.Thread.run(Thread.java:750)
2022-10-10 08:39:27,490 [Trash Emptier] ERROR util.ExitUtils (ExitUtils.java:terminate(133)) - Terminating with exit status -1: Thread[Trash Emptier,5,main] has thrown an uncaught exception
java.lang.UnsupportedOperationException: fs.getUri() not implemented in TrashOzoneFileSystem
	at org.apache.hadoop.ozone.om.TrashOzoneFileSystem.getUri(TrashOzoneFileSystem.java:126)
	at org.apache.hadoop.fs.FileSystem.close(FileSystem.java:2592)
	at org.apache.hadoop.ozone.om.TrashPolicyOzone$Emptier.run(TrashPolicyOzone.java:243)
	at java.lang.Thread.run(Thread.java:750)
2022-10-10 08:39:27,496 [Listener at 127.0.0.1/43231] INFO  ozone.MiniOzoneClusterImpl (MiniOzoneClusterImpl.java:stopDatanodes(522)) - Stopping the HddsDatanodes
2022-10-10 08:39:32,507 [ForkJoinPool.commonPool-worker-1] INFO  ozoneimpl.OzoneContainer (OzoneContainer.java:stop(400)) - Attempting to stop container services.
2022-10-10 08:39:32,507 [Listener at 127.0.0.1/43231] INFO  ozoneimpl.OzoneContainer (OzoneContainer.java:stop(400)) - Attempting to stop container services.
2022-10-10 08:39:32,513 [Listener at 127.0.0.1/43231] INFO  server.RaftServer (RaftServerProxy.java:lambda$close$7(398)) - 22afd6e4-8e85-4fe8-a1ff-afcedf5143bf: close
2022-10-10 08:39:32,513 [Listener at 127.0.0.1/43231] INFO  server.RaftServer$Division (RaftServerImpl.java:lambda$close$4(434)) - 22afd6e4-8e85-4fe8-a1ff-afcedf5143bf@group-248D4464D7E9: shutdown
2022-10-10 08:39:32,513 [Listener at 127.0.0.1/43231] INFO  util.JmxRegister (JmxRegister.java:unregister(73)) - Successfully un-registered JMX Bean with object name Ratis:service=RaftServer,group=group-248D4464D7E9,id=22afd6e4-8e85-4fe8-a1ff-afcedf5143bf
2022-10-10 08:39:32,514 [Listener at 127.0.0.1/43231] INFO  impl.RoleInfo (RoleInfo.java:shutdownFollowerState(110)) - 22afd6e4-8e85-4fe8-a1ff-afcedf5143bf: shutdown 22afd6e4-8e85-4fe8-a1ff-afcedf5143bf@group-248D4464D7E9-FollowerState
2022-10-10 08:39:32,514 [Listener at 127.0.0.1/43231] INFO  impl.StateMachineUpdater (StateMachineUpdater.java:stopAndJoin(153)) - 22afd6e4-8e85-4fe8-a1ff-afcedf5143bf@group-248D4464D7E9-StateMachineUpdater: set stopIndex = 0
2022-10-10 08:39:32,514 [22afd6e4-8e85-4fe8-a1ff-afcedf5143bf@group-248D4464D7E9-FollowerState] INFO  impl.FollowerState (FollowerState.java:run(152)) - 22afd6e4-8e85-4fe8-a1ff-afcedf5143bf@group-248D4464D7E9-FollowerState was interrupted
2022-10-10 08:39:32,514 [22afd6e4-8e85-4fe8-a1ff-afcedf5143bf@group-248D4464D7E9-StateMachineUpdater] INFO  ratis.ContainerStateMachine (ContainerStateMachine.java:takeSnapshot(304)) - group-248D4464D7E9: Taking a snapshot at:(t:6, i:0) file /home/runner/work/ozone/ozone/hadoop-ozone/integration-test/target/test-dir/MiniOzoneClusterImpl-48dafe68-2a65-4a21-9ceb-731b54627123/datanode-2/data/ratis/6ca4c351-3f7a-4379-9057-248d4464d7e9/sm/snapshot.6_0
2022-10-10 08:39:32,514 [ForkJoinPool.commonPool-worker-1] INFO  server.RaftServer (RaftServerProxy.java:lambda$close$7(398)) - 606b3dcd-c583-45a5-a0cf-b179208ecf3f: close
2022-10-10 08:39:32,515 [ForkJoinPool.commonPool-worker-1] INFO  server.RaftServer$Division (RaftServerImpl.java:lambda$close$4(434)) - 606b3dcd-c583-45a5-a0cf-b179208ecf3f@group-112013CA6F95: shutdown
2022-10-10 08:39:32,515 [ForkJoinPool.commonPool-worker-1] INFO  util.JmxRegister (JmxRegister.java:unregister(73)) - Successfully un-registered JMX Bean with object name Ratis:service=RaftServer,group=group-112013CA6F95,id=606b3dcd-c583-45a5-a0cf-b179208ecf3f
2022-10-10 08:39:32,515 [ForkJoinPool.commonPool-worker-1] INFO  impl.RoleInfo (RoleInfo.java:shutdownLeaderState(93)) - 606b3dcd-c583-45a5-a0cf-b179208ecf3f: shutdown 606b3dcd-c583-45a5-a0cf-b179208ecf3f@group-112013CA6F95-LeaderStateImpl
2022-10-10 08:39:32,515 [ForkJoinPool.commonPool-worker-1] INFO  impl.PendingRequests (PendingRequests.java:sendNotLeaderResponses(282)) - 606b3dcd-c583-45a5-a0cf-b179208ecf3f@group-112013CA6F95-PendingRequests: sendNotLeaderResponses
2022-10-10 08:39:32,515 [22afd6e4-8e85-4fe8-a1ff-afcedf5143bf@group-248D4464D7E9-StateMachineUpdater] INFO  ratis.ContainerStateMachine (ContainerStateMachine.java:takeSnapshot(315)) - group-248D4464D7E9: Finished taking a snapshot at:(t:6, i:0) file:/home/runner/work/ozone/ozone/hadoop-ozone/integration-test/target/test-dir/MiniOzoneClusterImpl-48dafe68-2a65-4a21-9ceb-731b54627123/datanode-2/data/ratis/6ca4c351-3f7a-4379-9057-248d4464d7e9/sm/snapshot.6_0 took: 1 ms
2022-10-10 08:39:32,515 [22afd6e4-8e85-4fe8-a1ff-afcedf5143bf@group-248D4464D7E9-StateMachineUpdater] INFO  impl.StateMachineUpdater (StateMachineUpdater.java:takeSnapshot(287)) - 22afd6e4-8e85-4fe8-a1ff-afcedf5143bf@group-248D4464D7E9-StateMachineUpdater: Took a snapshot at index 0
2022-10-10 08:39:32,516 [22afd6e4-8e85-4fe8-a1ff-afcedf5143bf@group-248D4464D7E9-StateMachineUpdater] INFO  impl.StateMachineUpdater (StateMachineUpdater.java:lambda$new$0(92)) - 22afd6e4-8e85-4fe8-a1ff-afcedf5143bf@group-248D4464D7E9-StateMachineUpdater: snapshotIndex: updateIncreasingly -1 -> 0
2022-10-10 08:39:32,532 [Listener at 127.0.0.1/43231] INFO  server.RaftServer$Division (ServerState.java:close(429)) - 22afd6e4-8e85-4fe8-a1ff-afcedf5143bf@group-248D4464D7E9: closes. applyIndex: 0
2022-10-10 08:39:32,532 [22afd6e4-8e85-4fe8-a1ff-afcedf5143bf@group-248D4464D7E9-SegmentedRaftLogWorker] INFO  segmented.SegmentedRaftLogWorker (SegmentedRaftLogWorker.java:run(336)) - 22afd6e4-8e85-4fe8-a1ff-afcedf5143bf@group-248D4464D7E9-SegmentedRaftLogWorker was interrupted, exiting. There are 0 tasks remaining in the queue.
2022-10-10 08:39:32,532 [ForkJoinPool.commonPool-worker-1] INFO  impl.StateMachineUpdater (StateMachineUpdater.java:stopAndJoin(153)) - 606b3dcd-c583-45a5-a0cf-b179208ecf3f@group-112013CA6F95-StateMachineUpdater: set stopIndex = 0
2022-10-10 08:39:32,533 [606b3dcd-c583-45a5-a0cf-b179208ecf3f@group-112013CA6F95-StateMachineUpdater] INFO  ratis.ContainerStateMachine (ContainerStateMachine.java:takeSnapshot(304)) - group-112013CA6F95: Taking a snapshot at:(t:1, i:0) file /home/runner/work/ozone/ozone/hadoop-ozone/integration-test/target/test-dir/MiniOzoneClusterImpl-48dafe68-2a65-4a21-9ceb-731b54627123/datanode-1/data/ratis/dd6884c9-4a05-4702-9bd9-112013ca6f95/sm/snapshot.1_0
2022-10-10 08:39:32,534 [606b3dcd-c583-45a5-a0cf-b179208ecf3f@group-112013CA6F95-StateMachineUpdater] INFO  ratis.ContainerStateMachine (ContainerStateMachine.java:takeSnapshot(315)) - group-112013CA6F95: Finished taking a snapshot at:(t:1, i:0) file:/home/runner/work/ozone/ozone/hadoop-ozone/integration-test/target/test-dir/MiniOzoneClusterImpl-48dafe68-2a65-4a21-9ceb-731b54627123/datanode-1/data/ratis/dd6884c9-4a05-4702-9bd9-112013ca6f95/sm/snapshot.1_0 took: 1 ms
2022-10-10 08:39:32,534 [606b3dcd-c583-45a5-a0cf-b179208ecf3f@group-112013CA6F95-StateMachineUpdater] INFO  impl.StateMachineUpdater (StateMachineUpdater.java:takeSnapshot(287)) - 606b3dcd-c583-45a5-a0cf-b179208ecf3f@group-112013CA6F95-StateMachineUpdater: Took a snapshot at index 0
2022-10-10 08:39:32,534 [606b3dcd-c583-45a5-a0cf-b179208ecf3f@group-112013CA6F95-StateMachineUpdater] INFO  impl.StateMachineUpdater (StateMachineUpdater.java:lambda$new$0(92)) - 606b3dcd-c583-45a5-a0cf-b179208ecf3f@group-112013CA6F95-StateMachineUpdater: snapshotIndex: updateIncreasingly -1 -> 0
2022-10-10 08:39:32,534 [ForkJoinPool.commonPool-worker-1] INFO  server.RaftServer$Division (ServerState.java:close(429)) - 606b3dcd-c583-45a5-a0cf-b179208ecf3f@group-112013CA6F95: closes. applyIndex: 0
2022-10-10 08:39:32,534 [606b3dcd-c583-45a5-a0cf-b179208ecf3f@group-112013CA6F95-SegmentedRaftLogWorker] INFO  segmented.SegmentedRaftLogWorker (SegmentedRaftLogWorker.java:run(336)) - 606b3dcd-c583-45a5-a0cf-b179208ecf3f@group-112013CA6F95-SegmentedRaftLogWorker was interrupted, exiting. There are 0 tasks remaining in the queue.
2022-10-10 08:39:32,535 [Listener at 127.0.0.1/43231] INFO  segmented.SegmentedRaftLogWorker (SegmentedRaftLogWorker.java:close(246)) - 22afd6e4-8e85-4fe8-a1ff-afcedf5143bf@group-248D4464D7E9-SegmentedRaftLogWorker close()
2022-10-10 08:39:32,536 [ForkJoinPool.commonPool-worker-1] INFO  segmented.SegmentedRaftLogWorker (SegmentedRaftLogWorker.java:close(246)) - 606b3dcd-c583-45a5-a0cf-b179208ecf3f@group-112013CA6F95-SegmentedRaftLogWorker close()
2022-10-10 08:39:32,537 [Listener at 127.0.0.1/43231] INFO  server.RaftServer$Division (RaftServerImpl.java:lambda$close$4(434)) - 22afd6e4-8e85-4fe8-a1ff-afcedf5143bf@group-A46AE93264AF: shutdown
2022-10-10 08:39:32,537 [Listener at 127.0.0.1/43231] INFO  util.JmxRegister (JmxRegister.java:unregister(73)) - Successfully un-registered JMX Bean with object name Ratis:service=RaftServer,group=group-A46AE93264AF,id=22afd6e4-8e85-4fe8-a1ff-afcedf5143bf
2022-10-10 08:39:32,538 [Listener at 127.0.0.1/43231] INFO  impl.RoleInfo (RoleInfo.java:shutdownLeaderState(93)) - 22afd6e4-8e85-4fe8-a1ff-afcedf5143bf: shutdown 22afd6e4-8e85-4fe8-a1ff-afcedf5143bf@group-A46AE93264AF-LeaderStateImpl
2022-10-10 08:39:32,538 [Listener at 127.0.0.1/43231] INFO  impl.PendingRequests (PendingRequests.java:sendNotLeaderResponses(282)) - 22afd6e4-8e85-4fe8-a1ff-afcedf5143bf@group-A46AE93264AF-PendingRequests: sendNotLeaderResponses
2022-10-10 08:39:32,538 [Listener at 127.0.0.1/43231] INFO  impl.StateMachineUpdater (StateMachineUpdater.java:stopAndJoin(153)) - 22afd6e4-8e85-4fe8-a1ff-afcedf5143bf@group-A46AE93264AF-StateMachineUpdater: set stopIndex = 0
2022-10-10 08:39:32,539 [22afd6e4-8e85-4fe8-a1ff-afcedf5143bf@group-A46AE93264AF-StateMachineUpdater] INFO  ratis.ContainerStateMachine (ContainerStateMachine.java:takeSnapshot(304)) - group-A46AE93264AF: Taking a snapshot at:(t:1, i:0) file /home/runner/work/ozone/ozone/hadoop-ozone/integration-test/target/test-dir/MiniOzoneClusterImpl-48dafe68-2a65-4a21-9ceb-731b54627123/datanode-2/data/ratis/a976528f-0b77-4463-bd99-a46ae93264af/sm/snapshot.1_0
2022-10-10 08:39:32,540 [ForkJoinPool.commonPool-worker-1] INFO  server.RaftServer$Division (RaftServerImpl.java:lambda$close$4(434)) - 606b3dcd-c583-45a5-a0cf-b179208ecf3f@group-248D4464D7E9: shutdown
2022-10-10 08:39:32,540 [ForkJoinPool.commonPool-worker-1] INFO  util.JmxRegister (JmxRegister.java:unregister(73)) - Successfully un-registered JMX Bean with object name Ratis:service=RaftServer,group=group-248D4464D7E9,id=606b3dcd-c583-45a5-a0cf-b179208ecf3f
2022-10-10 08:39:32,540 [ForkJoinPool.commonPool-worker-1] INFO  impl.RoleInfo (RoleInfo.java:shutdownLeaderState(93)) - 606b3dcd-c583-45a5-a0cf-b179208ecf3f: shutdown 606b3dcd-c583-45a5-a0cf-b179208ecf3f@group-248D4464D7E9-LeaderStateImpl
2022-10-10 08:39:32,540 [ForkJoinPool.commonPool-worker-1] INFO  impl.PendingRequests (PendingRequests.java:sendNotLeaderResponses(282)) - 606b3dcd-c583-45a5-a0cf-b179208ecf3f@group-248D4464D7E9-PendingRequests: sendNotLeaderResponses
2022-10-10 08:39:32,541 [ForkJoinPool.commonPool-worker-1] INFO  impl.StateMachineUpdater (StateMachineUpdater.java:stopAndJoin(153)) - 606b3dcd-c583-45a5-a0cf-b179208ecf3f@group-248D4464D7E9-StateMachineUpdater: set stopIndex = 0
2022-10-10 08:39:32,541 [606b3dcd-c583-45a5-a0cf-b179208ecf3f@group-248D4464D7E9-StateMachineUpdater] INFO  ratis.ContainerStateMachine (ContainerStateMachine.java:takeSnapshot(304)) - group-248D4464D7E9: Taking a snapshot at:(t:6, i:0) file /home/runner/work/ozone/ozone/hadoop-ozone/integration-test/target/test-dir/MiniOzoneClusterImpl-48dafe68-2a65-4a21-9ceb-731b54627123/datanode-1/data/ratis/6ca4c351-3f7a-4379-9057-248d4464d7e9/sm/snapshot.6_0
2022-10-10 08:39:32,541 [606b3dcd-c583-45a5-a0cf-b179208ecf3f@group-248D4464D7E9->22afd6e4-8e85-4fe8-a1ff-afcedf5143bf-GrpcLogAppender-LogAppenderDaemon] WARN  server.GrpcLogAppender (GrpcLogAppender.java:mayWait(171)) - 606b3dcd-c583-45a5-a0cf-b179208ecf3f@group-248D4464D7E9->22afd6e4-8e85-4fe8-a1ff-afcedf5143bf-GrpcLogAppender: Wait interrupted by java.lang.InterruptedException
2022-10-10 08:39:32,542 [grpc-default-executor-4] INFO  server.GrpcServerProtocolService (GrpcServerProtocolService.java:onCompleted(140)) - 22afd6e4-8e85-4fe8-a1ff-afcedf5143bf: Completed APPEND_ENTRIES, lastRequest: 606b3dcd-c583-45a5-a0cf-b179208ecf3f->22afd6e4-8e85-4fe8-a1ff-afcedf5143bf#1-t6,previous=(t:0, i:0),leaderCommit=-1,initializing? true,entries: size=1, first=(t:6, i:0), CONFIGURATIONENTRY
2022-10-10 08:39:32,543 [22afd6e4-8e85-4fe8-a1ff-afcedf5143bf@group-A46AE93264AF-StateMachineUpdater] INFO  ratis.ContainerStateMachine (ContainerStateMachine.java:takeSnapshot(315)) - group-A46AE93264AF: Finished taking a snapshot at:(t:1, i:0) file:/home/runner/work/ozone/ozone/hadoop-ozone/integration-test/target/test-dir/MiniOzoneClusterImpl-48dafe68-2a65-4a21-9ceb-731b54627123/datanode-2/data/ratis/a976528f-0b77-4463-bd99-a46ae93264af/sm/snapshot.1_0 took: 4 ms
2022-10-10 08:39:32,543 [22afd6e4-8e85-4fe8-a1ff-afcedf5143bf@group-A46AE93264AF-StateMachineUpdater] INFO  impl.StateMachineUpdater (StateMachineUpdater.java:takeSnapshot(287)) - 22afd6e4-8e85-4fe8-a1ff-afcedf5143bf@group-A46AE93264AF-StateMachineUpdater: Took a snapshot at index 0
2022-10-10 08:39:32,543 [22afd6e4-8e85-4fe8-a1ff-afcedf5143bf@group-A46AE93264AF-StateMachineUpdater] INFO  impl.StateMachineUpdater (StateMachineUpdater.java:lambda$new$0(92)) - 22afd6e4-8e85-4fe8-a1ff-afcedf5143bf@group-A46AE93264AF-StateMachineUpdater: snapshotIndex: updateIncreasingly -1 -> 0
2022-10-10 08:39:32,545 [grpc-default-executor-3] INFO  server.GrpcLogAppender (GrpcLogAppender.java:onCompleted(339)) - 606b3dcd-c583-45a5-a0cf-b179208ecf3f@group-248D4464D7E9->22afd6e4-8e85-4fe8-a1ff-afcedf5143bf-AppendLogResponseHandler: follower responses appendEntries COMPLETED
2022-10-10 08:39:32,545 [606b3dcd-c583-45a5-a0cf-b179208ecf3f@group-248D4464D7E9-StateMachineUpdater] INFO  ratis.ContainerStateMachine (ContainerStateMachine.java:takeSnapshot(315)) - group-248D4464D7E9: Finished taking a snapshot at:(t:6, i:0) file:/home/runner/work/ozone/ozone/hadoop-ozone/integration-test/target/test-dir/MiniOzoneClusterImpl-48dafe68-2a65-4a21-9ceb-731b54627123/datanode-1/data/ratis/6ca4c351-3f7a-4379-9057-248d4464d7e9/sm/snapshot.6_0 took: 3 ms
2022-10-10 08:39:32,545 [grpc-default-executor-3] INFO  leader.FollowerInfo (FollowerInfoImpl.java:lambda$new$0(48)) - 606b3dcd-c583-45a5-a0cf-b179208ecf3f@group-248D4464D7E9->22afd6e4-8e85-4fe8-a1ff-afcedf5143bf: nextIndex: updateUnconditionally 1 -> 0
2022-10-10 08:39:32,545 [606b3dcd-c583-45a5-a0cf-b179208ecf3f@group-248D4464D7E9-StateMachineUpdater] INFO  impl.StateMachineUpdater (StateMachineUpdater.java:takeSnapshot(287)) - 606b3dcd-c583-45a5-a0cf-b179208ecf3f@group-248D4464D7E9-StateMachineUpdater: Took a snapshot at index 0
2022-10-10 08:39:32,545 [606b3dcd-c583-45a5-a0cf-b179208ecf3f@group-248D4464D7E9-StateMachineUpdater] INFO  impl.StateMachineUpdater (StateMachineUpdater.java:lambda$new$0(92)) - 606b3dcd-c583-45a5-a0cf-b179208ecf3f@group-248D4464D7E9-StateMachineUpdater: snapshotIndex: updateIncreasingly -1 -> 0
2022-10-10 08:39:32,545 [ForkJoinPool.commonPool-worker-1] INFO  server.RaftServer$Division (ServerState.java:close(429)) - 606b3dcd-c583-45a5-a0cf-b179208ecf3f@group-248D4464D7E9: closes. applyIndex: 0
2022-10-10 08:39:32,546 [Listener at 127.0.0.1/43231] INFO  server.RaftServer$Division (ServerState.java:close(429)) - 22afd6e4-8e85-4fe8-a1ff-afcedf5143bf@group-A46AE93264AF: closes. applyIndex: 0
2022-10-10 08:39:32,546 [606b3dcd-c583-45a5-a0cf-b179208ecf3f@group-248D4464D7E9-SegmentedRaftLogWorker] INFO  segmented.SegmentedRaftLogWorker (SegmentedRaftLogWorker.java:run(336)) - 606b3dcd-c583-45a5-a0cf-b179208ecf3f@group-248D4464D7E9-SegmentedRaftLogWorker was interrupted, exiting. There are 0 tasks remaining in the queue.
2022-10-10 08:39:32,552 [22afd6e4-8e85-4fe8-a1ff-afcedf5143bf@group-A46AE93264AF-SegmentedRaftLogWorker] INFO  segmented.SegmentedRaftLogWorker (SegmentedRaftLogWorker.java:run(336)) - 22afd6e4-8e85-4fe8-a1ff-afcedf5143bf@group-A46AE93264AF-SegmentedRaftLogWorker was interrupted, exiting. There are 0 tasks remaining in the queue.
2022-10-10 08:39:32,552 [606b3dcd-c583-45a5-a0cf-b179208ecf3f@group-248D4464D7E9->589fbfef-7b85-4b40-975b-46e767fe3451-GrpcLogAppender-LogAppenderDaemon] WARN  server.GrpcLogAppender (GrpcLogAppender.java:mayWait(171)) - 606b3dcd-c583-45a5-a0cf-b179208ecf3f@group-248D4464D7E9->589fbfef-7b85-4b40-975b-46e767fe3451-GrpcLogAppender: Wait interrupted by java.lang.InterruptedException
2022-10-10 08:39:32,552 [grpc-default-executor-4] INFO  server.GrpcServerProtocolService (GrpcServerProtocolService.java:onCompleted(140)) - 589fbfef-7b85-4b40-975b-46e767fe3451: Completed APPEND_ENTRIES, lastRequest: 606b3dcd-c583-45a5-a0cf-b179208ecf3f->589fbfef-7b85-4b40-975b-46e767fe3451#1-t6,previous=(t:0, i:0),leaderCommit=0,initializing? true,entries: size=1, first=(t:6, i:0), CONFIGURATIONENTRY
2022-10-10 08:39:32,555 [ForkJoinPool.commonPool-worker-1] INFO  segmented.SegmentedRaftLogWorker (SegmentedRaftLogWorker.java:close(246)) - 606b3dcd-c583-45a5-a0cf-b179208ecf3f@group-248D4464D7E9-SegmentedRaftLogWorker close()
2022-10-10 08:39:32,555 [Listener at 127.0.0.1/43231] INFO  segmented.SegmentedRaftLogWorker (SegmentedRaftLogWorker.java:close(246)) - 22afd6e4-8e85-4fe8-a1ff-afcedf5143bf@group-A46AE93264AF-SegmentedRaftLogWorker close()
2022-10-10 08:39:32,565 [grpc-default-executor-3] INFO  server.GrpcLogAppender (GrpcLogAppender.java:onCompleted(339)) - 606b3dcd-c583-45a5-a0cf-b179208ecf3f@group-248D4464D7E9->589fbfef-7b85-4b40-975b-46e767fe3451-AppendLogResponseHandler: follower responses appendEntries COMPLETED
2022-10-10 08:39:32,565 [grpc-default-executor-3] INFO  leader.FollowerInfo (FollowerInfoImpl.java:lambda$new$0(48)) - 606b3dcd-c583-45a5-a0cf-b179208ecf3f@group-248D4464D7E9->589fbfef-7b85-4b40-975b-46e767fe3451: nextIndex: updateUnconditionally 1 -> 0
2022-10-10 08:39:32,580 [ForkJoinPool.commonPool-worker-1] INFO  server.RaftServer$Division (RaftServerImpl.java:lambda$close$4(434)) - 606b3dcd-c583-45a5-a0cf-b179208ecf3f@group-38B366A9FD09: shutdown
2022-10-10 08:39:32,581 [ForkJoinPool.commonPool-worker-1] INFO  util.JmxRegister (JmxRegister.java:unregister(73)) - Successfully un-registered JMX Bean with object name Ratis:service=RaftServer,group=group-38B366A9FD09,id=606b3dcd-c583-45a5-a0cf-b179208ecf3f
2022-10-10 08:39:32,581 [ForkJoinPool.commonPool-worker-1] INFO  impl.RoleInfo (RoleInfo.java:shutdownFollowerState(110)) - 606b3dcd-c583-45a5-a0cf-b179208ecf3f: shutdown 606b3dcd-c583-45a5-a0cf-b179208ecf3f@group-38B366A9FD09-FollowerState
2022-10-10 08:39:32,581 [ForkJoinPool.commonPool-worker-1] INFO  impl.StateMachineUpdater (StateMachineUpdater.java:stopAndJoin(153)) - 606b3dcd-c583-45a5-a0cf-b179208ecf3f@group-38B366A9FD09-StateMachineUpdater: set stopIndex = 29
2022-10-10 08:39:32,581 [Listener at 127.0.0.1/43231] INFO  server.RaftServer$Division (RaftServerImpl.java:lambda$close$4(434)) - 22afd6e4-8e85-4fe8-a1ff-afcedf5143bf@group-38B366A9FD09: shutdown
2022-10-10 08:39:32,581 [Listener at 127.0.0.1/43231] INFO  util.JmxRegister (JmxRegister.java:unregister(73)) - Successfully un-registered JMX Bean with object name Ratis:service=RaftServer,group=group-38B366A9FD09,id=22afd6e4-8e85-4fe8-a1ff-afcedf5143bf
2022-10-10 08:39:32,582 [Listener at 127.0.0.1/43231] INFO  impl.RoleInfo (RoleInfo.java:shutdownFollowerState(110)) - 22afd6e4-8e85-4fe8-a1ff-afcedf5143bf: shutdown 22afd6e4-8e85-4fe8-a1ff-afcedf5143bf@group-38B366A9FD09-FollowerState
2022-10-10 08:39:32,582 [Listener at 127.0.0.1/43231] INFO  impl.StateMachineUpdater (StateMachineUpdater.java:stopAndJoin(153)) - 22afd6e4-8e85-4fe8-a1ff-afcedf5143bf@group-38B366A9FD09-StateMachineUpdater: set stopIndex = 29
2022-10-10 08:39:32,582 [22afd6e4-8e85-4fe8-a1ff-afcedf5143bf@group-38B366A9FD09-StateMachineUpdater] INFO  ratis.ContainerStateMachine (ContainerStateMachine.java:takeSnapshot(304)) - group-38B366A9FD09: Taking a snapshot at:(t:1, i:29) file /home/runner/work/ozone/ozone/hadoop-ozone/integration-test/target/test-dir/MiniOzoneClusterImpl-48dafe68-2a65-4a21-9ceb-731b54627123/datanode-2/data/ratis/7f65876c-06f0-4e87-92b1-38b366a9fd09/sm/snapshot.1_29
2022-10-10 08:39:32,584 [606b3dcd-c583-45a5-a0cf-b179208ecf3f@group-38B366A9FD09-StateMachineUpdater] INFO  ratis.ContainerStateMachine (ContainerStateMachine.java:takeSnapshot(304)) - group-38B366A9FD09: Taking a snapshot at:(t:1, i:29) file /home/runner/work/ozone/ozone/hadoop-ozone/integration-test/target/test-dir/MiniOzoneClusterImpl-48dafe68-2a65-4a21-9ceb-731b54627123/datanode-1/data/ratis/7f65876c-06f0-4e87-92b1-38b366a9fd09/sm/snapshot.1_29
2022-10-10 08:39:32,584 [22afd6e4-8e85-4fe8-a1ff-afcedf5143bf@group-38B366A9FD09-FollowerState] INFO  impl.FollowerState (FollowerState.java:run(152)) - 22afd6e4-8e85-4fe8-a1ff-afcedf5143bf@group-38B366A9FD09-FollowerState was interrupted
2022-10-10 08:39:32,584 [606b3dcd-c583-45a5-a0cf-b179208ecf3f@group-38B366A9FD09-FollowerState] INFO  impl.FollowerState (FollowerState.java:run(152)) - 606b3dcd-c583-45a5-a0cf-b179208ecf3f@group-38B366A9FD09-FollowerState was interrupted
2022-10-10 08:39:32,585 [22afd6e4-8e85-4fe8-a1ff-afcedf5143bf@group-38B366A9FD09-StateMachineUpdater] INFO  ratis.ContainerStateMachine (ContainerStateMachine.java:takeSnapshot(315)) - group-38B366A9FD09: Finished taking a snapshot at:(t:1, i:29) file:/home/runner/work/ozone/ozone/hadoop-ozone/integration-test/target/test-dir/MiniOzoneClusterImpl-48dafe68-2a65-4a21-9ceb-731b54627123/datanode-2/data/ratis/7f65876c-06f0-4e87-92b1-38b366a9fd09/sm/snapshot.1_29 took: 2 ms
2022-10-10 08:39:32,585 [22afd6e4-8e85-4fe8-a1ff-afcedf5143bf@group-38B366A9FD09-StateMachineUpdater] INFO  impl.StateMachineUpdater (StateMachineUpdater.java:takeSnapshot(287)) - 22afd6e4-8e85-4fe8-a1ff-afcedf5143bf@group-38B366A9FD09-StateMachineUpdater: Took a snapshot at index 29
2022-10-10 08:39:32,585 [22afd6e4-8e85-4fe8-a1ff-afcedf5143bf@group-38B366A9FD09-StateMachineUpdater] INFO  impl.StateMachineUpdater (StateMachineUpdater.java:lambda$new$0(92)) - 22afd6e4-8e85-4fe8-a1ff-afcedf5143bf@group-38B366A9FD09-StateMachineUpdater: snapshotIndex: updateIncreasingly -1 -> 29
2022-10-10 08:39:32,586 [606b3dcd-c583-45a5-a0cf-b179208ecf3f@group-38B366A9FD09-StateMachineUpdater] INFO  ratis.ContainerStateMachine (ContainerStateMachine.java:takeSnapshot(315)) - group-38B366A9FD09: Finished taking a snapshot at:(t:1, i:29) file:/home/runner/work/ozone/ozone/hadoop-ozone/integration-test/target/test-dir/MiniOzoneClusterImpl-48dafe68-2a65-4a21-9ceb-731b54627123/datanode-1/data/ratis/7f65876c-06f0-4e87-92b1-38b366a9fd09/sm/snapshot.1_29 took: 2 ms
2022-10-10 08:39:32,588 [Listener at 127.0.0.1/43231] INFO  server.RaftServer$Division (ServerState.java:close(429)) - 22afd6e4-8e85-4fe8-a1ff-afcedf5143bf@group-38B366A9FD09: closes. applyIndex: 29
2022-10-10 08:39:32,588 [22afd6e4-8e85-4fe8-a1ff-afcedf5143bf@group-38B366A9FD09-SegmentedRaftLogWorker] INFO  segmented.SegmentedRaftLogWorker (SegmentedRaftLogWorker.java:run(336)) - 22afd6e4-8e85-4fe8-a1ff-afcedf5143bf@group-38B366A9FD09-SegmentedRaftLogWorker was interrupted, exiting. There are 0 tasks remaining in the queue.
2022-10-10 08:39:32,588 [606b3dcd-c583-45a5-a0cf-b179208ecf3f@group-38B366A9FD09-StateMachineUpdater] INFO  impl.StateMachineUpdater (StateMachineUpdater.java:takeSnapshot(287)) - 606b3dcd-c583-45a5-a0cf-b179208ecf3f@group-38B366A9FD09-StateMachineUpdater: Took a snapshot at index 29
2022-10-10 08:39:32,588 [606b3dcd-c583-45a5-a0cf-b179208ecf3f@group-38B366A9FD09-StateMachineUpdater] INFO  impl.StateMachineUpdater (StateMachineUpdater.java:lambda$new$0(92)) - 606b3dcd-c583-45a5-a0cf-b179208ecf3f@group-38B366A9FD09-StateMachineUpdater: snapshotIndex: updateIncreasingly -1 -> 29
2022-10-10 08:39:32,589 [ForkJoinPool.commonPool-worker-1] INFO  server.RaftServer$Division (ServerState.java:close(429)) - 606b3dcd-c583-45a5-a0cf-b179208ecf3f@group-38B366A9FD09: closes. applyIndex: 29
2022-10-10 08:39:32,589 [606b3dcd-c583-45a5-a0cf-b179208ecf3f@group-38B366A9FD09-SegmentedRaftLogWorker] INFO  segmented.SegmentedRaftLogWorker (SegmentedRaftLogWorker.java:run(336)) - 606b3dcd-c583-45a5-a0cf-b179208ecf3f@group-38B366A9FD09-SegmentedRaftLogWorker was interrupted, exiting. There are 0 tasks remaining in the queue.
2022-10-10 08:39:32,594 [ForkJoinPool.commonPool-worker-1] INFO  segmented.SegmentedRaftLogWorker (SegmentedRaftLogWorker.java:close(246)) - 606b3dcd-c583-45a5-a0cf-b179208ecf3f@group-38B366A9FD09-SegmentedRaftLogWorker close()
2022-10-10 08:39:32,596 [ForkJoinPool.commonPool-worker-1] INFO  server.GrpcService (GrpcService.java:closeImpl(269)) - 606b3dcd-c583-45a5-a0cf-b179208ecf3f: shutdown server with port 39749 now
2022-10-10 08:39:32,608 [Listener at 127.0.0.1/43231] INFO  segmented.SegmentedRaftLogWorker (SegmentedRaftLogWorker.java:close(246)) - 22afd6e4-8e85-4fe8-a1ff-afcedf5143bf@group-38B366A9FD09-SegmentedRaftLogWorker close()
2022-10-10 08:39:32,612 [grpc-default-executor-4] WARN  server.GrpcServerProtocolService (LogUtils.java:warn(122)) - 606b3dcd-c583-45a5-a0cf-b179208ecf3f: installSnapshot onError, lastRequest: 589fbfef-7b85-4b40-975b-46e767fe3451->606b3dcd-c583-45a5-a0cf-b179208ecf3f#424-t1,previous=(t:1, i:28),leaderCommit=27,initializing? true,entries: size=1, first=(t:1, i:29), METADATAENTRY(c:27): org.apache.ratis.thirdparty.io.grpc.StatusRuntimeException: CANCELLED: client cancelled
2022-10-10 08:39:32,612 [Listener at 127.0.0.1/43231] INFO  server.GrpcService (GrpcService.java:closeImpl(269)) - 22afd6e4-8e85-4fe8-a1ff-afcedf5143bf: shutdown server with port 38607 now
2022-10-10 08:39:32,622 [grpc-default-executor-2] WARN  server.GrpcLogAppender (LogUtils.java:warn(122)) - 589fbfef-7b85-4b40-975b-46e767fe3451@group-38B366A9FD09->606b3dcd-c583-45a5-a0cf-b179208ecf3f-AppendLogResponseHandler: Failed appendEntries: org.apache.ratis.thirdparty.io.grpc.StatusRuntimeException: CANCELLED: RST_STREAM closed stream. HTTP/2 error code: CANCEL
2022-10-10 08:39:32,622 [grpc-default-executor-2] INFO  leader.FollowerInfo (FollowerInfoImpl.java:lambda$new$0(48)) - 589fbfef-7b85-4b40-975b-46e767fe3451@group-38B366A9FD09->606b3dcd-c583-45a5-a0cf-b179208ecf3f: nextIndex: updateUnconditionally 30 -> 29
2022-10-10 08:39:32,626 [grpc-default-executor-5] WARN  server.GrpcServerProtocolService (LogUtils.java:warn(122)) - 22afd6e4-8e85-4fe8-a1ff-afcedf5143bf: installSnapshot onError, lastRequest: 589fbfef-7b85-4b40-975b-46e767fe3451->22afd6e4-8e85-4fe8-a1ff-afcedf5143bf#432-t1,previous=(t:1, i:28),leaderCommit=27,initializing? true,entries: size=1, first=(t:1, i:29), METADATAENTRY(c:27): org.apache.ratis.thirdparty.io.grpc.StatusRuntimeException: CANCELLED: client cancelled
2022-10-10 08:39:32,650 [ForkJoinPool.commonPool-worker-1] INFO  server.GrpcService (GrpcService.java:closeImpl(278)) - 606b3dcd-c583-45a5-a0cf-b179208ecf3f: shutdown server with port 39749 successfully
2022-10-10 08:39:32,652 [org.apache.ratis.util.JvmPauseMonitor$$Lambda$636/263158265@21d45d60] INFO  util.JvmPauseMonitor (JvmPauseMonitor.java:run(109)) - JvmPauseMonitor-606b3dcd-c583-45a5-a0cf-b179208ecf3f: Stopped
2022-10-10 08:39:32,665 [Listener at 127.0.0.1/43231] INFO  server.GrpcService (GrpcService.java:closeImpl(278)) - 22afd6e4-8e85-4fe8-a1ff-afcedf5143bf: shutdown server with port 38607 successfully
2022-10-10 08:39:32,665 [org.apache.ratis.util.JvmPauseMonitor$$Lambda$636/263158265@43a8804d] INFO  util.JvmPauseMonitor (JvmPauseMonitor.java:run(109)) - JvmPauseMonitor-22afd6e4-8e85-4fe8-a1ff-afcedf5143bf: Stopped
2022-10-10 08:39:32,677 [grpc-default-executor-1] WARN  server.GrpcLogAppender (LogUtils.java:warn(122)) - 589fbfef-7b85-4b40-975b-46e767fe3451@group-38B366A9FD09->22afd6e4-8e85-4fe8-a1ff-afcedf5143bf-AppendLogResponseHandler: Failed appendEntries: org.apache.ratis.thirdparty.io.grpc.StatusRuntimeException: CANCELLED: RST_STREAM closed stream. HTTP/2 error code: CANCEL
2022-10-10 08:39:32,677 [grpc-default-executor-1] INFO  leader.FollowerInfo (FollowerInfoImpl.java:lambda$new$0(48)) - 589fbfef-7b85-4b40-975b-46e767fe3451@group-38B366A9FD09->22afd6e4-8e85-4fe8-a1ff-afcedf5143bf: nextIndex: updateUnconditionally 30 -> 29
2022-10-10 08:39:32,679 [grpc-default-executor-5] WARN  server.GrpcLogAppender (LogUtils.java:warn(122)) - 589fbfef-7b85-4b40-975b-46e767fe3451@group-38B366A9FD09->606b3dcd-c583-45a5-a0cf-b179208ecf3f-AppendLogResponseHandler: Failed appendEntries: org.apache.ratis.thirdparty.io.grpc.StatusRuntimeException: UNAVAILABLE: io exception
2022-10-10 08:39:32,680 [grpc-default-executor-5] INFO  leader.FollowerInfo (FollowerInfoImpl.java:lambda$new$0(48)) - 589fbfef-7b85-4b40-975b-46e767fe3451@group-38B366A9FD09->606b3dcd-c583-45a5-a0cf-b179208ecf3f: nextIndex: updateUnconditionally 30 -> 29
2022-10-10 08:39:32,713 [grpc-default-executor-5] WARN  server.GrpcLogAppender (LogUtils.java:warn(122)) - 589fbfef-7b85-4b40-975b-46e767fe3451@group-38B366A9FD09->22afd6e4-8e85-4fe8-a1ff-afcedf5143bf-AppendLogResponseHandler: Failed appendEntries: org.apache.ratis.thirdparty.io.grpc.StatusRuntimeException: UNAVAILABLE: io exception
2022-10-10 08:39:32,714 [grpc-default-executor-5] INFO  leader.FollowerInfo (FollowerInfoImpl.java:lambda$new$0(48)) - 589fbfef-7b85-4b40-975b-46e767fe3451@group-38B366A9FD09->22afd6e4-8e85-4fe8-a1ff-afcedf5143bf: nextIndex: updateUnconditionally 30 -> 29
2022-10-10 08:39:34,717 [Listener at 127.0.0.1/43231] INFO  utils.BackgroundService (BackgroundService.java:shutdown(141)) - Shutting down service BlockDeletingService
2022-10-10 08:39:34,718 [Listener at 127.0.0.1/43231] INFO  utils.BackgroundService (BackgroundService.java:shutdown(141)) - Shutting down service StaleRecoveringContainerScrubbingService
2022-10-10 08:39:34,745 [ForkJoinPool.commonPool-worker-1] INFO  utils.BackgroundService (BackgroundService.java:shutdown(141)) - Shutting down service BlockDeletingService
2022-10-10 08:39:34,746 [ForkJoinPool.commonPool-worker-1] INFO  utils.BackgroundService (BackgroundService.java:shutdown(141)) - Shutting down service StaleRecoveringContainerScrubbingService
2022-10-10 08:39:34,784 [grpc-default-executor-5] WARN  server.GrpcLogAppender (LogUtils.java:warn(122)) - 589fbfef-7b85-4b40-975b-46e767fe3451@group-38B366A9FD09->22afd6e4-8e85-4fe8-a1ff-afcedf5143bf-AppendLogResponseHandler: Failed appendEntries: org.apache.ratis.thirdparty.io.grpc.StatusRuntimeException: UNAVAILABLE: io exception
2022-10-10 08:39:34,785 [grpc-default-executor-5] INFO  leader.FollowerInfo (FollowerInfoImpl.java:lambda$new$0(48)) - 589fbfef-7b85-4b40-975b-46e767fe3451@group-38B366A9FD09->22afd6e4-8e85-4fe8-a1ff-afcedf5143bf: nextIndex: updateUnconditionally 30 -> 29
2022-10-10 08:39:34,830 [grpc-default-executor-5] WARN  server.GrpcLogAppender (LogUtils.java:warn(122)) - 589fbfef-7b85-4b40-975b-46e767fe3451@group-38B366A9FD09->606b3dcd-c583-45a5-a0cf-b179208ecf3f-AppendLogResponseHandler: Failed appendEntries: org.apache.ratis.thirdparty.io.grpc.StatusRuntimeException: UNAVAILABLE: io exception
2022-10-10 08:39:34,830 [grpc-default-executor-5] INFO  leader.FollowerInfo (FollowerInfoImpl.java:lambda$new$0(48)) - 589fbfef-7b85-4b40-975b-46e767fe3451@group-38B366A9FD09->606b3dcd-c583-45a5-a0cf-b179208ecf3f: nextIndex: updateUnconditionally 30 -> 29
2022-10-10 08:39:36,034 [grpc-default-executor-5] WARN  server.GrpcLogAppender (LogUtils.java:warn(122)) - 589fbfef-7b85-4b40-975b-46e767fe3451@group-38B366A9FD09->22afd6e4-8e85-4fe8-a1ff-afcedf5143bf-AppendLogResponseHandler: Failed appendEntries: org.apache.ratis.thirdparty.io.grpc.StatusRuntimeException: UNAVAILABLE: io exception
2022-10-10 08:39:36,035 [grpc-default-executor-5] INFO  leader.FollowerInfo (FollowerInfoImpl.java:lambda$new$0(48)) - 589fbfef-7b85-4b40-975b-46e767fe3451@group-38B366A9FD09->22afd6e4-8e85-4fe8-a1ff-afcedf5143bf: nextIndex: updateUnconditionally 30 -> 29
2022-10-10 08:39:36,079 [grpc-default-executor-5] WARN  server.GrpcLogAppender (LogUtils.java:warn(122)) - 589fbfef-7b85-4b40-975b-46e767fe3451@group-38B366A9FD09->606b3dcd-c583-45a5-a0cf-b179208ecf3f-AppendLogResponseHandler: Failed appendEntries: org.apache.ratis.thirdparty.io.grpc.StatusRuntimeException: UNAVAILABLE: io exception
2022-10-10 08:39:36,080 [grpc-default-executor-5] INFO  leader.FollowerInfo (FollowerInfoImpl.java:lambda$new$0(48)) - 589fbfef-7b85-4b40-975b-46e767fe3451@group-38B366A9FD09->606b3dcd-c583-45a5-a0cf-b179208ecf3f: nextIndex: updateUnconditionally 30 -> 29
2022-10-10 08:39:36,163 [589fbfef-7b85-4b40-975b-46e767fe3451@group-248D4464D7E9-FollowerState] INFO  impl.FollowerState (FollowerState.java:run(143)) - 589fbfef-7b85-4b40-975b-46e767fe3451@group-248D4464D7E9-FollowerState: change to CANDIDATE, lastRpcElapsedTime:5544797532ns, electionTimeout:5162ms
2022-10-10 08:39:36,163 [589fbfef-7b85-4b40-975b-46e767fe3451@group-248D4464D7E9-FollowerState] INFO  impl.RoleInfo (RoleInfo.java:shutdownFollowerState(110)) - 589fbfef-7b85-4b40-975b-46e767fe3451: shutdown 589fbfef-7b85-4b40-975b-46e767fe3451@group-248D4464D7E9-FollowerState
2022-10-10 08:39:36,163 [589fbfef-7b85-4b40-975b-46e767fe3451@group-248D4464D7E9-FollowerState] INFO  server.RaftServer$Division (RaftServerImpl.java:setRole(299)) - 589fbfef-7b85-4b40-975b-46e767fe3451@group-248D4464D7E9: changes role from  FOLLOWER to CANDIDATE at term 6 for changeToCandidate
2022-10-10 08:39:36,163 [589fbfef-7b85-4b40-975b-46e767fe3451@group-248D4464D7E9-FollowerState] INFO  server.RaftServerConfigKeys (ConfUtils.java:logGet(46)) - raft.server.leaderelection.pre-vote = false (custom)
2022-10-10 08:39:36,163 [589fbfef-7b85-4b40-975b-46e767fe3451@group-248D4464D7E9-FollowerState] INFO  impl.RoleInfo (RoleInfo.java:updateAndGet(139)) - 589fbfef-7b85-4b40-975b-46e767fe3451: start 589fbfef-7b85-4b40-975b-46e767fe3451@group-248D4464D7E9-LeaderElection30
2022-10-10 08:39:36,190 [589fbfef-7b85-4b40-975b-46e767fe3451@group-248D4464D7E9-LeaderElection30] INFO  server.RaftServer$Division (ServerState.java:setLeader(287)) - 589fbfef-7b85-4b40-975b-46e767fe3451@group-248D4464D7E9: change Leader from 606b3dcd-c583-45a5-a0cf-b179208ecf3f to null at term 6 for ELECTION
2022-10-10 08:39:36,197 [589fbfef-7b85-4b40-975b-46e767fe3451@group-248D4464D7E9-LeaderElection30] INFO  impl.LeaderElection (LeaderElection.java:askForVotes(310)) - 589fbfef-7b85-4b40-975b-46e767fe3451@group-248D4464D7E9-LeaderElection30 ELECTION round 0: submit vote requests at term 7 for 0: [22afd6e4-8e85-4fe8-a1ff-afcedf5143bf|rpc:10.1.0.114:38607|dataStream:|priority:0, 589fbfef-7b85-4b40-975b-46e767fe3451|rpc:10.1.0.114:37327|dataStream:|priority:0, 606b3dcd-c583-45a5-a0cf-b179208ecf3f|rpc:10.1.0.114:39749|dataStream:|priority:1], old=null
2022-10-10 08:39:36,217 [589fbfef-7b85-4b40-975b-46e767fe3451@group-248D4464D7E9-LeaderElection30] INFO  impl.LeaderElection (LogUtils.java:infoOrTrace(137)) - 589fbfef-7b85-4b40-975b-46e767fe3451@group-248D4464D7E9-LeaderElection30 got exception when requesting votes: java.util.concurrent.ExecutionException: org.apache.ratis.thirdparty.io.grpc.StatusRuntimeException: UNAVAILABLE: io exception
2022-10-10 08:39:36,223 [589fbfef-7b85-4b40-975b-46e767fe3451@group-248D4464D7E9-LeaderElection30] INFO  impl.LeaderElection (LogUtils.java:infoOrTrace(137)) - 589fbfef-7b85-4b40-975b-46e767fe3451@group-248D4464D7E9-LeaderElection30 got exception when requesting votes: java.util.concurrent.ExecutionException: org.apache.ratis.thirdparty.io.grpc.StatusRuntimeException: UNAVAILABLE: io exception
2022-10-10 08:39:36,223 [589fbfef-7b85-4b40-975b-46e767fe3451@group-248D4464D7E9-LeaderElection30] INFO  impl.LeaderElection (LeaderElection.java:logAndReturn(90)) - 589fbfef-7b85-4b40-975b-46e767fe3451@group-248D4464D7E9-LeaderElection30: ELECTION REJECTED received 0 response(s) and 2 exception(s):
2022-10-10 08:39:36,223 [589fbfef-7b85-4b40-975b-46e767fe3451@group-248D4464D7E9-LeaderElection30] INFO  impl.LeaderElection (LogUtils.java:infoOrTrace(137)) -   Exception 0: java.util.concurrent.ExecutionException: org.apache.ratis.thirdparty.io.grpc.StatusRuntimeException: UNAVAILABLE: io exception
2022-10-10 08:39:36,223 [589fbfef-7b85-4b40-975b-46e767fe3451@group-248D4464D7E9-LeaderElection30] INFO  impl.LeaderElection (LogUtils.java:infoOrTrace(137)) -   Exception 1: java.util.concurrent.ExecutionException: org.apache.ratis.thirdparty.io.grpc.StatusRuntimeException: UNAVAILABLE: io exception
2022-10-10 08:39:36,223 [589fbfef-7b85-4b40-975b-46e767fe3451@group-248D4464D7E9-LeaderElection30] INFO  impl.LeaderElection (LeaderElection.java:askForVotes(312)) - 589fbfef-7b85-4b40-975b-46e767fe3451@group-248D4464D7E9-LeaderElection30 ELECTION round 0: result REJECTED
2022-10-10 08:39:36,223 [589fbfef-7b85-4b40-975b-46e767fe3451@group-248D4464D7E9-LeaderElection30] INFO  server.RaftServer$Division (RaftServerImpl.java:setRole(299)) - 589fbfef-7b85-4b40-975b-46e767fe3451@group-248D4464D7E9: changes role from CANDIDATE to FOLLOWER at term 7 for REJECTED
2022-10-10 08:39:36,223 [589fbfef-7b85-4b40-975b-46e767fe3451@group-248D4464D7E9-LeaderElection30] INFO  impl.RoleInfo (RoleInfo.java:shutdownLeaderElection(130)) - 589fbfef-7b85-4b40-975b-46e767fe3451: shutdown 589fbfef-7b85-4b40-975b-46e767fe3451@group-248D4464D7E9-LeaderElection30
2022-10-10 08:39:36,223 [589fbfef-7b85-4b40-975b-46e767fe3451@group-248D4464D7E9-LeaderElection30] INFO  impl.RoleInfo (RoleInfo.java:updateAndGet(139)) - 589fbfef-7b85-4b40-975b-46e767fe3451: start 589fbfef-7b85-4b40-975b-46e767fe3451@group-248D4464D7E9-FollowerState
2022-10-10 08:39:37,288 [grpc-default-executor-5] WARN  server.GrpcLogAppender (LogUtils.java:warn(122)) - 589fbfef-7b85-4b40-975b-46e767fe3451@group-38B366A9FD09->22afd6e4-8e85-4fe8-a1ff-afcedf5143bf-AppendLogResponseHandler: Failed appendEntries: org.apache.ratis.thirdparty.io.grpc.StatusRuntimeException: UNAVAILABLE: io exception
2022-10-10 08:39:37,288 [grpc-default-executor-5] INFO  leader.FollowerInfo (FollowerInfoImpl.java:lambda$new$0(48)) - 589fbfef-7b85-4b40-975b-46e767fe3451@group-38B366A9FD09->22afd6e4-8e85-4fe8-a1ff-afcedf5143bf: nextIndex: updateUnconditionally 30 -> 29
2022-10-10 08:39:37,330 [grpc-default-executor-5] WARN  server.GrpcLogAppender (LogUtils.java:warn(122)) - 589fbfef-7b85-4b40-975b-46e767fe3451@group-38B366A9FD09->606b3dcd-c583-45a5-a0cf-b179208ecf3f-AppendLogResponseHandler: Failed appendEntries: org.apache.ratis.thirdparty.io.grpc.StatusRuntimeException: UNAVAILABLE: io exception
2022-10-10 08:39:37,330 [grpc-default-executor-5] INFO  leader.FollowerInfo (FollowerInfoImpl.java:lambda$new$0(48)) - 589fbfef-7b85-4b40-975b-46e767fe3451@group-38B366A9FD09->606b3dcd-c583-45a5-a0cf-b179208ecf3f: nextIndex: updateUnconditionally 30 -> 29
2022-10-10 08:39:37,749 [Listener at 127.0.0.1/43231] INFO  statemachine.DatanodeStateMachine (DatanodeStateMachine.java:stopDaemon(580)) - Ozone container server stopped.
2022-10-10 08:39:37,762 [ForkJoinPool.commonPool-worker-1] INFO  statemachine.DatanodeStateMachine (DatanodeStateMachine.java:stopDaemon(580)) - Ozone container server stopped.
2022-10-10 08:39:37,786 [Listener at 127.0.0.1/43231] INFO  handler.ContextHandler (ContextHandler.java:doStop(1153)) - Stopped o.e.j.w.WebAppContext@45752a32{hddsDatanode,/,null,STOPPED}{jar:file:/home/runner/.m2/repository/org/apache/ozone/hdds-container-service/1.3.0-SNAPSHOT/hdds-container-service-1.3.0-SNAPSHOT.jar!/webapps/hddsDatanode}
2022-10-10 08:39:37,789 [Listener at 127.0.0.1/43231] INFO  server.AbstractConnector (AbstractConnector.java:doStop(381)) - Stopped ServerConnector@3b4d0434{HTTP/1.1, (http/1.1)}{0.0.0.0:0}
2022-10-10 08:39:37,789 [Listener at 127.0.0.1/43231] INFO  server.session (HouseKeeper.java:stopScavenging(149)) - node0 Stopped scavenging
2022-10-10 08:39:37,790 [Listener at 127.0.0.1/43231] INFO  handler.ContextHandler (ContextHandler.java:doStop(1153)) - Stopped o.e.j.s.ServletContextHandler@6ef3e83e{static,/static,jar:file:/home/runner/.m2/repository/org/apache/ozone/hdds-container-service/1.3.0-SNAPSHOT/hdds-container-service-1.3.0-SNAPSHOT.jar!/webapps/static,STOPPED}
2022-10-10 08:39:37,790 [Listener at 127.0.0.1/43231] INFO  handler.ContextHandler (ContextHandler.java:doStop(1153)) - Stopped o.e.j.s.ServletContextHandler@17ef0c6d{logs,/logs,file:///home/runner/work/ozone/ozone/hadoop-ozone/integration-test/target/log,STOPPED}
2022-10-10 08:39:37,833 [ForkJoinPool.commonPool-worker-1] INFO  handler.ContextHandler (ContextHandler.java:doStop(1153)) - Stopped o.e.j.w.WebAppContext@1d0bca2f{hddsDatanode,/,null,STOPPED}{jar:file:/home/runner/.m2/repository/org/apache/ozone/hdds-container-service/1.3.0-SNAPSHOT/hdds-container-service-1.3.0-SNAPSHOT.jar!/webapps/hddsDatanode}
2022-10-10 08:39:37,838 [ForkJoinPool.commonPool-worker-1] INFO  server.AbstractConnector (AbstractConnector.java:doStop(381)) - Stopped ServerConnector@5e40bbed{HTTP/1.1, (http/1.1)}{0.0.0.0:0}
2022-10-10 08:39:37,839 [ForkJoinPool.commonPool-worker-1] INFO  server.session (HouseKeeper.java:stopScavenging(149)) - node0 Stopped scavenging
2022-10-10 08:39:37,868 [ForkJoinPool.commonPool-worker-1] INFO  handler.ContextHandler (ContextHandler.java:doStop(1153)) - Stopped o.e.j.s.ServletContextHandler@6811bfe3{static,/static,jar:file:/home/runner/.m2/repository/org/apache/ozone/hdds-container-service/1.3.0-SNAPSHOT/hdds-container-service-1.3.0-SNAPSHOT.jar!/webapps/static,STOPPED}
2022-10-10 08:39:37,900 [ForkJoinPool.commonPool-worker-1] INFO  handler.ContextHandler (ContextHandler.java:doStop(1153)) - Stopped o.e.j.s.ServletContextHandler@7ae7a033{logs,/logs,file:///home/runner/work/ozone/ozone/hadoop-ozone/integration-test/target/log,STOPPED}
2022-10-10 08:39:38,052 [589fbfef-7b85-4b40-975b-46e767fe3451@group-38B366A9FD09-LeaderStateImpl] WARN  server.RaftServer$Division (LeaderStateImpl.java:checkLeadership(1018)) - 589fbfef-7b85-4b40-975b-46e767fe3451@group-38B366A9FD09-LeaderStateImpl: Lost leadership on term: 1. Election timeout: 5200ms. In charge for: 59138ms. Conf: 0: [22afd6e4-8e85-4fe8-a1ff-afcedf5143bf|rpc:10.1.0.114:38607|dataStream:|priority:0, 589fbfef-7b85-4b40-975b-46e767fe3451|rpc:10.1.0.114:37327|dataStream:|priority:1, 606b3dcd-c583-45a5-a0cf-b179208ecf3f|rpc:10.1.0.114:39749|dataStream:|priority:0], old=null
2022-10-10 08:39:38,052 [589fbfef-7b85-4b40-975b-46e767fe3451@group-38B366A9FD09-LeaderStateImpl] WARN  server.RaftServer$Division (LeaderStateImpl.java:lambda$checkLeadership$17(1022)) - Follower 589fbfef-7b85-4b40-975b-46e767fe3451@group-38B366A9FD09->22afd6e4-8e85-4fe8-a1ff-afcedf5143bf(c29,m29,n29, attendVote=true, lastRpcSendTime=764, lastRpcResponseTime=5770)
2022-10-10 08:39:38,052 [589fbfef-7b85-4b40-975b-46e767fe3451@group-38B366A9FD09-LeaderStateImpl] WARN  server.RaftServer$Division (LeaderStateImpl.java:lambda$checkLeadership$17(1022)) - Follower 589fbfef-7b85-4b40-975b-46e767fe3451@group-38B366A9FD09->606b3dcd-c583-45a5-a0cf-b179208ecf3f(c29,m29,n29, attendVote=true, lastRpcSendTime=722, lastRpcResponseTime=5724)
2022-10-10 08:39:38,052 [589fbfef-7b85-4b40-975b-46e767fe3451@group-38B366A9FD09-LeaderStateImpl] INFO  server.RaftServer$Division (RaftServerImpl.java:setRole(299)) - 589fbfef-7b85-4b40-975b-46e767fe3451@group-38B366A9FD09: changes role from    LEADER to FOLLOWER at term 1 for StepDownReason:LOST_MAJORITY_HEARTBEATS
2022-10-10 08:39:38,052 [589fbfef-7b85-4b40-975b-46e767fe3451@group-38B366A9FD09-LeaderStateImpl] INFO  impl.RoleInfo (RoleInfo.java:shutdownLeaderState(93)) - 589fbfef-7b85-4b40-975b-46e767fe3451: shutdown 589fbfef-7b85-4b40-975b-46e767fe3451@group-38B366A9FD09-LeaderStateImpl
2022-10-10 08:39:38,053 [589fbfef-7b85-4b40-975b-46e767fe3451@group-38B366A9FD09-LeaderStateImpl] INFO  impl.PendingRequests (PendingRequests.java:sendNotLeaderResponses(282)) - 589fbfef-7b85-4b40-975b-46e767fe3451@group-38B366A9FD09-PendingRequests: sendNotLeaderResponses
2022-10-10 08:39:38,054 [589fbfef-7b85-4b40-975b-46e767fe3451@group-38B366A9FD09->22afd6e4-8e85-4fe8-a1ff-afcedf5143bf-GrpcLogAppender-LogAppenderDaemon] WARN  server.GrpcLogAppender (GrpcLogAppender.java:mayWait(171)) - 589fbfef-7b85-4b40-975b-46e767fe3451@group-38B366A9FD09->22afd6e4-8e85-4fe8-a1ff-afcedf5143bf-GrpcLogAppender: Wait interrupted by java.lang.InterruptedException
2022-10-10 08:39:38,057 [589fbfef-7b85-4b40-975b-46e767fe3451@group-38B366A9FD09-LeaderStateImpl] INFO  impl.RoleInfo (RoleInfo.java:updateAndGet(139)) - 589fbfef-7b85-4b40-975b-46e767fe3451: start 589fbfef-7b85-4b40-975b-46e767fe3451@group-38B366A9FD09-FollowerState
2022-10-10 08:39:38,076 [589fbfef-7b85-4b40-975b-46e767fe3451@group-38B366A9FD09->606b3dcd-c583-45a5-a0cf-b179208ecf3f-GrpcLogAppender-LogAppenderDaemon] WARN  server.GrpcLogAppender (GrpcLogAppender.java:mayWait(171)) - 589fbfef-7b85-4b40-975b-46e767fe3451@group-38B366A9FD09->606b3dcd-c583-45a5-a0cf-b179208ecf3f-GrpcLogAppender: Wait interrupted by java.lang.InterruptedException
2022-10-10 08:39:41,448 [589fbfef-7b85-4b40-975b-46e767fe3451@group-248D4464D7E9-FollowerState] INFO  impl.FollowerState (FollowerState.java:run(143)) - 589fbfef-7b85-4b40-975b-46e767fe3451@group-248D4464D7E9-FollowerState: change to CANDIDATE, lastRpcElapsedTime:5224722761ns, electionTimeout:5196ms
2022-10-10 08:39:41,448 [589fbfef-7b85-4b40-975b-46e767fe3451@group-248D4464D7E9-FollowerState] INFO  impl.RoleInfo (RoleInfo.java:shutdownFollowerState(110)) - 589fbfef-7b85-4b40-975b-46e767fe3451: shutdown 589fbfef-7b85-4b40-975b-46e767fe3451@group-248D4464D7E9-FollowerState
2022-10-10 08:39:41,448 [589fbfef-7b85-4b40-975b-46e767fe3451@group-248D4464D7E9-FollowerState] INFO  server.RaftServer$Division (RaftServerImpl.java:setRole(299)) - 589fbfef-7b85-4b40-975b-46e767fe3451@group-248D4464D7E9: changes role from  FOLLOWER to CANDIDATE at term 7 for changeToCandidate
2022-10-10 08:39:41,449 [589fbfef-7b85-4b40-975b-46e767fe3451@group-248D4464D7E9-FollowerState] INFO  server.RaftServerConfigKeys (ConfUtils.java:logGet(46)) - raft.server.leaderelection.pre-vote = false (custom)
2022-10-10 08:39:41,449 [589fbfef-7b85-4b40-975b-46e767fe3451@group-248D4464D7E9-FollowerState] INFO  impl.RoleInfo (RoleInfo.java:updateAndGet(139)) - 589fbfef-7b85-4b40-975b-46e767fe3451: start 589fbfef-7b85-4b40-975b-46e767fe3451@group-248D4464D7E9-LeaderElection31
2022-10-10 08:39:41,463 [589fbfef-7b85-4b40-975b-46e767fe3451@group-248D4464D7E9-LeaderElection31] INFO  impl.LeaderElection (LeaderElection.java:askForVotes(310)) - 589fbfef-7b85-4b40-975b-46e767fe3451@group-248D4464D7E9-LeaderElection31 ELECTION round 0: submit vote requests at term 8 for 0: [22afd6e4-8e85-4fe8-a1ff-afcedf5143bf|rpc:10.1.0.114:38607|dataStream:|priority:0, 589fbfef-7b85-4b40-975b-46e767fe3451|rpc:10.1.0.114:37327|dataStream:|priority:0, 606b3dcd-c583-45a5-a0cf-b179208ecf3f|rpc:10.1.0.114:39749|dataStream:|priority:1], old=null
2022-10-10 08:39:41,478 [589fbfef-7b85-4b40-975b-46e767fe3451@group-248D4464D7E9-LeaderElection31] INFO  impl.LeaderElection (LogUtils.java:infoOrTrace(137)) - 589fbfef-7b85-4b40-975b-46e767fe3451@group-248D4464D7E9-LeaderElection31 got exception when requesting votes: java.util.concurrent.ExecutionException: org.apache.ratis.thirdparty.io.grpc.StatusRuntimeException: UNAVAILABLE: io exception
2022-10-10 08:39:41,479 [589fbfef-7b85-4b40-975b-46e767fe3451@group-248D4464D7E9-LeaderElection31] INFO  impl.LeaderElection (LogUtils.java:infoOrTrace(137)) - 589fbfef-7b85-4b40-975b-46e767fe3451@group-248D4464D7E9-LeaderElection31 got exception when requesting votes: java.util.concurrent.ExecutionException: org.apache.ratis.thirdparty.io.grpc.StatusRuntimeException: UNAVAILABLE: io exception
2022-10-10 08:39:41,479 [589fbfef-7b85-4b40-975b-46e767fe3451@group-248D4464D7E9-LeaderElection31] INFO  impl.LeaderElection (LeaderElection.java:logAndReturn(90)) - 589fbfef-7b85-4b40-975b-46e767fe3451@group-248D4464D7E9-LeaderElection31: ELECTION REJECTED received 0 response(s) and 2 exception(s):
2022-10-10 08:39:41,479 [589fbfef-7b85-4b40-975b-46e767fe3451@group-248D4464D7E9-LeaderElection31] INFO  impl.LeaderElection (LogUtils.java:infoOrTrace(137)) -   Exception 0: java.util.concurrent.ExecutionException: org.apache.ratis.thirdparty.io.grpc.StatusRuntimeException: UNAVAILABLE: io exception
2022-10-10 08:39:41,479 [589fbfef-7b85-4b40-975b-46e767fe3451@group-248D4464D7E9-LeaderElection31] INFO  impl.LeaderElection (LogUtils.java:infoOrTrace(137)) -   Exception 1: java.util.concurrent.ExecutionException: org.apache.ratis.thirdparty.io.grpc.StatusRuntimeException: UNAVAILABLE: io exception
2022-10-10 08:39:41,479 [589fbfef-7b85-4b40-975b-46e767fe3451@group-248D4464D7E9-LeaderElection31] INFO  impl.LeaderElection (LeaderElection.java:askForVotes(312)) - 589fbfef-7b85-4b40-975b-46e767fe3451@group-248D4464D7E9-LeaderElection31 ELECTION round 0: result REJECTED
2022-10-10 08:39:41,479 [589fbfef-7b85-4b40-975b-46e767fe3451@group-248D4464D7E9-LeaderElection31] INFO  server.RaftServer$Division (RaftServerImpl.java:setRole(299)) - 589fbfef-7b85-4b40-975b-46e767fe3451@group-248D4464D7E9: changes role from CANDIDATE to FOLLOWER at term 8 for REJECTED
2022-10-10 08:39:41,479 [589fbfef-7b85-4b40-975b-46e767fe3451@group-248D4464D7E9-LeaderElection31] INFO  impl.RoleInfo (RoleInfo.java:shutdownLeaderElection(130)) - 589fbfef-7b85-4b40-975b-46e767fe3451: shutdown 589fbfef-7b85-4b40-975b-46e767fe3451@group-248D4464D7E9-LeaderElection31
2022-10-10 08:39:41,480 [589fbfef-7b85-4b40-975b-46e767fe3451@group-248D4464D7E9-LeaderElection31] INFO  impl.RoleInfo (RoleInfo.java:updateAndGet(139)) - 589fbfef-7b85-4b40-975b-46e767fe3451: start 589fbfef-7b85-4b40-975b-46e767fe3451@group-248D4464D7E9-FollowerState
2022-10-10 08:39:42,816 [Listener at 127.0.0.1/43231] INFO  ozoneimpl.OzoneContainer (OzoneContainer.java:stop(400)) - Attempting to stop container services.
2022-10-10 08:39:42,817 [Listener at 127.0.0.1/43231] INFO  server.RaftServer (RaftServerProxy.java:lambda$close$7(398)) - 0454b04b-10ad-483d-88a8-8bbf68ec3d5d: close
2022-10-10 08:39:42,817 [Listener at 127.0.0.1/43231] INFO  server.RaftServer$Division (RaftServerImpl.java:lambda$close$4(434)) - 0454b04b-10ad-483d-88a8-8bbf68ec3d5d@group-7DED84125F20: shutdown
2022-10-10 08:39:42,818 [Listener at 127.0.0.1/43231] INFO  util.JmxRegister (JmxRegister.java:unregister(73)) - Successfully un-registered JMX Bean with object name Ratis:service=RaftServer,group=group-7DED84125F20,id=0454b04b-10ad-483d-88a8-8bbf68ec3d5d
2022-10-10 08:39:42,818 [Listener at 127.0.0.1/43231] INFO  impl.RoleInfo (RoleInfo.java:shutdownLeaderState(93)) - 0454b04b-10ad-483d-88a8-8bbf68ec3d5d: shutdown 0454b04b-10ad-483d-88a8-8bbf68ec3d5d@group-7DED84125F20-LeaderStateImpl
2022-10-10 08:39:42,818 [Listener at 127.0.0.1/43231] INFO  impl.PendingRequests (PendingRequests.java:sendNotLeaderResponses(282)) - 0454b04b-10ad-483d-88a8-8bbf68ec3d5d@group-7DED84125F20-PendingRequests: sendNotLeaderResponses
2022-10-10 08:39:42,819 [0454b04b-10ad-483d-88a8-8bbf68ec3d5d@group-7DED84125F20-StateMachineUpdater] INFO  ratis.ContainerStateMachine (ContainerStateMachine.java:takeSnapshot(304)) - group-7DED84125F20: Taking a snapshot at:(t:1, i:0) file /home/runner/work/ozone/ozone/hadoop-ozone/integration-test/target/test-dir/MiniOzoneClusterImpl-48dafe68-2a65-4a21-9ceb-731b54627123/datanode-4/data/ratis/960f7a36-26e2-42b4-8b2d-7ded84125f20/sm/snapshot.1_0
2022-10-10 08:39:42,819 [Listener at 127.0.0.1/43231] INFO  impl.StateMachineUpdater (StateMachineUpdater.java:stopAndJoin(153)) - 0454b04b-10ad-483d-88a8-8bbf68ec3d5d@group-7DED84125F20-StateMachineUpdater: set stopIndex = 0
2022-10-10 08:39:42,820 [0454b04b-10ad-483d-88a8-8bbf68ec3d5d@group-7DED84125F20-StateMachineUpdater] INFO  ratis.ContainerStateMachine (ContainerStateMachine.java:takeSnapshot(315)) - group-7DED84125F20: Finished taking a snapshot at:(t:1, i:0) file:/home/runner/work/ozone/ozone/hadoop-ozone/integration-test/target/test-dir/MiniOzoneClusterImpl-48dafe68-2a65-4a21-9ceb-731b54627123/datanode-4/data/ratis/960f7a36-26e2-42b4-8b2d-7ded84125f20/sm/snapshot.1_0 took: 0 ms
2022-10-10 08:39:42,820 [0454b04b-10ad-483d-88a8-8bbf68ec3d5d@group-7DED84125F20-StateMachineUpdater] INFO  impl.StateMachineUpdater (StateMachineUpdater.java:takeSnapshot(287)) - 0454b04b-10ad-483d-88a8-8bbf68ec3d5d@group-7DED84125F20-StateMachineUpdater: Took a snapshot at index 0
2022-10-10 08:39:42,820 [0454b04b-10ad-483d-88a8-8bbf68ec3d5d@group-7DED84125F20-StateMachineUpdater] INFO  impl.StateMachineUpdater (StateMachineUpdater.java:lambda$new$0(92)) - 0454b04b-10ad-483d-88a8-8bbf68ec3d5d@group-7DED84125F20-StateMachineUpdater: snapshotIndex: updateIncreasingly -1 -> 0
2022-10-10 08:39:42,820 [Listener at 127.0.0.1/43231] INFO  server.RaftServer$Division (ServerState.java:close(429)) - 0454b04b-10ad-483d-88a8-8bbf68ec3d5d@group-7DED84125F20: closes. applyIndex: 0
2022-10-10 08:39:42,825 [0454b04b-10ad-483d-88a8-8bbf68ec3d5d@group-7DED84125F20-SegmentedRaftLogWorker] INFO  segmented.SegmentedRaftLogWorker (SegmentedRaftLogWorker.java:run(336)) - 0454b04b-10ad-483d-88a8-8bbf68ec3d5d@group-7DED84125F20-SegmentedRaftLogWorker was interrupted, exiting. There are 0 tasks remaining in the queue.
2022-10-10 08:39:42,837 [Listener at 127.0.0.1/43231] INFO  segmented.SegmentedRaftLogWorker (SegmentedRaftLogWorker.java:close(246)) - 0454b04b-10ad-483d-88a8-8bbf68ec3d5d@group-7DED84125F20-SegmentedRaftLogWorker close()
2022-10-10 08:39:42,845 [Listener at 127.0.0.1/43231] INFO  server.GrpcService (GrpcService.java:closeImpl(269)) - 0454b04b-10ad-483d-88a8-8bbf68ec3d5d: shutdown server with port 42031 now
2022-10-10 08:39:42,845 [Listener at 127.0.0.1/43231] INFO  server.GrpcService (GrpcService.java:closeImpl(278)) - 0454b04b-10ad-483d-88a8-8bbf68ec3d5d: shutdown server with port 42031 successfully
2022-10-10 08:39:42,846 [org.apache.ratis.util.JvmPauseMonitor$$Lambda$636/263158265@2d26b062] INFO  util.JvmPauseMonitor (JvmPauseMonitor.java:run(109)) - JvmPauseMonitor-0454b04b-10ad-483d-88a8-8bbf68ec3d5d: Stopped
2022-10-10 08:39:42,905 [ForkJoinPool.commonPool-worker-1] INFO  ozoneimpl.OzoneContainer (OzoneContainer.java:stop(400)) - Attempting to stop container services.
2022-10-10 08:39:42,906 [ForkJoinPool.commonPool-worker-1] INFO  server.RaftServer (RaftServerProxy.java:lambda$close$7(398)) - 589fbfef-7b85-4b40-975b-46e767fe3451: close
2022-10-10 08:39:42,906 [ForkJoinPool.commonPool-worker-1] INFO  server.RaftServer$Division (RaftServerImpl.java:lambda$close$4(434)) - 589fbfef-7b85-4b40-975b-46e767fe3451@group-248D4464D7E9: shutdown
2022-10-10 08:39:42,906 [ForkJoinPool.commonPool-worker-1] INFO  util.JmxRegister (JmxRegister.java:unregister(73)) - Successfully un-registered JMX Bean with object name Ratis:service=RaftServer,group=group-248D4464D7E9,id=589fbfef-7b85-4b40-975b-46e767fe3451
2022-10-10 08:39:42,906 [ForkJoinPool.commonPool-worker-1] INFO  impl.RoleInfo (RoleInfo.java:shutdownFollowerState(110)) - 589fbfef-7b85-4b40-975b-46e767fe3451: shutdown 589fbfef-7b85-4b40-975b-46e767fe3451@group-248D4464D7E9-FollowerState
2022-10-10 08:39:42,906 [ForkJoinPool.commonPool-worker-1] INFO  impl.StateMachineUpdater (StateMachineUpdater.java:stopAndJoin(153)) - 589fbfef-7b85-4b40-975b-46e767fe3451@group-248D4464D7E9-StateMachineUpdater: set stopIndex = 0
2022-10-10 08:39:42,907 [589fbfef-7b85-4b40-975b-46e767fe3451@group-248D4464D7E9-FollowerState] INFO  impl.FollowerState (FollowerState.java:run(152)) - 589fbfef-7b85-4b40-975b-46e767fe3451@group-248D4464D7E9-FollowerState was interrupted
2022-10-10 08:39:42,907 [589fbfef-7b85-4b40-975b-46e767fe3451@group-248D4464D7E9-StateMachineUpdater] INFO  ratis.ContainerStateMachine (ContainerStateMachine.java:takeSnapshot(304)) - group-248D4464D7E9: Taking a snapshot at:(t:6, i:0) file /home/runner/work/ozone/ozone/hadoop-ozone/integration-test/target/test-dir/MiniOzoneClusterImpl-48dafe68-2a65-4a21-9ceb-731b54627123/datanode-0/data/ratis/6ca4c351-3f7a-4379-9057-248d4464d7e9/sm/snapshot.6_0
2022-10-10 08:39:42,912 [589fbfef-7b85-4b40-975b-46e767fe3451@group-248D4464D7E9-StateMachineUpdater] INFO  ratis.ContainerStateMachine (ContainerStateMachine.java:takeSnapshot(315)) - group-248D4464D7E9: Finished taking a snapshot at:(t:6, i:0) file:/home/runner/work/ozone/ozone/hadoop-ozone/integration-test/target/test-dir/MiniOzoneClusterImpl-48dafe68-2a65-4a21-9ceb-731b54627123/datanode-0/data/ratis/6ca4c351-3f7a-4379-9057-248d4464d7e9/sm/snapshot.6_0 took: 4 ms
2022-10-10 08:39:42,912 [589fbfef-7b85-4b40-975b-46e767fe3451@group-248D4464D7E9-StateMachineUpdater] INFO  impl.StateMachineUpdater (StateMachineUpdater.java:takeSnapshot(287)) - 589fbfef-7b85-4b40-975b-46e767fe3451@group-248D4464D7E9-StateMachineUpdater: Took a snapshot at index 0
2022-10-10 08:39:42,912 [589fbfef-7b85-4b40-975b-46e767fe3451@group-248D4464D7E9-StateMachineUpdater] INFO  impl.StateMachineUpdater (StateMachineUpdater.java:lambda$new$0(92)) - 589fbfef-7b85-4b40-975b-46e767fe3451@group-248D4464D7E9-StateMachineUpdater: snapshotIndex: updateIncreasingly -1 -> 0
2022-10-10 08:39:42,917 [ForkJoinPool.commonPool-worker-1] INFO  server.RaftServer$Division (ServerState.java:close(429)) - 589fbfef-7b85-4b40-975b-46e767fe3451@group-248D4464D7E9: closes. applyIndex: 0
2022-10-10 08:39:42,917 [589fbfef-7b85-4b40-975b-46e767fe3451@group-248D4464D7E9-SegmentedRaftLogWorker] INFO  segmented.SegmentedRaftLogWorker (SegmentedRaftLogWorker.java:run(336)) - 589fbfef-7b85-4b40-975b-46e767fe3451@group-248D4464D7E9-SegmentedRaftLogWorker was interrupted, exiting. There are 0 tasks remaining in the queue.
2022-10-10 08:39:42,918 [ForkJoinPool.commonPool-worker-1] INFO  segmented.SegmentedRaftLogWorker (SegmentedRaftLogWorker.java:close(246)) - 589fbfef-7b85-4b40-975b-46e767fe3451@group-248D4464D7E9-SegmentedRaftLogWorker close()
2022-10-10 08:39:42,928 [ForkJoinPool.commonPool-worker-1] INFO  server.RaftServer$Division (RaftServerImpl.java:lambda$close$4(434)) - 589fbfef-7b85-4b40-975b-46e767fe3451@group-38B366A9FD09: shutdown
2022-10-10 08:39:42,928 [ForkJoinPool.commonPool-worker-1] INFO  util.JmxRegister (JmxRegister.java:unregister(73)) - Successfully un-registered JMX Bean with object name Ratis:service=RaftServer,group=group-38B366A9FD09,id=589fbfef-7b85-4b40-975b-46e767fe3451
2022-10-10 08:39:42,928 [ForkJoinPool.commonPool-worker-1] INFO  impl.RoleInfo (RoleInfo.java:shutdownFollowerState(110)) - 589fbfef-7b85-4b40-975b-46e767fe3451: shutdown 589fbfef-7b85-4b40-975b-46e767fe3451@group-38B366A9FD09-FollowerState
2022-10-10 08:39:42,928 [ForkJoinPool.commonPool-worker-1] INFO  impl.StateMachineUpdater (StateMachineUpdater.java:stopAndJoin(153)) - 589fbfef-7b85-4b40-975b-46e767fe3451@group-38B366A9FD09-StateMachineUpdater: set stopIndex = 29
2022-10-10 08:39:42,928 [589fbfef-7b85-4b40-975b-46e767fe3451@group-38B366A9FD09-FollowerState] INFO  impl.FollowerState (FollowerState.java:run(152)) - 589fbfef-7b85-4b40-975b-46e767fe3451@group-38B366A9FD09-FollowerState was interrupted
2022-10-10 08:39:42,956 [589fbfef-7b85-4b40-975b-46e767fe3451@group-38B366A9FD09-StateMachineUpdater] INFO  ratis.ContainerStateMachine (ContainerStateMachine.java:takeSnapshot(304)) - group-38B366A9FD09: Taking a snapshot at:(t:1, i:29) file /home/runner/work/ozone/ozone/hadoop-ozone/integration-test/target/test-dir/MiniOzoneClusterImpl-48dafe68-2a65-4a21-9ceb-731b54627123/datanode-0/data/ratis/7f65876c-06f0-4e87-92b1-38b366a9fd09/sm/snapshot.1_29
2022-10-10 08:39:42,958 [589fbfef-7b85-4b40-975b-46e767fe3451@group-38B366A9FD09-StateMachineUpdater] INFO  ratis.ContainerStateMachine (ContainerStateMachine.java:takeSnapshot(315)) - group-38B366A9FD09: Finished taking a snapshot at:(t:1, i:29) file:/home/runner/work/ozone/ozone/hadoop-ozone/integration-test/target/test-dir/MiniOzoneClusterImpl-48dafe68-2a65-4a21-9ceb-731b54627123/datanode-0/data/ratis/7f65876c-06f0-4e87-92b1-38b366a9fd09/sm/snapshot.1_29 took: 2 ms
2022-10-10 08:39:42,958 [589fbfef-7b85-4b40-975b-46e767fe3451@group-38B366A9FD09-StateMachineUpdater] INFO  impl.StateMachineUpdater (StateMachineUpdater.java:takeSnapshot(287)) - 589fbfef-7b85-4b40-975b-46e767fe3451@group-38B366A9FD09-StateMachineUpdater: Took a snapshot at index 29
2022-10-10 08:39:42,958 [589fbfef-7b85-4b40-975b-46e767fe3451@group-38B366A9FD09-StateMachineUpdater] INFO  impl.StateMachineUpdater (StateMachineUpdater.java:lambda$new$0(92)) - 589fbfef-7b85-4b40-975b-46e767fe3451@group-38B366A9FD09-StateMachineUpdater: snapshotIndex: updateIncreasingly -1 -> 29
2022-10-10 08:39:42,960 [ForkJoinPool.commonPool-worker-1] INFO  server.RaftServer$Division (ServerState.java:close(429)) - 589fbfef-7b85-4b40-975b-46e767fe3451@group-38B366A9FD09: closes. applyIndex: 29
2022-10-10 08:39:42,961 [589fbfef-7b85-4b40-975b-46e767fe3451@group-38B366A9FD09-SegmentedRaftLogWorker] INFO  segmented.SegmentedRaftLogWorker (SegmentedRaftLogWorker.java:run(336)) - 589fbfef-7b85-4b40-975b-46e767fe3451@group-38B366A9FD09-SegmentedRaftLogWorker was interrupted, exiting. There are 0 tasks remaining in the queue.
2022-10-10 08:39:42,970 [ForkJoinPool.commonPool-worker-1] INFO  segmented.SegmentedRaftLogWorker (SegmentedRaftLogWorker.java:close(246)) - 589fbfef-7b85-4b40-975b-46e767fe3451@group-38B366A9FD09-SegmentedRaftLogWorker close()
2022-10-10 08:39:42,971 [ForkJoinPool.commonPool-worker-1] INFO  server.RaftServer$Division (RaftServerImpl.java:lambda$close$4(434)) - 589fbfef-7b85-4b40-975b-46e767fe3451@group-7435FC31DD8C: shutdown
2022-10-10 08:39:42,971 [ForkJoinPool.commonPool-worker-1] INFO  util.JmxRegister (JmxRegister.java:unregister(73)) - Successfully un-registered JMX Bean with object name Ratis:service=RaftServer,group=group-7435FC31DD8C,id=589fbfef-7b85-4b40-975b-46e767fe3451
2022-10-10 08:39:42,971 [ForkJoinPool.commonPool-worker-1] INFO  impl.RoleInfo (RoleInfo.java:shutdownLeaderState(93)) - 589fbfef-7b85-4b40-975b-46e767fe3451: shutdown 589fbfef-7b85-4b40-975b-46e767fe3451@group-7435FC31DD8C-LeaderStateImpl
2022-10-10 08:39:42,971 [ForkJoinPool.commonPool-worker-1] INFO  impl.PendingRequests (PendingRequests.java:sendNotLeaderResponses(282)) - 589fbfef-7b85-4b40-975b-46e767fe3451@group-7435FC31DD8C-PendingRequests: sendNotLeaderResponses
2022-10-10 08:39:42,972 [ForkJoinPool.commonPool-worker-1] INFO  impl.StateMachineUpdater (StateMachineUpdater.java:stopAndJoin(153)) - 589fbfef-7b85-4b40-975b-46e767fe3451@group-7435FC31DD8C-StateMachineUpdater: set stopIndex = 0
2022-10-10 08:39:42,972 [589fbfef-7b85-4b40-975b-46e767fe3451@group-7435FC31DD8C-StateMachineUpdater] INFO  ratis.ContainerStateMachine (ContainerStateMachine.java:takeSnapshot(304)) - group-7435FC31DD8C: Taking a snapshot at:(t:1, i:0) file /home/runner/work/ozone/ozone/hadoop-ozone/integration-test/target/test-dir/MiniOzoneClusterImpl-48dafe68-2a65-4a21-9ceb-731b54627123/datanode-0/data/ratis/586f481b-047c-419a-9497-7435fc31dd8c/sm/snapshot.1_0
2022-10-10 08:39:42,973 [589fbfef-7b85-4b40-975b-46e767fe3451@group-7435FC31DD8C-StateMachineUpdater] INFO  ratis.ContainerStateMachine (ContainerStateMachine.java:takeSnapshot(315)) - group-7435FC31DD8C: Finished taking a snapshot at:(t:1, i:0) file:/home/runner/work/ozone/ozone/hadoop-ozone/integration-test/target/test-dir/MiniOzoneClusterImpl-48dafe68-2a65-4a21-9ceb-731b54627123/datanode-0/data/ratis/586f481b-047c-419a-9497-7435fc31dd8c/sm/snapshot.1_0 took: 1 ms
2022-10-10 08:39:42,973 [589fbfef-7b85-4b40-975b-46e767fe3451@group-7435FC31DD8C-StateMachineUpdater] INFO  impl.StateMachineUpdater (StateMachineUpdater.java:takeSnapshot(287)) - 589fbfef-7b85-4b40-975b-46e767fe3451@group-7435FC31DD8C-StateMachineUpdater: Took a snapshot at index 0
2022-10-10 08:39:42,973 [589fbfef-7b85-4b40-975b-46e767fe3451@group-7435FC31DD8C-StateMachineUpdater] INFO  impl.StateMachineUpdater (StateMachineUpdater.java:lambda$new$0(92)) - 589fbfef-7b85-4b40-975b-46e767fe3451@group-7435FC31DD8C-StateMachineUpdater: snapshotIndex: updateIncreasingly -1 -> 0
2022-10-10 08:39:42,973 [ForkJoinPool.commonPool-worker-1] INFO  server.RaftServer$Division (ServerState.java:close(429)) - 589fbfef-7b85-4b40-975b-46e767fe3451@group-7435FC31DD8C: closes. applyIndex: 0
2022-10-10 08:39:42,973 [589fbfef-7b85-4b40-975b-46e767fe3451@group-7435FC31DD8C-SegmentedRaftLogWorker] INFO  segmented.SegmentedRaftLogWorker (SegmentedRaftLogWorker.java:run(336)) - 589fbfef-7b85-4b40-975b-46e767fe3451@group-7435FC31DD8C-SegmentedRaftLogWorker was interrupted, exiting. There are 0 tasks remaining in the queue.
2022-10-10 08:39:42,974 [ForkJoinPool.commonPool-worker-1] INFO  segmented.SegmentedRaftLogWorker (SegmentedRaftLogWorker.java:close(246)) - 589fbfef-7b85-4b40-975b-46e767fe3451@group-7435FC31DD8C-SegmentedRaftLogWorker close()
2022-10-10 08:39:42,974 [ForkJoinPool.commonPool-worker-1] INFO  server.GrpcService (GrpcService.java:closeImpl(269)) - 589fbfef-7b85-4b40-975b-46e767fe3451: shutdown server with port 37327 now
2022-10-10 08:39:42,985 [grpc-default-executor-1] WARN  server.GrpcClientProtocolService (LogUtils.java:warn(122)) - 3-UnorderedRequestStreamObserver3: onError: org.apache.ratis.thirdparty.io.grpc.StatusRuntimeException: CANCELLED: client cancelled
2022-10-10 08:39:42,996 [ForkJoinPool.commonPool-worker-1] INFO  server.GrpcService (GrpcService.java:closeImpl(278)) - 589fbfef-7b85-4b40-975b-46e767fe3451: shutdown server with port 37327 successfully
2022-10-10 08:39:42,996 [org.apache.ratis.util.JvmPauseMonitor$$Lambda$636/263158265@34885515] INFO  util.JvmPauseMonitor (JvmPauseMonitor.java:run(109)) - JvmPauseMonitor-589fbfef-7b85-4b40-975b-46e767fe3451: Stopped
2022-10-10 08:39:44,879 [Listener at 127.0.0.1/43231] INFO  utils.BackgroundService (BackgroundService.java:shutdown(141)) - Shutting down service BlockDeletingService
2022-10-10 08:39:44,879 [Listener at 127.0.0.1/43231] INFO  utils.BackgroundService (BackgroundService.java:shutdown(141)) - Shutting down service StaleRecoveringContainerScrubbingService
2022-10-10 08:39:45,033 [ForkJoinPool.commonPool-worker-1] INFO  utils.BackgroundService (BackgroundService.java:shutdown(141)) - Shutting down service BlockDeletingService
2022-10-10 08:39:45,033 [ForkJoinPool.commonPool-worker-1] INFO  utils.BackgroundService (BackgroundService.java:shutdown(141)) - Shutting down service StaleRecoveringContainerScrubbingService
2022-10-10 08:39:47,882 [Listener at 127.0.0.1/43231] INFO  statemachine.DatanodeStateMachine (DatanodeStateMachine.java:stopDaemon(580)) - Ozone container server stopped.
2022-10-10 08:39:47,905 [Listener at 127.0.0.1/43231] INFO  handler.ContextHandler (ContextHandler.java:doStop(1153)) - Stopped o.e.j.w.WebAppContext@7bff3786{hddsDatanode,/,null,STOPPED}{jar:file:/home/runner/.m2/repository/org/apache/ozone/hdds-container-service/1.3.0-SNAPSHOT/hdds-container-service-1.3.0-SNAPSHOT.jar!/webapps/hddsDatanode}
2022-10-10 08:39:47,908 [Listener at 127.0.0.1/43231] INFO  server.AbstractConnector (AbstractConnector.java:doStop(381)) - Stopped ServerConnector@dce1556{HTTP/1.1, (http/1.1)}{0.0.0.0:0}
2022-10-10 08:39:47,908 [Listener at 127.0.0.1/43231] INFO  server.session (HouseKeeper.java:stopScavenging(149)) - node0 Stopped scavenging
2022-10-10 08:39:47,912 [Listener at 127.0.0.1/43231] INFO  handler.ContextHandler (ContextHandler.java:doStop(1153)) - Stopped o.e.j.s.ServletContextHandler@7d5561c3{static,/static,jar:file:/home/runner/.m2/repository/org/apache/ozone/hdds-container-service/1.3.0-SNAPSHOT/hdds-container-service-1.3.0-SNAPSHOT.jar!/webapps/static,STOPPED}
2022-10-10 08:39:47,912 [Listener at 127.0.0.1/43231] INFO  handler.ContextHandler (ContextHandler.java:doStop(1153)) - Stopped o.e.j.s.ServletContextHandler@3f44c469{logs,/logs,file:///home/runner/work/ozone/ozone/hadoop-ozone/integration-test/target/log,STOPPED}
2022-10-10 08:39:48,040 [ForkJoinPool.commonPool-worker-1] INFO  statemachine.DatanodeStateMachine (DatanodeStateMachine.java:stopDaemon(580)) - Ozone container server stopped.
2022-10-10 08:39:48,081 [ForkJoinPool.commonPool-worker-1] INFO  handler.ContextHandler (ContextHandler.java:doStop(1153)) - Stopped o.e.j.w.WebAppContext@6c087b6a{hddsDatanode,/,null,STOPPED}{jar:file:/home/runner/.m2/repository/org/apache/ozone/hdds-container-service/1.3.0-SNAPSHOT/hdds-container-service-1.3.0-SNAPSHOT.jar!/webapps/hddsDatanode}
2022-10-10 08:39:48,083 [ForkJoinPool.commonPool-worker-1] INFO  server.AbstractConnector (AbstractConnector.java:doStop(381)) - Stopped ServerConnector@1419a868{HTTP/1.1, (http/1.1)}{0.0.0.0:0}
2022-10-10 08:39:48,083 [ForkJoinPool.commonPool-worker-1] INFO  server.session (HouseKeeper.java:stopScavenging(149)) - node0 Stopped scavenging
2022-10-10 08:39:48,099 [ForkJoinPool.commonPool-worker-1] INFO  handler.ContextHandler (ContextHandler.java:doStop(1153)) - Stopped o.e.j.s.ServletContextHandler@2e263107{static,/static,jar:file:/home/runner/.m2/repository/org/apache/ozone/hdds-container-service/1.3.0-SNAPSHOT/hdds-container-service-1.3.0-SNAPSHOT.jar!/webapps/static,STOPPED}
2022-10-10 08:39:48,100 [ForkJoinPool.commonPool-worker-1] INFO  handler.ContextHandler (ContextHandler.java:doStop(1153)) - Stopped o.e.j.s.ServletContextHandler@401f8e24{logs,/logs,file:///home/runner/work/ozone/ozone/hadoop-ozone/integration-test/target/log,STOPPED}
2022-10-10 08:39:52,917 [Listener at 127.0.0.1/43231] INFO  ozoneimpl.OzoneContainer (OzoneContainer.java:stop(400)) - Attempting to stop container services.
2022-10-10 08:39:52,920 [Listener at 127.0.0.1/43231] INFO  server.RaftServer (RaftServerProxy.java:lambda$close$7(398)) - dc638e21-26cb-4a27-999c-ebb3d3abde3a: close
2022-10-10 08:39:52,921 [Listener at 127.0.0.1/43231] INFO  server.RaftServer$Division (RaftServerImpl.java:lambda$close$4(434)) - dc638e21-26cb-4a27-999c-ebb3d3abde3a@group-BDE896F44797: shutdown
2022-10-10 08:39:52,921 [Listener at 127.0.0.1/43231] INFO  util.JmxRegister (JmxRegister.java:unregister(73)) - Successfully un-registered JMX Bean with object name Ratis:service=RaftServer,group=group-BDE896F44797,id=dc638e21-26cb-4a27-999c-ebb3d3abde3a
2022-10-10 08:39:52,921 [Listener at 127.0.0.1/43231] INFO  impl.RoleInfo (RoleInfo.java:shutdownLeaderState(93)) - dc638e21-26cb-4a27-999c-ebb3d3abde3a: shutdown dc638e21-26cb-4a27-999c-ebb3d3abde3a@group-BDE896F44797-LeaderStateImpl
2022-10-10 08:39:52,921 [Listener at 127.0.0.1/43231] INFO  impl.PendingRequests (PendingRequests.java:sendNotLeaderResponses(282)) - dc638e21-26cb-4a27-999c-ebb3d3abde3a@group-BDE896F44797-PendingRequests: sendNotLeaderResponses
2022-10-10 08:39:52,922 [Listener at 127.0.0.1/43231] INFO  impl.StateMachineUpdater (StateMachineUpdater.java:stopAndJoin(153)) - dc638e21-26cb-4a27-999c-ebb3d3abde3a@group-BDE896F44797-StateMachineUpdater: set stopIndex = 0
2022-10-10 08:39:52,922 [dc638e21-26cb-4a27-999c-ebb3d3abde3a@group-BDE896F44797-StateMachineUpdater] INFO  ratis.ContainerStateMachine (ContainerStateMachine.java:takeSnapshot(304)) - group-BDE896F44797: Taking a snapshot at:(t:1, i:0) file /home/runner/work/ozone/ozone/hadoop-ozone/integration-test/target/test-dir/MiniOzoneClusterImpl-48dafe68-2a65-4a21-9ceb-731b54627123/datanode-3/data/ratis/94afe79c-4455-4f85-a2c4-bde896f44797/sm/snapshot.1_0
2022-10-10 08:39:52,926 [dc638e21-26cb-4a27-999c-ebb3d3abde3a@group-BDE896F44797-StateMachineUpdater] INFO  ratis.ContainerStateMachine (ContainerStateMachine.java:takeSnapshot(315)) - group-BDE896F44797: Finished taking a snapshot at:(t:1, i:0) file:/home/runner/work/ozone/ozone/hadoop-ozone/integration-test/target/test-dir/MiniOzoneClusterImpl-48dafe68-2a65-4a21-9ceb-731b54627123/datanode-3/data/ratis/94afe79c-4455-4f85-a2c4-bde896f44797/sm/snapshot.1_0 took: 3 ms
2022-10-10 08:39:52,926 [dc638e21-26cb-4a27-999c-ebb3d3abde3a@group-BDE896F44797-StateMachineUpdater] INFO  impl.StateMachineUpdater (StateMachineUpdater.java:takeSnapshot(287)) - dc638e21-26cb-4a27-999c-ebb3d3abde3a@group-BDE896F44797-StateMachineUpdater: Took a snapshot at index 0
2022-10-10 08:39:52,926 [dc638e21-26cb-4a27-999c-ebb3d3abde3a@group-BDE896F44797-StateMachineUpdater] INFO  impl.StateMachineUpdater (StateMachineUpdater.java:lambda$new$0(92)) - dc638e21-26cb-4a27-999c-ebb3d3abde3a@group-BDE896F44797-StateMachineUpdater: snapshotIndex: updateIncreasingly -1 -> 0
2022-10-10 08:39:52,926 [Listener at 127.0.0.1/43231] INFO  server.RaftServer$Division (ServerState.java:close(429)) - dc638e21-26cb-4a27-999c-ebb3d3abde3a@group-BDE896F44797: closes. applyIndex: 0
2022-10-10 08:39:52,927 [dc638e21-26cb-4a27-999c-ebb3d3abde3a@group-BDE896F44797-SegmentedRaftLogWorker] INFO  segmented.SegmentedRaftLogWorker (SegmentedRaftLogWorker.java:run(336)) - dc638e21-26cb-4a27-999c-ebb3d3abde3a@group-BDE896F44797-SegmentedRaftLogWorker was interrupted, exiting. There are 0 tasks remaining in the queue.
2022-10-10 08:39:52,936 [Listener at 127.0.0.1/43231] INFO  segmented.SegmentedRaftLogWorker (SegmentedRaftLogWorker.java:close(246)) - dc638e21-26cb-4a27-999c-ebb3d3abde3a@group-BDE896F44797-SegmentedRaftLogWorker close()
2022-10-10 08:39:52,936 [Listener at 127.0.0.1/43231] INFO  server.GrpcService (GrpcService.java:closeImpl(269)) - dc638e21-26cb-4a27-999c-ebb3d3abde3a: shutdown server with port 41253 now
2022-10-10 08:39:52,940 [Listener at 127.0.0.1/43231] INFO  server.GrpcService (GrpcService.java:closeImpl(278)) - dc638e21-26cb-4a27-999c-ebb3d3abde3a: shutdown server with port 41253 successfully
2022-10-10 08:39:52,940 [org.apache.ratis.util.JvmPauseMonitor$$Lambda$636/263158265@e8327d0] INFO  util.JvmPauseMonitor (JvmPauseMonitor.java:run(109)) - JvmPauseMonitor-dc638e21-26cb-4a27-999c-ebb3d3abde3a: Stopped
2022-10-10 08:39:53,391 [Under Replicated Processor] INFO  replication.UnderReplicatedProcessor (UnderReplicatedProcessor.java:processAll(92)) - Processed 0 under replicated containers, failed processing 0
2022-10-10 08:39:53,394 [Over Replicated Processor] INFO  replication.OverReplicatedProcessor (OverReplicatedProcessor.java:processAll(90)) - Processed 0 over replicated containers, failed processing 0
2022-10-10 08:39:54,968 [Listener at 127.0.0.1/43231] INFO  utils.BackgroundService (BackgroundService.java:shutdown(141)) - Shutting down service BlockDeletingService
2022-10-10 08:39:54,969 [Listener at 127.0.0.1/43231] INFO  utils.BackgroundService (BackgroundService.java:shutdown(141)) - Shutting down service StaleRecoveringContainerScrubbingService
2022-10-10 08:39:57,983 [Listener at 127.0.0.1/43231] INFO  statemachine.DatanodeStateMachine (DatanodeStateMachine.java:stopDaemon(580)) - Ozone container server stopped.
2022-10-10 08:39:58,001 [Listener at 127.0.0.1/43231] INFO  handler.ContextHandler (ContextHandler.java:doStop(1153)) - Stopped o.e.j.w.WebAppContext@35fc6138{hddsDatanode,/,null,STOPPED}{jar:file:/home/runner/.m2/repository/org/apache/ozone/hdds-container-service/1.3.0-SNAPSHOT/hdds-container-service-1.3.0-SNAPSHOT.jar!/webapps/hddsDatanode}
2022-10-10 08:39:58,002 [Listener at 127.0.0.1/43231] INFO  server.AbstractConnector (AbstractConnector.java:doStop(381)) - Stopped ServerConnector@53340a2d{HTTP/1.1, (http/1.1)}{0.0.0.0:0}
2022-10-10 08:39:58,002 [Listener at 127.0.0.1/43231] INFO  server.session (HouseKeeper.java:stopScavenging(149)) - node0 Stopped scavenging
2022-10-10 08:39:58,003 [Listener at 127.0.0.1/43231] INFO  handler.ContextHandler (ContextHandler.java:doStop(1153)) - Stopped o.e.j.s.ServletContextHandler@5a311acd{static,/static,jar:file:/home/runner/.m2/repository/org/apache/ozone/hdds-container-service/1.3.0-SNAPSHOT/hdds-container-service-1.3.0-SNAPSHOT.jar!/webapps/static,STOPPED}
2022-10-10 08:39:58,003 [Listener at 127.0.0.1/43231] INFO  handler.ContextHandler (ContextHandler.java:doStop(1153)) - Stopped o.e.j.s.ServletContextHandler@2d8076fd{logs,/logs,file:///home/runner/work/ozone/ozone/hadoop-ozone/integration-test/target/log,STOPPED}
2022-10-10 08:39:58,026 [Listener at 127.0.0.1/43231] INFO  ozone.MiniOzoneClusterImpl (MiniOzoneClusterImpl.java:stopSCM(537)) - Stopping the StorageContainerManager
2022-10-10 08:39:58,026 [Listener at 127.0.0.1/43231] INFO  server.StorageContainerManager (StorageContainerManager.java:stop(1528)) - Container Balancer is not running.
2022-10-10 08:39:58,026 [Listener at 127.0.0.1/43231] INFO  server.StorageContainerManager (StorageContainerManager.java:stop(1535)) - Stopping Replication Manager Service.
2022-10-10 08:39:58,026 [Listener at 127.0.0.1/43231] INFO  replication.ReplicationManager (ReplicationManager.java:stop(257)) - Stopping Replication Monitor Thread.
2022-10-10 08:39:58,026 [Under Replicated Processor] WARN  replication.UnderReplicatedProcessor (UnderReplicatedProcessor.java:run(148)) - Under Replicated Processor interrupted. Exiting...
2022-10-10 08:39:58,026 [Over Replicated Processor] WARN  replication.OverReplicatedProcessor (OverReplicatedProcessor.java:run(137)) - Over Replicated Processor interrupted. Exiting...
2022-10-10 08:39:58,027 [Listener at 127.0.0.1/43231] INFO  server.StorageContainerManager (StorageContainerManager.java:stop(1542)) - Stopping the Datanode Admin Monitor.
2022-10-10 08:39:58,027 [ReplicationMonitor] INFO  replication.ReplicationManager (ReplicationManager.java:run(509)) - Replication Monitor Thread is stopped
2022-10-10 08:39:58,027 [Listener at 127.0.0.1/43231] INFO  server.StorageContainerManager (StorageContainerManager.java:stop(1549)) - Stopping Lease Manager of the command watchers
2022-10-10 08:39:58,028 [Listener at 127.0.0.1/43231] INFO  server.StorageContainerManager (StorageContainerManager.java:stop(1556)) - Stopping datanode service RPC server
2022-10-10 08:39:58,028 [Listener at 127.0.0.1/43231] INFO  server.SCMDatanodeProtocolServer (SCMDatanodeProtocolServer.java:stop(414)) - Stopping the RPC server for DataNodes
2022-10-10 08:39:58,028 [Listener at 127.0.0.1/43231] INFO  ipc.Server (Server.java:stop(3414)) - Stopping server on 42961
2022-10-10 08:39:58,030 [IPC Server listener on 0] INFO  ipc.Server (Server.java:run(1376)) - Stopping IPC Server listener on 0
2022-10-10 08:39:58,056 [IPC Server Responder] INFO  ipc.Server (Server.java:run(1512)) - Stopping IPC Server Responder
2022-10-10 08:39:58,108 [SCM Heartbeat Processing Thread - 0] WARN  node.NodeStateManager (NodeStateManager.java:scheduleNextHealthCheck(870)) - Current Thread is interrupted, shutting down HB processing thread for Node Manager.
2022-10-10 08:39:58,108 [Listener at 127.0.0.1/43231] INFO  server.StorageContainerManager (StorageContainerManager.java:stop(1564)) - Stopping block service RPC server
2022-10-10 08:39:58,108 [Listener at 127.0.0.1/43231] INFO  server.SCMBlockProtocolServer (SCMBlockProtocolServer.java:stop(161)) - Stopping the RPC server for Block Protocol
2022-10-10 08:39:58,108 [Listener at 127.0.0.1/43231] INFO  ipc.Server (Server.java:stop(3414)) - Stopping server on 45169
2022-10-10 08:39:58,116 [IPC Server listener on 0] INFO  ipc.Server (Server.java:run(1376)) - Stopping IPC Server listener on 0
2022-10-10 08:39:58,126 [IPC Server Responder] INFO  ipc.Server (Server.java:run(1512)) - Stopping IPC Server Responder
2022-10-10 08:39:58,126 [Listener at 127.0.0.1/43231] INFO  server.StorageContainerManager (StorageContainerManager.java:stop(1571)) - Stopping the StorageContainerLocationProtocol RPC server
2022-10-10 08:39:58,127 [Listener at 127.0.0.1/43231] INFO  server.SCMClientProtocolServer (SCMClientProtocolServer.java:stop(179)) - Stopping the RPC server for Client Protocol
2022-10-10 08:39:58,127 [Listener at 127.0.0.1/43231] INFO  ipc.Server (Server.java:stop(3414)) - Stopping server on 37381
2022-10-10 08:39:58,144 [Listener at 127.0.0.1/43231] INFO  server.StorageContainerManager (StorageContainerManager.java:stop(1578)) - Stopping Storage Container Manager HTTP server.
2022-10-10 08:39:58,144 [Listener at 127.0.0.1/43231] INFO  handler.ContextHandler (ContextHandler.java:doStop(1153)) - Stopped o.e.j.w.WebAppContext@7a72e18d{scm,/,null,STOPPED}{file:/home/runner/work/ozone/ozone/hadoop-ozone/integration-test/target/test-classes/webapps/scm}
2022-10-10 08:39:58,145 [IPC Server listener on 0] INFO  ipc.Server (Server.java:run(1376)) - Stopping IPC Server listener on 0
2022-10-10 08:39:58,148 [IPC Server Responder] INFO  ipc.Server (Server.java:run(1512)) - Stopping IPC Server Responder
2022-10-10 08:39:58,148 [Listener at 127.0.0.1/43231] INFO  server.AbstractConnector (AbstractConnector.java:doStop(381)) - Stopped ServerConnector@2f8fefc6{HTTP/1.1, (http/1.1)}{0.0.0.0:0}
2022-10-10 08:39:58,149 [Listener at 127.0.0.1/43231] INFO  server.session (HouseKeeper.java:stopScavenging(149)) - node0 Stopped scavenging
2022-10-10 08:39:58,149 [Listener at 127.0.0.1/43231] INFO  handler.ContextHandler (ContextHandler.java:doStop(1153)) - Stopped o.e.j.s.ServletContextHandler@3d7c059d{static,/static,file:///home/runner/work/ozone/ozone/hadoop-ozone/integration-test/target/test-classes/webapps/static,STOPPED}
2022-10-10 08:39:58,149 [Listener at 127.0.0.1/43231] INFO  handler.ContextHandler (ContextHandler.java:doStop(1153)) - Stopped o.e.j.s.ServletContextHandler@20a7e171{logs,/logs,file:///home/runner/work/ozone/ozone/hadoop-ozone/integration-test/target/log,STOPPED}
2022-10-10 08:39:58,176 [Listener at 127.0.0.1/43231] INFO  server.StorageContainerManager (StorageContainerManager.java:stop(1584)) - Stopping SCM LayoutVersionManager Service.
2022-10-10 08:39:58,176 [Listener at 127.0.0.1/43231] INFO  server.StorageContainerManager (StorageContainerManager.java:stop(1592)) - Stopping Block Manager Service.
2022-10-10 08:39:58,176 [Listener at 127.0.0.1/43231] INFO  utils.BackgroundService (BackgroundService.java:shutdown(141)) - Shutting down service SCMBlockDeletingService
2022-10-10 08:39:58,178 [Listener at 127.0.0.1/43231] INFO  utils.BackgroundService (BackgroundService.java:shutdown(141)) - Shutting down service SCMBlockDeletingService
2022-10-10 08:39:58,178 [Listener at 127.0.0.1/43231] INFO  server.StorageContainerManager (StorageContainerManager.java:stop(1619)) - Stopping SCM Event Queue.
2022-10-10 08:39:58,183 [Listener at 127.0.0.1/43231] INFO  server.StorageContainerManager (StorageContainerManager.java:stop(1630)) - Stopping SCM HA services.
2022-10-10 08:39:58,183 [Listener at 127.0.0.1/43231] INFO  pipeline.BackgroundPipelineCreator (BackgroundPipelineCreator.java:stop(149)) - Stopping RatisPipelineUtilsThread.
2022-10-10 08:39:58,183 [RatisPipelineUtilsThread - 0] WARN  pipeline.BackgroundPipelineCreator (BackgroundPipelineCreator.java:run(180)) - RatisPipelineUtilsThread is interrupted.
2022-10-10 08:39:58,184 [Listener at 127.0.0.1/43231] INFO  BackgroundPipelineScrubber (BackgroundSCMService.java:stop(131)) - Stopping BackgroundPipelineScrubber Service.
2022-10-10 08:39:58,184 [Listener at 127.0.0.1/43231] INFO  server.StorageContainerManager (StorageContainerManager.java:stop(1640)) - Stopping SCM MetadataStore.
2022-10-10 08:39:58,184 [BackgroundPipelineScrubberThread] WARN  BackgroundPipelineScrubber (BackgroundSCMService.java:run(115)) - BackgroundPipelineScrubber is interrupted, exit
2022-10-10 08:39:58,186 [Listener at 127.0.0.1/43231] INFO  impl.MetricsSystemImpl (MetricsSystemImpl.java:stop(210)) - Stopping HddsDatanode metrics system...
2022-10-10 08:39:58,241 [prometheus] INFO  impl.MetricsSinkAdapter (MetricsSinkAdapter.java:publishMetricsFromQueue(141)) - prometheus thread interrupted.
2022-10-10 08:39:58,241 [Listener at 127.0.0.1/43231] INFO  impl.MetricsSystemImpl (MetricsSystemImpl.java:stop(216)) - HddsDatanode metrics system stopped.
2022-10-10 08:39:58,388 [Listener at 127.0.0.1/43231] WARN  server.ServerUtils (ServerUtils.java:getScmDbDir(148)) - ozone.scm.db.dirs is not configured. We recommend adding this setting. Falling back to ozone.metadata.dirs instead.
2022-10-10 08:39:58,396 [Listener at 127.0.0.1/43231] WARN  server.ServerUtils (ServerUtils.java:getScmDbDir(148)) - ozone.scm.db.dirs is not configured. We recommend adding this setting. Falling back to ozone.metadata.dirs instead.
2022-10-10 08:39:58,397 [Listener at 127.0.0.1/43231] INFO  ha.SCMHANodeDetails (SCMHANodeDetails.java:loadSCMHAConfig(209)) - ServiceID for StorageContainerManager is null
2022-10-10 08:39:58,397 [Listener at 127.0.0.1/43231] INFO  ha.SCMHANodeDetails (SCMHANodeDetails.java:loadSCMHAConfig(214)) - ozone.scm.default.service.id is not defined, falling back to ozone.scm.service.ids to find serviceID for StorageContainerManager if it is HA enabled cluster
2022-10-10 08:39:58,400 [Listener at 127.0.0.1/43231] WARN  utils.HAUtils (HAUtils.java:getMetaDir(342)) - ozone.scm.db.dirs is not configured. We recommend adding this setting. Falling back to ozone.metadata.dirs instead.
2022-10-10 08:39:58,400 [Listener at 127.0.0.1/43231] WARN  db.DBStoreBuilder (DBStoreBuilder.java:applyDBDefinition(144)) - ozone.scm.db.dirs is not configured. We recommend adding this setting. Falling back to ozone.metadata.dirs instead.
2022-10-10 08:39:58,677 [Listener at 127.0.0.1/43231] INFO  net.NodeSchemaLoader (NodeSchemaLoader.java:loadSchemaFromFile(129)) - Loading schema from [jar:file:/home/runner/.m2/repository/org/apache/ozone/hdds-common/1.3.0-SNAPSHOT/hdds-common-1.3.0-SNAPSHOT.jar!/network-topology-default.xml]
2022-10-10 08:39:58,677 [Listener at 127.0.0.1/43231] INFO  net.NodeSchemaLoader (NodeSchemaLoader.java:loadSchema(176)) - Loading network topology layer schema file
2022-10-10 08:39:58,680 [Listener at 127.0.0.1/43231] WARN  impl.MetricRegistriesImpl (MetricRegistriesImpl.java:addReporterRegistration(111)) - New reporters are added after registries were created. Some metrics will be missing from the reporter. Please add reporter before adding any new registry.
2022-10-10 08:39:58,680 [Listener at 127.0.0.1/43231] WARN  impl.MetricRegistriesImpl (MetricRegistriesImpl.java:addReporterRegistration(111)) - New reporters are added after registries were created. Some metrics will be missing from the reporter. Please add reporter before adding any new registry.
2022-10-10 08:39:58,680 [Listener at 127.0.0.1/43231] INFO  upgrade.AbstractLayoutVersionManager (AbstractLayoutVersionManager.java:init(83)) - Initializing Layout version manager with metadata layout = DATANODE_SCHEMA_V3 (version = 4), software layout = DATANODE_SCHEMA_V3 (version = 4)
2022-10-10 08:39:58,786 [Listener at 127.0.0.1/43231] INFO  reflections.Reflections (Reflections.java:scan(232)) - Reflections took 105 ms to scan 7 urls, producing 135 keys and 327 values 
2022-10-10 08:39:58,809 [Listener at 127.0.0.1/43231] INFO  ha.SequenceIdGenerator (SequenceIdGenerator.java:upgradeToSequenceId(349)) - upgrade localId to 109611004723200000
2022-10-10 08:39:58,809 [Listener at 127.0.0.1/43231] INFO  ha.SequenceIdGenerator (SequenceIdGenerator.java:upgradeToSequenceId(359)) - upgrade delTxnId to 0
2022-10-10 08:39:58,809 [Listener at 127.0.0.1/43231] INFO  ha.SequenceIdGenerator (SequenceIdGenerator.java:upgradeToSequenceId(376)) - upgrade containerId to 0
2022-10-10 08:39:58,809 [Listener at 127.0.0.1/43231] INFO  ha.SequenceIdGenerator (SequenceIdGenerator.java:<init>(220)) - Init the HA SequenceIdGenerator.
2022-10-10 08:39:58,814 [Listener at 127.0.0.1/43231] WARN  server.ServerUtils (ServerUtils.java:sanitizeUserArgs(73)) - ozone.scm.stale.node.interval value = 300000 is larger than max = 100000 based on the key value of ozone.scm.heartbeat.thread.interval, reset to the max value 100000.
2022-10-10 08:39:58,815 [Listener at 127.0.0.1/43231] WARN  server.ServerUtils (ServerUtils.java:sanitizeUserArgs(73)) - ozone.scm.stale.node.interval value = 300000 is larger than max = 100000 based on the key value of ozone.scm.heartbeat.thread.interval, reset to the max value 100000.
2022-10-10 08:39:58,846 [Listener at 127.0.0.1/43231] INFO  node.SCMNodeManager (SCMNodeManager.java:<init>(149)) - Entering startup safe mode.
2022-10-10 08:39:58,847 [Listener at 127.0.0.1/43231] INFO  algorithms.ContainerPlacementPolicyFactory (ContainerPlacementPolicyFactory.java:getPolicyInternal(86)) - Create container placement policy of type org.apache.hadoop.hdds.scm.container.placement.algorithms.SCMContainerPlacementRandom
2022-10-10 08:39:58,847 [Listener at 127.0.0.1/43231] INFO  algorithms.ContainerPlacementPolicyFactory (ContainerPlacementPolicyFactory.java:getPolicyInternal(86)) - Create container placement policy of type org.apache.hadoop.hdds.scm.container.placement.algorithms.SCMContainerPlacementRackScatter
2022-10-10 08:39:58,848 [Listener at 127.0.0.1/43231] INFO  pipeline.PipelineStateManagerImpl (PipelineStateManagerImpl.java:initialize(78)) - No pipeline exists in current db
2022-10-10 08:39:58,848 [Listener at 127.0.0.1/43231] INFO  algorithms.LeaderChoosePolicyFactory (LeaderChoosePolicyFactory.java:getPolicy(57)) - Create leader choose policy of type org.apache.hadoop.hdds.scm.pipeline.leader.choose.algorithms.MinLeaderCountChoosePolicy
2022-10-10 08:39:58,848 [Listener at 127.0.0.1/43231] INFO  algorithms.ContainerPlacementPolicyFactory (ContainerPlacementPolicyFactory.java:getPolicyInternal(86)) - Create container placement policy of type org.apache.hadoop.hdds.scm.container.placement.algorithms.SCMContainerPlacementRackScatter
2022-10-10 08:39:58,848 [Listener at 127.0.0.1/43231] INFO  ha.SCMServiceManager (SCMServiceManager.java:register(42)) - Registering service BackgroundPipelineCreator.
2022-10-10 08:39:58,848 [Listener at 127.0.0.1/43231] INFO  pipeline.BackgroundPipelineCreator (BackgroundPipelineCreator.java:start(124)) - Starting RatisPipelineUtilsThread.
2022-10-10 08:39:58,863 [Listener at 127.0.0.1/43231] INFO  BackgroundPipelineScrubber (BackgroundSCMService.java:start(68)) - Starting BackgroundPipelineScrubber Service.
2022-10-10 08:39:58,901 [Listener at 127.0.0.1/43231] INFO  ha.SCMServiceManager (SCMServiceManager.java:register(42)) - Registering service BackgroundPipelineScrubber.
2022-10-10 08:39:58,901 [Listener at 127.0.0.1/43231] INFO  ExpiredContainerReplicaOpScrubber (BackgroundSCMService.java:start(68)) - Starting ExpiredContainerReplicaOpScrubber Service.
2022-10-10 08:39:58,903 [Listener at 127.0.0.1/43231] INFO  ha.SCMServiceManager (SCMServiceManager.java:register(42)) - Registering service ExpiredContainerReplicaOpScrubber.
2022-10-10 08:39:58,904 [Listener at 127.0.0.1/43231] INFO  algorithms.PipelineChoosePolicyFactory (PipelineChoosePolicyFactory.java:createPipelineChoosePolicyFromClass(73)) - Create pipeline choose policy of type org.apache.hadoop.hdds.scm.pipeline.choose.algorithms.RandomPipelineChoosePolicy
2022-10-10 08:39:58,905 [Listener at 127.0.0.1/43231] INFO  ha.SCMServiceManager (SCMServiceManager.java:register(42)) - Registering service SCMBlockDeletingService.
2022-10-10 08:39:58,905 [Listener at 127.0.0.1/43231] INFO  replication.ReplicationManager (ReplicationManager.java:start(223)) - Starting Replication Monitor Thread.
2022-10-10 08:39:58,920 [ReplicationMonitor] INFO  replication.ReplicationManager (ReplicationManager.java:processAll(291)) - Replication Manager is not ready to run until 3000ms after safemode exit
2022-10-10 08:39:58,925 [Listener at 127.0.0.1/43231] INFO  ha.SCMServiceManager (SCMServiceManager.java:register(42)) - Registering service ReplicationManager.
2022-10-10 08:39:58,926 [Listener at 127.0.0.1/43231] INFO  safemode.ContainerSafeModeRule (ContainerSafeModeRule.java:<init>(89)) - containers with one replica threshold count 0
2022-10-10 08:39:58,926 [Listener at 127.0.0.1/43231] INFO  safemode.HealthyPipelineSafeModeRule (HealthyPipelineSafeModeRule.java:initializeRule(169)) - Total pipeline count is 0, healthy pipeline threshold count is 1
2022-10-10 08:39:58,926 [Listener at 127.0.0.1/43231] INFO  safemode.OneReplicaPipelineSafeModeRule (OneReplicaPipelineSafeModeRule.java:initializeRule(180)) - Total pipeline count is 0, pipeline's with at least one datanode reported threshold count is 0
2022-10-10 08:39:58,931 [Listener at 127.0.0.1/43231] INFO  ipc.CallQueueManager (CallQueueManager.java:<init>(90)) - Using callQueue: class java.util.concurrent.LinkedBlockingQueue, queueCapacity: 2000, scheduler: class org.apache.hadoop.ipc.DefaultRpcScheduler, ipcBackoff: false.
2022-10-10 08:39:58,932 [Socket Reader #1 for port 0] INFO  ipc.Server (Server.java:run(1265)) - Starting Socket Reader #1 for port 0
2022-10-10 08:39:58,933 [Listener at 0.0.0.0/41653] INFO  ipc.CallQueueManager (CallQueueManager.java:<init>(90)) - Using callQueue: class java.util.concurrent.LinkedBlockingQueue, queueCapacity: 2000, scheduler: class org.apache.hadoop.ipc.DefaultRpcScheduler, ipcBackoff: false.
2022-10-10 08:39:58,934 [Socket Reader #1 for port 0] INFO  ipc.Server (Server.java:run(1265)) - Starting Socket Reader #1 for port 0
2022-10-10 08:39:58,934 [Listener at 0.0.0.0/46869] INFO  ipc.CallQueueManager (CallQueueManager.java:<init>(90)) - Using callQueue: class java.util.concurrent.LinkedBlockingQueue, queueCapacity: 2000, scheduler: class org.apache.hadoop.ipc.DefaultRpcScheduler, ipcBackoff: false.
2022-10-10 08:39:58,935 [Socket Reader #1 for port 0] INFO  ipc.Server (Server.java:run(1265)) - Starting Socket Reader #1 for port 0
2022-10-10 08:39:58,992 [Listener at 0.0.0.0/34489] INFO  ha.SCMServiceManager (SCMServiceManager.java:register(42)) - Registering service ContainerBalancer.
2022-10-10 08:39:58,992 [Listener at 0.0.0.0/34489] INFO  server.StorageContainerManager (StorageContainerManager.java:<init>(410)) - 
Container Balancer status:
Key                            Value
Running                        false
Container Balancer Configuration values:
Key                                                Value
Threshold                                          10
Max Datanodes to Involve per Iteration(percent)    20
Max Size to Move per Iteration                     500GB
Max Size Entering Target per Iteration             26GB
Max Size Leaving Source per Iteration              26GB

2022-10-10 08:39:58,993 [Listener at 0.0.0.0/34489] WARN  events.EventQueue (EventQueue.java:fireEvent(216)) - No event handler registered for event TypedEvent{payloadType=SafeModeStatus, name='Safe mode status'}
2022-10-10 08:39:58,993 [Listener at 0.0.0.0/34489] INFO  ha.SCMContext (SCMContext.java:updateSafeModeStatus(228)) - Update SafeModeStatus from SafeModeStatus{safeModeStatus=true, preCheckPassed=false} to SafeModeStatus{safeModeStatus=true, preCheckPassed=false}.
2022-10-10 08:39:58,993 [Listener at 0.0.0.0/34489] INFO  server.StorageContainerManager (StorageContainerManager.java:start(1436)) - StorageContainerLocationProtocol RPC server is listening at /0.0.0.0:34489
2022-10-10 08:39:59,001 [Listener at 0.0.0.0/34489] WARN  impl.MetricsConfig (MetricsConfig.java:loadFirst(136)) - Cannot locate configuration: tried hadoop-metrics2-storagecontainermanager.properties,hadoop-metrics2.properties
2022-10-10 08:39:59,002 [Listener at 0.0.0.0/34489] INFO  impl.MetricsSystemImpl (MetricsSystemImpl.java:startTimer(378)) - Scheduled Metric snapshot period at 10 second(s).
2022-10-10 08:39:59,002 [Listener at 0.0.0.0/34489] INFO  impl.MetricsSystemImpl (MetricsSystemImpl.java:start(191)) - StorageContainerManager metrics system started
2022-10-10 08:39:59,052 [Listener at 0.0.0.0/34489] INFO  impl.MetricsSinkAdapter (MetricsSinkAdapter.java:start(204)) - Sink prometheus started
2022-10-10 08:39:59,053 [Listener at 0.0.0.0/34489] INFO  impl.MetricsSystemImpl (MetricsSystemImpl.java:registerSink(305)) - Registered sink prometheus
2022-10-10 08:39:59,140 [Listener at 0.0.0.0/34489] INFO  server.SCMClientProtocolServer (SCMClientProtocolServer.java:start(170)) - RPC server for Client  is listening at /0.0.0.0:34489
2022-10-10 08:39:59,141 [IPC Server Responder] INFO  ipc.Server (Server.java:run(1507)) - IPC Server Responder: starting
2022-10-10 08:39:59,158 [IPC Server listener on 0] INFO  ipc.Server (Server.java:run(1344)) - IPC Server listener on 0: starting
2022-10-10 08:39:59,225 [Listener at 0.0.0.0/34489] INFO  server.StorageContainerManager (StorageContainerManager.java:start(1451)) - ScmBlockLocationProtocol RPC server is listening at /0.0.0.0:46869
2022-10-10 08:39:59,226 [Listener at 0.0.0.0/34489] INFO  server.SCMBlockProtocolServer (SCMBlockProtocolServer.java:start(152)) - RPC server for Block Protocol is listening at /0.0.0.0:46869
2022-10-10 08:39:59,226 [IPC Server Responder] INFO  ipc.Server (Server.java:run(1507)) - IPC Server Responder: starting
2022-10-10 08:39:59,226 [IPC Server listener on 0] INFO  ipc.Server (Server.java:run(1344)) - IPC Server listener on 0: starting
2022-10-10 08:39:59,235 [Listener at 0.0.0.0/34489] INFO  server.SCMDatanodeProtocolServer (SCMDatanodeProtocolServer.java:start(186)) - ScmDatanodeProtocol RPC server for DataNodes is listening at /0.0.0.0:41653
2022-10-10 08:39:59,236 [IPC Server Responder] INFO  ipc.Server (Server.java:run(1507)) - IPC Server Responder: starting
2022-10-10 08:39:59,247 [IPC Server listener on 0] INFO  ipc.Server (Server.java:run(1344)) - IPC Server listener on 0: starting
2022-10-10 08:39:59,254 [Listener at 0.0.0.0/34489] INFO  http.BaseHttpServer (BaseHttpServer.java:newHttpServer2BuilderForOzone(213)) - Starting Web-server for scm at: http://0.0.0.0:0
2022-10-10 08:39:59,255 [Listener at 0.0.0.0/34489] INFO  http.BaseHttpServer (BaseHttpServer.java:<init>(108)) - Hadoop Security Enabled: false Ozone Security Enabled: false Ozone HTTP Security Enabled: false 
2022-10-10 08:39:59,256 [Listener at 0.0.0.0/34489] INFO  server.AuthenticationFilter (AuthenticationFilter.java:constructSecretProvider(240)) - Unable to initialize FileSignerSecretProvider, falling back to use random secrets.
2022-10-10 08:39:59,256 [org.apache.hadoop.util.JvmPauseMonitor$Monitor@40afab8c] INFO  util.JvmPauseMonitor (JvmPauseMonitor.java:run(188)) - Starting JVM pause monitor
2022-10-10 08:39:59,257 [Listener at 0.0.0.0/34489] WARN  http.HttpRequestLog (HttpRequestLog.java:getRequestLog(103)) - Jetty request log can only be enabled using Log4j
2022-10-10 08:39:59,258 [Listener at 0.0.0.0/34489] INFO  http.HttpServer2 (HttpServer2.java:addGlobalFilter(1031)) - Added global filter 'safety' (class=org.apache.hadoop.hdds.server.http.HttpServer2$QuotingInputFilter)
2022-10-10 08:39:59,259 [Listener at 0.0.0.0/34489] INFO  http.HttpServer2 (HttpServer2.java:addFilter(1007)) - Added filter static_user_filter (class=org.apache.hadoop.http.lib.StaticUserWebFilter$StaticUserFilter) to context scm
2022-10-10 08:39:59,259 [Listener at 0.0.0.0/34489] INFO  http.HttpServer2 (HttpServer2.java:addFilter(1015)) - Added filter static_user_filter (class=org.apache.hadoop.http.lib.StaticUserWebFilter$StaticUserFilter) to context static
2022-10-10 08:39:59,259 [Listener at 0.0.0.0/34489] INFO  http.HttpServer2 (HttpServer2.java:addFilter(1015)) - Added filter static_user_filter (class=org.apache.hadoop.http.lib.StaticUserWebFilter$StaticUserFilter) to context logs
2022-10-10 08:39:59,259 [Listener at 0.0.0.0/34489] INFO  http.HttpServer2 (HttpServer2.java:bindListener(1250)) - Jetty bound to port 38811
2022-10-10 08:39:59,270 [Listener at 0.0.0.0/34489] INFO  server.Server (Server.java:doStart(375)) - jetty-9.4.43.v20210629; built: 2021-06-30T11:07:22.254Z; git: 526006ecfa3af7f1a27ef3a288e2bef7ea9dd7e8; jvm 1.8.0_345-b01
2022-10-10 08:39:59,312 [Listener at 0.0.0.0/34489] INFO  server.session (DefaultSessionIdManager.java:doStart(334)) - DefaultSessionIdManager workerName=node0
2022-10-10 08:39:59,312 [Listener at 0.0.0.0/34489] INFO  server.session (DefaultSessionIdManager.java:doStart(339)) - No SessionScavenger set, using defaults
2022-10-10 08:39:59,312 [Listener at 0.0.0.0/34489] INFO  server.session (HouseKeeper.java:startScavenging(132)) - node0 Scavenging every 660000ms
2022-10-10 08:39:59,313 [Listener at 0.0.0.0/34489] INFO  handler.ContextHandler (ContextHandler.java:doStart(915)) - Started o.e.j.s.ServletContextHandler@3398cb16{logs,/logs,file:///home/runner/work/ozone/ozone/hadoop-ozone/integration-test/target/log,AVAILABLE}
2022-10-10 08:39:59,314 [Listener at 0.0.0.0/34489] INFO  handler.ContextHandler (ContextHandler.java:doStart(915)) - Started o.e.j.s.ServletContextHandler@4426a132{static,/static,file:///home/runner/work/ozone/ozone/hadoop-ozone/integration-test/target/test-classes/webapps/static,AVAILABLE}
2022-10-10 08:39:59,346 [Listener at 0.0.0.0/34489] INFO  handler.ContextHandler (ContextHandler.java:doStart(915)) - Started o.e.j.w.WebAppContext@33ea1912{scm,/,file:///home/runner/work/ozone/ozone/hadoop-ozone/integration-test/target/test-classes/webapps/scm/,AVAILABLE}{file:/home/runner/work/ozone/ozone/hadoop-ozone/integration-test/target/test-classes/webapps/scm}
2022-10-10 08:39:59,350 [Listener at 0.0.0.0/34489] INFO  server.AbstractConnector (AbstractConnector.java:doStart(331)) - Started ServerConnector@166c9fe2{HTTP/1.1, (http/1.1)}{0.0.0.0:38811}
2022-10-10 08:39:59,351 [Listener at 0.0.0.0/34489] INFO  server.Server (Server.java:doStart(415)) - Started @330908ms
2022-10-10 08:39:59,351 [Listener at 0.0.0.0/34489] WARN  impl.MetricsSystemImpl (MetricsSystemImpl.java:register(279)) - Sink prometheus already exists!
2022-10-10 08:39:59,357 [Listener at 0.0.0.0/34489] INFO  http.BaseHttpServer (BaseHttpServer.java:updateConnectorAddress(333)) - HTTP server of scm listening at http://0.0.0.0:38811
2022-10-10 08:39:59,357 [Listener at 0.0.0.0/34489] WARN  server.ServerUtils (ServerUtils.java:getDBPath(225)) - ozone.om.db.dirs is not configured. We recommend adding this setting. Falling back to ozone.metadata.dirs instead.
2022-10-10 08:39:59,363 [Listener at 0.0.0.0/34489] INFO  ha.OMHANodeDetails (OMHANodeDetails.java:loadOMHAConfig(115)) - ozone.om.internal.service.id is not defined, falling back to ozone.om.service.ids to find serviceID for OzoneManager if it is HA enabled cluster
2022-10-10 08:39:59,363 [Listener at 0.0.0.0/34489] INFO  ha.OMHANodeDetails (OMHANodeDetails.java:loadOMHAConfig(226)) - Configuration does not have ozone.om.address set. Falling back to the default OM address /127.0.0.1:0
2022-10-10 08:39:59,363 [Listener at 0.0.0.0/34489] INFO  ha.OMHANodeDetails (OMHANodeDetails.java:getOMNodeDetailsForNonHA(254)) - OM Service ID is not set. Setting it to the default ID: omServiceIdDefault
2022-10-10 08:39:59,363 [Listener at 0.0.0.0/34489] INFO  ha.OMHANodeDetails (OMHANodeDetails.java:getOMNodeDetailsForNonHA(261)) - OM Node ID is not set. Setting it to the default ID: om1
2022-10-10 08:39:59,364 [Listener at 0.0.0.0/34489] WARN  server.ServerUtils (ServerUtils.java:getDBPath(225)) - ozone.om.db.dirs is not configured. We recommend adding this setting. Falling back to ozone.metadata.dirs instead.
2022-10-10 08:39:59,364 [Listener at 0.0.0.0/34489] INFO  upgrade.AbstractLayoutVersionManager (AbstractLayoutVersionManager.java:init(83)) - Initializing Layout version manager with metadata layout = MULTITENANCY_SCHEMA (version = 3), software layout = MULTITENANCY_SCHEMA (version = 3)
2022-10-10 08:39:59,540 [Listener at 0.0.0.0/34489] INFO  reflections.Reflections (Reflections.java:scan(232)) - Reflections took 169 ms to scan 2 urls, producing 154 keys and 428 values [using 2 cores]
2022-10-10 08:39:59,541 [Listener at 0.0.0.0/34489] INFO  upgrade.OMLayoutVersionManager (OMLayoutVersionManager.java:lambda$0(115)) - Skipping Upgrade Action MockOmUpgradeAction since it has been finalized.
2022-10-10 08:39:59,541 [Listener at 0.0.0.0/34489] WARN  server.ServerUtils (ServerUtils.java:getDBPath(225)) - ozone.om.db.dirs is not configured. We recommend adding this setting. Falling back to ozone.metadata.dirs instead.
2022-10-10 08:39:59,542 [Listener at 0.0.0.0/34489] INFO  proxy.SCMBlockLocationFailoverProxyProvider (SCMBlockLocationFailoverProxyProvider.java:<init>(114)) - Created block location fail-over proxy with 1 nodes: [nodeId=scmNodeId,nodeAddress=/0.0.0.0:46869]
2022-10-10 08:39:59,543 [Listener at 0.0.0.0/34489] INFO  proxy.SCMBlockLocationFailoverProxyProvider (SCMBlockLocationFailoverProxyProvider.java:<init>(114)) - Created block location fail-over proxy with 1 nodes: [nodeId=scmNodeId,nodeAddress=/0.0.0.0:46869]
2022-10-10 08:39:59,570 [Listener at 0.0.0.0/34489] WARN  server.ServerUtils (ServerUtils.java:getDBPath(225)) - ozone.om.db.dirs is not configured. We recommend adding this setting. Falling back to ozone.metadata.dirs instead.
2022-10-10 08:39:59,570 [Listener at 0.0.0.0/34489] INFO  codec.OmKeyInfoCodec (OmKeyInfoCodec.java:<init>(49)) - OmKeyInfoCodec ignorePipeline = true
2022-10-10 08:39:59,570 [Listener at 0.0.0.0/34489] INFO  codec.RepeatedOmKeyInfoCodec (RepeatedOmKeyInfoCodec.java:<init>(41)) - RepeatedOmKeyInfoCodec ignorePipeline = true
2022-10-10 08:39:59,994 [Listener at 0.0.0.0/34489] INFO  om.OzoneManager (OzoneManager.java:instantiateServices(710)) - S3 Multi-Tenancy is disabled
2022-10-10 08:40:00,052 [Listener at 0.0.0.0/34489] INFO  om.OzoneManager (OzoneManager.java:addS3GVolumeToDB(4325)) - Created Volume s3v With Owner runner required for S3Gateway operations.
2022-10-10 08:40:00,052 [Listener at 0.0.0.0/34489] WARN  server.ServerUtils (ServerUtils.java:getDefaultRatisDirectory(237)) - Storage directory for Ratis is not configured. It is a good idea to map this to an SSD disk. Falling back to ozone.metadata.dirs
2022-10-10 08:40:00,053 [Listener at 0.0.0.0/34489] WARN  utils.OzoneManagerRatisUtils (OzoneManagerRatisUtils.java:getOMRatisSnapshotDirectory(434)) - ozone.om.ratis.snapshot.dir is not configured. Falling back to ozone.metadata.dirs config
2022-10-10 08:40:00,053 [Listener at 0.0.0.0/34489] WARN  impl.MetricRegistriesImpl (MetricRegistriesImpl.java:addReporterRegistration(111)) - New reporters are added after registries were created. Some metrics will be missing from the reporter. Please add reporter before adding any new registry.
2022-10-10 08:40:00,053 [Listener at 0.0.0.0/34489] WARN  impl.MetricRegistriesImpl (MetricRegistriesImpl.java:addReporterRegistration(111)) - New reporters are added after registries were created. Some metrics will be missing from the reporter. Please add reporter before adding any new registry.
2022-10-10 08:40:00,055 [Listener at 0.0.0.0/34489] WARN  server.ServerUtils (ServerUtils.java:getDefaultRatisDirectory(237)) - Storage directory for Ratis is not configured. It is a good idea to map this to an SSD disk. Falling back to ozone.metadata.dirs
2022-10-10 08:40:00,061 [Listener at 0.0.0.0/34489] INFO  ratis.OzoneManagerRatisServer (OzoneManagerRatisServer.java:<init>(160)) - Instantiating OM Ratis server with groupID: omServiceIdDefault and peers: localhost:9872
2022-10-10 08:40:00,061 [Listener at 0.0.0.0/34489] INFO  ratis.OzoneManagerStateMachine (OzoneManagerStateMachine.java:loadSnapshotInfoFromDB(632)) - LastAppliedIndex is set from TransactionInfo from OM DB as (t:0, i:~)
2022-10-10 08:40:00,062 [Listener at 0.0.0.0/34489] INFO  server.RaftServer (ConfUtils.java:logGet(46)) - raft.rpc.type = GRPC (default)
2022-10-10 08:40:00,062 [Listener at 0.0.0.0/34489] INFO  grpc.GrpcFactory (GrpcFactory.java:checkPooledByteBufAllocatorUseCacheForAllThreads(48)) - PERFORMANCE WARNING: useCacheForAllThreads is true that may cause Netty to create a lot garbage objects and, as a result, trigger GC.
	It is recommended to disable useCacheForAllThreads by setting -Dorg.apache.ratis.thirdparty.io.netty.allocator.useCacheForAllThreads=false in command line.
2022-10-10 08:40:00,062 [Listener at 0.0.0.0/34489] INFO  grpc.GrpcConfigKeys (ConfUtils.java:logGet(46)) - raft.grpc.admin.port = -1 (default)
2022-10-10 08:40:00,062 [Listener at 0.0.0.0/34489] INFO  grpc.GrpcConfigKeys (ConfUtils.java:logGet(46)) - raft.grpc.server.port = 9872 (custom)
2022-10-10 08:40:00,062 [Listener at 0.0.0.0/34489] INFO  grpc.GrpcConfigKeys (ConfUtils.java:logGet(46)) - raft.grpc.client.port = -1 (default)
2022-10-10 08:40:00,062 [Listener at 0.0.0.0/34489] INFO  grpc.GrpcConfigKeys (ConfUtils.java:logGet(46)) - raft.grpc.server.port = 9872 (custom)
2022-10-10 08:40:00,062 [Listener at 0.0.0.0/34489] INFO  grpc.GrpcConfigKeys (ConfUtils.java:logGet(46)) - raft.grpc.server.port = 9872 (custom)
2022-10-10 08:40:00,063 [Listener at 0.0.0.0/34489] INFO  server.GrpcService (ConfUtils.java:logGet(46)) - raft.grpc.message.size.max = 33554432 (custom)
2022-10-10 08:40:00,063 [Listener at 0.0.0.0/34489] INFO  server.RaftServerConfigKeys (ConfUtils.java:logGet(46)) - raft.server.log.appender.buffer.byte-limit = 33554432 (custom)
2022-10-10 08:40:00,063 [Listener at 0.0.0.0/34489] INFO  server.GrpcService (ConfUtils.java:logGet(46)) - raft.grpc.flow.control.window = 1MB (=1048576) (default)
2022-10-10 08:40:00,063 [Listener at 0.0.0.0/34489] INFO  server.RaftServerConfigKeys (ConfUtils.java:logGet(46)) - raft.server.rpc.request.timeout = 3000ms (default)
2022-10-10 08:40:00,063 [Listener at 0.0.0.0/34489] INFO  grpc.GrpcConfigKeys (ConfUtils.java:logGet(46)) - raft.grpc.server.async.request.thread.pool.cached = true (default)
2022-10-10 08:40:00,063 [Listener at 0.0.0.0/34489] INFO  grpc.GrpcConfigKeys (ConfUtils.java:logGet(46)) - raft.grpc.server.async.request.thread.pool.size = 32 (default)
2022-10-10 08:40:00,065 [Listener at 0.0.0.0/34489] INFO  impl.DataStreamServerImpl (ConfUtils.java:logGet(46)) - raft.datastream.type = DISABLED (default)
2022-10-10 08:40:00,065 [Listener at 0.0.0.0/34489] INFO  server.RaftServerConfigKeys (ConfUtils.java:logGet(46)) - raft.server.threadpool.proxy.cached = true (default)
2022-10-10 08:40:00,065 [Listener at 0.0.0.0/34489] INFO  server.RaftServerConfigKeys (ConfUtils.java:logGet(46)) - raft.server.threadpool.proxy.size = 0 (default)
2022-10-10 08:40:00,065 [Listener at 0.0.0.0/34489] INFO  server.RaftServerConfigKeys (ConfUtils.java:logGet(46)) - raft.server.rpc.slowness.timeout = 120s (custom)
2022-10-10 08:40:00,066 [Listener at 0.0.0.0/34489] INFO  server.RaftServerConfigKeys (ConfUtils.java:logGet(46)) - raft.server.leaderelection.leader.step-down.wait-time = 10s (default)
2022-10-10 08:40:00,066 [Listener at 0.0.0.0/34489] INFO  server.RaftServerConfigKeys (ConfUtils.java:logGet(46)) - raft.server.storage.dir = [/home/runner/work/ozone/ozone/hadoop-ozone/integration-test/target/test-dir/MiniOzoneClusterImpl-ad2c0857-510d-4cdb-92e5-38dbe430bd54/ozone-meta/ratis] (custom)
2022-10-10 08:40:00,067 [Listener at 0.0.0.0/34489] INFO  server.RaftServer (RaftServerProxy.java:addNew(96)) - om1: addNew group-C5BA1605619E:[om1|rpc:localhost:9872|priority:0] returns group-C5BA1605619E:java.util.concurrent.CompletableFuture@5e0eafd0[Not completed]
2022-10-10 08:40:00,067 [Listener at 0.0.0.0/34489] INFO  om.OzoneManager (OzoneManager.java:initializeRatisServer(1977)) - OzoneManager Ratis server initialized at port 9872
2022-10-10 08:40:00,068 [Listener at 0.0.0.0/34489] INFO  om.OzoneManager (OzoneManager.java:getRpcServer(1100)) - Creating RPC Server
2022-10-10 08:40:00,087 [pool-516-thread-1] INFO  server.RaftServer$Division (RaftServerImpl.java:<init>(190)) - om1: new RaftServerImpl for group-C5BA1605619E:[om1|rpc:localhost:9872|priority:0] with OzoneManagerStateMachine:uninitialized
2022-10-10 08:40:00,087 [pool-516-thread-1] INFO  server.RaftServerConfigKeys (ConfUtils.java:logGet(46)) - raft.server.rpc.timeout.min = 1s (custom)
2022-10-10 08:40:00,087 [pool-516-thread-1] INFO  server.RaftServerConfigKeys (ConfUtils.java:logGet(46)) - raft.server.rpc.timeout.max = 1200ms (custom)
2022-10-10 08:40:00,087 [pool-516-thread-1] INFO  server.RaftServerConfigKeys (ConfUtils.java:logGet(46)) - raft.server.rpc.sleep.time = 25ms (default)
2022-10-10 08:40:00,087 [pool-516-thread-1] INFO  server.RaftServerConfigKeys (ConfUtils.java:logGet(46)) - raft.server.rpc.slowness.timeout = 120s (custom)
2022-10-10 08:40:00,087 [pool-516-thread-1] INFO  server.RaftServerConfigKeys (ConfUtils.java:logGet(46)) - raft.server.leaderelection.leader.step-down.wait-time = 10s (default)
2022-10-10 08:40:00,087 [pool-516-thread-1] INFO  server.RaftServerConfigKeys (ConfUtils.java:logGet(46)) - raft.server.sleep.deviation.threshold = 300ms (default)
2022-10-10 08:40:00,087 [pool-516-thread-1] INFO  server.RaftServer$Division (ServerState.java:<init>(107)) - om1@group-C5BA1605619E: ConfigurationManager, init=-1: [om1|rpc:localhost:9872|priority:0], old=null, confs=<EMPTY_MAP>
2022-10-10 08:40:00,088 [pool-516-thread-1] INFO  server.RaftServerConfigKeys (ConfUtils.java:logGet(46)) - raft.server.storage.dir = [/home/runner/work/ozone/ozone/hadoop-ozone/integration-test/target/test-dir/MiniOzoneClusterImpl-ad2c0857-510d-4cdb-92e5-38dbe430bd54/ozone-meta/ratis] (custom)
2022-10-10 08:40:00,088 [pool-516-thread-1] INFO  server.RaftServerConfigKeys (ConfUtils.java:logGet(46)) - raft.server.log.corruption.policy = EXCEPTION (default)
2022-10-10 08:40:00,088 [pool-516-thread-1] INFO  server.RaftServerConfigKeys (ConfUtils.java:logGet(46)) - raft.server.storage.free-space.min = 0MB (=0) (default)
2022-10-10 08:40:00,088 [pool-516-thread-1] INFO  storage.RaftStorageDirectory (RaftStorageDirectoryImpl.java:analyzeStorage(135)) - The storage directory /home/runner/work/ozone/ozone/hadoop-ozone/integration-test/target/test-dir/MiniOzoneClusterImpl-ad2c0857-510d-4cdb-92e5-38dbe430bd54/ozone-meta/ratis/bf265839-605b-3f16-9796-c5ba1605619e does not exist. Creating ...
2022-10-10 08:40:00,092 [pool-516-thread-1] INFO  storage.RaftStorageDirectory (RaftStorageDirectoryImpl.java:tryLock(230)) - Lock on /home/runner/work/ozone/ozone/hadoop-ozone/integration-test/target/test-dir/MiniOzoneClusterImpl-ad2c0857-510d-4cdb-92e5-38dbe430bd54/ozone-meta/ratis/bf265839-605b-3f16-9796-c5ba1605619e/in_use.lock acquired by nodename 13217@fv-az292-843
2022-10-10 08:40:00,110 [pool-516-thread-1] INFO  storage.RaftStorage (RaftStorageImpl.java:format(89)) - Storage directory /home/runner/work/ozone/ozone/hadoop-ozone/integration-test/target/test-dir/MiniOzoneClusterImpl-ad2c0857-510d-4cdb-92e5-38dbe430bd54/ozone-meta/ratis/bf265839-605b-3f16-9796-c5ba1605619e has been successfully formatted.
2022-10-10 08:40:00,110 [pool-516-thread-1] INFO  server.RaftServerConfigKeys (ConfUtils.java:logGet(46)) - raft.server.notification.no-leader.timeout = 120s (custom)
2022-10-10 08:40:00,110 [pool-516-thread-1] INFO  server.RaftServerConfigKeys (ConfUtils.java:logGet(46)) - raft.server.log.use.memory = false (default)
2022-10-10 08:40:00,110 [pool-516-thread-1] INFO  server.RaftServerConfigKeys (ConfUtils.java:logGet(46)) - raft.server.log.purge.gap = 1000000 (custom)
2022-10-10 08:40:00,112 [pool-516-thread-1] INFO  server.RaftServerConfigKeys (ConfUtils.java:logGet(46)) - raft.server.log.appender.buffer.byte-limit = 33554432 (custom)
2022-10-10 08:40:00,112 [pool-516-thread-1] INFO  server.RaftServerConfigKeys (ConfUtils.java:logGet(46)) - raft.server.log.statemachine.data.read.timeout = 1000ms (default)
2022-10-10 08:40:00,114 [pool-516-thread-1] INFO  server.RaftServerConfigKeys (ConfUtils.java:logGet(46)) - raft.server.log.segment.size.max = 4194304 (custom)
2022-10-10 08:40:00,114 [pool-516-thread-1] INFO  server.RaftServerConfigKeys (ConfUtils.java:logGet(46)) - raft.server.log.segment.cache.num.max = 2 (custom)
2022-10-10 08:40:00,114 [pool-516-thread-1] INFO  server.RaftServerConfigKeys (ConfUtils.java:logGet(46)) - raft.server.log.segment.cache.size.max = 200MB (=209715200) (default)
2022-10-10 08:40:00,114 [pool-516-thread-1] INFO  segmented.SegmentedRaftLogWorker (SegmentedRaftLogWorker.java:<init>(187)) - new om1@group-C5BA1605619E-SegmentedRaftLogWorker for RaftStorageImpl:Storage Directory /home/runner/work/ozone/ozone/hadoop-ozone/integration-test/target/test-dir/MiniOzoneClusterImpl-ad2c0857-510d-4cdb-92e5-38dbe430bd54/ozone-meta/ratis/bf265839-605b-3f16-9796-c5ba1605619e
2022-10-10 08:40:00,114 [pool-516-thread-1] INFO  server.RaftServerConfigKeys (ConfUtils.java:logGet(46)) - raft.server.log.queue.byte-limit = 64MB (=67108864) (default)
2022-10-10 08:40:00,114 [pool-516-thread-1] INFO  server.RaftServerConfigKeys (ConfUtils.java:logGet(46)) - raft.server.log.queue.element-limit = 4096 (default)
2022-10-10 08:40:00,114 [pool-516-thread-1] INFO  server.RaftServerConfigKeys (ConfUtils.java:logGet(46)) - raft.server.log.segment.size.max = 4194304 (custom)
2022-10-10 08:40:00,114 [pool-516-thread-1] INFO  server.RaftServerConfigKeys (ConfUtils.java:logGet(46)) - raft.server.log.preallocated.size = 4194304 (custom)
2022-10-10 08:40:00,115 [pool-516-thread-1] INFO  server.RaftServerConfigKeys (ConfUtils.java:logGet(46)) - raft.server.log.force.sync.num = 128 (default)
2022-10-10 08:40:00,115 [pool-516-thread-1] INFO  server.RaftServerConfigKeys (ConfUtils.java:logGet(46)) - raft.server.log.statemachine.data.sync = true (default)
2022-10-10 08:40:00,115 [pool-516-thread-1] INFO  server.RaftServerConfigKeys (ConfUtils.java:logGet(46)) - raft.server.log.statemachine.data.sync.timeout = 10s (default)
2022-10-10 08:40:00,115 [pool-516-thread-1] INFO  server.RaftServerConfigKeys (ConfUtils.java:logGet(46)) - raft.server.log.statemachine.data.sync.timeout.retry = -1 (default)
2022-10-10 08:40:00,126 [pool-516-thread-1] INFO  server.RaftServerConfigKeys (ConfUtils.java:logGet(46)) - raft.server.log.write.buffer.size = 64KB (=65536) (default)
2022-10-10 08:40:00,126 [pool-516-thread-1] INFO  server.RaftServerConfigKeys (ConfUtils.java:logGet(46)) - raft.server.log.unsafe-flush.enabled = false (default)
2022-10-10 08:40:00,126 [pool-516-thread-1] INFO  server.RaftServerConfigKeys (ConfUtils.java:logGet(46)) - raft.server.log.statemachine.data.caching.enabled = false (default)
2022-10-10 08:40:00,127 [pool-516-thread-1] INFO  segmented.SegmentedRaftLogWorker (SegmentedRaftLogWorker.java:lambda$new$0(135)) - om1@group-C5BA1605619E-SegmentedRaftLogWorker: flushIndex: setUnconditionally 0 -> -1
2022-10-10 08:40:00,127 [pool-516-thread-1] INFO  segmented.SegmentedRaftLogWorker (SegmentedRaftLogWorker.java:lambda$new$0(135)) - om1@group-C5BA1605619E-SegmentedRaftLogWorker: safeCacheEvictIndex: setUnconditionally 0 -> -1
2022-10-10 08:40:00,176 [pool-516-thread-1] INFO  server.RaftServerConfigKeys (ConfUtils.java:logGet(46)) - raft.server.snapshot.auto.trigger.enabled = true (custom)
2022-10-10 08:40:00,176 [pool-516-thread-1] INFO  server.RaftServerConfigKeys (ConfUtils.java:logGet(46)) - raft.server.snapshot.auto.trigger.threshold = 400000 (default)
2022-10-10 08:40:00,176 [pool-516-thread-1] INFO  server.RaftServerConfigKeys (ConfUtils.java:logGet(46)) - raft.server.snapshot.retention.file.num = -1 (default)
2022-10-10 08:40:00,176 [pool-516-thread-1] INFO  server.RaftServerConfigKeys (ConfUtils.java:logGet(46)) - raft.server.log.purge.upto.snapshot.index = true (custom)
2022-10-10 08:40:00,176 [pool-516-thread-1] INFO  server.RaftServerConfigKeys (ConfUtils.java:logGet(46)) - raft.server.retrycache.expirytime = 300s (custom)
2022-10-10 08:40:00,176 [pool-516-thread-1] INFO  server.RaftServerConfigKeys (ConfUtils.java:logGet(46)) - raft.server.retrycache.statistics.expirytime = 100μs (default)
2022-10-10 08:40:00,177 [pool-516-thread-1] INFO  server.RaftServerConfigKeys (ConfUtils.java:logGet(46)) - raft.server.log.appender.install.snapshot.enabled = false (custom)
2022-10-10 08:40:00,177 [pool-516-thread-1] INFO  server.RaftServerConfigKeys (ConfUtils.java:logGet(46)) - raft.server.threadpool.server.cached = true (default)
2022-10-10 08:40:00,177 [pool-516-thread-1] INFO  server.RaftServerConfigKeys (ConfUtils.java:logGet(46)) - raft.server.threadpool.server.size = 0 (default)
2022-10-10 08:40:00,177 [pool-516-thread-1] INFO  server.RaftServerConfigKeys (ConfUtils.java:logGet(46)) - raft.server.threadpool.client.cached = true (default)
2022-10-10 08:40:00,177 [pool-516-thread-1] INFO  server.RaftServerConfigKeys (ConfUtils.java:logGet(46)) - raft.server.threadpool.client.size = 0 (default)
2022-10-10 08:40:01,668 [Listener at 0.0.0.0/34489] INFO  reflections.Reflections (Reflections.java:scan(232)) - Reflections took 1599 ms to scan 19 urls, producing 67 keys and 4226 values [using 2 cores]
2022-10-10 08:40:01,670 [Listener at 0.0.0.0/34489] INFO  ipc.CallQueueManager (CallQueueManager.java:<init>(90)) - Using callQueue: class java.util.concurrent.LinkedBlockingQueue, queueCapacity: 2000, scheduler: class org.apache.hadoop.ipc.DefaultRpcScheduler, ipcBackoff: false.
2022-10-10 08:40:01,673 [Socket Reader #1 for port 0] INFO  ipc.Server (Server.java:run(1265)) - Starting Socket Reader #1 for port 0
2022-10-10 08:40:01,717 [Listener at 127.0.0.1/41701] INFO  impl.MetricsSystemImpl (MetricsSystemImpl.java:init(158)) - OzoneManager metrics system started (again)
2022-10-10 08:40:01,731 [Listener at 127.0.0.1/41701] INFO  om.OzoneManager (OzoneManager.java:start(1484)) - OzoneManager RPC server is listening at localhost/127.0.0.1:41701
2022-10-10 08:40:01,731 [Listener at 127.0.0.1/41701] INFO  ratis.OzoneManagerRatisServer (OzoneManagerRatisServer.java:start(555)) - Starting OzoneManagerRatisServer om1 at port 9872
2022-10-10 08:40:01,731 [om1-impl-thread1] INFO  server.RaftServer$Division (RaftServerImpl.java:start(310)) - om1@group-C5BA1605619E: start as a follower, conf=-1: [om1|rpc:localhost:9872|priority:0], old=null
2022-10-10 08:40:01,732 [om1-impl-thread1] INFO  server.RaftServer$Division (RaftServerImpl.java:setRole(299)) - om1@group-C5BA1605619E: changes role from      null to FOLLOWER at term 0 for startAsFollower
2022-10-10 08:40:01,732 [om1-impl-thread1] INFO  impl.RoleInfo (RoleInfo.java:updateAndGet(139)) - om1: start om1@group-C5BA1605619E-FollowerState
2022-10-10 08:40:01,736 [om1-impl-thread1] INFO  util.JmxRegister (JmxRegister.java:tryRegister(44)) - Successfully registered JMX Bean with object name Ratis:service=RaftServer,group=group-C5BA1605619E,id=om1
2022-10-10 08:40:01,738 [Listener at 127.0.0.1/41701] INFO  server.RaftServer (RaftServerProxy.java:lambda$start$6(382)) - om1: start RPC server
2022-10-10 08:40:01,774 [Listener at 127.0.0.1/41701] INFO  server.GrpcService (GrpcService.java:startImpl(260)) - om1: GrpcService started, listening on 9872
2022-10-10 08:40:01,784 [Listener at 127.0.0.1/41701] INFO  om.OzoneManager (OzoneManager.java:start(1500)) - Version File has different layout version (3) than OM DB (null). That is expected if this OM has never been finalized to a newer layout version.
2022-10-10 08:40:01,784 [org.apache.ratis.util.JvmPauseMonitor$$Lambda$636/263158265@629a40b2] INFO  util.JvmPauseMonitor (JvmPauseMonitor.java:run(103)) - JvmPauseMonitor-om1: Started
2022-10-10 08:40:01,804 [Listener at 127.0.0.1/41701] INFO  http.BaseHttpServer (BaseHttpServer.java:newHttpServer2BuilderForOzone(213)) - Starting Web-server for ozoneManager at: http://0.0.0.0:0
2022-10-10 08:40:01,804 [Listener at 127.0.0.1/41701] INFO  http.BaseHttpServer (BaseHttpServer.java:<init>(108)) - Hadoop Security Enabled: false Ozone Security Enabled: false Ozone HTTP Security Enabled: false 
2022-10-10 08:40:01,805 [Listener at 127.0.0.1/41701] INFO  server.AuthenticationFilter (AuthenticationFilter.java:constructSecretProvider(240)) - Unable to initialize FileSignerSecretProvider, falling back to use random secrets.
2022-10-10 08:40:01,813 [Listener at 127.0.0.1/41701] WARN  http.HttpRequestLog (HttpRequestLog.java:getRequestLog(103)) - Jetty request log can only be enabled using Log4j
2022-10-10 08:40:01,814 [Listener at 127.0.0.1/41701] INFO  http.HttpServer2 (HttpServer2.java:addGlobalFilter(1031)) - Added global filter 'safety' (class=org.apache.hadoop.hdds.server.http.HttpServer2$QuotingInputFilter)
2022-10-10 08:40:01,815 [Listener at 127.0.0.1/41701] INFO  http.HttpServer2 (HttpServer2.java:addFilter(1007)) - Added filter static_user_filter (class=org.apache.hadoop.http.lib.StaticUserWebFilter$StaticUserFilter) to context ozoneManager
2022-10-10 08:40:01,815 [Listener at 127.0.0.1/41701] INFO  http.HttpServer2 (HttpServer2.java:addFilter(1015)) - Added filter static_user_filter (class=org.apache.hadoop.http.lib.StaticUserWebFilter$StaticUserFilter) to context logs
2022-10-10 08:40:01,815 [Listener at 127.0.0.1/41701] INFO  http.HttpServer2 (HttpServer2.java:addFilter(1015)) - Added filter static_user_filter (class=org.apache.hadoop.http.lib.StaticUserWebFilter$StaticUserFilter) to context static
2022-10-10 08:40:01,816 [Listener at 127.0.0.1/41701] INFO  http.HttpServer2 (HttpServer2.java:bindListener(1250)) - Jetty bound to port 41933
2022-10-10 08:40:01,816 [Listener at 127.0.0.1/41701] INFO  server.Server (Server.java:doStart(375)) - jetty-9.4.43.v20210629; built: 2021-06-30T11:07:22.254Z; git: 526006ecfa3af7f1a27ef3a288e2bef7ea9dd7e8; jvm 1.8.0_345-b01
2022-10-10 08:40:01,915 [Listener at 127.0.0.1/41701] INFO  server.session (DefaultSessionIdManager.java:doStart(334)) - DefaultSessionIdManager workerName=node0
2022-10-10 08:40:01,915 [Listener at 127.0.0.1/41701] INFO  server.session (DefaultSessionIdManager.java:doStart(339)) - No SessionScavenger set, using defaults
2022-10-10 08:40:01,915 [Listener at 127.0.0.1/41701] INFO  server.session (HouseKeeper.java:startScavenging(132)) - node0 Scavenging every 600000ms
2022-10-10 08:40:01,917 [Listener at 127.0.0.1/41701] INFO  handler.ContextHandler (ContextHandler.java:doStart(915)) - Started o.e.j.s.ServletContextHandler@3538740a{logs,/logs,file:///home/runner/work/ozone/ozone/hadoop-ozone/integration-test/target/log,AVAILABLE}
2022-10-10 08:40:01,918 [Listener at 127.0.0.1/41701] INFO  handler.ContextHandler (ContextHandler.java:doStart(915)) - Started o.e.j.s.ServletContextHandler@77e69bee{static,/static,file:///home/runner/work/ozone/ozone/hadoop-ozone/integration-test/target/test-classes/webapps/static,AVAILABLE}
2022-10-10 08:40:01,954 [Listener at 127.0.0.1/41701] INFO  handler.ContextHandler (ContextHandler.java:doStart(915)) - Started o.e.j.w.WebAppContext@78556f0f{ozoneManager,/,file:///home/runner/work/ozone/ozone/hadoop-ozone/integration-test/target/test-classes/webapps/ozoneManager/,AVAILABLE}{file:/home/runner/work/ozone/ozone/hadoop-ozone/integration-test/target/test-classes/webapps/ozoneManager}
2022-10-10 08:40:01,955 [Listener at 127.0.0.1/41701] INFO  server.AbstractConnector (AbstractConnector.java:doStart(331)) - Started ServerConnector@6c0d09c3{HTTP/1.1, (http/1.1)}{0.0.0.0:41933}
2022-10-10 08:40:01,955 [Listener at 127.0.0.1/41701] INFO  server.Server (Server.java:doStart(415)) - Started @333512ms
2022-10-10 08:40:01,955 [Listener at 127.0.0.1/41701] WARN  impl.MetricsSystemImpl (MetricsSystemImpl.java:register(279)) - Sink prometheus already exists!
2022-10-10 08:40:01,956 [Listener at 127.0.0.1/41701] INFO  http.BaseHttpServer (BaseHttpServer.java:updateConnectorAddress(333)) - HTTP server of ozoneManager listening at http://0.0.0.0:41933
2022-10-10 08:40:01,961 [IPC Server Responder] INFO  ipc.Server (Server.java:run(1507)) - IPC Server Responder: starting
2022-10-10 08:40:01,961 [IPC Server listener on 0] INFO  ipc.Server (Server.java:run(1344)) - IPC Server listener on 0: starting
2022-10-10 08:40:01,985 [Listener at 127.0.0.1/41701] INFO  om.TrashPolicyOzone (TrashPolicyOzone.java:<init>(178)) - Ozone Manager trash configuration: Deletion interval = 0 minutes, Emptier interval = 0 minutes.
2022-10-10 08:40:02,036 [org.apache.hadoop.util.JvmPauseMonitor$Monitor@7aec7779] INFO  util.JvmPauseMonitor (JvmPauseMonitor.java:run(188)) - Starting JVM pause monitor
2022-10-10 08:40:02,062 [Listener at 127.0.0.1/41701] WARN  impl.MetricRegistriesImpl (MetricRegistriesImpl.java:addReporterRegistration(111)) - New reporters are added after registries were created. Some metrics will be missing from the reporter. Please add reporter before adding any new registry.
2022-10-10 08:40:02,062 [Listener at 127.0.0.1/41701] WARN  impl.MetricRegistriesImpl (MetricRegistriesImpl.java:addReporterRegistration(111)) - New reporters are added after registries were created. Some metrics will be missing from the reporter. Please add reporter before adding any new registry.
2022-10-10 08:40:02,063 [Listener at 127.0.0.1/41701] INFO  impl.MetricsSystemImpl (MetricsSystemImpl.java:init(158)) - HddsDatanode metrics system started (again)
2022-10-10 08:40:02,076 [Listener at 127.0.0.1/41701] INFO  ozone.HddsDatanodeService (HddsDatanodeService.java:start(236)) - HddsDatanodeService host:fv-az292-843.tqgtyn10aqxuxoi0mkfbldi5vh.jx.internal.cloudapp.net ip:10.1.0.114
2022-10-10 08:40:02,150 [Listener at 127.0.0.1/41701] INFO  upgrade.AbstractLayoutVersionManager (AbstractLayoutVersionManager.java:init(83)) - Initializing Layout version manager with metadata layout = DATANODE_SCHEMA_V3 (version = 4), software layout = DATANODE_SCHEMA_V3 (version = 4)
2022-10-10 08:40:02,218 [Listener at 127.0.0.1/41701] INFO  reflections.Reflections (Reflections.java:scan(232)) - Reflections took 67 ms to scan 7 urls, producing 135 keys and 327 values 
2022-10-10 08:40:02,221 [Listener at 127.0.0.1/41701] INFO  statemachine.DatanodeStateMachine (DatanodeStateMachine.java:getEndPointTaskThreadPoolSize(237)) - Datanode State Machine Task Thread Pool size 2
2022-10-10 08:40:02,223 [Listener at 127.0.0.1/41701] INFO  volume.HddsVolume (HddsVolume.java:<init>(117)) - Creating HddsVolume: /home/runner/work/ozone/ozone/hadoop-ozone/integration-test/target/test-dir/MiniOzoneClusterImpl-ad2c0857-510d-4cdb-92e5-38dbe430bd54/datanode-0/data-0/containers/hdds of storage type : DISK capacity : 9223372036854775807
2022-10-10 08:40:02,224 [Listener at 127.0.0.1/41701] INFO  volume.MutableVolumeSet (MutableVolumeSet.java:initializeVolumeSet(174)) - Added Volume : /home/runner/work/ozone/ozone/hadoop-ozone/integration-test/target/test-dir/MiniOzoneClusterImpl-ad2c0857-510d-4cdb-92e5-38dbe430bd54/datanode-0/data-0/containers/hdds to VolumeSet
2022-10-10 08:40:02,224 [Listener at 127.0.0.1/41701] INFO  volume.ThrottledAsyncChecker (ThrottledAsyncChecker.java:schedule(141)) - Scheduling a check for /home/runner/work/ozone/ozone/hadoop-ozone/integration-test/target/test-dir/MiniOzoneClusterImpl-ad2c0857-510d-4cdb-92e5-38dbe430bd54/datanode-0/data-0/containers/hdds
2022-10-10 08:40:02,228 [Listener at 127.0.0.1/41701] INFO  volume.StorageVolumeChecker (StorageVolumeChecker.java:checkAllVolumes(202)) - Scheduled health check for volume /home/runner/work/ozone/ozone/hadoop-ozone/integration-test/target/test-dir/MiniOzoneClusterImpl-ad2c0857-510d-4cdb-92e5-38dbe430bd54/datanode-0/data-0/containers/hdds
2022-10-10 08:40:02,246 [Listener at 127.0.0.1/41701] INFO  volume.MutableVolumeSet (MutableVolumeSet.java:initializeVolumeSet(174)) - Added Volume : /home/runner/work/ozone/ozone/hadoop-ozone/integration-test/target/test-dir/MiniOzoneClusterImpl-ad2c0857-510d-4cdb-92e5-38dbe430bd54/datanode-0/data/ratis to VolumeSet
2022-10-10 08:40:02,246 [Listener at 127.0.0.1/41701] INFO  volume.ThrottledAsyncChecker (ThrottledAsyncChecker.java:schedule(141)) - Scheduling a check for /home/runner/work/ozone/ozone/hadoop-ozone/integration-test/target/test-dir/MiniOzoneClusterImpl-ad2c0857-510d-4cdb-92e5-38dbe430bd54/datanode-0/data/ratis
2022-10-10 08:40:02,246 [Listener at 127.0.0.1/41701] INFO  volume.StorageVolumeChecker (StorageVolumeChecker.java:checkAllVolumes(202)) - Scheduled health check for volume /home/runner/work/ozone/ozone/hadoop-ozone/integration-test/target/test-dir/MiniOzoneClusterImpl-ad2c0857-510d-4cdb-92e5-38dbe430bd54/datanode-0/data/ratis
2022-10-10 08:40:02,257 [Thread-1350] INFO  ozoneimpl.ContainerReader (ContainerReader.java:readVolume(175)) - Finish verifying containers on volume /home/runner/work/ozone/ozone/hadoop-ozone/integration-test/target/test-dir/MiniOzoneClusterImpl-ad2c0857-510d-4cdb-92e5-38dbe430bd54/datanode-0/data-0/containers/hdds
2022-10-10 08:40:02,257 [Listener at 127.0.0.1/41701] INFO  ozoneimpl.OzoneContainer (OzoneContainer.java:buildContainerSet(300)) - Build ContainerSet costs 0s
2022-10-10 08:40:02,260 [Listener at 127.0.0.1/41701] INFO  server.RaftServer (ConfUtils.java:logGet(46)) - raft.rpc.type = GRPC (default)
2022-10-10 08:40:02,261 [Listener at 127.0.0.1/41701] INFO  grpc.GrpcFactory (GrpcFactory.java:checkPooledByteBufAllocatorUseCacheForAllThreads(48)) - PERFORMANCE WARNING: useCacheForAllThreads is true that may cause Netty to create a lot garbage objects and, as a result, trigger GC.
	It is recommended to disable useCacheForAllThreads by setting -Dorg.apache.ratis.thirdparty.io.netty.allocator.useCacheForAllThreads=false in command line.
2022-10-10 08:40:02,261 [Listener at 127.0.0.1/41701] INFO  grpc.GrpcConfigKeys (ConfUtils.java:logGet(46)) - raft.grpc.admin.port = 0 (custom)
2022-10-10 08:40:02,261 [Listener at 127.0.0.1/41701] INFO  grpc.GrpcConfigKeys (ConfUtils.java:logGet(46)) - raft.grpc.client.port = 0 (custom)
2022-10-10 08:40:02,261 [Listener at 127.0.0.1/41701] INFO  grpc.GrpcConfigKeys (ConfUtils.java:logGet(46)) - raft.grpc.server.port = 0 (default)
2022-10-10 08:40:02,262 [Listener at 127.0.0.1/41701] INFO  server.GrpcService (ConfUtils.java:logGet(46)) - raft.grpc.message.size.max = 32MB (=33554432) (custom)
2022-10-10 08:40:02,262 [Listener at 127.0.0.1/41701] INFO  server.RaftServerConfigKeys (ConfUtils.java:logGet(46)) - raft.server.log.appender.buffer.byte-limit = 33554432 (custom)
2022-10-10 08:40:02,262 [Listener at 127.0.0.1/41701] INFO  server.GrpcService (ConfUtils.java:logGet(46)) - raft.grpc.flow.control.window = 5MB (=5242880) (custom)
2022-10-10 08:40:02,262 [Listener at 127.0.0.1/41701] INFO  server.RaftServerConfigKeys (ConfUtils.java:logGet(46)) - raft.server.rpc.request.timeout = 60s (custom)
2022-10-10 08:40:02,262 [Listener at 127.0.0.1/41701] INFO  grpc.GrpcConfigKeys (ConfUtils.java:logGet(46)) - raft.grpc.server.async.request.thread.pool.cached = true (default)
2022-10-10 08:40:02,263 [Listener at 127.0.0.1/41701] INFO  grpc.GrpcConfigKeys (ConfUtils.java:logGet(46)) - raft.grpc.server.async.request.thread.pool.size = 32 (default)
2022-10-10 08:40:02,273 [Listener at 127.0.0.1/41701] INFO  impl.DataStreamServerImpl (ConfUtils.java:logGet(46)) - raft.datastream.type = DISABLED (default)
2022-10-10 08:40:02,274 [Listener at 127.0.0.1/41701] INFO  server.RaftServerConfigKeys (ConfUtils.java:logGet(46)) - raft.server.threadpool.proxy.cached = true (default)
2022-10-10 08:40:02,274 [Listener at 127.0.0.1/41701] INFO  server.RaftServerConfigKeys (ConfUtils.java:logGet(46)) - raft.server.threadpool.proxy.size = 0 (default)
2022-10-10 08:40:02,274 [Listener at 127.0.0.1/41701] INFO  server.RaftServerConfigKeys (ConfUtils.java:logGet(46)) - raft.server.rpc.slowness.timeout = 300s (custom)
2022-10-10 08:40:02,274 [Listener at 127.0.0.1/41701] INFO  server.RaftServerConfigKeys (ConfUtils.java:logGet(46)) - raft.server.leaderelection.leader.step-down.wait-time = 10s (default)
2022-10-10 08:40:02,274 [Listener at 127.0.0.1/41701] INFO  server.RaftServerConfigKeys (ConfUtils.java:logGet(46)) - raft.server.storage.dir = [/home/runner/work/ozone/ozone/hadoop-ozone/integration-test/target/test-dir/MiniOzoneClusterImpl-ad2c0857-510d-4cdb-92e5-38dbe430bd54/datanode-0/data/ratis] (custom)
2022-10-10 08:40:02,282 [Listener at 127.0.0.1/41701] INFO  server.XceiverServerGrpc (XceiverServerGrpc.java:<init>(132)) - GrpcServer channel type EpollServerSocketChannel
2022-10-10 08:40:02,290 [Listener at 127.0.0.1/41701] INFO  http.BaseHttpServer (BaseHttpServer.java:newHttpServer2BuilderForOzone(213)) - Starting Web-server for hddsDatanode at: http://0.0.0.0:0
2022-10-10 08:40:02,291 [Listener at 127.0.0.1/41701] INFO  http.BaseHttpServer (BaseHttpServer.java:<init>(108)) - Hadoop Security Enabled: false Ozone Security Enabled: false Ozone HTTP Security Enabled: false 
2022-10-10 08:40:02,292 [Listener at 127.0.0.1/41701] INFO  server.AuthenticationFilter (AuthenticationFilter.java:constructSecretProvider(240)) - Unable to initialize FileSignerSecretProvider, falling back to use random secrets.
2022-10-10 08:40:02,293 [Listener at 127.0.0.1/41701] WARN  http.HttpRequestLog (HttpRequestLog.java:getRequestLog(103)) - Jetty request log can only be enabled using Log4j
2022-10-10 08:40:02,295 [Listener at 127.0.0.1/41701] INFO  http.HttpServer2 (HttpServer2.java:addGlobalFilter(1031)) - Added global filter 'safety' (class=org.apache.hadoop.hdds.server.http.HttpServer2$QuotingInputFilter)
2022-10-10 08:40:02,295 [Listener at 127.0.0.1/41701] INFO  http.HttpServer2 (HttpServer2.java:addFilter(1007)) - Added filter static_user_filter (class=org.apache.hadoop.http.lib.StaticUserWebFilter$StaticUserFilter) to context hddsDatanode
2022-10-10 08:40:02,295 [Listener at 127.0.0.1/41701] INFO  http.HttpServer2 (HttpServer2.java:addFilter(1015)) - Added filter static_user_filter (class=org.apache.hadoop.http.lib.StaticUserWebFilter$StaticUserFilter) to context logs
2022-10-10 08:40:02,295 [Listener at 127.0.0.1/41701] INFO  http.HttpServer2 (HttpServer2.java:addFilter(1015)) - Added filter static_user_filter (class=org.apache.hadoop.http.lib.StaticUserWebFilter$StaticUserFilter) to context static
2022-10-10 08:40:02,302 [Listener at 127.0.0.1/41701] INFO  http.HttpServer2 (HttpServer2.java:bindListener(1250)) - Jetty bound to port 35429
2022-10-10 08:40:02,302 [Listener at 127.0.0.1/41701] INFO  server.Server (Server.java:doStart(375)) - jetty-9.4.43.v20210629; built: 2021-06-30T11:07:22.254Z; git: 526006ecfa3af7f1a27ef3a288e2bef7ea9dd7e8; jvm 1.8.0_345-b01
2022-10-10 08:40:02,325 [Listener at 127.0.0.1/41701] INFO  server.session (DefaultSessionIdManager.java:doStart(334)) - DefaultSessionIdManager workerName=node0
2022-10-10 08:40:02,325 [Listener at 127.0.0.1/41701] INFO  server.session (DefaultSessionIdManager.java:doStart(339)) - No SessionScavenger set, using defaults
2022-10-10 08:40:02,325 [Listener at 127.0.0.1/41701] INFO  server.session (HouseKeeper.java:startScavenging(132)) - node0 Scavenging every 600000ms
2022-10-10 08:40:02,326 [Listener at 127.0.0.1/41701] INFO  handler.ContextHandler (ContextHandler.java:doStart(915)) - Started o.e.j.s.ServletContextHandler@10673631{logs,/logs,file:///home/runner/work/ozone/ozone/hadoop-ozone/integration-test/target/log,AVAILABLE}
2022-10-10 08:40:02,326 [Listener at 127.0.0.1/41701] INFO  handler.ContextHandler (ContextHandler.java:doStart(915)) - Started o.e.j.s.ServletContextHandler@29185de6{static,/static,jar:file:/home/runner/.m2/repository/org/apache/ozone/hdds-container-service/1.3.0-SNAPSHOT/hdds-container-service-1.3.0-SNAPSHOT.jar!/webapps/static,AVAILABLE}
2022-10-10 08:40:02,707 [Listener at 127.0.0.1/41701] INFO  handler.ContextHandler (ContextHandler.java:doStart(915)) - Started o.e.j.w.WebAppContext@2c564b16{hddsDatanode,/,file:///tmp/jetty-0_0_0_0-35429-hdds-container-service-1_3_0-SNAPSHOT_jar-_-any-117276107328053296/webapp/,AVAILABLE}{jar:file:/home/runner/.m2/repository/org/apache/ozone/hdds-container-service/1.3.0-SNAPSHOT/hdds-container-service-1.3.0-SNAPSHOT.jar!/webapps/hddsDatanode}
2022-10-10 08:40:02,708 [Listener at 127.0.0.1/41701] INFO  server.AbstractConnector (AbstractConnector.java:doStart(331)) - Started ServerConnector@10a84408{HTTP/1.1, (http/1.1)}{0.0.0.0:35429}
2022-10-10 08:40:02,709 [Listener at 127.0.0.1/41701] INFO  server.Server (Server.java:doStart(415)) - Started @334265ms
2022-10-10 08:40:02,709 [Listener at 127.0.0.1/41701] WARN  impl.MetricsSystemImpl (MetricsSystemImpl.java:register(279)) - Sink prometheus already exists!
2022-10-10 08:40:02,710 [Listener at 127.0.0.1/41701] INFO  http.BaseHttpServer (BaseHttpServer.java:updateConnectorAddress(333)) - HTTP server of hddsDatanode listening at http://0.0.0.0:35429
2022-10-10 08:40:02,711 [Listener at 127.0.0.1/41701] WARN  impl.MetricRegistriesImpl (MetricRegistriesImpl.java:addReporterRegistration(111)) - New reporters are added after registries were created. Some metrics will be missing from the reporter. Please add reporter before adding any new registry.
2022-10-10 08:40:02,711 [Listener at 127.0.0.1/41701] WARN  impl.MetricRegistriesImpl (MetricRegistriesImpl.java:addReporterRegistration(111)) - New reporters are added after registries were created. Some metrics will be missing from the reporter. Please add reporter before adding any new registry.
2022-10-10 08:40:02,711 [Listener at 127.0.0.1/41701] INFO  impl.MetricsSystemImpl (MetricsSystemImpl.java:init(158)) - HddsDatanode metrics system started (again)
2022-10-10 08:40:02,728 [Datanode State Machine Daemon Thread] INFO  statemachine.DatanodeStateMachine (DatanodeStateMachine.java:lambda$startDaemon$0(492)) - Ozone container server started.
2022-10-10 08:40:02,728 [Listener at 127.0.0.1/41701] INFO  ozone.HddsDatanodeService (HddsDatanodeService.java:start(236)) - HddsDatanodeService host:fv-az292-843.tqgtyn10aqxuxoi0mkfbldi5vh.jx.internal.cloudapp.net ip:10.1.0.114
2022-10-10 08:40:02,744 [org.apache.hadoop.util.JvmPauseMonitor$Monitor@5f768a02] INFO  util.JvmPauseMonitor (JvmPauseMonitor.java:run(188)) - Starting JVM pause monitor
2022-10-10 08:40:02,756 [om1@group-C5BA1605619E-FollowerState] INFO  impl.FollowerState (FollowerState.java:run(143)) - om1@group-C5BA1605619E-FollowerState: change to CANDIDATE, lastRpcElapsedTime:1023852088ns, electionTimeout:1000ms
2022-10-10 08:40:02,756 [om1@group-C5BA1605619E-FollowerState] INFO  impl.RoleInfo (RoleInfo.java:shutdownFollowerState(110)) - om1: shutdown om1@group-C5BA1605619E-FollowerState
2022-10-10 08:40:02,756 [om1@group-C5BA1605619E-FollowerState] INFO  server.RaftServer$Division (RaftServerImpl.java:setRole(299)) - om1@group-C5BA1605619E: changes role from  FOLLOWER to CANDIDATE at term 0 for changeToCandidate
2022-10-10 08:40:02,775 [Datanode State Machine Task Thread - 0] INFO  datanode.InitDatanodeState (InitDatanodeState.java:persistContainerDatanodeDetails(138)) - DatanodeDetails is persisted to /home/runner/work/ozone/ozone/hadoop-ozone/integration-test/target/test-dir/MiniOzoneClusterImpl-ad2c0857-510d-4cdb-92e5-38dbe430bd54/datanode-0/meta/datanode.id
2022-10-10 08:40:02,778 [om1@group-C5BA1605619E-FollowerState] INFO  server.RaftServerConfigKeys (ConfUtils.java:logGet(46)) - raft.server.leaderelection.pre-vote = false (custom)
2022-10-10 08:40:02,778 [om1@group-C5BA1605619E-FollowerState] INFO  impl.RoleInfo (RoleInfo.java:updateAndGet(139)) - om1: start om1@group-C5BA1605619E-LeaderElection32
2022-10-10 08:40:02,819 [Listener at 127.0.0.1/41701] INFO  upgrade.AbstractLayoutVersionManager (AbstractLayoutVersionManager.java:init(83)) - Initializing Layout version manager with metadata layout = DATANODE_SCHEMA_V3 (version = 4), software layout = DATANODE_SCHEMA_V3 (version = 4)
2022-10-10 08:40:02,821 [om1@group-C5BA1605619E-LeaderElection32] INFO  impl.LeaderElection (LeaderElection.java:askForVotes(310)) - om1@group-C5BA1605619E-LeaderElection32 ELECTION round 0: submit vote requests at term 1 for -1: [om1|rpc:localhost:9872|priority:0], old=null
2022-10-10 08:40:02,821 [om1@group-C5BA1605619E-LeaderElection32] INFO  impl.LeaderElection (LeaderElection.java:askForVotes(312)) - om1@group-C5BA1605619E-LeaderElection32 ELECTION round 0: result PASSED (term=1)
2022-10-10 08:40:02,821 [om1@group-C5BA1605619E-LeaderElection32] INFO  impl.RoleInfo (RoleInfo.java:shutdownLeaderElection(130)) - om1: shutdown om1@group-C5BA1605619E-LeaderElection32
2022-10-10 08:40:02,821 [om1@group-C5BA1605619E-LeaderElection32] INFO  server.RaftServer$Division (RaftServerImpl.java:setRole(299)) - om1@group-C5BA1605619E: changes role from CANDIDATE to LEADER at term 1 for changeToLeader
2022-10-10 08:40:02,821 [om1@group-C5BA1605619E-LeaderElection32] INFO  server.RaftServer$Division (ServerState.java:setLeader(287)) - om1@group-C5BA1605619E: change Leader from null to om1 at term 1 for becomeLeader, leader elected after 2710ms
2022-10-10 08:40:02,821 [om1@group-C5BA1605619E-LeaderElection32] INFO  server.RaftServerConfigKeys (ConfUtils.java:logGet(46)) - raft.server.staging.catchup.gap = 1000 (default)
2022-10-10 08:40:02,821 [om1@group-C5BA1605619E-LeaderElection32] INFO  server.RaftServerConfigKeys (ConfUtils.java:logGet(46)) - raft.server.write.element-limit = 4096 (default)
2022-10-10 08:40:02,821 [om1@group-C5BA1605619E-LeaderElection32] INFO  server.RaftServerConfigKeys (ConfUtils.java:logGet(46)) - raft.server.write.byte-limit = 64MB (=67108864) (default)
2022-10-10 08:40:02,837 [om1@group-C5BA1605619E-LeaderElection32] INFO  server.RaftServerConfigKeys (ConfUtils.java:logGet(46)) - raft.server.watch.timeout = 10s (default)
2022-10-10 08:40:02,837 [om1@group-C5BA1605619E-LeaderElection32] INFO  server.RaftServerConfigKeys (ConfUtils.java:logGet(46)) - raft.server.watch.timeout.denomination = 1s (default)
2022-10-10 08:40:02,837 [om1@group-C5BA1605619E-LeaderElection32] INFO  server.RaftServerConfigKeys (ConfUtils.java:logGet(46)) - raft.server.watch.element-limit = 65536 (default)
2022-10-10 08:40:02,837 [om1@group-C5BA1605619E-LeaderElection32] INFO  server.RaftServerConfigKeys (ConfUtils.java:logGet(46)) - raft.server.write.element-limit = 4096 (default)
2022-10-10 08:40:02,837 [om1@group-C5BA1605619E-LeaderElection32] INFO  server.RaftServerConfigKeys (ConfUtils.java:logGet(46)) - raft.server.write.follower.gap.ratio.max = -1.0 (default)
2022-10-10 08:40:02,838 [om1@group-C5BA1605619E-LeaderElection32] INFO  impl.RoleInfo (RoleInfo.java:updateAndGet(139)) - om1: start om1@group-C5BA1605619E-LeaderStateImpl
2022-10-10 08:40:02,838 [om1@group-C5BA1605619E-LeaderElection32] INFO  segmented.SegmentedRaftLogWorker (SegmentedRaftLogWorker.java:startLogSegment(425)) - om1@group-C5BA1605619E-SegmentedRaftLogWorker: Starting segment from index:0
2022-10-10 08:40:02,852 [om1@group-C5BA1605619E-SegmentedRaftLogWorker] INFO  segmented.SegmentedRaftLogWorker (SegmentedRaftLogWorker.java:execute(629)) - om1@group-C5BA1605619E-SegmentedRaftLogWorker: created new log segment /home/runner/work/ozone/ozone/hadoop-ozone/integration-test/target/test-dir/MiniOzoneClusterImpl-ad2c0857-510d-4cdb-92e5-38dbe430bd54/ozone-meta/ratis/bf265839-605b-3f16-9796-c5ba1605619e/current/log_inprogress_0
2022-10-10 08:40:02,868 [om1@group-C5BA1605619E-LeaderElection32] INFO  server.RaftServer$Division (ServerState.java:setRaftConf(393)) - om1@group-C5BA1605619E: set configuration 0: [om1|rpc:localhost:9872|admin:|client:|dataStream:|priority:0], old=null
2022-10-10 08:40:02,905 [om1@group-C5BA1605619E-StateMachineUpdater] INFO  ratis.OzoneManagerStateMachine (OzoneManagerStateMachine.java:notifyConfigurationChanged(192)) - Received Configuration change notification from Ratis. New Peer list:
[id: "om1"
address: "localhost:9872"
]
2022-10-10 08:40:02,971 [Listener at 127.0.0.1/41701] INFO  reflections.Reflections (Reflections.java:scan(232)) - Reflections took 150 ms to scan 7 urls, producing 135 keys and 327 values 
2022-10-10 08:40:02,973 [Listener at 127.0.0.1/41701] INFO  statemachine.DatanodeStateMachine (DatanodeStateMachine.java:getEndPointTaskThreadPoolSize(237)) - Datanode State Machine Task Thread Pool size 2
2022-10-10 08:40:02,974 [Listener at 127.0.0.1/41701] INFO  volume.HddsVolume (HddsVolume.java:<init>(117)) - Creating HddsVolume: /home/runner/work/ozone/ozone/hadoop-ozone/integration-test/target/test-dir/MiniOzoneClusterImpl-ad2c0857-510d-4cdb-92e5-38dbe430bd54/datanode-1/data-0/containers/hdds of storage type : DISK capacity : 9223372036854775807
2022-10-10 08:40:02,974 [Listener at 127.0.0.1/41701] INFO  volume.MutableVolumeSet (MutableVolumeSet.java:initializeVolumeSet(174)) - Added Volume : /home/runner/work/ozone/ozone/hadoop-ozone/integration-test/target/test-dir/MiniOzoneClusterImpl-ad2c0857-510d-4cdb-92e5-38dbe430bd54/datanode-1/data-0/containers/hdds to VolumeSet
2022-10-10 08:40:02,975 [Listener at 127.0.0.1/41701] INFO  volume.ThrottledAsyncChecker (ThrottledAsyncChecker.java:schedule(141)) - Scheduling a check for /home/runner/work/ozone/ozone/hadoop-ozone/integration-test/target/test-dir/MiniOzoneClusterImpl-ad2c0857-510d-4cdb-92e5-38dbe430bd54/datanode-1/data-0/containers/hdds
2022-10-10 08:40:02,975 [Listener at 127.0.0.1/41701] INFO  volume.StorageVolumeChecker (StorageVolumeChecker.java:checkAllVolumes(202)) - Scheduled health check for volume /home/runner/work/ozone/ozone/hadoop-ozone/integration-test/target/test-dir/MiniOzoneClusterImpl-ad2c0857-510d-4cdb-92e5-38dbe430bd54/datanode-1/data-0/containers/hdds
2022-10-10 08:40:03,008 [Listener at 127.0.0.1/41701] INFO  volume.MutableVolumeSet (MutableVolumeSet.java:initializeVolumeSet(174)) - Added Volume : /home/runner/work/ozone/ozone/hadoop-ozone/integration-test/target/test-dir/MiniOzoneClusterImpl-ad2c0857-510d-4cdb-92e5-38dbe430bd54/datanode-1/data/ratis to VolumeSet
2022-10-10 08:40:03,008 [Listener at 127.0.0.1/41701] INFO  volume.ThrottledAsyncChecker (ThrottledAsyncChecker.java:schedule(141)) - Scheduling a check for /home/runner/work/ozone/ozone/hadoop-ozone/integration-test/target/test-dir/MiniOzoneClusterImpl-ad2c0857-510d-4cdb-92e5-38dbe430bd54/datanode-1/data/ratis
2022-10-10 08:40:03,008 [Listener at 127.0.0.1/41701] INFO  volume.StorageVolumeChecker (StorageVolumeChecker.java:checkAllVolumes(202)) - Scheduled health check for volume /home/runner/work/ozone/ozone/hadoop-ozone/integration-test/target/test-dir/MiniOzoneClusterImpl-ad2c0857-510d-4cdb-92e5-38dbe430bd54/datanode-1/data/ratis
2022-10-10 08:40:03,053 [Thread-1365] INFO  ozoneimpl.ContainerReader (ContainerReader.java:readVolume(175)) - Finish verifying containers on volume /home/runner/work/ozone/ozone/hadoop-ozone/integration-test/target/test-dir/MiniOzoneClusterImpl-ad2c0857-510d-4cdb-92e5-38dbe430bd54/datanode-1/data-0/containers/hdds
2022-10-10 08:40:03,053 [Listener at 127.0.0.1/41701] INFO  ozoneimpl.OzoneContainer (OzoneContainer.java:buildContainerSet(300)) - Build ContainerSet costs 0s
2022-10-10 08:40:03,055 [Listener at 127.0.0.1/41701] INFO  server.RaftServer (ConfUtils.java:logGet(46)) - raft.rpc.type = GRPC (default)
2022-10-10 08:40:03,055 [Listener at 127.0.0.1/41701] INFO  grpc.GrpcFactory (GrpcFactory.java:checkPooledByteBufAllocatorUseCacheForAllThreads(48)) - PERFORMANCE WARNING: useCacheForAllThreads is true that may cause Netty to create a lot garbage objects and, as a result, trigger GC.
	It is recommended to disable useCacheForAllThreads by setting -Dorg.apache.ratis.thirdparty.io.netty.allocator.useCacheForAllThreads=false in command line.
2022-10-10 08:40:03,055 [Listener at 127.0.0.1/41701] INFO  grpc.GrpcConfigKeys (ConfUtils.java:logGet(46)) - raft.grpc.admin.port = 0 (custom)
2022-10-10 08:40:03,056 [Listener at 127.0.0.1/41701] INFO  grpc.GrpcConfigKeys (ConfUtils.java:logGet(46)) - raft.grpc.client.port = 0 (custom)
2022-10-10 08:40:03,056 [Listener at 127.0.0.1/41701] INFO  grpc.GrpcConfigKeys (ConfUtils.java:logGet(46)) - raft.grpc.server.port = 0 (default)
2022-10-10 08:40:03,056 [Listener at 127.0.0.1/41701] INFO  server.GrpcService (ConfUtils.java:logGet(46)) - raft.grpc.message.size.max = 32MB (=33554432) (custom)
2022-10-10 08:40:03,056 [Listener at 127.0.0.1/41701] INFO  server.RaftServerConfigKeys (ConfUtils.java:logGet(46)) - raft.server.log.appender.buffer.byte-limit = 33554432 (custom)
2022-10-10 08:40:03,056 [Listener at 127.0.0.1/41701] INFO  server.GrpcService (ConfUtils.java:logGet(46)) - raft.grpc.flow.control.window = 5MB (=5242880) (custom)
2022-10-10 08:40:03,056 [Listener at 127.0.0.1/41701] INFO  server.RaftServerConfigKeys (ConfUtils.java:logGet(46)) - raft.server.rpc.request.timeout = 60s (custom)
2022-10-10 08:40:03,057 [Listener at 127.0.0.1/41701] INFO  grpc.GrpcConfigKeys (ConfUtils.java:logGet(46)) - raft.grpc.server.async.request.thread.pool.cached = true (default)
2022-10-10 08:40:03,057 [Listener at 127.0.0.1/41701] INFO  grpc.GrpcConfigKeys (ConfUtils.java:logGet(46)) - raft.grpc.server.async.request.thread.pool.size = 32 (default)
2022-10-10 08:40:03,058 [Listener at 127.0.0.1/41701] INFO  impl.DataStreamServerImpl (ConfUtils.java:logGet(46)) - raft.datastream.type = DISABLED (default)
2022-10-10 08:40:03,059 [Listener at 127.0.0.1/41701] INFO  server.RaftServerConfigKeys (ConfUtils.java:logGet(46)) - raft.server.threadpool.proxy.cached = true (default)
2022-10-10 08:40:03,059 [Listener at 127.0.0.1/41701] INFO  server.RaftServerConfigKeys (ConfUtils.java:logGet(46)) - raft.server.threadpool.proxy.size = 0 (default)
2022-10-10 08:40:03,059 [Listener at 127.0.0.1/41701] INFO  server.RaftServerConfigKeys (ConfUtils.java:logGet(46)) - raft.server.rpc.slowness.timeout = 300s (custom)
2022-10-10 08:40:03,059 [Listener at 127.0.0.1/41701] INFO  server.RaftServerConfigKeys (ConfUtils.java:logGet(46)) - raft.server.leaderelection.leader.step-down.wait-time = 10s (default)
2022-10-10 08:40:03,059 [Listener at 127.0.0.1/41701] INFO  server.RaftServerConfigKeys (ConfUtils.java:logGet(46)) - raft.server.storage.dir = [/home/runner/work/ozone/ozone/hadoop-ozone/integration-test/target/test-dir/MiniOzoneClusterImpl-ad2c0857-510d-4cdb-92e5-38dbe430bd54/datanode-1/data/ratis] (custom)
2022-10-10 08:40:03,061 [Listener at 127.0.0.1/41701] INFO  server.XceiverServerGrpc (XceiverServerGrpc.java:<init>(132)) - GrpcServer channel type EpollServerSocketChannel
2022-10-10 08:40:03,078 [Listener at 127.0.0.1/41701] INFO  http.BaseHttpServer (BaseHttpServer.java:newHttpServer2BuilderForOzone(213)) - Starting Web-server for hddsDatanode at: http://0.0.0.0:0
2022-10-10 08:40:03,078 [Listener at 127.0.0.1/41701] INFO  http.BaseHttpServer (BaseHttpServer.java:<init>(108)) - Hadoop Security Enabled: false Ozone Security Enabled: false Ozone HTTP Security Enabled: false 
2022-10-10 08:40:03,082 [Listener at 127.0.0.1/41701] INFO  server.AuthenticationFilter (AuthenticationFilter.java:constructSecretProvider(240)) - Unable to initialize FileSignerSecretProvider, falling back to use random secrets.
2022-10-10 08:40:03,083 [Listener at 127.0.0.1/41701] WARN  http.HttpRequestLog (HttpRequestLog.java:getRequestLog(103)) - Jetty request log can only be enabled using Log4j
2022-10-10 08:40:03,084 [Listener at 127.0.0.1/41701] INFO  http.HttpServer2 (HttpServer2.java:addGlobalFilter(1031)) - Added global filter 'safety' (class=org.apache.hadoop.hdds.server.http.HttpServer2$QuotingInputFilter)
2022-10-10 08:40:03,085 [Listener at 127.0.0.1/41701] INFO  http.HttpServer2 (HttpServer2.java:addFilter(1007)) - Added filter static_user_filter (class=org.apache.hadoop.http.lib.StaticUserWebFilter$StaticUserFilter) to context hddsDatanode
2022-10-10 08:40:03,085 [Listener at 127.0.0.1/41701] INFO  http.HttpServer2 (HttpServer2.java:addFilter(1015)) - Added filter static_user_filter (class=org.apache.hadoop.http.lib.StaticUserWebFilter$StaticUserFilter) to context static
2022-10-10 08:40:03,085 [Listener at 127.0.0.1/41701] INFO  http.HttpServer2 (HttpServer2.java:addFilter(1015)) - Added filter static_user_filter (class=org.apache.hadoop.http.lib.StaticUserWebFilter$StaticUserFilter) to context logs
2022-10-10 08:40:03,085 [Listener at 127.0.0.1/41701] INFO  http.HttpServer2 (HttpServer2.java:bindListener(1250)) - Jetty bound to port 39389
2022-10-10 08:40:03,086 [Listener at 127.0.0.1/41701] INFO  server.Server (Server.java:doStart(375)) - jetty-9.4.43.v20210629; built: 2021-06-30T11:07:22.254Z; git: 526006ecfa3af7f1a27ef3a288e2bef7ea9dd7e8; jvm 1.8.0_345-b01
2022-10-10 08:40:03,096 [Listener at 127.0.0.1/41701] INFO  server.session (DefaultSessionIdManager.java:doStart(334)) - DefaultSessionIdManager workerName=node0
2022-10-10 08:40:03,096 [Listener at 127.0.0.1/41701] INFO  server.session (DefaultSessionIdManager.java:doStart(339)) - No SessionScavenger set, using defaults
2022-10-10 08:40:03,096 [Listener at 127.0.0.1/41701] INFO  server.session (HouseKeeper.java:startScavenging(132)) - node0 Scavenging every 660000ms
2022-10-10 08:40:03,138 [Listener at 127.0.0.1/41701] INFO  handler.ContextHandler (ContextHandler.java:doStart(915)) - Started o.e.j.s.ServletContextHandler@5860fa7e{logs,/logs,file:///home/runner/work/ozone/ozone/hadoop-ozone/integration-test/target/log,AVAILABLE}
2022-10-10 08:40:03,138 [Listener at 127.0.0.1/41701] INFO  handler.ContextHandler (ContextHandler.java:doStart(915)) - Started o.e.j.s.ServletContextHandler@2a43fb15{static,/static,jar:file:/home/runner/.m2/repository/org/apache/ozone/hdds-container-service/1.3.0-SNAPSHOT/hdds-container-service-1.3.0-SNAPSHOT.jar!/webapps/static,AVAILABLE}
2022-10-10 08:40:03,439 [Listener at 127.0.0.1/41701] INFO  handler.ContextHandler (ContextHandler.java:doStart(915)) - Started o.e.j.w.WebAppContext@7c6ff21b{hddsDatanode,/,file:///tmp/jetty-0_0_0_0-39389-hdds-container-service-1_3_0-SNAPSHOT_jar-_-any-2957554220312013887/webapp/,AVAILABLE}{jar:file:/home/runner/.m2/repository/org/apache/ozone/hdds-container-service/1.3.0-SNAPSHOT/hdds-container-service-1.3.0-SNAPSHOT.jar!/webapps/hddsDatanode}
2022-10-10 08:40:03,442 [Listener at 127.0.0.1/41701] INFO  server.AbstractConnector (AbstractConnector.java:doStart(331)) - Started ServerConnector@3974234e{HTTP/1.1, (http/1.1)}{0.0.0.0:39389}
2022-10-10 08:40:03,442 [Listener at 127.0.0.1/41701] INFO  server.Server (Server.java:doStart(415)) - Started @334999ms
2022-10-10 08:40:03,442 [Listener at 127.0.0.1/41701] WARN  impl.MetricsSystemImpl (MetricsSystemImpl.java:register(279)) - Sink prometheus already exists!
2022-10-10 08:40:03,445 [Listener at 127.0.0.1/41701] INFO  http.BaseHttpServer (BaseHttpServer.java:updateConnectorAddress(333)) - HTTP server of hddsDatanode listening at http://0.0.0.0:39389
2022-10-10 08:40:03,446 [Listener at 127.0.0.1/41701] WARN  impl.MetricRegistriesImpl (MetricRegistriesImpl.java:addReporterRegistration(111)) - New reporters are added after registries were created. Some metrics will be missing from the reporter. Please add reporter before adding any new registry.
2022-10-10 08:40:03,446 [Listener at 127.0.0.1/41701] WARN  impl.MetricRegistriesImpl (MetricRegistriesImpl.java:addReporterRegistration(111)) - New reporters are added after registries were created. Some metrics will be missing from the reporter. Please add reporter before adding any new registry.
2022-10-10 08:40:03,446 [Listener at 127.0.0.1/41701] INFO  impl.MetricsSystemImpl (MetricsSystemImpl.java:init(158)) - HddsDatanode metrics system started (again)
2022-10-10 08:40:03,464 [Datanode State Machine Daemon Thread] INFO  statemachine.DatanodeStateMachine (DatanodeStateMachine.java:lambda$startDaemon$0(492)) - Ozone container server started.
2022-10-10 08:40:03,495 [org.apache.hadoop.util.JvmPauseMonitor$Monitor@34c74b64] INFO  util.JvmPauseMonitor (JvmPauseMonitor.java:run(188)) - Starting JVM pause monitor
2022-10-10 08:40:03,511 [Listener at 127.0.0.1/41701] INFO  ozone.HddsDatanodeService (HddsDatanodeService.java:start(236)) - HddsDatanodeService host:fv-az292-843.tqgtyn10aqxuxoi0mkfbldi5vh.jx.internal.cloudapp.net ip:10.1.0.114
2022-10-10 08:40:03,512 [Datanode State Machine Task Thread - 0] INFO  datanode.InitDatanodeState (InitDatanodeState.java:persistContainerDatanodeDetails(138)) - DatanodeDetails is persisted to /home/runner/work/ozone/ozone/hadoop-ozone/integration-test/target/test-dir/MiniOzoneClusterImpl-ad2c0857-510d-4cdb-92e5-38dbe430bd54/datanode-1/meta/datanode.id
2022-10-10 08:40:03,553 [Listener at 127.0.0.1/41701] INFO  upgrade.AbstractLayoutVersionManager (AbstractLayoutVersionManager.java:init(83)) - Initializing Layout version manager with metadata layout = DATANODE_SCHEMA_V3 (version = 4), software layout = DATANODE_SCHEMA_V3 (version = 4)
2022-10-10 08:40:03,626 [Listener at 127.0.0.1/41701] INFO  reflections.Reflections (Reflections.java:scan(232)) - Reflections took 71 ms to scan 7 urls, producing 135 keys and 327 values 
2022-10-10 08:40:03,634 [Listener at 127.0.0.1/41701] INFO  statemachine.DatanodeStateMachine (DatanodeStateMachine.java:getEndPointTaskThreadPoolSize(237)) - Datanode State Machine Task Thread Pool size 2
2022-10-10 08:40:03,635 [Listener at 127.0.0.1/41701] INFO  volume.HddsVolume (HddsVolume.java:<init>(117)) - Creating HddsVolume: /home/runner/work/ozone/ozone/hadoop-ozone/integration-test/target/test-dir/MiniOzoneClusterImpl-ad2c0857-510d-4cdb-92e5-38dbe430bd54/datanode-2/data-0/containers/hdds of storage type : DISK capacity : 9223372036854775807
2022-10-10 08:40:03,636 [Listener at 127.0.0.1/41701] INFO  volume.MutableVolumeSet (MutableVolumeSet.java:initializeVolumeSet(174)) - Added Volume : /home/runner/work/ozone/ozone/hadoop-ozone/integration-test/target/test-dir/MiniOzoneClusterImpl-ad2c0857-510d-4cdb-92e5-38dbe430bd54/datanode-2/data-0/containers/hdds to VolumeSet
2022-10-10 08:40:03,636 [Listener at 127.0.0.1/41701] INFO  volume.ThrottledAsyncChecker (ThrottledAsyncChecker.java:schedule(141)) - Scheduling a check for /home/runner/work/ozone/ozone/hadoop-ozone/integration-test/target/test-dir/MiniOzoneClusterImpl-ad2c0857-510d-4cdb-92e5-38dbe430bd54/datanode-2/data-0/containers/hdds
2022-10-10 08:40:03,644 [Listener at 127.0.0.1/41701] INFO  volume.StorageVolumeChecker (StorageVolumeChecker.java:checkAllVolumes(202)) - Scheduled health check for volume /home/runner/work/ozone/ozone/hadoop-ozone/integration-test/target/test-dir/MiniOzoneClusterImpl-ad2c0857-510d-4cdb-92e5-38dbe430bd54/datanode-2/data-0/containers/hdds
2022-10-10 08:40:03,660 [Listener at 127.0.0.1/41701] INFO  volume.MutableVolumeSet (MutableVolumeSet.java:initializeVolumeSet(174)) - Added Volume : /home/runner/work/ozone/ozone/hadoop-ozone/integration-test/target/test-dir/MiniOzoneClusterImpl-ad2c0857-510d-4cdb-92e5-38dbe430bd54/datanode-2/data/ratis to VolumeSet
2022-10-10 08:40:03,660 [Listener at 127.0.0.1/41701] INFO  volume.ThrottledAsyncChecker (ThrottledAsyncChecker.java:schedule(141)) - Scheduling a check for /home/runner/work/ozone/ozone/hadoop-ozone/integration-test/target/test-dir/MiniOzoneClusterImpl-ad2c0857-510d-4cdb-92e5-38dbe430bd54/datanode-2/data/ratis
2022-10-10 08:40:03,660 [Listener at 127.0.0.1/41701] INFO  volume.StorageVolumeChecker (StorageVolumeChecker.java:checkAllVolumes(202)) - Scheduled health check for volume /home/runner/work/ozone/ozone/hadoop-ozone/integration-test/target/test-dir/MiniOzoneClusterImpl-ad2c0857-510d-4cdb-92e5-38dbe430bd54/datanode-2/data/ratis
2022-10-10 08:40:03,730 [Thread-1378] INFO  ozoneimpl.ContainerReader (ContainerReader.java:readVolume(175)) - Finish verifying containers on volume /home/runner/work/ozone/ozone/hadoop-ozone/integration-test/target/test-dir/MiniOzoneClusterImpl-ad2c0857-510d-4cdb-92e5-38dbe430bd54/datanode-2/data-0/containers/hdds
2022-10-10 08:40:03,730 [Listener at 127.0.0.1/41701] INFO  ozoneimpl.OzoneContainer (OzoneContainer.java:buildContainerSet(300)) - Build ContainerSet costs 0s
2022-10-10 08:40:03,735 [Listener at 127.0.0.1/41701] INFO  server.RaftServer (ConfUtils.java:logGet(46)) - raft.rpc.type = GRPC (default)
2022-10-10 08:40:03,735 [Listener at 127.0.0.1/41701] INFO  grpc.GrpcFactory (GrpcFactory.java:checkPooledByteBufAllocatorUseCacheForAllThreads(48)) - PERFORMANCE WARNING: useCacheForAllThreads is true that may cause Netty to create a lot garbage objects and, as a result, trigger GC.
	It is recommended to disable useCacheForAllThreads by setting -Dorg.apache.ratis.thirdparty.io.netty.allocator.useCacheForAllThreads=false in command line.
2022-10-10 08:40:03,738 [Listener at 127.0.0.1/41701] INFO  grpc.GrpcConfigKeys (ConfUtils.java:logGet(46)) - raft.grpc.admin.port = 0 (custom)
2022-10-10 08:40:03,738 [Listener at 127.0.0.1/41701] INFO  grpc.GrpcConfigKeys (ConfUtils.java:logGet(46)) - raft.grpc.client.port = 0 (custom)
2022-10-10 08:40:03,738 [Listener at 127.0.0.1/41701] INFO  grpc.GrpcConfigKeys (ConfUtils.java:logGet(46)) - raft.grpc.server.port = 0 (default)
2022-10-10 08:40:03,738 [Listener at 127.0.0.1/41701] INFO  server.GrpcService (ConfUtils.java:logGet(46)) - raft.grpc.message.size.max = 32MB (=33554432) (custom)
2022-10-10 08:40:03,738 [Listener at 127.0.0.1/41701] INFO  server.RaftServerConfigKeys (ConfUtils.java:logGet(46)) - raft.server.log.appender.buffer.byte-limit = 33554432 (custom)
2022-10-10 08:40:03,738 [Listener at 127.0.0.1/41701] INFO  server.GrpcService (ConfUtils.java:logGet(46)) - raft.grpc.flow.control.window = 5MB (=5242880) (custom)
2022-10-10 08:40:03,738 [Listener at 127.0.0.1/41701] INFO  server.RaftServerConfigKeys (ConfUtils.java:logGet(46)) - raft.server.rpc.request.timeout = 60s (custom)
2022-10-10 08:40:03,739 [Listener at 127.0.0.1/41701] INFO  grpc.GrpcConfigKeys (ConfUtils.java:logGet(46)) - raft.grpc.server.async.request.thread.pool.cached = true (default)
2022-10-10 08:40:03,739 [Listener at 127.0.0.1/41701] INFO  grpc.GrpcConfigKeys (ConfUtils.java:logGet(46)) - raft.grpc.server.async.request.thread.pool.size = 32 (default)
2022-10-10 08:40:03,740 [Listener at 127.0.0.1/41701] INFO  impl.DataStreamServerImpl (ConfUtils.java:logGet(46)) - raft.datastream.type = DISABLED (default)
2022-10-10 08:40:03,740 [Listener at 127.0.0.1/41701] INFO  server.RaftServerConfigKeys (ConfUtils.java:logGet(46)) - raft.server.threadpool.proxy.cached = true (default)
2022-10-10 08:40:03,740 [Listener at 127.0.0.1/41701] INFO  server.RaftServerConfigKeys (ConfUtils.java:logGet(46)) - raft.server.threadpool.proxy.size = 0 (default)
2022-10-10 08:40:03,740 [Listener at 127.0.0.1/41701] INFO  server.RaftServerConfigKeys (ConfUtils.java:logGet(46)) - raft.server.rpc.slowness.timeout = 300s (custom)
2022-10-10 08:40:03,741 [Listener at 127.0.0.1/41701] INFO  server.RaftServerConfigKeys (ConfUtils.java:logGet(46)) - raft.server.leaderelection.leader.step-down.wait-time = 10s (default)
2022-10-10 08:40:03,741 [Listener at 127.0.0.1/41701] INFO  server.RaftServerConfigKeys (ConfUtils.java:logGet(46)) - raft.server.storage.dir = [/home/runner/work/ozone/ozone/hadoop-ozone/integration-test/target/test-dir/MiniOzoneClusterImpl-ad2c0857-510d-4cdb-92e5-38dbe430bd54/datanode-2/data/ratis] (custom)
2022-10-10 08:40:03,742 [Listener at 127.0.0.1/41701] INFO  server.XceiverServerGrpc (XceiverServerGrpc.java:<init>(132)) - GrpcServer channel type EpollServerSocketChannel
2022-10-10 08:40:03,758 [Listener at 127.0.0.1/41701] INFO  http.BaseHttpServer (BaseHttpServer.java:newHttpServer2BuilderForOzone(213)) - Starting Web-server for hddsDatanode at: http://0.0.0.0:0
2022-10-10 08:40:03,758 [Listener at 127.0.0.1/41701] INFO  http.BaseHttpServer (BaseHttpServer.java:<init>(108)) - Hadoop Security Enabled: false Ozone Security Enabled: false Ozone HTTP Security Enabled: false 
2022-10-10 08:40:03,759 [Listener at 127.0.0.1/41701] INFO  server.AuthenticationFilter (AuthenticationFilter.java:constructSecretProvider(240)) - Unable to initialize FileSignerSecretProvider, falling back to use random secrets.
2022-10-10 08:40:03,778 [Listener at 127.0.0.1/41701] WARN  http.HttpRequestLog (HttpRequestLog.java:getRequestLog(103)) - Jetty request log can only be enabled using Log4j
2022-10-10 08:40:03,780 [Listener at 127.0.0.1/41701] INFO  http.HttpServer2 (HttpServer2.java:addGlobalFilter(1031)) - Added global filter 'safety' (class=org.apache.hadoop.hdds.server.http.HttpServer2$QuotingInputFilter)
2022-10-10 08:40:03,813 [Listener at 127.0.0.1/41701] INFO  http.HttpServer2 (HttpServer2.java:addFilter(1007)) - Added filter static_user_filter (class=org.apache.hadoop.http.lib.StaticUserWebFilter$StaticUserFilter) to context hddsDatanode
2022-10-10 08:40:03,813 [Listener at 127.0.0.1/41701] INFO  http.HttpServer2 (HttpServer2.java:addFilter(1015)) - Added filter static_user_filter (class=org.apache.hadoop.http.lib.StaticUserWebFilter$StaticUserFilter) to context logs
2022-10-10 08:40:03,813 [Listener at 127.0.0.1/41701] INFO  http.HttpServer2 (HttpServer2.java:addFilter(1015)) - Added filter static_user_filter (class=org.apache.hadoop.http.lib.StaticUserWebFilter$StaticUserFilter) to context static
2022-10-10 08:40:03,814 [Listener at 127.0.0.1/41701] INFO  http.HttpServer2 (HttpServer2.java:bindListener(1250)) - Jetty bound to port 33605
2022-10-10 08:40:03,814 [Listener at 127.0.0.1/41701] INFO  server.Server (Server.java:doStart(375)) - jetty-9.4.43.v20210629; built: 2021-06-30T11:07:22.254Z; git: 526006ecfa3af7f1a27ef3a288e2bef7ea9dd7e8; jvm 1.8.0_345-b01
2022-10-10 08:40:03,852 [Listener at 127.0.0.1/41701] INFO  server.session (DefaultSessionIdManager.java:doStart(334)) - DefaultSessionIdManager workerName=node0
2022-10-10 08:40:03,853 [Listener at 127.0.0.1/41701] INFO  server.session (DefaultSessionIdManager.java:doStart(339)) - No SessionScavenger set, using defaults
2022-10-10 08:40:03,853 [Listener at 127.0.0.1/41701] INFO  server.session (HouseKeeper.java:startScavenging(132)) - node0 Scavenging every 600000ms
2022-10-10 08:40:03,854 [Listener at 127.0.0.1/41701] INFO  handler.ContextHandler (ContextHandler.java:doStart(915)) - Started o.e.j.s.ServletContextHandler@6b1f930b{logs,/logs,file:///home/runner/work/ozone/ozone/hadoop-ozone/integration-test/target/log,AVAILABLE}
2022-10-10 08:40:03,854 [Listener at 127.0.0.1/41701] INFO  handler.ContextHandler (ContextHandler.java:doStart(915)) - Started o.e.j.s.ServletContextHandler@4f4e6a99{static,/static,jar:file:/home/runner/.m2/repository/org/apache/ozone/hdds-container-service/1.3.0-SNAPSHOT/hdds-container-service-1.3.0-SNAPSHOT.jar!/webapps/static,AVAILABLE}
2022-10-10 08:40:04,181 [Listener at 127.0.0.1/41701] INFO  handler.ContextHandler (ContextHandler.java:doStart(915)) - Started o.e.j.w.WebAppContext@3c3e8191{hddsDatanode,/,file:///tmp/jetty-0_0_0_0-33605-hdds-container-service-1_3_0-SNAPSHOT_jar-_-any-1209671019219972431/webapp/,AVAILABLE}{jar:file:/home/runner/.m2/repository/org/apache/ozone/hdds-container-service/1.3.0-SNAPSHOT/hdds-container-service-1.3.0-SNAPSHOT.jar!/webapps/hddsDatanode}
2022-10-10 08:40:04,185 [Listener at 127.0.0.1/41701] INFO  server.AbstractConnector (AbstractConnector.java:doStart(331)) - Started ServerConnector@6e993864{HTTP/1.1, (http/1.1)}{0.0.0.0:33605}
2022-10-10 08:40:04,185 [Listener at 127.0.0.1/41701] INFO  server.Server (Server.java:doStart(415)) - Started @335742ms
2022-10-10 08:40:04,185 [Listener at 127.0.0.1/41701] WARN  impl.MetricsSystemImpl (MetricsSystemImpl.java:register(279)) - Sink prometheus already exists!
2022-10-10 08:40:04,186 [Listener at 127.0.0.1/41701] INFO  http.BaseHttpServer (BaseHttpServer.java:updateConnectorAddress(333)) - HTTP server of hddsDatanode listening at http://0.0.0.0:33605
2022-10-10 08:40:04,186 [Listener at 127.0.0.1/41701] WARN  impl.MetricRegistriesImpl (MetricRegistriesImpl.java:addReporterRegistration(111)) - New reporters are added after registries were created. Some metrics will be missing from the reporter. Please add reporter before adding any new registry.
2022-10-10 08:40:04,186 [Listener at 127.0.0.1/41701] WARN  impl.MetricRegistriesImpl (MetricRegistriesImpl.java:addReporterRegistration(111)) - New reporters are added after registries were created. Some metrics will be missing from the reporter. Please add reporter before adding any new registry.
2022-10-10 08:40:04,186 [Listener at 127.0.0.1/41701] INFO  impl.MetricsSystemImpl (MetricsSystemImpl.java:init(158)) - HddsDatanode metrics system started (again)
2022-10-10 08:40:04,196 [Datanode State Machine Daemon Thread] INFO  statemachine.DatanodeStateMachine (DatanodeStateMachine.java:lambda$startDaemon$0(492)) - Ozone container server started.
2022-10-10 08:40:04,232 [org.apache.hadoop.util.JvmPauseMonitor$Monitor@6a76a661] INFO  util.JvmPauseMonitor (JvmPauseMonitor.java:run(188)) - Starting JVM pause monitor
2022-10-10 08:40:04,239 [Listener at 127.0.0.1/41701] INFO  ozone.HddsDatanodeService (HddsDatanodeService.java:start(236)) - HddsDatanodeService host:fv-az292-843.tqgtyn10aqxuxoi0mkfbldi5vh.jx.internal.cloudapp.net ip:10.1.0.114
2022-10-10 08:40:04,252 [Datanode State Machine Task Thread - 0] INFO  datanode.InitDatanodeState (InitDatanodeState.java:persistContainerDatanodeDetails(138)) - DatanodeDetails is persisted to /home/runner/work/ozone/ozone/hadoop-ozone/integration-test/target/test-dir/MiniOzoneClusterImpl-ad2c0857-510d-4cdb-92e5-38dbe430bd54/datanode-2/meta/datanode.id
2022-10-10 08:40:04,305 [Listener at 127.0.0.1/41701] INFO  upgrade.AbstractLayoutVersionManager (AbstractLayoutVersionManager.java:init(83)) - Initializing Layout version manager with metadata layout = DATANODE_SCHEMA_V3 (version = 4), software layout = DATANODE_SCHEMA_V3 (version = 4)
2022-10-10 08:40:04,395 [Listener at 127.0.0.1/41701] INFO  reflections.Reflections (Reflections.java:scan(232)) - Reflections took 87 ms to scan 7 urls, producing 135 keys and 327 values 
2022-10-10 08:40:04,405 [Listener at 127.0.0.1/41701] INFO  statemachine.DatanodeStateMachine (DatanodeStateMachine.java:getEndPointTaskThreadPoolSize(237)) - Datanode State Machine Task Thread Pool size 2
2022-10-10 08:40:04,428 [Listener at 127.0.0.1/41701] INFO  volume.HddsVolume (HddsVolume.java:<init>(117)) - Creating HddsVolume: /home/runner/work/ozone/ozone/hadoop-ozone/integration-test/target/test-dir/MiniOzoneClusterImpl-ad2c0857-510d-4cdb-92e5-38dbe430bd54/datanode-3/data-0/containers/hdds of storage type : DISK capacity : 9223372036854775807
2022-10-10 08:40:04,429 [Listener at 127.0.0.1/41701] INFO  volume.MutableVolumeSet (MutableVolumeSet.java:initializeVolumeSet(174)) - Added Volume : /home/runner/work/ozone/ozone/hadoop-ozone/integration-test/target/test-dir/MiniOzoneClusterImpl-ad2c0857-510d-4cdb-92e5-38dbe430bd54/datanode-3/data-0/containers/hdds to VolumeSet
2022-10-10 08:40:04,429 [Listener at 127.0.0.1/41701] INFO  volume.ThrottledAsyncChecker (ThrottledAsyncChecker.java:schedule(141)) - Scheduling a check for /home/runner/work/ozone/ozone/hadoop-ozone/integration-test/target/test-dir/MiniOzoneClusterImpl-ad2c0857-510d-4cdb-92e5-38dbe430bd54/datanode-3/data-0/containers/hdds
2022-10-10 08:40:04,430 [Listener at 127.0.0.1/41701] INFO  volume.StorageVolumeChecker (StorageVolumeChecker.java:checkAllVolumes(202)) - Scheduled health check for volume /home/runner/work/ozone/ozone/hadoop-ozone/integration-test/target/test-dir/MiniOzoneClusterImpl-ad2c0857-510d-4cdb-92e5-38dbe430bd54/datanode-3/data-0/containers/hdds
2022-10-10 08:40:04,468 [Listener at 127.0.0.1/41701] INFO  volume.MutableVolumeSet (MutableVolumeSet.java:initializeVolumeSet(174)) - Added Volume : /home/runner/work/ozone/ozone/hadoop-ozone/integration-test/target/test-dir/MiniOzoneClusterImpl-ad2c0857-510d-4cdb-92e5-38dbe430bd54/datanode-3/data/ratis to VolumeSet
2022-10-10 08:40:04,468 [Listener at 127.0.0.1/41701] INFO  volume.ThrottledAsyncChecker (ThrottledAsyncChecker.java:schedule(141)) - Scheduling a check for /home/runner/work/ozone/ozone/hadoop-ozone/integration-test/target/test-dir/MiniOzoneClusterImpl-ad2c0857-510d-4cdb-92e5-38dbe430bd54/datanode-3/data/ratis
2022-10-10 08:40:04,478 [Listener at 127.0.0.1/41701] INFO  volume.StorageVolumeChecker (StorageVolumeChecker.java:checkAllVolumes(202)) - Scheduled health check for volume /home/runner/work/ozone/ozone/hadoop-ozone/integration-test/target/test-dir/MiniOzoneClusterImpl-ad2c0857-510d-4cdb-92e5-38dbe430bd54/datanode-3/data/ratis
2022-10-10 08:40:04,491 [Thread-1391] INFO  ozoneimpl.ContainerReader (ContainerReader.java:readVolume(175)) - Finish verifying containers on volume /home/runner/work/ozone/ozone/hadoop-ozone/integration-test/target/test-dir/MiniOzoneClusterImpl-ad2c0857-510d-4cdb-92e5-38dbe430bd54/datanode-3/data-0/containers/hdds
2022-10-10 08:40:04,491 [Listener at 127.0.0.1/41701] INFO  ozoneimpl.OzoneContainer (OzoneContainer.java:buildContainerSet(300)) - Build ContainerSet costs 0s
2022-10-10 08:40:04,494 [Listener at 127.0.0.1/41701] INFO  server.RaftServer (ConfUtils.java:logGet(46)) - raft.rpc.type = GRPC (default)
2022-10-10 08:40:04,494 [Listener at 127.0.0.1/41701] INFO  grpc.GrpcFactory (GrpcFactory.java:checkPooledByteBufAllocatorUseCacheForAllThreads(48)) - PERFORMANCE WARNING: useCacheForAllThreads is true that may cause Netty to create a lot garbage objects and, as a result, trigger GC.
	It is recommended to disable useCacheForAllThreads by setting -Dorg.apache.ratis.thirdparty.io.netty.allocator.useCacheForAllThreads=false in command line.
2022-10-10 08:40:04,494 [Listener at 127.0.0.1/41701] INFO  grpc.GrpcConfigKeys (ConfUtils.java:logGet(46)) - raft.grpc.admin.port = 0 (custom)
2022-10-10 08:40:04,494 [Listener at 127.0.0.1/41701] INFO  grpc.GrpcConfigKeys (ConfUtils.java:logGet(46)) - raft.grpc.client.port = 0 (custom)
2022-10-10 08:40:04,494 [Listener at 127.0.0.1/41701] INFO  grpc.GrpcConfigKeys (ConfUtils.java:logGet(46)) - raft.grpc.server.port = 0 (default)
2022-10-10 08:40:04,495 [Listener at 127.0.0.1/41701] INFO  server.GrpcService (ConfUtils.java:logGet(46)) - raft.grpc.message.size.max = 32MB (=33554432) (custom)
2022-10-10 08:40:04,495 [Listener at 127.0.0.1/41701] INFO  server.RaftServerConfigKeys (ConfUtils.java:logGet(46)) - raft.server.log.appender.buffer.byte-limit = 33554432 (custom)
2022-10-10 08:40:04,495 [Listener at 127.0.0.1/41701] INFO  server.GrpcService (ConfUtils.java:logGet(46)) - raft.grpc.flow.control.window = 5MB (=5242880) (custom)
2022-10-10 08:40:04,495 [Listener at 127.0.0.1/41701] INFO  server.RaftServerConfigKeys (ConfUtils.java:logGet(46)) - raft.server.rpc.request.timeout = 60s (custom)
2022-10-10 08:40:04,495 [Listener at 127.0.0.1/41701] INFO  grpc.GrpcConfigKeys (ConfUtils.java:logGet(46)) - raft.grpc.server.async.request.thread.pool.cached = true (default)
2022-10-10 08:40:04,495 [Listener at 127.0.0.1/41701] INFO  grpc.GrpcConfigKeys (ConfUtils.java:logGet(46)) - raft.grpc.server.async.request.thread.pool.size = 32 (default)
2022-10-10 08:40:04,502 [Listener at 127.0.0.1/41701] INFO  impl.DataStreamServerImpl (ConfUtils.java:logGet(46)) - raft.datastream.type = DISABLED (default)
2022-10-10 08:40:04,502 [Listener at 127.0.0.1/41701] INFO  server.RaftServerConfigKeys (ConfUtils.java:logGet(46)) - raft.server.threadpool.proxy.cached = true (default)
2022-10-10 08:40:04,502 [Listener at 127.0.0.1/41701] INFO  server.RaftServerConfigKeys (ConfUtils.java:logGet(46)) - raft.server.threadpool.proxy.size = 0 (default)
2022-10-10 08:40:04,502 [Listener at 127.0.0.1/41701] INFO  server.RaftServerConfigKeys (ConfUtils.java:logGet(46)) - raft.server.rpc.slowness.timeout = 300s (custom)
2022-10-10 08:40:04,503 [Listener at 127.0.0.1/41701] INFO  server.RaftServerConfigKeys (ConfUtils.java:logGet(46)) - raft.server.leaderelection.leader.step-down.wait-time = 10s (default)
2022-10-10 08:40:04,503 [Listener at 127.0.0.1/41701] INFO  server.RaftServerConfigKeys (ConfUtils.java:logGet(46)) - raft.server.storage.dir = [/home/runner/work/ozone/ozone/hadoop-ozone/integration-test/target/test-dir/MiniOzoneClusterImpl-ad2c0857-510d-4cdb-92e5-38dbe430bd54/datanode-3/data/ratis] (custom)
2022-10-10 08:40:04,530 [Listener at 127.0.0.1/41701] INFO  server.XceiverServerGrpc (XceiverServerGrpc.java:<init>(132)) - GrpcServer channel type EpollServerSocketChannel
2022-10-10 08:40:04,534 [Listener at 127.0.0.1/41701] INFO  http.BaseHttpServer (BaseHttpServer.java:newHttpServer2BuilderForOzone(213)) - Starting Web-server for hddsDatanode at: http://0.0.0.0:0
2022-10-10 08:40:04,534 [Listener at 127.0.0.1/41701] INFO  http.BaseHttpServer (BaseHttpServer.java:<init>(108)) - Hadoop Security Enabled: false Ozone Security Enabled: false Ozone HTTP Security Enabled: false 
2022-10-10 08:40:04,539 [Listener at 127.0.0.1/41701] INFO  server.AuthenticationFilter (AuthenticationFilter.java:constructSecretProvider(240)) - Unable to initialize FileSignerSecretProvider, falling back to use random secrets.
2022-10-10 08:40:04,539 [Listener at 127.0.0.1/41701] WARN  http.HttpRequestLog (HttpRequestLog.java:getRequestLog(103)) - Jetty request log can only be enabled using Log4j
2022-10-10 08:40:04,540 [Listener at 127.0.0.1/41701] INFO  http.HttpServer2 (HttpServer2.java:addGlobalFilter(1031)) - Added global filter 'safety' (class=org.apache.hadoop.hdds.server.http.HttpServer2$QuotingInputFilter)
2022-10-10 08:40:04,541 [Listener at 127.0.0.1/41701] INFO  http.HttpServer2 (HttpServer2.java:addFilter(1007)) - Added filter static_user_filter (class=org.apache.hadoop.http.lib.StaticUserWebFilter$StaticUserFilter) to context hddsDatanode
2022-10-10 08:40:04,541 [Listener at 127.0.0.1/41701] INFO  http.HttpServer2 (HttpServer2.java:addFilter(1015)) - Added filter static_user_filter (class=org.apache.hadoop.http.lib.StaticUserWebFilter$StaticUserFilter) to context logs
2022-10-10 08:40:04,541 [Listener at 127.0.0.1/41701] INFO  http.HttpServer2 (HttpServer2.java:addFilter(1015)) - Added filter static_user_filter (class=org.apache.hadoop.http.lib.StaticUserWebFilter$StaticUserFilter) to context static
2022-10-10 08:40:04,541 [Listener at 127.0.0.1/41701] INFO  http.HttpServer2 (HttpServer2.java:bindListener(1250)) - Jetty bound to port 33917
2022-10-10 08:40:04,542 [Listener at 127.0.0.1/41701] INFO  server.Server (Server.java:doStart(375)) - jetty-9.4.43.v20210629; built: 2021-06-30T11:07:22.254Z; git: 526006ecfa3af7f1a27ef3a288e2bef7ea9dd7e8; jvm 1.8.0_345-b01
2022-10-10 08:40:04,545 [Listener at 127.0.0.1/41701] INFO  server.session (DefaultSessionIdManager.java:doStart(334)) - DefaultSessionIdManager workerName=node0
2022-10-10 08:40:04,545 [Listener at 127.0.0.1/41701] INFO  server.session (DefaultSessionIdManager.java:doStart(339)) - No SessionScavenger set, using defaults
2022-10-10 08:40:04,552 [Listener at 127.0.0.1/41701] INFO  server.session (HouseKeeper.java:startScavenging(132)) - node0 Scavenging every 600000ms
2022-10-10 08:40:04,554 [Listener at 127.0.0.1/41701] INFO  handler.ContextHandler (ContextHandler.java:doStart(915)) - Started o.e.j.s.ServletContextHandler@76d54faf{logs,/logs,file:///home/runner/work/ozone/ozone/hadoop-ozone/integration-test/target/log,AVAILABLE}
2022-10-10 08:40:04,554 [Listener at 127.0.0.1/41701] INFO  handler.ContextHandler (ContextHandler.java:doStart(915)) - Started o.e.j.s.ServletContextHandler@368e1bf3{static,/static,jar:file:/home/runner/.m2/repository/org/apache/ozone/hdds-container-service/1.3.0-SNAPSHOT/hdds-container-service-1.3.0-SNAPSHOT.jar!/webapps/static,AVAILABLE}
2022-10-10 08:40:05,073 [EndpointStateMachine task thread for /0.0.0.0:41653 - 0 ] INFO  volume.HddsVolume (HddsVolume.java:createDbStore(307)) - SchemaV3 db is created and loaded at /home/runner/work/ozone/ozone/hadoop-ozone/integration-test/target/test-dir/MiniOzoneClusterImpl-ad2c0857-510d-4cdb-92e5-38dbe430bd54/datanode-0/data-0/containers/hdds/ad2c0857-510d-4cdb-92e5-38dbe430bd54/DS-29f43217-bf16-4ebc-870a-a2f38c31ade8/container.db for volume DS-29f43217-bf16-4ebc-870a-a2f38c31ade8
2022-10-10 08:40:05,076 [EndpointStateMachine task thread for /0.0.0.0:41653 - 0 ] INFO  volume.HddsVolume (HddsVolume.java:closeDbStore(338)) - SchemaV3 db is stopped at /home/runner/work/ozone/ozone/hadoop-ozone/integration-test/target/test-dir/MiniOzoneClusterImpl-ad2c0857-510d-4cdb-92e5-38dbe430bd54/datanode-0/data-0/containers/hdds/ad2c0857-510d-4cdb-92e5-38dbe430bd54/DS-29f43217-bf16-4ebc-870a-a2f38c31ade8/container.db for volume DS-29f43217-bf16-4ebc-870a-a2f38c31ade8
2022-10-10 08:40:05,076 [EndpointStateMachine task thread for /0.0.0.0:41653 - 0 ] INFO  ozoneimpl.OzoneContainer (OzoneContainer.java:start(378)) - Attempting to start container services.
2022-10-10 08:40:05,076 [EndpointStateMachine task thread for /0.0.0.0:41653 - 0 ] INFO  ozoneimpl.OzoneContainer (OzoneContainer.java:startContainerScrub(313)) - Background container scanner has been disabled.
2022-10-10 08:40:05,106 [EndpointStateMachine task thread for /0.0.0.0:41653 - 0 ] INFO  replication.ReplicationServer (ReplicationServer.java:start(111)) - ReplicationServer is started using port 44845
2022-10-10 08:40:05,109 [EndpointStateMachine task thread for /0.0.0.0:41653 - 0 ] INFO  ratis.XceiverServerRatis (XceiverServerRatis.java:start(481)) - Starting XceiverServerRatis 1a566261-beec-4fd1-be7c-d2e6de257968
2022-10-10 08:40:05,116 [EndpointStateMachine task thread for /0.0.0.0:41653 - 0 ] INFO  server.RaftServer (RaftServerProxy.java:lambda$start$6(382)) - 1a566261-beec-4fd1-be7c-d2e6de257968: start RPC server
2022-10-10 08:40:05,122 [Listener at 127.0.0.1/41701] INFO  handler.ContextHandler (ContextHandler.java:doStart(915)) - Started o.e.j.w.WebAppContext@17c68e8e{hddsDatanode,/,file:///tmp/jetty-0_0_0_0-33917-hdds-container-service-1_3_0-SNAPSHOT_jar-_-any-6670994157447205551/webapp/,AVAILABLE}{jar:file:/home/runner/.m2/repository/org/apache/ozone/hdds-container-service/1.3.0-SNAPSHOT/hdds-container-service-1.3.0-SNAPSHOT.jar!/webapps/hddsDatanode}
2022-10-10 08:40:05,135 [EndpointStateMachine task thread for /0.0.0.0:41653 - 0 ] INFO  server.GrpcService (GrpcService.java:startImpl(260)) - 1a566261-beec-4fd1-be7c-d2e6de257968: GrpcService started, listening on 43815
2022-10-10 08:40:05,140 [EndpointStateMachine task thread for /0.0.0.0:41653 - 0 ] INFO  ratis.XceiverServerRatis (XceiverServerRatis.java:getRealPort(502)) - XceiverServerRatis 1a566261-beec-4fd1-be7c-d2e6de257968 is started using port 43815 for RATIS
2022-10-10 08:40:05,140 [EndpointStateMachine task thread for /0.0.0.0:41653 - 0 ] INFO  ratis.XceiverServerRatis (XceiverServerRatis.java:getRealPort(502)) - XceiverServerRatis 1a566261-beec-4fd1-be7c-d2e6de257968 is started using port 43815 for RATIS_ADMIN
2022-10-10 08:40:05,140 [EndpointStateMachine task thread for /0.0.0.0:41653 - 0 ] INFO  ratis.XceiverServerRatis (XceiverServerRatis.java:getRealPort(502)) - XceiverServerRatis 1a566261-beec-4fd1-be7c-d2e6de257968 is started using port 43815 for RATIS_SERVER
2022-10-10 08:40:05,140 [org.apache.ratis.util.JvmPauseMonitor$$Lambda$636/263158265@31880b36] INFO  util.JvmPauseMonitor (JvmPauseMonitor.java:run(103)) - JvmPauseMonitor-1a566261-beec-4fd1-be7c-d2e6de257968: Started
2022-10-10 08:40:05,172 [Listener at 127.0.0.1/41701] INFO  server.AbstractConnector (AbstractConnector.java:doStart(331)) - Started ServerConnector@4fc20ae9{HTTP/1.1, (http/1.1)}{0.0.0.0:33917}
2022-10-10 08:40:05,172 [Listener at 127.0.0.1/41701] INFO  server.Server (Server.java:doStart(415)) - Started @336729ms
2022-10-10 08:40:05,172 [Listener at 127.0.0.1/41701] WARN  impl.MetricsSystemImpl (MetricsSystemImpl.java:register(279)) - Sink prometheus already exists!
2022-10-10 08:40:05,174 [Listener at 127.0.0.1/41701] INFO  http.BaseHttpServer (BaseHttpServer.java:updateConnectorAddress(333)) - HTTP server of hddsDatanode listening at http://0.0.0.0:33917
2022-10-10 08:40:05,175 [Listener at 127.0.0.1/41701] WARN  impl.MetricRegistriesImpl (MetricRegistriesImpl.java:addReporterRegistration(111)) - New reporters are added after registries were created. Some metrics will be missing from the reporter. Please add reporter before adding any new registry.
2022-10-10 08:40:05,175 [Listener at 127.0.0.1/41701] WARN  impl.MetricRegistriesImpl (MetricRegistriesImpl.java:addReporterRegistration(111)) - New reporters are added after registries were created. Some metrics will be missing from the reporter. Please add reporter before adding any new registry.
2022-10-10 08:40:05,175 [Listener at 127.0.0.1/41701] INFO  impl.MetricsSystemImpl (MetricsSystemImpl.java:init(158)) - HddsDatanode metrics system started (again)
2022-10-10 08:40:05,180 [EndpointStateMachine task thread for /0.0.0.0:41653 - 0 ] INFO  server.XceiverServerGrpc (XceiverServerGrpc.java:start(180)) - XceiverServerGrpc 1a566261-beec-4fd1-be7c-d2e6de257968 is started using port 40743
2022-10-10 08:40:05,197 [Datanode State Machine Daemon Thread] INFO  statemachine.DatanodeStateMachine (DatanodeStateMachine.java:lambda$startDaemon$0(492)) - Ozone container server started.
2022-10-10 08:40:05,208 [org.apache.hadoop.util.JvmPauseMonitor$Monitor@72a37b47] INFO  util.JvmPauseMonitor (JvmPauseMonitor.java:run(188)) - Starting JVM pause monitor
2022-10-10 08:40:05,210 [Listener at 127.0.0.1/41701] INFO  ozone.HddsDatanodeService (HddsDatanodeService.java:start(236)) - HddsDatanodeService host:fv-az292-843.tqgtyn10aqxuxoi0mkfbldi5vh.jx.internal.cloudapp.net ip:10.1.0.114
2022-10-10 08:40:05,214 [Datanode State Machine Task Thread - 0] INFO  datanode.InitDatanodeState (InitDatanodeState.java:persistContainerDatanodeDetails(138)) - DatanodeDetails is persisted to /home/runner/work/ozone/ozone/hadoop-ozone/integration-test/target/test-dir/MiniOzoneClusterImpl-ad2c0857-510d-4cdb-92e5-38dbe430bd54/datanode-3/meta/datanode.id
2022-10-10 08:40:05,265 [Listener at 127.0.0.1/41701] INFO  upgrade.AbstractLayoutVersionManager (AbstractLayoutVersionManager.java:init(83)) - Initializing Layout version manager with metadata layout = DATANODE_SCHEMA_V3 (version = 4), software layout = DATANODE_SCHEMA_V3 (version = 4)
2022-10-10 08:40:05,321 [Listener at 127.0.0.1/41701] INFO  reflections.Reflections (Reflections.java:scan(232)) - Reflections took 55 ms to scan 7 urls, producing 135 keys and 327 values 
2022-10-10 08:40:05,323 [Listener at 127.0.0.1/41701] INFO  statemachine.DatanodeStateMachine (DatanodeStateMachine.java:getEndPointTaskThreadPoolSize(237)) - Datanode State Machine Task Thread Pool size 2
2022-10-10 08:40:05,325 [Listener at 127.0.0.1/41701] INFO  volume.HddsVolume (HddsVolume.java:<init>(117)) - Creating HddsVolume: /home/runner/work/ozone/ozone/hadoop-ozone/integration-test/target/test-dir/MiniOzoneClusterImpl-ad2c0857-510d-4cdb-92e5-38dbe430bd54/datanode-4/data-0/containers/hdds of storage type : DISK capacity : 9223372036854775807
2022-10-10 08:40:05,325 [Listener at 127.0.0.1/41701] INFO  volume.MutableVolumeSet (MutableVolumeSet.java:initializeVolumeSet(174)) - Added Volume : /home/runner/work/ozone/ozone/hadoop-ozone/integration-test/target/test-dir/MiniOzoneClusterImpl-ad2c0857-510d-4cdb-92e5-38dbe430bd54/datanode-4/data-0/containers/hdds to VolumeSet
2022-10-10 08:40:05,325 [Listener at 127.0.0.1/41701] INFO  volume.ThrottledAsyncChecker (ThrottledAsyncChecker.java:schedule(141)) - Scheduling a check for /home/runner/work/ozone/ozone/hadoop-ozone/integration-test/target/test-dir/MiniOzoneClusterImpl-ad2c0857-510d-4cdb-92e5-38dbe430bd54/datanode-4/data-0/containers/hdds
2022-10-10 08:40:05,326 [Listener at 127.0.0.1/41701] INFO  volume.StorageVolumeChecker (StorageVolumeChecker.java:checkAllVolumes(202)) - Scheduled health check for volume /home/runner/work/ozone/ozone/hadoop-ozone/integration-test/target/test-dir/MiniOzoneClusterImpl-ad2c0857-510d-4cdb-92e5-38dbe430bd54/datanode-4/data-0/containers/hdds
2022-10-10 08:40:05,341 [Listener at 127.0.0.1/41701] INFO  volume.MutableVolumeSet (MutableVolumeSet.java:initializeVolumeSet(174)) - Added Volume : /home/runner/work/ozone/ozone/hadoop-ozone/integration-test/target/test-dir/MiniOzoneClusterImpl-ad2c0857-510d-4cdb-92e5-38dbe430bd54/datanode-4/data/ratis to VolumeSet
2022-10-10 08:40:05,341 [Listener at 127.0.0.1/41701] INFO  volume.ThrottledAsyncChecker (ThrottledAsyncChecker.java:schedule(141)) - Scheduling a check for /home/runner/work/ozone/ozone/hadoop-ozone/integration-test/target/test-dir/MiniOzoneClusterImpl-ad2c0857-510d-4cdb-92e5-38dbe430bd54/datanode-4/data/ratis
2022-10-10 08:40:05,341 [Listener at 127.0.0.1/41701] INFO  volume.StorageVolumeChecker (StorageVolumeChecker.java:checkAllVolumes(202)) - Scheduled health check for volume /home/runner/work/ozone/ozone/hadoop-ozone/integration-test/target/test-dir/MiniOzoneClusterImpl-ad2c0857-510d-4cdb-92e5-38dbe430bd54/datanode-4/data/ratis
2022-10-10 08:40:05,352 [Thread-1410] INFO  ozoneimpl.ContainerReader (ContainerReader.java:readVolume(175)) - Finish verifying containers on volume /home/runner/work/ozone/ozone/hadoop-ozone/integration-test/target/test-dir/MiniOzoneClusterImpl-ad2c0857-510d-4cdb-92e5-38dbe430bd54/datanode-4/data-0/containers/hdds
2022-10-10 08:40:05,353 [Listener at 127.0.0.1/41701] INFO  ozoneimpl.OzoneContainer (OzoneContainer.java:buildContainerSet(300)) - Build ContainerSet costs 0s
2022-10-10 08:40:05,354 [Listener at 127.0.0.1/41701] INFO  server.RaftServer (ConfUtils.java:logGet(46)) - raft.rpc.type = GRPC (default)
2022-10-10 08:40:05,354 [Listener at 127.0.0.1/41701] INFO  grpc.GrpcFactory (GrpcFactory.java:checkPooledByteBufAllocatorUseCacheForAllThreads(48)) - PERFORMANCE WARNING: useCacheForAllThreads is true that may cause Netty to create a lot garbage objects and, as a result, trigger GC.
	It is recommended to disable useCacheForAllThreads by setting -Dorg.apache.ratis.thirdparty.io.netty.allocator.useCacheForAllThreads=false in command line.
2022-10-10 08:40:05,355 [Listener at 127.0.0.1/41701] INFO  grpc.GrpcConfigKeys (ConfUtils.java:logGet(46)) - raft.grpc.admin.port = 0 (custom)
2022-10-10 08:40:05,355 [Listener at 127.0.0.1/41701] INFO  grpc.GrpcConfigKeys (ConfUtils.java:logGet(46)) - raft.grpc.client.port = 0 (custom)
2022-10-10 08:40:05,355 [Listener at 127.0.0.1/41701] INFO  grpc.GrpcConfigKeys (ConfUtils.java:logGet(46)) - raft.grpc.server.port = 0 (default)
2022-10-10 08:40:05,355 [Listener at 127.0.0.1/41701] INFO  server.GrpcService (ConfUtils.java:logGet(46)) - raft.grpc.message.size.max = 32MB (=33554432) (custom)
2022-10-10 08:40:05,355 [Listener at 127.0.0.1/41701] INFO  server.RaftServerConfigKeys (ConfUtils.java:logGet(46)) - raft.server.log.appender.buffer.byte-limit = 33554432 (custom)
2022-10-10 08:40:05,355 [Listener at 127.0.0.1/41701] INFO  server.GrpcService (ConfUtils.java:logGet(46)) - raft.grpc.flow.control.window = 5MB (=5242880) (custom)
2022-10-10 08:40:05,355 [Listener at 127.0.0.1/41701] INFO  server.RaftServerConfigKeys (ConfUtils.java:logGet(46)) - raft.server.rpc.request.timeout = 60s (custom)
2022-10-10 08:40:05,356 [Listener at 127.0.0.1/41701] INFO  grpc.GrpcConfigKeys (ConfUtils.java:logGet(46)) - raft.grpc.server.async.request.thread.pool.cached = true (default)
2022-10-10 08:40:05,356 [Listener at 127.0.0.1/41701] INFO  grpc.GrpcConfigKeys (ConfUtils.java:logGet(46)) - raft.grpc.server.async.request.thread.pool.size = 32 (default)
2022-10-10 08:40:05,357 [Listener at 127.0.0.1/41701] INFO  impl.DataStreamServerImpl (ConfUtils.java:logGet(46)) - raft.datastream.type = DISABLED (default)
2022-10-10 08:40:05,357 [Listener at 127.0.0.1/41701] INFO  server.RaftServerConfigKeys (ConfUtils.java:logGet(46)) - raft.server.threadpool.proxy.cached = true (default)
2022-10-10 08:40:05,357 [Listener at 127.0.0.1/41701] INFO  server.RaftServerConfigKeys (ConfUtils.java:logGet(46)) - raft.server.threadpool.proxy.size = 0 (default)
2022-10-10 08:40:05,357 [Listener at 127.0.0.1/41701] INFO  server.RaftServerConfigKeys (ConfUtils.java:logGet(46)) - raft.server.rpc.slowness.timeout = 300s (custom)
2022-10-10 08:40:05,357 [Listener at 127.0.0.1/41701] INFO  server.RaftServerConfigKeys (ConfUtils.java:logGet(46)) - raft.server.leaderelection.leader.step-down.wait-time = 10s (default)
2022-10-10 08:40:05,358 [Listener at 127.0.0.1/41701] INFO  server.RaftServerConfigKeys (ConfUtils.java:logGet(46)) - raft.server.storage.dir = [/home/runner/work/ozone/ozone/hadoop-ozone/integration-test/target/test-dir/MiniOzoneClusterImpl-ad2c0857-510d-4cdb-92e5-38dbe430bd54/datanode-4/data/ratis] (custom)
2022-10-10 08:40:05,362 [Listener at 127.0.0.1/41701] INFO  server.XceiverServerGrpc (XceiverServerGrpc.java:<init>(132)) - GrpcServer channel type EpollServerSocketChannel
2022-10-10 08:40:05,394 [Listener at 127.0.0.1/41701] INFO  http.BaseHttpServer (BaseHttpServer.java:newHttpServer2BuilderForOzone(213)) - Starting Web-server for hddsDatanode at: http://0.0.0.0:0
2022-10-10 08:40:05,394 [Listener at 127.0.0.1/41701] INFO  http.BaseHttpServer (BaseHttpServer.java:<init>(108)) - Hadoop Security Enabled: false Ozone Security Enabled: false Ozone HTTP Security Enabled: false 
2022-10-10 08:40:05,395 [Listener at 127.0.0.1/41701] INFO  server.AuthenticationFilter (AuthenticationFilter.java:constructSecretProvider(240)) - Unable to initialize FileSignerSecretProvider, falling back to use random secrets.
2022-10-10 08:40:05,409 [Listener at 127.0.0.1/41701] WARN  http.HttpRequestLog (HttpRequestLog.java:getRequestLog(103)) - Jetty request log can only be enabled using Log4j
2022-10-10 08:40:05,410 [Listener at 127.0.0.1/41701] INFO  http.HttpServer2 (HttpServer2.java:addGlobalFilter(1031)) - Added global filter 'safety' (class=org.apache.hadoop.hdds.server.http.HttpServer2$QuotingInputFilter)
2022-10-10 08:40:05,411 [Listener at 127.0.0.1/41701] INFO  http.HttpServer2 (HttpServer2.java:addFilter(1007)) - Added filter static_user_filter (class=org.apache.hadoop.http.lib.StaticUserWebFilter$StaticUserFilter) to context hddsDatanode
2022-10-10 08:40:05,411 [Listener at 127.0.0.1/41701] INFO  http.HttpServer2 (HttpServer2.java:addFilter(1015)) - Added filter static_user_filter (class=org.apache.hadoop.http.lib.StaticUserWebFilter$StaticUserFilter) to context static
2022-10-10 08:40:05,411 [Listener at 127.0.0.1/41701] INFO  http.HttpServer2 (HttpServer2.java:addFilter(1015)) - Added filter static_user_filter (class=org.apache.hadoop.http.lib.StaticUserWebFilter$StaticUserFilter) to context logs
2022-10-10 08:40:05,412 [Listener at 127.0.0.1/41701] INFO  http.HttpServer2 (HttpServer2.java:bindListener(1250)) - Jetty bound to port 35587
2022-10-10 08:40:05,412 [Listener at 127.0.0.1/41701] INFO  server.Server (Server.java:doStart(375)) - jetty-9.4.43.v20210629; built: 2021-06-30T11:07:22.254Z; git: 526006ecfa3af7f1a27ef3a288e2bef7ea9dd7e8; jvm 1.8.0_345-b01
2022-10-10 08:40:05,430 [Listener at 127.0.0.1/41701] INFO  server.session (DefaultSessionIdManager.java:doStart(334)) - DefaultSessionIdManager workerName=node0
2022-10-10 08:40:05,430 [Listener at 127.0.0.1/41701] INFO  server.session (DefaultSessionIdManager.java:doStart(339)) - No SessionScavenger set, using defaults
2022-10-10 08:40:05,430 [Listener at 127.0.0.1/41701] INFO  server.session (HouseKeeper.java:startScavenging(132)) - node0 Scavenging every 660000ms
2022-10-10 08:40:05,432 [Listener at 127.0.0.1/41701] INFO  handler.ContextHandler (ContextHandler.java:doStart(915)) - Started o.e.j.s.ServletContextHandler@565eae80{logs,/logs,file:///home/runner/work/ozone/ozone/hadoop-ozone/integration-test/target/log,AVAILABLE}
2022-10-10 08:40:05,433 [Listener at 127.0.0.1/41701] INFO  handler.ContextHandler (ContextHandler.java:doStart(915)) - Started o.e.j.s.ServletContextHandler@38c9b920{static,/static,jar:file:/home/runner/.m2/repository/org/apache/ozone/hdds-container-service/1.3.0-SNAPSHOT/hdds-container-service-1.3.0-SNAPSHOT.jar!/webapps/static,AVAILABLE}
2022-10-10 08:40:05,708 [EndpointStateMachine task thread for /0.0.0.0:41653 - 0 ] INFO  volume.HddsVolume (HddsVolume.java:createDbStore(307)) - SchemaV3 db is created and loaded at /home/runner/work/ozone/ozone/hadoop-ozone/integration-test/target/test-dir/MiniOzoneClusterImpl-ad2c0857-510d-4cdb-92e5-38dbe430bd54/datanode-1/data-0/containers/hdds/ad2c0857-510d-4cdb-92e5-38dbe430bd54/DS-bab5cf19-adab-424c-b64c-98fd412a8687/container.db for volume DS-bab5cf19-adab-424c-b64c-98fd412a8687
2022-10-10 08:40:05,722 [EndpointStateMachine task thread for /0.0.0.0:41653 - 0 ] INFO  volume.HddsVolume (HddsVolume.java:closeDbStore(338)) - SchemaV3 db is stopped at /home/runner/work/ozone/ozone/hadoop-ozone/integration-test/target/test-dir/MiniOzoneClusterImpl-ad2c0857-510d-4cdb-92e5-38dbe430bd54/datanode-1/data-0/containers/hdds/ad2c0857-510d-4cdb-92e5-38dbe430bd54/DS-bab5cf19-adab-424c-b64c-98fd412a8687/container.db for volume DS-bab5cf19-adab-424c-b64c-98fd412a8687
2022-10-10 08:40:05,722 [EndpointStateMachine task thread for /0.0.0.0:41653 - 0 ] INFO  ozoneimpl.OzoneContainer (OzoneContainer.java:start(378)) - Attempting to start container services.
2022-10-10 08:40:05,722 [EndpointStateMachine task thread for /0.0.0.0:41653 - 0 ] INFO  ozoneimpl.OzoneContainer (OzoneContainer.java:startContainerScrub(313)) - Background container scanner has been disabled.
2022-10-10 08:40:05,748 [EndpointStateMachine task thread for /0.0.0.0:41653 - 0 ] INFO  replication.ReplicationServer (ReplicationServer.java:start(111)) - ReplicationServer is started using port 37495
2022-10-10 08:40:05,751 [EndpointStateMachine task thread for /0.0.0.0:41653 - 0 ] INFO  ratis.XceiverServerRatis (XceiverServerRatis.java:start(481)) - Starting XceiverServerRatis 2505bfdb-a405-42b6-a08f-f2b9b27cb3cf
2022-10-10 08:40:05,768 [EndpointStateMachine task thread for /0.0.0.0:41653 - 0 ] INFO  server.RaftServer (RaftServerProxy.java:lambda$start$6(382)) - 2505bfdb-a405-42b6-a08f-f2b9b27cb3cf: start RPC server
2022-10-10 08:40:05,776 [EndpointStateMachine task thread for /0.0.0.0:41653 - 0 ] INFO  server.GrpcService (GrpcService.java:startImpl(260)) - 2505bfdb-a405-42b6-a08f-f2b9b27cb3cf: GrpcService started, listening on 44113
2022-10-10 08:40:05,777 [EndpointStateMachine task thread for /0.0.0.0:41653 - 0 ] INFO  ratis.XceiverServerRatis (XceiverServerRatis.java:getRealPort(502)) - XceiverServerRatis 2505bfdb-a405-42b6-a08f-f2b9b27cb3cf is started using port 44113 for RATIS
2022-10-10 08:40:05,777 [EndpointStateMachine task thread for /0.0.0.0:41653 - 0 ] INFO  ratis.XceiverServerRatis (XceiverServerRatis.java:getRealPort(502)) - XceiverServerRatis 2505bfdb-a405-42b6-a08f-f2b9b27cb3cf is started using port 44113 for RATIS_ADMIN
2022-10-10 08:40:05,777 [EndpointStateMachine task thread for /0.0.0.0:41653 - 0 ] INFO  ratis.XceiverServerRatis (XceiverServerRatis.java:getRealPort(502)) - XceiverServerRatis 2505bfdb-a405-42b6-a08f-f2b9b27cb3cf is started using port 44113 for RATIS_SERVER
2022-10-10 08:40:05,777 [org.apache.ratis.util.JvmPauseMonitor$$Lambda$636/263158265@1f2c84d1] INFO  util.JvmPauseMonitor (JvmPauseMonitor.java:run(103)) - JvmPauseMonitor-2505bfdb-a405-42b6-a08f-f2b9b27cb3cf: Started
2022-10-10 08:40:05,780 [Listener at 127.0.0.1/41701] INFO  handler.ContextHandler (ContextHandler.java:doStart(915)) - Started o.e.j.w.WebAppContext@693438d{hddsDatanode,/,file:///tmp/jetty-0_0_0_0-35587-hdds-container-service-1_3_0-SNAPSHOT_jar-_-any-4982044771981016602/webapp/,AVAILABLE}{jar:file:/home/runner/.m2/repository/org/apache/ozone/hdds-container-service/1.3.0-SNAPSHOT/hdds-container-service-1.3.0-SNAPSHOT.jar!/webapps/hddsDatanode}
2022-10-10 08:40:05,792 [Listener at 127.0.0.1/41701] INFO  server.AbstractConnector (AbstractConnector.java:doStart(331)) - Started ServerConnector@5c93b372{HTTP/1.1, (http/1.1)}{0.0.0.0:35587}
2022-10-10 08:40:05,792 [Listener at 127.0.0.1/41701] INFO  server.Server (Server.java:doStart(415)) - Started @337349ms
2022-10-10 08:40:05,792 [Listener at 127.0.0.1/41701] WARN  impl.MetricsSystemImpl (MetricsSystemImpl.java:register(279)) - Sink prometheus already exists!
2022-10-10 08:40:05,794 [Listener at 127.0.0.1/41701] INFO  http.BaseHttpServer (BaseHttpServer.java:updateConnectorAddress(333)) - HTTP server of hddsDatanode listening at http://0.0.0.0:35587
2022-10-10 08:40:05,800 [Listener at 127.0.0.1/41701] INFO  ozone.MiniOzoneClusterImpl (MiniOzoneClusterImpl.java:lambda$waitForClusterToBeReady$0(216)) - Waiting for nodes to be ready. Got 0 of 5 DN Heartbeats.
2022-10-10 08:40:05,800 [Listener at 127.0.0.1/41701] INFO  ozone.MiniOzoneClusterImpl (MiniOzoneClusterImpl.java:lambda$waitForClusterToBeReady$0(219)) - Waiting for cluster to exit safe mode
2022-10-10 08:40:05,800 [Listener at 127.0.0.1/41701] INFO  ozone.MiniOzoneClusterImpl (MiniOzoneClusterImpl.java:lambda$waitForClusterToBeReady$0(221)) - SCM became leader
2022-10-10 08:40:05,808 [Datanode State Machine Daemon Thread] INFO  statemachine.DatanodeStateMachine (DatanodeStateMachine.java:lambda$startDaemon$0(492)) - Ozone container server started.
2022-10-10 08:40:05,880 [EndpointStateMachine task thread for /0.0.0.0:41653 - 0 ] INFO  server.XceiverServerGrpc (XceiverServerGrpc.java:start(180)) - XceiverServerGrpc 2505bfdb-a405-42b6-a08f-f2b9b27cb3cf is started using port 37833
2022-10-10 08:40:05,896 [org.apache.hadoop.util.JvmPauseMonitor$Monitor@487433db] INFO  util.JvmPauseMonitor (JvmPauseMonitor.java:run(188)) - Starting JVM pause monitor
2022-10-10 08:40:05,900 [Datanode State Machine Task Thread - 0] INFO  datanode.InitDatanodeState (InitDatanodeState.java:persistContainerDatanodeDetails(138)) - DatanodeDetails is persisted to /home/runner/work/ozone/ozone/hadoop-ozone/integration-test/target/test-dir/MiniOzoneClusterImpl-ad2c0857-510d-4cdb-92e5-38dbe430bd54/datanode-4/meta/datanode.id
2022-10-10 08:40:06,308 [EndpointStateMachine task thread for /0.0.0.0:41653 - 0 ] INFO  volume.HddsVolume (HddsVolume.java:createDbStore(307)) - SchemaV3 db is created and loaded at /home/runner/work/ozone/ozone/hadoop-ozone/integration-test/target/test-dir/MiniOzoneClusterImpl-ad2c0857-510d-4cdb-92e5-38dbe430bd54/datanode-2/data-0/containers/hdds/ad2c0857-510d-4cdb-92e5-38dbe430bd54/DS-32211e58-ed80-462c-8bf7-6450378ac1ba/container.db for volume DS-32211e58-ed80-462c-8bf7-6450378ac1ba
2022-10-10 08:40:06,309 [EndpointStateMachine task thread for /0.0.0.0:41653 - 0 ] INFO  volume.HddsVolume (HddsVolume.java:closeDbStore(338)) - SchemaV3 db is stopped at /home/runner/work/ozone/ozone/hadoop-ozone/integration-test/target/test-dir/MiniOzoneClusterImpl-ad2c0857-510d-4cdb-92e5-38dbe430bd54/datanode-2/data-0/containers/hdds/ad2c0857-510d-4cdb-92e5-38dbe430bd54/DS-32211e58-ed80-462c-8bf7-6450378ac1ba/container.db for volume DS-32211e58-ed80-462c-8bf7-6450378ac1ba
2022-10-10 08:40:06,309 [EndpointStateMachine task thread for /0.0.0.0:41653 - 0 ] INFO  ozoneimpl.OzoneContainer (OzoneContainer.java:start(378)) - Attempting to start container services.
2022-10-10 08:40:06,309 [EndpointStateMachine task thread for /0.0.0.0:41653 - 0 ] INFO  ozoneimpl.OzoneContainer (OzoneContainer.java:startContainerScrub(313)) - Background container scanner has been disabled.
2022-10-10 08:40:06,342 [EndpointStateMachine task thread for /0.0.0.0:41653 - 0 ] INFO  replication.ReplicationServer (ReplicationServer.java:start(111)) - ReplicationServer is started using port 35793
2022-10-10 08:40:06,352 [EndpointStateMachine task thread for /0.0.0.0:41653 - 0 ] INFO  ratis.XceiverServerRatis (XceiverServerRatis.java:start(481)) - Starting XceiverServerRatis df95c109-086c-4fdb-bc2f-e7a3020caa9e
2022-10-10 08:40:06,361 [EndpointStateMachine task thread for /0.0.0.0:41653 - 0 ] INFO  server.RaftServer (RaftServerProxy.java:lambda$start$6(382)) - df95c109-086c-4fdb-bc2f-e7a3020caa9e: start RPC server
2022-10-10 08:40:06,363 [EndpointStateMachine task thread for /0.0.0.0:41653 - 0 ] INFO  server.GrpcService (GrpcService.java:startImpl(260)) - df95c109-086c-4fdb-bc2f-e7a3020caa9e: GrpcService started, listening on 37403
2022-10-10 08:40:06,363 [EndpointStateMachine task thread for /0.0.0.0:41653 - 0 ] INFO  ratis.XceiverServerRatis (XceiverServerRatis.java:getRealPort(502)) - XceiverServerRatis df95c109-086c-4fdb-bc2f-e7a3020caa9e is started using port 37403 for RATIS
2022-10-10 08:40:06,363 [EndpointStateMachine task thread for /0.0.0.0:41653 - 0 ] INFO  ratis.XceiverServerRatis (XceiverServerRatis.java:getRealPort(502)) - XceiverServerRatis df95c109-086c-4fdb-bc2f-e7a3020caa9e is started using port 37403 for RATIS_ADMIN
2022-10-10 08:40:06,363 [EndpointStateMachine task thread for /0.0.0.0:41653 - 0 ] INFO  ratis.XceiverServerRatis (XceiverServerRatis.java:getRealPort(502)) - XceiverServerRatis df95c109-086c-4fdb-bc2f-e7a3020caa9e is started using port 37403 for RATIS_SERVER
2022-10-10 08:40:06,364 [org.apache.ratis.util.JvmPauseMonitor$$Lambda$636/263158265@7646375b] INFO  util.JvmPauseMonitor (JvmPauseMonitor.java:run(103)) - JvmPauseMonitor-df95c109-086c-4fdb-bc2f-e7a3020caa9e: Started
2022-10-10 08:40:06,406 [EndpointStateMachine task thread for /0.0.0.0:41653 - 0 ] INFO  server.XceiverServerGrpc (XceiverServerGrpc.java:start(180)) - XceiverServerGrpc df95c109-086c-4fdb-bc2f-e7a3020caa9e is started using port 40595
2022-10-10 08:40:06,746 [IPC Server handler 7 on default port 41653] INFO  net.NetworkTopologyImpl (NetworkTopologyImpl.java:add(112)) - Added a new node: /default-rack/1a566261-beec-4fd1-be7c-d2e6de257968
2022-10-10 08:40:06,746 [IPC Server handler 7 on default port 41653] INFO  node.SCMNodeManager (SCMNodeManager.java:register(397)) - Registered Data node : 1a566261-beec-4fd1-be7c-d2e6de257968{ip: 10.1.0.114, host: fv-az292-843.tqgtyn10aqxuxoi0mkfbldi5vh.jx.internal.cloudapp.net, ports: [REPLICATION=44845, RATIS=43815, RATIS_ADMIN=43815, RATIS_SERVER=43815, STANDALONE=40743], networkLocation: /default-rack, certSerialId: null, persistedOpState: null, persistedOpStateExpiryEpochSec: 0}
2022-10-10 08:40:06,752 [EventQueue-NodeRegistrationContainerReportForDataNodeSafeModeRule] INFO  safemode.SCMSafeModeManager (DataNodeSafeModeRule.java:process(71)) - SCM in safe mode. 1 DataNodes registered, 3 required.
2022-10-10 08:40:06,753 [EventQueue-NodeRegistrationContainerReportForContainerSafeModeRule] INFO  safemode.SCMSafeModeManager (SCMSafeModeManager.java:validateSafeModeExitRules(204)) - ContainerSafeModeRule rule is successfully validated
2022-10-10 08:40:06,772 [EventQueue-NewNodeForNewNodeHandler] INFO  pipeline.BackgroundPipelineCreator (BackgroundPipelineCreator.java:notifyEventTriggered(276)) - trigger a one-shot run on RatisPipelineUtilsThread.
2022-10-10 08:40:06,772 [EventQueue-PipelineReportForOneReplicaPipelineSafeModeRule] INFO  safemode.SCMSafeModeManager (SCMSafeModeManager.java:validateSafeModeExitRules(204)) - AtleastOneDatanodeReportedRule rule is successfully validated
2022-10-10 08:40:06,773 [RatisPipelineUtilsThread - 0] INFO  pipeline.RatisPipelineProvider (RatisPipelineProvider.java:lambda$create$0(195)) - Sending CreatePipelineCommand for pipeline:PipelineID=5b397a12-737a-4188-ba0a-b760336828a7 to datanode:1a566261-beec-4fd1-be7c-d2e6de257968
2022-10-10 08:40:06,773 [RatisPipelineUtilsThread - 0] INFO  pipeline.PipelineStateManagerImpl (PipelineStateManagerImpl.java:addPipeline(103)) - Created pipeline Pipeline[ Id: 5b397a12-737a-4188-ba0a-b760336828a7, Nodes: 1a566261-beec-4fd1-be7c-d2e6de257968{ip: 10.1.0.114, host: fv-az292-843.tqgtyn10aqxuxoi0mkfbldi5vh.jx.internal.cloudapp.net, ports: [REPLICATION=44845, RATIS=43815, RATIS_ADMIN=43815, RATIS_SERVER=43815, STANDALONE=40743], networkLocation: /default-rack, certSerialId: null, persistedOpState: IN_SERVICE, persistedOpStateExpiryEpochSec: 0}, ReplicationConfig: RATIS/ONE, State:ALLOCATED, leaderId:, CreationTimestamp2022-10-10T08:40:06.773Z[Etc/UTC]].
2022-10-10 08:40:06,800 [Listener at 127.0.0.1/41701] INFO  ozone.MiniOzoneClusterImpl (MiniOzoneClusterImpl.java:lambda$waitForClusterToBeReady$0(216)) - Waiting for nodes to be ready. Got 1 of 5 DN Heartbeats.
2022-10-10 08:40:06,800 [Listener at 127.0.0.1/41701] INFO  ozone.MiniOzoneClusterImpl (MiniOzoneClusterImpl.java:lambda$waitForClusterToBeReady$0(219)) - Waiting for cluster to exit safe mode
2022-10-10 08:40:06,800 [Listener at 127.0.0.1/41701] INFO  ozone.MiniOzoneClusterImpl (MiniOzoneClusterImpl.java:lambda$waitForClusterToBeReady$0(221)) - SCM became leader
2022-10-10 08:40:07,298 [EndpointStateMachine task thread for /0.0.0.0:41653 - 0 ] INFO  volume.HddsVolume (HddsVolume.java:createDbStore(307)) - SchemaV3 db is created and loaded at /home/runner/work/ozone/ozone/hadoop-ozone/integration-test/target/test-dir/MiniOzoneClusterImpl-ad2c0857-510d-4cdb-92e5-38dbe430bd54/datanode-3/data-0/containers/hdds/ad2c0857-510d-4cdb-92e5-38dbe430bd54/DS-4e522d81-612c-4093-84db-c60051777807/container.db for volume DS-4e522d81-612c-4093-84db-c60051777807
2022-10-10 08:40:07,305 [EndpointStateMachine task thread for /0.0.0.0:41653 - 0 ] INFO  volume.HddsVolume (HddsVolume.java:closeDbStore(338)) - SchemaV3 db is stopped at /home/runner/work/ozone/ozone/hadoop-ozone/integration-test/target/test-dir/MiniOzoneClusterImpl-ad2c0857-510d-4cdb-92e5-38dbe430bd54/datanode-3/data-0/containers/hdds/ad2c0857-510d-4cdb-92e5-38dbe430bd54/DS-4e522d81-612c-4093-84db-c60051777807/container.db for volume DS-4e522d81-612c-4093-84db-c60051777807
2022-10-10 08:40:07,305 [EndpointStateMachine task thread for /0.0.0.0:41653 - 0 ] INFO  ozoneimpl.OzoneContainer (OzoneContainer.java:start(378)) - Attempting to start container services.
2022-10-10 08:40:07,305 [EndpointStateMachine task thread for /0.0.0.0:41653 - 0 ] INFO  ozoneimpl.OzoneContainer (OzoneContainer.java:startContainerScrub(313)) - Background container scanner has been disabled.
2022-10-10 08:40:07,320 [EndpointStateMachine task thread for /0.0.0.0:41653 - 0 ] INFO  replication.ReplicationServer (ReplicationServer.java:start(111)) - ReplicationServer is started using port 40269
2022-10-10 08:40:07,340 [EndpointStateMachine task thread for /0.0.0.0:41653 - 0 ] INFO  ratis.XceiverServerRatis (XceiverServerRatis.java:start(481)) - Starting XceiverServerRatis 8f156c79-b47c-4138-8e60-2fd88bdff2cb
2022-10-10 08:40:07,345 [EndpointStateMachine task thread for /0.0.0.0:41653 - 0 ] INFO  server.RaftServer (RaftServerProxy.java:lambda$start$6(382)) - 8f156c79-b47c-4138-8e60-2fd88bdff2cb: start RPC server
2022-10-10 08:40:07,354 [EndpointStateMachine task thread for /0.0.0.0:41653 - 0 ] INFO  server.GrpcService (GrpcService.java:startImpl(260)) - 8f156c79-b47c-4138-8e60-2fd88bdff2cb: GrpcService started, listening on 34005
2022-10-10 08:40:07,354 [EndpointStateMachine task thread for /0.0.0.0:41653 - 0 ] INFO  ratis.XceiverServerRatis (XceiverServerRatis.java:getRealPort(502)) - XceiverServerRatis 8f156c79-b47c-4138-8e60-2fd88bdff2cb is started using port 34005 for RATIS
2022-10-10 08:40:07,354 [EndpointStateMachine task thread for /0.0.0.0:41653 - 0 ] INFO  ratis.XceiverServerRatis (XceiverServerRatis.java:getRealPort(502)) - XceiverServerRatis 8f156c79-b47c-4138-8e60-2fd88bdff2cb is started using port 34005 for RATIS_ADMIN
2022-10-10 08:40:07,354 [EndpointStateMachine task thread for /0.0.0.0:41653 - 0 ] INFO  ratis.XceiverServerRatis (XceiverServerRatis.java:getRealPort(502)) - XceiverServerRatis 8f156c79-b47c-4138-8e60-2fd88bdff2cb is started using port 34005 for RATIS_SERVER
2022-10-10 08:40:07,354 [org.apache.ratis.util.JvmPauseMonitor$$Lambda$636/263158265@6e541dc5] INFO  util.JvmPauseMonitor (JvmPauseMonitor.java:run(103)) - JvmPauseMonitor-8f156c79-b47c-4138-8e60-2fd88bdff2cb: Started
2022-10-10 08:40:07,388 [EndpointStateMachine task thread for /0.0.0.0:41653 - 0 ] INFO  server.XceiverServerGrpc (XceiverServerGrpc.java:start(180)) - XceiverServerGrpc 8f156c79-b47c-4138-8e60-2fd88bdff2cb is started using port 33175
2022-10-10 08:40:07,499 [IPC Server handler 4 on default port 41653] INFO  net.NetworkTopologyImpl (NetworkTopologyImpl.java:add(112)) - Added a new node: /default-rack/2505bfdb-a405-42b6-a08f-f2b9b27cb3cf
2022-10-10 08:40:07,499 [IPC Server handler 4 on default port 41653] INFO  node.SCMNodeManager (SCMNodeManager.java:register(397)) - Registered Data node : 2505bfdb-a405-42b6-a08f-f2b9b27cb3cf{ip: 10.1.0.114, host: fv-az292-843.tqgtyn10aqxuxoi0mkfbldi5vh.jx.internal.cloudapp.net, ports: [REPLICATION=37495, RATIS=44113, RATIS_ADMIN=44113, RATIS_SERVER=44113, STANDALONE=37833], networkLocation: /default-rack, certSerialId: null, persistedOpState: null, persistedOpStateExpiryEpochSec: 0}
2022-10-10 08:40:07,499 [EventQueue-NewNodeForNewNodeHandler] INFO  pipeline.BackgroundPipelineCreator (BackgroundPipelineCreator.java:notifyEventTriggered(276)) - trigger a one-shot run on RatisPipelineUtilsThread.
2022-10-10 08:40:07,511 [EventQueue-NodeRegistrationContainerReportForDataNodeSafeModeRule] INFO  safemode.SCMSafeModeManager (DataNodeSafeModeRule.java:process(71)) - SCM in safe mode. 2 DataNodes registered, 3 required.
2022-10-10 08:40:07,511 [RatisPipelineUtilsThread - 0] INFO  pipeline.RatisPipelineProvider (RatisPipelineProvider.java:lambda$create$0(195)) - Sending CreatePipelineCommand for pipeline:PipelineID=b9d7afe2-d39f-4842-91a9-c242c381b5ac to datanode:2505bfdb-a405-42b6-a08f-f2b9b27cb3cf
2022-10-10 08:40:07,512 [RatisPipelineUtilsThread - 0] INFO  pipeline.PipelineStateManagerImpl (PipelineStateManagerImpl.java:addPipeline(103)) - Created pipeline Pipeline[ Id: b9d7afe2-d39f-4842-91a9-c242c381b5ac, Nodes: 2505bfdb-a405-42b6-a08f-f2b9b27cb3cf{ip: 10.1.0.114, host: fv-az292-843.tqgtyn10aqxuxoi0mkfbldi5vh.jx.internal.cloudapp.net, ports: [REPLICATION=37495, RATIS=44113, RATIS_ADMIN=44113, RATIS_SERVER=44113, STANDALONE=37833], networkLocation: /default-rack, certSerialId: null, persistedOpState: IN_SERVICE, persistedOpStateExpiryEpochSec: 0}, ReplicationConfig: RATIS/ONE, State:ALLOCATED, leaderId:, CreationTimestamp2022-10-10T08:40:07.511Z[Etc/UTC]].
2022-10-10 08:40:07,801 [Listener at 127.0.0.1/41701] INFO  ozone.MiniOzoneClusterImpl (MiniOzoneClusterImpl.java:lambda$waitForClusterToBeReady$0(216)) - Waiting for nodes to be ready. Got 2 of 5 DN Heartbeats.
2022-10-10 08:40:07,801 [Listener at 127.0.0.1/41701] INFO  ozone.MiniOzoneClusterImpl (MiniOzoneClusterImpl.java:lambda$waitForClusterToBeReady$0(219)) - Waiting for cluster to exit safe mode
2022-10-10 08:40:07,801 [Listener at 127.0.0.1/41701] INFO  ozone.MiniOzoneClusterImpl (MiniOzoneClusterImpl.java:lambda$waitForClusterToBeReady$0(221)) - SCM became leader
2022-10-10 08:40:07,984 [EndpointStateMachine task thread for /0.0.0.0:41653 - 0 ] INFO  volume.HddsVolume (HddsVolume.java:createDbStore(307)) - SchemaV3 db is created and loaded at /home/runner/work/ozone/ozone/hadoop-ozone/integration-test/target/test-dir/MiniOzoneClusterImpl-ad2c0857-510d-4cdb-92e5-38dbe430bd54/datanode-4/data-0/containers/hdds/ad2c0857-510d-4cdb-92e5-38dbe430bd54/DS-b7d99ab1-2a22-4f09-b433-e0945dfa6569/container.db for volume DS-b7d99ab1-2a22-4f09-b433-e0945dfa6569
2022-10-10 08:40:07,984 [EndpointStateMachine task thread for /0.0.0.0:41653 - 0 ] INFO  volume.HddsVolume (HddsVolume.java:closeDbStore(338)) - SchemaV3 db is stopped at /home/runner/work/ozone/ozone/hadoop-ozone/integration-test/target/test-dir/MiniOzoneClusterImpl-ad2c0857-510d-4cdb-92e5-38dbe430bd54/datanode-4/data-0/containers/hdds/ad2c0857-510d-4cdb-92e5-38dbe430bd54/DS-b7d99ab1-2a22-4f09-b433-e0945dfa6569/container.db for volume DS-b7d99ab1-2a22-4f09-b433-e0945dfa6569
2022-10-10 08:40:07,985 [EndpointStateMachine task thread for /0.0.0.0:41653 - 0 ] INFO  ozoneimpl.OzoneContainer (OzoneContainer.java:start(378)) - Attempting to start container services.
2022-10-10 08:40:07,985 [EndpointStateMachine task thread for /0.0.0.0:41653 - 0 ] INFO  ozoneimpl.OzoneContainer (OzoneContainer.java:startContainerScrub(313)) - Background container scanner has been disabled.
2022-10-10 08:40:07,999 [EndpointStateMachine task thread for /0.0.0.0:41653 - 0 ] INFO  replication.ReplicationServer (ReplicationServer.java:start(111)) - ReplicationServer is started using port 37291
2022-10-10 08:40:08,022 [EndpointStateMachine task thread for /0.0.0.0:41653 - 0 ] INFO  ratis.XceiverServerRatis (XceiverServerRatis.java:start(481)) - Starting XceiverServerRatis 39b99856-47eb-4bdf-8e72-0168dfb4cb59
2022-10-10 08:40:08,028 [EndpointStateMachine task thread for /0.0.0.0:41653 - 0 ] INFO  server.RaftServer (RaftServerProxy.java:lambda$start$6(382)) - 39b99856-47eb-4bdf-8e72-0168dfb4cb59: start RPC server
2022-10-10 08:40:08,033 [EndpointStateMachine task thread for /0.0.0.0:41653 - 0 ] INFO  server.GrpcService (GrpcService.java:startImpl(260)) - 39b99856-47eb-4bdf-8e72-0168dfb4cb59: GrpcService started, listening on 46623
2022-10-10 08:40:08,033 [EndpointStateMachine task thread for /0.0.0.0:41653 - 0 ] INFO  ratis.XceiverServerRatis (XceiverServerRatis.java:getRealPort(502)) - XceiverServerRatis 39b99856-47eb-4bdf-8e72-0168dfb4cb59 is started using port 46623 for RATIS
2022-10-10 08:40:08,034 [EndpointStateMachine task thread for /0.0.0.0:41653 - 0 ] INFO  ratis.XceiverServerRatis (XceiverServerRatis.java:getRealPort(502)) - XceiverServerRatis 39b99856-47eb-4bdf-8e72-0168dfb4cb59 is started using port 46623 for RATIS_ADMIN
2022-10-10 08:40:08,034 [EndpointStateMachine task thread for /0.0.0.0:41653 - 0 ] INFO  ratis.XceiverServerRatis (XceiverServerRatis.java:getRealPort(502)) - XceiverServerRatis 39b99856-47eb-4bdf-8e72-0168dfb4cb59 is started using port 46623 for RATIS_SERVER
2022-10-10 08:40:08,034 [org.apache.ratis.util.JvmPauseMonitor$$Lambda$636/263158265@3ab44946] INFO  util.JvmPauseMonitor (JvmPauseMonitor.java:run(103)) - JvmPauseMonitor-39b99856-47eb-4bdf-8e72-0168dfb4cb59: Started
2022-10-10 08:40:08,068 [EndpointStateMachine task thread for /0.0.0.0:41653 - 0 ] INFO  server.XceiverServerGrpc (XceiverServerGrpc.java:start(180)) - XceiverServerGrpc 39b99856-47eb-4bdf-8e72-0168dfb4cb59 is started using port 38181
2022-10-10 08:40:08,235 [IPC Server handler 10 on default port 41653] INFO  net.NetworkTopologyImpl (NetworkTopologyImpl.java:add(112)) - Added a new node: /default-rack/df95c109-086c-4fdb-bc2f-e7a3020caa9e
2022-10-10 08:40:08,236 [IPC Server handler 10 on default port 41653] INFO  node.SCMNodeManager (SCMNodeManager.java:register(397)) - Registered Data node : df95c109-086c-4fdb-bc2f-e7a3020caa9e{ip: 10.1.0.114, host: fv-az292-843.tqgtyn10aqxuxoi0mkfbldi5vh.jx.internal.cloudapp.net, ports: [REPLICATION=35793, RATIS=37403, RATIS_ADMIN=37403, RATIS_SERVER=37403, STANDALONE=40595], networkLocation: /default-rack, certSerialId: null, persistedOpState: null, persistedOpStateExpiryEpochSec: 0}
2022-10-10 08:40:08,236 [EventQueue-NewNodeForNewNodeHandler] INFO  pipeline.BackgroundPipelineCreator (BackgroundPipelineCreator.java:notifyEventTriggered(276)) - trigger a one-shot run on RatisPipelineUtilsThread.
2022-10-10 08:40:08,236 [EventQueue-NodeRegistrationContainerReportForDataNodeSafeModeRule] INFO  safemode.SCMSafeModeManager (DataNodeSafeModeRule.java:process(71)) - SCM in safe mode. 3 DataNodes registered, 3 required.
2022-10-10 08:40:08,237 [EventQueue-NodeRegistrationContainerReportForDataNodeSafeModeRule] INFO  safemode.SCMSafeModeManager (SCMSafeModeManager.java:validateSafeModeExitRules(204)) - DataNodeSafeModeRule rule is successfully validated
2022-10-10 08:40:08,237 [EventQueue-NodeRegistrationContainerReportForDataNodeSafeModeRule] INFO  safemode.SCMSafeModeManager (SCMSafeModeManager.java:completePreCheck(233)) - All SCM safe mode pre check rules have passed
2022-10-10 08:40:08,237 [EventQueue-NodeRegistrationContainerReportForDataNodeSafeModeRule] WARN  events.EventQueue (EventQueue.java:fireEvent(216)) - No event handler registered for event TypedEvent{payloadType=SafeModeStatus, name='Safe mode status'}
2022-10-10 08:40:08,237 [EventQueue-NodeRegistrationContainerReportForDataNodeSafeModeRule] INFO  ha.SCMContext (SCMContext.java:updateSafeModeStatus(228)) - Update SafeModeStatus from SafeModeStatus{safeModeStatus=true, preCheckPassed=false} to SafeModeStatus{safeModeStatus=true, preCheckPassed=true}.
2022-10-10 08:40:08,237 [EventQueue-NodeRegistrationContainerReportForDataNodeSafeModeRule] INFO  pipeline.BackgroundPipelineCreator (BackgroundPipelineCreator.java:notifyEventTriggered(276)) - trigger a one-shot run on RatisPipelineUtilsThread.
2022-10-10 08:40:08,238 [RatisPipelineUtilsThread - 0] INFO  pipeline.RatisPipelineProvider (RatisPipelineProvider.java:lambda$create$0(195)) - Sending CreatePipelineCommand for pipeline:PipelineID=9629276a-c2a6-45e4-a2f3-2e1957cf1d95 to datanode:df95c109-086c-4fdb-bc2f-e7a3020caa9e
2022-10-10 08:40:08,238 [RatisPipelineUtilsThread - 0] INFO  pipeline.PipelineStateManagerImpl (PipelineStateManagerImpl.java:addPipeline(103)) - Created pipeline Pipeline[ Id: 9629276a-c2a6-45e4-a2f3-2e1957cf1d95, Nodes: df95c109-086c-4fdb-bc2f-e7a3020caa9e{ip: 10.1.0.114, host: fv-az292-843.tqgtyn10aqxuxoi0mkfbldi5vh.jx.internal.cloudapp.net, ports: [REPLICATION=35793, RATIS=37403, RATIS_ADMIN=37403, RATIS_SERVER=37403, STANDALONE=40595], networkLocation: /default-rack, certSerialId: null, persistedOpState: IN_SERVICE, persistedOpStateExpiryEpochSec: 0}, ReplicationConfig: RATIS/ONE, State:ALLOCATED, leaderId:, CreationTimestamp2022-10-10T08:40:08.238Z[Etc/UTC]].
2022-10-10 08:40:08,239 [RatisPipelineUtilsThread - 0] INFO  pipeline.RatisPipelineProvider (RatisPipelineProvider.java:lambda$create$0(195)) - Sending CreatePipelineCommand for pipeline:PipelineID=af2dbda5-f9d9-49d0-997d-f2032093dd63 to datanode:1a566261-beec-4fd1-be7c-d2e6de257968
2022-10-10 08:40:08,239 [RatisPipelineUtilsThread - 0] INFO  pipeline.RatisPipelineProvider (RatisPipelineProvider.java:lambda$create$0(195)) - Sending CreatePipelineCommand for pipeline:PipelineID=af2dbda5-f9d9-49d0-997d-f2032093dd63 to datanode:df95c109-086c-4fdb-bc2f-e7a3020caa9e
2022-10-10 08:40:08,239 [RatisPipelineUtilsThread - 0] INFO  pipeline.RatisPipelineProvider (RatisPipelineProvider.java:lambda$create$0(195)) - Sending CreatePipelineCommand for pipeline:PipelineID=af2dbda5-f9d9-49d0-997d-f2032093dd63 to datanode:2505bfdb-a405-42b6-a08f-f2b9b27cb3cf
2022-10-10 08:40:08,241 [RatisPipelineUtilsThread - 0] INFO  pipeline.PipelineStateManagerImpl (PipelineStateManagerImpl.java:addPipeline(103)) - Created pipeline Pipeline[ Id: af2dbda5-f9d9-49d0-997d-f2032093dd63, Nodes: 1a566261-beec-4fd1-be7c-d2e6de257968{ip: 10.1.0.114, host: fv-az292-843.tqgtyn10aqxuxoi0mkfbldi5vh.jx.internal.cloudapp.net, ports: [REPLICATION=44845, RATIS=43815, RATIS_ADMIN=43815, RATIS_SERVER=43815, STANDALONE=40743], networkLocation: /default-rack, certSerialId: null, persistedOpState: IN_SERVICE, persistedOpStateExpiryEpochSec: 0}df95c109-086c-4fdb-bc2f-e7a3020caa9e{ip: 10.1.0.114, host: fv-az292-843.tqgtyn10aqxuxoi0mkfbldi5vh.jx.internal.cloudapp.net, ports: [REPLICATION=35793, RATIS=37403, RATIS_ADMIN=37403, RATIS_SERVER=37403, STANDALONE=40595], networkLocation: /default-rack, certSerialId: null, persistedOpState: IN_SERVICE, persistedOpStateExpiryEpochSec: 0}2505bfdb-a405-42b6-a08f-f2b9b27cb3cf{ip: 10.1.0.114, host: fv-az292-843.tqgtyn10aqxuxoi0mkfbldi5vh.jx.internal.cloudapp.net, ports: [REPLICATION=37495, RATIS=44113, RATIS_ADMIN=44113, RATIS_SERVER=44113, STANDALONE=37833], networkLocation: /default-rack, certSerialId: null, persistedOpState: IN_SERVICE, persistedOpStateExpiryEpochSec: 0}, ReplicationConfig: RATIS/THREE, State:ALLOCATED, leaderId:, CreationTimestamp2022-10-10T08:40:08.239Z[Etc/UTC]].
2022-10-10 08:40:08,242 [RatisPipelineUtilsThread - 0] INFO  pipeline.RatisPipelineProvider (RatisPipelineProvider.java:lambda$create$0(195)) - Sending CreatePipelineCommand for pipeline:PipelineID=42ce9204-ee81-4a80-841e-e6c73168d3c7 to datanode:2505bfdb-a405-42b6-a08f-f2b9b27cb3cf
2022-10-10 08:40:08,251 [RatisPipelineUtilsThread - 0] INFO  pipeline.RatisPipelineProvider (RatisPipelineProvider.java:lambda$create$0(195)) - Sending CreatePipelineCommand for pipeline:PipelineID=42ce9204-ee81-4a80-841e-e6c73168d3c7 to datanode:1a566261-beec-4fd1-be7c-d2e6de257968
2022-10-10 08:40:08,251 [RatisPipelineUtilsThread - 0] INFO  pipeline.RatisPipelineProvider (RatisPipelineProvider.java:lambda$create$0(195)) - Sending CreatePipelineCommand for pipeline:PipelineID=42ce9204-ee81-4a80-841e-e6c73168d3c7 to datanode:df95c109-086c-4fdb-bc2f-e7a3020caa9e
2022-10-10 08:40:08,252 [RatisPipelineUtilsThread - 0] INFO  pipeline.PipelineStateManagerImpl (PipelineStateManagerImpl.java:addPipeline(103)) - Created pipeline Pipeline[ Id: 42ce9204-ee81-4a80-841e-e6c73168d3c7, Nodes: 2505bfdb-a405-42b6-a08f-f2b9b27cb3cf{ip: 10.1.0.114, host: fv-az292-843.tqgtyn10aqxuxoi0mkfbldi5vh.jx.internal.cloudapp.net, ports: [REPLICATION=37495, RATIS=44113, RATIS_ADMIN=44113, RATIS_SERVER=44113, STANDALONE=37833], networkLocation: /default-rack, certSerialId: null, persistedOpState: IN_SERVICE, persistedOpStateExpiryEpochSec: 0}1a566261-beec-4fd1-be7c-d2e6de257968{ip: 10.1.0.114, host: fv-az292-843.tqgtyn10aqxuxoi0mkfbldi5vh.jx.internal.cloudapp.net, ports: [REPLICATION=44845, RATIS=43815, RATIS_ADMIN=43815, RATIS_SERVER=43815, STANDALONE=40743], networkLocation: /default-rack, certSerialId: null, persistedOpState: IN_SERVICE, persistedOpStateExpiryEpochSec: 0}df95c109-086c-4fdb-bc2f-e7a3020caa9e{ip: 10.1.0.114, host: fv-az292-843.tqgtyn10aqxuxoi0mkfbldi5vh.jx.internal.cloudapp.net, ports: [REPLICATION=35793, RATIS=37403, RATIS_ADMIN=37403, RATIS_SERVER=37403, STANDALONE=40595], networkLocation: /default-rack, certSerialId: null, persistedOpState: IN_SERVICE, persistedOpStateExpiryEpochSec: 0}, ReplicationConfig: RATIS/THREE, State:ALLOCATED, leaderId:, CreationTimestamp2022-10-10T08:40:08.242Z[Etc/UTC]].
2022-10-10 08:40:08,252 [RatisPipelineUtilsThread - 0] INFO  pipeline.PipelineManagerImpl (PipelineManagerImpl.java:recordMetricsForPipeline(796)) - Pipeline: PipelineID=42ce9204-ee81-4a80-841e-e6c73168d3c7 contains same datanodes as previous pipelines: PipelineID=af2dbda5-f9d9-49d0-997d-f2032093dd63 nodeIds: 2505bfdb-a405-42b6-a08f-f2b9b27cb3cf, 1a566261-beec-4fd1-be7c-d2e6de257968, df95c109-086c-4fdb-bc2f-e7a3020caa9e
2022-10-10 08:40:08,801 [Listener at 127.0.0.1/41701] INFO  ozone.MiniOzoneClusterImpl (MiniOzoneClusterImpl.java:lambda$waitForClusterToBeReady$0(216)) - Waiting for nodes to be ready. Got 3 of 5 DN Heartbeats.
2022-10-10 08:40:08,802 [Listener at 127.0.0.1/41701] INFO  ozone.MiniOzoneClusterImpl (MiniOzoneClusterImpl.java:lambda$waitForClusterToBeReady$0(219)) - Waiting for cluster to exit safe mode
2022-10-10 08:40:08,802 [Listener at 127.0.0.1/41701] INFO  ozone.MiniOzoneClusterImpl (MiniOzoneClusterImpl.java:lambda$waitForClusterToBeReady$0(221)) - SCM became leader
2022-10-10 08:40:09,220 [IPC Server handler 10 on default port 41653] INFO  net.NetworkTopologyImpl (NetworkTopologyImpl.java:add(112)) - Added a new node: /default-rack/8f156c79-b47c-4138-8e60-2fd88bdff2cb
2022-10-10 08:40:09,220 [IPC Server handler 10 on default port 41653] INFO  node.SCMNodeManager (SCMNodeManager.java:register(397)) - Registered Data node : 8f156c79-b47c-4138-8e60-2fd88bdff2cb{ip: 10.1.0.114, host: fv-az292-843.tqgtyn10aqxuxoi0mkfbldi5vh.jx.internal.cloudapp.net, ports: [REPLICATION=40269, RATIS=34005, RATIS_ADMIN=34005, RATIS_SERVER=34005, STANDALONE=33175], networkLocation: /default-rack, certSerialId: null, persistedOpState: null, persistedOpStateExpiryEpochSec: 0}
2022-10-10 08:40:09,221 [EventQueue-NewNodeForNewNodeHandler] INFO  pipeline.BackgroundPipelineCreator (BackgroundPipelineCreator.java:notifyEventTriggered(276)) - trigger a one-shot run on RatisPipelineUtilsThread.
2022-10-10 08:40:09,224 [RatisPipelineUtilsThread - 0] INFO  pipeline.RatisPipelineProvider (RatisPipelineProvider.java:lambda$create$0(195)) - Sending CreatePipelineCommand for pipeline:PipelineID=6fb28a88-4522-4433-b79b-9c6fed448e9e to datanode:8f156c79-b47c-4138-8e60-2fd88bdff2cb
2022-10-10 08:40:09,224 [RatisPipelineUtilsThread - 0] INFO  pipeline.PipelineStateManagerImpl (PipelineStateManagerImpl.java:addPipeline(103)) - Created pipeline Pipeline[ Id: 6fb28a88-4522-4433-b79b-9c6fed448e9e, Nodes: 8f156c79-b47c-4138-8e60-2fd88bdff2cb{ip: 10.1.0.114, host: fv-az292-843.tqgtyn10aqxuxoi0mkfbldi5vh.jx.internal.cloudapp.net, ports: [REPLICATION=40269, RATIS=34005, RATIS_ADMIN=34005, RATIS_SERVER=34005, STANDALONE=33175], networkLocation: /default-rack, certSerialId: null, persistedOpState: IN_SERVICE, persistedOpStateExpiryEpochSec: 0}, ReplicationConfig: RATIS/ONE, State:ALLOCATED, leaderId:, CreationTimestamp2022-10-10T08:40:09.224Z[Etc/UTC]].
2022-10-10 08:40:09,746 [Command processor thread] INFO  server.RaftServer (RaftServerProxy.java:addNew(96)) - 1a566261-beec-4fd1-be7c-d2e6de257968: addNew group-B760336828A7:[1a566261-beec-4fd1-be7c-d2e6de257968|rpc:10.1.0.114:43815|priority:1] returns group-B760336828A7:java.util.concurrent.CompletableFuture@17b75fea[Not completed]
2022-10-10 08:40:09,747 [pool-532-thread-1] INFO  server.RaftServer$Division (RaftServerImpl.java:<init>(190)) - 1a566261-beec-4fd1-be7c-d2e6de257968: new RaftServerImpl for group-B760336828A7:[1a566261-beec-4fd1-be7c-d2e6de257968|rpc:10.1.0.114:43815|priority:1] with ContainerStateMachine:uninitialized
2022-10-10 08:40:09,747 [pool-532-thread-1] INFO  server.RaftServerConfigKeys (ConfUtils.java:logGet(46)) - raft.server.rpc.timeout.min = 5s (custom)
2022-10-10 08:40:09,747 [pool-532-thread-1] INFO  server.RaftServerConfigKeys (ConfUtils.java:logGet(46)) - raft.server.rpc.timeout.max = 5200ms (custom)
2022-10-10 08:40:09,747 [pool-532-thread-1] INFO  server.RaftServerConfigKeys (ConfUtils.java:logGet(46)) - raft.server.rpc.sleep.time = 25ms (default)
2022-10-10 08:40:09,747 [pool-532-thread-1] INFO  server.RaftServerConfigKeys (ConfUtils.java:logGet(46)) - raft.server.rpc.slowness.timeout = 300s (custom)
2022-10-10 08:40:09,747 [pool-532-thread-1] INFO  server.RaftServerConfigKeys (ConfUtils.java:logGet(46)) - raft.server.leaderelection.leader.step-down.wait-time = 10s (default)
2022-10-10 08:40:09,747 [pool-532-thread-1] INFO  server.RaftServerConfigKeys (ConfUtils.java:logGet(46)) - raft.server.sleep.deviation.threshold = 300ms (default)
2022-10-10 08:40:09,747 [pool-532-thread-1] INFO  server.RaftServer$Division (ServerState.java:<init>(107)) - 1a566261-beec-4fd1-be7c-d2e6de257968@group-B760336828A7: ConfigurationManager, init=-1: [1a566261-beec-4fd1-be7c-d2e6de257968|rpc:10.1.0.114:43815|priority:1], old=null, confs=<EMPTY_MAP>
2022-10-10 08:40:09,747 [pool-532-thread-1] INFO  server.RaftServerConfigKeys (ConfUtils.java:logGet(46)) - raft.server.storage.dir = [/home/runner/work/ozone/ozone/hadoop-ozone/integration-test/target/test-dir/MiniOzoneClusterImpl-ad2c0857-510d-4cdb-92e5-38dbe430bd54/datanode-0/data/ratis] (custom)
2022-10-10 08:40:09,748 [pool-532-thread-1] INFO  server.RaftServerConfigKeys (ConfUtils.java:logGet(46)) - raft.server.log.corruption.policy = EXCEPTION (default)
2022-10-10 08:40:09,748 [pool-532-thread-1] INFO  server.RaftServerConfigKeys (ConfUtils.java:logGet(46)) - raft.server.storage.free-space.min = 0MB (=0) (default)
2022-10-10 08:40:09,748 [pool-532-thread-1] INFO  storage.RaftStorageDirectory (RaftStorageDirectoryImpl.java:analyzeStorage(135)) - The storage directory /home/runner/work/ozone/ozone/hadoop-ozone/integration-test/target/test-dir/MiniOzoneClusterImpl-ad2c0857-510d-4cdb-92e5-38dbe430bd54/datanode-0/data/ratis/5b397a12-737a-4188-ba0a-b760336828a7 does not exist. Creating ...
2022-10-10 08:40:09,760 [pool-532-thread-1] INFO  storage.RaftStorageDirectory (RaftStorageDirectoryImpl.java:tryLock(230)) - Lock on /home/runner/work/ozone/ozone/hadoop-ozone/integration-test/target/test-dir/MiniOzoneClusterImpl-ad2c0857-510d-4cdb-92e5-38dbe430bd54/datanode-0/data/ratis/5b397a12-737a-4188-ba0a-b760336828a7/in_use.lock acquired by nodename 13217@fv-az292-843
2022-10-10 08:40:09,761 [pool-532-thread-1] INFO  storage.RaftStorage (RaftStorageImpl.java:format(89)) - Storage directory /home/runner/work/ozone/ozone/hadoop-ozone/integration-test/target/test-dir/MiniOzoneClusterImpl-ad2c0857-510d-4cdb-92e5-38dbe430bd54/datanode-0/data/ratis/5b397a12-737a-4188-ba0a-b760336828a7 has been successfully formatted.
2022-10-10 08:40:09,769 [pool-532-thread-1] INFO  ratis.ContainerStateMachine (ContainerStateMachine.java:loadSnapshot(236)) - group-B760336828A7: The snapshot info is null. Setting the last applied indexto:(t:0, i:~)
2022-10-10 08:40:09,769 [pool-532-thread-1] INFO  server.RaftServerConfigKeys (ConfUtils.java:logGet(46)) - raft.server.notification.no-leader.timeout = 300s (custom)
2022-10-10 08:40:09,769 [pool-532-thread-1] INFO  server.RaftServerConfigKeys (ConfUtils.java:logGet(46)) - raft.server.log.use.memory = false (default)
2022-10-10 08:40:09,770 [EventQueue-PipelineReportForPipelineReportHandler] INFO  pipeline.PipelineManagerImpl (PipelineManagerImpl.java:openPipeline(367)) - Pipeline Pipeline[ Id: 5b397a12-737a-4188-ba0a-b760336828a7, Nodes: 1a566261-beec-4fd1-be7c-d2e6de257968{ip: 10.1.0.114, host: fv-az292-843.tqgtyn10aqxuxoi0mkfbldi5vh.jx.internal.cloudapp.net, ports: [REPLICATION=44845, RATIS=43815, RATIS_ADMIN=43815, RATIS_SERVER=43815, STANDALONE=40743], networkLocation: /default-rack, certSerialId: null, persistedOpState: IN_SERVICE, persistedOpStateExpiryEpochSec: 0}, ReplicationConfig: RATIS/ONE, State:ALLOCATED, leaderId:1a566261-beec-4fd1-be7c-d2e6de257968, CreationTimestamp2022-10-10T08:40:06.773Z[Etc/UTC]] moved to OPEN state
2022-10-10 08:40:09,785 [pool-532-thread-1] INFO  server.RaftServerConfigKeys (ConfUtils.java:logGet(46)) - raft.server.log.purge.gap = 1000000 (custom)
2022-10-10 08:40:09,785 [pool-532-thread-1] INFO  server.RaftServerConfigKeys (ConfUtils.java:logGet(46)) - raft.server.log.appender.buffer.byte-limit = 33554432 (custom)
2022-10-10 08:40:09,785 [pool-532-thread-1] INFO  server.RaftServerConfigKeys (ConfUtils.java:logGet(46)) - raft.server.log.statemachine.data.read.timeout = 1000ms (default)
2022-10-10 08:40:09,786 [pool-532-thread-1] INFO  server.RaftServerConfigKeys (ConfUtils.java:logGet(46)) - raft.server.log.segment.size.max = 1048576 (custom)
2022-10-10 08:40:09,786 [pool-532-thread-1] INFO  server.RaftServerConfigKeys (ConfUtils.java:logGet(46)) - raft.server.log.segment.cache.num.max = 2 (custom)
2022-10-10 08:40:09,786 [pool-532-thread-1] INFO  server.RaftServerConfigKeys (ConfUtils.java:logGet(46)) - raft.server.log.segment.cache.size.max = 200MB (=209715200) (default)
2022-10-10 08:40:09,786 [pool-532-thread-1] INFO  segmented.SegmentedRaftLogWorker (SegmentedRaftLogWorker.java:<init>(187)) - new 1a566261-beec-4fd1-be7c-d2e6de257968@group-B760336828A7-SegmentedRaftLogWorker for RaftStorageImpl:Storage Directory /home/runner/work/ozone/ozone/hadoop-ozone/integration-test/target/test-dir/MiniOzoneClusterImpl-ad2c0857-510d-4cdb-92e5-38dbe430bd54/datanode-0/data/ratis/5b397a12-737a-4188-ba0a-b760336828a7
2022-10-10 08:40:09,786 [pool-532-thread-1] INFO  server.RaftServerConfigKeys (ConfUtils.java:logGet(46)) - raft.server.log.queue.byte-limit = 4294967296 (custom)
2022-10-10 08:40:09,786 [pool-532-thread-1] INFO  server.RaftServerConfigKeys (ConfUtils.java:logGet(46)) - raft.server.log.queue.element-limit = 1024 (custom)
2022-10-10 08:40:09,786 [pool-532-thread-1] INFO  server.RaftServerConfigKeys (ConfUtils.java:logGet(46)) - raft.server.log.segment.size.max = 1048576 (custom)
2022-10-10 08:40:09,786 [pool-532-thread-1] INFO  server.RaftServerConfigKeys (ConfUtils.java:logGet(46)) - raft.server.log.preallocated.size = 16384 (custom)
2022-10-10 08:40:09,787 [pool-532-thread-1] INFO  server.RaftServerConfigKeys (ConfUtils.java:logGet(46)) - raft.server.log.force.sync.num = 128 (default)
2022-10-10 08:40:09,787 [pool-532-thread-1] INFO  server.RaftServerConfigKeys (ConfUtils.java:logGet(46)) - raft.server.log.statemachine.data.sync = true (default)
2022-10-10 08:40:09,787 [pool-532-thread-1] INFO  server.RaftServerConfigKeys (ConfUtils.java:logGet(46)) - raft.server.log.statemachine.data.sync.timeout = 10s (default)
2022-10-10 08:40:09,787 [pool-532-thread-1] INFO  server.RaftServerConfigKeys (ConfUtils.java:logGet(46)) - raft.server.log.statemachine.data.sync.timeout.retry = -1 (default)
2022-10-10 08:40:09,788 [pool-532-thread-1] INFO  server.RaftServerConfigKeys (ConfUtils.java:logGet(46)) - raft.server.log.write.buffer.size = 1048576 (custom)
2022-10-10 08:40:09,788 [pool-532-thread-1] INFO  server.RaftServerConfigKeys (ConfUtils.java:logGet(46)) - raft.server.log.unsafe-flush.enabled = false (default)
2022-10-10 08:40:09,788 [pool-532-thread-1] INFO  server.RaftServerConfigKeys (ConfUtils.java:logGet(46)) - raft.server.log.statemachine.data.caching.enabled = true (custom)
2022-10-10 08:40:09,788 [pool-532-thread-1] INFO  segmented.SegmentedRaftLogWorker (SegmentedRaftLogWorker.java:lambda$new$0(135)) - 1a566261-beec-4fd1-be7c-d2e6de257968@group-B760336828A7-SegmentedRaftLogWorker: flushIndex: setUnconditionally 0 -> -1
2022-10-10 08:40:09,788 [pool-532-thread-1] INFO  segmented.SegmentedRaftLogWorker (SegmentedRaftLogWorker.java:lambda$new$0(135)) - 1a566261-beec-4fd1-be7c-d2e6de257968@group-B760336828A7-SegmentedRaftLogWorker: safeCacheEvictIndex: setUnconditionally 0 -> -1
2022-10-10 08:40:09,788 [pool-532-thread-1] INFO  server.RaftServerConfigKeys (ConfUtils.java:logGet(46)) - raft.server.snapshot.auto.trigger.enabled = true (custom)
2022-10-10 08:40:09,788 [pool-532-thread-1] INFO  server.RaftServerConfigKeys (ConfUtils.java:logGet(46)) - raft.server.snapshot.auto.trigger.threshold = 10000 (custom)
2022-10-10 08:40:09,789 [pool-532-thread-1] INFO  server.RaftServerConfigKeys (ConfUtils.java:logGet(46)) - raft.server.snapshot.retention.file.num = 5 (custom)
2022-10-10 08:40:09,789 [pool-532-thread-1] INFO  server.RaftServerConfigKeys (ConfUtils.java:logGet(46)) - raft.server.log.purge.upto.snapshot.index = false (default)
2022-10-10 08:40:09,789 [pool-532-thread-1] INFO  server.RaftServerConfigKeys (ConfUtils.java:logGet(46)) - raft.server.retrycache.expirytime = 600000ms (custom)
2022-10-10 08:40:09,789 [pool-532-thread-1] INFO  server.RaftServerConfigKeys (ConfUtils.java:logGet(46)) - raft.server.retrycache.statistics.expirytime = 100μs (default)
2022-10-10 08:40:09,790 [pool-532-thread-1] INFO  server.RaftServerConfigKeys (ConfUtils.java:logGet(46)) - raft.server.log.appender.install.snapshot.enabled = false (custom)
2022-10-10 08:40:09,790 [pool-532-thread-1] INFO  server.RaftServerConfigKeys (ConfUtils.java:logGet(46)) - raft.server.threadpool.server.cached = true (default)
2022-10-10 08:40:09,790 [pool-532-thread-1] INFO  server.RaftServerConfigKeys (ConfUtils.java:logGet(46)) - raft.server.threadpool.server.size = 0 (default)
2022-10-10 08:40:09,790 [pool-532-thread-1] INFO  server.RaftServerConfigKeys (ConfUtils.java:logGet(46)) - raft.server.threadpool.client.cached = true (default)
2022-10-10 08:40:09,790 [pool-532-thread-1] INFO  server.RaftServerConfigKeys (ConfUtils.java:logGet(46)) - raft.server.threadpool.client.size = 0 (default)
2022-10-10 08:40:09,790 [pool-532-thread-1] INFO  server.RaftServer$Division (RaftServerImpl.java:start(310)) - 1a566261-beec-4fd1-be7c-d2e6de257968@group-B760336828A7: start as a follower, conf=-1: [1a566261-beec-4fd1-be7c-d2e6de257968|rpc:10.1.0.114:43815|priority:1], old=null
2022-10-10 08:40:09,791 [pool-532-thread-1] INFO  server.RaftServer$Division (RaftServerImpl.java:setRole(299)) - 1a566261-beec-4fd1-be7c-d2e6de257968@group-B760336828A7: changes role from      null to FOLLOWER at term 0 for startAsFollower
2022-10-10 08:40:09,791 [pool-532-thread-1] INFO  impl.RoleInfo (RoleInfo.java:updateAndGet(139)) - 1a566261-beec-4fd1-be7c-d2e6de257968: start 1a566261-beec-4fd1-be7c-d2e6de257968@group-B760336828A7-FollowerState
2022-10-10 08:40:09,791 [pool-532-thread-1] INFO  util.JmxRegister (JmxRegister.java:tryRegister(44)) - Successfully registered JMX Bean with object name Ratis:service=RaftServer,group=group-B760336828A7,id=1a566261-beec-4fd1-be7c-d2e6de257968
2022-10-10 08:40:09,792 [Command processor thread] INFO  ratis.XceiverServerRatis (XceiverServerRatis.java:addGroup(765)) - Created group PipelineID=5b397a12-737a-4188-ba0a-b760336828a7
2022-10-10 08:40:09,792 [Command processor thread] INFO  commandhandler.CreatePipelineCommandHandler (CreatePipelineCommandHandler.java:handle(113)) - Created Pipeline RATIS ONE PipelineID=5b397a12-737a-4188-ba0a-b760336828a7.
2022-10-10 08:40:09,792 [Command processor thread] INFO  server.RaftServer (RaftServerProxy.java:addNew(96)) - 1a566261-beec-4fd1-be7c-d2e6de257968: addNew group-F2032093DD63:[df95c109-086c-4fdb-bc2f-e7a3020caa9e|rpc:10.1.0.114:37403|priority:1, 2505bfdb-a405-42b6-a08f-f2b9b27cb3cf|rpc:10.1.0.114:44113|priority:0, 1a566261-beec-4fd1-be7c-d2e6de257968|rpc:10.1.0.114:43815|priority:0] returns group-F2032093DD63:java.util.concurrent.CompletableFuture@1388c9c4[Not completed]
2022-10-10 08:40:09,793 [pool-532-thread-1] INFO  server.RaftServer$Division (RaftServerImpl.java:<init>(190)) - 1a566261-beec-4fd1-be7c-d2e6de257968: new RaftServerImpl for group-F2032093DD63:[df95c109-086c-4fdb-bc2f-e7a3020caa9e|rpc:10.1.0.114:37403|priority:1, 2505bfdb-a405-42b6-a08f-f2b9b27cb3cf|rpc:10.1.0.114:44113|priority:0, 1a566261-beec-4fd1-be7c-d2e6de257968|rpc:10.1.0.114:43815|priority:0] with ContainerStateMachine:uninitialized
2022-10-10 08:40:09,793 [pool-532-thread-1] INFO  server.RaftServerConfigKeys (ConfUtils.java:logGet(46)) - raft.server.rpc.timeout.min = 5s (custom)
2022-10-10 08:40:09,793 [pool-532-thread-1] INFO  server.RaftServerConfigKeys (ConfUtils.java:logGet(46)) - raft.server.rpc.timeout.max = 5200ms (custom)
2022-10-10 08:40:09,793 [pool-532-thread-1] INFO  server.RaftServerConfigKeys (ConfUtils.java:logGet(46)) - raft.server.rpc.sleep.time = 25ms (default)
2022-10-10 08:40:09,793 [pool-532-thread-1] INFO  server.RaftServerConfigKeys (ConfUtils.java:logGet(46)) - raft.server.rpc.slowness.timeout = 300s (custom)
2022-10-10 08:40:09,793 [pool-532-thread-1] INFO  server.RaftServerConfigKeys (ConfUtils.java:logGet(46)) - raft.server.leaderelection.leader.step-down.wait-time = 10s (default)
2022-10-10 08:40:09,793 [pool-532-thread-1] INFO  server.RaftServerConfigKeys (ConfUtils.java:logGet(46)) - raft.server.sleep.deviation.threshold = 300ms (default)
2022-10-10 08:40:09,793 [pool-532-thread-1] INFO  server.RaftServer$Division (ServerState.java:<init>(107)) - 1a566261-beec-4fd1-be7c-d2e6de257968@group-F2032093DD63: ConfigurationManager, init=-1: [df95c109-086c-4fdb-bc2f-e7a3020caa9e|rpc:10.1.0.114:37403|priority:1, 2505bfdb-a405-42b6-a08f-f2b9b27cb3cf|rpc:10.1.0.114:44113|priority:0, 1a566261-beec-4fd1-be7c-d2e6de257968|rpc:10.1.0.114:43815|priority:0], old=null, confs=<EMPTY_MAP>
2022-10-10 08:40:09,793 [pool-532-thread-1] INFO  server.RaftServerConfigKeys (ConfUtils.java:logGet(46)) - raft.server.storage.dir = [/home/runner/work/ozone/ozone/hadoop-ozone/integration-test/target/test-dir/MiniOzoneClusterImpl-ad2c0857-510d-4cdb-92e5-38dbe430bd54/datanode-0/data/ratis] (custom)
2022-10-10 08:40:09,793 [pool-532-thread-1] INFO  server.RaftServerConfigKeys (ConfUtils.java:logGet(46)) - raft.server.log.corruption.policy = EXCEPTION (default)
2022-10-10 08:40:09,793 [pool-532-thread-1] INFO  server.RaftServerConfigKeys (ConfUtils.java:logGet(46)) - raft.server.storage.free-space.min = 0MB (=0) (default)
2022-10-10 08:40:09,793 [pool-532-thread-1] INFO  storage.RaftStorageDirectory (RaftStorageDirectoryImpl.java:analyzeStorage(135)) - The storage directory /home/runner/work/ozone/ozone/hadoop-ozone/integration-test/target/test-dir/MiniOzoneClusterImpl-ad2c0857-510d-4cdb-92e5-38dbe430bd54/datanode-0/data/ratis/af2dbda5-f9d9-49d0-997d-f2032093dd63 does not exist. Creating ...
2022-10-10 08:40:09,795 [pool-532-thread-1] INFO  storage.RaftStorageDirectory (RaftStorageDirectoryImpl.java:tryLock(230)) - Lock on /home/runner/work/ozone/ozone/hadoop-ozone/integration-test/target/test-dir/MiniOzoneClusterImpl-ad2c0857-510d-4cdb-92e5-38dbe430bd54/datanode-0/data/ratis/af2dbda5-f9d9-49d0-997d-f2032093dd63/in_use.lock acquired by nodename 13217@fv-az292-843
2022-10-10 08:40:09,801 [pool-532-thread-1] INFO  storage.RaftStorage (RaftStorageImpl.java:format(89)) - Storage directory /home/runner/work/ozone/ozone/hadoop-ozone/integration-test/target/test-dir/MiniOzoneClusterImpl-ad2c0857-510d-4cdb-92e5-38dbe430bd54/datanode-0/data/ratis/af2dbda5-f9d9-49d0-997d-f2032093dd63 has been successfully formatted.
2022-10-10 08:40:09,801 [pool-532-thread-1] INFO  ratis.ContainerStateMachine (ContainerStateMachine.java:loadSnapshot(236)) - group-F2032093DD63: The snapshot info is null. Setting the last applied indexto:(t:0, i:~)
2022-10-10 08:40:09,801 [pool-532-thread-1] INFO  server.RaftServerConfigKeys (ConfUtils.java:logGet(46)) - raft.server.notification.no-leader.timeout = 300s (custom)
2022-10-10 08:40:09,801 [pool-532-thread-1] INFO  server.RaftServerConfigKeys (ConfUtils.java:logGet(46)) - raft.server.log.use.memory = false (default)
2022-10-10 08:40:09,802 [pool-532-thread-1] INFO  server.RaftServerConfigKeys (ConfUtils.java:logGet(46)) - raft.server.log.purge.gap = 1000000 (custom)
2022-10-10 08:40:09,802 [pool-532-thread-1] INFO  server.RaftServerConfigKeys (ConfUtils.java:logGet(46)) - raft.server.log.appender.buffer.byte-limit = 33554432 (custom)
2022-10-10 08:40:09,802 [pool-532-thread-1] INFO  server.RaftServerConfigKeys (ConfUtils.java:logGet(46)) - raft.server.log.statemachine.data.read.timeout = 1000ms (default)
2022-10-10 08:40:09,802 [pool-532-thread-1] INFO  server.RaftServerConfigKeys (ConfUtils.java:logGet(46)) - raft.server.log.segment.size.max = 1048576 (custom)
2022-10-10 08:40:09,802 [Listener at 127.0.0.1/41701] INFO  ozone.MiniOzoneClusterImpl (MiniOzoneClusterImpl.java:lambda$waitForClusterToBeReady$0(216)) - Waiting for nodes to be ready. Got 4 of 5 DN Heartbeats.
2022-10-10 08:40:09,802 [Listener at 127.0.0.1/41701] INFO  ozone.MiniOzoneClusterImpl (MiniOzoneClusterImpl.java:lambda$waitForClusterToBeReady$0(219)) - Waiting for cluster to exit safe mode
2022-10-10 08:40:09,802 [Listener at 127.0.0.1/41701] INFO  ozone.MiniOzoneClusterImpl (MiniOzoneClusterImpl.java:lambda$waitForClusterToBeReady$0(221)) - SCM became leader
2022-10-10 08:40:09,802 [pool-532-thread-1] INFO  server.RaftServerConfigKeys (ConfUtils.java:logGet(46)) - raft.server.log.segment.cache.num.max = 2 (custom)
2022-10-10 08:40:09,802 [pool-532-thread-1] INFO  server.RaftServerConfigKeys (ConfUtils.java:logGet(46)) - raft.server.log.segment.cache.size.max = 200MB (=209715200) (default)
2022-10-10 08:40:09,803 [pool-532-thread-1] INFO  segmented.SegmentedRaftLogWorker (SegmentedRaftLogWorker.java:<init>(187)) - new 1a566261-beec-4fd1-be7c-d2e6de257968@group-F2032093DD63-SegmentedRaftLogWorker for RaftStorageImpl:Storage Directory /home/runner/work/ozone/ozone/hadoop-ozone/integration-test/target/test-dir/MiniOzoneClusterImpl-ad2c0857-510d-4cdb-92e5-38dbe430bd54/datanode-0/data/ratis/af2dbda5-f9d9-49d0-997d-f2032093dd63
2022-10-10 08:40:09,803 [pool-532-thread-1] INFO  server.RaftServerConfigKeys (ConfUtils.java:logGet(46)) - raft.server.log.queue.byte-limit = 4294967296 (custom)
2022-10-10 08:40:09,803 [pool-532-thread-1] INFO  server.RaftServerConfigKeys (ConfUtils.java:logGet(46)) - raft.server.log.queue.element-limit = 1024 (custom)
2022-10-10 08:40:09,803 [pool-532-thread-1] INFO  server.RaftServerConfigKeys (ConfUtils.java:logGet(46)) - raft.server.log.segment.size.max = 1048576 (custom)
2022-10-10 08:40:09,803 [pool-532-thread-1] INFO  server.RaftServerConfigKeys (ConfUtils.java:logGet(46)) - raft.server.log.preallocated.size = 16384 (custom)
2022-10-10 08:40:09,803 [pool-532-thread-1] INFO  server.RaftServerConfigKeys (ConfUtils.java:logGet(46)) - raft.server.log.force.sync.num = 128 (default)
2022-10-10 08:40:09,803 [pool-532-thread-1] INFO  server.RaftServerConfigKeys (ConfUtils.java:logGet(46)) - raft.server.log.statemachine.data.sync = true (default)
2022-10-10 08:40:09,803 [pool-532-thread-1] INFO  server.RaftServerConfigKeys (ConfUtils.java:logGet(46)) - raft.server.log.statemachine.data.sync.timeout = 10s (default)
2022-10-10 08:40:09,803 [pool-532-thread-1] INFO  server.RaftServerConfigKeys (ConfUtils.java:logGet(46)) - raft.server.log.statemachine.data.sync.timeout.retry = -1 (default)
2022-10-10 08:40:09,804 [pool-532-thread-1] INFO  server.RaftServerConfigKeys (ConfUtils.java:logGet(46)) - raft.server.log.write.buffer.size = 1048576 (custom)
2022-10-10 08:40:09,804 [pool-532-thread-1] INFO  server.RaftServerConfigKeys (ConfUtils.java:logGet(46)) - raft.server.log.unsafe-flush.enabled = false (default)
2022-10-10 08:40:09,804 [pool-532-thread-1] INFO  server.RaftServerConfigKeys (ConfUtils.java:logGet(46)) - raft.server.log.statemachine.data.caching.enabled = true (custom)
2022-10-10 08:40:09,804 [pool-532-thread-1] INFO  segmented.SegmentedRaftLogWorker (SegmentedRaftLogWorker.java:lambda$new$0(135)) - 1a566261-beec-4fd1-be7c-d2e6de257968@group-F2032093DD63-SegmentedRaftLogWorker: flushIndex: setUnconditionally 0 -> -1
2022-10-10 08:40:09,804 [pool-532-thread-1] INFO  segmented.SegmentedRaftLogWorker (SegmentedRaftLogWorker.java:lambda$new$0(135)) - 1a566261-beec-4fd1-be7c-d2e6de257968@group-F2032093DD63-SegmentedRaftLogWorker: safeCacheEvictIndex: setUnconditionally 0 -> -1
2022-10-10 08:40:09,804 [pool-532-thread-1] INFO  server.RaftServerConfigKeys (ConfUtils.java:logGet(46)) - raft.server.snapshot.auto.trigger.enabled = true (custom)
2022-10-10 08:40:09,804 [pool-532-thread-1] INFO  server.RaftServerConfigKeys (ConfUtils.java:logGet(46)) - raft.server.snapshot.auto.trigger.threshold = 10000 (custom)
2022-10-10 08:40:09,805 [pool-532-thread-1] INFO  server.RaftServerConfigKeys (ConfUtils.java:logGet(46)) - raft.server.snapshot.retention.file.num = 5 (custom)
2022-10-10 08:40:09,805 [pool-532-thread-1] INFO  server.RaftServerConfigKeys (ConfUtils.java:logGet(46)) - raft.server.log.purge.upto.snapshot.index = false (default)
2022-10-10 08:40:09,805 [pool-532-thread-1] INFO  server.RaftServerConfigKeys (ConfUtils.java:logGet(46)) - raft.server.retrycache.expirytime = 600000ms (custom)
2022-10-10 08:40:09,805 [pool-532-thread-1] INFO  server.RaftServerConfigKeys (ConfUtils.java:logGet(46)) - raft.server.retrycache.statistics.expirytime = 100μs (default)
2022-10-10 08:40:09,806 [pool-532-thread-1] INFO  server.RaftServerConfigKeys (ConfUtils.java:logGet(46)) - raft.server.log.appender.install.snapshot.enabled = false (custom)
2022-10-10 08:40:09,806 [pool-532-thread-1] INFO  server.RaftServerConfigKeys (ConfUtils.java:logGet(46)) - raft.server.threadpool.server.cached = true (default)
2022-10-10 08:40:09,806 [pool-532-thread-1] INFO  server.RaftServerConfigKeys (ConfUtils.java:logGet(46)) - raft.server.threadpool.server.size = 0 (default)
2022-10-10 08:40:09,806 [pool-532-thread-1] INFO  server.RaftServerConfigKeys (ConfUtils.java:logGet(46)) - raft.server.threadpool.client.cached = true (default)
2022-10-10 08:40:09,806 [pool-532-thread-1] INFO  server.RaftServerConfigKeys (ConfUtils.java:logGet(46)) - raft.server.threadpool.client.size = 0 (default)
2022-10-10 08:40:09,806 [pool-532-thread-1] INFO  server.RaftServer$Division (RaftServerImpl.java:start(310)) - 1a566261-beec-4fd1-be7c-d2e6de257968@group-F2032093DD63: start as a follower, conf=-1: [df95c109-086c-4fdb-bc2f-e7a3020caa9e|rpc:10.1.0.114:37403|priority:1, 2505bfdb-a405-42b6-a08f-f2b9b27cb3cf|rpc:10.1.0.114:44113|priority:0, 1a566261-beec-4fd1-be7c-d2e6de257968|rpc:10.1.0.114:43815|priority:0], old=null
2022-10-10 08:40:09,806 [pool-532-thread-1] INFO  server.RaftServer$Division (RaftServerImpl.java:setRole(299)) - 1a566261-beec-4fd1-be7c-d2e6de257968@group-F2032093DD63: changes role from      null to FOLLOWER at term 0 for startAsFollower
2022-10-10 08:40:09,806 [pool-532-thread-1] INFO  impl.RoleInfo (RoleInfo.java:updateAndGet(139)) - 1a566261-beec-4fd1-be7c-d2e6de257968: start 1a566261-beec-4fd1-be7c-d2e6de257968@group-F2032093DD63-FollowerState
2022-10-10 08:40:09,808 [pool-532-thread-1] INFO  util.JmxRegister (JmxRegister.java:tryRegister(44)) - Successfully registered JMX Bean with object name Ratis:service=RaftServer,group=group-F2032093DD63,id=1a566261-beec-4fd1-be7c-d2e6de257968
2022-10-10 08:40:09,861 [Command processor thread] INFO  ratis.XceiverServerRatis (XceiverServerRatis.java:addGroup(765)) - Created group PipelineID=af2dbda5-f9d9-49d0-997d-f2032093dd63
2022-10-10 08:40:09,864 [EventQueue-OpenPipelineForHealthyPipelineSafeModeRule] INFO  safemode.SCMSafeModeManager (HealthyPipelineSafeModeRule.java:process(137)) - SCM in safe mode. Healthy pipelines reported count is 0, required healthy pipeline reported count is 1
2022-10-10 08:40:09,864 [EventQueue-OpenPipelineForHealthyPipelineSafeModeRule] INFO  safemode.SCMSafeModeManager (HealthyPipelineSafeModeRule.java:process(137)) - SCM in safe mode. Healthy pipelines reported count is 0, required healthy pipeline reported count is 1
2022-10-10 08:40:09,888 [IPC Server handler 14 on default port 41653] INFO  net.NetworkTopologyImpl (NetworkTopologyImpl.java:add(112)) - Added a new node: /default-rack/39b99856-47eb-4bdf-8e72-0168dfb4cb59
2022-10-10 08:40:09,888 [IPC Server handler 14 on default port 41653] INFO  node.SCMNodeManager (SCMNodeManager.java:register(397)) - Registered Data node : 39b99856-47eb-4bdf-8e72-0168dfb4cb59{ip: 10.1.0.114, host: fv-az292-843.tqgtyn10aqxuxoi0mkfbldi5vh.jx.internal.cloudapp.net, ports: [REPLICATION=37291, RATIS=46623, RATIS_ADMIN=46623, RATIS_SERVER=46623, STANDALONE=38181], networkLocation: /default-rack, certSerialId: null, persistedOpState: null, persistedOpStateExpiryEpochSec: 0}
2022-10-10 08:40:09,888 [EventQueue-NewNodeForNewNodeHandler] INFO  pipeline.BackgroundPipelineCreator (BackgroundPipelineCreator.java:notifyEventTriggered(276)) - trigger a one-shot run on RatisPipelineUtilsThread.
2022-10-10 08:40:09,906 [grpc-default-executor-0] INFO  server.RaftServer (RaftServerProxy.java:addNew(96)) - df95c109-086c-4fdb-bc2f-e7a3020caa9e: addNew group-F2032093DD63:[df95c109-086c-4fdb-bc2f-e7a3020caa9e|rpc:10.1.0.114:37403|dataStream:|priority:1, 2505bfdb-a405-42b6-a08f-f2b9b27cb3cf|rpc:10.1.0.114:44113|dataStream:|priority:0, 1a566261-beec-4fd1-be7c-d2e6de257968|rpc:10.1.0.114:43815|dataStream:|priority:0] returns group-F2032093DD63:java.util.concurrent.CompletableFuture@46fc7987[Not completed]
2022-10-10 08:40:09,907 [pool-578-thread-1] INFO  server.RaftServer$Division (RaftServerImpl.java:<init>(190)) - df95c109-086c-4fdb-bc2f-e7a3020caa9e: new RaftServerImpl for group-F2032093DD63:[df95c109-086c-4fdb-bc2f-e7a3020caa9e|rpc:10.1.0.114:37403|dataStream:|priority:1, 2505bfdb-a405-42b6-a08f-f2b9b27cb3cf|rpc:10.1.0.114:44113|dataStream:|priority:0, 1a566261-beec-4fd1-be7c-d2e6de257968|rpc:10.1.0.114:43815|dataStream:|priority:0] with ContainerStateMachine:uninitialized
2022-10-10 08:40:09,907 [pool-578-thread-1] INFO  server.RaftServerConfigKeys (ConfUtils.java:logGet(46)) - raft.server.rpc.timeout.min = 5s (custom)
2022-10-10 08:40:09,907 [pool-578-thread-1] INFO  server.RaftServerConfigKeys (ConfUtils.java:logGet(46)) - raft.server.rpc.timeout.max = 5200ms (custom)
2022-10-10 08:40:09,907 [pool-578-thread-1] INFO  server.RaftServerConfigKeys (ConfUtils.java:logGet(46)) - raft.server.rpc.sleep.time = 25ms (default)
2022-10-10 08:40:09,907 [pool-578-thread-1] INFO  server.RaftServerConfigKeys (ConfUtils.java:logGet(46)) - raft.server.rpc.slowness.timeout = 300s (custom)
2022-10-10 08:40:09,907 [pool-578-thread-1] INFO  server.RaftServerConfigKeys (ConfUtils.java:logGet(46)) - raft.server.leaderelection.leader.step-down.wait-time = 10s (default)
2022-10-10 08:40:09,907 [pool-578-thread-1] INFO  server.RaftServerConfigKeys (ConfUtils.java:logGet(46)) - raft.server.sleep.deviation.threshold = 300ms (default)
2022-10-10 08:40:09,907 [pool-578-thread-1] INFO  server.RaftServer$Division (ServerState.java:<init>(107)) - df95c109-086c-4fdb-bc2f-e7a3020caa9e@group-F2032093DD63: ConfigurationManager, init=-1: [df95c109-086c-4fdb-bc2f-e7a3020caa9e|rpc:10.1.0.114:37403|dataStream:|priority:1, 2505bfdb-a405-42b6-a08f-f2b9b27cb3cf|rpc:10.1.0.114:44113|dataStream:|priority:0, 1a566261-beec-4fd1-be7c-d2e6de257968|rpc:10.1.0.114:43815|dataStream:|priority:0], old=null, confs=<EMPTY_MAP>
2022-10-10 08:40:09,907 [pool-578-thread-1] INFO  server.RaftServerConfigKeys (ConfUtils.java:logGet(46)) - raft.server.storage.dir = [/home/runner/work/ozone/ozone/hadoop-ozone/integration-test/target/test-dir/MiniOzoneClusterImpl-ad2c0857-510d-4cdb-92e5-38dbe430bd54/datanode-2/data/ratis] (custom)
2022-10-10 08:40:09,908 [RatisPipelineUtilsThread - 0] INFO  pipeline.RatisPipelineProvider (RatisPipelineProvider.java:lambda$create$0(195)) - Sending CreatePipelineCommand for pipeline:PipelineID=e8d6eaad-213a-4357-87d5-a8df12d73485 to datanode:39b99856-47eb-4bdf-8e72-0168dfb4cb59
2022-10-10 08:40:09,909 [RatisPipelineUtilsThread - 0] INFO  pipeline.PipelineStateManagerImpl (PipelineStateManagerImpl.java:addPipeline(103)) - Created pipeline Pipeline[ Id: e8d6eaad-213a-4357-87d5-a8df12d73485, Nodes: 39b99856-47eb-4bdf-8e72-0168dfb4cb59{ip: 10.1.0.114, host: fv-az292-843.tqgtyn10aqxuxoi0mkfbldi5vh.jx.internal.cloudapp.net, ports: [REPLICATION=37291, RATIS=46623, RATIS_ADMIN=46623, RATIS_SERVER=46623, STANDALONE=38181], networkLocation: /default-rack, certSerialId: null, persistedOpState: IN_SERVICE, persistedOpStateExpiryEpochSec: 0}, ReplicationConfig: RATIS/ONE, State:ALLOCATED, leaderId:, CreationTimestamp2022-10-10T08:40:09.908Z[Etc/UTC]].
2022-10-10 08:40:09,916 [pool-578-thread-1] INFO  server.RaftServerConfigKeys (ConfUtils.java:logGet(46)) - raft.server.log.corruption.policy = EXCEPTION (default)
2022-10-10 08:40:09,916 [pool-578-thread-1] INFO  server.RaftServerConfigKeys (ConfUtils.java:logGet(46)) - raft.server.storage.free-space.min = 0MB (=0) (default)
2022-10-10 08:40:09,916 [pool-578-thread-1] INFO  storage.RaftStorageDirectory (RaftStorageDirectoryImpl.java:analyzeStorage(135)) - The storage directory /home/runner/work/ozone/ozone/hadoop-ozone/integration-test/target/test-dir/MiniOzoneClusterImpl-ad2c0857-510d-4cdb-92e5-38dbe430bd54/datanode-2/data/ratis/af2dbda5-f9d9-49d0-997d-f2032093dd63 does not exist. Creating ...
2022-10-10 08:40:09,920 [pool-578-thread-1] INFO  storage.RaftStorageDirectory (RaftStorageDirectoryImpl.java:tryLock(230)) - Lock on /home/runner/work/ozone/ozone/hadoop-ozone/integration-test/target/test-dir/MiniOzoneClusterImpl-ad2c0857-510d-4cdb-92e5-38dbe430bd54/datanode-2/data/ratis/af2dbda5-f9d9-49d0-997d-f2032093dd63/in_use.lock acquired by nodename 13217@fv-az292-843
2022-10-10 08:40:09,930 [pool-578-thread-1] INFO  storage.RaftStorage (RaftStorageImpl.java:format(89)) - Storage directory /home/runner/work/ozone/ozone/hadoop-ozone/integration-test/target/test-dir/MiniOzoneClusterImpl-ad2c0857-510d-4cdb-92e5-38dbe430bd54/datanode-2/data/ratis/af2dbda5-f9d9-49d0-997d-f2032093dd63 has been successfully formatted.
2022-10-10 08:40:09,931 [pool-578-thread-1] INFO  ratis.ContainerStateMachine (ContainerStateMachine.java:loadSnapshot(236)) - group-F2032093DD63: The snapshot info is null. Setting the last applied indexto:(t:0, i:~)
2022-10-10 08:40:09,936 [pool-578-thread-1] INFO  server.RaftServerConfigKeys (ConfUtils.java:logGet(46)) - raft.server.notification.no-leader.timeout = 300s (custom)
2022-10-10 08:40:09,936 [pool-578-thread-1] INFO  server.RaftServerConfigKeys (ConfUtils.java:logGet(46)) - raft.server.log.use.memory = false (default)
2022-10-10 08:40:09,936 [pool-578-thread-1] INFO  server.RaftServerConfigKeys (ConfUtils.java:logGet(46)) - raft.server.log.purge.gap = 1000000 (custom)
2022-10-10 08:40:09,936 [pool-578-thread-1] INFO  server.RaftServerConfigKeys (ConfUtils.java:logGet(46)) - raft.server.log.appender.buffer.byte-limit = 33554432 (custom)
2022-10-10 08:40:09,936 [pool-578-thread-1] INFO  server.RaftServerConfigKeys (ConfUtils.java:logGet(46)) - raft.server.log.statemachine.data.read.timeout = 1000ms (default)
2022-10-10 08:40:09,936 [pool-578-thread-1] INFO  server.RaftServerConfigKeys (ConfUtils.java:logGet(46)) - raft.server.log.segment.size.max = 1048576 (custom)
2022-10-10 08:40:09,937 [pool-578-thread-1] INFO  server.RaftServerConfigKeys (ConfUtils.java:logGet(46)) - raft.server.log.segment.cache.num.max = 2 (custom)
2022-10-10 08:40:09,937 [pool-578-thread-1] INFO  server.RaftServerConfigKeys (ConfUtils.java:logGet(46)) - raft.server.log.segment.cache.size.max = 200MB (=209715200) (default)
2022-10-10 08:40:09,937 [pool-578-thread-1] INFO  segmented.SegmentedRaftLogWorker (SegmentedRaftLogWorker.java:<init>(187)) - new df95c109-086c-4fdb-bc2f-e7a3020caa9e@group-F2032093DD63-SegmentedRaftLogWorker for RaftStorageImpl:Storage Directory /home/runner/work/ozone/ozone/hadoop-ozone/integration-test/target/test-dir/MiniOzoneClusterImpl-ad2c0857-510d-4cdb-92e5-38dbe430bd54/datanode-2/data/ratis/af2dbda5-f9d9-49d0-997d-f2032093dd63
2022-10-10 08:40:09,937 [pool-578-thread-1] INFO  server.RaftServerConfigKeys (ConfUtils.java:logGet(46)) - raft.server.log.queue.byte-limit = 4294967296 (custom)
2022-10-10 08:40:09,939 [pool-578-thread-1] INFO  server.RaftServerConfigKeys (ConfUtils.java:logGet(46)) - raft.server.log.queue.element-limit = 1024 (custom)
2022-10-10 08:40:09,939 [pool-578-thread-1] INFO  server.RaftServerConfigKeys (ConfUtils.java:logGet(46)) - raft.server.log.segment.size.max = 1048576 (custom)
2022-10-10 08:40:09,939 [pool-578-thread-1] INFO  server.RaftServerConfigKeys (ConfUtils.java:logGet(46)) - raft.server.log.preallocated.size = 16384 (custom)
2022-10-10 08:40:09,939 [pool-578-thread-1] INFO  server.RaftServerConfigKeys (ConfUtils.java:logGet(46)) - raft.server.log.force.sync.num = 128 (default)
2022-10-10 08:40:09,939 [pool-578-thread-1] INFO  server.RaftServerConfigKeys (ConfUtils.java:logGet(46)) - raft.server.log.statemachine.data.sync = true (default)
2022-10-10 08:40:09,939 [pool-578-thread-1] INFO  server.RaftServerConfigKeys (ConfUtils.java:logGet(46)) - raft.server.log.statemachine.data.sync.timeout = 10s (default)
2022-10-10 08:40:09,939 [pool-578-thread-1] INFO  server.RaftServerConfigKeys (ConfUtils.java:logGet(46)) - raft.server.log.statemachine.data.sync.timeout.retry = -1 (default)
2022-10-10 08:40:09,941 [pool-578-thread-1] INFO  server.RaftServerConfigKeys (ConfUtils.java:logGet(46)) - raft.server.log.write.buffer.size = 1048576 (custom)
2022-10-10 08:40:09,941 [pool-578-thread-1] INFO  server.RaftServerConfigKeys (ConfUtils.java:logGet(46)) - raft.server.log.unsafe-flush.enabled = false (default)
2022-10-10 08:40:09,941 [pool-578-thread-1] INFO  server.RaftServerConfigKeys (ConfUtils.java:logGet(46)) - raft.server.log.statemachine.data.caching.enabled = true (custom)
2022-10-10 08:40:09,941 [pool-578-thread-1] INFO  segmented.SegmentedRaftLogWorker (SegmentedRaftLogWorker.java:lambda$new$0(135)) - df95c109-086c-4fdb-bc2f-e7a3020caa9e@group-F2032093DD63-SegmentedRaftLogWorker: flushIndex: setUnconditionally 0 -> -1
2022-10-10 08:40:09,941 [pool-578-thread-1] INFO  segmented.SegmentedRaftLogWorker (SegmentedRaftLogWorker.java:lambda$new$0(135)) - df95c109-086c-4fdb-bc2f-e7a3020caa9e@group-F2032093DD63-SegmentedRaftLogWorker: safeCacheEvictIndex: setUnconditionally 0 -> -1
2022-10-10 08:40:09,942 [pool-578-thread-1] INFO  server.RaftServerConfigKeys (ConfUtils.java:logGet(46)) - raft.server.snapshot.auto.trigger.enabled = true (custom)
2022-10-10 08:40:09,942 [pool-578-thread-1] INFO  server.RaftServerConfigKeys (ConfUtils.java:logGet(46)) - raft.server.snapshot.auto.trigger.threshold = 10000 (custom)
2022-10-10 08:40:09,942 [pool-578-thread-1] INFO  server.RaftServerConfigKeys (ConfUtils.java:logGet(46)) - raft.server.snapshot.retention.file.num = 5 (custom)
2022-10-10 08:40:09,942 [pool-578-thread-1] INFO  server.RaftServerConfigKeys (ConfUtils.java:logGet(46)) - raft.server.log.purge.upto.snapshot.index = false (default)
2022-10-10 08:40:09,942 [pool-578-thread-1] INFO  server.RaftServerConfigKeys (ConfUtils.java:logGet(46)) - raft.server.retrycache.expirytime = 600000ms (custom)
2022-10-10 08:40:09,942 [pool-578-thread-1] INFO  server.RaftServerConfigKeys (ConfUtils.java:logGet(46)) - raft.server.retrycache.statistics.expirytime = 100μs (default)
2022-10-10 08:40:09,943 [pool-578-thread-1] INFO  server.RaftServerConfigKeys (ConfUtils.java:logGet(46)) - raft.server.log.appender.install.snapshot.enabled = false (custom)
2022-10-10 08:40:09,943 [pool-578-thread-1] INFO  server.RaftServerConfigKeys (ConfUtils.java:logGet(46)) - raft.server.threadpool.server.cached = true (default)
2022-10-10 08:40:09,943 [pool-578-thread-1] INFO  server.RaftServerConfigKeys (ConfUtils.java:logGet(46)) - raft.server.threadpool.server.size = 0 (default)
2022-10-10 08:40:09,943 [pool-578-thread-1] INFO  server.RaftServerConfigKeys (ConfUtils.java:logGet(46)) - raft.server.threadpool.client.cached = true (default)
2022-10-10 08:40:09,945 [pool-578-thread-1] INFO  server.RaftServerConfigKeys (ConfUtils.java:logGet(46)) - raft.server.threadpool.client.size = 0 (default)
2022-10-10 08:40:09,947 [pool-578-thread-1] INFO  server.RaftServer$Division (RaftServerImpl.java:start(310)) - df95c109-086c-4fdb-bc2f-e7a3020caa9e@group-F2032093DD63: start as a follower, conf=-1: [df95c109-086c-4fdb-bc2f-e7a3020caa9e|rpc:10.1.0.114:37403|dataStream:|priority:1, 2505bfdb-a405-42b6-a08f-f2b9b27cb3cf|rpc:10.1.0.114:44113|dataStream:|priority:0, 1a566261-beec-4fd1-be7c-d2e6de257968|rpc:10.1.0.114:43815|dataStream:|priority:0], old=null
2022-10-10 08:40:09,948 [pool-578-thread-1] INFO  server.RaftServer$Division (RaftServerImpl.java:setRole(299)) - df95c109-086c-4fdb-bc2f-e7a3020caa9e@group-F2032093DD63: changes role from      null to FOLLOWER at term 0 for startAsFollower
2022-10-10 08:40:09,948 [pool-578-thread-1] INFO  impl.RoleInfo (RoleInfo.java:updateAndGet(139)) - df95c109-086c-4fdb-bc2f-e7a3020caa9e: start df95c109-086c-4fdb-bc2f-e7a3020caa9e@group-F2032093DD63-FollowerState
2022-10-10 08:40:09,948 [pool-578-thread-1] INFO  util.JmxRegister (JmxRegister.java:tryRegister(44)) - Successfully registered JMX Bean with object name Ratis:service=RaftServer,group=group-F2032093DD63,id=df95c109-086c-4fdb-bc2f-e7a3020caa9e
2022-10-10 08:40:10,024 [grpc-default-executor-0] INFO  server.RaftServer (RaftServerProxy.java:addNew(96)) - 2505bfdb-a405-42b6-a08f-f2b9b27cb3cf: addNew group-F2032093DD63:[df95c109-086c-4fdb-bc2f-e7a3020caa9e|rpc:10.1.0.114:37403|dataStream:|priority:1, 2505bfdb-a405-42b6-a08f-f2b9b27cb3cf|rpc:10.1.0.114:44113|dataStream:|priority:0, 1a566261-beec-4fd1-be7c-d2e6de257968|rpc:10.1.0.114:43815|dataStream:|priority:0] returns group-F2032093DD63:java.util.concurrent.CompletableFuture@3349ca54[Not completed]
2022-10-10 08:40:10,039 [pool-555-thread-1] INFO  server.RaftServer$Division (RaftServerImpl.java:<init>(190)) - 2505bfdb-a405-42b6-a08f-f2b9b27cb3cf: new RaftServerImpl for group-F2032093DD63:[df95c109-086c-4fdb-bc2f-e7a3020caa9e|rpc:10.1.0.114:37403|dataStream:|priority:1, 2505bfdb-a405-42b6-a08f-f2b9b27cb3cf|rpc:10.1.0.114:44113|dataStream:|priority:0, 1a566261-beec-4fd1-be7c-d2e6de257968|rpc:10.1.0.114:43815|dataStream:|priority:0] with ContainerStateMachine:uninitialized
2022-10-10 08:40:10,039 [pool-555-thread-1] INFO  server.RaftServerConfigKeys (ConfUtils.java:logGet(46)) - raft.server.rpc.timeout.min = 5s (custom)
2022-10-10 08:40:10,039 [pool-555-thread-1] INFO  server.RaftServerConfigKeys (ConfUtils.java:logGet(46)) - raft.server.rpc.timeout.max = 5200ms (custom)
2022-10-10 08:40:10,039 [pool-555-thread-1] INFO  server.RaftServerConfigKeys (ConfUtils.java:logGet(46)) - raft.server.rpc.sleep.time = 25ms (default)
2022-10-10 08:40:10,039 [pool-555-thread-1] INFO  server.RaftServerConfigKeys (ConfUtils.java:logGet(46)) - raft.server.rpc.slowness.timeout = 300s (custom)
2022-10-10 08:40:10,039 [pool-555-thread-1] INFO  server.RaftServerConfigKeys (ConfUtils.java:logGet(46)) - raft.server.leaderelection.leader.step-down.wait-time = 10s (default)
2022-10-10 08:40:10,039 [pool-555-thread-1] INFO  server.RaftServerConfigKeys (ConfUtils.java:logGet(46)) - raft.server.sleep.deviation.threshold = 300ms (default)
2022-10-10 08:40:10,039 [pool-555-thread-1] INFO  server.RaftServer$Division (ServerState.java:<init>(107)) - 2505bfdb-a405-42b6-a08f-f2b9b27cb3cf@group-F2032093DD63: ConfigurationManager, init=-1: [df95c109-086c-4fdb-bc2f-e7a3020caa9e|rpc:10.1.0.114:37403|dataStream:|priority:1, 2505bfdb-a405-42b6-a08f-f2b9b27cb3cf|rpc:10.1.0.114:44113|dataStream:|priority:0, 1a566261-beec-4fd1-be7c-d2e6de257968|rpc:10.1.0.114:43815|dataStream:|priority:0], old=null, confs=<EMPTY_MAP>
2022-10-10 08:40:10,039 [pool-555-thread-1] INFO  server.RaftServerConfigKeys (ConfUtils.java:logGet(46)) - raft.server.storage.dir = [/home/runner/work/ozone/ozone/hadoop-ozone/integration-test/target/test-dir/MiniOzoneClusterImpl-ad2c0857-510d-4cdb-92e5-38dbe430bd54/datanode-1/data/ratis] (custom)
2022-10-10 08:40:10,039 [pool-555-thread-1] INFO  server.RaftServerConfigKeys (ConfUtils.java:logGet(46)) - raft.server.log.corruption.policy = EXCEPTION (default)
2022-10-10 08:40:10,039 [pool-555-thread-1] INFO  server.RaftServerConfigKeys (ConfUtils.java:logGet(46)) - raft.server.storage.free-space.min = 0MB (=0) (default)
2022-10-10 08:40:10,040 [pool-555-thread-1] INFO  storage.RaftStorageDirectory (RaftStorageDirectoryImpl.java:analyzeStorage(135)) - The storage directory /home/runner/work/ozone/ozone/hadoop-ozone/integration-test/target/test-dir/MiniOzoneClusterImpl-ad2c0857-510d-4cdb-92e5-38dbe430bd54/datanode-1/data/ratis/af2dbda5-f9d9-49d0-997d-f2032093dd63 does not exist. Creating ...
2022-10-10 08:40:10,046 [pool-555-thread-1] INFO  storage.RaftStorageDirectory (RaftStorageDirectoryImpl.java:tryLock(230)) - Lock on /home/runner/work/ozone/ozone/hadoop-ozone/integration-test/target/test-dir/MiniOzoneClusterImpl-ad2c0857-510d-4cdb-92e5-38dbe430bd54/datanode-1/data/ratis/af2dbda5-f9d9-49d0-997d-f2032093dd63/in_use.lock acquired by nodename 13217@fv-az292-843
2022-10-10 08:40:10,062 [pool-555-thread-1] INFO  storage.RaftStorage (RaftStorageImpl.java:format(89)) - Storage directory /home/runner/work/ozone/ozone/hadoop-ozone/integration-test/target/test-dir/MiniOzoneClusterImpl-ad2c0857-510d-4cdb-92e5-38dbe430bd54/datanode-1/data/ratis/af2dbda5-f9d9-49d0-997d-f2032093dd63 has been successfully formatted.
2022-10-10 08:40:10,075 [pool-555-thread-1] INFO  ratis.ContainerStateMachine (ContainerStateMachine.java:loadSnapshot(236)) - group-F2032093DD63: The snapshot info is null. Setting the last applied indexto:(t:0, i:~)
2022-10-10 08:40:10,078 [pool-555-thread-1] INFO  server.RaftServerConfigKeys (ConfUtils.java:logGet(46)) - raft.server.notification.no-leader.timeout = 300s (custom)
2022-10-10 08:40:10,078 [pool-555-thread-1] INFO  server.RaftServerConfigKeys (ConfUtils.java:logGet(46)) - raft.server.log.use.memory = false (default)
2022-10-10 08:40:10,078 [pool-555-thread-1] INFO  server.RaftServerConfigKeys (ConfUtils.java:logGet(46)) - raft.server.log.purge.gap = 1000000 (custom)
2022-10-10 08:40:10,078 [pool-555-thread-1] INFO  server.RaftServerConfigKeys (ConfUtils.java:logGet(46)) - raft.server.log.appender.buffer.byte-limit = 33554432 (custom)
2022-10-10 08:40:10,078 [pool-555-thread-1] INFO  server.RaftServerConfigKeys (ConfUtils.java:logGet(46)) - raft.server.log.statemachine.data.read.timeout = 1000ms (default)
2022-10-10 08:40:10,078 [pool-555-thread-1] INFO  server.RaftServerConfigKeys (ConfUtils.java:logGet(46)) - raft.server.log.segment.size.max = 1048576 (custom)
2022-10-10 08:40:10,079 [pool-555-thread-1] INFO  server.RaftServerConfigKeys (ConfUtils.java:logGet(46)) - raft.server.log.segment.cache.num.max = 2 (custom)
2022-10-10 08:40:10,079 [pool-555-thread-1] INFO  server.RaftServerConfigKeys (ConfUtils.java:logGet(46)) - raft.server.log.segment.cache.size.max = 200MB (=209715200) (default)
2022-10-10 08:40:10,079 [pool-555-thread-1] INFO  segmented.SegmentedRaftLogWorker (SegmentedRaftLogWorker.java:<init>(187)) - new 2505bfdb-a405-42b6-a08f-f2b9b27cb3cf@group-F2032093DD63-SegmentedRaftLogWorker for RaftStorageImpl:Storage Directory /home/runner/work/ozone/ozone/hadoop-ozone/integration-test/target/test-dir/MiniOzoneClusterImpl-ad2c0857-510d-4cdb-92e5-38dbe430bd54/datanode-1/data/ratis/af2dbda5-f9d9-49d0-997d-f2032093dd63
2022-10-10 08:40:10,079 [pool-555-thread-1] INFO  server.RaftServerConfigKeys (ConfUtils.java:logGet(46)) - raft.server.log.queue.byte-limit = 4294967296 (custom)
2022-10-10 08:40:10,079 [pool-555-thread-1] INFO  server.RaftServerConfigKeys (ConfUtils.java:logGet(46)) - raft.server.log.queue.element-limit = 1024 (custom)
2022-10-10 08:40:10,079 [pool-555-thread-1] INFO  server.RaftServerConfigKeys (ConfUtils.java:logGet(46)) - raft.server.log.segment.size.max = 1048576 (custom)
2022-10-10 08:40:10,079 [pool-555-thread-1] INFO  server.RaftServerConfigKeys (ConfUtils.java:logGet(46)) - raft.server.log.preallocated.size = 16384 (custom)
2022-10-10 08:40:10,079 [pool-555-thread-1] INFO  server.RaftServerConfigKeys (ConfUtils.java:logGet(46)) - raft.server.log.force.sync.num = 128 (default)
2022-10-10 08:40:10,079 [pool-555-thread-1] INFO  server.RaftServerConfigKeys (ConfUtils.java:logGet(46)) - raft.server.log.statemachine.data.sync = true (default)
2022-10-10 08:40:10,079 [pool-555-thread-1] INFO  server.RaftServerConfigKeys (ConfUtils.java:logGet(46)) - raft.server.log.statemachine.data.sync.timeout = 10s (default)
2022-10-10 08:40:10,079 [pool-555-thread-1] INFO  server.RaftServerConfigKeys (ConfUtils.java:logGet(46)) - raft.server.log.statemachine.data.sync.timeout.retry = -1 (default)
2022-10-10 08:40:10,080 [pool-555-thread-1] INFO  server.RaftServerConfigKeys (ConfUtils.java:logGet(46)) - raft.server.log.write.buffer.size = 1048576 (custom)
2022-10-10 08:40:10,081 [pool-555-thread-1] INFO  server.RaftServerConfigKeys (ConfUtils.java:logGet(46)) - raft.server.log.unsafe-flush.enabled = false (default)
2022-10-10 08:40:10,081 [pool-555-thread-1] INFO  server.RaftServerConfigKeys (ConfUtils.java:logGet(46)) - raft.server.log.statemachine.data.caching.enabled = true (custom)
2022-10-10 08:40:10,082 [pool-555-thread-1] INFO  segmented.SegmentedRaftLogWorker (SegmentedRaftLogWorker.java:lambda$new$0(135)) - 2505bfdb-a405-42b6-a08f-f2b9b27cb3cf@group-F2032093DD63-SegmentedRaftLogWorker: flushIndex: setUnconditionally 0 -> -1
2022-10-10 08:40:10,082 [pool-555-thread-1] INFO  segmented.SegmentedRaftLogWorker (SegmentedRaftLogWorker.java:lambda$new$0(135)) - 2505bfdb-a405-42b6-a08f-f2b9b27cb3cf@group-F2032093DD63-SegmentedRaftLogWorker: safeCacheEvictIndex: setUnconditionally 0 -> -1
2022-10-10 08:40:10,082 [pool-555-thread-1] INFO  server.RaftServerConfigKeys (ConfUtils.java:logGet(46)) - raft.server.snapshot.auto.trigger.enabled = true (custom)
2022-10-10 08:40:10,082 [pool-555-thread-1] INFO  server.RaftServerConfigKeys (ConfUtils.java:logGet(46)) - raft.server.snapshot.auto.trigger.threshold = 10000 (custom)
2022-10-10 08:40:10,082 [pool-555-thread-1] INFO  server.RaftServerConfigKeys (ConfUtils.java:logGet(46)) - raft.server.snapshot.retention.file.num = 5 (custom)
2022-10-10 08:40:10,082 [pool-555-thread-1] INFO  server.RaftServerConfigKeys (ConfUtils.java:logGet(46)) - raft.server.log.purge.upto.snapshot.index = false (default)
2022-10-10 08:40:10,082 [pool-555-thread-1] INFO  server.RaftServerConfigKeys (ConfUtils.java:logGet(46)) - raft.server.retrycache.expirytime = 600000ms (custom)
2022-10-10 08:40:10,082 [pool-555-thread-1] INFO  server.RaftServerConfigKeys (ConfUtils.java:logGet(46)) - raft.server.retrycache.statistics.expirytime = 100μs (default)
2022-10-10 08:40:10,083 [pool-555-thread-1] INFO  server.RaftServerConfigKeys (ConfUtils.java:logGet(46)) - raft.server.log.appender.install.snapshot.enabled = false (custom)
2022-10-10 08:40:10,084 [pool-555-thread-1] INFO  server.RaftServerConfigKeys (ConfUtils.java:logGet(46)) - raft.server.threadpool.server.cached = true (default)
2022-10-10 08:40:10,084 [pool-555-thread-1] INFO  server.RaftServerConfigKeys (ConfUtils.java:logGet(46)) - raft.server.threadpool.server.size = 0 (default)
2022-10-10 08:40:10,084 [pool-555-thread-1] INFO  server.RaftServerConfigKeys (ConfUtils.java:logGet(46)) - raft.server.threadpool.client.cached = true (default)
2022-10-10 08:40:10,084 [pool-555-thread-1] INFO  server.RaftServerConfigKeys (ConfUtils.java:logGet(46)) - raft.server.threadpool.client.size = 0 (default)
2022-10-10 08:40:10,084 [pool-555-thread-1] INFO  server.RaftServer$Division (RaftServerImpl.java:start(310)) - 2505bfdb-a405-42b6-a08f-f2b9b27cb3cf@group-F2032093DD63: start as a follower, conf=-1: [df95c109-086c-4fdb-bc2f-e7a3020caa9e|rpc:10.1.0.114:37403|dataStream:|priority:1, 2505bfdb-a405-42b6-a08f-f2b9b27cb3cf|rpc:10.1.0.114:44113|dataStream:|priority:0, 1a566261-beec-4fd1-be7c-d2e6de257968|rpc:10.1.0.114:43815|dataStream:|priority:0], old=null
2022-10-10 08:40:10,084 [pool-555-thread-1] INFO  server.RaftServer$Division (RaftServerImpl.java:setRole(299)) - 2505bfdb-a405-42b6-a08f-f2b9b27cb3cf@group-F2032093DD63: changes role from      null to FOLLOWER at term 0 for startAsFollower
2022-10-10 08:40:10,084 [pool-555-thread-1] INFO  impl.RoleInfo (RoleInfo.java:updateAndGet(139)) - 2505bfdb-a405-42b6-a08f-f2b9b27cb3cf: start 2505bfdb-a405-42b6-a08f-f2b9b27cb3cf@group-F2032093DD63-FollowerState
2022-10-10 08:40:10,085 [pool-555-thread-1] INFO  util.JmxRegister (JmxRegister.java:tryRegister(44)) - Successfully registered JMX Bean with object name Ratis:service=RaftServer,group=group-F2032093DD63,id=2505bfdb-a405-42b6-a08f-f2b9b27cb3cf
2022-10-10 08:40:10,110 [Command processor thread] INFO  commandhandler.CreatePipelineCommandHandler (CreatePipelineCommandHandler.java:handle(113)) - Created Pipeline RATIS THREE PipelineID=af2dbda5-f9d9-49d0-997d-f2032093dd63.
2022-10-10 08:40:10,110 [Command processor thread] INFO  server.RaftServer (RaftServerProxy.java:addNew(96)) - 1a566261-beec-4fd1-be7c-d2e6de257968: addNew group-E6C73168D3C7:[df95c109-086c-4fdb-bc2f-e7a3020caa9e|rpc:10.1.0.114:37403|priority:0, 2505bfdb-a405-42b6-a08f-f2b9b27cb3cf|rpc:10.1.0.114:44113|priority:1, 1a566261-beec-4fd1-be7c-d2e6de257968|rpc:10.1.0.114:43815|priority:0] returns group-E6C73168D3C7:java.util.concurrent.CompletableFuture@d2cd29f[Not completed]
2022-10-10 08:40:10,111 [pool-532-thread-1] INFO  server.RaftServer$Division (RaftServerImpl.java:<init>(190)) - 1a566261-beec-4fd1-be7c-d2e6de257968: new RaftServerImpl for group-E6C73168D3C7:[df95c109-086c-4fdb-bc2f-e7a3020caa9e|rpc:10.1.0.114:37403|priority:0, 2505bfdb-a405-42b6-a08f-f2b9b27cb3cf|rpc:10.1.0.114:44113|priority:1, 1a566261-beec-4fd1-be7c-d2e6de257968|rpc:10.1.0.114:43815|priority:0] with ContainerStateMachine:uninitialized
2022-10-10 08:40:10,111 [pool-532-thread-1] INFO  server.RaftServerConfigKeys (ConfUtils.java:logGet(46)) - raft.server.rpc.timeout.min = 5s (custom)
2022-10-10 08:40:10,111 [pool-532-thread-1] INFO  server.RaftServerConfigKeys (ConfUtils.java:logGet(46)) - raft.server.rpc.timeout.max = 5200ms (custom)
2022-10-10 08:40:10,111 [pool-532-thread-1] INFO  server.RaftServerConfigKeys (ConfUtils.java:logGet(46)) - raft.server.rpc.sleep.time = 25ms (default)
2022-10-10 08:40:10,111 [pool-532-thread-1] INFO  server.RaftServerConfigKeys (ConfUtils.java:logGet(46)) - raft.server.rpc.slowness.timeout = 300s (custom)
2022-10-10 08:40:10,111 [pool-532-thread-1] INFO  server.RaftServerConfigKeys (ConfUtils.java:logGet(46)) - raft.server.leaderelection.leader.step-down.wait-time = 10s (default)
2022-10-10 08:40:10,111 [pool-532-thread-1] INFO  server.RaftServerConfigKeys (ConfUtils.java:logGet(46)) - raft.server.sleep.deviation.threshold = 300ms (default)
2022-10-10 08:40:10,111 [pool-532-thread-1] INFO  server.RaftServer$Division (ServerState.java:<init>(107)) - 1a566261-beec-4fd1-be7c-d2e6de257968@group-E6C73168D3C7: ConfigurationManager, init=-1: [df95c109-086c-4fdb-bc2f-e7a3020caa9e|rpc:10.1.0.114:37403|priority:0, 2505bfdb-a405-42b6-a08f-f2b9b27cb3cf|rpc:10.1.0.114:44113|priority:1, 1a566261-beec-4fd1-be7c-d2e6de257968|rpc:10.1.0.114:43815|priority:0], old=null, confs=<EMPTY_MAP>
2022-10-10 08:40:10,112 [pool-532-thread-1] INFO  server.RaftServerConfigKeys (ConfUtils.java:logGet(46)) - raft.server.storage.dir = [/home/runner/work/ozone/ozone/hadoop-ozone/integration-test/target/test-dir/MiniOzoneClusterImpl-ad2c0857-510d-4cdb-92e5-38dbe430bd54/datanode-0/data/ratis] (custom)
2022-10-10 08:40:10,112 [pool-532-thread-1] INFO  server.RaftServerConfigKeys (ConfUtils.java:logGet(46)) - raft.server.log.corruption.policy = EXCEPTION (default)
2022-10-10 08:40:10,112 [pool-532-thread-1] INFO  server.RaftServerConfigKeys (ConfUtils.java:logGet(46)) - raft.server.storage.free-space.min = 0MB (=0) (default)
2022-10-10 08:40:10,112 [pool-532-thread-1] INFO  storage.RaftStorageDirectory (RaftStorageDirectoryImpl.java:analyzeStorage(135)) - The storage directory /home/runner/work/ozone/ozone/hadoop-ozone/integration-test/target/test-dir/MiniOzoneClusterImpl-ad2c0857-510d-4cdb-92e5-38dbe430bd54/datanode-0/data/ratis/42ce9204-ee81-4a80-841e-e6c73168d3c7 does not exist. Creating ...
2022-10-10 08:40:10,113 [pool-532-thread-1] INFO  storage.RaftStorageDirectory (RaftStorageDirectoryImpl.java:tryLock(230)) - Lock on /home/runner/work/ozone/ozone/hadoop-ozone/integration-test/target/test-dir/MiniOzoneClusterImpl-ad2c0857-510d-4cdb-92e5-38dbe430bd54/datanode-0/data/ratis/42ce9204-ee81-4a80-841e-e6c73168d3c7/in_use.lock acquired by nodename 13217@fv-az292-843
2022-10-10 08:40:10,117 [pool-532-thread-1] INFO  storage.RaftStorage (RaftStorageImpl.java:format(89)) - Storage directory /home/runner/work/ozone/ozone/hadoop-ozone/integration-test/target/test-dir/MiniOzoneClusterImpl-ad2c0857-510d-4cdb-92e5-38dbe430bd54/datanode-0/data/ratis/42ce9204-ee81-4a80-841e-e6c73168d3c7 has been successfully formatted.
2022-10-10 08:40:10,117 [pool-532-thread-1] INFO  ratis.ContainerStateMachine (ContainerStateMachine.java:loadSnapshot(236)) - group-E6C73168D3C7: The snapshot info is null. Setting the last applied indexto:(t:0, i:~)
2022-10-10 08:40:10,120 [pool-532-thread-1] INFO  server.RaftServerConfigKeys (ConfUtils.java:logGet(46)) - raft.server.notification.no-leader.timeout = 300s (custom)
2022-10-10 08:40:10,120 [pool-532-thread-1] INFO  server.RaftServerConfigKeys (ConfUtils.java:logGet(46)) - raft.server.log.use.memory = false (default)
2022-10-10 08:40:10,120 [pool-532-thread-1] INFO  server.RaftServerConfigKeys (ConfUtils.java:logGet(46)) - raft.server.log.purge.gap = 1000000 (custom)
2022-10-10 08:40:10,120 [pool-532-thread-1] INFO  server.RaftServerConfigKeys (ConfUtils.java:logGet(46)) - raft.server.log.appender.buffer.byte-limit = 33554432 (custom)
2022-10-10 08:40:10,121 [EventQueue-OpenPipelineForHealthyPipelineSafeModeRule] INFO  safemode.SCMSafeModeManager (HealthyPipelineSafeModeRule.java:process(137)) - SCM in safe mode. Healthy pipelines reported count is 0, required healthy pipeline reported count is 1
2022-10-10 08:40:10,121 [pool-532-thread-1] INFO  server.RaftServerConfigKeys (ConfUtils.java:logGet(46)) - raft.server.log.statemachine.data.read.timeout = 1000ms (default)
2022-10-10 08:40:10,121 [pool-532-thread-1] INFO  server.RaftServerConfigKeys (ConfUtils.java:logGet(46)) - raft.server.log.segment.size.max = 1048576 (custom)
2022-10-10 08:40:10,122 [pool-532-thread-1] INFO  server.RaftServerConfigKeys (ConfUtils.java:logGet(46)) - raft.server.log.segment.cache.num.max = 2 (custom)
2022-10-10 08:40:10,122 [pool-532-thread-1] INFO  server.RaftServerConfigKeys (ConfUtils.java:logGet(46)) - raft.server.log.segment.cache.size.max = 200MB (=209715200) (default)
2022-10-10 08:40:10,122 [pool-532-thread-1] INFO  segmented.SegmentedRaftLogWorker (SegmentedRaftLogWorker.java:<init>(187)) - new 1a566261-beec-4fd1-be7c-d2e6de257968@group-E6C73168D3C7-SegmentedRaftLogWorker for RaftStorageImpl:Storage Directory /home/runner/work/ozone/ozone/hadoop-ozone/integration-test/target/test-dir/MiniOzoneClusterImpl-ad2c0857-510d-4cdb-92e5-38dbe430bd54/datanode-0/data/ratis/42ce9204-ee81-4a80-841e-e6c73168d3c7
2022-10-10 08:40:10,122 [pool-532-thread-1] INFO  server.RaftServerConfigKeys (ConfUtils.java:logGet(46)) - raft.server.log.queue.byte-limit = 4294967296 (custom)
2022-10-10 08:40:10,122 [pool-532-thread-1] INFO  server.RaftServerConfigKeys (ConfUtils.java:logGet(46)) - raft.server.log.queue.element-limit = 1024 (custom)
2022-10-10 08:40:10,122 [pool-532-thread-1] INFO  server.RaftServerConfigKeys (ConfUtils.java:logGet(46)) - raft.server.log.segment.size.max = 1048576 (custom)
2022-10-10 08:40:10,122 [pool-532-thread-1] INFO  server.RaftServerConfigKeys (ConfUtils.java:logGet(46)) - raft.server.log.preallocated.size = 16384 (custom)
2022-10-10 08:40:10,124 [pool-532-thread-1] INFO  server.RaftServerConfigKeys (ConfUtils.java:logGet(46)) - raft.server.log.force.sync.num = 128 (default)
2022-10-10 08:40:10,124 [pool-532-thread-1] INFO  server.RaftServerConfigKeys (ConfUtils.java:logGet(46)) - raft.server.log.statemachine.data.sync = true (default)
2022-10-10 08:40:10,124 [pool-532-thread-1] INFO  server.RaftServerConfigKeys (ConfUtils.java:logGet(46)) - raft.server.log.statemachine.data.sync.timeout = 10s (default)
2022-10-10 08:40:10,124 [pool-532-thread-1] INFO  server.RaftServerConfigKeys (ConfUtils.java:logGet(46)) - raft.server.log.statemachine.data.sync.timeout.retry = -1 (default)
2022-10-10 08:40:10,125 [pool-532-thread-1] INFO  server.RaftServerConfigKeys (ConfUtils.java:logGet(46)) - raft.server.log.write.buffer.size = 1048576 (custom)
2022-10-10 08:40:10,125 [pool-532-thread-1] INFO  server.RaftServerConfigKeys (ConfUtils.java:logGet(46)) - raft.server.log.unsafe-flush.enabled = false (default)
2022-10-10 08:40:10,125 [pool-532-thread-1] INFO  server.RaftServerConfigKeys (ConfUtils.java:logGet(46)) - raft.server.log.statemachine.data.caching.enabled = true (custom)
2022-10-10 08:40:10,125 [pool-532-thread-1] INFO  segmented.SegmentedRaftLogWorker (SegmentedRaftLogWorker.java:lambda$new$0(135)) - 1a566261-beec-4fd1-be7c-d2e6de257968@group-E6C73168D3C7-SegmentedRaftLogWorker: flushIndex: setUnconditionally 0 -> -1
2022-10-10 08:40:10,125 [pool-532-thread-1] INFO  segmented.SegmentedRaftLogWorker (SegmentedRaftLogWorker.java:lambda$new$0(135)) - 1a566261-beec-4fd1-be7c-d2e6de257968@group-E6C73168D3C7-SegmentedRaftLogWorker: safeCacheEvictIndex: setUnconditionally 0 -> -1
2022-10-10 08:40:10,128 [pool-532-thread-1] INFO  server.RaftServerConfigKeys (ConfUtils.java:logGet(46)) - raft.server.snapshot.auto.trigger.enabled = true (custom)
2022-10-10 08:40:10,128 [pool-532-thread-1] INFO  server.RaftServerConfigKeys (ConfUtils.java:logGet(46)) - raft.server.snapshot.auto.trigger.threshold = 10000 (custom)
2022-10-10 08:40:10,128 [pool-532-thread-1] INFO  server.RaftServerConfigKeys (ConfUtils.java:logGet(46)) - raft.server.snapshot.retention.file.num = 5 (custom)
2022-10-10 08:40:10,128 [pool-532-thread-1] INFO  server.RaftServerConfigKeys (ConfUtils.java:logGet(46)) - raft.server.log.purge.upto.snapshot.index = false (default)
2022-10-10 08:40:10,128 [pool-532-thread-1] INFO  server.RaftServerConfigKeys (ConfUtils.java:logGet(46)) - raft.server.retrycache.expirytime = 600000ms (custom)
2022-10-10 08:40:10,128 [pool-532-thread-1] INFO  server.RaftServerConfigKeys (ConfUtils.java:logGet(46)) - raft.server.retrycache.statistics.expirytime = 100μs (default)
2022-10-10 08:40:10,129 [pool-532-thread-1] INFO  server.RaftServerConfigKeys (ConfUtils.java:logGet(46)) - raft.server.log.appender.install.snapshot.enabled = false (custom)
2022-10-10 08:40:10,129 [pool-532-thread-1] INFO  server.RaftServerConfigKeys (ConfUtils.java:logGet(46)) - raft.server.threadpool.server.cached = true (default)
2022-10-10 08:40:10,130 [pool-532-thread-1] INFO  server.RaftServerConfigKeys (ConfUtils.java:logGet(46)) - raft.server.threadpool.server.size = 0 (default)
2022-10-10 08:40:10,130 [pool-532-thread-1] INFO  server.RaftServerConfigKeys (ConfUtils.java:logGet(46)) - raft.server.threadpool.client.cached = true (default)
2022-10-10 08:40:10,130 [pool-532-thread-1] INFO  server.RaftServerConfigKeys (ConfUtils.java:logGet(46)) - raft.server.threadpool.client.size = 0 (default)
2022-10-10 08:40:10,130 [pool-532-thread-1] INFO  server.RaftServer$Division (RaftServerImpl.java:start(310)) - 1a566261-beec-4fd1-be7c-d2e6de257968@group-E6C73168D3C7: start as a follower, conf=-1: [df95c109-086c-4fdb-bc2f-e7a3020caa9e|rpc:10.1.0.114:37403|priority:0, 2505bfdb-a405-42b6-a08f-f2b9b27cb3cf|rpc:10.1.0.114:44113|priority:1, 1a566261-beec-4fd1-be7c-d2e6de257968|rpc:10.1.0.114:43815|priority:0], old=null
2022-10-10 08:40:10,130 [pool-532-thread-1] INFO  server.RaftServer$Division (RaftServerImpl.java:setRole(299)) - 1a566261-beec-4fd1-be7c-d2e6de257968@group-E6C73168D3C7: changes role from      null to FOLLOWER at term 0 for startAsFollower
2022-10-10 08:40:10,130 [pool-532-thread-1] INFO  impl.RoleInfo (RoleInfo.java:updateAndGet(139)) - 1a566261-beec-4fd1-be7c-d2e6de257968: start 1a566261-beec-4fd1-be7c-d2e6de257968@group-E6C73168D3C7-FollowerState
2022-10-10 08:40:10,131 [pool-532-thread-1] INFO  util.JmxRegister (JmxRegister.java:tryRegister(44)) - Successfully registered JMX Bean with object name Ratis:service=RaftServer,group=group-E6C73168D3C7,id=1a566261-beec-4fd1-be7c-d2e6de257968
2022-10-10 08:40:10,132 [Command processor thread] INFO  ratis.XceiverServerRatis (XceiverServerRatis.java:addGroup(765)) - Created group PipelineID=42ce9204-ee81-4a80-841e-e6c73168d3c7
2022-10-10 08:40:10,167 [grpc-default-executor-0] INFO  server.RaftServer (RaftServerProxy.java:addNew(96)) - 2505bfdb-a405-42b6-a08f-f2b9b27cb3cf: addNew group-E6C73168D3C7:[df95c109-086c-4fdb-bc2f-e7a3020caa9e|rpc:10.1.0.114:37403|dataStream:|priority:0, 2505bfdb-a405-42b6-a08f-f2b9b27cb3cf|rpc:10.1.0.114:44113|dataStream:|priority:1, 1a566261-beec-4fd1-be7c-d2e6de257968|rpc:10.1.0.114:43815|dataStream:|priority:0] returns group-E6C73168D3C7:java.util.concurrent.CompletableFuture@4a764a31[Not completed]
2022-10-10 08:40:10,168 [pool-555-thread-1] INFO  server.RaftServer$Division (RaftServerImpl.java:<init>(190)) - 2505bfdb-a405-42b6-a08f-f2b9b27cb3cf: new RaftServerImpl for group-E6C73168D3C7:[df95c109-086c-4fdb-bc2f-e7a3020caa9e|rpc:10.1.0.114:37403|dataStream:|priority:0, 2505bfdb-a405-42b6-a08f-f2b9b27cb3cf|rpc:10.1.0.114:44113|dataStream:|priority:1, 1a566261-beec-4fd1-be7c-d2e6de257968|rpc:10.1.0.114:43815|dataStream:|priority:0] with ContainerStateMachine:uninitialized
2022-10-10 08:40:10,169 [pool-555-thread-1] INFO  server.RaftServerConfigKeys (ConfUtils.java:logGet(46)) - raft.server.rpc.timeout.min = 5s (custom)
2022-10-10 08:40:10,169 [pool-555-thread-1] INFO  server.RaftServerConfigKeys (ConfUtils.java:logGet(46)) - raft.server.rpc.timeout.max = 5200ms (custom)
2022-10-10 08:40:10,169 [pool-555-thread-1] INFO  server.RaftServerConfigKeys (ConfUtils.java:logGet(46)) - raft.server.rpc.sleep.time = 25ms (default)
2022-10-10 08:40:10,169 [pool-555-thread-1] INFO  server.RaftServerConfigKeys (ConfUtils.java:logGet(46)) - raft.server.rpc.slowness.timeout = 300s (custom)
2022-10-10 08:40:10,169 [pool-555-thread-1] INFO  server.RaftServerConfigKeys (ConfUtils.java:logGet(46)) - raft.server.leaderelection.leader.step-down.wait-time = 10s (default)
2022-10-10 08:40:10,169 [pool-555-thread-1] INFO  server.RaftServerConfigKeys (ConfUtils.java:logGet(46)) - raft.server.sleep.deviation.threshold = 300ms (default)
2022-10-10 08:40:10,169 [pool-555-thread-1] INFO  server.RaftServer$Division (ServerState.java:<init>(107)) - 2505bfdb-a405-42b6-a08f-f2b9b27cb3cf@group-E6C73168D3C7: ConfigurationManager, init=-1: [df95c109-086c-4fdb-bc2f-e7a3020caa9e|rpc:10.1.0.114:37403|dataStream:|priority:0, 2505bfdb-a405-42b6-a08f-f2b9b27cb3cf|rpc:10.1.0.114:44113|dataStream:|priority:1, 1a566261-beec-4fd1-be7c-d2e6de257968|rpc:10.1.0.114:43815|dataStream:|priority:0], old=null, confs=<EMPTY_MAP>
2022-10-10 08:40:10,169 [pool-555-thread-1] INFO  server.RaftServerConfigKeys (ConfUtils.java:logGet(46)) - raft.server.storage.dir = [/home/runner/work/ozone/ozone/hadoop-ozone/integration-test/target/test-dir/MiniOzoneClusterImpl-ad2c0857-510d-4cdb-92e5-38dbe430bd54/datanode-1/data/ratis] (custom)
2022-10-10 08:40:10,169 [pool-555-thread-1] INFO  server.RaftServerConfigKeys (ConfUtils.java:logGet(46)) - raft.server.log.corruption.policy = EXCEPTION (default)
2022-10-10 08:40:10,169 [pool-555-thread-1] INFO  server.RaftServerConfigKeys (ConfUtils.java:logGet(46)) - raft.server.storage.free-space.min = 0MB (=0) (default)
2022-10-10 08:40:10,169 [pool-555-thread-1] INFO  storage.RaftStorageDirectory (RaftStorageDirectoryImpl.java:analyzeStorage(135)) - The storage directory /home/runner/work/ozone/ozone/hadoop-ozone/integration-test/target/test-dir/MiniOzoneClusterImpl-ad2c0857-510d-4cdb-92e5-38dbe430bd54/datanode-1/data/ratis/42ce9204-ee81-4a80-841e-e6c73168d3c7 does not exist. Creating ...
2022-10-10 08:40:10,171 [pool-555-thread-1] INFO  storage.RaftStorageDirectory (RaftStorageDirectoryImpl.java:tryLock(230)) - Lock on /home/runner/work/ozone/ozone/hadoop-ozone/integration-test/target/test-dir/MiniOzoneClusterImpl-ad2c0857-510d-4cdb-92e5-38dbe430bd54/datanode-1/data/ratis/42ce9204-ee81-4a80-841e-e6c73168d3c7/in_use.lock acquired by nodename 13217@fv-az292-843
2022-10-10 08:40:10,173 [pool-555-thread-1] INFO  storage.RaftStorage (RaftStorageImpl.java:format(89)) - Storage directory /home/runner/work/ozone/ozone/hadoop-ozone/integration-test/target/test-dir/MiniOzoneClusterImpl-ad2c0857-510d-4cdb-92e5-38dbe430bd54/datanode-1/data/ratis/42ce9204-ee81-4a80-841e-e6c73168d3c7 has been successfully formatted.
2022-10-10 08:40:10,176 [pool-555-thread-1] INFO  ratis.ContainerStateMachine (ContainerStateMachine.java:loadSnapshot(236)) - group-E6C73168D3C7: The snapshot info is null. Setting the last applied indexto:(t:0, i:~)
2022-10-10 08:40:10,176 [pool-555-thread-1] INFO  server.RaftServerConfigKeys (ConfUtils.java:logGet(46)) - raft.server.notification.no-leader.timeout = 300s (custom)
2022-10-10 08:40:10,176 [pool-555-thread-1] INFO  server.RaftServerConfigKeys (ConfUtils.java:logGet(46)) - raft.server.log.use.memory = false (default)
2022-10-10 08:40:10,176 [pool-555-thread-1] INFO  server.RaftServerConfigKeys (ConfUtils.java:logGet(46)) - raft.server.log.purge.gap = 1000000 (custom)
2022-10-10 08:40:10,176 [pool-555-thread-1] INFO  server.RaftServerConfigKeys (ConfUtils.java:logGet(46)) - raft.server.log.appender.buffer.byte-limit = 33554432 (custom)
2022-10-10 08:40:10,177 [pool-555-thread-1] INFO  server.RaftServerConfigKeys (ConfUtils.java:logGet(46)) - raft.server.log.statemachine.data.read.timeout = 1000ms (default)
2022-10-10 08:40:10,177 [pool-555-thread-1] INFO  server.RaftServerConfigKeys (ConfUtils.java:logGet(46)) - raft.server.log.segment.size.max = 1048576 (custom)
2022-10-10 08:40:10,177 [pool-555-thread-1] INFO  server.RaftServerConfigKeys (ConfUtils.java:logGet(46)) - raft.server.log.segment.cache.num.max = 2 (custom)
2022-10-10 08:40:10,177 [pool-555-thread-1] INFO  server.RaftServerConfigKeys (ConfUtils.java:logGet(46)) - raft.server.log.segment.cache.size.max = 200MB (=209715200) (default)
2022-10-10 08:40:10,177 [pool-555-thread-1] INFO  segmented.SegmentedRaftLogWorker (SegmentedRaftLogWorker.java:<init>(187)) - new 2505bfdb-a405-42b6-a08f-f2b9b27cb3cf@group-E6C73168D3C7-SegmentedRaftLogWorker for RaftStorageImpl:Storage Directory /home/runner/work/ozone/ozone/hadoop-ozone/integration-test/target/test-dir/MiniOzoneClusterImpl-ad2c0857-510d-4cdb-92e5-38dbe430bd54/datanode-1/data/ratis/42ce9204-ee81-4a80-841e-e6c73168d3c7
2022-10-10 08:40:10,177 [pool-555-thread-1] INFO  server.RaftServerConfigKeys (ConfUtils.java:logGet(46)) - raft.server.log.queue.byte-limit = 4294967296 (custom)
2022-10-10 08:40:10,177 [pool-555-thread-1] INFO  server.RaftServerConfigKeys (ConfUtils.java:logGet(46)) - raft.server.log.queue.element-limit = 1024 (custom)
2022-10-10 08:40:10,177 [pool-555-thread-1] INFO  server.RaftServerConfigKeys (ConfUtils.java:logGet(46)) - raft.server.log.segment.size.max = 1048576 (custom)
2022-10-10 08:40:10,177 [pool-555-thread-1] INFO  server.RaftServerConfigKeys (ConfUtils.java:logGet(46)) - raft.server.log.preallocated.size = 16384 (custom)
2022-10-10 08:40:10,178 [pool-555-thread-1] INFO  server.RaftServerConfigKeys (ConfUtils.java:logGet(46)) - raft.server.log.force.sync.num = 128 (default)
2022-10-10 08:40:10,178 [pool-555-thread-1] INFO  server.RaftServerConfigKeys (ConfUtils.java:logGet(46)) - raft.server.log.statemachine.data.sync = true (default)
2022-10-10 08:40:10,178 [pool-555-thread-1] INFO  server.RaftServerConfigKeys (ConfUtils.java:logGet(46)) - raft.server.log.statemachine.data.sync.timeout = 10s (default)
2022-10-10 08:40:10,178 [pool-555-thread-1] INFO  server.RaftServerConfigKeys (ConfUtils.java:logGet(46)) - raft.server.log.statemachine.data.sync.timeout.retry = -1 (default)
2022-10-10 08:40:10,179 [pool-555-thread-1] INFO  server.RaftServerConfigKeys (ConfUtils.java:logGet(46)) - raft.server.log.write.buffer.size = 1048576 (custom)
2022-10-10 08:40:10,179 [pool-555-thread-1] INFO  server.RaftServerConfigKeys (ConfUtils.java:logGet(46)) - raft.server.log.unsafe-flush.enabled = false (default)
2022-10-10 08:40:10,179 [pool-555-thread-1] INFO  server.RaftServerConfigKeys (ConfUtils.java:logGet(46)) - raft.server.log.statemachine.data.caching.enabled = true (custom)
2022-10-10 08:40:10,179 [pool-555-thread-1] INFO  segmented.SegmentedRaftLogWorker (SegmentedRaftLogWorker.java:lambda$new$0(135)) - 2505bfdb-a405-42b6-a08f-f2b9b27cb3cf@group-E6C73168D3C7-SegmentedRaftLogWorker: flushIndex: setUnconditionally 0 -> -1
2022-10-10 08:40:10,179 [pool-555-thread-1] INFO  segmented.SegmentedRaftLogWorker (SegmentedRaftLogWorker.java:lambda$new$0(135)) - 2505bfdb-a405-42b6-a08f-f2b9b27cb3cf@group-E6C73168D3C7-SegmentedRaftLogWorker: safeCacheEvictIndex: setUnconditionally 0 -> -1
2022-10-10 08:40:10,180 [pool-555-thread-1] INFO  server.RaftServerConfigKeys (ConfUtils.java:logGet(46)) - raft.server.snapshot.auto.trigger.enabled = true (custom)
2022-10-10 08:40:10,180 [pool-555-thread-1] INFO  server.RaftServerConfigKeys (ConfUtils.java:logGet(46)) - raft.server.snapshot.auto.trigger.threshold = 10000 (custom)
2022-10-10 08:40:10,180 [pool-555-thread-1] INFO  server.RaftServerConfigKeys (ConfUtils.java:logGet(46)) - raft.server.snapshot.retention.file.num = 5 (custom)
2022-10-10 08:40:10,180 [pool-555-thread-1] INFO  server.RaftServerConfigKeys (ConfUtils.java:logGet(46)) - raft.server.log.purge.upto.snapshot.index = false (default)
2022-10-10 08:40:10,180 [pool-555-thread-1] INFO  server.RaftServerConfigKeys (ConfUtils.java:logGet(46)) - raft.server.retrycache.expirytime = 600000ms (custom)
2022-10-10 08:40:10,180 [pool-555-thread-1] INFO  server.RaftServerConfigKeys (ConfUtils.java:logGet(46)) - raft.server.retrycache.statistics.expirytime = 100μs (default)
2022-10-10 08:40:10,182 [pool-555-thread-1] INFO  server.RaftServerConfigKeys (ConfUtils.java:logGet(46)) - raft.server.log.appender.install.snapshot.enabled = false (custom)
2022-10-10 08:40:10,182 [pool-555-thread-1] INFO  server.RaftServerConfigKeys (ConfUtils.java:logGet(46)) - raft.server.threadpool.server.cached = true (default)
2022-10-10 08:40:10,182 [pool-555-thread-1] INFO  server.RaftServerConfigKeys (ConfUtils.java:logGet(46)) - raft.server.threadpool.server.size = 0 (default)
2022-10-10 08:40:10,182 [pool-555-thread-1] INFO  server.RaftServerConfigKeys (ConfUtils.java:logGet(46)) - raft.server.threadpool.client.cached = true (default)
2022-10-10 08:40:10,182 [pool-555-thread-1] INFO  server.RaftServerConfigKeys (ConfUtils.java:logGet(46)) - raft.server.threadpool.client.size = 0 (default)
2022-10-10 08:40:10,182 [pool-555-thread-1] INFO  server.RaftServer$Division (RaftServerImpl.java:start(310)) - 2505bfdb-a405-42b6-a08f-f2b9b27cb3cf@group-E6C73168D3C7: start as a follower, conf=-1: [df95c109-086c-4fdb-bc2f-e7a3020caa9e|rpc:10.1.0.114:37403|dataStream:|priority:0, 2505bfdb-a405-42b6-a08f-f2b9b27cb3cf|rpc:10.1.0.114:44113|dataStream:|priority:1, 1a566261-beec-4fd1-be7c-d2e6de257968|rpc:10.1.0.114:43815|dataStream:|priority:0], old=null
2022-10-10 08:40:10,182 [pool-555-thread-1] INFO  server.RaftServer$Division (RaftServerImpl.java:setRole(299)) - 2505bfdb-a405-42b6-a08f-f2b9b27cb3cf@group-E6C73168D3C7: changes role from      null to FOLLOWER at term 0 for startAsFollower
2022-10-10 08:40:10,182 [pool-555-thread-1] INFO  impl.RoleInfo (RoleInfo.java:updateAndGet(139)) - 2505bfdb-a405-42b6-a08f-f2b9b27cb3cf: start 2505bfdb-a405-42b6-a08f-f2b9b27cb3cf@group-E6C73168D3C7-FollowerState
2022-10-10 08:40:10,182 [pool-555-thread-1] INFO  util.JmxRegister (JmxRegister.java:tryRegister(44)) - Successfully registered JMX Bean with object name Ratis:service=RaftServer,group=group-E6C73168D3C7,id=2505bfdb-a405-42b6-a08f-f2b9b27cb3cf
2022-10-10 08:40:10,216 [grpc-default-executor-0] INFO  server.RaftServer (RaftServerProxy.java:addNew(96)) - df95c109-086c-4fdb-bc2f-e7a3020caa9e: addNew group-E6C73168D3C7:[df95c109-086c-4fdb-bc2f-e7a3020caa9e|rpc:10.1.0.114:37403|dataStream:|priority:0, 2505bfdb-a405-42b6-a08f-f2b9b27cb3cf|rpc:10.1.0.114:44113|dataStream:|priority:1, 1a566261-beec-4fd1-be7c-d2e6de257968|rpc:10.1.0.114:43815|dataStream:|priority:0] returns group-E6C73168D3C7:java.util.concurrent.CompletableFuture@1262bd8d[Not completed]
2022-10-10 08:40:10,220 [pool-578-thread-1] INFO  server.RaftServer$Division (RaftServerImpl.java:<init>(190)) - df95c109-086c-4fdb-bc2f-e7a3020caa9e: new RaftServerImpl for group-E6C73168D3C7:[df95c109-086c-4fdb-bc2f-e7a3020caa9e|rpc:10.1.0.114:37403|dataStream:|priority:0, 2505bfdb-a405-42b6-a08f-f2b9b27cb3cf|rpc:10.1.0.114:44113|dataStream:|priority:1, 1a566261-beec-4fd1-be7c-d2e6de257968|rpc:10.1.0.114:43815|dataStream:|priority:0] with ContainerStateMachine:uninitialized
2022-10-10 08:40:10,220 [pool-578-thread-1] INFO  server.RaftServerConfigKeys (ConfUtils.java:logGet(46)) - raft.server.rpc.timeout.min = 5s (custom)
2022-10-10 08:40:10,220 [pool-578-thread-1] INFO  server.RaftServerConfigKeys (ConfUtils.java:logGet(46)) - raft.server.rpc.timeout.max = 5200ms (custom)
2022-10-10 08:40:10,221 [pool-578-thread-1] INFO  server.RaftServerConfigKeys (ConfUtils.java:logGet(46)) - raft.server.rpc.sleep.time = 25ms (default)
2022-10-10 08:40:10,221 [pool-578-thread-1] INFO  server.RaftServerConfigKeys (ConfUtils.java:logGet(46)) - raft.server.rpc.slowness.timeout = 300s (custom)
2022-10-10 08:40:10,221 [pool-578-thread-1] INFO  server.RaftServerConfigKeys (ConfUtils.java:logGet(46)) - raft.server.leaderelection.leader.step-down.wait-time = 10s (default)
2022-10-10 08:40:10,221 [pool-578-thread-1] INFO  server.RaftServerConfigKeys (ConfUtils.java:logGet(46)) - raft.server.sleep.deviation.threshold = 300ms (default)
2022-10-10 08:40:10,221 [pool-578-thread-1] INFO  server.RaftServer$Division (ServerState.java:<init>(107)) - df95c109-086c-4fdb-bc2f-e7a3020caa9e@group-E6C73168D3C7: ConfigurationManager, init=-1: [df95c109-086c-4fdb-bc2f-e7a3020caa9e|rpc:10.1.0.114:37403|dataStream:|priority:0, 2505bfdb-a405-42b6-a08f-f2b9b27cb3cf|rpc:10.1.0.114:44113|dataStream:|priority:1, 1a566261-beec-4fd1-be7c-d2e6de257968|rpc:10.1.0.114:43815|dataStream:|priority:0], old=null, confs=<EMPTY_MAP>
2022-10-10 08:40:10,221 [pool-578-thread-1] INFO  server.RaftServerConfigKeys (ConfUtils.java:logGet(46)) - raft.server.storage.dir = [/home/runner/work/ozone/ozone/hadoop-ozone/integration-test/target/test-dir/MiniOzoneClusterImpl-ad2c0857-510d-4cdb-92e5-38dbe430bd54/datanode-2/data/ratis] (custom)
2022-10-10 08:40:10,221 [pool-578-thread-1] INFO  server.RaftServerConfigKeys (ConfUtils.java:logGet(46)) - raft.server.log.corruption.policy = EXCEPTION (default)
2022-10-10 08:40:10,221 [pool-578-thread-1] INFO  server.RaftServerConfigKeys (ConfUtils.java:logGet(46)) - raft.server.storage.free-space.min = 0MB (=0) (default)
2022-10-10 08:40:10,221 [pool-578-thread-1] INFO  storage.RaftStorageDirectory (RaftStorageDirectoryImpl.java:analyzeStorage(135)) - The storage directory /home/runner/work/ozone/ozone/hadoop-ozone/integration-test/target/test-dir/MiniOzoneClusterImpl-ad2c0857-510d-4cdb-92e5-38dbe430bd54/datanode-2/data/ratis/42ce9204-ee81-4a80-841e-e6c73168d3c7 does not exist. Creating ...
2022-10-10 08:40:10,223 [pool-578-thread-1] INFO  storage.RaftStorageDirectory (RaftStorageDirectoryImpl.java:tryLock(230)) - Lock on /home/runner/work/ozone/ozone/hadoop-ozone/integration-test/target/test-dir/MiniOzoneClusterImpl-ad2c0857-510d-4cdb-92e5-38dbe430bd54/datanode-2/data/ratis/42ce9204-ee81-4a80-841e-e6c73168d3c7/in_use.lock acquired by nodename 13217@fv-az292-843
2022-10-10 08:40:10,225 [pool-578-thread-1] INFO  storage.RaftStorage (RaftStorageImpl.java:format(89)) - Storage directory /home/runner/work/ozone/ozone/hadoop-ozone/integration-test/target/test-dir/MiniOzoneClusterImpl-ad2c0857-510d-4cdb-92e5-38dbe430bd54/datanode-2/data/ratis/42ce9204-ee81-4a80-841e-e6c73168d3c7 has been successfully formatted.
2022-10-10 08:40:10,225 [pool-578-thread-1] INFO  ratis.ContainerStateMachine (ContainerStateMachine.java:loadSnapshot(236)) - group-E6C73168D3C7: The snapshot info is null. Setting the last applied indexto:(t:0, i:~)
2022-10-10 08:40:10,225 [pool-578-thread-1] INFO  server.RaftServerConfigKeys (ConfUtils.java:logGet(46)) - raft.server.notification.no-leader.timeout = 300s (custom)
2022-10-10 08:40:10,225 [pool-578-thread-1] INFO  server.RaftServerConfigKeys (ConfUtils.java:logGet(46)) - raft.server.log.use.memory = false (default)
2022-10-10 08:40:10,225 [pool-578-thread-1] INFO  server.RaftServerConfigKeys (ConfUtils.java:logGet(46)) - raft.server.log.purge.gap = 1000000 (custom)
2022-10-10 08:40:10,225 [pool-578-thread-1] INFO  server.RaftServerConfigKeys (ConfUtils.java:logGet(46)) - raft.server.log.appender.buffer.byte-limit = 33554432 (custom)
2022-10-10 08:40:10,225 [pool-578-thread-1] INFO  server.RaftServerConfigKeys (ConfUtils.java:logGet(46)) - raft.server.log.statemachine.data.read.timeout = 1000ms (default)
2022-10-10 08:40:10,226 [pool-578-thread-1] INFO  server.RaftServerConfigKeys (ConfUtils.java:logGet(46)) - raft.server.log.segment.size.max = 1048576 (custom)
2022-10-10 08:40:10,226 [pool-578-thread-1] INFO  server.RaftServerConfigKeys (ConfUtils.java:logGet(46)) - raft.server.log.segment.cache.num.max = 2 (custom)
2022-10-10 08:40:10,226 [pool-578-thread-1] INFO  server.RaftServerConfigKeys (ConfUtils.java:logGet(46)) - raft.server.log.segment.cache.size.max = 200MB (=209715200) (default)
2022-10-10 08:40:10,226 [pool-578-thread-1] INFO  segmented.SegmentedRaftLogWorker (SegmentedRaftLogWorker.java:<init>(187)) - new df95c109-086c-4fdb-bc2f-e7a3020caa9e@group-E6C73168D3C7-SegmentedRaftLogWorker for RaftStorageImpl:Storage Directory /home/runner/work/ozone/ozone/hadoop-ozone/integration-test/target/test-dir/MiniOzoneClusterImpl-ad2c0857-510d-4cdb-92e5-38dbe430bd54/datanode-2/data/ratis/42ce9204-ee81-4a80-841e-e6c73168d3c7
2022-10-10 08:40:10,226 [pool-578-thread-1] INFO  server.RaftServerConfigKeys (ConfUtils.java:logGet(46)) - raft.server.log.queue.byte-limit = 4294967296 (custom)
2022-10-10 08:40:10,226 [pool-578-thread-1] INFO  server.RaftServerConfigKeys (ConfUtils.java:logGet(46)) - raft.server.log.queue.element-limit = 1024 (custom)
2022-10-10 08:40:10,226 [pool-578-thread-1] INFO  server.RaftServerConfigKeys (ConfUtils.java:logGet(46)) - raft.server.log.segment.size.max = 1048576 (custom)
2022-10-10 08:40:10,226 [pool-578-thread-1] INFO  server.RaftServerConfigKeys (ConfUtils.java:logGet(46)) - raft.server.log.preallocated.size = 16384 (custom)
2022-10-10 08:40:10,226 [pool-578-thread-1] INFO  server.RaftServerConfigKeys (ConfUtils.java:logGet(46)) - raft.server.log.force.sync.num = 128 (default)
2022-10-10 08:40:10,227 [pool-578-thread-1] INFO  server.RaftServerConfigKeys (ConfUtils.java:logGet(46)) - raft.server.log.statemachine.data.sync = true (default)
2022-10-10 08:40:10,227 [pool-578-thread-1] INFO  server.RaftServerConfigKeys (ConfUtils.java:logGet(46)) - raft.server.log.statemachine.data.sync.timeout = 10s (default)
2022-10-10 08:40:10,227 [pool-578-thread-1] INFO  server.RaftServerConfigKeys (ConfUtils.java:logGet(46)) - raft.server.log.statemachine.data.sync.timeout.retry = -1 (default)
2022-10-10 08:40:10,228 [pool-578-thread-1] INFO  server.RaftServerConfigKeys (ConfUtils.java:logGet(46)) - raft.server.log.write.buffer.size = 1048576 (custom)
2022-10-10 08:40:10,228 [pool-578-thread-1] INFO  server.RaftServerConfigKeys (ConfUtils.java:logGet(46)) - raft.server.log.unsafe-flush.enabled = false (default)
2022-10-10 08:40:10,228 [pool-578-thread-1] INFO  server.RaftServerConfigKeys (ConfUtils.java:logGet(46)) - raft.server.log.statemachine.data.caching.enabled = true (custom)
2022-10-10 08:40:10,228 [pool-578-thread-1] INFO  segmented.SegmentedRaftLogWorker (SegmentedRaftLogWorker.java:lambda$new$0(135)) - df95c109-086c-4fdb-bc2f-e7a3020caa9e@group-E6C73168D3C7-SegmentedRaftLogWorker: flushIndex: setUnconditionally 0 -> -1
2022-10-10 08:40:10,228 [pool-578-thread-1] INFO  segmented.SegmentedRaftLogWorker (SegmentedRaftLogWorker.java:lambda$new$0(135)) - df95c109-086c-4fdb-bc2f-e7a3020caa9e@group-E6C73168D3C7-SegmentedRaftLogWorker: safeCacheEvictIndex: setUnconditionally 0 -> -1
2022-10-10 08:40:10,232 [pool-578-thread-1] INFO  server.RaftServerConfigKeys (ConfUtils.java:logGet(46)) - raft.server.snapshot.auto.trigger.enabled = true (custom)
2022-10-10 08:40:10,232 [pool-578-thread-1] INFO  server.RaftServerConfigKeys (ConfUtils.java:logGet(46)) - raft.server.snapshot.auto.trigger.threshold = 10000 (custom)
2022-10-10 08:40:10,232 [pool-578-thread-1] INFO  server.RaftServerConfigKeys (ConfUtils.java:logGet(46)) - raft.server.snapshot.retention.file.num = 5 (custom)
2022-10-10 08:40:10,232 [pool-578-thread-1] INFO  server.RaftServerConfigKeys (ConfUtils.java:logGet(46)) - raft.server.log.purge.upto.snapshot.index = false (default)
2022-10-10 08:40:10,232 [pool-578-thread-1] INFO  server.RaftServerConfigKeys (ConfUtils.java:logGet(46)) - raft.server.retrycache.expirytime = 600000ms (custom)
2022-10-10 08:40:10,232 [pool-578-thread-1] INFO  server.RaftServerConfigKeys (ConfUtils.java:logGet(46)) - raft.server.retrycache.statistics.expirytime = 100μs (default)
2022-10-10 08:40:10,234 [pool-578-thread-1] INFO  server.RaftServerConfigKeys (ConfUtils.java:logGet(46)) - raft.server.log.appender.install.snapshot.enabled = false (custom)
2022-10-10 08:40:10,234 [pool-578-thread-1] INFO  server.RaftServerConfigKeys (ConfUtils.java:logGet(46)) - raft.server.threadpool.server.cached = true (default)
2022-10-10 08:40:10,234 [pool-578-thread-1] INFO  server.RaftServerConfigKeys (ConfUtils.java:logGet(46)) - raft.server.threadpool.server.size = 0 (default)
2022-10-10 08:40:10,234 [pool-578-thread-1] INFO  server.RaftServerConfigKeys (ConfUtils.java:logGet(46)) - raft.server.threadpool.client.cached = true (default)
2022-10-10 08:40:10,234 [pool-578-thread-1] INFO  server.RaftServerConfigKeys (ConfUtils.java:logGet(46)) - raft.server.threadpool.client.size = 0 (default)
2022-10-10 08:40:10,234 [pool-578-thread-1] INFO  server.RaftServer$Division (RaftServerImpl.java:start(310)) - df95c109-086c-4fdb-bc2f-e7a3020caa9e@group-E6C73168D3C7: start as a follower, conf=-1: [df95c109-086c-4fdb-bc2f-e7a3020caa9e|rpc:10.1.0.114:37403|dataStream:|priority:0, 2505bfdb-a405-42b6-a08f-f2b9b27cb3cf|rpc:10.1.0.114:44113|dataStream:|priority:1, 1a566261-beec-4fd1-be7c-d2e6de257968|rpc:10.1.0.114:43815|dataStream:|priority:0], old=null
2022-10-10 08:40:10,234 [pool-578-thread-1] INFO  server.RaftServer$Division (RaftServerImpl.java:setRole(299)) - df95c109-086c-4fdb-bc2f-e7a3020caa9e@group-E6C73168D3C7: changes role from      null to FOLLOWER at term 0 for startAsFollower
2022-10-10 08:40:10,234 [pool-578-thread-1] INFO  impl.RoleInfo (RoleInfo.java:updateAndGet(139)) - df95c109-086c-4fdb-bc2f-e7a3020caa9e: start df95c109-086c-4fdb-bc2f-e7a3020caa9e@group-E6C73168D3C7-FollowerState
2022-10-10 08:40:10,240 [pool-578-thread-1] INFO  util.JmxRegister (JmxRegister.java:tryRegister(44)) - Successfully registered JMX Bean with object name Ratis:service=RaftServer,group=group-E6C73168D3C7,id=df95c109-086c-4fdb-bc2f-e7a3020caa9e
2022-10-10 08:40:10,273 [Command processor thread] INFO  commandhandler.CreatePipelineCommandHandler (CreatePipelineCommandHandler.java:handle(113)) - Created Pipeline RATIS THREE PipelineID=42ce9204-ee81-4a80-841e-e6c73168d3c7.
2022-10-10 08:40:10,496 [Command processor thread] INFO  server.RaftServer (RaftServerProxy.java:addNew(96)) - 2505bfdb-a405-42b6-a08f-f2b9b27cb3cf: addNew group-C242C381B5AC:[2505bfdb-a405-42b6-a08f-f2b9b27cb3cf|rpc:10.1.0.114:44113|priority:1] returns group-C242C381B5AC:java.util.concurrent.CompletableFuture@176ac028[Not completed]
2022-10-10 08:40:10,497 [pool-555-thread-1] INFO  server.RaftServer$Division (RaftServerImpl.java:<init>(190)) - 2505bfdb-a405-42b6-a08f-f2b9b27cb3cf: new RaftServerImpl for group-C242C381B5AC:[2505bfdb-a405-42b6-a08f-f2b9b27cb3cf|rpc:10.1.0.114:44113|priority:1] with ContainerStateMachine:uninitialized
2022-10-10 08:40:10,498 [pool-555-thread-1] INFO  server.RaftServerConfigKeys (ConfUtils.java:logGet(46)) - raft.server.rpc.timeout.min = 5s (custom)
2022-10-10 08:40:10,498 [pool-555-thread-1] INFO  server.RaftServerConfigKeys (ConfUtils.java:logGet(46)) - raft.server.rpc.timeout.max = 5200ms (custom)
2022-10-10 08:40:10,498 [pool-555-thread-1] INFO  server.RaftServerConfigKeys (ConfUtils.java:logGet(46)) - raft.server.rpc.sleep.time = 25ms (default)
2022-10-10 08:40:10,498 [pool-555-thread-1] INFO  server.RaftServerConfigKeys (ConfUtils.java:logGet(46)) - raft.server.rpc.slowness.timeout = 300s (custom)
2022-10-10 08:40:10,498 [pool-555-thread-1] INFO  server.RaftServerConfigKeys (ConfUtils.java:logGet(46)) - raft.server.leaderelection.leader.step-down.wait-time = 10s (default)
2022-10-10 08:40:10,498 [pool-555-thread-1] INFO  server.RaftServerConfigKeys (ConfUtils.java:logGet(46)) - raft.server.sleep.deviation.threshold = 300ms (default)
2022-10-10 08:40:10,498 [pool-555-thread-1] INFO  server.RaftServer$Division (ServerState.java:<init>(107)) - 2505bfdb-a405-42b6-a08f-f2b9b27cb3cf@group-C242C381B5AC: ConfigurationManager, init=-1: [2505bfdb-a405-42b6-a08f-f2b9b27cb3cf|rpc:10.1.0.114:44113|priority:1], old=null, confs=<EMPTY_MAP>
2022-10-10 08:40:10,498 [pool-555-thread-1] INFO  server.RaftServerConfigKeys (ConfUtils.java:logGet(46)) - raft.server.storage.dir = [/home/runner/work/ozone/ozone/hadoop-ozone/integration-test/target/test-dir/MiniOzoneClusterImpl-ad2c0857-510d-4cdb-92e5-38dbe430bd54/datanode-1/data/ratis] (custom)
2022-10-10 08:40:10,498 [pool-555-thread-1] INFO  server.RaftServerConfigKeys (ConfUtils.java:logGet(46)) - raft.server.log.corruption.policy = EXCEPTION (default)
2022-10-10 08:40:10,498 [pool-555-thread-1] INFO  server.RaftServerConfigKeys (ConfUtils.java:logGet(46)) - raft.server.storage.free-space.min = 0MB (=0) (default)
2022-10-10 08:40:10,499 [pool-555-thread-1] INFO  storage.RaftStorageDirectory (RaftStorageDirectoryImpl.java:analyzeStorage(135)) - The storage directory /home/runner/work/ozone/ozone/hadoop-ozone/integration-test/target/test-dir/MiniOzoneClusterImpl-ad2c0857-510d-4cdb-92e5-38dbe430bd54/datanode-1/data/ratis/b9d7afe2-d39f-4842-91a9-c242c381b5ac does not exist. Creating ...
2022-10-10 08:40:10,505 [pool-555-thread-1] INFO  storage.RaftStorageDirectory (RaftStorageDirectoryImpl.java:tryLock(230)) - Lock on /home/runner/work/ozone/ozone/hadoop-ozone/integration-test/target/test-dir/MiniOzoneClusterImpl-ad2c0857-510d-4cdb-92e5-38dbe430bd54/datanode-1/data/ratis/b9d7afe2-d39f-4842-91a9-c242c381b5ac/in_use.lock acquired by nodename 13217@fv-az292-843
2022-10-10 08:40:10,506 [pool-555-thread-1] INFO  storage.RaftStorage (RaftStorageImpl.java:format(89)) - Storage directory /home/runner/work/ozone/ozone/hadoop-ozone/integration-test/target/test-dir/MiniOzoneClusterImpl-ad2c0857-510d-4cdb-92e5-38dbe430bd54/datanode-1/data/ratis/b9d7afe2-d39f-4842-91a9-c242c381b5ac has been successfully formatted.
2022-10-10 08:40:10,509 [EventQueue-PipelineReportForPipelineReportHandler] INFO  pipeline.PipelineManagerImpl (PipelineManagerImpl.java:openPipeline(367)) - Pipeline Pipeline[ Id: b9d7afe2-d39f-4842-91a9-c242c381b5ac, Nodes: 2505bfdb-a405-42b6-a08f-f2b9b27cb3cf{ip: 10.1.0.114, host: fv-az292-843.tqgtyn10aqxuxoi0mkfbldi5vh.jx.internal.cloudapp.net, ports: [REPLICATION=37495, RATIS=44113, RATIS_ADMIN=44113, RATIS_SERVER=44113, STANDALONE=37833], networkLocation: /default-rack, certSerialId: null, persistedOpState: IN_SERVICE, persistedOpStateExpiryEpochSec: 0}, ReplicationConfig: RATIS/ONE, State:ALLOCATED, leaderId:2505bfdb-a405-42b6-a08f-f2b9b27cb3cf, CreationTimestamp2022-10-10T08:40:07.511Z[Etc/UTC]] moved to OPEN state
2022-10-10 08:40:10,509 [EventQueue-OpenPipelineForHealthyPipelineSafeModeRule] INFO  safemode.SCMSafeModeManager (HealthyPipelineSafeModeRule.java:process(137)) - SCM in safe mode. Healthy pipelines reported count is 0, required healthy pipeline reported count is 1
2022-10-10 08:40:10,510 [pool-555-thread-1] INFO  ratis.ContainerStateMachine (ContainerStateMachine.java:loadSnapshot(236)) - group-C242C381B5AC: The snapshot info is null. Setting the last applied indexto:(t:0, i:~)
2022-10-10 08:40:10,510 [pool-555-thread-1] INFO  server.RaftServerConfigKeys (ConfUtils.java:logGet(46)) - raft.server.notification.no-leader.timeout = 300s (custom)
2022-10-10 08:40:10,510 [pool-555-thread-1] INFO  server.RaftServerConfigKeys (ConfUtils.java:logGet(46)) - raft.server.log.use.memory = false (default)
2022-10-10 08:40:10,510 [pool-555-thread-1] INFO  server.RaftServerConfigKeys (ConfUtils.java:logGet(46)) - raft.server.log.purge.gap = 1000000 (custom)
2022-10-10 08:40:10,510 [pool-555-thread-1] INFO  server.RaftServerConfigKeys (ConfUtils.java:logGet(46)) - raft.server.log.appender.buffer.byte-limit = 33554432 (custom)
2022-10-10 08:40:10,510 [pool-555-thread-1] INFO  server.RaftServerConfigKeys (ConfUtils.java:logGet(46)) - raft.server.log.statemachine.data.read.timeout = 1000ms (default)
2022-10-10 08:40:10,510 [pool-555-thread-1] INFO  server.RaftServerConfigKeys (ConfUtils.java:logGet(46)) - raft.server.log.segment.size.max = 1048576 (custom)
2022-10-10 08:40:10,511 [pool-555-thread-1] INFO  server.RaftServerConfigKeys (ConfUtils.java:logGet(46)) - raft.server.log.segment.cache.num.max = 2 (custom)
2022-10-10 08:40:10,511 [pool-555-thread-1] INFO  server.RaftServerConfigKeys (ConfUtils.java:logGet(46)) - raft.server.log.segment.cache.size.max = 200MB (=209715200) (default)
2022-10-10 08:40:10,511 [pool-555-thread-1] INFO  segmented.SegmentedRaftLogWorker (SegmentedRaftLogWorker.java:<init>(187)) - new 2505bfdb-a405-42b6-a08f-f2b9b27cb3cf@group-C242C381B5AC-SegmentedRaftLogWorker for RaftStorageImpl:Storage Directory /home/runner/work/ozone/ozone/hadoop-ozone/integration-test/target/test-dir/MiniOzoneClusterImpl-ad2c0857-510d-4cdb-92e5-38dbe430bd54/datanode-1/data/ratis/b9d7afe2-d39f-4842-91a9-c242c381b5ac
2022-10-10 08:40:10,511 [pool-555-thread-1] INFO  server.RaftServerConfigKeys (ConfUtils.java:logGet(46)) - raft.server.log.queue.byte-limit = 4294967296 (custom)
2022-10-10 08:40:10,511 [pool-555-thread-1] INFO  server.RaftServerConfigKeys (ConfUtils.java:logGet(46)) - raft.server.log.queue.element-limit = 1024 (custom)
2022-10-10 08:40:10,511 [pool-555-thread-1] INFO  server.RaftServerConfigKeys (ConfUtils.java:logGet(46)) - raft.server.log.segment.size.max = 1048576 (custom)
2022-10-10 08:40:10,511 [pool-555-thread-1] INFO  server.RaftServerConfigKeys (ConfUtils.java:logGet(46)) - raft.server.log.preallocated.size = 16384 (custom)
2022-10-10 08:40:10,511 [pool-555-thread-1] INFO  server.RaftServerConfigKeys (ConfUtils.java:logGet(46)) - raft.server.log.force.sync.num = 128 (default)
2022-10-10 08:40:10,511 [pool-555-thread-1] INFO  server.RaftServerConfigKeys (ConfUtils.java:logGet(46)) - raft.server.log.statemachine.data.sync = true (default)
2022-10-10 08:40:10,511 [pool-555-thread-1] INFO  server.RaftServerConfigKeys (ConfUtils.java:logGet(46)) - raft.server.log.statemachine.data.sync.timeout = 10s (default)
2022-10-10 08:40:10,511 [pool-555-thread-1] INFO  server.RaftServerConfigKeys (ConfUtils.java:logGet(46)) - raft.server.log.statemachine.data.sync.timeout.retry = -1 (default)
2022-10-10 08:40:10,512 [pool-555-thread-1] INFO  server.RaftServerConfigKeys (ConfUtils.java:logGet(46)) - raft.server.log.write.buffer.size = 1048576 (custom)
2022-10-10 08:40:10,513 [pool-555-thread-1] INFO  server.RaftServerConfigKeys (ConfUtils.java:logGet(46)) - raft.server.log.unsafe-flush.enabled = false (default)
2022-10-10 08:40:10,513 [pool-555-thread-1] INFO  server.RaftServerConfigKeys (ConfUtils.java:logGet(46)) - raft.server.log.statemachine.data.caching.enabled = true (custom)
2022-10-10 08:40:10,513 [pool-555-thread-1] INFO  segmented.SegmentedRaftLogWorker (SegmentedRaftLogWorker.java:lambda$new$0(135)) - 2505bfdb-a405-42b6-a08f-f2b9b27cb3cf@group-C242C381B5AC-SegmentedRaftLogWorker: flushIndex: setUnconditionally 0 -> -1
2022-10-10 08:40:10,513 [pool-555-thread-1] INFO  segmented.SegmentedRaftLogWorker (SegmentedRaftLogWorker.java:lambda$new$0(135)) - 2505bfdb-a405-42b6-a08f-f2b9b27cb3cf@group-C242C381B5AC-SegmentedRaftLogWorker: safeCacheEvictIndex: setUnconditionally 0 -> -1
2022-10-10 08:40:10,513 [pool-555-thread-1] INFO  server.RaftServerConfigKeys (ConfUtils.java:logGet(46)) - raft.server.snapshot.auto.trigger.enabled = true (custom)
2022-10-10 08:40:10,514 [pool-555-thread-1] INFO  server.RaftServerConfigKeys (ConfUtils.java:logGet(46)) - raft.server.snapshot.auto.trigger.threshold = 10000 (custom)
2022-10-10 08:40:10,514 [pool-555-thread-1] INFO  server.RaftServerConfigKeys (ConfUtils.java:logGet(46)) - raft.server.snapshot.retention.file.num = 5 (custom)
2022-10-10 08:40:10,514 [pool-555-thread-1] INFO  server.RaftServerConfigKeys (ConfUtils.java:logGet(46)) - raft.server.log.purge.upto.snapshot.index = false (default)
2022-10-10 08:40:10,514 [pool-555-thread-1] INFO  server.RaftServerConfigKeys (ConfUtils.java:logGet(46)) - raft.server.retrycache.expirytime = 600000ms (custom)
2022-10-10 08:40:10,514 [pool-555-thread-1] INFO  server.RaftServerConfigKeys (ConfUtils.java:logGet(46)) - raft.server.retrycache.statistics.expirytime = 100μs (default)
2022-10-10 08:40:10,515 [pool-555-thread-1] INFO  server.RaftServerConfigKeys (ConfUtils.java:logGet(46)) - raft.server.log.appender.install.snapshot.enabled = false (custom)
2022-10-10 08:40:10,515 [pool-555-thread-1] INFO  server.RaftServerConfigKeys (ConfUtils.java:logGet(46)) - raft.server.threadpool.server.cached = true (default)
2022-10-10 08:40:10,515 [pool-555-thread-1] INFO  server.RaftServerConfigKeys (ConfUtils.java:logGet(46)) - raft.server.threadpool.server.size = 0 (default)
2022-10-10 08:40:10,515 [pool-555-thread-1] INFO  server.RaftServerConfigKeys (ConfUtils.java:logGet(46)) - raft.server.threadpool.client.cached = true (default)
2022-10-10 08:40:10,515 [pool-555-thread-1] INFO  server.RaftServerConfigKeys (ConfUtils.java:logGet(46)) - raft.server.threadpool.client.size = 0 (default)
2022-10-10 08:40:10,515 [pool-555-thread-1] INFO  server.RaftServer$Division (RaftServerImpl.java:start(310)) - 2505bfdb-a405-42b6-a08f-f2b9b27cb3cf@group-C242C381B5AC: start as a follower, conf=-1: [2505bfdb-a405-42b6-a08f-f2b9b27cb3cf|rpc:10.1.0.114:44113|priority:1], old=null
2022-10-10 08:40:10,515 [pool-555-thread-1] INFO  server.RaftServer$Division (RaftServerImpl.java:setRole(299)) - 2505bfdb-a405-42b6-a08f-f2b9b27cb3cf@group-C242C381B5AC: changes role from      null to FOLLOWER at term 0 for startAsFollower
2022-10-10 08:40:10,515 [pool-555-thread-1] INFO  impl.RoleInfo (RoleInfo.java:updateAndGet(139)) - 2505bfdb-a405-42b6-a08f-f2b9b27cb3cf: start 2505bfdb-a405-42b6-a08f-f2b9b27cb3cf@group-C242C381B5AC-FollowerState
2022-10-10 08:40:10,516 [pool-555-thread-1] INFO  util.JmxRegister (JmxRegister.java:tryRegister(44)) - Successfully registered JMX Bean with object name Ratis:service=RaftServer,group=group-C242C381B5AC,id=2505bfdb-a405-42b6-a08f-f2b9b27cb3cf
2022-10-10 08:40:10,517 [Command processor thread] INFO  ratis.XceiverServerRatis (XceiverServerRatis.java:addGroup(765)) - Created group PipelineID=b9d7afe2-d39f-4842-91a9-c242c381b5ac
2022-10-10 08:40:10,518 [Command processor thread] INFO  commandhandler.CreatePipelineCommandHandler (CreatePipelineCommandHandler.java:handle(113)) - Created Pipeline RATIS ONE PipelineID=b9d7afe2-d39f-4842-91a9-c242c381b5ac.
2022-10-10 08:40:10,803 [Listener at 127.0.0.1/41701] INFO  ozone.MiniOzoneClusterImpl (MiniOzoneClusterImpl.java:lambda$waitForClusterToBeReady$0(216)) - Nodes are ready. Got 5 of 5 DN Heartbeats.
2022-10-10 08:40:10,803 [Listener at 127.0.0.1/41701] INFO  ozone.MiniOzoneClusterImpl (MiniOzoneClusterImpl.java:lambda$waitForClusterToBeReady$0(219)) - Waiting for cluster to exit safe mode
2022-10-10 08:40:10,803 [Listener at 127.0.0.1/41701] INFO  ozone.MiniOzoneClusterImpl (MiniOzoneClusterImpl.java:lambda$waitForClusterToBeReady$0(221)) - SCM became leader
2022-10-10 08:40:11,234 [Command processor thread] INFO  server.RaftServer (RaftServerProxy.java:addNew(96)) - df95c109-086c-4fdb-bc2f-e7a3020caa9e: addNew group-2E1957CF1D95:[df95c109-086c-4fdb-bc2f-e7a3020caa9e|rpc:10.1.0.114:37403|priority:1] returns group-2E1957CF1D95:java.util.concurrent.CompletableFuture@4e5d1f8[Not completed]
2022-10-10 08:40:11,235 [pool-578-thread-1] INFO  server.RaftServer$Division (RaftServerImpl.java:<init>(190)) - df95c109-086c-4fdb-bc2f-e7a3020caa9e: new RaftServerImpl for group-2E1957CF1D95:[df95c109-086c-4fdb-bc2f-e7a3020caa9e|rpc:10.1.0.114:37403|priority:1] with ContainerStateMachine:uninitialized
2022-10-10 08:40:11,235 [pool-578-thread-1] INFO  server.RaftServerConfigKeys (ConfUtils.java:logGet(46)) - raft.server.rpc.timeout.min = 5s (custom)
2022-10-10 08:40:11,235 [pool-578-thread-1] INFO  server.RaftServerConfigKeys (ConfUtils.java:logGet(46)) - raft.server.rpc.timeout.max = 5200ms (custom)
2022-10-10 08:40:11,235 [pool-578-thread-1] INFO  server.RaftServerConfigKeys (ConfUtils.java:logGet(46)) - raft.server.rpc.sleep.time = 25ms (default)
2022-10-10 08:40:11,235 [pool-578-thread-1] INFO  server.RaftServerConfigKeys (ConfUtils.java:logGet(46)) - raft.server.rpc.slowness.timeout = 300s (custom)
2022-10-10 08:40:11,235 [pool-578-thread-1] INFO  server.RaftServerConfigKeys (ConfUtils.java:logGet(46)) - raft.server.leaderelection.leader.step-down.wait-time = 10s (default)
2022-10-10 08:40:11,235 [pool-578-thread-1] INFO  server.RaftServerConfigKeys (ConfUtils.java:logGet(46)) - raft.server.sleep.deviation.threshold = 300ms (default)
2022-10-10 08:40:11,235 [pool-578-thread-1] INFO  server.RaftServer$Division (ServerState.java:<init>(107)) - df95c109-086c-4fdb-bc2f-e7a3020caa9e@group-2E1957CF1D95: ConfigurationManager, init=-1: [df95c109-086c-4fdb-bc2f-e7a3020caa9e|rpc:10.1.0.114:37403|priority:1], old=null, confs=<EMPTY_MAP>
2022-10-10 08:40:11,235 [pool-578-thread-1] INFO  server.RaftServerConfigKeys (ConfUtils.java:logGet(46)) - raft.server.storage.dir = [/home/runner/work/ozone/ozone/hadoop-ozone/integration-test/target/test-dir/MiniOzoneClusterImpl-ad2c0857-510d-4cdb-92e5-38dbe430bd54/datanode-2/data/ratis] (custom)
2022-10-10 08:40:11,239 [pool-578-thread-1] INFO  server.RaftServerConfigKeys (ConfUtils.java:logGet(46)) - raft.server.log.corruption.policy = EXCEPTION (default)
2022-10-10 08:40:11,239 [pool-578-thread-1] INFO  server.RaftServerConfigKeys (ConfUtils.java:logGet(46)) - raft.server.storage.free-space.min = 0MB (=0) (default)
2022-10-10 08:40:11,239 [pool-578-thread-1] INFO  storage.RaftStorageDirectory (RaftStorageDirectoryImpl.java:analyzeStorage(135)) - The storage directory /home/runner/work/ozone/ozone/hadoop-ozone/integration-test/target/test-dir/MiniOzoneClusterImpl-ad2c0857-510d-4cdb-92e5-38dbe430bd54/datanode-2/data/ratis/9629276a-c2a6-45e4-a2f3-2e1957cf1d95 does not exist. Creating ...
2022-10-10 08:40:11,240 [pool-578-thread-1] INFO  storage.RaftStorageDirectory (RaftStorageDirectoryImpl.java:tryLock(230)) - Lock on /home/runner/work/ozone/ozone/hadoop-ozone/integration-test/target/test-dir/MiniOzoneClusterImpl-ad2c0857-510d-4cdb-92e5-38dbe430bd54/datanode-2/data/ratis/9629276a-c2a6-45e4-a2f3-2e1957cf1d95/in_use.lock acquired by nodename 13217@fv-az292-843
2022-10-10 08:40:11,243 [pool-578-thread-1] INFO  storage.RaftStorage (RaftStorageImpl.java:format(89)) - Storage directory /home/runner/work/ozone/ozone/hadoop-ozone/integration-test/target/test-dir/MiniOzoneClusterImpl-ad2c0857-510d-4cdb-92e5-38dbe430bd54/datanode-2/data/ratis/9629276a-c2a6-45e4-a2f3-2e1957cf1d95 has been successfully formatted.
2022-10-10 08:40:11,244 [pool-578-thread-1] INFO  ratis.ContainerStateMachine (ContainerStateMachine.java:loadSnapshot(236)) - group-2E1957CF1D95: The snapshot info is null. Setting the last applied indexto:(t:0, i:~)
2022-10-10 08:40:11,244 [pool-578-thread-1] INFO  server.RaftServerConfigKeys (ConfUtils.java:logGet(46)) - raft.server.notification.no-leader.timeout = 300s (custom)
2022-10-10 08:40:11,245 [pool-578-thread-1] INFO  server.RaftServerConfigKeys (ConfUtils.java:logGet(46)) - raft.server.log.use.memory = false (default)
2022-10-10 08:40:11,245 [EventQueue-PipelineReportForPipelineReportHandler] INFO  pipeline.PipelineManagerImpl (PipelineManagerImpl.java:openPipeline(367)) - Pipeline Pipeline[ Id: 9629276a-c2a6-45e4-a2f3-2e1957cf1d95, Nodes: df95c109-086c-4fdb-bc2f-e7a3020caa9e{ip: 10.1.0.114, host: fv-az292-843.tqgtyn10aqxuxoi0mkfbldi5vh.jx.internal.cloudapp.net, ports: [REPLICATION=35793, RATIS=37403, RATIS_ADMIN=37403, RATIS_SERVER=37403, STANDALONE=40595], networkLocation: /default-rack, certSerialId: null, persistedOpState: IN_SERVICE, persistedOpStateExpiryEpochSec: 0}, ReplicationConfig: RATIS/ONE, State:ALLOCATED, leaderId:df95c109-086c-4fdb-bc2f-e7a3020caa9e, CreationTimestamp2022-10-10T08:40:08.238Z[Etc/UTC]] moved to OPEN state
2022-10-10 08:40:11,245 [pool-578-thread-1] INFO  server.RaftServerConfigKeys (ConfUtils.java:logGet(46)) - raft.server.log.purge.gap = 1000000 (custom)
2022-10-10 08:40:11,245 [pool-578-thread-1] INFO  server.RaftServerConfigKeys (ConfUtils.java:logGet(46)) - raft.server.log.appender.buffer.byte-limit = 33554432 (custom)
2022-10-10 08:40:11,245 [pool-578-thread-1] INFO  server.RaftServerConfigKeys (ConfUtils.java:logGet(46)) - raft.server.log.statemachine.data.read.timeout = 1000ms (default)
2022-10-10 08:40:11,245 [EventQueue-OpenPipelineForHealthyPipelineSafeModeRule] INFO  safemode.SCMSafeModeManager (HealthyPipelineSafeModeRule.java:process(137)) - SCM in safe mode. Healthy pipelines reported count is 0, required healthy pipeline reported count is 1
2022-10-10 08:40:11,245 [pool-578-thread-1] INFO  server.RaftServerConfigKeys (ConfUtils.java:logGet(46)) - raft.server.log.segment.size.max = 1048576 (custom)
2022-10-10 08:40:11,246 [pool-578-thread-1] INFO  server.RaftServerConfigKeys (ConfUtils.java:logGet(46)) - raft.server.log.segment.cache.num.max = 2 (custom)
2022-10-10 08:40:11,246 [pool-578-thread-1] INFO  server.RaftServerConfigKeys (ConfUtils.java:logGet(46)) - raft.server.log.segment.cache.size.max = 200MB (=209715200) (default)
2022-10-10 08:40:11,246 [pool-578-thread-1] INFO  segmented.SegmentedRaftLogWorker (SegmentedRaftLogWorker.java:<init>(187)) - new df95c109-086c-4fdb-bc2f-e7a3020caa9e@group-2E1957CF1D95-SegmentedRaftLogWorker for RaftStorageImpl:Storage Directory /home/runner/work/ozone/ozone/hadoop-ozone/integration-test/target/test-dir/MiniOzoneClusterImpl-ad2c0857-510d-4cdb-92e5-38dbe430bd54/datanode-2/data/ratis/9629276a-c2a6-45e4-a2f3-2e1957cf1d95
2022-10-10 08:40:11,246 [pool-578-thread-1] INFO  server.RaftServerConfigKeys (ConfUtils.java:logGet(46)) - raft.server.log.queue.byte-limit = 4294967296 (custom)
2022-10-10 08:40:11,246 [pool-578-thread-1] INFO  server.RaftServerConfigKeys (ConfUtils.java:logGet(46)) - raft.server.log.queue.element-limit = 1024 (custom)
2022-10-10 08:40:11,246 [pool-578-thread-1] INFO  server.RaftServerConfigKeys (ConfUtils.java:logGet(46)) - raft.server.log.segment.size.max = 1048576 (custom)
2022-10-10 08:40:11,246 [pool-578-thread-1] INFO  server.RaftServerConfigKeys (ConfUtils.java:logGet(46)) - raft.server.log.preallocated.size = 16384 (custom)
2022-10-10 08:40:11,246 [pool-578-thread-1] INFO  server.RaftServerConfigKeys (ConfUtils.java:logGet(46)) - raft.server.log.force.sync.num = 128 (default)
2022-10-10 08:40:11,246 [pool-578-thread-1] INFO  server.RaftServerConfigKeys (ConfUtils.java:logGet(46)) - raft.server.log.statemachine.data.sync = true (default)
2022-10-10 08:40:11,246 [pool-578-thread-1] INFO  server.RaftServerConfigKeys (ConfUtils.java:logGet(46)) - raft.server.log.statemachine.data.sync.timeout = 10s (default)
2022-10-10 08:40:11,246 [pool-578-thread-1] INFO  server.RaftServerConfigKeys (ConfUtils.java:logGet(46)) - raft.server.log.statemachine.data.sync.timeout.retry = -1 (default)
2022-10-10 08:40:11,247 [pool-578-thread-1] INFO  server.RaftServerConfigKeys (ConfUtils.java:logGet(46)) - raft.server.log.write.buffer.size = 1048576 (custom)
2022-10-10 08:40:11,247 [pool-578-thread-1] INFO  server.RaftServerConfigKeys (ConfUtils.java:logGet(46)) - raft.server.log.unsafe-flush.enabled = false (default)
2022-10-10 08:40:11,247 [pool-578-thread-1] INFO  server.RaftServerConfigKeys (ConfUtils.java:logGet(46)) - raft.server.log.statemachine.data.caching.enabled = true (custom)
2022-10-10 08:40:11,247 [pool-578-thread-1] INFO  segmented.SegmentedRaftLogWorker (SegmentedRaftLogWorker.java:lambda$new$0(135)) - df95c109-086c-4fdb-bc2f-e7a3020caa9e@group-2E1957CF1D95-SegmentedRaftLogWorker: flushIndex: setUnconditionally 0 -> -1
2022-10-10 08:40:11,260 [pool-578-thread-1] INFO  segmented.SegmentedRaftLogWorker (SegmentedRaftLogWorker.java:lambda$new$0(135)) - df95c109-086c-4fdb-bc2f-e7a3020caa9e@group-2E1957CF1D95-SegmentedRaftLogWorker: safeCacheEvictIndex: setUnconditionally 0 -> -1
2022-10-10 08:40:11,260 [pool-578-thread-1] INFO  server.RaftServerConfigKeys (ConfUtils.java:logGet(46)) - raft.server.snapshot.auto.trigger.enabled = true (custom)
2022-10-10 08:40:11,260 [pool-578-thread-1] INFO  server.RaftServerConfigKeys (ConfUtils.java:logGet(46)) - raft.server.snapshot.auto.trigger.threshold = 10000 (custom)
2022-10-10 08:40:11,260 [pool-578-thread-1] INFO  server.RaftServerConfigKeys (ConfUtils.java:logGet(46)) - raft.server.snapshot.retention.file.num = 5 (custom)
2022-10-10 08:40:11,260 [pool-578-thread-1] INFO  server.RaftServerConfigKeys (ConfUtils.java:logGet(46)) - raft.server.log.purge.upto.snapshot.index = false (default)
2022-10-10 08:40:11,260 [pool-578-thread-1] INFO  server.RaftServerConfigKeys (ConfUtils.java:logGet(46)) - raft.server.retrycache.expirytime = 600000ms (custom)
2022-10-10 08:40:11,260 [pool-578-thread-1] INFO  server.RaftServerConfigKeys (ConfUtils.java:logGet(46)) - raft.server.retrycache.statistics.expirytime = 100μs (default)
2022-10-10 08:40:11,261 [pool-578-thread-1] INFO  server.RaftServerConfigKeys (ConfUtils.java:logGet(46)) - raft.server.log.appender.install.snapshot.enabled = false (custom)
2022-10-10 08:40:11,261 [pool-578-thread-1] INFO  server.RaftServerConfigKeys (ConfUtils.java:logGet(46)) - raft.server.threadpool.server.cached = true (default)
2022-10-10 08:40:11,262 [pool-578-thread-1] INFO  server.RaftServerConfigKeys (ConfUtils.java:logGet(46)) - raft.server.threadpool.server.size = 0 (default)
2022-10-10 08:40:11,262 [pool-578-thread-1] INFO  server.RaftServerConfigKeys (ConfUtils.java:logGet(46)) - raft.server.threadpool.client.cached = true (default)
2022-10-10 08:40:11,262 [pool-578-thread-1] INFO  server.RaftServerConfigKeys (ConfUtils.java:logGet(46)) - raft.server.threadpool.client.size = 0 (default)
2022-10-10 08:40:11,262 [pool-578-thread-1] INFO  server.RaftServer$Division (RaftServerImpl.java:start(310)) - df95c109-086c-4fdb-bc2f-e7a3020caa9e@group-2E1957CF1D95: start as a follower, conf=-1: [df95c109-086c-4fdb-bc2f-e7a3020caa9e|rpc:10.1.0.114:37403|priority:1], old=null
2022-10-10 08:40:11,262 [pool-578-thread-1] INFO  server.RaftServer$Division (RaftServerImpl.java:setRole(299)) - df95c109-086c-4fdb-bc2f-e7a3020caa9e@group-2E1957CF1D95: changes role from      null to FOLLOWER at term 0 for startAsFollower
2022-10-10 08:40:11,262 [pool-578-thread-1] INFO  impl.RoleInfo (RoleInfo.java:updateAndGet(139)) - df95c109-086c-4fdb-bc2f-e7a3020caa9e: start df95c109-086c-4fdb-bc2f-e7a3020caa9e@group-2E1957CF1D95-FollowerState
2022-10-10 08:40:11,265 [pool-578-thread-1] INFO  util.JmxRegister (JmxRegister.java:tryRegister(44)) - Successfully registered JMX Bean with object name Ratis:service=RaftServer,group=group-2E1957CF1D95,id=df95c109-086c-4fdb-bc2f-e7a3020caa9e
2022-10-10 08:40:11,297 [Command processor thread] INFO  ratis.XceiverServerRatis (XceiverServerRatis.java:addGroup(765)) - Created group PipelineID=9629276a-c2a6-45e4-a2f3-2e1957cf1d95
2022-10-10 08:40:11,297 [Command processor thread] INFO  commandhandler.CreatePipelineCommandHandler (CreatePipelineCommandHandler.java:handle(113)) - Created Pipeline RATIS ONE PipelineID=9629276a-c2a6-45e4-a2f3-2e1957cf1d95.
2022-10-10 08:40:11,803 [Listener at 127.0.0.1/41701] INFO  ozone.MiniOzoneClusterImpl (MiniOzoneClusterImpl.java:lambda$waitForClusterToBeReady$0(216)) - Nodes are ready. Got 5 of 5 DN Heartbeats.
2022-10-10 08:40:11,803 [Listener at 127.0.0.1/41701] INFO  ozone.MiniOzoneClusterImpl (MiniOzoneClusterImpl.java:lambda$waitForClusterToBeReady$0(219)) - Waiting for cluster to exit safe mode
2022-10-10 08:40:11,804 [Listener at 127.0.0.1/41701] INFO  ozone.MiniOzoneClusterImpl (MiniOzoneClusterImpl.java:lambda$waitForClusterToBeReady$0(221)) - SCM became leader
2022-10-10 08:40:12,209 [Command processor thread] INFO  server.RaftServer (RaftServerProxy.java:addNew(96)) - 8f156c79-b47c-4138-8e60-2fd88bdff2cb: addNew group-9C6FED448E9E:[8f156c79-b47c-4138-8e60-2fd88bdff2cb|rpc:10.1.0.114:34005|priority:1] returns group-9C6FED448E9E:java.util.concurrent.CompletableFuture@3cd701d7[Not completed]
2022-10-10 08:40:12,210 [pool-601-thread-1] INFO  server.RaftServer$Division (RaftServerImpl.java:<init>(190)) - 8f156c79-b47c-4138-8e60-2fd88bdff2cb: new RaftServerImpl for group-9C6FED448E9E:[8f156c79-b47c-4138-8e60-2fd88bdff2cb|rpc:10.1.0.114:34005|priority:1] with ContainerStateMachine:uninitialized
2022-10-10 08:40:12,211 [pool-601-thread-1] INFO  server.RaftServerConfigKeys (ConfUtils.java:logGet(46)) - raft.server.rpc.timeout.min = 5s (custom)
2022-10-10 08:40:12,211 [pool-601-thread-1] INFO  server.RaftServerConfigKeys (ConfUtils.java:logGet(46)) - raft.server.rpc.timeout.max = 5200ms (custom)
2022-10-10 08:40:12,211 [pool-601-thread-1] INFO  server.RaftServerConfigKeys (ConfUtils.java:logGet(46)) - raft.server.rpc.sleep.time = 25ms (default)
2022-10-10 08:40:12,211 [pool-601-thread-1] INFO  server.RaftServerConfigKeys (ConfUtils.java:logGet(46)) - raft.server.rpc.slowness.timeout = 300s (custom)
2022-10-10 08:40:12,211 [pool-601-thread-1] INFO  server.RaftServerConfigKeys (ConfUtils.java:logGet(46)) - raft.server.leaderelection.leader.step-down.wait-time = 10s (default)
2022-10-10 08:40:12,211 [pool-601-thread-1] INFO  server.RaftServerConfigKeys (ConfUtils.java:logGet(46)) - raft.server.sleep.deviation.threshold = 300ms (default)
2022-10-10 08:40:12,211 [pool-601-thread-1] INFO  server.RaftServer$Division (ServerState.java:<init>(107)) - 8f156c79-b47c-4138-8e60-2fd88bdff2cb@group-9C6FED448E9E: ConfigurationManager, init=-1: [8f156c79-b47c-4138-8e60-2fd88bdff2cb|rpc:10.1.0.114:34005|priority:1], old=null, confs=<EMPTY_MAP>
2022-10-10 08:40:12,211 [pool-601-thread-1] INFO  server.RaftServerConfigKeys (ConfUtils.java:logGet(46)) - raft.server.storage.dir = [/home/runner/work/ozone/ozone/hadoop-ozone/integration-test/target/test-dir/MiniOzoneClusterImpl-ad2c0857-510d-4cdb-92e5-38dbe430bd54/datanode-3/data/ratis] (custom)
2022-10-10 08:40:12,211 [pool-601-thread-1] INFO  server.RaftServerConfigKeys (ConfUtils.java:logGet(46)) - raft.server.log.corruption.policy = EXCEPTION (default)
2022-10-10 08:40:12,211 [pool-601-thread-1] INFO  server.RaftServerConfigKeys (ConfUtils.java:logGet(46)) - raft.server.storage.free-space.min = 0MB (=0) (default)
2022-10-10 08:40:12,211 [pool-601-thread-1] INFO  storage.RaftStorageDirectory (RaftStorageDirectoryImpl.java:analyzeStorage(135)) - The storage directory /home/runner/work/ozone/ozone/hadoop-ozone/integration-test/target/test-dir/MiniOzoneClusterImpl-ad2c0857-510d-4cdb-92e5-38dbe430bd54/datanode-3/data/ratis/6fb28a88-4522-4433-b79b-9c6fed448e9e does not exist. Creating ...
2022-10-10 08:40:12,217 [pool-601-thread-1] INFO  storage.RaftStorageDirectory (RaftStorageDirectoryImpl.java:tryLock(230)) - Lock on /home/runner/work/ozone/ozone/hadoop-ozone/integration-test/target/test-dir/MiniOzoneClusterImpl-ad2c0857-510d-4cdb-92e5-38dbe430bd54/datanode-3/data/ratis/6fb28a88-4522-4433-b79b-9c6fed448e9e/in_use.lock acquired by nodename 13217@fv-az292-843
2022-10-10 08:40:12,218 [pool-601-thread-1] INFO  storage.RaftStorage (RaftStorageImpl.java:format(89)) - Storage directory /home/runner/work/ozone/ozone/hadoop-ozone/integration-test/target/test-dir/MiniOzoneClusterImpl-ad2c0857-510d-4cdb-92e5-38dbe430bd54/datanode-3/data/ratis/6fb28a88-4522-4433-b79b-9c6fed448e9e has been successfully formatted.
2022-10-10 08:40:12,245 [pool-601-thread-1] INFO  ratis.ContainerStateMachine (ContainerStateMachine.java:loadSnapshot(236)) - group-9C6FED448E9E: The snapshot info is null. Setting the last applied indexto:(t:0, i:~)
2022-10-10 08:40:12,245 [pool-601-thread-1] INFO  server.RaftServerConfigKeys (ConfUtils.java:logGet(46)) - raft.server.notification.no-leader.timeout = 300s (custom)
2022-10-10 08:40:12,245 [pool-601-thread-1] INFO  server.RaftServerConfigKeys (ConfUtils.java:logGet(46)) - raft.server.log.use.memory = false (default)
2022-10-10 08:40:12,245 [pool-601-thread-1] INFO  server.RaftServerConfigKeys (ConfUtils.java:logGet(46)) - raft.server.log.purge.gap = 1000000 (custom)
2022-10-10 08:40:12,245 [pool-601-thread-1] INFO  server.RaftServerConfigKeys (ConfUtils.java:logGet(46)) - raft.server.log.appender.buffer.byte-limit = 33554432 (custom)
2022-10-10 08:40:12,245 [pool-601-thread-1] INFO  server.RaftServerConfigKeys (ConfUtils.java:logGet(46)) - raft.server.log.statemachine.data.read.timeout = 1000ms (default)
2022-10-10 08:40:12,246 [pool-601-thread-1] INFO  server.RaftServerConfigKeys (ConfUtils.java:logGet(46)) - raft.server.log.segment.size.max = 1048576 (custom)
2022-10-10 08:40:12,246 [pool-601-thread-1] INFO  server.RaftServerConfigKeys (ConfUtils.java:logGet(46)) - raft.server.log.segment.cache.num.max = 2 (custom)
2022-10-10 08:40:12,246 [pool-601-thread-1] INFO  server.RaftServerConfigKeys (ConfUtils.java:logGet(46)) - raft.server.log.segment.cache.size.max = 200MB (=209715200) (default)
2022-10-10 08:40:12,251 [EventQueue-PipelineReportForPipelineReportHandler] INFO  pipeline.PipelineManagerImpl (PipelineManagerImpl.java:openPipeline(367)) - Pipeline Pipeline[ Id: 6fb28a88-4522-4433-b79b-9c6fed448e9e, Nodes: 8f156c79-b47c-4138-8e60-2fd88bdff2cb{ip: 10.1.0.114, host: fv-az292-843.tqgtyn10aqxuxoi0mkfbldi5vh.jx.internal.cloudapp.net, ports: [REPLICATION=40269, RATIS=34005, RATIS_ADMIN=34005, RATIS_SERVER=34005, STANDALONE=33175], networkLocation: /default-rack, certSerialId: null, persistedOpState: IN_SERVICE, persistedOpStateExpiryEpochSec: 0}, ReplicationConfig: RATIS/ONE, State:ALLOCATED, leaderId:8f156c79-b47c-4138-8e60-2fd88bdff2cb, CreationTimestamp2022-10-10T08:40:09.224Z[Etc/UTC]] moved to OPEN state
2022-10-10 08:40:12,251 [EventQueue-OpenPipelineForHealthyPipelineSafeModeRule] INFO  safemode.SCMSafeModeManager (HealthyPipelineSafeModeRule.java:process(137)) - SCM in safe mode. Healthy pipelines reported count is 0, required healthy pipeline reported count is 1
2022-10-10 08:40:12,258 [pool-601-thread-1] INFO  segmented.SegmentedRaftLogWorker (SegmentedRaftLogWorker.java:<init>(187)) - new 8f156c79-b47c-4138-8e60-2fd88bdff2cb@group-9C6FED448E9E-SegmentedRaftLogWorker for RaftStorageImpl:Storage Directory /home/runner/work/ozone/ozone/hadoop-ozone/integration-test/target/test-dir/MiniOzoneClusterImpl-ad2c0857-510d-4cdb-92e5-38dbe430bd54/datanode-3/data/ratis/6fb28a88-4522-4433-b79b-9c6fed448e9e
2022-10-10 08:40:12,258 [pool-601-thread-1] INFO  server.RaftServerConfigKeys (ConfUtils.java:logGet(46)) - raft.server.log.queue.byte-limit = 4294967296 (custom)
2022-10-10 08:40:12,258 [pool-601-thread-1] INFO  server.RaftServerConfigKeys (ConfUtils.java:logGet(46)) - raft.server.log.queue.element-limit = 1024 (custom)
2022-10-10 08:40:12,258 [pool-601-thread-1] INFO  server.RaftServerConfigKeys (ConfUtils.java:logGet(46)) - raft.server.log.segment.size.max = 1048576 (custom)
2022-10-10 08:40:12,259 [pool-601-thread-1] INFO  server.RaftServerConfigKeys (ConfUtils.java:logGet(46)) - raft.server.log.preallocated.size = 16384 (custom)
2022-10-10 08:40:12,259 [pool-601-thread-1] INFO  server.RaftServerConfigKeys (ConfUtils.java:logGet(46)) - raft.server.log.force.sync.num = 128 (default)
2022-10-10 08:40:12,259 [pool-601-thread-1] INFO  server.RaftServerConfigKeys (ConfUtils.java:logGet(46)) - raft.server.log.statemachine.data.sync = true (default)
2022-10-10 08:40:12,259 [pool-601-thread-1] INFO  server.RaftServerConfigKeys (ConfUtils.java:logGet(46)) - raft.server.log.statemachine.data.sync.timeout = 10s (default)
2022-10-10 08:40:12,259 [pool-601-thread-1] INFO  server.RaftServerConfigKeys (ConfUtils.java:logGet(46)) - raft.server.log.statemachine.data.sync.timeout.retry = -1 (default)
2022-10-10 08:40:12,267 [pool-601-thread-1] INFO  server.RaftServerConfigKeys (ConfUtils.java:logGet(46)) - raft.server.log.write.buffer.size = 1048576 (custom)
2022-10-10 08:40:12,267 [pool-601-thread-1] INFO  server.RaftServerConfigKeys (ConfUtils.java:logGet(46)) - raft.server.log.unsafe-flush.enabled = false (default)
2022-10-10 08:40:12,268 [pool-601-thread-1] INFO  server.RaftServerConfigKeys (ConfUtils.java:logGet(46)) - raft.server.log.statemachine.data.caching.enabled = true (custom)
2022-10-10 08:40:12,268 [pool-601-thread-1] INFO  segmented.SegmentedRaftLogWorker (SegmentedRaftLogWorker.java:lambda$new$0(135)) - 8f156c79-b47c-4138-8e60-2fd88bdff2cb@group-9C6FED448E9E-SegmentedRaftLogWorker: flushIndex: setUnconditionally 0 -> -1
2022-10-10 08:40:12,268 [pool-601-thread-1] INFO  segmented.SegmentedRaftLogWorker (SegmentedRaftLogWorker.java:lambda$new$0(135)) - 8f156c79-b47c-4138-8e60-2fd88bdff2cb@group-9C6FED448E9E-SegmentedRaftLogWorker: safeCacheEvictIndex: setUnconditionally 0 -> -1
2022-10-10 08:40:12,289 [pool-601-thread-1] INFO  server.RaftServerConfigKeys (ConfUtils.java:logGet(46)) - raft.server.snapshot.auto.trigger.enabled = true (custom)
2022-10-10 08:40:12,289 [pool-601-thread-1] INFO  server.RaftServerConfigKeys (ConfUtils.java:logGet(46)) - raft.server.snapshot.auto.trigger.threshold = 10000 (custom)
2022-10-10 08:40:12,289 [pool-601-thread-1] INFO  server.RaftServerConfigKeys (ConfUtils.java:logGet(46)) - raft.server.snapshot.retention.file.num = 5 (custom)
2022-10-10 08:40:12,289 [pool-601-thread-1] INFO  server.RaftServerConfigKeys (ConfUtils.java:logGet(46)) - raft.server.log.purge.upto.snapshot.index = false (default)
2022-10-10 08:40:12,289 [pool-601-thread-1] INFO  server.RaftServerConfigKeys (ConfUtils.java:logGet(46)) - raft.server.retrycache.expirytime = 600000ms (custom)
2022-10-10 08:40:12,289 [pool-601-thread-1] INFO  server.RaftServerConfigKeys (ConfUtils.java:logGet(46)) - raft.server.retrycache.statistics.expirytime = 100μs (default)
2022-10-10 08:40:12,304 [pool-601-thread-1] INFO  server.RaftServerConfigKeys (ConfUtils.java:logGet(46)) - raft.server.log.appender.install.snapshot.enabled = false (custom)
2022-10-10 08:40:12,304 [pool-601-thread-1] INFO  server.RaftServerConfigKeys (ConfUtils.java:logGet(46)) - raft.server.threadpool.server.cached = true (default)
2022-10-10 08:40:12,304 [pool-601-thread-1] INFO  server.RaftServerConfigKeys (ConfUtils.java:logGet(46)) - raft.server.threadpool.server.size = 0 (default)
2022-10-10 08:40:12,305 [pool-601-thread-1] INFO  server.RaftServerConfigKeys (ConfUtils.java:logGet(46)) - raft.server.threadpool.client.cached = true (default)
2022-10-10 08:40:12,305 [pool-601-thread-1] INFO  server.RaftServerConfigKeys (ConfUtils.java:logGet(46)) - raft.server.threadpool.client.size = 0 (default)
2022-10-10 08:40:12,305 [pool-601-thread-1] INFO  server.RaftServer$Division (RaftServerImpl.java:start(310)) - 8f156c79-b47c-4138-8e60-2fd88bdff2cb@group-9C6FED448E9E: start as a follower, conf=-1: [8f156c79-b47c-4138-8e60-2fd88bdff2cb|rpc:10.1.0.114:34005|priority:1], old=null
2022-10-10 08:40:12,305 [pool-601-thread-1] INFO  server.RaftServer$Division (RaftServerImpl.java:setRole(299)) - 8f156c79-b47c-4138-8e60-2fd88bdff2cb@group-9C6FED448E9E: changes role from      null to FOLLOWER at term 0 for startAsFollower
2022-10-10 08:40:12,305 [pool-601-thread-1] INFO  impl.RoleInfo (RoleInfo.java:updateAndGet(139)) - 8f156c79-b47c-4138-8e60-2fd88bdff2cb: start 8f156c79-b47c-4138-8e60-2fd88bdff2cb@group-9C6FED448E9E-FollowerState
2022-10-10 08:40:12,320 [pool-601-thread-1] INFO  util.JmxRegister (JmxRegister.java:tryRegister(44)) - Successfully registered JMX Bean with object name Ratis:service=RaftServer,group=group-9C6FED448E9E,id=8f156c79-b47c-4138-8e60-2fd88bdff2cb
2022-10-10 08:40:12,346 [Command processor thread] INFO  ratis.XceiverServerRatis (XceiverServerRatis.java:addGroup(765)) - Created group PipelineID=6fb28a88-4522-4433-b79b-9c6fed448e9e
2022-10-10 08:40:12,346 [Command processor thread] INFO  commandhandler.CreatePipelineCommandHandler (CreatePipelineCommandHandler.java:handle(113)) - Created Pipeline RATIS ONE PipelineID=6fb28a88-4522-4433-b79b-9c6fed448e9e.
2022-10-10 08:40:12,804 [Listener at 127.0.0.1/41701] INFO  ozone.MiniOzoneClusterImpl (MiniOzoneClusterImpl.java:lambda$waitForClusterToBeReady$0(216)) - Nodes are ready. Got 5 of 5 DN Heartbeats.
2022-10-10 08:40:12,804 [Listener at 127.0.0.1/41701] INFO  ozone.MiniOzoneClusterImpl (MiniOzoneClusterImpl.java:lambda$waitForClusterToBeReady$0(219)) - Waiting for cluster to exit safe mode
2022-10-10 08:40:12,804 [Listener at 127.0.0.1/41701] INFO  ozone.MiniOzoneClusterImpl (MiniOzoneClusterImpl.java:lambda$waitForClusterToBeReady$0(221)) - SCM became leader
2022-10-10 08:40:12,883 [Command processor thread] INFO  server.RaftServer (RaftServerProxy.java:addNew(96)) - 39b99856-47eb-4bdf-8e72-0168dfb4cb59: addNew group-A8DF12D73485:[39b99856-47eb-4bdf-8e72-0168dfb4cb59|rpc:10.1.0.114:46623|priority:1] returns group-A8DF12D73485:java.util.concurrent.CompletableFuture@d933827[Not completed]
2022-10-10 08:40:12,884 [pool-628-thread-1] INFO  server.RaftServer$Division (RaftServerImpl.java:<init>(190)) - 39b99856-47eb-4bdf-8e72-0168dfb4cb59: new RaftServerImpl for group-A8DF12D73485:[39b99856-47eb-4bdf-8e72-0168dfb4cb59|rpc:10.1.0.114:46623|priority:1] with ContainerStateMachine:uninitialized
2022-10-10 08:40:12,885 [pool-628-thread-1] INFO  server.RaftServerConfigKeys (ConfUtils.java:logGet(46)) - raft.server.rpc.timeout.min = 5s (custom)
2022-10-10 08:40:12,885 [pool-628-thread-1] INFO  server.RaftServerConfigKeys (ConfUtils.java:logGet(46)) - raft.server.rpc.timeout.max = 5200ms (custom)
2022-10-10 08:40:12,889 [pool-628-thread-1] INFO  server.RaftServerConfigKeys (ConfUtils.java:logGet(46)) - raft.server.rpc.sleep.time = 25ms (default)
2022-10-10 08:40:12,890 [pool-628-thread-1] INFO  server.RaftServerConfigKeys (ConfUtils.java:logGet(46)) - raft.server.rpc.slowness.timeout = 300s (custom)
2022-10-10 08:40:12,890 [pool-628-thread-1] INFO  server.RaftServerConfigKeys (ConfUtils.java:logGet(46)) - raft.server.leaderelection.leader.step-down.wait-time = 10s (default)
2022-10-10 08:40:12,890 [pool-628-thread-1] INFO  server.RaftServerConfigKeys (ConfUtils.java:logGet(46)) - raft.server.sleep.deviation.threshold = 300ms (default)
2022-10-10 08:40:12,890 [pool-628-thread-1] INFO  server.RaftServer$Division (ServerState.java:<init>(107)) - 39b99856-47eb-4bdf-8e72-0168dfb4cb59@group-A8DF12D73485: ConfigurationManager, init=-1: [39b99856-47eb-4bdf-8e72-0168dfb4cb59|rpc:10.1.0.114:46623|priority:1], old=null, confs=<EMPTY_MAP>
2022-10-10 08:40:12,890 [pool-628-thread-1] INFO  server.RaftServerConfigKeys (ConfUtils.java:logGet(46)) - raft.server.storage.dir = [/home/runner/work/ozone/ozone/hadoop-ozone/integration-test/target/test-dir/MiniOzoneClusterImpl-ad2c0857-510d-4cdb-92e5-38dbe430bd54/datanode-4/data/ratis] (custom)
2022-10-10 08:40:12,890 [pool-628-thread-1] INFO  server.RaftServerConfigKeys (ConfUtils.java:logGet(46)) - raft.server.log.corruption.policy = EXCEPTION (default)
2022-10-10 08:40:12,890 [pool-628-thread-1] INFO  server.RaftServerConfigKeys (ConfUtils.java:logGet(46)) - raft.server.storage.free-space.min = 0MB (=0) (default)
2022-10-10 08:40:12,891 [pool-628-thread-1] INFO  storage.RaftStorageDirectory (RaftStorageDirectoryImpl.java:analyzeStorage(135)) - The storage directory /home/runner/work/ozone/ozone/hadoop-ozone/integration-test/target/test-dir/MiniOzoneClusterImpl-ad2c0857-510d-4cdb-92e5-38dbe430bd54/datanode-4/data/ratis/e8d6eaad-213a-4357-87d5-a8df12d73485 does not exist. Creating ...
2022-10-10 08:40:12,900 [pool-628-thread-1] INFO  storage.RaftStorageDirectory (RaftStorageDirectoryImpl.java:tryLock(230)) - Lock on /home/runner/work/ozone/ozone/hadoop-ozone/integration-test/target/test-dir/MiniOzoneClusterImpl-ad2c0857-510d-4cdb-92e5-38dbe430bd54/datanode-4/data/ratis/e8d6eaad-213a-4357-87d5-a8df12d73485/in_use.lock acquired by nodename 13217@fv-az292-843
2022-10-10 08:40:12,904 [pool-628-thread-1] INFO  storage.RaftStorage (RaftStorageImpl.java:format(89)) - Storage directory /home/runner/work/ozone/ozone/hadoop-ozone/integration-test/target/test-dir/MiniOzoneClusterImpl-ad2c0857-510d-4cdb-92e5-38dbe430bd54/datanode-4/data/ratis/e8d6eaad-213a-4357-87d5-a8df12d73485 has been successfully formatted.
2022-10-10 08:40:12,920 [pool-628-thread-1] INFO  ratis.ContainerStateMachine (ContainerStateMachine.java:loadSnapshot(236)) - group-A8DF12D73485: The snapshot info is null. Setting the last applied indexto:(t:0, i:~)
2022-10-10 08:40:12,920 [pool-628-thread-1] INFO  server.RaftServerConfigKeys (ConfUtils.java:logGet(46)) - raft.server.notification.no-leader.timeout = 300s (custom)
2022-10-10 08:40:12,920 [pool-628-thread-1] INFO  server.RaftServerConfigKeys (ConfUtils.java:logGet(46)) - raft.server.log.use.memory = false (default)
2022-10-10 08:40:12,920 [pool-628-thread-1] INFO  server.RaftServerConfigKeys (ConfUtils.java:logGet(46)) - raft.server.log.purge.gap = 1000000 (custom)
2022-10-10 08:40:12,920 [pool-628-thread-1] INFO  server.RaftServerConfigKeys (ConfUtils.java:logGet(46)) - raft.server.log.appender.buffer.byte-limit = 33554432 (custom)
2022-10-10 08:40:12,920 [pool-628-thread-1] INFO  server.RaftServerConfigKeys (ConfUtils.java:logGet(46)) - raft.server.log.statemachine.data.read.timeout = 1000ms (default)
2022-10-10 08:40:12,920 [pool-628-thread-1] INFO  server.RaftServerConfigKeys (ConfUtils.java:logGet(46)) - raft.server.log.segment.size.max = 1048576 (custom)
2022-10-10 08:40:12,921 [pool-628-thread-1] INFO  server.RaftServerConfigKeys (ConfUtils.java:logGet(46)) - raft.server.log.segment.cache.num.max = 2 (custom)
2022-10-10 08:40:12,921 [pool-628-thread-1] INFO  server.RaftServerConfigKeys (ConfUtils.java:logGet(46)) - raft.server.log.segment.cache.size.max = 200MB (=209715200) (default)
2022-10-10 08:40:12,921 [pool-628-thread-1] INFO  segmented.SegmentedRaftLogWorker (SegmentedRaftLogWorker.java:<init>(187)) - new 39b99856-47eb-4bdf-8e72-0168dfb4cb59@group-A8DF12D73485-SegmentedRaftLogWorker for RaftStorageImpl:Storage Directory /home/runner/work/ozone/ozone/hadoop-ozone/integration-test/target/test-dir/MiniOzoneClusterImpl-ad2c0857-510d-4cdb-92e5-38dbe430bd54/datanode-4/data/ratis/e8d6eaad-213a-4357-87d5-a8df12d73485
2022-10-10 08:40:12,921 [pool-628-thread-1] INFO  server.RaftServerConfigKeys (ConfUtils.java:logGet(46)) - raft.server.log.queue.byte-limit = 4294967296 (custom)
2022-10-10 08:40:12,921 [pool-628-thread-1] INFO  server.RaftServerConfigKeys (ConfUtils.java:logGet(46)) - raft.server.log.queue.element-limit = 1024 (custom)
2022-10-10 08:40:12,921 [pool-628-thread-1] INFO  server.RaftServerConfigKeys (ConfUtils.java:logGet(46)) - raft.server.log.segment.size.max = 1048576 (custom)
2022-10-10 08:40:12,921 [pool-628-thread-1] INFO  server.RaftServerConfigKeys (ConfUtils.java:logGet(46)) - raft.server.log.preallocated.size = 16384 (custom)
2022-10-10 08:40:12,921 [pool-628-thread-1] INFO  server.RaftServerConfigKeys (ConfUtils.java:logGet(46)) - raft.server.log.force.sync.num = 128 (default)
2022-10-10 08:40:12,921 [pool-628-thread-1] INFO  server.RaftServerConfigKeys (ConfUtils.java:logGet(46)) - raft.server.log.statemachine.data.sync = true (default)
2022-10-10 08:40:12,921 [pool-628-thread-1] INFO  server.RaftServerConfigKeys (ConfUtils.java:logGet(46)) - raft.server.log.statemachine.data.sync.timeout = 10s (default)
2022-10-10 08:40:12,921 [pool-628-thread-1] INFO  server.RaftServerConfigKeys (ConfUtils.java:logGet(46)) - raft.server.log.statemachine.data.sync.timeout.retry = -1 (default)
2022-10-10 08:40:12,922 [pool-628-thread-1] INFO  server.RaftServerConfigKeys (ConfUtils.java:logGet(46)) - raft.server.log.write.buffer.size = 1048576 (custom)
2022-10-10 08:40:12,923 [pool-628-thread-1] INFO  server.RaftServerConfigKeys (ConfUtils.java:logGet(46)) - raft.server.log.unsafe-flush.enabled = false (default)
2022-10-10 08:40:12,923 [pool-628-thread-1] INFO  server.RaftServerConfigKeys (ConfUtils.java:logGet(46)) - raft.server.log.statemachine.data.caching.enabled = true (custom)
2022-10-10 08:40:12,923 [pool-628-thread-1] INFO  segmented.SegmentedRaftLogWorker (SegmentedRaftLogWorker.java:lambda$new$0(135)) - 39b99856-47eb-4bdf-8e72-0168dfb4cb59@group-A8DF12D73485-SegmentedRaftLogWorker: flushIndex: setUnconditionally 0 -> -1
2022-10-10 08:40:12,923 [pool-628-thread-1] INFO  segmented.SegmentedRaftLogWorker (SegmentedRaftLogWorker.java:lambda$new$0(135)) - 39b99856-47eb-4bdf-8e72-0168dfb4cb59@group-A8DF12D73485-SegmentedRaftLogWorker: safeCacheEvictIndex: setUnconditionally 0 -> -1
2022-10-10 08:40:12,924 [EventQueue-PipelineReportForPipelineReportHandler] INFO  pipeline.PipelineManagerImpl (PipelineManagerImpl.java:openPipeline(367)) - Pipeline Pipeline[ Id: e8d6eaad-213a-4357-87d5-a8df12d73485, Nodes: 39b99856-47eb-4bdf-8e72-0168dfb4cb59{ip: 10.1.0.114, host: fv-az292-843.tqgtyn10aqxuxoi0mkfbldi5vh.jx.internal.cloudapp.net, ports: [REPLICATION=37291, RATIS=46623, RATIS_ADMIN=46623, RATIS_SERVER=46623, STANDALONE=38181], networkLocation: /default-rack, certSerialId: null, persistedOpState: IN_SERVICE, persistedOpStateExpiryEpochSec: 0}, ReplicationConfig: RATIS/ONE, State:ALLOCATED, leaderId:39b99856-47eb-4bdf-8e72-0168dfb4cb59, CreationTimestamp2022-10-10T08:40:09.908Z[Etc/UTC]] moved to OPEN state
2022-10-10 08:40:12,925 [EventQueue-OpenPipelineForHealthyPipelineSafeModeRule] INFO  safemode.SCMSafeModeManager (HealthyPipelineSafeModeRule.java:process(137)) - SCM in safe mode. Healthy pipelines reported count is 0, required healthy pipeline reported count is 1
2022-10-10 08:40:12,925 [pool-628-thread-1] INFO  server.RaftServerConfigKeys (ConfUtils.java:logGet(46)) - raft.server.snapshot.auto.trigger.enabled = true (custom)
2022-10-10 08:40:12,925 [pool-628-thread-1] INFO  server.RaftServerConfigKeys (ConfUtils.java:logGet(46)) - raft.server.snapshot.auto.trigger.threshold = 10000 (custom)
2022-10-10 08:40:12,925 [pool-628-thread-1] INFO  server.RaftServerConfigKeys (ConfUtils.java:logGet(46)) - raft.server.snapshot.retention.file.num = 5 (custom)
2022-10-10 08:40:12,925 [pool-628-thread-1] INFO  server.RaftServerConfigKeys (ConfUtils.java:logGet(46)) - raft.server.log.purge.upto.snapshot.index = false (default)
2022-10-10 08:40:12,925 [pool-628-thread-1] INFO  server.RaftServerConfigKeys (ConfUtils.java:logGet(46)) - raft.server.retrycache.expirytime = 600000ms (custom)
2022-10-10 08:40:12,925 [pool-628-thread-1] INFO  server.RaftServerConfigKeys (ConfUtils.java:logGet(46)) - raft.server.retrycache.statistics.expirytime = 100μs (default)
2022-10-10 08:40:12,927 [pool-628-thread-1] INFO  server.RaftServerConfigKeys (ConfUtils.java:logGet(46)) - raft.server.log.appender.install.snapshot.enabled = false (custom)
2022-10-10 08:40:12,927 [pool-628-thread-1] INFO  server.RaftServerConfigKeys (ConfUtils.java:logGet(46)) - raft.server.threadpool.server.cached = true (default)
2022-10-10 08:40:12,927 [pool-628-thread-1] INFO  server.RaftServerConfigKeys (ConfUtils.java:logGet(46)) - raft.server.threadpool.server.size = 0 (default)
2022-10-10 08:40:12,927 [pool-628-thread-1] INFO  server.RaftServerConfigKeys (ConfUtils.java:logGet(46)) - raft.server.threadpool.client.cached = true (default)
2022-10-10 08:40:12,927 [pool-628-thread-1] INFO  server.RaftServerConfigKeys (ConfUtils.java:logGet(46)) - raft.server.threadpool.client.size = 0 (default)
2022-10-10 08:40:12,927 [pool-628-thread-1] INFO  server.RaftServer$Division (RaftServerImpl.java:start(310)) - 39b99856-47eb-4bdf-8e72-0168dfb4cb59@group-A8DF12D73485: start as a follower, conf=-1: [39b99856-47eb-4bdf-8e72-0168dfb4cb59|rpc:10.1.0.114:46623|priority:1], old=null
2022-10-10 08:40:12,927 [pool-628-thread-1] INFO  server.RaftServer$Division (RaftServerImpl.java:setRole(299)) - 39b99856-47eb-4bdf-8e72-0168dfb4cb59@group-A8DF12D73485: changes role from      null to FOLLOWER at term 0 for startAsFollower
2022-10-10 08:40:12,927 [pool-628-thread-1] INFO  impl.RoleInfo (RoleInfo.java:updateAndGet(139)) - 39b99856-47eb-4bdf-8e72-0168dfb4cb59: start 39b99856-47eb-4bdf-8e72-0168dfb4cb59@group-A8DF12D73485-FollowerState
2022-10-10 08:40:12,927 [pool-628-thread-1] INFO  util.JmxRegister (JmxRegister.java:tryRegister(44)) - Successfully registered JMX Bean with object name Ratis:service=RaftServer,group=group-A8DF12D73485,id=39b99856-47eb-4bdf-8e72-0168dfb4cb59
2022-10-10 08:40:12,928 [Command processor thread] INFO  ratis.XceiverServerRatis (XceiverServerRatis.java:addGroup(765)) - Created group PipelineID=e8d6eaad-213a-4357-87d5-a8df12d73485
2022-10-10 08:40:12,928 [Command processor thread] INFO  commandhandler.CreatePipelineCommandHandler (CreatePipelineCommandHandler.java:handle(113)) - Created Pipeline RATIS ONE PipelineID=e8d6eaad-213a-4357-87d5-a8df12d73485.
2022-10-10 08:40:13,804 [Listener at 127.0.0.1/41701] INFO  ozone.MiniOzoneClusterImpl (MiniOzoneClusterImpl.java:lambda$waitForClusterToBeReady$0(216)) - Nodes are ready. Got 5 of 5 DN Heartbeats.
2022-10-10 08:40:13,805 [Listener at 127.0.0.1/41701] INFO  ozone.MiniOzoneClusterImpl (MiniOzoneClusterImpl.java:lambda$waitForClusterToBeReady$0(219)) - Waiting for cluster to exit safe mode
2022-10-10 08:40:13,805 [Listener at 127.0.0.1/41701] INFO  ozone.MiniOzoneClusterImpl (MiniOzoneClusterImpl.java:lambda$waitForClusterToBeReady$0(221)) - SCM became leader
2022-10-10 08:40:14,805 [Listener at 127.0.0.1/41701] INFO  ozone.MiniOzoneClusterImpl (MiniOzoneClusterImpl.java:lambda$waitForClusterToBeReady$0(216)) - Nodes are ready. Got 5 of 5 DN Heartbeats.
2022-10-10 08:40:14,805 [Listener at 127.0.0.1/41701] INFO  ozone.MiniOzoneClusterImpl (MiniOzoneClusterImpl.java:lambda$waitForClusterToBeReady$0(219)) - Waiting for cluster to exit safe mode
2022-10-10 08:40:14,806 [Listener at 127.0.0.1/41701] INFO  ozone.MiniOzoneClusterImpl (MiniOzoneClusterImpl.java:lambda$waitForClusterToBeReady$0(221)) - SCM became leader
2022-10-10 08:40:14,856 [1a566261-beec-4fd1-be7c-d2e6de257968@group-F2032093DD63-FollowerState] INFO  impl.FollowerState (FollowerState.java:run(143)) - 1a566261-beec-4fd1-be7c-d2e6de257968@group-F2032093DD63-FollowerState: change to CANDIDATE, lastRpcElapsedTime:5050143211ns, electionTimeout:5048ms
2022-10-10 08:40:14,857 [1a566261-beec-4fd1-be7c-d2e6de257968@group-F2032093DD63-FollowerState] INFO  impl.RoleInfo (RoleInfo.java:shutdownFollowerState(110)) - 1a566261-beec-4fd1-be7c-d2e6de257968: shutdown 1a566261-beec-4fd1-be7c-d2e6de257968@group-F2032093DD63-FollowerState
2022-10-10 08:40:14,857 [1a566261-beec-4fd1-be7c-d2e6de257968@group-F2032093DD63-FollowerState] INFO  server.RaftServer$Division (RaftServerImpl.java:setRole(299)) - 1a566261-beec-4fd1-be7c-d2e6de257968@group-F2032093DD63: changes role from  FOLLOWER to CANDIDATE at term 0 for changeToCandidate
2022-10-10 08:40:14,857 [1a566261-beec-4fd1-be7c-d2e6de257968@group-F2032093DD63-FollowerState] INFO  server.RaftServerConfigKeys (ConfUtils.java:logGet(46)) - raft.server.leaderelection.pre-vote = false (custom)
2022-10-10 08:40:14,857 [1a566261-beec-4fd1-be7c-d2e6de257968@group-F2032093DD63-FollowerState] INFO  impl.RoleInfo (RoleInfo.java:updateAndGet(139)) - 1a566261-beec-4fd1-be7c-d2e6de257968: start 1a566261-beec-4fd1-be7c-d2e6de257968@group-F2032093DD63-LeaderElection33
2022-10-10 08:40:14,892 [1a566261-beec-4fd1-be7c-d2e6de257968@group-F2032093DD63-LeaderElection33] INFO  impl.LeaderElection (LeaderElection.java:askForVotes(310)) - 1a566261-beec-4fd1-be7c-d2e6de257968@group-F2032093DD63-LeaderElection33 ELECTION round 0: submit vote requests at term 1 for -1: [df95c109-086c-4fdb-bc2f-e7a3020caa9e|rpc:10.1.0.114:37403|priority:1, 2505bfdb-a405-42b6-a08f-f2b9b27cb3cf|rpc:10.1.0.114:44113|priority:0, 1a566261-beec-4fd1-be7c-d2e6de257968|rpc:10.1.0.114:43815|priority:0], old=null
2022-10-10 08:40:14,935 [grpc-default-executor-0] INFO  server.RaftServer$Division (RaftServerImpl.java:requestVote(1152)) - df95c109-086c-4fdb-bc2f-e7a3020caa9e@group-F2032093DD63: receive requestVote(ELECTION, 1a566261-beec-4fd1-be7c-d2e6de257968, group-F2032093DD63, 1, (t:0, i:0))
2022-10-10 08:40:14,936 [grpc-default-executor-0] INFO  impl.VoteContext (VoteContext.java:log(48)) - df95c109-086c-4fdb-bc2f-e7a3020caa9e@group-F2032093DD63-FOLLOWER: reject ELECTION from 1a566261-beec-4fd1-be7c-d2e6de257968: our priority 1 > candidate's priority 0
2022-10-10 08:40:14,936 [grpc-default-executor-0] INFO  server.RaftServer$Division (RaftServerImpl.java:setRole(299)) - df95c109-086c-4fdb-bc2f-e7a3020caa9e@group-F2032093DD63: changes role from  FOLLOWER to FOLLOWER at term 1 for candidate:1a566261-beec-4fd1-be7c-d2e6de257968
2022-10-10 08:40:14,936 [grpc-default-executor-0] INFO  impl.RoleInfo (RoleInfo.java:shutdownFollowerState(110)) - df95c109-086c-4fdb-bc2f-e7a3020caa9e: shutdown df95c109-086c-4fdb-bc2f-e7a3020caa9e@group-F2032093DD63-FollowerState
2022-10-10 08:40:14,936 [grpc-default-executor-0] INFO  impl.RoleInfo (RoleInfo.java:updateAndGet(139)) - df95c109-086c-4fdb-bc2f-e7a3020caa9e: start df95c109-086c-4fdb-bc2f-e7a3020caa9e@group-F2032093DD63-FollowerState
2022-10-10 08:40:14,938 [df95c109-086c-4fdb-bc2f-e7a3020caa9e@group-F2032093DD63-FollowerState] INFO  impl.FollowerState (FollowerState.java:run(152)) - df95c109-086c-4fdb-bc2f-e7a3020caa9e@group-F2032093DD63-FollowerState was interrupted
2022-10-10 08:40:14,940 [1a566261-beec-4fd1-be7c-d2e6de257968@group-B760336828A7-FollowerState] INFO  impl.FollowerState (FollowerState.java:run(143)) - 1a566261-beec-4fd1-be7c-d2e6de257968@group-B760336828A7-FollowerState: change to CANDIDATE, lastRpcElapsedTime:5149724509ns, electionTimeout:5127ms
2022-10-10 08:40:14,940 [1a566261-beec-4fd1-be7c-d2e6de257968@group-B760336828A7-FollowerState] INFO  impl.RoleInfo (RoleInfo.java:shutdownFollowerState(110)) - 1a566261-beec-4fd1-be7c-d2e6de257968: shutdown 1a566261-beec-4fd1-be7c-d2e6de257968@group-B760336828A7-FollowerState
2022-10-10 08:40:14,941 [1a566261-beec-4fd1-be7c-d2e6de257968@group-B760336828A7-FollowerState] INFO  server.RaftServer$Division (RaftServerImpl.java:setRole(299)) - 1a566261-beec-4fd1-be7c-d2e6de257968@group-B760336828A7: changes role from  FOLLOWER to CANDIDATE at term 0 for changeToCandidate
2022-10-10 08:40:14,941 [1a566261-beec-4fd1-be7c-d2e6de257968@group-B760336828A7-FollowerState] INFO  server.RaftServerConfigKeys (ConfUtils.java:logGet(46)) - raft.server.leaderelection.pre-vote = false (custom)
2022-10-10 08:40:14,941 [1a566261-beec-4fd1-be7c-d2e6de257968@group-B760336828A7-FollowerState] INFO  impl.RoleInfo (RoleInfo.java:updateAndGet(139)) - 1a566261-beec-4fd1-be7c-d2e6de257968: start 1a566261-beec-4fd1-be7c-d2e6de257968@group-B760336828A7-LeaderElection34
2022-10-10 08:40:14,942 [grpc-default-executor-0] INFO  server.RaftServer$Division (RaftServerImpl.java:requestVote(1184)) - df95c109-086c-4fdb-bc2f-e7a3020caa9e@group-F2032093DD63 replies to ELECTION vote request: 1a566261-beec-4fd1-be7c-d2e6de257968<-df95c109-086c-4fdb-bc2f-e7a3020caa9e#0:FAIL-t1. Peer's state: df95c109-086c-4fdb-bc2f-e7a3020caa9e@group-F2032093DD63:t1, leader=null, voted=null, raftlog=df95c109-086c-4fdb-bc2f-e7a3020caa9e@group-F2032093DD63-SegmentedRaftLog:OPENED:c-1, conf=-1: [df95c109-086c-4fdb-bc2f-e7a3020caa9e|rpc:10.1.0.114:37403|dataStream:|priority:1, 2505bfdb-a405-42b6-a08f-f2b9b27cb3cf|rpc:10.1.0.114:44113|dataStream:|priority:0, 1a566261-beec-4fd1-be7c-d2e6de257968|rpc:10.1.0.114:43815|dataStream:|priority:0], old=null
2022-10-10 08:40:14,978 [1a566261-beec-4fd1-be7c-d2e6de257968@group-B760336828A7-LeaderElection34] INFO  impl.LeaderElection (LeaderElection.java:askForVotes(310)) - 1a566261-beec-4fd1-be7c-d2e6de257968@group-B760336828A7-LeaderElection34 ELECTION round 0: submit vote requests at term 1 for -1: [1a566261-beec-4fd1-be7c-d2e6de257968|rpc:10.1.0.114:43815|priority:1], old=null
2022-10-10 08:40:14,978 [1a566261-beec-4fd1-be7c-d2e6de257968@group-B760336828A7-LeaderElection34] INFO  impl.LeaderElection (LeaderElection.java:askForVotes(312)) - 1a566261-beec-4fd1-be7c-d2e6de257968@group-B760336828A7-LeaderElection34 ELECTION round 0: result PASSED (term=1)
2022-10-10 08:40:14,978 [1a566261-beec-4fd1-be7c-d2e6de257968@group-B760336828A7-LeaderElection34] INFO  impl.RoleInfo (RoleInfo.java:shutdownLeaderElection(130)) - 1a566261-beec-4fd1-be7c-d2e6de257968: shutdown 1a566261-beec-4fd1-be7c-d2e6de257968@group-B760336828A7-LeaderElection34
2022-10-10 08:40:14,978 [1a566261-beec-4fd1-be7c-d2e6de257968@group-B760336828A7-LeaderElection34] INFO  server.RaftServer$Division (RaftServerImpl.java:setRole(299)) - 1a566261-beec-4fd1-be7c-d2e6de257968@group-B760336828A7: changes role from CANDIDATE to LEADER at term 1 for changeToLeader
2022-10-10 08:40:14,978 [1a566261-beec-4fd1-be7c-d2e6de257968@group-B760336828A7-LeaderElection34] INFO  ratis.XceiverServerRatis (XceiverServerRatis.java:handleLeaderChangedNotification(863)) - Leader change notification received for group: group-B760336828A7 with new leaderId: 1a566261-beec-4fd1-be7c-d2e6de257968
2022-10-10 08:40:14,978 [1a566261-beec-4fd1-be7c-d2e6de257968@group-B760336828A7-LeaderElection34] INFO  server.RaftServer$Division (ServerState.java:setLeader(287)) - 1a566261-beec-4fd1-be7c-d2e6de257968@group-B760336828A7: change Leader from null to 1a566261-beec-4fd1-be7c-d2e6de257968 at term 1 for becomeLeader, leader elected after 5208ms
2022-10-10 08:40:14,978 [1a566261-beec-4fd1-be7c-d2e6de257968@group-B760336828A7-LeaderElection34] INFO  server.RaftServerConfigKeys (ConfUtils.java:logGet(46)) - raft.server.staging.catchup.gap = 1000 (default)
2022-10-10 08:40:14,979 [EventQueue-OpenPipelineForHealthyPipelineSafeModeRule] INFO  safemode.SCMSafeModeManager (HealthyPipelineSafeModeRule.java:process(137)) - SCM in safe mode. Healthy pipelines reported count is 0, required healthy pipeline reported count is 1
2022-10-10 08:40:14,980 [1a566261-beec-4fd1-be7c-d2e6de257968@group-B760336828A7-LeaderElection34] INFO  server.RaftServerConfigKeys (ConfUtils.java:logGet(46)) - raft.server.write.element-limit = 1024 (custom)
2022-10-10 08:40:14,980 [1a566261-beec-4fd1-be7c-d2e6de257968@group-B760336828A7-LeaderElection34] INFO  server.RaftServerConfigKeys (ConfUtils.java:logGet(46)) - raft.server.write.byte-limit = 1024 M (=1073741824) (custom)
2022-10-10 08:40:14,980 [1a566261-beec-4fd1-be7c-d2e6de257968@group-B760336828A7-LeaderElection34] INFO  server.RaftServerConfigKeys (ConfUtils.java:logGet(46)) - raft.server.watch.timeout = 180s (custom)
2022-10-10 08:40:14,980 [1a566261-beec-4fd1-be7c-d2e6de257968@group-B760336828A7-LeaderElection34] INFO  server.RaftServerConfigKeys (ConfUtils.java:logGet(46)) - raft.server.watch.timeout.denomination = 1s (default)
2022-10-10 08:40:14,980 [1a566261-beec-4fd1-be7c-d2e6de257968@group-B760336828A7-LeaderElection34] INFO  server.RaftServerConfigKeys (ConfUtils.java:logGet(46)) - raft.server.watch.element-limit = 65536 (default)
2022-10-10 08:40:14,981 [1a566261-beec-4fd1-be7c-d2e6de257968@group-F2032093DD63-LeaderElection33] INFO  impl.LeaderElection (LeaderElection.java:logAndReturn(90)) - 1a566261-beec-4fd1-be7c-d2e6de257968@group-F2032093DD63-LeaderElection33: ELECTION REJECTED received 1 response(s) and 0 exception(s):
2022-10-10 08:40:14,981 [1a566261-beec-4fd1-be7c-d2e6de257968@group-F2032093DD63-LeaderElection33] INFO  impl.LeaderElection (LeaderElection.java:logAndReturn(94)) -   Response 0: 1a566261-beec-4fd1-be7c-d2e6de257968<-df95c109-086c-4fdb-bc2f-e7a3020caa9e#0:FAIL-t1
2022-10-10 08:40:14,981 [1a566261-beec-4fd1-be7c-d2e6de257968@group-F2032093DD63-LeaderElection33] INFO  impl.LeaderElection (LeaderElection.java:askForVotes(312)) - 1a566261-beec-4fd1-be7c-d2e6de257968@group-F2032093DD63-LeaderElection33 ELECTION round 0: result REJECTED
2022-10-10 08:40:14,981 [1a566261-beec-4fd1-be7c-d2e6de257968@group-F2032093DD63-LeaderElection33] INFO  server.RaftServer$Division (RaftServerImpl.java:setRole(299)) - 1a566261-beec-4fd1-be7c-d2e6de257968@group-F2032093DD63: changes role from CANDIDATE to FOLLOWER at term 1 for REJECTED
2022-10-10 08:40:14,981 [1a566261-beec-4fd1-be7c-d2e6de257968@group-F2032093DD63-LeaderElection33] INFO  impl.RoleInfo (RoleInfo.java:shutdownLeaderElection(130)) - 1a566261-beec-4fd1-be7c-d2e6de257968: shutdown 1a566261-beec-4fd1-be7c-d2e6de257968@group-F2032093DD63-LeaderElection33
2022-10-10 08:40:14,981 [1a566261-beec-4fd1-be7c-d2e6de257968@group-F2032093DD63-LeaderElection33] INFO  impl.RoleInfo (RoleInfo.java:updateAndGet(139)) - 1a566261-beec-4fd1-be7c-d2e6de257968: start 1a566261-beec-4fd1-be7c-d2e6de257968@group-F2032093DD63-FollowerState
2022-10-10 08:40:14,982 [1a566261-beec-4fd1-be7c-d2e6de257968@group-B760336828A7-LeaderElection34] INFO  server.RaftServerConfigKeys (ConfUtils.java:logGet(46)) - raft.server.write.element-limit = 1024 (custom)
2022-10-10 08:40:14,982 [1a566261-beec-4fd1-be7c-d2e6de257968@group-B760336828A7-LeaderElection34] INFO  server.RaftServerConfigKeys (ConfUtils.java:logGet(46)) - raft.server.write.follower.gap.ratio.max = -1.0 (default)
2022-10-10 08:40:14,982 [1a566261-beec-4fd1-be7c-d2e6de257968@group-B760336828A7-LeaderElection34] INFO  impl.RoleInfo (RoleInfo.java:updateAndGet(139)) - 1a566261-beec-4fd1-be7c-d2e6de257968: start 1a566261-beec-4fd1-be7c-d2e6de257968@group-B760336828A7-LeaderStateImpl
2022-10-10 08:40:14,982 [1a566261-beec-4fd1-be7c-d2e6de257968@group-B760336828A7-LeaderElection34] INFO  segmented.SegmentedRaftLogWorker (SegmentedRaftLogWorker.java:startLogSegment(425)) - 1a566261-beec-4fd1-be7c-d2e6de257968@group-B760336828A7-SegmentedRaftLogWorker: Starting segment from index:0
2022-10-10 08:40:15,001 [1a566261-beec-4fd1-be7c-d2e6de257968@group-B760336828A7-LeaderElection34] INFO  server.RaftServer$Division (ServerState.java:setRaftConf(393)) - 1a566261-beec-4fd1-be7c-d2e6de257968@group-B760336828A7: set configuration 0: [1a566261-beec-4fd1-be7c-d2e6de257968|rpc:10.1.0.114:43815|dataStream:|priority:1], old=null
2022-10-10 08:40:15,017 [grpc-default-executor-0] INFO  server.RaftServer$Division (RaftServerImpl.java:requestVote(1152)) - 2505bfdb-a405-42b6-a08f-f2b9b27cb3cf@group-F2032093DD63: receive requestVote(ELECTION, 1a566261-beec-4fd1-be7c-d2e6de257968, group-F2032093DD63, 1, (t:0, i:0))
2022-10-10 08:40:15,017 [grpc-default-executor-0] INFO  impl.VoteContext (VoteContext.java:log(48)) - 2505bfdb-a405-42b6-a08f-f2b9b27cb3cf@group-F2032093DD63-FOLLOWER: accept ELECTION from 1a566261-beec-4fd1-be7c-d2e6de257968: our priority 0 <= candidate's priority 0
2022-10-10 08:40:15,017 [grpc-default-executor-0] INFO  server.RaftServer$Division (RaftServerImpl.java:setRole(299)) - 2505bfdb-a405-42b6-a08f-f2b9b27cb3cf@group-F2032093DD63: changes role from  FOLLOWER to FOLLOWER at term 1 for candidate:1a566261-beec-4fd1-be7c-d2e6de257968
2022-10-10 08:40:15,017 [grpc-default-executor-0] INFO  impl.RoleInfo (RoleInfo.java:shutdownFollowerState(110)) - 2505bfdb-a405-42b6-a08f-f2b9b27cb3cf: shutdown 2505bfdb-a405-42b6-a08f-f2b9b27cb3cf@group-F2032093DD63-FollowerState
2022-10-10 08:40:15,017 [grpc-default-executor-0] INFO  impl.RoleInfo (RoleInfo.java:updateAndGet(139)) - 2505bfdb-a405-42b6-a08f-f2b9b27cb3cf: start 2505bfdb-a405-42b6-a08f-f2b9b27cb3cf@group-F2032093DD63-FollowerState
2022-10-10 08:40:15,017 [2505bfdb-a405-42b6-a08f-f2b9b27cb3cf@group-F2032093DD63-FollowerState] INFO  impl.FollowerState (FollowerState.java:run(152)) - 2505bfdb-a405-42b6-a08f-f2b9b27cb3cf@group-F2032093DD63-FollowerState was interrupted
2022-10-10 08:40:15,023 [grpc-default-executor-0] INFO  server.RaftServer$Division (RaftServerImpl.java:requestVote(1184)) - 2505bfdb-a405-42b6-a08f-f2b9b27cb3cf@group-F2032093DD63 replies to ELECTION vote request: 1a566261-beec-4fd1-be7c-d2e6de257968<-2505bfdb-a405-42b6-a08f-f2b9b27cb3cf#0:OK-t1. Peer's state: 2505bfdb-a405-42b6-a08f-f2b9b27cb3cf@group-F2032093DD63:t1, leader=null, voted=1a566261-beec-4fd1-be7c-d2e6de257968, raftlog=2505bfdb-a405-42b6-a08f-f2b9b27cb3cf@group-F2032093DD63-SegmentedRaftLog:OPENED:c-1, conf=-1: [df95c109-086c-4fdb-bc2f-e7a3020caa9e|rpc:10.1.0.114:37403|dataStream:|priority:1, 2505bfdb-a405-42b6-a08f-f2b9b27cb3cf|rpc:10.1.0.114:44113|dataStream:|priority:0, 1a566261-beec-4fd1-be7c-d2e6de257968|rpc:10.1.0.114:43815|dataStream:|priority:0], old=null
2022-10-10 08:40:15,038 [1a566261-beec-4fd1-be7c-d2e6de257968@group-B760336828A7-SegmentedRaftLogWorker] INFO  segmented.SegmentedRaftLogWorker (SegmentedRaftLogWorker.java:execute(629)) - 1a566261-beec-4fd1-be7c-d2e6de257968@group-B760336828A7-SegmentedRaftLogWorker: created new log segment /home/runner/work/ozone/ozone/hadoop-ozone/integration-test/target/test-dir/MiniOzoneClusterImpl-ad2c0857-510d-4cdb-92e5-38dbe430bd54/datanode-0/data/ratis/5b397a12-737a-4188-ba0a-b760336828a7/current/log_inprogress_0
2022-10-10 08:40:15,306 [1a566261-beec-4fd1-be7c-d2e6de257968@group-E6C73168D3C7-FollowerState] INFO  impl.FollowerState (FollowerState.java:run(143)) - 1a566261-beec-4fd1-be7c-d2e6de257968@group-E6C73168D3C7-FollowerState: change to CANDIDATE, lastRpcElapsedTime:5176234390ns, electionTimeout:5174ms
2022-10-10 08:40:15,306 [1a566261-beec-4fd1-be7c-d2e6de257968@group-E6C73168D3C7-FollowerState] INFO  impl.RoleInfo (RoleInfo.java:shutdownFollowerState(110)) - 1a566261-beec-4fd1-be7c-d2e6de257968: shutdown 1a566261-beec-4fd1-be7c-d2e6de257968@group-E6C73168D3C7-FollowerState
2022-10-10 08:40:15,307 [1a566261-beec-4fd1-be7c-d2e6de257968@group-E6C73168D3C7-FollowerState] INFO  server.RaftServer$Division (RaftServerImpl.java:setRole(299)) - 1a566261-beec-4fd1-be7c-d2e6de257968@group-E6C73168D3C7: changes role from  FOLLOWER to CANDIDATE at term 0 for changeToCandidate
2022-10-10 08:40:15,307 [1a566261-beec-4fd1-be7c-d2e6de257968@group-E6C73168D3C7-FollowerState] INFO  server.RaftServerConfigKeys (ConfUtils.java:logGet(46)) - raft.server.leaderelection.pre-vote = false (custom)
2022-10-10 08:40:15,307 [1a566261-beec-4fd1-be7c-d2e6de257968@group-E6C73168D3C7-FollowerState] INFO  impl.RoleInfo (RoleInfo.java:updateAndGet(139)) - 1a566261-beec-4fd1-be7c-d2e6de257968: start 1a566261-beec-4fd1-be7c-d2e6de257968@group-E6C73168D3C7-LeaderElection35
2022-10-10 08:40:15,331 [1a566261-beec-4fd1-be7c-d2e6de257968@group-E6C73168D3C7-LeaderElection35] INFO  impl.LeaderElection (LeaderElection.java:askForVotes(310)) - 1a566261-beec-4fd1-be7c-d2e6de257968@group-E6C73168D3C7-LeaderElection35 ELECTION round 0: submit vote requests at term 1 for -1: [df95c109-086c-4fdb-bc2f-e7a3020caa9e|rpc:10.1.0.114:37403|priority:0, 2505bfdb-a405-42b6-a08f-f2b9b27cb3cf|rpc:10.1.0.114:44113|priority:1, 1a566261-beec-4fd1-be7c-d2e6de257968|rpc:10.1.0.114:43815|priority:0], old=null
2022-10-10 08:40:15,356 [2505bfdb-a405-42b6-a08f-f2b9b27cb3cf@group-E6C73168D3C7-FollowerState] INFO  impl.FollowerState (FollowerState.java:run(143)) - 2505bfdb-a405-42b6-a08f-f2b9b27cb3cf@group-E6C73168D3C7-FollowerState: change to CANDIDATE, lastRpcElapsedTime:5173741781ns, electionTimeout:5171ms
2022-10-10 08:40:15,356 [2505bfdb-a405-42b6-a08f-f2b9b27cb3cf@group-E6C73168D3C7-FollowerState] INFO  impl.RoleInfo (RoleInfo.java:shutdownFollowerState(110)) - 2505bfdb-a405-42b6-a08f-f2b9b27cb3cf: shutdown 2505bfdb-a405-42b6-a08f-f2b9b27cb3cf@group-E6C73168D3C7-FollowerState
2022-10-10 08:40:15,356 [2505bfdb-a405-42b6-a08f-f2b9b27cb3cf@group-E6C73168D3C7-FollowerState] INFO  server.RaftServer$Division (RaftServerImpl.java:setRole(299)) - 2505bfdb-a405-42b6-a08f-f2b9b27cb3cf@group-E6C73168D3C7: changes role from  FOLLOWER to CANDIDATE at term 0 for changeToCandidate
2022-10-10 08:40:15,356 [2505bfdb-a405-42b6-a08f-f2b9b27cb3cf@group-E6C73168D3C7-FollowerState] INFO  server.RaftServerConfigKeys (ConfUtils.java:logGet(46)) - raft.server.leaderelection.pre-vote = false (custom)
2022-10-10 08:40:15,356 [2505bfdb-a405-42b6-a08f-f2b9b27cb3cf@group-E6C73168D3C7-FollowerState] INFO  impl.RoleInfo (RoleInfo.java:updateAndGet(139)) - 2505bfdb-a405-42b6-a08f-f2b9b27cb3cf: start 2505bfdb-a405-42b6-a08f-f2b9b27cb3cf@group-E6C73168D3C7-LeaderElection36
2022-10-10 08:40:15,363 [grpc-default-executor-0] INFO  server.RaftServer$Division (RaftServerImpl.java:requestVote(1152)) - df95c109-086c-4fdb-bc2f-e7a3020caa9e@group-E6C73168D3C7: receive requestVote(ELECTION, 1a566261-beec-4fd1-be7c-d2e6de257968, group-E6C73168D3C7, 1, (t:0, i:0))
2022-10-10 08:40:15,363 [grpc-default-executor-0] INFO  impl.VoteContext (VoteContext.java:log(48)) - df95c109-086c-4fdb-bc2f-e7a3020caa9e@group-E6C73168D3C7-FOLLOWER: accept ELECTION from 1a566261-beec-4fd1-be7c-d2e6de257968: our priority 0 <= candidate's priority 0
2022-10-10 08:40:15,363 [grpc-default-executor-0] INFO  server.RaftServer$Division (RaftServerImpl.java:setRole(299)) - df95c109-086c-4fdb-bc2f-e7a3020caa9e@group-E6C73168D3C7: changes role from  FOLLOWER to FOLLOWER at term 1 for candidate:1a566261-beec-4fd1-be7c-d2e6de257968
2022-10-10 08:40:15,363 [grpc-default-executor-0] INFO  impl.RoleInfo (RoleInfo.java:shutdownFollowerState(110)) - df95c109-086c-4fdb-bc2f-e7a3020caa9e: shutdown df95c109-086c-4fdb-bc2f-e7a3020caa9e@group-E6C73168D3C7-FollowerState
2022-10-10 08:40:15,363 [grpc-default-executor-0] INFO  impl.RoleInfo (RoleInfo.java:updateAndGet(139)) - df95c109-086c-4fdb-bc2f-e7a3020caa9e: start df95c109-086c-4fdb-bc2f-e7a3020caa9e@group-E6C73168D3C7-FollowerState
2022-10-10 08:40:15,363 [grpc-default-executor-1] INFO  server.RaftServer$Division (RaftServerImpl.java:requestVote(1152)) - 2505bfdb-a405-42b6-a08f-f2b9b27cb3cf@group-E6C73168D3C7: receive requestVote(ELECTION, 1a566261-beec-4fd1-be7c-d2e6de257968, group-E6C73168D3C7, 1, (t:0, i:0))
2022-10-10 08:40:15,363 [grpc-default-executor-1] INFO  impl.VoteContext (VoteContext.java:log(48)) - 2505bfdb-a405-42b6-a08f-f2b9b27cb3cf@group-E6C73168D3C7-CANDIDATE: reject ELECTION from 1a566261-beec-4fd1-be7c-d2e6de257968: our priority 1 > candidate's priority 0
2022-10-10 08:40:15,363 [grpc-default-executor-1] INFO  server.RaftServer$Division (RaftServerImpl.java:setRole(299)) - 2505bfdb-a405-42b6-a08f-f2b9b27cb3cf@group-E6C73168D3C7: changes role from CANDIDATE to FOLLOWER at term 1 for candidate:1a566261-beec-4fd1-be7c-d2e6de257968
2022-10-10 08:40:15,364 [grpc-default-executor-1] INFO  impl.RoleInfo (RoleInfo.java:shutdownLeaderElection(130)) - 2505bfdb-a405-42b6-a08f-f2b9b27cb3cf: shutdown 2505bfdb-a405-42b6-a08f-f2b9b27cb3cf@group-E6C73168D3C7-LeaderElection36
2022-10-10 08:40:15,364 [df95c109-086c-4fdb-bc2f-e7a3020caa9e@group-E6C73168D3C7-FollowerState] INFO  impl.FollowerState (FollowerState.java:run(152)) - df95c109-086c-4fdb-bc2f-e7a3020caa9e@group-E6C73168D3C7-FollowerState was interrupted
2022-10-10 08:40:15,376 [grpc-default-executor-1] INFO  impl.RoleInfo (RoleInfo.java:updateAndGet(139)) - 2505bfdb-a405-42b6-a08f-f2b9b27cb3cf: start 2505bfdb-a405-42b6-a08f-f2b9b27cb3cf@group-E6C73168D3C7-FollowerState
2022-10-10 08:40:15,391 [grpc-default-executor-0] INFO  server.RaftServer$Division (RaftServerImpl.java:requestVote(1184)) - df95c109-086c-4fdb-bc2f-e7a3020caa9e@group-E6C73168D3C7 replies to ELECTION vote request: 1a566261-beec-4fd1-be7c-d2e6de257968<-df95c109-086c-4fdb-bc2f-e7a3020caa9e#0:OK-t1. Peer's state: df95c109-086c-4fdb-bc2f-e7a3020caa9e@group-E6C73168D3C7:t1, leader=null, voted=1a566261-beec-4fd1-be7c-d2e6de257968, raftlog=df95c109-086c-4fdb-bc2f-e7a3020caa9e@group-E6C73168D3C7-SegmentedRaftLog:OPENED:c-1, conf=-1: [df95c109-086c-4fdb-bc2f-e7a3020caa9e|rpc:10.1.0.114:37403|dataStream:|priority:0, 2505bfdb-a405-42b6-a08f-f2b9b27cb3cf|rpc:10.1.0.114:44113|dataStream:|priority:1, 1a566261-beec-4fd1-be7c-d2e6de257968|rpc:10.1.0.114:43815|dataStream:|priority:0], old=null
2022-10-10 08:40:15,394 [grpc-default-executor-1] INFO  server.RaftServer$Division (RaftServerImpl.java:requestVote(1184)) - 2505bfdb-a405-42b6-a08f-f2b9b27cb3cf@group-E6C73168D3C7 replies to ELECTION vote request: 1a566261-beec-4fd1-be7c-d2e6de257968<-2505bfdb-a405-42b6-a08f-f2b9b27cb3cf#0:FAIL-t1. Peer's state: 2505bfdb-a405-42b6-a08f-f2b9b27cb3cf@group-E6C73168D3C7:t1, leader=null, voted=null, raftlog=2505bfdb-a405-42b6-a08f-f2b9b27cb3cf@group-E6C73168D3C7-SegmentedRaftLog:OPENED:c-1, conf=-1: [df95c109-086c-4fdb-bc2f-e7a3020caa9e|rpc:10.1.0.114:37403|dataStream:|priority:0, 2505bfdb-a405-42b6-a08f-f2b9b27cb3cf|rpc:10.1.0.114:44113|dataStream:|priority:1, 1a566261-beec-4fd1-be7c-d2e6de257968|rpc:10.1.0.114:43815|dataStream:|priority:0], old=null
2022-10-10 08:40:15,401 [1a566261-beec-4fd1-be7c-d2e6de257968@group-E6C73168D3C7-LeaderElection35] INFO  impl.LeaderElection (LeaderElection.java:logAndReturn(90)) - 1a566261-beec-4fd1-be7c-d2e6de257968@group-E6C73168D3C7-LeaderElection35: ELECTION REJECTED received 2 response(s) and 0 exception(s):
2022-10-10 08:40:15,401 [1a566261-beec-4fd1-be7c-d2e6de257968@group-E6C73168D3C7-LeaderElection35] INFO  impl.LeaderElection (LeaderElection.java:logAndReturn(94)) -   Response 0: 1a566261-beec-4fd1-be7c-d2e6de257968<-df95c109-086c-4fdb-bc2f-e7a3020caa9e#0:OK-t1
2022-10-10 08:40:15,401 [1a566261-beec-4fd1-be7c-d2e6de257968@group-E6C73168D3C7-LeaderElection35] INFO  impl.LeaderElection (LeaderElection.java:logAndReturn(94)) -   Response 1: 1a566261-beec-4fd1-be7c-d2e6de257968<-2505bfdb-a405-42b6-a08f-f2b9b27cb3cf#0:FAIL-t1
2022-10-10 08:40:15,401 [1a566261-beec-4fd1-be7c-d2e6de257968@group-E6C73168D3C7-LeaderElection35] INFO  impl.LeaderElection (LeaderElection.java:askForVotes(312)) - 1a566261-beec-4fd1-be7c-d2e6de257968@group-E6C73168D3C7-LeaderElection35 ELECTION round 0: result REJECTED
2022-10-10 08:40:15,401 [1a566261-beec-4fd1-be7c-d2e6de257968@group-E6C73168D3C7-LeaderElection35] INFO  server.RaftServer$Division (RaftServerImpl.java:setRole(299)) - 1a566261-beec-4fd1-be7c-d2e6de257968@group-E6C73168D3C7: changes role from CANDIDATE to FOLLOWER at term 1 for REJECTED
2022-10-10 08:40:15,401 [1a566261-beec-4fd1-be7c-d2e6de257968@group-E6C73168D3C7-LeaderElection35] INFO  impl.RoleInfo (RoleInfo.java:shutdownLeaderElection(130)) - 1a566261-beec-4fd1-be7c-d2e6de257968: shutdown 1a566261-beec-4fd1-be7c-d2e6de257968@group-E6C73168D3C7-LeaderElection35
2022-10-10 08:40:15,401 [1a566261-beec-4fd1-be7c-d2e6de257968@group-E6C73168D3C7-LeaderElection35] INFO  impl.RoleInfo (RoleInfo.java:updateAndGet(139)) - 1a566261-beec-4fd1-be7c-d2e6de257968: start 1a566261-beec-4fd1-be7c-d2e6de257968@group-E6C73168D3C7-FollowerState
2022-10-10 08:40:15,680 [2505bfdb-a405-42b6-a08f-f2b9b27cb3cf@group-C242C381B5AC-FollowerState] INFO  impl.FollowerState (FollowerState.java:run(143)) - 2505bfdb-a405-42b6-a08f-f2b9b27cb3cf@group-C242C381B5AC-FollowerState: change to CANDIDATE, lastRpcElapsedTime:5164119670ns, electionTimeout:5163ms
2022-10-10 08:40:15,680 [2505bfdb-a405-42b6-a08f-f2b9b27cb3cf@group-C242C381B5AC-FollowerState] INFO  impl.RoleInfo (RoleInfo.java:shutdownFollowerState(110)) - 2505bfdb-a405-42b6-a08f-f2b9b27cb3cf: shutdown 2505bfdb-a405-42b6-a08f-f2b9b27cb3cf@group-C242C381B5AC-FollowerState
2022-10-10 08:40:15,680 [2505bfdb-a405-42b6-a08f-f2b9b27cb3cf@group-C242C381B5AC-FollowerState] INFO  server.RaftServer$Division (RaftServerImpl.java:setRole(299)) - 2505bfdb-a405-42b6-a08f-f2b9b27cb3cf@group-C242C381B5AC: changes role from  FOLLOWER to CANDIDATE at term 0 for changeToCandidate
2022-10-10 08:40:15,680 [2505bfdb-a405-42b6-a08f-f2b9b27cb3cf@group-C242C381B5AC-FollowerState] INFO  server.RaftServerConfigKeys (ConfUtils.java:logGet(46)) - raft.server.leaderelection.pre-vote = false (custom)
2022-10-10 08:40:15,680 [2505bfdb-a405-42b6-a08f-f2b9b27cb3cf@group-C242C381B5AC-FollowerState] INFO  impl.RoleInfo (RoleInfo.java:updateAndGet(139)) - 2505bfdb-a405-42b6-a08f-f2b9b27cb3cf: start 2505bfdb-a405-42b6-a08f-f2b9b27cb3cf@group-C242C381B5AC-LeaderElection37
2022-10-10 08:40:15,708 [2505bfdb-a405-42b6-a08f-f2b9b27cb3cf@group-C242C381B5AC-LeaderElection37] INFO  impl.LeaderElection (LeaderElection.java:askForVotes(310)) - 2505bfdb-a405-42b6-a08f-f2b9b27cb3cf@group-C242C381B5AC-LeaderElection37 ELECTION round 0: submit vote requests at term 1 for -1: [2505bfdb-a405-42b6-a08f-f2b9b27cb3cf|rpc:10.1.0.114:44113|priority:1], old=null
2022-10-10 08:40:15,708 [2505bfdb-a405-42b6-a08f-f2b9b27cb3cf@group-C242C381B5AC-LeaderElection37] INFO  impl.LeaderElection (LeaderElection.java:askForVotes(312)) - 2505bfdb-a405-42b6-a08f-f2b9b27cb3cf@group-C242C381B5AC-LeaderElection37 ELECTION round 0: result PASSED (term=1)
2022-10-10 08:40:15,708 [2505bfdb-a405-42b6-a08f-f2b9b27cb3cf@group-C242C381B5AC-LeaderElection37] INFO  impl.RoleInfo (RoleInfo.java:shutdownLeaderElection(130)) - 2505bfdb-a405-42b6-a08f-f2b9b27cb3cf: shutdown 2505bfdb-a405-42b6-a08f-f2b9b27cb3cf@group-C242C381B5AC-LeaderElection37
2022-10-10 08:40:15,709 [2505bfdb-a405-42b6-a08f-f2b9b27cb3cf@group-C242C381B5AC-LeaderElection37] INFO  server.RaftServer$Division (RaftServerImpl.java:setRole(299)) - 2505bfdb-a405-42b6-a08f-f2b9b27cb3cf@group-C242C381B5AC: changes role from CANDIDATE to LEADER at term 1 for changeToLeader
2022-10-10 08:40:15,709 [2505bfdb-a405-42b6-a08f-f2b9b27cb3cf@group-C242C381B5AC-LeaderElection37] INFO  ratis.XceiverServerRatis (XceiverServerRatis.java:handleLeaderChangedNotification(863)) - Leader change notification received for group: group-C242C381B5AC with new leaderId: 2505bfdb-a405-42b6-a08f-f2b9b27cb3cf
2022-10-10 08:40:15,709 [2505bfdb-a405-42b6-a08f-f2b9b27cb3cf@group-C242C381B5AC-LeaderElection37] INFO  server.RaftServer$Division (ServerState.java:setLeader(287)) - 2505bfdb-a405-42b6-a08f-f2b9b27cb3cf@group-C242C381B5AC: change Leader from null to 2505bfdb-a405-42b6-a08f-f2b9b27cb3cf at term 1 for becomeLeader, leader elected after 5198ms
2022-10-10 08:40:15,709 [2505bfdb-a405-42b6-a08f-f2b9b27cb3cf@group-C242C381B5AC-LeaderElection37] INFO  server.RaftServerConfigKeys (ConfUtils.java:logGet(46)) - raft.server.staging.catchup.gap = 1000 (default)
2022-10-10 08:40:15,709 [2505bfdb-a405-42b6-a08f-f2b9b27cb3cf@group-C242C381B5AC-LeaderElection37] INFO  server.RaftServerConfigKeys (ConfUtils.java:logGet(46)) - raft.server.write.element-limit = 1024 (custom)
2022-10-10 08:40:15,709 [2505bfdb-a405-42b6-a08f-f2b9b27cb3cf@group-C242C381B5AC-LeaderElection37] INFO  server.RaftServerConfigKeys (ConfUtils.java:logGet(46)) - raft.server.write.byte-limit = 1024 M (=1073741824) (custom)
2022-10-10 08:40:15,710 [2505bfdb-a405-42b6-a08f-f2b9b27cb3cf@group-C242C381B5AC-LeaderElection37] INFO  server.RaftServerConfigKeys (ConfUtils.java:logGet(46)) - raft.server.watch.timeout = 180s (custom)
2022-10-10 08:40:15,710 [2505bfdb-a405-42b6-a08f-f2b9b27cb3cf@group-C242C381B5AC-LeaderElection37] INFO  server.RaftServerConfigKeys (ConfUtils.java:logGet(46)) - raft.server.watch.timeout.denomination = 1s (default)
2022-10-10 08:40:15,710 [2505bfdb-a405-42b6-a08f-f2b9b27cb3cf@group-C242C381B5AC-LeaderElection37] INFO  server.RaftServerConfigKeys (ConfUtils.java:logGet(46)) - raft.server.watch.element-limit = 65536 (default)
2022-10-10 08:40:15,710 [2505bfdb-a405-42b6-a08f-f2b9b27cb3cf@group-C242C381B5AC-LeaderElection37] INFO  server.RaftServerConfigKeys (ConfUtils.java:logGet(46)) - raft.server.write.element-limit = 1024 (custom)
2022-10-10 08:40:15,710 [2505bfdb-a405-42b6-a08f-f2b9b27cb3cf@group-C242C381B5AC-LeaderElection37] INFO  server.RaftServerConfigKeys (ConfUtils.java:logGet(46)) - raft.server.write.follower.gap.ratio.max = -1.0 (default)
2022-10-10 08:40:15,710 [2505bfdb-a405-42b6-a08f-f2b9b27cb3cf@group-C242C381B5AC-LeaderElection37] INFO  impl.RoleInfo (RoleInfo.java:updateAndGet(139)) - 2505bfdb-a405-42b6-a08f-f2b9b27cb3cf: start 2505bfdb-a405-42b6-a08f-f2b9b27cb3cf@group-C242C381B5AC-LeaderStateImpl
2022-10-10 08:40:15,710 [2505bfdb-a405-42b6-a08f-f2b9b27cb3cf@group-C242C381B5AC-LeaderElection37] INFO  segmented.SegmentedRaftLogWorker (SegmentedRaftLogWorker.java:startLogSegment(425)) - 2505bfdb-a405-42b6-a08f-f2b9b27cb3cf@group-C242C381B5AC-SegmentedRaftLogWorker: Starting segment from index:0
2022-10-10 08:40:15,713 [EventQueue-OpenPipelineForHealthyPipelineSafeModeRule] INFO  safemode.SCMSafeModeManager (HealthyPipelineSafeModeRule.java:process(137)) - SCM in safe mode. Healthy pipelines reported count is 0, required healthy pipeline reported count is 1
2022-10-10 08:40:15,714 [2505bfdb-a405-42b6-a08f-f2b9b27cb3cf@group-C242C381B5AC-SegmentedRaftLogWorker] INFO  segmented.SegmentedRaftLogWorker (SegmentedRaftLogWorker.java:execute(629)) - 2505bfdb-a405-42b6-a08f-f2b9b27cb3cf@group-C242C381B5AC-SegmentedRaftLogWorker: created new log segment /home/runner/work/ozone/ozone/hadoop-ozone/integration-test/target/test-dir/MiniOzoneClusterImpl-ad2c0857-510d-4cdb-92e5-38dbe430bd54/datanode-1/data/ratis/b9d7afe2-d39f-4842-91a9-c242c381b5ac/current/log_inprogress_0
2022-10-10 08:40:15,743 [2505bfdb-a405-42b6-a08f-f2b9b27cb3cf@group-C242C381B5AC-LeaderElection37] INFO  server.RaftServer$Division (ServerState.java:setRaftConf(393)) - 2505bfdb-a405-42b6-a08f-f2b9b27cb3cf@group-C242C381B5AC: set configuration 0: [2505bfdb-a405-42b6-a08f-f2b9b27cb3cf|rpc:10.1.0.114:44113|dataStream:|priority:1], old=null
2022-10-10 08:40:15,806 [Listener at 127.0.0.1/41701] INFO  ozone.MiniOzoneClusterImpl (MiniOzoneClusterImpl.java:lambda$waitForClusterToBeReady$0(216)) - Nodes are ready. Got 5 of 5 DN Heartbeats.
2022-10-10 08:40:15,806 [Listener at 127.0.0.1/41701] INFO  ozone.MiniOzoneClusterImpl (MiniOzoneClusterImpl.java:lambda$waitForClusterToBeReady$0(219)) - Waiting for cluster to exit safe mode
2022-10-10 08:40:15,806 [Listener at 127.0.0.1/41701] INFO  ozone.MiniOzoneClusterImpl (MiniOzoneClusterImpl.java:lambda$waitForClusterToBeReady$0(221)) - SCM became leader
2022-10-10 08:40:16,283 [df95c109-086c-4fdb-bc2f-e7a3020caa9e@group-2E1957CF1D95-FollowerState] INFO  impl.FollowerState (FollowerState.java:run(143)) - df95c109-086c-4fdb-bc2f-e7a3020caa9e@group-2E1957CF1D95-FollowerState: change to CANDIDATE, lastRpcElapsedTime:5020725265ns, electionTimeout:5015ms
2022-10-10 08:40:16,283 [df95c109-086c-4fdb-bc2f-e7a3020caa9e@group-2E1957CF1D95-FollowerState] INFO  impl.RoleInfo (RoleInfo.java:shutdownFollowerState(110)) - df95c109-086c-4fdb-bc2f-e7a3020caa9e: shutdown df95c109-086c-4fdb-bc2f-e7a3020caa9e@group-2E1957CF1D95-FollowerState
2022-10-10 08:40:16,283 [df95c109-086c-4fdb-bc2f-e7a3020caa9e@group-2E1957CF1D95-FollowerState] INFO  server.RaftServer$Division (RaftServerImpl.java:setRole(299)) - df95c109-086c-4fdb-bc2f-e7a3020caa9e@group-2E1957CF1D95: changes role from  FOLLOWER to CANDIDATE at term 0 for changeToCandidate
2022-10-10 08:40:16,283 [df95c109-086c-4fdb-bc2f-e7a3020caa9e@group-2E1957CF1D95-FollowerState] INFO  server.RaftServerConfigKeys (ConfUtils.java:logGet(46)) - raft.server.leaderelection.pre-vote = false (custom)
2022-10-10 08:40:16,283 [df95c109-086c-4fdb-bc2f-e7a3020caa9e@group-2E1957CF1D95-FollowerState] INFO  impl.RoleInfo (RoleInfo.java:updateAndGet(139)) - df95c109-086c-4fdb-bc2f-e7a3020caa9e: start df95c109-086c-4fdb-bc2f-e7a3020caa9e@group-2E1957CF1D95-LeaderElection38
2022-10-10 08:40:16,311 [df95c109-086c-4fdb-bc2f-e7a3020caa9e@group-2E1957CF1D95-LeaderElection38] INFO  impl.LeaderElection (LeaderElection.java:askForVotes(310)) - df95c109-086c-4fdb-bc2f-e7a3020caa9e@group-2E1957CF1D95-LeaderElection38 ELECTION round 0: submit vote requests at term 1 for -1: [df95c109-086c-4fdb-bc2f-e7a3020caa9e|rpc:10.1.0.114:37403|priority:1], old=null
2022-10-10 08:40:16,311 [df95c109-086c-4fdb-bc2f-e7a3020caa9e@group-2E1957CF1D95-LeaderElection38] INFO  impl.LeaderElection (LeaderElection.java:askForVotes(312)) - df95c109-086c-4fdb-bc2f-e7a3020caa9e@group-2E1957CF1D95-LeaderElection38 ELECTION round 0: result PASSED (term=1)
2022-10-10 08:40:16,311 [df95c109-086c-4fdb-bc2f-e7a3020caa9e@group-2E1957CF1D95-LeaderElection38] INFO  impl.RoleInfo (RoleInfo.java:shutdownLeaderElection(130)) - df95c109-086c-4fdb-bc2f-e7a3020caa9e: shutdown df95c109-086c-4fdb-bc2f-e7a3020caa9e@group-2E1957CF1D95-LeaderElection38
2022-10-10 08:40:16,311 [df95c109-086c-4fdb-bc2f-e7a3020caa9e@group-2E1957CF1D95-LeaderElection38] INFO  server.RaftServer$Division (RaftServerImpl.java:setRole(299)) - df95c109-086c-4fdb-bc2f-e7a3020caa9e@group-2E1957CF1D95: changes role from CANDIDATE to LEADER at term 1 for changeToLeader
2022-10-10 08:40:16,311 [df95c109-086c-4fdb-bc2f-e7a3020caa9e@group-2E1957CF1D95-LeaderElection38] INFO  ratis.XceiverServerRatis (XceiverServerRatis.java:handleLeaderChangedNotification(863)) - Leader change notification received for group: group-2E1957CF1D95 with new leaderId: df95c109-086c-4fdb-bc2f-e7a3020caa9e
2022-10-10 08:40:16,312 [df95c109-086c-4fdb-bc2f-e7a3020caa9e@group-2E1957CF1D95-LeaderElection38] INFO  server.RaftServer$Division (ServerState.java:setLeader(287)) - df95c109-086c-4fdb-bc2f-e7a3020caa9e@group-2E1957CF1D95: change Leader from null to df95c109-086c-4fdb-bc2f-e7a3020caa9e at term 1 for becomeLeader, leader elected after 5066ms
2022-10-10 08:40:16,312 [df95c109-086c-4fdb-bc2f-e7a3020caa9e@group-2E1957CF1D95-LeaderElection38] INFO  server.RaftServerConfigKeys (ConfUtils.java:logGet(46)) - raft.server.staging.catchup.gap = 1000 (default)
2022-10-10 08:40:16,312 [df95c109-086c-4fdb-bc2f-e7a3020caa9e@group-2E1957CF1D95-LeaderElection38] INFO  server.RaftServerConfigKeys (ConfUtils.java:logGet(46)) - raft.server.write.element-limit = 1024 (custom)
2022-10-10 08:40:16,312 [df95c109-086c-4fdb-bc2f-e7a3020caa9e@group-2E1957CF1D95-LeaderElection38] INFO  server.RaftServerConfigKeys (ConfUtils.java:logGet(46)) - raft.server.write.byte-limit = 1024 M (=1073741824) (custom)
2022-10-10 08:40:16,312 [df95c109-086c-4fdb-bc2f-e7a3020caa9e@group-2E1957CF1D95-LeaderElection38] INFO  server.RaftServerConfigKeys (ConfUtils.java:logGet(46)) - raft.server.watch.timeout = 180s (custom)
2022-10-10 08:40:16,312 [df95c109-086c-4fdb-bc2f-e7a3020caa9e@group-2E1957CF1D95-LeaderElection38] INFO  server.RaftServerConfigKeys (ConfUtils.java:logGet(46)) - raft.server.watch.timeout.denomination = 1s (default)
2022-10-10 08:40:16,312 [df95c109-086c-4fdb-bc2f-e7a3020caa9e@group-2E1957CF1D95-LeaderElection38] INFO  server.RaftServerConfigKeys (ConfUtils.java:logGet(46)) - raft.server.watch.element-limit = 65536 (default)
2022-10-10 08:40:16,312 [df95c109-086c-4fdb-bc2f-e7a3020caa9e@group-2E1957CF1D95-LeaderElection38] INFO  server.RaftServerConfigKeys (ConfUtils.java:logGet(46)) - raft.server.write.element-limit = 1024 (custom)
2022-10-10 08:40:16,313 [df95c109-086c-4fdb-bc2f-e7a3020caa9e@group-2E1957CF1D95-LeaderElection38] INFO  server.RaftServerConfigKeys (ConfUtils.java:logGet(46)) - raft.server.write.follower.gap.ratio.max = -1.0 (default)
2022-10-10 08:40:16,313 [df95c109-086c-4fdb-bc2f-e7a3020caa9e@group-2E1957CF1D95-LeaderElection38] INFO  impl.RoleInfo (RoleInfo.java:updateAndGet(139)) - df95c109-086c-4fdb-bc2f-e7a3020caa9e: start df95c109-086c-4fdb-bc2f-e7a3020caa9e@group-2E1957CF1D95-LeaderStateImpl
2022-10-10 08:40:16,313 [df95c109-086c-4fdb-bc2f-e7a3020caa9e@group-2E1957CF1D95-LeaderElection38] INFO  segmented.SegmentedRaftLogWorker (SegmentedRaftLogWorker.java:startLogSegment(425)) - df95c109-086c-4fdb-bc2f-e7a3020caa9e@group-2E1957CF1D95-SegmentedRaftLogWorker: Starting segment from index:0
2022-10-10 08:40:16,316 [EventQueue-OpenPipelineForHealthyPipelineSafeModeRule] INFO  safemode.SCMSafeModeManager (HealthyPipelineSafeModeRule.java:process(137)) - SCM in safe mode. Healthy pipelines reported count is 0, required healthy pipeline reported count is 1
2022-10-10 08:40:16,321 [df95c109-086c-4fdb-bc2f-e7a3020caa9e@group-2E1957CF1D95-LeaderElection38] INFO  server.RaftServer$Division (ServerState.java:setRaftConf(393)) - df95c109-086c-4fdb-bc2f-e7a3020caa9e@group-2E1957CF1D95: set configuration 0: [df95c109-086c-4fdb-bc2f-e7a3020caa9e|rpc:10.1.0.114:37403|dataStream:|priority:1], old=null
2022-10-10 08:40:16,330 [df95c109-086c-4fdb-bc2f-e7a3020caa9e@group-2E1957CF1D95-SegmentedRaftLogWorker] INFO  segmented.SegmentedRaftLogWorker (SegmentedRaftLogWorker.java:execute(629)) - df95c109-086c-4fdb-bc2f-e7a3020caa9e@group-2E1957CF1D95-SegmentedRaftLogWorker: created new log segment /home/runner/work/ozone/ozone/hadoop-ozone/integration-test/target/test-dir/MiniOzoneClusterImpl-ad2c0857-510d-4cdb-92e5-38dbe430bd54/datanode-2/data/ratis/9629276a-c2a6-45e4-a2f3-2e1957cf1d95/current/log_inprogress_0
2022-10-10 08:40:16,807 [Listener at 127.0.0.1/41701] INFO  ozone.MiniOzoneClusterImpl (MiniOzoneClusterImpl.java:lambda$waitForClusterToBeReady$0(216)) - Nodes are ready. Got 5 of 5 DN Heartbeats.
2022-10-10 08:40:16,807 [Listener at 127.0.0.1/41701] INFO  ozone.MiniOzoneClusterImpl (MiniOzoneClusterImpl.java:lambda$waitForClusterToBeReady$0(219)) - Waiting for cluster to exit safe mode
2022-10-10 08:40:16,807 [Listener at 127.0.0.1/41701] INFO  ozone.MiniOzoneClusterImpl (MiniOzoneClusterImpl.java:lambda$waitForClusterToBeReady$0(221)) - SCM became leader
2022-10-10 08:40:17,391 [8f156c79-b47c-4138-8e60-2fd88bdff2cb@group-9C6FED448E9E-FollowerState] INFO  impl.FollowerState (FollowerState.java:run(143)) - 8f156c79-b47c-4138-8e60-2fd88bdff2cb@group-9C6FED448E9E-FollowerState: change to CANDIDATE, lastRpcElapsedTime:5085419295ns, electionTimeout:5071ms
2022-10-10 08:40:17,391 [8f156c79-b47c-4138-8e60-2fd88bdff2cb@group-9C6FED448E9E-FollowerState] INFO  impl.RoleInfo (RoleInfo.java:shutdownFollowerState(110)) - 8f156c79-b47c-4138-8e60-2fd88bdff2cb: shutdown 8f156c79-b47c-4138-8e60-2fd88bdff2cb@group-9C6FED448E9E-FollowerState
2022-10-10 08:40:17,391 [8f156c79-b47c-4138-8e60-2fd88bdff2cb@group-9C6FED448E9E-FollowerState] INFO  server.RaftServer$Division (RaftServerImpl.java:setRole(299)) - 8f156c79-b47c-4138-8e60-2fd88bdff2cb@group-9C6FED448E9E: changes role from  FOLLOWER to CANDIDATE at term 0 for changeToCandidate
2022-10-10 08:40:17,391 [8f156c79-b47c-4138-8e60-2fd88bdff2cb@group-9C6FED448E9E-FollowerState] INFO  server.RaftServerConfigKeys (ConfUtils.java:logGet(46)) - raft.server.leaderelection.pre-vote = false (custom)
2022-10-10 08:40:17,391 [8f156c79-b47c-4138-8e60-2fd88bdff2cb@group-9C6FED448E9E-FollowerState] INFO  impl.RoleInfo (RoleInfo.java:updateAndGet(139)) - 8f156c79-b47c-4138-8e60-2fd88bdff2cb: start 8f156c79-b47c-4138-8e60-2fd88bdff2cb@group-9C6FED448E9E-LeaderElection39
2022-10-10 08:40:17,425 [8f156c79-b47c-4138-8e60-2fd88bdff2cb@group-9C6FED448E9E-LeaderElection39] INFO  impl.LeaderElection (LeaderElection.java:askForVotes(310)) - 8f156c79-b47c-4138-8e60-2fd88bdff2cb@group-9C6FED448E9E-LeaderElection39 ELECTION round 0: submit vote requests at term 1 for -1: [8f156c79-b47c-4138-8e60-2fd88bdff2cb|rpc:10.1.0.114:34005|priority:1], old=null
2022-10-10 08:40:17,425 [8f156c79-b47c-4138-8e60-2fd88bdff2cb@group-9C6FED448E9E-LeaderElection39] INFO  impl.LeaderElection (LeaderElection.java:askForVotes(312)) - 8f156c79-b47c-4138-8e60-2fd88bdff2cb@group-9C6FED448E9E-LeaderElection39 ELECTION round 0: result PASSED (term=1)
2022-10-10 08:40:17,425 [8f156c79-b47c-4138-8e60-2fd88bdff2cb@group-9C6FED448E9E-LeaderElection39] INFO  impl.RoleInfo (RoleInfo.java:shutdownLeaderElection(130)) - 8f156c79-b47c-4138-8e60-2fd88bdff2cb: shutdown 8f156c79-b47c-4138-8e60-2fd88bdff2cb@group-9C6FED448E9E-LeaderElection39
2022-10-10 08:40:17,425 [8f156c79-b47c-4138-8e60-2fd88bdff2cb@group-9C6FED448E9E-LeaderElection39] INFO  server.RaftServer$Division (RaftServerImpl.java:setRole(299)) - 8f156c79-b47c-4138-8e60-2fd88bdff2cb@group-9C6FED448E9E: changes role from CANDIDATE to LEADER at term 1 for changeToLeader
2022-10-10 08:40:17,425 [8f156c79-b47c-4138-8e60-2fd88bdff2cb@group-9C6FED448E9E-LeaderElection39] INFO  ratis.XceiverServerRatis (XceiverServerRatis.java:handleLeaderChangedNotification(863)) - Leader change notification received for group: group-9C6FED448E9E with new leaderId: 8f156c79-b47c-4138-8e60-2fd88bdff2cb
2022-10-10 08:40:17,426 [8f156c79-b47c-4138-8e60-2fd88bdff2cb@group-9C6FED448E9E-LeaderElection39] INFO  server.RaftServer$Division (ServerState.java:setLeader(287)) - 8f156c79-b47c-4138-8e60-2fd88bdff2cb@group-9C6FED448E9E: change Leader from null to 8f156c79-b47c-4138-8e60-2fd88bdff2cb at term 1 for becomeLeader, leader elected after 5180ms
2022-10-10 08:40:17,426 [EventQueue-OpenPipelineForHealthyPipelineSafeModeRule] INFO  safemode.SCMSafeModeManager (HealthyPipelineSafeModeRule.java:process(137)) - SCM in safe mode. Healthy pipelines reported count is 0, required healthy pipeline reported count is 1
2022-10-10 08:40:17,427 [8f156c79-b47c-4138-8e60-2fd88bdff2cb@group-9C6FED448E9E-LeaderElection39] INFO  server.RaftServerConfigKeys (ConfUtils.java:logGet(46)) - raft.server.staging.catchup.gap = 1000 (default)
2022-10-10 08:40:17,427 [8f156c79-b47c-4138-8e60-2fd88bdff2cb@group-9C6FED448E9E-LeaderElection39] INFO  server.RaftServerConfigKeys (ConfUtils.java:logGet(46)) - raft.server.write.element-limit = 1024 (custom)
2022-10-10 08:40:17,427 [8f156c79-b47c-4138-8e60-2fd88bdff2cb@group-9C6FED448E9E-LeaderElection39] INFO  server.RaftServerConfigKeys (ConfUtils.java:logGet(46)) - raft.server.write.byte-limit = 1024 M (=1073741824) (custom)
2022-10-10 08:40:17,427 [8f156c79-b47c-4138-8e60-2fd88bdff2cb@group-9C6FED448E9E-LeaderElection39] INFO  server.RaftServerConfigKeys (ConfUtils.java:logGet(46)) - raft.server.watch.timeout = 180s (custom)
2022-10-10 08:40:17,427 [8f156c79-b47c-4138-8e60-2fd88bdff2cb@group-9C6FED448E9E-LeaderElection39] INFO  server.RaftServerConfigKeys (ConfUtils.java:logGet(46)) - raft.server.watch.timeout.denomination = 1s (default)
2022-10-10 08:40:17,427 [8f156c79-b47c-4138-8e60-2fd88bdff2cb@group-9C6FED448E9E-LeaderElection39] INFO  server.RaftServerConfigKeys (ConfUtils.java:logGet(46)) - raft.server.watch.element-limit = 65536 (default)
2022-10-10 08:40:17,433 [8f156c79-b47c-4138-8e60-2fd88bdff2cb@group-9C6FED448E9E-LeaderElection39] INFO  server.RaftServerConfigKeys (ConfUtils.java:logGet(46)) - raft.server.write.element-limit = 1024 (custom)
2022-10-10 08:40:17,433 [8f156c79-b47c-4138-8e60-2fd88bdff2cb@group-9C6FED448E9E-LeaderElection39] INFO  server.RaftServerConfigKeys (ConfUtils.java:logGet(46)) - raft.server.write.follower.gap.ratio.max = -1.0 (default)
2022-10-10 08:40:17,433 [8f156c79-b47c-4138-8e60-2fd88bdff2cb@group-9C6FED448E9E-LeaderElection39] INFO  impl.RoleInfo (RoleInfo.java:updateAndGet(139)) - 8f156c79-b47c-4138-8e60-2fd88bdff2cb: start 8f156c79-b47c-4138-8e60-2fd88bdff2cb@group-9C6FED448E9E-LeaderStateImpl
2022-10-10 08:40:17,433 [8f156c79-b47c-4138-8e60-2fd88bdff2cb@group-9C6FED448E9E-LeaderElection39] INFO  segmented.SegmentedRaftLogWorker (SegmentedRaftLogWorker.java:startLogSegment(425)) - 8f156c79-b47c-4138-8e60-2fd88bdff2cb@group-9C6FED448E9E-SegmentedRaftLogWorker: Starting segment from index:0
2022-10-10 08:40:17,441 [8f156c79-b47c-4138-8e60-2fd88bdff2cb@group-9C6FED448E9E-LeaderElection39] INFO  server.RaftServer$Division (ServerState.java:setRaftConf(393)) - 8f156c79-b47c-4138-8e60-2fd88bdff2cb@group-9C6FED448E9E: set configuration 0: [8f156c79-b47c-4138-8e60-2fd88bdff2cb|rpc:10.1.0.114:34005|dataStream:|priority:1], old=null
2022-10-10 08:40:17,441 [8f156c79-b47c-4138-8e60-2fd88bdff2cb@group-9C6FED448E9E-SegmentedRaftLogWorker] INFO  segmented.SegmentedRaftLogWorker (SegmentedRaftLogWorker.java:execute(629)) - 8f156c79-b47c-4138-8e60-2fd88bdff2cb@group-9C6FED448E9E-SegmentedRaftLogWorker: created new log segment /home/runner/work/ozone/ozone/hadoop-ozone/integration-test/target/test-dir/MiniOzoneClusterImpl-ad2c0857-510d-4cdb-92e5-38dbe430bd54/datanode-3/data/ratis/6fb28a88-4522-4433-b79b-9c6fed448e9e/current/log_inprogress_0
2022-10-10 08:40:17,807 [Listener at 127.0.0.1/41701] INFO  ozone.MiniOzoneClusterImpl (MiniOzoneClusterImpl.java:lambda$waitForClusterToBeReady$0(216)) - Nodes are ready. Got 5 of 5 DN Heartbeats.
2022-10-10 08:40:17,807 [Listener at 127.0.0.1/41701] INFO  ozone.MiniOzoneClusterImpl (MiniOzoneClusterImpl.java:lambda$waitForClusterToBeReady$0(219)) - Waiting for cluster to exit safe mode
2022-10-10 08:40:17,808 [Listener at 127.0.0.1/41701] INFO  ozone.MiniOzoneClusterImpl (MiniOzoneClusterImpl.java:lambda$waitForClusterToBeReady$0(221)) - SCM became leader
2022-10-10 08:40:18,073 [39b99856-47eb-4bdf-8e72-0168dfb4cb59@group-A8DF12D73485-FollowerState] INFO  impl.FollowerState (FollowerState.java:run(143)) - 39b99856-47eb-4bdf-8e72-0168dfb4cb59@group-A8DF12D73485-FollowerState: change to CANDIDATE, lastRpcElapsedTime:5145955731ns, electionTimeout:5145ms
2022-10-10 08:40:18,074 [39b99856-47eb-4bdf-8e72-0168dfb4cb59@group-A8DF12D73485-FollowerState] INFO  impl.RoleInfo (RoleInfo.java:shutdownFollowerState(110)) - 39b99856-47eb-4bdf-8e72-0168dfb4cb59: shutdown 39b99856-47eb-4bdf-8e72-0168dfb4cb59@group-A8DF12D73485-FollowerState
2022-10-10 08:40:18,074 [39b99856-47eb-4bdf-8e72-0168dfb4cb59@group-A8DF12D73485-FollowerState] INFO  server.RaftServer$Division (RaftServerImpl.java:setRole(299)) - 39b99856-47eb-4bdf-8e72-0168dfb4cb59@group-A8DF12D73485: changes role from  FOLLOWER to CANDIDATE at term 0 for changeToCandidate
2022-10-10 08:40:18,074 [39b99856-47eb-4bdf-8e72-0168dfb4cb59@group-A8DF12D73485-FollowerState] INFO  server.RaftServerConfigKeys (ConfUtils.java:logGet(46)) - raft.server.leaderelection.pre-vote = false (custom)
2022-10-10 08:40:18,075 [39b99856-47eb-4bdf-8e72-0168dfb4cb59@group-A8DF12D73485-FollowerState] INFO  impl.RoleInfo (RoleInfo.java:updateAndGet(139)) - 39b99856-47eb-4bdf-8e72-0168dfb4cb59: start 39b99856-47eb-4bdf-8e72-0168dfb4cb59@group-A8DF12D73485-LeaderElection40
2022-10-10 08:40:18,109 [39b99856-47eb-4bdf-8e72-0168dfb4cb59@group-A8DF12D73485-LeaderElection40] INFO  impl.LeaderElection (LeaderElection.java:askForVotes(310)) - 39b99856-47eb-4bdf-8e72-0168dfb4cb59@group-A8DF12D73485-LeaderElection40 ELECTION round 0: submit vote requests at term 1 for -1: [39b99856-47eb-4bdf-8e72-0168dfb4cb59|rpc:10.1.0.114:46623|priority:1], old=null
2022-10-10 08:40:18,110 [39b99856-47eb-4bdf-8e72-0168dfb4cb59@group-A8DF12D73485-LeaderElection40] INFO  impl.LeaderElection (LeaderElection.java:askForVotes(312)) - 39b99856-47eb-4bdf-8e72-0168dfb4cb59@group-A8DF12D73485-LeaderElection40 ELECTION round 0: result PASSED (term=1)
2022-10-10 08:40:18,110 [39b99856-47eb-4bdf-8e72-0168dfb4cb59@group-A8DF12D73485-LeaderElection40] INFO  impl.RoleInfo (RoleInfo.java:shutdownLeaderElection(130)) - 39b99856-47eb-4bdf-8e72-0168dfb4cb59: shutdown 39b99856-47eb-4bdf-8e72-0168dfb4cb59@group-A8DF12D73485-LeaderElection40
2022-10-10 08:40:18,110 [39b99856-47eb-4bdf-8e72-0168dfb4cb59@group-A8DF12D73485-LeaderElection40] INFO  server.RaftServer$Division (RaftServerImpl.java:setRole(299)) - 39b99856-47eb-4bdf-8e72-0168dfb4cb59@group-A8DF12D73485: changes role from CANDIDATE to LEADER at term 1 for changeToLeader
2022-10-10 08:40:18,110 [39b99856-47eb-4bdf-8e72-0168dfb4cb59@group-A8DF12D73485-LeaderElection40] INFO  ratis.XceiverServerRatis (XceiverServerRatis.java:handleLeaderChangedNotification(863)) - Leader change notification received for group: group-A8DF12D73485 with new leaderId: 39b99856-47eb-4bdf-8e72-0168dfb4cb59
2022-10-10 08:40:18,111 [EventQueue-OpenPipelineForHealthyPipelineSafeModeRule] INFO  safemode.SCMSafeModeManager (HealthyPipelineSafeModeRule.java:process(137)) - SCM in safe mode. Healthy pipelines reported count is 0, required healthy pipeline reported count is 1
2022-10-10 08:40:18,112 [39b99856-47eb-4bdf-8e72-0168dfb4cb59@group-A8DF12D73485-LeaderElection40] INFO  server.RaftServer$Division (ServerState.java:setLeader(287)) - 39b99856-47eb-4bdf-8e72-0168dfb4cb59@group-A8DF12D73485: change Leader from null to 39b99856-47eb-4bdf-8e72-0168dfb4cb59 at term 1 for becomeLeader, leader elected after 5189ms
2022-10-10 08:40:18,112 [39b99856-47eb-4bdf-8e72-0168dfb4cb59@group-A8DF12D73485-LeaderElection40] INFO  server.RaftServerConfigKeys (ConfUtils.java:logGet(46)) - raft.server.staging.catchup.gap = 1000 (default)
2022-10-10 08:40:18,112 [39b99856-47eb-4bdf-8e72-0168dfb4cb59@group-A8DF12D73485-LeaderElection40] INFO  server.RaftServerConfigKeys (ConfUtils.java:logGet(46)) - raft.server.write.element-limit = 1024 (custom)
2022-10-10 08:40:18,112 [39b99856-47eb-4bdf-8e72-0168dfb4cb59@group-A8DF12D73485-LeaderElection40] INFO  server.RaftServerConfigKeys (ConfUtils.java:logGet(46)) - raft.server.write.byte-limit = 1024 M (=1073741824) (custom)
2022-10-10 08:40:18,113 [39b99856-47eb-4bdf-8e72-0168dfb4cb59@group-A8DF12D73485-LeaderElection40] INFO  server.RaftServerConfigKeys (ConfUtils.java:logGet(46)) - raft.server.watch.timeout = 180s (custom)
2022-10-10 08:40:18,113 [39b99856-47eb-4bdf-8e72-0168dfb4cb59@group-A8DF12D73485-LeaderElection40] INFO  server.RaftServerConfigKeys (ConfUtils.java:logGet(46)) - raft.server.watch.timeout.denomination = 1s (default)
2022-10-10 08:40:18,113 [39b99856-47eb-4bdf-8e72-0168dfb4cb59@group-A8DF12D73485-LeaderElection40] INFO  server.RaftServerConfigKeys (ConfUtils.java:logGet(46)) - raft.server.watch.element-limit = 65536 (default)
2022-10-10 08:40:18,113 [39b99856-47eb-4bdf-8e72-0168dfb4cb59@group-A8DF12D73485-LeaderElection40] INFO  server.RaftServerConfigKeys (ConfUtils.java:logGet(46)) - raft.server.write.element-limit = 1024 (custom)
2022-10-10 08:40:18,113 [39b99856-47eb-4bdf-8e72-0168dfb4cb59@group-A8DF12D73485-LeaderElection40] INFO  server.RaftServerConfigKeys (ConfUtils.java:logGet(46)) - raft.server.write.follower.gap.ratio.max = -1.0 (default)
2022-10-10 08:40:18,113 [39b99856-47eb-4bdf-8e72-0168dfb4cb59@group-A8DF12D73485-LeaderElection40] INFO  impl.RoleInfo (RoleInfo.java:updateAndGet(139)) - 39b99856-47eb-4bdf-8e72-0168dfb4cb59: start 39b99856-47eb-4bdf-8e72-0168dfb4cb59@group-A8DF12D73485-LeaderStateImpl
2022-10-10 08:40:18,113 [39b99856-47eb-4bdf-8e72-0168dfb4cb59@group-A8DF12D73485-LeaderElection40] INFO  segmented.SegmentedRaftLogWorker (SegmentedRaftLogWorker.java:startLogSegment(425)) - 39b99856-47eb-4bdf-8e72-0168dfb4cb59@group-A8DF12D73485-SegmentedRaftLogWorker: Starting segment from index:0
2022-10-10 08:40:18,117 [39b99856-47eb-4bdf-8e72-0168dfb4cb59@group-A8DF12D73485-SegmentedRaftLogWorker] INFO  segmented.SegmentedRaftLogWorker (SegmentedRaftLogWorker.java:execute(629)) - 39b99856-47eb-4bdf-8e72-0168dfb4cb59@group-A8DF12D73485-SegmentedRaftLogWorker: created new log segment /home/runner/work/ozone/ozone/hadoop-ozone/integration-test/target/test-dir/MiniOzoneClusterImpl-ad2c0857-510d-4cdb-92e5-38dbe430bd54/datanode-4/data/ratis/e8d6eaad-213a-4357-87d5-a8df12d73485/current/log_inprogress_0
2022-10-10 08:40:18,128 [39b99856-47eb-4bdf-8e72-0168dfb4cb59@group-A8DF12D73485-LeaderElection40] INFO  server.RaftServer$Division (ServerState.java:setRaftConf(393)) - 39b99856-47eb-4bdf-8e72-0168dfb4cb59@group-A8DF12D73485: set configuration 0: [39b99856-47eb-4bdf-8e72-0168dfb4cb59|rpc:10.1.0.114:46623|dataStream:|priority:1], old=null
2022-10-10 08:40:18,820 [Listener at 127.0.0.1/41701] INFO  ozone.MiniOzoneClusterImpl (MiniOzoneClusterImpl.java:lambda$waitForClusterToBeReady$0(216)) - Nodes are ready. Got 5 of 5 DN Heartbeats.
2022-10-10 08:40:18,820 [Listener at 127.0.0.1/41701] INFO  ozone.MiniOzoneClusterImpl (MiniOzoneClusterImpl.java:lambda$waitForClusterToBeReady$0(219)) - Waiting for cluster to exit safe mode
2022-10-10 08:40:18,820 [Listener at 127.0.0.1/41701] INFO  ozone.MiniOzoneClusterImpl (MiniOzoneClusterImpl.java:lambda$waitForClusterToBeReady$0(221)) - SCM became leader
2022-10-10 08:40:19,824 [Listener at 127.0.0.1/41701] INFO  ozone.MiniOzoneClusterImpl (MiniOzoneClusterImpl.java:lambda$waitForClusterToBeReady$0(216)) - Nodes are ready. Got 5 of 5 DN Heartbeats.
2022-10-10 08:40:19,824 [Listener at 127.0.0.1/41701] INFO  ozone.MiniOzoneClusterImpl (MiniOzoneClusterImpl.java:lambda$waitForClusterToBeReady$0(219)) - Waiting for cluster to exit safe mode
2022-10-10 08:40:19,824 [Listener at 127.0.0.1/41701] INFO  ozone.MiniOzoneClusterImpl (MiniOzoneClusterImpl.java:lambda$waitForClusterToBeReady$0(221)) - SCM became leader
2022-10-10 08:40:20,064 [df95c109-086c-4fdb-bc2f-e7a3020caa9e@group-F2032093DD63-FollowerState] INFO  impl.FollowerState (FollowerState.java:run(143)) - df95c109-086c-4fdb-bc2f-e7a3020caa9e@group-F2032093DD63-FollowerState: change to CANDIDATE, lastRpcElapsedTime:5128085587ns, electionTimeout:5118ms
2022-10-10 08:40:20,064 [df95c109-086c-4fdb-bc2f-e7a3020caa9e@group-F2032093DD63-FollowerState] INFO  impl.RoleInfo (RoleInfo.java:shutdownFollowerState(110)) - df95c109-086c-4fdb-bc2f-e7a3020caa9e: shutdown df95c109-086c-4fdb-bc2f-e7a3020caa9e@group-F2032093DD63-FollowerState
2022-10-10 08:40:20,064 [df95c109-086c-4fdb-bc2f-e7a3020caa9e@group-F2032093DD63-FollowerState] INFO  server.RaftServer$Division (RaftServerImpl.java:setRole(299)) - df95c109-086c-4fdb-bc2f-e7a3020caa9e@group-F2032093DD63: changes role from  FOLLOWER to CANDIDATE at term 1 for changeToCandidate
2022-10-10 08:40:20,065 [df95c109-086c-4fdb-bc2f-e7a3020caa9e@group-F2032093DD63-FollowerState] INFO  server.RaftServerConfigKeys (ConfUtils.java:logGet(46)) - raft.server.leaderelection.pre-vote = false (custom)
2022-10-10 08:40:20,065 [df95c109-086c-4fdb-bc2f-e7a3020caa9e@group-F2032093DD63-FollowerState] INFO  impl.RoleInfo (RoleInfo.java:updateAndGet(139)) - df95c109-086c-4fdb-bc2f-e7a3020caa9e: start df95c109-086c-4fdb-bc2f-e7a3020caa9e@group-F2032093DD63-LeaderElection41
2022-10-10 08:40:20,096 [df95c109-086c-4fdb-bc2f-e7a3020caa9e@group-F2032093DD63-LeaderElection41] INFO  impl.LeaderElection (LeaderElection.java:askForVotes(310)) - df95c109-086c-4fdb-bc2f-e7a3020caa9e@group-F2032093DD63-LeaderElection41 ELECTION round 0: submit vote requests at term 2 for -1: [df95c109-086c-4fdb-bc2f-e7a3020caa9e|rpc:10.1.0.114:37403|dataStream:|priority:1, 2505bfdb-a405-42b6-a08f-f2b9b27cb3cf|rpc:10.1.0.114:44113|dataStream:|priority:0, 1a566261-beec-4fd1-be7c-d2e6de257968|rpc:10.1.0.114:43815|dataStream:|priority:0], old=null
2022-10-10 08:40:20,153 [grpc-default-executor-0] INFO  server.RaftServer$Division (RaftServerImpl.java:requestVote(1152)) - 2505bfdb-a405-42b6-a08f-f2b9b27cb3cf@group-F2032093DD63: receive requestVote(ELECTION, df95c109-086c-4fdb-bc2f-e7a3020caa9e, group-F2032093DD63, 2, (t:0, i:0))
2022-10-10 08:40:20,153 [grpc-default-executor-0] INFO  impl.VoteContext (VoteContext.java:log(48)) - 2505bfdb-a405-42b6-a08f-f2b9b27cb3cf@group-F2032093DD63-FOLLOWER: accept ELECTION from df95c109-086c-4fdb-bc2f-e7a3020caa9e: our priority 0 <= candidate's priority 1
2022-10-10 08:40:20,153 [grpc-default-executor-0] INFO  server.RaftServer$Division (RaftServerImpl.java:setRole(299)) - 2505bfdb-a405-42b6-a08f-f2b9b27cb3cf@group-F2032093DD63: changes role from  FOLLOWER to FOLLOWER at term 2 for candidate:df95c109-086c-4fdb-bc2f-e7a3020caa9e
2022-10-10 08:40:20,153 [grpc-default-executor-0] INFO  impl.RoleInfo (RoleInfo.java:shutdownFollowerState(110)) - 2505bfdb-a405-42b6-a08f-f2b9b27cb3cf: shutdown 2505bfdb-a405-42b6-a08f-f2b9b27cb3cf@group-F2032093DD63-FollowerState
2022-10-10 08:40:20,153 [grpc-default-executor-0] INFO  impl.RoleInfo (RoleInfo.java:updateAndGet(139)) - 2505bfdb-a405-42b6-a08f-f2b9b27cb3cf: start 2505bfdb-a405-42b6-a08f-f2b9b27cb3cf@group-F2032093DD63-FollowerState
2022-10-10 08:40:20,153 [2505bfdb-a405-42b6-a08f-f2b9b27cb3cf@group-F2032093DD63-FollowerState] INFO  impl.FollowerState (FollowerState.java:run(152)) - 2505bfdb-a405-42b6-a08f-f2b9b27cb3cf@group-F2032093DD63-FollowerState was interrupted
2022-10-10 08:40:20,177 [grpc-default-executor-0] INFO  server.RaftServer$Division (RaftServerImpl.java:requestVote(1184)) - 2505bfdb-a405-42b6-a08f-f2b9b27cb3cf@group-F2032093DD63 replies to ELECTION vote request: df95c109-086c-4fdb-bc2f-e7a3020caa9e<-2505bfdb-a405-42b6-a08f-f2b9b27cb3cf#0:OK-t2. Peer's state: 2505bfdb-a405-42b6-a08f-f2b9b27cb3cf@group-F2032093DD63:t2, leader=null, voted=df95c109-086c-4fdb-bc2f-e7a3020caa9e, raftlog=2505bfdb-a405-42b6-a08f-f2b9b27cb3cf@group-F2032093DD63-SegmentedRaftLog:OPENED:c-1, conf=-1: [df95c109-086c-4fdb-bc2f-e7a3020caa9e|rpc:10.1.0.114:37403|dataStream:|priority:1, 2505bfdb-a405-42b6-a08f-f2b9b27cb3cf|rpc:10.1.0.114:44113|dataStream:|priority:0, 1a566261-beec-4fd1-be7c-d2e6de257968|rpc:10.1.0.114:43815|dataStream:|priority:0], old=null
2022-10-10 08:40:20,178 [1a566261-beec-4fd1-be7c-d2e6de257968@group-F2032093DD63-FollowerState] INFO  impl.FollowerState (FollowerState.java:run(143)) - 1a566261-beec-4fd1-be7c-d2e6de257968@group-F2032093DD63-FollowerState: change to CANDIDATE, lastRpcElapsedTime:5196644940ns, electionTimeout:5187ms
2022-10-10 08:40:20,178 [1a566261-beec-4fd1-be7c-d2e6de257968@group-F2032093DD63-FollowerState] INFO  impl.RoleInfo (RoleInfo.java:shutdownFollowerState(110)) - 1a566261-beec-4fd1-be7c-d2e6de257968: shutdown 1a566261-beec-4fd1-be7c-d2e6de257968@group-F2032093DD63-FollowerState
2022-10-10 08:40:20,178 [1a566261-beec-4fd1-be7c-d2e6de257968@group-F2032093DD63-FollowerState] INFO  server.RaftServer$Division (RaftServerImpl.java:setRole(299)) - 1a566261-beec-4fd1-be7c-d2e6de257968@group-F2032093DD63: changes role from  FOLLOWER to CANDIDATE at term 1 for changeToCandidate
2022-10-10 08:40:20,178 [1a566261-beec-4fd1-be7c-d2e6de257968@group-F2032093DD63-FollowerState] INFO  server.RaftServerConfigKeys (ConfUtils.java:logGet(46)) - raft.server.leaderelection.pre-vote = false (custom)
2022-10-10 08:40:20,178 [1a566261-beec-4fd1-be7c-d2e6de257968@group-F2032093DD63-FollowerState] INFO  impl.RoleInfo (RoleInfo.java:updateAndGet(139)) - 1a566261-beec-4fd1-be7c-d2e6de257968: start 1a566261-beec-4fd1-be7c-d2e6de257968@group-F2032093DD63-LeaderElection42
2022-10-10 08:40:20,204 [grpc-default-executor-0] INFO  server.RaftServer$Division (RaftServerImpl.java:requestVote(1152)) - 1a566261-beec-4fd1-be7c-d2e6de257968@group-F2032093DD63: receive requestVote(ELECTION, df95c109-086c-4fdb-bc2f-e7a3020caa9e, group-F2032093DD63, 2, (t:0, i:0))
2022-10-10 08:40:20,204 [grpc-default-executor-0] INFO  impl.VoteContext (VoteContext.java:log(48)) - 1a566261-beec-4fd1-be7c-d2e6de257968@group-F2032093DD63-CANDIDATE: accept ELECTION from df95c109-086c-4fdb-bc2f-e7a3020caa9e: our priority 0 <= candidate's priority 1
2022-10-10 08:40:20,204 [grpc-default-executor-0] INFO  server.RaftServer$Division (RaftServerImpl.java:setRole(299)) - 1a566261-beec-4fd1-be7c-d2e6de257968@group-F2032093DD63: changes role from CANDIDATE to FOLLOWER at term 2 for candidate:df95c109-086c-4fdb-bc2f-e7a3020caa9e
2022-10-10 08:40:20,204 [grpc-default-executor-0] INFO  impl.RoleInfo (RoleInfo.java:shutdownLeaderElection(130)) - 1a566261-beec-4fd1-be7c-d2e6de257968: shutdown 1a566261-beec-4fd1-be7c-d2e6de257968@group-F2032093DD63-LeaderElection42
2022-10-10 08:40:20,204 [grpc-default-executor-0] INFO  impl.RoleInfo (RoleInfo.java:updateAndGet(139)) - 1a566261-beec-4fd1-be7c-d2e6de257968: start 1a566261-beec-4fd1-be7c-d2e6de257968@group-F2032093DD63-FollowerState
2022-10-10 08:40:20,206 [grpc-default-executor-0] INFO  server.RaftServer$Division (RaftServerImpl.java:requestVote(1184)) - 1a566261-beec-4fd1-be7c-d2e6de257968@group-F2032093DD63 replies to ELECTION vote request: df95c109-086c-4fdb-bc2f-e7a3020caa9e<-1a566261-beec-4fd1-be7c-d2e6de257968#0:OK-t2. Peer's state: 1a566261-beec-4fd1-be7c-d2e6de257968@group-F2032093DD63:t2, leader=null, voted=df95c109-086c-4fdb-bc2f-e7a3020caa9e, raftlog=1a566261-beec-4fd1-be7c-d2e6de257968@group-F2032093DD63-SegmentedRaftLog:OPENED:c-1, conf=-1: [df95c109-086c-4fdb-bc2f-e7a3020caa9e|rpc:10.1.0.114:37403|priority:1, 2505bfdb-a405-42b6-a08f-f2b9b27cb3cf|rpc:10.1.0.114:44113|priority:0, 1a566261-beec-4fd1-be7c-d2e6de257968|rpc:10.1.0.114:43815|priority:0], old=null
2022-10-10 08:40:20,220 [1a566261-beec-4fd1-be7c-d2e6de257968@group-F2032093DD63-LeaderElection42] INFO  impl.LeaderElection (LeaderElection.java:run(231)) - 1a566261-beec-4fd1-be7c-d2e6de257968@group-F2032093DD63-LeaderElection42: skip running since this is already CLOSING
2022-10-10 08:40:20,245 [df95c109-086c-4fdb-bc2f-e7a3020caa9e@group-F2032093DD63-LeaderElection41] INFO  impl.LeaderElection (LeaderElection.java:logAndReturn(90)) - df95c109-086c-4fdb-bc2f-e7a3020caa9e@group-F2032093DD63-LeaderElection41: ELECTION PASSED received 1 response(s) and 0 exception(s):
2022-10-10 08:40:20,245 [df95c109-086c-4fdb-bc2f-e7a3020caa9e@group-F2032093DD63-LeaderElection41] INFO  impl.LeaderElection (LeaderElection.java:logAndReturn(94)) -   Response 0: df95c109-086c-4fdb-bc2f-e7a3020caa9e<-2505bfdb-a405-42b6-a08f-f2b9b27cb3cf#0:OK-t2
2022-10-10 08:40:20,245 [df95c109-086c-4fdb-bc2f-e7a3020caa9e@group-F2032093DD63-LeaderElection41] INFO  impl.LeaderElection (LeaderElection.java:askForVotes(312)) - df95c109-086c-4fdb-bc2f-e7a3020caa9e@group-F2032093DD63-LeaderElection41 ELECTION round 0: result PASSED
2022-10-10 08:40:20,245 [df95c109-086c-4fdb-bc2f-e7a3020caa9e@group-F2032093DD63-LeaderElection41] INFO  impl.RoleInfo (RoleInfo.java:shutdownLeaderElection(130)) - df95c109-086c-4fdb-bc2f-e7a3020caa9e: shutdown df95c109-086c-4fdb-bc2f-e7a3020caa9e@group-F2032093DD63-LeaderElection41
2022-10-10 08:40:20,245 [df95c109-086c-4fdb-bc2f-e7a3020caa9e@group-F2032093DD63-LeaderElection41] INFO  server.RaftServer$Division (RaftServerImpl.java:setRole(299)) - df95c109-086c-4fdb-bc2f-e7a3020caa9e@group-F2032093DD63: changes role from CANDIDATE to LEADER at term 2 for changeToLeader
2022-10-10 08:40:20,245 [df95c109-086c-4fdb-bc2f-e7a3020caa9e@group-F2032093DD63-LeaderElection41] INFO  ratis.XceiverServerRatis (XceiverServerRatis.java:handleLeaderChangedNotification(863)) - Leader change notification received for group: group-F2032093DD63 with new leaderId: df95c109-086c-4fdb-bc2f-e7a3020caa9e
2022-10-10 08:40:20,245 [df95c109-086c-4fdb-bc2f-e7a3020caa9e@group-F2032093DD63-LeaderElection41] INFO  server.RaftServer$Division (ServerState.java:setLeader(287)) - df95c109-086c-4fdb-bc2f-e7a3020caa9e@group-F2032093DD63: change Leader from null to df95c109-086c-4fdb-bc2f-e7a3020caa9e at term 2 for becomeLeader, leader elected after 10309ms
2022-10-10 08:40:20,245 [df95c109-086c-4fdb-bc2f-e7a3020caa9e@group-F2032093DD63-LeaderElection41] INFO  server.RaftServerConfigKeys (ConfUtils.java:logGet(46)) - raft.server.staging.catchup.gap = 1000 (default)
2022-10-10 08:40:20,246 [df95c109-086c-4fdb-bc2f-e7a3020caa9e@group-F2032093DD63-LeaderElection41] INFO  server.RaftServerConfigKeys (ConfUtils.java:logGet(46)) - raft.server.write.element-limit = 1024 (custom)
2022-10-10 08:40:20,246 [df95c109-086c-4fdb-bc2f-e7a3020caa9e@group-F2032093DD63-LeaderElection41] INFO  server.RaftServerConfigKeys (ConfUtils.java:logGet(46)) - raft.server.write.byte-limit = 1024 M (=1073741824) (custom)
2022-10-10 08:40:20,246 [df95c109-086c-4fdb-bc2f-e7a3020caa9e@group-F2032093DD63-LeaderElection41] INFO  server.RaftServerConfigKeys (ConfUtils.java:logGet(46)) - raft.server.watch.timeout = 180s (custom)
2022-10-10 08:40:20,246 [df95c109-086c-4fdb-bc2f-e7a3020caa9e@group-F2032093DD63-LeaderElection41] INFO  server.RaftServerConfigKeys (ConfUtils.java:logGet(46)) - raft.server.watch.timeout.denomination = 1s (default)
2022-10-10 08:40:20,246 [df95c109-086c-4fdb-bc2f-e7a3020caa9e@group-F2032093DD63-LeaderElection41] INFO  server.RaftServerConfigKeys (ConfUtils.java:logGet(46)) - raft.server.watch.element-limit = 65536 (default)
2022-10-10 08:40:20,246 [df95c109-086c-4fdb-bc2f-e7a3020caa9e@group-F2032093DD63-LeaderElection41] INFO  server.RaftServerConfigKeys (ConfUtils.java:logGet(46)) - raft.server.write.element-limit = 1024 (custom)
2022-10-10 08:40:20,246 [df95c109-086c-4fdb-bc2f-e7a3020caa9e@group-F2032093DD63-LeaderElection41] INFO  server.RaftServerConfigKeys (ConfUtils.java:logGet(46)) - raft.server.write.follower.gap.ratio.max = -1.0 (default)
2022-10-10 08:40:20,247 [df95c109-086c-4fdb-bc2f-e7a3020caa9e@group-F2032093DD63-LeaderElection41] INFO  server.RaftServerConfigKeys (ConfUtils.java:logGet(46)) - raft.server.log.appender.snapshot.chunk.size.max = 16MB (=16777216) (default)
2022-10-10 08:40:20,247 [df95c109-086c-4fdb-bc2f-e7a3020caa9e@group-F2032093DD63-LeaderElection41] INFO  server.RaftServerConfigKeys (ConfUtils.java:logGet(46)) - raft.server.log.appender.buffer.byte-limit = 33554432 (custom)
2022-10-10 08:40:20,247 [df95c109-086c-4fdb-bc2f-e7a3020caa9e@group-F2032093DD63-LeaderElection41] INFO  server.RaftServerConfigKeys (ConfUtils.java:logGet(46)) - raft.server.log.appender.buffer.element-limit = 1 (custom)
2022-10-10 08:40:20,247 [df95c109-086c-4fdb-bc2f-e7a3020caa9e@group-F2032093DD63-LeaderElection41] INFO  grpc.GrpcConfigKeys (ConfUtils.java:logGet(46)) - raft.grpc.server.leader.outstanding.appends.max = 128 (default)
2022-10-10 08:40:20,276 [df95c109-086c-4fdb-bc2f-e7a3020caa9e@group-F2032093DD63-LeaderElection41] INFO  server.RaftServerConfigKeys (ConfUtils.java:logGet(46)) - raft.server.rpc.request.timeout = 60s (custom)
2022-10-10 08:40:20,276 [df95c109-086c-4fdb-bc2f-e7a3020caa9e@group-F2032093DD63-LeaderElection41] INFO  server.RaftServerConfigKeys (ConfUtils.java:logGet(46)) - raft.server.log.appender.install.snapshot.enabled = false (custom)
2022-10-10 08:40:20,277 [df95c109-086c-4fdb-bc2f-e7a3020caa9e@group-F2032093DD63-LeaderElection41] INFO  server.RaftServerConfigKeys (ConfUtils.java:logGet(46)) - raft.server.log.appender.snapshot.chunk.size.max = 16MB (=16777216) (default)
2022-10-10 08:40:20,277 [df95c109-086c-4fdb-bc2f-e7a3020caa9e@group-F2032093DD63-LeaderElection41] INFO  server.RaftServerConfigKeys (ConfUtils.java:logGet(46)) - raft.server.log.appender.buffer.byte-limit = 33554432 (custom)
2022-10-10 08:40:20,278 [df95c109-086c-4fdb-bc2f-e7a3020caa9e@group-F2032093DD63-LeaderElection41] INFO  server.RaftServerConfigKeys (ConfUtils.java:logGet(46)) - raft.server.log.appender.buffer.element-limit = 1 (custom)
2022-10-10 08:40:20,278 [df95c109-086c-4fdb-bc2f-e7a3020caa9e@group-F2032093DD63-LeaderElection41] INFO  grpc.GrpcConfigKeys (ConfUtils.java:logGet(46)) - raft.grpc.server.leader.outstanding.appends.max = 128 (default)
2022-10-10 08:40:20,278 [df95c109-086c-4fdb-bc2f-e7a3020caa9e@group-F2032093DD63-LeaderElection41] INFO  server.RaftServerConfigKeys (ConfUtils.java:logGet(46)) - raft.server.rpc.request.timeout = 60s (custom)
2022-10-10 08:40:20,278 [df95c109-086c-4fdb-bc2f-e7a3020caa9e@group-F2032093DD63-LeaderElection41] INFO  server.RaftServerConfigKeys (ConfUtils.java:logGet(46)) - raft.server.log.appender.install.snapshot.enabled = false (custom)
2022-10-10 08:40:20,278 [df95c109-086c-4fdb-bc2f-e7a3020caa9e@group-F2032093DD63-LeaderElection41] INFO  impl.RoleInfo (RoleInfo.java:updateAndGet(139)) - df95c109-086c-4fdb-bc2f-e7a3020caa9e: start df95c109-086c-4fdb-bc2f-e7a3020caa9e@group-F2032093DD63-LeaderStateImpl
2022-10-10 08:40:20,278 [df95c109-086c-4fdb-bc2f-e7a3020caa9e@group-F2032093DD63-LeaderElection41] INFO  segmented.SegmentedRaftLogWorker (SegmentedRaftLogWorker.java:startLogSegment(425)) - df95c109-086c-4fdb-bc2f-e7a3020caa9e@group-F2032093DD63-SegmentedRaftLogWorker: Starting segment from index:0
2022-10-10 08:40:20,289 [EventQueue-OpenPipelineForHealthyPipelineSafeModeRule] INFO  safemode.SCMSafeModeManager (HealthyPipelineSafeModeRule.java:process(137)) - SCM in safe mode. Healthy pipelines reported count is 0, required healthy pipeline reported count is 1
2022-10-10 08:40:20,289 [EventQueue-PipelineReportForPipelineReportHandler] INFO  pipeline.PipelineManagerImpl (PipelineManagerImpl.java:openPipeline(367)) - Pipeline Pipeline[ Id: af2dbda5-f9d9-49d0-997d-f2032093dd63, Nodes: 1a566261-beec-4fd1-be7c-d2e6de257968{ip: 10.1.0.114, host: fv-az292-843.tqgtyn10aqxuxoi0mkfbldi5vh.jx.internal.cloudapp.net, ports: [REPLICATION=44845, RATIS=43815, RATIS_ADMIN=43815, RATIS_SERVER=43815, STANDALONE=40743], networkLocation: /default-rack, certSerialId: null, persistedOpState: IN_SERVICE, persistedOpStateExpiryEpochSec: 0}df95c109-086c-4fdb-bc2f-e7a3020caa9e{ip: 10.1.0.114, host: fv-az292-843.tqgtyn10aqxuxoi0mkfbldi5vh.jx.internal.cloudapp.net, ports: [REPLICATION=35793, RATIS=37403, RATIS_ADMIN=37403, RATIS_SERVER=37403, STANDALONE=40595], networkLocation: /default-rack, certSerialId: null, persistedOpState: IN_SERVICE, persistedOpStateExpiryEpochSec: 0}2505bfdb-a405-42b6-a08f-f2b9b27cb3cf{ip: 10.1.0.114, host: fv-az292-843.tqgtyn10aqxuxoi0mkfbldi5vh.jx.internal.cloudapp.net, ports: [REPLICATION=37495, RATIS=44113, RATIS_ADMIN=44113, RATIS_SERVER=44113, STANDALONE=37833], networkLocation: /default-rack, certSerialId: null, persistedOpState: IN_SERVICE, persistedOpStateExpiryEpochSec: 0}, ReplicationConfig: RATIS/THREE, State:ALLOCATED, leaderId:df95c109-086c-4fdb-bc2f-e7a3020caa9e, CreationTimestamp2022-10-10T08:40:08.239Z[Etc/UTC]] moved to OPEN state
2022-10-10 08:40:20,289 [EventQueue-OpenPipelineForHealthyPipelineSafeModeRule] INFO  safemode.SCMSafeModeManager (HealthyPipelineSafeModeRule.java:process(137)) - SCM in safe mode. Healthy pipelines reported count is 1, required healthy pipeline reported count is 1
2022-10-10 08:40:20,290 [EventQueue-OpenPipelineForHealthyPipelineSafeModeRule] INFO  safemode.SCMSafeModeManager (SCMSafeModeManager.java:validateSafeModeExitRules(204)) - HealthyPipelineSafeModeRule rule is successfully validated
2022-10-10 08:40:20,290 [EventQueue-OpenPipelineForHealthyPipelineSafeModeRule] INFO  safemode.SCMSafeModeManager (SCMSafeModeManager.java:validateSafeModeExitRules(219)) - ScmSafeModeManager, all rules are successfully validated
2022-10-10 08:40:20,290 [EventQueue-OpenPipelineForHealthyPipelineSafeModeRule] INFO  safemode.SCMSafeModeManager (SCMSafeModeManager.java:exitSafeMode(248)) - SCM exiting safe mode.
2022-10-10 08:40:20,290 [EventQueue-OpenPipelineForHealthyPipelineSafeModeRule] WARN  events.EventQueue (EventQueue.java:fireEvent(216)) - No event handler registered for event TypedEvent{payloadType=SafeModeStatus, name='Safe mode status'}
2022-10-10 08:40:20,290 [EventQueue-OpenPipelineForHealthyPipelineSafeModeRule] INFO  ha.SCMContext (SCMContext.java:updateSafeModeStatus(228)) - Update SafeModeStatus from SafeModeStatus{safeModeStatus=true, preCheckPassed=true} to SafeModeStatus{safeModeStatus=false, preCheckPassed=true}.
2022-10-10 08:40:20,290 [EventQueue-OpenPipelineForHealthyPipelineSafeModeRule] INFO  pipeline.BackgroundPipelineCreator (BackgroundPipelineCreator.java:notifyStatusChanged(254)) - Service BackgroundPipelineCreator transitions to RUNNING.
2022-10-10 08:40:20,290 [EventQueue-OpenPipelineForHealthyPipelineSafeModeRule] INFO  BackgroundPipelineScrubber (BackgroundSCMService.java:notifyStatusChanged(82)) - Service BackgroundPipelineScrubber transitions to RUNNING.
2022-10-10 08:40:20,290 [EventQueue-OpenPipelineForHealthyPipelineSafeModeRule] INFO  ExpiredContainerReplicaOpScrubber (BackgroundSCMService.java:notifyStatusChanged(82)) - Service ExpiredContainerReplicaOpScrubber transitions to RUNNING.
2022-10-10 08:40:20,290 [EventQueue-OpenPipelineForHealthyPipelineSafeModeRule] INFO  replication.ReplicationManager (ReplicationManager.java:notifyStatusChanged(728)) - Service ReplicationManager transitions to RUNNING.
2022-10-10 08:40:20,290 [EventQueue-OpenPipelineForHealthyPipelineSafeModeRule] WARN  balancer.ContainerBalancer (ContainerBalancer.java:shouldRun(936)) - Could not find persisted configuration for ContainerBalancer when checking if ContainerBalancer should run. ContainerBalancer should not run now.
2022-10-10 08:40:20,296 [df95c109-086c-4fdb-bc2f-e7a3020caa9e@group-F2032093DD63-LeaderElection41] INFO  server.RaftServer$Division (ServerState.java:setRaftConf(393)) - df95c109-086c-4fdb-bc2f-e7a3020caa9e@group-F2032093DD63: set configuration 0: [df95c109-086c-4fdb-bc2f-e7a3020caa9e|rpc:10.1.0.114:37403|dataStream:|priority:1, 2505bfdb-a405-42b6-a08f-f2b9b27cb3cf|rpc:10.1.0.114:44113|dataStream:|priority:0, 1a566261-beec-4fd1-be7c-d2e6de257968|rpc:10.1.0.114:43815|dataStream:|priority:0], old=null
2022-10-10 08:40:20,336 [df95c109-086c-4fdb-bc2f-e7a3020caa9e@group-F2032093DD63-SegmentedRaftLogWorker] INFO  segmented.SegmentedRaftLogWorker (SegmentedRaftLogWorker.java:execute(629)) - df95c109-086c-4fdb-bc2f-e7a3020caa9e@group-F2032093DD63-SegmentedRaftLogWorker: created new log segment /home/runner/work/ozone/ozone/hadoop-ozone/integration-test/target/test-dir/MiniOzoneClusterImpl-ad2c0857-510d-4cdb-92e5-38dbe430bd54/datanode-2/data/ratis/af2dbda5-f9d9-49d0-997d-f2032093dd63/current/log_inprogress_0
2022-10-10 08:40:20,340 [2505bfdb-a405-42b6-a08f-f2b9b27cb3cf-server-thread1] INFO  ratis.XceiverServerRatis (XceiverServerRatis.java:handleLeaderChangedNotification(863)) - Leader change notification received for group: group-F2032093DD63 with new leaderId: df95c109-086c-4fdb-bc2f-e7a3020caa9e
2022-10-10 08:40:20,340 [2505bfdb-a405-42b6-a08f-f2b9b27cb3cf-server-thread1] INFO  server.RaftServer$Division (ServerState.java:setLeader(287)) - 2505bfdb-a405-42b6-a08f-f2b9b27cb3cf@group-F2032093DD63: change Leader from null to df95c109-086c-4fdb-bc2f-e7a3020caa9e at term 2 for appendEntries, leader elected after 10262ms
2022-10-10 08:40:20,354 [1a566261-beec-4fd1-be7c-d2e6de257968-server-thread1] INFO  ratis.XceiverServerRatis (XceiverServerRatis.java:handleLeaderChangedNotification(863)) - Leader change notification received for group: group-F2032093DD63 with new leaderId: df95c109-086c-4fdb-bc2f-e7a3020caa9e
2022-10-10 08:40:20,354 [1a566261-beec-4fd1-be7c-d2e6de257968-server-thread1] INFO  server.RaftServer$Division (ServerState.java:setLeader(287)) - 1a566261-beec-4fd1-be7c-d2e6de257968@group-F2032093DD63: change Leader from null to df95c109-086c-4fdb-bc2f-e7a3020caa9e at term 2 for appendEntries, leader elected after 10553ms
2022-10-10 08:40:20,356 [1a566261-beec-4fd1-be7c-d2e6de257968-server-thread1] INFO  server.RaftServer$Division (ServerState.java:setRaftConf(393)) - 1a566261-beec-4fd1-be7c-d2e6de257968@group-F2032093DD63: set configuration 0: [df95c109-086c-4fdb-bc2f-e7a3020caa9e|rpc:10.1.0.114:37403|dataStream:|priority:1, 2505bfdb-a405-42b6-a08f-f2b9b27cb3cf|rpc:10.1.0.114:44113|dataStream:|priority:0, 1a566261-beec-4fd1-be7c-d2e6de257968|rpc:10.1.0.114:43815|dataStream:|priority:0], old=null
2022-10-10 08:40:20,357 [1a566261-beec-4fd1-be7c-d2e6de257968-server-thread1] INFO  segmented.SegmentedRaftLogWorker (SegmentedRaftLogWorker.java:startLogSegment(425)) - 1a566261-beec-4fd1-be7c-d2e6de257968@group-F2032093DD63-SegmentedRaftLogWorker: Starting segment from index:0
2022-10-10 08:40:20,361 [1a566261-beec-4fd1-be7c-d2e6de257968@group-F2032093DD63-SegmentedRaftLogWorker] INFO  segmented.SegmentedRaftLogWorker (SegmentedRaftLogWorker.java:execute(629)) - 1a566261-beec-4fd1-be7c-d2e6de257968@group-F2032093DD63-SegmentedRaftLogWorker: created new log segment /home/runner/work/ozone/ozone/hadoop-ozone/integration-test/target/test-dir/MiniOzoneClusterImpl-ad2c0857-510d-4cdb-92e5-38dbe430bd54/datanode-0/data/ratis/af2dbda5-f9d9-49d0-997d-f2032093dd63/current/log_inprogress_0
2022-10-10 08:40:20,393 [2505bfdb-a405-42b6-a08f-f2b9b27cb3cf-server-thread1] INFO  server.RaftServer$Division (ServerState.java:setRaftConf(393)) - 2505bfdb-a405-42b6-a08f-f2b9b27cb3cf@group-F2032093DD63: set configuration 0: [df95c109-086c-4fdb-bc2f-e7a3020caa9e|rpc:10.1.0.114:37403|dataStream:|priority:1, 2505bfdb-a405-42b6-a08f-f2b9b27cb3cf|rpc:10.1.0.114:44113|dataStream:|priority:0, 1a566261-beec-4fd1-be7c-d2e6de257968|rpc:10.1.0.114:43815|dataStream:|priority:0], old=null
2022-10-10 08:40:20,393 [2505bfdb-a405-42b6-a08f-f2b9b27cb3cf-server-thread1] INFO  segmented.SegmentedRaftLogWorker (SegmentedRaftLogWorker.java:startLogSegment(425)) - 2505bfdb-a405-42b6-a08f-f2b9b27cb3cf@group-F2032093DD63-SegmentedRaftLogWorker: Starting segment from index:0
2022-10-10 08:40:20,408 [2505bfdb-a405-42b6-a08f-f2b9b27cb3cf@group-F2032093DD63-SegmentedRaftLogWorker] INFO  segmented.SegmentedRaftLogWorker (SegmentedRaftLogWorker.java:execute(629)) - 2505bfdb-a405-42b6-a08f-f2b9b27cb3cf@group-F2032093DD63-SegmentedRaftLogWorker: created new log segment /home/runner/work/ozone/ozone/hadoop-ozone/integration-test/target/test-dir/MiniOzoneClusterImpl-ad2c0857-510d-4cdb-92e5-38dbe430bd54/datanode-1/data/ratis/af2dbda5-f9d9-49d0-997d-f2032093dd63/current/log_inprogress_0
2022-10-10 08:40:20,424 [df95c109-086c-4fdb-bc2f-e7a3020caa9e@group-E6C73168D3C7-FollowerState] INFO  impl.FollowerState (FollowerState.java:run(143)) - df95c109-086c-4fdb-bc2f-e7a3020caa9e@group-E6C73168D3C7-FollowerState: change to CANDIDATE, lastRpcElapsedTime:5032626018ns, electionTimeout:5029ms
2022-10-10 08:40:20,424 [df95c109-086c-4fdb-bc2f-e7a3020caa9e@group-E6C73168D3C7-FollowerState] INFO  impl.RoleInfo (RoleInfo.java:shutdownFollowerState(110)) - df95c109-086c-4fdb-bc2f-e7a3020caa9e: shutdown df95c109-086c-4fdb-bc2f-e7a3020caa9e@group-E6C73168D3C7-FollowerState
2022-10-10 08:40:20,424 [df95c109-086c-4fdb-bc2f-e7a3020caa9e@group-E6C73168D3C7-FollowerState] INFO  server.RaftServer$Division (RaftServerImpl.java:setRole(299)) - df95c109-086c-4fdb-bc2f-e7a3020caa9e@group-E6C73168D3C7: changes role from  FOLLOWER to CANDIDATE at term 1 for changeToCandidate
2022-10-10 08:40:20,424 [df95c109-086c-4fdb-bc2f-e7a3020caa9e@group-E6C73168D3C7-FollowerState] INFO  server.RaftServerConfigKeys (ConfUtils.java:logGet(46)) - raft.server.leaderelection.pre-vote = false (custom)
2022-10-10 08:40:20,424 [df95c109-086c-4fdb-bc2f-e7a3020caa9e@group-E6C73168D3C7-FollowerState] INFO  impl.RoleInfo (RoleInfo.java:updateAndGet(139)) - df95c109-086c-4fdb-bc2f-e7a3020caa9e: start df95c109-086c-4fdb-bc2f-e7a3020caa9e@group-E6C73168D3C7-LeaderElection43
2022-10-10 08:40:20,444 [df95c109-086c-4fdb-bc2f-e7a3020caa9e@group-E6C73168D3C7-LeaderElection43] INFO  impl.LeaderElection (LeaderElection.java:askForVotes(310)) - df95c109-086c-4fdb-bc2f-e7a3020caa9e@group-E6C73168D3C7-LeaderElection43 ELECTION round 0: submit vote requests at term 2 for -1: [df95c109-086c-4fdb-bc2f-e7a3020caa9e|rpc:10.1.0.114:37403|dataStream:|priority:0, 2505bfdb-a405-42b6-a08f-f2b9b27cb3cf|rpc:10.1.0.114:44113|dataStream:|priority:1, 1a566261-beec-4fd1-be7c-d2e6de257968|rpc:10.1.0.114:43815|dataStream:|priority:0], old=null
2022-10-10 08:40:20,460 [grpc-default-executor-2] INFO  server.RaftServer$Division (RaftServerImpl.java:requestVote(1152)) - 2505bfdb-a405-42b6-a08f-f2b9b27cb3cf@group-E6C73168D3C7: receive requestVote(ELECTION, df95c109-086c-4fdb-bc2f-e7a3020caa9e, group-E6C73168D3C7, 2, (t:0, i:0))
2022-10-10 08:40:20,460 [grpc-default-executor-2] INFO  impl.VoteContext (VoteContext.java:log(48)) - 2505bfdb-a405-42b6-a08f-f2b9b27cb3cf@group-E6C73168D3C7-FOLLOWER: reject ELECTION from df95c109-086c-4fdb-bc2f-e7a3020caa9e: our priority 1 > candidate's priority 0
2022-10-10 08:40:20,460 [grpc-default-executor-2] INFO  server.RaftServer$Division (RaftServerImpl.java:setRole(299)) - 2505bfdb-a405-42b6-a08f-f2b9b27cb3cf@group-E6C73168D3C7: changes role from  FOLLOWER to FOLLOWER at term 2 for candidate:df95c109-086c-4fdb-bc2f-e7a3020caa9e
2022-10-10 08:40:20,460 [grpc-default-executor-2] INFO  impl.RoleInfo (RoleInfo.java:shutdownFollowerState(110)) - 2505bfdb-a405-42b6-a08f-f2b9b27cb3cf: shutdown 2505bfdb-a405-42b6-a08f-f2b9b27cb3cf@group-E6C73168D3C7-FollowerState
2022-10-10 08:40:20,460 [grpc-default-executor-2] INFO  impl.RoleInfo (RoleInfo.java:updateAndGet(139)) - 2505bfdb-a405-42b6-a08f-f2b9b27cb3cf: start 2505bfdb-a405-42b6-a08f-f2b9b27cb3cf@group-E6C73168D3C7-FollowerState
2022-10-10 08:40:20,460 [2505bfdb-a405-42b6-a08f-f2b9b27cb3cf@group-E6C73168D3C7-FollowerState] INFO  impl.FollowerState (FollowerState.java:run(152)) - 2505bfdb-a405-42b6-a08f-f2b9b27cb3cf@group-E6C73168D3C7-FollowerState was interrupted
2022-10-10 08:40:20,465 [grpc-default-executor-2] INFO  server.RaftServer$Division (RaftServerImpl.java:requestVote(1184)) - 2505bfdb-a405-42b6-a08f-f2b9b27cb3cf@group-E6C73168D3C7 replies to ELECTION vote request: df95c109-086c-4fdb-bc2f-e7a3020caa9e<-2505bfdb-a405-42b6-a08f-f2b9b27cb3cf#0:FAIL-t2. Peer's state: 2505bfdb-a405-42b6-a08f-f2b9b27cb3cf@group-E6C73168D3C7:t2, leader=null, voted=null, raftlog=2505bfdb-a405-42b6-a08f-f2b9b27cb3cf@group-E6C73168D3C7-SegmentedRaftLog:OPENED:c-1, conf=-1: [df95c109-086c-4fdb-bc2f-e7a3020caa9e|rpc:10.1.0.114:37403|dataStream:|priority:0, 2505bfdb-a405-42b6-a08f-f2b9b27cb3cf|rpc:10.1.0.114:44113|dataStream:|priority:1, 1a566261-beec-4fd1-be7c-d2e6de257968|rpc:10.1.0.114:43815|dataStream:|priority:0], old=null
2022-10-10 08:40:20,479 [df95c109-086c-4fdb-bc2f-e7a3020caa9e@group-E6C73168D3C7-LeaderElection43] INFO  impl.LeaderElection (LeaderElection.java:logAndReturn(90)) - df95c109-086c-4fdb-bc2f-e7a3020caa9e@group-E6C73168D3C7-LeaderElection43: ELECTION REJECTED received 1 response(s) and 0 exception(s):
2022-10-10 08:40:20,479 [df95c109-086c-4fdb-bc2f-e7a3020caa9e@group-E6C73168D3C7-LeaderElection43] INFO  impl.LeaderElection (LeaderElection.java:logAndReturn(94)) -   Response 0: df95c109-086c-4fdb-bc2f-e7a3020caa9e<-2505bfdb-a405-42b6-a08f-f2b9b27cb3cf#0:FAIL-t2
2022-10-10 08:40:20,479 [df95c109-086c-4fdb-bc2f-e7a3020caa9e@group-E6C73168D3C7-LeaderElection43] INFO  impl.LeaderElection (LeaderElection.java:askForVotes(312)) - df95c109-086c-4fdb-bc2f-e7a3020caa9e@group-E6C73168D3C7-LeaderElection43 ELECTION round 0: result REJECTED
2022-10-10 08:40:20,479 [df95c109-086c-4fdb-bc2f-e7a3020caa9e@group-E6C73168D3C7-LeaderElection43] INFO  server.RaftServer$Division (RaftServerImpl.java:setRole(299)) - df95c109-086c-4fdb-bc2f-e7a3020caa9e@group-E6C73168D3C7: changes role from CANDIDATE to FOLLOWER at term 2 for REJECTED
2022-10-10 08:40:20,479 [df95c109-086c-4fdb-bc2f-e7a3020caa9e@group-E6C73168D3C7-LeaderElection43] INFO  impl.RoleInfo (RoleInfo.java:shutdownLeaderElection(130)) - df95c109-086c-4fdb-bc2f-e7a3020caa9e: shutdown df95c109-086c-4fdb-bc2f-e7a3020caa9e@group-E6C73168D3C7-LeaderElection43
2022-10-10 08:40:20,479 [df95c109-086c-4fdb-bc2f-e7a3020caa9e@group-E6C73168D3C7-LeaderElection43] INFO  impl.RoleInfo (RoleInfo.java:updateAndGet(139)) - df95c109-086c-4fdb-bc2f-e7a3020caa9e: start df95c109-086c-4fdb-bc2f-e7a3020caa9e@group-E6C73168D3C7-FollowerState
2022-10-10 08:40:20,486 [1a566261-beec-4fd1-be7c-d2e6de257968@group-E6C73168D3C7-FollowerState] INFO  impl.FollowerState (FollowerState.java:run(143)) - 1a566261-beec-4fd1-be7c-d2e6de257968@group-E6C73168D3C7-FollowerState: change to CANDIDATE, lastRpcElapsedTime:5085363543ns, electionTimeout:5058ms
2022-10-10 08:40:20,486 [1a566261-beec-4fd1-be7c-d2e6de257968@group-E6C73168D3C7-FollowerState] INFO  impl.RoleInfo (RoleInfo.java:shutdownFollowerState(110)) - 1a566261-beec-4fd1-be7c-d2e6de257968: shutdown 1a566261-beec-4fd1-be7c-d2e6de257968@group-E6C73168D3C7-FollowerState
2022-10-10 08:40:20,487 [1a566261-beec-4fd1-be7c-d2e6de257968@group-E6C73168D3C7-FollowerState] INFO  server.RaftServer$Division (RaftServerImpl.java:setRole(299)) - 1a566261-beec-4fd1-be7c-d2e6de257968@group-E6C73168D3C7: changes role from  FOLLOWER to CANDIDATE at term 1 for changeToCandidate
2022-10-10 08:40:20,487 [1a566261-beec-4fd1-be7c-d2e6de257968@group-E6C73168D3C7-FollowerState] INFO  server.RaftServerConfigKeys (ConfUtils.java:logGet(46)) - raft.server.leaderelection.pre-vote = false (custom)
2022-10-10 08:40:20,487 [1a566261-beec-4fd1-be7c-d2e6de257968@group-E6C73168D3C7-FollowerState] INFO  impl.RoleInfo (RoleInfo.java:updateAndGet(139)) - 1a566261-beec-4fd1-be7c-d2e6de257968: start 1a566261-beec-4fd1-be7c-d2e6de257968@group-E6C73168D3C7-LeaderElection44
2022-10-10 08:40:20,498 [grpc-default-executor-2] INFO  server.RaftServer$Division (RaftServerImpl.java:requestVote(1152)) - 1a566261-beec-4fd1-be7c-d2e6de257968@group-E6C73168D3C7: receive requestVote(ELECTION, df95c109-086c-4fdb-bc2f-e7a3020caa9e, group-E6C73168D3C7, 2, (t:0, i:0))
2022-10-10 08:40:20,511 [1a566261-beec-4fd1-be7c-d2e6de257968@group-E6C73168D3C7-LeaderElection44] INFO  impl.LeaderElection (LeaderElection.java:askForVotes(310)) - 1a566261-beec-4fd1-be7c-d2e6de257968@group-E6C73168D3C7-LeaderElection44 ELECTION round 0: submit vote requests at term 2 for -1: [df95c109-086c-4fdb-bc2f-e7a3020caa9e|rpc:10.1.0.114:37403|priority:0, 2505bfdb-a405-42b6-a08f-f2b9b27cb3cf|rpc:10.1.0.114:44113|priority:1, 1a566261-beec-4fd1-be7c-d2e6de257968|rpc:10.1.0.114:43815|priority:0], old=null
2022-10-10 08:40:20,511 [grpc-default-executor-2] INFO  impl.VoteContext (VoteContext.java:log(48)) - 1a566261-beec-4fd1-be7c-d2e6de257968@group-E6C73168D3C7-CANDIDATE: reject ELECTION from df95c109-086c-4fdb-bc2f-e7a3020caa9e: already has voted for 1a566261-beec-4fd1-be7c-d2e6de257968 at current term 2
2022-10-10 08:40:20,511 [grpc-default-executor-2] INFO  server.RaftServer$Division (RaftServerImpl.java:requestVote(1184)) - 1a566261-beec-4fd1-be7c-d2e6de257968@group-E6C73168D3C7 replies to ELECTION vote request: df95c109-086c-4fdb-bc2f-e7a3020caa9e<-1a566261-beec-4fd1-be7c-d2e6de257968#0:FAIL-t2. Peer's state: 1a566261-beec-4fd1-be7c-d2e6de257968@group-E6C73168D3C7:t2, leader=null, voted=1a566261-beec-4fd1-be7c-d2e6de257968, raftlog=1a566261-beec-4fd1-be7c-d2e6de257968@group-E6C73168D3C7-SegmentedRaftLog:OPENED:c-1, conf=-1: [df95c109-086c-4fdb-bc2f-e7a3020caa9e|rpc:10.1.0.114:37403|priority:0, 2505bfdb-a405-42b6-a08f-f2b9b27cb3cf|rpc:10.1.0.114:44113|priority:1, 1a566261-beec-4fd1-be7c-d2e6de257968|rpc:10.1.0.114:43815|priority:0], old=null
2022-10-10 08:40:20,573 [grpc-default-executor-2] INFO  server.RaftServer$Division (RaftServerImpl.java:requestVote(1152)) - df95c109-086c-4fdb-bc2f-e7a3020caa9e@group-E6C73168D3C7: receive requestVote(ELECTION, 1a566261-beec-4fd1-be7c-d2e6de257968, group-E6C73168D3C7, 2, (t:0, i:0))
2022-10-10 08:40:20,573 [grpc-default-executor-2] INFO  impl.VoteContext (VoteContext.java:log(48)) - df95c109-086c-4fdb-bc2f-e7a3020caa9e@group-E6C73168D3C7-FOLLOWER: reject ELECTION from 1a566261-beec-4fd1-be7c-d2e6de257968: already has voted for df95c109-086c-4fdb-bc2f-e7a3020caa9e at current term 2
2022-10-10 08:40:20,573 [grpc-default-executor-2] INFO  server.RaftServer$Division (RaftServerImpl.java:requestVote(1184)) - df95c109-086c-4fdb-bc2f-e7a3020caa9e@group-E6C73168D3C7 replies to ELECTION vote request: 1a566261-beec-4fd1-be7c-d2e6de257968<-df95c109-086c-4fdb-bc2f-e7a3020caa9e#0:FAIL-t2. Peer's state: df95c109-086c-4fdb-bc2f-e7a3020caa9e@group-E6C73168D3C7:t2, leader=null, voted=df95c109-086c-4fdb-bc2f-e7a3020caa9e, raftlog=df95c109-086c-4fdb-bc2f-e7a3020caa9e@group-E6C73168D3C7-SegmentedRaftLog:OPENED:c-1, conf=-1: [df95c109-086c-4fdb-bc2f-e7a3020caa9e|rpc:10.1.0.114:37403|dataStream:|priority:0, 2505bfdb-a405-42b6-a08f-f2b9b27cb3cf|rpc:10.1.0.114:44113|dataStream:|priority:1, 1a566261-beec-4fd1-be7c-d2e6de257968|rpc:10.1.0.114:43815|dataStream:|priority:0], old=null
2022-10-10 08:40:20,589 [grpc-default-executor-2] INFO  server.RaftServer$Division (RaftServerImpl.java:requestVote(1152)) - 2505bfdb-a405-42b6-a08f-f2b9b27cb3cf@group-E6C73168D3C7: receive requestVote(ELECTION, 1a566261-beec-4fd1-be7c-d2e6de257968, group-E6C73168D3C7, 2, (t:0, i:0))
2022-10-10 08:40:20,589 [grpc-default-executor-2] INFO  impl.VoteContext (VoteContext.java:log(48)) - 2505bfdb-a405-42b6-a08f-f2b9b27cb3cf@group-E6C73168D3C7-FOLLOWER: reject ELECTION from 1a566261-beec-4fd1-be7c-d2e6de257968: our priority 1 > candidate's priority 0
2022-10-10 08:40:20,589 [grpc-default-executor-2] INFO  server.RaftServer$Division (RaftServerImpl.java:setRole(299)) - 2505bfdb-a405-42b6-a08f-f2b9b27cb3cf@group-E6C73168D3C7: changes role from  FOLLOWER to FOLLOWER at term 2 for candidate:1a566261-beec-4fd1-be7c-d2e6de257968
2022-10-10 08:40:20,589 [grpc-default-executor-2] INFO  impl.RoleInfo (RoleInfo.java:shutdownFollowerState(110)) - 2505bfdb-a405-42b6-a08f-f2b9b27cb3cf: shutdown 2505bfdb-a405-42b6-a08f-f2b9b27cb3cf@group-E6C73168D3C7-FollowerState
2022-10-10 08:40:20,589 [grpc-default-executor-2] INFO  impl.RoleInfo (RoleInfo.java:updateAndGet(139)) - 2505bfdb-a405-42b6-a08f-f2b9b27cb3cf: start 2505bfdb-a405-42b6-a08f-f2b9b27cb3cf@group-E6C73168D3C7-FollowerState
2022-10-10 08:40:20,590 [2505bfdb-a405-42b6-a08f-f2b9b27cb3cf@group-E6C73168D3C7-FollowerState] INFO  impl.FollowerState (FollowerState.java:run(152)) - 2505bfdb-a405-42b6-a08f-f2b9b27cb3cf@group-E6C73168D3C7-FollowerState was interrupted
2022-10-10 08:40:20,590 [grpc-default-executor-2] INFO  server.RaftServer$Division (RaftServerImpl.java:requestVote(1184)) - 2505bfdb-a405-42b6-a08f-f2b9b27cb3cf@group-E6C73168D3C7 replies to ELECTION vote request: 1a566261-beec-4fd1-be7c-d2e6de257968<-2505bfdb-a405-42b6-a08f-f2b9b27cb3cf#0:FAIL-t2. Peer's state: 2505bfdb-a405-42b6-a08f-f2b9b27cb3cf@group-E6C73168D3C7:t2, leader=null, voted=null, raftlog=2505bfdb-a405-42b6-a08f-f2b9b27cb3cf@group-E6C73168D3C7-SegmentedRaftLog:OPENED:c-1, conf=-1: [df95c109-086c-4fdb-bc2f-e7a3020caa9e|rpc:10.1.0.114:37403|dataStream:|priority:0, 2505bfdb-a405-42b6-a08f-f2b9b27cb3cf|rpc:10.1.0.114:44113|dataStream:|priority:1, 1a566261-beec-4fd1-be7c-d2e6de257968|rpc:10.1.0.114:43815|dataStream:|priority:0], old=null
2022-10-10 08:40:20,592 [1a566261-beec-4fd1-be7c-d2e6de257968@group-E6C73168D3C7-LeaderElection44] INFO  impl.LeaderElection (LeaderElection.java:logAndReturn(90)) - 1a566261-beec-4fd1-be7c-d2e6de257968@group-E6C73168D3C7-LeaderElection44: ELECTION REJECTED received 2 response(s) and 0 exception(s):
2022-10-10 08:40:20,592 [1a566261-beec-4fd1-be7c-d2e6de257968@group-E6C73168D3C7-LeaderElection44] INFO  impl.LeaderElection (LeaderElection.java:logAndReturn(94)) -   Response 0: 1a566261-beec-4fd1-be7c-d2e6de257968<-df95c109-086c-4fdb-bc2f-e7a3020caa9e#0:FAIL-t2
2022-10-10 08:40:20,592 [1a566261-beec-4fd1-be7c-d2e6de257968@group-E6C73168D3C7-LeaderElection44] INFO  impl.LeaderElection (LeaderElection.java:logAndReturn(94)) -   Response 1: 1a566261-beec-4fd1-be7c-d2e6de257968<-2505bfdb-a405-42b6-a08f-f2b9b27cb3cf#0:FAIL-t2
2022-10-10 08:40:20,592 [1a566261-beec-4fd1-be7c-d2e6de257968@group-E6C73168D3C7-LeaderElection44] INFO  impl.LeaderElection (LeaderElection.java:askForVotes(312)) - 1a566261-beec-4fd1-be7c-d2e6de257968@group-E6C73168D3C7-LeaderElection44 ELECTION round 0: result REJECTED
2022-10-10 08:40:20,592 [1a566261-beec-4fd1-be7c-d2e6de257968@group-E6C73168D3C7-LeaderElection44] INFO  server.RaftServer$Division (RaftServerImpl.java:setRole(299)) - 1a566261-beec-4fd1-be7c-d2e6de257968@group-E6C73168D3C7: changes role from CANDIDATE to FOLLOWER at term 2 for REJECTED
2022-10-10 08:40:20,592 [1a566261-beec-4fd1-be7c-d2e6de257968@group-E6C73168D3C7-LeaderElection44] INFO  impl.RoleInfo (RoleInfo.java:shutdownLeaderElection(130)) - 1a566261-beec-4fd1-be7c-d2e6de257968: shutdown 1a566261-beec-4fd1-be7c-d2e6de257968@group-E6C73168D3C7-LeaderElection44
2022-10-10 08:40:20,593 [1a566261-beec-4fd1-be7c-d2e6de257968@group-E6C73168D3C7-LeaderElection44] INFO  impl.RoleInfo (RoleInfo.java:updateAndGet(139)) - 1a566261-beec-4fd1-be7c-d2e6de257968: start 1a566261-beec-4fd1-be7c-d2e6de257968@group-E6C73168D3C7-FollowerState
2022-10-10 08:40:20,824 [Listener at 127.0.0.1/41701] INFO  ozone.MiniOzoneClusterImpl (MiniOzoneClusterImpl.java:lambda$waitForClusterToBeReady$0(216)) - Nodes are ready. Got 5 of 5 DN Heartbeats.
2022-10-10 08:40:20,824 [Listener at 127.0.0.1/41701] INFO  ozone.MiniOzoneClusterImpl (MiniOzoneClusterImpl.java:lambda$waitForClusterToBeReady$0(219)) - Cluster exits safe mode
2022-10-10 08:40:20,825 [Listener at 127.0.0.1/41701] INFO  ozone.MiniOzoneClusterImpl (MiniOzoneClusterImpl.java:lambda$waitForClusterToBeReady$0(221)) - SCM became leader
2022-10-10 08:40:20,917 [Listener at 127.0.0.1/41701] INFO  rpc.RpcClient (RpcClient.java:createVolume(471)) - Creating Volume: volume83680, with user63044 as owner and space quota set to -1 bytes, counts quota set to -1
2022-10-10 08:40:20,951 [OM StateMachine ApplyTransaction Thread - 0] INFO  volume.OMVolumeCreateRequest (OMVolumeCreateRequest.java:validateAndUpdateCache(195)) - created volume:volume83680 for user:user63044
2022-10-10 08:40:20,986 [Listener at 127.0.0.1/41701] INFO  rpc.RpcClient (RpcClient.java:createBucket(674)) - Creating Bucket: volume83680/bucket94599, with bucket layout LEGACY, runner as owner, Versioning false, Storage Type set to DISK and Encryption set to false 
2022-10-10 08:40:20,992 [OM StateMachine ApplyTransaction Thread - 0] INFO  bucket.OMBucketCreateRequest (OMBucketCreateRequest.java:validateAndUpdateCache(260)) - created bucket: bucket94599 of layout LEGACY in volume: volume83680
]]></system-out>
  </testcase>
  <testcase name="testGetTrashRoot" classname="TestOzoneFileSystem" time="48.18">
    <system-out><![CDATA[2022-10-10 08:41:34,586 [Listener at 127.0.0.1/41701] INFO  ozone.MiniOzoneClusterImpl (MiniOzoneClusterImpl.java:shutdown(448)) - Shutting down the Mini Ozone Cluster
2022-10-10 08:41:34,586 [Listener at 127.0.0.1/41701] INFO  ozone.MiniOzoneClusterImpl (MiniOzoneClusterImpl.java:stop(463)) - Stopping the Mini Ozone Cluster
2022-10-10 08:41:34,586 [Listener at 127.0.0.1/41701] INFO  ozone.MiniOzoneClusterImpl (MiniOzoneClusterImpl.java:stopOM(545)) - Stopping the OzoneManager
2022-10-10 08:41:34,586 [Listener at 127.0.0.1/41701] INFO  om.OzoneManager (OzoneManager.java:stop(2036)) - om1[localhost:0]: Stopping Ozone Manager
2022-10-10 08:41:34,586 [Listener at 127.0.0.1/41701] INFO  ipc.Server (Server.java:stop(3414)) - Stopping server on 41701
2022-10-10 08:41:34,608 [IPC Server handler 10 on default port 41701] WARN  ipc.Server (Server.java:processResponse(1717)) - IPC Server handler 10 on default port 41701, call Call#177423 Retry#0 org.apache.hadoop.ozone.om.protocol.OzoneManagerProtocol.submitRequest from 127.0.0.1:44116: output error
2022-10-10 08:41:34,608 [IPC Server handler 10 on default port 41701] INFO  ipc.Server (Server.java:run(2979)) - IPC Server handler 10 on default port 41701 caught an exception
java.nio.channels.ClosedByInterruptException
	at java.nio.channels.spi.AbstractInterruptibleChannel.end(AbstractInterruptibleChannel.java:202)
	at sun.nio.ch.SocketChannelImpl.write(SocketChannelImpl.java:477)
	at org.apache.hadoop.ipc.Server.channelWrite(Server.java:3605)
	at org.apache.hadoop.ipc.Server.access$1700(Server.java:141)
	at org.apache.hadoop.ipc.Server$Responder.processResponse(Server.java:1667)
	at org.apache.hadoop.ipc.Server$Responder.doRespond(Server.java:1737)
	at org.apache.hadoop.ipc.Server$Connection.sendResponse(Server.java:2837)
	at org.apache.hadoop.ipc.Server$Connection.access$300(Server.java:1809)
	at org.apache.hadoop.ipc.Server$RpcCall.doResponse(Server.java:1117)
	at org.apache.hadoop.ipc.Server$Call.doResponse(Server.java:909)
	at org.apache.hadoop.ipc.Server$Call.sendResponse(Server.java:895)
	at org.apache.hadoop.ipc.Server$RpcCall.run(Server.java:1052)
	at org.apache.hadoop.ipc.Server$RpcCall.run(Server.java:963)
	at java.security.AccessController.doPrivileged(Native Method)
	at javax.security.auth.Subject.doAs(Subject.java:422)
	at org.apache.hadoop.security.UserGroupInformation.doAs(UserGroupInformation.java:1878)
	at org.apache.hadoop.ipc.Server$Handler.run(Server.java:2966)
2022-10-10 08:41:34,617 [IPC Server listener on 0] INFO  ipc.Server (Server.java:run(1376)) - Stopping IPC Server listener on 0
2022-10-10 08:41:34,626 [IPC Server Responder] INFO  ipc.Server (Server.java:run(1512)) - Stopping IPC Server Responder
2022-10-10 08:41:34,626 [Listener at 127.0.0.1/41701] INFO  server.RaftServer (RaftServerProxy.java:lambda$close$7(398)) - om1: close
2022-10-10 08:41:34,627 [Listener at 127.0.0.1/41701] INFO  server.RaftServer$Division (RaftServerImpl.java:lambda$close$4(434)) - om1@group-C5BA1605619E: shutdown
2022-10-10 08:41:34,627 [Listener at 127.0.0.1/41701] INFO  util.JmxRegister (JmxRegister.java:unregister(73)) - Successfully un-registered JMX Bean with object name Ratis:service=RaftServer,group=group-C5BA1605619E,id=om1
2022-10-10 08:41:34,627 [Listener at 127.0.0.1/41701] INFO  impl.RoleInfo (RoleInfo.java:shutdownLeaderState(93)) - om1: shutdown om1@group-C5BA1605619E-LeaderStateImpl
2022-10-10 08:41:34,627 [Listener at 127.0.0.1/41701] INFO  impl.PendingRequests (PendingRequests.java:sendNotLeaderResponses(282)) - om1@group-C5BA1605619E-PendingRequests: sendNotLeaderResponses
2022-10-10 08:41:34,657 [Listener at 127.0.0.1/41701] INFO  impl.StateMachineUpdater (StateMachineUpdater.java:stopAndJoin(153)) - om1@group-C5BA1605619E-StateMachineUpdater: set stopIndex = 36984
2022-10-10 08:41:34,660 [om1@group-C5BA1605619E-StateMachineUpdater] INFO  ratis.OzoneManagerStateMachine (OzoneManagerStateMachine.java:takeSnapshot(441)) - Current Snapshot Index (t:1, i:36984)
2022-10-10 08:41:34,660 [om1@group-C5BA1605619E-StateMachineUpdater] INFO  impl.StateMachineUpdater (StateMachineUpdater.java:takeSnapshot(287)) - om1@group-C5BA1605619E-StateMachineUpdater: Took a snapshot at index 36984
2022-10-10 08:41:34,660 [om1@group-C5BA1605619E-StateMachineUpdater] INFO  impl.StateMachineUpdater (StateMachineUpdater.java:lambda$new$0(92)) - om1@group-C5BA1605619E-StateMachineUpdater: snapshotIndex: updateIncreasingly -1 -> 36984
2022-10-10 08:41:34,660 [om1@group-C5BA1605619E-StateMachineUpdater] INFO  ratis.OzoneManagerStateMachine (OzoneManagerStateMachine.java:close(495)) - StateMachine has shutdown. Shutdown OzoneManager if not already shutdown.
2022-10-10 08:41:34,660 [om1@group-C5BA1605619E-StateMachineUpdater] INFO  ratis.OzoneManagerDoubleBuffer (OzoneManagerDoubleBuffer.java:stop(466)) - Stopping OMDoubleBuffer flush thread
2022-10-10 08:41:34,660 [OMDoubleBufferFlushThread] INFO  ratis.OzoneManagerDoubleBuffer (OzoneManagerDoubleBuffer.java:flushTransactions(385)) - OMDoubleBuffer flush thread OMDoubleBufferFlushThread is interrupted and will exit.
2022-10-10 08:41:34,671 [Listener at 127.0.0.1/41701] INFO  server.RaftServer$Division (ServerState.java:close(429)) - om1@group-C5BA1605619E: closes. applyIndex: 36984
2022-10-10 08:41:34,682 [om1@group-C5BA1605619E-SegmentedRaftLogWorker] INFO  segmented.SegmentedRaftLogWorker (SegmentedRaftLogWorker.java:run(336)) - om1@group-C5BA1605619E-SegmentedRaftLogWorker was interrupted, exiting. There are 0 tasks remaining in the queue.
2022-10-10 08:41:34,692 [Listener at 127.0.0.1/41701] INFO  segmented.SegmentedRaftLogWorker (SegmentedRaftLogWorker.java:close(246)) - om1@group-C5BA1605619E-SegmentedRaftLogWorker close()
2022-10-10 08:41:34,694 [Listener at 127.0.0.1/41701] INFO  server.GrpcService (GrpcService.java:closeImpl(269)) - om1: shutdown server with port 9872 now
2022-10-10 08:41:34,695 [Listener at 127.0.0.1/41701] INFO  server.GrpcService (GrpcService.java:closeImpl(278)) - om1: shutdown server with port 9872 successfully
2022-10-10 08:41:34,695 [org.apache.ratis.util.JvmPauseMonitor$$Lambda$636/263158265@629a40b2] INFO  util.JvmPauseMonitor (JvmPauseMonitor.java:run(109)) - JvmPauseMonitor-om1: Stopped
2022-10-10 08:41:34,695 [Listener at 127.0.0.1/41701] INFO  ratis.OzoneManagerStateMachine (OzoneManagerStateMachine.java:close(495)) - StateMachine has shutdown. Shutdown OzoneManager if not already shutdown.
2022-10-10 08:41:34,695 [Listener at 127.0.0.1/41701] INFO  ratis.OzoneManagerDoubleBuffer (OzoneManagerDoubleBuffer.java:stop(478)) - OMDoubleBuffer flush thread is not running.
2022-10-10 08:41:34,695 [Listener at 127.0.0.1/41701] INFO  utils.BackgroundService (BackgroundService.java:shutdown(141)) - Shutting down service KeyDeletingService
2022-10-10 08:41:34,696 [Listener at 127.0.0.1/41701] INFO  utils.BackgroundService (BackgroundService.java:shutdown(141)) - Shutting down service DirectoryDeletingService
2022-10-10 08:41:34,696 [Listener at 127.0.0.1/41701] INFO  utils.BackgroundService (BackgroundService.java:shutdown(141)) - Shutting down service OpenKeyCleanupService
2022-10-10 08:41:34,701 [Listener at 127.0.0.1/41701] INFO  handler.ContextHandler (ContextHandler.java:doStop(1153)) - Stopped o.e.j.w.WebAppContext@78556f0f{ozoneManager,/,null,STOPPED}{file:/home/runner/work/ozone/ozone/hadoop-ozone/integration-test/target/test-classes/webapps/ozoneManager}
2022-10-10 08:41:34,702 [Listener at 127.0.0.1/41701] INFO  server.AbstractConnector (AbstractConnector.java:doStop(381)) - Stopped ServerConnector@6c0d09c3{HTTP/1.1, (http/1.1)}{0.0.0.0:0}
2022-10-10 08:41:34,702 [Listener at 127.0.0.1/41701] INFO  server.session (HouseKeeper.java:stopScavenging(149)) - node0 Stopped scavenging
2022-10-10 08:41:34,702 [Listener at 127.0.0.1/41701] INFO  handler.ContextHandler (ContextHandler.java:doStop(1153)) - Stopped o.e.j.s.ServletContextHandler@77e69bee{static,/static,file:///home/runner/work/ozone/ozone/hadoop-ozone/integration-test/target/test-classes/webapps/static,STOPPED}
2022-10-10 08:41:34,703 [Listener at 127.0.0.1/41701] INFO  handler.ContextHandler (ContextHandler.java:doStop(1153)) - Stopped o.e.j.s.ServletContextHandler@3538740a{logs,/logs,file:///home/runner/work/ozone/ozone/hadoop-ozone/integration-test/target/log,STOPPED}
2022-10-10 08:41:34,725 [Listener at 127.0.0.1/41701] INFO  ozone.MiniOzoneClusterImpl (MiniOzoneClusterImpl.java:stopDatanodes(522)) - Stopping the HddsDatanodes
2022-10-10 08:41:34,744 [Trash Emptier] ERROR om.TrashPolicyOzone (TrashPolicyOzone.java:run(251)) - Error attempting to shutdown
java.lang.InterruptedException
	at java.util.concurrent.locks.AbstractQueuedSynchronizer$ConditionObject.awaitNanos(AbstractQueuedSynchronizer.java:2072)
	at java.util.concurrent.ThreadPoolExecutor.awaitTermination(ThreadPoolExecutor.java:1475)
	at org.apache.hadoop.ozone.om.TrashPolicyOzone$Emptier.run(TrashPolicyOzone.java:249)
	at java.lang.Thread.run(Thread.java:750)
2022-10-10 08:41:34,745 [Trash Emptier] ERROR util.ExitUtils (ExitUtils.java:terminate(133)) - Terminating with exit status -1: Thread[Trash Emptier,5,main] has thrown an uncaught exception
java.lang.UnsupportedOperationException: fs.getUri() not implemented in TrashOzoneFileSystem
	at org.apache.hadoop.ozone.om.TrashOzoneFileSystem.getUri(TrashOzoneFileSystem.java:126)
	at org.apache.hadoop.fs.FileSystem.close(FileSystem.java:2592)
	at org.apache.hadoop.ozone.om.TrashPolicyOzone$Emptier.run(TrashPolicyOzone.java:243)
	at java.lang.Thread.run(Thread.java:750)
2022-10-10 08:41:39,735 [Listener at 127.0.0.1/41701] INFO  ozoneimpl.OzoneContainer (OzoneContainer.java:stop(400)) - Attempting to stop container services.
2022-10-10 08:41:39,738 [Listener at 127.0.0.1/41701] INFO  server.RaftServer (RaftServerProxy.java:lambda$close$7(398)) - df95c109-086c-4fdb-bc2f-e7a3020caa9e: close
2022-10-10 08:41:39,738 [Listener at 127.0.0.1/41701] INFO  server.RaftServer$Division (RaftServerImpl.java:lambda$close$4(434)) - df95c109-086c-4fdb-bc2f-e7a3020caa9e@group-2E1957CF1D95: shutdown
2022-10-10 08:41:39,738 [Listener at 127.0.0.1/41701] INFO  util.JmxRegister (JmxRegister.java:unregister(73)) - Successfully un-registered JMX Bean with object name Ratis:service=RaftServer,group=group-2E1957CF1D95,id=df95c109-086c-4fdb-bc2f-e7a3020caa9e
2022-10-10 08:41:39,738 [Listener at 127.0.0.1/41701] INFO  impl.RoleInfo (RoleInfo.java:shutdownLeaderState(93)) - df95c109-086c-4fdb-bc2f-e7a3020caa9e: shutdown df95c109-086c-4fdb-bc2f-e7a3020caa9e@group-2E1957CF1D95-LeaderStateImpl
2022-10-10 08:41:39,738 [Listener at 127.0.0.1/41701] INFO  impl.PendingRequests (PendingRequests.java:sendNotLeaderResponses(282)) - df95c109-086c-4fdb-bc2f-e7a3020caa9e@group-2E1957CF1D95-PendingRequests: sendNotLeaderResponses
2022-10-10 08:41:39,743 [df95c109-086c-4fdb-bc2f-e7a3020caa9e@group-2E1957CF1D95-StateMachineUpdater] INFO  ratis.ContainerStateMachine (ContainerStateMachine.java:takeSnapshot(304)) - group-2E1957CF1D95: Taking a snapshot at:(t:1, i:0) file /home/runner/work/ozone/ozone/hadoop-ozone/integration-test/target/test-dir/MiniOzoneClusterImpl-ad2c0857-510d-4cdb-92e5-38dbe430bd54/datanode-2/data/ratis/9629276a-c2a6-45e4-a2f3-2e1957cf1d95/sm/snapshot.1_0
2022-10-10 08:41:39,744 [Listener at 127.0.0.1/41701] INFO  impl.StateMachineUpdater (StateMachineUpdater.java:stopAndJoin(153)) - df95c109-086c-4fdb-bc2f-e7a3020caa9e@group-2E1957CF1D95-StateMachineUpdater: set stopIndex = 0
2022-10-10 08:41:39,744 [df95c109-086c-4fdb-bc2f-e7a3020caa9e@group-2E1957CF1D95-StateMachineUpdater] INFO  ratis.ContainerStateMachine (ContainerStateMachine.java:takeSnapshot(315)) - group-2E1957CF1D95: Finished taking a snapshot at:(t:1, i:0) file:/home/runner/work/ozone/ozone/hadoop-ozone/integration-test/target/test-dir/MiniOzoneClusterImpl-ad2c0857-510d-4cdb-92e5-38dbe430bd54/datanode-2/data/ratis/9629276a-c2a6-45e4-a2f3-2e1957cf1d95/sm/snapshot.1_0 took: 1 ms
2022-10-10 08:41:39,745 [df95c109-086c-4fdb-bc2f-e7a3020caa9e@group-2E1957CF1D95-StateMachineUpdater] INFO  impl.StateMachineUpdater (StateMachineUpdater.java:takeSnapshot(287)) - df95c109-086c-4fdb-bc2f-e7a3020caa9e@group-2E1957CF1D95-StateMachineUpdater: Took a snapshot at index 0
2022-10-10 08:41:39,745 [df95c109-086c-4fdb-bc2f-e7a3020caa9e@group-2E1957CF1D95-StateMachineUpdater] INFO  impl.StateMachineUpdater (StateMachineUpdater.java:lambda$new$0(92)) - df95c109-086c-4fdb-bc2f-e7a3020caa9e@group-2E1957CF1D95-StateMachineUpdater: snapshotIndex: updateIncreasingly -1 -> 0
2022-10-10 08:41:39,745 [Listener at 127.0.0.1/41701] INFO  server.RaftServer$Division (ServerState.java:close(429)) - df95c109-086c-4fdb-bc2f-e7a3020caa9e@group-2E1957CF1D95: closes. applyIndex: 0
2022-10-10 08:41:39,747 [ForkJoinPool.commonPool-worker-0] INFO  ozoneimpl.OzoneContainer (OzoneContainer.java:stop(400)) - Attempting to stop container services.
2022-10-10 08:41:39,750 [df95c109-086c-4fdb-bc2f-e7a3020caa9e@group-2E1957CF1D95-SegmentedRaftLogWorker] INFO  segmented.SegmentedRaftLogWorker (SegmentedRaftLogWorker.java:run(336)) - df95c109-086c-4fdb-bc2f-e7a3020caa9e@group-2E1957CF1D95-SegmentedRaftLogWorker was interrupted, exiting. There are 0 tasks remaining in the queue.
2022-10-10 08:41:39,752 [ForkJoinPool.commonPool-worker-0] INFO  server.RaftServer (RaftServerProxy.java:lambda$close$7(398)) - 2505bfdb-a405-42b6-a08f-f2b9b27cb3cf: close
2022-10-10 08:41:39,753 [Listener at 127.0.0.1/41701] INFO  segmented.SegmentedRaftLogWorker (SegmentedRaftLogWorker.java:close(246)) - df95c109-086c-4fdb-bc2f-e7a3020caa9e@group-2E1957CF1D95-SegmentedRaftLogWorker close()
2022-10-10 08:41:39,760 [ForkJoinPool.commonPool-worker-0] INFO  server.RaftServer$Division (RaftServerImpl.java:lambda$close$4(434)) - 2505bfdb-a405-42b6-a08f-f2b9b27cb3cf@group-E6C73168D3C7: shutdown
2022-10-10 08:41:39,761 [ForkJoinPool.commonPool-worker-0] INFO  util.JmxRegister (JmxRegister.java:unregister(73)) - Successfully un-registered JMX Bean with object name Ratis:service=RaftServer,group=group-E6C73168D3C7,id=2505bfdb-a405-42b6-a08f-f2b9b27cb3cf
2022-10-10 08:41:39,761 [ForkJoinPool.commonPool-worker-0] INFO  impl.RoleInfo (RoleInfo.java:shutdownLeaderState(93)) - 2505bfdb-a405-42b6-a08f-f2b9b27cb3cf: shutdown 2505bfdb-a405-42b6-a08f-f2b9b27cb3cf@group-E6C73168D3C7-LeaderStateImpl
2022-10-10 08:41:39,761 [2505bfdb-a405-42b6-a08f-f2b9b27cb3cf@group-E6C73168D3C7->1a566261-beec-4fd1-be7c-d2e6de257968-GrpcLogAppender-LogAppenderDaemon] WARN  server.GrpcLogAppender (GrpcLogAppender.java:mayWait(171)) - 2505bfdb-a405-42b6-a08f-f2b9b27cb3cf@group-E6C73168D3C7->1a566261-beec-4fd1-be7c-d2e6de257968-GrpcLogAppender: Wait interrupted by java.lang.InterruptedException
2022-10-10 08:41:39,761 [ForkJoinPool.commonPool-worker-0] INFO  impl.PendingRequests (PendingRequests.java:sendNotLeaderResponses(282)) - 2505bfdb-a405-42b6-a08f-f2b9b27cb3cf@group-E6C73168D3C7-PendingRequests: sendNotLeaderResponses
2022-10-10 08:41:39,762 [grpc-default-executor-2] INFO  server.GrpcServerProtocolService (GrpcServerProtocolService.java:onCompleted(140)) - 1a566261-beec-4fd1-be7c-d2e6de257968: Completed APPEND_ENTRIES, lastRequest: 2505bfdb-a405-42b6-a08f-f2b9b27cb3cf->1a566261-beec-4fd1-be7c-d2e6de257968#1-t7,previous=(t:0, i:0),leaderCommit=-1,initializing? true,entries: size=1, first=(t:7, i:0), CONFIGURATIONENTRY
2022-10-10 08:41:39,762 [2505bfdb-a405-42b6-a08f-f2b9b27cb3cf@group-E6C73168D3C7->df95c109-086c-4fdb-bc2f-e7a3020caa9e-GrpcLogAppender-LogAppenderDaemon] WARN  server.GrpcLogAppender (GrpcLogAppender.java:mayWait(171)) - 2505bfdb-a405-42b6-a08f-f2b9b27cb3cf@group-E6C73168D3C7->df95c109-086c-4fdb-bc2f-e7a3020caa9e-GrpcLogAppender: Wait interrupted by java.lang.InterruptedException
2022-10-10 08:41:39,762 [grpc-default-executor-1] INFO  server.GrpcServerProtocolService (GrpcServerProtocolService.java:onCompleted(140)) - df95c109-086c-4fdb-bc2f-e7a3020caa9e: Completed APPEND_ENTRIES, lastRequest: 2505bfdb-a405-42b6-a08f-f2b9b27cb3cf->df95c109-086c-4fdb-bc2f-e7a3020caa9e#1-t7,previous=(t:0, i:0),leaderCommit=-1,initializing? true,entries: size=1, first=(t:7, i:0), CONFIGURATIONENTRY
2022-10-10 08:41:39,763 [grpc-default-executor-0] INFO  server.GrpcLogAppender (GrpcLogAppender.java:onCompleted(339)) - 2505bfdb-a405-42b6-a08f-f2b9b27cb3cf@group-E6C73168D3C7->1a566261-beec-4fd1-be7c-d2e6de257968-AppendLogResponseHandler: follower responses appendEntries COMPLETED
2022-10-10 08:41:39,763 [grpc-default-executor-0] INFO  leader.FollowerInfo (FollowerInfoImpl.java:lambda$new$0(48)) - 2505bfdb-a405-42b6-a08f-f2b9b27cb3cf@group-E6C73168D3C7->1a566261-beec-4fd1-be7c-d2e6de257968: nextIndex: updateUnconditionally 1 -> 0
2022-10-10 08:41:39,782 [grpc-default-executor-2] INFO  server.GrpcLogAppender (GrpcLogAppender.java:onCompleted(339)) - 2505bfdb-a405-42b6-a08f-f2b9b27cb3cf@group-E6C73168D3C7->df95c109-086c-4fdb-bc2f-e7a3020caa9e-AppendLogResponseHandler: follower responses appendEntries COMPLETED
2022-10-10 08:41:39,782 [grpc-default-executor-2] INFO  leader.FollowerInfo (FollowerInfoImpl.java:lambda$new$0(48)) - 2505bfdb-a405-42b6-a08f-f2b9b27cb3cf@group-E6C73168D3C7->df95c109-086c-4fdb-bc2f-e7a3020caa9e: nextIndex: updateUnconditionally 1 -> 0
2022-10-10 08:41:39,782 [ForkJoinPool.commonPool-worker-0] INFO  impl.StateMachineUpdater (StateMachineUpdater.java:stopAndJoin(153)) - 2505bfdb-a405-42b6-a08f-f2b9b27cb3cf@group-E6C73168D3C7-StateMachineUpdater: set stopIndex = 0
2022-10-10 08:41:39,784 [Listener at 127.0.0.1/41701] INFO  server.RaftServer$Division (RaftServerImpl.java:lambda$close$4(434)) - df95c109-086c-4fdb-bc2f-e7a3020caa9e@group-E6C73168D3C7: shutdown
2022-10-10 08:41:39,785 [Listener at 127.0.0.1/41701] INFO  util.JmxRegister (JmxRegister.java:unregister(73)) - Successfully un-registered JMX Bean with object name Ratis:service=RaftServer,group=group-E6C73168D3C7,id=df95c109-086c-4fdb-bc2f-e7a3020caa9e
2022-10-10 08:41:39,785 [Listener at 127.0.0.1/41701] INFO  impl.RoleInfo (RoleInfo.java:shutdownFollowerState(110)) - df95c109-086c-4fdb-bc2f-e7a3020caa9e: shutdown df95c109-086c-4fdb-bc2f-e7a3020caa9e@group-E6C73168D3C7-FollowerState
2022-10-10 08:41:39,785 [Listener at 127.0.0.1/41701] INFO  impl.StateMachineUpdater (StateMachineUpdater.java:stopAndJoin(153)) - df95c109-086c-4fdb-bc2f-e7a3020caa9e@group-E6C73168D3C7-StateMachineUpdater: set stopIndex = 0
2022-10-10 08:41:39,785 [2505bfdb-a405-42b6-a08f-f2b9b27cb3cf@group-E6C73168D3C7-StateMachineUpdater] INFO  ratis.ContainerStateMachine (ContainerStateMachine.java:takeSnapshot(304)) - group-E6C73168D3C7: Taking a snapshot at:(t:7, i:0) file /home/runner/work/ozone/ozone/hadoop-ozone/integration-test/target/test-dir/MiniOzoneClusterImpl-ad2c0857-510d-4cdb-92e5-38dbe430bd54/datanode-1/data/ratis/42ce9204-ee81-4a80-841e-e6c73168d3c7/sm/snapshot.7_0
2022-10-10 08:41:39,786 [df95c109-086c-4fdb-bc2f-e7a3020caa9e@group-E6C73168D3C7-StateMachineUpdater] INFO  ratis.ContainerStateMachine (ContainerStateMachine.java:takeSnapshot(304)) - group-E6C73168D3C7: Taking a snapshot at:(t:7, i:0) file /home/runner/work/ozone/ozone/hadoop-ozone/integration-test/target/test-dir/MiniOzoneClusterImpl-ad2c0857-510d-4cdb-92e5-38dbe430bd54/datanode-2/data/ratis/42ce9204-ee81-4a80-841e-e6c73168d3c7/sm/snapshot.7_0
2022-10-10 08:41:39,785 [df95c109-086c-4fdb-bc2f-e7a3020caa9e@group-E6C73168D3C7-FollowerState] INFO  impl.FollowerState (FollowerState.java:run(152)) - df95c109-086c-4fdb-bc2f-e7a3020caa9e@group-E6C73168D3C7-FollowerState was interrupted
2022-10-10 08:41:39,786 [2505bfdb-a405-42b6-a08f-f2b9b27cb3cf@group-E6C73168D3C7-StateMachineUpdater] INFO  ratis.ContainerStateMachine (ContainerStateMachine.java:takeSnapshot(315)) - group-E6C73168D3C7: Finished taking a snapshot at:(t:7, i:0) file:/home/runner/work/ozone/ozone/hadoop-ozone/integration-test/target/test-dir/MiniOzoneClusterImpl-ad2c0857-510d-4cdb-92e5-38dbe430bd54/datanode-1/data/ratis/42ce9204-ee81-4a80-841e-e6c73168d3c7/sm/snapshot.7_0 took: 1 ms
2022-10-10 08:41:39,787 [df95c109-086c-4fdb-bc2f-e7a3020caa9e@group-E6C73168D3C7-StateMachineUpdater] INFO  ratis.ContainerStateMachine (ContainerStateMachine.java:takeSnapshot(315)) - group-E6C73168D3C7: Finished taking a snapshot at:(t:7, i:0) file:/home/runner/work/ozone/ozone/hadoop-ozone/integration-test/target/test-dir/MiniOzoneClusterImpl-ad2c0857-510d-4cdb-92e5-38dbe430bd54/datanode-2/data/ratis/42ce9204-ee81-4a80-841e-e6c73168d3c7/sm/snapshot.7_0 took: 1 ms
2022-10-10 08:41:39,787 [df95c109-086c-4fdb-bc2f-e7a3020caa9e@group-E6C73168D3C7-StateMachineUpdater] INFO  impl.StateMachineUpdater (StateMachineUpdater.java:takeSnapshot(287)) - df95c109-086c-4fdb-bc2f-e7a3020caa9e@group-E6C73168D3C7-StateMachineUpdater: Took a snapshot at index 0
2022-10-10 08:41:39,787 [df95c109-086c-4fdb-bc2f-e7a3020caa9e@group-E6C73168D3C7-StateMachineUpdater] INFO  impl.StateMachineUpdater (StateMachineUpdater.java:lambda$new$0(92)) - df95c109-086c-4fdb-bc2f-e7a3020caa9e@group-E6C73168D3C7-StateMachineUpdater: snapshotIndex: updateIncreasingly -1 -> 0
2022-10-10 08:41:39,787 [2505bfdb-a405-42b6-a08f-f2b9b27cb3cf@group-E6C73168D3C7-StateMachineUpdater] INFO  impl.StateMachineUpdater (StateMachineUpdater.java:takeSnapshot(287)) - 2505bfdb-a405-42b6-a08f-f2b9b27cb3cf@group-E6C73168D3C7-StateMachineUpdater: Took a snapshot at index 0
2022-10-10 08:41:39,787 [2505bfdb-a405-42b6-a08f-f2b9b27cb3cf@group-E6C73168D3C7-StateMachineUpdater] INFO  impl.StateMachineUpdater (StateMachineUpdater.java:lambda$new$0(92)) - 2505bfdb-a405-42b6-a08f-f2b9b27cb3cf@group-E6C73168D3C7-StateMachineUpdater: snapshotIndex: updateIncreasingly -1 -> 0
2022-10-10 08:41:39,788 [Listener at 127.0.0.1/41701] INFO  server.RaftServer$Division (ServerState.java:close(429)) - df95c109-086c-4fdb-bc2f-e7a3020caa9e@group-E6C73168D3C7: closes. applyIndex: 0
2022-10-10 08:41:39,788 [df95c109-086c-4fdb-bc2f-e7a3020caa9e@group-E6C73168D3C7-SegmentedRaftLogWorker] INFO  segmented.SegmentedRaftLogWorker (SegmentedRaftLogWorker.java:run(336)) - df95c109-086c-4fdb-bc2f-e7a3020caa9e@group-E6C73168D3C7-SegmentedRaftLogWorker was interrupted, exiting. There are 0 tasks remaining in the queue.
2022-10-10 08:41:39,788 [ForkJoinPool.commonPool-worker-0] INFO  server.RaftServer$Division (ServerState.java:close(429)) - 2505bfdb-a405-42b6-a08f-f2b9b27cb3cf@group-E6C73168D3C7: closes. applyIndex: 0
2022-10-10 08:41:39,788 [2505bfdb-a405-42b6-a08f-f2b9b27cb3cf@group-E6C73168D3C7-SegmentedRaftLogWorker] INFO  segmented.SegmentedRaftLogWorker (SegmentedRaftLogWorker.java:run(336)) - 2505bfdb-a405-42b6-a08f-f2b9b27cb3cf@group-E6C73168D3C7-SegmentedRaftLogWorker was interrupted, exiting. There are 0 tasks remaining in the queue.
2022-10-10 08:41:39,795 [Listener at 127.0.0.1/41701] INFO  segmented.SegmentedRaftLogWorker (SegmentedRaftLogWorker.java:close(246)) - df95c109-086c-4fdb-bc2f-e7a3020caa9e@group-E6C73168D3C7-SegmentedRaftLogWorker close()
2022-10-10 08:41:39,795 [ForkJoinPool.commonPool-worker-0] INFO  segmented.SegmentedRaftLogWorker (SegmentedRaftLogWorker.java:close(246)) - 2505bfdb-a405-42b6-a08f-f2b9b27cb3cf@group-E6C73168D3C7-SegmentedRaftLogWorker close()
2022-10-10 08:41:39,808 [ForkJoinPool.commonPool-worker-0] INFO  server.RaftServer$Division (RaftServerImpl.java:lambda$close$4(434)) - 2505bfdb-a405-42b6-a08f-f2b9b27cb3cf@group-C242C381B5AC: shutdown
2022-10-10 08:41:39,808 [ForkJoinPool.commonPool-worker-0] INFO  util.JmxRegister (JmxRegister.java:unregister(73)) - Successfully un-registered JMX Bean with object name Ratis:service=RaftServer,group=group-C242C381B5AC,id=2505bfdb-a405-42b6-a08f-f2b9b27cb3cf
2022-10-10 08:41:39,808 [ForkJoinPool.commonPool-worker-0] INFO  impl.RoleInfo (RoleInfo.java:shutdownLeaderState(93)) - 2505bfdb-a405-42b6-a08f-f2b9b27cb3cf: shutdown 2505bfdb-a405-42b6-a08f-f2b9b27cb3cf@group-C242C381B5AC-LeaderStateImpl
2022-10-10 08:41:39,808 [ForkJoinPool.commonPool-worker-0] INFO  impl.PendingRequests (PendingRequests.java:sendNotLeaderResponses(282)) - 2505bfdb-a405-42b6-a08f-f2b9b27cb3cf@group-C242C381B5AC-PendingRequests: sendNotLeaderResponses
2022-10-10 08:41:39,809 [ForkJoinPool.commonPool-worker-0] INFO  impl.StateMachineUpdater (StateMachineUpdater.java:stopAndJoin(153)) - 2505bfdb-a405-42b6-a08f-f2b9b27cb3cf@group-C242C381B5AC-StateMachineUpdater: set stopIndex = 0
2022-10-10 08:41:39,809 [Listener at 127.0.0.1/41701] INFO  server.RaftServer$Division (RaftServerImpl.java:lambda$close$4(434)) - df95c109-086c-4fdb-bc2f-e7a3020caa9e@group-F2032093DD63: shutdown
2022-10-10 08:41:39,809 [Listener at 127.0.0.1/41701] INFO  util.JmxRegister (JmxRegister.java:unregister(73)) - Successfully un-registered JMX Bean with object name Ratis:service=RaftServer,group=group-F2032093DD63,id=df95c109-086c-4fdb-bc2f-e7a3020caa9e
2022-10-10 08:41:39,810 [Listener at 127.0.0.1/41701] INFO  impl.RoleInfo (RoleInfo.java:shutdownLeaderState(93)) - df95c109-086c-4fdb-bc2f-e7a3020caa9e: shutdown df95c109-086c-4fdb-bc2f-e7a3020caa9e@group-F2032093DD63-LeaderStateImpl
2022-10-10 08:41:39,810 [Listener at 127.0.0.1/41701] INFO  impl.PendingRequests (PendingRequests.java:sendNotLeaderResponses(282)) - df95c109-086c-4fdb-bc2f-e7a3020caa9e@group-F2032093DD63-PendingRequests: sendNotLeaderResponses
2022-10-10 08:41:39,810 [df95c109-086c-4fdb-bc2f-e7a3020caa9e@group-F2032093DD63->1a566261-beec-4fd1-be7c-d2e6de257968-GrpcLogAppender-LogAppenderDaemon] WARN  server.GrpcLogAppender (GrpcLogAppender.java:mayWait(171)) - df95c109-086c-4fdb-bc2f-e7a3020caa9e@group-F2032093DD63->1a566261-beec-4fd1-be7c-d2e6de257968-GrpcLogAppender: Wait interrupted by java.lang.InterruptedException
2022-10-10 08:41:39,811 [grpc-default-executor-1] INFO  server.GrpcServerProtocolService (GrpcServerProtocolService.java:onCompleted(140)) - 1a566261-beec-4fd1-be7c-d2e6de257968: Completed APPEND_ENTRIES, lastRequest: df95c109-086c-4fdb-bc2f-e7a3020caa9e->1a566261-beec-4fd1-be7c-d2e6de257968#508-t2,previous=(t:2, i:28),leaderCommit=27,initializing? true,entries: size=1, first=(t:2, i:29), METADATAENTRY(c:27)
2022-10-10 08:41:39,811 [df95c109-086c-4fdb-bc2f-e7a3020caa9e@group-F2032093DD63->2505bfdb-a405-42b6-a08f-f2b9b27cb3cf-GrpcLogAppender-LogAppenderDaemon] WARN  server.GrpcLogAppender (GrpcLogAppender.java:mayWait(171)) - df95c109-086c-4fdb-bc2f-e7a3020caa9e@group-F2032093DD63->2505bfdb-a405-42b6-a08f-f2b9b27cb3cf-GrpcLogAppender: Wait interrupted by java.lang.InterruptedException
2022-10-10 08:41:39,811 [grpc-default-executor-2] INFO  server.GrpcLogAppender (GrpcLogAppender.java:onCompleted(339)) - df95c109-086c-4fdb-bc2f-e7a3020caa9e@group-F2032093DD63->1a566261-beec-4fd1-be7c-d2e6de257968-AppendLogResponseHandler: follower responses appendEntries COMPLETED
2022-10-10 08:41:39,812 [grpc-default-executor-2] INFO  leader.FollowerInfo (FollowerInfoImpl.java:lambda$new$0(48)) - df95c109-086c-4fdb-bc2f-e7a3020caa9e@group-F2032093DD63->1a566261-beec-4fd1-be7c-d2e6de257968: nextIndex: updateUnconditionally 30 -> 29
2022-10-10 08:41:39,812 [grpc-default-executor-1] INFO  server.GrpcServerProtocolService (GrpcServerProtocolService.java:onCompleted(140)) - 2505bfdb-a405-42b6-a08f-f2b9b27cb3cf: Completed APPEND_ENTRIES, lastRequest: df95c109-086c-4fdb-bc2f-e7a3020caa9e->2505bfdb-a405-42b6-a08f-f2b9b27cb3cf#505-t2,previous=(t:2, i:28),leaderCommit=27,initializing? true,entries: size=1, first=(t:2, i:29), METADATAENTRY(c:27)
2022-10-10 08:41:39,812 [grpc-default-executor-2] INFO  server.GrpcLogAppender (GrpcLogAppender.java:onCompleted(339)) - df95c109-086c-4fdb-bc2f-e7a3020caa9e@group-F2032093DD63->2505bfdb-a405-42b6-a08f-f2b9b27cb3cf-AppendLogResponseHandler: follower responses appendEntries COMPLETED
2022-10-10 08:41:39,813 [grpc-default-executor-2] INFO  leader.FollowerInfo (FollowerInfoImpl.java:lambda$new$0(48)) - df95c109-086c-4fdb-bc2f-e7a3020caa9e@group-F2032093DD63->2505bfdb-a405-42b6-a08f-f2b9b27cb3cf: nextIndex: updateUnconditionally 30 -> 29
2022-10-10 08:41:39,817 [2505bfdb-a405-42b6-a08f-f2b9b27cb3cf@group-C242C381B5AC-StateMachineUpdater] INFO  ratis.ContainerStateMachine (ContainerStateMachine.java:takeSnapshot(304)) - group-C242C381B5AC: Taking a snapshot at:(t:1, i:0) file /home/runner/work/ozone/ozone/hadoop-ozone/integration-test/target/test-dir/MiniOzoneClusterImpl-ad2c0857-510d-4cdb-92e5-38dbe430bd54/datanode-1/data/ratis/b9d7afe2-d39f-4842-91a9-c242c381b5ac/sm/snapshot.1_0
2022-10-10 08:41:39,819 [2505bfdb-a405-42b6-a08f-f2b9b27cb3cf@group-C242C381B5AC-StateMachineUpdater] INFO  ratis.ContainerStateMachine (ContainerStateMachine.java:takeSnapshot(315)) - group-C242C381B5AC: Finished taking a snapshot at:(t:1, i:0) file:/home/runner/work/ozone/ozone/hadoop-ozone/integration-test/target/test-dir/MiniOzoneClusterImpl-ad2c0857-510d-4cdb-92e5-38dbe430bd54/datanode-1/data/ratis/b9d7afe2-d39f-4842-91a9-c242c381b5ac/sm/snapshot.1_0 took: 2 ms
2022-10-10 08:41:39,819 [2505bfdb-a405-42b6-a08f-f2b9b27cb3cf@group-C242C381B5AC-StateMachineUpdater] INFO  impl.StateMachineUpdater (StateMachineUpdater.java:takeSnapshot(287)) - 2505bfdb-a405-42b6-a08f-f2b9b27cb3cf@group-C242C381B5AC-StateMachineUpdater: Took a snapshot at index 0
2022-10-10 08:41:39,819 [2505bfdb-a405-42b6-a08f-f2b9b27cb3cf@group-C242C381B5AC-StateMachineUpdater] INFO  impl.StateMachineUpdater (StateMachineUpdater.java:lambda$new$0(92)) - 2505bfdb-a405-42b6-a08f-f2b9b27cb3cf@group-C242C381B5AC-StateMachineUpdater: snapshotIndex: updateIncreasingly -1 -> 0
2022-10-10 08:41:39,821 [ForkJoinPool.commonPool-worker-0] INFO  server.RaftServer$Division (ServerState.java:close(429)) - 2505bfdb-a405-42b6-a08f-f2b9b27cb3cf@group-C242C381B5AC: closes. applyIndex: 0
2022-10-10 08:41:39,821 [2505bfdb-a405-42b6-a08f-f2b9b27cb3cf@group-C242C381B5AC-SegmentedRaftLogWorker] INFO  segmented.SegmentedRaftLogWorker (SegmentedRaftLogWorker.java:run(336)) - 2505bfdb-a405-42b6-a08f-f2b9b27cb3cf@group-C242C381B5AC-SegmentedRaftLogWorker was interrupted, exiting. There are 0 tasks remaining in the queue.
2022-10-10 08:41:39,822 [ForkJoinPool.commonPool-worker-0] INFO  segmented.SegmentedRaftLogWorker (SegmentedRaftLogWorker.java:close(246)) - 2505bfdb-a405-42b6-a08f-f2b9b27cb3cf@group-C242C381B5AC-SegmentedRaftLogWorker close()
2022-10-10 08:41:39,833 [ForkJoinPool.commonPool-worker-0] INFO  server.RaftServer$Division (RaftServerImpl.java:lambda$close$4(434)) - 2505bfdb-a405-42b6-a08f-f2b9b27cb3cf@group-F2032093DD63: shutdown
2022-10-10 08:41:39,833 [ForkJoinPool.commonPool-worker-0] INFO  util.JmxRegister (JmxRegister.java:unregister(73)) - Successfully un-registered JMX Bean with object name Ratis:service=RaftServer,group=group-F2032093DD63,id=2505bfdb-a405-42b6-a08f-f2b9b27cb3cf
2022-10-10 08:41:39,833 [ForkJoinPool.commonPool-worker-0] INFO  impl.RoleInfo (RoleInfo.java:shutdownFollowerState(110)) - 2505bfdb-a405-42b6-a08f-f2b9b27cb3cf: shutdown 2505bfdb-a405-42b6-a08f-f2b9b27cb3cf@group-F2032093DD63-FollowerState
2022-10-10 08:41:39,833 [ForkJoinPool.commonPool-worker-0] INFO  impl.StateMachineUpdater (StateMachineUpdater.java:stopAndJoin(153)) - 2505bfdb-a405-42b6-a08f-f2b9b27cb3cf@group-F2032093DD63-StateMachineUpdater: set stopIndex = 29
2022-10-10 08:41:39,834 [2505bfdb-a405-42b6-a08f-f2b9b27cb3cf@group-F2032093DD63-FollowerState] INFO  impl.FollowerState (FollowerState.java:run(152)) - 2505bfdb-a405-42b6-a08f-f2b9b27cb3cf@group-F2032093DD63-FollowerState was interrupted
2022-10-10 08:41:39,836 [Listener at 127.0.0.1/41701] INFO  impl.StateMachineUpdater (StateMachineUpdater.java:stopAndJoin(153)) - df95c109-086c-4fdb-bc2f-e7a3020caa9e@group-F2032093DD63-StateMachineUpdater: set stopIndex = 29
2022-10-10 08:41:39,837 [df95c109-086c-4fdb-bc2f-e7a3020caa9e@group-F2032093DD63-StateMachineUpdater] INFO  ratis.ContainerStateMachine (ContainerStateMachine.java:takeSnapshot(304)) - group-F2032093DD63: Taking a snapshot at:(t:2, i:29) file /home/runner/work/ozone/ozone/hadoop-ozone/integration-test/target/test-dir/MiniOzoneClusterImpl-ad2c0857-510d-4cdb-92e5-38dbe430bd54/datanode-2/data/ratis/af2dbda5-f9d9-49d0-997d-f2032093dd63/sm/snapshot.2_29
2022-10-10 08:41:39,851 [df95c109-086c-4fdb-bc2f-e7a3020caa9e@group-F2032093DD63-StateMachineUpdater] INFO  ratis.ContainerStateMachine (ContainerStateMachine.java:takeSnapshot(315)) - group-F2032093DD63: Finished taking a snapshot at:(t:2, i:29) file:/home/runner/work/ozone/ozone/hadoop-ozone/integration-test/target/test-dir/MiniOzoneClusterImpl-ad2c0857-510d-4cdb-92e5-38dbe430bd54/datanode-2/data/ratis/af2dbda5-f9d9-49d0-997d-f2032093dd63/sm/snapshot.2_29 took: 14 ms
2022-10-10 08:41:39,856 [df95c109-086c-4fdb-bc2f-e7a3020caa9e@group-F2032093DD63-StateMachineUpdater] INFO  impl.StateMachineUpdater (StateMachineUpdater.java:takeSnapshot(287)) - df95c109-086c-4fdb-bc2f-e7a3020caa9e@group-F2032093DD63-StateMachineUpdater: Took a snapshot at index 29
2022-10-10 08:41:39,856 [df95c109-086c-4fdb-bc2f-e7a3020caa9e@group-F2032093DD63-StateMachineUpdater] INFO  impl.StateMachineUpdater (StateMachineUpdater.java:lambda$new$0(92)) - df95c109-086c-4fdb-bc2f-e7a3020caa9e@group-F2032093DD63-StateMachineUpdater: snapshotIndex: updateIncreasingly -1 -> 29
2022-10-10 08:41:39,858 [Listener at 127.0.0.1/41701] INFO  server.RaftServer$Division (ServerState.java:close(429)) - df95c109-086c-4fdb-bc2f-e7a3020caa9e@group-F2032093DD63: closes. applyIndex: 29
2022-10-10 08:41:39,858 [df95c109-086c-4fdb-bc2f-e7a3020caa9e@group-F2032093DD63-SegmentedRaftLogWorker] INFO  segmented.SegmentedRaftLogWorker (SegmentedRaftLogWorker.java:run(336)) - df95c109-086c-4fdb-bc2f-e7a3020caa9e@group-F2032093DD63-SegmentedRaftLogWorker was interrupted, exiting. There are 0 tasks remaining in the queue.
2022-10-10 08:41:39,859 [Listener at 127.0.0.1/41701] INFO  segmented.SegmentedRaftLogWorker (SegmentedRaftLogWorker.java:close(246)) - df95c109-086c-4fdb-bc2f-e7a3020caa9e@group-F2032093DD63-SegmentedRaftLogWorker close()
2022-10-10 08:41:39,859 [2505bfdb-a405-42b6-a08f-f2b9b27cb3cf@group-F2032093DD63-StateMachineUpdater] INFO  ratis.ContainerStateMachine (ContainerStateMachine.java:takeSnapshot(304)) - group-F2032093DD63: Taking a snapshot at:(t:2, i:29) file /home/runner/work/ozone/ozone/hadoop-ozone/integration-test/target/test-dir/MiniOzoneClusterImpl-ad2c0857-510d-4cdb-92e5-38dbe430bd54/datanode-1/data/ratis/af2dbda5-f9d9-49d0-997d-f2032093dd63/sm/snapshot.2_29
2022-10-10 08:41:39,864 [Listener at 127.0.0.1/41701] INFO  server.GrpcService (GrpcService.java:closeImpl(269)) - df95c109-086c-4fdb-bc2f-e7a3020caa9e: shutdown server with port 37403 now
2022-10-10 08:41:39,877 [2505bfdb-a405-42b6-a08f-f2b9b27cb3cf@group-F2032093DD63-StateMachineUpdater] INFO  ratis.ContainerStateMachine (ContainerStateMachine.java:takeSnapshot(315)) - group-F2032093DD63: Finished taking a snapshot at:(t:2, i:29) file:/home/runner/work/ozone/ozone/hadoop-ozone/integration-test/target/test-dir/MiniOzoneClusterImpl-ad2c0857-510d-4cdb-92e5-38dbe430bd54/datanode-1/data/ratis/af2dbda5-f9d9-49d0-997d-f2032093dd63/sm/snapshot.2_29 took: 18 ms
2022-10-10 08:41:39,877 [2505bfdb-a405-42b6-a08f-f2b9b27cb3cf@group-F2032093DD63-StateMachineUpdater] INFO  impl.StateMachineUpdater (StateMachineUpdater.java:takeSnapshot(287)) - 2505bfdb-a405-42b6-a08f-f2b9b27cb3cf@group-F2032093DD63-StateMachineUpdater: Took a snapshot at index 29
2022-10-10 08:41:39,877 [2505bfdb-a405-42b6-a08f-f2b9b27cb3cf@group-F2032093DD63-StateMachineUpdater] INFO  impl.StateMachineUpdater (StateMachineUpdater.java:lambda$new$0(92)) - 2505bfdb-a405-42b6-a08f-f2b9b27cb3cf@group-F2032093DD63-StateMachineUpdater: snapshotIndex: updateIncreasingly -1 -> 29
2022-10-10 08:41:39,880 [ForkJoinPool.commonPool-worker-0] INFO  server.RaftServer$Division (ServerState.java:close(429)) - 2505bfdb-a405-42b6-a08f-f2b9b27cb3cf@group-F2032093DD63: closes. applyIndex: 29
2022-10-10 08:41:39,880 [2505bfdb-a405-42b6-a08f-f2b9b27cb3cf@group-F2032093DD63-SegmentedRaftLogWorker] INFO  segmented.SegmentedRaftLogWorker (SegmentedRaftLogWorker.java:run(336)) - 2505bfdb-a405-42b6-a08f-f2b9b27cb3cf@group-F2032093DD63-SegmentedRaftLogWorker was interrupted, exiting. There are 0 tasks remaining in the queue.
2022-10-10 08:41:39,881 [ForkJoinPool.commonPool-worker-0] INFO  segmented.SegmentedRaftLogWorker (SegmentedRaftLogWorker.java:close(246)) - 2505bfdb-a405-42b6-a08f-f2b9b27cb3cf@group-F2032093DD63-SegmentedRaftLogWorker close()
2022-10-10 08:41:39,879 [grpc-default-executor-2] WARN  server.GrpcClientProtocolService (LogUtils.java:warn(122)) - 2-UnorderedRequestStreamObserver2: onError: org.apache.ratis.thirdparty.io.grpc.StatusRuntimeException: CANCELLED: client cancelled
2022-10-10 08:41:39,908 [ForkJoinPool.commonPool-worker-0] INFO  server.GrpcService (GrpcService.java:closeImpl(269)) - 2505bfdb-a405-42b6-a08f-f2b9b27cb3cf: shutdown server with port 44113 now
2022-10-10 08:41:39,950 [Listener at 127.0.0.1/41701] INFO  server.GrpcService (GrpcService.java:closeImpl(278)) - df95c109-086c-4fdb-bc2f-e7a3020caa9e: shutdown server with port 37403 successfully
2022-10-10 08:41:39,951 [ForkJoinPool.commonPool-worker-0] INFO  server.GrpcService (GrpcService.java:closeImpl(278)) - 2505bfdb-a405-42b6-a08f-f2b9b27cb3cf: shutdown server with port 44113 successfully
2022-10-10 08:41:39,956 [org.apache.ratis.util.JvmPauseMonitor$$Lambda$636/263158265@1f2c84d1] INFO  util.JvmPauseMonitor (JvmPauseMonitor.java:run(109)) - JvmPauseMonitor-2505bfdb-a405-42b6-a08f-f2b9b27cb3cf: Stopped
2022-10-10 08:41:39,956 [org.apache.ratis.util.JvmPauseMonitor$$Lambda$636/263158265@7646375b] INFO  util.JvmPauseMonitor (JvmPauseMonitor.java:run(109)) - JvmPauseMonitor-df95c109-086c-4fdb-bc2f-e7a3020caa9e: Stopped
2022-10-10 08:41:42,047 [Listener at 127.0.0.1/41701] INFO  utils.BackgroundService (BackgroundService.java:shutdown(141)) - Shutting down service BlockDeletingService
2022-10-10 08:41:42,048 [Listener at 127.0.0.1/41701] INFO  utils.BackgroundService (BackgroundService.java:shutdown(141)) - Shutting down service StaleRecoveringContainerScrubbingService
2022-10-10 08:41:42,086 [ForkJoinPool.commonPool-worker-0] INFO  utils.BackgroundService (BackgroundService.java:shutdown(141)) - Shutting down service BlockDeletingService
2022-10-10 08:41:42,089 [ForkJoinPool.commonPool-worker-0] INFO  utils.BackgroundService (BackgroundService.java:shutdown(141)) - Shutting down service StaleRecoveringContainerScrubbingService
2022-10-10 08:41:45,080 [Listener at 127.0.0.1/41701] INFO  statemachine.DatanodeStateMachine (DatanodeStateMachine.java:stopDaemon(580)) - Ozone container server stopped.
2022-10-10 08:41:45,097 [Listener at 127.0.0.1/41701] INFO  handler.ContextHandler (ContextHandler.java:doStop(1153)) - Stopped o.e.j.w.WebAppContext@3c3e8191{hddsDatanode,/,null,STOPPED}{jar:file:/home/runner/.m2/repository/org/apache/ozone/hdds-container-service/1.3.0-SNAPSHOT/hdds-container-service-1.3.0-SNAPSHOT.jar!/webapps/hddsDatanode}
2022-10-10 08:41:45,098 [Listener at 127.0.0.1/41701] INFO  server.AbstractConnector (AbstractConnector.java:doStop(381)) - Stopped ServerConnector@6e993864{HTTP/1.1, (http/1.1)}{0.0.0.0:0}
2022-10-10 08:41:45,098 [Listener at 127.0.0.1/41701] INFO  server.session (HouseKeeper.java:stopScavenging(149)) - node0 Stopped scavenging
2022-10-10 08:41:45,099 [Listener at 127.0.0.1/41701] INFO  handler.ContextHandler (ContextHandler.java:doStop(1153)) - Stopped o.e.j.s.ServletContextHandler@4f4e6a99{static,/static,jar:file:/home/runner/.m2/repository/org/apache/ozone/hdds-container-service/1.3.0-SNAPSHOT/hdds-container-service-1.3.0-SNAPSHOT.jar!/webapps/static,STOPPED}
2022-10-10 08:41:45,099 [Listener at 127.0.0.1/41701] INFO  handler.ContextHandler (ContextHandler.java:doStop(1153)) - Stopped o.e.j.s.ServletContextHandler@6b1f930b{logs,/logs,file:///home/runner/work/ozone/ozone/hadoop-ozone/integration-test/target/log,STOPPED}
2022-10-10 08:41:45,107 [ForkJoinPool.commonPool-worker-0] INFO  statemachine.DatanodeStateMachine (DatanodeStateMachine.java:stopDaemon(580)) - Ozone container server stopped.
2022-10-10 08:41:45,158 [ForkJoinPool.commonPool-worker-0] INFO  handler.ContextHandler (ContextHandler.java:doStop(1153)) - Stopped o.e.j.w.WebAppContext@7c6ff21b{hddsDatanode,/,null,STOPPED}{jar:file:/home/runner/.m2/repository/org/apache/ozone/hdds-container-service/1.3.0-SNAPSHOT/hdds-container-service-1.3.0-SNAPSHOT.jar!/webapps/hddsDatanode}
2022-10-10 08:41:45,159 [ForkJoinPool.commonPool-worker-0] INFO  server.AbstractConnector (AbstractConnector.java:doStop(381)) - Stopped ServerConnector@3974234e{HTTP/1.1, (http/1.1)}{0.0.0.0:0}
2022-10-10 08:41:45,159 [ForkJoinPool.commonPool-worker-0] INFO  server.session (HouseKeeper.java:stopScavenging(149)) - node0 Stopped scavenging
2022-10-10 08:41:45,168 [ForkJoinPool.commonPool-worker-0] INFO  handler.ContextHandler (ContextHandler.java:doStop(1153)) - Stopped o.e.j.s.ServletContextHandler@2a43fb15{static,/static,jar:file:/home/runner/.m2/repository/org/apache/ozone/hdds-container-service/1.3.0-SNAPSHOT/hdds-container-service-1.3.0-SNAPSHOT.jar!/webapps/static,STOPPED}
2022-10-10 08:41:45,186 [ForkJoinPool.commonPool-worker-0] INFO  handler.ContextHandler (ContextHandler.java:doStop(1153)) - Stopped o.e.j.s.ServletContextHandler@5860fa7e{logs,/logs,file:///home/runner/work/ozone/ozone/hadoop-ozone/integration-test/target/log,STOPPED}
2022-10-10 08:41:46,892 [1a566261-beec-4fd1-be7c-d2e6de257968@group-F2032093DD63-FollowerState] INFO  impl.FollowerState (FollowerState.java:run(143)) - 1a566261-beec-4fd1-be7c-d2e6de257968@group-F2032093DD63-FollowerState: change to CANDIDATE, lastRpcElapsedTime:7283957480ns, electionTimeout:5065ms
2022-10-10 08:41:46,892 [1a566261-beec-4fd1-be7c-d2e6de257968@group-F2032093DD63-FollowerState] INFO  impl.RoleInfo (RoleInfo.java:shutdownFollowerState(110)) - 1a566261-beec-4fd1-be7c-d2e6de257968: shutdown 1a566261-beec-4fd1-be7c-d2e6de257968@group-F2032093DD63-FollowerState
2022-10-10 08:41:46,892 [1a566261-beec-4fd1-be7c-d2e6de257968@group-F2032093DD63-FollowerState] INFO  server.RaftServer$Division (RaftServerImpl.java:setRole(299)) - 1a566261-beec-4fd1-be7c-d2e6de257968@group-F2032093DD63: changes role from  FOLLOWER to CANDIDATE at term 2 for changeToCandidate
2022-10-10 08:41:46,892 [1a566261-beec-4fd1-be7c-d2e6de257968@group-F2032093DD63-FollowerState] INFO  server.RaftServerConfigKeys (ConfUtils.java:logGet(46)) - raft.server.leaderelection.pre-vote = false (custom)
2022-10-10 08:41:46,892 [1a566261-beec-4fd1-be7c-d2e6de257968@group-F2032093DD63-FollowerState] INFO  impl.RoleInfo (RoleInfo.java:updateAndGet(139)) - 1a566261-beec-4fd1-be7c-d2e6de257968: start 1a566261-beec-4fd1-be7c-d2e6de257968@group-F2032093DD63-LeaderElection55
2022-10-10 08:41:46,927 [1a566261-beec-4fd1-be7c-d2e6de257968@group-F2032093DD63-LeaderElection55] INFO  server.RaftServer$Division (ServerState.java:setLeader(287)) - 1a566261-beec-4fd1-be7c-d2e6de257968@group-F2032093DD63: change Leader from df95c109-086c-4fdb-bc2f-e7a3020caa9e to null at term 2 for ELECTION
2022-10-10 08:41:46,933 [1a566261-beec-4fd1-be7c-d2e6de257968@group-F2032093DD63-LeaderElection55] INFO  impl.LeaderElection (LeaderElection.java:askForVotes(310)) - 1a566261-beec-4fd1-be7c-d2e6de257968@group-F2032093DD63-LeaderElection55 ELECTION round 0: submit vote requests at term 3 for 0: [df95c109-086c-4fdb-bc2f-e7a3020caa9e|rpc:10.1.0.114:37403|dataStream:|priority:1, 2505bfdb-a405-42b6-a08f-f2b9b27cb3cf|rpc:10.1.0.114:44113|dataStream:|priority:0, 1a566261-beec-4fd1-be7c-d2e6de257968|rpc:10.1.0.114:43815|dataStream:|priority:0], old=null
2022-10-10 08:41:46,956 [1a566261-beec-4fd1-be7c-d2e6de257968@group-F2032093DD63-LeaderElection55] INFO  impl.LeaderElection (LogUtils.java:infoOrTrace(137)) - 1a566261-beec-4fd1-be7c-d2e6de257968@group-F2032093DD63-LeaderElection55 got exception when requesting votes: java.util.concurrent.ExecutionException: org.apache.ratis.thirdparty.io.grpc.StatusRuntimeException: UNAVAILABLE: io exception
2022-10-10 08:41:46,991 [1a566261-beec-4fd1-be7c-d2e6de257968@group-F2032093DD63-LeaderElection55] INFO  impl.LeaderElection (LogUtils.java:infoOrTrace(137)) - 1a566261-beec-4fd1-be7c-d2e6de257968@group-F2032093DD63-LeaderElection55 got exception when requesting votes: java.util.concurrent.ExecutionException: org.apache.ratis.thirdparty.io.grpc.StatusRuntimeException: UNAVAILABLE: io exception
2022-10-10 08:41:46,992 [1a566261-beec-4fd1-be7c-d2e6de257968@group-F2032093DD63-LeaderElection55] INFO  impl.LeaderElection (LeaderElection.java:logAndReturn(90)) - 1a566261-beec-4fd1-be7c-d2e6de257968@group-F2032093DD63-LeaderElection55: ELECTION REJECTED received 0 response(s) and 2 exception(s):
2022-10-10 08:41:46,992 [1a566261-beec-4fd1-be7c-d2e6de257968@group-F2032093DD63-LeaderElection55] INFO  impl.LeaderElection (LogUtils.java:infoOrTrace(137)) -   Exception 0: java.util.concurrent.ExecutionException: org.apache.ratis.thirdparty.io.grpc.StatusRuntimeException: UNAVAILABLE: io exception
2022-10-10 08:41:46,992 [1a566261-beec-4fd1-be7c-d2e6de257968@group-F2032093DD63-LeaderElection55] INFO  impl.LeaderElection (LogUtils.java:infoOrTrace(137)) -   Exception 1: java.util.concurrent.ExecutionException: org.apache.ratis.thirdparty.io.grpc.StatusRuntimeException: UNAVAILABLE: io exception
2022-10-10 08:41:46,992 [1a566261-beec-4fd1-be7c-d2e6de257968@group-F2032093DD63-LeaderElection55] INFO  impl.LeaderElection (LeaderElection.java:askForVotes(312)) - 1a566261-beec-4fd1-be7c-d2e6de257968@group-F2032093DD63-LeaderElection55 ELECTION round 0: result REJECTED
2022-10-10 08:41:46,992 [1a566261-beec-4fd1-be7c-d2e6de257968@group-F2032093DD63-LeaderElection55] INFO  server.RaftServer$Division (RaftServerImpl.java:setRole(299)) - 1a566261-beec-4fd1-be7c-d2e6de257968@group-F2032093DD63: changes role from CANDIDATE to FOLLOWER at term 3 for REJECTED
2022-10-10 08:41:46,992 [1a566261-beec-4fd1-be7c-d2e6de257968@group-F2032093DD63-LeaderElection55] INFO  impl.RoleInfo (RoleInfo.java:shutdownLeaderElection(130)) - 1a566261-beec-4fd1-be7c-d2e6de257968: shutdown 1a566261-beec-4fd1-be7c-d2e6de257968@group-F2032093DD63-LeaderElection55
2022-10-10 08:41:46,992 [1a566261-beec-4fd1-be7c-d2e6de257968@group-F2032093DD63-LeaderElection55] INFO  impl.RoleInfo (RoleInfo.java:updateAndGet(139)) - 1a566261-beec-4fd1-be7c-d2e6de257968: start 1a566261-beec-4fd1-be7c-d2e6de257968@group-F2032093DD63-FollowerState
2022-10-10 08:41:47,547 [1a566261-beec-4fd1-be7c-d2e6de257968@group-E6C73168D3C7-FollowerState] INFO  impl.FollowerState (FollowerState.java:run(143)) - 1a566261-beec-4fd1-be7c-d2e6de257968@group-E6C73168D3C7-FollowerState: change to CANDIDATE, lastRpcElapsedTime:8005289859ns, electionTimeout:5049ms
2022-10-10 08:41:47,547 [1a566261-beec-4fd1-be7c-d2e6de257968@group-E6C73168D3C7-FollowerState] INFO  impl.RoleInfo (RoleInfo.java:shutdownFollowerState(110)) - 1a566261-beec-4fd1-be7c-d2e6de257968: shutdown 1a566261-beec-4fd1-be7c-d2e6de257968@group-E6C73168D3C7-FollowerState
2022-10-10 08:41:47,547 [1a566261-beec-4fd1-be7c-d2e6de257968@group-E6C73168D3C7-FollowerState] INFO  server.RaftServer$Division (RaftServerImpl.java:setRole(299)) - 1a566261-beec-4fd1-be7c-d2e6de257968@group-E6C73168D3C7: changes role from  FOLLOWER to CANDIDATE at term 7 for changeToCandidate
2022-10-10 08:41:47,547 [1a566261-beec-4fd1-be7c-d2e6de257968@group-E6C73168D3C7-FollowerState] INFO  server.RaftServerConfigKeys (ConfUtils.java:logGet(46)) - raft.server.leaderelection.pre-vote = false (custom)
2022-10-10 08:41:47,547 [1a566261-beec-4fd1-be7c-d2e6de257968@group-E6C73168D3C7-FollowerState] INFO  impl.RoleInfo (RoleInfo.java:updateAndGet(139)) - 1a566261-beec-4fd1-be7c-d2e6de257968: start 1a566261-beec-4fd1-be7c-d2e6de257968@group-E6C73168D3C7-LeaderElection56
2022-10-10 08:41:47,564 [1a566261-beec-4fd1-be7c-d2e6de257968@group-E6C73168D3C7-LeaderElection56] INFO  server.RaftServer$Division (ServerState.java:setLeader(287)) - 1a566261-beec-4fd1-be7c-d2e6de257968@group-E6C73168D3C7: change Leader from 2505bfdb-a405-42b6-a08f-f2b9b27cb3cf to null at term 7 for ELECTION
2022-10-10 08:41:47,565 [1a566261-beec-4fd1-be7c-d2e6de257968@group-E6C73168D3C7-LeaderElection56] INFO  impl.LeaderElection (LeaderElection.java:askForVotes(310)) - 1a566261-beec-4fd1-be7c-d2e6de257968@group-E6C73168D3C7-LeaderElection56 ELECTION round 0: submit vote requests at term 8 for 0: [df95c109-086c-4fdb-bc2f-e7a3020caa9e|rpc:10.1.0.114:37403|dataStream:|priority:0, 2505bfdb-a405-42b6-a08f-f2b9b27cb3cf|rpc:10.1.0.114:44113|dataStream:|priority:1, 1a566261-beec-4fd1-be7c-d2e6de257968|rpc:10.1.0.114:43815|dataStream:|priority:0], old=null
2022-10-10 08:41:47,567 [1a566261-beec-4fd1-be7c-d2e6de257968@group-E6C73168D3C7-LeaderElection56] INFO  impl.LeaderElection (LogUtils.java:infoOrTrace(137)) - 1a566261-beec-4fd1-be7c-d2e6de257968@group-E6C73168D3C7-LeaderElection56 got exception when requesting votes: java.util.concurrent.ExecutionException: org.apache.ratis.thirdparty.io.grpc.StatusRuntimeException: UNAVAILABLE: io exception
2022-10-10 08:41:47,567 [1a566261-beec-4fd1-be7c-d2e6de257968@group-E6C73168D3C7-LeaderElection56] INFO  impl.LeaderElection (LogUtils.java:infoOrTrace(137)) - 1a566261-beec-4fd1-be7c-d2e6de257968@group-E6C73168D3C7-LeaderElection56 got exception when requesting votes: java.util.concurrent.ExecutionException: org.apache.ratis.thirdparty.io.grpc.StatusRuntimeException: UNAVAILABLE: io exception
2022-10-10 08:41:47,567 [1a566261-beec-4fd1-be7c-d2e6de257968@group-E6C73168D3C7-LeaderElection56] INFO  impl.LeaderElection (LeaderElection.java:logAndReturn(90)) - 1a566261-beec-4fd1-be7c-d2e6de257968@group-E6C73168D3C7-LeaderElection56: ELECTION REJECTED received 0 response(s) and 2 exception(s):
2022-10-10 08:41:47,567 [1a566261-beec-4fd1-be7c-d2e6de257968@group-E6C73168D3C7-LeaderElection56] INFO  impl.LeaderElection (LogUtils.java:infoOrTrace(137)) -   Exception 0: java.util.concurrent.ExecutionException: org.apache.ratis.thirdparty.io.grpc.StatusRuntimeException: UNAVAILABLE: io exception
2022-10-10 08:41:47,567 [1a566261-beec-4fd1-be7c-d2e6de257968@group-E6C73168D3C7-LeaderElection56] INFO  impl.LeaderElection (LogUtils.java:infoOrTrace(137)) -   Exception 1: java.util.concurrent.ExecutionException: org.apache.ratis.thirdparty.io.grpc.StatusRuntimeException: UNAVAILABLE: io exception
2022-10-10 08:41:47,567 [1a566261-beec-4fd1-be7c-d2e6de257968@group-E6C73168D3C7-LeaderElection56] INFO  impl.LeaderElection (LeaderElection.java:askForVotes(312)) - 1a566261-beec-4fd1-be7c-d2e6de257968@group-E6C73168D3C7-LeaderElection56 ELECTION round 0: result REJECTED
2022-10-10 08:41:47,567 [1a566261-beec-4fd1-be7c-d2e6de257968@group-E6C73168D3C7-LeaderElection56] INFO  server.RaftServer$Division (RaftServerImpl.java:setRole(299)) - 1a566261-beec-4fd1-be7c-d2e6de257968@group-E6C73168D3C7: changes role from CANDIDATE to FOLLOWER at term 8 for REJECTED
2022-10-10 08:41:47,567 [1a566261-beec-4fd1-be7c-d2e6de257968@group-E6C73168D3C7-LeaderElection56] INFO  impl.RoleInfo (RoleInfo.java:shutdownLeaderElection(130)) - 1a566261-beec-4fd1-be7c-d2e6de257968: shutdown 1a566261-beec-4fd1-be7c-d2e6de257968@group-E6C73168D3C7-LeaderElection56
2022-10-10 08:41:47,567 [1a566261-beec-4fd1-be7c-d2e6de257968@group-E6C73168D3C7-LeaderElection56] INFO  impl.RoleInfo (RoleInfo.java:updateAndGet(139)) - 1a566261-beec-4fd1-be7c-d2e6de257968: start 1a566261-beec-4fd1-be7c-d2e6de257968@group-E6C73168D3C7-FollowerState
2022-10-10 08:41:50,103 [Listener at 127.0.0.1/41701] INFO  ozoneimpl.OzoneContainer (OzoneContainer.java:stop(400)) - Attempting to stop container services.
2022-10-10 08:41:50,104 [Listener at 127.0.0.1/41701] INFO  server.RaftServer (RaftServerProxy.java:lambda$close$7(398)) - 39b99856-47eb-4bdf-8e72-0168dfb4cb59: close
2022-10-10 08:41:50,104 [Listener at 127.0.0.1/41701] INFO  server.RaftServer$Division (RaftServerImpl.java:lambda$close$4(434)) - 39b99856-47eb-4bdf-8e72-0168dfb4cb59@group-A8DF12D73485: shutdown
2022-10-10 08:41:50,105 [Listener at 127.0.0.1/41701] INFO  util.JmxRegister (JmxRegister.java:unregister(73)) - Successfully un-registered JMX Bean with object name Ratis:service=RaftServer,group=group-A8DF12D73485,id=39b99856-47eb-4bdf-8e72-0168dfb4cb59
2022-10-10 08:41:50,105 [Listener at 127.0.0.1/41701] INFO  impl.RoleInfo (RoleInfo.java:shutdownLeaderState(93)) - 39b99856-47eb-4bdf-8e72-0168dfb4cb59: shutdown 39b99856-47eb-4bdf-8e72-0168dfb4cb59@group-A8DF12D73485-LeaderStateImpl
2022-10-10 08:41:50,105 [Listener at 127.0.0.1/41701] INFO  impl.PendingRequests (PendingRequests.java:sendNotLeaderResponses(282)) - 39b99856-47eb-4bdf-8e72-0168dfb4cb59@group-A8DF12D73485-PendingRequests: sendNotLeaderResponses
2022-10-10 08:41:50,106 [Listener at 127.0.0.1/41701] INFO  impl.StateMachineUpdater (StateMachineUpdater.java:stopAndJoin(153)) - 39b99856-47eb-4bdf-8e72-0168dfb4cb59@group-A8DF12D73485-StateMachineUpdater: set stopIndex = 0
2022-10-10 08:41:50,106 [39b99856-47eb-4bdf-8e72-0168dfb4cb59@group-A8DF12D73485-StateMachineUpdater] INFO  ratis.ContainerStateMachine (ContainerStateMachine.java:takeSnapshot(304)) - group-A8DF12D73485: Taking a snapshot at:(t:1, i:0) file /home/runner/work/ozone/ozone/hadoop-ozone/integration-test/target/test-dir/MiniOzoneClusterImpl-ad2c0857-510d-4cdb-92e5-38dbe430bd54/datanode-4/data/ratis/e8d6eaad-213a-4357-87d5-a8df12d73485/sm/snapshot.1_0
2022-10-10 08:41:50,107 [39b99856-47eb-4bdf-8e72-0168dfb4cb59@group-A8DF12D73485-StateMachineUpdater] INFO  ratis.ContainerStateMachine (ContainerStateMachine.java:takeSnapshot(315)) - group-A8DF12D73485: Finished taking a snapshot at:(t:1, i:0) file:/home/runner/work/ozone/ozone/hadoop-ozone/integration-test/target/test-dir/MiniOzoneClusterImpl-ad2c0857-510d-4cdb-92e5-38dbe430bd54/datanode-4/data/ratis/e8d6eaad-213a-4357-87d5-a8df12d73485/sm/snapshot.1_0 took: 1 ms
2022-10-10 08:41:50,108 [39b99856-47eb-4bdf-8e72-0168dfb4cb59@group-A8DF12D73485-StateMachineUpdater] INFO  impl.StateMachineUpdater (StateMachineUpdater.java:takeSnapshot(287)) - 39b99856-47eb-4bdf-8e72-0168dfb4cb59@group-A8DF12D73485-StateMachineUpdater: Took a snapshot at index 0
2022-10-10 08:41:50,108 [39b99856-47eb-4bdf-8e72-0168dfb4cb59@group-A8DF12D73485-StateMachineUpdater] INFO  impl.StateMachineUpdater (StateMachineUpdater.java:lambda$new$0(92)) - 39b99856-47eb-4bdf-8e72-0168dfb4cb59@group-A8DF12D73485-StateMachineUpdater: snapshotIndex: updateIncreasingly -1 -> 0
2022-10-10 08:41:50,108 [Listener at 127.0.0.1/41701] INFO  server.RaftServer$Division (ServerState.java:close(429)) - 39b99856-47eb-4bdf-8e72-0168dfb4cb59@group-A8DF12D73485: closes. applyIndex: 0
2022-10-10 08:41:50,109 [39b99856-47eb-4bdf-8e72-0168dfb4cb59@group-A8DF12D73485-SegmentedRaftLogWorker] INFO  segmented.SegmentedRaftLogWorker (SegmentedRaftLogWorker.java:run(336)) - 39b99856-47eb-4bdf-8e72-0168dfb4cb59@group-A8DF12D73485-SegmentedRaftLogWorker was interrupted, exiting. There are 0 tasks remaining in the queue.
2022-10-10 08:41:50,109 [Listener at 127.0.0.1/41701] INFO  segmented.SegmentedRaftLogWorker (SegmentedRaftLogWorker.java:close(246)) - 39b99856-47eb-4bdf-8e72-0168dfb4cb59@group-A8DF12D73485-SegmentedRaftLogWorker close()
2022-10-10 08:41:50,124 [Listener at 127.0.0.1/41701] INFO  server.GrpcService (GrpcService.java:closeImpl(269)) - 39b99856-47eb-4bdf-8e72-0168dfb4cb59: shutdown server with port 46623 now
2022-10-10 08:41:50,135 [Listener at 127.0.0.1/41701] INFO  server.GrpcService (GrpcService.java:closeImpl(278)) - 39b99856-47eb-4bdf-8e72-0168dfb4cb59: shutdown server with port 46623 successfully
2022-10-10 08:41:50,143 [org.apache.ratis.util.JvmPauseMonitor$$Lambda$636/263158265@3ab44946] INFO  util.JvmPauseMonitor (JvmPauseMonitor.java:run(109)) - JvmPauseMonitor-39b99856-47eb-4bdf-8e72-0168dfb4cb59: Stopped
2022-10-10 08:41:50,193 [ForkJoinPool.commonPool-worker-0] INFO  ozoneimpl.OzoneContainer (OzoneContainer.java:stop(400)) - Attempting to stop container services.
2022-10-10 08:41:50,194 [ForkJoinPool.commonPool-worker-0] INFO  server.RaftServer (RaftServerProxy.java:lambda$close$7(398)) - 1a566261-beec-4fd1-be7c-d2e6de257968: close
2022-10-10 08:41:50,194 [ForkJoinPool.commonPool-worker-0] INFO  server.RaftServer$Division (RaftServerImpl.java:lambda$close$4(434)) - 1a566261-beec-4fd1-be7c-d2e6de257968@group-B760336828A7: shutdown
2022-10-10 08:41:50,194 [ForkJoinPool.commonPool-worker-0] INFO  util.JmxRegister (JmxRegister.java:unregister(73)) - Successfully un-registered JMX Bean with object name Ratis:service=RaftServer,group=group-B760336828A7,id=1a566261-beec-4fd1-be7c-d2e6de257968
2022-10-10 08:41:50,195 [ForkJoinPool.commonPool-worker-0] INFO  impl.RoleInfo (RoleInfo.java:shutdownLeaderState(93)) - 1a566261-beec-4fd1-be7c-d2e6de257968: shutdown 1a566261-beec-4fd1-be7c-d2e6de257968@group-B760336828A7-LeaderStateImpl
2022-10-10 08:41:50,195 [ForkJoinPool.commonPool-worker-0] INFO  impl.PendingRequests (PendingRequests.java:sendNotLeaderResponses(282)) - 1a566261-beec-4fd1-be7c-d2e6de257968@group-B760336828A7-PendingRequests: sendNotLeaderResponses
2022-10-10 08:41:50,195 [ForkJoinPool.commonPool-worker-0] INFO  impl.StateMachineUpdater (StateMachineUpdater.java:stopAndJoin(153)) - 1a566261-beec-4fd1-be7c-d2e6de257968@group-B760336828A7-StateMachineUpdater: set stopIndex = 0
2022-10-10 08:41:50,196 [1a566261-beec-4fd1-be7c-d2e6de257968@group-B760336828A7-StateMachineUpdater] INFO  ratis.ContainerStateMachine (ContainerStateMachine.java:takeSnapshot(304)) - group-B760336828A7: Taking a snapshot at:(t:1, i:0) file /home/runner/work/ozone/ozone/hadoop-ozone/integration-test/target/test-dir/MiniOzoneClusterImpl-ad2c0857-510d-4cdb-92e5-38dbe430bd54/datanode-0/data/ratis/5b397a12-737a-4188-ba0a-b760336828a7/sm/snapshot.1_0
2022-10-10 08:41:50,197 [1a566261-beec-4fd1-be7c-d2e6de257968@group-B760336828A7-StateMachineUpdater] INFO  ratis.ContainerStateMachine (ContainerStateMachine.java:takeSnapshot(315)) - group-B760336828A7: Finished taking a snapshot at:(t:1, i:0) file:/home/runner/work/ozone/ozone/hadoop-ozone/integration-test/target/test-dir/MiniOzoneClusterImpl-ad2c0857-510d-4cdb-92e5-38dbe430bd54/datanode-0/data/ratis/5b397a12-737a-4188-ba0a-b760336828a7/sm/snapshot.1_0 took: 1 ms
2022-10-10 08:41:50,197 [1a566261-beec-4fd1-be7c-d2e6de257968@group-B760336828A7-StateMachineUpdater] INFO  impl.StateMachineUpdater (StateMachineUpdater.java:takeSnapshot(287)) - 1a566261-beec-4fd1-be7c-d2e6de257968@group-B760336828A7-StateMachineUpdater: Took a snapshot at index 0
2022-10-10 08:41:50,197 [1a566261-beec-4fd1-be7c-d2e6de257968@group-B760336828A7-StateMachineUpdater] INFO  impl.StateMachineUpdater (StateMachineUpdater.java:lambda$new$0(92)) - 1a566261-beec-4fd1-be7c-d2e6de257968@group-B760336828A7-StateMachineUpdater: snapshotIndex: updateIncreasingly -1 -> 0
2022-10-10 08:41:50,197 [ForkJoinPool.commonPool-worker-0] INFO  server.RaftServer$Division (ServerState.java:close(429)) - 1a566261-beec-4fd1-be7c-d2e6de257968@group-B760336828A7: closes. applyIndex: 0
2022-10-10 08:41:50,200 [1a566261-beec-4fd1-be7c-d2e6de257968@group-B760336828A7-SegmentedRaftLogWorker] INFO  segmented.SegmentedRaftLogWorker (SegmentedRaftLogWorker.java:run(336)) - 1a566261-beec-4fd1-be7c-d2e6de257968@group-B760336828A7-SegmentedRaftLogWorker was interrupted, exiting. There are 0 tasks remaining in the queue.
2022-10-10 08:41:50,200 [ForkJoinPool.commonPool-worker-0] INFO  segmented.SegmentedRaftLogWorker (SegmentedRaftLogWorker.java:close(246)) - 1a566261-beec-4fd1-be7c-d2e6de257968@group-B760336828A7-SegmentedRaftLogWorker close()
2022-10-10 08:41:50,204 [ForkJoinPool.commonPool-worker-0] INFO  server.RaftServer$Division (RaftServerImpl.java:lambda$close$4(434)) - 1a566261-beec-4fd1-be7c-d2e6de257968@group-E6C73168D3C7: shutdown
2022-10-10 08:41:50,204 [ForkJoinPool.commonPool-worker-0] INFO  util.JmxRegister (JmxRegister.java:unregister(73)) - Successfully un-registered JMX Bean with object name Ratis:service=RaftServer,group=group-E6C73168D3C7,id=1a566261-beec-4fd1-be7c-d2e6de257968
2022-10-10 08:41:50,204 [ForkJoinPool.commonPool-worker-0] INFO  impl.RoleInfo (RoleInfo.java:shutdownFollowerState(110)) - 1a566261-beec-4fd1-be7c-d2e6de257968: shutdown 1a566261-beec-4fd1-be7c-d2e6de257968@group-E6C73168D3C7-FollowerState
2022-10-10 08:41:50,204 [ForkJoinPool.commonPool-worker-0] INFO  impl.StateMachineUpdater (StateMachineUpdater.java:stopAndJoin(153)) - 1a566261-beec-4fd1-be7c-d2e6de257968@group-E6C73168D3C7-StateMachineUpdater: set stopIndex = 0
2022-10-10 08:41:50,204 [1a566261-beec-4fd1-be7c-d2e6de257968@group-E6C73168D3C7-FollowerState] INFO  impl.FollowerState (FollowerState.java:run(152)) - 1a566261-beec-4fd1-be7c-d2e6de257968@group-E6C73168D3C7-FollowerState was interrupted
2022-10-10 08:41:50,204 [1a566261-beec-4fd1-be7c-d2e6de257968@group-E6C73168D3C7-StateMachineUpdater] INFO  ratis.ContainerStateMachine (ContainerStateMachine.java:takeSnapshot(304)) - group-E6C73168D3C7: Taking a snapshot at:(t:7, i:0) file /home/runner/work/ozone/ozone/hadoop-ozone/integration-test/target/test-dir/MiniOzoneClusterImpl-ad2c0857-510d-4cdb-92e5-38dbe430bd54/datanode-0/data/ratis/42ce9204-ee81-4a80-841e-e6c73168d3c7/sm/snapshot.7_0
2022-10-10 08:41:50,205 [1a566261-beec-4fd1-be7c-d2e6de257968@group-E6C73168D3C7-StateMachineUpdater] INFO  ratis.ContainerStateMachine (ContainerStateMachine.java:takeSnapshot(315)) - group-E6C73168D3C7: Finished taking a snapshot at:(t:7, i:0) file:/home/runner/work/ozone/ozone/hadoop-ozone/integration-test/target/test-dir/MiniOzoneClusterImpl-ad2c0857-510d-4cdb-92e5-38dbe430bd54/datanode-0/data/ratis/42ce9204-ee81-4a80-841e-e6c73168d3c7/sm/snapshot.7_0 took: 1 ms
2022-10-10 08:41:50,206 [1a566261-beec-4fd1-be7c-d2e6de257968@group-E6C73168D3C7-StateMachineUpdater] INFO  impl.StateMachineUpdater (StateMachineUpdater.java:takeSnapshot(287)) - 1a566261-beec-4fd1-be7c-d2e6de257968@group-E6C73168D3C7-StateMachineUpdater: Took a snapshot at index 0
2022-10-10 08:41:50,206 [1a566261-beec-4fd1-be7c-d2e6de257968@group-E6C73168D3C7-StateMachineUpdater] INFO  impl.StateMachineUpdater (StateMachineUpdater.java:lambda$new$0(92)) - 1a566261-beec-4fd1-be7c-d2e6de257968@group-E6C73168D3C7-StateMachineUpdater: snapshotIndex: updateIncreasingly -1 -> 0
2022-10-10 08:41:50,206 [ForkJoinPool.commonPool-worker-0] INFO  server.RaftServer$Division (ServerState.java:close(429)) - 1a566261-beec-4fd1-be7c-d2e6de257968@group-E6C73168D3C7: closes. applyIndex: 0
2022-10-10 08:41:50,207 [1a566261-beec-4fd1-be7c-d2e6de257968@group-E6C73168D3C7-SegmentedRaftLogWorker] INFO  segmented.SegmentedRaftLogWorker (SegmentedRaftLogWorker.java:run(336)) - 1a566261-beec-4fd1-be7c-d2e6de257968@group-E6C73168D3C7-SegmentedRaftLogWorker was interrupted, exiting. There are 0 tasks remaining in the queue.
2022-10-10 08:41:50,207 [ForkJoinPool.commonPool-worker-0] INFO  segmented.SegmentedRaftLogWorker (SegmentedRaftLogWorker.java:close(246)) - 1a566261-beec-4fd1-be7c-d2e6de257968@group-E6C73168D3C7-SegmentedRaftLogWorker close()
2022-10-10 08:41:50,208 [ForkJoinPool.commonPool-worker-0] INFO  server.RaftServer$Division (RaftServerImpl.java:lambda$close$4(434)) - 1a566261-beec-4fd1-be7c-d2e6de257968@group-F2032093DD63: shutdown
2022-10-10 08:41:50,209 [ForkJoinPool.commonPool-worker-0] INFO  util.JmxRegister (JmxRegister.java:unregister(73)) - Successfully un-registered JMX Bean with object name Ratis:service=RaftServer,group=group-F2032093DD63,id=1a566261-beec-4fd1-be7c-d2e6de257968
2022-10-10 08:41:50,209 [ForkJoinPool.commonPool-worker-0] INFO  impl.RoleInfo (RoleInfo.java:shutdownFollowerState(110)) - 1a566261-beec-4fd1-be7c-d2e6de257968: shutdown 1a566261-beec-4fd1-be7c-d2e6de257968@group-F2032093DD63-FollowerState
2022-10-10 08:41:50,209 [ForkJoinPool.commonPool-worker-0] INFO  impl.StateMachineUpdater (StateMachineUpdater.java:stopAndJoin(153)) - 1a566261-beec-4fd1-be7c-d2e6de257968@group-F2032093DD63-StateMachineUpdater: set stopIndex = 29
2022-10-10 08:41:50,209 [1a566261-beec-4fd1-be7c-d2e6de257968@group-F2032093DD63-StateMachineUpdater] INFO  ratis.ContainerStateMachine (ContainerStateMachine.java:takeSnapshot(304)) - group-F2032093DD63: Taking a snapshot at:(t:2, i:29) file /home/runner/work/ozone/ozone/hadoop-ozone/integration-test/target/test-dir/MiniOzoneClusterImpl-ad2c0857-510d-4cdb-92e5-38dbe430bd54/datanode-0/data/ratis/af2dbda5-f9d9-49d0-997d-f2032093dd63/sm/snapshot.2_29
2022-10-10 08:41:50,209 [1a566261-beec-4fd1-be7c-d2e6de257968@group-F2032093DD63-FollowerState] INFO  impl.FollowerState (FollowerState.java:run(152)) - 1a566261-beec-4fd1-be7c-d2e6de257968@group-F2032093DD63-FollowerState was interrupted
2022-10-10 08:41:50,221 [1a566261-beec-4fd1-be7c-d2e6de257968@group-F2032093DD63-StateMachineUpdater] INFO  ratis.ContainerStateMachine (ContainerStateMachine.java:takeSnapshot(315)) - group-F2032093DD63: Finished taking a snapshot at:(t:2, i:29) file:/home/runner/work/ozone/ozone/hadoop-ozone/integration-test/target/test-dir/MiniOzoneClusterImpl-ad2c0857-510d-4cdb-92e5-38dbe430bd54/datanode-0/data/ratis/af2dbda5-f9d9-49d0-997d-f2032093dd63/sm/snapshot.2_29 took: 12 ms
2022-10-10 08:41:50,222 [1a566261-beec-4fd1-be7c-d2e6de257968@group-F2032093DD63-StateMachineUpdater] INFO  impl.StateMachineUpdater (StateMachineUpdater.java:takeSnapshot(287)) - 1a566261-beec-4fd1-be7c-d2e6de257968@group-F2032093DD63-StateMachineUpdater: Took a snapshot at index 29
2022-10-10 08:41:50,222 [1a566261-beec-4fd1-be7c-d2e6de257968@group-F2032093DD63-StateMachineUpdater] INFO  impl.StateMachineUpdater (StateMachineUpdater.java:lambda$new$0(92)) - 1a566261-beec-4fd1-be7c-d2e6de257968@group-F2032093DD63-StateMachineUpdater: snapshotIndex: updateIncreasingly -1 -> 29
2022-10-10 08:41:50,222 [ForkJoinPool.commonPool-worker-0] INFO  server.RaftServer$Division (ServerState.java:close(429)) - 1a566261-beec-4fd1-be7c-d2e6de257968@group-F2032093DD63: closes. applyIndex: 29
2022-10-10 08:41:50,223 [1a566261-beec-4fd1-be7c-d2e6de257968@group-F2032093DD63-SegmentedRaftLogWorker] INFO  segmented.SegmentedRaftLogWorker (SegmentedRaftLogWorker.java:run(336)) - 1a566261-beec-4fd1-be7c-d2e6de257968@group-F2032093DD63-SegmentedRaftLogWorker was interrupted, exiting. There are 0 tasks remaining in the queue.
2022-10-10 08:41:50,223 [ForkJoinPool.commonPool-worker-0] INFO  segmented.SegmentedRaftLogWorker (SegmentedRaftLogWorker.java:close(246)) - 1a566261-beec-4fd1-be7c-d2e6de257968@group-F2032093DD63-SegmentedRaftLogWorker close()
2022-10-10 08:41:50,236 [ForkJoinPool.commonPool-worker-0] INFO  server.GrpcService (GrpcService.java:closeImpl(269)) - 1a566261-beec-4fd1-be7c-d2e6de257968: shutdown server with port 43815 now
2022-10-10 08:41:50,237 [ForkJoinPool.commonPool-worker-0] INFO  server.GrpcService (GrpcService.java:closeImpl(278)) - 1a566261-beec-4fd1-be7c-d2e6de257968: shutdown server with port 43815 successfully
2022-10-10 08:41:50,237 [org.apache.ratis.util.JvmPauseMonitor$$Lambda$636/263158265@31880b36] INFO  util.JvmPauseMonitor (JvmPauseMonitor.java:run(109)) - JvmPauseMonitor-1a566261-beec-4fd1-be7c-d2e6de257968: Stopped
2022-10-10 08:41:52,209 [Listener at 127.0.0.1/41701] INFO  utils.BackgroundService (BackgroundService.java:shutdown(141)) - Shutting down service BlockDeletingService
2022-10-10 08:41:52,210 [Listener at 127.0.0.1/41701] INFO  utils.BackgroundService (BackgroundService.java:shutdown(141)) - Shutting down service StaleRecoveringContainerScrubbingService
2022-10-10 08:41:52,285 [ForkJoinPool.commonPool-worker-0] INFO  utils.BackgroundService (BackgroundService.java:shutdown(141)) - Shutting down service BlockDeletingService
2022-10-10 08:41:52,286 [ForkJoinPool.commonPool-worker-0] INFO  utils.BackgroundService (BackgroundService.java:shutdown(141)) - Shutting down service StaleRecoveringContainerScrubbingService
2022-10-10 08:41:55,254 [Listener at 127.0.0.1/41701] INFO  statemachine.DatanodeStateMachine (DatanodeStateMachine.java:stopDaemon(580)) - Ozone container server stopped.
2022-10-10 08:41:55,272 [Listener at 127.0.0.1/41701] INFO  handler.ContextHandler (ContextHandler.java:doStop(1153)) - Stopped o.e.j.w.WebAppContext@693438d{hddsDatanode,/,null,STOPPED}{jar:file:/home/runner/.m2/repository/org/apache/ozone/hdds-container-service/1.3.0-SNAPSHOT/hdds-container-service-1.3.0-SNAPSHOT.jar!/webapps/hddsDatanode}
2022-10-10 08:41:55,272 [Listener at 127.0.0.1/41701] INFO  server.AbstractConnector (AbstractConnector.java:doStop(381)) - Stopped ServerConnector@5c93b372{HTTP/1.1, (http/1.1)}{0.0.0.0:0}
2022-10-10 08:41:55,273 [Listener at 127.0.0.1/41701] INFO  server.session (HouseKeeper.java:stopScavenging(149)) - node0 Stopped scavenging
2022-10-10 08:41:55,273 [Listener at 127.0.0.1/41701] INFO  handler.ContextHandler (ContextHandler.java:doStop(1153)) - Stopped o.e.j.s.ServletContextHandler@38c9b920{static,/static,jar:file:/home/runner/.m2/repository/org/apache/ozone/hdds-container-service/1.3.0-SNAPSHOT/hdds-container-service-1.3.0-SNAPSHOT.jar!/webapps/static,STOPPED}
2022-10-10 08:41:55,273 [Listener at 127.0.0.1/41701] INFO  handler.ContextHandler (ContextHandler.java:doStop(1153)) - Stopped o.e.j.s.ServletContextHandler@565eae80{logs,/logs,file:///home/runner/work/ozone/ozone/hadoop-ozone/integration-test/target/log,STOPPED}
2022-10-10 08:41:55,289 [ForkJoinPool.commonPool-worker-0] INFO  statemachine.DatanodeStateMachine (DatanodeStateMachine.java:stopDaemon(580)) - Ozone container server stopped.
2022-10-10 08:41:55,353 [ForkJoinPool.commonPool-worker-0] INFO  handler.ContextHandler (ContextHandler.java:doStop(1153)) - Stopped o.e.j.w.WebAppContext@2c564b16{hddsDatanode,/,null,STOPPED}{jar:file:/home/runner/.m2/repository/org/apache/ozone/hdds-container-service/1.3.0-SNAPSHOT/hdds-container-service-1.3.0-SNAPSHOT.jar!/webapps/hddsDatanode}
2022-10-10 08:41:55,354 [ForkJoinPool.commonPool-worker-0] INFO  server.AbstractConnector (AbstractConnector.java:doStop(381)) - Stopped ServerConnector@10a84408{HTTP/1.1, (http/1.1)}{0.0.0.0:0}
2022-10-10 08:41:55,354 [ForkJoinPool.commonPool-worker-0] INFO  server.session (HouseKeeper.java:stopScavenging(149)) - node0 Stopped scavenging
2022-10-10 08:41:55,357 [ForkJoinPool.commonPool-worker-0] INFO  handler.ContextHandler (ContextHandler.java:doStop(1153)) - Stopped o.e.j.s.ServletContextHandler@29185de6{static,/static,jar:file:/home/runner/.m2/repository/org/apache/ozone/hdds-container-service/1.3.0-SNAPSHOT/hdds-container-service-1.3.0-SNAPSHOT.jar!/webapps/static,STOPPED}
2022-10-10 08:41:55,358 [ForkJoinPool.commonPool-worker-0] INFO  handler.ContextHandler (ContextHandler.java:doStop(1153)) - Stopped o.e.j.s.ServletContextHandler@10673631{logs,/logs,file:///home/runner/work/ozone/ozone/hadoop-ozone/integration-test/target/log,STOPPED}
2022-10-10 08:41:58,957 [Over Replicated Processor] INFO  replication.OverReplicatedProcessor (OverReplicatedProcessor.java:processAll(90)) - Processed 0 over replicated containers, failed processing 0
2022-10-10 08:41:58,957 [Under Replicated Processor] INFO  replication.UnderReplicatedProcessor (UnderReplicatedProcessor.java:processAll(92)) - Processed 0 under replicated containers, failed processing 0
2022-10-10 08:42:00,278 [Listener at 127.0.0.1/41701] INFO  ozoneimpl.OzoneContainer (OzoneContainer.java:stop(400)) - Attempting to stop container services.
2022-10-10 08:42:00,279 [Listener at 127.0.0.1/41701] INFO  server.RaftServer (RaftServerProxy.java:lambda$close$7(398)) - 8f156c79-b47c-4138-8e60-2fd88bdff2cb: close
2022-10-10 08:42:00,279 [Listener at 127.0.0.1/41701] INFO  server.RaftServer$Division (RaftServerImpl.java:lambda$close$4(434)) - 8f156c79-b47c-4138-8e60-2fd88bdff2cb@group-9C6FED448E9E: shutdown
2022-10-10 08:42:00,279 [Listener at 127.0.0.1/41701] INFO  util.JmxRegister (JmxRegister.java:unregister(73)) - Successfully un-registered JMX Bean with object name Ratis:service=RaftServer,group=group-9C6FED448E9E,id=8f156c79-b47c-4138-8e60-2fd88bdff2cb
2022-10-10 08:42:00,279 [Listener at 127.0.0.1/41701] INFO  impl.RoleInfo (RoleInfo.java:shutdownLeaderState(93)) - 8f156c79-b47c-4138-8e60-2fd88bdff2cb: shutdown 8f156c79-b47c-4138-8e60-2fd88bdff2cb@group-9C6FED448E9E-LeaderStateImpl
2022-10-10 08:42:00,280 [Listener at 127.0.0.1/41701] INFO  impl.PendingRequests (PendingRequests.java:sendNotLeaderResponses(282)) - 8f156c79-b47c-4138-8e60-2fd88bdff2cb@group-9C6FED448E9E-PendingRequests: sendNotLeaderResponses
2022-10-10 08:42:00,281 [8f156c79-b47c-4138-8e60-2fd88bdff2cb@group-9C6FED448E9E-StateMachineUpdater] INFO  ratis.ContainerStateMachine (ContainerStateMachine.java:takeSnapshot(304)) - group-9C6FED448E9E: Taking a snapshot at:(t:1, i:0) file /home/runner/work/ozone/ozone/hadoop-ozone/integration-test/target/test-dir/MiniOzoneClusterImpl-ad2c0857-510d-4cdb-92e5-38dbe430bd54/datanode-3/data/ratis/6fb28a88-4522-4433-b79b-9c6fed448e9e/sm/snapshot.1_0
2022-10-10 08:42:00,282 [Listener at 127.0.0.1/41701] INFO  impl.StateMachineUpdater (StateMachineUpdater.java:stopAndJoin(153)) - 8f156c79-b47c-4138-8e60-2fd88bdff2cb@group-9C6FED448E9E-StateMachineUpdater: set stopIndex = 0
2022-10-10 08:42:00,285 [8f156c79-b47c-4138-8e60-2fd88bdff2cb@group-9C6FED448E9E-StateMachineUpdater] INFO  ratis.ContainerStateMachine (ContainerStateMachine.java:takeSnapshot(315)) - group-9C6FED448E9E: Finished taking a snapshot at:(t:1, i:0) file:/home/runner/work/ozone/ozone/hadoop-ozone/integration-test/target/test-dir/MiniOzoneClusterImpl-ad2c0857-510d-4cdb-92e5-38dbe430bd54/datanode-3/data/ratis/6fb28a88-4522-4433-b79b-9c6fed448e9e/sm/snapshot.1_0 took: 5 ms
2022-10-10 08:42:00,286 [8f156c79-b47c-4138-8e60-2fd88bdff2cb@group-9C6FED448E9E-StateMachineUpdater] INFO  impl.StateMachineUpdater (StateMachineUpdater.java:takeSnapshot(287)) - 8f156c79-b47c-4138-8e60-2fd88bdff2cb@group-9C6FED448E9E-StateMachineUpdater: Took a snapshot at index 0
2022-10-10 08:42:00,286 [8f156c79-b47c-4138-8e60-2fd88bdff2cb@group-9C6FED448E9E-StateMachineUpdater] INFO  impl.StateMachineUpdater (StateMachineUpdater.java:lambda$new$0(92)) - 8f156c79-b47c-4138-8e60-2fd88bdff2cb@group-9C6FED448E9E-StateMachineUpdater: snapshotIndex: updateIncreasingly -1 -> 0
2022-10-10 08:42:00,286 [Listener at 127.0.0.1/41701] INFO  server.RaftServer$Division (ServerState.java:close(429)) - 8f156c79-b47c-4138-8e60-2fd88bdff2cb@group-9C6FED448E9E: closes. applyIndex: 0
2022-10-10 08:42:00,286 [8f156c79-b47c-4138-8e60-2fd88bdff2cb@group-9C6FED448E9E-SegmentedRaftLogWorker] INFO  segmented.SegmentedRaftLogWorker (SegmentedRaftLogWorker.java:run(336)) - 8f156c79-b47c-4138-8e60-2fd88bdff2cb@group-9C6FED448E9E-SegmentedRaftLogWorker was interrupted, exiting. There are 0 tasks remaining in the queue.
2022-10-10 08:42:00,287 [Listener at 127.0.0.1/41701] INFO  segmented.SegmentedRaftLogWorker (SegmentedRaftLogWorker.java:close(246)) - 8f156c79-b47c-4138-8e60-2fd88bdff2cb@group-9C6FED448E9E-SegmentedRaftLogWorker close()
2022-10-10 08:42:00,300 [Listener at 127.0.0.1/41701] INFO  server.GrpcService (GrpcService.java:closeImpl(269)) - 8f156c79-b47c-4138-8e60-2fd88bdff2cb: shutdown server with port 34005 now
2022-10-10 08:42:00,304 [Listener at 127.0.0.1/41701] INFO  server.GrpcService (GrpcService.java:closeImpl(278)) - 8f156c79-b47c-4138-8e60-2fd88bdff2cb: shutdown server with port 34005 successfully
2022-10-10 08:42:00,309 [org.apache.ratis.util.JvmPauseMonitor$$Lambda$636/263158265@6e541dc5] INFO  util.JvmPauseMonitor (JvmPauseMonitor.java:run(109)) - JvmPauseMonitor-8f156c79-b47c-4138-8e60-2fd88bdff2cb: Stopped
2022-10-10 08:42:02,318 [Listener at 127.0.0.1/41701] INFO  utils.BackgroundService (BackgroundService.java:shutdown(141)) - Shutting down service BlockDeletingService
2022-10-10 08:42:02,321 [Listener at 127.0.0.1/41701] INFO  utils.BackgroundService (BackgroundService.java:shutdown(141)) - Shutting down service StaleRecoveringContainerScrubbingService
2022-10-10 08:42:05,338 [Listener at 127.0.0.1/41701] INFO  statemachine.DatanodeStateMachine (DatanodeStateMachine.java:stopDaemon(580)) - Ozone container server stopped.
2022-10-10 08:42:05,354 [Listener at 127.0.0.1/41701] INFO  handler.ContextHandler (ContextHandler.java:doStop(1153)) - Stopped o.e.j.w.WebAppContext@17c68e8e{hddsDatanode,/,null,STOPPED}{jar:file:/home/runner/.m2/repository/org/apache/ozone/hdds-container-service/1.3.0-SNAPSHOT/hdds-container-service-1.3.0-SNAPSHOT.jar!/webapps/hddsDatanode}
2022-10-10 08:42:05,356 [Listener at 127.0.0.1/41701] INFO  server.AbstractConnector (AbstractConnector.java:doStop(381)) - Stopped ServerConnector@4fc20ae9{HTTP/1.1, (http/1.1)}{0.0.0.0:0}
2022-10-10 08:42:05,358 [Listener at 127.0.0.1/41701] INFO  server.session (HouseKeeper.java:stopScavenging(149)) - node0 Stopped scavenging
2022-10-10 08:42:05,358 [Listener at 127.0.0.1/41701] INFO  handler.ContextHandler (ContextHandler.java:doStop(1153)) - Stopped o.e.j.s.ServletContextHandler@368e1bf3{static,/static,jar:file:/home/runner/.m2/repository/org/apache/ozone/hdds-container-service/1.3.0-SNAPSHOT/hdds-container-service-1.3.0-SNAPSHOT.jar!/webapps/static,STOPPED}
2022-10-10 08:42:05,359 [Listener at 127.0.0.1/41701] INFO  handler.ContextHandler (ContextHandler.java:doStop(1153)) - Stopped o.e.j.s.ServletContextHandler@76d54faf{logs,/logs,file:///home/runner/work/ozone/ozone/hadoop-ozone/integration-test/target/log,STOPPED}
2022-10-10 08:42:05,365 [Listener at 127.0.0.1/41701] INFO  ozone.MiniOzoneClusterImpl (MiniOzoneClusterImpl.java:stopSCM(537)) - Stopping the StorageContainerManager
2022-10-10 08:42:05,365 [Listener at 127.0.0.1/41701] INFO  server.StorageContainerManager (StorageContainerManager.java:stop(1528)) - Container Balancer is not running.
2022-10-10 08:42:05,365 [Listener at 127.0.0.1/41701] INFO  server.StorageContainerManager (StorageContainerManager.java:stop(1535)) - Stopping Replication Manager Service.
2022-10-10 08:42:05,365 [Listener at 127.0.0.1/41701] INFO  replication.ReplicationManager (ReplicationManager.java:stop(257)) - Stopping Replication Monitor Thread.
2022-10-10 08:42:05,366 [Listener at 127.0.0.1/41701] INFO  server.StorageContainerManager (StorageContainerManager.java:stop(1542)) - Stopping the Datanode Admin Monitor.
2022-10-10 08:42:05,366 [Over Replicated Processor] WARN  replication.OverReplicatedProcessor (OverReplicatedProcessor.java:run(137)) - Over Replicated Processor interrupted. Exiting...
2022-10-10 08:42:05,366 [Listener at 127.0.0.1/41701] INFO  server.StorageContainerManager (StorageContainerManager.java:stop(1549)) - Stopping Lease Manager of the command watchers
2022-10-10 08:42:05,366 [Listener at 127.0.0.1/41701] INFO  server.StorageContainerManager (StorageContainerManager.java:stop(1556)) - Stopping datanode service RPC server
2022-10-10 08:42:05,366 [Listener at 127.0.0.1/41701] INFO  server.SCMDatanodeProtocolServer (SCMDatanodeProtocolServer.java:stop(414)) - Stopping the RPC server for DataNodes
2022-10-10 08:42:05,366 [Listener at 127.0.0.1/41701] INFO  ipc.Server (Server.java:stop(3414)) - Stopping server on 41653
2022-10-10 08:42:05,366 [Under Replicated Processor] WARN  replication.UnderReplicatedProcessor (UnderReplicatedProcessor.java:run(148)) - Under Replicated Processor interrupted. Exiting...
2022-10-10 08:42:05,366 [ReplicationMonitor] INFO  replication.ReplicationManager (ReplicationManager.java:run(509)) - Replication Monitor Thread is stopped
2022-10-10 08:42:05,389 [IPC Server listener on 0] INFO  ipc.Server (Server.java:run(1376)) - Stopping IPC Server listener on 0
2022-10-10 08:42:05,416 [IPC Server Responder] INFO  ipc.Server (Server.java:run(1512)) - Stopping IPC Server Responder
2022-10-10 08:42:05,452 [SCM Heartbeat Processing Thread - 0] WARN  node.NodeStateManager (NodeStateManager.java:scheduleNextHealthCheck(870)) - Current Thread is interrupted, shutting down HB processing thread for Node Manager.
2022-10-10 08:42:05,452 [Listener at 127.0.0.1/41701] INFO  server.StorageContainerManager (StorageContainerManager.java:stop(1564)) - Stopping block service RPC server
2022-10-10 08:42:05,452 [Listener at 127.0.0.1/41701] INFO  server.SCMBlockProtocolServer (SCMBlockProtocolServer.java:stop(161)) - Stopping the RPC server for Block Protocol
2022-10-10 08:42:05,452 [Listener at 127.0.0.1/41701] INFO  ipc.Server (Server.java:stop(3414)) - Stopping server on 46869
2022-10-10 08:42:05,458 [Listener at 127.0.0.1/41701] INFO  server.StorageContainerManager (StorageContainerManager.java:stop(1571)) - Stopping the StorageContainerLocationProtocol RPC server
2022-10-10 08:42:05,458 [Listener at 127.0.0.1/41701] INFO  server.SCMClientProtocolServer (SCMClientProtocolServer.java:stop(179)) - Stopping the RPC server for Client Protocol
2022-10-10 08:42:05,458 [Listener at 127.0.0.1/41701] INFO  ipc.Server (Server.java:stop(3414)) - Stopping server on 34489
2022-10-10 08:42:05,458 [IPC Server Responder] INFO  ipc.Server (Server.java:run(1512)) - Stopping IPC Server Responder
2022-10-10 08:42:05,458 [IPC Server listener on 0] INFO  ipc.Server (Server.java:run(1376)) - Stopping IPC Server listener on 0
2022-10-10 08:42:05,486 [IPC Server listener on 0] INFO  ipc.Server (Server.java:run(1376)) - Stopping IPC Server listener on 0
2022-10-10 08:42:05,503 [Listener at 127.0.0.1/41701] INFO  server.StorageContainerManager (StorageContainerManager.java:stop(1578)) - Stopping Storage Container Manager HTTP server.
2022-10-10 08:42:05,504 [Listener at 127.0.0.1/41701] INFO  handler.ContextHandler (ContextHandler.java:doStop(1153)) - Stopped o.e.j.w.WebAppContext@33ea1912{scm,/,null,STOPPED}{file:/home/runner/work/ozone/ozone/hadoop-ozone/integration-test/target/test-classes/webapps/scm}
2022-10-10 08:42:05,504 [IPC Server Responder] INFO  ipc.Server (Server.java:run(1512)) - Stopping IPC Server Responder
2022-10-10 08:42:05,508 [Listener at 127.0.0.1/41701] INFO  server.AbstractConnector (AbstractConnector.java:doStop(381)) - Stopped ServerConnector@166c9fe2{HTTP/1.1, (http/1.1)}{0.0.0.0:0}
2022-10-10 08:42:05,508 [Listener at 127.0.0.1/41701] INFO  server.session (HouseKeeper.java:stopScavenging(149)) - node0 Stopped scavenging
2022-10-10 08:42:05,509 [Listener at 127.0.0.1/41701] INFO  handler.ContextHandler (ContextHandler.java:doStop(1153)) - Stopped o.e.j.s.ServletContextHandler@4426a132{static,/static,file:///home/runner/work/ozone/ozone/hadoop-ozone/integration-test/target/test-classes/webapps/static,STOPPED}
2022-10-10 08:42:05,509 [Listener at 127.0.0.1/41701] INFO  handler.ContextHandler (ContextHandler.java:doStop(1153)) - Stopped o.e.j.s.ServletContextHandler@3398cb16{logs,/logs,file:///home/runner/work/ozone/ozone/hadoop-ozone/integration-test/target/log,STOPPED}
2022-10-10 08:42:05,516 [Listener at 127.0.0.1/41701] INFO  server.StorageContainerManager (StorageContainerManager.java:stop(1584)) - Stopping SCM LayoutVersionManager Service.
2022-10-10 08:42:05,516 [Listener at 127.0.0.1/41701] INFO  server.StorageContainerManager (StorageContainerManager.java:stop(1592)) - Stopping Block Manager Service.
2022-10-10 08:42:05,516 [Listener at 127.0.0.1/41701] INFO  utils.BackgroundService (BackgroundService.java:shutdown(141)) - Shutting down service SCMBlockDeletingService
2022-10-10 08:42:05,517 [Listener at 127.0.0.1/41701] INFO  utils.BackgroundService (BackgroundService.java:shutdown(141)) - Shutting down service SCMBlockDeletingService
2022-10-10 08:42:05,517 [Listener at 127.0.0.1/41701] INFO  server.StorageContainerManager (StorageContainerManager.java:stop(1619)) - Stopping SCM Event Queue.
2022-10-10 08:42:05,533 [Listener at 127.0.0.1/41701] INFO  server.StorageContainerManager (StorageContainerManager.java:stop(1630)) - Stopping SCM HA services.
2022-10-10 08:42:05,533 [Listener at 127.0.0.1/41701] INFO  pipeline.BackgroundPipelineCreator (BackgroundPipelineCreator.java:stop(149)) - Stopping RatisPipelineUtilsThread.
2022-10-10 08:42:05,540 [RatisPipelineUtilsThread - 0] WARN  pipeline.BackgroundPipelineCreator (BackgroundPipelineCreator.java:run(180)) - RatisPipelineUtilsThread is interrupted.
2022-10-10 08:42:05,540 [Listener at 127.0.0.1/41701] INFO  BackgroundPipelineScrubber (BackgroundSCMService.java:stop(131)) - Stopping BackgroundPipelineScrubber Service.
2022-10-10 08:42:05,540 [Listener at 127.0.0.1/41701] INFO  server.StorageContainerManager (StorageContainerManager.java:stop(1640)) - Stopping SCM MetadataStore.
2022-10-10 08:42:05,544 [Listener at 127.0.0.1/41701] INFO  impl.MetricsSystemImpl (MetricsSystemImpl.java:stop(210)) - Stopping HddsDatanode metrics system...
2022-10-10 08:42:05,568 [BackgroundPipelineScrubberThread] WARN  BackgroundPipelineScrubber (BackgroundSCMService.java:run(115)) - BackgroundPipelineScrubber is interrupted, exit
2022-10-10 08:42:05,620 [prometheus] INFO  impl.MetricsSinkAdapter (MetricsSinkAdapter.java:publishMetricsFromQueue(141)) - prometheus thread interrupted.
2022-10-10 08:42:05,624 [Listener at 127.0.0.1/41701] INFO  impl.MetricsSystemImpl (MetricsSystemImpl.java:stop(216)) - HddsDatanode metrics system stopped.
2022-10-10 08:42:05,814 [Listener at 127.0.0.1/41701] WARN  server.ServerUtils (ServerUtils.java:getScmDbDir(148)) - ozone.scm.db.dirs is not configured. We recommend adding this setting. Falling back to ozone.metadata.dirs instead.
2022-10-10 08:42:05,820 [Listener at 127.0.0.1/41701] WARN  server.ServerUtils (ServerUtils.java:getScmDbDir(148)) - ozone.scm.db.dirs is not configured. We recommend adding this setting. Falling back to ozone.metadata.dirs instead.
2022-10-10 08:42:05,826 [Listener at 127.0.0.1/41701] INFO  ha.SCMHANodeDetails (SCMHANodeDetails.java:loadSCMHAConfig(209)) - ServiceID for StorageContainerManager is null
2022-10-10 08:42:05,826 [Listener at 127.0.0.1/41701] INFO  ha.SCMHANodeDetails (SCMHANodeDetails.java:loadSCMHAConfig(214)) - ozone.scm.default.service.id is not defined, falling back to ozone.scm.service.ids to find serviceID for StorageContainerManager if it is HA enabled cluster
2022-10-10 08:42:05,828 [Listener at 127.0.0.1/41701] WARN  utils.HAUtils (HAUtils.java:getMetaDir(342)) - ozone.scm.db.dirs is not configured. We recommend adding this setting. Falling back to ozone.metadata.dirs instead.
2022-10-10 08:42:05,829 [Listener at 127.0.0.1/41701] WARN  db.DBStoreBuilder (DBStoreBuilder.java:applyDBDefinition(144)) - ozone.scm.db.dirs is not configured. We recommend adding this setting. Falling back to ozone.metadata.dirs instead.
2022-10-10 08:42:06,057 [Listener at 127.0.0.1/41701] INFO  net.NodeSchemaLoader (NodeSchemaLoader.java:loadSchemaFromFile(129)) - Loading schema from [jar:file:/home/runner/.m2/repository/org/apache/ozone/hdds-common/1.3.0-SNAPSHOT/hdds-common-1.3.0-SNAPSHOT.jar!/network-topology-default.xml]
2022-10-10 08:42:06,057 [Listener at 127.0.0.1/41701] INFO  net.NodeSchemaLoader (NodeSchemaLoader.java:loadSchema(176)) - Loading network topology layer schema file
2022-10-10 08:42:06,069 [Listener at 127.0.0.1/41701] WARN  impl.MetricRegistriesImpl (MetricRegistriesImpl.java:addReporterRegistration(111)) - New reporters are added after registries were created. Some metrics will be missing from the reporter. Please add reporter before adding any new registry.
2022-10-10 08:42:06,069 [Listener at 127.0.0.1/41701] WARN  impl.MetricRegistriesImpl (MetricRegistriesImpl.java:addReporterRegistration(111)) - New reporters are added after registries were created. Some metrics will be missing from the reporter. Please add reporter before adding any new registry.
2022-10-10 08:42:06,069 [Listener at 127.0.0.1/41701] INFO  upgrade.AbstractLayoutVersionManager (AbstractLayoutVersionManager.java:init(83)) - Initializing Layout version manager with metadata layout = DATANODE_SCHEMA_V3 (version = 4), software layout = DATANODE_SCHEMA_V3 (version = 4)
2022-10-10 08:42:06,137 [Listener at 127.0.0.1/41701] INFO  reflections.Reflections (Reflections.java:scan(232)) - Reflections took 67 ms to scan 7 urls, producing 135 keys and 327 values 
2022-10-10 08:42:06,139 [Listener at 127.0.0.1/41701] INFO  ha.SequenceIdGenerator (SequenceIdGenerator.java:upgradeToSequenceId(349)) - upgrade localId to 109611004723200000
2022-10-10 08:42:06,139 [Listener at 127.0.0.1/41701] INFO  ha.SequenceIdGenerator (SequenceIdGenerator.java:upgradeToSequenceId(359)) - upgrade delTxnId to 0
2022-10-10 08:42:06,140 [Listener at 127.0.0.1/41701] INFO  ha.SequenceIdGenerator (SequenceIdGenerator.java:upgradeToSequenceId(376)) - upgrade containerId to 0
2022-10-10 08:42:06,140 [Listener at 127.0.0.1/41701] INFO  ha.SequenceIdGenerator (SequenceIdGenerator.java:<init>(220)) - Init the HA SequenceIdGenerator.
2022-10-10 08:42:06,140 [Listener at 127.0.0.1/41701] WARN  server.ServerUtils (ServerUtils.java:sanitizeUserArgs(73)) - ozone.scm.stale.node.interval value = 300000 is larger than max = 100000 based on the key value of ozone.scm.heartbeat.thread.interval, reset to the max value 100000.
2022-10-10 08:42:06,140 [Listener at 127.0.0.1/41701] WARN  server.ServerUtils (ServerUtils.java:sanitizeUserArgs(73)) - ozone.scm.stale.node.interval value = 300000 is larger than max = 100000 based on the key value of ozone.scm.heartbeat.thread.interval, reset to the max value 100000.
2022-10-10 08:42:06,141 [Listener at 127.0.0.1/41701] INFO  node.SCMNodeManager (SCMNodeManager.java:<init>(149)) - Entering startup safe mode.
2022-10-10 08:42:06,141 [Listener at 127.0.0.1/41701] INFO  algorithms.ContainerPlacementPolicyFactory (ContainerPlacementPolicyFactory.java:getPolicyInternal(86)) - Create container placement policy of type org.apache.hadoop.hdds.scm.container.placement.algorithms.SCMContainerPlacementRandom
2022-10-10 08:42:06,141 [Listener at 127.0.0.1/41701] INFO  algorithms.ContainerPlacementPolicyFactory (ContainerPlacementPolicyFactory.java:getPolicyInternal(86)) - Create container placement policy of type org.apache.hadoop.hdds.scm.container.placement.algorithms.SCMContainerPlacementRackScatter
2022-10-10 08:42:06,141 [Listener at 127.0.0.1/41701] INFO  pipeline.PipelineStateManagerImpl (PipelineStateManagerImpl.java:initialize(78)) - No pipeline exists in current db
2022-10-10 08:42:06,142 [Listener at 127.0.0.1/41701] INFO  algorithms.LeaderChoosePolicyFactory (LeaderChoosePolicyFactory.java:getPolicy(57)) - Create leader choose policy of type org.apache.hadoop.hdds.scm.pipeline.leader.choose.algorithms.MinLeaderCountChoosePolicy
2022-10-10 08:42:06,142 [Listener at 127.0.0.1/41701] INFO  algorithms.ContainerPlacementPolicyFactory (ContainerPlacementPolicyFactory.java:getPolicyInternal(86)) - Create container placement policy of type org.apache.hadoop.hdds.scm.container.placement.algorithms.SCMContainerPlacementRackScatter
2022-10-10 08:42:06,142 [Listener at 127.0.0.1/41701] INFO  ha.SCMServiceManager (SCMServiceManager.java:register(42)) - Registering service BackgroundPipelineCreator.
2022-10-10 08:42:06,142 [Listener at 127.0.0.1/41701] INFO  pipeline.BackgroundPipelineCreator (BackgroundPipelineCreator.java:start(124)) - Starting RatisPipelineUtilsThread.
2022-10-10 08:42:06,142 [Listener at 127.0.0.1/41701] INFO  BackgroundPipelineScrubber (BackgroundSCMService.java:start(68)) - Starting BackgroundPipelineScrubber Service.
2022-10-10 08:42:06,143 [Listener at 127.0.0.1/41701] INFO  ha.SCMServiceManager (SCMServiceManager.java:register(42)) - Registering service BackgroundPipelineScrubber.
2022-10-10 08:42:06,143 [Listener at 127.0.0.1/41701] INFO  ExpiredContainerReplicaOpScrubber (BackgroundSCMService.java:start(68)) - Starting ExpiredContainerReplicaOpScrubber Service.
2022-10-10 08:42:06,143 [Listener at 127.0.0.1/41701] INFO  ha.SCMServiceManager (SCMServiceManager.java:register(42)) - Registering service ExpiredContainerReplicaOpScrubber.
2022-10-10 08:42:06,144 [Listener at 127.0.0.1/41701] INFO  algorithms.PipelineChoosePolicyFactory (PipelineChoosePolicyFactory.java:createPipelineChoosePolicyFromClass(73)) - Create pipeline choose policy of type org.apache.hadoop.hdds.scm.pipeline.choose.algorithms.RandomPipelineChoosePolicy
2022-10-10 08:42:06,145 [Listener at 127.0.0.1/41701] INFO  ha.SCMServiceManager (SCMServiceManager.java:register(42)) - Registering service SCMBlockDeletingService.
2022-10-10 08:42:06,145 [Listener at 127.0.0.1/41701] INFO  replication.ReplicationManager (ReplicationManager.java:start(223)) - Starting Replication Monitor Thread.
2022-10-10 08:42:06,207 [Listener at 127.0.0.1/41701] INFO  ha.SCMServiceManager (SCMServiceManager.java:register(42)) - Registering service ReplicationManager.
2022-10-10 08:42:06,208 [Listener at 127.0.0.1/41701] INFO  safemode.ContainerSafeModeRule (ContainerSafeModeRule.java:<init>(89)) - containers with one replica threshold count 0
2022-10-10 08:42:06,209 [Listener at 127.0.0.1/41701] INFO  safemode.HealthyPipelineSafeModeRule (HealthyPipelineSafeModeRule.java:initializeRule(169)) - Total pipeline count is 0, healthy pipeline threshold count is 1
2022-10-10 08:42:06,209 [Listener at 127.0.0.1/41701] INFO  safemode.OneReplicaPipelineSafeModeRule (OneReplicaPipelineSafeModeRule.java:initializeRule(180)) - Total pipeline count is 0, pipeline's with at least one datanode reported threshold count is 0
2022-10-10 08:42:06,228 [Listener at 127.0.0.1/41701] INFO  ipc.CallQueueManager (CallQueueManager.java:<init>(90)) - Using callQueue: class java.util.concurrent.LinkedBlockingQueue, queueCapacity: 2000, scheduler: class org.apache.hadoop.ipc.DefaultRpcScheduler, ipcBackoff: false.
2022-10-10 08:42:06,260 [Socket Reader #1 for port 0] INFO  ipc.Server (Server.java:run(1265)) - Starting Socket Reader #1 for port 0
2022-10-10 08:42:06,305 [Listener at 0.0.0.0/44205] INFO  ipc.CallQueueManager (CallQueueManager.java:<init>(90)) - Using callQueue: class java.util.concurrent.LinkedBlockingQueue, queueCapacity: 2000, scheduler: class org.apache.hadoop.ipc.DefaultRpcScheduler, ipcBackoff: false.
2022-10-10 08:42:06,306 [Socket Reader #1 for port 0] INFO  ipc.Server (Server.java:run(1265)) - Starting Socket Reader #1 for port 0
2022-10-10 08:42:06,307 [Listener at 0.0.0.0/37757] INFO  ipc.CallQueueManager (CallQueueManager.java:<init>(90)) - Using callQueue: class java.util.concurrent.LinkedBlockingQueue, queueCapacity: 2000, scheduler: class org.apache.hadoop.ipc.DefaultRpcScheduler, ipcBackoff: false.
2022-10-10 08:42:06,307 [Socket Reader #1 for port 0] INFO  ipc.Server (Server.java:run(1265)) - Starting Socket Reader #1 for port 0
2022-10-10 08:42:06,314 [ReplicationMonitor] INFO  replication.ReplicationManager (ReplicationManager.java:processAll(291)) - Replication Manager is not ready to run until 3000ms after safemode exit
2022-10-10 08:42:06,407 [Listener at 0.0.0.0/37333] INFO  ha.SCMServiceManager (SCMServiceManager.java:register(42)) - Registering service ContainerBalancer.
2022-10-10 08:42:06,407 [Listener at 0.0.0.0/37333] INFO  server.StorageContainerManager (StorageContainerManager.java:<init>(410)) - 
Container Balancer status:
Key                            Value
Running                        false
Container Balancer Configuration values:
Key                                                Value
Threshold                                          10
Max Datanodes to Involve per Iteration(percent)    20
Max Size to Move per Iteration                     500GB
Max Size Entering Target per Iteration             26GB
Max Size Leaving Source per Iteration              26GB

2022-10-10 08:42:06,407 [Listener at 0.0.0.0/37333] WARN  events.EventQueue (EventQueue.java:fireEvent(216)) - No event handler registered for event TypedEvent{payloadType=SafeModeStatus, name='Safe mode status'}
2022-10-10 08:42:06,407 [Listener at 0.0.0.0/37333] INFO  ha.SCMContext (SCMContext.java:updateSafeModeStatus(228)) - Update SafeModeStatus from SafeModeStatus{safeModeStatus=true, preCheckPassed=false} to SafeModeStatus{safeModeStatus=true, preCheckPassed=false}.
2022-10-10 08:42:06,412 [Listener at 0.0.0.0/37333] INFO  server.StorageContainerManager (StorageContainerManager.java:start(1436)) - StorageContainerLocationProtocol RPC server is listening at /0.0.0.0:37333
2022-10-10 08:42:06,414 [Listener at 0.0.0.0/37333] WARN  impl.MetricsConfig (MetricsConfig.java:loadFirst(136)) - Cannot locate configuration: tried hadoop-metrics2-storagecontainermanager.properties,hadoop-metrics2.properties
2022-10-10 08:42:06,415 [Listener at 0.0.0.0/37333] INFO  impl.MetricsSystemImpl (MetricsSystemImpl.java:startTimer(378)) - Scheduled Metric snapshot period at 10 second(s).
2022-10-10 08:42:06,415 [Listener at 0.0.0.0/37333] INFO  impl.MetricsSystemImpl (MetricsSystemImpl.java:start(191)) - StorageContainerManager metrics system started
2022-10-10 08:42:06,436 [Listener at 0.0.0.0/37333] INFO  impl.MetricsSinkAdapter (MetricsSinkAdapter.java:start(204)) - Sink prometheus started
2022-10-10 08:42:06,436 [Listener at 0.0.0.0/37333] INFO  impl.MetricsSystemImpl (MetricsSystemImpl.java:registerSink(305)) - Registered sink prometheus
2022-10-10 08:42:06,482 [Listener at 0.0.0.0/37333] INFO  server.SCMClientProtocolServer (SCMClientProtocolServer.java:start(170)) - RPC server for Client  is listening at /0.0.0.0:37333
2022-10-10 08:42:06,482 [IPC Server Responder] INFO  ipc.Server (Server.java:run(1507)) - IPC Server Responder: starting
2022-10-10 08:42:06,482 [IPC Server listener on 0] INFO  ipc.Server (Server.java:run(1344)) - IPC Server listener on 0: starting
2022-10-10 08:42:06,642 [Listener at 0.0.0.0/37333] INFO  server.StorageContainerManager (StorageContainerManager.java:start(1451)) - ScmBlockLocationProtocol RPC server is listening at /0.0.0.0:37757
2022-10-10 08:42:06,643 [Listener at 0.0.0.0/37333] INFO  server.SCMBlockProtocolServer (SCMBlockProtocolServer.java:start(152)) - RPC server for Block Protocol is listening at /0.0.0.0:37757
2022-10-10 08:42:06,643 [IPC Server Responder] INFO  ipc.Server (Server.java:run(1507)) - IPC Server Responder: starting
2022-10-10 08:42:06,643 [IPC Server listener on 0] INFO  ipc.Server (Server.java:run(1344)) - IPC Server listener on 0: starting
2022-10-10 08:42:06,654 [Listener at 0.0.0.0/37333] INFO  server.SCMDatanodeProtocolServer (SCMDatanodeProtocolServer.java:start(186)) - ScmDatanodeProtocol RPC server for DataNodes is listening at /0.0.0.0:44205
2022-10-10 08:42:06,654 [IPC Server Responder] INFO  ipc.Server (Server.java:run(1507)) - IPC Server Responder: starting
2022-10-10 08:42:06,654 [IPC Server listener on 0] INFO  ipc.Server (Server.java:run(1344)) - IPC Server listener on 0: starting
2022-10-10 08:42:06,682 [org.apache.hadoop.util.JvmPauseMonitor$Monitor@feac812] INFO  util.JvmPauseMonitor (JvmPauseMonitor.java:run(188)) - Starting JVM pause monitor
2022-10-10 08:42:06,692 [Listener at 0.0.0.0/37333] INFO  http.BaseHttpServer (BaseHttpServer.java:newHttpServer2BuilderForOzone(213)) - Starting Web-server for scm at: http://0.0.0.0:0
2022-10-10 08:42:06,692 [Listener at 0.0.0.0/37333] INFO  http.BaseHttpServer (BaseHttpServer.java:<init>(108)) - Hadoop Security Enabled: false Ozone Security Enabled: false Ozone HTTP Security Enabled: false 
2022-10-10 08:42:06,693 [Listener at 0.0.0.0/37333] INFO  server.AuthenticationFilter (AuthenticationFilter.java:constructSecretProvider(240)) - Unable to initialize FileSignerSecretProvider, falling back to use random secrets.
2022-10-10 08:42:06,695 [Listener at 0.0.0.0/37333] WARN  http.HttpRequestLog (HttpRequestLog.java:getRequestLog(103)) - Jetty request log can only be enabled using Log4j
2022-10-10 08:42:06,696 [Listener at 0.0.0.0/37333] INFO  http.HttpServer2 (HttpServer2.java:addGlobalFilter(1031)) - Added global filter 'safety' (class=org.apache.hadoop.hdds.server.http.HttpServer2$QuotingInputFilter)
2022-10-10 08:42:06,697 [Listener at 0.0.0.0/37333] INFO  http.HttpServer2 (HttpServer2.java:addFilter(1007)) - Added filter static_user_filter (class=org.apache.hadoop.http.lib.StaticUserWebFilter$StaticUserFilter) to context scm
2022-10-10 08:42:06,697 [Listener at 0.0.0.0/37333] INFO  http.HttpServer2 (HttpServer2.java:addFilter(1015)) - Added filter static_user_filter (class=org.apache.hadoop.http.lib.StaticUserWebFilter$StaticUserFilter) to context logs
2022-10-10 08:42:06,697 [Listener at 0.0.0.0/37333] INFO  http.HttpServer2 (HttpServer2.java:addFilter(1015)) - Added filter static_user_filter (class=org.apache.hadoop.http.lib.StaticUserWebFilter$StaticUserFilter) to context static
2022-10-10 08:42:06,698 [Listener at 0.0.0.0/37333] INFO  http.HttpServer2 (HttpServer2.java:bindListener(1250)) - Jetty bound to port 45113
2022-10-10 08:42:06,698 [Listener at 0.0.0.0/37333] INFO  server.Server (Server.java:doStart(375)) - jetty-9.4.43.v20210629; built: 2021-06-30T11:07:22.254Z; git: 526006ecfa3af7f1a27ef3a288e2bef7ea9dd7e8; jvm 1.8.0_345-b01
2022-10-10 08:42:06,700 [Listener at 0.0.0.0/37333] INFO  server.session (DefaultSessionIdManager.java:doStart(334)) - DefaultSessionIdManager workerName=node0
2022-10-10 08:42:06,701 [Listener at 0.0.0.0/37333] INFO  server.session (DefaultSessionIdManager.java:doStart(339)) - No SessionScavenger set, using defaults
2022-10-10 08:42:06,701 [Listener at 0.0.0.0/37333] INFO  server.session (HouseKeeper.java:startScavenging(132)) - node0 Scavenging every 600000ms
2022-10-10 08:42:06,701 [Listener at 0.0.0.0/37333] INFO  handler.ContextHandler (ContextHandler.java:doStart(915)) - Started o.e.j.s.ServletContextHandler@12407f35{logs,/logs,file:///home/runner/work/ozone/ozone/hadoop-ozone/integration-test/target/log,AVAILABLE}
2022-10-10 08:42:06,702 [Listener at 0.0.0.0/37333] INFO  handler.ContextHandler (ContextHandler.java:doStart(915)) - Started o.e.j.s.ServletContextHandler@5b08d322{static,/static,file:///home/runner/work/ozone/ozone/hadoop-ozone/integration-test/target/test-classes/webapps/static,AVAILABLE}
2022-10-10 08:42:06,706 [Listener at 0.0.0.0/37333] INFO  handler.ContextHandler (ContextHandler.java:doStart(915)) - Started o.e.j.w.WebAppContext@65c5e4f1{scm,/,file:///home/runner/work/ozone/ozone/hadoop-ozone/integration-test/target/test-classes/webapps/scm/,AVAILABLE}{file:/home/runner/work/ozone/ozone/hadoop-ozone/integration-test/target/test-classes/webapps/scm}
2022-10-10 08:42:06,724 [Listener at 0.0.0.0/37333] INFO  server.AbstractConnector (AbstractConnector.java:doStart(331)) - Started ServerConnector@1ffd80f0{HTTP/1.1, (http/1.1)}{0.0.0.0:45113}
2022-10-10 08:42:06,724 [Listener at 0.0.0.0/37333] INFO  server.Server (Server.java:doStart(415)) - Started @458281ms
2022-10-10 08:42:06,724 [Listener at 0.0.0.0/37333] WARN  impl.MetricsSystemImpl (MetricsSystemImpl.java:register(279)) - Sink prometheus already exists!
2022-10-10 08:42:06,729 [Listener at 0.0.0.0/37333] INFO  http.BaseHttpServer (BaseHttpServer.java:updateConnectorAddress(333)) - HTTP server of scm listening at http://0.0.0.0:45113
2022-10-10 08:42:06,729 [Listener at 0.0.0.0/37333] WARN  server.ServerUtils (ServerUtils.java:getDBPath(225)) - ozone.om.db.dirs is not configured. We recommend adding this setting. Falling back to ozone.metadata.dirs instead.
2022-10-10 08:42:06,732 [Listener at 0.0.0.0/37333] INFO  ha.OMHANodeDetails (OMHANodeDetails.java:loadOMHAConfig(115)) - ozone.om.internal.service.id is not defined, falling back to ozone.om.service.ids to find serviceID for OzoneManager if it is HA enabled cluster
2022-10-10 08:42:06,732 [Listener at 0.0.0.0/37333] INFO  ha.OMHANodeDetails (OMHANodeDetails.java:loadOMHAConfig(226)) - Configuration does not have ozone.om.address set. Falling back to the default OM address /127.0.0.1:0
2022-10-10 08:42:06,732 [Listener at 0.0.0.0/37333] INFO  ha.OMHANodeDetails (OMHANodeDetails.java:getOMNodeDetailsForNonHA(254)) - OM Service ID is not set. Setting it to the default ID: omServiceIdDefault
2022-10-10 08:42:06,732 [Listener at 0.0.0.0/37333] INFO  ha.OMHANodeDetails (OMHANodeDetails.java:getOMNodeDetailsForNonHA(261)) - OM Node ID is not set. Setting it to the default ID: om1
2022-10-10 08:42:06,732 [Listener at 0.0.0.0/37333] WARN  server.ServerUtils (ServerUtils.java:getDBPath(225)) - ozone.om.db.dirs is not configured. We recommend adding this setting. Falling back to ozone.metadata.dirs instead.
2022-10-10 08:42:06,733 [Listener at 0.0.0.0/37333] INFO  upgrade.AbstractLayoutVersionManager (AbstractLayoutVersionManager.java:init(83)) - Initializing Layout version manager with metadata layout = MULTITENANCY_SCHEMA (version = 3), software layout = MULTITENANCY_SCHEMA (version = 3)
2022-10-10 08:42:06,899 [Listener at 0.0.0.0/37333] INFO  reflections.Reflections (Reflections.java:scan(232)) - Reflections took 162 ms to scan 2 urls, producing 154 keys and 428 values [using 2 cores]
2022-10-10 08:42:06,900 [Listener at 0.0.0.0/37333] INFO  upgrade.OMLayoutVersionManager (OMLayoutVersionManager.java:lambda$0(115)) - Skipping Upgrade Action MockOmUpgradeAction since it has been finalized.
2022-10-10 08:42:06,900 [Listener at 0.0.0.0/37333] WARN  server.ServerUtils (ServerUtils.java:getDBPath(225)) - ozone.om.db.dirs is not configured. We recommend adding this setting. Falling back to ozone.metadata.dirs instead.
2022-10-10 08:42:06,901 [Listener at 0.0.0.0/37333] INFO  proxy.SCMBlockLocationFailoverProxyProvider (SCMBlockLocationFailoverProxyProvider.java:<init>(114)) - Created block location fail-over proxy with 1 nodes: [nodeId=scmNodeId,nodeAddress=/0.0.0.0:37757]
2022-10-10 08:42:06,903 [Listener at 0.0.0.0/37333] INFO  proxy.SCMBlockLocationFailoverProxyProvider (SCMBlockLocationFailoverProxyProvider.java:<init>(114)) - Created block location fail-over proxy with 1 nodes: [nodeId=scmNodeId,nodeAddress=/0.0.0.0:37757]
2022-10-10 08:42:06,946 [Listener at 0.0.0.0/37333] WARN  server.ServerUtils (ServerUtils.java:getDBPath(225)) - ozone.om.db.dirs is not configured. We recommend adding this setting. Falling back to ozone.metadata.dirs instead.
2022-10-10 08:42:06,946 [Listener at 0.0.0.0/37333] INFO  codec.OmKeyInfoCodec (OmKeyInfoCodec.java:<init>(49)) - OmKeyInfoCodec ignorePipeline = true
2022-10-10 08:42:06,946 [Listener at 0.0.0.0/37333] INFO  codec.RepeatedOmKeyInfoCodec (RepeatedOmKeyInfoCodec.java:<init>(41)) - RepeatedOmKeyInfoCodec ignorePipeline = true
2022-10-10 08:42:07,342 [Listener at 0.0.0.0/37333] INFO  om.OzoneManager (OzoneManager.java:instantiateServices(710)) - S3 Multi-Tenancy is disabled
2022-10-10 08:42:07,344 [Listener at 0.0.0.0/37333] INFO  om.OzoneManager (OzoneManager.java:addS3GVolumeToDB(4325)) - Created Volume s3v With Owner runner required for S3Gateway operations.
2022-10-10 08:42:07,345 [Listener at 0.0.0.0/37333] INFO  om.OzoneManager (OzoneManager.java:getRpcServer(1100)) - Creating RPC Server
2022-10-10 08:42:08,244 [Listener at 0.0.0.0/37333] INFO  reflections.Reflections (Reflections.java:scan(232)) - Reflections took 898 ms to scan 19 urls, producing 67 keys and 4226 values [using 2 cores]
2022-10-10 08:42:08,247 [Listener at 0.0.0.0/37333] INFO  ipc.CallQueueManager (CallQueueManager.java:<init>(90)) - Using callQueue: class java.util.concurrent.LinkedBlockingQueue, queueCapacity: 2000, scheduler: class org.apache.hadoop.ipc.DefaultRpcScheduler, ipcBackoff: false.
2022-10-10 08:42:08,253 [Socket Reader #1 for port 0] INFO  ipc.Server (Server.java:run(1265)) - Starting Socket Reader #1 for port 0
2022-10-10 08:42:08,352 [Listener at 127.0.0.1/37485] INFO  impl.MetricsSystemImpl (MetricsSystemImpl.java:init(158)) - OzoneManager metrics system started (again)
2022-10-10 08:42:08,365 [Listener at 127.0.0.1/37485] INFO  om.OzoneManager (OzoneManager.java:start(1484)) - OzoneManager RPC server is listening at localhost/127.0.0.1:37485
2022-10-10 08:42:08,366 [Listener at 127.0.0.1/37485] INFO  om.OzoneManager (OzoneManager.java:start(1500)) - Version File has different layout version (3) than OM DB (null). That is expected if this OM has never been finalized to a newer layout version.
2022-10-10 08:42:08,385 [Listener at 127.0.0.1/37485] INFO  http.BaseHttpServer (BaseHttpServer.java:newHttpServer2BuilderForOzone(213)) - Starting Web-server for ozoneManager at: http://0.0.0.0:0
2022-10-10 08:42:08,385 [Listener at 127.0.0.1/37485] INFO  http.BaseHttpServer (BaseHttpServer.java:<init>(108)) - Hadoop Security Enabled: false Ozone Security Enabled: false Ozone HTTP Security Enabled: false 
2022-10-10 08:42:08,386 [Listener at 127.0.0.1/37485] INFO  server.AuthenticationFilter (AuthenticationFilter.java:constructSecretProvider(240)) - Unable to initialize FileSignerSecretProvider, falling back to use random secrets.
2022-10-10 08:42:08,390 [Listener at 127.0.0.1/37485] WARN  http.HttpRequestLog (HttpRequestLog.java:getRequestLog(103)) - Jetty request log can only be enabled using Log4j
2022-10-10 08:42:08,392 [Listener at 127.0.0.1/37485] INFO  http.HttpServer2 (HttpServer2.java:addGlobalFilter(1031)) - Added global filter 'safety' (class=org.apache.hadoop.hdds.server.http.HttpServer2$QuotingInputFilter)
2022-10-10 08:42:08,396 [Listener at 127.0.0.1/37485] INFO  http.HttpServer2 (HttpServer2.java:addFilter(1007)) - Added filter static_user_filter (class=org.apache.hadoop.http.lib.StaticUserWebFilter$StaticUserFilter) to context ozoneManager
2022-10-10 08:42:08,396 [Listener at 127.0.0.1/37485] INFO  http.HttpServer2 (HttpServer2.java:addFilter(1015)) - Added filter static_user_filter (class=org.apache.hadoop.http.lib.StaticUserWebFilter$StaticUserFilter) to context logs
2022-10-10 08:42:08,396 [Listener at 127.0.0.1/37485] INFO  http.HttpServer2 (HttpServer2.java:addFilter(1015)) - Added filter static_user_filter (class=org.apache.hadoop.http.lib.StaticUserWebFilter$StaticUserFilter) to context static
2022-10-10 08:42:08,397 [Listener at 127.0.0.1/37485] INFO  http.HttpServer2 (HttpServer2.java:bindListener(1250)) - Jetty bound to port 41945
2022-10-10 08:42:08,397 [Listener at 127.0.0.1/37485] INFO  server.Server (Server.java:doStart(375)) - jetty-9.4.43.v20210629; built: 2021-06-30T11:07:22.254Z; git: 526006ecfa3af7f1a27ef3a288e2bef7ea9dd7e8; jvm 1.8.0_345-b01
2022-10-10 08:42:08,408 [Listener at 127.0.0.1/37485] INFO  server.session (DefaultSessionIdManager.java:doStart(334)) - DefaultSessionIdManager workerName=node0
2022-10-10 08:42:08,409 [Listener at 127.0.0.1/37485] INFO  server.session (DefaultSessionIdManager.java:doStart(339)) - No SessionScavenger set, using defaults
2022-10-10 08:42:08,409 [Listener at 127.0.0.1/37485] INFO  server.session (HouseKeeper.java:startScavenging(132)) - node0 Scavenging every 600000ms
2022-10-10 08:42:08,410 [Listener at 127.0.0.1/37485] INFO  handler.ContextHandler (ContextHandler.java:doStart(915)) - Started o.e.j.s.ServletContextHandler@4bf8d984{logs,/logs,file:///home/runner/work/ozone/ozone/hadoop-ozone/integration-test/target/log,AVAILABLE}
2022-10-10 08:42:08,410 [Listener at 127.0.0.1/37485] INFO  handler.ContextHandler (ContextHandler.java:doStart(915)) - Started o.e.j.s.ServletContextHandler@7eeb21d5{static,/static,file:///home/runner/work/ozone/ozone/hadoop-ozone/integration-test/target/test-classes/webapps/static,AVAILABLE}
2022-10-10 08:42:08,420 [Listener at 127.0.0.1/37485] INFO  handler.ContextHandler (ContextHandler.java:doStart(915)) - Started o.e.j.w.WebAppContext@50cd0736{ozoneManager,/,file:///home/runner/work/ozone/ozone/hadoop-ozone/integration-test/target/test-classes/webapps/ozoneManager/,AVAILABLE}{file:/home/runner/work/ozone/ozone/hadoop-ozone/integration-test/target/test-classes/webapps/ozoneManager}
2022-10-10 08:42:08,430 [Listener at 127.0.0.1/37485] INFO  server.AbstractConnector (AbstractConnector.java:doStart(331)) - Started ServerConnector@7d0f9848{HTTP/1.1, (http/1.1)}{0.0.0.0:41945}
2022-10-10 08:42:08,430 [Listener at 127.0.0.1/37485] INFO  server.Server (Server.java:doStart(415)) - Started @459987ms
2022-10-10 08:42:08,431 [Listener at 127.0.0.1/37485] WARN  impl.MetricsSystemImpl (MetricsSystemImpl.java:register(279)) - Sink prometheus already exists!
2022-10-10 08:42:08,431 [Listener at 127.0.0.1/37485] INFO  http.BaseHttpServer (BaseHttpServer.java:updateConnectorAddress(333)) - HTTP server of ozoneManager listening at http://0.0.0.0:41945
2022-10-10 08:42:08,432 [IPC Server Responder] INFO  ipc.Server (Server.java:run(1507)) - IPC Server Responder: starting
2022-10-10 08:42:08,451 [IPC Server listener on 0] INFO  ipc.Server (Server.java:run(1344)) - IPC Server listener on 0: starting
2022-10-10 08:42:08,459 [Listener at 127.0.0.1/37485] INFO  om.TrashPolicyOzone (TrashPolicyOzone.java:<init>(178)) - Ozone Manager trash configuration: Deletion interval = 0 minutes, Emptier interval = 0 minutes.
2022-10-10 08:42:08,468 [org.apache.hadoop.util.JvmPauseMonitor$Monitor@fd8d34a] INFO  util.JvmPauseMonitor (JvmPauseMonitor.java:run(188)) - Starting JVM pause monitor
2022-10-10 08:42:08,503 [Listener at 127.0.0.1/37485] WARN  impl.MetricRegistriesImpl (MetricRegistriesImpl.java:addReporterRegistration(111)) - New reporters are added after registries were created. Some metrics will be missing from the reporter. Please add reporter before adding any new registry.
2022-10-10 08:42:08,504 [Listener at 127.0.0.1/37485] WARN  impl.MetricRegistriesImpl (MetricRegistriesImpl.java:addReporterRegistration(111)) - New reporters are added after registries were created. Some metrics will be missing from the reporter. Please add reporter before adding any new registry.
2022-10-10 08:42:08,504 [Listener at 127.0.0.1/37485] INFO  impl.MetricsSystemImpl (MetricsSystemImpl.java:init(158)) - HddsDatanode metrics system started (again)
2022-10-10 08:42:08,517 [Listener at 127.0.0.1/37485] INFO  ozone.HddsDatanodeService (HddsDatanodeService.java:start(236)) - HddsDatanodeService host:fv-az292-843.tqgtyn10aqxuxoi0mkfbldi5vh.jx.internal.cloudapp.net ip:10.1.0.114
2022-10-10 08:42:08,583 [Listener at 127.0.0.1/37485] INFO  upgrade.AbstractLayoutVersionManager (AbstractLayoutVersionManager.java:init(83)) - Initializing Layout version manager with metadata layout = DATANODE_SCHEMA_V3 (version = 4), software layout = DATANODE_SCHEMA_V3 (version = 4)
2022-10-10 08:42:08,653 [Listener at 127.0.0.1/37485] INFO  reflections.Reflections (Reflections.java:scan(232)) - Reflections took 69 ms to scan 7 urls, producing 135 keys and 327 values 
2022-10-10 08:42:08,654 [Listener at 127.0.0.1/37485] INFO  statemachine.DatanodeStateMachine (DatanodeStateMachine.java:getEndPointTaskThreadPoolSize(237)) - Datanode State Machine Task Thread Pool size 2
2022-10-10 08:42:08,656 [Listener at 127.0.0.1/37485] INFO  volume.HddsVolume (HddsVolume.java:<init>(117)) - Creating HddsVolume: /home/runner/work/ozone/ozone/hadoop-ozone/integration-test/target/test-dir/MiniOzoneClusterImpl-900ef34e-234b-421b-bced-fede2d4c92a4/datanode-0/data-0/containers/hdds of storage type : DISK capacity : 9223372036854775807
2022-10-10 08:42:08,656 [Listener at 127.0.0.1/37485] INFO  volume.MutableVolumeSet (MutableVolumeSet.java:initializeVolumeSet(174)) - Added Volume : /home/runner/work/ozone/ozone/hadoop-ozone/integration-test/target/test-dir/MiniOzoneClusterImpl-900ef34e-234b-421b-bced-fede2d4c92a4/datanode-0/data-0/containers/hdds to VolumeSet
2022-10-10 08:42:08,656 [Listener at 127.0.0.1/37485] INFO  volume.ThrottledAsyncChecker (ThrottledAsyncChecker.java:schedule(141)) - Scheduling a check for /home/runner/work/ozone/ozone/hadoop-ozone/integration-test/target/test-dir/MiniOzoneClusterImpl-900ef34e-234b-421b-bced-fede2d4c92a4/datanode-0/data-0/containers/hdds
2022-10-10 08:42:08,660 [Listener at 127.0.0.1/37485] INFO  volume.StorageVolumeChecker (StorageVolumeChecker.java:checkAllVolumes(202)) - Scheduled health check for volume /home/runner/work/ozone/ozone/hadoop-ozone/integration-test/target/test-dir/MiniOzoneClusterImpl-900ef34e-234b-421b-bced-fede2d4c92a4/datanode-0/data-0/containers/hdds
2022-10-10 08:42:08,681 [Listener at 127.0.0.1/37485] INFO  volume.MutableVolumeSet (MutableVolumeSet.java:initializeVolumeSet(174)) - Added Volume : /home/runner/work/ozone/ozone/hadoop-ozone/integration-test/target/test-dir/MiniOzoneClusterImpl-900ef34e-234b-421b-bced-fede2d4c92a4/datanode-0/data/ratis to VolumeSet
2022-10-10 08:42:08,682 [Listener at 127.0.0.1/37485] INFO  volume.ThrottledAsyncChecker (ThrottledAsyncChecker.java:schedule(141)) - Scheduling a check for /home/runner/work/ozone/ozone/hadoop-ozone/integration-test/target/test-dir/MiniOzoneClusterImpl-900ef34e-234b-421b-bced-fede2d4c92a4/datanode-0/data/ratis
2022-10-10 08:42:08,682 [Listener at 127.0.0.1/37485] INFO  volume.StorageVolumeChecker (StorageVolumeChecker.java:checkAllVolumes(202)) - Scheduled health check for volume /home/runner/work/ozone/ozone/hadoop-ozone/integration-test/target/test-dir/MiniOzoneClusterImpl-900ef34e-234b-421b-bced-fede2d4c92a4/datanode-0/data/ratis
2022-10-10 08:42:08,695 [Thread-1905] INFO  ozoneimpl.ContainerReader (ContainerReader.java:readVolume(175)) - Finish verifying containers on volume /home/runner/work/ozone/ozone/hadoop-ozone/integration-test/target/test-dir/MiniOzoneClusterImpl-900ef34e-234b-421b-bced-fede2d4c92a4/datanode-0/data-0/containers/hdds
2022-10-10 08:42:08,695 [Listener at 127.0.0.1/37485] INFO  ozoneimpl.OzoneContainer (OzoneContainer.java:buildContainerSet(300)) - Build ContainerSet costs 0s
2022-10-10 08:42:08,699 [Listener at 127.0.0.1/37485] INFO  server.RaftServer (ConfUtils.java:logGet(46)) - raft.rpc.type = GRPC (default)
2022-10-10 08:42:08,699 [Listener at 127.0.0.1/37485] INFO  grpc.GrpcFactory (GrpcFactory.java:checkPooledByteBufAllocatorUseCacheForAllThreads(48)) - PERFORMANCE WARNING: useCacheForAllThreads is true that may cause Netty to create a lot garbage objects and, as a result, trigger GC.
	It is recommended to disable useCacheForAllThreads by setting -Dorg.apache.ratis.thirdparty.io.netty.allocator.useCacheForAllThreads=false in command line.
2022-10-10 08:42:08,699 [Listener at 127.0.0.1/37485] INFO  grpc.GrpcConfigKeys (ConfUtils.java:logGet(46)) - raft.grpc.admin.port = 0 (custom)
2022-10-10 08:42:08,699 [Listener at 127.0.0.1/37485] INFO  grpc.GrpcConfigKeys (ConfUtils.java:logGet(46)) - raft.grpc.client.port = 0 (custom)
2022-10-10 08:42:08,699 [Listener at 127.0.0.1/37485] INFO  grpc.GrpcConfigKeys (ConfUtils.java:logGet(46)) - raft.grpc.server.port = 0 (default)
2022-10-10 08:42:08,700 [Listener at 127.0.0.1/37485] INFO  server.GrpcService (ConfUtils.java:logGet(46)) - raft.grpc.message.size.max = 32MB (=33554432) (custom)
2022-10-10 08:42:08,700 [Listener at 127.0.0.1/37485] INFO  server.RaftServerConfigKeys (ConfUtils.java:logGet(46)) - raft.server.log.appender.buffer.byte-limit = 33554432 (custom)
2022-10-10 08:42:08,700 [Listener at 127.0.0.1/37485] INFO  server.GrpcService (ConfUtils.java:logGet(46)) - raft.grpc.flow.control.window = 5MB (=5242880) (custom)
2022-10-10 08:42:08,700 [Listener at 127.0.0.1/37485] INFO  server.RaftServerConfigKeys (ConfUtils.java:logGet(46)) - raft.server.rpc.request.timeout = 60s (custom)
2022-10-10 08:42:08,700 [Listener at 127.0.0.1/37485] INFO  grpc.GrpcConfigKeys (ConfUtils.java:logGet(46)) - raft.grpc.server.async.request.thread.pool.cached = true (default)
2022-10-10 08:42:08,700 [Listener at 127.0.0.1/37485] INFO  grpc.GrpcConfigKeys (ConfUtils.java:logGet(46)) - raft.grpc.server.async.request.thread.pool.size = 32 (default)
2022-10-10 08:42:08,702 [Listener at 127.0.0.1/37485] INFO  impl.DataStreamServerImpl (ConfUtils.java:logGet(46)) - raft.datastream.type = DISABLED (default)
2022-10-10 08:42:08,702 [Listener at 127.0.0.1/37485] INFO  server.RaftServerConfigKeys (ConfUtils.java:logGet(46)) - raft.server.threadpool.proxy.cached = true (default)
2022-10-10 08:42:08,702 [Listener at 127.0.0.1/37485] INFO  server.RaftServerConfigKeys (ConfUtils.java:logGet(46)) - raft.server.threadpool.proxy.size = 0 (default)
2022-10-10 08:42:08,702 [Listener at 127.0.0.1/37485] INFO  server.RaftServerConfigKeys (ConfUtils.java:logGet(46)) - raft.server.rpc.slowness.timeout = 300s (custom)
2022-10-10 08:42:08,703 [Listener at 127.0.0.1/37485] INFO  server.RaftServerConfigKeys (ConfUtils.java:logGet(46)) - raft.server.leaderelection.leader.step-down.wait-time = 10s (default)
2022-10-10 08:42:08,703 [Listener at 127.0.0.1/37485] INFO  server.RaftServerConfigKeys (ConfUtils.java:logGet(46)) - raft.server.storage.dir = [/home/runner/work/ozone/ozone/hadoop-ozone/integration-test/target/test-dir/MiniOzoneClusterImpl-900ef34e-234b-421b-bced-fede2d4c92a4/datanode-0/data/ratis] (custom)
2022-10-10 08:42:08,715 [Listener at 127.0.0.1/37485] INFO  server.XceiverServerGrpc (XceiverServerGrpc.java:<init>(132)) - GrpcServer channel type EpollServerSocketChannel
2022-10-10 08:42:08,726 [Listener at 127.0.0.1/37485] INFO  http.BaseHttpServer (BaseHttpServer.java:newHttpServer2BuilderForOzone(213)) - Starting Web-server for hddsDatanode at: http://0.0.0.0:0
2022-10-10 08:42:08,726 [Listener at 127.0.0.1/37485] INFO  http.BaseHttpServer (BaseHttpServer.java:<init>(108)) - Hadoop Security Enabled: false Ozone Security Enabled: false Ozone HTTP Security Enabled: false 
2022-10-10 08:42:08,727 [Listener at 127.0.0.1/37485] INFO  server.AuthenticationFilter (AuthenticationFilter.java:constructSecretProvider(240)) - Unable to initialize FileSignerSecretProvider, falling back to use random secrets.
2022-10-10 08:42:08,732 [Listener at 127.0.0.1/37485] WARN  http.HttpRequestLog (HttpRequestLog.java:getRequestLog(103)) - Jetty request log can only be enabled using Log4j
2022-10-10 08:42:08,733 [Listener at 127.0.0.1/37485] INFO  http.HttpServer2 (HttpServer2.java:addGlobalFilter(1031)) - Added global filter 'safety' (class=org.apache.hadoop.hdds.server.http.HttpServer2$QuotingInputFilter)
2022-10-10 08:42:08,733 [Listener at 127.0.0.1/37485] INFO  http.HttpServer2 (HttpServer2.java:addFilter(1007)) - Added filter static_user_filter (class=org.apache.hadoop.http.lib.StaticUserWebFilter$StaticUserFilter) to context hddsDatanode
2022-10-10 08:42:08,734 [Listener at 127.0.0.1/37485] INFO  http.HttpServer2 (HttpServer2.java:addFilter(1015)) - Added filter static_user_filter (class=org.apache.hadoop.http.lib.StaticUserWebFilter$StaticUserFilter) to context logs
2022-10-10 08:42:08,734 [Listener at 127.0.0.1/37485] INFO  http.HttpServer2 (HttpServer2.java:addFilter(1015)) - Added filter static_user_filter (class=org.apache.hadoop.http.lib.StaticUserWebFilter$StaticUserFilter) to context static
2022-10-10 08:42:08,734 [Listener at 127.0.0.1/37485] INFO  http.HttpServer2 (HttpServer2.java:bindListener(1250)) - Jetty bound to port 40523
2022-10-10 08:42:08,734 [Listener at 127.0.0.1/37485] INFO  server.Server (Server.java:doStart(375)) - jetty-9.4.43.v20210629; built: 2021-06-30T11:07:22.254Z; git: 526006ecfa3af7f1a27ef3a288e2bef7ea9dd7e8; jvm 1.8.0_345-b01
2022-10-10 08:42:08,757 [Listener at 127.0.0.1/37485] INFO  server.session (DefaultSessionIdManager.java:doStart(334)) - DefaultSessionIdManager workerName=node0
2022-10-10 08:42:08,758 [Listener at 127.0.0.1/37485] INFO  server.session (DefaultSessionIdManager.java:doStart(339)) - No SessionScavenger set, using defaults
2022-10-10 08:42:08,758 [Listener at 127.0.0.1/37485] INFO  server.session (HouseKeeper.java:startScavenging(132)) - node0 Scavenging every 660000ms
2022-10-10 08:42:08,759 [Listener at 127.0.0.1/37485] INFO  handler.ContextHandler (ContextHandler.java:doStart(915)) - Started o.e.j.s.ServletContextHandler@13b1328{logs,/logs,file:///home/runner/work/ozone/ozone/hadoop-ozone/integration-test/target/log,AVAILABLE}
2022-10-10 08:42:08,759 [Listener at 127.0.0.1/37485] INFO  handler.ContextHandler (ContextHandler.java:doStart(915)) - Started o.e.j.s.ServletContextHandler@2b7f48eb{static,/static,jar:file:/home/runner/.m2/repository/org/apache/ozone/hdds-container-service/1.3.0-SNAPSHOT/hdds-container-service-1.3.0-SNAPSHOT.jar!/webapps/static,AVAILABLE}
2022-10-10 08:42:09,081 [Listener at 127.0.0.1/37485] INFO  handler.ContextHandler (ContextHandler.java:doStart(915)) - Started o.e.j.w.WebAppContext@764cc1fb{hddsDatanode,/,file:///tmp/jetty-0_0_0_0-40523-hdds-container-service-1_3_0-SNAPSHOT_jar-_-any-3960220742714833346/webapp/,AVAILABLE}{jar:file:/home/runner/.m2/repository/org/apache/ozone/hdds-container-service/1.3.0-SNAPSHOT/hdds-container-service-1.3.0-SNAPSHOT.jar!/webapps/hddsDatanode}
2022-10-10 08:42:09,093 [Listener at 127.0.0.1/37485] INFO  server.AbstractConnector (AbstractConnector.java:doStart(331)) - Started ServerConnector@3395fc82{HTTP/1.1, (http/1.1)}{0.0.0.0:40523}
2022-10-10 08:42:09,093 [Listener at 127.0.0.1/37485] INFO  server.Server (Server.java:doStart(415)) - Started @460650ms
2022-10-10 08:42:09,093 [Listener at 127.0.0.1/37485] WARN  impl.MetricsSystemImpl (MetricsSystemImpl.java:register(279)) - Sink prometheus already exists!
2022-10-10 08:42:09,096 [Listener at 127.0.0.1/37485] INFO  http.BaseHttpServer (BaseHttpServer.java:updateConnectorAddress(333)) - HTTP server of hddsDatanode listening at http://0.0.0.0:40523
2022-10-10 08:42:09,097 [Listener at 127.0.0.1/37485] WARN  impl.MetricRegistriesImpl (MetricRegistriesImpl.java:addReporterRegistration(111)) - New reporters are added after registries were created. Some metrics will be missing from the reporter. Please add reporter before adding any new registry.
2022-10-10 08:42:09,097 [Listener at 127.0.0.1/37485] WARN  impl.MetricRegistriesImpl (MetricRegistriesImpl.java:addReporterRegistration(111)) - New reporters are added after registries were created. Some metrics will be missing from the reporter. Please add reporter before adding any new registry.
2022-10-10 08:42:09,101 [Listener at 127.0.0.1/37485] INFO  impl.MetricsSystemImpl (MetricsSystemImpl.java:init(158)) - HddsDatanode metrics system started (again)
2022-10-10 08:42:09,116 [Datanode State Machine Daemon Thread] INFO  statemachine.DatanodeStateMachine (DatanodeStateMachine.java:lambda$startDaemon$0(492)) - Ozone container server started.
2022-10-10 08:42:09,144 [org.apache.hadoop.util.JvmPauseMonitor$Monitor@521f2374] INFO  util.JvmPauseMonitor (JvmPauseMonitor.java:run(188)) - Starting JVM pause monitor
2022-10-10 08:42:09,152 [Datanode State Machine Task Thread - 0] INFO  datanode.InitDatanodeState (InitDatanodeState.java:persistContainerDatanodeDetails(138)) - DatanodeDetails is persisted to /home/runner/work/ozone/ozone/hadoop-ozone/integration-test/target/test-dir/MiniOzoneClusterImpl-900ef34e-234b-421b-bced-fede2d4c92a4/datanode-0/meta/datanode.id
2022-10-10 08:42:09,175 [Listener at 127.0.0.1/37485] INFO  ozone.HddsDatanodeService (HddsDatanodeService.java:start(236)) - HddsDatanodeService host:fv-az292-843.tqgtyn10aqxuxoi0mkfbldi5vh.jx.internal.cloudapp.net ip:10.1.0.114
2022-10-10 08:42:09,216 [Listener at 127.0.0.1/37485] INFO  upgrade.AbstractLayoutVersionManager (AbstractLayoutVersionManager.java:init(83)) - Initializing Layout version manager with metadata layout = DATANODE_SCHEMA_V3 (version = 4), software layout = DATANODE_SCHEMA_V3 (version = 4)
2022-10-10 08:42:09,284 [Listener at 127.0.0.1/37485] INFO  reflections.Reflections (Reflections.java:scan(232)) - Reflections took 67 ms to scan 7 urls, producing 135 keys and 327 values 
2022-10-10 08:42:09,287 [Listener at 127.0.0.1/37485] INFO  statemachine.DatanodeStateMachine (DatanodeStateMachine.java:getEndPointTaskThreadPoolSize(237)) - Datanode State Machine Task Thread Pool size 2
2022-10-10 08:42:09,289 [Listener at 127.0.0.1/37485] INFO  volume.HddsVolume (HddsVolume.java:<init>(117)) - Creating HddsVolume: /home/runner/work/ozone/ozone/hadoop-ozone/integration-test/target/test-dir/MiniOzoneClusterImpl-900ef34e-234b-421b-bced-fede2d4c92a4/datanode-1/data-0/containers/hdds of storage type : DISK capacity : 9223372036854775807
2022-10-10 08:42:09,289 [Listener at 127.0.0.1/37485] INFO  volume.MutableVolumeSet (MutableVolumeSet.java:initializeVolumeSet(174)) - Added Volume : /home/runner/work/ozone/ozone/hadoop-ozone/integration-test/target/test-dir/MiniOzoneClusterImpl-900ef34e-234b-421b-bced-fede2d4c92a4/datanode-1/data-0/containers/hdds to VolumeSet
2022-10-10 08:42:09,290 [Listener at 127.0.0.1/37485] INFO  volume.ThrottledAsyncChecker (ThrottledAsyncChecker.java:schedule(141)) - Scheduling a check for /home/runner/work/ozone/ozone/hadoop-ozone/integration-test/target/test-dir/MiniOzoneClusterImpl-900ef34e-234b-421b-bced-fede2d4c92a4/datanode-1/data-0/containers/hdds
2022-10-10 08:42:09,290 [Listener at 127.0.0.1/37485] INFO  volume.StorageVolumeChecker (StorageVolumeChecker.java:checkAllVolumes(202)) - Scheduled health check for volume /home/runner/work/ozone/ozone/hadoop-ozone/integration-test/target/test-dir/MiniOzoneClusterImpl-900ef34e-234b-421b-bced-fede2d4c92a4/datanode-1/data-0/containers/hdds
2022-10-10 08:42:09,308 [Listener at 127.0.0.1/37485] INFO  volume.MutableVolumeSet (MutableVolumeSet.java:initializeVolumeSet(174)) - Added Volume : /home/runner/work/ozone/ozone/hadoop-ozone/integration-test/target/test-dir/MiniOzoneClusterImpl-900ef34e-234b-421b-bced-fede2d4c92a4/datanode-1/data/ratis to VolumeSet
2022-10-10 08:42:09,309 [Listener at 127.0.0.1/37485] INFO  volume.ThrottledAsyncChecker (ThrottledAsyncChecker.java:schedule(141)) - Scheduling a check for /home/runner/work/ozone/ozone/hadoop-ozone/integration-test/target/test-dir/MiniOzoneClusterImpl-900ef34e-234b-421b-bced-fede2d4c92a4/datanode-1/data/ratis
2022-10-10 08:42:09,309 [Listener at 127.0.0.1/37485] INFO  volume.StorageVolumeChecker (StorageVolumeChecker.java:checkAllVolumes(202)) - Scheduled health check for volume /home/runner/work/ozone/ozone/hadoop-ozone/integration-test/target/test-dir/MiniOzoneClusterImpl-900ef34e-234b-421b-bced-fede2d4c92a4/datanode-1/data/ratis
2022-10-10 08:42:09,334 [Thread-1918] INFO  ozoneimpl.ContainerReader (ContainerReader.java:readVolume(175)) - Finish verifying containers on volume /home/runner/work/ozone/ozone/hadoop-ozone/integration-test/target/test-dir/MiniOzoneClusterImpl-900ef34e-234b-421b-bced-fede2d4c92a4/datanode-1/data-0/containers/hdds
2022-10-10 08:42:09,334 [Listener at 127.0.0.1/37485] INFO  ozoneimpl.OzoneContainer (OzoneContainer.java:buildContainerSet(300)) - Build ContainerSet costs 0s
2022-10-10 08:42:09,336 [Listener at 127.0.0.1/37485] INFO  server.RaftServer (ConfUtils.java:logGet(46)) - raft.rpc.type = GRPC (default)
2022-10-10 08:42:09,337 [Listener at 127.0.0.1/37485] INFO  grpc.GrpcFactory (GrpcFactory.java:checkPooledByteBufAllocatorUseCacheForAllThreads(48)) - PERFORMANCE WARNING: useCacheForAllThreads is true that may cause Netty to create a lot garbage objects and, as a result, trigger GC.
	It is recommended to disable useCacheForAllThreads by setting -Dorg.apache.ratis.thirdparty.io.netty.allocator.useCacheForAllThreads=false in command line.
2022-10-10 08:42:09,337 [Listener at 127.0.0.1/37485] INFO  grpc.GrpcConfigKeys (ConfUtils.java:logGet(46)) - raft.grpc.admin.port = 0 (custom)
2022-10-10 08:42:09,338 [Listener at 127.0.0.1/37485] INFO  grpc.GrpcConfigKeys (ConfUtils.java:logGet(46)) - raft.grpc.client.port = 0 (custom)
2022-10-10 08:42:09,338 [Listener at 127.0.0.1/37485] INFO  grpc.GrpcConfigKeys (ConfUtils.java:logGet(46)) - raft.grpc.server.port = 0 (default)
2022-10-10 08:42:09,338 [Listener at 127.0.0.1/37485] INFO  server.GrpcService (ConfUtils.java:logGet(46)) - raft.grpc.message.size.max = 32MB (=33554432) (custom)
2022-10-10 08:42:09,338 [Listener at 127.0.0.1/37485] INFO  server.RaftServerConfigKeys (ConfUtils.java:logGet(46)) - raft.server.log.appender.buffer.byte-limit = 33554432 (custom)
2022-10-10 08:42:09,338 [Listener at 127.0.0.1/37485] INFO  server.GrpcService (ConfUtils.java:logGet(46)) - raft.grpc.flow.control.window = 5MB (=5242880) (custom)
2022-10-10 08:42:09,339 [Listener at 127.0.0.1/37485] INFO  server.RaftServerConfigKeys (ConfUtils.java:logGet(46)) - raft.server.rpc.request.timeout = 60s (custom)
2022-10-10 08:42:09,339 [Listener at 127.0.0.1/37485] INFO  grpc.GrpcConfigKeys (ConfUtils.java:logGet(46)) - raft.grpc.server.async.request.thread.pool.cached = true (default)
2022-10-10 08:42:09,339 [Listener at 127.0.0.1/37485] INFO  grpc.GrpcConfigKeys (ConfUtils.java:logGet(46)) - raft.grpc.server.async.request.thread.pool.size = 32 (default)
2022-10-10 08:42:09,344 [Listener at 127.0.0.1/37485] INFO  impl.DataStreamServerImpl (ConfUtils.java:logGet(46)) - raft.datastream.type = DISABLED (default)
2022-10-10 08:42:09,344 [Listener at 127.0.0.1/37485] INFO  server.RaftServerConfigKeys (ConfUtils.java:logGet(46)) - raft.server.threadpool.proxy.cached = true (default)
2022-10-10 08:42:09,344 [Listener at 127.0.0.1/37485] INFO  server.RaftServerConfigKeys (ConfUtils.java:logGet(46)) - raft.server.threadpool.proxy.size = 0 (default)
2022-10-10 08:42:09,344 [Listener at 127.0.0.1/37485] INFO  server.RaftServerConfigKeys (ConfUtils.java:logGet(46)) - raft.server.rpc.slowness.timeout = 300s (custom)
2022-10-10 08:42:09,345 [Listener at 127.0.0.1/37485] INFO  server.RaftServerConfigKeys (ConfUtils.java:logGet(46)) - raft.server.leaderelection.leader.step-down.wait-time = 10s (default)
2022-10-10 08:42:09,345 [Listener at 127.0.0.1/37485] INFO  server.RaftServerConfigKeys (ConfUtils.java:logGet(46)) - raft.server.storage.dir = [/home/runner/work/ozone/ozone/hadoop-ozone/integration-test/target/test-dir/MiniOzoneClusterImpl-900ef34e-234b-421b-bced-fede2d4c92a4/datanode-1/data/ratis] (custom)
2022-10-10 08:42:09,346 [Listener at 127.0.0.1/37485] INFO  server.XceiverServerGrpc (XceiverServerGrpc.java:<init>(132)) - GrpcServer channel type EpollServerSocketChannel
2022-10-10 08:42:09,355 [Listener at 127.0.0.1/37485] INFO  http.BaseHttpServer (BaseHttpServer.java:newHttpServer2BuilderForOzone(213)) - Starting Web-server for hddsDatanode at: http://0.0.0.0:0
2022-10-10 08:42:09,355 [Listener at 127.0.0.1/37485] INFO  http.BaseHttpServer (BaseHttpServer.java:<init>(108)) - Hadoop Security Enabled: false Ozone Security Enabled: false Ozone HTTP Security Enabled: false 
2022-10-10 08:42:09,356 [Listener at 127.0.0.1/37485] INFO  server.AuthenticationFilter (AuthenticationFilter.java:constructSecretProvider(240)) - Unable to initialize FileSignerSecretProvider, falling back to use random secrets.
2022-10-10 08:42:09,357 [Listener at 127.0.0.1/37485] WARN  http.HttpRequestLog (HttpRequestLog.java:getRequestLog(103)) - Jetty request log can only be enabled using Log4j
2022-10-10 08:42:09,359 [Listener at 127.0.0.1/37485] INFO  http.HttpServer2 (HttpServer2.java:addGlobalFilter(1031)) - Added global filter 'safety' (class=org.apache.hadoop.hdds.server.http.HttpServer2$QuotingInputFilter)
2022-10-10 08:42:09,359 [Listener at 127.0.0.1/37485] INFO  http.HttpServer2 (HttpServer2.java:addFilter(1007)) - Added filter static_user_filter (class=org.apache.hadoop.http.lib.StaticUserWebFilter$StaticUserFilter) to context hddsDatanode
2022-10-10 08:42:09,359 [Listener at 127.0.0.1/37485] INFO  http.HttpServer2 (HttpServer2.java:addFilter(1015)) - Added filter static_user_filter (class=org.apache.hadoop.http.lib.StaticUserWebFilter$StaticUserFilter) to context logs
2022-10-10 08:42:09,359 [Listener at 127.0.0.1/37485] INFO  http.HttpServer2 (HttpServer2.java:addFilter(1015)) - Added filter static_user_filter (class=org.apache.hadoop.http.lib.StaticUserWebFilter$StaticUserFilter) to context static
2022-10-10 08:42:09,362 [Listener at 127.0.0.1/37485] INFO  http.HttpServer2 (HttpServer2.java:bindListener(1250)) - Jetty bound to port 44671
2022-10-10 08:42:09,362 [Listener at 127.0.0.1/37485] INFO  server.Server (Server.java:doStart(375)) - jetty-9.4.43.v20210629; built: 2021-06-30T11:07:22.254Z; git: 526006ecfa3af7f1a27ef3a288e2bef7ea9dd7e8; jvm 1.8.0_345-b01
2022-10-10 08:42:09,371 [Listener at 127.0.0.1/37485] INFO  server.session (DefaultSessionIdManager.java:doStart(334)) - DefaultSessionIdManager workerName=node0
2022-10-10 08:42:09,371 [Listener at 127.0.0.1/37485] INFO  server.session (DefaultSessionIdManager.java:doStart(339)) - No SessionScavenger set, using defaults
2022-10-10 08:42:09,371 [Listener at 127.0.0.1/37485] INFO  server.session (HouseKeeper.java:startScavenging(132)) - node0 Scavenging every 600000ms
2022-10-10 08:42:09,372 [Listener at 127.0.0.1/37485] INFO  handler.ContextHandler (ContextHandler.java:doStart(915)) - Started o.e.j.s.ServletContextHandler@6e970fef{logs,/logs,file:///home/runner/work/ozone/ozone/hadoop-ozone/integration-test/target/log,AVAILABLE}
2022-10-10 08:42:09,372 [Listener at 127.0.0.1/37485] INFO  handler.ContextHandler (ContextHandler.java:doStart(915)) - Started o.e.j.s.ServletContextHandler@de96d10{static,/static,jar:file:/home/runner/.m2/repository/org/apache/ozone/hdds-container-service/1.3.0-SNAPSHOT/hdds-container-service-1.3.0-SNAPSHOT.jar!/webapps/static,AVAILABLE}
2022-10-10 08:42:09,714 [Listener at 127.0.0.1/37485] INFO  handler.ContextHandler (ContextHandler.java:doStart(915)) - Started o.e.j.w.WebAppContext@698ccbf0{hddsDatanode,/,file:///tmp/jetty-0_0_0_0-44671-hdds-container-service-1_3_0-SNAPSHOT_jar-_-any-8778835167408300748/webapp/,AVAILABLE}{jar:file:/home/runner/.m2/repository/org/apache/ozone/hdds-container-service/1.3.0-SNAPSHOT/hdds-container-service-1.3.0-SNAPSHOT.jar!/webapps/hddsDatanode}
2022-10-10 08:42:09,729 [Listener at 127.0.0.1/37485] INFO  server.AbstractConnector (AbstractConnector.java:doStart(331)) - Started ServerConnector@6a000da8{HTTP/1.1, (http/1.1)}{0.0.0.0:44671}
2022-10-10 08:42:09,729 [Listener at 127.0.0.1/37485] INFO  server.Server (Server.java:doStart(415)) - Started @461286ms
2022-10-10 08:42:09,729 [Listener at 127.0.0.1/37485] WARN  impl.MetricsSystemImpl (MetricsSystemImpl.java:register(279)) - Sink prometheus already exists!
2022-10-10 08:42:09,731 [Listener at 127.0.0.1/37485] INFO  http.BaseHttpServer (BaseHttpServer.java:updateConnectorAddress(333)) - HTTP server of hddsDatanode listening at http://0.0.0.0:44671
2022-10-10 08:42:09,731 [Listener at 127.0.0.1/37485] WARN  impl.MetricRegistriesImpl (MetricRegistriesImpl.java:addReporterRegistration(111)) - New reporters are added after registries were created. Some metrics will be missing from the reporter. Please add reporter before adding any new registry.
2022-10-10 08:42:09,731 [Listener at 127.0.0.1/37485] WARN  impl.MetricRegistriesImpl (MetricRegistriesImpl.java:addReporterRegistration(111)) - New reporters are added after registries were created. Some metrics will be missing from the reporter. Please add reporter before adding any new registry.
2022-10-10 08:42:09,732 [Listener at 127.0.0.1/37485] INFO  impl.MetricsSystemImpl (MetricsSystemImpl.java:init(158)) - HddsDatanode metrics system started (again)
2022-10-10 08:42:09,740 [Datanode State Machine Daemon Thread] INFO  statemachine.DatanodeStateMachine (DatanodeStateMachine.java:lambda$startDaemon$0(492)) - Ozone container server started.
2022-10-10 08:42:09,765 [Listener at 127.0.0.1/37485] INFO  ozone.HddsDatanodeService (HddsDatanodeService.java:start(236)) - HddsDatanodeService host:fv-az292-843.tqgtyn10aqxuxoi0mkfbldi5vh.jx.internal.cloudapp.net ip:10.1.0.114
2022-10-10 08:42:09,837 [Listener at 127.0.0.1/37485] INFO  upgrade.AbstractLayoutVersionManager (AbstractLayoutVersionManager.java:init(83)) - Initializing Layout version manager with metadata layout = DATANODE_SCHEMA_V3 (version = 4), software layout = DATANODE_SCHEMA_V3 (version = 4)
2022-10-10 08:42:09,839 [org.apache.hadoop.util.JvmPauseMonitor$Monitor@cbd27e] INFO  util.JvmPauseMonitor (JvmPauseMonitor.java:run(188)) - Starting JVM pause monitor
2022-10-10 08:42:09,861 [Datanode State Machine Task Thread - 0] INFO  datanode.InitDatanodeState (InitDatanodeState.java:persistContainerDatanodeDetails(138)) - DatanodeDetails is persisted to /home/runner/work/ozone/ozone/hadoop-ozone/integration-test/target/test-dir/MiniOzoneClusterImpl-900ef34e-234b-421b-bced-fede2d4c92a4/datanode-1/meta/datanode.id
2022-10-10 08:42:09,994 [Listener at 127.0.0.1/37485] INFO  reflections.Reflections (Reflections.java:scan(232)) - Reflections took 155 ms to scan 7 urls, producing 135 keys and 327 values 
2022-10-10 08:42:09,996 [Listener at 127.0.0.1/37485] INFO  statemachine.DatanodeStateMachine (DatanodeStateMachine.java:getEndPointTaskThreadPoolSize(237)) - Datanode State Machine Task Thread Pool size 2
2022-10-10 08:42:09,998 [Listener at 127.0.0.1/37485] INFO  volume.HddsVolume (HddsVolume.java:<init>(117)) - Creating HddsVolume: /home/runner/work/ozone/ozone/hadoop-ozone/integration-test/target/test-dir/MiniOzoneClusterImpl-900ef34e-234b-421b-bced-fede2d4c92a4/datanode-2/data-0/containers/hdds of storage type : DISK capacity : 9223372036854775807
2022-10-10 08:42:09,998 [Listener at 127.0.0.1/37485] INFO  volume.MutableVolumeSet (MutableVolumeSet.java:initializeVolumeSet(174)) - Added Volume : /home/runner/work/ozone/ozone/hadoop-ozone/integration-test/target/test-dir/MiniOzoneClusterImpl-900ef34e-234b-421b-bced-fede2d4c92a4/datanode-2/data-0/containers/hdds to VolumeSet
2022-10-10 08:42:09,998 [Listener at 127.0.0.1/37485] INFO  volume.ThrottledAsyncChecker (ThrottledAsyncChecker.java:schedule(141)) - Scheduling a check for /home/runner/work/ozone/ozone/hadoop-ozone/integration-test/target/test-dir/MiniOzoneClusterImpl-900ef34e-234b-421b-bced-fede2d4c92a4/datanode-2/data-0/containers/hdds
2022-10-10 08:42:09,999 [Listener at 127.0.0.1/37485] INFO  volume.StorageVolumeChecker (StorageVolumeChecker.java:checkAllVolumes(202)) - Scheduled health check for volume /home/runner/work/ozone/ozone/hadoop-ozone/integration-test/target/test-dir/MiniOzoneClusterImpl-900ef34e-234b-421b-bced-fede2d4c92a4/datanode-2/data-0/containers/hdds
2022-10-10 08:42:10,017 [Listener at 127.0.0.1/37485] INFO  volume.MutableVolumeSet (MutableVolumeSet.java:initializeVolumeSet(174)) - Added Volume : /home/runner/work/ozone/ozone/hadoop-ozone/integration-test/target/test-dir/MiniOzoneClusterImpl-900ef34e-234b-421b-bced-fede2d4c92a4/datanode-2/data/ratis to VolumeSet
2022-10-10 08:42:10,017 [Listener at 127.0.0.1/37485] INFO  volume.ThrottledAsyncChecker (ThrottledAsyncChecker.java:schedule(141)) - Scheduling a check for /home/runner/work/ozone/ozone/hadoop-ozone/integration-test/target/test-dir/MiniOzoneClusterImpl-900ef34e-234b-421b-bced-fede2d4c92a4/datanode-2/data/ratis
2022-10-10 08:42:10,017 [Listener at 127.0.0.1/37485] INFO  volume.StorageVolumeChecker (StorageVolumeChecker.java:checkAllVolumes(202)) - Scheduled health check for volume /home/runner/work/ozone/ozone/hadoop-ozone/integration-test/target/test-dir/MiniOzoneClusterImpl-900ef34e-234b-421b-bced-fede2d4c92a4/datanode-2/data/ratis
2022-10-10 08:42:10,043 [Thread-1931] INFO  ozoneimpl.ContainerReader (ContainerReader.java:readVolume(175)) - Finish verifying containers on volume /home/runner/work/ozone/ozone/hadoop-ozone/integration-test/target/test-dir/MiniOzoneClusterImpl-900ef34e-234b-421b-bced-fede2d4c92a4/datanode-2/data-0/containers/hdds
2022-10-10 08:42:10,043 [Listener at 127.0.0.1/37485] INFO  ozoneimpl.OzoneContainer (OzoneContainer.java:buildContainerSet(300)) - Build ContainerSet costs 0s
2022-10-10 08:42:10,045 [Listener at 127.0.0.1/37485] INFO  server.RaftServer (ConfUtils.java:logGet(46)) - raft.rpc.type = GRPC (default)
2022-10-10 08:42:10,045 [Listener at 127.0.0.1/37485] INFO  grpc.GrpcFactory (GrpcFactory.java:checkPooledByteBufAllocatorUseCacheForAllThreads(48)) - PERFORMANCE WARNING: useCacheForAllThreads is true that may cause Netty to create a lot garbage objects and, as a result, trigger GC.
	It is recommended to disable useCacheForAllThreads by setting -Dorg.apache.ratis.thirdparty.io.netty.allocator.useCacheForAllThreads=false in command line.
2022-10-10 08:42:10,045 [Listener at 127.0.0.1/37485] INFO  grpc.GrpcConfigKeys (ConfUtils.java:logGet(46)) - raft.grpc.admin.port = 0 (custom)
2022-10-10 08:42:10,046 [Listener at 127.0.0.1/37485] INFO  grpc.GrpcConfigKeys (ConfUtils.java:logGet(46)) - raft.grpc.client.port = 0 (custom)
2022-10-10 08:42:10,046 [Listener at 127.0.0.1/37485] INFO  grpc.GrpcConfigKeys (ConfUtils.java:logGet(46)) - raft.grpc.server.port = 0 (default)
2022-10-10 08:42:10,046 [Listener at 127.0.0.1/37485] INFO  server.GrpcService (ConfUtils.java:logGet(46)) - raft.grpc.message.size.max = 32MB (=33554432) (custom)
2022-10-10 08:42:10,046 [Listener at 127.0.0.1/37485] INFO  server.RaftServerConfigKeys (ConfUtils.java:logGet(46)) - raft.server.log.appender.buffer.byte-limit = 33554432 (custom)
2022-10-10 08:42:10,046 [Listener at 127.0.0.1/37485] INFO  server.GrpcService (ConfUtils.java:logGet(46)) - raft.grpc.flow.control.window = 5MB (=5242880) (custom)
2022-10-10 08:42:10,046 [Listener at 127.0.0.1/37485] INFO  server.RaftServerConfigKeys (ConfUtils.java:logGet(46)) - raft.server.rpc.request.timeout = 60s (custom)
2022-10-10 08:42:10,047 [Listener at 127.0.0.1/37485] INFO  grpc.GrpcConfigKeys (ConfUtils.java:logGet(46)) - raft.grpc.server.async.request.thread.pool.cached = true (default)
2022-10-10 08:42:10,047 [Listener at 127.0.0.1/37485] INFO  grpc.GrpcConfigKeys (ConfUtils.java:logGet(46)) - raft.grpc.server.async.request.thread.pool.size = 32 (default)
2022-10-10 08:42:10,051 [Listener at 127.0.0.1/37485] INFO  impl.DataStreamServerImpl (ConfUtils.java:logGet(46)) - raft.datastream.type = DISABLED (default)
2022-10-10 08:42:10,051 [Listener at 127.0.0.1/37485] INFO  server.RaftServerConfigKeys (ConfUtils.java:logGet(46)) - raft.server.threadpool.proxy.cached = true (default)
2022-10-10 08:42:10,051 [Listener at 127.0.0.1/37485] INFO  server.RaftServerConfigKeys (ConfUtils.java:logGet(46)) - raft.server.threadpool.proxy.size = 0 (default)
2022-10-10 08:42:10,051 [Listener at 127.0.0.1/37485] INFO  server.RaftServerConfigKeys (ConfUtils.java:logGet(46)) - raft.server.rpc.slowness.timeout = 300s (custom)
2022-10-10 08:42:10,051 [Listener at 127.0.0.1/37485] INFO  server.RaftServerConfigKeys (ConfUtils.java:logGet(46)) - raft.server.leaderelection.leader.step-down.wait-time = 10s (default)
2022-10-10 08:42:10,051 [Listener at 127.0.0.1/37485] INFO  server.RaftServerConfigKeys (ConfUtils.java:logGet(46)) - raft.server.storage.dir = [/home/runner/work/ozone/ozone/hadoop-ozone/integration-test/target/test-dir/MiniOzoneClusterImpl-900ef34e-234b-421b-bced-fede2d4c92a4/datanode-2/data/ratis] (custom)
2022-10-10 08:42:10,053 [Listener at 127.0.0.1/37485] INFO  server.XceiverServerGrpc (XceiverServerGrpc.java:<init>(132)) - GrpcServer channel type EpollServerSocketChannel
2022-10-10 08:42:10,057 [Listener at 127.0.0.1/37485] INFO  http.BaseHttpServer (BaseHttpServer.java:newHttpServer2BuilderForOzone(213)) - Starting Web-server for hddsDatanode at: http://0.0.0.0:0
2022-10-10 08:42:10,058 [Listener at 127.0.0.1/37485] INFO  http.BaseHttpServer (BaseHttpServer.java:<init>(108)) - Hadoop Security Enabled: false Ozone Security Enabled: false Ozone HTTP Security Enabled: false 
2022-10-10 08:42:10,059 [Listener at 127.0.0.1/37485] INFO  server.AuthenticationFilter (AuthenticationFilter.java:constructSecretProvider(240)) - Unable to initialize FileSignerSecretProvider, falling back to use random secrets.
2022-10-10 08:42:10,059 [Listener at 127.0.0.1/37485] WARN  http.HttpRequestLog (HttpRequestLog.java:getRequestLog(103)) - Jetty request log can only be enabled using Log4j
2022-10-10 08:42:10,061 [Listener at 127.0.0.1/37485] INFO  http.HttpServer2 (HttpServer2.java:addGlobalFilter(1031)) - Added global filter 'safety' (class=org.apache.hadoop.hdds.server.http.HttpServer2$QuotingInputFilter)
2022-10-10 08:42:10,061 [Listener at 127.0.0.1/37485] INFO  http.HttpServer2 (HttpServer2.java:addFilter(1007)) - Added filter static_user_filter (class=org.apache.hadoop.http.lib.StaticUserWebFilter$StaticUserFilter) to context hddsDatanode
2022-10-10 08:42:10,061 [Listener at 127.0.0.1/37485] INFO  http.HttpServer2 (HttpServer2.java:addFilter(1015)) - Added filter static_user_filter (class=org.apache.hadoop.http.lib.StaticUserWebFilter$StaticUserFilter) to context static
2022-10-10 08:42:10,061 [Listener at 127.0.0.1/37485] INFO  http.HttpServer2 (HttpServer2.java:addFilter(1015)) - Added filter static_user_filter (class=org.apache.hadoop.http.lib.StaticUserWebFilter$StaticUserFilter) to context logs
2022-10-10 08:42:10,062 [Listener at 127.0.0.1/37485] INFO  http.HttpServer2 (HttpServer2.java:bindListener(1250)) - Jetty bound to port 40811
2022-10-10 08:42:10,062 [Listener at 127.0.0.1/37485] INFO  server.Server (Server.java:doStart(375)) - jetty-9.4.43.v20210629; built: 2021-06-30T11:07:22.254Z; git: 526006ecfa3af7f1a27ef3a288e2bef7ea9dd7e8; jvm 1.8.0_345-b01
2022-10-10 08:42:10,072 [Listener at 127.0.0.1/37485] INFO  server.session (DefaultSessionIdManager.java:doStart(334)) - DefaultSessionIdManager workerName=node0
2022-10-10 08:42:10,073 [Listener at 127.0.0.1/37485] INFO  server.session (DefaultSessionIdManager.java:doStart(339)) - No SessionScavenger set, using defaults
2022-10-10 08:42:10,073 [Listener at 127.0.0.1/37485] INFO  server.session (HouseKeeper.java:startScavenging(132)) - node0 Scavenging every 600000ms
2022-10-10 08:42:10,074 [Listener at 127.0.0.1/37485] INFO  handler.ContextHandler (ContextHandler.java:doStart(915)) - Started o.e.j.s.ServletContextHandler@5c8a91ae{logs,/logs,file:///home/runner/work/ozone/ozone/hadoop-ozone/integration-test/target/log,AVAILABLE}
2022-10-10 08:42:10,074 [Listener at 127.0.0.1/37485] INFO  handler.ContextHandler (ContextHandler.java:doStart(915)) - Started o.e.j.s.ServletContextHandler@436a6229{static,/static,jar:file:/home/runner/.m2/repository/org/apache/ozone/hdds-container-service/1.3.0-SNAPSHOT/hdds-container-service-1.3.0-SNAPSHOT.jar!/webapps/static,AVAILABLE}
2022-10-10 08:42:10,449 [Listener at 127.0.0.1/37485] INFO  handler.ContextHandler (ContextHandler.java:doStart(915)) - Started o.e.j.w.WebAppContext@7e8558b8{hddsDatanode,/,file:///tmp/jetty-0_0_0_0-40811-hdds-container-service-1_3_0-SNAPSHOT_jar-_-any-7126928080191479230/webapp/,AVAILABLE}{jar:file:/home/runner/.m2/repository/org/apache/ozone/hdds-container-service/1.3.0-SNAPSHOT/hdds-container-service-1.3.0-SNAPSHOT.jar!/webapps/hddsDatanode}
2022-10-10 08:42:10,453 [Listener at 127.0.0.1/37485] INFO  server.AbstractConnector (AbstractConnector.java:doStart(331)) - Started ServerConnector@37c494fe{HTTP/1.1, (http/1.1)}{0.0.0.0:40811}
2022-10-10 08:42:10,453 [Listener at 127.0.0.1/37485] INFO  server.Server (Server.java:doStart(415)) - Started @462010ms
2022-10-10 08:42:10,453 [Listener at 127.0.0.1/37485] WARN  impl.MetricsSystemImpl (MetricsSystemImpl.java:register(279)) - Sink prometheus already exists!
2022-10-10 08:42:10,454 [Listener at 127.0.0.1/37485] INFO  http.BaseHttpServer (BaseHttpServer.java:updateConnectorAddress(333)) - HTTP server of hddsDatanode listening at http://0.0.0.0:40811
2022-10-10 08:42:10,454 [Listener at 127.0.0.1/37485] WARN  impl.MetricRegistriesImpl (MetricRegistriesImpl.java:addReporterRegistration(111)) - New reporters are added after registries were created. Some metrics will be missing from the reporter. Please add reporter before adding any new registry.
2022-10-10 08:42:10,454 [Listener at 127.0.0.1/37485] WARN  impl.MetricRegistriesImpl (MetricRegistriesImpl.java:addReporterRegistration(111)) - New reporters are added after registries were created. Some metrics will be missing from the reporter. Please add reporter before adding any new registry.
2022-10-10 08:42:10,454 [Listener at 127.0.0.1/37485] INFO  impl.MetricsSystemImpl (MetricsSystemImpl.java:init(158)) - HddsDatanode metrics system started (again)
2022-10-10 08:42:10,457 [Datanode State Machine Daemon Thread] INFO  statemachine.DatanodeStateMachine (DatanodeStateMachine.java:lambda$startDaemon$0(492)) - Ozone container server started.
2022-10-10 08:42:10,536 [Listener at 127.0.0.1/37485] INFO  ozone.HddsDatanodeService (HddsDatanodeService.java:start(236)) - HddsDatanodeService host:fv-az292-843.tqgtyn10aqxuxoi0mkfbldi5vh.jx.internal.cloudapp.net ip:10.1.0.114
2022-10-10 08:42:10,572 [org.apache.hadoop.util.JvmPauseMonitor$Monitor@7d3c0dec] INFO  util.JvmPauseMonitor (JvmPauseMonitor.java:run(188)) - Starting JVM pause monitor
2022-10-10 08:42:10,574 [Datanode State Machine Task Thread - 0] INFO  datanode.InitDatanodeState (InitDatanodeState.java:persistContainerDatanodeDetails(138)) - DatanodeDetails is persisted to /home/runner/work/ozone/ozone/hadoop-ozone/integration-test/target/test-dir/MiniOzoneClusterImpl-900ef34e-234b-421b-bced-fede2d4c92a4/datanode-2/meta/datanode.id
2022-10-10 08:42:10,592 [Listener at 127.0.0.1/37485] INFO  upgrade.AbstractLayoutVersionManager (AbstractLayoutVersionManager.java:init(83)) - Initializing Layout version manager with metadata layout = DATANODE_SCHEMA_V3 (version = 4), software layout = DATANODE_SCHEMA_V3 (version = 4)
2022-10-10 08:42:10,715 [Listener at 127.0.0.1/37485] INFO  reflections.Reflections (Reflections.java:scan(232)) - Reflections took 122 ms to scan 7 urls, producing 135 keys and 327 values 
2022-10-10 08:42:10,717 [Listener at 127.0.0.1/37485] INFO  statemachine.DatanodeStateMachine (DatanodeStateMachine.java:getEndPointTaskThreadPoolSize(237)) - Datanode State Machine Task Thread Pool size 2
2022-10-10 08:42:10,718 [Listener at 127.0.0.1/37485] INFO  volume.HddsVolume (HddsVolume.java:<init>(117)) - Creating HddsVolume: /home/runner/work/ozone/ozone/hadoop-ozone/integration-test/target/test-dir/MiniOzoneClusterImpl-900ef34e-234b-421b-bced-fede2d4c92a4/datanode-3/data-0/containers/hdds of storage type : DISK capacity : 9223372036854775807
2022-10-10 08:42:10,719 [Listener at 127.0.0.1/37485] INFO  volume.MutableVolumeSet (MutableVolumeSet.java:initializeVolumeSet(174)) - Added Volume : /home/runner/work/ozone/ozone/hadoop-ozone/integration-test/target/test-dir/MiniOzoneClusterImpl-900ef34e-234b-421b-bced-fede2d4c92a4/datanode-3/data-0/containers/hdds to VolumeSet
2022-10-10 08:42:10,719 [Listener at 127.0.0.1/37485] INFO  volume.ThrottledAsyncChecker (ThrottledAsyncChecker.java:schedule(141)) - Scheduling a check for /home/runner/work/ozone/ozone/hadoop-ozone/integration-test/target/test-dir/MiniOzoneClusterImpl-900ef34e-234b-421b-bced-fede2d4c92a4/datanode-3/data-0/containers/hdds
2022-10-10 08:42:10,740 [Listener at 127.0.0.1/37485] INFO  volume.StorageVolumeChecker (StorageVolumeChecker.java:checkAllVolumes(202)) - Scheduled health check for volume /home/runner/work/ozone/ozone/hadoop-ozone/integration-test/target/test-dir/MiniOzoneClusterImpl-900ef34e-234b-421b-bced-fede2d4c92a4/datanode-3/data-0/containers/hdds
2022-10-10 08:42:10,770 [Listener at 127.0.0.1/37485] INFO  volume.MutableVolumeSet (MutableVolumeSet.java:initializeVolumeSet(174)) - Added Volume : /home/runner/work/ozone/ozone/hadoop-ozone/integration-test/target/test-dir/MiniOzoneClusterImpl-900ef34e-234b-421b-bced-fede2d4c92a4/datanode-3/data/ratis to VolumeSet
2022-10-10 08:42:10,772 [Listener at 127.0.0.1/37485] INFO  volume.ThrottledAsyncChecker (ThrottledAsyncChecker.java:schedule(141)) - Scheduling a check for /home/runner/work/ozone/ozone/hadoop-ozone/integration-test/target/test-dir/MiniOzoneClusterImpl-900ef34e-234b-421b-bced-fede2d4c92a4/datanode-3/data/ratis
2022-10-10 08:42:10,773 [Listener at 127.0.0.1/37485] INFO  volume.StorageVolumeChecker (StorageVolumeChecker.java:checkAllVolumes(202)) - Scheduled health check for volume /home/runner/work/ozone/ozone/hadoop-ozone/integration-test/target/test-dir/MiniOzoneClusterImpl-900ef34e-234b-421b-bced-fede2d4c92a4/datanode-3/data/ratis
2022-10-10 08:42:10,812 [Thread-1944] INFO  ozoneimpl.ContainerReader (ContainerReader.java:readVolume(175)) - Finish verifying containers on volume /home/runner/work/ozone/ozone/hadoop-ozone/integration-test/target/test-dir/MiniOzoneClusterImpl-900ef34e-234b-421b-bced-fede2d4c92a4/datanode-3/data-0/containers/hdds
2022-10-10 08:42:10,812 [Listener at 127.0.0.1/37485] INFO  ozoneimpl.OzoneContainer (OzoneContainer.java:buildContainerSet(300)) - Build ContainerSet costs 0s
2022-10-10 08:42:10,814 [Listener at 127.0.0.1/37485] INFO  server.RaftServer (ConfUtils.java:logGet(46)) - raft.rpc.type = GRPC (default)
2022-10-10 08:42:10,814 [Listener at 127.0.0.1/37485] INFO  grpc.GrpcFactory (GrpcFactory.java:checkPooledByteBufAllocatorUseCacheForAllThreads(48)) - PERFORMANCE WARNING: useCacheForAllThreads is true that may cause Netty to create a lot garbage objects and, as a result, trigger GC.
	It is recommended to disable useCacheForAllThreads by setting -Dorg.apache.ratis.thirdparty.io.netty.allocator.useCacheForAllThreads=false in command line.
2022-10-10 08:42:10,814 [Listener at 127.0.0.1/37485] INFO  grpc.GrpcConfigKeys (ConfUtils.java:logGet(46)) - raft.grpc.admin.port = 0 (custom)
2022-10-10 08:42:10,814 [Listener at 127.0.0.1/37485] INFO  grpc.GrpcConfigKeys (ConfUtils.java:logGet(46)) - raft.grpc.client.port = 0 (custom)
2022-10-10 08:42:10,814 [Listener at 127.0.0.1/37485] INFO  grpc.GrpcConfigKeys (ConfUtils.java:logGet(46)) - raft.grpc.server.port = 0 (default)
2022-10-10 08:42:10,814 [Listener at 127.0.0.1/37485] INFO  server.GrpcService (ConfUtils.java:logGet(46)) - raft.grpc.message.size.max = 32MB (=33554432) (custom)
2022-10-10 08:42:10,815 [Listener at 127.0.0.1/37485] INFO  server.RaftServerConfigKeys (ConfUtils.java:logGet(46)) - raft.server.log.appender.buffer.byte-limit = 33554432 (custom)
2022-10-10 08:42:10,815 [Listener at 127.0.0.1/37485] INFO  server.GrpcService (ConfUtils.java:logGet(46)) - raft.grpc.flow.control.window = 5MB (=5242880) (custom)
2022-10-10 08:42:10,815 [Listener at 127.0.0.1/37485] INFO  server.RaftServerConfigKeys (ConfUtils.java:logGet(46)) - raft.server.rpc.request.timeout = 60s (custom)
2022-10-10 08:42:10,815 [Listener at 127.0.0.1/37485] INFO  grpc.GrpcConfigKeys (ConfUtils.java:logGet(46)) - raft.grpc.server.async.request.thread.pool.cached = true (default)
2022-10-10 08:42:10,815 [Listener at 127.0.0.1/37485] INFO  grpc.GrpcConfigKeys (ConfUtils.java:logGet(46)) - raft.grpc.server.async.request.thread.pool.size = 32 (default)
2022-10-10 08:42:10,817 [Listener at 127.0.0.1/37485] INFO  impl.DataStreamServerImpl (ConfUtils.java:logGet(46)) - raft.datastream.type = DISABLED (default)
2022-10-10 08:42:10,817 [Listener at 127.0.0.1/37485] INFO  server.RaftServerConfigKeys (ConfUtils.java:logGet(46)) - raft.server.threadpool.proxy.cached = true (default)
2022-10-10 08:42:10,817 [Listener at 127.0.0.1/37485] INFO  server.RaftServerConfigKeys (ConfUtils.java:logGet(46)) - raft.server.threadpool.proxy.size = 0 (default)
2022-10-10 08:42:10,817 [Listener at 127.0.0.1/37485] INFO  server.RaftServerConfigKeys (ConfUtils.java:logGet(46)) - raft.server.rpc.slowness.timeout = 300s (custom)
2022-10-10 08:42:10,817 [Listener at 127.0.0.1/37485] INFO  server.RaftServerConfigKeys (ConfUtils.java:logGet(46)) - raft.server.leaderelection.leader.step-down.wait-time = 10s (default)
2022-10-10 08:42:10,817 [Listener at 127.0.0.1/37485] INFO  server.RaftServerConfigKeys (ConfUtils.java:logGet(46)) - raft.server.storage.dir = [/home/runner/work/ozone/ozone/hadoop-ozone/integration-test/target/test-dir/MiniOzoneClusterImpl-900ef34e-234b-421b-bced-fede2d4c92a4/datanode-3/data/ratis] (custom)
2022-10-10 08:42:10,819 [Listener at 127.0.0.1/37485] INFO  server.XceiverServerGrpc (XceiverServerGrpc.java:<init>(132)) - GrpcServer channel type EpollServerSocketChannel
2022-10-10 08:42:10,822 [Listener at 127.0.0.1/37485] INFO  http.BaseHttpServer (BaseHttpServer.java:newHttpServer2BuilderForOzone(213)) - Starting Web-server for hddsDatanode at: http://0.0.0.0:0
2022-10-10 08:42:10,823 [Listener at 127.0.0.1/37485] INFO  http.BaseHttpServer (BaseHttpServer.java:<init>(108)) - Hadoop Security Enabled: false Ozone Security Enabled: false Ozone HTTP Security Enabled: false 
2022-10-10 08:42:10,827 [Listener at 127.0.0.1/37485] INFO  server.AuthenticationFilter (AuthenticationFilter.java:constructSecretProvider(240)) - Unable to initialize FileSignerSecretProvider, falling back to use random secrets.
2022-10-10 08:42:10,832 [Listener at 127.0.0.1/37485] WARN  http.HttpRequestLog (HttpRequestLog.java:getRequestLog(103)) - Jetty request log can only be enabled using Log4j
2022-10-10 08:42:10,834 [Listener at 127.0.0.1/37485] INFO  http.HttpServer2 (HttpServer2.java:addGlobalFilter(1031)) - Added global filter 'safety' (class=org.apache.hadoop.hdds.server.http.HttpServer2$QuotingInputFilter)
2022-10-10 08:42:10,834 [Listener at 127.0.0.1/37485] INFO  http.HttpServer2 (HttpServer2.java:addFilter(1007)) - Added filter static_user_filter (class=org.apache.hadoop.http.lib.StaticUserWebFilter$StaticUserFilter) to context hddsDatanode
2022-10-10 08:42:10,834 [Listener at 127.0.0.1/37485] INFO  http.HttpServer2 (HttpServer2.java:addFilter(1015)) - Added filter static_user_filter (class=org.apache.hadoop.http.lib.StaticUserWebFilter$StaticUserFilter) to context logs
2022-10-10 08:42:10,834 [Listener at 127.0.0.1/37485] INFO  http.HttpServer2 (HttpServer2.java:addFilter(1015)) - Added filter static_user_filter (class=org.apache.hadoop.http.lib.StaticUserWebFilter$StaticUserFilter) to context static
2022-10-10 08:42:10,835 [Listener at 127.0.0.1/37485] INFO  http.HttpServer2 (HttpServer2.java:bindListener(1250)) - Jetty bound to port 45109
2022-10-10 08:42:10,835 [Listener at 127.0.0.1/37485] INFO  server.Server (Server.java:doStart(375)) - jetty-9.4.43.v20210629; built: 2021-06-30T11:07:22.254Z; git: 526006ecfa3af7f1a27ef3a288e2bef7ea9dd7e8; jvm 1.8.0_345-b01
2022-10-10 08:42:10,846 [Listener at 127.0.0.1/37485] INFO  server.session (DefaultSessionIdManager.java:doStart(334)) - DefaultSessionIdManager workerName=node0
2022-10-10 08:42:10,846 [Listener at 127.0.0.1/37485] INFO  server.session (DefaultSessionIdManager.java:doStart(339)) - No SessionScavenger set, using defaults
2022-10-10 08:42:10,847 [Listener at 127.0.0.1/37485] INFO  server.session (HouseKeeper.java:startScavenging(132)) - node0 Scavenging every 600000ms
2022-10-10 08:42:10,847 [Listener at 127.0.0.1/37485] INFO  handler.ContextHandler (ContextHandler.java:doStart(915)) - Started o.e.j.s.ServletContextHandler@547d07d9{logs,/logs,file:///home/runner/work/ozone/ozone/hadoop-ozone/integration-test/target/log,AVAILABLE}
2022-10-10 08:42:10,848 [Listener at 127.0.0.1/37485] INFO  handler.ContextHandler (ContextHandler.java:doStart(915)) - Started o.e.j.s.ServletContextHandler@34aad95{static,/static,jar:file:/home/runner/.m2/repository/org/apache/ozone/hdds-container-service/1.3.0-SNAPSHOT/hdds-container-service-1.3.0-SNAPSHOT.jar!/webapps/static,AVAILABLE}
2022-10-10 08:42:11,167 [Listener at 127.0.0.1/37485] INFO  handler.ContextHandler (ContextHandler.java:doStart(915)) - Started o.e.j.w.WebAppContext@304cba1c{hddsDatanode,/,file:///tmp/jetty-0_0_0_0-45109-hdds-container-service-1_3_0-SNAPSHOT_jar-_-any-7373654340964273242/webapp/,AVAILABLE}{jar:file:/home/runner/.m2/repository/org/apache/ozone/hdds-container-service/1.3.0-SNAPSHOT/hdds-container-service-1.3.0-SNAPSHOT.jar!/webapps/hddsDatanode}
2022-10-10 08:42:11,188 [Listener at 127.0.0.1/37485] INFO  server.AbstractConnector (AbstractConnector.java:doStart(331)) - Started ServerConnector@2fdf8482{HTTP/1.1, (http/1.1)}{0.0.0.0:45109}
2022-10-10 08:42:11,188 [Listener at 127.0.0.1/37485] INFO  server.Server (Server.java:doStart(415)) - Started @462745ms
2022-10-10 08:42:11,189 [Listener at 127.0.0.1/37485] WARN  impl.MetricsSystemImpl (MetricsSystemImpl.java:register(279)) - Sink prometheus already exists!
2022-10-10 08:42:11,190 [Listener at 127.0.0.1/37485] INFO  http.BaseHttpServer (BaseHttpServer.java:updateConnectorAddress(333)) - HTTP server of hddsDatanode listening at http://0.0.0.0:45109
2022-10-10 08:42:11,191 [Listener at 127.0.0.1/37485] WARN  impl.MetricRegistriesImpl (MetricRegistriesImpl.java:addReporterRegistration(111)) - New reporters are added after registries were created. Some metrics will be missing from the reporter. Please add reporter before adding any new registry.
2022-10-10 08:42:11,191 [Listener at 127.0.0.1/37485] WARN  impl.MetricRegistriesImpl (MetricRegistriesImpl.java:addReporterRegistration(111)) - New reporters are added after registries were created. Some metrics will be missing from the reporter. Please add reporter before adding any new registry.
2022-10-10 08:42:11,191 [Listener at 127.0.0.1/37485] INFO  impl.MetricsSystemImpl (MetricsSystemImpl.java:init(158)) - HddsDatanode metrics system started (again)
2022-10-10 08:42:11,232 [Datanode State Machine Daemon Thread] INFO  statemachine.DatanodeStateMachine (DatanodeStateMachine.java:lambda$startDaemon$0(492)) - Ozone container server started.
2022-10-10 08:42:11,348 [org.apache.hadoop.util.JvmPauseMonitor$Monitor@7fabbdf3] INFO  util.JvmPauseMonitor (JvmPauseMonitor.java:run(188)) - Starting JVM pause monitor
2022-10-10 08:42:11,355 [Listener at 127.0.0.1/37485] INFO  ozone.HddsDatanodeService (HddsDatanodeService.java:start(236)) - HddsDatanodeService host:fv-az292-843.tqgtyn10aqxuxoi0mkfbldi5vh.jx.internal.cloudapp.net ip:10.1.0.114
2022-10-10 08:42:11,358 [EndpointStateMachine task thread for /0.0.0.0:44205 - 0 ] INFO  volume.HddsVolume (HddsVolume.java:createDbStore(307)) - SchemaV3 db is created and loaded at /home/runner/work/ozone/ozone/hadoop-ozone/integration-test/target/test-dir/MiniOzoneClusterImpl-900ef34e-234b-421b-bced-fede2d4c92a4/datanode-0/data-0/containers/hdds/900ef34e-234b-421b-bced-fede2d4c92a4/DS-7f9db312-9668-45d3-946a-66620983607a/container.db for volume DS-7f9db312-9668-45d3-946a-66620983607a
2022-10-10 08:42:11,384 [Datanode State Machine Task Thread - 0] INFO  datanode.InitDatanodeState (InitDatanodeState.java:persistContainerDatanodeDetails(138)) - DatanodeDetails is persisted to /home/runner/work/ozone/ozone/hadoop-ozone/integration-test/target/test-dir/MiniOzoneClusterImpl-900ef34e-234b-421b-bced-fede2d4c92a4/datanode-3/meta/datanode.id
2022-10-10 08:42:11,390 [EndpointStateMachine task thread for /0.0.0.0:44205 - 0 ] INFO  volume.HddsVolume (HddsVolume.java:closeDbStore(338)) - SchemaV3 db is stopped at /home/runner/work/ozone/ozone/hadoop-ozone/integration-test/target/test-dir/MiniOzoneClusterImpl-900ef34e-234b-421b-bced-fede2d4c92a4/datanode-0/data-0/containers/hdds/900ef34e-234b-421b-bced-fede2d4c92a4/DS-7f9db312-9668-45d3-946a-66620983607a/container.db for volume DS-7f9db312-9668-45d3-946a-66620983607a
2022-10-10 08:42:11,390 [EndpointStateMachine task thread for /0.0.0.0:44205 - 0 ] INFO  ozoneimpl.OzoneContainer (OzoneContainer.java:start(378)) - Attempting to start container services.
2022-10-10 08:42:11,391 [EndpointStateMachine task thread for /0.0.0.0:44205 - 0 ] INFO  ozoneimpl.OzoneContainer (OzoneContainer.java:startContainerScrub(313)) - Background container scanner has been disabled.
2022-10-10 08:42:11,436 [Listener at 127.0.0.1/37485] INFO  upgrade.AbstractLayoutVersionManager (AbstractLayoutVersionManager.java:init(83)) - Initializing Layout version manager with metadata layout = DATANODE_SCHEMA_V3 (version = 4), software layout = DATANODE_SCHEMA_V3 (version = 4)
2022-10-10 08:42:11,472 [EndpointStateMachine task thread for /0.0.0.0:44205 - 0 ] INFO  replication.ReplicationServer (ReplicationServer.java:start(111)) - ReplicationServer is started using port 37681
2022-10-10 08:42:11,473 [EndpointStateMachine task thread for /0.0.0.0:44205 - 0 ] INFO  ratis.XceiverServerRatis (XceiverServerRatis.java:start(481)) - Starting XceiverServerRatis b810ff59-71dc-43a2-8cb3-16d59e449a1e
2022-10-10 08:42:11,480 [EndpointStateMachine task thread for /0.0.0.0:44205 - 0 ] INFO  server.RaftServer (RaftServerProxy.java:lambda$start$6(382)) - b810ff59-71dc-43a2-8cb3-16d59e449a1e: start RPC server
2022-10-10 08:42:11,489 [EndpointStateMachine task thread for /0.0.0.0:44205 - 0 ] INFO  server.GrpcService (GrpcService.java:startImpl(260)) - b810ff59-71dc-43a2-8cb3-16d59e449a1e: GrpcService started, listening on 43627
2022-10-10 08:42:11,489 [EndpointStateMachine task thread for /0.0.0.0:44205 - 0 ] INFO  ratis.XceiverServerRatis (XceiverServerRatis.java:getRealPort(502)) - XceiverServerRatis b810ff59-71dc-43a2-8cb3-16d59e449a1e is started using port 43627 for RATIS
2022-10-10 08:42:11,490 [EndpointStateMachine task thread for /0.0.0.0:44205 - 0 ] INFO  ratis.XceiverServerRatis (XceiverServerRatis.java:getRealPort(502)) - XceiverServerRatis b810ff59-71dc-43a2-8cb3-16d59e449a1e is started using port 43627 for RATIS_ADMIN
2022-10-10 08:42:11,490 [EndpointStateMachine task thread for /0.0.0.0:44205 - 0 ] INFO  ratis.XceiverServerRatis (XceiverServerRatis.java:getRealPort(502)) - XceiverServerRatis b810ff59-71dc-43a2-8cb3-16d59e449a1e is started using port 43627 for RATIS_SERVER
2022-10-10 08:42:11,490 [org.apache.ratis.util.JvmPauseMonitor$$Lambda$636/263158265@73adb1a0] INFO  util.JvmPauseMonitor (JvmPauseMonitor.java:run(103)) - JvmPauseMonitor-b810ff59-71dc-43a2-8cb3-16d59e449a1e: Started
2022-10-10 08:42:11,535 [EndpointStateMachine task thread for /0.0.0.0:44205 - 0 ] INFO  server.XceiverServerGrpc (XceiverServerGrpc.java:start(180)) - XceiverServerGrpc b810ff59-71dc-43a2-8cb3-16d59e449a1e is started using port 40483
2022-10-10 08:42:11,587 [Listener at 127.0.0.1/37485] INFO  reflections.Reflections (Reflections.java:scan(232)) - Reflections took 149 ms to scan 7 urls, producing 135 keys and 327 values 
2022-10-10 08:42:11,600 [Listener at 127.0.0.1/37485] INFO  statemachine.DatanodeStateMachine (DatanodeStateMachine.java:getEndPointTaskThreadPoolSize(237)) - Datanode State Machine Task Thread Pool size 2
2022-10-10 08:42:11,601 [Listener at 127.0.0.1/37485] INFO  volume.HddsVolume (HddsVolume.java:<init>(117)) - Creating HddsVolume: /home/runner/work/ozone/ozone/hadoop-ozone/integration-test/target/test-dir/MiniOzoneClusterImpl-900ef34e-234b-421b-bced-fede2d4c92a4/datanode-4/data-0/containers/hdds of storage type : DISK capacity : 9223372036854775807
2022-10-10 08:42:11,601 [Listener at 127.0.0.1/37485] INFO  volume.MutableVolumeSet (MutableVolumeSet.java:initializeVolumeSet(174)) - Added Volume : /home/runner/work/ozone/ozone/hadoop-ozone/integration-test/target/test-dir/MiniOzoneClusterImpl-900ef34e-234b-421b-bced-fede2d4c92a4/datanode-4/data-0/containers/hdds to VolumeSet
2022-10-10 08:42:11,602 [Listener at 127.0.0.1/37485] INFO  volume.ThrottledAsyncChecker (ThrottledAsyncChecker.java:schedule(141)) - Scheduling a check for /home/runner/work/ozone/ozone/hadoop-ozone/integration-test/target/test-dir/MiniOzoneClusterImpl-900ef34e-234b-421b-bced-fede2d4c92a4/datanode-4/data-0/containers/hdds
2022-10-10 08:42:11,603 [Listener at 127.0.0.1/37485] INFO  volume.StorageVolumeChecker (StorageVolumeChecker.java:checkAllVolumes(202)) - Scheduled health check for volume /home/runner/work/ozone/ozone/hadoop-ozone/integration-test/target/test-dir/MiniOzoneClusterImpl-900ef34e-234b-421b-bced-fede2d4c92a4/datanode-4/data-0/containers/hdds
2022-10-10 08:42:11,638 [Listener at 127.0.0.1/37485] INFO  volume.MutableVolumeSet (MutableVolumeSet.java:initializeVolumeSet(174)) - Added Volume : /home/runner/work/ozone/ozone/hadoop-ozone/integration-test/target/test-dir/MiniOzoneClusterImpl-900ef34e-234b-421b-bced-fede2d4c92a4/datanode-4/data/ratis to VolumeSet
2022-10-10 08:42:11,638 [Listener at 127.0.0.1/37485] INFO  volume.ThrottledAsyncChecker (ThrottledAsyncChecker.java:schedule(141)) - Scheduling a check for /home/runner/work/ozone/ozone/hadoop-ozone/integration-test/target/test-dir/MiniOzoneClusterImpl-900ef34e-234b-421b-bced-fede2d4c92a4/datanode-4/data/ratis
2022-10-10 08:42:11,639 [Listener at 127.0.0.1/37485] INFO  volume.StorageVolumeChecker (StorageVolumeChecker.java:checkAllVolumes(202)) - Scheduled health check for volume /home/runner/work/ozone/ozone/hadoop-ozone/integration-test/target/test-dir/MiniOzoneClusterImpl-900ef34e-234b-421b-bced-fede2d4c92a4/datanode-4/data/ratis
2022-10-10 08:42:11,651 [Thread-1963] INFO  ozoneimpl.ContainerReader (ContainerReader.java:readVolume(175)) - Finish verifying containers on volume /home/runner/work/ozone/ozone/hadoop-ozone/integration-test/target/test-dir/MiniOzoneClusterImpl-900ef34e-234b-421b-bced-fede2d4c92a4/datanode-4/data-0/containers/hdds
2022-10-10 08:42:11,652 [Listener at 127.0.0.1/37485] INFO  ozoneimpl.OzoneContainer (OzoneContainer.java:buildContainerSet(300)) - Build ContainerSet costs 0s
2022-10-10 08:42:11,654 [Listener at 127.0.0.1/37485] INFO  server.RaftServer (ConfUtils.java:logGet(46)) - raft.rpc.type = GRPC (default)
2022-10-10 08:42:11,654 [Listener at 127.0.0.1/37485] INFO  grpc.GrpcFactory (GrpcFactory.java:checkPooledByteBufAllocatorUseCacheForAllThreads(48)) - PERFORMANCE WARNING: useCacheForAllThreads is true that may cause Netty to create a lot garbage objects and, as a result, trigger GC.
	It is recommended to disable useCacheForAllThreads by setting -Dorg.apache.ratis.thirdparty.io.netty.allocator.useCacheForAllThreads=false in command line.
2022-10-10 08:42:11,654 [Listener at 127.0.0.1/37485] INFO  grpc.GrpcConfigKeys (ConfUtils.java:logGet(46)) - raft.grpc.admin.port = 0 (custom)
2022-10-10 08:42:11,654 [Listener at 127.0.0.1/37485] INFO  grpc.GrpcConfigKeys (ConfUtils.java:logGet(46)) - raft.grpc.client.port = 0 (custom)
2022-10-10 08:42:11,655 [Listener at 127.0.0.1/37485] INFO  grpc.GrpcConfigKeys (ConfUtils.java:logGet(46)) - raft.grpc.server.port = 0 (default)
2022-10-10 08:42:11,655 [Listener at 127.0.0.1/37485] INFO  server.GrpcService (ConfUtils.java:logGet(46)) - raft.grpc.message.size.max = 32MB (=33554432) (custom)
2022-10-10 08:42:11,655 [Listener at 127.0.0.1/37485] INFO  server.RaftServerConfigKeys (ConfUtils.java:logGet(46)) - raft.server.log.appender.buffer.byte-limit = 33554432 (custom)
2022-10-10 08:42:11,655 [Listener at 127.0.0.1/37485] INFO  server.GrpcService (ConfUtils.java:logGet(46)) - raft.grpc.flow.control.window = 5MB (=5242880) (custom)
2022-10-10 08:42:11,655 [Listener at 127.0.0.1/37485] INFO  server.RaftServerConfigKeys (ConfUtils.java:logGet(46)) - raft.server.rpc.request.timeout = 60s (custom)
2022-10-10 08:42:11,655 [Listener at 127.0.0.1/37485] INFO  grpc.GrpcConfigKeys (ConfUtils.java:logGet(46)) - raft.grpc.server.async.request.thread.pool.cached = true (default)
2022-10-10 08:42:11,656 [Listener at 127.0.0.1/37485] INFO  grpc.GrpcConfigKeys (ConfUtils.java:logGet(46)) - raft.grpc.server.async.request.thread.pool.size = 32 (default)
2022-10-10 08:42:11,657 [Listener at 127.0.0.1/37485] INFO  impl.DataStreamServerImpl (ConfUtils.java:logGet(46)) - raft.datastream.type = DISABLED (default)
2022-10-10 08:42:11,657 [Listener at 127.0.0.1/37485] INFO  server.RaftServerConfigKeys (ConfUtils.java:logGet(46)) - raft.server.threadpool.proxy.cached = true (default)
2022-10-10 08:42:11,657 [Listener at 127.0.0.1/37485] INFO  server.RaftServerConfigKeys (ConfUtils.java:logGet(46)) - raft.server.threadpool.proxy.size = 0 (default)
2022-10-10 08:42:11,657 [Listener at 127.0.0.1/37485] INFO  server.RaftServerConfigKeys (ConfUtils.java:logGet(46)) - raft.server.rpc.slowness.timeout = 300s (custom)
2022-10-10 08:42:11,658 [Listener at 127.0.0.1/37485] INFO  server.RaftServerConfigKeys (ConfUtils.java:logGet(46)) - raft.server.leaderelection.leader.step-down.wait-time = 10s (default)
2022-10-10 08:42:11,658 [Listener at 127.0.0.1/37485] INFO  server.RaftServerConfigKeys (ConfUtils.java:logGet(46)) - raft.server.storage.dir = [/home/runner/work/ozone/ozone/hadoop-ozone/integration-test/target/test-dir/MiniOzoneClusterImpl-900ef34e-234b-421b-bced-fede2d4c92a4/datanode-4/data/ratis] (custom)
2022-10-10 08:42:11,676 [Listener at 127.0.0.1/37485] INFO  server.XceiverServerGrpc (XceiverServerGrpc.java:<init>(132)) - GrpcServer channel type EpollServerSocketChannel
2022-10-10 08:42:11,684 [Listener at 127.0.0.1/37485] INFO  http.BaseHttpServer (BaseHttpServer.java:newHttpServer2BuilderForOzone(213)) - Starting Web-server for hddsDatanode at: http://0.0.0.0:0
2022-10-10 08:42:11,684 [Listener at 127.0.0.1/37485] INFO  http.BaseHttpServer (BaseHttpServer.java:<init>(108)) - Hadoop Security Enabled: false Ozone Security Enabled: false Ozone HTTP Security Enabled: false 
2022-10-10 08:42:11,685 [Listener at 127.0.0.1/37485] INFO  server.AuthenticationFilter (AuthenticationFilter.java:constructSecretProvider(240)) - Unable to initialize FileSignerSecretProvider, falling back to use random secrets.
2022-10-10 08:42:11,715 [Listener at 127.0.0.1/37485] WARN  http.HttpRequestLog (HttpRequestLog.java:getRequestLog(103)) - Jetty request log can only be enabled using Log4j
2022-10-10 08:42:11,716 [Listener at 127.0.0.1/37485] INFO  http.HttpServer2 (HttpServer2.java:addGlobalFilter(1031)) - Added global filter 'safety' (class=org.apache.hadoop.hdds.server.http.HttpServer2$QuotingInputFilter)
2022-10-10 08:42:11,717 [Listener at 127.0.0.1/37485] INFO  http.HttpServer2 (HttpServer2.java:addFilter(1007)) - Added filter static_user_filter (class=org.apache.hadoop.http.lib.StaticUserWebFilter$StaticUserFilter) to context hddsDatanode
2022-10-10 08:42:11,717 [Listener at 127.0.0.1/37485] INFO  http.HttpServer2 (HttpServer2.java:addFilter(1015)) - Added filter static_user_filter (class=org.apache.hadoop.http.lib.StaticUserWebFilter$StaticUserFilter) to context logs
2022-10-10 08:42:11,717 [Listener at 127.0.0.1/37485] INFO  http.HttpServer2 (HttpServer2.java:addFilter(1015)) - Added filter static_user_filter (class=org.apache.hadoop.http.lib.StaticUserWebFilter$StaticUserFilter) to context static
2022-10-10 08:42:11,718 [Listener at 127.0.0.1/37485] INFO  http.HttpServer2 (HttpServer2.java:bindListener(1250)) - Jetty bound to port 45645
2022-10-10 08:42:11,718 [Listener at 127.0.0.1/37485] INFO  server.Server (Server.java:doStart(375)) - jetty-9.4.43.v20210629; built: 2021-06-30T11:07:22.254Z; git: 526006ecfa3af7f1a27ef3a288e2bef7ea9dd7e8; jvm 1.8.0_345-b01
2022-10-10 08:42:11,721 [Listener at 127.0.0.1/37485] INFO  server.session (DefaultSessionIdManager.java:doStart(334)) - DefaultSessionIdManager workerName=node0
2022-10-10 08:42:11,721 [Listener at 127.0.0.1/37485] INFO  server.session (DefaultSessionIdManager.java:doStart(339)) - No SessionScavenger set, using defaults
2022-10-10 08:42:11,721 [Listener at 127.0.0.1/37485] INFO  server.session (HouseKeeper.java:startScavenging(132)) - node0 Scavenging every 600000ms
2022-10-10 08:42:11,722 [Listener at 127.0.0.1/37485] INFO  handler.ContextHandler (ContextHandler.java:doStart(915)) - Started o.e.j.s.ServletContextHandler@40d59ac7{logs,/logs,file:///home/runner/work/ozone/ozone/hadoop-ozone/integration-test/target/log,AVAILABLE}
2022-10-10 08:42:11,723 [Listener at 127.0.0.1/37485] INFO  handler.ContextHandler (ContextHandler.java:doStart(915)) - Started o.e.j.s.ServletContextHandler@632fe1d{static,/static,jar:file:/home/runner/.m2/repository/org/apache/ozone/hdds-container-service/1.3.0-SNAPSHOT/hdds-container-service-1.3.0-SNAPSHOT.jar!/webapps/static,AVAILABLE}
2022-10-10 08:42:11,976 [EndpointStateMachine task thread for /0.0.0.0:44205 - 0 ] INFO  volume.HddsVolume (HddsVolume.java:createDbStore(307)) - SchemaV3 db is created and loaded at /home/runner/work/ozone/ozone/hadoop-ozone/integration-test/target/test-dir/MiniOzoneClusterImpl-900ef34e-234b-421b-bced-fede2d4c92a4/datanode-1/data-0/containers/hdds/900ef34e-234b-421b-bced-fede2d4c92a4/DS-def7d801-8e00-40f8-99ad-209e719ac038/container.db for volume DS-def7d801-8e00-40f8-99ad-209e719ac038
2022-10-10 08:42:12,001 [EndpointStateMachine task thread for /0.0.0.0:44205 - 0 ] INFO  volume.HddsVolume (HddsVolume.java:closeDbStore(338)) - SchemaV3 db is stopped at /home/runner/work/ozone/ozone/hadoop-ozone/integration-test/target/test-dir/MiniOzoneClusterImpl-900ef34e-234b-421b-bced-fede2d4c92a4/datanode-1/data-0/containers/hdds/900ef34e-234b-421b-bced-fede2d4c92a4/DS-def7d801-8e00-40f8-99ad-209e719ac038/container.db for volume DS-def7d801-8e00-40f8-99ad-209e719ac038
2022-10-10 08:42:12,001 [EndpointStateMachine task thread for /0.0.0.0:44205 - 0 ] INFO  ozoneimpl.OzoneContainer (OzoneContainer.java:start(378)) - Attempting to start container services.
2022-10-10 08:42:12,001 [EndpointStateMachine task thread for /0.0.0.0:44205 - 0 ] INFO  ozoneimpl.OzoneContainer (OzoneContainer.java:startContainerScrub(313)) - Background container scanner has been disabled.
2022-10-10 08:42:12,004 [EndpointStateMachine task thread for /0.0.0.0:44205 - 0 ] INFO  replication.ReplicationServer (ReplicationServer.java:start(111)) - ReplicationServer is started using port 42729
2022-10-10 08:42:12,005 [EndpointStateMachine task thread for /0.0.0.0:44205 - 0 ] INFO  ratis.XceiverServerRatis (XceiverServerRatis.java:start(481)) - Starting XceiverServerRatis 60d02c60-4364-4909-b75c-044757b70e38
2022-10-10 08:42:12,006 [EndpointStateMachine task thread for /0.0.0.0:44205 - 0 ] INFO  server.RaftServer (RaftServerProxy.java:lambda$start$6(382)) - 60d02c60-4364-4909-b75c-044757b70e38: start RPC server
2022-10-10 08:42:12,010 [EndpointStateMachine task thread for /0.0.0.0:44205 - 0 ] INFO  server.GrpcService (GrpcService.java:startImpl(260)) - 60d02c60-4364-4909-b75c-044757b70e38: GrpcService started, listening on 40107
2022-10-10 08:42:12,020 [EndpointStateMachine task thread for /0.0.0.0:44205 - 0 ] INFO  ratis.XceiverServerRatis (XceiverServerRatis.java:getRealPort(502)) - XceiverServerRatis 60d02c60-4364-4909-b75c-044757b70e38 is started using port 40107 for RATIS
2022-10-10 08:42:12,026 [EndpointStateMachine task thread for /0.0.0.0:44205 - 0 ] INFO  ratis.XceiverServerRatis (XceiverServerRatis.java:getRealPort(502)) - XceiverServerRatis 60d02c60-4364-4909-b75c-044757b70e38 is started using port 40107 for RATIS_ADMIN
2022-10-10 08:42:12,026 [EndpointStateMachine task thread for /0.0.0.0:44205 - 0 ] INFO  ratis.XceiverServerRatis (XceiverServerRatis.java:getRealPort(502)) - XceiverServerRatis 60d02c60-4364-4909-b75c-044757b70e38 is started using port 40107 for RATIS_SERVER
2022-10-10 08:42:12,027 [org.apache.ratis.util.JvmPauseMonitor$$Lambda$636/263158265@6a0173ea] INFO  util.JvmPauseMonitor (JvmPauseMonitor.java:run(103)) - JvmPauseMonitor-60d02c60-4364-4909-b75c-044757b70e38: Started
2022-10-10 08:42:12,061 [EndpointStateMachine task thread for /0.0.0.0:44205 - 0 ] INFO  server.XceiverServerGrpc (XceiverServerGrpc.java:start(180)) - XceiverServerGrpc 60d02c60-4364-4909-b75c-044757b70e38 is started using port 34221
2022-10-10 08:42:12,398 [Listener at 127.0.0.1/37485] INFO  handler.ContextHandler (ContextHandler.java:doStart(915)) - Started o.e.j.w.WebAppContext@59176e9b{hddsDatanode,/,file:///tmp/jetty-0_0_0_0-45645-hdds-container-service-1_3_0-SNAPSHOT_jar-_-any-1241964982708282993/webapp/,AVAILABLE}{jar:file:/home/runner/.m2/repository/org/apache/ozone/hdds-container-service/1.3.0-SNAPSHOT/hdds-container-service-1.3.0-SNAPSHOT.jar!/webapps/hddsDatanode}
2022-10-10 08:42:12,440 [Listener at 127.0.0.1/37485] INFO  server.AbstractConnector (AbstractConnector.java:doStart(331)) - Started ServerConnector@4fcce3d{HTTP/1.1, (http/1.1)}{0.0.0.0:45645}
2022-10-10 08:42:12,440 [Listener at 127.0.0.1/37485] INFO  server.Server (Server.java:doStart(415)) - Started @463997ms
2022-10-10 08:42:12,440 [Listener at 127.0.0.1/37485] WARN  impl.MetricsSystemImpl (MetricsSystemImpl.java:register(279)) - Sink prometheus already exists!
2022-10-10 08:42:12,441 [Listener at 127.0.0.1/37485] INFO  http.BaseHttpServer (BaseHttpServer.java:updateConnectorAddress(333)) - HTTP server of hddsDatanode listening at http://0.0.0.0:45645
2022-10-10 08:42:12,452 [Listener at 127.0.0.1/37485] INFO  ozone.MiniOzoneClusterImpl (MiniOzoneClusterImpl.java:lambda$waitForClusterToBeReady$0(216)) - Waiting for nodes to be ready. Got 0 of 5 DN Heartbeats.
2022-10-10 08:42:12,452 [Listener at 127.0.0.1/37485] INFO  ozone.MiniOzoneClusterImpl (MiniOzoneClusterImpl.java:lambda$waitForClusterToBeReady$0(219)) - Waiting for cluster to exit safe mode
2022-10-10 08:42:12,452 [Listener at 127.0.0.1/37485] INFO  ozone.MiniOzoneClusterImpl (MiniOzoneClusterImpl.java:lambda$waitForClusterToBeReady$0(221)) - SCM became leader
2022-10-10 08:42:12,452 [Datanode State Machine Daemon Thread] INFO  statemachine.DatanodeStateMachine (DatanodeStateMachine.java:lambda$startDaemon$0(492)) - Ozone container server started.
2022-10-10 08:42:12,460 [org.apache.hadoop.util.JvmPauseMonitor$Monitor@725556f7] INFO  util.JvmPauseMonitor (JvmPauseMonitor.java:run(188)) - Starting JVM pause monitor
2022-10-10 08:42:12,490 [Datanode State Machine Task Thread - 0] INFO  datanode.InitDatanodeState (InitDatanodeState.java:persistContainerDatanodeDetails(138)) - DatanodeDetails is persisted to /home/runner/work/ozone/ozone/hadoop-ozone/integration-test/target/test-dir/MiniOzoneClusterImpl-900ef34e-234b-421b-bced-fede2d4c92a4/datanode-4/meta/datanode.id
2022-10-10 08:42:12,743 [EndpointStateMachine task thread for /0.0.0.0:44205 - 0 ] INFO  volume.HddsVolume (HddsVolume.java:createDbStore(307)) - SchemaV3 db is created and loaded at /home/runner/work/ozone/ozone/hadoop-ozone/integration-test/target/test-dir/MiniOzoneClusterImpl-900ef34e-234b-421b-bced-fede2d4c92a4/datanode-2/data-0/containers/hdds/900ef34e-234b-421b-bced-fede2d4c92a4/DS-0143cdc3-0d60-4f63-8fe8-85217d9339c1/container.db for volume DS-0143cdc3-0d60-4f63-8fe8-85217d9339c1
2022-10-10 08:42:12,744 [EndpointStateMachine task thread for /0.0.0.0:44205 - 0 ] INFO  volume.HddsVolume (HddsVolume.java:closeDbStore(338)) - SchemaV3 db is stopped at /home/runner/work/ozone/ozone/hadoop-ozone/integration-test/target/test-dir/MiniOzoneClusterImpl-900ef34e-234b-421b-bced-fede2d4c92a4/datanode-2/data-0/containers/hdds/900ef34e-234b-421b-bced-fede2d4c92a4/DS-0143cdc3-0d60-4f63-8fe8-85217d9339c1/container.db for volume DS-0143cdc3-0d60-4f63-8fe8-85217d9339c1
2022-10-10 08:42:12,744 [EndpointStateMachine task thread for /0.0.0.0:44205 - 0 ] INFO  ozoneimpl.OzoneContainer (OzoneContainer.java:start(378)) - Attempting to start container services.
2022-10-10 08:42:12,744 [EndpointStateMachine task thread for /0.0.0.0:44205 - 0 ] INFO  ozoneimpl.OzoneContainer (OzoneContainer.java:startContainerScrub(313)) - Background container scanner has been disabled.
2022-10-10 08:42:12,756 [EndpointStateMachine task thread for /0.0.0.0:44205 - 0 ] INFO  replication.ReplicationServer (ReplicationServer.java:start(111)) - ReplicationServer is started using port 44011
2022-10-10 08:42:12,758 [EndpointStateMachine task thread for /0.0.0.0:44205 - 0 ] INFO  ratis.XceiverServerRatis (XceiverServerRatis.java:start(481)) - Starting XceiverServerRatis 01e2fa94-bf37-40d8-a3b1-a78bdc47df12
2022-10-10 08:42:12,788 [EndpointStateMachine task thread for /0.0.0.0:44205 - 0 ] INFO  server.RaftServer (RaftServerProxy.java:lambda$start$6(382)) - 01e2fa94-bf37-40d8-a3b1-a78bdc47df12: start RPC server
2022-10-10 08:42:12,846 [EndpointStateMachine task thread for /0.0.0.0:44205 - 0 ] INFO  server.GrpcService (GrpcService.java:startImpl(260)) - 01e2fa94-bf37-40d8-a3b1-a78bdc47df12: GrpcService started, listening on 35473
2022-10-10 08:42:12,847 [EndpointStateMachine task thread for /0.0.0.0:44205 - 0 ] INFO  ratis.XceiverServerRatis (XceiverServerRatis.java:getRealPort(502)) - XceiverServerRatis 01e2fa94-bf37-40d8-a3b1-a78bdc47df12 is started using port 35473 for RATIS
2022-10-10 08:42:12,847 [EndpointStateMachine task thread for /0.0.0.0:44205 - 0 ] INFO  ratis.XceiverServerRatis (XceiverServerRatis.java:getRealPort(502)) - XceiverServerRatis 01e2fa94-bf37-40d8-a3b1-a78bdc47df12 is started using port 35473 for RATIS_ADMIN
2022-10-10 08:42:12,847 [EndpointStateMachine task thread for /0.0.0.0:44205 - 0 ] INFO  ratis.XceiverServerRatis (XceiverServerRatis.java:getRealPort(502)) - XceiverServerRatis 01e2fa94-bf37-40d8-a3b1-a78bdc47df12 is started using port 35473 for RATIS_SERVER
2022-10-10 08:42:12,847 [org.apache.ratis.util.JvmPauseMonitor$$Lambda$636/263158265@709adbf7] INFO  util.JvmPauseMonitor (JvmPauseMonitor.java:run(103)) - JvmPauseMonitor-01e2fa94-bf37-40d8-a3b1-a78bdc47df12: Started
2022-10-10 08:42:12,921 [EndpointStateMachine task thread for /0.0.0.0:44205 - 0 ] INFO  server.XceiverServerGrpc (XceiverServerGrpc.java:start(180)) - XceiverServerGrpc 01e2fa94-bf37-40d8-a3b1-a78bdc47df12 is started using port 44865
2022-10-10 08:42:13,146 [IPC Server handler 1 on default port 44205] INFO  net.NetworkTopologyImpl (NetworkTopologyImpl.java:add(112)) - Added a new node: /default-rack/b810ff59-71dc-43a2-8cb3-16d59e449a1e
2022-10-10 08:42:13,146 [IPC Server handler 1 on default port 44205] INFO  node.SCMNodeManager (SCMNodeManager.java:register(397)) - Registered Data node : b810ff59-71dc-43a2-8cb3-16d59e449a1e{ip: 10.1.0.114, host: fv-az292-843.tqgtyn10aqxuxoi0mkfbldi5vh.jx.internal.cloudapp.net, ports: [REPLICATION=37681, RATIS=43627, RATIS_ADMIN=43627, RATIS_SERVER=43627, STANDALONE=40483], networkLocation: /default-rack, certSerialId: null, persistedOpState: null, persistedOpStateExpiryEpochSec: 0}
2022-10-10 08:42:13,156 [EventQueue-NodeRegistrationContainerReportForContainerSafeModeRule] INFO  safemode.SCMSafeModeManager (SCMSafeModeManager.java:validateSafeModeExitRules(204)) - ContainerSafeModeRule rule is successfully validated
2022-10-10 08:42:13,156 [EventQueue-NodeRegistrationContainerReportForDataNodeSafeModeRule] INFO  safemode.SCMSafeModeManager (DataNodeSafeModeRule.java:process(71)) - SCM in safe mode. 1 DataNodes registered, 3 required.
2022-10-10 08:42:13,170 [EventQueue-NewNodeForNewNodeHandler] INFO  pipeline.BackgroundPipelineCreator (BackgroundPipelineCreator.java:notifyEventTriggered(276)) - trigger a one-shot run on RatisPipelineUtilsThread.
2022-10-10 08:42:13,171 [RatisPipelineUtilsThread - 0] INFO  pipeline.RatisPipelineProvider (RatisPipelineProvider.java:lambda$create$0(195)) - Sending CreatePipelineCommand for pipeline:PipelineID=781aa22d-e69d-443e-a2ab-3d737fda59a6 to datanode:b810ff59-71dc-43a2-8cb3-16d59e449a1e
2022-10-10 08:42:13,171 [EventQueue-PipelineReportForOneReplicaPipelineSafeModeRule] INFO  safemode.SCMSafeModeManager (SCMSafeModeManager.java:validateSafeModeExitRules(204)) - AtleastOneDatanodeReportedRule rule is successfully validated
2022-10-10 08:42:13,176 [RatisPipelineUtilsThread - 0] INFO  pipeline.PipelineStateManagerImpl (PipelineStateManagerImpl.java:addPipeline(103)) - Created pipeline Pipeline[ Id: 781aa22d-e69d-443e-a2ab-3d737fda59a6, Nodes: b810ff59-71dc-43a2-8cb3-16d59e449a1e{ip: 10.1.0.114, host: fv-az292-843.tqgtyn10aqxuxoi0mkfbldi5vh.jx.internal.cloudapp.net, ports: [REPLICATION=37681, RATIS=43627, RATIS_ADMIN=43627, RATIS_SERVER=43627, STANDALONE=40483], networkLocation: /default-rack, certSerialId: null, persistedOpState: IN_SERVICE, persistedOpStateExpiryEpochSec: 0}, ReplicationConfig: RATIS/ONE, State:ALLOCATED, leaderId:, CreationTimestamp2022-10-10T08:42:13.171Z[Etc/UTC]].
2022-10-10 08:42:13,452 [Listener at 127.0.0.1/37485] INFO  ozone.MiniOzoneClusterImpl (MiniOzoneClusterImpl.java:lambda$waitForClusterToBeReady$0(216)) - Waiting for nodes to be ready. Got 1 of 5 DN Heartbeats.
2022-10-10 08:42:13,453 [Listener at 127.0.0.1/37485] INFO  ozone.MiniOzoneClusterImpl (MiniOzoneClusterImpl.java:lambda$waitForClusterToBeReady$0(219)) - Waiting for cluster to exit safe mode
2022-10-10 08:42:13,453 [Listener at 127.0.0.1/37485] INFO  ozone.MiniOzoneClusterImpl (MiniOzoneClusterImpl.java:lambda$waitForClusterToBeReady$0(221)) - SCM became leader
2022-10-10 08:42:13,457 [EndpointStateMachine task thread for /0.0.0.0:44205 - 0 ] INFO  volume.HddsVolume (HddsVolume.java:createDbStore(307)) - SchemaV3 db is created and loaded at /home/runner/work/ozone/ozone/hadoop-ozone/integration-test/target/test-dir/MiniOzoneClusterImpl-900ef34e-234b-421b-bced-fede2d4c92a4/datanode-3/data-0/containers/hdds/900ef34e-234b-421b-bced-fede2d4c92a4/DS-71e1b408-e10e-4fee-b7a2-a39f75300361/container.db for volume DS-71e1b408-e10e-4fee-b7a2-a39f75300361
2022-10-10 08:42:13,458 [EndpointStateMachine task thread for /0.0.0.0:44205 - 0 ] INFO  volume.HddsVolume (HddsVolume.java:closeDbStore(338)) - SchemaV3 db is stopped at /home/runner/work/ozone/ozone/hadoop-ozone/integration-test/target/test-dir/MiniOzoneClusterImpl-900ef34e-234b-421b-bced-fede2d4c92a4/datanode-3/data-0/containers/hdds/900ef34e-234b-421b-bced-fede2d4c92a4/DS-71e1b408-e10e-4fee-b7a2-a39f75300361/container.db for volume DS-71e1b408-e10e-4fee-b7a2-a39f75300361
2022-10-10 08:42:13,459 [EndpointStateMachine task thread for /0.0.0.0:44205 - 0 ] INFO  ozoneimpl.OzoneContainer (OzoneContainer.java:start(378)) - Attempting to start container services.
2022-10-10 08:42:13,459 [EndpointStateMachine task thread for /0.0.0.0:44205 - 0 ] INFO  ozoneimpl.OzoneContainer (OzoneContainer.java:startContainerScrub(313)) - Background container scanner has been disabled.
2022-10-10 08:42:13,482 [EndpointStateMachine task thread for /0.0.0.0:44205 - 0 ] INFO  replication.ReplicationServer (ReplicationServer.java:start(111)) - ReplicationServer is started using port 46095
2022-10-10 08:42:13,483 [EndpointStateMachine task thread for /0.0.0.0:44205 - 0 ] INFO  ratis.XceiverServerRatis (XceiverServerRatis.java:start(481)) - Starting XceiverServerRatis a9a6cd5b-fe0e-4332-bca3-bc21e3040c64
2022-10-10 08:42:13,484 [EndpointStateMachine task thread for /0.0.0.0:44205 - 0 ] INFO  server.RaftServer (RaftServerProxy.java:lambda$start$6(382)) - a9a6cd5b-fe0e-4332-bca3-bc21e3040c64: start RPC server
2022-10-10 08:42:13,508 [EndpointStateMachine task thread for /0.0.0.0:44205 - 0 ] INFO  server.GrpcService (GrpcService.java:startImpl(260)) - a9a6cd5b-fe0e-4332-bca3-bc21e3040c64: GrpcService started, listening on 35833
2022-10-10 08:42:13,509 [EndpointStateMachine task thread for /0.0.0.0:44205 - 0 ] INFO  ratis.XceiverServerRatis (XceiverServerRatis.java:getRealPort(502)) - XceiverServerRatis a9a6cd5b-fe0e-4332-bca3-bc21e3040c64 is started using port 35833 for RATIS
2022-10-10 08:42:13,509 [EndpointStateMachine task thread for /0.0.0.0:44205 - 0 ] INFO  ratis.XceiverServerRatis (XceiverServerRatis.java:getRealPort(502)) - XceiverServerRatis a9a6cd5b-fe0e-4332-bca3-bc21e3040c64 is started using port 35833 for RATIS_ADMIN
2022-10-10 08:42:13,509 [EndpointStateMachine task thread for /0.0.0.0:44205 - 0 ] INFO  ratis.XceiverServerRatis (XceiverServerRatis.java:getRealPort(502)) - XceiverServerRatis a9a6cd5b-fe0e-4332-bca3-bc21e3040c64 is started using port 35833 for RATIS_SERVER
2022-10-10 08:42:13,509 [org.apache.ratis.util.JvmPauseMonitor$$Lambda$636/263158265@308b8827] INFO  util.JvmPauseMonitor (JvmPauseMonitor.java:run(103)) - JvmPauseMonitor-a9a6cd5b-fe0e-4332-bca3-bc21e3040c64: Started
2022-10-10 08:42:13,548 [EndpointStateMachine task thread for /0.0.0.0:44205 - 0 ] INFO  server.XceiverServerGrpc (XceiverServerGrpc.java:start(180)) - XceiverServerGrpc a9a6cd5b-fe0e-4332-bca3-bc21e3040c64 is started using port 35005
2022-10-10 08:42:13,840 [IPC Server handler 0 on default port 44205] INFO  net.NetworkTopologyImpl (NetworkTopologyImpl.java:add(112)) - Added a new node: /default-rack/60d02c60-4364-4909-b75c-044757b70e38
2022-10-10 08:42:13,840 [IPC Server handler 0 on default port 44205] INFO  node.SCMNodeManager (SCMNodeManager.java:register(397)) - Registered Data node : 60d02c60-4364-4909-b75c-044757b70e38{ip: 10.1.0.114, host: fv-az292-843.tqgtyn10aqxuxoi0mkfbldi5vh.jx.internal.cloudapp.net, ports: [REPLICATION=42729, RATIS=40107, RATIS_ADMIN=40107, RATIS_SERVER=40107, STANDALONE=34221], networkLocation: /default-rack, certSerialId: null, persistedOpState: null, persistedOpStateExpiryEpochSec: 0}
2022-10-10 08:42:13,841 [EventQueue-NewNodeForNewNodeHandler] INFO  pipeline.BackgroundPipelineCreator (BackgroundPipelineCreator.java:notifyEventTriggered(276)) - trigger a one-shot run on RatisPipelineUtilsThread.
2022-10-10 08:42:13,841 [EventQueue-NodeRegistrationContainerReportForDataNodeSafeModeRule] INFO  safemode.SCMSafeModeManager (DataNodeSafeModeRule.java:process(71)) - SCM in safe mode. 2 DataNodes registered, 3 required.
2022-10-10 08:42:13,847 [RatisPipelineUtilsThread - 0] INFO  pipeline.RatisPipelineProvider (RatisPipelineProvider.java:lambda$create$0(195)) - Sending CreatePipelineCommand for pipeline:PipelineID=94d6be31-6eeb-4497-ac3d-9a1e8250d6bc to datanode:60d02c60-4364-4909-b75c-044757b70e38
2022-10-10 08:42:13,847 [RatisPipelineUtilsThread - 0] INFO  pipeline.PipelineStateManagerImpl (PipelineStateManagerImpl.java:addPipeline(103)) - Created pipeline Pipeline[ Id: 94d6be31-6eeb-4497-ac3d-9a1e8250d6bc, Nodes: 60d02c60-4364-4909-b75c-044757b70e38{ip: 10.1.0.114, host: fv-az292-843.tqgtyn10aqxuxoi0mkfbldi5vh.jx.internal.cloudapp.net, ports: [REPLICATION=42729, RATIS=40107, RATIS_ADMIN=40107, RATIS_SERVER=40107, STANDALONE=34221], networkLocation: /default-rack, certSerialId: null, persistedOpState: IN_SERVICE, persistedOpStateExpiryEpochSec: 0}, ReplicationConfig: RATIS/ONE, State:ALLOCATED, leaderId:, CreationTimestamp2022-10-10T08:42:13.846Z[Etc/UTC]].
2022-10-10 08:42:14,453 [Listener at 127.0.0.1/37485] INFO  ozone.MiniOzoneClusterImpl (MiniOzoneClusterImpl.java:lambda$waitForClusterToBeReady$0(216)) - Waiting for nodes to be ready. Got 2 of 5 DN Heartbeats.
2022-10-10 08:42:14,454 [Listener at 127.0.0.1/37485] INFO  ozone.MiniOzoneClusterImpl (MiniOzoneClusterImpl.java:lambda$waitForClusterToBeReady$0(219)) - Waiting for cluster to exit safe mode
2022-10-10 08:42:14,454 [Listener at 127.0.0.1/37485] INFO  ozone.MiniOzoneClusterImpl (MiniOzoneClusterImpl.java:lambda$waitForClusterToBeReady$0(221)) - SCM became leader
2022-10-10 08:42:14,540 [EndpointStateMachine task thread for /0.0.0.0:44205 - 0 ] INFO  volume.HddsVolume (HddsVolume.java:createDbStore(307)) - SchemaV3 db is created and loaded at /home/runner/work/ozone/ozone/hadoop-ozone/integration-test/target/test-dir/MiniOzoneClusterImpl-900ef34e-234b-421b-bced-fede2d4c92a4/datanode-4/data-0/containers/hdds/900ef34e-234b-421b-bced-fede2d4c92a4/DS-729a1658-5ec7-4fe0-82fa-475242419e41/container.db for volume DS-729a1658-5ec7-4fe0-82fa-475242419e41
2022-10-10 08:42:14,541 [EndpointStateMachine task thread for /0.0.0.0:44205 - 0 ] INFO  volume.HddsVolume (HddsVolume.java:closeDbStore(338)) - SchemaV3 db is stopped at /home/runner/work/ozone/ozone/hadoop-ozone/integration-test/target/test-dir/MiniOzoneClusterImpl-900ef34e-234b-421b-bced-fede2d4c92a4/datanode-4/data-0/containers/hdds/900ef34e-234b-421b-bced-fede2d4c92a4/DS-729a1658-5ec7-4fe0-82fa-475242419e41/container.db for volume DS-729a1658-5ec7-4fe0-82fa-475242419e41
2022-10-10 08:42:14,541 [EndpointStateMachine task thread for /0.0.0.0:44205 - 0 ] INFO  ozoneimpl.OzoneContainer (OzoneContainer.java:start(378)) - Attempting to start container services.
2022-10-10 08:42:14,541 [EndpointStateMachine task thread for /0.0.0.0:44205 - 0 ] INFO  ozoneimpl.OzoneContainer (OzoneContainer.java:startContainerScrub(313)) - Background container scanner has been disabled.
2022-10-10 08:42:14,578 [IPC Server handler 5 on default port 44205] INFO  net.NetworkTopologyImpl (NetworkTopologyImpl.java:add(112)) - Added a new node: /default-rack/01e2fa94-bf37-40d8-a3b1-a78bdc47df12
2022-10-10 08:42:14,578 [IPC Server handler 5 on default port 44205] INFO  node.SCMNodeManager (SCMNodeManager.java:register(397)) - Registered Data node : 01e2fa94-bf37-40d8-a3b1-a78bdc47df12{ip: 10.1.0.114, host: fv-az292-843.tqgtyn10aqxuxoi0mkfbldi5vh.jx.internal.cloudapp.net, ports: [REPLICATION=44011, RATIS=35473, RATIS_ADMIN=35473, RATIS_SERVER=35473, STANDALONE=44865], networkLocation: /default-rack, certSerialId: null, persistedOpState: null, persistedOpStateExpiryEpochSec: 0}
2022-10-10 08:42:14,579 [EventQueue-NewNodeForNewNodeHandler] INFO  pipeline.BackgroundPipelineCreator (BackgroundPipelineCreator.java:notifyEventTriggered(276)) - trigger a one-shot run on RatisPipelineUtilsThread.
2022-10-10 08:42:14,583 [EventQueue-NodeRegistrationContainerReportForDataNodeSafeModeRule] INFO  safemode.SCMSafeModeManager (DataNodeSafeModeRule.java:process(71)) - SCM in safe mode. 3 DataNodes registered, 3 required.
2022-10-10 08:42:14,583 [EventQueue-NodeRegistrationContainerReportForDataNodeSafeModeRule] INFO  safemode.SCMSafeModeManager (SCMSafeModeManager.java:validateSafeModeExitRules(204)) - DataNodeSafeModeRule rule is successfully validated
2022-10-10 08:42:14,583 [EventQueue-NodeRegistrationContainerReportForDataNodeSafeModeRule] INFO  safemode.SCMSafeModeManager (SCMSafeModeManager.java:completePreCheck(233)) - All SCM safe mode pre check rules have passed
2022-10-10 08:42:14,583 [EventQueue-NodeRegistrationContainerReportForDataNodeSafeModeRule] WARN  events.EventQueue (EventQueue.java:fireEvent(216)) - No event handler registered for event TypedEvent{payloadType=SafeModeStatus, name='Safe mode status'}
2022-10-10 08:42:14,583 [EventQueue-NodeRegistrationContainerReportForDataNodeSafeModeRule] INFO  ha.SCMContext (SCMContext.java:updateSafeModeStatus(228)) - Update SafeModeStatus from SafeModeStatus{safeModeStatus=true, preCheckPassed=false} to SafeModeStatus{safeModeStatus=true, preCheckPassed=true}.
2022-10-10 08:42:14,583 [EventQueue-NodeRegistrationContainerReportForDataNodeSafeModeRule] INFO  pipeline.BackgroundPipelineCreator (BackgroundPipelineCreator.java:notifyEventTriggered(276)) - trigger a one-shot run on RatisPipelineUtilsThread.
2022-10-10 08:42:14,590 [EndpointStateMachine task thread for /0.0.0.0:44205 - 0 ] INFO  replication.ReplicationServer (ReplicationServer.java:start(111)) - ReplicationServer is started using port 41453
2022-10-10 08:42:14,594 [EndpointStateMachine task thread for /0.0.0.0:44205 - 0 ] INFO  ratis.XceiverServerRatis (XceiverServerRatis.java:start(481)) - Starting XceiverServerRatis 9cbf5f09-7b00-486b-b3c2-fec1d2782637
2022-10-10 08:42:14,600 [EndpointStateMachine task thread for /0.0.0.0:44205 - 0 ] INFO  server.RaftServer (RaftServerProxy.java:lambda$start$6(382)) - 9cbf5f09-7b00-486b-b3c2-fec1d2782637: start RPC server
2022-10-10 08:42:14,606 [EndpointStateMachine task thread for /0.0.0.0:44205 - 0 ] INFO  server.GrpcService (GrpcService.java:startImpl(260)) - 9cbf5f09-7b00-486b-b3c2-fec1d2782637: GrpcService started, listening on 40267
2022-10-10 08:42:14,614 [EndpointStateMachine task thread for /0.0.0.0:44205 - 0 ] INFO  ratis.XceiverServerRatis (XceiverServerRatis.java:getRealPort(502)) - XceiverServerRatis 9cbf5f09-7b00-486b-b3c2-fec1d2782637 is started using port 40267 for RATIS
2022-10-10 08:42:14,614 [EndpointStateMachine task thread for /0.0.0.0:44205 - 0 ] INFO  ratis.XceiverServerRatis (XceiverServerRatis.java:getRealPort(502)) - XceiverServerRatis 9cbf5f09-7b00-486b-b3c2-fec1d2782637 is started using port 40267 for RATIS_ADMIN
2022-10-10 08:42:14,614 [EndpointStateMachine task thread for /0.0.0.0:44205 - 0 ] INFO  ratis.XceiverServerRatis (XceiverServerRatis.java:getRealPort(502)) - XceiverServerRatis 9cbf5f09-7b00-486b-b3c2-fec1d2782637 is started using port 40267 for RATIS_SERVER
2022-10-10 08:42:14,614 [org.apache.ratis.util.JvmPauseMonitor$$Lambda$636/263158265@49dfb7d7] INFO  util.JvmPauseMonitor (JvmPauseMonitor.java:run(103)) - JvmPauseMonitor-9cbf5f09-7b00-486b-b3c2-fec1d2782637: Started
2022-10-10 08:42:14,621 [RatisPipelineUtilsThread - 0] INFO  pipeline.RatisPipelineProvider (RatisPipelineProvider.java:lambda$create$0(195)) - Sending CreatePipelineCommand for pipeline:PipelineID=e1955994-fbd1-4307-bd03-a4a71def64e6 to datanode:01e2fa94-bf37-40d8-a3b1-a78bdc47df12
2022-10-10 08:42:14,621 [RatisPipelineUtilsThread - 0] INFO  pipeline.PipelineStateManagerImpl (PipelineStateManagerImpl.java:addPipeline(103)) - Created pipeline Pipeline[ Id: e1955994-fbd1-4307-bd03-a4a71def64e6, Nodes: 01e2fa94-bf37-40d8-a3b1-a78bdc47df12{ip: 10.1.0.114, host: fv-az292-843.tqgtyn10aqxuxoi0mkfbldi5vh.jx.internal.cloudapp.net, ports: [REPLICATION=44011, RATIS=35473, RATIS_ADMIN=35473, RATIS_SERVER=35473, STANDALONE=44865], networkLocation: /default-rack, certSerialId: null, persistedOpState: IN_SERVICE, persistedOpStateExpiryEpochSec: 0}, ReplicationConfig: RATIS/ONE, State:ALLOCATED, leaderId:, CreationTimestamp2022-10-10T08:42:14.621Z[Etc/UTC]].
2022-10-10 08:42:14,622 [RatisPipelineUtilsThread - 0] INFO  pipeline.RatisPipelineProvider (RatisPipelineProvider.java:lambda$create$0(195)) - Sending CreatePipelineCommand for pipeline:PipelineID=ce02c039-71c0-4e13-87fb-a5b6f39d5604 to datanode:b810ff59-71dc-43a2-8cb3-16d59e449a1e
2022-10-10 08:42:14,622 [RatisPipelineUtilsThread - 0] INFO  pipeline.RatisPipelineProvider (RatisPipelineProvider.java:lambda$create$0(195)) - Sending CreatePipelineCommand for pipeline:PipelineID=ce02c039-71c0-4e13-87fb-a5b6f39d5604 to datanode:01e2fa94-bf37-40d8-a3b1-a78bdc47df12
2022-10-10 08:42:14,622 [RatisPipelineUtilsThread - 0] INFO  pipeline.RatisPipelineProvider (RatisPipelineProvider.java:lambda$create$0(195)) - Sending CreatePipelineCommand for pipeline:PipelineID=ce02c039-71c0-4e13-87fb-a5b6f39d5604 to datanode:60d02c60-4364-4909-b75c-044757b70e38
2022-10-10 08:42:14,622 [RatisPipelineUtilsThread - 0] INFO  pipeline.PipelineStateManagerImpl (PipelineStateManagerImpl.java:addPipeline(103)) - Created pipeline Pipeline[ Id: ce02c039-71c0-4e13-87fb-a5b6f39d5604, Nodes: b810ff59-71dc-43a2-8cb3-16d59e449a1e{ip: 10.1.0.114, host: fv-az292-843.tqgtyn10aqxuxoi0mkfbldi5vh.jx.internal.cloudapp.net, ports: [REPLICATION=37681, RATIS=43627, RATIS_ADMIN=43627, RATIS_SERVER=43627, STANDALONE=40483], networkLocation: /default-rack, certSerialId: null, persistedOpState: IN_SERVICE, persistedOpStateExpiryEpochSec: 0}01e2fa94-bf37-40d8-a3b1-a78bdc47df12{ip: 10.1.0.114, host: fv-az292-843.tqgtyn10aqxuxoi0mkfbldi5vh.jx.internal.cloudapp.net, ports: [REPLICATION=44011, RATIS=35473, RATIS_ADMIN=35473, RATIS_SERVER=35473, STANDALONE=44865], networkLocation: /default-rack, certSerialId: null, persistedOpState: IN_SERVICE, persistedOpStateExpiryEpochSec: 0}60d02c60-4364-4909-b75c-044757b70e38{ip: 10.1.0.114, host: fv-az292-843.tqgtyn10aqxuxoi0mkfbldi5vh.jx.internal.cloudapp.net, ports: [REPLICATION=42729, RATIS=40107, RATIS_ADMIN=40107, RATIS_SERVER=40107, STANDALONE=34221], networkLocation: /default-rack, certSerialId: null, persistedOpState: IN_SERVICE, persistedOpStateExpiryEpochSec: 0}, ReplicationConfig: RATIS/THREE, State:ALLOCATED, leaderId:, CreationTimestamp2022-10-10T08:42:14.622Z[Etc/UTC]].
2022-10-10 08:42:14,623 [RatisPipelineUtilsThread - 0] INFO  pipeline.RatisPipelineProvider (RatisPipelineProvider.java:lambda$create$0(195)) - Sending CreatePipelineCommand for pipeline:PipelineID=82707386-6ed1-4580-816e-afa0d27feb74 to datanode:b810ff59-71dc-43a2-8cb3-16d59e449a1e
2022-10-10 08:42:14,623 [RatisPipelineUtilsThread - 0] INFO  pipeline.RatisPipelineProvider (RatisPipelineProvider.java:lambda$create$0(195)) - Sending CreatePipelineCommand for pipeline:PipelineID=82707386-6ed1-4580-816e-afa0d27feb74 to datanode:01e2fa94-bf37-40d8-a3b1-a78bdc47df12
2022-10-10 08:42:14,623 [RatisPipelineUtilsThread - 0] INFO  pipeline.RatisPipelineProvider (RatisPipelineProvider.java:lambda$create$0(195)) - Sending CreatePipelineCommand for pipeline:PipelineID=82707386-6ed1-4580-816e-afa0d27feb74 to datanode:60d02c60-4364-4909-b75c-044757b70e38
2022-10-10 08:42:14,623 [RatisPipelineUtilsThread - 0] INFO  pipeline.PipelineStateManagerImpl (PipelineStateManagerImpl.java:addPipeline(103)) - Created pipeline Pipeline[ Id: 82707386-6ed1-4580-816e-afa0d27feb74, Nodes: b810ff59-71dc-43a2-8cb3-16d59e449a1e{ip: 10.1.0.114, host: fv-az292-843.tqgtyn10aqxuxoi0mkfbldi5vh.jx.internal.cloudapp.net, ports: [REPLICATION=37681, RATIS=43627, RATIS_ADMIN=43627, RATIS_SERVER=43627, STANDALONE=40483], networkLocation: /default-rack, certSerialId: null, persistedOpState: IN_SERVICE, persistedOpStateExpiryEpochSec: 0}01e2fa94-bf37-40d8-a3b1-a78bdc47df12{ip: 10.1.0.114, host: fv-az292-843.tqgtyn10aqxuxoi0mkfbldi5vh.jx.internal.cloudapp.net, ports: [REPLICATION=44011, RATIS=35473, RATIS_ADMIN=35473, RATIS_SERVER=35473, STANDALONE=44865], networkLocation: /default-rack, certSerialId: null, persistedOpState: IN_SERVICE, persistedOpStateExpiryEpochSec: 0}60d02c60-4364-4909-b75c-044757b70e38{ip: 10.1.0.114, host: fv-az292-843.tqgtyn10aqxuxoi0mkfbldi5vh.jx.internal.cloudapp.net, ports: [REPLICATION=42729, RATIS=40107, RATIS_ADMIN=40107, RATIS_SERVER=40107, STANDALONE=34221], networkLocation: /default-rack, certSerialId: null, persistedOpState: IN_SERVICE, persistedOpStateExpiryEpochSec: 0}, ReplicationConfig: RATIS/THREE, State:ALLOCATED, leaderId:, CreationTimestamp2022-10-10T08:42:14.623Z[Etc/UTC]].
2022-10-10 08:42:14,623 [RatisPipelineUtilsThread - 0] INFO  pipeline.PipelineManagerImpl (PipelineManagerImpl.java:recordMetricsForPipeline(796)) - Pipeline: PipelineID=82707386-6ed1-4580-816e-afa0d27feb74 contains same datanodes as previous pipelines: PipelineID=ce02c039-71c0-4e13-87fb-a5b6f39d5604 nodeIds: b810ff59-71dc-43a2-8cb3-16d59e449a1e, 01e2fa94-bf37-40d8-a3b1-a78bdc47df12, 60d02c60-4364-4909-b75c-044757b70e38
2022-10-10 08:42:14,654 [EndpointStateMachine task thread for /0.0.0.0:44205 - 0 ] INFO  server.XceiverServerGrpc (XceiverServerGrpc.java:start(180)) - XceiverServerGrpc 9cbf5f09-7b00-486b-b3c2-fec1d2782637 is started using port 35489
2022-10-10 08:42:15,349 [IPC Server handler 2 on default port 44205] INFO  net.NetworkTopologyImpl (NetworkTopologyImpl.java:add(112)) - Added a new node: /default-rack/a9a6cd5b-fe0e-4332-bca3-bc21e3040c64
2022-10-10 08:42:15,349 [IPC Server handler 2 on default port 44205] INFO  node.SCMNodeManager (SCMNodeManager.java:register(397)) - Registered Data node : a9a6cd5b-fe0e-4332-bca3-bc21e3040c64{ip: 10.1.0.114, host: fv-az292-843.tqgtyn10aqxuxoi0mkfbldi5vh.jx.internal.cloudapp.net, ports: [REPLICATION=46095, RATIS=35833, RATIS_ADMIN=35833, RATIS_SERVER=35833, STANDALONE=35005], networkLocation: /default-rack, certSerialId: null, persistedOpState: null, persistedOpStateExpiryEpochSec: 0}
2022-10-10 08:42:15,350 [EventQueue-NewNodeForNewNodeHandler] INFO  pipeline.BackgroundPipelineCreator (BackgroundPipelineCreator.java:notifyEventTriggered(276)) - trigger a one-shot run on RatisPipelineUtilsThread.
2022-10-10 08:42:15,352 [RatisPipelineUtilsThread - 0] INFO  pipeline.RatisPipelineProvider (RatisPipelineProvider.java:lambda$create$0(195)) - Sending CreatePipelineCommand for pipeline:PipelineID=bdd2f1a1-3906-4056-8188-067685ed9e5b to datanode:a9a6cd5b-fe0e-4332-bca3-bc21e3040c64
2022-10-10 08:42:15,352 [RatisPipelineUtilsThread - 0] INFO  pipeline.PipelineStateManagerImpl (PipelineStateManagerImpl.java:addPipeline(103)) - Created pipeline Pipeline[ Id: bdd2f1a1-3906-4056-8188-067685ed9e5b, Nodes: a9a6cd5b-fe0e-4332-bca3-bc21e3040c64{ip: 10.1.0.114, host: fv-az292-843.tqgtyn10aqxuxoi0mkfbldi5vh.jx.internal.cloudapp.net, ports: [REPLICATION=46095, RATIS=35833, RATIS_ADMIN=35833, RATIS_SERVER=35833, STANDALONE=35005], networkLocation: /default-rack, certSerialId: null, persistedOpState: IN_SERVICE, persistedOpStateExpiryEpochSec: 0}, ReplicationConfig: RATIS/ONE, State:ALLOCATED, leaderId:, CreationTimestamp2022-10-10T08:42:15.352Z[Etc/UTC]].
2022-10-10 08:42:15,455 [Listener at 127.0.0.1/37485] INFO  ozone.MiniOzoneClusterImpl (MiniOzoneClusterImpl.java:lambda$waitForClusterToBeReady$0(216)) - Waiting for nodes to be ready. Got 4 of 5 DN Heartbeats.
2022-10-10 08:42:15,455 [Listener at 127.0.0.1/37485] INFO  ozone.MiniOzoneClusterImpl (MiniOzoneClusterImpl.java:lambda$waitForClusterToBeReady$0(219)) - Waiting for cluster to exit safe mode
2022-10-10 08:42:15,455 [Listener at 127.0.0.1/37485] INFO  ozone.MiniOzoneClusterImpl (MiniOzoneClusterImpl.java:lambda$waitForClusterToBeReady$0(221)) - SCM became leader
2022-10-10 08:42:16,147 [Command processor thread] INFO  server.RaftServer (RaftServerProxy.java:addNew(96)) - b810ff59-71dc-43a2-8cb3-16d59e449a1e: addNew group-3D737FDA59A6:[b810ff59-71dc-43a2-8cb3-16d59e449a1e|rpc:10.1.0.114:43627|priority:1] returns group-3D737FDA59A6:java.util.concurrent.CompletableFuture@1f4caf6c[Not completed]
2022-10-10 08:42:16,147 [pool-759-thread-1] INFO  server.RaftServer$Division (RaftServerImpl.java:<init>(190)) - b810ff59-71dc-43a2-8cb3-16d59e449a1e: new RaftServerImpl for group-3D737FDA59A6:[b810ff59-71dc-43a2-8cb3-16d59e449a1e|rpc:10.1.0.114:43627|priority:1] with ContainerStateMachine:uninitialized
2022-10-10 08:42:16,148 [pool-759-thread-1] INFO  server.RaftServerConfigKeys (ConfUtils.java:logGet(46)) - raft.server.rpc.timeout.min = 5s (custom)
2022-10-10 08:42:16,158 [pool-759-thread-1] INFO  server.RaftServerConfigKeys (ConfUtils.java:logGet(46)) - raft.server.rpc.timeout.max = 5200ms (custom)
2022-10-10 08:42:16,158 [pool-759-thread-1] INFO  server.RaftServerConfigKeys (ConfUtils.java:logGet(46)) - raft.server.rpc.sleep.time = 25ms (default)
2022-10-10 08:42:16,158 [pool-759-thread-1] INFO  server.RaftServerConfigKeys (ConfUtils.java:logGet(46)) - raft.server.rpc.slowness.timeout = 300s (custom)
2022-10-10 08:42:16,158 [pool-759-thread-1] INFO  server.RaftServerConfigKeys (ConfUtils.java:logGet(46)) - raft.server.leaderelection.leader.step-down.wait-time = 10s (default)
2022-10-10 08:42:16,158 [pool-759-thread-1] INFO  server.RaftServerConfigKeys (ConfUtils.java:logGet(46)) - raft.server.sleep.deviation.threshold = 300ms (default)
2022-10-10 08:42:16,158 [pool-759-thread-1] INFO  server.RaftServer$Division (ServerState.java:<init>(107)) - b810ff59-71dc-43a2-8cb3-16d59e449a1e@group-3D737FDA59A6: ConfigurationManager, init=-1: [b810ff59-71dc-43a2-8cb3-16d59e449a1e|rpc:10.1.0.114:43627|priority:1], old=null, confs=<EMPTY_MAP>
2022-10-10 08:42:16,159 [pool-759-thread-1] INFO  server.RaftServerConfigKeys (ConfUtils.java:logGet(46)) - raft.server.storage.dir = [/home/runner/work/ozone/ozone/hadoop-ozone/integration-test/target/test-dir/MiniOzoneClusterImpl-900ef34e-234b-421b-bced-fede2d4c92a4/datanode-0/data/ratis] (custom)
2022-10-10 08:42:16,159 [pool-759-thread-1] INFO  server.RaftServerConfigKeys (ConfUtils.java:logGet(46)) - raft.server.log.corruption.policy = EXCEPTION (default)
2022-10-10 08:42:16,159 [pool-759-thread-1] INFO  server.RaftServerConfigKeys (ConfUtils.java:logGet(46)) - raft.server.storage.free-space.min = 0MB (=0) (default)
2022-10-10 08:42:16,159 [pool-759-thread-1] INFO  storage.RaftStorageDirectory (RaftStorageDirectoryImpl.java:analyzeStorage(135)) - The storage directory /home/runner/work/ozone/ozone/hadoop-ozone/integration-test/target/test-dir/MiniOzoneClusterImpl-900ef34e-234b-421b-bced-fede2d4c92a4/datanode-0/data/ratis/781aa22d-e69d-443e-a2ab-3d737fda59a6 does not exist. Creating ...
2022-10-10 08:42:16,179 [pool-759-thread-1] INFO  storage.RaftStorageDirectory (RaftStorageDirectoryImpl.java:tryLock(230)) - Lock on /home/runner/work/ozone/ozone/hadoop-ozone/integration-test/target/test-dir/MiniOzoneClusterImpl-900ef34e-234b-421b-bced-fede2d4c92a4/datanode-0/data/ratis/781aa22d-e69d-443e-a2ab-3d737fda59a6/in_use.lock acquired by nodename 13217@fv-az292-843
2022-10-10 08:42:16,182 [pool-759-thread-1] INFO  storage.RaftStorage (RaftStorageImpl.java:format(89)) - Storage directory /home/runner/work/ozone/ozone/hadoop-ozone/integration-test/target/test-dir/MiniOzoneClusterImpl-900ef34e-234b-421b-bced-fede2d4c92a4/datanode-0/data/ratis/781aa22d-e69d-443e-a2ab-3d737fda59a6 has been successfully formatted.
2022-10-10 08:42:16,190 [pool-759-thread-1] INFO  ratis.ContainerStateMachine (ContainerStateMachine.java:loadSnapshot(236)) - group-3D737FDA59A6: The snapshot info is null. Setting the last applied indexto:(t:0, i:~)
2022-10-10 08:42:16,191 [pool-759-thread-1] INFO  server.RaftServerConfigKeys (ConfUtils.java:logGet(46)) - raft.server.notification.no-leader.timeout = 300s (custom)
2022-10-10 08:42:16,191 [pool-759-thread-1] INFO  server.RaftServerConfigKeys (ConfUtils.java:logGet(46)) - raft.server.log.use.memory = false (default)
2022-10-10 08:42:16,191 [pool-759-thread-1] INFO  server.RaftServerConfigKeys (ConfUtils.java:logGet(46)) - raft.server.log.purge.gap = 1000000 (custom)
2022-10-10 08:42:16,191 [pool-759-thread-1] INFO  server.RaftServerConfigKeys (ConfUtils.java:logGet(46)) - raft.server.log.appender.buffer.byte-limit = 33554432 (custom)
2022-10-10 08:42:16,191 [pool-759-thread-1] INFO  server.RaftServerConfigKeys (ConfUtils.java:logGet(46)) - raft.server.log.statemachine.data.read.timeout = 1000ms (default)
2022-10-10 08:42:16,191 [pool-759-thread-1] INFO  server.RaftServerConfigKeys (ConfUtils.java:logGet(46)) - raft.server.log.segment.size.max = 1048576 (custom)
2022-10-10 08:42:16,192 [EventQueue-PipelineReportForPipelineReportHandler] INFO  pipeline.PipelineManagerImpl (PipelineManagerImpl.java:openPipeline(367)) - Pipeline Pipeline[ Id: 781aa22d-e69d-443e-a2ab-3d737fda59a6, Nodes: b810ff59-71dc-43a2-8cb3-16d59e449a1e{ip: 10.1.0.114, host: fv-az292-843.tqgtyn10aqxuxoi0mkfbldi5vh.jx.internal.cloudapp.net, ports: [REPLICATION=37681, RATIS=43627, RATIS_ADMIN=43627, RATIS_SERVER=43627, STANDALONE=40483], networkLocation: /default-rack, certSerialId: null, persistedOpState: IN_SERVICE, persistedOpStateExpiryEpochSec: 0}, ReplicationConfig: RATIS/ONE, State:ALLOCATED, leaderId:b810ff59-71dc-43a2-8cb3-16d59e449a1e, CreationTimestamp2022-10-10T08:42:13.171Z[Etc/UTC]] moved to OPEN state
2022-10-10 08:42:16,192 [pool-759-thread-1] INFO  server.RaftServerConfigKeys (ConfUtils.java:logGet(46)) - raft.server.log.segment.cache.num.max = 2 (custom)
2022-10-10 08:42:16,192 [pool-759-thread-1] INFO  server.RaftServerConfigKeys (ConfUtils.java:logGet(46)) - raft.server.log.segment.cache.size.max = 200MB (=209715200) (default)
2022-10-10 08:42:16,192 [pool-759-thread-1] INFO  segmented.SegmentedRaftLogWorker (SegmentedRaftLogWorker.java:<init>(187)) - new b810ff59-71dc-43a2-8cb3-16d59e449a1e@group-3D737FDA59A6-SegmentedRaftLogWorker for RaftStorageImpl:Storage Directory /home/runner/work/ozone/ozone/hadoop-ozone/integration-test/target/test-dir/MiniOzoneClusterImpl-900ef34e-234b-421b-bced-fede2d4c92a4/datanode-0/data/ratis/781aa22d-e69d-443e-a2ab-3d737fda59a6
2022-10-10 08:42:16,192 [pool-759-thread-1] INFO  server.RaftServerConfigKeys (ConfUtils.java:logGet(46)) - raft.server.log.queue.byte-limit = 4294967296 (custom)
2022-10-10 08:42:16,192 [pool-759-thread-1] INFO  server.RaftServerConfigKeys (ConfUtils.java:logGet(46)) - raft.server.log.queue.element-limit = 1024 (custom)
2022-10-10 08:42:16,239 [EventQueue-OpenPipelineForHealthyPipelineSafeModeRule] INFO  safemode.SCMSafeModeManager (HealthyPipelineSafeModeRule.java:process(137)) - SCM in safe mode. Healthy pipelines reported count is 0, required healthy pipeline reported count is 1
2022-10-10 08:42:16,239 [pool-759-thread-1] INFO  server.RaftServerConfigKeys (ConfUtils.java:logGet(46)) - raft.server.log.segment.size.max = 1048576 (custom)
2022-10-10 08:42:16,239 [pool-759-thread-1] INFO  server.RaftServerConfigKeys (ConfUtils.java:logGet(46)) - raft.server.log.preallocated.size = 16384 (custom)
2022-10-10 08:42:16,239 [pool-759-thread-1] INFO  server.RaftServerConfigKeys (ConfUtils.java:logGet(46)) - raft.server.log.force.sync.num = 128 (default)
2022-10-10 08:42:16,239 [pool-759-thread-1] INFO  server.RaftServerConfigKeys (ConfUtils.java:logGet(46)) - raft.server.log.statemachine.data.sync = true (default)
2022-10-10 08:42:16,239 [pool-759-thread-1] INFO  server.RaftServerConfigKeys (ConfUtils.java:logGet(46)) - raft.server.log.statemachine.data.sync.timeout = 10s (default)
2022-10-10 08:42:16,239 [pool-759-thread-1] INFO  server.RaftServerConfigKeys (ConfUtils.java:logGet(46)) - raft.server.log.statemachine.data.sync.timeout.retry = -1 (default)
2022-10-10 08:42:16,241 [pool-759-thread-1] INFO  server.RaftServerConfigKeys (ConfUtils.java:logGet(46)) - raft.server.log.write.buffer.size = 1048576 (custom)
2022-10-10 08:42:16,241 [pool-759-thread-1] INFO  server.RaftServerConfigKeys (ConfUtils.java:logGet(46)) - raft.server.log.unsafe-flush.enabled = false (default)
2022-10-10 08:42:16,241 [pool-759-thread-1] INFO  server.RaftServerConfigKeys (ConfUtils.java:logGet(46)) - raft.server.log.statemachine.data.caching.enabled = true (custom)
2022-10-10 08:42:16,241 [pool-759-thread-1] INFO  segmented.SegmentedRaftLogWorker (SegmentedRaftLogWorker.java:lambda$new$0(135)) - b810ff59-71dc-43a2-8cb3-16d59e449a1e@group-3D737FDA59A6-SegmentedRaftLogWorker: flushIndex: setUnconditionally 0 -> -1
2022-10-10 08:42:16,241 [pool-759-thread-1] INFO  segmented.SegmentedRaftLogWorker (SegmentedRaftLogWorker.java:lambda$new$0(135)) - b810ff59-71dc-43a2-8cb3-16d59e449a1e@group-3D737FDA59A6-SegmentedRaftLogWorker: safeCacheEvictIndex: setUnconditionally 0 -> -1
2022-10-10 08:42:16,244 [pool-759-thread-1] INFO  server.RaftServerConfigKeys (ConfUtils.java:logGet(46)) - raft.server.snapshot.auto.trigger.enabled = true (custom)
2022-10-10 08:42:16,244 [pool-759-thread-1] INFO  server.RaftServerConfigKeys (ConfUtils.java:logGet(46)) - raft.server.snapshot.auto.trigger.threshold = 10000 (custom)
2022-10-10 08:42:16,244 [pool-759-thread-1] INFO  server.RaftServerConfigKeys (ConfUtils.java:logGet(46)) - raft.server.snapshot.retention.file.num = 5 (custom)
2022-10-10 08:42:16,244 [pool-759-thread-1] INFO  server.RaftServerConfigKeys (ConfUtils.java:logGet(46)) - raft.server.log.purge.upto.snapshot.index = false (default)
2022-10-10 08:42:16,244 [pool-759-thread-1] INFO  server.RaftServerConfigKeys (ConfUtils.java:logGet(46)) - raft.server.retrycache.expirytime = 600000ms (custom)
2022-10-10 08:42:16,244 [pool-759-thread-1] INFO  server.RaftServerConfigKeys (ConfUtils.java:logGet(46)) - raft.server.retrycache.statistics.expirytime = 100μs (default)
2022-10-10 08:42:16,246 [pool-759-thread-1] INFO  server.RaftServerConfigKeys (ConfUtils.java:logGet(46)) - raft.server.log.appender.install.snapshot.enabled = false (custom)
2022-10-10 08:42:16,246 [pool-759-thread-1] INFO  server.RaftServerConfigKeys (ConfUtils.java:logGet(46)) - raft.server.threadpool.server.cached = true (default)
2022-10-10 08:42:16,246 [pool-759-thread-1] INFO  server.RaftServerConfigKeys (ConfUtils.java:logGet(46)) - raft.server.threadpool.server.size = 0 (default)
2022-10-10 08:42:16,246 [pool-759-thread-1] INFO  server.RaftServerConfigKeys (ConfUtils.java:logGet(46)) - raft.server.threadpool.client.cached = true (default)
2022-10-10 08:42:16,246 [pool-759-thread-1] INFO  server.RaftServerConfigKeys (ConfUtils.java:logGet(46)) - raft.server.threadpool.client.size = 0 (default)
2022-10-10 08:42:16,246 [pool-759-thread-1] INFO  server.RaftServer$Division (RaftServerImpl.java:start(310)) - b810ff59-71dc-43a2-8cb3-16d59e449a1e@group-3D737FDA59A6: start as a follower, conf=-1: [b810ff59-71dc-43a2-8cb3-16d59e449a1e|rpc:10.1.0.114:43627|priority:1], old=null
2022-10-10 08:42:16,246 [pool-759-thread-1] INFO  server.RaftServer$Division (RaftServerImpl.java:setRole(299)) - b810ff59-71dc-43a2-8cb3-16d59e449a1e@group-3D737FDA59A6: changes role from      null to FOLLOWER at term 0 for startAsFollower
2022-10-10 08:42:16,246 [pool-759-thread-1] INFO  impl.RoleInfo (RoleInfo.java:updateAndGet(139)) - b810ff59-71dc-43a2-8cb3-16d59e449a1e: start b810ff59-71dc-43a2-8cb3-16d59e449a1e@group-3D737FDA59A6-FollowerState
2022-10-10 08:42:16,254 [pool-759-thread-1] INFO  util.JmxRegister (JmxRegister.java:tryRegister(44)) - Successfully registered JMX Bean with object name Ratis:service=RaftServer,group=group-3D737FDA59A6,id=b810ff59-71dc-43a2-8cb3-16d59e449a1e
2022-10-10 08:42:16,255 [Command processor thread] INFO  ratis.XceiverServerRatis (XceiverServerRatis.java:addGroup(765)) - Created group PipelineID=781aa22d-e69d-443e-a2ab-3d737fda59a6
2022-10-10 08:42:16,255 [Command processor thread] INFO  commandhandler.CreatePipelineCommandHandler (CreatePipelineCommandHandler.java:handle(113)) - Created Pipeline RATIS ONE PipelineID=781aa22d-e69d-443e-a2ab-3d737fda59a6.
2022-10-10 08:42:16,255 [Command processor thread] INFO  server.RaftServer (RaftServerProxy.java:addNew(96)) - b810ff59-71dc-43a2-8cb3-16d59e449a1e: addNew group-A5B6F39D5604:[60d02c60-4364-4909-b75c-044757b70e38|rpc:10.1.0.114:40107|priority:0, b810ff59-71dc-43a2-8cb3-16d59e449a1e|rpc:10.1.0.114:43627|priority:0, 01e2fa94-bf37-40d8-a3b1-a78bdc47df12|rpc:10.1.0.114:35473|priority:1] returns group-A5B6F39D5604:java.util.concurrent.CompletableFuture@1b73385d[Not completed]
2022-10-10 08:42:16,256 [pool-759-thread-1] INFO  server.RaftServer$Division (RaftServerImpl.java:<init>(190)) - b810ff59-71dc-43a2-8cb3-16d59e449a1e: new RaftServerImpl for group-A5B6F39D5604:[60d02c60-4364-4909-b75c-044757b70e38|rpc:10.1.0.114:40107|priority:0, b810ff59-71dc-43a2-8cb3-16d59e449a1e|rpc:10.1.0.114:43627|priority:0, 01e2fa94-bf37-40d8-a3b1-a78bdc47df12|rpc:10.1.0.114:35473|priority:1] with ContainerStateMachine:uninitialized
2022-10-10 08:42:16,256 [pool-759-thread-1] INFO  server.RaftServerConfigKeys (ConfUtils.java:logGet(46)) - raft.server.rpc.timeout.min = 5s (custom)
2022-10-10 08:42:16,256 [pool-759-thread-1] INFO  server.RaftServerConfigKeys (ConfUtils.java:logGet(46)) - raft.server.rpc.timeout.max = 5200ms (custom)
2022-10-10 08:42:16,256 [pool-759-thread-1] INFO  server.RaftServerConfigKeys (ConfUtils.java:logGet(46)) - raft.server.rpc.sleep.time = 25ms (default)
2022-10-10 08:42:16,256 [pool-759-thread-1] INFO  server.RaftServerConfigKeys (ConfUtils.java:logGet(46)) - raft.server.rpc.slowness.timeout = 300s (custom)
2022-10-10 08:42:16,256 [pool-759-thread-1] INFO  server.RaftServerConfigKeys (ConfUtils.java:logGet(46)) - raft.server.leaderelection.leader.step-down.wait-time = 10s (default)
2022-10-10 08:42:16,256 [pool-759-thread-1] INFO  server.RaftServerConfigKeys (ConfUtils.java:logGet(46)) - raft.server.sleep.deviation.threshold = 300ms (default)
2022-10-10 08:42:16,256 [pool-759-thread-1] INFO  server.RaftServer$Division (ServerState.java:<init>(107)) - b810ff59-71dc-43a2-8cb3-16d59e449a1e@group-A5B6F39D5604: ConfigurationManager, init=-1: [60d02c60-4364-4909-b75c-044757b70e38|rpc:10.1.0.114:40107|priority:0, b810ff59-71dc-43a2-8cb3-16d59e449a1e|rpc:10.1.0.114:43627|priority:0, 01e2fa94-bf37-40d8-a3b1-a78bdc47df12|rpc:10.1.0.114:35473|priority:1], old=null, confs=<EMPTY_MAP>
2022-10-10 08:42:16,256 [pool-759-thread-1] INFO  server.RaftServerConfigKeys (ConfUtils.java:logGet(46)) - raft.server.storage.dir = [/home/runner/work/ozone/ozone/hadoop-ozone/integration-test/target/test-dir/MiniOzoneClusterImpl-900ef34e-234b-421b-bced-fede2d4c92a4/datanode-0/data/ratis] (custom)
2022-10-10 08:42:16,257 [pool-759-thread-1] INFO  server.RaftServerConfigKeys (ConfUtils.java:logGet(46)) - raft.server.log.corruption.policy = EXCEPTION (default)
2022-10-10 08:42:16,257 [pool-759-thread-1] INFO  server.RaftServerConfigKeys (ConfUtils.java:logGet(46)) - raft.server.storage.free-space.min = 0MB (=0) (default)
2022-10-10 08:42:16,257 [pool-759-thread-1] INFO  storage.RaftStorageDirectory (RaftStorageDirectoryImpl.java:analyzeStorage(135)) - The storage directory /home/runner/work/ozone/ozone/hadoop-ozone/integration-test/target/test-dir/MiniOzoneClusterImpl-900ef34e-234b-421b-bced-fede2d4c92a4/datanode-0/data/ratis/ce02c039-71c0-4e13-87fb-a5b6f39d5604 does not exist. Creating ...
2022-10-10 08:42:16,258 [pool-759-thread-1] INFO  storage.RaftStorageDirectory (RaftStorageDirectoryImpl.java:tryLock(230)) - Lock on /home/runner/work/ozone/ozone/hadoop-ozone/integration-test/target/test-dir/MiniOzoneClusterImpl-900ef34e-234b-421b-bced-fede2d4c92a4/datanode-0/data/ratis/ce02c039-71c0-4e13-87fb-a5b6f39d5604/in_use.lock acquired by nodename 13217@fv-az292-843
2022-10-10 08:42:16,259 [pool-759-thread-1] INFO  storage.RaftStorage (RaftStorageImpl.java:format(89)) - Storage directory /home/runner/work/ozone/ozone/hadoop-ozone/integration-test/target/test-dir/MiniOzoneClusterImpl-900ef34e-234b-421b-bced-fede2d4c92a4/datanode-0/data/ratis/ce02c039-71c0-4e13-87fb-a5b6f39d5604 has been successfully formatted.
2022-10-10 08:42:16,261 [EventQueue-OpenPipelineForHealthyPipelineSafeModeRule] INFO  safemode.SCMSafeModeManager (HealthyPipelineSafeModeRule.java:process(137)) - SCM in safe mode. Healthy pipelines reported count is 0, required healthy pipeline reported count is 1
2022-10-10 08:42:16,261 [pool-759-thread-1] INFO  ratis.ContainerStateMachine (ContainerStateMachine.java:loadSnapshot(236)) - group-A5B6F39D5604: The snapshot info is null. Setting the last applied indexto:(t:0, i:~)
2022-10-10 08:42:16,261 [pool-759-thread-1] INFO  server.RaftServerConfigKeys (ConfUtils.java:logGet(46)) - raft.server.notification.no-leader.timeout = 300s (custom)
2022-10-10 08:42:16,261 [pool-759-thread-1] INFO  server.RaftServerConfigKeys (ConfUtils.java:logGet(46)) - raft.server.log.use.memory = false (default)
2022-10-10 08:42:16,261 [pool-759-thread-1] INFO  server.RaftServerConfigKeys (ConfUtils.java:logGet(46)) - raft.server.log.purge.gap = 1000000 (custom)
2022-10-10 08:42:16,261 [pool-759-thread-1] INFO  server.RaftServerConfigKeys (ConfUtils.java:logGet(46)) - raft.server.log.appender.buffer.byte-limit = 33554432 (custom)
2022-10-10 08:42:16,261 [pool-759-thread-1] INFO  server.RaftServerConfigKeys (ConfUtils.java:logGet(46)) - raft.server.log.statemachine.data.read.timeout = 1000ms (default)
2022-10-10 08:42:16,261 [pool-759-thread-1] INFO  server.RaftServerConfigKeys (ConfUtils.java:logGet(46)) - raft.server.log.segment.size.max = 1048576 (custom)
2022-10-10 08:42:16,262 [pool-759-thread-1] INFO  server.RaftServerConfigKeys (ConfUtils.java:logGet(46)) - raft.server.log.segment.cache.num.max = 2 (custom)
2022-10-10 08:42:16,262 [pool-759-thread-1] INFO  server.RaftServerConfigKeys (ConfUtils.java:logGet(46)) - raft.server.log.segment.cache.size.max = 200MB (=209715200) (default)
2022-10-10 08:42:16,262 [pool-759-thread-1] INFO  segmented.SegmentedRaftLogWorker (SegmentedRaftLogWorker.java:<init>(187)) - new b810ff59-71dc-43a2-8cb3-16d59e449a1e@group-A5B6F39D5604-SegmentedRaftLogWorker for RaftStorageImpl:Storage Directory /home/runner/work/ozone/ozone/hadoop-ozone/integration-test/target/test-dir/MiniOzoneClusterImpl-900ef34e-234b-421b-bced-fede2d4c92a4/datanode-0/data/ratis/ce02c039-71c0-4e13-87fb-a5b6f39d5604
2022-10-10 08:42:16,262 [pool-759-thread-1] INFO  server.RaftServerConfigKeys (ConfUtils.java:logGet(46)) - raft.server.log.queue.byte-limit = 4294967296 (custom)
2022-10-10 08:42:16,262 [pool-759-thread-1] INFO  server.RaftServerConfigKeys (ConfUtils.java:logGet(46)) - raft.server.log.queue.element-limit = 1024 (custom)
2022-10-10 08:42:16,262 [pool-759-thread-1] INFO  server.RaftServerConfigKeys (ConfUtils.java:logGet(46)) - raft.server.log.segment.size.max = 1048576 (custom)
2022-10-10 08:42:16,262 [pool-759-thread-1] INFO  server.RaftServerConfigKeys (ConfUtils.java:logGet(46)) - raft.server.log.preallocated.size = 16384 (custom)
2022-10-10 08:42:16,262 [pool-759-thread-1] INFO  server.RaftServerConfigKeys (ConfUtils.java:logGet(46)) - raft.server.log.force.sync.num = 128 (default)
2022-10-10 08:42:16,262 [pool-759-thread-1] INFO  server.RaftServerConfigKeys (ConfUtils.java:logGet(46)) - raft.server.log.statemachine.data.sync = true (default)
2022-10-10 08:42:16,262 [pool-759-thread-1] INFO  server.RaftServerConfigKeys (ConfUtils.java:logGet(46)) - raft.server.log.statemachine.data.sync.timeout = 10s (default)
2022-10-10 08:42:16,262 [pool-759-thread-1] INFO  server.RaftServerConfigKeys (ConfUtils.java:logGet(46)) - raft.server.log.statemachine.data.sync.timeout.retry = -1 (default)
2022-10-10 08:42:16,264 [pool-759-thread-1] INFO  server.RaftServerConfigKeys (ConfUtils.java:logGet(46)) - raft.server.log.write.buffer.size = 1048576 (custom)
2022-10-10 08:42:16,264 [pool-759-thread-1] INFO  server.RaftServerConfigKeys (ConfUtils.java:logGet(46)) - raft.server.log.unsafe-flush.enabled = false (default)
2022-10-10 08:42:16,264 [pool-759-thread-1] INFO  server.RaftServerConfigKeys (ConfUtils.java:logGet(46)) - raft.server.log.statemachine.data.caching.enabled = true (custom)
2022-10-10 08:42:16,264 [pool-759-thread-1] INFO  segmented.SegmentedRaftLogWorker (SegmentedRaftLogWorker.java:lambda$new$0(135)) - b810ff59-71dc-43a2-8cb3-16d59e449a1e@group-A5B6F39D5604-SegmentedRaftLogWorker: flushIndex: setUnconditionally 0 -> -1
2022-10-10 08:42:16,264 [pool-759-thread-1] INFO  segmented.SegmentedRaftLogWorker (SegmentedRaftLogWorker.java:lambda$new$0(135)) - b810ff59-71dc-43a2-8cb3-16d59e449a1e@group-A5B6F39D5604-SegmentedRaftLogWorker: safeCacheEvictIndex: setUnconditionally 0 -> -1
2022-10-10 08:42:16,264 [pool-759-thread-1] INFO  server.RaftServerConfigKeys (ConfUtils.java:logGet(46)) - raft.server.snapshot.auto.trigger.enabled = true (custom)
2022-10-10 08:42:16,264 [pool-759-thread-1] INFO  server.RaftServerConfigKeys (ConfUtils.java:logGet(46)) - raft.server.snapshot.auto.trigger.threshold = 10000 (custom)
2022-10-10 08:42:16,264 [pool-759-thread-1] INFO  server.RaftServerConfigKeys (ConfUtils.java:logGet(46)) - raft.server.snapshot.retention.file.num = 5 (custom)
2022-10-10 08:42:16,264 [pool-759-thread-1] INFO  server.RaftServerConfigKeys (ConfUtils.java:logGet(46)) - raft.server.log.purge.upto.snapshot.index = false (default)
2022-10-10 08:42:16,264 [pool-759-thread-1] INFO  server.RaftServerConfigKeys (ConfUtils.java:logGet(46)) - raft.server.retrycache.expirytime = 600000ms (custom)
2022-10-10 08:42:16,265 [pool-759-thread-1] INFO  server.RaftServerConfigKeys (ConfUtils.java:logGet(46)) - raft.server.retrycache.statistics.expirytime = 100μs (default)
2022-10-10 08:42:16,266 [pool-759-thread-1] INFO  server.RaftServerConfigKeys (ConfUtils.java:logGet(46)) - raft.server.log.appender.install.snapshot.enabled = false (custom)
2022-10-10 08:42:16,266 [pool-759-thread-1] INFO  server.RaftServerConfigKeys (ConfUtils.java:logGet(46)) - raft.server.threadpool.server.cached = true (default)
2022-10-10 08:42:16,266 [pool-759-thread-1] INFO  server.RaftServerConfigKeys (ConfUtils.java:logGet(46)) - raft.server.threadpool.server.size = 0 (default)
2022-10-10 08:42:16,266 [pool-759-thread-1] INFO  server.RaftServerConfigKeys (ConfUtils.java:logGet(46)) - raft.server.threadpool.client.cached = true (default)
2022-10-10 08:42:16,266 [pool-759-thread-1] INFO  server.RaftServerConfigKeys (ConfUtils.java:logGet(46)) - raft.server.threadpool.client.size = 0 (default)
2022-10-10 08:42:16,266 [pool-759-thread-1] INFO  server.RaftServer$Division (RaftServerImpl.java:start(310)) - b810ff59-71dc-43a2-8cb3-16d59e449a1e@group-A5B6F39D5604: start as a follower, conf=-1: [60d02c60-4364-4909-b75c-044757b70e38|rpc:10.1.0.114:40107|priority:0, b810ff59-71dc-43a2-8cb3-16d59e449a1e|rpc:10.1.0.114:43627|priority:0, 01e2fa94-bf37-40d8-a3b1-a78bdc47df12|rpc:10.1.0.114:35473|priority:1], old=null
2022-10-10 08:42:16,266 [pool-759-thread-1] INFO  server.RaftServer$Division (RaftServerImpl.java:setRole(299)) - b810ff59-71dc-43a2-8cb3-16d59e449a1e@group-A5B6F39D5604: changes role from      null to FOLLOWER at term 0 for startAsFollower
2022-10-10 08:42:16,266 [pool-759-thread-1] INFO  impl.RoleInfo (RoleInfo.java:updateAndGet(139)) - b810ff59-71dc-43a2-8cb3-16d59e449a1e: start b810ff59-71dc-43a2-8cb3-16d59e449a1e@group-A5B6F39D5604-FollowerState
2022-10-10 08:42:16,267 [pool-759-thread-1] INFO  util.JmxRegister (JmxRegister.java:tryRegister(44)) - Successfully registered JMX Bean with object name Ratis:service=RaftServer,group=group-A5B6F39D5604,id=b810ff59-71dc-43a2-8cb3-16d59e449a1e
2022-10-10 08:42:16,267 [Command processor thread] INFO  ratis.XceiverServerRatis (XceiverServerRatis.java:addGroup(765)) - Created group PipelineID=ce02c039-71c0-4e13-87fb-a5b6f39d5604
2022-10-10 08:42:16,371 [grpc-default-executor-0] INFO  server.RaftServer (RaftServerProxy.java:addNew(96)) - 01e2fa94-bf37-40d8-a3b1-a78bdc47df12: addNew group-A5B6F39D5604:[60d02c60-4364-4909-b75c-044757b70e38|rpc:10.1.0.114:40107|dataStream:|priority:0, b810ff59-71dc-43a2-8cb3-16d59e449a1e|rpc:10.1.0.114:43627|dataStream:|priority:0, 01e2fa94-bf37-40d8-a3b1-a78bdc47df12|rpc:10.1.0.114:35473|dataStream:|priority:1] returns group-A5B6F39D5604:java.util.concurrent.CompletableFuture@25a9e195[Not completed]
2022-10-10 08:42:16,375 [pool-805-thread-1] INFO  server.RaftServer$Division (RaftServerImpl.java:<init>(190)) - 01e2fa94-bf37-40d8-a3b1-a78bdc47df12: new RaftServerImpl for group-A5B6F39D5604:[60d02c60-4364-4909-b75c-044757b70e38|rpc:10.1.0.114:40107|dataStream:|priority:0, b810ff59-71dc-43a2-8cb3-16d59e449a1e|rpc:10.1.0.114:43627|dataStream:|priority:0, 01e2fa94-bf37-40d8-a3b1-a78bdc47df12|rpc:10.1.0.114:35473|dataStream:|priority:1] with ContainerStateMachine:uninitialized
2022-10-10 08:42:16,375 [pool-805-thread-1] INFO  server.RaftServerConfigKeys (ConfUtils.java:logGet(46)) - raft.server.rpc.timeout.min = 5s (custom)
2022-10-10 08:42:16,375 [pool-805-thread-1] INFO  server.RaftServerConfigKeys (ConfUtils.java:logGet(46)) - raft.server.rpc.timeout.max = 5200ms (custom)
2022-10-10 08:42:16,375 [pool-805-thread-1] INFO  server.RaftServerConfigKeys (ConfUtils.java:logGet(46)) - raft.server.rpc.sleep.time = 25ms (default)
2022-10-10 08:42:16,375 [pool-805-thread-1] INFO  server.RaftServerConfigKeys (ConfUtils.java:logGet(46)) - raft.server.rpc.slowness.timeout = 300s (custom)
2022-10-10 08:42:16,376 [pool-805-thread-1] INFO  server.RaftServerConfigKeys (ConfUtils.java:logGet(46)) - raft.server.leaderelection.leader.step-down.wait-time = 10s (default)
2022-10-10 08:42:16,376 [pool-805-thread-1] INFO  server.RaftServerConfigKeys (ConfUtils.java:logGet(46)) - raft.server.sleep.deviation.threshold = 300ms (default)
2022-10-10 08:42:16,376 [pool-805-thread-1] INFO  server.RaftServer$Division (ServerState.java:<init>(107)) - 01e2fa94-bf37-40d8-a3b1-a78bdc47df12@group-A5B6F39D5604: ConfigurationManager, init=-1: [60d02c60-4364-4909-b75c-044757b70e38|rpc:10.1.0.114:40107|dataStream:|priority:0, b810ff59-71dc-43a2-8cb3-16d59e449a1e|rpc:10.1.0.114:43627|dataStream:|priority:0, 01e2fa94-bf37-40d8-a3b1-a78bdc47df12|rpc:10.1.0.114:35473|dataStream:|priority:1], old=null, confs=<EMPTY_MAP>
2022-10-10 08:42:16,376 [pool-805-thread-1] INFO  server.RaftServerConfigKeys (ConfUtils.java:logGet(46)) - raft.server.storage.dir = [/home/runner/work/ozone/ozone/hadoop-ozone/integration-test/target/test-dir/MiniOzoneClusterImpl-900ef34e-234b-421b-bced-fede2d4c92a4/datanode-2/data/ratis] (custom)
2022-10-10 08:42:16,376 [pool-805-thread-1] INFO  server.RaftServerConfigKeys (ConfUtils.java:logGet(46)) - raft.server.log.corruption.policy = EXCEPTION (default)
2022-10-10 08:42:16,377 [pool-805-thread-1] INFO  server.RaftServerConfigKeys (ConfUtils.java:logGet(46)) - raft.server.storage.free-space.min = 0MB (=0) (default)
2022-10-10 08:42:16,377 [pool-805-thread-1] INFO  storage.RaftStorageDirectory (RaftStorageDirectoryImpl.java:analyzeStorage(135)) - The storage directory /home/runner/work/ozone/ozone/hadoop-ozone/integration-test/target/test-dir/MiniOzoneClusterImpl-900ef34e-234b-421b-bced-fede2d4c92a4/datanode-2/data/ratis/ce02c039-71c0-4e13-87fb-a5b6f39d5604 does not exist. Creating ...
2022-10-10 08:42:16,384 [pool-805-thread-1] INFO  storage.RaftStorageDirectory (RaftStorageDirectoryImpl.java:tryLock(230)) - Lock on /home/runner/work/ozone/ozone/hadoop-ozone/integration-test/target/test-dir/MiniOzoneClusterImpl-900ef34e-234b-421b-bced-fede2d4c92a4/datanode-2/data/ratis/ce02c039-71c0-4e13-87fb-a5b6f39d5604/in_use.lock acquired by nodename 13217@fv-az292-843
2022-10-10 08:42:16,388 [pool-805-thread-1] INFO  storage.RaftStorage (RaftStorageImpl.java:format(89)) - Storage directory /home/runner/work/ozone/ozone/hadoop-ozone/integration-test/target/test-dir/MiniOzoneClusterImpl-900ef34e-234b-421b-bced-fede2d4c92a4/datanode-2/data/ratis/ce02c039-71c0-4e13-87fb-a5b6f39d5604 has been successfully formatted.
2022-10-10 08:42:16,416 [pool-805-thread-1] INFO  ratis.ContainerStateMachine (ContainerStateMachine.java:loadSnapshot(236)) - group-A5B6F39D5604: The snapshot info is null. Setting the last applied indexto:(t:0, i:~)
2022-10-10 08:42:16,417 [pool-805-thread-1] INFO  server.RaftServerConfigKeys (ConfUtils.java:logGet(46)) - raft.server.notification.no-leader.timeout = 300s (custom)
2022-10-10 08:42:16,417 [pool-805-thread-1] INFO  server.RaftServerConfigKeys (ConfUtils.java:logGet(46)) - raft.server.log.use.memory = false (default)
2022-10-10 08:42:16,417 [pool-805-thread-1] INFO  server.RaftServerConfigKeys (ConfUtils.java:logGet(46)) - raft.server.log.purge.gap = 1000000 (custom)
2022-10-10 08:42:16,417 [pool-805-thread-1] INFO  server.RaftServerConfigKeys (ConfUtils.java:logGet(46)) - raft.server.log.appender.buffer.byte-limit = 33554432 (custom)
2022-10-10 08:42:16,417 [pool-805-thread-1] INFO  server.RaftServerConfigKeys (ConfUtils.java:logGet(46)) - raft.server.log.statemachine.data.read.timeout = 1000ms (default)
2022-10-10 08:42:16,417 [pool-805-thread-1] INFO  server.RaftServerConfigKeys (ConfUtils.java:logGet(46)) - raft.server.log.segment.size.max = 1048576 (custom)
2022-10-10 08:42:16,418 [pool-805-thread-1] INFO  server.RaftServerConfigKeys (ConfUtils.java:logGet(46)) - raft.server.log.segment.cache.num.max = 2 (custom)
2022-10-10 08:42:16,418 [pool-805-thread-1] INFO  server.RaftServerConfigKeys (ConfUtils.java:logGet(46)) - raft.server.log.segment.cache.size.max = 200MB (=209715200) (default)
2022-10-10 08:42:16,418 [pool-805-thread-1] INFO  segmented.SegmentedRaftLogWorker (SegmentedRaftLogWorker.java:<init>(187)) - new 01e2fa94-bf37-40d8-a3b1-a78bdc47df12@group-A5B6F39D5604-SegmentedRaftLogWorker for RaftStorageImpl:Storage Directory /home/runner/work/ozone/ozone/hadoop-ozone/integration-test/target/test-dir/MiniOzoneClusterImpl-900ef34e-234b-421b-bced-fede2d4c92a4/datanode-2/data/ratis/ce02c039-71c0-4e13-87fb-a5b6f39d5604
2022-10-10 08:42:16,418 [pool-805-thread-1] INFO  server.RaftServerConfigKeys (ConfUtils.java:logGet(46)) - raft.server.log.queue.byte-limit = 4294967296 (custom)
2022-10-10 08:42:16,418 [pool-805-thread-1] INFO  server.RaftServerConfigKeys (ConfUtils.java:logGet(46)) - raft.server.log.queue.element-limit = 1024 (custom)
2022-10-10 08:42:16,418 [pool-805-thread-1] INFO  server.RaftServerConfigKeys (ConfUtils.java:logGet(46)) - raft.server.log.segment.size.max = 1048576 (custom)
2022-10-10 08:42:16,418 [pool-805-thread-1] INFO  server.RaftServerConfigKeys (ConfUtils.java:logGet(46)) - raft.server.log.preallocated.size = 16384 (custom)
2022-10-10 08:42:16,418 [pool-805-thread-1] INFO  server.RaftServerConfigKeys (ConfUtils.java:logGet(46)) - raft.server.log.force.sync.num = 128 (default)
2022-10-10 08:42:16,418 [pool-805-thread-1] INFO  server.RaftServerConfigKeys (ConfUtils.java:logGet(46)) - raft.server.log.statemachine.data.sync = true (default)
2022-10-10 08:42:16,418 [pool-805-thread-1] INFO  server.RaftServerConfigKeys (ConfUtils.java:logGet(46)) - raft.server.log.statemachine.data.sync.timeout = 10s (default)
2022-10-10 08:42:16,418 [pool-805-thread-1] INFO  server.RaftServerConfigKeys (ConfUtils.java:logGet(46)) - raft.server.log.statemachine.data.sync.timeout.retry = -1 (default)
2022-10-10 08:42:16,419 [pool-805-thread-1] INFO  server.RaftServerConfigKeys (ConfUtils.java:logGet(46)) - raft.server.log.write.buffer.size = 1048576 (custom)
2022-10-10 08:42:16,423 [pool-805-thread-1] INFO  server.RaftServerConfigKeys (ConfUtils.java:logGet(46)) - raft.server.log.unsafe-flush.enabled = false (default)
2022-10-10 08:42:16,425 [pool-805-thread-1] INFO  server.RaftServerConfigKeys (ConfUtils.java:logGet(46)) - raft.server.log.statemachine.data.caching.enabled = true (custom)
2022-10-10 08:42:16,425 [pool-805-thread-1] INFO  segmented.SegmentedRaftLogWorker (SegmentedRaftLogWorker.java:lambda$new$0(135)) - 01e2fa94-bf37-40d8-a3b1-a78bdc47df12@group-A5B6F39D5604-SegmentedRaftLogWorker: flushIndex: setUnconditionally 0 -> -1
2022-10-10 08:42:16,425 [pool-805-thread-1] INFO  segmented.SegmentedRaftLogWorker (SegmentedRaftLogWorker.java:lambda$new$0(135)) - 01e2fa94-bf37-40d8-a3b1-a78bdc47df12@group-A5B6F39D5604-SegmentedRaftLogWorker: safeCacheEvictIndex: setUnconditionally 0 -> -1
2022-10-10 08:42:16,428 [pool-805-thread-1] INFO  server.RaftServerConfigKeys (ConfUtils.java:logGet(46)) - raft.server.snapshot.auto.trigger.enabled = true (custom)
2022-10-10 08:42:16,429 [pool-805-thread-1] INFO  server.RaftServerConfigKeys (ConfUtils.java:logGet(46)) - raft.server.snapshot.auto.trigger.threshold = 10000 (custom)
2022-10-10 08:42:16,429 [pool-805-thread-1] INFO  server.RaftServerConfigKeys (ConfUtils.java:logGet(46)) - raft.server.snapshot.retention.file.num = 5 (custom)
2022-10-10 08:42:16,429 [pool-805-thread-1] INFO  server.RaftServerConfigKeys (ConfUtils.java:logGet(46)) - raft.server.log.purge.upto.snapshot.index = false (default)
2022-10-10 08:42:16,429 [pool-805-thread-1] INFO  server.RaftServerConfigKeys (ConfUtils.java:logGet(46)) - raft.server.retrycache.expirytime = 600000ms (custom)
2022-10-10 08:42:16,429 [pool-805-thread-1] INFO  server.RaftServerConfigKeys (ConfUtils.java:logGet(46)) - raft.server.retrycache.statistics.expirytime = 100μs (default)
2022-10-10 08:42:16,430 [pool-805-thread-1] INFO  server.RaftServerConfigKeys (ConfUtils.java:logGet(46)) - raft.server.log.appender.install.snapshot.enabled = false (custom)
2022-10-10 08:42:16,430 [pool-805-thread-1] INFO  server.RaftServerConfigKeys (ConfUtils.java:logGet(46)) - raft.server.threadpool.server.cached = true (default)
2022-10-10 08:42:16,430 [pool-805-thread-1] INFO  server.RaftServerConfigKeys (ConfUtils.java:logGet(46)) - raft.server.threadpool.server.size = 0 (default)
2022-10-10 08:42:16,431 [pool-805-thread-1] INFO  server.RaftServerConfigKeys (ConfUtils.java:logGet(46)) - raft.server.threadpool.client.cached = true (default)
2022-10-10 08:42:16,431 [pool-805-thread-1] INFO  server.RaftServerConfigKeys (ConfUtils.java:logGet(46)) - raft.server.threadpool.client.size = 0 (default)
2022-10-10 08:42:16,431 [pool-805-thread-1] INFO  server.RaftServer$Division (RaftServerImpl.java:start(310)) - 01e2fa94-bf37-40d8-a3b1-a78bdc47df12@group-A5B6F39D5604: start as a follower, conf=-1: [60d02c60-4364-4909-b75c-044757b70e38|rpc:10.1.0.114:40107|dataStream:|priority:0, b810ff59-71dc-43a2-8cb3-16d59e449a1e|rpc:10.1.0.114:43627|dataStream:|priority:0, 01e2fa94-bf37-40d8-a3b1-a78bdc47df12|rpc:10.1.0.114:35473|dataStream:|priority:1], old=null
2022-10-10 08:42:16,431 [pool-805-thread-1] INFO  server.RaftServer$Division (RaftServerImpl.java:setRole(299)) - 01e2fa94-bf37-40d8-a3b1-a78bdc47df12@group-A5B6F39D5604: changes role from      null to FOLLOWER at term 0 for startAsFollower
2022-10-10 08:42:16,431 [pool-805-thread-1] INFO  impl.RoleInfo (RoleInfo.java:updateAndGet(139)) - 01e2fa94-bf37-40d8-a3b1-a78bdc47df12: start 01e2fa94-bf37-40d8-a3b1-a78bdc47df12@group-A5B6F39D5604-FollowerState
2022-10-10 08:42:16,431 [pool-805-thread-1] INFO  util.JmxRegister (JmxRegister.java:tryRegister(44)) - Successfully registered JMX Bean with object name Ratis:service=RaftServer,group=group-A5B6F39D5604,id=01e2fa94-bf37-40d8-a3b1-a78bdc47df12
2022-10-10 08:42:16,455 [Listener at 127.0.0.1/37485] INFO  ozone.MiniOzoneClusterImpl (MiniOzoneClusterImpl.java:lambda$waitForClusterToBeReady$0(216)) - Waiting for nodes to be ready. Got 4 of 5 DN Heartbeats.
2022-10-10 08:42:16,455 [Listener at 127.0.0.1/37485] INFO  ozone.MiniOzoneClusterImpl (MiniOzoneClusterImpl.java:lambda$waitForClusterToBeReady$0(219)) - Waiting for cluster to exit safe mode
2022-10-10 08:42:16,455 [Listener at 127.0.0.1/37485] INFO  ozone.MiniOzoneClusterImpl (MiniOzoneClusterImpl.java:lambda$waitForClusterToBeReady$0(221)) - SCM became leader
2022-10-10 08:42:16,477 [IPC Server handler 9 on default port 44205] INFO  net.NetworkTopologyImpl (NetworkTopologyImpl.java:add(112)) - Added a new node: /default-rack/9cbf5f09-7b00-486b-b3c2-fec1d2782637
2022-10-10 08:42:16,477 [IPC Server handler 9 on default port 44205] INFO  node.SCMNodeManager (SCMNodeManager.java:register(397)) - Registered Data node : 9cbf5f09-7b00-486b-b3c2-fec1d2782637{ip: 10.1.0.114, host: fv-az292-843.tqgtyn10aqxuxoi0mkfbldi5vh.jx.internal.cloudapp.net, ports: [REPLICATION=41453, RATIS=40267, RATIS_ADMIN=40267, RATIS_SERVER=40267, STANDALONE=35489], networkLocation: /default-rack, certSerialId: null, persistedOpState: null, persistedOpStateExpiryEpochSec: 0}
2022-10-10 08:42:16,478 [EventQueue-NewNodeForNewNodeHandler] INFO  pipeline.BackgroundPipelineCreator (BackgroundPipelineCreator.java:notifyEventTriggered(276)) - trigger a one-shot run on RatisPipelineUtilsThread.
2022-10-10 08:42:16,478 [RatisPipelineUtilsThread - 0] INFO  pipeline.RatisPipelineProvider (RatisPipelineProvider.java:lambda$create$0(195)) - Sending CreatePipelineCommand for pipeline:PipelineID=3f0c4659-ce32-4fcf-91e2-84ea60859048 to datanode:9cbf5f09-7b00-486b-b3c2-fec1d2782637
2022-10-10 08:42:16,479 [RatisPipelineUtilsThread - 0] INFO  pipeline.PipelineStateManagerImpl (PipelineStateManagerImpl.java:addPipeline(103)) - Created pipeline Pipeline[ Id: 3f0c4659-ce32-4fcf-91e2-84ea60859048, Nodes: 9cbf5f09-7b00-486b-b3c2-fec1d2782637{ip: 10.1.0.114, host: fv-az292-843.tqgtyn10aqxuxoi0mkfbldi5vh.jx.internal.cloudapp.net, ports: [REPLICATION=41453, RATIS=40267, RATIS_ADMIN=40267, RATIS_SERVER=40267, STANDALONE=35489], networkLocation: /default-rack, certSerialId: null, persistedOpState: IN_SERVICE, persistedOpStateExpiryEpochSec: 0}, ReplicationConfig: RATIS/ONE, State:ALLOCATED, leaderId:, CreationTimestamp2022-10-10T08:42:16.478Z[Etc/UTC]].
2022-10-10 08:42:16,752 [grpc-default-executor-0] INFO  server.RaftServer (RaftServerProxy.java:addNew(96)) - 60d02c60-4364-4909-b75c-044757b70e38: addNew group-A5B6F39D5604:[60d02c60-4364-4909-b75c-044757b70e38|rpc:10.1.0.114:40107|dataStream:|priority:0, b810ff59-71dc-43a2-8cb3-16d59e449a1e|rpc:10.1.0.114:43627|dataStream:|priority:0, 01e2fa94-bf37-40d8-a3b1-a78bdc47df12|rpc:10.1.0.114:35473|dataStream:|priority:1] returns group-A5B6F39D5604:java.util.concurrent.CompletableFuture@530ec74d[Not completed]
2022-10-10 08:42:16,753 [pool-782-thread-1] INFO  server.RaftServer$Division (RaftServerImpl.java:<init>(190)) - 60d02c60-4364-4909-b75c-044757b70e38: new RaftServerImpl for group-A5B6F39D5604:[60d02c60-4364-4909-b75c-044757b70e38|rpc:10.1.0.114:40107|dataStream:|priority:0, b810ff59-71dc-43a2-8cb3-16d59e449a1e|rpc:10.1.0.114:43627|dataStream:|priority:0, 01e2fa94-bf37-40d8-a3b1-a78bdc47df12|rpc:10.1.0.114:35473|dataStream:|priority:1] with ContainerStateMachine:uninitialized
2022-10-10 08:42:16,755 [pool-782-thread-1] INFO  server.RaftServerConfigKeys (ConfUtils.java:logGet(46)) - raft.server.rpc.timeout.min = 5s (custom)
2022-10-10 08:42:16,755 [pool-782-thread-1] INFO  server.RaftServerConfigKeys (ConfUtils.java:logGet(46)) - raft.server.rpc.timeout.max = 5200ms (custom)
2022-10-10 08:42:16,755 [pool-782-thread-1] INFO  server.RaftServerConfigKeys (ConfUtils.java:logGet(46)) - raft.server.rpc.sleep.time = 25ms (default)
2022-10-10 08:42:16,755 [pool-782-thread-1] INFO  server.RaftServerConfigKeys (ConfUtils.java:logGet(46)) - raft.server.rpc.slowness.timeout = 300s (custom)
2022-10-10 08:42:16,755 [pool-782-thread-1] INFO  server.RaftServerConfigKeys (ConfUtils.java:logGet(46)) - raft.server.leaderelection.leader.step-down.wait-time = 10s (default)
2022-10-10 08:42:16,755 [pool-782-thread-1] INFO  server.RaftServerConfigKeys (ConfUtils.java:logGet(46)) - raft.server.sleep.deviation.threshold = 300ms (default)
2022-10-10 08:42:16,756 [pool-782-thread-1] INFO  server.RaftServer$Division (ServerState.java:<init>(107)) - 60d02c60-4364-4909-b75c-044757b70e38@group-A5B6F39D5604: ConfigurationManager, init=-1: [60d02c60-4364-4909-b75c-044757b70e38|rpc:10.1.0.114:40107|dataStream:|priority:0, b810ff59-71dc-43a2-8cb3-16d59e449a1e|rpc:10.1.0.114:43627|dataStream:|priority:0, 01e2fa94-bf37-40d8-a3b1-a78bdc47df12|rpc:10.1.0.114:35473|dataStream:|priority:1], old=null, confs=<EMPTY_MAP>
2022-10-10 08:42:16,756 [pool-782-thread-1] INFO  server.RaftServerConfigKeys (ConfUtils.java:logGet(46)) - raft.server.storage.dir = [/home/runner/work/ozone/ozone/hadoop-ozone/integration-test/target/test-dir/MiniOzoneClusterImpl-900ef34e-234b-421b-bced-fede2d4c92a4/datanode-1/data/ratis] (custom)
2022-10-10 08:42:16,756 [pool-782-thread-1] INFO  server.RaftServerConfigKeys (ConfUtils.java:logGet(46)) - raft.server.log.corruption.policy = EXCEPTION (default)
2022-10-10 08:42:16,756 [pool-782-thread-1] INFO  server.RaftServerConfigKeys (ConfUtils.java:logGet(46)) - raft.server.storage.free-space.min = 0MB (=0) (default)
2022-10-10 08:42:16,756 [pool-782-thread-1] INFO  storage.RaftStorageDirectory (RaftStorageDirectoryImpl.java:analyzeStorage(135)) - The storage directory /home/runner/work/ozone/ozone/hadoop-ozone/integration-test/target/test-dir/MiniOzoneClusterImpl-900ef34e-234b-421b-bced-fede2d4c92a4/datanode-1/data/ratis/ce02c039-71c0-4e13-87fb-a5b6f39d5604 does not exist. Creating ...
2022-10-10 08:42:16,765 [pool-782-thread-1] INFO  storage.RaftStorageDirectory (RaftStorageDirectoryImpl.java:tryLock(230)) - Lock on /home/runner/work/ozone/ozone/hadoop-ozone/integration-test/target/test-dir/MiniOzoneClusterImpl-900ef34e-234b-421b-bced-fede2d4c92a4/datanode-1/data/ratis/ce02c039-71c0-4e13-87fb-a5b6f39d5604/in_use.lock acquired by nodename 13217@fv-az292-843
2022-10-10 08:42:16,774 [pool-782-thread-1] INFO  storage.RaftStorage (RaftStorageImpl.java:format(89)) - Storage directory /home/runner/work/ozone/ozone/hadoop-ozone/integration-test/target/test-dir/MiniOzoneClusterImpl-900ef34e-234b-421b-bced-fede2d4c92a4/datanode-1/data/ratis/ce02c039-71c0-4e13-87fb-a5b6f39d5604 has been successfully formatted.
2022-10-10 08:42:16,781 [pool-782-thread-1] INFO  ratis.ContainerStateMachine (ContainerStateMachine.java:loadSnapshot(236)) - group-A5B6F39D5604: The snapshot info is null. Setting the last applied indexto:(t:0, i:~)
2022-10-10 08:42:16,781 [pool-782-thread-1] INFO  server.RaftServerConfigKeys (ConfUtils.java:logGet(46)) - raft.server.notification.no-leader.timeout = 300s (custom)
2022-10-10 08:42:16,788 [pool-782-thread-1] INFO  server.RaftServerConfigKeys (ConfUtils.java:logGet(46)) - raft.server.log.use.memory = false (default)
2022-10-10 08:42:16,788 [pool-782-thread-1] INFO  server.RaftServerConfigKeys (ConfUtils.java:logGet(46)) - raft.server.log.purge.gap = 1000000 (custom)
2022-10-10 08:42:16,788 [pool-782-thread-1] INFO  server.RaftServerConfigKeys (ConfUtils.java:logGet(46)) - raft.server.log.appender.buffer.byte-limit = 33554432 (custom)
2022-10-10 08:42:16,788 [pool-782-thread-1] INFO  server.RaftServerConfigKeys (ConfUtils.java:logGet(46)) - raft.server.log.statemachine.data.read.timeout = 1000ms (default)
2022-10-10 08:42:16,788 [pool-782-thread-1] INFO  server.RaftServerConfigKeys (ConfUtils.java:logGet(46)) - raft.server.log.segment.size.max = 1048576 (custom)
2022-10-10 08:42:16,789 [pool-782-thread-1] INFO  server.RaftServerConfigKeys (ConfUtils.java:logGet(46)) - raft.server.log.segment.cache.num.max = 2 (custom)
2022-10-10 08:42:16,789 [pool-782-thread-1] INFO  server.RaftServerConfigKeys (ConfUtils.java:logGet(46)) - raft.server.log.segment.cache.size.max = 200MB (=209715200) (default)
2022-10-10 08:42:16,789 [pool-782-thread-1] INFO  segmented.SegmentedRaftLogWorker (SegmentedRaftLogWorker.java:<init>(187)) - new 60d02c60-4364-4909-b75c-044757b70e38@group-A5B6F39D5604-SegmentedRaftLogWorker for RaftStorageImpl:Storage Directory /home/runner/work/ozone/ozone/hadoop-ozone/integration-test/target/test-dir/MiniOzoneClusterImpl-900ef34e-234b-421b-bced-fede2d4c92a4/datanode-1/data/ratis/ce02c039-71c0-4e13-87fb-a5b6f39d5604
2022-10-10 08:42:16,789 [pool-782-thread-1] INFO  server.RaftServerConfigKeys (ConfUtils.java:logGet(46)) - raft.server.log.queue.byte-limit = 4294967296 (custom)
2022-10-10 08:42:16,789 [pool-782-thread-1] INFO  server.RaftServerConfigKeys (ConfUtils.java:logGet(46)) - raft.server.log.queue.element-limit = 1024 (custom)
2022-10-10 08:42:16,789 [pool-782-thread-1] INFO  server.RaftServerConfigKeys (ConfUtils.java:logGet(46)) - raft.server.log.segment.size.max = 1048576 (custom)
2022-10-10 08:42:16,789 [pool-782-thread-1] INFO  server.RaftServerConfigKeys (ConfUtils.java:logGet(46)) - raft.server.log.preallocated.size = 16384 (custom)
2022-10-10 08:42:16,789 [pool-782-thread-1] INFO  server.RaftServerConfigKeys (ConfUtils.java:logGet(46)) - raft.server.log.force.sync.num = 128 (default)
2022-10-10 08:42:16,789 [pool-782-thread-1] INFO  server.RaftServerConfigKeys (ConfUtils.java:logGet(46)) - raft.server.log.statemachine.data.sync = true (default)
2022-10-10 08:42:16,789 [pool-782-thread-1] INFO  server.RaftServerConfigKeys (ConfUtils.java:logGet(46)) - raft.server.log.statemachine.data.sync.timeout = 10s (default)
2022-10-10 08:42:16,789 [pool-782-thread-1] INFO  server.RaftServerConfigKeys (ConfUtils.java:logGet(46)) - raft.server.log.statemachine.data.sync.timeout.retry = -1 (default)
2022-10-10 08:42:16,791 [pool-782-thread-1] INFO  server.RaftServerConfigKeys (ConfUtils.java:logGet(46)) - raft.server.log.write.buffer.size = 1048576 (custom)
2022-10-10 08:42:16,791 [pool-782-thread-1] INFO  server.RaftServerConfigKeys (ConfUtils.java:logGet(46)) - raft.server.log.unsafe-flush.enabled = false (default)
2022-10-10 08:42:16,791 [pool-782-thread-1] INFO  server.RaftServerConfigKeys (ConfUtils.java:logGet(46)) - raft.server.log.statemachine.data.caching.enabled = true (custom)
2022-10-10 08:42:16,791 [pool-782-thread-1] INFO  segmented.SegmentedRaftLogWorker (SegmentedRaftLogWorker.java:lambda$new$0(135)) - 60d02c60-4364-4909-b75c-044757b70e38@group-A5B6F39D5604-SegmentedRaftLogWorker: flushIndex: setUnconditionally 0 -> -1
2022-10-10 08:42:16,791 [pool-782-thread-1] INFO  segmented.SegmentedRaftLogWorker (SegmentedRaftLogWorker.java:lambda$new$0(135)) - 60d02c60-4364-4909-b75c-044757b70e38@group-A5B6F39D5604-SegmentedRaftLogWorker: safeCacheEvictIndex: setUnconditionally 0 -> -1
2022-10-10 08:42:16,806 [pool-782-thread-1] INFO  server.RaftServerConfigKeys (ConfUtils.java:logGet(46)) - raft.server.snapshot.auto.trigger.enabled = true (custom)
2022-10-10 08:42:16,806 [pool-782-thread-1] INFO  server.RaftServerConfigKeys (ConfUtils.java:logGet(46)) - raft.server.snapshot.auto.trigger.threshold = 10000 (custom)
2022-10-10 08:42:16,806 [pool-782-thread-1] INFO  server.RaftServerConfigKeys (ConfUtils.java:logGet(46)) - raft.server.snapshot.retention.file.num = 5 (custom)
2022-10-10 08:42:16,806 [pool-782-thread-1] INFO  server.RaftServerConfigKeys (ConfUtils.java:logGet(46)) - raft.server.log.purge.upto.snapshot.index = false (default)
2022-10-10 08:42:16,806 [pool-782-thread-1] INFO  server.RaftServerConfigKeys (ConfUtils.java:logGet(46)) - raft.server.retrycache.expirytime = 600000ms (custom)
2022-10-10 08:42:16,806 [pool-782-thread-1] INFO  server.RaftServerConfigKeys (ConfUtils.java:logGet(46)) - raft.server.retrycache.statistics.expirytime = 100μs (default)
2022-10-10 08:42:16,819 [pool-782-thread-1] INFO  server.RaftServerConfigKeys (ConfUtils.java:logGet(46)) - raft.server.log.appender.install.snapshot.enabled = false (custom)
2022-10-10 08:42:16,819 [pool-782-thread-1] INFO  server.RaftServerConfigKeys (ConfUtils.java:logGet(46)) - raft.server.threadpool.server.cached = true (default)
2022-10-10 08:42:16,819 [pool-782-thread-1] INFO  server.RaftServerConfigKeys (ConfUtils.java:logGet(46)) - raft.server.threadpool.server.size = 0 (default)
2022-10-10 08:42:16,819 [pool-782-thread-1] INFO  server.RaftServerConfigKeys (ConfUtils.java:logGet(46)) - raft.server.threadpool.client.cached = true (default)
2022-10-10 08:42:16,819 [pool-782-thread-1] INFO  server.RaftServerConfigKeys (ConfUtils.java:logGet(46)) - raft.server.threadpool.client.size = 0 (default)
2022-10-10 08:42:16,819 [pool-782-thread-1] INFO  server.RaftServer$Division (RaftServerImpl.java:start(310)) - 60d02c60-4364-4909-b75c-044757b70e38@group-A5B6F39D5604: start as a follower, conf=-1: [60d02c60-4364-4909-b75c-044757b70e38|rpc:10.1.0.114:40107|dataStream:|priority:0, b810ff59-71dc-43a2-8cb3-16d59e449a1e|rpc:10.1.0.114:43627|dataStream:|priority:0, 01e2fa94-bf37-40d8-a3b1-a78bdc47df12|rpc:10.1.0.114:35473|dataStream:|priority:1], old=null
2022-10-10 08:42:16,819 [pool-782-thread-1] INFO  server.RaftServer$Division (RaftServerImpl.java:setRole(299)) - 60d02c60-4364-4909-b75c-044757b70e38@group-A5B6F39D5604: changes role from      null to FOLLOWER at term 0 for startAsFollower
2022-10-10 08:42:16,819 [pool-782-thread-1] INFO  impl.RoleInfo (RoleInfo.java:updateAndGet(139)) - 60d02c60-4364-4909-b75c-044757b70e38: start 60d02c60-4364-4909-b75c-044757b70e38@group-A5B6F39D5604-FollowerState
2022-10-10 08:42:16,820 [pool-782-thread-1] INFO  util.JmxRegister (JmxRegister.java:tryRegister(44)) - Successfully registered JMX Bean with object name Ratis:service=RaftServer,group=group-A5B6F39D5604,id=60d02c60-4364-4909-b75c-044757b70e38
2022-10-10 08:42:16,839 [Command processor thread] INFO  server.RaftServer (RaftServerProxy.java:addNew(96)) - 60d02c60-4364-4909-b75c-044757b70e38: addNew group-9A1E8250D6BC:[60d02c60-4364-4909-b75c-044757b70e38|rpc:10.1.0.114:40107|priority:1] returns group-9A1E8250D6BC:java.util.concurrent.CompletableFuture@28cb4360[Not completed]
2022-10-10 08:42:16,840 [pool-782-thread-1] INFO  server.RaftServer$Division (RaftServerImpl.java:<init>(190)) - 60d02c60-4364-4909-b75c-044757b70e38: new RaftServerImpl for group-9A1E8250D6BC:[60d02c60-4364-4909-b75c-044757b70e38|rpc:10.1.0.114:40107|priority:1] with ContainerStateMachine:uninitialized
2022-10-10 08:42:16,840 [pool-782-thread-1] INFO  server.RaftServerConfigKeys (ConfUtils.java:logGet(46)) - raft.server.rpc.timeout.min = 5s (custom)
2022-10-10 08:42:16,840 [pool-782-thread-1] INFO  server.RaftServerConfigKeys (ConfUtils.java:logGet(46)) - raft.server.rpc.timeout.max = 5200ms (custom)
2022-10-10 08:42:16,840 [pool-782-thread-1] INFO  server.RaftServerConfigKeys (ConfUtils.java:logGet(46)) - raft.server.rpc.sleep.time = 25ms (default)
2022-10-10 08:42:16,840 [pool-782-thread-1] INFO  server.RaftServerConfigKeys (ConfUtils.java:logGet(46)) - raft.server.rpc.slowness.timeout = 300s (custom)
2022-10-10 08:42:16,840 [pool-782-thread-1] INFO  server.RaftServerConfigKeys (ConfUtils.java:logGet(46)) - raft.server.leaderelection.leader.step-down.wait-time = 10s (default)
2022-10-10 08:42:16,840 [pool-782-thread-1] INFO  server.RaftServerConfigKeys (ConfUtils.java:logGet(46)) - raft.server.sleep.deviation.threshold = 300ms (default)
2022-10-10 08:42:16,840 [pool-782-thread-1] INFO  server.RaftServer$Division (ServerState.java:<init>(107)) - 60d02c60-4364-4909-b75c-044757b70e38@group-9A1E8250D6BC: ConfigurationManager, init=-1: [60d02c60-4364-4909-b75c-044757b70e38|rpc:10.1.0.114:40107|priority:1], old=null, confs=<EMPTY_MAP>
2022-10-10 08:42:16,840 [pool-782-thread-1] INFO  server.RaftServerConfigKeys (ConfUtils.java:logGet(46)) - raft.server.storage.dir = [/home/runner/work/ozone/ozone/hadoop-ozone/integration-test/target/test-dir/MiniOzoneClusterImpl-900ef34e-234b-421b-bced-fede2d4c92a4/datanode-1/data/ratis] (custom)
2022-10-10 08:42:16,841 [pool-782-thread-1] INFO  server.RaftServerConfigKeys (ConfUtils.java:logGet(46)) - raft.server.log.corruption.policy = EXCEPTION (default)
2022-10-10 08:42:16,841 [pool-782-thread-1] INFO  server.RaftServerConfigKeys (ConfUtils.java:logGet(46)) - raft.server.storage.free-space.min = 0MB (=0) (default)
2022-10-10 08:42:16,841 [pool-782-thread-1] INFO  storage.RaftStorageDirectory (RaftStorageDirectoryImpl.java:analyzeStorage(135)) - The storage directory /home/runner/work/ozone/ozone/hadoop-ozone/integration-test/target/test-dir/MiniOzoneClusterImpl-900ef34e-234b-421b-bced-fede2d4c92a4/datanode-1/data/ratis/94d6be31-6eeb-4497-ac3d-9a1e8250d6bc does not exist. Creating ...
2022-10-10 08:42:16,844 [pool-782-thread-1] INFO  storage.RaftStorageDirectory (RaftStorageDirectoryImpl.java:tryLock(230)) - Lock on /home/runner/work/ozone/ozone/hadoop-ozone/integration-test/target/test-dir/MiniOzoneClusterImpl-900ef34e-234b-421b-bced-fede2d4c92a4/datanode-1/data/ratis/94d6be31-6eeb-4497-ac3d-9a1e8250d6bc/in_use.lock acquired by nodename 13217@fv-az292-843
2022-10-10 08:42:16,845 [pool-782-thread-1] INFO  storage.RaftStorage (RaftStorageImpl.java:format(89)) - Storage directory /home/runner/work/ozone/ozone/hadoop-ozone/integration-test/target/test-dir/MiniOzoneClusterImpl-900ef34e-234b-421b-bced-fede2d4c92a4/datanode-1/data/ratis/94d6be31-6eeb-4497-ac3d-9a1e8250d6bc has been successfully formatted.
2022-10-10 08:42:16,845 [pool-782-thread-1] INFO  ratis.ContainerStateMachine (ContainerStateMachine.java:loadSnapshot(236)) - group-9A1E8250D6BC: The snapshot info is null. Setting the last applied indexto:(t:0, i:~)
2022-10-10 08:42:16,846 [pool-782-thread-1] INFO  server.RaftServerConfigKeys (ConfUtils.java:logGet(46)) - raft.server.notification.no-leader.timeout = 300s (custom)
2022-10-10 08:42:16,846 [pool-782-thread-1] INFO  server.RaftServerConfigKeys (ConfUtils.java:logGet(46)) - raft.server.log.use.memory = false (default)
2022-10-10 08:42:16,846 [pool-782-thread-1] INFO  server.RaftServerConfigKeys (ConfUtils.java:logGet(46)) - raft.server.log.purge.gap = 1000000 (custom)
2022-10-10 08:42:16,846 [pool-782-thread-1] INFO  server.RaftServerConfigKeys (ConfUtils.java:logGet(46)) - raft.server.log.appender.buffer.byte-limit = 33554432 (custom)
2022-10-10 08:42:16,846 [pool-782-thread-1] INFO  server.RaftServerConfigKeys (ConfUtils.java:logGet(46)) - raft.server.log.statemachine.data.read.timeout = 1000ms (default)
2022-10-10 08:42:16,846 [pool-782-thread-1] INFO  server.RaftServerConfigKeys (ConfUtils.java:logGet(46)) - raft.server.log.segment.size.max = 1048576 (custom)
2022-10-10 08:42:16,847 [pool-782-thread-1] INFO  server.RaftServerConfigKeys (ConfUtils.java:logGet(46)) - raft.server.log.segment.cache.num.max = 2 (custom)
2022-10-10 08:42:16,847 [pool-782-thread-1] INFO  server.RaftServerConfigKeys (ConfUtils.java:logGet(46)) - raft.server.log.segment.cache.size.max = 200MB (=209715200) (default)
2022-10-10 08:42:16,847 [pool-782-thread-1] INFO  segmented.SegmentedRaftLogWorker (SegmentedRaftLogWorker.java:<init>(187)) - new 60d02c60-4364-4909-b75c-044757b70e38@group-9A1E8250D6BC-SegmentedRaftLogWorker for RaftStorageImpl:Storage Directory /home/runner/work/ozone/ozone/hadoop-ozone/integration-test/target/test-dir/MiniOzoneClusterImpl-900ef34e-234b-421b-bced-fede2d4c92a4/datanode-1/data/ratis/94d6be31-6eeb-4497-ac3d-9a1e8250d6bc
2022-10-10 08:42:16,847 [pool-782-thread-1] INFO  server.RaftServerConfigKeys (ConfUtils.java:logGet(46)) - raft.server.log.queue.byte-limit = 4294967296 (custom)
2022-10-10 08:42:16,847 [pool-782-thread-1] INFO  server.RaftServerConfigKeys (ConfUtils.java:logGet(46)) - raft.server.log.queue.element-limit = 1024 (custom)
2022-10-10 08:42:16,847 [pool-782-thread-1] INFO  server.RaftServerConfigKeys (ConfUtils.java:logGet(46)) - raft.server.log.segment.size.max = 1048576 (custom)
2022-10-10 08:42:16,847 [pool-782-thread-1] INFO  server.RaftServerConfigKeys (ConfUtils.java:logGet(46)) - raft.server.log.preallocated.size = 16384 (custom)
2022-10-10 08:42:16,847 [pool-782-thread-1] INFO  server.RaftServerConfigKeys (ConfUtils.java:logGet(46)) - raft.server.log.force.sync.num = 128 (default)
2022-10-10 08:42:16,847 [pool-782-thread-1] INFO  server.RaftServerConfigKeys (ConfUtils.java:logGet(46)) - raft.server.log.statemachine.data.sync = true (default)
2022-10-10 08:42:16,847 [pool-782-thread-1] INFO  server.RaftServerConfigKeys (ConfUtils.java:logGet(46)) - raft.server.log.statemachine.data.sync.timeout = 10s (default)
2022-10-10 08:42:16,847 [pool-782-thread-1] INFO  server.RaftServerConfigKeys (ConfUtils.java:logGet(46)) - raft.server.log.statemachine.data.sync.timeout.retry = -1 (default)
2022-10-10 08:42:16,848 [pool-782-thread-1] INFO  server.RaftServerConfigKeys (ConfUtils.java:logGet(46)) - raft.server.log.write.buffer.size = 1048576 (custom)
2022-10-10 08:42:16,849 [pool-782-thread-1] INFO  server.RaftServerConfigKeys (ConfUtils.java:logGet(46)) - raft.server.log.unsafe-flush.enabled = false (default)
2022-10-10 08:42:16,849 [pool-782-thread-1] INFO  server.RaftServerConfigKeys (ConfUtils.java:logGet(46)) - raft.server.log.statemachine.data.caching.enabled = true (custom)
2022-10-10 08:42:16,849 [pool-782-thread-1] INFO  segmented.SegmentedRaftLogWorker (SegmentedRaftLogWorker.java:lambda$new$0(135)) - 60d02c60-4364-4909-b75c-044757b70e38@group-9A1E8250D6BC-SegmentedRaftLogWorker: flushIndex: setUnconditionally 0 -> -1
2022-10-10 08:42:16,849 [pool-782-thread-1] INFO  segmented.SegmentedRaftLogWorker (SegmentedRaftLogWorker.java:lambda$new$0(135)) - 60d02c60-4364-4909-b75c-044757b70e38@group-9A1E8250D6BC-SegmentedRaftLogWorker: safeCacheEvictIndex: setUnconditionally 0 -> -1
2022-10-10 08:42:16,849 [pool-782-thread-1] INFO  server.RaftServerConfigKeys (ConfUtils.java:logGet(46)) - raft.server.snapshot.auto.trigger.enabled = true (custom)
2022-10-10 08:42:16,849 [pool-782-thread-1] INFO  server.RaftServerConfigKeys (ConfUtils.java:logGet(46)) - raft.server.snapshot.auto.trigger.threshold = 10000 (custom)
2022-10-10 08:42:16,849 [pool-782-thread-1] INFO  server.RaftServerConfigKeys (ConfUtils.java:logGet(46)) - raft.server.snapshot.retention.file.num = 5 (custom)
2022-10-10 08:42:16,849 [pool-782-thread-1] INFO  server.RaftServerConfigKeys (ConfUtils.java:logGet(46)) - raft.server.log.purge.upto.snapshot.index = false (default)
2022-10-10 08:42:16,849 [pool-782-thread-1] INFO  server.RaftServerConfigKeys (ConfUtils.java:logGet(46)) - raft.server.retrycache.expirytime = 600000ms (custom)
2022-10-10 08:42:16,849 [pool-782-thread-1] INFO  server.RaftServerConfigKeys (ConfUtils.java:logGet(46)) - raft.server.retrycache.statistics.expirytime = 100μs (default)
2022-10-10 08:42:16,851 [pool-782-thread-1] INFO  server.RaftServerConfigKeys (ConfUtils.java:logGet(46)) - raft.server.log.appender.install.snapshot.enabled = false (custom)
2022-10-10 08:42:16,851 [pool-782-thread-1] INFO  server.RaftServerConfigKeys (ConfUtils.java:logGet(46)) - raft.server.threadpool.server.cached = true (default)
2022-10-10 08:42:16,851 [pool-782-thread-1] INFO  server.RaftServerConfigKeys (ConfUtils.java:logGet(46)) - raft.server.threadpool.server.size = 0 (default)
2022-10-10 08:42:16,851 [pool-782-thread-1] INFO  server.RaftServerConfigKeys (ConfUtils.java:logGet(46)) - raft.server.threadpool.client.cached = true (default)
2022-10-10 08:42:16,851 [pool-782-thread-1] INFO  server.RaftServerConfigKeys (ConfUtils.java:logGet(46)) - raft.server.threadpool.client.size = 0 (default)
2022-10-10 08:42:16,851 [pool-782-thread-1] INFO  server.RaftServer$Division (RaftServerImpl.java:start(310)) - 60d02c60-4364-4909-b75c-044757b70e38@group-9A1E8250D6BC: start as a follower, conf=-1: [60d02c60-4364-4909-b75c-044757b70e38|rpc:10.1.0.114:40107|priority:1], old=null
2022-10-10 08:42:16,851 [pool-782-thread-1] INFO  server.RaftServer$Division (RaftServerImpl.java:setRole(299)) - 60d02c60-4364-4909-b75c-044757b70e38@group-9A1E8250D6BC: changes role from      null to FOLLOWER at term 0 for startAsFollower
2022-10-10 08:42:16,852 [pool-782-thread-1] INFO  impl.RoleInfo (RoleInfo.java:updateAndGet(139)) - 60d02c60-4364-4909-b75c-044757b70e38: start 60d02c60-4364-4909-b75c-044757b70e38@group-9A1E8250D6BC-FollowerState
2022-10-10 08:42:16,852 [pool-782-thread-1] INFO  util.JmxRegister (JmxRegister.java:tryRegister(44)) - Successfully registered JMX Bean with object name Ratis:service=RaftServer,group=group-9A1E8250D6BC,id=60d02c60-4364-4909-b75c-044757b70e38
2022-10-10 08:42:16,853 [Command processor thread] INFO  ratis.XceiverServerRatis (XceiverServerRatis.java:addGroup(765)) - Created group PipelineID=94d6be31-6eeb-4497-ac3d-9a1e8250d6bc
2022-10-10 08:42:16,853 [Command processor thread] INFO  commandhandler.CreatePipelineCommandHandler (CreatePipelineCommandHandler.java:handle(113)) - Created Pipeline RATIS ONE PipelineID=94d6be31-6eeb-4497-ac3d-9a1e8250d6bc.
2022-10-10 08:42:16,910 [Command processor thread] INFO  commandhandler.CreatePipelineCommandHandler (CreatePipelineCommandHandler.java:handle(113)) - Created Pipeline RATIS THREE PipelineID=ce02c039-71c0-4e13-87fb-a5b6f39d5604.
2022-10-10 08:42:16,911 [Command processor thread] INFO  server.RaftServer (RaftServerProxy.java:addNew(96)) - b810ff59-71dc-43a2-8cb3-16d59e449a1e: addNew group-AFA0D27FEB74:[60d02c60-4364-4909-b75c-044757b70e38|rpc:10.1.0.114:40107|priority:1, b810ff59-71dc-43a2-8cb3-16d59e449a1e|rpc:10.1.0.114:43627|priority:0, 01e2fa94-bf37-40d8-a3b1-a78bdc47df12|rpc:10.1.0.114:35473|priority:0] returns group-AFA0D27FEB74:java.util.concurrent.CompletableFuture@17ace473[Not completed]
2022-10-10 08:42:16,911 [Command processor thread] INFO  server.RaftServer (RaftServerProxy.java:addNew(96)) - 60d02c60-4364-4909-b75c-044757b70e38: addNew group-AFA0D27FEB74:[60d02c60-4364-4909-b75c-044757b70e38|rpc:10.1.0.114:40107|priority:1, b810ff59-71dc-43a2-8cb3-16d59e449a1e|rpc:10.1.0.114:43627|priority:0, 01e2fa94-bf37-40d8-a3b1-a78bdc47df12|rpc:10.1.0.114:35473|priority:0] returns group-AFA0D27FEB74:java.util.concurrent.CompletableFuture@260ca809[Not completed]
2022-10-10 08:42:16,916 [pool-782-thread-1] INFO  server.RaftServer$Division (RaftServerImpl.java:<init>(190)) - 60d02c60-4364-4909-b75c-044757b70e38: new RaftServerImpl for group-AFA0D27FEB74:[60d02c60-4364-4909-b75c-044757b70e38|rpc:10.1.0.114:40107|priority:1, b810ff59-71dc-43a2-8cb3-16d59e449a1e|rpc:10.1.0.114:43627|priority:0, 01e2fa94-bf37-40d8-a3b1-a78bdc47df12|rpc:10.1.0.114:35473|priority:0] with ContainerStateMachine:uninitialized
2022-10-10 08:42:16,916 [pool-782-thread-1] INFO  server.RaftServerConfigKeys (ConfUtils.java:logGet(46)) - raft.server.rpc.timeout.min = 5s (custom)
2022-10-10 08:42:16,917 [pool-782-thread-1] INFO  server.RaftServerConfigKeys (ConfUtils.java:logGet(46)) - raft.server.rpc.timeout.max = 5200ms (custom)
2022-10-10 08:42:16,917 [pool-782-thread-1] INFO  server.RaftServerConfigKeys (ConfUtils.java:logGet(46)) - raft.server.rpc.sleep.time = 25ms (default)
2022-10-10 08:42:16,917 [pool-782-thread-1] INFO  server.RaftServerConfigKeys (ConfUtils.java:logGet(46)) - raft.server.rpc.slowness.timeout = 300s (custom)
2022-10-10 08:42:16,917 [pool-782-thread-1] INFO  server.RaftServerConfigKeys (ConfUtils.java:logGet(46)) - raft.server.leaderelection.leader.step-down.wait-time = 10s (default)
2022-10-10 08:42:16,917 [pool-782-thread-1] INFO  server.RaftServerConfigKeys (ConfUtils.java:logGet(46)) - raft.server.sleep.deviation.threshold = 300ms (default)
2022-10-10 08:42:16,917 [pool-782-thread-1] INFO  server.RaftServer$Division (ServerState.java:<init>(107)) - 60d02c60-4364-4909-b75c-044757b70e38@group-AFA0D27FEB74: ConfigurationManager, init=-1: [60d02c60-4364-4909-b75c-044757b70e38|rpc:10.1.0.114:40107|priority:1, b810ff59-71dc-43a2-8cb3-16d59e449a1e|rpc:10.1.0.114:43627|priority:0, 01e2fa94-bf37-40d8-a3b1-a78bdc47df12|rpc:10.1.0.114:35473|priority:0], old=null, confs=<EMPTY_MAP>
2022-10-10 08:42:16,917 [pool-782-thread-1] INFO  server.RaftServerConfigKeys (ConfUtils.java:logGet(46)) - raft.server.storage.dir = [/home/runner/work/ozone/ozone/hadoop-ozone/integration-test/target/test-dir/MiniOzoneClusterImpl-900ef34e-234b-421b-bced-fede2d4c92a4/datanode-1/data/ratis] (custom)
2022-10-10 08:42:16,917 [pool-782-thread-1] INFO  server.RaftServerConfigKeys (ConfUtils.java:logGet(46)) - raft.server.log.corruption.policy = EXCEPTION (default)
2022-10-10 08:42:16,917 [pool-782-thread-1] INFO  server.RaftServerConfigKeys (ConfUtils.java:logGet(46)) - raft.server.storage.free-space.min = 0MB (=0) (default)
2022-10-10 08:42:16,917 [pool-782-thread-1] INFO  storage.RaftStorageDirectory (RaftStorageDirectoryImpl.java:analyzeStorage(135)) - The storage directory /home/runner/work/ozone/ozone/hadoop-ozone/integration-test/target/test-dir/MiniOzoneClusterImpl-900ef34e-234b-421b-bced-fede2d4c92a4/datanode-1/data/ratis/82707386-6ed1-4580-816e-afa0d27feb74 does not exist. Creating ...
2022-10-10 08:42:16,918 [pool-759-thread-1] INFO  server.RaftServer$Division (RaftServerImpl.java:<init>(190)) - b810ff59-71dc-43a2-8cb3-16d59e449a1e: new RaftServerImpl for group-AFA0D27FEB74:[60d02c60-4364-4909-b75c-044757b70e38|rpc:10.1.0.114:40107|priority:1, b810ff59-71dc-43a2-8cb3-16d59e449a1e|rpc:10.1.0.114:43627|priority:0, 01e2fa94-bf37-40d8-a3b1-a78bdc47df12|rpc:10.1.0.114:35473|priority:0] with ContainerStateMachine:uninitialized
2022-10-10 08:42:16,918 [pool-759-thread-1] INFO  server.RaftServerConfigKeys (ConfUtils.java:logGet(46)) - raft.server.rpc.timeout.min = 5s (custom)
2022-10-10 08:42:16,918 [pool-759-thread-1] INFO  server.RaftServerConfigKeys (ConfUtils.java:logGet(46)) - raft.server.rpc.timeout.max = 5200ms (custom)
2022-10-10 08:42:16,918 [pool-759-thread-1] INFO  server.RaftServerConfigKeys (ConfUtils.java:logGet(46)) - raft.server.rpc.sleep.time = 25ms (default)
2022-10-10 08:42:16,919 [pool-759-thread-1] INFO  server.RaftServerConfigKeys (ConfUtils.java:logGet(46)) - raft.server.rpc.slowness.timeout = 300s (custom)
2022-10-10 08:42:16,919 [pool-759-thread-1] INFO  server.RaftServerConfigKeys (ConfUtils.java:logGet(46)) - raft.server.leaderelection.leader.step-down.wait-time = 10s (default)
2022-10-10 08:42:16,919 [pool-759-thread-1] INFO  server.RaftServerConfigKeys (ConfUtils.java:logGet(46)) - raft.server.sleep.deviation.threshold = 300ms (default)
2022-10-10 08:42:16,919 [pool-759-thread-1] INFO  server.RaftServer$Division (ServerState.java:<init>(107)) - b810ff59-71dc-43a2-8cb3-16d59e449a1e@group-AFA0D27FEB74: ConfigurationManager, init=-1: [60d02c60-4364-4909-b75c-044757b70e38|rpc:10.1.0.114:40107|priority:1, b810ff59-71dc-43a2-8cb3-16d59e449a1e|rpc:10.1.0.114:43627|priority:0, 01e2fa94-bf37-40d8-a3b1-a78bdc47df12|rpc:10.1.0.114:35473|priority:0], old=null, confs=<EMPTY_MAP>
2022-10-10 08:42:16,919 [pool-759-thread-1] INFO  server.RaftServerConfigKeys (ConfUtils.java:logGet(46)) - raft.server.storage.dir = [/home/runner/work/ozone/ozone/hadoop-ozone/integration-test/target/test-dir/MiniOzoneClusterImpl-900ef34e-234b-421b-bced-fede2d4c92a4/datanode-0/data/ratis] (custom)
2022-10-10 08:42:16,919 [pool-759-thread-1] INFO  server.RaftServerConfigKeys (ConfUtils.java:logGet(46)) - raft.server.log.corruption.policy = EXCEPTION (default)
2022-10-10 08:42:16,919 [pool-759-thread-1] INFO  server.RaftServerConfigKeys (ConfUtils.java:logGet(46)) - raft.server.storage.free-space.min = 0MB (=0) (default)
2022-10-10 08:42:16,919 [pool-759-thread-1] INFO  storage.RaftStorageDirectory (RaftStorageDirectoryImpl.java:analyzeStorage(135)) - The storage directory /home/runner/work/ozone/ozone/hadoop-ozone/integration-test/target/test-dir/MiniOzoneClusterImpl-900ef34e-234b-421b-bced-fede2d4c92a4/datanode-0/data/ratis/82707386-6ed1-4580-816e-afa0d27feb74 does not exist. Creating ...
2022-10-10 08:42:16,920 [EventQueue-PipelineReportForPipelineReportHandler] INFO  pipeline.PipelineManagerImpl (PipelineManagerImpl.java:openPipeline(367)) - Pipeline Pipeline[ Id: 94d6be31-6eeb-4497-ac3d-9a1e8250d6bc, Nodes: 60d02c60-4364-4909-b75c-044757b70e38{ip: 10.1.0.114, host: fv-az292-843.tqgtyn10aqxuxoi0mkfbldi5vh.jx.internal.cloudapp.net, ports: [REPLICATION=42729, RATIS=40107, RATIS_ADMIN=40107, RATIS_SERVER=40107, STANDALONE=34221], networkLocation: /default-rack, certSerialId: null, persistedOpState: IN_SERVICE, persistedOpStateExpiryEpochSec: 0}, ReplicationConfig: RATIS/ONE, State:ALLOCATED, leaderId:60d02c60-4364-4909-b75c-044757b70e38, CreationTimestamp2022-10-10T08:42:13.846Z[Etc/UTC]] moved to OPEN state
2022-10-10 08:42:16,920 [EventQueue-OpenPipelineForHealthyPipelineSafeModeRule] INFO  safemode.SCMSafeModeManager (HealthyPipelineSafeModeRule.java:process(137)) - SCM in safe mode. Healthy pipelines reported count is 0, required healthy pipeline reported count is 1
2022-10-10 08:42:16,921 [pool-759-thread-1] INFO  storage.RaftStorageDirectory (RaftStorageDirectoryImpl.java:tryLock(230)) - Lock on /home/runner/work/ozone/ozone/hadoop-ozone/integration-test/target/test-dir/MiniOzoneClusterImpl-900ef34e-234b-421b-bced-fede2d4c92a4/datanode-0/data/ratis/82707386-6ed1-4580-816e-afa0d27feb74/in_use.lock acquired by nodename 13217@fv-az292-843
2022-10-10 08:42:16,921 [pool-782-thread-1] INFO  storage.RaftStorageDirectory (RaftStorageDirectoryImpl.java:tryLock(230)) - Lock on /home/runner/work/ozone/ozone/hadoop-ozone/integration-test/target/test-dir/MiniOzoneClusterImpl-900ef34e-234b-421b-bced-fede2d4c92a4/datanode-1/data/ratis/82707386-6ed1-4580-816e-afa0d27feb74/in_use.lock acquired by nodename 13217@fv-az292-843
2022-10-10 08:42:16,928 [pool-782-thread-1] INFO  storage.RaftStorage (RaftStorageImpl.java:format(89)) - Storage directory /home/runner/work/ozone/ozone/hadoop-ozone/integration-test/target/test-dir/MiniOzoneClusterImpl-900ef34e-234b-421b-bced-fede2d4c92a4/datanode-1/data/ratis/82707386-6ed1-4580-816e-afa0d27feb74 has been successfully formatted.
2022-10-10 08:42:16,928 [pool-782-thread-1] INFO  ratis.ContainerStateMachine (ContainerStateMachine.java:loadSnapshot(236)) - group-AFA0D27FEB74: The snapshot info is null. Setting the last applied indexto:(t:0, i:~)
2022-10-10 08:42:16,929 [pool-782-thread-1] INFO  server.RaftServerConfigKeys (ConfUtils.java:logGet(46)) - raft.server.notification.no-leader.timeout = 300s (custom)
2022-10-10 08:42:16,929 [pool-782-thread-1] INFO  server.RaftServerConfigKeys (ConfUtils.java:logGet(46)) - raft.server.log.use.memory = false (default)
2022-10-10 08:42:16,929 [pool-782-thread-1] INFO  server.RaftServerConfigKeys (ConfUtils.java:logGet(46)) - raft.server.log.purge.gap = 1000000 (custom)
2022-10-10 08:42:16,929 [pool-782-thread-1] INFO  server.RaftServerConfigKeys (ConfUtils.java:logGet(46)) - raft.server.log.appender.buffer.byte-limit = 33554432 (custom)
2022-10-10 08:42:16,929 [pool-782-thread-1] INFO  server.RaftServerConfigKeys (ConfUtils.java:logGet(46)) - raft.server.log.statemachine.data.read.timeout = 1000ms (default)
2022-10-10 08:42:16,929 [pool-782-thread-1] INFO  server.RaftServerConfigKeys (ConfUtils.java:logGet(46)) - raft.server.log.segment.size.max = 1048576 (custom)
2022-10-10 08:42:16,930 [pool-782-thread-1] INFO  server.RaftServerConfigKeys (ConfUtils.java:logGet(46)) - raft.server.log.segment.cache.num.max = 2 (custom)
2022-10-10 08:42:16,930 [pool-782-thread-1] INFO  server.RaftServerConfigKeys (ConfUtils.java:logGet(46)) - raft.server.log.segment.cache.size.max = 200MB (=209715200) (default)
2022-10-10 08:42:16,930 [pool-782-thread-1] INFO  segmented.SegmentedRaftLogWorker (SegmentedRaftLogWorker.java:<init>(187)) - new 60d02c60-4364-4909-b75c-044757b70e38@group-AFA0D27FEB74-SegmentedRaftLogWorker for RaftStorageImpl:Storage Directory /home/runner/work/ozone/ozone/hadoop-ozone/integration-test/target/test-dir/MiniOzoneClusterImpl-900ef34e-234b-421b-bced-fede2d4c92a4/datanode-1/data/ratis/82707386-6ed1-4580-816e-afa0d27feb74
2022-10-10 08:42:16,930 [pool-782-thread-1] INFO  server.RaftServerConfigKeys (ConfUtils.java:logGet(46)) - raft.server.log.queue.byte-limit = 4294967296 (custom)
2022-10-10 08:42:16,930 [pool-782-thread-1] INFO  server.RaftServerConfigKeys (ConfUtils.java:logGet(46)) - raft.server.log.queue.element-limit = 1024 (custom)
2022-10-10 08:42:16,930 [pool-782-thread-1] INFO  server.RaftServerConfigKeys (ConfUtils.java:logGet(46)) - raft.server.log.segment.size.max = 1048576 (custom)
2022-10-10 08:42:16,930 [pool-782-thread-1] INFO  server.RaftServerConfigKeys (ConfUtils.java:logGet(46)) - raft.server.log.preallocated.size = 16384 (custom)
2022-10-10 08:42:16,930 [pool-782-thread-1] INFO  server.RaftServerConfigKeys (ConfUtils.java:logGet(46)) - raft.server.log.force.sync.num = 128 (default)
2022-10-10 08:42:16,930 [pool-782-thread-1] INFO  server.RaftServerConfigKeys (ConfUtils.java:logGet(46)) - raft.server.log.statemachine.data.sync = true (default)
2022-10-10 08:42:16,930 [pool-782-thread-1] INFO  server.RaftServerConfigKeys (ConfUtils.java:logGet(46)) - raft.server.log.statemachine.data.sync.timeout = 10s (default)
2022-10-10 08:42:16,930 [pool-782-thread-1] INFO  server.RaftServerConfigKeys (ConfUtils.java:logGet(46)) - raft.server.log.statemachine.data.sync.timeout.retry = -1 (default)
2022-10-10 08:42:16,931 [pool-782-thread-1] INFO  server.RaftServerConfigKeys (ConfUtils.java:logGet(46)) - raft.server.log.write.buffer.size = 1048576 (custom)
2022-10-10 08:42:16,934 [pool-782-thread-1] INFO  server.RaftServerConfigKeys (ConfUtils.java:logGet(46)) - raft.server.log.unsafe-flush.enabled = false (default)
2022-10-10 08:42:16,934 [pool-782-thread-1] INFO  server.RaftServerConfigKeys (ConfUtils.java:logGet(46)) - raft.server.log.statemachine.data.caching.enabled = true (custom)
2022-10-10 08:42:16,935 [pool-782-thread-1] INFO  segmented.SegmentedRaftLogWorker (SegmentedRaftLogWorker.java:lambda$new$0(135)) - 60d02c60-4364-4909-b75c-044757b70e38@group-AFA0D27FEB74-SegmentedRaftLogWorker: flushIndex: setUnconditionally 0 -> -1
2022-10-10 08:42:16,935 [pool-782-thread-1] INFO  segmented.SegmentedRaftLogWorker (SegmentedRaftLogWorker.java:lambda$new$0(135)) - 60d02c60-4364-4909-b75c-044757b70e38@group-AFA0D27FEB74-SegmentedRaftLogWorker: safeCacheEvictIndex: setUnconditionally 0 -> -1
2022-10-10 08:42:16,937 [pool-782-thread-1] INFO  server.RaftServerConfigKeys (ConfUtils.java:logGet(46)) - raft.server.snapshot.auto.trigger.enabled = true (custom)
2022-10-10 08:42:16,937 [pool-782-thread-1] INFO  server.RaftServerConfigKeys (ConfUtils.java:logGet(46)) - raft.server.snapshot.auto.trigger.threshold = 10000 (custom)
2022-10-10 08:42:16,937 [pool-782-thread-1] INFO  server.RaftServerConfigKeys (ConfUtils.java:logGet(46)) - raft.server.snapshot.retention.file.num = 5 (custom)
2022-10-10 08:42:16,937 [pool-782-thread-1] INFO  server.RaftServerConfigKeys (ConfUtils.java:logGet(46)) - raft.server.log.purge.upto.snapshot.index = false (default)
2022-10-10 08:42:16,937 [pool-782-thread-1] INFO  server.RaftServerConfigKeys (ConfUtils.java:logGet(46)) - raft.server.retrycache.expirytime = 600000ms (custom)
2022-10-10 08:42:16,938 [pool-782-thread-1] INFO  server.RaftServerConfigKeys (ConfUtils.java:logGet(46)) - raft.server.retrycache.statistics.expirytime = 100μs (default)
2022-10-10 08:42:16,939 [pool-782-thread-1] INFO  server.RaftServerConfigKeys (ConfUtils.java:logGet(46)) - raft.server.log.appender.install.snapshot.enabled = false (custom)
2022-10-10 08:42:16,939 [pool-782-thread-1] INFO  server.RaftServerConfigKeys (ConfUtils.java:logGet(46)) - raft.server.threadpool.server.cached = true (default)
2022-10-10 08:42:16,939 [pool-782-thread-1] INFO  server.RaftServerConfigKeys (ConfUtils.java:logGet(46)) - raft.server.threadpool.server.size = 0 (default)
2022-10-10 08:42:16,939 [pool-782-thread-1] INFO  server.RaftServerConfigKeys (ConfUtils.java:logGet(46)) - raft.server.threadpool.client.cached = true (default)
2022-10-10 08:42:16,939 [pool-782-thread-1] INFO  server.RaftServerConfigKeys (ConfUtils.java:logGet(46)) - raft.server.threadpool.client.size = 0 (default)
2022-10-10 08:42:16,940 [pool-782-thread-1] INFO  server.RaftServer$Division (RaftServerImpl.java:start(310)) - 60d02c60-4364-4909-b75c-044757b70e38@group-AFA0D27FEB74: start as a follower, conf=-1: [60d02c60-4364-4909-b75c-044757b70e38|rpc:10.1.0.114:40107|priority:1, b810ff59-71dc-43a2-8cb3-16d59e449a1e|rpc:10.1.0.114:43627|priority:0, 01e2fa94-bf37-40d8-a3b1-a78bdc47df12|rpc:10.1.0.114:35473|priority:0], old=null
2022-10-10 08:42:16,940 [pool-782-thread-1] INFO  server.RaftServer$Division (RaftServerImpl.java:setRole(299)) - 60d02c60-4364-4909-b75c-044757b70e38@group-AFA0D27FEB74: changes role from      null to FOLLOWER at term 0 for startAsFollower
2022-10-10 08:42:16,940 [pool-782-thread-1] INFO  impl.RoleInfo (RoleInfo.java:updateAndGet(139)) - 60d02c60-4364-4909-b75c-044757b70e38: start 60d02c60-4364-4909-b75c-044757b70e38@group-AFA0D27FEB74-FollowerState
2022-10-10 08:42:16,940 [pool-782-thread-1] INFO  util.JmxRegister (JmxRegister.java:tryRegister(44)) - Successfully registered JMX Bean with object name Ratis:service=RaftServer,group=group-AFA0D27FEB74,id=60d02c60-4364-4909-b75c-044757b70e38
2022-10-10 08:42:16,942 [Command processor thread] INFO  ratis.XceiverServerRatis (XceiverServerRatis.java:addGroup(765)) - Created group PipelineID=82707386-6ed1-4580-816e-afa0d27feb74
2022-10-10 08:42:16,945 [EventQueue-OpenPipelineForHealthyPipelineSafeModeRule] INFO  safemode.SCMSafeModeManager (HealthyPipelineSafeModeRule.java:process(137)) - SCM in safe mode. Healthy pipelines reported count is 0, required healthy pipeline reported count is 1
2022-10-10 08:42:16,985 [pool-759-thread-1] INFO  storage.RaftStorage (RaftStorageImpl.java:format(89)) - Storage directory /home/runner/work/ozone/ozone/hadoop-ozone/integration-test/target/test-dir/MiniOzoneClusterImpl-900ef34e-234b-421b-bced-fede2d4c92a4/datanode-0/data/ratis/82707386-6ed1-4580-816e-afa0d27feb74 has been successfully formatted.
2022-10-10 08:42:16,986 [pool-759-thread-1] INFO  ratis.ContainerStateMachine (ContainerStateMachine.java:loadSnapshot(236)) - group-AFA0D27FEB74: The snapshot info is null. Setting the last applied indexto:(t:0, i:~)
2022-10-10 08:42:16,986 [pool-759-thread-1] INFO  server.RaftServerConfigKeys (ConfUtils.java:logGet(46)) - raft.server.notification.no-leader.timeout = 300s (custom)
2022-10-10 08:42:16,986 [pool-759-thread-1] INFO  server.RaftServerConfigKeys (ConfUtils.java:logGet(46)) - raft.server.log.use.memory = false (default)
2022-10-10 08:42:16,986 [pool-759-thread-1] INFO  server.RaftServerConfigKeys (ConfUtils.java:logGet(46)) - raft.server.log.purge.gap = 1000000 (custom)
2022-10-10 08:42:16,986 [pool-759-thread-1] INFO  server.RaftServerConfigKeys (ConfUtils.java:logGet(46)) - raft.server.log.appender.buffer.byte-limit = 33554432 (custom)
2022-10-10 08:42:16,986 [pool-759-thread-1] INFO  server.RaftServerConfigKeys (ConfUtils.java:logGet(46)) - raft.server.log.statemachine.data.read.timeout = 1000ms (default)
2022-10-10 08:42:16,987 [pool-759-thread-1] INFO  server.RaftServerConfigKeys (ConfUtils.java:logGet(46)) - raft.server.log.segment.size.max = 1048576 (custom)
2022-10-10 08:42:16,987 [pool-759-thread-1] INFO  server.RaftServerConfigKeys (ConfUtils.java:logGet(46)) - raft.server.log.segment.cache.num.max = 2 (custom)
2022-10-10 08:42:16,987 [pool-759-thread-1] INFO  server.RaftServerConfigKeys (ConfUtils.java:logGet(46)) - raft.server.log.segment.cache.size.max = 200MB (=209715200) (default)
2022-10-10 08:42:16,987 [pool-759-thread-1] INFO  segmented.SegmentedRaftLogWorker (SegmentedRaftLogWorker.java:<init>(187)) - new b810ff59-71dc-43a2-8cb3-16d59e449a1e@group-AFA0D27FEB74-SegmentedRaftLogWorker for RaftStorageImpl:Storage Directory /home/runner/work/ozone/ozone/hadoop-ozone/integration-test/target/test-dir/MiniOzoneClusterImpl-900ef34e-234b-421b-bced-fede2d4c92a4/datanode-0/data/ratis/82707386-6ed1-4580-816e-afa0d27feb74
2022-10-10 08:42:16,989 [EventQueue-OpenPipelineForHealthyPipelineSafeModeRule] INFO  safemode.SCMSafeModeManager (HealthyPipelineSafeModeRule.java:process(137)) - SCM in safe mode. Healthy pipelines reported count is 0, required healthy pipeline reported count is 1
2022-10-10 08:42:17,004 [pool-759-thread-1] INFO  server.RaftServerConfigKeys (ConfUtils.java:logGet(46)) - raft.server.log.queue.byte-limit = 4294967296 (custom)
2022-10-10 08:42:17,005 [pool-759-thread-1] INFO  server.RaftServerConfigKeys (ConfUtils.java:logGet(46)) - raft.server.log.queue.element-limit = 1024 (custom)
2022-10-10 08:42:17,005 [pool-759-thread-1] INFO  server.RaftServerConfigKeys (ConfUtils.java:logGet(46)) - raft.server.log.segment.size.max = 1048576 (custom)
2022-10-10 08:42:17,005 [pool-759-thread-1] INFO  server.RaftServerConfigKeys (ConfUtils.java:logGet(46)) - raft.server.log.preallocated.size = 16384 (custom)
2022-10-10 08:42:17,005 [pool-759-thread-1] INFO  server.RaftServerConfigKeys (ConfUtils.java:logGet(46)) - raft.server.log.force.sync.num = 128 (default)
2022-10-10 08:42:17,005 [pool-759-thread-1] INFO  server.RaftServerConfigKeys (ConfUtils.java:logGet(46)) - raft.server.log.statemachine.data.sync = true (default)
2022-10-10 08:42:17,005 [pool-759-thread-1] INFO  server.RaftServerConfigKeys (ConfUtils.java:logGet(46)) - raft.server.log.statemachine.data.sync.timeout = 10s (default)
2022-10-10 08:42:17,005 [pool-759-thread-1] INFO  server.RaftServerConfigKeys (ConfUtils.java:logGet(46)) - raft.server.log.statemachine.data.sync.timeout.retry = -1 (default)
2022-10-10 08:42:17,006 [pool-759-thread-1] INFO  server.RaftServerConfigKeys (ConfUtils.java:logGet(46)) - raft.server.log.write.buffer.size = 1048576 (custom)
2022-10-10 08:42:17,006 [pool-759-thread-1] INFO  server.RaftServerConfigKeys (ConfUtils.java:logGet(46)) - raft.server.log.unsafe-flush.enabled = false (default)
2022-10-10 08:42:17,006 [pool-759-thread-1] INFO  server.RaftServerConfigKeys (ConfUtils.java:logGet(46)) - raft.server.log.statemachine.data.caching.enabled = true (custom)
2022-10-10 08:42:17,007 [pool-759-thread-1] INFO  segmented.SegmentedRaftLogWorker (SegmentedRaftLogWorker.java:lambda$new$0(135)) - b810ff59-71dc-43a2-8cb3-16d59e449a1e@group-AFA0D27FEB74-SegmentedRaftLogWorker: flushIndex: setUnconditionally 0 -> -1
2022-10-10 08:42:17,007 [pool-759-thread-1] INFO  segmented.SegmentedRaftLogWorker (SegmentedRaftLogWorker.java:lambda$new$0(135)) - b810ff59-71dc-43a2-8cb3-16d59e449a1e@group-AFA0D27FEB74-SegmentedRaftLogWorker: safeCacheEvictIndex: setUnconditionally 0 -> -1
2022-10-10 08:42:17,016 [pool-759-thread-1] INFO  server.RaftServerConfigKeys (ConfUtils.java:logGet(46)) - raft.server.snapshot.auto.trigger.enabled = true (custom)
2022-10-10 08:42:17,016 [pool-759-thread-1] INFO  server.RaftServerConfigKeys (ConfUtils.java:logGet(46)) - raft.server.snapshot.auto.trigger.threshold = 10000 (custom)
2022-10-10 08:42:17,016 [pool-759-thread-1] INFO  server.RaftServerConfigKeys (ConfUtils.java:logGet(46)) - raft.server.snapshot.retention.file.num = 5 (custom)
2022-10-10 08:42:17,016 [pool-759-thread-1] INFO  server.RaftServerConfigKeys (ConfUtils.java:logGet(46)) - raft.server.log.purge.upto.snapshot.index = false (default)
2022-10-10 08:42:17,016 [pool-759-thread-1] INFO  server.RaftServerConfigKeys (ConfUtils.java:logGet(46)) - raft.server.retrycache.expirytime = 600000ms (custom)
2022-10-10 08:42:17,016 [pool-759-thread-1] INFO  server.RaftServerConfigKeys (ConfUtils.java:logGet(46)) - raft.server.retrycache.statistics.expirytime = 100μs (default)
2022-10-10 08:42:17,018 [pool-759-thread-1] INFO  server.RaftServerConfigKeys (ConfUtils.java:logGet(46)) - raft.server.log.appender.install.snapshot.enabled = false (custom)
2022-10-10 08:42:17,018 [pool-759-thread-1] INFO  server.RaftServerConfigKeys (ConfUtils.java:logGet(46)) - raft.server.threadpool.server.cached = true (default)
2022-10-10 08:42:17,018 [pool-759-thread-1] INFO  server.RaftServerConfigKeys (ConfUtils.java:logGet(46)) - raft.server.threadpool.server.size = 0 (default)
2022-10-10 08:42:17,018 [pool-759-thread-1] INFO  server.RaftServerConfigKeys (ConfUtils.java:logGet(46)) - raft.server.threadpool.client.cached = true (default)
2022-10-10 08:42:17,018 [pool-759-thread-1] INFO  server.RaftServerConfigKeys (ConfUtils.java:logGet(46)) - raft.server.threadpool.client.size = 0 (default)
2022-10-10 08:42:17,018 [pool-759-thread-1] INFO  server.RaftServer$Division (RaftServerImpl.java:start(310)) - b810ff59-71dc-43a2-8cb3-16d59e449a1e@group-AFA0D27FEB74: start as a follower, conf=-1: [60d02c60-4364-4909-b75c-044757b70e38|rpc:10.1.0.114:40107|priority:1, b810ff59-71dc-43a2-8cb3-16d59e449a1e|rpc:10.1.0.114:43627|priority:0, 01e2fa94-bf37-40d8-a3b1-a78bdc47df12|rpc:10.1.0.114:35473|priority:0], old=null
2022-10-10 08:42:17,018 [pool-759-thread-1] INFO  server.RaftServer$Division (RaftServerImpl.java:setRole(299)) - b810ff59-71dc-43a2-8cb3-16d59e449a1e@group-AFA0D27FEB74: changes role from      null to FOLLOWER at term 0 for startAsFollower
2022-10-10 08:42:17,018 [pool-759-thread-1] INFO  impl.RoleInfo (RoleInfo.java:updateAndGet(139)) - b810ff59-71dc-43a2-8cb3-16d59e449a1e: start b810ff59-71dc-43a2-8cb3-16d59e449a1e@group-AFA0D27FEB74-FollowerState
2022-10-10 08:42:17,044 [pool-759-thread-1] INFO  util.JmxRegister (JmxRegister.java:tryRegister(44)) - Successfully registered JMX Bean with object name Ratis:service=RaftServer,group=group-AFA0D27FEB74,id=b810ff59-71dc-43a2-8cb3-16d59e449a1e
2022-10-10 08:42:17,052 [Command processor thread] INFO  ratis.XceiverServerRatis (XceiverServerRatis.java:addGroup(765)) - Created group PipelineID=82707386-6ed1-4580-816e-afa0d27feb74
2022-10-10 08:42:17,138 [grpc-default-executor-0] INFO  server.RaftServer (RaftServerProxy.java:addNew(96)) - 01e2fa94-bf37-40d8-a3b1-a78bdc47df12: addNew group-AFA0D27FEB74:[60d02c60-4364-4909-b75c-044757b70e38|rpc:10.1.0.114:40107|dataStream:|priority:1, b810ff59-71dc-43a2-8cb3-16d59e449a1e|rpc:10.1.0.114:43627|dataStream:|priority:0, 01e2fa94-bf37-40d8-a3b1-a78bdc47df12|rpc:10.1.0.114:35473|dataStream:|priority:0] returns group-AFA0D27FEB74:java.util.concurrent.CompletableFuture@4f800044[Not completed]
2022-10-10 08:42:17,139 [pool-805-thread-1] INFO  server.RaftServer$Division (RaftServerImpl.java:<init>(190)) - 01e2fa94-bf37-40d8-a3b1-a78bdc47df12: new RaftServerImpl for group-AFA0D27FEB74:[60d02c60-4364-4909-b75c-044757b70e38|rpc:10.1.0.114:40107|dataStream:|priority:1, b810ff59-71dc-43a2-8cb3-16d59e449a1e|rpc:10.1.0.114:43627|dataStream:|priority:0, 01e2fa94-bf37-40d8-a3b1-a78bdc47df12|rpc:10.1.0.114:35473|dataStream:|priority:0] with ContainerStateMachine:uninitialized
2022-10-10 08:42:17,140 [pool-805-thread-1] INFO  server.RaftServerConfigKeys (ConfUtils.java:logGet(46)) - raft.server.rpc.timeout.min = 5s (custom)
2022-10-10 08:42:17,140 [pool-805-thread-1] INFO  server.RaftServerConfigKeys (ConfUtils.java:logGet(46)) - raft.server.rpc.timeout.max = 5200ms (custom)
2022-10-10 08:42:17,140 [pool-805-thread-1] INFO  server.RaftServerConfigKeys (ConfUtils.java:logGet(46)) - raft.server.rpc.sleep.time = 25ms (default)
2022-10-10 08:42:17,140 [pool-805-thread-1] INFO  server.RaftServerConfigKeys (ConfUtils.java:logGet(46)) - raft.server.rpc.slowness.timeout = 300s (custom)
2022-10-10 08:42:17,140 [pool-805-thread-1] INFO  server.RaftServerConfigKeys (ConfUtils.java:logGet(46)) - raft.server.leaderelection.leader.step-down.wait-time = 10s (default)
2022-10-10 08:42:17,140 [pool-805-thread-1] INFO  server.RaftServerConfigKeys (ConfUtils.java:logGet(46)) - raft.server.sleep.deviation.threshold = 300ms (default)
2022-10-10 08:42:17,140 [pool-805-thread-1] INFO  server.RaftServer$Division (ServerState.java:<init>(107)) - 01e2fa94-bf37-40d8-a3b1-a78bdc47df12@group-AFA0D27FEB74: ConfigurationManager, init=-1: [60d02c60-4364-4909-b75c-044757b70e38|rpc:10.1.0.114:40107|dataStream:|priority:1, b810ff59-71dc-43a2-8cb3-16d59e449a1e|rpc:10.1.0.114:43627|dataStream:|priority:0, 01e2fa94-bf37-40d8-a3b1-a78bdc47df12|rpc:10.1.0.114:35473|dataStream:|priority:0], old=null, confs=<EMPTY_MAP>
2022-10-10 08:42:17,140 [pool-805-thread-1] INFO  server.RaftServerConfigKeys (ConfUtils.java:logGet(46)) - raft.server.storage.dir = [/home/runner/work/ozone/ozone/hadoop-ozone/integration-test/target/test-dir/MiniOzoneClusterImpl-900ef34e-234b-421b-bced-fede2d4c92a4/datanode-2/data/ratis] (custom)
2022-10-10 08:42:17,140 [pool-805-thread-1] INFO  server.RaftServerConfigKeys (ConfUtils.java:logGet(46)) - raft.server.log.corruption.policy = EXCEPTION (default)
2022-10-10 08:42:17,140 [pool-805-thread-1] INFO  server.RaftServerConfigKeys (ConfUtils.java:logGet(46)) - raft.server.storage.free-space.min = 0MB (=0) (default)
2022-10-10 08:42:17,140 [pool-805-thread-1] INFO  storage.RaftStorageDirectory (RaftStorageDirectoryImpl.java:analyzeStorage(135)) - The storage directory /home/runner/work/ozone/ozone/hadoop-ozone/integration-test/target/test-dir/MiniOzoneClusterImpl-900ef34e-234b-421b-bced-fede2d4c92a4/datanode-2/data/ratis/82707386-6ed1-4580-816e-afa0d27feb74 does not exist. Creating ...
2022-10-10 08:42:17,163 [pool-805-thread-1] INFO  storage.RaftStorageDirectory (RaftStorageDirectoryImpl.java:tryLock(230)) - Lock on /home/runner/work/ozone/ozone/hadoop-ozone/integration-test/target/test-dir/MiniOzoneClusterImpl-900ef34e-234b-421b-bced-fede2d4c92a4/datanode-2/data/ratis/82707386-6ed1-4580-816e-afa0d27feb74/in_use.lock acquired by nodename 13217@fv-az292-843
2022-10-10 08:42:17,196 [pool-805-thread-1] INFO  storage.RaftStorage (RaftStorageImpl.java:format(89)) - Storage directory /home/runner/work/ozone/ozone/hadoop-ozone/integration-test/target/test-dir/MiniOzoneClusterImpl-900ef34e-234b-421b-bced-fede2d4c92a4/datanode-2/data/ratis/82707386-6ed1-4580-816e-afa0d27feb74 has been successfully formatted.
2022-10-10 08:42:17,196 [pool-805-thread-1] INFO  ratis.ContainerStateMachine (ContainerStateMachine.java:loadSnapshot(236)) - group-AFA0D27FEB74: The snapshot info is null. Setting the last applied indexto:(t:0, i:~)
2022-10-10 08:42:17,211 [pool-805-thread-1] INFO  server.RaftServerConfigKeys (ConfUtils.java:logGet(46)) - raft.server.notification.no-leader.timeout = 300s (custom)
2022-10-10 08:42:17,211 [pool-805-thread-1] INFO  server.RaftServerConfigKeys (ConfUtils.java:logGet(46)) - raft.server.log.use.memory = false (default)
2022-10-10 08:42:17,211 [pool-805-thread-1] INFO  server.RaftServerConfigKeys (ConfUtils.java:logGet(46)) - raft.server.log.purge.gap = 1000000 (custom)
2022-10-10 08:42:17,211 [pool-805-thread-1] INFO  server.RaftServerConfigKeys (ConfUtils.java:logGet(46)) - raft.server.log.appender.buffer.byte-limit = 33554432 (custom)
2022-10-10 08:42:17,212 [pool-805-thread-1] INFO  server.RaftServerConfigKeys (ConfUtils.java:logGet(46)) - raft.server.log.statemachine.data.read.timeout = 1000ms (default)
2022-10-10 08:42:17,212 [pool-805-thread-1] INFO  server.RaftServerConfigKeys (ConfUtils.java:logGet(46)) - raft.server.log.segment.size.max = 1048576 (custom)
2022-10-10 08:42:17,212 [pool-805-thread-1] INFO  server.RaftServerConfigKeys (ConfUtils.java:logGet(46)) - raft.server.log.segment.cache.num.max = 2 (custom)
2022-10-10 08:42:17,212 [pool-805-thread-1] INFO  server.RaftServerConfigKeys (ConfUtils.java:logGet(46)) - raft.server.log.segment.cache.size.max = 200MB (=209715200) (default)
2022-10-10 08:42:17,212 [pool-805-thread-1] INFO  segmented.SegmentedRaftLogWorker (SegmentedRaftLogWorker.java:<init>(187)) - new 01e2fa94-bf37-40d8-a3b1-a78bdc47df12@group-AFA0D27FEB74-SegmentedRaftLogWorker for RaftStorageImpl:Storage Directory /home/runner/work/ozone/ozone/hadoop-ozone/integration-test/target/test-dir/MiniOzoneClusterImpl-900ef34e-234b-421b-bced-fede2d4c92a4/datanode-2/data/ratis/82707386-6ed1-4580-816e-afa0d27feb74
2022-10-10 08:42:17,212 [pool-805-thread-1] INFO  server.RaftServerConfigKeys (ConfUtils.java:logGet(46)) - raft.server.log.queue.byte-limit = 4294967296 (custom)
2022-10-10 08:42:17,212 [pool-805-thread-1] INFO  server.RaftServerConfigKeys (ConfUtils.java:logGet(46)) - raft.server.log.queue.element-limit = 1024 (custom)
2022-10-10 08:42:17,213 [pool-805-thread-1] INFO  server.RaftServerConfigKeys (ConfUtils.java:logGet(46)) - raft.server.log.segment.size.max = 1048576 (custom)
2022-10-10 08:42:17,213 [pool-805-thread-1] INFO  server.RaftServerConfigKeys (ConfUtils.java:logGet(46)) - raft.server.log.preallocated.size = 16384 (custom)
2022-10-10 08:42:17,213 [pool-805-thread-1] INFO  server.RaftServerConfigKeys (ConfUtils.java:logGet(46)) - raft.server.log.force.sync.num = 128 (default)
2022-10-10 08:42:17,213 [pool-805-thread-1] INFO  server.RaftServerConfigKeys (ConfUtils.java:logGet(46)) - raft.server.log.statemachine.data.sync = true (default)
2022-10-10 08:42:17,213 [pool-805-thread-1] INFO  server.RaftServerConfigKeys (ConfUtils.java:logGet(46)) - raft.server.log.statemachine.data.sync.timeout = 10s (default)
2022-10-10 08:42:17,213 [pool-805-thread-1] INFO  server.RaftServerConfigKeys (ConfUtils.java:logGet(46)) - raft.server.log.statemachine.data.sync.timeout.retry = -1 (default)
2022-10-10 08:42:17,214 [pool-805-thread-1] INFO  server.RaftServerConfigKeys (ConfUtils.java:logGet(46)) - raft.server.log.write.buffer.size = 1048576 (custom)
2022-10-10 08:42:17,214 [pool-805-thread-1] INFO  server.RaftServerConfigKeys (ConfUtils.java:logGet(46)) - raft.server.log.unsafe-flush.enabled = false (default)
2022-10-10 08:42:17,214 [pool-805-thread-1] INFO  server.RaftServerConfigKeys (ConfUtils.java:logGet(46)) - raft.server.log.statemachine.data.caching.enabled = true (custom)
2022-10-10 08:42:17,214 [pool-805-thread-1] INFO  segmented.SegmentedRaftLogWorker (SegmentedRaftLogWorker.java:lambda$new$0(135)) - 01e2fa94-bf37-40d8-a3b1-a78bdc47df12@group-AFA0D27FEB74-SegmentedRaftLogWorker: flushIndex: setUnconditionally 0 -> -1
2022-10-10 08:42:17,214 [pool-805-thread-1] INFO  segmented.SegmentedRaftLogWorker (SegmentedRaftLogWorker.java:lambda$new$0(135)) - 01e2fa94-bf37-40d8-a3b1-a78bdc47df12@group-AFA0D27FEB74-SegmentedRaftLogWorker: safeCacheEvictIndex: setUnconditionally 0 -> -1
2022-10-10 08:42:17,220 [pool-805-thread-1] INFO  server.RaftServerConfigKeys (ConfUtils.java:logGet(46)) - raft.server.snapshot.auto.trigger.enabled = true (custom)
2022-10-10 08:42:17,220 [pool-805-thread-1] INFO  server.RaftServerConfigKeys (ConfUtils.java:logGet(46)) - raft.server.snapshot.auto.trigger.threshold = 10000 (custom)
2022-10-10 08:42:17,220 [pool-805-thread-1] INFO  server.RaftServerConfigKeys (ConfUtils.java:logGet(46)) - raft.server.snapshot.retention.file.num = 5 (custom)
2022-10-10 08:42:17,220 [pool-805-thread-1] INFO  server.RaftServerConfigKeys (ConfUtils.java:logGet(46)) - raft.server.log.purge.upto.snapshot.index = false (default)
2022-10-10 08:42:17,220 [pool-805-thread-1] INFO  server.RaftServerConfigKeys (ConfUtils.java:logGet(46)) - raft.server.retrycache.expirytime = 600000ms (custom)
2022-10-10 08:42:17,220 [pool-805-thread-1] INFO  server.RaftServerConfigKeys (ConfUtils.java:logGet(46)) - raft.server.retrycache.statistics.expirytime = 100μs (default)
2022-10-10 08:42:17,224 [pool-805-thread-1] INFO  server.RaftServerConfigKeys (ConfUtils.java:logGet(46)) - raft.server.log.appender.install.snapshot.enabled = false (custom)
2022-10-10 08:42:17,224 [pool-805-thread-1] INFO  server.RaftServerConfigKeys (ConfUtils.java:logGet(46)) - raft.server.threadpool.server.cached = true (default)
2022-10-10 08:42:17,224 [pool-805-thread-1] INFO  server.RaftServerConfigKeys (ConfUtils.java:logGet(46)) - raft.server.threadpool.server.size = 0 (default)
2022-10-10 08:42:17,224 [pool-805-thread-1] INFO  server.RaftServerConfigKeys (ConfUtils.java:logGet(46)) - raft.server.threadpool.client.cached = true (default)
2022-10-10 08:42:17,224 [pool-805-thread-1] INFO  server.RaftServerConfigKeys (ConfUtils.java:logGet(46)) - raft.server.threadpool.client.size = 0 (default)
2022-10-10 08:42:17,224 [pool-805-thread-1] INFO  server.RaftServer$Division (RaftServerImpl.java:start(310)) - 01e2fa94-bf37-40d8-a3b1-a78bdc47df12@group-AFA0D27FEB74: start as a follower, conf=-1: [60d02c60-4364-4909-b75c-044757b70e38|rpc:10.1.0.114:40107|dataStream:|priority:1, b810ff59-71dc-43a2-8cb3-16d59e449a1e|rpc:10.1.0.114:43627|dataStream:|priority:0, 01e2fa94-bf37-40d8-a3b1-a78bdc47df12|rpc:10.1.0.114:35473|dataStream:|priority:0], old=null
2022-10-10 08:42:17,224 [pool-805-thread-1] INFO  server.RaftServer$Division (RaftServerImpl.java:setRole(299)) - 01e2fa94-bf37-40d8-a3b1-a78bdc47df12@group-AFA0D27FEB74: changes role from      null to FOLLOWER at term 0 for startAsFollower
2022-10-10 08:42:17,224 [pool-805-thread-1] INFO  impl.RoleInfo (RoleInfo.java:updateAndGet(139)) - 01e2fa94-bf37-40d8-a3b1-a78bdc47df12: start 01e2fa94-bf37-40d8-a3b1-a78bdc47df12@group-AFA0D27FEB74-FollowerState
2022-10-10 08:42:17,254 [pool-805-thread-1] INFO  util.JmxRegister (JmxRegister.java:tryRegister(44)) - Successfully registered JMX Bean with object name Ratis:service=RaftServer,group=group-AFA0D27FEB74,id=01e2fa94-bf37-40d8-a3b1-a78bdc47df12
2022-10-10 08:42:17,456 [Listener at 127.0.0.1/37485] INFO  ozone.MiniOzoneClusterImpl (MiniOzoneClusterImpl.java:lambda$waitForClusterToBeReady$0(216)) - Nodes are ready. Got 5 of 5 DN Heartbeats.
2022-10-10 08:42:17,456 [Listener at 127.0.0.1/37485] INFO  ozone.MiniOzoneClusterImpl (MiniOzoneClusterImpl.java:lambda$waitForClusterToBeReady$0(219)) - Waiting for cluster to exit safe mode
2022-10-10 08:42:17,456 [Listener at 127.0.0.1/37485] INFO  ozone.MiniOzoneClusterImpl (MiniOzoneClusterImpl.java:lambda$waitForClusterToBeReady$0(221)) - SCM became leader
2022-10-10 08:42:17,472 [Command processor thread] INFO  commandhandler.CreatePipelineCommandHandler (CreatePipelineCommandHandler.java:handle(113)) - Created Pipeline RATIS THREE PipelineID=82707386-6ed1-4580-816e-afa0d27feb74.
2022-10-10 08:42:17,485 [Command processor thread] INFO  commandhandler.CreatePipelineCommandHandler (CreatePipelineCommandHandler.java:handle(113)) - Created Pipeline RATIS THREE PipelineID=82707386-6ed1-4580-816e-afa0d27feb74.
2022-10-10 08:42:17,576 [Command processor thread] INFO  server.RaftServer (RaftServerProxy.java:addNew(96)) - 01e2fa94-bf37-40d8-a3b1-a78bdc47df12: addNew group-A4A71DEF64E6:[01e2fa94-bf37-40d8-a3b1-a78bdc47df12|rpc:10.1.0.114:35473|priority:1] returns group-A4A71DEF64E6:java.util.concurrent.CompletableFuture@128e1eb8[Not completed]
2022-10-10 08:42:17,577 [pool-805-thread-1] INFO  server.RaftServer$Division (RaftServerImpl.java:<init>(190)) - 01e2fa94-bf37-40d8-a3b1-a78bdc47df12: new RaftServerImpl for group-A4A71DEF64E6:[01e2fa94-bf37-40d8-a3b1-a78bdc47df12|rpc:10.1.0.114:35473|priority:1] with ContainerStateMachine:uninitialized
2022-10-10 08:42:17,578 [pool-805-thread-1] INFO  server.RaftServerConfigKeys (ConfUtils.java:logGet(46)) - raft.server.rpc.timeout.min = 5s (custom)
2022-10-10 08:42:17,578 [pool-805-thread-1] INFO  server.RaftServerConfigKeys (ConfUtils.java:logGet(46)) - raft.server.rpc.timeout.max = 5200ms (custom)
2022-10-10 08:42:17,578 [pool-805-thread-1] INFO  server.RaftServerConfigKeys (ConfUtils.java:logGet(46)) - raft.server.rpc.sleep.time = 25ms (default)
2022-10-10 08:42:17,578 [pool-805-thread-1] INFO  server.RaftServerConfigKeys (ConfUtils.java:logGet(46)) - raft.server.rpc.slowness.timeout = 300s (custom)
2022-10-10 08:42:17,578 [pool-805-thread-1] INFO  server.RaftServerConfigKeys (ConfUtils.java:logGet(46)) - raft.server.leaderelection.leader.step-down.wait-time = 10s (default)
2022-10-10 08:42:17,578 [pool-805-thread-1] INFO  server.RaftServerConfigKeys (ConfUtils.java:logGet(46)) - raft.server.sleep.deviation.threshold = 300ms (default)
2022-10-10 08:42:17,578 [pool-805-thread-1] INFO  server.RaftServer$Division (ServerState.java:<init>(107)) - 01e2fa94-bf37-40d8-a3b1-a78bdc47df12@group-A4A71DEF64E6: ConfigurationManager, init=-1: [01e2fa94-bf37-40d8-a3b1-a78bdc47df12|rpc:10.1.0.114:35473|priority:1], old=null, confs=<EMPTY_MAP>
2022-10-10 08:42:17,578 [pool-805-thread-1] INFO  server.RaftServerConfigKeys (ConfUtils.java:logGet(46)) - raft.server.storage.dir = [/home/runner/work/ozone/ozone/hadoop-ozone/integration-test/target/test-dir/MiniOzoneClusterImpl-900ef34e-234b-421b-bced-fede2d4c92a4/datanode-2/data/ratis] (custom)
2022-10-10 08:42:17,578 [pool-805-thread-1] INFO  server.RaftServerConfigKeys (ConfUtils.java:logGet(46)) - raft.server.log.corruption.policy = EXCEPTION (default)
2022-10-10 08:42:17,578 [pool-805-thread-1] INFO  server.RaftServerConfigKeys (ConfUtils.java:logGet(46)) - raft.server.storage.free-space.min = 0MB (=0) (default)
2022-10-10 08:42:17,579 [pool-805-thread-1] INFO  storage.RaftStorageDirectory (RaftStorageDirectoryImpl.java:analyzeStorage(135)) - The storage directory /home/runner/work/ozone/ozone/hadoop-ozone/integration-test/target/test-dir/MiniOzoneClusterImpl-900ef34e-234b-421b-bced-fede2d4c92a4/datanode-2/data/ratis/e1955994-fbd1-4307-bd03-a4a71def64e6 does not exist. Creating ...
2022-10-10 08:42:17,588 [pool-805-thread-1] INFO  storage.RaftStorageDirectory (RaftStorageDirectoryImpl.java:tryLock(230)) - Lock on /home/runner/work/ozone/ozone/hadoop-ozone/integration-test/target/test-dir/MiniOzoneClusterImpl-900ef34e-234b-421b-bced-fede2d4c92a4/datanode-2/data/ratis/e1955994-fbd1-4307-bd03-a4a71def64e6/in_use.lock acquired by nodename 13217@fv-az292-843
2022-10-10 08:42:17,590 [pool-805-thread-1] INFO  storage.RaftStorage (RaftStorageImpl.java:format(89)) - Storage directory /home/runner/work/ozone/ozone/hadoop-ozone/integration-test/target/test-dir/MiniOzoneClusterImpl-900ef34e-234b-421b-bced-fede2d4c92a4/datanode-2/data/ratis/e1955994-fbd1-4307-bd03-a4a71def64e6 has been successfully formatted.
2022-10-10 08:42:17,590 [pool-805-thread-1] INFO  ratis.ContainerStateMachine (ContainerStateMachine.java:loadSnapshot(236)) - group-A4A71DEF64E6: The snapshot info is null. Setting the last applied indexto:(t:0, i:~)
2022-10-10 08:42:17,591 [EventQueue-PipelineReportForPipelineReportHandler] INFO  pipeline.PipelineManagerImpl (PipelineManagerImpl.java:openPipeline(367)) - Pipeline Pipeline[ Id: e1955994-fbd1-4307-bd03-a4a71def64e6, Nodes: 01e2fa94-bf37-40d8-a3b1-a78bdc47df12{ip: 10.1.0.114, host: fv-az292-843.tqgtyn10aqxuxoi0mkfbldi5vh.jx.internal.cloudapp.net, ports: [REPLICATION=44011, RATIS=35473, RATIS_ADMIN=35473, RATIS_SERVER=35473, STANDALONE=44865], networkLocation: /default-rack, certSerialId: null, persistedOpState: IN_SERVICE, persistedOpStateExpiryEpochSec: 0}, ReplicationConfig: RATIS/ONE, State:ALLOCATED, leaderId:01e2fa94-bf37-40d8-a3b1-a78bdc47df12, CreationTimestamp2022-10-10T08:42:14.621Z[Etc/UTC]] moved to OPEN state
2022-10-10 08:42:17,592 [EventQueue-OpenPipelineForHealthyPipelineSafeModeRule] INFO  safemode.SCMSafeModeManager (HealthyPipelineSafeModeRule.java:process(137)) - SCM in safe mode. Healthy pipelines reported count is 0, required healthy pipeline reported count is 1
2022-10-10 08:42:17,604 [pool-805-thread-1] INFO  server.RaftServerConfigKeys (ConfUtils.java:logGet(46)) - raft.server.notification.no-leader.timeout = 300s (custom)
2022-10-10 08:42:17,604 [pool-805-thread-1] INFO  server.RaftServerConfigKeys (ConfUtils.java:logGet(46)) - raft.server.log.use.memory = false (default)
2022-10-10 08:42:17,604 [pool-805-thread-1] INFO  server.RaftServerConfigKeys (ConfUtils.java:logGet(46)) - raft.server.log.purge.gap = 1000000 (custom)
2022-10-10 08:42:17,604 [pool-805-thread-1] INFO  server.RaftServerConfigKeys (ConfUtils.java:logGet(46)) - raft.server.log.appender.buffer.byte-limit = 33554432 (custom)
2022-10-10 08:42:17,604 [pool-805-thread-1] INFO  server.RaftServerConfigKeys (ConfUtils.java:logGet(46)) - raft.server.log.statemachine.data.read.timeout = 1000ms (default)
2022-10-10 08:42:17,605 [pool-805-thread-1] INFO  server.RaftServerConfigKeys (ConfUtils.java:logGet(46)) - raft.server.log.segment.size.max = 1048576 (custom)
2022-10-10 08:42:17,605 [pool-805-thread-1] INFO  server.RaftServerConfigKeys (ConfUtils.java:logGet(46)) - raft.server.log.segment.cache.num.max = 2 (custom)
2022-10-10 08:42:17,605 [pool-805-thread-1] INFO  server.RaftServerConfigKeys (ConfUtils.java:logGet(46)) - raft.server.log.segment.cache.size.max = 200MB (=209715200) (default)
2022-10-10 08:42:17,605 [pool-805-thread-1] INFO  segmented.SegmentedRaftLogWorker (SegmentedRaftLogWorker.java:<init>(187)) - new 01e2fa94-bf37-40d8-a3b1-a78bdc47df12@group-A4A71DEF64E6-SegmentedRaftLogWorker for RaftStorageImpl:Storage Directory /home/runner/work/ozone/ozone/hadoop-ozone/integration-test/target/test-dir/MiniOzoneClusterImpl-900ef34e-234b-421b-bced-fede2d4c92a4/datanode-2/data/ratis/e1955994-fbd1-4307-bd03-a4a71def64e6
2022-10-10 08:42:17,606 [pool-805-thread-1] INFO  server.RaftServerConfigKeys (ConfUtils.java:logGet(46)) - raft.server.log.queue.byte-limit = 4294967296 (custom)
2022-10-10 08:42:17,606 [pool-805-thread-1] INFO  server.RaftServerConfigKeys (ConfUtils.java:logGet(46)) - raft.server.log.queue.element-limit = 1024 (custom)
2022-10-10 08:42:17,606 [pool-805-thread-1] INFO  server.RaftServerConfigKeys (ConfUtils.java:logGet(46)) - raft.server.log.segment.size.max = 1048576 (custom)
2022-10-10 08:42:17,606 [pool-805-thread-1] INFO  server.RaftServerConfigKeys (ConfUtils.java:logGet(46)) - raft.server.log.preallocated.size = 16384 (custom)
2022-10-10 08:42:17,606 [pool-805-thread-1] INFO  server.RaftServerConfigKeys (ConfUtils.java:logGet(46)) - raft.server.log.force.sync.num = 128 (default)
2022-10-10 08:42:17,606 [pool-805-thread-1] INFO  server.RaftServerConfigKeys (ConfUtils.java:logGet(46)) - raft.server.log.statemachine.data.sync = true (default)
2022-10-10 08:42:17,606 [pool-805-thread-1] INFO  server.RaftServerConfigKeys (ConfUtils.java:logGet(46)) - raft.server.log.statemachine.data.sync.timeout = 10s (default)
2022-10-10 08:42:17,606 [pool-805-thread-1] INFO  server.RaftServerConfigKeys (ConfUtils.java:logGet(46)) - raft.server.log.statemachine.data.sync.timeout.retry = -1 (default)
2022-10-10 08:42:17,607 [pool-805-thread-1] INFO  server.RaftServerConfigKeys (ConfUtils.java:logGet(46)) - raft.server.log.write.buffer.size = 1048576 (custom)
2022-10-10 08:42:17,607 [pool-805-thread-1] INFO  server.RaftServerConfigKeys (ConfUtils.java:logGet(46)) - raft.server.log.unsafe-flush.enabled = false (default)
2022-10-10 08:42:17,608 [pool-805-thread-1] INFO  server.RaftServerConfigKeys (ConfUtils.java:logGet(46)) - raft.server.log.statemachine.data.caching.enabled = true (custom)
2022-10-10 08:42:17,608 [pool-805-thread-1] INFO  segmented.SegmentedRaftLogWorker (SegmentedRaftLogWorker.java:lambda$new$0(135)) - 01e2fa94-bf37-40d8-a3b1-a78bdc47df12@group-A4A71DEF64E6-SegmentedRaftLogWorker: flushIndex: setUnconditionally 0 -> -1
2022-10-10 08:42:17,608 [pool-805-thread-1] INFO  segmented.SegmentedRaftLogWorker (SegmentedRaftLogWorker.java:lambda$new$0(135)) - 01e2fa94-bf37-40d8-a3b1-a78bdc47df12@group-A4A71DEF64E6-SegmentedRaftLogWorker: safeCacheEvictIndex: setUnconditionally 0 -> -1
2022-10-10 08:42:17,608 [pool-805-thread-1] INFO  server.RaftServerConfigKeys (ConfUtils.java:logGet(46)) - raft.server.snapshot.auto.trigger.enabled = true (custom)
2022-10-10 08:42:17,608 [pool-805-thread-1] INFO  server.RaftServerConfigKeys (ConfUtils.java:logGet(46)) - raft.server.snapshot.auto.trigger.threshold = 10000 (custom)
2022-10-10 08:42:17,608 [pool-805-thread-1] INFO  server.RaftServerConfigKeys (ConfUtils.java:logGet(46)) - raft.server.snapshot.retention.file.num = 5 (custom)
2022-10-10 08:42:17,608 [pool-805-thread-1] INFO  server.RaftServerConfigKeys (ConfUtils.java:logGet(46)) - raft.server.log.purge.upto.snapshot.index = false (default)
2022-10-10 08:42:17,608 [pool-805-thread-1] INFO  server.RaftServerConfigKeys (ConfUtils.java:logGet(46)) - raft.server.retrycache.expirytime = 600000ms (custom)
2022-10-10 08:42:17,608 [pool-805-thread-1] INFO  server.RaftServerConfigKeys (ConfUtils.java:logGet(46)) - raft.server.retrycache.statistics.expirytime = 100μs (default)
2022-10-10 08:42:17,610 [pool-805-thread-1] INFO  server.RaftServerConfigKeys (ConfUtils.java:logGet(46)) - raft.server.log.appender.install.snapshot.enabled = false (custom)
2022-10-10 08:42:17,610 [pool-805-thread-1] INFO  server.RaftServerConfigKeys (ConfUtils.java:logGet(46)) - raft.server.threadpool.server.cached = true (default)
2022-10-10 08:42:17,610 [pool-805-thread-1] INFO  server.RaftServerConfigKeys (ConfUtils.java:logGet(46)) - raft.server.threadpool.server.size = 0 (default)
2022-10-10 08:42:17,610 [pool-805-thread-1] INFO  server.RaftServerConfigKeys (ConfUtils.java:logGet(46)) - raft.server.threadpool.client.cached = true (default)
2022-10-10 08:42:17,610 [pool-805-thread-1] INFO  server.RaftServerConfigKeys (ConfUtils.java:logGet(46)) - raft.server.threadpool.client.size = 0 (default)
2022-10-10 08:42:17,610 [pool-805-thread-1] INFO  server.RaftServer$Division (RaftServerImpl.java:start(310)) - 01e2fa94-bf37-40d8-a3b1-a78bdc47df12@group-A4A71DEF64E6: start as a follower, conf=-1: [01e2fa94-bf37-40d8-a3b1-a78bdc47df12|rpc:10.1.0.114:35473|priority:1], old=null
2022-10-10 08:42:17,610 [pool-805-thread-1] INFO  server.RaftServer$Division (RaftServerImpl.java:setRole(299)) - 01e2fa94-bf37-40d8-a3b1-a78bdc47df12@group-A4A71DEF64E6: changes role from      null to FOLLOWER at term 0 for startAsFollower
2022-10-10 08:42:17,610 [pool-805-thread-1] INFO  impl.RoleInfo (RoleInfo.java:updateAndGet(139)) - 01e2fa94-bf37-40d8-a3b1-a78bdc47df12: start 01e2fa94-bf37-40d8-a3b1-a78bdc47df12@group-A4A71DEF64E6-FollowerState
2022-10-10 08:42:17,617 [pool-805-thread-1] INFO  util.JmxRegister (JmxRegister.java:tryRegister(44)) - Successfully registered JMX Bean with object name Ratis:service=RaftServer,group=group-A4A71DEF64E6,id=01e2fa94-bf37-40d8-a3b1-a78bdc47df12
2022-10-10 08:42:17,617 [Command processor thread] INFO  ratis.XceiverServerRatis (XceiverServerRatis.java:addGroup(765)) - Created group PipelineID=e1955994-fbd1-4307-bd03-a4a71def64e6
2022-10-10 08:42:17,618 [Command processor thread] INFO  commandhandler.CreatePipelineCommandHandler (CreatePipelineCommandHandler.java:handle(113)) - Created Pipeline RATIS ONE PipelineID=e1955994-fbd1-4307-bd03-a4a71def64e6.
2022-10-10 08:42:18,353 [Command processor thread] INFO  server.RaftServer (RaftServerProxy.java:addNew(96)) - a9a6cd5b-fe0e-4332-bca3-bc21e3040c64: addNew group-067685ED9E5B:[a9a6cd5b-fe0e-4332-bca3-bc21e3040c64|rpc:10.1.0.114:35833|priority:1] returns group-067685ED9E5B:java.util.concurrent.CompletableFuture@4d297cfa[Not completed]
2022-10-10 08:42:18,355 [pool-828-thread-1] INFO  server.RaftServer$Division (RaftServerImpl.java:<init>(190)) - a9a6cd5b-fe0e-4332-bca3-bc21e3040c64: new RaftServerImpl for group-067685ED9E5B:[a9a6cd5b-fe0e-4332-bca3-bc21e3040c64|rpc:10.1.0.114:35833|priority:1] with ContainerStateMachine:uninitialized
2022-10-10 08:42:18,355 [pool-828-thread-1] INFO  server.RaftServerConfigKeys (ConfUtils.java:logGet(46)) - raft.server.rpc.timeout.min = 5s (custom)
2022-10-10 08:42:18,355 [pool-828-thread-1] INFO  server.RaftServerConfigKeys (ConfUtils.java:logGet(46)) - raft.server.rpc.timeout.max = 5200ms (custom)
2022-10-10 08:42:18,356 [pool-828-thread-1] INFO  server.RaftServerConfigKeys (ConfUtils.java:logGet(46)) - raft.server.rpc.sleep.time = 25ms (default)
2022-10-10 08:42:18,356 [pool-828-thread-1] INFO  server.RaftServerConfigKeys (ConfUtils.java:logGet(46)) - raft.server.rpc.slowness.timeout = 300s (custom)
2022-10-10 08:42:18,356 [pool-828-thread-1] INFO  server.RaftServerConfigKeys (ConfUtils.java:logGet(46)) - raft.server.leaderelection.leader.step-down.wait-time = 10s (default)
2022-10-10 08:42:18,356 [pool-828-thread-1] INFO  server.RaftServerConfigKeys (ConfUtils.java:logGet(46)) - raft.server.sleep.deviation.threshold = 300ms (default)
2022-10-10 08:42:18,356 [pool-828-thread-1] INFO  server.RaftServer$Division (ServerState.java:<init>(107)) - a9a6cd5b-fe0e-4332-bca3-bc21e3040c64@group-067685ED9E5B: ConfigurationManager, init=-1: [a9a6cd5b-fe0e-4332-bca3-bc21e3040c64|rpc:10.1.0.114:35833|priority:1], old=null, confs=<EMPTY_MAP>
2022-10-10 08:42:18,356 [pool-828-thread-1] INFO  server.RaftServerConfigKeys (ConfUtils.java:logGet(46)) - raft.server.storage.dir = [/home/runner/work/ozone/ozone/hadoop-ozone/integration-test/target/test-dir/MiniOzoneClusterImpl-900ef34e-234b-421b-bced-fede2d4c92a4/datanode-3/data/ratis] (custom)
2022-10-10 08:42:18,356 [pool-828-thread-1] INFO  server.RaftServerConfigKeys (ConfUtils.java:logGet(46)) - raft.server.log.corruption.policy = EXCEPTION (default)
2022-10-10 08:42:18,356 [pool-828-thread-1] INFO  server.RaftServerConfigKeys (ConfUtils.java:logGet(46)) - raft.server.storage.free-space.min = 0MB (=0) (default)
2022-10-10 08:42:18,356 [pool-828-thread-1] INFO  storage.RaftStorageDirectory (RaftStorageDirectoryImpl.java:analyzeStorage(135)) - The storage directory /home/runner/work/ozone/ozone/hadoop-ozone/integration-test/target/test-dir/MiniOzoneClusterImpl-900ef34e-234b-421b-bced-fede2d4c92a4/datanode-3/data/ratis/bdd2f1a1-3906-4056-8188-067685ed9e5b does not exist. Creating ...
2022-10-10 08:42:18,357 [pool-828-thread-1] INFO  storage.RaftStorageDirectory (RaftStorageDirectoryImpl.java:tryLock(230)) - Lock on /home/runner/work/ozone/ozone/hadoop-ozone/integration-test/target/test-dir/MiniOzoneClusterImpl-900ef34e-234b-421b-bced-fede2d4c92a4/datanode-3/data/ratis/bdd2f1a1-3906-4056-8188-067685ed9e5b/in_use.lock acquired by nodename 13217@fv-az292-843
2022-10-10 08:42:18,359 [pool-828-thread-1] INFO  storage.RaftStorage (RaftStorageImpl.java:format(89)) - Storage directory /home/runner/work/ozone/ozone/hadoop-ozone/integration-test/target/test-dir/MiniOzoneClusterImpl-900ef34e-234b-421b-bced-fede2d4c92a4/datanode-3/data/ratis/bdd2f1a1-3906-4056-8188-067685ed9e5b has been successfully formatted.
2022-10-10 08:42:18,377 [pool-828-thread-1] INFO  ratis.ContainerStateMachine (ContainerStateMachine.java:loadSnapshot(236)) - group-067685ED9E5B: The snapshot info is null. Setting the last applied indexto:(t:0, i:~)
2022-10-10 08:42:18,377 [pool-828-thread-1] INFO  server.RaftServerConfigKeys (ConfUtils.java:logGet(46)) - raft.server.notification.no-leader.timeout = 300s (custom)
2022-10-10 08:42:18,377 [pool-828-thread-1] INFO  server.RaftServerConfigKeys (ConfUtils.java:logGet(46)) - raft.server.log.use.memory = false (default)
2022-10-10 08:42:18,377 [pool-828-thread-1] INFO  server.RaftServerConfigKeys (ConfUtils.java:logGet(46)) - raft.server.log.purge.gap = 1000000 (custom)
2022-10-10 08:42:18,377 [pool-828-thread-1] INFO  server.RaftServerConfigKeys (ConfUtils.java:logGet(46)) - raft.server.log.appender.buffer.byte-limit = 33554432 (custom)
2022-10-10 08:42:18,377 [pool-828-thread-1] INFO  server.RaftServerConfigKeys (ConfUtils.java:logGet(46)) - raft.server.log.statemachine.data.read.timeout = 1000ms (default)
2022-10-10 08:42:18,377 [pool-828-thread-1] INFO  server.RaftServerConfigKeys (ConfUtils.java:logGet(46)) - raft.server.log.segment.size.max = 1048576 (custom)
2022-10-10 08:42:18,378 [pool-828-thread-1] INFO  server.RaftServerConfigKeys (ConfUtils.java:logGet(46)) - raft.server.log.segment.cache.num.max = 2 (custom)
2022-10-10 08:42:18,378 [pool-828-thread-1] INFO  server.RaftServerConfigKeys (ConfUtils.java:logGet(46)) - raft.server.log.segment.cache.size.max = 200MB (=209715200) (default)
2022-10-10 08:42:18,378 [pool-828-thread-1] INFO  segmented.SegmentedRaftLogWorker (SegmentedRaftLogWorker.java:<init>(187)) - new a9a6cd5b-fe0e-4332-bca3-bc21e3040c64@group-067685ED9E5B-SegmentedRaftLogWorker for RaftStorageImpl:Storage Directory /home/runner/work/ozone/ozone/hadoop-ozone/integration-test/target/test-dir/MiniOzoneClusterImpl-900ef34e-234b-421b-bced-fede2d4c92a4/datanode-3/data/ratis/bdd2f1a1-3906-4056-8188-067685ed9e5b
2022-10-10 08:42:18,378 [pool-828-thread-1] INFO  server.RaftServerConfigKeys (ConfUtils.java:logGet(46)) - raft.server.log.queue.byte-limit = 4294967296 (custom)
2022-10-10 08:42:18,378 [pool-828-thread-1] INFO  server.RaftServerConfigKeys (ConfUtils.java:logGet(46)) - raft.server.log.queue.element-limit = 1024 (custom)
2022-10-10 08:42:18,378 [pool-828-thread-1] INFO  server.RaftServerConfigKeys (ConfUtils.java:logGet(46)) - raft.server.log.segment.size.max = 1048576 (custom)
2022-10-10 08:42:18,378 [pool-828-thread-1] INFO  server.RaftServerConfigKeys (ConfUtils.java:logGet(46)) - raft.server.log.preallocated.size = 16384 (custom)
2022-10-10 08:42:18,378 [pool-828-thread-1] INFO  server.RaftServerConfigKeys (ConfUtils.java:logGet(46)) - raft.server.log.force.sync.num = 128 (default)
2022-10-10 08:42:18,378 [pool-828-thread-1] INFO  server.RaftServerConfigKeys (ConfUtils.java:logGet(46)) - raft.server.log.statemachine.data.sync = true (default)
2022-10-10 08:42:18,378 [pool-828-thread-1] INFO  server.RaftServerConfigKeys (ConfUtils.java:logGet(46)) - raft.server.log.statemachine.data.sync.timeout = 10s (default)
2022-10-10 08:42:18,379 [pool-828-thread-1] INFO  server.RaftServerConfigKeys (ConfUtils.java:logGet(46)) - raft.server.log.statemachine.data.sync.timeout.retry = -1 (default)
2022-10-10 08:42:18,380 [pool-828-thread-1] INFO  server.RaftServerConfigKeys (ConfUtils.java:logGet(46)) - raft.server.log.write.buffer.size = 1048576 (custom)
2022-10-10 08:42:18,381 [pool-828-thread-1] INFO  server.RaftServerConfigKeys (ConfUtils.java:logGet(46)) - raft.server.log.unsafe-flush.enabled = false (default)
2022-10-10 08:42:18,381 [pool-828-thread-1] INFO  server.RaftServerConfigKeys (ConfUtils.java:logGet(46)) - raft.server.log.statemachine.data.caching.enabled = true (custom)
2022-10-10 08:42:18,381 [pool-828-thread-1] INFO  segmented.SegmentedRaftLogWorker (SegmentedRaftLogWorker.java:lambda$new$0(135)) - a9a6cd5b-fe0e-4332-bca3-bc21e3040c64@group-067685ED9E5B-SegmentedRaftLogWorker: flushIndex: setUnconditionally 0 -> -1
2022-10-10 08:42:18,381 [pool-828-thread-1] INFO  segmented.SegmentedRaftLogWorker (SegmentedRaftLogWorker.java:lambda$new$0(135)) - a9a6cd5b-fe0e-4332-bca3-bc21e3040c64@group-067685ED9E5B-SegmentedRaftLogWorker: safeCacheEvictIndex: setUnconditionally 0 -> -1
2022-10-10 08:42:18,381 [pool-828-thread-1] INFO  server.RaftServerConfigKeys (ConfUtils.java:logGet(46)) - raft.server.snapshot.auto.trigger.enabled = true (custom)
2022-10-10 08:42:18,381 [pool-828-thread-1] INFO  server.RaftServerConfigKeys (ConfUtils.java:logGet(46)) - raft.server.snapshot.auto.trigger.threshold = 10000 (custom)
2022-10-10 08:42:18,382 [pool-828-thread-1] INFO  server.RaftServerConfigKeys (ConfUtils.java:logGet(46)) - raft.server.snapshot.retention.file.num = 5 (custom)
2022-10-10 08:42:18,382 [pool-828-thread-1] INFO  server.RaftServerConfigKeys (ConfUtils.java:logGet(46)) - raft.server.log.purge.upto.snapshot.index = false (default)
2022-10-10 08:42:18,382 [pool-828-thread-1] INFO  server.RaftServerConfigKeys (ConfUtils.java:logGet(46)) - raft.server.retrycache.expirytime = 600000ms (custom)
2022-10-10 08:42:18,382 [pool-828-thread-1] INFO  server.RaftServerConfigKeys (ConfUtils.java:logGet(46)) - raft.server.retrycache.statistics.expirytime = 100μs (default)
2022-10-10 08:42:18,383 [pool-828-thread-1] INFO  server.RaftServerConfigKeys (ConfUtils.java:logGet(46)) - raft.server.log.appender.install.snapshot.enabled = false (custom)
2022-10-10 08:42:18,383 [pool-828-thread-1] INFO  server.RaftServerConfigKeys (ConfUtils.java:logGet(46)) - raft.server.threadpool.server.cached = true (default)
2022-10-10 08:42:18,383 [pool-828-thread-1] INFO  server.RaftServerConfigKeys (ConfUtils.java:logGet(46)) - raft.server.threadpool.server.size = 0 (default)
2022-10-10 08:42:18,383 [pool-828-thread-1] INFO  server.RaftServerConfigKeys (ConfUtils.java:logGet(46)) - raft.server.threadpool.client.cached = true (default)
2022-10-10 08:42:18,383 [pool-828-thread-1] INFO  server.RaftServerConfigKeys (ConfUtils.java:logGet(46)) - raft.server.threadpool.client.size = 0 (default)
2022-10-10 08:42:18,384 [pool-828-thread-1] INFO  server.RaftServer$Division (RaftServerImpl.java:start(310)) - a9a6cd5b-fe0e-4332-bca3-bc21e3040c64@group-067685ED9E5B: start as a follower, conf=-1: [a9a6cd5b-fe0e-4332-bca3-bc21e3040c64|rpc:10.1.0.114:35833|priority:1], old=null
2022-10-10 08:42:18,386 [pool-828-thread-1] INFO  server.RaftServer$Division (RaftServerImpl.java:setRole(299)) - a9a6cd5b-fe0e-4332-bca3-bc21e3040c64@group-067685ED9E5B: changes role from      null to FOLLOWER at term 0 for startAsFollower
2022-10-10 08:42:18,386 [pool-828-thread-1] INFO  impl.RoleInfo (RoleInfo.java:updateAndGet(139)) - a9a6cd5b-fe0e-4332-bca3-bc21e3040c64: start a9a6cd5b-fe0e-4332-bca3-bc21e3040c64@group-067685ED9E5B-FollowerState
2022-10-10 08:42:18,391 [EventQueue-PipelineReportForPipelineReportHandler] INFO  pipeline.PipelineManagerImpl (PipelineManagerImpl.java:openPipeline(367)) - Pipeline Pipeline[ Id: bdd2f1a1-3906-4056-8188-067685ed9e5b, Nodes: a9a6cd5b-fe0e-4332-bca3-bc21e3040c64{ip: 10.1.0.114, host: fv-az292-843.tqgtyn10aqxuxoi0mkfbldi5vh.jx.internal.cloudapp.net, ports: [REPLICATION=46095, RATIS=35833, RATIS_ADMIN=35833, RATIS_SERVER=35833, STANDALONE=35005], networkLocation: /default-rack, certSerialId: null, persistedOpState: IN_SERVICE, persistedOpStateExpiryEpochSec: 0}, ReplicationConfig: RATIS/ONE, State:ALLOCATED, leaderId:a9a6cd5b-fe0e-4332-bca3-bc21e3040c64, CreationTimestamp2022-10-10T08:42:15.352Z[Etc/UTC]] moved to OPEN state
2022-10-10 08:42:18,393 [EventQueue-OpenPipelineForHealthyPipelineSafeModeRule] INFO  safemode.SCMSafeModeManager (HealthyPipelineSafeModeRule.java:process(137)) - SCM in safe mode. Healthy pipelines reported count is 0, required healthy pipeline reported count is 1
2022-10-10 08:42:18,394 [pool-828-thread-1] INFO  util.JmxRegister (JmxRegister.java:tryRegister(44)) - Successfully registered JMX Bean with object name Ratis:service=RaftServer,group=group-067685ED9E5B,id=a9a6cd5b-fe0e-4332-bca3-bc21e3040c64
2022-10-10 08:42:18,402 [Command processor thread] INFO  ratis.XceiverServerRatis (XceiverServerRatis.java:addGroup(765)) - Created group PipelineID=bdd2f1a1-3906-4056-8188-067685ed9e5b
2022-10-10 08:42:18,403 [Command processor thread] INFO  commandhandler.CreatePipelineCommandHandler (CreatePipelineCommandHandler.java:handle(113)) - Created Pipeline RATIS ONE PipelineID=bdd2f1a1-3906-4056-8188-067685ed9e5b.
2022-10-10 08:42:18,457 [Listener at 127.0.0.1/37485] INFO  ozone.MiniOzoneClusterImpl (MiniOzoneClusterImpl.java:lambda$waitForClusterToBeReady$0(216)) - Nodes are ready. Got 5 of 5 DN Heartbeats.
2022-10-10 08:42:18,457 [Listener at 127.0.0.1/37485] INFO  ozone.MiniOzoneClusterImpl (MiniOzoneClusterImpl.java:lambda$waitForClusterToBeReady$0(219)) - Waiting for cluster to exit safe mode
2022-10-10 08:42:18,457 [Listener at 127.0.0.1/37485] INFO  ozone.MiniOzoneClusterImpl (MiniOzoneClusterImpl.java:lambda$waitForClusterToBeReady$0(221)) - SCM became leader
2022-10-10 08:42:19,458 [Listener at 127.0.0.1/37485] INFO  ozone.MiniOzoneClusterImpl (MiniOzoneClusterImpl.java:lambda$waitForClusterToBeReady$0(216)) - Nodes are ready. Got 5 of 5 DN Heartbeats.
2022-10-10 08:42:19,458 [Listener at 127.0.0.1/37485] INFO  ozone.MiniOzoneClusterImpl (MiniOzoneClusterImpl.java:lambda$waitForClusterToBeReady$0(219)) - Waiting for cluster to exit safe mode
2022-10-10 08:42:19,458 [Listener at 127.0.0.1/37485] INFO  ozone.MiniOzoneClusterImpl (MiniOzoneClusterImpl.java:lambda$waitForClusterToBeReady$0(221)) - SCM became leader
2022-10-10 08:42:19,461 [Command processor thread] INFO  server.RaftServer (RaftServerProxy.java:addNew(96)) - 9cbf5f09-7b00-486b-b3c2-fec1d2782637: addNew group-84EA60859048:[9cbf5f09-7b00-486b-b3c2-fec1d2782637|rpc:10.1.0.114:40267|priority:1] returns group-84EA60859048:java.util.concurrent.CompletableFuture@768896de[Not completed]
2022-10-10 08:42:19,462 [pool-856-thread-1] INFO  server.RaftServer$Division (RaftServerImpl.java:<init>(190)) - 9cbf5f09-7b00-486b-b3c2-fec1d2782637: new RaftServerImpl for group-84EA60859048:[9cbf5f09-7b00-486b-b3c2-fec1d2782637|rpc:10.1.0.114:40267|priority:1] with ContainerStateMachine:uninitialized
2022-10-10 08:42:19,462 [pool-856-thread-1] INFO  server.RaftServerConfigKeys (ConfUtils.java:logGet(46)) - raft.server.rpc.timeout.min = 5s (custom)
2022-10-10 08:42:19,462 [pool-856-thread-1] INFO  server.RaftServerConfigKeys (ConfUtils.java:logGet(46)) - raft.server.rpc.timeout.max = 5200ms (custom)
2022-10-10 08:42:19,462 [pool-856-thread-1] INFO  server.RaftServerConfigKeys (ConfUtils.java:logGet(46)) - raft.server.rpc.sleep.time = 25ms (default)
2022-10-10 08:42:19,463 [pool-856-thread-1] INFO  server.RaftServerConfigKeys (ConfUtils.java:logGet(46)) - raft.server.rpc.slowness.timeout = 300s (custom)
2022-10-10 08:42:19,463 [pool-856-thread-1] INFO  server.RaftServerConfigKeys (ConfUtils.java:logGet(46)) - raft.server.leaderelection.leader.step-down.wait-time = 10s (default)
2022-10-10 08:42:19,463 [pool-856-thread-1] INFO  server.RaftServerConfigKeys (ConfUtils.java:logGet(46)) - raft.server.sleep.deviation.threshold = 300ms (default)
2022-10-10 08:42:19,463 [pool-856-thread-1] INFO  server.RaftServer$Division (ServerState.java:<init>(107)) - 9cbf5f09-7b00-486b-b3c2-fec1d2782637@group-84EA60859048: ConfigurationManager, init=-1: [9cbf5f09-7b00-486b-b3c2-fec1d2782637|rpc:10.1.0.114:40267|priority:1], old=null, confs=<EMPTY_MAP>
2022-10-10 08:42:19,463 [pool-856-thread-1] INFO  server.RaftServerConfigKeys (ConfUtils.java:logGet(46)) - raft.server.storage.dir = [/home/runner/work/ozone/ozone/hadoop-ozone/integration-test/target/test-dir/MiniOzoneClusterImpl-900ef34e-234b-421b-bced-fede2d4c92a4/datanode-4/data/ratis] (custom)
2022-10-10 08:42:19,463 [pool-856-thread-1] INFO  server.RaftServerConfigKeys (ConfUtils.java:logGet(46)) - raft.server.log.corruption.policy = EXCEPTION (default)
2022-10-10 08:42:19,463 [pool-856-thread-1] INFO  server.RaftServerConfigKeys (ConfUtils.java:logGet(46)) - raft.server.storage.free-space.min = 0MB (=0) (default)
2022-10-10 08:42:19,463 [pool-856-thread-1] INFO  storage.RaftStorageDirectory (RaftStorageDirectoryImpl.java:analyzeStorage(135)) - The storage directory /home/runner/work/ozone/ozone/hadoop-ozone/integration-test/target/test-dir/MiniOzoneClusterImpl-900ef34e-234b-421b-bced-fede2d4c92a4/datanode-4/data/ratis/3f0c4659-ce32-4fcf-91e2-84ea60859048 does not exist. Creating ...
2022-10-10 08:42:19,468 [pool-856-thread-1] INFO  storage.RaftStorageDirectory (RaftStorageDirectoryImpl.java:tryLock(230)) - Lock on /home/runner/work/ozone/ozone/hadoop-ozone/integration-test/target/test-dir/MiniOzoneClusterImpl-900ef34e-234b-421b-bced-fede2d4c92a4/datanode-4/data/ratis/3f0c4659-ce32-4fcf-91e2-84ea60859048/in_use.lock acquired by nodename 13217@fv-az292-843
2022-10-10 08:42:19,470 [pool-856-thread-1] INFO  storage.RaftStorage (RaftStorageImpl.java:format(89)) - Storage directory /home/runner/work/ozone/ozone/hadoop-ozone/integration-test/target/test-dir/MiniOzoneClusterImpl-900ef34e-234b-421b-bced-fede2d4c92a4/datanode-4/data/ratis/3f0c4659-ce32-4fcf-91e2-84ea60859048 has been successfully formatted.
2022-10-10 08:42:19,497 [pool-856-thread-1] INFO  ratis.ContainerStateMachine (ContainerStateMachine.java:loadSnapshot(236)) - group-84EA60859048: The snapshot info is null. Setting the last applied indexto:(t:0, i:~)
2022-10-10 08:42:19,497 [pool-856-thread-1] INFO  server.RaftServerConfigKeys (ConfUtils.java:logGet(46)) - raft.server.notification.no-leader.timeout = 300s (custom)
2022-10-10 08:42:19,498 [pool-856-thread-1] INFO  server.RaftServerConfigKeys (ConfUtils.java:logGet(46)) - raft.server.log.use.memory = false (default)
2022-10-10 08:42:19,498 [pool-856-thread-1] INFO  server.RaftServerConfigKeys (ConfUtils.java:logGet(46)) - raft.server.log.purge.gap = 1000000 (custom)
2022-10-10 08:42:19,498 [pool-856-thread-1] INFO  server.RaftServerConfigKeys (ConfUtils.java:logGet(46)) - raft.server.log.appender.buffer.byte-limit = 33554432 (custom)
2022-10-10 08:42:19,498 [pool-856-thread-1] INFO  server.RaftServerConfigKeys (ConfUtils.java:logGet(46)) - raft.server.log.statemachine.data.read.timeout = 1000ms (default)
2022-10-10 08:42:19,498 [pool-856-thread-1] INFO  server.RaftServerConfigKeys (ConfUtils.java:logGet(46)) - raft.server.log.segment.size.max = 1048576 (custom)
2022-10-10 08:42:19,498 [pool-856-thread-1] INFO  server.RaftServerConfigKeys (ConfUtils.java:logGet(46)) - raft.server.log.segment.cache.num.max = 2 (custom)
2022-10-10 08:42:19,499 [pool-856-thread-1] INFO  server.RaftServerConfigKeys (ConfUtils.java:logGet(46)) - raft.server.log.segment.cache.size.max = 200MB (=209715200) (default)
2022-10-10 08:42:19,499 [pool-856-thread-1] INFO  segmented.SegmentedRaftLogWorker (SegmentedRaftLogWorker.java:<init>(187)) - new 9cbf5f09-7b00-486b-b3c2-fec1d2782637@group-84EA60859048-SegmentedRaftLogWorker for RaftStorageImpl:Storage Directory /home/runner/work/ozone/ozone/hadoop-ozone/integration-test/target/test-dir/MiniOzoneClusterImpl-900ef34e-234b-421b-bced-fede2d4c92a4/datanode-4/data/ratis/3f0c4659-ce32-4fcf-91e2-84ea60859048
2022-10-10 08:42:19,524 [pool-856-thread-1] INFO  server.RaftServerConfigKeys (ConfUtils.java:logGet(46)) - raft.server.log.queue.byte-limit = 4294967296 (custom)
2022-10-10 08:42:19,525 [pool-856-thread-1] INFO  server.RaftServerConfigKeys (ConfUtils.java:logGet(46)) - raft.server.log.queue.element-limit = 1024 (custom)
2022-10-10 08:42:19,525 [pool-856-thread-1] INFO  server.RaftServerConfigKeys (ConfUtils.java:logGet(46)) - raft.server.log.segment.size.max = 1048576 (custom)
2022-10-10 08:42:19,525 [pool-856-thread-1] INFO  server.RaftServerConfigKeys (ConfUtils.java:logGet(46)) - raft.server.log.preallocated.size = 16384 (custom)
2022-10-10 08:42:19,525 [pool-856-thread-1] INFO  server.RaftServerConfigKeys (ConfUtils.java:logGet(46)) - raft.server.log.force.sync.num = 128 (default)
2022-10-10 08:42:19,525 [pool-856-thread-1] INFO  server.RaftServerConfigKeys (ConfUtils.java:logGet(46)) - raft.server.log.statemachine.data.sync = true (default)
2022-10-10 08:42:19,525 [pool-856-thread-1] INFO  server.RaftServerConfigKeys (ConfUtils.java:logGet(46)) - raft.server.log.statemachine.data.sync.timeout = 10s (default)
2022-10-10 08:42:19,525 [pool-856-thread-1] INFO  server.RaftServerConfigKeys (ConfUtils.java:logGet(46)) - raft.server.log.statemachine.data.sync.timeout.retry = -1 (default)
2022-10-10 08:42:19,526 [pool-856-thread-1] INFO  server.RaftServerConfigKeys (ConfUtils.java:logGet(46)) - raft.server.log.write.buffer.size = 1048576 (custom)
2022-10-10 08:42:19,527 [pool-856-thread-1] INFO  server.RaftServerConfigKeys (ConfUtils.java:logGet(46)) - raft.server.log.unsafe-flush.enabled = false (default)
2022-10-10 08:42:19,527 [pool-856-thread-1] INFO  server.RaftServerConfigKeys (ConfUtils.java:logGet(46)) - raft.server.log.statemachine.data.caching.enabled = true (custom)
2022-10-10 08:42:19,527 [pool-856-thread-1] INFO  segmented.SegmentedRaftLogWorker (SegmentedRaftLogWorker.java:lambda$new$0(135)) - 9cbf5f09-7b00-486b-b3c2-fec1d2782637@group-84EA60859048-SegmentedRaftLogWorker: flushIndex: setUnconditionally 0 -> -1
2022-10-10 08:42:19,527 [pool-856-thread-1] INFO  segmented.SegmentedRaftLogWorker (SegmentedRaftLogWorker.java:lambda$new$0(135)) - 9cbf5f09-7b00-486b-b3c2-fec1d2782637@group-84EA60859048-SegmentedRaftLogWorker: safeCacheEvictIndex: setUnconditionally 0 -> -1
2022-10-10 08:42:19,508 [EventQueue-PipelineReportForPipelineReportHandler] INFO  pipeline.PipelineManagerImpl (PipelineManagerImpl.java:openPipeline(367)) - Pipeline Pipeline[ Id: 3f0c4659-ce32-4fcf-91e2-84ea60859048, Nodes: 9cbf5f09-7b00-486b-b3c2-fec1d2782637{ip: 10.1.0.114, host: fv-az292-843.tqgtyn10aqxuxoi0mkfbldi5vh.jx.internal.cloudapp.net, ports: [REPLICATION=41453, RATIS=40267, RATIS_ADMIN=40267, RATIS_SERVER=40267, STANDALONE=35489], networkLocation: /default-rack, certSerialId: null, persistedOpState: IN_SERVICE, persistedOpStateExpiryEpochSec: 0}, ReplicationConfig: RATIS/ONE, State:ALLOCATED, leaderId:9cbf5f09-7b00-486b-b3c2-fec1d2782637, CreationTimestamp2022-10-10T08:42:16.478Z[Etc/UTC]] moved to OPEN state
2022-10-10 08:42:19,528 [EventQueue-OpenPipelineForHealthyPipelineSafeModeRule] INFO  safemode.SCMSafeModeManager (HealthyPipelineSafeModeRule.java:process(137)) - SCM in safe mode. Healthy pipelines reported count is 0, required healthy pipeline reported count is 1
2022-10-10 08:42:19,548 [pool-856-thread-1] INFO  server.RaftServerConfigKeys (ConfUtils.java:logGet(46)) - raft.server.snapshot.auto.trigger.enabled = true (custom)
2022-10-10 08:42:19,548 [pool-856-thread-1] INFO  server.RaftServerConfigKeys (ConfUtils.java:logGet(46)) - raft.server.snapshot.auto.trigger.threshold = 10000 (custom)
2022-10-10 08:42:19,548 [pool-856-thread-1] INFO  server.RaftServerConfigKeys (ConfUtils.java:logGet(46)) - raft.server.snapshot.retention.file.num = 5 (custom)
2022-10-10 08:42:19,548 [pool-856-thread-1] INFO  server.RaftServerConfigKeys (ConfUtils.java:logGet(46)) - raft.server.log.purge.upto.snapshot.index = false (default)
2022-10-10 08:42:19,548 [pool-856-thread-1] INFO  server.RaftServerConfigKeys (ConfUtils.java:logGet(46)) - raft.server.retrycache.expirytime = 600000ms (custom)
2022-10-10 08:42:19,548 [pool-856-thread-1] INFO  server.RaftServerConfigKeys (ConfUtils.java:logGet(46)) - raft.server.retrycache.statistics.expirytime = 100μs (default)
2022-10-10 08:42:19,550 [pool-856-thread-1] INFO  server.RaftServerConfigKeys (ConfUtils.java:logGet(46)) - raft.server.log.appender.install.snapshot.enabled = false (custom)
2022-10-10 08:42:19,550 [pool-856-thread-1] INFO  server.RaftServerConfigKeys (ConfUtils.java:logGet(46)) - raft.server.threadpool.server.cached = true (default)
2022-10-10 08:42:19,550 [pool-856-thread-1] INFO  server.RaftServerConfigKeys (ConfUtils.java:logGet(46)) - raft.server.threadpool.server.size = 0 (default)
2022-10-10 08:42:19,550 [pool-856-thread-1] INFO  server.RaftServerConfigKeys (ConfUtils.java:logGet(46)) - raft.server.threadpool.client.cached = true (default)
2022-10-10 08:42:19,550 [pool-856-thread-1] INFO  server.RaftServerConfigKeys (ConfUtils.java:logGet(46)) - raft.server.threadpool.client.size = 0 (default)
2022-10-10 08:42:19,550 [pool-856-thread-1] INFO  server.RaftServer$Division (RaftServerImpl.java:start(310)) - 9cbf5f09-7b00-486b-b3c2-fec1d2782637@group-84EA60859048: start as a follower, conf=-1: [9cbf5f09-7b00-486b-b3c2-fec1d2782637|rpc:10.1.0.114:40267|priority:1], old=null
2022-10-10 08:42:19,550 [pool-856-thread-1] INFO  server.RaftServer$Division (RaftServerImpl.java:setRole(299)) - 9cbf5f09-7b00-486b-b3c2-fec1d2782637@group-84EA60859048: changes role from      null to FOLLOWER at term 0 for startAsFollower
2022-10-10 08:42:19,550 [pool-856-thread-1] INFO  impl.RoleInfo (RoleInfo.java:updateAndGet(139)) - 9cbf5f09-7b00-486b-b3c2-fec1d2782637: start 9cbf5f09-7b00-486b-b3c2-fec1d2782637@group-84EA60859048-FollowerState
2022-10-10 08:42:19,551 [pool-856-thread-1] INFO  util.JmxRegister (JmxRegister.java:tryRegister(44)) - Successfully registered JMX Bean with object name Ratis:service=RaftServer,group=group-84EA60859048,id=9cbf5f09-7b00-486b-b3c2-fec1d2782637
2022-10-10 08:42:19,556 [Command processor thread] INFO  ratis.XceiverServerRatis (XceiverServerRatis.java:addGroup(765)) - Created group PipelineID=3f0c4659-ce32-4fcf-91e2-84ea60859048
2022-10-10 08:42:19,556 [Command processor thread] INFO  commandhandler.CreatePipelineCommandHandler (CreatePipelineCommandHandler.java:handle(113)) - Created Pipeline RATIS ONE PipelineID=3f0c4659-ce32-4fcf-91e2-84ea60859048.
2022-10-10 08:42:20,460 [Listener at 127.0.0.1/37485] INFO  ozone.MiniOzoneClusterImpl (MiniOzoneClusterImpl.java:lambda$waitForClusterToBeReady$0(216)) - Nodes are ready. Got 5 of 5 DN Heartbeats.
2022-10-10 08:42:20,460 [Listener at 127.0.0.1/37485] INFO  ozone.MiniOzoneClusterImpl (MiniOzoneClusterImpl.java:lambda$waitForClusterToBeReady$0(219)) - Waiting for cluster to exit safe mode
2022-10-10 08:42:20,461 [Listener at 127.0.0.1/37485] INFO  ozone.MiniOzoneClusterImpl (MiniOzoneClusterImpl.java:lambda$waitForClusterToBeReady$0(221)) - SCM became leader
2022-10-10 08:42:21,321 [b810ff59-71dc-43a2-8cb3-16d59e449a1e@group-A5B6F39D5604-FollowerState] INFO  impl.FollowerState (FollowerState.java:run(143)) - b810ff59-71dc-43a2-8cb3-16d59e449a1e@group-A5B6F39D5604-FollowerState: change to CANDIDATE, lastRpcElapsedTime:5055079614ns, electionTimeout:5054ms
2022-10-10 08:42:21,322 [b810ff59-71dc-43a2-8cb3-16d59e449a1e@group-A5B6F39D5604-FollowerState] INFO  impl.RoleInfo (RoleInfo.java:shutdownFollowerState(110)) - b810ff59-71dc-43a2-8cb3-16d59e449a1e: shutdown b810ff59-71dc-43a2-8cb3-16d59e449a1e@group-A5B6F39D5604-FollowerState
2022-10-10 08:42:21,322 [b810ff59-71dc-43a2-8cb3-16d59e449a1e@group-A5B6F39D5604-FollowerState] INFO  server.RaftServer$Division (RaftServerImpl.java:setRole(299)) - b810ff59-71dc-43a2-8cb3-16d59e449a1e@group-A5B6F39D5604: changes role from  FOLLOWER to CANDIDATE at term 0 for changeToCandidate
2022-10-10 08:42:21,322 [b810ff59-71dc-43a2-8cb3-16d59e449a1e@group-A5B6F39D5604-FollowerState] INFO  server.RaftServerConfigKeys (ConfUtils.java:logGet(46)) - raft.server.leaderelection.pre-vote = false (custom)
2022-10-10 08:42:21,322 [b810ff59-71dc-43a2-8cb3-16d59e449a1e@group-A5B6F39D5604-FollowerState] INFO  impl.RoleInfo (RoleInfo.java:updateAndGet(139)) - b810ff59-71dc-43a2-8cb3-16d59e449a1e: start b810ff59-71dc-43a2-8cb3-16d59e449a1e@group-A5B6F39D5604-LeaderElection57
2022-10-10 08:42:21,350 [b810ff59-71dc-43a2-8cb3-16d59e449a1e@group-A5B6F39D5604-LeaderElection57] INFO  impl.LeaderElection (LeaderElection.java:askForVotes(310)) - b810ff59-71dc-43a2-8cb3-16d59e449a1e@group-A5B6F39D5604-LeaderElection57 ELECTION round 0: submit vote requests at term 1 for -1: [60d02c60-4364-4909-b75c-044757b70e38|rpc:10.1.0.114:40107|priority:0, b810ff59-71dc-43a2-8cb3-16d59e449a1e|rpc:10.1.0.114:43627|priority:0, 01e2fa94-bf37-40d8-a3b1-a78bdc47df12|rpc:10.1.0.114:35473|priority:1], old=null
2022-10-10 08:42:21,394 [b810ff59-71dc-43a2-8cb3-16d59e449a1e@group-3D737FDA59A6-FollowerState] INFO  impl.FollowerState (FollowerState.java:run(143)) - b810ff59-71dc-43a2-8cb3-16d59e449a1e@group-3D737FDA59A6-FollowerState: change to CANDIDATE, lastRpcElapsedTime:5147640201ns, electionTimeout:5139ms
2022-10-10 08:42:21,394 [b810ff59-71dc-43a2-8cb3-16d59e449a1e@group-3D737FDA59A6-FollowerState] INFO  impl.RoleInfo (RoleInfo.java:shutdownFollowerState(110)) - b810ff59-71dc-43a2-8cb3-16d59e449a1e: shutdown b810ff59-71dc-43a2-8cb3-16d59e449a1e@group-3D737FDA59A6-FollowerState
2022-10-10 08:42:21,394 [b810ff59-71dc-43a2-8cb3-16d59e449a1e@group-3D737FDA59A6-FollowerState] INFO  server.RaftServer$Division (RaftServerImpl.java:setRole(299)) - b810ff59-71dc-43a2-8cb3-16d59e449a1e@group-3D737FDA59A6: changes role from  FOLLOWER to CANDIDATE at term 0 for changeToCandidate
2022-10-10 08:42:21,394 [b810ff59-71dc-43a2-8cb3-16d59e449a1e@group-3D737FDA59A6-FollowerState] INFO  server.RaftServerConfigKeys (ConfUtils.java:logGet(46)) - raft.server.leaderelection.pre-vote = false (custom)
2022-10-10 08:42:21,394 [b810ff59-71dc-43a2-8cb3-16d59e449a1e@group-3D737FDA59A6-FollowerState] INFO  impl.RoleInfo (RoleInfo.java:updateAndGet(139)) - b810ff59-71dc-43a2-8cb3-16d59e449a1e: start b810ff59-71dc-43a2-8cb3-16d59e449a1e@group-3D737FDA59A6-LeaderElection58
2022-10-10 08:42:21,420 [grpc-default-executor-0] INFO  server.RaftServer$Division (RaftServerImpl.java:requestVote(1152)) - 60d02c60-4364-4909-b75c-044757b70e38@group-A5B6F39D5604: receive requestVote(ELECTION, b810ff59-71dc-43a2-8cb3-16d59e449a1e, group-A5B6F39D5604, 1, (t:0, i:0))
2022-10-10 08:42:21,421 [grpc-default-executor-0] INFO  impl.VoteContext (VoteContext.java:log(48)) - 60d02c60-4364-4909-b75c-044757b70e38@group-A5B6F39D5604-FOLLOWER: accept ELECTION from b810ff59-71dc-43a2-8cb3-16d59e449a1e: our priority 0 <= candidate's priority 0
2022-10-10 08:42:21,421 [grpc-default-executor-0] INFO  server.RaftServer$Division (RaftServerImpl.java:setRole(299)) - 60d02c60-4364-4909-b75c-044757b70e38@group-A5B6F39D5604: changes role from  FOLLOWER to FOLLOWER at term 1 for candidate:b810ff59-71dc-43a2-8cb3-16d59e449a1e
2022-10-10 08:42:21,421 [grpc-default-executor-0] INFO  impl.RoleInfo (RoleInfo.java:shutdownFollowerState(110)) - 60d02c60-4364-4909-b75c-044757b70e38: shutdown 60d02c60-4364-4909-b75c-044757b70e38@group-A5B6F39D5604-FollowerState
2022-10-10 08:42:21,421 [grpc-default-executor-0] INFO  impl.RoleInfo (RoleInfo.java:updateAndGet(139)) - 60d02c60-4364-4909-b75c-044757b70e38: start 60d02c60-4364-4909-b75c-044757b70e38@group-A5B6F39D5604-FollowerState
2022-10-10 08:42:21,421 [60d02c60-4364-4909-b75c-044757b70e38@group-A5B6F39D5604-FollowerState] INFO  impl.FollowerState (FollowerState.java:run(152)) - 60d02c60-4364-4909-b75c-044757b70e38@group-A5B6F39D5604-FollowerState was interrupted
2022-10-10 08:42:21,424 [grpc-default-executor-0] INFO  server.RaftServer$Division (RaftServerImpl.java:requestVote(1184)) - 60d02c60-4364-4909-b75c-044757b70e38@group-A5B6F39D5604 replies to ELECTION vote request: b810ff59-71dc-43a2-8cb3-16d59e449a1e<-60d02c60-4364-4909-b75c-044757b70e38#0:OK-t1. Peer's state: 60d02c60-4364-4909-b75c-044757b70e38@group-A5B6F39D5604:t1, leader=null, voted=b810ff59-71dc-43a2-8cb3-16d59e449a1e, raftlog=60d02c60-4364-4909-b75c-044757b70e38@group-A5B6F39D5604-SegmentedRaftLog:OPENED:c-1, conf=-1: [60d02c60-4364-4909-b75c-044757b70e38|rpc:10.1.0.114:40107|dataStream:|priority:0, b810ff59-71dc-43a2-8cb3-16d59e449a1e|rpc:10.1.0.114:43627|dataStream:|priority:0, 01e2fa94-bf37-40d8-a3b1-a78bdc47df12|rpc:10.1.0.114:35473|dataStream:|priority:1], old=null
2022-10-10 08:42:21,465 [grpc-default-executor-0] INFO  server.RaftServer$Division (RaftServerImpl.java:requestVote(1152)) - 01e2fa94-bf37-40d8-a3b1-a78bdc47df12@group-A5B6F39D5604: receive requestVote(ELECTION, b810ff59-71dc-43a2-8cb3-16d59e449a1e, group-A5B6F39D5604, 1, (t:0, i:0))
2022-10-10 08:42:21,465 [grpc-default-executor-0] INFO  impl.VoteContext (VoteContext.java:log(48)) - 01e2fa94-bf37-40d8-a3b1-a78bdc47df12@group-A5B6F39D5604-FOLLOWER: reject ELECTION from b810ff59-71dc-43a2-8cb3-16d59e449a1e: our priority 1 > candidate's priority 0
2022-10-10 08:42:21,465 [grpc-default-executor-0] INFO  server.RaftServer$Division (RaftServerImpl.java:setRole(299)) - 01e2fa94-bf37-40d8-a3b1-a78bdc47df12@group-A5B6F39D5604: changes role from  FOLLOWER to FOLLOWER at term 1 for candidate:b810ff59-71dc-43a2-8cb3-16d59e449a1e
2022-10-10 08:42:21,465 [grpc-default-executor-0] INFO  impl.RoleInfo (RoleInfo.java:shutdownFollowerState(110)) - 01e2fa94-bf37-40d8-a3b1-a78bdc47df12: shutdown 01e2fa94-bf37-40d8-a3b1-a78bdc47df12@group-A5B6F39D5604-FollowerState
2022-10-10 08:42:21,465 [grpc-default-executor-0] INFO  impl.RoleInfo (RoleInfo.java:updateAndGet(139)) - 01e2fa94-bf37-40d8-a3b1-a78bdc47df12: start 01e2fa94-bf37-40d8-a3b1-a78bdc47df12@group-A5B6F39D5604-FollowerState
2022-10-10 08:42:21,467 [01e2fa94-bf37-40d8-a3b1-a78bdc47df12@group-A5B6F39D5604-FollowerState] INFO  impl.FollowerState (FollowerState.java:run(152)) - 01e2fa94-bf37-40d8-a3b1-a78bdc47df12@group-A5B6F39D5604-FollowerState was interrupted
2022-10-10 08:42:21,480 [b810ff59-71dc-43a2-8cb3-16d59e449a1e@group-3D737FDA59A6-LeaderElection58] INFO  impl.LeaderElection (LeaderElection.java:askForVotes(310)) - b810ff59-71dc-43a2-8cb3-16d59e449a1e@group-3D737FDA59A6-LeaderElection58 ELECTION round 0: submit vote requests at term 1 for -1: [b810ff59-71dc-43a2-8cb3-16d59e449a1e|rpc:10.1.0.114:43627|priority:1], old=null
2022-10-10 08:42:21,480 [b810ff59-71dc-43a2-8cb3-16d59e449a1e@group-3D737FDA59A6-LeaderElection58] INFO  impl.LeaderElection (LeaderElection.java:askForVotes(312)) - b810ff59-71dc-43a2-8cb3-16d59e449a1e@group-3D737FDA59A6-LeaderElection58 ELECTION round 0: result PASSED (term=1)
2022-10-10 08:42:21,481 [b810ff59-71dc-43a2-8cb3-16d59e449a1e@group-3D737FDA59A6-LeaderElection58] INFO  impl.RoleInfo (RoleInfo.java:shutdownLeaderElection(130)) - b810ff59-71dc-43a2-8cb3-16d59e449a1e: shutdown b810ff59-71dc-43a2-8cb3-16d59e449a1e@group-3D737FDA59A6-LeaderElection58
2022-10-10 08:42:21,481 [b810ff59-71dc-43a2-8cb3-16d59e449a1e@group-3D737FDA59A6-LeaderElection58] INFO  server.RaftServer$Division (RaftServerImpl.java:setRole(299)) - b810ff59-71dc-43a2-8cb3-16d59e449a1e@group-3D737FDA59A6: changes role from CANDIDATE to LEADER at term 1 for changeToLeader
2022-10-10 08:42:21,481 [b810ff59-71dc-43a2-8cb3-16d59e449a1e@group-3D737FDA59A6-LeaderElection58] INFO  ratis.XceiverServerRatis (XceiverServerRatis.java:handleLeaderChangedNotification(863)) - Leader change notification received for group: group-3D737FDA59A6 with new leaderId: b810ff59-71dc-43a2-8cb3-16d59e449a1e
2022-10-10 08:42:21,481 [b810ff59-71dc-43a2-8cb3-16d59e449a1e@group-3D737FDA59A6-LeaderElection58] INFO  server.RaftServer$Division (ServerState.java:setLeader(287)) - b810ff59-71dc-43a2-8cb3-16d59e449a1e@group-3D737FDA59A6: change Leader from null to b810ff59-71dc-43a2-8cb3-16d59e449a1e at term 1 for becomeLeader, leader elected after 5289ms
2022-10-10 08:42:21,481 [b810ff59-71dc-43a2-8cb3-16d59e449a1e@group-3D737FDA59A6-LeaderElection58] INFO  server.RaftServerConfigKeys (ConfUtils.java:logGet(46)) - raft.server.staging.catchup.gap = 1000 (default)
2022-10-10 08:42:21,481 [b810ff59-71dc-43a2-8cb3-16d59e449a1e@group-3D737FDA59A6-LeaderElection58] INFO  server.RaftServerConfigKeys (ConfUtils.java:logGet(46)) - raft.server.write.element-limit = 1024 (custom)
2022-10-10 08:42:21,481 [b810ff59-71dc-43a2-8cb3-16d59e449a1e@group-3D737FDA59A6-LeaderElection58] INFO  server.RaftServerConfigKeys (ConfUtils.java:logGet(46)) - raft.server.write.byte-limit = 1024 M (=1073741824) (custom)
2022-10-10 08:42:21,482 [b810ff59-71dc-43a2-8cb3-16d59e449a1e@group-3D737FDA59A6-LeaderElection58] INFO  server.RaftServerConfigKeys (ConfUtils.java:logGet(46)) - raft.server.watch.timeout = 180s (custom)
2022-10-10 08:42:21,482 [b810ff59-71dc-43a2-8cb3-16d59e449a1e@group-3D737FDA59A6-LeaderElection58] INFO  server.RaftServerConfigKeys (ConfUtils.java:logGet(46)) - raft.server.watch.timeout.denomination = 1s (default)
2022-10-10 08:42:21,482 [b810ff59-71dc-43a2-8cb3-16d59e449a1e@group-3D737FDA59A6-LeaderElection58] INFO  server.RaftServerConfigKeys (ConfUtils.java:logGet(46)) - raft.server.watch.element-limit = 65536 (default)
2022-10-10 08:42:21,482 [b810ff59-71dc-43a2-8cb3-16d59e449a1e@group-3D737FDA59A6-LeaderElection58] INFO  server.RaftServerConfigKeys (ConfUtils.java:logGet(46)) - raft.server.write.element-limit = 1024 (custom)
2022-10-10 08:42:21,482 [b810ff59-71dc-43a2-8cb3-16d59e449a1e@group-3D737FDA59A6-LeaderElection58] INFO  server.RaftServerConfigKeys (ConfUtils.java:logGet(46)) - raft.server.write.follower.gap.ratio.max = -1.0 (default)
2022-10-10 08:42:21,482 [b810ff59-71dc-43a2-8cb3-16d59e449a1e@group-3D737FDA59A6-LeaderElection58] INFO  impl.RoleInfo (RoleInfo.java:updateAndGet(139)) - b810ff59-71dc-43a2-8cb3-16d59e449a1e: start b810ff59-71dc-43a2-8cb3-16d59e449a1e@group-3D737FDA59A6-LeaderStateImpl
2022-10-10 08:42:21,483 [b810ff59-71dc-43a2-8cb3-16d59e449a1e@group-3D737FDA59A6-LeaderElection58] INFO  segmented.SegmentedRaftLogWorker (SegmentedRaftLogWorker.java:startLogSegment(425)) - b810ff59-71dc-43a2-8cb3-16d59e449a1e@group-3D737FDA59A6-SegmentedRaftLogWorker: Starting segment from index:0
2022-10-10 08:42:21,480 [grpc-default-executor-0] INFO  server.RaftServer$Division (RaftServerImpl.java:requestVote(1184)) - 01e2fa94-bf37-40d8-a3b1-a78bdc47df12@group-A5B6F39D5604 replies to ELECTION vote request: b810ff59-71dc-43a2-8cb3-16d59e449a1e<-01e2fa94-bf37-40d8-a3b1-a78bdc47df12#0:FAIL-t1. Peer's state: 01e2fa94-bf37-40d8-a3b1-a78bdc47df12@group-A5B6F39D5604:t1, leader=null, voted=null, raftlog=01e2fa94-bf37-40d8-a3b1-a78bdc47df12@group-A5B6F39D5604-SegmentedRaftLog:OPENED:c-1, conf=-1: [60d02c60-4364-4909-b75c-044757b70e38|rpc:10.1.0.114:40107|dataStream:|priority:0, b810ff59-71dc-43a2-8cb3-16d59e449a1e|rpc:10.1.0.114:43627|dataStream:|priority:0, 01e2fa94-bf37-40d8-a3b1-a78bdc47df12|rpc:10.1.0.114:35473|dataStream:|priority:1], old=null
2022-10-10 08:42:21,484 [EventQueue-OpenPipelineForHealthyPipelineSafeModeRule] INFO  safemode.SCMSafeModeManager (HealthyPipelineSafeModeRule.java:process(137)) - SCM in safe mode. Healthy pipelines reported count is 0, required healthy pipeline reported count is 1
2022-10-10 08:42:21,488 [b810ff59-71dc-43a2-8cb3-16d59e449a1e@group-3D737FDA59A6-SegmentedRaftLogWorker] INFO  segmented.SegmentedRaftLogWorker (SegmentedRaftLogWorker.java:execute(629)) - b810ff59-71dc-43a2-8cb3-16d59e449a1e@group-3D737FDA59A6-SegmentedRaftLogWorker: created new log segment /home/runner/work/ozone/ozone/hadoop-ozone/integration-test/target/test-dir/MiniOzoneClusterImpl-900ef34e-234b-421b-bced-fede2d4c92a4/datanode-0/data/ratis/781aa22d-e69d-443e-a2ab-3d737fda59a6/current/log_inprogress_0
2022-10-10 08:42:21,492 [Listener at 127.0.0.1/37485] INFO  ozone.MiniOzoneClusterImpl (MiniOzoneClusterImpl.java:lambda$waitForClusterToBeReady$0(216)) - Nodes are ready. Got 5 of 5 DN Heartbeats.
2022-10-10 08:42:21,492 [Listener at 127.0.0.1/37485] INFO  ozone.MiniOzoneClusterImpl (MiniOzoneClusterImpl.java:lambda$waitForClusterToBeReady$0(219)) - Waiting for cluster to exit safe mode
2022-10-10 08:42:21,492 [Listener at 127.0.0.1/37485] INFO  ozone.MiniOzoneClusterImpl (MiniOzoneClusterImpl.java:lambda$waitForClusterToBeReady$0(221)) - SCM became leader
2022-10-10 08:42:21,501 [b810ff59-71dc-43a2-8cb3-16d59e449a1e@group-3D737FDA59A6-LeaderElection58] INFO  server.RaftServer$Division (ServerState.java:setRaftConf(393)) - b810ff59-71dc-43a2-8cb3-16d59e449a1e@group-3D737FDA59A6: set configuration 0: [b810ff59-71dc-43a2-8cb3-16d59e449a1e|rpc:10.1.0.114:43627|dataStream:|priority:1], old=null
2022-10-10 08:42:21,502 [b810ff59-71dc-43a2-8cb3-16d59e449a1e@group-A5B6F39D5604-LeaderElection57] INFO  impl.LeaderElection (LeaderElection.java:logAndReturn(90)) - b810ff59-71dc-43a2-8cb3-16d59e449a1e@group-A5B6F39D5604-LeaderElection57: ELECTION REJECTED received 2 response(s) and 0 exception(s):
2022-10-10 08:42:21,502 [b810ff59-71dc-43a2-8cb3-16d59e449a1e@group-A5B6F39D5604-LeaderElection57] INFO  impl.LeaderElection (LeaderElection.java:logAndReturn(94)) -   Response 0: b810ff59-71dc-43a2-8cb3-16d59e449a1e<-60d02c60-4364-4909-b75c-044757b70e38#0:OK-t1
2022-10-10 08:42:21,502 [b810ff59-71dc-43a2-8cb3-16d59e449a1e@group-A5B6F39D5604-LeaderElection57] INFO  impl.LeaderElection (LeaderElection.java:logAndReturn(94)) -   Response 1: b810ff59-71dc-43a2-8cb3-16d59e449a1e<-01e2fa94-bf37-40d8-a3b1-a78bdc47df12#0:FAIL-t1
2022-10-10 08:42:21,502 [b810ff59-71dc-43a2-8cb3-16d59e449a1e@group-A5B6F39D5604-LeaderElection57] INFO  impl.LeaderElection (LeaderElection.java:askForVotes(312)) - b810ff59-71dc-43a2-8cb3-16d59e449a1e@group-A5B6F39D5604-LeaderElection57 ELECTION round 0: result REJECTED
2022-10-10 08:42:21,502 [b810ff59-71dc-43a2-8cb3-16d59e449a1e@group-A5B6F39D5604-LeaderElection57] INFO  server.RaftServer$Division (RaftServerImpl.java:setRole(299)) - b810ff59-71dc-43a2-8cb3-16d59e449a1e@group-A5B6F39D5604: changes role from CANDIDATE to FOLLOWER at term 1 for REJECTED
2022-10-10 08:42:21,502 [b810ff59-71dc-43a2-8cb3-16d59e449a1e@group-A5B6F39D5604-LeaderElection57] INFO  impl.RoleInfo (RoleInfo.java:shutdownLeaderElection(130)) - b810ff59-71dc-43a2-8cb3-16d59e449a1e: shutdown b810ff59-71dc-43a2-8cb3-16d59e449a1e@group-A5B6F39D5604-LeaderElection57
2022-10-10 08:42:21,502 [b810ff59-71dc-43a2-8cb3-16d59e449a1e@group-A5B6F39D5604-LeaderElection57] INFO  impl.RoleInfo (RoleInfo.java:updateAndGet(139)) - b810ff59-71dc-43a2-8cb3-16d59e449a1e: start b810ff59-71dc-43a2-8cb3-16d59e449a1e@group-A5B6F39D5604-FollowerState
2022-10-10 08:42:21,893 [60d02c60-4364-4909-b75c-044757b70e38@group-9A1E8250D6BC-FollowerState] INFO  impl.FollowerState (FollowerState.java:run(143)) - 60d02c60-4364-4909-b75c-044757b70e38@group-9A1E8250D6BC-FollowerState: change to CANDIDATE, lastRpcElapsedTime:5041009977ns, electionTimeout:5039ms
2022-10-10 08:42:21,893 [60d02c60-4364-4909-b75c-044757b70e38@group-9A1E8250D6BC-FollowerState] INFO  impl.RoleInfo (RoleInfo.java:shutdownFollowerState(110)) - 60d02c60-4364-4909-b75c-044757b70e38: shutdown 60d02c60-4364-4909-b75c-044757b70e38@group-9A1E8250D6BC-FollowerState
2022-10-10 08:42:21,893 [60d02c60-4364-4909-b75c-044757b70e38@group-9A1E8250D6BC-FollowerState] INFO  server.RaftServer$Division (RaftServerImpl.java:setRole(299)) - 60d02c60-4364-4909-b75c-044757b70e38@group-9A1E8250D6BC: changes role from  FOLLOWER to CANDIDATE at term 0 for changeToCandidate
2022-10-10 08:42:21,893 [60d02c60-4364-4909-b75c-044757b70e38@group-9A1E8250D6BC-FollowerState] INFO  server.RaftServerConfigKeys (ConfUtils.java:logGet(46)) - raft.server.leaderelection.pre-vote = false (custom)
2022-10-10 08:42:21,893 [60d02c60-4364-4909-b75c-044757b70e38@group-9A1E8250D6BC-FollowerState] INFO  impl.RoleInfo (RoleInfo.java:updateAndGet(139)) - 60d02c60-4364-4909-b75c-044757b70e38: start 60d02c60-4364-4909-b75c-044757b70e38@group-9A1E8250D6BC-LeaderElection59
2022-10-10 08:42:21,897 [60d02c60-4364-4909-b75c-044757b70e38@group-9A1E8250D6BC-LeaderElection59] INFO  impl.LeaderElection (LeaderElection.java:askForVotes(310)) - 60d02c60-4364-4909-b75c-044757b70e38@group-9A1E8250D6BC-LeaderElection59 ELECTION round 0: submit vote requests at term 1 for -1: [60d02c60-4364-4909-b75c-044757b70e38|rpc:10.1.0.114:40107|priority:1], old=null
2022-10-10 08:42:21,897 [60d02c60-4364-4909-b75c-044757b70e38@group-9A1E8250D6BC-LeaderElection59] INFO  impl.LeaderElection (LeaderElection.java:askForVotes(312)) - 60d02c60-4364-4909-b75c-044757b70e38@group-9A1E8250D6BC-LeaderElection59 ELECTION round 0: result PASSED (term=1)
2022-10-10 08:42:21,897 [60d02c60-4364-4909-b75c-044757b70e38@group-9A1E8250D6BC-LeaderElection59] INFO  impl.RoleInfo (RoleInfo.java:shutdownLeaderElection(130)) - 60d02c60-4364-4909-b75c-044757b70e38: shutdown 60d02c60-4364-4909-b75c-044757b70e38@group-9A1E8250D6BC-LeaderElection59
2022-10-10 08:42:21,897 [60d02c60-4364-4909-b75c-044757b70e38@group-9A1E8250D6BC-LeaderElection59] INFO  server.RaftServer$Division (RaftServerImpl.java:setRole(299)) - 60d02c60-4364-4909-b75c-044757b70e38@group-9A1E8250D6BC: changes role from CANDIDATE to LEADER at term 1 for changeToLeader
2022-10-10 08:42:21,897 [60d02c60-4364-4909-b75c-044757b70e38@group-9A1E8250D6BC-LeaderElection59] INFO  ratis.XceiverServerRatis (XceiverServerRatis.java:handleLeaderChangedNotification(863)) - Leader change notification received for group: group-9A1E8250D6BC with new leaderId: 60d02c60-4364-4909-b75c-044757b70e38
2022-10-10 08:42:21,897 [60d02c60-4364-4909-b75c-044757b70e38@group-9A1E8250D6BC-LeaderElection59] INFO  server.RaftServer$Division (ServerState.java:setLeader(287)) - 60d02c60-4364-4909-b75c-044757b70e38@group-9A1E8250D6BC: change Leader from null to 60d02c60-4364-4909-b75c-044757b70e38 at term 1 for becomeLeader, leader elected after 5051ms
2022-10-10 08:42:21,898 [60d02c60-4364-4909-b75c-044757b70e38@group-9A1E8250D6BC-LeaderElection59] INFO  server.RaftServerConfigKeys (ConfUtils.java:logGet(46)) - raft.server.staging.catchup.gap = 1000 (default)
2022-10-10 08:42:21,902 [EventQueue-OpenPipelineForHealthyPipelineSafeModeRule] INFO  safemode.SCMSafeModeManager (HealthyPipelineSafeModeRule.java:process(137)) - SCM in safe mode. Healthy pipelines reported count is 0, required healthy pipeline reported count is 1
2022-10-10 08:42:21,906 [60d02c60-4364-4909-b75c-044757b70e38@group-9A1E8250D6BC-LeaderElection59] INFO  server.RaftServerConfigKeys (ConfUtils.java:logGet(46)) - raft.server.write.element-limit = 1024 (custom)
2022-10-10 08:42:21,906 [60d02c60-4364-4909-b75c-044757b70e38@group-9A1E8250D6BC-LeaderElection59] INFO  server.RaftServerConfigKeys (ConfUtils.java:logGet(46)) - raft.server.write.byte-limit = 1024 M (=1073741824) (custom)
2022-10-10 08:42:21,907 [60d02c60-4364-4909-b75c-044757b70e38@group-9A1E8250D6BC-LeaderElection59] INFO  server.RaftServerConfigKeys (ConfUtils.java:logGet(46)) - raft.server.watch.timeout = 180s (custom)
2022-10-10 08:42:21,907 [60d02c60-4364-4909-b75c-044757b70e38@group-9A1E8250D6BC-LeaderElection59] INFO  server.RaftServerConfigKeys (ConfUtils.java:logGet(46)) - raft.server.watch.timeout.denomination = 1s (default)
2022-10-10 08:42:21,907 [60d02c60-4364-4909-b75c-044757b70e38@group-9A1E8250D6BC-LeaderElection59] INFO  server.RaftServerConfigKeys (ConfUtils.java:logGet(46)) - raft.server.watch.element-limit = 65536 (default)
2022-10-10 08:42:21,907 [60d02c60-4364-4909-b75c-044757b70e38@group-9A1E8250D6BC-LeaderElection59] INFO  server.RaftServerConfigKeys (ConfUtils.java:logGet(46)) - raft.server.write.element-limit = 1024 (custom)
2022-10-10 08:42:21,907 [60d02c60-4364-4909-b75c-044757b70e38@group-9A1E8250D6BC-LeaderElection59] INFO  server.RaftServerConfigKeys (ConfUtils.java:logGet(46)) - raft.server.write.follower.gap.ratio.max = -1.0 (default)
2022-10-10 08:42:21,907 [60d02c60-4364-4909-b75c-044757b70e38@group-9A1E8250D6BC-LeaderElection59] INFO  impl.RoleInfo (RoleInfo.java:updateAndGet(139)) - 60d02c60-4364-4909-b75c-044757b70e38: start 60d02c60-4364-4909-b75c-044757b70e38@group-9A1E8250D6BC-LeaderStateImpl
2022-10-10 08:42:21,907 [60d02c60-4364-4909-b75c-044757b70e38@group-9A1E8250D6BC-LeaderElection59] INFO  segmented.SegmentedRaftLogWorker (SegmentedRaftLogWorker.java:startLogSegment(425)) - 60d02c60-4364-4909-b75c-044757b70e38@group-9A1E8250D6BC-SegmentedRaftLogWorker: Starting segment from index:0
2022-10-10 08:42:21,911 [60d02c60-4364-4909-b75c-044757b70e38@group-9A1E8250D6BC-SegmentedRaftLogWorker] INFO  segmented.SegmentedRaftLogWorker (SegmentedRaftLogWorker.java:execute(629)) - 60d02c60-4364-4909-b75c-044757b70e38@group-9A1E8250D6BC-SegmentedRaftLogWorker: created new log segment /home/runner/work/ozone/ozone/hadoop-ozone/integration-test/target/test-dir/MiniOzoneClusterImpl-900ef34e-234b-421b-bced-fede2d4c92a4/datanode-1/data/ratis/94d6be31-6eeb-4497-ac3d-9a1e8250d6bc/current/log_inprogress_0
2022-10-10 08:42:21,936 [60d02c60-4364-4909-b75c-044757b70e38@group-9A1E8250D6BC-LeaderElection59] INFO  server.RaftServer$Division (ServerState.java:setRaftConf(393)) - 60d02c60-4364-4909-b75c-044757b70e38@group-9A1E8250D6BC: set configuration 0: [60d02c60-4364-4909-b75c-044757b70e38|rpc:10.1.0.114:40107|dataStream:|priority:1], old=null
2022-10-10 08:42:22,114 [60d02c60-4364-4909-b75c-044757b70e38@group-AFA0D27FEB74-FollowerState] INFO  impl.FollowerState (FollowerState.java:run(143)) - 60d02c60-4364-4909-b75c-044757b70e38@group-AFA0D27FEB74-FollowerState: change to CANDIDATE, lastRpcElapsedTime:5174255208ns, electionTimeout:5172ms
2022-10-10 08:42:22,114 [60d02c60-4364-4909-b75c-044757b70e38@group-AFA0D27FEB74-FollowerState] INFO  impl.RoleInfo (RoleInfo.java:shutdownFollowerState(110)) - 60d02c60-4364-4909-b75c-044757b70e38: shutdown 60d02c60-4364-4909-b75c-044757b70e38@group-AFA0D27FEB74-FollowerState
2022-10-10 08:42:22,115 [60d02c60-4364-4909-b75c-044757b70e38@group-AFA0D27FEB74-FollowerState] INFO  server.RaftServer$Division (RaftServerImpl.java:setRole(299)) - 60d02c60-4364-4909-b75c-044757b70e38@group-AFA0D27FEB74: changes role from  FOLLOWER to CANDIDATE at term 0 for changeToCandidate
2022-10-10 08:42:22,115 [60d02c60-4364-4909-b75c-044757b70e38@group-AFA0D27FEB74-FollowerState] INFO  server.RaftServerConfigKeys (ConfUtils.java:logGet(46)) - raft.server.leaderelection.pre-vote = false (custom)
2022-10-10 08:42:22,115 [60d02c60-4364-4909-b75c-044757b70e38@group-AFA0D27FEB74-FollowerState] INFO  impl.RoleInfo (RoleInfo.java:updateAndGet(139)) - 60d02c60-4364-4909-b75c-044757b70e38: start 60d02c60-4364-4909-b75c-044757b70e38@group-AFA0D27FEB74-LeaderElection60
2022-10-10 08:42:22,145 [60d02c60-4364-4909-b75c-044757b70e38@group-AFA0D27FEB74-LeaderElection60] INFO  impl.LeaderElection (LeaderElection.java:askForVotes(310)) - 60d02c60-4364-4909-b75c-044757b70e38@group-AFA0D27FEB74-LeaderElection60 ELECTION round 0: submit vote requests at term 1 for -1: [60d02c60-4364-4909-b75c-044757b70e38|rpc:10.1.0.114:40107|priority:1, b810ff59-71dc-43a2-8cb3-16d59e449a1e|rpc:10.1.0.114:43627|priority:0, 01e2fa94-bf37-40d8-a3b1-a78bdc47df12|rpc:10.1.0.114:35473|priority:0], old=null
2022-10-10 08:42:22,194 [grpc-default-executor-0] INFO  server.RaftServer$Division (RaftServerImpl.java:requestVote(1152)) - b810ff59-71dc-43a2-8cb3-16d59e449a1e@group-AFA0D27FEB74: receive requestVote(ELECTION, 60d02c60-4364-4909-b75c-044757b70e38, group-AFA0D27FEB74, 1, (t:0, i:0))
2022-10-10 08:42:22,196 [grpc-default-executor-0] INFO  impl.VoteContext (VoteContext.java:log(48)) - b810ff59-71dc-43a2-8cb3-16d59e449a1e@group-AFA0D27FEB74-FOLLOWER: accept ELECTION from 60d02c60-4364-4909-b75c-044757b70e38: our priority 0 <= candidate's priority 1
2022-10-10 08:42:22,196 [grpc-default-executor-0] INFO  server.RaftServer$Division (RaftServerImpl.java:setRole(299)) - b810ff59-71dc-43a2-8cb3-16d59e449a1e@group-AFA0D27FEB74: changes role from  FOLLOWER to FOLLOWER at term 1 for candidate:60d02c60-4364-4909-b75c-044757b70e38
2022-10-10 08:42:22,196 [grpc-default-executor-0] INFO  impl.RoleInfo (RoleInfo.java:shutdownFollowerState(110)) - b810ff59-71dc-43a2-8cb3-16d59e449a1e: shutdown b810ff59-71dc-43a2-8cb3-16d59e449a1e@group-AFA0D27FEB74-FollowerState
2022-10-10 08:42:22,196 [grpc-default-executor-0] INFO  impl.RoleInfo (RoleInfo.java:updateAndGet(139)) - b810ff59-71dc-43a2-8cb3-16d59e449a1e: start b810ff59-71dc-43a2-8cb3-16d59e449a1e@group-AFA0D27FEB74-FollowerState
2022-10-10 08:42:22,196 [b810ff59-71dc-43a2-8cb3-16d59e449a1e@group-AFA0D27FEB74-FollowerState] INFO  impl.FollowerState (FollowerState.java:run(152)) - b810ff59-71dc-43a2-8cb3-16d59e449a1e@group-AFA0D27FEB74-FollowerState was interrupted
2022-10-10 08:42:22,197 [grpc-default-executor-0] INFO  server.RaftServer$Division (RaftServerImpl.java:requestVote(1184)) - b810ff59-71dc-43a2-8cb3-16d59e449a1e@group-AFA0D27FEB74 replies to ELECTION vote request: 60d02c60-4364-4909-b75c-044757b70e38<-b810ff59-71dc-43a2-8cb3-16d59e449a1e#0:OK-t1. Peer's state: b810ff59-71dc-43a2-8cb3-16d59e449a1e@group-AFA0D27FEB74:t1, leader=null, voted=60d02c60-4364-4909-b75c-044757b70e38, raftlog=b810ff59-71dc-43a2-8cb3-16d59e449a1e@group-AFA0D27FEB74-SegmentedRaftLog:OPENED:c-1, conf=-1: [60d02c60-4364-4909-b75c-044757b70e38|rpc:10.1.0.114:40107|priority:1, b810ff59-71dc-43a2-8cb3-16d59e449a1e|rpc:10.1.0.114:43627|priority:0, 01e2fa94-bf37-40d8-a3b1-a78bdc47df12|rpc:10.1.0.114:35473|priority:0], old=null
2022-10-10 08:42:22,201 [60d02c60-4364-4909-b75c-044757b70e38@group-AFA0D27FEB74-LeaderElection60] INFO  impl.LeaderElection (LeaderElection.java:logAndReturn(90)) - 60d02c60-4364-4909-b75c-044757b70e38@group-AFA0D27FEB74-LeaderElection60: ELECTION PASSED received 1 response(s) and 0 exception(s):
2022-10-10 08:42:22,201 [60d02c60-4364-4909-b75c-044757b70e38@group-AFA0D27FEB74-LeaderElection60] INFO  impl.LeaderElection (LeaderElection.java:logAndReturn(94)) -   Response 0: 60d02c60-4364-4909-b75c-044757b70e38<-b810ff59-71dc-43a2-8cb3-16d59e449a1e#0:OK-t1
2022-10-10 08:42:22,201 [60d02c60-4364-4909-b75c-044757b70e38@group-AFA0D27FEB74-LeaderElection60] INFO  impl.LeaderElection (LeaderElection.java:askForVotes(312)) - 60d02c60-4364-4909-b75c-044757b70e38@group-AFA0D27FEB74-LeaderElection60 ELECTION round 0: result PASSED
2022-10-10 08:42:22,201 [60d02c60-4364-4909-b75c-044757b70e38@group-AFA0D27FEB74-LeaderElection60] INFO  impl.RoleInfo (RoleInfo.java:shutdownLeaderElection(130)) - 60d02c60-4364-4909-b75c-044757b70e38: shutdown 60d02c60-4364-4909-b75c-044757b70e38@group-AFA0D27FEB74-LeaderElection60
2022-10-10 08:42:22,201 [60d02c60-4364-4909-b75c-044757b70e38@group-AFA0D27FEB74-LeaderElection60] INFO  server.RaftServer$Division (RaftServerImpl.java:setRole(299)) - 60d02c60-4364-4909-b75c-044757b70e38@group-AFA0D27FEB74: changes role from CANDIDATE to LEADER at term 1 for changeToLeader
2022-10-10 08:42:22,201 [60d02c60-4364-4909-b75c-044757b70e38@group-AFA0D27FEB74-LeaderElection60] INFO  ratis.XceiverServerRatis (XceiverServerRatis.java:handleLeaderChangedNotification(863)) - Leader change notification received for group: group-AFA0D27FEB74 with new leaderId: 60d02c60-4364-4909-b75c-044757b70e38
2022-10-10 08:42:22,201 [60d02c60-4364-4909-b75c-044757b70e38@group-AFA0D27FEB74-LeaderElection60] INFO  server.RaftServer$Division (ServerState.java:setLeader(287)) - 60d02c60-4364-4909-b75c-044757b70e38@group-AFA0D27FEB74: change Leader from null to 60d02c60-4364-4909-b75c-044757b70e38 at term 1 for becomeLeader, leader elected after 5272ms
2022-10-10 08:42:22,201 [60d02c60-4364-4909-b75c-044757b70e38@group-AFA0D27FEB74-LeaderElection60] INFO  server.RaftServerConfigKeys (ConfUtils.java:logGet(46)) - raft.server.staging.catchup.gap = 1000 (default)
2022-10-10 08:42:22,202 [60d02c60-4364-4909-b75c-044757b70e38@group-AFA0D27FEB74-LeaderElection60] INFO  server.RaftServerConfigKeys (ConfUtils.java:logGet(46)) - raft.server.write.element-limit = 1024 (custom)
2022-10-10 08:42:22,202 [60d02c60-4364-4909-b75c-044757b70e38@group-AFA0D27FEB74-LeaderElection60] INFO  server.RaftServerConfigKeys (ConfUtils.java:logGet(46)) - raft.server.write.byte-limit = 1024 M (=1073741824) (custom)
2022-10-10 08:42:22,202 [60d02c60-4364-4909-b75c-044757b70e38@group-AFA0D27FEB74-LeaderElection60] INFO  server.RaftServerConfigKeys (ConfUtils.java:logGet(46)) - raft.server.watch.timeout = 180s (custom)
2022-10-10 08:42:22,202 [60d02c60-4364-4909-b75c-044757b70e38@group-AFA0D27FEB74-LeaderElection60] INFO  server.RaftServerConfigKeys (ConfUtils.java:logGet(46)) - raft.server.watch.timeout.denomination = 1s (default)
2022-10-10 08:42:22,202 [60d02c60-4364-4909-b75c-044757b70e38@group-AFA0D27FEB74-LeaderElection60] INFO  server.RaftServerConfigKeys (ConfUtils.java:logGet(46)) - raft.server.watch.element-limit = 65536 (default)
2022-10-10 08:42:22,202 [60d02c60-4364-4909-b75c-044757b70e38@group-AFA0D27FEB74-LeaderElection60] INFO  server.RaftServerConfigKeys (ConfUtils.java:logGet(46)) - raft.server.write.element-limit = 1024 (custom)
2022-10-10 08:42:22,202 [60d02c60-4364-4909-b75c-044757b70e38@group-AFA0D27FEB74-LeaderElection60] INFO  server.RaftServerConfigKeys (ConfUtils.java:logGet(46)) - raft.server.write.follower.gap.ratio.max = -1.0 (default)
2022-10-10 08:42:22,203 [60d02c60-4364-4909-b75c-044757b70e38@group-AFA0D27FEB74-LeaderElection60] INFO  server.RaftServerConfigKeys (ConfUtils.java:logGet(46)) - raft.server.log.appender.snapshot.chunk.size.max = 16MB (=16777216) (default)
2022-10-10 08:42:22,203 [60d02c60-4364-4909-b75c-044757b70e38@group-AFA0D27FEB74-LeaderElection60] INFO  server.RaftServerConfigKeys (ConfUtils.java:logGet(46)) - raft.server.log.appender.buffer.byte-limit = 33554432 (custom)
2022-10-10 08:42:22,204 [60d02c60-4364-4909-b75c-044757b70e38@group-AFA0D27FEB74-LeaderElection60] INFO  server.RaftServerConfigKeys (ConfUtils.java:logGet(46)) - raft.server.log.appender.buffer.element-limit = 1 (custom)
2022-10-10 08:42:22,204 [60d02c60-4364-4909-b75c-044757b70e38@group-AFA0D27FEB74-LeaderElection60] INFO  grpc.GrpcConfigKeys (ConfUtils.java:logGet(46)) - raft.grpc.server.leader.outstanding.appends.max = 128 (default)
2022-10-10 08:42:22,204 [60d02c60-4364-4909-b75c-044757b70e38@group-AFA0D27FEB74-LeaderElection60] INFO  server.RaftServerConfigKeys (ConfUtils.java:logGet(46)) - raft.server.rpc.request.timeout = 60s (custom)
2022-10-10 08:42:22,204 [60d02c60-4364-4909-b75c-044757b70e38@group-AFA0D27FEB74-LeaderElection60] INFO  server.RaftServerConfigKeys (ConfUtils.java:logGet(46)) - raft.server.log.appender.install.snapshot.enabled = false (custom)
2022-10-10 08:42:22,205 [60d02c60-4364-4909-b75c-044757b70e38@group-AFA0D27FEB74-LeaderElection60] INFO  server.RaftServerConfigKeys (ConfUtils.java:logGet(46)) - raft.server.log.appender.snapshot.chunk.size.max = 16MB (=16777216) (default)
2022-10-10 08:42:22,205 [60d02c60-4364-4909-b75c-044757b70e38@group-AFA0D27FEB74-LeaderElection60] INFO  server.RaftServerConfigKeys (ConfUtils.java:logGet(46)) - raft.server.log.appender.buffer.byte-limit = 33554432 (custom)
2022-10-10 08:42:22,205 [60d02c60-4364-4909-b75c-044757b70e38@group-AFA0D27FEB74-LeaderElection60] INFO  server.RaftServerConfigKeys (ConfUtils.java:logGet(46)) - raft.server.log.appender.buffer.element-limit = 1 (custom)
2022-10-10 08:42:22,206 [60d02c60-4364-4909-b75c-044757b70e38@group-AFA0D27FEB74-LeaderElection60] INFO  grpc.GrpcConfigKeys (ConfUtils.java:logGet(46)) - raft.grpc.server.leader.outstanding.appends.max = 128 (default)
2022-10-10 08:42:22,206 [60d02c60-4364-4909-b75c-044757b70e38@group-AFA0D27FEB74-LeaderElection60] INFO  server.RaftServerConfigKeys (ConfUtils.java:logGet(46)) - raft.server.rpc.request.timeout = 60s (custom)
2022-10-10 08:42:22,206 [60d02c60-4364-4909-b75c-044757b70e38@group-AFA0D27FEB74-LeaderElection60] INFO  server.RaftServerConfigKeys (ConfUtils.java:logGet(46)) - raft.server.log.appender.install.snapshot.enabled = false (custom)
2022-10-10 08:42:22,206 [60d02c60-4364-4909-b75c-044757b70e38@group-AFA0D27FEB74-LeaderElection60] INFO  impl.RoleInfo (RoleInfo.java:updateAndGet(139)) - 60d02c60-4364-4909-b75c-044757b70e38: start 60d02c60-4364-4909-b75c-044757b70e38@group-AFA0D27FEB74-LeaderStateImpl
2022-10-10 08:42:22,206 [60d02c60-4364-4909-b75c-044757b70e38@group-AFA0D27FEB74-LeaderElection60] INFO  segmented.SegmentedRaftLogWorker (SegmentedRaftLogWorker.java:startLogSegment(425)) - 60d02c60-4364-4909-b75c-044757b70e38@group-AFA0D27FEB74-SegmentedRaftLogWorker: Starting segment from index:0
2022-10-10 08:42:22,208 [60d02c60-4364-4909-b75c-044757b70e38@group-AFA0D27FEB74-SegmentedRaftLogWorker] INFO  segmented.SegmentedRaftLogWorker (SegmentedRaftLogWorker.java:execute(629)) - 60d02c60-4364-4909-b75c-044757b70e38@group-AFA0D27FEB74-SegmentedRaftLogWorker: created new log segment /home/runner/work/ozone/ozone/hadoop-ozone/integration-test/target/test-dir/MiniOzoneClusterImpl-900ef34e-234b-421b-bced-fede2d4c92a4/datanode-1/data/ratis/82707386-6ed1-4580-816e-afa0d27feb74/current/log_inprogress_0
2022-10-10 08:42:22,210 [EventQueue-PipelineReportForPipelineReportHandler] INFO  pipeline.PipelineManagerImpl (PipelineManagerImpl.java:openPipeline(367)) - Pipeline Pipeline[ Id: 82707386-6ed1-4580-816e-afa0d27feb74, Nodes: b810ff59-71dc-43a2-8cb3-16d59e449a1e{ip: 10.1.0.114, host: fv-az292-843.tqgtyn10aqxuxoi0mkfbldi5vh.jx.internal.cloudapp.net, ports: [REPLICATION=37681, RATIS=43627, RATIS_ADMIN=43627, RATIS_SERVER=43627, STANDALONE=40483], networkLocation: /default-rack, certSerialId: null, persistedOpState: IN_SERVICE, persistedOpStateExpiryEpochSec: 0}01e2fa94-bf37-40d8-a3b1-a78bdc47df12{ip: 10.1.0.114, host: fv-az292-843.tqgtyn10aqxuxoi0mkfbldi5vh.jx.internal.cloudapp.net, ports: [REPLICATION=44011, RATIS=35473, RATIS_ADMIN=35473, RATIS_SERVER=35473, STANDALONE=44865], networkLocation: /default-rack, certSerialId: null, persistedOpState: IN_SERVICE, persistedOpStateExpiryEpochSec: 0}60d02c60-4364-4909-b75c-044757b70e38{ip: 10.1.0.114, host: fv-az292-843.tqgtyn10aqxuxoi0mkfbldi5vh.jx.internal.cloudapp.net, ports: [REPLICATION=42729, RATIS=40107, RATIS_ADMIN=40107, RATIS_SERVER=40107, STANDALONE=34221], networkLocation: /default-rack, certSerialId: null, persistedOpState: IN_SERVICE, persistedOpStateExpiryEpochSec: 0}, ReplicationConfig: RATIS/THREE, State:ALLOCATED, leaderId:60d02c60-4364-4909-b75c-044757b70e38, CreationTimestamp2022-10-10T08:42:14.623Z[Etc/UTC]] moved to OPEN state
2022-10-10 08:42:22,210 [EventQueue-OpenPipelineForHealthyPipelineSafeModeRule] INFO  safemode.SCMSafeModeManager (HealthyPipelineSafeModeRule.java:process(137)) - SCM in safe mode. Healthy pipelines reported count is 1, required healthy pipeline reported count is 1
2022-10-10 08:42:22,211 [EventQueue-OpenPipelineForHealthyPipelineSafeModeRule] INFO  safemode.SCMSafeModeManager (SCMSafeModeManager.java:validateSafeModeExitRules(204)) - HealthyPipelineSafeModeRule rule is successfully validated
2022-10-10 08:42:22,211 [EventQueue-OpenPipelineForHealthyPipelineSafeModeRule] INFO  safemode.SCMSafeModeManager (SCMSafeModeManager.java:validateSafeModeExitRules(219)) - ScmSafeModeManager, all rules are successfully validated
2022-10-10 08:42:22,211 [EventQueue-OpenPipelineForHealthyPipelineSafeModeRule] INFO  safemode.SCMSafeModeManager (SCMSafeModeManager.java:exitSafeMode(248)) - SCM exiting safe mode.
2022-10-10 08:42:22,211 [EventQueue-OpenPipelineForHealthyPipelineSafeModeRule] WARN  events.EventQueue (EventQueue.java:fireEvent(216)) - No event handler registered for event TypedEvent{payloadType=SafeModeStatus, name='Safe mode status'}
2022-10-10 08:42:22,211 [EventQueue-OpenPipelineForHealthyPipelineSafeModeRule] INFO  ha.SCMContext (SCMContext.java:updateSafeModeStatus(228)) - Update SafeModeStatus from SafeModeStatus{safeModeStatus=true, preCheckPassed=true} to SafeModeStatus{safeModeStatus=false, preCheckPassed=true}.
2022-10-10 08:42:22,211 [EventQueue-OpenPipelineForHealthyPipelineSafeModeRule] INFO  pipeline.BackgroundPipelineCreator (BackgroundPipelineCreator.java:notifyStatusChanged(254)) - Service BackgroundPipelineCreator transitions to RUNNING.
2022-10-10 08:42:22,211 [EventQueue-OpenPipelineForHealthyPipelineSafeModeRule] INFO  BackgroundPipelineScrubber (BackgroundSCMService.java:notifyStatusChanged(82)) - Service BackgroundPipelineScrubber transitions to RUNNING.
2022-10-10 08:42:22,211 [EventQueue-OpenPipelineForHealthyPipelineSafeModeRule] INFO  ExpiredContainerReplicaOpScrubber (BackgroundSCMService.java:notifyStatusChanged(82)) - Service ExpiredContainerReplicaOpScrubber transitions to RUNNING.
2022-10-10 08:42:22,211 [EventQueue-OpenPipelineForHealthyPipelineSafeModeRule] INFO  replication.ReplicationManager (ReplicationManager.java:notifyStatusChanged(728)) - Service ReplicationManager transitions to RUNNING.
2022-10-10 08:42:22,211 [EventQueue-OpenPipelineForHealthyPipelineSafeModeRule] WARN  balancer.ContainerBalancer (ContainerBalancer.java:shouldRun(936)) - Could not find persisted configuration for ContainerBalancer when checking if ContainerBalancer should run. ContainerBalancer should not run now.
2022-10-10 08:42:22,249 [01e2fa94-bf37-40d8-a3b1-a78bdc47df12@group-AFA0D27FEB74-FollowerState] INFO  impl.FollowerState (FollowerState.java:run(143)) - 01e2fa94-bf37-40d8-a3b1-a78bdc47df12@group-AFA0D27FEB74-FollowerState: change to CANDIDATE, lastRpcElapsedTime:5024943248ns, electionTimeout:5018ms
2022-10-10 08:42:22,249 [01e2fa94-bf37-40d8-a3b1-a78bdc47df12@group-AFA0D27FEB74-FollowerState] INFO  impl.RoleInfo (RoleInfo.java:shutdownFollowerState(110)) - 01e2fa94-bf37-40d8-a3b1-a78bdc47df12: shutdown 01e2fa94-bf37-40d8-a3b1-a78bdc47df12@group-AFA0D27FEB74-FollowerState
2022-10-10 08:42:22,249 [01e2fa94-bf37-40d8-a3b1-a78bdc47df12@group-AFA0D27FEB74-FollowerState] INFO  server.RaftServer$Division (RaftServerImpl.java:setRole(299)) - 01e2fa94-bf37-40d8-a3b1-a78bdc47df12@group-AFA0D27FEB74: changes role from  FOLLOWER to CANDIDATE at term 0 for changeToCandidate
2022-10-10 08:42:22,264 [60d02c60-4364-4909-b75c-044757b70e38@group-AFA0D27FEB74-LeaderElection60] INFO  server.RaftServer$Division (ServerState.java:setRaftConf(393)) - 60d02c60-4364-4909-b75c-044757b70e38@group-AFA0D27FEB74: set configuration 0: [60d02c60-4364-4909-b75c-044757b70e38|rpc:10.1.0.114:40107|dataStream:|priority:1, b810ff59-71dc-43a2-8cb3-16d59e449a1e|rpc:10.1.0.114:43627|dataStream:|priority:0, 01e2fa94-bf37-40d8-a3b1-a78bdc47df12|rpc:10.1.0.114:35473|dataStream:|priority:0], old=null
2022-10-10 08:42:22,264 [grpc-default-executor-1] INFO  server.RaftServer$Division (RaftServerImpl.java:requestVote(1152)) - 01e2fa94-bf37-40d8-a3b1-a78bdc47df12@group-AFA0D27FEB74: receive requestVote(ELECTION, 60d02c60-4364-4909-b75c-044757b70e38, group-AFA0D27FEB74, 1, (t:0, i:0))
2022-10-10 08:42:22,269 [01e2fa94-bf37-40d8-a3b1-a78bdc47df12@group-AFA0D27FEB74-FollowerState] INFO  server.RaftServerConfigKeys (ConfUtils.java:logGet(46)) - raft.server.leaderelection.pre-vote = false (custom)
2022-10-10 08:42:22,269 [01e2fa94-bf37-40d8-a3b1-a78bdc47df12@group-AFA0D27FEB74-FollowerState] INFO  impl.RoleInfo (RoleInfo.java:updateAndGet(139)) - 01e2fa94-bf37-40d8-a3b1-a78bdc47df12: start 01e2fa94-bf37-40d8-a3b1-a78bdc47df12@group-AFA0D27FEB74-LeaderElection61
2022-10-10 08:42:22,275 [01e2fa94-bf37-40d8-a3b1-a78bdc47df12@group-AFA0D27FEB74-LeaderElection61] INFO  impl.LeaderElection (LeaderElection.java:askForVotes(310)) - 01e2fa94-bf37-40d8-a3b1-a78bdc47df12@group-AFA0D27FEB74-LeaderElection61 ELECTION round 0: submit vote requests at term 1 for -1: [60d02c60-4364-4909-b75c-044757b70e38|rpc:10.1.0.114:40107|dataStream:|priority:1, b810ff59-71dc-43a2-8cb3-16d59e449a1e|rpc:10.1.0.114:43627|dataStream:|priority:0, 01e2fa94-bf37-40d8-a3b1-a78bdc47df12|rpc:10.1.0.114:35473|dataStream:|priority:0], old=null
2022-10-10 08:42:22,277 [01e2fa94-bf37-40d8-a3b1-a78bdc47df12-server-thread1] INFO  server.RaftServer$Division (RaftServerImpl.java:setRole(299)) - 01e2fa94-bf37-40d8-a3b1-a78bdc47df12@group-AFA0D27FEB74: changes role from CANDIDATE to FOLLOWER at term 1 for appendEntries
2022-10-10 08:42:22,278 [01e2fa94-bf37-40d8-a3b1-a78bdc47df12-server-thread1] INFO  impl.RoleInfo (RoleInfo.java:shutdownLeaderElection(130)) - 01e2fa94-bf37-40d8-a3b1-a78bdc47df12: shutdown 01e2fa94-bf37-40d8-a3b1-a78bdc47df12@group-AFA0D27FEB74-LeaderElection61
2022-10-10 08:42:22,278 [01e2fa94-bf37-40d8-a3b1-a78bdc47df12-server-thread1] INFO  impl.RoleInfo (RoleInfo.java:updateAndGet(139)) - 01e2fa94-bf37-40d8-a3b1-a78bdc47df12: start 01e2fa94-bf37-40d8-a3b1-a78bdc47df12@group-AFA0D27FEB74-FollowerState
2022-10-10 08:42:22,278 [01e2fa94-bf37-40d8-a3b1-a78bdc47df12-server-thread1] INFO  ratis.XceiverServerRatis (XceiverServerRatis.java:handleLeaderChangedNotification(863)) - Leader change notification received for group: group-AFA0D27FEB74 with new leaderId: 60d02c60-4364-4909-b75c-044757b70e38
2022-10-10 08:42:22,278 [01e2fa94-bf37-40d8-a3b1-a78bdc47df12-server-thread1] INFO  server.RaftServer$Division (ServerState.java:setLeader(287)) - 01e2fa94-bf37-40d8-a3b1-a78bdc47df12@group-AFA0D27FEB74: change Leader from null to 60d02c60-4364-4909-b75c-044757b70e38 at term 1 for appendEntries, leader elected after 5066ms
2022-10-10 08:42:22,284 [grpc-default-executor-1] INFO  impl.VoteContext (VoteContext.java:log(48)) - 01e2fa94-bf37-40d8-a3b1-a78bdc47df12@group-AFA0D27FEB74-FOLLOWER: reject ELECTION from 60d02c60-4364-4909-b75c-044757b70e38: already has voted for 01e2fa94-bf37-40d8-a3b1-a78bdc47df12 at current term 1
2022-10-10 08:42:22,284 [grpc-default-executor-1] INFO  server.RaftServer$Division (RaftServerImpl.java:requestVote(1184)) - 01e2fa94-bf37-40d8-a3b1-a78bdc47df12@group-AFA0D27FEB74 replies to ELECTION vote request: 60d02c60-4364-4909-b75c-044757b70e38<-01e2fa94-bf37-40d8-a3b1-a78bdc47df12#0:FAIL-t1. Peer's state: 01e2fa94-bf37-40d8-a3b1-a78bdc47df12@group-AFA0D27FEB74:t1, leader=60d02c60-4364-4909-b75c-044757b70e38, voted=01e2fa94-bf37-40d8-a3b1-a78bdc47df12, raftlog=01e2fa94-bf37-40d8-a3b1-a78bdc47df12@group-AFA0D27FEB74-SegmentedRaftLog:OPENED:c-1, conf=-1: [60d02c60-4364-4909-b75c-044757b70e38|rpc:10.1.0.114:40107|dataStream:|priority:1, b810ff59-71dc-43a2-8cb3-16d59e449a1e|rpc:10.1.0.114:43627|dataStream:|priority:0, 01e2fa94-bf37-40d8-a3b1-a78bdc47df12|rpc:10.1.0.114:35473|dataStream:|priority:0], old=null
2022-10-10 08:42:22,285 [01e2fa94-bf37-40d8-a3b1-a78bdc47df12@group-AFA0D27FEB74-LeaderElection61] INFO  impl.LeaderElection (LeaderElection.java:logAndReturn(90)) - 01e2fa94-bf37-40d8-a3b1-a78bdc47df12@group-AFA0D27FEB74-LeaderElection61: ELECTION REJECTED received 0 response(s) and 0 exception(s):
2022-10-10 08:42:22,285 [01e2fa94-bf37-40d8-a3b1-a78bdc47df12@group-AFA0D27FEB74-LeaderElection61] INFO  impl.LeaderElection (LeaderElection.java:askForVotes(312)) - 01e2fa94-bf37-40d8-a3b1-a78bdc47df12@group-AFA0D27FEB74-LeaderElection61 ELECTION round 0: result REJECTED
2022-10-10 08:42:22,290 [b810ff59-71dc-43a2-8cb3-16d59e449a1e-server-thread1] INFO  ratis.XceiverServerRatis (XceiverServerRatis.java:handleLeaderChangedNotification(863)) - Leader change notification received for group: group-AFA0D27FEB74 with new leaderId: 60d02c60-4364-4909-b75c-044757b70e38
2022-10-10 08:42:22,291 [b810ff59-71dc-43a2-8cb3-16d59e449a1e-server-thread1] INFO  server.RaftServer$Division (ServerState.java:setLeader(287)) - b810ff59-71dc-43a2-8cb3-16d59e449a1e@group-AFA0D27FEB74: change Leader from null to 60d02c60-4364-4909-b75c-044757b70e38 at term 1 for appendEntries, leader elected after 5304ms
2022-10-10 08:42:22,310 [b810ff59-71dc-43a2-8cb3-16d59e449a1e-server-thread1] INFO  server.RaftServer$Division (ServerState.java:setRaftConf(393)) - b810ff59-71dc-43a2-8cb3-16d59e449a1e@group-AFA0D27FEB74: set configuration 0: [60d02c60-4364-4909-b75c-044757b70e38|rpc:10.1.0.114:40107|dataStream:|priority:1, b810ff59-71dc-43a2-8cb3-16d59e449a1e|rpc:10.1.0.114:43627|dataStream:|priority:0, 01e2fa94-bf37-40d8-a3b1-a78bdc47df12|rpc:10.1.0.114:35473|dataStream:|priority:0], old=null
2022-10-10 08:42:22,324 [01e2fa94-bf37-40d8-a3b1-a78bdc47df12-server-thread1] INFO  server.RaftServer$Division (ServerState.java:setRaftConf(393)) - 01e2fa94-bf37-40d8-a3b1-a78bdc47df12@group-AFA0D27FEB74: set configuration 0: [60d02c60-4364-4909-b75c-044757b70e38|rpc:10.1.0.114:40107|dataStream:|priority:1, b810ff59-71dc-43a2-8cb3-16d59e449a1e|rpc:10.1.0.114:43627|dataStream:|priority:0, 01e2fa94-bf37-40d8-a3b1-a78bdc47df12|rpc:10.1.0.114:35473|dataStream:|priority:0], old=null
2022-10-10 08:42:22,324 [01e2fa94-bf37-40d8-a3b1-a78bdc47df12-server-thread1] INFO  segmented.SegmentedRaftLogWorker (SegmentedRaftLogWorker.java:startLogSegment(425)) - 01e2fa94-bf37-40d8-a3b1-a78bdc47df12@group-AFA0D27FEB74-SegmentedRaftLogWorker: Starting segment from index:0
2022-10-10 08:42:22,325 [b810ff59-71dc-43a2-8cb3-16d59e449a1e-server-thread1] INFO  segmented.SegmentedRaftLogWorker (SegmentedRaftLogWorker.java:startLogSegment(425)) - b810ff59-71dc-43a2-8cb3-16d59e449a1e@group-AFA0D27FEB74-SegmentedRaftLogWorker: Starting segment from index:0
2022-10-10 08:42:22,327 [01e2fa94-bf37-40d8-a3b1-a78bdc47df12@group-AFA0D27FEB74-SegmentedRaftLogWorker] INFO  segmented.SegmentedRaftLogWorker (SegmentedRaftLogWorker.java:execute(629)) - 01e2fa94-bf37-40d8-a3b1-a78bdc47df12@group-AFA0D27FEB74-SegmentedRaftLogWorker: created new log segment /home/runner/work/ozone/ozone/hadoop-ozone/integration-test/target/test-dir/MiniOzoneClusterImpl-900ef34e-234b-421b-bced-fede2d4c92a4/datanode-2/data/ratis/82707386-6ed1-4580-816e-afa0d27feb74/current/log_inprogress_0
2022-10-10 08:42:22,327 [b810ff59-71dc-43a2-8cb3-16d59e449a1e@group-AFA0D27FEB74-SegmentedRaftLogWorker] INFO  segmented.SegmentedRaftLogWorker (SegmentedRaftLogWorker.java:execute(629)) - b810ff59-71dc-43a2-8cb3-16d59e449a1e@group-AFA0D27FEB74-SegmentedRaftLogWorker: created new log segment /home/runner/work/ozone/ozone/hadoop-ozone/integration-test/target/test-dir/MiniOzoneClusterImpl-900ef34e-234b-421b-bced-fede2d4c92a4/datanode-0/data/ratis/82707386-6ed1-4580-816e-afa0d27feb74/current/log_inprogress_0
2022-10-10 08:42:22,375 [grpc-default-executor-1] INFO  server.RaftServer$Division (RaftServerImpl.java:requestVote(1152)) - b810ff59-71dc-43a2-8cb3-16d59e449a1e@group-AFA0D27FEB74: receive requestVote(ELECTION, 01e2fa94-bf37-40d8-a3b1-a78bdc47df12, group-AFA0D27FEB74, 1, (t:0, i:0))
2022-10-10 08:42:22,375 [grpc-default-executor-1] INFO  impl.VoteContext (VoteContext.java:log(48)) - b810ff59-71dc-43a2-8cb3-16d59e449a1e@group-AFA0D27FEB74-FOLLOWER: reject ELECTION from 01e2fa94-bf37-40d8-a3b1-a78bdc47df12: already has voted for 60d02c60-4364-4909-b75c-044757b70e38 at current term 1
2022-10-10 08:42:22,376 [grpc-default-executor-1] INFO  server.RaftServer$Division (RaftServerImpl.java:requestVote(1184)) - b810ff59-71dc-43a2-8cb3-16d59e449a1e@group-AFA0D27FEB74 replies to ELECTION vote request: 01e2fa94-bf37-40d8-a3b1-a78bdc47df12<-b810ff59-71dc-43a2-8cb3-16d59e449a1e#0:FAIL-t1. Peer's state: b810ff59-71dc-43a2-8cb3-16d59e449a1e@group-AFA0D27FEB74:t1, leader=60d02c60-4364-4909-b75c-044757b70e38, voted=60d02c60-4364-4909-b75c-044757b70e38, raftlog=b810ff59-71dc-43a2-8cb3-16d59e449a1e@group-AFA0D27FEB74-SegmentedRaftLog:OPENED:c-1, conf=0: [60d02c60-4364-4909-b75c-044757b70e38|rpc:10.1.0.114:40107|dataStream:|priority:1, b810ff59-71dc-43a2-8cb3-16d59e449a1e|rpc:10.1.0.114:43627|dataStream:|priority:0, 01e2fa94-bf37-40d8-a3b1-a78bdc47df12|rpc:10.1.0.114:35473|dataStream:|priority:0], old=null
2022-10-10 08:42:22,376 [grpc-default-executor-3] INFO  server.RaftServer$Division (RaftServerImpl.java:requestVote(1152)) - 60d02c60-4364-4909-b75c-044757b70e38@group-AFA0D27FEB74: receive requestVote(ELECTION, 01e2fa94-bf37-40d8-a3b1-a78bdc47df12, group-AFA0D27FEB74, 1, (t:0, i:0))
2022-10-10 08:42:22,377 [grpc-default-executor-3] INFO  impl.VoteContext (VoteContext.java:log(48)) - 60d02c60-4364-4909-b75c-044757b70e38@group-AFA0D27FEB74-LEADER: reject ELECTION from 01e2fa94-bf37-40d8-a3b1-a78bdc47df12: already has voted for 60d02c60-4364-4909-b75c-044757b70e38 at current term 1
2022-10-10 08:42:22,377 [grpc-default-executor-3] INFO  server.RaftServer$Division (RaftServerImpl.java:requestVote(1184)) - 60d02c60-4364-4909-b75c-044757b70e38@group-AFA0D27FEB74 replies to ELECTION vote request: 01e2fa94-bf37-40d8-a3b1-a78bdc47df12<-60d02c60-4364-4909-b75c-044757b70e38#0:FAIL-t1. Peer's state: 60d02c60-4364-4909-b75c-044757b70e38@group-AFA0D27FEB74:t1, leader=60d02c60-4364-4909-b75c-044757b70e38, voted=60d02c60-4364-4909-b75c-044757b70e38, raftlog=60d02c60-4364-4909-b75c-044757b70e38@group-AFA0D27FEB74-SegmentedRaftLog:OPENED:c0, conf=0: [60d02c60-4364-4909-b75c-044757b70e38|rpc:10.1.0.114:40107|dataStream:|priority:1, b810ff59-71dc-43a2-8cb3-16d59e449a1e|rpc:10.1.0.114:43627|dataStream:|priority:0, 01e2fa94-bf37-40d8-a3b1-a78bdc47df12|rpc:10.1.0.114:35473|dataStream:|priority:0], old=null
2022-10-10 08:42:22,493 [Listener at 127.0.0.1/37485] INFO  ozone.MiniOzoneClusterImpl (MiniOzoneClusterImpl.java:lambda$waitForClusterToBeReady$0(216)) - Nodes are ready. Got 5 of 5 DN Heartbeats.
2022-10-10 08:42:22,493 [Listener at 127.0.0.1/37485] INFO  ozone.MiniOzoneClusterImpl (MiniOzoneClusterImpl.java:lambda$waitForClusterToBeReady$0(219)) - Cluster exits safe mode
2022-10-10 08:42:22,493 [Listener at 127.0.0.1/37485] INFO  ozone.MiniOzoneClusterImpl (MiniOzoneClusterImpl.java:lambda$waitForClusterToBeReady$0(221)) - SCM became leader
2022-10-10 08:42:22,571 [Listener at 127.0.0.1/37485] INFO  rpc.RpcClient (RpcClient.java:createVolume(471)) - Creating Volume: volume23299, with user84126 as owner and space quota set to -1 bytes, counts quota set to -1
2022-10-10 08:42:22,581 [IPC Server handler 6 on default port 37485] INFO  volume.OMVolumeCreateRequest (OMVolumeCreateRequest.java:validateAndUpdateCache(195)) - created volume:volume23299 for user:user84126
2022-10-10 08:42:22,609 [Listener at 127.0.0.1/37485] INFO  rpc.RpcClient (RpcClient.java:createBucket(674)) - Creating Bucket: volume23299/bucket63939, with bucket layout LEGACY, runner as owner, Versioning false, Storage Type set to DISK and Encryption set to false 
2022-10-10 08:42:22,622 [IPC Server handler 4 on default port 37485] INFO  bucket.OMBucketCreateRequest (OMBucketCreateRequest.java:validateAndUpdateCache(260)) - created bucket: bucket63939 of layout LEGACY in volume: volume23299
2022-10-10 08:42:22,708 [01e2fa94-bf37-40d8-a3b1-a78bdc47df12@group-A4A71DEF64E6-FollowerState] INFO  impl.FollowerState (FollowerState.java:run(143)) - 01e2fa94-bf37-40d8-a3b1-a78bdc47df12@group-A4A71DEF64E6-FollowerState: change to CANDIDATE, lastRpcElapsedTime:5097105095ns, electionTimeout:5090ms
2022-10-10 08:42:22,708 [01e2fa94-bf37-40d8-a3b1-a78bdc47df12@group-A4A71DEF64E6-FollowerState] INFO  impl.RoleInfo (RoleInfo.java:shutdownFollowerState(110)) - 01e2fa94-bf37-40d8-a3b1-a78bdc47df12: shutdown 01e2fa94-bf37-40d8-a3b1-a78bdc47df12@group-A4A71DEF64E6-FollowerState
2022-10-10 08:42:22,708 [01e2fa94-bf37-40d8-a3b1-a78bdc47df12@group-A4A71DEF64E6-FollowerState] INFO  server.RaftServer$Division (RaftServerImpl.java:setRole(299)) - 01e2fa94-bf37-40d8-a3b1-a78bdc47df12@group-A4A71DEF64E6: changes role from  FOLLOWER to CANDIDATE at term 0 for changeToCandidate
2022-10-10 08:42:22,708 [01e2fa94-bf37-40d8-a3b1-a78bdc47df12@group-A4A71DEF64E6-FollowerState] INFO  server.RaftServerConfigKeys (ConfUtils.java:logGet(46)) - raft.server.leaderelection.pre-vote = false (custom)
2022-10-10 08:42:22,708 [01e2fa94-bf37-40d8-a3b1-a78bdc47df12@group-A4A71DEF64E6-FollowerState] INFO  impl.RoleInfo (RoleInfo.java:updateAndGet(139)) - 01e2fa94-bf37-40d8-a3b1-a78bdc47df12: start 01e2fa94-bf37-40d8-a3b1-a78bdc47df12@group-A4A71DEF64E6-LeaderElection62
2022-10-10 08:42:22,747 [01e2fa94-bf37-40d8-a3b1-a78bdc47df12@group-A4A71DEF64E6-LeaderElection62] INFO  impl.LeaderElection (LeaderElection.java:askForVotes(310)) - 01e2fa94-bf37-40d8-a3b1-a78bdc47df12@group-A4A71DEF64E6-LeaderElection62 ELECTION round 0: submit vote requests at term 1 for -1: [01e2fa94-bf37-40d8-a3b1-a78bdc47df12|rpc:10.1.0.114:35473|priority:1], old=null
2022-10-10 08:42:22,747 [01e2fa94-bf37-40d8-a3b1-a78bdc47df12@group-A4A71DEF64E6-LeaderElection62] INFO  impl.LeaderElection (LeaderElection.java:askForVotes(312)) - 01e2fa94-bf37-40d8-a3b1-a78bdc47df12@group-A4A71DEF64E6-LeaderElection62 ELECTION round 0: result PASSED (term=1)
2022-10-10 08:42:22,748 [01e2fa94-bf37-40d8-a3b1-a78bdc47df12@group-A4A71DEF64E6-LeaderElection62] INFO  impl.RoleInfo (RoleInfo.java:shutdownLeaderElection(130)) - 01e2fa94-bf37-40d8-a3b1-a78bdc47df12: shutdown 01e2fa94-bf37-40d8-a3b1-a78bdc47df12@group-A4A71DEF64E6-LeaderElection62
2022-10-10 08:42:22,748 [01e2fa94-bf37-40d8-a3b1-a78bdc47df12@group-A4A71DEF64E6-LeaderElection62] INFO  server.RaftServer$Division (RaftServerImpl.java:setRole(299)) - 01e2fa94-bf37-40d8-a3b1-a78bdc47df12@group-A4A71DEF64E6: changes role from CANDIDATE to LEADER at term 1 for changeToLeader
2022-10-10 08:42:22,748 [01e2fa94-bf37-40d8-a3b1-a78bdc47df12@group-A4A71DEF64E6-LeaderElection62] INFO  ratis.XceiverServerRatis (XceiverServerRatis.java:handleLeaderChangedNotification(863)) - Leader change notification received for group: group-A4A71DEF64E6 with new leaderId: 01e2fa94-bf37-40d8-a3b1-a78bdc47df12
2022-10-10 08:42:22,750 [01e2fa94-bf37-40d8-a3b1-a78bdc47df12@group-A4A71DEF64E6-LeaderElection62] INFO  server.RaftServer$Division (ServerState.java:setLeader(287)) - 01e2fa94-bf37-40d8-a3b1-a78bdc47df12@group-A4A71DEF64E6: change Leader from null to 01e2fa94-bf37-40d8-a3b1-a78bdc47df12 at term 1 for becomeLeader, leader elected after 5143ms
2022-10-10 08:42:22,750 [01e2fa94-bf37-40d8-a3b1-a78bdc47df12@group-A4A71DEF64E6-LeaderElection62] INFO  server.RaftServerConfigKeys (ConfUtils.java:logGet(46)) - raft.server.staging.catchup.gap = 1000 (default)
2022-10-10 08:42:22,750 [01e2fa94-bf37-40d8-a3b1-a78bdc47df12@group-A4A71DEF64E6-LeaderElection62] INFO  server.RaftServerConfigKeys (ConfUtils.java:logGet(46)) - raft.server.write.element-limit = 1024 (custom)
2022-10-10 08:42:22,751 [01e2fa94-bf37-40d8-a3b1-a78bdc47df12@group-A4A71DEF64E6-LeaderElection62] INFO  server.RaftServerConfigKeys (ConfUtils.java:logGet(46)) - raft.server.write.byte-limit = 1024 M (=1073741824) (custom)
2022-10-10 08:42:22,751 [01e2fa94-bf37-40d8-a3b1-a78bdc47df12@group-A4A71DEF64E6-LeaderElection62] INFO  server.RaftServerConfigKeys (ConfUtils.java:logGet(46)) - raft.server.watch.timeout = 180s (custom)
2022-10-10 08:42:22,751 [01e2fa94-bf37-40d8-a3b1-a78bdc47df12@group-A4A71DEF64E6-LeaderElection62] INFO  server.RaftServerConfigKeys (ConfUtils.java:logGet(46)) - raft.server.watch.timeout.denomination = 1s (default)
2022-10-10 08:42:22,751 [01e2fa94-bf37-40d8-a3b1-a78bdc47df12@group-A4A71DEF64E6-LeaderElection62] INFO  server.RaftServerConfigKeys (ConfUtils.java:logGet(46)) - raft.server.watch.element-limit = 65536 (default)
2022-10-10 08:42:22,751 [01e2fa94-bf37-40d8-a3b1-a78bdc47df12@group-A4A71DEF64E6-LeaderElection62] INFO  server.RaftServerConfigKeys (ConfUtils.java:logGet(46)) - raft.server.write.element-limit = 1024 (custom)
2022-10-10 08:42:22,751 [01e2fa94-bf37-40d8-a3b1-a78bdc47df12@group-A4A71DEF64E6-LeaderElection62] INFO  server.RaftServerConfigKeys (ConfUtils.java:logGet(46)) - raft.server.write.follower.gap.ratio.max = -1.0 (default)
2022-10-10 08:42:22,751 [01e2fa94-bf37-40d8-a3b1-a78bdc47df12@group-A4A71DEF64E6-LeaderElection62] INFO  impl.RoleInfo (RoleInfo.java:updateAndGet(139)) - 01e2fa94-bf37-40d8-a3b1-a78bdc47df12: start 01e2fa94-bf37-40d8-a3b1-a78bdc47df12@group-A4A71DEF64E6-LeaderStateImpl
2022-10-10 08:42:22,752 [01e2fa94-bf37-40d8-a3b1-a78bdc47df12@group-A4A71DEF64E6-LeaderElection62] INFO  segmented.SegmentedRaftLogWorker (SegmentedRaftLogWorker.java:startLogSegment(425)) - 01e2fa94-bf37-40d8-a3b1-a78bdc47df12@group-A4A71DEF64E6-SegmentedRaftLogWorker: Starting segment from index:0
2022-10-10 08:42:22,754 [01e2fa94-bf37-40d8-a3b1-a78bdc47df12@group-A4A71DEF64E6-SegmentedRaftLogWorker] INFO  segmented.SegmentedRaftLogWorker (SegmentedRaftLogWorker.java:execute(629)) - 01e2fa94-bf37-40d8-a3b1-a78bdc47df12@group-A4A71DEF64E6-SegmentedRaftLogWorker: created new log segment /home/runner/work/ozone/ozone/hadoop-ozone/integration-test/target/test-dir/MiniOzoneClusterImpl-900ef34e-234b-421b-bced-fede2d4c92a4/datanode-2/data/ratis/e1955994-fbd1-4307-bd03-a4a71def64e6/current/log_inprogress_0
2022-10-10 08:42:22,767 [01e2fa94-bf37-40d8-a3b1-a78bdc47df12@group-A4A71DEF64E6-LeaderElection62] INFO  server.RaftServer$Division (ServerState.java:setRaftConf(393)) - 01e2fa94-bf37-40d8-a3b1-a78bdc47df12@group-A4A71DEF64E6: set configuration 0: [01e2fa94-bf37-40d8-a3b1-a78bdc47df12|rpc:10.1.0.114:35473|dataStream:|priority:1], old=null
]]></system-out>
  </testcase>
  <testcase name="testSeekOnFileLength" classname="TestOzoneFileSystem" time="1.146">
    <system-out><![CDATA[2022-10-10 08:34:59,226 [IPC Server handler 0 on default port 37253] INFO  ha.SequenceIdGenerator (SequenceIdGenerator.java:getNextId(128)) - Allocate a batch for containerId, change lastId from 0 to 1000.
2022-10-10 08:34:59,264 [IPC Server handler 0 on default port 37253] WARN  ha.SequenceIdGenerator (SequenceIdGenerator.java:allocateBatch(237)) - Failed to allocate a batch for localId, expected lastId is 0, actual lastId is 109611004723200000.
2022-10-10 08:34:59,264 [IPC Server handler 0 on default port 37253] INFO  ha.SequenceIdGenerator (SequenceIdGenerator.java:getNextId(128)) - Allocate a batch for localId, change lastId from 109611004723200000 to 109611004723201000.
2022-10-10 08:34:59,363 [Time-limited test] INFO  impl.MetricsSystemImpl (MetricsSystemImpl.java:init(158)) - XceiverClientMetrics metrics system started (again)
08:35:00.253 [IPC Server handler 4 on default port 46487] ERROR OMAudit - user=runner | ip=127.0.0.1 | op=LOOKUP_FILE {volume=volume16396, bucket=bucket39555, key=file_notexist, dataSize=0, replicationConfig=null} | ret=FAILURE
org.apache.hadoop.ozone.om.exceptions.OMException: Unable to get file status: volume: volume16396 bucket: bucket39555 key: file_notexist
	at org.apache.hadoop.ozone.om.KeyManagerImpl.getOzoneFileStatus(KeyManagerImpl.java:1270) ~[ozone-manager-1.3.0-SNAPSHOT.jar:?]
	at org.apache.hadoop.ozone.om.KeyManagerImpl.lookupFile(KeyManagerImpl.java:1382) ~[ozone-manager-1.3.0-SNAPSHOT.jar:?]
	at org.apache.hadoop.ozone.om.OzoneManager.lookupFile(OzoneManager.java:3545) ~[ozone-manager-1.3.0-SNAPSHOT.jar:?]
	at org.apache.hadoop.ozone.protocolPB.OzoneManagerRequestHandler.lookupFile(OzoneManagerRequestHandler.java:995) ~[ozone-manager-1.3.0-SNAPSHOT.jar:?]
	at org.apache.hadoop.ozone.protocolPB.OzoneManagerRequestHandler.handleReadRequest(OzoneManagerRequestHandler.java:234) ~[ozone-manager-1.3.0-SNAPSHOT.jar:?]
	at org.apache.hadoop.ozone.protocolPB.OzoneManagerProtocolServerSideTranslatorPB.submitReadRequestToOM(OzoneManagerProtocolServerSideTranslatorPB.java:226) ~[ozone-manager-1.3.0-SNAPSHOT.jar:?]
	at org.apache.hadoop.ozone.protocolPB.OzoneManagerProtocolServerSideTranslatorPB.processRequest(OzoneManagerProtocolServerSideTranslatorPB.java:175) ~[ozone-manager-1.3.0-SNAPSHOT.jar:?]
	at org.apache.hadoop.hdds.server.OzoneProtocolMessageDispatcher.processRequest(OzoneProtocolMessageDispatcher.java:87) [hdds-server-framework-1.3.0-SNAPSHOT.jar:?]
	at org.apache.hadoop.ozone.protocolPB.OzoneManagerProtocolServerSideTranslatorPB.submitRequest(OzoneManagerProtocolServerSideTranslatorPB.java:147) [ozone-manager-1.3.0-SNAPSHOT.jar:?]
	at org.apache.hadoop.ozone.protocol.proto.OzoneManagerProtocolProtos$OzoneManagerService$2.callBlockingMethod(OzoneManagerProtocolProtos.java) [ozone-interface-client-1.3.0-SNAPSHOT.jar:?]
	at org.apache.hadoop.ipc.ProtobufRpcEngine$Server.processCall(ProtobufRpcEngine.java:466) [hadoop-common-3.3.1.jar:?]
	at org.apache.hadoop.ipc.ProtobufRpcEngine2$Server$ProtoBufRpcInvoker.call(ProtobufRpcEngine2.java:574) [hadoop-common-3.3.1.jar:?]
	at org.apache.hadoop.ipc.ProtobufRpcEngine2$Server$ProtoBufRpcInvoker.call(ProtobufRpcEngine2.java:552) [hadoop-common-3.3.1.jar:?]
	at org.apache.hadoop.ipc.RPC$Server.call(RPC.java:1093) [hadoop-common-3.3.1.jar:?]
	at org.apache.hadoop.ipc.Server$RpcCall.run(Server.java:1035) [hadoop-common-3.3.1.jar:?]
	at org.apache.hadoop.ipc.Server$RpcCall.run(Server.java:963) [hadoop-common-3.3.1.jar:?]
	at java.security.AccessController.doPrivileged(Native Method) ~[?:1.8.0_345]
	at javax.security.auth.Subject.doAs(Subject.java:422) [?:1.8.0_345]
	at org.apache.hadoop.security.UserGroupInformation.doAs(UserGroupInformation.java:1878) [hadoop-common-3.3.1.jar:?]
	at org.apache.hadoop.ipc.Server$Handler.run(Server.java:2966) [hadoop-common-3.3.1.jar:?]
]]></system-out>
  </testcase>
  <testcase name="testSeekOnFileLength" classname="TestOzoneFileSystem" time="0.435">
    <system-out><![CDATA[2022-10-10 08:38:39,364 [IPC Server handler 1 on default port 45169] INFO  ha.SequenceIdGenerator (SequenceIdGenerator.java:getNextId(128)) - Allocate a batch for containerId, change lastId from 0 to 1000.
2022-10-10 08:38:39,373 [IPC Server handler 1 on default port 45169] WARN  ha.SequenceIdGenerator (SequenceIdGenerator.java:allocateBatch(237)) - Failed to allocate a batch for localId, expected lastId is 0, actual lastId is 109611004723200000.
2022-10-10 08:38:39,374 [IPC Server handler 1 on default port 45169] INFO  ha.SequenceIdGenerator (SequenceIdGenerator.java:getNextId(128)) - Allocate a batch for localId, change lastId from 109611004723200000 to 109611004723201000.
2022-10-10 08:38:39,502 [606b3dcd-c583-45a5-a0cf-b179208ecf3f@group-112013CA6F95-FollowerState] INFO  impl.FollowerState (FollowerState.java:run(143)) - 606b3dcd-c583-45a5-a0cf-b179208ecf3f@group-112013CA6F95-FollowerState: change to CANDIDATE, lastRpcElapsedTime:5188611284ns, electionTimeout:5174ms
2022-10-10 08:38:39,502 [606b3dcd-c583-45a5-a0cf-b179208ecf3f@group-112013CA6F95-FollowerState] INFO  impl.RoleInfo (RoleInfo.java:shutdownFollowerState(110)) - 606b3dcd-c583-45a5-a0cf-b179208ecf3f: shutdown 606b3dcd-c583-45a5-a0cf-b179208ecf3f@group-112013CA6F95-FollowerState
2022-10-10 08:38:39,502 [606b3dcd-c583-45a5-a0cf-b179208ecf3f@group-112013CA6F95-FollowerState] INFO  server.RaftServer$Division (RaftServerImpl.java:setRole(299)) - 606b3dcd-c583-45a5-a0cf-b179208ecf3f@group-112013CA6F95: changes role from  FOLLOWER to CANDIDATE at term 0 for changeToCandidate
2022-10-10 08:38:39,502 [606b3dcd-c583-45a5-a0cf-b179208ecf3f@group-112013CA6F95-FollowerState] INFO  server.RaftServerConfigKeys (ConfUtils.java:logGet(46)) - raft.server.leaderelection.pre-vote = false (custom)
2022-10-10 08:38:39,503 [606b3dcd-c583-45a5-a0cf-b179208ecf3f@group-112013CA6F95-FollowerState] INFO  impl.RoleInfo (RoleInfo.java:updateAndGet(139)) - 606b3dcd-c583-45a5-a0cf-b179208ecf3f: start 606b3dcd-c583-45a5-a0cf-b179208ecf3f@group-112013CA6F95-LeaderElection17
2022-10-10 08:38:39,561 [606b3dcd-c583-45a5-a0cf-b179208ecf3f@group-112013CA6F95-LeaderElection17] INFO  impl.LeaderElection (LeaderElection.java:askForVotes(310)) - 606b3dcd-c583-45a5-a0cf-b179208ecf3f@group-112013CA6F95-LeaderElection17 ELECTION round 0: submit vote requests at term 1 for -1: [606b3dcd-c583-45a5-a0cf-b179208ecf3f|rpc:10.1.0.114:39749|priority:1], old=null
2022-10-10 08:38:39,562 [606b3dcd-c583-45a5-a0cf-b179208ecf3f@group-112013CA6F95-LeaderElection17] INFO  impl.LeaderElection (LeaderElection.java:askForVotes(312)) - 606b3dcd-c583-45a5-a0cf-b179208ecf3f@group-112013CA6F95-LeaderElection17 ELECTION round 0: result PASSED (term=1)
2022-10-10 08:38:39,562 [606b3dcd-c583-45a5-a0cf-b179208ecf3f@group-112013CA6F95-LeaderElection17] INFO  impl.RoleInfo (RoleInfo.java:shutdownLeaderElection(130)) - 606b3dcd-c583-45a5-a0cf-b179208ecf3f: shutdown 606b3dcd-c583-45a5-a0cf-b179208ecf3f@group-112013CA6F95-LeaderElection17
2022-10-10 08:38:39,562 [606b3dcd-c583-45a5-a0cf-b179208ecf3f@group-112013CA6F95-LeaderElection17] INFO  server.RaftServer$Division (RaftServerImpl.java:setRole(299)) - 606b3dcd-c583-45a5-a0cf-b179208ecf3f@group-112013CA6F95: changes role from CANDIDATE to LEADER at term 1 for changeToLeader
2022-10-10 08:38:39,562 [606b3dcd-c583-45a5-a0cf-b179208ecf3f@group-112013CA6F95-LeaderElection17] INFO  ratis.XceiverServerRatis (XceiverServerRatis.java:handleLeaderChangedNotification(863)) - Leader change notification received for group: group-112013CA6F95 with new leaderId: 606b3dcd-c583-45a5-a0cf-b179208ecf3f
2022-10-10 08:38:39,562 [606b3dcd-c583-45a5-a0cf-b179208ecf3f@group-112013CA6F95-LeaderElection17] INFO  server.RaftServer$Division (ServerState.java:setLeader(287)) - 606b3dcd-c583-45a5-a0cf-b179208ecf3f@group-112013CA6F95: change Leader from null to 606b3dcd-c583-45a5-a0cf-b179208ecf3f at term 1 for becomeLeader, leader elected after 5264ms
2022-10-10 08:38:39,562 [606b3dcd-c583-45a5-a0cf-b179208ecf3f@group-112013CA6F95-LeaderElection17] INFO  server.RaftServerConfigKeys (ConfUtils.java:logGet(46)) - raft.server.staging.catchup.gap = 1000 (default)
2022-10-10 08:38:39,562 [606b3dcd-c583-45a5-a0cf-b179208ecf3f@group-112013CA6F95-LeaderElection17] INFO  server.RaftServerConfigKeys (ConfUtils.java:logGet(46)) - raft.server.write.element-limit = 1024 (custom)
2022-10-10 08:38:39,562 [606b3dcd-c583-45a5-a0cf-b179208ecf3f@group-112013CA6F95-LeaderElection17] INFO  server.RaftServerConfigKeys (ConfUtils.java:logGet(46)) - raft.server.write.byte-limit = 1024 M (=1073741824) (custom)
2022-10-10 08:38:39,563 [606b3dcd-c583-45a5-a0cf-b179208ecf3f@group-112013CA6F95-LeaderElection17] INFO  server.RaftServerConfigKeys (ConfUtils.java:logGet(46)) - raft.server.watch.timeout = 180s (custom)
2022-10-10 08:38:39,563 [606b3dcd-c583-45a5-a0cf-b179208ecf3f@group-112013CA6F95-LeaderElection17] INFO  server.RaftServerConfigKeys (ConfUtils.java:logGet(46)) - raft.server.watch.timeout.denomination = 1s (default)
2022-10-10 08:38:39,563 [606b3dcd-c583-45a5-a0cf-b179208ecf3f@group-112013CA6F95-LeaderElection17] INFO  server.RaftServerConfigKeys (ConfUtils.java:logGet(46)) - raft.server.watch.element-limit = 65536 (default)
2022-10-10 08:38:39,563 [606b3dcd-c583-45a5-a0cf-b179208ecf3f@group-112013CA6F95-LeaderElection17] INFO  server.RaftServerConfigKeys (ConfUtils.java:logGet(46)) - raft.server.write.element-limit = 1024 (custom)
2022-10-10 08:38:39,563 [606b3dcd-c583-45a5-a0cf-b179208ecf3f@group-112013CA6F95-LeaderElection17] INFO  server.RaftServerConfigKeys (ConfUtils.java:logGet(46)) - raft.server.write.follower.gap.ratio.max = -1.0 (default)
2022-10-10 08:38:39,563 [606b3dcd-c583-45a5-a0cf-b179208ecf3f@group-112013CA6F95-LeaderElection17] INFO  impl.RoleInfo (RoleInfo.java:updateAndGet(139)) - 606b3dcd-c583-45a5-a0cf-b179208ecf3f: start 606b3dcd-c583-45a5-a0cf-b179208ecf3f@group-112013CA6F95-LeaderStateImpl
2022-10-10 08:38:39,563 [606b3dcd-c583-45a5-a0cf-b179208ecf3f@group-112013CA6F95-LeaderElection17] INFO  segmented.SegmentedRaftLogWorker (SegmentedRaftLogWorker.java:startLogSegment(425)) - 606b3dcd-c583-45a5-a0cf-b179208ecf3f@group-112013CA6F95-SegmentedRaftLogWorker: Starting segment from index:0
2022-10-10 08:38:39,565 [606b3dcd-c583-45a5-a0cf-b179208ecf3f@group-112013CA6F95-SegmentedRaftLogWorker] INFO  segmented.SegmentedRaftLogWorker (SegmentedRaftLogWorker.java:execute(629)) - 606b3dcd-c583-45a5-a0cf-b179208ecf3f@group-112013CA6F95-SegmentedRaftLogWorker: created new log segment /home/runner/work/ozone/ozone/hadoop-ozone/integration-test/target/test-dir/MiniOzoneClusterImpl-48dafe68-2a65-4a21-9ceb-731b54627123/datanode-1/data/ratis/dd6884c9-4a05-4702-9bd9-112013ca6f95/current/log_inprogress_0
2022-10-10 08:38:39,581 [606b3dcd-c583-45a5-a0cf-b179208ecf3f@group-112013CA6F95-LeaderElection17] INFO  server.RaftServer$Division (ServerState.java:setRaftConf(393)) - 606b3dcd-c583-45a5-a0cf-b179208ecf3f@group-112013CA6F95: set configuration 0: [606b3dcd-c583-45a5-a0cf-b179208ecf3f|rpc:10.1.0.114:39749|dataStream:|priority:1], old=null
08:38:39.775 [IPC Server handler 14 on default port 43231] ERROR OMAudit - user=runner | ip=127.0.0.1 | op=LOOKUP_FILE {volume=volume27327, bucket=bucket40120, key=file_notexist, dataSize=0, replicationConfig=null} | ret=FAILURE
org.apache.hadoop.ozone.om.exceptions.OMException: Unable to get file status: volume: volume27327 bucket: bucket40120 key: file_notexist
	at org.apache.hadoop.ozone.om.KeyManagerImpl.getOzoneFileStatus(KeyManagerImpl.java:1270) ~[ozone-manager-1.3.0-SNAPSHOT.jar:?]
	at org.apache.hadoop.ozone.om.KeyManagerImpl.lookupFile(KeyManagerImpl.java:1382) ~[ozone-manager-1.3.0-SNAPSHOT.jar:?]
	at org.apache.hadoop.ozone.om.OzoneManager.lookupFile(OzoneManager.java:3545) ~[ozone-manager-1.3.0-SNAPSHOT.jar:?]
	at org.apache.hadoop.ozone.protocolPB.OzoneManagerRequestHandler.lookupFile(OzoneManagerRequestHandler.java:995) ~[ozone-manager-1.3.0-SNAPSHOT.jar:?]
	at org.apache.hadoop.ozone.protocolPB.OzoneManagerRequestHandler.handleReadRequest(OzoneManagerRequestHandler.java:234) ~[ozone-manager-1.3.0-SNAPSHOT.jar:?]
	at org.apache.hadoop.ozone.protocolPB.OzoneManagerProtocolServerSideTranslatorPB.submitRequestDirectlyToOM(OzoneManagerProtocolServerSideTranslatorPB.java:276) ~[ozone-manager-1.3.0-SNAPSHOT.jar:?]
	at org.apache.hadoop.ozone.protocolPB.OzoneManagerProtocolServerSideTranslatorPB.processRequest(OzoneManagerProtocolServerSideTranslatorPB.java:205) ~[ozone-manager-1.3.0-SNAPSHOT.jar:?]
	at org.apache.hadoop.hdds.server.OzoneProtocolMessageDispatcher.processRequest(OzoneProtocolMessageDispatcher.java:87) [hdds-server-framework-1.3.0-SNAPSHOT.jar:?]
	at org.apache.hadoop.ozone.protocolPB.OzoneManagerProtocolServerSideTranslatorPB.submitRequest(OzoneManagerProtocolServerSideTranslatorPB.java:147) [ozone-manager-1.3.0-SNAPSHOT.jar:?]
	at org.apache.hadoop.ozone.protocol.proto.OzoneManagerProtocolProtos$OzoneManagerService$2.callBlockingMethod(OzoneManagerProtocolProtos.java) [ozone-interface-client-1.3.0-SNAPSHOT.jar:?]
	at org.apache.hadoop.ipc.ProtobufRpcEngine$Server.processCall(ProtobufRpcEngine.java:466) [hadoop-common-3.3.1.jar:?]
	at org.apache.hadoop.ipc.ProtobufRpcEngine2$Server$ProtoBufRpcInvoker.call(ProtobufRpcEngine2.java:574) [hadoop-common-3.3.1.jar:?]
	at org.apache.hadoop.ipc.ProtobufRpcEngine2$Server$ProtoBufRpcInvoker.call(ProtobufRpcEngine2.java:552) [hadoop-common-3.3.1.jar:?]
	at org.apache.hadoop.ipc.RPC$Server.call(RPC.java:1093) [hadoop-common-3.3.1.jar:?]
	at org.apache.hadoop.ipc.Server$RpcCall.run(Server.java:1035) [hadoop-common-3.3.1.jar:?]
	at org.apache.hadoop.ipc.Server$RpcCall.run(Server.java:963) [hadoop-common-3.3.1.jar:?]
	at java.security.AccessController.doPrivileged(Native Method) ~[?:1.8.0_345]
	at javax.security.auth.Subject.doAs(Subject.java:422) [?:1.8.0_345]
	at org.apache.hadoop.security.UserGroupInformation.doAs(UserGroupInformation.java:1878) [hadoop-common-3.3.1.jar:?]
	at org.apache.hadoop.ipc.Server$Handler.run(Server.java:2966) [hadoop-common-3.3.1.jar:?]
]]></system-out>
  </testcase>
  <testcase name="testSeekOnFileLength" classname="TestOzoneFileSystem" time="0.582">
    <system-out><![CDATA[2022-10-10 08:40:21,124 [IPC Server handler 19 on default port 46869] INFO  ha.SequenceIdGenerator (SequenceIdGenerator.java:getNextId(128)) - Allocate a batch for containerId, change lastId from 0 to 1000.
2022-10-10 08:40:21,125 [IPC Server handler 19 on default port 46869] WARN  ha.SequenceIdGenerator (SequenceIdGenerator.java:allocateBatch(237)) - Failed to allocate a batch for localId, expected lastId is 0, actual lastId is 109611004723200000.
2022-10-10 08:40:21,125 [IPC Server handler 19 on default port 46869] INFO  ha.SequenceIdGenerator (SequenceIdGenerator.java:getNextId(128)) - Allocate a batch for localId, change lastId from 109611004723200000 to 109611004723201000.
08:40:21.652 [IPC Server handler 7 on default port 41701] ERROR OMAudit - user=runner | ip=127.0.0.1 | op=LOOKUP_FILE {volume=volume83680, bucket=bucket94599, key=file_notexist, dataSize=0, replicationConfig=null} | ret=FAILURE
org.apache.hadoop.ozone.om.exceptions.OMException: Unable to get file status: volume: volume83680 bucket: bucket94599 key: file_notexist
	at org.apache.hadoop.ozone.om.KeyManagerImpl.getOzoneFileStatus(KeyManagerImpl.java:1270) ~[ozone-manager-1.3.0-SNAPSHOT.jar:?]
	at org.apache.hadoop.ozone.om.KeyManagerImpl.lookupFile(KeyManagerImpl.java:1382) ~[ozone-manager-1.3.0-SNAPSHOT.jar:?]
	at org.apache.hadoop.ozone.om.OzoneManager.lookupFile(OzoneManager.java:3545) ~[ozone-manager-1.3.0-SNAPSHOT.jar:?]
	at org.apache.hadoop.ozone.protocolPB.OzoneManagerRequestHandler.lookupFile(OzoneManagerRequestHandler.java:995) ~[ozone-manager-1.3.0-SNAPSHOT.jar:?]
	at org.apache.hadoop.ozone.protocolPB.OzoneManagerRequestHandler.handleReadRequest(OzoneManagerRequestHandler.java:234) ~[ozone-manager-1.3.0-SNAPSHOT.jar:?]
	at org.apache.hadoop.ozone.protocolPB.OzoneManagerProtocolServerSideTranslatorPB.submitReadRequestToOM(OzoneManagerProtocolServerSideTranslatorPB.java:226) ~[ozone-manager-1.3.0-SNAPSHOT.jar:?]
	at org.apache.hadoop.ozone.protocolPB.OzoneManagerProtocolServerSideTranslatorPB.processRequest(OzoneManagerProtocolServerSideTranslatorPB.java:175) ~[ozone-manager-1.3.0-SNAPSHOT.jar:?]
	at org.apache.hadoop.hdds.server.OzoneProtocolMessageDispatcher.processRequest(OzoneProtocolMessageDispatcher.java:87) [hdds-server-framework-1.3.0-SNAPSHOT.jar:?]
	at org.apache.hadoop.ozone.protocolPB.OzoneManagerProtocolServerSideTranslatorPB.submitRequest(OzoneManagerProtocolServerSideTranslatorPB.java:147) [ozone-manager-1.3.0-SNAPSHOT.jar:?]
	at org.apache.hadoop.ozone.protocol.proto.OzoneManagerProtocolProtos$OzoneManagerService$2.callBlockingMethod(OzoneManagerProtocolProtos.java) [ozone-interface-client-1.3.0-SNAPSHOT.jar:?]
	at org.apache.hadoop.ipc.ProtobufRpcEngine$Server.processCall(ProtobufRpcEngine.java:466) [hadoop-common-3.3.1.jar:?]
	at org.apache.hadoop.ipc.ProtobufRpcEngine2$Server$ProtoBufRpcInvoker.call(ProtobufRpcEngine2.java:574) [hadoop-common-3.3.1.jar:?]
	at org.apache.hadoop.ipc.ProtobufRpcEngine2$Server$ProtoBufRpcInvoker.call(ProtobufRpcEngine2.java:552) [hadoop-common-3.3.1.jar:?]
	at org.apache.hadoop.ipc.RPC$Server.call(RPC.java:1093) [hadoop-common-3.3.1.jar:?]
	at org.apache.hadoop.ipc.Server$RpcCall.run(Server.java:1035) [hadoop-common-3.3.1.jar:?]
	at org.apache.hadoop.ipc.Server$RpcCall.run(Server.java:963) [hadoop-common-3.3.1.jar:?]
	at java.security.AccessController.doPrivileged(Native Method) ~[?:1.8.0_345]
	at javax.security.auth.Subject.doAs(Subject.java:422) [?:1.8.0_345]
	at org.apache.hadoop.security.UserGroupInformation.doAs(UserGroupInformation.java:1878) [hadoop-common-3.3.1.jar:?]
	at org.apache.hadoop.ipc.Server$Handler.run(Server.java:2966) [hadoop-common-3.3.1.jar:?]
]]></system-out>
  </testcase>
  <testcase name="testSeekOnFileLength" classname="TestOzoneFileSystem" time="0.665">
    <system-out><![CDATA[2022-10-10 08:42:22,818 [IPC Server handler 0 on default port 37757] INFO  ha.SequenceIdGenerator (SequenceIdGenerator.java:getNextId(128)) - Allocate a batch for containerId, change lastId from 0 to 1000.
2022-10-10 08:42:22,819 [IPC Server handler 0 on default port 37757] WARN  ha.SequenceIdGenerator (SequenceIdGenerator.java:allocateBatch(237)) - Failed to allocate a batch for localId, expected lastId is 0, actual lastId is 109611004723200000.
2022-10-10 08:42:22,819 [IPC Server handler 0 on default port 37757] INFO  ha.SequenceIdGenerator (SequenceIdGenerator.java:getNextId(128)) - Allocate a batch for localId, change lastId from 109611004723200000 to 109611004723201000.
08:42:23.436 [IPC Server handler 15 on default port 37485] ERROR OMAudit - user=runner | ip=127.0.0.1 | op=LOOKUP_FILE {volume=volume23299, bucket=bucket63939, key=file_notexist, dataSize=0, replicationConfig=null} | ret=FAILURE
org.apache.hadoop.ozone.om.exceptions.OMException: Unable to get file status: volume: volume23299 bucket: bucket63939 key: file_notexist
	at org.apache.hadoop.ozone.om.KeyManagerImpl.getOzoneFileStatus(KeyManagerImpl.java:1270) ~[ozone-manager-1.3.0-SNAPSHOT.jar:?]
	at org.apache.hadoop.ozone.om.KeyManagerImpl.lookupFile(KeyManagerImpl.java:1382) ~[ozone-manager-1.3.0-SNAPSHOT.jar:?]
	at org.apache.hadoop.ozone.om.OzoneManager.lookupFile(OzoneManager.java:3545) ~[ozone-manager-1.3.0-SNAPSHOT.jar:?]
	at org.apache.hadoop.ozone.protocolPB.OzoneManagerRequestHandler.lookupFile(OzoneManagerRequestHandler.java:995) ~[ozone-manager-1.3.0-SNAPSHOT.jar:?]
	at org.apache.hadoop.ozone.protocolPB.OzoneManagerRequestHandler.handleReadRequest(OzoneManagerRequestHandler.java:234) ~[ozone-manager-1.3.0-SNAPSHOT.jar:?]
	at org.apache.hadoop.ozone.protocolPB.OzoneManagerProtocolServerSideTranslatorPB.submitRequestDirectlyToOM(OzoneManagerProtocolServerSideTranslatorPB.java:276) ~[ozone-manager-1.3.0-SNAPSHOT.jar:?]
	at org.apache.hadoop.ozone.protocolPB.OzoneManagerProtocolServerSideTranslatorPB.processRequest(OzoneManagerProtocolServerSideTranslatorPB.java:205) ~[ozone-manager-1.3.0-SNAPSHOT.jar:?]
	at org.apache.hadoop.hdds.server.OzoneProtocolMessageDispatcher.processRequest(OzoneProtocolMessageDispatcher.java:87) [hdds-server-framework-1.3.0-SNAPSHOT.jar:?]
	at org.apache.hadoop.ozone.protocolPB.OzoneManagerProtocolServerSideTranslatorPB.submitRequest(OzoneManagerProtocolServerSideTranslatorPB.java:147) [ozone-manager-1.3.0-SNAPSHOT.jar:?]
	at org.apache.hadoop.ozone.protocol.proto.OzoneManagerProtocolProtos$OzoneManagerService$2.callBlockingMethod(OzoneManagerProtocolProtos.java) [ozone-interface-client-1.3.0-SNAPSHOT.jar:?]
	at org.apache.hadoop.ipc.ProtobufRpcEngine$Server.processCall(ProtobufRpcEngine.java:466) [hadoop-common-3.3.1.jar:?]
	at org.apache.hadoop.ipc.ProtobufRpcEngine2$Server$ProtoBufRpcInvoker.call(ProtobufRpcEngine2.java:574) [hadoop-common-3.3.1.jar:?]
	at org.apache.hadoop.ipc.ProtobufRpcEngine2$Server$ProtoBufRpcInvoker.call(ProtobufRpcEngine2.java:552) [hadoop-common-3.3.1.jar:?]
	at org.apache.hadoop.ipc.RPC$Server.call(RPC.java:1093) [hadoop-common-3.3.1.jar:?]
	at org.apache.hadoop.ipc.Server$RpcCall.run(Server.java:1035) [hadoop-common-3.3.1.jar:?]
	at org.apache.hadoop.ipc.Server$RpcCall.run(Server.java:963) [hadoop-common-3.3.1.jar:?]
	at java.security.AccessController.doPrivileged(Native Method) ~[?:1.8.0_345]
	at javax.security.auth.Subject.doAs(Subject.java:422) [?:1.8.0_345]
	at org.apache.hadoop.security.UserGroupInformation.doAs(UserGroupInformation.java:1878) [hadoop-common-3.3.1.jar:?]
	at org.apache.hadoop.ipc.Server$Handler.run(Server.java:2966) [hadoop-common-3.3.1.jar:?]
]]></system-out>
  </testcase>
  <testcase name="testRenameFile" classname="TestOzoneFileSystem" time="0.138">
    <system-out><![CDATA[08:35:00.331 [IPC Server handler 10 on default port 46487] ERROR OMAudit - user=runner | ip=127.0.0.1 | op=GET_FILE_STATUS {volume=volume16396, bucket=bucket39555, key=root/file1, dataSize=0, replicationConfig=null} | ret=FAILURE
org.apache.hadoop.ozone.om.exceptions.OMException: Unable to get file status: volume: volume16396 bucket: bucket39555 key: root/file1
	at org.apache.hadoop.ozone.om.KeyManagerImpl.getOzoneFileStatus(KeyManagerImpl.java:1270) ~[ozone-manager-1.3.0-SNAPSHOT.jar:?]
	at org.apache.hadoop.ozone.om.KeyManagerImpl.getFileStatus(KeyManagerImpl.java:1200) ~[ozone-manager-1.3.0-SNAPSHOT.jar:?]
	at org.apache.hadoop.ozone.om.OzoneManager.getFileStatus(OzoneManager.java:3507) ~[ozone-manager-1.3.0-SNAPSHOT.jar:?]
	at org.apache.hadoop.ozone.protocolPB.OzoneManagerRequestHandler.getOzoneFileStatus(OzoneManagerRequestHandler.java:882) ~[ozone-manager-1.3.0-SNAPSHOT.jar:?]
	at org.apache.hadoop.ozone.protocolPB.OzoneManagerRequestHandler.handleReadRequest(OzoneManagerRequestHandler.java:228) ~[ozone-manager-1.3.0-SNAPSHOT.jar:?]
	at org.apache.hadoop.ozone.protocolPB.OzoneManagerProtocolServerSideTranslatorPB.submitReadRequestToOM(OzoneManagerProtocolServerSideTranslatorPB.java:226) ~[ozone-manager-1.3.0-SNAPSHOT.jar:?]
	at org.apache.hadoop.ozone.protocolPB.OzoneManagerProtocolServerSideTranslatorPB.processRequest(OzoneManagerProtocolServerSideTranslatorPB.java:175) ~[ozone-manager-1.3.0-SNAPSHOT.jar:?]
	at org.apache.hadoop.hdds.server.OzoneProtocolMessageDispatcher.processRequest(OzoneProtocolMessageDispatcher.java:87) [hdds-server-framework-1.3.0-SNAPSHOT.jar:?]
	at org.apache.hadoop.ozone.protocolPB.OzoneManagerProtocolServerSideTranslatorPB.submitRequest(OzoneManagerProtocolServerSideTranslatorPB.java:147) [ozone-manager-1.3.0-SNAPSHOT.jar:?]
	at org.apache.hadoop.ozone.protocol.proto.OzoneManagerProtocolProtos$OzoneManagerService$2.callBlockingMethod(OzoneManagerProtocolProtos.java) [ozone-interface-client-1.3.0-SNAPSHOT.jar:?]
	at org.apache.hadoop.ipc.ProtobufRpcEngine$Server.processCall(ProtobufRpcEngine.java:466) [hadoop-common-3.3.1.jar:?]
	at org.apache.hadoop.ipc.ProtobufRpcEngine2$Server$ProtoBufRpcInvoker.call(ProtobufRpcEngine2.java:574) [hadoop-common-3.3.1.jar:?]
	at org.apache.hadoop.ipc.ProtobufRpcEngine2$Server$ProtoBufRpcInvoker.call(ProtobufRpcEngine2.java:552) [hadoop-common-3.3.1.jar:?]
	at org.apache.hadoop.ipc.RPC$Server.call(RPC.java:1093) [hadoop-common-3.3.1.jar:?]
	at org.apache.hadoop.ipc.Server$RpcCall.run(Server.java:1035) [hadoop-common-3.3.1.jar:?]
	at org.apache.hadoop.ipc.Server$RpcCall.run(Server.java:963) [hadoop-common-3.3.1.jar:?]
	at java.security.AccessController.doPrivileged(Native Method) ~[?:1.8.0_345]
	at javax.security.auth.Subject.doAs(Subject.java:422) [?:1.8.0_345]
	at org.apache.hadoop.security.UserGroupInformation.doAs(UserGroupInformation.java:1878) [hadoop-common-3.3.1.jar:?]
	at org.apache.hadoop.ipc.Server$Handler.run(Server.java:2966) [hadoop-common-3.3.1.jar:?]
2022-10-10 08:35:00,333 [Time-limited test] WARN  ozone.BasicOzoneFileSystem (BasicOzoneFileSystem.java:getFileStatus(765)) - GetFileStatus failed for path o3fs://bucket39555.volume16396/root/file1
java.io.FileNotFoundException: root/file1: No such file or directory!
	at org.apache.hadoop.fs.ozone.BasicOzoneClientAdapterImpl.getFileStatus(BasicOzoneClientAdapterImpl.java:369)
	at org.apache.hadoop.fs.ozone.BasicOzoneFileSystem.getFileStatus(BasicOzoneFileSystem.java:757)
	at org.apache.hadoop.fs.ozone.BasicOzoneFileSystem.rename(BasicOzoneFileSystem.java:357)
	at org.apache.hadoop.fs.ozone.TestOzoneFileSystem.testRenameFile(TestOzoneFileSystem.java:1243)
	at sun.reflect.NativeMethodAccessorImpl.invoke0(Native Method)
	at sun.reflect.NativeMethodAccessorImpl.invoke(NativeMethodAccessorImpl.java:62)
	at sun.reflect.DelegatingMethodAccessorImpl.invoke(DelegatingMethodAccessorImpl.java:43)
	at java.lang.reflect.Method.invoke(Method.java:498)
	at org.junit.runners.model.FrameworkMethod$1.runReflectiveCall(FrameworkMethod.java:59)
	at org.junit.internal.runners.model.ReflectiveCallable.run(ReflectiveCallable.java:12)
	at org.junit.runners.model.FrameworkMethod.invokeExplosively(FrameworkMethod.java:56)
	at org.junit.internal.runners.statements.InvokeMethod.evaluate(InvokeMethod.java:17)
	at org.junit.internal.runners.statements.RunAfters.evaluate(RunAfters.java:27)
	at org.junit.internal.runners.statements.FailOnTimeout$CallableStatement.call(FailOnTimeout.java:288)
	at org.junit.internal.runners.statements.FailOnTimeout$CallableStatement.call(FailOnTimeout.java:282)
	at java.util.concurrent.FutureTask.run(FutureTask.java:266)
	at java.lang.Thread.run(Thread.java:750)
]]></system-out>
  </testcase>
  <testcase name="testRenameFile" classname="TestOzoneFileSystem" time="0.064">
    <system-out><![CDATA[08:38:39.815 [IPC Server handler 2 on default port 43231] ERROR OMAudit - user=runner | ip=127.0.0.1 | op=GET_FILE_STATUS {volume=volume27327, bucket=bucket40120, key=root/file1, dataSize=0, replicationConfig=null} | ret=FAILURE
org.apache.hadoop.ozone.om.exceptions.OMException: Unable to get file status: volume: volume27327 bucket: bucket40120 key: root/file1
	at org.apache.hadoop.ozone.om.KeyManagerImpl.getOzoneFileStatus(KeyManagerImpl.java:1270) ~[ozone-manager-1.3.0-SNAPSHOT.jar:?]
	at org.apache.hadoop.ozone.om.KeyManagerImpl.getFileStatus(KeyManagerImpl.java:1200) ~[ozone-manager-1.3.0-SNAPSHOT.jar:?]
	at org.apache.hadoop.ozone.om.OzoneManager.getFileStatus(OzoneManager.java:3507) ~[ozone-manager-1.3.0-SNAPSHOT.jar:?]
	at org.apache.hadoop.ozone.protocolPB.OzoneManagerRequestHandler.getOzoneFileStatus(OzoneManagerRequestHandler.java:882) ~[ozone-manager-1.3.0-SNAPSHOT.jar:?]
	at org.apache.hadoop.ozone.protocolPB.OzoneManagerRequestHandler.handleReadRequest(OzoneManagerRequestHandler.java:228) ~[ozone-manager-1.3.0-SNAPSHOT.jar:?]
	at org.apache.hadoop.ozone.protocolPB.OzoneManagerProtocolServerSideTranslatorPB.submitRequestDirectlyToOM(OzoneManagerProtocolServerSideTranslatorPB.java:276) ~[ozone-manager-1.3.0-SNAPSHOT.jar:?]
	at org.apache.hadoop.ozone.protocolPB.OzoneManagerProtocolServerSideTranslatorPB.processRequest(OzoneManagerProtocolServerSideTranslatorPB.java:205) ~[ozone-manager-1.3.0-SNAPSHOT.jar:?]
	at org.apache.hadoop.hdds.server.OzoneProtocolMessageDispatcher.processRequest(OzoneProtocolMessageDispatcher.java:87) [hdds-server-framework-1.3.0-SNAPSHOT.jar:?]
	at org.apache.hadoop.ozone.protocolPB.OzoneManagerProtocolServerSideTranslatorPB.submitRequest(OzoneManagerProtocolServerSideTranslatorPB.java:147) [ozone-manager-1.3.0-SNAPSHOT.jar:?]
	at org.apache.hadoop.ozone.protocol.proto.OzoneManagerProtocolProtos$OzoneManagerService$2.callBlockingMethod(OzoneManagerProtocolProtos.java) [ozone-interface-client-1.3.0-SNAPSHOT.jar:?]
	at org.apache.hadoop.ipc.ProtobufRpcEngine$Server.processCall(ProtobufRpcEngine.java:466) [hadoop-common-3.3.1.jar:?]
	at org.apache.hadoop.ipc.ProtobufRpcEngine2$Server$ProtoBufRpcInvoker.call(ProtobufRpcEngine2.java:574) [hadoop-common-3.3.1.jar:?]
	at org.apache.hadoop.ipc.ProtobufRpcEngine2$Server$ProtoBufRpcInvoker.call(ProtobufRpcEngine2.java:552) [hadoop-common-3.3.1.jar:?]
	at org.apache.hadoop.ipc.RPC$Server.call(RPC.java:1093) [hadoop-common-3.3.1.jar:?]
	at org.apache.hadoop.ipc.Server$RpcCall.run(Server.java:1035) [hadoop-common-3.3.1.jar:?]
	at org.apache.hadoop.ipc.Server$RpcCall.run(Server.java:963) [hadoop-common-3.3.1.jar:?]
	at java.security.AccessController.doPrivileged(Native Method) ~[?:1.8.0_345]
	at javax.security.auth.Subject.doAs(Subject.java:422) [?:1.8.0_345]
	at org.apache.hadoop.security.UserGroupInformation.doAs(UserGroupInformation.java:1878) [hadoop-common-3.3.1.jar:?]
	at org.apache.hadoop.ipc.Server$Handler.run(Server.java:2966) [hadoop-common-3.3.1.jar:?]
2022-10-10 08:38:39,816 [Time-limited test] WARN  ozone.BasicOzoneFileSystem (BasicOzoneFileSystem.java:getFileStatus(765)) - GetFileStatus failed for path o3fs://bucket40120.volume27327/root/file1
java.io.FileNotFoundException: root/file1: No such file or directory!
	at org.apache.hadoop.fs.ozone.BasicOzoneClientAdapterImpl.getFileStatus(BasicOzoneClientAdapterImpl.java:369)
	at org.apache.hadoop.fs.ozone.BasicOzoneFileSystem.getFileStatus(BasicOzoneFileSystem.java:757)
	at org.apache.hadoop.fs.ozone.BasicOzoneFileSystem.rename(BasicOzoneFileSystem.java:357)
	at org.apache.hadoop.fs.ozone.TestOzoneFileSystem.testRenameFile(TestOzoneFileSystem.java:1243)
	at sun.reflect.NativeMethodAccessorImpl.invoke0(Native Method)
	at sun.reflect.NativeMethodAccessorImpl.invoke(NativeMethodAccessorImpl.java:62)
	at sun.reflect.DelegatingMethodAccessorImpl.invoke(DelegatingMethodAccessorImpl.java:43)
	at java.lang.reflect.Method.invoke(Method.java:498)
	at org.junit.runners.model.FrameworkMethod$1.runReflectiveCall(FrameworkMethod.java:59)
	at org.junit.internal.runners.model.ReflectiveCallable.run(ReflectiveCallable.java:12)
	at org.junit.runners.model.FrameworkMethod.invokeExplosively(FrameworkMethod.java:56)
	at org.junit.internal.runners.statements.InvokeMethod.evaluate(InvokeMethod.java:17)
	at org.junit.internal.runners.statements.RunAfters.evaluate(RunAfters.java:27)
	at org.junit.internal.runners.statements.FailOnTimeout$CallableStatement.call(FailOnTimeout.java:288)
	at org.junit.internal.runners.statements.FailOnTimeout$CallableStatement.call(FailOnTimeout.java:282)
	at java.util.concurrent.FutureTask.run(FutureTask.java:266)
	at java.lang.Thread.run(Thread.java:750)
]]></system-out>
  </testcase>
  <testcase name="testRenameFile" classname="TestOzoneFileSystem" time="0.064">
    <system-out><![CDATA[08:40:21.706 [IPC Server handler 19 on default port 41701] ERROR OMAudit - user=runner | ip=127.0.0.1 | op=GET_FILE_STATUS {volume=volume83680, bucket=bucket94599, key=root/file1, dataSize=0, replicationConfig=null} | ret=FAILURE
org.apache.hadoop.ozone.om.exceptions.OMException: Unable to get file status: volume: volume83680 bucket: bucket94599 key: root/file1
	at org.apache.hadoop.ozone.om.KeyManagerImpl.getOzoneFileStatus(KeyManagerImpl.java:1270) ~[ozone-manager-1.3.0-SNAPSHOT.jar:?]
	at org.apache.hadoop.ozone.om.KeyManagerImpl.getFileStatus(KeyManagerImpl.java:1200) ~[ozone-manager-1.3.0-SNAPSHOT.jar:?]
	at org.apache.hadoop.ozone.om.OzoneManager.getFileStatus(OzoneManager.java:3507) ~[ozone-manager-1.3.0-SNAPSHOT.jar:?]
	at org.apache.hadoop.ozone.protocolPB.OzoneManagerRequestHandler.getOzoneFileStatus(OzoneManagerRequestHandler.java:882) ~[ozone-manager-1.3.0-SNAPSHOT.jar:?]
	at org.apache.hadoop.ozone.protocolPB.OzoneManagerRequestHandler.handleReadRequest(OzoneManagerRequestHandler.java:228) ~[ozone-manager-1.3.0-SNAPSHOT.jar:?]
	at org.apache.hadoop.ozone.protocolPB.OzoneManagerProtocolServerSideTranslatorPB.submitReadRequestToOM(OzoneManagerProtocolServerSideTranslatorPB.java:226) ~[ozone-manager-1.3.0-SNAPSHOT.jar:?]
	at org.apache.hadoop.ozone.protocolPB.OzoneManagerProtocolServerSideTranslatorPB.processRequest(OzoneManagerProtocolServerSideTranslatorPB.java:175) ~[ozone-manager-1.3.0-SNAPSHOT.jar:?]
	at org.apache.hadoop.hdds.server.OzoneProtocolMessageDispatcher.processRequest(OzoneProtocolMessageDispatcher.java:87) [hdds-server-framework-1.3.0-SNAPSHOT.jar:?]
	at org.apache.hadoop.ozone.protocolPB.OzoneManagerProtocolServerSideTranslatorPB.submitRequest(OzoneManagerProtocolServerSideTranslatorPB.java:147) [ozone-manager-1.3.0-SNAPSHOT.jar:?]
	at org.apache.hadoop.ozone.protocol.proto.OzoneManagerProtocolProtos$OzoneManagerService$2.callBlockingMethod(OzoneManagerProtocolProtos.java) [ozone-interface-client-1.3.0-SNAPSHOT.jar:?]
	at org.apache.hadoop.ipc.ProtobufRpcEngine$Server.processCall(ProtobufRpcEngine.java:466) [hadoop-common-3.3.1.jar:?]
	at org.apache.hadoop.ipc.ProtobufRpcEngine2$Server$ProtoBufRpcInvoker.call(ProtobufRpcEngine2.java:574) [hadoop-common-3.3.1.jar:?]
	at org.apache.hadoop.ipc.ProtobufRpcEngine2$Server$ProtoBufRpcInvoker.call(ProtobufRpcEngine2.java:552) [hadoop-common-3.3.1.jar:?]
	at org.apache.hadoop.ipc.RPC$Server.call(RPC.java:1093) [hadoop-common-3.3.1.jar:?]
	at org.apache.hadoop.ipc.Server$RpcCall.run(Server.java:1035) [hadoop-common-3.3.1.jar:?]
	at org.apache.hadoop.ipc.Server$RpcCall.run(Server.java:963) [hadoop-common-3.3.1.jar:?]
	at java.security.AccessController.doPrivileged(Native Method) ~[?:1.8.0_345]
	at javax.security.auth.Subject.doAs(Subject.java:422) [?:1.8.0_345]
	at org.apache.hadoop.security.UserGroupInformation.doAs(UserGroupInformation.java:1878) [hadoop-common-3.3.1.jar:?]
	at org.apache.hadoop.ipc.Server$Handler.run(Server.java:2966) [hadoop-common-3.3.1.jar:?]
2022-10-10 08:40:21,706 [Time-limited test] WARN  ozone.BasicOzoneFileSystem (BasicOzoneFileSystem.java:getFileStatus(765)) - GetFileStatus failed for path o3fs://bucket94599.volume83680/root/file1
java.io.FileNotFoundException: root/file1: No such file or directory!
	at org.apache.hadoop.fs.ozone.BasicOzoneClientAdapterImpl.getFileStatus(BasicOzoneClientAdapterImpl.java:369)
	at org.apache.hadoop.fs.ozone.BasicOzoneFileSystem.getFileStatus(BasicOzoneFileSystem.java:757)
	at org.apache.hadoop.fs.ozone.BasicOzoneFileSystem.rename(BasicOzoneFileSystem.java:357)
	at org.apache.hadoop.fs.ozone.TestOzoneFileSystem.testRenameFile(TestOzoneFileSystem.java:1243)
	at sun.reflect.NativeMethodAccessorImpl.invoke0(Native Method)
	at sun.reflect.NativeMethodAccessorImpl.invoke(NativeMethodAccessorImpl.java:62)
	at sun.reflect.DelegatingMethodAccessorImpl.invoke(DelegatingMethodAccessorImpl.java:43)
	at java.lang.reflect.Method.invoke(Method.java:498)
	at org.junit.runners.model.FrameworkMethod$1.runReflectiveCall(FrameworkMethod.java:59)
	at org.junit.internal.runners.model.ReflectiveCallable.run(ReflectiveCallable.java:12)
	at org.junit.runners.model.FrameworkMethod.invokeExplosively(FrameworkMethod.java:56)
	at org.junit.internal.runners.statements.InvokeMethod.evaluate(InvokeMethod.java:17)
	at org.junit.internal.runners.statements.RunAfters.evaluate(RunAfters.java:27)
	at org.junit.internal.runners.statements.FailOnTimeout$CallableStatement.call(FailOnTimeout.java:288)
	at org.junit.internal.runners.statements.FailOnTimeout$CallableStatement.call(FailOnTimeout.java:282)
	at java.util.concurrent.FutureTask.run(FutureTask.java:266)
	at java.lang.Thread.run(Thread.java:750)
]]></system-out>
  </testcase>
  <testcase name="testRenameFile" classname="TestOzoneFileSystem" time="0.095">
    <system-out><![CDATA[08:42:23.485 [IPC Server handler 6 on default port 37485] ERROR OMAudit - user=runner | ip=127.0.0.1 | op=GET_FILE_STATUS {volume=volume23299, bucket=bucket63939, key=root/file1, dataSize=0, replicationConfig=null} | ret=FAILURE
org.apache.hadoop.ozone.om.exceptions.OMException: Unable to get file status: volume: volume23299 bucket: bucket63939 key: root/file1
	at org.apache.hadoop.ozone.om.KeyManagerImpl.getOzoneFileStatus(KeyManagerImpl.java:1270) ~[ozone-manager-1.3.0-SNAPSHOT.jar:?]
	at org.apache.hadoop.ozone.om.KeyManagerImpl.getFileStatus(KeyManagerImpl.java:1200) ~[ozone-manager-1.3.0-SNAPSHOT.jar:?]
	at org.apache.hadoop.ozone.om.OzoneManager.getFileStatus(OzoneManager.java:3507) ~[ozone-manager-1.3.0-SNAPSHOT.jar:?]
	at org.apache.hadoop.ozone.protocolPB.OzoneManagerRequestHandler.getOzoneFileStatus(OzoneManagerRequestHandler.java:882) ~[ozone-manager-1.3.0-SNAPSHOT.jar:?]
	at org.apache.hadoop.ozone.protocolPB.OzoneManagerRequestHandler.handleReadRequest(OzoneManagerRequestHandler.java:228) ~[ozone-manager-1.3.0-SNAPSHOT.jar:?]
	at org.apache.hadoop.ozone.protocolPB.OzoneManagerProtocolServerSideTranslatorPB.submitRequestDirectlyToOM(OzoneManagerProtocolServerSideTranslatorPB.java:276) ~[ozone-manager-1.3.0-SNAPSHOT.jar:?]
	at org.apache.hadoop.ozone.protocolPB.OzoneManagerProtocolServerSideTranslatorPB.processRequest(OzoneManagerProtocolServerSideTranslatorPB.java:205) ~[ozone-manager-1.3.0-SNAPSHOT.jar:?]
	at org.apache.hadoop.hdds.server.OzoneProtocolMessageDispatcher.processRequest(OzoneProtocolMessageDispatcher.java:87) [hdds-server-framework-1.3.0-SNAPSHOT.jar:?]
	at org.apache.hadoop.ozone.protocolPB.OzoneManagerProtocolServerSideTranslatorPB.submitRequest(OzoneManagerProtocolServerSideTranslatorPB.java:147) [ozone-manager-1.3.0-SNAPSHOT.jar:?]
	at org.apache.hadoop.ozone.protocol.proto.OzoneManagerProtocolProtos$OzoneManagerService$2.callBlockingMethod(OzoneManagerProtocolProtos.java) [ozone-interface-client-1.3.0-SNAPSHOT.jar:?]
	at org.apache.hadoop.ipc.ProtobufRpcEngine$Server.processCall(ProtobufRpcEngine.java:466) [hadoop-common-3.3.1.jar:?]
	at org.apache.hadoop.ipc.ProtobufRpcEngine2$Server$ProtoBufRpcInvoker.call(ProtobufRpcEngine2.java:574) [hadoop-common-3.3.1.jar:?]
	at org.apache.hadoop.ipc.ProtobufRpcEngine2$Server$ProtoBufRpcInvoker.call(ProtobufRpcEngine2.java:552) [hadoop-common-3.3.1.jar:?]
	at org.apache.hadoop.ipc.RPC$Server.call(RPC.java:1093) [hadoop-common-3.3.1.jar:?]
	at org.apache.hadoop.ipc.Server$RpcCall.run(Server.java:1035) [hadoop-common-3.3.1.jar:?]
	at org.apache.hadoop.ipc.Server$RpcCall.run(Server.java:963) [hadoop-common-3.3.1.jar:?]
	at java.security.AccessController.doPrivileged(Native Method) ~[?:1.8.0_345]
	at javax.security.auth.Subject.doAs(Subject.java:422) [?:1.8.0_345]
	at org.apache.hadoop.security.UserGroupInformation.doAs(UserGroupInformation.java:1878) [hadoop-common-3.3.1.jar:?]
	at org.apache.hadoop.ipc.Server$Handler.run(Server.java:2966) [hadoop-common-3.3.1.jar:?]
2022-10-10 08:42:23,486 [Time-limited test] WARN  ozone.BasicOzoneFileSystem (BasicOzoneFileSystem.java:getFileStatus(765)) - GetFileStatus failed for path o3fs://bucket63939.volume23299/root/file1
java.io.FileNotFoundException: root/file1: No such file or directory!
	at org.apache.hadoop.fs.ozone.BasicOzoneClientAdapterImpl.getFileStatus(BasicOzoneClientAdapterImpl.java:369)
	at org.apache.hadoop.fs.ozone.BasicOzoneFileSystem.getFileStatus(BasicOzoneFileSystem.java:757)
	at org.apache.hadoop.fs.ozone.BasicOzoneFileSystem.rename(BasicOzoneFileSystem.java:357)
	at org.apache.hadoop.fs.ozone.TestOzoneFileSystem.testRenameFile(TestOzoneFileSystem.java:1243)
	at sun.reflect.NativeMethodAccessorImpl.invoke0(Native Method)
	at sun.reflect.NativeMethodAccessorImpl.invoke(NativeMethodAccessorImpl.java:62)
	at sun.reflect.DelegatingMethodAccessorImpl.invoke(DelegatingMethodAccessorImpl.java:43)
	at java.lang.reflect.Method.invoke(Method.java:498)
	at org.junit.runners.model.FrameworkMethod$1.runReflectiveCall(FrameworkMethod.java:59)
	at org.junit.internal.runners.model.ReflectiveCallable.run(ReflectiveCallable.java:12)
	at org.junit.runners.model.FrameworkMethod.invokeExplosively(FrameworkMethod.java:56)
	at org.junit.internal.runners.statements.InvokeMethod.evaluate(InvokeMethod.java:17)
	at org.junit.internal.runners.statements.RunAfters.evaluate(RunAfters.java:27)
	at org.junit.internal.runners.statements.FailOnTimeout$CallableStatement.call(FailOnTimeout.java:288)
	at org.junit.internal.runners.statements.FailOnTimeout$CallableStatement.call(FailOnTimeout.java:282)
	at java.util.concurrent.FutureTask.run(FutureTask.java:266)
	at java.lang.Thread.run(Thread.java:750)
]]></system-out>
  </testcase>
  <testcase name="testRenameDir" classname="TestOzoneFileSystem" time="0.069">
    <system-out><![CDATA[2022-10-10 08:35:00,443 [Time-limited test] INFO  ozone.TestOzoneFileSystem (TestOzoneFileSystem.java:testRenameDir(1353)) - Created dir o3fs://bucket39555.volume16396/root_dir/dir1/sub_dir1
2022-10-10 08:35:00,443 [Time-limited test] INFO  ozone.TestOzoneFileSystem (TestOzoneFileSystem.java:testRenameDir(1354)) - Will move o3fs://bucket39555.volume16396/root_dir/dir1 to o3fs://bucket39555.volume16396/root_dir/dir1.renamed
08:35:00.447 [IPC Server handler 13 on default port 46487] ERROR OMAudit - user=runner | ip=127.0.0.1 | op=GET_FILE_STATUS {volume=volume16396, bucket=bucket39555, key=root_dir/dir1.renamed, dataSize=0, replicationConfig=null} | ret=FAILURE
org.apache.hadoop.ozone.om.exceptions.OMException: Unable to get file status: volume: volume16396 bucket: bucket39555 key: root_dir/dir1.renamed
	at org.apache.hadoop.ozone.om.KeyManagerImpl.getOzoneFileStatus(KeyManagerImpl.java:1270) ~[ozone-manager-1.3.0-SNAPSHOT.jar:?]
	at org.apache.hadoop.ozone.om.KeyManagerImpl.getFileStatus(KeyManagerImpl.java:1200) ~[ozone-manager-1.3.0-SNAPSHOT.jar:?]
	at org.apache.hadoop.ozone.om.OzoneManager.getFileStatus(OzoneManager.java:3507) ~[ozone-manager-1.3.0-SNAPSHOT.jar:?]
	at org.apache.hadoop.ozone.protocolPB.OzoneManagerRequestHandler.getOzoneFileStatus(OzoneManagerRequestHandler.java:882) ~[ozone-manager-1.3.0-SNAPSHOT.jar:?]
	at org.apache.hadoop.ozone.protocolPB.OzoneManagerRequestHandler.handleReadRequest(OzoneManagerRequestHandler.java:228) ~[ozone-manager-1.3.0-SNAPSHOT.jar:?]
	at org.apache.hadoop.ozone.protocolPB.OzoneManagerProtocolServerSideTranslatorPB.submitReadRequestToOM(OzoneManagerProtocolServerSideTranslatorPB.java:226) ~[ozone-manager-1.3.0-SNAPSHOT.jar:?]
	at org.apache.hadoop.ozone.protocolPB.OzoneManagerProtocolServerSideTranslatorPB.processRequest(OzoneManagerProtocolServerSideTranslatorPB.java:175) ~[ozone-manager-1.3.0-SNAPSHOT.jar:?]
	at org.apache.hadoop.hdds.server.OzoneProtocolMessageDispatcher.processRequest(OzoneProtocolMessageDispatcher.java:87) [hdds-server-framework-1.3.0-SNAPSHOT.jar:?]
	at org.apache.hadoop.ozone.protocolPB.OzoneManagerProtocolServerSideTranslatorPB.submitRequest(OzoneManagerProtocolServerSideTranslatorPB.java:147) [ozone-manager-1.3.0-SNAPSHOT.jar:?]
	at org.apache.hadoop.ozone.protocol.proto.OzoneManagerProtocolProtos$OzoneManagerService$2.callBlockingMethod(OzoneManagerProtocolProtos.java) [ozone-interface-client-1.3.0-SNAPSHOT.jar:?]
	at org.apache.hadoop.ipc.ProtobufRpcEngine$Server.processCall(ProtobufRpcEngine.java:466) [hadoop-common-3.3.1.jar:?]
	at org.apache.hadoop.ipc.ProtobufRpcEngine2$Server$ProtoBufRpcInvoker.call(ProtobufRpcEngine2.java:574) [hadoop-common-3.3.1.jar:?]
	at org.apache.hadoop.ipc.ProtobufRpcEngine2$Server$ProtoBufRpcInvoker.call(ProtobufRpcEngine2.java:552) [hadoop-common-3.3.1.jar:?]
	at org.apache.hadoop.ipc.RPC$Server.call(RPC.java:1093) [hadoop-common-3.3.1.jar:?]
	at org.apache.hadoop.ipc.Server$RpcCall.run(Server.java:1035) [hadoop-common-3.3.1.jar:?]
	at org.apache.hadoop.ipc.Server$RpcCall.run(Server.java:963) [hadoop-common-3.3.1.jar:?]
	at java.security.AccessController.doPrivileged(Native Method) ~[?:1.8.0_345]
	at javax.security.auth.Subject.doAs(Subject.java:422) [?:1.8.0_345]
	at org.apache.hadoop.security.UserGroupInformation.doAs(UserGroupInformation.java:1878) [hadoop-common-3.3.1.jar:?]
	at org.apache.hadoop.ipc.Server$Handler.run(Server.java:2966) [hadoop-common-3.3.1.jar:?]
2022-10-10 08:35:00,449 [Time-limited test] WARN  ozone.BasicOzoneFileSystem (BasicOzoneFileSystem.java:getFileStatus(765)) - GetFileStatus failed for path o3fs://bucket39555.volume16396/root_dir/dir1.renamed
java.io.FileNotFoundException: root_dir/dir1.renamed: No such file or directory!
	at org.apache.hadoop.fs.ozone.BasicOzoneClientAdapterImpl.getFileStatus(BasicOzoneClientAdapterImpl.java:369)
	at org.apache.hadoop.fs.ozone.BasicOzoneFileSystem.getFileStatus(BasicOzoneFileSystem.java:757)
	at org.apache.hadoop.fs.ozone.BasicOzoneFileSystem.rename(BasicOzoneFileSystem.java:357)
	at org.apache.hadoop.fs.ozone.TestOzoneFileSystem.testRenameDir(TestOzoneFileSystem.java:1355)
	at sun.reflect.NativeMethodAccessorImpl.invoke0(Native Method)
	at sun.reflect.NativeMethodAccessorImpl.invoke(NativeMethodAccessorImpl.java:62)
	at sun.reflect.DelegatingMethodAccessorImpl.invoke(DelegatingMethodAccessorImpl.java:43)
	at java.lang.reflect.Method.invoke(Method.java:498)
	at org.junit.runners.model.FrameworkMethod$1.runReflectiveCall(FrameworkMethod.java:59)
	at org.junit.internal.runners.model.ReflectiveCallable.run(ReflectiveCallable.java:12)
	at org.junit.runners.model.FrameworkMethod.invokeExplosively(FrameworkMethod.java:56)
	at org.junit.internal.runners.statements.InvokeMethod.evaluate(InvokeMethod.java:17)
	at org.junit.internal.runners.statements.RunAfters.evaluate(RunAfters.java:27)
	at org.junit.internal.runners.statements.FailOnTimeout$CallableStatement.call(FailOnTimeout.java:288)
	at org.junit.internal.runners.statements.FailOnTimeout$CallableStatement.call(FailOnTimeout.java:282)
	at java.util.concurrent.FutureTask.run(FutureTask.java:266)
	at java.lang.Thread.run(Thread.java:750)
]]></system-out>
  </testcase>
  <testcase name="testRenameDir" classname="TestOzoneFileSystem" time="0.051">
    <system-out><![CDATA[2022-10-10 08:38:39,885 [Time-limited test] INFO  ozone.TestOzoneFileSystem (TestOzoneFileSystem.java:testRenameDir(1353)) - Created dir o3fs://bucket40120.volume27327/root_dir/dir1/sub_dir1
2022-10-10 08:38:39,885 [Time-limited test] INFO  ozone.TestOzoneFileSystem (TestOzoneFileSystem.java:testRenameDir(1354)) - Will move o3fs://bucket40120.volume27327/root_dir/dir1 to o3fs://bucket40120.volume27327/root_dir/dir1.renamed
08:38:39.886 [IPC Server handler 3 on default port 43231] ERROR OMAudit - user=runner | ip=127.0.0.1 | op=GET_FILE_STATUS {volume=volume27327, bucket=bucket40120, key=root_dir/dir1.renamed, dataSize=0, replicationConfig=null} | ret=FAILURE
org.apache.hadoop.ozone.om.exceptions.OMException: Unable to get file status: volume: volume27327 bucket: bucket40120 key: root_dir/dir1.renamed
	at org.apache.hadoop.ozone.om.KeyManagerImpl.getOzoneFileStatus(KeyManagerImpl.java:1270) ~[ozone-manager-1.3.0-SNAPSHOT.jar:?]
	at org.apache.hadoop.ozone.om.KeyManagerImpl.getFileStatus(KeyManagerImpl.java:1200) ~[ozone-manager-1.3.0-SNAPSHOT.jar:?]
	at org.apache.hadoop.ozone.om.OzoneManager.getFileStatus(OzoneManager.java:3507) ~[ozone-manager-1.3.0-SNAPSHOT.jar:?]
	at org.apache.hadoop.ozone.protocolPB.OzoneManagerRequestHandler.getOzoneFileStatus(OzoneManagerRequestHandler.java:882) ~[ozone-manager-1.3.0-SNAPSHOT.jar:?]
	at org.apache.hadoop.ozone.protocolPB.OzoneManagerRequestHandler.handleReadRequest(OzoneManagerRequestHandler.java:228) ~[ozone-manager-1.3.0-SNAPSHOT.jar:?]
	at org.apache.hadoop.ozone.protocolPB.OzoneManagerProtocolServerSideTranslatorPB.submitRequestDirectlyToOM(OzoneManagerProtocolServerSideTranslatorPB.java:276) ~[ozone-manager-1.3.0-SNAPSHOT.jar:?]
	at org.apache.hadoop.ozone.protocolPB.OzoneManagerProtocolServerSideTranslatorPB.processRequest(OzoneManagerProtocolServerSideTranslatorPB.java:205) ~[ozone-manager-1.3.0-SNAPSHOT.jar:?]
	at org.apache.hadoop.hdds.server.OzoneProtocolMessageDispatcher.processRequest(OzoneProtocolMessageDispatcher.java:87) [hdds-server-framework-1.3.0-SNAPSHOT.jar:?]
	at org.apache.hadoop.ozone.protocolPB.OzoneManagerProtocolServerSideTranslatorPB.submitRequest(OzoneManagerProtocolServerSideTranslatorPB.java:147) [ozone-manager-1.3.0-SNAPSHOT.jar:?]
	at org.apache.hadoop.ozone.protocol.proto.OzoneManagerProtocolProtos$OzoneManagerService$2.callBlockingMethod(OzoneManagerProtocolProtos.java) [ozone-interface-client-1.3.0-SNAPSHOT.jar:?]
	at org.apache.hadoop.ipc.ProtobufRpcEngine$Server.processCall(ProtobufRpcEngine.java:466) [hadoop-common-3.3.1.jar:?]
	at org.apache.hadoop.ipc.ProtobufRpcEngine2$Server$ProtoBufRpcInvoker.call(ProtobufRpcEngine2.java:574) [hadoop-common-3.3.1.jar:?]
	at org.apache.hadoop.ipc.ProtobufRpcEngine2$Server$ProtoBufRpcInvoker.call(ProtobufRpcEngine2.java:552) [hadoop-common-3.3.1.jar:?]
	at org.apache.hadoop.ipc.RPC$Server.call(RPC.java:1093) [hadoop-common-3.3.1.jar:?]
	at org.apache.hadoop.ipc.Server$RpcCall.run(Server.java:1035) [hadoop-common-3.3.1.jar:?]
	at org.apache.hadoop.ipc.Server$RpcCall.run(Server.java:963) [hadoop-common-3.3.1.jar:?]
	at java.security.AccessController.doPrivileged(Native Method) ~[?:1.8.0_345]
	at javax.security.auth.Subject.doAs(Subject.java:422) [?:1.8.0_345]
	at org.apache.hadoop.security.UserGroupInformation.doAs(UserGroupInformation.java:1878) [hadoop-common-3.3.1.jar:?]
	at org.apache.hadoop.ipc.Server$Handler.run(Server.java:2966) [hadoop-common-3.3.1.jar:?]
2022-10-10 08:38:39,887 [Time-limited test] WARN  ozone.BasicOzoneFileSystem (BasicOzoneFileSystem.java:getFileStatus(765)) - GetFileStatus failed for path o3fs://bucket40120.volume27327/root_dir/dir1.renamed
java.io.FileNotFoundException: root_dir/dir1.renamed: No such file or directory!
	at org.apache.hadoop.fs.ozone.BasicOzoneClientAdapterImpl.getFileStatus(BasicOzoneClientAdapterImpl.java:369)
	at org.apache.hadoop.fs.ozone.BasicOzoneFileSystem.getFileStatus(BasicOzoneFileSystem.java:757)
	at org.apache.hadoop.fs.ozone.BasicOzoneFileSystem.rename(BasicOzoneFileSystem.java:357)
	at org.apache.hadoop.fs.ozone.TestOzoneFileSystem.testRenameDir(TestOzoneFileSystem.java:1355)
	at sun.reflect.NativeMethodAccessorImpl.invoke0(Native Method)
	at sun.reflect.NativeMethodAccessorImpl.invoke(NativeMethodAccessorImpl.java:62)
	at sun.reflect.DelegatingMethodAccessorImpl.invoke(DelegatingMethodAccessorImpl.java:43)
	at java.lang.reflect.Method.invoke(Method.java:498)
	at org.junit.runners.model.FrameworkMethod$1.runReflectiveCall(FrameworkMethod.java:59)
	at org.junit.internal.runners.model.ReflectiveCallable.run(ReflectiveCallable.java:12)
	at org.junit.runners.model.FrameworkMethod.invokeExplosively(FrameworkMethod.java:56)
	at org.junit.internal.runners.statements.InvokeMethod.evaluate(InvokeMethod.java:17)
	at org.junit.internal.runners.statements.RunAfters.evaluate(RunAfters.java:27)
	at org.junit.internal.runners.statements.FailOnTimeout$CallableStatement.call(FailOnTimeout.java:288)
	at org.junit.internal.runners.statements.FailOnTimeout$CallableStatement.call(FailOnTimeout.java:282)
	at java.util.concurrent.FutureTask.run(FutureTask.java:266)
	at java.lang.Thread.run(Thread.java:750)
]]></system-out>
  </testcase>
  <testcase name="testRenameDir" classname="TestOzoneFileSystem" time="0.074">
    <system-out><![CDATA[2022-10-10 08:40:21,770 [Time-limited test] INFO  ozone.TestOzoneFileSystem (TestOzoneFileSystem.java:testRenameDir(1353)) - Created dir o3fs://bucket94599.volume83680/root_dir/dir1/sub_dir1
2022-10-10 08:40:21,770 [Time-limited test] INFO  ozone.TestOzoneFileSystem (TestOzoneFileSystem.java:testRenameDir(1354)) - Will move o3fs://bucket94599.volume83680/root_dir/dir1 to o3fs://bucket94599.volume83680/root_dir/dir1.renamed
08:40:21.771 [IPC Server handler 2 on default port 41701] ERROR OMAudit - user=runner | ip=127.0.0.1 | op=GET_FILE_STATUS {volume=volume83680, bucket=bucket94599, key=root_dir/dir1.renamed, dataSize=0, replicationConfig=null} | ret=FAILURE
org.apache.hadoop.ozone.om.exceptions.OMException: Unable to get file status: volume: volume83680 bucket: bucket94599 key: root_dir/dir1.renamed
	at org.apache.hadoop.ozone.om.KeyManagerImpl.getOzoneFileStatus(KeyManagerImpl.java:1270) ~[ozone-manager-1.3.0-SNAPSHOT.jar:?]
	at org.apache.hadoop.ozone.om.KeyManagerImpl.getFileStatus(KeyManagerImpl.java:1200) ~[ozone-manager-1.3.0-SNAPSHOT.jar:?]
	at org.apache.hadoop.ozone.om.OzoneManager.getFileStatus(OzoneManager.java:3507) ~[ozone-manager-1.3.0-SNAPSHOT.jar:?]
	at org.apache.hadoop.ozone.protocolPB.OzoneManagerRequestHandler.getOzoneFileStatus(OzoneManagerRequestHandler.java:882) ~[ozone-manager-1.3.0-SNAPSHOT.jar:?]
	at org.apache.hadoop.ozone.protocolPB.OzoneManagerRequestHandler.handleReadRequest(OzoneManagerRequestHandler.java:228) ~[ozone-manager-1.3.0-SNAPSHOT.jar:?]
	at org.apache.hadoop.ozone.protocolPB.OzoneManagerProtocolServerSideTranslatorPB.submitReadRequestToOM(OzoneManagerProtocolServerSideTranslatorPB.java:226) ~[ozone-manager-1.3.0-SNAPSHOT.jar:?]
	at org.apache.hadoop.ozone.protocolPB.OzoneManagerProtocolServerSideTranslatorPB.processRequest(OzoneManagerProtocolServerSideTranslatorPB.java:175) ~[ozone-manager-1.3.0-SNAPSHOT.jar:?]
	at org.apache.hadoop.hdds.server.OzoneProtocolMessageDispatcher.processRequest(OzoneProtocolMessageDispatcher.java:87) [hdds-server-framework-1.3.0-SNAPSHOT.jar:?]
	at org.apache.hadoop.ozone.protocolPB.OzoneManagerProtocolServerSideTranslatorPB.submitRequest(OzoneManagerProtocolServerSideTranslatorPB.java:147) [ozone-manager-1.3.0-SNAPSHOT.jar:?]
	at org.apache.hadoop.ozone.protocol.proto.OzoneManagerProtocolProtos$OzoneManagerService$2.callBlockingMethod(OzoneManagerProtocolProtos.java) [ozone-interface-client-1.3.0-SNAPSHOT.jar:?]
	at org.apache.hadoop.ipc.ProtobufRpcEngine$Server.processCall(ProtobufRpcEngine.java:466) [hadoop-common-3.3.1.jar:?]
	at org.apache.hadoop.ipc.ProtobufRpcEngine2$Server$ProtoBufRpcInvoker.call(ProtobufRpcEngine2.java:574) [hadoop-common-3.3.1.jar:?]
	at org.apache.hadoop.ipc.ProtobufRpcEngine2$Server$ProtoBufRpcInvoker.call(ProtobufRpcEngine2.java:552) [hadoop-common-3.3.1.jar:?]
	at org.apache.hadoop.ipc.RPC$Server.call(RPC.java:1093) [hadoop-common-3.3.1.jar:?]
	at org.apache.hadoop.ipc.Server$RpcCall.run(Server.java:1035) [hadoop-common-3.3.1.jar:?]
	at org.apache.hadoop.ipc.Server$RpcCall.run(Server.java:963) [hadoop-common-3.3.1.jar:?]
	at java.security.AccessController.doPrivileged(Native Method) ~[?:1.8.0_345]
	at javax.security.auth.Subject.doAs(Subject.java:422) [?:1.8.0_345]
	at org.apache.hadoop.security.UserGroupInformation.doAs(UserGroupInformation.java:1878) [hadoop-common-3.3.1.jar:?]
	at org.apache.hadoop.ipc.Server$Handler.run(Server.java:2966) [hadoop-common-3.3.1.jar:?]
2022-10-10 08:40:21,773 [Time-limited test] WARN  ozone.BasicOzoneFileSystem (BasicOzoneFileSystem.java:getFileStatus(765)) - GetFileStatus failed for path o3fs://bucket94599.volume83680/root_dir/dir1.renamed
java.io.FileNotFoundException: root_dir/dir1.renamed: No such file or directory!
	at org.apache.hadoop.fs.ozone.BasicOzoneClientAdapterImpl.getFileStatus(BasicOzoneClientAdapterImpl.java:369)
	at org.apache.hadoop.fs.ozone.BasicOzoneFileSystem.getFileStatus(BasicOzoneFileSystem.java:757)
	at org.apache.hadoop.fs.ozone.BasicOzoneFileSystem.rename(BasicOzoneFileSystem.java:357)
	at org.apache.hadoop.fs.ozone.TestOzoneFileSystem.testRenameDir(TestOzoneFileSystem.java:1355)
	at sun.reflect.NativeMethodAccessorImpl.invoke0(Native Method)
	at sun.reflect.NativeMethodAccessorImpl.invoke(NativeMethodAccessorImpl.java:62)
	at sun.reflect.DelegatingMethodAccessorImpl.invoke(DelegatingMethodAccessorImpl.java:43)
	at java.lang.reflect.Method.invoke(Method.java:498)
	at org.junit.runners.model.FrameworkMethod$1.runReflectiveCall(FrameworkMethod.java:59)
	at org.junit.internal.runners.model.ReflectiveCallable.run(ReflectiveCallable.java:12)
	at org.junit.runners.model.FrameworkMethod.invokeExplosively(FrameworkMethod.java:56)
	at org.junit.internal.runners.statements.InvokeMethod.evaluate(InvokeMethod.java:17)
	at org.junit.internal.runners.statements.RunAfters.evaluate(RunAfters.java:27)
	at org.junit.internal.runners.statements.FailOnTimeout$CallableStatement.call(FailOnTimeout.java:288)
	at org.junit.internal.runners.statements.FailOnTimeout$CallableStatement.call(FailOnTimeout.java:282)
	at java.util.concurrent.FutureTask.run(FutureTask.java:266)
	at java.lang.Thread.run(Thread.java:750)
]]></system-out>
  </testcase>
  <testcase name="testRenameDir" classname="TestOzoneFileSystem" time="0.06">
    <system-out><![CDATA[2022-10-10 08:42:23,561 [Time-limited test] INFO  ozone.TestOzoneFileSystem (TestOzoneFileSystem.java:testRenameDir(1353)) - Created dir o3fs://bucket63939.volume23299/root_dir/dir1/sub_dir1
2022-10-10 08:42:23,561 [Time-limited test] INFO  ozone.TestOzoneFileSystem (TestOzoneFileSystem.java:testRenameDir(1354)) - Will move o3fs://bucket63939.volume23299/root_dir/dir1 to o3fs://bucket63939.volume23299/root_dir/dir1.renamed
08:42:23.583 [IPC Server handler 1 on default port 37485] ERROR OMAudit - user=runner | ip=127.0.0.1 | op=GET_FILE_STATUS {volume=volume23299, bucket=bucket63939, key=root_dir/dir1.renamed, dataSize=0, replicationConfig=null} | ret=FAILURE
org.apache.hadoop.ozone.om.exceptions.OMException: Unable to get file status: volume: volume23299 bucket: bucket63939 key: root_dir/dir1.renamed
	at org.apache.hadoop.ozone.om.KeyManagerImpl.getOzoneFileStatus(KeyManagerImpl.java:1270) ~[ozone-manager-1.3.0-SNAPSHOT.jar:?]
	at org.apache.hadoop.ozone.om.KeyManagerImpl.getFileStatus(KeyManagerImpl.java:1200) ~[ozone-manager-1.3.0-SNAPSHOT.jar:?]
	at org.apache.hadoop.ozone.om.OzoneManager.getFileStatus(OzoneManager.java:3507) ~[ozone-manager-1.3.0-SNAPSHOT.jar:?]
	at org.apache.hadoop.ozone.protocolPB.OzoneManagerRequestHandler.getOzoneFileStatus(OzoneManagerRequestHandler.java:882) ~[ozone-manager-1.3.0-SNAPSHOT.jar:?]
	at org.apache.hadoop.ozone.protocolPB.OzoneManagerRequestHandler.handleReadRequest(OzoneManagerRequestHandler.java:228) ~[ozone-manager-1.3.0-SNAPSHOT.jar:?]
	at org.apache.hadoop.ozone.protocolPB.OzoneManagerProtocolServerSideTranslatorPB.submitRequestDirectlyToOM(OzoneManagerProtocolServerSideTranslatorPB.java:276) ~[ozone-manager-1.3.0-SNAPSHOT.jar:?]
	at org.apache.hadoop.ozone.protocolPB.OzoneManagerProtocolServerSideTranslatorPB.processRequest(OzoneManagerProtocolServerSideTranslatorPB.java:205) ~[ozone-manager-1.3.0-SNAPSHOT.jar:?]
	at org.apache.hadoop.hdds.server.OzoneProtocolMessageDispatcher.processRequest(OzoneProtocolMessageDispatcher.java:87) [hdds-server-framework-1.3.0-SNAPSHOT.jar:?]
	at org.apache.hadoop.ozone.protocolPB.OzoneManagerProtocolServerSideTranslatorPB.submitRequest(OzoneManagerProtocolServerSideTranslatorPB.java:147) [ozone-manager-1.3.0-SNAPSHOT.jar:?]
	at org.apache.hadoop.ozone.protocol.proto.OzoneManagerProtocolProtos$OzoneManagerService$2.callBlockingMethod(OzoneManagerProtocolProtos.java) [ozone-interface-client-1.3.0-SNAPSHOT.jar:?]
	at org.apache.hadoop.ipc.ProtobufRpcEngine$Server.processCall(ProtobufRpcEngine.java:466) [hadoop-common-3.3.1.jar:?]
	at org.apache.hadoop.ipc.ProtobufRpcEngine2$Server$ProtoBufRpcInvoker.call(ProtobufRpcEngine2.java:574) [hadoop-common-3.3.1.jar:?]
	at org.apache.hadoop.ipc.ProtobufRpcEngine2$Server$ProtoBufRpcInvoker.call(ProtobufRpcEngine2.java:552) [hadoop-common-3.3.1.jar:?]
	at org.apache.hadoop.ipc.RPC$Server.call(RPC.java:1093) [hadoop-common-3.3.1.jar:?]
	at org.apache.hadoop.ipc.Server$RpcCall.run(Server.java:1035) [hadoop-common-3.3.1.jar:?]
	at org.apache.hadoop.ipc.Server$RpcCall.run(Server.java:963) [hadoop-common-3.3.1.jar:?]
	at java.security.AccessController.doPrivileged(Native Method) ~[?:1.8.0_345]
	at javax.security.auth.Subject.doAs(Subject.java:422) [?:1.8.0_345]
	at org.apache.hadoop.security.UserGroupInformation.doAs(UserGroupInformation.java:1878) [hadoop-common-3.3.1.jar:?]
	at org.apache.hadoop.ipc.Server$Handler.run(Server.java:2966) [hadoop-common-3.3.1.jar:?]
2022-10-10 08:42:23,584 [Time-limited test] WARN  ozone.BasicOzoneFileSystem (BasicOzoneFileSystem.java:getFileStatus(765)) - GetFileStatus failed for path o3fs://bucket63939.volume23299/root_dir/dir1.renamed
java.io.FileNotFoundException: root_dir/dir1.renamed: No such file or directory!
	at org.apache.hadoop.fs.ozone.BasicOzoneClientAdapterImpl.getFileStatus(BasicOzoneClientAdapterImpl.java:369)
	at org.apache.hadoop.fs.ozone.BasicOzoneFileSystem.getFileStatus(BasicOzoneFileSystem.java:757)
	at org.apache.hadoop.fs.ozone.BasicOzoneFileSystem.rename(BasicOzoneFileSystem.java:357)
	at org.apache.hadoop.fs.ozone.TestOzoneFileSystem.testRenameDir(TestOzoneFileSystem.java:1355)
	at sun.reflect.NativeMethodAccessorImpl.invoke0(Native Method)
	at sun.reflect.NativeMethodAccessorImpl.invoke(NativeMethodAccessorImpl.java:62)
	at sun.reflect.DelegatingMethodAccessorImpl.invoke(DelegatingMethodAccessorImpl.java:43)
	at java.lang.reflect.Method.invoke(Method.java:498)
	at org.junit.runners.model.FrameworkMethod$1.runReflectiveCall(FrameworkMethod.java:59)
	at org.junit.internal.runners.model.ReflectiveCallable.run(ReflectiveCallable.java:12)
	at org.junit.runners.model.FrameworkMethod.invokeExplosively(FrameworkMethod.java:56)
	at org.junit.internal.runners.statements.InvokeMethod.evaluate(InvokeMethod.java:17)
	at org.junit.internal.runners.statements.RunAfters.evaluate(RunAfters.java:27)
	at org.junit.internal.runners.statements.FailOnTimeout$CallableStatement.call(FailOnTimeout.java:288)
	at org.junit.internal.runners.statements.FailOnTimeout$CallableStatement.call(FailOnTimeout.java:282)
	at java.util.concurrent.FutureTask.run(FutureTask.java:266)
	at java.lang.Thread.run(Thread.java:750)
2022-10-10 08:42:23,588 [a9a6cd5b-fe0e-4332-bca3-bc21e3040c64@group-067685ED9E5B-FollowerState] INFO  impl.FollowerState (FollowerState.java:run(143)) - a9a6cd5b-fe0e-4332-bca3-bc21e3040c64@group-067685ED9E5B-FollowerState: change to CANDIDATE, lastRpcElapsedTime:5201330651ns, electionTimeout:5192ms
2022-10-10 08:42:23,588 [a9a6cd5b-fe0e-4332-bca3-bc21e3040c64@group-067685ED9E5B-FollowerState] INFO  impl.RoleInfo (RoleInfo.java:shutdownFollowerState(110)) - a9a6cd5b-fe0e-4332-bca3-bc21e3040c64: shutdown a9a6cd5b-fe0e-4332-bca3-bc21e3040c64@group-067685ED9E5B-FollowerState
2022-10-10 08:42:23,588 [a9a6cd5b-fe0e-4332-bca3-bc21e3040c64@group-067685ED9E5B-FollowerState] INFO  server.RaftServer$Division (RaftServerImpl.java:setRole(299)) - a9a6cd5b-fe0e-4332-bca3-bc21e3040c64@group-067685ED9E5B: changes role from  FOLLOWER to CANDIDATE at term 0 for changeToCandidate
2022-10-10 08:42:23,588 [a9a6cd5b-fe0e-4332-bca3-bc21e3040c64@group-067685ED9E5B-FollowerState] INFO  server.RaftServerConfigKeys (ConfUtils.java:logGet(46)) - raft.server.leaderelection.pre-vote = false (custom)
2022-10-10 08:42:23,588 [a9a6cd5b-fe0e-4332-bca3-bc21e3040c64@group-067685ED9E5B-FollowerState] INFO  impl.RoleInfo (RoleInfo.java:updateAndGet(139)) - a9a6cd5b-fe0e-4332-bca3-bc21e3040c64: start a9a6cd5b-fe0e-4332-bca3-bc21e3040c64@group-067685ED9E5B-LeaderElection63
]]></system-out>
  </testcase>
  <testcase name="testListStatusIteratorOnSubDirs" classname="TestOzoneFileSystem" time="0.081"/>
  <testcase name="testListStatusIteratorOnSubDirs" classname="TestOzoneFileSystem" time="0.074">
    <system-out><![CDATA[2022-10-10 08:38:39,904 [22afd6e4-8e85-4fe8-a1ff-afcedf5143bf@group-A46AE93264AF-FollowerState] INFO  impl.FollowerState (FollowerState.java:run(143)) - 22afd6e4-8e85-4fe8-a1ff-afcedf5143bf@group-A46AE93264AF-FollowerState: change to CANDIDATE, lastRpcElapsedTime:5034629197ns, electionTimeout:5024ms
2022-10-10 08:38:39,904 [22afd6e4-8e85-4fe8-a1ff-afcedf5143bf@group-A46AE93264AF-FollowerState] INFO  impl.RoleInfo (RoleInfo.java:shutdownFollowerState(110)) - 22afd6e4-8e85-4fe8-a1ff-afcedf5143bf: shutdown 22afd6e4-8e85-4fe8-a1ff-afcedf5143bf@group-A46AE93264AF-FollowerState
2022-10-10 08:38:39,905 [22afd6e4-8e85-4fe8-a1ff-afcedf5143bf@group-A46AE93264AF-FollowerState] INFO  server.RaftServer$Division (RaftServerImpl.java:setRole(299)) - 22afd6e4-8e85-4fe8-a1ff-afcedf5143bf@group-A46AE93264AF: changes role from  FOLLOWER to CANDIDATE at term 0 for changeToCandidate
2022-10-10 08:38:39,905 [22afd6e4-8e85-4fe8-a1ff-afcedf5143bf@group-A46AE93264AF-FollowerState] INFO  server.RaftServerConfigKeys (ConfUtils.java:logGet(46)) - raft.server.leaderelection.pre-vote = false (custom)
2022-10-10 08:38:39,905 [22afd6e4-8e85-4fe8-a1ff-afcedf5143bf@group-A46AE93264AF-FollowerState] INFO  impl.RoleInfo (RoleInfo.java:updateAndGet(139)) - 22afd6e4-8e85-4fe8-a1ff-afcedf5143bf: start 22afd6e4-8e85-4fe8-a1ff-afcedf5143bf@group-A46AE93264AF-LeaderElection18
2022-10-10 08:38:39,945 [22afd6e4-8e85-4fe8-a1ff-afcedf5143bf@group-A46AE93264AF-LeaderElection18] INFO  impl.LeaderElection (LeaderElection.java:askForVotes(310)) - 22afd6e4-8e85-4fe8-a1ff-afcedf5143bf@group-A46AE93264AF-LeaderElection18 ELECTION round 0: submit vote requests at term 1 for -1: [22afd6e4-8e85-4fe8-a1ff-afcedf5143bf|rpc:10.1.0.114:38607|priority:1], old=null
2022-10-10 08:38:39,945 [22afd6e4-8e85-4fe8-a1ff-afcedf5143bf@group-A46AE93264AF-LeaderElection18] INFO  impl.LeaderElection (LeaderElection.java:askForVotes(312)) - 22afd6e4-8e85-4fe8-a1ff-afcedf5143bf@group-A46AE93264AF-LeaderElection18 ELECTION round 0: result PASSED (term=1)
2022-10-10 08:38:39,945 [22afd6e4-8e85-4fe8-a1ff-afcedf5143bf@group-A46AE93264AF-LeaderElection18] INFO  impl.RoleInfo (RoleInfo.java:shutdownLeaderElection(130)) - 22afd6e4-8e85-4fe8-a1ff-afcedf5143bf: shutdown 22afd6e4-8e85-4fe8-a1ff-afcedf5143bf@group-A46AE93264AF-LeaderElection18
2022-10-10 08:38:39,945 [22afd6e4-8e85-4fe8-a1ff-afcedf5143bf@group-A46AE93264AF-LeaderElection18] INFO  server.RaftServer$Division (RaftServerImpl.java:setRole(299)) - 22afd6e4-8e85-4fe8-a1ff-afcedf5143bf@group-A46AE93264AF: changes role from CANDIDATE to LEADER at term 1 for changeToLeader
2022-10-10 08:38:39,945 [22afd6e4-8e85-4fe8-a1ff-afcedf5143bf@group-A46AE93264AF-LeaderElection18] INFO  ratis.XceiverServerRatis (XceiverServerRatis.java:handleLeaderChangedNotification(863)) - Leader change notification received for group: group-A46AE93264AF with new leaderId: 22afd6e4-8e85-4fe8-a1ff-afcedf5143bf
2022-10-10 08:38:39,945 [22afd6e4-8e85-4fe8-a1ff-afcedf5143bf@group-A46AE93264AF-LeaderElection18] INFO  server.RaftServer$Division (ServerState.java:setLeader(287)) - 22afd6e4-8e85-4fe8-a1ff-afcedf5143bf@group-A46AE93264AF: change Leader from null to 22afd6e4-8e85-4fe8-a1ff-afcedf5143bf at term 1 for becomeLeader, leader elected after 5095ms
2022-10-10 08:38:39,945 [22afd6e4-8e85-4fe8-a1ff-afcedf5143bf@group-A46AE93264AF-LeaderElection18] INFO  server.RaftServerConfigKeys (ConfUtils.java:logGet(46)) - raft.server.staging.catchup.gap = 1000 (default)
2022-10-10 08:38:39,945 [22afd6e4-8e85-4fe8-a1ff-afcedf5143bf@group-A46AE93264AF-LeaderElection18] INFO  server.RaftServerConfigKeys (ConfUtils.java:logGet(46)) - raft.server.write.element-limit = 1024 (custom)
2022-10-10 08:38:39,946 [22afd6e4-8e85-4fe8-a1ff-afcedf5143bf@group-A46AE93264AF-LeaderElection18] INFO  server.RaftServerConfigKeys (ConfUtils.java:logGet(46)) - raft.server.write.byte-limit = 1024 M (=1073741824) (custom)
2022-10-10 08:38:39,946 [22afd6e4-8e85-4fe8-a1ff-afcedf5143bf@group-A46AE93264AF-LeaderElection18] INFO  server.RaftServerConfigKeys (ConfUtils.java:logGet(46)) - raft.server.watch.timeout = 180s (custom)
2022-10-10 08:38:39,946 [22afd6e4-8e85-4fe8-a1ff-afcedf5143bf@group-A46AE93264AF-LeaderElection18] INFO  server.RaftServerConfigKeys (ConfUtils.java:logGet(46)) - raft.server.watch.timeout.denomination = 1s (default)
2022-10-10 08:38:39,946 [22afd6e4-8e85-4fe8-a1ff-afcedf5143bf@group-A46AE93264AF-LeaderElection18] INFO  server.RaftServerConfigKeys (ConfUtils.java:logGet(46)) - raft.server.watch.element-limit = 65536 (default)
2022-10-10 08:38:39,946 [22afd6e4-8e85-4fe8-a1ff-afcedf5143bf@group-A46AE93264AF-LeaderElection18] INFO  server.RaftServerConfigKeys (ConfUtils.java:logGet(46)) - raft.server.write.element-limit = 1024 (custom)
2022-10-10 08:38:39,946 [22afd6e4-8e85-4fe8-a1ff-afcedf5143bf@group-A46AE93264AF-LeaderElection18] INFO  server.RaftServerConfigKeys (ConfUtils.java:logGet(46)) - raft.server.write.follower.gap.ratio.max = -1.0 (default)
2022-10-10 08:38:39,946 [22afd6e4-8e85-4fe8-a1ff-afcedf5143bf@group-A46AE93264AF-LeaderElection18] INFO  impl.RoleInfo (RoleInfo.java:updateAndGet(139)) - 22afd6e4-8e85-4fe8-a1ff-afcedf5143bf: start 22afd6e4-8e85-4fe8-a1ff-afcedf5143bf@group-A46AE93264AF-LeaderStateImpl
2022-10-10 08:38:39,947 [22afd6e4-8e85-4fe8-a1ff-afcedf5143bf@group-A46AE93264AF-LeaderElection18] INFO  segmented.SegmentedRaftLogWorker (SegmentedRaftLogWorker.java:startLogSegment(425)) - 22afd6e4-8e85-4fe8-a1ff-afcedf5143bf@group-A46AE93264AF-SegmentedRaftLogWorker: Starting segment from index:0
2022-10-10 08:38:39,948 [22afd6e4-8e85-4fe8-a1ff-afcedf5143bf@group-A46AE93264AF-SegmentedRaftLogWorker] INFO  segmented.SegmentedRaftLogWorker (SegmentedRaftLogWorker.java:execute(629)) - 22afd6e4-8e85-4fe8-a1ff-afcedf5143bf@group-A46AE93264AF-SegmentedRaftLogWorker: created new log segment /home/runner/work/ozone/ozone/hadoop-ozone/integration-test/target/test-dir/MiniOzoneClusterImpl-48dafe68-2a65-4a21-9ceb-731b54627123/datanode-2/data/ratis/a976528f-0b77-4463-bd99-a46ae93264af/current/log_inprogress_0
2022-10-10 08:38:39,968 [22afd6e4-8e85-4fe8-a1ff-afcedf5143bf@group-A46AE93264AF-LeaderElection18] INFO  server.RaftServer$Division (ServerState.java:setRaftConf(393)) - 22afd6e4-8e85-4fe8-a1ff-afcedf5143bf@group-A46AE93264AF: set configuration 0: [22afd6e4-8e85-4fe8-a1ff-afcedf5143bf|rpc:10.1.0.114:38607|dataStream:|priority:1], old=null
]]></system-out>
  </testcase>
  <testcase name="testListStatusIteratorOnSubDirs" classname="TestOzoneFileSystem" time="0.064"/>
  <testcase name="testListStatusIteratorOnSubDirs" classname="TestOzoneFileSystem" time="0.149">
    <system-out><![CDATA[2022-10-10 08:42:23,659 [a9a6cd5b-fe0e-4332-bca3-bc21e3040c64@group-067685ED9E5B-LeaderElection63] INFO  impl.LeaderElection (LeaderElection.java:askForVotes(310)) - a9a6cd5b-fe0e-4332-bca3-bc21e3040c64@group-067685ED9E5B-LeaderElection63 ELECTION round 0: submit vote requests at term 1 for -1: [a9a6cd5b-fe0e-4332-bca3-bc21e3040c64|rpc:10.1.0.114:35833|priority:1], old=null
2022-10-10 08:42:23,659 [a9a6cd5b-fe0e-4332-bca3-bc21e3040c64@group-067685ED9E5B-LeaderElection63] INFO  impl.LeaderElection (LeaderElection.java:askForVotes(312)) - a9a6cd5b-fe0e-4332-bca3-bc21e3040c64@group-067685ED9E5B-LeaderElection63 ELECTION round 0: result PASSED (term=1)
2022-10-10 08:42:23,660 [a9a6cd5b-fe0e-4332-bca3-bc21e3040c64@group-067685ED9E5B-LeaderElection63] INFO  impl.RoleInfo (RoleInfo.java:shutdownLeaderElection(130)) - a9a6cd5b-fe0e-4332-bca3-bc21e3040c64: shutdown a9a6cd5b-fe0e-4332-bca3-bc21e3040c64@group-067685ED9E5B-LeaderElection63
2022-10-10 08:42:23,660 [a9a6cd5b-fe0e-4332-bca3-bc21e3040c64@group-067685ED9E5B-LeaderElection63] INFO  server.RaftServer$Division (RaftServerImpl.java:setRole(299)) - a9a6cd5b-fe0e-4332-bca3-bc21e3040c64@group-067685ED9E5B: changes role from CANDIDATE to LEADER at term 1 for changeToLeader
2022-10-10 08:42:23,660 [a9a6cd5b-fe0e-4332-bca3-bc21e3040c64@group-067685ED9E5B-LeaderElection63] INFO  ratis.XceiverServerRatis (XceiverServerRatis.java:handleLeaderChangedNotification(863)) - Leader change notification received for group: group-067685ED9E5B with new leaderId: a9a6cd5b-fe0e-4332-bca3-bc21e3040c64
2022-10-10 08:42:23,660 [a9a6cd5b-fe0e-4332-bca3-bc21e3040c64@group-067685ED9E5B-LeaderElection63] INFO  server.RaftServer$Division (ServerState.java:setLeader(287)) - a9a6cd5b-fe0e-4332-bca3-bc21e3040c64@group-067685ED9E5B: change Leader from null to a9a6cd5b-fe0e-4332-bca3-bc21e3040c64 at term 1 for becomeLeader, leader elected after 5283ms
2022-10-10 08:42:23,660 [a9a6cd5b-fe0e-4332-bca3-bc21e3040c64@group-067685ED9E5B-LeaderElection63] INFO  server.RaftServerConfigKeys (ConfUtils.java:logGet(46)) - raft.server.staging.catchup.gap = 1000 (default)
2022-10-10 08:42:23,660 [a9a6cd5b-fe0e-4332-bca3-bc21e3040c64@group-067685ED9E5B-LeaderElection63] INFO  server.RaftServerConfigKeys (ConfUtils.java:logGet(46)) - raft.server.write.element-limit = 1024 (custom)
2022-10-10 08:42:23,660 [a9a6cd5b-fe0e-4332-bca3-bc21e3040c64@group-067685ED9E5B-LeaderElection63] INFO  server.RaftServerConfigKeys (ConfUtils.java:logGet(46)) - raft.server.write.byte-limit = 1024 M (=1073741824) (custom)
2022-10-10 08:42:23,661 [a9a6cd5b-fe0e-4332-bca3-bc21e3040c64@group-067685ED9E5B-LeaderElection63] INFO  server.RaftServerConfigKeys (ConfUtils.java:logGet(46)) - raft.server.watch.timeout = 180s (custom)
2022-10-10 08:42:23,661 [a9a6cd5b-fe0e-4332-bca3-bc21e3040c64@group-067685ED9E5B-LeaderElection63] INFO  server.RaftServerConfigKeys (ConfUtils.java:logGet(46)) - raft.server.watch.timeout.denomination = 1s (default)
2022-10-10 08:42:23,661 [a9a6cd5b-fe0e-4332-bca3-bc21e3040c64@group-067685ED9E5B-LeaderElection63] INFO  server.RaftServerConfigKeys (ConfUtils.java:logGet(46)) - raft.server.watch.element-limit = 65536 (default)
2022-10-10 08:42:23,661 [a9a6cd5b-fe0e-4332-bca3-bc21e3040c64@group-067685ED9E5B-LeaderElection63] INFO  server.RaftServerConfigKeys (ConfUtils.java:logGet(46)) - raft.server.write.element-limit = 1024 (custom)
2022-10-10 08:42:23,661 [a9a6cd5b-fe0e-4332-bca3-bc21e3040c64@group-067685ED9E5B-LeaderElection63] INFO  server.RaftServerConfigKeys (ConfUtils.java:logGet(46)) - raft.server.write.follower.gap.ratio.max = -1.0 (default)
2022-10-10 08:42:23,661 [a9a6cd5b-fe0e-4332-bca3-bc21e3040c64@group-067685ED9E5B-LeaderElection63] INFO  impl.RoleInfo (RoleInfo.java:updateAndGet(139)) - a9a6cd5b-fe0e-4332-bca3-bc21e3040c64: start a9a6cd5b-fe0e-4332-bca3-bc21e3040c64@group-067685ED9E5B-LeaderStateImpl
2022-10-10 08:42:23,662 [a9a6cd5b-fe0e-4332-bca3-bc21e3040c64@group-067685ED9E5B-LeaderElection63] INFO  segmented.SegmentedRaftLogWorker (SegmentedRaftLogWorker.java:startLogSegment(425)) - a9a6cd5b-fe0e-4332-bca3-bc21e3040c64@group-067685ED9E5B-SegmentedRaftLogWorker: Starting segment from index:0
2022-10-10 08:42:23,663 [a9a6cd5b-fe0e-4332-bca3-bc21e3040c64@group-067685ED9E5B-SegmentedRaftLogWorker] INFO  segmented.SegmentedRaftLogWorker (SegmentedRaftLogWorker.java:execute(629)) - a9a6cd5b-fe0e-4332-bca3-bc21e3040c64@group-067685ED9E5B-SegmentedRaftLogWorker: created new log segment /home/runner/work/ozone/ozone/hadoop-ozone/integration-test/target/test-dir/MiniOzoneClusterImpl-900ef34e-234b-421b-bced-fede2d4c92a4/datanode-3/data/ratis/bdd2f1a1-3906-4056-8188-067685ed9e5b/current/log_inprogress_0
2022-10-10 08:42:23,680 [a9a6cd5b-fe0e-4332-bca3-bc21e3040c64@group-067685ED9E5B-LeaderElection63] INFO  server.RaftServer$Division (ServerState.java:setRaftConf(393)) - a9a6cd5b-fe0e-4332-bca3-bc21e3040c64@group-067685ED9E5B: set configuration 0: [a9a6cd5b-fe0e-4332-bca3-bc21e3040c64|rpc:10.1.0.114:35833|dataStream:|priority:1], old=null
]]></system-out>
  </testcase>
  <testcase name="testAllocateMoreThanOneBlock" classname="TestOzoneFileSystem" time="0.578"/>
  <testcase name="testAllocateMoreThanOneBlock" classname="TestOzoneFileSystem" time="1.144">
    <system-out><![CDATA[2022-10-10 08:38:40,611 [dc638e21-26cb-4a27-999c-ebb3d3abde3a@group-BDE896F44797-FollowerState] INFO  impl.FollowerState (FollowerState.java:run(143)) - dc638e21-26cb-4a27-999c-ebb3d3abde3a@group-BDE896F44797-FollowerState: change to CANDIDATE, lastRpcElapsedTime:5199733886ns, electionTimeout:5196ms
2022-10-10 08:38:40,611 [dc638e21-26cb-4a27-999c-ebb3d3abde3a@group-BDE896F44797-FollowerState] INFO  impl.RoleInfo (RoleInfo.java:shutdownFollowerState(110)) - dc638e21-26cb-4a27-999c-ebb3d3abde3a: shutdown dc638e21-26cb-4a27-999c-ebb3d3abde3a@group-BDE896F44797-FollowerState
2022-10-10 08:38:40,612 [dc638e21-26cb-4a27-999c-ebb3d3abde3a@group-BDE896F44797-FollowerState] INFO  server.RaftServer$Division (RaftServerImpl.java:setRole(299)) - dc638e21-26cb-4a27-999c-ebb3d3abde3a@group-BDE896F44797: changes role from  FOLLOWER to CANDIDATE at term 0 for changeToCandidate
2022-10-10 08:38:40,612 [dc638e21-26cb-4a27-999c-ebb3d3abde3a@group-BDE896F44797-FollowerState] INFO  server.RaftServerConfigKeys (ConfUtils.java:logGet(46)) - raft.server.leaderelection.pre-vote = false (custom)
2022-10-10 08:38:40,612 [dc638e21-26cb-4a27-999c-ebb3d3abde3a@group-BDE896F44797-FollowerState] INFO  impl.RoleInfo (RoleInfo.java:updateAndGet(139)) - dc638e21-26cb-4a27-999c-ebb3d3abde3a: start dc638e21-26cb-4a27-999c-ebb3d3abde3a@group-BDE896F44797-LeaderElection19
2022-10-10 08:38:40,664 [dc638e21-26cb-4a27-999c-ebb3d3abde3a@group-BDE896F44797-LeaderElection19] INFO  impl.LeaderElection (LeaderElection.java:askForVotes(310)) - dc638e21-26cb-4a27-999c-ebb3d3abde3a@group-BDE896F44797-LeaderElection19 ELECTION round 0: submit vote requests at term 1 for -1: [dc638e21-26cb-4a27-999c-ebb3d3abde3a|rpc:10.1.0.114:41253|priority:1], old=null
2022-10-10 08:38:40,664 [dc638e21-26cb-4a27-999c-ebb3d3abde3a@group-BDE896F44797-LeaderElection19] INFO  impl.LeaderElection (LeaderElection.java:askForVotes(312)) - dc638e21-26cb-4a27-999c-ebb3d3abde3a@group-BDE896F44797-LeaderElection19 ELECTION round 0: result PASSED (term=1)
2022-10-10 08:38:40,664 [dc638e21-26cb-4a27-999c-ebb3d3abde3a@group-BDE896F44797-LeaderElection19] INFO  impl.RoleInfo (RoleInfo.java:shutdownLeaderElection(130)) - dc638e21-26cb-4a27-999c-ebb3d3abde3a: shutdown dc638e21-26cb-4a27-999c-ebb3d3abde3a@group-BDE896F44797-LeaderElection19
2022-10-10 08:38:40,674 [dc638e21-26cb-4a27-999c-ebb3d3abde3a@group-BDE896F44797-LeaderElection19] INFO  server.RaftServer$Division (RaftServerImpl.java:setRole(299)) - dc638e21-26cb-4a27-999c-ebb3d3abde3a@group-BDE896F44797: changes role from CANDIDATE to LEADER at term 1 for changeToLeader
2022-10-10 08:38:40,674 [dc638e21-26cb-4a27-999c-ebb3d3abde3a@group-BDE896F44797-LeaderElection19] INFO  ratis.XceiverServerRatis (XceiverServerRatis.java:handleLeaderChangedNotification(863)) - Leader change notification received for group: group-BDE896F44797 with new leaderId: dc638e21-26cb-4a27-999c-ebb3d3abde3a
2022-10-10 08:38:40,674 [dc638e21-26cb-4a27-999c-ebb3d3abde3a@group-BDE896F44797-LeaderElection19] INFO  server.RaftServer$Division (ServerState.java:setLeader(287)) - dc638e21-26cb-4a27-999c-ebb3d3abde3a@group-BDE896F44797: change Leader from null to dc638e21-26cb-4a27-999c-ebb3d3abde3a at term 1 for becomeLeader, leader elected after 5297ms
2022-10-10 08:38:40,674 [dc638e21-26cb-4a27-999c-ebb3d3abde3a@group-BDE896F44797-LeaderElection19] INFO  server.RaftServerConfigKeys (ConfUtils.java:logGet(46)) - raft.server.staging.catchup.gap = 1000 (default)
2022-10-10 08:38:40,674 [dc638e21-26cb-4a27-999c-ebb3d3abde3a@group-BDE896F44797-LeaderElection19] INFO  server.RaftServerConfigKeys (ConfUtils.java:logGet(46)) - raft.server.write.element-limit = 1024 (custom)
2022-10-10 08:38:40,674 [dc638e21-26cb-4a27-999c-ebb3d3abde3a@group-BDE896F44797-LeaderElection19] INFO  server.RaftServerConfigKeys (ConfUtils.java:logGet(46)) - raft.server.write.byte-limit = 1024 M (=1073741824) (custom)
2022-10-10 08:38:40,675 [dc638e21-26cb-4a27-999c-ebb3d3abde3a@group-BDE896F44797-LeaderElection19] INFO  server.RaftServerConfigKeys (ConfUtils.java:logGet(46)) - raft.server.watch.timeout = 180s (custom)
2022-10-10 08:38:40,675 [dc638e21-26cb-4a27-999c-ebb3d3abde3a@group-BDE896F44797-LeaderElection19] INFO  server.RaftServerConfigKeys (ConfUtils.java:logGet(46)) - raft.server.watch.timeout.denomination = 1s (default)
2022-10-10 08:38:40,675 [dc638e21-26cb-4a27-999c-ebb3d3abde3a@group-BDE896F44797-LeaderElection19] INFO  server.RaftServerConfigKeys (ConfUtils.java:logGet(46)) - raft.server.watch.element-limit = 65536 (default)
2022-10-10 08:38:40,675 [dc638e21-26cb-4a27-999c-ebb3d3abde3a@group-BDE896F44797-LeaderElection19] INFO  server.RaftServerConfigKeys (ConfUtils.java:logGet(46)) - raft.server.write.element-limit = 1024 (custom)
2022-10-10 08:38:40,675 [dc638e21-26cb-4a27-999c-ebb3d3abde3a@group-BDE896F44797-LeaderElection19] INFO  server.RaftServerConfigKeys (ConfUtils.java:logGet(46)) - raft.server.write.follower.gap.ratio.max = -1.0 (default)
2022-10-10 08:38:40,692 [dc638e21-26cb-4a27-999c-ebb3d3abde3a@group-BDE896F44797-LeaderElection19] INFO  impl.RoleInfo (RoleInfo.java:updateAndGet(139)) - dc638e21-26cb-4a27-999c-ebb3d3abde3a: start dc638e21-26cb-4a27-999c-ebb3d3abde3a@group-BDE896F44797-LeaderStateImpl
2022-10-10 08:38:40,721 [dc638e21-26cb-4a27-999c-ebb3d3abde3a@group-BDE896F44797-LeaderElection19] INFO  segmented.SegmentedRaftLogWorker (SegmentedRaftLogWorker.java:startLogSegment(425)) - dc638e21-26cb-4a27-999c-ebb3d3abde3a@group-BDE896F44797-SegmentedRaftLogWorker: Starting segment from index:0
2022-10-10 08:38:40,748 [dc638e21-26cb-4a27-999c-ebb3d3abde3a@group-BDE896F44797-LeaderElection19] INFO  server.RaftServer$Division (ServerState.java:setRaftConf(393)) - dc638e21-26cb-4a27-999c-ebb3d3abde3a@group-BDE896F44797: set configuration 0: [dc638e21-26cb-4a27-999c-ebb3d3abde3a|rpc:10.1.0.114:41253|dataStream:|priority:1], old=null
2022-10-10 08:38:40,749 [dc638e21-26cb-4a27-999c-ebb3d3abde3a@group-BDE896F44797-SegmentedRaftLogWorker] INFO  segmented.SegmentedRaftLogWorker (SegmentedRaftLogWorker.java:execute(629)) - dc638e21-26cb-4a27-999c-ebb3d3abde3a@group-BDE896F44797-SegmentedRaftLogWorker: created new log segment /home/runner/work/ozone/ozone/hadoop-ozone/integration-test/target/test-dir/MiniOzoneClusterImpl-48dafe68-2a65-4a21-9ceb-731b54627123/datanode-3/data/ratis/94afe79c-4455-4f85-a2c4-bde896f44797/current/log_inprogress_0
]]></system-out>
  </testcase>
  <testcase name="testAllocateMoreThanOneBlock" classname="TestOzoneFileSystem" time="0.868"/>
  <testcase name="testAllocateMoreThanOneBlock" classname="TestOzoneFileSystem" time="3.328">
    <system-out><![CDATA[2022-10-10 08:42:24,724 [9cbf5f09-7b00-486b-b3c2-fec1d2782637@group-84EA60859048-FollowerState] INFO  impl.FollowerState (FollowerState.java:run(143)) - 9cbf5f09-7b00-486b-b3c2-fec1d2782637@group-84EA60859048-FollowerState: change to CANDIDATE, lastRpcElapsedTime:5174124011ns, electionTimeout:5169ms
2022-10-10 08:42:24,725 [9cbf5f09-7b00-486b-b3c2-fec1d2782637@group-84EA60859048-FollowerState] INFO  impl.RoleInfo (RoleInfo.java:shutdownFollowerState(110)) - 9cbf5f09-7b00-486b-b3c2-fec1d2782637: shutdown 9cbf5f09-7b00-486b-b3c2-fec1d2782637@group-84EA60859048-FollowerState
2022-10-10 08:42:24,725 [9cbf5f09-7b00-486b-b3c2-fec1d2782637@group-84EA60859048-FollowerState] INFO  server.RaftServer$Division (RaftServerImpl.java:setRole(299)) - 9cbf5f09-7b00-486b-b3c2-fec1d2782637@group-84EA60859048: changes role from  FOLLOWER to CANDIDATE at term 0 for changeToCandidate
2022-10-10 08:42:24,725 [9cbf5f09-7b00-486b-b3c2-fec1d2782637@group-84EA60859048-FollowerState] INFO  server.RaftServerConfigKeys (ConfUtils.java:logGet(46)) - raft.server.leaderelection.pre-vote = false (custom)
2022-10-10 08:42:24,725 [9cbf5f09-7b00-486b-b3c2-fec1d2782637@group-84EA60859048-FollowerState] INFO  impl.RoleInfo (RoleInfo.java:updateAndGet(139)) - 9cbf5f09-7b00-486b-b3c2-fec1d2782637: start 9cbf5f09-7b00-486b-b3c2-fec1d2782637@group-84EA60859048-LeaderElection64
2022-10-10 08:42:24,773 [9cbf5f09-7b00-486b-b3c2-fec1d2782637@group-84EA60859048-LeaderElection64] INFO  impl.LeaderElection (LeaderElection.java:askForVotes(310)) - 9cbf5f09-7b00-486b-b3c2-fec1d2782637@group-84EA60859048-LeaderElection64 ELECTION round 0: submit vote requests at term 1 for -1: [9cbf5f09-7b00-486b-b3c2-fec1d2782637|rpc:10.1.0.114:40267|priority:1], old=null
2022-10-10 08:42:24,774 [9cbf5f09-7b00-486b-b3c2-fec1d2782637@group-84EA60859048-LeaderElection64] INFO  impl.LeaderElection (LeaderElection.java:askForVotes(312)) - 9cbf5f09-7b00-486b-b3c2-fec1d2782637@group-84EA60859048-LeaderElection64 ELECTION round 0: result PASSED (term=1)
2022-10-10 08:42:24,774 [9cbf5f09-7b00-486b-b3c2-fec1d2782637@group-84EA60859048-LeaderElection64] INFO  impl.RoleInfo (RoleInfo.java:shutdownLeaderElection(130)) - 9cbf5f09-7b00-486b-b3c2-fec1d2782637: shutdown 9cbf5f09-7b00-486b-b3c2-fec1d2782637@group-84EA60859048-LeaderElection64
2022-10-10 08:42:24,774 [9cbf5f09-7b00-486b-b3c2-fec1d2782637@group-84EA60859048-LeaderElection64] INFO  server.RaftServer$Division (RaftServerImpl.java:setRole(299)) - 9cbf5f09-7b00-486b-b3c2-fec1d2782637@group-84EA60859048: changes role from CANDIDATE to LEADER at term 1 for changeToLeader
2022-10-10 08:42:24,774 [9cbf5f09-7b00-486b-b3c2-fec1d2782637@group-84EA60859048-LeaderElection64] INFO  ratis.XceiverServerRatis (XceiverServerRatis.java:handleLeaderChangedNotification(863)) - Leader change notification received for group: group-84EA60859048 with new leaderId: 9cbf5f09-7b00-486b-b3c2-fec1d2782637
2022-10-10 08:42:24,777 [9cbf5f09-7b00-486b-b3c2-fec1d2782637@group-84EA60859048-LeaderElection64] INFO  server.RaftServer$Division (ServerState.java:setLeader(287)) - 9cbf5f09-7b00-486b-b3c2-fec1d2782637@group-84EA60859048: change Leader from null to 9cbf5f09-7b00-486b-b3c2-fec1d2782637 at term 1 for becomeLeader, leader elected after 5276ms
2022-10-10 08:42:24,777 [9cbf5f09-7b00-486b-b3c2-fec1d2782637@group-84EA60859048-LeaderElection64] INFO  server.RaftServerConfigKeys (ConfUtils.java:logGet(46)) - raft.server.staging.catchup.gap = 1000 (default)
2022-10-10 08:42:24,778 [9cbf5f09-7b00-486b-b3c2-fec1d2782637@group-84EA60859048-LeaderElection64] INFO  server.RaftServerConfigKeys (ConfUtils.java:logGet(46)) - raft.server.write.element-limit = 1024 (custom)
2022-10-10 08:42:24,778 [9cbf5f09-7b00-486b-b3c2-fec1d2782637@group-84EA60859048-LeaderElection64] INFO  server.RaftServerConfigKeys (ConfUtils.java:logGet(46)) - raft.server.write.byte-limit = 1024 M (=1073741824) (custom)
2022-10-10 08:42:24,778 [9cbf5f09-7b00-486b-b3c2-fec1d2782637@group-84EA60859048-LeaderElection64] INFO  server.RaftServerConfigKeys (ConfUtils.java:logGet(46)) - raft.server.watch.timeout = 180s (custom)
2022-10-10 08:42:24,778 [9cbf5f09-7b00-486b-b3c2-fec1d2782637@group-84EA60859048-LeaderElection64] INFO  server.RaftServerConfigKeys (ConfUtils.java:logGet(46)) - raft.server.watch.timeout.denomination = 1s (default)
2022-10-10 08:42:24,778 [9cbf5f09-7b00-486b-b3c2-fec1d2782637@group-84EA60859048-LeaderElection64] INFO  server.RaftServerConfigKeys (ConfUtils.java:logGet(46)) - raft.server.watch.element-limit = 65536 (default)
2022-10-10 08:42:24,780 [9cbf5f09-7b00-486b-b3c2-fec1d2782637@group-84EA60859048-LeaderElection64] INFO  server.RaftServerConfigKeys (ConfUtils.java:logGet(46)) - raft.server.write.element-limit = 1024 (custom)
2022-10-10 08:42:24,780 [9cbf5f09-7b00-486b-b3c2-fec1d2782637@group-84EA60859048-LeaderElection64] INFO  server.RaftServerConfigKeys (ConfUtils.java:logGet(46)) - raft.server.write.follower.gap.ratio.max = -1.0 (default)
2022-10-10 08:42:24,780 [9cbf5f09-7b00-486b-b3c2-fec1d2782637@group-84EA60859048-LeaderElection64] INFO  impl.RoleInfo (RoleInfo.java:updateAndGet(139)) - 9cbf5f09-7b00-486b-b3c2-fec1d2782637: start 9cbf5f09-7b00-486b-b3c2-fec1d2782637@group-84EA60859048-LeaderStateImpl
2022-10-10 08:42:24,781 [9cbf5f09-7b00-486b-b3c2-fec1d2782637@group-84EA60859048-LeaderElection64] INFO  segmented.SegmentedRaftLogWorker (SegmentedRaftLogWorker.java:startLogSegment(425)) - 9cbf5f09-7b00-486b-b3c2-fec1d2782637@group-84EA60859048-SegmentedRaftLogWorker: Starting segment from index:0
2022-10-10 08:42:24,784 [9cbf5f09-7b00-486b-b3c2-fec1d2782637@group-84EA60859048-SegmentedRaftLogWorker] INFO  segmented.SegmentedRaftLogWorker (SegmentedRaftLogWorker.java:execute(629)) - 9cbf5f09-7b00-486b-b3c2-fec1d2782637@group-84EA60859048-SegmentedRaftLogWorker: created new log segment /home/runner/work/ozone/ozone/hadoop-ozone/integration-test/target/test-dir/MiniOzoneClusterImpl-900ef34e-234b-421b-bced-fede2d4c92a4/datanode-4/data/ratis/3f0c4659-ce32-4fcf-91e2-84ea60859048/current/log_inprogress_0
2022-10-10 08:42:24,802 [9cbf5f09-7b00-486b-b3c2-fec1d2782637@group-84EA60859048-LeaderElection64] INFO  server.RaftServer$Division (ServerState.java:setRaftConf(393)) - 9cbf5f09-7b00-486b-b3c2-fec1d2782637@group-84EA60859048: set configuration 0: [9cbf5f09-7b00-486b-b3c2-fec1d2782637|rpc:10.1.0.114:40267|dataStream:|priority:1], old=null
2022-10-10 08:42:26,604 [01e2fa94-bf37-40d8-a3b1-a78bdc47df12@group-A5B6F39D5604-FollowerState] INFO  impl.FollowerState (FollowerState.java:run(143)) - 01e2fa94-bf37-40d8-a3b1-a78bdc47df12@group-A5B6F39D5604-FollowerState: change to CANDIDATE, lastRpcElapsedTime:5138414900ns, electionTimeout:5079ms
2022-10-10 08:42:26,604 [01e2fa94-bf37-40d8-a3b1-a78bdc47df12@group-A5B6F39D5604-FollowerState] INFO  impl.RoleInfo (RoleInfo.java:shutdownFollowerState(110)) - 01e2fa94-bf37-40d8-a3b1-a78bdc47df12: shutdown 01e2fa94-bf37-40d8-a3b1-a78bdc47df12@group-A5B6F39D5604-FollowerState
2022-10-10 08:42:26,604 [01e2fa94-bf37-40d8-a3b1-a78bdc47df12@group-A5B6F39D5604-FollowerState] INFO  server.RaftServer$Division (RaftServerImpl.java:setRole(299)) - 01e2fa94-bf37-40d8-a3b1-a78bdc47df12@group-A5B6F39D5604: changes role from  FOLLOWER to CANDIDATE at term 1 for changeToCandidate
2022-10-10 08:42:26,604 [01e2fa94-bf37-40d8-a3b1-a78bdc47df12@group-A5B6F39D5604-FollowerState] INFO  server.RaftServerConfigKeys (ConfUtils.java:logGet(46)) - raft.server.leaderelection.pre-vote = false (custom)
2022-10-10 08:42:26,605 [01e2fa94-bf37-40d8-a3b1-a78bdc47df12@group-A5B6F39D5604-FollowerState] INFO  impl.RoleInfo (RoleInfo.java:updateAndGet(139)) - 01e2fa94-bf37-40d8-a3b1-a78bdc47df12: start 01e2fa94-bf37-40d8-a3b1-a78bdc47df12@group-A5B6F39D5604-LeaderElection65
2022-10-10 08:42:26,630 [01e2fa94-bf37-40d8-a3b1-a78bdc47df12@group-A5B6F39D5604-LeaderElection65] INFO  impl.LeaderElection (LeaderElection.java:askForVotes(310)) - 01e2fa94-bf37-40d8-a3b1-a78bdc47df12@group-A5B6F39D5604-LeaderElection65 ELECTION round 0: submit vote requests at term 2 for -1: [60d02c60-4364-4909-b75c-044757b70e38|rpc:10.1.0.114:40107|dataStream:|priority:0, b810ff59-71dc-43a2-8cb3-16d59e449a1e|rpc:10.1.0.114:43627|dataStream:|priority:0, 01e2fa94-bf37-40d8-a3b1-a78bdc47df12|rpc:10.1.0.114:35473|dataStream:|priority:1], old=null
2022-10-10 08:42:26,654 [grpc-default-executor-2] INFO  server.RaftServer$Division (RaftServerImpl.java:requestVote(1152)) - 60d02c60-4364-4909-b75c-044757b70e38@group-A5B6F39D5604: receive requestVote(ELECTION, 01e2fa94-bf37-40d8-a3b1-a78bdc47df12, group-A5B6F39D5604, 2, (t:0, i:0))
2022-10-10 08:42:26,655 [grpc-default-executor-2] INFO  impl.VoteContext (VoteContext.java:log(48)) - 60d02c60-4364-4909-b75c-044757b70e38@group-A5B6F39D5604-FOLLOWER: accept ELECTION from 01e2fa94-bf37-40d8-a3b1-a78bdc47df12: our priority 0 <= candidate's priority 1
2022-10-10 08:42:26,655 [grpc-default-executor-2] INFO  server.RaftServer$Division (RaftServerImpl.java:setRole(299)) - 60d02c60-4364-4909-b75c-044757b70e38@group-A5B6F39D5604: changes role from  FOLLOWER to FOLLOWER at term 2 for candidate:01e2fa94-bf37-40d8-a3b1-a78bdc47df12
2022-10-10 08:42:26,655 [grpc-default-executor-2] INFO  impl.RoleInfo (RoleInfo.java:shutdownFollowerState(110)) - 60d02c60-4364-4909-b75c-044757b70e38: shutdown 60d02c60-4364-4909-b75c-044757b70e38@group-A5B6F39D5604-FollowerState
2022-10-10 08:42:26,655 [grpc-default-executor-2] INFO  impl.RoleInfo (RoleInfo.java:updateAndGet(139)) - 60d02c60-4364-4909-b75c-044757b70e38: start 60d02c60-4364-4909-b75c-044757b70e38@group-A5B6F39D5604-FollowerState
2022-10-10 08:42:26,655 [grpc-default-executor-0] INFO  server.RaftServer$Division (RaftServerImpl.java:requestVote(1152)) - b810ff59-71dc-43a2-8cb3-16d59e449a1e@group-A5B6F39D5604: receive requestVote(ELECTION, 01e2fa94-bf37-40d8-a3b1-a78bdc47df12, group-A5B6F39D5604, 2, (t:0, i:0))
2022-10-10 08:42:26,655 [grpc-default-executor-0] INFO  impl.VoteContext (VoteContext.java:log(48)) - b810ff59-71dc-43a2-8cb3-16d59e449a1e@group-A5B6F39D5604-FOLLOWER: accept ELECTION from 01e2fa94-bf37-40d8-a3b1-a78bdc47df12: our priority 0 <= candidate's priority 1
2022-10-10 08:42:26,655 [grpc-default-executor-0] INFO  server.RaftServer$Division (RaftServerImpl.java:setRole(299)) - b810ff59-71dc-43a2-8cb3-16d59e449a1e@group-A5B6F39D5604: changes role from  FOLLOWER to FOLLOWER at term 2 for candidate:01e2fa94-bf37-40d8-a3b1-a78bdc47df12
2022-10-10 08:42:26,655 [grpc-default-executor-0] INFO  impl.RoleInfo (RoleInfo.java:shutdownFollowerState(110)) - b810ff59-71dc-43a2-8cb3-16d59e449a1e: shutdown b810ff59-71dc-43a2-8cb3-16d59e449a1e@group-A5B6F39D5604-FollowerState
2022-10-10 08:42:26,657 [60d02c60-4364-4909-b75c-044757b70e38@group-A5B6F39D5604-FollowerState] INFO  impl.FollowerState (FollowerState.java:run(152)) - 60d02c60-4364-4909-b75c-044757b70e38@group-A5B6F39D5604-FollowerState was interrupted
2022-10-10 08:42:26,658 [grpc-default-executor-2] INFO  server.RaftServer$Division (RaftServerImpl.java:requestVote(1184)) - 60d02c60-4364-4909-b75c-044757b70e38@group-A5B6F39D5604 replies to ELECTION vote request: 01e2fa94-bf37-40d8-a3b1-a78bdc47df12<-60d02c60-4364-4909-b75c-044757b70e38#0:OK-t2. Peer's state: 60d02c60-4364-4909-b75c-044757b70e38@group-A5B6F39D5604:t2, leader=null, voted=01e2fa94-bf37-40d8-a3b1-a78bdc47df12, raftlog=60d02c60-4364-4909-b75c-044757b70e38@group-A5B6F39D5604-SegmentedRaftLog:OPENED:c-1, conf=-1: [60d02c60-4364-4909-b75c-044757b70e38|rpc:10.1.0.114:40107|dataStream:|priority:0, b810ff59-71dc-43a2-8cb3-16d59e449a1e|rpc:10.1.0.114:43627|dataStream:|priority:0, 01e2fa94-bf37-40d8-a3b1-a78bdc47df12|rpc:10.1.0.114:35473|dataStream:|priority:1], old=null
2022-10-10 08:42:26,660 [01e2fa94-bf37-40d8-a3b1-a78bdc47df12@group-A5B6F39D5604-LeaderElection65] INFO  impl.LeaderElection (LeaderElection.java:logAndReturn(90)) - 01e2fa94-bf37-40d8-a3b1-a78bdc47df12@group-A5B6F39D5604-LeaderElection65: ELECTION PASSED received 1 response(s) and 0 exception(s):
2022-10-10 08:42:26,660 [01e2fa94-bf37-40d8-a3b1-a78bdc47df12@group-A5B6F39D5604-LeaderElection65] INFO  impl.LeaderElection (LeaderElection.java:logAndReturn(94)) -   Response 0: 01e2fa94-bf37-40d8-a3b1-a78bdc47df12<-60d02c60-4364-4909-b75c-044757b70e38#0:OK-t2
2022-10-10 08:42:26,660 [01e2fa94-bf37-40d8-a3b1-a78bdc47df12@group-A5B6F39D5604-LeaderElection65] INFO  impl.LeaderElection (LeaderElection.java:askForVotes(312)) - 01e2fa94-bf37-40d8-a3b1-a78bdc47df12@group-A5B6F39D5604-LeaderElection65 ELECTION round 0: result PASSED
2022-10-10 08:42:26,660 [01e2fa94-bf37-40d8-a3b1-a78bdc47df12@group-A5B6F39D5604-LeaderElection65] INFO  impl.RoleInfo (RoleInfo.java:shutdownLeaderElection(130)) - 01e2fa94-bf37-40d8-a3b1-a78bdc47df12: shutdown 01e2fa94-bf37-40d8-a3b1-a78bdc47df12@group-A5B6F39D5604-LeaderElection65
2022-10-10 08:42:26,660 [01e2fa94-bf37-40d8-a3b1-a78bdc47df12@group-A5B6F39D5604-LeaderElection65] INFO  server.RaftServer$Division (RaftServerImpl.java:setRole(299)) - 01e2fa94-bf37-40d8-a3b1-a78bdc47df12@group-A5B6F39D5604: changes role from CANDIDATE to LEADER at term 2 for changeToLeader
2022-10-10 08:42:26,660 [01e2fa94-bf37-40d8-a3b1-a78bdc47df12@group-A5B6F39D5604-LeaderElection65] INFO  ratis.XceiverServerRatis (XceiverServerRatis.java:handleLeaderChangedNotification(863)) - Leader change notification received for group: group-A5B6F39D5604 with new leaderId: 01e2fa94-bf37-40d8-a3b1-a78bdc47df12
2022-10-10 08:42:26,660 [01e2fa94-bf37-40d8-a3b1-a78bdc47df12@group-A5B6F39D5604-LeaderElection65] INFO  server.RaftServer$Division (ServerState.java:setLeader(287)) - 01e2fa94-bf37-40d8-a3b1-a78bdc47df12@group-A5B6F39D5604: change Leader from null to 01e2fa94-bf37-40d8-a3b1-a78bdc47df12 at term 2 for becomeLeader, leader elected after 10243ms
2022-10-10 08:42:26,660 [01e2fa94-bf37-40d8-a3b1-a78bdc47df12@group-A5B6F39D5604-LeaderElection65] INFO  server.RaftServerConfigKeys (ConfUtils.java:logGet(46)) - raft.server.staging.catchup.gap = 1000 (default)
2022-10-10 08:42:26,660 [01e2fa94-bf37-40d8-a3b1-a78bdc47df12@group-A5B6F39D5604-LeaderElection65] INFO  server.RaftServerConfigKeys (ConfUtils.java:logGet(46)) - raft.server.write.element-limit = 1024 (custom)
2022-10-10 08:42:26,660 [01e2fa94-bf37-40d8-a3b1-a78bdc47df12@group-A5B6F39D5604-LeaderElection65] INFO  server.RaftServerConfigKeys (ConfUtils.java:logGet(46)) - raft.server.write.byte-limit = 1024 M (=1073741824) (custom)
2022-10-10 08:42:26,661 [01e2fa94-bf37-40d8-a3b1-a78bdc47df12@group-A5B6F39D5604-LeaderElection65] INFO  server.RaftServerConfigKeys (ConfUtils.java:logGet(46)) - raft.server.watch.timeout = 180s (custom)
2022-10-10 08:42:26,661 [01e2fa94-bf37-40d8-a3b1-a78bdc47df12@group-A5B6F39D5604-LeaderElection65] INFO  server.RaftServerConfigKeys (ConfUtils.java:logGet(46)) - raft.server.watch.timeout.denomination = 1s (default)
2022-10-10 08:42:26,661 [01e2fa94-bf37-40d8-a3b1-a78bdc47df12@group-A5B6F39D5604-LeaderElection65] INFO  server.RaftServerConfigKeys (ConfUtils.java:logGet(46)) - raft.server.watch.element-limit = 65536 (default)
2022-10-10 08:42:26,661 [01e2fa94-bf37-40d8-a3b1-a78bdc47df12@group-A5B6F39D5604-LeaderElection65] INFO  server.RaftServerConfigKeys (ConfUtils.java:logGet(46)) - raft.server.write.element-limit = 1024 (custom)
2022-10-10 08:42:26,661 [01e2fa94-bf37-40d8-a3b1-a78bdc47df12@group-A5B6F39D5604-LeaderElection65] INFO  server.RaftServerConfigKeys (ConfUtils.java:logGet(46)) - raft.server.write.follower.gap.ratio.max = -1.0 (default)
2022-10-10 08:42:26,662 [01e2fa94-bf37-40d8-a3b1-a78bdc47df12@group-A5B6F39D5604-LeaderElection65] INFO  server.RaftServerConfigKeys (ConfUtils.java:logGet(46)) - raft.server.log.appender.snapshot.chunk.size.max = 16MB (=16777216) (default)
2022-10-10 08:42:26,662 [01e2fa94-bf37-40d8-a3b1-a78bdc47df12@group-A5B6F39D5604-LeaderElection65] INFO  server.RaftServerConfigKeys (ConfUtils.java:logGet(46)) - raft.server.log.appender.buffer.byte-limit = 33554432 (custom)
2022-10-10 08:42:26,662 [01e2fa94-bf37-40d8-a3b1-a78bdc47df12@group-A5B6F39D5604-LeaderElection65] INFO  server.RaftServerConfigKeys (ConfUtils.java:logGet(46)) - raft.server.log.appender.buffer.element-limit = 1 (custom)
2022-10-10 08:42:26,662 [01e2fa94-bf37-40d8-a3b1-a78bdc47df12@group-A5B6F39D5604-LeaderElection65] INFO  grpc.GrpcConfigKeys (ConfUtils.java:logGet(46)) - raft.grpc.server.leader.outstanding.appends.max = 128 (default)
2022-10-10 08:42:26,662 [01e2fa94-bf37-40d8-a3b1-a78bdc47df12@group-A5B6F39D5604-LeaderElection65] INFO  server.RaftServerConfigKeys (ConfUtils.java:logGet(46)) - raft.server.rpc.request.timeout = 60s (custom)
2022-10-10 08:42:26,662 [01e2fa94-bf37-40d8-a3b1-a78bdc47df12@group-A5B6F39D5604-LeaderElection65] INFO  server.RaftServerConfigKeys (ConfUtils.java:logGet(46)) - raft.server.log.appender.install.snapshot.enabled = false (custom)
2022-10-10 08:42:26,691 [b810ff59-71dc-43a2-8cb3-16d59e449a1e@group-A5B6F39D5604-FollowerState] INFO  impl.FollowerState (FollowerState.java:shouldRun(117)) - b810ff59-71dc-43a2-8cb3-16d59e449a1e@group-A5B6F39D5604-FollowerState: Stopping now (isRunning? false, role = FOLLOWER)
2022-10-10 08:42:26,693 [01e2fa94-bf37-40d8-a3b1-a78bdc47df12@group-A5B6F39D5604-LeaderElection65] INFO  server.RaftServerConfigKeys (ConfUtils.java:logGet(46)) - raft.server.log.appender.snapshot.chunk.size.max = 16MB (=16777216) (default)
2022-10-10 08:42:26,693 [01e2fa94-bf37-40d8-a3b1-a78bdc47df12@group-A5B6F39D5604-LeaderElection65] INFO  server.RaftServerConfigKeys (ConfUtils.java:logGet(46)) - raft.server.log.appender.buffer.byte-limit = 33554432 (custom)
2022-10-10 08:42:26,693 [01e2fa94-bf37-40d8-a3b1-a78bdc47df12@group-A5B6F39D5604-LeaderElection65] INFO  server.RaftServerConfigKeys (ConfUtils.java:logGet(46)) - raft.server.log.appender.buffer.element-limit = 1 (custom)
2022-10-10 08:42:26,693 [01e2fa94-bf37-40d8-a3b1-a78bdc47df12@group-A5B6F39D5604-LeaderElection65] INFO  grpc.GrpcConfigKeys (ConfUtils.java:logGet(46)) - raft.grpc.server.leader.outstanding.appends.max = 128 (default)
2022-10-10 08:42:26,693 [01e2fa94-bf37-40d8-a3b1-a78bdc47df12@group-A5B6F39D5604-LeaderElection65] INFO  server.RaftServerConfigKeys (ConfUtils.java:logGet(46)) - raft.server.rpc.request.timeout = 60s (custom)
2022-10-10 08:42:26,693 [01e2fa94-bf37-40d8-a3b1-a78bdc47df12@group-A5B6F39D5604-LeaderElection65] INFO  server.RaftServerConfigKeys (ConfUtils.java:logGet(46)) - raft.server.log.appender.install.snapshot.enabled = false (custom)
2022-10-10 08:42:26,693 [01e2fa94-bf37-40d8-a3b1-a78bdc47df12@group-A5B6F39D5604-LeaderElection65] INFO  impl.RoleInfo (RoleInfo.java:updateAndGet(139)) - 01e2fa94-bf37-40d8-a3b1-a78bdc47df12: start 01e2fa94-bf37-40d8-a3b1-a78bdc47df12@group-A5B6F39D5604-LeaderStateImpl
2022-10-10 08:42:26,694 [01e2fa94-bf37-40d8-a3b1-a78bdc47df12@group-A5B6F39D5604-LeaderElection65] INFO  segmented.SegmentedRaftLogWorker (SegmentedRaftLogWorker.java:startLogSegment(425)) - 01e2fa94-bf37-40d8-a3b1-a78bdc47df12@group-A5B6F39D5604-SegmentedRaftLogWorker: Starting segment from index:0
2022-10-10 08:42:26,695 [01e2fa94-bf37-40d8-a3b1-a78bdc47df12@group-A5B6F39D5604-SegmentedRaftLogWorker] INFO  segmented.SegmentedRaftLogWorker (SegmentedRaftLogWorker.java:execute(629)) - 01e2fa94-bf37-40d8-a3b1-a78bdc47df12@group-A5B6F39D5604-SegmentedRaftLogWorker: created new log segment /home/runner/work/ozone/ozone/hadoop-ozone/integration-test/target/test-dir/MiniOzoneClusterImpl-900ef34e-234b-421b-bced-fede2d4c92a4/datanode-2/data/ratis/ce02c039-71c0-4e13-87fb-a5b6f39d5604/current/log_inprogress_0
2022-10-10 08:42:26,707 [01e2fa94-bf37-40d8-a3b1-a78bdc47df12@group-A5B6F39D5604-LeaderElection65] INFO  server.RaftServer$Division (ServerState.java:setRaftConf(393)) - 01e2fa94-bf37-40d8-a3b1-a78bdc47df12@group-A5B6F39D5604: set configuration 0: [60d02c60-4364-4909-b75c-044757b70e38|rpc:10.1.0.114:40107|dataStream:|priority:0, b810ff59-71dc-43a2-8cb3-16d59e449a1e|rpc:10.1.0.114:43627|dataStream:|priority:0, 01e2fa94-bf37-40d8-a3b1-a78bdc47df12|rpc:10.1.0.114:35473|dataStream:|priority:1], old=null
2022-10-10 08:42:26,713 [grpc-default-executor-0] INFO  impl.RoleInfo (RoleInfo.java:updateAndGet(139)) - b810ff59-71dc-43a2-8cb3-16d59e449a1e: start b810ff59-71dc-43a2-8cb3-16d59e449a1e@group-A5B6F39D5604-FollowerState
2022-10-10 08:42:26,714 [EventQueue-PipelineReportForPipelineReportHandler] INFO  pipeline.PipelineManagerImpl (PipelineManagerImpl.java:openPipeline(367)) - Pipeline Pipeline[ Id: ce02c039-71c0-4e13-87fb-a5b6f39d5604, Nodes: b810ff59-71dc-43a2-8cb3-16d59e449a1e{ip: 10.1.0.114, host: fv-az292-843.tqgtyn10aqxuxoi0mkfbldi5vh.jx.internal.cloudapp.net, ports: [REPLICATION=37681, RATIS=43627, RATIS_ADMIN=43627, RATIS_SERVER=43627, STANDALONE=40483], networkLocation: /default-rack, certSerialId: null, persistedOpState: IN_SERVICE, persistedOpStateExpiryEpochSec: 0}01e2fa94-bf37-40d8-a3b1-a78bdc47df12{ip: 10.1.0.114, host: fv-az292-843.tqgtyn10aqxuxoi0mkfbldi5vh.jx.internal.cloudapp.net, ports: [REPLICATION=44011, RATIS=35473, RATIS_ADMIN=35473, RATIS_SERVER=35473, STANDALONE=44865], networkLocation: /default-rack, certSerialId: null, persistedOpState: IN_SERVICE, persistedOpStateExpiryEpochSec: 0}60d02c60-4364-4909-b75c-044757b70e38{ip: 10.1.0.114, host: fv-az292-843.tqgtyn10aqxuxoi0mkfbldi5vh.jx.internal.cloudapp.net, ports: [REPLICATION=42729, RATIS=40107, RATIS_ADMIN=40107, RATIS_SERVER=40107, STANDALONE=34221], networkLocation: /default-rack, certSerialId: null, persistedOpState: IN_SERVICE, persistedOpStateExpiryEpochSec: 0}, ReplicationConfig: RATIS/THREE, State:ALLOCATED, leaderId:01e2fa94-bf37-40d8-a3b1-a78bdc47df12, CreationTimestamp2022-10-10T08:42:14.622Z[Etc/UTC]] moved to OPEN state
2022-10-10 08:42:26,715 [grpc-default-executor-0] INFO  server.RaftServer$Division (RaftServerImpl.java:requestVote(1184)) - b810ff59-71dc-43a2-8cb3-16d59e449a1e@group-A5B6F39D5604 replies to ELECTION vote request: 01e2fa94-bf37-40d8-a3b1-a78bdc47df12<-b810ff59-71dc-43a2-8cb3-16d59e449a1e#0:OK-t2. Peer's state: b810ff59-71dc-43a2-8cb3-16d59e449a1e@group-A5B6F39D5604:t2, leader=null, voted=01e2fa94-bf37-40d8-a3b1-a78bdc47df12, raftlog=b810ff59-71dc-43a2-8cb3-16d59e449a1e@group-A5B6F39D5604-SegmentedRaftLog:OPENED:c-1, conf=-1: [60d02c60-4364-4909-b75c-044757b70e38|rpc:10.1.0.114:40107|priority:0, b810ff59-71dc-43a2-8cb3-16d59e449a1e|rpc:10.1.0.114:43627|priority:0, 01e2fa94-bf37-40d8-a3b1-a78bdc47df12|rpc:10.1.0.114:35473|priority:1], old=null
2022-10-10 08:42:26,731 [b810ff59-71dc-43a2-8cb3-16d59e449a1e-server-thread1] INFO  ratis.XceiverServerRatis (XceiverServerRatis.java:handleLeaderChangedNotification(863)) - Leader change notification received for group: group-A5B6F39D5604 with new leaderId: 01e2fa94-bf37-40d8-a3b1-a78bdc47df12
2022-10-10 08:42:26,731 [b810ff59-71dc-43a2-8cb3-16d59e449a1e-server-thread1] INFO  server.RaftServer$Division (ServerState.java:setLeader(287)) - b810ff59-71dc-43a2-8cb3-16d59e449a1e@group-A5B6F39D5604: change Leader from null to 01e2fa94-bf37-40d8-a3b1-a78bdc47df12 at term 2 for appendEntries, leader elected after 10470ms
2022-10-10 08:42:26,742 [60d02c60-4364-4909-b75c-044757b70e38-server-thread1] INFO  ratis.XceiverServerRatis (XceiverServerRatis.java:handleLeaderChangedNotification(863)) - Leader change notification received for group: group-A5B6F39D5604 with new leaderId: 01e2fa94-bf37-40d8-a3b1-a78bdc47df12
2022-10-10 08:42:26,742 [60d02c60-4364-4909-b75c-044757b70e38-server-thread1] INFO  server.RaftServer$Division (ServerState.java:setLeader(287)) - 60d02c60-4364-4909-b75c-044757b70e38@group-A5B6F39D5604: change Leader from null to 01e2fa94-bf37-40d8-a3b1-a78bdc47df12 at term 2 for appendEntries, leader elected after 9960ms
2022-10-10 08:42:26,756 [b810ff59-71dc-43a2-8cb3-16d59e449a1e-server-thread1] INFO  server.RaftServer$Division (ServerState.java:setRaftConf(393)) - b810ff59-71dc-43a2-8cb3-16d59e449a1e@group-A5B6F39D5604: set configuration 0: [60d02c60-4364-4909-b75c-044757b70e38|rpc:10.1.0.114:40107|dataStream:|priority:0, b810ff59-71dc-43a2-8cb3-16d59e449a1e|rpc:10.1.0.114:43627|dataStream:|priority:0, 01e2fa94-bf37-40d8-a3b1-a78bdc47df12|rpc:10.1.0.114:35473|dataStream:|priority:1], old=null
2022-10-10 08:42:26,756 [b810ff59-71dc-43a2-8cb3-16d59e449a1e-server-thread1] INFO  segmented.SegmentedRaftLogWorker (SegmentedRaftLogWorker.java:startLogSegment(425)) - b810ff59-71dc-43a2-8cb3-16d59e449a1e@group-A5B6F39D5604-SegmentedRaftLogWorker: Starting segment from index:0
2022-10-10 08:42:26,757 [60d02c60-4364-4909-b75c-044757b70e38-server-thread1] INFO  server.RaftServer$Division (ServerState.java:setRaftConf(393)) - 60d02c60-4364-4909-b75c-044757b70e38@group-A5B6F39D5604: set configuration 0: [60d02c60-4364-4909-b75c-044757b70e38|rpc:10.1.0.114:40107|dataStream:|priority:0, b810ff59-71dc-43a2-8cb3-16d59e449a1e|rpc:10.1.0.114:43627|dataStream:|priority:0, 01e2fa94-bf37-40d8-a3b1-a78bdc47df12|rpc:10.1.0.114:35473|dataStream:|priority:1], old=null
2022-10-10 08:42:26,758 [60d02c60-4364-4909-b75c-044757b70e38-server-thread1] INFO  segmented.SegmentedRaftLogWorker (SegmentedRaftLogWorker.java:startLogSegment(425)) - 60d02c60-4364-4909-b75c-044757b70e38@group-A5B6F39D5604-SegmentedRaftLogWorker: Starting segment from index:0
2022-10-10 08:42:26,758 [b810ff59-71dc-43a2-8cb3-16d59e449a1e@group-A5B6F39D5604-SegmentedRaftLogWorker] INFO  segmented.SegmentedRaftLogWorker (SegmentedRaftLogWorker.java:execute(629)) - b810ff59-71dc-43a2-8cb3-16d59e449a1e@group-A5B6F39D5604-SegmentedRaftLogWorker: created new log segment /home/runner/work/ozone/ozone/hadoop-ozone/integration-test/target/test-dir/MiniOzoneClusterImpl-900ef34e-234b-421b-bced-fede2d4c92a4/datanode-0/data/ratis/ce02c039-71c0-4e13-87fb-a5b6f39d5604/current/log_inprogress_0
2022-10-10 08:42:26,760 [60d02c60-4364-4909-b75c-044757b70e38@group-A5B6F39D5604-SegmentedRaftLogWorker] INFO  segmented.SegmentedRaftLogWorker (SegmentedRaftLogWorker.java:execute(629)) - 60d02c60-4364-4909-b75c-044757b70e38@group-A5B6F39D5604-SegmentedRaftLogWorker: created new log segment /home/runner/work/ozone/ozone/hadoop-ozone/integration-test/target/test-dir/MiniOzoneClusterImpl-900ef34e-234b-421b-bced-fede2d4c92a4/datanode-1/data/ratis/ce02c039-71c0-4e13-87fb-a5b6f39d5604/current/log_inprogress_0
]]></system-out>
  </testcase>
  <testcase name="testRenameToExistingDir" classname="TestOzoneFileSystem" time="0.076">
    <system-out><![CDATA[08:35:01.183 [IPC Server handler 0 on default port 46487] ERROR OMAudit - user=runner | ip=127.0.0.1 | op=LIST_STATUS {volume=volume16396, bucket=bucket39555, key=b/a, dataSize=0, replicationConfig=null} | ret=FAILURE
org.apache.hadoop.ozone.om.exceptions.OMException: Unable to get file status: volume: volume16396 bucket: bucket39555 key: b/a
	at org.apache.hadoop.ozone.om.KeyManagerImpl.getOzoneFileStatus(KeyManagerImpl.java:1270) ~[ozone-manager-1.3.0-SNAPSHOT.jar:?]
	at org.apache.hadoop.ozone.om.KeyManagerImpl.getFileStatus(KeyManagerImpl.java:1200) ~[ozone-manager-1.3.0-SNAPSHOT.jar:?]
	at org.apache.hadoop.ozone.om.KeyManagerImpl.listStatus(KeyManagerImpl.java:1518) ~[ozone-manager-1.3.0-SNAPSHOT.jar:?]
	at org.apache.hadoop.ozone.om.OzoneManager.listStatus(OzoneManager.java:3585) ~[ozone-manager-1.3.0-SNAPSHOT.jar:?]
	at org.apache.hadoop.ozone.protocolPB.OzoneManagerRequestHandler.listStatus(OzoneManagerRequestHandler.java:1072) ~[ozone-manager-1.3.0-SNAPSHOT.jar:?]
	at org.apache.hadoop.ozone.protocolPB.OzoneManagerRequestHandler.handleReadRequest(OzoneManagerRequestHandler.java:239) ~[ozone-manager-1.3.0-SNAPSHOT.jar:?]
	at org.apache.hadoop.ozone.protocolPB.OzoneManagerProtocolServerSideTranslatorPB.submitReadRequestToOM(OzoneManagerProtocolServerSideTranslatorPB.java:226) ~[ozone-manager-1.3.0-SNAPSHOT.jar:?]
	at org.apache.hadoop.ozone.protocolPB.OzoneManagerProtocolServerSideTranslatorPB.processRequest(OzoneManagerProtocolServerSideTranslatorPB.java:175) ~[ozone-manager-1.3.0-SNAPSHOT.jar:?]
	at org.apache.hadoop.hdds.server.OzoneProtocolMessageDispatcher.processRequest(OzoneProtocolMessageDispatcher.java:87) [hdds-server-framework-1.3.0-SNAPSHOT.jar:?]
	at org.apache.hadoop.ozone.protocolPB.OzoneManagerProtocolServerSideTranslatorPB.submitRequest(OzoneManagerProtocolServerSideTranslatorPB.java:147) [ozone-manager-1.3.0-SNAPSHOT.jar:?]
	at org.apache.hadoop.ozone.protocol.proto.OzoneManagerProtocolProtos$OzoneManagerService$2.callBlockingMethod(OzoneManagerProtocolProtos.java) [ozone-interface-client-1.3.0-SNAPSHOT.jar:?]
	at org.apache.hadoop.ipc.ProtobufRpcEngine$Server.processCall(ProtobufRpcEngine.java:466) [hadoop-common-3.3.1.jar:?]
	at org.apache.hadoop.ipc.ProtobufRpcEngine2$Server$ProtoBufRpcInvoker.call(ProtobufRpcEngine2.java:574) [hadoop-common-3.3.1.jar:?]
	at org.apache.hadoop.ipc.ProtobufRpcEngine2$Server$ProtoBufRpcInvoker.call(ProtobufRpcEngine2.java:552) [hadoop-common-3.3.1.jar:?]
	at org.apache.hadoop.ipc.RPC$Server.call(RPC.java:1093) [hadoop-common-3.3.1.jar:?]
	at org.apache.hadoop.ipc.Server$RpcCall.run(Server.java:1035) [hadoop-common-3.3.1.jar:?]
	at org.apache.hadoop.ipc.Server$RpcCall.run(Server.java:963) [hadoop-common-3.3.1.jar:?]
	at java.security.AccessController.doPrivileged(Native Method) ~[?:1.8.0_345]
	at javax.security.auth.Subject.doAs(Subject.java:422) [?:1.8.0_345]
	at org.apache.hadoop.security.UserGroupInformation.doAs(UserGroupInformation.java:1878) [hadoop-common-3.3.1.jar:?]
	at org.apache.hadoop.ipc.Server$Handler.run(Server.java:2966) [hadoop-common-3.3.1.jar:?]
]]></system-out>
  </testcase>
  <testcase name="testRenameToExistingDir" classname="TestOzoneFileSystem" time="0.037">
    <system-out><![CDATA[08:38:41.131 [IPC Server handler 12 on default port 43231] ERROR OMAudit - user=runner | ip=127.0.0.1 | op=LIST_STATUS {volume=volume27327, bucket=bucket40120, key=b/a, dataSize=0, replicationConfig=null} | ret=FAILURE
org.apache.hadoop.ozone.om.exceptions.OMException: Unable to get file status: volume: volume27327 bucket: bucket40120 key: b/a
	at org.apache.hadoop.ozone.om.KeyManagerImpl.getOzoneFileStatus(KeyManagerImpl.java:1270) ~[ozone-manager-1.3.0-SNAPSHOT.jar:?]
	at org.apache.hadoop.ozone.om.KeyManagerImpl.getFileStatus(KeyManagerImpl.java:1200) ~[ozone-manager-1.3.0-SNAPSHOT.jar:?]
	at org.apache.hadoop.ozone.om.KeyManagerImpl.listStatus(KeyManagerImpl.java:1518) ~[ozone-manager-1.3.0-SNAPSHOT.jar:?]
	at org.apache.hadoop.ozone.om.OzoneManager.listStatus(OzoneManager.java:3585) ~[ozone-manager-1.3.0-SNAPSHOT.jar:?]
	at org.apache.hadoop.ozone.protocolPB.OzoneManagerRequestHandler.listStatus(OzoneManagerRequestHandler.java:1072) ~[ozone-manager-1.3.0-SNAPSHOT.jar:?]
	at org.apache.hadoop.ozone.protocolPB.OzoneManagerRequestHandler.handleReadRequest(OzoneManagerRequestHandler.java:239) ~[ozone-manager-1.3.0-SNAPSHOT.jar:?]
	at org.apache.hadoop.ozone.protocolPB.OzoneManagerProtocolServerSideTranslatorPB.submitRequestDirectlyToOM(OzoneManagerProtocolServerSideTranslatorPB.java:276) ~[ozone-manager-1.3.0-SNAPSHOT.jar:?]
	at org.apache.hadoop.ozone.protocolPB.OzoneManagerProtocolServerSideTranslatorPB.processRequest(OzoneManagerProtocolServerSideTranslatorPB.java:205) ~[ozone-manager-1.3.0-SNAPSHOT.jar:?]
	at org.apache.hadoop.hdds.server.OzoneProtocolMessageDispatcher.processRequest(OzoneProtocolMessageDispatcher.java:87) [hdds-server-framework-1.3.0-SNAPSHOT.jar:?]
	at org.apache.hadoop.ozone.protocolPB.OzoneManagerProtocolServerSideTranslatorPB.submitRequest(OzoneManagerProtocolServerSideTranslatorPB.java:147) [ozone-manager-1.3.0-SNAPSHOT.jar:?]
	at org.apache.hadoop.ozone.protocol.proto.OzoneManagerProtocolProtos$OzoneManagerService$2.callBlockingMethod(OzoneManagerProtocolProtos.java) [ozone-interface-client-1.3.0-SNAPSHOT.jar:?]
	at org.apache.hadoop.ipc.ProtobufRpcEngine$Server.processCall(ProtobufRpcEngine.java:466) [hadoop-common-3.3.1.jar:?]
	at org.apache.hadoop.ipc.ProtobufRpcEngine2$Server$ProtoBufRpcInvoker.call(ProtobufRpcEngine2.java:574) [hadoop-common-3.3.1.jar:?]
	at org.apache.hadoop.ipc.ProtobufRpcEngine2$Server$ProtoBufRpcInvoker.call(ProtobufRpcEngine2.java:552) [hadoop-common-3.3.1.jar:?]
	at org.apache.hadoop.ipc.RPC$Server.call(RPC.java:1093) [hadoop-common-3.3.1.jar:?]
	at org.apache.hadoop.ipc.Server$RpcCall.run(Server.java:1035) [hadoop-common-3.3.1.jar:?]
	at org.apache.hadoop.ipc.Server$RpcCall.run(Server.java:963) [hadoop-common-3.3.1.jar:?]
	at java.security.AccessController.doPrivileged(Native Method) ~[?:1.8.0_345]
	at javax.security.auth.Subject.doAs(Subject.java:422) [?:1.8.0_345]
	at org.apache.hadoop.security.UserGroupInformation.doAs(UserGroupInformation.java:1878) [hadoop-common-3.3.1.jar:?]
	at org.apache.hadoop.ipc.Server$Handler.run(Server.java:2966) [hadoop-common-3.3.1.jar:?]
]]></system-out>
  </testcase>
  <testcase name="testRenameToExistingDir" classname="TestOzoneFileSystem" time="0.035">
    <system-out><![CDATA[08:40:22.754 [IPC Server handler 8 on default port 41701] ERROR OMAudit - user=runner | ip=127.0.0.1 | op=LIST_STATUS {volume=volume83680, bucket=bucket94599, key=b/a, dataSize=0, replicationConfig=null} | ret=FAILURE
org.apache.hadoop.ozone.om.exceptions.OMException: Unable to get file status: volume: volume83680 bucket: bucket94599 key: b/a
	at org.apache.hadoop.ozone.om.KeyManagerImpl.getOzoneFileStatus(KeyManagerImpl.java:1270) ~[ozone-manager-1.3.0-SNAPSHOT.jar:?]
	at org.apache.hadoop.ozone.om.KeyManagerImpl.getFileStatus(KeyManagerImpl.java:1200) ~[ozone-manager-1.3.0-SNAPSHOT.jar:?]
	at org.apache.hadoop.ozone.om.KeyManagerImpl.listStatus(KeyManagerImpl.java:1518) ~[ozone-manager-1.3.0-SNAPSHOT.jar:?]
	at org.apache.hadoop.ozone.om.OzoneManager.listStatus(OzoneManager.java:3585) ~[ozone-manager-1.3.0-SNAPSHOT.jar:?]
	at org.apache.hadoop.ozone.protocolPB.OzoneManagerRequestHandler.listStatus(OzoneManagerRequestHandler.java:1072) ~[ozone-manager-1.3.0-SNAPSHOT.jar:?]
	at org.apache.hadoop.ozone.protocolPB.OzoneManagerRequestHandler.handleReadRequest(OzoneManagerRequestHandler.java:239) ~[ozone-manager-1.3.0-SNAPSHOT.jar:?]
	at org.apache.hadoop.ozone.protocolPB.OzoneManagerProtocolServerSideTranslatorPB.submitReadRequestToOM(OzoneManagerProtocolServerSideTranslatorPB.java:226) ~[ozone-manager-1.3.0-SNAPSHOT.jar:?]
	at org.apache.hadoop.ozone.protocolPB.OzoneManagerProtocolServerSideTranslatorPB.processRequest(OzoneManagerProtocolServerSideTranslatorPB.java:175) ~[ozone-manager-1.3.0-SNAPSHOT.jar:?]
	at org.apache.hadoop.hdds.server.OzoneProtocolMessageDispatcher.processRequest(OzoneProtocolMessageDispatcher.java:87) [hdds-server-framework-1.3.0-SNAPSHOT.jar:?]
	at org.apache.hadoop.ozone.protocolPB.OzoneManagerProtocolServerSideTranslatorPB.submitRequest(OzoneManagerProtocolServerSideTranslatorPB.java:147) [ozone-manager-1.3.0-SNAPSHOT.jar:?]
	at org.apache.hadoop.ozone.protocol.proto.OzoneManagerProtocolProtos$OzoneManagerService$2.callBlockingMethod(OzoneManagerProtocolProtos.java) [ozone-interface-client-1.3.0-SNAPSHOT.jar:?]
	at org.apache.hadoop.ipc.ProtobufRpcEngine$Server.processCall(ProtobufRpcEngine.java:466) [hadoop-common-3.3.1.jar:?]
	at org.apache.hadoop.ipc.ProtobufRpcEngine2$Server$ProtoBufRpcInvoker.call(ProtobufRpcEngine2.java:574) [hadoop-common-3.3.1.jar:?]
	at org.apache.hadoop.ipc.ProtobufRpcEngine2$Server$ProtoBufRpcInvoker.call(ProtobufRpcEngine2.java:552) [hadoop-common-3.3.1.jar:?]
	at org.apache.hadoop.ipc.RPC$Server.call(RPC.java:1093) [hadoop-common-3.3.1.jar:?]
	at org.apache.hadoop.ipc.Server$RpcCall.run(Server.java:1035) [hadoop-common-3.3.1.jar:?]
	at org.apache.hadoop.ipc.Server$RpcCall.run(Server.java:963) [hadoop-common-3.3.1.jar:?]
	at java.security.AccessController.doPrivileged(Native Method) ~[?:1.8.0_345]
	at javax.security.auth.Subject.doAs(Subject.java:422) [?:1.8.0_345]
	at org.apache.hadoop.security.UserGroupInformation.doAs(UserGroupInformation.java:1878) [hadoop-common-3.3.1.jar:?]
	at org.apache.hadoop.ipc.Server$Handler.run(Server.java:2966) [hadoop-common-3.3.1.jar:?]
]]></system-out>
  </testcase>
  <testcase name="testRenameToExistingDir" classname="TestOzoneFileSystem" time="0.042">
    <system-out><![CDATA[08:42:27.113 [IPC Server handler 18 on default port 37485] ERROR OMAudit - user=runner | ip=127.0.0.1 | op=LIST_STATUS {volume=volume23299, bucket=bucket63939, key=b/a, dataSize=0, replicationConfig=null} | ret=FAILURE
org.apache.hadoop.ozone.om.exceptions.OMException: Unable to get file status: volume: volume23299 bucket: bucket63939 key: b/a
	at org.apache.hadoop.ozone.om.KeyManagerImpl.getOzoneFileStatus(KeyManagerImpl.java:1270) ~[ozone-manager-1.3.0-SNAPSHOT.jar:?]
	at org.apache.hadoop.ozone.om.KeyManagerImpl.getFileStatus(KeyManagerImpl.java:1200) ~[ozone-manager-1.3.0-SNAPSHOT.jar:?]
	at org.apache.hadoop.ozone.om.KeyManagerImpl.listStatus(KeyManagerImpl.java:1518) ~[ozone-manager-1.3.0-SNAPSHOT.jar:?]
	at org.apache.hadoop.ozone.om.OzoneManager.listStatus(OzoneManager.java:3585) ~[ozone-manager-1.3.0-SNAPSHOT.jar:?]
	at org.apache.hadoop.ozone.protocolPB.OzoneManagerRequestHandler.listStatus(OzoneManagerRequestHandler.java:1072) ~[ozone-manager-1.3.0-SNAPSHOT.jar:?]
	at org.apache.hadoop.ozone.protocolPB.OzoneManagerRequestHandler.handleReadRequest(OzoneManagerRequestHandler.java:239) ~[ozone-manager-1.3.0-SNAPSHOT.jar:?]
	at org.apache.hadoop.ozone.protocolPB.OzoneManagerProtocolServerSideTranslatorPB.submitRequestDirectlyToOM(OzoneManagerProtocolServerSideTranslatorPB.java:276) ~[ozone-manager-1.3.0-SNAPSHOT.jar:?]
	at org.apache.hadoop.ozone.protocolPB.OzoneManagerProtocolServerSideTranslatorPB.processRequest(OzoneManagerProtocolServerSideTranslatorPB.java:205) ~[ozone-manager-1.3.0-SNAPSHOT.jar:?]
	at org.apache.hadoop.hdds.server.OzoneProtocolMessageDispatcher.processRequest(OzoneProtocolMessageDispatcher.java:87) [hdds-server-framework-1.3.0-SNAPSHOT.jar:?]
	at org.apache.hadoop.ozone.protocolPB.OzoneManagerProtocolServerSideTranslatorPB.submitRequest(OzoneManagerProtocolServerSideTranslatorPB.java:147) [ozone-manager-1.3.0-SNAPSHOT.jar:?]
	at org.apache.hadoop.ozone.protocol.proto.OzoneManagerProtocolProtos$OzoneManagerService$2.callBlockingMethod(OzoneManagerProtocolProtos.java) [ozone-interface-client-1.3.0-SNAPSHOT.jar:?]
	at org.apache.hadoop.ipc.ProtobufRpcEngine$Server.processCall(ProtobufRpcEngine.java:466) [hadoop-common-3.3.1.jar:?]
	at org.apache.hadoop.ipc.ProtobufRpcEngine2$Server$ProtoBufRpcInvoker.call(ProtobufRpcEngine2.java:574) [hadoop-common-3.3.1.jar:?]
	at org.apache.hadoop.ipc.ProtobufRpcEngine2$Server$ProtoBufRpcInvoker.call(ProtobufRpcEngine2.java:552) [hadoop-common-3.3.1.jar:?]
	at org.apache.hadoop.ipc.RPC$Server.call(RPC.java:1093) [hadoop-common-3.3.1.jar:?]
	at org.apache.hadoop.ipc.Server$RpcCall.run(Server.java:1035) [hadoop-common-3.3.1.jar:?]
	at org.apache.hadoop.ipc.Server$RpcCall.run(Server.java:963) [hadoop-common-3.3.1.jar:?]
	at java.security.AccessController.doPrivileged(Native Method) ~[?:1.8.0_345]
	at javax.security.auth.Subject.doAs(Subject.java:422) [?:1.8.0_345]
	at org.apache.hadoop.security.UserGroupInformation.doAs(UserGroupInformation.java:1878) [hadoop-common-3.3.1.jar:?]
	at org.apache.hadoop.ipc.Server$Handler.run(Server.java:2966) [hadoop-common-3.3.1.jar:?]
]]></system-out>
  </testcase>
  <testcase name="testRenameDirToItsOwnSubDir" classname="TestOzoneFileSystem" time="0.043">
    <system-out><![CDATA[2022-10-10 08:35:01,245 [Time-limited test] INFO  ozone.TestOzoneFileSystem (TestOzoneFileSystem.java:testRenameDirToItsOwnSubDir(1110)) - Created dir1 o3fs://bucket39555.volume16396/root/dir1/sub_dir1
2022-10-10 08:35:01,246 [Time-limited test] INFO  ozone.TestOzoneFileSystem (TestOzoneFileSystem.java:testRenameDirToItsOwnSubDir(1113)) - Rename op-> source:o3fs://bucket39555.volume16396/root to destin:o3fs://bucket39555.volume16396/root/dir1/sub_dir1
]]></system-out>
  </testcase>
  <testcase name="testRenameDirToItsOwnSubDir" classname="TestOzoneFileSystem" time="0.031">
    <system-out><![CDATA[2022-10-10 08:38:41,163 [Time-limited test] INFO  ozone.TestOzoneFileSystem (TestOzoneFileSystem.java:testRenameDirToItsOwnSubDir(1110)) - Created dir1 o3fs://bucket40120.volume27327/root/dir1/sub_dir1
2022-10-10 08:38:41,163 [Time-limited test] INFO  ozone.TestOzoneFileSystem (TestOzoneFileSystem.java:testRenameDirToItsOwnSubDir(1113)) - Rename op-> source:o3fs://bucket40120.volume27327/root to destin:o3fs://bucket40120.volume27327/root/dir1/sub_dir1
]]></system-out>
  </testcase>
  <testcase name="testRenameDirToItsOwnSubDir" classname="TestOzoneFileSystem" time="0.051">
    <system-out><![CDATA[2022-10-10 08:40:22,796 [Time-limited test] INFO  ozone.TestOzoneFileSystem (TestOzoneFileSystem.java:testRenameDirToItsOwnSubDir(1110)) - Created dir1 o3fs://bucket94599.volume83680/root/dir1/sub_dir1
2022-10-10 08:40:22,796 [Time-limited test] INFO  ozone.TestOzoneFileSystem (TestOzoneFileSystem.java:testRenameDirToItsOwnSubDir(1113)) - Rename op-> source:o3fs://bucket94599.volume83680/root to destin:o3fs://bucket94599.volume83680/root/dir1/sub_dir1
]]></system-out>
  </testcase>
  <testcase name="testRenameDirToItsOwnSubDir" classname="TestOzoneFileSystem" time="0.023">
    <system-out><![CDATA[2022-10-10 08:42:27,126 [Time-limited test] INFO  ozone.TestOzoneFileSystem (TestOzoneFileSystem.java:testRenameDirToItsOwnSubDir(1110)) - Created dir1 o3fs://bucket63939.volume23299/root/dir1/sub_dir1
2022-10-10 08:42:27,126 [Time-limited test] INFO  ozone.TestOzoneFileSystem (TestOzoneFileSystem.java:testRenameDirToItsOwnSubDir(1113)) - Rename op-> source:o3fs://bucket63939.volume23299/root to destin:o3fs://bucket63939.volume23299/root/dir1/sub_dir1
]]></system-out>
  </testcase>
  <testcase name="testGetDirectoryModificationTime" classname="TestOzoneFileSystem" time="0.177"/>
  <testcase name="testGetDirectoryModificationTime" classname="TestOzoneFileSystem" time="0.178">
    <system-out><![CDATA[2022-10-10 08:38:41,188 [0454b04b-10ad-483d-88a8-8bbf68ec3d5d@group-7DED84125F20-FollowerState] INFO  impl.FollowerState (FollowerState.java:run(143)) - 0454b04b-10ad-483d-88a8-8bbf68ec3d5d@group-7DED84125F20-FollowerState: change to CANDIDATE, lastRpcElapsedTime:5084046298ns, electionTimeout:5072ms
2022-10-10 08:38:41,188 [0454b04b-10ad-483d-88a8-8bbf68ec3d5d@group-7DED84125F20-FollowerState] INFO  impl.RoleInfo (RoleInfo.java:shutdownFollowerState(110)) - 0454b04b-10ad-483d-88a8-8bbf68ec3d5d: shutdown 0454b04b-10ad-483d-88a8-8bbf68ec3d5d@group-7DED84125F20-FollowerState
2022-10-10 08:38:41,189 [0454b04b-10ad-483d-88a8-8bbf68ec3d5d@group-7DED84125F20-FollowerState] INFO  server.RaftServer$Division (RaftServerImpl.java:setRole(299)) - 0454b04b-10ad-483d-88a8-8bbf68ec3d5d@group-7DED84125F20: changes role from  FOLLOWER to CANDIDATE at term 0 for changeToCandidate
2022-10-10 08:38:41,195 [0454b04b-10ad-483d-88a8-8bbf68ec3d5d@group-7DED84125F20-FollowerState] INFO  server.RaftServerConfigKeys (ConfUtils.java:logGet(46)) - raft.server.leaderelection.pre-vote = false (custom)
2022-10-10 08:38:41,196 [0454b04b-10ad-483d-88a8-8bbf68ec3d5d@group-7DED84125F20-FollowerState] INFO  impl.RoleInfo (RoleInfo.java:updateAndGet(139)) - 0454b04b-10ad-483d-88a8-8bbf68ec3d5d: start 0454b04b-10ad-483d-88a8-8bbf68ec3d5d@group-7DED84125F20-LeaderElection20
2022-10-10 08:38:41,229 [0454b04b-10ad-483d-88a8-8bbf68ec3d5d@group-7DED84125F20-LeaderElection20] INFO  impl.LeaderElection (LeaderElection.java:askForVotes(310)) - 0454b04b-10ad-483d-88a8-8bbf68ec3d5d@group-7DED84125F20-LeaderElection20 ELECTION round 0: submit vote requests at term 1 for -1: [0454b04b-10ad-483d-88a8-8bbf68ec3d5d|rpc:10.1.0.114:42031|priority:1], old=null
2022-10-10 08:38:41,229 [0454b04b-10ad-483d-88a8-8bbf68ec3d5d@group-7DED84125F20-LeaderElection20] INFO  impl.LeaderElection (LeaderElection.java:askForVotes(312)) - 0454b04b-10ad-483d-88a8-8bbf68ec3d5d@group-7DED84125F20-LeaderElection20 ELECTION round 0: result PASSED (term=1)
2022-10-10 08:38:41,229 [0454b04b-10ad-483d-88a8-8bbf68ec3d5d@group-7DED84125F20-LeaderElection20] INFO  impl.RoleInfo (RoleInfo.java:shutdownLeaderElection(130)) - 0454b04b-10ad-483d-88a8-8bbf68ec3d5d: shutdown 0454b04b-10ad-483d-88a8-8bbf68ec3d5d@group-7DED84125F20-LeaderElection20
2022-10-10 08:38:41,229 [0454b04b-10ad-483d-88a8-8bbf68ec3d5d@group-7DED84125F20-LeaderElection20] INFO  server.RaftServer$Division (RaftServerImpl.java:setRole(299)) - 0454b04b-10ad-483d-88a8-8bbf68ec3d5d@group-7DED84125F20: changes role from CANDIDATE to LEADER at term 1 for changeToLeader
2022-10-10 08:38:41,229 [0454b04b-10ad-483d-88a8-8bbf68ec3d5d@group-7DED84125F20-LeaderElection20] INFO  ratis.XceiverServerRatis (XceiverServerRatis.java:handleLeaderChangedNotification(863)) - Leader change notification received for group: group-7DED84125F20 with new leaderId: 0454b04b-10ad-483d-88a8-8bbf68ec3d5d
2022-10-10 08:38:41,229 [0454b04b-10ad-483d-88a8-8bbf68ec3d5d@group-7DED84125F20-LeaderElection20] INFO  server.RaftServer$Division (ServerState.java:setLeader(287)) - 0454b04b-10ad-483d-88a8-8bbf68ec3d5d@group-7DED84125F20: change Leader from null to 0454b04b-10ad-483d-88a8-8bbf68ec3d5d at term 1 for becomeLeader, leader elected after 5148ms
2022-10-10 08:38:41,229 [0454b04b-10ad-483d-88a8-8bbf68ec3d5d@group-7DED84125F20-LeaderElection20] INFO  server.RaftServerConfigKeys (ConfUtils.java:logGet(46)) - raft.server.staging.catchup.gap = 1000 (default)
2022-10-10 08:38:41,230 [0454b04b-10ad-483d-88a8-8bbf68ec3d5d@group-7DED84125F20-LeaderElection20] INFO  server.RaftServerConfigKeys (ConfUtils.java:logGet(46)) - raft.server.write.element-limit = 1024 (custom)
2022-10-10 08:38:41,230 [0454b04b-10ad-483d-88a8-8bbf68ec3d5d@group-7DED84125F20-LeaderElection20] INFO  server.RaftServerConfigKeys (ConfUtils.java:logGet(46)) - raft.server.write.byte-limit = 1024 M (=1073741824) (custom)
2022-10-10 08:38:41,237 [0454b04b-10ad-483d-88a8-8bbf68ec3d5d@group-7DED84125F20-LeaderElection20] INFO  server.RaftServerConfigKeys (ConfUtils.java:logGet(46)) - raft.server.watch.timeout = 180s (custom)
2022-10-10 08:38:41,237 [0454b04b-10ad-483d-88a8-8bbf68ec3d5d@group-7DED84125F20-LeaderElection20] INFO  server.RaftServerConfigKeys (ConfUtils.java:logGet(46)) - raft.server.watch.timeout.denomination = 1s (default)
2022-10-10 08:38:41,237 [0454b04b-10ad-483d-88a8-8bbf68ec3d5d@group-7DED84125F20-LeaderElection20] INFO  server.RaftServerConfigKeys (ConfUtils.java:logGet(46)) - raft.server.watch.element-limit = 65536 (default)
2022-10-10 08:38:41,237 [0454b04b-10ad-483d-88a8-8bbf68ec3d5d@group-7DED84125F20-LeaderElection20] INFO  server.RaftServerConfigKeys (ConfUtils.java:logGet(46)) - raft.server.write.element-limit = 1024 (custom)
2022-10-10 08:38:41,237 [0454b04b-10ad-483d-88a8-8bbf68ec3d5d@group-7DED84125F20-LeaderElection20] INFO  server.RaftServerConfigKeys (ConfUtils.java:logGet(46)) - raft.server.write.follower.gap.ratio.max = -1.0 (default)
2022-10-10 08:38:41,237 [0454b04b-10ad-483d-88a8-8bbf68ec3d5d@group-7DED84125F20-LeaderElection20] INFO  impl.RoleInfo (RoleInfo.java:updateAndGet(139)) - 0454b04b-10ad-483d-88a8-8bbf68ec3d5d: start 0454b04b-10ad-483d-88a8-8bbf68ec3d5d@group-7DED84125F20-LeaderStateImpl
2022-10-10 08:38:41,237 [0454b04b-10ad-483d-88a8-8bbf68ec3d5d@group-7DED84125F20-LeaderElection20] INFO  segmented.SegmentedRaftLogWorker (SegmentedRaftLogWorker.java:startLogSegment(425)) - 0454b04b-10ad-483d-88a8-8bbf68ec3d5d@group-7DED84125F20-SegmentedRaftLogWorker: Starting segment from index:0
2022-10-10 08:38:41,241 [0454b04b-10ad-483d-88a8-8bbf68ec3d5d@group-7DED84125F20-SegmentedRaftLogWorker] INFO  segmented.SegmentedRaftLogWorker (SegmentedRaftLogWorker.java:execute(629)) - 0454b04b-10ad-483d-88a8-8bbf68ec3d5d@group-7DED84125F20-SegmentedRaftLogWorker: created new log segment /home/runner/work/ozone/ozone/hadoop-ozone/integration-test/target/test-dir/MiniOzoneClusterImpl-48dafe68-2a65-4a21-9ceb-731b54627123/datanode-4/data/ratis/960f7a36-26e2-42b4-8b2d-7ded84125f20/current/log_inprogress_0
2022-10-10 08:38:41,272 [0454b04b-10ad-483d-88a8-8bbf68ec3d5d@group-7DED84125F20-LeaderElection20] INFO  server.RaftServer$Division (ServerState.java:setRaftConf(393)) - 0454b04b-10ad-483d-88a8-8bbf68ec3d5d@group-7DED84125F20: set configuration 0: [0454b04b-10ad-483d-88a8-8bbf68ec3d5d|rpc:10.1.0.114:42031|dataStream:|priority:1], old=null
]]></system-out>
  </testcase>
  <testcase name="testGetDirectoryModificationTime" classname="TestOzoneFileSystem" time="0.151"/>
  <testcase name="testGetDirectoryModificationTime" classname="TestOzoneFileSystem" time="0.14"/>
  <testcase name="testOzoneFsServiceLoader" classname="TestOzoneFileSystem" time="0.006"/>
  <testcase name="testOzoneFsServiceLoader" classname="TestOzoneFileSystem" time="0.009"/>
  <testcase name="testOzoneFsServiceLoader" classname="TestOzoneFileSystem" time="0.001"/>
  <testcase name="testOzoneFsServiceLoader" classname="TestOzoneFileSystem" time="0.001"/>
  <testcase name="testTrash" classname="TestOzoneFileSystem" time="120.52">
    <error type="java.util.concurrent.TimeoutException"><![CDATA[java.util.concurrent.TimeoutException: 
Timed out waiting for condition. Thread diagnostics:
Timestamp: 2022-10-10 08:37:01,888

"pool-55-thread-1"  prio=5 tid=117 in Object.wait()
java.lang.Thread.State: WAITING (on object monitor)
        at sun.misc.Unsafe.park(Native Method)
        at java.util.concurrent.locks.LockSupport.park(LockSupport.java:175)
        at java.util.concurrent.locks.AbstractQueuedSynchronizer$ConditionObject.await(AbstractQueuedSynchronizer.java:2044)
        at java.util.concurrent.LinkedBlockingQueue.take(LinkedBlockingQueue.java:442)
        at java.util.concurrent.ThreadPoolExecutor.getTask(ThreadPoolExecutor.java:1074)
        at java.util.concurrent.ThreadPoolExecutor.runWorker(ThreadPoolExecutor.java:1134)
        at java.util.concurrent.ThreadPoolExecutor$Worker.run(ThreadPoolExecutor.java:624)
        at java.lang.Thread.run(Thread.java:750)
"IPC Server handler 14 on default port 46487" daemon prio=5 tid=158 timed_waiting
java.lang.Thread.State: TIMED_WAITING
        at sun.misc.Unsafe.park(Native Method)
        at java.util.concurrent.locks.LockSupport.parkNanos(LockSupport.java:215)
        at java.util.concurrent.locks.AbstractQueuedSynchronizer$ConditionObject.awaitNanos(AbstractQueuedSynchronizer.java:2083)
        at java.util.concurrent.LinkedBlockingQueue.poll(LinkedBlockingQueue.java:467)
        at org.apache.hadoop.ipc.CallQueueManager.take(CallQueueManager.java:317)
        at org.apache.hadoop.ipc.Server$Handler.run(Server.java:2932)
"qtp431033364-140" daemon prio=5 tid=140 timed_waiting
java.lang.Thread.State: TIMED_WAITING
        at sun.misc.Unsafe.park(Native Method)
        at java.util.concurrent.locks.LockSupport.parkNanos(LockSupport.java:215)
        at java.util.concurrent.locks.AbstractQueuedSynchronizer$ConditionObject.awaitNanos(AbstractQueuedSynchronizer.java:2083)
        at org.eclipse.jetty.util.BlockingArrayQueue.poll(BlockingArrayQueue.java:382)
        at org.eclipse.jetty.util.thread.QueuedThreadPool$Runner.idleJobPoll(QueuedThreadPool.java:974)
        at org.eclipse.jetty.util.thread.QueuedThreadPool$Runner.run(QueuedThreadPool.java:1018)
        at java.lang.Thread.run(Thread.java:750)
"pool-112-thread-1" daemon prio=5 tid=224 timed_waiting
java.lang.Thread.State: TIMED_WAITING
        at sun.misc.Unsafe.park(Native Method)
        at java.util.concurrent.locks.LockSupport.parkNanos(LockSupport.java:215)
        at java.util.concurrent.locks.AbstractQueuedSynchronizer$ConditionObject.awaitNanos(AbstractQueuedSynchronizer.java:2083)
        at java.util.concurrent.ScheduledThreadPoolExecutor$DelayedWorkQueue.take(ScheduledThreadPoolExecutor.java:1093)
        at java.util.concurrent.ScheduledThreadPoolExecutor$DelayedWorkQueue.take(ScheduledThreadPoolExecutor.java:809)
        at java.util.concurrent.ThreadPoolExecutor.getTask(ThreadPoolExecutor.java:1074)
        at java.util.concurrent.ThreadPoolExecutor.runWorker(ThreadPoolExecutor.java:1134)
        at java.util.concurrent.ThreadPoolExecutor$Worker.run(ThreadPoolExecutor.java:624)
        at java.lang.Thread.run(Thread.java:750)
"IPC Server handler 19 on default port 46487" daemon prio=5 tid=163 timed_waiting
java.lang.Thread.State: TIMED_WAITING
        at sun.misc.Unsafe.park(Native Method)
        at java.util.concurrent.locks.LockSupport.parkNanos(LockSupport.java:215)
        at java.util.concurrent.locks.AbstractQueuedSynchronizer$ConditionObject.awaitNanos(AbstractQueuedSynchronizer.java:2083)
        at java.util.concurrent.LinkedBlockingQueue.poll(LinkedBlockingQueue.java:467)
        at org.apache.hadoop.ipc.CallQueueManager.take(CallQueueManager.java:317)
        at org.apache.hadoop.ipc.Server$Handler.run(Server.java:2932)
"StaleRecoveringContainerScrubbingService#3" daemon prio=5 tid=782 in Object.wait()
java.lang.Thread.State: WAITING (on object monitor)
        at sun.misc.Unsafe.park(Native Method)
        at java.util.concurrent.locks.LockSupport.park(LockSupport.java:175)
        at java.util.concurrent.locks.AbstractQueuedSynchronizer$ConditionObject.await(AbstractQueuedSynchronizer.java:2044)
        at java.util.concurrent.ScheduledThreadPoolExecutor$DelayedWorkQueue.take(ScheduledThreadPoolExecutor.java:1088)
        at java.util.concurrent.ScheduledThreadPoolExecutor$DelayedWorkQueue.take(ScheduledThreadPoolExecutor.java:809)
        at java.util.concurrent.ThreadPoolExecutor.getTask(ThreadPoolExecutor.java:1074)
        at java.util.concurrent.ThreadPoolExecutor.runWorker(ThreadPoolExecutor.java:1134)
        at java.util.concurrent.ThreadPoolExecutor$Worker.run(ThreadPoolExecutor.java:624)
        at java.lang.Thread.run(Thread.java:750)
"Periodic HDDS volume checker" daemon prio=5 tid=196 timed_waiting
java.lang.Thread.State: TIMED_WAITING
        at sun.misc.Unsafe.park(Native Method)
        at java.util.concurrent.locks.LockSupport.parkNanos(LockSupport.java:215)
        at java.util.concurrent.locks.AbstractQueuedSynchronizer$ConditionObject.awaitNanos(AbstractQueuedSynchronizer.java:2083)
        at java.util.concurrent.ScheduledThreadPoolExecutor$DelayedWorkQueue.take(ScheduledThreadPoolExecutor.java:1093)
        at java.util.concurrent.ScheduledThreadPoolExecutor$DelayedWorkQueue.take(ScheduledThreadPoolExecutor.java:809)
        at java.util.concurrent.ThreadPoolExecutor.getTask(ThreadPoolExecutor.java:1074)
        at java.util.concurrent.ThreadPoolExecutor.runWorker(ThreadPoolExecutor.java:1134)
        at java.util.concurrent.ThreadPoolExecutor$Worker.run(ThreadPoolExecutor.java:624)
        at java.lang.Thread.run(Thread.java:750)
"StaleRecoveringContainerScrubbingService#3" daemon prio=5 tid=777 in Object.wait()
java.lang.Thread.State: WAITING (on object monitor)
        at sun.misc.Unsafe.park(Native Method)
        at java.util.concurrent.locks.LockSupport.park(LockSupport.java:175)
        at java.util.concurrent.locks.AbstractQueuedSynchronizer$ConditionObject.await(AbstractQueuedSynchronizer.java:2044)
        at java.util.concurrent.ScheduledThreadPoolExecutor$DelayedWorkQueue.take(ScheduledThreadPoolExecutor.java:1088)
        at java.util.concurrent.ScheduledThreadPoolExecutor$DelayedWorkQueue.take(ScheduledThreadPoolExecutor.java:809)
        at java.util.concurrent.ThreadPoolExecutor.getTask(ThreadPoolExecutor.java:1074)
        at java.util.concurrent.ThreadPoolExecutor.runWorker(ThreadPoolExecutor.java:1134)
        at java.util.concurrent.ThreadPoolExecutor$Worker.run(ThreadPoolExecutor.java:624)
        at java.lang.Thread.run(Thread.java:750)
"IPC Server handler 1 on default port 46487" daemon prio=5 tid=145 timed_waiting
java.lang.Thread.State: TIMED_WAITING
        at sun.misc.Unsafe.park(Native Method)
        at java.util.concurrent.locks.LockSupport.parkNanos(LockSupport.java:215)
        at java.util.concurrent.locks.AbstractQueuedSynchronizer$ConditionObject.awaitNanos(AbstractQueuedSynchronizer.java:2083)
        at java.util.concurrent.LinkedBlockingQueue.poll(LinkedBlockingQueue.java:467)
        at org.apache.hadoop.ipc.CallQueueManager.take(CallQueueManager.java:317)
        at org.apache.hadoop.ipc.Server$Handler.run(Server.java:2932)
"IPC Server handler 18 on default port 37253" daemon prio=5 tid=75 timed_waiting
java.lang.Thread.State: TIMED_WAITING
        at sun.misc.Unsafe.park(Native Method)
        at java.util.concurrent.locks.LockSupport.parkNanos(LockSupport.java:215)
        at java.util.concurrent.locks.AbstractQueuedSynchronizer$ConditionObject.awaitNanos(AbstractQueuedSynchronizer.java:2083)
        at java.util.concurrent.LinkedBlockingQueue.poll(LinkedBlockingQueue.java:467)
        at org.apache.hadoop.ipc.CallQueueManager.take(CallQueueManager.java:317)
        at org.apache.hadoop.ipc.Server$Handler.run(Server.java:2932)
"org.apache.hadoop.util.JvmPauseMonitor$Monitor@424f4a77" daemon prio=5 tid=193 timed_waiting
java.lang.Thread.State: TIMED_WAITING
        at java.lang.Thread.sleep(Native Method)
        at org.apache.hadoop.util.JvmPauseMonitor$Monitor.run(JvmPauseMonitor.java:192)
        at java.lang.Thread.run(Thread.java:750)
"ChunkWriter-1-0" daemon prio=5 tid=339 in Object.wait()
java.lang.Thread.State: WAITING (on object monitor)
        at sun.misc.Unsafe.park(Native Method)
        at java.util.concurrent.locks.LockSupport.park(LockSupport.java:175)
        at java.util.concurrent.locks.AbstractQueuedSynchronizer$ConditionObject.await(AbstractQueuedSynchronizer.java:2044)
        at java.util.concurrent.LinkedBlockingDeque.takeFirst(LinkedBlockingDeque.java:492)
        at java.util.concurrent.LinkedBlockingDeque.take(LinkedBlockingDeque.java:680)
        at java.util.concurrent.ThreadPoolExecutor.getTask(ThreadPoolExecutor.java:1074)
        at java.util.concurrent.ThreadPoolExecutor.runWorker(ThreadPoolExecutor.java:1134)
        at java.util.concurrent.ThreadPoolExecutor$Worker.run(ThreadPoolExecutor.java:624)
        at java.lang.Thread.run(Thread.java:750)
"Datanode ReportManager Thread - 2" daemon prio=5 tid=241 timed_waiting
java.lang.Thread.State: TIMED_WAITING
        at sun.misc.Unsafe.park(Native Method)
        at java.util.concurrent.locks.LockSupport.parkNanos(LockSupport.java:215)
        at java.util.concurrent.locks.AbstractQueuedSynchronizer$ConditionObject.awaitNanos(AbstractQueuedSynchronizer.java:2083)
        at java.util.concurrent.ScheduledThreadPoolExecutor$DelayedWorkQueue.take(ScheduledThreadPoolExecutor.java:1093)
        at java.util.concurrent.ScheduledThreadPoolExecutor$DelayedWorkQueue.take(ScheduledThreadPoolExecutor.java:809)
        at java.util.concurrent.ThreadPoolExecutor.getTask(ThreadPoolExecutor.java:1074)
        at java.util.concurrent.ThreadPoolExecutor.runWorker(ThreadPoolExecutor.java:1134)
        at java.util.concurrent.ThreadPoolExecutor$Worker.run(ThreadPoolExecutor.java:624)
        at java.lang.Thread.run(Thread.java:750)
"org.apache.ratis.util.JvmPauseMonitor$$Lambda$636/263158265@7daf2a36" daemon prio=5 tid=342 timed_waiting
java.lang.Thread.State: TIMED_WAITING
        at java.lang.Thread.sleep(Native Method)
        at java.lang.Thread.sleep(Thread.java:342)
        at java.util.concurrent.TimeUnit.sleep(TimeUnit.java:386)
        at org.apache.ratis.util.TimeDuration.sleep(TimeDuration.java:325)
        at org.apache.ratis.util.TimeDuration.sleep(TimeDuration.java:310)
        at org.apache.ratis.util.JvmPauseMonitor.detectPause(JvmPauseMonitor.java:117)
        at org.apache.ratis.util.JvmPauseMonitor.run(JvmPauseMonitor.java:106)
        at org.apache.ratis.util.JvmPauseMonitor$$Lambda$636/263158265.run(Unknown Source)
        at java.lang.Thread.run(Thread.java:750)
"qtp1532216261-102" daemon prio=5 tid=102 timed_waiting
java.lang.Thread.State: TIMED_WAITING
        at sun.misc.Unsafe.park(Native Method)
        at java.util.concurrent.locks.LockSupport.parkNanos(LockSupport.java:215)
        at java.util.concurrent.locks.AbstractQueuedSynchronizer$ConditionObject.awaitNanos(AbstractQueuedSynchronizer.java:2083)
        at org.eclipse.jetty.util.BlockingArrayQueue.poll(BlockingArrayQueue.java:382)
        at org.eclipse.jetty.util.thread.QueuedThreadPool$Runner.idleJobPoll(QueuedThreadPool.java:974)
        at org.eclipse.jetty.util.thread.QueuedThreadPool$Runner.run(QueuedThreadPool.java:1018)
        at java.lang.Thread.run(Thread.java:750)
"IPC Server handler 8 on default port 41569" daemon prio=5 tid=45 timed_waiting
java.lang.Thread.State: TIMED_WAITING
        at sun.misc.Unsafe.park(Native Method)
        at java.util.concurrent.locks.LockSupport.parkNanos(LockSupport.java:215)
        at java.util.concurrent.locks.AbstractQueuedSynchronizer$ConditionObject.awaitNanos(AbstractQueuedSynchronizer.java:2083)
        at java.util.concurrent.LinkedBlockingQueue.poll(LinkedBlockingQueue.java:467)
        at org.apache.hadoop.ipc.CallQueueManager.take(CallQueueManager.java:317)
        at org.apache.hadoop.ipc.Server$Handler.run(Server.java:2932)
"IPC Server handler 13 on default port 37253" daemon prio=5 tid=70 timed_waiting
java.lang.Thread.State: TIMED_WAITING
        at sun.misc.Unsafe.park(Native Method)
        at java.util.concurrent.locks.LockSupport.parkNanos(LockSupport.java:215)
        at java.util.concurrent.locks.AbstractQueuedSynchronizer$ConditionObject.awaitNanos(AbstractQueuedSynchronizer.java:2083)
        at java.util.concurrent.LinkedBlockingQueue.poll(LinkedBlockingQueue.java:467)
        at org.apache.hadoop.ipc.CallQueueManager.take(CallQueueManager.java:317)
        at org.apache.hadoop.ipc.Server$Handler.run(Server.java:2932)
"EventQueue-DatanodeCommandForSCMNodeManager"  prio=5 tid=366 in Object.wait()
java.lang.Thread.State: WAITING (on object monitor)
        at sun.misc.Unsafe.park(Native Method)
        at java.util.concurrent.locks.LockSupport.park(LockSupport.java:175)
        at java.util.concurrent.locks.AbstractQueuedSynchronizer$ConditionObject.await(AbstractQueuedSynchronizer.java:2044)
        at java.util.concurrent.LinkedBlockingQueue.take(LinkedBlockingQueue.java:442)
        at java.util.concurrent.ThreadPoolExecutor.getTask(ThreadPoolExecutor.java:1074)
        at java.util.concurrent.ThreadPoolExecutor.runWorker(ThreadPoolExecutor.java:1134)
        at java.util.concurrent.ThreadPoolExecutor$Worker.run(ThreadPoolExecutor.java:624)
        at java.lang.Thread.run(Thread.java:750)
"Datanode ReportManager Thread - 3" daemon prio=5 tid=216 in Object.wait()
java.lang.Thread.State: WAITING (on object monitor)
        at sun.misc.Unsafe.park(Native Method)
        at java.util.concurrent.locks.LockSupport.park(LockSupport.java:175)
        at java.util.concurrent.locks.AbstractQueuedSynchronizer$ConditionObject.await(AbstractQueuedSynchronizer.java:2044)
        at java.util.concurrent.ScheduledThreadPoolExecutor$DelayedWorkQueue.take(ScheduledThreadPoolExecutor.java:1088)
        at java.util.concurrent.ScheduledThreadPoolExecutor$DelayedWorkQueue.take(ScheduledThreadPoolExecutor.java:809)
        at java.util.concurrent.ThreadPoolExecutor.getTask(ThreadPoolExecutor.java:1074)
        at java.util.concurrent.ThreadPoolExecutor.runWorker(ThreadPoolExecutor.java:1134)
        at java.util.concurrent.ThreadPoolExecutor$Worker.run(ThreadPoolExecutor.java:624)
        at java.lang.Thread.run(Thread.java:750)
"FullTableCache Cleanup Thread - 0" daemon prio=5 tid=477 in Object.wait()
java.lang.Thread.State: WAITING (on object monitor)
        at sun.misc.Unsafe.park(Native Method)
        at java.util.concurrent.locks.LockSupport.park(LockSupport.java:175)
        at java.util.concurrent.locks.AbstractQueuedSynchronizer$ConditionObject.await(AbstractQueuedSynchronizer.java:2044)
        at java.util.concurrent.LinkedBlockingQueue.take(LinkedBlockingQueue.java:442)
        at java.util.concurrent.ThreadPoolExecutor.getTask(ThreadPoolExecutor.java:1074)
        at java.util.concurrent.ThreadPoolExecutor.runWorker(ThreadPoolExecutor.java:1134)
        at java.util.concurrent.ThreadPoolExecutor$Worker.run(ThreadPoolExecutor.java:624)
        at java.lang.Thread.run(Thread.java:750)
"IPC Server handler 1 on default port 37253" daemon prio=5 tid=58 timed_waiting
java.lang.Thread.State: TIMED_WAITING
        at sun.misc.Unsafe.park(Native Method)
        at java.util.concurrent.locks.LockSupport.parkNanos(LockSupport.java:215)
        at java.util.concurrent.locks.AbstractQueuedSynchronizer$ConditionObject.awaitNanos(AbstractQueuedSynchronizer.java:2083)
        at java.util.concurrent.LinkedBlockingQueue.poll(LinkedBlockingQueue.java:467)
        at org.apache.hadoop.ipc.CallQueueManager.take(CallQueueManager.java:317)
        at org.apache.hadoop.ipc.Server$Handler.run(Server.java:2932)
"Periodic HDDS volume checker" daemon prio=5 tid=274 timed_waiting
java.lang.Thread.State: TIMED_WAITING
        at sun.misc.Unsafe.park(Native Method)
        at java.util.concurrent.locks.LockSupport.parkNanos(LockSupport.java:215)
        at java.util.concurrent.locks.AbstractQueuedSynchronizer$ConditionObject.awaitNanos(AbstractQueuedSynchronizer.java:2083)
        at java.util.concurrent.ScheduledThreadPoolExecutor$DelayedWorkQueue.take(ScheduledThreadPoolExecutor.java:1093)
        at java.util.concurrent.ScheduledThreadPoolExecutor$DelayedWorkQueue.take(ScheduledThreadPoolExecutor.java:809)
        at java.util.concurrent.ThreadPoolExecutor.getTask(ThreadPoolExecutor.java:1074)
        at java.util.concurrent.ThreadPoolExecutor.runWorker(ThreadPoolExecutor.java:1134)
        at java.util.concurrent.ThreadPoolExecutor$Worker.run(ThreadPoolExecutor.java:624)
        at java.lang.Thread.run(Thread.java:750)
"StaleRecoveringContainerScrubbingService#0" daemon prio=5 tid=345 timed_waiting
java.lang.Thread.State: TIMED_WAITING
        at sun.misc.Unsafe.park(Native Method)
        at java.util.concurrent.locks.LockSupport.parkNanos(LockSupport.java:215)
        at java.util.concurrent.locks.AbstractQueuedSynchronizer$ConditionObject.awaitNanos(AbstractQueuedSynchronizer.java:2083)
        at java.util.concurrent.ScheduledThreadPoolExecutor$DelayedWorkQueue.take(ScheduledThreadPoolExecutor.java:1093)
        at java.util.concurrent.ScheduledThreadPoolExecutor$DelayedWorkQueue.take(ScheduledThreadPoolExecutor.java:809)
        at java.util.concurrent.ThreadPoolExecutor.getTask(ThreadPoolExecutor.java:1074)
        at java.util.concurrent.ThreadPoolExecutor.runWorker(ThreadPoolExecutor.java:1134)
        at java.util.concurrent.ThreadPoolExecutor$Worker.run(ThreadPoolExecutor.java:624)
        at java.lang.Thread.run(Thread.java:750)
"Datanode ReportManager Thread - 0" daemon prio=5 tid=213 in Object.wait()
java.lang.Thread.State: WAITING (on object monitor)
        at sun.misc.Unsafe.park(Native Method)
        at java.util.concurrent.locks.LockSupport.park(LockSupport.java:175)
        at java.util.concurrent.locks.AbstractQueuedSynchronizer$ConditionObject.await(AbstractQueuedSynchronizer.java:2044)
        at java.util.concurrent.ScheduledThreadPoolExecutor$DelayedWorkQueue.take(ScheduledThreadPoolExecutor.java:1088)
        at java.util.concurrent.ScheduledThreadPoolExecutor$DelayedWorkQueue.take(ScheduledThreadPoolExecutor.java:809)
        at java.util.concurrent.ThreadPoolExecutor.getTask(ThreadPoolExecutor.java:1074)
        at java.util.concurrent.ThreadPoolExecutor.runWorker(ThreadPoolExecutor.java:1134)
        at java.util.concurrent.ThreadPoolExecutor$Worker.run(ThreadPoolExecutor.java:624)
        at java.lang.Thread.run(Thread.java:750)
"IPC Server listener on 0" daemon prio=5 tid=31 runnable
java.lang.Thread.State: RUNNABLE
        at sun.nio.ch.EPollArrayWrapper.epollWait(Native Method)
        at sun.nio.ch.EPollArrayWrapper.poll(EPollArrayWrapper.java:269)
        at sun.nio.ch.EPollSelectorImpl.doSelect(EPollSelectorImpl.java:93)
        at sun.nio.ch.SelectorImpl.lockAndDoSelect(SelectorImpl.java:86)
        at sun.nio.ch.SelectorImpl.select(SelectorImpl.java:97)
        at sun.nio.ch.SelectorImpl.select(SelectorImpl.java:101)
        at org.apache.hadoop.ipc.Server$Listener.run(Server.java:1350)
"3c09ee4b-a7a3-4286-a1c3-18dea5f798e8@group-2FBC0BCCCEED->a62c8bc8-4eaa-4bd0-9412-231650f1b373-GrpcLogAppender-LogAppenderDaemon" daemon prio=5 tid=461 timed_waiting
java.lang.Thread.State: TIMED_WAITING
        at sun.misc.Unsafe.park(Native Method)
        at java.util.concurrent.locks.LockSupport.parkNanos(LockSupport.java:215)
        at java.util.concurrent.CompletableFuture$Signaller.block(CompletableFuture.java:1709)
        at java.util.concurrent.ForkJoinPool.managedBlock(ForkJoinPool.java:3323)
        at java.util.concurrent.CompletableFuture.timedGet(CompletableFuture.java:1788)
        at java.util.concurrent.CompletableFuture.get(CompletableFuture.java:1928)
        at org.apache.ratis.util.AwaitForSignal.await(AwaitForSignal.java:56)
        at org.apache.ratis.grpc.server.GrpcLogAppender.mayWait(GrpcLogAppender.java:169)
        at org.apache.ratis.grpc.server.GrpcLogAppender.run(GrpcLogAppender.java:128)
        at org.apache.ratis.server.leader.LogAppenderDaemon.run(LogAppenderDaemon.java:77)
        at org.apache.ratis.server.leader.LogAppenderDaemon$$Lambda$962/1472069023.run(Unknown Source)
        at java.lang.Thread.run(Thread.java:750)
"Datanode ReportManager Thread - 0" daemon prio=5 tid=187 in Object.wait()
java.lang.Thread.State: WAITING (on object monitor)
        at sun.misc.Unsafe.park(Native Method)
        at java.util.concurrent.locks.LockSupport.park(LockSupport.java:175)
        at java.util.concurrent.locks.AbstractQueuedSynchronizer$ConditionObject.await(AbstractQueuedSynchronizer.java:2044)
        at java.util.concurrent.ScheduledThreadPoolExecutor$DelayedWorkQueue.take(ScheduledThreadPoolExecutor.java:1088)
        at java.util.concurrent.ScheduledThreadPoolExecutor$DelayedWorkQueue.take(ScheduledThreadPoolExecutor.java:809)
        at java.util.concurrent.ThreadPoolExecutor.getTask(ThreadPoolExecutor.java:1074)
        at java.util.concurrent.ThreadPoolExecutor.runWorker(ThreadPoolExecutor.java:1134)
        at java.util.concurrent.ThreadPoolExecutor$Worker.run(ThreadPoolExecutor.java:624)
        at java.lang.Thread.run(Thread.java:750)
"qtp1202765820-181" daemon prio=5 tid=181 timed_waiting
java.lang.Thread.State: TIMED_WAITING
        at sun.misc.Unsafe.park(Native Method)
        at java.util.concurrent.locks.LockSupport.parkNanos(LockSupport.java:215)
        at java.util.concurrent.locks.AbstractQueuedSynchronizer$ConditionObject.awaitNanos(AbstractQueuedSynchronizer.java:2083)
        at org.eclipse.jetty.util.BlockingArrayQueue.poll(BlockingArrayQueue.java:382)
        at org.eclipse.jetty.util.thread.QueuedThreadPool$Runner.idleJobPoll(QueuedThreadPool.java:974)
        at org.eclipse.jetty.util.thread.QueuedThreadPool$Runner.run(QueuedThreadPool.java:1018)
        at java.lang.Thread.run(Thread.java:750)
"BlockDeletingService#2" daemon prio=5 tid=673 in Object.wait()
java.lang.Thread.State: WAITING (on object monitor)
        at sun.misc.Unsafe.park(Native Method)
        at java.util.concurrent.locks.LockSupport.park(LockSupport.java:175)
        at java.util.concurrent.locks.AbstractQueuedSynchronizer$ConditionObject.await(AbstractQueuedSynchronizer.java:2044)
        at java.util.concurrent.ScheduledThreadPoolExecutor$DelayedWorkQueue.take(ScheduledThreadPoolExecutor.java:1088)
        at java.util.concurrent.ScheduledThreadPoolExecutor$DelayedWorkQueue.take(ScheduledThreadPoolExecutor.java:809)
        at java.util.concurrent.ThreadPoolExecutor.getTask(ThreadPoolExecutor.java:1074)
        at java.util.concurrent.ThreadPoolExecutor.runWorker(ThreadPoolExecutor.java:1134)
        at java.util.concurrent.ThreadPoolExecutor$Worker.run(ThreadPoolExecutor.java:624)
        at java.lang.Thread.run(Thread.java:750)
"a62c8bc8-4eaa-4bd0-9412-231650f1b373-server-thread1" daemon prio=5 tid=465 timed_waiting
java.lang.Thread.State: TIMED_WAITING
        at sun.misc.Unsafe.park(Native Method)
        at java.util.concurrent.locks.LockSupport.parkNanos(LockSupport.java:215)
        at java.util.concurrent.SynchronousQueue$TransferStack.awaitFulfill(SynchronousQueue.java:460)
        at java.util.concurrent.SynchronousQueue$TransferStack.transfer(SynchronousQueue.java:362)
        at java.util.concurrent.SynchronousQueue.poll(SynchronousQueue.java:941)
        at java.util.concurrent.ThreadPoolExecutor.getTask(ThreadPoolExecutor.java:1073)
        at java.util.concurrent.ThreadPoolExecutor.runWorker(ThreadPoolExecutor.java:1134)
        at java.util.concurrent.ThreadPoolExecutor$Worker.run(ThreadPoolExecutor.java:624)
        at java.lang.Thread.run(Thread.java:750)
"IPC Server listener on 0" daemon prio=5 tid=122 runnable
java.lang.Thread.State: RUNNABLE
        at sun.nio.ch.EPollArrayWrapper.epollWait(Native Method)
        at sun.nio.ch.EPollArrayWrapper.poll(EPollArrayWrapper.java:269)
        at sun.nio.ch.EPollSelectorImpl.doSelect(EPollSelectorImpl.java:93)
        at sun.nio.ch.SelectorImpl.lockAndDoSelect(SelectorImpl.java:86)
        at sun.nio.ch.SelectorImpl.select(SelectorImpl.java:97)
        at sun.nio.ch.SelectorImpl.select(SelectorImpl.java:101)
        at org.apache.hadoop.ipc.Server$Listener.run(Server.java:1350)
"qtp431033364-139" daemon prio=5 tid=139 timed_waiting
java.lang.Thread.State: TIMED_WAITING
        at sun.misc.Unsafe.park(Native Method)
        at java.util.concurrent.locks.LockSupport.parkNanos(LockSupport.java:215)
        at java.util.concurrent.locks.AbstractQueuedSynchronizer$ConditionObject.awaitNanos(AbstractQueuedSynchronizer.java:2083)
        at org.eclipse.jetty.util.BlockingArrayQueue.poll(BlockingArrayQueue.java:382)
        at org.eclipse.jetty.util.thread.QueuedThreadPool$Runner.idleJobPoll(QueuedThreadPool.java:974)
        at org.eclipse.jetty.util.thread.QueuedThreadPool$Runner.run(QueuedThreadPool.java:1018)
        at java.lang.Thread.run(Thread.java:750)
"pool-119-thread-1"  prio=5 tid=390 in Object.wait()
java.lang.Thread.State: WAITING (on object monitor)
        at sun.misc.Unsafe.park(Native Method)
        at java.util.concurrent.locks.LockSupport.park(LockSupport.java:175)
        at java.util.concurrent.locks.AbstractQueuedSynchronizer$ConditionObject.await(AbstractQueuedSynchronizer.java:2044)
        at java.util.concurrent.LinkedBlockingQueue.take(LinkedBlockingQueue.java:442)
        at java.util.concurrent.ThreadPoolExecutor.getTask(ThreadPoolExecutor.java:1074)
        at java.util.concurrent.ThreadPoolExecutor.runWorker(ThreadPoolExecutor.java:1134)
        at java.util.concurrent.ThreadPoolExecutor$Worker.run(ThreadPoolExecutor.java:624)
        at java.lang.Thread.run(Thread.java:750)
"qtp167993803-206" daemon prio=5 tid=206 timed_waiting
java.lang.Thread.State: TIMED_WAITING
        at sun.misc.Unsafe.park(Native Method)
        at java.util.concurrent.locks.LockSupport.parkNanos(LockSupport.java:215)
        at java.util.concurrent.locks.AbstractQueuedSynchronizer$ConditionObject.awaitNanos(AbstractQueuedSynchronizer.java:2083)
        at org.eclipse.jetty.util.BlockingArrayQueue.poll(BlockingArrayQueue.java:382)
        at org.eclipse.jetty.util.thread.QueuedThreadPool$Runner.idleJobPoll(QueuedThreadPool.java:974)
        at org.eclipse.jetty.util.thread.QueuedThreadPool$Runner.run(QueuedThreadPool.java:1018)
        at java.lang.Thread.run(Thread.java:750)
"3c09ee4b-a7a3-4286-a1c3-18dea5f798e8@group-2FBC0BCCCEED->6d0c14da-389e-4e82-8c57-a2981f576192-GrpcLogAppender-LogAppenderDaemon" daemon prio=5 tid=460 timed_waiting
java.lang.Thread.State: TIMED_WAITING
        at sun.misc.Unsafe.park(Native Method)
        at java.util.concurrent.locks.LockSupport.parkNanos(LockSupport.java:215)
        at java.util.concurrent.CompletableFuture$Signaller.block(CompletableFuture.java:1709)
        at java.util.concurrent.ForkJoinPool.managedBlock(ForkJoinPool.java:3323)
        at java.util.concurrent.CompletableFuture.timedGet(CompletableFuture.java:1788)
        at java.util.concurrent.CompletableFuture.get(CompletableFuture.java:1928)
        at org.apache.ratis.util.AwaitForSignal.await(AwaitForSignal.java:56)
        at org.apache.ratis.grpc.server.GrpcLogAppender.mayWait(GrpcLogAppender.java:169)
        at org.apache.ratis.grpc.server.GrpcLogAppender.run(GrpcLogAppender.java:128)
        at org.apache.ratis.server.leader.LogAppenderDaemon.run(LogAppenderDaemon.java:77)
        at org.apache.ratis.server.leader.LogAppenderDaemon$$Lambda$962/1472069023.run(Unknown Source)
        at java.lang.Thread.run(Thread.java:750)
"ChunkWriter-3-0" daemon prio=5 tid=341 in Object.wait()
java.lang.Thread.State: WAITING (on object monitor)
        at sun.misc.Unsafe.park(Native Method)
        at java.util.concurrent.locks.LockSupport.park(LockSupport.java:175)
        at java.util.concurrent.locks.AbstractQueuedSynchronizer$ConditionObject.await(AbstractQueuedSynchronizer.java:2044)
        at java.util.concurrent.LinkedBlockingDeque.takeFirst(LinkedBlockingDeque.java:492)
        at java.util.concurrent.LinkedBlockingDeque.take(LinkedBlockingDeque.java:680)
        at java.util.concurrent.ThreadPoolExecutor.getTask(ThreadPoolExecutor.java:1074)
        at java.util.concurrent.ThreadPoolExecutor.runWorker(ThreadPoolExecutor.java:1134)
        at java.util.concurrent.ThreadPoolExecutor$Worker.run(ThreadPoolExecutor.java:624)
        at java.lang.Thread.run(Thread.java:750)
"IPC Server handler 7 on default port 37253" daemon prio=5 tid=64 timed_waiting
java.lang.Thread.State: TIMED_WAITING
        at sun.misc.Unsafe.park(Native Method)
        at java.util.concurrent.locks.LockSupport.parkNanos(LockSupport.java:215)
        at java.util.concurrent.locks.AbstractQueuedSynchronizer$ConditionObject.awaitNanos(AbstractQueuedSynchronizer.java:2083)
        at java.util.concurrent.LinkedBlockingQueue.poll(LinkedBlockingQueue.java:467)
        at org.apache.hadoop.ipc.CallQueueManager.take(CallQueueManager.java:317)
        at org.apache.hadoop.ipc.Server$Handler.run(Server.java:2932)
"Socket Reader #1 for port 0"  prio=5 tid=24 runnable
java.lang.Thread.State: RUNNABLE
        at sun.nio.ch.EPollArrayWrapper.epollWait(Native Method)
        at sun.nio.ch.EPollArrayWrapper.poll(EPollArrayWrapper.java:269)
        at sun.nio.ch.EPollSelectorImpl.doSelect(EPollSelectorImpl.java:93)
        at sun.nio.ch.SelectorImpl.lockAndDoSelect(SelectorImpl.java:86)
        at sun.nio.ch.SelectorImpl.select(SelectorImpl.java:97)
        at sun.nio.ch.SelectorImpl.select(SelectorImpl.java:101)
        at org.apache.hadoop.ipc.Server$Listener$Reader.doRunLoop(Server.java:1288)
        at org.apache.hadoop.ipc.Server$Listener$Reader.run(Server.java:1267)
"qtp1532216261-101" daemon prio=5 tid=101 timed_waiting
java.lang.Thread.State: TIMED_WAITING
        at sun.misc.Unsafe.park(Native Method)
        at java.util.concurrent.locks.LockSupport.parkNanos(LockSupport.java:215)
        at java.util.concurrent.locks.AbstractQueuedSynchronizer$ConditionObject.awaitNanos(AbstractQueuedSynchronizer.java:2083)
        at org.eclipse.jetty.util.BlockingArrayQueue.poll(BlockingArrayQueue.java:382)
        at org.eclipse.jetty.util.thread.QueuedThreadPool$Runner.idleJobPoll(QueuedThreadPool.java:974)
        at org.eclipse.jetty.util.thread.QueuedThreadPool$Runner.run(QueuedThreadPool.java:1018)
        at java.lang.Thread.run(Thread.java:750)
"Command processor thread" daemon prio=5 tid=270 timed_waiting
java.lang.Thread.State: TIMED_WAITING
        at java.lang.Thread.sleep(Native Method)
        at org.apache.hadoop.ozone.container.common.statemachine.DatanodeStateMachine.lambda$initCommandHandlerThread$3(DatanodeStateMachine.java:628)
        at org.apache.hadoop.ozone.container.common.statemachine.DatanodeStateMachine$$Lambda$749/1174532311.run(Unknown Source)
        at java.lang.Thread.run(Thread.java:750)
"BlockDeletingService#3" daemon prio=5 tid=775 in Object.wait()
java.lang.Thread.State: WAITING (on object monitor)
        at sun.misc.Unsafe.park(Native Method)
        at java.util.concurrent.locks.LockSupport.park(LockSupport.java:175)
        at java.util.concurrent.locks.AbstractQueuedSynchronizer$ConditionObject.await(AbstractQueuedSynchronizer.java:2044)
        at java.util.concurrent.ScheduledThreadPoolExecutor$DelayedWorkQueue.take(ScheduledThreadPoolExecutor.java:1088)
        at java.util.concurrent.ScheduledThreadPoolExecutor$DelayedWorkQueue.take(ScheduledThreadPoolExecutor.java:809)
        at java.util.concurrent.ThreadPoolExecutor.getTask(ThreadPoolExecutor.java:1074)
        at java.util.concurrent.ThreadPoolExecutor.runWorker(ThreadPoolExecutor.java:1134)
        at java.util.concurrent.ThreadPoolExecutor$Worker.run(ThreadPoolExecutor.java:624)
        at java.lang.Thread.run(Thread.java:750)
"StaleRecoveringContainerScrubbingService#1" daemon prio=5 tid=310 in Object.wait()
java.lang.Thread.State: WAITING (on object monitor)
        at sun.misc.Unsafe.park(Native Method)
        at java.util.concurrent.locks.LockSupport.park(LockSupport.java:175)
        at java.util.concurrent.locks.AbstractQueuedSynchronizer$ConditionObject.await(AbstractQueuedSynchronizer.java:2044)
        at java.util.concurrent.ScheduledThreadPoolExecutor$DelayedWorkQueue.take(ScheduledThreadPoolExecutor.java:1088)
        at java.util.concurrent.ScheduledThreadPoolExecutor$DelayedWorkQueue.take(ScheduledThreadPoolExecutor.java:809)
        at java.util.concurrent.ThreadPoolExecutor.getTask(ThreadPoolExecutor.java:1074)
        at java.util.concurrent.ThreadPoolExecutor.runWorker(ThreadPoolExecutor.java:1134)
        at java.util.concurrent.ThreadPoolExecutor$Worker.run(ThreadPoolExecutor.java:624)
        at java.lang.Thread.run(Thread.java:750)
"ChunkWriter-1-0" daemon prio=5 tid=303 in Object.wait()
java.lang.Thread.State: WAITING (on object monitor)
        at sun.misc.Unsafe.park(Native Method)
        at java.util.concurrent.locks.LockSupport.park(LockSupport.java:175)
        at java.util.concurrent.locks.AbstractQueuedSynchronizer$ConditionObject.await(AbstractQueuedSynchronizer.java:2044)
        at java.util.concurrent.LinkedBlockingDeque.takeFirst(LinkedBlockingDeque.java:492)
        at java.util.concurrent.LinkedBlockingDeque.take(LinkedBlockingDeque.java:680)
        at java.util.concurrent.ThreadPoolExecutor.getTask(ThreadPoolExecutor.java:1074)
        at java.util.concurrent.ThreadPoolExecutor.runWorker(ThreadPoolExecutor.java:1134)
        at java.util.concurrent.ThreadPoolExecutor$Worker.run(ThreadPoolExecutor.java:624)
        at java.lang.Thread.run(Thread.java:750)
"qtp1437401449-261" daemon prio=5 tid=261 timed_waiting
java.lang.Thread.State: TIMED_WAITING
        at sun.misc.Unsafe.park(Native Method)
        at java.util.concurrent.locks.LockSupport.parkNanos(LockSupport.java:215)
        at java.util.concurrent.locks.AbstractQueuedSynchronizer$ConditionObject.awaitNanos(AbstractQueuedSynchronizer.java:2083)
        at org.eclipse.jetty.util.BlockingArrayQueue.poll(BlockingArrayQueue.java:382)
        at org.eclipse.jetty.util.thread.QueuedThreadPool$Runner.idleJobPoll(QueuedThreadPool.java:974)
        at org.eclipse.jetty.util.thread.QueuedThreadPool$Runner.run(QueuedThreadPool.java:1018)
        at java.lang.Thread.run(Thread.java:750)
"IPC Server handler 7 on default port 41569" daemon prio=5 tid=44 timed_waiting
java.lang.Thread.State: TIMED_WAITING
        at sun.misc.Unsafe.park(Native Method)
        at java.util.concurrent.locks.LockSupport.parkNanos(LockSupport.java:215)
        at java.util.concurrent.locks.AbstractQueuedSynchronizer$ConditionObject.awaitNanos(AbstractQueuedSynchronizer.java:2083)
        at java.util.concurrent.LinkedBlockingQueue.poll(LinkedBlockingQueue.java:467)
        at org.apache.hadoop.ipc.CallQueueManager.take(CallQueueManager.java:317)
        at org.apache.hadoop.ipc.Server$Handler.run(Server.java:2932)
"om1@group-C5BA1605619E-StateMachineUpdater" daemon prio=5 tid=121 timed_waiting
java.lang.Thread.State: TIMED_WAITING
        at sun.misc.Unsafe.park(Native Method)
        at java.util.concurrent.locks.LockSupport.parkNanos(LockSupport.java:215)
        at java.util.concurrent.CompletableFuture$Signaller.block(CompletableFuture.java:1709)
        at java.util.concurrent.ForkJoinPool.managedBlock(ForkJoinPool.java:3323)
        at java.util.concurrent.CompletableFuture.timedGet(CompletableFuture.java:1788)
        at java.util.concurrent.CompletableFuture.get(CompletableFuture.java:1928)
        at org.apache.ratis.util.AwaitForSignal.await(AwaitForSignal.java:56)
        at org.apache.ratis.server.impl.StateMachineUpdater.waitForCommit(StateMachineUpdater.java:207)
        at org.apache.ratis.server.impl.StateMachineUpdater.run(StateMachineUpdater.java:176)
        at java.lang.Thread.run(Thread.java:750)
"3c09ee4b-a7a3-4286-a1c3-18dea5f798e8@group-CF406588F1D0-FollowerState" daemon prio=5 tid=587 timed_waiting
java.lang.Thread.State: TIMED_WAITING
        at java.lang.Thread.sleep(Native Method)
        at java.lang.Thread.sleep(Thread.java:342)
        at java.util.concurrent.TimeUnit.sleep(TimeUnit.java:386)
        at org.apache.ratis.util.TimeDuration.sleep(TimeDuration.java:325)
        at org.apache.ratis.util.TimeDuration.sleep(TimeDuration.java:310)
        at org.apache.ratis.server.impl.FollowerState.run(FollowerState.java:128)
"IPC Server handler 8 on default port 37253" daemon prio=5 tid=65 timed_waiting
java.lang.Thread.State: TIMED_WAITING
        at sun.misc.Unsafe.park(Native Method)
        at java.util.concurrent.locks.LockSupport.parkNanos(LockSupport.java:215)
        at java.util.concurrent.locks.AbstractQueuedSynchronizer$ConditionObject.awaitNanos(AbstractQueuedSynchronizer.java:2083)
        at java.util.concurrent.LinkedBlockingQueue.poll(LinkedBlockingQueue.java:467)
        at org.apache.hadoop.ipc.CallQueueManager.take(CallQueueManager.java:317)
        at org.apache.hadoop.ipc.Server$Handler.run(Server.java:2932)
"IPC Server handler 17 on default port 46487" daemon prio=5 tid=161 timed_waiting
java.lang.Thread.State: TIMED_WAITING
        at sun.misc.Unsafe.park(Native Method)
        at java.util.concurrent.locks.LockSupport.parkNanos(LockSupport.java:215)
        at java.util.concurrent.locks.AbstractQueuedSynchronizer$ConditionObject.awaitNanos(AbstractQueuedSynchronizer.java:2083)
        at java.util.concurrent.LinkedBlockingQueue.poll(LinkedBlockingQueue.java:467)
        at org.apache.hadoop.ipc.CallQueueManager.take(CallQueueManager.java:317)
        at org.apache.hadoop.ipc.Server$Handler.run(Server.java:2932)
"3c09ee4b-a7a3-4286-a1c3-18dea5f798e8@group-2FBC0BCCCEED-StateMachineUpdater" daemon prio=5 tid=408 timed_waiting
java.lang.Thread.State: TIMED_WAITING
        at sun.misc.Unsafe.park(Native Method)
        at java.util.concurrent.locks.LockSupport.parkNanos(LockSupport.java:215)
        at java.util.concurrent.CompletableFuture$Signaller.block(CompletableFuture.java:1709)
        at java.util.concurrent.ForkJoinPool.managedBlock(ForkJoinPool.java:3323)
        at java.util.concurrent.CompletableFuture.timedGet(CompletableFuture.java:1788)
        at java.util.concurrent.CompletableFuture.get(CompletableFuture.java:1928)
        at org.apache.ratis.util.AwaitForSignal.await(AwaitForSignal.java:56)
        at org.apache.ratis.server.impl.StateMachineUpdater.waitForCommit(StateMachineUpdater.java:207)
        at org.apache.ratis.server.impl.StateMachineUpdater.run(StateMachineUpdater.java:176)
        at java.lang.Thread.run(Thread.java:750)
"ContainerOp-f82f5b97-17e3-4dda-ae22-2fbc0bccceed-9"  prio=5 tid=566 in Object.wait()
java.lang.Thread.State: WAITING (on object monitor)
        at sun.misc.Unsafe.park(Native Method)
        at java.util.concurrent.locks.LockSupport.park(LockSupport.java:175)
        at java.util.concurrent.locks.AbstractQueuedSynchronizer$ConditionObject.await(AbstractQueuedSynchronizer.java:2044)
        at java.util.concurrent.LinkedBlockingQueue.take(LinkedBlockingQueue.java:442)
        at java.util.concurrent.ThreadPoolExecutor.getTask(ThreadPoolExecutor.java:1074)
        at java.util.concurrent.ThreadPoolExecutor.runWorker(ThreadPoolExecutor.java:1134)
        at java.util.concurrent.ThreadPoolExecutor$Worker.run(ThreadPoolExecutor.java:624)
        at java.lang.Thread.run(Thread.java:750)
"ContainerOp-f82f5b97-17e3-4dda-ae22-2fbc0bccceed-9"  prio=5 tid=562 in Object.wait()
java.lang.Thread.State: WAITING (on object monitor)
        at sun.misc.Unsafe.park(Native Method)
        at java.util.concurrent.locks.LockSupport.park(LockSupport.java:175)
        at java.util.concurrent.locks.AbstractQueuedSynchronizer$ConditionObject.await(AbstractQueuedSynchronizer.java:2044)
        at java.util.concurrent.LinkedBlockingQueue.take(LinkedBlockingQueue.java:442)
        at java.util.concurrent.ThreadPoolExecutor.getTask(ThreadPoolExecutor.java:1074)
        at java.util.concurrent.ThreadPoolExecutor.runWorker(ThreadPoolExecutor.java:1134)
        at java.util.concurrent.ThreadPoolExecutor$Worker.run(ThreadPoolExecutor.java:624)
        at java.lang.Thread.run(Thread.java:750)
"3c09ee4b-a7a3-4286-a1c3-18dea5f798e8@group-2FBC0BCCCEED-LeaderStateImpl" daemon prio=5 tid=459 timed_waiting
java.lang.Thread.State: TIMED_WAITING
        at sun.misc.Unsafe.park(Native Method)
        at java.util.concurrent.locks.LockSupport.parkNanos(LockSupport.java:215)
        at java.util.concurrent.locks.AbstractQueuedSynchronizer$ConditionObject.awaitNanos(AbstractQueuedSynchronizer.java:2083)
        at java.util.concurrent.ArrayBlockingQueue.poll(ArrayBlockingQueue.java:418)
        at org.apache.ratis.server.impl.LeaderStateImpl$EventQueue.poll(LeaderStateImpl.java:159)
        at org.apache.ratis.server.impl.LeaderStateImpl$EventProcessor.run(LeaderStateImpl.java:630)
"ReplicationMonitor" daemon prio=5 tid=18 timed_waiting
java.lang.Thread.State: TIMED_WAITING
        at java.lang.Object.wait(Native Method)
        at org.apache.hadoop.hdds.scm.container.replication.ReplicationManager.run(ReplicationManager.java:505)
        at org.apache.hadoop.hdds.scm.container.replication.ReplicationManager$$Lambda$333/491800785.run(Unknown Source)
        at java.lang.Thread.run(Thread.java:750)
"org.apache.hadoop.util.JvmPauseMonitor$Monitor@741f503e" daemon prio=5 tid=297 timed_waiting
java.lang.Thread.State: TIMED_WAITING
        at java.lang.Thread.sleep(Native Method)
        at org.apache.hadoop.util.JvmPauseMonitor$Monitor.run(JvmPauseMonitor.java:192)
        at java.lang.Thread.run(Thread.java:750)
"qtp378845707-283" daemon prio=5 tid=283 timed_waiting
java.lang.Thread.State: TIMED_WAITING
        at sun.misc.Unsafe.park(Native Method)
        at java.util.concurrent.locks.LockSupport.parkNanos(LockSupport.java:215)
        at java.util.concurrent.locks.AbstractQueuedSynchronizer$ConditionObject.awaitNanos(AbstractQueuedSynchronizer.java:2083)
        at org.eclipse.jetty.util.BlockingArrayQueue.poll(BlockingArrayQueue.java:382)
        at org.eclipse.jetty.util.thread.QueuedThreadPool$Runner.idleJobPoll(QueuedThreadPool.java:974)
        at org.eclipse.jetty.util.thread.QueuedThreadPool$Runner.run(QueuedThreadPool.java:1018)
        at java.lang.Thread.run(Thread.java:750)
"IPC Server handler 3 on default port 38769" daemon prio=5 tid=80 timed_waiting
java.lang.Thread.State: TIMED_WAITING
        at sun.misc.Unsafe.park(Native Method)
        at java.util.concurrent.locks.LockSupport.parkNanos(LockSupport.java:215)
        at java.util.concurrent.locks.AbstractQueuedSynchronizer$ConditionObject.awaitNanos(AbstractQueuedSynchronizer.java:2083)
        at java.util.concurrent.LinkedBlockingQueue.poll(LinkedBlockingQueue.java:467)
        at org.apache.hadoop.ipc.CallQueueManager.take(CallQueueManager.java:317)
        at org.apache.hadoop.ipc.Server$Handler.run(Server.java:2932)
"IPC Server handler 0 on default port 37253" daemon prio=5 tid=57 timed_waiting
java.lang.Thread.State: TIMED_WAITING
        at sun.misc.Unsafe.park(Native Method)
        at java.util.concurrent.locks.LockSupport.parkNanos(LockSupport.java:215)
        at java.util.concurrent.locks.AbstractQueuedSynchronizer$ConditionObject.awaitNanos(AbstractQueuedSynchronizer.java:2083)
        at java.util.concurrent.LinkedBlockingQueue.poll(LinkedBlockingQueue.java:467)
        at org.apache.hadoop.ipc.CallQueueManager.take(CallQueueManager.java:317)
        at org.apache.hadoop.ipc.Server$Handler.run(Server.java:2932)
"a62c8bc8-4eaa-4bd0-9412-231650f1b373@group-CF406588F1D0-FollowerState" daemon prio=5 tid=588 timed_waiting
java.lang.Thread.State: TIMED_WAITING
        at java.lang.Thread.sleep(Native Method)
        at java.lang.Thread.sleep(Thread.java:342)
        at java.util.concurrent.TimeUnit.sleep(TimeUnit.java:386)
        at org.apache.ratis.util.TimeDuration.sleep(TimeDuration.java:325)
        at org.apache.ratis.util.TimeDuration.sleep(TimeDuration.java:310)
        at org.apache.ratis.server.impl.FollowerState.run(FollowerState.java:128)
"IPC Server handler 0 on default port 41569" daemon prio=5 tid=37 timed_waiting
java.lang.Thread.State: TIMED_WAITING
        at sun.misc.Unsafe.park(Native Method)
        at java.util.concurrent.locks.LockSupport.parkNanos(LockSupport.java:215)
        at java.util.concurrent.locks.AbstractQueuedSynchronizer$ConditionObject.awaitNanos(AbstractQueuedSynchronizer.java:2083)
        at java.util.concurrent.LinkedBlockingQueue.poll(LinkedBlockingQueue.java:467)
        at org.apache.hadoop.ipc.CallQueueManager.take(CallQueueManager.java:317)
        at org.apache.hadoop.ipc.Server$Handler.run(Server.java:2932)
"qtp1532216261-100" daemon prio=5 tid=100 runnable
java.lang.Thread.State: RUNNABLE
        at sun.nio.ch.EPollArrayWrapper.epollWait(Native Method)
        at sun.nio.ch.EPollArrayWrapper.poll(EPollArrayWrapper.java:269)
        at sun.nio.ch.EPollSelectorImpl.doSelect(EPollSelectorImpl.java:93)
        at sun.nio.ch.SelectorImpl.lockAndDoSelect(SelectorImpl.java:86)
        at sun.nio.ch.SelectorImpl.select(SelectorImpl.java:97)
        at sun.nio.ch.SelectorImpl.select(SelectorImpl.java:101)
        at org.eclipse.jetty.io.ManagedSelector.nioSelect(ManagedSelector.java:183)
        at org.eclipse.jetty.io.ManagedSelector.select(ManagedSelector.java:190)
        at org.eclipse.jetty.io.ManagedSelector$SelectorProducer.select(ManagedSelector.java:606)
        at org.eclipse.jetty.io.ManagedSelector$SelectorProducer.produce(ManagedSelector.java:543)
        at org.eclipse.jetty.util.thread.strategy.EatWhatYouKill.produceTask(EatWhatYouKill.java:362)
        at org.eclipse.jetty.util.thread.strategy.EatWhatYouKill.doProduce(EatWhatYouKill.java:186)
        at org.eclipse.jetty.util.thread.strategy.EatWhatYouKill.tryProduce(EatWhatYouKill.java:173)
        at org.eclipse.jetty.util.thread.strategy.EatWhatYouKill.produce(EatWhatYouKill.java:137)
        at org.eclipse.jetty.io.ManagedSelector$$Lambda$397/626754729.run(Unknown Source)
        at org.eclipse.jetty.util.thread.QueuedThreadPool.runJob(QueuedThreadPool.java:883)
        at org.eclipse.jetty.util.thread.QueuedThreadPool$Runner.run(QueuedThreadPool.java:1034)
        at java.lang.Thread.run(Thread.java:750)
"a62c8bc8-4eaa-4bd0-9412-231650f1b373@group-2FBC0BCCCEED-StateMachineUpdater" daemon prio=5 tid=409 timed_waiting
java.lang.Thread.State: TIMED_WAITING
        at sun.misc.Unsafe.park(Native Method)
        at java.util.concurrent.locks.LockSupport.parkNanos(LockSupport.java:215)
        at java.util.concurrent.CompletableFuture$Signaller.block(CompletableFuture.java:1709)
        at java.util.concurrent.ForkJoinPool.managedBlock(ForkJoinPool.java:3323)
        at java.util.concurrent.CompletableFuture.timedGet(CompletableFuture.java:1788)
        at java.util.concurrent.CompletableFuture.get(CompletableFuture.java:1928)
        at org.apache.ratis.util.AwaitForSignal.await(AwaitForSignal.java:56)
        at org.apache.ratis.server.impl.StateMachineUpdater.waitForCommit(StateMachineUpdater.java:207)
        at org.apache.ratis.server.impl.StateMachineUpdater.run(StateMachineUpdater.java:176)
        at java.lang.Thread.run(Thread.java:750)
"IPC Server handler 6 on default port 38769" daemon prio=5 tid=83 timed_waiting
java.lang.Thread.State: TIMED_WAITING
        at sun.misc.Unsafe.park(Native Method)
        at java.util.concurrent.locks.LockSupport.parkNanos(LockSupport.java:215)
        at java.util.concurrent.locks.AbstractQueuedSynchronizer$ConditionObject.awaitNanos(AbstractQueuedSynchronizer.java:2083)
        at java.util.concurrent.LinkedBlockingQueue.poll(LinkedBlockingQueue.java:467)
        at org.apache.hadoop.ipc.CallQueueManager.take(CallQueueManager.java:317)
        at org.apache.hadoop.ipc.Server$Handler.run(Server.java:2932)
"BlockDeletingService#1" daemon prio=5 tid=358 in Object.wait()
java.lang.Thread.State: WAITING (on object monitor)
        at sun.misc.Unsafe.park(Native Method)
        at java.util.concurrent.locks.LockSupport.park(LockSupport.java:175)
        at java.util.concurrent.locks.AbstractQueuedSynchronizer$ConditionObject.await(AbstractQueuedSynchronizer.java:2044)
        at java.util.concurrent.ScheduledThreadPoolExecutor$DelayedWorkQueue.take(ScheduledThreadPoolExecutor.java:1088)
        at java.util.concurrent.ScheduledThreadPoolExecutor$DelayedWorkQueue.take(ScheduledThreadPoolExecutor.java:809)
        at java.util.concurrent.ThreadPoolExecutor.getTask(ThreadPoolExecutor.java:1074)
        at java.util.concurrent.ThreadPoolExecutor.runWorker(ThreadPoolExecutor.java:1134)
        at java.util.concurrent.ThreadPoolExecutor$Worker.run(ThreadPoolExecutor.java:624)
        at java.lang.Thread.run(Thread.java:750)
"qtp378845707-287" daemon prio=5 tid=287 timed_waiting
java.lang.Thread.State: TIMED_WAITING
        at sun.misc.Unsafe.park(Native Method)
        at java.util.concurrent.locks.LockSupport.parkNanos(LockSupport.java:215)
        at java.util.concurrent.locks.AbstractQueuedSynchronizer$ConditionObject.awaitNanos(AbstractQueuedSynchronizer.java:2083)
        at org.eclipse.jetty.util.BlockingArrayQueue.poll(BlockingArrayQueue.java:382)
        at org.eclipse.jetty.util.thread.QueuedThreadPool$Runner.idleJobPoll(QueuedThreadPool.java:974)
        at org.eclipse.jetty.util.thread.QueuedThreadPool$Runner.run(QueuedThreadPool.java:1018)
        at java.lang.Thread.run(Thread.java:750)
"6d0c14da-389e-4e82-8c57-a2981f576192@group-2FBC0BCCCEED-FollowerState" daemon prio=5 tid=457 timed_waiting
java.lang.Thread.State: TIMED_WAITING
        at java.lang.Thread.sleep(Native Method)
        at java.lang.Thread.sleep(Thread.java:342)
        at java.util.concurrent.TimeUnit.sleep(TimeUnit.java:386)
        at org.apache.ratis.util.TimeDuration.sleep(TimeDuration.java:325)
        at org.apache.ratis.util.TimeDuration.sleep(TimeDuration.java:310)
        at org.apache.ratis.server.impl.FollowerState.run(FollowerState.java:128)
"IPC Parameter Sending Thread #1" daemon prio=5 tid=733 timed_waiting
java.lang.Thread.State: TIMED_WAITING
        at sun.misc.Unsafe.park(Native Method)
        at java.util.concurrent.locks.LockSupport.parkNanos(LockSupport.java:215)
        at java.util.concurrent.SynchronousQueue$TransferStack.awaitFulfill(SynchronousQueue.java:460)
        at java.util.concurrent.SynchronousQueue$TransferStack.transfer(SynchronousQueue.java:362)
        at java.util.concurrent.SynchronousQueue.poll(SynchronousQueue.java:941)
        at java.util.concurrent.ThreadPoolExecutor.getTask(ThreadPoolExecutor.java:1073)
        at java.util.concurrent.ThreadPoolExecutor.runWorker(ThreadPoolExecutor.java:1134)
        at java.util.concurrent.ThreadPoolExecutor$Worker.run(ThreadPoolExecutor.java:624)
        at java.lang.Thread.run(Thread.java:750)
"Datanode ReportManager Thread - 0" daemon prio=5 tid=265 in Object.wait()
java.lang.Thread.State: WAITING (on object monitor)
        at sun.misc.Unsafe.park(Native Method)
        at java.util.concurrent.locks.LockSupport.park(LockSupport.java:175)
        at java.util.concurrent.locks.AbstractQueuedSynchronizer$ConditionObject.await(AbstractQueuedSynchronizer.java:2044)
        at java.util.concurrent.ScheduledThreadPoolExecutor$DelayedWorkQueue.take(ScheduledThreadPoolExecutor.java:1088)
        at java.util.concurrent.ScheduledThreadPoolExecutor$DelayedWorkQueue.take(ScheduledThreadPoolExecutor.java:809)
        at java.util.concurrent.ThreadPoolExecutor.getTask(ThreadPoolExecutor.java:1074)
        at java.util.concurrent.ThreadPoolExecutor.runWorker(ThreadPoolExecutor.java:1134)
        at java.util.concurrent.ThreadPoolExecutor$Worker.run(ThreadPoolExecutor.java:624)
        at java.lang.Thread.run(Thread.java:750)
"Command processor thread" daemon prio=5 tid=192 timed_waiting
java.lang.Thread.State: TIMED_WAITING
        at java.lang.Thread.sleep(Native Method)
        at org.apache.hadoop.ozone.container.common.statemachine.DatanodeStateMachine.lambda$initCommandHandlerThread$3(DatanodeStateMachine.java:628)
        at org.apache.hadoop.ozone.container.common.statemachine.DatanodeStateMachine$$Lambda$749/1174532311.run(Unknown Source)
        at java.lang.Thread.run(Thread.java:750)
"StaleRecoveringContainerScrubbingService#2" daemon prio=5 tid=678 in Object.wait()
java.lang.Thread.State: WAITING (on object monitor)
        at sun.misc.Unsafe.park(Native Method)
        at java.util.concurrent.locks.LockSupport.park(LockSupport.java:175)
        at java.util.concurrent.locks.AbstractQueuedSynchronizer$ConditionObject.await(AbstractQueuedSynchronizer.java:2044)
        at java.util.concurrent.ScheduledThreadPoolExecutor$DelayedWorkQueue.take(ScheduledThreadPoolExecutor.java:1088)
        at java.util.concurrent.ScheduledThreadPoolExecutor$DelayedWorkQueue.take(ScheduledThreadPoolExecutor.java:809)
        at java.util.concurrent.ThreadPoolExecutor.getTask(ThreadPoolExecutor.java:1074)
        at java.util.concurrent.ThreadPoolExecutor.runWorker(ThreadPoolExecutor.java:1134)
        at java.util.concurrent.ThreadPoolExecutor$Worker.run(ThreadPoolExecutor.java:624)
        at java.lang.Thread.run(Thread.java:750)
"qtp1437401449-256-acceptor-0@3993fc88-ServerConnector@4674bc88{HTTP/1.1, (http/1.1)}{0.0.0.0:38813}" daemon prio=3 tid=256 runnable
java.lang.Thread.State: RUNNABLE
        at sun.nio.ch.ServerSocketChannelImpl.accept0(Native Method)
        at sun.nio.ch.ServerSocketChannelImpl.accept(ServerSocketChannelImpl.java:421)
        at sun.nio.ch.ServerSocketChannelImpl.accept(ServerSocketChannelImpl.java:249)
        at org.eclipse.jetty.server.ServerConnector.accept(ServerConnector.java:388)
        at org.eclipse.jetty.server.AbstractConnector$Acceptor.run(AbstractConnector.java:702)
        at org.eclipse.jetty.util.thread.QueuedThreadPool.runJob(QueuedThreadPool.java:883)
        at org.eclipse.jetty.util.thread.QueuedThreadPool$Runner.run(QueuedThreadPool.java:1034)
        at java.lang.Thread.run(Thread.java:750)
"qtp1202765820-177" daemon prio=5 tid=177 timed_waiting
java.lang.Thread.State: TIMED_WAITING
        at sun.misc.Unsafe.park(Native Method)
        at java.util.concurrent.locks.LockSupport.parkNanos(LockSupport.java:215)
        at java.util.concurrent.locks.AbstractQueuedSynchronizer$ConditionObject.awaitNanos(AbstractQueuedSynchronizer.java:2083)
        at org.eclipse.jetty.util.BlockingArrayQueue.poll(BlockingArrayQueue.java:382)
        at org.eclipse.jetty.util.thread.QueuedThreadPool$Runner.idleJobPoll(QueuedThreadPool.java:974)
        at org.eclipse.jetty.util.thread.QueuedThreadPool$Runner.run(QueuedThreadPool.java:1018)
        at java.lang.Thread.run(Thread.java:750)
"Periodic HDDS volume checker" daemon prio=5 tid=167 timed_waiting
java.lang.Thread.State: TIMED_WAITING
        at sun.misc.Unsafe.park(Native Method)
        at java.util.concurrent.locks.LockSupport.parkNanos(LockSupport.java:215)
        at java.util.concurrent.locks.AbstractQueuedSynchronizer$ConditionObject.awaitNanos(AbstractQueuedSynchronizer.java:2083)
        at java.util.concurrent.ScheduledThreadPoolExecutor$DelayedWorkQueue.take(ScheduledThreadPoolExecutor.java:1093)
        at java.util.concurrent.ScheduledThreadPoolExecutor$DelayedWorkQueue.take(ScheduledThreadPoolExecutor.java:809)
        at java.util.concurrent.ThreadPoolExecutor.getTask(ThreadPoolExecutor.java:1074)
        at java.util.concurrent.ThreadPoolExecutor.runWorker(ThreadPoolExecutor.java:1134)
        at java.util.concurrent.ThreadPoolExecutor$Worker.run(ThreadPoolExecutor.java:624)
        at java.lang.Thread.run(Thread.java:750)
"ContainerOp-f82f5b97-17e3-4dda-ae22-2fbc0bccceed-1"  prio=5 tid=499 in Object.wait()
java.lang.Thread.State: WAITING (on object monitor)
        at sun.misc.Unsafe.park(Native Method)
        at java.util.concurrent.locks.LockSupport.park(LockSupport.java:175)
        at java.util.concurrent.locks.AbstractQueuedSynchronizer$ConditionObject.await(AbstractQueuedSynchronizer.java:2044)
        at java.util.concurrent.LinkedBlockingQueue.take(LinkedBlockingQueue.java:442)
        at java.util.concurrent.ThreadPoolExecutor.getTask(ThreadPoolExecutor.java:1074)
        at java.util.concurrent.ThreadPoolExecutor.runWorker(ThreadPoolExecutor.java:1134)
        at java.util.concurrent.ThreadPoolExecutor$Worker.run(ThreadPoolExecutor.java:624)
        at java.lang.Thread.run(Thread.java:750)
"qtp431033364-138" daemon prio=5 tid=138 timed_waiting
java.lang.Thread.State: TIMED_WAITING
        at sun.misc.Unsafe.park(Native Method)
        at java.util.concurrent.locks.LockSupport.parkNanos(LockSupport.java:215)
        at java.util.concurrent.locks.AbstractQueuedSynchronizer$ConditionObject.awaitNanos(AbstractQueuedSynchronizer.java:2083)
        at org.eclipse.jetty.util.BlockingArrayQueue.poll(BlockingArrayQueue.java:382)
        at org.eclipse.jetty.util.thread.QueuedThreadPool$Runner.idleJobPoll(QueuedThreadPool.java:974)
        at org.eclipse.jetty.util.thread.QueuedThreadPool$Runner.run(QueuedThreadPool.java:1018)
        at java.lang.Thread.run(Thread.java:750)
"IPC Server handler 7 on default port 38769" daemon prio=5 tid=84 timed_waiting
java.lang.Thread.State: TIMED_WAITING
        at sun.misc.Unsafe.park(Native Method)
        at java.util.concurrent.locks.LockSupport.parkNanos(LockSupport.java:215)
        at java.util.concurrent.locks.AbstractQueuedSynchronizer$ConditionObject.awaitNanos(AbstractQueuedSynchronizer.java:2083)
        at java.util.concurrent.LinkedBlockingQueue.poll(LinkedBlockingQueue.java:467)
        at org.apache.hadoop.ipc.CallQueueManager.take(CallQueueManager.java:317)
        at org.apache.hadoop.ipc.Server$Handler.run(Server.java:2932)
"Datanode ReportManager Thread - 0" daemon prio=5 tid=291 timed_waiting
java.lang.Thread.State: TIMED_WAITING
        at sun.misc.Unsafe.park(Native Method)
        at java.util.concurrent.locks.LockSupport.parkNanos(LockSupport.java:215)
        at java.util.concurrent.locks.AbstractQueuedSynchronizer$ConditionObject.awaitNanos(AbstractQueuedSynchronizer.java:2083)
        at java.util.concurrent.ScheduledThreadPoolExecutor$DelayedWorkQueue.take(ScheduledThreadPoolExecutor.java:1093)
        at java.util.concurrent.ScheduledThreadPoolExecutor$DelayedWorkQueue.take(ScheduledThreadPoolExecutor.java:809)
        at java.util.concurrent.ThreadPoolExecutor.getTask(ThreadPoolExecutor.java:1074)
        at java.util.concurrent.ThreadPoolExecutor.runWorker(ThreadPoolExecutor.java:1134)
        at java.util.concurrent.ThreadPoolExecutor$Worker.run(ThreadPoolExecutor.java:624)
        at java.lang.Thread.run(Thread.java:750)
"e12fe51a-b2e5-4197-af5e-5cbb6259f850@group-EDC02AC66B34-StateMachineUpdater" daemon prio=5 tid=423 timed_waiting
java.lang.Thread.State: TIMED_WAITING
        at sun.misc.Unsafe.park(Native Method)
        at java.util.concurrent.locks.LockSupport.parkNanos(LockSupport.java:215)
        at java.util.concurrent.CompletableFuture$Signaller.block(CompletableFuture.java:1709)
        at java.util.concurrent.ForkJoinPool.managedBlock(ForkJoinPool.java:3323)
        at java.util.concurrent.CompletableFuture.timedGet(CompletableFuture.java:1788)
        at java.util.concurrent.CompletableFuture.get(CompletableFuture.java:1928)
        at org.apache.ratis.util.AwaitForSignal.await(AwaitForSignal.java:56)
        at org.apache.ratis.server.impl.StateMachineUpdater.waitForCommit(StateMachineUpdater.java:207)
        at org.apache.ratis.server.impl.StateMachineUpdater.run(StateMachineUpdater.java:176)
        at java.lang.Thread.run(Thread.java:750)
"a62c8bc8-4eaa-4bd0-9412-231650f1b373@group-2FBC0BCCCEED-SegmentedRaftLogWorker"  prio=5 tid=406 timed_waiting
java.lang.Thread.State: TIMED_WAITING
        at sun.misc.Unsafe.park(Native Method)
        at java.util.concurrent.locks.LockSupport.parkNanos(LockSupport.java:215)
        at java.util.concurrent.locks.AbstractQueuedSynchronizer$ConditionObject.awaitNanos(AbstractQueuedSynchronizer.java:2083)
        at org.apache.ratis.util.DataBlockingQueue.poll(DataBlockingQueue.java:148)
        at org.apache.ratis.server.raftlog.segmented.SegmentedRaftLogWorker.run(SegmentedRaftLogWorker.java:301)
        at org.apache.ratis.server.raftlog.segmented.SegmentedRaftLogWorker$$Lambda$564/368003876.run(Unknown Source)
        at java.lang.Thread.run(Thread.java:750)
"Datanode ReportManager Thread - 3" daemon prio=5 tid=242 in Object.wait()
java.lang.Thread.State: WAITING (on object monitor)
        at sun.misc.Unsafe.park(Native Method)
        at java.util.concurrent.locks.LockSupport.park(LockSupport.java:175)
        at java.util.concurrent.locks.AbstractQueuedSynchronizer$ConditionObject.await(AbstractQueuedSynchronizer.java:2044)
        at java.util.concurrent.ScheduledThreadPoolExecutor$DelayedWorkQueue.take(ScheduledThreadPoolExecutor.java:1088)
        at java.util.concurrent.ScheduledThreadPoolExecutor$DelayedWorkQueue.take(ScheduledThreadPoolExecutor.java:809)
        at java.util.concurrent.ThreadPoolExecutor.getTask(ThreadPoolExecutor.java:1074)
        at java.util.concurrent.ThreadPoolExecutor.runWorker(ThreadPoolExecutor.java:1134)
        at java.util.concurrent.ThreadPoolExecutor$Worker.run(ThreadPoolExecutor.java:624)
        at java.lang.Thread.run(Thread.java:750)
"Socket Reader #1 for port 0"  prio=5 tid=32 runnable
java.lang.Thread.State: RUNNABLE
        at sun.nio.ch.EPollArrayWrapper.epollWait(Native Method)
        at sun.nio.ch.EPollArrayWrapper.poll(EPollArrayWrapper.java:269)
        at sun.nio.ch.EPollSelectorImpl.doSelect(EPollSelectorImpl.java:93)
        at sun.nio.ch.SelectorImpl.lockAndDoSelect(SelectorImpl.java:86)
        at sun.nio.ch.SelectorImpl.select(SelectorImpl.java:97)
        at sun.nio.ch.SelectorImpl.select(SelectorImpl.java:101)
        at org.apache.hadoop.ipc.Server$Listener$Reader.doRunLoop(Server.java:1288)
        at org.apache.hadoop.ipc.Server$Listener$Reader.run(Server.java:1267)
"6d0c14da-389e-4e82-8c57-a2981f576192-server-thread1" daemon prio=5 tid=466 timed_waiting
java.lang.Thread.State: TIMED_WAITING
        at sun.misc.Unsafe.park(Native Method)
        at java.util.concurrent.locks.LockSupport.parkNanos(LockSupport.java:215)
        at java.util.concurrent.SynchronousQueue$TransferStack.awaitFulfill(SynchronousQueue.java:460)
        at java.util.concurrent.SynchronousQueue$TransferStack.transfer(SynchronousQueue.java:362)
        at java.util.concurrent.SynchronousQueue.poll(SynchronousQueue.java:941)
        at java.util.concurrent.ThreadPoolExecutor.getTask(ThreadPoolExecutor.java:1073)
        at java.util.concurrent.ThreadPoolExecutor.runWorker(ThreadPoolExecutor.java:1134)
        at java.util.concurrent.ThreadPoolExecutor$Worker.run(ThreadPoolExecutor.java:624)
        at java.lang.Thread.run(Thread.java:750)
"IPC Server handler 10 on default port 46487" daemon prio=5 tid=154 timed_waiting
java.lang.Thread.State: TIMED_WAITING
        at sun.misc.Unsafe.park(Native Method)
        at java.util.concurrent.locks.LockSupport.parkNanos(LockSupport.java:215)
        at java.util.concurrent.locks.AbstractQueuedSynchronizer$ConditionObject.awaitNanos(AbstractQueuedSynchronizer.java:2083)
        at java.util.concurrent.LinkedBlockingQueue.poll(LinkedBlockingQueue.java:467)
        at org.apache.hadoop.ipc.CallQueueManager.take(CallQueueManager.java:317)
        at org.apache.hadoop.ipc.Server$Handler.run(Server.java:2932)
"BlockDeletingService#0" daemon prio=5 tid=344 timed_waiting
java.lang.Thread.State: TIMED_WAITING
        at sun.misc.Unsafe.park(Native Method)
        at java.util.concurrent.locks.LockSupport.parkNanos(LockSupport.java:215)
        at java.util.concurrent.locks.AbstractQueuedSynchronizer$ConditionObject.awaitNanos(AbstractQueuedSynchronizer.java:2083)
        at java.util.concurrent.ScheduledThreadPoolExecutor$DelayedWorkQueue.take(ScheduledThreadPoolExecutor.java:1093)
        at java.util.concurrent.ScheduledThreadPoolExecutor$DelayedWorkQueue.take(ScheduledThreadPoolExecutor.java:809)
        at java.util.concurrent.ThreadPoolExecutor.getTask(ThreadPoolExecutor.java:1074)
        at java.util.concurrent.ThreadPoolExecutor.runWorker(ThreadPoolExecutor.java:1134)
        at java.util.concurrent.ThreadPoolExecutor$Worker.run(ThreadPoolExecutor.java:624)
        at java.lang.Thread.run(Thread.java:750)
"IPC Server handler 13 on default port 38769" daemon prio=5 tid=90 timed_waiting
java.lang.Thread.State: TIMED_WAITING
        at sun.misc.Unsafe.park(Native Method)
        at java.util.concurrent.locks.LockSupport.parkNanos(LockSupport.java:215)
        at java.util.concurrent.locks.AbstractQueuedSynchronizer$ConditionObject.awaitNanos(AbstractQueuedSynchronizer.java:2083)
        at java.util.concurrent.LinkedBlockingQueue.poll(LinkedBlockingQueue.java:467)
        at org.apache.hadoop.ipc.CallQueueManager.take(CallQueueManager.java:317)
        at org.apache.hadoop.ipc.Server$Handler.run(Server.java:2932)
"Periodic HDDS volume checker" daemon prio=5 tid=222 timed_waiting
java.lang.Thread.State: TIMED_WAITING
        at sun.misc.Unsafe.park(Native Method)
        at java.util.concurrent.locks.LockSupport.parkNanos(LockSupport.java:215)
        at java.util.concurrent.locks.AbstractQueuedSynchronizer$ConditionObject.awaitNanos(AbstractQueuedSynchronizer.java:2083)
        at java.util.concurrent.ScheduledThreadPoolExecutor$DelayedWorkQueue.take(ScheduledThreadPoolExecutor.java:1093)
        at java.util.concurrent.ScheduledThreadPoolExecutor$DelayedWorkQueue.take(ScheduledThreadPoolExecutor.java:809)
        at java.util.concurrent.ThreadPoolExecutor.getTask(ThreadPoolExecutor.java:1074)
        at java.util.concurrent.ThreadPoolExecutor.runWorker(ThreadPoolExecutor.java:1134)
        at java.util.concurrent.ThreadPoolExecutor$Worker.run(ThreadPoolExecutor.java:624)
        at java.lang.Thread.run(Thread.java:750)
"Datanode ReportManager Thread - 4" daemon prio=5 tid=191 timed_waiting
java.lang.Thread.State: TIMED_WAITING
        at sun.misc.Unsafe.park(Native Method)
        at java.util.concurrent.locks.LockSupport.parkNanos(LockSupport.java:215)
        at java.util.concurrent.locks.AbstractQueuedSynchronizer$ConditionObject.awaitNanos(AbstractQueuedSynchronizer.java:2083)
        at java.util.concurrent.ScheduledThreadPoolExecutor$DelayedWorkQueue.take(ScheduledThreadPoolExecutor.java:1093)
        at java.util.concurrent.ScheduledThreadPoolExecutor$DelayedWorkQueue.take(ScheduledThreadPoolExecutor.java:809)
        at java.util.concurrent.ThreadPoolExecutor.getTask(ThreadPoolExecutor.java:1074)
        at java.util.concurrent.ThreadPoolExecutor.runWorker(ThreadPoolExecutor.java:1134)
        at java.util.concurrent.ThreadPoolExecutor$Worker.run(ThreadPoolExecutor.java:624)
        at java.lang.Thread.run(Thread.java:750)
"IPC Server handler 18 on default port 46487" daemon prio=5 tid=162 timed_waiting
java.lang.Thread.State: TIMED_WAITING
        at sun.misc.Unsafe.park(Native Method)
        at java.util.concurrent.locks.LockSupport.parkNanos(LockSupport.java:215)
        at java.util.concurrent.locks.AbstractQueuedSynchronizer$ConditionObject.awaitNanos(AbstractQueuedSynchronizer.java:2083)
        at java.util.concurrent.LinkedBlockingQueue.poll(LinkedBlockingQueue.java:467)
        at org.apache.hadoop.ipc.CallQueueManager.take(CallQueueManager.java:317)
        at org.apache.hadoop.ipc.Server$Handler.run(Server.java:2932)
"Socket Reader #1 for port 0"  prio=5 tid=123 runnable
java.lang.Thread.State: RUNNABLE
        at sun.nio.ch.EPollArrayWrapper.epollWait(Native Method)
        at sun.nio.ch.EPollArrayWrapper.poll(EPollArrayWrapper.java:269)
        at sun.nio.ch.EPollSelectorImpl.doSelect(EPollSelectorImpl.java:93)
        at sun.nio.ch.SelectorImpl.lockAndDoSelect(SelectorImpl.java:86)
        at sun.nio.ch.SelectorImpl.select(SelectorImpl.java:97)
        at sun.nio.ch.SelectorImpl.select(SelectorImpl.java:101)
        at org.apache.hadoop.ipc.Server$Listener$Reader.doRunLoop(Server.java:1288)
        at org.apache.hadoop.ipc.Server$Listener$Reader.run(Server.java:1267)
"om1@group-C5BA1605619E-LeaderStateImpl" daemon prio=5 tid=185 timed_waiting
java.lang.Thread.State: TIMED_WAITING
        at sun.misc.Unsafe.park(Native Method)
        at java.util.concurrent.locks.LockSupport.parkNanos(LockSupport.java:215)
        at java.util.concurrent.locks.AbstractQueuedSynchronizer$ConditionObject.awaitNanos(AbstractQueuedSynchronizer.java:2083)
        at java.util.concurrent.ArrayBlockingQueue.poll(ArrayBlockingQueue.java:418)
        at org.apache.ratis.server.impl.LeaderStateImpl$EventQueue.poll(LeaderStateImpl.java:159)
        at org.apache.ratis.server.impl.LeaderStateImpl$EventProcessor.run(LeaderStateImpl.java:630)
"e12fe51a-b2e5-4197-af5e-5cbb6259f850@group-EDC02AC66B34-SegmentedRaftLogWorker"  prio=5 tid=422 timed_waiting
java.lang.Thread.State: TIMED_WAITING
        at sun.misc.Unsafe.park(Native Method)
        at java.util.concurrent.locks.LockSupport.parkNanos(LockSupport.java:215)
        at java.util.concurrent.locks.AbstractQueuedSynchronizer$ConditionObject.awaitNanos(AbstractQueuedSynchronizer.java:2083)
        at org.apache.ratis.util.DataBlockingQueue.poll(DataBlockingQueue.java:148)
        at org.apache.ratis.server.raftlog.segmented.SegmentedRaftLogWorker.run(SegmentedRaftLogWorker.java:301)
        at org.apache.ratis.server.raftlog.segmented.SegmentedRaftLogWorker$$Lambda$564/368003876.run(Unknown Source)
        at java.lang.Thread.run(Thread.java:750)
"qtp431033364-137" daemon prio=5 tid=137 timed_waiting
java.lang.Thread.State: TIMED_WAITING
        at sun.misc.Unsafe.park(Native Method)
        at java.util.concurrent.locks.LockSupport.parkNanos(LockSupport.java:215)
        at java.util.concurrent.locks.AbstractQueuedSynchronizer$ConditionObject.awaitNanos(AbstractQueuedSynchronizer.java:2083)
        at org.eclipse.jetty.util.BlockingArrayQueue.poll(BlockingArrayQueue.java:382)
        at org.eclipse.jetty.util.thread.QueuedThreadPool$Runner.idleJobPoll(QueuedThreadPool.java:974)
        at org.eclipse.jetty.util.thread.QueuedThreadPool$Runner.run(QueuedThreadPool.java:1018)
        at java.lang.Thread.run(Thread.java:750)
"a62c8bc8-4eaa-4bd0-9412-231650f1b373@group-9723BB0169F0-SegmentedRaftLogWorker"  prio=5 tid=383 timed_waiting
java.lang.Thread.State: TIMED_WAITING
        at sun.misc.Unsafe.park(Native Method)
        at java.util.concurrent.locks.LockSupport.parkNanos(LockSupport.java:215)
        at java.util.concurrent.locks.AbstractQueuedSynchronizer$ConditionObject.awaitNanos(AbstractQueuedSynchronizer.java:2083)
        at org.apache.ratis.util.DataBlockingQueue.poll(DataBlockingQueue.java:148)
        at org.apache.ratis.server.raftlog.segmented.SegmentedRaftLogWorker.run(SegmentedRaftLogWorker.java:301)
        at org.apache.ratis.server.raftlog.segmented.SegmentedRaftLogWorker$$Lambda$564/368003876.run(Unknown Source)
        at java.lang.Thread.run(Thread.java:750)
"qtp2008534116-230-acceptor-0@1020b0c7-ServerConnector@14c4adab{HTTP/1.1, (http/1.1)}{0.0.0.0:36207}" daemon prio=3 tid=230 runnable
java.lang.Thread.State: RUNNABLE
        at sun.nio.ch.ServerSocketChannelImpl.accept0(Native Method)
        at sun.nio.ch.ServerSocketChannelImpl.accept(ServerSocketChannelImpl.java:421)
        at sun.nio.ch.ServerSocketChannelImpl.accept(ServerSocketChannelImpl.java:249)
        at org.eclipse.jetty.server.ServerConnector.accept(ServerConnector.java:388)
        at org.eclipse.jetty.server.AbstractConnector$Acceptor.run(AbstractConnector.java:702)
        at org.eclipse.jetty.util.thread.QueuedThreadPool.runJob(QueuedThreadPool.java:883)
        at org.eclipse.jetty.util.thread.QueuedThreadPool$Runner.run(QueuedThreadPool.java:1034)
        at java.lang.Thread.run(Thread.java:750)
"StaleRecoveringContainerScrubbingService#3" daemon prio=5 tid=774 in Object.wait()
java.lang.Thread.State: WAITING (on object monitor)
        at sun.misc.Unsafe.park(Native Method)
        at java.util.concurrent.locks.LockSupport.park(LockSupport.java:175)
        at java.util.concurrent.locks.AbstractQueuedSynchronizer$ConditionObject.await(AbstractQueuedSynchronizer.java:2044)
        at java.util.concurrent.ScheduledThreadPoolExecutor$DelayedWorkQueue.take(ScheduledThreadPoolExecutor.java:1088)
        at java.util.concurrent.ScheduledThreadPoolExecutor$DelayedWorkQueue.take(ScheduledThreadPoolExecutor.java:809)
        at java.util.concurrent.ThreadPoolExecutor.getTask(ThreadPoolExecutor.java:1074)
        at java.util.concurrent.ThreadPoolExecutor.runWorker(ThreadPoolExecutor.java:1134)
        at java.util.concurrent.ThreadPoolExecutor$Worker.run(ThreadPoolExecutor.java:624)
        at java.lang.Thread.run(Thread.java:750)
"EventQueue-NodeRegistrationContainerReportForDataNodeSafeModeRule" daemon prio=5 tid=362 in Object.wait()
java.lang.Thread.State: WAITING (on object monitor)
        at sun.misc.Unsafe.park(Native Method)
        at java.util.concurrent.locks.LockSupport.park(LockSupport.java:175)
        at java.util.concurrent.locks.AbstractQueuedSynchronizer$ConditionObject.await(AbstractQueuedSynchronizer.java:2044)
        at java.util.concurrent.LinkedBlockingQueue.take(LinkedBlockingQueue.java:442)
        at java.util.concurrent.ThreadPoolExecutor.getTask(ThreadPoolExecutor.java:1074)
        at java.util.concurrent.ThreadPoolExecutor.runWorker(ThreadPoolExecutor.java:1134)
        at java.util.concurrent.ThreadPoolExecutor$Worker.run(ThreadPoolExecutor.java:624)
        at java.lang.Thread.run(Thread.java:750)
"Datanode ReportManager Thread - 3" daemon prio=5 tid=268 timed_waiting
java.lang.Thread.State: TIMED_WAITING
        at sun.misc.Unsafe.park(Native Method)
        at java.util.concurrent.locks.LockSupport.parkNanos(LockSupport.java:215)
        at java.util.concurrent.locks.AbstractQueuedSynchronizer$ConditionObject.awaitNanos(AbstractQueuedSynchronizer.java:2083)
        at java.util.concurrent.ScheduledThreadPoolExecutor$DelayedWorkQueue.take(ScheduledThreadPoolExecutor.java:1093)
        at java.util.concurrent.ScheduledThreadPoolExecutor$DelayedWorkQueue.take(ScheduledThreadPoolExecutor.java:809)
        at java.util.concurrent.ThreadPoolExecutor.getTask(ThreadPoolExecutor.java:1074)
        at java.util.concurrent.ThreadPoolExecutor.runWorker(ThreadPoolExecutor.java:1134)
        at java.util.concurrent.ThreadPoolExecutor$Worker.run(ThreadPoolExecutor.java:624)
        at java.lang.Thread.run(Thread.java:750)
"qtp378845707-284" daemon prio=5 tid=284 timed_waiting
java.lang.Thread.State: TIMED_WAITING
        at sun.misc.Unsafe.park(Native Method)
        at java.util.concurrent.locks.LockSupport.parkNanos(LockSupport.java:215)
        at java.util.concurrent.locks.AbstractQueuedSynchronizer$ConditionObject.awaitNanos(AbstractQueuedSynchronizer.java:2083)
        at org.eclipse.jetty.util.BlockingArrayQueue.poll(BlockingArrayQueue.java:382)
        at org.eclipse.jetty.util.thread.QueuedThreadPool$Runner.idleJobPoll(QueuedThreadPool.java:974)
        at org.eclipse.jetty.util.thread.QueuedThreadPool$Runner.run(QueuedThreadPool.java:1018)
        at java.lang.Thread.run(Thread.java:750)
"Timer for 'StorageContainerManager' metrics system" daemon prio=5 tid=35 timed_waiting
java.lang.Thread.State: TIMED_WAITING
        at java.lang.Object.wait(Native Method)
        at java.util.TimerThread.mainLoop(Timer.java:552)
        at java.util.TimerThread.run(Timer.java:505)
"pool-73-thread-1"  prio=5 tid=371 in Object.wait()
java.lang.Thread.State: WAITING (on object monitor)
        at sun.misc.Unsafe.park(Native Method)
        at java.util.concurrent.locks.LockSupport.park(LockSupport.java:175)
        at java.util.concurrent.locks.AbstractQueuedSynchronizer$ConditionObject.await(AbstractQueuedSynchronizer.java:2044)
        at java.util.concurrent.LinkedBlockingQueue.take(LinkedBlockingQueue.java:442)
        at java.util.concurrent.ThreadPoolExecutor.getTask(ThreadPoolExecutor.java:1074)
        at java.util.concurrent.ThreadPoolExecutor.runWorker(ThreadPoolExecutor.java:1134)
        at java.util.concurrent.ThreadPoolExecutor$Worker.run(ThreadPoolExecutor.java:624)
        at java.lang.Thread.run(Thread.java:750)
"EndpointStateMachine task thread for /0.0.0.0:38769 - 0 "  prio=5 tid=313 in Object.wait()
java.lang.Thread.State: WAITING (on object monitor)
        at sun.misc.Unsafe.park(Native Method)
        at java.util.concurrent.locks.LockSupport.park(LockSupport.java:175)
        at java.util.concurrent.locks.AbstractQueuedSynchronizer$ConditionObject.await(AbstractQueuedSynchronizer.java:2044)
        at java.util.concurrent.LinkedBlockingQueue.take(LinkedBlockingQueue.java:442)
        at java.util.concurrent.ThreadPoolExecutor.getTask(ThreadPoolExecutor.java:1074)
        at java.util.concurrent.ThreadPoolExecutor.runWorker(ThreadPoolExecutor.java:1134)
        at java.util.concurrent.ThreadPoolExecutor$Worker.run(ThreadPoolExecutor.java:624)
        at java.lang.Thread.run(Thread.java:750)
"BlockDeletingService#1" daemon prio=5 tid=311 in Object.wait()
java.lang.Thread.State: WAITING (on object monitor)
        at sun.misc.Unsafe.park(Native Method)
        at java.util.concurrent.locks.LockSupport.park(LockSupport.java:175)
        at java.util.concurrent.locks.AbstractQueuedSynchronizer$ConditionObject.await(AbstractQueuedSynchronizer.java:2044)
        at java.util.concurrent.ScheduledThreadPoolExecutor$DelayedWorkQueue.take(ScheduledThreadPoolExecutor.java:1088)
        at java.util.concurrent.ScheduledThreadPoolExecutor$DelayedWorkQueue.take(ScheduledThreadPoolExecutor.java:809)
        at java.util.concurrent.ThreadPoolExecutor.getTask(ThreadPoolExecutor.java:1074)
        at java.util.concurrent.ThreadPoolExecutor.runWorker(ThreadPoolExecutor.java:1134)
        at java.util.concurrent.ThreadPoolExecutor$Worker.run(ThreadPoolExecutor.java:624)
        at java.lang.Thread.run(Thread.java:750)
"org.apache.ratis.util.JvmPauseMonitor$$Lambda$636/263158265@2c1e5e2b" daemon prio=5 tid=306 timed_waiting
java.lang.Thread.State: TIMED_WAITING
        at java.lang.Thread.sleep(Native Method)
        at java.lang.Thread.sleep(Thread.java:342)
        at java.util.concurrent.TimeUnit.sleep(TimeUnit.java:386)
        at org.apache.ratis.util.TimeDuration.sleep(TimeDuration.java:325)
        at org.apache.ratis.util.TimeDuration.sleep(TimeDuration.java:310)
        at org.apache.ratis.util.JvmPauseMonitor.detectPause(JvmPauseMonitor.java:117)
        at org.apache.ratis.util.JvmPauseMonitor.run(JvmPauseMonitor.java:106)
        at org.apache.ratis.util.JvmPauseMonitor$$Lambda$636/263158265.run(Unknown Source)
        at java.lang.Thread.run(Thread.java:750)
"IPC Server handler 6 on default port 46487" daemon prio=5 tid=150 timed_waiting
java.lang.Thread.State: TIMED_WAITING
        at sun.misc.Unsafe.park(Native Method)
        at java.util.concurrent.locks.LockSupport.parkNanos(LockSupport.java:215)
        at java.util.concurrent.locks.AbstractQueuedSynchronizer$ConditionObject.awaitNanos(AbstractQueuedSynchronizer.java:2083)
        at java.util.concurrent.LinkedBlockingQueue.poll(LinkedBlockingQueue.java:467)
        at org.apache.hadoop.ipc.CallQueueManager.take(CallQueueManager.java:317)
        at org.apache.hadoop.ipc.Server$Handler.run(Server.java:2932)
"IPC Server handler 14 on default port 37253" daemon prio=5 tid=71 timed_waiting
java.lang.Thread.State: TIMED_WAITING
        at sun.misc.Unsafe.park(Native Method)
        at java.util.concurrent.locks.LockSupport.parkNanos(LockSupport.java:215)
        at java.util.concurrent.locks.AbstractQueuedSynchronizer$ConditionObject.awaitNanos(AbstractQueuedSynchronizer.java:2083)
        at java.util.concurrent.LinkedBlockingQueue.poll(LinkedBlockingQueue.java:467)
        at org.apache.hadoop.ipc.CallQueueManager.take(CallQueueManager.java:317)
        at org.apache.hadoop.ipc.Server$Handler.run(Server.java:2932)
"BlockDeletingService#2" daemon prio=5 tid=669 in Object.wait()
java.lang.Thread.State: WAITING (on object monitor)
        at sun.misc.Unsafe.park(Native Method)
        at java.util.concurrent.locks.LockSupport.park(LockSupport.java:175)
        at java.util.concurrent.locks.AbstractQueuedSynchronizer$ConditionObject.await(AbstractQueuedSynchronizer.java:2044)
        at java.util.concurrent.ScheduledThreadPoolExecutor$DelayedWorkQueue.take(ScheduledThreadPoolExecutor.java:1088)
        at java.util.concurrent.ScheduledThreadPoolExecutor$DelayedWorkQueue.take(ScheduledThreadPoolExecutor.java:809)
        at java.util.concurrent.ThreadPoolExecutor.getTask(ThreadPoolExecutor.java:1074)
        at java.util.concurrent.ThreadPoolExecutor.runWorker(ThreadPoolExecutor.java:1134)
        at java.util.concurrent.ThreadPoolExecutor$Worker.run(ThreadPoolExecutor.java:624)
        at java.lang.Thread.run(Thread.java:750)
"ChunkWriter-3-0" daemon prio=5 tid=329 in Object.wait()
java.lang.Thread.State: WAITING (on object monitor)
        at sun.misc.Unsafe.park(Native Method)
        at java.util.concurrent.locks.LockSupport.park(LockSupport.java:175)
        at java.util.concurrent.locks.AbstractQueuedSynchronizer$ConditionObject.await(AbstractQueuedSynchronizer.java:2044)
        at java.util.concurrent.LinkedBlockingDeque.takeFirst(LinkedBlockingDeque.java:492)
        at java.util.concurrent.LinkedBlockingDeque.take(LinkedBlockingDeque.java:680)
        at java.util.concurrent.ThreadPoolExecutor.getTask(ThreadPoolExecutor.java:1074)
        at java.util.concurrent.ThreadPoolExecutor.runWorker(ThreadPoolExecutor.java:1134)
        at java.util.concurrent.ThreadPoolExecutor$Worker.run(ThreadPoolExecutor.java:624)
        at java.lang.Thread.run(Thread.java:750)
"grpc-default-boss-ELG-1-1" daemon prio=5 tid=128 runnable
java.lang.Thread.State: RUNNABLE
        at org.apache.ratis.thirdparty.io.netty.channel.epoll.Native.epollWait(Native Method)
        at org.apache.ratis.thirdparty.io.netty.channel.epoll.Native.epollWait(Native.java:193)
        at org.apache.ratis.thirdparty.io.netty.channel.epoll.Native.epollWait(Native.java:186)
        at org.apache.ratis.thirdparty.io.netty.channel.epoll.EpollEventLoop.epollWaitNoTimerChange(EpollEventLoop.java:290)
        at org.apache.ratis.thirdparty.io.netty.channel.epoll.EpollEventLoop.run(EpollEventLoop.java:347)
        at org.apache.ratis.thirdparty.io.netty.util.concurrent.SingleThreadEventExecutor$4.run(SingleThreadEventExecutor.java:986)
        at org.apache.ratis.thirdparty.io.netty.util.internal.ThreadExecutorMap$2.run(ThreadExecutorMap.java:74)
        at org.apache.ratis.thirdparty.io.netty.util.concurrent.FastThreadLocalRunnable.run(FastThreadLocalRunnable.java:30)
        at java.lang.Thread.run(Thread.java:750)
"pool-105-thread-1"  prio=5 tid=202 timed_waiting
java.lang.Thread.State: TIMED_WAITING
        at sun.misc.Unsafe.park(Native Method)
        at java.util.concurrent.locks.LockSupport.parkNanos(LockSupport.java:215)
        at java.util.concurrent.locks.AbstractQueuedSynchronizer$ConditionObject.awaitNanos(AbstractQueuedSynchronizer.java:2083)
        at java.util.concurrent.ScheduledThreadPoolExecutor$DelayedWorkQueue.take(ScheduledThreadPoolExecutor.java:1093)
        at java.util.concurrent.ScheduledThreadPoolExecutor$DelayedWorkQueue.take(ScheduledThreadPoolExecutor.java:809)
        at java.util.concurrent.ThreadPoolExecutor.getTask(ThreadPoolExecutor.java:1074)
        at java.util.concurrent.ThreadPoolExecutor.runWorker(ThreadPoolExecutor.java:1134)
        at java.util.concurrent.ThreadPoolExecutor$Worker.run(ThreadPoolExecutor.java:624)
        at java.lang.Thread.run(Thread.java:750)
"Datanode ReportManager Thread - 2" daemon prio=5 tid=215 timed_waiting
java.lang.Thread.State: TIMED_WAITING
        at sun.misc.Unsafe.park(Native Method)
        at java.util.concurrent.locks.LockSupport.parkNanos(LockSupport.java:215)
        at java.util.concurrent.locks.AbstractQueuedSynchronizer$ConditionObject.awaitNanos(AbstractQueuedSynchronizer.java:2083)
        at java.util.concurrent.ScheduledThreadPoolExecutor$DelayedWorkQueue.take(ScheduledThreadPoolExecutor.java:1093)
        at java.util.concurrent.ScheduledThreadPoolExecutor$DelayedWorkQueue.take(ScheduledThreadPoolExecutor.java:809)
        at java.util.concurrent.ThreadPoolExecutor.getTask(ThreadPoolExecutor.java:1074)
        at java.util.concurrent.ThreadPoolExecutor.runWorker(ThreadPoolExecutor.java:1134)
        at java.util.concurrent.ThreadPoolExecutor$Worker.run(ThreadPoolExecutor.java:624)
        at java.lang.Thread.run(Thread.java:750)
"IPC Server handler 7 on default port 46487" daemon prio=5 tid=151 timed_waiting
java.lang.Thread.State: TIMED_WAITING
        at sun.misc.Unsafe.park(Native Method)
        at java.util.concurrent.locks.LockSupport.parkNanos(LockSupport.java:215)
        at java.util.concurrent.locks.AbstractQueuedSynchronizer$ConditionObject.awaitNanos(AbstractQueuedSynchronizer.java:2083)
        at java.util.concurrent.LinkedBlockingQueue.poll(LinkedBlockingQueue.java:467)
        at org.apache.hadoop.ipc.CallQueueManager.take(CallQueueManager.java:317)
        at org.apache.hadoop.ipc.Server$Handler.run(Server.java:2932)
"Session-HouseKeeper-75319fd4-1"  prio=5 tid=289 timed_waiting
java.lang.Thread.State: TIMED_WAITING
        at sun.misc.Unsafe.park(Native Method)
        at java.util.concurrent.locks.LockSupport.parkNanos(LockSupport.java:215)
        at java.util.concurrent.locks.AbstractQueuedSynchronizer$ConditionObject.awaitNanos(AbstractQueuedSynchronizer.java:2083)
        at java.util.concurrent.ScheduledThreadPoolExecutor$DelayedWorkQueue.take(ScheduledThreadPoolExecutor.java:1093)
        at java.util.concurrent.ScheduledThreadPoolExecutor$DelayedWorkQueue.take(ScheduledThreadPoolExecutor.java:809)
        at java.util.concurrent.ThreadPoolExecutor.getTask(ThreadPoolExecutor.java:1074)
        at java.util.concurrent.ThreadPoolExecutor.runWorker(ThreadPoolExecutor.java:1134)
        at java.util.concurrent.ThreadPoolExecutor$Worker.run(ThreadPoolExecutor.java:624)
        at java.lang.Thread.run(Thread.java:750)
"IPC Server handler 5 on default port 46487" daemon prio=5 tid=149 timed_waiting
java.lang.Thread.State: TIMED_WAITING
        at sun.misc.Unsafe.park(Native Method)
        at java.util.concurrent.locks.LockSupport.parkNanos(LockSupport.java:215)
        at java.util.concurrent.locks.AbstractQueuedSynchronizer$ConditionObject.awaitNanos(AbstractQueuedSynchronizer.java:2083)
        at java.util.concurrent.LinkedBlockingQueue.poll(LinkedBlockingQueue.java:467)
        at org.apache.hadoop.ipc.CallQueueManager.take(CallQueueManager.java:317)
        at org.apache.hadoop.ipc.Server$Handler.run(Server.java:2932)
"pool-60-thread-1"  prio=5 tid=583 in Object.wait()
java.lang.Thread.State: WAITING (on object monitor)
        at sun.misc.Unsafe.park(Native Method)
        at java.util.concurrent.locks.LockSupport.park(LockSupport.java:175)
        at java.util.concurrent.locks.AbstractQueuedSynchronizer$ConditionObject.await(AbstractQueuedSynchronizer.java:2044)
        at java.util.concurrent.ArrayBlockingQueue.take(ArrayBlockingQueue.java:403)
        at java.util.concurrent.ThreadPoolExecutor.getTask(ThreadPoolExecutor.java:1074)
        at java.util.concurrent.ThreadPoolExecutor.runWorker(ThreadPoolExecutor.java:1134)
        at java.util.concurrent.ThreadPoolExecutor$Worker.run(ThreadPoolExecutor.java:624)
        at java.lang.Thread.run(Thread.java:750)
"java.util.concurrent.ThreadPoolExecutor$Worker@79008658[State = -1, empty queue]" daemon prio=5 tid=464 timed_waiting
java.lang.Thread.State: TIMED_WAITING
        at sun.misc.Unsafe.park(Native Method)
        at java.util.concurrent.locks.LockSupport.parkNanos(LockSupport.java:215)
        at java.util.concurrent.locks.AbstractQueuedSynchronizer$ConditionObject.awaitNanos(AbstractQueuedSynchronizer.java:2083)
        at java.util.concurrent.ScheduledThreadPoolExecutor$DelayedWorkQueue.take(ScheduledThreadPoolExecutor.java:1093)
        at java.util.concurrent.ScheduledThreadPoolExecutor$DelayedWorkQueue.take(ScheduledThreadPoolExecutor.java:809)
        at java.util.concurrent.ThreadPoolExecutor.getTask(ThreadPoolExecutor.java:1074)
        at java.util.concurrent.ThreadPoolExecutor.runWorker(ThreadPoolExecutor.java:1134)
        at java.util.concurrent.ThreadPoolExecutor$Worker.run(ThreadPoolExecutor.java:624)
        at java.lang.Thread.run(Thread.java:750)
"Datanode ReportManager Thread - 3" daemon prio=5 tid=294 in Object.wait()
java.lang.Thread.State: WAITING (on object monitor)
        at sun.misc.Unsafe.park(Native Method)
        at java.util.concurrent.locks.LockSupport.park(LockSupport.java:175)
        at java.util.concurrent.locks.AbstractQueuedSynchronizer$ConditionObject.await(AbstractQueuedSynchronizer.java:2044)
        at java.util.concurrent.ScheduledThreadPoolExecutor$DelayedWorkQueue.take(ScheduledThreadPoolExecutor.java:1088)
        at java.util.concurrent.ScheduledThreadPoolExecutor$DelayedWorkQueue.take(ScheduledThreadPoolExecutor.java:809)
        at java.util.concurrent.ThreadPoolExecutor.getTask(ThreadPoolExecutor.java:1074)
        at java.util.concurrent.ThreadPoolExecutor.runWorker(ThreadPoolExecutor.java:1134)
        at java.util.concurrent.ThreadPoolExecutor$Worker.run(ThreadPoolExecutor.java:624)
        at java.lang.Thread.run(Thread.java:750)
"Command processor thread" daemon prio=5 tid=296 timed_waiting
java.lang.Thread.State: TIMED_WAITING
        at java.lang.Thread.sleep(Native Method)
        at org.apache.hadoop.ozone.container.common.statemachine.DatanodeStateMachine.lambda$initCommandHandlerThread$3(DatanodeStateMachine.java:628)
        at org.apache.hadoop.ozone.container.common.statemachine.DatanodeStateMachine$$Lambda$749/1174532311.run(Unknown Source)
        at java.lang.Thread.run(Thread.java:750)
"qtp1202765820-179" daemon prio=5 tid=179 timed_waiting
java.lang.Thread.State: TIMED_WAITING
        at sun.misc.Unsafe.park(Native Method)
        at java.util.concurrent.locks.LockSupport.parkNanos(LockSupport.java:215)
        at java.util.concurrent.locks.AbstractQueuedSynchronizer$ConditionObject.awaitNanos(AbstractQueuedSynchronizer.java:2083)
        at org.eclipse.jetty.util.BlockingArrayQueue.poll(BlockingArrayQueue.java:382)
        at org.eclipse.jetty.util.thread.QueuedThreadPool$Runner.idleJobPoll(QueuedThreadPool.java:974)
        at org.eclipse.jetty.util.thread.QueuedThreadPool$Runner.run(QueuedThreadPool.java:1018)
        at java.lang.Thread.run(Thread.java:750)
"Session-HouseKeeper-33a58fcb-1"  prio=5 tid=108 timed_waiting
java.lang.Thread.State: TIMED_WAITING
        at sun.misc.Unsafe.park(Native Method)
        at java.util.concurrent.locks.LockSupport.parkNanos(LockSupport.java:215)
        at java.util.concurrent.locks.AbstractQueuedSynchronizer$ConditionObject.awaitNanos(AbstractQueuedSynchronizer.java:2083)
        at java.util.concurrent.ScheduledThreadPoolExecutor$DelayedWorkQueue.take(ScheduledThreadPoolExecutor.java:1093)
        at java.util.concurrent.ScheduledThreadPoolExecutor$DelayedWorkQueue.take(ScheduledThreadPoolExecutor.java:809)
        at java.util.concurrent.ThreadPoolExecutor.getTask(ThreadPoolExecutor.java:1074)
        at java.util.concurrent.ThreadPoolExecutor.runWorker(ThreadPoolExecutor.java:1134)
        at java.util.concurrent.ThreadPoolExecutor$Worker.run(ThreadPoolExecutor.java:624)
        at java.lang.Thread.run(Thread.java:750)
"IPC Server idle connection scanner for port 41569" daemon prio=5 tid=33 timed_waiting
java.lang.Thread.State: TIMED_WAITING
        at java.lang.Object.wait(Native Method)
        at java.util.TimerThread.mainLoop(Timer.java:552)
        at java.util.TimerThread.run(Timer.java:505)
"IPC Server handler 10 on default port 41569" daemon prio=5 tid=47 timed_waiting
java.lang.Thread.State: TIMED_WAITING
        at sun.misc.Unsafe.park(Native Method)
        at java.util.concurrent.locks.LockSupport.parkNanos(LockSupport.java:215)
        at java.util.concurrent.locks.AbstractQueuedSynchronizer$ConditionObject.awaitNanos(AbstractQueuedSynchronizer.java:2083)
        at java.util.concurrent.LinkedBlockingQueue.poll(LinkedBlockingQueue.java:467)
        at org.apache.hadoop.ipc.CallQueueManager.take(CallQueueManager.java:317)
        at org.apache.hadoop.ipc.Server$Handler.run(Server.java:2932)
"CommandWatcher-LeaseManager#LeaseMonitor" daemon prio=5 tid=36 timed_waiting
java.lang.Thread.State: TIMED_WAITING
        at java.lang.Object.wait(Native Method)
        at org.apache.hadoop.ozone.lease.LeaseManager$LeaseMonitor.run(LeaseManager.java:238)
        at java.lang.Thread.run(Thread.java:750)
"ContainerOp-f82f5b97-17e3-4dda-ae22-2fbc0bccceed-2"  prio=5 tid=513 in Object.wait()
java.lang.Thread.State: WAITING (on object monitor)
        at sun.misc.Unsafe.park(Native Method)
        at java.util.concurrent.locks.LockSupport.park(LockSupport.java:175)
        at java.util.concurrent.locks.AbstractQueuedSynchronizer$ConditionObject.await(AbstractQueuedSynchronizer.java:2044)
        at java.util.concurrent.LinkedBlockingQueue.take(LinkedBlockingQueue.java:442)
        at java.util.concurrent.ThreadPoolExecutor.getTask(ThreadPoolExecutor.java:1074)
        at java.util.concurrent.ThreadPoolExecutor.runWorker(ThreadPoolExecutor.java:1134)
        at java.util.concurrent.ThreadPoolExecutor$Worker.run(ThreadPoolExecutor.java:624)
        at java.lang.Thread.run(Thread.java:750)
"SCM Heartbeat Processing Thread - 0" daemon prio=5 tid=14 timed_waiting
java.lang.Thread.State: TIMED_WAITING
        at sun.misc.Unsafe.park(Native Method)
        at java.util.concurrent.locks.LockSupport.parkNanos(LockSupport.java:215)
        at java.util.concurrent.locks.AbstractQueuedSynchronizer$ConditionObject.awaitNanos(AbstractQueuedSynchronizer.java:2083)
        at java.util.concurrent.ScheduledThreadPoolExecutor$DelayedWorkQueue.take(ScheduledThreadPoolExecutor.java:1093)
        at java.util.concurrent.ScheduledThreadPoolExecutor$DelayedWorkQueue.take(ScheduledThreadPoolExecutor.java:809)
        at java.util.concurrent.ThreadPoolExecutor.getTask(ThreadPoolExecutor.java:1074)
        at java.util.concurrent.ThreadPoolExecutor.runWorker(ThreadPoolExecutor.java:1134)
        at java.util.concurrent.ThreadPoolExecutor$Worker.run(ThreadPoolExecutor.java:624)
        at java.lang.Thread.run(Thread.java:750)
"EventQueue-NodeRegistrationContainerReportForContainerSafeModeRule" daemon prio=5 tid=363 in Object.wait()
java.lang.Thread.State: WAITING (on object monitor)
        at sun.misc.Unsafe.park(Native Method)
        at java.util.concurrent.locks.LockSupport.park(LockSupport.java:175)
        at java.util.concurrent.locks.AbstractQueuedSynchronizer$ConditionObject.await(AbstractQueuedSynchronizer.java:2044)
        at java.util.concurrent.LinkedBlockingQueue.take(LinkedBlockingQueue.java:442)
        at java.util.concurrent.ThreadPoolExecutor.getTask(ThreadPoolExecutor.java:1074)
        at java.util.concurrent.ThreadPoolExecutor.runWorker(ThreadPoolExecutor.java:1134)
        at java.util.concurrent.ThreadPoolExecutor$Worker.run(ThreadPoolExecutor.java:624)
        at java.lang.Thread.run(Thread.java:750)
"ContainerOp-f82f5b97-17e3-4dda-ae22-2fbc0bccceed-7"  prio=5 tid=553 in Object.wait()
java.lang.Thread.State: WAITING (on object monitor)
        at sun.misc.Unsafe.park(Native Method)
        at java.util.concurrent.locks.LockSupport.park(LockSupport.java:175)
        at java.util.concurrent.locks.AbstractQueuedSynchronizer$ConditionObject.await(AbstractQueuedSynchronizer.java:2044)
        at java.util.concurrent.LinkedBlockingQueue.take(LinkedBlockingQueue.java:442)
        at java.util.concurrent.ThreadPoolExecutor.getTask(ThreadPoolExecutor.java:1074)
        at java.util.concurrent.ThreadPoolExecutor.runWorker(ThreadPoolExecutor.java:1134)
        at java.util.concurrent.ThreadPoolExecutor$Worker.run(ThreadPoolExecutor.java:624)
        at java.lang.Thread.run(Thread.java:750)
"StaleRecoveringContainerScrubbingService#1" daemon prio=5 tid=335 in Object.wait()
java.lang.Thread.State: WAITING (on object monitor)
        at sun.misc.Unsafe.park(Native Method)
        at java.util.concurrent.locks.LockSupport.park(LockSupport.java:175)
        at java.util.concurrent.locks.AbstractQueuedSynchronizer$ConditionObject.await(AbstractQueuedSynchronizer.java:2044)
        at java.util.concurrent.ScheduledThreadPoolExecutor$DelayedWorkQueue.take(ScheduledThreadPoolExecutor.java:1088)
        at java.util.concurrent.ScheduledThreadPoolExecutor$DelayedWorkQueue.take(ScheduledThreadPoolExecutor.java:809)
        at java.util.concurrent.ThreadPoolExecutor.getTask(ThreadPoolExecutor.java:1074)
        at java.util.concurrent.ThreadPoolExecutor.runWorker(ThreadPoolExecutor.java:1134)
        at java.util.concurrent.ThreadPoolExecutor$Worker.run(ThreadPoolExecutor.java:624)
        at java.lang.Thread.run(Thread.java:750)
"ChunkWriter-1-0" daemon prio=5 tid=315 in Object.wait()
java.lang.Thread.State: WAITING (on object monitor)
        at sun.misc.Unsafe.park(Native Method)
        at java.util.concurrent.locks.LockSupport.park(LockSupport.java:175)
        at java.util.concurrent.locks.AbstractQueuedSynchronizer$ConditionObject.await(AbstractQueuedSynchronizer.java:2044)
        at java.util.concurrent.LinkedBlockingDeque.takeFirst(LinkedBlockingDeque.java:492)
        at java.util.concurrent.LinkedBlockingDeque.take(LinkedBlockingDeque.java:680)
        at java.util.concurrent.ThreadPoolExecutor.getTask(ThreadPoolExecutor.java:1074)
        at java.util.concurrent.ThreadPoolExecutor.runWorker(ThreadPoolExecutor.java:1134)
        at java.util.concurrent.ThreadPoolExecutor$Worker.run(ThreadPoolExecutor.java:624)
        at java.lang.Thread.run(Thread.java:750)
"IPC Server handler 15 on default port 38769" daemon prio=5 tid=92 timed_waiting
java.lang.Thread.State: TIMED_WAITING
        at sun.misc.Unsafe.park(Native Method)
        at java.util.concurrent.locks.LockSupport.parkNanos(LockSupport.java:215)
        at java.util.concurrent.locks.AbstractQueuedSynchronizer$ConditionObject.awaitNanos(AbstractQueuedSynchronizer.java:2083)
        at java.util.concurrent.LinkedBlockingQueue.poll(LinkedBlockingQueue.java:467)
        at org.apache.hadoop.ipc.CallQueueManager.take(CallQueueManager.java:317)
        at org.apache.hadoop.ipc.Server$Handler.run(Server.java:2932)
"qtp1437401449-260" daemon prio=5 tid=260 timed_waiting
java.lang.Thread.State: TIMED_WAITING
        at sun.misc.Unsafe.park(Native Method)
        at java.util.concurrent.locks.LockSupport.parkNanos(LockSupport.java:215)
        at java.util.concurrent.locks.AbstractQueuedSynchronizer$ConditionObject.awaitNanos(AbstractQueuedSynchronizer.java:2083)
        at org.eclipse.jetty.util.BlockingArrayQueue.poll(BlockingArrayQueue.java:382)
        at org.eclipse.jetty.util.thread.QueuedThreadPool$Runner.idleJobPoll(QueuedThreadPool.java:974)
        at org.eclipse.jetty.util.thread.QueuedThreadPool$Runner.run(QueuedThreadPool.java:1018)
        at java.lang.Thread.run(Thread.java:750)
"Datanode ReportManager Thread - 1" daemon prio=5 tid=266 in Object.wait()
java.lang.Thread.State: WAITING (on object monitor)
        at sun.misc.Unsafe.park(Native Method)
        at java.util.concurrent.locks.LockSupport.park(LockSupport.java:175)
        at java.util.concurrent.locks.AbstractQueuedSynchronizer$ConditionObject.await(AbstractQueuedSynchronizer.java:2044)
        at java.util.concurrent.ScheduledThreadPoolExecutor$DelayedWorkQueue.take(ScheduledThreadPoolExecutor.java:1088)
        at java.util.concurrent.ScheduledThreadPoolExecutor$DelayedWorkQueue.take(ScheduledThreadPoolExecutor.java:809)
        at java.util.concurrent.ThreadPoolExecutor.getTask(ThreadPoolExecutor.java:1074)
        at java.util.concurrent.ThreadPoolExecutor.runWorker(ThreadPoolExecutor.java:1134)
        at java.util.concurrent.ThreadPoolExecutor$Worker.run(ThreadPoolExecutor.java:624)
        at java.lang.Thread.run(Thread.java:750)
"org.apache.hadoop.ozone.container.common.statemachine.commandhandler.DeleteBlocksCommandHandler$DeleteCmdWorker@43741fbb" daemon prio=5 tid=227 timed_waiting
java.lang.Thread.State: TIMED_WAITING
        at java.lang.Thread.sleep(Native Method)
        at org.apache.hadoop.ozone.container.common.statemachine.commandhandler.DeleteBlocksCommandHandler$DeleteCmdWorker.run(DeleteBlocksCommandHandler.java:183)
        at java.lang.Thread.run(Thread.java:750)
"qtp1437401449-258" daemon prio=5 tid=258 timed_waiting
java.lang.Thread.State: TIMED_WAITING
        at sun.misc.Unsafe.park(Native Method)
        at java.util.concurrent.locks.LockSupport.parkNanos(LockSupport.java:215)
        at java.util.concurrent.locks.AbstractQueuedSynchronizer$ConditionObject.awaitNanos(AbstractQueuedSynchronizer.java:2083)
        at org.eclipse.jetty.util.BlockingArrayQueue.poll(BlockingArrayQueue.java:382)
        at org.eclipse.jetty.util.thread.QueuedThreadPool$Runner.idleJobPoll(QueuedThreadPool.java:974)
        at org.eclipse.jetty.util.thread.QueuedThreadPool$Runner.run(QueuedThreadPool.java:1018)
        at java.lang.Thread.run(Thread.java:750)
"0107e4a3-a143-43a9-8f78-9a758939e307@group-07A4CFFA639C-SegmentedRaftLogWorker"  prio=5 tid=418 timed_waiting
java.lang.Thread.State: TIMED_WAITING
        at sun.misc.Unsafe.park(Native Method)
        at java.util.concurrent.locks.LockSupport.parkNanos(LockSupport.java:215)
        at java.util.concurrent.locks.AbstractQueuedSynchronizer$ConditionObject.awaitNanos(AbstractQueuedSynchronizer.java:2083)
        at org.apache.ratis.util.DataBlockingQueue.poll(DataBlockingQueue.java:148)
        at org.apache.ratis.server.raftlog.segmented.SegmentedRaftLogWorker.run(SegmentedRaftLogWorker.java:301)
        at org.apache.ratis.server.raftlog.segmented.SegmentedRaftLogWorker$$Lambda$564/368003876.run(Unknown Source)
        at java.lang.Thread.run(Thread.java:750)
"pool-151-thread-1"  prio=5 tid=254 timed_waiting
java.lang.Thread.State: TIMED_WAITING
        at sun.misc.Unsafe.park(Native Method)
        at java.util.concurrent.locks.LockSupport.parkNanos(LockSupport.java:215)
        at java.util.concurrent.locks.AbstractQueuedSynchronizer$ConditionObject.awaitNanos(AbstractQueuedSynchronizer.java:2083)
        at java.util.concurrent.ScheduledThreadPoolExecutor$DelayedWorkQueue.take(ScheduledThreadPoolExecutor.java:1093)
        at java.util.concurrent.ScheduledThreadPoolExecutor$DelayedWorkQueue.take(ScheduledThreadPoolExecutor.java:809)
        at java.util.concurrent.ThreadPoolExecutor.getTask(ThreadPoolExecutor.java:1074)
        at java.util.concurrent.ThreadPoolExecutor.runWorker(ThreadPoolExecutor.java:1134)
        at java.util.concurrent.ThreadPoolExecutor$Worker.run(ThreadPoolExecutor.java:624)
        at java.lang.Thread.run(Thread.java:750)
"IPC Server idle connection scanner for port 37253" daemon prio=5 tid=29 timed_waiting
java.lang.Thread.State: TIMED_WAITING
        at java.lang.Object.wait(Native Method)
        at java.util.TimerThread.mainLoop(Timer.java:552)
        at java.util.TimerThread.run(Timer.java:505)
"StaleRecoveringContainerScrubbingService#2" daemon prio=5 tid=670 in Object.wait()
java.lang.Thread.State: WAITING (on object monitor)
        at sun.misc.Unsafe.park(Native Method)
        at java.util.concurrent.locks.LockSupport.park(LockSupport.java:175)
        at java.util.concurrent.locks.AbstractQueuedSynchronizer$ConditionObject.await(AbstractQueuedSynchronizer.java:2044)
        at java.util.concurrent.ScheduledThreadPoolExecutor$DelayedWorkQueue.take(ScheduledThreadPoolExecutor.java:1088)
        at java.util.concurrent.ScheduledThreadPoolExecutor$DelayedWorkQueue.take(ScheduledThreadPoolExecutor.java:809)
        at java.util.concurrent.ThreadPoolExecutor.getTask(ThreadPoolExecutor.java:1074)
        at java.util.concurrent.ThreadPoolExecutor.runWorker(ThreadPoolExecutor.java:1134)
        at java.util.concurrent.ThreadPoolExecutor$Worker.run(ThreadPoolExecutor.java:624)
        at java.lang.Thread.run(Thread.java:750)
"ChunkWriter-2-0" daemon prio=5 tid=328 in Object.wait()
java.lang.Thread.State: WAITING (on object monitor)
        at sun.misc.Unsafe.park(Native Method)
        at java.util.concurrent.locks.LockSupport.park(LockSupport.java:175)
        at java.util.concurrent.locks.AbstractQueuedSynchronizer$ConditionObject.await(AbstractQueuedSynchronizer.java:2044)
        at java.util.concurrent.LinkedBlockingDeque.takeFirst(LinkedBlockingDeque.java:492)
        at java.util.concurrent.LinkedBlockingDeque.take(LinkedBlockingDeque.java:680)
        at java.util.concurrent.ThreadPoolExecutor.getTask(ThreadPoolExecutor.java:1074)
        at java.util.concurrent.ThreadPoolExecutor.runWorker(ThreadPoolExecutor.java:1134)
        at java.util.concurrent.ThreadPoolExecutor$Worker.run(ThreadPoolExecutor.java:624)
        at java.lang.Thread.run(Thread.java:750)
"ContainerOp-f82f5b97-17e3-4dda-ae22-2fbc0bccceed-8"  prio=5 tid=554 in Object.wait()
java.lang.Thread.State: WAITING (on object monitor)
        at sun.misc.Unsafe.park(Native Method)
        at java.util.concurrent.locks.LockSupport.park(LockSupport.java:175)
        at java.util.concurrent.locks.AbstractQueuedSynchronizer$ConditionObject.await(AbstractQueuedSynchronizer.java:2044)
        at java.util.concurrent.LinkedBlockingQueue.take(LinkedBlockingQueue.java:442)
        at java.util.concurrent.ThreadPoolExecutor.getTask(ThreadPoolExecutor.java:1074)
        at java.util.concurrent.ThreadPoolExecutor.runWorker(ThreadPoolExecutor.java:1134)
        at java.util.concurrent.ThreadPoolExecutor$Worker.run(ThreadPoolExecutor.java:624)
        at java.lang.Thread.run(Thread.java:750)
"qtp167993803-205" daemon prio=5 tid=205 timed_waiting
java.lang.Thread.State: TIMED_WAITING
        at sun.misc.Unsafe.park(Native Method)
        at java.util.concurrent.locks.LockSupport.parkNanos(LockSupport.java:215)
        at java.util.concurrent.locks.AbstractQueuedSynchronizer$ConditionObject.awaitNanos(AbstractQueuedSynchronizer.java:2083)
        at org.eclipse.jetty.util.BlockingArrayQueue.poll(BlockingArrayQueue.java:382)
        at org.eclipse.jetty.util.thread.QueuedThreadPool$Runner.idleJobPoll(QueuedThreadPool.java:974)
        at org.eclipse.jetty.util.thread.QueuedThreadPool$Runner.run(QueuedThreadPool.java:1018)
        at java.lang.Thread.run(Thread.java:750)
"RatisPipelineUtilsThread - 0"  prio=5 tid=15 timed_waiting
java.lang.Thread.State: TIMED_WAITING
        at java.lang.Object.wait(Native Method)
        at org.apache.hadoop.hdds.scm.pipeline.BackgroundPipelineCreator.run(BackgroundPipelineCreator.java:176)
        at org.apache.hadoop.hdds.scm.pipeline.BackgroundPipelineCreator$$Lambda$323/775739186.run(Unknown Source)
        at java.lang.Thread.run(Thread.java:750)
"ChunkWriter-1-0" daemon prio=5 tid=351 in Object.wait()
java.lang.Thread.State: WAITING (on object monitor)
        at sun.misc.Unsafe.park(Native Method)
        at java.util.concurrent.locks.LockSupport.park(LockSupport.java:175)
        at java.util.concurrent.locks.AbstractQueuedSynchronizer$ConditionObject.await(AbstractQueuedSynchronizer.java:2044)
        at java.util.concurrent.LinkedBlockingDeque.takeFirst(LinkedBlockingDeque.java:492)
        at java.util.concurrent.LinkedBlockingDeque.take(LinkedBlockingDeque.java:680)
        at java.util.concurrent.ThreadPoolExecutor.getTask(ThreadPoolExecutor.java:1074)
        at java.util.concurrent.ThreadPoolExecutor.runWorker(ThreadPoolExecutor.java:1134)
        at java.util.concurrent.ThreadPoolExecutor$Worker.run(ThreadPoolExecutor.java:624)
        at java.lang.Thread.run(Thread.java:750)
"Datanode ReportManager Thread - 1" daemon prio=5 tid=188 in Object.wait()
java.lang.Thread.State: WAITING (on object monitor)
        at sun.misc.Unsafe.park(Native Method)
        at java.util.concurrent.locks.LockSupport.park(LockSupport.java:175)
        at java.util.concurrent.locks.AbstractQueuedSynchronizer$ConditionObject.await(AbstractQueuedSynchronizer.java:2044)
        at java.util.concurrent.ScheduledThreadPoolExecutor$DelayedWorkQueue.take(ScheduledThreadPoolExecutor.java:1088)
        at java.util.concurrent.ScheduledThreadPoolExecutor$DelayedWorkQueue.take(ScheduledThreadPoolExecutor.java:809)
        at java.util.concurrent.ThreadPoolExecutor.getTask(ThreadPoolExecutor.java:1074)
        at java.util.concurrent.ThreadPoolExecutor.runWorker(ThreadPoolExecutor.java:1134)
        at java.util.concurrent.ThreadPoolExecutor$Worker.run(ThreadPoolExecutor.java:624)
        at java.lang.Thread.run(Thread.java:750)
"pool-60-thread-4"  prio=5 tid=605 in Object.wait()
java.lang.Thread.State: WAITING (on object monitor)
        at sun.misc.Unsafe.park(Native Method)
        at java.util.concurrent.locks.LockSupport.park(LockSupport.java:175)
        at java.util.concurrent.locks.AbstractQueuedSynchronizer$ConditionObject.await(AbstractQueuedSynchronizer.java:2044)
        at java.util.concurrent.ArrayBlockingQueue.take(ArrayBlockingQueue.java:403)
        at java.util.concurrent.ThreadPoolExecutor.getTask(ThreadPoolExecutor.java:1074)
        at java.util.concurrent.ThreadPoolExecutor.runWorker(ThreadPoolExecutor.java:1134)
        at java.util.concurrent.ThreadPoolExecutor$Worker.run(ThreadPoolExecutor.java:624)
        at java.lang.Thread.run(Thread.java:750)
"Datanode State Machine Task Thread - 0"  prio=5 tid=298 in Object.wait()
java.lang.Thread.State: WAITING (on object monitor)
        at sun.misc.Unsafe.park(Native Method)
        at java.util.concurrent.locks.LockSupport.park(LockSupport.java:175)
        at java.util.concurrent.locks.AbstractQueuedSynchronizer$ConditionObject.await(AbstractQueuedSynchronizer.java:2044)
        at java.util.concurrent.LinkedBlockingQueue.take(LinkedBlockingQueue.java:442)
        at java.util.concurrent.ThreadPoolExecutor.getTask(ThreadPoolExecutor.java:1074)
        at java.util.concurrent.ThreadPoolExecutor.runWorker(ThreadPoolExecutor.java:1134)
        at java.util.concurrent.ThreadPoolExecutor$Worker.run(ThreadPoolExecutor.java:624)
        at java.lang.Thread.run(Thread.java:750)
"grpc-default-worker-ELG-3-2" daemon prio=5 tid=381 runnable
java.lang.Thread.State: RUNNABLE
        at org.apache.ratis.thirdparty.io.netty.channel.epoll.Native.epollWait(Native Method)
        at org.apache.ratis.thirdparty.io.netty.channel.epoll.Native.epollWait(Native.java:193)
        at org.apache.ratis.thirdparty.io.netty.channel.epoll.Native.epollWait(Native.java:186)
        at org.apache.ratis.thirdparty.io.netty.channel.epoll.EpollEventLoop.epollWaitNoTimerChange(EpollEventLoop.java:290)
        at org.apache.ratis.thirdparty.io.netty.channel.epoll.EpollEventLoop.run(EpollEventLoop.java:347)
        at org.apache.ratis.thirdparty.io.netty.util.concurrent.SingleThreadEventExecutor$4.run(SingleThreadEventExecutor.java:986)
        at org.apache.ratis.thirdparty.io.netty.util.internal.ThreadExecutorMap$2.run(ThreadExecutorMap.java:74)
        at org.apache.ratis.thirdparty.io.netty.util.concurrent.FastThreadLocalRunnable.run(FastThreadLocalRunnable.java:30)
        at java.lang.Thread.run(Thread.java:750)
"IPC Server handler 12 on default port 37253" daemon prio=5 tid=69 timed_waiting
java.lang.Thread.State: TIMED_WAITING
        at sun.misc.Unsafe.park(Native Method)
        at java.util.concurrent.locks.LockSupport.parkNanos(LockSupport.java:215)
        at java.util.concurrent.locks.AbstractQueuedSynchronizer$ConditionObject.awaitNanos(AbstractQueuedSynchronizer.java:2083)
        at java.util.concurrent.LinkedBlockingQueue.poll(LinkedBlockingQueue.java:467)
        at org.apache.hadoop.ipc.CallQueueManager.take(CallQueueManager.java:317)
        at org.apache.hadoop.ipc.Server$Handler.run(Server.java:2932)
"pool-165-thread-1"  prio=5 tid=421 in Object.wait()
java.lang.Thread.State: WAITING (on object monitor)
        at sun.misc.Unsafe.park(Native Method)
        at java.util.concurrent.locks.LockSupport.park(LockSupport.java:175)
        at java.util.concurrent.locks.AbstractQueuedSynchronizer$ConditionObject.await(AbstractQueuedSynchronizer.java:2044)
        at java.util.concurrent.LinkedBlockingQueue.take(LinkedBlockingQueue.java:442)
        at java.util.concurrent.ThreadPoolExecutor.getTask(ThreadPoolExecutor.java:1074)
        at java.util.concurrent.ThreadPoolExecutor.runWorker(ThreadPoolExecutor.java:1134)
        at java.util.concurrent.ThreadPoolExecutor$Worker.run(ThreadPoolExecutor.java:624)
        at java.lang.Thread.run(Thread.java:750)
"Datanode ReportManager Thread - 4" daemon prio=5 tid=295 in Object.wait()
java.lang.Thread.State: WAITING (on object monitor)
        at sun.misc.Unsafe.park(Native Method)
        at java.util.concurrent.locks.LockSupport.park(LockSupport.java:175)
        at java.util.concurrent.locks.AbstractQueuedSynchronizer$ConditionObject.await(AbstractQueuedSynchronizer.java:2044)
        at java.util.concurrent.ScheduledThreadPoolExecutor$DelayedWorkQueue.take(ScheduledThreadPoolExecutor.java:1088)
        at java.util.concurrent.ScheduledThreadPoolExecutor$DelayedWorkQueue.take(ScheduledThreadPoolExecutor.java:809)
        at java.util.concurrent.ThreadPoolExecutor.getTask(ThreadPoolExecutor.java:1074)
        at java.util.concurrent.ThreadPoolExecutor.runWorker(ThreadPoolExecutor.java:1134)
        at java.util.concurrent.ThreadPoolExecutor$Worker.run(ThreadPoolExecutor.java:624)
        at java.lang.Thread.run(Thread.java:750)
"IPC Server Responder" daemon prio=5 tid=30 runnable
java.lang.Thread.State: RUNNABLE
        at sun.nio.ch.EPollArrayWrapper.epollWait(Native Method)
        at sun.nio.ch.EPollArrayWrapper.poll(EPollArrayWrapper.java:269)
        at sun.nio.ch.EPollSelectorImpl.doSelect(EPollSelectorImpl.java:93)
        at sun.nio.ch.SelectorImpl.lockAndDoSelect(SelectorImpl.java:86)
        at sun.nio.ch.SelectorImpl.select(SelectorImpl.java:97)
        at org.apache.hadoop.ipc.Server$Responder.doRunLoop(Server.java:1527)
        at org.apache.hadoop.ipc.Server$Responder.run(Server.java:1510)
"BlockDeletingService#2" daemon prio=5 tid=676 in Object.wait()
java.lang.Thread.State: WAITING (on object monitor)
        at sun.misc.Unsafe.park(Native Method)
        at java.util.concurrent.locks.LockSupport.park(LockSupport.java:175)
        at java.util.concurrent.locks.AbstractQueuedSynchronizer$ConditionObject.await(AbstractQueuedSynchronizer.java:2044)
        at java.util.concurrent.ScheduledThreadPoolExecutor$DelayedWorkQueue.take(ScheduledThreadPoolExecutor.java:1088)
        at java.util.concurrent.ScheduledThreadPoolExecutor$DelayedWorkQueue.take(ScheduledThreadPoolExecutor.java:809)
        at java.util.concurrent.ThreadPoolExecutor.getTask(ThreadPoolExecutor.java:1074)
        at java.util.concurrent.ThreadPoolExecutor.runWorker(ThreadPoolExecutor.java:1134)
        at java.util.concurrent.ThreadPoolExecutor$Worker.run(ThreadPoolExecutor.java:624)
        at java.lang.Thread.run(Thread.java:750)
"IPC Server handler 9 on default port 46487" daemon prio=5 tid=153 timed_waiting
java.lang.Thread.State: TIMED_WAITING
        at sun.misc.Unsafe.park(Native Method)
        at java.util.concurrent.locks.LockSupport.parkNanos(LockSupport.java:215)
        at java.util.concurrent.locks.AbstractQueuedSynchronizer$ConditionObject.awaitNanos(AbstractQueuedSynchronizer.java:2083)
        at java.util.concurrent.LinkedBlockingQueue.poll(LinkedBlockingQueue.java:467)
        at org.apache.hadoop.ipc.CallQueueManager.take(CallQueueManager.java:317)
        at org.apache.hadoop.ipc.Server$Handler.run(Server.java:2932)
"IPC Server handler 8 on default port 38769" daemon prio=5 tid=85 timed_waiting
java.lang.Thread.State: TIMED_WAITING
        at sun.misc.Unsafe.park(Native Method)
        at java.util.concurrent.locks.LockSupport.parkNanos(LockSupport.java:215)
        at java.util.concurrent.locks.AbstractQueuedSynchronizer$ConditionObject.awaitNanos(AbstractQueuedSynchronizer.java:2083)
        at java.util.concurrent.LinkedBlockingQueue.poll(LinkedBlockingQueue.java:467)
        at org.apache.hadoop.ipc.CallQueueManager.take(CallQueueManager.java:317)
        at org.apache.hadoop.ipc.Server$Handler.run(Server.java:2932)
"6d0c14da-389e-4e82-8c57-a2981f576192@group-CF406588F1D0-StateMachineUpdater" daemon prio=5 tid=393 timed_waiting
java.lang.Thread.State: TIMED_WAITING
        at sun.misc.Unsafe.park(Native Method)
        at java.util.concurrent.locks.LockSupport.parkNanos(LockSupport.java:215)
        at java.util.concurrent.CompletableFuture$Signaller.block(CompletableFuture.java:1709)
        at java.util.concurrent.ForkJoinPool.managedBlock(ForkJoinPool.java:3323)
        at java.util.concurrent.CompletableFuture.timedGet(CompletableFuture.java:1788)
        at java.util.concurrent.CompletableFuture.get(CompletableFuture.java:1928)
        at org.apache.ratis.util.AwaitForSignal.await(AwaitForSignal.java:56)
        at org.apache.ratis.server.impl.StateMachineUpdater.waitForCommit(StateMachineUpdater.java:207)
        at org.apache.ratis.server.impl.StateMachineUpdater.run(StateMachineUpdater.java:176)
        at java.lang.Thread.run(Thread.java:750)
"Session-HouseKeeper-4a3306c2-1"  prio=5 tid=211 timed_waiting
java.lang.Thread.State: TIMED_WAITING
        at sun.misc.Unsafe.park(Native Method)
        at java.util.concurrent.locks.LockSupport.parkNanos(LockSupport.java:215)
        at java.util.concurrent.locks.AbstractQueuedSynchronizer$ConditionObject.awaitNanos(AbstractQueuedSynchronizer.java:2083)
        at java.util.concurrent.ScheduledThreadPoolExecutor$DelayedWorkQueue.take(ScheduledThreadPoolExecutor.java:1093)
        at java.util.concurrent.ScheduledThreadPoolExecutor$DelayedWorkQueue.take(ScheduledThreadPoolExecutor.java:809)
        at java.util.concurrent.ThreadPoolExecutor.getTask(ThreadPoolExecutor.java:1074)
        at java.util.concurrent.ThreadPoolExecutor.runWorker(ThreadPoolExecutor.java:1134)
        at java.util.concurrent.ThreadPoolExecutor$Worker.run(ThreadPoolExecutor.java:624)
        at java.lang.Thread.run(Thread.java:750)
"0107e4a3-a143-43a9-8f78-9a758939e307@group-07A4CFFA639C-LeaderStateImpl" daemon prio=5 tid=444 timed_waiting
java.lang.Thread.State: TIMED_WAITING
        at sun.misc.Unsafe.park(Native Method)
        at java.util.concurrent.locks.LockSupport.parkNanos(LockSupport.java:215)
        at java.util.concurrent.locks.AbstractQueuedSynchronizer$ConditionObject.awaitNanos(AbstractQueuedSynchronizer.java:2083)
        at java.util.concurrent.ArrayBlockingQueue.poll(ArrayBlockingQueue.java:418)
        at org.apache.ratis.server.impl.LeaderStateImpl$EventQueue.poll(LeaderStateImpl.java:159)
        at org.apache.ratis.server.impl.LeaderStateImpl$EventProcessor.run(LeaderStateImpl.java:630)
"ChunkWriter-0-0" daemon prio=5 tid=326 in Object.wait()
java.lang.Thread.State: WAITING (on object monitor)
        at sun.misc.Unsafe.park(Native Method)
        at java.util.concurrent.locks.LockSupport.park(LockSupport.java:175)
        at java.util.concurrent.locks.AbstractQueuedSynchronizer$ConditionObject.await(AbstractQueuedSynchronizer.java:2044)
        at java.util.concurrent.LinkedBlockingDeque.takeFirst(LinkedBlockingDeque.java:492)
        at java.util.concurrent.LinkedBlockingDeque.take(LinkedBlockingDeque.java:680)
        at java.util.concurrent.ThreadPoolExecutor.getTask(ThreadPoolExecutor.java:1074)
        at java.util.concurrent.ThreadPoolExecutor.runWorker(ThreadPoolExecutor.java:1134)
        at java.util.concurrent.ThreadPoolExecutor$Worker.run(ThreadPoolExecutor.java:624)
        at java.lang.Thread.run(Thread.java:750)
"ChunkWriter-2-0" daemon prio=5 tid=352 in Object.wait()
java.lang.Thread.State: WAITING (on object monitor)
        at sun.misc.Unsafe.park(Native Method)
        at java.util.concurrent.locks.LockSupport.park(LockSupport.java:175)
        at java.util.concurrent.locks.AbstractQueuedSynchronizer$ConditionObject.await(AbstractQueuedSynchronizer.java:2044)
        at java.util.concurrent.LinkedBlockingDeque.takeFirst(LinkedBlockingDeque.java:492)
        at java.util.concurrent.LinkedBlockingDeque.take(LinkedBlockingDeque.java:680)
        at java.util.concurrent.ThreadPoolExecutor.getTask(ThreadPoolExecutor.java:1074)
        at java.util.concurrent.ThreadPoolExecutor.runWorker(ThreadPoolExecutor.java:1134)
        at java.util.concurrent.ThreadPoolExecutor$Worker.run(ThreadPoolExecutor.java:624)
        at java.lang.Thread.run(Thread.java:750)
"IPC Server handler 11 on default port 38769" daemon prio=5 tid=88 timed_waiting
java.lang.Thread.State: TIMED_WAITING
        at sun.misc.Unsafe.park(Native Method)
        at java.util.concurrent.locks.LockSupport.parkNanos(LockSupport.java:215)
        at java.util.concurrent.locks.AbstractQueuedSynchronizer$ConditionObject.awaitNanos(AbstractQueuedSynchronizer.java:2083)
        at java.util.concurrent.LinkedBlockingQueue.poll(LinkedBlockingQueue.java:467)
        at org.apache.hadoop.ipc.CallQueueManager.take(CallQueueManager.java:317)
        at org.apache.hadoop.ipc.Server$Handler.run(Server.java:2932)
"StaleRecoveringContainerScrubbingService#0" daemon prio=5 tid=321 timed_waiting
java.lang.Thread.State: TIMED_WAITING
        at sun.misc.Unsafe.park(Native Method)
        at java.util.concurrent.locks.LockSupport.parkNanos(LockSupport.java:215)
        at java.util.concurrent.locks.AbstractQueuedSynchronizer$ConditionObject.awaitNanos(AbstractQueuedSynchronizer.java:2083)
        at java.util.concurrent.ScheduledThreadPoolExecutor$DelayedWorkQueue.take(ScheduledThreadPoolExecutor.java:1093)
        at java.util.concurrent.ScheduledThreadPoolExecutor$DelayedWorkQueue.take(ScheduledThreadPoolExecutor.java:809)
        at java.util.concurrent.ThreadPoolExecutor.getTask(ThreadPoolExecutor.java:1074)
        at java.util.concurrent.ThreadPoolExecutor.runWorker(ThreadPoolExecutor.java:1134)
        at java.util.concurrent.ThreadPoolExecutor$Worker.run(ThreadPoolExecutor.java:624)
        at java.lang.Thread.run(Thread.java:750)
"IPC Server handler 18 on default port 38769" daemon prio=5 tid=95 timed_waiting
java.lang.Thread.State: TIMED_WAITING
        at sun.misc.Unsafe.park(Native Method)
        at java.util.concurrent.locks.LockSupport.parkNanos(LockSupport.java:215)
        at java.util.concurrent.locks.AbstractQueuedSynchronizer$ConditionObject.awaitNanos(AbstractQueuedSynchronizer.java:2083)
        at java.util.concurrent.LinkedBlockingQueue.poll(LinkedBlockingQueue.java:467)
        at org.apache.hadoop.ipc.CallQueueManager.take(CallQueueManager.java:317)
        at org.apache.hadoop.ipc.Server$Handler.run(Server.java:2932)
"IPC Server handler 17 on default port 37253" daemon prio=5 tid=74 timed_waiting
java.lang.Thread.State: TIMED_WAITING
        at sun.misc.Unsafe.park(Native Method)
        at java.util.concurrent.locks.LockSupport.parkNanos(LockSupport.java:215)
        at java.util.concurrent.locks.AbstractQueuedSynchronizer$ConditionObject.awaitNanos(AbstractQueuedSynchronizer.java:2083)
        at java.util.concurrent.LinkedBlockingQueue.poll(LinkedBlockingQueue.java:467)
        at org.apache.hadoop.ipc.CallQueueManager.take(CallQueueManager.java:317)
        at org.apache.hadoop.ipc.Server$Handler.run(Server.java:2932)
"prometheus" daemon prio=5 tid=109 in Object.wait()
java.lang.Thread.State: WAITING (on object monitor)
        at java.lang.Object.wait(Native Method)
        at java.lang.Object.wait(Object.java:502)
        at org.apache.hadoop.metrics2.impl.SinkQueue.waitForData(SinkQueue.java:114)
        at org.apache.hadoop.metrics2.impl.SinkQueue.consumeAll(SinkQueue.java:83)
        at org.apache.hadoop.metrics2.impl.MetricsSinkAdapter.publishMetricsFromQueue(MetricsSinkAdapter.java:135)
        at org.apache.hadoop.metrics2.impl.MetricsSinkAdapter$1.run(MetricsSinkAdapter.java:89)
"IPC Server handler 4 on default port 38769" daemon prio=5 tid=81 timed_waiting
java.lang.Thread.State: TIMED_WAITING
        at sun.misc.Unsafe.park(Native Method)
        at java.util.concurrent.locks.LockSupport.parkNanos(LockSupport.java:215)
        at java.util.concurrent.locks.AbstractQueuedSynchronizer$ConditionObject.awaitNanos(AbstractQueuedSynchronizer.java:2083)
        at java.util.concurrent.LinkedBlockingQueue.poll(LinkedBlockingQueue.java:467)
        at org.apache.hadoop.ipc.CallQueueManager.take(CallQueueManager.java:317)
        at org.apache.hadoop.ipc.Server$Handler.run(Server.java:2932)
"IPC Server handler 16 on default port 41569" daemon prio=5 tid=53 timed_waiting
java.lang.Thread.State: TIMED_WAITING
        at sun.misc.Unsafe.park(Native Method)
        at java.util.concurrent.locks.LockSupport.parkNanos(LockSupport.java:215)
        at java.util.concurrent.locks.AbstractQueuedSynchronizer$ConditionObject.awaitNanos(AbstractQueuedSynchronizer.java:2083)
        at java.util.concurrent.LinkedBlockingQueue.poll(LinkedBlockingQueue.java:467)
        at org.apache.hadoop.ipc.CallQueueManager.take(CallQueueManager.java:317)
        at org.apache.hadoop.ipc.Server$Handler.run(Server.java:2932)
"ContainerOp-f82f5b97-17e3-4dda-ae22-2fbc0bccceed-5"  prio=5 tid=535 in Object.wait()
java.lang.Thread.State: WAITING (on object monitor)
        at sun.misc.Unsafe.park(Native Method)
        at java.util.concurrent.locks.LockSupport.park(LockSupport.java:175)
        at java.util.concurrent.locks.AbstractQueuedSynchronizer$ConditionObject.await(AbstractQueuedSynchronizer.java:2044)
        at java.util.concurrent.LinkedBlockingQueue.take(LinkedBlockingQueue.java:442)
        at java.util.concurrent.ThreadPoolExecutor.getTask(ThreadPoolExecutor.java:1074)
        at java.util.concurrent.ThreadPoolExecutor.runWorker(ThreadPoolExecutor.java:1134)
        at java.util.concurrent.ThreadPoolExecutor$Worker.run(ThreadPoolExecutor.java:624)
        at java.lang.Thread.run(Thread.java:750)
"ChunkReader-ELG-0" daemon prio=5 tid=331 runnable
java.lang.Thread.State: RUNNABLE
        at org.apache.ratis.thirdparty.io.netty.channel.epoll.Native.epollWait(Native Method)
        at org.apache.ratis.thirdparty.io.netty.channel.epoll.Native.epollWait(Native.java:193)
        at org.apache.ratis.thirdparty.io.netty.channel.epoll.Native.epollWait(Native.java:186)
        at org.apache.ratis.thirdparty.io.netty.channel.epoll.EpollEventLoop.epollWaitNoTimerChange(EpollEventLoop.java:290)
        at org.apache.ratis.thirdparty.io.netty.channel.epoll.EpollEventLoop.run(EpollEventLoop.java:347)
        at org.apache.ratis.thirdparty.io.netty.util.concurrent.SingleThreadEventExecutor$4.run(SingleThreadEventExecutor.java:986)
        at org.apache.ratis.thirdparty.io.netty.util.internal.ThreadExecutorMap$2.run(ThreadExecutorMap.java:74)
        at java.lang.Thread.run(Thread.java:750)
"org.apache.ratis.util.JvmPauseMonitor$$Lambda$636/263158265@2bf0c735" daemon prio=5 tid=354 timed_waiting
java.lang.Thread.State: TIMED_WAITING
        at java.lang.Thread.sleep(Native Method)
        at java.lang.Thread.sleep(Thread.java:342)
        at java.util.concurrent.TimeUnit.sleep(TimeUnit.java:386)
        at org.apache.ratis.util.TimeDuration.sleep(TimeDuration.java:325)
        at org.apache.ratis.util.TimeDuration.sleep(TimeDuration.java:310)
        at org.apache.ratis.util.JvmPauseMonitor.detectPause(JvmPauseMonitor.java:117)
        at org.apache.ratis.util.JvmPauseMonitor.run(JvmPauseMonitor.java:106)
        at org.apache.ratis.util.JvmPauseMonitor$$Lambda$636/263158265.run(Unknown Source)
        at java.lang.Thread.run(Thread.java:750)
"StaleRecoveringContainerScrubbingService#3" daemon prio=5 tid=780 in Object.wait()
java.lang.Thread.State: WAITING (on object monitor)
        at sun.misc.Unsafe.park(Native Method)
        at java.util.concurrent.locks.LockSupport.park(LockSupport.java:175)
        at java.util.concurrent.locks.AbstractQueuedSynchronizer$ConditionObject.await(AbstractQueuedSynchronizer.java:2044)
        at java.util.concurrent.ScheduledThreadPoolExecutor$DelayedWorkQueue.take(ScheduledThreadPoolExecutor.java:1088)
        at java.util.concurrent.ScheduledThreadPoolExecutor$DelayedWorkQueue.take(ScheduledThreadPoolExecutor.java:809)
        at java.util.concurrent.ThreadPoolExecutor.getTask(ThreadPoolExecutor.java:1074)
        at java.util.concurrent.ThreadPoolExecutor.runWorker(ThreadPoolExecutor.java:1134)
        at java.util.concurrent.ThreadPoolExecutor$Worker.run(ThreadPoolExecutor.java:624)
        at java.lang.Thread.run(Thread.java:750)
"ContainerOp-f82f5b97-17e3-4dda-ae22-2fbc0bccceed-6"  prio=5 tid=557 in Object.wait()
java.lang.Thread.State: WAITING (on object monitor)
        at sun.misc.Unsafe.park(Native Method)
        at java.util.concurrent.locks.LockSupport.park(LockSupport.java:175)
        at java.util.concurrent.locks.AbstractQueuedSynchronizer$ConditionObject.await(AbstractQueuedSynchronizer.java:2044)
        at java.util.concurrent.LinkedBlockingQueue.take(LinkedBlockingQueue.java:442)
        at java.util.concurrent.ThreadPoolExecutor.getTask(ThreadPoolExecutor.java:1074)
        at java.util.concurrent.ThreadPoolExecutor.runWorker(ThreadPoolExecutor.java:1134)
        at java.util.concurrent.ThreadPoolExecutor$Worker.run(ThreadPoolExecutor.java:624)
        at java.lang.Thread.run(Thread.java:750)
"qtp1202765820-178" daemon prio=5 tid=178 timed_waiting
java.lang.Thread.State: TIMED_WAITING
        at sun.misc.Unsafe.park(Native Method)
        at java.util.concurrent.locks.LockSupport.parkNanos(LockSupport.java:215)
        at java.util.concurrent.locks.AbstractQueuedSynchronizer$ConditionObject.awaitNanos(AbstractQueuedSynchronizer.java:2083)
        at org.eclipse.jetty.util.BlockingArrayQueue.poll(BlockingArrayQueue.java:382)
        at org.eclipse.jetty.util.thread.QueuedThreadPool$Runner.idleJobPoll(QueuedThreadPool.java:974)
        at org.eclipse.jetty.util.thread.QueuedThreadPool$Runner.run(QueuedThreadPool.java:1018)
        at java.lang.Thread.run(Thread.java:750)
"IPC Server handler 10 on default port 37253" daemon prio=5 tid=67 timed_waiting
java.lang.Thread.State: TIMED_WAITING
        at sun.misc.Unsafe.park(Native Method)
        at java.util.concurrent.locks.LockSupport.parkNanos(LockSupport.java:215)
        at java.util.concurrent.locks.AbstractQueuedSynchronizer$ConditionObject.awaitNanos(AbstractQueuedSynchronizer.java:2083)
        at java.util.concurrent.LinkedBlockingQueue.poll(LinkedBlockingQueue.java:467)
        at org.apache.hadoop.ipc.CallQueueManager.take(CallQueueManager.java:317)
        at org.apache.hadoop.ipc.Server$Handler.run(Server.java:2932)
"IPC Server handler 2 on default port 37253" daemon prio=5 tid=59 timed_waiting
java.lang.Thread.State: TIMED_WAITING
        at sun.misc.Unsafe.park(Native Method)
        at java.util.concurrent.locks.LockSupport.parkNanos(LockSupport.java:215)
        at java.util.concurrent.locks.AbstractQueuedSynchronizer$ConditionObject.awaitNanos(AbstractQueuedSynchronizer.java:2083)
        at java.util.concurrent.LinkedBlockingQueue.poll(LinkedBlockingQueue.java:467)
        at org.apache.hadoop.ipc.CallQueueManager.take(CallQueueManager.java:317)
        at org.apache.hadoop.ipc.Server$Handler.run(Server.java:2932)
"EndpointStateMachine task thread for /0.0.0.0:38769 - 0 "  prio=5 tid=300 in Object.wait()
java.lang.Thread.State: WAITING (on object monitor)
        at sun.misc.Unsafe.park(Native Method)
        at java.util.concurrent.locks.LockSupport.park(LockSupport.java:175)
        at java.util.concurrent.locks.AbstractQueuedSynchronizer$ConditionObject.await(AbstractQueuedSynchronizer.java:2044)
        at java.util.concurrent.LinkedBlockingQueue.take(LinkedBlockingQueue.java:442)
        at java.util.concurrent.ThreadPoolExecutor.getTask(ThreadPoolExecutor.java:1074)
        at java.util.concurrent.ThreadPoolExecutor.runWorker(ThreadPoolExecutor.java:1134)
        at java.util.concurrent.ThreadPoolExecutor$Worker.run(ThreadPoolExecutor.java:624)
        at java.lang.Thread.run(Thread.java:750)
"qtp431033364-135" daemon prio=5 tid=135 runnable
java.lang.Thread.State: RUNNABLE
        at sun.nio.ch.EPollArrayWrapper.epollWait(Native Method)
        at sun.nio.ch.EPollArrayWrapper.poll(EPollArrayWrapper.java:269)
        at sun.nio.ch.EPollSelectorImpl.doSelect(EPollSelectorImpl.java:93)
        at sun.nio.ch.SelectorImpl.lockAndDoSelect(SelectorImpl.java:86)
        at sun.nio.ch.SelectorImpl.select(SelectorImpl.java:97)
        at sun.nio.ch.SelectorImpl.select(SelectorImpl.java:101)
        at org.eclipse.jetty.io.ManagedSelector.nioSelect(ManagedSelector.java:183)
        at org.eclipse.jetty.io.ManagedSelector.select(ManagedSelector.java:190)
        at org.eclipse.jetty.io.ManagedSelector$SelectorProducer.select(ManagedSelector.java:606)
        at org.eclipse.jetty.io.ManagedSelector$SelectorProducer.produce(ManagedSelector.java:543)
        at org.eclipse.jetty.util.thread.strategy.EatWhatYouKill.produceTask(EatWhatYouKill.java:362)
        at org.eclipse.jetty.util.thread.strategy.EatWhatYouKill.doProduce(EatWhatYouKill.java:186)
        at org.eclipse.jetty.util.thread.strategy.EatWhatYouKill.tryProduce(EatWhatYouKill.java:173)
        at org.eclipse.jetty.util.thread.strategy.EatWhatYouKill.produce(EatWhatYouKill.java:137)
        at org.eclipse.jetty.io.ManagedSelector$$Lambda$397/626754729.run(Unknown Source)
        at org.eclipse.jetty.util.thread.QueuedThreadPool.runJob(QueuedThreadPool.java:883)
        at org.eclipse.jetty.util.thread.QueuedThreadPool$Runner.run(QueuedThreadPool.java:1034)
        at java.lang.Thread.run(Thread.java:750)
"ChunkReader-ELG-0" daemon prio=5 tid=355 runnable
java.lang.Thread.State: RUNNABLE
        at org.apache.ratis.thirdparty.io.netty.channel.epoll.Native.epollWait(Native Method)
        at org.apache.ratis.thirdparty.io.netty.channel.epoll.Native.epollWait(Native.java:193)
        at org.apache.ratis.thirdparty.io.netty.channel.epoll.Native.epollWait(Native.java:186)
        at org.apache.ratis.thirdparty.io.netty.channel.epoll.EpollEventLoop.epollWaitNoTimerChange(EpollEventLoop.java:290)
        at org.apache.ratis.thirdparty.io.netty.channel.epoll.EpollEventLoop.run(EpollEventLoop.java:347)
        at org.apache.ratis.thirdparty.io.netty.util.concurrent.SingleThreadEventExecutor$4.run(SingleThreadEventExecutor.java:986)
        at org.apache.ratis.thirdparty.io.netty.util.internal.ThreadExecutorMap$2.run(ThreadExecutorMap.java:74)
        at java.lang.Thread.run(Thread.java:750)
"org.apache.ratis.util.JvmPauseMonitor$$Lambda$636/263158265@720475de" daemon prio=5 tid=318 timed_waiting
java.lang.Thread.State: TIMED_WAITING
        at java.lang.Thread.sleep(Native Method)
        at java.lang.Thread.sleep(Thread.java:342)
        at java.util.concurrent.TimeUnit.sleep(TimeUnit.java:386)
        at org.apache.ratis.util.TimeDuration.sleep(TimeDuration.java:325)
        at org.apache.ratis.util.TimeDuration.sleep(TimeDuration.java:310)
        at org.apache.ratis.util.JvmPauseMonitor.detectPause(JvmPauseMonitor.java:117)
        at org.apache.ratis.util.JvmPauseMonitor.run(JvmPauseMonitor.java:106)
        at org.apache.ratis.util.JvmPauseMonitor$$Lambda$636/263158265.run(Unknown Source)
        at java.lang.Thread.run(Thread.java:750)
"EventQueue-CommandQueueReportForCommandQueueReportHandler" daemon prio=5 tid=370 in Object.wait()
java.lang.Thread.State: WAITING (on object monitor)
        at sun.misc.Unsafe.park(Native Method)
        at java.util.concurrent.locks.LockSupport.park(LockSupport.java:175)
        at java.util.concurrent.locks.AbstractQueuedSynchronizer$ConditionObject.await(AbstractQueuedSynchronizer.java:2044)
        at java.util.concurrent.LinkedBlockingQueue.take(LinkedBlockingQueue.java:442)
        at java.util.concurrent.ThreadPoolExecutor.getTask(ThreadPoolExecutor.java:1074)
        at java.util.concurrent.ThreadPoolExecutor.runWorker(ThreadPoolExecutor.java:1134)
        at java.util.concurrent.ThreadPoolExecutor$Worker.run(ThreadPoolExecutor.java:624)
        at java.lang.Thread.run(Thread.java:750)
"grpc-default-executor-2" daemon prio=5 tid=462 timed_waiting
java.lang.Thread.State: TIMED_WAITING
        at sun.misc.Unsafe.park(Native Method)
        at java.util.concurrent.locks.LockSupport.parkNanos(LockSupport.java:215)
        at java.util.concurrent.SynchronousQueue$TransferStack.awaitFulfill(SynchronousQueue.java:460)
        at java.util.concurrent.SynchronousQueue$TransferStack.transfer(SynchronousQueue.java:362)
        at java.util.concurrent.SynchronousQueue.poll(SynchronousQueue.java:941)
        at java.util.concurrent.ThreadPoolExecutor.getTask(ThreadPoolExecutor.java:1073)
        at java.util.concurrent.ThreadPoolExecutor.runWorker(ThreadPoolExecutor.java:1134)
        at java.util.concurrent.ThreadPoolExecutor$Worker.run(ThreadPoolExecutor.java:624)
        at java.lang.Thread.run(Thread.java:750)
"IPC Server listener on 0" daemon prio=5 tid=27 runnable
java.lang.Thread.State: RUNNABLE
        at sun.nio.ch.EPollArrayWrapper.epollWait(Native Method)
        at sun.nio.ch.EPollArrayWrapper.poll(EPollArrayWrapper.java:269)
        at sun.nio.ch.EPollSelectorImpl.doSelect(EPollSelectorImpl.java:93)
        at sun.nio.ch.SelectorImpl.lockAndDoSelect(SelectorImpl.java:86)
        at sun.nio.ch.SelectorImpl.select(SelectorImpl.java:97)
        at sun.nio.ch.SelectorImpl.select(SelectorImpl.java:101)
        at org.apache.hadoop.ipc.Server$Listener.run(Server.java:1350)
"qtp167993803-208" daemon prio=5 tid=208 timed_waiting
java.lang.Thread.State: TIMED_WAITING
        at sun.misc.Unsafe.park(Native Method)
        at java.util.concurrent.locks.LockSupport.parkNanos(LockSupport.java:215)
        at java.util.concurrent.locks.AbstractQueuedSynchronizer$ConditionObject.awaitNanos(AbstractQueuedSynchronizer.java:2083)
        at org.eclipse.jetty.util.BlockingArrayQueue.poll(BlockingArrayQueue.java:382)
        at org.eclipse.jetty.util.thread.QueuedThreadPool$Runner.idleJobPoll(QueuedThreadPool.java:974)
        at org.eclipse.jetty.util.thread.QueuedThreadPool$Runner.run(QueuedThreadPool.java:1018)
        at java.lang.Thread.run(Thread.java:750)
"qtp1437401449-262" daemon prio=5 tid=262 timed_waiting
java.lang.Thread.State: TIMED_WAITING
        at sun.misc.Unsafe.park(Native Method)
        at java.util.concurrent.locks.LockSupport.parkNanos(LockSupport.java:215)
        at java.util.concurrent.locks.AbstractQueuedSynchronizer$ConditionObject.awaitNanos(AbstractQueuedSynchronizer.java:2083)
        at org.eclipse.jetty.util.BlockingArrayQueue.poll(BlockingArrayQueue.java:382)
        at org.eclipse.jetty.util.thread.QueuedThreadPool$Runner.idleJobPoll(QueuedThreadPool.java:974)
        at org.eclipse.jetty.util.thread.QueuedThreadPool$Runner.run(QueuedThreadPool.java:1018)
        at java.lang.Thread.run(Thread.java:750)
"BlockDeletingService#1" daemon prio=5 tid=334 in Object.wait()
java.lang.Thread.State: WAITING (on object monitor)
        at sun.misc.Unsafe.park(Native Method)
        at java.util.concurrent.locks.LockSupport.park(LockSupport.java:175)
        at java.util.concurrent.locks.AbstractQueuedSynchronizer$ConditionObject.await(AbstractQueuedSynchronizer.java:2044)
        at java.util.concurrent.ScheduledThreadPoolExecutor$DelayedWorkQueue.take(ScheduledThreadPoolExecutor.java:1088)
        at java.util.concurrent.ScheduledThreadPoolExecutor$DelayedWorkQueue.take(ScheduledThreadPoolExecutor.java:809)
        at java.util.concurrent.ThreadPoolExecutor.getTask(ThreadPoolExecutor.java:1074)
        at java.util.concurrent.ThreadPoolExecutor.runWorker(ThreadPoolExecutor.java:1134)
        at java.util.concurrent.ThreadPoolExecutor$Worker.run(ThreadPoolExecutor.java:624)
        at java.lang.Thread.run(Thread.java:750)
"a62c8bc8-4eaa-4bd0-9412-231650f1b373-server-thread1" daemon prio=5 tid=593 timed_waiting
java.lang.Thread.State: TIMED_WAITING
        at sun.misc.Unsafe.park(Native Method)
        at java.util.concurrent.locks.LockSupport.parkNanos(LockSupport.java:215)
        at java.util.concurrent.SynchronousQueue$TransferStack.awaitFulfill(SynchronousQueue.java:460)
        at java.util.concurrent.SynchronousQueue$TransferStack.transfer(SynchronousQueue.java:362)
        at java.util.concurrent.SynchronousQueue.poll(SynchronousQueue.java:941)
        at java.util.concurrent.ThreadPoolExecutor.getTask(ThreadPoolExecutor.java:1073)
        at java.util.concurrent.ThreadPoolExecutor.runWorker(ThreadPoolExecutor.java:1134)
        at java.util.concurrent.ThreadPoolExecutor$Worker.run(ThreadPoolExecutor.java:624)
        at java.lang.Thread.run(Thread.java:750)
"IPC Server handler 5 on default port 37253" daemon prio=5 tid=62 timed_waiting
java.lang.Thread.State: TIMED_WAITING
        at sun.misc.Unsafe.park(Native Method)
        at java.util.concurrent.locks.LockSupport.parkNanos(LockSupport.java:215)
        at java.util.concurrent.locks.AbstractQueuedSynchronizer$ConditionObject.awaitNanos(AbstractQueuedSynchronizer.java:2083)
        at java.util.concurrent.LinkedBlockingQueue.poll(LinkedBlockingQueue.java:467)
        at org.apache.hadoop.ipc.CallQueueManager.take(CallQueueManager.java:317)
        at org.apache.hadoop.ipc.Server$Handler.run(Server.java:2932)
"pool-88-thread-1" daemon prio=5 tid=198 timed_waiting
java.lang.Thread.State: TIMED_WAITING
        at sun.misc.Unsafe.park(Native Method)
        at java.util.concurrent.locks.LockSupport.parkNanos(LockSupport.java:215)
        at java.util.concurrent.locks.AbstractQueuedSynchronizer$ConditionObject.awaitNanos(AbstractQueuedSynchronizer.java:2083)
        at java.util.concurrent.ScheduledThreadPoolExecutor$DelayedWorkQueue.take(ScheduledThreadPoolExecutor.java:1093)
        at java.util.concurrent.ScheduledThreadPoolExecutor$DelayedWorkQueue.take(ScheduledThreadPoolExecutor.java:809)
        at java.util.concurrent.ThreadPoolExecutor.getTask(ThreadPoolExecutor.java:1074)
        at java.util.concurrent.ThreadPoolExecutor.runWorker(ThreadPoolExecutor.java:1134)
        at java.util.concurrent.ThreadPoolExecutor$Worker.run(ThreadPoolExecutor.java:624)
        at java.lang.Thread.run(Thread.java:750)
"ContainerOp-f82f5b97-17e3-4dda-ae22-2fbc0bccceed-8"  prio=5 tid=560 in Object.wait()
java.lang.Thread.State: WAITING (on object monitor)
        at sun.misc.Unsafe.park(Native Method)
        at java.util.concurrent.locks.LockSupport.park(LockSupport.java:175)
        at java.util.concurrent.locks.AbstractQueuedSynchronizer$ConditionObject.await(AbstractQueuedSynchronizer.java:2044)
        at java.util.concurrent.LinkedBlockingQueue.take(LinkedBlockingQueue.java:442)
        at java.util.concurrent.ThreadPoolExecutor.getTask(ThreadPoolExecutor.java:1074)
        at java.util.concurrent.ThreadPoolExecutor.runWorker(ThreadPoolExecutor.java:1134)
        at java.util.concurrent.ThreadPoolExecutor$Worker.run(ThreadPoolExecutor.java:624)
        at java.lang.Thread.run(Thread.java:750)
"qtp2008534116-232" daemon prio=5 tid=232 timed_waiting
java.lang.Thread.State: TIMED_WAITING
        at sun.misc.Unsafe.park(Native Method)
        at java.util.concurrent.locks.LockSupport.parkNanos(LockSupport.java:215)
        at java.util.concurrent.locks.AbstractQueuedSynchronizer$ConditionObject.awaitNanos(AbstractQueuedSynchronizer.java:2083)
        at org.eclipse.jetty.util.BlockingArrayQueue.poll(BlockingArrayQueue.java:382)
        at org.eclipse.jetty.util.thread.QueuedThreadPool$Runner.idleJobPoll(QueuedThreadPool.java:974)
        at org.eclipse.jetty.util.thread.QueuedThreadPool$Runner.run(QueuedThreadPool.java:1018)
        at java.lang.Thread.run(Thread.java:750)
"ContainerOp-f82f5b97-17e3-4dda-ae22-2fbc0bccceed-3"  prio=5 tid=522 in Object.wait()
java.lang.Thread.State: WAITING (on object monitor)
        at sun.misc.Unsafe.park(Native Method)
        at java.util.concurrent.locks.LockSupport.park(LockSupport.java:175)
        at java.util.concurrent.locks.AbstractQueuedSynchronizer$ConditionObject.await(AbstractQueuedSynchronizer.java:2044)
        at java.util.concurrent.LinkedBlockingQueue.take(LinkedBlockingQueue.java:442)
        at java.util.concurrent.ThreadPoolExecutor.getTask(ThreadPoolExecutor.java:1074)
        at java.util.concurrent.ThreadPoolExecutor.runWorker(ThreadPoolExecutor.java:1134)
        at java.util.concurrent.ThreadPoolExecutor$Worker.run(ThreadPoolExecutor.java:624)
        at java.lang.Thread.run(Thread.java:750)
"qtp1532216261-106" daemon prio=5 tid=106 timed_waiting
java.lang.Thread.State: TIMED_WAITING
        at sun.misc.Unsafe.park(Native Method)
        at java.util.concurrent.locks.LockSupport.parkNanos(LockSupport.java:215)
        at java.util.concurrent.locks.AbstractQueuedSynchronizer$ConditionObject.awaitNanos(AbstractQueuedSynchronizer.java:2083)
        at org.eclipse.jetty.util.BlockingArrayQueue.poll(BlockingArrayQueue.java:382)
        at org.eclipse.jetty.util.thread.QueuedThreadPool$Runner.idleJobPoll(QueuedThreadPool.java:974)
        at org.eclipse.jetty.util.thread.QueuedThreadPool$Runner.run(QueuedThreadPool.java:1018)
        at java.lang.Thread.run(Thread.java:750)
"ContainerOp-f82f5b97-17e3-4dda-ae22-2fbc0bccceed-9"  prio=5 tid=555 in Object.wait()
java.lang.Thread.State: WAITING (on object monitor)
        at sun.misc.Unsafe.park(Native Method)
        at java.util.concurrent.locks.LockSupport.park(LockSupport.java:175)
        at java.util.concurrent.locks.AbstractQueuedSynchronizer$ConditionObject.await(AbstractQueuedSynchronizer.java:2044)
        at java.util.concurrent.LinkedBlockingQueue.take(LinkedBlockingQueue.java:442)
        at java.util.concurrent.ThreadPoolExecutor.getTask(ThreadPoolExecutor.java:1074)
        at java.util.concurrent.ThreadPoolExecutor.runWorker(ThreadPoolExecutor.java:1134)
        at java.util.concurrent.ThreadPoolExecutor$Worker.run(ThreadPoolExecutor.java:624)
        at java.lang.Thread.run(Thread.java:750)
"ContainerOp-f82f5b97-17e3-4dda-ae22-2fbc0bccceed-0"  prio=5 tid=492 in Object.wait()
java.lang.Thread.State: WAITING (on object monitor)
        at sun.misc.Unsafe.park(Native Method)
        at java.util.concurrent.locks.LockSupport.park(LockSupport.java:175)
        at java.util.concurrent.locks.AbstractQueuedSynchronizer$ConditionObject.await(AbstractQueuedSynchronizer.java:2044)
        at java.util.concurrent.LinkedBlockingQueue.take(LinkedBlockingQueue.java:442)
        at java.util.concurrent.ThreadPoolExecutor.getTask(ThreadPoolExecutor.java:1074)
        at java.util.concurrent.ThreadPoolExecutor.runWorker(ThreadPoolExecutor.java:1134)
        at java.util.concurrent.ThreadPoolExecutor$Worker.run(ThreadPoolExecutor.java:624)
        at java.lang.Thread.run(Thread.java:750)
"3c09ee4b-a7a3-4286-a1c3-18dea5f798e8@group-CF406588F1D0-StateMachineUpdater" daemon prio=5 tid=377 timed_waiting
java.lang.Thread.State: TIMED_WAITING
        at sun.misc.Unsafe.park(Native Method)
        at java.util.concurrent.locks.LockSupport.parkNanos(LockSupport.java:215)
        at java.util.concurrent.CompletableFuture$Signaller.block(CompletableFuture.java:1709)
        at java.util.concurrent.ForkJoinPool.managedBlock(ForkJoinPool.java:3323)
        at java.util.concurrent.CompletableFuture.timedGet(CompletableFuture.java:1788)
        at java.util.concurrent.CompletableFuture.get(CompletableFuture.java:1928)
        at org.apache.ratis.util.AwaitForSignal.await(AwaitForSignal.java:56)
        at org.apache.ratis.server.impl.StateMachineUpdater.waitForCommit(StateMachineUpdater.java:207)
        at org.apache.ratis.server.impl.StateMachineUpdater.run(StateMachineUpdater.java:176)
        at java.lang.Thread.run(Thread.java:750)
"qtp1202765820-180" daemon prio=5 tid=180 timed_waiting
java.lang.Thread.State: TIMED_WAITING
        at sun.misc.Unsafe.park(Native Method)
        at java.util.concurrent.locks.LockSupport.parkNanos(LockSupport.java:215)
        at java.util.concurrent.locks.AbstractQueuedSynchronizer$ConditionObject.awaitNanos(AbstractQueuedSynchronizer.java:2083)
        at org.eclipse.jetty.util.BlockingArrayQueue.poll(BlockingArrayQueue.java:382)
        at org.eclipse.jetty.util.thread.QueuedThreadPool$Runner.idleJobPoll(QueuedThreadPool.java:974)
        at org.eclipse.jetty.util.thread.QueuedThreadPool$Runner.run(QueuedThreadPool.java:1018)
        at java.lang.Thread.run(Thread.java:750)
"qtp1532216261-104-acceptor-0@75679d0e-ServerConnector@6e475994{HTTP/1.1, (http/1.1)}{0.0.0.0:32997}" daemon prio=3 tid=104 runnable
java.lang.Thread.State: RUNNABLE
        at sun.nio.ch.ServerSocketChannelImpl.accept0(Native Method)
        at sun.nio.ch.ServerSocketChannelImpl.accept(ServerSocketChannelImpl.java:421)
        at sun.nio.ch.ServerSocketChannelImpl.accept(ServerSocketChannelImpl.java:249)
        at org.eclipse.jetty.server.ServerConnector.accept(ServerConnector.java:388)
        at org.eclipse.jetty.server.AbstractConnector$Acceptor.run(AbstractConnector.java:702)
        at org.eclipse.jetty.util.thread.QueuedThreadPool.runJob(QueuedThreadPool.java:883)
        at org.eclipse.jetty.util.thread.QueuedThreadPool$Runner.run(QueuedThreadPool.java:1034)
        at java.lang.Thread.run(Thread.java:750)
"qtp1532216261-105" daemon prio=5 tid=105 timed_waiting
java.lang.Thread.State: TIMED_WAITING
        at sun.misc.Unsafe.park(Native Method)
        at java.util.concurrent.locks.LockSupport.parkNanos(LockSupport.java:215)
        at java.util.concurrent.locks.AbstractQueuedSynchronizer$ConditionObject.awaitNanos(AbstractQueuedSynchronizer.java:2083)
        at org.eclipse.jetty.util.BlockingArrayQueue.poll(BlockingArrayQueue.java:382)
        at org.eclipse.jetty.util.thread.QueuedThreadPool$Runner.idleJobPoll(QueuedThreadPool.java:974)
        at org.eclipse.jetty.util.thread.QueuedThreadPool$Runner.run(QueuedThreadPool.java:1018)
        at java.lang.Thread.run(Thread.java:750)
"FixedThreadPoolWithAffinityExecutor-8-0" daemon prio=5 tid=369 in Object.wait()
java.lang.Thread.State: WAITING (on object monitor)
        at sun.misc.Unsafe.park(Native Method)
        at java.util.concurrent.locks.LockSupport.park(LockSupport.java:175)
        at java.util.concurrent.locks.AbstractQueuedSynchronizer$ConditionObject.await(AbstractQueuedSynchronizer.java:2044)
        at java.util.concurrent.LinkedBlockingDeque.takeFirst(LinkedBlockingDeque.java:492)
        at java.util.concurrent.LinkedBlockingDeque.take(LinkedBlockingDeque.java:680)
        at java.util.concurrent.ThreadPoolExecutor.getTask(ThreadPoolExecutor.java:1074)
        at java.util.concurrent.ThreadPoolExecutor.runWorker(ThreadPoolExecutor.java:1134)
        at java.util.concurrent.ThreadPoolExecutor$Worker.run(ThreadPoolExecutor.java:624)
        at java.lang.Thread.run(Thread.java:750)
"Datanode State Machine Daemon Thread" daemon prio=5 tid=186 timed_waiting
java.lang.Thread.State: TIMED_WAITING
        at java.lang.Thread.sleep(Native Method)
        at org.apache.hadoop.ozone.container.common.statemachine.DatanodeStateMachine.startStateMachineThread(DatanodeStateMachine.java:313)
        at org.apache.hadoop.ozone.container.common.statemachine.DatanodeStateMachine.lambda$startDaemon$0(DatanodeStateMachine.java:493)
        at org.apache.hadoop.ozone.container.common.statemachine.DatanodeStateMachine$$Lambda$747/1804582612.run(Unknown Source)
        at java.lang.Thread.run(Thread.java:750)
"Datanode ReportManager Thread - 4" daemon prio=5 tid=243 in Object.wait()
java.lang.Thread.State: WAITING (on object monitor)
        at sun.misc.Unsafe.park(Native Method)
        at java.util.concurrent.locks.LockSupport.park(LockSupport.java:175)
        at java.util.concurrent.locks.AbstractQueuedSynchronizer$ConditionObject.await(AbstractQueuedSynchronizer.java:2044)
        at java.util.concurrent.ScheduledThreadPoolExecutor$DelayedWorkQueue.take(ScheduledThreadPoolExecutor.java:1088)
        at java.util.concurrent.ScheduledThreadPoolExecutor$DelayedWorkQueue.take(ScheduledThreadPoolExecutor.java:809)
        at java.util.concurrent.ThreadPoolExecutor.getTask(ThreadPoolExecutor.java:1074)
        at java.util.concurrent.ThreadPoolExecutor.runWorker(ThreadPoolExecutor.java:1134)
        at java.util.concurrent.ThreadPoolExecutor$Worker.run(ThreadPoolExecutor.java:624)
        at java.lang.Thread.run(Thread.java:750)
"IPC Server handler 9 on default port 41569" daemon prio=5 tid=46 timed_waiting
java.lang.Thread.State: TIMED_WAITING
        at sun.misc.Unsafe.park(Native Method)
        at java.util.concurrent.locks.LockSupport.parkNanos(LockSupport.java:215)
        at java.util.concurrent.locks.AbstractQueuedSynchronizer$ConditionObject.awaitNanos(AbstractQueuedSynchronizer.java:2083)
        at java.util.concurrent.LinkedBlockingQueue.poll(LinkedBlockingQueue.java:467)
        at org.apache.hadoop.ipc.CallQueueManager.take(CallQueueManager.java:317)
        at org.apache.hadoop.ipc.Server$Handler.run(Server.java:2932)
"ExpiredContainerReplicaOpScrubberThread" daemon prio=5 tid=17 timed_waiting
java.lang.Thread.State: TIMED_WAITING
        at java.lang.Object.wait(Native Method)
        at org.apache.hadoop.hdds.scm.ha.BackgroundSCMService.run(BackgroundSCMService.java:110)
        at org.apache.hadoop.hdds.scm.ha.BackgroundSCMService$$Lambda$326/1552127607.run(Unknown Source)
        at java.lang.Thread.run(Thread.java:750)
"qtp2008534116-234" daemon prio=5 tid=234 timed_waiting
java.lang.Thread.State: TIMED_WAITING
        at sun.misc.Unsafe.park(Native Method)
        at java.util.concurrent.locks.LockSupport.parkNanos(LockSupport.java:215)
        at java.util.concurrent.locks.AbstractQueuedSynchronizer$ConditionObject.awaitNanos(AbstractQueuedSynchronizer.java:2083)
        at org.eclipse.jetty.util.BlockingArrayQueue.poll(BlockingArrayQueue.java:382)
        at org.eclipse.jetty.util.thread.QueuedThreadPool$Runner.idleJobPoll(QueuedThreadPool.java:974)
        at org.eclipse.jetty.util.thread.QueuedThreadPool$Runner.run(QueuedThreadPool.java:1018)
        at java.lang.Thread.run(Thread.java:750)
"qtp2008534116-231" daemon prio=5 tid=231 timed_waiting
java.lang.Thread.State: TIMED_WAITING
        at sun.misc.Unsafe.park(Native Method)
        at java.util.concurrent.locks.LockSupport.parkNanos(LockSupport.java:215)
        at java.util.concurrent.locks.AbstractQueuedSynchronizer$ConditionObject.awaitNanos(AbstractQueuedSynchronizer.java:2083)
        at org.eclipse.jetty.util.BlockingArrayQueue.poll(BlockingArrayQueue.java:382)
        at org.eclipse.jetty.util.thread.QueuedThreadPool$Runner.idleJobPoll(QueuedThreadPool.java:974)
        at org.eclipse.jetty.util.thread.QueuedThreadPool$Runner.run(QueuedThreadPool.java:1018)
        at java.lang.Thread.run(Thread.java:750)
"pool-82-thread-1"  prio=5 tid=174 timed_waiting
java.lang.Thread.State: TIMED_WAITING
        at sun.misc.Unsafe.park(Native Method)
        at java.util.concurrent.locks.LockSupport.parkNanos(LockSupport.java:215)
        at java.util.concurrent.locks.AbstractQueuedSynchronizer$ConditionObject.awaitNanos(AbstractQueuedSynchronizer.java:2083)
        at java.util.concurrent.ScheduledThreadPoolExecutor$DelayedWorkQueue.take(ScheduledThreadPoolExecutor.java:1093)
        at java.util.concurrent.ScheduledThreadPoolExecutor$DelayedWorkQueue.take(ScheduledThreadPoolExecutor.java:809)
        at java.util.concurrent.ThreadPoolExecutor.getTask(ThreadPoolExecutor.java:1074)
        at java.util.concurrent.ThreadPoolExecutor.runWorker(ThreadPoolExecutor.java:1134)
        at java.util.concurrent.ThreadPoolExecutor$Worker.run(ThreadPoolExecutor.java:624)
        at java.lang.Thread.run(Thread.java:750)
"Signal Dispatcher" daemon prio=9 tid=4 runnable
java.lang.Thread.State: RUNNABLE
"qtp167993803-207" daemon prio=5 tid=207 timed_waiting
java.lang.Thread.State: TIMED_WAITING
        at sun.misc.Unsafe.park(Native Method)
        at java.util.concurrent.locks.LockSupport.parkNanos(LockSupport.java:215)
        at java.util.concurrent.locks.AbstractQueuedSynchronizer$ConditionObject.awaitNanos(AbstractQueuedSynchronizer.java:2083)
        at org.eclipse.jetty.util.BlockingArrayQueue.poll(BlockingArrayQueue.java:382)
        at org.eclipse.jetty.util.thread.QueuedThreadPool$Runner.idleJobPoll(QueuedThreadPool.java:974)
        at org.eclipse.jetty.util.thread.QueuedThreadPool$Runner.run(QueuedThreadPool.java:1018)
        at java.lang.Thread.run(Thread.java:750)
"qtp1202765820-182" daemon prio=5 tid=182 timed_waiting
java.lang.Thread.State: TIMED_WAITING
        at sun.misc.Unsafe.park(Native Method)
        at java.util.concurrent.locks.LockSupport.parkNanos(LockSupport.java:215)
        at java.util.concurrent.locks.AbstractQueuedSynchronizer$ConditionObject.awaitNanos(AbstractQueuedSynchronizer.java:2083)
        at org.eclipse.jetty.util.BlockingArrayQueue.poll(BlockingArrayQueue.java:382)
        at org.eclipse.jetty.util.thread.QueuedThreadPool$Runner.idleJobPoll(QueuedThreadPool.java:974)
        at org.eclipse.jetty.util.thread.QueuedThreadPool$Runner.run(QueuedThreadPool.java:1018)
        at java.lang.Thread.run(Thread.java:750)
"IPC Server handler 11 on default port 37253" daemon prio=5 tid=68 timed_waiting
java.lang.Thread.State: TIMED_WAITING
        at sun.misc.Unsafe.park(Native Method)
        at java.util.concurrent.locks.LockSupport.parkNanos(LockSupport.java:215)
        at java.util.concurrent.locks.AbstractQueuedSynchronizer$ConditionObject.awaitNanos(AbstractQueuedSynchronizer.java:2083)
        at java.util.concurrent.LinkedBlockingQueue.poll(LinkedBlockingQueue.java:467)
        at org.apache.hadoop.ipc.CallQueueManager.take(CallQueueManager.java:317)
        at org.apache.hadoop.ipc.Server$Handler.run(Server.java:2932)
"Datanode State Machine Task Thread - 0"  prio=5 tid=246 in Object.wait()
java.lang.Thread.State: WAITING (on object monitor)
        at sun.misc.Unsafe.park(Native Method)
        at java.util.concurrent.locks.LockSupport.park(LockSupport.java:175)
        at java.util.concurrent.locks.AbstractQueuedSynchronizer$ConditionObject.await(AbstractQueuedSynchronizer.java:2044)
        at java.util.concurrent.LinkedBlockingQueue.take(LinkedBlockingQueue.java:442)
        at java.util.concurrent.ThreadPoolExecutor.getTask(ThreadPoolExecutor.java:1074)
        at java.util.concurrent.ThreadPoolExecutor.runWorker(ThreadPoolExecutor.java:1134)
        at java.util.concurrent.ThreadPoolExecutor$Worker.run(ThreadPoolExecutor.java:624)
        at java.lang.Thread.run(Thread.java:750)
"ContainerOp-f82f5b97-17e3-4dda-ae22-2fbc0bccceed-7"  prio=5 tid=558 in Object.wait()
java.lang.Thread.State: WAITING (on object monitor)
        at sun.misc.Unsafe.park(Native Method)
        at java.util.concurrent.locks.LockSupport.park(LockSupport.java:175)
        at java.util.concurrent.locks.AbstractQueuedSynchronizer$ConditionObject.await(AbstractQueuedSynchronizer.java:2044)
        at java.util.concurrent.LinkedBlockingQueue.take(LinkedBlockingQueue.java:442)
        at java.util.concurrent.ThreadPoolExecutor.getTask(ThreadPoolExecutor.java:1074)
        at java.util.concurrent.ThreadPoolExecutor.runWorker(ThreadPoolExecutor.java:1134)
        at java.util.concurrent.ThreadPoolExecutor$Worker.run(ThreadPoolExecutor.java:624)
        at java.lang.Thread.run(Thread.java:750)
"qtp378845707-288" daemon prio=5 tid=288 timed_waiting
java.lang.Thread.State: TIMED_WAITING
        at sun.misc.Unsafe.park(Native Method)
        at java.util.concurrent.locks.LockSupport.parkNanos(LockSupport.java:215)
        at java.util.concurrent.locks.AbstractQueuedSynchronizer$ConditionObject.awaitNanos(AbstractQueuedSynchronizer.java:2083)
        at org.eclipse.jetty.util.BlockingArrayQueue.poll(BlockingArrayQueue.java:382)
        at org.eclipse.jetty.util.thread.QueuedThreadPool$Runner.idleJobPoll(QueuedThreadPool.java:974)
        at org.eclipse.jetty.util.thread.QueuedThreadPool$Runner.run(QueuedThreadPool.java:1018)
        at java.lang.Thread.run(Thread.java:750)
"org.apache.hadoop.ozone.container.common.statemachine.commandhandler.DeleteBlocksCommandHandler$DeleteCmdWorker@1d696b35" daemon prio=5 tid=201 timed_waiting
java.lang.Thread.State: TIMED_WAITING
        at java.lang.Thread.sleep(Native Method)
        at org.apache.hadoop.ozone.container.common.statemachine.commandhandler.DeleteBlocksCommandHandler$DeleteCmdWorker.run(DeleteBlocksCommandHandler.java:183)
        at java.lang.Thread.run(Thread.java:750)
"EndpointStateMachine task thread for /0.0.0.0:38769 - 0 "  prio=5 tid=349 in Object.wait()
java.lang.Thread.State: WAITING (on object monitor)
        at sun.misc.Unsafe.park(Native Method)
        at java.util.concurrent.locks.LockSupport.park(LockSupport.java:175)
        at java.util.concurrent.locks.AbstractQueuedSynchronizer$ConditionObject.await(AbstractQueuedSynchronizer.java:2044)
        at java.util.concurrent.LinkedBlockingQueue.take(LinkedBlockingQueue.java:442)
        at java.util.concurrent.ThreadPoolExecutor.getTask(ThreadPoolExecutor.java:1074)
        at java.util.concurrent.ThreadPoolExecutor.runWorker(ThreadPoolExecutor.java:1134)
        at java.util.concurrent.ThreadPoolExecutor$Worker.run(ThreadPoolExecutor.java:624)
        at java.lang.Thread.run(Thread.java:750)
"IPC Server handler 12 on default port 41569" daemon prio=5 tid=49 timed_waiting
java.lang.Thread.State: TIMED_WAITING
        at sun.misc.Unsafe.park(Native Method)
        at java.util.concurrent.locks.LockSupport.parkNanos(LockSupport.java:215)
        at java.util.concurrent.locks.AbstractQueuedSynchronizer$ConditionObject.awaitNanos(AbstractQueuedSynchronizer.java:2083)
        at java.util.concurrent.LinkedBlockingQueue.poll(LinkedBlockingQueue.java:467)
        at org.apache.hadoop.ipc.CallQueueManager.take(CallQueueManager.java:317)
        at org.apache.hadoop.ipc.Server$Handler.run(Server.java:2932)
"org.apache.ratis.util.JvmPauseMonitor$$Lambda$636/263158265@7f24d88b" daemon prio=5 tid=129 timed_waiting
java.lang.Thread.State: TIMED_WAITING
        at java.lang.Thread.sleep(Native Method)
        at java.lang.Thread.sleep(Thread.java:342)
        at java.util.concurrent.TimeUnit.sleep(TimeUnit.java:386)
        at org.apache.ratis.util.TimeDuration.sleep(TimeDuration.java:325)
        at org.apache.ratis.util.TimeDuration.sleep(TimeDuration.java:310)
        at org.apache.ratis.util.JvmPauseMonitor.detectPause(JvmPauseMonitor.java:117)
        at org.apache.ratis.util.JvmPauseMonitor.run(JvmPauseMonitor.java:106)
        at org.apache.ratis.util.JvmPauseMonitor$$Lambda$636/263158265.run(Unknown Source)
        at java.lang.Thread.run(Thread.java:750)
"Datanode State Machine Task Thread - 1"  prio=5 tid=348 in Object.wait()
java.lang.Thread.State: WAITING (on object monitor)
        at sun.misc.Unsafe.park(Native Method)
        at java.util.concurrent.locks.LockSupport.park(LockSupport.java:175)
        at java.util.concurrent.locks.AbstractQueuedSynchronizer$ConditionObject.await(AbstractQueuedSynchronizer.java:2044)
        at java.util.concurrent.LinkedBlockingQueue.take(LinkedBlockingQueue.java:442)
        at java.util.concurrent.ThreadPoolExecutor.getTask(ThreadPoolExecutor.java:1074)
        at java.util.concurrent.ThreadPoolExecutor.runWorker(ThreadPoolExecutor.java:1134)
        at java.util.concurrent.ThreadPoolExecutor$Worker.run(ThreadPoolExecutor.java:624)
        at java.lang.Thread.run(Thread.java:750)
"Datanode State Machine Task Thread - 0"  prio=5 tid=220 in Object.wait()
java.lang.Thread.State: WAITING (on object monitor)
        at sun.misc.Unsafe.park(Native Method)
        at java.util.concurrent.locks.LockSupport.park(LockSupport.java:175)
        at java.util.concurrent.locks.AbstractQueuedSynchronizer$ConditionObject.await(AbstractQueuedSynchronizer.java:2044)
        at java.util.concurrent.LinkedBlockingQueue.take(LinkedBlockingQueue.java:442)
        at java.util.concurrent.ThreadPoolExecutor.getTask(ThreadPoolExecutor.java:1074)
        at java.util.concurrent.ThreadPoolExecutor.runWorker(ThreadPoolExecutor.java:1134)
        at java.util.concurrent.ThreadPoolExecutor$Worker.run(ThreadPoolExecutor.java:624)
        at java.lang.Thread.run(Thread.java:750)
"IPC Server handler 13 on default port 41569" daemon prio=5 tid=50 timed_waiting
java.lang.Thread.State: TIMED_WAITING
        at sun.misc.Unsafe.park(Native Method)
        at java.util.concurrent.locks.LockSupport.parkNanos(LockSupport.java:215)
        at java.util.concurrent.locks.AbstractQueuedSynchronizer$ConditionObject.awaitNanos(AbstractQueuedSynchronizer.java:2083)
        at java.util.concurrent.LinkedBlockingQueue.poll(LinkedBlockingQueue.java:467)
        at org.apache.hadoop.ipc.CallQueueManager.take(CallQueueManager.java:317)
        at org.apache.hadoop.ipc.Server$Handler.run(Server.java:2932)
"0107e4a3-a143-43a9-8f78-9a758939e307@group-07A4CFFA639C-StateMachineUpdater" daemon prio=5 tid=419 timed_waiting
java.lang.Thread.State: TIMED_WAITING
        at sun.misc.Unsafe.park(Native Method)
        at java.util.concurrent.locks.LockSupport.parkNanos(LockSupport.java:215)
        at java.util.concurrent.CompletableFuture$Signaller.block(CompletableFuture.java:1709)
        at java.util.concurrent.ForkJoinPool.managedBlock(ForkJoinPool.java:3323)
        at java.util.concurrent.CompletableFuture.timedGet(CompletableFuture.java:1788)
        at java.util.concurrent.CompletableFuture.get(CompletableFuture.java:1928)
        at org.apache.ratis.util.AwaitForSignal.await(AwaitForSignal.java:56)
        at org.apache.ratis.server.impl.StateMachineUpdater.waitForCommit(StateMachineUpdater.java:207)
        at org.apache.ratis.server.impl.StateMachineUpdater.run(StateMachineUpdater.java:176)
        at java.lang.Thread.run(Thread.java:750)
"IPC Server handler 15 on default port 37253" daemon prio=5 tid=72 timed_waiting
java.lang.Thread.State: TIMED_WAITING
        at sun.misc.Unsafe.park(Native Method)
        at java.util.concurrent.locks.LockSupport.parkNanos(LockSupport.java:215)
        at java.util.concurrent.locks.AbstractQueuedSynchronizer$ConditionObject.awaitNanos(AbstractQueuedSynchronizer.java:2083)
        at java.util.concurrent.LinkedBlockingQueue.poll(LinkedBlockingQueue.java:467)
        at org.apache.hadoop.ipc.CallQueueManager.take(CallQueueManager.java:317)
        at org.apache.hadoop.ipc.Server$Handler.run(Server.java:2932)
"StaleRecoveringContainerScrubbingService#3" daemon prio=5 tid=785 in Object.wait()
java.lang.Thread.State: WAITING (on object monitor)
        at sun.misc.Unsafe.park(Native Method)
        at java.util.concurrent.locks.LockSupport.park(LockSupport.java:175)
        at java.util.concurrent.locks.AbstractQueuedSynchronizer$ConditionObject.await(AbstractQueuedSynchronizer.java:2044)
        at java.util.concurrent.ScheduledThreadPoolExecutor$DelayedWorkQueue.take(ScheduledThreadPoolExecutor.java:1088)
        at java.util.concurrent.ScheduledThreadPoolExecutor$DelayedWorkQueue.take(ScheduledThreadPoolExecutor.java:809)
        at java.util.concurrent.ThreadPoolExecutor.getTask(ThreadPoolExecutor.java:1074)
        at java.util.concurrent.ThreadPoolExecutor.runWorker(ThreadPoolExecutor.java:1134)
        at java.util.concurrent.ThreadPoolExecutor$Worker.run(ThreadPoolExecutor.java:624)
        at java.lang.Thread.run(Thread.java:750)
"StaleRecoveringContainerScrubbingService#2" daemon prio=5 tid=667 in Object.wait()
java.lang.Thread.State: WAITING (on object monitor)
        at sun.misc.Unsafe.park(Native Method)
        at java.util.concurrent.locks.LockSupport.park(LockSupport.java:175)
        at java.util.concurrent.locks.AbstractQueuedSynchronizer$ConditionObject.await(AbstractQueuedSynchronizer.java:2044)
        at java.util.concurrent.ScheduledThreadPoolExecutor$DelayedWorkQueue.take(ScheduledThreadPoolExecutor.java:1088)
        at java.util.concurrent.ScheduledThreadPoolExecutor$DelayedWorkQueue.take(ScheduledThreadPoolExecutor.java:809)
        at java.util.concurrent.ThreadPoolExecutor.getTask(ThreadPoolExecutor.java:1074)
        at java.util.concurrent.ThreadPoolExecutor.runWorker(ThreadPoolExecutor.java:1134)
        at java.util.concurrent.ThreadPoolExecutor$Worker.run(ThreadPoolExecutor.java:624)
        at java.lang.Thread.run(Thread.java:750)
"EventQueue-OpenPipelineForHealthyPipelineSafeModeRule" daemon prio=5 tid=375 in Object.wait()
java.lang.Thread.State: WAITING (on object monitor)
        at sun.misc.Unsafe.park(Native Method)
        at java.util.concurrent.locks.LockSupport.park(LockSupport.java:175)
        at java.util.concurrent.locks.AbstractQueuedSynchronizer$ConditionObject.await(AbstractQueuedSynchronizer.java:2044)
        at java.util.concurrent.LinkedBlockingQueue.take(LinkedBlockingQueue.java:442)
        at java.util.concurrent.ThreadPoolExecutor.getTask(ThreadPoolExecutor.java:1074)
        at java.util.concurrent.ThreadPoolExecutor.runWorker(ThreadPoolExecutor.java:1134)
        at java.util.concurrent.ThreadPoolExecutor$Worker.run(ThreadPoolExecutor.java:624)
        at java.lang.Thread.run(Thread.java:750)
"3c09ee4b-a7a3-4286-a1c3-18dea5f798e8@group-CF406588F1D0-SegmentedRaftLogWorker"  prio=5 tid=376 timed_waiting
java.lang.Thread.State: TIMED_WAITING
        at sun.misc.Unsafe.park(Native Method)
        at java.util.concurrent.locks.LockSupport.parkNanos(LockSupport.java:215)
        at java.util.concurrent.locks.AbstractQueuedSynchronizer$ConditionObject.awaitNanos(AbstractQueuedSynchronizer.java:2083)
        at org.apache.ratis.util.DataBlockingQueue.poll(DataBlockingQueue.java:148)
        at org.apache.ratis.server.raftlog.segmented.SegmentedRaftLogWorker.run(SegmentedRaftLogWorker.java:301)
        at org.apache.ratis.server.raftlog.segmented.SegmentedRaftLogWorker$$Lambda$564/368003876.run(Unknown Source)
        at java.lang.Thread.run(Thread.java:750)
"6d0c14da-389e-4e82-8c57-a2981f576192@group-CF406588F1D0->3c09ee4b-a7a3-4286-a1c3-18dea5f798e8-GrpcLogAppender-LogAppenderDaemon" daemon prio=5 tid=590 timed_waiting
java.lang.Thread.State: TIMED_WAITING
        at sun.misc.Unsafe.park(Native Method)
        at java.util.concurrent.locks.LockSupport.parkNanos(LockSupport.java:215)
        at java.util.concurrent.CompletableFuture$Signaller.block(CompletableFuture.java:1709)
        at java.util.concurrent.ForkJoinPool.managedBlock(ForkJoinPool.java:3323)
        at java.util.concurrent.CompletableFuture.timedGet(CompletableFuture.java:1788)
        at java.util.concurrent.CompletableFuture.get(CompletableFuture.java:1928)
        at org.apache.ratis.util.AwaitForSignal.await(AwaitForSignal.java:56)
        at org.apache.ratis.grpc.server.GrpcLogAppender.mayWait(GrpcLogAppender.java:169)
        at org.apache.ratis.grpc.server.GrpcLogAppender.run(GrpcLogAppender.java:128)
        at org.apache.ratis.server.leader.LogAppenderDaemon.run(LogAppenderDaemon.java:77)
        at org.apache.ratis.server.leader.LogAppenderDaemon$$Lambda$962/1472069023.run(Unknown Source)
        at java.lang.Thread.run(Thread.java:750)
"OMDoubleBufferFlushThread" daemon prio=5 tid=115 timed_waiting
java.lang.Thread.State: TIMED_WAITING
        at java.lang.Object.wait(Native Method)
        at org.apache.hadoop.ozone.om.ratis.OzoneManagerDoubleBuffer.canFlush(OzoneManagerDoubleBuffer.java:538)
        at org.apache.hadoop.ozone.om.ratis.OzoneManagerDoubleBuffer.flushTransactions(OzoneManagerDoubleBuffer.java:268)
        at org.apache.hadoop.ozone.om.ratis.OzoneManagerDoubleBuffer$$Lambda$452/1160054457.run(Unknown Source)
        at java.lang.Thread.run(Thread.java:750)
"IPC Server handler 4 on default port 37253" daemon prio=5 tid=61 timed_waiting
java.lang.Thread.State: TIMED_WAITING
        at sun.misc.Unsafe.park(Native Method)
        at java.util.concurrent.locks.LockSupport.parkNanos(LockSupport.java:215)
        at java.util.concurrent.locks.AbstractQueuedSynchronizer$ConditionObject.awaitNanos(AbstractQueuedSynchronizer.java:2083)
        at java.util.concurrent.LinkedBlockingQueue.poll(LinkedBlockingQueue.java:467)
        at org.apache.hadoop.ipc.CallQueueManager.take(CallQueueManager.java:317)
        at org.apache.hadoop.ipc.Server$Handler.run(Server.java:2932)
"DatanodeAdminManager-0" daemon prio=5 tid=21 timed_waiting
java.lang.Thread.State: TIMED_WAITING
        at sun.misc.Unsafe.park(Native Method)
        at java.util.concurrent.locks.LockSupport.parkNanos(LockSupport.java:215)
        at java.util.concurrent.locks.AbstractQueuedSynchronizer$ConditionObject.awaitNanos(AbstractQueuedSynchronizer.java:2083)
        at java.util.concurrent.ScheduledThreadPoolExecutor$DelayedWorkQueue.take(ScheduledThreadPoolExecutor.java:1093)
        at java.util.concurrent.ScheduledThreadPoolExecutor$DelayedWorkQueue.take(ScheduledThreadPoolExecutor.java:809)
        at java.util.concurrent.ThreadPoolExecutor.getTask(ThreadPoolExecutor.java:1074)
        at java.util.concurrent.ThreadPoolExecutor.runWorker(ThreadPoolExecutor.java:1134)
        at java.util.concurrent.ThreadPoolExecutor$Worker.run(ThreadPoolExecutor.java:624)
        at java.lang.Thread.run(Thread.java:750)
"a62c8bc8-4eaa-4bd0-9412-231650f1b373@group-CF406588F1D0-SegmentedRaftLogWorker"  prio=5 tid=386 timed_waiting
java.lang.Thread.State: TIMED_WAITING
        at sun.misc.Unsafe.park(Native Method)
        at java.util.concurrent.locks.LockSupport.parkNanos(LockSupport.java:215)
        at java.util.concurrent.locks.AbstractQueuedSynchronizer$ConditionObject.awaitNanos(AbstractQueuedSynchronizer.java:2083)
        at org.apache.ratis.util.DataBlockingQueue.poll(DataBlockingQueue.java:148)
        at org.apache.ratis.server.raftlog.segmented.SegmentedRaftLogWorker.run(SegmentedRaftLogWorker.java:301)
        at org.apache.ratis.server.raftlog.segmented.SegmentedRaftLogWorker$$Lambda$564/368003876.run(Unknown Source)
        at java.lang.Thread.run(Thread.java:750)
"Datanode ReportManager Thread - 1" daemon prio=5 tid=292 in Object.wait()
java.lang.Thread.State: WAITING (on object monitor)
        at sun.misc.Unsafe.park(Native Method)
        at java.util.concurrent.locks.LockSupport.park(LockSupport.java:175)
        at java.util.concurrent.locks.AbstractQueuedSynchronizer$ConditionObject.await(AbstractQueuedSynchronizer.java:2044)
        at java.util.concurrent.ScheduledThreadPoolExecutor$DelayedWorkQueue.take(ScheduledThreadPoolExecutor.java:1088)
        at java.util.concurrent.ScheduledThreadPoolExecutor$DelayedWorkQueue.take(ScheduledThreadPoolExecutor.java:809)
        at java.util.concurrent.ThreadPoolExecutor.getTask(ThreadPoolExecutor.java:1074)
        at java.util.concurrent.ThreadPoolExecutor.runWorker(ThreadPoolExecutor.java:1134)
        at java.util.concurrent.ThreadPoolExecutor$Worker.run(ThreadPoolExecutor.java:624)
        at java.lang.Thread.run(Thread.java:750)
"ChunkWriter-0-0" daemon prio=5 tid=314 in Object.wait()
java.lang.Thread.State: WAITING (on object monitor)
        at sun.misc.Unsafe.park(Native Method)
        at java.util.concurrent.locks.LockSupport.park(LockSupport.java:175)
        at java.util.concurrent.locks.AbstractQueuedSynchronizer$ConditionObject.await(AbstractQueuedSynchronizer.java:2044)
        at java.util.concurrent.LinkedBlockingDeque.takeFirst(LinkedBlockingDeque.java:492)
        at java.util.concurrent.LinkedBlockingDeque.take(LinkedBlockingDeque.java:680)
        at java.util.concurrent.ThreadPoolExecutor.getTask(ThreadPoolExecutor.java:1074)
        at java.util.concurrent.ThreadPoolExecutor.runWorker(ThreadPoolExecutor.java:1134)
        at java.util.concurrent.ThreadPoolExecutor$Worker.run(ThreadPoolExecutor.java:624)
        at java.lang.Thread.run(Thread.java:750)
"a62c8bc8-4eaa-4bd0-9412-231650f1b373@group-9723BB0169F0-LeaderStateImpl" daemon prio=5 tid=434 timed_waiting
java.lang.Thread.State: TIMED_WAITING
        at sun.misc.Unsafe.park(Native Method)
        at java.util.concurrent.locks.LockSupport.parkNanos(LockSupport.java:215)
        at java.util.concurrent.locks.AbstractQueuedSynchronizer$ConditionObject.awaitNanos(AbstractQueuedSynchronizer.java:2083)
        at java.util.concurrent.ArrayBlockingQueue.poll(ArrayBlockingQueue.java:418)
        at org.apache.ratis.server.impl.LeaderStateImpl$EventQueue.poll(LeaderStateImpl.java:159)
        at org.apache.ratis.server.impl.LeaderStateImpl$EventProcessor.run(LeaderStateImpl.java:630)
"Finalizer" daemon prio=8 tid=3 in Object.wait()
java.lang.Thread.State: WAITING (on object monitor)
        at java.lang.Object.wait(Native Method)
        at java.lang.ref.ReferenceQueue.remove(ReferenceQueue.java:144)
        at java.lang.ref.ReferenceQueue.remove(ReferenceQueue.java:165)
        at java.lang.ref.Finalizer$FinalizerThread.run(Finalizer.java:216)
"IPC Server handler 17 on default port 38769" daemon prio=5 tid=94 timed_waiting
java.lang.Thread.State: TIMED_WAITING
        at sun.misc.Unsafe.park(Native Method)
        at java.util.concurrent.locks.LockSupport.parkNanos(LockSupport.java:215)
        at java.util.concurrent.locks.AbstractQueuedSynchronizer$ConditionObject.awaitNanos(AbstractQueuedSynchronizer.java:2083)
        at java.util.concurrent.LinkedBlockingQueue.poll(LinkedBlockingQueue.java:467)
        at org.apache.hadoop.ipc.CallQueueManager.take(CallQueueManager.java:317)
        at org.apache.hadoop.ipc.Server$Handler.run(Server.java:2932)
"ContainerOp-f82f5b97-17e3-4dda-ae22-2fbc0bccceed-5"  prio=5 tid=534 in Object.wait()
java.lang.Thread.State: WAITING (on object monitor)
        at sun.misc.Unsafe.park(Native Method)
        at java.util.concurrent.locks.LockSupport.park(LockSupport.java:175)
        at java.util.concurrent.locks.AbstractQueuedSynchronizer$ConditionObject.await(AbstractQueuedSynchronizer.java:2044)
        at java.util.concurrent.LinkedBlockingQueue.take(LinkedBlockingQueue.java:442)
        at java.util.concurrent.ThreadPoolExecutor.getTask(ThreadPoolExecutor.java:1074)
        at java.util.concurrent.ThreadPoolExecutor.runWorker(ThreadPoolExecutor.java:1134)
        at java.util.concurrent.ThreadPoolExecutor$Worker.run(ThreadPoolExecutor.java:624)
        at java.lang.Thread.run(Thread.java:750)
"IPC Server handler 9 on default port 37253" daemon prio=5 tid=66 timed_waiting
java.lang.Thread.State: TIMED_WAITING
        at sun.misc.Unsafe.park(Native Method)
        at java.util.concurrent.locks.LockSupport.parkNanos(LockSupport.java:215)
        at java.util.concurrent.locks.AbstractQueuedSynchronizer$ConditionObject.awaitNanos(AbstractQueuedSynchronizer.java:2083)
        at java.util.concurrent.LinkedBlockingQueue.poll(LinkedBlockingQueue.java:467)
        at org.apache.hadoop.ipc.CallQueueManager.take(CallQueueManager.java:317)
        at org.apache.hadoop.ipc.Server$Handler.run(Server.java:2932)
"qtp1437401449-255" daemon prio=5 tid=255 runnable
java.lang.Thread.State: RUNNABLE
        at sun.nio.ch.EPollArrayWrapper.epollWait(Native Method)
        at sun.nio.ch.EPollArrayWrapper.poll(EPollArrayWrapper.java:269)
        at sun.nio.ch.EPollSelectorImpl.doSelect(EPollSelectorImpl.java:93)
        at sun.nio.ch.SelectorImpl.lockAndDoSelect(SelectorImpl.java:86)
        at sun.nio.ch.SelectorImpl.select(SelectorImpl.java:97)
        at sun.nio.ch.SelectorImpl.select(SelectorImpl.java:101)
        at org.eclipse.jetty.io.ManagedSelector.nioSelect(ManagedSelector.java:183)
        at org.eclipse.jetty.io.ManagedSelector.select(ManagedSelector.java:190)
        at org.eclipse.jetty.io.ManagedSelector$SelectorProducer.select(ManagedSelector.java:606)
        at org.eclipse.jetty.io.ManagedSelector$SelectorProducer.produce(ManagedSelector.java:543)
        at org.eclipse.jetty.util.thread.strategy.EatWhatYouKill.produceTask(EatWhatYouKill.java:362)
        at org.eclipse.jetty.util.thread.strategy.EatWhatYouKill.doProduce(EatWhatYouKill.java:186)
        at org.eclipse.jetty.util.thread.strategy.EatWhatYouKill.tryProduce(EatWhatYouKill.java:173)
        at org.eclipse.jetty.util.thread.strategy.EatWhatYouKill.produce(EatWhatYouKill.java:137)
        at org.eclipse.jetty.io.ManagedSelector$$Lambda$397/626754729.run(Unknown Source)
        at org.eclipse.jetty.util.thread.QueuedThreadPool.runJob(QueuedThreadPool.java:883)
        at org.eclipse.jetty.util.thread.QueuedThreadPool$Runner.run(QueuedThreadPool.java:1034)
        at java.lang.Thread.run(Thread.java:750)
"IPC Server handler 15 on default port 46487" daemon prio=5 tid=159 timed_waiting
java.lang.Thread.State: TIMED_WAITING
        at sun.misc.Unsafe.park(Native Method)
        at java.util.concurrent.locks.LockSupport.parkNanos(LockSupport.java:215)
        at java.util.concurrent.locks.AbstractQueuedSynchronizer$ConditionObject.awaitNanos(AbstractQueuedSynchronizer.java:2083)
        at java.util.concurrent.LinkedBlockingQueue.poll(LinkedBlockingQueue.java:467)
        at org.apache.hadoop.ipc.CallQueueManager.take(CallQueueManager.java:317)
        at org.apache.hadoop.ipc.Server$Handler.run(Server.java:2932)
"surefire-forkedjvm-command-thread" daemon prio=5 tid=10 runnable
java.lang.Thread.State: RUNNABLE
        at java.io.FileInputStream.readBytes(Native Method)
        at java.io.FileInputStream.read(FileInputStream.java:255)
        at java.io.BufferedInputStream.read1(BufferedInputStream.java:284)
        at java.io.BufferedInputStream.read(BufferedInputStream.java:345)
        at java.io.BufferedInputStream.fill(BufferedInputStream.java:246)
        at java.io.BufferedInputStream.read1(BufferedInputStream.java:286)
        at java.io.BufferedInputStream.read(BufferedInputStream.java:345)
        at org.apache.maven.surefire.api.util.internal.Channels$3.readImpl(Channels.java:214)
        at org.apache.maven.surefire.api.util.internal.AbstractNoninterruptibleReadableChannel.read(AbstractNoninterruptibleReadableChannel.java:54)
        at org.apache.maven.surefire.booter.spi.LegacyMasterProcessChannelDecoder.decode(LegacyMasterProcessChannelDecoder.java:80)
        at org.apache.maven.surefire.booter.CommandReader$CommandRunnable.run(CommandReader.java:343)
        at java.lang.Thread.run(Thread.java:750)
"Datanode State Machine Task Thread - 0"  prio=5 tid=272 in Object.wait()
java.lang.Thread.State: WAITING (on object monitor)
        at sun.misc.Unsafe.park(Native Method)
        at java.util.concurrent.locks.LockSupport.park(LockSupport.java:175)
        at java.util.concurrent.locks.AbstractQueuedSynchronizer$ConditionObject.await(AbstractQueuedSynchronizer.java:2044)
        at java.util.concurrent.LinkedBlockingQueue.take(LinkedBlockingQueue.java:442)
        at java.util.concurrent.ThreadPoolExecutor.getTask(ThreadPoolExecutor.java:1074)
        at java.util.concurrent.ThreadPoolExecutor.runWorker(ThreadPoolExecutor.java:1134)
        at java.util.concurrent.ThreadPoolExecutor$Worker.run(ThreadPoolExecutor.java:624)
        at java.lang.Thread.run(Thread.java:750)
"EventQueue-NodeReportForNodeReportHandler" daemon prio=5 tid=664 in Object.wait()
java.lang.Thread.State: WAITING (on object monitor)
        at sun.misc.Unsafe.park(Native Method)
        at java.util.concurrent.locks.LockSupport.park(LockSupport.java:175)
        at java.util.concurrent.locks.AbstractQueuedSynchronizer$ConditionObject.await(AbstractQueuedSynchronizer.java:2044)
        at java.util.concurrent.LinkedBlockingQueue.take(LinkedBlockingQueue.java:442)
        at java.util.concurrent.ThreadPoolExecutor.getTask(ThreadPoolExecutor.java:1074)
        at java.util.concurrent.ThreadPoolExecutor.runWorker(ThreadPoolExecutor.java:1134)
        at java.util.concurrent.ThreadPoolExecutor$Worker.run(ThreadPoolExecutor.java:624)
        at java.lang.Thread.run(Thread.java:750)
"ChunkReader-ELG-0" daemon prio=5 tid=343 runnable
java.lang.Thread.State: RUNNABLE
        at org.apache.ratis.thirdparty.io.netty.channel.epoll.Native.epollWait(Native Method)
        at org.apache.ratis.thirdparty.io.netty.channel.epoll.Native.epollWait(Native.java:193)
        at org.apache.ratis.thirdparty.io.netty.channel.epoll.Native.epollWait(Native.java:186)
        at org.apache.ratis.thirdparty.io.netty.channel.epoll.EpollEventLoop.epollWaitNoTimerChange(EpollEventLoop.java:290)
        at org.apache.ratis.thirdparty.io.netty.channel.epoll.EpollEventLoop.run(EpollEventLoop.java:347)
        at org.apache.ratis.thirdparty.io.netty.util.concurrent.SingleThreadEventExecutor$4.run(SingleThreadEventExecutor.java:986)
        at org.apache.ratis.thirdparty.io.netty.util.internal.ThreadExecutorMap$2.run(ThreadExecutorMap.java:74)
        at java.lang.Thread.run(Thread.java:750)
"StaleRecoveringContainerScrubbingService#0" daemon prio=5 tid=357 timed_waiting
java.lang.Thread.State: TIMED_WAITING
        at sun.misc.Unsafe.park(Native Method)
        at java.util.concurrent.locks.LockSupport.parkNanos(LockSupport.java:215)
        at java.util.concurrent.locks.AbstractQueuedSynchronizer$ConditionObject.awaitNanos(AbstractQueuedSynchronizer.java:2083)
        at java.util.concurrent.ScheduledThreadPoolExecutor$DelayedWorkQueue.take(ScheduledThreadPoolExecutor.java:1093)
        at java.util.concurrent.ScheduledThreadPoolExecutor$DelayedWorkQueue.take(ScheduledThreadPoolExecutor.java:809)
        at java.util.concurrent.ThreadPoolExecutor.getTask(ThreadPoolExecutor.java:1074)
        at java.util.concurrent.ThreadPoolExecutor.runWorker(ThreadPoolExecutor.java:1134)
        at java.util.concurrent.ThreadPoolExecutor$Worker.run(ThreadPoolExecutor.java:624)
        at java.lang.Thread.run(Thread.java:750)
"EndpointStateMachine task thread for /0.0.0.0:38769 - 0 "  prio=5 tid=337 in Object.wait()
java.lang.Thread.State: WAITING (on object monitor)
        at sun.misc.Unsafe.park(Native Method)
        at java.util.concurrent.locks.LockSupport.park(LockSupport.java:175)
        at java.util.concurrent.locks.AbstractQueuedSynchronizer$ConditionObject.await(AbstractQueuedSynchronizer.java:2044)
        at java.util.concurrent.LinkedBlockingQueue.take(LinkedBlockingQueue.java:442)
        at java.util.concurrent.ThreadPoolExecutor.getTask(ThreadPoolExecutor.java:1074)
        at java.util.concurrent.ThreadPoolExecutor.runWorker(ThreadPoolExecutor.java:1134)
        at java.util.concurrent.ThreadPoolExecutor$Worker.run(ThreadPoolExecutor.java:624)
        at java.lang.Thread.run(Thread.java:750)
"qtp167993803-209" daemon prio=5 tid=209 timed_waiting
java.lang.Thread.State: TIMED_WAITING
        at sun.misc.Unsafe.park(Native Method)
        at java.util.concurrent.locks.LockSupport.parkNanos(LockSupport.java:215)
        at java.util.concurrent.locks.AbstractQueuedSynchronizer$ConditionObject.awaitNanos(AbstractQueuedSynchronizer.java:2083)
        at org.eclipse.jetty.util.BlockingArrayQueue.poll(BlockingArrayQueue.java:382)
        at org.eclipse.jetty.util.thread.QueuedThreadPool$Runner.idleJobPoll(QueuedThreadPool.java:974)
        at org.eclipse.jetty.util.thread.QueuedThreadPool$Runner.run(QueuedThreadPool.java:1018)
        at java.lang.Thread.run(Thread.java:750)
"ChunkWriter-2-0" daemon prio=5 tid=304 in Object.wait()
java.lang.Thread.State: WAITING (on object monitor)
        at sun.misc.Unsafe.park(Native Method)
        at java.util.concurrent.locks.LockSupport.park(LockSupport.java:175)
        at java.util.concurrent.locks.AbstractQueuedSynchronizer$ConditionObject.await(AbstractQueuedSynchronizer.java:2044)
        at java.util.concurrent.LinkedBlockingDeque.takeFirst(LinkedBlockingDeque.java:492)
        at java.util.concurrent.LinkedBlockingDeque.take(LinkedBlockingDeque.java:680)
        at java.util.concurrent.ThreadPoolExecutor.getTask(ThreadPoolExecutor.java:1074)
        at java.util.concurrent.ThreadPoolExecutor.runWorker(ThreadPoolExecutor.java:1134)
        at java.util.concurrent.ThreadPoolExecutor$Worker.run(ThreadPoolExecutor.java:624)
        at java.lang.Thread.run(Thread.java:750)
"Command processor thread" daemon prio=5 tid=244 timed_waiting
java.lang.Thread.State: TIMED_WAITING
        at java.lang.Thread.sleep(Native Method)
        at org.apache.hadoop.ozone.container.common.statemachine.DatanodeStateMachine.lambda$initCommandHandlerThread$3(DatanodeStateMachine.java:628)
        at org.apache.hadoop.ozone.container.common.statemachine.DatanodeStateMachine$$Lambda$749/1174532311.run(Unknown Source)
        at java.lang.Thread.run(Thread.java:750)
"EventQueue-PipelineReportForPipelineReportHandler" daemon prio=5 tid=364 in Object.wait()
java.lang.Thread.State: WAITING (on object monitor)
        at sun.misc.Unsafe.park(Native Method)
        at java.util.concurrent.locks.LockSupport.park(LockSupport.java:175)
        at java.util.concurrent.locks.AbstractQueuedSynchronizer$ConditionObject.await(AbstractQueuedSynchronizer.java:2044)
        at java.util.concurrent.LinkedBlockingQueue.take(LinkedBlockingQueue.java:442)
        at java.util.concurrent.ThreadPoolExecutor.getTask(ThreadPoolExecutor.java:1074)
        at java.util.concurrent.ThreadPoolExecutor.runWorker(ThreadPoolExecutor.java:1134)
        at java.util.concurrent.ThreadPoolExecutor$Worker.run(ThreadPoolExecutor.java:624)
        at java.lang.Thread.run(Thread.java:750)
"IPC Server handler 12 on default port 46487" daemon prio=5 tid=156 timed_waiting
java.lang.Thread.State: TIMED_WAITING
        at sun.misc.Unsafe.park(Native Method)
        at java.util.concurrent.locks.LockSupport.parkNanos(LockSupport.java:215)
        at java.util.concurrent.locks.AbstractQueuedSynchronizer$ConditionObject.awaitNanos(AbstractQueuedSynchronizer.java:2083)
        at java.util.concurrent.LinkedBlockingQueue.poll(LinkedBlockingQueue.java:467)
        at org.apache.hadoop.ipc.CallQueueManager.take(CallQueueManager.java:317)
        at org.apache.hadoop.ipc.Server$Handler.run(Server.java:2932)
"a62c8bc8-4eaa-4bd0-9412-231650f1b373@group-2FBC0BCCCEED-FollowerState" daemon prio=5 tid=458 timed_waiting
java.lang.Thread.State: TIMED_WAITING
        at java.lang.Thread.sleep(Native Method)
        at java.lang.Thread.sleep(Thread.java:342)
        at java.util.concurrent.TimeUnit.sleep(TimeUnit.java:386)
        at org.apache.ratis.util.TimeDuration.sleep(TimeDuration.java:325)
        at org.apache.ratis.util.TimeDuration.sleep(TimeDuration.java:310)
        at org.apache.ratis.server.impl.FollowerState.run(FollowerState.java:128)
"IPC Server handler 1 on default port 41569" daemon prio=5 tid=38 timed_waiting
java.lang.Thread.State: TIMED_WAITING
        at sun.misc.Unsafe.park(Native Method)
        at java.util.concurrent.locks.LockSupport.parkNanos(LockSupport.java:215)
        at java.util.concurrent.locks.AbstractQueuedSynchronizer$ConditionObject.awaitNanos(AbstractQueuedSynchronizer.java:2083)
        at java.util.concurrent.LinkedBlockingQueue.poll(LinkedBlockingQueue.java:467)
        at org.apache.hadoop.ipc.CallQueueManager.take(CallQueueManager.java:317)
        at org.apache.hadoop.ipc.Server$Handler.run(Server.java:2932)
"Socket Reader #1 for port 0"  prio=5 tid=28 runnable
java.lang.Thread.State: RUNNABLE
        at sun.nio.ch.EPollArrayWrapper.epollWait(Native Method)
        at sun.nio.ch.EPollArrayWrapper.poll(EPollArrayWrapper.java:269)
        at sun.nio.ch.EPollSelectorImpl.doSelect(EPollSelectorImpl.java:93)
        at sun.nio.ch.SelectorImpl.lockAndDoSelect(SelectorImpl.java:86)
        at sun.nio.ch.SelectorImpl.select(SelectorImpl.java:97)
        at sun.nio.ch.SelectorImpl.select(SelectorImpl.java:101)
        at org.apache.hadoop.ipc.Server$Listener$Reader.doRunLoop(Server.java:1288)
        at org.apache.hadoop.ipc.Server$Listener$Reader.run(Server.java:1267)
"OpenKeyCleanupService#0" daemon prio=5 tid=133 timed_waiting
java.lang.Thread.State: TIMED_WAITING
        at sun.misc.Unsafe.park(Native Method)
        at java.util.concurrent.locks.LockSupport.parkNanos(LockSupport.java:215)
        at java.util.concurrent.locks.AbstractQueuedSynchronizer$ConditionObject.awaitNanos(AbstractQueuedSynchronizer.java:2083)
        at java.util.concurrent.ScheduledThreadPoolExecutor$DelayedWorkQueue.take(ScheduledThreadPoolExecutor.java:1093)
        at java.util.concurrent.ScheduledThreadPoolExecutor$DelayedWorkQueue.take(ScheduledThreadPoolExecutor.java:809)
        at java.util.concurrent.ThreadPoolExecutor.getTask(ThreadPoolExecutor.java:1074)
        at java.util.concurrent.ThreadPoolExecutor.runWorker(ThreadPoolExecutor.java:1134)
        at java.util.concurrent.ThreadPoolExecutor$Worker.run(ThreadPoolExecutor.java:624)
        at java.lang.Thread.run(Thread.java:750)
"ChunkReader-ELG-0" daemon prio=5 tid=319 runnable
java.lang.Thread.State: RUNNABLE
        at org.apache.ratis.thirdparty.io.netty.channel.epoll.Native.epollWait(Native Method)
        at org.apache.ratis.thirdparty.io.netty.channel.epoll.Native.epollWait(Native.java:193)
        at org.apache.ratis.thirdparty.io.netty.channel.epoll.Native.epollWait(Native.java:186)
        at org.apache.ratis.thirdparty.io.netty.channel.epoll.EpollEventLoop.epollWaitNoTimerChange(EpollEventLoop.java:290)
        at org.apache.ratis.thirdparty.io.netty.channel.epoll.EpollEventLoop.run(EpollEventLoop.java:347)
        at org.apache.ratis.thirdparty.io.netty.util.concurrent.SingleThreadEventExecutor$4.run(SingleThreadEventExecutor.java:986)
        at org.apache.ratis.thirdparty.io.netty.util.internal.ThreadExecutorMap$2.run(ThreadExecutorMap.java:74)
        at java.lang.Thread.run(Thread.java:750)
"3c09ee4b-a7a3-4286-a1c3-18dea5f798e8-server-thread1" daemon prio=5 tid=592 timed_waiting
java.lang.Thread.State: TIMED_WAITING
        at sun.misc.Unsafe.park(Native Method)
        at java.util.concurrent.locks.LockSupport.parkNanos(LockSupport.java:215)
        at java.util.concurrent.SynchronousQueue$TransferStack.awaitFulfill(SynchronousQueue.java:460)
        at java.util.concurrent.SynchronousQueue$TransferStack.transfer(SynchronousQueue.java:362)
        at java.util.concurrent.SynchronousQueue.poll(SynchronousQueue.java:941)
        at java.util.concurrent.ThreadPoolExecutor.getTask(ThreadPoolExecutor.java:1073)
        at java.util.concurrent.ThreadPoolExecutor.runWorker(ThreadPoolExecutor.java:1134)
        at java.util.concurrent.ThreadPoolExecutor$Worker.run(ThreadPoolExecutor.java:624)
        at java.lang.Thread.run(Thread.java:750)
"Session-HouseKeeper-5fb65b3a-1"  prio=5 tid=183 timed_waiting
java.lang.Thread.State: TIMED_WAITING
        at sun.misc.Unsafe.park(Native Method)
        at java.util.concurrent.locks.LockSupport.parkNanos(LockSupport.java:215)
        at java.util.concurrent.locks.AbstractQueuedSynchronizer$ConditionObject.awaitNanos(AbstractQueuedSynchronizer.java:2083)
        at java.util.concurrent.ScheduledThreadPoolExecutor$DelayedWorkQueue.take(ScheduledThreadPoolExecutor.java:1093)
        at java.util.concurrent.ScheduledThreadPoolExecutor$DelayedWorkQueue.take(ScheduledThreadPoolExecutor.java:809)
        at java.util.concurrent.ThreadPoolExecutor.getTask(ThreadPoolExecutor.java:1074)
        at java.util.concurrent.ThreadPoolExecutor.runWorker(ThreadPoolExecutor.java:1134)
        at java.util.concurrent.ThreadPoolExecutor$Worker.run(ThreadPoolExecutor.java:624)
        at java.lang.Thread.run(Thread.java:750)
"org.apache.hadoop.util.JvmPauseMonitor$Monitor@1088efed" daemon prio=5 tid=165 timed_waiting
java.lang.Thread.State: TIMED_WAITING
        at java.lang.Thread.sleep(Native Method)
        at org.apache.hadoop.util.JvmPauseMonitor$Monitor.run(JvmPauseMonitor.java:192)
        at java.lang.Thread.run(Thread.java:750)
"Datanode ReportManager Thread - 4" daemon prio=5 tid=217 in Object.wait()
java.lang.Thread.State: WAITING (on object monitor)
        at sun.misc.Unsafe.park(Native Method)
        at java.util.concurrent.locks.LockSupport.park(LockSupport.java:175)
        at java.util.concurrent.locks.AbstractQueuedSynchronizer$ConditionObject.await(AbstractQueuedSynchronizer.java:2044)
        at java.util.concurrent.ScheduledThreadPoolExecutor$DelayedWorkQueue.take(ScheduledThreadPoolExecutor.java:1088)
        at java.util.concurrent.ScheduledThreadPoolExecutor$DelayedWorkQueue.take(ScheduledThreadPoolExecutor.java:809)
        at java.util.concurrent.ThreadPoolExecutor.getTask(ThreadPoolExecutor.java:1074)
        at java.util.concurrent.ThreadPoolExecutor.runWorker(ThreadPoolExecutor.java:1134)
        at java.util.concurrent.ThreadPoolExecutor$Worker.run(ThreadPoolExecutor.java:624)
        at java.lang.Thread.run(Thread.java:750)
"ChunkReader-ELG-0" daemon prio=5 tid=307 runnable
java.lang.Thread.State: RUNNABLE
        at org.apache.ratis.thirdparty.io.netty.channel.epoll.Native.epollWait(Native Method)
        at org.apache.ratis.thirdparty.io.netty.channel.epoll.Native.epollWait(Native.java:193)
        at org.apache.ratis.thirdparty.io.netty.channel.epoll.Native.epollWait(Native.java:186)
        at org.apache.ratis.thirdparty.io.netty.channel.epoll.EpollEventLoop.epollWaitNoTimerChange(EpollEventLoop.java:290)
        at org.apache.ratis.thirdparty.io.netty.channel.epoll.EpollEventLoop.run(EpollEventLoop.java:347)
        at org.apache.ratis.thirdparty.io.netty.util.concurrent.SingleThreadEventExecutor$4.run(SingleThreadEventExecutor.java:986)
        at org.apache.ratis.thirdparty.io.netty.util.internal.ThreadExecutorMap$2.run(ThreadExecutorMap.java:74)
        at java.lang.Thread.run(Thread.java:750)
"IPC Server handler 2 on default port 41569" daemon prio=5 tid=39 timed_waiting
java.lang.Thread.State: TIMED_WAITING
        at sun.misc.Unsafe.park(Native Method)
        at java.util.concurrent.locks.LockSupport.parkNanos(LockSupport.java:215)
        at java.util.concurrent.locks.AbstractQueuedSynchronizer$ConditionObject.awaitNanos(AbstractQueuedSynchronizer.java:2083)
        at java.util.concurrent.LinkedBlockingQueue.poll(LinkedBlockingQueue.java:467)
        at org.apache.hadoop.ipc.CallQueueManager.take(CallQueueManager.java:317)
        at org.apache.hadoop.ipc.Server$Handler.run(Server.java:2932)
"org.apache.ratis.util.JvmPauseMonitor$$Lambda$636/263158265@364a6064" daemon prio=5 tid=330 timed_waiting
java.lang.Thread.State: TIMED_WAITING
        at java.lang.Thread.sleep(Native Method)
        at java.lang.Thread.sleep(Thread.java:342)
        at java.util.concurrent.TimeUnit.sleep(TimeUnit.java:386)
        at org.apache.ratis.util.TimeDuration.sleep(TimeDuration.java:325)
        at org.apache.ratis.util.TimeDuration.sleep(TimeDuration.java:310)
        at org.apache.ratis.util.JvmPauseMonitor.detectPause(JvmPauseMonitor.java:117)
        at org.apache.ratis.util.JvmPauseMonitor.run(JvmPauseMonitor.java:106)
        at org.apache.ratis.util.JvmPauseMonitor$$Lambda$636/263158265.run(Unknown Source)
        at java.lang.Thread.run(Thread.java:750)
"Session-HouseKeeper-210e90fc-1"  prio=5 tid=263 timed_waiting
java.lang.Thread.State: TIMED_WAITING
        at sun.misc.Unsafe.park(Native Method)
        at java.util.concurrent.locks.LockSupport.parkNanos(LockSupport.java:215)
        at java.util.concurrent.locks.AbstractQueuedSynchronizer$ConditionObject.awaitNanos(AbstractQueuedSynchronizer.java:2083)
        at java.util.concurrent.ScheduledThreadPoolExecutor$DelayedWorkQueue.take(ScheduledThreadPoolExecutor.java:1093)
        at java.util.concurrent.ScheduledThreadPoolExecutor$DelayedWorkQueue.take(ScheduledThreadPoolExecutor.java:809)
        at java.util.concurrent.ThreadPoolExecutor.getTask(ThreadPoolExecutor.java:1074)
        at java.util.concurrent.ThreadPoolExecutor.runWorker(ThreadPoolExecutor.java:1134)
        at java.util.concurrent.ThreadPoolExecutor$Worker.run(ThreadPoolExecutor.java:624)
        at java.lang.Thread.run(Thread.java:750)
"6d0c14da-389e-4e82-8c57-a2981f576192@group-B579C050567A-SegmentedRaftLogWorker"  prio=5 tid=397 timed_waiting
java.lang.Thread.State: TIMED_WAITING
        at sun.misc.Unsafe.park(Native Method)
        at java.util.concurrent.locks.LockSupport.parkNanos(LockSupport.java:215)
        at java.util.concurrent.locks.AbstractQueuedSynchronizer$ConditionObject.awaitNanos(AbstractQueuedSynchronizer.java:2083)
        at org.apache.ratis.util.DataBlockingQueue.poll(DataBlockingQueue.java:148)
        at org.apache.ratis.server.raftlog.segmented.SegmentedRaftLogWorker.run(SegmentedRaftLogWorker.java:301)
        at org.apache.ratis.server.raftlog.segmented.SegmentedRaftLogWorker$$Lambda$564/368003876.run(Unknown Source)
        at java.lang.Thread.run(Thread.java:750)
"StaleRecoveringContainerScrubbingService#1" daemon prio=5 tid=322 in Object.wait()
java.lang.Thread.State: WAITING (on object monitor)
        at sun.misc.Unsafe.park(Native Method)
        at java.util.concurrent.locks.LockSupport.park(LockSupport.java:175)
        at java.util.concurrent.locks.AbstractQueuedSynchronizer$ConditionObject.await(AbstractQueuedSynchronizer.java:2044)
        at java.util.concurrent.ScheduledThreadPoolExecutor$DelayedWorkQueue.take(ScheduledThreadPoolExecutor.java:1088)
        at java.util.concurrent.ScheduledThreadPoolExecutor$DelayedWorkQueue.take(ScheduledThreadPoolExecutor.java:809)
        at java.util.concurrent.ThreadPoolExecutor.getTask(ThreadPoolExecutor.java:1074)
        at java.util.concurrent.ThreadPoolExecutor.runWorker(ThreadPoolExecutor.java:1134)
        at java.util.concurrent.ThreadPoolExecutor$Worker.run(ThreadPoolExecutor.java:624)
        at java.lang.Thread.run(Thread.java:750)
"StaleRecoveringContainerScrubbingService#2" daemon prio=5 tid=675 in Object.wait()
java.lang.Thread.State: WAITING (on object monitor)
        at sun.misc.Unsafe.park(Native Method)
        at java.util.concurrent.locks.LockSupport.park(LockSupport.java:175)
        at java.util.concurrent.locks.AbstractQueuedSynchronizer$ConditionObject.await(AbstractQueuedSynchronizer.java:2044)
        at java.util.concurrent.ScheduledThreadPoolExecutor$DelayedWorkQueue.take(ScheduledThreadPoolExecutor.java:1088)
        at java.util.concurrent.ScheduledThreadPoolExecutor$DelayedWorkQueue.take(ScheduledThreadPoolExecutor.java:809)
        at java.util.concurrent.ThreadPoolExecutor.getTask(ThreadPoolExecutor.java:1074)
        at java.util.concurrent.ThreadPoolExecutor.runWorker(ThreadPoolExecutor.java:1134)
        at java.util.concurrent.ThreadPoolExecutor$Worker.run(ThreadPoolExecutor.java:624)
        at java.lang.Thread.run(Thread.java:750)
"FixedThreadPoolWithAffinityExecutor-9-0" daemon prio=5 tid=361 in Object.wait()
java.lang.Thread.State: WAITING (on object monitor)
        at sun.misc.Unsafe.park(Native Method)
        at java.util.concurrent.locks.LockSupport.park(LockSupport.java:175)
        at java.util.concurrent.locks.AbstractQueuedSynchronizer$ConditionObject.await(AbstractQueuedSynchronizer.java:2044)
        at java.util.concurrent.LinkedBlockingDeque.takeFirst(LinkedBlockingDeque.java:492)
        at java.util.concurrent.LinkedBlockingDeque.take(LinkedBlockingDeque.java:680)
        at java.util.concurrent.ThreadPoolExecutor.getTask(ThreadPoolExecutor.java:1074)
        at java.util.concurrent.ThreadPoolExecutor.runWorker(ThreadPoolExecutor.java:1134)
        at java.util.concurrent.ThreadPoolExecutor$Worker.run(ThreadPoolExecutor.java:624)
        at java.lang.Thread.run(Thread.java:750)
"qtp2008534116-233" daemon prio=5 tid=233 timed_waiting
java.lang.Thread.State: TIMED_WAITING
        at sun.misc.Unsafe.park(Native Method)
        at java.util.concurrent.locks.LockSupport.parkNanos(LockSupport.java:215)
        at java.util.concurrent.locks.AbstractQueuedSynchronizer$ConditionObject.awaitNanos(AbstractQueuedSynchronizer.java:2083)
        at org.eclipse.jetty.util.BlockingArrayQueue.poll(BlockingArrayQueue.java:382)
        at org.eclipse.jetty.util.thread.QueuedThreadPool$Runner.idleJobPoll(QueuedThreadPool.java:974)
        at org.eclipse.jetty.util.thread.QueuedThreadPool$Runner.run(QueuedThreadPool.java:1018)
        at java.lang.Thread.run(Thread.java:750)
"qtp1437401449-259" daemon prio=5 tid=259 timed_waiting
java.lang.Thread.State: TIMED_WAITING
        at sun.misc.Unsafe.park(Native Method)
        at java.util.concurrent.locks.LockSupport.parkNanos(LockSupport.java:215)
        at java.util.concurrent.locks.AbstractQueuedSynchronizer$ConditionObject.awaitNanos(AbstractQueuedSynchronizer.java:2083)
        at org.eclipse.jetty.util.BlockingArrayQueue.poll(BlockingArrayQueue.java:382)
        at org.eclipse.jetty.util.thread.QueuedThreadPool$Runner.idleJobPoll(QueuedThreadPool.java:974)
        at org.eclipse.jetty.util.thread.QueuedThreadPool$Runner.run(QueuedThreadPool.java:1018)
        at java.lang.Thread.run(Thread.java:750)
"IPC Server handler 12 on default port 38769" daemon prio=5 tid=89 timed_waiting
java.lang.Thread.State: TIMED_WAITING
        at sun.misc.Unsafe.park(Native Method)
        at java.util.concurrent.locks.LockSupport.parkNanos(LockSupport.java:215)
        at java.util.concurrent.locks.AbstractQueuedSynchronizer$ConditionObject.awaitNanos(AbstractQueuedSynchronizer.java:2083)
        at java.util.concurrent.LinkedBlockingQueue.poll(LinkedBlockingQueue.java:467)
        at org.apache.hadoop.ipc.CallQueueManager.take(CallQueueManager.java:317)
        at org.apache.hadoop.ipc.Server$Handler.run(Server.java:2932)
"qtp1202765820-176-acceptor-0@3ae4a149-ServerConnector@62307118{HTTP/1.1, (http/1.1)}{0.0.0.0:35063}" daemon prio=3 tid=176 runnable
java.lang.Thread.State: RUNNABLE
        at sun.nio.ch.ServerSocketChannelImpl.accept0(Native Method)
        at sun.nio.ch.ServerSocketChannelImpl.accept(ServerSocketChannelImpl.java:421)
        at sun.nio.ch.ServerSocketChannelImpl.accept(ServerSocketChannelImpl.java:249)
        at org.eclipse.jetty.server.ServerConnector.accept(ServerConnector.java:388)
        at org.eclipse.jetty.server.AbstractConnector$Acceptor.run(AbstractConnector.java:702)
        at org.eclipse.jetty.util.thread.QueuedThreadPool.runJob(QueuedThreadPool.java:883)
        at org.eclipse.jetty.util.thread.QueuedThreadPool$Runner.run(QueuedThreadPool.java:1034)
        at java.lang.Thread.run(Thread.java:750)
"IPC Server idle connection scanner for port 46487" daemon prio=5 tid=124 timed_waiting
java.lang.Thread.State: TIMED_WAITING
        at java.lang.Object.wait(Native Method)
        at java.util.TimerThread.mainLoop(Timer.java:552)
        at java.util.TimerThread.run(Timer.java:505)
"OM StateMachine ApplyTransaction Thread - 0" daemon prio=5 tid=475 in Object.wait()
java.lang.Thread.State: WAITING (on object monitor)
        at sun.misc.Unsafe.park(Native Method)
        at java.util.concurrent.locks.LockSupport.park(LockSupport.java:175)
        at java.util.concurrent.locks.AbstractQueuedSynchronizer$ConditionObject.await(AbstractQueuedSynchronizer.java:2044)
        at java.util.concurrent.LinkedBlockingQueue.take(LinkedBlockingQueue.java:442)
        at java.util.concurrent.ThreadPoolExecutor.getTask(ThreadPoolExecutor.java:1074)
        at java.util.concurrent.ThreadPoolExecutor.runWorker(ThreadPoolExecutor.java:1134)
        at java.util.concurrent.ThreadPoolExecutor$Worker.run(ThreadPoolExecutor.java:624)
        at java.lang.Thread.run(Thread.java:750)
"IPC Server handler 14 on default port 41569" daemon prio=5 tid=51 timed_waiting
java.lang.Thread.State: TIMED_WAITING
        at sun.misc.Unsafe.park(Native Method)
        at java.util.concurrent.locks.LockSupport.parkNanos(LockSupport.java:215)
        at java.util.concurrent.locks.AbstractQueuedSynchronizer$ConditionObject.awaitNanos(AbstractQueuedSynchronizer.java:2083)
        at java.util.concurrent.LinkedBlockingQueue.poll(LinkedBlockingQueue.java:467)
        at org.apache.hadoop.ipc.CallQueueManager.take(CallQueueManager.java:317)
        at org.apache.hadoop.ipc.Server$Handler.run(Server.java:2932)
"IPC Server handler 2 on default port 38769" daemon prio=5 tid=79 timed_waiting
java.lang.Thread.State: TIMED_WAITING
        at sun.misc.Unsafe.park(Native Method)
        at java.util.concurrent.locks.LockSupport.parkNanos(LockSupport.java:215)
        at java.util.concurrent.locks.AbstractQueuedSynchronizer$ConditionObject.awaitNanos(AbstractQueuedSynchronizer.java:2083)
        at java.util.concurrent.LinkedBlockingQueue.poll(LinkedBlockingQueue.java:467)
        at org.apache.hadoop.ipc.CallQueueManager.take(CallQueueManager.java:317)
        at org.apache.hadoop.ipc.Server$Handler.run(Server.java:2932)
"StaleRecoveringContainerScrubbingService#1" daemon prio=5 tid=359 in Object.wait()
java.lang.Thread.State: WAITING (on object monitor)
        at sun.misc.Unsafe.park(Native Method)
        at java.util.concurrent.locks.LockSupport.park(LockSupport.java:175)
        at java.util.concurrent.locks.AbstractQueuedSynchronizer$ConditionObject.await(AbstractQueuedSynchronizer.java:2044)
        at java.util.concurrent.ScheduledThreadPoolExecutor$DelayedWorkQueue.take(ScheduledThreadPoolExecutor.java:1088)
        at java.util.concurrent.ScheduledThreadPoolExecutor$DelayedWorkQueue.take(ScheduledThreadPoolExecutor.java:809)
        at java.util.concurrent.ThreadPoolExecutor.getTask(ThreadPoolExecutor.java:1074)
        at java.util.concurrent.ThreadPoolExecutor.runWorker(ThreadPoolExecutor.java:1134)
        at java.util.concurrent.ThreadPoolExecutor$Worker.run(ThreadPoolExecutor.java:624)
        at java.lang.Thread.run(Thread.java:750)
"Datanode State Machine Task Thread - 0"  prio=5 tid=194 in Object.wait()
java.lang.Thread.State: WAITING (on object monitor)
        at sun.misc.Unsafe.park(Native Method)
        at java.util.concurrent.locks.LockSupport.park(LockSupport.java:175)
        at java.util.concurrent.locks.AbstractQueuedSynchronizer$ConditionObject.await(AbstractQueuedSynchronizer.java:2044)
        at java.util.concurrent.LinkedBlockingQueue.take(LinkedBlockingQueue.java:442)
        at java.util.concurrent.ThreadPoolExecutor.getTask(ThreadPoolExecutor.java:1074)
        at java.util.concurrent.ThreadPoolExecutor.runWorker(ThreadPoolExecutor.java:1134)
        at java.util.concurrent.ThreadPoolExecutor$Worker.run(ThreadPoolExecutor.java:624)
        at java.lang.Thread.run(Thread.java:750)
"om1@group-C5BA1605619E-SegmentedRaftLogWorker"  prio=5 tid=120 timed_waiting
java.lang.Thread.State: TIMED_WAITING
        at sun.misc.Unsafe.park(Native Method)
        at java.util.concurrent.locks.LockSupport.parkNanos(LockSupport.java:215)
        at java.util.concurrent.locks.AbstractQueuedSynchronizer$ConditionObject.awaitNanos(AbstractQueuedSynchronizer.java:2083)
        at org.apache.ratis.util.DataBlockingQueue.poll(DataBlockingQueue.java:148)
        at org.apache.ratis.server.raftlog.segmented.SegmentedRaftLogWorker.run(SegmentedRaftLogWorker.java:301)
        at org.apache.ratis.server.raftlog.segmented.SegmentedRaftLogWorker$$Lambda$564/368003876.run(Unknown Source)
        at java.lang.Thread.run(Thread.java:750)
"qtp2008534116-236" daemon prio=5 tid=236 timed_waiting
java.lang.Thread.State: TIMED_WAITING
        at sun.misc.Unsafe.park(Native Method)
        at java.util.concurrent.locks.LockSupport.parkNanos(LockSupport.java:215)
        at java.util.concurrent.locks.AbstractQueuedSynchronizer$ConditionObject.awaitNanos(AbstractQueuedSynchronizer.java:2083)
        at org.eclipse.jetty.util.BlockingArrayQueue.poll(BlockingArrayQueue.java:382)
        at org.eclipse.jetty.util.thread.QueuedThreadPool$Runner.idleJobPoll(QueuedThreadPool.java:974)
        at org.eclipse.jetty.util.thread.QueuedThreadPool$Runner.run(QueuedThreadPool.java:1018)
        at java.lang.Thread.run(Thread.java:750)
"BlockDeletingService#0" daemon prio=5 tid=332 timed_waiting
java.lang.Thread.State: TIMED_WAITING
        at sun.misc.Unsafe.park(Native Method)
        at java.util.concurrent.locks.LockSupport.parkNanos(LockSupport.java:215)
        at java.util.concurrent.locks.AbstractQueuedSynchronizer$ConditionObject.awaitNanos(AbstractQueuedSynchronizer.java:2083)
        at java.util.concurrent.ScheduledThreadPoolExecutor$DelayedWorkQueue.take(ScheduledThreadPoolExecutor.java:1093)
        at java.util.concurrent.ScheduledThreadPoolExecutor$DelayedWorkQueue.take(ScheduledThreadPoolExecutor.java:809)
        at java.util.concurrent.ThreadPoolExecutor.getTask(ThreadPoolExecutor.java:1074)
        at java.util.concurrent.ThreadPoolExecutor.runWorker(ThreadPoolExecutor.java:1134)
        at java.util.concurrent.ThreadPoolExecutor$Worker.run(ThreadPoolExecutor.java:624)
        at java.lang.Thread.run(Thread.java:750)
"Datanode State Machine Task Thread - 1"  prio=5 tid=312 in Object.wait()
java.lang.Thread.State: WAITING (on object monitor)
        at sun.misc.Unsafe.park(Native Method)
        at java.util.concurrent.locks.LockSupport.park(LockSupport.java:175)
        at java.util.concurrent.locks.AbstractQueuedSynchronizer$ConditionObject.await(AbstractQueuedSynchronizer.java:2044)
        at java.util.concurrent.LinkedBlockingQueue.take(LinkedBlockingQueue.java:442)
        at java.util.concurrent.ThreadPoolExecutor.getTask(ThreadPoolExecutor.java:1074)
        at java.util.concurrent.ThreadPoolExecutor.runWorker(ThreadPoolExecutor.java:1134)
        at java.util.concurrent.ThreadPoolExecutor$Worker.run(ThreadPoolExecutor.java:624)
        at java.lang.Thread.run(Thread.java:750)
"6d0c14da-389e-4e82-8c57-a2981f576192@group-CF406588F1D0-SegmentedRaftLogWorker"  prio=5 tid=392 timed_waiting
java.lang.Thread.State: TIMED_WAITING
        at sun.misc.Unsafe.park(Native Method)
        at java.util.concurrent.locks.LockSupport.parkNanos(LockSupport.java:215)
        at java.util.concurrent.locks.AbstractQueuedSynchronizer$ConditionObject.awaitNanos(AbstractQueuedSynchronizer.java:2083)
        at org.apache.ratis.util.DataBlockingQueue.poll(DataBlockingQueue.java:148)
        at org.apache.ratis.server.raftlog.segmented.SegmentedRaftLogWorker.run(SegmentedRaftLogWorker.java:301)
        at org.apache.ratis.server.raftlog.segmented.SegmentedRaftLogWorker$$Lambda$564/368003876.run(Unknown Source)
        at java.lang.Thread.run(Thread.java:750)
"IPC Server handler 1 on default port 38769" daemon prio=5 tid=78 timed_waiting
java.lang.Thread.State: TIMED_WAITING
        at sun.misc.Unsafe.park(Native Method)
        at java.util.concurrent.locks.LockSupport.parkNanos(LockSupport.java:215)
        at java.util.concurrent.locks.AbstractQueuedSynchronizer$ConditionObject.awaitNanos(AbstractQueuedSynchronizer.java:2083)
        at java.util.concurrent.LinkedBlockingQueue.poll(LinkedBlockingQueue.java:467)
        at org.apache.hadoop.ipc.CallQueueManager.take(CallQueueManager.java:317)
        at org.apache.hadoop.ipc.Server$Handler.run(Server.java:2932)
"IPC Server listener on 0" daemon prio=5 tid=23 runnable
java.lang.Thread.State: RUNNABLE
        at sun.nio.ch.EPollArrayWrapper.epollWait(Native Method)
        at sun.nio.ch.EPollArrayWrapper.poll(EPollArrayWrapper.java:269)
        at sun.nio.ch.EPollSelectorImpl.doSelect(EPollSelectorImpl.java:93)
        at sun.nio.ch.SelectorImpl.lockAndDoSelect(SelectorImpl.java:86)
        at sun.nio.ch.SelectorImpl.select(SelectorImpl.java:97)
        at sun.nio.ch.SelectorImpl.select(SelectorImpl.java:101)
        at org.apache.hadoop.ipc.Server$Listener.run(Server.java:1350)
"qtp167993803-203" daemon prio=5 tid=203 runnable
java.lang.Thread.State: RUNNABLE
        at sun.nio.ch.EPollArrayWrapper.epollWait(Native Method)
        at sun.nio.ch.EPollArrayWrapper.poll(EPollArrayWrapper.java:269)
        at sun.nio.ch.EPollSelectorImpl.doSelect(EPollSelectorImpl.java:93)
        at sun.nio.ch.SelectorImpl.lockAndDoSelect(SelectorImpl.java:86)
        at sun.nio.ch.SelectorImpl.select(SelectorImpl.java:97)
        at sun.nio.ch.SelectorImpl.select(SelectorImpl.java:101)
        at org.eclipse.jetty.io.ManagedSelector.nioSelect(ManagedSelector.java:183)
        at org.eclipse.jetty.io.ManagedSelector.select(ManagedSelector.java:190)
        at org.eclipse.jetty.io.ManagedSelector$SelectorProducer.select(ManagedSelector.java:606)
        at org.eclipse.jetty.io.ManagedSelector$SelectorProducer.produce(ManagedSelector.java:543)
        at org.eclipse.jetty.util.thread.strategy.EatWhatYouKill.produceTask(EatWhatYouKill.java:362)
        at org.eclipse.jetty.util.thread.strategy.EatWhatYouKill.doProduce(EatWhatYouKill.java:186)
        at org.eclipse.jetty.util.thread.strategy.EatWhatYouKill.tryProduce(EatWhatYouKill.java:173)
        at org.eclipse.jetty.util.thread.strategy.EatWhatYouKill.produce(EatWhatYouKill.java:137)
        at org.eclipse.jetty.io.ManagedSelector$$Lambda$397/626754729.run(Unknown Source)
        at org.eclipse.jetty.util.thread.QueuedThreadPool.runJob(QueuedThreadPool.java:883)
        at org.eclipse.jetty.util.thread.QueuedThreadPool$Runner.run(QueuedThreadPool.java:1034)
        at java.lang.Thread.run(Thread.java:750)
"ContainerOp-f82f5b97-17e3-4dda-ae22-2fbc0bccceed-4"  prio=5 tid=532 in Object.wait()
java.lang.Thread.State: WAITING (on object monitor)
        at sun.misc.Unsafe.park(Native Method)
        at java.util.concurrent.locks.LockSupport.park(LockSupport.java:175)
        at java.util.concurrent.locks.AbstractQueuedSynchronizer$ConditionObject.await(AbstractQueuedSynchronizer.java:2044)
        at java.util.concurrent.LinkedBlockingQueue.take(LinkedBlockingQueue.java:442)
        at java.util.concurrent.ThreadPoolExecutor.getTask(ThreadPoolExecutor.java:1074)
        at java.util.concurrent.ThreadPoolExecutor.runWorker(ThreadPoolExecutor.java:1134)
        at java.util.concurrent.ThreadPoolExecutor$Worker.run(ThreadPoolExecutor.java:624)
        at java.lang.Thread.run(Thread.java:750)
"Datanode State Machine Task Thread - 1"  prio=5 tid=324 in Object.wait()
java.lang.Thread.State: WAITING (on object monitor)
        at sun.misc.Unsafe.park(Native Method)
        at java.util.concurrent.locks.LockSupport.park(LockSupport.java:175)
        at java.util.concurrent.locks.AbstractQueuedSynchronizer$ConditionObject.await(AbstractQueuedSynchronizer.java:2044)
        at java.util.concurrent.LinkedBlockingQueue.take(LinkedBlockingQueue.java:442)
        at java.util.concurrent.ThreadPoolExecutor.getTask(ThreadPoolExecutor.java:1074)
        at java.util.concurrent.ThreadPoolExecutor.runWorker(ThreadPoolExecutor.java:1134)
        at java.util.concurrent.ThreadPoolExecutor$Worker.run(ThreadPoolExecutor.java:624)
        at java.lang.Thread.run(Thread.java:750)
"Time-limited test" daemon prio=5 tid=582 runnable
java.lang.Thread.State: RUNNABLE
        at java.lang.Thread.dumpThreads(Native Method)
        at java.lang.Thread.getAllStackTraces(Thread.java:1615)
        at org.apache.ozone.test.TimedOutTestsListener.buildThreadDump(TimedOutTestsListener.java:93)
        at org.apache.ozone.test.TimedOutTestsListener.buildThreadDiagnosticString(TimedOutTestsListener.java:79)
        at org.apache.ozone.test.GenericTestUtils.waitFor(GenericTestUtils.java:224)
        at org.apache.hadoop.fs.ozone.TestOzoneFileSystem.testTrash(TestOzoneFileSystem.java:1590)
        at sun.reflect.NativeMethodAccessorImpl.invoke0(Native Method)
        at sun.reflect.NativeMethodAccessorImpl.invoke(NativeMethodAccessorImpl.java:62)
        at sun.reflect.DelegatingMethodAccessorImpl.invoke(DelegatingMethodAccessorImpl.java:43)
        at java.lang.reflect.Method.invoke(Method.java:498)
        at org.junit.runners.model.FrameworkMethod$1.runReflectiveCall(FrameworkMethod.java:59)
        at org.junit.internal.runners.model.ReflectiveCallable.run(ReflectiveCallable.java:12)
        at org.junit.runners.model.FrameworkMethod.invokeExplosively(FrameworkMethod.java:56)
        at org.junit.internal.runners.statements.InvokeMethod.evaluate(InvokeMethod.java:17)
        at org.junit.internal.runners.statements.RunAfters.evaluate(RunAfters.java:27)
        at org.junit.internal.runners.statements.FailOnTimeout$CallableStatement.call(FailOnTimeout.java:288)
        at org.junit.internal.runners.statements.FailOnTimeout$CallableStatement.call(FailOnTimeout.java:282)
        at java.util.concurrent.FutureTask.run(FutureTask.java:266)
        at java.lang.Thread.run(Thread.java:750)
"Datanode State Machine Daemon Thread" daemon prio=5 tid=212 timed_waiting
java.lang.Thread.State: TIMED_WAITING
        at java.lang.Thread.sleep(Native Method)
        at org.apache.hadoop.ozone.container.common.statemachine.DatanodeStateMachine.startStateMachineThread(DatanodeStateMachine.java:313)
        at org.apache.hadoop.ozone.container.common.statemachine.DatanodeStateMachine.lambda$startDaemon$0(DatanodeStateMachine.java:493)
        at org.apache.hadoop.ozone.container.common.statemachine.DatanodeStateMachine$$Lambda$747/1804582612.run(Unknown Source)
        at java.lang.Thread.run(Thread.java:750)
"Datanode ReportManager Thread - 2" daemon prio=5 tid=293 in Object.wait()
java.lang.Thread.State: WAITING (on object monitor)
        at sun.misc.Unsafe.park(Native Method)
        at java.util.concurrent.locks.LockSupport.park(LockSupport.java:175)
        at java.util.concurrent.locks.AbstractQueuedSynchronizer$ConditionObject.await(AbstractQueuedSynchronizer.java:2044)
        at java.util.concurrent.ScheduledThreadPoolExecutor$DelayedWorkQueue.take(ScheduledThreadPoolExecutor.java:1088)
        at java.util.concurrent.ScheduledThreadPoolExecutor$DelayedWorkQueue.take(ScheduledThreadPoolExecutor.java:809)
        at java.util.concurrent.ThreadPoolExecutor.getTask(ThreadPoolExecutor.java:1074)
        at java.util.concurrent.ThreadPoolExecutor.runWorker(ThreadPoolExecutor.java:1134)
        at java.util.concurrent.ThreadPoolExecutor$Worker.run(ThreadPoolExecutor.java:624)
        at java.lang.Thread.run(Thread.java:750)
"IPC Parameter Sending Thread #0" daemon prio=5 tid=113 timed_waiting
java.lang.Thread.State: TIMED_WAITING
        at sun.misc.Unsafe.park(Native Method)
        at java.util.concurrent.locks.LockSupport.parkNanos(LockSupport.java:215)
        at java.util.concurrent.SynchronousQueue$TransferStack.awaitFulfill(SynchronousQueue.java:460)
        at java.util.concurrent.SynchronousQueue$TransferStack.transfer(SynchronousQueue.java:362)
        at java.util.concurrent.SynchronousQueue.poll(SynchronousQueue.java:941)
        at java.util.concurrent.ThreadPoolExecutor.getTask(ThreadPoolExecutor.java:1073)
        at java.util.concurrent.ThreadPoolExecutor.runWorker(ThreadPoolExecutor.java:1134)
        at java.util.concurrent.ThreadPoolExecutor$Worker.run(ThreadPoolExecutor.java:624)
        at java.lang.Thread.run(Thread.java:750)
"ContainerOp-f82f5b97-17e3-4dda-ae22-2fbc0bccceed-2"  prio=5 tid=520 in Object.wait()
java.lang.Thread.State: WAITING (on object monitor)
        at sun.misc.Unsafe.park(Native Method)
        at java.util.concurrent.locks.LockSupport.park(LockSupport.java:175)
        at java.util.concurrent.locks.AbstractQueuedSynchronizer$ConditionObject.await(AbstractQueuedSynchronizer.java:2044)
        at java.util.concurrent.LinkedBlockingQueue.take(LinkedBlockingQueue.java:442)
        at java.util.concurrent.ThreadPoolExecutor.getTask(ThreadPoolExecutor.java:1074)
        at java.util.concurrent.ThreadPoolExecutor.runWorker(ThreadPoolExecutor.java:1134)
        at java.util.concurrent.ThreadPoolExecutor$Worker.run(ThreadPoolExecutor.java:624)
        at java.lang.Thread.run(Thread.java:750)
"IPC Server Responder" daemon prio=5 tid=26 runnable
java.lang.Thread.State: RUNNABLE
        at sun.nio.ch.EPollArrayWrapper.epollWait(Native Method)
        at sun.nio.ch.EPollArrayWrapper.poll(EPollArrayWrapper.java:269)
        at sun.nio.ch.EPollSelectorImpl.doSelect(EPollSelectorImpl.java:93)
        at sun.nio.ch.SelectorImpl.lockAndDoSelect(SelectorImpl.java:86)
        at sun.nio.ch.SelectorImpl.select(SelectorImpl.java:97)
        at org.apache.hadoop.ipc.Server$Responder.doRunLoop(Server.java:1527)
        at org.apache.hadoop.ipc.Server$Responder.run(Server.java:1510)
"StaleRecoveringContainerScrubbingService#2" daemon prio=5 tid=674 in Object.wait()
java.lang.Thread.State: WAITING (on object monitor)
        at sun.misc.Unsafe.park(Native Method)
        at java.util.concurrent.locks.LockSupport.park(LockSupport.java:175)
        at java.util.concurrent.locks.AbstractQueuedSynchronizer$ConditionObject.await(AbstractQueuedSynchronizer.java:2044)
        at java.util.concurrent.ScheduledThreadPoolExecutor$DelayedWorkQueue.take(ScheduledThreadPoolExecutor.java:1088)
        at java.util.concurrent.ScheduledThreadPoolExecutor$DelayedWorkQueue.take(ScheduledThreadPoolExecutor.java:809)
        at java.util.concurrent.ThreadPoolExecutor.getTask(ThreadPoolExecutor.java:1074)
        at java.util.concurrent.ThreadPoolExecutor.runWorker(ThreadPoolExecutor.java:1134)
        at java.util.concurrent.ThreadPoolExecutor$Worker.run(ThreadPoolExecutor.java:624)
        at java.lang.Thread.run(Thread.java:750)
"pool-174-thread-1"  prio=5 tid=280 timed_waiting
java.lang.Thread.State: TIMED_WAITING
        at sun.misc.Unsafe.park(Native Method)
        at java.util.concurrent.locks.LockSupport.parkNanos(LockSupport.java:215)
        at java.util.concurrent.locks.AbstractQueuedSynchronizer$ConditionObject.awaitNanos(AbstractQueuedSynchronizer.java:2083)
        at java.util.concurrent.ScheduledThreadPoolExecutor$DelayedWorkQueue.take(ScheduledThreadPoolExecutor.java:1093)
        at java.util.concurrent.ScheduledThreadPoolExecutor$DelayedWorkQueue.take(ScheduledThreadPoolExecutor.java:809)
        at java.util.concurrent.ThreadPoolExecutor.getTask(ThreadPoolExecutor.java:1074)
        at java.util.concurrent.ThreadPoolExecutor.runWorker(ThreadPoolExecutor.java:1134)
        at java.util.concurrent.ThreadPoolExecutor$Worker.run(ThreadPoolExecutor.java:624)
        at java.lang.Thread.run(Thread.java:750)
"pool-59-thread-1"  prio=5 tid=134 timed_waiting
java.lang.Thread.State: TIMED_WAITING
        at sun.misc.Unsafe.park(Native Method)
        at java.util.concurrent.locks.LockSupport.parkNanos(LockSupport.java:215)
        at java.util.concurrent.locks.AbstractQueuedSynchronizer$ConditionObject.awaitNanos(AbstractQueuedSynchronizer.java:2083)
        at java.util.concurrent.ScheduledThreadPoolExecutor$DelayedWorkQueue.take(ScheduledThreadPoolExecutor.java:1093)
        at java.util.concurrent.ScheduledThreadPoolExecutor$DelayedWorkQueue.take(ScheduledThreadPoolExecutor.java:809)
        at java.util.concurrent.ThreadPoolExecutor.getTask(ThreadPoolExecutor.java:1074)
        at java.util.concurrent.ThreadPoolExecutor.runWorker(ThreadPoolExecutor.java:1134)
        at java.util.concurrent.ThreadPoolExecutor$Worker.run(ThreadPoolExecutor.java:624)
        at java.lang.Thread.run(Thread.java:750)
"grpc-default-executor-3" daemon prio=5 tid=463 timed_waiting
java.lang.Thread.State: TIMED_WAITING
        at sun.misc.Unsafe.park(Native Method)
        at java.util.concurrent.locks.LockSupport.parkNanos(LockSupport.java:215)
        at java.util.concurrent.SynchronousQueue$TransferStack.awaitFulfill(SynchronousQueue.java:460)
        at java.util.concurrent.SynchronousQueue$TransferStack.transfer(SynchronousQueue.java:362)
        at java.util.concurrent.SynchronousQueue.poll(SynchronousQueue.java:941)
        at java.util.concurrent.ThreadPoolExecutor.getTask(ThreadPoolExecutor.java:1073)
        at java.util.concurrent.ThreadPoolExecutor.runWorker(ThreadPoolExecutor.java:1134)
        at java.util.concurrent.ThreadPoolExecutor$Worker.run(ThreadPoolExecutor.java:624)
        at java.lang.Thread.run(Thread.java:750)
"qtp431033364-142" daemon prio=5 tid=142 timed_waiting
java.lang.Thread.State: TIMED_WAITING
        at sun.misc.Unsafe.park(Native Method)
        at java.util.concurrent.locks.LockSupport.parkNanos(LockSupport.java:215)
        at java.util.concurrent.locks.AbstractQueuedSynchronizer$ConditionObject.awaitNanos(AbstractQueuedSynchronizer.java:2083)
        at org.eclipse.jetty.util.BlockingArrayQueue.poll(BlockingArrayQueue.java:382)
        at org.eclipse.jetty.util.thread.QueuedThreadPool$Runner.idleJobPoll(QueuedThreadPool.java:974)
        at org.eclipse.jetty.util.thread.QueuedThreadPool$Runner.run(QueuedThreadPool.java:1018)
        at java.lang.Thread.run(Thread.java:750)
"IPC Server Responder" daemon prio=5 tid=34 runnable
java.lang.Thread.State: RUNNABLE
        at sun.nio.ch.EPollArrayWrapper.epollWait(Native Method)
        at sun.nio.ch.EPollArrayWrapper.poll(EPollArrayWrapper.java:269)
        at sun.nio.ch.EPollSelectorImpl.doSelect(EPollSelectorImpl.java:93)
        at sun.nio.ch.SelectorImpl.lockAndDoSelect(SelectorImpl.java:86)
        at sun.nio.ch.SelectorImpl.select(SelectorImpl.java:97)
        at org.apache.hadoop.ipc.Server$Responder.doRunLoop(Server.java:1527)
        at org.apache.hadoop.ipc.Server$Responder.run(Server.java:1510)
"6d0c14da-389e-4e82-8c57-a2981f576192@group-2FBC0BCCCEED-StateMachineUpdater" daemon prio=5 tid=402 timed_waiting
java.lang.Thread.State: TIMED_WAITING
        at sun.misc.Unsafe.park(Native Method)
        at java.util.concurrent.locks.LockSupport.parkNanos(LockSupport.java:215)
        at java.util.concurrent.CompletableFuture$Signaller.block(CompletableFuture.java:1709)
        at java.util.concurrent.ForkJoinPool.managedBlock(ForkJoinPool.java:3323)
        at java.util.concurrent.CompletableFuture.timedGet(CompletableFuture.java:1788)
        at java.util.concurrent.CompletableFuture.get(CompletableFuture.java:1928)
        at org.apache.ratis.util.AwaitForSignal.await(AwaitForSignal.java:56)
        at org.apache.ratis.server.impl.StateMachineUpdater.waitForCommit(StateMachineUpdater.java:207)
        at org.apache.ratis.server.impl.StateMachineUpdater.run(StateMachineUpdater.java:176)
        at java.lang.Thread.run(Thread.java:750)
"IPC Server handler 19 on default port 37253" daemon prio=5 tid=76 timed_waiting
java.lang.Thread.State: TIMED_WAITING
        at sun.misc.Unsafe.park(Native Method)
        at java.util.concurrent.locks.LockSupport.parkNanos(LockSupport.java:215)
        at java.util.concurrent.locks.AbstractQueuedSynchronizer$ConditionObject.awaitNanos(AbstractQueuedSynchronizer.java:2083)
        at java.util.concurrent.LinkedBlockingQueue.poll(LinkedBlockingQueue.java:467)
        at org.apache.hadoop.ipc.CallQueueManager.take(CallQueueManager.java:317)
        at org.apache.hadoop.ipc.Server$Handler.run(Server.java:2932)
"KeyDeletingService#0" daemon prio=5 tid=131 timed_waiting
java.lang.Thread.State: TIMED_WAITING
        at sun.misc.Unsafe.park(Native Method)
        at java.util.concurrent.locks.LockSupport.parkNanos(LockSupport.java:215)
        at java.util.concurrent.locks.AbstractQueuedSynchronizer$ConditionObject.awaitNanos(AbstractQueuedSynchronizer.java:2083)
        at java.util.concurrent.ScheduledThreadPoolExecutor$DelayedWorkQueue.take(ScheduledThreadPoolExecutor.java:1093)
        at java.util.concurrent.ScheduledThreadPoolExecutor$DelayedWorkQueue.take(ScheduledThreadPoolExecutor.java:809)
        at java.util.concurrent.ThreadPoolExecutor.getTask(ThreadPoolExecutor.java:1074)
        at java.util.concurrent.ThreadPoolExecutor.runWorker(ThreadPoolExecutor.java:1134)
        at java.util.concurrent.ThreadPoolExecutor$Worker.run(ThreadPoolExecutor.java:624)
        at java.lang.Thread.run(Thread.java:750)
"ContainerOp-f82f5b97-17e3-4dda-ae22-2fbc0bccceed-0"  prio=5 tid=498 in Object.wait()
java.lang.Thread.State: WAITING (on object monitor)
        at sun.misc.Unsafe.park(Native Method)
        at java.util.concurrent.locks.LockSupport.park(LockSupport.java:175)
        at java.util.concurrent.locks.AbstractQueuedSynchronizer$ConditionObject.await(AbstractQueuedSynchronizer.java:2044)
        at java.util.concurrent.LinkedBlockingQueue.take(LinkedBlockingQueue.java:442)
        at java.util.concurrent.ThreadPoolExecutor.getTask(ThreadPoolExecutor.java:1074)
        at java.util.concurrent.ThreadPoolExecutor.runWorker(ThreadPoolExecutor.java:1134)
        at java.util.concurrent.ThreadPoolExecutor$Worker.run(ThreadPoolExecutor.java:624)
        at java.lang.Thread.run(Thread.java:750)
"BlockDeletingService#1" daemon prio=5 tid=346 in Object.wait()
java.lang.Thread.State: WAITING (on object monitor)
        at sun.misc.Unsafe.park(Native Method)
        at java.util.concurrent.locks.LockSupport.park(LockSupport.java:175)
        at java.util.concurrent.locks.AbstractQueuedSynchronizer$ConditionObject.await(AbstractQueuedSynchronizer.java:2044)
        at java.util.concurrent.ScheduledThreadPoolExecutor$DelayedWorkQueue.take(ScheduledThreadPoolExecutor.java:1088)
        at java.util.concurrent.ScheduledThreadPoolExecutor$DelayedWorkQueue.take(ScheduledThreadPoolExecutor.java:809)
        at java.util.concurrent.ThreadPoolExecutor.getTask(ThreadPoolExecutor.java:1074)
        at java.util.concurrent.ThreadPoolExecutor.runWorker(ThreadPoolExecutor.java:1134)
        at java.util.concurrent.ThreadPoolExecutor$Worker.run(ThreadPoolExecutor.java:624)
        at java.lang.Thread.run(Thread.java:750)
"ChunkWriter-3-0" daemon prio=5 tid=305 in Object.wait()
java.lang.Thread.State: WAITING (on object monitor)
        at sun.misc.Unsafe.park(Native Method)
        at java.util.concurrent.locks.LockSupport.park(LockSupport.java:175)
        at java.util.concurrent.locks.AbstractQueuedSynchronizer$ConditionObject.await(AbstractQueuedSynchronizer.java:2044)
        at java.util.concurrent.LinkedBlockingDeque.takeFirst(LinkedBlockingDeque.java:492)
        at java.util.concurrent.LinkedBlockingDeque.take(LinkedBlockingDeque.java:680)
        at java.util.concurrent.ThreadPoolExecutor.getTask(ThreadPoolExecutor.java:1074)
        at java.util.concurrent.ThreadPoolExecutor.runWorker(ThreadPoolExecutor.java:1134)
        at java.util.concurrent.ThreadPoolExecutor$Worker.run(ThreadPoolExecutor.java:624)
        at java.lang.Thread.run(Thread.java:750)
"BlockDeletingService#2" daemon prio=5 tid=668 in Object.wait()
java.lang.Thread.State: WAITING (on object monitor)
        at sun.misc.Unsafe.park(Native Method)
        at java.util.concurrent.locks.LockSupport.park(LockSupport.java:175)
        at java.util.concurrent.locks.AbstractQueuedSynchronizer$ConditionObject.await(AbstractQueuedSynchronizer.java:2044)
        at java.util.concurrent.ScheduledThreadPoolExecutor$DelayedWorkQueue.take(ScheduledThreadPoolExecutor.java:1088)
        at java.util.concurrent.ScheduledThreadPoolExecutor$DelayedWorkQueue.take(ScheduledThreadPoolExecutor.java:809)
        at java.util.concurrent.ThreadPoolExecutor.getTask(ThreadPoolExecutor.java:1074)
        at java.util.concurrent.ThreadPoolExecutor.runWorker(ThreadPoolExecutor.java:1134)
        at java.util.concurrent.ThreadPoolExecutor$Worker.run(ThreadPoolExecutor.java:624)
        at java.lang.Thread.run(Thread.java:750)
"ContainerOp-f82f5b97-17e3-4dda-ae22-2fbc0bccceed-1"  prio=5 tid=500 in Object.wait()
java.lang.Thread.State: WAITING (on object monitor)
        at sun.misc.Unsafe.park(Native Method)
        at java.util.concurrent.locks.LockSupport.park(LockSupport.java:175)
        at java.util.concurrent.locks.AbstractQueuedSynchronizer$ConditionObject.await(AbstractQueuedSynchronizer.java:2044)
        at java.util.concurrent.LinkedBlockingQueue.take(LinkedBlockingQueue.java:442)
        at java.util.concurrent.ThreadPoolExecutor.getTask(ThreadPoolExecutor.java:1074)
        at java.util.concurrent.ThreadPoolExecutor.runWorker(ThreadPoolExecutor.java:1134)
        at java.util.concurrent.ThreadPoolExecutor$Worker.run(ThreadPoolExecutor.java:624)
        at java.lang.Thread.run(Thread.java:750)
"BlockDeletingService#1" daemon prio=5 tid=323 in Object.wait()
java.lang.Thread.State: WAITING (on object monitor)
        at sun.misc.Unsafe.park(Native Method)
        at java.util.concurrent.locks.LockSupport.park(LockSupport.java:175)
        at java.util.concurrent.locks.AbstractQueuedSynchronizer$ConditionObject.await(AbstractQueuedSynchronizer.java:2044)
        at java.util.concurrent.ScheduledThreadPoolExecutor$DelayedWorkQueue.take(ScheduledThreadPoolExecutor.java:1088)
        at java.util.concurrent.ScheduledThreadPoolExecutor$DelayedWorkQueue.take(ScheduledThreadPoolExecutor.java:809)
        at java.util.concurrent.ThreadPoolExecutor.getTask(ThreadPoolExecutor.java:1074)
        at java.util.concurrent.ThreadPoolExecutor.runWorker(ThreadPoolExecutor.java:1134)
        at java.util.concurrent.ThreadPoolExecutor$Worker.run(ThreadPoolExecutor.java:624)
        at java.lang.Thread.run(Thread.java:750)
"IPC Server handler 6 on default port 41569" daemon prio=5 tid=43 timed_waiting
java.lang.Thread.State: TIMED_WAITING
        at sun.misc.Unsafe.park(Native Method)
        at java.util.concurrent.locks.LockSupport.parkNanos(LockSupport.java:215)
        at java.util.concurrent.locks.AbstractQueuedSynchronizer$ConditionObject.awaitNanos(AbstractQueuedSynchronizer.java:2083)
        at java.util.concurrent.LinkedBlockingQueue.poll(LinkedBlockingQueue.java:467)
        at org.apache.hadoop.ipc.CallQueueManager.take(CallQueueManager.java:317)
        at org.apache.hadoop.ipc.Server$Handler.run(Server.java:2932)
"6d0c14da-389e-4e82-8c57-a2981f576192@group-B579C050567A-LeaderStateImpl" daemon prio=5 tid=442 timed_waiting
java.lang.Thread.State: TIMED_WAITING
        at sun.misc.Unsafe.park(Native Method)
        at java.util.concurrent.locks.LockSupport.parkNanos(LockSupport.java:215)
        at java.util.concurrent.locks.AbstractQueuedSynchronizer$ConditionObject.awaitNanos(AbstractQueuedSynchronizer.java:2083)
        at java.util.concurrent.ArrayBlockingQueue.poll(ArrayBlockingQueue.java:418)
        at org.apache.ratis.server.impl.LeaderStateImpl$EventQueue.poll(LeaderStateImpl.java:159)
        at org.apache.ratis.server.impl.LeaderStateImpl$EventProcessor.run(LeaderStateImpl.java:630)
"ContainerOp-f82f5b97-17e3-4dda-ae22-2fbc0bccceed-6"  prio=5 tid=541 in Object.wait()
java.lang.Thread.State: WAITING (on object monitor)
        at sun.misc.Unsafe.park(Native Method)
        at java.util.concurrent.locks.LockSupport.park(LockSupport.java:175)
        at java.util.concurrent.locks.AbstractQueuedSynchronizer$ConditionObject.await(AbstractQueuedSynchronizer.java:2044)
        at java.util.concurrent.LinkedBlockingQueue.take(LinkedBlockingQueue.java:442)
        at java.util.concurrent.ThreadPoolExecutor.getTask(ThreadPoolExecutor.java:1074)
        at java.util.concurrent.ThreadPoolExecutor.runWorker(ThreadPoolExecutor.java:1134)
        at java.util.concurrent.ThreadPoolExecutor$Worker.run(ThreadPoolExecutor.java:624)
        at java.lang.Thread.run(Thread.java:750)
"IPC Server handler 11 on default port 41569" daemon prio=5 tid=48 timed_waiting
java.lang.Thread.State: TIMED_WAITING
        at sun.misc.Unsafe.park(Native Method)
        at java.util.concurrent.locks.LockSupport.parkNanos(LockSupport.java:215)
        at java.util.concurrent.locks.AbstractQueuedSynchronizer$ConditionObject.awaitNanos(AbstractQueuedSynchronizer.java:2083)
        at java.util.concurrent.LinkedBlockingQueue.poll(LinkedBlockingQueue.java:467)
        at org.apache.hadoop.ipc.CallQueueManager.take(CallQueueManager.java:317)
        at org.apache.hadoop.ipc.Server$Handler.run(Server.java:2932)
"Datanode State Machine Task Thread - 1"  prio=5 tid=299 in Object.wait()
java.lang.Thread.State: WAITING (on object monitor)
        at sun.misc.Unsafe.park(Native Method)
        at java.util.concurrent.locks.LockSupport.park(LockSupport.java:175)
        at java.util.concurrent.locks.AbstractQueuedSynchronizer$ConditionObject.await(AbstractQueuedSynchronizer.java:2044)
        at java.util.concurrent.LinkedBlockingQueue.take(LinkedBlockingQueue.java:442)
        at java.util.concurrent.ThreadPoolExecutor.getTask(ThreadPoolExecutor.java:1074)
        at java.util.concurrent.ThreadPoolExecutor.runWorker(ThreadPoolExecutor.java:1134)
        at java.util.concurrent.ThreadPoolExecutor$Worker.run(ThreadPoolExecutor.java:624)
        at java.lang.Thread.run(Thread.java:750)
"Datanode ReportManager Thread - 4" daemon prio=5 tid=269 in Object.wait()
java.lang.Thread.State: WAITING (on object monitor)
        at sun.misc.Unsafe.park(Native Method)
        at java.util.concurrent.locks.LockSupport.park(LockSupport.java:175)
        at java.util.concurrent.locks.AbstractQueuedSynchronizer$ConditionObject.await(AbstractQueuedSynchronizer.java:2044)
        at java.util.concurrent.ScheduledThreadPoolExecutor$DelayedWorkQueue.take(ScheduledThreadPoolExecutor.java:1088)
        at java.util.concurrent.ScheduledThreadPoolExecutor$DelayedWorkQueue.take(ScheduledThreadPoolExecutor.java:809)
        at java.util.concurrent.ThreadPoolExecutor.getTask(ThreadPoolExecutor.java:1074)
        at java.util.concurrent.ThreadPoolExecutor.runWorker(ThreadPoolExecutor.java:1134)
        at java.util.concurrent.ThreadPoolExecutor$Worker.run(ThreadPoolExecutor.java:624)
        at java.lang.Thread.run(Thread.java:750)
"pool-65-thread-1" daemon prio=5 tid=169 timed_waiting
java.lang.Thread.State: TIMED_WAITING
        at sun.misc.Unsafe.park(Native Method)
        at java.util.concurrent.locks.LockSupport.parkNanos(LockSupport.java:215)
        at java.util.concurrent.locks.AbstractQueuedSynchronizer$ConditionObject.awaitNanos(AbstractQueuedSynchronizer.java:2083)
        at java.util.concurrent.ScheduledThreadPoolExecutor$DelayedWorkQueue.take(ScheduledThreadPoolExecutor.java:1093)
        at java.util.concurrent.ScheduledThreadPoolExecutor$DelayedWorkQueue.take(ScheduledThreadPoolExecutor.java:809)
        at java.util.concurrent.ThreadPoolExecutor.getTask(ThreadPoolExecutor.java:1074)
        at java.util.concurrent.ThreadPoolExecutor.runWorker(ThreadPoolExecutor.java:1134)
        at java.util.concurrent.ThreadPoolExecutor$Worker.run(ThreadPoolExecutor.java:624)
        at java.lang.Thread.run(Thread.java:750)
"ChunkWriter-3-0" daemon prio=5 tid=317 in Object.wait()
java.lang.Thread.State: WAITING (on object monitor)
        at sun.misc.Unsafe.park(Native Method)
        at java.util.concurrent.locks.LockSupport.park(LockSupport.java:175)
        at java.util.concurrent.locks.AbstractQueuedSynchronizer$ConditionObject.await(AbstractQueuedSynchronizer.java:2044)
        at java.util.concurrent.LinkedBlockingDeque.takeFirst(LinkedBlockingDeque.java:492)
        at java.util.concurrent.LinkedBlockingDeque.take(LinkedBlockingDeque.java:680)
        at java.util.concurrent.ThreadPoolExecutor.getTask(ThreadPoolExecutor.java:1074)
        at java.util.concurrent.ThreadPoolExecutor.runWorker(ThreadPoolExecutor.java:1134)
        at java.util.concurrent.ThreadPoolExecutor$Worker.run(ThreadPoolExecutor.java:624)
        at java.lang.Thread.run(Thread.java:750)
"EventQueue-NewNodeForNewNodeHandler" daemon prio=5 tid=360 in Object.wait()
java.lang.Thread.State: WAITING (on object monitor)
        at sun.misc.Unsafe.park(Native Method)
        at java.util.concurrent.locks.LockSupport.park(LockSupport.java:175)
        at java.util.concurrent.locks.AbstractQueuedSynchronizer$ConditionObject.await(AbstractQueuedSynchronizer.java:2044)
        at java.util.concurrent.LinkedBlockingQueue.take(LinkedBlockingQueue.java:442)
        at java.util.concurrent.ThreadPoolExecutor.getTask(ThreadPoolExecutor.java:1074)
        at java.util.concurrent.ThreadPoolExecutor.runWorker(ThreadPoolExecutor.java:1134)
        at java.util.concurrent.ThreadPoolExecutor$Worker.run(ThreadPoolExecutor.java:624)
        at java.lang.Thread.run(Thread.java:750)
"IPC Client (907656350) connection to localhost/127.0.0.1:46487 from runner" daemon prio=5 tid=479 timed_waiting
java.lang.Thread.State: TIMED_WAITING
        at java.lang.Object.wait(Native Method)
        at org.apache.hadoop.ipc.Client$Connection.waitForWork(Client.java:1053)
        at org.apache.hadoop.ipc.Client$Connection.run(Client.java:1097)
"qtp1532216261-103" daemon prio=5 tid=103 timed_waiting
java.lang.Thread.State: TIMED_WAITING
        at sun.misc.Unsafe.park(Native Method)
        at java.util.concurrent.locks.LockSupport.parkNanos(LockSupport.java:215)
        at java.util.concurrent.locks.AbstractQueuedSynchronizer$ConditionObject.awaitNanos(AbstractQueuedSynchronizer.java:2083)
        at org.eclipse.jetty.util.BlockingArrayQueue.poll(BlockingArrayQueue.java:382)
        at org.eclipse.jetty.util.thread.QueuedThreadPool$Runner.idleJobPoll(QueuedThreadPool.java:974)
        at org.eclipse.jetty.util.thread.QueuedThreadPool$Runner.run(QueuedThreadPool.java:1018)
        at java.lang.Thread.run(Thread.java:750)
"IPC Server idle connection scanner for port 38769" daemon prio=5 tid=25 timed_waiting
java.lang.Thread.State: TIMED_WAITING
        at java.lang.Object.wait(Native Method)
        at java.util.TimerThread.mainLoop(Timer.java:552)
        at java.util.TimerThread.run(Timer.java:505)
"ChunkWriter-2-0" daemon prio=5 tid=316 in Object.wait()
java.lang.Thread.State: WAITING (on object monitor)
        at sun.misc.Unsafe.park(Native Method)
        at java.util.concurrent.locks.LockSupport.park(LockSupport.java:175)
        at java.util.concurrent.locks.AbstractQueuedSynchronizer$ConditionObject.await(AbstractQueuedSynchronizer.java:2044)
        at java.util.concurrent.LinkedBlockingDeque.takeFirst(LinkedBlockingDeque.java:492)
        at java.util.concurrent.LinkedBlockingDeque.take(LinkedBlockingDeque.java:680)
        at java.util.concurrent.ThreadPoolExecutor.getTask(ThreadPoolExecutor.java:1074)
        at java.util.concurrent.ThreadPoolExecutor.runWorker(ThreadPoolExecutor.java:1134)
        at java.util.concurrent.ThreadPoolExecutor$Worker.run(ThreadPoolExecutor.java:624)
        at java.lang.Thread.run(Thread.java:750)
"BlockDeletingService#3" daemon prio=5 tid=784 in Object.wait()
java.lang.Thread.State: WAITING (on object monitor)
        at sun.misc.Unsafe.park(Native Method)
        at java.util.concurrent.locks.LockSupport.park(LockSupport.java:175)
        at java.util.concurrent.locks.AbstractQueuedSynchronizer$ConditionObject.await(AbstractQueuedSynchronizer.java:2044)
        at java.util.concurrent.ScheduledThreadPoolExecutor$DelayedWorkQueue.take(ScheduledThreadPoolExecutor.java:1088)
        at java.util.concurrent.ScheduledThreadPoolExecutor$DelayedWorkQueue.take(ScheduledThreadPoolExecutor.java:809)
        at java.util.concurrent.ThreadPoolExecutor.getTask(ThreadPoolExecutor.java:1074)
        at java.util.concurrent.ThreadPoolExecutor.runWorker(ThreadPoolExecutor.java:1134)
        at java.util.concurrent.ThreadPoolExecutor$Worker.run(ThreadPoolExecutor.java:624)
        at java.lang.Thread.run(Thread.java:750)
"ContainerOp-f82f5b97-17e3-4dda-ae22-2fbc0bccceed-3"  prio=5 tid=528 in Object.wait()
java.lang.Thread.State: WAITING (on object monitor)
        at sun.misc.Unsafe.park(Native Method)
        at java.util.concurrent.locks.LockSupport.park(LockSupport.java:175)
        at java.util.concurrent.locks.AbstractQueuedSynchronizer$ConditionObject.await(AbstractQueuedSynchronizer.java:2044)
        at java.util.concurrent.LinkedBlockingQueue.take(LinkedBlockingQueue.java:442)
        at java.util.concurrent.ThreadPoolExecutor.getTask(ThreadPoolExecutor.java:1074)
        at java.util.concurrent.ThreadPoolExecutor.runWorker(ThreadPoolExecutor.java:1134)
        at java.util.concurrent.ThreadPoolExecutor$Worker.run(ThreadPoolExecutor.java:624)
        at java.lang.Thread.run(Thread.java:750)
"grpc-default-worker-ELG-3-1" daemon prio=5 tid=379 runnable
java.lang.Thread.State: RUNNABLE
        at org.apache.ratis.thirdparty.io.netty.channel.epoll.Native.epollWait(Native Method)
        at org.apache.ratis.thirdparty.io.netty.channel.epoll.Native.epollWait(Native.java:193)
        at org.apache.ratis.thirdparty.io.netty.channel.epoll.Native.epollWait(Native.java:186)
        at org.apache.ratis.thirdparty.io.netty.channel.epoll.EpollEventLoop.epollWaitNoTimerChange(EpollEventLoop.java:290)
        at org.apache.ratis.thirdparty.io.netty.channel.epoll.EpollEventLoop.run(EpollEventLoop.java:347)
        at org.apache.ratis.thirdparty.io.netty.util.concurrent.SingleThreadEventExecutor$4.run(SingleThreadEventExecutor.java:986)
        at org.apache.ratis.thirdparty.io.netty.util.internal.ThreadExecutorMap$2.run(ThreadExecutorMap.java:74)
        at org.apache.ratis.thirdparty.io.netty.util.concurrent.FastThreadLocalRunnable.run(FastThreadLocalRunnable.java:30)
        at java.lang.Thread.run(Thread.java:750)
"Datanode ReportManager Thread - 3" daemon prio=5 tid=190 in Object.wait()
java.lang.Thread.State: WAITING (on object monitor)
        at sun.misc.Unsafe.park(Native Method)
        at java.util.concurrent.locks.LockSupport.park(LockSupport.java:175)
        at java.util.concurrent.locks.AbstractQueuedSynchronizer$ConditionObject.await(AbstractQueuedSynchronizer.java:2044)
        at java.util.concurrent.ScheduledThreadPoolExecutor$DelayedWorkQueue.take(ScheduledThreadPoolExecutor.java:1088)
        at java.util.concurrent.ScheduledThreadPoolExecutor$DelayedWorkQueue.take(ScheduledThreadPoolExecutor.java:809)
        at java.util.concurrent.ThreadPoolExecutor.getTask(ThreadPoolExecutor.java:1074)
        at java.util.concurrent.ThreadPoolExecutor.runWorker(ThreadPoolExecutor.java:1134)
        at java.util.concurrent.ThreadPoolExecutor$Worker.run(ThreadPoolExecutor.java:624)
        at java.lang.Thread.run(Thread.java:750)
"IPC Server handler 3 on default port 41569" daemon prio=5 tid=40 timed_waiting
java.lang.Thread.State: TIMED_WAITING
        at sun.misc.Unsafe.park(Native Method)
        at java.util.concurrent.locks.LockSupport.parkNanos(LockSupport.java:215)
        at java.util.concurrent.locks.AbstractQueuedSynchronizer$ConditionObject.awaitNanos(AbstractQueuedSynchronizer.java:2083)
        at java.util.concurrent.LinkedBlockingQueue.poll(LinkedBlockingQueue.java:467)
        at org.apache.hadoop.ipc.CallQueueManager.take(CallQueueManager.java:317)
        at org.apache.hadoop.ipc.Server$Handler.run(Server.java:2932)
"qtp1532216261-107" daemon prio=5 tid=107 timed_waiting
java.lang.Thread.State: TIMED_WAITING
        at sun.misc.Unsafe.park(Native Method)
        at java.util.concurrent.locks.LockSupport.parkNanos(LockSupport.java:215)
        at java.util.concurrent.locks.AbstractQueuedSynchronizer$ConditionObject.awaitNanos(AbstractQueuedSynchronizer.java:2083)
        at org.eclipse.jetty.util.BlockingArrayQueue.poll(BlockingArrayQueue.java:382)
        at org.eclipse.jetty.util.thread.QueuedThreadPool$Runner.idleJobPoll(QueuedThreadPool.java:974)
        at org.eclipse.jetty.util.thread.QueuedThreadPool$Runner.run(QueuedThreadPool.java:1018)
        at java.lang.Thread.run(Thread.java:750)
"Datanode State Machine Daemon Thread" daemon prio=5 tid=238 timed_waiting
java.lang.Thread.State: TIMED_WAITING
        at java.lang.Thread.sleep(Native Method)
        at org.apache.hadoop.ozone.container.common.statemachine.DatanodeStateMachine.startStateMachineThread(DatanodeStateMachine.java:313)
        at org.apache.hadoop.ozone.container.common.statemachine.DatanodeStateMachine.lambda$startDaemon$0(DatanodeStateMachine.java:493)
        at org.apache.hadoop.ozone.container.common.statemachine.DatanodeStateMachine$$Lambda$747/1804582612.run(Unknown Source)
        at java.lang.Thread.run(Thread.java:750)
"org.apache.hadoop.util.JvmPauseMonitor$Monitor@5ec6e885" daemon prio=5 tid=245 timed_waiting
java.lang.Thread.State: TIMED_WAITING
        at java.lang.Thread.sleep(Native Method)
        at org.apache.hadoop.util.JvmPauseMonitor$Monitor.run(JvmPauseMonitor.java:192)
        at java.lang.Thread.run(Thread.java:750)
"Timer-0"  prio=5 tid=130 timed_waiting
java.lang.Thread.State: TIMED_WAITING
        at java.lang.Object.wait(Native Method)
        at java.util.TimerThread.mainLoop(Timer.java:552)
        at java.util.TimerThread.run(Timer.java:505)
"org.apache.hadoop.ozone.container.common.statemachine.commandhandler.DeleteBlocksCommandHandler$DeleteCmdWorker@2960f500" daemon prio=5 tid=173 timed_waiting
java.lang.Thread.State: TIMED_WAITING
        at java.lang.Thread.sleep(Native Method)
        at org.apache.hadoop.ozone.container.common.statemachine.commandhandler.DeleteBlocksCommandHandler$DeleteCmdWorker.run(DeleteBlocksCommandHandler.java:183)
        at java.lang.Thread.run(Thread.java:750)
"pool-60-thread-5"  prio=5 tid=610 in Object.wait()
java.lang.Thread.State: WAITING (on object monitor)
        at sun.misc.Unsafe.park(Native Method)
        at java.util.concurrent.locks.LockSupport.park(LockSupport.java:175)
        at java.util.concurrent.locks.AbstractQueuedSynchronizer$ConditionObject.await(AbstractQueuedSynchronizer.java:2044)
        at java.util.concurrent.ArrayBlockingQueue.take(ArrayBlockingQueue.java:403)
        at java.util.concurrent.ThreadPoolExecutor.getTask(ThreadPoolExecutor.java:1074)
        at java.util.concurrent.ThreadPoolExecutor.runWorker(ThreadPoolExecutor.java:1134)
        at java.util.concurrent.ThreadPoolExecutor$Worker.run(ThreadPoolExecutor.java:624)
        at java.lang.Thread.run(Thread.java:750)
"Command processor thread" daemon prio=5 tid=218 timed_waiting
java.lang.Thread.State: TIMED_WAITING
        at java.lang.Thread.sleep(Native Method)
        at org.apache.hadoop.ozone.container.common.statemachine.DatanodeStateMachine.lambda$initCommandHandlerThread$3(DatanodeStateMachine.java:628)
        at org.apache.hadoop.ozone.container.common.statemachine.DatanodeStateMachine$$Lambda$749/1174532311.run(Unknown Source)
        at java.lang.Thread.run(Thread.java:750)
"IPC Server handler 0 on default port 38769" daemon prio=5 tid=77 timed_waiting
java.lang.Thread.State: TIMED_WAITING
        at sun.misc.Unsafe.park(Native Method)
        at java.util.concurrent.locks.LockSupport.parkNanos(LockSupport.java:215)
        at java.util.concurrent.locks.AbstractQueuedSynchronizer$ConditionObject.awaitNanos(AbstractQueuedSynchronizer.java:2083)
        at java.util.concurrent.LinkedBlockingQueue.poll(LinkedBlockingQueue.java:467)
        at org.apache.hadoop.ipc.CallQueueManager.take(CallQueueManager.java:317)
        at org.apache.hadoop.ipc.Server$Handler.run(Server.java:2932)
"IPC Server handler 5 on default port 41569" daemon prio=5 tid=42 timed_waiting
java.lang.Thread.State: TIMED_WAITING
        at sun.misc.Unsafe.park(Native Method)
        at java.util.concurrent.locks.LockSupport.parkNanos(LockSupport.java:215)
        at java.util.concurrent.locks.AbstractQueuedSynchronizer$ConditionObject.awaitNanos(AbstractQueuedSynchronizer.java:2083)
        at java.util.concurrent.LinkedBlockingQueue.poll(LinkedBlockingQueue.java:467)
        at org.apache.hadoop.ipc.CallQueueManager.take(CallQueueManager.java:317)
        at org.apache.hadoop.ipc.Server$Handler.run(Server.java:2932)
"SCMBlockDeletingService#0" daemon prio=5 tid=97 timed_waiting
java.lang.Thread.State: TIMED_WAITING
        at sun.misc.Unsafe.park(Native Method)
        at java.util.concurrent.locks.LockSupport.parkNanos(LockSupport.java:215)
        at java.util.concurrent.locks.AbstractQueuedSynchronizer$ConditionObject.awaitNanos(AbstractQueuedSynchronizer.java:2083)
        at java.util.concurrent.ScheduledThreadPoolExecutor$DelayedWorkQueue.take(ScheduledThreadPoolExecutor.java:1093)
        at java.util.concurrent.ScheduledThreadPoolExecutor$DelayedWorkQueue.take(ScheduledThreadPoolExecutor.java:809)
        at java.util.concurrent.ThreadPoolExecutor.getTask(ThreadPoolExecutor.java:1074)
        at java.util.concurrent.ThreadPoolExecutor.runWorker(ThreadPoolExecutor.java:1134)
        at java.util.concurrent.ThreadPoolExecutor$Worker.run(ThreadPoolExecutor.java:624)
        at java.lang.Thread.run(Thread.java:750)
"3c09ee4b-a7a3-4286-a1c3-18dea5f798e8@group-DF4EF8A187A1-StateMachineUpdater" daemon prio=5 tid=373 timed_waiting
java.lang.Thread.State: TIMED_WAITING
        at sun.misc.Unsafe.park(Native Method)
        at java.util.concurrent.locks.LockSupport.parkNanos(LockSupport.java:215)
        at java.util.concurrent.CompletableFuture$Signaller.block(CompletableFuture.java:1709)
        at java.util.concurrent.ForkJoinPool.managedBlock(ForkJoinPool.java:3323)
        at java.util.concurrent.CompletableFuture.timedGet(CompletableFuture.java:1788)
        at java.util.concurrent.CompletableFuture.get(CompletableFuture.java:1928)
        at org.apache.ratis.util.AwaitForSignal.await(AwaitForSignal.java:56)
        at org.apache.ratis.server.impl.StateMachineUpdater.waitForCommit(StateMachineUpdater.java:207)
        at org.apache.ratis.server.impl.StateMachineUpdater.run(StateMachineUpdater.java:176)
        at java.lang.Thread.run(Thread.java:750)
"EndpointStateMachine task thread for /0.0.0.0:38769 - 0 "  prio=5 tid=325 in Object.wait()
java.lang.Thread.State: WAITING (on object monitor)
        at sun.misc.Unsafe.park(Native Method)
        at java.util.concurrent.locks.LockSupport.park(LockSupport.java:175)
        at java.util.concurrent.locks.AbstractQueuedSynchronizer$ConditionObject.await(AbstractQueuedSynchronizer.java:2044)
        at java.util.concurrent.LinkedBlockingQueue.take(LinkedBlockingQueue.java:442)
        at java.util.concurrent.ThreadPoolExecutor.getTask(ThreadPoolExecutor.java:1074)
        at java.util.concurrent.ThreadPoolExecutor.runWorker(ThreadPoolExecutor.java:1134)
        at java.util.concurrent.ThreadPoolExecutor$Worker.run(ThreadPoolExecutor.java:624)
        at java.lang.Thread.run(Thread.java:750)
"BlockDeletingService#0" daemon prio=5 tid=308 timed_waiting
java.lang.Thread.State: TIMED_WAITING
        at sun.misc.Unsafe.park(Native Method)
        at java.util.concurrent.locks.LockSupport.parkNanos(LockSupport.java:215)
        at java.util.concurrent.locks.AbstractQueuedSynchronizer$ConditionObject.awaitNanos(AbstractQueuedSynchronizer.java:2083)
        at java.util.concurrent.ScheduledThreadPoolExecutor$DelayedWorkQueue.take(ScheduledThreadPoolExecutor.java:1093)
        at java.util.concurrent.ScheduledThreadPoolExecutor$DelayedWorkQueue.take(ScheduledThreadPoolExecutor.java:809)
        at java.util.concurrent.ThreadPoolExecutor.getTask(ThreadPoolExecutor.java:1074)
        at java.util.concurrent.ThreadPoolExecutor.runWorker(ThreadPoolExecutor.java:1134)
        at java.util.concurrent.ThreadPoolExecutor$Worker.run(ThreadPoolExecutor.java:624)
        at java.lang.Thread.run(Thread.java:750)
"Listener at 127.0.0.1/46487"  prio=5 tid=1 timed_waiting
java.lang.Thread.State: TIMED_WAITING
        at sun.misc.Unsafe.park(Native Method)
        at java.util.concurrent.locks.LockSupport.parkNanos(LockSupport.java:215)
        at java.util.concurrent.FutureTask.awaitDone(FutureTask.java:426)
        at java.util.concurrent.FutureTask.get(FutureTask.java:204)
        at org.junit.internal.runners.statements.FailOnTimeout.getResult(FailOnTimeout.java:156)
        at org.junit.internal.runners.statements.FailOnTimeout.evaluate(FailOnTimeout.java:129)
        at org.junit.runners.ParentRunner$3.evaluate(ParentRunner.java:306)
        at org.junit.runners.BlockJUnit4ClassRunner$1.evaluate(BlockJUnit4ClassRunner.java:100)
        at org.junit.runners.ParentRunner.runLeaf(ParentRunner.java:366)
        at org.junit.runners.BlockJUnit4ClassRunner.runChild(BlockJUnit4ClassRunner.java:103)
        at org.junit.runners.BlockJUnit4ClassRunner.runChild(BlockJUnit4ClassRunner.java:63)
        at org.junit.runners.ParentRunner$4.run(ParentRunner.java:331)
        at org.junit.runners.ParentRunner$1.schedule(ParentRunner.java:79)
        at org.junit.runners.ParentRunner.runChildren(ParentRunner.java:329)
        at org.junit.runners.ParentRunner.access$100(ParentRunner.java:66)
        at org.junit.runners.ParentRunner$2.evaluate(ParentRunner.java:293)
        at org.junit.runners.ParentRunner.run(ParentRunner.java:413)
        at org.junit.runners.Suite.runChild(Suite.java:128)
        at org.junit.runners.Suite.runChild(Suite.java:27)
        at org.junit.runners.ParentRunner$4.run(ParentRunner.java:331)
        at org.junit.runners.ParentRunner$1.schedule(ParentRunner.java:79)
        at org.junit.runners.ParentRunner.runChildren(ParentRunner.java:329)
        at org.junit.runners.ParentRunner.access$100(ParentRunner.java:66)
        at org.junit.runners.ParentRunner$2.evaluate(ParentRunner.java:293)
        at org.junit.internal.runners.statements.RunAfters.evaluate(RunAfters.java:27)
        at org.junit.runners.ParentRunner$3.evaluate(ParentRunner.java:306)
        at org.junit.runners.ParentRunner.run(ParentRunner.java:413)
        at org.junit.runner.JUnitCore.run(JUnitCore.java:137)
        at org.junit.runner.JUnitCore.run(JUnitCore.java:115)
        at org.junit.vintage.engine.execution.RunnerExecutor.execute(RunnerExecutor.java:42)
        at org.junit.vintage.engine.VintageTestEngine.executeAllChildren(VintageTestEngine.java:80)
        at org.junit.vintage.engine.VintageTestEngine.execute(VintageTestEngine.java:72)
        at org.junit.platform.launcher.core.EngineExecutionOrchestrator.execute(EngineExecutionOrchestrator.java:107)
        at org.junit.platform.launcher.core.EngineExecutionOrchestrator.execute(EngineExecutionOrchestrator.java:88)
        at org.junit.platform.launcher.core.EngineExecutionOrchestrator.lambda$execute$0(EngineExecutionOrchestrator.java:54)
        at org.junit.platform.launcher.core.EngineExecutionOrchestrator$$Lambda$188/1080476785.accept(Unknown Source)
        at org.junit.platform.launcher.core.EngineExecutionOrchestrator.withInterceptedStreams(EngineExecutionOrchestrator.java:67)
        at org.junit.platform.launcher.core.EngineExecutionOrchestrator.execute(EngineExecutionOrchestrator.java:52)
        at org.junit.platform.launcher.core.DefaultLauncher.execute(DefaultLauncher.java:114)
        at org.junit.platform.launcher.core.DefaultLauncher.execute(DefaultLauncher.java:86)
        at org.junit.platform.launcher.core.DefaultLauncherSession$DelegatingLauncher.execute(DefaultLauncherSession.java:86)
        at org.junit.platform.launcher.core.SessionPerRequestLauncher.execute(SessionPerRequestLauncher.java:53)
        at org.apache.maven.surefire.junitplatform.JUnitPlatformProvider.execute(JUnitPlatformProvider.java:188)
        at org.apache.maven.surefire.junitplatform.JUnitPlatformProvider.invokeAllTests(JUnitPlatformProvider.java:154)
        at org.apache.maven.surefire.junitplatform.JUnitPlatformProvider.invoke(JUnitPlatformProvider.java:124)
        at org.apache.maven.surefire.booter.ForkedBooter.runSuitesInProcess(ForkedBooter.java:428)
        at org.apache.maven.surefire.booter.ForkedBooter.execute(ForkedBooter.java:162)
        at org.apache.maven.surefire.booter.ForkedBooter.run(ForkedBooter.java:562)
        at org.apache.maven.surefire.booter.ForkedBooter.main(ForkedBooter.java:548)
"ContainerOp-f82f5b97-17e3-4dda-ae22-2fbc0bccceed-6"  prio=5 tid=556 in Object.wait()
java.lang.Thread.State: WAITING (on object monitor)
        at sun.misc.Unsafe.park(Native Method)
        at java.util.concurrent.locks.LockSupport.park(LockSupport.java:175)
        at java.util.concurrent.locks.AbstractQueuedSynchronizer$ConditionObject.await(AbstractQueuedSynchronizer.java:2044)
        at java.util.concurrent.LinkedBlockingQueue.take(LinkedBlockingQueue.java:442)
        at java.util.concurrent.ThreadPoolExecutor.getTask(ThreadPoolExecutor.java:1074)
        at java.util.concurrent.ThreadPoolExecutor.runWorker(ThreadPoolExecutor.java:1134)
        at java.util.concurrent.ThreadPoolExecutor$Worker.run(ThreadPoolExecutor.java:624)
        at java.lang.Thread.run(Thread.java:750)
"IPC Server handler 9 on default port 38769" daemon prio=5 tid=86 timed_waiting
java.lang.Thread.State: TIMED_WAITING
        at sun.misc.Unsafe.park(Native Method)
        at java.util.concurrent.locks.LockSupport.parkNanos(LockSupport.java:215)
        at java.util.concurrent.locks.AbstractQueuedSynchronizer$ConditionObject.awaitNanos(AbstractQueuedSynchronizer.java:2083)
        at java.util.concurrent.LinkedBlockingQueue.poll(LinkedBlockingQueue.java:467)
        at org.apache.hadoop.ipc.CallQueueManager.take(CallQueueManager.java:317)
        at org.apache.hadoop.ipc.Server$Handler.run(Server.java:2932)
"qtp167993803-210" daemon prio=5 tid=210 timed_waiting
java.lang.Thread.State: TIMED_WAITING
        at sun.misc.Unsafe.park(Native Method)
        at java.util.concurrent.locks.LockSupport.parkNanos(LockSupport.java:215)
        at java.util.concurrent.locks.AbstractQueuedSynchronizer$ConditionObject.awaitNanos(AbstractQueuedSynchronizer.java:2083)
        at org.eclipse.jetty.util.BlockingArrayQueue.poll(BlockingArrayQueue.java:382)
        at org.eclipse.jetty.util.thread.QueuedThreadPool$Runner.idleJobPoll(QueuedThreadPool.java:974)
        at org.eclipse.jetty.util.thread.QueuedThreadPool$Runner.run(QueuedThreadPool.java:1018)
        at java.lang.Thread.run(Thread.java:750)
"6d0c14da-389e-4e82-8c57-a2981f576192@group-CF406588F1D0-LeaderStateImpl" daemon prio=5 tid=589 timed_waiting
java.lang.Thread.State: TIMED_WAITING
        at sun.misc.Unsafe.park(Native Method)
        at java.util.concurrent.locks.LockSupport.parkNanos(LockSupport.java:215)
        at java.util.concurrent.locks.AbstractQueuedSynchronizer$ConditionObject.awaitNanos(AbstractQueuedSynchronizer.java:2083)
        at java.util.concurrent.ArrayBlockingQueue.poll(ArrayBlockingQueue.java:418)
        at org.apache.ratis.server.impl.LeaderStateImpl$EventQueue.poll(LeaderStateImpl.java:159)
        at org.apache.ratis.server.impl.LeaderStateImpl$EventProcessor.run(LeaderStateImpl.java:630)
"FixedThreadPoolWithAffinityExecutor-0-0" daemon prio=5 tid=368 in Object.wait()
java.lang.Thread.State: WAITING (on object monitor)
        at sun.misc.Unsafe.park(Native Method)
        at java.util.concurrent.locks.LockSupport.park(LockSupport.java:175)
        at java.util.concurrent.locks.AbstractQueuedSynchronizer$ConditionObject.await(AbstractQueuedSynchronizer.java:2044)
        at java.util.concurrent.LinkedBlockingDeque.takeFirst(LinkedBlockingDeque.java:492)
        at java.util.concurrent.LinkedBlockingDeque.take(LinkedBlockingDeque.java:680)
        at java.util.concurrent.ThreadPoolExecutor.getTask(ThreadPoolExecutor.java:1074)
        at java.util.concurrent.ThreadPoolExecutor.runWorker(ThreadPoolExecutor.java:1134)
        at java.util.concurrent.ThreadPoolExecutor$Worker.run(ThreadPoolExecutor.java:624)
        at java.lang.Thread.run(Thread.java:750)
"ContainerOp-f82f5b97-17e3-4dda-ae22-2fbc0bccceed-3"  prio=5 tid=530 in Object.wait()
java.lang.Thread.State: WAITING (on object monitor)
        at sun.misc.Unsafe.park(Native Method)
        at java.util.concurrent.locks.LockSupport.park(LockSupport.java:175)
        at java.util.concurrent.locks.AbstractQueuedSynchronizer$ConditionObject.await(AbstractQueuedSynchronizer.java:2044)
        at java.util.concurrent.LinkedBlockingQueue.take(LinkedBlockingQueue.java:442)
        at java.util.concurrent.ThreadPoolExecutor.getTask(ThreadPoolExecutor.java:1074)
        at java.util.concurrent.ThreadPoolExecutor.runWorker(ThreadPoolExecutor.java:1134)
        at java.util.concurrent.ThreadPoolExecutor$Worker.run(ThreadPoolExecutor.java:624)
        at java.lang.Thread.run(Thread.java:750)
"org.apache.hadoop.ozone.container.common.statemachine.commandhandler.DeleteBlocksCommandHandler$DeleteCmdWorker@10c81939" daemon prio=5 tid=279 timed_waiting
java.lang.Thread.State: TIMED_WAITING
        at java.lang.Thread.sleep(Native Method)
        at org.apache.hadoop.ozone.container.common.statemachine.commandhandler.DeleteBlocksCommandHandler$DeleteCmdWorker.run(DeleteBlocksCommandHandler.java:183)
        at java.lang.Thread.run(Thread.java:750)
"IPC Server handler 16 on default port 46487" daemon prio=5 tid=160 timed_waiting
java.lang.Thread.State: TIMED_WAITING
        at sun.misc.Unsafe.park(Native Method)
        at java.util.concurrent.locks.LockSupport.parkNanos(LockSupport.java:215)
        at java.util.concurrent.locks.AbstractQueuedSynchronizer$ConditionObject.awaitNanos(AbstractQueuedSynchronizer.java:2083)
        at java.util.concurrent.LinkedBlockingQueue.poll(LinkedBlockingQueue.java:467)
        at org.apache.hadoop.ipc.CallQueueManager.take(CallQueueManager.java:317)
        at org.apache.hadoop.ipc.Server$Handler.run(Server.java:2932)
"IPC Server handler 3 on default port 46487" daemon prio=5 tid=147 timed_waiting
java.lang.Thread.State: TIMED_WAITING
        at sun.misc.Unsafe.park(Native Method)
        at java.util.concurrent.locks.LockSupport.parkNanos(LockSupport.java:215)
        at java.util.concurrent.locks.AbstractQueuedSynchronizer$ConditionObject.awaitNanos(AbstractQueuedSynchronizer.java:2083)
        at java.util.concurrent.LinkedBlockingQueue.poll(LinkedBlockingQueue.java:467)
        at org.apache.hadoop.ipc.CallQueueManager.take(CallQueueManager.java:317)
        at org.apache.hadoop.ipc.Server$Handler.run(Server.java:2932)
"qtp378845707-282-acceptor-0@35ad172f-ServerConnector@7e2bd4e2{HTTP/1.1, (http/1.1)}{0.0.0.0:35427}" daemon prio=3 tid=282 runnable
java.lang.Thread.State: RUNNABLE
        at sun.nio.ch.ServerSocketChannelImpl.accept0(Native Method)
        at sun.nio.ch.ServerSocketChannelImpl.accept(ServerSocketChannelImpl.java:421)
        at sun.nio.ch.ServerSocketChannelImpl.accept(ServerSocketChannelImpl.java:249)
        at org.eclipse.jetty.server.ServerConnector.accept(ServerConnector.java:388)
        at org.eclipse.jetty.server.AbstractConnector$Acceptor.run(AbstractConnector.java:702)
        at org.eclipse.jetty.util.thread.QueuedThreadPool.runJob(QueuedThreadPool.java:883)
        at org.eclipse.jetty.util.thread.QueuedThreadPool$Runner.run(QueuedThreadPool.java:1034)
        at java.lang.Thread.run(Thread.java:750)
"pool-135-thread-1" daemon prio=5 tid=250 timed_waiting
java.lang.Thread.State: TIMED_WAITING
        at sun.misc.Unsafe.park(Native Method)
        at java.util.concurrent.locks.LockSupport.parkNanos(LockSupport.java:215)
        at java.util.concurrent.locks.AbstractQueuedSynchronizer$ConditionObject.awaitNanos(AbstractQueuedSynchronizer.java:2083)
        at java.util.concurrent.ScheduledThreadPoolExecutor$DelayedWorkQueue.take(ScheduledThreadPoolExecutor.java:1093)
        at java.util.concurrent.ScheduledThreadPoolExecutor$DelayedWorkQueue.take(ScheduledThreadPoolExecutor.java:809)
        at java.util.concurrent.ThreadPoolExecutor.getTask(ThreadPoolExecutor.java:1074)
        at java.util.concurrent.ThreadPoolExecutor.runWorker(ThreadPoolExecutor.java:1134)
        at java.util.concurrent.ThreadPoolExecutor$Worker.run(ThreadPoolExecutor.java:624)
        at java.lang.Thread.run(Thread.java:750)
"Session-HouseKeeper-6d77f597-1"  prio=5 tid=237 timed_waiting
java.lang.Thread.State: TIMED_WAITING
        at sun.misc.Unsafe.park(Native Method)
        at java.util.concurrent.locks.LockSupport.parkNanos(LockSupport.java:215)
        at java.util.concurrent.locks.AbstractQueuedSynchronizer$ConditionObject.awaitNanos(AbstractQueuedSynchronizer.java:2083)
        at java.util.concurrent.ScheduledThreadPoolExecutor$DelayedWorkQueue.take(ScheduledThreadPoolExecutor.java:1093)
        at java.util.concurrent.ScheduledThreadPoolExecutor$DelayedWorkQueue.take(ScheduledThreadPoolExecutor.java:809)
        at java.util.concurrent.ThreadPoolExecutor.getTask(ThreadPoolExecutor.java:1074)
        at java.util.concurrent.ThreadPoolExecutor.runWorker(ThreadPoolExecutor.java:1134)
        at java.util.concurrent.ThreadPoolExecutor$Worker.run(ThreadPoolExecutor.java:624)
        at java.lang.Thread.run(Thread.java:750)
"3c09ee4b-a7a3-4286-a1c3-18dea5f798e8@group-DF4EF8A187A1-LeaderStateImpl" daemon prio=5 tid=426 timed_waiting
java.lang.Thread.State: TIMED_WAITING
        at sun.misc.Unsafe.park(Native Method)
        at java.util.concurrent.locks.LockSupport.parkNanos(LockSupport.java:215)
        at java.util.concurrent.locks.AbstractQueuedSynchronizer$ConditionObject.awaitNanos(AbstractQueuedSynchronizer.java:2083)
        at java.util.concurrent.ArrayBlockingQueue.poll(ArrayBlockingQueue.java:418)
        at org.apache.ratis.server.impl.LeaderStateImpl$EventQueue.poll(LeaderStateImpl.java:159)
        at org.apache.ratis.server.impl.LeaderStateImpl$EventProcessor.run(LeaderStateImpl.java:630)
"qtp431033364-136-acceptor-0@42e432b9-ServerConnector@43d5258c{HTTP/1.1, (http/1.1)}{0.0.0.0:43955}" daemon prio=3 tid=136 runnable
java.lang.Thread.State: RUNNABLE
        at sun.nio.ch.ServerSocketChannelImpl.accept0(Native Method)
        at sun.nio.ch.ServerSocketChannelImpl.accept(ServerSocketChannelImpl.java:421)
        at sun.nio.ch.ServerSocketChannelImpl.accept(ServerSocketChannelImpl.java:249)
        at org.eclipse.jetty.server.ServerConnector.accept(ServerConnector.java:388)
        at org.eclipse.jetty.server.AbstractConnector$Acceptor.run(AbstractConnector.java:702)
        at org.eclipse.jetty.util.thread.QueuedThreadPool.runJob(QueuedThreadPool.java:883)
        at org.eclipse.jetty.util.thread.QueuedThreadPool$Runner.run(QueuedThreadPool.java:1034)
        at java.lang.Thread.run(Thread.java:750)
"pool-31-thread-1"  prio=5 tid=99 timed_waiting
java.lang.Thread.State: TIMED_WAITING
        at sun.misc.Unsafe.park(Native Method)
        at java.util.concurrent.locks.LockSupport.parkNanos(LockSupport.java:215)
        at java.util.concurrent.locks.AbstractQueuedSynchronizer$ConditionObject.awaitNanos(AbstractQueuedSynchronizer.java:2083)
        at java.util.concurrent.ScheduledThreadPoolExecutor$DelayedWorkQueue.take(ScheduledThreadPoolExecutor.java:1093)
        at java.util.concurrent.ScheduledThreadPoolExecutor$DelayedWorkQueue.take(ScheduledThreadPoolExecutor.java:809)
        at java.util.concurrent.ThreadPoolExecutor.getTask(ThreadPoolExecutor.java:1074)
        at java.util.concurrent.ThreadPoolExecutor.runWorker(ThreadPoolExecutor.java:1134)
        at java.util.concurrent.ThreadPoolExecutor$Worker.run(ThreadPoolExecutor.java:624)
        at java.lang.Thread.run(Thread.java:750)
"pool-60-thread-2"  prio=5 tid=599 in Object.wait()
java.lang.Thread.State: WAITING (on object monitor)
        at sun.misc.Unsafe.park(Native Method)
        at java.util.concurrent.locks.LockSupport.park(LockSupport.java:175)
        at java.util.concurrent.locks.AbstractQueuedSynchronizer$ConditionObject.await(AbstractQueuedSynchronizer.java:2044)
        at java.util.concurrent.ArrayBlockingQueue.take(ArrayBlockingQueue.java:403)
        at java.util.concurrent.ThreadPoolExecutor.getTask(ThreadPoolExecutor.java:1074)
        at java.util.concurrent.ThreadPoolExecutor.runWorker(ThreadPoolExecutor.java:1134)
        at java.util.concurrent.ThreadPoolExecutor$Worker.run(ThreadPoolExecutor.java:624)
        at java.lang.Thread.run(Thread.java:750)
"IPC Client (907656350) connection to /0.0.0.0:38769 from runner" daemon prio=5 tid=301 timed_waiting
java.lang.Thread.State: TIMED_WAITING
        at java.lang.Object.wait(Native Method)
        at org.apache.hadoop.ipc.Client$Connection.waitForWork(Client.java:1053)
        at org.apache.hadoop.ipc.Client$Connection.run(Client.java:1097)
"Datanode State Machine Daemon Thread" daemon prio=5 tid=264 timed_waiting
java.lang.Thread.State: TIMED_WAITING
        at java.lang.Thread.sleep(Native Method)
        at org.apache.hadoop.ozone.container.common.statemachine.DatanodeStateMachine.startStateMachineThread(DatanodeStateMachine.java:313)
        at org.apache.hadoop.ozone.container.common.statemachine.DatanodeStateMachine.lambda$startDaemon$0(DatanodeStateMachine.java:493)
        at org.apache.hadoop.ozone.container.common.statemachine.DatanodeStateMachine$$Lambda$747/1804582612.run(Unknown Source)
        at java.lang.Thread.run(Thread.java:750)
"e12fe51a-b2e5-4197-af5e-5cbb6259f850@group-EDC02AC66B34-LeaderStateImpl" daemon prio=5 tid=446 timed_waiting
java.lang.Thread.State: TIMED_WAITING
        at sun.misc.Unsafe.park(Native Method)
        at java.util.concurrent.locks.LockSupport.parkNanos(LockSupport.java:215)
        at java.util.concurrent.locks.AbstractQueuedSynchronizer$ConditionObject.awaitNanos(AbstractQueuedSynchronizer.java:2083)
        at java.util.concurrent.ArrayBlockingQueue.poll(ArrayBlockingQueue.java:418)
        at org.apache.ratis.server.impl.LeaderStateImpl$EventQueue.poll(LeaderStateImpl.java:159)
        at org.apache.ratis.server.impl.LeaderStateImpl$EventProcessor.run(LeaderStateImpl.java:630)
"org.apache.hadoop.util.JvmPauseMonitor$Monitor@6a5a6924" daemon prio=5 tid=271 timed_waiting
java.lang.Thread.State: TIMED_WAITING
        at java.lang.Thread.sleep(Native Method)
        at org.apache.hadoop.util.JvmPauseMonitor$Monitor.run(JvmPauseMonitor.java:192)
        at java.lang.Thread.run(Thread.java:750)
"6d0c14da-389e-4e82-8c57-a2981f576192@group-2FBC0BCCCEED-SegmentedRaftLogWorker"  prio=5 tid=400 timed_waiting
java.lang.Thread.State: TIMED_WAITING
        at sun.misc.Unsafe.park(Native Method)
        at java.util.concurrent.locks.LockSupport.parkNanos(LockSupport.java:215)
        at java.util.concurrent.locks.AbstractQueuedSynchronizer$ConditionObject.awaitNanos(AbstractQueuedSynchronizer.java:2083)
        at org.apache.ratis.util.DataBlockingQueue.poll(DataBlockingQueue.java:148)
        at org.apache.ratis.server.raftlog.segmented.SegmentedRaftLogWorker.run(SegmentedRaftLogWorker.java:301)
        at org.apache.ratis.server.raftlog.segmented.SegmentedRaftLogWorker$$Lambda$564/368003876.run(Unknown Source)
        at java.lang.Thread.run(Thread.java:750)
"Under Replicated Processor" daemon prio=5 tid=19 timed_waiting
java.lang.Thread.State: TIMED_WAITING
        at java.lang.Object.wait(Native Method)
        at org.apache.hadoop.hdds.scm.container.replication.UnderReplicatedProcessor.run(UnderReplicatedProcessor.java:142)
        at java.lang.Thread.run(Thread.java:750)
"IPC Server handler 18 on default port 41569" daemon prio=5 tid=55 timed_waiting
java.lang.Thread.State: TIMED_WAITING
        at sun.misc.Unsafe.park(Native Method)
        at java.util.concurrent.locks.LockSupport.parkNanos(LockSupport.java:215)
        at java.util.concurrent.locks.AbstractQueuedSynchronizer$ConditionObject.awaitNanos(AbstractQueuedSynchronizer.java:2083)
        at java.util.concurrent.LinkedBlockingQueue.poll(LinkedBlockingQueue.java:467)
        at org.apache.hadoop.ipc.CallQueueManager.take(CallQueueManager.java:317)
        at org.apache.hadoop.ipc.Server$Handler.run(Server.java:2932)
"Datanode ReportManager Thread - 1" daemon prio=5 tid=214 in Object.wait()
java.lang.Thread.State: WAITING (on object monitor)
        at sun.misc.Unsafe.park(Native Method)
        at java.util.concurrent.locks.LockSupport.park(LockSupport.java:175)
        at java.util.concurrent.locks.AbstractQueuedSynchronizer$ConditionObject.await(AbstractQueuedSynchronizer.java:2044)
        at java.util.concurrent.ScheduledThreadPoolExecutor$DelayedWorkQueue.take(ScheduledThreadPoolExecutor.java:1088)
        at java.util.concurrent.ScheduledThreadPoolExecutor$DelayedWorkQueue.take(ScheduledThreadPoolExecutor.java:809)
        at java.util.concurrent.ThreadPoolExecutor.getTask(ThreadPoolExecutor.java:1074)
        at java.util.concurrent.ThreadPoolExecutor.runWorker(ThreadPoolExecutor.java:1134)
        at java.util.concurrent.ThreadPoolExecutor$Worker.run(ThreadPoolExecutor.java:624)
        at java.lang.Thread.run(Thread.java:750)
"PartialTableCache Cleanup Thread - 0" daemon prio=5 tid=483 in Object.wait()
java.lang.Thread.State: WAITING (on object monitor)
        at sun.misc.Unsafe.park(Native Method)
        at java.util.concurrent.locks.LockSupport.park(LockSupport.java:175)
        at java.util.concurrent.locks.AbstractQueuedSynchronizer$ConditionObject.await(AbstractQueuedSynchronizer.java:2044)
        at java.util.concurrent.LinkedBlockingQueue.take(LinkedBlockingQueue.java:442)
        at java.util.concurrent.ThreadPoolExecutor.getTask(ThreadPoolExecutor.java:1074)
        at java.util.concurrent.ThreadPoolExecutor.runWorker(ThreadPoolExecutor.java:1134)
        at java.util.concurrent.ThreadPoolExecutor$Worker.run(ThreadPoolExecutor.java:624)
        at java.lang.Thread.run(Thread.java:750)
"IPC Server handler 16 on default port 38769" daemon prio=5 tid=93 timed_waiting
java.lang.Thread.State: TIMED_WAITING
        at sun.misc.Unsafe.park(Native Method)
        at java.util.concurrent.locks.LockSupport.parkNanos(LockSupport.java:215)
        at java.util.concurrent.locks.AbstractQueuedSynchronizer$ConditionObject.awaitNanos(AbstractQueuedSynchronizer.java:2083)
        at java.util.concurrent.LinkedBlockingQueue.poll(LinkedBlockingQueue.java:467)
        at org.apache.hadoop.ipc.CallQueueManager.take(CallQueueManager.java:317)
        at org.apache.hadoop.ipc.Server$Handler.run(Server.java:2932)
"pool-60-thread-3"  prio=5 tid=604 in Object.wait()
java.lang.Thread.State: WAITING (on object monitor)
        at sun.misc.Unsafe.park(Native Method)
        at java.util.concurrent.locks.LockSupport.park(LockSupport.java:175)
        at java.util.concurrent.locks.AbstractQueuedSynchronizer$ConditionObject.await(AbstractQueuedSynchronizer.java:2044)
        at java.util.concurrent.ArrayBlockingQueue.take(ArrayBlockingQueue.java:403)
        at java.util.concurrent.ThreadPoolExecutor.getTask(ThreadPoolExecutor.java:1074)
        at java.util.concurrent.ThreadPoolExecutor.runWorker(ThreadPoolExecutor.java:1134)
        at java.util.concurrent.ThreadPoolExecutor$Worker.run(ThreadPoolExecutor.java:624)
        at java.lang.Thread.run(Thread.java:750)
"qtp2008534116-235" daemon prio=5 tid=235 timed_waiting
java.lang.Thread.State: TIMED_WAITING
        at sun.misc.Unsafe.park(Native Method)
        at java.util.concurrent.locks.LockSupport.parkNanos(LockSupport.java:215)
        at java.util.concurrent.locks.AbstractQueuedSynchronizer$ConditionObject.awaitNanos(AbstractQueuedSynchronizer.java:2083)
        at org.eclipse.jetty.util.BlockingArrayQueue.poll(BlockingArrayQueue.java:382)
        at org.eclipse.jetty.util.thread.QueuedThreadPool$Runner.idleJobPoll(QueuedThreadPool.java:974)
        at org.eclipse.jetty.util.thread.QueuedThreadPool$Runner.run(QueuedThreadPool.java:1018)
        at java.lang.Thread.run(Thread.java:750)
"ContainerOp-f82f5b97-17e3-4dda-ae22-2fbc0bccceed-5"  prio=5 tid=531 in Object.wait()
java.lang.Thread.State: WAITING (on object monitor)
        at sun.misc.Unsafe.park(Native Method)
        at java.util.concurrent.locks.LockSupport.park(LockSupport.java:175)
        at java.util.concurrent.locks.AbstractQueuedSynchronizer$ConditionObject.await(AbstractQueuedSynchronizer.java:2044)
        at java.util.concurrent.LinkedBlockingQueue.take(LinkedBlockingQueue.java:442)
        at java.util.concurrent.ThreadPoolExecutor.getTask(ThreadPoolExecutor.java:1074)
        at java.util.concurrent.ThreadPoolExecutor.runWorker(ThreadPoolExecutor.java:1134)
        at java.util.concurrent.ThreadPoolExecutor$Worker.run(ThreadPoolExecutor.java:624)
        at java.lang.Thread.run(Thread.java:750)
"pool-158-thread-1" daemon prio=5 tid=276 timed_waiting
java.lang.Thread.State: TIMED_WAITING
        at sun.misc.Unsafe.park(Native Method)
        at java.util.concurrent.locks.LockSupport.parkNanos(LockSupport.java:215)
        at java.util.concurrent.locks.AbstractQueuedSynchronizer$ConditionObject.awaitNanos(AbstractQueuedSynchronizer.java:2083)
        at java.util.concurrent.ScheduledThreadPoolExecutor$DelayedWorkQueue.take(ScheduledThreadPoolExecutor.java:1093)
        at java.util.concurrent.ScheduledThreadPoolExecutor$DelayedWorkQueue.take(ScheduledThreadPoolExecutor.java:809)
        at java.util.concurrent.ThreadPoolExecutor.getTask(ThreadPoolExecutor.java:1074)
        at java.util.concurrent.ThreadPoolExecutor.runWorker(ThreadPoolExecutor.java:1134)
        at java.util.concurrent.ThreadPoolExecutor$Worker.run(ThreadPoolExecutor.java:624)
        at java.lang.Thread.run(Thread.java:750)
"ContainerOp-f82f5b97-17e3-4dda-ae22-2fbc0bccceed-8"  prio=5 tid=564 in Object.wait()
java.lang.Thread.State: WAITING (on object monitor)
        at sun.misc.Unsafe.park(Native Method)
        at java.util.concurrent.locks.LockSupport.park(LockSupport.java:175)
        at java.util.concurrent.locks.AbstractQueuedSynchronizer$ConditionObject.await(AbstractQueuedSynchronizer.java:2044)
        at java.util.concurrent.LinkedBlockingQueue.take(LinkedBlockingQueue.java:442)
        at java.util.concurrent.ThreadPoolExecutor.getTask(ThreadPoolExecutor.java:1074)
        at java.util.concurrent.ThreadPoolExecutor.runWorker(ThreadPoolExecutor.java:1134)
        at java.util.concurrent.ThreadPoolExecutor$Worker.run(ThreadPoolExecutor.java:624)
        at java.lang.Thread.run(Thread.java:750)
"qtp378845707-281" daemon prio=5 tid=281 runnable
java.lang.Thread.State: RUNNABLE
        at sun.nio.ch.EPollArrayWrapper.epollWait(Native Method)
        at sun.nio.ch.EPollArrayWrapper.poll(EPollArrayWrapper.java:269)
        at sun.nio.ch.EPollSelectorImpl.doSelect(EPollSelectorImpl.java:93)
        at sun.nio.ch.SelectorImpl.lockAndDoSelect(SelectorImpl.java:86)
        at sun.nio.ch.SelectorImpl.select(SelectorImpl.java:97)
        at sun.nio.ch.SelectorImpl.select(SelectorImpl.java:101)
        at org.eclipse.jetty.io.ManagedSelector.nioSelect(ManagedSelector.java:183)
        at org.eclipse.jetty.io.ManagedSelector.select(ManagedSelector.java:190)
        at org.eclipse.jetty.io.ManagedSelector$SelectorProducer.select(ManagedSelector.java:606)
        at org.eclipse.jetty.io.ManagedSelector$SelectorProducer.produce(ManagedSelector.java:543)
        at org.eclipse.jetty.util.thread.strategy.EatWhatYouKill.produceTask(EatWhatYouKill.java:362)
        at org.eclipse.jetty.util.thread.strategy.EatWhatYouKill.doProduce(EatWhatYouKill.java:186)
        at org.eclipse.jetty.util.thread.strategy.EatWhatYouKill.tryProduce(EatWhatYouKill.java:173)
        at org.eclipse.jetty.util.thread.strategy.EatWhatYouKill.produce(EatWhatYouKill.java:137)
        at org.eclipse.jetty.io.ManagedSelector$$Lambda$397/626754729.run(Unknown Source)
        at org.eclipse.jetty.util.thread.QueuedThreadPool.runJob(QueuedThreadPool.java:883)
        at org.eclipse.jetty.util.thread.QueuedThreadPool$Runner.run(QueuedThreadPool.java:1034)
        at java.lang.Thread.run(Thread.java:750)
"IPC Server handler 19 on default port 38769" daemon prio=5 tid=96 timed_waiting
java.lang.Thread.State: TIMED_WAITING
        at sun.misc.Unsafe.park(Native Method)
        at java.util.concurrent.locks.LockSupport.parkNanos(LockSupport.java:215)
        at java.util.concurrent.locks.AbstractQueuedSynchronizer$ConditionObject.awaitNanos(AbstractQueuedSynchronizer.java:2083)
        at java.util.concurrent.LinkedBlockingQueue.poll(LinkedBlockingQueue.java:467)
        at org.apache.hadoop.ipc.CallQueueManager.take(CallQueueManager.java:317)
        at org.apache.hadoop.ipc.Server$Handler.run(Server.java:2932)
"a62c8bc8-4eaa-4bd0-9412-231650f1b373@group-9723BB0169F0-StateMachineUpdater" daemon prio=5 tid=384 timed_waiting
java.lang.Thread.State: TIMED_WAITING
        at sun.misc.Unsafe.park(Native Method)
        at java.util.concurrent.locks.LockSupport.parkNanos(LockSupport.java:215)
        at java.util.concurrent.CompletableFuture$Signaller.block(CompletableFuture.java:1709)
        at java.util.concurrent.ForkJoinPool.managedBlock(ForkJoinPool.java:3323)
        at java.util.concurrent.CompletableFuture.timedGet(CompletableFuture.java:1788)
        at java.util.concurrent.CompletableFuture.get(CompletableFuture.java:1928)
        at org.apache.ratis.util.AwaitForSignal.await(AwaitForSignal.java:56)
        at org.apache.ratis.server.impl.StateMachineUpdater.waitForCommit(StateMachineUpdater.java:207)
        at org.apache.ratis.server.impl.StateMachineUpdater.run(StateMachineUpdater.java:176)
        at java.lang.Thread.run(Thread.java:750)
"Over Replicated Processor" daemon prio=5 tid=20 timed_waiting
java.lang.Thread.State: TIMED_WAITING
        at java.lang.Object.wait(Native Method)
        at org.apache.hadoop.hdds.scm.container.replication.OverReplicatedProcessor.run(OverReplicatedProcessor.java:131)
        at java.lang.Thread.run(Thread.java:750)
"IPC Server handler 15 on default port 41569" daemon prio=5 tid=52 timed_waiting
java.lang.Thread.State: TIMED_WAITING
        at sun.misc.Unsafe.park(Native Method)
        at java.util.concurrent.locks.LockSupport.parkNanos(LockSupport.java:215)
        at java.util.concurrent.locks.AbstractQueuedSynchronizer$ConditionObject.awaitNanos(AbstractQueuedSynchronizer.java:2083)
        at java.util.concurrent.LinkedBlockingQueue.poll(LinkedBlockingQueue.java:467)
        at org.apache.hadoop.ipc.CallQueueManager.take(CallQueueManager.java:317)
        at org.apache.hadoop.ipc.Server$Handler.run(Server.java:2932)
"BlockDeletingService#3" daemon prio=5 tid=783 in Object.wait()
java.lang.Thread.State: WAITING (on object monitor)
        at sun.misc.Unsafe.park(Native Method)
        at java.util.concurrent.locks.LockSupport.park(LockSupport.java:175)
        at java.util.concurrent.locks.AbstractQueuedSynchronizer$ConditionObject.await(AbstractQueuedSynchronizer.java:2044)
        at java.util.concurrent.ScheduledThreadPoolExecutor$DelayedWorkQueue.take(ScheduledThreadPoolExecutor.java:1088)
        at java.util.concurrent.ScheduledThreadPoolExecutor$DelayedWorkQueue.take(ScheduledThreadPoolExecutor.java:809)
        at java.util.concurrent.ThreadPoolExecutor.getTask(ThreadPoolExecutor.java:1074)
        at java.util.concurrent.ThreadPoolExecutor.runWorker(ThreadPoolExecutor.java:1134)
        at java.util.concurrent.ThreadPoolExecutor$Worker.run(ThreadPoolExecutor.java:624)
        at java.lang.Thread.run(Thread.java:750)
"PartialTableCache Cleanup Thread - 0" daemon prio=5 tid=484 in Object.wait()
java.lang.Thread.State: WAITING (on object monitor)
        at sun.misc.Unsafe.park(Native Method)
        at java.util.concurrent.locks.LockSupport.park(LockSupport.java:175)
        at java.util.concurrent.locks.AbstractQueuedSynchronizer$ConditionObject.await(AbstractQueuedSynchronizer.java:2044)
        at java.util.concurrent.LinkedBlockingQueue.take(LinkedBlockingQueue.java:442)
        at java.util.concurrent.ThreadPoolExecutor.getTask(ThreadPoolExecutor.java:1074)
        at java.util.concurrent.ThreadPoolExecutor.runWorker(ThreadPoolExecutor.java:1134)
        at java.util.concurrent.ThreadPoolExecutor$Worker.run(ThreadPoolExecutor.java:624)
        at java.lang.Thread.run(Thread.java:750)
"IPC Server handler 0 on default port 46487" daemon prio=5 tid=144 timed_waiting
java.lang.Thread.State: TIMED_WAITING
        at sun.misc.Unsafe.park(Native Method)
        at java.util.concurrent.locks.LockSupport.parkNanos(LockSupport.java:215)
        at java.util.concurrent.locks.AbstractQueuedSynchronizer$ConditionObject.awaitNanos(AbstractQueuedSynchronizer.java:2083)
        at java.util.concurrent.LinkedBlockingQueue.poll(LinkedBlockingQueue.java:467)
        at org.apache.hadoop.ipc.CallQueueManager.take(CallQueueManager.java:317)
        at org.apache.hadoop.ipc.Server$Handler.run(Server.java:2932)
"Periodic HDDS volume checker" daemon prio=5 tid=248 timed_waiting
java.lang.Thread.State: TIMED_WAITING
        at sun.misc.Unsafe.park(Native Method)
        at java.util.concurrent.locks.LockSupport.parkNanos(LockSupport.java:215)
        at java.util.concurrent.locks.AbstractQueuedSynchronizer$ConditionObject.awaitNanos(AbstractQueuedSynchronizer.java:2083)
        at java.util.concurrent.ScheduledThreadPoolExecutor$DelayedWorkQueue.take(ScheduledThreadPoolExecutor.java:1093)
        at java.util.concurrent.ScheduledThreadPoolExecutor$DelayedWorkQueue.take(ScheduledThreadPoolExecutor.java:809)
        at java.util.concurrent.ThreadPoolExecutor.getTask(ThreadPoolExecutor.java:1074)
        at java.util.concurrent.ThreadPoolExecutor.runWorker(ThreadPoolExecutor.java:1134)
        at java.util.concurrent.ThreadPoolExecutor$Worker.run(ThreadPoolExecutor.java:624)
        at java.lang.Thread.run(Thread.java:750)
"BlockDeletingService#2" daemon prio=5 tid=677 in Object.wait()
java.lang.Thread.State: WAITING (on object monitor)
        at sun.misc.Unsafe.park(Native Method)
        at java.util.concurrent.locks.LockSupport.park(LockSupport.java:175)
        at java.util.concurrent.locks.AbstractQueuedSynchronizer$ConditionObject.await(AbstractQueuedSynchronizer.java:2044)
        at java.util.concurrent.ScheduledThreadPoolExecutor$DelayedWorkQueue.take(ScheduledThreadPoolExecutor.java:1088)
        at java.util.concurrent.ScheduledThreadPoolExecutor$DelayedWorkQueue.take(ScheduledThreadPoolExecutor.java:809)
        at java.util.concurrent.ThreadPoolExecutor.getTask(ThreadPoolExecutor.java:1074)
        at java.util.concurrent.ThreadPoolExecutor.runWorker(ThreadPoolExecutor.java:1134)
        at java.util.concurrent.ThreadPoolExecutor$Worker.run(ThreadPoolExecutor.java:624)
        at java.lang.Thread.run(Thread.java:750)
"qtp431033364-141" daemon prio=5 tid=141 timed_waiting
java.lang.Thread.State: TIMED_WAITING
        at sun.misc.Unsafe.park(Native Method)
        at java.util.concurrent.locks.LockSupport.parkNanos(LockSupport.java:215)
        at java.util.concurrent.locks.AbstractQueuedSynchronizer$ConditionObject.awaitNanos(AbstractQueuedSynchronizer.java:2083)
        at org.eclipse.jetty.util.BlockingArrayQueue.poll(BlockingArrayQueue.java:382)
        at org.eclipse.jetty.util.thread.QueuedThreadPool$Runner.idleJobPoll(QueuedThreadPool.java:974)
        at org.eclipse.jetty.util.thread.QueuedThreadPool$Runner.run(QueuedThreadPool.java:1018)
        at java.lang.Thread.run(Thread.java:750)
"StaleRecoveringContainerScrubbingService#0" daemon prio=5 tid=333 timed_waiting
java.lang.Thread.State: TIMED_WAITING
        at sun.misc.Unsafe.park(Native Method)
        at java.util.concurrent.locks.LockSupport.parkNanos(LockSupport.java:215)
        at java.util.concurrent.locks.AbstractQueuedSynchronizer$ConditionObject.awaitNanos(AbstractQueuedSynchronizer.java:2083)
        at java.util.concurrent.ScheduledThreadPoolExecutor$DelayedWorkQueue.take(ScheduledThreadPoolExecutor.java:1093)
        at java.util.concurrent.ScheduledThreadPoolExecutor$DelayedWorkQueue.take(ScheduledThreadPoolExecutor.java:809)
        at java.util.concurrent.ThreadPoolExecutor.getTask(ThreadPoolExecutor.java:1074)
        at java.util.concurrent.ThreadPoolExecutor.runWorker(ThreadPoolExecutor.java:1134)
        at java.util.concurrent.ThreadPoolExecutor$Worker.run(ThreadPoolExecutor.java:624)
        at java.lang.Thread.run(Thread.java:750)
"IPC Server handler 16 on default port 37253" daemon prio=5 tid=73 timed_waiting
java.lang.Thread.State: TIMED_WAITING
        at sun.misc.Unsafe.park(Native Method)
        at java.util.concurrent.locks.LockSupport.parkNanos(LockSupport.java:215)
        at java.util.concurrent.locks.AbstractQueuedSynchronizer$ConditionObject.awaitNanos(AbstractQueuedSynchronizer.java:2083)
        at java.util.concurrent.LinkedBlockingQueue.poll(LinkedBlockingQueue.java:467)
        at org.apache.hadoop.ipc.CallQueueManager.take(CallQueueManager.java:317)
        at org.apache.hadoop.ipc.Server$Handler.run(Server.java:2932)
"ContainerOp-f82f5b97-17e3-4dda-ae22-2fbc0bccceed-1"  prio=5 tid=496 in Object.wait()
java.lang.Thread.State: WAITING (on object monitor)
        at sun.misc.Unsafe.park(Native Method)
        at java.util.concurrent.locks.LockSupport.park(LockSupport.java:175)
        at java.util.concurrent.locks.AbstractQueuedSynchronizer$ConditionObject.await(AbstractQueuedSynchronizer.java:2044)
        at java.util.concurrent.LinkedBlockingQueue.take(LinkedBlockingQueue.java:442)
        at java.util.concurrent.ThreadPoolExecutor.getTask(ThreadPoolExecutor.java:1074)
        at java.util.concurrent.ThreadPoolExecutor.runWorker(ThreadPoolExecutor.java:1134)
        at java.util.concurrent.ThreadPoolExecutor$Worker.run(ThreadPoolExecutor.java:624)
        at java.lang.Thread.run(Thread.java:750)
"IPC Server handler 4 on default port 46487" daemon prio=5 tid=148 timed_waiting
java.lang.Thread.State: TIMED_WAITING
        at sun.misc.Unsafe.park(Native Method)
        at java.util.concurrent.locks.LockSupport.parkNanos(LockSupport.java:215)
        at java.util.concurrent.locks.AbstractQueuedSynchronizer$ConditionObject.awaitNanos(AbstractQueuedSynchronizer.java:2083)
        at java.util.concurrent.LinkedBlockingQueue.poll(LinkedBlockingQueue.java:467)
        at org.apache.hadoop.ipc.CallQueueManager.take(CallQueueManager.java:317)
        at org.apache.hadoop.ipc.Server$Handler.run(Server.java:2932)
"3c09ee4b-a7a3-4286-a1c3-18dea5f798e8@group-DF4EF8A187A1-SegmentedRaftLogWorker"  prio=5 tid=372 timed_waiting
java.lang.Thread.State: TIMED_WAITING
        at sun.misc.Unsafe.park(Native Method)
        at java.util.concurrent.locks.LockSupport.parkNanos(LockSupport.java:215)
        at java.util.concurrent.locks.AbstractQueuedSynchronizer$ConditionObject.awaitNanos(AbstractQueuedSynchronizer.java:2083)
        at org.apache.ratis.util.DataBlockingQueue.poll(DataBlockingQueue.java:148)
        at org.apache.ratis.server.raftlog.segmented.SegmentedRaftLogWorker.run(SegmentedRaftLogWorker.java:301)
        at org.apache.ratis.server.raftlog.segmented.SegmentedRaftLogWorker$$Lambda$564/368003876.run(Unknown Source)
        at java.lang.Thread.run(Thread.java:750)
"ChunkWriter-0-0" daemon prio=5 tid=350 in Object.wait()
java.lang.Thread.State: WAITING (on object monitor)
        at sun.misc.Unsafe.park(Native Method)
        at java.util.concurrent.locks.LockSupport.park(LockSupport.java:175)
        at java.util.concurrent.locks.AbstractQueuedSynchronizer$ConditionObject.await(AbstractQueuedSynchronizer.java:2044)
        at java.util.concurrent.LinkedBlockingDeque.takeFirst(LinkedBlockingDeque.java:492)
        at java.util.concurrent.LinkedBlockingDeque.take(LinkedBlockingDeque.java:680)
        at java.util.concurrent.ThreadPoolExecutor.getTask(ThreadPoolExecutor.java:1074)
        at java.util.concurrent.ThreadPoolExecutor.runWorker(ThreadPoolExecutor.java:1134)
        at java.util.concurrent.ThreadPoolExecutor$Worker.run(ThreadPoolExecutor.java:624)
        at java.lang.Thread.run(Thread.java:750)
"EventQueue-PipelineReportForOneReplicaPipelineSafeModeRule" daemon prio=5 tid=365 in Object.wait()
java.lang.Thread.State: WAITING (on object monitor)
        at sun.misc.Unsafe.park(Native Method)
        at java.util.concurrent.locks.LockSupport.park(LockSupport.java:175)
        at java.util.concurrent.locks.AbstractQueuedSynchronizer$ConditionObject.await(AbstractQueuedSynchronizer.java:2044)
        at java.util.concurrent.LinkedBlockingQueue.take(LinkedBlockingQueue.java:442)
        at java.util.concurrent.ThreadPoolExecutor.getTask(ThreadPoolExecutor.java:1074)
        at java.util.concurrent.ThreadPoolExecutor.runWorker(ThreadPoolExecutor.java:1134)
        at java.util.concurrent.ThreadPoolExecutor$Worker.run(ThreadPoolExecutor.java:624)
        at java.lang.Thread.run(Thread.java:750)
"org.apache.hadoop.fs.FileSystem$Statistics$StatisticsDataReferenceCleaner" daemon prio=5 tid=478 in Object.wait()
java.lang.Thread.State: WAITING (on object monitor)
        at java.lang.Object.wait(Native Method)
        at java.lang.ref.ReferenceQueue.remove(ReferenceQueue.java:144)
        at java.lang.ref.ReferenceQueue.remove(ReferenceQueue.java:165)
        at org.apache.hadoop.fs.FileSystem$Statistics$StatisticsDataReferenceCleaner.run(FileSystem.java:4021)
        at java.lang.Thread.run(Thread.java:750)
"qtp378845707-286" daemon prio=5 tid=286 timed_waiting
java.lang.Thread.State: TIMED_WAITING
        at sun.misc.Unsafe.park(Native Method)
        at java.util.concurrent.locks.LockSupport.parkNanos(LockSupport.java:215)
        at java.util.concurrent.locks.AbstractQueuedSynchronizer$ConditionObject.awaitNanos(AbstractQueuedSynchronizer.java:2083)
        at org.eclipse.jetty.util.BlockingArrayQueue.poll(BlockingArrayQueue.java:382)
        at org.eclipse.jetty.util.thread.QueuedThreadPool$Runner.idleJobPoll(QueuedThreadPool.java:974)
        at org.eclipse.jetty.util.thread.QueuedThreadPool$Runner.run(QueuedThreadPool.java:1018)
        at java.lang.Thread.run(Thread.java:750)
"BlockDeletingService#0" daemon prio=5 tid=356 timed_waiting
java.lang.Thread.State: TIMED_WAITING
        at sun.misc.Unsafe.park(Native Method)
        at java.util.concurrent.locks.LockSupport.parkNanos(LockSupport.java:215)
        at java.util.concurrent.locks.AbstractQueuedSynchronizer$ConditionObject.awaitNanos(AbstractQueuedSynchronizer.java:2083)
        at java.util.concurrent.ScheduledThreadPoolExecutor$DelayedWorkQueue.take(ScheduledThreadPoolExecutor.java:1093)
        at java.util.concurrent.ScheduledThreadPoolExecutor$DelayedWorkQueue.take(ScheduledThreadPoolExecutor.java:809)
        at java.util.concurrent.ThreadPoolExecutor.getTask(ThreadPoolExecutor.java:1074)
        at java.util.concurrent.ThreadPoolExecutor.runWorker(ThreadPoolExecutor.java:1134)
        at java.util.concurrent.ThreadPoolExecutor$Worker.run(ThreadPoolExecutor.java:624)
        at java.lang.Thread.run(Thread.java:750)
"ChunkWriter-2-0" daemon prio=5 tid=340 in Object.wait()
java.lang.Thread.State: WAITING (on object monitor)
        at sun.misc.Unsafe.park(Native Method)
        at java.util.concurrent.locks.LockSupport.park(LockSupport.java:175)
        at java.util.concurrent.locks.AbstractQueuedSynchronizer$ConditionObject.await(AbstractQueuedSynchronizer.java:2044)
        at java.util.concurrent.LinkedBlockingDeque.takeFirst(LinkedBlockingDeque.java:492)
        at java.util.concurrent.LinkedBlockingDeque.take(LinkedBlockingDeque.java:680)
        at java.util.concurrent.ThreadPoolExecutor.getTask(ThreadPoolExecutor.java:1074)
        at java.util.concurrent.ThreadPoolExecutor.runWorker(ThreadPoolExecutor.java:1134)
        at java.util.concurrent.ThreadPoolExecutor$Worker.run(ThreadPoolExecutor.java:624)
        at java.lang.Thread.run(Thread.java:750)
"IPC Server handler 13 on default port 46487" daemon prio=5 tid=157 timed_waiting
java.lang.Thread.State: TIMED_WAITING
        at sun.misc.Unsafe.park(Native Method)
        at java.util.concurrent.locks.LockSupport.parkNanos(LockSupport.java:215)
        at java.util.concurrent.locks.AbstractQueuedSynchronizer$ConditionObject.awaitNanos(AbstractQueuedSynchronizer.java:2083)
        at java.util.concurrent.LinkedBlockingQueue.poll(LinkedBlockingQueue.java:467)
        at org.apache.hadoop.ipc.CallQueueManager.take(CallQueueManager.java:317)
        at org.apache.hadoop.ipc.Server$Handler.run(Server.java:2932)
"IPC Server Responder" daemon prio=5 tid=125 runnable
java.lang.Thread.State: RUNNABLE
        at sun.nio.ch.EPollArrayWrapper.epollWait(Native Method)
        at sun.nio.ch.EPollArrayWrapper.poll(EPollArrayWrapper.java:269)
        at sun.nio.ch.EPollSelectorImpl.doSelect(EPollSelectorImpl.java:93)
        at sun.nio.ch.SelectorImpl.lockAndDoSelect(SelectorImpl.java:86)
        at sun.nio.ch.SelectorImpl.select(SelectorImpl.java:97)
        at org.apache.hadoop.ipc.Server$Responder.doRunLoop(Server.java:1527)
        at org.apache.hadoop.ipc.Server$Responder.run(Server.java:1510)
"6d0c14da-389e-4e82-8c57-a2981f576192@group-CF406588F1D0->a62c8bc8-4eaa-4bd0-9412-231650f1b373-GrpcLogAppender-LogAppenderDaemon" daemon prio=5 tid=591 timed_waiting
java.lang.Thread.State: TIMED_WAITING
        at sun.misc.Unsafe.park(Native Method)
        at java.util.concurrent.locks.LockSupport.parkNanos(LockSupport.java:215)
        at java.util.concurrent.CompletableFuture$Signaller.block(CompletableFuture.java:1709)
        at java.util.concurrent.ForkJoinPool.managedBlock(ForkJoinPool.java:3323)
        at java.util.concurrent.CompletableFuture.timedGet(CompletableFuture.java:1788)
        at java.util.concurrent.CompletableFuture.get(CompletableFuture.java:1928)
        at org.apache.ratis.util.AwaitForSignal.await(AwaitForSignal.java:56)
        at org.apache.ratis.grpc.server.GrpcLogAppender.mayWait(GrpcLogAppender.java:169)
        at org.apache.ratis.grpc.server.GrpcLogAppender.run(GrpcLogAppender.java:128)
        at org.apache.ratis.server.leader.LogAppenderDaemon.run(LogAppenderDaemon.java:77)
        at org.apache.ratis.server.leader.LogAppenderDaemon$$Lambda$962/1472069023.run(Unknown Source)
        at java.lang.Thread.run(Thread.java:750)
"Datanode ReportManager Thread - 2" daemon prio=5 tid=189 in Object.wait()
java.lang.Thread.State: WAITING (on object monitor)
        at sun.misc.Unsafe.park(Native Method)
        at java.util.concurrent.locks.LockSupport.park(LockSupport.java:175)
        at java.util.concurrent.locks.AbstractQueuedSynchronizer$ConditionObject.await(AbstractQueuedSynchronizer.java:2044)
        at java.util.concurrent.ScheduledThreadPoolExecutor$DelayedWorkQueue.take(ScheduledThreadPoolExecutor.java:1088)
        at java.util.concurrent.ScheduledThreadPoolExecutor$DelayedWorkQueue.take(ScheduledThreadPoolExecutor.java:809)
        at java.util.concurrent.ThreadPoolExecutor.getTask(ThreadPoolExecutor.java:1074)
        at java.util.concurrent.ThreadPoolExecutor.runWorker(ThreadPoolExecutor.java:1134)
        at java.util.concurrent.ThreadPoolExecutor$Worker.run(ThreadPoolExecutor.java:624)
        at java.lang.Thread.run(Thread.java:750)
"StaleRecoveringContainerScrubbingService#0" daemon prio=5 tid=309 timed_waiting
java.lang.Thread.State: TIMED_WAITING
        at sun.misc.Unsafe.park(Native Method)
        at java.util.concurrent.locks.LockSupport.parkNanos(LockSupport.java:215)
        at java.util.concurrent.locks.AbstractQueuedSynchronizer$ConditionObject.awaitNanos(AbstractQueuedSynchronizer.java:2083)
        at java.util.concurrent.ScheduledThreadPoolExecutor$DelayedWorkQueue.take(ScheduledThreadPoolExecutor.java:1093)
        at java.util.concurrent.ScheduledThreadPoolExecutor$DelayedWorkQueue.take(ScheduledThreadPoolExecutor.java:809)
        at java.util.concurrent.ThreadPoolExecutor.getTask(ThreadPoolExecutor.java:1074)
        at java.util.concurrent.ThreadPoolExecutor.runWorker(ThreadPoolExecutor.java:1134)
        at java.util.concurrent.ThreadPoolExecutor$Worker.run(ThreadPoolExecutor.java:624)
        at java.lang.Thread.run(Thread.java:750)
"BlockDeletingService#0" daemon prio=5 tid=320 timed_waiting
java.lang.Thread.State: TIMED_WAITING
        at sun.misc.Unsafe.park(Native Method)
        at java.util.concurrent.locks.LockSupport.parkNanos(LockSupport.java:215)
        at java.util.concurrent.locks.AbstractQueuedSynchronizer$ConditionObject.awaitNanos(AbstractQueuedSynchronizer.java:2083)
        at java.util.concurrent.ScheduledThreadPoolExecutor$DelayedWorkQueue.take(ScheduledThreadPoolExecutor.java:1093)
        at java.util.concurrent.ScheduledThreadPoolExecutor$DelayedWorkQueue.take(ScheduledThreadPoolExecutor.java:809)
        at java.util.concurrent.ThreadPoolExecutor.getTask(ThreadPoolExecutor.java:1074)
        at java.util.concurrent.ThreadPoolExecutor.runWorker(ThreadPoolExecutor.java:1134)
        at java.util.concurrent.ThreadPoolExecutor$Worker.run(ThreadPoolExecutor.java:624)
        at java.lang.Thread.run(Thread.java:750)
"ContainerOp-f82f5b97-17e3-4dda-ae22-2fbc0bccceed-4"  prio=5 tid=533 in Object.wait()
java.lang.Thread.State: WAITING (on object monitor)
        at sun.misc.Unsafe.park(Native Method)
        at java.util.concurrent.locks.LockSupport.park(LockSupport.java:175)
        at java.util.concurrent.locks.AbstractQueuedSynchronizer$ConditionObject.await(AbstractQueuedSynchronizer.java:2044)
        at java.util.concurrent.LinkedBlockingQueue.take(LinkedBlockingQueue.java:442)
        at java.util.concurrent.ThreadPoolExecutor.getTask(ThreadPoolExecutor.java:1074)
        at java.util.concurrent.ThreadPoolExecutor.runWorker(ThreadPoolExecutor.java:1134)
        at java.util.concurrent.ThreadPoolExecutor$Worker.run(ThreadPoolExecutor.java:624)
        at java.lang.Thread.run(Thread.java:750)
"IPC Server handler 11 on default port 46487" daemon prio=5 tid=155 timed_waiting
java.lang.Thread.State: TIMED_WAITING
        at sun.misc.Unsafe.park(Native Method)
        at java.util.concurrent.locks.LockSupport.parkNanos(LockSupport.java:215)
        at java.util.concurrent.locks.AbstractQueuedSynchronizer$ConditionObject.awaitNanos(AbstractQueuedSynchronizer.java:2083)
        at java.util.concurrent.LinkedBlockingQueue.poll(LinkedBlockingQueue.java:467)
        at org.apache.hadoop.ipc.CallQueueManager.take(CallQueueManager.java:317)
        at org.apache.hadoop.ipc.Server$Handler.run(Server.java:2932)
"IPC Server handler 6 on default port 37253" daemon prio=5 tid=63 timed_waiting
java.lang.Thread.State: TIMED_WAITING
        at sun.misc.Unsafe.park(Native Method)
        at java.util.concurrent.locks.LockSupport.parkNanos(LockSupport.java:215)
        at java.util.concurrent.locks.AbstractQueuedSynchronizer$ConditionObject.awaitNanos(AbstractQueuedSynchronizer.java:2083)
        at java.util.concurrent.LinkedBlockingQueue.poll(LinkedBlockingQueue.java:467)
        at org.apache.hadoop.ipc.CallQueueManager.take(CallQueueManager.java:317)
        at org.apache.hadoop.ipc.Server$Handler.run(Server.java:2932)
"StaleRecoveringContainerScrubbingService#1" daemon prio=5 tid=347 in Object.wait()
java.lang.Thread.State: WAITING (on object monitor)
        at sun.misc.Unsafe.park(Native Method)
        at java.util.concurrent.locks.LockSupport.park(LockSupport.java:175)
        at java.util.concurrent.locks.AbstractQueuedSynchronizer$ConditionObject.await(AbstractQueuedSynchronizer.java:2044)
        at java.util.concurrent.ScheduledThreadPoolExecutor$DelayedWorkQueue.take(ScheduledThreadPoolExecutor.java:1088)
        at java.util.concurrent.ScheduledThreadPoolExecutor$DelayedWorkQueue.take(ScheduledThreadPoolExecutor.java:809)
        at java.util.concurrent.ThreadPoolExecutor.getTask(ThreadPoolExecutor.java:1074)
        at java.util.concurrent.ThreadPoolExecutor.runWorker(ThreadPoolExecutor.java:1134)
        at java.util.concurrent.ThreadPoolExecutor$Worker.run(ThreadPoolExecutor.java:624)
        at java.lang.Thread.run(Thread.java:750)
"IPC Server handler 17 on default port 41569" daemon prio=5 tid=54 timed_waiting
java.lang.Thread.State: TIMED_WAITING
        at sun.misc.Unsafe.park(Native Method)
        at java.util.concurrent.locks.LockSupport.parkNanos(LockSupport.java:215)
        at java.util.concurrent.locks.AbstractQueuedSynchronizer$ConditionObject.awaitNanos(AbstractQueuedSynchronizer.java:2083)
        at java.util.concurrent.LinkedBlockingQueue.poll(LinkedBlockingQueue.java:467)
        at org.apache.hadoop.ipc.CallQueueManager.take(CallQueueManager.java:317)
        at org.apache.hadoop.ipc.Server$Handler.run(Server.java:2932)
"Datanode State Machine Task Thread - 1"  prio=5 tid=336 in Object.wait()
java.lang.Thread.State: WAITING (on object monitor)
        at sun.misc.Unsafe.park(Native Method)
        at java.util.concurrent.locks.LockSupport.park(LockSupport.java:175)
        at java.util.concurrent.locks.AbstractQueuedSynchronizer$ConditionObject.await(AbstractQueuedSynchronizer.java:2044)
        at java.util.concurrent.LinkedBlockingQueue.take(LinkedBlockingQueue.java:442)
        at java.util.concurrent.ThreadPoolExecutor.getTask(ThreadPoolExecutor.java:1074)
        at java.util.concurrent.ThreadPoolExecutor.runWorker(ThreadPoolExecutor.java:1134)
        at java.util.concurrent.ThreadPoolExecutor$Worker.run(ThreadPoolExecutor.java:624)
        at java.lang.Thread.run(Thread.java:750)
"ChunkWriter-0-0" daemon prio=5 tid=302 in Object.wait()
java.lang.Thread.State: WAITING (on object monitor)
        at sun.misc.Unsafe.park(Native Method)
        at java.util.concurrent.locks.LockSupport.park(LockSupport.java:175)
        at java.util.concurrent.locks.AbstractQueuedSynchronizer$ConditionObject.await(AbstractQueuedSynchronizer.java:2044)
        at java.util.concurrent.LinkedBlockingDeque.takeFirst(LinkedBlockingDeque.java:492)
        at java.util.concurrent.LinkedBlockingDeque.take(LinkedBlockingDeque.java:680)
        at java.util.concurrent.ThreadPoolExecutor.getTask(ThreadPoolExecutor.java:1074)
        at java.util.concurrent.ThreadPoolExecutor.runWorker(ThreadPoolExecutor.java:1134)
        at java.util.concurrent.ThreadPoolExecutor$Worker.run(ThreadPoolExecutor.java:624)
        at java.lang.Thread.run(Thread.java:750)
"Datanode ReportManager Thread - 0" daemon prio=5 tid=239 in Object.wait()
java.lang.Thread.State: WAITING (on object monitor)
        at sun.misc.Unsafe.park(Native Method)
        at java.util.concurrent.locks.LockSupport.park(LockSupport.java:175)
        at java.util.concurrent.locks.AbstractQueuedSynchronizer$ConditionObject.await(AbstractQueuedSynchronizer.java:2044)
        at java.util.concurrent.ScheduledThreadPoolExecutor$DelayedWorkQueue.take(ScheduledThreadPoolExecutor.java:1088)
        at java.util.concurrent.ScheduledThreadPoolExecutor$DelayedWorkQueue.take(ScheduledThreadPoolExecutor.java:809)
        at java.util.concurrent.ThreadPoolExecutor.getTask(ThreadPoolExecutor.java:1074)
        at java.util.concurrent.ThreadPoolExecutor.runWorker(ThreadPoolExecutor.java:1134)
        at java.util.concurrent.ThreadPoolExecutor$Worker.run(ThreadPoolExecutor.java:624)
        at java.lang.Thread.run(Thread.java:750)
"IPC Server handler 19 on default port 41569" daemon prio=5 tid=56 timed_waiting
java.lang.Thread.State: TIMED_WAITING
        at sun.misc.Unsafe.park(Native Method)
        at java.util.concurrent.locks.LockSupport.parkNanos(LockSupport.java:215)
        at java.util.concurrent.locks.AbstractQueuedSynchronizer$ConditionObject.awaitNanos(AbstractQueuedSynchronizer.java:2083)
        at java.util.concurrent.LinkedBlockingQueue.poll(LinkedBlockingQueue.java:467)
        at org.apache.hadoop.ipc.CallQueueManager.take(CallQueueManager.java:317)
        at org.apache.hadoop.ipc.Server$Handler.run(Server.java:2932)
"org.apache.hadoop.util.JvmPauseMonitor$Monitor@40ebb56" daemon prio=5 tid=98 timed_waiting
java.lang.Thread.State: TIMED_WAITING
        at java.lang.Thread.sleep(Native Method)
        at org.apache.hadoop.util.JvmPauseMonitor$Monitor.run(JvmPauseMonitor.java:192)
        at java.lang.Thread.run(Thread.java:750)
"PartialTableCache Cleanup Thread - 0" daemon prio=5 tid=503 in Object.wait()
java.lang.Thread.State: WAITING (on object monitor)
        at sun.misc.Unsafe.park(Native Method)
        at java.util.concurrent.locks.LockSupport.park(LockSupport.java:175)
        at java.util.concurrent.locks.AbstractQueuedSynchronizer$ConditionObject.await(AbstractQueuedSynchronizer.java:2044)
        at java.util.concurrent.LinkedBlockingQueue.take(LinkedBlockingQueue.java:442)
        at java.util.concurrent.ThreadPoolExecutor.getTask(ThreadPoolExecutor.java:1074)
        at java.util.concurrent.ThreadPoolExecutor.runWorker(ThreadPoolExecutor.java:1134)
        at java.util.concurrent.ThreadPoolExecutor$Worker.run(ThreadPoolExecutor.java:624)
        at java.lang.Thread.run(Thread.java:750)
"IPC Server handler 5 on default port 38769" daemon prio=5 tid=82 timed_waiting
java.lang.Thread.State: TIMED_WAITING
        at sun.misc.Unsafe.park(Native Method)
        at java.util.concurrent.locks.LockSupport.parkNanos(LockSupport.java:215)
        at java.util.concurrent.locks.AbstractQueuedSynchronizer$ConditionObject.awaitNanos(AbstractQueuedSynchronizer.java:2083)
        at java.util.concurrent.LinkedBlockingQueue.poll(LinkedBlockingQueue.java:467)
        at org.apache.hadoop.ipc.CallQueueManager.take(CallQueueManager.java:317)
        at org.apache.hadoop.ipc.Server$Handler.run(Server.java:2932)
"ContainerOp-f82f5b97-17e3-4dda-ae22-2fbc0bccceed-2"  prio=5 tid=526 in Object.wait()
java.lang.Thread.State: WAITING (on object monitor)
        at sun.misc.Unsafe.park(Native Method)
        at java.util.concurrent.locks.LockSupport.park(LockSupport.java:175)
        at java.util.concurrent.locks.AbstractQueuedSynchronizer$ConditionObject.await(AbstractQueuedSynchronizer.java:2044)
        at java.util.concurrent.LinkedBlockingQueue.take(LinkedBlockingQueue.java:442)
        at java.util.concurrent.ThreadPoolExecutor.getTask(ThreadPoolExecutor.java:1074)
        at java.util.concurrent.ThreadPoolExecutor.runWorker(ThreadPoolExecutor.java:1134)
        at java.util.concurrent.ThreadPoolExecutor$Worker.run(ThreadPoolExecutor.java:624)
        at java.lang.Thread.run(Thread.java:750)
"qtp167993803-204-acceptor-0@6766429a-ServerConnector@4e3db1c6{HTTP/1.1, (http/1.1)}{0.0.0.0:42427}" daemon prio=3 tid=204 runnable
java.lang.Thread.State: RUNNABLE
        at sun.nio.ch.ServerSocketChannelImpl.accept0(Native Method)
        at sun.nio.ch.ServerSocketChannelImpl.accept(ServerSocketChannelImpl.java:421)
        at sun.nio.ch.ServerSocketChannelImpl.accept(ServerSocketChannelImpl.java:249)
        at org.eclipse.jetty.server.ServerConnector.accept(ServerConnector.java:388)
        at org.eclipse.jetty.server.AbstractConnector$Acceptor.run(AbstractConnector.java:702)
        at org.eclipse.jetty.util.thread.QueuedThreadPool.runJob(QueuedThreadPool.java:883)
        at org.eclipse.jetty.util.thread.QueuedThreadPool$Runner.run(QueuedThreadPool.java:1034)
        at java.lang.Thread.run(Thread.java:750)
"Reference Handler" daemon prio=10 tid=2 in Object.wait()
java.lang.Thread.State: WAITING (on object monitor)
        at java.lang.Object.wait(Native Method)
        at java.lang.Object.wait(Object.java:502)
        at java.lang.ref.Reference.tryHandlePending(Reference.java:191)
        at java.lang.ref.Reference$ReferenceHandler.run(Reference.java:153)
"3c09ee4b-a7a3-4286-a1c3-18dea5f798e8@group-2FBC0BCCCEED-SegmentedRaftLogWorker"  prio=5 tid=407 timed_waiting
java.lang.Thread.State: TIMED_WAITING
        at sun.misc.Unsafe.park(Native Method)
        at java.util.concurrent.locks.LockSupport.parkNanos(LockSupport.java:215)
        at java.util.concurrent.locks.AbstractQueuedSynchronizer$ConditionObject.awaitNanos(AbstractQueuedSynchronizer.java:2083)
        at org.apache.ratis.util.DataBlockingQueue.poll(DataBlockingQueue.java:148)
        at org.apache.ratis.server.raftlog.segmented.SegmentedRaftLogWorker.run(SegmentedRaftLogWorker.java:301)
        at org.apache.ratis.server.raftlog.segmented.SegmentedRaftLogWorker$$Lambda$564/368003876.run(Unknown Source)
        at java.lang.Thread.run(Thread.java:750)
"ChunkWriter-0-0" daemon prio=5 tid=338 in Object.wait()
java.lang.Thread.State: WAITING (on object monitor)
        at sun.misc.Unsafe.park(Native Method)
        at java.util.concurrent.locks.LockSupport.park(LockSupport.java:175)
        at java.util.concurrent.locks.AbstractQueuedSynchronizer$ConditionObject.await(AbstractQueuedSynchronizer.java:2044)
        at java.util.concurrent.LinkedBlockingDeque.takeFirst(LinkedBlockingDeque.java:492)
        at java.util.concurrent.LinkedBlockingDeque.take(LinkedBlockingDeque.java:680)
        at java.util.concurrent.ThreadPoolExecutor.getTask(ThreadPoolExecutor.java:1074)
        at java.util.concurrent.ThreadPoolExecutor.runWorker(ThreadPoolExecutor.java:1134)
        at java.util.concurrent.ThreadPoolExecutor$Worker.run(ThreadPoolExecutor.java:624)
        at java.lang.Thread.run(Thread.java:750)
"ContainerOp-f82f5b97-17e3-4dda-ae22-2fbc0bccceed-4"  prio=5 tid=527 in Object.wait()
java.lang.Thread.State: WAITING (on object monitor)
        at sun.misc.Unsafe.park(Native Method)
        at java.util.concurrent.locks.LockSupport.park(LockSupport.java:175)
        at java.util.concurrent.locks.AbstractQueuedSynchronizer$ConditionObject.await(AbstractQueuedSynchronizer.java:2044)
        at java.util.concurrent.LinkedBlockingQueue.take(LinkedBlockingQueue.java:442)
        at java.util.concurrent.ThreadPoolExecutor.getTask(ThreadPoolExecutor.java:1074)
        at java.util.concurrent.ThreadPoolExecutor.runWorker(ThreadPoolExecutor.java:1134)
        at java.util.concurrent.ThreadPoolExecutor$Worker.run(ThreadPoolExecutor.java:624)
        at java.lang.Thread.run(Thread.java:750)
"BackgroundPipelineScrubberThread" daemon prio=5 tid=16 timed_waiting
java.lang.Thread.State: TIMED_WAITING
        at java.lang.Object.wait(Native Method)
        at org.apache.hadoop.hdds.scm.ha.BackgroundSCMService.run(BackgroundSCMService.java:110)
        at org.apache.hadoop.hdds.scm.ha.BackgroundSCMService$$Lambda$326/1552127607.run(Unknown Source)
        at java.lang.Thread.run(Thread.java:750)
"pool-96-thread-1"  prio=5 tid=382 in Object.wait()
java.lang.Thread.State: WAITING (on object monitor)
        at sun.misc.Unsafe.park(Native Method)
        at java.util.concurrent.locks.LockSupport.park(LockSupport.java:175)
        at java.util.concurrent.locks.AbstractQueuedSynchronizer$ConditionObject.await(AbstractQueuedSynchronizer.java:2044)
        at java.util.concurrent.LinkedBlockingQueue.take(LinkedBlockingQueue.java:442)
        at java.util.concurrent.ThreadPoolExecutor.getTask(ThreadPoolExecutor.java:1074)
        at java.util.concurrent.ThreadPoolExecutor.runWorker(ThreadPoolExecutor.java:1134)
        at java.util.concurrent.ThreadPoolExecutor$Worker.run(ThreadPoolExecutor.java:624)
        at java.lang.Thread.run(Thread.java:750)
"IPC Server handler 3 on default port 37253" daemon prio=5 tid=60 timed_waiting
java.lang.Thread.State: TIMED_WAITING
        at sun.misc.Unsafe.park(Native Method)
        at java.util.concurrent.locks.LockSupport.parkNanos(LockSupport.java:215)
        at java.util.concurrent.locks.AbstractQueuedSynchronizer$ConditionObject.awaitNanos(AbstractQueuedSynchronizer.java:2083)
        at java.util.concurrent.LinkedBlockingQueue.poll(LinkedBlockingQueue.java:467)
        at org.apache.hadoop.ipc.CallQueueManager.take(CallQueueManager.java:317)
        at org.apache.hadoop.ipc.Server$Handler.run(Server.java:2932)
"Trash Emptier" daemon prio=5 tid=164 timed_waiting
java.lang.Thread.State: TIMED_WAITING
        at java.lang.Thread.sleep(Native Method)
        at org.apache.hadoop.ozone.om.TrashPolicyOzone$Emptier.run(TrashPolicyOzone.java:199)
        at java.lang.Thread.run(Thread.java:750)
"org.apache.hadoop.ozone.container.common.statemachine.commandhandler.DeleteBlocksCommandHandler$DeleteCmdWorker@6793247f" daemon prio=5 tid=253 timed_waiting
java.lang.Thread.State: TIMED_WAITING
        at java.lang.Thread.sleep(Native Method)
        at org.apache.hadoop.ozone.container.common.statemachine.commandhandler.DeleteBlocksCommandHandler$DeleteCmdWorker.run(DeleteBlocksCommandHandler.java:183)
        at java.lang.Thread.run(Thread.java:750)
"ChunkWriter-3-0" daemon prio=5 tid=353 in Object.wait()
java.lang.Thread.State: WAITING (on object monitor)
        at sun.misc.Unsafe.park(Native Method)
        at java.util.concurrent.locks.LockSupport.park(LockSupport.java:175)
        at java.util.concurrent.locks.AbstractQueuedSynchronizer$ConditionObject.await(AbstractQueuedSynchronizer.java:2044)
        at java.util.concurrent.LinkedBlockingDeque.takeFirst(LinkedBlockingDeque.java:492)
        at java.util.concurrent.LinkedBlockingDeque.take(LinkedBlockingDeque.java:680)
        at java.util.concurrent.ThreadPoolExecutor.getTask(ThreadPoolExecutor.java:1074)
        at java.util.concurrent.ThreadPoolExecutor.runWorker(ThreadPoolExecutor.java:1134)
        at java.util.concurrent.ThreadPoolExecutor$Worker.run(ThreadPoolExecutor.java:624)
        at java.lang.Thread.run(Thread.java:750)
"ChunkWriter-1-0" daemon prio=5 tid=327 in Object.wait()
java.lang.Thread.State: WAITING (on object monitor)
        at sun.misc.Unsafe.park(Native Method)
        at java.util.concurrent.locks.LockSupport.park(LockSupport.java:175)
        at java.util.concurrent.locks.AbstractQueuedSynchronizer$ConditionObject.await(AbstractQueuedSynchronizer.java:2044)
        at java.util.concurrent.LinkedBlockingDeque.takeFirst(LinkedBlockingDeque.java:492)
        at java.util.concurrent.LinkedBlockingDeque.take(LinkedBlockingDeque.java:680)
        at java.util.concurrent.ThreadPoolExecutor.getTask(ThreadPoolExecutor.java:1074)
        at java.util.concurrent.ThreadPoolExecutor.runWorker(ThreadPoolExecutor.java:1134)
        at java.util.concurrent.ThreadPoolExecutor$Worker.run(ThreadPoolExecutor.java:624)
        at java.lang.Thread.run(Thread.java:750)
"Datanode ReportManager Thread - 2" daemon prio=5 tid=267 in Object.wait()
java.lang.Thread.State: WAITING (on object monitor)
        at sun.misc.Unsafe.park(Native Method)
        at java.util.concurrent.locks.LockSupport.park(LockSupport.java:175)
        at java.util.concurrent.locks.AbstractQueuedSynchronizer$ConditionObject.await(AbstractQueuedSynchronizer.java:2044)
        at java.util.concurrent.ScheduledThreadPoolExecutor$DelayedWorkQueue.take(ScheduledThreadPoolExecutor.java:1088)
        at java.util.concurrent.ScheduledThreadPoolExecutor$DelayedWorkQueue.take(ScheduledThreadPoolExecutor.java:809)
        at java.util.concurrent.ThreadPoolExecutor.getTask(ThreadPoolExecutor.java:1074)
        at java.util.concurrent.ThreadPoolExecutor.runWorker(ThreadPoolExecutor.java:1134)
        at java.util.concurrent.ThreadPoolExecutor$Worker.run(ThreadPoolExecutor.java:624)
        at java.lang.Thread.run(Thread.java:750)
"BlockDeletingService#3" daemon prio=5 tid=781 in Object.wait()
java.lang.Thread.State: WAITING (on object monitor)
        at sun.misc.Unsafe.park(Native Method)
        at java.util.concurrent.locks.LockSupport.park(LockSupport.java:175)
        at java.util.concurrent.locks.AbstractQueuedSynchronizer$ConditionObject.await(AbstractQueuedSynchronizer.java:2044)
        at java.util.concurrent.ScheduledThreadPoolExecutor$DelayedWorkQueue.take(ScheduledThreadPoolExecutor.java:1088)
        at java.util.concurrent.ScheduledThreadPoolExecutor$DelayedWorkQueue.take(ScheduledThreadPoolExecutor.java:809)
        at java.util.concurrent.ThreadPoolExecutor.getTask(ThreadPoolExecutor.java:1074)
        at java.util.concurrent.ThreadPoolExecutor.runWorker(ThreadPoolExecutor.java:1134)
        at java.util.concurrent.ThreadPoolExecutor$Worker.run(ThreadPoolExecutor.java:624)
        at java.lang.Thread.run(Thread.java:750)
"qtp2008534116-229" daemon prio=5 tid=229 runnable
java.lang.Thread.State: RUNNABLE
        at sun.nio.ch.EPollArrayWrapper.epollWait(Native Method)
        at sun.nio.ch.EPollArrayWrapper.poll(EPollArrayWrapper.java:269)
        at sun.nio.ch.EPollSelectorImpl.doSelect(EPollSelectorImpl.java:93)
        at sun.nio.ch.SelectorImpl.lockAndDoSelect(SelectorImpl.java:86)
        at sun.nio.ch.SelectorImpl.select(SelectorImpl.java:97)
        at sun.nio.ch.SelectorImpl.select(SelectorImpl.java:101)
        at org.eclipse.jetty.io.ManagedSelector.nioSelect(ManagedSelector.java:183)
        at org.eclipse.jetty.io.ManagedSelector.select(ManagedSelector.java:190)
        at org.eclipse.jetty.io.ManagedSelector$SelectorProducer.select(ManagedSelector.java:606)
        at org.eclipse.jetty.io.ManagedSelector$SelectorProducer.produce(ManagedSelector.java:543)
        at org.eclipse.jetty.util.thread.strategy.EatWhatYouKill.produceTask(EatWhatYouKill.java:362)
        at org.eclipse.jetty.util.thread.strategy.EatWhatYouKill.doProduce(EatWhatYouKill.java:186)
        at org.eclipse.jetty.util.thread.strategy.EatWhatYouKill.tryProduce(EatWhatYouKill.java:173)
        at org.eclipse.jetty.util.thread.strategy.EatWhatYouKill.produce(EatWhatYouKill.java:137)
        at org.eclipse.jetty.io.ManagedSelector$$Lambda$397/626754729.run(Unknown Source)
        at org.eclipse.jetty.util.thread.QueuedThreadPool.runJob(QueuedThreadPool.java:883)
        at org.eclipse.jetty.util.thread.QueuedThreadPool$Runner.run(QueuedThreadPool.java:1034)
        at java.lang.Thread.run(Thread.java:750)
"6d0c14da-389e-4e82-8c57-a2981f576192@group-B579C050567A-StateMachineUpdater" daemon prio=5 tid=398 timed_waiting
java.lang.Thread.State: TIMED_WAITING
        at sun.misc.Unsafe.park(Native Method)
        at java.util.concurrent.locks.LockSupport.parkNanos(LockSupport.java:215)
        at java.util.concurrent.CompletableFuture$Signaller.block(CompletableFuture.java:1709)
        at java.util.concurrent.ForkJoinPool.managedBlock(ForkJoinPool.java:3323)
        at java.util.concurrent.CompletableFuture.timedGet(CompletableFuture.java:1788)
        at java.util.concurrent.CompletableFuture.get(CompletableFuture.java:1928)
        at org.apache.ratis.util.AwaitForSignal.await(AwaitForSignal.java:56)
        at org.apache.ratis.server.impl.StateMachineUpdater.waitForCommit(StateMachineUpdater.java:207)
        at org.apache.ratis.server.impl.StateMachineUpdater.run(StateMachineUpdater.java:176)
        at java.lang.Thread.run(Thread.java:750)
"ContainerOp-f82f5b97-17e3-4dda-ae22-2fbc0bccceed-0"  prio=5 tid=493 in Object.wait()
java.lang.Thread.State: WAITING (on object monitor)
        at sun.misc.Unsafe.park(Native Method)
        at java.util.concurrent.locks.LockSupport.park(LockSupport.java:175)
        at java.util.concurrent.locks.AbstractQueuedSynchronizer$ConditionObject.await(AbstractQueuedSynchronizer.java:2044)
        at java.util.concurrent.LinkedBlockingQueue.take(LinkedBlockingQueue.java:442)
        at java.util.concurrent.ThreadPoolExecutor.getTask(ThreadPoolExecutor.java:1074)
        at java.util.concurrent.ThreadPoolExecutor.runWorker(ThreadPoolExecutor.java:1134)
        at java.util.concurrent.ThreadPoolExecutor$Worker.run(ThreadPoolExecutor.java:624)
        at java.lang.Thread.run(Thread.java:750)
"qtp1437401449-257" daemon prio=5 tid=257 timed_waiting
java.lang.Thread.State: TIMED_WAITING
        at sun.misc.Unsafe.park(Native Method)
        at java.util.concurrent.locks.LockSupport.parkNanos(LockSupport.java:215)
        at java.util.concurrent.locks.AbstractQueuedSynchronizer$ConditionObject.awaitNanos(AbstractQueuedSynchronizer.java:2083)
        at org.eclipse.jetty.util.BlockingArrayQueue.poll(BlockingArrayQueue.java:382)
        at org.eclipse.jetty.util.thread.QueuedThreadPool$Runner.idleJobPoll(QueuedThreadPool.java:974)
        at org.eclipse.jetty.util.thread.QueuedThreadPool$Runner.run(QueuedThreadPool.java:1018)
        at java.lang.Thread.run(Thread.java:750)
"IPC Server handler 10 on default port 38769" daemon prio=5 tid=87 timed_waiting
java.lang.Thread.State: TIMED_WAITING
        at sun.misc.Unsafe.park(Native Method)
        at java.util.concurrent.locks.LockSupport.parkNanos(LockSupport.java:215)
        at java.util.concurrent.locks.AbstractQueuedSynchronizer$ConditionObject.awaitNanos(AbstractQueuedSynchronizer.java:2083)
        at java.util.concurrent.LinkedBlockingQueue.poll(LinkedBlockingQueue.java:467)
        at org.apache.hadoop.ipc.CallQueueManager.take(CallQueueManager.java:317)
        at org.apache.hadoop.ipc.Server$Handler.run(Server.java:2932)
"qtp1202765820-175" daemon prio=5 tid=175 runnable
java.lang.Thread.State: RUNNABLE
        at sun.nio.ch.EPollArrayWrapper.epollWait(Native Method)
        at sun.nio.ch.EPollArrayWrapper.poll(EPollArrayWrapper.java:269)
        at sun.nio.ch.EPollSelectorImpl.doSelect(EPollSelectorImpl.java:93)
        at sun.nio.ch.SelectorImpl.lockAndDoSelect(SelectorImpl.java:86)
        at sun.nio.ch.SelectorImpl.select(SelectorImpl.java:97)
        at sun.nio.ch.SelectorImpl.select(SelectorImpl.java:101)
        at org.eclipse.jetty.io.ManagedSelector.nioSelect(ManagedSelector.java:183)
        at org.eclipse.jetty.io.ManagedSelector.select(ManagedSelector.java:190)
        at org.eclipse.jetty.io.ManagedSelector$SelectorProducer.select(ManagedSelector.java:606)
        at org.eclipse.jetty.io.ManagedSelector$SelectorProducer.produce(ManagedSelector.java:543)
        at org.eclipse.jetty.util.thread.strategy.EatWhatYouKill.produceTask(EatWhatYouKill.java:362)
        at org.eclipse.jetty.util.thread.strategy.EatWhatYouKill.doProduce(EatWhatYouKill.java:186)
        at org.eclipse.jetty.util.thread.strategy.EatWhatYouKill.tryProduce(EatWhatYouKill.java:173)
        at org.eclipse.jetty.util.thread.strategy.EatWhatYouKill.produce(EatWhatYouKill.java:137)
        at org.eclipse.jetty.io.ManagedSelector$$Lambda$397/626754729.run(Unknown Source)
        at org.eclipse.jetty.util.thread.QueuedThreadPool.runJob(QueuedThreadPool.java:883)
        at org.eclipse.jetty.util.thread.QueuedThreadPool$Runner.run(QueuedThreadPool.java:1034)
        at java.lang.Thread.run(Thread.java:750)
"pool-142-thread-1"  prio=5 tid=417 in Object.wait()
java.lang.Thread.State: WAITING (on object monitor)
        at sun.misc.Unsafe.park(Native Method)
        at java.util.concurrent.locks.LockSupport.park(LockSupport.java:175)
        at java.util.concurrent.locks.AbstractQueuedSynchronizer$ConditionObject.await(AbstractQueuedSynchronizer.java:2044)
        at java.util.concurrent.LinkedBlockingQueue.take(LinkedBlockingQueue.java:442)
        at java.util.concurrent.ThreadPoolExecutor.getTask(ThreadPoolExecutor.java:1074)
        at java.util.concurrent.ThreadPoolExecutor.runWorker(ThreadPoolExecutor.java:1134)
        at java.util.concurrent.ThreadPoolExecutor$Worker.run(ThreadPoolExecutor.java:624)
        at java.lang.Thread.run(Thread.java:750)
"IPC Server handler 4 on default port 41569" daemon prio=5 tid=41 timed_waiting
java.lang.Thread.State: TIMED_WAITING
        at sun.misc.Unsafe.park(Native Method)
        at java.util.concurrent.locks.LockSupport.parkNanos(LockSupport.java:215)
        at java.util.concurrent.locks.AbstractQueuedSynchronizer$ConditionObject.awaitNanos(AbstractQueuedSynchronizer.java:2083)
        at java.util.concurrent.LinkedBlockingQueue.poll(LinkedBlockingQueue.java:467)
        at org.apache.hadoop.ipc.CallQueueManager.take(CallQueueManager.java:317)
        at org.apache.hadoop.ipc.Server$Handler.run(Server.java:2932)
"Datanode ReportManager Thread - 1" daemon prio=5 tid=240 in Object.wait()
java.lang.Thread.State: WAITING (on object monitor)
        at sun.misc.Unsafe.park(Native Method)
        at java.util.concurrent.locks.LockSupport.park(LockSupport.java:175)
        at java.util.concurrent.locks.AbstractQueuedSynchronizer$ConditionObject.await(AbstractQueuedSynchronizer.java:2044)
        at java.util.concurrent.ScheduledThreadPoolExecutor$DelayedWorkQueue.take(ScheduledThreadPoolExecutor.java:1088)
        at java.util.concurrent.ScheduledThreadPoolExecutor$DelayedWorkQueue.take(ScheduledThreadPoolExecutor.java:809)
        at java.util.concurrent.ThreadPoolExecutor.getTask(ThreadPoolExecutor.java:1074)
        at java.util.concurrent.ThreadPoolExecutor.runWorker(ThreadPoolExecutor.java:1134)
        at java.util.concurrent.ThreadPoolExecutor$Worker.run(ThreadPoolExecutor.java:624)
        at java.lang.Thread.run(Thread.java:750)
"DirectoryDeletingService#0" daemon prio=5 tid=132 timed_waiting
java.lang.Thread.State: TIMED_WAITING
        at sun.misc.Unsafe.park(Native Method)
        at java.util.concurrent.locks.LockSupport.parkNanos(LockSupport.java:215)
        at java.util.concurrent.locks.AbstractQueuedSynchronizer$ConditionObject.awaitNanos(AbstractQueuedSynchronizer.java:2083)
        at java.util.concurrent.ScheduledThreadPoolExecutor$DelayedWorkQueue.take(ScheduledThreadPoolExecutor.java:1093)
        at java.util.concurrent.ScheduledThreadPoolExecutor$DelayedWorkQueue.take(ScheduledThreadPoolExecutor.java:809)
        at java.util.concurrent.ThreadPoolExecutor.getTask(ThreadPoolExecutor.java:1074)
        at java.util.concurrent.ThreadPoolExecutor.runWorker(ThreadPoolExecutor.java:1134)
        at java.util.concurrent.ThreadPoolExecutor$Worker.run(ThreadPoolExecutor.java:624)
        at java.lang.Thread.run(Thread.java:750)
"IPC Server handler 8 on default port 46487" daemon prio=5 tid=152 timed_waiting
java.lang.Thread.State: TIMED_WAITING
        at sun.misc.Unsafe.park(Native Method)
        at java.util.concurrent.locks.LockSupport.parkNanos(LockSupport.java:215)
        at java.util.concurrent.locks.AbstractQueuedSynchronizer$ConditionObject.awaitNanos(AbstractQueuedSynchronizer.java:2083)
        at java.util.concurrent.LinkedBlockingQueue.poll(LinkedBlockingQueue.java:467)
        at org.apache.hadoop.ipc.CallQueueManager.take(CallQueueManager.java:317)
        at org.apache.hadoop.ipc.Server$Handler.run(Server.java:2932)
"pool-128-thread-1"  prio=5 tid=228 timed_waiting
java.lang.Thread.State: TIMED_WAITING
        at sun.misc.Unsafe.park(Native Method)
        at java.util.concurrent.locks.LockSupport.parkNanos(LockSupport.java:215)
        at java.util.concurrent.locks.AbstractQueuedSynchronizer$ConditionObject.awaitNanos(AbstractQueuedSynchronizer.java:2083)
        at java.util.concurrent.ScheduledThreadPoolExecutor$DelayedWorkQueue.take(ScheduledThreadPoolExecutor.java:1093)
        at java.util.concurrent.ScheduledThreadPoolExecutor$DelayedWorkQueue.take(ScheduledThreadPoolExecutor.java:809)
        at java.util.concurrent.ThreadPoolExecutor.getTask(ThreadPoolExecutor.java:1074)
        at java.util.concurrent.ThreadPoolExecutor.runWorker(ThreadPoolExecutor.java:1134)
        at java.util.concurrent.ThreadPoolExecutor$Worker.run(ThreadPoolExecutor.java:624)
        at java.lang.Thread.run(Thread.java:750)
"FullTableCache Cleanup Thread - 0" daemon prio=5 tid=476 in Object.wait()
java.lang.Thread.State: WAITING (on object monitor)
        at sun.misc.Unsafe.park(Native Method)
        at java.util.concurrent.locks.LockSupport.park(LockSupport.java:175)
        at java.util.concurrent.locks.AbstractQueuedSynchronizer$ConditionObject.await(AbstractQueuedSynchronizer.java:2044)
        at java.util.concurrent.LinkedBlockingQueue.take(LinkedBlockingQueue.java:442)
        at java.util.concurrent.ThreadPoolExecutor.getTask(ThreadPoolExecutor.java:1074)
        at java.util.concurrent.ThreadPoolExecutor.runWorker(ThreadPoolExecutor.java:1134)
        at java.util.concurrent.ThreadPoolExecutor$Worker.run(ThreadPoolExecutor.java:624)
        at java.lang.Thread.run(Thread.java:750)
"a62c8bc8-4eaa-4bd0-9412-231650f1b373@group-CF406588F1D0-StateMachineUpdater" daemon prio=5 tid=387 timed_waiting
java.lang.Thread.State: TIMED_WAITING
        at sun.misc.Unsafe.park(Native Method)
        at java.util.concurrent.locks.LockSupport.parkNanos(LockSupport.java:215)
        at java.util.concurrent.CompletableFuture$Signaller.block(CompletableFuture.java:1709)
        at java.util.concurrent.ForkJoinPool.managedBlock(ForkJoinPool.java:3323)
        at java.util.concurrent.CompletableFuture.timedGet(CompletableFuture.java:1788)
        at java.util.concurrent.CompletableFuture.get(CompletableFuture.java:1928)
        at org.apache.ratis.util.AwaitForSignal.await(AwaitForSignal.java:56)
        at org.apache.ratis.server.impl.StateMachineUpdater.waitForCommit(StateMachineUpdater.java:207)
        at org.apache.ratis.server.impl.StateMachineUpdater.run(StateMachineUpdater.java:176)
        at java.lang.Thread.run(Thread.java:750)
"IPC Server handler 2 on default port 46487" daemon prio=5 tid=146 timed_waiting
java.lang.Thread.State: TIMED_WAITING
        at sun.misc.Unsafe.park(Native Method)
        at java.util.concurrent.locks.LockSupport.parkNanos(LockSupport.java:215)
        at java.util.concurrent.locks.AbstractQueuedSynchronizer$ConditionObject.awaitNanos(AbstractQueuedSynchronizer.java:2083)
        at java.util.concurrent.LinkedBlockingQueue.poll(LinkedBlockingQueue.java:467)
        at org.apache.hadoop.ipc.CallQueueManager.take(CallQueueManager.java:317)
        at org.apache.hadoop.ipc.Server$Handler.run(Server.java:2932)
"Datanode State Machine Daemon Thread" daemon prio=5 tid=290 timed_waiting
java.lang.Thread.State: TIMED_WAITING
        at java.lang.Thread.sleep(Native Method)
        at org.apache.hadoop.ozone.container.common.statemachine.DatanodeStateMachine.startStateMachineThread(DatanodeStateMachine.java:313)
        at org.apache.hadoop.ozone.container.common.statemachine.DatanodeStateMachine.lambda$startDaemon$0(DatanodeStateMachine.java:493)
        at org.apache.hadoop.ozone.container.common.statemachine.DatanodeStateMachine$$Lambda$747/1804582612.run(Unknown Source)
        at java.lang.Thread.run(Thread.java:750)
"Session-HouseKeeper-7318d347-1"  prio=5 tid=143 timed_waiting
java.lang.Thread.State: TIMED_WAITING
        at sun.misc.Unsafe.park(Native Method)
        at java.util.concurrent.locks.LockSupport.parkNanos(LockSupport.java:215)
        at java.util.concurrent.locks.AbstractQueuedSynchronizer$ConditionObject.awaitNanos(AbstractQueuedSynchronizer.java:2083)
        at java.util.concurrent.ScheduledThreadPoolExecutor$DelayedWorkQueue.take(ScheduledThreadPoolExecutor.java:1093)
        at java.util.concurrent.ScheduledThreadPoolExecutor$DelayedWorkQueue.take(ScheduledThreadPoolExecutor.java:809)
        at java.util.concurrent.ThreadPoolExecutor.getTask(ThreadPoolExecutor.java:1074)
        at java.util.concurrent.ThreadPoolExecutor.runWorker(ThreadPoolExecutor.java:1134)
        at java.util.concurrent.ThreadPoolExecutor$Worker.run(ThreadPoolExecutor.java:624)
        at java.lang.Thread.run(Thread.java:750)
"ContainerOp-f82f5b97-17e3-4dda-ae22-2fbc0bccceed-7"  prio=5 tid=561 in Object.wait()
java.lang.Thread.State: WAITING (on object monitor)
        at sun.misc.Unsafe.park(Native Method)
        at java.util.concurrent.locks.LockSupport.park(LockSupport.java:175)
        at java.util.concurrent.locks.AbstractQueuedSynchronizer$ConditionObject.await(AbstractQueuedSynchronizer.java:2044)
        at java.util.concurrent.LinkedBlockingQueue.take(LinkedBlockingQueue.java:442)
        at java.util.concurrent.ThreadPoolExecutor.getTask(ThreadPoolExecutor.java:1074)
        at java.util.concurrent.ThreadPoolExecutor.runWorker(ThreadPoolExecutor.java:1134)
        at java.util.concurrent.ThreadPoolExecutor$Worker.run(ThreadPoolExecutor.java:624)
        at java.lang.Thread.run(Thread.java:750)
"org.apache.hadoop.util.JvmPauseMonitor$Monitor@521b21e7" daemon prio=5 tid=219 timed_waiting
java.lang.Thread.State: TIMED_WAITING
        at java.lang.Thread.sleep(Native Method)
        at org.apache.hadoop.util.JvmPauseMonitor$Monitor.run(JvmPauseMonitor.java:192)
        at java.lang.Thread.run(Thread.java:750)
"IPC Server handler 14 on default port 38769" daemon prio=5 tid=91 timed_waiting
java.lang.Thread.State: TIMED_WAITING
        at sun.misc.Unsafe.park(Native Method)
        at java.util.concurrent.locks.LockSupport.parkNanos(LockSupport.java:215)
        at java.util.concurrent.locks.AbstractQueuedSynchronizer$ConditionObject.awaitNanos(AbstractQueuedSynchronizer.java:2083)
        at java.util.concurrent.LinkedBlockingQueue.poll(LinkedBlockingQueue.java:467)
        at org.apache.hadoop.ipc.CallQueueManager.take(CallQueueManager.java:317)
        at org.apache.hadoop.ipc.Server$Handler.run(Server.java:2932)
"qtp378845707-285" daemon prio=5 tid=285 timed_waiting
java.lang.Thread.State: TIMED_WAITING
        at sun.misc.Unsafe.park(Native Method)
        at java.util.concurrent.locks.LockSupport.parkNanos(LockSupport.java:215)
        at java.util.concurrent.locks.AbstractQueuedSynchronizer$ConditionObject.awaitNanos(AbstractQueuedSynchronizer.java:2083)
        at org.eclipse.jetty.util.BlockingArrayQueue.poll(BlockingArrayQueue.java:382)
        at org.eclipse.jetty.util.thread.QueuedThreadPool$Runner.idleJobPoll(QueuedThreadPool.java:974)
        at org.eclipse.jetty.util.thread.QueuedThreadPool$Runner.run(QueuedThreadPool.java:1018)
        at java.lang.Thread.run(Thread.java:750)
"BlockDeletingService#3" daemon prio=5 tid=776 in Object.wait()
java.lang.Thread.State: WAITING (on object monitor)
        at sun.misc.Unsafe.park(Native Method)
        at java.util.concurrent.locks.LockSupport.park(LockSupport.java:175)
        at java.util.concurrent.locks.AbstractQueuedSynchronizer$ConditionObject.await(AbstractQueuedSynchronizer.java:2044)
        at java.util.concurrent.ScheduledThreadPoolExecutor$DelayedWorkQueue.take(ScheduledThreadPoolExecutor.java:1088)
        at java.util.concurrent.ScheduledThreadPoolExecutor$DelayedWorkQueue.take(ScheduledThreadPoolExecutor.java:809)
        at java.util.concurrent.ThreadPoolExecutor.getTask(ThreadPoolExecutor.java:1074)
        at java.util.concurrent.ThreadPoolExecutor.runWorker(ThreadPoolExecutor.java:1134)
        at java.util.concurrent.ThreadPoolExecutor$Worker.run(ThreadPoolExecutor.java:624)
        at java.lang.Thread.run(Thread.java:750)


	at org.apache.ozone.test.GenericTestUtils.waitFor(GenericTestUtils.java:224)
	at org.apache.hadoop.fs.ozone.TestOzoneFileSystem.testTrash(TestOzoneFileSystem.java:1590)
	at sun.reflect.NativeMethodAccessorImpl.invoke0(Native Method)
	at sun.reflect.NativeMethodAccessorImpl.invoke(NativeMethodAccessorImpl.java:62)
	at sun.reflect.DelegatingMethodAccessorImpl.invoke(DelegatingMethodAccessorImpl.java:43)
	at java.lang.reflect.Method.invoke(Method.java:498)
	at org.junit.runners.model.FrameworkMethod$1.runReflectiveCall(FrameworkMethod.java:59)
	at org.junit.internal.runners.model.ReflectiveCallable.run(ReflectiveCallable.java:12)
	at org.junit.runners.model.FrameworkMethod.invokeExplosively(FrameworkMethod.java:56)
	at org.junit.internal.runners.statements.InvokeMethod.evaluate(InvokeMethod.java:17)
	at org.junit.internal.runners.statements.RunAfters.evaluate(RunAfters.java:27)
	at org.junit.internal.runners.statements.FailOnTimeout$CallableStatement.call(FailOnTimeout.java:288)
	at org.junit.internal.runners.statements.FailOnTimeout$CallableStatement.call(FailOnTimeout.java:282)
	at java.util.concurrent.FutureTask.run(FutureTask.java:266)
	at java.lang.Thread.run(Thread.java:750)
]]></error>
    <system-out><![CDATA[08:35:01.492 [IPC Server handler 1 on default port 46487] ERROR OMAudit - user=runner | ip=127.0.0.1 | op=GET_FILE_STATUS {volume=volume16396, bucket=bucket39555, key=.Trash/runner/Current/testKey2, dataSize=0, replicationConfig=null} | ret=FAILURE
org.apache.hadoop.ozone.om.exceptions.OMException: Unable to get file status: volume: volume16396 bucket: bucket39555 key: .Trash/runner/Current/testKey2
	at org.apache.hadoop.ozone.om.KeyManagerImpl.getOzoneFileStatus(KeyManagerImpl.java:1270) ~[ozone-manager-1.3.0-SNAPSHOT.jar:?]
	at org.apache.hadoop.ozone.om.KeyManagerImpl.getFileStatus(KeyManagerImpl.java:1200) ~[ozone-manager-1.3.0-SNAPSHOT.jar:?]
	at org.apache.hadoop.ozone.om.OzoneManager.getFileStatus(OzoneManager.java:3507) ~[ozone-manager-1.3.0-SNAPSHOT.jar:?]
	at org.apache.hadoop.ozone.protocolPB.OzoneManagerRequestHandler.getOzoneFileStatus(OzoneManagerRequestHandler.java:882) ~[ozone-manager-1.3.0-SNAPSHOT.jar:?]
	at org.apache.hadoop.ozone.protocolPB.OzoneManagerRequestHandler.handleReadRequest(OzoneManagerRequestHandler.java:228) ~[ozone-manager-1.3.0-SNAPSHOT.jar:?]
	at org.apache.hadoop.ozone.protocolPB.OzoneManagerProtocolServerSideTranslatorPB.submitReadRequestToOM(OzoneManagerProtocolServerSideTranslatorPB.java:226) ~[ozone-manager-1.3.0-SNAPSHOT.jar:?]
	at org.apache.hadoop.ozone.protocolPB.OzoneManagerProtocolServerSideTranslatorPB.processRequest(OzoneManagerProtocolServerSideTranslatorPB.java:175) ~[ozone-manager-1.3.0-SNAPSHOT.jar:?]
	at org.apache.hadoop.hdds.server.OzoneProtocolMessageDispatcher.processRequest(OzoneProtocolMessageDispatcher.java:87) [hdds-server-framework-1.3.0-SNAPSHOT.jar:?]
	at org.apache.hadoop.ozone.protocolPB.OzoneManagerProtocolServerSideTranslatorPB.submitRequest(OzoneManagerProtocolServerSideTranslatorPB.java:147) [ozone-manager-1.3.0-SNAPSHOT.jar:?]
	at org.apache.hadoop.ozone.protocol.proto.OzoneManagerProtocolProtos$OzoneManagerService$2.callBlockingMethod(OzoneManagerProtocolProtos.java) [ozone-interface-client-1.3.0-SNAPSHOT.jar:?]
	at org.apache.hadoop.ipc.ProtobufRpcEngine$Server.processCall(ProtobufRpcEngine.java:466) [hadoop-common-3.3.1.jar:?]
	at org.apache.hadoop.ipc.ProtobufRpcEngine2$Server$ProtoBufRpcInvoker.call(ProtobufRpcEngine2.java:574) [hadoop-common-3.3.1.jar:?]
	at org.apache.hadoop.ipc.ProtobufRpcEngine2$Server$ProtoBufRpcInvoker.call(ProtobufRpcEngine2.java:552) [hadoop-common-3.3.1.jar:?]
	at org.apache.hadoop.ipc.RPC$Server.call(RPC.java:1093) [hadoop-common-3.3.1.jar:?]
	at org.apache.hadoop.ipc.Server$RpcCall.run(Server.java:1035) [hadoop-common-3.3.1.jar:?]
	at org.apache.hadoop.ipc.Server$RpcCall.run(Server.java:963) [hadoop-common-3.3.1.jar:?]
	at java.security.AccessController.doPrivileged(Native Method) ~[?:1.8.0_345]
	at javax.security.auth.Subject.doAs(Subject.java:422) [?:1.8.0_345]
	at org.apache.hadoop.security.UserGroupInformation.doAs(UserGroupInformation.java:1878) [hadoop-common-3.3.1.jar:?]
	at org.apache.hadoop.ipc.Server$Handler.run(Server.java:2966) [hadoop-common-3.3.1.jar:?]
2022-10-10 08:35:01,493 [Time-limited test] WARN  ozone.BasicOzoneFileSystem (BasicOzoneFileSystem.java:getFileStatus(765)) - GetFileStatus failed for path /.Trash/runner/Current/testKey2
java.io.FileNotFoundException: .Trash/runner/Current/testKey2: No such file or directory!
	at org.apache.hadoop.fs.ozone.BasicOzoneClientAdapterImpl.getFileStatus(BasicOzoneClientAdapterImpl.java:369)
	at org.apache.hadoop.fs.ozone.BasicOzoneFileSystem.getFileStatus(BasicOzoneFileSystem.java:757)
	at org.apache.hadoop.fs.FileSystem.exists(FileSystem.java:1760)
	at org.apache.hadoop.fs.ozone.BasicOzoneFileSystem.exists(BasicOzoneFileSystem.java:804)
	at org.apache.hadoop.fs.TrashPolicyDefault.moveToTrash(TrashPolicyDefault.java:181)
	at org.apache.hadoop.fs.Trash.moveToTrash(Trash.java:110)
	at org.apache.hadoop.fs.ozone.TestOzoneFileSystem.testTrash(TestOzoneFileSystem.java:1580)
	at sun.reflect.NativeMethodAccessorImpl.invoke0(Native Method)
	at sun.reflect.NativeMethodAccessorImpl.invoke(NativeMethodAccessorImpl.java:62)
	at sun.reflect.DelegatingMethodAccessorImpl.invoke(DelegatingMethodAccessorImpl.java:43)
	at java.lang.reflect.Method.invoke(Method.java:498)
	at org.junit.runners.model.FrameworkMethod$1.runReflectiveCall(FrameworkMethod.java:59)
	at org.junit.internal.runners.model.ReflectiveCallable.run(ReflectiveCallable.java:12)
	at org.junit.runners.model.FrameworkMethod.invokeExplosively(FrameworkMethod.java:56)
	at org.junit.internal.runners.statements.InvokeMethod.evaluate(InvokeMethod.java:17)
	at org.junit.internal.runners.statements.RunAfters.evaluate(RunAfters.java:27)
	at org.junit.internal.runners.statements.FailOnTimeout$CallableStatement.call(FailOnTimeout.java:288)
	at org.junit.internal.runners.statements.FailOnTimeout$CallableStatement.call(FailOnTimeout.java:282)
	at java.util.concurrent.FutureTask.run(FutureTask.java:266)
	at java.lang.Thread.run(Thread.java:750)
08:35:01.505 [IPC Server handler 9 on default port 46487] ERROR OMAudit - user=runner | ip=127.0.0.1 | op=GET_FILE_STATUS {volume=volume16396, bucket=bucket39555, key=.Trash/runner/Current/testKey2, dataSize=0, replicationConfig=null} | ret=FAILURE
org.apache.hadoop.ozone.om.exceptions.OMException: Unable to get file status: volume: volume16396 bucket: bucket39555 key: .Trash/runner/Current/testKey2
	at org.apache.hadoop.ozone.om.KeyManagerImpl.getOzoneFileStatus(KeyManagerImpl.java:1270) ~[ozone-manager-1.3.0-SNAPSHOT.jar:?]
	at org.apache.hadoop.ozone.om.KeyManagerImpl.getFileStatus(KeyManagerImpl.java:1200) ~[ozone-manager-1.3.0-SNAPSHOT.jar:?]
	at org.apache.hadoop.ozone.om.OzoneManager.getFileStatus(OzoneManager.java:3507) ~[ozone-manager-1.3.0-SNAPSHOT.jar:?]
	at org.apache.hadoop.ozone.protocolPB.OzoneManagerRequestHandler.getOzoneFileStatus(OzoneManagerRequestHandler.java:882) ~[ozone-manager-1.3.0-SNAPSHOT.jar:?]
	at org.apache.hadoop.ozone.protocolPB.OzoneManagerRequestHandler.handleReadRequest(OzoneManagerRequestHandler.java:228) ~[ozone-manager-1.3.0-SNAPSHOT.jar:?]
	at org.apache.hadoop.ozone.protocolPB.OzoneManagerProtocolServerSideTranslatorPB.submitReadRequestToOM(OzoneManagerProtocolServerSideTranslatorPB.java:226) ~[ozone-manager-1.3.0-SNAPSHOT.jar:?]
	at org.apache.hadoop.ozone.protocolPB.OzoneManagerProtocolServerSideTranslatorPB.processRequest(OzoneManagerProtocolServerSideTranslatorPB.java:175) ~[ozone-manager-1.3.0-SNAPSHOT.jar:?]
	at org.apache.hadoop.hdds.server.OzoneProtocolMessageDispatcher.processRequest(OzoneProtocolMessageDispatcher.java:87) [hdds-server-framework-1.3.0-SNAPSHOT.jar:?]
	at org.apache.hadoop.ozone.protocolPB.OzoneManagerProtocolServerSideTranslatorPB.submitRequest(OzoneManagerProtocolServerSideTranslatorPB.java:147) [ozone-manager-1.3.0-SNAPSHOT.jar:?]
	at org.apache.hadoop.ozone.protocol.proto.OzoneManagerProtocolProtos$OzoneManagerService$2.callBlockingMethod(OzoneManagerProtocolProtos.java) [ozone-interface-client-1.3.0-SNAPSHOT.jar:?]
	at org.apache.hadoop.ipc.ProtobufRpcEngine$Server.processCall(ProtobufRpcEngine.java:466) [hadoop-common-3.3.1.jar:?]
	at org.apache.hadoop.ipc.ProtobufRpcEngine2$Server$ProtoBufRpcInvoker.call(ProtobufRpcEngine2.java:574) [hadoop-common-3.3.1.jar:?]
	at org.apache.hadoop.ipc.ProtobufRpcEngine2$Server$ProtoBufRpcInvoker.call(ProtobufRpcEngine2.java:552) [hadoop-common-3.3.1.jar:?]
	at org.apache.hadoop.ipc.RPC$Server.call(RPC.java:1093) [hadoop-common-3.3.1.jar:?]
	at org.apache.hadoop.ipc.Server$RpcCall.run(Server.java:1035) [hadoop-common-3.3.1.jar:?]
	at org.apache.hadoop.ipc.Server$RpcCall.run(Server.java:963) [hadoop-common-3.3.1.jar:?]
	at java.security.AccessController.doPrivileged(Native Method) ~[?:1.8.0_345]
	at javax.security.auth.Subject.doAs(Subject.java:422) [?:1.8.0_345]
	at org.apache.hadoop.security.UserGroupInformation.doAs(UserGroupInformation.java:1878) [hadoop-common-3.3.1.jar:?]
	at org.apache.hadoop.ipc.Server$Handler.run(Server.java:2966) [hadoop-common-3.3.1.jar:?]
2022-10-10 08:35:01,506 [Time-limited test] WARN  ozone.BasicOzoneFileSystem (BasicOzoneFileSystem.java:getFileStatus(765)) - GetFileStatus failed for path /.Trash/runner/Current/testKey2
java.io.FileNotFoundException: .Trash/runner/Current/testKey2: No such file or directory!
	at org.apache.hadoop.fs.ozone.BasicOzoneClientAdapterImpl.getFileStatus(BasicOzoneClientAdapterImpl.java:369)
	at org.apache.hadoop.fs.ozone.BasicOzoneFileSystem.getFileStatus(BasicOzoneFileSystem.java:757)
	at org.apache.hadoop.fs.ozone.BasicOzoneFileSystem.rename(BasicOzoneFileSystem.java:357)
	at org.apache.hadoop.fs.ozone.BasicOzoneFileSystem.rename(BasicOzoneFileSystem.java:454)
	at org.apache.hadoop.fs.TrashPolicyDefault.moveToTrash(TrashPolicyDefault.java:186)
	at org.apache.hadoop.fs.Trash.moveToTrash(Trash.java:110)
	at org.apache.hadoop.fs.ozone.TestOzoneFileSystem.testTrash(TestOzoneFileSystem.java:1580)
	at sun.reflect.NativeMethodAccessorImpl.invoke0(Native Method)
	at sun.reflect.NativeMethodAccessorImpl.invoke(NativeMethodAccessorImpl.java:62)
	at sun.reflect.DelegatingMethodAccessorImpl.invoke(DelegatingMethodAccessorImpl.java:43)
	at java.lang.reflect.Method.invoke(Method.java:498)
	at org.junit.runners.model.FrameworkMethod$1.runReflectiveCall(FrameworkMethod.java:59)
	at org.junit.internal.runners.model.ReflectiveCallable.run(ReflectiveCallable.java:12)
	at org.junit.runners.model.FrameworkMethod.invokeExplosively(FrameworkMethod.java:56)
	at org.junit.internal.runners.statements.InvokeMethod.evaluate(InvokeMethod.java:17)
	at org.junit.internal.runners.statements.RunAfters.evaluate(RunAfters.java:27)
	at org.junit.internal.runners.statements.FailOnTimeout$CallableStatement.call(FailOnTimeout.java:288)
	at org.junit.internal.runners.statements.FailOnTimeout$CallableStatement.call(FailOnTimeout.java:282)
	at java.util.concurrent.FutureTask.run(FutureTask.java:266)
	at java.lang.Thread.run(Thread.java:750)
2022-10-10 08:35:01,522 [Time-limited test] INFO  fs.TrashPolicyDefault (TrashPolicyDefault.java:moveToTrash(188)) - Moved: '/testKey2' to trash at: /.Trash/runner/Current/testKey2
2022-10-10 08:35:01,902 [6d0c14da-389e-4e82-8c57-a2981f576192@group-CF406588F1D0-FollowerState] INFO  impl.FollowerState (FollowerState.java:run(143)) - 6d0c14da-389e-4e82-8c57-a2981f576192@group-CF406588F1D0-FollowerState: change to CANDIDATE, lastRpcElapsedTime:5080396773ns, electionTimeout:5077ms
2022-10-10 08:35:01,902 [6d0c14da-389e-4e82-8c57-a2981f576192@group-CF406588F1D0-FollowerState] INFO  impl.RoleInfo (RoleInfo.java:shutdownFollowerState(110)) - 6d0c14da-389e-4e82-8c57-a2981f576192: shutdown 6d0c14da-389e-4e82-8c57-a2981f576192@group-CF406588F1D0-FollowerState
2022-10-10 08:35:01,902 [6d0c14da-389e-4e82-8c57-a2981f576192@group-CF406588F1D0-FollowerState] INFO  server.RaftServer$Division (RaftServerImpl.java:setRole(299)) - 6d0c14da-389e-4e82-8c57-a2981f576192@group-CF406588F1D0: changes role from  FOLLOWER to CANDIDATE at term 2 for changeToCandidate
2022-10-10 08:35:01,903 [6d0c14da-389e-4e82-8c57-a2981f576192@group-CF406588F1D0-FollowerState] INFO  server.RaftServerConfigKeys (ConfUtils.java:logGet(46)) - raft.server.leaderelection.pre-vote = false (custom)
2022-10-10 08:35:01,903 [6d0c14da-389e-4e82-8c57-a2981f576192@group-CF406588F1D0-FollowerState] INFO  impl.RoleInfo (RoleInfo.java:updateAndGet(139)) - 6d0c14da-389e-4e82-8c57-a2981f576192: start 6d0c14da-389e-4e82-8c57-a2981f576192@group-CF406588F1D0-LeaderElection12
2022-10-10 08:35:01,907 [6d0c14da-389e-4e82-8c57-a2981f576192@group-CF406588F1D0-LeaderElection12] INFO  impl.LeaderElection (LeaderElection.java:askForVotes(310)) - 6d0c14da-389e-4e82-8c57-a2981f576192@group-CF406588F1D0-LeaderElection12 ELECTION round 0: submit vote requests at term 3 for -1: [6d0c14da-389e-4e82-8c57-a2981f576192|rpc:10.1.0.114:32983|dataStream:|priority:1, 3c09ee4b-a7a3-4286-a1c3-18dea5f798e8|rpc:10.1.0.114:38615|dataStream:|priority:0, a62c8bc8-4eaa-4bd0-9412-231650f1b373|rpc:10.1.0.114:39465|dataStream:|priority:0], old=null
2022-10-10 08:35:01,914 [grpc-default-executor-2] INFO  server.RaftServer$Division (RaftServerImpl.java:requestVote(1152)) - a62c8bc8-4eaa-4bd0-9412-231650f1b373@group-CF406588F1D0: receive requestVote(ELECTION, 6d0c14da-389e-4e82-8c57-a2981f576192, group-CF406588F1D0, 3, (t:0, i:0))
2022-10-10 08:35:01,914 [grpc-default-executor-2] INFO  impl.VoteContext (VoteContext.java:log(48)) - a62c8bc8-4eaa-4bd0-9412-231650f1b373@group-CF406588F1D0-FOLLOWER: accept ELECTION from 6d0c14da-389e-4e82-8c57-a2981f576192: our priority 0 <= candidate's priority 1
2022-10-10 08:35:01,914 [grpc-default-executor-3] INFO  server.RaftServer$Division (RaftServerImpl.java:requestVote(1152)) - 3c09ee4b-a7a3-4286-a1c3-18dea5f798e8@group-CF406588F1D0: receive requestVote(ELECTION, 6d0c14da-389e-4e82-8c57-a2981f576192, group-CF406588F1D0, 3, (t:0, i:0))
2022-10-10 08:35:01,915 [grpc-default-executor-3] INFO  impl.VoteContext (VoteContext.java:log(48)) - 3c09ee4b-a7a3-4286-a1c3-18dea5f798e8@group-CF406588F1D0-FOLLOWER: accept ELECTION from 6d0c14da-389e-4e82-8c57-a2981f576192: our priority 0 <= candidate's priority 1
2022-10-10 08:35:01,915 [grpc-default-executor-3] INFO  server.RaftServer$Division (RaftServerImpl.java:setRole(299)) - 3c09ee4b-a7a3-4286-a1c3-18dea5f798e8@group-CF406588F1D0: changes role from  FOLLOWER to FOLLOWER at term 3 for candidate:6d0c14da-389e-4e82-8c57-a2981f576192
2022-10-10 08:35:01,915 [grpc-default-executor-3] INFO  impl.RoleInfo (RoleInfo.java:shutdownFollowerState(110)) - 3c09ee4b-a7a3-4286-a1c3-18dea5f798e8: shutdown 3c09ee4b-a7a3-4286-a1c3-18dea5f798e8@group-CF406588F1D0-FollowerState
2022-10-10 08:35:01,915 [grpc-default-executor-3] INFO  impl.RoleInfo (RoleInfo.java:updateAndGet(139)) - 3c09ee4b-a7a3-4286-a1c3-18dea5f798e8: start 3c09ee4b-a7a3-4286-a1c3-18dea5f798e8@group-CF406588F1D0-FollowerState
2022-10-10 08:35:01,914 [grpc-default-executor-2] INFO  server.RaftServer$Division (RaftServerImpl.java:setRole(299)) - a62c8bc8-4eaa-4bd0-9412-231650f1b373@group-CF406588F1D0: changes role from  FOLLOWER to FOLLOWER at term 3 for candidate:6d0c14da-389e-4e82-8c57-a2981f576192
2022-10-10 08:35:01,915 [grpc-default-executor-2] INFO  impl.RoleInfo (RoleInfo.java:shutdownFollowerState(110)) - a62c8bc8-4eaa-4bd0-9412-231650f1b373: shutdown a62c8bc8-4eaa-4bd0-9412-231650f1b373@group-CF406588F1D0-FollowerState
2022-10-10 08:35:01,915 [grpc-default-executor-2] INFO  impl.RoleInfo (RoleInfo.java:updateAndGet(139)) - a62c8bc8-4eaa-4bd0-9412-231650f1b373: start a62c8bc8-4eaa-4bd0-9412-231650f1b373@group-CF406588F1D0-FollowerState
2022-10-10 08:35:01,915 [3c09ee4b-a7a3-4286-a1c3-18dea5f798e8@group-CF406588F1D0-FollowerState] INFO  impl.FollowerState (FollowerState.java:run(152)) - 3c09ee4b-a7a3-4286-a1c3-18dea5f798e8@group-CF406588F1D0-FollowerState was interrupted
2022-10-10 08:35:01,916 [a62c8bc8-4eaa-4bd0-9412-231650f1b373@group-CF406588F1D0-FollowerState] INFO  impl.FollowerState (FollowerState.java:run(152)) - a62c8bc8-4eaa-4bd0-9412-231650f1b373@group-CF406588F1D0-FollowerState was interrupted
2022-10-10 08:35:01,919 [grpc-default-executor-2] INFO  server.RaftServer$Division (RaftServerImpl.java:requestVote(1184)) - a62c8bc8-4eaa-4bd0-9412-231650f1b373@group-CF406588F1D0 replies to ELECTION vote request: 6d0c14da-389e-4e82-8c57-a2981f576192<-a62c8bc8-4eaa-4bd0-9412-231650f1b373#0:OK-t3. Peer's state: a62c8bc8-4eaa-4bd0-9412-231650f1b373@group-CF406588F1D0:t3, leader=null, voted=6d0c14da-389e-4e82-8c57-a2981f576192, raftlog=a62c8bc8-4eaa-4bd0-9412-231650f1b373@group-CF406588F1D0-SegmentedRaftLog:OPENED:c-1, conf=-1: [6d0c14da-389e-4e82-8c57-a2981f576192|rpc:10.1.0.114:32983|priority:1, 3c09ee4b-a7a3-4286-a1c3-18dea5f798e8|rpc:10.1.0.114:38615|priority:0, a62c8bc8-4eaa-4bd0-9412-231650f1b373|rpc:10.1.0.114:39465|priority:0], old=null
2022-10-10 08:35:01,921 [6d0c14da-389e-4e82-8c57-a2981f576192@group-CF406588F1D0-LeaderElection12] INFO  impl.LeaderElection (LeaderElection.java:logAndReturn(90)) - 6d0c14da-389e-4e82-8c57-a2981f576192@group-CF406588F1D0-LeaderElection12: ELECTION PASSED received 1 response(s) and 0 exception(s):
2022-10-10 08:35:01,921 [6d0c14da-389e-4e82-8c57-a2981f576192@group-CF406588F1D0-LeaderElection12] INFO  impl.LeaderElection (LeaderElection.java:logAndReturn(94)) -   Response 0: 6d0c14da-389e-4e82-8c57-a2981f576192<-a62c8bc8-4eaa-4bd0-9412-231650f1b373#0:OK-t3
2022-10-10 08:35:01,921 [6d0c14da-389e-4e82-8c57-a2981f576192@group-CF406588F1D0-LeaderElection12] INFO  impl.LeaderElection (LeaderElection.java:askForVotes(312)) - 6d0c14da-389e-4e82-8c57-a2981f576192@group-CF406588F1D0-LeaderElection12 ELECTION round 0: result PASSED
2022-10-10 08:35:01,921 [6d0c14da-389e-4e82-8c57-a2981f576192@group-CF406588F1D0-LeaderElection12] INFO  impl.RoleInfo (RoleInfo.java:shutdownLeaderElection(130)) - 6d0c14da-389e-4e82-8c57-a2981f576192: shutdown 6d0c14da-389e-4e82-8c57-a2981f576192@group-CF406588F1D0-LeaderElection12
2022-10-10 08:35:01,921 [6d0c14da-389e-4e82-8c57-a2981f576192@group-CF406588F1D0-LeaderElection12] INFO  server.RaftServer$Division (RaftServerImpl.java:setRole(299)) - 6d0c14da-389e-4e82-8c57-a2981f576192@group-CF406588F1D0: changes role from CANDIDATE to LEADER at term 3 for changeToLeader
2022-10-10 08:35:01,921 [6d0c14da-389e-4e82-8c57-a2981f576192@group-CF406588F1D0-LeaderElection12] INFO  ratis.XceiverServerRatis (XceiverServerRatis.java:handleLeaderChangedNotification(863)) - Leader change notification received for group: group-CF406588F1D0 with new leaderId: 6d0c14da-389e-4e82-8c57-a2981f576192
2022-10-10 08:35:01,921 [6d0c14da-389e-4e82-8c57-a2981f576192@group-CF406588F1D0-LeaderElection12] INFO  server.RaftServer$Division (ServerState.java:setLeader(287)) - 6d0c14da-389e-4e82-8c57-a2981f576192@group-CF406588F1D0: change Leader from null to 6d0c14da-389e-4e82-8c57-a2981f576192 at term 3 for becomeLeader, leader elected after 14672ms
2022-10-10 08:35:01,921 [6d0c14da-389e-4e82-8c57-a2981f576192@group-CF406588F1D0-LeaderElection12] INFO  server.RaftServerConfigKeys (ConfUtils.java:logGet(46)) - raft.server.staging.catchup.gap = 1000 (default)
2022-10-10 08:35:01,922 [6d0c14da-389e-4e82-8c57-a2981f576192@group-CF406588F1D0-LeaderElection12] INFO  server.RaftServerConfigKeys (ConfUtils.java:logGet(46)) - raft.server.write.element-limit = 1024 (custom)
2022-10-10 08:35:01,922 [6d0c14da-389e-4e82-8c57-a2981f576192@group-CF406588F1D0-LeaderElection12] INFO  server.RaftServerConfigKeys (ConfUtils.java:logGet(46)) - raft.server.write.byte-limit = 1024 M (=1073741824) (custom)
2022-10-10 08:35:01,922 [6d0c14da-389e-4e82-8c57-a2981f576192@group-CF406588F1D0-LeaderElection12] INFO  server.RaftServerConfigKeys (ConfUtils.java:logGet(46)) - raft.server.watch.timeout = 180s (custom)
2022-10-10 08:35:01,922 [6d0c14da-389e-4e82-8c57-a2981f576192@group-CF406588F1D0-LeaderElection12] INFO  server.RaftServerConfigKeys (ConfUtils.java:logGet(46)) - raft.server.watch.timeout.denomination = 1s (default)
2022-10-10 08:35:01,922 [6d0c14da-389e-4e82-8c57-a2981f576192@group-CF406588F1D0-LeaderElection12] INFO  server.RaftServerConfigKeys (ConfUtils.java:logGet(46)) - raft.server.watch.element-limit = 65536 (default)
2022-10-10 08:35:01,922 [6d0c14da-389e-4e82-8c57-a2981f576192@group-CF406588F1D0-LeaderElection12] INFO  server.RaftServerConfigKeys (ConfUtils.java:logGet(46)) - raft.server.write.element-limit = 1024 (custom)
2022-10-10 08:35:01,922 [6d0c14da-389e-4e82-8c57-a2981f576192@group-CF406588F1D0-LeaderElection12] INFO  server.RaftServerConfigKeys (ConfUtils.java:logGet(46)) - raft.server.write.follower.gap.ratio.max = -1.0 (default)
2022-10-10 08:35:01,923 [6d0c14da-389e-4e82-8c57-a2981f576192@group-CF406588F1D0-LeaderElection12] INFO  server.RaftServerConfigKeys (ConfUtils.java:logGet(46)) - raft.server.log.appender.snapshot.chunk.size.max = 16MB (=16777216) (default)
2022-10-10 08:35:01,929 [6d0c14da-389e-4e82-8c57-a2981f576192@group-CF406588F1D0-LeaderElection12] INFO  server.RaftServerConfigKeys (ConfUtils.java:logGet(46)) - raft.server.log.appender.buffer.byte-limit = 33554432 (custom)
2022-10-10 08:35:01,929 [6d0c14da-389e-4e82-8c57-a2981f576192@group-CF406588F1D0-LeaderElection12] INFO  server.RaftServerConfigKeys (ConfUtils.java:logGet(46)) - raft.server.log.appender.buffer.element-limit = 1 (custom)
2022-10-10 08:35:01,929 [grpc-default-executor-3] INFO  server.RaftServer$Division (RaftServerImpl.java:requestVote(1184)) - 3c09ee4b-a7a3-4286-a1c3-18dea5f798e8@group-CF406588F1D0 replies to ELECTION vote request: 6d0c14da-389e-4e82-8c57-a2981f576192<-3c09ee4b-a7a3-4286-a1c3-18dea5f798e8#0:OK-t3. Peer's state: 3c09ee4b-a7a3-4286-a1c3-18dea5f798e8@group-CF406588F1D0:t3, leader=null, voted=6d0c14da-389e-4e82-8c57-a2981f576192, raftlog=3c09ee4b-a7a3-4286-a1c3-18dea5f798e8@group-CF406588F1D0-SegmentedRaftLog:OPENED:c-1, conf=-1: [6d0c14da-389e-4e82-8c57-a2981f576192|rpc:10.1.0.114:32983|priority:1, 3c09ee4b-a7a3-4286-a1c3-18dea5f798e8|rpc:10.1.0.114:38615|priority:0, a62c8bc8-4eaa-4bd0-9412-231650f1b373|rpc:10.1.0.114:39465|priority:0], old=null
2022-10-10 08:35:01,929 [6d0c14da-389e-4e82-8c57-a2981f576192@group-CF406588F1D0-LeaderElection12] INFO  grpc.GrpcConfigKeys (ConfUtils.java:logGet(46)) - raft.grpc.server.leader.outstanding.appends.max = 128 (default)
2022-10-10 08:35:01,932 [EventQueue-PipelineReportForPipelineReportHandler] INFO  pipeline.PipelineManagerImpl (PipelineManagerImpl.java:openPipeline(367)) - Pipeline Pipeline[ Id: e379f949-6609-44ec-ab6f-cf406588f1d0, Nodes: 6d0c14da-389e-4e82-8c57-a2981f576192{ip: 10.1.0.114, host: fv-az292-843.tqgtyn10aqxuxoi0mkfbldi5vh.jx.internal.cloudapp.net, ports: [REPLICATION=33215, RATIS=32983, RATIS_ADMIN=32983, RATIS_SERVER=32983, STANDALONE=43851], networkLocation: /default-rack, certSerialId: null, persistedOpState: IN_SERVICE, persistedOpStateExpiryEpochSec: 0}3c09ee4b-a7a3-4286-a1c3-18dea5f798e8{ip: 10.1.0.114, host: fv-az292-843.tqgtyn10aqxuxoi0mkfbldi5vh.jx.internal.cloudapp.net, ports: [REPLICATION=36527, RATIS=38615, RATIS_ADMIN=38615, RATIS_SERVER=38615, STANDALONE=34799], networkLocation: /default-rack, certSerialId: null, persistedOpState: IN_SERVICE, persistedOpStateExpiryEpochSec: 0}a62c8bc8-4eaa-4bd0-9412-231650f1b373{ip: 10.1.0.114, host: fv-az292-843.tqgtyn10aqxuxoi0mkfbldi5vh.jx.internal.cloudapp.net, ports: [REPLICATION=33203, RATIS=39465, RATIS_ADMIN=39465, RATIS_SERVER=39465, STANDALONE=33083], networkLocation: /default-rack, certSerialId: null, persistedOpState: IN_SERVICE, persistedOpStateExpiryEpochSec: 0}, ReplicationConfig: RATIS/THREE, State:ALLOCATED, leaderId:6d0c14da-389e-4e82-8c57-a2981f576192, CreationTimestamp2022-10-10T08:34:44.346Z[Etc/UTC]] moved to OPEN state
2022-10-10 08:35:01,940 [6d0c14da-389e-4e82-8c57-a2981f576192@group-CF406588F1D0-LeaderElection12] INFO  server.RaftServerConfigKeys (ConfUtils.java:logGet(46)) - raft.server.rpc.request.timeout = 60s (custom)
2022-10-10 08:35:01,942 [6d0c14da-389e-4e82-8c57-a2981f576192@group-CF406588F1D0-LeaderElection12] INFO  server.RaftServerConfigKeys (ConfUtils.java:logGet(46)) - raft.server.log.appender.install.snapshot.enabled = false (custom)
2022-10-10 08:35:01,943 [6d0c14da-389e-4e82-8c57-a2981f576192@group-CF406588F1D0-LeaderElection12] INFO  server.RaftServerConfigKeys (ConfUtils.java:logGet(46)) - raft.server.log.appender.snapshot.chunk.size.max = 16MB (=16777216) (default)
2022-10-10 08:35:01,943 [6d0c14da-389e-4e82-8c57-a2981f576192@group-CF406588F1D0-LeaderElection12] INFO  server.RaftServerConfigKeys (ConfUtils.java:logGet(46)) - raft.server.log.appender.buffer.byte-limit = 33554432 (custom)
2022-10-10 08:35:01,943 [6d0c14da-389e-4e82-8c57-a2981f576192@group-CF406588F1D0-LeaderElection12] INFO  server.RaftServerConfigKeys (ConfUtils.java:logGet(46)) - raft.server.log.appender.buffer.element-limit = 1 (custom)
2022-10-10 08:35:01,944 [6d0c14da-389e-4e82-8c57-a2981f576192@group-CF406588F1D0-LeaderElection12] INFO  grpc.GrpcConfigKeys (ConfUtils.java:logGet(46)) - raft.grpc.server.leader.outstanding.appends.max = 128 (default)
2022-10-10 08:35:01,944 [6d0c14da-389e-4e82-8c57-a2981f576192@group-CF406588F1D0-LeaderElection12] INFO  server.RaftServerConfigKeys (ConfUtils.java:logGet(46)) - raft.server.rpc.request.timeout = 60s (custom)
2022-10-10 08:35:01,944 [6d0c14da-389e-4e82-8c57-a2981f576192@group-CF406588F1D0-LeaderElection12] INFO  server.RaftServerConfigKeys (ConfUtils.java:logGet(46)) - raft.server.log.appender.install.snapshot.enabled = false (custom)
2022-10-10 08:35:01,944 [6d0c14da-389e-4e82-8c57-a2981f576192@group-CF406588F1D0-LeaderElection12] INFO  impl.RoleInfo (RoleInfo.java:updateAndGet(139)) - 6d0c14da-389e-4e82-8c57-a2981f576192: start 6d0c14da-389e-4e82-8c57-a2981f576192@group-CF406588F1D0-LeaderStateImpl
2022-10-10 08:35:01,945 [6d0c14da-389e-4e82-8c57-a2981f576192@group-CF406588F1D0-LeaderElection12] INFO  segmented.SegmentedRaftLogWorker (SegmentedRaftLogWorker.java:startLogSegment(425)) - 6d0c14da-389e-4e82-8c57-a2981f576192@group-CF406588F1D0-SegmentedRaftLogWorker: Starting segment from index:0
2022-10-10 08:35:01,947 [6d0c14da-389e-4e82-8c57-a2981f576192@group-CF406588F1D0-SegmentedRaftLogWorker] INFO  segmented.SegmentedRaftLogWorker (SegmentedRaftLogWorker.java:execute(629)) - 6d0c14da-389e-4e82-8c57-a2981f576192@group-CF406588F1D0-SegmentedRaftLogWorker: created new log segment /home/runner/work/ozone/ozone/hadoop-ozone/integration-test/target/test-dir/MiniOzoneClusterImpl-3d336b07-937f-4edb-b979-ca8ead8aca5d/datanode-2/data/ratis/e379f949-6609-44ec-ab6f-cf406588f1d0/current/log_inprogress_0
2022-10-10 08:35:01,953 [6d0c14da-389e-4e82-8c57-a2981f576192@group-CF406588F1D0-LeaderElection12] INFO  server.RaftServer$Division (ServerState.java:setRaftConf(393)) - 6d0c14da-389e-4e82-8c57-a2981f576192@group-CF406588F1D0: set configuration 0: [6d0c14da-389e-4e82-8c57-a2981f576192|rpc:10.1.0.114:32983|dataStream:|priority:1, 3c09ee4b-a7a3-4286-a1c3-18dea5f798e8|rpc:10.1.0.114:38615|dataStream:|priority:0, a62c8bc8-4eaa-4bd0-9412-231650f1b373|rpc:10.1.0.114:39465|dataStream:|priority:0], old=null
2022-10-10 08:35:01,964 [3c09ee4b-a7a3-4286-a1c3-18dea5f798e8-server-thread1] INFO  ratis.XceiverServerRatis (XceiverServerRatis.java:handleLeaderChangedNotification(863)) - Leader change notification received for group: group-CF406588F1D0 with new leaderId: 6d0c14da-389e-4e82-8c57-a2981f576192
2022-10-10 08:35:01,964 [3c09ee4b-a7a3-4286-a1c3-18dea5f798e8-server-thread1] INFO  server.RaftServer$Division (ServerState.java:setLeader(287)) - 3c09ee4b-a7a3-4286-a1c3-18dea5f798e8@group-CF406588F1D0: change Leader from null to 6d0c14da-389e-4e82-8c57-a2981f576192 at term 3 for appendEntries, leader elected after 15459ms
2022-10-10 08:35:01,965 [a62c8bc8-4eaa-4bd0-9412-231650f1b373-server-thread1] INFO  ratis.XceiverServerRatis (XceiverServerRatis.java:handleLeaderChangedNotification(863)) - Leader change notification received for group: group-CF406588F1D0 with new leaderId: 6d0c14da-389e-4e82-8c57-a2981f576192
2022-10-10 08:35:01,965 [a62c8bc8-4eaa-4bd0-9412-231650f1b373-server-thread1] INFO  server.RaftServer$Division (ServerState.java:setLeader(287)) - a62c8bc8-4eaa-4bd0-9412-231650f1b373@group-CF406588F1D0: change Leader from null to 6d0c14da-389e-4e82-8c57-a2981f576192 at term 3 for appendEntries, leader elected after 14909ms
2022-10-10 08:35:01,973 [3c09ee4b-a7a3-4286-a1c3-18dea5f798e8-server-thread1] INFO  server.RaftServer$Division (ServerState.java:setRaftConf(393)) - 3c09ee4b-a7a3-4286-a1c3-18dea5f798e8@group-CF406588F1D0: set configuration 0: [6d0c14da-389e-4e82-8c57-a2981f576192|rpc:10.1.0.114:32983|dataStream:|priority:1, 3c09ee4b-a7a3-4286-a1c3-18dea5f798e8|rpc:10.1.0.114:38615|dataStream:|priority:0, a62c8bc8-4eaa-4bd0-9412-231650f1b373|rpc:10.1.0.114:39465|dataStream:|priority:0], old=null
2022-10-10 08:35:01,973 [3c09ee4b-a7a3-4286-a1c3-18dea5f798e8-server-thread1] INFO  segmented.SegmentedRaftLogWorker (SegmentedRaftLogWorker.java:startLogSegment(425)) - 3c09ee4b-a7a3-4286-a1c3-18dea5f798e8@group-CF406588F1D0-SegmentedRaftLogWorker: Starting segment from index:0
2022-10-10 08:35:01,976 [3c09ee4b-a7a3-4286-a1c3-18dea5f798e8@group-CF406588F1D0-SegmentedRaftLogWorker] INFO  segmented.SegmentedRaftLogWorker (SegmentedRaftLogWorker.java:execute(629)) - 3c09ee4b-a7a3-4286-a1c3-18dea5f798e8@group-CF406588F1D0-SegmentedRaftLogWorker: created new log segment /home/runner/work/ozone/ozone/hadoop-ozone/integration-test/target/test-dir/MiniOzoneClusterImpl-3d336b07-937f-4edb-b979-ca8ead8aca5d/datanode-0/data/ratis/e379f949-6609-44ec-ab6f-cf406588f1d0/current/log_inprogress_0
2022-10-10 08:35:01,976 [a62c8bc8-4eaa-4bd0-9412-231650f1b373-server-thread1] INFO  server.RaftServer$Division (ServerState.java:setRaftConf(393)) - a62c8bc8-4eaa-4bd0-9412-231650f1b373@group-CF406588F1D0: set configuration 0: [6d0c14da-389e-4e82-8c57-a2981f576192|rpc:10.1.0.114:32983|dataStream:|priority:1, 3c09ee4b-a7a3-4286-a1c3-18dea5f798e8|rpc:10.1.0.114:38615|dataStream:|priority:0, a62c8bc8-4eaa-4bd0-9412-231650f1b373|rpc:10.1.0.114:39465|dataStream:|priority:0], old=null
2022-10-10 08:35:01,977 [a62c8bc8-4eaa-4bd0-9412-231650f1b373-server-thread1] INFO  segmented.SegmentedRaftLogWorker (SegmentedRaftLogWorker.java:startLogSegment(425)) - a62c8bc8-4eaa-4bd0-9412-231650f1b373@group-CF406588F1D0-SegmentedRaftLogWorker: Starting segment from index:0
2022-10-10 08:35:01,979 [a62c8bc8-4eaa-4bd0-9412-231650f1b373@group-CF406588F1D0-SegmentedRaftLogWorker] INFO  segmented.SegmentedRaftLogWorker (SegmentedRaftLogWorker.java:execute(629)) - a62c8bc8-4eaa-4bd0-9412-231650f1b373@group-CF406588F1D0-SegmentedRaftLogWorker: created new log segment /home/runner/work/ozone/ozone/hadoop-ozone/integration-test/target/test-dir/MiniOzoneClusterImpl-3d336b07-937f-4edb-b979-ca8ead8aca5d/datanode-1/data/ratis/e379f949-6609-44ec-ab6f-cf406588f1d0/current/log_inprogress_0
2022-10-10 08:35:02,752 [Under Replicated Processor] INFO  replication.UnderReplicatedProcessor (UnderReplicatedProcessor.java:processAll(92)) - Processed 0 under replicated containers, failed processing 0
2022-10-10 08:35:02,760 [Over Replicated Processor] INFO  replication.OverReplicatedProcessor (OverReplicatedProcessor.java:processAll(90)) - Processed 0 over replicated containers, failed processing 0
2022-10-10 08:35:32,753 [Under Replicated Processor] INFO  replication.UnderReplicatedProcessor (UnderReplicatedProcessor.java:processAll(92)) - Processed 0 under replicated containers, failed processing 0
2022-10-10 08:35:32,760 [Over Replicated Processor] INFO  replication.OverReplicatedProcessor (OverReplicatedProcessor.java:processAll(90)) - Processed 0 over replicated containers, failed processing 0
2022-10-10 08:35:38,076 [IPC Server handler 11 on default port 37253] INFO  ha.SequenceIdGenerator (SequenceIdGenerator.java:getNextId(128)) - Allocate a batch for delTxnId, change lastId from 0 to 1000.
2022-10-10 08:36:02,753 [Under Replicated Processor] INFO  replication.UnderReplicatedProcessor (UnderReplicatedProcessor.java:processAll(92)) - Processed 0 under replicated containers, failed processing 0
2022-10-10 08:36:02,761 [Over Replicated Processor] INFO  replication.OverReplicatedProcessor (OverReplicatedProcessor.java:processAll(90)) - Processed 0 over replicated containers, failed processing 0
2022-10-10 08:36:32,754 [Under Replicated Processor] INFO  replication.UnderReplicatedProcessor (UnderReplicatedProcessor.java:processAll(92)) - Processed 0 under replicated containers, failed processing 0
2022-10-10 08:36:32,761 [Over Replicated Processor] INFO  replication.OverReplicatedProcessor (OverReplicatedProcessor.java:processAll(90)) - Processed 0 over replicated containers, failed processing 0
]]></system-out>
  </testcase>
  <testcase name="testTrash" classname="TestOzoneFileSystem" time="4.066">
    <system-out><![CDATA[08:38:41.411 [IPC Server handler 18 on default port 43231] ERROR OMAudit - user=runner | ip=127.0.0.1 | op=GET_FILE_STATUS {volume=volume27327, bucket=bucket40120, key=.Trash/runner/Current/testKey2, dataSize=0, replicationConfig=null} | ret=FAILURE
org.apache.hadoop.ozone.om.exceptions.OMException: Unable to get file status: volume: volume27327 bucket: bucket40120 key: .Trash/runner/Current/testKey2
	at org.apache.hadoop.ozone.om.KeyManagerImpl.getOzoneFileStatus(KeyManagerImpl.java:1270) ~[ozone-manager-1.3.0-SNAPSHOT.jar:?]
	at org.apache.hadoop.ozone.om.KeyManagerImpl.getFileStatus(KeyManagerImpl.java:1200) ~[ozone-manager-1.3.0-SNAPSHOT.jar:?]
	at org.apache.hadoop.ozone.om.OzoneManager.getFileStatus(OzoneManager.java:3507) ~[ozone-manager-1.3.0-SNAPSHOT.jar:?]
	at org.apache.hadoop.ozone.protocolPB.OzoneManagerRequestHandler.getOzoneFileStatus(OzoneManagerRequestHandler.java:882) ~[ozone-manager-1.3.0-SNAPSHOT.jar:?]
	at org.apache.hadoop.ozone.protocolPB.OzoneManagerRequestHandler.handleReadRequest(OzoneManagerRequestHandler.java:228) ~[ozone-manager-1.3.0-SNAPSHOT.jar:?]
	at org.apache.hadoop.ozone.protocolPB.OzoneManagerProtocolServerSideTranslatorPB.submitRequestDirectlyToOM(OzoneManagerProtocolServerSideTranslatorPB.java:276) ~[ozone-manager-1.3.0-SNAPSHOT.jar:?]
	at org.apache.hadoop.ozone.protocolPB.OzoneManagerProtocolServerSideTranslatorPB.processRequest(OzoneManagerProtocolServerSideTranslatorPB.java:205) ~[ozone-manager-1.3.0-SNAPSHOT.jar:?]
	at org.apache.hadoop.hdds.server.OzoneProtocolMessageDispatcher.processRequest(OzoneProtocolMessageDispatcher.java:87) [hdds-server-framework-1.3.0-SNAPSHOT.jar:?]
	at org.apache.hadoop.ozone.protocolPB.OzoneManagerProtocolServerSideTranslatorPB.submitRequest(OzoneManagerProtocolServerSideTranslatorPB.java:147) [ozone-manager-1.3.0-SNAPSHOT.jar:?]
	at org.apache.hadoop.ozone.protocol.proto.OzoneManagerProtocolProtos$OzoneManagerService$2.callBlockingMethod(OzoneManagerProtocolProtos.java) [ozone-interface-client-1.3.0-SNAPSHOT.jar:?]
	at org.apache.hadoop.ipc.ProtobufRpcEngine$Server.processCall(ProtobufRpcEngine.java:466) [hadoop-common-3.3.1.jar:?]
	at org.apache.hadoop.ipc.ProtobufRpcEngine2$Server$ProtoBufRpcInvoker.call(ProtobufRpcEngine2.java:574) [hadoop-common-3.3.1.jar:?]
	at org.apache.hadoop.ipc.ProtobufRpcEngine2$Server$ProtoBufRpcInvoker.call(ProtobufRpcEngine2.java:552) [hadoop-common-3.3.1.jar:?]
	at org.apache.hadoop.ipc.RPC$Server.call(RPC.java:1093) [hadoop-common-3.3.1.jar:?]
	at org.apache.hadoop.ipc.Server$RpcCall.run(Server.java:1035) [hadoop-common-3.3.1.jar:?]
	at org.apache.hadoop.ipc.Server$RpcCall.run(Server.java:963) [hadoop-common-3.3.1.jar:?]
	at java.security.AccessController.doPrivileged(Native Method) ~[?:1.8.0_345]
	at javax.security.auth.Subject.doAs(Subject.java:422) [?:1.8.0_345]
	at org.apache.hadoop.security.UserGroupInformation.doAs(UserGroupInformation.java:1878) [hadoop-common-3.3.1.jar:?]
	at org.apache.hadoop.ipc.Server$Handler.run(Server.java:2966) [hadoop-common-3.3.1.jar:?]
2022-10-10 08:38:41,417 [Time-limited test] WARN  ozone.BasicOzoneFileSystem (BasicOzoneFileSystem.java:getFileStatus(765)) - GetFileStatus failed for path /.Trash/runner/Current/testKey2
java.io.FileNotFoundException: .Trash/runner/Current/testKey2: No such file or directory!
	at org.apache.hadoop.fs.ozone.BasicOzoneClientAdapterImpl.getFileStatus(BasicOzoneClientAdapterImpl.java:369)
	at org.apache.hadoop.fs.ozone.BasicOzoneFileSystem.getFileStatus(BasicOzoneFileSystem.java:757)
	at org.apache.hadoop.fs.FileSystem.exists(FileSystem.java:1760)
	at org.apache.hadoop.fs.ozone.BasicOzoneFileSystem.exists(BasicOzoneFileSystem.java:804)
	at org.apache.hadoop.fs.TrashPolicyDefault.moveToTrash(TrashPolicyDefault.java:181)
	at org.apache.hadoop.fs.Trash.moveToTrash(Trash.java:110)
	at org.apache.hadoop.fs.ozone.TestOzoneFileSystem.testTrash(TestOzoneFileSystem.java:1580)
	at sun.reflect.NativeMethodAccessorImpl.invoke0(Native Method)
	at sun.reflect.NativeMethodAccessorImpl.invoke(NativeMethodAccessorImpl.java:62)
	at sun.reflect.DelegatingMethodAccessorImpl.invoke(DelegatingMethodAccessorImpl.java:43)
	at java.lang.reflect.Method.invoke(Method.java:498)
	at org.junit.runners.model.FrameworkMethod$1.runReflectiveCall(FrameworkMethod.java:59)
	at org.junit.internal.runners.model.ReflectiveCallable.run(ReflectiveCallable.java:12)
	at org.junit.runners.model.FrameworkMethod.invokeExplosively(FrameworkMethod.java:56)
	at org.junit.internal.runners.statements.InvokeMethod.evaluate(InvokeMethod.java:17)
	at org.junit.internal.runners.statements.RunAfters.evaluate(RunAfters.java:27)
	at org.junit.internal.runners.statements.FailOnTimeout$CallableStatement.call(FailOnTimeout.java:288)
	at org.junit.internal.runners.statements.FailOnTimeout$CallableStatement.call(FailOnTimeout.java:282)
	at java.util.concurrent.FutureTask.run(FutureTask.java:266)
	at java.lang.Thread.run(Thread.java:750)
08:38:41.420 [IPC Server handler 0 on default port 43231] ERROR OMAudit - user=runner | ip=127.0.0.1 | op=GET_FILE_STATUS {volume=volume27327, bucket=bucket40120, key=.Trash/runner/Current/testKey2, dataSize=0, replicationConfig=null} | ret=FAILURE
org.apache.hadoop.ozone.om.exceptions.OMException: Unable to get file status: volume: volume27327 bucket: bucket40120 key: .Trash/runner/Current/testKey2
	at org.apache.hadoop.ozone.om.KeyManagerImpl.getOzoneFileStatus(KeyManagerImpl.java:1270) ~[ozone-manager-1.3.0-SNAPSHOT.jar:?]
	at org.apache.hadoop.ozone.om.KeyManagerImpl.getFileStatus(KeyManagerImpl.java:1200) ~[ozone-manager-1.3.0-SNAPSHOT.jar:?]
	at org.apache.hadoop.ozone.om.OzoneManager.getFileStatus(OzoneManager.java:3507) ~[ozone-manager-1.3.0-SNAPSHOT.jar:?]
	at org.apache.hadoop.ozone.protocolPB.OzoneManagerRequestHandler.getOzoneFileStatus(OzoneManagerRequestHandler.java:882) ~[ozone-manager-1.3.0-SNAPSHOT.jar:?]
	at org.apache.hadoop.ozone.protocolPB.OzoneManagerRequestHandler.handleReadRequest(OzoneManagerRequestHandler.java:228) ~[ozone-manager-1.3.0-SNAPSHOT.jar:?]
	at org.apache.hadoop.ozone.protocolPB.OzoneManagerProtocolServerSideTranslatorPB.submitRequestDirectlyToOM(OzoneManagerProtocolServerSideTranslatorPB.java:276) ~[ozone-manager-1.3.0-SNAPSHOT.jar:?]
	at org.apache.hadoop.ozone.protocolPB.OzoneManagerProtocolServerSideTranslatorPB.processRequest(OzoneManagerProtocolServerSideTranslatorPB.java:205) ~[ozone-manager-1.3.0-SNAPSHOT.jar:?]
	at org.apache.hadoop.hdds.server.OzoneProtocolMessageDispatcher.processRequest(OzoneProtocolMessageDispatcher.java:87) [hdds-server-framework-1.3.0-SNAPSHOT.jar:?]
	at org.apache.hadoop.ozone.protocolPB.OzoneManagerProtocolServerSideTranslatorPB.submitRequest(OzoneManagerProtocolServerSideTranslatorPB.java:147) [ozone-manager-1.3.0-SNAPSHOT.jar:?]
	at org.apache.hadoop.ozone.protocol.proto.OzoneManagerProtocolProtos$OzoneManagerService$2.callBlockingMethod(OzoneManagerProtocolProtos.java) [ozone-interface-client-1.3.0-SNAPSHOT.jar:?]
	at org.apache.hadoop.ipc.ProtobufRpcEngine$Server.processCall(ProtobufRpcEngine.java:466) [hadoop-common-3.3.1.jar:?]
	at org.apache.hadoop.ipc.ProtobufRpcEngine2$Server$ProtoBufRpcInvoker.call(ProtobufRpcEngine2.java:574) [hadoop-common-3.3.1.jar:?]
	at org.apache.hadoop.ipc.ProtobufRpcEngine2$Server$ProtoBufRpcInvoker.call(ProtobufRpcEngine2.java:552) [hadoop-common-3.3.1.jar:?]
	at org.apache.hadoop.ipc.RPC$Server.call(RPC.java:1093) [hadoop-common-3.3.1.jar:?]
	at org.apache.hadoop.ipc.Server$RpcCall.run(Server.java:1035) [hadoop-common-3.3.1.jar:?]
	at org.apache.hadoop.ipc.Server$RpcCall.run(Server.java:963) [hadoop-common-3.3.1.jar:?]
	at java.security.AccessController.doPrivileged(Native Method) ~[?:1.8.0_345]
	at javax.security.auth.Subject.doAs(Subject.java:422) [?:1.8.0_345]
	at org.apache.hadoop.security.UserGroupInformation.doAs(UserGroupInformation.java:1878) [hadoop-common-3.3.1.jar:?]
	at org.apache.hadoop.ipc.Server$Handler.run(Server.java:2966) [hadoop-common-3.3.1.jar:?]
2022-10-10 08:38:41,420 [Time-limited test] WARN  ozone.BasicOzoneFileSystem (BasicOzoneFileSystem.java:getFileStatus(765)) - GetFileStatus failed for path /.Trash/runner/Current/testKey2
java.io.FileNotFoundException: .Trash/runner/Current/testKey2: No such file or directory!
	at org.apache.hadoop.fs.ozone.BasicOzoneClientAdapterImpl.getFileStatus(BasicOzoneClientAdapterImpl.java:369)
	at org.apache.hadoop.fs.ozone.BasicOzoneFileSystem.getFileStatus(BasicOzoneFileSystem.java:757)
	at org.apache.hadoop.fs.ozone.BasicOzoneFileSystem.rename(BasicOzoneFileSystem.java:357)
	at org.apache.hadoop.fs.ozone.BasicOzoneFileSystem.rename(BasicOzoneFileSystem.java:454)
	at org.apache.hadoop.fs.TrashPolicyDefault.moveToTrash(TrashPolicyDefault.java:186)
	at org.apache.hadoop.fs.Trash.moveToTrash(Trash.java:110)
	at org.apache.hadoop.fs.ozone.TestOzoneFileSystem.testTrash(TestOzoneFileSystem.java:1580)
	at sun.reflect.NativeMethodAccessorImpl.invoke0(Native Method)
	at sun.reflect.NativeMethodAccessorImpl.invoke(NativeMethodAccessorImpl.java:62)
	at sun.reflect.DelegatingMethodAccessorImpl.invoke(DelegatingMethodAccessorImpl.java:43)
	at java.lang.reflect.Method.invoke(Method.java:498)
	at org.junit.runners.model.FrameworkMethod$1.runReflectiveCall(FrameworkMethod.java:59)
	at org.junit.internal.runners.model.ReflectiveCallable.run(ReflectiveCallable.java:12)
	at org.junit.runners.model.FrameworkMethod.invokeExplosively(FrameworkMethod.java:56)
	at org.junit.internal.runners.statements.InvokeMethod.evaluate(InvokeMethod.java:17)
	at org.junit.internal.runners.statements.RunAfters.evaluate(RunAfters.java:27)
	at org.junit.internal.runners.statements.FailOnTimeout$CallableStatement.call(FailOnTimeout.java:288)
	at org.junit.internal.runners.statements.FailOnTimeout$CallableStatement.call(FailOnTimeout.java:282)
	at java.util.concurrent.FutureTask.run(FutureTask.java:266)
	at java.lang.Thread.run(Thread.java:750)
2022-10-10 08:38:41,426 [Time-limited test] INFO  fs.TrashPolicyDefault (TrashPolicyDefault.java:moveToTrash(188)) - Moved: '/testKey2' to trash at: /.Trash/runner/Current/testKey2
08:38:42.427 [IPC Server handler 7 on default port 43231] ERROR OMAudit - user=runner | ip=127.0.0.1 | op=GET_FILE_STATUS {volume=volume27327, bucket=bucket40120, key=.Trash/runner/Current/testKey2, dataSize=0, replicationConfig=null} | ret=FAILURE
org.apache.hadoop.ozone.om.exceptions.OMException: Unable to get file status: volume: volume27327 bucket: bucket40120 key: .Trash/runner/Current/testKey2
	at org.apache.hadoop.ozone.om.KeyManagerImpl.getOzoneFileStatus(KeyManagerImpl.java:1270) ~[ozone-manager-1.3.0-SNAPSHOT.jar:?]
	at org.apache.hadoop.ozone.om.KeyManagerImpl.getFileStatus(KeyManagerImpl.java:1200) ~[ozone-manager-1.3.0-SNAPSHOT.jar:?]
	at org.apache.hadoop.ozone.om.OzoneManager.getFileStatus(OzoneManager.java:3507) ~[ozone-manager-1.3.0-SNAPSHOT.jar:?]
	at org.apache.hadoop.ozone.protocolPB.OzoneManagerRequestHandler.getOzoneFileStatus(OzoneManagerRequestHandler.java:882) ~[ozone-manager-1.3.0-SNAPSHOT.jar:?]
	at org.apache.hadoop.ozone.protocolPB.OzoneManagerRequestHandler.handleReadRequest(OzoneManagerRequestHandler.java:228) ~[ozone-manager-1.3.0-SNAPSHOT.jar:?]
	at org.apache.hadoop.ozone.protocolPB.OzoneManagerProtocolServerSideTranslatorPB.submitRequestDirectlyToOM(OzoneManagerProtocolServerSideTranslatorPB.java:276) ~[ozone-manager-1.3.0-SNAPSHOT.jar:?]
	at org.apache.hadoop.ozone.protocolPB.OzoneManagerProtocolServerSideTranslatorPB.processRequest(OzoneManagerProtocolServerSideTranslatorPB.java:205) ~[ozone-manager-1.3.0-SNAPSHOT.jar:?]
	at org.apache.hadoop.hdds.server.OzoneProtocolMessageDispatcher.processRequest(OzoneProtocolMessageDispatcher.java:87) [hdds-server-framework-1.3.0-SNAPSHOT.jar:?]
	at org.apache.hadoop.ozone.protocolPB.OzoneManagerProtocolServerSideTranslatorPB.submitRequest(OzoneManagerProtocolServerSideTranslatorPB.java:147) [ozone-manager-1.3.0-SNAPSHOT.jar:?]
	at org.apache.hadoop.ozone.protocol.proto.OzoneManagerProtocolProtos$OzoneManagerService$2.callBlockingMethod(OzoneManagerProtocolProtos.java) [ozone-interface-client-1.3.0-SNAPSHOT.jar:?]
	at org.apache.hadoop.ipc.ProtobufRpcEngine$Server.processCall(ProtobufRpcEngine.java:466) [hadoop-common-3.3.1.jar:?]
	at org.apache.hadoop.ipc.ProtobufRpcEngine2$Server$ProtoBufRpcInvoker.call(ProtobufRpcEngine2.java:574) [hadoop-common-3.3.1.jar:?]
	at org.apache.hadoop.ipc.ProtobufRpcEngine2$Server$ProtoBufRpcInvoker.call(ProtobufRpcEngine2.java:552) [hadoop-common-3.3.1.jar:?]
	at org.apache.hadoop.ipc.RPC$Server.call(RPC.java:1093) [hadoop-common-3.3.1.jar:?]
	at org.apache.hadoop.ipc.Server$RpcCall.run(Server.java:1035) [hadoop-common-3.3.1.jar:?]
	at org.apache.hadoop.ipc.Server$RpcCall.run(Server.java:963) [hadoop-common-3.3.1.jar:?]
	at java.security.AccessController.doPrivileged(Native Method) ~[?:1.8.0_345]
	at javax.security.auth.Subject.doAs(Subject.java:422) [?:1.8.0_345]
	at org.apache.hadoop.security.UserGroupInformation.doAs(UserGroupInformation.java:1878) [hadoop-common-3.3.1.jar:?]
	at org.apache.hadoop.ipc.Server$Handler.run(Server.java:2966) [hadoop-common-3.3.1.jar:?]
2022-10-10 08:38:42,428 [Time-limited test] WARN  ozone.BasicOzoneFileSystem (BasicOzoneFileSystem.java:getFileStatus(765)) - GetFileStatus failed for path /.Trash/runner/Current/testKey2
java.io.FileNotFoundException: .Trash/runner/Current/testKey2: No such file or directory!
	at org.apache.hadoop.fs.ozone.BasicOzoneClientAdapterImpl.getFileStatus(BasicOzoneClientAdapterImpl.java:369)
	at org.apache.hadoop.fs.ozone.BasicOzoneFileSystem.getFileStatus(BasicOzoneFileSystem.java:757)
	at org.apache.hadoop.fs.FileSystem.exists(FileSystem.java:1760)
	at org.apache.hadoop.fs.ozone.BasicOzoneFileSystem.exists(BasicOzoneFileSystem.java:804)
	at org.apache.hadoop.fs.ozone.TestOzoneFileSystem.lambda$testTrash$6(TestOzoneFileSystem.java:1592)
	at org.apache.ozone.test.GenericTestUtils.waitFor(GenericTestUtils.java:218)
	at org.apache.hadoop.fs.ozone.TestOzoneFileSystem.testTrash(TestOzoneFileSystem.java:1590)
	at sun.reflect.NativeMethodAccessorImpl.invoke0(Native Method)
	at sun.reflect.NativeMethodAccessorImpl.invoke(NativeMethodAccessorImpl.java:62)
	at sun.reflect.DelegatingMethodAccessorImpl.invoke(DelegatingMethodAccessorImpl.java:43)
	at java.lang.reflect.Method.invoke(Method.java:498)
	at org.junit.runners.model.FrameworkMethod$1.runReflectiveCall(FrameworkMethod.java:59)
	at org.junit.internal.runners.model.ReflectiveCallable.run(ReflectiveCallable.java:12)
	at org.junit.runners.model.FrameworkMethod.invokeExplosively(FrameworkMethod.java:56)
	at org.junit.internal.runners.statements.InvokeMethod.evaluate(InvokeMethod.java:17)
	at org.junit.internal.runners.statements.RunAfters.evaluate(RunAfters.java:27)
	at org.junit.internal.runners.statements.FailOnTimeout$CallableStatement.call(FailOnTimeout.java:288)
	at org.junit.internal.runners.statements.FailOnTimeout$CallableStatement.call(FailOnTimeout.java:282)
	at java.util.concurrent.FutureTask.run(FutureTask.java:266)
	at java.lang.Thread.run(Thread.java:750)
2022-10-10 08:38:44,465 [606b3dcd-c583-45a5-a0cf-b179208ecf3f@group-248D4464D7E9-FollowerState] INFO  impl.FollowerState (FollowerState.java:run(143)) - 606b3dcd-c583-45a5-a0cf-b179208ecf3f@group-248D4464D7E9-FollowerState: change to CANDIDATE, lastRpcElapsedTime:5174047020ns, electionTimeout:5152ms
2022-10-10 08:38:44,466 [606b3dcd-c583-45a5-a0cf-b179208ecf3f@group-248D4464D7E9-FollowerState] INFO  impl.RoleInfo (RoleInfo.java:shutdownFollowerState(110)) - 606b3dcd-c583-45a5-a0cf-b179208ecf3f: shutdown 606b3dcd-c583-45a5-a0cf-b179208ecf3f@group-248D4464D7E9-FollowerState
2022-10-10 08:38:44,466 [606b3dcd-c583-45a5-a0cf-b179208ecf3f@group-248D4464D7E9-FollowerState] INFO  server.RaftServer$Division (RaftServerImpl.java:setRole(299)) - 606b3dcd-c583-45a5-a0cf-b179208ecf3f@group-248D4464D7E9: changes role from  FOLLOWER to CANDIDATE at term 1 for changeToCandidate
2022-10-10 08:38:44,466 [606b3dcd-c583-45a5-a0cf-b179208ecf3f@group-248D4464D7E9-FollowerState] INFO  server.RaftServerConfigKeys (ConfUtils.java:logGet(46)) - raft.server.leaderelection.pre-vote = false (custom)
2022-10-10 08:38:44,466 [606b3dcd-c583-45a5-a0cf-b179208ecf3f@group-248D4464D7E9-FollowerState] INFO  impl.RoleInfo (RoleInfo.java:updateAndGet(139)) - 606b3dcd-c583-45a5-a0cf-b179208ecf3f: start 606b3dcd-c583-45a5-a0cf-b179208ecf3f@group-248D4464D7E9-LeaderElection21
2022-10-10 08:38:44,474 [589fbfef-7b85-4b40-975b-46e767fe3451@group-248D4464D7E9-FollowerState] INFO  impl.FollowerState (FollowerState.java:run(143)) - 589fbfef-7b85-4b40-975b-46e767fe3451@group-248D4464D7E9-FollowerState: change to CANDIDATE, lastRpcElapsedTime:5151036124ns, electionTimeout:5148ms
2022-10-10 08:38:44,474 [589fbfef-7b85-4b40-975b-46e767fe3451@group-248D4464D7E9-FollowerState] INFO  impl.RoleInfo (RoleInfo.java:shutdownFollowerState(110)) - 589fbfef-7b85-4b40-975b-46e767fe3451: shutdown 589fbfef-7b85-4b40-975b-46e767fe3451@group-248D4464D7E9-FollowerState
2022-10-10 08:38:44,475 [589fbfef-7b85-4b40-975b-46e767fe3451@group-248D4464D7E9-FollowerState] INFO  server.RaftServer$Division (RaftServerImpl.java:setRole(299)) - 589fbfef-7b85-4b40-975b-46e767fe3451@group-248D4464D7E9: changes role from  FOLLOWER to CANDIDATE at term 1 for changeToCandidate
2022-10-10 08:38:44,475 [589fbfef-7b85-4b40-975b-46e767fe3451@group-248D4464D7E9-FollowerState] INFO  server.RaftServerConfigKeys (ConfUtils.java:logGet(46)) - raft.server.leaderelection.pre-vote = false (custom)
2022-10-10 08:38:44,475 [589fbfef-7b85-4b40-975b-46e767fe3451@group-248D4464D7E9-FollowerState] INFO  impl.RoleInfo (RoleInfo.java:updateAndGet(139)) - 589fbfef-7b85-4b40-975b-46e767fe3451: start 589fbfef-7b85-4b40-975b-46e767fe3451@group-248D4464D7E9-LeaderElection22
2022-10-10 08:38:44,476 [22afd6e4-8e85-4fe8-a1ff-afcedf5143bf@group-248D4464D7E9-FollowerState] INFO  impl.FollowerState (FollowerState.java:run(143)) - 22afd6e4-8e85-4fe8-a1ff-afcedf5143bf@group-248D4464D7E9-FollowerState: change to CANDIDATE, lastRpcElapsedTime:5227554912ns, electionTimeout:5193ms
2022-10-10 08:38:44,476 [22afd6e4-8e85-4fe8-a1ff-afcedf5143bf@group-248D4464D7E9-FollowerState] INFO  impl.RoleInfo (RoleInfo.java:shutdownFollowerState(110)) - 22afd6e4-8e85-4fe8-a1ff-afcedf5143bf: shutdown 22afd6e4-8e85-4fe8-a1ff-afcedf5143bf@group-248D4464D7E9-FollowerState
2022-10-10 08:38:44,476 [22afd6e4-8e85-4fe8-a1ff-afcedf5143bf@group-248D4464D7E9-FollowerState] INFO  server.RaftServer$Division (RaftServerImpl.java:setRole(299)) - 22afd6e4-8e85-4fe8-a1ff-afcedf5143bf@group-248D4464D7E9: changes role from  FOLLOWER to CANDIDATE at term 1 for changeToCandidate
2022-10-10 08:38:44,486 [606b3dcd-c583-45a5-a0cf-b179208ecf3f@group-248D4464D7E9-LeaderElection21] INFO  impl.LeaderElection (LeaderElection.java:askForVotes(310)) - 606b3dcd-c583-45a5-a0cf-b179208ecf3f@group-248D4464D7E9-LeaderElection21 ELECTION round 0: submit vote requests at term 2 for -1: [22afd6e4-8e85-4fe8-a1ff-afcedf5143bf|rpc:10.1.0.114:38607|dataStream:|priority:0, 589fbfef-7b85-4b40-975b-46e767fe3451|rpc:10.1.0.114:37327|dataStream:|priority:0, 606b3dcd-c583-45a5-a0cf-b179208ecf3f|rpc:10.1.0.114:39749|dataStream:|priority:1], old=null
2022-10-10 08:38:44,492 [22afd6e4-8e85-4fe8-a1ff-afcedf5143bf@group-248D4464D7E9-FollowerState] INFO  server.RaftServerConfigKeys (ConfUtils.java:logGet(46)) - raft.server.leaderelection.pre-vote = false (custom)
2022-10-10 08:38:44,492 [22afd6e4-8e85-4fe8-a1ff-afcedf5143bf@group-248D4464D7E9-FollowerState] INFO  impl.RoleInfo (RoleInfo.java:updateAndGet(139)) - 22afd6e4-8e85-4fe8-a1ff-afcedf5143bf: start 22afd6e4-8e85-4fe8-a1ff-afcedf5143bf@group-248D4464D7E9-LeaderElection23
2022-10-10 08:38:44,493 [589fbfef-7b85-4b40-975b-46e767fe3451@group-248D4464D7E9-LeaderElection22] INFO  impl.LeaderElection (LeaderElection.java:askForVotes(310)) - 589fbfef-7b85-4b40-975b-46e767fe3451@group-248D4464D7E9-LeaderElection22 ELECTION round 0: submit vote requests at term 2 for -1: [22afd6e4-8e85-4fe8-a1ff-afcedf5143bf|rpc:10.1.0.114:38607|priority:0, 589fbfef-7b85-4b40-975b-46e767fe3451|rpc:10.1.0.114:37327|priority:0, 606b3dcd-c583-45a5-a0cf-b179208ecf3f|rpc:10.1.0.114:39749|priority:1], old=null
2022-10-10 08:38:44,531 [grpc-default-executor-1] INFO  server.RaftServer$Division (RaftServerImpl.java:requestVote(1152)) - 22afd6e4-8e85-4fe8-a1ff-afcedf5143bf@group-248D4464D7E9: receive requestVote(ELECTION, 589fbfef-7b85-4b40-975b-46e767fe3451, group-248D4464D7E9, 2, (t:0, i:0))
2022-10-10 08:38:44,533 [grpc-default-executor-2] INFO  server.RaftServer$Division (RaftServerImpl.java:requestVote(1152)) - 589fbfef-7b85-4b40-975b-46e767fe3451@group-248D4464D7E9: receive requestVote(ELECTION, 606b3dcd-c583-45a5-a0cf-b179208ecf3f, group-248D4464D7E9, 2, (t:0, i:0))
2022-10-10 08:38:44,534 [grpc-default-executor-2] INFO  impl.VoteContext (VoteContext.java:log(48)) - 589fbfef-7b85-4b40-975b-46e767fe3451@group-248D4464D7E9-CANDIDATE: reject ELECTION from 606b3dcd-c583-45a5-a0cf-b179208ecf3f: already has voted for 589fbfef-7b85-4b40-975b-46e767fe3451 at current term 2
2022-10-10 08:38:44,534 [grpc-default-executor-2] INFO  server.RaftServer$Division (RaftServerImpl.java:requestVote(1184)) - 589fbfef-7b85-4b40-975b-46e767fe3451@group-248D4464D7E9 replies to ELECTION vote request: 606b3dcd-c583-45a5-a0cf-b179208ecf3f<-589fbfef-7b85-4b40-975b-46e767fe3451#0:FAIL-t2. Peer's state: 589fbfef-7b85-4b40-975b-46e767fe3451@group-248D4464D7E9:t2, leader=null, voted=589fbfef-7b85-4b40-975b-46e767fe3451, raftlog=589fbfef-7b85-4b40-975b-46e767fe3451@group-248D4464D7E9-SegmentedRaftLog:OPENED:c-1, conf=-1: [22afd6e4-8e85-4fe8-a1ff-afcedf5143bf|rpc:10.1.0.114:38607|priority:0, 589fbfef-7b85-4b40-975b-46e767fe3451|rpc:10.1.0.114:37327|priority:0, 606b3dcd-c583-45a5-a0cf-b179208ecf3f|rpc:10.1.0.114:39749|priority:1], old=null
2022-10-10 08:38:44,533 [grpc-default-executor-3] INFO  server.RaftServer$Division (RaftServerImpl.java:requestVote(1152)) - 22afd6e4-8e85-4fe8-a1ff-afcedf5143bf@group-248D4464D7E9: receive requestVote(ELECTION, 606b3dcd-c583-45a5-a0cf-b179208ecf3f, group-248D4464D7E9, 2, (t:0, i:0))
2022-10-10 08:38:44,541 [grpc-default-executor-4] INFO  server.RaftServer$Division (RaftServerImpl.java:requestVote(1152)) - 606b3dcd-c583-45a5-a0cf-b179208ecf3f@group-248D4464D7E9: receive requestVote(ELECTION, 589fbfef-7b85-4b40-975b-46e767fe3451, group-248D4464D7E9, 2, (t:0, i:0))
2022-10-10 08:38:44,542 [grpc-default-executor-4] INFO  impl.VoteContext (VoteContext.java:log(48)) - 606b3dcd-c583-45a5-a0cf-b179208ecf3f@group-248D4464D7E9-CANDIDATE: reject ELECTION from 589fbfef-7b85-4b40-975b-46e767fe3451: already has voted for 606b3dcd-c583-45a5-a0cf-b179208ecf3f at current term 2
2022-10-10 08:38:44,542 [grpc-default-executor-4] INFO  server.RaftServer$Division (RaftServerImpl.java:requestVote(1184)) - 606b3dcd-c583-45a5-a0cf-b179208ecf3f@group-248D4464D7E9 replies to ELECTION vote request: 589fbfef-7b85-4b40-975b-46e767fe3451<-606b3dcd-c583-45a5-a0cf-b179208ecf3f#0:FAIL-t2. Peer's state: 606b3dcd-c583-45a5-a0cf-b179208ecf3f@group-248D4464D7E9:t2, leader=null, voted=606b3dcd-c583-45a5-a0cf-b179208ecf3f, raftlog=606b3dcd-c583-45a5-a0cf-b179208ecf3f@group-248D4464D7E9-SegmentedRaftLog:OPENED:c-1, conf=-1: [22afd6e4-8e85-4fe8-a1ff-afcedf5143bf|rpc:10.1.0.114:38607|dataStream:|priority:0, 589fbfef-7b85-4b40-975b-46e767fe3451|rpc:10.1.0.114:37327|dataStream:|priority:0, 606b3dcd-c583-45a5-a0cf-b179208ecf3f|rpc:10.1.0.114:39749|dataStream:|priority:1], old=null
2022-10-10 08:38:44,543 [589fbfef-7b85-4b40-975b-46e767fe3451@group-248D4464D7E9-LeaderElection22] INFO  impl.LeaderElection (LeaderElection.java:logAndReturn(90)) - 589fbfef-7b85-4b40-975b-46e767fe3451@group-248D4464D7E9-LeaderElection22: ELECTION REJECTED received 1 response(s) and 0 exception(s):
2022-10-10 08:38:44,543 [589fbfef-7b85-4b40-975b-46e767fe3451@group-248D4464D7E9-LeaderElection22] INFO  impl.LeaderElection (LeaderElection.java:logAndReturn(94)) -   Response 0: 589fbfef-7b85-4b40-975b-46e767fe3451<-606b3dcd-c583-45a5-a0cf-b179208ecf3f#0:FAIL-t2
2022-10-10 08:38:44,543 [589fbfef-7b85-4b40-975b-46e767fe3451@group-248D4464D7E9-LeaderElection22] INFO  impl.LeaderElection (LeaderElection.java:askForVotes(312)) - 589fbfef-7b85-4b40-975b-46e767fe3451@group-248D4464D7E9-LeaderElection22 ELECTION round 0: result REJECTED
2022-10-10 08:38:44,543 [589fbfef-7b85-4b40-975b-46e767fe3451@group-248D4464D7E9-LeaderElection22] INFO  server.RaftServer$Division (RaftServerImpl.java:setRole(299)) - 589fbfef-7b85-4b40-975b-46e767fe3451@group-248D4464D7E9: changes role from CANDIDATE to FOLLOWER at term 2 for REJECTED
2022-10-10 08:38:44,543 [589fbfef-7b85-4b40-975b-46e767fe3451@group-248D4464D7E9-LeaderElection22] INFO  impl.RoleInfo (RoleInfo.java:shutdownLeaderElection(130)) - 589fbfef-7b85-4b40-975b-46e767fe3451: shutdown 589fbfef-7b85-4b40-975b-46e767fe3451@group-248D4464D7E9-LeaderElection22
2022-10-10 08:38:44,543 [589fbfef-7b85-4b40-975b-46e767fe3451@group-248D4464D7E9-LeaderElection22] INFO  impl.RoleInfo (RoleInfo.java:updateAndGet(139)) - 589fbfef-7b85-4b40-975b-46e767fe3451: start 589fbfef-7b85-4b40-975b-46e767fe3451@group-248D4464D7E9-FollowerState
2022-10-10 08:38:44,556 [22afd6e4-8e85-4fe8-a1ff-afcedf5143bf@group-248D4464D7E9-LeaderElection23] INFO  impl.LeaderElection (LeaderElection.java:askForVotes(310)) - 22afd6e4-8e85-4fe8-a1ff-afcedf5143bf@group-248D4464D7E9-LeaderElection23 ELECTION round 0: submit vote requests at term 2 for -1: [22afd6e4-8e85-4fe8-a1ff-afcedf5143bf|rpc:10.1.0.114:38607|dataStream:|priority:0, 589fbfef-7b85-4b40-975b-46e767fe3451|rpc:10.1.0.114:37327|dataStream:|priority:0, 606b3dcd-c583-45a5-a0cf-b179208ecf3f|rpc:10.1.0.114:39749|dataStream:|priority:1], old=null
2022-10-10 08:38:44,560 [grpc-default-executor-3] INFO  impl.VoteContext (VoteContext.java:log(48)) - 22afd6e4-8e85-4fe8-a1ff-afcedf5143bf@group-248D4464D7E9-CANDIDATE: reject ELECTION from 606b3dcd-c583-45a5-a0cf-b179208ecf3f: already has voted for 22afd6e4-8e85-4fe8-a1ff-afcedf5143bf at current term 2
2022-10-10 08:38:44,560 [grpc-default-executor-3] INFO  server.RaftServer$Division (RaftServerImpl.java:requestVote(1184)) - 22afd6e4-8e85-4fe8-a1ff-afcedf5143bf@group-248D4464D7E9 replies to ELECTION vote request: 606b3dcd-c583-45a5-a0cf-b179208ecf3f<-22afd6e4-8e85-4fe8-a1ff-afcedf5143bf#0:FAIL-t2. Peer's state: 22afd6e4-8e85-4fe8-a1ff-afcedf5143bf@group-248D4464D7E9:t2, leader=null, voted=22afd6e4-8e85-4fe8-a1ff-afcedf5143bf, raftlog=22afd6e4-8e85-4fe8-a1ff-afcedf5143bf@group-248D4464D7E9-SegmentedRaftLog:OPENED:c-1, conf=-1: [22afd6e4-8e85-4fe8-a1ff-afcedf5143bf|rpc:10.1.0.114:38607|dataStream:|priority:0, 589fbfef-7b85-4b40-975b-46e767fe3451|rpc:10.1.0.114:37327|dataStream:|priority:0, 606b3dcd-c583-45a5-a0cf-b179208ecf3f|rpc:10.1.0.114:39749|dataStream:|priority:1], old=null
2022-10-10 08:38:44,561 [grpc-default-executor-1] INFO  impl.VoteContext (VoteContext.java:log(48)) - 22afd6e4-8e85-4fe8-a1ff-afcedf5143bf@group-248D4464D7E9-CANDIDATE: reject ELECTION from 589fbfef-7b85-4b40-975b-46e767fe3451: already has voted for 22afd6e4-8e85-4fe8-a1ff-afcedf5143bf at current term 2
2022-10-10 08:38:44,581 [grpc-default-executor-1] INFO  server.RaftServer$Division (RaftServerImpl.java:requestVote(1184)) - 22afd6e4-8e85-4fe8-a1ff-afcedf5143bf@group-248D4464D7E9 replies to ELECTION vote request: 589fbfef-7b85-4b40-975b-46e767fe3451<-22afd6e4-8e85-4fe8-a1ff-afcedf5143bf#0:FAIL-t2. Peer's state: 22afd6e4-8e85-4fe8-a1ff-afcedf5143bf@group-248D4464D7E9:t2, leader=null, voted=22afd6e4-8e85-4fe8-a1ff-afcedf5143bf, raftlog=22afd6e4-8e85-4fe8-a1ff-afcedf5143bf@group-248D4464D7E9-SegmentedRaftLog:OPENED:c-1, conf=-1: [22afd6e4-8e85-4fe8-a1ff-afcedf5143bf|rpc:10.1.0.114:38607|dataStream:|priority:0, 589fbfef-7b85-4b40-975b-46e767fe3451|rpc:10.1.0.114:37327|dataStream:|priority:0, 606b3dcd-c583-45a5-a0cf-b179208ecf3f|rpc:10.1.0.114:39749|dataStream:|priority:1], old=null
2022-10-10 08:38:44,582 [606b3dcd-c583-45a5-a0cf-b179208ecf3f@group-248D4464D7E9-LeaderElection21] INFO  impl.LeaderElection (LeaderElection.java:logAndReturn(90)) - 606b3dcd-c583-45a5-a0cf-b179208ecf3f@group-248D4464D7E9-LeaderElection21: ELECTION REJECTED received 2 response(s) and 0 exception(s):
2022-10-10 08:38:44,585 [606b3dcd-c583-45a5-a0cf-b179208ecf3f@group-248D4464D7E9-LeaderElection21] INFO  impl.LeaderElection (LeaderElection.java:logAndReturn(94)) -   Response 0: 606b3dcd-c583-45a5-a0cf-b179208ecf3f<-22afd6e4-8e85-4fe8-a1ff-afcedf5143bf#0:FAIL-t2
2022-10-10 08:38:44,585 [606b3dcd-c583-45a5-a0cf-b179208ecf3f@group-248D4464D7E9-LeaderElection21] INFO  impl.LeaderElection (LeaderElection.java:logAndReturn(94)) -   Response 1: 606b3dcd-c583-45a5-a0cf-b179208ecf3f<-589fbfef-7b85-4b40-975b-46e767fe3451#0:FAIL-t2
2022-10-10 08:38:44,585 [606b3dcd-c583-45a5-a0cf-b179208ecf3f@group-248D4464D7E9-LeaderElection21] INFO  impl.LeaderElection (LeaderElection.java:askForVotes(312)) - 606b3dcd-c583-45a5-a0cf-b179208ecf3f@group-248D4464D7E9-LeaderElection21 ELECTION round 0: result REJECTED
2022-10-10 08:38:44,585 [606b3dcd-c583-45a5-a0cf-b179208ecf3f@group-248D4464D7E9-LeaderElection21] INFO  server.RaftServer$Division (RaftServerImpl.java:setRole(299)) - 606b3dcd-c583-45a5-a0cf-b179208ecf3f@group-248D4464D7E9: changes role from CANDIDATE to FOLLOWER at term 2 for REJECTED
2022-10-10 08:38:44,585 [606b3dcd-c583-45a5-a0cf-b179208ecf3f@group-248D4464D7E9-LeaderElection21] INFO  impl.RoleInfo (RoleInfo.java:shutdownLeaderElection(130)) - 606b3dcd-c583-45a5-a0cf-b179208ecf3f: shutdown 606b3dcd-c583-45a5-a0cf-b179208ecf3f@group-248D4464D7E9-LeaderElection21
2022-10-10 08:38:44,586 [606b3dcd-c583-45a5-a0cf-b179208ecf3f@group-248D4464D7E9-LeaderElection21] INFO  impl.RoleInfo (RoleInfo.java:updateAndGet(139)) - 606b3dcd-c583-45a5-a0cf-b179208ecf3f: start 606b3dcd-c583-45a5-a0cf-b179208ecf3f@group-248D4464D7E9-FollowerState
2022-10-10 08:38:44,617 [grpc-default-executor-1] INFO  server.RaftServer$Division (RaftServerImpl.java:requestVote(1152)) - 606b3dcd-c583-45a5-a0cf-b179208ecf3f@group-248D4464D7E9: receive requestVote(ELECTION, 22afd6e4-8e85-4fe8-a1ff-afcedf5143bf, group-248D4464D7E9, 2, (t:0, i:0))
2022-10-10 08:38:44,618 [grpc-default-executor-1] INFO  impl.VoteContext (VoteContext.java:log(48)) - 606b3dcd-c583-45a5-a0cf-b179208ecf3f@group-248D4464D7E9-FOLLOWER: reject ELECTION from 22afd6e4-8e85-4fe8-a1ff-afcedf5143bf: already has voted for 606b3dcd-c583-45a5-a0cf-b179208ecf3f at current term 2
2022-10-10 08:38:44,619 [grpc-default-executor-1] INFO  server.RaftServer$Division (RaftServerImpl.java:requestVote(1184)) - 606b3dcd-c583-45a5-a0cf-b179208ecf3f@group-248D4464D7E9 replies to ELECTION vote request: 22afd6e4-8e85-4fe8-a1ff-afcedf5143bf<-606b3dcd-c583-45a5-a0cf-b179208ecf3f#0:FAIL-t2. Peer's state: 606b3dcd-c583-45a5-a0cf-b179208ecf3f@group-248D4464D7E9:t2, leader=null, voted=606b3dcd-c583-45a5-a0cf-b179208ecf3f, raftlog=606b3dcd-c583-45a5-a0cf-b179208ecf3f@group-248D4464D7E9-SegmentedRaftLog:OPENED:c-1, conf=-1: [22afd6e4-8e85-4fe8-a1ff-afcedf5143bf|rpc:10.1.0.114:38607|dataStream:|priority:0, 589fbfef-7b85-4b40-975b-46e767fe3451|rpc:10.1.0.114:37327|dataStream:|priority:0, 606b3dcd-c583-45a5-a0cf-b179208ecf3f|rpc:10.1.0.114:39749|dataStream:|priority:1], old=null
2022-10-10 08:38:44,621 [grpc-default-executor-1] INFO  server.RaftServer$Division (RaftServerImpl.java:requestVote(1152)) - 589fbfef-7b85-4b40-975b-46e767fe3451@group-248D4464D7E9: receive requestVote(ELECTION, 22afd6e4-8e85-4fe8-a1ff-afcedf5143bf, group-248D4464D7E9, 2, (t:0, i:0))
2022-10-10 08:38:44,621 [grpc-default-executor-1] INFO  impl.VoteContext (VoteContext.java:log(48)) - 589fbfef-7b85-4b40-975b-46e767fe3451@group-248D4464D7E9-FOLLOWER: reject ELECTION from 22afd6e4-8e85-4fe8-a1ff-afcedf5143bf: already has voted for 589fbfef-7b85-4b40-975b-46e767fe3451 at current term 2
2022-10-10 08:38:44,621 [grpc-default-executor-1] INFO  server.RaftServer$Division (RaftServerImpl.java:requestVote(1184)) - 589fbfef-7b85-4b40-975b-46e767fe3451@group-248D4464D7E9 replies to ELECTION vote request: 22afd6e4-8e85-4fe8-a1ff-afcedf5143bf<-589fbfef-7b85-4b40-975b-46e767fe3451#0:FAIL-t2. Peer's state: 589fbfef-7b85-4b40-975b-46e767fe3451@group-248D4464D7E9:t2, leader=null, voted=589fbfef-7b85-4b40-975b-46e767fe3451, raftlog=589fbfef-7b85-4b40-975b-46e767fe3451@group-248D4464D7E9-SegmentedRaftLog:OPENED:c-1, conf=-1: [22afd6e4-8e85-4fe8-a1ff-afcedf5143bf|rpc:10.1.0.114:38607|priority:0, 589fbfef-7b85-4b40-975b-46e767fe3451|rpc:10.1.0.114:37327|priority:0, 606b3dcd-c583-45a5-a0cf-b179208ecf3f|rpc:10.1.0.114:39749|priority:1], old=null
2022-10-10 08:38:44,637 [22afd6e4-8e85-4fe8-a1ff-afcedf5143bf@group-248D4464D7E9-LeaderElection23] INFO  impl.LeaderElection (LeaderElection.java:logAndReturn(90)) - 22afd6e4-8e85-4fe8-a1ff-afcedf5143bf@group-248D4464D7E9-LeaderElection23: ELECTION REJECTED received 1 response(s) and 0 exception(s):
2022-10-10 08:38:44,637 [22afd6e4-8e85-4fe8-a1ff-afcedf5143bf@group-248D4464D7E9-LeaderElection23] INFO  impl.LeaderElection (LeaderElection.java:logAndReturn(94)) -   Response 0: 22afd6e4-8e85-4fe8-a1ff-afcedf5143bf<-606b3dcd-c583-45a5-a0cf-b179208ecf3f#0:FAIL-t2
2022-10-10 08:38:44,637 [22afd6e4-8e85-4fe8-a1ff-afcedf5143bf@group-248D4464D7E9-LeaderElection23] INFO  impl.LeaderElection (LeaderElection.java:askForVotes(312)) - 22afd6e4-8e85-4fe8-a1ff-afcedf5143bf@group-248D4464D7E9-LeaderElection23 ELECTION round 0: result REJECTED
2022-10-10 08:38:44,638 [22afd6e4-8e85-4fe8-a1ff-afcedf5143bf@group-248D4464D7E9-LeaderElection23] INFO  server.RaftServer$Division (RaftServerImpl.java:setRole(299)) - 22afd6e4-8e85-4fe8-a1ff-afcedf5143bf@group-248D4464D7E9: changes role from CANDIDATE to FOLLOWER at term 2 for REJECTED
2022-10-10 08:38:44,638 [22afd6e4-8e85-4fe8-a1ff-afcedf5143bf@group-248D4464D7E9-LeaderElection23] INFO  impl.RoleInfo (RoleInfo.java:shutdownLeaderElection(130)) - 22afd6e4-8e85-4fe8-a1ff-afcedf5143bf: shutdown 22afd6e4-8e85-4fe8-a1ff-afcedf5143bf@group-248D4464D7E9-LeaderElection23
2022-10-10 08:38:44,638 [22afd6e4-8e85-4fe8-a1ff-afcedf5143bf@group-248D4464D7E9-LeaderElection23] INFO  impl.RoleInfo (RoleInfo.java:updateAndGet(139)) - 22afd6e4-8e85-4fe8-a1ff-afcedf5143bf: start 22afd6e4-8e85-4fe8-a1ff-afcedf5143bf@group-248D4464D7E9-FollowerState
]]></system-out>
  </testcase>
  <testcase name="testTrash" classname="TestOzoneFileSystem" time="4.06">
    <system-out><![CDATA[08:40:23.009 [IPC Server handler 1 on default port 41701] ERROR OMAudit - user=runner | ip=127.0.0.1 | op=GET_FILE_STATUS {volume=volume83680, bucket=bucket94599, key=.Trash/runner/Current/testKey2, dataSize=0, replicationConfig=null} | ret=FAILURE
org.apache.hadoop.ozone.om.exceptions.OMException: Unable to get file status: volume: volume83680 bucket: bucket94599 key: .Trash/runner/Current/testKey2
	at org.apache.hadoop.ozone.om.KeyManagerImpl.getOzoneFileStatus(KeyManagerImpl.java:1270) ~[ozone-manager-1.3.0-SNAPSHOT.jar:?]
	at org.apache.hadoop.ozone.om.KeyManagerImpl.getFileStatus(KeyManagerImpl.java:1200) ~[ozone-manager-1.3.0-SNAPSHOT.jar:?]
	at org.apache.hadoop.ozone.om.OzoneManager.getFileStatus(OzoneManager.java:3507) ~[ozone-manager-1.3.0-SNAPSHOT.jar:?]
	at org.apache.hadoop.ozone.protocolPB.OzoneManagerRequestHandler.getOzoneFileStatus(OzoneManagerRequestHandler.java:882) ~[ozone-manager-1.3.0-SNAPSHOT.jar:?]
	at org.apache.hadoop.ozone.protocolPB.OzoneManagerRequestHandler.handleReadRequest(OzoneManagerRequestHandler.java:228) ~[ozone-manager-1.3.0-SNAPSHOT.jar:?]
	at org.apache.hadoop.ozone.protocolPB.OzoneManagerProtocolServerSideTranslatorPB.submitReadRequestToOM(OzoneManagerProtocolServerSideTranslatorPB.java:226) ~[ozone-manager-1.3.0-SNAPSHOT.jar:?]
	at org.apache.hadoop.ozone.protocolPB.OzoneManagerProtocolServerSideTranslatorPB.processRequest(OzoneManagerProtocolServerSideTranslatorPB.java:175) ~[ozone-manager-1.3.0-SNAPSHOT.jar:?]
	at org.apache.hadoop.hdds.server.OzoneProtocolMessageDispatcher.processRequest(OzoneProtocolMessageDispatcher.java:87) [hdds-server-framework-1.3.0-SNAPSHOT.jar:?]
	at org.apache.hadoop.ozone.protocolPB.OzoneManagerProtocolServerSideTranslatorPB.submitRequest(OzoneManagerProtocolServerSideTranslatorPB.java:147) [ozone-manager-1.3.0-SNAPSHOT.jar:?]
	at org.apache.hadoop.ozone.protocol.proto.OzoneManagerProtocolProtos$OzoneManagerService$2.callBlockingMethod(OzoneManagerProtocolProtos.java) [ozone-interface-client-1.3.0-SNAPSHOT.jar:?]
	at org.apache.hadoop.ipc.ProtobufRpcEngine$Server.processCall(ProtobufRpcEngine.java:466) [hadoop-common-3.3.1.jar:?]
	at org.apache.hadoop.ipc.ProtobufRpcEngine2$Server$ProtoBufRpcInvoker.call(ProtobufRpcEngine2.java:574) [hadoop-common-3.3.1.jar:?]
	at org.apache.hadoop.ipc.ProtobufRpcEngine2$Server$ProtoBufRpcInvoker.call(ProtobufRpcEngine2.java:552) [hadoop-common-3.3.1.jar:?]
	at org.apache.hadoop.ipc.RPC$Server.call(RPC.java:1093) [hadoop-common-3.3.1.jar:?]
	at org.apache.hadoop.ipc.Server$RpcCall.run(Server.java:1035) [hadoop-common-3.3.1.jar:?]
	at org.apache.hadoop.ipc.Server$RpcCall.run(Server.java:963) [hadoop-common-3.3.1.jar:?]
	at java.security.AccessController.doPrivileged(Native Method) ~[?:1.8.0_345]
	at javax.security.auth.Subject.doAs(Subject.java:422) [?:1.8.0_345]
	at org.apache.hadoop.security.UserGroupInformation.doAs(UserGroupInformation.java:1878) [hadoop-common-3.3.1.jar:?]
	at org.apache.hadoop.ipc.Server$Handler.run(Server.java:2966) [hadoop-common-3.3.1.jar:?]
2022-10-10 08:40:23,014 [Time-limited test] WARN  ozone.BasicOzoneFileSystem (BasicOzoneFileSystem.java:getFileStatus(765)) - GetFileStatus failed for path /.Trash/runner/Current/testKey2
java.io.FileNotFoundException: .Trash/runner/Current/testKey2: No such file or directory!
	at org.apache.hadoop.fs.ozone.BasicOzoneClientAdapterImpl.getFileStatus(BasicOzoneClientAdapterImpl.java:369)
	at org.apache.hadoop.fs.ozone.BasicOzoneFileSystem.getFileStatus(BasicOzoneFileSystem.java:757)
	at org.apache.hadoop.fs.FileSystem.exists(FileSystem.java:1760)
	at org.apache.hadoop.fs.ozone.BasicOzoneFileSystem.exists(BasicOzoneFileSystem.java:804)
	at org.apache.hadoop.fs.TrashPolicyDefault.moveToTrash(TrashPolicyDefault.java:181)
	at org.apache.hadoop.fs.Trash.moveToTrash(Trash.java:110)
	at org.apache.hadoop.fs.ozone.TestOzoneFileSystem.testTrash(TestOzoneFileSystem.java:1580)
	at sun.reflect.NativeMethodAccessorImpl.invoke0(Native Method)
	at sun.reflect.NativeMethodAccessorImpl.invoke(NativeMethodAccessorImpl.java:62)
	at sun.reflect.DelegatingMethodAccessorImpl.invoke(DelegatingMethodAccessorImpl.java:43)
	at java.lang.reflect.Method.invoke(Method.java:498)
	at org.junit.runners.model.FrameworkMethod$1.runReflectiveCall(FrameworkMethod.java:59)
	at org.junit.internal.runners.model.ReflectiveCallable.run(ReflectiveCallable.java:12)
	at org.junit.runners.model.FrameworkMethod.invokeExplosively(FrameworkMethod.java:56)
	at org.junit.internal.runners.statements.InvokeMethod.evaluate(InvokeMethod.java:17)
	at org.junit.internal.runners.statements.RunAfters.evaluate(RunAfters.java:27)
	at org.junit.internal.runners.statements.FailOnTimeout$CallableStatement.call(FailOnTimeout.java:288)
	at org.junit.internal.runners.statements.FailOnTimeout$CallableStatement.call(FailOnTimeout.java:282)
	at java.util.concurrent.FutureTask.run(FutureTask.java:266)
	at java.lang.Thread.run(Thread.java:750)
08:40:23.015 [IPC Server handler 16 on default port 41701] ERROR OMAudit - user=runner | ip=127.0.0.1 | op=GET_FILE_STATUS {volume=volume83680, bucket=bucket94599, key=.Trash/runner/Current/testKey2, dataSize=0, replicationConfig=null} | ret=FAILURE
org.apache.hadoop.ozone.om.exceptions.OMException: Unable to get file status: volume: volume83680 bucket: bucket94599 key: .Trash/runner/Current/testKey2
	at org.apache.hadoop.ozone.om.KeyManagerImpl.getOzoneFileStatus(KeyManagerImpl.java:1270) ~[ozone-manager-1.3.0-SNAPSHOT.jar:?]
	at org.apache.hadoop.ozone.om.KeyManagerImpl.getFileStatus(KeyManagerImpl.java:1200) ~[ozone-manager-1.3.0-SNAPSHOT.jar:?]
	at org.apache.hadoop.ozone.om.OzoneManager.getFileStatus(OzoneManager.java:3507) ~[ozone-manager-1.3.0-SNAPSHOT.jar:?]
	at org.apache.hadoop.ozone.protocolPB.OzoneManagerRequestHandler.getOzoneFileStatus(OzoneManagerRequestHandler.java:882) ~[ozone-manager-1.3.0-SNAPSHOT.jar:?]
	at org.apache.hadoop.ozone.protocolPB.OzoneManagerRequestHandler.handleReadRequest(OzoneManagerRequestHandler.java:228) ~[ozone-manager-1.3.0-SNAPSHOT.jar:?]
	at org.apache.hadoop.ozone.protocolPB.OzoneManagerProtocolServerSideTranslatorPB.submitReadRequestToOM(OzoneManagerProtocolServerSideTranslatorPB.java:226) ~[ozone-manager-1.3.0-SNAPSHOT.jar:?]
	at org.apache.hadoop.ozone.protocolPB.OzoneManagerProtocolServerSideTranslatorPB.processRequest(OzoneManagerProtocolServerSideTranslatorPB.java:175) ~[ozone-manager-1.3.0-SNAPSHOT.jar:?]
	at org.apache.hadoop.hdds.server.OzoneProtocolMessageDispatcher.processRequest(OzoneProtocolMessageDispatcher.java:87) [hdds-server-framework-1.3.0-SNAPSHOT.jar:?]
	at org.apache.hadoop.ozone.protocolPB.OzoneManagerProtocolServerSideTranslatorPB.submitRequest(OzoneManagerProtocolServerSideTranslatorPB.java:147) [ozone-manager-1.3.0-SNAPSHOT.jar:?]
	at org.apache.hadoop.ozone.protocol.proto.OzoneManagerProtocolProtos$OzoneManagerService$2.callBlockingMethod(OzoneManagerProtocolProtos.java) [ozone-interface-client-1.3.0-SNAPSHOT.jar:?]
	at org.apache.hadoop.ipc.ProtobufRpcEngine$Server.processCall(ProtobufRpcEngine.java:466) [hadoop-common-3.3.1.jar:?]
	at org.apache.hadoop.ipc.ProtobufRpcEngine2$Server$ProtoBufRpcInvoker.call(ProtobufRpcEngine2.java:574) [hadoop-common-3.3.1.jar:?]
	at org.apache.hadoop.ipc.ProtobufRpcEngine2$Server$ProtoBufRpcInvoker.call(ProtobufRpcEngine2.java:552) [hadoop-common-3.3.1.jar:?]
	at org.apache.hadoop.ipc.RPC$Server.call(RPC.java:1093) [hadoop-common-3.3.1.jar:?]
	at org.apache.hadoop.ipc.Server$RpcCall.run(Server.java:1035) [hadoop-common-3.3.1.jar:?]
	at org.apache.hadoop.ipc.Server$RpcCall.run(Server.java:963) [hadoop-common-3.3.1.jar:?]
	at java.security.AccessController.doPrivileged(Native Method) ~[?:1.8.0_345]
	at javax.security.auth.Subject.doAs(Subject.java:422) [?:1.8.0_345]
	at org.apache.hadoop.security.UserGroupInformation.doAs(UserGroupInformation.java:1878) [hadoop-common-3.3.1.jar:?]
	at org.apache.hadoop.ipc.Server$Handler.run(Server.java:2966) [hadoop-common-3.3.1.jar:?]
2022-10-10 08:40:23,016 [Time-limited test] WARN  ozone.BasicOzoneFileSystem (BasicOzoneFileSystem.java:getFileStatus(765)) - GetFileStatus failed for path /.Trash/runner/Current/testKey2
java.io.FileNotFoundException: .Trash/runner/Current/testKey2: No such file or directory!
	at org.apache.hadoop.fs.ozone.BasicOzoneClientAdapterImpl.getFileStatus(BasicOzoneClientAdapterImpl.java:369)
	at org.apache.hadoop.fs.ozone.BasicOzoneFileSystem.getFileStatus(BasicOzoneFileSystem.java:757)
	at org.apache.hadoop.fs.ozone.BasicOzoneFileSystem.rename(BasicOzoneFileSystem.java:357)
	at org.apache.hadoop.fs.ozone.BasicOzoneFileSystem.rename(BasicOzoneFileSystem.java:454)
	at org.apache.hadoop.fs.TrashPolicyDefault.moveToTrash(TrashPolicyDefault.java:186)
	at org.apache.hadoop.fs.Trash.moveToTrash(Trash.java:110)
	at org.apache.hadoop.fs.ozone.TestOzoneFileSystem.testTrash(TestOzoneFileSystem.java:1580)
	at sun.reflect.NativeMethodAccessorImpl.invoke0(Native Method)
	at sun.reflect.NativeMethodAccessorImpl.invoke(NativeMethodAccessorImpl.java:62)
	at sun.reflect.DelegatingMethodAccessorImpl.invoke(DelegatingMethodAccessorImpl.java:43)
	at java.lang.reflect.Method.invoke(Method.java:498)
	at org.junit.runners.model.FrameworkMethod$1.runReflectiveCall(FrameworkMethod.java:59)
	at org.junit.internal.runners.model.ReflectiveCallable.run(ReflectiveCallable.java:12)
	at org.junit.runners.model.FrameworkMethod.invokeExplosively(FrameworkMethod.java:56)
	at org.junit.internal.runners.statements.InvokeMethod.evaluate(InvokeMethod.java:17)
	at org.junit.internal.runners.statements.RunAfters.evaluate(RunAfters.java:27)
	at org.junit.internal.runners.statements.FailOnTimeout$CallableStatement.call(FailOnTimeout.java:288)
	at org.junit.internal.runners.statements.FailOnTimeout$CallableStatement.call(FailOnTimeout.java:282)
	at java.util.concurrent.FutureTask.run(FutureTask.java:266)
	at java.lang.Thread.run(Thread.java:750)
2022-10-10 08:40:23,023 [Time-limited test] INFO  fs.TrashPolicyDefault (TrashPolicyDefault.java:moveToTrash(188)) - Moved: '/testKey2' to trash at: /.Trash/runner/Current/testKey2
08:40:24.028 [IPC Server handler 2 on default port 41701] ERROR OMAudit - user=runner | ip=127.0.0.1 | op=GET_FILE_STATUS {volume=volume83680, bucket=bucket94599, key=.Trash/runner/Current/testKey2, dataSize=0, replicationConfig=null} | ret=FAILURE
org.apache.hadoop.ozone.om.exceptions.OMException: Unable to get file status: volume: volume83680 bucket: bucket94599 key: .Trash/runner/Current/testKey2
	at org.apache.hadoop.ozone.om.KeyManagerImpl.getOzoneFileStatus(KeyManagerImpl.java:1270) ~[ozone-manager-1.3.0-SNAPSHOT.jar:?]
	at org.apache.hadoop.ozone.om.KeyManagerImpl.getFileStatus(KeyManagerImpl.java:1200) ~[ozone-manager-1.3.0-SNAPSHOT.jar:?]
	at org.apache.hadoop.ozone.om.OzoneManager.getFileStatus(OzoneManager.java:3507) ~[ozone-manager-1.3.0-SNAPSHOT.jar:?]
	at org.apache.hadoop.ozone.protocolPB.OzoneManagerRequestHandler.getOzoneFileStatus(OzoneManagerRequestHandler.java:882) ~[ozone-manager-1.3.0-SNAPSHOT.jar:?]
	at org.apache.hadoop.ozone.protocolPB.OzoneManagerRequestHandler.handleReadRequest(OzoneManagerRequestHandler.java:228) ~[ozone-manager-1.3.0-SNAPSHOT.jar:?]
	at org.apache.hadoop.ozone.protocolPB.OzoneManagerProtocolServerSideTranslatorPB.submitReadRequestToOM(OzoneManagerProtocolServerSideTranslatorPB.java:226) ~[ozone-manager-1.3.0-SNAPSHOT.jar:?]
	at org.apache.hadoop.ozone.protocolPB.OzoneManagerProtocolServerSideTranslatorPB.processRequest(OzoneManagerProtocolServerSideTranslatorPB.java:175) ~[ozone-manager-1.3.0-SNAPSHOT.jar:?]
	at org.apache.hadoop.hdds.server.OzoneProtocolMessageDispatcher.processRequest(OzoneProtocolMessageDispatcher.java:87) [hdds-server-framework-1.3.0-SNAPSHOT.jar:?]
	at org.apache.hadoop.ozone.protocolPB.OzoneManagerProtocolServerSideTranslatorPB.submitRequest(OzoneManagerProtocolServerSideTranslatorPB.java:147) [ozone-manager-1.3.0-SNAPSHOT.jar:?]
	at org.apache.hadoop.ozone.protocol.proto.OzoneManagerProtocolProtos$OzoneManagerService$2.callBlockingMethod(OzoneManagerProtocolProtos.java) [ozone-interface-client-1.3.0-SNAPSHOT.jar:?]
	at org.apache.hadoop.ipc.ProtobufRpcEngine$Server.processCall(ProtobufRpcEngine.java:466) [hadoop-common-3.3.1.jar:?]
	at org.apache.hadoop.ipc.ProtobufRpcEngine2$Server$ProtoBufRpcInvoker.call(ProtobufRpcEngine2.java:574) [hadoop-common-3.3.1.jar:?]
	at org.apache.hadoop.ipc.ProtobufRpcEngine2$Server$ProtoBufRpcInvoker.call(ProtobufRpcEngine2.java:552) [hadoop-common-3.3.1.jar:?]
	at org.apache.hadoop.ipc.RPC$Server.call(RPC.java:1093) [hadoop-common-3.3.1.jar:?]
	at org.apache.hadoop.ipc.Server$RpcCall.run(Server.java:1035) [hadoop-common-3.3.1.jar:?]
	at org.apache.hadoop.ipc.Server$RpcCall.run(Server.java:963) [hadoop-common-3.3.1.jar:?]
	at java.security.AccessController.doPrivileged(Native Method) ~[?:1.8.0_345]
	at javax.security.auth.Subject.doAs(Subject.java:422) [?:1.8.0_345]
	at org.apache.hadoop.security.UserGroupInformation.doAs(UserGroupInformation.java:1878) [hadoop-common-3.3.1.jar:?]
	at org.apache.hadoop.ipc.Server$Handler.run(Server.java:2966) [hadoop-common-3.3.1.jar:?]
2022-10-10 08:40:24,029 [Time-limited test] WARN  ozone.BasicOzoneFileSystem (BasicOzoneFileSystem.java:getFileStatus(765)) - GetFileStatus failed for path /.Trash/runner/Current/testKey2
java.io.FileNotFoundException: .Trash/runner/Current/testKey2: No such file or directory!
	at org.apache.hadoop.fs.ozone.BasicOzoneClientAdapterImpl.getFileStatus(BasicOzoneClientAdapterImpl.java:369)
	at org.apache.hadoop.fs.ozone.BasicOzoneFileSystem.getFileStatus(BasicOzoneFileSystem.java:757)
	at org.apache.hadoop.fs.FileSystem.exists(FileSystem.java:1760)
	at org.apache.hadoop.fs.ozone.BasicOzoneFileSystem.exists(BasicOzoneFileSystem.java:804)
	at org.apache.hadoop.fs.ozone.TestOzoneFileSystem.lambda$testTrash$6(TestOzoneFileSystem.java:1592)
	at org.apache.ozone.test.GenericTestUtils.waitFor(GenericTestUtils.java:218)
	at org.apache.hadoop.fs.ozone.TestOzoneFileSystem.testTrash(TestOzoneFileSystem.java:1590)
	at sun.reflect.NativeMethodAccessorImpl.invoke0(Native Method)
	at sun.reflect.NativeMethodAccessorImpl.invoke(NativeMethodAccessorImpl.java:62)
	at sun.reflect.DelegatingMethodAccessorImpl.invoke(DelegatingMethodAccessorImpl.java:43)
	at java.lang.reflect.Method.invoke(Method.java:498)
	at org.junit.runners.model.FrameworkMethod$1.runReflectiveCall(FrameworkMethod.java:59)
	at org.junit.internal.runners.model.ReflectiveCallable.run(ReflectiveCallable.java:12)
	at org.junit.runners.model.FrameworkMethod.invokeExplosively(FrameworkMethod.java:56)
	at org.junit.internal.runners.statements.InvokeMethod.evaluate(InvokeMethod.java:17)
	at org.junit.internal.runners.statements.RunAfters.evaluate(RunAfters.java:27)
	at org.junit.internal.runners.statements.FailOnTimeout$CallableStatement.call(FailOnTimeout.java:288)
	at org.junit.internal.runners.statements.FailOnTimeout$CallableStatement.call(FailOnTimeout.java:282)
	at java.util.concurrent.FutureTask.run(FutureTask.java:266)
	at java.lang.Thread.run(Thread.java:750)
2022-10-10 08:40:25,668 [df95c109-086c-4fdb-bc2f-e7a3020caa9e@group-E6C73168D3C7-FollowerState] INFO  impl.FollowerState (FollowerState.java:run(143)) - df95c109-086c-4fdb-bc2f-e7a3020caa9e@group-E6C73168D3C7-FollowerState: change to CANDIDATE, lastRpcElapsedTime:5188497440ns, electionTimeout:5171ms
2022-10-10 08:40:25,668 [df95c109-086c-4fdb-bc2f-e7a3020caa9e@group-E6C73168D3C7-FollowerState] INFO  impl.RoleInfo (RoleInfo.java:shutdownFollowerState(110)) - df95c109-086c-4fdb-bc2f-e7a3020caa9e: shutdown df95c109-086c-4fdb-bc2f-e7a3020caa9e@group-E6C73168D3C7-FollowerState
2022-10-10 08:40:25,668 [df95c109-086c-4fdb-bc2f-e7a3020caa9e@group-E6C73168D3C7-FollowerState] INFO  server.RaftServer$Division (RaftServerImpl.java:setRole(299)) - df95c109-086c-4fdb-bc2f-e7a3020caa9e@group-E6C73168D3C7: changes role from  FOLLOWER to CANDIDATE at term 2 for changeToCandidate
2022-10-10 08:40:25,668 [df95c109-086c-4fdb-bc2f-e7a3020caa9e@group-E6C73168D3C7-FollowerState] INFO  server.RaftServerConfigKeys (ConfUtils.java:logGet(46)) - raft.server.leaderelection.pre-vote = false (custom)
2022-10-10 08:40:25,668 [df95c109-086c-4fdb-bc2f-e7a3020caa9e@group-E6C73168D3C7-FollowerState] INFO  impl.RoleInfo (RoleInfo.java:updateAndGet(139)) - df95c109-086c-4fdb-bc2f-e7a3020caa9e: start df95c109-086c-4fdb-bc2f-e7a3020caa9e@group-E6C73168D3C7-LeaderElection45
2022-10-10 08:40:25,700 [df95c109-086c-4fdb-bc2f-e7a3020caa9e@group-E6C73168D3C7-LeaderElection45] INFO  impl.LeaderElection (LeaderElection.java:askForVotes(310)) - df95c109-086c-4fdb-bc2f-e7a3020caa9e@group-E6C73168D3C7-LeaderElection45 ELECTION round 0: submit vote requests at term 3 for -1: [df95c109-086c-4fdb-bc2f-e7a3020caa9e|rpc:10.1.0.114:37403|dataStream:|priority:0, 2505bfdb-a405-42b6-a08f-f2b9b27cb3cf|rpc:10.1.0.114:44113|dataStream:|priority:1, 1a566261-beec-4fd1-be7c-d2e6de257968|rpc:10.1.0.114:43815|dataStream:|priority:0], old=null
2022-10-10 08:40:25,702 [1a566261-beec-4fd1-be7c-d2e6de257968@group-E6C73168D3C7-FollowerState] INFO  impl.FollowerState (FollowerState.java:run(143)) - 1a566261-beec-4fd1-be7c-d2e6de257968@group-E6C73168D3C7-FollowerState: change to CANDIDATE, lastRpcElapsedTime:5109353803ns, electionTimeout:5093ms
2022-10-10 08:40:25,702 [1a566261-beec-4fd1-be7c-d2e6de257968@group-E6C73168D3C7-FollowerState] INFO  impl.RoleInfo (RoleInfo.java:shutdownFollowerState(110)) - 1a566261-beec-4fd1-be7c-d2e6de257968: shutdown 1a566261-beec-4fd1-be7c-d2e6de257968@group-E6C73168D3C7-FollowerState
2022-10-10 08:40:25,702 [1a566261-beec-4fd1-be7c-d2e6de257968@group-E6C73168D3C7-FollowerState] INFO  server.RaftServer$Division (RaftServerImpl.java:setRole(299)) - 1a566261-beec-4fd1-be7c-d2e6de257968@group-E6C73168D3C7: changes role from  FOLLOWER to CANDIDATE at term 2 for changeToCandidate
2022-10-10 08:40:25,704 [1a566261-beec-4fd1-be7c-d2e6de257968@group-E6C73168D3C7-FollowerState] INFO  server.RaftServerConfigKeys (ConfUtils.java:logGet(46)) - raft.server.leaderelection.pre-vote = false (custom)
2022-10-10 08:40:25,704 [1a566261-beec-4fd1-be7c-d2e6de257968@group-E6C73168D3C7-FollowerState] INFO  impl.RoleInfo (RoleInfo.java:updateAndGet(139)) - 1a566261-beec-4fd1-be7c-d2e6de257968: start 1a566261-beec-4fd1-be7c-d2e6de257968@group-E6C73168D3C7-LeaderElection46
2022-10-10 08:40:25,718 [grpc-default-executor-0] INFO  server.RaftServer$Division (RaftServerImpl.java:requestVote(1152)) - 2505bfdb-a405-42b6-a08f-f2b9b27cb3cf@group-E6C73168D3C7: receive requestVote(ELECTION, df95c109-086c-4fdb-bc2f-e7a3020caa9e, group-E6C73168D3C7, 3, (t:0, i:0))
2022-10-10 08:40:25,718 [grpc-default-executor-0] INFO  impl.VoteContext (VoteContext.java:log(48)) - 2505bfdb-a405-42b6-a08f-f2b9b27cb3cf@group-E6C73168D3C7-FOLLOWER: reject ELECTION from df95c109-086c-4fdb-bc2f-e7a3020caa9e: our priority 1 > candidate's priority 0
2022-10-10 08:40:25,718 [grpc-default-executor-0] INFO  server.RaftServer$Division (RaftServerImpl.java:setRole(299)) - 2505bfdb-a405-42b6-a08f-f2b9b27cb3cf@group-E6C73168D3C7: changes role from  FOLLOWER to FOLLOWER at term 3 for candidate:df95c109-086c-4fdb-bc2f-e7a3020caa9e
2022-10-10 08:40:25,718 [grpc-default-executor-0] INFO  impl.RoleInfo (RoleInfo.java:shutdownFollowerState(110)) - 2505bfdb-a405-42b6-a08f-f2b9b27cb3cf: shutdown 2505bfdb-a405-42b6-a08f-f2b9b27cb3cf@group-E6C73168D3C7-FollowerState
2022-10-10 08:40:25,718 [grpc-default-executor-0] INFO  impl.RoleInfo (RoleInfo.java:updateAndGet(139)) - 2505bfdb-a405-42b6-a08f-f2b9b27cb3cf: start 2505bfdb-a405-42b6-a08f-f2b9b27cb3cf@group-E6C73168D3C7-FollowerState
2022-10-10 08:40:25,718 [2505bfdb-a405-42b6-a08f-f2b9b27cb3cf@group-E6C73168D3C7-FollowerState] INFO  impl.FollowerState (FollowerState.java:run(152)) - 2505bfdb-a405-42b6-a08f-f2b9b27cb3cf@group-E6C73168D3C7-FollowerState was interrupted
2022-10-10 08:40:25,725 [grpc-default-executor-0] INFO  server.RaftServer$Division (RaftServerImpl.java:requestVote(1184)) - 2505bfdb-a405-42b6-a08f-f2b9b27cb3cf@group-E6C73168D3C7 replies to ELECTION vote request: df95c109-086c-4fdb-bc2f-e7a3020caa9e<-2505bfdb-a405-42b6-a08f-f2b9b27cb3cf#0:FAIL-t3. Peer's state: 2505bfdb-a405-42b6-a08f-f2b9b27cb3cf@group-E6C73168D3C7:t3, leader=null, voted=null, raftlog=2505bfdb-a405-42b6-a08f-f2b9b27cb3cf@group-E6C73168D3C7-SegmentedRaftLog:OPENED:c-1, conf=-1: [df95c109-086c-4fdb-bc2f-e7a3020caa9e|rpc:10.1.0.114:37403|dataStream:|priority:0, 2505bfdb-a405-42b6-a08f-f2b9b27cb3cf|rpc:10.1.0.114:44113|dataStream:|priority:1, 1a566261-beec-4fd1-be7c-d2e6de257968|rpc:10.1.0.114:43815|dataStream:|priority:0], old=null
2022-10-10 08:40:25,740 [grpc-default-executor-1] INFO  server.RaftServer$Division (RaftServerImpl.java:requestVote(1152)) - 1a566261-beec-4fd1-be7c-d2e6de257968@group-E6C73168D3C7: receive requestVote(ELECTION, df95c109-086c-4fdb-bc2f-e7a3020caa9e, group-E6C73168D3C7, 3, (t:0, i:0))
2022-10-10 08:40:25,740 [df95c109-086c-4fdb-bc2f-e7a3020caa9e@group-E6C73168D3C7-LeaderElection45] INFO  impl.LeaderElection (LeaderElection.java:logAndReturn(90)) - df95c109-086c-4fdb-bc2f-e7a3020caa9e@group-E6C73168D3C7-LeaderElection45: ELECTION REJECTED received 1 response(s) and 0 exception(s):
2022-10-10 08:40:25,741 [df95c109-086c-4fdb-bc2f-e7a3020caa9e@group-E6C73168D3C7-LeaderElection45] INFO  impl.LeaderElection (LeaderElection.java:logAndReturn(94)) -   Response 0: df95c109-086c-4fdb-bc2f-e7a3020caa9e<-2505bfdb-a405-42b6-a08f-f2b9b27cb3cf#0:FAIL-t3
2022-10-10 08:40:25,741 [df95c109-086c-4fdb-bc2f-e7a3020caa9e@group-E6C73168D3C7-LeaderElection45] INFO  impl.LeaderElection (LeaderElection.java:askForVotes(312)) - df95c109-086c-4fdb-bc2f-e7a3020caa9e@group-E6C73168D3C7-LeaderElection45 ELECTION round 0: result REJECTED
2022-10-10 08:40:25,741 [df95c109-086c-4fdb-bc2f-e7a3020caa9e@group-E6C73168D3C7-LeaderElection45] INFO  server.RaftServer$Division (RaftServerImpl.java:setRole(299)) - df95c109-086c-4fdb-bc2f-e7a3020caa9e@group-E6C73168D3C7: changes role from CANDIDATE to FOLLOWER at term 3 for REJECTED
2022-10-10 08:40:25,741 [df95c109-086c-4fdb-bc2f-e7a3020caa9e@group-E6C73168D3C7-LeaderElection45] INFO  impl.RoleInfo (RoleInfo.java:shutdownLeaderElection(130)) - df95c109-086c-4fdb-bc2f-e7a3020caa9e: shutdown df95c109-086c-4fdb-bc2f-e7a3020caa9e@group-E6C73168D3C7-LeaderElection45
2022-10-10 08:40:25,741 [df95c109-086c-4fdb-bc2f-e7a3020caa9e@group-E6C73168D3C7-LeaderElection45] INFO  impl.RoleInfo (RoleInfo.java:updateAndGet(139)) - df95c109-086c-4fdb-bc2f-e7a3020caa9e: start df95c109-086c-4fdb-bc2f-e7a3020caa9e@group-E6C73168D3C7-FollowerState
2022-10-10 08:40:25,774 [1a566261-beec-4fd1-be7c-d2e6de257968@group-E6C73168D3C7-LeaderElection46] INFO  impl.LeaderElection (LeaderElection.java:askForVotes(310)) - 1a566261-beec-4fd1-be7c-d2e6de257968@group-E6C73168D3C7-LeaderElection46 ELECTION round 0: submit vote requests at term 3 for -1: [df95c109-086c-4fdb-bc2f-e7a3020caa9e|rpc:10.1.0.114:37403|priority:0, 2505bfdb-a405-42b6-a08f-f2b9b27cb3cf|rpc:10.1.0.114:44113|priority:1, 1a566261-beec-4fd1-be7c-d2e6de257968|rpc:10.1.0.114:43815|priority:0], old=null
2022-10-10 08:40:25,774 [grpc-default-executor-1] INFO  impl.VoteContext (VoteContext.java:log(48)) - 1a566261-beec-4fd1-be7c-d2e6de257968@group-E6C73168D3C7-CANDIDATE: reject ELECTION from df95c109-086c-4fdb-bc2f-e7a3020caa9e: already has voted for 1a566261-beec-4fd1-be7c-d2e6de257968 at current term 3
2022-10-10 08:40:25,774 [grpc-default-executor-1] INFO  server.RaftServer$Division (RaftServerImpl.java:requestVote(1184)) - 1a566261-beec-4fd1-be7c-d2e6de257968@group-E6C73168D3C7 replies to ELECTION vote request: df95c109-086c-4fdb-bc2f-e7a3020caa9e<-1a566261-beec-4fd1-be7c-d2e6de257968#0:FAIL-t3. Peer's state: 1a566261-beec-4fd1-be7c-d2e6de257968@group-E6C73168D3C7:t3, leader=null, voted=1a566261-beec-4fd1-be7c-d2e6de257968, raftlog=1a566261-beec-4fd1-be7c-d2e6de257968@group-E6C73168D3C7-SegmentedRaftLog:OPENED:c-1, conf=-1: [df95c109-086c-4fdb-bc2f-e7a3020caa9e|rpc:10.1.0.114:37403|priority:0, 2505bfdb-a405-42b6-a08f-f2b9b27cb3cf|rpc:10.1.0.114:44113|priority:1, 1a566261-beec-4fd1-be7c-d2e6de257968|rpc:10.1.0.114:43815|priority:0], old=null
2022-10-10 08:40:25,802 [grpc-default-executor-0] INFO  server.RaftServer$Division (RaftServerImpl.java:requestVote(1152)) - df95c109-086c-4fdb-bc2f-e7a3020caa9e@group-E6C73168D3C7: receive requestVote(ELECTION, 1a566261-beec-4fd1-be7c-d2e6de257968, group-E6C73168D3C7, 3, (t:0, i:0))
2022-10-10 08:40:25,802 [grpc-default-executor-1] INFO  server.RaftServer$Division (RaftServerImpl.java:requestVote(1152)) - 2505bfdb-a405-42b6-a08f-f2b9b27cb3cf@group-E6C73168D3C7: receive requestVote(ELECTION, 1a566261-beec-4fd1-be7c-d2e6de257968, group-E6C73168D3C7, 3, (t:0, i:0))
2022-10-10 08:40:25,802 [grpc-default-executor-1] INFO  impl.VoteContext (VoteContext.java:log(48)) - 2505bfdb-a405-42b6-a08f-f2b9b27cb3cf@group-E6C73168D3C7-FOLLOWER: reject ELECTION from 1a566261-beec-4fd1-be7c-d2e6de257968: our priority 1 > candidate's priority 0
2022-10-10 08:40:25,803 [grpc-default-executor-1] INFO  server.RaftServer$Division (RaftServerImpl.java:setRole(299)) - 2505bfdb-a405-42b6-a08f-f2b9b27cb3cf@group-E6C73168D3C7: changes role from  FOLLOWER to FOLLOWER at term 3 for candidate:1a566261-beec-4fd1-be7c-d2e6de257968
2022-10-10 08:40:25,803 [grpc-default-executor-1] INFO  impl.RoleInfo (RoleInfo.java:shutdownFollowerState(110)) - 2505bfdb-a405-42b6-a08f-f2b9b27cb3cf: shutdown 2505bfdb-a405-42b6-a08f-f2b9b27cb3cf@group-E6C73168D3C7-FollowerState
2022-10-10 08:40:25,803 [grpc-default-executor-1] INFO  impl.RoleInfo (RoleInfo.java:updateAndGet(139)) - 2505bfdb-a405-42b6-a08f-f2b9b27cb3cf: start 2505bfdb-a405-42b6-a08f-f2b9b27cb3cf@group-E6C73168D3C7-FollowerState
2022-10-10 08:40:25,803 [grpc-default-executor-0] INFO  impl.VoteContext (VoteContext.java:log(48)) - df95c109-086c-4fdb-bc2f-e7a3020caa9e@group-E6C73168D3C7-FOLLOWER: reject ELECTION from 1a566261-beec-4fd1-be7c-d2e6de257968: already has voted for df95c109-086c-4fdb-bc2f-e7a3020caa9e at current term 3
2022-10-10 08:40:25,803 [grpc-default-executor-0] INFO  server.RaftServer$Division (RaftServerImpl.java:requestVote(1184)) - df95c109-086c-4fdb-bc2f-e7a3020caa9e@group-E6C73168D3C7 replies to ELECTION vote request: 1a566261-beec-4fd1-be7c-d2e6de257968<-df95c109-086c-4fdb-bc2f-e7a3020caa9e#0:FAIL-t3. Peer's state: df95c109-086c-4fdb-bc2f-e7a3020caa9e@group-E6C73168D3C7:t3, leader=null, voted=df95c109-086c-4fdb-bc2f-e7a3020caa9e, raftlog=df95c109-086c-4fdb-bc2f-e7a3020caa9e@group-E6C73168D3C7-SegmentedRaftLog:OPENED:c-1, conf=-1: [df95c109-086c-4fdb-bc2f-e7a3020caa9e|rpc:10.1.0.114:37403|dataStream:|priority:0, 2505bfdb-a405-42b6-a08f-f2b9b27cb3cf|rpc:10.1.0.114:44113|dataStream:|priority:1, 1a566261-beec-4fd1-be7c-d2e6de257968|rpc:10.1.0.114:43815|dataStream:|priority:0], old=null
2022-10-10 08:40:25,804 [grpc-default-executor-1] INFO  server.RaftServer$Division (RaftServerImpl.java:requestVote(1184)) - 2505bfdb-a405-42b6-a08f-f2b9b27cb3cf@group-E6C73168D3C7 replies to ELECTION vote request: 1a566261-beec-4fd1-be7c-d2e6de257968<-2505bfdb-a405-42b6-a08f-f2b9b27cb3cf#0:FAIL-t3. Peer's state: 2505bfdb-a405-42b6-a08f-f2b9b27cb3cf@group-E6C73168D3C7:t3, leader=null, voted=null, raftlog=2505bfdb-a405-42b6-a08f-f2b9b27cb3cf@group-E6C73168D3C7-SegmentedRaftLog:OPENED:c-1, conf=-1: [df95c109-086c-4fdb-bc2f-e7a3020caa9e|rpc:10.1.0.114:37403|dataStream:|priority:0, 2505bfdb-a405-42b6-a08f-f2b9b27cb3cf|rpc:10.1.0.114:44113|dataStream:|priority:1, 1a566261-beec-4fd1-be7c-d2e6de257968|rpc:10.1.0.114:43815|dataStream:|priority:0], old=null
2022-10-10 08:40:25,805 [1a566261-beec-4fd1-be7c-d2e6de257968@group-E6C73168D3C7-LeaderElection46] INFO  impl.LeaderElection (LeaderElection.java:logAndReturn(90)) - 1a566261-beec-4fd1-be7c-d2e6de257968@group-E6C73168D3C7-LeaderElection46: ELECTION REJECTED received 1 response(s) and 0 exception(s):
2022-10-10 08:40:25,805 [1a566261-beec-4fd1-be7c-d2e6de257968@group-E6C73168D3C7-LeaderElection46] INFO  impl.LeaderElection (LeaderElection.java:logAndReturn(94)) -   Response 0: 1a566261-beec-4fd1-be7c-d2e6de257968<-2505bfdb-a405-42b6-a08f-f2b9b27cb3cf#0:FAIL-t3
2022-10-10 08:40:25,805 [1a566261-beec-4fd1-be7c-d2e6de257968@group-E6C73168D3C7-LeaderElection46] INFO  impl.LeaderElection (LeaderElection.java:askForVotes(312)) - 1a566261-beec-4fd1-be7c-d2e6de257968@group-E6C73168D3C7-LeaderElection46 ELECTION round 0: result REJECTED
2022-10-10 08:40:25,805 [1a566261-beec-4fd1-be7c-d2e6de257968@group-E6C73168D3C7-LeaderElection46] INFO  server.RaftServer$Division (RaftServerImpl.java:setRole(299)) - 1a566261-beec-4fd1-be7c-d2e6de257968@group-E6C73168D3C7: changes role from CANDIDATE to FOLLOWER at term 3 for REJECTED
2022-10-10 08:40:25,805 [1a566261-beec-4fd1-be7c-d2e6de257968@group-E6C73168D3C7-LeaderElection46] INFO  impl.RoleInfo (RoleInfo.java:shutdownLeaderElection(130)) - 1a566261-beec-4fd1-be7c-d2e6de257968: shutdown 1a566261-beec-4fd1-be7c-d2e6de257968@group-E6C73168D3C7-LeaderElection46
2022-10-10 08:40:25,805 [1a566261-beec-4fd1-be7c-d2e6de257968@group-E6C73168D3C7-LeaderElection46] INFO  impl.RoleInfo (RoleInfo.java:updateAndGet(139)) - 1a566261-beec-4fd1-be7c-d2e6de257968: start 1a566261-beec-4fd1-be7c-d2e6de257968@group-E6C73168D3C7-FollowerState
2022-10-10 08:40:25,824 [2505bfdb-a405-42b6-a08f-f2b9b27cb3cf@group-E6C73168D3C7-FollowerState] INFO  impl.FollowerState (FollowerState.java:run(152)) - 2505bfdb-a405-42b6-a08f-f2b9b27cb3cf@group-E6C73168D3C7-FollowerState was interrupted
]]></system-out>
  </testcase>
  <testcase name="testTrash" classname="TestOzoneFileSystem" time="5.051">
    <system-out><![CDATA[08:42:27.310 [IPC Server handler 9 on default port 37485] ERROR OMAudit - user=runner | ip=127.0.0.1 | op=GET_FILE_STATUS {volume=volume23299, bucket=bucket63939, key=.Trash/runner/Current/testKey2, dataSize=0, replicationConfig=null} | ret=FAILURE
org.apache.hadoop.ozone.om.exceptions.OMException: Unable to get file status: volume: volume23299 bucket: bucket63939 key: .Trash/runner/Current/testKey2
	at org.apache.hadoop.ozone.om.KeyManagerImpl.getOzoneFileStatus(KeyManagerImpl.java:1270) ~[ozone-manager-1.3.0-SNAPSHOT.jar:?]
	at org.apache.hadoop.ozone.om.KeyManagerImpl.getFileStatus(KeyManagerImpl.java:1200) ~[ozone-manager-1.3.0-SNAPSHOT.jar:?]
	at org.apache.hadoop.ozone.om.OzoneManager.getFileStatus(OzoneManager.java:3507) ~[ozone-manager-1.3.0-SNAPSHOT.jar:?]
	at org.apache.hadoop.ozone.protocolPB.OzoneManagerRequestHandler.getOzoneFileStatus(OzoneManagerRequestHandler.java:882) ~[ozone-manager-1.3.0-SNAPSHOT.jar:?]
	at org.apache.hadoop.ozone.protocolPB.OzoneManagerRequestHandler.handleReadRequest(OzoneManagerRequestHandler.java:228) ~[ozone-manager-1.3.0-SNAPSHOT.jar:?]
	at org.apache.hadoop.ozone.protocolPB.OzoneManagerProtocolServerSideTranslatorPB.submitRequestDirectlyToOM(OzoneManagerProtocolServerSideTranslatorPB.java:276) ~[ozone-manager-1.3.0-SNAPSHOT.jar:?]
	at org.apache.hadoop.ozone.protocolPB.OzoneManagerProtocolServerSideTranslatorPB.processRequest(OzoneManagerProtocolServerSideTranslatorPB.java:205) ~[ozone-manager-1.3.0-SNAPSHOT.jar:?]
	at org.apache.hadoop.hdds.server.OzoneProtocolMessageDispatcher.processRequest(OzoneProtocolMessageDispatcher.java:87) [hdds-server-framework-1.3.0-SNAPSHOT.jar:?]
	at org.apache.hadoop.ozone.protocolPB.OzoneManagerProtocolServerSideTranslatorPB.submitRequest(OzoneManagerProtocolServerSideTranslatorPB.java:147) [ozone-manager-1.3.0-SNAPSHOT.jar:?]
	at org.apache.hadoop.ozone.protocol.proto.OzoneManagerProtocolProtos$OzoneManagerService$2.callBlockingMethod(OzoneManagerProtocolProtos.java) [ozone-interface-client-1.3.0-SNAPSHOT.jar:?]
	at org.apache.hadoop.ipc.ProtobufRpcEngine$Server.processCall(ProtobufRpcEngine.java:466) [hadoop-common-3.3.1.jar:?]
	at org.apache.hadoop.ipc.ProtobufRpcEngine2$Server$ProtoBufRpcInvoker.call(ProtobufRpcEngine2.java:574) [hadoop-common-3.3.1.jar:?]
	at org.apache.hadoop.ipc.ProtobufRpcEngine2$Server$ProtoBufRpcInvoker.call(ProtobufRpcEngine2.java:552) [hadoop-common-3.3.1.jar:?]
	at org.apache.hadoop.ipc.RPC$Server.call(RPC.java:1093) [hadoop-common-3.3.1.jar:?]
	at org.apache.hadoop.ipc.Server$RpcCall.run(Server.java:1035) [hadoop-common-3.3.1.jar:?]
	at org.apache.hadoop.ipc.Server$RpcCall.run(Server.java:963) [hadoop-common-3.3.1.jar:?]
	at java.security.AccessController.doPrivileged(Native Method) ~[?:1.8.0_345]
	at javax.security.auth.Subject.doAs(Subject.java:422) [?:1.8.0_345]
	at org.apache.hadoop.security.UserGroupInformation.doAs(UserGroupInformation.java:1878) [hadoop-common-3.3.1.jar:?]
	at org.apache.hadoop.ipc.Server$Handler.run(Server.java:2966) [hadoop-common-3.3.1.jar:?]
2022-10-10 08:42:27,314 [Time-limited test] WARN  ozone.BasicOzoneFileSystem (BasicOzoneFileSystem.java:getFileStatus(765)) - GetFileStatus failed for path /.Trash/runner/Current/testKey2
java.io.FileNotFoundException: .Trash/runner/Current/testKey2: No such file or directory!
	at org.apache.hadoop.fs.ozone.BasicOzoneClientAdapterImpl.getFileStatus(BasicOzoneClientAdapterImpl.java:369)
	at org.apache.hadoop.fs.ozone.BasicOzoneFileSystem.getFileStatus(BasicOzoneFileSystem.java:757)
	at org.apache.hadoop.fs.FileSystem.exists(FileSystem.java:1760)
	at org.apache.hadoop.fs.ozone.BasicOzoneFileSystem.exists(BasicOzoneFileSystem.java:804)
	at org.apache.hadoop.fs.TrashPolicyDefault.moveToTrash(TrashPolicyDefault.java:181)
	at org.apache.hadoop.fs.Trash.moveToTrash(Trash.java:110)
	at org.apache.hadoop.fs.ozone.TestOzoneFileSystem.testTrash(TestOzoneFileSystem.java:1580)
	at sun.reflect.NativeMethodAccessorImpl.invoke0(Native Method)
	at sun.reflect.NativeMethodAccessorImpl.invoke(NativeMethodAccessorImpl.java:62)
	at sun.reflect.DelegatingMethodAccessorImpl.invoke(DelegatingMethodAccessorImpl.java:43)
	at java.lang.reflect.Method.invoke(Method.java:498)
	at org.junit.runners.model.FrameworkMethod$1.runReflectiveCall(FrameworkMethod.java:59)
	at org.junit.internal.runners.model.ReflectiveCallable.run(ReflectiveCallable.java:12)
	at org.junit.runners.model.FrameworkMethod.invokeExplosively(FrameworkMethod.java:56)
	at org.junit.internal.runners.statements.InvokeMethod.evaluate(InvokeMethod.java:17)
	at org.junit.internal.runners.statements.RunAfters.evaluate(RunAfters.java:27)
	at org.junit.internal.runners.statements.FailOnTimeout$CallableStatement.call(FailOnTimeout.java:288)
	at org.junit.internal.runners.statements.FailOnTimeout$CallableStatement.call(FailOnTimeout.java:282)
	at java.util.concurrent.FutureTask.run(FutureTask.java:266)
	at java.lang.Thread.run(Thread.java:750)
08:42:27.315 [IPC Server handler 11 on default port 37485] ERROR OMAudit - user=runner | ip=127.0.0.1 | op=GET_FILE_STATUS {volume=volume23299, bucket=bucket63939, key=.Trash/runner/Current/testKey2, dataSize=0, replicationConfig=null} | ret=FAILURE
org.apache.hadoop.ozone.om.exceptions.OMException: Unable to get file status: volume: volume23299 bucket: bucket63939 key: .Trash/runner/Current/testKey2
	at org.apache.hadoop.ozone.om.KeyManagerImpl.getOzoneFileStatus(KeyManagerImpl.java:1270) ~[ozone-manager-1.3.0-SNAPSHOT.jar:?]
	at org.apache.hadoop.ozone.om.KeyManagerImpl.getFileStatus(KeyManagerImpl.java:1200) ~[ozone-manager-1.3.0-SNAPSHOT.jar:?]
	at org.apache.hadoop.ozone.om.OzoneManager.getFileStatus(OzoneManager.java:3507) ~[ozone-manager-1.3.0-SNAPSHOT.jar:?]
	at org.apache.hadoop.ozone.protocolPB.OzoneManagerRequestHandler.getOzoneFileStatus(OzoneManagerRequestHandler.java:882) ~[ozone-manager-1.3.0-SNAPSHOT.jar:?]
	at org.apache.hadoop.ozone.protocolPB.OzoneManagerRequestHandler.handleReadRequest(OzoneManagerRequestHandler.java:228) ~[ozone-manager-1.3.0-SNAPSHOT.jar:?]
	at org.apache.hadoop.ozone.protocolPB.OzoneManagerProtocolServerSideTranslatorPB.submitRequestDirectlyToOM(OzoneManagerProtocolServerSideTranslatorPB.java:276) ~[ozone-manager-1.3.0-SNAPSHOT.jar:?]
	at org.apache.hadoop.ozone.protocolPB.OzoneManagerProtocolServerSideTranslatorPB.processRequest(OzoneManagerProtocolServerSideTranslatorPB.java:205) ~[ozone-manager-1.3.0-SNAPSHOT.jar:?]
	at org.apache.hadoop.hdds.server.OzoneProtocolMessageDispatcher.processRequest(OzoneProtocolMessageDispatcher.java:87) [hdds-server-framework-1.3.0-SNAPSHOT.jar:?]
	at org.apache.hadoop.ozone.protocolPB.OzoneManagerProtocolServerSideTranslatorPB.submitRequest(OzoneManagerProtocolServerSideTranslatorPB.java:147) [ozone-manager-1.3.0-SNAPSHOT.jar:?]
	at org.apache.hadoop.ozone.protocol.proto.OzoneManagerProtocolProtos$OzoneManagerService$2.callBlockingMethod(OzoneManagerProtocolProtos.java) [ozone-interface-client-1.3.0-SNAPSHOT.jar:?]
	at org.apache.hadoop.ipc.ProtobufRpcEngine$Server.processCall(ProtobufRpcEngine.java:466) [hadoop-common-3.3.1.jar:?]
	at org.apache.hadoop.ipc.ProtobufRpcEngine2$Server$ProtoBufRpcInvoker.call(ProtobufRpcEngine2.java:574) [hadoop-common-3.3.1.jar:?]
	at org.apache.hadoop.ipc.ProtobufRpcEngine2$Server$ProtoBufRpcInvoker.call(ProtobufRpcEngine2.java:552) [hadoop-common-3.3.1.jar:?]
	at org.apache.hadoop.ipc.RPC$Server.call(RPC.java:1093) [hadoop-common-3.3.1.jar:?]
	at org.apache.hadoop.ipc.Server$RpcCall.run(Server.java:1035) [hadoop-common-3.3.1.jar:?]
	at org.apache.hadoop.ipc.Server$RpcCall.run(Server.java:963) [hadoop-common-3.3.1.jar:?]
	at java.security.AccessController.doPrivileged(Native Method) ~[?:1.8.0_345]
	at javax.security.auth.Subject.doAs(Subject.java:422) [?:1.8.0_345]
	at org.apache.hadoop.security.UserGroupInformation.doAs(UserGroupInformation.java:1878) [hadoop-common-3.3.1.jar:?]
	at org.apache.hadoop.ipc.Server$Handler.run(Server.java:2966) [hadoop-common-3.3.1.jar:?]
2022-10-10 08:42:27,319 [Time-limited test] WARN  ozone.BasicOzoneFileSystem (BasicOzoneFileSystem.java:getFileStatus(765)) - GetFileStatus failed for path /.Trash/runner/Current/testKey2
java.io.FileNotFoundException: .Trash/runner/Current/testKey2: No such file or directory!
	at org.apache.hadoop.fs.ozone.BasicOzoneClientAdapterImpl.getFileStatus(BasicOzoneClientAdapterImpl.java:369)
	at org.apache.hadoop.fs.ozone.BasicOzoneFileSystem.getFileStatus(BasicOzoneFileSystem.java:757)
	at org.apache.hadoop.fs.ozone.BasicOzoneFileSystem.rename(BasicOzoneFileSystem.java:357)
	at org.apache.hadoop.fs.ozone.BasicOzoneFileSystem.rename(BasicOzoneFileSystem.java:454)
	at org.apache.hadoop.fs.TrashPolicyDefault.moveToTrash(TrashPolicyDefault.java:186)
	at org.apache.hadoop.fs.Trash.moveToTrash(Trash.java:110)
	at org.apache.hadoop.fs.ozone.TestOzoneFileSystem.testTrash(TestOzoneFileSystem.java:1580)
	at sun.reflect.NativeMethodAccessorImpl.invoke0(Native Method)
	at sun.reflect.NativeMethodAccessorImpl.invoke(NativeMethodAccessorImpl.java:62)
	at sun.reflect.DelegatingMethodAccessorImpl.invoke(DelegatingMethodAccessorImpl.java:43)
	at java.lang.reflect.Method.invoke(Method.java:498)
	at org.junit.runners.model.FrameworkMethod$1.runReflectiveCall(FrameworkMethod.java:59)
	at org.junit.internal.runners.model.ReflectiveCallable.run(ReflectiveCallable.java:12)
	at org.junit.runners.model.FrameworkMethod.invokeExplosively(FrameworkMethod.java:56)
	at org.junit.internal.runners.statements.InvokeMethod.evaluate(InvokeMethod.java:17)
	at org.junit.internal.runners.statements.RunAfters.evaluate(RunAfters.java:27)
	at org.junit.internal.runners.statements.FailOnTimeout$CallableStatement.call(FailOnTimeout.java:288)
	at org.junit.internal.runners.statements.FailOnTimeout$CallableStatement.call(FailOnTimeout.java:282)
	at java.util.concurrent.FutureTask.run(FutureTask.java:266)
	at java.lang.Thread.run(Thread.java:750)
2022-10-10 08:42:27,323 [Time-limited test] INFO  fs.TrashPolicyDefault (TrashPolicyDefault.java:moveToTrash(188)) - Moved: '/testKey2' to trash at: /.Trash/runner/Current/testKey2
08:42:29.325 [IPC Server handler 17 on default port 37485] ERROR OMAudit - user=runner | ip=127.0.0.1 | op=GET_FILE_STATUS {volume=volume23299, bucket=bucket63939, key=.Trash/runner/Current/testKey2, dataSize=0, replicationConfig=null} | ret=FAILURE
org.apache.hadoop.ozone.om.exceptions.OMException: Unable to get file status: volume: volume23299 bucket: bucket63939 key: .Trash/runner/Current/testKey2
	at org.apache.hadoop.ozone.om.KeyManagerImpl.getOzoneFileStatus(KeyManagerImpl.java:1270) ~[ozone-manager-1.3.0-SNAPSHOT.jar:?]
	at org.apache.hadoop.ozone.om.KeyManagerImpl.getFileStatus(KeyManagerImpl.java:1200) ~[ozone-manager-1.3.0-SNAPSHOT.jar:?]
	at org.apache.hadoop.ozone.om.OzoneManager.getFileStatus(OzoneManager.java:3507) ~[ozone-manager-1.3.0-SNAPSHOT.jar:?]
	at org.apache.hadoop.ozone.protocolPB.OzoneManagerRequestHandler.getOzoneFileStatus(OzoneManagerRequestHandler.java:882) ~[ozone-manager-1.3.0-SNAPSHOT.jar:?]
	at org.apache.hadoop.ozone.protocolPB.OzoneManagerRequestHandler.handleReadRequest(OzoneManagerRequestHandler.java:228) ~[ozone-manager-1.3.0-SNAPSHOT.jar:?]
	at org.apache.hadoop.ozone.protocolPB.OzoneManagerProtocolServerSideTranslatorPB.submitRequestDirectlyToOM(OzoneManagerProtocolServerSideTranslatorPB.java:276) ~[ozone-manager-1.3.0-SNAPSHOT.jar:?]
	at org.apache.hadoop.ozone.protocolPB.OzoneManagerProtocolServerSideTranslatorPB.processRequest(OzoneManagerProtocolServerSideTranslatorPB.java:205) ~[ozone-manager-1.3.0-SNAPSHOT.jar:?]
	at org.apache.hadoop.hdds.server.OzoneProtocolMessageDispatcher.processRequest(OzoneProtocolMessageDispatcher.java:87) [hdds-server-framework-1.3.0-SNAPSHOT.jar:?]
	at org.apache.hadoop.ozone.protocolPB.OzoneManagerProtocolServerSideTranslatorPB.submitRequest(OzoneManagerProtocolServerSideTranslatorPB.java:147) [ozone-manager-1.3.0-SNAPSHOT.jar:?]
	at org.apache.hadoop.ozone.protocol.proto.OzoneManagerProtocolProtos$OzoneManagerService$2.callBlockingMethod(OzoneManagerProtocolProtos.java) [ozone-interface-client-1.3.0-SNAPSHOT.jar:?]
	at org.apache.hadoop.ipc.ProtobufRpcEngine$Server.processCall(ProtobufRpcEngine.java:466) [hadoop-common-3.3.1.jar:?]
	at org.apache.hadoop.ipc.ProtobufRpcEngine2$Server$ProtoBufRpcInvoker.call(ProtobufRpcEngine2.java:574) [hadoop-common-3.3.1.jar:?]
	at org.apache.hadoop.ipc.ProtobufRpcEngine2$Server$ProtoBufRpcInvoker.call(ProtobufRpcEngine2.java:552) [hadoop-common-3.3.1.jar:?]
	at org.apache.hadoop.ipc.RPC$Server.call(RPC.java:1093) [hadoop-common-3.3.1.jar:?]
	at org.apache.hadoop.ipc.Server$RpcCall.run(Server.java:1035) [hadoop-common-3.3.1.jar:?]
	at org.apache.hadoop.ipc.Server$RpcCall.run(Server.java:963) [hadoop-common-3.3.1.jar:?]
	at java.security.AccessController.doPrivileged(Native Method) ~[?:1.8.0_345]
	at javax.security.auth.Subject.doAs(Subject.java:422) [?:1.8.0_345]
	at org.apache.hadoop.security.UserGroupInformation.doAs(UserGroupInformation.java:1878) [hadoop-common-3.3.1.jar:?]
	at org.apache.hadoop.ipc.Server$Handler.run(Server.java:2966) [hadoop-common-3.3.1.jar:?]
2022-10-10 08:42:29,326 [Time-limited test] WARN  ozone.BasicOzoneFileSystem (BasicOzoneFileSystem.java:getFileStatus(765)) - GetFileStatus failed for path /.Trash/runner/Current/testKey2
java.io.FileNotFoundException: .Trash/runner/Current/testKey2: No such file or directory!
	at org.apache.hadoop.fs.ozone.BasicOzoneClientAdapterImpl.getFileStatus(BasicOzoneClientAdapterImpl.java:369)
	at org.apache.hadoop.fs.ozone.BasicOzoneFileSystem.getFileStatus(BasicOzoneFileSystem.java:757)
	at org.apache.hadoop.fs.FileSystem.exists(FileSystem.java:1760)
	at org.apache.hadoop.fs.ozone.BasicOzoneFileSystem.exists(BasicOzoneFileSystem.java:804)
	at org.apache.hadoop.fs.ozone.TestOzoneFileSystem.lambda$testTrash$6(TestOzoneFileSystem.java:1592)
	at org.apache.ozone.test.GenericTestUtils.waitFor(GenericTestUtils.java:218)
	at org.apache.hadoop.fs.ozone.TestOzoneFileSystem.testTrash(TestOzoneFileSystem.java:1590)
	at sun.reflect.NativeMethodAccessorImpl.invoke0(Native Method)
	at sun.reflect.NativeMethodAccessorImpl.invoke(NativeMethodAccessorImpl.java:62)
	at sun.reflect.DelegatingMethodAccessorImpl.invoke(DelegatingMethodAccessorImpl.java:43)
	at java.lang.reflect.Method.invoke(Method.java:498)
	at org.junit.runners.model.FrameworkMethod$1.runReflectiveCall(FrameworkMethod.java:59)
	at org.junit.internal.runners.model.ReflectiveCallable.run(ReflectiveCallable.java:12)
	at org.junit.runners.model.FrameworkMethod.invokeExplosively(FrameworkMethod.java:56)
	at org.junit.internal.runners.statements.InvokeMethod.evaluate(InvokeMethod.java:17)
	at org.junit.internal.runners.statements.RunAfters.evaluate(RunAfters.java:27)
	at org.junit.internal.runners.statements.FailOnTimeout$CallableStatement.call(FailOnTimeout.java:288)
	at org.junit.internal.runners.statements.FailOnTimeout$CallableStatement.call(FailOnTimeout.java:282)
	at java.util.concurrent.FutureTask.run(FutureTask.java:266)
	at java.lang.Thread.run(Thread.java:750)
]]></system-out>
  </testcase>
  <testcase name="testRenameDestinationParentDoesntExist" classname="TestOzoneFileSystem" time="0.057">
    <system-out><![CDATA[08:37:02.056 [IPC Server handler 2 on default port 46487] ERROR OMAudit - user=runner | ip=127.0.0.1 | op=GET_FILE_STATUS {volume=volume16396, bucket=bucket39555, key=root_dir/b/c, dataSize=0, replicationConfig=null} | ret=FAILURE
org.apache.hadoop.ozone.om.exceptions.OMException: Unable to get file status: volume: volume16396 bucket: bucket39555 key: root_dir/b/c
	at org.apache.hadoop.ozone.om.KeyManagerImpl.getOzoneFileStatus(KeyManagerImpl.java:1270) ~[ozone-manager-1.3.0-SNAPSHOT.jar:?]
	at org.apache.hadoop.ozone.om.KeyManagerImpl.getFileStatus(KeyManagerImpl.java:1200) ~[ozone-manager-1.3.0-SNAPSHOT.jar:?]
	at org.apache.hadoop.ozone.om.OzoneManager.getFileStatus(OzoneManager.java:3507) ~[ozone-manager-1.3.0-SNAPSHOT.jar:?]
	at org.apache.hadoop.ozone.protocolPB.OzoneManagerRequestHandler.getOzoneFileStatus(OzoneManagerRequestHandler.java:882) ~[ozone-manager-1.3.0-SNAPSHOT.jar:?]
	at org.apache.hadoop.ozone.protocolPB.OzoneManagerRequestHandler.handleReadRequest(OzoneManagerRequestHandler.java:228) ~[ozone-manager-1.3.0-SNAPSHOT.jar:?]
	at org.apache.hadoop.ozone.protocolPB.OzoneManagerProtocolServerSideTranslatorPB.submitReadRequestToOM(OzoneManagerProtocolServerSideTranslatorPB.java:226) ~[ozone-manager-1.3.0-SNAPSHOT.jar:?]
	at org.apache.hadoop.ozone.protocolPB.OzoneManagerProtocolServerSideTranslatorPB.processRequest(OzoneManagerProtocolServerSideTranslatorPB.java:175) ~[ozone-manager-1.3.0-SNAPSHOT.jar:?]
	at org.apache.hadoop.hdds.server.OzoneProtocolMessageDispatcher.processRequest(OzoneProtocolMessageDispatcher.java:87) [hdds-server-framework-1.3.0-SNAPSHOT.jar:?]
	at org.apache.hadoop.ozone.protocolPB.OzoneManagerProtocolServerSideTranslatorPB.submitRequest(OzoneManagerProtocolServerSideTranslatorPB.java:147) [ozone-manager-1.3.0-SNAPSHOT.jar:?]
	at org.apache.hadoop.ozone.protocol.proto.OzoneManagerProtocolProtos$OzoneManagerService$2.callBlockingMethod(OzoneManagerProtocolProtos.java) [ozone-interface-client-1.3.0-SNAPSHOT.jar:?]
	at org.apache.hadoop.ipc.ProtobufRpcEngine$Server.processCall(ProtobufRpcEngine.java:466) [hadoop-common-3.3.1.jar:?]
	at org.apache.hadoop.ipc.ProtobufRpcEngine2$Server$ProtoBufRpcInvoker.call(ProtobufRpcEngine2.java:574) [hadoop-common-3.3.1.jar:?]
	at org.apache.hadoop.ipc.ProtobufRpcEngine2$Server$ProtoBufRpcInvoker.call(ProtobufRpcEngine2.java:552) [hadoop-common-3.3.1.jar:?]
	at org.apache.hadoop.ipc.RPC$Server.call(RPC.java:1093) [hadoop-common-3.3.1.jar:?]
	at org.apache.hadoop.ipc.Server$RpcCall.run(Server.java:1035) [hadoop-common-3.3.1.jar:?]
	at org.apache.hadoop.ipc.Server$RpcCall.run(Server.java:963) [hadoop-common-3.3.1.jar:?]
	at java.security.AccessController.doPrivileged(Native Method) ~[?:1.8.0_345]
	at javax.security.auth.Subject.doAs(Subject.java:422) [?:1.8.0_345]
	at org.apache.hadoop.security.UserGroupInformation.doAs(UserGroupInformation.java:1878) [hadoop-common-3.3.1.jar:?]
	at org.apache.hadoop.ipc.Server$Handler.run(Server.java:2966) [hadoop-common-3.3.1.jar:?]
2022-10-10 08:37:02,057 [Time-limited test] WARN  ozone.BasicOzoneFileSystem (BasicOzoneFileSystem.java:getFileStatus(765)) - GetFileStatus failed for path o3fs://bucket39555.volume16396/root_dir/b/c
java.io.FileNotFoundException: root_dir/b/c: No such file or directory!
	at org.apache.hadoop.fs.ozone.BasicOzoneClientAdapterImpl.getFileStatus(BasicOzoneClientAdapterImpl.java:369)
	at org.apache.hadoop.fs.ozone.BasicOzoneFileSystem.getFileStatus(BasicOzoneFileSystem.java:757)
	at org.apache.hadoop.fs.ozone.BasicOzoneFileSystem.rename(BasicOzoneFileSystem.java:357)
	at org.apache.hadoop.fs.ozone.TestOzoneFileSystem.testRenameDestinationParentDoesntExist(TestOzoneFileSystem.java:1291)
	at sun.reflect.NativeMethodAccessorImpl.invoke0(Native Method)
	at sun.reflect.NativeMethodAccessorImpl.invoke(NativeMethodAccessorImpl.java:62)
	at sun.reflect.DelegatingMethodAccessorImpl.invoke(DelegatingMethodAccessorImpl.java:43)
	at java.lang.reflect.Method.invoke(Method.java:498)
	at org.junit.runners.model.FrameworkMethod$1.runReflectiveCall(FrameworkMethod.java:59)
	at org.junit.internal.runners.model.ReflectiveCallable.run(ReflectiveCallable.java:12)
	at org.junit.runners.model.FrameworkMethod.invokeExplosively(FrameworkMethod.java:56)
	at org.junit.internal.runners.statements.InvokeMethod.evaluate(InvokeMethod.java:17)
	at org.junit.internal.runners.statements.RunAfters.evaluate(RunAfters.java:27)
	at org.junit.internal.runners.statements.FailOnTimeout$CallableStatement.call(FailOnTimeout.java:288)
	at org.junit.internal.runners.statements.FailOnTimeout$CallableStatement.call(FailOnTimeout.java:282)
	at java.util.concurrent.FutureTask.run(FutureTask.java:266)
	at java.lang.Thread.run(Thread.java:750)
08:37:02.060 [IPC Server handler 4 on default port 46487] ERROR OMAudit - user=runner | ip=127.0.0.1 | op=GET_FILE_STATUS {volume=volume16396, bucket=bucket39555, key=root_dir/b, dataSize=0, replicationConfig=null} | ret=FAILURE
org.apache.hadoop.ozone.om.exceptions.OMException: Unable to get file status: volume: volume16396 bucket: bucket39555 key: root_dir/b
	at org.apache.hadoop.ozone.om.KeyManagerImpl.getOzoneFileStatus(KeyManagerImpl.java:1270) ~[ozone-manager-1.3.0-SNAPSHOT.jar:?]
	at org.apache.hadoop.ozone.om.KeyManagerImpl.getFileStatus(KeyManagerImpl.java:1200) ~[ozone-manager-1.3.0-SNAPSHOT.jar:?]
	at org.apache.hadoop.ozone.om.OzoneManager.getFileStatus(OzoneManager.java:3507) ~[ozone-manager-1.3.0-SNAPSHOT.jar:?]
	at org.apache.hadoop.ozone.protocolPB.OzoneManagerRequestHandler.getOzoneFileStatus(OzoneManagerRequestHandler.java:882) ~[ozone-manager-1.3.0-SNAPSHOT.jar:?]
	at org.apache.hadoop.ozone.protocolPB.OzoneManagerRequestHandler.handleReadRequest(OzoneManagerRequestHandler.java:228) ~[ozone-manager-1.3.0-SNAPSHOT.jar:?]
	at org.apache.hadoop.ozone.protocolPB.OzoneManagerProtocolServerSideTranslatorPB.submitReadRequestToOM(OzoneManagerProtocolServerSideTranslatorPB.java:226) ~[ozone-manager-1.3.0-SNAPSHOT.jar:?]
	at org.apache.hadoop.ozone.protocolPB.OzoneManagerProtocolServerSideTranslatorPB.processRequest(OzoneManagerProtocolServerSideTranslatorPB.java:175) ~[ozone-manager-1.3.0-SNAPSHOT.jar:?]
	at org.apache.hadoop.hdds.server.OzoneProtocolMessageDispatcher.processRequest(OzoneProtocolMessageDispatcher.java:87) [hdds-server-framework-1.3.0-SNAPSHOT.jar:?]
	at org.apache.hadoop.ozone.protocolPB.OzoneManagerProtocolServerSideTranslatorPB.submitRequest(OzoneManagerProtocolServerSideTranslatorPB.java:147) [ozone-manager-1.3.0-SNAPSHOT.jar:?]
	at org.apache.hadoop.ozone.protocol.proto.OzoneManagerProtocolProtos$OzoneManagerService$2.callBlockingMethod(OzoneManagerProtocolProtos.java) [ozone-interface-client-1.3.0-SNAPSHOT.jar:?]
	at org.apache.hadoop.ipc.ProtobufRpcEngine$Server.processCall(ProtobufRpcEngine.java:466) [hadoop-common-3.3.1.jar:?]
	at org.apache.hadoop.ipc.ProtobufRpcEngine2$Server$ProtoBufRpcInvoker.call(ProtobufRpcEngine2.java:574) [hadoop-common-3.3.1.jar:?]
	at org.apache.hadoop.ipc.ProtobufRpcEngine2$Server$ProtoBufRpcInvoker.call(ProtobufRpcEngine2.java:552) [hadoop-common-3.3.1.jar:?]
	at org.apache.hadoop.ipc.RPC$Server.call(RPC.java:1093) [hadoop-common-3.3.1.jar:?]
	at org.apache.hadoop.ipc.Server$RpcCall.run(Server.java:1035) [hadoop-common-3.3.1.jar:?]
	at org.apache.hadoop.ipc.Server$RpcCall.run(Server.java:963) [hadoop-common-3.3.1.jar:?]
	at java.security.AccessController.doPrivileged(Native Method) ~[?:1.8.0_345]
	at javax.security.auth.Subject.doAs(Subject.java:422) [?:1.8.0_345]
	at org.apache.hadoop.security.UserGroupInformation.doAs(UserGroupInformation.java:1878) [hadoop-common-3.3.1.jar:?]
	at org.apache.hadoop.ipc.Server$Handler.run(Server.java:2966) [hadoop-common-3.3.1.jar:?]
2022-10-10 08:37:02,061 [Time-limited test] WARN  ozone.BasicOzoneFileSystem (BasicOzoneFileSystem.java:getFileStatus(765)) - GetFileStatus failed for path o3fs://bucket39555.volume16396/root_dir/b
java.io.FileNotFoundException: root_dir/b: No such file or directory!
	at org.apache.hadoop.fs.ozone.BasicOzoneClientAdapterImpl.getFileStatus(BasicOzoneClientAdapterImpl.java:369)
	at org.apache.hadoop.fs.ozone.BasicOzoneFileSystem.getFileStatus(BasicOzoneFileSystem.java:757)
	at org.apache.hadoop.fs.ozone.BasicOzoneFileSystem.rename(BasicOzoneFileSystem.java:365)
	at org.apache.hadoop.fs.ozone.TestOzoneFileSystem.testRenameDestinationParentDoesntExist(TestOzoneFileSystem.java:1291)
	at sun.reflect.NativeMethodAccessorImpl.invoke0(Native Method)
	at sun.reflect.NativeMethodAccessorImpl.invoke(NativeMethodAccessorImpl.java:62)
	at sun.reflect.DelegatingMethodAccessorImpl.invoke(DelegatingMethodAccessorImpl.java:43)
	at java.lang.reflect.Method.invoke(Method.java:498)
	at org.junit.runners.model.FrameworkMethod$1.runReflectiveCall(FrameworkMethod.java:59)
	at org.junit.internal.runners.model.ReflectiveCallable.run(ReflectiveCallable.java:12)
	at org.junit.runners.model.FrameworkMethod.invokeExplosively(FrameworkMethod.java:56)
	at org.junit.internal.runners.statements.InvokeMethod.evaluate(InvokeMethod.java:17)
	at org.junit.internal.runners.statements.RunAfters.evaluate(RunAfters.java:27)
	at org.junit.internal.runners.statements.FailOnTimeout$CallableStatement.call(FailOnTimeout.java:288)
	at org.junit.internal.runners.statements.FailOnTimeout$CallableStatement.call(FailOnTimeout.java:282)
	at java.util.concurrent.FutureTask.run(FutureTask.java:266)
	at java.lang.Thread.run(Thread.java:750)
08:37:02.085 [IPC Server handler 9 on default port 46487] ERROR OMAudit - user=runner | ip=127.0.0.1 | op=GET_FILE_STATUS {volume=volume16396, bucket=bucket39555, key=root_dir/file1/c, dataSize=0, replicationConfig=null} | ret=FAILURE
org.apache.hadoop.ozone.om.exceptions.OMException: Unable to get file status: volume: volume16396 bucket: bucket39555 key: root_dir/file1/c
	at org.apache.hadoop.ozone.om.KeyManagerImpl.getOzoneFileStatus(KeyManagerImpl.java:1270) ~[ozone-manager-1.3.0-SNAPSHOT.jar:?]
	at org.apache.hadoop.ozone.om.KeyManagerImpl.getFileStatus(KeyManagerImpl.java:1200) ~[ozone-manager-1.3.0-SNAPSHOT.jar:?]
	at org.apache.hadoop.ozone.om.OzoneManager.getFileStatus(OzoneManager.java:3507) ~[ozone-manager-1.3.0-SNAPSHOT.jar:?]
	at org.apache.hadoop.ozone.protocolPB.OzoneManagerRequestHandler.getOzoneFileStatus(OzoneManagerRequestHandler.java:882) ~[ozone-manager-1.3.0-SNAPSHOT.jar:?]
	at org.apache.hadoop.ozone.protocolPB.OzoneManagerRequestHandler.handleReadRequest(OzoneManagerRequestHandler.java:228) ~[ozone-manager-1.3.0-SNAPSHOT.jar:?]
	at org.apache.hadoop.ozone.protocolPB.OzoneManagerProtocolServerSideTranslatorPB.submitReadRequestToOM(OzoneManagerProtocolServerSideTranslatorPB.java:226) ~[ozone-manager-1.3.0-SNAPSHOT.jar:?]
	at org.apache.hadoop.ozone.protocolPB.OzoneManagerProtocolServerSideTranslatorPB.processRequest(OzoneManagerProtocolServerSideTranslatorPB.java:175) ~[ozone-manager-1.3.0-SNAPSHOT.jar:?]
	at org.apache.hadoop.hdds.server.OzoneProtocolMessageDispatcher.processRequest(OzoneProtocolMessageDispatcher.java:87) [hdds-server-framework-1.3.0-SNAPSHOT.jar:?]
	at org.apache.hadoop.ozone.protocolPB.OzoneManagerProtocolServerSideTranslatorPB.submitRequest(OzoneManagerProtocolServerSideTranslatorPB.java:147) [ozone-manager-1.3.0-SNAPSHOT.jar:?]
	at org.apache.hadoop.ozone.protocol.proto.OzoneManagerProtocolProtos$OzoneManagerService$2.callBlockingMethod(OzoneManagerProtocolProtos.java) [ozone-interface-client-1.3.0-SNAPSHOT.jar:?]
	at org.apache.hadoop.ipc.ProtobufRpcEngine$Server.processCall(ProtobufRpcEngine.java:466) [hadoop-common-3.3.1.jar:?]
	at org.apache.hadoop.ipc.ProtobufRpcEngine2$Server$ProtoBufRpcInvoker.call(ProtobufRpcEngine2.java:574) [hadoop-common-3.3.1.jar:?]
	at org.apache.hadoop.ipc.ProtobufRpcEngine2$Server$ProtoBufRpcInvoker.call(ProtobufRpcEngine2.java:552) [hadoop-common-3.3.1.jar:?]
	at org.apache.hadoop.ipc.RPC$Server.call(RPC.java:1093) [hadoop-common-3.3.1.jar:?]
	at org.apache.hadoop.ipc.Server$RpcCall.run(Server.java:1035) [hadoop-common-3.3.1.jar:?]
	at org.apache.hadoop.ipc.Server$RpcCall.run(Server.java:963) [hadoop-common-3.3.1.jar:?]
	at java.security.AccessController.doPrivileged(Native Method) ~[?:1.8.0_345]
	at javax.security.auth.Subject.doAs(Subject.java:422) [?:1.8.0_345]
	at org.apache.hadoop.security.UserGroupInformation.doAs(UserGroupInformation.java:1878) [hadoop-common-3.3.1.jar:?]
	at org.apache.hadoop.ipc.Server$Handler.run(Server.java:2966) [hadoop-common-3.3.1.jar:?]
2022-10-10 08:37:02,085 [Time-limited test] WARN  ozone.BasicOzoneFileSystem (BasicOzoneFileSystem.java:getFileStatus(765)) - GetFileStatus failed for path o3fs://bucket39555.volume16396/root_dir/file1/c
java.io.FileNotFoundException: root_dir/file1/c: No such file or directory!
	at org.apache.hadoop.fs.ozone.BasicOzoneClientAdapterImpl.getFileStatus(BasicOzoneClientAdapterImpl.java:369)
	at org.apache.hadoop.fs.ozone.BasicOzoneFileSystem.getFileStatus(BasicOzoneFileSystem.java:757)
	at org.apache.hadoop.fs.ozone.BasicOzoneFileSystem.rename(BasicOzoneFileSystem.java:357)
	at org.apache.hadoop.fs.ozone.TestOzoneFileSystem.testRenameDestinationParentDoesntExist(TestOzoneFileSystem.java:1303)
	at sun.reflect.NativeMethodAccessorImpl.invoke0(Native Method)
	at sun.reflect.NativeMethodAccessorImpl.invoke(NativeMethodAccessorImpl.java:62)
	at sun.reflect.DelegatingMethodAccessorImpl.invoke(DelegatingMethodAccessorImpl.java:43)
	at java.lang.reflect.Method.invoke(Method.java:498)
	at org.junit.runners.model.FrameworkMethod$1.runReflectiveCall(FrameworkMethod.java:59)
	at org.junit.internal.runners.model.ReflectiveCallable.run(ReflectiveCallable.java:12)
	at org.junit.runners.model.FrameworkMethod.invokeExplosively(FrameworkMethod.java:56)
	at org.junit.internal.runners.statements.InvokeMethod.evaluate(InvokeMethod.java:17)
	at org.junit.internal.runners.statements.RunAfters.evaluate(RunAfters.java:27)
	at org.junit.internal.runners.statements.FailOnTimeout$CallableStatement.call(FailOnTimeout.java:288)
	at org.junit.internal.runners.statements.FailOnTimeout$CallableStatement.call(FailOnTimeout.java:282)
	at java.util.concurrent.FutureTask.run(FutureTask.java:266)
	at java.lang.Thread.run(Thread.java:750)
]]></system-out>
  </testcase>
  <testcase name="testRenameDestinationParentDoesntExist" classname="TestOzoneFileSystem" time="0.064">
    <system-out><![CDATA[08:38:45.455 [IPC Server handler 0 on default port 43231] ERROR OMAudit - user=runner | ip=127.0.0.1 | op=GET_FILE_STATUS {volume=volume27327, bucket=bucket40120, key=root_dir/b/c, dataSize=0, replicationConfig=null} | ret=FAILURE
org.apache.hadoop.ozone.om.exceptions.OMException: Unable to get file status: volume: volume27327 bucket: bucket40120 key: root_dir/b/c
	at org.apache.hadoop.ozone.om.KeyManagerImpl.getOzoneFileStatus(KeyManagerImpl.java:1270) ~[ozone-manager-1.3.0-SNAPSHOT.jar:?]
	at org.apache.hadoop.ozone.om.KeyManagerImpl.getFileStatus(KeyManagerImpl.java:1200) ~[ozone-manager-1.3.0-SNAPSHOT.jar:?]
	at org.apache.hadoop.ozone.om.OzoneManager.getFileStatus(OzoneManager.java:3507) ~[ozone-manager-1.3.0-SNAPSHOT.jar:?]
	at org.apache.hadoop.ozone.protocolPB.OzoneManagerRequestHandler.getOzoneFileStatus(OzoneManagerRequestHandler.java:882) ~[ozone-manager-1.3.0-SNAPSHOT.jar:?]
	at org.apache.hadoop.ozone.protocolPB.OzoneManagerRequestHandler.handleReadRequest(OzoneManagerRequestHandler.java:228) ~[ozone-manager-1.3.0-SNAPSHOT.jar:?]
	at org.apache.hadoop.ozone.protocolPB.OzoneManagerProtocolServerSideTranslatorPB.submitRequestDirectlyToOM(OzoneManagerProtocolServerSideTranslatorPB.java:276) ~[ozone-manager-1.3.0-SNAPSHOT.jar:?]
	at org.apache.hadoop.ozone.protocolPB.OzoneManagerProtocolServerSideTranslatorPB.processRequest(OzoneManagerProtocolServerSideTranslatorPB.java:205) ~[ozone-manager-1.3.0-SNAPSHOT.jar:?]
	at org.apache.hadoop.hdds.server.OzoneProtocolMessageDispatcher.processRequest(OzoneProtocolMessageDispatcher.java:87) [hdds-server-framework-1.3.0-SNAPSHOT.jar:?]
	at org.apache.hadoop.ozone.protocolPB.OzoneManagerProtocolServerSideTranslatorPB.submitRequest(OzoneManagerProtocolServerSideTranslatorPB.java:147) [ozone-manager-1.3.0-SNAPSHOT.jar:?]
	at org.apache.hadoop.ozone.protocol.proto.OzoneManagerProtocolProtos$OzoneManagerService$2.callBlockingMethod(OzoneManagerProtocolProtos.java) [ozone-interface-client-1.3.0-SNAPSHOT.jar:?]
	at org.apache.hadoop.ipc.ProtobufRpcEngine$Server.processCall(ProtobufRpcEngine.java:466) [hadoop-common-3.3.1.jar:?]
	at org.apache.hadoop.ipc.ProtobufRpcEngine2$Server$ProtoBufRpcInvoker.call(ProtobufRpcEngine2.java:574) [hadoop-common-3.3.1.jar:?]
	at org.apache.hadoop.ipc.ProtobufRpcEngine2$Server$ProtoBufRpcInvoker.call(ProtobufRpcEngine2.java:552) [hadoop-common-3.3.1.jar:?]
	at org.apache.hadoop.ipc.RPC$Server.call(RPC.java:1093) [hadoop-common-3.3.1.jar:?]
	at org.apache.hadoop.ipc.Server$RpcCall.run(Server.java:1035) [hadoop-common-3.3.1.jar:?]
	at org.apache.hadoop.ipc.Server$RpcCall.run(Server.java:963) [hadoop-common-3.3.1.jar:?]
	at java.security.AccessController.doPrivileged(Native Method) ~[?:1.8.0_345]
	at javax.security.auth.Subject.doAs(Subject.java:422) [?:1.8.0_345]
	at org.apache.hadoop.security.UserGroupInformation.doAs(UserGroupInformation.java:1878) [hadoop-common-3.3.1.jar:?]
	at org.apache.hadoop.ipc.Server$Handler.run(Server.java:2966) [hadoop-common-3.3.1.jar:?]
2022-10-10 08:38:45,456 [Time-limited test] WARN  ozone.BasicOzoneFileSystem (BasicOzoneFileSystem.java:getFileStatus(765)) - GetFileStatus failed for path o3fs://bucket40120.volume27327/root_dir/b/c
java.io.FileNotFoundException: root_dir/b/c: No such file or directory!
	at org.apache.hadoop.fs.ozone.BasicOzoneClientAdapterImpl.getFileStatus(BasicOzoneClientAdapterImpl.java:369)
	at org.apache.hadoop.fs.ozone.BasicOzoneFileSystem.getFileStatus(BasicOzoneFileSystem.java:757)
	at org.apache.hadoop.fs.ozone.BasicOzoneFileSystem.rename(BasicOzoneFileSystem.java:357)
	at org.apache.hadoop.fs.ozone.TestOzoneFileSystem.testRenameDestinationParentDoesntExist(TestOzoneFileSystem.java:1291)
	at sun.reflect.NativeMethodAccessorImpl.invoke0(Native Method)
	at sun.reflect.NativeMethodAccessorImpl.invoke(NativeMethodAccessorImpl.java:62)
	at sun.reflect.DelegatingMethodAccessorImpl.invoke(DelegatingMethodAccessorImpl.java:43)
	at java.lang.reflect.Method.invoke(Method.java:498)
	at org.junit.runners.model.FrameworkMethod$1.runReflectiveCall(FrameworkMethod.java:59)
	at org.junit.internal.runners.model.ReflectiveCallable.run(ReflectiveCallable.java:12)
	at org.junit.runners.model.FrameworkMethod.invokeExplosively(FrameworkMethod.java:56)
	at org.junit.internal.runners.statements.InvokeMethod.evaluate(InvokeMethod.java:17)
	at org.junit.internal.runners.statements.RunAfters.evaluate(RunAfters.java:27)
	at org.junit.internal.runners.statements.FailOnTimeout$CallableStatement.call(FailOnTimeout.java:288)
	at org.junit.internal.runners.statements.FailOnTimeout$CallableStatement.call(FailOnTimeout.java:282)
	at java.util.concurrent.FutureTask.run(FutureTask.java:266)
	at java.lang.Thread.run(Thread.java:750)
08:38:45.464 [IPC Server handler 1 on default port 43231] ERROR OMAudit - user=runner | ip=127.0.0.1 | op=GET_FILE_STATUS {volume=volume27327, bucket=bucket40120, key=root_dir/b, dataSize=0, replicationConfig=null} | ret=FAILURE
org.apache.hadoop.ozone.om.exceptions.OMException: Unable to get file status: volume: volume27327 bucket: bucket40120 key: root_dir/b
	at org.apache.hadoop.ozone.om.KeyManagerImpl.getOzoneFileStatus(KeyManagerImpl.java:1270) ~[ozone-manager-1.3.0-SNAPSHOT.jar:?]
	at org.apache.hadoop.ozone.om.KeyManagerImpl.getFileStatus(KeyManagerImpl.java:1200) ~[ozone-manager-1.3.0-SNAPSHOT.jar:?]
	at org.apache.hadoop.ozone.om.OzoneManager.getFileStatus(OzoneManager.java:3507) ~[ozone-manager-1.3.0-SNAPSHOT.jar:?]
	at org.apache.hadoop.ozone.protocolPB.OzoneManagerRequestHandler.getOzoneFileStatus(OzoneManagerRequestHandler.java:882) ~[ozone-manager-1.3.0-SNAPSHOT.jar:?]
	at org.apache.hadoop.ozone.protocolPB.OzoneManagerRequestHandler.handleReadRequest(OzoneManagerRequestHandler.java:228) ~[ozone-manager-1.3.0-SNAPSHOT.jar:?]
	at org.apache.hadoop.ozone.protocolPB.OzoneManagerProtocolServerSideTranslatorPB.submitRequestDirectlyToOM(OzoneManagerProtocolServerSideTranslatorPB.java:276) ~[ozone-manager-1.3.0-SNAPSHOT.jar:?]
	at org.apache.hadoop.ozone.protocolPB.OzoneManagerProtocolServerSideTranslatorPB.processRequest(OzoneManagerProtocolServerSideTranslatorPB.java:205) ~[ozone-manager-1.3.0-SNAPSHOT.jar:?]
	at org.apache.hadoop.hdds.server.OzoneProtocolMessageDispatcher.processRequest(OzoneProtocolMessageDispatcher.java:87) [hdds-server-framework-1.3.0-SNAPSHOT.jar:?]
	at org.apache.hadoop.ozone.protocolPB.OzoneManagerProtocolServerSideTranslatorPB.submitRequest(OzoneManagerProtocolServerSideTranslatorPB.java:147) [ozone-manager-1.3.0-SNAPSHOT.jar:?]
	at org.apache.hadoop.ozone.protocol.proto.OzoneManagerProtocolProtos$OzoneManagerService$2.callBlockingMethod(OzoneManagerProtocolProtos.java) [ozone-interface-client-1.3.0-SNAPSHOT.jar:?]
	at org.apache.hadoop.ipc.ProtobufRpcEngine$Server.processCall(ProtobufRpcEngine.java:466) [hadoop-common-3.3.1.jar:?]
	at org.apache.hadoop.ipc.ProtobufRpcEngine2$Server$ProtoBufRpcInvoker.call(ProtobufRpcEngine2.java:574) [hadoop-common-3.3.1.jar:?]
	at org.apache.hadoop.ipc.ProtobufRpcEngine2$Server$ProtoBufRpcInvoker.call(ProtobufRpcEngine2.java:552) [hadoop-common-3.3.1.jar:?]
	at org.apache.hadoop.ipc.RPC$Server.call(RPC.java:1093) [hadoop-common-3.3.1.jar:?]
	at org.apache.hadoop.ipc.Server$RpcCall.run(Server.java:1035) [hadoop-common-3.3.1.jar:?]
	at org.apache.hadoop.ipc.Server$RpcCall.run(Server.java:963) [hadoop-common-3.3.1.jar:?]
	at java.security.AccessController.doPrivileged(Native Method) ~[?:1.8.0_345]
	at javax.security.auth.Subject.doAs(Subject.java:422) [?:1.8.0_345]
	at org.apache.hadoop.security.UserGroupInformation.doAs(UserGroupInformation.java:1878) [hadoop-common-3.3.1.jar:?]
	at org.apache.hadoop.ipc.Server$Handler.run(Server.java:2966) [hadoop-common-3.3.1.jar:?]
2022-10-10 08:38:45,472 [Time-limited test] WARN  ozone.BasicOzoneFileSystem (BasicOzoneFileSystem.java:getFileStatus(765)) - GetFileStatus failed for path o3fs://bucket40120.volume27327/root_dir/b
java.io.FileNotFoundException: root_dir/b: No such file or directory!
	at org.apache.hadoop.fs.ozone.BasicOzoneClientAdapterImpl.getFileStatus(BasicOzoneClientAdapterImpl.java:369)
	at org.apache.hadoop.fs.ozone.BasicOzoneFileSystem.getFileStatus(BasicOzoneFileSystem.java:757)
	at org.apache.hadoop.fs.ozone.BasicOzoneFileSystem.rename(BasicOzoneFileSystem.java:365)
	at org.apache.hadoop.fs.ozone.TestOzoneFileSystem.testRenameDestinationParentDoesntExist(TestOzoneFileSystem.java:1291)
	at sun.reflect.NativeMethodAccessorImpl.invoke0(Native Method)
	at sun.reflect.NativeMethodAccessorImpl.invoke(NativeMethodAccessorImpl.java:62)
	at sun.reflect.DelegatingMethodAccessorImpl.invoke(DelegatingMethodAccessorImpl.java:43)
	at java.lang.reflect.Method.invoke(Method.java:498)
	at org.junit.runners.model.FrameworkMethod$1.runReflectiveCall(FrameworkMethod.java:59)
	at org.junit.internal.runners.model.ReflectiveCallable.run(ReflectiveCallable.java:12)
	at org.junit.runners.model.FrameworkMethod.invokeExplosively(FrameworkMethod.java:56)
	at org.junit.internal.runners.statements.InvokeMethod.evaluate(InvokeMethod.java:17)
	at org.junit.internal.runners.statements.RunAfters.evaluate(RunAfters.java:27)
	at org.junit.internal.runners.statements.FailOnTimeout$CallableStatement.call(FailOnTimeout.java:288)
	at org.junit.internal.runners.statements.FailOnTimeout$CallableStatement.call(FailOnTimeout.java:282)
	at java.util.concurrent.FutureTask.run(FutureTask.java:266)
	at java.lang.Thread.run(Thread.java:750)
08:38:45.484 [IPC Server handler 6 on default port 43231] ERROR OMAudit - user=runner | ip=127.0.0.1 | op=GET_FILE_STATUS {volume=volume27327, bucket=bucket40120, key=root_dir/file1/c, dataSize=0, replicationConfig=null} | ret=FAILURE
org.apache.hadoop.ozone.om.exceptions.OMException: Unable to get file status: volume: volume27327 bucket: bucket40120 key: root_dir/file1/c
	at org.apache.hadoop.ozone.om.KeyManagerImpl.getOzoneFileStatus(KeyManagerImpl.java:1270) ~[ozone-manager-1.3.0-SNAPSHOT.jar:?]
	at org.apache.hadoop.ozone.om.KeyManagerImpl.getFileStatus(KeyManagerImpl.java:1200) ~[ozone-manager-1.3.0-SNAPSHOT.jar:?]
	at org.apache.hadoop.ozone.om.OzoneManager.getFileStatus(OzoneManager.java:3507) ~[ozone-manager-1.3.0-SNAPSHOT.jar:?]
	at org.apache.hadoop.ozone.protocolPB.OzoneManagerRequestHandler.getOzoneFileStatus(OzoneManagerRequestHandler.java:882) ~[ozone-manager-1.3.0-SNAPSHOT.jar:?]
	at org.apache.hadoop.ozone.protocolPB.OzoneManagerRequestHandler.handleReadRequest(OzoneManagerRequestHandler.java:228) ~[ozone-manager-1.3.0-SNAPSHOT.jar:?]
	at org.apache.hadoop.ozone.protocolPB.OzoneManagerProtocolServerSideTranslatorPB.submitRequestDirectlyToOM(OzoneManagerProtocolServerSideTranslatorPB.java:276) ~[ozone-manager-1.3.0-SNAPSHOT.jar:?]
	at org.apache.hadoop.ozone.protocolPB.OzoneManagerProtocolServerSideTranslatorPB.processRequest(OzoneManagerProtocolServerSideTranslatorPB.java:205) ~[ozone-manager-1.3.0-SNAPSHOT.jar:?]
	at org.apache.hadoop.hdds.server.OzoneProtocolMessageDispatcher.processRequest(OzoneProtocolMessageDispatcher.java:87) [hdds-server-framework-1.3.0-SNAPSHOT.jar:?]
	at org.apache.hadoop.ozone.protocolPB.OzoneManagerProtocolServerSideTranslatorPB.submitRequest(OzoneManagerProtocolServerSideTranslatorPB.java:147) [ozone-manager-1.3.0-SNAPSHOT.jar:?]
	at org.apache.hadoop.ozone.protocol.proto.OzoneManagerProtocolProtos$OzoneManagerService$2.callBlockingMethod(OzoneManagerProtocolProtos.java) [ozone-interface-client-1.3.0-SNAPSHOT.jar:?]
	at org.apache.hadoop.ipc.ProtobufRpcEngine$Server.processCall(ProtobufRpcEngine.java:466) [hadoop-common-3.3.1.jar:?]
	at org.apache.hadoop.ipc.ProtobufRpcEngine2$Server$ProtoBufRpcInvoker.call(ProtobufRpcEngine2.java:574) [hadoop-common-3.3.1.jar:?]
	at org.apache.hadoop.ipc.ProtobufRpcEngine2$Server$ProtoBufRpcInvoker.call(ProtobufRpcEngine2.java:552) [hadoop-common-3.3.1.jar:?]
	at org.apache.hadoop.ipc.RPC$Server.call(RPC.java:1093) [hadoop-common-3.3.1.jar:?]
	at org.apache.hadoop.ipc.Server$RpcCall.run(Server.java:1035) [hadoop-common-3.3.1.jar:?]
	at org.apache.hadoop.ipc.Server$RpcCall.run(Server.java:963) [hadoop-common-3.3.1.jar:?]
	at java.security.AccessController.doPrivileged(Native Method) ~[?:1.8.0_345]
	at javax.security.auth.Subject.doAs(Subject.java:422) [?:1.8.0_345]
	at org.apache.hadoop.security.UserGroupInformation.doAs(UserGroupInformation.java:1878) [hadoop-common-3.3.1.jar:?]
	at org.apache.hadoop.ipc.Server$Handler.run(Server.java:2966) [hadoop-common-3.3.1.jar:?]
2022-10-10 08:38:45,486 [Time-limited test] WARN  ozone.BasicOzoneFileSystem (BasicOzoneFileSystem.java:getFileStatus(765)) - GetFileStatus failed for path o3fs://bucket40120.volume27327/root_dir/file1/c
java.io.FileNotFoundException: root_dir/file1/c: No such file or directory!
	at org.apache.hadoop.fs.ozone.BasicOzoneClientAdapterImpl.getFileStatus(BasicOzoneClientAdapterImpl.java:369)
	at org.apache.hadoop.fs.ozone.BasicOzoneFileSystem.getFileStatus(BasicOzoneFileSystem.java:757)
	at org.apache.hadoop.fs.ozone.BasicOzoneFileSystem.rename(BasicOzoneFileSystem.java:357)
	at org.apache.hadoop.fs.ozone.TestOzoneFileSystem.testRenameDestinationParentDoesntExist(TestOzoneFileSystem.java:1303)
	at sun.reflect.NativeMethodAccessorImpl.invoke0(Native Method)
	at sun.reflect.NativeMethodAccessorImpl.invoke(NativeMethodAccessorImpl.java:62)
	at sun.reflect.DelegatingMethodAccessorImpl.invoke(DelegatingMethodAccessorImpl.java:43)
	at java.lang.reflect.Method.invoke(Method.java:498)
	at org.junit.runners.model.FrameworkMethod$1.runReflectiveCall(FrameworkMethod.java:59)
	at org.junit.internal.runners.model.ReflectiveCallable.run(ReflectiveCallable.java:12)
	at org.junit.runners.model.FrameworkMethod.invokeExplosively(FrameworkMethod.java:56)
	at org.junit.internal.runners.statements.InvokeMethod.evaluate(InvokeMethod.java:17)
	at org.junit.internal.runners.statements.RunAfters.evaluate(RunAfters.java:27)
	at org.junit.internal.runners.statements.FailOnTimeout$CallableStatement.call(FailOnTimeout.java:288)
	at org.junit.internal.runners.statements.FailOnTimeout$CallableStatement.call(FailOnTimeout.java:282)
	at java.util.concurrent.FutureTask.run(FutureTask.java:266)
	at java.lang.Thread.run(Thread.java:750)
]]></system-out>
  </testcase>
  <testcase name="testRenameDestinationParentDoesntExist" classname="TestOzoneFileSystem" time="0.048">
    <system-out><![CDATA[08:40:27.058 [IPC Server handler 15 on default port 41701] ERROR OMAudit - user=runner | ip=127.0.0.1 | op=GET_FILE_STATUS {volume=volume83680, bucket=bucket94599, key=root_dir/b/c, dataSize=0, replicationConfig=null} | ret=FAILURE
org.apache.hadoop.ozone.om.exceptions.OMException: Unable to get file status: volume: volume83680 bucket: bucket94599 key: root_dir/b/c
	at org.apache.hadoop.ozone.om.KeyManagerImpl.getOzoneFileStatus(KeyManagerImpl.java:1270) ~[ozone-manager-1.3.0-SNAPSHOT.jar:?]
	at org.apache.hadoop.ozone.om.KeyManagerImpl.getFileStatus(KeyManagerImpl.java:1200) ~[ozone-manager-1.3.0-SNAPSHOT.jar:?]
	at org.apache.hadoop.ozone.om.OzoneManager.getFileStatus(OzoneManager.java:3507) ~[ozone-manager-1.3.0-SNAPSHOT.jar:?]
	at org.apache.hadoop.ozone.protocolPB.OzoneManagerRequestHandler.getOzoneFileStatus(OzoneManagerRequestHandler.java:882) ~[ozone-manager-1.3.0-SNAPSHOT.jar:?]
	at org.apache.hadoop.ozone.protocolPB.OzoneManagerRequestHandler.handleReadRequest(OzoneManagerRequestHandler.java:228) ~[ozone-manager-1.3.0-SNAPSHOT.jar:?]
	at org.apache.hadoop.ozone.protocolPB.OzoneManagerProtocolServerSideTranslatorPB.submitReadRequestToOM(OzoneManagerProtocolServerSideTranslatorPB.java:226) ~[ozone-manager-1.3.0-SNAPSHOT.jar:?]
	at org.apache.hadoop.ozone.protocolPB.OzoneManagerProtocolServerSideTranslatorPB.processRequest(OzoneManagerProtocolServerSideTranslatorPB.java:175) ~[ozone-manager-1.3.0-SNAPSHOT.jar:?]
	at org.apache.hadoop.hdds.server.OzoneProtocolMessageDispatcher.processRequest(OzoneProtocolMessageDispatcher.java:87) [hdds-server-framework-1.3.0-SNAPSHOT.jar:?]
	at org.apache.hadoop.ozone.protocolPB.OzoneManagerProtocolServerSideTranslatorPB.submitRequest(OzoneManagerProtocolServerSideTranslatorPB.java:147) [ozone-manager-1.3.0-SNAPSHOT.jar:?]
	at org.apache.hadoop.ozone.protocol.proto.OzoneManagerProtocolProtos$OzoneManagerService$2.callBlockingMethod(OzoneManagerProtocolProtos.java) [ozone-interface-client-1.3.0-SNAPSHOT.jar:?]
	at org.apache.hadoop.ipc.ProtobufRpcEngine$Server.processCall(ProtobufRpcEngine.java:466) [hadoop-common-3.3.1.jar:?]
	at org.apache.hadoop.ipc.ProtobufRpcEngine2$Server$ProtoBufRpcInvoker.call(ProtobufRpcEngine2.java:574) [hadoop-common-3.3.1.jar:?]
	at org.apache.hadoop.ipc.ProtobufRpcEngine2$Server$ProtoBufRpcInvoker.call(ProtobufRpcEngine2.java:552) [hadoop-common-3.3.1.jar:?]
	at org.apache.hadoop.ipc.RPC$Server.call(RPC.java:1093) [hadoop-common-3.3.1.jar:?]
	at org.apache.hadoop.ipc.Server$RpcCall.run(Server.java:1035) [hadoop-common-3.3.1.jar:?]
	at org.apache.hadoop.ipc.Server$RpcCall.run(Server.java:963) [hadoop-common-3.3.1.jar:?]
	at java.security.AccessController.doPrivileged(Native Method) ~[?:1.8.0_345]
	at javax.security.auth.Subject.doAs(Subject.java:422) [?:1.8.0_345]
	at org.apache.hadoop.security.UserGroupInformation.doAs(UserGroupInformation.java:1878) [hadoop-common-3.3.1.jar:?]
	at org.apache.hadoop.ipc.Server$Handler.run(Server.java:2966) [hadoop-common-3.3.1.jar:?]
2022-10-10 08:40:27,058 [Time-limited test] WARN  ozone.BasicOzoneFileSystem (BasicOzoneFileSystem.java:getFileStatus(765)) - GetFileStatus failed for path o3fs://bucket94599.volume83680/root_dir/b/c
java.io.FileNotFoundException: root_dir/b/c: No such file or directory!
	at org.apache.hadoop.fs.ozone.BasicOzoneClientAdapterImpl.getFileStatus(BasicOzoneClientAdapterImpl.java:369)
	at org.apache.hadoop.fs.ozone.BasicOzoneFileSystem.getFileStatus(BasicOzoneFileSystem.java:757)
	at org.apache.hadoop.fs.ozone.BasicOzoneFileSystem.rename(BasicOzoneFileSystem.java:357)
	at org.apache.hadoop.fs.ozone.TestOzoneFileSystem.testRenameDestinationParentDoesntExist(TestOzoneFileSystem.java:1291)
	at sun.reflect.NativeMethodAccessorImpl.invoke0(Native Method)
	at sun.reflect.NativeMethodAccessorImpl.invoke(NativeMethodAccessorImpl.java:62)
	at sun.reflect.DelegatingMethodAccessorImpl.invoke(DelegatingMethodAccessorImpl.java:43)
	at java.lang.reflect.Method.invoke(Method.java:498)
	at org.junit.runners.model.FrameworkMethod$1.runReflectiveCall(FrameworkMethod.java:59)
	at org.junit.internal.runners.model.ReflectiveCallable.run(ReflectiveCallable.java:12)
	at org.junit.runners.model.FrameworkMethod.invokeExplosively(FrameworkMethod.java:56)
	at org.junit.internal.runners.statements.InvokeMethod.evaluate(InvokeMethod.java:17)
	at org.junit.internal.runners.statements.RunAfters.evaluate(RunAfters.java:27)
	at org.junit.internal.runners.statements.FailOnTimeout$CallableStatement.call(FailOnTimeout.java:288)
	at org.junit.internal.runners.statements.FailOnTimeout$CallableStatement.call(FailOnTimeout.java:282)
	at java.util.concurrent.FutureTask.run(FutureTask.java:266)
	at java.lang.Thread.run(Thread.java:750)
08:40:27.059 [IPC Server handler 16 on default port 41701] ERROR OMAudit - user=runner | ip=127.0.0.1 | op=GET_FILE_STATUS {volume=volume83680, bucket=bucket94599, key=root_dir/b, dataSize=0, replicationConfig=null} | ret=FAILURE
org.apache.hadoop.ozone.om.exceptions.OMException: Unable to get file status: volume: volume83680 bucket: bucket94599 key: root_dir/b
	at org.apache.hadoop.ozone.om.KeyManagerImpl.getOzoneFileStatus(KeyManagerImpl.java:1270) ~[ozone-manager-1.3.0-SNAPSHOT.jar:?]
	at org.apache.hadoop.ozone.om.KeyManagerImpl.getFileStatus(KeyManagerImpl.java:1200) ~[ozone-manager-1.3.0-SNAPSHOT.jar:?]
	at org.apache.hadoop.ozone.om.OzoneManager.getFileStatus(OzoneManager.java:3507) ~[ozone-manager-1.3.0-SNAPSHOT.jar:?]
	at org.apache.hadoop.ozone.protocolPB.OzoneManagerRequestHandler.getOzoneFileStatus(OzoneManagerRequestHandler.java:882) ~[ozone-manager-1.3.0-SNAPSHOT.jar:?]
	at org.apache.hadoop.ozone.protocolPB.OzoneManagerRequestHandler.handleReadRequest(OzoneManagerRequestHandler.java:228) ~[ozone-manager-1.3.0-SNAPSHOT.jar:?]
	at org.apache.hadoop.ozone.protocolPB.OzoneManagerProtocolServerSideTranslatorPB.submitReadRequestToOM(OzoneManagerProtocolServerSideTranslatorPB.java:226) ~[ozone-manager-1.3.0-SNAPSHOT.jar:?]
	at org.apache.hadoop.ozone.protocolPB.OzoneManagerProtocolServerSideTranslatorPB.processRequest(OzoneManagerProtocolServerSideTranslatorPB.java:175) ~[ozone-manager-1.3.0-SNAPSHOT.jar:?]
	at org.apache.hadoop.hdds.server.OzoneProtocolMessageDispatcher.processRequest(OzoneProtocolMessageDispatcher.java:87) [hdds-server-framework-1.3.0-SNAPSHOT.jar:?]
	at org.apache.hadoop.ozone.protocolPB.OzoneManagerProtocolServerSideTranslatorPB.submitRequest(OzoneManagerProtocolServerSideTranslatorPB.java:147) [ozone-manager-1.3.0-SNAPSHOT.jar:?]
	at org.apache.hadoop.ozone.protocol.proto.OzoneManagerProtocolProtos$OzoneManagerService$2.callBlockingMethod(OzoneManagerProtocolProtos.java) [ozone-interface-client-1.3.0-SNAPSHOT.jar:?]
	at org.apache.hadoop.ipc.ProtobufRpcEngine$Server.processCall(ProtobufRpcEngine.java:466) [hadoop-common-3.3.1.jar:?]
	at org.apache.hadoop.ipc.ProtobufRpcEngine2$Server$ProtoBufRpcInvoker.call(ProtobufRpcEngine2.java:574) [hadoop-common-3.3.1.jar:?]
	at org.apache.hadoop.ipc.ProtobufRpcEngine2$Server$ProtoBufRpcInvoker.call(ProtobufRpcEngine2.java:552) [hadoop-common-3.3.1.jar:?]
	at org.apache.hadoop.ipc.RPC$Server.call(RPC.java:1093) [hadoop-common-3.3.1.jar:?]
	at org.apache.hadoop.ipc.Server$RpcCall.run(Server.java:1035) [hadoop-common-3.3.1.jar:?]
	at org.apache.hadoop.ipc.Server$RpcCall.run(Server.java:963) [hadoop-common-3.3.1.jar:?]
	at java.security.AccessController.doPrivileged(Native Method) ~[?:1.8.0_345]
	at javax.security.auth.Subject.doAs(Subject.java:422) [?:1.8.0_345]
	at org.apache.hadoop.security.UserGroupInformation.doAs(UserGroupInformation.java:1878) [hadoop-common-3.3.1.jar:?]
	at org.apache.hadoop.ipc.Server$Handler.run(Server.java:2966) [hadoop-common-3.3.1.jar:?]
2022-10-10 08:40:27,059 [Time-limited test] WARN  ozone.BasicOzoneFileSystem (BasicOzoneFileSystem.java:getFileStatus(765)) - GetFileStatus failed for path o3fs://bucket94599.volume83680/root_dir/b
java.io.FileNotFoundException: root_dir/b: No such file or directory!
	at org.apache.hadoop.fs.ozone.BasicOzoneClientAdapterImpl.getFileStatus(BasicOzoneClientAdapterImpl.java:369)
	at org.apache.hadoop.fs.ozone.BasicOzoneFileSystem.getFileStatus(BasicOzoneFileSystem.java:757)
	at org.apache.hadoop.fs.ozone.BasicOzoneFileSystem.rename(BasicOzoneFileSystem.java:365)
	at org.apache.hadoop.fs.ozone.TestOzoneFileSystem.testRenameDestinationParentDoesntExist(TestOzoneFileSystem.java:1291)
	at sun.reflect.NativeMethodAccessorImpl.invoke0(Native Method)
	at sun.reflect.NativeMethodAccessorImpl.invoke(NativeMethodAccessorImpl.java:62)
	at sun.reflect.DelegatingMethodAccessorImpl.invoke(DelegatingMethodAccessorImpl.java:43)
	at java.lang.reflect.Method.invoke(Method.java:498)
	at org.junit.runners.model.FrameworkMethod$1.runReflectiveCall(FrameworkMethod.java:59)
	at org.junit.internal.runners.model.ReflectiveCallable.run(ReflectiveCallable.java:12)
	at org.junit.runners.model.FrameworkMethod.invokeExplosively(FrameworkMethod.java:56)
	at org.junit.internal.runners.statements.InvokeMethod.evaluate(InvokeMethod.java:17)
	at org.junit.internal.runners.statements.RunAfters.evaluate(RunAfters.java:27)
	at org.junit.internal.runners.statements.FailOnTimeout$CallableStatement.call(FailOnTimeout.java:288)
	at org.junit.internal.runners.statements.FailOnTimeout$CallableStatement.call(FailOnTimeout.java:282)
	at java.util.concurrent.FutureTask.run(FutureTask.java:266)
	at java.lang.Thread.run(Thread.java:750)
08:40:27.072 [IPC Server handler 18 on default port 41701] ERROR OMAudit - user=runner | ip=127.0.0.1 | op=GET_FILE_STATUS {volume=volume83680, bucket=bucket94599, key=root_dir/file1/c, dataSize=0, replicationConfig=null} | ret=FAILURE
org.apache.hadoop.ozone.om.exceptions.OMException: Unable to get file status: volume: volume83680 bucket: bucket94599 key: root_dir/file1/c
	at org.apache.hadoop.ozone.om.KeyManagerImpl.getOzoneFileStatus(KeyManagerImpl.java:1270) ~[ozone-manager-1.3.0-SNAPSHOT.jar:?]
	at org.apache.hadoop.ozone.om.KeyManagerImpl.getFileStatus(KeyManagerImpl.java:1200) ~[ozone-manager-1.3.0-SNAPSHOT.jar:?]
	at org.apache.hadoop.ozone.om.OzoneManager.getFileStatus(OzoneManager.java:3507) ~[ozone-manager-1.3.0-SNAPSHOT.jar:?]
	at org.apache.hadoop.ozone.protocolPB.OzoneManagerRequestHandler.getOzoneFileStatus(OzoneManagerRequestHandler.java:882) ~[ozone-manager-1.3.0-SNAPSHOT.jar:?]
	at org.apache.hadoop.ozone.protocolPB.OzoneManagerRequestHandler.handleReadRequest(OzoneManagerRequestHandler.java:228) ~[ozone-manager-1.3.0-SNAPSHOT.jar:?]
	at org.apache.hadoop.ozone.protocolPB.OzoneManagerProtocolServerSideTranslatorPB.submitReadRequestToOM(OzoneManagerProtocolServerSideTranslatorPB.java:226) ~[ozone-manager-1.3.0-SNAPSHOT.jar:?]
	at org.apache.hadoop.ozone.protocolPB.OzoneManagerProtocolServerSideTranslatorPB.processRequest(OzoneManagerProtocolServerSideTranslatorPB.java:175) ~[ozone-manager-1.3.0-SNAPSHOT.jar:?]
	at org.apache.hadoop.hdds.server.OzoneProtocolMessageDispatcher.processRequest(OzoneProtocolMessageDispatcher.java:87) [hdds-server-framework-1.3.0-SNAPSHOT.jar:?]
	at org.apache.hadoop.ozone.protocolPB.OzoneManagerProtocolServerSideTranslatorPB.submitRequest(OzoneManagerProtocolServerSideTranslatorPB.java:147) [ozone-manager-1.3.0-SNAPSHOT.jar:?]
	at org.apache.hadoop.ozone.protocol.proto.OzoneManagerProtocolProtos$OzoneManagerService$2.callBlockingMethod(OzoneManagerProtocolProtos.java) [ozone-interface-client-1.3.0-SNAPSHOT.jar:?]
	at org.apache.hadoop.ipc.ProtobufRpcEngine$Server.processCall(ProtobufRpcEngine.java:466) [hadoop-common-3.3.1.jar:?]
	at org.apache.hadoop.ipc.ProtobufRpcEngine2$Server$ProtoBufRpcInvoker.call(ProtobufRpcEngine2.java:574) [hadoop-common-3.3.1.jar:?]
	at org.apache.hadoop.ipc.ProtobufRpcEngine2$Server$ProtoBufRpcInvoker.call(ProtobufRpcEngine2.java:552) [hadoop-common-3.3.1.jar:?]
	at org.apache.hadoop.ipc.RPC$Server.call(RPC.java:1093) [hadoop-common-3.3.1.jar:?]
	at org.apache.hadoop.ipc.Server$RpcCall.run(Server.java:1035) [hadoop-common-3.3.1.jar:?]
	at org.apache.hadoop.ipc.Server$RpcCall.run(Server.java:963) [hadoop-common-3.3.1.jar:?]
	at java.security.AccessController.doPrivileged(Native Method) ~[?:1.8.0_345]
	at javax.security.auth.Subject.doAs(Subject.java:422) [?:1.8.0_345]
	at org.apache.hadoop.security.UserGroupInformation.doAs(UserGroupInformation.java:1878) [hadoop-common-3.3.1.jar:?]
	at org.apache.hadoop.ipc.Server$Handler.run(Server.java:2966) [hadoop-common-3.3.1.jar:?]
2022-10-10 08:40:27,074 [Time-limited test] WARN  ozone.BasicOzoneFileSystem (BasicOzoneFileSystem.java:getFileStatus(765)) - GetFileStatus failed for path o3fs://bucket94599.volume83680/root_dir/file1/c
java.io.FileNotFoundException: root_dir/file1/c: No such file or directory!
	at org.apache.hadoop.fs.ozone.BasicOzoneClientAdapterImpl.getFileStatus(BasicOzoneClientAdapterImpl.java:369)
	at org.apache.hadoop.fs.ozone.BasicOzoneFileSystem.getFileStatus(BasicOzoneFileSystem.java:757)
	at org.apache.hadoop.fs.ozone.BasicOzoneFileSystem.rename(BasicOzoneFileSystem.java:357)
	at org.apache.hadoop.fs.ozone.TestOzoneFileSystem.testRenameDestinationParentDoesntExist(TestOzoneFileSystem.java:1303)
	at sun.reflect.NativeMethodAccessorImpl.invoke0(Native Method)
	at sun.reflect.NativeMethodAccessorImpl.invoke(NativeMethodAccessorImpl.java:62)
	at sun.reflect.DelegatingMethodAccessorImpl.invoke(DelegatingMethodAccessorImpl.java:43)
	at java.lang.reflect.Method.invoke(Method.java:498)
	at org.junit.runners.model.FrameworkMethod$1.runReflectiveCall(FrameworkMethod.java:59)
	at org.junit.internal.runners.model.ReflectiveCallable.run(ReflectiveCallable.java:12)
	at org.junit.runners.model.FrameworkMethod.invokeExplosively(FrameworkMethod.java:56)
	at org.junit.internal.runners.statements.InvokeMethod.evaluate(InvokeMethod.java:17)
	at org.junit.internal.runners.statements.RunAfters.evaluate(RunAfters.java:27)
	at org.junit.internal.runners.statements.FailOnTimeout$CallableStatement.call(FailOnTimeout.java:288)
	at org.junit.internal.runners.statements.FailOnTimeout$CallableStatement.call(FailOnTimeout.java:282)
	at java.util.concurrent.FutureTask.run(FutureTask.java:266)
	at java.lang.Thread.run(Thread.java:750)
]]></system-out>
  </testcase>
  <testcase name="testRenameDestinationParentDoesntExist" classname="TestOzoneFileSystem" time="0.047">
    <system-out><![CDATA[08:42:32.354 [IPC Server handler 10 on default port 37485] ERROR OMAudit - user=runner | ip=127.0.0.1 | op=GET_FILE_STATUS {volume=volume23299, bucket=bucket63939, key=root_dir/b/c, dataSize=0, replicationConfig=null} | ret=FAILURE
org.apache.hadoop.ozone.om.exceptions.OMException: Unable to get file status: volume: volume23299 bucket: bucket63939 key: root_dir/b/c
	at org.apache.hadoop.ozone.om.KeyManagerImpl.getOzoneFileStatus(KeyManagerImpl.java:1270) ~[ozone-manager-1.3.0-SNAPSHOT.jar:?]
	at org.apache.hadoop.ozone.om.KeyManagerImpl.getFileStatus(KeyManagerImpl.java:1200) ~[ozone-manager-1.3.0-SNAPSHOT.jar:?]
	at org.apache.hadoop.ozone.om.OzoneManager.getFileStatus(OzoneManager.java:3507) ~[ozone-manager-1.3.0-SNAPSHOT.jar:?]
	at org.apache.hadoop.ozone.protocolPB.OzoneManagerRequestHandler.getOzoneFileStatus(OzoneManagerRequestHandler.java:882) ~[ozone-manager-1.3.0-SNAPSHOT.jar:?]
	at org.apache.hadoop.ozone.protocolPB.OzoneManagerRequestHandler.handleReadRequest(OzoneManagerRequestHandler.java:228) ~[ozone-manager-1.3.0-SNAPSHOT.jar:?]
	at org.apache.hadoop.ozone.protocolPB.OzoneManagerProtocolServerSideTranslatorPB.submitRequestDirectlyToOM(OzoneManagerProtocolServerSideTranslatorPB.java:276) ~[ozone-manager-1.3.0-SNAPSHOT.jar:?]
	at org.apache.hadoop.ozone.protocolPB.OzoneManagerProtocolServerSideTranslatorPB.processRequest(OzoneManagerProtocolServerSideTranslatorPB.java:205) ~[ozone-manager-1.3.0-SNAPSHOT.jar:?]
	at org.apache.hadoop.hdds.server.OzoneProtocolMessageDispatcher.processRequest(OzoneProtocolMessageDispatcher.java:87) [hdds-server-framework-1.3.0-SNAPSHOT.jar:?]
	at org.apache.hadoop.ozone.protocolPB.OzoneManagerProtocolServerSideTranslatorPB.submitRequest(OzoneManagerProtocolServerSideTranslatorPB.java:147) [ozone-manager-1.3.0-SNAPSHOT.jar:?]
	at org.apache.hadoop.ozone.protocol.proto.OzoneManagerProtocolProtos$OzoneManagerService$2.callBlockingMethod(OzoneManagerProtocolProtos.java) [ozone-interface-client-1.3.0-SNAPSHOT.jar:?]
	at org.apache.hadoop.ipc.ProtobufRpcEngine$Server.processCall(ProtobufRpcEngine.java:466) [hadoop-common-3.3.1.jar:?]
	at org.apache.hadoop.ipc.ProtobufRpcEngine2$Server$ProtoBufRpcInvoker.call(ProtobufRpcEngine2.java:574) [hadoop-common-3.3.1.jar:?]
	at org.apache.hadoop.ipc.ProtobufRpcEngine2$Server$ProtoBufRpcInvoker.call(ProtobufRpcEngine2.java:552) [hadoop-common-3.3.1.jar:?]
	at org.apache.hadoop.ipc.RPC$Server.call(RPC.java:1093) [hadoop-common-3.3.1.jar:?]
	at org.apache.hadoop.ipc.Server$RpcCall.run(Server.java:1035) [hadoop-common-3.3.1.jar:?]
	at org.apache.hadoop.ipc.Server$RpcCall.run(Server.java:963) [hadoop-common-3.3.1.jar:?]
	at java.security.AccessController.doPrivileged(Native Method) ~[?:1.8.0_345]
	at javax.security.auth.Subject.doAs(Subject.java:422) [?:1.8.0_345]
	at org.apache.hadoop.security.UserGroupInformation.doAs(UserGroupInformation.java:1878) [hadoop-common-3.3.1.jar:?]
	at org.apache.hadoop.ipc.Server$Handler.run(Server.java:2966) [hadoop-common-3.3.1.jar:?]
2022-10-10 08:42:32,355 [Time-limited test] WARN  ozone.BasicOzoneFileSystem (BasicOzoneFileSystem.java:getFileStatus(765)) - GetFileStatus failed for path o3fs://bucket63939.volume23299/root_dir/b/c
java.io.FileNotFoundException: root_dir/b/c: No such file or directory!
	at org.apache.hadoop.fs.ozone.BasicOzoneClientAdapterImpl.getFileStatus(BasicOzoneClientAdapterImpl.java:369)
	at org.apache.hadoop.fs.ozone.BasicOzoneFileSystem.getFileStatus(BasicOzoneFileSystem.java:757)
	at org.apache.hadoop.fs.ozone.BasicOzoneFileSystem.rename(BasicOzoneFileSystem.java:357)
	at org.apache.hadoop.fs.ozone.TestOzoneFileSystem.testRenameDestinationParentDoesntExist(TestOzoneFileSystem.java:1291)
	at sun.reflect.NativeMethodAccessorImpl.invoke0(Native Method)
	at sun.reflect.NativeMethodAccessorImpl.invoke(NativeMethodAccessorImpl.java:62)
	at sun.reflect.DelegatingMethodAccessorImpl.invoke(DelegatingMethodAccessorImpl.java:43)
	at java.lang.reflect.Method.invoke(Method.java:498)
	at org.junit.runners.model.FrameworkMethod$1.runReflectiveCall(FrameworkMethod.java:59)
	at org.junit.internal.runners.model.ReflectiveCallable.run(ReflectiveCallable.java:12)
	at org.junit.runners.model.FrameworkMethod.invokeExplosively(FrameworkMethod.java:56)
	at org.junit.internal.runners.statements.InvokeMethod.evaluate(InvokeMethod.java:17)
	at org.junit.internal.runners.statements.RunAfters.evaluate(RunAfters.java:27)
	at org.junit.internal.runners.statements.FailOnTimeout$CallableStatement.call(FailOnTimeout.java:288)
	at org.junit.internal.runners.statements.FailOnTimeout$CallableStatement.call(FailOnTimeout.java:282)
	at java.util.concurrent.FutureTask.run(FutureTask.java:266)
	at java.lang.Thread.run(Thread.java:750)
08:42:32.356 [IPC Server handler 5 on default port 37485] ERROR OMAudit - user=runner | ip=127.0.0.1 | op=GET_FILE_STATUS {volume=volume23299, bucket=bucket63939, key=root_dir/b, dataSize=0, replicationConfig=null} | ret=FAILURE
org.apache.hadoop.ozone.om.exceptions.OMException: Unable to get file status: volume: volume23299 bucket: bucket63939 key: root_dir/b
	at org.apache.hadoop.ozone.om.KeyManagerImpl.getOzoneFileStatus(KeyManagerImpl.java:1270) ~[ozone-manager-1.3.0-SNAPSHOT.jar:?]
	at org.apache.hadoop.ozone.om.KeyManagerImpl.getFileStatus(KeyManagerImpl.java:1200) ~[ozone-manager-1.3.0-SNAPSHOT.jar:?]
	at org.apache.hadoop.ozone.om.OzoneManager.getFileStatus(OzoneManager.java:3507) ~[ozone-manager-1.3.0-SNAPSHOT.jar:?]
	at org.apache.hadoop.ozone.protocolPB.OzoneManagerRequestHandler.getOzoneFileStatus(OzoneManagerRequestHandler.java:882) ~[ozone-manager-1.3.0-SNAPSHOT.jar:?]
	at org.apache.hadoop.ozone.protocolPB.OzoneManagerRequestHandler.handleReadRequest(OzoneManagerRequestHandler.java:228) ~[ozone-manager-1.3.0-SNAPSHOT.jar:?]
	at org.apache.hadoop.ozone.protocolPB.OzoneManagerProtocolServerSideTranslatorPB.submitRequestDirectlyToOM(OzoneManagerProtocolServerSideTranslatorPB.java:276) ~[ozone-manager-1.3.0-SNAPSHOT.jar:?]
	at org.apache.hadoop.ozone.protocolPB.OzoneManagerProtocolServerSideTranslatorPB.processRequest(OzoneManagerProtocolServerSideTranslatorPB.java:205) ~[ozone-manager-1.3.0-SNAPSHOT.jar:?]
	at org.apache.hadoop.hdds.server.OzoneProtocolMessageDispatcher.processRequest(OzoneProtocolMessageDispatcher.java:87) [hdds-server-framework-1.3.0-SNAPSHOT.jar:?]
	at org.apache.hadoop.ozone.protocolPB.OzoneManagerProtocolServerSideTranslatorPB.submitRequest(OzoneManagerProtocolServerSideTranslatorPB.java:147) [ozone-manager-1.3.0-SNAPSHOT.jar:?]
	at org.apache.hadoop.ozone.protocol.proto.OzoneManagerProtocolProtos$OzoneManagerService$2.callBlockingMethod(OzoneManagerProtocolProtos.java) [ozone-interface-client-1.3.0-SNAPSHOT.jar:?]
	at org.apache.hadoop.ipc.ProtobufRpcEngine$Server.processCall(ProtobufRpcEngine.java:466) [hadoop-common-3.3.1.jar:?]
	at org.apache.hadoop.ipc.ProtobufRpcEngine2$Server$ProtoBufRpcInvoker.call(ProtobufRpcEngine2.java:574) [hadoop-common-3.3.1.jar:?]
	at org.apache.hadoop.ipc.ProtobufRpcEngine2$Server$ProtoBufRpcInvoker.call(ProtobufRpcEngine2.java:552) [hadoop-common-3.3.1.jar:?]
	at org.apache.hadoop.ipc.RPC$Server.call(RPC.java:1093) [hadoop-common-3.3.1.jar:?]
	at org.apache.hadoop.ipc.Server$RpcCall.run(Server.java:1035) [hadoop-common-3.3.1.jar:?]
	at org.apache.hadoop.ipc.Server$RpcCall.run(Server.java:963) [hadoop-common-3.3.1.jar:?]
	at java.security.AccessController.doPrivileged(Native Method) ~[?:1.8.0_345]
	at javax.security.auth.Subject.doAs(Subject.java:422) [?:1.8.0_345]
	at org.apache.hadoop.security.UserGroupInformation.doAs(UserGroupInformation.java:1878) [hadoop-common-3.3.1.jar:?]
	at org.apache.hadoop.ipc.Server$Handler.run(Server.java:2966) [hadoop-common-3.3.1.jar:?]
2022-10-10 08:42:32,357 [Time-limited test] WARN  ozone.BasicOzoneFileSystem (BasicOzoneFileSystem.java:getFileStatus(765)) - GetFileStatus failed for path o3fs://bucket63939.volume23299/root_dir/b
java.io.FileNotFoundException: root_dir/b: No such file or directory!
	at org.apache.hadoop.fs.ozone.BasicOzoneClientAdapterImpl.getFileStatus(BasicOzoneClientAdapterImpl.java:369)
	at org.apache.hadoop.fs.ozone.BasicOzoneFileSystem.getFileStatus(BasicOzoneFileSystem.java:757)
	at org.apache.hadoop.fs.ozone.BasicOzoneFileSystem.rename(BasicOzoneFileSystem.java:365)
	at org.apache.hadoop.fs.ozone.TestOzoneFileSystem.testRenameDestinationParentDoesntExist(TestOzoneFileSystem.java:1291)
	at sun.reflect.NativeMethodAccessorImpl.invoke0(Native Method)
	at sun.reflect.NativeMethodAccessorImpl.invoke(NativeMethodAccessorImpl.java:62)
	at sun.reflect.DelegatingMethodAccessorImpl.invoke(DelegatingMethodAccessorImpl.java:43)
	at java.lang.reflect.Method.invoke(Method.java:498)
	at org.junit.runners.model.FrameworkMethod$1.runReflectiveCall(FrameworkMethod.java:59)
	at org.junit.internal.runners.model.ReflectiveCallable.run(ReflectiveCallable.java:12)
	at org.junit.runners.model.FrameworkMethod.invokeExplosively(FrameworkMethod.java:56)
	at org.junit.internal.runners.statements.InvokeMethod.evaluate(InvokeMethod.java:17)
	at org.junit.internal.runners.statements.RunAfters.evaluate(RunAfters.java:27)
	at org.junit.internal.runners.statements.FailOnTimeout$CallableStatement.call(FailOnTimeout.java:288)
	at org.junit.internal.runners.statements.FailOnTimeout$CallableStatement.call(FailOnTimeout.java:282)
	at java.util.concurrent.FutureTask.run(FutureTask.java:266)
	at java.lang.Thread.run(Thread.java:750)
08:42:32.370 [IPC Server handler 1 on default port 37485] ERROR OMAudit - user=runner | ip=127.0.0.1 | op=GET_FILE_STATUS {volume=volume23299, bucket=bucket63939, key=root_dir/file1/c, dataSize=0, replicationConfig=null} | ret=FAILURE
org.apache.hadoop.ozone.om.exceptions.OMException: Unable to get file status: volume: volume23299 bucket: bucket63939 key: root_dir/file1/c
	at org.apache.hadoop.ozone.om.KeyManagerImpl.getOzoneFileStatus(KeyManagerImpl.java:1270) ~[ozone-manager-1.3.0-SNAPSHOT.jar:?]
	at org.apache.hadoop.ozone.om.KeyManagerImpl.getFileStatus(KeyManagerImpl.java:1200) ~[ozone-manager-1.3.0-SNAPSHOT.jar:?]
	at org.apache.hadoop.ozone.om.OzoneManager.getFileStatus(OzoneManager.java:3507) ~[ozone-manager-1.3.0-SNAPSHOT.jar:?]
	at org.apache.hadoop.ozone.protocolPB.OzoneManagerRequestHandler.getOzoneFileStatus(OzoneManagerRequestHandler.java:882) ~[ozone-manager-1.3.0-SNAPSHOT.jar:?]
	at org.apache.hadoop.ozone.protocolPB.OzoneManagerRequestHandler.handleReadRequest(OzoneManagerRequestHandler.java:228) ~[ozone-manager-1.3.0-SNAPSHOT.jar:?]
	at org.apache.hadoop.ozone.protocolPB.OzoneManagerProtocolServerSideTranslatorPB.submitRequestDirectlyToOM(OzoneManagerProtocolServerSideTranslatorPB.java:276) ~[ozone-manager-1.3.0-SNAPSHOT.jar:?]
	at org.apache.hadoop.ozone.protocolPB.OzoneManagerProtocolServerSideTranslatorPB.processRequest(OzoneManagerProtocolServerSideTranslatorPB.java:205) ~[ozone-manager-1.3.0-SNAPSHOT.jar:?]
	at org.apache.hadoop.hdds.server.OzoneProtocolMessageDispatcher.processRequest(OzoneProtocolMessageDispatcher.java:87) [hdds-server-framework-1.3.0-SNAPSHOT.jar:?]
	at org.apache.hadoop.ozone.protocolPB.OzoneManagerProtocolServerSideTranslatorPB.submitRequest(OzoneManagerProtocolServerSideTranslatorPB.java:147) [ozone-manager-1.3.0-SNAPSHOT.jar:?]
	at org.apache.hadoop.ozone.protocol.proto.OzoneManagerProtocolProtos$OzoneManagerService$2.callBlockingMethod(OzoneManagerProtocolProtos.java) [ozone-interface-client-1.3.0-SNAPSHOT.jar:?]
	at org.apache.hadoop.ipc.ProtobufRpcEngine$Server.processCall(ProtobufRpcEngine.java:466) [hadoop-common-3.3.1.jar:?]
	at org.apache.hadoop.ipc.ProtobufRpcEngine2$Server$ProtoBufRpcInvoker.call(ProtobufRpcEngine2.java:574) [hadoop-common-3.3.1.jar:?]
	at org.apache.hadoop.ipc.ProtobufRpcEngine2$Server$ProtoBufRpcInvoker.call(ProtobufRpcEngine2.java:552) [hadoop-common-3.3.1.jar:?]
	at org.apache.hadoop.ipc.RPC$Server.call(RPC.java:1093) [hadoop-common-3.3.1.jar:?]
	at org.apache.hadoop.ipc.Server$RpcCall.run(Server.java:1035) [hadoop-common-3.3.1.jar:?]
	at org.apache.hadoop.ipc.Server$RpcCall.run(Server.java:963) [hadoop-common-3.3.1.jar:?]
	at java.security.AccessController.doPrivileged(Native Method) ~[?:1.8.0_345]
	at javax.security.auth.Subject.doAs(Subject.java:422) [?:1.8.0_345]
	at org.apache.hadoop.security.UserGroupInformation.doAs(UserGroupInformation.java:1878) [hadoop-common-3.3.1.jar:?]
	at org.apache.hadoop.ipc.Server$Handler.run(Server.java:2966) [hadoop-common-3.3.1.jar:?]
2022-10-10 08:42:32,371 [Time-limited test] WARN  ozone.BasicOzoneFileSystem (BasicOzoneFileSystem.java:getFileStatus(765)) - GetFileStatus failed for path o3fs://bucket63939.volume23299/root_dir/file1/c
java.io.FileNotFoundException: root_dir/file1/c: No such file or directory!
	at org.apache.hadoop.fs.ozone.BasicOzoneClientAdapterImpl.getFileStatus(BasicOzoneClientAdapterImpl.java:369)
	at org.apache.hadoop.fs.ozone.BasicOzoneFileSystem.getFileStatus(BasicOzoneFileSystem.java:757)
	at org.apache.hadoop.fs.ozone.BasicOzoneFileSystem.rename(BasicOzoneFileSystem.java:357)
	at org.apache.hadoop.fs.ozone.TestOzoneFileSystem.testRenameDestinationParentDoesntExist(TestOzoneFileSystem.java:1303)
	at sun.reflect.NativeMethodAccessorImpl.invoke0(Native Method)
	at sun.reflect.NativeMethodAccessorImpl.invoke(NativeMethodAccessorImpl.java:62)
	at sun.reflect.DelegatingMethodAccessorImpl.invoke(DelegatingMethodAccessorImpl.java:43)
	at java.lang.reflect.Method.invoke(Method.java:498)
	at org.junit.runners.model.FrameworkMethod$1.runReflectiveCall(FrameworkMethod.java:59)
	at org.junit.internal.runners.model.ReflectiveCallable.run(ReflectiveCallable.java:12)
	at org.junit.runners.model.FrameworkMethod.invokeExplosively(FrameworkMethod.java:56)
	at org.junit.internal.runners.statements.InvokeMethod.evaluate(InvokeMethod.java:17)
	at org.junit.internal.runners.statements.RunAfters.evaluate(RunAfters.java:27)
	at org.junit.internal.runners.statements.FailOnTimeout$CallableStatement.call(FailOnTimeout.java:288)
	at org.junit.internal.runners.statements.FailOnTimeout$CallableStatement.call(FailOnTimeout.java:282)
	at java.util.concurrent.FutureTask.run(FutureTask.java:266)
	at java.lang.Thread.run(Thread.java:750)
]]></system-out>
  </testcase>
  <testcase name="testCreateWithInvalidPaths" classname="TestOzoneFileSystem" time="0.011"/>
  <testcase name="testCreateWithInvalidPaths" classname="TestOzoneFileSystem" time="0.01"/>
  <testcase name="testCreateWithInvalidPaths" classname="TestOzoneFileSystem" time="0.027"/>
  <testcase name="testCreateWithInvalidPaths" classname="TestOzoneFileSystem" time="0.008"/>
  <testcase name="testListStatusOnRoot" classname="TestOzoneFileSystem" time="0.038"/>
  <testcase name="testListStatusOnRoot" classname="TestOzoneFileSystem" time="0.026"/>
  <testcase name="testListStatusOnRoot" classname="TestOzoneFileSystem" time="0.038"/>
  <testcase name="testListStatusOnRoot" classname="TestOzoneFileSystem" time="0.047"/>
  <testcase name="testRenameWithNonExistentSource" classname="TestOzoneFileSystem" time="0.025">
    <system-out><![CDATA[2022-10-10 08:37:02,160 [Time-limited test] INFO  ozone.TestOzoneFileSystem (TestOzoneFileSystem.java:testRenameWithNonExistentSource(1092)) - Created destin dir: o3fs://bucket39555.volume16396/root/dir2
2022-10-10 08:37:02,160 [Time-limited test] INFO  ozone.TestOzoneFileSystem (TestOzoneFileSystem.java:testRenameWithNonExistentSource(1094)) - Rename op-> source:o3fs://bucket39555.volume16396/root/dir1 to destin:o3fs://bucket39555.volume16396/root/dir2}
08:37:02.161 [IPC Server handler 14 on default port 46487] ERROR OMAudit - user=runner | ip=127.0.0.1 | op=GET_FILE_STATUS {volume=volume16396, bucket=bucket39555, key=root/dir1, dataSize=0, replicationConfig=null} | ret=FAILURE
org.apache.hadoop.ozone.om.exceptions.OMException: Unable to get file status: volume: volume16396 bucket: bucket39555 key: root/dir1
	at org.apache.hadoop.ozone.om.KeyManagerImpl.getOzoneFileStatus(KeyManagerImpl.java:1270) ~[ozone-manager-1.3.0-SNAPSHOT.jar:?]
	at org.apache.hadoop.ozone.om.KeyManagerImpl.getFileStatus(KeyManagerImpl.java:1200) ~[ozone-manager-1.3.0-SNAPSHOT.jar:?]
	at org.apache.hadoop.ozone.om.OzoneManager.getFileStatus(OzoneManager.java:3507) ~[ozone-manager-1.3.0-SNAPSHOT.jar:?]
	at org.apache.hadoop.ozone.protocolPB.OzoneManagerRequestHandler.getOzoneFileStatus(OzoneManagerRequestHandler.java:882) ~[ozone-manager-1.3.0-SNAPSHOT.jar:?]
	at org.apache.hadoop.ozone.protocolPB.OzoneManagerRequestHandler.handleReadRequest(OzoneManagerRequestHandler.java:228) ~[ozone-manager-1.3.0-SNAPSHOT.jar:?]
	at org.apache.hadoop.ozone.protocolPB.OzoneManagerProtocolServerSideTranslatorPB.submitReadRequestToOM(OzoneManagerProtocolServerSideTranslatorPB.java:226) ~[ozone-manager-1.3.0-SNAPSHOT.jar:?]
	at org.apache.hadoop.ozone.protocolPB.OzoneManagerProtocolServerSideTranslatorPB.processRequest(OzoneManagerProtocolServerSideTranslatorPB.java:175) ~[ozone-manager-1.3.0-SNAPSHOT.jar:?]
	at org.apache.hadoop.hdds.server.OzoneProtocolMessageDispatcher.processRequest(OzoneProtocolMessageDispatcher.java:87) [hdds-server-framework-1.3.0-SNAPSHOT.jar:?]
	at org.apache.hadoop.ozone.protocolPB.OzoneManagerProtocolServerSideTranslatorPB.submitRequest(OzoneManagerProtocolServerSideTranslatorPB.java:147) [ozone-manager-1.3.0-SNAPSHOT.jar:?]
	at org.apache.hadoop.ozone.protocol.proto.OzoneManagerProtocolProtos$OzoneManagerService$2.callBlockingMethod(OzoneManagerProtocolProtos.java) [ozone-interface-client-1.3.0-SNAPSHOT.jar:?]
	at org.apache.hadoop.ipc.ProtobufRpcEngine$Server.processCall(ProtobufRpcEngine.java:466) [hadoop-common-3.3.1.jar:?]
	at org.apache.hadoop.ipc.ProtobufRpcEngine2$Server$ProtoBufRpcInvoker.call(ProtobufRpcEngine2.java:574) [hadoop-common-3.3.1.jar:?]
	at org.apache.hadoop.ipc.ProtobufRpcEngine2$Server$ProtoBufRpcInvoker.call(ProtobufRpcEngine2.java:552) [hadoop-common-3.3.1.jar:?]
	at org.apache.hadoop.ipc.RPC$Server.call(RPC.java:1093) [hadoop-common-3.3.1.jar:?]
	at org.apache.hadoop.ipc.Server$RpcCall.run(Server.java:1035) [hadoop-common-3.3.1.jar:?]
	at org.apache.hadoop.ipc.Server$RpcCall.run(Server.java:963) [hadoop-common-3.3.1.jar:?]
	at java.security.AccessController.doPrivileged(Native Method) ~[?:1.8.0_345]
	at javax.security.auth.Subject.doAs(Subject.java:422) [?:1.8.0_345]
	at org.apache.hadoop.security.UserGroupInformation.doAs(UserGroupInformation.java:1878) [hadoop-common-3.3.1.jar:?]
	at org.apache.hadoop.ipc.Server$Handler.run(Server.java:2966) [hadoop-common-3.3.1.jar:?]
2022-10-10 08:37:02,162 [Time-limited test] WARN  ozone.BasicOzoneFileSystem (BasicOzoneFileSystem.java:getFileStatus(765)) - GetFileStatus failed for path o3fs://bucket39555.volume16396/root/dir1
java.io.FileNotFoundException: root/dir1: No such file or directory!
	at org.apache.hadoop.fs.ozone.BasicOzoneClientAdapterImpl.getFileStatus(BasicOzoneClientAdapterImpl.java:369)
	at org.apache.hadoop.fs.ozone.BasicOzoneFileSystem.getFileStatus(BasicOzoneFileSystem.java:757)
	at org.apache.hadoop.fs.ozone.BasicOzoneFileSystem.rename(BasicOzoneFileSystem.java:339)
	at org.apache.hadoop.fs.ozone.TestOzoneFileSystem.testRenameWithNonExistentSource(TestOzoneFileSystem.java:1096)
	at sun.reflect.NativeMethodAccessorImpl.invoke0(Native Method)
	at sun.reflect.NativeMethodAccessorImpl.invoke(NativeMethodAccessorImpl.java:62)
	at sun.reflect.DelegatingMethodAccessorImpl.invoke(DelegatingMethodAccessorImpl.java:43)
	at java.lang.reflect.Method.invoke(Method.java:498)
	at org.junit.runners.model.FrameworkMethod$1.runReflectiveCall(FrameworkMethod.java:59)
	at org.junit.internal.runners.model.ReflectiveCallable.run(ReflectiveCallable.java:12)
	at org.junit.runners.model.FrameworkMethod.invokeExplosively(FrameworkMethod.java:56)
	at org.junit.internal.runners.statements.InvokeMethod.evaluate(InvokeMethod.java:17)
	at org.junit.internal.runners.statements.RunAfters.evaluate(RunAfters.java:27)
	at org.junit.internal.runners.statements.FailOnTimeout$CallableStatement.call(FailOnTimeout.java:288)
	at org.junit.internal.runners.statements.FailOnTimeout$CallableStatement.call(FailOnTimeout.java:282)
	at java.util.concurrent.FutureTask.run(FutureTask.java:266)
	at java.lang.Thread.run(Thread.java:750)
]]></system-out>
  </testcase>
  <testcase name="testRenameWithNonExistentSource" classname="TestOzoneFileSystem" time="0.045">
    <system-out><![CDATA[2022-10-10 08:38:45,565 [Time-limited test] INFO  ozone.TestOzoneFileSystem (TestOzoneFileSystem.java:testRenameWithNonExistentSource(1092)) - Created destin dir: o3fs://bucket40120.volume27327/root/dir2
2022-10-10 08:38:45,565 [Time-limited test] INFO  ozone.TestOzoneFileSystem (TestOzoneFileSystem.java:testRenameWithNonExistentSource(1094)) - Rename op-> source:o3fs://bucket40120.volume27327/root/dir1 to destin:o3fs://bucket40120.volume27327/root/dir2}
08:38:45.566 [IPC Server handler 10 on default port 43231] ERROR OMAudit - user=runner | ip=127.0.0.1 | op=GET_FILE_STATUS {volume=volume27327, bucket=bucket40120, key=root/dir1, dataSize=0, replicationConfig=null} | ret=FAILURE
org.apache.hadoop.ozone.om.exceptions.OMException: Unable to get file status: volume: volume27327 bucket: bucket40120 key: root/dir1
	at org.apache.hadoop.ozone.om.KeyManagerImpl.getOzoneFileStatus(KeyManagerImpl.java:1270) ~[ozone-manager-1.3.0-SNAPSHOT.jar:?]
	at org.apache.hadoop.ozone.om.KeyManagerImpl.getFileStatus(KeyManagerImpl.java:1200) ~[ozone-manager-1.3.0-SNAPSHOT.jar:?]
	at org.apache.hadoop.ozone.om.OzoneManager.getFileStatus(OzoneManager.java:3507) ~[ozone-manager-1.3.0-SNAPSHOT.jar:?]
	at org.apache.hadoop.ozone.protocolPB.OzoneManagerRequestHandler.getOzoneFileStatus(OzoneManagerRequestHandler.java:882) ~[ozone-manager-1.3.0-SNAPSHOT.jar:?]
	at org.apache.hadoop.ozone.protocolPB.OzoneManagerRequestHandler.handleReadRequest(OzoneManagerRequestHandler.java:228) ~[ozone-manager-1.3.0-SNAPSHOT.jar:?]
	at org.apache.hadoop.ozone.protocolPB.OzoneManagerProtocolServerSideTranslatorPB.submitRequestDirectlyToOM(OzoneManagerProtocolServerSideTranslatorPB.java:276) ~[ozone-manager-1.3.0-SNAPSHOT.jar:?]
	at org.apache.hadoop.ozone.protocolPB.OzoneManagerProtocolServerSideTranslatorPB.processRequest(OzoneManagerProtocolServerSideTranslatorPB.java:205) ~[ozone-manager-1.3.0-SNAPSHOT.jar:?]
	at org.apache.hadoop.hdds.server.OzoneProtocolMessageDispatcher.processRequest(OzoneProtocolMessageDispatcher.java:87) [hdds-server-framework-1.3.0-SNAPSHOT.jar:?]
	at org.apache.hadoop.ozone.protocolPB.OzoneManagerProtocolServerSideTranslatorPB.submitRequest(OzoneManagerProtocolServerSideTranslatorPB.java:147) [ozone-manager-1.3.0-SNAPSHOT.jar:?]
	at org.apache.hadoop.ozone.protocol.proto.OzoneManagerProtocolProtos$OzoneManagerService$2.callBlockingMethod(OzoneManagerProtocolProtos.java) [ozone-interface-client-1.3.0-SNAPSHOT.jar:?]
	at org.apache.hadoop.ipc.ProtobufRpcEngine$Server.processCall(ProtobufRpcEngine.java:466) [hadoop-common-3.3.1.jar:?]
	at org.apache.hadoop.ipc.ProtobufRpcEngine2$Server$ProtoBufRpcInvoker.call(ProtobufRpcEngine2.java:574) [hadoop-common-3.3.1.jar:?]
	at org.apache.hadoop.ipc.ProtobufRpcEngine2$Server$ProtoBufRpcInvoker.call(ProtobufRpcEngine2.java:552) [hadoop-common-3.3.1.jar:?]
	at org.apache.hadoop.ipc.RPC$Server.call(RPC.java:1093) [hadoop-common-3.3.1.jar:?]
	at org.apache.hadoop.ipc.Server$RpcCall.run(Server.java:1035) [hadoop-common-3.3.1.jar:?]
	at org.apache.hadoop.ipc.Server$RpcCall.run(Server.java:963) [hadoop-common-3.3.1.jar:?]
	at java.security.AccessController.doPrivileged(Native Method) ~[?:1.8.0_345]
	at javax.security.auth.Subject.doAs(Subject.java:422) [?:1.8.0_345]
	at org.apache.hadoop.security.UserGroupInformation.doAs(UserGroupInformation.java:1878) [hadoop-common-3.3.1.jar:?]
	at org.apache.hadoop.ipc.Server$Handler.run(Server.java:2966) [hadoop-common-3.3.1.jar:?]
2022-10-10 08:38:45,570 [Time-limited test] WARN  ozone.BasicOzoneFileSystem (BasicOzoneFileSystem.java:getFileStatus(765)) - GetFileStatus failed for path o3fs://bucket40120.volume27327/root/dir1
java.io.FileNotFoundException: root/dir1: No such file or directory!
	at org.apache.hadoop.fs.ozone.BasicOzoneClientAdapterImpl.getFileStatus(BasicOzoneClientAdapterImpl.java:369)
	at org.apache.hadoop.fs.ozone.BasicOzoneFileSystem.getFileStatus(BasicOzoneFileSystem.java:757)
	at org.apache.hadoop.fs.ozone.BasicOzoneFileSystem.rename(BasicOzoneFileSystem.java:339)
	at org.apache.hadoop.fs.ozone.TestOzoneFileSystem.testRenameWithNonExistentSource(TestOzoneFileSystem.java:1096)
	at sun.reflect.NativeMethodAccessorImpl.invoke0(Native Method)
	at sun.reflect.NativeMethodAccessorImpl.invoke(NativeMethodAccessorImpl.java:62)
	at sun.reflect.DelegatingMethodAccessorImpl.invoke(DelegatingMethodAccessorImpl.java:43)
	at java.lang.reflect.Method.invoke(Method.java:498)
	at org.junit.runners.model.FrameworkMethod$1.runReflectiveCall(FrameworkMethod.java:59)
	at org.junit.internal.runners.model.ReflectiveCallable.run(ReflectiveCallable.java:12)
	at org.junit.runners.model.FrameworkMethod.invokeExplosively(FrameworkMethod.java:56)
	at org.junit.internal.runners.statements.InvokeMethod.evaluate(InvokeMethod.java:17)
	at org.junit.internal.runners.statements.RunAfters.evaluate(RunAfters.java:27)
	at org.junit.internal.runners.statements.FailOnTimeout$CallableStatement.call(FailOnTimeout.java:288)
	at org.junit.internal.runners.statements.FailOnTimeout$CallableStatement.call(FailOnTimeout.java:282)
	at java.util.concurrent.FutureTask.run(FutureTask.java:266)
	at java.lang.Thread.run(Thread.java:750)
]]></system-out>
  </testcase>
  <testcase name="testRenameWithNonExistentSource" classname="TestOzoneFileSystem" time="0.033">
    <system-out><![CDATA[2022-10-10 08:40:27,172 [Time-limited test] INFO  ozone.TestOzoneFileSystem (TestOzoneFileSystem.java:testRenameWithNonExistentSource(1092)) - Created destin dir: o3fs://bucket94599.volume83680/root/dir2
2022-10-10 08:40:27,172 [Time-limited test] INFO  ozone.TestOzoneFileSystem (TestOzoneFileSystem.java:testRenameWithNonExistentSource(1094)) - Rename op-> source:o3fs://bucket94599.volume83680/root/dir1 to destin:o3fs://bucket94599.volume83680/root/dir2}
08:40:27.173 [IPC Server handler 11 on default port 41701] ERROR OMAudit - user=runner | ip=127.0.0.1 | op=GET_FILE_STATUS {volume=volume83680, bucket=bucket94599, key=root/dir1, dataSize=0, replicationConfig=null} | ret=FAILURE
org.apache.hadoop.ozone.om.exceptions.OMException: Unable to get file status: volume: volume83680 bucket: bucket94599 key: root/dir1
	at org.apache.hadoop.ozone.om.KeyManagerImpl.getOzoneFileStatus(KeyManagerImpl.java:1270) ~[ozone-manager-1.3.0-SNAPSHOT.jar:?]
	at org.apache.hadoop.ozone.om.KeyManagerImpl.getFileStatus(KeyManagerImpl.java:1200) ~[ozone-manager-1.3.0-SNAPSHOT.jar:?]
	at org.apache.hadoop.ozone.om.OzoneManager.getFileStatus(OzoneManager.java:3507) ~[ozone-manager-1.3.0-SNAPSHOT.jar:?]
	at org.apache.hadoop.ozone.protocolPB.OzoneManagerRequestHandler.getOzoneFileStatus(OzoneManagerRequestHandler.java:882) ~[ozone-manager-1.3.0-SNAPSHOT.jar:?]
	at org.apache.hadoop.ozone.protocolPB.OzoneManagerRequestHandler.handleReadRequest(OzoneManagerRequestHandler.java:228) ~[ozone-manager-1.3.0-SNAPSHOT.jar:?]
	at org.apache.hadoop.ozone.protocolPB.OzoneManagerProtocolServerSideTranslatorPB.submitReadRequestToOM(OzoneManagerProtocolServerSideTranslatorPB.java:226) ~[ozone-manager-1.3.0-SNAPSHOT.jar:?]
	at org.apache.hadoop.ozone.protocolPB.OzoneManagerProtocolServerSideTranslatorPB.processRequest(OzoneManagerProtocolServerSideTranslatorPB.java:175) ~[ozone-manager-1.3.0-SNAPSHOT.jar:?]
	at org.apache.hadoop.hdds.server.OzoneProtocolMessageDispatcher.processRequest(OzoneProtocolMessageDispatcher.java:87) [hdds-server-framework-1.3.0-SNAPSHOT.jar:?]
	at org.apache.hadoop.ozone.protocolPB.OzoneManagerProtocolServerSideTranslatorPB.submitRequest(OzoneManagerProtocolServerSideTranslatorPB.java:147) [ozone-manager-1.3.0-SNAPSHOT.jar:?]
	at org.apache.hadoop.ozone.protocol.proto.OzoneManagerProtocolProtos$OzoneManagerService$2.callBlockingMethod(OzoneManagerProtocolProtos.java) [ozone-interface-client-1.3.0-SNAPSHOT.jar:?]
	at org.apache.hadoop.ipc.ProtobufRpcEngine$Server.processCall(ProtobufRpcEngine.java:466) [hadoop-common-3.3.1.jar:?]
	at org.apache.hadoop.ipc.ProtobufRpcEngine2$Server$ProtoBufRpcInvoker.call(ProtobufRpcEngine2.java:574) [hadoop-common-3.3.1.jar:?]
	at org.apache.hadoop.ipc.ProtobufRpcEngine2$Server$ProtoBufRpcInvoker.call(ProtobufRpcEngine2.java:552) [hadoop-common-3.3.1.jar:?]
	at org.apache.hadoop.ipc.RPC$Server.call(RPC.java:1093) [hadoop-common-3.3.1.jar:?]
	at org.apache.hadoop.ipc.Server$RpcCall.run(Server.java:1035) [hadoop-common-3.3.1.jar:?]
	at org.apache.hadoop.ipc.Server$RpcCall.run(Server.java:963) [hadoop-common-3.3.1.jar:?]
	at java.security.AccessController.doPrivileged(Native Method) ~[?:1.8.0_345]
	at javax.security.auth.Subject.doAs(Subject.java:422) [?:1.8.0_345]
	at org.apache.hadoop.security.UserGroupInformation.doAs(UserGroupInformation.java:1878) [hadoop-common-3.3.1.jar:?]
	at org.apache.hadoop.ipc.Server$Handler.run(Server.java:2966) [hadoop-common-3.3.1.jar:?]
2022-10-10 08:40:27,173 [Time-limited test] WARN  ozone.BasicOzoneFileSystem (BasicOzoneFileSystem.java:getFileStatus(765)) - GetFileStatus failed for path o3fs://bucket94599.volume83680/root/dir1
java.io.FileNotFoundException: root/dir1: No such file or directory!
	at org.apache.hadoop.fs.ozone.BasicOzoneClientAdapterImpl.getFileStatus(BasicOzoneClientAdapterImpl.java:369)
	at org.apache.hadoop.fs.ozone.BasicOzoneFileSystem.getFileStatus(BasicOzoneFileSystem.java:757)
	at org.apache.hadoop.fs.ozone.BasicOzoneFileSystem.rename(BasicOzoneFileSystem.java:339)
	at org.apache.hadoop.fs.ozone.TestOzoneFileSystem.testRenameWithNonExistentSource(TestOzoneFileSystem.java:1096)
	at sun.reflect.NativeMethodAccessorImpl.invoke0(Native Method)
	at sun.reflect.NativeMethodAccessorImpl.invoke(NativeMethodAccessorImpl.java:62)
	at sun.reflect.DelegatingMethodAccessorImpl.invoke(DelegatingMethodAccessorImpl.java:43)
	at java.lang.reflect.Method.invoke(Method.java:498)
	at org.junit.runners.model.FrameworkMethod$1.runReflectiveCall(FrameworkMethod.java:59)
	at org.junit.internal.runners.model.ReflectiveCallable.run(ReflectiveCallable.java:12)
	at org.junit.runners.model.FrameworkMethod.invokeExplosively(FrameworkMethod.java:56)
	at org.junit.internal.runners.statements.InvokeMethod.evaluate(InvokeMethod.java:17)
	at org.junit.internal.runners.statements.RunAfters.evaluate(RunAfters.java:27)
	at org.junit.internal.runners.statements.FailOnTimeout$CallableStatement.call(FailOnTimeout.java:288)
	at org.junit.internal.runners.statements.FailOnTimeout$CallableStatement.call(FailOnTimeout.java:282)
	at java.util.concurrent.FutureTask.run(FutureTask.java:266)
	at java.lang.Thread.run(Thread.java:750)
]]></system-out>
  </testcase>
  <testcase name="testRenameWithNonExistentSource" classname="TestOzoneFileSystem" time="0.032">
    <system-out><![CDATA[2022-10-10 08:42:32,453 [Time-limited test] INFO  ozone.TestOzoneFileSystem (TestOzoneFileSystem.java:testRenameWithNonExistentSource(1092)) - Created destin dir: o3fs://bucket63939.volume23299/root/dir2
2022-10-10 08:42:32,454 [Time-limited test] INFO  ozone.TestOzoneFileSystem (TestOzoneFileSystem.java:testRenameWithNonExistentSource(1094)) - Rename op-> source:o3fs://bucket63939.volume23299/root/dir1 to destin:o3fs://bucket63939.volume23299/root/dir2}
08:42:32.454 [IPC Server handler 0 on default port 37485] ERROR OMAudit - user=runner | ip=127.0.0.1 | op=GET_FILE_STATUS {volume=volume23299, bucket=bucket63939, key=root/dir1, dataSize=0, replicationConfig=null} | ret=FAILURE
org.apache.hadoop.ozone.om.exceptions.OMException: Unable to get file status: volume: volume23299 bucket: bucket63939 key: root/dir1
	at org.apache.hadoop.ozone.om.KeyManagerImpl.getOzoneFileStatus(KeyManagerImpl.java:1270) ~[ozone-manager-1.3.0-SNAPSHOT.jar:?]
	at org.apache.hadoop.ozone.om.KeyManagerImpl.getFileStatus(KeyManagerImpl.java:1200) ~[ozone-manager-1.3.0-SNAPSHOT.jar:?]
	at org.apache.hadoop.ozone.om.OzoneManager.getFileStatus(OzoneManager.java:3507) ~[ozone-manager-1.3.0-SNAPSHOT.jar:?]
	at org.apache.hadoop.ozone.protocolPB.OzoneManagerRequestHandler.getOzoneFileStatus(OzoneManagerRequestHandler.java:882) ~[ozone-manager-1.3.0-SNAPSHOT.jar:?]
	at org.apache.hadoop.ozone.protocolPB.OzoneManagerRequestHandler.handleReadRequest(OzoneManagerRequestHandler.java:228) ~[ozone-manager-1.3.0-SNAPSHOT.jar:?]
	at org.apache.hadoop.ozone.protocolPB.OzoneManagerProtocolServerSideTranslatorPB.submitRequestDirectlyToOM(OzoneManagerProtocolServerSideTranslatorPB.java:276) ~[ozone-manager-1.3.0-SNAPSHOT.jar:?]
	at org.apache.hadoop.ozone.protocolPB.OzoneManagerProtocolServerSideTranslatorPB.processRequest(OzoneManagerProtocolServerSideTranslatorPB.java:205) ~[ozone-manager-1.3.0-SNAPSHOT.jar:?]
	at org.apache.hadoop.hdds.server.OzoneProtocolMessageDispatcher.processRequest(OzoneProtocolMessageDispatcher.java:87) [hdds-server-framework-1.3.0-SNAPSHOT.jar:?]
	at org.apache.hadoop.ozone.protocolPB.OzoneManagerProtocolServerSideTranslatorPB.submitRequest(OzoneManagerProtocolServerSideTranslatorPB.java:147) [ozone-manager-1.3.0-SNAPSHOT.jar:?]
	at org.apache.hadoop.ozone.protocol.proto.OzoneManagerProtocolProtos$OzoneManagerService$2.callBlockingMethod(OzoneManagerProtocolProtos.java) [ozone-interface-client-1.3.0-SNAPSHOT.jar:?]
	at org.apache.hadoop.ipc.ProtobufRpcEngine$Server.processCall(ProtobufRpcEngine.java:466) [hadoop-common-3.3.1.jar:?]
	at org.apache.hadoop.ipc.ProtobufRpcEngine2$Server$ProtoBufRpcInvoker.call(ProtobufRpcEngine2.java:574) [hadoop-common-3.3.1.jar:?]
	at org.apache.hadoop.ipc.ProtobufRpcEngine2$Server$ProtoBufRpcInvoker.call(ProtobufRpcEngine2.java:552) [hadoop-common-3.3.1.jar:?]
	at org.apache.hadoop.ipc.RPC$Server.call(RPC.java:1093) [hadoop-common-3.3.1.jar:?]
	at org.apache.hadoop.ipc.Server$RpcCall.run(Server.java:1035) [hadoop-common-3.3.1.jar:?]
	at org.apache.hadoop.ipc.Server$RpcCall.run(Server.java:963) [hadoop-common-3.3.1.jar:?]
	at java.security.AccessController.doPrivileged(Native Method) ~[?:1.8.0_345]
	at javax.security.auth.Subject.doAs(Subject.java:422) [?:1.8.0_345]
	at org.apache.hadoop.security.UserGroupInformation.doAs(UserGroupInformation.java:1878) [hadoop-common-3.3.1.jar:?]
	at org.apache.hadoop.ipc.Server$Handler.run(Server.java:2966) [hadoop-common-3.3.1.jar:?]
2022-10-10 08:42:32,455 [Time-limited test] WARN  ozone.BasicOzoneFileSystem (BasicOzoneFileSystem.java:getFileStatus(765)) - GetFileStatus failed for path o3fs://bucket63939.volume23299/root/dir1
java.io.FileNotFoundException: root/dir1: No such file or directory!
	at org.apache.hadoop.fs.ozone.BasicOzoneClientAdapterImpl.getFileStatus(BasicOzoneClientAdapterImpl.java:369)
	at org.apache.hadoop.fs.ozone.BasicOzoneFileSystem.getFileStatus(BasicOzoneFileSystem.java:757)
	at org.apache.hadoop.fs.ozone.BasicOzoneFileSystem.rename(BasicOzoneFileSystem.java:339)
	at org.apache.hadoop.fs.ozone.TestOzoneFileSystem.testRenameWithNonExistentSource(TestOzoneFileSystem.java:1096)
	at sun.reflect.NativeMethodAccessorImpl.invoke0(Native Method)
	at sun.reflect.NativeMethodAccessorImpl.invoke(NativeMethodAccessorImpl.java:62)
	at sun.reflect.DelegatingMethodAccessorImpl.invoke(DelegatingMethodAccessorImpl.java:43)
	at java.lang.reflect.Method.invoke(Method.java:498)
	at org.junit.runners.model.FrameworkMethod$1.runReflectiveCall(FrameworkMethod.java:59)
	at org.junit.internal.runners.model.ReflectiveCallable.run(ReflectiveCallable.java:12)
	at org.junit.runners.model.FrameworkMethod.invokeExplosively(FrameworkMethod.java:56)
	at org.junit.internal.runners.statements.InvokeMethod.evaluate(InvokeMethod.java:17)
	at org.junit.internal.runners.statements.RunAfters.evaluate(RunAfters.java:27)
	at org.junit.internal.runners.statements.FailOnTimeout$CallableStatement.call(FailOnTimeout.java:288)
	at org.junit.internal.runners.statements.FailOnTimeout$CallableStatement.call(FailOnTimeout.java:282)
	at java.util.concurrent.FutureTask.run(FutureTask.java:266)
	at java.lang.Thread.run(Thread.java:750)
]]></system-out>
  </testcase>
  <testcase name="testRenameToParentDir" classname="TestOzoneFileSystem" time="0.066">
    <system-out><![CDATA[08:37:02.199 [IPC Server handler 8 on default port 46487] ERROR OMAudit - user=runner | ip=127.0.0.1 | op=LIST_STATUS {volume=volume16396, bucket=bucket39555, key=root_dir/dir2, dataSize=0, replicationConfig=null} | ret=FAILURE
org.apache.hadoop.ozone.om.exceptions.OMException: Unable to get file status: volume: volume16396 bucket: bucket39555 key: root_dir/dir2
	at org.apache.hadoop.ozone.om.KeyManagerImpl.getOzoneFileStatus(KeyManagerImpl.java:1270) ~[ozone-manager-1.3.0-SNAPSHOT.jar:?]
	at org.apache.hadoop.ozone.om.KeyManagerImpl.getFileStatus(KeyManagerImpl.java:1200) ~[ozone-manager-1.3.0-SNAPSHOT.jar:?]
	at org.apache.hadoop.ozone.om.KeyManagerImpl.listStatus(KeyManagerImpl.java:1518) ~[ozone-manager-1.3.0-SNAPSHOT.jar:?]
	at org.apache.hadoop.ozone.om.OzoneManager.listStatus(OzoneManager.java:3585) ~[ozone-manager-1.3.0-SNAPSHOT.jar:?]
	at org.apache.hadoop.ozone.protocolPB.OzoneManagerRequestHandler.listStatus(OzoneManagerRequestHandler.java:1072) ~[ozone-manager-1.3.0-SNAPSHOT.jar:?]
	at org.apache.hadoop.ozone.protocolPB.OzoneManagerRequestHandler.handleReadRequest(OzoneManagerRequestHandler.java:239) ~[ozone-manager-1.3.0-SNAPSHOT.jar:?]
	at org.apache.hadoop.ozone.protocolPB.OzoneManagerProtocolServerSideTranslatorPB.submitReadRequestToOM(OzoneManagerProtocolServerSideTranslatorPB.java:226) ~[ozone-manager-1.3.0-SNAPSHOT.jar:?]
	at org.apache.hadoop.ozone.protocolPB.OzoneManagerProtocolServerSideTranslatorPB.processRequest(OzoneManagerProtocolServerSideTranslatorPB.java:175) ~[ozone-manager-1.3.0-SNAPSHOT.jar:?]
	at org.apache.hadoop.hdds.server.OzoneProtocolMessageDispatcher.processRequest(OzoneProtocolMessageDispatcher.java:87) [hdds-server-framework-1.3.0-SNAPSHOT.jar:?]
	at org.apache.hadoop.ozone.protocolPB.OzoneManagerProtocolServerSideTranslatorPB.submitRequest(OzoneManagerProtocolServerSideTranslatorPB.java:147) [ozone-manager-1.3.0-SNAPSHOT.jar:?]
	at org.apache.hadoop.ozone.protocol.proto.OzoneManagerProtocolProtos$OzoneManagerService$2.callBlockingMethod(OzoneManagerProtocolProtos.java) [ozone-interface-client-1.3.0-SNAPSHOT.jar:?]
	at org.apache.hadoop.ipc.ProtobufRpcEngine$Server.processCall(ProtobufRpcEngine.java:466) [hadoop-common-3.3.1.jar:?]
	at org.apache.hadoop.ipc.ProtobufRpcEngine2$Server$ProtoBufRpcInvoker.call(ProtobufRpcEngine2.java:574) [hadoop-common-3.3.1.jar:?]
	at org.apache.hadoop.ipc.ProtobufRpcEngine2$Server$ProtoBufRpcInvoker.call(ProtobufRpcEngine2.java:552) [hadoop-common-3.3.1.jar:?]
	at org.apache.hadoop.ipc.RPC$Server.call(RPC.java:1093) [hadoop-common-3.3.1.jar:?]
	at org.apache.hadoop.ipc.Server$RpcCall.run(Server.java:1035) [hadoop-common-3.3.1.jar:?]
	at org.apache.hadoop.ipc.Server$RpcCall.run(Server.java:963) [hadoop-common-3.3.1.jar:?]
	at java.security.AccessController.doPrivileged(Native Method) ~[?:1.8.0_345]
	at javax.security.auth.Subject.doAs(Subject.java:422) [?:1.8.0_345]
	at org.apache.hadoop.security.UserGroupInformation.doAs(UserGroupInformation.java:1878) [hadoop-common-3.3.1.jar:?]
	at org.apache.hadoop.ipc.Server$Handler.run(Server.java:2966) [hadoop-common-3.3.1.jar:?]
08:37:02.220 [IPC Server handler 12 on default port 46487] ERROR OMAudit - user=runner | ip=127.0.0.1 | op=LIST_STATUS {volume=volume16396, bucket=bucket39555, key=root_dir/file2, dataSize=0, replicationConfig=null} | ret=FAILURE
org.apache.hadoop.ozone.om.exceptions.OMException: Unable to get file status: volume: volume16396 bucket: bucket39555 key: root_dir/file2
	at org.apache.hadoop.ozone.om.KeyManagerImpl.getOzoneFileStatus(KeyManagerImpl.java:1270) ~[ozone-manager-1.3.0-SNAPSHOT.jar:?]
	at org.apache.hadoop.ozone.om.KeyManagerImpl.getFileStatus(KeyManagerImpl.java:1200) ~[ozone-manager-1.3.0-SNAPSHOT.jar:?]
	at org.apache.hadoop.ozone.om.KeyManagerImpl.listStatus(KeyManagerImpl.java:1518) ~[ozone-manager-1.3.0-SNAPSHOT.jar:?]
	at org.apache.hadoop.ozone.om.OzoneManager.listStatus(OzoneManager.java:3585) ~[ozone-manager-1.3.0-SNAPSHOT.jar:?]
	at org.apache.hadoop.ozone.protocolPB.OzoneManagerRequestHandler.listStatus(OzoneManagerRequestHandler.java:1072) ~[ozone-manager-1.3.0-SNAPSHOT.jar:?]
	at org.apache.hadoop.ozone.protocolPB.OzoneManagerRequestHandler.handleReadRequest(OzoneManagerRequestHandler.java:239) ~[ozone-manager-1.3.0-SNAPSHOT.jar:?]
	at org.apache.hadoop.ozone.protocolPB.OzoneManagerProtocolServerSideTranslatorPB.submitReadRequestToOM(OzoneManagerProtocolServerSideTranslatorPB.java:226) ~[ozone-manager-1.3.0-SNAPSHOT.jar:?]
	at org.apache.hadoop.ozone.protocolPB.OzoneManagerProtocolServerSideTranslatorPB.processRequest(OzoneManagerProtocolServerSideTranslatorPB.java:175) ~[ozone-manager-1.3.0-SNAPSHOT.jar:?]
	at org.apache.hadoop.hdds.server.OzoneProtocolMessageDispatcher.processRequest(OzoneProtocolMessageDispatcher.java:87) [hdds-server-framework-1.3.0-SNAPSHOT.jar:?]
	at org.apache.hadoop.ozone.protocolPB.OzoneManagerProtocolServerSideTranslatorPB.submitRequest(OzoneManagerProtocolServerSideTranslatorPB.java:147) [ozone-manager-1.3.0-SNAPSHOT.jar:?]
	at org.apache.hadoop.ozone.protocol.proto.OzoneManagerProtocolProtos$OzoneManagerService$2.callBlockingMethod(OzoneManagerProtocolProtos.java) [ozone-interface-client-1.3.0-SNAPSHOT.jar:?]
	at org.apache.hadoop.ipc.ProtobufRpcEngine$Server.processCall(ProtobufRpcEngine.java:466) [hadoop-common-3.3.1.jar:?]
	at org.apache.hadoop.ipc.ProtobufRpcEngine2$Server$ProtoBufRpcInvoker.call(ProtobufRpcEngine2.java:574) [hadoop-common-3.3.1.jar:?]
	at org.apache.hadoop.ipc.ProtobufRpcEngine2$Server$ProtoBufRpcInvoker.call(ProtobufRpcEngine2.java:552) [hadoop-common-3.3.1.jar:?]
	at org.apache.hadoop.ipc.RPC$Server.call(RPC.java:1093) [hadoop-common-3.3.1.jar:?]
	at org.apache.hadoop.ipc.Server$RpcCall.run(Server.java:1035) [hadoop-common-3.3.1.jar:?]
	at org.apache.hadoop.ipc.Server$RpcCall.run(Server.java:963) [hadoop-common-3.3.1.jar:?]
	at java.security.AccessController.doPrivileged(Native Method) ~[?:1.8.0_345]
	at javax.security.auth.Subject.doAs(Subject.java:422) [?:1.8.0_345]
	at org.apache.hadoop.security.UserGroupInformation.doAs(UserGroupInformation.java:1878) [hadoop-common-3.3.1.jar:?]
	at org.apache.hadoop.ipc.Server$Handler.run(Server.java:2966) [hadoop-common-3.3.1.jar:?]
]]></system-out>
  </testcase>
  <testcase name="testRenameToParentDir" classname="TestOzoneFileSystem" time="0.063">
    <system-out><![CDATA[08:38:45.617 [IPC Server handler 1 on default port 43231] ERROR OMAudit - user=runner | ip=127.0.0.1 | op=LIST_STATUS {volume=volume27327, bucket=bucket40120, key=root_dir/dir2, dataSize=0, replicationConfig=null} | ret=FAILURE
org.apache.hadoop.ozone.om.exceptions.OMException: Unable to get file status: volume: volume27327 bucket: bucket40120 key: root_dir/dir2
	at org.apache.hadoop.ozone.om.KeyManagerImpl.getOzoneFileStatus(KeyManagerImpl.java:1270) ~[ozone-manager-1.3.0-SNAPSHOT.jar:?]
	at org.apache.hadoop.ozone.om.KeyManagerImpl.getFileStatus(KeyManagerImpl.java:1200) ~[ozone-manager-1.3.0-SNAPSHOT.jar:?]
	at org.apache.hadoop.ozone.om.KeyManagerImpl.listStatus(KeyManagerImpl.java:1518) ~[ozone-manager-1.3.0-SNAPSHOT.jar:?]
	at org.apache.hadoop.ozone.om.OzoneManager.listStatus(OzoneManager.java:3585) ~[ozone-manager-1.3.0-SNAPSHOT.jar:?]
	at org.apache.hadoop.ozone.protocolPB.OzoneManagerRequestHandler.listStatus(OzoneManagerRequestHandler.java:1072) ~[ozone-manager-1.3.0-SNAPSHOT.jar:?]
	at org.apache.hadoop.ozone.protocolPB.OzoneManagerRequestHandler.handleReadRequest(OzoneManagerRequestHandler.java:239) ~[ozone-manager-1.3.0-SNAPSHOT.jar:?]
	at org.apache.hadoop.ozone.protocolPB.OzoneManagerProtocolServerSideTranslatorPB.submitRequestDirectlyToOM(OzoneManagerProtocolServerSideTranslatorPB.java:276) ~[ozone-manager-1.3.0-SNAPSHOT.jar:?]
	at org.apache.hadoop.ozone.protocolPB.OzoneManagerProtocolServerSideTranslatorPB.processRequest(OzoneManagerProtocolServerSideTranslatorPB.java:205) ~[ozone-manager-1.3.0-SNAPSHOT.jar:?]
	at org.apache.hadoop.hdds.server.OzoneProtocolMessageDispatcher.processRequest(OzoneProtocolMessageDispatcher.java:87) [hdds-server-framework-1.3.0-SNAPSHOT.jar:?]
	at org.apache.hadoop.ozone.protocolPB.OzoneManagerProtocolServerSideTranslatorPB.submitRequest(OzoneManagerProtocolServerSideTranslatorPB.java:147) [ozone-manager-1.3.0-SNAPSHOT.jar:?]
	at org.apache.hadoop.ozone.protocol.proto.OzoneManagerProtocolProtos$OzoneManagerService$2.callBlockingMethod(OzoneManagerProtocolProtos.java) [ozone-interface-client-1.3.0-SNAPSHOT.jar:?]
	at org.apache.hadoop.ipc.ProtobufRpcEngine$Server.processCall(ProtobufRpcEngine.java:466) [hadoop-common-3.3.1.jar:?]
	at org.apache.hadoop.ipc.ProtobufRpcEngine2$Server$ProtoBufRpcInvoker.call(ProtobufRpcEngine2.java:574) [hadoop-common-3.3.1.jar:?]
	at org.apache.hadoop.ipc.ProtobufRpcEngine2$Server$ProtoBufRpcInvoker.call(ProtobufRpcEngine2.java:552) [hadoop-common-3.3.1.jar:?]
	at org.apache.hadoop.ipc.RPC$Server.call(RPC.java:1093) [hadoop-common-3.3.1.jar:?]
	at org.apache.hadoop.ipc.Server$RpcCall.run(Server.java:1035) [hadoop-common-3.3.1.jar:?]
	at org.apache.hadoop.ipc.Server$RpcCall.run(Server.java:963) [hadoop-common-3.3.1.jar:?]
	at java.security.AccessController.doPrivileged(Native Method) ~[?:1.8.0_345]
	at javax.security.auth.Subject.doAs(Subject.java:422) [?:1.8.0_345]
	at org.apache.hadoop.security.UserGroupInformation.doAs(UserGroupInformation.java:1878) [hadoop-common-3.3.1.jar:?]
	at org.apache.hadoop.ipc.Server$Handler.run(Server.java:2966) [hadoop-common-3.3.1.jar:?]
08:38:45.623 [IPC Server handler 9 on default port 43231] ERROR OMAudit - user=runner | ip=127.0.0.1 | op=LIST_STATUS {volume=volume27327, bucket=bucket40120, key=root_dir/file2, dataSize=0, replicationConfig=null} | ret=FAILURE
org.apache.hadoop.ozone.om.exceptions.OMException: Unable to get file status: volume: volume27327 bucket: bucket40120 key: root_dir/file2
	at org.apache.hadoop.ozone.om.KeyManagerImpl.getOzoneFileStatus(KeyManagerImpl.java:1270) ~[ozone-manager-1.3.0-SNAPSHOT.jar:?]
	at org.apache.hadoop.ozone.om.KeyManagerImpl.getFileStatus(KeyManagerImpl.java:1200) ~[ozone-manager-1.3.0-SNAPSHOT.jar:?]
	at org.apache.hadoop.ozone.om.KeyManagerImpl.listStatus(KeyManagerImpl.java:1518) ~[ozone-manager-1.3.0-SNAPSHOT.jar:?]
	at org.apache.hadoop.ozone.om.OzoneManager.listStatus(OzoneManager.java:3585) ~[ozone-manager-1.3.0-SNAPSHOT.jar:?]
	at org.apache.hadoop.ozone.protocolPB.OzoneManagerRequestHandler.listStatus(OzoneManagerRequestHandler.java:1072) ~[ozone-manager-1.3.0-SNAPSHOT.jar:?]
	at org.apache.hadoop.ozone.protocolPB.OzoneManagerRequestHandler.handleReadRequest(OzoneManagerRequestHandler.java:239) ~[ozone-manager-1.3.0-SNAPSHOT.jar:?]
	at org.apache.hadoop.ozone.protocolPB.OzoneManagerProtocolServerSideTranslatorPB.submitRequestDirectlyToOM(OzoneManagerProtocolServerSideTranslatorPB.java:276) ~[ozone-manager-1.3.0-SNAPSHOT.jar:?]
	at org.apache.hadoop.ozone.protocolPB.OzoneManagerProtocolServerSideTranslatorPB.processRequest(OzoneManagerProtocolServerSideTranslatorPB.java:205) ~[ozone-manager-1.3.0-SNAPSHOT.jar:?]
	at org.apache.hadoop.hdds.server.OzoneProtocolMessageDispatcher.processRequest(OzoneProtocolMessageDispatcher.java:87) [hdds-server-framework-1.3.0-SNAPSHOT.jar:?]
	at org.apache.hadoop.ozone.protocolPB.OzoneManagerProtocolServerSideTranslatorPB.submitRequest(OzoneManagerProtocolServerSideTranslatorPB.java:147) [ozone-manager-1.3.0-SNAPSHOT.jar:?]
	at org.apache.hadoop.ozone.protocol.proto.OzoneManagerProtocolProtos$OzoneManagerService$2.callBlockingMethod(OzoneManagerProtocolProtos.java) [ozone-interface-client-1.3.0-SNAPSHOT.jar:?]
	at org.apache.hadoop.ipc.ProtobufRpcEngine$Server.processCall(ProtobufRpcEngine.java:466) [hadoop-common-3.3.1.jar:?]
	at org.apache.hadoop.ipc.ProtobufRpcEngine2$Server$ProtoBufRpcInvoker.call(ProtobufRpcEngine2.java:574) [hadoop-common-3.3.1.jar:?]
	at org.apache.hadoop.ipc.ProtobufRpcEngine2$Server$ProtoBufRpcInvoker.call(ProtobufRpcEngine2.java:552) [hadoop-common-3.3.1.jar:?]
	at org.apache.hadoop.ipc.RPC$Server.call(RPC.java:1093) [hadoop-common-3.3.1.jar:?]
	at org.apache.hadoop.ipc.Server$RpcCall.run(Server.java:1035) [hadoop-common-3.3.1.jar:?]
	at org.apache.hadoop.ipc.Server$RpcCall.run(Server.java:963) [hadoop-common-3.3.1.jar:?]
	at java.security.AccessController.doPrivileged(Native Method) ~[?:1.8.0_345]
	at javax.security.auth.Subject.doAs(Subject.java:422) [?:1.8.0_345]
	at org.apache.hadoop.security.UserGroupInformation.doAs(UserGroupInformation.java:1878) [hadoop-common-3.3.1.jar:?]
	at org.apache.hadoop.ipc.Server$Handler.run(Server.java:2966) [hadoop-common-3.3.1.jar:?]
]]></system-out>
  </testcase>
  <testcase name="testRenameToParentDir" classname="TestOzoneFileSystem" time="0.061">
    <system-out><![CDATA[08:40:27.208 [IPC Server handler 16 on default port 41701] ERROR OMAudit - user=runner | ip=127.0.0.1 | op=LIST_STATUS {volume=volume83680, bucket=bucket94599, key=root_dir/dir2, dataSize=0, replicationConfig=null} | ret=FAILURE
org.apache.hadoop.ozone.om.exceptions.OMException: Unable to get file status: volume: volume83680 bucket: bucket94599 key: root_dir/dir2
	at org.apache.hadoop.ozone.om.KeyManagerImpl.getOzoneFileStatus(KeyManagerImpl.java:1270) ~[ozone-manager-1.3.0-SNAPSHOT.jar:?]
	at org.apache.hadoop.ozone.om.KeyManagerImpl.getFileStatus(KeyManagerImpl.java:1200) ~[ozone-manager-1.3.0-SNAPSHOT.jar:?]
	at org.apache.hadoop.ozone.om.KeyManagerImpl.listStatus(KeyManagerImpl.java:1518) ~[ozone-manager-1.3.0-SNAPSHOT.jar:?]
	at org.apache.hadoop.ozone.om.OzoneManager.listStatus(OzoneManager.java:3585) ~[ozone-manager-1.3.0-SNAPSHOT.jar:?]
	at org.apache.hadoop.ozone.protocolPB.OzoneManagerRequestHandler.listStatus(OzoneManagerRequestHandler.java:1072) ~[ozone-manager-1.3.0-SNAPSHOT.jar:?]
	at org.apache.hadoop.ozone.protocolPB.OzoneManagerRequestHandler.handleReadRequest(OzoneManagerRequestHandler.java:239) ~[ozone-manager-1.3.0-SNAPSHOT.jar:?]
	at org.apache.hadoop.ozone.protocolPB.OzoneManagerProtocolServerSideTranslatorPB.submitReadRequestToOM(OzoneManagerProtocolServerSideTranslatorPB.java:226) ~[ozone-manager-1.3.0-SNAPSHOT.jar:?]
	at org.apache.hadoop.ozone.protocolPB.OzoneManagerProtocolServerSideTranslatorPB.processRequest(OzoneManagerProtocolServerSideTranslatorPB.java:175) ~[ozone-manager-1.3.0-SNAPSHOT.jar:?]
	at org.apache.hadoop.hdds.server.OzoneProtocolMessageDispatcher.processRequest(OzoneProtocolMessageDispatcher.java:87) [hdds-server-framework-1.3.0-SNAPSHOT.jar:?]
	at org.apache.hadoop.ozone.protocolPB.OzoneManagerProtocolServerSideTranslatorPB.submitRequest(OzoneManagerProtocolServerSideTranslatorPB.java:147) [ozone-manager-1.3.0-SNAPSHOT.jar:?]
	at org.apache.hadoop.ozone.protocol.proto.OzoneManagerProtocolProtos$OzoneManagerService$2.callBlockingMethod(OzoneManagerProtocolProtos.java) [ozone-interface-client-1.3.0-SNAPSHOT.jar:?]
	at org.apache.hadoop.ipc.ProtobufRpcEngine$Server.processCall(ProtobufRpcEngine.java:466) [hadoop-common-3.3.1.jar:?]
	at org.apache.hadoop.ipc.ProtobufRpcEngine2$Server$ProtoBufRpcInvoker.call(ProtobufRpcEngine2.java:574) [hadoop-common-3.3.1.jar:?]
	at org.apache.hadoop.ipc.ProtobufRpcEngine2$Server$ProtoBufRpcInvoker.call(ProtobufRpcEngine2.java:552) [hadoop-common-3.3.1.jar:?]
	at org.apache.hadoop.ipc.RPC$Server.call(RPC.java:1093) [hadoop-common-3.3.1.jar:?]
	at org.apache.hadoop.ipc.Server$RpcCall.run(Server.java:1035) [hadoop-common-3.3.1.jar:?]
	at org.apache.hadoop.ipc.Server$RpcCall.run(Server.java:963) [hadoop-common-3.3.1.jar:?]
	at java.security.AccessController.doPrivileged(Native Method) ~[?:1.8.0_345]
	at javax.security.auth.Subject.doAs(Subject.java:422) [?:1.8.0_345]
	at org.apache.hadoop.security.UserGroupInformation.doAs(UserGroupInformation.java:1878) [hadoop-common-3.3.1.jar:?]
	at org.apache.hadoop.ipc.Server$Handler.run(Server.java:2966) [hadoop-common-3.3.1.jar:?]
08:40:27.238 [IPC Server handler 13 on default port 41701] ERROR OMAudit - user=runner | ip=127.0.0.1 | op=LIST_STATUS {volume=volume83680, bucket=bucket94599, key=root_dir/file2, dataSize=0, replicationConfig=null} | ret=FAILURE
org.apache.hadoop.ozone.om.exceptions.OMException: Unable to get file status: volume: volume83680 bucket: bucket94599 key: root_dir/file2
	at org.apache.hadoop.ozone.om.KeyManagerImpl.getOzoneFileStatus(KeyManagerImpl.java:1270) ~[ozone-manager-1.3.0-SNAPSHOT.jar:?]
	at org.apache.hadoop.ozone.om.KeyManagerImpl.getFileStatus(KeyManagerImpl.java:1200) ~[ozone-manager-1.3.0-SNAPSHOT.jar:?]
	at org.apache.hadoop.ozone.om.KeyManagerImpl.listStatus(KeyManagerImpl.java:1518) ~[ozone-manager-1.3.0-SNAPSHOT.jar:?]
	at org.apache.hadoop.ozone.om.OzoneManager.listStatus(OzoneManager.java:3585) ~[ozone-manager-1.3.0-SNAPSHOT.jar:?]
	at org.apache.hadoop.ozone.protocolPB.OzoneManagerRequestHandler.listStatus(OzoneManagerRequestHandler.java:1072) ~[ozone-manager-1.3.0-SNAPSHOT.jar:?]
	at org.apache.hadoop.ozone.protocolPB.OzoneManagerRequestHandler.handleReadRequest(OzoneManagerRequestHandler.java:239) ~[ozone-manager-1.3.0-SNAPSHOT.jar:?]
	at org.apache.hadoop.ozone.protocolPB.OzoneManagerProtocolServerSideTranslatorPB.submitReadRequestToOM(OzoneManagerProtocolServerSideTranslatorPB.java:226) ~[ozone-manager-1.3.0-SNAPSHOT.jar:?]
	at org.apache.hadoop.ozone.protocolPB.OzoneManagerProtocolServerSideTranslatorPB.processRequest(OzoneManagerProtocolServerSideTranslatorPB.java:175) ~[ozone-manager-1.3.0-SNAPSHOT.jar:?]
	at org.apache.hadoop.hdds.server.OzoneProtocolMessageDispatcher.processRequest(OzoneProtocolMessageDispatcher.java:87) [hdds-server-framework-1.3.0-SNAPSHOT.jar:?]
	at org.apache.hadoop.ozone.protocolPB.OzoneManagerProtocolServerSideTranslatorPB.submitRequest(OzoneManagerProtocolServerSideTranslatorPB.java:147) [ozone-manager-1.3.0-SNAPSHOT.jar:?]
	at org.apache.hadoop.ozone.protocol.proto.OzoneManagerProtocolProtos$OzoneManagerService$2.callBlockingMethod(OzoneManagerProtocolProtos.java) [ozone-interface-client-1.3.0-SNAPSHOT.jar:?]
	at org.apache.hadoop.ipc.ProtobufRpcEngine$Server.processCall(ProtobufRpcEngine.java:466) [hadoop-common-3.3.1.jar:?]
	at org.apache.hadoop.ipc.ProtobufRpcEngine2$Server$ProtoBufRpcInvoker.call(ProtobufRpcEngine2.java:574) [hadoop-common-3.3.1.jar:?]
	at org.apache.hadoop.ipc.ProtobufRpcEngine2$Server$ProtoBufRpcInvoker.call(ProtobufRpcEngine2.java:552) [hadoop-common-3.3.1.jar:?]
	at org.apache.hadoop.ipc.RPC$Server.call(RPC.java:1093) [hadoop-common-3.3.1.jar:?]
	at org.apache.hadoop.ipc.Server$RpcCall.run(Server.java:1035) [hadoop-common-3.3.1.jar:?]
	at org.apache.hadoop.ipc.Server$RpcCall.run(Server.java:963) [hadoop-common-3.3.1.jar:?]
	at java.security.AccessController.doPrivileged(Native Method) ~[?:1.8.0_345]
	at javax.security.auth.Subject.doAs(Subject.java:422) [?:1.8.0_345]
	at org.apache.hadoop.security.UserGroupInformation.doAs(UserGroupInformation.java:1878) [hadoop-common-3.3.1.jar:?]
	at org.apache.hadoop.ipc.Server$Handler.run(Server.java:2966) [hadoop-common-3.3.1.jar:?]
]]></system-out>
  </testcase>
  <testcase name="testRenameToParentDir" classname="TestOzoneFileSystem" time="0.065">
    <system-out><![CDATA[08:42:32.504 [IPC Server handler 5 on default port 37485] ERROR OMAudit - user=runner | ip=127.0.0.1 | op=LIST_STATUS {volume=volume23299, bucket=bucket63939, key=root_dir/dir2, dataSize=0, replicationConfig=null} | ret=FAILURE
org.apache.hadoop.ozone.om.exceptions.OMException: Unable to get file status: volume: volume23299 bucket: bucket63939 key: root_dir/dir2
	at org.apache.hadoop.ozone.om.KeyManagerImpl.getOzoneFileStatus(KeyManagerImpl.java:1270) ~[ozone-manager-1.3.0-SNAPSHOT.jar:?]
	at org.apache.hadoop.ozone.om.KeyManagerImpl.getFileStatus(KeyManagerImpl.java:1200) ~[ozone-manager-1.3.0-SNAPSHOT.jar:?]
	at org.apache.hadoop.ozone.om.KeyManagerImpl.listStatus(KeyManagerImpl.java:1518) ~[ozone-manager-1.3.0-SNAPSHOT.jar:?]
	at org.apache.hadoop.ozone.om.OzoneManager.listStatus(OzoneManager.java:3585) ~[ozone-manager-1.3.0-SNAPSHOT.jar:?]
	at org.apache.hadoop.ozone.protocolPB.OzoneManagerRequestHandler.listStatus(OzoneManagerRequestHandler.java:1072) ~[ozone-manager-1.3.0-SNAPSHOT.jar:?]
	at org.apache.hadoop.ozone.protocolPB.OzoneManagerRequestHandler.handleReadRequest(OzoneManagerRequestHandler.java:239) ~[ozone-manager-1.3.0-SNAPSHOT.jar:?]
	at org.apache.hadoop.ozone.protocolPB.OzoneManagerProtocolServerSideTranslatorPB.submitRequestDirectlyToOM(OzoneManagerProtocolServerSideTranslatorPB.java:276) ~[ozone-manager-1.3.0-SNAPSHOT.jar:?]
	at org.apache.hadoop.ozone.protocolPB.OzoneManagerProtocolServerSideTranslatorPB.processRequest(OzoneManagerProtocolServerSideTranslatorPB.java:205) ~[ozone-manager-1.3.0-SNAPSHOT.jar:?]
	at org.apache.hadoop.hdds.server.OzoneProtocolMessageDispatcher.processRequest(OzoneProtocolMessageDispatcher.java:87) [hdds-server-framework-1.3.0-SNAPSHOT.jar:?]
	at org.apache.hadoop.ozone.protocolPB.OzoneManagerProtocolServerSideTranslatorPB.submitRequest(OzoneManagerProtocolServerSideTranslatorPB.java:147) [ozone-manager-1.3.0-SNAPSHOT.jar:?]
	at org.apache.hadoop.ozone.protocol.proto.OzoneManagerProtocolProtos$OzoneManagerService$2.callBlockingMethod(OzoneManagerProtocolProtos.java) [ozone-interface-client-1.3.0-SNAPSHOT.jar:?]
	at org.apache.hadoop.ipc.ProtobufRpcEngine$Server.processCall(ProtobufRpcEngine.java:466) [hadoop-common-3.3.1.jar:?]
	at org.apache.hadoop.ipc.ProtobufRpcEngine2$Server$ProtoBufRpcInvoker.call(ProtobufRpcEngine2.java:574) [hadoop-common-3.3.1.jar:?]
	at org.apache.hadoop.ipc.ProtobufRpcEngine2$Server$ProtoBufRpcInvoker.call(ProtobufRpcEngine2.java:552) [hadoop-common-3.3.1.jar:?]
	at org.apache.hadoop.ipc.RPC$Server.call(RPC.java:1093) [hadoop-common-3.3.1.jar:?]
	at org.apache.hadoop.ipc.Server$RpcCall.run(Server.java:1035) [hadoop-common-3.3.1.jar:?]
	at org.apache.hadoop.ipc.Server$RpcCall.run(Server.java:963) [hadoop-common-3.3.1.jar:?]
	at java.security.AccessController.doPrivileged(Native Method) ~[?:1.8.0_345]
	at javax.security.auth.Subject.doAs(Subject.java:422) [?:1.8.0_345]
	at org.apache.hadoop.security.UserGroupInformation.doAs(UserGroupInformation.java:1878) [hadoop-common-3.3.1.jar:?]
	at org.apache.hadoop.ipc.Server$Handler.run(Server.java:2966) [hadoop-common-3.3.1.jar:?]
08:42:32.520 [IPC Server handler 7 on default port 37485] ERROR OMAudit - user=runner | ip=127.0.0.1 | op=LIST_STATUS {volume=volume23299, bucket=bucket63939, key=root_dir/file2, dataSize=0, replicationConfig=null} | ret=FAILURE
org.apache.hadoop.ozone.om.exceptions.OMException: Unable to get file status: volume: volume23299 bucket: bucket63939 key: root_dir/file2
	at org.apache.hadoop.ozone.om.KeyManagerImpl.getOzoneFileStatus(KeyManagerImpl.java:1270) ~[ozone-manager-1.3.0-SNAPSHOT.jar:?]
	at org.apache.hadoop.ozone.om.KeyManagerImpl.getFileStatus(KeyManagerImpl.java:1200) ~[ozone-manager-1.3.0-SNAPSHOT.jar:?]
	at org.apache.hadoop.ozone.om.KeyManagerImpl.listStatus(KeyManagerImpl.java:1518) ~[ozone-manager-1.3.0-SNAPSHOT.jar:?]
	at org.apache.hadoop.ozone.om.OzoneManager.listStatus(OzoneManager.java:3585) ~[ozone-manager-1.3.0-SNAPSHOT.jar:?]
	at org.apache.hadoop.ozone.protocolPB.OzoneManagerRequestHandler.listStatus(OzoneManagerRequestHandler.java:1072) ~[ozone-manager-1.3.0-SNAPSHOT.jar:?]
	at org.apache.hadoop.ozone.protocolPB.OzoneManagerRequestHandler.handleReadRequest(OzoneManagerRequestHandler.java:239) ~[ozone-manager-1.3.0-SNAPSHOT.jar:?]
	at org.apache.hadoop.ozone.protocolPB.OzoneManagerProtocolServerSideTranslatorPB.submitRequestDirectlyToOM(OzoneManagerProtocolServerSideTranslatorPB.java:276) ~[ozone-manager-1.3.0-SNAPSHOT.jar:?]
	at org.apache.hadoop.ozone.protocolPB.OzoneManagerProtocolServerSideTranslatorPB.processRequest(OzoneManagerProtocolServerSideTranslatorPB.java:205) ~[ozone-manager-1.3.0-SNAPSHOT.jar:?]
	at org.apache.hadoop.hdds.server.OzoneProtocolMessageDispatcher.processRequest(OzoneProtocolMessageDispatcher.java:87) [hdds-server-framework-1.3.0-SNAPSHOT.jar:?]
	at org.apache.hadoop.ozone.protocolPB.OzoneManagerProtocolServerSideTranslatorPB.submitRequest(OzoneManagerProtocolServerSideTranslatorPB.java:147) [ozone-manager-1.3.0-SNAPSHOT.jar:?]
	at org.apache.hadoop.ozone.protocol.proto.OzoneManagerProtocolProtos$OzoneManagerService$2.callBlockingMethod(OzoneManagerProtocolProtos.java) [ozone-interface-client-1.3.0-SNAPSHOT.jar:?]
	at org.apache.hadoop.ipc.ProtobufRpcEngine$Server.processCall(ProtobufRpcEngine.java:466) [hadoop-common-3.3.1.jar:?]
	at org.apache.hadoop.ipc.ProtobufRpcEngine2$Server$ProtoBufRpcInvoker.call(ProtobufRpcEngine2.java:574) [hadoop-common-3.3.1.jar:?]
	at org.apache.hadoop.ipc.ProtobufRpcEngine2$Server$ProtoBufRpcInvoker.call(ProtobufRpcEngine2.java:552) [hadoop-common-3.3.1.jar:?]
	at org.apache.hadoop.ipc.RPC$Server.call(RPC.java:1093) [hadoop-common-3.3.1.jar:?]
	at org.apache.hadoop.ipc.Server$RpcCall.run(Server.java:1035) [hadoop-common-3.3.1.jar:?]
	at org.apache.hadoop.ipc.Server$RpcCall.run(Server.java:963) [hadoop-common-3.3.1.jar:?]
	at java.security.AccessController.doPrivileged(Native Method) ~[?:1.8.0_345]
	at javax.security.auth.Subject.doAs(Subject.java:422) [?:1.8.0_345]
	at org.apache.hadoop.security.UserGroupInformation.doAs(UserGroupInformation.java:1878) [hadoop-common-3.3.1.jar:?]
	at org.apache.hadoop.ipc.Server$Handler.run(Server.java:2966) [hadoop-common-3.3.1.jar:?]
]]></system-out>
  </testcase>
  <testcase name="testListStatusOnSubDirs" classname="TestOzoneFileSystem" time="0.045"/>
  <testcase name="testListStatusOnSubDirs" classname="TestOzoneFileSystem" time="0.033"/>
  <testcase name="testListStatusOnSubDirs" classname="TestOzoneFileSystem" time="0.069"/>
  <testcase name="testListStatusOnSubDirs" classname="TestOzoneFileSystem" time="0.023"/>
  <testcase name="testListStatus" classname="TestOzoneFileSystem" time="0.069"/>
  <testcase name="testListStatus" classname="TestOzoneFileSystem" time="0.064"/>
  <testcase name="testListStatus" classname="TestOzoneFileSystem" time="0.075"/>
  <testcase name="testListStatus" classname="TestOzoneFileSystem" time="0.052"/>
  <testcase name="testRecursiveDelete" classname="TestOzoneFileSystem" time="0.308">
    <system-out><![CDATA[08:37:02.479 [IPC Server handler 0 on default port 46487] ERROR OMAudit - user=runner | ip=127.0.0.1 | op=GET_FILE_STATUS {volume=volume16396, bucket=bucket39555, key=gdir1, dataSize=0, replicationConfig=null} | ret=FAILURE
org.apache.hadoop.ozone.om.exceptions.OMException: Unable to get file status: volume: volume16396 bucket: bucket39555 key: gdir1
	at org.apache.hadoop.ozone.om.KeyManagerImpl.getOzoneFileStatus(KeyManagerImpl.java:1270) ~[ozone-manager-1.3.0-SNAPSHOT.jar:?]
	at org.apache.hadoop.ozone.om.KeyManagerImpl.getFileStatus(KeyManagerImpl.java:1200) ~[ozone-manager-1.3.0-SNAPSHOT.jar:?]
	at org.apache.hadoop.ozone.om.OzoneManager.getFileStatus(OzoneManager.java:3507) ~[ozone-manager-1.3.0-SNAPSHOT.jar:?]
	at org.apache.hadoop.ozone.protocolPB.OzoneManagerRequestHandler.getOzoneFileStatus(OzoneManagerRequestHandler.java:882) ~[ozone-manager-1.3.0-SNAPSHOT.jar:?]
	at org.apache.hadoop.ozone.protocolPB.OzoneManagerRequestHandler.handleReadRequest(OzoneManagerRequestHandler.java:228) ~[ozone-manager-1.3.0-SNAPSHOT.jar:?]
	at org.apache.hadoop.ozone.protocolPB.OzoneManagerProtocolServerSideTranslatorPB.submitReadRequestToOM(OzoneManagerProtocolServerSideTranslatorPB.java:226) ~[ozone-manager-1.3.0-SNAPSHOT.jar:?]
	at org.apache.hadoop.ozone.protocolPB.OzoneManagerProtocolServerSideTranslatorPB.processRequest(OzoneManagerProtocolServerSideTranslatorPB.java:175) ~[ozone-manager-1.3.0-SNAPSHOT.jar:?]
	at org.apache.hadoop.hdds.server.OzoneProtocolMessageDispatcher.processRequest(OzoneProtocolMessageDispatcher.java:87) [hdds-server-framework-1.3.0-SNAPSHOT.jar:?]
	at org.apache.hadoop.ozone.protocolPB.OzoneManagerProtocolServerSideTranslatorPB.submitRequest(OzoneManagerProtocolServerSideTranslatorPB.java:147) [ozone-manager-1.3.0-SNAPSHOT.jar:?]
	at org.apache.hadoop.ozone.protocol.proto.OzoneManagerProtocolProtos$OzoneManagerService$2.callBlockingMethod(OzoneManagerProtocolProtos.java) [ozone-interface-client-1.3.0-SNAPSHOT.jar:?]
	at org.apache.hadoop.ipc.ProtobufRpcEngine$Server.processCall(ProtobufRpcEngine.java:466) [hadoop-common-3.3.1.jar:?]
	at org.apache.hadoop.ipc.ProtobufRpcEngine2$Server$ProtoBufRpcInvoker.call(ProtobufRpcEngine2.java:574) [hadoop-common-3.3.1.jar:?]
	at org.apache.hadoop.ipc.ProtobufRpcEngine2$Server$ProtoBufRpcInvoker.call(ProtobufRpcEngine2.java:552) [hadoop-common-3.3.1.jar:?]
	at org.apache.hadoop.ipc.RPC$Server.call(RPC.java:1093) [hadoop-common-3.3.1.jar:?]
	at org.apache.hadoop.ipc.Server$RpcCall.run(Server.java:1035) [hadoop-common-3.3.1.jar:?]
	at org.apache.hadoop.ipc.Server$RpcCall.run(Server.java:963) [hadoop-common-3.3.1.jar:?]
	at java.security.AccessController.doPrivileged(Native Method) ~[?:1.8.0_345]
	at javax.security.auth.Subject.doAs(Subject.java:422) [?:1.8.0_345]
	at org.apache.hadoop.security.UserGroupInformation.doAs(UserGroupInformation.java:1878) [hadoop-common-3.3.1.jar:?]
	at org.apache.hadoop.ipc.Server$Handler.run(Server.java:2966) [hadoop-common-3.3.1.jar:?]
2022-10-10 08:37:02,480 [Time-limited test] WARN  ozone.BasicOzoneFileSystem (BasicOzoneFileSystem.java:getFileStatus(765)) - GetFileStatus failed for path /gdir1
java.io.FileNotFoundException: gdir1: No such file or directory!
	at org.apache.hadoop.fs.ozone.BasicOzoneClientAdapterImpl.getFileStatus(BasicOzoneClientAdapterImpl.java:369)
	at org.apache.hadoop.fs.ozone.BasicOzoneFileSystem.getFileStatus(BasicOzoneFileSystem.java:757)
	at org.apache.hadoop.fs.ozone.TestOzoneFileSystem.checkPath(TestOzoneFileSystem.java:502)
	at org.apache.hadoop.fs.ozone.TestOzoneFileSystem.testRecursiveDelete(TestOzoneFileSystem.java:452)
	at sun.reflect.NativeMethodAccessorImpl.invoke0(Native Method)
	at sun.reflect.NativeMethodAccessorImpl.invoke(NativeMethodAccessorImpl.java:62)
	at sun.reflect.DelegatingMethodAccessorImpl.invoke(DelegatingMethodAccessorImpl.java:43)
	at java.lang.reflect.Method.invoke(Method.java:498)
	at org.junit.runners.model.FrameworkMethod$1.runReflectiveCall(FrameworkMethod.java:59)
	at org.junit.internal.runners.model.ReflectiveCallable.run(ReflectiveCallable.java:12)
	at org.junit.runners.model.FrameworkMethod.invokeExplosively(FrameworkMethod.java:56)
	at org.junit.internal.runners.statements.InvokeMethod.evaluate(InvokeMethod.java:17)
	at org.junit.internal.runners.statements.RunAfters.evaluate(RunAfters.java:27)
	at org.junit.internal.runners.statements.FailOnTimeout$CallableStatement.call(FailOnTimeout.java:288)
	at org.junit.internal.runners.statements.FailOnTimeout$CallableStatement.call(FailOnTimeout.java:282)
	at java.util.concurrent.FutureTask.run(FutureTask.java:266)
	at java.lang.Thread.run(Thread.java:750)
08:37:02.481 [IPC Server handler 7 on default port 46487] ERROR OMAudit - user=runner | ip=127.0.0.1 | op=GET_FILE_STATUS {volume=volume16396, bucket=bucket39555, key=gdir1/dir1, dataSize=0, replicationConfig=null} | ret=FAILURE
org.apache.hadoop.ozone.om.exceptions.OMException: Unable to get file status: volume: volume16396 bucket: bucket39555 key: gdir1/dir1
	at org.apache.hadoop.ozone.om.KeyManagerImpl.getOzoneFileStatus(KeyManagerImpl.java:1270) ~[ozone-manager-1.3.0-SNAPSHOT.jar:?]
	at org.apache.hadoop.ozone.om.KeyManagerImpl.getFileStatus(KeyManagerImpl.java:1200) ~[ozone-manager-1.3.0-SNAPSHOT.jar:?]
	at org.apache.hadoop.ozone.om.OzoneManager.getFileStatus(OzoneManager.java:3507) ~[ozone-manager-1.3.0-SNAPSHOT.jar:?]
	at org.apache.hadoop.ozone.protocolPB.OzoneManagerRequestHandler.getOzoneFileStatus(OzoneManagerRequestHandler.java:882) ~[ozone-manager-1.3.0-SNAPSHOT.jar:?]
	at org.apache.hadoop.ozone.protocolPB.OzoneManagerRequestHandler.handleReadRequest(OzoneManagerRequestHandler.java:228) ~[ozone-manager-1.3.0-SNAPSHOT.jar:?]
	at org.apache.hadoop.ozone.protocolPB.OzoneManagerProtocolServerSideTranslatorPB.submitReadRequestToOM(OzoneManagerProtocolServerSideTranslatorPB.java:226) ~[ozone-manager-1.3.0-SNAPSHOT.jar:?]
	at org.apache.hadoop.ozone.protocolPB.OzoneManagerProtocolServerSideTranslatorPB.processRequest(OzoneManagerProtocolServerSideTranslatorPB.java:175) ~[ozone-manager-1.3.0-SNAPSHOT.jar:?]
	at org.apache.hadoop.hdds.server.OzoneProtocolMessageDispatcher.processRequest(OzoneProtocolMessageDispatcher.java:87) [hdds-server-framework-1.3.0-SNAPSHOT.jar:?]
	at org.apache.hadoop.ozone.protocolPB.OzoneManagerProtocolServerSideTranslatorPB.submitRequest(OzoneManagerProtocolServerSideTranslatorPB.java:147) [ozone-manager-1.3.0-SNAPSHOT.jar:?]
	at org.apache.hadoop.ozone.protocol.proto.OzoneManagerProtocolProtos$OzoneManagerService$2.callBlockingMethod(OzoneManagerProtocolProtos.java) [ozone-interface-client-1.3.0-SNAPSHOT.jar:?]
	at org.apache.hadoop.ipc.ProtobufRpcEngine$Server.processCall(ProtobufRpcEngine.java:466) [hadoop-common-3.3.1.jar:?]
	at org.apache.hadoop.ipc.ProtobufRpcEngine2$Server$ProtoBufRpcInvoker.call(ProtobufRpcEngine2.java:574) [hadoop-common-3.3.1.jar:?]
	at org.apache.hadoop.ipc.ProtobufRpcEngine2$Server$ProtoBufRpcInvoker.call(ProtobufRpcEngine2.java:552) [hadoop-common-3.3.1.jar:?]
	at org.apache.hadoop.ipc.RPC$Server.call(RPC.java:1093) [hadoop-common-3.3.1.jar:?]
	at org.apache.hadoop.ipc.Server$RpcCall.run(Server.java:1035) [hadoop-common-3.3.1.jar:?]
	at org.apache.hadoop.ipc.Server$RpcCall.run(Server.java:963) [hadoop-common-3.3.1.jar:?]
	at java.security.AccessController.doPrivileged(Native Method) ~[?:1.8.0_345]
	at javax.security.auth.Subject.doAs(Subject.java:422) [?:1.8.0_345]
	at org.apache.hadoop.security.UserGroupInformation.doAs(UserGroupInformation.java:1878) [hadoop-common-3.3.1.jar:?]
	at org.apache.hadoop.ipc.Server$Handler.run(Server.java:2966) [hadoop-common-3.3.1.jar:?]
2022-10-10 08:37:02,482 [Time-limited test] WARN  ozone.BasicOzoneFileSystem (BasicOzoneFileSystem.java:getFileStatus(765)) - GetFileStatus failed for path /gdir1/dir1
java.io.FileNotFoundException: gdir1/dir1: No such file or directory!
	at org.apache.hadoop.fs.ozone.BasicOzoneClientAdapterImpl.getFileStatus(BasicOzoneClientAdapterImpl.java:369)
	at org.apache.hadoop.fs.ozone.BasicOzoneFileSystem.getFileStatus(BasicOzoneFileSystem.java:757)
	at org.apache.hadoop.fs.ozone.TestOzoneFileSystem.checkPath(TestOzoneFileSystem.java:502)
	at org.apache.hadoop.fs.ozone.TestOzoneFileSystem.testRecursiveDelete(TestOzoneFileSystem.java:457)
	at sun.reflect.NativeMethodAccessorImpl.invoke0(Native Method)
	at sun.reflect.NativeMethodAccessorImpl.invoke(NativeMethodAccessorImpl.java:62)
	at sun.reflect.DelegatingMethodAccessorImpl.invoke(DelegatingMethodAccessorImpl.java:43)
	at java.lang.reflect.Method.invoke(Method.java:498)
	at org.junit.runners.model.FrameworkMethod$1.runReflectiveCall(FrameworkMethod.java:59)
	at org.junit.internal.runners.model.ReflectiveCallable.run(ReflectiveCallable.java:12)
	at org.junit.runners.model.FrameworkMethod.invokeExplosively(FrameworkMethod.java:56)
	at org.junit.internal.runners.statements.InvokeMethod.evaluate(InvokeMethod.java:17)
	at org.junit.internal.runners.statements.RunAfters.evaluate(RunAfters.java:27)
	at org.junit.internal.runners.statements.FailOnTimeout$CallableStatement.call(FailOnTimeout.java:288)
	at org.junit.internal.runners.statements.FailOnTimeout$CallableStatement.call(FailOnTimeout.java:282)
	at java.util.concurrent.FutureTask.run(FutureTask.java:266)
	at java.lang.Thread.run(Thread.java:750)
08:37:02.483 [IPC Server handler 6 on default port 46487] ERROR OMAudit - user=runner | ip=127.0.0.1 | op=GET_FILE_STATUS {volume=volume16396, bucket=bucket39555, key=gdir1/dir1/child, dataSize=0, replicationConfig=null} | ret=FAILURE
org.apache.hadoop.ozone.om.exceptions.OMException: Unable to get file status: volume: volume16396 bucket: bucket39555 key: gdir1/dir1/child
	at org.apache.hadoop.ozone.om.KeyManagerImpl.getOzoneFileStatus(KeyManagerImpl.java:1270) ~[ozone-manager-1.3.0-SNAPSHOT.jar:?]
	at org.apache.hadoop.ozone.om.KeyManagerImpl.getFileStatus(KeyManagerImpl.java:1200) ~[ozone-manager-1.3.0-SNAPSHOT.jar:?]
	at org.apache.hadoop.ozone.om.OzoneManager.getFileStatus(OzoneManager.java:3507) ~[ozone-manager-1.3.0-SNAPSHOT.jar:?]
	at org.apache.hadoop.ozone.protocolPB.OzoneManagerRequestHandler.getOzoneFileStatus(OzoneManagerRequestHandler.java:882) ~[ozone-manager-1.3.0-SNAPSHOT.jar:?]
	at org.apache.hadoop.ozone.protocolPB.OzoneManagerRequestHandler.handleReadRequest(OzoneManagerRequestHandler.java:228) ~[ozone-manager-1.3.0-SNAPSHOT.jar:?]
	at org.apache.hadoop.ozone.protocolPB.OzoneManagerProtocolServerSideTranslatorPB.submitReadRequestToOM(OzoneManagerProtocolServerSideTranslatorPB.java:226) ~[ozone-manager-1.3.0-SNAPSHOT.jar:?]
	at org.apache.hadoop.ozone.protocolPB.OzoneManagerProtocolServerSideTranslatorPB.processRequest(OzoneManagerProtocolServerSideTranslatorPB.java:175) ~[ozone-manager-1.3.0-SNAPSHOT.jar:?]
	at org.apache.hadoop.hdds.server.OzoneProtocolMessageDispatcher.processRequest(OzoneProtocolMessageDispatcher.java:87) [hdds-server-framework-1.3.0-SNAPSHOT.jar:?]
	at org.apache.hadoop.ozone.protocolPB.OzoneManagerProtocolServerSideTranslatorPB.submitRequest(OzoneManagerProtocolServerSideTranslatorPB.java:147) [ozone-manager-1.3.0-SNAPSHOT.jar:?]
	at org.apache.hadoop.ozone.protocol.proto.OzoneManagerProtocolProtos$OzoneManagerService$2.callBlockingMethod(OzoneManagerProtocolProtos.java) [ozone-interface-client-1.3.0-SNAPSHOT.jar:?]
	at org.apache.hadoop.ipc.ProtobufRpcEngine$Server.processCall(ProtobufRpcEngine.java:466) [hadoop-common-3.3.1.jar:?]
	at org.apache.hadoop.ipc.ProtobufRpcEngine2$Server$ProtoBufRpcInvoker.call(ProtobufRpcEngine2.java:574) [hadoop-common-3.3.1.jar:?]
	at org.apache.hadoop.ipc.ProtobufRpcEngine2$Server$ProtoBufRpcInvoker.call(ProtobufRpcEngine2.java:552) [hadoop-common-3.3.1.jar:?]
	at org.apache.hadoop.ipc.RPC$Server.call(RPC.java:1093) [hadoop-common-3.3.1.jar:?]
	at org.apache.hadoop.ipc.Server$RpcCall.run(Server.java:1035) [hadoop-common-3.3.1.jar:?]
	at org.apache.hadoop.ipc.Server$RpcCall.run(Server.java:963) [hadoop-common-3.3.1.jar:?]
	at java.security.AccessController.doPrivileged(Native Method) ~[?:1.8.0_345]
	at javax.security.auth.Subject.doAs(Subject.java:422) [?:1.8.0_345]
	at org.apache.hadoop.security.UserGroupInformation.doAs(UserGroupInformation.java:1878) [hadoop-common-3.3.1.jar:?]
	at org.apache.hadoop.ipc.Server$Handler.run(Server.java:2966) [hadoop-common-3.3.1.jar:?]
2022-10-10 08:37:02,483 [Time-limited test] WARN  ozone.BasicOzoneFileSystem (BasicOzoneFileSystem.java:getFileStatus(765)) - GetFileStatus failed for path /gdir1/dir1/child
java.io.FileNotFoundException: gdir1/dir1/child: No such file or directory!
	at org.apache.hadoop.fs.ozone.BasicOzoneClientAdapterImpl.getFileStatus(BasicOzoneClientAdapterImpl.java:369)
	at org.apache.hadoop.fs.ozone.BasicOzoneFileSystem.getFileStatus(BasicOzoneFileSystem.java:757)
	at org.apache.hadoop.fs.ozone.TestOzoneFileSystem.checkPath(TestOzoneFileSystem.java:502)
	at org.apache.hadoop.fs.ozone.TestOzoneFileSystem.testRecursiveDelete(TestOzoneFileSystem.java:458)
	at sun.reflect.NativeMethodAccessorImpl.invoke0(Native Method)
	at sun.reflect.NativeMethodAccessorImpl.invoke(NativeMethodAccessorImpl.java:62)
	at sun.reflect.DelegatingMethodAccessorImpl.invoke(DelegatingMethodAccessorImpl.java:43)
	at java.lang.reflect.Method.invoke(Method.java:498)
	at org.junit.runners.model.FrameworkMethod$1.runReflectiveCall(FrameworkMethod.java:59)
	at org.junit.internal.runners.model.ReflectiveCallable.run(ReflectiveCallable.java:12)
	at org.junit.runners.model.FrameworkMethod.invokeExplosively(FrameworkMethod.java:56)
	at org.junit.internal.runners.statements.InvokeMethod.evaluate(InvokeMethod.java:17)
	at org.junit.internal.runners.statements.RunAfters.evaluate(RunAfters.java:27)
	at org.junit.internal.runners.statements.FailOnTimeout$CallableStatement.call(FailOnTimeout.java:288)
	at org.junit.internal.runners.statements.FailOnTimeout$CallableStatement.call(FailOnTimeout.java:282)
	at java.util.concurrent.FutureTask.run(FutureTask.java:266)
	at java.lang.Thread.run(Thread.java:750)
08:37:02.484 [IPC Server handler 2 on default port 46487] ERROR OMAudit - user=runner | ip=127.0.0.1 | op=GET_FILE_STATUS {volume=volume16396, bucket=bucket39555, key=gdir1/dir2, dataSize=0, replicationConfig=null} | ret=FAILURE
org.apache.hadoop.ozone.om.exceptions.OMException: Unable to get file status: volume: volume16396 bucket: bucket39555 key: gdir1/dir2
	at org.apache.hadoop.ozone.om.KeyManagerImpl.getOzoneFileStatus(KeyManagerImpl.java:1270) ~[ozone-manager-1.3.0-SNAPSHOT.jar:?]
	at org.apache.hadoop.ozone.om.KeyManagerImpl.getFileStatus(KeyManagerImpl.java:1200) ~[ozone-manager-1.3.0-SNAPSHOT.jar:?]
	at org.apache.hadoop.ozone.om.OzoneManager.getFileStatus(OzoneManager.java:3507) ~[ozone-manager-1.3.0-SNAPSHOT.jar:?]
	at org.apache.hadoop.ozone.protocolPB.OzoneManagerRequestHandler.getOzoneFileStatus(OzoneManagerRequestHandler.java:882) ~[ozone-manager-1.3.0-SNAPSHOT.jar:?]
	at org.apache.hadoop.ozone.protocolPB.OzoneManagerRequestHandler.handleReadRequest(OzoneManagerRequestHandler.java:228) ~[ozone-manager-1.3.0-SNAPSHOT.jar:?]
	at org.apache.hadoop.ozone.protocolPB.OzoneManagerProtocolServerSideTranslatorPB.submitReadRequestToOM(OzoneManagerProtocolServerSideTranslatorPB.java:226) ~[ozone-manager-1.3.0-SNAPSHOT.jar:?]
	at org.apache.hadoop.ozone.protocolPB.OzoneManagerProtocolServerSideTranslatorPB.processRequest(OzoneManagerProtocolServerSideTranslatorPB.java:175) ~[ozone-manager-1.3.0-SNAPSHOT.jar:?]
	at org.apache.hadoop.hdds.server.OzoneProtocolMessageDispatcher.processRequest(OzoneProtocolMessageDispatcher.java:87) [hdds-server-framework-1.3.0-SNAPSHOT.jar:?]
	at org.apache.hadoop.ozone.protocolPB.OzoneManagerProtocolServerSideTranslatorPB.submitRequest(OzoneManagerProtocolServerSideTranslatorPB.java:147) [ozone-manager-1.3.0-SNAPSHOT.jar:?]
	at org.apache.hadoop.ozone.protocol.proto.OzoneManagerProtocolProtos$OzoneManagerService$2.callBlockingMethod(OzoneManagerProtocolProtos.java) [ozone-interface-client-1.3.0-SNAPSHOT.jar:?]
	at org.apache.hadoop.ipc.ProtobufRpcEngine$Server.processCall(ProtobufRpcEngine.java:466) [hadoop-common-3.3.1.jar:?]
	at org.apache.hadoop.ipc.ProtobufRpcEngine2$Server$ProtoBufRpcInvoker.call(ProtobufRpcEngine2.java:574) [hadoop-common-3.3.1.jar:?]
	at org.apache.hadoop.ipc.ProtobufRpcEngine2$Server$ProtoBufRpcInvoker.call(ProtobufRpcEngine2.java:552) [hadoop-common-3.3.1.jar:?]
	at org.apache.hadoop.ipc.RPC$Server.call(RPC.java:1093) [hadoop-common-3.3.1.jar:?]
	at org.apache.hadoop.ipc.Server$RpcCall.run(Server.java:1035) [hadoop-common-3.3.1.jar:?]
	at org.apache.hadoop.ipc.Server$RpcCall.run(Server.java:963) [hadoop-common-3.3.1.jar:?]
	at java.security.AccessController.doPrivileged(Native Method) ~[?:1.8.0_345]
	at javax.security.auth.Subject.doAs(Subject.java:422) [?:1.8.0_345]
	at org.apache.hadoop.security.UserGroupInformation.doAs(UserGroupInformation.java:1878) [hadoop-common-3.3.1.jar:?]
	at org.apache.hadoop.ipc.Server$Handler.run(Server.java:2966) [hadoop-common-3.3.1.jar:?]
2022-10-10 08:37:02,485 [Time-limited test] WARN  ozone.BasicOzoneFileSystem (BasicOzoneFileSystem.java:getFileStatus(765)) - GetFileStatus failed for path /gdir1/dir2
java.io.FileNotFoundException: gdir1/dir2: No such file or directory!
	at org.apache.hadoop.fs.ozone.BasicOzoneClientAdapterImpl.getFileStatus(BasicOzoneClientAdapterImpl.java:369)
	at org.apache.hadoop.fs.ozone.BasicOzoneFileSystem.getFileStatus(BasicOzoneFileSystem.java:757)
	at org.apache.hadoop.fs.ozone.TestOzoneFileSystem.checkPath(TestOzoneFileSystem.java:502)
	at org.apache.hadoop.fs.ozone.TestOzoneFileSystem.testRecursiveDelete(TestOzoneFileSystem.java:457)
	at sun.reflect.NativeMethodAccessorImpl.invoke0(Native Method)
	at sun.reflect.NativeMethodAccessorImpl.invoke(NativeMethodAccessorImpl.java:62)
	at sun.reflect.DelegatingMethodAccessorImpl.invoke(DelegatingMethodAccessorImpl.java:43)
	at java.lang.reflect.Method.invoke(Method.java:498)
	at org.junit.runners.model.FrameworkMethod$1.runReflectiveCall(FrameworkMethod.java:59)
	at org.junit.internal.runners.model.ReflectiveCallable.run(ReflectiveCallable.java:12)
	at org.junit.runners.model.FrameworkMethod.invokeExplosively(FrameworkMethod.java:56)
	at org.junit.internal.runners.statements.InvokeMethod.evaluate(InvokeMethod.java:17)
	at org.junit.internal.runners.statements.RunAfters.evaluate(RunAfters.java:27)
	at org.junit.internal.runners.statements.FailOnTimeout$CallableStatement.call(FailOnTimeout.java:288)
	at org.junit.internal.runners.statements.FailOnTimeout$CallableStatement.call(FailOnTimeout.java:282)
	at java.util.concurrent.FutureTask.run(FutureTask.java:266)
	at java.lang.Thread.run(Thread.java:750)
08:37:02.486 [IPC Server handler 4 on default port 46487] ERROR OMAudit - user=runner | ip=127.0.0.1 | op=GET_FILE_STATUS {volume=volume16396, bucket=bucket39555, key=gdir1/dir2/child, dataSize=0, replicationConfig=null} | ret=FAILURE
org.apache.hadoop.ozone.om.exceptions.OMException: Unable to get file status: volume: volume16396 bucket: bucket39555 key: gdir1/dir2/child
	at org.apache.hadoop.ozone.om.KeyManagerImpl.getOzoneFileStatus(KeyManagerImpl.java:1270) ~[ozone-manager-1.3.0-SNAPSHOT.jar:?]
	at org.apache.hadoop.ozone.om.KeyManagerImpl.getFileStatus(KeyManagerImpl.java:1200) ~[ozone-manager-1.3.0-SNAPSHOT.jar:?]
	at org.apache.hadoop.ozone.om.OzoneManager.getFileStatus(OzoneManager.java:3507) ~[ozone-manager-1.3.0-SNAPSHOT.jar:?]
	at org.apache.hadoop.ozone.protocolPB.OzoneManagerRequestHandler.getOzoneFileStatus(OzoneManagerRequestHandler.java:882) ~[ozone-manager-1.3.0-SNAPSHOT.jar:?]
	at org.apache.hadoop.ozone.protocolPB.OzoneManagerRequestHandler.handleReadRequest(OzoneManagerRequestHandler.java:228) ~[ozone-manager-1.3.0-SNAPSHOT.jar:?]
	at org.apache.hadoop.ozone.protocolPB.OzoneManagerProtocolServerSideTranslatorPB.submitReadRequestToOM(OzoneManagerProtocolServerSideTranslatorPB.java:226) ~[ozone-manager-1.3.0-SNAPSHOT.jar:?]
	at org.apache.hadoop.ozone.protocolPB.OzoneManagerProtocolServerSideTranslatorPB.processRequest(OzoneManagerProtocolServerSideTranslatorPB.java:175) ~[ozone-manager-1.3.0-SNAPSHOT.jar:?]
	at org.apache.hadoop.hdds.server.OzoneProtocolMessageDispatcher.processRequest(OzoneProtocolMessageDispatcher.java:87) [hdds-server-framework-1.3.0-SNAPSHOT.jar:?]
	at org.apache.hadoop.ozone.protocolPB.OzoneManagerProtocolServerSideTranslatorPB.submitRequest(OzoneManagerProtocolServerSideTranslatorPB.java:147) [ozone-manager-1.3.0-SNAPSHOT.jar:?]
	at org.apache.hadoop.ozone.protocol.proto.OzoneManagerProtocolProtos$OzoneManagerService$2.callBlockingMethod(OzoneManagerProtocolProtos.java) [ozone-interface-client-1.3.0-SNAPSHOT.jar:?]
	at org.apache.hadoop.ipc.ProtobufRpcEngine$Server.processCall(ProtobufRpcEngine.java:466) [hadoop-common-3.3.1.jar:?]
	at org.apache.hadoop.ipc.ProtobufRpcEngine2$Server$ProtoBufRpcInvoker.call(ProtobufRpcEngine2.java:574) [hadoop-common-3.3.1.jar:?]
	at org.apache.hadoop.ipc.ProtobufRpcEngine2$Server$ProtoBufRpcInvoker.call(ProtobufRpcEngine2.java:552) [hadoop-common-3.3.1.jar:?]
	at org.apache.hadoop.ipc.RPC$Server.call(RPC.java:1093) [hadoop-common-3.3.1.jar:?]
	at org.apache.hadoop.ipc.Server$RpcCall.run(Server.java:1035) [hadoop-common-3.3.1.jar:?]
	at org.apache.hadoop.ipc.Server$RpcCall.run(Server.java:963) [hadoop-common-3.3.1.jar:?]
	at java.security.AccessController.doPrivileged(Native Method) ~[?:1.8.0_345]
	at javax.security.auth.Subject.doAs(Subject.java:422) [?:1.8.0_345]
	at org.apache.hadoop.security.UserGroupInformation.doAs(UserGroupInformation.java:1878) [hadoop-common-3.3.1.jar:?]
	at org.apache.hadoop.ipc.Server$Handler.run(Server.java:2966) [hadoop-common-3.3.1.jar:?]
2022-10-10 08:37:02,486 [Time-limited test] WARN  ozone.BasicOzoneFileSystem (BasicOzoneFileSystem.java:getFileStatus(765)) - GetFileStatus failed for path /gdir1/dir2/child
java.io.FileNotFoundException: gdir1/dir2/child: No such file or directory!
	at org.apache.hadoop.fs.ozone.BasicOzoneClientAdapterImpl.getFileStatus(BasicOzoneClientAdapterImpl.java:369)
	at org.apache.hadoop.fs.ozone.BasicOzoneFileSystem.getFileStatus(BasicOzoneFileSystem.java:757)
	at org.apache.hadoop.fs.ozone.TestOzoneFileSystem.checkPath(TestOzoneFileSystem.java:502)
	at org.apache.hadoop.fs.ozone.TestOzoneFileSystem.testRecursiveDelete(TestOzoneFileSystem.java:458)
	at sun.reflect.NativeMethodAccessorImpl.invoke0(Native Method)
	at sun.reflect.NativeMethodAccessorImpl.invoke(NativeMethodAccessorImpl.java:62)
	at sun.reflect.DelegatingMethodAccessorImpl.invoke(DelegatingMethodAccessorImpl.java:43)
	at java.lang.reflect.Method.invoke(Method.java:498)
	at org.junit.runners.model.FrameworkMethod$1.runReflectiveCall(FrameworkMethod.java:59)
	at org.junit.internal.runners.model.ReflectiveCallable.run(ReflectiveCallable.java:12)
	at org.junit.runners.model.FrameworkMethod.invokeExplosively(FrameworkMethod.java:56)
	at org.junit.internal.runners.statements.InvokeMethod.evaluate(InvokeMethod.java:17)
	at org.junit.internal.runners.statements.RunAfters.evaluate(RunAfters.java:27)
	at org.junit.internal.runners.statements.FailOnTimeout$CallableStatement.call(FailOnTimeout.java:288)
	at org.junit.internal.runners.statements.FailOnTimeout$CallableStatement.call(FailOnTimeout.java:282)
	at java.util.concurrent.FutureTask.run(FutureTask.java:266)
	at java.lang.Thread.run(Thread.java:750)
08:37:02.487 [IPC Server handler 8 on default port 46487] ERROR OMAudit - user=runner | ip=127.0.0.1 | op=GET_FILE_STATUS {volume=volume16396, bucket=bucket39555, key=gdir1/dir3, dataSize=0, replicationConfig=null} | ret=FAILURE
org.apache.hadoop.ozone.om.exceptions.OMException: Unable to get file status: volume: volume16396 bucket: bucket39555 key: gdir1/dir3
	at org.apache.hadoop.ozone.om.KeyManagerImpl.getOzoneFileStatus(KeyManagerImpl.java:1270) ~[ozone-manager-1.3.0-SNAPSHOT.jar:?]
	at org.apache.hadoop.ozone.om.KeyManagerImpl.getFileStatus(KeyManagerImpl.java:1200) ~[ozone-manager-1.3.0-SNAPSHOT.jar:?]
	at org.apache.hadoop.ozone.om.OzoneManager.getFileStatus(OzoneManager.java:3507) ~[ozone-manager-1.3.0-SNAPSHOT.jar:?]
	at org.apache.hadoop.ozone.protocolPB.OzoneManagerRequestHandler.getOzoneFileStatus(OzoneManagerRequestHandler.java:882) ~[ozone-manager-1.3.0-SNAPSHOT.jar:?]
	at org.apache.hadoop.ozone.protocolPB.OzoneManagerRequestHandler.handleReadRequest(OzoneManagerRequestHandler.java:228) ~[ozone-manager-1.3.0-SNAPSHOT.jar:?]
	at org.apache.hadoop.ozone.protocolPB.OzoneManagerProtocolServerSideTranslatorPB.submitReadRequestToOM(OzoneManagerProtocolServerSideTranslatorPB.java:226) ~[ozone-manager-1.3.0-SNAPSHOT.jar:?]
	at org.apache.hadoop.ozone.protocolPB.OzoneManagerProtocolServerSideTranslatorPB.processRequest(OzoneManagerProtocolServerSideTranslatorPB.java:175) ~[ozone-manager-1.3.0-SNAPSHOT.jar:?]
	at org.apache.hadoop.hdds.server.OzoneProtocolMessageDispatcher.processRequest(OzoneProtocolMessageDispatcher.java:87) [hdds-server-framework-1.3.0-SNAPSHOT.jar:?]
	at org.apache.hadoop.ozone.protocolPB.OzoneManagerProtocolServerSideTranslatorPB.submitRequest(OzoneManagerProtocolServerSideTranslatorPB.java:147) [ozone-manager-1.3.0-SNAPSHOT.jar:?]
	at org.apache.hadoop.ozone.protocol.proto.OzoneManagerProtocolProtos$OzoneManagerService$2.callBlockingMethod(OzoneManagerProtocolProtos.java) [ozone-interface-client-1.3.0-SNAPSHOT.jar:?]
	at org.apache.hadoop.ipc.ProtobufRpcEngine$Server.processCall(ProtobufRpcEngine.java:466) [hadoop-common-3.3.1.jar:?]
	at org.apache.hadoop.ipc.ProtobufRpcEngine2$Server$ProtoBufRpcInvoker.call(ProtobufRpcEngine2.java:574) [hadoop-common-3.3.1.jar:?]
	at org.apache.hadoop.ipc.ProtobufRpcEngine2$Server$ProtoBufRpcInvoker.call(ProtobufRpcEngine2.java:552) [hadoop-common-3.3.1.jar:?]
	at org.apache.hadoop.ipc.RPC$Server.call(RPC.java:1093) [hadoop-common-3.3.1.jar:?]
	at org.apache.hadoop.ipc.Server$RpcCall.run(Server.java:1035) [hadoop-common-3.3.1.jar:?]
	at org.apache.hadoop.ipc.Server$RpcCall.run(Server.java:963) [hadoop-common-3.3.1.jar:?]
	at java.security.AccessController.doPrivileged(Native Method) ~[?:1.8.0_345]
	at javax.security.auth.Subject.doAs(Subject.java:422) [?:1.8.0_345]
	at org.apache.hadoop.security.UserGroupInformation.doAs(UserGroupInformation.java:1878) [hadoop-common-3.3.1.jar:?]
	at org.apache.hadoop.ipc.Server$Handler.run(Server.java:2966) [hadoop-common-3.3.1.jar:?]
2022-10-10 08:37:02,488 [Time-limited test] WARN  ozone.BasicOzoneFileSystem (BasicOzoneFileSystem.java:getFileStatus(765)) - GetFileStatus failed for path /gdir1/dir3
java.io.FileNotFoundException: gdir1/dir3: No such file or directory!
	at org.apache.hadoop.fs.ozone.BasicOzoneClientAdapterImpl.getFileStatus(BasicOzoneClientAdapterImpl.java:369)
	at org.apache.hadoop.fs.ozone.BasicOzoneFileSystem.getFileStatus(BasicOzoneFileSystem.java:757)
	at org.apache.hadoop.fs.ozone.TestOzoneFileSystem.checkPath(TestOzoneFileSystem.java:502)
	at org.apache.hadoop.fs.ozone.TestOzoneFileSystem.testRecursiveDelete(TestOzoneFileSystem.java:457)
	at sun.reflect.NativeMethodAccessorImpl.invoke0(Native Method)
	at sun.reflect.NativeMethodAccessorImpl.invoke(NativeMethodAccessorImpl.java:62)
	at sun.reflect.DelegatingMethodAccessorImpl.invoke(DelegatingMethodAccessorImpl.java:43)
	at java.lang.reflect.Method.invoke(Method.java:498)
	at org.junit.runners.model.FrameworkMethod$1.runReflectiveCall(FrameworkMethod.java:59)
	at org.junit.internal.runners.model.ReflectiveCallable.run(ReflectiveCallable.java:12)
	at org.junit.runners.model.FrameworkMethod.invokeExplosively(FrameworkMethod.java:56)
	at org.junit.internal.runners.statements.InvokeMethod.evaluate(InvokeMethod.java:17)
	at org.junit.internal.runners.statements.RunAfters.evaluate(RunAfters.java:27)
	at org.junit.internal.runners.statements.FailOnTimeout$CallableStatement.call(FailOnTimeout.java:288)
	at org.junit.internal.runners.statements.FailOnTimeout$CallableStatement.call(FailOnTimeout.java:282)
	at java.util.concurrent.FutureTask.run(FutureTask.java:266)
	at java.lang.Thread.run(Thread.java:750)
08:37:02.489 [IPC Server handler 5 on default port 46487] ERROR OMAudit - user=runner | ip=127.0.0.1 | op=GET_FILE_STATUS {volume=volume16396, bucket=bucket39555, key=gdir1/dir3/child, dataSize=0, replicationConfig=null} | ret=FAILURE
org.apache.hadoop.ozone.om.exceptions.OMException: Unable to get file status: volume: volume16396 bucket: bucket39555 key: gdir1/dir3/child
	at org.apache.hadoop.ozone.om.KeyManagerImpl.getOzoneFileStatus(KeyManagerImpl.java:1270) ~[ozone-manager-1.3.0-SNAPSHOT.jar:?]
	at org.apache.hadoop.ozone.om.KeyManagerImpl.getFileStatus(KeyManagerImpl.java:1200) ~[ozone-manager-1.3.0-SNAPSHOT.jar:?]
	at org.apache.hadoop.ozone.om.OzoneManager.getFileStatus(OzoneManager.java:3507) ~[ozone-manager-1.3.0-SNAPSHOT.jar:?]
	at org.apache.hadoop.ozone.protocolPB.OzoneManagerRequestHandler.getOzoneFileStatus(OzoneManagerRequestHandler.java:882) ~[ozone-manager-1.3.0-SNAPSHOT.jar:?]
	at org.apache.hadoop.ozone.protocolPB.OzoneManagerRequestHandler.handleReadRequest(OzoneManagerRequestHandler.java:228) ~[ozone-manager-1.3.0-SNAPSHOT.jar:?]
	at org.apache.hadoop.ozone.protocolPB.OzoneManagerProtocolServerSideTranslatorPB.submitReadRequestToOM(OzoneManagerProtocolServerSideTranslatorPB.java:226) ~[ozone-manager-1.3.0-SNAPSHOT.jar:?]
	at org.apache.hadoop.ozone.protocolPB.OzoneManagerProtocolServerSideTranslatorPB.processRequest(OzoneManagerProtocolServerSideTranslatorPB.java:175) ~[ozone-manager-1.3.0-SNAPSHOT.jar:?]
	at org.apache.hadoop.hdds.server.OzoneProtocolMessageDispatcher.processRequest(OzoneProtocolMessageDispatcher.java:87) [hdds-server-framework-1.3.0-SNAPSHOT.jar:?]
	at org.apache.hadoop.ozone.protocolPB.OzoneManagerProtocolServerSideTranslatorPB.submitRequest(OzoneManagerProtocolServerSideTranslatorPB.java:147) [ozone-manager-1.3.0-SNAPSHOT.jar:?]
	at org.apache.hadoop.ozone.protocol.proto.OzoneManagerProtocolProtos$OzoneManagerService$2.callBlockingMethod(OzoneManagerProtocolProtos.java) [ozone-interface-client-1.3.0-SNAPSHOT.jar:?]
	at org.apache.hadoop.ipc.ProtobufRpcEngine$Server.processCall(ProtobufRpcEngine.java:466) [hadoop-common-3.3.1.jar:?]
	at org.apache.hadoop.ipc.ProtobufRpcEngine2$Server$ProtoBufRpcInvoker.call(ProtobufRpcEngine2.java:574) [hadoop-common-3.3.1.jar:?]
	at org.apache.hadoop.ipc.ProtobufRpcEngine2$Server$ProtoBufRpcInvoker.call(ProtobufRpcEngine2.java:552) [hadoop-common-3.3.1.jar:?]
	at org.apache.hadoop.ipc.RPC$Server.call(RPC.java:1093) [hadoop-common-3.3.1.jar:?]
	at org.apache.hadoop.ipc.Server$RpcCall.run(Server.java:1035) [hadoop-common-3.3.1.jar:?]
	at org.apache.hadoop.ipc.Server$RpcCall.run(Server.java:963) [hadoop-common-3.3.1.jar:?]
	at java.security.AccessController.doPrivileged(Native Method) ~[?:1.8.0_345]
	at javax.security.auth.Subject.doAs(Subject.java:422) [?:1.8.0_345]
	at org.apache.hadoop.security.UserGroupInformation.doAs(UserGroupInformation.java:1878) [hadoop-common-3.3.1.jar:?]
	at org.apache.hadoop.ipc.Server$Handler.run(Server.java:2966) [hadoop-common-3.3.1.jar:?]
2022-10-10 08:37:02,491 [Time-limited test] WARN  ozone.BasicOzoneFileSystem (BasicOzoneFileSystem.java:getFileStatus(765)) - GetFileStatus failed for path /gdir1/dir3/child
java.io.FileNotFoundException: gdir1/dir3/child: No such file or directory!
	at org.apache.hadoop.fs.ozone.BasicOzoneClientAdapterImpl.getFileStatus(BasicOzoneClientAdapterImpl.java:369)
	at org.apache.hadoop.fs.ozone.BasicOzoneFileSystem.getFileStatus(BasicOzoneFileSystem.java:757)
	at org.apache.hadoop.fs.ozone.TestOzoneFileSystem.checkPath(TestOzoneFileSystem.java:502)
	at org.apache.hadoop.fs.ozone.TestOzoneFileSystem.testRecursiveDelete(TestOzoneFileSystem.java:458)
	at sun.reflect.NativeMethodAccessorImpl.invoke0(Native Method)
	at sun.reflect.NativeMethodAccessorImpl.invoke(NativeMethodAccessorImpl.java:62)
	at sun.reflect.DelegatingMethodAccessorImpl.invoke(DelegatingMethodAccessorImpl.java:43)
	at java.lang.reflect.Method.invoke(Method.java:498)
	at org.junit.runners.model.FrameworkMethod$1.runReflectiveCall(FrameworkMethod.java:59)
	at org.junit.internal.runners.model.ReflectiveCallable.run(ReflectiveCallable.java:12)
	at org.junit.runners.model.FrameworkMethod.invokeExplosively(FrameworkMethod.java:56)
	at org.junit.internal.runners.statements.InvokeMethod.evaluate(InvokeMethod.java:17)
	at org.junit.internal.runners.statements.RunAfters.evaluate(RunAfters.java:27)
	at org.junit.internal.runners.statements.FailOnTimeout$CallableStatement.call(FailOnTimeout.java:288)
	at org.junit.internal.runners.statements.FailOnTimeout$CallableStatement.call(FailOnTimeout.java:282)
	at java.util.concurrent.FutureTask.run(FutureTask.java:266)
	at java.lang.Thread.run(Thread.java:750)
08:37:02.493 [IPC Server handler 1 on default port 46487] ERROR OMAudit - user=runner | ip=127.0.0.1 | op=GET_FILE_STATUS {volume=volume16396, bucket=bucket39555, key=gdir1/dir4, dataSize=0, replicationConfig=null} | ret=FAILURE
org.apache.hadoop.ozone.om.exceptions.OMException: Unable to get file status: volume: volume16396 bucket: bucket39555 key: gdir1/dir4
	at org.apache.hadoop.ozone.om.KeyManagerImpl.getOzoneFileStatus(KeyManagerImpl.java:1270) ~[ozone-manager-1.3.0-SNAPSHOT.jar:?]
	at org.apache.hadoop.ozone.om.KeyManagerImpl.getFileStatus(KeyManagerImpl.java:1200) ~[ozone-manager-1.3.0-SNAPSHOT.jar:?]
	at org.apache.hadoop.ozone.om.OzoneManager.getFileStatus(OzoneManager.java:3507) ~[ozone-manager-1.3.0-SNAPSHOT.jar:?]
	at org.apache.hadoop.ozone.protocolPB.OzoneManagerRequestHandler.getOzoneFileStatus(OzoneManagerRequestHandler.java:882) ~[ozone-manager-1.3.0-SNAPSHOT.jar:?]
	at org.apache.hadoop.ozone.protocolPB.OzoneManagerRequestHandler.handleReadRequest(OzoneManagerRequestHandler.java:228) ~[ozone-manager-1.3.0-SNAPSHOT.jar:?]
	at org.apache.hadoop.ozone.protocolPB.OzoneManagerProtocolServerSideTranslatorPB.submitReadRequestToOM(OzoneManagerProtocolServerSideTranslatorPB.java:226) ~[ozone-manager-1.3.0-SNAPSHOT.jar:?]
	at org.apache.hadoop.ozone.protocolPB.OzoneManagerProtocolServerSideTranslatorPB.processRequest(OzoneManagerProtocolServerSideTranslatorPB.java:175) ~[ozone-manager-1.3.0-SNAPSHOT.jar:?]
	at org.apache.hadoop.hdds.server.OzoneProtocolMessageDispatcher.processRequest(OzoneProtocolMessageDispatcher.java:87) [hdds-server-framework-1.3.0-SNAPSHOT.jar:?]
	at org.apache.hadoop.ozone.protocolPB.OzoneManagerProtocolServerSideTranslatorPB.submitRequest(OzoneManagerProtocolServerSideTranslatorPB.java:147) [ozone-manager-1.3.0-SNAPSHOT.jar:?]
	at org.apache.hadoop.ozone.protocol.proto.OzoneManagerProtocolProtos$OzoneManagerService$2.callBlockingMethod(OzoneManagerProtocolProtos.java) [ozone-interface-client-1.3.0-SNAPSHOT.jar:?]
	at org.apache.hadoop.ipc.ProtobufRpcEngine$Server.processCall(ProtobufRpcEngine.java:466) [hadoop-common-3.3.1.jar:?]
	at org.apache.hadoop.ipc.ProtobufRpcEngine2$Server$ProtoBufRpcInvoker.call(ProtobufRpcEngine2.java:574) [hadoop-common-3.3.1.jar:?]
	at org.apache.hadoop.ipc.ProtobufRpcEngine2$Server$ProtoBufRpcInvoker.call(ProtobufRpcEngine2.java:552) [hadoop-common-3.3.1.jar:?]
	at org.apache.hadoop.ipc.RPC$Server.call(RPC.java:1093) [hadoop-common-3.3.1.jar:?]
	at org.apache.hadoop.ipc.Server$RpcCall.run(Server.java:1035) [hadoop-common-3.3.1.jar:?]
	at org.apache.hadoop.ipc.Server$RpcCall.run(Server.java:963) [hadoop-common-3.3.1.jar:?]
	at java.security.AccessController.doPrivileged(Native Method) ~[?:1.8.0_345]
	at javax.security.auth.Subject.doAs(Subject.java:422) [?:1.8.0_345]
	at org.apache.hadoop.security.UserGroupInformation.doAs(UserGroupInformation.java:1878) [hadoop-common-3.3.1.jar:?]
	at org.apache.hadoop.ipc.Server$Handler.run(Server.java:2966) [hadoop-common-3.3.1.jar:?]
2022-10-10 08:37:02,494 [Time-limited test] WARN  ozone.BasicOzoneFileSystem (BasicOzoneFileSystem.java:getFileStatus(765)) - GetFileStatus failed for path /gdir1/dir4
java.io.FileNotFoundException: gdir1/dir4: No such file or directory!
	at org.apache.hadoop.fs.ozone.BasicOzoneClientAdapterImpl.getFileStatus(BasicOzoneClientAdapterImpl.java:369)
	at org.apache.hadoop.fs.ozone.BasicOzoneFileSystem.getFileStatus(BasicOzoneFileSystem.java:757)
	at org.apache.hadoop.fs.ozone.TestOzoneFileSystem.checkPath(TestOzoneFileSystem.java:502)
	at org.apache.hadoop.fs.ozone.TestOzoneFileSystem.testRecursiveDelete(TestOzoneFileSystem.java:457)
	at sun.reflect.NativeMethodAccessorImpl.invoke0(Native Method)
	at sun.reflect.NativeMethodAccessorImpl.invoke(NativeMethodAccessorImpl.java:62)
	at sun.reflect.DelegatingMethodAccessorImpl.invoke(DelegatingMethodAccessorImpl.java:43)
	at java.lang.reflect.Method.invoke(Method.java:498)
	at org.junit.runners.model.FrameworkMethod$1.runReflectiveCall(FrameworkMethod.java:59)
	at org.junit.internal.runners.model.ReflectiveCallable.run(ReflectiveCallable.java:12)
	at org.junit.runners.model.FrameworkMethod.invokeExplosively(FrameworkMethod.java:56)
	at org.junit.internal.runners.statements.InvokeMethod.evaluate(InvokeMethod.java:17)
	at org.junit.internal.runners.statements.RunAfters.evaluate(RunAfters.java:27)
	at org.junit.internal.runners.statements.FailOnTimeout$CallableStatement.call(FailOnTimeout.java:288)
	at org.junit.internal.runners.statements.FailOnTimeout$CallableStatement.call(FailOnTimeout.java:282)
	at java.util.concurrent.FutureTask.run(FutureTask.java:266)
	at java.lang.Thread.run(Thread.java:750)
08:37:02.494 [IPC Server handler 3 on default port 46487] ERROR OMAudit - user=runner | ip=127.0.0.1 | op=GET_FILE_STATUS {volume=volume16396, bucket=bucket39555, key=gdir1/dir4/child, dataSize=0, replicationConfig=null} | ret=FAILURE
org.apache.hadoop.ozone.om.exceptions.OMException: Unable to get file status: volume: volume16396 bucket: bucket39555 key: gdir1/dir4/child
	at org.apache.hadoop.ozone.om.KeyManagerImpl.getOzoneFileStatus(KeyManagerImpl.java:1270) ~[ozone-manager-1.3.0-SNAPSHOT.jar:?]
	at org.apache.hadoop.ozone.om.KeyManagerImpl.getFileStatus(KeyManagerImpl.java:1200) ~[ozone-manager-1.3.0-SNAPSHOT.jar:?]
	at org.apache.hadoop.ozone.om.OzoneManager.getFileStatus(OzoneManager.java:3507) ~[ozone-manager-1.3.0-SNAPSHOT.jar:?]
	at org.apache.hadoop.ozone.protocolPB.OzoneManagerRequestHandler.getOzoneFileStatus(OzoneManagerRequestHandler.java:882) ~[ozone-manager-1.3.0-SNAPSHOT.jar:?]
	at org.apache.hadoop.ozone.protocolPB.OzoneManagerRequestHandler.handleReadRequest(OzoneManagerRequestHandler.java:228) ~[ozone-manager-1.3.0-SNAPSHOT.jar:?]
	at org.apache.hadoop.ozone.protocolPB.OzoneManagerProtocolServerSideTranslatorPB.submitReadRequestToOM(OzoneManagerProtocolServerSideTranslatorPB.java:226) ~[ozone-manager-1.3.0-SNAPSHOT.jar:?]
	at org.apache.hadoop.ozone.protocolPB.OzoneManagerProtocolServerSideTranslatorPB.processRequest(OzoneManagerProtocolServerSideTranslatorPB.java:175) ~[ozone-manager-1.3.0-SNAPSHOT.jar:?]
	at org.apache.hadoop.hdds.server.OzoneProtocolMessageDispatcher.processRequest(OzoneProtocolMessageDispatcher.java:87) [hdds-server-framework-1.3.0-SNAPSHOT.jar:?]
	at org.apache.hadoop.ozone.protocolPB.OzoneManagerProtocolServerSideTranslatorPB.submitRequest(OzoneManagerProtocolServerSideTranslatorPB.java:147) [ozone-manager-1.3.0-SNAPSHOT.jar:?]
	at org.apache.hadoop.ozone.protocol.proto.OzoneManagerProtocolProtos$OzoneManagerService$2.callBlockingMethod(OzoneManagerProtocolProtos.java) [ozone-interface-client-1.3.0-SNAPSHOT.jar:?]
	at org.apache.hadoop.ipc.ProtobufRpcEngine$Server.processCall(ProtobufRpcEngine.java:466) [hadoop-common-3.3.1.jar:?]
	at org.apache.hadoop.ipc.ProtobufRpcEngine2$Server$ProtoBufRpcInvoker.call(ProtobufRpcEngine2.java:574) [hadoop-common-3.3.1.jar:?]
	at org.apache.hadoop.ipc.ProtobufRpcEngine2$Server$ProtoBufRpcInvoker.call(ProtobufRpcEngine2.java:552) [hadoop-common-3.3.1.jar:?]
	at org.apache.hadoop.ipc.RPC$Server.call(RPC.java:1093) [hadoop-common-3.3.1.jar:?]
	at org.apache.hadoop.ipc.Server$RpcCall.run(Server.java:1035) [hadoop-common-3.3.1.jar:?]
	at org.apache.hadoop.ipc.Server$RpcCall.run(Server.java:963) [hadoop-common-3.3.1.jar:?]
	at java.security.AccessController.doPrivileged(Native Method) ~[?:1.8.0_345]
	at javax.security.auth.Subject.doAs(Subject.java:422) [?:1.8.0_345]
	at org.apache.hadoop.security.UserGroupInformation.doAs(UserGroupInformation.java:1878) [hadoop-common-3.3.1.jar:?]
	at org.apache.hadoop.ipc.Server$Handler.run(Server.java:2966) [hadoop-common-3.3.1.jar:?]
2022-10-10 08:37:02,495 [Time-limited test] WARN  ozone.BasicOzoneFileSystem (BasicOzoneFileSystem.java:getFileStatus(765)) - GetFileStatus failed for path /gdir1/dir4/child
java.io.FileNotFoundException: gdir1/dir4/child: No such file or directory!
	at org.apache.hadoop.fs.ozone.BasicOzoneClientAdapterImpl.getFileStatus(BasicOzoneClientAdapterImpl.java:369)
	at org.apache.hadoop.fs.ozone.BasicOzoneFileSystem.getFileStatus(BasicOzoneFileSystem.java:757)
	at org.apache.hadoop.fs.ozone.TestOzoneFileSystem.checkPath(TestOzoneFileSystem.java:502)
	at org.apache.hadoop.fs.ozone.TestOzoneFileSystem.testRecursiveDelete(TestOzoneFileSystem.java:458)
	at sun.reflect.NativeMethodAccessorImpl.invoke0(Native Method)
	at sun.reflect.NativeMethodAccessorImpl.invoke(NativeMethodAccessorImpl.java:62)
	at sun.reflect.DelegatingMethodAccessorImpl.invoke(DelegatingMethodAccessorImpl.java:43)
	at java.lang.reflect.Method.invoke(Method.java:498)
	at org.junit.runners.model.FrameworkMethod$1.runReflectiveCall(FrameworkMethod.java:59)
	at org.junit.internal.runners.model.ReflectiveCallable.run(ReflectiveCallable.java:12)
	at org.junit.runners.model.FrameworkMethod.invokeExplosively(FrameworkMethod.java:56)
	at org.junit.internal.runners.statements.InvokeMethod.evaluate(InvokeMethod.java:17)
	at org.junit.internal.runners.statements.RunAfters.evaluate(RunAfters.java:27)
	at org.junit.internal.runners.statements.FailOnTimeout$CallableStatement.call(FailOnTimeout.java:288)
	at org.junit.internal.runners.statements.FailOnTimeout$CallableStatement.call(FailOnTimeout.java:282)
	at java.util.concurrent.FutureTask.run(FutureTask.java:266)
	at java.lang.Thread.run(Thread.java:750)
08:37:02.496 [IPC Server handler 9 on default port 46487] ERROR OMAudit - user=runner | ip=127.0.0.1 | op=GET_FILE_STATUS {volume=volume16396, bucket=bucket39555, key=gdir1/dir5, dataSize=0, replicationConfig=null} | ret=FAILURE
org.apache.hadoop.ozone.om.exceptions.OMException: Unable to get file status: volume: volume16396 bucket: bucket39555 key: gdir1/dir5
	at org.apache.hadoop.ozone.om.KeyManagerImpl.getOzoneFileStatus(KeyManagerImpl.java:1270) ~[ozone-manager-1.3.0-SNAPSHOT.jar:?]
	at org.apache.hadoop.ozone.om.KeyManagerImpl.getFileStatus(KeyManagerImpl.java:1200) ~[ozone-manager-1.3.0-SNAPSHOT.jar:?]
	at org.apache.hadoop.ozone.om.OzoneManager.getFileStatus(OzoneManager.java:3507) ~[ozone-manager-1.3.0-SNAPSHOT.jar:?]
	at org.apache.hadoop.ozone.protocolPB.OzoneManagerRequestHandler.getOzoneFileStatus(OzoneManagerRequestHandler.java:882) ~[ozone-manager-1.3.0-SNAPSHOT.jar:?]
	at org.apache.hadoop.ozone.protocolPB.OzoneManagerRequestHandler.handleReadRequest(OzoneManagerRequestHandler.java:228) ~[ozone-manager-1.3.0-SNAPSHOT.jar:?]
	at org.apache.hadoop.ozone.protocolPB.OzoneManagerProtocolServerSideTranslatorPB.submitReadRequestToOM(OzoneManagerProtocolServerSideTranslatorPB.java:226) ~[ozone-manager-1.3.0-SNAPSHOT.jar:?]
	at org.apache.hadoop.ozone.protocolPB.OzoneManagerProtocolServerSideTranslatorPB.processRequest(OzoneManagerProtocolServerSideTranslatorPB.java:175) ~[ozone-manager-1.3.0-SNAPSHOT.jar:?]
	at org.apache.hadoop.hdds.server.OzoneProtocolMessageDispatcher.processRequest(OzoneProtocolMessageDispatcher.java:87) [hdds-server-framework-1.3.0-SNAPSHOT.jar:?]
	at org.apache.hadoop.ozone.protocolPB.OzoneManagerProtocolServerSideTranslatorPB.submitRequest(OzoneManagerProtocolServerSideTranslatorPB.java:147) [ozone-manager-1.3.0-SNAPSHOT.jar:?]
	at org.apache.hadoop.ozone.protocol.proto.OzoneManagerProtocolProtos$OzoneManagerService$2.callBlockingMethod(OzoneManagerProtocolProtos.java) [ozone-interface-client-1.3.0-SNAPSHOT.jar:?]
	at org.apache.hadoop.ipc.ProtobufRpcEngine$Server.processCall(ProtobufRpcEngine.java:466) [hadoop-common-3.3.1.jar:?]
	at org.apache.hadoop.ipc.ProtobufRpcEngine2$Server$ProtoBufRpcInvoker.call(ProtobufRpcEngine2.java:574) [hadoop-common-3.3.1.jar:?]
	at org.apache.hadoop.ipc.ProtobufRpcEngine2$Server$ProtoBufRpcInvoker.call(ProtobufRpcEngine2.java:552) [hadoop-common-3.3.1.jar:?]
	at org.apache.hadoop.ipc.RPC$Server.call(RPC.java:1093) [hadoop-common-3.3.1.jar:?]
	at org.apache.hadoop.ipc.Server$RpcCall.run(Server.java:1035) [hadoop-common-3.3.1.jar:?]
	at org.apache.hadoop.ipc.Server$RpcCall.run(Server.java:963) [hadoop-common-3.3.1.jar:?]
	at java.security.AccessController.doPrivileged(Native Method) ~[?:1.8.0_345]
	at javax.security.auth.Subject.doAs(Subject.java:422) [?:1.8.0_345]
	at org.apache.hadoop.security.UserGroupInformation.doAs(UserGroupInformation.java:1878) [hadoop-common-3.3.1.jar:?]
	at org.apache.hadoop.ipc.Server$Handler.run(Server.java:2966) [hadoop-common-3.3.1.jar:?]
2022-10-10 08:37:02,496 [Time-limited test] WARN  ozone.BasicOzoneFileSystem (BasicOzoneFileSystem.java:getFileStatus(765)) - GetFileStatus failed for path /gdir1/dir5
java.io.FileNotFoundException: gdir1/dir5: No such file or directory!
	at org.apache.hadoop.fs.ozone.BasicOzoneClientAdapterImpl.getFileStatus(BasicOzoneClientAdapterImpl.java:369)
	at org.apache.hadoop.fs.ozone.BasicOzoneFileSystem.getFileStatus(BasicOzoneFileSystem.java:757)
	at org.apache.hadoop.fs.ozone.TestOzoneFileSystem.checkPath(TestOzoneFileSystem.java:502)
	at org.apache.hadoop.fs.ozone.TestOzoneFileSystem.testRecursiveDelete(TestOzoneFileSystem.java:457)
	at sun.reflect.NativeMethodAccessorImpl.invoke0(Native Method)
	at sun.reflect.NativeMethodAccessorImpl.invoke(NativeMethodAccessorImpl.java:62)
	at sun.reflect.DelegatingMethodAccessorImpl.invoke(DelegatingMethodAccessorImpl.java:43)
	at java.lang.reflect.Method.invoke(Method.java:498)
	at org.junit.runners.model.FrameworkMethod$1.runReflectiveCall(FrameworkMethod.java:59)
	at org.junit.internal.runners.model.ReflectiveCallable.run(ReflectiveCallable.java:12)
	at org.junit.runners.model.FrameworkMethod.invokeExplosively(FrameworkMethod.java:56)
	at org.junit.internal.runners.statements.InvokeMethod.evaluate(InvokeMethod.java:17)
	at org.junit.internal.runners.statements.RunAfters.evaluate(RunAfters.java:27)
	at org.junit.internal.runners.statements.FailOnTimeout$CallableStatement.call(FailOnTimeout.java:288)
	at org.junit.internal.runners.statements.FailOnTimeout$CallableStatement.call(FailOnTimeout.java:282)
	at java.util.concurrent.FutureTask.run(FutureTask.java:266)
	at java.lang.Thread.run(Thread.java:750)
08:37:02.497 [IPC Server handler 15 on default port 46487] ERROR OMAudit - user=runner | ip=127.0.0.1 | op=GET_FILE_STATUS {volume=volume16396, bucket=bucket39555, key=gdir1/dir5/child, dataSize=0, replicationConfig=null} | ret=FAILURE
org.apache.hadoop.ozone.om.exceptions.OMException: Unable to get file status: volume: volume16396 bucket: bucket39555 key: gdir1/dir5/child
	at org.apache.hadoop.ozone.om.KeyManagerImpl.getOzoneFileStatus(KeyManagerImpl.java:1270) ~[ozone-manager-1.3.0-SNAPSHOT.jar:?]
	at org.apache.hadoop.ozone.om.KeyManagerImpl.getFileStatus(KeyManagerImpl.java:1200) ~[ozone-manager-1.3.0-SNAPSHOT.jar:?]
	at org.apache.hadoop.ozone.om.OzoneManager.getFileStatus(OzoneManager.java:3507) ~[ozone-manager-1.3.0-SNAPSHOT.jar:?]
	at org.apache.hadoop.ozone.protocolPB.OzoneManagerRequestHandler.getOzoneFileStatus(OzoneManagerRequestHandler.java:882) ~[ozone-manager-1.3.0-SNAPSHOT.jar:?]
	at org.apache.hadoop.ozone.protocolPB.OzoneManagerRequestHandler.handleReadRequest(OzoneManagerRequestHandler.java:228) ~[ozone-manager-1.3.0-SNAPSHOT.jar:?]
	at org.apache.hadoop.ozone.protocolPB.OzoneManagerProtocolServerSideTranslatorPB.submitReadRequestToOM(OzoneManagerProtocolServerSideTranslatorPB.java:226) ~[ozone-manager-1.3.0-SNAPSHOT.jar:?]
	at org.apache.hadoop.ozone.protocolPB.OzoneManagerProtocolServerSideTranslatorPB.processRequest(OzoneManagerProtocolServerSideTranslatorPB.java:175) ~[ozone-manager-1.3.0-SNAPSHOT.jar:?]
	at org.apache.hadoop.hdds.server.OzoneProtocolMessageDispatcher.processRequest(OzoneProtocolMessageDispatcher.java:87) [hdds-server-framework-1.3.0-SNAPSHOT.jar:?]
	at org.apache.hadoop.ozone.protocolPB.OzoneManagerProtocolServerSideTranslatorPB.submitRequest(OzoneManagerProtocolServerSideTranslatorPB.java:147) [ozone-manager-1.3.0-SNAPSHOT.jar:?]
	at org.apache.hadoop.ozone.protocol.proto.OzoneManagerProtocolProtos$OzoneManagerService$2.callBlockingMethod(OzoneManagerProtocolProtos.java) [ozone-interface-client-1.3.0-SNAPSHOT.jar:?]
	at org.apache.hadoop.ipc.ProtobufRpcEngine$Server.processCall(ProtobufRpcEngine.java:466) [hadoop-common-3.3.1.jar:?]
	at org.apache.hadoop.ipc.ProtobufRpcEngine2$Server$ProtoBufRpcInvoker.call(ProtobufRpcEngine2.java:574) [hadoop-common-3.3.1.jar:?]
	at org.apache.hadoop.ipc.ProtobufRpcEngine2$Server$ProtoBufRpcInvoker.call(ProtobufRpcEngine2.java:552) [hadoop-common-3.3.1.jar:?]
	at org.apache.hadoop.ipc.RPC$Server.call(RPC.java:1093) [hadoop-common-3.3.1.jar:?]
	at org.apache.hadoop.ipc.Server$RpcCall.run(Server.java:1035) [hadoop-common-3.3.1.jar:?]
	at org.apache.hadoop.ipc.Server$RpcCall.run(Server.java:963) [hadoop-common-3.3.1.jar:?]
	at java.security.AccessController.doPrivileged(Native Method) ~[?:1.8.0_345]
	at javax.security.auth.Subject.doAs(Subject.java:422) [?:1.8.0_345]
	at org.apache.hadoop.security.UserGroupInformation.doAs(UserGroupInformation.java:1878) [hadoop-common-3.3.1.jar:?]
	at org.apache.hadoop.ipc.Server$Handler.run(Server.java:2966) [hadoop-common-3.3.1.jar:?]
2022-10-10 08:37:02,501 [Time-limited test] WARN  ozone.BasicOzoneFileSystem (BasicOzoneFileSystem.java:getFileStatus(765)) - GetFileStatus failed for path /gdir1/dir5/child
java.io.FileNotFoundException: gdir1/dir5/child: No such file or directory!
	at org.apache.hadoop.fs.ozone.BasicOzoneClientAdapterImpl.getFileStatus(BasicOzoneClientAdapterImpl.java:369)
	at org.apache.hadoop.fs.ozone.BasicOzoneFileSystem.getFileStatus(BasicOzoneFileSystem.java:757)
	at org.apache.hadoop.fs.ozone.TestOzoneFileSystem.checkPath(TestOzoneFileSystem.java:502)
	at org.apache.hadoop.fs.ozone.TestOzoneFileSystem.testRecursiveDelete(TestOzoneFileSystem.java:458)
	at sun.reflect.NativeMethodAccessorImpl.invoke0(Native Method)
	at sun.reflect.NativeMethodAccessorImpl.invoke(NativeMethodAccessorImpl.java:62)
	at sun.reflect.DelegatingMethodAccessorImpl.invoke(DelegatingMethodAccessorImpl.java:43)
	at java.lang.reflect.Method.invoke(Method.java:498)
	at org.junit.runners.model.FrameworkMethod$1.runReflectiveCall(FrameworkMethod.java:59)
	at org.junit.internal.runners.model.ReflectiveCallable.run(ReflectiveCallable.java:12)
	at org.junit.runners.model.FrameworkMethod.invokeExplosively(FrameworkMethod.java:56)
	at org.junit.internal.runners.statements.InvokeMethod.evaluate(InvokeMethod.java:17)
	at org.junit.internal.runners.statements.RunAfters.evaluate(RunAfters.java:27)
	at org.junit.internal.runners.statements.FailOnTimeout$CallableStatement.call(FailOnTimeout.java:288)
	at org.junit.internal.runners.statements.FailOnTimeout$CallableStatement.call(FailOnTimeout.java:282)
	at java.util.concurrent.FutureTask.run(FutureTask.java:266)
	at java.lang.Thread.run(Thread.java:750)
08:37:02.502 [IPC Server handler 10 on default port 46487] ERROR OMAudit - user=runner | ip=127.0.0.1 | op=GET_FILE_STATUS {volume=volume16396, bucket=bucket39555, key=gdir1/dir6, dataSize=0, replicationConfig=null} | ret=FAILURE
org.apache.hadoop.ozone.om.exceptions.OMException: Unable to get file status: volume: volume16396 bucket: bucket39555 key: gdir1/dir6
	at org.apache.hadoop.ozone.om.KeyManagerImpl.getOzoneFileStatus(KeyManagerImpl.java:1270) ~[ozone-manager-1.3.0-SNAPSHOT.jar:?]
	at org.apache.hadoop.ozone.om.KeyManagerImpl.getFileStatus(KeyManagerImpl.java:1200) ~[ozone-manager-1.3.0-SNAPSHOT.jar:?]
	at org.apache.hadoop.ozone.om.OzoneManager.getFileStatus(OzoneManager.java:3507) ~[ozone-manager-1.3.0-SNAPSHOT.jar:?]
	at org.apache.hadoop.ozone.protocolPB.OzoneManagerRequestHandler.getOzoneFileStatus(OzoneManagerRequestHandler.java:882) ~[ozone-manager-1.3.0-SNAPSHOT.jar:?]
	at org.apache.hadoop.ozone.protocolPB.OzoneManagerRequestHandler.handleReadRequest(OzoneManagerRequestHandler.java:228) ~[ozone-manager-1.3.0-SNAPSHOT.jar:?]
	at org.apache.hadoop.ozone.protocolPB.OzoneManagerProtocolServerSideTranslatorPB.submitReadRequestToOM(OzoneManagerProtocolServerSideTranslatorPB.java:226) ~[ozone-manager-1.3.0-SNAPSHOT.jar:?]
	at org.apache.hadoop.ozone.protocolPB.OzoneManagerProtocolServerSideTranslatorPB.processRequest(OzoneManagerProtocolServerSideTranslatorPB.java:175) ~[ozone-manager-1.3.0-SNAPSHOT.jar:?]
	at org.apache.hadoop.hdds.server.OzoneProtocolMessageDispatcher.processRequest(OzoneProtocolMessageDispatcher.java:87) [hdds-server-framework-1.3.0-SNAPSHOT.jar:?]
	at org.apache.hadoop.ozone.protocolPB.OzoneManagerProtocolServerSideTranslatorPB.submitRequest(OzoneManagerProtocolServerSideTranslatorPB.java:147) [ozone-manager-1.3.0-SNAPSHOT.jar:?]
	at org.apache.hadoop.ozone.protocol.proto.OzoneManagerProtocolProtos$OzoneManagerService$2.callBlockingMethod(OzoneManagerProtocolProtos.java) [ozone-interface-client-1.3.0-SNAPSHOT.jar:?]
	at org.apache.hadoop.ipc.ProtobufRpcEngine$Server.processCall(ProtobufRpcEngine.java:466) [hadoop-common-3.3.1.jar:?]
	at org.apache.hadoop.ipc.ProtobufRpcEngine2$Server$ProtoBufRpcInvoker.call(ProtobufRpcEngine2.java:574) [hadoop-common-3.3.1.jar:?]
	at org.apache.hadoop.ipc.ProtobufRpcEngine2$Server$ProtoBufRpcInvoker.call(ProtobufRpcEngine2.java:552) [hadoop-common-3.3.1.jar:?]
	at org.apache.hadoop.ipc.RPC$Server.call(RPC.java:1093) [hadoop-common-3.3.1.jar:?]
	at org.apache.hadoop.ipc.Server$RpcCall.run(Server.java:1035) [hadoop-common-3.3.1.jar:?]
	at org.apache.hadoop.ipc.Server$RpcCall.run(Server.java:963) [hadoop-common-3.3.1.jar:?]
	at java.security.AccessController.doPrivileged(Native Method) ~[?:1.8.0_345]
	at javax.security.auth.Subject.doAs(Subject.java:422) [?:1.8.0_345]
	at org.apache.hadoop.security.UserGroupInformation.doAs(UserGroupInformation.java:1878) [hadoop-common-3.3.1.jar:?]
	at org.apache.hadoop.ipc.Server$Handler.run(Server.java:2966) [hadoop-common-3.3.1.jar:?]
2022-10-10 08:37:02,502 [Time-limited test] WARN  ozone.BasicOzoneFileSystem (BasicOzoneFileSystem.java:getFileStatus(765)) - GetFileStatus failed for path /gdir1/dir6
java.io.FileNotFoundException: gdir1/dir6: No such file or directory!
	at org.apache.hadoop.fs.ozone.BasicOzoneClientAdapterImpl.getFileStatus(BasicOzoneClientAdapterImpl.java:369)
	at org.apache.hadoop.fs.ozone.BasicOzoneFileSystem.getFileStatus(BasicOzoneFileSystem.java:757)
	at org.apache.hadoop.fs.ozone.TestOzoneFileSystem.checkPath(TestOzoneFileSystem.java:502)
	at org.apache.hadoop.fs.ozone.TestOzoneFileSystem.testRecursiveDelete(TestOzoneFileSystem.java:457)
	at sun.reflect.NativeMethodAccessorImpl.invoke0(Native Method)
	at sun.reflect.NativeMethodAccessorImpl.invoke(NativeMethodAccessorImpl.java:62)
	at sun.reflect.DelegatingMethodAccessorImpl.invoke(DelegatingMethodAccessorImpl.java:43)
	at java.lang.reflect.Method.invoke(Method.java:498)
	at org.junit.runners.model.FrameworkMethod$1.runReflectiveCall(FrameworkMethod.java:59)
	at org.junit.internal.runners.model.ReflectiveCallable.run(ReflectiveCallable.java:12)
	at org.junit.runners.model.FrameworkMethod.invokeExplosively(FrameworkMethod.java:56)
	at org.junit.internal.runners.statements.InvokeMethod.evaluate(InvokeMethod.java:17)
	at org.junit.internal.runners.statements.RunAfters.evaluate(RunAfters.java:27)
	at org.junit.internal.runners.statements.FailOnTimeout$CallableStatement.call(FailOnTimeout.java:288)
	at org.junit.internal.runners.statements.FailOnTimeout$CallableStatement.call(FailOnTimeout.java:282)
	at java.util.concurrent.FutureTask.run(FutureTask.java:266)
	at java.lang.Thread.run(Thread.java:750)
08:37:02.506 [IPC Server handler 11 on default port 46487] ERROR OMAudit - user=runner | ip=127.0.0.1 | op=GET_FILE_STATUS {volume=volume16396, bucket=bucket39555, key=gdir1/dir6/child, dataSize=0, replicationConfig=null} | ret=FAILURE
org.apache.hadoop.ozone.om.exceptions.OMException: Unable to get file status: volume: volume16396 bucket: bucket39555 key: gdir1/dir6/child
	at org.apache.hadoop.ozone.om.KeyManagerImpl.getOzoneFileStatus(KeyManagerImpl.java:1270) ~[ozone-manager-1.3.0-SNAPSHOT.jar:?]
	at org.apache.hadoop.ozone.om.KeyManagerImpl.getFileStatus(KeyManagerImpl.java:1200) ~[ozone-manager-1.3.0-SNAPSHOT.jar:?]
	at org.apache.hadoop.ozone.om.OzoneManager.getFileStatus(OzoneManager.java:3507) ~[ozone-manager-1.3.0-SNAPSHOT.jar:?]
	at org.apache.hadoop.ozone.protocolPB.OzoneManagerRequestHandler.getOzoneFileStatus(OzoneManagerRequestHandler.java:882) ~[ozone-manager-1.3.0-SNAPSHOT.jar:?]
	at org.apache.hadoop.ozone.protocolPB.OzoneManagerRequestHandler.handleReadRequest(OzoneManagerRequestHandler.java:228) ~[ozone-manager-1.3.0-SNAPSHOT.jar:?]
	at org.apache.hadoop.ozone.protocolPB.OzoneManagerProtocolServerSideTranslatorPB.submitReadRequestToOM(OzoneManagerProtocolServerSideTranslatorPB.java:226) ~[ozone-manager-1.3.0-SNAPSHOT.jar:?]
	at org.apache.hadoop.ozone.protocolPB.OzoneManagerProtocolServerSideTranslatorPB.processRequest(OzoneManagerProtocolServerSideTranslatorPB.java:175) ~[ozone-manager-1.3.0-SNAPSHOT.jar:?]
	at org.apache.hadoop.hdds.server.OzoneProtocolMessageDispatcher.processRequest(OzoneProtocolMessageDispatcher.java:87) [hdds-server-framework-1.3.0-SNAPSHOT.jar:?]
	at org.apache.hadoop.ozone.protocolPB.OzoneManagerProtocolServerSideTranslatorPB.submitRequest(OzoneManagerProtocolServerSideTranslatorPB.java:147) [ozone-manager-1.3.0-SNAPSHOT.jar:?]
	at org.apache.hadoop.ozone.protocol.proto.OzoneManagerProtocolProtos$OzoneManagerService$2.callBlockingMethod(OzoneManagerProtocolProtos.java) [ozone-interface-client-1.3.0-SNAPSHOT.jar:?]
	at org.apache.hadoop.ipc.ProtobufRpcEngine$Server.processCall(ProtobufRpcEngine.java:466) [hadoop-common-3.3.1.jar:?]
	at org.apache.hadoop.ipc.ProtobufRpcEngine2$Server$ProtoBufRpcInvoker.call(ProtobufRpcEngine2.java:574) [hadoop-common-3.3.1.jar:?]
	at org.apache.hadoop.ipc.ProtobufRpcEngine2$Server$ProtoBufRpcInvoker.call(ProtobufRpcEngine2.java:552) [hadoop-common-3.3.1.jar:?]
	at org.apache.hadoop.ipc.RPC$Server.call(RPC.java:1093) [hadoop-common-3.3.1.jar:?]
	at org.apache.hadoop.ipc.Server$RpcCall.run(Server.java:1035) [hadoop-common-3.3.1.jar:?]
	at org.apache.hadoop.ipc.Server$RpcCall.run(Server.java:963) [hadoop-common-3.3.1.jar:?]
	at java.security.AccessController.doPrivileged(Native Method) ~[?:1.8.0_345]
	at javax.security.auth.Subject.doAs(Subject.java:422) [?:1.8.0_345]
	at org.apache.hadoop.security.UserGroupInformation.doAs(UserGroupInformation.java:1878) [hadoop-common-3.3.1.jar:?]
	at org.apache.hadoop.ipc.Server$Handler.run(Server.java:2966) [hadoop-common-3.3.1.jar:?]
2022-10-10 08:37:02,507 [Time-limited test] WARN  ozone.BasicOzoneFileSystem (BasicOzoneFileSystem.java:getFileStatus(765)) - GetFileStatus failed for path /gdir1/dir6/child
java.io.FileNotFoundException: gdir1/dir6/child: No such file or directory!
	at org.apache.hadoop.fs.ozone.BasicOzoneClientAdapterImpl.getFileStatus(BasicOzoneClientAdapterImpl.java:369)
	at org.apache.hadoop.fs.ozone.BasicOzoneFileSystem.getFileStatus(BasicOzoneFileSystem.java:757)
	at org.apache.hadoop.fs.ozone.TestOzoneFileSystem.checkPath(TestOzoneFileSystem.java:502)
	at org.apache.hadoop.fs.ozone.TestOzoneFileSystem.testRecursiveDelete(TestOzoneFileSystem.java:458)
	at sun.reflect.NativeMethodAccessorImpl.invoke0(Native Method)
	at sun.reflect.NativeMethodAccessorImpl.invoke(NativeMethodAccessorImpl.java:62)
	at sun.reflect.DelegatingMethodAccessorImpl.invoke(DelegatingMethodAccessorImpl.java:43)
	at java.lang.reflect.Method.invoke(Method.java:498)
	at org.junit.runners.model.FrameworkMethod$1.runReflectiveCall(FrameworkMethod.java:59)
	at org.junit.internal.runners.model.ReflectiveCallable.run(ReflectiveCallable.java:12)
	at org.junit.runners.model.FrameworkMethod.invokeExplosively(FrameworkMethod.java:56)
	at org.junit.internal.runners.statements.InvokeMethod.evaluate(InvokeMethod.java:17)
	at org.junit.internal.runners.statements.RunAfters.evaluate(RunAfters.java:27)
	at org.junit.internal.runners.statements.FailOnTimeout$CallableStatement.call(FailOnTimeout.java:288)
	at org.junit.internal.runners.statements.FailOnTimeout$CallableStatement.call(FailOnTimeout.java:282)
	at java.util.concurrent.FutureTask.run(FutureTask.java:266)
	at java.lang.Thread.run(Thread.java:750)
08:37:02.508 [IPC Server handler 14 on default port 46487] ERROR OMAudit - user=runner | ip=127.0.0.1 | op=GET_FILE_STATUS {volume=volume16396, bucket=bucket39555, key=gdir1/dir7, dataSize=0, replicationConfig=null} | ret=FAILURE
org.apache.hadoop.ozone.om.exceptions.OMException: Unable to get file status: volume: volume16396 bucket: bucket39555 key: gdir1/dir7
	at org.apache.hadoop.ozone.om.KeyManagerImpl.getOzoneFileStatus(KeyManagerImpl.java:1270) ~[ozone-manager-1.3.0-SNAPSHOT.jar:?]
	at org.apache.hadoop.ozone.om.KeyManagerImpl.getFileStatus(KeyManagerImpl.java:1200) ~[ozone-manager-1.3.0-SNAPSHOT.jar:?]
	at org.apache.hadoop.ozone.om.OzoneManager.getFileStatus(OzoneManager.java:3507) ~[ozone-manager-1.3.0-SNAPSHOT.jar:?]
	at org.apache.hadoop.ozone.protocolPB.OzoneManagerRequestHandler.getOzoneFileStatus(OzoneManagerRequestHandler.java:882) ~[ozone-manager-1.3.0-SNAPSHOT.jar:?]
	at org.apache.hadoop.ozone.protocolPB.OzoneManagerRequestHandler.handleReadRequest(OzoneManagerRequestHandler.java:228) ~[ozone-manager-1.3.0-SNAPSHOT.jar:?]
	at org.apache.hadoop.ozone.protocolPB.OzoneManagerProtocolServerSideTranslatorPB.submitReadRequestToOM(OzoneManagerProtocolServerSideTranslatorPB.java:226) ~[ozone-manager-1.3.0-SNAPSHOT.jar:?]
	at org.apache.hadoop.ozone.protocolPB.OzoneManagerProtocolServerSideTranslatorPB.processRequest(OzoneManagerProtocolServerSideTranslatorPB.java:175) ~[ozone-manager-1.3.0-SNAPSHOT.jar:?]
	at org.apache.hadoop.hdds.server.OzoneProtocolMessageDispatcher.processRequest(OzoneProtocolMessageDispatcher.java:87) [hdds-server-framework-1.3.0-SNAPSHOT.jar:?]
	at org.apache.hadoop.ozone.protocolPB.OzoneManagerProtocolServerSideTranslatorPB.submitRequest(OzoneManagerProtocolServerSideTranslatorPB.java:147) [ozone-manager-1.3.0-SNAPSHOT.jar:?]
	at org.apache.hadoop.ozone.protocol.proto.OzoneManagerProtocolProtos$OzoneManagerService$2.callBlockingMethod(OzoneManagerProtocolProtos.java) [ozone-interface-client-1.3.0-SNAPSHOT.jar:?]
	at org.apache.hadoop.ipc.ProtobufRpcEngine$Server.processCall(ProtobufRpcEngine.java:466) [hadoop-common-3.3.1.jar:?]
	at org.apache.hadoop.ipc.ProtobufRpcEngine2$Server$ProtoBufRpcInvoker.call(ProtobufRpcEngine2.java:574) [hadoop-common-3.3.1.jar:?]
	at org.apache.hadoop.ipc.ProtobufRpcEngine2$Server$ProtoBufRpcInvoker.call(ProtobufRpcEngine2.java:552) [hadoop-common-3.3.1.jar:?]
	at org.apache.hadoop.ipc.RPC$Server.call(RPC.java:1093) [hadoop-common-3.3.1.jar:?]
	at org.apache.hadoop.ipc.Server$RpcCall.run(Server.java:1035) [hadoop-common-3.3.1.jar:?]
	at org.apache.hadoop.ipc.Server$RpcCall.run(Server.java:963) [hadoop-common-3.3.1.jar:?]
	at java.security.AccessController.doPrivileged(Native Method) ~[?:1.8.0_345]
	at javax.security.auth.Subject.doAs(Subject.java:422) [?:1.8.0_345]
	at org.apache.hadoop.security.UserGroupInformation.doAs(UserGroupInformation.java:1878) [hadoop-common-3.3.1.jar:?]
	at org.apache.hadoop.ipc.Server$Handler.run(Server.java:2966) [hadoop-common-3.3.1.jar:?]
2022-10-10 08:37:02,509 [Time-limited test] WARN  ozone.BasicOzoneFileSystem (BasicOzoneFileSystem.java:getFileStatus(765)) - GetFileStatus failed for path /gdir1/dir7
java.io.FileNotFoundException: gdir1/dir7: No such file or directory!
	at org.apache.hadoop.fs.ozone.BasicOzoneClientAdapterImpl.getFileStatus(BasicOzoneClientAdapterImpl.java:369)
	at org.apache.hadoop.fs.ozone.BasicOzoneFileSystem.getFileStatus(BasicOzoneFileSystem.java:757)
	at org.apache.hadoop.fs.ozone.TestOzoneFileSystem.checkPath(TestOzoneFileSystem.java:502)
	at org.apache.hadoop.fs.ozone.TestOzoneFileSystem.testRecursiveDelete(TestOzoneFileSystem.java:457)
	at sun.reflect.NativeMethodAccessorImpl.invoke0(Native Method)
	at sun.reflect.NativeMethodAccessorImpl.invoke(NativeMethodAccessorImpl.java:62)
	at sun.reflect.DelegatingMethodAccessorImpl.invoke(DelegatingMethodAccessorImpl.java:43)
	at java.lang.reflect.Method.invoke(Method.java:498)
	at org.junit.runners.model.FrameworkMethod$1.runReflectiveCall(FrameworkMethod.java:59)
	at org.junit.internal.runners.model.ReflectiveCallable.run(ReflectiveCallable.java:12)
	at org.junit.runners.model.FrameworkMethod.invokeExplosively(FrameworkMethod.java:56)
	at org.junit.internal.runners.statements.InvokeMethod.evaluate(InvokeMethod.java:17)
	at org.junit.internal.runners.statements.RunAfters.evaluate(RunAfters.java:27)
	at org.junit.internal.runners.statements.FailOnTimeout$CallableStatement.call(FailOnTimeout.java:288)
	at org.junit.internal.runners.statements.FailOnTimeout$CallableStatement.call(FailOnTimeout.java:282)
	at java.util.concurrent.FutureTask.run(FutureTask.java:266)
	at java.lang.Thread.run(Thread.java:750)
08:37:02.510 [IPC Server handler 12 on default port 46487] ERROR OMAudit - user=runner | ip=127.0.0.1 | op=GET_FILE_STATUS {volume=volume16396, bucket=bucket39555, key=gdir1/dir7/child, dataSize=0, replicationConfig=null} | ret=FAILURE
org.apache.hadoop.ozone.om.exceptions.OMException: Unable to get file status: volume: volume16396 bucket: bucket39555 key: gdir1/dir7/child
	at org.apache.hadoop.ozone.om.KeyManagerImpl.getOzoneFileStatus(KeyManagerImpl.java:1270) ~[ozone-manager-1.3.0-SNAPSHOT.jar:?]
	at org.apache.hadoop.ozone.om.KeyManagerImpl.getFileStatus(KeyManagerImpl.java:1200) ~[ozone-manager-1.3.0-SNAPSHOT.jar:?]
	at org.apache.hadoop.ozone.om.OzoneManager.getFileStatus(OzoneManager.java:3507) ~[ozone-manager-1.3.0-SNAPSHOT.jar:?]
	at org.apache.hadoop.ozone.protocolPB.OzoneManagerRequestHandler.getOzoneFileStatus(OzoneManagerRequestHandler.java:882) ~[ozone-manager-1.3.0-SNAPSHOT.jar:?]
	at org.apache.hadoop.ozone.protocolPB.OzoneManagerRequestHandler.handleReadRequest(OzoneManagerRequestHandler.java:228) ~[ozone-manager-1.3.0-SNAPSHOT.jar:?]
	at org.apache.hadoop.ozone.protocolPB.OzoneManagerProtocolServerSideTranslatorPB.submitReadRequestToOM(OzoneManagerProtocolServerSideTranslatorPB.java:226) ~[ozone-manager-1.3.0-SNAPSHOT.jar:?]
	at org.apache.hadoop.ozone.protocolPB.OzoneManagerProtocolServerSideTranslatorPB.processRequest(OzoneManagerProtocolServerSideTranslatorPB.java:175) ~[ozone-manager-1.3.0-SNAPSHOT.jar:?]
	at org.apache.hadoop.hdds.server.OzoneProtocolMessageDispatcher.processRequest(OzoneProtocolMessageDispatcher.java:87) [hdds-server-framework-1.3.0-SNAPSHOT.jar:?]
	at org.apache.hadoop.ozone.protocolPB.OzoneManagerProtocolServerSideTranslatorPB.submitRequest(OzoneManagerProtocolServerSideTranslatorPB.java:147) [ozone-manager-1.3.0-SNAPSHOT.jar:?]
	at org.apache.hadoop.ozone.protocol.proto.OzoneManagerProtocolProtos$OzoneManagerService$2.callBlockingMethod(OzoneManagerProtocolProtos.java) [ozone-interface-client-1.3.0-SNAPSHOT.jar:?]
	at org.apache.hadoop.ipc.ProtobufRpcEngine$Server.processCall(ProtobufRpcEngine.java:466) [hadoop-common-3.3.1.jar:?]
	at org.apache.hadoop.ipc.ProtobufRpcEngine2$Server$ProtoBufRpcInvoker.call(ProtobufRpcEngine2.java:574) [hadoop-common-3.3.1.jar:?]
	at org.apache.hadoop.ipc.ProtobufRpcEngine2$Server$ProtoBufRpcInvoker.call(ProtobufRpcEngine2.java:552) [hadoop-common-3.3.1.jar:?]
	at org.apache.hadoop.ipc.RPC$Server.call(RPC.java:1093) [hadoop-common-3.3.1.jar:?]
	at org.apache.hadoop.ipc.Server$RpcCall.run(Server.java:1035) [hadoop-common-3.3.1.jar:?]
	at org.apache.hadoop.ipc.Server$RpcCall.run(Server.java:963) [hadoop-common-3.3.1.jar:?]
	at java.security.AccessController.doPrivileged(Native Method) ~[?:1.8.0_345]
	at javax.security.auth.Subject.doAs(Subject.java:422) [?:1.8.0_345]
	at org.apache.hadoop.security.UserGroupInformation.doAs(UserGroupInformation.java:1878) [hadoop-common-3.3.1.jar:?]
	at org.apache.hadoop.ipc.Server$Handler.run(Server.java:2966) [hadoop-common-3.3.1.jar:?]
2022-10-10 08:37:02,510 [Time-limited test] WARN  ozone.BasicOzoneFileSystem (BasicOzoneFileSystem.java:getFileStatus(765)) - GetFileStatus failed for path /gdir1/dir7/child
java.io.FileNotFoundException: gdir1/dir7/child: No such file or directory!
	at org.apache.hadoop.fs.ozone.BasicOzoneClientAdapterImpl.getFileStatus(BasicOzoneClientAdapterImpl.java:369)
	at org.apache.hadoop.fs.ozone.BasicOzoneFileSystem.getFileStatus(BasicOzoneFileSystem.java:757)
	at org.apache.hadoop.fs.ozone.TestOzoneFileSystem.checkPath(TestOzoneFileSystem.java:502)
	at org.apache.hadoop.fs.ozone.TestOzoneFileSystem.testRecursiveDelete(TestOzoneFileSystem.java:458)
	at sun.reflect.NativeMethodAccessorImpl.invoke0(Native Method)
	at sun.reflect.NativeMethodAccessorImpl.invoke(NativeMethodAccessorImpl.java:62)
	at sun.reflect.DelegatingMethodAccessorImpl.invoke(DelegatingMethodAccessorImpl.java:43)
	at java.lang.reflect.Method.invoke(Method.java:498)
	at org.junit.runners.model.FrameworkMethod$1.runReflectiveCall(FrameworkMethod.java:59)
	at org.junit.internal.runners.model.ReflectiveCallable.run(ReflectiveCallable.java:12)
	at org.junit.runners.model.FrameworkMethod.invokeExplosively(FrameworkMethod.java:56)
	at org.junit.internal.runners.statements.InvokeMethod.evaluate(InvokeMethod.java:17)
	at org.junit.internal.runners.statements.RunAfters.evaluate(RunAfters.java:27)
	at org.junit.internal.runners.statements.FailOnTimeout$CallableStatement.call(FailOnTimeout.java:288)
	at org.junit.internal.runners.statements.FailOnTimeout$CallableStatement.call(FailOnTimeout.java:282)
	at java.util.concurrent.FutureTask.run(FutureTask.java:266)
	at java.lang.Thread.run(Thread.java:750)
08:37:02.511 [IPC Server handler 13 on default port 46487] ERROR OMAudit - user=runner | ip=127.0.0.1 | op=GET_FILE_STATUS {volume=volume16396, bucket=bucket39555, key=gdir1/dir8, dataSize=0, replicationConfig=null} | ret=FAILURE
org.apache.hadoop.ozone.om.exceptions.OMException: Unable to get file status: volume: volume16396 bucket: bucket39555 key: gdir1/dir8
	at org.apache.hadoop.ozone.om.KeyManagerImpl.getOzoneFileStatus(KeyManagerImpl.java:1270) ~[ozone-manager-1.3.0-SNAPSHOT.jar:?]
	at org.apache.hadoop.ozone.om.KeyManagerImpl.getFileStatus(KeyManagerImpl.java:1200) ~[ozone-manager-1.3.0-SNAPSHOT.jar:?]
	at org.apache.hadoop.ozone.om.OzoneManager.getFileStatus(OzoneManager.java:3507) ~[ozone-manager-1.3.0-SNAPSHOT.jar:?]
	at org.apache.hadoop.ozone.protocolPB.OzoneManagerRequestHandler.getOzoneFileStatus(OzoneManagerRequestHandler.java:882) ~[ozone-manager-1.3.0-SNAPSHOT.jar:?]
	at org.apache.hadoop.ozone.protocolPB.OzoneManagerRequestHandler.handleReadRequest(OzoneManagerRequestHandler.java:228) ~[ozone-manager-1.3.0-SNAPSHOT.jar:?]
	at org.apache.hadoop.ozone.protocolPB.OzoneManagerProtocolServerSideTranslatorPB.submitReadRequestToOM(OzoneManagerProtocolServerSideTranslatorPB.java:226) ~[ozone-manager-1.3.0-SNAPSHOT.jar:?]
	at org.apache.hadoop.ozone.protocolPB.OzoneManagerProtocolServerSideTranslatorPB.processRequest(OzoneManagerProtocolServerSideTranslatorPB.java:175) ~[ozone-manager-1.3.0-SNAPSHOT.jar:?]
	at org.apache.hadoop.hdds.server.OzoneProtocolMessageDispatcher.processRequest(OzoneProtocolMessageDispatcher.java:87) [hdds-server-framework-1.3.0-SNAPSHOT.jar:?]
	at org.apache.hadoop.ozone.protocolPB.OzoneManagerProtocolServerSideTranslatorPB.submitRequest(OzoneManagerProtocolServerSideTranslatorPB.java:147) [ozone-manager-1.3.0-SNAPSHOT.jar:?]
	at org.apache.hadoop.ozone.protocol.proto.OzoneManagerProtocolProtos$OzoneManagerService$2.callBlockingMethod(OzoneManagerProtocolProtos.java) [ozone-interface-client-1.3.0-SNAPSHOT.jar:?]
	at org.apache.hadoop.ipc.ProtobufRpcEngine$Server.processCall(ProtobufRpcEngine.java:466) [hadoop-common-3.3.1.jar:?]
	at org.apache.hadoop.ipc.ProtobufRpcEngine2$Server$ProtoBufRpcInvoker.call(ProtobufRpcEngine2.java:574) [hadoop-common-3.3.1.jar:?]
	at org.apache.hadoop.ipc.ProtobufRpcEngine2$Server$ProtoBufRpcInvoker.call(ProtobufRpcEngine2.java:552) [hadoop-common-3.3.1.jar:?]
	at org.apache.hadoop.ipc.RPC$Server.call(RPC.java:1093) [hadoop-common-3.3.1.jar:?]
	at org.apache.hadoop.ipc.Server$RpcCall.run(Server.java:1035) [hadoop-common-3.3.1.jar:?]
	at org.apache.hadoop.ipc.Server$RpcCall.run(Server.java:963) [hadoop-common-3.3.1.jar:?]
	at java.security.AccessController.doPrivileged(Native Method) ~[?:1.8.0_345]
	at javax.security.auth.Subject.doAs(Subject.java:422) [?:1.8.0_345]
	at org.apache.hadoop.security.UserGroupInformation.doAs(UserGroupInformation.java:1878) [hadoop-common-3.3.1.jar:?]
	at org.apache.hadoop.ipc.Server$Handler.run(Server.java:2966) [hadoop-common-3.3.1.jar:?]
2022-10-10 08:37:02,512 [Time-limited test] WARN  ozone.BasicOzoneFileSystem (BasicOzoneFileSystem.java:getFileStatus(765)) - GetFileStatus failed for path /gdir1/dir8
java.io.FileNotFoundException: gdir1/dir8: No such file or directory!
	at org.apache.hadoop.fs.ozone.BasicOzoneClientAdapterImpl.getFileStatus(BasicOzoneClientAdapterImpl.java:369)
	at org.apache.hadoop.fs.ozone.BasicOzoneFileSystem.getFileStatus(BasicOzoneFileSystem.java:757)
	at org.apache.hadoop.fs.ozone.TestOzoneFileSystem.checkPath(TestOzoneFileSystem.java:502)
	at org.apache.hadoop.fs.ozone.TestOzoneFileSystem.testRecursiveDelete(TestOzoneFileSystem.java:457)
	at sun.reflect.NativeMethodAccessorImpl.invoke0(Native Method)
	at sun.reflect.NativeMethodAccessorImpl.invoke(NativeMethodAccessorImpl.java:62)
	at sun.reflect.DelegatingMethodAccessorImpl.invoke(DelegatingMethodAccessorImpl.java:43)
	at java.lang.reflect.Method.invoke(Method.java:498)
	at org.junit.runners.model.FrameworkMethod$1.runReflectiveCall(FrameworkMethod.java:59)
	at org.junit.internal.runners.model.ReflectiveCallable.run(ReflectiveCallable.java:12)
	at org.junit.runners.model.FrameworkMethod.invokeExplosively(FrameworkMethod.java:56)
	at org.junit.internal.runners.statements.InvokeMethod.evaluate(InvokeMethod.java:17)
	at org.junit.internal.runners.statements.RunAfters.evaluate(RunAfters.java:27)
	at org.junit.internal.runners.statements.FailOnTimeout$CallableStatement.call(FailOnTimeout.java:288)
	at org.junit.internal.runners.statements.FailOnTimeout$CallableStatement.call(FailOnTimeout.java:282)
	at java.util.concurrent.FutureTask.run(FutureTask.java:266)
	at java.lang.Thread.run(Thread.java:750)
08:37:02.513 [IPC Server handler 16 on default port 46487] ERROR OMAudit - user=runner | ip=127.0.0.1 | op=GET_FILE_STATUS {volume=volume16396, bucket=bucket39555, key=gdir1/dir8/child, dataSize=0, replicationConfig=null} | ret=FAILURE
org.apache.hadoop.ozone.om.exceptions.OMException: Unable to get file status: volume: volume16396 bucket: bucket39555 key: gdir1/dir8/child
	at org.apache.hadoop.ozone.om.KeyManagerImpl.getOzoneFileStatus(KeyManagerImpl.java:1270) ~[ozone-manager-1.3.0-SNAPSHOT.jar:?]
	at org.apache.hadoop.ozone.om.KeyManagerImpl.getFileStatus(KeyManagerImpl.java:1200) ~[ozone-manager-1.3.0-SNAPSHOT.jar:?]
	at org.apache.hadoop.ozone.om.OzoneManager.getFileStatus(OzoneManager.java:3507) ~[ozone-manager-1.3.0-SNAPSHOT.jar:?]
	at org.apache.hadoop.ozone.protocolPB.OzoneManagerRequestHandler.getOzoneFileStatus(OzoneManagerRequestHandler.java:882) ~[ozone-manager-1.3.0-SNAPSHOT.jar:?]
	at org.apache.hadoop.ozone.protocolPB.OzoneManagerRequestHandler.handleReadRequest(OzoneManagerRequestHandler.java:228) ~[ozone-manager-1.3.0-SNAPSHOT.jar:?]
	at org.apache.hadoop.ozone.protocolPB.OzoneManagerProtocolServerSideTranslatorPB.submitReadRequestToOM(OzoneManagerProtocolServerSideTranslatorPB.java:226) ~[ozone-manager-1.3.0-SNAPSHOT.jar:?]
	at org.apache.hadoop.ozone.protocolPB.OzoneManagerProtocolServerSideTranslatorPB.processRequest(OzoneManagerProtocolServerSideTranslatorPB.java:175) ~[ozone-manager-1.3.0-SNAPSHOT.jar:?]
	at org.apache.hadoop.hdds.server.OzoneProtocolMessageDispatcher.processRequest(OzoneProtocolMessageDispatcher.java:87) [hdds-server-framework-1.3.0-SNAPSHOT.jar:?]
	at org.apache.hadoop.ozone.protocolPB.OzoneManagerProtocolServerSideTranslatorPB.submitRequest(OzoneManagerProtocolServerSideTranslatorPB.java:147) [ozone-manager-1.3.0-SNAPSHOT.jar:?]
	at org.apache.hadoop.ozone.protocol.proto.OzoneManagerProtocolProtos$OzoneManagerService$2.callBlockingMethod(OzoneManagerProtocolProtos.java) [ozone-interface-client-1.3.0-SNAPSHOT.jar:?]
	at org.apache.hadoop.ipc.ProtobufRpcEngine$Server.processCall(ProtobufRpcEngine.java:466) [hadoop-common-3.3.1.jar:?]
	at org.apache.hadoop.ipc.ProtobufRpcEngine2$Server$ProtoBufRpcInvoker.call(ProtobufRpcEngine2.java:574) [hadoop-common-3.3.1.jar:?]
	at org.apache.hadoop.ipc.ProtobufRpcEngine2$Server$ProtoBufRpcInvoker.call(ProtobufRpcEngine2.java:552) [hadoop-common-3.3.1.jar:?]
	at org.apache.hadoop.ipc.RPC$Server.call(RPC.java:1093) [hadoop-common-3.3.1.jar:?]
	at org.apache.hadoop.ipc.Server$RpcCall.run(Server.java:1035) [hadoop-common-3.3.1.jar:?]
	at org.apache.hadoop.ipc.Server$RpcCall.run(Server.java:963) [hadoop-common-3.3.1.jar:?]
	at java.security.AccessController.doPrivileged(Native Method) ~[?:1.8.0_345]
	at javax.security.auth.Subject.doAs(Subject.java:422) [?:1.8.0_345]
	at org.apache.hadoop.security.UserGroupInformation.doAs(UserGroupInformation.java:1878) [hadoop-common-3.3.1.jar:?]
	at org.apache.hadoop.ipc.Server$Handler.run(Server.java:2966) [hadoop-common-3.3.1.jar:?]
2022-10-10 08:37:02,513 [Time-limited test] WARN  ozone.BasicOzoneFileSystem (BasicOzoneFileSystem.java:getFileStatus(765)) - GetFileStatus failed for path /gdir1/dir8/child
java.io.FileNotFoundException: gdir1/dir8/child: No such file or directory!
	at org.apache.hadoop.fs.ozone.BasicOzoneClientAdapterImpl.getFileStatus(BasicOzoneClientAdapterImpl.java:369)
	at org.apache.hadoop.fs.ozone.BasicOzoneFileSystem.getFileStatus(BasicOzoneFileSystem.java:757)
	at org.apache.hadoop.fs.ozone.TestOzoneFileSystem.checkPath(TestOzoneFileSystem.java:502)
	at org.apache.hadoop.fs.ozone.TestOzoneFileSystem.testRecursiveDelete(TestOzoneFileSystem.java:458)
	at sun.reflect.NativeMethodAccessorImpl.invoke0(Native Method)
	at sun.reflect.NativeMethodAccessorImpl.invoke(NativeMethodAccessorImpl.java:62)
	at sun.reflect.DelegatingMethodAccessorImpl.invoke(DelegatingMethodAccessorImpl.java:43)
	at java.lang.reflect.Method.invoke(Method.java:498)
	at org.junit.runners.model.FrameworkMethod$1.runReflectiveCall(FrameworkMethod.java:59)
	at org.junit.internal.runners.model.ReflectiveCallable.run(ReflectiveCallable.java:12)
	at org.junit.runners.model.FrameworkMethod.invokeExplosively(FrameworkMethod.java:56)
	at org.junit.internal.runners.statements.InvokeMethod.evaluate(InvokeMethod.java:17)
	at org.junit.internal.runners.statements.RunAfters.evaluate(RunAfters.java:27)
	at org.junit.internal.runners.statements.FailOnTimeout$CallableStatement.call(FailOnTimeout.java:288)
	at org.junit.internal.runners.statements.FailOnTimeout$CallableStatement.call(FailOnTimeout.java:282)
	at java.util.concurrent.FutureTask.run(FutureTask.java:266)
	at java.lang.Thread.run(Thread.java:750)
08:37:02.514 [IPC Server handler 17 on default port 46487] ERROR OMAudit - user=runner | ip=127.0.0.1 | op=GET_FILE_STATUS {volume=volume16396, bucket=bucket39555, key=gdir1/dir9, dataSize=0, replicationConfig=null} | ret=FAILURE
org.apache.hadoop.ozone.om.exceptions.OMException: Unable to get file status: volume: volume16396 bucket: bucket39555 key: gdir1/dir9
	at org.apache.hadoop.ozone.om.KeyManagerImpl.getOzoneFileStatus(KeyManagerImpl.java:1270) ~[ozone-manager-1.3.0-SNAPSHOT.jar:?]
	at org.apache.hadoop.ozone.om.KeyManagerImpl.getFileStatus(KeyManagerImpl.java:1200) ~[ozone-manager-1.3.0-SNAPSHOT.jar:?]
	at org.apache.hadoop.ozone.om.OzoneManager.getFileStatus(OzoneManager.java:3507) ~[ozone-manager-1.3.0-SNAPSHOT.jar:?]
	at org.apache.hadoop.ozone.protocolPB.OzoneManagerRequestHandler.getOzoneFileStatus(OzoneManagerRequestHandler.java:882) ~[ozone-manager-1.3.0-SNAPSHOT.jar:?]
	at org.apache.hadoop.ozone.protocolPB.OzoneManagerRequestHandler.handleReadRequest(OzoneManagerRequestHandler.java:228) ~[ozone-manager-1.3.0-SNAPSHOT.jar:?]
	at org.apache.hadoop.ozone.protocolPB.OzoneManagerProtocolServerSideTranslatorPB.submitReadRequestToOM(OzoneManagerProtocolServerSideTranslatorPB.java:226) ~[ozone-manager-1.3.0-SNAPSHOT.jar:?]
	at org.apache.hadoop.ozone.protocolPB.OzoneManagerProtocolServerSideTranslatorPB.processRequest(OzoneManagerProtocolServerSideTranslatorPB.java:175) ~[ozone-manager-1.3.0-SNAPSHOT.jar:?]
	at org.apache.hadoop.hdds.server.OzoneProtocolMessageDispatcher.processRequest(OzoneProtocolMessageDispatcher.java:87) [hdds-server-framework-1.3.0-SNAPSHOT.jar:?]
	at org.apache.hadoop.ozone.protocolPB.OzoneManagerProtocolServerSideTranslatorPB.submitRequest(OzoneManagerProtocolServerSideTranslatorPB.java:147) [ozone-manager-1.3.0-SNAPSHOT.jar:?]
	at org.apache.hadoop.ozone.protocol.proto.OzoneManagerProtocolProtos$OzoneManagerService$2.callBlockingMethod(OzoneManagerProtocolProtos.java) [ozone-interface-client-1.3.0-SNAPSHOT.jar:?]
	at org.apache.hadoop.ipc.ProtobufRpcEngine$Server.processCall(ProtobufRpcEngine.java:466) [hadoop-common-3.3.1.jar:?]
	at org.apache.hadoop.ipc.ProtobufRpcEngine2$Server$ProtoBufRpcInvoker.call(ProtobufRpcEngine2.java:574) [hadoop-common-3.3.1.jar:?]
	at org.apache.hadoop.ipc.ProtobufRpcEngine2$Server$ProtoBufRpcInvoker.call(ProtobufRpcEngine2.java:552) [hadoop-common-3.3.1.jar:?]
	at org.apache.hadoop.ipc.RPC$Server.call(RPC.java:1093) [hadoop-common-3.3.1.jar:?]
	at org.apache.hadoop.ipc.Server$RpcCall.run(Server.java:1035) [hadoop-common-3.3.1.jar:?]
	at org.apache.hadoop.ipc.Server$RpcCall.run(Server.java:963) [hadoop-common-3.3.1.jar:?]
	at java.security.AccessController.doPrivileged(Native Method) ~[?:1.8.0_345]
	at javax.security.auth.Subject.doAs(Subject.java:422) [?:1.8.0_345]
	at org.apache.hadoop.security.UserGroupInformation.doAs(UserGroupInformation.java:1878) [hadoop-common-3.3.1.jar:?]
	at org.apache.hadoop.ipc.Server$Handler.run(Server.java:2966) [hadoop-common-3.3.1.jar:?]
2022-10-10 08:37:02,515 [Time-limited test] WARN  ozone.BasicOzoneFileSystem (BasicOzoneFileSystem.java:getFileStatus(765)) - GetFileStatus failed for path /gdir1/dir9
java.io.FileNotFoundException: gdir1/dir9: No such file or directory!
	at org.apache.hadoop.fs.ozone.BasicOzoneClientAdapterImpl.getFileStatus(BasicOzoneClientAdapterImpl.java:369)
	at org.apache.hadoop.fs.ozone.BasicOzoneFileSystem.getFileStatus(BasicOzoneFileSystem.java:757)
	at org.apache.hadoop.fs.ozone.TestOzoneFileSystem.checkPath(TestOzoneFileSystem.java:502)
	at org.apache.hadoop.fs.ozone.TestOzoneFileSystem.testRecursiveDelete(TestOzoneFileSystem.java:457)
	at sun.reflect.NativeMethodAccessorImpl.invoke0(Native Method)
	at sun.reflect.NativeMethodAccessorImpl.invoke(NativeMethodAccessorImpl.java:62)
	at sun.reflect.DelegatingMethodAccessorImpl.invoke(DelegatingMethodAccessorImpl.java:43)
	at java.lang.reflect.Method.invoke(Method.java:498)
	at org.junit.runners.model.FrameworkMethod$1.runReflectiveCall(FrameworkMethod.java:59)
	at org.junit.internal.runners.model.ReflectiveCallable.run(ReflectiveCallable.java:12)
	at org.junit.runners.model.FrameworkMethod.invokeExplosively(FrameworkMethod.java:56)
	at org.junit.internal.runners.statements.InvokeMethod.evaluate(InvokeMethod.java:17)
	at org.junit.internal.runners.statements.RunAfters.evaluate(RunAfters.java:27)
	at org.junit.internal.runners.statements.FailOnTimeout$CallableStatement.call(FailOnTimeout.java:288)
	at org.junit.internal.runners.statements.FailOnTimeout$CallableStatement.call(FailOnTimeout.java:282)
	at java.util.concurrent.FutureTask.run(FutureTask.java:266)
	at java.lang.Thread.run(Thread.java:750)
08:37:02.515 [IPC Server handler 19 on default port 46487] ERROR OMAudit - user=runner | ip=127.0.0.1 | op=GET_FILE_STATUS {volume=volume16396, bucket=bucket39555, key=gdir1/dir9/child, dataSize=0, replicationConfig=null} | ret=FAILURE
org.apache.hadoop.ozone.om.exceptions.OMException: Unable to get file status: volume: volume16396 bucket: bucket39555 key: gdir1/dir9/child
	at org.apache.hadoop.ozone.om.KeyManagerImpl.getOzoneFileStatus(KeyManagerImpl.java:1270) ~[ozone-manager-1.3.0-SNAPSHOT.jar:?]
	at org.apache.hadoop.ozone.om.KeyManagerImpl.getFileStatus(KeyManagerImpl.java:1200) ~[ozone-manager-1.3.0-SNAPSHOT.jar:?]
	at org.apache.hadoop.ozone.om.OzoneManager.getFileStatus(OzoneManager.java:3507) ~[ozone-manager-1.3.0-SNAPSHOT.jar:?]
	at org.apache.hadoop.ozone.protocolPB.OzoneManagerRequestHandler.getOzoneFileStatus(OzoneManagerRequestHandler.java:882) ~[ozone-manager-1.3.0-SNAPSHOT.jar:?]
	at org.apache.hadoop.ozone.protocolPB.OzoneManagerRequestHandler.handleReadRequest(OzoneManagerRequestHandler.java:228) ~[ozone-manager-1.3.0-SNAPSHOT.jar:?]
	at org.apache.hadoop.ozone.protocolPB.OzoneManagerProtocolServerSideTranslatorPB.submitReadRequestToOM(OzoneManagerProtocolServerSideTranslatorPB.java:226) ~[ozone-manager-1.3.0-SNAPSHOT.jar:?]
	at org.apache.hadoop.ozone.protocolPB.OzoneManagerProtocolServerSideTranslatorPB.processRequest(OzoneManagerProtocolServerSideTranslatorPB.java:175) ~[ozone-manager-1.3.0-SNAPSHOT.jar:?]
	at org.apache.hadoop.hdds.server.OzoneProtocolMessageDispatcher.processRequest(OzoneProtocolMessageDispatcher.java:87) [hdds-server-framework-1.3.0-SNAPSHOT.jar:?]
	at org.apache.hadoop.ozone.protocolPB.OzoneManagerProtocolServerSideTranslatorPB.submitRequest(OzoneManagerProtocolServerSideTranslatorPB.java:147) [ozone-manager-1.3.0-SNAPSHOT.jar:?]
	at org.apache.hadoop.ozone.protocol.proto.OzoneManagerProtocolProtos$OzoneManagerService$2.callBlockingMethod(OzoneManagerProtocolProtos.java) [ozone-interface-client-1.3.0-SNAPSHOT.jar:?]
	at org.apache.hadoop.ipc.ProtobufRpcEngine$Server.processCall(ProtobufRpcEngine.java:466) [hadoop-common-3.3.1.jar:?]
	at org.apache.hadoop.ipc.ProtobufRpcEngine2$Server$ProtoBufRpcInvoker.call(ProtobufRpcEngine2.java:574) [hadoop-common-3.3.1.jar:?]
	at org.apache.hadoop.ipc.ProtobufRpcEngine2$Server$ProtoBufRpcInvoker.call(ProtobufRpcEngine2.java:552) [hadoop-common-3.3.1.jar:?]
	at org.apache.hadoop.ipc.RPC$Server.call(RPC.java:1093) [hadoop-common-3.3.1.jar:?]
	at org.apache.hadoop.ipc.Server$RpcCall.run(Server.java:1035) [hadoop-common-3.3.1.jar:?]
	at org.apache.hadoop.ipc.Server$RpcCall.run(Server.java:963) [hadoop-common-3.3.1.jar:?]
	at java.security.AccessController.doPrivileged(Native Method) ~[?:1.8.0_345]
	at javax.security.auth.Subject.doAs(Subject.java:422) [?:1.8.0_345]
	at org.apache.hadoop.security.UserGroupInformation.doAs(UserGroupInformation.java:1878) [hadoop-common-3.3.1.jar:?]
	at org.apache.hadoop.ipc.Server$Handler.run(Server.java:2966) [hadoop-common-3.3.1.jar:?]
2022-10-10 08:37:02,516 [Time-limited test] WARN  ozone.BasicOzoneFileSystem (BasicOzoneFileSystem.java:getFileStatus(765)) - GetFileStatus failed for path /gdir1/dir9/child
java.io.FileNotFoundException: gdir1/dir9/child: No such file or directory!
	at org.apache.hadoop.fs.ozone.BasicOzoneClientAdapterImpl.getFileStatus(BasicOzoneClientAdapterImpl.java:369)
	at org.apache.hadoop.fs.ozone.BasicOzoneFileSystem.getFileStatus(BasicOzoneFileSystem.java:757)
	at org.apache.hadoop.fs.ozone.TestOzoneFileSystem.checkPath(TestOzoneFileSystem.java:502)
	at org.apache.hadoop.fs.ozone.TestOzoneFileSystem.testRecursiveDelete(TestOzoneFileSystem.java:458)
	at sun.reflect.NativeMethodAccessorImpl.invoke0(Native Method)
	at sun.reflect.NativeMethodAccessorImpl.invoke(NativeMethodAccessorImpl.java:62)
	at sun.reflect.DelegatingMethodAccessorImpl.invoke(DelegatingMethodAccessorImpl.java:43)
	at java.lang.reflect.Method.invoke(Method.java:498)
	at org.junit.runners.model.FrameworkMethod$1.runReflectiveCall(FrameworkMethod.java:59)
	at org.junit.internal.runners.model.ReflectiveCallable.run(ReflectiveCallable.java:12)
	at org.junit.runners.model.FrameworkMethod.invokeExplosively(FrameworkMethod.java:56)
	at org.junit.internal.runners.statements.InvokeMethod.evaluate(InvokeMethod.java:17)
	at org.junit.internal.runners.statements.RunAfters.evaluate(RunAfters.java:27)
	at org.junit.internal.runners.statements.FailOnTimeout$CallableStatement.call(FailOnTimeout.java:288)
	at org.junit.internal.runners.statements.FailOnTimeout$CallableStatement.call(FailOnTimeout.java:282)
	at java.util.concurrent.FutureTask.run(FutureTask.java:266)
	at java.lang.Thread.run(Thread.java:750)
08:37:02.517 [IPC Server handler 18 on default port 46487] ERROR OMAudit - user=runner | ip=127.0.0.1 | op=GET_FILE_STATUS {volume=volume16396, bucket=bucket39555, key=gdir1/dir10, dataSize=0, replicationConfig=null} | ret=FAILURE
org.apache.hadoop.ozone.om.exceptions.OMException: Unable to get file status: volume: volume16396 bucket: bucket39555 key: gdir1/dir10
	at org.apache.hadoop.ozone.om.KeyManagerImpl.getOzoneFileStatus(KeyManagerImpl.java:1270) ~[ozone-manager-1.3.0-SNAPSHOT.jar:?]
	at org.apache.hadoop.ozone.om.KeyManagerImpl.getFileStatus(KeyManagerImpl.java:1200) ~[ozone-manager-1.3.0-SNAPSHOT.jar:?]
	at org.apache.hadoop.ozone.om.OzoneManager.getFileStatus(OzoneManager.java:3507) ~[ozone-manager-1.3.0-SNAPSHOT.jar:?]
	at org.apache.hadoop.ozone.protocolPB.OzoneManagerRequestHandler.getOzoneFileStatus(OzoneManagerRequestHandler.java:882) ~[ozone-manager-1.3.0-SNAPSHOT.jar:?]
	at org.apache.hadoop.ozone.protocolPB.OzoneManagerRequestHandler.handleReadRequest(OzoneManagerRequestHandler.java:228) ~[ozone-manager-1.3.0-SNAPSHOT.jar:?]
	at org.apache.hadoop.ozone.protocolPB.OzoneManagerProtocolServerSideTranslatorPB.submitReadRequestToOM(OzoneManagerProtocolServerSideTranslatorPB.java:226) ~[ozone-manager-1.3.0-SNAPSHOT.jar:?]
	at org.apache.hadoop.ozone.protocolPB.OzoneManagerProtocolServerSideTranslatorPB.processRequest(OzoneManagerProtocolServerSideTranslatorPB.java:175) ~[ozone-manager-1.3.0-SNAPSHOT.jar:?]
	at org.apache.hadoop.hdds.server.OzoneProtocolMessageDispatcher.processRequest(OzoneProtocolMessageDispatcher.java:87) [hdds-server-framework-1.3.0-SNAPSHOT.jar:?]
	at org.apache.hadoop.ozone.protocolPB.OzoneManagerProtocolServerSideTranslatorPB.submitRequest(OzoneManagerProtocolServerSideTranslatorPB.java:147) [ozone-manager-1.3.0-SNAPSHOT.jar:?]
	at org.apache.hadoop.ozone.protocol.proto.OzoneManagerProtocolProtos$OzoneManagerService$2.callBlockingMethod(OzoneManagerProtocolProtos.java) [ozone-interface-client-1.3.0-SNAPSHOT.jar:?]
	at org.apache.hadoop.ipc.ProtobufRpcEngine$Server.processCall(ProtobufRpcEngine.java:466) [hadoop-common-3.3.1.jar:?]
	at org.apache.hadoop.ipc.ProtobufRpcEngine2$Server$ProtoBufRpcInvoker.call(ProtobufRpcEngine2.java:574) [hadoop-common-3.3.1.jar:?]
	at org.apache.hadoop.ipc.ProtobufRpcEngine2$Server$ProtoBufRpcInvoker.call(ProtobufRpcEngine2.java:552) [hadoop-common-3.3.1.jar:?]
	at org.apache.hadoop.ipc.RPC$Server.call(RPC.java:1093) [hadoop-common-3.3.1.jar:?]
	at org.apache.hadoop.ipc.Server$RpcCall.run(Server.java:1035) [hadoop-common-3.3.1.jar:?]
	at org.apache.hadoop.ipc.Server$RpcCall.run(Server.java:963) [hadoop-common-3.3.1.jar:?]
	at java.security.AccessController.doPrivileged(Native Method) ~[?:1.8.0_345]
	at javax.security.auth.Subject.doAs(Subject.java:422) [?:1.8.0_345]
	at org.apache.hadoop.security.UserGroupInformation.doAs(UserGroupInformation.java:1878) [hadoop-common-3.3.1.jar:?]
	at org.apache.hadoop.ipc.Server$Handler.run(Server.java:2966) [hadoop-common-3.3.1.jar:?]
2022-10-10 08:37:02,517 [Time-limited test] WARN  ozone.BasicOzoneFileSystem (BasicOzoneFileSystem.java:getFileStatus(765)) - GetFileStatus failed for path /gdir1/dir10
java.io.FileNotFoundException: gdir1/dir10: No such file or directory!
	at org.apache.hadoop.fs.ozone.BasicOzoneClientAdapterImpl.getFileStatus(BasicOzoneClientAdapterImpl.java:369)
	at org.apache.hadoop.fs.ozone.BasicOzoneFileSystem.getFileStatus(BasicOzoneFileSystem.java:757)
	at org.apache.hadoop.fs.ozone.TestOzoneFileSystem.checkPath(TestOzoneFileSystem.java:502)
	at org.apache.hadoop.fs.ozone.TestOzoneFileSystem.testRecursiveDelete(TestOzoneFileSystem.java:457)
	at sun.reflect.NativeMethodAccessorImpl.invoke0(Native Method)
	at sun.reflect.NativeMethodAccessorImpl.invoke(NativeMethodAccessorImpl.java:62)
	at sun.reflect.DelegatingMethodAccessorImpl.invoke(DelegatingMethodAccessorImpl.java:43)
	at java.lang.reflect.Method.invoke(Method.java:498)
	at org.junit.runners.model.FrameworkMethod$1.runReflectiveCall(FrameworkMethod.java:59)
	at org.junit.internal.runners.model.ReflectiveCallable.run(ReflectiveCallable.java:12)
	at org.junit.runners.model.FrameworkMethod.invokeExplosively(FrameworkMethod.java:56)
	at org.junit.internal.runners.statements.InvokeMethod.evaluate(InvokeMethod.java:17)
	at org.junit.internal.runners.statements.RunAfters.evaluate(RunAfters.java:27)
	at org.junit.internal.runners.statements.FailOnTimeout$CallableStatement.call(FailOnTimeout.java:288)
	at org.junit.internal.runners.statements.FailOnTimeout$CallableStatement.call(FailOnTimeout.java:282)
	at java.util.concurrent.FutureTask.run(FutureTask.java:266)
	at java.lang.Thread.run(Thread.java:750)
08:37:02.518 [IPC Server handler 0 on default port 46487] ERROR OMAudit - user=runner | ip=127.0.0.1 | op=GET_FILE_STATUS {volume=volume16396, bucket=bucket39555, key=gdir1/dir10/child, dataSize=0, replicationConfig=null} | ret=FAILURE
org.apache.hadoop.ozone.om.exceptions.OMException: Unable to get file status: volume: volume16396 bucket: bucket39555 key: gdir1/dir10/child
	at org.apache.hadoop.ozone.om.KeyManagerImpl.getOzoneFileStatus(KeyManagerImpl.java:1270) ~[ozone-manager-1.3.0-SNAPSHOT.jar:?]
	at org.apache.hadoop.ozone.om.KeyManagerImpl.getFileStatus(KeyManagerImpl.java:1200) ~[ozone-manager-1.3.0-SNAPSHOT.jar:?]
	at org.apache.hadoop.ozone.om.OzoneManager.getFileStatus(OzoneManager.java:3507) ~[ozone-manager-1.3.0-SNAPSHOT.jar:?]
	at org.apache.hadoop.ozone.protocolPB.OzoneManagerRequestHandler.getOzoneFileStatus(OzoneManagerRequestHandler.java:882) ~[ozone-manager-1.3.0-SNAPSHOT.jar:?]
	at org.apache.hadoop.ozone.protocolPB.OzoneManagerRequestHandler.handleReadRequest(OzoneManagerRequestHandler.java:228) ~[ozone-manager-1.3.0-SNAPSHOT.jar:?]
	at org.apache.hadoop.ozone.protocolPB.OzoneManagerProtocolServerSideTranslatorPB.submitReadRequestToOM(OzoneManagerProtocolServerSideTranslatorPB.java:226) ~[ozone-manager-1.3.0-SNAPSHOT.jar:?]
	at org.apache.hadoop.ozone.protocolPB.OzoneManagerProtocolServerSideTranslatorPB.processRequest(OzoneManagerProtocolServerSideTranslatorPB.java:175) ~[ozone-manager-1.3.0-SNAPSHOT.jar:?]
	at org.apache.hadoop.hdds.server.OzoneProtocolMessageDispatcher.processRequest(OzoneProtocolMessageDispatcher.java:87) [hdds-server-framework-1.3.0-SNAPSHOT.jar:?]
	at org.apache.hadoop.ozone.protocolPB.OzoneManagerProtocolServerSideTranslatorPB.submitRequest(OzoneManagerProtocolServerSideTranslatorPB.java:147) [ozone-manager-1.3.0-SNAPSHOT.jar:?]
	at org.apache.hadoop.ozone.protocol.proto.OzoneManagerProtocolProtos$OzoneManagerService$2.callBlockingMethod(OzoneManagerProtocolProtos.java) [ozone-interface-client-1.3.0-SNAPSHOT.jar:?]
	at org.apache.hadoop.ipc.ProtobufRpcEngine$Server.processCall(ProtobufRpcEngine.java:466) [hadoop-common-3.3.1.jar:?]
	at org.apache.hadoop.ipc.ProtobufRpcEngine2$Server$ProtoBufRpcInvoker.call(ProtobufRpcEngine2.java:574) [hadoop-common-3.3.1.jar:?]
	at org.apache.hadoop.ipc.ProtobufRpcEngine2$Server$ProtoBufRpcInvoker.call(ProtobufRpcEngine2.java:552) [hadoop-common-3.3.1.jar:?]
	at org.apache.hadoop.ipc.RPC$Server.call(RPC.java:1093) [hadoop-common-3.3.1.jar:?]
	at org.apache.hadoop.ipc.Server$RpcCall.run(Server.java:1035) [hadoop-common-3.3.1.jar:?]
	at org.apache.hadoop.ipc.Server$RpcCall.run(Server.java:963) [hadoop-common-3.3.1.jar:?]
	at java.security.AccessController.doPrivileged(Native Method) ~[?:1.8.0_345]
	at javax.security.auth.Subject.doAs(Subject.java:422) [?:1.8.0_345]
	at org.apache.hadoop.security.UserGroupInformation.doAs(UserGroupInformation.java:1878) [hadoop-common-3.3.1.jar:?]
	at org.apache.hadoop.ipc.Server$Handler.run(Server.java:2966) [hadoop-common-3.3.1.jar:?]
2022-10-10 08:37:02,520 [Time-limited test] WARN  ozone.BasicOzoneFileSystem (BasicOzoneFileSystem.java:getFileStatus(765)) - GetFileStatus failed for path /gdir1/dir10/child
java.io.FileNotFoundException: gdir1/dir10/child: No such file or directory!
	at org.apache.hadoop.fs.ozone.BasicOzoneClientAdapterImpl.getFileStatus(BasicOzoneClientAdapterImpl.java:369)
	at org.apache.hadoop.fs.ozone.BasicOzoneFileSystem.getFileStatus(BasicOzoneFileSystem.java:757)
	at org.apache.hadoop.fs.ozone.TestOzoneFileSystem.checkPath(TestOzoneFileSystem.java:502)
	at org.apache.hadoop.fs.ozone.TestOzoneFileSystem.testRecursiveDelete(TestOzoneFileSystem.java:458)
	at sun.reflect.NativeMethodAccessorImpl.invoke0(Native Method)
	at sun.reflect.NativeMethodAccessorImpl.invoke(NativeMethodAccessorImpl.java:62)
	at sun.reflect.DelegatingMethodAccessorImpl.invoke(DelegatingMethodAccessorImpl.java:43)
	at java.lang.reflect.Method.invoke(Method.java:498)
	at org.junit.runners.model.FrameworkMethod$1.runReflectiveCall(FrameworkMethod.java:59)
	at org.junit.internal.runners.model.ReflectiveCallable.run(ReflectiveCallable.java:12)
	at org.junit.runners.model.FrameworkMethod.invokeExplosively(FrameworkMethod.java:56)
	at org.junit.internal.runners.statements.InvokeMethod.evaluate(InvokeMethod.java:17)
	at org.junit.internal.runners.statements.RunAfters.evaluate(RunAfters.java:27)
	at org.junit.internal.runners.statements.FailOnTimeout$CallableStatement.call(FailOnTimeout.java:288)
	at org.junit.internal.runners.statements.FailOnTimeout$CallableStatement.call(FailOnTimeout.java:282)
	at java.util.concurrent.FutureTask.run(FutureTask.java:266)
	at java.lang.Thread.run(Thread.java:750)
08:37:02.636 [IPC Server handler 12 on default port 46487] ERROR OMAudit - user=runner | ip=127.0.0.1 | op=GET_FILE_STATUS {volume=volume16396, bucket=bucket39555, key=level0, dataSize=0, replicationConfig=null} | ret=FAILURE
org.apache.hadoop.ozone.om.exceptions.OMException: Unable to get file status: volume: volume16396 bucket: bucket39555 key: level0
	at org.apache.hadoop.ozone.om.KeyManagerImpl.getOzoneFileStatus(KeyManagerImpl.java:1270) ~[ozone-manager-1.3.0-SNAPSHOT.jar:?]
	at org.apache.hadoop.ozone.om.KeyManagerImpl.getFileStatus(KeyManagerImpl.java:1200) ~[ozone-manager-1.3.0-SNAPSHOT.jar:?]
	at org.apache.hadoop.ozone.om.OzoneManager.getFileStatus(OzoneManager.java:3507) ~[ozone-manager-1.3.0-SNAPSHOT.jar:?]
	at org.apache.hadoop.ozone.protocolPB.OzoneManagerRequestHandler.getOzoneFileStatus(OzoneManagerRequestHandler.java:882) ~[ozone-manager-1.3.0-SNAPSHOT.jar:?]
	at org.apache.hadoop.ozone.protocolPB.OzoneManagerRequestHandler.handleReadRequest(OzoneManagerRequestHandler.java:228) ~[ozone-manager-1.3.0-SNAPSHOT.jar:?]
	at org.apache.hadoop.ozone.protocolPB.OzoneManagerProtocolServerSideTranslatorPB.submitReadRequestToOM(OzoneManagerProtocolServerSideTranslatorPB.java:226) ~[ozone-manager-1.3.0-SNAPSHOT.jar:?]
	at org.apache.hadoop.ozone.protocolPB.OzoneManagerProtocolServerSideTranslatorPB.processRequest(OzoneManagerProtocolServerSideTranslatorPB.java:175) ~[ozone-manager-1.3.0-SNAPSHOT.jar:?]
	at org.apache.hadoop.hdds.server.OzoneProtocolMessageDispatcher.processRequest(OzoneProtocolMessageDispatcher.java:87) [hdds-server-framework-1.3.0-SNAPSHOT.jar:?]
	at org.apache.hadoop.ozone.protocolPB.OzoneManagerProtocolServerSideTranslatorPB.submitRequest(OzoneManagerProtocolServerSideTranslatorPB.java:147) [ozone-manager-1.3.0-SNAPSHOT.jar:?]
	at org.apache.hadoop.ozone.protocol.proto.OzoneManagerProtocolProtos$OzoneManagerService$2.callBlockingMethod(OzoneManagerProtocolProtos.java) [ozone-interface-client-1.3.0-SNAPSHOT.jar:?]
	at org.apache.hadoop.ipc.ProtobufRpcEngine$Server.processCall(ProtobufRpcEngine.java:466) [hadoop-common-3.3.1.jar:?]
	at org.apache.hadoop.ipc.ProtobufRpcEngine2$Server$ProtoBufRpcInvoker.call(ProtobufRpcEngine2.java:574) [hadoop-common-3.3.1.jar:?]
	at org.apache.hadoop.ipc.ProtobufRpcEngine2$Server$ProtoBufRpcInvoker.call(ProtobufRpcEngine2.java:552) [hadoop-common-3.3.1.jar:?]
	at org.apache.hadoop.ipc.RPC$Server.call(RPC.java:1093) [hadoop-common-3.3.1.jar:?]
	at org.apache.hadoop.ipc.Server$RpcCall.run(Server.java:1035) [hadoop-common-3.3.1.jar:?]
	at org.apache.hadoop.ipc.Server$RpcCall.run(Server.java:963) [hadoop-common-3.3.1.jar:?]
	at java.security.AccessController.doPrivileged(Native Method) ~[?:1.8.0_345]
	at javax.security.auth.Subject.doAs(Subject.java:422) [?:1.8.0_345]
	at org.apache.hadoop.security.UserGroupInformation.doAs(UserGroupInformation.java:1878) [hadoop-common-3.3.1.jar:?]
	at org.apache.hadoop.ipc.Server$Handler.run(Server.java:2966) [hadoop-common-3.3.1.jar:?]
2022-10-10 08:37:02,637 [Time-limited test] WARN  ozone.BasicOzoneFileSystem (BasicOzoneFileSystem.java:getFileStatus(765)) - GetFileStatus failed for path /level0
java.io.FileNotFoundException: level0: No such file or directory!
	at org.apache.hadoop.fs.ozone.BasicOzoneClientAdapterImpl.getFileStatus(BasicOzoneClientAdapterImpl.java:369)
	at org.apache.hadoop.fs.ozone.BasicOzoneFileSystem.getFileStatus(BasicOzoneFileSystem.java:757)
	at org.apache.hadoop.fs.ozone.TestOzoneFileSystem.checkPath(TestOzoneFileSystem.java:502)
	at org.apache.hadoop.fs.ozone.TestOzoneFileSystem.testRecursiveDelete(TestOzoneFileSystem.java:486)
	at sun.reflect.NativeMethodAccessorImpl.invoke0(Native Method)
	at sun.reflect.NativeMethodAccessorImpl.invoke(NativeMethodAccessorImpl.java:62)
	at sun.reflect.DelegatingMethodAccessorImpl.invoke(DelegatingMethodAccessorImpl.java:43)
	at java.lang.reflect.Method.invoke(Method.java:498)
	at org.junit.runners.model.FrameworkMethod$1.runReflectiveCall(FrameworkMethod.java:59)
	at org.junit.internal.runners.model.ReflectiveCallable.run(ReflectiveCallable.java:12)
	at org.junit.runners.model.FrameworkMethod.invokeExplosively(FrameworkMethod.java:56)
	at org.junit.internal.runners.statements.InvokeMethod.evaluate(InvokeMethod.java:17)
	at org.junit.internal.runners.statements.RunAfters.evaluate(RunAfters.java:27)
	at org.junit.internal.runners.statements.FailOnTimeout$CallableStatement.call(FailOnTimeout.java:288)
	at org.junit.internal.runners.statements.FailOnTimeout$CallableStatement.call(FailOnTimeout.java:282)
	at java.util.concurrent.FutureTask.run(FutureTask.java:266)
	at java.lang.Thread.run(Thread.java:750)
08:37:02.638 [IPC Server handler 13 on default port 46487] ERROR OMAudit - user=runner | ip=127.0.0.1 | op=GET_FILE_STATUS {volume=volume16396, bucket=bucket39555, key=level0/level1, dataSize=0, replicationConfig=null} | ret=FAILURE
org.apache.hadoop.ozone.om.exceptions.OMException: Unable to get file status: volume: volume16396 bucket: bucket39555 key: level0/level1
	at org.apache.hadoop.ozone.om.KeyManagerImpl.getOzoneFileStatus(KeyManagerImpl.java:1270) ~[ozone-manager-1.3.0-SNAPSHOT.jar:?]
	at org.apache.hadoop.ozone.om.KeyManagerImpl.getFileStatus(KeyManagerImpl.java:1200) ~[ozone-manager-1.3.0-SNAPSHOT.jar:?]
	at org.apache.hadoop.ozone.om.OzoneManager.getFileStatus(OzoneManager.java:3507) ~[ozone-manager-1.3.0-SNAPSHOT.jar:?]
	at org.apache.hadoop.ozone.protocolPB.OzoneManagerRequestHandler.getOzoneFileStatus(OzoneManagerRequestHandler.java:882) ~[ozone-manager-1.3.0-SNAPSHOT.jar:?]
	at org.apache.hadoop.ozone.protocolPB.OzoneManagerRequestHandler.handleReadRequest(OzoneManagerRequestHandler.java:228) ~[ozone-manager-1.3.0-SNAPSHOT.jar:?]
	at org.apache.hadoop.ozone.protocolPB.OzoneManagerProtocolServerSideTranslatorPB.submitReadRequestToOM(OzoneManagerProtocolServerSideTranslatorPB.java:226) ~[ozone-manager-1.3.0-SNAPSHOT.jar:?]
	at org.apache.hadoop.ozone.protocolPB.OzoneManagerProtocolServerSideTranslatorPB.processRequest(OzoneManagerProtocolServerSideTranslatorPB.java:175) ~[ozone-manager-1.3.0-SNAPSHOT.jar:?]
	at org.apache.hadoop.hdds.server.OzoneProtocolMessageDispatcher.processRequest(OzoneProtocolMessageDispatcher.java:87) [hdds-server-framework-1.3.0-SNAPSHOT.jar:?]
	at org.apache.hadoop.ozone.protocolPB.OzoneManagerProtocolServerSideTranslatorPB.submitRequest(OzoneManagerProtocolServerSideTranslatorPB.java:147) [ozone-manager-1.3.0-SNAPSHOT.jar:?]
	at org.apache.hadoop.ozone.protocol.proto.OzoneManagerProtocolProtos$OzoneManagerService$2.callBlockingMethod(OzoneManagerProtocolProtos.java) [ozone-interface-client-1.3.0-SNAPSHOT.jar:?]
	at org.apache.hadoop.ipc.ProtobufRpcEngine$Server.processCall(ProtobufRpcEngine.java:466) [hadoop-common-3.3.1.jar:?]
	at org.apache.hadoop.ipc.ProtobufRpcEngine2$Server$ProtoBufRpcInvoker.call(ProtobufRpcEngine2.java:574) [hadoop-common-3.3.1.jar:?]
	at org.apache.hadoop.ipc.ProtobufRpcEngine2$Server$ProtoBufRpcInvoker.call(ProtobufRpcEngine2.java:552) [hadoop-common-3.3.1.jar:?]
	at org.apache.hadoop.ipc.RPC$Server.call(RPC.java:1093) [hadoop-common-3.3.1.jar:?]
	at org.apache.hadoop.ipc.Server$RpcCall.run(Server.java:1035) [hadoop-common-3.3.1.jar:?]
	at org.apache.hadoop.ipc.Server$RpcCall.run(Server.java:963) [hadoop-common-3.3.1.jar:?]
	at java.security.AccessController.doPrivileged(Native Method) ~[?:1.8.0_345]
	at javax.security.auth.Subject.doAs(Subject.java:422) [?:1.8.0_345]
	at org.apache.hadoop.security.UserGroupInformation.doAs(UserGroupInformation.java:1878) [hadoop-common-3.3.1.jar:?]
	at org.apache.hadoop.ipc.Server$Handler.run(Server.java:2966) [hadoop-common-3.3.1.jar:?]
2022-10-10 08:37:02,639 [Time-limited test] WARN  ozone.BasicOzoneFileSystem (BasicOzoneFileSystem.java:getFileStatus(765)) - GetFileStatus failed for path /level0/level1
java.io.FileNotFoundException: level0/level1: No such file or directory!
	at org.apache.hadoop.fs.ozone.BasicOzoneClientAdapterImpl.getFileStatus(BasicOzoneClientAdapterImpl.java:369)
	at org.apache.hadoop.fs.ozone.BasicOzoneFileSystem.getFileStatus(BasicOzoneFileSystem.java:757)
	at org.apache.hadoop.fs.ozone.TestOzoneFileSystem.checkPath(TestOzoneFileSystem.java:502)
	at org.apache.hadoop.fs.ozone.TestOzoneFileSystem.testRecursiveDelete(TestOzoneFileSystem.java:493)
	at sun.reflect.NativeMethodAccessorImpl.invoke0(Native Method)
	at sun.reflect.NativeMethodAccessorImpl.invoke(NativeMethodAccessorImpl.java:62)
	at sun.reflect.DelegatingMethodAccessorImpl.invoke(DelegatingMethodAccessorImpl.java:43)
	at java.lang.reflect.Method.invoke(Method.java:498)
	at org.junit.runners.model.FrameworkMethod$1.runReflectiveCall(FrameworkMethod.java:59)
	at org.junit.internal.runners.model.ReflectiveCallable.run(ReflectiveCallable.java:12)
	at org.junit.runners.model.FrameworkMethod.invokeExplosively(FrameworkMethod.java:56)
	at org.junit.internal.runners.statements.InvokeMethod.evaluate(InvokeMethod.java:17)
	at org.junit.internal.runners.statements.RunAfters.evaluate(RunAfters.java:27)
	at org.junit.internal.runners.statements.FailOnTimeout$CallableStatement.call(FailOnTimeout.java:288)
	at org.junit.internal.runners.statements.FailOnTimeout$CallableStatement.call(FailOnTimeout.java:282)
	at java.util.concurrent.FutureTask.run(FutureTask.java:266)
	at java.lang.Thread.run(Thread.java:750)
08:37:02.639 [IPC Server handler 16 on default port 46487] ERROR OMAudit - user=runner | ip=127.0.0.1 | op=GET_FILE_STATUS {volume=volume16396, bucket=bucket39555, key=level0/level1/level1, dataSize=0, replicationConfig=null} | ret=FAILURE
org.apache.hadoop.ozone.om.exceptions.OMException: Unable to get file status: volume: volume16396 bucket: bucket39555 key: level0/level1/level1
	at org.apache.hadoop.ozone.om.KeyManagerImpl.getOzoneFileStatus(KeyManagerImpl.java:1270) ~[ozone-manager-1.3.0-SNAPSHOT.jar:?]
	at org.apache.hadoop.ozone.om.KeyManagerImpl.getFileStatus(KeyManagerImpl.java:1200) ~[ozone-manager-1.3.0-SNAPSHOT.jar:?]
	at org.apache.hadoop.ozone.om.OzoneManager.getFileStatus(OzoneManager.java:3507) ~[ozone-manager-1.3.0-SNAPSHOT.jar:?]
	at org.apache.hadoop.ozone.protocolPB.OzoneManagerRequestHandler.getOzoneFileStatus(OzoneManagerRequestHandler.java:882) ~[ozone-manager-1.3.0-SNAPSHOT.jar:?]
	at org.apache.hadoop.ozone.protocolPB.OzoneManagerRequestHandler.handleReadRequest(OzoneManagerRequestHandler.java:228) ~[ozone-manager-1.3.0-SNAPSHOT.jar:?]
	at org.apache.hadoop.ozone.protocolPB.OzoneManagerProtocolServerSideTranslatorPB.submitReadRequestToOM(OzoneManagerProtocolServerSideTranslatorPB.java:226) ~[ozone-manager-1.3.0-SNAPSHOT.jar:?]
	at org.apache.hadoop.ozone.protocolPB.OzoneManagerProtocolServerSideTranslatorPB.processRequest(OzoneManagerProtocolServerSideTranslatorPB.java:175) ~[ozone-manager-1.3.0-SNAPSHOT.jar:?]
	at org.apache.hadoop.hdds.server.OzoneProtocolMessageDispatcher.processRequest(OzoneProtocolMessageDispatcher.java:87) [hdds-server-framework-1.3.0-SNAPSHOT.jar:?]
	at org.apache.hadoop.ozone.protocolPB.OzoneManagerProtocolServerSideTranslatorPB.submitRequest(OzoneManagerProtocolServerSideTranslatorPB.java:147) [ozone-manager-1.3.0-SNAPSHOT.jar:?]
	at org.apache.hadoop.ozone.protocol.proto.OzoneManagerProtocolProtos$OzoneManagerService$2.callBlockingMethod(OzoneManagerProtocolProtos.java) [ozone-interface-client-1.3.0-SNAPSHOT.jar:?]
	at org.apache.hadoop.ipc.ProtobufRpcEngine$Server.processCall(ProtobufRpcEngine.java:466) [hadoop-common-3.3.1.jar:?]
	at org.apache.hadoop.ipc.ProtobufRpcEngine2$Server$ProtoBufRpcInvoker.call(ProtobufRpcEngine2.java:574) [hadoop-common-3.3.1.jar:?]
	at org.apache.hadoop.ipc.ProtobufRpcEngine2$Server$ProtoBufRpcInvoker.call(ProtobufRpcEngine2.java:552) [hadoop-common-3.3.1.jar:?]
	at org.apache.hadoop.ipc.RPC$Server.call(RPC.java:1093) [hadoop-common-3.3.1.jar:?]
	at org.apache.hadoop.ipc.Server$RpcCall.run(Server.java:1035) [hadoop-common-3.3.1.jar:?]
	at org.apache.hadoop.ipc.Server$RpcCall.run(Server.java:963) [hadoop-common-3.3.1.jar:?]
	at java.security.AccessController.doPrivileged(Native Method) ~[?:1.8.0_345]
	at javax.security.auth.Subject.doAs(Subject.java:422) [?:1.8.0_345]
	at org.apache.hadoop.security.UserGroupInformation.doAs(UserGroupInformation.java:1878) [hadoop-common-3.3.1.jar:?]
	at org.apache.hadoop.ipc.Server$Handler.run(Server.java:2966) [hadoop-common-3.3.1.jar:?]
2022-10-10 08:37:02,640 [Time-limited test] WARN  ozone.BasicOzoneFileSystem (BasicOzoneFileSystem.java:getFileStatus(765)) - GetFileStatus failed for path /level0/level1/level1
java.io.FileNotFoundException: level0/level1/level1: No such file or directory!
	at org.apache.hadoop.fs.ozone.BasicOzoneClientAdapterImpl.getFileStatus(BasicOzoneClientAdapterImpl.java:369)
	at org.apache.hadoop.fs.ozone.BasicOzoneFileSystem.getFileStatus(BasicOzoneFileSystem.java:757)
	at org.apache.hadoop.fs.ozone.TestOzoneFileSystem.checkPath(TestOzoneFileSystem.java:502)
	at org.apache.hadoop.fs.ozone.TestOzoneFileSystem.testRecursiveDelete(TestOzoneFileSystem.java:494)
	at sun.reflect.NativeMethodAccessorImpl.invoke0(Native Method)
	at sun.reflect.NativeMethodAccessorImpl.invoke(NativeMethodAccessorImpl.java:62)
	at sun.reflect.DelegatingMethodAccessorImpl.invoke(DelegatingMethodAccessorImpl.java:43)
	at java.lang.reflect.Method.invoke(Method.java:498)
	at org.junit.runners.model.FrameworkMethod$1.runReflectiveCall(FrameworkMethod.java:59)
	at org.junit.internal.runners.model.ReflectiveCallable.run(ReflectiveCallable.java:12)
	at org.junit.runners.model.FrameworkMethod.invokeExplosively(FrameworkMethod.java:56)
	at org.junit.internal.runners.statements.InvokeMethod.evaluate(InvokeMethod.java:17)
	at org.junit.internal.runners.statements.RunAfters.evaluate(RunAfters.java:27)
	at org.junit.internal.runners.statements.FailOnTimeout$CallableStatement.call(FailOnTimeout.java:288)
	at org.junit.internal.runners.statements.FailOnTimeout$CallableStatement.call(FailOnTimeout.java:282)
	at java.util.concurrent.FutureTask.run(FutureTask.java:266)
	at java.lang.Thread.run(Thread.java:750)
08:37:02.641 [IPC Server handler 17 on default port 46487] ERROR OMAudit - user=runner | ip=127.0.0.1 | op=GET_FILE_STATUS {volume=volume16396, bucket=bucket39555, key=level0/level1/file1, dataSize=0, replicationConfig=null} | ret=FAILURE
org.apache.hadoop.ozone.om.exceptions.OMException: Unable to get file status: volume: volume16396 bucket: bucket39555 key: level0/level1/file1
	at org.apache.hadoop.ozone.om.KeyManagerImpl.getOzoneFileStatus(KeyManagerImpl.java:1270) ~[ozone-manager-1.3.0-SNAPSHOT.jar:?]
	at org.apache.hadoop.ozone.om.KeyManagerImpl.getFileStatus(KeyManagerImpl.java:1200) ~[ozone-manager-1.3.0-SNAPSHOT.jar:?]
	at org.apache.hadoop.ozone.om.OzoneManager.getFileStatus(OzoneManager.java:3507) ~[ozone-manager-1.3.0-SNAPSHOT.jar:?]
	at org.apache.hadoop.ozone.protocolPB.OzoneManagerRequestHandler.getOzoneFileStatus(OzoneManagerRequestHandler.java:882) ~[ozone-manager-1.3.0-SNAPSHOT.jar:?]
	at org.apache.hadoop.ozone.protocolPB.OzoneManagerRequestHandler.handleReadRequest(OzoneManagerRequestHandler.java:228) ~[ozone-manager-1.3.0-SNAPSHOT.jar:?]
	at org.apache.hadoop.ozone.protocolPB.OzoneManagerProtocolServerSideTranslatorPB.submitReadRequestToOM(OzoneManagerProtocolServerSideTranslatorPB.java:226) ~[ozone-manager-1.3.0-SNAPSHOT.jar:?]
	at org.apache.hadoop.ozone.protocolPB.OzoneManagerProtocolServerSideTranslatorPB.processRequest(OzoneManagerProtocolServerSideTranslatorPB.java:175) ~[ozone-manager-1.3.0-SNAPSHOT.jar:?]
	at org.apache.hadoop.hdds.server.OzoneProtocolMessageDispatcher.processRequest(OzoneProtocolMessageDispatcher.java:87) [hdds-server-framework-1.3.0-SNAPSHOT.jar:?]
	at org.apache.hadoop.ozone.protocolPB.OzoneManagerProtocolServerSideTranslatorPB.submitRequest(OzoneManagerProtocolServerSideTranslatorPB.java:147) [ozone-manager-1.3.0-SNAPSHOT.jar:?]
	at org.apache.hadoop.ozone.protocol.proto.OzoneManagerProtocolProtos$OzoneManagerService$2.callBlockingMethod(OzoneManagerProtocolProtos.java) [ozone-interface-client-1.3.0-SNAPSHOT.jar:?]
	at org.apache.hadoop.ipc.ProtobufRpcEngine$Server.processCall(ProtobufRpcEngine.java:466) [hadoop-common-3.3.1.jar:?]
	at org.apache.hadoop.ipc.ProtobufRpcEngine2$Server$ProtoBufRpcInvoker.call(ProtobufRpcEngine2.java:574) [hadoop-common-3.3.1.jar:?]
	at org.apache.hadoop.ipc.ProtobufRpcEngine2$Server$ProtoBufRpcInvoker.call(ProtobufRpcEngine2.java:552) [hadoop-common-3.3.1.jar:?]
	at org.apache.hadoop.ipc.RPC$Server.call(RPC.java:1093) [hadoop-common-3.3.1.jar:?]
	at org.apache.hadoop.ipc.Server$RpcCall.run(Server.java:1035) [hadoop-common-3.3.1.jar:?]
	at org.apache.hadoop.ipc.Server$RpcCall.run(Server.java:963) [hadoop-common-3.3.1.jar:?]
	at java.security.AccessController.doPrivileged(Native Method) ~[?:1.8.0_345]
	at javax.security.auth.Subject.doAs(Subject.java:422) [?:1.8.0_345]
	at org.apache.hadoop.security.UserGroupInformation.doAs(UserGroupInformation.java:1878) [hadoop-common-3.3.1.jar:?]
	at org.apache.hadoop.ipc.Server$Handler.run(Server.java:2966) [hadoop-common-3.3.1.jar:?]
2022-10-10 08:37:02,641 [Time-limited test] WARN  ozone.BasicOzoneFileSystem (BasicOzoneFileSystem.java:getFileStatus(765)) - GetFileStatus failed for path /level0/level1/file1
java.io.FileNotFoundException: level0/level1/file1: No such file or directory!
	at org.apache.hadoop.fs.ozone.BasicOzoneClientAdapterImpl.getFileStatus(BasicOzoneClientAdapterImpl.java:369)
	at org.apache.hadoop.fs.ozone.BasicOzoneFileSystem.getFileStatus(BasicOzoneFileSystem.java:757)
	at org.apache.hadoop.fs.ozone.TestOzoneFileSystem.checkPath(TestOzoneFileSystem.java:502)
	at org.apache.hadoop.fs.ozone.TestOzoneFileSystem.testRecursiveDelete(TestOzoneFileSystem.java:495)
	at sun.reflect.NativeMethodAccessorImpl.invoke0(Native Method)
	at sun.reflect.NativeMethodAccessorImpl.invoke(NativeMethodAccessorImpl.java:62)
	at sun.reflect.DelegatingMethodAccessorImpl.invoke(DelegatingMethodAccessorImpl.java:43)
	at java.lang.reflect.Method.invoke(Method.java:498)
	at org.junit.runners.model.FrameworkMethod$1.runReflectiveCall(FrameworkMethod.java:59)
	at org.junit.internal.runners.model.ReflectiveCallable.run(ReflectiveCallable.java:12)
	at org.junit.runners.model.FrameworkMethod.invokeExplosively(FrameworkMethod.java:56)
	at org.junit.internal.runners.statements.InvokeMethod.evaluate(InvokeMethod.java:17)
	at org.junit.internal.runners.statements.RunAfters.evaluate(RunAfters.java:27)
	at org.junit.internal.runners.statements.FailOnTimeout$CallableStatement.call(FailOnTimeout.java:288)
	at org.junit.internal.runners.statements.FailOnTimeout$CallableStatement.call(FailOnTimeout.java:282)
	at java.util.concurrent.FutureTask.run(FutureTask.java:266)
	at java.lang.Thread.run(Thread.java:750)
08:37:02.642 [IPC Server handler 19 on default port 46487] ERROR OMAudit - user=runner | ip=127.0.0.1 | op=GET_FILE_STATUS {volume=volume16396, bucket=bucket39555, key=level0/level1/level1/file1, dataSize=0, replicationConfig=null} | ret=FAILURE
org.apache.hadoop.ozone.om.exceptions.OMException: Unable to get file status: volume: volume16396 bucket: bucket39555 key: level0/level1/level1/file1
	at org.apache.hadoop.ozone.om.KeyManagerImpl.getOzoneFileStatus(KeyManagerImpl.java:1270) ~[ozone-manager-1.3.0-SNAPSHOT.jar:?]
	at org.apache.hadoop.ozone.om.KeyManagerImpl.getFileStatus(KeyManagerImpl.java:1200) ~[ozone-manager-1.3.0-SNAPSHOT.jar:?]
	at org.apache.hadoop.ozone.om.OzoneManager.getFileStatus(OzoneManager.java:3507) ~[ozone-manager-1.3.0-SNAPSHOT.jar:?]
	at org.apache.hadoop.ozone.protocolPB.OzoneManagerRequestHandler.getOzoneFileStatus(OzoneManagerRequestHandler.java:882) ~[ozone-manager-1.3.0-SNAPSHOT.jar:?]
	at org.apache.hadoop.ozone.protocolPB.OzoneManagerRequestHandler.handleReadRequest(OzoneManagerRequestHandler.java:228) ~[ozone-manager-1.3.0-SNAPSHOT.jar:?]
	at org.apache.hadoop.ozone.protocolPB.OzoneManagerProtocolServerSideTranslatorPB.submitReadRequestToOM(OzoneManagerProtocolServerSideTranslatorPB.java:226) ~[ozone-manager-1.3.0-SNAPSHOT.jar:?]
	at org.apache.hadoop.ozone.protocolPB.OzoneManagerProtocolServerSideTranslatorPB.processRequest(OzoneManagerProtocolServerSideTranslatorPB.java:175) ~[ozone-manager-1.3.0-SNAPSHOT.jar:?]
	at org.apache.hadoop.hdds.server.OzoneProtocolMessageDispatcher.processRequest(OzoneProtocolMessageDispatcher.java:87) [hdds-server-framework-1.3.0-SNAPSHOT.jar:?]
	at org.apache.hadoop.ozone.protocolPB.OzoneManagerProtocolServerSideTranslatorPB.submitRequest(OzoneManagerProtocolServerSideTranslatorPB.java:147) [ozone-manager-1.3.0-SNAPSHOT.jar:?]
	at org.apache.hadoop.ozone.protocol.proto.OzoneManagerProtocolProtos$OzoneManagerService$2.callBlockingMethod(OzoneManagerProtocolProtos.java) [ozone-interface-client-1.3.0-SNAPSHOT.jar:?]
	at org.apache.hadoop.ipc.ProtobufRpcEngine$Server.processCall(ProtobufRpcEngine.java:466) [hadoop-common-3.3.1.jar:?]
	at org.apache.hadoop.ipc.ProtobufRpcEngine2$Server$ProtoBufRpcInvoker.call(ProtobufRpcEngine2.java:574) [hadoop-common-3.3.1.jar:?]
	at org.apache.hadoop.ipc.ProtobufRpcEngine2$Server$ProtoBufRpcInvoker.call(ProtobufRpcEngine2.java:552) [hadoop-common-3.3.1.jar:?]
	at org.apache.hadoop.ipc.RPC$Server.call(RPC.java:1093) [hadoop-common-3.3.1.jar:?]
	at org.apache.hadoop.ipc.Server$RpcCall.run(Server.java:1035) [hadoop-common-3.3.1.jar:?]
	at org.apache.hadoop.ipc.Server$RpcCall.run(Server.java:963) [hadoop-common-3.3.1.jar:?]
	at java.security.AccessController.doPrivileged(Native Method) ~[?:1.8.0_345]
	at javax.security.auth.Subject.doAs(Subject.java:422) [?:1.8.0_345]
	at org.apache.hadoop.security.UserGroupInformation.doAs(UserGroupInformation.java:1878) [hadoop-common-3.3.1.jar:?]
	at org.apache.hadoop.ipc.Server$Handler.run(Server.java:2966) [hadoop-common-3.3.1.jar:?]
2022-10-10 08:37:02,643 [Time-limited test] WARN  ozone.BasicOzoneFileSystem (BasicOzoneFileSystem.java:getFileStatus(765)) - GetFileStatus failed for path /level0/level1/level1/file1
java.io.FileNotFoundException: level0/level1/level1/file1: No such file or directory!
	at org.apache.hadoop.fs.ozone.BasicOzoneClientAdapterImpl.getFileStatus(BasicOzoneClientAdapterImpl.java:369)
	at org.apache.hadoop.fs.ozone.BasicOzoneFileSystem.getFileStatus(BasicOzoneFileSystem.java:757)
	at org.apache.hadoop.fs.ozone.TestOzoneFileSystem.checkPath(TestOzoneFileSystem.java:502)
	at org.apache.hadoop.fs.ozone.TestOzoneFileSystem.testRecursiveDelete(TestOzoneFileSystem.java:496)
	at sun.reflect.NativeMethodAccessorImpl.invoke0(Native Method)
	at sun.reflect.NativeMethodAccessorImpl.invoke(NativeMethodAccessorImpl.java:62)
	at sun.reflect.DelegatingMethodAccessorImpl.invoke(DelegatingMethodAccessorImpl.java:43)
	at java.lang.reflect.Method.invoke(Method.java:498)
	at org.junit.runners.model.FrameworkMethod$1.runReflectiveCall(FrameworkMethod.java:59)
	at org.junit.internal.runners.model.ReflectiveCallable.run(ReflectiveCallable.java:12)
	at org.junit.runners.model.FrameworkMethod.invokeExplosively(FrameworkMethod.java:56)
	at org.junit.internal.runners.statements.InvokeMethod.evaluate(InvokeMethod.java:17)
	at org.junit.internal.runners.statements.RunAfters.evaluate(RunAfters.java:27)
	at org.junit.internal.runners.statements.FailOnTimeout$CallableStatement.call(FailOnTimeout.java:288)
	at org.junit.internal.runners.statements.FailOnTimeout$CallableStatement.call(FailOnTimeout.java:282)
	at java.util.concurrent.FutureTask.run(FutureTask.java:266)
	at java.lang.Thread.run(Thread.java:750)
08:37:02.644 [IPC Server handler 18 on default port 46487] ERROR OMAudit - user=runner | ip=127.0.0.1 | op=GET_FILE_STATUS {volume=volume16396, bucket=bucket39555, key=level0/level2, dataSize=0, replicationConfig=null} | ret=FAILURE
org.apache.hadoop.ozone.om.exceptions.OMException: Unable to get file status: volume: volume16396 bucket: bucket39555 key: level0/level2
	at org.apache.hadoop.ozone.om.KeyManagerImpl.getOzoneFileStatus(KeyManagerImpl.java:1270) ~[ozone-manager-1.3.0-SNAPSHOT.jar:?]
	at org.apache.hadoop.ozone.om.KeyManagerImpl.getFileStatus(KeyManagerImpl.java:1200) ~[ozone-manager-1.3.0-SNAPSHOT.jar:?]
	at org.apache.hadoop.ozone.om.OzoneManager.getFileStatus(OzoneManager.java:3507) ~[ozone-manager-1.3.0-SNAPSHOT.jar:?]
	at org.apache.hadoop.ozone.protocolPB.OzoneManagerRequestHandler.getOzoneFileStatus(OzoneManagerRequestHandler.java:882) ~[ozone-manager-1.3.0-SNAPSHOT.jar:?]
	at org.apache.hadoop.ozone.protocolPB.OzoneManagerRequestHandler.handleReadRequest(OzoneManagerRequestHandler.java:228) ~[ozone-manager-1.3.0-SNAPSHOT.jar:?]
	at org.apache.hadoop.ozone.protocolPB.OzoneManagerProtocolServerSideTranslatorPB.submitReadRequestToOM(OzoneManagerProtocolServerSideTranslatorPB.java:226) ~[ozone-manager-1.3.0-SNAPSHOT.jar:?]
	at org.apache.hadoop.ozone.protocolPB.OzoneManagerProtocolServerSideTranslatorPB.processRequest(OzoneManagerProtocolServerSideTranslatorPB.java:175) ~[ozone-manager-1.3.0-SNAPSHOT.jar:?]
	at org.apache.hadoop.hdds.server.OzoneProtocolMessageDispatcher.processRequest(OzoneProtocolMessageDispatcher.java:87) [hdds-server-framework-1.3.0-SNAPSHOT.jar:?]
	at org.apache.hadoop.ozone.protocolPB.OzoneManagerProtocolServerSideTranslatorPB.submitRequest(OzoneManagerProtocolServerSideTranslatorPB.java:147) [ozone-manager-1.3.0-SNAPSHOT.jar:?]
	at org.apache.hadoop.ozone.protocol.proto.OzoneManagerProtocolProtos$OzoneManagerService$2.callBlockingMethod(OzoneManagerProtocolProtos.java) [ozone-interface-client-1.3.0-SNAPSHOT.jar:?]
	at org.apache.hadoop.ipc.ProtobufRpcEngine$Server.processCall(ProtobufRpcEngine.java:466) [hadoop-common-3.3.1.jar:?]
	at org.apache.hadoop.ipc.ProtobufRpcEngine2$Server$ProtoBufRpcInvoker.call(ProtobufRpcEngine2.java:574) [hadoop-common-3.3.1.jar:?]
	at org.apache.hadoop.ipc.ProtobufRpcEngine2$Server$ProtoBufRpcInvoker.call(ProtobufRpcEngine2.java:552) [hadoop-common-3.3.1.jar:?]
	at org.apache.hadoop.ipc.RPC$Server.call(RPC.java:1093) [hadoop-common-3.3.1.jar:?]
	at org.apache.hadoop.ipc.Server$RpcCall.run(Server.java:1035) [hadoop-common-3.3.1.jar:?]
	at org.apache.hadoop.ipc.Server$RpcCall.run(Server.java:963) [hadoop-common-3.3.1.jar:?]
	at java.security.AccessController.doPrivileged(Native Method) ~[?:1.8.0_345]
	at javax.security.auth.Subject.doAs(Subject.java:422) [?:1.8.0_345]
	at org.apache.hadoop.security.UserGroupInformation.doAs(UserGroupInformation.java:1878) [hadoop-common-3.3.1.jar:?]
	at org.apache.hadoop.ipc.Server$Handler.run(Server.java:2966) [hadoop-common-3.3.1.jar:?]
2022-10-10 08:37:02,644 [Time-limited test] WARN  ozone.BasicOzoneFileSystem (BasicOzoneFileSystem.java:getFileStatus(765)) - GetFileStatus failed for path /level0/level2
java.io.FileNotFoundException: level0/level2: No such file or directory!
	at org.apache.hadoop.fs.ozone.BasicOzoneClientAdapterImpl.getFileStatus(BasicOzoneClientAdapterImpl.java:369)
	at org.apache.hadoop.fs.ozone.BasicOzoneFileSystem.getFileStatus(BasicOzoneFileSystem.java:757)
	at org.apache.hadoop.fs.ozone.TestOzoneFileSystem.checkPath(TestOzoneFileSystem.java:502)
	at org.apache.hadoop.fs.ozone.TestOzoneFileSystem.testRecursiveDelete(TestOzoneFileSystem.java:493)
	at sun.reflect.NativeMethodAccessorImpl.invoke0(Native Method)
	at sun.reflect.NativeMethodAccessorImpl.invoke(NativeMethodAccessorImpl.java:62)
	at sun.reflect.DelegatingMethodAccessorImpl.invoke(DelegatingMethodAccessorImpl.java:43)
	at java.lang.reflect.Method.invoke(Method.java:498)
	at org.junit.runners.model.FrameworkMethod$1.runReflectiveCall(FrameworkMethod.java:59)
	at org.junit.internal.runners.model.ReflectiveCallable.run(ReflectiveCallable.java:12)
	at org.junit.runners.model.FrameworkMethod.invokeExplosively(FrameworkMethod.java:56)
	at org.junit.internal.runners.statements.InvokeMethod.evaluate(InvokeMethod.java:17)
	at org.junit.internal.runners.statements.RunAfters.evaluate(RunAfters.java:27)
	at org.junit.internal.runners.statements.FailOnTimeout$CallableStatement.call(FailOnTimeout.java:288)
	at org.junit.internal.runners.statements.FailOnTimeout$CallableStatement.call(FailOnTimeout.java:282)
	at java.util.concurrent.FutureTask.run(FutureTask.java:266)
	at java.lang.Thread.run(Thread.java:750)
08:37:02.645 [IPC Server handler 0 on default port 46487] ERROR OMAudit - user=runner | ip=127.0.0.1 | op=GET_FILE_STATUS {volume=volume16396, bucket=bucket39555, key=level0/level2/level2, dataSize=0, replicationConfig=null} | ret=FAILURE
org.apache.hadoop.ozone.om.exceptions.OMException: Unable to get file status: volume: volume16396 bucket: bucket39555 key: level0/level2/level2
	at org.apache.hadoop.ozone.om.KeyManagerImpl.getOzoneFileStatus(KeyManagerImpl.java:1270) ~[ozone-manager-1.3.0-SNAPSHOT.jar:?]
	at org.apache.hadoop.ozone.om.KeyManagerImpl.getFileStatus(KeyManagerImpl.java:1200) ~[ozone-manager-1.3.0-SNAPSHOT.jar:?]
	at org.apache.hadoop.ozone.om.OzoneManager.getFileStatus(OzoneManager.java:3507) ~[ozone-manager-1.3.0-SNAPSHOT.jar:?]
	at org.apache.hadoop.ozone.protocolPB.OzoneManagerRequestHandler.getOzoneFileStatus(OzoneManagerRequestHandler.java:882) ~[ozone-manager-1.3.0-SNAPSHOT.jar:?]
	at org.apache.hadoop.ozone.protocolPB.OzoneManagerRequestHandler.handleReadRequest(OzoneManagerRequestHandler.java:228) ~[ozone-manager-1.3.0-SNAPSHOT.jar:?]
	at org.apache.hadoop.ozone.protocolPB.OzoneManagerProtocolServerSideTranslatorPB.submitReadRequestToOM(OzoneManagerProtocolServerSideTranslatorPB.java:226) ~[ozone-manager-1.3.0-SNAPSHOT.jar:?]
	at org.apache.hadoop.ozone.protocolPB.OzoneManagerProtocolServerSideTranslatorPB.processRequest(OzoneManagerProtocolServerSideTranslatorPB.java:175) ~[ozone-manager-1.3.0-SNAPSHOT.jar:?]
	at org.apache.hadoop.hdds.server.OzoneProtocolMessageDispatcher.processRequest(OzoneProtocolMessageDispatcher.java:87) [hdds-server-framework-1.3.0-SNAPSHOT.jar:?]
	at org.apache.hadoop.ozone.protocolPB.OzoneManagerProtocolServerSideTranslatorPB.submitRequest(OzoneManagerProtocolServerSideTranslatorPB.java:147) [ozone-manager-1.3.0-SNAPSHOT.jar:?]
	at org.apache.hadoop.ozone.protocol.proto.OzoneManagerProtocolProtos$OzoneManagerService$2.callBlockingMethod(OzoneManagerProtocolProtos.java) [ozone-interface-client-1.3.0-SNAPSHOT.jar:?]
	at org.apache.hadoop.ipc.ProtobufRpcEngine$Server.processCall(ProtobufRpcEngine.java:466) [hadoop-common-3.3.1.jar:?]
	at org.apache.hadoop.ipc.ProtobufRpcEngine2$Server$ProtoBufRpcInvoker.call(ProtobufRpcEngine2.java:574) [hadoop-common-3.3.1.jar:?]
	at org.apache.hadoop.ipc.ProtobufRpcEngine2$Server$ProtoBufRpcInvoker.call(ProtobufRpcEngine2.java:552) [hadoop-common-3.3.1.jar:?]
	at org.apache.hadoop.ipc.RPC$Server.call(RPC.java:1093) [hadoop-common-3.3.1.jar:?]
	at org.apache.hadoop.ipc.Server$RpcCall.run(Server.java:1035) [hadoop-common-3.3.1.jar:?]
	at org.apache.hadoop.ipc.Server$RpcCall.run(Server.java:963) [hadoop-common-3.3.1.jar:?]
	at java.security.AccessController.doPrivileged(Native Method) ~[?:1.8.0_345]
	at javax.security.auth.Subject.doAs(Subject.java:422) [?:1.8.0_345]
	at org.apache.hadoop.security.UserGroupInformation.doAs(UserGroupInformation.java:1878) [hadoop-common-3.3.1.jar:?]
	at org.apache.hadoop.ipc.Server$Handler.run(Server.java:2966) [hadoop-common-3.3.1.jar:?]
2022-10-10 08:37:02,646 [Time-limited test] WARN  ozone.BasicOzoneFileSystem (BasicOzoneFileSystem.java:getFileStatus(765)) - GetFileStatus failed for path /level0/level2/level2
java.io.FileNotFoundException: level0/level2/level2: No such file or directory!
	at org.apache.hadoop.fs.ozone.BasicOzoneClientAdapterImpl.getFileStatus(BasicOzoneClientAdapterImpl.java:369)
	at org.apache.hadoop.fs.ozone.BasicOzoneFileSystem.getFileStatus(BasicOzoneFileSystem.java:757)
	at org.apache.hadoop.fs.ozone.TestOzoneFileSystem.checkPath(TestOzoneFileSystem.java:502)
	at org.apache.hadoop.fs.ozone.TestOzoneFileSystem.testRecursiveDelete(TestOzoneFileSystem.java:494)
	at sun.reflect.NativeMethodAccessorImpl.invoke0(Native Method)
	at sun.reflect.NativeMethodAccessorImpl.invoke(NativeMethodAccessorImpl.java:62)
	at sun.reflect.DelegatingMethodAccessorImpl.invoke(DelegatingMethodAccessorImpl.java:43)
	at java.lang.reflect.Method.invoke(Method.java:498)
	at org.junit.runners.model.FrameworkMethod$1.runReflectiveCall(FrameworkMethod.java:59)
	at org.junit.internal.runners.model.ReflectiveCallable.run(ReflectiveCallable.java:12)
	at org.junit.runners.model.FrameworkMethod.invokeExplosively(FrameworkMethod.java:56)
	at org.junit.internal.runners.statements.InvokeMethod.evaluate(InvokeMethod.java:17)
	at org.junit.internal.runners.statements.RunAfters.evaluate(RunAfters.java:27)
	at org.junit.internal.runners.statements.FailOnTimeout$CallableStatement.call(FailOnTimeout.java:288)
	at org.junit.internal.runners.statements.FailOnTimeout$CallableStatement.call(FailOnTimeout.java:282)
	at java.util.concurrent.FutureTask.run(FutureTask.java:266)
	at java.lang.Thread.run(Thread.java:750)
08:37:02.647 [IPC Server handler 7 on default port 46487] ERROR OMAudit - user=runner | ip=127.0.0.1 | op=GET_FILE_STATUS {volume=volume16396, bucket=bucket39555, key=level0/level2/file1, dataSize=0, replicationConfig=null} | ret=FAILURE
org.apache.hadoop.ozone.om.exceptions.OMException: Unable to get file status: volume: volume16396 bucket: bucket39555 key: level0/level2/file1
	at org.apache.hadoop.ozone.om.KeyManagerImpl.getOzoneFileStatus(KeyManagerImpl.java:1270) ~[ozone-manager-1.3.0-SNAPSHOT.jar:?]
	at org.apache.hadoop.ozone.om.KeyManagerImpl.getFileStatus(KeyManagerImpl.java:1200) ~[ozone-manager-1.3.0-SNAPSHOT.jar:?]
	at org.apache.hadoop.ozone.om.OzoneManager.getFileStatus(OzoneManager.java:3507) ~[ozone-manager-1.3.0-SNAPSHOT.jar:?]
	at org.apache.hadoop.ozone.protocolPB.OzoneManagerRequestHandler.getOzoneFileStatus(OzoneManagerRequestHandler.java:882) ~[ozone-manager-1.3.0-SNAPSHOT.jar:?]
	at org.apache.hadoop.ozone.protocolPB.OzoneManagerRequestHandler.handleReadRequest(OzoneManagerRequestHandler.java:228) ~[ozone-manager-1.3.0-SNAPSHOT.jar:?]
	at org.apache.hadoop.ozone.protocolPB.OzoneManagerProtocolServerSideTranslatorPB.submitReadRequestToOM(OzoneManagerProtocolServerSideTranslatorPB.java:226) ~[ozone-manager-1.3.0-SNAPSHOT.jar:?]
	at org.apache.hadoop.ozone.protocolPB.OzoneManagerProtocolServerSideTranslatorPB.processRequest(OzoneManagerProtocolServerSideTranslatorPB.java:175) ~[ozone-manager-1.3.0-SNAPSHOT.jar:?]
	at org.apache.hadoop.hdds.server.OzoneProtocolMessageDispatcher.processRequest(OzoneProtocolMessageDispatcher.java:87) [hdds-server-framework-1.3.0-SNAPSHOT.jar:?]
	at org.apache.hadoop.ozone.protocolPB.OzoneManagerProtocolServerSideTranslatorPB.submitRequest(OzoneManagerProtocolServerSideTranslatorPB.java:147) [ozone-manager-1.3.0-SNAPSHOT.jar:?]
	at org.apache.hadoop.ozone.protocol.proto.OzoneManagerProtocolProtos$OzoneManagerService$2.callBlockingMethod(OzoneManagerProtocolProtos.java) [ozone-interface-client-1.3.0-SNAPSHOT.jar:?]
	at org.apache.hadoop.ipc.ProtobufRpcEngine$Server.processCall(ProtobufRpcEngine.java:466) [hadoop-common-3.3.1.jar:?]
	at org.apache.hadoop.ipc.ProtobufRpcEngine2$Server$ProtoBufRpcInvoker.call(ProtobufRpcEngine2.java:574) [hadoop-common-3.3.1.jar:?]
	at org.apache.hadoop.ipc.ProtobufRpcEngine2$Server$ProtoBufRpcInvoker.call(ProtobufRpcEngine2.java:552) [hadoop-common-3.3.1.jar:?]
	at org.apache.hadoop.ipc.RPC$Server.call(RPC.java:1093) [hadoop-common-3.3.1.jar:?]
	at org.apache.hadoop.ipc.Server$RpcCall.run(Server.java:1035) [hadoop-common-3.3.1.jar:?]
	at org.apache.hadoop.ipc.Server$RpcCall.run(Server.java:963) [hadoop-common-3.3.1.jar:?]
	at java.security.AccessController.doPrivileged(Native Method) ~[?:1.8.0_345]
	at javax.security.auth.Subject.doAs(Subject.java:422) [?:1.8.0_345]
	at org.apache.hadoop.security.UserGroupInformation.doAs(UserGroupInformation.java:1878) [hadoop-common-3.3.1.jar:?]
	at org.apache.hadoop.ipc.Server$Handler.run(Server.java:2966) [hadoop-common-3.3.1.jar:?]
2022-10-10 08:37:02,648 [Time-limited test] WARN  ozone.BasicOzoneFileSystem (BasicOzoneFileSystem.java:getFileStatus(765)) - GetFileStatus failed for path /level0/level2/file1
java.io.FileNotFoundException: level0/level2/file1: No such file or directory!
	at org.apache.hadoop.fs.ozone.BasicOzoneClientAdapterImpl.getFileStatus(BasicOzoneClientAdapterImpl.java:369)
	at org.apache.hadoop.fs.ozone.BasicOzoneFileSystem.getFileStatus(BasicOzoneFileSystem.java:757)
	at org.apache.hadoop.fs.ozone.TestOzoneFileSystem.checkPath(TestOzoneFileSystem.java:502)
	at org.apache.hadoop.fs.ozone.TestOzoneFileSystem.testRecursiveDelete(TestOzoneFileSystem.java:495)
	at sun.reflect.NativeMethodAccessorImpl.invoke0(Native Method)
	at sun.reflect.NativeMethodAccessorImpl.invoke(NativeMethodAccessorImpl.java:62)
	at sun.reflect.DelegatingMethodAccessorImpl.invoke(DelegatingMethodAccessorImpl.java:43)
	at java.lang.reflect.Method.invoke(Method.java:498)
	at org.junit.runners.model.FrameworkMethod$1.runReflectiveCall(FrameworkMethod.java:59)
	at org.junit.internal.runners.model.ReflectiveCallable.run(ReflectiveCallable.java:12)
	at org.junit.runners.model.FrameworkMethod.invokeExplosively(FrameworkMethod.java:56)
	at org.junit.internal.runners.statements.InvokeMethod.evaluate(InvokeMethod.java:17)
	at org.junit.internal.runners.statements.RunAfters.evaluate(RunAfters.java:27)
	at org.junit.internal.runners.statements.FailOnTimeout$CallableStatement.call(FailOnTimeout.java:288)
	at org.junit.internal.runners.statements.FailOnTimeout$CallableStatement.call(FailOnTimeout.java:282)
	at java.util.concurrent.FutureTask.run(FutureTask.java:266)
	at java.lang.Thread.run(Thread.java:750)
08:37:02.649 [IPC Server handler 6 on default port 46487] ERROR OMAudit - user=runner | ip=127.0.0.1 | op=GET_FILE_STATUS {volume=volume16396, bucket=bucket39555, key=level0/level2/level2/file1, dataSize=0, replicationConfig=null} | ret=FAILURE
org.apache.hadoop.ozone.om.exceptions.OMException: Unable to get file status: volume: volume16396 bucket: bucket39555 key: level0/level2/level2/file1
	at org.apache.hadoop.ozone.om.KeyManagerImpl.getOzoneFileStatus(KeyManagerImpl.java:1270) ~[ozone-manager-1.3.0-SNAPSHOT.jar:?]
	at org.apache.hadoop.ozone.om.KeyManagerImpl.getFileStatus(KeyManagerImpl.java:1200) ~[ozone-manager-1.3.0-SNAPSHOT.jar:?]
	at org.apache.hadoop.ozone.om.OzoneManager.getFileStatus(OzoneManager.java:3507) ~[ozone-manager-1.3.0-SNAPSHOT.jar:?]
	at org.apache.hadoop.ozone.protocolPB.OzoneManagerRequestHandler.getOzoneFileStatus(OzoneManagerRequestHandler.java:882) ~[ozone-manager-1.3.0-SNAPSHOT.jar:?]
	at org.apache.hadoop.ozone.protocolPB.OzoneManagerRequestHandler.handleReadRequest(OzoneManagerRequestHandler.java:228) ~[ozone-manager-1.3.0-SNAPSHOT.jar:?]
	at org.apache.hadoop.ozone.protocolPB.OzoneManagerProtocolServerSideTranslatorPB.submitReadRequestToOM(OzoneManagerProtocolServerSideTranslatorPB.java:226) ~[ozone-manager-1.3.0-SNAPSHOT.jar:?]
	at org.apache.hadoop.ozone.protocolPB.OzoneManagerProtocolServerSideTranslatorPB.processRequest(OzoneManagerProtocolServerSideTranslatorPB.java:175) ~[ozone-manager-1.3.0-SNAPSHOT.jar:?]
	at org.apache.hadoop.hdds.server.OzoneProtocolMessageDispatcher.processRequest(OzoneProtocolMessageDispatcher.java:87) [hdds-server-framework-1.3.0-SNAPSHOT.jar:?]
	at org.apache.hadoop.ozone.protocolPB.OzoneManagerProtocolServerSideTranslatorPB.submitRequest(OzoneManagerProtocolServerSideTranslatorPB.java:147) [ozone-manager-1.3.0-SNAPSHOT.jar:?]
	at org.apache.hadoop.ozone.protocol.proto.OzoneManagerProtocolProtos$OzoneManagerService$2.callBlockingMethod(OzoneManagerProtocolProtos.java) [ozone-interface-client-1.3.0-SNAPSHOT.jar:?]
	at org.apache.hadoop.ipc.ProtobufRpcEngine$Server.processCall(ProtobufRpcEngine.java:466) [hadoop-common-3.3.1.jar:?]
	at org.apache.hadoop.ipc.ProtobufRpcEngine2$Server$ProtoBufRpcInvoker.call(ProtobufRpcEngine2.java:574) [hadoop-common-3.3.1.jar:?]
	at org.apache.hadoop.ipc.ProtobufRpcEngine2$Server$ProtoBufRpcInvoker.call(ProtobufRpcEngine2.java:552) [hadoop-common-3.3.1.jar:?]
	at org.apache.hadoop.ipc.RPC$Server.call(RPC.java:1093) [hadoop-common-3.3.1.jar:?]
	at org.apache.hadoop.ipc.Server$RpcCall.run(Server.java:1035) [hadoop-common-3.3.1.jar:?]
	at org.apache.hadoop.ipc.Server$RpcCall.run(Server.java:963) [hadoop-common-3.3.1.jar:?]
	at java.security.AccessController.doPrivileged(Native Method) ~[?:1.8.0_345]
	at javax.security.auth.Subject.doAs(Subject.java:422) [?:1.8.0_345]
	at org.apache.hadoop.security.UserGroupInformation.doAs(UserGroupInformation.java:1878) [hadoop-common-3.3.1.jar:?]
	at org.apache.hadoop.ipc.Server$Handler.run(Server.java:2966) [hadoop-common-3.3.1.jar:?]
2022-10-10 08:37:02,649 [Time-limited test] WARN  ozone.BasicOzoneFileSystem (BasicOzoneFileSystem.java:getFileStatus(765)) - GetFileStatus failed for path /level0/level2/level2/file1
java.io.FileNotFoundException: level0/level2/level2/file1: No such file or directory!
	at org.apache.hadoop.fs.ozone.BasicOzoneClientAdapterImpl.getFileStatus(BasicOzoneClientAdapterImpl.java:369)
	at org.apache.hadoop.fs.ozone.BasicOzoneFileSystem.getFileStatus(BasicOzoneFileSystem.java:757)
	at org.apache.hadoop.fs.ozone.TestOzoneFileSystem.checkPath(TestOzoneFileSystem.java:502)
	at org.apache.hadoop.fs.ozone.TestOzoneFileSystem.testRecursiveDelete(TestOzoneFileSystem.java:496)
	at sun.reflect.NativeMethodAccessorImpl.invoke0(Native Method)
	at sun.reflect.NativeMethodAccessorImpl.invoke(NativeMethodAccessorImpl.java:62)
	at sun.reflect.DelegatingMethodAccessorImpl.invoke(DelegatingMethodAccessorImpl.java:43)
	at java.lang.reflect.Method.invoke(Method.java:498)
	at org.junit.runners.model.FrameworkMethod$1.runReflectiveCall(FrameworkMethod.java:59)
	at org.junit.internal.runners.model.ReflectiveCallable.run(ReflectiveCallable.java:12)
	at org.junit.runners.model.FrameworkMethod.invokeExplosively(FrameworkMethod.java:56)
	at org.junit.internal.runners.statements.InvokeMethod.evaluate(InvokeMethod.java:17)
	at org.junit.internal.runners.statements.RunAfters.evaluate(RunAfters.java:27)
	at org.junit.internal.runners.statements.FailOnTimeout$CallableStatement.call(FailOnTimeout.java:288)
	at org.junit.internal.runners.statements.FailOnTimeout$CallableStatement.call(FailOnTimeout.java:282)
	at java.util.concurrent.FutureTask.run(FutureTask.java:266)
	at java.lang.Thread.run(Thread.java:750)
08:37:02.650 [IPC Server handler 2 on default port 46487] ERROR OMAudit - user=runner | ip=127.0.0.1 | op=GET_FILE_STATUS {volume=volume16396, bucket=bucket39555, key=level0/level3, dataSize=0, replicationConfig=null} | ret=FAILURE
org.apache.hadoop.ozone.om.exceptions.OMException: Unable to get file status: volume: volume16396 bucket: bucket39555 key: level0/level3
	at org.apache.hadoop.ozone.om.KeyManagerImpl.getOzoneFileStatus(KeyManagerImpl.java:1270) ~[ozone-manager-1.3.0-SNAPSHOT.jar:?]
	at org.apache.hadoop.ozone.om.KeyManagerImpl.getFileStatus(KeyManagerImpl.java:1200) ~[ozone-manager-1.3.0-SNAPSHOT.jar:?]
	at org.apache.hadoop.ozone.om.OzoneManager.getFileStatus(OzoneManager.java:3507) ~[ozone-manager-1.3.0-SNAPSHOT.jar:?]
	at org.apache.hadoop.ozone.protocolPB.OzoneManagerRequestHandler.getOzoneFileStatus(OzoneManagerRequestHandler.java:882) ~[ozone-manager-1.3.0-SNAPSHOT.jar:?]
	at org.apache.hadoop.ozone.protocolPB.OzoneManagerRequestHandler.handleReadRequest(OzoneManagerRequestHandler.java:228) ~[ozone-manager-1.3.0-SNAPSHOT.jar:?]
	at org.apache.hadoop.ozone.protocolPB.OzoneManagerProtocolServerSideTranslatorPB.submitReadRequestToOM(OzoneManagerProtocolServerSideTranslatorPB.java:226) ~[ozone-manager-1.3.0-SNAPSHOT.jar:?]
	at org.apache.hadoop.ozone.protocolPB.OzoneManagerProtocolServerSideTranslatorPB.processRequest(OzoneManagerProtocolServerSideTranslatorPB.java:175) ~[ozone-manager-1.3.0-SNAPSHOT.jar:?]
	at org.apache.hadoop.hdds.server.OzoneProtocolMessageDispatcher.processRequest(OzoneProtocolMessageDispatcher.java:87) [hdds-server-framework-1.3.0-SNAPSHOT.jar:?]
	at org.apache.hadoop.ozone.protocolPB.OzoneManagerProtocolServerSideTranslatorPB.submitRequest(OzoneManagerProtocolServerSideTranslatorPB.java:147) [ozone-manager-1.3.0-SNAPSHOT.jar:?]
	at org.apache.hadoop.ozone.protocol.proto.OzoneManagerProtocolProtos$OzoneManagerService$2.callBlockingMethod(OzoneManagerProtocolProtos.java) [ozone-interface-client-1.3.0-SNAPSHOT.jar:?]
	at org.apache.hadoop.ipc.ProtobufRpcEngine$Server.processCall(ProtobufRpcEngine.java:466) [hadoop-common-3.3.1.jar:?]
	at org.apache.hadoop.ipc.ProtobufRpcEngine2$Server$ProtoBufRpcInvoker.call(ProtobufRpcEngine2.java:574) [hadoop-common-3.3.1.jar:?]
	at org.apache.hadoop.ipc.ProtobufRpcEngine2$Server$ProtoBufRpcInvoker.call(ProtobufRpcEngine2.java:552) [hadoop-common-3.3.1.jar:?]
	at org.apache.hadoop.ipc.RPC$Server.call(RPC.java:1093) [hadoop-common-3.3.1.jar:?]
	at org.apache.hadoop.ipc.Server$RpcCall.run(Server.java:1035) [hadoop-common-3.3.1.jar:?]
	at org.apache.hadoop.ipc.Server$RpcCall.run(Server.java:963) [hadoop-common-3.3.1.jar:?]
	at java.security.AccessController.doPrivileged(Native Method) ~[?:1.8.0_345]
	at javax.security.auth.Subject.doAs(Subject.java:422) [?:1.8.0_345]
	at org.apache.hadoop.security.UserGroupInformation.doAs(UserGroupInformation.java:1878) [hadoop-common-3.3.1.jar:?]
	at org.apache.hadoop.ipc.Server$Handler.run(Server.java:2966) [hadoop-common-3.3.1.jar:?]
2022-10-10 08:37:02,651 [Time-limited test] WARN  ozone.BasicOzoneFileSystem (BasicOzoneFileSystem.java:getFileStatus(765)) - GetFileStatus failed for path /level0/level3
java.io.FileNotFoundException: level0/level3: No such file or directory!
	at org.apache.hadoop.fs.ozone.BasicOzoneClientAdapterImpl.getFileStatus(BasicOzoneClientAdapterImpl.java:369)
	at org.apache.hadoop.fs.ozone.BasicOzoneFileSystem.getFileStatus(BasicOzoneFileSystem.java:757)
	at org.apache.hadoop.fs.ozone.TestOzoneFileSystem.checkPath(TestOzoneFileSystem.java:502)
	at org.apache.hadoop.fs.ozone.TestOzoneFileSystem.testRecursiveDelete(TestOzoneFileSystem.java:493)
	at sun.reflect.NativeMethodAccessorImpl.invoke0(Native Method)
	at sun.reflect.NativeMethodAccessorImpl.invoke(NativeMethodAccessorImpl.java:62)
	at sun.reflect.DelegatingMethodAccessorImpl.invoke(DelegatingMethodAccessorImpl.java:43)
	at java.lang.reflect.Method.invoke(Method.java:498)
	at org.junit.runners.model.FrameworkMethod$1.runReflectiveCall(FrameworkMethod.java:59)
	at org.junit.internal.runners.model.ReflectiveCallable.run(ReflectiveCallable.java:12)
	at org.junit.runners.model.FrameworkMethod.invokeExplosively(FrameworkMethod.java:56)
	at org.junit.internal.runners.statements.InvokeMethod.evaluate(InvokeMethod.java:17)
	at org.junit.internal.runners.statements.RunAfters.evaluate(RunAfters.java:27)
	at org.junit.internal.runners.statements.FailOnTimeout$CallableStatement.call(FailOnTimeout.java:288)
	at org.junit.internal.runners.statements.FailOnTimeout$CallableStatement.call(FailOnTimeout.java:282)
	at java.util.concurrent.FutureTask.run(FutureTask.java:266)
	at java.lang.Thread.run(Thread.java:750)
08:37:02.653 [IPC Server handler 4 on default port 46487] ERROR OMAudit - user=runner | ip=127.0.0.1 | op=GET_FILE_STATUS {volume=volume16396, bucket=bucket39555, key=level0/level3/level3, dataSize=0, replicationConfig=null} | ret=FAILURE
org.apache.hadoop.ozone.om.exceptions.OMException: Unable to get file status: volume: volume16396 bucket: bucket39555 key: level0/level3/level3
	at org.apache.hadoop.ozone.om.KeyManagerImpl.getOzoneFileStatus(KeyManagerImpl.java:1270) ~[ozone-manager-1.3.0-SNAPSHOT.jar:?]
	at org.apache.hadoop.ozone.om.KeyManagerImpl.getFileStatus(KeyManagerImpl.java:1200) ~[ozone-manager-1.3.0-SNAPSHOT.jar:?]
	at org.apache.hadoop.ozone.om.OzoneManager.getFileStatus(OzoneManager.java:3507) ~[ozone-manager-1.3.0-SNAPSHOT.jar:?]
	at org.apache.hadoop.ozone.protocolPB.OzoneManagerRequestHandler.getOzoneFileStatus(OzoneManagerRequestHandler.java:882) ~[ozone-manager-1.3.0-SNAPSHOT.jar:?]
	at org.apache.hadoop.ozone.protocolPB.OzoneManagerRequestHandler.handleReadRequest(OzoneManagerRequestHandler.java:228) ~[ozone-manager-1.3.0-SNAPSHOT.jar:?]
	at org.apache.hadoop.ozone.protocolPB.OzoneManagerProtocolServerSideTranslatorPB.submitReadRequestToOM(OzoneManagerProtocolServerSideTranslatorPB.java:226) ~[ozone-manager-1.3.0-SNAPSHOT.jar:?]
	at org.apache.hadoop.ozone.protocolPB.OzoneManagerProtocolServerSideTranslatorPB.processRequest(OzoneManagerProtocolServerSideTranslatorPB.java:175) ~[ozone-manager-1.3.0-SNAPSHOT.jar:?]
	at org.apache.hadoop.hdds.server.OzoneProtocolMessageDispatcher.processRequest(OzoneProtocolMessageDispatcher.java:87) [hdds-server-framework-1.3.0-SNAPSHOT.jar:?]
	at org.apache.hadoop.ozone.protocolPB.OzoneManagerProtocolServerSideTranslatorPB.submitRequest(OzoneManagerProtocolServerSideTranslatorPB.java:147) [ozone-manager-1.3.0-SNAPSHOT.jar:?]
	at org.apache.hadoop.ozone.protocol.proto.OzoneManagerProtocolProtos$OzoneManagerService$2.callBlockingMethod(OzoneManagerProtocolProtos.java) [ozone-interface-client-1.3.0-SNAPSHOT.jar:?]
	at org.apache.hadoop.ipc.ProtobufRpcEngine$Server.processCall(ProtobufRpcEngine.java:466) [hadoop-common-3.3.1.jar:?]
	at org.apache.hadoop.ipc.ProtobufRpcEngine2$Server$ProtoBufRpcInvoker.call(ProtobufRpcEngine2.java:574) [hadoop-common-3.3.1.jar:?]
	at org.apache.hadoop.ipc.ProtobufRpcEngine2$Server$ProtoBufRpcInvoker.call(ProtobufRpcEngine2.java:552) [hadoop-common-3.3.1.jar:?]
	at org.apache.hadoop.ipc.RPC$Server.call(RPC.java:1093) [hadoop-common-3.3.1.jar:?]
	at org.apache.hadoop.ipc.Server$RpcCall.run(Server.java:1035) [hadoop-common-3.3.1.jar:?]
	at org.apache.hadoop.ipc.Server$RpcCall.run(Server.java:963) [hadoop-common-3.3.1.jar:?]
	at java.security.AccessController.doPrivileged(Native Method) ~[?:1.8.0_345]
	at javax.security.auth.Subject.doAs(Subject.java:422) [?:1.8.0_345]
	at org.apache.hadoop.security.UserGroupInformation.doAs(UserGroupInformation.java:1878) [hadoop-common-3.3.1.jar:?]
	at org.apache.hadoop.ipc.Server$Handler.run(Server.java:2966) [hadoop-common-3.3.1.jar:?]
2022-10-10 08:37:02,654 [Time-limited test] WARN  ozone.BasicOzoneFileSystem (BasicOzoneFileSystem.java:getFileStatus(765)) - GetFileStatus failed for path /level0/level3/level3
java.io.FileNotFoundException: level0/level3/level3: No such file or directory!
	at org.apache.hadoop.fs.ozone.BasicOzoneClientAdapterImpl.getFileStatus(BasicOzoneClientAdapterImpl.java:369)
	at org.apache.hadoop.fs.ozone.BasicOzoneFileSystem.getFileStatus(BasicOzoneFileSystem.java:757)
	at org.apache.hadoop.fs.ozone.TestOzoneFileSystem.checkPath(TestOzoneFileSystem.java:502)
	at org.apache.hadoop.fs.ozone.TestOzoneFileSystem.testRecursiveDelete(TestOzoneFileSystem.java:494)
	at sun.reflect.NativeMethodAccessorImpl.invoke0(Native Method)
	at sun.reflect.NativeMethodAccessorImpl.invoke(NativeMethodAccessorImpl.java:62)
	at sun.reflect.DelegatingMethodAccessorImpl.invoke(DelegatingMethodAccessorImpl.java:43)
	at java.lang.reflect.Method.invoke(Method.java:498)
	at org.junit.runners.model.FrameworkMethod$1.runReflectiveCall(FrameworkMethod.java:59)
	at org.junit.internal.runners.model.ReflectiveCallable.run(ReflectiveCallable.java:12)
	at org.junit.runners.model.FrameworkMethod.invokeExplosively(FrameworkMethod.java:56)
	at org.junit.internal.runners.statements.InvokeMethod.evaluate(InvokeMethod.java:17)
	at org.junit.internal.runners.statements.RunAfters.evaluate(RunAfters.java:27)
	at org.junit.internal.runners.statements.FailOnTimeout$CallableStatement.call(FailOnTimeout.java:288)
	at org.junit.internal.runners.statements.FailOnTimeout$CallableStatement.call(FailOnTimeout.java:282)
	at java.util.concurrent.FutureTask.run(FutureTask.java:266)
	at java.lang.Thread.run(Thread.java:750)
08:37:02.658 [IPC Server handler 8 on default port 46487] ERROR OMAudit - user=runner | ip=127.0.0.1 | op=GET_FILE_STATUS {volume=volume16396, bucket=bucket39555, key=level0/level3/file1, dataSize=0, replicationConfig=null} | ret=FAILURE
org.apache.hadoop.ozone.om.exceptions.OMException: Unable to get file status: volume: volume16396 bucket: bucket39555 key: level0/level3/file1
	at org.apache.hadoop.ozone.om.KeyManagerImpl.getOzoneFileStatus(KeyManagerImpl.java:1270) ~[ozone-manager-1.3.0-SNAPSHOT.jar:?]
	at org.apache.hadoop.ozone.om.KeyManagerImpl.getFileStatus(KeyManagerImpl.java:1200) ~[ozone-manager-1.3.0-SNAPSHOT.jar:?]
	at org.apache.hadoop.ozone.om.OzoneManager.getFileStatus(OzoneManager.java:3507) ~[ozone-manager-1.3.0-SNAPSHOT.jar:?]
	at org.apache.hadoop.ozone.protocolPB.OzoneManagerRequestHandler.getOzoneFileStatus(OzoneManagerRequestHandler.java:882) ~[ozone-manager-1.3.0-SNAPSHOT.jar:?]
	at org.apache.hadoop.ozone.protocolPB.OzoneManagerRequestHandler.handleReadRequest(OzoneManagerRequestHandler.java:228) ~[ozone-manager-1.3.0-SNAPSHOT.jar:?]
	at org.apache.hadoop.ozone.protocolPB.OzoneManagerProtocolServerSideTranslatorPB.submitReadRequestToOM(OzoneManagerProtocolServerSideTranslatorPB.java:226) ~[ozone-manager-1.3.0-SNAPSHOT.jar:?]
	at org.apache.hadoop.ozone.protocolPB.OzoneManagerProtocolServerSideTranslatorPB.processRequest(OzoneManagerProtocolServerSideTranslatorPB.java:175) ~[ozone-manager-1.3.0-SNAPSHOT.jar:?]
	at org.apache.hadoop.hdds.server.OzoneProtocolMessageDispatcher.processRequest(OzoneProtocolMessageDispatcher.java:87) [hdds-server-framework-1.3.0-SNAPSHOT.jar:?]
	at org.apache.hadoop.ozone.protocolPB.OzoneManagerProtocolServerSideTranslatorPB.submitRequest(OzoneManagerProtocolServerSideTranslatorPB.java:147) [ozone-manager-1.3.0-SNAPSHOT.jar:?]
	at org.apache.hadoop.ozone.protocol.proto.OzoneManagerProtocolProtos$OzoneManagerService$2.callBlockingMethod(OzoneManagerProtocolProtos.java) [ozone-interface-client-1.3.0-SNAPSHOT.jar:?]
	at org.apache.hadoop.ipc.ProtobufRpcEngine$Server.processCall(ProtobufRpcEngine.java:466) [hadoop-common-3.3.1.jar:?]
	at org.apache.hadoop.ipc.ProtobufRpcEngine2$Server$ProtoBufRpcInvoker.call(ProtobufRpcEngine2.java:574) [hadoop-common-3.3.1.jar:?]
	at org.apache.hadoop.ipc.ProtobufRpcEngine2$Server$ProtoBufRpcInvoker.call(ProtobufRpcEngine2.java:552) [hadoop-common-3.3.1.jar:?]
	at org.apache.hadoop.ipc.RPC$Server.call(RPC.java:1093) [hadoop-common-3.3.1.jar:?]
	at org.apache.hadoop.ipc.Server$RpcCall.run(Server.java:1035) [hadoop-common-3.3.1.jar:?]
	at org.apache.hadoop.ipc.Server$RpcCall.run(Server.java:963) [hadoop-common-3.3.1.jar:?]
	at java.security.AccessController.doPrivileged(Native Method) ~[?:1.8.0_345]
	at javax.security.auth.Subject.doAs(Subject.java:422) [?:1.8.0_345]
	at org.apache.hadoop.security.UserGroupInformation.doAs(UserGroupInformation.java:1878) [hadoop-common-3.3.1.jar:?]
	at org.apache.hadoop.ipc.Server$Handler.run(Server.java:2966) [hadoop-common-3.3.1.jar:?]
2022-10-10 08:37:02,658 [Time-limited test] WARN  ozone.BasicOzoneFileSystem (BasicOzoneFileSystem.java:getFileStatus(765)) - GetFileStatus failed for path /level0/level3/file1
java.io.FileNotFoundException: level0/level3/file1: No such file or directory!
	at org.apache.hadoop.fs.ozone.BasicOzoneClientAdapterImpl.getFileStatus(BasicOzoneClientAdapterImpl.java:369)
	at org.apache.hadoop.fs.ozone.BasicOzoneFileSystem.getFileStatus(BasicOzoneFileSystem.java:757)
	at org.apache.hadoop.fs.ozone.TestOzoneFileSystem.checkPath(TestOzoneFileSystem.java:502)
	at org.apache.hadoop.fs.ozone.TestOzoneFileSystem.testRecursiveDelete(TestOzoneFileSystem.java:495)
	at sun.reflect.NativeMethodAccessorImpl.invoke0(Native Method)
	at sun.reflect.NativeMethodAccessorImpl.invoke(NativeMethodAccessorImpl.java:62)
	at sun.reflect.DelegatingMethodAccessorImpl.invoke(DelegatingMethodAccessorImpl.java:43)
	at java.lang.reflect.Method.invoke(Method.java:498)
	at org.junit.runners.model.FrameworkMethod$1.runReflectiveCall(FrameworkMethod.java:59)
	at org.junit.internal.runners.model.ReflectiveCallable.run(ReflectiveCallable.java:12)
	at org.junit.runners.model.FrameworkMethod.invokeExplosively(FrameworkMethod.java:56)
	at org.junit.internal.runners.statements.InvokeMethod.evaluate(InvokeMethod.java:17)
	at org.junit.internal.runners.statements.RunAfters.evaluate(RunAfters.java:27)
	at org.junit.internal.runners.statements.FailOnTimeout$CallableStatement.call(FailOnTimeout.java:288)
	at org.junit.internal.runners.statements.FailOnTimeout$CallableStatement.call(FailOnTimeout.java:282)
	at java.util.concurrent.FutureTask.run(FutureTask.java:266)
	at java.lang.Thread.run(Thread.java:750)
08:37:02.659 [IPC Server handler 5 on default port 46487] ERROR OMAudit - user=runner | ip=127.0.0.1 | op=GET_FILE_STATUS {volume=volume16396, bucket=bucket39555, key=level0/level3/level3/file1, dataSize=0, replicationConfig=null} | ret=FAILURE
org.apache.hadoop.ozone.om.exceptions.OMException: Unable to get file status: volume: volume16396 bucket: bucket39555 key: level0/level3/level3/file1
	at org.apache.hadoop.ozone.om.KeyManagerImpl.getOzoneFileStatus(KeyManagerImpl.java:1270) ~[ozone-manager-1.3.0-SNAPSHOT.jar:?]
	at org.apache.hadoop.ozone.om.KeyManagerImpl.getFileStatus(KeyManagerImpl.java:1200) ~[ozone-manager-1.3.0-SNAPSHOT.jar:?]
	at org.apache.hadoop.ozone.om.OzoneManager.getFileStatus(OzoneManager.java:3507) ~[ozone-manager-1.3.0-SNAPSHOT.jar:?]
	at org.apache.hadoop.ozone.protocolPB.OzoneManagerRequestHandler.getOzoneFileStatus(OzoneManagerRequestHandler.java:882) ~[ozone-manager-1.3.0-SNAPSHOT.jar:?]
	at org.apache.hadoop.ozone.protocolPB.OzoneManagerRequestHandler.handleReadRequest(OzoneManagerRequestHandler.java:228) ~[ozone-manager-1.3.0-SNAPSHOT.jar:?]
	at org.apache.hadoop.ozone.protocolPB.OzoneManagerProtocolServerSideTranslatorPB.submitReadRequestToOM(OzoneManagerProtocolServerSideTranslatorPB.java:226) ~[ozone-manager-1.3.0-SNAPSHOT.jar:?]
	at org.apache.hadoop.ozone.protocolPB.OzoneManagerProtocolServerSideTranslatorPB.processRequest(OzoneManagerProtocolServerSideTranslatorPB.java:175) ~[ozone-manager-1.3.0-SNAPSHOT.jar:?]
	at org.apache.hadoop.hdds.server.OzoneProtocolMessageDispatcher.processRequest(OzoneProtocolMessageDispatcher.java:87) [hdds-server-framework-1.3.0-SNAPSHOT.jar:?]
	at org.apache.hadoop.ozone.protocolPB.OzoneManagerProtocolServerSideTranslatorPB.submitRequest(OzoneManagerProtocolServerSideTranslatorPB.java:147) [ozone-manager-1.3.0-SNAPSHOT.jar:?]
	at org.apache.hadoop.ozone.protocol.proto.OzoneManagerProtocolProtos$OzoneManagerService$2.callBlockingMethod(OzoneManagerProtocolProtos.java) [ozone-interface-client-1.3.0-SNAPSHOT.jar:?]
	at org.apache.hadoop.ipc.ProtobufRpcEngine$Server.processCall(ProtobufRpcEngine.java:466) [hadoop-common-3.3.1.jar:?]
	at org.apache.hadoop.ipc.ProtobufRpcEngine2$Server$ProtoBufRpcInvoker.call(ProtobufRpcEngine2.java:574) [hadoop-common-3.3.1.jar:?]
	at org.apache.hadoop.ipc.ProtobufRpcEngine2$Server$ProtoBufRpcInvoker.call(ProtobufRpcEngine2.java:552) [hadoop-common-3.3.1.jar:?]
	at org.apache.hadoop.ipc.RPC$Server.call(RPC.java:1093) [hadoop-common-3.3.1.jar:?]
	at org.apache.hadoop.ipc.Server$RpcCall.run(Server.java:1035) [hadoop-common-3.3.1.jar:?]
	at org.apache.hadoop.ipc.Server$RpcCall.run(Server.java:963) [hadoop-common-3.3.1.jar:?]
	at java.security.AccessController.doPrivileged(Native Method) ~[?:1.8.0_345]
	at javax.security.auth.Subject.doAs(Subject.java:422) [?:1.8.0_345]
	at org.apache.hadoop.security.UserGroupInformation.doAs(UserGroupInformation.java:1878) [hadoop-common-3.3.1.jar:?]
	at org.apache.hadoop.ipc.Server$Handler.run(Server.java:2966) [hadoop-common-3.3.1.jar:?]
2022-10-10 08:37:02,660 [Time-limited test] WARN  ozone.BasicOzoneFileSystem (BasicOzoneFileSystem.java:getFileStatus(765)) - GetFileStatus failed for path /level0/level3/level3/file1
java.io.FileNotFoundException: level0/level3/level3/file1: No such file or directory!
	at org.apache.hadoop.fs.ozone.BasicOzoneClientAdapterImpl.getFileStatus(BasicOzoneClientAdapterImpl.java:369)
	at org.apache.hadoop.fs.ozone.BasicOzoneFileSystem.getFileStatus(BasicOzoneFileSystem.java:757)
	at org.apache.hadoop.fs.ozone.TestOzoneFileSystem.checkPath(TestOzoneFileSystem.java:502)
	at org.apache.hadoop.fs.ozone.TestOzoneFileSystem.testRecursiveDelete(TestOzoneFileSystem.java:496)
	at sun.reflect.NativeMethodAccessorImpl.invoke0(Native Method)
	at sun.reflect.NativeMethodAccessorImpl.invoke(NativeMethodAccessorImpl.java:62)
	at sun.reflect.DelegatingMethodAccessorImpl.invoke(DelegatingMethodAccessorImpl.java:43)
	at java.lang.reflect.Method.invoke(Method.java:498)
	at org.junit.runners.model.FrameworkMethod$1.runReflectiveCall(FrameworkMethod.java:59)
	at org.junit.internal.runners.model.ReflectiveCallable.run(ReflectiveCallable.java:12)
	at org.junit.runners.model.FrameworkMethod.invokeExplosively(FrameworkMethod.java:56)
	at org.junit.internal.runners.statements.InvokeMethod.evaluate(InvokeMethod.java:17)
	at org.junit.internal.runners.statements.RunAfters.evaluate(RunAfters.java:27)
	at org.junit.internal.runners.statements.FailOnTimeout$CallableStatement.call(FailOnTimeout.java:288)
	at org.junit.internal.runners.statements.FailOnTimeout$CallableStatement.call(FailOnTimeout.java:282)
	at java.util.concurrent.FutureTask.run(FutureTask.java:266)
	at java.lang.Thread.run(Thread.java:750)
]]></system-out>
  </testcase>
  <testcase name="testRecursiveDelete" classname="TestOzoneFileSystem" time="0.263">
    <system-out><![CDATA[08:38:45.834 [IPC Server handler 15 on default port 43231] ERROR OMAudit - user=runner | ip=127.0.0.1 | op=GET_FILE_STATUS {volume=volume27327, bucket=bucket40120, key=gdir1, dataSize=0, replicationConfig=null} | ret=FAILURE
org.apache.hadoop.ozone.om.exceptions.OMException: Unable to get file status: volume: volume27327 bucket: bucket40120 key: gdir1
	at org.apache.hadoop.ozone.om.KeyManagerImpl.getOzoneFileStatus(KeyManagerImpl.java:1270) ~[ozone-manager-1.3.0-SNAPSHOT.jar:?]
	at org.apache.hadoop.ozone.om.KeyManagerImpl.getFileStatus(KeyManagerImpl.java:1200) ~[ozone-manager-1.3.0-SNAPSHOT.jar:?]
	at org.apache.hadoop.ozone.om.OzoneManager.getFileStatus(OzoneManager.java:3507) ~[ozone-manager-1.3.0-SNAPSHOT.jar:?]
	at org.apache.hadoop.ozone.protocolPB.OzoneManagerRequestHandler.getOzoneFileStatus(OzoneManagerRequestHandler.java:882) ~[ozone-manager-1.3.0-SNAPSHOT.jar:?]
	at org.apache.hadoop.ozone.protocolPB.OzoneManagerRequestHandler.handleReadRequest(OzoneManagerRequestHandler.java:228) ~[ozone-manager-1.3.0-SNAPSHOT.jar:?]
	at org.apache.hadoop.ozone.protocolPB.OzoneManagerProtocolServerSideTranslatorPB.submitRequestDirectlyToOM(OzoneManagerProtocolServerSideTranslatorPB.java:276) ~[ozone-manager-1.3.0-SNAPSHOT.jar:?]
	at org.apache.hadoop.ozone.protocolPB.OzoneManagerProtocolServerSideTranslatorPB.processRequest(OzoneManagerProtocolServerSideTranslatorPB.java:205) ~[ozone-manager-1.3.0-SNAPSHOT.jar:?]
	at org.apache.hadoop.hdds.server.OzoneProtocolMessageDispatcher.processRequest(OzoneProtocolMessageDispatcher.java:87) [hdds-server-framework-1.3.0-SNAPSHOT.jar:?]
	at org.apache.hadoop.ozone.protocolPB.OzoneManagerProtocolServerSideTranslatorPB.submitRequest(OzoneManagerProtocolServerSideTranslatorPB.java:147) [ozone-manager-1.3.0-SNAPSHOT.jar:?]
	at org.apache.hadoop.ozone.protocol.proto.OzoneManagerProtocolProtos$OzoneManagerService$2.callBlockingMethod(OzoneManagerProtocolProtos.java) [ozone-interface-client-1.3.0-SNAPSHOT.jar:?]
	at org.apache.hadoop.ipc.ProtobufRpcEngine$Server.processCall(ProtobufRpcEngine.java:466) [hadoop-common-3.3.1.jar:?]
	at org.apache.hadoop.ipc.ProtobufRpcEngine2$Server$ProtoBufRpcInvoker.call(ProtobufRpcEngine2.java:574) [hadoop-common-3.3.1.jar:?]
	at org.apache.hadoop.ipc.ProtobufRpcEngine2$Server$ProtoBufRpcInvoker.call(ProtobufRpcEngine2.java:552) [hadoop-common-3.3.1.jar:?]
	at org.apache.hadoop.ipc.RPC$Server.call(RPC.java:1093) [hadoop-common-3.3.1.jar:?]
	at org.apache.hadoop.ipc.Server$RpcCall.run(Server.java:1035) [hadoop-common-3.3.1.jar:?]
	at org.apache.hadoop.ipc.Server$RpcCall.run(Server.java:963) [hadoop-common-3.3.1.jar:?]
	at java.security.AccessController.doPrivileged(Native Method) ~[?:1.8.0_345]
	at javax.security.auth.Subject.doAs(Subject.java:422) [?:1.8.0_345]
	at org.apache.hadoop.security.UserGroupInformation.doAs(UserGroupInformation.java:1878) [hadoop-common-3.3.1.jar:?]
	at org.apache.hadoop.ipc.Server$Handler.run(Server.java:2966) [hadoop-common-3.3.1.jar:?]
2022-10-10 08:38:45,835 [Time-limited test] WARN  ozone.BasicOzoneFileSystem (BasicOzoneFileSystem.java:getFileStatus(765)) - GetFileStatus failed for path /gdir1
java.io.FileNotFoundException: gdir1: No such file or directory!
	at org.apache.hadoop.fs.ozone.BasicOzoneClientAdapterImpl.getFileStatus(BasicOzoneClientAdapterImpl.java:369)
	at org.apache.hadoop.fs.ozone.BasicOzoneFileSystem.getFileStatus(BasicOzoneFileSystem.java:757)
	at org.apache.hadoop.fs.ozone.TestOzoneFileSystem.checkPath(TestOzoneFileSystem.java:502)
	at org.apache.hadoop.fs.ozone.TestOzoneFileSystem.testRecursiveDelete(TestOzoneFileSystem.java:452)
	at sun.reflect.NativeMethodAccessorImpl.invoke0(Native Method)
	at sun.reflect.NativeMethodAccessorImpl.invoke(NativeMethodAccessorImpl.java:62)
	at sun.reflect.DelegatingMethodAccessorImpl.invoke(DelegatingMethodAccessorImpl.java:43)
	at java.lang.reflect.Method.invoke(Method.java:498)
	at org.junit.runners.model.FrameworkMethod$1.runReflectiveCall(FrameworkMethod.java:59)
	at org.junit.internal.runners.model.ReflectiveCallable.run(ReflectiveCallable.java:12)
	at org.junit.runners.model.FrameworkMethod.invokeExplosively(FrameworkMethod.java:56)
	at org.junit.internal.runners.statements.InvokeMethod.evaluate(InvokeMethod.java:17)
	at org.junit.internal.runners.statements.RunAfters.evaluate(RunAfters.java:27)
	at org.junit.internal.runners.statements.FailOnTimeout$CallableStatement.call(FailOnTimeout.java:288)
	at org.junit.internal.runners.statements.FailOnTimeout$CallableStatement.call(FailOnTimeout.java:282)
	at java.util.concurrent.FutureTask.run(FutureTask.java:266)
	at java.lang.Thread.run(Thread.java:750)
08:38:45.835 [IPC Server handler 17 on default port 43231] ERROR OMAudit - user=runner | ip=127.0.0.1 | op=GET_FILE_STATUS {volume=volume27327, bucket=bucket40120, key=gdir1/dir1, dataSize=0, replicationConfig=null} | ret=FAILURE
org.apache.hadoop.ozone.om.exceptions.OMException: Unable to get file status: volume: volume27327 bucket: bucket40120 key: gdir1/dir1
	at org.apache.hadoop.ozone.om.KeyManagerImpl.getOzoneFileStatus(KeyManagerImpl.java:1270) ~[ozone-manager-1.3.0-SNAPSHOT.jar:?]
	at org.apache.hadoop.ozone.om.KeyManagerImpl.getFileStatus(KeyManagerImpl.java:1200) ~[ozone-manager-1.3.0-SNAPSHOT.jar:?]
	at org.apache.hadoop.ozone.om.OzoneManager.getFileStatus(OzoneManager.java:3507) ~[ozone-manager-1.3.0-SNAPSHOT.jar:?]
	at org.apache.hadoop.ozone.protocolPB.OzoneManagerRequestHandler.getOzoneFileStatus(OzoneManagerRequestHandler.java:882) ~[ozone-manager-1.3.0-SNAPSHOT.jar:?]
	at org.apache.hadoop.ozone.protocolPB.OzoneManagerRequestHandler.handleReadRequest(OzoneManagerRequestHandler.java:228) ~[ozone-manager-1.3.0-SNAPSHOT.jar:?]
	at org.apache.hadoop.ozone.protocolPB.OzoneManagerProtocolServerSideTranslatorPB.submitRequestDirectlyToOM(OzoneManagerProtocolServerSideTranslatorPB.java:276) ~[ozone-manager-1.3.0-SNAPSHOT.jar:?]
	at org.apache.hadoop.ozone.protocolPB.OzoneManagerProtocolServerSideTranslatorPB.processRequest(OzoneManagerProtocolServerSideTranslatorPB.java:205) ~[ozone-manager-1.3.0-SNAPSHOT.jar:?]
	at org.apache.hadoop.hdds.server.OzoneProtocolMessageDispatcher.processRequest(OzoneProtocolMessageDispatcher.java:87) [hdds-server-framework-1.3.0-SNAPSHOT.jar:?]
	at org.apache.hadoop.ozone.protocolPB.OzoneManagerProtocolServerSideTranslatorPB.submitRequest(OzoneManagerProtocolServerSideTranslatorPB.java:147) [ozone-manager-1.3.0-SNAPSHOT.jar:?]
	at org.apache.hadoop.ozone.protocol.proto.OzoneManagerProtocolProtos$OzoneManagerService$2.callBlockingMethod(OzoneManagerProtocolProtos.java) [ozone-interface-client-1.3.0-SNAPSHOT.jar:?]
	at org.apache.hadoop.ipc.ProtobufRpcEngine$Server.processCall(ProtobufRpcEngine.java:466) [hadoop-common-3.3.1.jar:?]
	at org.apache.hadoop.ipc.ProtobufRpcEngine2$Server$ProtoBufRpcInvoker.call(ProtobufRpcEngine2.java:574) [hadoop-common-3.3.1.jar:?]
	at org.apache.hadoop.ipc.ProtobufRpcEngine2$Server$ProtoBufRpcInvoker.call(ProtobufRpcEngine2.java:552) [hadoop-common-3.3.1.jar:?]
	at org.apache.hadoop.ipc.RPC$Server.call(RPC.java:1093) [hadoop-common-3.3.1.jar:?]
	at org.apache.hadoop.ipc.Server$RpcCall.run(Server.java:1035) [hadoop-common-3.3.1.jar:?]
	at org.apache.hadoop.ipc.Server$RpcCall.run(Server.java:963) [hadoop-common-3.3.1.jar:?]
	at java.security.AccessController.doPrivileged(Native Method) ~[?:1.8.0_345]
	at javax.security.auth.Subject.doAs(Subject.java:422) [?:1.8.0_345]
	at org.apache.hadoop.security.UserGroupInformation.doAs(UserGroupInformation.java:1878) [hadoop-common-3.3.1.jar:?]
	at org.apache.hadoop.ipc.Server$Handler.run(Server.java:2966) [hadoop-common-3.3.1.jar:?]
2022-10-10 08:38:45,836 [Time-limited test] WARN  ozone.BasicOzoneFileSystem (BasicOzoneFileSystem.java:getFileStatus(765)) - GetFileStatus failed for path /gdir1/dir1
java.io.FileNotFoundException: gdir1/dir1: No such file or directory!
	at org.apache.hadoop.fs.ozone.BasicOzoneClientAdapterImpl.getFileStatus(BasicOzoneClientAdapterImpl.java:369)
	at org.apache.hadoop.fs.ozone.BasicOzoneFileSystem.getFileStatus(BasicOzoneFileSystem.java:757)
	at org.apache.hadoop.fs.ozone.TestOzoneFileSystem.checkPath(TestOzoneFileSystem.java:502)
	at org.apache.hadoop.fs.ozone.TestOzoneFileSystem.testRecursiveDelete(TestOzoneFileSystem.java:457)
	at sun.reflect.NativeMethodAccessorImpl.invoke0(Native Method)
	at sun.reflect.NativeMethodAccessorImpl.invoke(NativeMethodAccessorImpl.java:62)
	at sun.reflect.DelegatingMethodAccessorImpl.invoke(DelegatingMethodAccessorImpl.java:43)
	at java.lang.reflect.Method.invoke(Method.java:498)
	at org.junit.runners.model.FrameworkMethod$1.runReflectiveCall(FrameworkMethod.java:59)
	at org.junit.internal.runners.model.ReflectiveCallable.run(ReflectiveCallable.java:12)
	at org.junit.runners.model.FrameworkMethod.invokeExplosively(FrameworkMethod.java:56)
	at org.junit.internal.runners.statements.InvokeMethod.evaluate(InvokeMethod.java:17)
	at org.junit.internal.runners.statements.RunAfters.evaluate(RunAfters.java:27)
	at org.junit.internal.runners.statements.FailOnTimeout$CallableStatement.call(FailOnTimeout.java:288)
	at org.junit.internal.runners.statements.FailOnTimeout$CallableStatement.call(FailOnTimeout.java:282)
	at java.util.concurrent.FutureTask.run(FutureTask.java:266)
	at java.lang.Thread.run(Thread.java:750)
08:38:45.836 [IPC Server handler 18 on default port 43231] ERROR OMAudit - user=runner | ip=127.0.0.1 | op=GET_FILE_STATUS {volume=volume27327, bucket=bucket40120, key=gdir1/dir1/child, dataSize=0, replicationConfig=null} | ret=FAILURE
org.apache.hadoop.ozone.om.exceptions.OMException: Unable to get file status: volume: volume27327 bucket: bucket40120 key: gdir1/dir1/child
	at org.apache.hadoop.ozone.om.KeyManagerImpl.getOzoneFileStatus(KeyManagerImpl.java:1270) ~[ozone-manager-1.3.0-SNAPSHOT.jar:?]
	at org.apache.hadoop.ozone.om.KeyManagerImpl.getFileStatus(KeyManagerImpl.java:1200) ~[ozone-manager-1.3.0-SNAPSHOT.jar:?]
	at org.apache.hadoop.ozone.om.OzoneManager.getFileStatus(OzoneManager.java:3507) ~[ozone-manager-1.3.0-SNAPSHOT.jar:?]
	at org.apache.hadoop.ozone.protocolPB.OzoneManagerRequestHandler.getOzoneFileStatus(OzoneManagerRequestHandler.java:882) ~[ozone-manager-1.3.0-SNAPSHOT.jar:?]
	at org.apache.hadoop.ozone.protocolPB.OzoneManagerRequestHandler.handleReadRequest(OzoneManagerRequestHandler.java:228) ~[ozone-manager-1.3.0-SNAPSHOT.jar:?]
	at org.apache.hadoop.ozone.protocolPB.OzoneManagerProtocolServerSideTranslatorPB.submitRequestDirectlyToOM(OzoneManagerProtocolServerSideTranslatorPB.java:276) ~[ozone-manager-1.3.0-SNAPSHOT.jar:?]
	at org.apache.hadoop.ozone.protocolPB.OzoneManagerProtocolServerSideTranslatorPB.processRequest(OzoneManagerProtocolServerSideTranslatorPB.java:205) ~[ozone-manager-1.3.0-SNAPSHOT.jar:?]
	at org.apache.hadoop.hdds.server.OzoneProtocolMessageDispatcher.processRequest(OzoneProtocolMessageDispatcher.java:87) [hdds-server-framework-1.3.0-SNAPSHOT.jar:?]
	at org.apache.hadoop.ozone.protocolPB.OzoneManagerProtocolServerSideTranslatorPB.submitRequest(OzoneManagerProtocolServerSideTranslatorPB.java:147) [ozone-manager-1.3.0-SNAPSHOT.jar:?]
	at org.apache.hadoop.ozone.protocol.proto.OzoneManagerProtocolProtos$OzoneManagerService$2.callBlockingMethod(OzoneManagerProtocolProtos.java) [ozone-interface-client-1.3.0-SNAPSHOT.jar:?]
	at org.apache.hadoop.ipc.ProtobufRpcEngine$Server.processCall(ProtobufRpcEngine.java:466) [hadoop-common-3.3.1.jar:?]
	at org.apache.hadoop.ipc.ProtobufRpcEngine2$Server$ProtoBufRpcInvoker.call(ProtobufRpcEngine2.java:574) [hadoop-common-3.3.1.jar:?]
	at org.apache.hadoop.ipc.ProtobufRpcEngine2$Server$ProtoBufRpcInvoker.call(ProtobufRpcEngine2.java:552) [hadoop-common-3.3.1.jar:?]
	at org.apache.hadoop.ipc.RPC$Server.call(RPC.java:1093) [hadoop-common-3.3.1.jar:?]
	at org.apache.hadoop.ipc.Server$RpcCall.run(Server.java:1035) [hadoop-common-3.3.1.jar:?]
	at org.apache.hadoop.ipc.Server$RpcCall.run(Server.java:963) [hadoop-common-3.3.1.jar:?]
	at java.security.AccessController.doPrivileged(Native Method) ~[?:1.8.0_345]
	at javax.security.auth.Subject.doAs(Subject.java:422) [?:1.8.0_345]
	at org.apache.hadoop.security.UserGroupInformation.doAs(UserGroupInformation.java:1878) [hadoop-common-3.3.1.jar:?]
	at org.apache.hadoop.ipc.Server$Handler.run(Server.java:2966) [hadoop-common-3.3.1.jar:?]
2022-10-10 08:38:45,837 [Time-limited test] WARN  ozone.BasicOzoneFileSystem (BasicOzoneFileSystem.java:getFileStatus(765)) - GetFileStatus failed for path /gdir1/dir1/child
java.io.FileNotFoundException: gdir1/dir1/child: No such file or directory!
	at org.apache.hadoop.fs.ozone.BasicOzoneClientAdapterImpl.getFileStatus(BasicOzoneClientAdapterImpl.java:369)
	at org.apache.hadoop.fs.ozone.BasicOzoneFileSystem.getFileStatus(BasicOzoneFileSystem.java:757)
	at org.apache.hadoop.fs.ozone.TestOzoneFileSystem.checkPath(TestOzoneFileSystem.java:502)
	at org.apache.hadoop.fs.ozone.TestOzoneFileSystem.testRecursiveDelete(TestOzoneFileSystem.java:458)
	at sun.reflect.NativeMethodAccessorImpl.invoke0(Native Method)
	at sun.reflect.NativeMethodAccessorImpl.invoke(NativeMethodAccessorImpl.java:62)
	at sun.reflect.DelegatingMethodAccessorImpl.invoke(DelegatingMethodAccessorImpl.java:43)
	at java.lang.reflect.Method.invoke(Method.java:498)
	at org.junit.runners.model.FrameworkMethod$1.runReflectiveCall(FrameworkMethod.java:59)
	at org.junit.internal.runners.model.ReflectiveCallable.run(ReflectiveCallable.java:12)
	at org.junit.runners.model.FrameworkMethod.invokeExplosively(FrameworkMethod.java:56)
	at org.junit.internal.runners.statements.InvokeMethod.evaluate(InvokeMethod.java:17)
	at org.junit.internal.runners.statements.RunAfters.evaluate(RunAfters.java:27)
	at org.junit.internal.runners.statements.FailOnTimeout$CallableStatement.call(FailOnTimeout.java:288)
	at org.junit.internal.runners.statements.FailOnTimeout$CallableStatement.call(FailOnTimeout.java:282)
	at java.util.concurrent.FutureTask.run(FutureTask.java:266)
	at java.lang.Thread.run(Thread.java:750)
08:38:45.837 [IPC Server handler 19 on default port 43231] ERROR OMAudit - user=runner | ip=127.0.0.1 | op=GET_FILE_STATUS {volume=volume27327, bucket=bucket40120, key=gdir1/dir2, dataSize=0, replicationConfig=null} | ret=FAILURE
org.apache.hadoop.ozone.om.exceptions.OMException: Unable to get file status: volume: volume27327 bucket: bucket40120 key: gdir1/dir2
	at org.apache.hadoop.ozone.om.KeyManagerImpl.getOzoneFileStatus(KeyManagerImpl.java:1270) ~[ozone-manager-1.3.0-SNAPSHOT.jar:?]
	at org.apache.hadoop.ozone.om.KeyManagerImpl.getFileStatus(KeyManagerImpl.java:1200) ~[ozone-manager-1.3.0-SNAPSHOT.jar:?]
	at org.apache.hadoop.ozone.om.OzoneManager.getFileStatus(OzoneManager.java:3507) ~[ozone-manager-1.3.0-SNAPSHOT.jar:?]
	at org.apache.hadoop.ozone.protocolPB.OzoneManagerRequestHandler.getOzoneFileStatus(OzoneManagerRequestHandler.java:882) ~[ozone-manager-1.3.0-SNAPSHOT.jar:?]
	at org.apache.hadoop.ozone.protocolPB.OzoneManagerRequestHandler.handleReadRequest(OzoneManagerRequestHandler.java:228) ~[ozone-manager-1.3.0-SNAPSHOT.jar:?]
	at org.apache.hadoop.ozone.protocolPB.OzoneManagerProtocolServerSideTranslatorPB.submitRequestDirectlyToOM(OzoneManagerProtocolServerSideTranslatorPB.java:276) ~[ozone-manager-1.3.0-SNAPSHOT.jar:?]
	at org.apache.hadoop.ozone.protocolPB.OzoneManagerProtocolServerSideTranslatorPB.processRequest(OzoneManagerProtocolServerSideTranslatorPB.java:205) ~[ozone-manager-1.3.0-SNAPSHOT.jar:?]
	at org.apache.hadoop.hdds.server.OzoneProtocolMessageDispatcher.processRequest(OzoneProtocolMessageDispatcher.java:87) [hdds-server-framework-1.3.0-SNAPSHOT.jar:?]
	at org.apache.hadoop.ozone.protocolPB.OzoneManagerProtocolServerSideTranslatorPB.submitRequest(OzoneManagerProtocolServerSideTranslatorPB.java:147) [ozone-manager-1.3.0-SNAPSHOT.jar:?]
	at org.apache.hadoop.ozone.protocol.proto.OzoneManagerProtocolProtos$OzoneManagerService$2.callBlockingMethod(OzoneManagerProtocolProtos.java) [ozone-interface-client-1.3.0-SNAPSHOT.jar:?]
	at org.apache.hadoop.ipc.ProtobufRpcEngine$Server.processCall(ProtobufRpcEngine.java:466) [hadoop-common-3.3.1.jar:?]
	at org.apache.hadoop.ipc.ProtobufRpcEngine2$Server$ProtoBufRpcInvoker.call(ProtobufRpcEngine2.java:574) [hadoop-common-3.3.1.jar:?]
	at org.apache.hadoop.ipc.ProtobufRpcEngine2$Server$ProtoBufRpcInvoker.call(ProtobufRpcEngine2.java:552) [hadoop-common-3.3.1.jar:?]
	at org.apache.hadoop.ipc.RPC$Server.call(RPC.java:1093) [hadoop-common-3.3.1.jar:?]
	at org.apache.hadoop.ipc.Server$RpcCall.run(Server.java:1035) [hadoop-common-3.3.1.jar:?]
	at org.apache.hadoop.ipc.Server$RpcCall.run(Server.java:963) [hadoop-common-3.3.1.jar:?]
	at java.security.AccessController.doPrivileged(Native Method) ~[?:1.8.0_345]
	at javax.security.auth.Subject.doAs(Subject.java:422) [?:1.8.0_345]
	at org.apache.hadoop.security.UserGroupInformation.doAs(UserGroupInformation.java:1878) [hadoop-common-3.3.1.jar:?]
	at org.apache.hadoop.ipc.Server$Handler.run(Server.java:2966) [hadoop-common-3.3.1.jar:?]
2022-10-10 08:38:45,838 [Time-limited test] WARN  ozone.BasicOzoneFileSystem (BasicOzoneFileSystem.java:getFileStatus(765)) - GetFileStatus failed for path /gdir1/dir2
java.io.FileNotFoundException: gdir1/dir2: No such file or directory!
	at org.apache.hadoop.fs.ozone.BasicOzoneClientAdapterImpl.getFileStatus(BasicOzoneClientAdapterImpl.java:369)
	at org.apache.hadoop.fs.ozone.BasicOzoneFileSystem.getFileStatus(BasicOzoneFileSystem.java:757)
	at org.apache.hadoop.fs.ozone.TestOzoneFileSystem.checkPath(TestOzoneFileSystem.java:502)
	at org.apache.hadoop.fs.ozone.TestOzoneFileSystem.testRecursiveDelete(TestOzoneFileSystem.java:457)
	at sun.reflect.NativeMethodAccessorImpl.invoke0(Native Method)
	at sun.reflect.NativeMethodAccessorImpl.invoke(NativeMethodAccessorImpl.java:62)
	at sun.reflect.DelegatingMethodAccessorImpl.invoke(DelegatingMethodAccessorImpl.java:43)
	at java.lang.reflect.Method.invoke(Method.java:498)
	at org.junit.runners.model.FrameworkMethod$1.runReflectiveCall(FrameworkMethod.java:59)
	at org.junit.internal.runners.model.ReflectiveCallable.run(ReflectiveCallable.java:12)
	at org.junit.runners.model.FrameworkMethod.invokeExplosively(FrameworkMethod.java:56)
	at org.junit.internal.runners.statements.InvokeMethod.evaluate(InvokeMethod.java:17)
	at org.junit.internal.runners.statements.RunAfters.evaluate(RunAfters.java:27)
	at org.junit.internal.runners.statements.FailOnTimeout$CallableStatement.call(FailOnTimeout.java:288)
	at org.junit.internal.runners.statements.FailOnTimeout$CallableStatement.call(FailOnTimeout.java:282)
	at java.util.concurrent.FutureTask.run(FutureTask.java:266)
	at java.lang.Thread.run(Thread.java:750)
08:38:45.844 [IPC Server handler 0 on default port 43231] ERROR OMAudit - user=runner | ip=127.0.0.1 | op=GET_FILE_STATUS {volume=volume27327, bucket=bucket40120, key=gdir1/dir2/child, dataSize=0, replicationConfig=null} | ret=FAILURE
org.apache.hadoop.ozone.om.exceptions.OMException: Unable to get file status: volume: volume27327 bucket: bucket40120 key: gdir1/dir2/child
	at org.apache.hadoop.ozone.om.KeyManagerImpl.getOzoneFileStatus(KeyManagerImpl.java:1270) ~[ozone-manager-1.3.0-SNAPSHOT.jar:?]
	at org.apache.hadoop.ozone.om.KeyManagerImpl.getFileStatus(KeyManagerImpl.java:1200) ~[ozone-manager-1.3.0-SNAPSHOT.jar:?]
	at org.apache.hadoop.ozone.om.OzoneManager.getFileStatus(OzoneManager.java:3507) ~[ozone-manager-1.3.0-SNAPSHOT.jar:?]
	at org.apache.hadoop.ozone.protocolPB.OzoneManagerRequestHandler.getOzoneFileStatus(OzoneManagerRequestHandler.java:882) ~[ozone-manager-1.3.0-SNAPSHOT.jar:?]
	at org.apache.hadoop.ozone.protocolPB.OzoneManagerRequestHandler.handleReadRequest(OzoneManagerRequestHandler.java:228) ~[ozone-manager-1.3.0-SNAPSHOT.jar:?]
	at org.apache.hadoop.ozone.protocolPB.OzoneManagerProtocolServerSideTranslatorPB.submitRequestDirectlyToOM(OzoneManagerProtocolServerSideTranslatorPB.java:276) ~[ozone-manager-1.3.0-SNAPSHOT.jar:?]
	at org.apache.hadoop.ozone.protocolPB.OzoneManagerProtocolServerSideTranslatorPB.processRequest(OzoneManagerProtocolServerSideTranslatorPB.java:205) ~[ozone-manager-1.3.0-SNAPSHOT.jar:?]
	at org.apache.hadoop.hdds.server.OzoneProtocolMessageDispatcher.processRequest(OzoneProtocolMessageDispatcher.java:87) [hdds-server-framework-1.3.0-SNAPSHOT.jar:?]
	at org.apache.hadoop.ozone.protocolPB.OzoneManagerProtocolServerSideTranslatorPB.submitRequest(OzoneManagerProtocolServerSideTranslatorPB.java:147) [ozone-manager-1.3.0-SNAPSHOT.jar:?]
	at org.apache.hadoop.ozone.protocol.proto.OzoneManagerProtocolProtos$OzoneManagerService$2.callBlockingMethod(OzoneManagerProtocolProtos.java) [ozone-interface-client-1.3.0-SNAPSHOT.jar:?]
	at org.apache.hadoop.ipc.ProtobufRpcEngine$Server.processCall(ProtobufRpcEngine.java:466) [hadoop-common-3.3.1.jar:?]
	at org.apache.hadoop.ipc.ProtobufRpcEngine2$Server$ProtoBufRpcInvoker.call(ProtobufRpcEngine2.java:574) [hadoop-common-3.3.1.jar:?]
	at org.apache.hadoop.ipc.ProtobufRpcEngine2$Server$ProtoBufRpcInvoker.call(ProtobufRpcEngine2.java:552) [hadoop-common-3.3.1.jar:?]
	at org.apache.hadoop.ipc.RPC$Server.call(RPC.java:1093) [hadoop-common-3.3.1.jar:?]
	at org.apache.hadoop.ipc.Server$RpcCall.run(Server.java:1035) [hadoop-common-3.3.1.jar:?]
	at org.apache.hadoop.ipc.Server$RpcCall.run(Server.java:963) [hadoop-common-3.3.1.jar:?]
	at java.security.AccessController.doPrivileged(Native Method) ~[?:1.8.0_345]
	at javax.security.auth.Subject.doAs(Subject.java:422) [?:1.8.0_345]
	at org.apache.hadoop.security.UserGroupInformation.doAs(UserGroupInformation.java:1878) [hadoop-common-3.3.1.jar:?]
	at org.apache.hadoop.ipc.Server$Handler.run(Server.java:2966) [hadoop-common-3.3.1.jar:?]
2022-10-10 08:38:45,844 [Time-limited test] WARN  ozone.BasicOzoneFileSystem (BasicOzoneFileSystem.java:getFileStatus(765)) - GetFileStatus failed for path /gdir1/dir2/child
java.io.FileNotFoundException: gdir1/dir2/child: No such file or directory!
	at org.apache.hadoop.fs.ozone.BasicOzoneClientAdapterImpl.getFileStatus(BasicOzoneClientAdapterImpl.java:369)
	at org.apache.hadoop.fs.ozone.BasicOzoneFileSystem.getFileStatus(BasicOzoneFileSystem.java:757)
	at org.apache.hadoop.fs.ozone.TestOzoneFileSystem.checkPath(TestOzoneFileSystem.java:502)
	at org.apache.hadoop.fs.ozone.TestOzoneFileSystem.testRecursiveDelete(TestOzoneFileSystem.java:458)
	at sun.reflect.NativeMethodAccessorImpl.invoke0(Native Method)
	at sun.reflect.NativeMethodAccessorImpl.invoke(NativeMethodAccessorImpl.java:62)
	at sun.reflect.DelegatingMethodAccessorImpl.invoke(DelegatingMethodAccessorImpl.java:43)
	at java.lang.reflect.Method.invoke(Method.java:498)
	at org.junit.runners.model.FrameworkMethod$1.runReflectiveCall(FrameworkMethod.java:59)
	at org.junit.internal.runners.model.ReflectiveCallable.run(ReflectiveCallable.java:12)
	at org.junit.runners.model.FrameworkMethod.invokeExplosively(FrameworkMethod.java:56)
	at org.junit.internal.runners.statements.InvokeMethod.evaluate(InvokeMethod.java:17)
	at org.junit.internal.runners.statements.RunAfters.evaluate(RunAfters.java:27)
	at org.junit.internal.runners.statements.FailOnTimeout$CallableStatement.call(FailOnTimeout.java:288)
	at org.junit.internal.runners.statements.FailOnTimeout$CallableStatement.call(FailOnTimeout.java:282)
	at java.util.concurrent.FutureTask.run(FutureTask.java:266)
	at java.lang.Thread.run(Thread.java:750)
08:38:45.845 [IPC Server handler 1 on default port 43231] ERROR OMAudit - user=runner | ip=127.0.0.1 | op=GET_FILE_STATUS {volume=volume27327, bucket=bucket40120, key=gdir1/dir3, dataSize=0, replicationConfig=null} | ret=FAILURE
org.apache.hadoop.ozone.om.exceptions.OMException: Unable to get file status: volume: volume27327 bucket: bucket40120 key: gdir1/dir3
	at org.apache.hadoop.ozone.om.KeyManagerImpl.getOzoneFileStatus(KeyManagerImpl.java:1270) ~[ozone-manager-1.3.0-SNAPSHOT.jar:?]
	at org.apache.hadoop.ozone.om.KeyManagerImpl.getFileStatus(KeyManagerImpl.java:1200) ~[ozone-manager-1.3.0-SNAPSHOT.jar:?]
	at org.apache.hadoop.ozone.om.OzoneManager.getFileStatus(OzoneManager.java:3507) ~[ozone-manager-1.3.0-SNAPSHOT.jar:?]
	at org.apache.hadoop.ozone.protocolPB.OzoneManagerRequestHandler.getOzoneFileStatus(OzoneManagerRequestHandler.java:882) ~[ozone-manager-1.3.0-SNAPSHOT.jar:?]
	at org.apache.hadoop.ozone.protocolPB.OzoneManagerRequestHandler.handleReadRequest(OzoneManagerRequestHandler.java:228) ~[ozone-manager-1.3.0-SNAPSHOT.jar:?]
	at org.apache.hadoop.ozone.protocolPB.OzoneManagerProtocolServerSideTranslatorPB.submitRequestDirectlyToOM(OzoneManagerProtocolServerSideTranslatorPB.java:276) ~[ozone-manager-1.3.0-SNAPSHOT.jar:?]
	at org.apache.hadoop.ozone.protocolPB.OzoneManagerProtocolServerSideTranslatorPB.processRequest(OzoneManagerProtocolServerSideTranslatorPB.java:205) ~[ozone-manager-1.3.0-SNAPSHOT.jar:?]
	at org.apache.hadoop.hdds.server.OzoneProtocolMessageDispatcher.processRequest(OzoneProtocolMessageDispatcher.java:87) [hdds-server-framework-1.3.0-SNAPSHOT.jar:?]
	at org.apache.hadoop.ozone.protocolPB.OzoneManagerProtocolServerSideTranslatorPB.submitRequest(OzoneManagerProtocolServerSideTranslatorPB.java:147) [ozone-manager-1.3.0-SNAPSHOT.jar:?]
	at org.apache.hadoop.ozone.protocol.proto.OzoneManagerProtocolProtos$OzoneManagerService$2.callBlockingMethod(OzoneManagerProtocolProtos.java) [ozone-interface-client-1.3.0-SNAPSHOT.jar:?]
	at org.apache.hadoop.ipc.ProtobufRpcEngine$Server.processCall(ProtobufRpcEngine.java:466) [hadoop-common-3.3.1.jar:?]
	at org.apache.hadoop.ipc.ProtobufRpcEngine2$Server$ProtoBufRpcInvoker.call(ProtobufRpcEngine2.java:574) [hadoop-common-3.3.1.jar:?]
	at org.apache.hadoop.ipc.ProtobufRpcEngine2$Server$ProtoBufRpcInvoker.call(ProtobufRpcEngine2.java:552) [hadoop-common-3.3.1.jar:?]
	at org.apache.hadoop.ipc.RPC$Server.call(RPC.java:1093) [hadoop-common-3.3.1.jar:?]
	at org.apache.hadoop.ipc.Server$RpcCall.run(Server.java:1035) [hadoop-common-3.3.1.jar:?]
	at org.apache.hadoop.ipc.Server$RpcCall.run(Server.java:963) [hadoop-common-3.3.1.jar:?]
	at java.security.AccessController.doPrivileged(Native Method) ~[?:1.8.0_345]
	at javax.security.auth.Subject.doAs(Subject.java:422) [?:1.8.0_345]
	at org.apache.hadoop.security.UserGroupInformation.doAs(UserGroupInformation.java:1878) [hadoop-common-3.3.1.jar:?]
	at org.apache.hadoop.ipc.Server$Handler.run(Server.java:2966) [hadoop-common-3.3.1.jar:?]
2022-10-10 08:38:45,847 [Time-limited test] WARN  ozone.BasicOzoneFileSystem (BasicOzoneFileSystem.java:getFileStatus(765)) - GetFileStatus failed for path /gdir1/dir3
java.io.FileNotFoundException: gdir1/dir3: No such file or directory!
	at org.apache.hadoop.fs.ozone.BasicOzoneClientAdapterImpl.getFileStatus(BasicOzoneClientAdapterImpl.java:369)
	at org.apache.hadoop.fs.ozone.BasicOzoneFileSystem.getFileStatus(BasicOzoneFileSystem.java:757)
	at org.apache.hadoop.fs.ozone.TestOzoneFileSystem.checkPath(TestOzoneFileSystem.java:502)
	at org.apache.hadoop.fs.ozone.TestOzoneFileSystem.testRecursiveDelete(TestOzoneFileSystem.java:457)
	at sun.reflect.NativeMethodAccessorImpl.invoke0(Native Method)
	at sun.reflect.NativeMethodAccessorImpl.invoke(NativeMethodAccessorImpl.java:62)
	at sun.reflect.DelegatingMethodAccessorImpl.invoke(DelegatingMethodAccessorImpl.java:43)
	at java.lang.reflect.Method.invoke(Method.java:498)
	at org.junit.runners.model.FrameworkMethod$1.runReflectiveCall(FrameworkMethod.java:59)
	at org.junit.internal.runners.model.ReflectiveCallable.run(ReflectiveCallable.java:12)
	at org.junit.runners.model.FrameworkMethod.invokeExplosively(FrameworkMethod.java:56)
	at org.junit.internal.runners.statements.InvokeMethod.evaluate(InvokeMethod.java:17)
	at org.junit.internal.runners.statements.RunAfters.evaluate(RunAfters.java:27)
	at org.junit.internal.runners.statements.FailOnTimeout$CallableStatement.call(FailOnTimeout.java:288)
	at org.junit.internal.runners.statements.FailOnTimeout$CallableStatement.call(FailOnTimeout.java:282)
	at java.util.concurrent.FutureTask.run(FutureTask.java:266)
	at java.lang.Thread.run(Thread.java:750)
08:38:45.847 [IPC Server handler 2 on default port 43231] ERROR OMAudit - user=runner | ip=127.0.0.1 | op=GET_FILE_STATUS {volume=volume27327, bucket=bucket40120, key=gdir1/dir3/child, dataSize=0, replicationConfig=null} | ret=FAILURE
org.apache.hadoop.ozone.om.exceptions.OMException: Unable to get file status: volume: volume27327 bucket: bucket40120 key: gdir1/dir3/child
	at org.apache.hadoop.ozone.om.KeyManagerImpl.getOzoneFileStatus(KeyManagerImpl.java:1270) ~[ozone-manager-1.3.0-SNAPSHOT.jar:?]
	at org.apache.hadoop.ozone.om.KeyManagerImpl.getFileStatus(KeyManagerImpl.java:1200) ~[ozone-manager-1.3.0-SNAPSHOT.jar:?]
	at org.apache.hadoop.ozone.om.OzoneManager.getFileStatus(OzoneManager.java:3507) ~[ozone-manager-1.3.0-SNAPSHOT.jar:?]
	at org.apache.hadoop.ozone.protocolPB.OzoneManagerRequestHandler.getOzoneFileStatus(OzoneManagerRequestHandler.java:882) ~[ozone-manager-1.3.0-SNAPSHOT.jar:?]
	at org.apache.hadoop.ozone.protocolPB.OzoneManagerRequestHandler.handleReadRequest(OzoneManagerRequestHandler.java:228) ~[ozone-manager-1.3.0-SNAPSHOT.jar:?]
	at org.apache.hadoop.ozone.protocolPB.OzoneManagerProtocolServerSideTranslatorPB.submitRequestDirectlyToOM(OzoneManagerProtocolServerSideTranslatorPB.java:276) ~[ozone-manager-1.3.0-SNAPSHOT.jar:?]
	at org.apache.hadoop.ozone.protocolPB.OzoneManagerProtocolServerSideTranslatorPB.processRequest(OzoneManagerProtocolServerSideTranslatorPB.java:205) ~[ozone-manager-1.3.0-SNAPSHOT.jar:?]
	at org.apache.hadoop.hdds.server.OzoneProtocolMessageDispatcher.processRequest(OzoneProtocolMessageDispatcher.java:87) [hdds-server-framework-1.3.0-SNAPSHOT.jar:?]
	at org.apache.hadoop.ozone.protocolPB.OzoneManagerProtocolServerSideTranslatorPB.submitRequest(OzoneManagerProtocolServerSideTranslatorPB.java:147) [ozone-manager-1.3.0-SNAPSHOT.jar:?]
	at org.apache.hadoop.ozone.protocol.proto.OzoneManagerProtocolProtos$OzoneManagerService$2.callBlockingMethod(OzoneManagerProtocolProtos.java) [ozone-interface-client-1.3.0-SNAPSHOT.jar:?]
	at org.apache.hadoop.ipc.ProtobufRpcEngine$Server.processCall(ProtobufRpcEngine.java:466) [hadoop-common-3.3.1.jar:?]
	at org.apache.hadoop.ipc.ProtobufRpcEngine2$Server$ProtoBufRpcInvoker.call(ProtobufRpcEngine2.java:574) [hadoop-common-3.3.1.jar:?]
	at org.apache.hadoop.ipc.ProtobufRpcEngine2$Server$ProtoBufRpcInvoker.call(ProtobufRpcEngine2.java:552) [hadoop-common-3.3.1.jar:?]
	at org.apache.hadoop.ipc.RPC$Server.call(RPC.java:1093) [hadoop-common-3.3.1.jar:?]
	at org.apache.hadoop.ipc.Server$RpcCall.run(Server.java:1035) [hadoop-common-3.3.1.jar:?]
	at org.apache.hadoop.ipc.Server$RpcCall.run(Server.java:963) [hadoop-common-3.3.1.jar:?]
	at java.security.AccessController.doPrivileged(Native Method) ~[?:1.8.0_345]
	at javax.security.auth.Subject.doAs(Subject.java:422) [?:1.8.0_345]
	at org.apache.hadoop.security.UserGroupInformation.doAs(UserGroupInformation.java:1878) [hadoop-common-3.3.1.jar:?]
	at org.apache.hadoop.ipc.Server$Handler.run(Server.java:2966) [hadoop-common-3.3.1.jar:?]
2022-10-10 08:38:45,848 [Time-limited test] WARN  ozone.BasicOzoneFileSystem (BasicOzoneFileSystem.java:getFileStatus(765)) - GetFileStatus failed for path /gdir1/dir3/child
java.io.FileNotFoundException: gdir1/dir3/child: No such file or directory!
	at org.apache.hadoop.fs.ozone.BasicOzoneClientAdapterImpl.getFileStatus(BasicOzoneClientAdapterImpl.java:369)
	at org.apache.hadoop.fs.ozone.BasicOzoneFileSystem.getFileStatus(BasicOzoneFileSystem.java:757)
	at org.apache.hadoop.fs.ozone.TestOzoneFileSystem.checkPath(TestOzoneFileSystem.java:502)
	at org.apache.hadoop.fs.ozone.TestOzoneFileSystem.testRecursiveDelete(TestOzoneFileSystem.java:458)
	at sun.reflect.NativeMethodAccessorImpl.invoke0(Native Method)
	at sun.reflect.NativeMethodAccessorImpl.invoke(NativeMethodAccessorImpl.java:62)
	at sun.reflect.DelegatingMethodAccessorImpl.invoke(DelegatingMethodAccessorImpl.java:43)
	at java.lang.reflect.Method.invoke(Method.java:498)
	at org.junit.runners.model.FrameworkMethod$1.runReflectiveCall(FrameworkMethod.java:59)
	at org.junit.internal.runners.model.ReflectiveCallable.run(ReflectiveCallable.java:12)
	at org.junit.runners.model.FrameworkMethod.invokeExplosively(FrameworkMethod.java:56)
	at org.junit.internal.runners.statements.InvokeMethod.evaluate(InvokeMethod.java:17)
	at org.junit.internal.runners.statements.RunAfters.evaluate(RunAfters.java:27)
	at org.junit.internal.runners.statements.FailOnTimeout$CallableStatement.call(FailOnTimeout.java:288)
	at org.junit.internal.runners.statements.FailOnTimeout$CallableStatement.call(FailOnTimeout.java:282)
	at java.util.concurrent.FutureTask.run(FutureTask.java:266)
	at java.lang.Thread.run(Thread.java:750)
08:38:45.849 [IPC Server handler 5 on default port 43231] ERROR OMAudit - user=runner | ip=127.0.0.1 | op=GET_FILE_STATUS {volume=volume27327, bucket=bucket40120, key=gdir1/dir4, dataSize=0, replicationConfig=null} | ret=FAILURE
org.apache.hadoop.ozone.om.exceptions.OMException: Unable to get file status: volume: volume27327 bucket: bucket40120 key: gdir1/dir4
	at org.apache.hadoop.ozone.om.KeyManagerImpl.getOzoneFileStatus(KeyManagerImpl.java:1270) ~[ozone-manager-1.3.0-SNAPSHOT.jar:?]
	at org.apache.hadoop.ozone.om.KeyManagerImpl.getFileStatus(KeyManagerImpl.java:1200) ~[ozone-manager-1.3.0-SNAPSHOT.jar:?]
	at org.apache.hadoop.ozone.om.OzoneManager.getFileStatus(OzoneManager.java:3507) ~[ozone-manager-1.3.0-SNAPSHOT.jar:?]
	at org.apache.hadoop.ozone.protocolPB.OzoneManagerRequestHandler.getOzoneFileStatus(OzoneManagerRequestHandler.java:882) ~[ozone-manager-1.3.0-SNAPSHOT.jar:?]
	at org.apache.hadoop.ozone.protocolPB.OzoneManagerRequestHandler.handleReadRequest(OzoneManagerRequestHandler.java:228) ~[ozone-manager-1.3.0-SNAPSHOT.jar:?]
	at org.apache.hadoop.ozone.protocolPB.OzoneManagerProtocolServerSideTranslatorPB.submitRequestDirectlyToOM(OzoneManagerProtocolServerSideTranslatorPB.java:276) ~[ozone-manager-1.3.0-SNAPSHOT.jar:?]
	at org.apache.hadoop.ozone.protocolPB.OzoneManagerProtocolServerSideTranslatorPB.processRequest(OzoneManagerProtocolServerSideTranslatorPB.java:205) ~[ozone-manager-1.3.0-SNAPSHOT.jar:?]
	at org.apache.hadoop.hdds.server.OzoneProtocolMessageDispatcher.processRequest(OzoneProtocolMessageDispatcher.java:87) [hdds-server-framework-1.3.0-SNAPSHOT.jar:?]
	at org.apache.hadoop.ozone.protocolPB.OzoneManagerProtocolServerSideTranslatorPB.submitRequest(OzoneManagerProtocolServerSideTranslatorPB.java:147) [ozone-manager-1.3.0-SNAPSHOT.jar:?]
	at org.apache.hadoop.ozone.protocol.proto.OzoneManagerProtocolProtos$OzoneManagerService$2.callBlockingMethod(OzoneManagerProtocolProtos.java) [ozone-interface-client-1.3.0-SNAPSHOT.jar:?]
	at org.apache.hadoop.ipc.ProtobufRpcEngine$Server.processCall(ProtobufRpcEngine.java:466) [hadoop-common-3.3.1.jar:?]
	at org.apache.hadoop.ipc.ProtobufRpcEngine2$Server$ProtoBufRpcInvoker.call(ProtobufRpcEngine2.java:574) [hadoop-common-3.3.1.jar:?]
	at org.apache.hadoop.ipc.ProtobufRpcEngine2$Server$ProtoBufRpcInvoker.call(ProtobufRpcEngine2.java:552) [hadoop-common-3.3.1.jar:?]
	at org.apache.hadoop.ipc.RPC$Server.call(RPC.java:1093) [hadoop-common-3.3.1.jar:?]
	at org.apache.hadoop.ipc.Server$RpcCall.run(Server.java:1035) [hadoop-common-3.3.1.jar:?]
	at org.apache.hadoop.ipc.Server$RpcCall.run(Server.java:963) [hadoop-common-3.3.1.jar:?]
	at java.security.AccessController.doPrivileged(Native Method) ~[?:1.8.0_345]
	at javax.security.auth.Subject.doAs(Subject.java:422) [?:1.8.0_345]
	at org.apache.hadoop.security.UserGroupInformation.doAs(UserGroupInformation.java:1878) [hadoop-common-3.3.1.jar:?]
	at org.apache.hadoop.ipc.Server$Handler.run(Server.java:2966) [hadoop-common-3.3.1.jar:?]
2022-10-10 08:38:45,849 [Time-limited test] WARN  ozone.BasicOzoneFileSystem (BasicOzoneFileSystem.java:getFileStatus(765)) - GetFileStatus failed for path /gdir1/dir4
java.io.FileNotFoundException: gdir1/dir4: No such file or directory!
	at org.apache.hadoop.fs.ozone.BasicOzoneClientAdapterImpl.getFileStatus(BasicOzoneClientAdapterImpl.java:369)
	at org.apache.hadoop.fs.ozone.BasicOzoneFileSystem.getFileStatus(BasicOzoneFileSystem.java:757)
	at org.apache.hadoop.fs.ozone.TestOzoneFileSystem.checkPath(TestOzoneFileSystem.java:502)
	at org.apache.hadoop.fs.ozone.TestOzoneFileSystem.testRecursiveDelete(TestOzoneFileSystem.java:457)
	at sun.reflect.NativeMethodAccessorImpl.invoke0(Native Method)
	at sun.reflect.NativeMethodAccessorImpl.invoke(NativeMethodAccessorImpl.java:62)
	at sun.reflect.DelegatingMethodAccessorImpl.invoke(DelegatingMethodAccessorImpl.java:43)
	at java.lang.reflect.Method.invoke(Method.java:498)
	at org.junit.runners.model.FrameworkMethod$1.runReflectiveCall(FrameworkMethod.java:59)
	at org.junit.internal.runners.model.ReflectiveCallable.run(ReflectiveCallable.java:12)
	at org.junit.runners.model.FrameworkMethod.invokeExplosively(FrameworkMethod.java:56)
	at org.junit.internal.runners.statements.InvokeMethod.evaluate(InvokeMethod.java:17)
	at org.junit.internal.runners.statements.RunAfters.evaluate(RunAfters.java:27)
	at org.junit.internal.runners.statements.FailOnTimeout$CallableStatement.call(FailOnTimeout.java:288)
	at org.junit.internal.runners.statements.FailOnTimeout$CallableStatement.call(FailOnTimeout.java:282)
	at java.util.concurrent.FutureTask.run(FutureTask.java:266)
	at java.lang.Thread.run(Thread.java:750)
08:38:45.857 [IPC Server handler 4 on default port 43231] ERROR OMAudit - user=runner | ip=127.0.0.1 | op=GET_FILE_STATUS {volume=volume27327, bucket=bucket40120, key=gdir1/dir4/child, dataSize=0, replicationConfig=null} | ret=FAILURE
org.apache.hadoop.ozone.om.exceptions.OMException: Unable to get file status: volume: volume27327 bucket: bucket40120 key: gdir1/dir4/child
	at org.apache.hadoop.ozone.om.KeyManagerImpl.getOzoneFileStatus(KeyManagerImpl.java:1270) ~[ozone-manager-1.3.0-SNAPSHOT.jar:?]
	at org.apache.hadoop.ozone.om.KeyManagerImpl.getFileStatus(KeyManagerImpl.java:1200) ~[ozone-manager-1.3.0-SNAPSHOT.jar:?]
	at org.apache.hadoop.ozone.om.OzoneManager.getFileStatus(OzoneManager.java:3507) ~[ozone-manager-1.3.0-SNAPSHOT.jar:?]
	at org.apache.hadoop.ozone.protocolPB.OzoneManagerRequestHandler.getOzoneFileStatus(OzoneManagerRequestHandler.java:882) ~[ozone-manager-1.3.0-SNAPSHOT.jar:?]
	at org.apache.hadoop.ozone.protocolPB.OzoneManagerRequestHandler.handleReadRequest(OzoneManagerRequestHandler.java:228) ~[ozone-manager-1.3.0-SNAPSHOT.jar:?]
	at org.apache.hadoop.ozone.protocolPB.OzoneManagerProtocolServerSideTranslatorPB.submitRequestDirectlyToOM(OzoneManagerProtocolServerSideTranslatorPB.java:276) ~[ozone-manager-1.3.0-SNAPSHOT.jar:?]
	at org.apache.hadoop.ozone.protocolPB.OzoneManagerProtocolServerSideTranslatorPB.processRequest(OzoneManagerProtocolServerSideTranslatorPB.java:205) ~[ozone-manager-1.3.0-SNAPSHOT.jar:?]
	at org.apache.hadoop.hdds.server.OzoneProtocolMessageDispatcher.processRequest(OzoneProtocolMessageDispatcher.java:87) [hdds-server-framework-1.3.0-SNAPSHOT.jar:?]
	at org.apache.hadoop.ozone.protocolPB.OzoneManagerProtocolServerSideTranslatorPB.submitRequest(OzoneManagerProtocolServerSideTranslatorPB.java:147) [ozone-manager-1.3.0-SNAPSHOT.jar:?]
	at org.apache.hadoop.ozone.protocol.proto.OzoneManagerProtocolProtos$OzoneManagerService$2.callBlockingMethod(OzoneManagerProtocolProtos.java) [ozone-interface-client-1.3.0-SNAPSHOT.jar:?]
	at org.apache.hadoop.ipc.ProtobufRpcEngine$Server.processCall(ProtobufRpcEngine.java:466) [hadoop-common-3.3.1.jar:?]
	at org.apache.hadoop.ipc.ProtobufRpcEngine2$Server$ProtoBufRpcInvoker.call(ProtobufRpcEngine2.java:574) [hadoop-common-3.3.1.jar:?]
	at org.apache.hadoop.ipc.ProtobufRpcEngine2$Server$ProtoBufRpcInvoker.call(ProtobufRpcEngine2.java:552) [hadoop-common-3.3.1.jar:?]
	at org.apache.hadoop.ipc.RPC$Server.call(RPC.java:1093) [hadoop-common-3.3.1.jar:?]
	at org.apache.hadoop.ipc.Server$RpcCall.run(Server.java:1035) [hadoop-common-3.3.1.jar:?]
	at org.apache.hadoop.ipc.Server$RpcCall.run(Server.java:963) [hadoop-common-3.3.1.jar:?]
	at java.security.AccessController.doPrivileged(Native Method) ~[?:1.8.0_345]
	at javax.security.auth.Subject.doAs(Subject.java:422) [?:1.8.0_345]
	at org.apache.hadoop.security.UserGroupInformation.doAs(UserGroupInformation.java:1878) [hadoop-common-3.3.1.jar:?]
	at org.apache.hadoop.ipc.Server$Handler.run(Server.java:2966) [hadoop-common-3.3.1.jar:?]
2022-10-10 08:38:45,858 [Time-limited test] WARN  ozone.BasicOzoneFileSystem (BasicOzoneFileSystem.java:getFileStatus(765)) - GetFileStatus failed for path /gdir1/dir4/child
java.io.FileNotFoundException: gdir1/dir4/child: No such file or directory!
	at org.apache.hadoop.fs.ozone.BasicOzoneClientAdapterImpl.getFileStatus(BasicOzoneClientAdapterImpl.java:369)
	at org.apache.hadoop.fs.ozone.BasicOzoneFileSystem.getFileStatus(BasicOzoneFileSystem.java:757)
	at org.apache.hadoop.fs.ozone.TestOzoneFileSystem.checkPath(TestOzoneFileSystem.java:502)
	at org.apache.hadoop.fs.ozone.TestOzoneFileSystem.testRecursiveDelete(TestOzoneFileSystem.java:458)
	at sun.reflect.NativeMethodAccessorImpl.invoke0(Native Method)
	at sun.reflect.NativeMethodAccessorImpl.invoke(NativeMethodAccessorImpl.java:62)
	at sun.reflect.DelegatingMethodAccessorImpl.invoke(DelegatingMethodAccessorImpl.java:43)
	at java.lang.reflect.Method.invoke(Method.java:498)
	at org.junit.runners.model.FrameworkMethod$1.runReflectiveCall(FrameworkMethod.java:59)
	at org.junit.internal.runners.model.ReflectiveCallable.run(ReflectiveCallable.java:12)
	at org.junit.runners.model.FrameworkMethod.invokeExplosively(FrameworkMethod.java:56)
	at org.junit.internal.runners.statements.InvokeMethod.evaluate(InvokeMethod.java:17)
	at org.junit.internal.runners.statements.RunAfters.evaluate(RunAfters.java:27)
	at org.junit.internal.runners.statements.FailOnTimeout$CallableStatement.call(FailOnTimeout.java:288)
	at org.junit.internal.runners.statements.FailOnTimeout$CallableStatement.call(FailOnTimeout.java:282)
	at java.util.concurrent.FutureTask.run(FutureTask.java:266)
	at java.lang.Thread.run(Thread.java:750)
08:38:45.859 [IPC Server handler 6 on default port 43231] ERROR OMAudit - user=runner | ip=127.0.0.1 | op=GET_FILE_STATUS {volume=volume27327, bucket=bucket40120, key=gdir1/dir5, dataSize=0, replicationConfig=null} | ret=FAILURE
org.apache.hadoop.ozone.om.exceptions.OMException: Unable to get file status: volume: volume27327 bucket: bucket40120 key: gdir1/dir5
	at org.apache.hadoop.ozone.om.KeyManagerImpl.getOzoneFileStatus(KeyManagerImpl.java:1270) ~[ozone-manager-1.3.0-SNAPSHOT.jar:?]
	at org.apache.hadoop.ozone.om.KeyManagerImpl.getFileStatus(KeyManagerImpl.java:1200) ~[ozone-manager-1.3.0-SNAPSHOT.jar:?]
	at org.apache.hadoop.ozone.om.OzoneManager.getFileStatus(OzoneManager.java:3507) ~[ozone-manager-1.3.0-SNAPSHOT.jar:?]
	at org.apache.hadoop.ozone.protocolPB.OzoneManagerRequestHandler.getOzoneFileStatus(OzoneManagerRequestHandler.java:882) ~[ozone-manager-1.3.0-SNAPSHOT.jar:?]
	at org.apache.hadoop.ozone.protocolPB.OzoneManagerRequestHandler.handleReadRequest(OzoneManagerRequestHandler.java:228) ~[ozone-manager-1.3.0-SNAPSHOT.jar:?]
	at org.apache.hadoop.ozone.protocolPB.OzoneManagerProtocolServerSideTranslatorPB.submitRequestDirectlyToOM(OzoneManagerProtocolServerSideTranslatorPB.java:276) ~[ozone-manager-1.3.0-SNAPSHOT.jar:?]
	at org.apache.hadoop.ozone.protocolPB.OzoneManagerProtocolServerSideTranslatorPB.processRequest(OzoneManagerProtocolServerSideTranslatorPB.java:205) ~[ozone-manager-1.3.0-SNAPSHOT.jar:?]
	at org.apache.hadoop.hdds.server.OzoneProtocolMessageDispatcher.processRequest(OzoneProtocolMessageDispatcher.java:87) [hdds-server-framework-1.3.0-SNAPSHOT.jar:?]
	at org.apache.hadoop.ozone.protocolPB.OzoneManagerProtocolServerSideTranslatorPB.submitRequest(OzoneManagerProtocolServerSideTranslatorPB.java:147) [ozone-manager-1.3.0-SNAPSHOT.jar:?]
	at org.apache.hadoop.ozone.protocol.proto.OzoneManagerProtocolProtos$OzoneManagerService$2.callBlockingMethod(OzoneManagerProtocolProtos.java) [ozone-interface-client-1.3.0-SNAPSHOT.jar:?]
	at org.apache.hadoop.ipc.ProtobufRpcEngine$Server.processCall(ProtobufRpcEngine.java:466) [hadoop-common-3.3.1.jar:?]
	at org.apache.hadoop.ipc.ProtobufRpcEngine2$Server$ProtoBufRpcInvoker.call(ProtobufRpcEngine2.java:574) [hadoop-common-3.3.1.jar:?]
	at org.apache.hadoop.ipc.ProtobufRpcEngine2$Server$ProtoBufRpcInvoker.call(ProtobufRpcEngine2.java:552) [hadoop-common-3.3.1.jar:?]
	at org.apache.hadoop.ipc.RPC$Server.call(RPC.java:1093) [hadoop-common-3.3.1.jar:?]
	at org.apache.hadoop.ipc.Server$RpcCall.run(Server.java:1035) [hadoop-common-3.3.1.jar:?]
	at org.apache.hadoop.ipc.Server$RpcCall.run(Server.java:963) [hadoop-common-3.3.1.jar:?]
	at java.security.AccessController.doPrivileged(Native Method) ~[?:1.8.0_345]
	at javax.security.auth.Subject.doAs(Subject.java:422) [?:1.8.0_345]
	at org.apache.hadoop.security.UserGroupInformation.doAs(UserGroupInformation.java:1878) [hadoop-common-3.3.1.jar:?]
	at org.apache.hadoop.ipc.Server$Handler.run(Server.java:2966) [hadoop-common-3.3.1.jar:?]
2022-10-10 08:38:45,859 [Time-limited test] WARN  ozone.BasicOzoneFileSystem (BasicOzoneFileSystem.java:getFileStatus(765)) - GetFileStatus failed for path /gdir1/dir5
java.io.FileNotFoundException: gdir1/dir5: No such file or directory!
	at org.apache.hadoop.fs.ozone.BasicOzoneClientAdapterImpl.getFileStatus(BasicOzoneClientAdapterImpl.java:369)
	at org.apache.hadoop.fs.ozone.BasicOzoneFileSystem.getFileStatus(BasicOzoneFileSystem.java:757)
	at org.apache.hadoop.fs.ozone.TestOzoneFileSystem.checkPath(TestOzoneFileSystem.java:502)
	at org.apache.hadoop.fs.ozone.TestOzoneFileSystem.testRecursiveDelete(TestOzoneFileSystem.java:457)
	at sun.reflect.NativeMethodAccessorImpl.invoke0(Native Method)
	at sun.reflect.NativeMethodAccessorImpl.invoke(NativeMethodAccessorImpl.java:62)
	at sun.reflect.DelegatingMethodAccessorImpl.invoke(DelegatingMethodAccessorImpl.java:43)
	at java.lang.reflect.Method.invoke(Method.java:498)
	at org.junit.runners.model.FrameworkMethod$1.runReflectiveCall(FrameworkMethod.java:59)
	at org.junit.internal.runners.model.ReflectiveCallable.run(ReflectiveCallable.java:12)
	at org.junit.runners.model.FrameworkMethod.invokeExplosively(FrameworkMethod.java:56)
	at org.junit.internal.runners.statements.InvokeMethod.evaluate(InvokeMethod.java:17)
	at org.junit.internal.runners.statements.RunAfters.evaluate(RunAfters.java:27)
	at org.junit.internal.runners.statements.FailOnTimeout$CallableStatement.call(FailOnTimeout.java:288)
	at org.junit.internal.runners.statements.FailOnTimeout$CallableStatement.call(FailOnTimeout.java:282)
	at java.util.concurrent.FutureTask.run(FutureTask.java:266)
	at java.lang.Thread.run(Thread.java:750)
08:38:45.865 [IPC Server handler 7 on default port 43231] ERROR OMAudit - user=runner | ip=127.0.0.1 | op=GET_FILE_STATUS {volume=volume27327, bucket=bucket40120, key=gdir1/dir5/child, dataSize=0, replicationConfig=null} | ret=FAILURE
org.apache.hadoop.ozone.om.exceptions.OMException: Unable to get file status: volume: volume27327 bucket: bucket40120 key: gdir1/dir5/child
	at org.apache.hadoop.ozone.om.KeyManagerImpl.getOzoneFileStatus(KeyManagerImpl.java:1270) ~[ozone-manager-1.3.0-SNAPSHOT.jar:?]
	at org.apache.hadoop.ozone.om.KeyManagerImpl.getFileStatus(KeyManagerImpl.java:1200) ~[ozone-manager-1.3.0-SNAPSHOT.jar:?]
	at org.apache.hadoop.ozone.om.OzoneManager.getFileStatus(OzoneManager.java:3507) ~[ozone-manager-1.3.0-SNAPSHOT.jar:?]
	at org.apache.hadoop.ozone.protocolPB.OzoneManagerRequestHandler.getOzoneFileStatus(OzoneManagerRequestHandler.java:882) ~[ozone-manager-1.3.0-SNAPSHOT.jar:?]
	at org.apache.hadoop.ozone.protocolPB.OzoneManagerRequestHandler.handleReadRequest(OzoneManagerRequestHandler.java:228) ~[ozone-manager-1.3.0-SNAPSHOT.jar:?]
	at org.apache.hadoop.ozone.protocolPB.OzoneManagerProtocolServerSideTranslatorPB.submitRequestDirectlyToOM(OzoneManagerProtocolServerSideTranslatorPB.java:276) ~[ozone-manager-1.3.0-SNAPSHOT.jar:?]
	at org.apache.hadoop.ozone.protocolPB.OzoneManagerProtocolServerSideTranslatorPB.processRequest(OzoneManagerProtocolServerSideTranslatorPB.java:205) ~[ozone-manager-1.3.0-SNAPSHOT.jar:?]
	at org.apache.hadoop.hdds.server.OzoneProtocolMessageDispatcher.processRequest(OzoneProtocolMessageDispatcher.java:87) [hdds-server-framework-1.3.0-SNAPSHOT.jar:?]
	at org.apache.hadoop.ozone.protocolPB.OzoneManagerProtocolServerSideTranslatorPB.submitRequest(OzoneManagerProtocolServerSideTranslatorPB.java:147) [ozone-manager-1.3.0-SNAPSHOT.jar:?]
	at org.apache.hadoop.ozone.protocol.proto.OzoneManagerProtocolProtos$OzoneManagerService$2.callBlockingMethod(OzoneManagerProtocolProtos.java) [ozone-interface-client-1.3.0-SNAPSHOT.jar:?]
	at org.apache.hadoop.ipc.ProtobufRpcEngine$Server.processCall(ProtobufRpcEngine.java:466) [hadoop-common-3.3.1.jar:?]
	at org.apache.hadoop.ipc.ProtobufRpcEngine2$Server$ProtoBufRpcInvoker.call(ProtobufRpcEngine2.java:574) [hadoop-common-3.3.1.jar:?]
	at org.apache.hadoop.ipc.ProtobufRpcEngine2$Server$ProtoBufRpcInvoker.call(ProtobufRpcEngine2.java:552) [hadoop-common-3.3.1.jar:?]
	at org.apache.hadoop.ipc.RPC$Server.call(RPC.java:1093) [hadoop-common-3.3.1.jar:?]
	at org.apache.hadoop.ipc.Server$RpcCall.run(Server.java:1035) [hadoop-common-3.3.1.jar:?]
	at org.apache.hadoop.ipc.Server$RpcCall.run(Server.java:963) [hadoop-common-3.3.1.jar:?]
	at java.security.AccessController.doPrivileged(Native Method) ~[?:1.8.0_345]
	at javax.security.auth.Subject.doAs(Subject.java:422) [?:1.8.0_345]
	at org.apache.hadoop.security.UserGroupInformation.doAs(UserGroupInformation.java:1878) [hadoop-common-3.3.1.jar:?]
	at org.apache.hadoop.ipc.Server$Handler.run(Server.java:2966) [hadoop-common-3.3.1.jar:?]
2022-10-10 08:38:45,867 [Time-limited test] WARN  ozone.BasicOzoneFileSystem (BasicOzoneFileSystem.java:getFileStatus(765)) - GetFileStatus failed for path /gdir1/dir5/child
java.io.FileNotFoundException: gdir1/dir5/child: No such file or directory!
	at org.apache.hadoop.fs.ozone.BasicOzoneClientAdapterImpl.getFileStatus(BasicOzoneClientAdapterImpl.java:369)
	at org.apache.hadoop.fs.ozone.BasicOzoneFileSystem.getFileStatus(BasicOzoneFileSystem.java:757)
	at org.apache.hadoop.fs.ozone.TestOzoneFileSystem.checkPath(TestOzoneFileSystem.java:502)
	at org.apache.hadoop.fs.ozone.TestOzoneFileSystem.testRecursiveDelete(TestOzoneFileSystem.java:458)
	at sun.reflect.NativeMethodAccessorImpl.invoke0(Native Method)
	at sun.reflect.NativeMethodAccessorImpl.invoke(NativeMethodAccessorImpl.java:62)
	at sun.reflect.DelegatingMethodAccessorImpl.invoke(DelegatingMethodAccessorImpl.java:43)
	at java.lang.reflect.Method.invoke(Method.java:498)
	at org.junit.runners.model.FrameworkMethod$1.runReflectiveCall(FrameworkMethod.java:59)
	at org.junit.internal.runners.model.ReflectiveCallable.run(ReflectiveCallable.java:12)
	at org.junit.runners.model.FrameworkMethod.invokeExplosively(FrameworkMethod.java:56)
	at org.junit.internal.runners.statements.InvokeMethod.evaluate(InvokeMethod.java:17)
	at org.junit.internal.runners.statements.RunAfters.evaluate(RunAfters.java:27)
	at org.junit.internal.runners.statements.FailOnTimeout$CallableStatement.call(FailOnTimeout.java:288)
	at org.junit.internal.runners.statements.FailOnTimeout$CallableStatement.call(FailOnTimeout.java:282)
	at java.util.concurrent.FutureTask.run(FutureTask.java:266)
	at java.lang.Thread.run(Thread.java:750)
08:38:45.868 [IPC Server handler 3 on default port 43231] ERROR OMAudit - user=runner | ip=127.0.0.1 | op=GET_FILE_STATUS {volume=volume27327, bucket=bucket40120, key=gdir1/dir6, dataSize=0, replicationConfig=null} | ret=FAILURE
org.apache.hadoop.ozone.om.exceptions.OMException: Unable to get file status: volume: volume27327 bucket: bucket40120 key: gdir1/dir6
	at org.apache.hadoop.ozone.om.KeyManagerImpl.getOzoneFileStatus(KeyManagerImpl.java:1270) ~[ozone-manager-1.3.0-SNAPSHOT.jar:?]
	at org.apache.hadoop.ozone.om.KeyManagerImpl.getFileStatus(KeyManagerImpl.java:1200) ~[ozone-manager-1.3.0-SNAPSHOT.jar:?]
	at org.apache.hadoop.ozone.om.OzoneManager.getFileStatus(OzoneManager.java:3507) ~[ozone-manager-1.3.0-SNAPSHOT.jar:?]
	at org.apache.hadoop.ozone.protocolPB.OzoneManagerRequestHandler.getOzoneFileStatus(OzoneManagerRequestHandler.java:882) ~[ozone-manager-1.3.0-SNAPSHOT.jar:?]
	at org.apache.hadoop.ozone.protocolPB.OzoneManagerRequestHandler.handleReadRequest(OzoneManagerRequestHandler.java:228) ~[ozone-manager-1.3.0-SNAPSHOT.jar:?]
	at org.apache.hadoop.ozone.protocolPB.OzoneManagerProtocolServerSideTranslatorPB.submitRequestDirectlyToOM(OzoneManagerProtocolServerSideTranslatorPB.java:276) ~[ozone-manager-1.3.0-SNAPSHOT.jar:?]
	at org.apache.hadoop.ozone.protocolPB.OzoneManagerProtocolServerSideTranslatorPB.processRequest(OzoneManagerProtocolServerSideTranslatorPB.java:205) ~[ozone-manager-1.3.0-SNAPSHOT.jar:?]
	at org.apache.hadoop.hdds.server.OzoneProtocolMessageDispatcher.processRequest(OzoneProtocolMessageDispatcher.java:87) [hdds-server-framework-1.3.0-SNAPSHOT.jar:?]
	at org.apache.hadoop.ozone.protocolPB.OzoneManagerProtocolServerSideTranslatorPB.submitRequest(OzoneManagerProtocolServerSideTranslatorPB.java:147) [ozone-manager-1.3.0-SNAPSHOT.jar:?]
	at org.apache.hadoop.ozone.protocol.proto.OzoneManagerProtocolProtos$OzoneManagerService$2.callBlockingMethod(OzoneManagerProtocolProtos.java) [ozone-interface-client-1.3.0-SNAPSHOT.jar:?]
	at org.apache.hadoop.ipc.ProtobufRpcEngine$Server.processCall(ProtobufRpcEngine.java:466) [hadoop-common-3.3.1.jar:?]
	at org.apache.hadoop.ipc.ProtobufRpcEngine2$Server$ProtoBufRpcInvoker.call(ProtobufRpcEngine2.java:574) [hadoop-common-3.3.1.jar:?]
	at org.apache.hadoop.ipc.ProtobufRpcEngine2$Server$ProtoBufRpcInvoker.call(ProtobufRpcEngine2.java:552) [hadoop-common-3.3.1.jar:?]
	at org.apache.hadoop.ipc.RPC$Server.call(RPC.java:1093) [hadoop-common-3.3.1.jar:?]
	at org.apache.hadoop.ipc.Server$RpcCall.run(Server.java:1035) [hadoop-common-3.3.1.jar:?]
	at org.apache.hadoop.ipc.Server$RpcCall.run(Server.java:963) [hadoop-common-3.3.1.jar:?]
	at java.security.AccessController.doPrivileged(Native Method) ~[?:1.8.0_345]
	at javax.security.auth.Subject.doAs(Subject.java:422) [?:1.8.0_345]
	at org.apache.hadoop.security.UserGroupInformation.doAs(UserGroupInformation.java:1878) [hadoop-common-3.3.1.jar:?]
	at org.apache.hadoop.ipc.Server$Handler.run(Server.java:2966) [hadoop-common-3.3.1.jar:?]
2022-10-10 08:38:45,868 [Time-limited test] WARN  ozone.BasicOzoneFileSystem (BasicOzoneFileSystem.java:getFileStatus(765)) - GetFileStatus failed for path /gdir1/dir6
java.io.FileNotFoundException: gdir1/dir6: No such file or directory!
	at org.apache.hadoop.fs.ozone.BasicOzoneClientAdapterImpl.getFileStatus(BasicOzoneClientAdapterImpl.java:369)
	at org.apache.hadoop.fs.ozone.BasicOzoneFileSystem.getFileStatus(BasicOzoneFileSystem.java:757)
	at org.apache.hadoop.fs.ozone.TestOzoneFileSystem.checkPath(TestOzoneFileSystem.java:502)
	at org.apache.hadoop.fs.ozone.TestOzoneFileSystem.testRecursiveDelete(TestOzoneFileSystem.java:457)
	at sun.reflect.NativeMethodAccessorImpl.invoke0(Native Method)
	at sun.reflect.NativeMethodAccessorImpl.invoke(NativeMethodAccessorImpl.java:62)
	at sun.reflect.DelegatingMethodAccessorImpl.invoke(DelegatingMethodAccessorImpl.java:43)
	at java.lang.reflect.Method.invoke(Method.java:498)
	at org.junit.runners.model.FrameworkMethod$1.runReflectiveCall(FrameworkMethod.java:59)
	at org.junit.internal.runners.model.ReflectiveCallable.run(ReflectiveCallable.java:12)
	at org.junit.runners.model.FrameworkMethod.invokeExplosively(FrameworkMethod.java:56)
	at org.junit.internal.runners.statements.InvokeMethod.evaluate(InvokeMethod.java:17)
	at org.junit.internal.runners.statements.RunAfters.evaluate(RunAfters.java:27)
	at org.junit.internal.runners.statements.FailOnTimeout$CallableStatement.call(FailOnTimeout.java:288)
	at org.junit.internal.runners.statements.FailOnTimeout$CallableStatement.call(FailOnTimeout.java:282)
	at java.util.concurrent.FutureTask.run(FutureTask.java:266)
	at java.lang.Thread.run(Thread.java:750)
08:38:45.869 [IPC Server handler 8 on default port 43231] ERROR OMAudit - user=runner | ip=127.0.0.1 | op=GET_FILE_STATUS {volume=volume27327, bucket=bucket40120, key=gdir1/dir6/child, dataSize=0, replicationConfig=null} | ret=FAILURE
org.apache.hadoop.ozone.om.exceptions.OMException: Unable to get file status: volume: volume27327 bucket: bucket40120 key: gdir1/dir6/child
	at org.apache.hadoop.ozone.om.KeyManagerImpl.getOzoneFileStatus(KeyManagerImpl.java:1270) ~[ozone-manager-1.3.0-SNAPSHOT.jar:?]
	at org.apache.hadoop.ozone.om.KeyManagerImpl.getFileStatus(KeyManagerImpl.java:1200) ~[ozone-manager-1.3.0-SNAPSHOT.jar:?]
	at org.apache.hadoop.ozone.om.OzoneManager.getFileStatus(OzoneManager.java:3507) ~[ozone-manager-1.3.0-SNAPSHOT.jar:?]
	at org.apache.hadoop.ozone.protocolPB.OzoneManagerRequestHandler.getOzoneFileStatus(OzoneManagerRequestHandler.java:882) ~[ozone-manager-1.3.0-SNAPSHOT.jar:?]
	at org.apache.hadoop.ozone.protocolPB.OzoneManagerRequestHandler.handleReadRequest(OzoneManagerRequestHandler.java:228) ~[ozone-manager-1.3.0-SNAPSHOT.jar:?]
	at org.apache.hadoop.ozone.protocolPB.OzoneManagerProtocolServerSideTranslatorPB.submitRequestDirectlyToOM(OzoneManagerProtocolServerSideTranslatorPB.java:276) ~[ozone-manager-1.3.0-SNAPSHOT.jar:?]
	at org.apache.hadoop.ozone.protocolPB.OzoneManagerProtocolServerSideTranslatorPB.processRequest(OzoneManagerProtocolServerSideTranslatorPB.java:205) ~[ozone-manager-1.3.0-SNAPSHOT.jar:?]
	at org.apache.hadoop.hdds.server.OzoneProtocolMessageDispatcher.processRequest(OzoneProtocolMessageDispatcher.java:87) [hdds-server-framework-1.3.0-SNAPSHOT.jar:?]
	at org.apache.hadoop.ozone.protocolPB.OzoneManagerProtocolServerSideTranslatorPB.submitRequest(OzoneManagerProtocolServerSideTranslatorPB.java:147) [ozone-manager-1.3.0-SNAPSHOT.jar:?]
	at org.apache.hadoop.ozone.protocol.proto.OzoneManagerProtocolProtos$OzoneManagerService$2.callBlockingMethod(OzoneManagerProtocolProtos.java) [ozone-interface-client-1.3.0-SNAPSHOT.jar:?]
	at org.apache.hadoop.ipc.ProtobufRpcEngine$Server.processCall(ProtobufRpcEngine.java:466) [hadoop-common-3.3.1.jar:?]
	at org.apache.hadoop.ipc.ProtobufRpcEngine2$Server$ProtoBufRpcInvoker.call(ProtobufRpcEngine2.java:574) [hadoop-common-3.3.1.jar:?]
	at org.apache.hadoop.ipc.ProtobufRpcEngine2$Server$ProtoBufRpcInvoker.call(ProtobufRpcEngine2.java:552) [hadoop-common-3.3.1.jar:?]
	at org.apache.hadoop.ipc.RPC$Server.call(RPC.java:1093) [hadoop-common-3.3.1.jar:?]
	at org.apache.hadoop.ipc.Server$RpcCall.run(Server.java:1035) [hadoop-common-3.3.1.jar:?]
	at org.apache.hadoop.ipc.Server$RpcCall.run(Server.java:963) [hadoop-common-3.3.1.jar:?]
	at java.security.AccessController.doPrivileged(Native Method) ~[?:1.8.0_345]
	at javax.security.auth.Subject.doAs(Subject.java:422) [?:1.8.0_345]
	at org.apache.hadoop.security.UserGroupInformation.doAs(UserGroupInformation.java:1878) [hadoop-common-3.3.1.jar:?]
	at org.apache.hadoop.ipc.Server$Handler.run(Server.java:2966) [hadoop-common-3.3.1.jar:?]
2022-10-10 08:38:45,869 [Time-limited test] WARN  ozone.BasicOzoneFileSystem (BasicOzoneFileSystem.java:getFileStatus(765)) - GetFileStatus failed for path /gdir1/dir6/child
java.io.FileNotFoundException: gdir1/dir6/child: No such file or directory!
	at org.apache.hadoop.fs.ozone.BasicOzoneClientAdapterImpl.getFileStatus(BasicOzoneClientAdapterImpl.java:369)
	at org.apache.hadoop.fs.ozone.BasicOzoneFileSystem.getFileStatus(BasicOzoneFileSystem.java:757)
	at org.apache.hadoop.fs.ozone.TestOzoneFileSystem.checkPath(TestOzoneFileSystem.java:502)
	at org.apache.hadoop.fs.ozone.TestOzoneFileSystem.testRecursiveDelete(TestOzoneFileSystem.java:458)
	at sun.reflect.NativeMethodAccessorImpl.invoke0(Native Method)
	at sun.reflect.NativeMethodAccessorImpl.invoke(NativeMethodAccessorImpl.java:62)
	at sun.reflect.DelegatingMethodAccessorImpl.invoke(DelegatingMethodAccessorImpl.java:43)
	at java.lang.reflect.Method.invoke(Method.java:498)
	at org.junit.runners.model.FrameworkMethod$1.runReflectiveCall(FrameworkMethod.java:59)
	at org.junit.internal.runners.model.ReflectiveCallable.run(ReflectiveCallable.java:12)
	at org.junit.runners.model.FrameworkMethod.invokeExplosively(FrameworkMethod.java:56)
	at org.junit.internal.runners.statements.InvokeMethod.evaluate(InvokeMethod.java:17)
	at org.junit.internal.runners.statements.RunAfters.evaluate(RunAfters.java:27)
	at org.junit.internal.runners.statements.FailOnTimeout$CallableStatement.call(FailOnTimeout.java:288)
	at org.junit.internal.runners.statements.FailOnTimeout$CallableStatement.call(FailOnTimeout.java:282)
	at java.util.concurrent.FutureTask.run(FutureTask.java:266)
	at java.lang.Thread.run(Thread.java:750)
08:38:45.870 [IPC Server handler 10 on default port 43231] ERROR OMAudit - user=runner | ip=127.0.0.1 | op=GET_FILE_STATUS {volume=volume27327, bucket=bucket40120, key=gdir1/dir7, dataSize=0, replicationConfig=null} | ret=FAILURE
org.apache.hadoop.ozone.om.exceptions.OMException: Unable to get file status: volume: volume27327 bucket: bucket40120 key: gdir1/dir7
	at org.apache.hadoop.ozone.om.KeyManagerImpl.getOzoneFileStatus(KeyManagerImpl.java:1270) ~[ozone-manager-1.3.0-SNAPSHOT.jar:?]
	at org.apache.hadoop.ozone.om.KeyManagerImpl.getFileStatus(KeyManagerImpl.java:1200) ~[ozone-manager-1.3.0-SNAPSHOT.jar:?]
	at org.apache.hadoop.ozone.om.OzoneManager.getFileStatus(OzoneManager.java:3507) ~[ozone-manager-1.3.0-SNAPSHOT.jar:?]
	at org.apache.hadoop.ozone.protocolPB.OzoneManagerRequestHandler.getOzoneFileStatus(OzoneManagerRequestHandler.java:882) ~[ozone-manager-1.3.0-SNAPSHOT.jar:?]
	at org.apache.hadoop.ozone.protocolPB.OzoneManagerRequestHandler.handleReadRequest(OzoneManagerRequestHandler.java:228) ~[ozone-manager-1.3.0-SNAPSHOT.jar:?]
	at org.apache.hadoop.ozone.protocolPB.OzoneManagerProtocolServerSideTranslatorPB.submitRequestDirectlyToOM(OzoneManagerProtocolServerSideTranslatorPB.java:276) ~[ozone-manager-1.3.0-SNAPSHOT.jar:?]
	at org.apache.hadoop.ozone.protocolPB.OzoneManagerProtocolServerSideTranslatorPB.processRequest(OzoneManagerProtocolServerSideTranslatorPB.java:205) ~[ozone-manager-1.3.0-SNAPSHOT.jar:?]
	at org.apache.hadoop.hdds.server.OzoneProtocolMessageDispatcher.processRequest(OzoneProtocolMessageDispatcher.java:87) [hdds-server-framework-1.3.0-SNAPSHOT.jar:?]
	at org.apache.hadoop.ozone.protocolPB.OzoneManagerProtocolServerSideTranslatorPB.submitRequest(OzoneManagerProtocolServerSideTranslatorPB.java:147) [ozone-manager-1.3.0-SNAPSHOT.jar:?]
	at org.apache.hadoop.ozone.protocol.proto.OzoneManagerProtocolProtos$OzoneManagerService$2.callBlockingMethod(OzoneManagerProtocolProtos.java) [ozone-interface-client-1.3.0-SNAPSHOT.jar:?]
	at org.apache.hadoop.ipc.ProtobufRpcEngine$Server.processCall(ProtobufRpcEngine.java:466) [hadoop-common-3.3.1.jar:?]
	at org.apache.hadoop.ipc.ProtobufRpcEngine2$Server$ProtoBufRpcInvoker.call(ProtobufRpcEngine2.java:574) [hadoop-common-3.3.1.jar:?]
	at org.apache.hadoop.ipc.ProtobufRpcEngine2$Server$ProtoBufRpcInvoker.call(ProtobufRpcEngine2.java:552) [hadoop-common-3.3.1.jar:?]
	at org.apache.hadoop.ipc.RPC$Server.call(RPC.java:1093) [hadoop-common-3.3.1.jar:?]
	at org.apache.hadoop.ipc.Server$RpcCall.run(Server.java:1035) [hadoop-common-3.3.1.jar:?]
	at org.apache.hadoop.ipc.Server$RpcCall.run(Server.java:963) [hadoop-common-3.3.1.jar:?]
	at java.security.AccessController.doPrivileged(Native Method) ~[?:1.8.0_345]
	at javax.security.auth.Subject.doAs(Subject.java:422) [?:1.8.0_345]
	at org.apache.hadoop.security.UserGroupInformation.doAs(UserGroupInformation.java:1878) [hadoop-common-3.3.1.jar:?]
	at org.apache.hadoop.ipc.Server$Handler.run(Server.java:2966) [hadoop-common-3.3.1.jar:?]
2022-10-10 08:38:45,870 [Time-limited test] WARN  ozone.BasicOzoneFileSystem (BasicOzoneFileSystem.java:getFileStatus(765)) - GetFileStatus failed for path /gdir1/dir7
java.io.FileNotFoundException: gdir1/dir7: No such file or directory!
	at org.apache.hadoop.fs.ozone.BasicOzoneClientAdapterImpl.getFileStatus(BasicOzoneClientAdapterImpl.java:369)
	at org.apache.hadoop.fs.ozone.BasicOzoneFileSystem.getFileStatus(BasicOzoneFileSystem.java:757)
	at org.apache.hadoop.fs.ozone.TestOzoneFileSystem.checkPath(TestOzoneFileSystem.java:502)
	at org.apache.hadoop.fs.ozone.TestOzoneFileSystem.testRecursiveDelete(TestOzoneFileSystem.java:457)
	at sun.reflect.NativeMethodAccessorImpl.invoke0(Native Method)
	at sun.reflect.NativeMethodAccessorImpl.invoke(NativeMethodAccessorImpl.java:62)
	at sun.reflect.DelegatingMethodAccessorImpl.invoke(DelegatingMethodAccessorImpl.java:43)
	at java.lang.reflect.Method.invoke(Method.java:498)
	at org.junit.runners.model.FrameworkMethod$1.runReflectiveCall(FrameworkMethod.java:59)
	at org.junit.internal.runners.model.ReflectiveCallable.run(ReflectiveCallable.java:12)
	at org.junit.runners.model.FrameworkMethod.invokeExplosively(FrameworkMethod.java:56)
	at org.junit.internal.runners.statements.InvokeMethod.evaluate(InvokeMethod.java:17)
	at org.junit.internal.runners.statements.RunAfters.evaluate(RunAfters.java:27)
	at org.junit.internal.runners.statements.FailOnTimeout$CallableStatement.call(FailOnTimeout.java:288)
	at org.junit.internal.runners.statements.FailOnTimeout$CallableStatement.call(FailOnTimeout.java:282)
	at java.util.concurrent.FutureTask.run(FutureTask.java:266)
	at java.lang.Thread.run(Thread.java:750)
08:38:45.870 [IPC Server handler 9 on default port 43231] ERROR OMAudit - user=runner | ip=127.0.0.1 | op=GET_FILE_STATUS {volume=volume27327, bucket=bucket40120, key=gdir1/dir7/child, dataSize=0, replicationConfig=null} | ret=FAILURE
org.apache.hadoop.ozone.om.exceptions.OMException: Unable to get file status: volume: volume27327 bucket: bucket40120 key: gdir1/dir7/child
	at org.apache.hadoop.ozone.om.KeyManagerImpl.getOzoneFileStatus(KeyManagerImpl.java:1270) ~[ozone-manager-1.3.0-SNAPSHOT.jar:?]
	at org.apache.hadoop.ozone.om.KeyManagerImpl.getFileStatus(KeyManagerImpl.java:1200) ~[ozone-manager-1.3.0-SNAPSHOT.jar:?]
	at org.apache.hadoop.ozone.om.OzoneManager.getFileStatus(OzoneManager.java:3507) ~[ozone-manager-1.3.0-SNAPSHOT.jar:?]
	at org.apache.hadoop.ozone.protocolPB.OzoneManagerRequestHandler.getOzoneFileStatus(OzoneManagerRequestHandler.java:882) ~[ozone-manager-1.3.0-SNAPSHOT.jar:?]
	at org.apache.hadoop.ozone.protocolPB.OzoneManagerRequestHandler.handleReadRequest(OzoneManagerRequestHandler.java:228) ~[ozone-manager-1.3.0-SNAPSHOT.jar:?]
	at org.apache.hadoop.ozone.protocolPB.OzoneManagerProtocolServerSideTranslatorPB.submitRequestDirectlyToOM(OzoneManagerProtocolServerSideTranslatorPB.java:276) ~[ozone-manager-1.3.0-SNAPSHOT.jar:?]
	at org.apache.hadoop.ozone.protocolPB.OzoneManagerProtocolServerSideTranslatorPB.processRequest(OzoneManagerProtocolServerSideTranslatorPB.java:205) ~[ozone-manager-1.3.0-SNAPSHOT.jar:?]
	at org.apache.hadoop.hdds.server.OzoneProtocolMessageDispatcher.processRequest(OzoneProtocolMessageDispatcher.java:87) [hdds-server-framework-1.3.0-SNAPSHOT.jar:?]
	at org.apache.hadoop.ozone.protocolPB.OzoneManagerProtocolServerSideTranslatorPB.submitRequest(OzoneManagerProtocolServerSideTranslatorPB.java:147) [ozone-manager-1.3.0-SNAPSHOT.jar:?]
	at org.apache.hadoop.ozone.protocol.proto.OzoneManagerProtocolProtos$OzoneManagerService$2.callBlockingMethod(OzoneManagerProtocolProtos.java) [ozone-interface-client-1.3.0-SNAPSHOT.jar:?]
	at org.apache.hadoop.ipc.ProtobufRpcEngine$Server.processCall(ProtobufRpcEngine.java:466) [hadoop-common-3.3.1.jar:?]
	at org.apache.hadoop.ipc.ProtobufRpcEngine2$Server$ProtoBufRpcInvoker.call(ProtobufRpcEngine2.java:574) [hadoop-common-3.3.1.jar:?]
	at org.apache.hadoop.ipc.ProtobufRpcEngine2$Server$ProtoBufRpcInvoker.call(ProtobufRpcEngine2.java:552) [hadoop-common-3.3.1.jar:?]
	at org.apache.hadoop.ipc.RPC$Server.call(RPC.java:1093) [hadoop-common-3.3.1.jar:?]
	at org.apache.hadoop.ipc.Server$RpcCall.run(Server.java:1035) [hadoop-common-3.3.1.jar:?]
	at org.apache.hadoop.ipc.Server$RpcCall.run(Server.java:963) [hadoop-common-3.3.1.jar:?]
	at java.security.AccessController.doPrivileged(Native Method) ~[?:1.8.0_345]
	at javax.security.auth.Subject.doAs(Subject.java:422) [?:1.8.0_345]
	at org.apache.hadoop.security.UserGroupInformation.doAs(UserGroupInformation.java:1878) [hadoop-common-3.3.1.jar:?]
	at org.apache.hadoop.ipc.Server$Handler.run(Server.java:2966) [hadoop-common-3.3.1.jar:?]
2022-10-10 08:38:45,871 [Time-limited test] WARN  ozone.BasicOzoneFileSystem (BasicOzoneFileSystem.java:getFileStatus(765)) - GetFileStatus failed for path /gdir1/dir7/child
java.io.FileNotFoundException: gdir1/dir7/child: No such file or directory!
	at org.apache.hadoop.fs.ozone.BasicOzoneClientAdapterImpl.getFileStatus(BasicOzoneClientAdapterImpl.java:369)
	at org.apache.hadoop.fs.ozone.BasicOzoneFileSystem.getFileStatus(BasicOzoneFileSystem.java:757)
	at org.apache.hadoop.fs.ozone.TestOzoneFileSystem.checkPath(TestOzoneFileSystem.java:502)
	at org.apache.hadoop.fs.ozone.TestOzoneFileSystem.testRecursiveDelete(TestOzoneFileSystem.java:458)
	at sun.reflect.NativeMethodAccessorImpl.invoke0(Native Method)
	at sun.reflect.NativeMethodAccessorImpl.invoke(NativeMethodAccessorImpl.java:62)
	at sun.reflect.DelegatingMethodAccessorImpl.invoke(DelegatingMethodAccessorImpl.java:43)
	at java.lang.reflect.Method.invoke(Method.java:498)
	at org.junit.runners.model.FrameworkMethod$1.runReflectiveCall(FrameworkMethod.java:59)
	at org.junit.internal.runners.model.ReflectiveCallable.run(ReflectiveCallable.java:12)
	at org.junit.runners.model.FrameworkMethod.invokeExplosively(FrameworkMethod.java:56)
	at org.junit.internal.runners.statements.InvokeMethod.evaluate(InvokeMethod.java:17)
	at org.junit.internal.runners.statements.RunAfters.evaluate(RunAfters.java:27)
	at org.junit.internal.runners.statements.FailOnTimeout$CallableStatement.call(FailOnTimeout.java:288)
	at org.junit.internal.runners.statements.FailOnTimeout$CallableStatement.call(FailOnTimeout.java:282)
	at java.util.concurrent.FutureTask.run(FutureTask.java:266)
	at java.lang.Thread.run(Thread.java:750)
08:38:45.881 [IPC Server handler 11 on default port 43231] ERROR OMAudit - user=runner | ip=127.0.0.1 | op=GET_FILE_STATUS {volume=volume27327, bucket=bucket40120, key=gdir1/dir8, dataSize=0, replicationConfig=null} | ret=FAILURE
org.apache.hadoop.ozone.om.exceptions.OMException: Unable to get file status: volume: volume27327 bucket: bucket40120 key: gdir1/dir8
	at org.apache.hadoop.ozone.om.KeyManagerImpl.getOzoneFileStatus(KeyManagerImpl.java:1270) ~[ozone-manager-1.3.0-SNAPSHOT.jar:?]
	at org.apache.hadoop.ozone.om.KeyManagerImpl.getFileStatus(KeyManagerImpl.java:1200) ~[ozone-manager-1.3.0-SNAPSHOT.jar:?]
	at org.apache.hadoop.ozone.om.OzoneManager.getFileStatus(OzoneManager.java:3507) ~[ozone-manager-1.3.0-SNAPSHOT.jar:?]
	at org.apache.hadoop.ozone.protocolPB.OzoneManagerRequestHandler.getOzoneFileStatus(OzoneManagerRequestHandler.java:882) ~[ozone-manager-1.3.0-SNAPSHOT.jar:?]
	at org.apache.hadoop.ozone.protocolPB.OzoneManagerRequestHandler.handleReadRequest(OzoneManagerRequestHandler.java:228) ~[ozone-manager-1.3.0-SNAPSHOT.jar:?]
	at org.apache.hadoop.ozone.protocolPB.OzoneManagerProtocolServerSideTranslatorPB.submitRequestDirectlyToOM(OzoneManagerProtocolServerSideTranslatorPB.java:276) ~[ozone-manager-1.3.0-SNAPSHOT.jar:?]
	at org.apache.hadoop.ozone.protocolPB.OzoneManagerProtocolServerSideTranslatorPB.processRequest(OzoneManagerProtocolServerSideTranslatorPB.java:205) ~[ozone-manager-1.3.0-SNAPSHOT.jar:?]
	at org.apache.hadoop.hdds.server.OzoneProtocolMessageDispatcher.processRequest(OzoneProtocolMessageDispatcher.java:87) [hdds-server-framework-1.3.0-SNAPSHOT.jar:?]
	at org.apache.hadoop.ozone.protocolPB.OzoneManagerProtocolServerSideTranslatorPB.submitRequest(OzoneManagerProtocolServerSideTranslatorPB.java:147) [ozone-manager-1.3.0-SNAPSHOT.jar:?]
	at org.apache.hadoop.ozone.protocol.proto.OzoneManagerProtocolProtos$OzoneManagerService$2.callBlockingMethod(OzoneManagerProtocolProtos.java) [ozone-interface-client-1.3.0-SNAPSHOT.jar:?]
	at org.apache.hadoop.ipc.ProtobufRpcEngine$Server.processCall(ProtobufRpcEngine.java:466) [hadoop-common-3.3.1.jar:?]
	at org.apache.hadoop.ipc.ProtobufRpcEngine2$Server$ProtoBufRpcInvoker.call(ProtobufRpcEngine2.java:574) [hadoop-common-3.3.1.jar:?]
	at org.apache.hadoop.ipc.ProtobufRpcEngine2$Server$ProtoBufRpcInvoker.call(ProtobufRpcEngine2.java:552) [hadoop-common-3.3.1.jar:?]
	at org.apache.hadoop.ipc.RPC$Server.call(RPC.java:1093) [hadoop-common-3.3.1.jar:?]
	at org.apache.hadoop.ipc.Server$RpcCall.run(Server.java:1035) [hadoop-common-3.3.1.jar:?]
	at org.apache.hadoop.ipc.Server$RpcCall.run(Server.java:963) [hadoop-common-3.3.1.jar:?]
	at java.security.AccessController.doPrivileged(Native Method) ~[?:1.8.0_345]
	at javax.security.auth.Subject.doAs(Subject.java:422) [?:1.8.0_345]
	at org.apache.hadoop.security.UserGroupInformation.doAs(UserGroupInformation.java:1878) [hadoop-common-3.3.1.jar:?]
	at org.apache.hadoop.ipc.Server$Handler.run(Server.java:2966) [hadoop-common-3.3.1.jar:?]
2022-10-10 08:38:45,882 [Time-limited test] WARN  ozone.BasicOzoneFileSystem (BasicOzoneFileSystem.java:getFileStatus(765)) - GetFileStatus failed for path /gdir1/dir8
java.io.FileNotFoundException: gdir1/dir8: No such file or directory!
	at org.apache.hadoop.fs.ozone.BasicOzoneClientAdapterImpl.getFileStatus(BasicOzoneClientAdapterImpl.java:369)
	at org.apache.hadoop.fs.ozone.BasicOzoneFileSystem.getFileStatus(BasicOzoneFileSystem.java:757)
	at org.apache.hadoop.fs.ozone.TestOzoneFileSystem.checkPath(TestOzoneFileSystem.java:502)
	at org.apache.hadoop.fs.ozone.TestOzoneFileSystem.testRecursiveDelete(TestOzoneFileSystem.java:457)
	at sun.reflect.NativeMethodAccessorImpl.invoke0(Native Method)
	at sun.reflect.NativeMethodAccessorImpl.invoke(NativeMethodAccessorImpl.java:62)
	at sun.reflect.DelegatingMethodAccessorImpl.invoke(DelegatingMethodAccessorImpl.java:43)
	at java.lang.reflect.Method.invoke(Method.java:498)
	at org.junit.runners.model.FrameworkMethod$1.runReflectiveCall(FrameworkMethod.java:59)
	at org.junit.internal.runners.model.ReflectiveCallable.run(ReflectiveCallable.java:12)
	at org.junit.runners.model.FrameworkMethod.invokeExplosively(FrameworkMethod.java:56)
	at org.junit.internal.runners.statements.InvokeMethod.evaluate(InvokeMethod.java:17)
	at org.junit.internal.runners.statements.RunAfters.evaluate(RunAfters.java:27)
	at org.junit.internal.runners.statements.FailOnTimeout$CallableStatement.call(FailOnTimeout.java:288)
	at org.junit.internal.runners.statements.FailOnTimeout$CallableStatement.call(FailOnTimeout.java:282)
	at java.util.concurrent.FutureTask.run(FutureTask.java:266)
	at java.lang.Thread.run(Thread.java:750)
08:38:45.883 [IPC Server handler 12 on default port 43231] ERROR OMAudit - user=runner | ip=127.0.0.1 | op=GET_FILE_STATUS {volume=volume27327, bucket=bucket40120, key=gdir1/dir8/child, dataSize=0, replicationConfig=null} | ret=FAILURE
org.apache.hadoop.ozone.om.exceptions.OMException: Unable to get file status: volume: volume27327 bucket: bucket40120 key: gdir1/dir8/child
	at org.apache.hadoop.ozone.om.KeyManagerImpl.getOzoneFileStatus(KeyManagerImpl.java:1270) ~[ozone-manager-1.3.0-SNAPSHOT.jar:?]
	at org.apache.hadoop.ozone.om.KeyManagerImpl.getFileStatus(KeyManagerImpl.java:1200) ~[ozone-manager-1.3.0-SNAPSHOT.jar:?]
	at org.apache.hadoop.ozone.om.OzoneManager.getFileStatus(OzoneManager.java:3507) ~[ozone-manager-1.3.0-SNAPSHOT.jar:?]
	at org.apache.hadoop.ozone.protocolPB.OzoneManagerRequestHandler.getOzoneFileStatus(OzoneManagerRequestHandler.java:882) ~[ozone-manager-1.3.0-SNAPSHOT.jar:?]
	at org.apache.hadoop.ozone.protocolPB.OzoneManagerRequestHandler.handleReadRequest(OzoneManagerRequestHandler.java:228) ~[ozone-manager-1.3.0-SNAPSHOT.jar:?]
	at org.apache.hadoop.ozone.protocolPB.OzoneManagerProtocolServerSideTranslatorPB.submitRequestDirectlyToOM(OzoneManagerProtocolServerSideTranslatorPB.java:276) ~[ozone-manager-1.3.0-SNAPSHOT.jar:?]
	at org.apache.hadoop.ozone.protocolPB.OzoneManagerProtocolServerSideTranslatorPB.processRequest(OzoneManagerProtocolServerSideTranslatorPB.java:205) ~[ozone-manager-1.3.0-SNAPSHOT.jar:?]
	at org.apache.hadoop.hdds.server.OzoneProtocolMessageDispatcher.processRequest(OzoneProtocolMessageDispatcher.java:87) [hdds-server-framework-1.3.0-SNAPSHOT.jar:?]
	at org.apache.hadoop.ozone.protocolPB.OzoneManagerProtocolServerSideTranslatorPB.submitRequest(OzoneManagerProtocolServerSideTranslatorPB.java:147) [ozone-manager-1.3.0-SNAPSHOT.jar:?]
	at org.apache.hadoop.ozone.protocol.proto.OzoneManagerProtocolProtos$OzoneManagerService$2.callBlockingMethod(OzoneManagerProtocolProtos.java) [ozone-interface-client-1.3.0-SNAPSHOT.jar:?]
	at org.apache.hadoop.ipc.ProtobufRpcEngine$Server.processCall(ProtobufRpcEngine.java:466) [hadoop-common-3.3.1.jar:?]
	at org.apache.hadoop.ipc.ProtobufRpcEngine2$Server$ProtoBufRpcInvoker.call(ProtobufRpcEngine2.java:574) [hadoop-common-3.3.1.jar:?]
	at org.apache.hadoop.ipc.ProtobufRpcEngine2$Server$ProtoBufRpcInvoker.call(ProtobufRpcEngine2.java:552) [hadoop-common-3.3.1.jar:?]
	at org.apache.hadoop.ipc.RPC$Server.call(RPC.java:1093) [hadoop-common-3.3.1.jar:?]
	at org.apache.hadoop.ipc.Server$RpcCall.run(Server.java:1035) [hadoop-common-3.3.1.jar:?]
	at org.apache.hadoop.ipc.Server$RpcCall.run(Server.java:963) [hadoop-common-3.3.1.jar:?]
	at java.security.AccessController.doPrivileged(Native Method) ~[?:1.8.0_345]
	at javax.security.auth.Subject.doAs(Subject.java:422) [?:1.8.0_345]
	at org.apache.hadoop.security.UserGroupInformation.doAs(UserGroupInformation.java:1878) [hadoop-common-3.3.1.jar:?]
	at org.apache.hadoop.ipc.Server$Handler.run(Server.java:2966) [hadoop-common-3.3.1.jar:?]
2022-10-10 08:38:45,884 [Time-limited test] WARN  ozone.BasicOzoneFileSystem (BasicOzoneFileSystem.java:getFileStatus(765)) - GetFileStatus failed for path /gdir1/dir8/child
java.io.FileNotFoundException: gdir1/dir8/child: No such file or directory!
	at org.apache.hadoop.fs.ozone.BasicOzoneClientAdapterImpl.getFileStatus(BasicOzoneClientAdapterImpl.java:369)
	at org.apache.hadoop.fs.ozone.BasicOzoneFileSystem.getFileStatus(BasicOzoneFileSystem.java:757)
	at org.apache.hadoop.fs.ozone.TestOzoneFileSystem.checkPath(TestOzoneFileSystem.java:502)
	at org.apache.hadoop.fs.ozone.TestOzoneFileSystem.testRecursiveDelete(TestOzoneFileSystem.java:458)
	at sun.reflect.NativeMethodAccessorImpl.invoke0(Native Method)
	at sun.reflect.NativeMethodAccessorImpl.invoke(NativeMethodAccessorImpl.java:62)
	at sun.reflect.DelegatingMethodAccessorImpl.invoke(DelegatingMethodAccessorImpl.java:43)
	at java.lang.reflect.Method.invoke(Method.java:498)
	at org.junit.runners.model.FrameworkMethod$1.runReflectiveCall(FrameworkMethod.java:59)
	at org.junit.internal.runners.model.ReflectiveCallable.run(ReflectiveCallable.java:12)
	at org.junit.runners.model.FrameworkMethod.invokeExplosively(FrameworkMethod.java:56)
	at org.junit.internal.runners.statements.InvokeMethod.evaluate(InvokeMethod.java:17)
	at org.junit.internal.runners.statements.RunAfters.evaluate(RunAfters.java:27)
	at org.junit.internal.runners.statements.FailOnTimeout$CallableStatement.call(FailOnTimeout.java:288)
	at org.junit.internal.runners.statements.FailOnTimeout$CallableStatement.call(FailOnTimeout.java:282)
	at java.util.concurrent.FutureTask.run(FutureTask.java:266)
	at java.lang.Thread.run(Thread.java:750)
08:38:45.885 [IPC Server handler 13 on default port 43231] ERROR OMAudit - user=runner | ip=127.0.0.1 | op=GET_FILE_STATUS {volume=volume27327, bucket=bucket40120, key=gdir1/dir9, dataSize=0, replicationConfig=null} | ret=FAILURE
org.apache.hadoop.ozone.om.exceptions.OMException: Unable to get file status: volume: volume27327 bucket: bucket40120 key: gdir1/dir9
	at org.apache.hadoop.ozone.om.KeyManagerImpl.getOzoneFileStatus(KeyManagerImpl.java:1270) ~[ozone-manager-1.3.0-SNAPSHOT.jar:?]
	at org.apache.hadoop.ozone.om.KeyManagerImpl.getFileStatus(KeyManagerImpl.java:1200) ~[ozone-manager-1.3.0-SNAPSHOT.jar:?]
	at org.apache.hadoop.ozone.om.OzoneManager.getFileStatus(OzoneManager.java:3507) ~[ozone-manager-1.3.0-SNAPSHOT.jar:?]
	at org.apache.hadoop.ozone.protocolPB.OzoneManagerRequestHandler.getOzoneFileStatus(OzoneManagerRequestHandler.java:882) ~[ozone-manager-1.3.0-SNAPSHOT.jar:?]
	at org.apache.hadoop.ozone.protocolPB.OzoneManagerRequestHandler.handleReadRequest(OzoneManagerRequestHandler.java:228) ~[ozone-manager-1.3.0-SNAPSHOT.jar:?]
	at org.apache.hadoop.ozone.protocolPB.OzoneManagerProtocolServerSideTranslatorPB.submitRequestDirectlyToOM(OzoneManagerProtocolServerSideTranslatorPB.java:276) ~[ozone-manager-1.3.0-SNAPSHOT.jar:?]
	at org.apache.hadoop.ozone.protocolPB.OzoneManagerProtocolServerSideTranslatorPB.processRequest(OzoneManagerProtocolServerSideTranslatorPB.java:205) ~[ozone-manager-1.3.0-SNAPSHOT.jar:?]
	at org.apache.hadoop.hdds.server.OzoneProtocolMessageDispatcher.processRequest(OzoneProtocolMessageDispatcher.java:87) [hdds-server-framework-1.3.0-SNAPSHOT.jar:?]
	at org.apache.hadoop.ozone.protocolPB.OzoneManagerProtocolServerSideTranslatorPB.submitRequest(OzoneManagerProtocolServerSideTranslatorPB.java:147) [ozone-manager-1.3.0-SNAPSHOT.jar:?]
	at org.apache.hadoop.ozone.protocol.proto.OzoneManagerProtocolProtos$OzoneManagerService$2.callBlockingMethod(OzoneManagerProtocolProtos.java) [ozone-interface-client-1.3.0-SNAPSHOT.jar:?]
	at org.apache.hadoop.ipc.ProtobufRpcEngine$Server.processCall(ProtobufRpcEngine.java:466) [hadoop-common-3.3.1.jar:?]
	at org.apache.hadoop.ipc.ProtobufRpcEngine2$Server$ProtoBufRpcInvoker.call(ProtobufRpcEngine2.java:574) [hadoop-common-3.3.1.jar:?]
	at org.apache.hadoop.ipc.ProtobufRpcEngine2$Server$ProtoBufRpcInvoker.call(ProtobufRpcEngine2.java:552) [hadoop-common-3.3.1.jar:?]
	at org.apache.hadoop.ipc.RPC$Server.call(RPC.java:1093) [hadoop-common-3.3.1.jar:?]
	at org.apache.hadoop.ipc.Server$RpcCall.run(Server.java:1035) [hadoop-common-3.3.1.jar:?]
	at org.apache.hadoop.ipc.Server$RpcCall.run(Server.java:963) [hadoop-common-3.3.1.jar:?]
	at java.security.AccessController.doPrivileged(Native Method) ~[?:1.8.0_345]
	at javax.security.auth.Subject.doAs(Subject.java:422) [?:1.8.0_345]
	at org.apache.hadoop.security.UserGroupInformation.doAs(UserGroupInformation.java:1878) [hadoop-common-3.3.1.jar:?]
	at org.apache.hadoop.ipc.Server$Handler.run(Server.java:2966) [hadoop-common-3.3.1.jar:?]
2022-10-10 08:38:45,887 [Time-limited test] WARN  ozone.BasicOzoneFileSystem (BasicOzoneFileSystem.java:getFileStatus(765)) - GetFileStatus failed for path /gdir1/dir9
java.io.FileNotFoundException: gdir1/dir9: No such file or directory!
	at org.apache.hadoop.fs.ozone.BasicOzoneClientAdapterImpl.getFileStatus(BasicOzoneClientAdapterImpl.java:369)
	at org.apache.hadoop.fs.ozone.BasicOzoneFileSystem.getFileStatus(BasicOzoneFileSystem.java:757)
	at org.apache.hadoop.fs.ozone.TestOzoneFileSystem.checkPath(TestOzoneFileSystem.java:502)
	at org.apache.hadoop.fs.ozone.TestOzoneFileSystem.testRecursiveDelete(TestOzoneFileSystem.java:457)
	at sun.reflect.NativeMethodAccessorImpl.invoke0(Native Method)
	at sun.reflect.NativeMethodAccessorImpl.invoke(NativeMethodAccessorImpl.java:62)
	at sun.reflect.DelegatingMethodAccessorImpl.invoke(DelegatingMethodAccessorImpl.java:43)
	at java.lang.reflect.Method.invoke(Method.java:498)
	at org.junit.runners.model.FrameworkMethod$1.runReflectiveCall(FrameworkMethod.java:59)
	at org.junit.internal.runners.model.ReflectiveCallable.run(ReflectiveCallable.java:12)
	at org.junit.runners.model.FrameworkMethod.invokeExplosively(FrameworkMethod.java:56)
	at org.junit.internal.runners.statements.InvokeMethod.evaluate(InvokeMethod.java:17)
	at org.junit.internal.runners.statements.RunAfters.evaluate(RunAfters.java:27)
	at org.junit.internal.runners.statements.FailOnTimeout$CallableStatement.call(FailOnTimeout.java:288)
	at org.junit.internal.runners.statements.FailOnTimeout$CallableStatement.call(FailOnTimeout.java:282)
	at java.util.concurrent.FutureTask.run(FutureTask.java:266)
	at java.lang.Thread.run(Thread.java:750)
08:38:45.888 [IPC Server handler 14 on default port 43231] ERROR OMAudit - user=runner | ip=127.0.0.1 | op=GET_FILE_STATUS {volume=volume27327, bucket=bucket40120, key=gdir1/dir9/child, dataSize=0, replicationConfig=null} | ret=FAILURE
org.apache.hadoop.ozone.om.exceptions.OMException: Unable to get file status: volume: volume27327 bucket: bucket40120 key: gdir1/dir9/child
	at org.apache.hadoop.ozone.om.KeyManagerImpl.getOzoneFileStatus(KeyManagerImpl.java:1270) ~[ozone-manager-1.3.0-SNAPSHOT.jar:?]
	at org.apache.hadoop.ozone.om.KeyManagerImpl.getFileStatus(KeyManagerImpl.java:1200) ~[ozone-manager-1.3.0-SNAPSHOT.jar:?]
	at org.apache.hadoop.ozone.om.OzoneManager.getFileStatus(OzoneManager.java:3507) ~[ozone-manager-1.3.0-SNAPSHOT.jar:?]
	at org.apache.hadoop.ozone.protocolPB.OzoneManagerRequestHandler.getOzoneFileStatus(OzoneManagerRequestHandler.java:882) ~[ozone-manager-1.3.0-SNAPSHOT.jar:?]
	at org.apache.hadoop.ozone.protocolPB.OzoneManagerRequestHandler.handleReadRequest(OzoneManagerRequestHandler.java:228) ~[ozone-manager-1.3.0-SNAPSHOT.jar:?]
	at org.apache.hadoop.ozone.protocolPB.OzoneManagerProtocolServerSideTranslatorPB.submitRequestDirectlyToOM(OzoneManagerProtocolServerSideTranslatorPB.java:276) ~[ozone-manager-1.3.0-SNAPSHOT.jar:?]
	at org.apache.hadoop.ozone.protocolPB.OzoneManagerProtocolServerSideTranslatorPB.processRequest(OzoneManagerProtocolServerSideTranslatorPB.java:205) ~[ozone-manager-1.3.0-SNAPSHOT.jar:?]
	at org.apache.hadoop.hdds.server.OzoneProtocolMessageDispatcher.processRequest(OzoneProtocolMessageDispatcher.java:87) [hdds-server-framework-1.3.0-SNAPSHOT.jar:?]
	at org.apache.hadoop.ozone.protocolPB.OzoneManagerProtocolServerSideTranslatorPB.submitRequest(OzoneManagerProtocolServerSideTranslatorPB.java:147) [ozone-manager-1.3.0-SNAPSHOT.jar:?]
	at org.apache.hadoop.ozone.protocol.proto.OzoneManagerProtocolProtos$OzoneManagerService$2.callBlockingMethod(OzoneManagerProtocolProtos.java) [ozone-interface-client-1.3.0-SNAPSHOT.jar:?]
	at org.apache.hadoop.ipc.ProtobufRpcEngine$Server.processCall(ProtobufRpcEngine.java:466) [hadoop-common-3.3.1.jar:?]
	at org.apache.hadoop.ipc.ProtobufRpcEngine2$Server$ProtoBufRpcInvoker.call(ProtobufRpcEngine2.java:574) [hadoop-common-3.3.1.jar:?]
	at org.apache.hadoop.ipc.ProtobufRpcEngine2$Server$ProtoBufRpcInvoker.call(ProtobufRpcEngine2.java:552) [hadoop-common-3.3.1.jar:?]
	at org.apache.hadoop.ipc.RPC$Server.call(RPC.java:1093) [hadoop-common-3.3.1.jar:?]
	at org.apache.hadoop.ipc.Server$RpcCall.run(Server.java:1035) [hadoop-common-3.3.1.jar:?]
	at org.apache.hadoop.ipc.Server$RpcCall.run(Server.java:963) [hadoop-common-3.3.1.jar:?]
	at java.security.AccessController.doPrivileged(Native Method) ~[?:1.8.0_345]
	at javax.security.auth.Subject.doAs(Subject.java:422) [?:1.8.0_345]
	at org.apache.hadoop.security.UserGroupInformation.doAs(UserGroupInformation.java:1878) [hadoop-common-3.3.1.jar:?]
	at org.apache.hadoop.ipc.Server$Handler.run(Server.java:2966) [hadoop-common-3.3.1.jar:?]
2022-10-10 08:38:45,888 [Time-limited test] WARN  ozone.BasicOzoneFileSystem (BasicOzoneFileSystem.java:getFileStatus(765)) - GetFileStatus failed for path /gdir1/dir9/child
java.io.FileNotFoundException: gdir1/dir9/child: No such file or directory!
	at org.apache.hadoop.fs.ozone.BasicOzoneClientAdapterImpl.getFileStatus(BasicOzoneClientAdapterImpl.java:369)
	at org.apache.hadoop.fs.ozone.BasicOzoneFileSystem.getFileStatus(BasicOzoneFileSystem.java:757)
	at org.apache.hadoop.fs.ozone.TestOzoneFileSystem.checkPath(TestOzoneFileSystem.java:502)
	at org.apache.hadoop.fs.ozone.TestOzoneFileSystem.testRecursiveDelete(TestOzoneFileSystem.java:458)
	at sun.reflect.NativeMethodAccessorImpl.invoke0(Native Method)
	at sun.reflect.NativeMethodAccessorImpl.invoke(NativeMethodAccessorImpl.java:62)
	at sun.reflect.DelegatingMethodAccessorImpl.invoke(DelegatingMethodAccessorImpl.java:43)
	at java.lang.reflect.Method.invoke(Method.java:498)
	at org.junit.runners.model.FrameworkMethod$1.runReflectiveCall(FrameworkMethod.java:59)
	at org.junit.internal.runners.model.ReflectiveCallable.run(ReflectiveCallable.java:12)
	at org.junit.runners.model.FrameworkMethod.invokeExplosively(FrameworkMethod.java:56)
	at org.junit.internal.runners.statements.InvokeMethod.evaluate(InvokeMethod.java:17)
	at org.junit.internal.runners.statements.RunAfters.evaluate(RunAfters.java:27)
	at org.junit.internal.runners.statements.FailOnTimeout$CallableStatement.call(FailOnTimeout.java:288)
	at org.junit.internal.runners.statements.FailOnTimeout$CallableStatement.call(FailOnTimeout.java:282)
	at java.util.concurrent.FutureTask.run(FutureTask.java:266)
	at java.lang.Thread.run(Thread.java:750)
08:38:45.889 [IPC Server handler 16 on default port 43231] ERROR OMAudit - user=runner | ip=127.0.0.1 | op=GET_FILE_STATUS {volume=volume27327, bucket=bucket40120, key=gdir1/dir10, dataSize=0, replicationConfig=null} | ret=FAILURE
org.apache.hadoop.ozone.om.exceptions.OMException: Unable to get file status: volume: volume27327 bucket: bucket40120 key: gdir1/dir10
	at org.apache.hadoop.ozone.om.KeyManagerImpl.getOzoneFileStatus(KeyManagerImpl.java:1270) ~[ozone-manager-1.3.0-SNAPSHOT.jar:?]
	at org.apache.hadoop.ozone.om.KeyManagerImpl.getFileStatus(KeyManagerImpl.java:1200) ~[ozone-manager-1.3.0-SNAPSHOT.jar:?]
	at org.apache.hadoop.ozone.om.OzoneManager.getFileStatus(OzoneManager.java:3507) ~[ozone-manager-1.3.0-SNAPSHOT.jar:?]
	at org.apache.hadoop.ozone.protocolPB.OzoneManagerRequestHandler.getOzoneFileStatus(OzoneManagerRequestHandler.java:882) ~[ozone-manager-1.3.0-SNAPSHOT.jar:?]
	at org.apache.hadoop.ozone.protocolPB.OzoneManagerRequestHandler.handleReadRequest(OzoneManagerRequestHandler.java:228) ~[ozone-manager-1.3.0-SNAPSHOT.jar:?]
	at org.apache.hadoop.ozone.protocolPB.OzoneManagerProtocolServerSideTranslatorPB.submitRequestDirectlyToOM(OzoneManagerProtocolServerSideTranslatorPB.java:276) ~[ozone-manager-1.3.0-SNAPSHOT.jar:?]
	at org.apache.hadoop.ozone.protocolPB.OzoneManagerProtocolServerSideTranslatorPB.processRequest(OzoneManagerProtocolServerSideTranslatorPB.java:205) ~[ozone-manager-1.3.0-SNAPSHOT.jar:?]
	at org.apache.hadoop.hdds.server.OzoneProtocolMessageDispatcher.processRequest(OzoneProtocolMessageDispatcher.java:87) [hdds-server-framework-1.3.0-SNAPSHOT.jar:?]
	at org.apache.hadoop.ozone.protocolPB.OzoneManagerProtocolServerSideTranslatorPB.submitRequest(OzoneManagerProtocolServerSideTranslatorPB.java:147) [ozone-manager-1.3.0-SNAPSHOT.jar:?]
	at org.apache.hadoop.ozone.protocol.proto.OzoneManagerProtocolProtos$OzoneManagerService$2.callBlockingMethod(OzoneManagerProtocolProtos.java) [ozone-interface-client-1.3.0-SNAPSHOT.jar:?]
	at org.apache.hadoop.ipc.ProtobufRpcEngine$Server.processCall(ProtobufRpcEngine.java:466) [hadoop-common-3.3.1.jar:?]
	at org.apache.hadoop.ipc.ProtobufRpcEngine2$Server$ProtoBufRpcInvoker.call(ProtobufRpcEngine2.java:574) [hadoop-common-3.3.1.jar:?]
	at org.apache.hadoop.ipc.ProtobufRpcEngine2$Server$ProtoBufRpcInvoker.call(ProtobufRpcEngine2.java:552) [hadoop-common-3.3.1.jar:?]
	at org.apache.hadoop.ipc.RPC$Server.call(RPC.java:1093) [hadoop-common-3.3.1.jar:?]
	at org.apache.hadoop.ipc.Server$RpcCall.run(Server.java:1035) [hadoop-common-3.3.1.jar:?]
	at org.apache.hadoop.ipc.Server$RpcCall.run(Server.java:963) [hadoop-common-3.3.1.jar:?]
	at java.security.AccessController.doPrivileged(Native Method) ~[?:1.8.0_345]
	at javax.security.auth.Subject.doAs(Subject.java:422) [?:1.8.0_345]
	at org.apache.hadoop.security.UserGroupInformation.doAs(UserGroupInformation.java:1878) [hadoop-common-3.3.1.jar:?]
	at org.apache.hadoop.ipc.Server$Handler.run(Server.java:2966) [hadoop-common-3.3.1.jar:?]
2022-10-10 08:38:45,892 [Time-limited test] WARN  ozone.BasicOzoneFileSystem (BasicOzoneFileSystem.java:getFileStatus(765)) - GetFileStatus failed for path /gdir1/dir10
java.io.FileNotFoundException: gdir1/dir10: No such file or directory!
	at org.apache.hadoop.fs.ozone.BasicOzoneClientAdapterImpl.getFileStatus(BasicOzoneClientAdapterImpl.java:369)
	at org.apache.hadoop.fs.ozone.BasicOzoneFileSystem.getFileStatus(BasicOzoneFileSystem.java:757)
	at org.apache.hadoop.fs.ozone.TestOzoneFileSystem.checkPath(TestOzoneFileSystem.java:502)
	at org.apache.hadoop.fs.ozone.TestOzoneFileSystem.testRecursiveDelete(TestOzoneFileSystem.java:457)
	at sun.reflect.NativeMethodAccessorImpl.invoke0(Native Method)
	at sun.reflect.NativeMethodAccessorImpl.invoke(NativeMethodAccessorImpl.java:62)
	at sun.reflect.DelegatingMethodAccessorImpl.invoke(DelegatingMethodAccessorImpl.java:43)
	at java.lang.reflect.Method.invoke(Method.java:498)
	at org.junit.runners.model.FrameworkMethod$1.runReflectiveCall(FrameworkMethod.java:59)
	at org.junit.internal.runners.model.ReflectiveCallable.run(ReflectiveCallable.java:12)
	at org.junit.runners.model.FrameworkMethod.invokeExplosively(FrameworkMethod.java:56)
	at org.junit.internal.runners.statements.InvokeMethod.evaluate(InvokeMethod.java:17)
	at org.junit.internal.runners.statements.RunAfters.evaluate(RunAfters.java:27)
	at org.junit.internal.runners.statements.FailOnTimeout$CallableStatement.call(FailOnTimeout.java:288)
	at org.junit.internal.runners.statements.FailOnTimeout$CallableStatement.call(FailOnTimeout.java:282)
	at java.util.concurrent.FutureTask.run(FutureTask.java:266)
	at java.lang.Thread.run(Thread.java:750)
08:38:45.892 [IPC Server handler 15 on default port 43231] ERROR OMAudit - user=runner | ip=127.0.0.1 | op=GET_FILE_STATUS {volume=volume27327, bucket=bucket40120, key=gdir1/dir10/child, dataSize=0, replicationConfig=null} | ret=FAILURE
org.apache.hadoop.ozone.om.exceptions.OMException: Unable to get file status: volume: volume27327 bucket: bucket40120 key: gdir1/dir10/child
	at org.apache.hadoop.ozone.om.KeyManagerImpl.getOzoneFileStatus(KeyManagerImpl.java:1270) ~[ozone-manager-1.3.0-SNAPSHOT.jar:?]
	at org.apache.hadoop.ozone.om.KeyManagerImpl.getFileStatus(KeyManagerImpl.java:1200) ~[ozone-manager-1.3.0-SNAPSHOT.jar:?]
	at org.apache.hadoop.ozone.om.OzoneManager.getFileStatus(OzoneManager.java:3507) ~[ozone-manager-1.3.0-SNAPSHOT.jar:?]
	at org.apache.hadoop.ozone.protocolPB.OzoneManagerRequestHandler.getOzoneFileStatus(OzoneManagerRequestHandler.java:882) ~[ozone-manager-1.3.0-SNAPSHOT.jar:?]
	at org.apache.hadoop.ozone.protocolPB.OzoneManagerRequestHandler.handleReadRequest(OzoneManagerRequestHandler.java:228) ~[ozone-manager-1.3.0-SNAPSHOT.jar:?]
	at org.apache.hadoop.ozone.protocolPB.OzoneManagerProtocolServerSideTranslatorPB.submitRequestDirectlyToOM(OzoneManagerProtocolServerSideTranslatorPB.java:276) ~[ozone-manager-1.3.0-SNAPSHOT.jar:?]
	at org.apache.hadoop.ozone.protocolPB.OzoneManagerProtocolServerSideTranslatorPB.processRequest(OzoneManagerProtocolServerSideTranslatorPB.java:205) ~[ozone-manager-1.3.0-SNAPSHOT.jar:?]
	at org.apache.hadoop.hdds.server.OzoneProtocolMessageDispatcher.processRequest(OzoneProtocolMessageDispatcher.java:87) [hdds-server-framework-1.3.0-SNAPSHOT.jar:?]
	at org.apache.hadoop.ozone.protocolPB.OzoneManagerProtocolServerSideTranslatorPB.submitRequest(OzoneManagerProtocolServerSideTranslatorPB.java:147) [ozone-manager-1.3.0-SNAPSHOT.jar:?]
	at org.apache.hadoop.ozone.protocol.proto.OzoneManagerProtocolProtos$OzoneManagerService$2.callBlockingMethod(OzoneManagerProtocolProtos.java) [ozone-interface-client-1.3.0-SNAPSHOT.jar:?]
	at org.apache.hadoop.ipc.ProtobufRpcEngine$Server.processCall(ProtobufRpcEngine.java:466) [hadoop-common-3.3.1.jar:?]
	at org.apache.hadoop.ipc.ProtobufRpcEngine2$Server$ProtoBufRpcInvoker.call(ProtobufRpcEngine2.java:574) [hadoop-common-3.3.1.jar:?]
	at org.apache.hadoop.ipc.ProtobufRpcEngine2$Server$ProtoBufRpcInvoker.call(ProtobufRpcEngine2.java:552) [hadoop-common-3.3.1.jar:?]
	at org.apache.hadoop.ipc.RPC$Server.call(RPC.java:1093) [hadoop-common-3.3.1.jar:?]
	at org.apache.hadoop.ipc.Server$RpcCall.run(Server.java:1035) [hadoop-common-3.3.1.jar:?]
	at org.apache.hadoop.ipc.Server$RpcCall.run(Server.java:963) [hadoop-common-3.3.1.jar:?]
	at java.security.AccessController.doPrivileged(Native Method) ~[?:1.8.0_345]
	at javax.security.auth.Subject.doAs(Subject.java:422) [?:1.8.0_345]
	at org.apache.hadoop.security.UserGroupInformation.doAs(UserGroupInformation.java:1878) [hadoop-common-3.3.1.jar:?]
	at org.apache.hadoop.ipc.Server$Handler.run(Server.java:2966) [hadoop-common-3.3.1.jar:?]
2022-10-10 08:38:45,894 [Time-limited test] WARN  ozone.BasicOzoneFileSystem (BasicOzoneFileSystem.java:getFileStatus(765)) - GetFileStatus failed for path /gdir1/dir10/child
java.io.FileNotFoundException: gdir1/dir10/child: No such file or directory!
	at org.apache.hadoop.fs.ozone.BasicOzoneClientAdapterImpl.getFileStatus(BasicOzoneClientAdapterImpl.java:369)
	at org.apache.hadoop.fs.ozone.BasicOzoneFileSystem.getFileStatus(BasicOzoneFileSystem.java:757)
	at org.apache.hadoop.fs.ozone.TestOzoneFileSystem.checkPath(TestOzoneFileSystem.java:502)
	at org.apache.hadoop.fs.ozone.TestOzoneFileSystem.testRecursiveDelete(TestOzoneFileSystem.java:458)
	at sun.reflect.NativeMethodAccessorImpl.invoke0(Native Method)
	at sun.reflect.NativeMethodAccessorImpl.invoke(NativeMethodAccessorImpl.java:62)
	at sun.reflect.DelegatingMethodAccessorImpl.invoke(DelegatingMethodAccessorImpl.java:43)
	at java.lang.reflect.Method.invoke(Method.java:498)
	at org.junit.runners.model.FrameworkMethod$1.runReflectiveCall(FrameworkMethod.java:59)
	at org.junit.internal.runners.model.ReflectiveCallable.run(ReflectiveCallable.java:12)
	at org.junit.runners.model.FrameworkMethod.invokeExplosively(FrameworkMethod.java:56)
	at org.junit.internal.runners.statements.InvokeMethod.evaluate(InvokeMethod.java:17)
	at org.junit.internal.runners.statements.RunAfters.evaluate(RunAfters.java:27)
	at org.junit.internal.runners.statements.FailOnTimeout$CallableStatement.call(FailOnTimeout.java:288)
	at org.junit.internal.runners.statements.FailOnTimeout$CallableStatement.call(FailOnTimeout.java:282)
	at java.util.concurrent.FutureTask.run(FutureTask.java:266)
	at java.lang.Thread.run(Thread.java:750)
08:38:45.959 [IPC Server handler 9 on default port 43231] ERROR OMAudit - user=runner | ip=127.0.0.1 | op=GET_FILE_STATUS {volume=volume27327, bucket=bucket40120, key=level0, dataSize=0, replicationConfig=null} | ret=FAILURE
org.apache.hadoop.ozone.om.exceptions.OMException: Unable to get file status: volume: volume27327 bucket: bucket40120 key: level0
	at org.apache.hadoop.ozone.om.KeyManagerImpl.getOzoneFileStatus(KeyManagerImpl.java:1270) ~[ozone-manager-1.3.0-SNAPSHOT.jar:?]
	at org.apache.hadoop.ozone.om.KeyManagerImpl.getFileStatus(KeyManagerImpl.java:1200) ~[ozone-manager-1.3.0-SNAPSHOT.jar:?]
	at org.apache.hadoop.ozone.om.OzoneManager.getFileStatus(OzoneManager.java:3507) ~[ozone-manager-1.3.0-SNAPSHOT.jar:?]
	at org.apache.hadoop.ozone.protocolPB.OzoneManagerRequestHandler.getOzoneFileStatus(OzoneManagerRequestHandler.java:882) ~[ozone-manager-1.3.0-SNAPSHOT.jar:?]
	at org.apache.hadoop.ozone.protocolPB.OzoneManagerRequestHandler.handleReadRequest(OzoneManagerRequestHandler.java:228) ~[ozone-manager-1.3.0-SNAPSHOT.jar:?]
	at org.apache.hadoop.ozone.protocolPB.OzoneManagerProtocolServerSideTranslatorPB.submitRequestDirectlyToOM(OzoneManagerProtocolServerSideTranslatorPB.java:276) ~[ozone-manager-1.3.0-SNAPSHOT.jar:?]
	at org.apache.hadoop.ozone.protocolPB.OzoneManagerProtocolServerSideTranslatorPB.processRequest(OzoneManagerProtocolServerSideTranslatorPB.java:205) ~[ozone-manager-1.3.0-SNAPSHOT.jar:?]
	at org.apache.hadoop.hdds.server.OzoneProtocolMessageDispatcher.processRequest(OzoneProtocolMessageDispatcher.java:87) [hdds-server-framework-1.3.0-SNAPSHOT.jar:?]
	at org.apache.hadoop.ozone.protocolPB.OzoneManagerProtocolServerSideTranslatorPB.submitRequest(OzoneManagerProtocolServerSideTranslatorPB.java:147) [ozone-manager-1.3.0-SNAPSHOT.jar:?]
	at org.apache.hadoop.ozone.protocol.proto.OzoneManagerProtocolProtos$OzoneManagerService$2.callBlockingMethod(OzoneManagerProtocolProtos.java) [ozone-interface-client-1.3.0-SNAPSHOT.jar:?]
	at org.apache.hadoop.ipc.ProtobufRpcEngine$Server.processCall(ProtobufRpcEngine.java:466) [hadoop-common-3.3.1.jar:?]
	at org.apache.hadoop.ipc.ProtobufRpcEngine2$Server$ProtoBufRpcInvoker.call(ProtobufRpcEngine2.java:574) [hadoop-common-3.3.1.jar:?]
	at org.apache.hadoop.ipc.ProtobufRpcEngine2$Server$ProtoBufRpcInvoker.call(ProtobufRpcEngine2.java:552) [hadoop-common-3.3.1.jar:?]
	at org.apache.hadoop.ipc.RPC$Server.call(RPC.java:1093) [hadoop-common-3.3.1.jar:?]
	at org.apache.hadoop.ipc.Server$RpcCall.run(Server.java:1035) [hadoop-common-3.3.1.jar:?]
	at org.apache.hadoop.ipc.Server$RpcCall.run(Server.java:963) [hadoop-common-3.3.1.jar:?]
	at java.security.AccessController.doPrivileged(Native Method) ~[?:1.8.0_345]
	at javax.security.auth.Subject.doAs(Subject.java:422) [?:1.8.0_345]
	at org.apache.hadoop.security.UserGroupInformation.doAs(UserGroupInformation.java:1878) [hadoop-common-3.3.1.jar:?]
	at org.apache.hadoop.ipc.Server$Handler.run(Server.java:2966) [hadoop-common-3.3.1.jar:?]
2022-10-10 08:38:45,963 [Time-limited test] WARN  ozone.BasicOzoneFileSystem (BasicOzoneFileSystem.java:getFileStatus(765)) - GetFileStatus failed for path /level0
java.io.FileNotFoundException: level0: No such file or directory!
	at org.apache.hadoop.fs.ozone.BasicOzoneClientAdapterImpl.getFileStatus(BasicOzoneClientAdapterImpl.java:369)
	at org.apache.hadoop.fs.ozone.BasicOzoneFileSystem.getFileStatus(BasicOzoneFileSystem.java:757)
	at org.apache.hadoop.fs.ozone.TestOzoneFileSystem.checkPath(TestOzoneFileSystem.java:502)
	at org.apache.hadoop.fs.ozone.TestOzoneFileSystem.testRecursiveDelete(TestOzoneFileSystem.java:486)
	at sun.reflect.NativeMethodAccessorImpl.invoke0(Native Method)
	at sun.reflect.NativeMethodAccessorImpl.invoke(NativeMethodAccessorImpl.java:62)
	at sun.reflect.DelegatingMethodAccessorImpl.invoke(DelegatingMethodAccessorImpl.java:43)
	at java.lang.reflect.Method.invoke(Method.java:498)
	at org.junit.runners.model.FrameworkMethod$1.runReflectiveCall(FrameworkMethod.java:59)
	at org.junit.internal.runners.model.ReflectiveCallable.run(ReflectiveCallable.java:12)
	at org.junit.runners.model.FrameworkMethod.invokeExplosively(FrameworkMethod.java:56)
	at org.junit.internal.runners.statements.InvokeMethod.evaluate(InvokeMethod.java:17)
	at org.junit.internal.runners.statements.RunAfters.evaluate(RunAfters.java:27)
	at org.junit.internal.runners.statements.FailOnTimeout$CallableStatement.call(FailOnTimeout.java:288)
	at org.junit.internal.runners.statements.FailOnTimeout$CallableStatement.call(FailOnTimeout.java:282)
	at java.util.concurrent.FutureTask.run(FutureTask.java:266)
	at java.lang.Thread.run(Thread.java:750)
08:38:45.963 [IPC Server handler 11 on default port 43231] ERROR OMAudit - user=runner | ip=127.0.0.1 | op=GET_FILE_STATUS {volume=volume27327, bucket=bucket40120, key=level0/level1, dataSize=0, replicationConfig=null} | ret=FAILURE
org.apache.hadoop.ozone.om.exceptions.OMException: Unable to get file status: volume: volume27327 bucket: bucket40120 key: level0/level1
	at org.apache.hadoop.ozone.om.KeyManagerImpl.getOzoneFileStatus(KeyManagerImpl.java:1270) ~[ozone-manager-1.3.0-SNAPSHOT.jar:?]
	at org.apache.hadoop.ozone.om.KeyManagerImpl.getFileStatus(KeyManagerImpl.java:1200) ~[ozone-manager-1.3.0-SNAPSHOT.jar:?]
	at org.apache.hadoop.ozone.om.OzoneManager.getFileStatus(OzoneManager.java:3507) ~[ozone-manager-1.3.0-SNAPSHOT.jar:?]
	at org.apache.hadoop.ozone.protocolPB.OzoneManagerRequestHandler.getOzoneFileStatus(OzoneManagerRequestHandler.java:882) ~[ozone-manager-1.3.0-SNAPSHOT.jar:?]
	at org.apache.hadoop.ozone.protocolPB.OzoneManagerRequestHandler.handleReadRequest(OzoneManagerRequestHandler.java:228) ~[ozone-manager-1.3.0-SNAPSHOT.jar:?]
	at org.apache.hadoop.ozone.protocolPB.OzoneManagerProtocolServerSideTranslatorPB.submitRequestDirectlyToOM(OzoneManagerProtocolServerSideTranslatorPB.java:276) ~[ozone-manager-1.3.0-SNAPSHOT.jar:?]
	at org.apache.hadoop.ozone.protocolPB.OzoneManagerProtocolServerSideTranslatorPB.processRequest(OzoneManagerProtocolServerSideTranslatorPB.java:205) ~[ozone-manager-1.3.0-SNAPSHOT.jar:?]
	at org.apache.hadoop.hdds.server.OzoneProtocolMessageDispatcher.processRequest(OzoneProtocolMessageDispatcher.java:87) [hdds-server-framework-1.3.0-SNAPSHOT.jar:?]
	at org.apache.hadoop.ozone.protocolPB.OzoneManagerProtocolServerSideTranslatorPB.submitRequest(OzoneManagerProtocolServerSideTranslatorPB.java:147) [ozone-manager-1.3.0-SNAPSHOT.jar:?]
	at org.apache.hadoop.ozone.protocol.proto.OzoneManagerProtocolProtos$OzoneManagerService$2.callBlockingMethod(OzoneManagerProtocolProtos.java) [ozone-interface-client-1.3.0-SNAPSHOT.jar:?]
	at org.apache.hadoop.ipc.ProtobufRpcEngine$Server.processCall(ProtobufRpcEngine.java:466) [hadoop-common-3.3.1.jar:?]
	at org.apache.hadoop.ipc.ProtobufRpcEngine2$Server$ProtoBufRpcInvoker.call(ProtobufRpcEngine2.java:574) [hadoop-common-3.3.1.jar:?]
	at org.apache.hadoop.ipc.ProtobufRpcEngine2$Server$ProtoBufRpcInvoker.call(ProtobufRpcEngine2.java:552) [hadoop-common-3.3.1.jar:?]
	at org.apache.hadoop.ipc.RPC$Server.call(RPC.java:1093) [hadoop-common-3.3.1.jar:?]
	at org.apache.hadoop.ipc.Server$RpcCall.run(Server.java:1035) [hadoop-common-3.3.1.jar:?]
	at org.apache.hadoop.ipc.Server$RpcCall.run(Server.java:963) [hadoop-common-3.3.1.jar:?]
	at java.security.AccessController.doPrivileged(Native Method) ~[?:1.8.0_345]
	at javax.security.auth.Subject.doAs(Subject.java:422) [?:1.8.0_345]
	at org.apache.hadoop.security.UserGroupInformation.doAs(UserGroupInformation.java:1878) [hadoop-common-3.3.1.jar:?]
	at org.apache.hadoop.ipc.Server$Handler.run(Server.java:2966) [hadoop-common-3.3.1.jar:?]
2022-10-10 08:38:45,965 [Time-limited test] WARN  ozone.BasicOzoneFileSystem (BasicOzoneFileSystem.java:getFileStatus(765)) - GetFileStatus failed for path /level0/level1
java.io.FileNotFoundException: level0/level1: No such file or directory!
	at org.apache.hadoop.fs.ozone.BasicOzoneClientAdapterImpl.getFileStatus(BasicOzoneClientAdapterImpl.java:369)
	at org.apache.hadoop.fs.ozone.BasicOzoneFileSystem.getFileStatus(BasicOzoneFileSystem.java:757)
	at org.apache.hadoop.fs.ozone.TestOzoneFileSystem.checkPath(TestOzoneFileSystem.java:502)
	at org.apache.hadoop.fs.ozone.TestOzoneFileSystem.testRecursiveDelete(TestOzoneFileSystem.java:493)
	at sun.reflect.NativeMethodAccessorImpl.invoke0(Native Method)
	at sun.reflect.NativeMethodAccessorImpl.invoke(NativeMethodAccessorImpl.java:62)
	at sun.reflect.DelegatingMethodAccessorImpl.invoke(DelegatingMethodAccessorImpl.java:43)
	at java.lang.reflect.Method.invoke(Method.java:498)
	at org.junit.runners.model.FrameworkMethod$1.runReflectiveCall(FrameworkMethod.java:59)
	at org.junit.internal.runners.model.ReflectiveCallable.run(ReflectiveCallable.java:12)
	at org.junit.runners.model.FrameworkMethod.invokeExplosively(FrameworkMethod.java:56)
	at org.junit.internal.runners.statements.InvokeMethod.evaluate(InvokeMethod.java:17)
	at org.junit.internal.runners.statements.RunAfters.evaluate(RunAfters.java:27)
	at org.junit.internal.runners.statements.FailOnTimeout$CallableStatement.call(FailOnTimeout.java:288)
	at org.junit.internal.runners.statements.FailOnTimeout$CallableStatement.call(FailOnTimeout.java:282)
	at java.util.concurrent.FutureTask.run(FutureTask.java:266)
	at java.lang.Thread.run(Thread.java:750)
08:38:45.966 [IPC Server handler 12 on default port 43231] ERROR OMAudit - user=runner | ip=127.0.0.1 | op=GET_FILE_STATUS {volume=volume27327, bucket=bucket40120, key=level0/level1/level1, dataSize=0, replicationConfig=null} | ret=FAILURE
org.apache.hadoop.ozone.om.exceptions.OMException: Unable to get file status: volume: volume27327 bucket: bucket40120 key: level0/level1/level1
	at org.apache.hadoop.ozone.om.KeyManagerImpl.getOzoneFileStatus(KeyManagerImpl.java:1270) ~[ozone-manager-1.3.0-SNAPSHOT.jar:?]
	at org.apache.hadoop.ozone.om.KeyManagerImpl.getFileStatus(KeyManagerImpl.java:1200) ~[ozone-manager-1.3.0-SNAPSHOT.jar:?]
	at org.apache.hadoop.ozone.om.OzoneManager.getFileStatus(OzoneManager.java:3507) ~[ozone-manager-1.3.0-SNAPSHOT.jar:?]
	at org.apache.hadoop.ozone.protocolPB.OzoneManagerRequestHandler.getOzoneFileStatus(OzoneManagerRequestHandler.java:882) ~[ozone-manager-1.3.0-SNAPSHOT.jar:?]
	at org.apache.hadoop.ozone.protocolPB.OzoneManagerRequestHandler.handleReadRequest(OzoneManagerRequestHandler.java:228) ~[ozone-manager-1.3.0-SNAPSHOT.jar:?]
	at org.apache.hadoop.ozone.protocolPB.OzoneManagerProtocolServerSideTranslatorPB.submitRequestDirectlyToOM(OzoneManagerProtocolServerSideTranslatorPB.java:276) ~[ozone-manager-1.3.0-SNAPSHOT.jar:?]
	at org.apache.hadoop.ozone.protocolPB.OzoneManagerProtocolServerSideTranslatorPB.processRequest(OzoneManagerProtocolServerSideTranslatorPB.java:205) ~[ozone-manager-1.3.0-SNAPSHOT.jar:?]
	at org.apache.hadoop.hdds.server.OzoneProtocolMessageDispatcher.processRequest(OzoneProtocolMessageDispatcher.java:87) [hdds-server-framework-1.3.0-SNAPSHOT.jar:?]
	at org.apache.hadoop.ozone.protocolPB.OzoneManagerProtocolServerSideTranslatorPB.submitRequest(OzoneManagerProtocolServerSideTranslatorPB.java:147) [ozone-manager-1.3.0-SNAPSHOT.jar:?]
	at org.apache.hadoop.ozone.protocol.proto.OzoneManagerProtocolProtos$OzoneManagerService$2.callBlockingMethod(OzoneManagerProtocolProtos.java) [ozone-interface-client-1.3.0-SNAPSHOT.jar:?]
	at org.apache.hadoop.ipc.ProtobufRpcEngine$Server.processCall(ProtobufRpcEngine.java:466) [hadoop-common-3.3.1.jar:?]
	at org.apache.hadoop.ipc.ProtobufRpcEngine2$Server$ProtoBufRpcInvoker.call(ProtobufRpcEngine2.java:574) [hadoop-common-3.3.1.jar:?]
	at org.apache.hadoop.ipc.ProtobufRpcEngine2$Server$ProtoBufRpcInvoker.call(ProtobufRpcEngine2.java:552) [hadoop-common-3.3.1.jar:?]
	at org.apache.hadoop.ipc.RPC$Server.call(RPC.java:1093) [hadoop-common-3.3.1.jar:?]
	at org.apache.hadoop.ipc.Server$RpcCall.run(Server.java:1035) [hadoop-common-3.3.1.jar:?]
	at org.apache.hadoop.ipc.Server$RpcCall.run(Server.java:963) [hadoop-common-3.3.1.jar:?]
	at java.security.AccessController.doPrivileged(Native Method) ~[?:1.8.0_345]
	at javax.security.auth.Subject.doAs(Subject.java:422) [?:1.8.0_345]
	at org.apache.hadoop.security.UserGroupInformation.doAs(UserGroupInformation.java:1878) [hadoop-common-3.3.1.jar:?]
	at org.apache.hadoop.ipc.Server$Handler.run(Server.java:2966) [hadoop-common-3.3.1.jar:?]
2022-10-10 08:38:45,966 [Time-limited test] WARN  ozone.BasicOzoneFileSystem (BasicOzoneFileSystem.java:getFileStatus(765)) - GetFileStatus failed for path /level0/level1/level1
java.io.FileNotFoundException: level0/level1/level1: No such file or directory!
	at org.apache.hadoop.fs.ozone.BasicOzoneClientAdapterImpl.getFileStatus(BasicOzoneClientAdapterImpl.java:369)
	at org.apache.hadoop.fs.ozone.BasicOzoneFileSystem.getFileStatus(BasicOzoneFileSystem.java:757)
	at org.apache.hadoop.fs.ozone.TestOzoneFileSystem.checkPath(TestOzoneFileSystem.java:502)
	at org.apache.hadoop.fs.ozone.TestOzoneFileSystem.testRecursiveDelete(TestOzoneFileSystem.java:494)
	at sun.reflect.NativeMethodAccessorImpl.invoke0(Native Method)
	at sun.reflect.NativeMethodAccessorImpl.invoke(NativeMethodAccessorImpl.java:62)
	at sun.reflect.DelegatingMethodAccessorImpl.invoke(DelegatingMethodAccessorImpl.java:43)
	at java.lang.reflect.Method.invoke(Method.java:498)
	at org.junit.runners.model.FrameworkMethod$1.runReflectiveCall(FrameworkMethod.java:59)
	at org.junit.internal.runners.model.ReflectiveCallable.run(ReflectiveCallable.java:12)
	at org.junit.runners.model.FrameworkMethod.invokeExplosively(FrameworkMethod.java:56)
	at org.junit.internal.runners.statements.InvokeMethod.evaluate(InvokeMethod.java:17)
	at org.junit.internal.runners.statements.RunAfters.evaluate(RunAfters.java:27)
	at org.junit.internal.runners.statements.FailOnTimeout$CallableStatement.call(FailOnTimeout.java:288)
	at org.junit.internal.runners.statements.FailOnTimeout$CallableStatement.call(FailOnTimeout.java:282)
	at java.util.concurrent.FutureTask.run(FutureTask.java:266)
	at java.lang.Thread.run(Thread.java:750)
08:38:45.967 [IPC Server handler 13 on default port 43231] ERROR OMAudit - user=runner | ip=127.0.0.1 | op=GET_FILE_STATUS {volume=volume27327, bucket=bucket40120, key=level0/level1/file1, dataSize=0, replicationConfig=null} | ret=FAILURE
org.apache.hadoop.ozone.om.exceptions.OMException: Unable to get file status: volume: volume27327 bucket: bucket40120 key: level0/level1/file1
	at org.apache.hadoop.ozone.om.KeyManagerImpl.getOzoneFileStatus(KeyManagerImpl.java:1270) ~[ozone-manager-1.3.0-SNAPSHOT.jar:?]
	at org.apache.hadoop.ozone.om.KeyManagerImpl.getFileStatus(KeyManagerImpl.java:1200) ~[ozone-manager-1.3.0-SNAPSHOT.jar:?]
	at org.apache.hadoop.ozone.om.OzoneManager.getFileStatus(OzoneManager.java:3507) ~[ozone-manager-1.3.0-SNAPSHOT.jar:?]
	at org.apache.hadoop.ozone.protocolPB.OzoneManagerRequestHandler.getOzoneFileStatus(OzoneManagerRequestHandler.java:882) ~[ozone-manager-1.3.0-SNAPSHOT.jar:?]
	at org.apache.hadoop.ozone.protocolPB.OzoneManagerRequestHandler.handleReadRequest(OzoneManagerRequestHandler.java:228) ~[ozone-manager-1.3.0-SNAPSHOT.jar:?]
	at org.apache.hadoop.ozone.protocolPB.OzoneManagerProtocolServerSideTranslatorPB.submitRequestDirectlyToOM(OzoneManagerProtocolServerSideTranslatorPB.java:276) ~[ozone-manager-1.3.0-SNAPSHOT.jar:?]
	at org.apache.hadoop.ozone.protocolPB.OzoneManagerProtocolServerSideTranslatorPB.processRequest(OzoneManagerProtocolServerSideTranslatorPB.java:205) ~[ozone-manager-1.3.0-SNAPSHOT.jar:?]
	at org.apache.hadoop.hdds.server.OzoneProtocolMessageDispatcher.processRequest(OzoneProtocolMessageDispatcher.java:87) [hdds-server-framework-1.3.0-SNAPSHOT.jar:?]
	at org.apache.hadoop.ozone.protocolPB.OzoneManagerProtocolServerSideTranslatorPB.submitRequest(OzoneManagerProtocolServerSideTranslatorPB.java:147) [ozone-manager-1.3.0-SNAPSHOT.jar:?]
	at org.apache.hadoop.ozone.protocol.proto.OzoneManagerProtocolProtos$OzoneManagerService$2.callBlockingMethod(OzoneManagerProtocolProtos.java) [ozone-interface-client-1.3.0-SNAPSHOT.jar:?]
	at org.apache.hadoop.ipc.ProtobufRpcEngine$Server.processCall(ProtobufRpcEngine.java:466) [hadoop-common-3.3.1.jar:?]
	at org.apache.hadoop.ipc.ProtobufRpcEngine2$Server$ProtoBufRpcInvoker.call(ProtobufRpcEngine2.java:574) [hadoop-common-3.3.1.jar:?]
	at org.apache.hadoop.ipc.ProtobufRpcEngine2$Server$ProtoBufRpcInvoker.call(ProtobufRpcEngine2.java:552) [hadoop-common-3.3.1.jar:?]
	at org.apache.hadoop.ipc.RPC$Server.call(RPC.java:1093) [hadoop-common-3.3.1.jar:?]
	at org.apache.hadoop.ipc.Server$RpcCall.run(Server.java:1035) [hadoop-common-3.3.1.jar:?]
	at org.apache.hadoop.ipc.Server$RpcCall.run(Server.java:963) [hadoop-common-3.3.1.jar:?]
	at java.security.AccessController.doPrivileged(Native Method) ~[?:1.8.0_345]
	at javax.security.auth.Subject.doAs(Subject.java:422) [?:1.8.0_345]
	at org.apache.hadoop.security.UserGroupInformation.doAs(UserGroupInformation.java:1878) [hadoop-common-3.3.1.jar:?]
	at org.apache.hadoop.ipc.Server$Handler.run(Server.java:2966) [hadoop-common-3.3.1.jar:?]
2022-10-10 08:38:45,967 [Time-limited test] WARN  ozone.BasicOzoneFileSystem (BasicOzoneFileSystem.java:getFileStatus(765)) - GetFileStatus failed for path /level0/level1/file1
java.io.FileNotFoundException: level0/level1/file1: No such file or directory!
	at org.apache.hadoop.fs.ozone.BasicOzoneClientAdapterImpl.getFileStatus(BasicOzoneClientAdapterImpl.java:369)
	at org.apache.hadoop.fs.ozone.BasicOzoneFileSystem.getFileStatus(BasicOzoneFileSystem.java:757)
	at org.apache.hadoop.fs.ozone.TestOzoneFileSystem.checkPath(TestOzoneFileSystem.java:502)
	at org.apache.hadoop.fs.ozone.TestOzoneFileSystem.testRecursiveDelete(TestOzoneFileSystem.java:495)
	at sun.reflect.NativeMethodAccessorImpl.invoke0(Native Method)
	at sun.reflect.NativeMethodAccessorImpl.invoke(NativeMethodAccessorImpl.java:62)
	at sun.reflect.DelegatingMethodAccessorImpl.invoke(DelegatingMethodAccessorImpl.java:43)
	at java.lang.reflect.Method.invoke(Method.java:498)
	at org.junit.runners.model.FrameworkMethod$1.runReflectiveCall(FrameworkMethod.java:59)
	at org.junit.internal.runners.model.ReflectiveCallable.run(ReflectiveCallable.java:12)
	at org.junit.runners.model.FrameworkMethod.invokeExplosively(FrameworkMethod.java:56)
	at org.junit.internal.runners.statements.InvokeMethod.evaluate(InvokeMethod.java:17)
	at org.junit.internal.runners.statements.RunAfters.evaluate(RunAfters.java:27)
	at org.junit.internal.runners.statements.FailOnTimeout$CallableStatement.call(FailOnTimeout.java:288)
	at org.junit.internal.runners.statements.FailOnTimeout$CallableStatement.call(FailOnTimeout.java:282)
	at java.util.concurrent.FutureTask.run(FutureTask.java:266)
	at java.lang.Thread.run(Thread.java:750)
08:38:45.968 [IPC Server handler 14 on default port 43231] ERROR OMAudit - user=runner | ip=127.0.0.1 | op=GET_FILE_STATUS {volume=volume27327, bucket=bucket40120, key=level0/level1/level1/file1, dataSize=0, replicationConfig=null} | ret=FAILURE
org.apache.hadoop.ozone.om.exceptions.OMException: Unable to get file status: volume: volume27327 bucket: bucket40120 key: level0/level1/level1/file1
	at org.apache.hadoop.ozone.om.KeyManagerImpl.getOzoneFileStatus(KeyManagerImpl.java:1270) ~[ozone-manager-1.3.0-SNAPSHOT.jar:?]
	at org.apache.hadoop.ozone.om.KeyManagerImpl.getFileStatus(KeyManagerImpl.java:1200) ~[ozone-manager-1.3.0-SNAPSHOT.jar:?]
	at org.apache.hadoop.ozone.om.OzoneManager.getFileStatus(OzoneManager.java:3507) ~[ozone-manager-1.3.0-SNAPSHOT.jar:?]
	at org.apache.hadoop.ozone.protocolPB.OzoneManagerRequestHandler.getOzoneFileStatus(OzoneManagerRequestHandler.java:882) ~[ozone-manager-1.3.0-SNAPSHOT.jar:?]
	at org.apache.hadoop.ozone.protocolPB.OzoneManagerRequestHandler.handleReadRequest(OzoneManagerRequestHandler.java:228) ~[ozone-manager-1.3.0-SNAPSHOT.jar:?]
	at org.apache.hadoop.ozone.protocolPB.OzoneManagerProtocolServerSideTranslatorPB.submitRequestDirectlyToOM(OzoneManagerProtocolServerSideTranslatorPB.java:276) ~[ozone-manager-1.3.0-SNAPSHOT.jar:?]
	at org.apache.hadoop.ozone.protocolPB.OzoneManagerProtocolServerSideTranslatorPB.processRequest(OzoneManagerProtocolServerSideTranslatorPB.java:205) ~[ozone-manager-1.3.0-SNAPSHOT.jar:?]
	at org.apache.hadoop.hdds.server.OzoneProtocolMessageDispatcher.processRequest(OzoneProtocolMessageDispatcher.java:87) [hdds-server-framework-1.3.0-SNAPSHOT.jar:?]
	at org.apache.hadoop.ozone.protocolPB.OzoneManagerProtocolServerSideTranslatorPB.submitRequest(OzoneManagerProtocolServerSideTranslatorPB.java:147) [ozone-manager-1.3.0-SNAPSHOT.jar:?]
	at org.apache.hadoop.ozone.protocol.proto.OzoneManagerProtocolProtos$OzoneManagerService$2.callBlockingMethod(OzoneManagerProtocolProtos.java) [ozone-interface-client-1.3.0-SNAPSHOT.jar:?]
	at org.apache.hadoop.ipc.ProtobufRpcEngine$Server.processCall(ProtobufRpcEngine.java:466) [hadoop-common-3.3.1.jar:?]
	at org.apache.hadoop.ipc.ProtobufRpcEngine2$Server$ProtoBufRpcInvoker.call(ProtobufRpcEngine2.java:574) [hadoop-common-3.3.1.jar:?]
	at org.apache.hadoop.ipc.ProtobufRpcEngine2$Server$ProtoBufRpcInvoker.call(ProtobufRpcEngine2.java:552) [hadoop-common-3.3.1.jar:?]
	at org.apache.hadoop.ipc.RPC$Server.call(RPC.java:1093) [hadoop-common-3.3.1.jar:?]
	at org.apache.hadoop.ipc.Server$RpcCall.run(Server.java:1035) [hadoop-common-3.3.1.jar:?]
	at org.apache.hadoop.ipc.Server$RpcCall.run(Server.java:963) [hadoop-common-3.3.1.jar:?]
	at java.security.AccessController.doPrivileged(Native Method) ~[?:1.8.0_345]
	at javax.security.auth.Subject.doAs(Subject.java:422) [?:1.8.0_345]
	at org.apache.hadoop.security.UserGroupInformation.doAs(UserGroupInformation.java:1878) [hadoop-common-3.3.1.jar:?]
	at org.apache.hadoop.ipc.Server$Handler.run(Server.java:2966) [hadoop-common-3.3.1.jar:?]
2022-10-10 08:38:45,968 [Time-limited test] WARN  ozone.BasicOzoneFileSystem (BasicOzoneFileSystem.java:getFileStatus(765)) - GetFileStatus failed for path /level0/level1/level1/file1
java.io.FileNotFoundException: level0/level1/level1/file1: No such file or directory!
	at org.apache.hadoop.fs.ozone.BasicOzoneClientAdapterImpl.getFileStatus(BasicOzoneClientAdapterImpl.java:369)
	at org.apache.hadoop.fs.ozone.BasicOzoneFileSystem.getFileStatus(BasicOzoneFileSystem.java:757)
	at org.apache.hadoop.fs.ozone.TestOzoneFileSystem.checkPath(TestOzoneFileSystem.java:502)
	at org.apache.hadoop.fs.ozone.TestOzoneFileSystem.testRecursiveDelete(TestOzoneFileSystem.java:496)
	at sun.reflect.NativeMethodAccessorImpl.invoke0(Native Method)
	at sun.reflect.NativeMethodAccessorImpl.invoke(NativeMethodAccessorImpl.java:62)
	at sun.reflect.DelegatingMethodAccessorImpl.invoke(DelegatingMethodAccessorImpl.java:43)
	at java.lang.reflect.Method.invoke(Method.java:498)
	at org.junit.runners.model.FrameworkMethod$1.runReflectiveCall(FrameworkMethod.java:59)
	at org.junit.internal.runners.model.ReflectiveCallable.run(ReflectiveCallable.java:12)
	at org.junit.runners.model.FrameworkMethod.invokeExplosively(FrameworkMethod.java:56)
	at org.junit.internal.runners.statements.InvokeMethod.evaluate(InvokeMethod.java:17)
	at org.junit.internal.runners.statements.RunAfters.evaluate(RunAfters.java:27)
	at org.junit.internal.runners.statements.FailOnTimeout$CallableStatement.call(FailOnTimeout.java:288)
	at org.junit.internal.runners.statements.FailOnTimeout$CallableStatement.call(FailOnTimeout.java:282)
	at java.util.concurrent.FutureTask.run(FutureTask.java:266)
	at java.lang.Thread.run(Thread.java:750)
08:38:45.972 [IPC Server handler 16 on default port 43231] ERROR OMAudit - user=runner | ip=127.0.0.1 | op=GET_FILE_STATUS {volume=volume27327, bucket=bucket40120, key=level0/level2, dataSize=0, replicationConfig=null} | ret=FAILURE
org.apache.hadoop.ozone.om.exceptions.OMException: Unable to get file status: volume: volume27327 bucket: bucket40120 key: level0/level2
	at org.apache.hadoop.ozone.om.KeyManagerImpl.getOzoneFileStatus(KeyManagerImpl.java:1270) ~[ozone-manager-1.3.0-SNAPSHOT.jar:?]
	at org.apache.hadoop.ozone.om.KeyManagerImpl.getFileStatus(KeyManagerImpl.java:1200) ~[ozone-manager-1.3.0-SNAPSHOT.jar:?]
	at org.apache.hadoop.ozone.om.OzoneManager.getFileStatus(OzoneManager.java:3507) ~[ozone-manager-1.3.0-SNAPSHOT.jar:?]
	at org.apache.hadoop.ozone.protocolPB.OzoneManagerRequestHandler.getOzoneFileStatus(OzoneManagerRequestHandler.java:882) ~[ozone-manager-1.3.0-SNAPSHOT.jar:?]
	at org.apache.hadoop.ozone.protocolPB.OzoneManagerRequestHandler.handleReadRequest(OzoneManagerRequestHandler.java:228) ~[ozone-manager-1.3.0-SNAPSHOT.jar:?]
	at org.apache.hadoop.ozone.protocolPB.OzoneManagerProtocolServerSideTranslatorPB.submitRequestDirectlyToOM(OzoneManagerProtocolServerSideTranslatorPB.java:276) ~[ozone-manager-1.3.0-SNAPSHOT.jar:?]
	at org.apache.hadoop.ozone.protocolPB.OzoneManagerProtocolServerSideTranslatorPB.processRequest(OzoneManagerProtocolServerSideTranslatorPB.java:205) ~[ozone-manager-1.3.0-SNAPSHOT.jar:?]
	at org.apache.hadoop.hdds.server.OzoneProtocolMessageDispatcher.processRequest(OzoneProtocolMessageDispatcher.java:87) [hdds-server-framework-1.3.0-SNAPSHOT.jar:?]
	at org.apache.hadoop.ozone.protocolPB.OzoneManagerProtocolServerSideTranslatorPB.submitRequest(OzoneManagerProtocolServerSideTranslatorPB.java:147) [ozone-manager-1.3.0-SNAPSHOT.jar:?]
	at org.apache.hadoop.ozone.protocol.proto.OzoneManagerProtocolProtos$OzoneManagerService$2.callBlockingMethod(OzoneManagerProtocolProtos.java) [ozone-interface-client-1.3.0-SNAPSHOT.jar:?]
	at org.apache.hadoop.ipc.ProtobufRpcEngine$Server.processCall(ProtobufRpcEngine.java:466) [hadoop-common-3.3.1.jar:?]
	at org.apache.hadoop.ipc.ProtobufRpcEngine2$Server$ProtoBufRpcInvoker.call(ProtobufRpcEngine2.java:574) [hadoop-common-3.3.1.jar:?]
	at org.apache.hadoop.ipc.ProtobufRpcEngine2$Server$ProtoBufRpcInvoker.call(ProtobufRpcEngine2.java:552) [hadoop-common-3.3.1.jar:?]
	at org.apache.hadoop.ipc.RPC$Server.call(RPC.java:1093) [hadoop-common-3.3.1.jar:?]
	at org.apache.hadoop.ipc.Server$RpcCall.run(Server.java:1035) [hadoop-common-3.3.1.jar:?]
	at org.apache.hadoop.ipc.Server$RpcCall.run(Server.java:963) [hadoop-common-3.3.1.jar:?]
	at java.security.AccessController.doPrivileged(Native Method) ~[?:1.8.0_345]
	at javax.security.auth.Subject.doAs(Subject.java:422) [?:1.8.0_345]
	at org.apache.hadoop.security.UserGroupInformation.doAs(UserGroupInformation.java:1878) [hadoop-common-3.3.1.jar:?]
	at org.apache.hadoop.ipc.Server$Handler.run(Server.java:2966) [hadoop-common-3.3.1.jar:?]
2022-10-10 08:38:45,979 [Time-limited test] WARN  ozone.BasicOzoneFileSystem (BasicOzoneFileSystem.java:getFileStatus(765)) - GetFileStatus failed for path /level0/level2
java.io.FileNotFoundException: level0/level2: No such file or directory!
	at org.apache.hadoop.fs.ozone.BasicOzoneClientAdapterImpl.getFileStatus(BasicOzoneClientAdapterImpl.java:369)
	at org.apache.hadoop.fs.ozone.BasicOzoneFileSystem.getFileStatus(BasicOzoneFileSystem.java:757)
	at org.apache.hadoop.fs.ozone.TestOzoneFileSystem.checkPath(TestOzoneFileSystem.java:502)
	at org.apache.hadoop.fs.ozone.TestOzoneFileSystem.testRecursiveDelete(TestOzoneFileSystem.java:493)
	at sun.reflect.NativeMethodAccessorImpl.invoke0(Native Method)
	at sun.reflect.NativeMethodAccessorImpl.invoke(NativeMethodAccessorImpl.java:62)
	at sun.reflect.DelegatingMethodAccessorImpl.invoke(DelegatingMethodAccessorImpl.java:43)
	at java.lang.reflect.Method.invoke(Method.java:498)
	at org.junit.runners.model.FrameworkMethod$1.runReflectiveCall(FrameworkMethod.java:59)
	at org.junit.internal.runners.model.ReflectiveCallable.run(ReflectiveCallable.java:12)
	at org.junit.runners.model.FrameworkMethod.invokeExplosively(FrameworkMethod.java:56)
	at org.junit.internal.runners.statements.InvokeMethod.evaluate(InvokeMethod.java:17)
	at org.junit.internal.runners.statements.RunAfters.evaluate(RunAfters.java:27)
	at org.junit.internal.runners.statements.FailOnTimeout$CallableStatement.call(FailOnTimeout.java:288)
	at org.junit.internal.runners.statements.FailOnTimeout$CallableStatement.call(FailOnTimeout.java:282)
	at java.util.concurrent.FutureTask.run(FutureTask.java:266)
	at java.lang.Thread.run(Thread.java:750)
08:38:45.980 [IPC Server handler 15 on default port 43231] ERROR OMAudit - user=runner | ip=127.0.0.1 | op=GET_FILE_STATUS {volume=volume27327, bucket=bucket40120, key=level0/level2/level2, dataSize=0, replicationConfig=null} | ret=FAILURE
org.apache.hadoop.ozone.om.exceptions.OMException: Unable to get file status: volume: volume27327 bucket: bucket40120 key: level0/level2/level2
	at org.apache.hadoop.ozone.om.KeyManagerImpl.getOzoneFileStatus(KeyManagerImpl.java:1270) ~[ozone-manager-1.3.0-SNAPSHOT.jar:?]
	at org.apache.hadoop.ozone.om.KeyManagerImpl.getFileStatus(KeyManagerImpl.java:1200) ~[ozone-manager-1.3.0-SNAPSHOT.jar:?]
	at org.apache.hadoop.ozone.om.OzoneManager.getFileStatus(OzoneManager.java:3507) ~[ozone-manager-1.3.0-SNAPSHOT.jar:?]
	at org.apache.hadoop.ozone.protocolPB.OzoneManagerRequestHandler.getOzoneFileStatus(OzoneManagerRequestHandler.java:882) ~[ozone-manager-1.3.0-SNAPSHOT.jar:?]
	at org.apache.hadoop.ozone.protocolPB.OzoneManagerRequestHandler.handleReadRequest(OzoneManagerRequestHandler.java:228) ~[ozone-manager-1.3.0-SNAPSHOT.jar:?]
	at org.apache.hadoop.ozone.protocolPB.OzoneManagerProtocolServerSideTranslatorPB.submitRequestDirectlyToOM(OzoneManagerProtocolServerSideTranslatorPB.java:276) ~[ozone-manager-1.3.0-SNAPSHOT.jar:?]
	at org.apache.hadoop.ozone.protocolPB.OzoneManagerProtocolServerSideTranslatorPB.processRequest(OzoneManagerProtocolServerSideTranslatorPB.java:205) ~[ozone-manager-1.3.0-SNAPSHOT.jar:?]
	at org.apache.hadoop.hdds.server.OzoneProtocolMessageDispatcher.processRequest(OzoneProtocolMessageDispatcher.java:87) [hdds-server-framework-1.3.0-SNAPSHOT.jar:?]
	at org.apache.hadoop.ozone.protocolPB.OzoneManagerProtocolServerSideTranslatorPB.submitRequest(OzoneManagerProtocolServerSideTranslatorPB.java:147) [ozone-manager-1.3.0-SNAPSHOT.jar:?]
	at org.apache.hadoop.ozone.protocol.proto.OzoneManagerProtocolProtos$OzoneManagerService$2.callBlockingMethod(OzoneManagerProtocolProtos.java) [ozone-interface-client-1.3.0-SNAPSHOT.jar:?]
	at org.apache.hadoop.ipc.ProtobufRpcEngine$Server.processCall(ProtobufRpcEngine.java:466) [hadoop-common-3.3.1.jar:?]
	at org.apache.hadoop.ipc.ProtobufRpcEngine2$Server$ProtoBufRpcInvoker.call(ProtobufRpcEngine2.java:574) [hadoop-common-3.3.1.jar:?]
	at org.apache.hadoop.ipc.ProtobufRpcEngine2$Server$ProtoBufRpcInvoker.call(ProtobufRpcEngine2.java:552) [hadoop-common-3.3.1.jar:?]
	at org.apache.hadoop.ipc.RPC$Server.call(RPC.java:1093) [hadoop-common-3.3.1.jar:?]
	at org.apache.hadoop.ipc.Server$RpcCall.run(Server.java:1035) [hadoop-common-3.3.1.jar:?]
	at org.apache.hadoop.ipc.Server$RpcCall.run(Server.java:963) [hadoop-common-3.3.1.jar:?]
	at java.security.AccessController.doPrivileged(Native Method) ~[?:1.8.0_345]
	at javax.security.auth.Subject.doAs(Subject.java:422) [?:1.8.0_345]
	at org.apache.hadoop.security.UserGroupInformation.doAs(UserGroupInformation.java:1878) [hadoop-common-3.3.1.jar:?]
	at org.apache.hadoop.ipc.Server$Handler.run(Server.java:2966) [hadoop-common-3.3.1.jar:?]
2022-10-10 08:38:45,981 [Time-limited test] WARN  ozone.BasicOzoneFileSystem (BasicOzoneFileSystem.java:getFileStatus(765)) - GetFileStatus failed for path /level0/level2/level2
java.io.FileNotFoundException: level0/level2/level2: No such file or directory!
	at org.apache.hadoop.fs.ozone.BasicOzoneClientAdapterImpl.getFileStatus(BasicOzoneClientAdapterImpl.java:369)
	at org.apache.hadoop.fs.ozone.BasicOzoneFileSystem.getFileStatus(BasicOzoneFileSystem.java:757)
	at org.apache.hadoop.fs.ozone.TestOzoneFileSystem.checkPath(TestOzoneFileSystem.java:502)
	at org.apache.hadoop.fs.ozone.TestOzoneFileSystem.testRecursiveDelete(TestOzoneFileSystem.java:494)
	at sun.reflect.NativeMethodAccessorImpl.invoke0(Native Method)
	at sun.reflect.NativeMethodAccessorImpl.invoke(NativeMethodAccessorImpl.java:62)
	at sun.reflect.DelegatingMethodAccessorImpl.invoke(DelegatingMethodAccessorImpl.java:43)
	at java.lang.reflect.Method.invoke(Method.java:498)
	at org.junit.runners.model.FrameworkMethod$1.runReflectiveCall(FrameworkMethod.java:59)
	at org.junit.internal.runners.model.ReflectiveCallable.run(ReflectiveCallable.java:12)
	at org.junit.runners.model.FrameworkMethod.invokeExplosively(FrameworkMethod.java:56)
	at org.junit.internal.runners.statements.InvokeMethod.evaluate(InvokeMethod.java:17)
	at org.junit.internal.runners.statements.RunAfters.evaluate(RunAfters.java:27)
	at org.junit.internal.runners.statements.FailOnTimeout$CallableStatement.call(FailOnTimeout.java:288)
	at org.junit.internal.runners.statements.FailOnTimeout$CallableStatement.call(FailOnTimeout.java:282)
	at java.util.concurrent.FutureTask.run(FutureTask.java:266)
	at java.lang.Thread.run(Thread.java:750)
08:38:45.981 [IPC Server handler 17 on default port 43231] ERROR OMAudit - user=runner | ip=127.0.0.1 | op=GET_FILE_STATUS {volume=volume27327, bucket=bucket40120, key=level0/level2/file1, dataSize=0, replicationConfig=null} | ret=FAILURE
org.apache.hadoop.ozone.om.exceptions.OMException: Unable to get file status: volume: volume27327 bucket: bucket40120 key: level0/level2/file1
	at org.apache.hadoop.ozone.om.KeyManagerImpl.getOzoneFileStatus(KeyManagerImpl.java:1270) ~[ozone-manager-1.3.0-SNAPSHOT.jar:?]
	at org.apache.hadoop.ozone.om.KeyManagerImpl.getFileStatus(KeyManagerImpl.java:1200) ~[ozone-manager-1.3.0-SNAPSHOT.jar:?]
	at org.apache.hadoop.ozone.om.OzoneManager.getFileStatus(OzoneManager.java:3507) ~[ozone-manager-1.3.0-SNAPSHOT.jar:?]
	at org.apache.hadoop.ozone.protocolPB.OzoneManagerRequestHandler.getOzoneFileStatus(OzoneManagerRequestHandler.java:882) ~[ozone-manager-1.3.0-SNAPSHOT.jar:?]
	at org.apache.hadoop.ozone.protocolPB.OzoneManagerRequestHandler.handleReadRequest(OzoneManagerRequestHandler.java:228) ~[ozone-manager-1.3.0-SNAPSHOT.jar:?]
	at org.apache.hadoop.ozone.protocolPB.OzoneManagerProtocolServerSideTranslatorPB.submitRequestDirectlyToOM(OzoneManagerProtocolServerSideTranslatorPB.java:276) ~[ozone-manager-1.3.0-SNAPSHOT.jar:?]
	at org.apache.hadoop.ozone.protocolPB.OzoneManagerProtocolServerSideTranslatorPB.processRequest(OzoneManagerProtocolServerSideTranslatorPB.java:205) ~[ozone-manager-1.3.0-SNAPSHOT.jar:?]
	at org.apache.hadoop.hdds.server.OzoneProtocolMessageDispatcher.processRequest(OzoneProtocolMessageDispatcher.java:87) [hdds-server-framework-1.3.0-SNAPSHOT.jar:?]
	at org.apache.hadoop.ozone.protocolPB.OzoneManagerProtocolServerSideTranslatorPB.submitRequest(OzoneManagerProtocolServerSideTranslatorPB.java:147) [ozone-manager-1.3.0-SNAPSHOT.jar:?]
	at org.apache.hadoop.ozone.protocol.proto.OzoneManagerProtocolProtos$OzoneManagerService$2.callBlockingMethod(OzoneManagerProtocolProtos.java) [ozone-interface-client-1.3.0-SNAPSHOT.jar:?]
	at org.apache.hadoop.ipc.ProtobufRpcEngine$Server.processCall(ProtobufRpcEngine.java:466) [hadoop-common-3.3.1.jar:?]
	at org.apache.hadoop.ipc.ProtobufRpcEngine2$Server$ProtoBufRpcInvoker.call(ProtobufRpcEngine2.java:574) [hadoop-common-3.3.1.jar:?]
	at org.apache.hadoop.ipc.ProtobufRpcEngine2$Server$ProtoBufRpcInvoker.call(ProtobufRpcEngine2.java:552) [hadoop-common-3.3.1.jar:?]
	at org.apache.hadoop.ipc.RPC$Server.call(RPC.java:1093) [hadoop-common-3.3.1.jar:?]
	at org.apache.hadoop.ipc.Server$RpcCall.run(Server.java:1035) [hadoop-common-3.3.1.jar:?]
	at org.apache.hadoop.ipc.Server$RpcCall.run(Server.java:963) [hadoop-common-3.3.1.jar:?]
	at java.security.AccessController.doPrivileged(Native Method) ~[?:1.8.0_345]
	at javax.security.auth.Subject.doAs(Subject.java:422) [?:1.8.0_345]
	at org.apache.hadoop.security.UserGroupInformation.doAs(UserGroupInformation.java:1878) [hadoop-common-3.3.1.jar:?]
	at org.apache.hadoop.ipc.Server$Handler.run(Server.java:2966) [hadoop-common-3.3.1.jar:?]
2022-10-10 08:38:45,982 [Time-limited test] WARN  ozone.BasicOzoneFileSystem (BasicOzoneFileSystem.java:getFileStatus(765)) - GetFileStatus failed for path /level0/level2/file1
java.io.FileNotFoundException: level0/level2/file1: No such file or directory!
	at org.apache.hadoop.fs.ozone.BasicOzoneClientAdapterImpl.getFileStatus(BasicOzoneClientAdapterImpl.java:369)
	at org.apache.hadoop.fs.ozone.BasicOzoneFileSystem.getFileStatus(BasicOzoneFileSystem.java:757)
	at org.apache.hadoop.fs.ozone.TestOzoneFileSystem.checkPath(TestOzoneFileSystem.java:502)
	at org.apache.hadoop.fs.ozone.TestOzoneFileSystem.testRecursiveDelete(TestOzoneFileSystem.java:495)
	at sun.reflect.NativeMethodAccessorImpl.invoke0(Native Method)
	at sun.reflect.NativeMethodAccessorImpl.invoke(NativeMethodAccessorImpl.java:62)
	at sun.reflect.DelegatingMethodAccessorImpl.invoke(DelegatingMethodAccessorImpl.java:43)
	at java.lang.reflect.Method.invoke(Method.java:498)
	at org.junit.runners.model.FrameworkMethod$1.runReflectiveCall(FrameworkMethod.java:59)
	at org.junit.internal.runners.model.ReflectiveCallable.run(ReflectiveCallable.java:12)
	at org.junit.runners.model.FrameworkMethod.invokeExplosively(FrameworkMethod.java:56)
	at org.junit.internal.runners.statements.InvokeMethod.evaluate(InvokeMethod.java:17)
	at org.junit.internal.runners.statements.RunAfters.evaluate(RunAfters.java:27)
	at org.junit.internal.runners.statements.FailOnTimeout$CallableStatement.call(FailOnTimeout.java:288)
	at org.junit.internal.runners.statements.FailOnTimeout$CallableStatement.call(FailOnTimeout.java:282)
	at java.util.concurrent.FutureTask.run(FutureTask.java:266)
	at java.lang.Thread.run(Thread.java:750)
08:38:45.982 [IPC Server handler 18 on default port 43231] ERROR OMAudit - user=runner | ip=127.0.0.1 | op=GET_FILE_STATUS {volume=volume27327, bucket=bucket40120, key=level0/level2/level2/file1, dataSize=0, replicationConfig=null} | ret=FAILURE
org.apache.hadoop.ozone.om.exceptions.OMException: Unable to get file status: volume: volume27327 bucket: bucket40120 key: level0/level2/level2/file1
	at org.apache.hadoop.ozone.om.KeyManagerImpl.getOzoneFileStatus(KeyManagerImpl.java:1270) ~[ozone-manager-1.3.0-SNAPSHOT.jar:?]
	at org.apache.hadoop.ozone.om.KeyManagerImpl.getFileStatus(KeyManagerImpl.java:1200) ~[ozone-manager-1.3.0-SNAPSHOT.jar:?]
	at org.apache.hadoop.ozone.om.OzoneManager.getFileStatus(OzoneManager.java:3507) ~[ozone-manager-1.3.0-SNAPSHOT.jar:?]
	at org.apache.hadoop.ozone.protocolPB.OzoneManagerRequestHandler.getOzoneFileStatus(OzoneManagerRequestHandler.java:882) ~[ozone-manager-1.3.0-SNAPSHOT.jar:?]
	at org.apache.hadoop.ozone.protocolPB.OzoneManagerRequestHandler.handleReadRequest(OzoneManagerRequestHandler.java:228) ~[ozone-manager-1.3.0-SNAPSHOT.jar:?]
	at org.apache.hadoop.ozone.protocolPB.OzoneManagerProtocolServerSideTranslatorPB.submitRequestDirectlyToOM(OzoneManagerProtocolServerSideTranslatorPB.java:276) ~[ozone-manager-1.3.0-SNAPSHOT.jar:?]
	at org.apache.hadoop.ozone.protocolPB.OzoneManagerProtocolServerSideTranslatorPB.processRequest(OzoneManagerProtocolServerSideTranslatorPB.java:205) ~[ozone-manager-1.3.0-SNAPSHOT.jar:?]
	at org.apache.hadoop.hdds.server.OzoneProtocolMessageDispatcher.processRequest(OzoneProtocolMessageDispatcher.java:87) [hdds-server-framework-1.3.0-SNAPSHOT.jar:?]
	at org.apache.hadoop.ozone.protocolPB.OzoneManagerProtocolServerSideTranslatorPB.submitRequest(OzoneManagerProtocolServerSideTranslatorPB.java:147) [ozone-manager-1.3.0-SNAPSHOT.jar:?]
	at org.apache.hadoop.ozone.protocol.proto.OzoneManagerProtocolProtos$OzoneManagerService$2.callBlockingMethod(OzoneManagerProtocolProtos.java) [ozone-interface-client-1.3.0-SNAPSHOT.jar:?]
	at org.apache.hadoop.ipc.ProtobufRpcEngine$Server.processCall(ProtobufRpcEngine.java:466) [hadoop-common-3.3.1.jar:?]
	at org.apache.hadoop.ipc.ProtobufRpcEngine2$Server$ProtoBufRpcInvoker.call(ProtobufRpcEngine2.java:574) [hadoop-common-3.3.1.jar:?]
	at org.apache.hadoop.ipc.ProtobufRpcEngine2$Server$ProtoBufRpcInvoker.call(ProtobufRpcEngine2.java:552) [hadoop-common-3.3.1.jar:?]
	at org.apache.hadoop.ipc.RPC$Server.call(RPC.java:1093) [hadoop-common-3.3.1.jar:?]
	at org.apache.hadoop.ipc.Server$RpcCall.run(Server.java:1035) [hadoop-common-3.3.1.jar:?]
	at org.apache.hadoop.ipc.Server$RpcCall.run(Server.java:963) [hadoop-common-3.3.1.jar:?]
	at java.security.AccessController.doPrivileged(Native Method) ~[?:1.8.0_345]
	at javax.security.auth.Subject.doAs(Subject.java:422) [?:1.8.0_345]
	at org.apache.hadoop.security.UserGroupInformation.doAs(UserGroupInformation.java:1878) [hadoop-common-3.3.1.jar:?]
	at org.apache.hadoop.ipc.Server$Handler.run(Server.java:2966) [hadoop-common-3.3.1.jar:?]
2022-10-10 08:38:45,985 [Time-limited test] WARN  ozone.BasicOzoneFileSystem (BasicOzoneFileSystem.java:getFileStatus(765)) - GetFileStatus failed for path /level0/level2/level2/file1
java.io.FileNotFoundException: level0/level2/level2/file1: No such file or directory!
	at org.apache.hadoop.fs.ozone.BasicOzoneClientAdapterImpl.getFileStatus(BasicOzoneClientAdapterImpl.java:369)
	at org.apache.hadoop.fs.ozone.BasicOzoneFileSystem.getFileStatus(BasicOzoneFileSystem.java:757)
	at org.apache.hadoop.fs.ozone.TestOzoneFileSystem.checkPath(TestOzoneFileSystem.java:502)
	at org.apache.hadoop.fs.ozone.TestOzoneFileSystem.testRecursiveDelete(TestOzoneFileSystem.java:496)
	at sun.reflect.NativeMethodAccessorImpl.invoke0(Native Method)
	at sun.reflect.NativeMethodAccessorImpl.invoke(NativeMethodAccessorImpl.java:62)
	at sun.reflect.DelegatingMethodAccessorImpl.invoke(DelegatingMethodAccessorImpl.java:43)
	at java.lang.reflect.Method.invoke(Method.java:498)
	at org.junit.runners.model.FrameworkMethod$1.runReflectiveCall(FrameworkMethod.java:59)
	at org.junit.internal.runners.model.ReflectiveCallable.run(ReflectiveCallable.java:12)
	at org.junit.runners.model.FrameworkMethod.invokeExplosively(FrameworkMethod.java:56)
	at org.junit.internal.runners.statements.InvokeMethod.evaluate(InvokeMethod.java:17)
	at org.junit.internal.runners.statements.RunAfters.evaluate(RunAfters.java:27)
	at org.junit.internal.runners.statements.FailOnTimeout$CallableStatement.call(FailOnTimeout.java:288)
	at org.junit.internal.runners.statements.FailOnTimeout$CallableStatement.call(FailOnTimeout.java:282)
	at java.util.concurrent.FutureTask.run(FutureTask.java:266)
	at java.lang.Thread.run(Thread.java:750)
08:38:45.986 [IPC Server handler 19 on default port 43231] ERROR OMAudit - user=runner | ip=127.0.0.1 | op=GET_FILE_STATUS {volume=volume27327, bucket=bucket40120, key=level0/level3, dataSize=0, replicationConfig=null} | ret=FAILURE
org.apache.hadoop.ozone.om.exceptions.OMException: Unable to get file status: volume: volume27327 bucket: bucket40120 key: level0/level3
	at org.apache.hadoop.ozone.om.KeyManagerImpl.getOzoneFileStatus(KeyManagerImpl.java:1270) ~[ozone-manager-1.3.0-SNAPSHOT.jar:?]
	at org.apache.hadoop.ozone.om.KeyManagerImpl.getFileStatus(KeyManagerImpl.java:1200) ~[ozone-manager-1.3.0-SNAPSHOT.jar:?]
	at org.apache.hadoop.ozone.om.OzoneManager.getFileStatus(OzoneManager.java:3507) ~[ozone-manager-1.3.0-SNAPSHOT.jar:?]
	at org.apache.hadoop.ozone.protocolPB.OzoneManagerRequestHandler.getOzoneFileStatus(OzoneManagerRequestHandler.java:882) ~[ozone-manager-1.3.0-SNAPSHOT.jar:?]
	at org.apache.hadoop.ozone.protocolPB.OzoneManagerRequestHandler.handleReadRequest(OzoneManagerRequestHandler.java:228) ~[ozone-manager-1.3.0-SNAPSHOT.jar:?]
	at org.apache.hadoop.ozone.protocolPB.OzoneManagerProtocolServerSideTranslatorPB.submitRequestDirectlyToOM(OzoneManagerProtocolServerSideTranslatorPB.java:276) ~[ozone-manager-1.3.0-SNAPSHOT.jar:?]
	at org.apache.hadoop.ozone.protocolPB.OzoneManagerProtocolServerSideTranslatorPB.processRequest(OzoneManagerProtocolServerSideTranslatorPB.java:205) ~[ozone-manager-1.3.0-SNAPSHOT.jar:?]
	at org.apache.hadoop.hdds.server.OzoneProtocolMessageDispatcher.processRequest(OzoneProtocolMessageDispatcher.java:87) [hdds-server-framework-1.3.0-SNAPSHOT.jar:?]
	at org.apache.hadoop.ozone.protocolPB.OzoneManagerProtocolServerSideTranslatorPB.submitRequest(OzoneManagerProtocolServerSideTranslatorPB.java:147) [ozone-manager-1.3.0-SNAPSHOT.jar:?]
	at org.apache.hadoop.ozone.protocol.proto.OzoneManagerProtocolProtos$OzoneManagerService$2.callBlockingMethod(OzoneManagerProtocolProtos.java) [ozone-interface-client-1.3.0-SNAPSHOT.jar:?]
	at org.apache.hadoop.ipc.ProtobufRpcEngine$Server.processCall(ProtobufRpcEngine.java:466) [hadoop-common-3.3.1.jar:?]
	at org.apache.hadoop.ipc.ProtobufRpcEngine2$Server$ProtoBufRpcInvoker.call(ProtobufRpcEngine2.java:574) [hadoop-common-3.3.1.jar:?]
	at org.apache.hadoop.ipc.ProtobufRpcEngine2$Server$ProtoBufRpcInvoker.call(ProtobufRpcEngine2.java:552) [hadoop-common-3.3.1.jar:?]
	at org.apache.hadoop.ipc.RPC$Server.call(RPC.java:1093) [hadoop-common-3.3.1.jar:?]
	at org.apache.hadoop.ipc.Server$RpcCall.run(Server.java:1035) [hadoop-common-3.3.1.jar:?]
	at org.apache.hadoop.ipc.Server$RpcCall.run(Server.java:963) [hadoop-common-3.3.1.jar:?]
	at java.security.AccessController.doPrivileged(Native Method) ~[?:1.8.0_345]
	at javax.security.auth.Subject.doAs(Subject.java:422) [?:1.8.0_345]
	at org.apache.hadoop.security.UserGroupInformation.doAs(UserGroupInformation.java:1878) [hadoop-common-3.3.1.jar:?]
	at org.apache.hadoop.ipc.Server$Handler.run(Server.java:2966) [hadoop-common-3.3.1.jar:?]
2022-10-10 08:38:45,988 [Time-limited test] WARN  ozone.BasicOzoneFileSystem (BasicOzoneFileSystem.java:getFileStatus(765)) - GetFileStatus failed for path /level0/level3
java.io.FileNotFoundException: level0/level3: No such file or directory!
	at org.apache.hadoop.fs.ozone.BasicOzoneClientAdapterImpl.getFileStatus(BasicOzoneClientAdapterImpl.java:369)
	at org.apache.hadoop.fs.ozone.BasicOzoneFileSystem.getFileStatus(BasicOzoneFileSystem.java:757)
	at org.apache.hadoop.fs.ozone.TestOzoneFileSystem.checkPath(TestOzoneFileSystem.java:502)
	at org.apache.hadoop.fs.ozone.TestOzoneFileSystem.testRecursiveDelete(TestOzoneFileSystem.java:493)
	at sun.reflect.NativeMethodAccessorImpl.invoke0(Native Method)
	at sun.reflect.NativeMethodAccessorImpl.invoke(NativeMethodAccessorImpl.java:62)
	at sun.reflect.DelegatingMethodAccessorImpl.invoke(DelegatingMethodAccessorImpl.java:43)
	at java.lang.reflect.Method.invoke(Method.java:498)
	at org.junit.runners.model.FrameworkMethod$1.runReflectiveCall(FrameworkMethod.java:59)
	at org.junit.internal.runners.model.ReflectiveCallable.run(ReflectiveCallable.java:12)
	at org.junit.runners.model.FrameworkMethod.invokeExplosively(FrameworkMethod.java:56)
	at org.junit.internal.runners.statements.InvokeMethod.evaluate(InvokeMethod.java:17)
	at org.junit.internal.runners.statements.RunAfters.evaluate(RunAfters.java:27)
	at org.junit.internal.runners.statements.FailOnTimeout$CallableStatement.call(FailOnTimeout.java:288)
	at org.junit.internal.runners.statements.FailOnTimeout$CallableStatement.call(FailOnTimeout.java:282)
	at java.util.concurrent.FutureTask.run(FutureTask.java:266)
	at java.lang.Thread.run(Thread.java:750)
08:38:45.988 [IPC Server handler 0 on default port 43231] ERROR OMAudit - user=runner | ip=127.0.0.1 | op=GET_FILE_STATUS {volume=volume27327, bucket=bucket40120, key=level0/level3/level3, dataSize=0, replicationConfig=null} | ret=FAILURE
org.apache.hadoop.ozone.om.exceptions.OMException: Unable to get file status: volume: volume27327 bucket: bucket40120 key: level0/level3/level3
	at org.apache.hadoop.ozone.om.KeyManagerImpl.getOzoneFileStatus(KeyManagerImpl.java:1270) ~[ozone-manager-1.3.0-SNAPSHOT.jar:?]
	at org.apache.hadoop.ozone.om.KeyManagerImpl.getFileStatus(KeyManagerImpl.java:1200) ~[ozone-manager-1.3.0-SNAPSHOT.jar:?]
	at org.apache.hadoop.ozone.om.OzoneManager.getFileStatus(OzoneManager.java:3507) ~[ozone-manager-1.3.0-SNAPSHOT.jar:?]
	at org.apache.hadoop.ozone.protocolPB.OzoneManagerRequestHandler.getOzoneFileStatus(OzoneManagerRequestHandler.java:882) ~[ozone-manager-1.3.0-SNAPSHOT.jar:?]
	at org.apache.hadoop.ozone.protocolPB.OzoneManagerRequestHandler.handleReadRequest(OzoneManagerRequestHandler.java:228) ~[ozone-manager-1.3.0-SNAPSHOT.jar:?]
	at org.apache.hadoop.ozone.protocolPB.OzoneManagerProtocolServerSideTranslatorPB.submitRequestDirectlyToOM(OzoneManagerProtocolServerSideTranslatorPB.java:276) ~[ozone-manager-1.3.0-SNAPSHOT.jar:?]
	at org.apache.hadoop.ozone.protocolPB.OzoneManagerProtocolServerSideTranslatorPB.processRequest(OzoneManagerProtocolServerSideTranslatorPB.java:205) ~[ozone-manager-1.3.0-SNAPSHOT.jar:?]
	at org.apache.hadoop.hdds.server.OzoneProtocolMessageDispatcher.processRequest(OzoneProtocolMessageDispatcher.java:87) [hdds-server-framework-1.3.0-SNAPSHOT.jar:?]
	at org.apache.hadoop.ozone.protocolPB.OzoneManagerProtocolServerSideTranslatorPB.submitRequest(OzoneManagerProtocolServerSideTranslatorPB.java:147) [ozone-manager-1.3.0-SNAPSHOT.jar:?]
	at org.apache.hadoop.ozone.protocol.proto.OzoneManagerProtocolProtos$OzoneManagerService$2.callBlockingMethod(OzoneManagerProtocolProtos.java) [ozone-interface-client-1.3.0-SNAPSHOT.jar:?]
	at org.apache.hadoop.ipc.ProtobufRpcEngine$Server.processCall(ProtobufRpcEngine.java:466) [hadoop-common-3.3.1.jar:?]
	at org.apache.hadoop.ipc.ProtobufRpcEngine2$Server$ProtoBufRpcInvoker.call(ProtobufRpcEngine2.java:574) [hadoop-common-3.3.1.jar:?]
	at org.apache.hadoop.ipc.ProtobufRpcEngine2$Server$ProtoBufRpcInvoker.call(ProtobufRpcEngine2.java:552) [hadoop-common-3.3.1.jar:?]
	at org.apache.hadoop.ipc.RPC$Server.call(RPC.java:1093) [hadoop-common-3.3.1.jar:?]
	at org.apache.hadoop.ipc.Server$RpcCall.run(Server.java:1035) [hadoop-common-3.3.1.jar:?]
	at org.apache.hadoop.ipc.Server$RpcCall.run(Server.java:963) [hadoop-common-3.3.1.jar:?]
	at java.security.AccessController.doPrivileged(Native Method) ~[?:1.8.0_345]
	at javax.security.auth.Subject.doAs(Subject.java:422) [?:1.8.0_345]
	at org.apache.hadoop.security.UserGroupInformation.doAs(UserGroupInformation.java:1878) [hadoop-common-3.3.1.jar:?]
	at org.apache.hadoop.ipc.Server$Handler.run(Server.java:2966) [hadoop-common-3.3.1.jar:?]
2022-10-10 08:38:45,989 [Time-limited test] WARN  ozone.BasicOzoneFileSystem (BasicOzoneFileSystem.java:getFileStatus(765)) - GetFileStatus failed for path /level0/level3/level3
java.io.FileNotFoundException: level0/level3/level3: No such file or directory!
	at org.apache.hadoop.fs.ozone.BasicOzoneClientAdapterImpl.getFileStatus(BasicOzoneClientAdapterImpl.java:369)
	at org.apache.hadoop.fs.ozone.BasicOzoneFileSystem.getFileStatus(BasicOzoneFileSystem.java:757)
	at org.apache.hadoop.fs.ozone.TestOzoneFileSystem.checkPath(TestOzoneFileSystem.java:502)
	at org.apache.hadoop.fs.ozone.TestOzoneFileSystem.testRecursiveDelete(TestOzoneFileSystem.java:494)
	at sun.reflect.NativeMethodAccessorImpl.invoke0(Native Method)
	at sun.reflect.NativeMethodAccessorImpl.invoke(NativeMethodAccessorImpl.java:62)
	at sun.reflect.DelegatingMethodAccessorImpl.invoke(DelegatingMethodAccessorImpl.java:43)
	at java.lang.reflect.Method.invoke(Method.java:498)
	at org.junit.runners.model.FrameworkMethod$1.runReflectiveCall(FrameworkMethod.java:59)
	at org.junit.internal.runners.model.ReflectiveCallable.run(ReflectiveCallable.java:12)
	at org.junit.runners.model.FrameworkMethod.invokeExplosively(FrameworkMethod.java:56)
	at org.junit.internal.runners.statements.InvokeMethod.evaluate(InvokeMethod.java:17)
	at org.junit.internal.runners.statements.RunAfters.evaluate(RunAfters.java:27)
	at org.junit.internal.runners.statements.FailOnTimeout$CallableStatement.call(FailOnTimeout.java:288)
	at org.junit.internal.runners.statements.FailOnTimeout$CallableStatement.call(FailOnTimeout.java:282)
	at java.util.concurrent.FutureTask.run(FutureTask.java:266)
	at java.lang.Thread.run(Thread.java:750)
08:38:45.995 [IPC Server handler 1 on default port 43231] ERROR OMAudit - user=runner | ip=127.0.0.1 | op=GET_FILE_STATUS {volume=volume27327, bucket=bucket40120, key=level0/level3/file1, dataSize=0, replicationConfig=null} | ret=FAILURE
org.apache.hadoop.ozone.om.exceptions.OMException: Unable to get file status: volume: volume27327 bucket: bucket40120 key: level0/level3/file1
	at org.apache.hadoop.ozone.om.KeyManagerImpl.getOzoneFileStatus(KeyManagerImpl.java:1270) ~[ozone-manager-1.3.0-SNAPSHOT.jar:?]
	at org.apache.hadoop.ozone.om.KeyManagerImpl.getFileStatus(KeyManagerImpl.java:1200) ~[ozone-manager-1.3.0-SNAPSHOT.jar:?]
	at org.apache.hadoop.ozone.om.OzoneManager.getFileStatus(OzoneManager.java:3507) ~[ozone-manager-1.3.0-SNAPSHOT.jar:?]
	at org.apache.hadoop.ozone.protocolPB.OzoneManagerRequestHandler.getOzoneFileStatus(OzoneManagerRequestHandler.java:882) ~[ozone-manager-1.3.0-SNAPSHOT.jar:?]
	at org.apache.hadoop.ozone.protocolPB.OzoneManagerRequestHandler.handleReadRequest(OzoneManagerRequestHandler.java:228) ~[ozone-manager-1.3.0-SNAPSHOT.jar:?]
	at org.apache.hadoop.ozone.protocolPB.OzoneManagerProtocolServerSideTranslatorPB.submitRequestDirectlyToOM(OzoneManagerProtocolServerSideTranslatorPB.java:276) ~[ozone-manager-1.3.0-SNAPSHOT.jar:?]
	at org.apache.hadoop.ozone.protocolPB.OzoneManagerProtocolServerSideTranslatorPB.processRequest(OzoneManagerProtocolServerSideTranslatorPB.java:205) ~[ozone-manager-1.3.0-SNAPSHOT.jar:?]
	at org.apache.hadoop.hdds.server.OzoneProtocolMessageDispatcher.processRequest(OzoneProtocolMessageDispatcher.java:87) [hdds-server-framework-1.3.0-SNAPSHOT.jar:?]
	at org.apache.hadoop.ozone.protocolPB.OzoneManagerProtocolServerSideTranslatorPB.submitRequest(OzoneManagerProtocolServerSideTranslatorPB.java:147) [ozone-manager-1.3.0-SNAPSHOT.jar:?]
	at org.apache.hadoop.ozone.protocol.proto.OzoneManagerProtocolProtos$OzoneManagerService$2.callBlockingMethod(OzoneManagerProtocolProtos.java) [ozone-interface-client-1.3.0-SNAPSHOT.jar:?]
	at org.apache.hadoop.ipc.ProtobufRpcEngine$Server.processCall(ProtobufRpcEngine.java:466) [hadoop-common-3.3.1.jar:?]
	at org.apache.hadoop.ipc.ProtobufRpcEngine2$Server$ProtoBufRpcInvoker.call(ProtobufRpcEngine2.java:574) [hadoop-common-3.3.1.jar:?]
	at org.apache.hadoop.ipc.ProtobufRpcEngine2$Server$ProtoBufRpcInvoker.call(ProtobufRpcEngine2.java:552) [hadoop-common-3.3.1.jar:?]
	at org.apache.hadoop.ipc.RPC$Server.call(RPC.java:1093) [hadoop-common-3.3.1.jar:?]
	at org.apache.hadoop.ipc.Server$RpcCall.run(Server.java:1035) [hadoop-common-3.3.1.jar:?]
	at org.apache.hadoop.ipc.Server$RpcCall.run(Server.java:963) [hadoop-common-3.3.1.jar:?]
	at java.security.AccessController.doPrivileged(Native Method) ~[?:1.8.0_345]
	at javax.security.auth.Subject.doAs(Subject.java:422) [?:1.8.0_345]
	at org.apache.hadoop.security.UserGroupInformation.doAs(UserGroupInformation.java:1878) [hadoop-common-3.3.1.jar:?]
	at org.apache.hadoop.ipc.Server$Handler.run(Server.java:2966) [hadoop-common-3.3.1.jar:?]
2022-10-10 08:38:46,000 [Time-limited test] WARN  ozone.BasicOzoneFileSystem (BasicOzoneFileSystem.java:getFileStatus(765)) - GetFileStatus failed for path /level0/level3/file1
java.io.FileNotFoundException: level0/level3/file1: No such file or directory!
	at org.apache.hadoop.fs.ozone.BasicOzoneClientAdapterImpl.getFileStatus(BasicOzoneClientAdapterImpl.java:369)
	at org.apache.hadoop.fs.ozone.BasicOzoneFileSystem.getFileStatus(BasicOzoneFileSystem.java:757)
	at org.apache.hadoop.fs.ozone.TestOzoneFileSystem.checkPath(TestOzoneFileSystem.java:502)
	at org.apache.hadoop.fs.ozone.TestOzoneFileSystem.testRecursiveDelete(TestOzoneFileSystem.java:495)
	at sun.reflect.NativeMethodAccessorImpl.invoke0(Native Method)
	at sun.reflect.NativeMethodAccessorImpl.invoke(NativeMethodAccessorImpl.java:62)
	at sun.reflect.DelegatingMethodAccessorImpl.invoke(DelegatingMethodAccessorImpl.java:43)
	at java.lang.reflect.Method.invoke(Method.java:498)
	at org.junit.runners.model.FrameworkMethod$1.runReflectiveCall(FrameworkMethod.java:59)
	at org.junit.internal.runners.model.ReflectiveCallable.run(ReflectiveCallable.java:12)
	at org.junit.runners.model.FrameworkMethod.invokeExplosively(FrameworkMethod.java:56)
	at org.junit.internal.runners.statements.InvokeMethod.evaluate(InvokeMethod.java:17)
	at org.junit.internal.runners.statements.RunAfters.evaluate(RunAfters.java:27)
	at org.junit.internal.runners.statements.FailOnTimeout$CallableStatement.call(FailOnTimeout.java:288)
	at org.junit.internal.runners.statements.FailOnTimeout$CallableStatement.call(FailOnTimeout.java:282)
	at java.util.concurrent.FutureTask.run(FutureTask.java:266)
	at java.lang.Thread.run(Thread.java:750)
08:38:46.000 [IPC Server handler 2 on default port 43231] ERROR OMAudit - user=runner | ip=127.0.0.1 | op=GET_FILE_STATUS {volume=volume27327, bucket=bucket40120, key=level0/level3/level3/file1, dataSize=0, replicationConfig=null} | ret=FAILURE
org.apache.hadoop.ozone.om.exceptions.OMException: Unable to get file status: volume: volume27327 bucket: bucket40120 key: level0/level3/level3/file1
	at org.apache.hadoop.ozone.om.KeyManagerImpl.getOzoneFileStatus(KeyManagerImpl.java:1270) ~[ozone-manager-1.3.0-SNAPSHOT.jar:?]
	at org.apache.hadoop.ozone.om.KeyManagerImpl.getFileStatus(KeyManagerImpl.java:1200) ~[ozone-manager-1.3.0-SNAPSHOT.jar:?]
	at org.apache.hadoop.ozone.om.OzoneManager.getFileStatus(OzoneManager.java:3507) ~[ozone-manager-1.3.0-SNAPSHOT.jar:?]
	at org.apache.hadoop.ozone.protocolPB.OzoneManagerRequestHandler.getOzoneFileStatus(OzoneManagerRequestHandler.java:882) ~[ozone-manager-1.3.0-SNAPSHOT.jar:?]
	at org.apache.hadoop.ozone.protocolPB.OzoneManagerRequestHandler.handleReadRequest(OzoneManagerRequestHandler.java:228) ~[ozone-manager-1.3.0-SNAPSHOT.jar:?]
	at org.apache.hadoop.ozone.protocolPB.OzoneManagerProtocolServerSideTranslatorPB.submitRequestDirectlyToOM(OzoneManagerProtocolServerSideTranslatorPB.java:276) ~[ozone-manager-1.3.0-SNAPSHOT.jar:?]
	at org.apache.hadoop.ozone.protocolPB.OzoneManagerProtocolServerSideTranslatorPB.processRequest(OzoneManagerProtocolServerSideTranslatorPB.java:205) ~[ozone-manager-1.3.0-SNAPSHOT.jar:?]
	at org.apache.hadoop.hdds.server.OzoneProtocolMessageDispatcher.processRequest(OzoneProtocolMessageDispatcher.java:87) [hdds-server-framework-1.3.0-SNAPSHOT.jar:?]
	at org.apache.hadoop.ozone.protocolPB.OzoneManagerProtocolServerSideTranslatorPB.submitRequest(OzoneManagerProtocolServerSideTranslatorPB.java:147) [ozone-manager-1.3.0-SNAPSHOT.jar:?]
	at org.apache.hadoop.ozone.protocol.proto.OzoneManagerProtocolProtos$OzoneManagerService$2.callBlockingMethod(OzoneManagerProtocolProtos.java) [ozone-interface-client-1.3.0-SNAPSHOT.jar:?]
	at org.apache.hadoop.ipc.ProtobufRpcEngine$Server.processCall(ProtobufRpcEngine.java:466) [hadoop-common-3.3.1.jar:?]
	at org.apache.hadoop.ipc.ProtobufRpcEngine2$Server$ProtoBufRpcInvoker.call(ProtobufRpcEngine2.java:574) [hadoop-common-3.3.1.jar:?]
	at org.apache.hadoop.ipc.ProtobufRpcEngine2$Server$ProtoBufRpcInvoker.call(ProtobufRpcEngine2.java:552) [hadoop-common-3.3.1.jar:?]
	at org.apache.hadoop.ipc.RPC$Server.call(RPC.java:1093) [hadoop-common-3.3.1.jar:?]
	at org.apache.hadoop.ipc.Server$RpcCall.run(Server.java:1035) [hadoop-common-3.3.1.jar:?]
	at org.apache.hadoop.ipc.Server$RpcCall.run(Server.java:963) [hadoop-common-3.3.1.jar:?]
	at java.security.AccessController.doPrivileged(Native Method) ~[?:1.8.0_345]
	at javax.security.auth.Subject.doAs(Subject.java:422) [?:1.8.0_345]
	at org.apache.hadoop.security.UserGroupInformation.doAs(UserGroupInformation.java:1878) [hadoop-common-3.3.1.jar:?]
	at org.apache.hadoop.ipc.Server$Handler.run(Server.java:2966) [hadoop-common-3.3.1.jar:?]
2022-10-10 08:38:46,006 [Time-limited test] WARN  ozone.BasicOzoneFileSystem (BasicOzoneFileSystem.java:getFileStatus(765)) - GetFileStatus failed for path /level0/level3/level3/file1
java.io.FileNotFoundException: level0/level3/level3/file1: No such file or directory!
	at org.apache.hadoop.fs.ozone.BasicOzoneClientAdapterImpl.getFileStatus(BasicOzoneClientAdapterImpl.java:369)
	at org.apache.hadoop.fs.ozone.BasicOzoneFileSystem.getFileStatus(BasicOzoneFileSystem.java:757)
	at org.apache.hadoop.fs.ozone.TestOzoneFileSystem.checkPath(TestOzoneFileSystem.java:502)
	at org.apache.hadoop.fs.ozone.TestOzoneFileSystem.testRecursiveDelete(TestOzoneFileSystem.java:496)
	at sun.reflect.NativeMethodAccessorImpl.invoke0(Native Method)
	at sun.reflect.NativeMethodAccessorImpl.invoke(NativeMethodAccessorImpl.java:62)
	at sun.reflect.DelegatingMethodAccessorImpl.invoke(DelegatingMethodAccessorImpl.java:43)
	at java.lang.reflect.Method.invoke(Method.java:498)
	at org.junit.runners.model.FrameworkMethod$1.runReflectiveCall(FrameworkMethod.java:59)
	at org.junit.internal.runners.model.ReflectiveCallable.run(ReflectiveCallable.java:12)
	at org.junit.runners.model.FrameworkMethod.invokeExplosively(FrameworkMethod.java:56)
	at org.junit.internal.runners.statements.InvokeMethod.evaluate(InvokeMethod.java:17)
	at org.junit.internal.runners.statements.RunAfters.evaluate(RunAfters.java:27)
	at org.junit.internal.runners.statements.FailOnTimeout$CallableStatement.call(FailOnTimeout.java:288)
	at org.junit.internal.runners.statements.FailOnTimeout$CallableStatement.call(FailOnTimeout.java:282)
	at java.util.concurrent.FutureTask.run(FutureTask.java:266)
	at java.lang.Thread.run(Thread.java:750)
]]></system-out>
  </testcase>
  <testcase name="testRecursiveDelete" classname="TestOzoneFileSystem" time="0.27">
    <system-out><![CDATA[08:40:27.512 [IPC Server handler 3 on default port 41701] ERROR OMAudit - user=runner | ip=127.0.0.1 | op=GET_FILE_STATUS {volume=volume83680, bucket=bucket94599, key=gdir1, dataSize=0, replicationConfig=null} | ret=FAILURE
org.apache.hadoop.ozone.om.exceptions.OMException: Unable to get file status: volume: volume83680 bucket: bucket94599 key: gdir1
	at org.apache.hadoop.ozone.om.KeyManagerImpl.getOzoneFileStatus(KeyManagerImpl.java:1270) ~[ozone-manager-1.3.0-SNAPSHOT.jar:?]
	at org.apache.hadoop.ozone.om.KeyManagerImpl.getFileStatus(KeyManagerImpl.java:1200) ~[ozone-manager-1.3.0-SNAPSHOT.jar:?]
	at org.apache.hadoop.ozone.om.OzoneManager.getFileStatus(OzoneManager.java:3507) ~[ozone-manager-1.3.0-SNAPSHOT.jar:?]
	at org.apache.hadoop.ozone.protocolPB.OzoneManagerRequestHandler.getOzoneFileStatus(OzoneManagerRequestHandler.java:882) ~[ozone-manager-1.3.0-SNAPSHOT.jar:?]
	at org.apache.hadoop.ozone.protocolPB.OzoneManagerRequestHandler.handleReadRequest(OzoneManagerRequestHandler.java:228) ~[ozone-manager-1.3.0-SNAPSHOT.jar:?]
	at org.apache.hadoop.ozone.protocolPB.OzoneManagerProtocolServerSideTranslatorPB.submitReadRequestToOM(OzoneManagerProtocolServerSideTranslatorPB.java:226) ~[ozone-manager-1.3.0-SNAPSHOT.jar:?]
	at org.apache.hadoop.ozone.protocolPB.OzoneManagerProtocolServerSideTranslatorPB.processRequest(OzoneManagerProtocolServerSideTranslatorPB.java:175) ~[ozone-manager-1.3.0-SNAPSHOT.jar:?]
	at org.apache.hadoop.hdds.server.OzoneProtocolMessageDispatcher.processRequest(OzoneProtocolMessageDispatcher.java:87) [hdds-server-framework-1.3.0-SNAPSHOT.jar:?]
	at org.apache.hadoop.ozone.protocolPB.OzoneManagerProtocolServerSideTranslatorPB.submitRequest(OzoneManagerProtocolServerSideTranslatorPB.java:147) [ozone-manager-1.3.0-SNAPSHOT.jar:?]
	at org.apache.hadoop.ozone.protocol.proto.OzoneManagerProtocolProtos$OzoneManagerService$2.callBlockingMethod(OzoneManagerProtocolProtos.java) [ozone-interface-client-1.3.0-SNAPSHOT.jar:?]
	at org.apache.hadoop.ipc.ProtobufRpcEngine$Server.processCall(ProtobufRpcEngine.java:466) [hadoop-common-3.3.1.jar:?]
	at org.apache.hadoop.ipc.ProtobufRpcEngine2$Server$ProtoBufRpcInvoker.call(ProtobufRpcEngine2.java:574) [hadoop-common-3.3.1.jar:?]
	at org.apache.hadoop.ipc.ProtobufRpcEngine2$Server$ProtoBufRpcInvoker.call(ProtobufRpcEngine2.java:552) [hadoop-common-3.3.1.jar:?]
	at org.apache.hadoop.ipc.RPC$Server.call(RPC.java:1093) [hadoop-common-3.3.1.jar:?]
	at org.apache.hadoop.ipc.Server$RpcCall.run(Server.java:1035) [hadoop-common-3.3.1.jar:?]
	at org.apache.hadoop.ipc.Server$RpcCall.run(Server.java:963) [hadoop-common-3.3.1.jar:?]
	at java.security.AccessController.doPrivileged(Native Method) ~[?:1.8.0_345]
	at javax.security.auth.Subject.doAs(Subject.java:422) [?:1.8.0_345]
	at org.apache.hadoop.security.UserGroupInformation.doAs(UserGroupInformation.java:1878) [hadoop-common-3.3.1.jar:?]
	at org.apache.hadoop.ipc.Server$Handler.run(Server.java:2966) [hadoop-common-3.3.1.jar:?]
2022-10-10 08:40:27,512 [Time-limited test] WARN  ozone.BasicOzoneFileSystem (BasicOzoneFileSystem.java:getFileStatus(765)) - GetFileStatus failed for path /gdir1
java.io.FileNotFoundException: gdir1: No such file or directory!
	at org.apache.hadoop.fs.ozone.BasicOzoneClientAdapterImpl.getFileStatus(BasicOzoneClientAdapterImpl.java:369)
	at org.apache.hadoop.fs.ozone.BasicOzoneFileSystem.getFileStatus(BasicOzoneFileSystem.java:757)
	at org.apache.hadoop.fs.ozone.TestOzoneFileSystem.checkPath(TestOzoneFileSystem.java:502)
	at org.apache.hadoop.fs.ozone.TestOzoneFileSystem.testRecursiveDelete(TestOzoneFileSystem.java:452)
	at sun.reflect.NativeMethodAccessorImpl.invoke0(Native Method)
	at sun.reflect.NativeMethodAccessorImpl.invoke(NativeMethodAccessorImpl.java:62)
	at sun.reflect.DelegatingMethodAccessorImpl.invoke(DelegatingMethodAccessorImpl.java:43)
	at java.lang.reflect.Method.invoke(Method.java:498)
	at org.junit.runners.model.FrameworkMethod$1.runReflectiveCall(FrameworkMethod.java:59)
	at org.junit.internal.runners.model.ReflectiveCallable.run(ReflectiveCallable.java:12)
	at org.junit.runners.model.FrameworkMethod.invokeExplosively(FrameworkMethod.java:56)
	at org.junit.internal.runners.statements.InvokeMethod.evaluate(InvokeMethod.java:17)
	at org.junit.internal.runners.statements.RunAfters.evaluate(RunAfters.java:27)
	at org.junit.internal.runners.statements.FailOnTimeout$CallableStatement.call(FailOnTimeout.java:288)
	at org.junit.internal.runners.statements.FailOnTimeout$CallableStatement.call(FailOnTimeout.java:282)
	at java.util.concurrent.FutureTask.run(FutureTask.java:266)
	at java.lang.Thread.run(Thread.java:750)
08:40:27.513 [IPC Server handler 12 on default port 41701] ERROR OMAudit - user=runner | ip=127.0.0.1 | op=GET_FILE_STATUS {volume=volume83680, bucket=bucket94599, key=gdir1/dir1, dataSize=0, replicationConfig=null} | ret=FAILURE
org.apache.hadoop.ozone.om.exceptions.OMException: Unable to get file status: volume: volume83680 bucket: bucket94599 key: gdir1/dir1
	at org.apache.hadoop.ozone.om.KeyManagerImpl.getOzoneFileStatus(KeyManagerImpl.java:1270) ~[ozone-manager-1.3.0-SNAPSHOT.jar:?]
	at org.apache.hadoop.ozone.om.KeyManagerImpl.getFileStatus(KeyManagerImpl.java:1200) ~[ozone-manager-1.3.0-SNAPSHOT.jar:?]
	at org.apache.hadoop.ozone.om.OzoneManager.getFileStatus(OzoneManager.java:3507) ~[ozone-manager-1.3.0-SNAPSHOT.jar:?]
	at org.apache.hadoop.ozone.protocolPB.OzoneManagerRequestHandler.getOzoneFileStatus(OzoneManagerRequestHandler.java:882) ~[ozone-manager-1.3.0-SNAPSHOT.jar:?]
	at org.apache.hadoop.ozone.protocolPB.OzoneManagerRequestHandler.handleReadRequest(OzoneManagerRequestHandler.java:228) ~[ozone-manager-1.3.0-SNAPSHOT.jar:?]
	at org.apache.hadoop.ozone.protocolPB.OzoneManagerProtocolServerSideTranslatorPB.submitReadRequestToOM(OzoneManagerProtocolServerSideTranslatorPB.java:226) ~[ozone-manager-1.3.0-SNAPSHOT.jar:?]
	at org.apache.hadoop.ozone.protocolPB.OzoneManagerProtocolServerSideTranslatorPB.processRequest(OzoneManagerProtocolServerSideTranslatorPB.java:175) ~[ozone-manager-1.3.0-SNAPSHOT.jar:?]
	at org.apache.hadoop.hdds.server.OzoneProtocolMessageDispatcher.processRequest(OzoneProtocolMessageDispatcher.java:87) [hdds-server-framework-1.3.0-SNAPSHOT.jar:?]
	at org.apache.hadoop.ozone.protocolPB.OzoneManagerProtocolServerSideTranslatorPB.submitRequest(OzoneManagerProtocolServerSideTranslatorPB.java:147) [ozone-manager-1.3.0-SNAPSHOT.jar:?]
	at org.apache.hadoop.ozone.protocol.proto.OzoneManagerProtocolProtos$OzoneManagerService$2.callBlockingMethod(OzoneManagerProtocolProtos.java) [ozone-interface-client-1.3.0-SNAPSHOT.jar:?]
	at org.apache.hadoop.ipc.ProtobufRpcEngine$Server.processCall(ProtobufRpcEngine.java:466) [hadoop-common-3.3.1.jar:?]
	at org.apache.hadoop.ipc.ProtobufRpcEngine2$Server$ProtoBufRpcInvoker.call(ProtobufRpcEngine2.java:574) [hadoop-common-3.3.1.jar:?]
	at org.apache.hadoop.ipc.ProtobufRpcEngine2$Server$ProtoBufRpcInvoker.call(ProtobufRpcEngine2.java:552) [hadoop-common-3.3.1.jar:?]
	at org.apache.hadoop.ipc.RPC$Server.call(RPC.java:1093) [hadoop-common-3.3.1.jar:?]
	at org.apache.hadoop.ipc.Server$RpcCall.run(Server.java:1035) [hadoop-common-3.3.1.jar:?]
	at org.apache.hadoop.ipc.Server$RpcCall.run(Server.java:963) [hadoop-common-3.3.1.jar:?]
	at java.security.AccessController.doPrivileged(Native Method) ~[?:1.8.0_345]
	at javax.security.auth.Subject.doAs(Subject.java:422) [?:1.8.0_345]
	at org.apache.hadoop.security.UserGroupInformation.doAs(UserGroupInformation.java:1878) [hadoop-common-3.3.1.jar:?]
	at org.apache.hadoop.ipc.Server$Handler.run(Server.java:2966) [hadoop-common-3.3.1.jar:?]
2022-10-10 08:40:27,513 [Time-limited test] WARN  ozone.BasicOzoneFileSystem (BasicOzoneFileSystem.java:getFileStatus(765)) - GetFileStatus failed for path /gdir1/dir1
java.io.FileNotFoundException: gdir1/dir1: No such file or directory!
	at org.apache.hadoop.fs.ozone.BasicOzoneClientAdapterImpl.getFileStatus(BasicOzoneClientAdapterImpl.java:369)
	at org.apache.hadoop.fs.ozone.BasicOzoneFileSystem.getFileStatus(BasicOzoneFileSystem.java:757)
	at org.apache.hadoop.fs.ozone.TestOzoneFileSystem.checkPath(TestOzoneFileSystem.java:502)
	at org.apache.hadoop.fs.ozone.TestOzoneFileSystem.testRecursiveDelete(TestOzoneFileSystem.java:457)
	at sun.reflect.NativeMethodAccessorImpl.invoke0(Native Method)
	at sun.reflect.NativeMethodAccessorImpl.invoke(NativeMethodAccessorImpl.java:62)
	at sun.reflect.DelegatingMethodAccessorImpl.invoke(DelegatingMethodAccessorImpl.java:43)
	at java.lang.reflect.Method.invoke(Method.java:498)
	at org.junit.runners.model.FrameworkMethod$1.runReflectiveCall(FrameworkMethod.java:59)
	at org.junit.internal.runners.model.ReflectiveCallable.run(ReflectiveCallable.java:12)
	at org.junit.runners.model.FrameworkMethod.invokeExplosively(FrameworkMethod.java:56)
	at org.junit.internal.runners.statements.InvokeMethod.evaluate(InvokeMethod.java:17)
	at org.junit.internal.runners.statements.RunAfters.evaluate(RunAfters.java:27)
	at org.junit.internal.runners.statements.FailOnTimeout$CallableStatement.call(FailOnTimeout.java:288)
	at org.junit.internal.runners.statements.FailOnTimeout$CallableStatement.call(FailOnTimeout.java:282)
	at java.util.concurrent.FutureTask.run(FutureTask.java:266)
	at java.lang.Thread.run(Thread.java:750)
08:40:27.514 [IPC Server handler 1 on default port 41701] ERROR OMAudit - user=runner | ip=127.0.0.1 | op=GET_FILE_STATUS {volume=volume83680, bucket=bucket94599, key=gdir1/dir1/child, dataSize=0, replicationConfig=null} | ret=FAILURE
org.apache.hadoop.ozone.om.exceptions.OMException: Unable to get file status: volume: volume83680 bucket: bucket94599 key: gdir1/dir1/child
	at org.apache.hadoop.ozone.om.KeyManagerImpl.getOzoneFileStatus(KeyManagerImpl.java:1270) ~[ozone-manager-1.3.0-SNAPSHOT.jar:?]
	at org.apache.hadoop.ozone.om.KeyManagerImpl.getFileStatus(KeyManagerImpl.java:1200) ~[ozone-manager-1.3.0-SNAPSHOT.jar:?]
	at org.apache.hadoop.ozone.om.OzoneManager.getFileStatus(OzoneManager.java:3507) ~[ozone-manager-1.3.0-SNAPSHOT.jar:?]
	at org.apache.hadoop.ozone.protocolPB.OzoneManagerRequestHandler.getOzoneFileStatus(OzoneManagerRequestHandler.java:882) ~[ozone-manager-1.3.0-SNAPSHOT.jar:?]
	at org.apache.hadoop.ozone.protocolPB.OzoneManagerRequestHandler.handleReadRequest(OzoneManagerRequestHandler.java:228) ~[ozone-manager-1.3.0-SNAPSHOT.jar:?]
	at org.apache.hadoop.ozone.protocolPB.OzoneManagerProtocolServerSideTranslatorPB.submitReadRequestToOM(OzoneManagerProtocolServerSideTranslatorPB.java:226) ~[ozone-manager-1.3.0-SNAPSHOT.jar:?]
	at org.apache.hadoop.ozone.protocolPB.OzoneManagerProtocolServerSideTranslatorPB.processRequest(OzoneManagerProtocolServerSideTranslatorPB.java:175) ~[ozone-manager-1.3.0-SNAPSHOT.jar:?]
	at org.apache.hadoop.hdds.server.OzoneProtocolMessageDispatcher.processRequest(OzoneProtocolMessageDispatcher.java:87) [hdds-server-framework-1.3.0-SNAPSHOT.jar:?]
	at org.apache.hadoop.ozone.protocolPB.OzoneManagerProtocolServerSideTranslatorPB.submitRequest(OzoneManagerProtocolServerSideTranslatorPB.java:147) [ozone-manager-1.3.0-SNAPSHOT.jar:?]
	at org.apache.hadoop.ozone.protocol.proto.OzoneManagerProtocolProtos$OzoneManagerService$2.callBlockingMethod(OzoneManagerProtocolProtos.java) [ozone-interface-client-1.3.0-SNAPSHOT.jar:?]
	at org.apache.hadoop.ipc.ProtobufRpcEngine$Server.processCall(ProtobufRpcEngine.java:466) [hadoop-common-3.3.1.jar:?]
	at org.apache.hadoop.ipc.ProtobufRpcEngine2$Server$ProtoBufRpcInvoker.call(ProtobufRpcEngine2.java:574) [hadoop-common-3.3.1.jar:?]
	at org.apache.hadoop.ipc.ProtobufRpcEngine2$Server$ProtoBufRpcInvoker.call(ProtobufRpcEngine2.java:552) [hadoop-common-3.3.1.jar:?]
	at org.apache.hadoop.ipc.RPC$Server.call(RPC.java:1093) [hadoop-common-3.3.1.jar:?]
	at org.apache.hadoop.ipc.Server$RpcCall.run(Server.java:1035) [hadoop-common-3.3.1.jar:?]
	at org.apache.hadoop.ipc.Server$RpcCall.run(Server.java:963) [hadoop-common-3.3.1.jar:?]
	at java.security.AccessController.doPrivileged(Native Method) ~[?:1.8.0_345]
	at javax.security.auth.Subject.doAs(Subject.java:422) [?:1.8.0_345]
	at org.apache.hadoop.security.UserGroupInformation.doAs(UserGroupInformation.java:1878) [hadoop-common-3.3.1.jar:?]
	at org.apache.hadoop.ipc.Server$Handler.run(Server.java:2966) [hadoop-common-3.3.1.jar:?]
2022-10-10 08:40:27,514 [Time-limited test] WARN  ozone.BasicOzoneFileSystem (BasicOzoneFileSystem.java:getFileStatus(765)) - GetFileStatus failed for path /gdir1/dir1/child
java.io.FileNotFoundException: gdir1/dir1/child: No such file or directory!
	at org.apache.hadoop.fs.ozone.BasicOzoneClientAdapterImpl.getFileStatus(BasicOzoneClientAdapterImpl.java:369)
	at org.apache.hadoop.fs.ozone.BasicOzoneFileSystem.getFileStatus(BasicOzoneFileSystem.java:757)
	at org.apache.hadoop.fs.ozone.TestOzoneFileSystem.checkPath(TestOzoneFileSystem.java:502)
	at org.apache.hadoop.fs.ozone.TestOzoneFileSystem.testRecursiveDelete(TestOzoneFileSystem.java:458)
	at sun.reflect.NativeMethodAccessorImpl.invoke0(Native Method)
	at sun.reflect.NativeMethodAccessorImpl.invoke(NativeMethodAccessorImpl.java:62)
	at sun.reflect.DelegatingMethodAccessorImpl.invoke(DelegatingMethodAccessorImpl.java:43)
	at java.lang.reflect.Method.invoke(Method.java:498)
	at org.junit.runners.model.FrameworkMethod$1.runReflectiveCall(FrameworkMethod.java:59)
	at org.junit.internal.runners.model.ReflectiveCallable.run(ReflectiveCallable.java:12)
	at org.junit.runners.model.FrameworkMethod.invokeExplosively(FrameworkMethod.java:56)
	at org.junit.internal.runners.statements.InvokeMethod.evaluate(InvokeMethod.java:17)
	at org.junit.internal.runners.statements.RunAfters.evaluate(RunAfters.java:27)
	at org.junit.internal.runners.statements.FailOnTimeout$CallableStatement.call(FailOnTimeout.java:288)
	at org.junit.internal.runners.statements.FailOnTimeout$CallableStatement.call(FailOnTimeout.java:282)
	at java.util.concurrent.FutureTask.run(FutureTask.java:266)
	at java.lang.Thread.run(Thread.java:750)
08:40:27.515 [IPC Server handler 4 on default port 41701] ERROR OMAudit - user=runner | ip=127.0.0.1 | op=GET_FILE_STATUS {volume=volume83680, bucket=bucket94599, key=gdir1/dir2, dataSize=0, replicationConfig=null} | ret=FAILURE
org.apache.hadoop.ozone.om.exceptions.OMException: Unable to get file status: volume: volume83680 bucket: bucket94599 key: gdir1/dir2
	at org.apache.hadoop.ozone.om.KeyManagerImpl.getOzoneFileStatus(KeyManagerImpl.java:1270) ~[ozone-manager-1.3.0-SNAPSHOT.jar:?]
	at org.apache.hadoop.ozone.om.KeyManagerImpl.getFileStatus(KeyManagerImpl.java:1200) ~[ozone-manager-1.3.0-SNAPSHOT.jar:?]
	at org.apache.hadoop.ozone.om.OzoneManager.getFileStatus(OzoneManager.java:3507) ~[ozone-manager-1.3.0-SNAPSHOT.jar:?]
	at org.apache.hadoop.ozone.protocolPB.OzoneManagerRequestHandler.getOzoneFileStatus(OzoneManagerRequestHandler.java:882) ~[ozone-manager-1.3.0-SNAPSHOT.jar:?]
	at org.apache.hadoop.ozone.protocolPB.OzoneManagerRequestHandler.handleReadRequest(OzoneManagerRequestHandler.java:228) ~[ozone-manager-1.3.0-SNAPSHOT.jar:?]
	at org.apache.hadoop.ozone.protocolPB.OzoneManagerProtocolServerSideTranslatorPB.submitReadRequestToOM(OzoneManagerProtocolServerSideTranslatorPB.java:226) ~[ozone-manager-1.3.0-SNAPSHOT.jar:?]
	at org.apache.hadoop.ozone.protocolPB.OzoneManagerProtocolServerSideTranslatorPB.processRequest(OzoneManagerProtocolServerSideTranslatorPB.java:175) ~[ozone-manager-1.3.0-SNAPSHOT.jar:?]
	at org.apache.hadoop.hdds.server.OzoneProtocolMessageDispatcher.processRequest(OzoneProtocolMessageDispatcher.java:87) [hdds-server-framework-1.3.0-SNAPSHOT.jar:?]
	at org.apache.hadoop.ozone.protocolPB.OzoneManagerProtocolServerSideTranslatorPB.submitRequest(OzoneManagerProtocolServerSideTranslatorPB.java:147) [ozone-manager-1.3.0-SNAPSHOT.jar:?]
	at org.apache.hadoop.ozone.protocol.proto.OzoneManagerProtocolProtos$OzoneManagerService$2.callBlockingMethod(OzoneManagerProtocolProtos.java) [ozone-interface-client-1.3.0-SNAPSHOT.jar:?]
	at org.apache.hadoop.ipc.ProtobufRpcEngine$Server.processCall(ProtobufRpcEngine.java:466) [hadoop-common-3.3.1.jar:?]
	at org.apache.hadoop.ipc.ProtobufRpcEngine2$Server$ProtoBufRpcInvoker.call(ProtobufRpcEngine2.java:574) [hadoop-common-3.3.1.jar:?]
	at org.apache.hadoop.ipc.ProtobufRpcEngine2$Server$ProtoBufRpcInvoker.call(ProtobufRpcEngine2.java:552) [hadoop-common-3.3.1.jar:?]
	at org.apache.hadoop.ipc.RPC$Server.call(RPC.java:1093) [hadoop-common-3.3.1.jar:?]
	at org.apache.hadoop.ipc.Server$RpcCall.run(Server.java:1035) [hadoop-common-3.3.1.jar:?]
	at org.apache.hadoop.ipc.Server$RpcCall.run(Server.java:963) [hadoop-common-3.3.1.jar:?]
	at java.security.AccessController.doPrivileged(Native Method) ~[?:1.8.0_345]
	at javax.security.auth.Subject.doAs(Subject.java:422) [?:1.8.0_345]
	at org.apache.hadoop.security.UserGroupInformation.doAs(UserGroupInformation.java:1878) [hadoop-common-3.3.1.jar:?]
	at org.apache.hadoop.ipc.Server$Handler.run(Server.java:2966) [hadoop-common-3.3.1.jar:?]
2022-10-10 08:40:27,515 [Time-limited test] WARN  ozone.BasicOzoneFileSystem (BasicOzoneFileSystem.java:getFileStatus(765)) - GetFileStatus failed for path /gdir1/dir2
java.io.FileNotFoundException: gdir1/dir2: No such file or directory!
	at org.apache.hadoop.fs.ozone.BasicOzoneClientAdapterImpl.getFileStatus(BasicOzoneClientAdapterImpl.java:369)
	at org.apache.hadoop.fs.ozone.BasicOzoneFileSystem.getFileStatus(BasicOzoneFileSystem.java:757)
	at org.apache.hadoop.fs.ozone.TestOzoneFileSystem.checkPath(TestOzoneFileSystem.java:502)
	at org.apache.hadoop.fs.ozone.TestOzoneFileSystem.testRecursiveDelete(TestOzoneFileSystem.java:457)
	at sun.reflect.NativeMethodAccessorImpl.invoke0(Native Method)
	at sun.reflect.NativeMethodAccessorImpl.invoke(NativeMethodAccessorImpl.java:62)
	at sun.reflect.DelegatingMethodAccessorImpl.invoke(DelegatingMethodAccessorImpl.java:43)
	at java.lang.reflect.Method.invoke(Method.java:498)
	at org.junit.runners.model.FrameworkMethod$1.runReflectiveCall(FrameworkMethod.java:59)
	at org.junit.internal.runners.model.ReflectiveCallable.run(ReflectiveCallable.java:12)
	at org.junit.runners.model.FrameworkMethod.invokeExplosively(FrameworkMethod.java:56)
	at org.junit.internal.runners.statements.InvokeMethod.evaluate(InvokeMethod.java:17)
	at org.junit.internal.runners.statements.RunAfters.evaluate(RunAfters.java:27)
	at org.junit.internal.runners.statements.FailOnTimeout$CallableStatement.call(FailOnTimeout.java:288)
	at org.junit.internal.runners.statements.FailOnTimeout$CallableStatement.call(FailOnTimeout.java:282)
	at java.util.concurrent.FutureTask.run(FutureTask.java:266)
	at java.lang.Thread.run(Thread.java:750)
08:40:27.516 [IPC Server handler 15 on default port 41701] ERROR OMAudit - user=runner | ip=127.0.0.1 | op=GET_FILE_STATUS {volume=volume83680, bucket=bucket94599, key=gdir1/dir2/child, dataSize=0, replicationConfig=null} | ret=FAILURE
org.apache.hadoop.ozone.om.exceptions.OMException: Unable to get file status: volume: volume83680 bucket: bucket94599 key: gdir1/dir2/child
	at org.apache.hadoop.ozone.om.KeyManagerImpl.getOzoneFileStatus(KeyManagerImpl.java:1270) ~[ozone-manager-1.3.0-SNAPSHOT.jar:?]
	at org.apache.hadoop.ozone.om.KeyManagerImpl.getFileStatus(KeyManagerImpl.java:1200) ~[ozone-manager-1.3.0-SNAPSHOT.jar:?]
	at org.apache.hadoop.ozone.om.OzoneManager.getFileStatus(OzoneManager.java:3507) ~[ozone-manager-1.3.0-SNAPSHOT.jar:?]
	at org.apache.hadoop.ozone.protocolPB.OzoneManagerRequestHandler.getOzoneFileStatus(OzoneManagerRequestHandler.java:882) ~[ozone-manager-1.3.0-SNAPSHOT.jar:?]
	at org.apache.hadoop.ozone.protocolPB.OzoneManagerRequestHandler.handleReadRequest(OzoneManagerRequestHandler.java:228) ~[ozone-manager-1.3.0-SNAPSHOT.jar:?]
	at org.apache.hadoop.ozone.protocolPB.OzoneManagerProtocolServerSideTranslatorPB.submitReadRequestToOM(OzoneManagerProtocolServerSideTranslatorPB.java:226) ~[ozone-manager-1.3.0-SNAPSHOT.jar:?]
	at org.apache.hadoop.ozone.protocolPB.OzoneManagerProtocolServerSideTranslatorPB.processRequest(OzoneManagerProtocolServerSideTranslatorPB.java:175) ~[ozone-manager-1.3.0-SNAPSHOT.jar:?]
	at org.apache.hadoop.hdds.server.OzoneProtocolMessageDispatcher.processRequest(OzoneProtocolMessageDispatcher.java:87) [hdds-server-framework-1.3.0-SNAPSHOT.jar:?]
	at org.apache.hadoop.ozone.protocolPB.OzoneManagerProtocolServerSideTranslatorPB.submitRequest(OzoneManagerProtocolServerSideTranslatorPB.java:147) [ozone-manager-1.3.0-SNAPSHOT.jar:?]
	at org.apache.hadoop.ozone.protocol.proto.OzoneManagerProtocolProtos$OzoneManagerService$2.callBlockingMethod(OzoneManagerProtocolProtos.java) [ozone-interface-client-1.3.0-SNAPSHOT.jar:?]
	at org.apache.hadoop.ipc.ProtobufRpcEngine$Server.processCall(ProtobufRpcEngine.java:466) [hadoop-common-3.3.1.jar:?]
	at org.apache.hadoop.ipc.ProtobufRpcEngine2$Server$ProtoBufRpcInvoker.call(ProtobufRpcEngine2.java:574) [hadoop-common-3.3.1.jar:?]
	at org.apache.hadoop.ipc.ProtobufRpcEngine2$Server$ProtoBufRpcInvoker.call(ProtobufRpcEngine2.java:552) [hadoop-common-3.3.1.jar:?]
	at org.apache.hadoop.ipc.RPC$Server.call(RPC.java:1093) [hadoop-common-3.3.1.jar:?]
	at org.apache.hadoop.ipc.Server$RpcCall.run(Server.java:1035) [hadoop-common-3.3.1.jar:?]
	at org.apache.hadoop.ipc.Server$RpcCall.run(Server.java:963) [hadoop-common-3.3.1.jar:?]
	at java.security.AccessController.doPrivileged(Native Method) ~[?:1.8.0_345]
	at javax.security.auth.Subject.doAs(Subject.java:422) [?:1.8.0_345]
	at org.apache.hadoop.security.UserGroupInformation.doAs(UserGroupInformation.java:1878) [hadoop-common-3.3.1.jar:?]
	at org.apache.hadoop.ipc.Server$Handler.run(Server.java:2966) [hadoop-common-3.3.1.jar:?]
2022-10-10 08:40:27,516 [Time-limited test] WARN  ozone.BasicOzoneFileSystem (BasicOzoneFileSystem.java:getFileStatus(765)) - GetFileStatus failed for path /gdir1/dir2/child
java.io.FileNotFoundException: gdir1/dir2/child: No such file or directory!
	at org.apache.hadoop.fs.ozone.BasicOzoneClientAdapterImpl.getFileStatus(BasicOzoneClientAdapterImpl.java:369)
	at org.apache.hadoop.fs.ozone.BasicOzoneFileSystem.getFileStatus(BasicOzoneFileSystem.java:757)
	at org.apache.hadoop.fs.ozone.TestOzoneFileSystem.checkPath(TestOzoneFileSystem.java:502)
	at org.apache.hadoop.fs.ozone.TestOzoneFileSystem.testRecursiveDelete(TestOzoneFileSystem.java:458)
	at sun.reflect.NativeMethodAccessorImpl.invoke0(Native Method)
	at sun.reflect.NativeMethodAccessorImpl.invoke(NativeMethodAccessorImpl.java:62)
	at sun.reflect.DelegatingMethodAccessorImpl.invoke(DelegatingMethodAccessorImpl.java:43)
	at java.lang.reflect.Method.invoke(Method.java:498)
	at org.junit.runners.model.FrameworkMethod$1.runReflectiveCall(FrameworkMethod.java:59)
	at org.junit.internal.runners.model.ReflectiveCallable.run(ReflectiveCallable.java:12)
	at org.junit.runners.model.FrameworkMethod.invokeExplosively(FrameworkMethod.java:56)
	at org.junit.internal.runners.statements.InvokeMethod.evaluate(InvokeMethod.java:17)
	at org.junit.internal.runners.statements.RunAfters.evaluate(RunAfters.java:27)
	at org.junit.internal.runners.statements.FailOnTimeout$CallableStatement.call(FailOnTimeout.java:288)
	at org.junit.internal.runners.statements.FailOnTimeout$CallableStatement.call(FailOnTimeout.java:282)
	at java.util.concurrent.FutureTask.run(FutureTask.java:266)
	at java.lang.Thread.run(Thread.java:750)
08:40:27.516 [IPC Server handler 16 on default port 41701] ERROR OMAudit - user=runner | ip=127.0.0.1 | op=GET_FILE_STATUS {volume=volume83680, bucket=bucket94599, key=gdir1/dir3, dataSize=0, replicationConfig=null} | ret=FAILURE
org.apache.hadoop.ozone.om.exceptions.OMException: Unable to get file status: volume: volume83680 bucket: bucket94599 key: gdir1/dir3
	at org.apache.hadoop.ozone.om.KeyManagerImpl.getOzoneFileStatus(KeyManagerImpl.java:1270) ~[ozone-manager-1.3.0-SNAPSHOT.jar:?]
	at org.apache.hadoop.ozone.om.KeyManagerImpl.getFileStatus(KeyManagerImpl.java:1200) ~[ozone-manager-1.3.0-SNAPSHOT.jar:?]
	at org.apache.hadoop.ozone.om.OzoneManager.getFileStatus(OzoneManager.java:3507) ~[ozone-manager-1.3.0-SNAPSHOT.jar:?]
	at org.apache.hadoop.ozone.protocolPB.OzoneManagerRequestHandler.getOzoneFileStatus(OzoneManagerRequestHandler.java:882) ~[ozone-manager-1.3.0-SNAPSHOT.jar:?]
	at org.apache.hadoop.ozone.protocolPB.OzoneManagerRequestHandler.handleReadRequest(OzoneManagerRequestHandler.java:228) ~[ozone-manager-1.3.0-SNAPSHOT.jar:?]
	at org.apache.hadoop.ozone.protocolPB.OzoneManagerProtocolServerSideTranslatorPB.submitReadRequestToOM(OzoneManagerProtocolServerSideTranslatorPB.java:226) ~[ozone-manager-1.3.0-SNAPSHOT.jar:?]
	at org.apache.hadoop.ozone.protocolPB.OzoneManagerProtocolServerSideTranslatorPB.processRequest(OzoneManagerProtocolServerSideTranslatorPB.java:175) ~[ozone-manager-1.3.0-SNAPSHOT.jar:?]
	at org.apache.hadoop.hdds.server.OzoneProtocolMessageDispatcher.processRequest(OzoneProtocolMessageDispatcher.java:87) [hdds-server-framework-1.3.0-SNAPSHOT.jar:?]
	at org.apache.hadoop.ozone.protocolPB.OzoneManagerProtocolServerSideTranslatorPB.submitRequest(OzoneManagerProtocolServerSideTranslatorPB.java:147) [ozone-manager-1.3.0-SNAPSHOT.jar:?]
	at org.apache.hadoop.ozone.protocol.proto.OzoneManagerProtocolProtos$OzoneManagerService$2.callBlockingMethod(OzoneManagerProtocolProtos.java) [ozone-interface-client-1.3.0-SNAPSHOT.jar:?]
	at org.apache.hadoop.ipc.ProtobufRpcEngine$Server.processCall(ProtobufRpcEngine.java:466) [hadoop-common-3.3.1.jar:?]
	at org.apache.hadoop.ipc.ProtobufRpcEngine2$Server$ProtoBufRpcInvoker.call(ProtobufRpcEngine2.java:574) [hadoop-common-3.3.1.jar:?]
	at org.apache.hadoop.ipc.ProtobufRpcEngine2$Server$ProtoBufRpcInvoker.call(ProtobufRpcEngine2.java:552) [hadoop-common-3.3.1.jar:?]
	at org.apache.hadoop.ipc.RPC$Server.call(RPC.java:1093) [hadoop-common-3.3.1.jar:?]
	at org.apache.hadoop.ipc.Server$RpcCall.run(Server.java:1035) [hadoop-common-3.3.1.jar:?]
	at org.apache.hadoop.ipc.Server$RpcCall.run(Server.java:963) [hadoop-common-3.3.1.jar:?]
	at java.security.AccessController.doPrivileged(Native Method) ~[?:1.8.0_345]
	at javax.security.auth.Subject.doAs(Subject.java:422) [?:1.8.0_345]
	at org.apache.hadoop.security.UserGroupInformation.doAs(UserGroupInformation.java:1878) [hadoop-common-3.3.1.jar:?]
	at org.apache.hadoop.ipc.Server$Handler.run(Server.java:2966) [hadoop-common-3.3.1.jar:?]
2022-10-10 08:40:27,517 [Time-limited test] WARN  ozone.BasicOzoneFileSystem (BasicOzoneFileSystem.java:getFileStatus(765)) - GetFileStatus failed for path /gdir1/dir3
java.io.FileNotFoundException: gdir1/dir3: No such file or directory!
	at org.apache.hadoop.fs.ozone.BasicOzoneClientAdapterImpl.getFileStatus(BasicOzoneClientAdapterImpl.java:369)
	at org.apache.hadoop.fs.ozone.BasicOzoneFileSystem.getFileStatus(BasicOzoneFileSystem.java:757)
	at org.apache.hadoop.fs.ozone.TestOzoneFileSystem.checkPath(TestOzoneFileSystem.java:502)
	at org.apache.hadoop.fs.ozone.TestOzoneFileSystem.testRecursiveDelete(TestOzoneFileSystem.java:457)
	at sun.reflect.NativeMethodAccessorImpl.invoke0(Native Method)
	at sun.reflect.NativeMethodAccessorImpl.invoke(NativeMethodAccessorImpl.java:62)
	at sun.reflect.DelegatingMethodAccessorImpl.invoke(DelegatingMethodAccessorImpl.java:43)
	at java.lang.reflect.Method.invoke(Method.java:498)
	at org.junit.runners.model.FrameworkMethod$1.runReflectiveCall(FrameworkMethod.java:59)
	at org.junit.internal.runners.model.ReflectiveCallable.run(ReflectiveCallable.java:12)
	at org.junit.runners.model.FrameworkMethod.invokeExplosively(FrameworkMethod.java:56)
	at org.junit.internal.runners.statements.InvokeMethod.evaluate(InvokeMethod.java:17)
	at org.junit.internal.runners.statements.RunAfters.evaluate(RunAfters.java:27)
	at org.junit.internal.runners.statements.FailOnTimeout$CallableStatement.call(FailOnTimeout.java:288)
	at org.junit.internal.runners.statements.FailOnTimeout$CallableStatement.call(FailOnTimeout.java:282)
	at java.util.concurrent.FutureTask.run(FutureTask.java:266)
	at java.lang.Thread.run(Thread.java:750)
08:40:27.517 [IPC Server handler 19 on default port 41701] ERROR OMAudit - user=runner | ip=127.0.0.1 | op=GET_FILE_STATUS {volume=volume83680, bucket=bucket94599, key=gdir1/dir3/child, dataSize=0, replicationConfig=null} | ret=FAILURE
org.apache.hadoop.ozone.om.exceptions.OMException: Unable to get file status: volume: volume83680 bucket: bucket94599 key: gdir1/dir3/child
	at org.apache.hadoop.ozone.om.KeyManagerImpl.getOzoneFileStatus(KeyManagerImpl.java:1270) ~[ozone-manager-1.3.0-SNAPSHOT.jar:?]
	at org.apache.hadoop.ozone.om.KeyManagerImpl.getFileStatus(KeyManagerImpl.java:1200) ~[ozone-manager-1.3.0-SNAPSHOT.jar:?]
	at org.apache.hadoop.ozone.om.OzoneManager.getFileStatus(OzoneManager.java:3507) ~[ozone-manager-1.3.0-SNAPSHOT.jar:?]
	at org.apache.hadoop.ozone.protocolPB.OzoneManagerRequestHandler.getOzoneFileStatus(OzoneManagerRequestHandler.java:882) ~[ozone-manager-1.3.0-SNAPSHOT.jar:?]
	at org.apache.hadoop.ozone.protocolPB.OzoneManagerRequestHandler.handleReadRequest(OzoneManagerRequestHandler.java:228) ~[ozone-manager-1.3.0-SNAPSHOT.jar:?]
	at org.apache.hadoop.ozone.protocolPB.OzoneManagerProtocolServerSideTranslatorPB.submitReadRequestToOM(OzoneManagerProtocolServerSideTranslatorPB.java:226) ~[ozone-manager-1.3.0-SNAPSHOT.jar:?]
	at org.apache.hadoop.ozone.protocolPB.OzoneManagerProtocolServerSideTranslatorPB.processRequest(OzoneManagerProtocolServerSideTranslatorPB.java:175) ~[ozone-manager-1.3.0-SNAPSHOT.jar:?]
	at org.apache.hadoop.hdds.server.OzoneProtocolMessageDispatcher.processRequest(OzoneProtocolMessageDispatcher.java:87) [hdds-server-framework-1.3.0-SNAPSHOT.jar:?]
	at org.apache.hadoop.ozone.protocolPB.OzoneManagerProtocolServerSideTranslatorPB.submitRequest(OzoneManagerProtocolServerSideTranslatorPB.java:147) [ozone-manager-1.3.0-SNAPSHOT.jar:?]
	at org.apache.hadoop.ozone.protocol.proto.OzoneManagerProtocolProtos$OzoneManagerService$2.callBlockingMethod(OzoneManagerProtocolProtos.java) [ozone-interface-client-1.3.0-SNAPSHOT.jar:?]
	at org.apache.hadoop.ipc.ProtobufRpcEngine$Server.processCall(ProtobufRpcEngine.java:466) [hadoop-common-3.3.1.jar:?]
	at org.apache.hadoop.ipc.ProtobufRpcEngine2$Server$ProtoBufRpcInvoker.call(ProtobufRpcEngine2.java:574) [hadoop-common-3.3.1.jar:?]
	at org.apache.hadoop.ipc.ProtobufRpcEngine2$Server$ProtoBufRpcInvoker.call(ProtobufRpcEngine2.java:552) [hadoop-common-3.3.1.jar:?]
	at org.apache.hadoop.ipc.RPC$Server.call(RPC.java:1093) [hadoop-common-3.3.1.jar:?]
	at org.apache.hadoop.ipc.Server$RpcCall.run(Server.java:1035) [hadoop-common-3.3.1.jar:?]
	at org.apache.hadoop.ipc.Server$RpcCall.run(Server.java:963) [hadoop-common-3.3.1.jar:?]
	at java.security.AccessController.doPrivileged(Native Method) ~[?:1.8.0_345]
	at javax.security.auth.Subject.doAs(Subject.java:422) [?:1.8.0_345]
	at org.apache.hadoop.security.UserGroupInformation.doAs(UserGroupInformation.java:1878) [hadoop-common-3.3.1.jar:?]
	at org.apache.hadoop.ipc.Server$Handler.run(Server.java:2966) [hadoop-common-3.3.1.jar:?]
2022-10-10 08:40:27,520 [Time-limited test] WARN  ozone.BasicOzoneFileSystem (BasicOzoneFileSystem.java:getFileStatus(765)) - GetFileStatus failed for path /gdir1/dir3/child
java.io.FileNotFoundException: gdir1/dir3/child: No such file or directory!
	at org.apache.hadoop.fs.ozone.BasicOzoneClientAdapterImpl.getFileStatus(BasicOzoneClientAdapterImpl.java:369)
	at org.apache.hadoop.fs.ozone.BasicOzoneFileSystem.getFileStatus(BasicOzoneFileSystem.java:757)
	at org.apache.hadoop.fs.ozone.TestOzoneFileSystem.checkPath(TestOzoneFileSystem.java:502)
	at org.apache.hadoop.fs.ozone.TestOzoneFileSystem.testRecursiveDelete(TestOzoneFileSystem.java:458)
	at sun.reflect.NativeMethodAccessorImpl.invoke0(Native Method)
	at sun.reflect.NativeMethodAccessorImpl.invoke(NativeMethodAccessorImpl.java:62)
	at sun.reflect.DelegatingMethodAccessorImpl.invoke(DelegatingMethodAccessorImpl.java:43)
	at java.lang.reflect.Method.invoke(Method.java:498)
	at org.junit.runners.model.FrameworkMethod$1.runReflectiveCall(FrameworkMethod.java:59)
	at org.junit.internal.runners.model.ReflectiveCallable.run(ReflectiveCallable.java:12)
	at org.junit.runners.model.FrameworkMethod.invokeExplosively(FrameworkMethod.java:56)
	at org.junit.internal.runners.statements.InvokeMethod.evaluate(InvokeMethod.java:17)
	at org.junit.internal.runners.statements.RunAfters.evaluate(RunAfters.java:27)
	at org.junit.internal.runners.statements.FailOnTimeout$CallableStatement.call(FailOnTimeout.java:288)
	at org.junit.internal.runners.statements.FailOnTimeout$CallableStatement.call(FailOnTimeout.java:282)
	at java.util.concurrent.FutureTask.run(FutureTask.java:266)
	at java.lang.Thread.run(Thread.java:750)
08:40:27.524 [IPC Server handler 14 on default port 41701] ERROR OMAudit - user=runner | ip=127.0.0.1 | op=GET_FILE_STATUS {volume=volume83680, bucket=bucket94599, key=gdir1/dir4, dataSize=0, replicationConfig=null} | ret=FAILURE
org.apache.hadoop.ozone.om.exceptions.OMException: Unable to get file status: volume: volume83680 bucket: bucket94599 key: gdir1/dir4
	at org.apache.hadoop.ozone.om.KeyManagerImpl.getOzoneFileStatus(KeyManagerImpl.java:1270) ~[ozone-manager-1.3.0-SNAPSHOT.jar:?]
	at org.apache.hadoop.ozone.om.KeyManagerImpl.getFileStatus(KeyManagerImpl.java:1200) ~[ozone-manager-1.3.0-SNAPSHOT.jar:?]
	at org.apache.hadoop.ozone.om.OzoneManager.getFileStatus(OzoneManager.java:3507) ~[ozone-manager-1.3.0-SNAPSHOT.jar:?]
	at org.apache.hadoop.ozone.protocolPB.OzoneManagerRequestHandler.getOzoneFileStatus(OzoneManagerRequestHandler.java:882) ~[ozone-manager-1.3.0-SNAPSHOT.jar:?]
	at org.apache.hadoop.ozone.protocolPB.OzoneManagerRequestHandler.handleReadRequest(OzoneManagerRequestHandler.java:228) ~[ozone-manager-1.3.0-SNAPSHOT.jar:?]
	at org.apache.hadoop.ozone.protocolPB.OzoneManagerProtocolServerSideTranslatorPB.submitReadRequestToOM(OzoneManagerProtocolServerSideTranslatorPB.java:226) ~[ozone-manager-1.3.0-SNAPSHOT.jar:?]
	at org.apache.hadoop.ozone.protocolPB.OzoneManagerProtocolServerSideTranslatorPB.processRequest(OzoneManagerProtocolServerSideTranslatorPB.java:175) ~[ozone-manager-1.3.0-SNAPSHOT.jar:?]
	at org.apache.hadoop.hdds.server.OzoneProtocolMessageDispatcher.processRequest(OzoneProtocolMessageDispatcher.java:87) [hdds-server-framework-1.3.0-SNAPSHOT.jar:?]
	at org.apache.hadoop.ozone.protocolPB.OzoneManagerProtocolServerSideTranslatorPB.submitRequest(OzoneManagerProtocolServerSideTranslatorPB.java:147) [ozone-manager-1.3.0-SNAPSHOT.jar:?]
	at org.apache.hadoop.ozone.protocol.proto.OzoneManagerProtocolProtos$OzoneManagerService$2.callBlockingMethod(OzoneManagerProtocolProtos.java) [ozone-interface-client-1.3.0-SNAPSHOT.jar:?]
	at org.apache.hadoop.ipc.ProtobufRpcEngine$Server.processCall(ProtobufRpcEngine.java:466) [hadoop-common-3.3.1.jar:?]
	at org.apache.hadoop.ipc.ProtobufRpcEngine2$Server$ProtoBufRpcInvoker.call(ProtobufRpcEngine2.java:574) [hadoop-common-3.3.1.jar:?]
	at org.apache.hadoop.ipc.ProtobufRpcEngine2$Server$ProtoBufRpcInvoker.call(ProtobufRpcEngine2.java:552) [hadoop-common-3.3.1.jar:?]
	at org.apache.hadoop.ipc.RPC$Server.call(RPC.java:1093) [hadoop-common-3.3.1.jar:?]
	at org.apache.hadoop.ipc.Server$RpcCall.run(Server.java:1035) [hadoop-common-3.3.1.jar:?]
	at org.apache.hadoop.ipc.Server$RpcCall.run(Server.java:963) [hadoop-common-3.3.1.jar:?]
	at java.security.AccessController.doPrivileged(Native Method) ~[?:1.8.0_345]
	at javax.security.auth.Subject.doAs(Subject.java:422) [?:1.8.0_345]
	at org.apache.hadoop.security.UserGroupInformation.doAs(UserGroupInformation.java:1878) [hadoop-common-3.3.1.jar:?]
	at org.apache.hadoop.ipc.Server$Handler.run(Server.java:2966) [hadoop-common-3.3.1.jar:?]
2022-10-10 08:40:27,528 [Time-limited test] WARN  ozone.BasicOzoneFileSystem (BasicOzoneFileSystem.java:getFileStatus(765)) - GetFileStatus failed for path /gdir1/dir4
java.io.FileNotFoundException: gdir1/dir4: No such file or directory!
	at org.apache.hadoop.fs.ozone.BasicOzoneClientAdapterImpl.getFileStatus(BasicOzoneClientAdapterImpl.java:369)
	at org.apache.hadoop.fs.ozone.BasicOzoneFileSystem.getFileStatus(BasicOzoneFileSystem.java:757)
	at org.apache.hadoop.fs.ozone.TestOzoneFileSystem.checkPath(TestOzoneFileSystem.java:502)
	at org.apache.hadoop.fs.ozone.TestOzoneFileSystem.testRecursiveDelete(TestOzoneFileSystem.java:457)
	at sun.reflect.NativeMethodAccessorImpl.invoke0(Native Method)
	at sun.reflect.NativeMethodAccessorImpl.invoke(NativeMethodAccessorImpl.java:62)
	at sun.reflect.DelegatingMethodAccessorImpl.invoke(DelegatingMethodAccessorImpl.java:43)
	at java.lang.reflect.Method.invoke(Method.java:498)
	at org.junit.runners.model.FrameworkMethod$1.runReflectiveCall(FrameworkMethod.java:59)
	at org.junit.internal.runners.model.ReflectiveCallable.run(ReflectiveCallable.java:12)
	at org.junit.runners.model.FrameworkMethod.invokeExplosively(FrameworkMethod.java:56)
	at org.junit.internal.runners.statements.InvokeMethod.evaluate(InvokeMethod.java:17)
	at org.junit.internal.runners.statements.RunAfters.evaluate(RunAfters.java:27)
	at org.junit.internal.runners.statements.FailOnTimeout$CallableStatement.call(FailOnTimeout.java:288)
	at org.junit.internal.runners.statements.FailOnTimeout$CallableStatement.call(FailOnTimeout.java:282)
	at java.util.concurrent.FutureTask.run(FutureTask.java:266)
	at java.lang.Thread.run(Thread.java:750)
08:40:27.528 [IPC Server handler 17 on default port 41701] ERROR OMAudit - user=runner | ip=127.0.0.1 | op=GET_FILE_STATUS {volume=volume83680, bucket=bucket94599, key=gdir1/dir4/child, dataSize=0, replicationConfig=null} | ret=FAILURE
org.apache.hadoop.ozone.om.exceptions.OMException: Unable to get file status: volume: volume83680 bucket: bucket94599 key: gdir1/dir4/child
	at org.apache.hadoop.ozone.om.KeyManagerImpl.getOzoneFileStatus(KeyManagerImpl.java:1270) ~[ozone-manager-1.3.0-SNAPSHOT.jar:?]
	at org.apache.hadoop.ozone.om.KeyManagerImpl.getFileStatus(KeyManagerImpl.java:1200) ~[ozone-manager-1.3.0-SNAPSHOT.jar:?]
	at org.apache.hadoop.ozone.om.OzoneManager.getFileStatus(OzoneManager.java:3507) ~[ozone-manager-1.3.0-SNAPSHOT.jar:?]
	at org.apache.hadoop.ozone.protocolPB.OzoneManagerRequestHandler.getOzoneFileStatus(OzoneManagerRequestHandler.java:882) ~[ozone-manager-1.3.0-SNAPSHOT.jar:?]
	at org.apache.hadoop.ozone.protocolPB.OzoneManagerRequestHandler.handleReadRequest(OzoneManagerRequestHandler.java:228) ~[ozone-manager-1.3.0-SNAPSHOT.jar:?]
	at org.apache.hadoop.ozone.protocolPB.OzoneManagerProtocolServerSideTranslatorPB.submitReadRequestToOM(OzoneManagerProtocolServerSideTranslatorPB.java:226) ~[ozone-manager-1.3.0-SNAPSHOT.jar:?]
	at org.apache.hadoop.ozone.protocolPB.OzoneManagerProtocolServerSideTranslatorPB.processRequest(OzoneManagerProtocolServerSideTranslatorPB.java:175) ~[ozone-manager-1.3.0-SNAPSHOT.jar:?]
	at org.apache.hadoop.hdds.server.OzoneProtocolMessageDispatcher.processRequest(OzoneProtocolMessageDispatcher.java:87) [hdds-server-framework-1.3.0-SNAPSHOT.jar:?]
	at org.apache.hadoop.ozone.protocolPB.OzoneManagerProtocolServerSideTranslatorPB.submitRequest(OzoneManagerProtocolServerSideTranslatorPB.java:147) [ozone-manager-1.3.0-SNAPSHOT.jar:?]
	at org.apache.hadoop.ozone.protocol.proto.OzoneManagerProtocolProtos$OzoneManagerService$2.callBlockingMethod(OzoneManagerProtocolProtos.java) [ozone-interface-client-1.3.0-SNAPSHOT.jar:?]
	at org.apache.hadoop.ipc.ProtobufRpcEngine$Server.processCall(ProtobufRpcEngine.java:466) [hadoop-common-3.3.1.jar:?]
	at org.apache.hadoop.ipc.ProtobufRpcEngine2$Server$ProtoBufRpcInvoker.call(ProtobufRpcEngine2.java:574) [hadoop-common-3.3.1.jar:?]
	at org.apache.hadoop.ipc.ProtobufRpcEngine2$Server$ProtoBufRpcInvoker.call(ProtobufRpcEngine2.java:552) [hadoop-common-3.3.1.jar:?]
	at org.apache.hadoop.ipc.RPC$Server.call(RPC.java:1093) [hadoop-common-3.3.1.jar:?]
	at org.apache.hadoop.ipc.Server$RpcCall.run(Server.java:1035) [hadoop-common-3.3.1.jar:?]
	at org.apache.hadoop.ipc.Server$RpcCall.run(Server.java:963) [hadoop-common-3.3.1.jar:?]
	at java.security.AccessController.doPrivileged(Native Method) ~[?:1.8.0_345]
	at javax.security.auth.Subject.doAs(Subject.java:422) [?:1.8.0_345]
	at org.apache.hadoop.security.UserGroupInformation.doAs(UserGroupInformation.java:1878) [hadoop-common-3.3.1.jar:?]
	at org.apache.hadoop.ipc.Server$Handler.run(Server.java:2966) [hadoop-common-3.3.1.jar:?]
2022-10-10 08:40:27,532 [Time-limited test] WARN  ozone.BasicOzoneFileSystem (BasicOzoneFileSystem.java:getFileStatus(765)) - GetFileStatus failed for path /gdir1/dir4/child
java.io.FileNotFoundException: gdir1/dir4/child: No such file or directory!
	at org.apache.hadoop.fs.ozone.BasicOzoneClientAdapterImpl.getFileStatus(BasicOzoneClientAdapterImpl.java:369)
	at org.apache.hadoop.fs.ozone.BasicOzoneFileSystem.getFileStatus(BasicOzoneFileSystem.java:757)
	at org.apache.hadoop.fs.ozone.TestOzoneFileSystem.checkPath(TestOzoneFileSystem.java:502)
	at org.apache.hadoop.fs.ozone.TestOzoneFileSystem.testRecursiveDelete(TestOzoneFileSystem.java:458)
	at sun.reflect.NativeMethodAccessorImpl.invoke0(Native Method)
	at sun.reflect.NativeMethodAccessorImpl.invoke(NativeMethodAccessorImpl.java:62)
	at sun.reflect.DelegatingMethodAccessorImpl.invoke(DelegatingMethodAccessorImpl.java:43)
	at java.lang.reflect.Method.invoke(Method.java:498)
	at org.junit.runners.model.FrameworkMethod$1.runReflectiveCall(FrameworkMethod.java:59)
	at org.junit.internal.runners.model.ReflectiveCallable.run(ReflectiveCallable.java:12)
	at org.junit.runners.model.FrameworkMethod.invokeExplosively(FrameworkMethod.java:56)
	at org.junit.internal.runners.statements.InvokeMethod.evaluate(InvokeMethod.java:17)
	at org.junit.internal.runners.statements.RunAfters.evaluate(RunAfters.java:27)
	at org.junit.internal.runners.statements.FailOnTimeout$CallableStatement.call(FailOnTimeout.java:288)
	at org.junit.internal.runners.statements.FailOnTimeout$CallableStatement.call(FailOnTimeout.java:282)
	at java.util.concurrent.FutureTask.run(FutureTask.java:266)
	at java.lang.Thread.run(Thread.java:750)
08:40:27.536 [IPC Server handler 18 on default port 41701] ERROR OMAudit - user=runner | ip=127.0.0.1 | op=GET_FILE_STATUS {volume=volume83680, bucket=bucket94599, key=gdir1/dir5, dataSize=0, replicationConfig=null} | ret=FAILURE
org.apache.hadoop.ozone.om.exceptions.OMException: Unable to get file status: volume: volume83680 bucket: bucket94599 key: gdir1/dir5
	at org.apache.hadoop.ozone.om.KeyManagerImpl.getOzoneFileStatus(KeyManagerImpl.java:1270) ~[ozone-manager-1.3.0-SNAPSHOT.jar:?]
	at org.apache.hadoop.ozone.om.KeyManagerImpl.getFileStatus(KeyManagerImpl.java:1200) ~[ozone-manager-1.3.0-SNAPSHOT.jar:?]
	at org.apache.hadoop.ozone.om.OzoneManager.getFileStatus(OzoneManager.java:3507) ~[ozone-manager-1.3.0-SNAPSHOT.jar:?]
	at org.apache.hadoop.ozone.protocolPB.OzoneManagerRequestHandler.getOzoneFileStatus(OzoneManagerRequestHandler.java:882) ~[ozone-manager-1.3.0-SNAPSHOT.jar:?]
	at org.apache.hadoop.ozone.protocolPB.OzoneManagerRequestHandler.handleReadRequest(OzoneManagerRequestHandler.java:228) ~[ozone-manager-1.3.0-SNAPSHOT.jar:?]
	at org.apache.hadoop.ozone.protocolPB.OzoneManagerProtocolServerSideTranslatorPB.submitReadRequestToOM(OzoneManagerProtocolServerSideTranslatorPB.java:226) ~[ozone-manager-1.3.0-SNAPSHOT.jar:?]
	at org.apache.hadoop.ozone.protocolPB.OzoneManagerProtocolServerSideTranslatorPB.processRequest(OzoneManagerProtocolServerSideTranslatorPB.java:175) ~[ozone-manager-1.3.0-SNAPSHOT.jar:?]
	at org.apache.hadoop.hdds.server.OzoneProtocolMessageDispatcher.processRequest(OzoneProtocolMessageDispatcher.java:87) [hdds-server-framework-1.3.0-SNAPSHOT.jar:?]
	at org.apache.hadoop.ozone.protocolPB.OzoneManagerProtocolServerSideTranslatorPB.submitRequest(OzoneManagerProtocolServerSideTranslatorPB.java:147) [ozone-manager-1.3.0-SNAPSHOT.jar:?]
	at org.apache.hadoop.ozone.protocol.proto.OzoneManagerProtocolProtos$OzoneManagerService$2.callBlockingMethod(OzoneManagerProtocolProtos.java) [ozone-interface-client-1.3.0-SNAPSHOT.jar:?]
	at org.apache.hadoop.ipc.ProtobufRpcEngine$Server.processCall(ProtobufRpcEngine.java:466) [hadoop-common-3.3.1.jar:?]
	at org.apache.hadoop.ipc.ProtobufRpcEngine2$Server$ProtoBufRpcInvoker.call(ProtobufRpcEngine2.java:574) [hadoop-common-3.3.1.jar:?]
	at org.apache.hadoop.ipc.ProtobufRpcEngine2$Server$ProtoBufRpcInvoker.call(ProtobufRpcEngine2.java:552) [hadoop-common-3.3.1.jar:?]
	at org.apache.hadoop.ipc.RPC$Server.call(RPC.java:1093) [hadoop-common-3.3.1.jar:?]
	at org.apache.hadoop.ipc.Server$RpcCall.run(Server.java:1035) [hadoop-common-3.3.1.jar:?]
	at org.apache.hadoop.ipc.Server$RpcCall.run(Server.java:963) [hadoop-common-3.3.1.jar:?]
	at java.security.AccessController.doPrivileged(Native Method) ~[?:1.8.0_345]
	at javax.security.auth.Subject.doAs(Subject.java:422) [?:1.8.0_345]
	at org.apache.hadoop.security.UserGroupInformation.doAs(UserGroupInformation.java:1878) [hadoop-common-3.3.1.jar:?]
	at org.apache.hadoop.ipc.Server$Handler.run(Server.java:2966) [hadoop-common-3.3.1.jar:?]
2022-10-10 08:40:27,537 [Time-limited test] WARN  ozone.BasicOzoneFileSystem (BasicOzoneFileSystem.java:getFileStatus(765)) - GetFileStatus failed for path /gdir1/dir5
java.io.FileNotFoundException: gdir1/dir5: No such file or directory!
	at org.apache.hadoop.fs.ozone.BasicOzoneClientAdapterImpl.getFileStatus(BasicOzoneClientAdapterImpl.java:369)
	at org.apache.hadoop.fs.ozone.BasicOzoneFileSystem.getFileStatus(BasicOzoneFileSystem.java:757)
	at org.apache.hadoop.fs.ozone.TestOzoneFileSystem.checkPath(TestOzoneFileSystem.java:502)
	at org.apache.hadoop.fs.ozone.TestOzoneFileSystem.testRecursiveDelete(TestOzoneFileSystem.java:457)
	at sun.reflect.NativeMethodAccessorImpl.invoke0(Native Method)
	at sun.reflect.NativeMethodAccessorImpl.invoke(NativeMethodAccessorImpl.java:62)
	at sun.reflect.DelegatingMethodAccessorImpl.invoke(DelegatingMethodAccessorImpl.java:43)
	at java.lang.reflect.Method.invoke(Method.java:498)
	at org.junit.runners.model.FrameworkMethod$1.runReflectiveCall(FrameworkMethod.java:59)
	at org.junit.internal.runners.model.ReflectiveCallable.run(ReflectiveCallable.java:12)
	at org.junit.runners.model.FrameworkMethod.invokeExplosively(FrameworkMethod.java:56)
	at org.junit.internal.runners.statements.InvokeMethod.evaluate(InvokeMethod.java:17)
	at org.junit.internal.runners.statements.RunAfters.evaluate(RunAfters.java:27)
	at org.junit.internal.runners.statements.FailOnTimeout$CallableStatement.call(FailOnTimeout.java:288)
	at org.junit.internal.runners.statements.FailOnTimeout$CallableStatement.call(FailOnTimeout.java:282)
	at java.util.concurrent.FutureTask.run(FutureTask.java:266)
	at java.lang.Thread.run(Thread.java:750)
08:40:27.537 [IPC Server handler 0 on default port 41701] ERROR OMAudit - user=runner | ip=127.0.0.1 | op=GET_FILE_STATUS {volume=volume83680, bucket=bucket94599, key=gdir1/dir5/child, dataSize=0, replicationConfig=null} | ret=FAILURE
org.apache.hadoop.ozone.om.exceptions.OMException: Unable to get file status: volume: volume83680 bucket: bucket94599 key: gdir1/dir5/child
	at org.apache.hadoop.ozone.om.KeyManagerImpl.getOzoneFileStatus(KeyManagerImpl.java:1270) ~[ozone-manager-1.3.0-SNAPSHOT.jar:?]
	at org.apache.hadoop.ozone.om.KeyManagerImpl.getFileStatus(KeyManagerImpl.java:1200) ~[ozone-manager-1.3.0-SNAPSHOT.jar:?]
	at org.apache.hadoop.ozone.om.OzoneManager.getFileStatus(OzoneManager.java:3507) ~[ozone-manager-1.3.0-SNAPSHOT.jar:?]
	at org.apache.hadoop.ozone.protocolPB.OzoneManagerRequestHandler.getOzoneFileStatus(OzoneManagerRequestHandler.java:882) ~[ozone-manager-1.3.0-SNAPSHOT.jar:?]
	at org.apache.hadoop.ozone.protocolPB.OzoneManagerRequestHandler.handleReadRequest(OzoneManagerRequestHandler.java:228) ~[ozone-manager-1.3.0-SNAPSHOT.jar:?]
	at org.apache.hadoop.ozone.protocolPB.OzoneManagerProtocolServerSideTranslatorPB.submitReadRequestToOM(OzoneManagerProtocolServerSideTranslatorPB.java:226) ~[ozone-manager-1.3.0-SNAPSHOT.jar:?]
	at org.apache.hadoop.ozone.protocolPB.OzoneManagerProtocolServerSideTranslatorPB.processRequest(OzoneManagerProtocolServerSideTranslatorPB.java:175) ~[ozone-manager-1.3.0-SNAPSHOT.jar:?]
	at org.apache.hadoop.hdds.server.OzoneProtocolMessageDispatcher.processRequest(OzoneProtocolMessageDispatcher.java:87) [hdds-server-framework-1.3.0-SNAPSHOT.jar:?]
	at org.apache.hadoop.ozone.protocolPB.OzoneManagerProtocolServerSideTranslatorPB.submitRequest(OzoneManagerProtocolServerSideTranslatorPB.java:147) [ozone-manager-1.3.0-SNAPSHOT.jar:?]
	at org.apache.hadoop.ozone.protocol.proto.OzoneManagerProtocolProtos$OzoneManagerService$2.callBlockingMethod(OzoneManagerProtocolProtos.java) [ozone-interface-client-1.3.0-SNAPSHOT.jar:?]
	at org.apache.hadoop.ipc.ProtobufRpcEngine$Server.processCall(ProtobufRpcEngine.java:466) [hadoop-common-3.3.1.jar:?]
	at org.apache.hadoop.ipc.ProtobufRpcEngine2$Server$ProtoBufRpcInvoker.call(ProtobufRpcEngine2.java:574) [hadoop-common-3.3.1.jar:?]
	at org.apache.hadoop.ipc.ProtobufRpcEngine2$Server$ProtoBufRpcInvoker.call(ProtobufRpcEngine2.java:552) [hadoop-common-3.3.1.jar:?]
	at org.apache.hadoop.ipc.RPC$Server.call(RPC.java:1093) [hadoop-common-3.3.1.jar:?]
	at org.apache.hadoop.ipc.Server$RpcCall.run(Server.java:1035) [hadoop-common-3.3.1.jar:?]
	at org.apache.hadoop.ipc.Server$RpcCall.run(Server.java:963) [hadoop-common-3.3.1.jar:?]
	at java.security.AccessController.doPrivileged(Native Method) ~[?:1.8.0_345]
	at javax.security.auth.Subject.doAs(Subject.java:422) [?:1.8.0_345]
	at org.apache.hadoop.security.UserGroupInformation.doAs(UserGroupInformation.java:1878) [hadoop-common-3.3.1.jar:?]
	at org.apache.hadoop.ipc.Server$Handler.run(Server.java:2966) [hadoop-common-3.3.1.jar:?]
2022-10-10 08:40:27,539 [Time-limited test] WARN  ozone.BasicOzoneFileSystem (BasicOzoneFileSystem.java:getFileStatus(765)) - GetFileStatus failed for path /gdir1/dir5/child
java.io.FileNotFoundException: gdir1/dir5/child: No such file or directory!
	at org.apache.hadoop.fs.ozone.BasicOzoneClientAdapterImpl.getFileStatus(BasicOzoneClientAdapterImpl.java:369)
	at org.apache.hadoop.fs.ozone.BasicOzoneFileSystem.getFileStatus(BasicOzoneFileSystem.java:757)
	at org.apache.hadoop.fs.ozone.TestOzoneFileSystem.checkPath(TestOzoneFileSystem.java:502)
	at org.apache.hadoop.fs.ozone.TestOzoneFileSystem.testRecursiveDelete(TestOzoneFileSystem.java:458)
	at sun.reflect.NativeMethodAccessorImpl.invoke0(Native Method)
	at sun.reflect.NativeMethodAccessorImpl.invoke(NativeMethodAccessorImpl.java:62)
	at sun.reflect.DelegatingMethodAccessorImpl.invoke(DelegatingMethodAccessorImpl.java:43)
	at java.lang.reflect.Method.invoke(Method.java:498)
	at org.junit.runners.model.FrameworkMethod$1.runReflectiveCall(FrameworkMethod.java:59)
	at org.junit.internal.runners.model.ReflectiveCallable.run(ReflectiveCallable.java:12)
	at org.junit.runners.model.FrameworkMethod.invokeExplosively(FrameworkMethod.java:56)
	at org.junit.internal.runners.statements.InvokeMethod.evaluate(InvokeMethod.java:17)
	at org.junit.internal.runners.statements.RunAfters.evaluate(RunAfters.java:27)
	at org.junit.internal.runners.statements.FailOnTimeout$CallableStatement.call(FailOnTimeout.java:288)
	at org.junit.internal.runners.statements.FailOnTimeout$CallableStatement.call(FailOnTimeout.java:282)
	at java.util.concurrent.FutureTask.run(FutureTask.java:266)
	at java.lang.Thread.run(Thread.java:750)
08:40:27.540 [IPC Server handler 2 on default port 41701] ERROR OMAudit - user=runner | ip=127.0.0.1 | op=GET_FILE_STATUS {volume=volume83680, bucket=bucket94599, key=gdir1/dir6, dataSize=0, replicationConfig=null} | ret=FAILURE
org.apache.hadoop.ozone.om.exceptions.OMException: Unable to get file status: volume: volume83680 bucket: bucket94599 key: gdir1/dir6
	at org.apache.hadoop.ozone.om.KeyManagerImpl.getOzoneFileStatus(KeyManagerImpl.java:1270) ~[ozone-manager-1.3.0-SNAPSHOT.jar:?]
	at org.apache.hadoop.ozone.om.KeyManagerImpl.getFileStatus(KeyManagerImpl.java:1200) ~[ozone-manager-1.3.0-SNAPSHOT.jar:?]
	at org.apache.hadoop.ozone.om.OzoneManager.getFileStatus(OzoneManager.java:3507) ~[ozone-manager-1.3.0-SNAPSHOT.jar:?]
	at org.apache.hadoop.ozone.protocolPB.OzoneManagerRequestHandler.getOzoneFileStatus(OzoneManagerRequestHandler.java:882) ~[ozone-manager-1.3.0-SNAPSHOT.jar:?]
	at org.apache.hadoop.ozone.protocolPB.OzoneManagerRequestHandler.handleReadRequest(OzoneManagerRequestHandler.java:228) ~[ozone-manager-1.3.0-SNAPSHOT.jar:?]
	at org.apache.hadoop.ozone.protocolPB.OzoneManagerProtocolServerSideTranslatorPB.submitReadRequestToOM(OzoneManagerProtocolServerSideTranslatorPB.java:226) ~[ozone-manager-1.3.0-SNAPSHOT.jar:?]
	at org.apache.hadoop.ozone.protocolPB.OzoneManagerProtocolServerSideTranslatorPB.processRequest(OzoneManagerProtocolServerSideTranslatorPB.java:175) ~[ozone-manager-1.3.0-SNAPSHOT.jar:?]
	at org.apache.hadoop.hdds.server.OzoneProtocolMessageDispatcher.processRequest(OzoneProtocolMessageDispatcher.java:87) [hdds-server-framework-1.3.0-SNAPSHOT.jar:?]
	at org.apache.hadoop.ozone.protocolPB.OzoneManagerProtocolServerSideTranslatorPB.submitRequest(OzoneManagerProtocolServerSideTranslatorPB.java:147) [ozone-manager-1.3.0-SNAPSHOT.jar:?]
	at org.apache.hadoop.ozone.protocol.proto.OzoneManagerProtocolProtos$OzoneManagerService$2.callBlockingMethod(OzoneManagerProtocolProtos.java) [ozone-interface-client-1.3.0-SNAPSHOT.jar:?]
	at org.apache.hadoop.ipc.ProtobufRpcEngine$Server.processCall(ProtobufRpcEngine.java:466) [hadoop-common-3.3.1.jar:?]
	at org.apache.hadoop.ipc.ProtobufRpcEngine2$Server$ProtoBufRpcInvoker.call(ProtobufRpcEngine2.java:574) [hadoop-common-3.3.1.jar:?]
	at org.apache.hadoop.ipc.ProtobufRpcEngine2$Server$ProtoBufRpcInvoker.call(ProtobufRpcEngine2.java:552) [hadoop-common-3.3.1.jar:?]
	at org.apache.hadoop.ipc.RPC$Server.call(RPC.java:1093) [hadoop-common-3.3.1.jar:?]
	at org.apache.hadoop.ipc.Server$RpcCall.run(Server.java:1035) [hadoop-common-3.3.1.jar:?]
	at org.apache.hadoop.ipc.Server$RpcCall.run(Server.java:963) [hadoop-common-3.3.1.jar:?]
	at java.security.AccessController.doPrivileged(Native Method) ~[?:1.8.0_345]
	at javax.security.auth.Subject.doAs(Subject.java:422) [?:1.8.0_345]
	at org.apache.hadoop.security.UserGroupInformation.doAs(UserGroupInformation.java:1878) [hadoop-common-3.3.1.jar:?]
	at org.apache.hadoop.ipc.Server$Handler.run(Server.java:2966) [hadoop-common-3.3.1.jar:?]
2022-10-10 08:40:27,540 [Time-limited test] WARN  ozone.BasicOzoneFileSystem (BasicOzoneFileSystem.java:getFileStatus(765)) - GetFileStatus failed for path /gdir1/dir6
java.io.FileNotFoundException: gdir1/dir6: No such file or directory!
	at org.apache.hadoop.fs.ozone.BasicOzoneClientAdapterImpl.getFileStatus(BasicOzoneClientAdapterImpl.java:369)
	at org.apache.hadoop.fs.ozone.BasicOzoneFileSystem.getFileStatus(BasicOzoneFileSystem.java:757)
	at org.apache.hadoop.fs.ozone.TestOzoneFileSystem.checkPath(TestOzoneFileSystem.java:502)
	at org.apache.hadoop.fs.ozone.TestOzoneFileSystem.testRecursiveDelete(TestOzoneFileSystem.java:457)
	at sun.reflect.NativeMethodAccessorImpl.invoke0(Native Method)
	at sun.reflect.NativeMethodAccessorImpl.invoke(NativeMethodAccessorImpl.java:62)
	at sun.reflect.DelegatingMethodAccessorImpl.invoke(DelegatingMethodAccessorImpl.java:43)
	at java.lang.reflect.Method.invoke(Method.java:498)
	at org.junit.runners.model.FrameworkMethod$1.runReflectiveCall(FrameworkMethod.java:59)
	at org.junit.internal.runners.model.ReflectiveCallable.run(ReflectiveCallable.java:12)
	at org.junit.runners.model.FrameworkMethod.invokeExplosively(FrameworkMethod.java:56)
	at org.junit.internal.runners.statements.InvokeMethod.evaluate(InvokeMethod.java:17)
	at org.junit.internal.runners.statements.RunAfters.evaluate(RunAfters.java:27)
	at org.junit.internal.runners.statements.FailOnTimeout$CallableStatement.call(FailOnTimeout.java:288)
	at org.junit.internal.runners.statements.FailOnTimeout$CallableStatement.call(FailOnTimeout.java:282)
	at java.util.concurrent.FutureTask.run(FutureTask.java:266)
	at java.lang.Thread.run(Thread.java:750)
08:40:27.541 [IPC Server handler 9 on default port 41701] ERROR OMAudit - user=runner | ip=127.0.0.1 | op=GET_FILE_STATUS {volume=volume83680, bucket=bucket94599, key=gdir1/dir6/child, dataSize=0, replicationConfig=null} | ret=FAILURE
org.apache.hadoop.ozone.om.exceptions.OMException: Unable to get file status: volume: volume83680 bucket: bucket94599 key: gdir1/dir6/child
	at org.apache.hadoop.ozone.om.KeyManagerImpl.getOzoneFileStatus(KeyManagerImpl.java:1270) ~[ozone-manager-1.3.0-SNAPSHOT.jar:?]
	at org.apache.hadoop.ozone.om.KeyManagerImpl.getFileStatus(KeyManagerImpl.java:1200) ~[ozone-manager-1.3.0-SNAPSHOT.jar:?]
	at org.apache.hadoop.ozone.om.OzoneManager.getFileStatus(OzoneManager.java:3507) ~[ozone-manager-1.3.0-SNAPSHOT.jar:?]
	at org.apache.hadoop.ozone.protocolPB.OzoneManagerRequestHandler.getOzoneFileStatus(OzoneManagerRequestHandler.java:882) ~[ozone-manager-1.3.0-SNAPSHOT.jar:?]
	at org.apache.hadoop.ozone.protocolPB.OzoneManagerRequestHandler.handleReadRequest(OzoneManagerRequestHandler.java:228) ~[ozone-manager-1.3.0-SNAPSHOT.jar:?]
	at org.apache.hadoop.ozone.protocolPB.OzoneManagerProtocolServerSideTranslatorPB.submitReadRequestToOM(OzoneManagerProtocolServerSideTranslatorPB.java:226) ~[ozone-manager-1.3.0-SNAPSHOT.jar:?]
	at org.apache.hadoop.ozone.protocolPB.OzoneManagerProtocolServerSideTranslatorPB.processRequest(OzoneManagerProtocolServerSideTranslatorPB.java:175) ~[ozone-manager-1.3.0-SNAPSHOT.jar:?]
	at org.apache.hadoop.hdds.server.OzoneProtocolMessageDispatcher.processRequest(OzoneProtocolMessageDispatcher.java:87) [hdds-server-framework-1.3.0-SNAPSHOT.jar:?]
	at org.apache.hadoop.ozone.protocolPB.OzoneManagerProtocolServerSideTranslatorPB.submitRequest(OzoneManagerProtocolServerSideTranslatorPB.java:147) [ozone-manager-1.3.0-SNAPSHOT.jar:?]
	at org.apache.hadoop.ozone.protocol.proto.OzoneManagerProtocolProtos$OzoneManagerService$2.callBlockingMethod(OzoneManagerProtocolProtos.java) [ozone-interface-client-1.3.0-SNAPSHOT.jar:?]
	at org.apache.hadoop.ipc.ProtobufRpcEngine$Server.processCall(ProtobufRpcEngine.java:466) [hadoop-common-3.3.1.jar:?]
	at org.apache.hadoop.ipc.ProtobufRpcEngine2$Server$ProtoBufRpcInvoker.call(ProtobufRpcEngine2.java:574) [hadoop-common-3.3.1.jar:?]
	at org.apache.hadoop.ipc.ProtobufRpcEngine2$Server$ProtoBufRpcInvoker.call(ProtobufRpcEngine2.java:552) [hadoop-common-3.3.1.jar:?]
	at org.apache.hadoop.ipc.RPC$Server.call(RPC.java:1093) [hadoop-common-3.3.1.jar:?]
	at org.apache.hadoop.ipc.Server$RpcCall.run(Server.java:1035) [hadoop-common-3.3.1.jar:?]
	at org.apache.hadoop.ipc.Server$RpcCall.run(Server.java:963) [hadoop-common-3.3.1.jar:?]
	at java.security.AccessController.doPrivileged(Native Method) ~[?:1.8.0_345]
	at javax.security.auth.Subject.doAs(Subject.java:422) [?:1.8.0_345]
	at org.apache.hadoop.security.UserGroupInformation.doAs(UserGroupInformation.java:1878) [hadoop-common-3.3.1.jar:?]
	at org.apache.hadoop.ipc.Server$Handler.run(Server.java:2966) [hadoop-common-3.3.1.jar:?]
2022-10-10 08:40:27,541 [Time-limited test] WARN  ozone.BasicOzoneFileSystem (BasicOzoneFileSystem.java:getFileStatus(765)) - GetFileStatus failed for path /gdir1/dir6/child
java.io.FileNotFoundException: gdir1/dir6/child: No such file or directory!
	at org.apache.hadoop.fs.ozone.BasicOzoneClientAdapterImpl.getFileStatus(BasicOzoneClientAdapterImpl.java:369)
	at org.apache.hadoop.fs.ozone.BasicOzoneFileSystem.getFileStatus(BasicOzoneFileSystem.java:757)
	at org.apache.hadoop.fs.ozone.TestOzoneFileSystem.checkPath(TestOzoneFileSystem.java:502)
	at org.apache.hadoop.fs.ozone.TestOzoneFileSystem.testRecursiveDelete(TestOzoneFileSystem.java:458)
	at sun.reflect.NativeMethodAccessorImpl.invoke0(Native Method)
	at sun.reflect.NativeMethodAccessorImpl.invoke(NativeMethodAccessorImpl.java:62)
	at sun.reflect.DelegatingMethodAccessorImpl.invoke(DelegatingMethodAccessorImpl.java:43)
	at java.lang.reflect.Method.invoke(Method.java:498)
	at org.junit.runners.model.FrameworkMethod$1.runReflectiveCall(FrameworkMethod.java:59)
	at org.junit.internal.runners.model.ReflectiveCallable.run(ReflectiveCallable.java:12)
	at org.junit.runners.model.FrameworkMethod.invokeExplosively(FrameworkMethod.java:56)
	at org.junit.internal.runners.statements.InvokeMethod.evaluate(InvokeMethod.java:17)
	at org.junit.internal.runners.statements.RunAfters.evaluate(RunAfters.java:27)
	at org.junit.internal.runners.statements.FailOnTimeout$CallableStatement.call(FailOnTimeout.java:288)
	at org.junit.internal.runners.statements.FailOnTimeout$CallableStatement.call(FailOnTimeout.java:282)
	at java.util.concurrent.FutureTask.run(FutureTask.java:266)
	at java.lang.Thread.run(Thread.java:750)
08:40:27.542 [IPC Server handler 11 on default port 41701] ERROR OMAudit - user=runner | ip=127.0.0.1 | op=GET_FILE_STATUS {volume=volume83680, bucket=bucket94599, key=gdir1/dir7, dataSize=0, replicationConfig=null} | ret=FAILURE
org.apache.hadoop.ozone.om.exceptions.OMException: Unable to get file status: volume: volume83680 bucket: bucket94599 key: gdir1/dir7
	at org.apache.hadoop.ozone.om.KeyManagerImpl.getOzoneFileStatus(KeyManagerImpl.java:1270) ~[ozone-manager-1.3.0-SNAPSHOT.jar:?]
	at org.apache.hadoop.ozone.om.KeyManagerImpl.getFileStatus(KeyManagerImpl.java:1200) ~[ozone-manager-1.3.0-SNAPSHOT.jar:?]
	at org.apache.hadoop.ozone.om.OzoneManager.getFileStatus(OzoneManager.java:3507) ~[ozone-manager-1.3.0-SNAPSHOT.jar:?]
	at org.apache.hadoop.ozone.protocolPB.OzoneManagerRequestHandler.getOzoneFileStatus(OzoneManagerRequestHandler.java:882) ~[ozone-manager-1.3.0-SNAPSHOT.jar:?]
	at org.apache.hadoop.ozone.protocolPB.OzoneManagerRequestHandler.handleReadRequest(OzoneManagerRequestHandler.java:228) ~[ozone-manager-1.3.0-SNAPSHOT.jar:?]
	at org.apache.hadoop.ozone.protocolPB.OzoneManagerProtocolServerSideTranslatorPB.submitReadRequestToOM(OzoneManagerProtocolServerSideTranslatorPB.java:226) ~[ozone-manager-1.3.0-SNAPSHOT.jar:?]
	at org.apache.hadoop.ozone.protocolPB.OzoneManagerProtocolServerSideTranslatorPB.processRequest(OzoneManagerProtocolServerSideTranslatorPB.java:175) ~[ozone-manager-1.3.0-SNAPSHOT.jar:?]
	at org.apache.hadoop.hdds.server.OzoneProtocolMessageDispatcher.processRequest(OzoneProtocolMessageDispatcher.java:87) [hdds-server-framework-1.3.0-SNAPSHOT.jar:?]
	at org.apache.hadoop.ozone.protocolPB.OzoneManagerProtocolServerSideTranslatorPB.submitRequest(OzoneManagerProtocolServerSideTranslatorPB.java:147) [ozone-manager-1.3.0-SNAPSHOT.jar:?]
	at org.apache.hadoop.ozone.protocol.proto.OzoneManagerProtocolProtos$OzoneManagerService$2.callBlockingMethod(OzoneManagerProtocolProtos.java) [ozone-interface-client-1.3.0-SNAPSHOT.jar:?]
	at org.apache.hadoop.ipc.ProtobufRpcEngine$Server.processCall(ProtobufRpcEngine.java:466) [hadoop-common-3.3.1.jar:?]
	at org.apache.hadoop.ipc.ProtobufRpcEngine2$Server$ProtoBufRpcInvoker.call(ProtobufRpcEngine2.java:574) [hadoop-common-3.3.1.jar:?]
	at org.apache.hadoop.ipc.ProtobufRpcEngine2$Server$ProtoBufRpcInvoker.call(ProtobufRpcEngine2.java:552) [hadoop-common-3.3.1.jar:?]
	at org.apache.hadoop.ipc.RPC$Server.call(RPC.java:1093) [hadoop-common-3.3.1.jar:?]
	at org.apache.hadoop.ipc.Server$RpcCall.run(Server.java:1035) [hadoop-common-3.3.1.jar:?]
	at org.apache.hadoop.ipc.Server$RpcCall.run(Server.java:963) [hadoop-common-3.3.1.jar:?]
	at java.security.AccessController.doPrivileged(Native Method) ~[?:1.8.0_345]
	at javax.security.auth.Subject.doAs(Subject.java:422) [?:1.8.0_345]
	at org.apache.hadoop.security.UserGroupInformation.doAs(UserGroupInformation.java:1878) [hadoop-common-3.3.1.jar:?]
	at org.apache.hadoop.ipc.Server$Handler.run(Server.java:2966) [hadoop-common-3.3.1.jar:?]
2022-10-10 08:40:27,542 [Time-limited test] WARN  ozone.BasicOzoneFileSystem (BasicOzoneFileSystem.java:getFileStatus(765)) - GetFileStatus failed for path /gdir1/dir7
java.io.FileNotFoundException: gdir1/dir7: No such file or directory!
	at org.apache.hadoop.fs.ozone.BasicOzoneClientAdapterImpl.getFileStatus(BasicOzoneClientAdapterImpl.java:369)
	at org.apache.hadoop.fs.ozone.BasicOzoneFileSystem.getFileStatus(BasicOzoneFileSystem.java:757)
	at org.apache.hadoop.fs.ozone.TestOzoneFileSystem.checkPath(TestOzoneFileSystem.java:502)
	at org.apache.hadoop.fs.ozone.TestOzoneFileSystem.testRecursiveDelete(TestOzoneFileSystem.java:457)
	at sun.reflect.NativeMethodAccessorImpl.invoke0(Native Method)
	at sun.reflect.NativeMethodAccessorImpl.invoke(NativeMethodAccessorImpl.java:62)
	at sun.reflect.DelegatingMethodAccessorImpl.invoke(DelegatingMethodAccessorImpl.java:43)
	at java.lang.reflect.Method.invoke(Method.java:498)
	at org.junit.runners.model.FrameworkMethod$1.runReflectiveCall(FrameworkMethod.java:59)
	at org.junit.internal.runners.model.ReflectiveCallable.run(ReflectiveCallable.java:12)
	at org.junit.runners.model.FrameworkMethod.invokeExplosively(FrameworkMethod.java:56)
	at org.junit.internal.runners.statements.InvokeMethod.evaluate(InvokeMethod.java:17)
	at org.junit.internal.runners.statements.RunAfters.evaluate(RunAfters.java:27)
	at org.junit.internal.runners.statements.FailOnTimeout$CallableStatement.call(FailOnTimeout.java:288)
	at org.junit.internal.runners.statements.FailOnTimeout$CallableStatement.call(FailOnTimeout.java:282)
	at java.util.concurrent.FutureTask.run(FutureTask.java:266)
	at java.lang.Thread.run(Thread.java:750)
08:40:27.542 [IPC Server handler 13 on default port 41701] ERROR OMAudit - user=runner | ip=127.0.0.1 | op=GET_FILE_STATUS {volume=volume83680, bucket=bucket94599, key=gdir1/dir7/child, dataSize=0, replicationConfig=null} | ret=FAILURE
org.apache.hadoop.ozone.om.exceptions.OMException: Unable to get file status: volume: volume83680 bucket: bucket94599 key: gdir1/dir7/child
	at org.apache.hadoop.ozone.om.KeyManagerImpl.getOzoneFileStatus(KeyManagerImpl.java:1270) ~[ozone-manager-1.3.0-SNAPSHOT.jar:?]
	at org.apache.hadoop.ozone.om.KeyManagerImpl.getFileStatus(KeyManagerImpl.java:1200) ~[ozone-manager-1.3.0-SNAPSHOT.jar:?]
	at org.apache.hadoop.ozone.om.OzoneManager.getFileStatus(OzoneManager.java:3507) ~[ozone-manager-1.3.0-SNAPSHOT.jar:?]
	at org.apache.hadoop.ozone.protocolPB.OzoneManagerRequestHandler.getOzoneFileStatus(OzoneManagerRequestHandler.java:882) ~[ozone-manager-1.3.0-SNAPSHOT.jar:?]
	at org.apache.hadoop.ozone.protocolPB.OzoneManagerRequestHandler.handleReadRequest(OzoneManagerRequestHandler.java:228) ~[ozone-manager-1.3.0-SNAPSHOT.jar:?]
	at org.apache.hadoop.ozone.protocolPB.OzoneManagerProtocolServerSideTranslatorPB.submitReadRequestToOM(OzoneManagerProtocolServerSideTranslatorPB.java:226) ~[ozone-manager-1.3.0-SNAPSHOT.jar:?]
	at org.apache.hadoop.ozone.protocolPB.OzoneManagerProtocolServerSideTranslatorPB.processRequest(OzoneManagerProtocolServerSideTranslatorPB.java:175) ~[ozone-manager-1.3.0-SNAPSHOT.jar:?]
	at org.apache.hadoop.hdds.server.OzoneProtocolMessageDispatcher.processRequest(OzoneProtocolMessageDispatcher.java:87) [hdds-server-framework-1.3.0-SNAPSHOT.jar:?]
	at org.apache.hadoop.ozone.protocolPB.OzoneManagerProtocolServerSideTranslatorPB.submitRequest(OzoneManagerProtocolServerSideTranslatorPB.java:147) [ozone-manager-1.3.0-SNAPSHOT.jar:?]
	at org.apache.hadoop.ozone.protocol.proto.OzoneManagerProtocolProtos$OzoneManagerService$2.callBlockingMethod(OzoneManagerProtocolProtos.java) [ozone-interface-client-1.3.0-SNAPSHOT.jar:?]
	at org.apache.hadoop.ipc.ProtobufRpcEngine$Server.processCall(ProtobufRpcEngine.java:466) [hadoop-common-3.3.1.jar:?]
	at org.apache.hadoop.ipc.ProtobufRpcEngine2$Server$ProtoBufRpcInvoker.call(ProtobufRpcEngine2.java:574) [hadoop-common-3.3.1.jar:?]
	at org.apache.hadoop.ipc.ProtobufRpcEngine2$Server$ProtoBufRpcInvoker.call(ProtobufRpcEngine2.java:552) [hadoop-common-3.3.1.jar:?]
	at org.apache.hadoop.ipc.RPC$Server.call(RPC.java:1093) [hadoop-common-3.3.1.jar:?]
	at org.apache.hadoop.ipc.Server$RpcCall.run(Server.java:1035) [hadoop-common-3.3.1.jar:?]
	at org.apache.hadoop.ipc.Server$RpcCall.run(Server.java:963) [hadoop-common-3.3.1.jar:?]
	at java.security.AccessController.doPrivileged(Native Method) ~[?:1.8.0_345]
	at javax.security.auth.Subject.doAs(Subject.java:422) [?:1.8.0_345]
	at org.apache.hadoop.security.UserGroupInformation.doAs(UserGroupInformation.java:1878) [hadoop-common-3.3.1.jar:?]
	at org.apache.hadoop.ipc.Server$Handler.run(Server.java:2966) [hadoop-common-3.3.1.jar:?]
2022-10-10 08:40:27,543 [Time-limited test] WARN  ozone.BasicOzoneFileSystem (BasicOzoneFileSystem.java:getFileStatus(765)) - GetFileStatus failed for path /gdir1/dir7/child
java.io.FileNotFoundException: gdir1/dir7/child: No such file or directory!
	at org.apache.hadoop.fs.ozone.BasicOzoneClientAdapterImpl.getFileStatus(BasicOzoneClientAdapterImpl.java:369)
	at org.apache.hadoop.fs.ozone.BasicOzoneFileSystem.getFileStatus(BasicOzoneFileSystem.java:757)
	at org.apache.hadoop.fs.ozone.TestOzoneFileSystem.checkPath(TestOzoneFileSystem.java:502)
	at org.apache.hadoop.fs.ozone.TestOzoneFileSystem.testRecursiveDelete(TestOzoneFileSystem.java:458)
	at sun.reflect.NativeMethodAccessorImpl.invoke0(Native Method)
	at sun.reflect.NativeMethodAccessorImpl.invoke(NativeMethodAccessorImpl.java:62)
	at sun.reflect.DelegatingMethodAccessorImpl.invoke(DelegatingMethodAccessorImpl.java:43)
	at java.lang.reflect.Method.invoke(Method.java:498)
	at org.junit.runners.model.FrameworkMethod$1.runReflectiveCall(FrameworkMethod.java:59)
	at org.junit.internal.runners.model.ReflectiveCallable.run(ReflectiveCallable.java:12)
	at org.junit.runners.model.FrameworkMethod.invokeExplosively(FrameworkMethod.java:56)
	at org.junit.internal.runners.statements.InvokeMethod.evaluate(InvokeMethod.java:17)
	at org.junit.internal.runners.statements.RunAfters.evaluate(RunAfters.java:27)
	at org.junit.internal.runners.statements.FailOnTimeout$CallableStatement.call(FailOnTimeout.java:288)
	at org.junit.internal.runners.statements.FailOnTimeout$CallableStatement.call(FailOnTimeout.java:282)
	at java.util.concurrent.FutureTask.run(FutureTask.java:266)
	at java.lang.Thread.run(Thread.java:750)
08:40:27.543 [IPC Server handler 5 on default port 41701] ERROR OMAudit - user=runner | ip=127.0.0.1 | op=GET_FILE_STATUS {volume=volume83680, bucket=bucket94599, key=gdir1/dir8, dataSize=0, replicationConfig=null} | ret=FAILURE
org.apache.hadoop.ozone.om.exceptions.OMException: Unable to get file status: volume: volume83680 bucket: bucket94599 key: gdir1/dir8
	at org.apache.hadoop.ozone.om.KeyManagerImpl.getOzoneFileStatus(KeyManagerImpl.java:1270) ~[ozone-manager-1.3.0-SNAPSHOT.jar:?]
	at org.apache.hadoop.ozone.om.KeyManagerImpl.getFileStatus(KeyManagerImpl.java:1200) ~[ozone-manager-1.3.0-SNAPSHOT.jar:?]
	at org.apache.hadoop.ozone.om.OzoneManager.getFileStatus(OzoneManager.java:3507) ~[ozone-manager-1.3.0-SNAPSHOT.jar:?]
	at org.apache.hadoop.ozone.protocolPB.OzoneManagerRequestHandler.getOzoneFileStatus(OzoneManagerRequestHandler.java:882) ~[ozone-manager-1.3.0-SNAPSHOT.jar:?]
	at org.apache.hadoop.ozone.protocolPB.OzoneManagerRequestHandler.handleReadRequest(OzoneManagerRequestHandler.java:228) ~[ozone-manager-1.3.0-SNAPSHOT.jar:?]
	at org.apache.hadoop.ozone.protocolPB.OzoneManagerProtocolServerSideTranslatorPB.submitReadRequestToOM(OzoneManagerProtocolServerSideTranslatorPB.java:226) ~[ozone-manager-1.3.0-SNAPSHOT.jar:?]
	at org.apache.hadoop.ozone.protocolPB.OzoneManagerProtocolServerSideTranslatorPB.processRequest(OzoneManagerProtocolServerSideTranslatorPB.java:175) ~[ozone-manager-1.3.0-SNAPSHOT.jar:?]
	at org.apache.hadoop.hdds.server.OzoneProtocolMessageDispatcher.processRequest(OzoneProtocolMessageDispatcher.java:87) [hdds-server-framework-1.3.0-SNAPSHOT.jar:?]
	at org.apache.hadoop.ozone.protocolPB.OzoneManagerProtocolServerSideTranslatorPB.submitRequest(OzoneManagerProtocolServerSideTranslatorPB.java:147) [ozone-manager-1.3.0-SNAPSHOT.jar:?]
	at org.apache.hadoop.ozone.protocol.proto.OzoneManagerProtocolProtos$OzoneManagerService$2.callBlockingMethod(OzoneManagerProtocolProtos.java) [ozone-interface-client-1.3.0-SNAPSHOT.jar:?]
	at org.apache.hadoop.ipc.ProtobufRpcEngine$Server.processCall(ProtobufRpcEngine.java:466) [hadoop-common-3.3.1.jar:?]
	at org.apache.hadoop.ipc.ProtobufRpcEngine2$Server$ProtoBufRpcInvoker.call(ProtobufRpcEngine2.java:574) [hadoop-common-3.3.1.jar:?]
	at org.apache.hadoop.ipc.ProtobufRpcEngine2$Server$ProtoBufRpcInvoker.call(ProtobufRpcEngine2.java:552) [hadoop-common-3.3.1.jar:?]
	at org.apache.hadoop.ipc.RPC$Server.call(RPC.java:1093) [hadoop-common-3.3.1.jar:?]
	at org.apache.hadoop.ipc.Server$RpcCall.run(Server.java:1035) [hadoop-common-3.3.1.jar:?]
	at org.apache.hadoop.ipc.Server$RpcCall.run(Server.java:963) [hadoop-common-3.3.1.jar:?]
	at java.security.AccessController.doPrivileged(Native Method) ~[?:1.8.0_345]
	at javax.security.auth.Subject.doAs(Subject.java:422) [?:1.8.0_345]
	at org.apache.hadoop.security.UserGroupInformation.doAs(UserGroupInformation.java:1878) [hadoop-common-3.3.1.jar:?]
	at org.apache.hadoop.ipc.Server$Handler.run(Server.java:2966) [hadoop-common-3.3.1.jar:?]
2022-10-10 08:40:27,550 [Time-limited test] WARN  ozone.BasicOzoneFileSystem (BasicOzoneFileSystem.java:getFileStatus(765)) - GetFileStatus failed for path /gdir1/dir8
java.io.FileNotFoundException: gdir1/dir8: No such file or directory!
	at org.apache.hadoop.fs.ozone.BasicOzoneClientAdapterImpl.getFileStatus(BasicOzoneClientAdapterImpl.java:369)
	at org.apache.hadoop.fs.ozone.BasicOzoneFileSystem.getFileStatus(BasicOzoneFileSystem.java:757)
	at org.apache.hadoop.fs.ozone.TestOzoneFileSystem.checkPath(TestOzoneFileSystem.java:502)
	at org.apache.hadoop.fs.ozone.TestOzoneFileSystem.testRecursiveDelete(TestOzoneFileSystem.java:457)
	at sun.reflect.NativeMethodAccessorImpl.invoke0(Native Method)
	at sun.reflect.NativeMethodAccessorImpl.invoke(NativeMethodAccessorImpl.java:62)
	at sun.reflect.DelegatingMethodAccessorImpl.invoke(DelegatingMethodAccessorImpl.java:43)
	at java.lang.reflect.Method.invoke(Method.java:498)
	at org.junit.runners.model.FrameworkMethod$1.runReflectiveCall(FrameworkMethod.java:59)
	at org.junit.internal.runners.model.ReflectiveCallable.run(ReflectiveCallable.java:12)
	at org.junit.runners.model.FrameworkMethod.invokeExplosively(FrameworkMethod.java:56)
	at org.junit.internal.runners.statements.InvokeMethod.evaluate(InvokeMethod.java:17)
	at org.junit.internal.runners.statements.RunAfters.evaluate(RunAfters.java:27)
	at org.junit.internal.runners.statements.FailOnTimeout$CallableStatement.call(FailOnTimeout.java:288)
	at org.junit.internal.runners.statements.FailOnTimeout$CallableStatement.call(FailOnTimeout.java:282)
	at java.util.concurrent.FutureTask.run(FutureTask.java:266)
	at java.lang.Thread.run(Thread.java:750)
08:40:27.551 [IPC Server handler 8 on default port 41701] ERROR OMAudit - user=runner | ip=127.0.0.1 | op=GET_FILE_STATUS {volume=volume83680, bucket=bucket94599, key=gdir1/dir8/child, dataSize=0, replicationConfig=null} | ret=FAILURE
org.apache.hadoop.ozone.om.exceptions.OMException: Unable to get file status: volume: volume83680 bucket: bucket94599 key: gdir1/dir8/child
	at org.apache.hadoop.ozone.om.KeyManagerImpl.getOzoneFileStatus(KeyManagerImpl.java:1270) ~[ozone-manager-1.3.0-SNAPSHOT.jar:?]
	at org.apache.hadoop.ozone.om.KeyManagerImpl.getFileStatus(KeyManagerImpl.java:1200) ~[ozone-manager-1.3.0-SNAPSHOT.jar:?]
	at org.apache.hadoop.ozone.om.OzoneManager.getFileStatus(OzoneManager.java:3507) ~[ozone-manager-1.3.0-SNAPSHOT.jar:?]
	at org.apache.hadoop.ozone.protocolPB.OzoneManagerRequestHandler.getOzoneFileStatus(OzoneManagerRequestHandler.java:882) ~[ozone-manager-1.3.0-SNAPSHOT.jar:?]
	at org.apache.hadoop.ozone.protocolPB.OzoneManagerRequestHandler.handleReadRequest(OzoneManagerRequestHandler.java:228) ~[ozone-manager-1.3.0-SNAPSHOT.jar:?]
	at org.apache.hadoop.ozone.protocolPB.OzoneManagerProtocolServerSideTranslatorPB.submitReadRequestToOM(OzoneManagerProtocolServerSideTranslatorPB.java:226) ~[ozone-manager-1.3.0-SNAPSHOT.jar:?]
	at org.apache.hadoop.ozone.protocolPB.OzoneManagerProtocolServerSideTranslatorPB.processRequest(OzoneManagerProtocolServerSideTranslatorPB.java:175) ~[ozone-manager-1.3.0-SNAPSHOT.jar:?]
	at org.apache.hadoop.hdds.server.OzoneProtocolMessageDispatcher.processRequest(OzoneProtocolMessageDispatcher.java:87) [hdds-server-framework-1.3.0-SNAPSHOT.jar:?]
	at org.apache.hadoop.ozone.protocolPB.OzoneManagerProtocolServerSideTranslatorPB.submitRequest(OzoneManagerProtocolServerSideTranslatorPB.java:147) [ozone-manager-1.3.0-SNAPSHOT.jar:?]
	at org.apache.hadoop.ozone.protocol.proto.OzoneManagerProtocolProtos$OzoneManagerService$2.callBlockingMethod(OzoneManagerProtocolProtos.java) [ozone-interface-client-1.3.0-SNAPSHOT.jar:?]
	at org.apache.hadoop.ipc.ProtobufRpcEngine$Server.processCall(ProtobufRpcEngine.java:466) [hadoop-common-3.3.1.jar:?]
	at org.apache.hadoop.ipc.ProtobufRpcEngine2$Server$ProtoBufRpcInvoker.call(ProtobufRpcEngine2.java:574) [hadoop-common-3.3.1.jar:?]
	at org.apache.hadoop.ipc.ProtobufRpcEngine2$Server$ProtoBufRpcInvoker.call(ProtobufRpcEngine2.java:552) [hadoop-common-3.3.1.jar:?]
	at org.apache.hadoop.ipc.RPC$Server.call(RPC.java:1093) [hadoop-common-3.3.1.jar:?]
	at org.apache.hadoop.ipc.Server$RpcCall.run(Server.java:1035) [hadoop-common-3.3.1.jar:?]
	at org.apache.hadoop.ipc.Server$RpcCall.run(Server.java:963) [hadoop-common-3.3.1.jar:?]
	at java.security.AccessController.doPrivileged(Native Method) ~[?:1.8.0_345]
	at javax.security.auth.Subject.doAs(Subject.java:422) [?:1.8.0_345]
	at org.apache.hadoop.security.UserGroupInformation.doAs(UserGroupInformation.java:1878) [hadoop-common-3.3.1.jar:?]
	at org.apache.hadoop.ipc.Server$Handler.run(Server.java:2966) [hadoop-common-3.3.1.jar:?]
2022-10-10 08:40:27,556 [Time-limited test] WARN  ozone.BasicOzoneFileSystem (BasicOzoneFileSystem.java:getFileStatus(765)) - GetFileStatus failed for path /gdir1/dir8/child
java.io.FileNotFoundException: gdir1/dir8/child: No such file or directory!
	at org.apache.hadoop.fs.ozone.BasicOzoneClientAdapterImpl.getFileStatus(BasicOzoneClientAdapterImpl.java:369)
	at org.apache.hadoop.fs.ozone.BasicOzoneFileSystem.getFileStatus(BasicOzoneFileSystem.java:757)
	at org.apache.hadoop.fs.ozone.TestOzoneFileSystem.checkPath(TestOzoneFileSystem.java:502)
	at org.apache.hadoop.fs.ozone.TestOzoneFileSystem.testRecursiveDelete(TestOzoneFileSystem.java:458)
	at sun.reflect.NativeMethodAccessorImpl.invoke0(Native Method)
	at sun.reflect.NativeMethodAccessorImpl.invoke(NativeMethodAccessorImpl.java:62)
	at sun.reflect.DelegatingMethodAccessorImpl.invoke(DelegatingMethodAccessorImpl.java:43)
	at java.lang.reflect.Method.invoke(Method.java:498)
	at org.junit.runners.model.FrameworkMethod$1.runReflectiveCall(FrameworkMethod.java:59)
	at org.junit.internal.runners.model.ReflectiveCallable.run(ReflectiveCallable.java:12)
	at org.junit.runners.model.FrameworkMethod.invokeExplosively(FrameworkMethod.java:56)
	at org.junit.internal.runners.statements.InvokeMethod.evaluate(InvokeMethod.java:17)
	at org.junit.internal.runners.statements.RunAfters.evaluate(RunAfters.java:27)
	at org.junit.internal.runners.statements.FailOnTimeout$CallableStatement.call(FailOnTimeout.java:288)
	at org.junit.internal.runners.statements.FailOnTimeout$CallableStatement.call(FailOnTimeout.java:282)
	at java.util.concurrent.FutureTask.run(FutureTask.java:266)
	at java.lang.Thread.run(Thread.java:750)
08:40:27.556 [IPC Server handler 6 on default port 41701] ERROR OMAudit - user=runner | ip=127.0.0.1 | op=GET_FILE_STATUS {volume=volume83680, bucket=bucket94599, key=gdir1/dir9, dataSize=0, replicationConfig=null} | ret=FAILURE
org.apache.hadoop.ozone.om.exceptions.OMException: Unable to get file status: volume: volume83680 bucket: bucket94599 key: gdir1/dir9
	at org.apache.hadoop.ozone.om.KeyManagerImpl.getOzoneFileStatus(KeyManagerImpl.java:1270) ~[ozone-manager-1.3.0-SNAPSHOT.jar:?]
	at org.apache.hadoop.ozone.om.KeyManagerImpl.getFileStatus(KeyManagerImpl.java:1200) ~[ozone-manager-1.3.0-SNAPSHOT.jar:?]
	at org.apache.hadoop.ozone.om.OzoneManager.getFileStatus(OzoneManager.java:3507) ~[ozone-manager-1.3.0-SNAPSHOT.jar:?]
	at org.apache.hadoop.ozone.protocolPB.OzoneManagerRequestHandler.getOzoneFileStatus(OzoneManagerRequestHandler.java:882) ~[ozone-manager-1.3.0-SNAPSHOT.jar:?]
	at org.apache.hadoop.ozone.protocolPB.OzoneManagerRequestHandler.handleReadRequest(OzoneManagerRequestHandler.java:228) ~[ozone-manager-1.3.0-SNAPSHOT.jar:?]
	at org.apache.hadoop.ozone.protocolPB.OzoneManagerProtocolServerSideTranslatorPB.submitReadRequestToOM(OzoneManagerProtocolServerSideTranslatorPB.java:226) ~[ozone-manager-1.3.0-SNAPSHOT.jar:?]
	at org.apache.hadoop.ozone.protocolPB.OzoneManagerProtocolServerSideTranslatorPB.processRequest(OzoneManagerProtocolServerSideTranslatorPB.java:175) ~[ozone-manager-1.3.0-SNAPSHOT.jar:?]
	at org.apache.hadoop.hdds.server.OzoneProtocolMessageDispatcher.processRequest(OzoneProtocolMessageDispatcher.java:87) [hdds-server-framework-1.3.0-SNAPSHOT.jar:?]
	at org.apache.hadoop.ozone.protocolPB.OzoneManagerProtocolServerSideTranslatorPB.submitRequest(OzoneManagerProtocolServerSideTranslatorPB.java:147) [ozone-manager-1.3.0-SNAPSHOT.jar:?]
	at org.apache.hadoop.ozone.protocol.proto.OzoneManagerProtocolProtos$OzoneManagerService$2.callBlockingMethod(OzoneManagerProtocolProtos.java) [ozone-interface-client-1.3.0-SNAPSHOT.jar:?]
	at org.apache.hadoop.ipc.ProtobufRpcEngine$Server.processCall(ProtobufRpcEngine.java:466) [hadoop-common-3.3.1.jar:?]
	at org.apache.hadoop.ipc.ProtobufRpcEngine2$Server$ProtoBufRpcInvoker.call(ProtobufRpcEngine2.java:574) [hadoop-common-3.3.1.jar:?]
	at org.apache.hadoop.ipc.ProtobufRpcEngine2$Server$ProtoBufRpcInvoker.call(ProtobufRpcEngine2.java:552) [hadoop-common-3.3.1.jar:?]
	at org.apache.hadoop.ipc.RPC$Server.call(RPC.java:1093) [hadoop-common-3.3.1.jar:?]
	at org.apache.hadoop.ipc.Server$RpcCall.run(Server.java:1035) [hadoop-common-3.3.1.jar:?]
	at org.apache.hadoop.ipc.Server$RpcCall.run(Server.java:963) [hadoop-common-3.3.1.jar:?]
	at java.security.AccessController.doPrivileged(Native Method) ~[?:1.8.0_345]
	at javax.security.auth.Subject.doAs(Subject.java:422) [?:1.8.0_345]
	at org.apache.hadoop.security.UserGroupInformation.doAs(UserGroupInformation.java:1878) [hadoop-common-3.3.1.jar:?]
	at org.apache.hadoop.ipc.Server$Handler.run(Server.java:2966) [hadoop-common-3.3.1.jar:?]
2022-10-10 08:40:27,560 [Time-limited test] WARN  ozone.BasicOzoneFileSystem (BasicOzoneFileSystem.java:getFileStatus(765)) - GetFileStatus failed for path /gdir1/dir9
java.io.FileNotFoundException: gdir1/dir9: No such file or directory!
	at org.apache.hadoop.fs.ozone.BasicOzoneClientAdapterImpl.getFileStatus(BasicOzoneClientAdapterImpl.java:369)
	at org.apache.hadoop.fs.ozone.BasicOzoneFileSystem.getFileStatus(BasicOzoneFileSystem.java:757)
	at org.apache.hadoop.fs.ozone.TestOzoneFileSystem.checkPath(TestOzoneFileSystem.java:502)
	at org.apache.hadoop.fs.ozone.TestOzoneFileSystem.testRecursiveDelete(TestOzoneFileSystem.java:457)
	at sun.reflect.NativeMethodAccessorImpl.invoke0(Native Method)
	at sun.reflect.NativeMethodAccessorImpl.invoke(NativeMethodAccessorImpl.java:62)
	at sun.reflect.DelegatingMethodAccessorImpl.invoke(DelegatingMethodAccessorImpl.java:43)
	at java.lang.reflect.Method.invoke(Method.java:498)
	at org.junit.runners.model.FrameworkMethod$1.runReflectiveCall(FrameworkMethod.java:59)
	at org.junit.internal.runners.model.ReflectiveCallable.run(ReflectiveCallable.java:12)
	at org.junit.runners.model.FrameworkMethod.invokeExplosively(FrameworkMethod.java:56)
	at org.junit.internal.runners.statements.InvokeMethod.evaluate(InvokeMethod.java:17)
	at org.junit.internal.runners.statements.RunAfters.evaluate(RunAfters.java:27)
	at org.junit.internal.runners.statements.FailOnTimeout$CallableStatement.call(FailOnTimeout.java:288)
	at org.junit.internal.runners.statements.FailOnTimeout$CallableStatement.call(FailOnTimeout.java:282)
	at java.util.concurrent.FutureTask.run(FutureTask.java:266)
	at java.lang.Thread.run(Thread.java:750)
08:40:27.560 [IPC Server handler 7 on default port 41701] ERROR OMAudit - user=runner | ip=127.0.0.1 | op=GET_FILE_STATUS {volume=volume83680, bucket=bucket94599, key=gdir1/dir9/child, dataSize=0, replicationConfig=null} | ret=FAILURE
org.apache.hadoop.ozone.om.exceptions.OMException: Unable to get file status: volume: volume83680 bucket: bucket94599 key: gdir1/dir9/child
	at org.apache.hadoop.ozone.om.KeyManagerImpl.getOzoneFileStatus(KeyManagerImpl.java:1270) ~[ozone-manager-1.3.0-SNAPSHOT.jar:?]
	at org.apache.hadoop.ozone.om.KeyManagerImpl.getFileStatus(KeyManagerImpl.java:1200) ~[ozone-manager-1.3.0-SNAPSHOT.jar:?]
	at org.apache.hadoop.ozone.om.OzoneManager.getFileStatus(OzoneManager.java:3507) ~[ozone-manager-1.3.0-SNAPSHOT.jar:?]
	at org.apache.hadoop.ozone.protocolPB.OzoneManagerRequestHandler.getOzoneFileStatus(OzoneManagerRequestHandler.java:882) ~[ozone-manager-1.3.0-SNAPSHOT.jar:?]
	at org.apache.hadoop.ozone.protocolPB.OzoneManagerRequestHandler.handleReadRequest(OzoneManagerRequestHandler.java:228) ~[ozone-manager-1.3.0-SNAPSHOT.jar:?]
	at org.apache.hadoop.ozone.protocolPB.OzoneManagerProtocolServerSideTranslatorPB.submitReadRequestToOM(OzoneManagerProtocolServerSideTranslatorPB.java:226) ~[ozone-manager-1.3.0-SNAPSHOT.jar:?]
	at org.apache.hadoop.ozone.protocolPB.OzoneManagerProtocolServerSideTranslatorPB.processRequest(OzoneManagerProtocolServerSideTranslatorPB.java:175) ~[ozone-manager-1.3.0-SNAPSHOT.jar:?]
	at org.apache.hadoop.hdds.server.OzoneProtocolMessageDispatcher.processRequest(OzoneProtocolMessageDispatcher.java:87) [hdds-server-framework-1.3.0-SNAPSHOT.jar:?]
	at org.apache.hadoop.ozone.protocolPB.OzoneManagerProtocolServerSideTranslatorPB.submitRequest(OzoneManagerProtocolServerSideTranslatorPB.java:147) [ozone-manager-1.3.0-SNAPSHOT.jar:?]
	at org.apache.hadoop.ozone.protocol.proto.OzoneManagerProtocolProtos$OzoneManagerService$2.callBlockingMethod(OzoneManagerProtocolProtos.java) [ozone-interface-client-1.3.0-SNAPSHOT.jar:?]
	at org.apache.hadoop.ipc.ProtobufRpcEngine$Server.processCall(ProtobufRpcEngine.java:466) [hadoop-common-3.3.1.jar:?]
	at org.apache.hadoop.ipc.ProtobufRpcEngine2$Server$ProtoBufRpcInvoker.call(ProtobufRpcEngine2.java:574) [hadoop-common-3.3.1.jar:?]
	at org.apache.hadoop.ipc.ProtobufRpcEngine2$Server$ProtoBufRpcInvoker.call(ProtobufRpcEngine2.java:552) [hadoop-common-3.3.1.jar:?]
	at org.apache.hadoop.ipc.RPC$Server.call(RPC.java:1093) [hadoop-common-3.3.1.jar:?]
	at org.apache.hadoop.ipc.Server$RpcCall.run(Server.java:1035) [hadoop-common-3.3.1.jar:?]
	at org.apache.hadoop.ipc.Server$RpcCall.run(Server.java:963) [hadoop-common-3.3.1.jar:?]
	at java.security.AccessController.doPrivileged(Native Method) ~[?:1.8.0_345]
	at javax.security.auth.Subject.doAs(Subject.java:422) [?:1.8.0_345]
	at org.apache.hadoop.security.UserGroupInformation.doAs(UserGroupInformation.java:1878) [hadoop-common-3.3.1.jar:?]
	at org.apache.hadoop.ipc.Server$Handler.run(Server.java:2966) [hadoop-common-3.3.1.jar:?]
2022-10-10 08:40:27,561 [Time-limited test] WARN  ozone.BasicOzoneFileSystem (BasicOzoneFileSystem.java:getFileStatus(765)) - GetFileStatus failed for path /gdir1/dir9/child
java.io.FileNotFoundException: gdir1/dir9/child: No such file or directory!
	at org.apache.hadoop.fs.ozone.BasicOzoneClientAdapterImpl.getFileStatus(BasicOzoneClientAdapterImpl.java:369)
	at org.apache.hadoop.fs.ozone.BasicOzoneFileSystem.getFileStatus(BasicOzoneFileSystem.java:757)
	at org.apache.hadoop.fs.ozone.TestOzoneFileSystem.checkPath(TestOzoneFileSystem.java:502)
	at org.apache.hadoop.fs.ozone.TestOzoneFileSystem.testRecursiveDelete(TestOzoneFileSystem.java:458)
	at sun.reflect.NativeMethodAccessorImpl.invoke0(Native Method)
	at sun.reflect.NativeMethodAccessorImpl.invoke(NativeMethodAccessorImpl.java:62)
	at sun.reflect.DelegatingMethodAccessorImpl.invoke(DelegatingMethodAccessorImpl.java:43)
	at java.lang.reflect.Method.invoke(Method.java:498)
	at org.junit.runners.model.FrameworkMethod$1.runReflectiveCall(FrameworkMethod.java:59)
	at org.junit.internal.runners.model.ReflectiveCallable.run(ReflectiveCallable.java:12)
	at org.junit.runners.model.FrameworkMethod.invokeExplosively(FrameworkMethod.java:56)
	at org.junit.internal.runners.statements.InvokeMethod.evaluate(InvokeMethod.java:17)
	at org.junit.internal.runners.statements.RunAfters.evaluate(RunAfters.java:27)
	at org.junit.internal.runners.statements.FailOnTimeout$CallableStatement.call(FailOnTimeout.java:288)
	at org.junit.internal.runners.statements.FailOnTimeout$CallableStatement.call(FailOnTimeout.java:282)
	at java.util.concurrent.FutureTask.run(FutureTask.java:266)
	at java.lang.Thread.run(Thread.java:750)
08:40:27.561 [IPC Server handler 10 on default port 41701] ERROR OMAudit - user=runner | ip=127.0.0.1 | op=GET_FILE_STATUS {volume=volume83680, bucket=bucket94599, key=gdir1/dir10, dataSize=0, replicationConfig=null} | ret=FAILURE
org.apache.hadoop.ozone.om.exceptions.OMException: Unable to get file status: volume: volume83680 bucket: bucket94599 key: gdir1/dir10
	at org.apache.hadoop.ozone.om.KeyManagerImpl.getOzoneFileStatus(KeyManagerImpl.java:1270) ~[ozone-manager-1.3.0-SNAPSHOT.jar:?]
	at org.apache.hadoop.ozone.om.KeyManagerImpl.getFileStatus(KeyManagerImpl.java:1200) ~[ozone-manager-1.3.0-SNAPSHOT.jar:?]
	at org.apache.hadoop.ozone.om.OzoneManager.getFileStatus(OzoneManager.java:3507) ~[ozone-manager-1.3.0-SNAPSHOT.jar:?]
	at org.apache.hadoop.ozone.protocolPB.OzoneManagerRequestHandler.getOzoneFileStatus(OzoneManagerRequestHandler.java:882) ~[ozone-manager-1.3.0-SNAPSHOT.jar:?]
	at org.apache.hadoop.ozone.protocolPB.OzoneManagerRequestHandler.handleReadRequest(OzoneManagerRequestHandler.java:228) ~[ozone-manager-1.3.0-SNAPSHOT.jar:?]
	at org.apache.hadoop.ozone.protocolPB.OzoneManagerProtocolServerSideTranslatorPB.submitReadRequestToOM(OzoneManagerProtocolServerSideTranslatorPB.java:226) ~[ozone-manager-1.3.0-SNAPSHOT.jar:?]
	at org.apache.hadoop.ozone.protocolPB.OzoneManagerProtocolServerSideTranslatorPB.processRequest(OzoneManagerProtocolServerSideTranslatorPB.java:175) ~[ozone-manager-1.3.0-SNAPSHOT.jar:?]
	at org.apache.hadoop.hdds.server.OzoneProtocolMessageDispatcher.processRequest(OzoneProtocolMessageDispatcher.java:87) [hdds-server-framework-1.3.0-SNAPSHOT.jar:?]
	at org.apache.hadoop.ozone.protocolPB.OzoneManagerProtocolServerSideTranslatorPB.submitRequest(OzoneManagerProtocolServerSideTranslatorPB.java:147) [ozone-manager-1.3.0-SNAPSHOT.jar:?]
	at org.apache.hadoop.ozone.protocol.proto.OzoneManagerProtocolProtos$OzoneManagerService$2.callBlockingMethod(OzoneManagerProtocolProtos.java) [ozone-interface-client-1.3.0-SNAPSHOT.jar:?]
	at org.apache.hadoop.ipc.ProtobufRpcEngine$Server.processCall(ProtobufRpcEngine.java:466) [hadoop-common-3.3.1.jar:?]
	at org.apache.hadoop.ipc.ProtobufRpcEngine2$Server$ProtoBufRpcInvoker.call(ProtobufRpcEngine2.java:574) [hadoop-common-3.3.1.jar:?]
	at org.apache.hadoop.ipc.ProtobufRpcEngine2$Server$ProtoBufRpcInvoker.call(ProtobufRpcEngine2.java:552) [hadoop-common-3.3.1.jar:?]
	at org.apache.hadoop.ipc.RPC$Server.call(RPC.java:1093) [hadoop-common-3.3.1.jar:?]
	at org.apache.hadoop.ipc.Server$RpcCall.run(Server.java:1035) [hadoop-common-3.3.1.jar:?]
	at org.apache.hadoop.ipc.Server$RpcCall.run(Server.java:963) [hadoop-common-3.3.1.jar:?]
	at java.security.AccessController.doPrivileged(Native Method) ~[?:1.8.0_345]
	at javax.security.auth.Subject.doAs(Subject.java:422) [?:1.8.0_345]
	at org.apache.hadoop.security.UserGroupInformation.doAs(UserGroupInformation.java:1878) [hadoop-common-3.3.1.jar:?]
	at org.apache.hadoop.ipc.Server$Handler.run(Server.java:2966) [hadoop-common-3.3.1.jar:?]
2022-10-10 08:40:27,564 [Time-limited test] WARN  ozone.BasicOzoneFileSystem (BasicOzoneFileSystem.java:getFileStatus(765)) - GetFileStatus failed for path /gdir1/dir10
java.io.FileNotFoundException: gdir1/dir10: No such file or directory!
	at org.apache.hadoop.fs.ozone.BasicOzoneClientAdapterImpl.getFileStatus(BasicOzoneClientAdapterImpl.java:369)
	at org.apache.hadoop.fs.ozone.BasicOzoneFileSystem.getFileStatus(BasicOzoneFileSystem.java:757)
	at org.apache.hadoop.fs.ozone.TestOzoneFileSystem.checkPath(TestOzoneFileSystem.java:502)
	at org.apache.hadoop.fs.ozone.TestOzoneFileSystem.testRecursiveDelete(TestOzoneFileSystem.java:457)
	at sun.reflect.NativeMethodAccessorImpl.invoke0(Native Method)
	at sun.reflect.NativeMethodAccessorImpl.invoke(NativeMethodAccessorImpl.java:62)
	at sun.reflect.DelegatingMethodAccessorImpl.invoke(DelegatingMethodAccessorImpl.java:43)
	at java.lang.reflect.Method.invoke(Method.java:498)
	at org.junit.runners.model.FrameworkMethod$1.runReflectiveCall(FrameworkMethod.java:59)
	at org.junit.internal.runners.model.ReflectiveCallable.run(ReflectiveCallable.java:12)
	at org.junit.runners.model.FrameworkMethod.invokeExplosively(FrameworkMethod.java:56)
	at org.junit.internal.runners.statements.InvokeMethod.evaluate(InvokeMethod.java:17)
	at org.junit.internal.runners.statements.RunAfters.evaluate(RunAfters.java:27)
	at org.junit.internal.runners.statements.FailOnTimeout$CallableStatement.call(FailOnTimeout.java:288)
	at org.junit.internal.runners.statements.FailOnTimeout$CallableStatement.call(FailOnTimeout.java:282)
	at java.util.concurrent.FutureTask.run(FutureTask.java:266)
	at java.lang.Thread.run(Thread.java:750)
08:40:27.564 [IPC Server handler 3 on default port 41701] ERROR OMAudit - user=runner | ip=127.0.0.1 | op=GET_FILE_STATUS {volume=volume83680, bucket=bucket94599, key=gdir1/dir10/child, dataSize=0, replicationConfig=null} | ret=FAILURE
org.apache.hadoop.ozone.om.exceptions.OMException: Unable to get file status: volume: volume83680 bucket: bucket94599 key: gdir1/dir10/child
	at org.apache.hadoop.ozone.om.KeyManagerImpl.getOzoneFileStatus(KeyManagerImpl.java:1270) ~[ozone-manager-1.3.0-SNAPSHOT.jar:?]
	at org.apache.hadoop.ozone.om.KeyManagerImpl.getFileStatus(KeyManagerImpl.java:1200) ~[ozone-manager-1.3.0-SNAPSHOT.jar:?]
	at org.apache.hadoop.ozone.om.OzoneManager.getFileStatus(OzoneManager.java:3507) ~[ozone-manager-1.3.0-SNAPSHOT.jar:?]
	at org.apache.hadoop.ozone.protocolPB.OzoneManagerRequestHandler.getOzoneFileStatus(OzoneManagerRequestHandler.java:882) ~[ozone-manager-1.3.0-SNAPSHOT.jar:?]
	at org.apache.hadoop.ozone.protocolPB.OzoneManagerRequestHandler.handleReadRequest(OzoneManagerRequestHandler.java:228) ~[ozone-manager-1.3.0-SNAPSHOT.jar:?]
	at org.apache.hadoop.ozone.protocolPB.OzoneManagerProtocolServerSideTranslatorPB.submitReadRequestToOM(OzoneManagerProtocolServerSideTranslatorPB.java:226) ~[ozone-manager-1.3.0-SNAPSHOT.jar:?]
	at org.apache.hadoop.ozone.protocolPB.OzoneManagerProtocolServerSideTranslatorPB.processRequest(OzoneManagerProtocolServerSideTranslatorPB.java:175) ~[ozone-manager-1.3.0-SNAPSHOT.jar:?]
	at org.apache.hadoop.hdds.server.OzoneProtocolMessageDispatcher.processRequest(OzoneProtocolMessageDispatcher.java:87) [hdds-server-framework-1.3.0-SNAPSHOT.jar:?]
	at org.apache.hadoop.ozone.protocolPB.OzoneManagerProtocolServerSideTranslatorPB.submitRequest(OzoneManagerProtocolServerSideTranslatorPB.java:147) [ozone-manager-1.3.0-SNAPSHOT.jar:?]
	at org.apache.hadoop.ozone.protocol.proto.OzoneManagerProtocolProtos$OzoneManagerService$2.callBlockingMethod(OzoneManagerProtocolProtos.java) [ozone-interface-client-1.3.0-SNAPSHOT.jar:?]
	at org.apache.hadoop.ipc.ProtobufRpcEngine$Server.processCall(ProtobufRpcEngine.java:466) [hadoop-common-3.3.1.jar:?]
	at org.apache.hadoop.ipc.ProtobufRpcEngine2$Server$ProtoBufRpcInvoker.call(ProtobufRpcEngine2.java:574) [hadoop-common-3.3.1.jar:?]
	at org.apache.hadoop.ipc.ProtobufRpcEngine2$Server$ProtoBufRpcInvoker.call(ProtobufRpcEngine2.java:552) [hadoop-common-3.3.1.jar:?]
	at org.apache.hadoop.ipc.RPC$Server.call(RPC.java:1093) [hadoop-common-3.3.1.jar:?]
	at org.apache.hadoop.ipc.Server$RpcCall.run(Server.java:1035) [hadoop-common-3.3.1.jar:?]
	at org.apache.hadoop.ipc.Server$RpcCall.run(Server.java:963) [hadoop-common-3.3.1.jar:?]
	at java.security.AccessController.doPrivileged(Native Method) ~[?:1.8.0_345]
	at javax.security.auth.Subject.doAs(Subject.java:422) [?:1.8.0_345]
	at org.apache.hadoop.security.UserGroupInformation.doAs(UserGroupInformation.java:1878) [hadoop-common-3.3.1.jar:?]
	at org.apache.hadoop.ipc.Server$Handler.run(Server.java:2966) [hadoop-common-3.3.1.jar:?]
2022-10-10 08:40:27,566 [Time-limited test] WARN  ozone.BasicOzoneFileSystem (BasicOzoneFileSystem.java:getFileStatus(765)) - GetFileStatus failed for path /gdir1/dir10/child
java.io.FileNotFoundException: gdir1/dir10/child: No such file or directory!
	at org.apache.hadoop.fs.ozone.BasicOzoneClientAdapterImpl.getFileStatus(BasicOzoneClientAdapterImpl.java:369)
	at org.apache.hadoop.fs.ozone.BasicOzoneFileSystem.getFileStatus(BasicOzoneFileSystem.java:757)
	at org.apache.hadoop.fs.ozone.TestOzoneFileSystem.checkPath(TestOzoneFileSystem.java:502)
	at org.apache.hadoop.fs.ozone.TestOzoneFileSystem.testRecursiveDelete(TestOzoneFileSystem.java:458)
	at sun.reflect.NativeMethodAccessorImpl.invoke0(Native Method)
	at sun.reflect.NativeMethodAccessorImpl.invoke(NativeMethodAccessorImpl.java:62)
	at sun.reflect.DelegatingMethodAccessorImpl.invoke(DelegatingMethodAccessorImpl.java:43)
	at java.lang.reflect.Method.invoke(Method.java:498)
	at org.junit.runners.model.FrameworkMethod$1.runReflectiveCall(FrameworkMethod.java:59)
	at org.junit.internal.runners.model.ReflectiveCallable.run(ReflectiveCallable.java:12)
	at org.junit.runners.model.FrameworkMethod.invokeExplosively(FrameworkMethod.java:56)
	at org.junit.internal.runners.statements.InvokeMethod.evaluate(InvokeMethod.java:17)
	at org.junit.internal.runners.statements.RunAfters.evaluate(RunAfters.java:27)
	at org.junit.internal.runners.statements.FailOnTimeout$CallableStatement.call(FailOnTimeout.java:288)
	at org.junit.internal.runners.statements.FailOnTimeout$CallableStatement.call(FailOnTimeout.java:282)
	at java.util.concurrent.FutureTask.run(FutureTask.java:266)
	at java.lang.Thread.run(Thread.java:750)
08:40:27.637 [IPC Server handler 13 on default port 41701] ERROR OMAudit - user=runner | ip=127.0.0.1 | op=GET_FILE_STATUS {volume=volume83680, bucket=bucket94599, key=level0, dataSize=0, replicationConfig=null} | ret=FAILURE
org.apache.hadoop.ozone.om.exceptions.OMException: Unable to get file status: volume: volume83680 bucket: bucket94599 key: level0
	at org.apache.hadoop.ozone.om.KeyManagerImpl.getOzoneFileStatus(KeyManagerImpl.java:1270) ~[ozone-manager-1.3.0-SNAPSHOT.jar:?]
	at org.apache.hadoop.ozone.om.KeyManagerImpl.getFileStatus(KeyManagerImpl.java:1200) ~[ozone-manager-1.3.0-SNAPSHOT.jar:?]
	at org.apache.hadoop.ozone.om.OzoneManager.getFileStatus(OzoneManager.java:3507) ~[ozone-manager-1.3.0-SNAPSHOT.jar:?]
	at org.apache.hadoop.ozone.protocolPB.OzoneManagerRequestHandler.getOzoneFileStatus(OzoneManagerRequestHandler.java:882) ~[ozone-manager-1.3.0-SNAPSHOT.jar:?]
	at org.apache.hadoop.ozone.protocolPB.OzoneManagerRequestHandler.handleReadRequest(OzoneManagerRequestHandler.java:228) ~[ozone-manager-1.3.0-SNAPSHOT.jar:?]
	at org.apache.hadoop.ozone.protocolPB.OzoneManagerProtocolServerSideTranslatorPB.submitReadRequestToOM(OzoneManagerProtocolServerSideTranslatorPB.java:226) ~[ozone-manager-1.3.0-SNAPSHOT.jar:?]
	at org.apache.hadoop.ozone.protocolPB.OzoneManagerProtocolServerSideTranslatorPB.processRequest(OzoneManagerProtocolServerSideTranslatorPB.java:175) ~[ozone-manager-1.3.0-SNAPSHOT.jar:?]
	at org.apache.hadoop.hdds.server.OzoneProtocolMessageDispatcher.processRequest(OzoneProtocolMessageDispatcher.java:87) [hdds-server-framework-1.3.0-SNAPSHOT.jar:?]
	at org.apache.hadoop.ozone.protocolPB.OzoneManagerProtocolServerSideTranslatorPB.submitRequest(OzoneManagerProtocolServerSideTranslatorPB.java:147) [ozone-manager-1.3.0-SNAPSHOT.jar:?]
	at org.apache.hadoop.ozone.protocol.proto.OzoneManagerProtocolProtos$OzoneManagerService$2.callBlockingMethod(OzoneManagerProtocolProtos.java) [ozone-interface-client-1.3.0-SNAPSHOT.jar:?]
	at org.apache.hadoop.ipc.ProtobufRpcEngine$Server.processCall(ProtobufRpcEngine.java:466) [hadoop-common-3.3.1.jar:?]
	at org.apache.hadoop.ipc.ProtobufRpcEngine2$Server$ProtoBufRpcInvoker.call(ProtobufRpcEngine2.java:574) [hadoop-common-3.3.1.jar:?]
	at org.apache.hadoop.ipc.ProtobufRpcEngine2$Server$ProtoBufRpcInvoker.call(ProtobufRpcEngine2.java:552) [hadoop-common-3.3.1.jar:?]
	at org.apache.hadoop.ipc.RPC$Server.call(RPC.java:1093) [hadoop-common-3.3.1.jar:?]
	at org.apache.hadoop.ipc.Server$RpcCall.run(Server.java:1035) [hadoop-common-3.3.1.jar:?]
	at org.apache.hadoop.ipc.Server$RpcCall.run(Server.java:963) [hadoop-common-3.3.1.jar:?]
	at java.security.AccessController.doPrivileged(Native Method) ~[?:1.8.0_345]
	at javax.security.auth.Subject.doAs(Subject.java:422) [?:1.8.0_345]
	at org.apache.hadoop.security.UserGroupInformation.doAs(UserGroupInformation.java:1878) [hadoop-common-3.3.1.jar:?]
	at org.apache.hadoop.ipc.Server$Handler.run(Server.java:2966) [hadoop-common-3.3.1.jar:?]
2022-10-10 08:40:27,637 [Time-limited test] WARN  ozone.BasicOzoneFileSystem (BasicOzoneFileSystem.java:getFileStatus(765)) - GetFileStatus failed for path /level0
java.io.FileNotFoundException: level0: No such file or directory!
	at org.apache.hadoop.fs.ozone.BasicOzoneClientAdapterImpl.getFileStatus(BasicOzoneClientAdapterImpl.java:369)
	at org.apache.hadoop.fs.ozone.BasicOzoneFileSystem.getFileStatus(BasicOzoneFileSystem.java:757)
	at org.apache.hadoop.fs.ozone.TestOzoneFileSystem.checkPath(TestOzoneFileSystem.java:502)
	at org.apache.hadoop.fs.ozone.TestOzoneFileSystem.testRecursiveDelete(TestOzoneFileSystem.java:486)
	at sun.reflect.NativeMethodAccessorImpl.invoke0(Native Method)
	at sun.reflect.NativeMethodAccessorImpl.invoke(NativeMethodAccessorImpl.java:62)
	at sun.reflect.DelegatingMethodAccessorImpl.invoke(DelegatingMethodAccessorImpl.java:43)
	at java.lang.reflect.Method.invoke(Method.java:498)
	at org.junit.runners.model.FrameworkMethod$1.runReflectiveCall(FrameworkMethod.java:59)
	at org.junit.internal.runners.model.ReflectiveCallable.run(ReflectiveCallable.java:12)
	at org.junit.runners.model.FrameworkMethod.invokeExplosively(FrameworkMethod.java:56)
	at org.junit.internal.runners.statements.InvokeMethod.evaluate(InvokeMethod.java:17)
	at org.junit.internal.runners.statements.RunAfters.evaluate(RunAfters.java:27)
	at org.junit.internal.runners.statements.FailOnTimeout$CallableStatement.call(FailOnTimeout.java:288)
	at org.junit.internal.runners.statements.FailOnTimeout$CallableStatement.call(FailOnTimeout.java:282)
	at java.util.concurrent.FutureTask.run(FutureTask.java:266)
	at java.lang.Thread.run(Thread.java:750)
08:40:27.638 [IPC Server handler 5 on default port 41701] ERROR OMAudit - user=runner | ip=127.0.0.1 | op=GET_FILE_STATUS {volume=volume83680, bucket=bucket94599, key=level0/level1, dataSize=0, replicationConfig=null} | ret=FAILURE
org.apache.hadoop.ozone.om.exceptions.OMException: Unable to get file status: volume: volume83680 bucket: bucket94599 key: level0/level1
	at org.apache.hadoop.ozone.om.KeyManagerImpl.getOzoneFileStatus(KeyManagerImpl.java:1270) ~[ozone-manager-1.3.0-SNAPSHOT.jar:?]
	at org.apache.hadoop.ozone.om.KeyManagerImpl.getFileStatus(KeyManagerImpl.java:1200) ~[ozone-manager-1.3.0-SNAPSHOT.jar:?]
	at org.apache.hadoop.ozone.om.OzoneManager.getFileStatus(OzoneManager.java:3507) ~[ozone-manager-1.3.0-SNAPSHOT.jar:?]
	at org.apache.hadoop.ozone.protocolPB.OzoneManagerRequestHandler.getOzoneFileStatus(OzoneManagerRequestHandler.java:882) ~[ozone-manager-1.3.0-SNAPSHOT.jar:?]
	at org.apache.hadoop.ozone.protocolPB.OzoneManagerRequestHandler.handleReadRequest(OzoneManagerRequestHandler.java:228) ~[ozone-manager-1.3.0-SNAPSHOT.jar:?]
	at org.apache.hadoop.ozone.protocolPB.OzoneManagerProtocolServerSideTranslatorPB.submitReadRequestToOM(OzoneManagerProtocolServerSideTranslatorPB.java:226) ~[ozone-manager-1.3.0-SNAPSHOT.jar:?]
	at org.apache.hadoop.ozone.protocolPB.OzoneManagerProtocolServerSideTranslatorPB.processRequest(OzoneManagerProtocolServerSideTranslatorPB.java:175) ~[ozone-manager-1.3.0-SNAPSHOT.jar:?]
	at org.apache.hadoop.hdds.server.OzoneProtocolMessageDispatcher.processRequest(OzoneProtocolMessageDispatcher.java:87) [hdds-server-framework-1.3.0-SNAPSHOT.jar:?]
	at org.apache.hadoop.ozone.protocolPB.OzoneManagerProtocolServerSideTranslatorPB.submitRequest(OzoneManagerProtocolServerSideTranslatorPB.java:147) [ozone-manager-1.3.0-SNAPSHOT.jar:?]
	at org.apache.hadoop.ozone.protocol.proto.OzoneManagerProtocolProtos$OzoneManagerService$2.callBlockingMethod(OzoneManagerProtocolProtos.java) [ozone-interface-client-1.3.0-SNAPSHOT.jar:?]
	at org.apache.hadoop.ipc.ProtobufRpcEngine$Server.processCall(ProtobufRpcEngine.java:466) [hadoop-common-3.3.1.jar:?]
	at org.apache.hadoop.ipc.ProtobufRpcEngine2$Server$ProtoBufRpcInvoker.call(ProtobufRpcEngine2.java:574) [hadoop-common-3.3.1.jar:?]
	at org.apache.hadoop.ipc.ProtobufRpcEngine2$Server$ProtoBufRpcInvoker.call(ProtobufRpcEngine2.java:552) [hadoop-common-3.3.1.jar:?]
	at org.apache.hadoop.ipc.RPC$Server.call(RPC.java:1093) [hadoop-common-3.3.1.jar:?]
	at org.apache.hadoop.ipc.Server$RpcCall.run(Server.java:1035) [hadoop-common-3.3.1.jar:?]
	at org.apache.hadoop.ipc.Server$RpcCall.run(Server.java:963) [hadoop-common-3.3.1.jar:?]
	at java.security.AccessController.doPrivileged(Native Method) ~[?:1.8.0_345]
	at javax.security.auth.Subject.doAs(Subject.java:422) [?:1.8.0_345]
	at org.apache.hadoop.security.UserGroupInformation.doAs(UserGroupInformation.java:1878) [hadoop-common-3.3.1.jar:?]
	at org.apache.hadoop.ipc.Server$Handler.run(Server.java:2966) [hadoop-common-3.3.1.jar:?]
2022-10-10 08:40:27,638 [Time-limited test] WARN  ozone.BasicOzoneFileSystem (BasicOzoneFileSystem.java:getFileStatus(765)) - GetFileStatus failed for path /level0/level1
java.io.FileNotFoundException: level0/level1: No such file or directory!
	at org.apache.hadoop.fs.ozone.BasicOzoneClientAdapterImpl.getFileStatus(BasicOzoneClientAdapterImpl.java:369)
	at org.apache.hadoop.fs.ozone.BasicOzoneFileSystem.getFileStatus(BasicOzoneFileSystem.java:757)
	at org.apache.hadoop.fs.ozone.TestOzoneFileSystem.checkPath(TestOzoneFileSystem.java:502)
	at org.apache.hadoop.fs.ozone.TestOzoneFileSystem.testRecursiveDelete(TestOzoneFileSystem.java:493)
	at sun.reflect.NativeMethodAccessorImpl.invoke0(Native Method)
	at sun.reflect.NativeMethodAccessorImpl.invoke(NativeMethodAccessorImpl.java:62)
	at sun.reflect.DelegatingMethodAccessorImpl.invoke(DelegatingMethodAccessorImpl.java:43)
	at java.lang.reflect.Method.invoke(Method.java:498)
	at org.junit.runners.model.FrameworkMethod$1.runReflectiveCall(FrameworkMethod.java:59)
	at org.junit.internal.runners.model.ReflectiveCallable.run(ReflectiveCallable.java:12)
	at org.junit.runners.model.FrameworkMethod.invokeExplosively(FrameworkMethod.java:56)
	at org.junit.internal.runners.statements.InvokeMethod.evaluate(InvokeMethod.java:17)
	at org.junit.internal.runners.statements.RunAfters.evaluate(RunAfters.java:27)
	at org.junit.internal.runners.statements.FailOnTimeout$CallableStatement.call(FailOnTimeout.java:288)
	at org.junit.internal.runners.statements.FailOnTimeout$CallableStatement.call(FailOnTimeout.java:282)
	at java.util.concurrent.FutureTask.run(FutureTask.java:266)
	at java.lang.Thread.run(Thread.java:750)
08:40:27.639 [IPC Server handler 8 on default port 41701] ERROR OMAudit - user=runner | ip=127.0.0.1 | op=GET_FILE_STATUS {volume=volume83680, bucket=bucket94599, key=level0/level1/level1, dataSize=0, replicationConfig=null} | ret=FAILURE
org.apache.hadoop.ozone.om.exceptions.OMException: Unable to get file status: volume: volume83680 bucket: bucket94599 key: level0/level1/level1
	at org.apache.hadoop.ozone.om.KeyManagerImpl.getOzoneFileStatus(KeyManagerImpl.java:1270) ~[ozone-manager-1.3.0-SNAPSHOT.jar:?]
	at org.apache.hadoop.ozone.om.KeyManagerImpl.getFileStatus(KeyManagerImpl.java:1200) ~[ozone-manager-1.3.0-SNAPSHOT.jar:?]
	at org.apache.hadoop.ozone.om.OzoneManager.getFileStatus(OzoneManager.java:3507) ~[ozone-manager-1.3.0-SNAPSHOT.jar:?]
	at org.apache.hadoop.ozone.protocolPB.OzoneManagerRequestHandler.getOzoneFileStatus(OzoneManagerRequestHandler.java:882) ~[ozone-manager-1.3.0-SNAPSHOT.jar:?]
	at org.apache.hadoop.ozone.protocolPB.OzoneManagerRequestHandler.handleReadRequest(OzoneManagerRequestHandler.java:228) ~[ozone-manager-1.3.0-SNAPSHOT.jar:?]
	at org.apache.hadoop.ozone.protocolPB.OzoneManagerProtocolServerSideTranslatorPB.submitReadRequestToOM(OzoneManagerProtocolServerSideTranslatorPB.java:226) ~[ozone-manager-1.3.0-SNAPSHOT.jar:?]
	at org.apache.hadoop.ozone.protocolPB.OzoneManagerProtocolServerSideTranslatorPB.processRequest(OzoneManagerProtocolServerSideTranslatorPB.java:175) ~[ozone-manager-1.3.0-SNAPSHOT.jar:?]
	at org.apache.hadoop.hdds.server.OzoneProtocolMessageDispatcher.processRequest(OzoneProtocolMessageDispatcher.java:87) [hdds-server-framework-1.3.0-SNAPSHOT.jar:?]
	at org.apache.hadoop.ozone.protocolPB.OzoneManagerProtocolServerSideTranslatorPB.submitRequest(OzoneManagerProtocolServerSideTranslatorPB.java:147) [ozone-manager-1.3.0-SNAPSHOT.jar:?]
	at org.apache.hadoop.ozone.protocol.proto.OzoneManagerProtocolProtos$OzoneManagerService$2.callBlockingMethod(OzoneManagerProtocolProtos.java) [ozone-interface-client-1.3.0-SNAPSHOT.jar:?]
	at org.apache.hadoop.ipc.ProtobufRpcEngine$Server.processCall(ProtobufRpcEngine.java:466) [hadoop-common-3.3.1.jar:?]
	at org.apache.hadoop.ipc.ProtobufRpcEngine2$Server$ProtoBufRpcInvoker.call(ProtobufRpcEngine2.java:574) [hadoop-common-3.3.1.jar:?]
	at org.apache.hadoop.ipc.ProtobufRpcEngine2$Server$ProtoBufRpcInvoker.call(ProtobufRpcEngine2.java:552) [hadoop-common-3.3.1.jar:?]
	at org.apache.hadoop.ipc.RPC$Server.call(RPC.java:1093) [hadoop-common-3.3.1.jar:?]
	at org.apache.hadoop.ipc.Server$RpcCall.run(Server.java:1035) [hadoop-common-3.3.1.jar:?]
	at org.apache.hadoop.ipc.Server$RpcCall.run(Server.java:963) [hadoop-common-3.3.1.jar:?]
	at java.security.AccessController.doPrivileged(Native Method) ~[?:1.8.0_345]
	at javax.security.auth.Subject.doAs(Subject.java:422) [?:1.8.0_345]
	at org.apache.hadoop.security.UserGroupInformation.doAs(UserGroupInformation.java:1878) [hadoop-common-3.3.1.jar:?]
	at org.apache.hadoop.ipc.Server$Handler.run(Server.java:2966) [hadoop-common-3.3.1.jar:?]
2022-10-10 08:40:27,639 [Time-limited test] WARN  ozone.BasicOzoneFileSystem (BasicOzoneFileSystem.java:getFileStatus(765)) - GetFileStatus failed for path /level0/level1/level1
java.io.FileNotFoundException: level0/level1/level1: No such file or directory!
	at org.apache.hadoop.fs.ozone.BasicOzoneClientAdapterImpl.getFileStatus(BasicOzoneClientAdapterImpl.java:369)
	at org.apache.hadoop.fs.ozone.BasicOzoneFileSystem.getFileStatus(BasicOzoneFileSystem.java:757)
	at org.apache.hadoop.fs.ozone.TestOzoneFileSystem.checkPath(TestOzoneFileSystem.java:502)
	at org.apache.hadoop.fs.ozone.TestOzoneFileSystem.testRecursiveDelete(TestOzoneFileSystem.java:494)
	at sun.reflect.NativeMethodAccessorImpl.invoke0(Native Method)
	at sun.reflect.NativeMethodAccessorImpl.invoke(NativeMethodAccessorImpl.java:62)
	at sun.reflect.DelegatingMethodAccessorImpl.invoke(DelegatingMethodAccessorImpl.java:43)
	at java.lang.reflect.Method.invoke(Method.java:498)
	at org.junit.runners.model.FrameworkMethod$1.runReflectiveCall(FrameworkMethod.java:59)
	at org.junit.internal.runners.model.ReflectiveCallable.run(ReflectiveCallable.java:12)
	at org.junit.runners.model.FrameworkMethod.invokeExplosively(FrameworkMethod.java:56)
	at org.junit.internal.runners.statements.InvokeMethod.evaluate(InvokeMethod.java:17)
	at org.junit.internal.runners.statements.RunAfters.evaluate(RunAfters.java:27)
	at org.junit.internal.runners.statements.FailOnTimeout$CallableStatement.call(FailOnTimeout.java:288)
	at org.junit.internal.runners.statements.FailOnTimeout$CallableStatement.call(FailOnTimeout.java:282)
	at java.util.concurrent.FutureTask.run(FutureTask.java:266)
	at java.lang.Thread.run(Thread.java:750)
08:40:27.640 [IPC Server handler 6 on default port 41701] ERROR OMAudit - user=runner | ip=127.0.0.1 | op=GET_FILE_STATUS {volume=volume83680, bucket=bucket94599, key=level0/level1/file1, dataSize=0, replicationConfig=null} | ret=FAILURE
org.apache.hadoop.ozone.om.exceptions.OMException: Unable to get file status: volume: volume83680 bucket: bucket94599 key: level0/level1/file1
	at org.apache.hadoop.ozone.om.KeyManagerImpl.getOzoneFileStatus(KeyManagerImpl.java:1270) ~[ozone-manager-1.3.0-SNAPSHOT.jar:?]
	at org.apache.hadoop.ozone.om.KeyManagerImpl.getFileStatus(KeyManagerImpl.java:1200) ~[ozone-manager-1.3.0-SNAPSHOT.jar:?]
	at org.apache.hadoop.ozone.om.OzoneManager.getFileStatus(OzoneManager.java:3507) ~[ozone-manager-1.3.0-SNAPSHOT.jar:?]
	at org.apache.hadoop.ozone.protocolPB.OzoneManagerRequestHandler.getOzoneFileStatus(OzoneManagerRequestHandler.java:882) ~[ozone-manager-1.3.0-SNAPSHOT.jar:?]
	at org.apache.hadoop.ozone.protocolPB.OzoneManagerRequestHandler.handleReadRequest(OzoneManagerRequestHandler.java:228) ~[ozone-manager-1.3.0-SNAPSHOT.jar:?]
	at org.apache.hadoop.ozone.protocolPB.OzoneManagerProtocolServerSideTranslatorPB.submitReadRequestToOM(OzoneManagerProtocolServerSideTranslatorPB.java:226) ~[ozone-manager-1.3.0-SNAPSHOT.jar:?]
	at org.apache.hadoop.ozone.protocolPB.OzoneManagerProtocolServerSideTranslatorPB.processRequest(OzoneManagerProtocolServerSideTranslatorPB.java:175) ~[ozone-manager-1.3.0-SNAPSHOT.jar:?]
	at org.apache.hadoop.hdds.server.OzoneProtocolMessageDispatcher.processRequest(OzoneProtocolMessageDispatcher.java:87) [hdds-server-framework-1.3.0-SNAPSHOT.jar:?]
	at org.apache.hadoop.ozone.protocolPB.OzoneManagerProtocolServerSideTranslatorPB.submitRequest(OzoneManagerProtocolServerSideTranslatorPB.java:147) [ozone-manager-1.3.0-SNAPSHOT.jar:?]
	at org.apache.hadoop.ozone.protocol.proto.OzoneManagerProtocolProtos$OzoneManagerService$2.callBlockingMethod(OzoneManagerProtocolProtos.java) [ozone-interface-client-1.3.0-SNAPSHOT.jar:?]
	at org.apache.hadoop.ipc.ProtobufRpcEngine$Server.processCall(ProtobufRpcEngine.java:466) [hadoop-common-3.3.1.jar:?]
	at org.apache.hadoop.ipc.ProtobufRpcEngine2$Server$ProtoBufRpcInvoker.call(ProtobufRpcEngine2.java:574) [hadoop-common-3.3.1.jar:?]
	at org.apache.hadoop.ipc.ProtobufRpcEngine2$Server$ProtoBufRpcInvoker.call(ProtobufRpcEngine2.java:552) [hadoop-common-3.3.1.jar:?]
	at org.apache.hadoop.ipc.RPC$Server.call(RPC.java:1093) [hadoop-common-3.3.1.jar:?]
	at org.apache.hadoop.ipc.Server$RpcCall.run(Server.java:1035) [hadoop-common-3.3.1.jar:?]
	at org.apache.hadoop.ipc.Server$RpcCall.run(Server.java:963) [hadoop-common-3.3.1.jar:?]
	at java.security.AccessController.doPrivileged(Native Method) ~[?:1.8.0_345]
	at javax.security.auth.Subject.doAs(Subject.java:422) [?:1.8.0_345]
	at org.apache.hadoop.security.UserGroupInformation.doAs(UserGroupInformation.java:1878) [hadoop-common-3.3.1.jar:?]
	at org.apache.hadoop.ipc.Server$Handler.run(Server.java:2966) [hadoop-common-3.3.1.jar:?]
2022-10-10 08:40:27,640 [Time-limited test] WARN  ozone.BasicOzoneFileSystem (BasicOzoneFileSystem.java:getFileStatus(765)) - GetFileStatus failed for path /level0/level1/file1
java.io.FileNotFoundException: level0/level1/file1: No such file or directory!
	at org.apache.hadoop.fs.ozone.BasicOzoneClientAdapterImpl.getFileStatus(BasicOzoneClientAdapterImpl.java:369)
	at org.apache.hadoop.fs.ozone.BasicOzoneFileSystem.getFileStatus(BasicOzoneFileSystem.java:757)
	at org.apache.hadoop.fs.ozone.TestOzoneFileSystem.checkPath(TestOzoneFileSystem.java:502)
	at org.apache.hadoop.fs.ozone.TestOzoneFileSystem.testRecursiveDelete(TestOzoneFileSystem.java:495)
	at sun.reflect.NativeMethodAccessorImpl.invoke0(Native Method)
	at sun.reflect.NativeMethodAccessorImpl.invoke(NativeMethodAccessorImpl.java:62)
	at sun.reflect.DelegatingMethodAccessorImpl.invoke(DelegatingMethodAccessorImpl.java:43)
	at java.lang.reflect.Method.invoke(Method.java:498)
	at org.junit.runners.model.FrameworkMethod$1.runReflectiveCall(FrameworkMethod.java:59)
	at org.junit.internal.runners.model.ReflectiveCallable.run(ReflectiveCallable.java:12)
	at org.junit.runners.model.FrameworkMethod.invokeExplosively(FrameworkMethod.java:56)
	at org.junit.internal.runners.statements.InvokeMethod.evaluate(InvokeMethod.java:17)
	at org.junit.internal.runners.statements.RunAfters.evaluate(RunAfters.java:27)
	at org.junit.internal.runners.statements.FailOnTimeout$CallableStatement.call(FailOnTimeout.java:288)
	at org.junit.internal.runners.statements.FailOnTimeout$CallableStatement.call(FailOnTimeout.java:282)
	at java.util.concurrent.FutureTask.run(FutureTask.java:266)
	at java.lang.Thread.run(Thread.java:750)
08:40:27.641 [IPC Server handler 7 on default port 41701] ERROR OMAudit - user=runner | ip=127.0.0.1 | op=GET_FILE_STATUS {volume=volume83680, bucket=bucket94599, key=level0/level1/level1/file1, dataSize=0, replicationConfig=null} | ret=FAILURE
org.apache.hadoop.ozone.om.exceptions.OMException: Unable to get file status: volume: volume83680 bucket: bucket94599 key: level0/level1/level1/file1
	at org.apache.hadoop.ozone.om.KeyManagerImpl.getOzoneFileStatus(KeyManagerImpl.java:1270) ~[ozone-manager-1.3.0-SNAPSHOT.jar:?]
	at org.apache.hadoop.ozone.om.KeyManagerImpl.getFileStatus(KeyManagerImpl.java:1200) ~[ozone-manager-1.3.0-SNAPSHOT.jar:?]
	at org.apache.hadoop.ozone.om.OzoneManager.getFileStatus(OzoneManager.java:3507) ~[ozone-manager-1.3.0-SNAPSHOT.jar:?]
	at org.apache.hadoop.ozone.protocolPB.OzoneManagerRequestHandler.getOzoneFileStatus(OzoneManagerRequestHandler.java:882) ~[ozone-manager-1.3.0-SNAPSHOT.jar:?]
	at org.apache.hadoop.ozone.protocolPB.OzoneManagerRequestHandler.handleReadRequest(OzoneManagerRequestHandler.java:228) ~[ozone-manager-1.3.0-SNAPSHOT.jar:?]
	at org.apache.hadoop.ozone.protocolPB.OzoneManagerProtocolServerSideTranslatorPB.submitReadRequestToOM(OzoneManagerProtocolServerSideTranslatorPB.java:226) ~[ozone-manager-1.3.0-SNAPSHOT.jar:?]
	at org.apache.hadoop.ozone.protocolPB.OzoneManagerProtocolServerSideTranslatorPB.processRequest(OzoneManagerProtocolServerSideTranslatorPB.java:175) ~[ozone-manager-1.3.0-SNAPSHOT.jar:?]
	at org.apache.hadoop.hdds.server.OzoneProtocolMessageDispatcher.processRequest(OzoneProtocolMessageDispatcher.java:87) [hdds-server-framework-1.3.0-SNAPSHOT.jar:?]
	at org.apache.hadoop.ozone.protocolPB.OzoneManagerProtocolServerSideTranslatorPB.submitRequest(OzoneManagerProtocolServerSideTranslatorPB.java:147) [ozone-manager-1.3.0-SNAPSHOT.jar:?]
	at org.apache.hadoop.ozone.protocol.proto.OzoneManagerProtocolProtos$OzoneManagerService$2.callBlockingMethod(OzoneManagerProtocolProtos.java) [ozone-interface-client-1.3.0-SNAPSHOT.jar:?]
	at org.apache.hadoop.ipc.ProtobufRpcEngine$Server.processCall(ProtobufRpcEngine.java:466) [hadoop-common-3.3.1.jar:?]
	at org.apache.hadoop.ipc.ProtobufRpcEngine2$Server$ProtoBufRpcInvoker.call(ProtobufRpcEngine2.java:574) [hadoop-common-3.3.1.jar:?]
	at org.apache.hadoop.ipc.ProtobufRpcEngine2$Server$ProtoBufRpcInvoker.call(ProtobufRpcEngine2.java:552) [hadoop-common-3.3.1.jar:?]
	at org.apache.hadoop.ipc.RPC$Server.call(RPC.java:1093) [hadoop-common-3.3.1.jar:?]
	at org.apache.hadoop.ipc.Server$RpcCall.run(Server.java:1035) [hadoop-common-3.3.1.jar:?]
	at org.apache.hadoop.ipc.Server$RpcCall.run(Server.java:963) [hadoop-common-3.3.1.jar:?]
	at java.security.AccessController.doPrivileged(Native Method) ~[?:1.8.0_345]
	at javax.security.auth.Subject.doAs(Subject.java:422) [?:1.8.0_345]
	at org.apache.hadoop.security.UserGroupInformation.doAs(UserGroupInformation.java:1878) [hadoop-common-3.3.1.jar:?]
	at org.apache.hadoop.ipc.Server$Handler.run(Server.java:2966) [hadoop-common-3.3.1.jar:?]
2022-10-10 08:40:27,641 [Time-limited test] WARN  ozone.BasicOzoneFileSystem (BasicOzoneFileSystem.java:getFileStatus(765)) - GetFileStatus failed for path /level0/level1/level1/file1
java.io.FileNotFoundException: level0/level1/level1/file1: No such file or directory!
	at org.apache.hadoop.fs.ozone.BasicOzoneClientAdapterImpl.getFileStatus(BasicOzoneClientAdapterImpl.java:369)
	at org.apache.hadoop.fs.ozone.BasicOzoneFileSystem.getFileStatus(BasicOzoneFileSystem.java:757)
	at org.apache.hadoop.fs.ozone.TestOzoneFileSystem.checkPath(TestOzoneFileSystem.java:502)
	at org.apache.hadoop.fs.ozone.TestOzoneFileSystem.testRecursiveDelete(TestOzoneFileSystem.java:496)
	at sun.reflect.NativeMethodAccessorImpl.invoke0(Native Method)
	at sun.reflect.NativeMethodAccessorImpl.invoke(NativeMethodAccessorImpl.java:62)
	at sun.reflect.DelegatingMethodAccessorImpl.invoke(DelegatingMethodAccessorImpl.java:43)
	at java.lang.reflect.Method.invoke(Method.java:498)
	at org.junit.runners.model.FrameworkMethod$1.runReflectiveCall(FrameworkMethod.java:59)
	at org.junit.internal.runners.model.ReflectiveCallable.run(ReflectiveCallable.java:12)
	at org.junit.runners.model.FrameworkMethod.invokeExplosively(FrameworkMethod.java:56)
	at org.junit.internal.runners.statements.InvokeMethod.evaluate(InvokeMethod.java:17)
	at org.junit.internal.runners.statements.RunAfters.evaluate(RunAfters.java:27)
	at org.junit.internal.runners.statements.FailOnTimeout$CallableStatement.call(FailOnTimeout.java:288)
	at org.junit.internal.runners.statements.FailOnTimeout$CallableStatement.call(FailOnTimeout.java:282)
	at java.util.concurrent.FutureTask.run(FutureTask.java:266)
	at java.lang.Thread.run(Thread.java:750)
08:40:27.642 [IPC Server handler 10 on default port 41701] ERROR OMAudit - user=runner | ip=127.0.0.1 | op=GET_FILE_STATUS {volume=volume83680, bucket=bucket94599, key=level0/level2, dataSize=0, replicationConfig=null} | ret=FAILURE
org.apache.hadoop.ozone.om.exceptions.OMException: Unable to get file status: volume: volume83680 bucket: bucket94599 key: level0/level2
	at org.apache.hadoop.ozone.om.KeyManagerImpl.getOzoneFileStatus(KeyManagerImpl.java:1270) ~[ozone-manager-1.3.0-SNAPSHOT.jar:?]
	at org.apache.hadoop.ozone.om.KeyManagerImpl.getFileStatus(KeyManagerImpl.java:1200) ~[ozone-manager-1.3.0-SNAPSHOT.jar:?]
	at org.apache.hadoop.ozone.om.OzoneManager.getFileStatus(OzoneManager.java:3507) ~[ozone-manager-1.3.0-SNAPSHOT.jar:?]
	at org.apache.hadoop.ozone.protocolPB.OzoneManagerRequestHandler.getOzoneFileStatus(OzoneManagerRequestHandler.java:882) ~[ozone-manager-1.3.0-SNAPSHOT.jar:?]
	at org.apache.hadoop.ozone.protocolPB.OzoneManagerRequestHandler.handleReadRequest(OzoneManagerRequestHandler.java:228) ~[ozone-manager-1.3.0-SNAPSHOT.jar:?]
	at org.apache.hadoop.ozone.protocolPB.OzoneManagerProtocolServerSideTranslatorPB.submitReadRequestToOM(OzoneManagerProtocolServerSideTranslatorPB.java:226) ~[ozone-manager-1.3.0-SNAPSHOT.jar:?]
	at org.apache.hadoop.ozone.protocolPB.OzoneManagerProtocolServerSideTranslatorPB.processRequest(OzoneManagerProtocolServerSideTranslatorPB.java:175) ~[ozone-manager-1.3.0-SNAPSHOT.jar:?]
	at org.apache.hadoop.hdds.server.OzoneProtocolMessageDispatcher.processRequest(OzoneProtocolMessageDispatcher.java:87) [hdds-server-framework-1.3.0-SNAPSHOT.jar:?]
	at org.apache.hadoop.ozone.protocolPB.OzoneManagerProtocolServerSideTranslatorPB.submitRequest(OzoneManagerProtocolServerSideTranslatorPB.java:147) [ozone-manager-1.3.0-SNAPSHOT.jar:?]
	at org.apache.hadoop.ozone.protocol.proto.OzoneManagerProtocolProtos$OzoneManagerService$2.callBlockingMethod(OzoneManagerProtocolProtos.java) [ozone-interface-client-1.3.0-SNAPSHOT.jar:?]
	at org.apache.hadoop.ipc.ProtobufRpcEngine$Server.processCall(ProtobufRpcEngine.java:466) [hadoop-common-3.3.1.jar:?]
	at org.apache.hadoop.ipc.ProtobufRpcEngine2$Server$ProtoBufRpcInvoker.call(ProtobufRpcEngine2.java:574) [hadoop-common-3.3.1.jar:?]
	at org.apache.hadoop.ipc.ProtobufRpcEngine2$Server$ProtoBufRpcInvoker.call(ProtobufRpcEngine2.java:552) [hadoop-common-3.3.1.jar:?]
	at org.apache.hadoop.ipc.RPC$Server.call(RPC.java:1093) [hadoop-common-3.3.1.jar:?]
	at org.apache.hadoop.ipc.Server$RpcCall.run(Server.java:1035) [hadoop-common-3.3.1.jar:?]
	at org.apache.hadoop.ipc.Server$RpcCall.run(Server.java:963) [hadoop-common-3.3.1.jar:?]
	at java.security.AccessController.doPrivileged(Native Method) ~[?:1.8.0_345]
	at javax.security.auth.Subject.doAs(Subject.java:422) [?:1.8.0_345]
	at org.apache.hadoop.security.UserGroupInformation.doAs(UserGroupInformation.java:1878) [hadoop-common-3.3.1.jar:?]
	at org.apache.hadoop.ipc.Server$Handler.run(Server.java:2966) [hadoop-common-3.3.1.jar:?]
2022-10-10 08:40:27,642 [Time-limited test] WARN  ozone.BasicOzoneFileSystem (BasicOzoneFileSystem.java:getFileStatus(765)) - GetFileStatus failed for path /level0/level2
java.io.FileNotFoundException: level0/level2: No such file or directory!
	at org.apache.hadoop.fs.ozone.BasicOzoneClientAdapterImpl.getFileStatus(BasicOzoneClientAdapterImpl.java:369)
	at org.apache.hadoop.fs.ozone.BasicOzoneFileSystem.getFileStatus(BasicOzoneFileSystem.java:757)
	at org.apache.hadoop.fs.ozone.TestOzoneFileSystem.checkPath(TestOzoneFileSystem.java:502)
	at org.apache.hadoop.fs.ozone.TestOzoneFileSystem.testRecursiveDelete(TestOzoneFileSystem.java:493)
	at sun.reflect.NativeMethodAccessorImpl.invoke0(Native Method)
	at sun.reflect.NativeMethodAccessorImpl.invoke(NativeMethodAccessorImpl.java:62)
	at sun.reflect.DelegatingMethodAccessorImpl.invoke(DelegatingMethodAccessorImpl.java:43)
	at java.lang.reflect.Method.invoke(Method.java:498)
	at org.junit.runners.model.FrameworkMethod$1.runReflectiveCall(FrameworkMethod.java:59)
	at org.junit.internal.runners.model.ReflectiveCallable.run(ReflectiveCallable.java:12)
	at org.junit.runners.model.FrameworkMethod.invokeExplosively(FrameworkMethod.java:56)
	at org.junit.internal.runners.statements.InvokeMethod.evaluate(InvokeMethod.java:17)
	at org.junit.internal.runners.statements.RunAfters.evaluate(RunAfters.java:27)
	at org.junit.internal.runners.statements.FailOnTimeout$CallableStatement.call(FailOnTimeout.java:288)
	at org.junit.internal.runners.statements.FailOnTimeout$CallableStatement.call(FailOnTimeout.java:282)
	at java.util.concurrent.FutureTask.run(FutureTask.java:266)
	at java.lang.Thread.run(Thread.java:750)
08:40:27.643 [IPC Server handler 3 on default port 41701] ERROR OMAudit - user=runner | ip=127.0.0.1 | op=GET_FILE_STATUS {volume=volume83680, bucket=bucket94599, key=level0/level2/level2, dataSize=0, replicationConfig=null} | ret=FAILURE
org.apache.hadoop.ozone.om.exceptions.OMException: Unable to get file status: volume: volume83680 bucket: bucket94599 key: level0/level2/level2
	at org.apache.hadoop.ozone.om.KeyManagerImpl.getOzoneFileStatus(KeyManagerImpl.java:1270) ~[ozone-manager-1.3.0-SNAPSHOT.jar:?]
	at org.apache.hadoop.ozone.om.KeyManagerImpl.getFileStatus(KeyManagerImpl.java:1200) ~[ozone-manager-1.3.0-SNAPSHOT.jar:?]
	at org.apache.hadoop.ozone.om.OzoneManager.getFileStatus(OzoneManager.java:3507) ~[ozone-manager-1.3.0-SNAPSHOT.jar:?]
	at org.apache.hadoop.ozone.protocolPB.OzoneManagerRequestHandler.getOzoneFileStatus(OzoneManagerRequestHandler.java:882) ~[ozone-manager-1.3.0-SNAPSHOT.jar:?]
	at org.apache.hadoop.ozone.protocolPB.OzoneManagerRequestHandler.handleReadRequest(OzoneManagerRequestHandler.java:228) ~[ozone-manager-1.3.0-SNAPSHOT.jar:?]
	at org.apache.hadoop.ozone.protocolPB.OzoneManagerProtocolServerSideTranslatorPB.submitReadRequestToOM(OzoneManagerProtocolServerSideTranslatorPB.java:226) ~[ozone-manager-1.3.0-SNAPSHOT.jar:?]
	at org.apache.hadoop.ozone.protocolPB.OzoneManagerProtocolServerSideTranslatorPB.processRequest(OzoneManagerProtocolServerSideTranslatorPB.java:175) ~[ozone-manager-1.3.0-SNAPSHOT.jar:?]
	at org.apache.hadoop.hdds.server.OzoneProtocolMessageDispatcher.processRequest(OzoneProtocolMessageDispatcher.java:87) [hdds-server-framework-1.3.0-SNAPSHOT.jar:?]
	at org.apache.hadoop.ozone.protocolPB.OzoneManagerProtocolServerSideTranslatorPB.submitRequest(OzoneManagerProtocolServerSideTranslatorPB.java:147) [ozone-manager-1.3.0-SNAPSHOT.jar:?]
	at org.apache.hadoop.ozone.protocol.proto.OzoneManagerProtocolProtos$OzoneManagerService$2.callBlockingMethod(OzoneManagerProtocolProtos.java) [ozone-interface-client-1.3.0-SNAPSHOT.jar:?]
	at org.apache.hadoop.ipc.ProtobufRpcEngine$Server.processCall(ProtobufRpcEngine.java:466) [hadoop-common-3.3.1.jar:?]
	at org.apache.hadoop.ipc.ProtobufRpcEngine2$Server$ProtoBufRpcInvoker.call(ProtobufRpcEngine2.java:574) [hadoop-common-3.3.1.jar:?]
	at org.apache.hadoop.ipc.ProtobufRpcEngine2$Server$ProtoBufRpcInvoker.call(ProtobufRpcEngine2.java:552) [hadoop-common-3.3.1.jar:?]
	at org.apache.hadoop.ipc.RPC$Server.call(RPC.java:1093) [hadoop-common-3.3.1.jar:?]
	at org.apache.hadoop.ipc.Server$RpcCall.run(Server.java:1035) [hadoop-common-3.3.1.jar:?]
	at org.apache.hadoop.ipc.Server$RpcCall.run(Server.java:963) [hadoop-common-3.3.1.jar:?]
	at java.security.AccessController.doPrivileged(Native Method) ~[?:1.8.0_345]
	at javax.security.auth.Subject.doAs(Subject.java:422) [?:1.8.0_345]
	at org.apache.hadoop.security.UserGroupInformation.doAs(UserGroupInformation.java:1878) [hadoop-common-3.3.1.jar:?]
	at org.apache.hadoop.ipc.Server$Handler.run(Server.java:2966) [hadoop-common-3.3.1.jar:?]
2022-10-10 08:40:27,643 [Time-limited test] WARN  ozone.BasicOzoneFileSystem (BasicOzoneFileSystem.java:getFileStatus(765)) - GetFileStatus failed for path /level0/level2/level2
java.io.FileNotFoundException: level0/level2/level2: No such file or directory!
	at org.apache.hadoop.fs.ozone.BasicOzoneClientAdapterImpl.getFileStatus(BasicOzoneClientAdapterImpl.java:369)
	at org.apache.hadoop.fs.ozone.BasicOzoneFileSystem.getFileStatus(BasicOzoneFileSystem.java:757)
	at org.apache.hadoop.fs.ozone.TestOzoneFileSystem.checkPath(TestOzoneFileSystem.java:502)
	at org.apache.hadoop.fs.ozone.TestOzoneFileSystem.testRecursiveDelete(TestOzoneFileSystem.java:494)
	at sun.reflect.NativeMethodAccessorImpl.invoke0(Native Method)
	at sun.reflect.NativeMethodAccessorImpl.invoke(NativeMethodAccessorImpl.java:62)
	at sun.reflect.DelegatingMethodAccessorImpl.invoke(DelegatingMethodAccessorImpl.java:43)
	at java.lang.reflect.Method.invoke(Method.java:498)
	at org.junit.runners.model.FrameworkMethod$1.runReflectiveCall(FrameworkMethod.java:59)
	at org.junit.internal.runners.model.ReflectiveCallable.run(ReflectiveCallable.java:12)
	at org.junit.runners.model.FrameworkMethod.invokeExplosively(FrameworkMethod.java:56)
	at org.junit.internal.runners.statements.InvokeMethod.evaluate(InvokeMethod.java:17)
	at org.junit.internal.runners.statements.RunAfters.evaluate(RunAfters.java:27)
	at org.junit.internal.runners.statements.FailOnTimeout$CallableStatement.call(FailOnTimeout.java:288)
	at org.junit.internal.runners.statements.FailOnTimeout$CallableStatement.call(FailOnTimeout.java:282)
	at java.util.concurrent.FutureTask.run(FutureTask.java:266)
	at java.lang.Thread.run(Thread.java:750)
08:40:27.643 [IPC Server handler 12 on default port 41701] ERROR OMAudit - user=runner | ip=127.0.0.1 | op=GET_FILE_STATUS {volume=volume83680, bucket=bucket94599, key=level0/level2/file1, dataSize=0, replicationConfig=null} | ret=FAILURE
org.apache.hadoop.ozone.om.exceptions.OMException: Unable to get file status: volume: volume83680 bucket: bucket94599 key: level0/level2/file1
	at org.apache.hadoop.ozone.om.KeyManagerImpl.getOzoneFileStatus(KeyManagerImpl.java:1270) ~[ozone-manager-1.3.0-SNAPSHOT.jar:?]
	at org.apache.hadoop.ozone.om.KeyManagerImpl.getFileStatus(KeyManagerImpl.java:1200) ~[ozone-manager-1.3.0-SNAPSHOT.jar:?]
	at org.apache.hadoop.ozone.om.OzoneManager.getFileStatus(OzoneManager.java:3507) ~[ozone-manager-1.3.0-SNAPSHOT.jar:?]
	at org.apache.hadoop.ozone.protocolPB.OzoneManagerRequestHandler.getOzoneFileStatus(OzoneManagerRequestHandler.java:882) ~[ozone-manager-1.3.0-SNAPSHOT.jar:?]
	at org.apache.hadoop.ozone.protocolPB.OzoneManagerRequestHandler.handleReadRequest(OzoneManagerRequestHandler.java:228) ~[ozone-manager-1.3.0-SNAPSHOT.jar:?]
	at org.apache.hadoop.ozone.protocolPB.OzoneManagerProtocolServerSideTranslatorPB.submitReadRequestToOM(OzoneManagerProtocolServerSideTranslatorPB.java:226) ~[ozone-manager-1.3.0-SNAPSHOT.jar:?]
	at org.apache.hadoop.ozone.protocolPB.OzoneManagerProtocolServerSideTranslatorPB.processRequest(OzoneManagerProtocolServerSideTranslatorPB.java:175) ~[ozone-manager-1.3.0-SNAPSHOT.jar:?]
	at org.apache.hadoop.hdds.server.OzoneProtocolMessageDispatcher.processRequest(OzoneProtocolMessageDispatcher.java:87) [hdds-server-framework-1.3.0-SNAPSHOT.jar:?]
	at org.apache.hadoop.ozone.protocolPB.OzoneManagerProtocolServerSideTranslatorPB.submitRequest(OzoneManagerProtocolServerSideTranslatorPB.java:147) [ozone-manager-1.3.0-SNAPSHOT.jar:?]
	at org.apache.hadoop.ozone.protocol.proto.OzoneManagerProtocolProtos$OzoneManagerService$2.callBlockingMethod(OzoneManagerProtocolProtos.java) [ozone-interface-client-1.3.0-SNAPSHOT.jar:?]
	at org.apache.hadoop.ipc.ProtobufRpcEngine$Server.processCall(ProtobufRpcEngine.java:466) [hadoop-common-3.3.1.jar:?]
	at org.apache.hadoop.ipc.ProtobufRpcEngine2$Server$ProtoBufRpcInvoker.call(ProtobufRpcEngine2.java:574) [hadoop-common-3.3.1.jar:?]
	at org.apache.hadoop.ipc.ProtobufRpcEngine2$Server$ProtoBufRpcInvoker.call(ProtobufRpcEngine2.java:552) [hadoop-common-3.3.1.jar:?]
	at org.apache.hadoop.ipc.RPC$Server.call(RPC.java:1093) [hadoop-common-3.3.1.jar:?]
	at org.apache.hadoop.ipc.Server$RpcCall.run(Server.java:1035) [hadoop-common-3.3.1.jar:?]
	at org.apache.hadoop.ipc.Server$RpcCall.run(Server.java:963) [hadoop-common-3.3.1.jar:?]
	at java.security.AccessController.doPrivileged(Native Method) ~[?:1.8.0_345]
	at javax.security.auth.Subject.doAs(Subject.java:422) [?:1.8.0_345]
	at org.apache.hadoop.security.UserGroupInformation.doAs(UserGroupInformation.java:1878) [hadoop-common-3.3.1.jar:?]
	at org.apache.hadoop.ipc.Server$Handler.run(Server.java:2966) [hadoop-common-3.3.1.jar:?]
2022-10-10 08:40:27,644 [Time-limited test] WARN  ozone.BasicOzoneFileSystem (BasicOzoneFileSystem.java:getFileStatus(765)) - GetFileStatus failed for path /level0/level2/file1
java.io.FileNotFoundException: level0/level2/file1: No such file or directory!
	at org.apache.hadoop.fs.ozone.BasicOzoneClientAdapterImpl.getFileStatus(BasicOzoneClientAdapterImpl.java:369)
	at org.apache.hadoop.fs.ozone.BasicOzoneFileSystem.getFileStatus(BasicOzoneFileSystem.java:757)
	at org.apache.hadoop.fs.ozone.TestOzoneFileSystem.checkPath(TestOzoneFileSystem.java:502)
	at org.apache.hadoop.fs.ozone.TestOzoneFileSystem.testRecursiveDelete(TestOzoneFileSystem.java:495)
	at sun.reflect.NativeMethodAccessorImpl.invoke0(Native Method)
	at sun.reflect.NativeMethodAccessorImpl.invoke(NativeMethodAccessorImpl.java:62)
	at sun.reflect.DelegatingMethodAccessorImpl.invoke(DelegatingMethodAccessorImpl.java:43)
	at java.lang.reflect.Method.invoke(Method.java:498)
	at org.junit.runners.model.FrameworkMethod$1.runReflectiveCall(FrameworkMethod.java:59)
	at org.junit.internal.runners.model.ReflectiveCallable.run(ReflectiveCallable.java:12)
	at org.junit.runners.model.FrameworkMethod.invokeExplosively(FrameworkMethod.java:56)
	at org.junit.internal.runners.statements.InvokeMethod.evaluate(InvokeMethod.java:17)
	at org.junit.internal.runners.statements.RunAfters.evaluate(RunAfters.java:27)
	at org.junit.internal.runners.statements.FailOnTimeout$CallableStatement.call(FailOnTimeout.java:288)
	at org.junit.internal.runners.statements.FailOnTimeout$CallableStatement.call(FailOnTimeout.java:282)
	at java.util.concurrent.FutureTask.run(FutureTask.java:266)
	at java.lang.Thread.run(Thread.java:750)
08:40:27.649 [IPC Server handler 1 on default port 41701] ERROR OMAudit - user=runner | ip=127.0.0.1 | op=GET_FILE_STATUS {volume=volume83680, bucket=bucket94599, key=level0/level2/level2/file1, dataSize=0, replicationConfig=null} | ret=FAILURE
org.apache.hadoop.ozone.om.exceptions.OMException: Unable to get file status: volume: volume83680 bucket: bucket94599 key: level0/level2/level2/file1
	at org.apache.hadoop.ozone.om.KeyManagerImpl.getOzoneFileStatus(KeyManagerImpl.java:1270) ~[ozone-manager-1.3.0-SNAPSHOT.jar:?]
	at org.apache.hadoop.ozone.om.KeyManagerImpl.getFileStatus(KeyManagerImpl.java:1200) ~[ozone-manager-1.3.0-SNAPSHOT.jar:?]
	at org.apache.hadoop.ozone.om.OzoneManager.getFileStatus(OzoneManager.java:3507) ~[ozone-manager-1.3.0-SNAPSHOT.jar:?]
	at org.apache.hadoop.ozone.protocolPB.OzoneManagerRequestHandler.getOzoneFileStatus(OzoneManagerRequestHandler.java:882) ~[ozone-manager-1.3.0-SNAPSHOT.jar:?]
	at org.apache.hadoop.ozone.protocolPB.OzoneManagerRequestHandler.handleReadRequest(OzoneManagerRequestHandler.java:228) ~[ozone-manager-1.3.0-SNAPSHOT.jar:?]
	at org.apache.hadoop.ozone.protocolPB.OzoneManagerProtocolServerSideTranslatorPB.submitReadRequestToOM(OzoneManagerProtocolServerSideTranslatorPB.java:226) ~[ozone-manager-1.3.0-SNAPSHOT.jar:?]
	at org.apache.hadoop.ozone.protocolPB.OzoneManagerProtocolServerSideTranslatorPB.processRequest(OzoneManagerProtocolServerSideTranslatorPB.java:175) ~[ozone-manager-1.3.0-SNAPSHOT.jar:?]
	at org.apache.hadoop.hdds.server.OzoneProtocolMessageDispatcher.processRequest(OzoneProtocolMessageDispatcher.java:87) [hdds-server-framework-1.3.0-SNAPSHOT.jar:?]
	at org.apache.hadoop.ozone.protocolPB.OzoneManagerProtocolServerSideTranslatorPB.submitRequest(OzoneManagerProtocolServerSideTranslatorPB.java:147) [ozone-manager-1.3.0-SNAPSHOT.jar:?]
	at org.apache.hadoop.ozone.protocol.proto.OzoneManagerProtocolProtos$OzoneManagerService$2.callBlockingMethod(OzoneManagerProtocolProtos.java) [ozone-interface-client-1.3.0-SNAPSHOT.jar:?]
	at org.apache.hadoop.ipc.ProtobufRpcEngine$Server.processCall(ProtobufRpcEngine.java:466) [hadoop-common-3.3.1.jar:?]
	at org.apache.hadoop.ipc.ProtobufRpcEngine2$Server$ProtoBufRpcInvoker.call(ProtobufRpcEngine2.java:574) [hadoop-common-3.3.1.jar:?]
	at org.apache.hadoop.ipc.ProtobufRpcEngine2$Server$ProtoBufRpcInvoker.call(ProtobufRpcEngine2.java:552) [hadoop-common-3.3.1.jar:?]
	at org.apache.hadoop.ipc.RPC$Server.call(RPC.java:1093) [hadoop-common-3.3.1.jar:?]
	at org.apache.hadoop.ipc.Server$RpcCall.run(Server.java:1035) [hadoop-common-3.3.1.jar:?]
	at org.apache.hadoop.ipc.Server$RpcCall.run(Server.java:963) [hadoop-common-3.3.1.jar:?]
	at java.security.AccessController.doPrivileged(Native Method) ~[?:1.8.0_345]
	at javax.security.auth.Subject.doAs(Subject.java:422) [?:1.8.0_345]
	at org.apache.hadoop.security.UserGroupInformation.doAs(UserGroupInformation.java:1878) [hadoop-common-3.3.1.jar:?]
	at org.apache.hadoop.ipc.Server$Handler.run(Server.java:2966) [hadoop-common-3.3.1.jar:?]
2022-10-10 08:40:27,649 [Time-limited test] WARN  ozone.BasicOzoneFileSystem (BasicOzoneFileSystem.java:getFileStatus(765)) - GetFileStatus failed for path /level0/level2/level2/file1
java.io.FileNotFoundException: level0/level2/level2/file1: No such file or directory!
	at org.apache.hadoop.fs.ozone.BasicOzoneClientAdapterImpl.getFileStatus(BasicOzoneClientAdapterImpl.java:369)
	at org.apache.hadoop.fs.ozone.BasicOzoneFileSystem.getFileStatus(BasicOzoneFileSystem.java:757)
	at org.apache.hadoop.fs.ozone.TestOzoneFileSystem.checkPath(TestOzoneFileSystem.java:502)
	at org.apache.hadoop.fs.ozone.TestOzoneFileSystem.testRecursiveDelete(TestOzoneFileSystem.java:496)
	at sun.reflect.NativeMethodAccessorImpl.invoke0(Native Method)
	at sun.reflect.NativeMethodAccessorImpl.invoke(NativeMethodAccessorImpl.java:62)
	at sun.reflect.DelegatingMethodAccessorImpl.invoke(DelegatingMethodAccessorImpl.java:43)
	at java.lang.reflect.Method.invoke(Method.java:498)
	at org.junit.runners.model.FrameworkMethod$1.runReflectiveCall(FrameworkMethod.java:59)
	at org.junit.internal.runners.model.ReflectiveCallable.run(ReflectiveCallable.java:12)
	at org.junit.runners.model.FrameworkMethod.invokeExplosively(FrameworkMethod.java:56)
	at org.junit.internal.runners.statements.InvokeMethod.evaluate(InvokeMethod.java:17)
	at org.junit.internal.runners.statements.RunAfters.evaluate(RunAfters.java:27)
	at org.junit.internal.runners.statements.FailOnTimeout$CallableStatement.call(FailOnTimeout.java:288)
	at org.junit.internal.runners.statements.FailOnTimeout$CallableStatement.call(FailOnTimeout.java:282)
	at java.util.concurrent.FutureTask.run(FutureTask.java:266)
	at java.lang.Thread.run(Thread.java:750)
08:40:27.652 [IPC Server handler 4 on default port 41701] ERROR OMAudit - user=runner | ip=127.0.0.1 | op=GET_FILE_STATUS {volume=volume83680, bucket=bucket94599, key=level0/level3, dataSize=0, replicationConfig=null} | ret=FAILURE
org.apache.hadoop.ozone.om.exceptions.OMException: Unable to get file status: volume: volume83680 bucket: bucket94599 key: level0/level3
	at org.apache.hadoop.ozone.om.KeyManagerImpl.getOzoneFileStatus(KeyManagerImpl.java:1270) ~[ozone-manager-1.3.0-SNAPSHOT.jar:?]
	at org.apache.hadoop.ozone.om.KeyManagerImpl.getFileStatus(KeyManagerImpl.java:1200) ~[ozone-manager-1.3.0-SNAPSHOT.jar:?]
	at org.apache.hadoop.ozone.om.OzoneManager.getFileStatus(OzoneManager.java:3507) ~[ozone-manager-1.3.0-SNAPSHOT.jar:?]
	at org.apache.hadoop.ozone.protocolPB.OzoneManagerRequestHandler.getOzoneFileStatus(OzoneManagerRequestHandler.java:882) ~[ozone-manager-1.3.0-SNAPSHOT.jar:?]
	at org.apache.hadoop.ozone.protocolPB.OzoneManagerRequestHandler.handleReadRequest(OzoneManagerRequestHandler.java:228) ~[ozone-manager-1.3.0-SNAPSHOT.jar:?]
	at org.apache.hadoop.ozone.protocolPB.OzoneManagerProtocolServerSideTranslatorPB.submitReadRequestToOM(OzoneManagerProtocolServerSideTranslatorPB.java:226) ~[ozone-manager-1.3.0-SNAPSHOT.jar:?]
	at org.apache.hadoop.ozone.protocolPB.OzoneManagerProtocolServerSideTranslatorPB.processRequest(OzoneManagerProtocolServerSideTranslatorPB.java:175) ~[ozone-manager-1.3.0-SNAPSHOT.jar:?]
	at org.apache.hadoop.hdds.server.OzoneProtocolMessageDispatcher.processRequest(OzoneProtocolMessageDispatcher.java:87) [hdds-server-framework-1.3.0-SNAPSHOT.jar:?]
	at org.apache.hadoop.ozone.protocolPB.OzoneManagerProtocolServerSideTranslatorPB.submitRequest(OzoneManagerProtocolServerSideTranslatorPB.java:147) [ozone-manager-1.3.0-SNAPSHOT.jar:?]
	at org.apache.hadoop.ozone.protocol.proto.OzoneManagerProtocolProtos$OzoneManagerService$2.callBlockingMethod(OzoneManagerProtocolProtos.java) [ozone-interface-client-1.3.0-SNAPSHOT.jar:?]
	at org.apache.hadoop.ipc.ProtobufRpcEngine$Server.processCall(ProtobufRpcEngine.java:466) [hadoop-common-3.3.1.jar:?]
	at org.apache.hadoop.ipc.ProtobufRpcEngine2$Server$ProtoBufRpcInvoker.call(ProtobufRpcEngine2.java:574) [hadoop-common-3.3.1.jar:?]
	at org.apache.hadoop.ipc.ProtobufRpcEngine2$Server$ProtoBufRpcInvoker.call(ProtobufRpcEngine2.java:552) [hadoop-common-3.3.1.jar:?]
	at org.apache.hadoop.ipc.RPC$Server.call(RPC.java:1093) [hadoop-common-3.3.1.jar:?]
	at org.apache.hadoop.ipc.Server$RpcCall.run(Server.java:1035) [hadoop-common-3.3.1.jar:?]
	at org.apache.hadoop.ipc.Server$RpcCall.run(Server.java:963) [hadoop-common-3.3.1.jar:?]
	at java.security.AccessController.doPrivileged(Native Method) ~[?:1.8.0_345]
	at javax.security.auth.Subject.doAs(Subject.java:422) [?:1.8.0_345]
	at org.apache.hadoop.security.UserGroupInformation.doAs(UserGroupInformation.java:1878) [hadoop-common-3.3.1.jar:?]
	at org.apache.hadoop.ipc.Server$Handler.run(Server.java:2966) [hadoop-common-3.3.1.jar:?]
2022-10-10 08:40:27,654 [Time-limited test] WARN  ozone.BasicOzoneFileSystem (BasicOzoneFileSystem.java:getFileStatus(765)) - GetFileStatus failed for path /level0/level3
java.io.FileNotFoundException: level0/level3: No such file or directory!
	at org.apache.hadoop.fs.ozone.BasicOzoneClientAdapterImpl.getFileStatus(BasicOzoneClientAdapterImpl.java:369)
	at org.apache.hadoop.fs.ozone.BasicOzoneFileSystem.getFileStatus(BasicOzoneFileSystem.java:757)
	at org.apache.hadoop.fs.ozone.TestOzoneFileSystem.checkPath(TestOzoneFileSystem.java:502)
	at org.apache.hadoop.fs.ozone.TestOzoneFileSystem.testRecursiveDelete(TestOzoneFileSystem.java:493)
	at sun.reflect.NativeMethodAccessorImpl.invoke0(Native Method)
	at sun.reflect.NativeMethodAccessorImpl.invoke(NativeMethodAccessorImpl.java:62)
	at sun.reflect.DelegatingMethodAccessorImpl.invoke(DelegatingMethodAccessorImpl.java:43)
	at java.lang.reflect.Method.invoke(Method.java:498)
	at org.junit.runners.model.FrameworkMethod$1.runReflectiveCall(FrameworkMethod.java:59)
	at org.junit.internal.runners.model.ReflectiveCallable.run(ReflectiveCallable.java:12)
	at org.junit.runners.model.FrameworkMethod.invokeExplosively(FrameworkMethod.java:56)
	at org.junit.internal.runners.statements.InvokeMethod.evaluate(InvokeMethod.java:17)
	at org.junit.internal.runners.statements.RunAfters.evaluate(RunAfters.java:27)
	at org.junit.internal.runners.statements.FailOnTimeout$CallableStatement.call(FailOnTimeout.java:288)
	at org.junit.internal.runners.statements.FailOnTimeout$CallableStatement.call(FailOnTimeout.java:282)
	at java.util.concurrent.FutureTask.run(FutureTask.java:266)
	at java.lang.Thread.run(Thread.java:750)
08:40:27.654 [IPC Server handler 15 on default port 41701] ERROR OMAudit - user=runner | ip=127.0.0.1 | op=GET_FILE_STATUS {volume=volume83680, bucket=bucket94599, key=level0/level3/level3, dataSize=0, replicationConfig=null} | ret=FAILURE
org.apache.hadoop.ozone.om.exceptions.OMException: Unable to get file status: volume: volume83680 bucket: bucket94599 key: level0/level3/level3
	at org.apache.hadoop.ozone.om.KeyManagerImpl.getOzoneFileStatus(KeyManagerImpl.java:1270) ~[ozone-manager-1.3.0-SNAPSHOT.jar:?]
	at org.apache.hadoop.ozone.om.KeyManagerImpl.getFileStatus(KeyManagerImpl.java:1200) ~[ozone-manager-1.3.0-SNAPSHOT.jar:?]
	at org.apache.hadoop.ozone.om.OzoneManager.getFileStatus(OzoneManager.java:3507) ~[ozone-manager-1.3.0-SNAPSHOT.jar:?]
	at org.apache.hadoop.ozone.protocolPB.OzoneManagerRequestHandler.getOzoneFileStatus(OzoneManagerRequestHandler.java:882) ~[ozone-manager-1.3.0-SNAPSHOT.jar:?]
	at org.apache.hadoop.ozone.protocolPB.OzoneManagerRequestHandler.handleReadRequest(OzoneManagerRequestHandler.java:228) ~[ozone-manager-1.3.0-SNAPSHOT.jar:?]
	at org.apache.hadoop.ozone.protocolPB.OzoneManagerProtocolServerSideTranslatorPB.submitReadRequestToOM(OzoneManagerProtocolServerSideTranslatorPB.java:226) ~[ozone-manager-1.3.0-SNAPSHOT.jar:?]
	at org.apache.hadoop.ozone.protocolPB.OzoneManagerProtocolServerSideTranslatorPB.processRequest(OzoneManagerProtocolServerSideTranslatorPB.java:175) ~[ozone-manager-1.3.0-SNAPSHOT.jar:?]
	at org.apache.hadoop.hdds.server.OzoneProtocolMessageDispatcher.processRequest(OzoneProtocolMessageDispatcher.java:87) [hdds-server-framework-1.3.0-SNAPSHOT.jar:?]
	at org.apache.hadoop.ozone.protocolPB.OzoneManagerProtocolServerSideTranslatorPB.submitRequest(OzoneManagerProtocolServerSideTranslatorPB.java:147) [ozone-manager-1.3.0-SNAPSHOT.jar:?]
	at org.apache.hadoop.ozone.protocol.proto.OzoneManagerProtocolProtos$OzoneManagerService$2.callBlockingMethod(OzoneManagerProtocolProtos.java) [ozone-interface-client-1.3.0-SNAPSHOT.jar:?]
	at org.apache.hadoop.ipc.ProtobufRpcEngine$Server.processCall(ProtobufRpcEngine.java:466) [hadoop-common-3.3.1.jar:?]
	at org.apache.hadoop.ipc.ProtobufRpcEngine2$Server$ProtoBufRpcInvoker.call(ProtobufRpcEngine2.java:574) [hadoop-common-3.3.1.jar:?]
	at org.apache.hadoop.ipc.ProtobufRpcEngine2$Server$ProtoBufRpcInvoker.call(ProtobufRpcEngine2.java:552) [hadoop-common-3.3.1.jar:?]
	at org.apache.hadoop.ipc.RPC$Server.call(RPC.java:1093) [hadoop-common-3.3.1.jar:?]
	at org.apache.hadoop.ipc.Server$RpcCall.run(Server.java:1035) [hadoop-common-3.3.1.jar:?]
	at org.apache.hadoop.ipc.Server$RpcCall.run(Server.java:963) [hadoop-common-3.3.1.jar:?]
	at java.security.AccessController.doPrivileged(Native Method) ~[?:1.8.0_345]
	at javax.security.auth.Subject.doAs(Subject.java:422) [?:1.8.0_345]
	at org.apache.hadoop.security.UserGroupInformation.doAs(UserGroupInformation.java:1878) [hadoop-common-3.3.1.jar:?]
	at org.apache.hadoop.ipc.Server$Handler.run(Server.java:2966) [hadoop-common-3.3.1.jar:?]
2022-10-10 08:40:27,655 [Time-limited test] WARN  ozone.BasicOzoneFileSystem (BasicOzoneFileSystem.java:getFileStatus(765)) - GetFileStatus failed for path /level0/level3/level3
java.io.FileNotFoundException: level0/level3/level3: No such file or directory!
	at org.apache.hadoop.fs.ozone.BasicOzoneClientAdapterImpl.getFileStatus(BasicOzoneClientAdapterImpl.java:369)
	at org.apache.hadoop.fs.ozone.BasicOzoneFileSystem.getFileStatus(BasicOzoneFileSystem.java:757)
	at org.apache.hadoop.fs.ozone.TestOzoneFileSystem.checkPath(TestOzoneFileSystem.java:502)
	at org.apache.hadoop.fs.ozone.TestOzoneFileSystem.testRecursiveDelete(TestOzoneFileSystem.java:494)
	at sun.reflect.NativeMethodAccessorImpl.invoke0(Native Method)
	at sun.reflect.NativeMethodAccessorImpl.invoke(NativeMethodAccessorImpl.java:62)
	at sun.reflect.DelegatingMethodAccessorImpl.invoke(DelegatingMethodAccessorImpl.java:43)
	at java.lang.reflect.Method.invoke(Method.java:498)
	at org.junit.runners.model.FrameworkMethod$1.runReflectiveCall(FrameworkMethod.java:59)
	at org.junit.internal.runners.model.ReflectiveCallable.run(ReflectiveCallable.java:12)
	at org.junit.runners.model.FrameworkMethod.invokeExplosively(FrameworkMethod.java:56)
	at org.junit.internal.runners.statements.InvokeMethod.evaluate(InvokeMethod.java:17)
	at org.junit.internal.runners.statements.RunAfters.evaluate(RunAfters.java:27)
	at org.junit.internal.runners.statements.FailOnTimeout$CallableStatement.call(FailOnTimeout.java:288)
	at org.junit.internal.runners.statements.FailOnTimeout$CallableStatement.call(FailOnTimeout.java:282)
	at java.util.concurrent.FutureTask.run(FutureTask.java:266)
	at java.lang.Thread.run(Thread.java:750)
08:40:27.659 [IPC Server handler 16 on default port 41701] ERROR OMAudit - user=runner | ip=127.0.0.1 | op=GET_FILE_STATUS {volume=volume83680, bucket=bucket94599, key=level0/level3/file1, dataSize=0, replicationConfig=null} | ret=FAILURE
org.apache.hadoop.ozone.om.exceptions.OMException: Unable to get file status: volume: volume83680 bucket: bucket94599 key: level0/level3/file1
	at org.apache.hadoop.ozone.om.KeyManagerImpl.getOzoneFileStatus(KeyManagerImpl.java:1270) ~[ozone-manager-1.3.0-SNAPSHOT.jar:?]
	at org.apache.hadoop.ozone.om.KeyManagerImpl.getFileStatus(KeyManagerImpl.java:1200) ~[ozone-manager-1.3.0-SNAPSHOT.jar:?]
	at org.apache.hadoop.ozone.om.OzoneManager.getFileStatus(OzoneManager.java:3507) ~[ozone-manager-1.3.0-SNAPSHOT.jar:?]
	at org.apache.hadoop.ozone.protocolPB.OzoneManagerRequestHandler.getOzoneFileStatus(OzoneManagerRequestHandler.java:882) ~[ozone-manager-1.3.0-SNAPSHOT.jar:?]
	at org.apache.hadoop.ozone.protocolPB.OzoneManagerRequestHandler.handleReadRequest(OzoneManagerRequestHandler.java:228) ~[ozone-manager-1.3.0-SNAPSHOT.jar:?]
	at org.apache.hadoop.ozone.protocolPB.OzoneManagerProtocolServerSideTranslatorPB.submitReadRequestToOM(OzoneManagerProtocolServerSideTranslatorPB.java:226) ~[ozone-manager-1.3.0-SNAPSHOT.jar:?]
	at org.apache.hadoop.ozone.protocolPB.OzoneManagerProtocolServerSideTranslatorPB.processRequest(OzoneManagerProtocolServerSideTranslatorPB.java:175) ~[ozone-manager-1.3.0-SNAPSHOT.jar:?]
	at org.apache.hadoop.hdds.server.OzoneProtocolMessageDispatcher.processRequest(OzoneProtocolMessageDispatcher.java:87) [hdds-server-framework-1.3.0-SNAPSHOT.jar:?]
	at org.apache.hadoop.ozone.protocolPB.OzoneManagerProtocolServerSideTranslatorPB.submitRequest(OzoneManagerProtocolServerSideTranslatorPB.java:147) [ozone-manager-1.3.0-SNAPSHOT.jar:?]
	at org.apache.hadoop.ozone.protocol.proto.OzoneManagerProtocolProtos$OzoneManagerService$2.callBlockingMethod(OzoneManagerProtocolProtos.java) [ozone-interface-client-1.3.0-SNAPSHOT.jar:?]
	at org.apache.hadoop.ipc.ProtobufRpcEngine$Server.processCall(ProtobufRpcEngine.java:466) [hadoop-common-3.3.1.jar:?]
	at org.apache.hadoop.ipc.ProtobufRpcEngine2$Server$ProtoBufRpcInvoker.call(ProtobufRpcEngine2.java:574) [hadoop-common-3.3.1.jar:?]
	at org.apache.hadoop.ipc.ProtobufRpcEngine2$Server$ProtoBufRpcInvoker.call(ProtobufRpcEngine2.java:552) [hadoop-common-3.3.1.jar:?]
	at org.apache.hadoop.ipc.RPC$Server.call(RPC.java:1093) [hadoop-common-3.3.1.jar:?]
	at org.apache.hadoop.ipc.Server$RpcCall.run(Server.java:1035) [hadoop-common-3.3.1.jar:?]
	at org.apache.hadoop.ipc.Server$RpcCall.run(Server.java:963) [hadoop-common-3.3.1.jar:?]
	at java.security.AccessController.doPrivileged(Native Method) ~[?:1.8.0_345]
	at javax.security.auth.Subject.doAs(Subject.java:422) [?:1.8.0_345]
	at org.apache.hadoop.security.UserGroupInformation.doAs(UserGroupInformation.java:1878) [hadoop-common-3.3.1.jar:?]
	at org.apache.hadoop.ipc.Server$Handler.run(Server.java:2966) [hadoop-common-3.3.1.jar:?]
2022-10-10 08:40:27,659 [Time-limited test] WARN  ozone.BasicOzoneFileSystem (BasicOzoneFileSystem.java:getFileStatus(765)) - GetFileStatus failed for path /level0/level3/file1
java.io.FileNotFoundException: level0/level3/file1: No such file or directory!
	at org.apache.hadoop.fs.ozone.BasicOzoneClientAdapterImpl.getFileStatus(BasicOzoneClientAdapterImpl.java:369)
	at org.apache.hadoop.fs.ozone.BasicOzoneFileSystem.getFileStatus(BasicOzoneFileSystem.java:757)
	at org.apache.hadoop.fs.ozone.TestOzoneFileSystem.checkPath(TestOzoneFileSystem.java:502)
	at org.apache.hadoop.fs.ozone.TestOzoneFileSystem.testRecursiveDelete(TestOzoneFileSystem.java:495)
	at sun.reflect.NativeMethodAccessorImpl.invoke0(Native Method)
	at sun.reflect.NativeMethodAccessorImpl.invoke(NativeMethodAccessorImpl.java:62)
	at sun.reflect.DelegatingMethodAccessorImpl.invoke(DelegatingMethodAccessorImpl.java:43)
	at java.lang.reflect.Method.invoke(Method.java:498)
	at org.junit.runners.model.FrameworkMethod$1.runReflectiveCall(FrameworkMethod.java:59)
	at org.junit.internal.runners.model.ReflectiveCallable.run(ReflectiveCallable.java:12)
	at org.junit.runners.model.FrameworkMethod.invokeExplosively(FrameworkMethod.java:56)
	at org.junit.internal.runners.statements.InvokeMethod.evaluate(InvokeMethod.java:17)
	at org.junit.internal.runners.statements.RunAfters.evaluate(RunAfters.java:27)
	at org.junit.internal.runners.statements.FailOnTimeout$CallableStatement.call(FailOnTimeout.java:288)
	at org.junit.internal.runners.statements.FailOnTimeout$CallableStatement.call(FailOnTimeout.java:282)
	at java.util.concurrent.FutureTask.run(FutureTask.java:266)
	at java.lang.Thread.run(Thread.java:750)
08:40:27.660 [IPC Server handler 19 on default port 41701] ERROR OMAudit - user=runner | ip=127.0.0.1 | op=GET_FILE_STATUS {volume=volume83680, bucket=bucket94599, key=level0/level3/level3/file1, dataSize=0, replicationConfig=null} | ret=FAILURE
org.apache.hadoop.ozone.om.exceptions.OMException: Unable to get file status: volume: volume83680 bucket: bucket94599 key: level0/level3/level3/file1
	at org.apache.hadoop.ozone.om.KeyManagerImpl.getOzoneFileStatus(KeyManagerImpl.java:1270) ~[ozone-manager-1.3.0-SNAPSHOT.jar:?]
	at org.apache.hadoop.ozone.om.KeyManagerImpl.getFileStatus(KeyManagerImpl.java:1200) ~[ozone-manager-1.3.0-SNAPSHOT.jar:?]
	at org.apache.hadoop.ozone.om.OzoneManager.getFileStatus(OzoneManager.java:3507) ~[ozone-manager-1.3.0-SNAPSHOT.jar:?]
	at org.apache.hadoop.ozone.protocolPB.OzoneManagerRequestHandler.getOzoneFileStatus(OzoneManagerRequestHandler.java:882) ~[ozone-manager-1.3.0-SNAPSHOT.jar:?]
	at org.apache.hadoop.ozone.protocolPB.OzoneManagerRequestHandler.handleReadRequest(OzoneManagerRequestHandler.java:228) ~[ozone-manager-1.3.0-SNAPSHOT.jar:?]
	at org.apache.hadoop.ozone.protocolPB.OzoneManagerProtocolServerSideTranslatorPB.submitReadRequestToOM(OzoneManagerProtocolServerSideTranslatorPB.java:226) ~[ozone-manager-1.3.0-SNAPSHOT.jar:?]
	at org.apache.hadoop.ozone.protocolPB.OzoneManagerProtocolServerSideTranslatorPB.processRequest(OzoneManagerProtocolServerSideTranslatorPB.java:175) ~[ozone-manager-1.3.0-SNAPSHOT.jar:?]
	at org.apache.hadoop.hdds.server.OzoneProtocolMessageDispatcher.processRequest(OzoneProtocolMessageDispatcher.java:87) [hdds-server-framework-1.3.0-SNAPSHOT.jar:?]
	at org.apache.hadoop.ozone.protocolPB.OzoneManagerProtocolServerSideTranslatorPB.submitRequest(OzoneManagerProtocolServerSideTranslatorPB.java:147) [ozone-manager-1.3.0-SNAPSHOT.jar:?]
	at org.apache.hadoop.ozone.protocol.proto.OzoneManagerProtocolProtos$OzoneManagerService$2.callBlockingMethod(OzoneManagerProtocolProtos.java) [ozone-interface-client-1.3.0-SNAPSHOT.jar:?]
	at org.apache.hadoop.ipc.ProtobufRpcEngine$Server.processCall(ProtobufRpcEngine.java:466) [hadoop-common-3.3.1.jar:?]
	at org.apache.hadoop.ipc.ProtobufRpcEngine2$Server$ProtoBufRpcInvoker.call(ProtobufRpcEngine2.java:574) [hadoop-common-3.3.1.jar:?]
	at org.apache.hadoop.ipc.ProtobufRpcEngine2$Server$ProtoBufRpcInvoker.call(ProtobufRpcEngine2.java:552) [hadoop-common-3.3.1.jar:?]
	at org.apache.hadoop.ipc.RPC$Server.call(RPC.java:1093) [hadoop-common-3.3.1.jar:?]
	at org.apache.hadoop.ipc.Server$RpcCall.run(Server.java:1035) [hadoop-common-3.3.1.jar:?]
	at org.apache.hadoop.ipc.Server$RpcCall.run(Server.java:963) [hadoop-common-3.3.1.jar:?]
	at java.security.AccessController.doPrivileged(Native Method) ~[?:1.8.0_345]
	at javax.security.auth.Subject.doAs(Subject.java:422) [?:1.8.0_345]
	at org.apache.hadoop.security.UserGroupInformation.doAs(UserGroupInformation.java:1878) [hadoop-common-3.3.1.jar:?]
	at org.apache.hadoop.ipc.Server$Handler.run(Server.java:2966) [hadoop-common-3.3.1.jar:?]
2022-10-10 08:40:27,661 [Time-limited test] WARN  ozone.BasicOzoneFileSystem (BasicOzoneFileSystem.java:getFileStatus(765)) - GetFileStatus failed for path /level0/level3/level3/file1
java.io.FileNotFoundException: level0/level3/level3/file1: No such file or directory!
	at org.apache.hadoop.fs.ozone.BasicOzoneClientAdapterImpl.getFileStatus(BasicOzoneClientAdapterImpl.java:369)
	at org.apache.hadoop.fs.ozone.BasicOzoneFileSystem.getFileStatus(BasicOzoneFileSystem.java:757)
	at org.apache.hadoop.fs.ozone.TestOzoneFileSystem.checkPath(TestOzoneFileSystem.java:502)
	at org.apache.hadoop.fs.ozone.TestOzoneFileSystem.testRecursiveDelete(TestOzoneFileSystem.java:496)
	at sun.reflect.NativeMethodAccessorImpl.invoke0(Native Method)
	at sun.reflect.NativeMethodAccessorImpl.invoke(NativeMethodAccessorImpl.java:62)
	at sun.reflect.DelegatingMethodAccessorImpl.invoke(DelegatingMethodAccessorImpl.java:43)
	at java.lang.reflect.Method.invoke(Method.java:498)
	at org.junit.runners.model.FrameworkMethod$1.runReflectiveCall(FrameworkMethod.java:59)
	at org.junit.internal.runners.model.ReflectiveCallable.run(ReflectiveCallable.java:12)
	at org.junit.runners.model.FrameworkMethod.invokeExplosively(FrameworkMethod.java:56)
	at org.junit.internal.runners.statements.InvokeMethod.evaluate(InvokeMethod.java:17)
	at org.junit.internal.runners.statements.RunAfters.evaluate(RunAfters.java:27)
	at org.junit.internal.runners.statements.FailOnTimeout$CallableStatement.call(FailOnTimeout.java:288)
	at org.junit.internal.runners.statements.FailOnTimeout$CallableStatement.call(FailOnTimeout.java:282)
	at java.util.concurrent.FutureTask.run(FutureTask.java:266)
	at java.lang.Thread.run(Thread.java:750)
]]></system-out>
  </testcase>
  <testcase name="testRecursiveDelete" classname="TestOzoneFileSystem" time="0.305">
    <system-out><![CDATA[08:42:32.720 [IPC Server handler 14 on default port 37485] ERROR OMAudit - user=runner | ip=127.0.0.1 | op=GET_FILE_STATUS {volume=volume23299, bucket=bucket63939, key=gdir1, dataSize=0, replicationConfig=null} | ret=FAILURE
org.apache.hadoop.ozone.om.exceptions.OMException: Unable to get file status: volume: volume23299 bucket: bucket63939 key: gdir1
	at org.apache.hadoop.ozone.om.KeyManagerImpl.getOzoneFileStatus(KeyManagerImpl.java:1270) ~[ozone-manager-1.3.0-SNAPSHOT.jar:?]
	at org.apache.hadoop.ozone.om.KeyManagerImpl.getFileStatus(KeyManagerImpl.java:1200) ~[ozone-manager-1.3.0-SNAPSHOT.jar:?]
	at org.apache.hadoop.ozone.om.OzoneManager.getFileStatus(OzoneManager.java:3507) ~[ozone-manager-1.3.0-SNAPSHOT.jar:?]
	at org.apache.hadoop.ozone.protocolPB.OzoneManagerRequestHandler.getOzoneFileStatus(OzoneManagerRequestHandler.java:882) ~[ozone-manager-1.3.0-SNAPSHOT.jar:?]
	at org.apache.hadoop.ozone.protocolPB.OzoneManagerRequestHandler.handleReadRequest(OzoneManagerRequestHandler.java:228) ~[ozone-manager-1.3.0-SNAPSHOT.jar:?]
	at org.apache.hadoop.ozone.protocolPB.OzoneManagerProtocolServerSideTranslatorPB.submitRequestDirectlyToOM(OzoneManagerProtocolServerSideTranslatorPB.java:276) ~[ozone-manager-1.3.0-SNAPSHOT.jar:?]
	at org.apache.hadoop.ozone.protocolPB.OzoneManagerProtocolServerSideTranslatorPB.processRequest(OzoneManagerProtocolServerSideTranslatorPB.java:205) ~[ozone-manager-1.3.0-SNAPSHOT.jar:?]
	at org.apache.hadoop.hdds.server.OzoneProtocolMessageDispatcher.processRequest(OzoneProtocolMessageDispatcher.java:87) [hdds-server-framework-1.3.0-SNAPSHOT.jar:?]
	at org.apache.hadoop.ozone.protocolPB.OzoneManagerProtocolServerSideTranslatorPB.submitRequest(OzoneManagerProtocolServerSideTranslatorPB.java:147) [ozone-manager-1.3.0-SNAPSHOT.jar:?]
	at org.apache.hadoop.ozone.protocol.proto.OzoneManagerProtocolProtos$OzoneManagerService$2.callBlockingMethod(OzoneManagerProtocolProtos.java) [ozone-interface-client-1.3.0-SNAPSHOT.jar:?]
	at org.apache.hadoop.ipc.ProtobufRpcEngine$Server.processCall(ProtobufRpcEngine.java:466) [hadoop-common-3.3.1.jar:?]
	at org.apache.hadoop.ipc.ProtobufRpcEngine2$Server$ProtoBufRpcInvoker.call(ProtobufRpcEngine2.java:574) [hadoop-common-3.3.1.jar:?]
	at org.apache.hadoop.ipc.ProtobufRpcEngine2$Server$ProtoBufRpcInvoker.call(ProtobufRpcEngine2.java:552) [hadoop-common-3.3.1.jar:?]
	at org.apache.hadoop.ipc.RPC$Server.call(RPC.java:1093) [hadoop-common-3.3.1.jar:?]
	at org.apache.hadoop.ipc.Server$RpcCall.run(Server.java:1035) [hadoop-common-3.3.1.jar:?]
	at org.apache.hadoop.ipc.Server$RpcCall.run(Server.java:963) [hadoop-common-3.3.1.jar:?]
	at java.security.AccessController.doPrivileged(Native Method) ~[?:1.8.0_345]
	at javax.security.auth.Subject.doAs(Subject.java:422) [?:1.8.0_345]
	at org.apache.hadoop.security.UserGroupInformation.doAs(UserGroupInformation.java:1878) [hadoop-common-3.3.1.jar:?]
	at org.apache.hadoop.ipc.Server$Handler.run(Server.java:2966) [hadoop-common-3.3.1.jar:?]
2022-10-10 08:42:32,720 [Time-limited test] WARN  ozone.BasicOzoneFileSystem (BasicOzoneFileSystem.java:getFileStatus(765)) - GetFileStatus failed for path /gdir1
java.io.FileNotFoundException: gdir1: No such file or directory!
	at org.apache.hadoop.fs.ozone.BasicOzoneClientAdapterImpl.getFileStatus(BasicOzoneClientAdapterImpl.java:369)
	at org.apache.hadoop.fs.ozone.BasicOzoneFileSystem.getFileStatus(BasicOzoneFileSystem.java:757)
	at org.apache.hadoop.fs.ozone.TestOzoneFileSystem.checkPath(TestOzoneFileSystem.java:502)
	at org.apache.hadoop.fs.ozone.TestOzoneFileSystem.testRecursiveDelete(TestOzoneFileSystem.java:452)
	at sun.reflect.NativeMethodAccessorImpl.invoke0(Native Method)
	at sun.reflect.NativeMethodAccessorImpl.invoke(NativeMethodAccessorImpl.java:62)
	at sun.reflect.DelegatingMethodAccessorImpl.invoke(DelegatingMethodAccessorImpl.java:43)
	at java.lang.reflect.Method.invoke(Method.java:498)
	at org.junit.runners.model.FrameworkMethod$1.runReflectiveCall(FrameworkMethod.java:59)
	at org.junit.internal.runners.model.ReflectiveCallable.run(ReflectiveCallable.java:12)
	at org.junit.runners.model.FrameworkMethod.invokeExplosively(FrameworkMethod.java:56)
	at org.junit.internal.runners.statements.InvokeMethod.evaluate(InvokeMethod.java:17)
	at org.junit.internal.runners.statements.RunAfters.evaluate(RunAfters.java:27)
	at org.junit.internal.runners.statements.FailOnTimeout$CallableStatement.call(FailOnTimeout.java:288)
	at org.junit.internal.runners.statements.FailOnTimeout$CallableStatement.call(FailOnTimeout.java:282)
	at java.util.concurrent.FutureTask.run(FutureTask.java:266)
	at java.lang.Thread.run(Thread.java:750)
08:42:32.721 [IPC Server handler 9 on default port 37485] ERROR OMAudit - user=runner | ip=127.0.0.1 | op=GET_FILE_STATUS {volume=volume23299, bucket=bucket63939, key=gdir1/dir1, dataSize=0, replicationConfig=null} | ret=FAILURE
org.apache.hadoop.ozone.om.exceptions.OMException: Unable to get file status: volume: volume23299 bucket: bucket63939 key: gdir1/dir1
	at org.apache.hadoop.ozone.om.KeyManagerImpl.getOzoneFileStatus(KeyManagerImpl.java:1270) ~[ozone-manager-1.3.0-SNAPSHOT.jar:?]
	at org.apache.hadoop.ozone.om.KeyManagerImpl.getFileStatus(KeyManagerImpl.java:1200) ~[ozone-manager-1.3.0-SNAPSHOT.jar:?]
	at org.apache.hadoop.ozone.om.OzoneManager.getFileStatus(OzoneManager.java:3507) ~[ozone-manager-1.3.0-SNAPSHOT.jar:?]
	at org.apache.hadoop.ozone.protocolPB.OzoneManagerRequestHandler.getOzoneFileStatus(OzoneManagerRequestHandler.java:882) ~[ozone-manager-1.3.0-SNAPSHOT.jar:?]
	at org.apache.hadoop.ozone.protocolPB.OzoneManagerRequestHandler.handleReadRequest(OzoneManagerRequestHandler.java:228) ~[ozone-manager-1.3.0-SNAPSHOT.jar:?]
	at org.apache.hadoop.ozone.protocolPB.OzoneManagerProtocolServerSideTranslatorPB.submitRequestDirectlyToOM(OzoneManagerProtocolServerSideTranslatorPB.java:276) ~[ozone-manager-1.3.0-SNAPSHOT.jar:?]
	at org.apache.hadoop.ozone.protocolPB.OzoneManagerProtocolServerSideTranslatorPB.processRequest(OzoneManagerProtocolServerSideTranslatorPB.java:205) ~[ozone-manager-1.3.0-SNAPSHOT.jar:?]
	at org.apache.hadoop.hdds.server.OzoneProtocolMessageDispatcher.processRequest(OzoneProtocolMessageDispatcher.java:87) [hdds-server-framework-1.3.0-SNAPSHOT.jar:?]
	at org.apache.hadoop.ozone.protocolPB.OzoneManagerProtocolServerSideTranslatorPB.submitRequest(OzoneManagerProtocolServerSideTranslatorPB.java:147) [ozone-manager-1.3.0-SNAPSHOT.jar:?]
	at org.apache.hadoop.ozone.protocol.proto.OzoneManagerProtocolProtos$OzoneManagerService$2.callBlockingMethod(OzoneManagerProtocolProtos.java) [ozone-interface-client-1.3.0-SNAPSHOT.jar:?]
	at org.apache.hadoop.ipc.ProtobufRpcEngine$Server.processCall(ProtobufRpcEngine.java:466) [hadoop-common-3.3.1.jar:?]
	at org.apache.hadoop.ipc.ProtobufRpcEngine2$Server$ProtoBufRpcInvoker.call(ProtobufRpcEngine2.java:574) [hadoop-common-3.3.1.jar:?]
	at org.apache.hadoop.ipc.ProtobufRpcEngine2$Server$ProtoBufRpcInvoker.call(ProtobufRpcEngine2.java:552) [hadoop-common-3.3.1.jar:?]
	at org.apache.hadoop.ipc.RPC$Server.call(RPC.java:1093) [hadoop-common-3.3.1.jar:?]
	at org.apache.hadoop.ipc.Server$RpcCall.run(Server.java:1035) [hadoop-common-3.3.1.jar:?]
	at org.apache.hadoop.ipc.Server$RpcCall.run(Server.java:963) [hadoop-common-3.3.1.jar:?]
	at java.security.AccessController.doPrivileged(Native Method) ~[?:1.8.0_345]
	at javax.security.auth.Subject.doAs(Subject.java:422) [?:1.8.0_345]
	at org.apache.hadoop.security.UserGroupInformation.doAs(UserGroupInformation.java:1878) [hadoop-common-3.3.1.jar:?]
	at org.apache.hadoop.ipc.Server$Handler.run(Server.java:2966) [hadoop-common-3.3.1.jar:?]
2022-10-10 08:42:32,721 [Time-limited test] WARN  ozone.BasicOzoneFileSystem (BasicOzoneFileSystem.java:getFileStatus(765)) - GetFileStatus failed for path /gdir1/dir1
java.io.FileNotFoundException: gdir1/dir1: No such file or directory!
	at org.apache.hadoop.fs.ozone.BasicOzoneClientAdapterImpl.getFileStatus(BasicOzoneClientAdapterImpl.java:369)
	at org.apache.hadoop.fs.ozone.BasicOzoneFileSystem.getFileStatus(BasicOzoneFileSystem.java:757)
	at org.apache.hadoop.fs.ozone.TestOzoneFileSystem.checkPath(TestOzoneFileSystem.java:502)
	at org.apache.hadoop.fs.ozone.TestOzoneFileSystem.testRecursiveDelete(TestOzoneFileSystem.java:457)
	at sun.reflect.NativeMethodAccessorImpl.invoke0(Native Method)
	at sun.reflect.NativeMethodAccessorImpl.invoke(NativeMethodAccessorImpl.java:62)
	at sun.reflect.DelegatingMethodAccessorImpl.invoke(DelegatingMethodAccessorImpl.java:43)
	at java.lang.reflect.Method.invoke(Method.java:498)
	at org.junit.runners.model.FrameworkMethod$1.runReflectiveCall(FrameworkMethod.java:59)
	at org.junit.internal.runners.model.ReflectiveCallable.run(ReflectiveCallable.java:12)
	at org.junit.runners.model.FrameworkMethod.invokeExplosively(FrameworkMethod.java:56)
	at org.junit.internal.runners.statements.InvokeMethod.evaluate(InvokeMethod.java:17)
	at org.junit.internal.runners.statements.RunAfters.evaluate(RunAfters.java:27)
	at org.junit.internal.runners.statements.FailOnTimeout$CallableStatement.call(FailOnTimeout.java:288)
	at org.junit.internal.runners.statements.FailOnTimeout$CallableStatement.call(FailOnTimeout.java:282)
	at java.util.concurrent.FutureTask.run(FutureTask.java:266)
	at java.lang.Thread.run(Thread.java:750)
08:42:32.722 [IPC Server handler 3 on default port 37485] ERROR OMAudit - user=runner | ip=127.0.0.1 | op=GET_FILE_STATUS {volume=volume23299, bucket=bucket63939, key=gdir1/dir1/child, dataSize=0, replicationConfig=null} | ret=FAILURE
org.apache.hadoop.ozone.om.exceptions.OMException: Unable to get file status: volume: volume23299 bucket: bucket63939 key: gdir1/dir1/child
	at org.apache.hadoop.ozone.om.KeyManagerImpl.getOzoneFileStatus(KeyManagerImpl.java:1270) ~[ozone-manager-1.3.0-SNAPSHOT.jar:?]
	at org.apache.hadoop.ozone.om.KeyManagerImpl.getFileStatus(KeyManagerImpl.java:1200) ~[ozone-manager-1.3.0-SNAPSHOT.jar:?]
	at org.apache.hadoop.ozone.om.OzoneManager.getFileStatus(OzoneManager.java:3507) ~[ozone-manager-1.3.0-SNAPSHOT.jar:?]
	at org.apache.hadoop.ozone.protocolPB.OzoneManagerRequestHandler.getOzoneFileStatus(OzoneManagerRequestHandler.java:882) ~[ozone-manager-1.3.0-SNAPSHOT.jar:?]
	at org.apache.hadoop.ozone.protocolPB.OzoneManagerRequestHandler.handleReadRequest(OzoneManagerRequestHandler.java:228) ~[ozone-manager-1.3.0-SNAPSHOT.jar:?]
	at org.apache.hadoop.ozone.protocolPB.OzoneManagerProtocolServerSideTranslatorPB.submitRequestDirectlyToOM(OzoneManagerProtocolServerSideTranslatorPB.java:276) ~[ozone-manager-1.3.0-SNAPSHOT.jar:?]
	at org.apache.hadoop.ozone.protocolPB.OzoneManagerProtocolServerSideTranslatorPB.processRequest(OzoneManagerProtocolServerSideTranslatorPB.java:205) ~[ozone-manager-1.3.0-SNAPSHOT.jar:?]
	at org.apache.hadoop.hdds.server.OzoneProtocolMessageDispatcher.processRequest(OzoneProtocolMessageDispatcher.java:87) [hdds-server-framework-1.3.0-SNAPSHOT.jar:?]
	at org.apache.hadoop.ozone.protocolPB.OzoneManagerProtocolServerSideTranslatorPB.submitRequest(OzoneManagerProtocolServerSideTranslatorPB.java:147) [ozone-manager-1.3.0-SNAPSHOT.jar:?]
	at org.apache.hadoop.ozone.protocol.proto.OzoneManagerProtocolProtos$OzoneManagerService$2.callBlockingMethod(OzoneManagerProtocolProtos.java) [ozone-interface-client-1.3.0-SNAPSHOT.jar:?]
	at org.apache.hadoop.ipc.ProtobufRpcEngine$Server.processCall(ProtobufRpcEngine.java:466) [hadoop-common-3.3.1.jar:?]
	at org.apache.hadoop.ipc.ProtobufRpcEngine2$Server$ProtoBufRpcInvoker.call(ProtobufRpcEngine2.java:574) [hadoop-common-3.3.1.jar:?]
	at org.apache.hadoop.ipc.ProtobufRpcEngine2$Server$ProtoBufRpcInvoker.call(ProtobufRpcEngine2.java:552) [hadoop-common-3.3.1.jar:?]
	at org.apache.hadoop.ipc.RPC$Server.call(RPC.java:1093) [hadoop-common-3.3.1.jar:?]
	at org.apache.hadoop.ipc.Server$RpcCall.run(Server.java:1035) [hadoop-common-3.3.1.jar:?]
	at org.apache.hadoop.ipc.Server$RpcCall.run(Server.java:963) [hadoop-common-3.3.1.jar:?]
	at java.security.AccessController.doPrivileged(Native Method) ~[?:1.8.0_345]
	at javax.security.auth.Subject.doAs(Subject.java:422) [?:1.8.0_345]
	at org.apache.hadoop.security.UserGroupInformation.doAs(UserGroupInformation.java:1878) [hadoop-common-3.3.1.jar:?]
	at org.apache.hadoop.ipc.Server$Handler.run(Server.java:2966) [hadoop-common-3.3.1.jar:?]
2022-10-10 08:42:32,723 [Time-limited test] WARN  ozone.BasicOzoneFileSystem (BasicOzoneFileSystem.java:getFileStatus(765)) - GetFileStatus failed for path /gdir1/dir1/child
java.io.FileNotFoundException: gdir1/dir1/child: No such file or directory!
	at org.apache.hadoop.fs.ozone.BasicOzoneClientAdapterImpl.getFileStatus(BasicOzoneClientAdapterImpl.java:369)
	at org.apache.hadoop.fs.ozone.BasicOzoneFileSystem.getFileStatus(BasicOzoneFileSystem.java:757)
	at org.apache.hadoop.fs.ozone.TestOzoneFileSystem.checkPath(TestOzoneFileSystem.java:502)
	at org.apache.hadoop.fs.ozone.TestOzoneFileSystem.testRecursiveDelete(TestOzoneFileSystem.java:458)
	at sun.reflect.NativeMethodAccessorImpl.invoke0(Native Method)
	at sun.reflect.NativeMethodAccessorImpl.invoke(NativeMethodAccessorImpl.java:62)
	at sun.reflect.DelegatingMethodAccessorImpl.invoke(DelegatingMethodAccessorImpl.java:43)
	at java.lang.reflect.Method.invoke(Method.java:498)
	at org.junit.runners.model.FrameworkMethod$1.runReflectiveCall(FrameworkMethod.java:59)
	at org.junit.internal.runners.model.ReflectiveCallable.run(ReflectiveCallable.java:12)
	at org.junit.runners.model.FrameworkMethod.invokeExplosively(FrameworkMethod.java:56)
	at org.junit.internal.runners.statements.InvokeMethod.evaluate(InvokeMethod.java:17)
	at org.junit.internal.runners.statements.RunAfters.evaluate(RunAfters.java:27)
	at org.junit.internal.runners.statements.FailOnTimeout$CallableStatement.call(FailOnTimeout.java:288)
	at org.junit.internal.runners.statements.FailOnTimeout$CallableStatement.call(FailOnTimeout.java:282)
	at java.util.concurrent.FutureTask.run(FutureTask.java:266)
	at java.lang.Thread.run(Thread.java:750)
08:42:32.724 [IPC Server handler 11 on default port 37485] ERROR OMAudit - user=runner | ip=127.0.0.1 | op=GET_FILE_STATUS {volume=volume23299, bucket=bucket63939, key=gdir1/dir2, dataSize=0, replicationConfig=null} | ret=FAILURE
org.apache.hadoop.ozone.om.exceptions.OMException: Unable to get file status: volume: volume23299 bucket: bucket63939 key: gdir1/dir2
	at org.apache.hadoop.ozone.om.KeyManagerImpl.getOzoneFileStatus(KeyManagerImpl.java:1270) ~[ozone-manager-1.3.0-SNAPSHOT.jar:?]
	at org.apache.hadoop.ozone.om.KeyManagerImpl.getFileStatus(KeyManagerImpl.java:1200) ~[ozone-manager-1.3.0-SNAPSHOT.jar:?]
	at org.apache.hadoop.ozone.om.OzoneManager.getFileStatus(OzoneManager.java:3507) ~[ozone-manager-1.3.0-SNAPSHOT.jar:?]
	at org.apache.hadoop.ozone.protocolPB.OzoneManagerRequestHandler.getOzoneFileStatus(OzoneManagerRequestHandler.java:882) ~[ozone-manager-1.3.0-SNAPSHOT.jar:?]
	at org.apache.hadoop.ozone.protocolPB.OzoneManagerRequestHandler.handleReadRequest(OzoneManagerRequestHandler.java:228) ~[ozone-manager-1.3.0-SNAPSHOT.jar:?]
	at org.apache.hadoop.ozone.protocolPB.OzoneManagerProtocolServerSideTranslatorPB.submitRequestDirectlyToOM(OzoneManagerProtocolServerSideTranslatorPB.java:276) ~[ozone-manager-1.3.0-SNAPSHOT.jar:?]
	at org.apache.hadoop.ozone.protocolPB.OzoneManagerProtocolServerSideTranslatorPB.processRequest(OzoneManagerProtocolServerSideTranslatorPB.java:205) ~[ozone-manager-1.3.0-SNAPSHOT.jar:?]
	at org.apache.hadoop.hdds.server.OzoneProtocolMessageDispatcher.processRequest(OzoneProtocolMessageDispatcher.java:87) [hdds-server-framework-1.3.0-SNAPSHOT.jar:?]
	at org.apache.hadoop.ozone.protocolPB.OzoneManagerProtocolServerSideTranslatorPB.submitRequest(OzoneManagerProtocolServerSideTranslatorPB.java:147) [ozone-manager-1.3.0-SNAPSHOT.jar:?]
	at org.apache.hadoop.ozone.protocol.proto.OzoneManagerProtocolProtos$OzoneManagerService$2.callBlockingMethod(OzoneManagerProtocolProtos.java) [ozone-interface-client-1.3.0-SNAPSHOT.jar:?]
	at org.apache.hadoop.ipc.ProtobufRpcEngine$Server.processCall(ProtobufRpcEngine.java:466) [hadoop-common-3.3.1.jar:?]
	at org.apache.hadoop.ipc.ProtobufRpcEngine2$Server$ProtoBufRpcInvoker.call(ProtobufRpcEngine2.java:574) [hadoop-common-3.3.1.jar:?]
	at org.apache.hadoop.ipc.ProtobufRpcEngine2$Server$ProtoBufRpcInvoker.call(ProtobufRpcEngine2.java:552) [hadoop-common-3.3.1.jar:?]
	at org.apache.hadoop.ipc.RPC$Server.call(RPC.java:1093) [hadoop-common-3.3.1.jar:?]
	at org.apache.hadoop.ipc.Server$RpcCall.run(Server.java:1035) [hadoop-common-3.3.1.jar:?]
	at org.apache.hadoop.ipc.Server$RpcCall.run(Server.java:963) [hadoop-common-3.3.1.jar:?]
	at java.security.AccessController.doPrivileged(Native Method) ~[?:1.8.0_345]
	at javax.security.auth.Subject.doAs(Subject.java:422) [?:1.8.0_345]
	at org.apache.hadoop.security.UserGroupInformation.doAs(UserGroupInformation.java:1878) [hadoop-common-3.3.1.jar:?]
	at org.apache.hadoop.ipc.Server$Handler.run(Server.java:2966) [hadoop-common-3.3.1.jar:?]
2022-10-10 08:42:32,724 [Time-limited test] WARN  ozone.BasicOzoneFileSystem (BasicOzoneFileSystem.java:getFileStatus(765)) - GetFileStatus failed for path /gdir1/dir2
java.io.FileNotFoundException: gdir1/dir2: No such file or directory!
	at org.apache.hadoop.fs.ozone.BasicOzoneClientAdapterImpl.getFileStatus(BasicOzoneClientAdapterImpl.java:369)
	at org.apache.hadoop.fs.ozone.BasicOzoneFileSystem.getFileStatus(BasicOzoneFileSystem.java:757)
	at org.apache.hadoop.fs.ozone.TestOzoneFileSystem.checkPath(TestOzoneFileSystem.java:502)
	at org.apache.hadoop.fs.ozone.TestOzoneFileSystem.testRecursiveDelete(TestOzoneFileSystem.java:457)
	at sun.reflect.NativeMethodAccessorImpl.invoke0(Native Method)
	at sun.reflect.NativeMethodAccessorImpl.invoke(NativeMethodAccessorImpl.java:62)
	at sun.reflect.DelegatingMethodAccessorImpl.invoke(DelegatingMethodAccessorImpl.java:43)
	at java.lang.reflect.Method.invoke(Method.java:498)
	at org.junit.runners.model.FrameworkMethod$1.runReflectiveCall(FrameworkMethod.java:59)
	at org.junit.internal.runners.model.ReflectiveCallable.run(ReflectiveCallable.java:12)
	at org.junit.runners.model.FrameworkMethod.invokeExplosively(FrameworkMethod.java:56)
	at org.junit.internal.runners.statements.InvokeMethod.evaluate(InvokeMethod.java:17)
	at org.junit.internal.runners.statements.RunAfters.evaluate(RunAfters.java:27)
	at org.junit.internal.runners.statements.FailOnTimeout$CallableStatement.call(FailOnTimeout.java:288)
	at org.junit.internal.runners.statements.FailOnTimeout$CallableStatement.call(FailOnTimeout.java:282)
	at java.util.concurrent.FutureTask.run(FutureTask.java:266)
	at java.lang.Thread.run(Thread.java:750)
08:42:32.725 [IPC Server handler 10 on default port 37485] ERROR OMAudit - user=runner | ip=127.0.0.1 | op=GET_FILE_STATUS {volume=volume23299, bucket=bucket63939, key=gdir1/dir2/child, dataSize=0, replicationConfig=null} | ret=FAILURE
org.apache.hadoop.ozone.om.exceptions.OMException: Unable to get file status: volume: volume23299 bucket: bucket63939 key: gdir1/dir2/child
	at org.apache.hadoop.ozone.om.KeyManagerImpl.getOzoneFileStatus(KeyManagerImpl.java:1270) ~[ozone-manager-1.3.0-SNAPSHOT.jar:?]
	at org.apache.hadoop.ozone.om.KeyManagerImpl.getFileStatus(KeyManagerImpl.java:1200) ~[ozone-manager-1.3.0-SNAPSHOT.jar:?]
	at org.apache.hadoop.ozone.om.OzoneManager.getFileStatus(OzoneManager.java:3507) ~[ozone-manager-1.3.0-SNAPSHOT.jar:?]
	at org.apache.hadoop.ozone.protocolPB.OzoneManagerRequestHandler.getOzoneFileStatus(OzoneManagerRequestHandler.java:882) ~[ozone-manager-1.3.0-SNAPSHOT.jar:?]
	at org.apache.hadoop.ozone.protocolPB.OzoneManagerRequestHandler.handleReadRequest(OzoneManagerRequestHandler.java:228) ~[ozone-manager-1.3.0-SNAPSHOT.jar:?]
	at org.apache.hadoop.ozone.protocolPB.OzoneManagerProtocolServerSideTranslatorPB.submitRequestDirectlyToOM(OzoneManagerProtocolServerSideTranslatorPB.java:276) ~[ozone-manager-1.3.0-SNAPSHOT.jar:?]
	at org.apache.hadoop.ozone.protocolPB.OzoneManagerProtocolServerSideTranslatorPB.processRequest(OzoneManagerProtocolServerSideTranslatorPB.java:205) ~[ozone-manager-1.3.0-SNAPSHOT.jar:?]
	at org.apache.hadoop.hdds.server.OzoneProtocolMessageDispatcher.processRequest(OzoneProtocolMessageDispatcher.java:87) [hdds-server-framework-1.3.0-SNAPSHOT.jar:?]
	at org.apache.hadoop.ozone.protocolPB.OzoneManagerProtocolServerSideTranslatorPB.submitRequest(OzoneManagerProtocolServerSideTranslatorPB.java:147) [ozone-manager-1.3.0-SNAPSHOT.jar:?]
	at org.apache.hadoop.ozone.protocol.proto.OzoneManagerProtocolProtos$OzoneManagerService$2.callBlockingMethod(OzoneManagerProtocolProtos.java) [ozone-interface-client-1.3.0-SNAPSHOT.jar:?]
	at org.apache.hadoop.ipc.ProtobufRpcEngine$Server.processCall(ProtobufRpcEngine.java:466) [hadoop-common-3.3.1.jar:?]
	at org.apache.hadoop.ipc.ProtobufRpcEngine2$Server$ProtoBufRpcInvoker.call(ProtobufRpcEngine2.java:574) [hadoop-common-3.3.1.jar:?]
	at org.apache.hadoop.ipc.ProtobufRpcEngine2$Server$ProtoBufRpcInvoker.call(ProtobufRpcEngine2.java:552) [hadoop-common-3.3.1.jar:?]
	at org.apache.hadoop.ipc.RPC$Server.call(RPC.java:1093) [hadoop-common-3.3.1.jar:?]
	at org.apache.hadoop.ipc.Server$RpcCall.run(Server.java:1035) [hadoop-common-3.3.1.jar:?]
	at org.apache.hadoop.ipc.Server$RpcCall.run(Server.java:963) [hadoop-common-3.3.1.jar:?]
	at java.security.AccessController.doPrivileged(Native Method) ~[?:1.8.0_345]
	at javax.security.auth.Subject.doAs(Subject.java:422) [?:1.8.0_345]
	at org.apache.hadoop.security.UserGroupInformation.doAs(UserGroupInformation.java:1878) [hadoop-common-3.3.1.jar:?]
	at org.apache.hadoop.ipc.Server$Handler.run(Server.java:2966) [hadoop-common-3.3.1.jar:?]
2022-10-10 08:42:32,728 [Time-limited test] WARN  ozone.BasicOzoneFileSystem (BasicOzoneFileSystem.java:getFileStatus(765)) - GetFileStatus failed for path /gdir1/dir2/child
java.io.FileNotFoundException: gdir1/dir2/child: No such file or directory!
	at org.apache.hadoop.fs.ozone.BasicOzoneClientAdapterImpl.getFileStatus(BasicOzoneClientAdapterImpl.java:369)
	at org.apache.hadoop.fs.ozone.BasicOzoneFileSystem.getFileStatus(BasicOzoneFileSystem.java:757)
	at org.apache.hadoop.fs.ozone.TestOzoneFileSystem.checkPath(TestOzoneFileSystem.java:502)
	at org.apache.hadoop.fs.ozone.TestOzoneFileSystem.testRecursiveDelete(TestOzoneFileSystem.java:458)
	at sun.reflect.NativeMethodAccessorImpl.invoke0(Native Method)
	at sun.reflect.NativeMethodAccessorImpl.invoke(NativeMethodAccessorImpl.java:62)
	at sun.reflect.DelegatingMethodAccessorImpl.invoke(DelegatingMethodAccessorImpl.java:43)
	at java.lang.reflect.Method.invoke(Method.java:498)
	at org.junit.runners.model.FrameworkMethod$1.runReflectiveCall(FrameworkMethod.java:59)
	at org.junit.internal.runners.model.ReflectiveCallable.run(ReflectiveCallable.java:12)
	at org.junit.runners.model.FrameworkMethod.invokeExplosively(FrameworkMethod.java:56)
	at org.junit.internal.runners.statements.InvokeMethod.evaluate(InvokeMethod.java:17)
	at org.junit.internal.runners.statements.RunAfters.evaluate(RunAfters.java:27)
	at org.junit.internal.runners.statements.FailOnTimeout$CallableStatement.call(FailOnTimeout.java:288)
	at org.junit.internal.runners.statements.FailOnTimeout$CallableStatement.call(FailOnTimeout.java:282)
	at java.util.concurrent.FutureTask.run(FutureTask.java:266)
	at java.lang.Thread.run(Thread.java:750)
08:42:32.728 [IPC Server handler 5 on default port 37485] ERROR OMAudit - user=runner | ip=127.0.0.1 | op=GET_FILE_STATUS {volume=volume23299, bucket=bucket63939, key=gdir1/dir3, dataSize=0, replicationConfig=null} | ret=FAILURE
org.apache.hadoop.ozone.om.exceptions.OMException: Unable to get file status: volume: volume23299 bucket: bucket63939 key: gdir1/dir3
	at org.apache.hadoop.ozone.om.KeyManagerImpl.getOzoneFileStatus(KeyManagerImpl.java:1270) ~[ozone-manager-1.3.0-SNAPSHOT.jar:?]
	at org.apache.hadoop.ozone.om.KeyManagerImpl.getFileStatus(KeyManagerImpl.java:1200) ~[ozone-manager-1.3.0-SNAPSHOT.jar:?]
	at org.apache.hadoop.ozone.om.OzoneManager.getFileStatus(OzoneManager.java:3507) ~[ozone-manager-1.3.0-SNAPSHOT.jar:?]
	at org.apache.hadoop.ozone.protocolPB.OzoneManagerRequestHandler.getOzoneFileStatus(OzoneManagerRequestHandler.java:882) ~[ozone-manager-1.3.0-SNAPSHOT.jar:?]
	at org.apache.hadoop.ozone.protocolPB.OzoneManagerRequestHandler.handleReadRequest(OzoneManagerRequestHandler.java:228) ~[ozone-manager-1.3.0-SNAPSHOT.jar:?]
	at org.apache.hadoop.ozone.protocolPB.OzoneManagerProtocolServerSideTranslatorPB.submitRequestDirectlyToOM(OzoneManagerProtocolServerSideTranslatorPB.java:276) ~[ozone-manager-1.3.0-SNAPSHOT.jar:?]
	at org.apache.hadoop.ozone.protocolPB.OzoneManagerProtocolServerSideTranslatorPB.processRequest(OzoneManagerProtocolServerSideTranslatorPB.java:205) ~[ozone-manager-1.3.0-SNAPSHOT.jar:?]
	at org.apache.hadoop.hdds.server.OzoneProtocolMessageDispatcher.processRequest(OzoneProtocolMessageDispatcher.java:87) [hdds-server-framework-1.3.0-SNAPSHOT.jar:?]
	at org.apache.hadoop.ozone.protocolPB.OzoneManagerProtocolServerSideTranslatorPB.submitRequest(OzoneManagerProtocolServerSideTranslatorPB.java:147) [ozone-manager-1.3.0-SNAPSHOT.jar:?]
	at org.apache.hadoop.ozone.protocol.proto.OzoneManagerProtocolProtos$OzoneManagerService$2.callBlockingMethod(OzoneManagerProtocolProtos.java) [ozone-interface-client-1.3.0-SNAPSHOT.jar:?]
	at org.apache.hadoop.ipc.ProtobufRpcEngine$Server.processCall(ProtobufRpcEngine.java:466) [hadoop-common-3.3.1.jar:?]
	at org.apache.hadoop.ipc.ProtobufRpcEngine2$Server$ProtoBufRpcInvoker.call(ProtobufRpcEngine2.java:574) [hadoop-common-3.3.1.jar:?]
	at org.apache.hadoop.ipc.ProtobufRpcEngine2$Server$ProtoBufRpcInvoker.call(ProtobufRpcEngine2.java:552) [hadoop-common-3.3.1.jar:?]
	at org.apache.hadoop.ipc.RPC$Server.call(RPC.java:1093) [hadoop-common-3.3.1.jar:?]
	at org.apache.hadoop.ipc.Server$RpcCall.run(Server.java:1035) [hadoop-common-3.3.1.jar:?]
	at org.apache.hadoop.ipc.Server$RpcCall.run(Server.java:963) [hadoop-common-3.3.1.jar:?]
	at java.security.AccessController.doPrivileged(Native Method) ~[?:1.8.0_345]
	at javax.security.auth.Subject.doAs(Subject.java:422) [?:1.8.0_345]
	at org.apache.hadoop.security.UserGroupInformation.doAs(UserGroupInformation.java:1878) [hadoop-common-3.3.1.jar:?]
	at org.apache.hadoop.ipc.Server$Handler.run(Server.java:2966) [hadoop-common-3.3.1.jar:?]
2022-10-10 08:42:32,728 [Time-limited test] WARN  ozone.BasicOzoneFileSystem (BasicOzoneFileSystem.java:getFileStatus(765)) - GetFileStatus failed for path /gdir1/dir3
java.io.FileNotFoundException: gdir1/dir3: No such file or directory!
	at org.apache.hadoop.fs.ozone.BasicOzoneClientAdapterImpl.getFileStatus(BasicOzoneClientAdapterImpl.java:369)
	at org.apache.hadoop.fs.ozone.BasicOzoneFileSystem.getFileStatus(BasicOzoneFileSystem.java:757)
	at org.apache.hadoop.fs.ozone.TestOzoneFileSystem.checkPath(TestOzoneFileSystem.java:502)
	at org.apache.hadoop.fs.ozone.TestOzoneFileSystem.testRecursiveDelete(TestOzoneFileSystem.java:457)
	at sun.reflect.NativeMethodAccessorImpl.invoke0(Native Method)
	at sun.reflect.NativeMethodAccessorImpl.invoke(NativeMethodAccessorImpl.java:62)
	at sun.reflect.DelegatingMethodAccessorImpl.invoke(DelegatingMethodAccessorImpl.java:43)
	at java.lang.reflect.Method.invoke(Method.java:498)
	at org.junit.runners.model.FrameworkMethod$1.runReflectiveCall(FrameworkMethod.java:59)
	at org.junit.internal.runners.model.ReflectiveCallable.run(ReflectiveCallable.java:12)
	at org.junit.runners.model.FrameworkMethod.invokeExplosively(FrameworkMethod.java:56)
	at org.junit.internal.runners.statements.InvokeMethod.evaluate(InvokeMethod.java:17)
	at org.junit.internal.runners.statements.RunAfters.evaluate(RunAfters.java:27)
	at org.junit.internal.runners.statements.FailOnTimeout$CallableStatement.call(FailOnTimeout.java:288)
	at org.junit.internal.runners.statements.FailOnTimeout$CallableStatement.call(FailOnTimeout.java:282)
	at java.util.concurrent.FutureTask.run(FutureTask.java:266)
	at java.lang.Thread.run(Thread.java:750)
08:42:32.729 [IPC Server handler 6 on default port 37485] ERROR OMAudit - user=runner | ip=127.0.0.1 | op=GET_FILE_STATUS {volume=volume23299, bucket=bucket63939, key=gdir1/dir3/child, dataSize=0, replicationConfig=null} | ret=FAILURE
org.apache.hadoop.ozone.om.exceptions.OMException: Unable to get file status: volume: volume23299 bucket: bucket63939 key: gdir1/dir3/child
	at org.apache.hadoop.ozone.om.KeyManagerImpl.getOzoneFileStatus(KeyManagerImpl.java:1270) ~[ozone-manager-1.3.0-SNAPSHOT.jar:?]
	at org.apache.hadoop.ozone.om.KeyManagerImpl.getFileStatus(KeyManagerImpl.java:1200) ~[ozone-manager-1.3.0-SNAPSHOT.jar:?]
	at org.apache.hadoop.ozone.om.OzoneManager.getFileStatus(OzoneManager.java:3507) ~[ozone-manager-1.3.0-SNAPSHOT.jar:?]
	at org.apache.hadoop.ozone.protocolPB.OzoneManagerRequestHandler.getOzoneFileStatus(OzoneManagerRequestHandler.java:882) ~[ozone-manager-1.3.0-SNAPSHOT.jar:?]
	at org.apache.hadoop.ozone.protocolPB.OzoneManagerRequestHandler.handleReadRequest(OzoneManagerRequestHandler.java:228) ~[ozone-manager-1.3.0-SNAPSHOT.jar:?]
	at org.apache.hadoop.ozone.protocolPB.OzoneManagerProtocolServerSideTranslatorPB.submitRequestDirectlyToOM(OzoneManagerProtocolServerSideTranslatorPB.java:276) ~[ozone-manager-1.3.0-SNAPSHOT.jar:?]
	at org.apache.hadoop.ozone.protocolPB.OzoneManagerProtocolServerSideTranslatorPB.processRequest(OzoneManagerProtocolServerSideTranslatorPB.java:205) ~[ozone-manager-1.3.0-SNAPSHOT.jar:?]
	at org.apache.hadoop.hdds.server.OzoneProtocolMessageDispatcher.processRequest(OzoneProtocolMessageDispatcher.java:87) [hdds-server-framework-1.3.0-SNAPSHOT.jar:?]
	at org.apache.hadoop.ozone.protocolPB.OzoneManagerProtocolServerSideTranslatorPB.submitRequest(OzoneManagerProtocolServerSideTranslatorPB.java:147) [ozone-manager-1.3.0-SNAPSHOT.jar:?]
	at org.apache.hadoop.ozone.protocol.proto.OzoneManagerProtocolProtos$OzoneManagerService$2.callBlockingMethod(OzoneManagerProtocolProtos.java) [ozone-interface-client-1.3.0-SNAPSHOT.jar:?]
	at org.apache.hadoop.ipc.ProtobufRpcEngine$Server.processCall(ProtobufRpcEngine.java:466) [hadoop-common-3.3.1.jar:?]
	at org.apache.hadoop.ipc.ProtobufRpcEngine2$Server$ProtoBufRpcInvoker.call(ProtobufRpcEngine2.java:574) [hadoop-common-3.3.1.jar:?]
	at org.apache.hadoop.ipc.ProtobufRpcEngine2$Server$ProtoBufRpcInvoker.call(ProtobufRpcEngine2.java:552) [hadoop-common-3.3.1.jar:?]
	at org.apache.hadoop.ipc.RPC$Server.call(RPC.java:1093) [hadoop-common-3.3.1.jar:?]
	at org.apache.hadoop.ipc.Server$RpcCall.run(Server.java:1035) [hadoop-common-3.3.1.jar:?]
	at org.apache.hadoop.ipc.Server$RpcCall.run(Server.java:963) [hadoop-common-3.3.1.jar:?]
	at java.security.AccessController.doPrivileged(Native Method) ~[?:1.8.0_345]
	at javax.security.auth.Subject.doAs(Subject.java:422) [?:1.8.0_345]
	at org.apache.hadoop.security.UserGroupInformation.doAs(UserGroupInformation.java:1878) [hadoop-common-3.3.1.jar:?]
	at org.apache.hadoop.ipc.Server$Handler.run(Server.java:2966) [hadoop-common-3.3.1.jar:?]
2022-10-10 08:42:32,729 [Time-limited test] WARN  ozone.BasicOzoneFileSystem (BasicOzoneFileSystem.java:getFileStatus(765)) - GetFileStatus failed for path /gdir1/dir3/child
java.io.FileNotFoundException: gdir1/dir3/child: No such file or directory!
	at org.apache.hadoop.fs.ozone.BasicOzoneClientAdapterImpl.getFileStatus(BasicOzoneClientAdapterImpl.java:369)
	at org.apache.hadoop.fs.ozone.BasicOzoneFileSystem.getFileStatus(BasicOzoneFileSystem.java:757)
	at org.apache.hadoop.fs.ozone.TestOzoneFileSystem.checkPath(TestOzoneFileSystem.java:502)
	at org.apache.hadoop.fs.ozone.TestOzoneFileSystem.testRecursiveDelete(TestOzoneFileSystem.java:458)
	at sun.reflect.NativeMethodAccessorImpl.invoke0(Native Method)
	at sun.reflect.NativeMethodAccessorImpl.invoke(NativeMethodAccessorImpl.java:62)
	at sun.reflect.DelegatingMethodAccessorImpl.invoke(DelegatingMethodAccessorImpl.java:43)
	at java.lang.reflect.Method.invoke(Method.java:498)
	at org.junit.runners.model.FrameworkMethod$1.runReflectiveCall(FrameworkMethod.java:59)
	at org.junit.internal.runners.model.ReflectiveCallable.run(ReflectiveCallable.java:12)
	at org.junit.runners.model.FrameworkMethod.invokeExplosively(FrameworkMethod.java:56)
	at org.junit.internal.runners.statements.InvokeMethod.evaluate(InvokeMethod.java:17)
	at org.junit.internal.runners.statements.RunAfters.evaluate(RunAfters.java:27)
	at org.junit.internal.runners.statements.FailOnTimeout$CallableStatement.call(FailOnTimeout.java:288)
	at org.junit.internal.runners.statements.FailOnTimeout$CallableStatement.call(FailOnTimeout.java:282)
	at java.util.concurrent.FutureTask.run(FutureTask.java:266)
	at java.lang.Thread.run(Thread.java:750)
08:42:32.730 [IPC Server handler 4 on default port 37485] ERROR OMAudit - user=runner | ip=127.0.0.1 | op=GET_FILE_STATUS {volume=volume23299, bucket=bucket63939, key=gdir1/dir4, dataSize=0, replicationConfig=null} | ret=FAILURE
org.apache.hadoop.ozone.om.exceptions.OMException: Unable to get file status: volume: volume23299 bucket: bucket63939 key: gdir1/dir4
	at org.apache.hadoop.ozone.om.KeyManagerImpl.getOzoneFileStatus(KeyManagerImpl.java:1270) ~[ozone-manager-1.3.0-SNAPSHOT.jar:?]
	at org.apache.hadoop.ozone.om.KeyManagerImpl.getFileStatus(KeyManagerImpl.java:1200) ~[ozone-manager-1.3.0-SNAPSHOT.jar:?]
	at org.apache.hadoop.ozone.om.OzoneManager.getFileStatus(OzoneManager.java:3507) ~[ozone-manager-1.3.0-SNAPSHOT.jar:?]
	at org.apache.hadoop.ozone.protocolPB.OzoneManagerRequestHandler.getOzoneFileStatus(OzoneManagerRequestHandler.java:882) ~[ozone-manager-1.3.0-SNAPSHOT.jar:?]
	at org.apache.hadoop.ozone.protocolPB.OzoneManagerRequestHandler.handleReadRequest(OzoneManagerRequestHandler.java:228) ~[ozone-manager-1.3.0-SNAPSHOT.jar:?]
	at org.apache.hadoop.ozone.protocolPB.OzoneManagerProtocolServerSideTranslatorPB.submitRequestDirectlyToOM(OzoneManagerProtocolServerSideTranslatorPB.java:276) ~[ozone-manager-1.3.0-SNAPSHOT.jar:?]
	at org.apache.hadoop.ozone.protocolPB.OzoneManagerProtocolServerSideTranslatorPB.processRequest(OzoneManagerProtocolServerSideTranslatorPB.java:205) ~[ozone-manager-1.3.0-SNAPSHOT.jar:?]
	at org.apache.hadoop.hdds.server.OzoneProtocolMessageDispatcher.processRequest(OzoneProtocolMessageDispatcher.java:87) [hdds-server-framework-1.3.0-SNAPSHOT.jar:?]
	at org.apache.hadoop.ozone.protocolPB.OzoneManagerProtocolServerSideTranslatorPB.submitRequest(OzoneManagerProtocolServerSideTranslatorPB.java:147) [ozone-manager-1.3.0-SNAPSHOT.jar:?]
	at org.apache.hadoop.ozone.protocol.proto.OzoneManagerProtocolProtos$OzoneManagerService$2.callBlockingMethod(OzoneManagerProtocolProtos.java) [ozone-interface-client-1.3.0-SNAPSHOT.jar:?]
	at org.apache.hadoop.ipc.ProtobufRpcEngine$Server.processCall(ProtobufRpcEngine.java:466) [hadoop-common-3.3.1.jar:?]
	at org.apache.hadoop.ipc.ProtobufRpcEngine2$Server$ProtoBufRpcInvoker.call(ProtobufRpcEngine2.java:574) [hadoop-common-3.3.1.jar:?]
	at org.apache.hadoop.ipc.ProtobufRpcEngine2$Server$ProtoBufRpcInvoker.call(ProtobufRpcEngine2.java:552) [hadoop-common-3.3.1.jar:?]
	at org.apache.hadoop.ipc.RPC$Server.call(RPC.java:1093) [hadoop-common-3.3.1.jar:?]
	at org.apache.hadoop.ipc.Server$RpcCall.run(Server.java:1035) [hadoop-common-3.3.1.jar:?]
	at org.apache.hadoop.ipc.Server$RpcCall.run(Server.java:963) [hadoop-common-3.3.1.jar:?]
	at java.security.AccessController.doPrivileged(Native Method) ~[?:1.8.0_345]
	at javax.security.auth.Subject.doAs(Subject.java:422) [?:1.8.0_345]
	at org.apache.hadoop.security.UserGroupInformation.doAs(UserGroupInformation.java:1878) [hadoop-common-3.3.1.jar:?]
	at org.apache.hadoop.ipc.Server$Handler.run(Server.java:2966) [hadoop-common-3.3.1.jar:?]
2022-10-10 08:42:32,730 [Time-limited test] WARN  ozone.BasicOzoneFileSystem (BasicOzoneFileSystem.java:getFileStatus(765)) - GetFileStatus failed for path /gdir1/dir4
java.io.FileNotFoundException: gdir1/dir4: No such file or directory!
	at org.apache.hadoop.fs.ozone.BasicOzoneClientAdapterImpl.getFileStatus(BasicOzoneClientAdapterImpl.java:369)
	at org.apache.hadoop.fs.ozone.BasicOzoneFileSystem.getFileStatus(BasicOzoneFileSystem.java:757)
	at org.apache.hadoop.fs.ozone.TestOzoneFileSystem.checkPath(TestOzoneFileSystem.java:502)
	at org.apache.hadoop.fs.ozone.TestOzoneFileSystem.testRecursiveDelete(TestOzoneFileSystem.java:457)
	at sun.reflect.NativeMethodAccessorImpl.invoke0(Native Method)
	at sun.reflect.NativeMethodAccessorImpl.invoke(NativeMethodAccessorImpl.java:62)
	at sun.reflect.DelegatingMethodAccessorImpl.invoke(DelegatingMethodAccessorImpl.java:43)
	at java.lang.reflect.Method.invoke(Method.java:498)
	at org.junit.runners.model.FrameworkMethod$1.runReflectiveCall(FrameworkMethod.java:59)
	at org.junit.internal.runners.model.ReflectiveCallable.run(ReflectiveCallable.java:12)
	at org.junit.runners.model.FrameworkMethod.invokeExplosively(FrameworkMethod.java:56)
	at org.junit.internal.runners.statements.InvokeMethod.evaluate(InvokeMethod.java:17)
	at org.junit.internal.runners.statements.RunAfters.evaluate(RunAfters.java:27)
	at org.junit.internal.runners.statements.FailOnTimeout$CallableStatement.call(FailOnTimeout.java:288)
	at org.junit.internal.runners.statements.FailOnTimeout$CallableStatement.call(FailOnTimeout.java:282)
	at java.util.concurrent.FutureTask.run(FutureTask.java:266)
	at java.lang.Thread.run(Thread.java:750)
08:42:32.731 [IPC Server handler 2 on default port 37485] ERROR OMAudit - user=runner | ip=127.0.0.1 | op=GET_FILE_STATUS {volume=volume23299, bucket=bucket63939, key=gdir1/dir4/child, dataSize=0, replicationConfig=null} | ret=FAILURE
org.apache.hadoop.ozone.om.exceptions.OMException: Unable to get file status: volume: volume23299 bucket: bucket63939 key: gdir1/dir4/child
	at org.apache.hadoop.ozone.om.KeyManagerImpl.getOzoneFileStatus(KeyManagerImpl.java:1270) ~[ozone-manager-1.3.0-SNAPSHOT.jar:?]
	at org.apache.hadoop.ozone.om.KeyManagerImpl.getFileStatus(KeyManagerImpl.java:1200) ~[ozone-manager-1.3.0-SNAPSHOT.jar:?]
	at org.apache.hadoop.ozone.om.OzoneManager.getFileStatus(OzoneManager.java:3507) ~[ozone-manager-1.3.0-SNAPSHOT.jar:?]
	at org.apache.hadoop.ozone.protocolPB.OzoneManagerRequestHandler.getOzoneFileStatus(OzoneManagerRequestHandler.java:882) ~[ozone-manager-1.3.0-SNAPSHOT.jar:?]
	at org.apache.hadoop.ozone.protocolPB.OzoneManagerRequestHandler.handleReadRequest(OzoneManagerRequestHandler.java:228) ~[ozone-manager-1.3.0-SNAPSHOT.jar:?]
	at org.apache.hadoop.ozone.protocolPB.OzoneManagerProtocolServerSideTranslatorPB.submitRequestDirectlyToOM(OzoneManagerProtocolServerSideTranslatorPB.java:276) ~[ozone-manager-1.3.0-SNAPSHOT.jar:?]
	at org.apache.hadoop.ozone.protocolPB.OzoneManagerProtocolServerSideTranslatorPB.processRequest(OzoneManagerProtocolServerSideTranslatorPB.java:205) ~[ozone-manager-1.3.0-SNAPSHOT.jar:?]
	at org.apache.hadoop.hdds.server.OzoneProtocolMessageDispatcher.processRequest(OzoneProtocolMessageDispatcher.java:87) [hdds-server-framework-1.3.0-SNAPSHOT.jar:?]
	at org.apache.hadoop.ozone.protocolPB.OzoneManagerProtocolServerSideTranslatorPB.submitRequest(OzoneManagerProtocolServerSideTranslatorPB.java:147) [ozone-manager-1.3.0-SNAPSHOT.jar:?]
	at org.apache.hadoop.ozone.protocol.proto.OzoneManagerProtocolProtos$OzoneManagerService$2.callBlockingMethod(OzoneManagerProtocolProtos.java) [ozone-interface-client-1.3.0-SNAPSHOT.jar:?]
	at org.apache.hadoop.ipc.ProtobufRpcEngine$Server.processCall(ProtobufRpcEngine.java:466) [hadoop-common-3.3.1.jar:?]
	at org.apache.hadoop.ipc.ProtobufRpcEngine2$Server$ProtoBufRpcInvoker.call(ProtobufRpcEngine2.java:574) [hadoop-common-3.3.1.jar:?]
	at org.apache.hadoop.ipc.ProtobufRpcEngine2$Server$ProtoBufRpcInvoker.call(ProtobufRpcEngine2.java:552) [hadoop-common-3.3.1.jar:?]
	at org.apache.hadoop.ipc.RPC$Server.call(RPC.java:1093) [hadoop-common-3.3.1.jar:?]
	at org.apache.hadoop.ipc.Server$RpcCall.run(Server.java:1035) [hadoop-common-3.3.1.jar:?]
	at org.apache.hadoop.ipc.Server$RpcCall.run(Server.java:963) [hadoop-common-3.3.1.jar:?]
	at java.security.AccessController.doPrivileged(Native Method) ~[?:1.8.0_345]
	at javax.security.auth.Subject.doAs(Subject.java:422) [?:1.8.0_345]
	at org.apache.hadoop.security.UserGroupInformation.doAs(UserGroupInformation.java:1878) [hadoop-common-3.3.1.jar:?]
	at org.apache.hadoop.ipc.Server$Handler.run(Server.java:2966) [hadoop-common-3.3.1.jar:?]
2022-10-10 08:42:32,731 [Time-limited test] WARN  ozone.BasicOzoneFileSystem (BasicOzoneFileSystem.java:getFileStatus(765)) - GetFileStatus failed for path /gdir1/dir4/child
java.io.FileNotFoundException: gdir1/dir4/child: No such file or directory!
	at org.apache.hadoop.fs.ozone.BasicOzoneClientAdapterImpl.getFileStatus(BasicOzoneClientAdapterImpl.java:369)
	at org.apache.hadoop.fs.ozone.BasicOzoneFileSystem.getFileStatus(BasicOzoneFileSystem.java:757)
	at org.apache.hadoop.fs.ozone.TestOzoneFileSystem.checkPath(TestOzoneFileSystem.java:502)
	at org.apache.hadoop.fs.ozone.TestOzoneFileSystem.testRecursiveDelete(TestOzoneFileSystem.java:458)
	at sun.reflect.NativeMethodAccessorImpl.invoke0(Native Method)
	at sun.reflect.NativeMethodAccessorImpl.invoke(NativeMethodAccessorImpl.java:62)
	at sun.reflect.DelegatingMethodAccessorImpl.invoke(DelegatingMethodAccessorImpl.java:43)
	at java.lang.reflect.Method.invoke(Method.java:498)
	at org.junit.runners.model.FrameworkMethod$1.runReflectiveCall(FrameworkMethod.java:59)
	at org.junit.internal.runners.model.ReflectiveCallable.run(ReflectiveCallable.java:12)
	at org.junit.runners.model.FrameworkMethod.invokeExplosively(FrameworkMethod.java:56)
	at org.junit.internal.runners.statements.InvokeMethod.evaluate(InvokeMethod.java:17)
	at org.junit.internal.runners.statements.RunAfters.evaluate(RunAfters.java:27)
	at org.junit.internal.runners.statements.FailOnTimeout$CallableStatement.call(FailOnTimeout.java:288)
	at org.junit.internal.runners.statements.FailOnTimeout$CallableStatement.call(FailOnTimeout.java:282)
	at java.util.concurrent.FutureTask.run(FutureTask.java:266)
	at java.lang.Thread.run(Thread.java:750)
08:42:32.732 [IPC Server handler 1 on default port 37485] ERROR OMAudit - user=runner | ip=127.0.0.1 | op=GET_FILE_STATUS {volume=volume23299, bucket=bucket63939, key=gdir1/dir5, dataSize=0, replicationConfig=null} | ret=FAILURE
org.apache.hadoop.ozone.om.exceptions.OMException: Unable to get file status: volume: volume23299 bucket: bucket63939 key: gdir1/dir5
	at org.apache.hadoop.ozone.om.KeyManagerImpl.getOzoneFileStatus(KeyManagerImpl.java:1270) ~[ozone-manager-1.3.0-SNAPSHOT.jar:?]
	at org.apache.hadoop.ozone.om.KeyManagerImpl.getFileStatus(KeyManagerImpl.java:1200) ~[ozone-manager-1.3.0-SNAPSHOT.jar:?]
	at org.apache.hadoop.ozone.om.OzoneManager.getFileStatus(OzoneManager.java:3507) ~[ozone-manager-1.3.0-SNAPSHOT.jar:?]
	at org.apache.hadoop.ozone.protocolPB.OzoneManagerRequestHandler.getOzoneFileStatus(OzoneManagerRequestHandler.java:882) ~[ozone-manager-1.3.0-SNAPSHOT.jar:?]
	at org.apache.hadoop.ozone.protocolPB.OzoneManagerRequestHandler.handleReadRequest(OzoneManagerRequestHandler.java:228) ~[ozone-manager-1.3.0-SNAPSHOT.jar:?]
	at org.apache.hadoop.ozone.protocolPB.OzoneManagerProtocolServerSideTranslatorPB.submitRequestDirectlyToOM(OzoneManagerProtocolServerSideTranslatorPB.java:276) ~[ozone-manager-1.3.0-SNAPSHOT.jar:?]
	at org.apache.hadoop.ozone.protocolPB.OzoneManagerProtocolServerSideTranslatorPB.processRequest(OzoneManagerProtocolServerSideTranslatorPB.java:205) ~[ozone-manager-1.3.0-SNAPSHOT.jar:?]
	at org.apache.hadoop.hdds.server.OzoneProtocolMessageDispatcher.processRequest(OzoneProtocolMessageDispatcher.java:87) [hdds-server-framework-1.3.0-SNAPSHOT.jar:?]
	at org.apache.hadoop.ozone.protocolPB.OzoneManagerProtocolServerSideTranslatorPB.submitRequest(OzoneManagerProtocolServerSideTranslatorPB.java:147) [ozone-manager-1.3.0-SNAPSHOT.jar:?]
	at org.apache.hadoop.ozone.protocol.proto.OzoneManagerProtocolProtos$OzoneManagerService$2.callBlockingMethod(OzoneManagerProtocolProtos.java) [ozone-interface-client-1.3.0-SNAPSHOT.jar:?]
	at org.apache.hadoop.ipc.ProtobufRpcEngine$Server.processCall(ProtobufRpcEngine.java:466) [hadoop-common-3.3.1.jar:?]
	at org.apache.hadoop.ipc.ProtobufRpcEngine2$Server$ProtoBufRpcInvoker.call(ProtobufRpcEngine2.java:574) [hadoop-common-3.3.1.jar:?]
	at org.apache.hadoop.ipc.ProtobufRpcEngine2$Server$ProtoBufRpcInvoker.call(ProtobufRpcEngine2.java:552) [hadoop-common-3.3.1.jar:?]
	at org.apache.hadoop.ipc.RPC$Server.call(RPC.java:1093) [hadoop-common-3.3.1.jar:?]
	at org.apache.hadoop.ipc.Server$RpcCall.run(Server.java:1035) [hadoop-common-3.3.1.jar:?]
	at org.apache.hadoop.ipc.Server$RpcCall.run(Server.java:963) [hadoop-common-3.3.1.jar:?]
	at java.security.AccessController.doPrivileged(Native Method) ~[?:1.8.0_345]
	at javax.security.auth.Subject.doAs(Subject.java:422) [?:1.8.0_345]
	at org.apache.hadoop.security.UserGroupInformation.doAs(UserGroupInformation.java:1878) [hadoop-common-3.3.1.jar:?]
	at org.apache.hadoop.ipc.Server$Handler.run(Server.java:2966) [hadoop-common-3.3.1.jar:?]
2022-10-10 08:42:32,732 [Time-limited test] WARN  ozone.BasicOzoneFileSystem (BasicOzoneFileSystem.java:getFileStatus(765)) - GetFileStatus failed for path /gdir1/dir5
java.io.FileNotFoundException: gdir1/dir5: No such file or directory!
	at org.apache.hadoop.fs.ozone.BasicOzoneClientAdapterImpl.getFileStatus(BasicOzoneClientAdapterImpl.java:369)
	at org.apache.hadoop.fs.ozone.BasicOzoneFileSystem.getFileStatus(BasicOzoneFileSystem.java:757)
	at org.apache.hadoop.fs.ozone.TestOzoneFileSystem.checkPath(TestOzoneFileSystem.java:502)
	at org.apache.hadoop.fs.ozone.TestOzoneFileSystem.testRecursiveDelete(TestOzoneFileSystem.java:457)
	at sun.reflect.NativeMethodAccessorImpl.invoke0(Native Method)
	at sun.reflect.NativeMethodAccessorImpl.invoke(NativeMethodAccessorImpl.java:62)
	at sun.reflect.DelegatingMethodAccessorImpl.invoke(DelegatingMethodAccessorImpl.java:43)
	at java.lang.reflect.Method.invoke(Method.java:498)
	at org.junit.runners.model.FrameworkMethod$1.runReflectiveCall(FrameworkMethod.java:59)
	at org.junit.internal.runners.model.ReflectiveCallable.run(ReflectiveCallable.java:12)
	at org.junit.runners.model.FrameworkMethod.invokeExplosively(FrameworkMethod.java:56)
	at org.junit.internal.runners.statements.InvokeMethod.evaluate(InvokeMethod.java:17)
	at org.junit.internal.runners.statements.RunAfters.evaluate(RunAfters.java:27)
	at org.junit.internal.runners.statements.FailOnTimeout$CallableStatement.call(FailOnTimeout.java:288)
	at org.junit.internal.runners.statements.FailOnTimeout$CallableStatement.call(FailOnTimeout.java:282)
	at java.util.concurrent.FutureTask.run(FutureTask.java:266)
	at java.lang.Thread.run(Thread.java:750)
08:42:32.734 [IPC Server handler 17 on default port 37485] ERROR OMAudit - user=runner | ip=127.0.0.1 | op=GET_FILE_STATUS {volume=volume23299, bucket=bucket63939, key=gdir1/dir5/child, dataSize=0, replicationConfig=null} | ret=FAILURE
org.apache.hadoop.ozone.om.exceptions.OMException: Unable to get file status: volume: volume23299 bucket: bucket63939 key: gdir1/dir5/child
	at org.apache.hadoop.ozone.om.KeyManagerImpl.getOzoneFileStatus(KeyManagerImpl.java:1270) ~[ozone-manager-1.3.0-SNAPSHOT.jar:?]
	at org.apache.hadoop.ozone.om.KeyManagerImpl.getFileStatus(KeyManagerImpl.java:1200) ~[ozone-manager-1.3.0-SNAPSHOT.jar:?]
	at org.apache.hadoop.ozone.om.OzoneManager.getFileStatus(OzoneManager.java:3507) ~[ozone-manager-1.3.0-SNAPSHOT.jar:?]
	at org.apache.hadoop.ozone.protocolPB.OzoneManagerRequestHandler.getOzoneFileStatus(OzoneManagerRequestHandler.java:882) ~[ozone-manager-1.3.0-SNAPSHOT.jar:?]
	at org.apache.hadoop.ozone.protocolPB.OzoneManagerRequestHandler.handleReadRequest(OzoneManagerRequestHandler.java:228) ~[ozone-manager-1.3.0-SNAPSHOT.jar:?]
	at org.apache.hadoop.ozone.protocolPB.OzoneManagerProtocolServerSideTranslatorPB.submitRequestDirectlyToOM(OzoneManagerProtocolServerSideTranslatorPB.java:276) ~[ozone-manager-1.3.0-SNAPSHOT.jar:?]
	at org.apache.hadoop.ozone.protocolPB.OzoneManagerProtocolServerSideTranslatorPB.processRequest(OzoneManagerProtocolServerSideTranslatorPB.java:205) ~[ozone-manager-1.3.0-SNAPSHOT.jar:?]
	at org.apache.hadoop.hdds.server.OzoneProtocolMessageDispatcher.processRequest(OzoneProtocolMessageDispatcher.java:87) [hdds-server-framework-1.3.0-SNAPSHOT.jar:?]
	at org.apache.hadoop.ozone.protocolPB.OzoneManagerProtocolServerSideTranslatorPB.submitRequest(OzoneManagerProtocolServerSideTranslatorPB.java:147) [ozone-manager-1.3.0-SNAPSHOT.jar:?]
	at org.apache.hadoop.ozone.protocol.proto.OzoneManagerProtocolProtos$OzoneManagerService$2.callBlockingMethod(OzoneManagerProtocolProtos.java) [ozone-interface-client-1.3.0-SNAPSHOT.jar:?]
	at org.apache.hadoop.ipc.ProtobufRpcEngine$Server.processCall(ProtobufRpcEngine.java:466) [hadoop-common-3.3.1.jar:?]
	at org.apache.hadoop.ipc.ProtobufRpcEngine2$Server$ProtoBufRpcInvoker.call(ProtobufRpcEngine2.java:574) [hadoop-common-3.3.1.jar:?]
	at org.apache.hadoop.ipc.ProtobufRpcEngine2$Server$ProtoBufRpcInvoker.call(ProtobufRpcEngine2.java:552) [hadoop-common-3.3.1.jar:?]
	at org.apache.hadoop.ipc.RPC$Server.call(RPC.java:1093) [hadoop-common-3.3.1.jar:?]
	at org.apache.hadoop.ipc.Server$RpcCall.run(Server.java:1035) [hadoop-common-3.3.1.jar:?]
	at org.apache.hadoop.ipc.Server$RpcCall.run(Server.java:963) [hadoop-common-3.3.1.jar:?]
	at java.security.AccessController.doPrivileged(Native Method) ~[?:1.8.0_345]
	at javax.security.auth.Subject.doAs(Subject.java:422) [?:1.8.0_345]
	at org.apache.hadoop.security.UserGroupInformation.doAs(UserGroupInformation.java:1878) [hadoop-common-3.3.1.jar:?]
	at org.apache.hadoop.ipc.Server$Handler.run(Server.java:2966) [hadoop-common-3.3.1.jar:?]
2022-10-10 08:42:32,736 [Time-limited test] WARN  ozone.BasicOzoneFileSystem (BasicOzoneFileSystem.java:getFileStatus(765)) - GetFileStatus failed for path /gdir1/dir5/child
java.io.FileNotFoundException: gdir1/dir5/child: No such file or directory!
	at org.apache.hadoop.fs.ozone.BasicOzoneClientAdapterImpl.getFileStatus(BasicOzoneClientAdapterImpl.java:369)
	at org.apache.hadoop.fs.ozone.BasicOzoneFileSystem.getFileStatus(BasicOzoneFileSystem.java:757)
	at org.apache.hadoop.fs.ozone.TestOzoneFileSystem.checkPath(TestOzoneFileSystem.java:502)
	at org.apache.hadoop.fs.ozone.TestOzoneFileSystem.testRecursiveDelete(TestOzoneFileSystem.java:458)
	at sun.reflect.NativeMethodAccessorImpl.invoke0(Native Method)
	at sun.reflect.NativeMethodAccessorImpl.invoke(NativeMethodAccessorImpl.java:62)
	at sun.reflect.DelegatingMethodAccessorImpl.invoke(DelegatingMethodAccessorImpl.java:43)
	at java.lang.reflect.Method.invoke(Method.java:498)
	at org.junit.runners.model.FrameworkMethod$1.runReflectiveCall(FrameworkMethod.java:59)
	at org.junit.internal.runners.model.ReflectiveCallable.run(ReflectiveCallable.java:12)
	at org.junit.runners.model.FrameworkMethod.invokeExplosively(FrameworkMethod.java:56)
	at org.junit.internal.runners.statements.InvokeMethod.evaluate(InvokeMethod.java:17)
	at org.junit.internal.runners.statements.RunAfters.evaluate(RunAfters.java:27)
	at org.junit.internal.runners.statements.FailOnTimeout$CallableStatement.call(FailOnTimeout.java:288)
	at org.junit.internal.runners.statements.FailOnTimeout$CallableStatement.call(FailOnTimeout.java:282)
	at java.util.concurrent.FutureTask.run(FutureTask.java:266)
	at java.lang.Thread.run(Thread.java:750)
08:42:32.736 [IPC Server handler 16 on default port 37485] ERROR OMAudit - user=runner | ip=127.0.0.1 | op=GET_FILE_STATUS {volume=volume23299, bucket=bucket63939, key=gdir1/dir6, dataSize=0, replicationConfig=null} | ret=FAILURE
org.apache.hadoop.ozone.om.exceptions.OMException: Unable to get file status: volume: volume23299 bucket: bucket63939 key: gdir1/dir6
	at org.apache.hadoop.ozone.om.KeyManagerImpl.getOzoneFileStatus(KeyManagerImpl.java:1270) ~[ozone-manager-1.3.0-SNAPSHOT.jar:?]
	at org.apache.hadoop.ozone.om.KeyManagerImpl.getFileStatus(KeyManagerImpl.java:1200) ~[ozone-manager-1.3.0-SNAPSHOT.jar:?]
	at org.apache.hadoop.ozone.om.OzoneManager.getFileStatus(OzoneManager.java:3507) ~[ozone-manager-1.3.0-SNAPSHOT.jar:?]
	at org.apache.hadoop.ozone.protocolPB.OzoneManagerRequestHandler.getOzoneFileStatus(OzoneManagerRequestHandler.java:882) ~[ozone-manager-1.3.0-SNAPSHOT.jar:?]
	at org.apache.hadoop.ozone.protocolPB.OzoneManagerRequestHandler.handleReadRequest(OzoneManagerRequestHandler.java:228) ~[ozone-manager-1.3.0-SNAPSHOT.jar:?]
	at org.apache.hadoop.ozone.protocolPB.OzoneManagerProtocolServerSideTranslatorPB.submitRequestDirectlyToOM(OzoneManagerProtocolServerSideTranslatorPB.java:276) ~[ozone-manager-1.3.0-SNAPSHOT.jar:?]
	at org.apache.hadoop.ozone.protocolPB.OzoneManagerProtocolServerSideTranslatorPB.processRequest(OzoneManagerProtocolServerSideTranslatorPB.java:205) ~[ozone-manager-1.3.0-SNAPSHOT.jar:?]
	at org.apache.hadoop.hdds.server.OzoneProtocolMessageDispatcher.processRequest(OzoneProtocolMessageDispatcher.java:87) [hdds-server-framework-1.3.0-SNAPSHOT.jar:?]
	at org.apache.hadoop.ozone.protocolPB.OzoneManagerProtocolServerSideTranslatorPB.submitRequest(OzoneManagerProtocolServerSideTranslatorPB.java:147) [ozone-manager-1.3.0-SNAPSHOT.jar:?]
	at org.apache.hadoop.ozone.protocol.proto.OzoneManagerProtocolProtos$OzoneManagerService$2.callBlockingMethod(OzoneManagerProtocolProtos.java) [ozone-interface-client-1.3.0-SNAPSHOT.jar:?]
	at org.apache.hadoop.ipc.ProtobufRpcEngine$Server.processCall(ProtobufRpcEngine.java:466) [hadoop-common-3.3.1.jar:?]
	at org.apache.hadoop.ipc.ProtobufRpcEngine2$Server$ProtoBufRpcInvoker.call(ProtobufRpcEngine2.java:574) [hadoop-common-3.3.1.jar:?]
	at org.apache.hadoop.ipc.ProtobufRpcEngine2$Server$ProtoBufRpcInvoker.call(ProtobufRpcEngine2.java:552) [hadoop-common-3.3.1.jar:?]
	at org.apache.hadoop.ipc.RPC$Server.call(RPC.java:1093) [hadoop-common-3.3.1.jar:?]
	at org.apache.hadoop.ipc.Server$RpcCall.run(Server.java:1035) [hadoop-common-3.3.1.jar:?]
	at org.apache.hadoop.ipc.Server$RpcCall.run(Server.java:963) [hadoop-common-3.3.1.jar:?]
	at java.security.AccessController.doPrivileged(Native Method) ~[?:1.8.0_345]
	at javax.security.auth.Subject.doAs(Subject.java:422) [?:1.8.0_345]
	at org.apache.hadoop.security.UserGroupInformation.doAs(UserGroupInformation.java:1878) [hadoop-common-3.3.1.jar:?]
	at org.apache.hadoop.ipc.Server$Handler.run(Server.java:2966) [hadoop-common-3.3.1.jar:?]
2022-10-10 08:42:32,737 [Time-limited test] WARN  ozone.BasicOzoneFileSystem (BasicOzoneFileSystem.java:getFileStatus(765)) - GetFileStatus failed for path /gdir1/dir6
java.io.FileNotFoundException: gdir1/dir6: No such file or directory!
	at org.apache.hadoop.fs.ozone.BasicOzoneClientAdapterImpl.getFileStatus(BasicOzoneClientAdapterImpl.java:369)
	at org.apache.hadoop.fs.ozone.BasicOzoneFileSystem.getFileStatus(BasicOzoneFileSystem.java:757)
	at org.apache.hadoop.fs.ozone.TestOzoneFileSystem.checkPath(TestOzoneFileSystem.java:502)
	at org.apache.hadoop.fs.ozone.TestOzoneFileSystem.testRecursiveDelete(TestOzoneFileSystem.java:457)
	at sun.reflect.NativeMethodAccessorImpl.invoke0(Native Method)
	at sun.reflect.NativeMethodAccessorImpl.invoke(NativeMethodAccessorImpl.java:62)
	at sun.reflect.DelegatingMethodAccessorImpl.invoke(DelegatingMethodAccessorImpl.java:43)
	at java.lang.reflect.Method.invoke(Method.java:498)
	at org.junit.runners.model.FrameworkMethod$1.runReflectiveCall(FrameworkMethod.java:59)
	at org.junit.internal.runners.model.ReflectiveCallable.run(ReflectiveCallable.java:12)
	at org.junit.runners.model.FrameworkMethod.invokeExplosively(FrameworkMethod.java:56)
	at org.junit.internal.runners.statements.InvokeMethod.evaluate(InvokeMethod.java:17)
	at org.junit.internal.runners.statements.RunAfters.evaluate(RunAfters.java:27)
	at org.junit.internal.runners.statements.FailOnTimeout$CallableStatement.call(FailOnTimeout.java:288)
	at org.junit.internal.runners.statements.FailOnTimeout$CallableStatement.call(FailOnTimeout.java:282)
	at java.util.concurrent.FutureTask.run(FutureTask.java:266)
	at java.lang.Thread.run(Thread.java:750)
08:42:32.737 [IPC Server handler 19 on default port 37485] ERROR OMAudit - user=runner | ip=127.0.0.1 | op=GET_FILE_STATUS {volume=volume23299, bucket=bucket63939, key=gdir1/dir6/child, dataSize=0, replicationConfig=null} | ret=FAILURE
org.apache.hadoop.ozone.om.exceptions.OMException: Unable to get file status: volume: volume23299 bucket: bucket63939 key: gdir1/dir6/child
	at org.apache.hadoop.ozone.om.KeyManagerImpl.getOzoneFileStatus(KeyManagerImpl.java:1270) ~[ozone-manager-1.3.0-SNAPSHOT.jar:?]
	at org.apache.hadoop.ozone.om.KeyManagerImpl.getFileStatus(KeyManagerImpl.java:1200) ~[ozone-manager-1.3.0-SNAPSHOT.jar:?]
	at org.apache.hadoop.ozone.om.OzoneManager.getFileStatus(OzoneManager.java:3507) ~[ozone-manager-1.3.0-SNAPSHOT.jar:?]
	at org.apache.hadoop.ozone.protocolPB.OzoneManagerRequestHandler.getOzoneFileStatus(OzoneManagerRequestHandler.java:882) ~[ozone-manager-1.3.0-SNAPSHOT.jar:?]
	at org.apache.hadoop.ozone.protocolPB.OzoneManagerRequestHandler.handleReadRequest(OzoneManagerRequestHandler.java:228) ~[ozone-manager-1.3.0-SNAPSHOT.jar:?]
	at org.apache.hadoop.ozone.protocolPB.OzoneManagerProtocolServerSideTranslatorPB.submitRequestDirectlyToOM(OzoneManagerProtocolServerSideTranslatorPB.java:276) ~[ozone-manager-1.3.0-SNAPSHOT.jar:?]
	at org.apache.hadoop.ozone.protocolPB.OzoneManagerProtocolServerSideTranslatorPB.processRequest(OzoneManagerProtocolServerSideTranslatorPB.java:205) ~[ozone-manager-1.3.0-SNAPSHOT.jar:?]
	at org.apache.hadoop.hdds.server.OzoneProtocolMessageDispatcher.processRequest(OzoneProtocolMessageDispatcher.java:87) [hdds-server-framework-1.3.0-SNAPSHOT.jar:?]
	at org.apache.hadoop.ozone.protocolPB.OzoneManagerProtocolServerSideTranslatorPB.submitRequest(OzoneManagerProtocolServerSideTranslatorPB.java:147) [ozone-manager-1.3.0-SNAPSHOT.jar:?]
	at org.apache.hadoop.ozone.protocol.proto.OzoneManagerProtocolProtos$OzoneManagerService$2.callBlockingMethod(OzoneManagerProtocolProtos.java) [ozone-interface-client-1.3.0-SNAPSHOT.jar:?]
	at org.apache.hadoop.ipc.ProtobufRpcEngine$Server.processCall(ProtobufRpcEngine.java:466) [hadoop-common-3.3.1.jar:?]
	at org.apache.hadoop.ipc.ProtobufRpcEngine2$Server$ProtoBufRpcInvoker.call(ProtobufRpcEngine2.java:574) [hadoop-common-3.3.1.jar:?]
	at org.apache.hadoop.ipc.ProtobufRpcEngine2$Server$ProtoBufRpcInvoker.call(ProtobufRpcEngine2.java:552) [hadoop-common-3.3.1.jar:?]
	at org.apache.hadoop.ipc.RPC$Server.call(RPC.java:1093) [hadoop-common-3.3.1.jar:?]
	at org.apache.hadoop.ipc.Server$RpcCall.run(Server.java:1035) [hadoop-common-3.3.1.jar:?]
	at org.apache.hadoop.ipc.Server$RpcCall.run(Server.java:963) [hadoop-common-3.3.1.jar:?]
	at java.security.AccessController.doPrivileged(Native Method) ~[?:1.8.0_345]
	at javax.security.auth.Subject.doAs(Subject.java:422) [?:1.8.0_345]
	at org.apache.hadoop.security.UserGroupInformation.doAs(UserGroupInformation.java:1878) [hadoop-common-3.3.1.jar:?]
	at org.apache.hadoop.ipc.Server$Handler.run(Server.java:2966) [hadoop-common-3.3.1.jar:?]
2022-10-10 08:42:32,738 [Time-limited test] WARN  ozone.BasicOzoneFileSystem (BasicOzoneFileSystem.java:getFileStatus(765)) - GetFileStatus failed for path /gdir1/dir6/child
java.io.FileNotFoundException: gdir1/dir6/child: No such file or directory!
	at org.apache.hadoop.fs.ozone.BasicOzoneClientAdapterImpl.getFileStatus(BasicOzoneClientAdapterImpl.java:369)
	at org.apache.hadoop.fs.ozone.BasicOzoneFileSystem.getFileStatus(BasicOzoneFileSystem.java:757)
	at org.apache.hadoop.fs.ozone.TestOzoneFileSystem.checkPath(TestOzoneFileSystem.java:502)
	at org.apache.hadoop.fs.ozone.TestOzoneFileSystem.testRecursiveDelete(TestOzoneFileSystem.java:458)
	at sun.reflect.NativeMethodAccessorImpl.invoke0(Native Method)
	at sun.reflect.NativeMethodAccessorImpl.invoke(NativeMethodAccessorImpl.java:62)
	at sun.reflect.DelegatingMethodAccessorImpl.invoke(DelegatingMethodAccessorImpl.java:43)
	at java.lang.reflect.Method.invoke(Method.java:498)
	at org.junit.runners.model.FrameworkMethod$1.runReflectiveCall(FrameworkMethod.java:59)
	at org.junit.internal.runners.model.ReflectiveCallable.run(ReflectiveCallable.java:12)
	at org.junit.runners.model.FrameworkMethod.invokeExplosively(FrameworkMethod.java:56)
	at org.junit.internal.runners.statements.InvokeMethod.evaluate(InvokeMethod.java:17)
	at org.junit.internal.runners.statements.RunAfters.evaluate(RunAfters.java:27)
	at org.junit.internal.runners.statements.FailOnTimeout$CallableStatement.call(FailOnTimeout.java:288)
	at org.junit.internal.runners.statements.FailOnTimeout$CallableStatement.call(FailOnTimeout.java:282)
	at java.util.concurrent.FutureTask.run(FutureTask.java:266)
	at java.lang.Thread.run(Thread.java:750)
08:42:32.738 [IPC Server handler 0 on default port 37485] ERROR OMAudit - user=runner | ip=127.0.0.1 | op=GET_FILE_STATUS {volume=volume23299, bucket=bucket63939, key=gdir1/dir7, dataSize=0, replicationConfig=null} | ret=FAILURE
org.apache.hadoop.ozone.om.exceptions.OMException: Unable to get file status: volume: volume23299 bucket: bucket63939 key: gdir1/dir7
	at org.apache.hadoop.ozone.om.KeyManagerImpl.getOzoneFileStatus(KeyManagerImpl.java:1270) ~[ozone-manager-1.3.0-SNAPSHOT.jar:?]
	at org.apache.hadoop.ozone.om.KeyManagerImpl.getFileStatus(KeyManagerImpl.java:1200) ~[ozone-manager-1.3.0-SNAPSHOT.jar:?]
	at org.apache.hadoop.ozone.om.OzoneManager.getFileStatus(OzoneManager.java:3507) ~[ozone-manager-1.3.0-SNAPSHOT.jar:?]
	at org.apache.hadoop.ozone.protocolPB.OzoneManagerRequestHandler.getOzoneFileStatus(OzoneManagerRequestHandler.java:882) ~[ozone-manager-1.3.0-SNAPSHOT.jar:?]
	at org.apache.hadoop.ozone.protocolPB.OzoneManagerRequestHandler.handleReadRequest(OzoneManagerRequestHandler.java:228) ~[ozone-manager-1.3.0-SNAPSHOT.jar:?]
	at org.apache.hadoop.ozone.protocolPB.OzoneManagerProtocolServerSideTranslatorPB.submitRequestDirectlyToOM(OzoneManagerProtocolServerSideTranslatorPB.java:276) ~[ozone-manager-1.3.0-SNAPSHOT.jar:?]
	at org.apache.hadoop.ozone.protocolPB.OzoneManagerProtocolServerSideTranslatorPB.processRequest(OzoneManagerProtocolServerSideTranslatorPB.java:205) ~[ozone-manager-1.3.0-SNAPSHOT.jar:?]
	at org.apache.hadoop.hdds.server.OzoneProtocolMessageDispatcher.processRequest(OzoneProtocolMessageDispatcher.java:87) [hdds-server-framework-1.3.0-SNAPSHOT.jar:?]
	at org.apache.hadoop.ozone.protocolPB.OzoneManagerProtocolServerSideTranslatorPB.submitRequest(OzoneManagerProtocolServerSideTranslatorPB.java:147) [ozone-manager-1.3.0-SNAPSHOT.jar:?]
	at org.apache.hadoop.ozone.protocol.proto.OzoneManagerProtocolProtos$OzoneManagerService$2.callBlockingMethod(OzoneManagerProtocolProtos.java) [ozone-interface-client-1.3.0-SNAPSHOT.jar:?]
	at org.apache.hadoop.ipc.ProtobufRpcEngine$Server.processCall(ProtobufRpcEngine.java:466) [hadoop-common-3.3.1.jar:?]
	at org.apache.hadoop.ipc.ProtobufRpcEngine2$Server$ProtoBufRpcInvoker.call(ProtobufRpcEngine2.java:574) [hadoop-common-3.3.1.jar:?]
	at org.apache.hadoop.ipc.ProtobufRpcEngine2$Server$ProtoBufRpcInvoker.call(ProtobufRpcEngine2.java:552) [hadoop-common-3.3.1.jar:?]
	at org.apache.hadoop.ipc.RPC$Server.call(RPC.java:1093) [hadoop-common-3.3.1.jar:?]
	at org.apache.hadoop.ipc.Server$RpcCall.run(Server.java:1035) [hadoop-common-3.3.1.jar:?]
	at org.apache.hadoop.ipc.Server$RpcCall.run(Server.java:963) [hadoop-common-3.3.1.jar:?]
	at java.security.AccessController.doPrivileged(Native Method) ~[?:1.8.0_345]
	at javax.security.auth.Subject.doAs(Subject.java:422) [?:1.8.0_345]
	at org.apache.hadoop.security.UserGroupInformation.doAs(UserGroupInformation.java:1878) [hadoop-common-3.3.1.jar:?]
	at org.apache.hadoop.ipc.Server$Handler.run(Server.java:2966) [hadoop-common-3.3.1.jar:?]
2022-10-10 08:42:32,739 [Time-limited test] WARN  ozone.BasicOzoneFileSystem (BasicOzoneFileSystem.java:getFileStatus(765)) - GetFileStatus failed for path /gdir1/dir7
java.io.FileNotFoundException: gdir1/dir7: No such file or directory!
	at org.apache.hadoop.fs.ozone.BasicOzoneClientAdapterImpl.getFileStatus(BasicOzoneClientAdapterImpl.java:369)
	at org.apache.hadoop.fs.ozone.BasicOzoneFileSystem.getFileStatus(BasicOzoneFileSystem.java:757)
	at org.apache.hadoop.fs.ozone.TestOzoneFileSystem.checkPath(TestOzoneFileSystem.java:502)
	at org.apache.hadoop.fs.ozone.TestOzoneFileSystem.testRecursiveDelete(TestOzoneFileSystem.java:457)
	at sun.reflect.NativeMethodAccessorImpl.invoke0(Native Method)
	at sun.reflect.NativeMethodAccessorImpl.invoke(NativeMethodAccessorImpl.java:62)
	at sun.reflect.DelegatingMethodAccessorImpl.invoke(DelegatingMethodAccessorImpl.java:43)
	at java.lang.reflect.Method.invoke(Method.java:498)
	at org.junit.runners.model.FrameworkMethod$1.runReflectiveCall(FrameworkMethod.java:59)
	at org.junit.internal.runners.model.ReflectiveCallable.run(ReflectiveCallable.java:12)
	at org.junit.runners.model.FrameworkMethod.invokeExplosively(FrameworkMethod.java:56)
	at org.junit.internal.runners.statements.InvokeMethod.evaluate(InvokeMethod.java:17)
	at org.junit.internal.runners.statements.RunAfters.evaluate(RunAfters.java:27)
	at org.junit.internal.runners.statements.FailOnTimeout$CallableStatement.call(FailOnTimeout.java:288)
	at org.junit.internal.runners.statements.FailOnTimeout$CallableStatement.call(FailOnTimeout.java:282)
	at java.util.concurrent.FutureTask.run(FutureTask.java:266)
	at java.lang.Thread.run(Thread.java:750)
08:42:32.739 [IPC Server handler 7 on default port 37485] ERROR OMAudit - user=runner | ip=127.0.0.1 | op=GET_FILE_STATUS {volume=volume23299, bucket=bucket63939, key=gdir1/dir7/child, dataSize=0, replicationConfig=null} | ret=FAILURE
org.apache.hadoop.ozone.om.exceptions.OMException: Unable to get file status: volume: volume23299 bucket: bucket63939 key: gdir1/dir7/child
	at org.apache.hadoop.ozone.om.KeyManagerImpl.getOzoneFileStatus(KeyManagerImpl.java:1270) ~[ozone-manager-1.3.0-SNAPSHOT.jar:?]
	at org.apache.hadoop.ozone.om.KeyManagerImpl.getFileStatus(KeyManagerImpl.java:1200) ~[ozone-manager-1.3.0-SNAPSHOT.jar:?]
	at org.apache.hadoop.ozone.om.OzoneManager.getFileStatus(OzoneManager.java:3507) ~[ozone-manager-1.3.0-SNAPSHOT.jar:?]
	at org.apache.hadoop.ozone.protocolPB.OzoneManagerRequestHandler.getOzoneFileStatus(OzoneManagerRequestHandler.java:882) ~[ozone-manager-1.3.0-SNAPSHOT.jar:?]
	at org.apache.hadoop.ozone.protocolPB.OzoneManagerRequestHandler.handleReadRequest(OzoneManagerRequestHandler.java:228) ~[ozone-manager-1.3.0-SNAPSHOT.jar:?]
	at org.apache.hadoop.ozone.protocolPB.OzoneManagerProtocolServerSideTranslatorPB.submitRequestDirectlyToOM(OzoneManagerProtocolServerSideTranslatorPB.java:276) ~[ozone-manager-1.3.0-SNAPSHOT.jar:?]
	at org.apache.hadoop.ozone.protocolPB.OzoneManagerProtocolServerSideTranslatorPB.processRequest(OzoneManagerProtocolServerSideTranslatorPB.java:205) ~[ozone-manager-1.3.0-SNAPSHOT.jar:?]
	at org.apache.hadoop.hdds.server.OzoneProtocolMessageDispatcher.processRequest(OzoneProtocolMessageDispatcher.java:87) [hdds-server-framework-1.3.0-SNAPSHOT.jar:?]
	at org.apache.hadoop.ozone.protocolPB.OzoneManagerProtocolServerSideTranslatorPB.submitRequest(OzoneManagerProtocolServerSideTranslatorPB.java:147) [ozone-manager-1.3.0-SNAPSHOT.jar:?]
	at org.apache.hadoop.ozone.protocol.proto.OzoneManagerProtocolProtos$OzoneManagerService$2.callBlockingMethod(OzoneManagerProtocolProtos.java) [ozone-interface-client-1.3.0-SNAPSHOT.jar:?]
	at org.apache.hadoop.ipc.ProtobufRpcEngine$Server.processCall(ProtobufRpcEngine.java:466) [hadoop-common-3.3.1.jar:?]
	at org.apache.hadoop.ipc.ProtobufRpcEngine2$Server$ProtoBufRpcInvoker.call(ProtobufRpcEngine2.java:574) [hadoop-common-3.3.1.jar:?]
	at org.apache.hadoop.ipc.ProtobufRpcEngine2$Server$ProtoBufRpcInvoker.call(ProtobufRpcEngine2.java:552) [hadoop-common-3.3.1.jar:?]
	at org.apache.hadoop.ipc.RPC$Server.call(RPC.java:1093) [hadoop-common-3.3.1.jar:?]
	at org.apache.hadoop.ipc.Server$RpcCall.run(Server.java:1035) [hadoop-common-3.3.1.jar:?]
	at org.apache.hadoop.ipc.Server$RpcCall.run(Server.java:963) [hadoop-common-3.3.1.jar:?]
	at java.security.AccessController.doPrivileged(Native Method) ~[?:1.8.0_345]
	at javax.security.auth.Subject.doAs(Subject.java:422) [?:1.8.0_345]
	at org.apache.hadoop.security.UserGroupInformation.doAs(UserGroupInformation.java:1878) [hadoop-common-3.3.1.jar:?]
	at org.apache.hadoop.ipc.Server$Handler.run(Server.java:2966) [hadoop-common-3.3.1.jar:?]
2022-10-10 08:42:32,739 [Time-limited test] WARN  ozone.BasicOzoneFileSystem (BasicOzoneFileSystem.java:getFileStatus(765)) - GetFileStatus failed for path /gdir1/dir7/child
java.io.FileNotFoundException: gdir1/dir7/child: No such file or directory!
	at org.apache.hadoop.fs.ozone.BasicOzoneClientAdapterImpl.getFileStatus(BasicOzoneClientAdapterImpl.java:369)
	at org.apache.hadoop.fs.ozone.BasicOzoneFileSystem.getFileStatus(BasicOzoneFileSystem.java:757)
	at org.apache.hadoop.fs.ozone.TestOzoneFileSystem.checkPath(TestOzoneFileSystem.java:502)
	at org.apache.hadoop.fs.ozone.TestOzoneFileSystem.testRecursiveDelete(TestOzoneFileSystem.java:458)
	at sun.reflect.NativeMethodAccessorImpl.invoke0(Native Method)
	at sun.reflect.NativeMethodAccessorImpl.invoke(NativeMethodAccessorImpl.java:62)
	at sun.reflect.DelegatingMethodAccessorImpl.invoke(DelegatingMethodAccessorImpl.java:43)
	at java.lang.reflect.Method.invoke(Method.java:498)
	at org.junit.runners.model.FrameworkMethod$1.runReflectiveCall(FrameworkMethod.java:59)
	at org.junit.internal.runners.model.ReflectiveCallable.run(ReflectiveCallable.java:12)
	at org.junit.runners.model.FrameworkMethod.invokeExplosively(FrameworkMethod.java:56)
	at org.junit.internal.runners.statements.InvokeMethod.evaluate(InvokeMethod.java:17)
	at org.junit.internal.runners.statements.RunAfters.evaluate(RunAfters.java:27)
	at org.junit.internal.runners.statements.FailOnTimeout$CallableStatement.call(FailOnTimeout.java:288)
	at org.junit.internal.runners.statements.FailOnTimeout$CallableStatement.call(FailOnTimeout.java:282)
	at java.util.concurrent.FutureTask.run(FutureTask.java:266)
	at java.lang.Thread.run(Thread.java:750)
08:42:32.740 [IPC Server handler 18 on default port 37485] ERROR OMAudit - user=runner | ip=127.0.0.1 | op=GET_FILE_STATUS {volume=volume23299, bucket=bucket63939, key=gdir1/dir8, dataSize=0, replicationConfig=null} | ret=FAILURE
org.apache.hadoop.ozone.om.exceptions.OMException: Unable to get file status: volume: volume23299 bucket: bucket63939 key: gdir1/dir8
	at org.apache.hadoop.ozone.om.KeyManagerImpl.getOzoneFileStatus(KeyManagerImpl.java:1270) ~[ozone-manager-1.3.0-SNAPSHOT.jar:?]
	at org.apache.hadoop.ozone.om.KeyManagerImpl.getFileStatus(KeyManagerImpl.java:1200) ~[ozone-manager-1.3.0-SNAPSHOT.jar:?]
	at org.apache.hadoop.ozone.om.OzoneManager.getFileStatus(OzoneManager.java:3507) ~[ozone-manager-1.3.0-SNAPSHOT.jar:?]
	at org.apache.hadoop.ozone.protocolPB.OzoneManagerRequestHandler.getOzoneFileStatus(OzoneManagerRequestHandler.java:882) ~[ozone-manager-1.3.0-SNAPSHOT.jar:?]
	at org.apache.hadoop.ozone.protocolPB.OzoneManagerRequestHandler.handleReadRequest(OzoneManagerRequestHandler.java:228) ~[ozone-manager-1.3.0-SNAPSHOT.jar:?]
	at org.apache.hadoop.ozone.protocolPB.OzoneManagerProtocolServerSideTranslatorPB.submitRequestDirectlyToOM(OzoneManagerProtocolServerSideTranslatorPB.java:276) ~[ozone-manager-1.3.0-SNAPSHOT.jar:?]
	at org.apache.hadoop.ozone.protocolPB.OzoneManagerProtocolServerSideTranslatorPB.processRequest(OzoneManagerProtocolServerSideTranslatorPB.java:205) ~[ozone-manager-1.3.0-SNAPSHOT.jar:?]
	at org.apache.hadoop.hdds.server.OzoneProtocolMessageDispatcher.processRequest(OzoneProtocolMessageDispatcher.java:87) [hdds-server-framework-1.3.0-SNAPSHOT.jar:?]
	at org.apache.hadoop.ozone.protocolPB.OzoneManagerProtocolServerSideTranslatorPB.submitRequest(OzoneManagerProtocolServerSideTranslatorPB.java:147) [ozone-manager-1.3.0-SNAPSHOT.jar:?]
	at org.apache.hadoop.ozone.protocol.proto.OzoneManagerProtocolProtos$OzoneManagerService$2.callBlockingMethod(OzoneManagerProtocolProtos.java) [ozone-interface-client-1.3.0-SNAPSHOT.jar:?]
	at org.apache.hadoop.ipc.ProtobufRpcEngine$Server.processCall(ProtobufRpcEngine.java:466) [hadoop-common-3.3.1.jar:?]
	at org.apache.hadoop.ipc.ProtobufRpcEngine2$Server$ProtoBufRpcInvoker.call(ProtobufRpcEngine2.java:574) [hadoop-common-3.3.1.jar:?]
	at org.apache.hadoop.ipc.ProtobufRpcEngine2$Server$ProtoBufRpcInvoker.call(ProtobufRpcEngine2.java:552) [hadoop-common-3.3.1.jar:?]
	at org.apache.hadoop.ipc.RPC$Server.call(RPC.java:1093) [hadoop-common-3.3.1.jar:?]
	at org.apache.hadoop.ipc.Server$RpcCall.run(Server.java:1035) [hadoop-common-3.3.1.jar:?]
	at org.apache.hadoop.ipc.Server$RpcCall.run(Server.java:963) [hadoop-common-3.3.1.jar:?]
	at java.security.AccessController.doPrivileged(Native Method) ~[?:1.8.0_345]
	at javax.security.auth.Subject.doAs(Subject.java:422) [?:1.8.0_345]
	at org.apache.hadoop.security.UserGroupInformation.doAs(UserGroupInformation.java:1878) [hadoop-common-3.3.1.jar:?]
	at org.apache.hadoop.ipc.Server$Handler.run(Server.java:2966) [hadoop-common-3.3.1.jar:?]
2022-10-10 08:42:32,740 [Time-limited test] WARN  ozone.BasicOzoneFileSystem (BasicOzoneFileSystem.java:getFileStatus(765)) - GetFileStatus failed for path /gdir1/dir8
java.io.FileNotFoundException: gdir1/dir8: No such file or directory!
	at org.apache.hadoop.fs.ozone.BasicOzoneClientAdapterImpl.getFileStatus(BasicOzoneClientAdapterImpl.java:369)
	at org.apache.hadoop.fs.ozone.BasicOzoneFileSystem.getFileStatus(BasicOzoneFileSystem.java:757)
	at org.apache.hadoop.fs.ozone.TestOzoneFileSystem.checkPath(TestOzoneFileSystem.java:502)
	at org.apache.hadoop.fs.ozone.TestOzoneFileSystem.testRecursiveDelete(TestOzoneFileSystem.java:457)
	at sun.reflect.NativeMethodAccessorImpl.invoke0(Native Method)
	at sun.reflect.NativeMethodAccessorImpl.invoke(NativeMethodAccessorImpl.java:62)
	at sun.reflect.DelegatingMethodAccessorImpl.invoke(DelegatingMethodAccessorImpl.java:43)
	at java.lang.reflect.Method.invoke(Method.java:498)
	at org.junit.runners.model.FrameworkMethod$1.runReflectiveCall(FrameworkMethod.java:59)
	at org.junit.internal.runners.model.ReflectiveCallable.run(ReflectiveCallable.java:12)
	at org.junit.runners.model.FrameworkMethod.invokeExplosively(FrameworkMethod.java:56)
	at org.junit.internal.runners.statements.InvokeMethod.evaluate(InvokeMethod.java:17)
	at org.junit.internal.runners.statements.RunAfters.evaluate(RunAfters.java:27)
	at org.junit.internal.runners.statements.FailOnTimeout$CallableStatement.call(FailOnTimeout.java:288)
	at org.junit.internal.runners.statements.FailOnTimeout$CallableStatement.call(FailOnTimeout.java:282)
	at java.util.concurrent.FutureTask.run(FutureTask.java:266)
	at java.lang.Thread.run(Thread.java:750)
08:42:32.741 [IPC Server handler 12 on default port 37485] ERROR OMAudit - user=runner | ip=127.0.0.1 | op=GET_FILE_STATUS {volume=volume23299, bucket=bucket63939, key=gdir1/dir8/child, dataSize=0, replicationConfig=null} | ret=FAILURE
org.apache.hadoop.ozone.om.exceptions.OMException: Unable to get file status: volume: volume23299 bucket: bucket63939 key: gdir1/dir8/child
	at org.apache.hadoop.ozone.om.KeyManagerImpl.getOzoneFileStatus(KeyManagerImpl.java:1270) ~[ozone-manager-1.3.0-SNAPSHOT.jar:?]
	at org.apache.hadoop.ozone.om.KeyManagerImpl.getFileStatus(KeyManagerImpl.java:1200) ~[ozone-manager-1.3.0-SNAPSHOT.jar:?]
	at org.apache.hadoop.ozone.om.OzoneManager.getFileStatus(OzoneManager.java:3507) ~[ozone-manager-1.3.0-SNAPSHOT.jar:?]
	at org.apache.hadoop.ozone.protocolPB.OzoneManagerRequestHandler.getOzoneFileStatus(OzoneManagerRequestHandler.java:882) ~[ozone-manager-1.3.0-SNAPSHOT.jar:?]
	at org.apache.hadoop.ozone.protocolPB.OzoneManagerRequestHandler.handleReadRequest(OzoneManagerRequestHandler.java:228) ~[ozone-manager-1.3.0-SNAPSHOT.jar:?]
	at org.apache.hadoop.ozone.protocolPB.OzoneManagerProtocolServerSideTranslatorPB.submitRequestDirectlyToOM(OzoneManagerProtocolServerSideTranslatorPB.java:276) ~[ozone-manager-1.3.0-SNAPSHOT.jar:?]
	at org.apache.hadoop.ozone.protocolPB.OzoneManagerProtocolServerSideTranslatorPB.processRequest(OzoneManagerProtocolServerSideTranslatorPB.java:205) ~[ozone-manager-1.3.0-SNAPSHOT.jar:?]
	at org.apache.hadoop.hdds.server.OzoneProtocolMessageDispatcher.processRequest(OzoneProtocolMessageDispatcher.java:87) [hdds-server-framework-1.3.0-SNAPSHOT.jar:?]
	at org.apache.hadoop.ozone.protocolPB.OzoneManagerProtocolServerSideTranslatorPB.submitRequest(OzoneManagerProtocolServerSideTranslatorPB.java:147) [ozone-manager-1.3.0-SNAPSHOT.jar:?]
	at org.apache.hadoop.ozone.protocol.proto.OzoneManagerProtocolProtos$OzoneManagerService$2.callBlockingMethod(OzoneManagerProtocolProtos.java) [ozone-interface-client-1.3.0-SNAPSHOT.jar:?]
	at org.apache.hadoop.ipc.ProtobufRpcEngine$Server.processCall(ProtobufRpcEngine.java:466) [hadoop-common-3.3.1.jar:?]
	at org.apache.hadoop.ipc.ProtobufRpcEngine2$Server$ProtoBufRpcInvoker.call(ProtobufRpcEngine2.java:574) [hadoop-common-3.3.1.jar:?]
	at org.apache.hadoop.ipc.ProtobufRpcEngine2$Server$ProtoBufRpcInvoker.call(ProtobufRpcEngine2.java:552) [hadoop-common-3.3.1.jar:?]
	at org.apache.hadoop.ipc.RPC$Server.call(RPC.java:1093) [hadoop-common-3.3.1.jar:?]
	at org.apache.hadoop.ipc.Server$RpcCall.run(Server.java:1035) [hadoop-common-3.3.1.jar:?]
	at org.apache.hadoop.ipc.Server$RpcCall.run(Server.java:963) [hadoop-common-3.3.1.jar:?]
	at java.security.AccessController.doPrivileged(Native Method) ~[?:1.8.0_345]
	at javax.security.auth.Subject.doAs(Subject.java:422) [?:1.8.0_345]
	at org.apache.hadoop.security.UserGroupInformation.doAs(UserGroupInformation.java:1878) [hadoop-common-3.3.1.jar:?]
	at org.apache.hadoop.ipc.Server$Handler.run(Server.java:2966) [hadoop-common-3.3.1.jar:?]
2022-10-10 08:42:32,742 [Time-limited test] WARN  ozone.BasicOzoneFileSystem (BasicOzoneFileSystem.java:getFileStatus(765)) - GetFileStatus failed for path /gdir1/dir8/child
java.io.FileNotFoundException: gdir1/dir8/child: No such file or directory!
	at org.apache.hadoop.fs.ozone.BasicOzoneClientAdapterImpl.getFileStatus(BasicOzoneClientAdapterImpl.java:369)
	at org.apache.hadoop.fs.ozone.BasicOzoneFileSystem.getFileStatus(BasicOzoneFileSystem.java:757)
	at org.apache.hadoop.fs.ozone.TestOzoneFileSystem.checkPath(TestOzoneFileSystem.java:502)
	at org.apache.hadoop.fs.ozone.TestOzoneFileSystem.testRecursiveDelete(TestOzoneFileSystem.java:458)
	at sun.reflect.NativeMethodAccessorImpl.invoke0(Native Method)
	at sun.reflect.NativeMethodAccessorImpl.invoke(NativeMethodAccessorImpl.java:62)
	at sun.reflect.DelegatingMethodAccessorImpl.invoke(DelegatingMethodAccessorImpl.java:43)
	at java.lang.reflect.Method.invoke(Method.java:498)
	at org.junit.runners.model.FrameworkMethod$1.runReflectiveCall(FrameworkMethod.java:59)
	at org.junit.internal.runners.model.ReflectiveCallable.run(ReflectiveCallable.java:12)
	at org.junit.runners.model.FrameworkMethod.invokeExplosively(FrameworkMethod.java:56)
	at org.junit.internal.runners.statements.InvokeMethod.evaluate(InvokeMethod.java:17)
	at org.junit.internal.runners.statements.RunAfters.evaluate(RunAfters.java:27)
	at org.junit.internal.runners.statements.FailOnTimeout$CallableStatement.call(FailOnTimeout.java:288)
	at org.junit.internal.runners.statements.FailOnTimeout$CallableStatement.call(FailOnTimeout.java:282)
	at java.util.concurrent.FutureTask.run(FutureTask.java:266)
	at java.lang.Thread.run(Thread.java:750)
08:42:32.743 [IPC Server handler 15 on default port 37485] ERROR OMAudit - user=runner | ip=127.0.0.1 | op=GET_FILE_STATUS {volume=volume23299, bucket=bucket63939, key=gdir1/dir9, dataSize=0, replicationConfig=null} | ret=FAILURE
org.apache.hadoop.ozone.om.exceptions.OMException: Unable to get file status: volume: volume23299 bucket: bucket63939 key: gdir1/dir9
	at org.apache.hadoop.ozone.om.KeyManagerImpl.getOzoneFileStatus(KeyManagerImpl.java:1270) ~[ozone-manager-1.3.0-SNAPSHOT.jar:?]
	at org.apache.hadoop.ozone.om.KeyManagerImpl.getFileStatus(KeyManagerImpl.java:1200) ~[ozone-manager-1.3.0-SNAPSHOT.jar:?]
	at org.apache.hadoop.ozone.om.OzoneManager.getFileStatus(OzoneManager.java:3507) ~[ozone-manager-1.3.0-SNAPSHOT.jar:?]
	at org.apache.hadoop.ozone.protocolPB.OzoneManagerRequestHandler.getOzoneFileStatus(OzoneManagerRequestHandler.java:882) ~[ozone-manager-1.3.0-SNAPSHOT.jar:?]
	at org.apache.hadoop.ozone.protocolPB.OzoneManagerRequestHandler.handleReadRequest(OzoneManagerRequestHandler.java:228) ~[ozone-manager-1.3.0-SNAPSHOT.jar:?]
	at org.apache.hadoop.ozone.protocolPB.OzoneManagerProtocolServerSideTranslatorPB.submitRequestDirectlyToOM(OzoneManagerProtocolServerSideTranslatorPB.java:276) ~[ozone-manager-1.3.0-SNAPSHOT.jar:?]
	at org.apache.hadoop.ozone.protocolPB.OzoneManagerProtocolServerSideTranslatorPB.processRequest(OzoneManagerProtocolServerSideTranslatorPB.java:205) ~[ozone-manager-1.3.0-SNAPSHOT.jar:?]
	at org.apache.hadoop.hdds.server.OzoneProtocolMessageDispatcher.processRequest(OzoneProtocolMessageDispatcher.java:87) [hdds-server-framework-1.3.0-SNAPSHOT.jar:?]
	at org.apache.hadoop.ozone.protocolPB.OzoneManagerProtocolServerSideTranslatorPB.submitRequest(OzoneManagerProtocolServerSideTranslatorPB.java:147) [ozone-manager-1.3.0-SNAPSHOT.jar:?]
	at org.apache.hadoop.ozone.protocol.proto.OzoneManagerProtocolProtos$OzoneManagerService$2.callBlockingMethod(OzoneManagerProtocolProtos.java) [ozone-interface-client-1.3.0-SNAPSHOT.jar:?]
	at org.apache.hadoop.ipc.ProtobufRpcEngine$Server.processCall(ProtobufRpcEngine.java:466) [hadoop-common-3.3.1.jar:?]
	at org.apache.hadoop.ipc.ProtobufRpcEngine2$Server$ProtoBufRpcInvoker.call(ProtobufRpcEngine2.java:574) [hadoop-common-3.3.1.jar:?]
	at org.apache.hadoop.ipc.ProtobufRpcEngine2$Server$ProtoBufRpcInvoker.call(ProtobufRpcEngine2.java:552) [hadoop-common-3.3.1.jar:?]
	at org.apache.hadoop.ipc.RPC$Server.call(RPC.java:1093) [hadoop-common-3.3.1.jar:?]
	at org.apache.hadoop.ipc.Server$RpcCall.run(Server.java:1035) [hadoop-common-3.3.1.jar:?]
	at org.apache.hadoop.ipc.Server$RpcCall.run(Server.java:963) [hadoop-common-3.3.1.jar:?]
	at java.security.AccessController.doPrivileged(Native Method) ~[?:1.8.0_345]
	at javax.security.auth.Subject.doAs(Subject.java:422) [?:1.8.0_345]
	at org.apache.hadoop.security.UserGroupInformation.doAs(UserGroupInformation.java:1878) [hadoop-common-3.3.1.jar:?]
	at org.apache.hadoop.ipc.Server$Handler.run(Server.java:2966) [hadoop-common-3.3.1.jar:?]
2022-10-10 08:42:32,748 [Time-limited test] WARN  ozone.BasicOzoneFileSystem (BasicOzoneFileSystem.java:getFileStatus(765)) - GetFileStatus failed for path /gdir1/dir9
java.io.FileNotFoundException: gdir1/dir9: No such file or directory!
	at org.apache.hadoop.fs.ozone.BasicOzoneClientAdapterImpl.getFileStatus(BasicOzoneClientAdapterImpl.java:369)
	at org.apache.hadoop.fs.ozone.BasicOzoneFileSystem.getFileStatus(BasicOzoneFileSystem.java:757)
	at org.apache.hadoop.fs.ozone.TestOzoneFileSystem.checkPath(TestOzoneFileSystem.java:502)
	at org.apache.hadoop.fs.ozone.TestOzoneFileSystem.testRecursiveDelete(TestOzoneFileSystem.java:457)
	at sun.reflect.NativeMethodAccessorImpl.invoke0(Native Method)
	at sun.reflect.NativeMethodAccessorImpl.invoke(NativeMethodAccessorImpl.java:62)
	at sun.reflect.DelegatingMethodAccessorImpl.invoke(DelegatingMethodAccessorImpl.java:43)
	at java.lang.reflect.Method.invoke(Method.java:498)
	at org.junit.runners.model.FrameworkMethod$1.runReflectiveCall(FrameworkMethod.java:59)
	at org.junit.internal.runners.model.ReflectiveCallable.run(ReflectiveCallable.java:12)
	at org.junit.runners.model.FrameworkMethod.invokeExplosively(FrameworkMethod.java:56)
	at org.junit.internal.runners.statements.InvokeMethod.evaluate(InvokeMethod.java:17)
	at org.junit.internal.runners.statements.RunAfters.evaluate(RunAfters.java:27)
	at org.junit.internal.runners.statements.FailOnTimeout$CallableStatement.call(FailOnTimeout.java:288)
	at org.junit.internal.runners.statements.FailOnTimeout$CallableStatement.call(FailOnTimeout.java:282)
	at java.util.concurrent.FutureTask.run(FutureTask.java:266)
	at java.lang.Thread.run(Thread.java:750)
08:42:32.750 [IPC Server handler 13 on default port 37485] ERROR OMAudit - user=runner | ip=127.0.0.1 | op=GET_FILE_STATUS {volume=volume23299, bucket=bucket63939, key=gdir1/dir9/child, dataSize=0, replicationConfig=null} | ret=FAILURE
org.apache.hadoop.ozone.om.exceptions.OMException: Unable to get file status: volume: volume23299 bucket: bucket63939 key: gdir1/dir9/child
	at org.apache.hadoop.ozone.om.KeyManagerImpl.getOzoneFileStatus(KeyManagerImpl.java:1270) ~[ozone-manager-1.3.0-SNAPSHOT.jar:?]
	at org.apache.hadoop.ozone.om.KeyManagerImpl.getFileStatus(KeyManagerImpl.java:1200) ~[ozone-manager-1.3.0-SNAPSHOT.jar:?]
	at org.apache.hadoop.ozone.om.OzoneManager.getFileStatus(OzoneManager.java:3507) ~[ozone-manager-1.3.0-SNAPSHOT.jar:?]
	at org.apache.hadoop.ozone.protocolPB.OzoneManagerRequestHandler.getOzoneFileStatus(OzoneManagerRequestHandler.java:882) ~[ozone-manager-1.3.0-SNAPSHOT.jar:?]
	at org.apache.hadoop.ozone.protocolPB.OzoneManagerRequestHandler.handleReadRequest(OzoneManagerRequestHandler.java:228) ~[ozone-manager-1.3.0-SNAPSHOT.jar:?]
	at org.apache.hadoop.ozone.protocolPB.OzoneManagerProtocolServerSideTranslatorPB.submitRequestDirectlyToOM(OzoneManagerProtocolServerSideTranslatorPB.java:276) ~[ozone-manager-1.3.0-SNAPSHOT.jar:?]
	at org.apache.hadoop.ozone.protocolPB.OzoneManagerProtocolServerSideTranslatorPB.processRequest(OzoneManagerProtocolServerSideTranslatorPB.java:205) ~[ozone-manager-1.3.0-SNAPSHOT.jar:?]
	at org.apache.hadoop.hdds.server.OzoneProtocolMessageDispatcher.processRequest(OzoneProtocolMessageDispatcher.java:87) [hdds-server-framework-1.3.0-SNAPSHOT.jar:?]
	at org.apache.hadoop.ozone.protocolPB.OzoneManagerProtocolServerSideTranslatorPB.submitRequest(OzoneManagerProtocolServerSideTranslatorPB.java:147) [ozone-manager-1.3.0-SNAPSHOT.jar:?]
	at org.apache.hadoop.ozone.protocol.proto.OzoneManagerProtocolProtos$OzoneManagerService$2.callBlockingMethod(OzoneManagerProtocolProtos.java) [ozone-interface-client-1.3.0-SNAPSHOT.jar:?]
	at org.apache.hadoop.ipc.ProtobufRpcEngine$Server.processCall(ProtobufRpcEngine.java:466) [hadoop-common-3.3.1.jar:?]
	at org.apache.hadoop.ipc.ProtobufRpcEngine2$Server$ProtoBufRpcInvoker.call(ProtobufRpcEngine2.java:574) [hadoop-common-3.3.1.jar:?]
	at org.apache.hadoop.ipc.ProtobufRpcEngine2$Server$ProtoBufRpcInvoker.call(ProtobufRpcEngine2.java:552) [hadoop-common-3.3.1.jar:?]
	at org.apache.hadoop.ipc.RPC$Server.call(RPC.java:1093) [hadoop-common-3.3.1.jar:?]
	at org.apache.hadoop.ipc.Server$RpcCall.run(Server.java:1035) [hadoop-common-3.3.1.jar:?]
	at org.apache.hadoop.ipc.Server$RpcCall.run(Server.java:963) [hadoop-common-3.3.1.jar:?]
	at java.security.AccessController.doPrivileged(Native Method) ~[?:1.8.0_345]
	at javax.security.auth.Subject.doAs(Subject.java:422) [?:1.8.0_345]
	at org.apache.hadoop.security.UserGroupInformation.doAs(UserGroupInformation.java:1878) [hadoop-common-3.3.1.jar:?]
	at org.apache.hadoop.ipc.Server$Handler.run(Server.java:2966) [hadoop-common-3.3.1.jar:?]
2022-10-10 08:42:32,750 [Time-limited test] WARN  ozone.BasicOzoneFileSystem (BasicOzoneFileSystem.java:getFileStatus(765)) - GetFileStatus failed for path /gdir1/dir9/child
java.io.FileNotFoundException: gdir1/dir9/child: No such file or directory!
	at org.apache.hadoop.fs.ozone.BasicOzoneClientAdapterImpl.getFileStatus(BasicOzoneClientAdapterImpl.java:369)
	at org.apache.hadoop.fs.ozone.BasicOzoneFileSystem.getFileStatus(BasicOzoneFileSystem.java:757)
	at org.apache.hadoop.fs.ozone.TestOzoneFileSystem.checkPath(TestOzoneFileSystem.java:502)
	at org.apache.hadoop.fs.ozone.TestOzoneFileSystem.testRecursiveDelete(TestOzoneFileSystem.java:458)
	at sun.reflect.NativeMethodAccessorImpl.invoke0(Native Method)
	at sun.reflect.NativeMethodAccessorImpl.invoke(NativeMethodAccessorImpl.java:62)
	at sun.reflect.DelegatingMethodAccessorImpl.invoke(DelegatingMethodAccessorImpl.java:43)
	at java.lang.reflect.Method.invoke(Method.java:498)
	at org.junit.runners.model.FrameworkMethod$1.runReflectiveCall(FrameworkMethod.java:59)
	at org.junit.internal.runners.model.ReflectiveCallable.run(ReflectiveCallable.java:12)
	at org.junit.runners.model.FrameworkMethod.invokeExplosively(FrameworkMethod.java:56)
	at org.junit.internal.runners.statements.InvokeMethod.evaluate(InvokeMethod.java:17)
	at org.junit.internal.runners.statements.RunAfters.evaluate(RunAfters.java:27)
	at org.junit.internal.runners.statements.FailOnTimeout$CallableStatement.call(FailOnTimeout.java:288)
	at org.junit.internal.runners.statements.FailOnTimeout$CallableStatement.call(FailOnTimeout.java:282)
	at java.util.concurrent.FutureTask.run(FutureTask.java:266)
	at java.lang.Thread.run(Thread.java:750)
08:42:32.751 [IPC Server handler 8 on default port 37485] ERROR OMAudit - user=runner | ip=127.0.0.1 | op=GET_FILE_STATUS {volume=volume23299, bucket=bucket63939, key=gdir1/dir10, dataSize=0, replicationConfig=null} | ret=FAILURE
org.apache.hadoop.ozone.om.exceptions.OMException: Unable to get file status: volume: volume23299 bucket: bucket63939 key: gdir1/dir10
	at org.apache.hadoop.ozone.om.KeyManagerImpl.getOzoneFileStatus(KeyManagerImpl.java:1270) ~[ozone-manager-1.3.0-SNAPSHOT.jar:?]
	at org.apache.hadoop.ozone.om.KeyManagerImpl.getFileStatus(KeyManagerImpl.java:1200) ~[ozone-manager-1.3.0-SNAPSHOT.jar:?]
	at org.apache.hadoop.ozone.om.OzoneManager.getFileStatus(OzoneManager.java:3507) ~[ozone-manager-1.3.0-SNAPSHOT.jar:?]
	at org.apache.hadoop.ozone.protocolPB.OzoneManagerRequestHandler.getOzoneFileStatus(OzoneManagerRequestHandler.java:882) ~[ozone-manager-1.3.0-SNAPSHOT.jar:?]
	at org.apache.hadoop.ozone.protocolPB.OzoneManagerRequestHandler.handleReadRequest(OzoneManagerRequestHandler.java:228) ~[ozone-manager-1.3.0-SNAPSHOT.jar:?]
	at org.apache.hadoop.ozone.protocolPB.OzoneManagerProtocolServerSideTranslatorPB.submitRequestDirectlyToOM(OzoneManagerProtocolServerSideTranslatorPB.java:276) ~[ozone-manager-1.3.0-SNAPSHOT.jar:?]
	at org.apache.hadoop.ozone.protocolPB.OzoneManagerProtocolServerSideTranslatorPB.processRequest(OzoneManagerProtocolServerSideTranslatorPB.java:205) ~[ozone-manager-1.3.0-SNAPSHOT.jar:?]
	at org.apache.hadoop.hdds.server.OzoneProtocolMessageDispatcher.processRequest(OzoneProtocolMessageDispatcher.java:87) [hdds-server-framework-1.3.0-SNAPSHOT.jar:?]
	at org.apache.hadoop.ozone.protocolPB.OzoneManagerProtocolServerSideTranslatorPB.submitRequest(OzoneManagerProtocolServerSideTranslatorPB.java:147) [ozone-manager-1.3.0-SNAPSHOT.jar:?]
	at org.apache.hadoop.ozone.protocol.proto.OzoneManagerProtocolProtos$OzoneManagerService$2.callBlockingMethod(OzoneManagerProtocolProtos.java) [ozone-interface-client-1.3.0-SNAPSHOT.jar:?]
	at org.apache.hadoop.ipc.ProtobufRpcEngine$Server.processCall(ProtobufRpcEngine.java:466) [hadoop-common-3.3.1.jar:?]
	at org.apache.hadoop.ipc.ProtobufRpcEngine2$Server$ProtoBufRpcInvoker.call(ProtobufRpcEngine2.java:574) [hadoop-common-3.3.1.jar:?]
	at org.apache.hadoop.ipc.ProtobufRpcEngine2$Server$ProtoBufRpcInvoker.call(ProtobufRpcEngine2.java:552) [hadoop-common-3.3.1.jar:?]
	at org.apache.hadoop.ipc.RPC$Server.call(RPC.java:1093) [hadoop-common-3.3.1.jar:?]
	at org.apache.hadoop.ipc.Server$RpcCall.run(Server.java:1035) [hadoop-common-3.3.1.jar:?]
	at org.apache.hadoop.ipc.Server$RpcCall.run(Server.java:963) [hadoop-common-3.3.1.jar:?]
	at java.security.AccessController.doPrivileged(Native Method) ~[?:1.8.0_345]
	at javax.security.auth.Subject.doAs(Subject.java:422) [?:1.8.0_345]
	at org.apache.hadoop.security.UserGroupInformation.doAs(UserGroupInformation.java:1878) [hadoop-common-3.3.1.jar:?]
	at org.apache.hadoop.ipc.Server$Handler.run(Server.java:2966) [hadoop-common-3.3.1.jar:?]
2022-10-10 08:42:32,763 [Time-limited test] WARN  ozone.BasicOzoneFileSystem (BasicOzoneFileSystem.java:getFileStatus(765)) - GetFileStatus failed for path /gdir1/dir10
java.io.FileNotFoundException: gdir1/dir10: No such file or directory!
	at org.apache.hadoop.fs.ozone.BasicOzoneClientAdapterImpl.getFileStatus(BasicOzoneClientAdapterImpl.java:369)
	at org.apache.hadoop.fs.ozone.BasicOzoneFileSystem.getFileStatus(BasicOzoneFileSystem.java:757)
	at org.apache.hadoop.fs.ozone.TestOzoneFileSystem.checkPath(TestOzoneFileSystem.java:502)
	at org.apache.hadoop.fs.ozone.TestOzoneFileSystem.testRecursiveDelete(TestOzoneFileSystem.java:457)
	at sun.reflect.NativeMethodAccessorImpl.invoke0(Native Method)
	at sun.reflect.NativeMethodAccessorImpl.invoke(NativeMethodAccessorImpl.java:62)
	at sun.reflect.DelegatingMethodAccessorImpl.invoke(DelegatingMethodAccessorImpl.java:43)
	at java.lang.reflect.Method.invoke(Method.java:498)
	at org.junit.runners.model.FrameworkMethod$1.runReflectiveCall(FrameworkMethod.java:59)
	at org.junit.internal.runners.model.ReflectiveCallable.run(ReflectiveCallable.java:12)
	at org.junit.runners.model.FrameworkMethod.invokeExplosively(FrameworkMethod.java:56)
	at org.junit.internal.runners.statements.InvokeMethod.evaluate(InvokeMethod.java:17)
	at org.junit.internal.runners.statements.RunAfters.evaluate(RunAfters.java:27)
	at org.junit.internal.runners.statements.FailOnTimeout$CallableStatement.call(FailOnTimeout.java:288)
	at org.junit.internal.runners.statements.FailOnTimeout$CallableStatement.call(FailOnTimeout.java:282)
	at java.util.concurrent.FutureTask.run(FutureTask.java:266)
	at java.lang.Thread.run(Thread.java:750)
08:42:32.796 [IPC Server handler 14 on default port 37485] ERROR OMAudit - user=runner | ip=127.0.0.1 | op=GET_FILE_STATUS {volume=volume23299, bucket=bucket63939, key=gdir1/dir10/child, dataSize=0, replicationConfig=null} | ret=FAILURE
org.apache.hadoop.ozone.om.exceptions.OMException: Unable to get file status: volume: volume23299 bucket: bucket63939 key: gdir1/dir10/child
	at org.apache.hadoop.ozone.om.KeyManagerImpl.getOzoneFileStatus(KeyManagerImpl.java:1270) ~[ozone-manager-1.3.0-SNAPSHOT.jar:?]
	at org.apache.hadoop.ozone.om.KeyManagerImpl.getFileStatus(KeyManagerImpl.java:1200) ~[ozone-manager-1.3.0-SNAPSHOT.jar:?]
	at org.apache.hadoop.ozone.om.OzoneManager.getFileStatus(OzoneManager.java:3507) ~[ozone-manager-1.3.0-SNAPSHOT.jar:?]
	at org.apache.hadoop.ozone.protocolPB.OzoneManagerRequestHandler.getOzoneFileStatus(OzoneManagerRequestHandler.java:882) ~[ozone-manager-1.3.0-SNAPSHOT.jar:?]
	at org.apache.hadoop.ozone.protocolPB.OzoneManagerRequestHandler.handleReadRequest(OzoneManagerRequestHandler.java:228) ~[ozone-manager-1.3.0-SNAPSHOT.jar:?]
	at org.apache.hadoop.ozone.protocolPB.OzoneManagerProtocolServerSideTranslatorPB.submitRequestDirectlyToOM(OzoneManagerProtocolServerSideTranslatorPB.java:276) ~[ozone-manager-1.3.0-SNAPSHOT.jar:?]
	at org.apache.hadoop.ozone.protocolPB.OzoneManagerProtocolServerSideTranslatorPB.processRequest(OzoneManagerProtocolServerSideTranslatorPB.java:205) ~[ozone-manager-1.3.0-SNAPSHOT.jar:?]
	at org.apache.hadoop.hdds.server.OzoneProtocolMessageDispatcher.processRequest(OzoneProtocolMessageDispatcher.java:87) [hdds-server-framework-1.3.0-SNAPSHOT.jar:?]
	at org.apache.hadoop.ozone.protocolPB.OzoneManagerProtocolServerSideTranslatorPB.submitRequest(OzoneManagerProtocolServerSideTranslatorPB.java:147) [ozone-manager-1.3.0-SNAPSHOT.jar:?]
	at org.apache.hadoop.ozone.protocol.proto.OzoneManagerProtocolProtos$OzoneManagerService$2.callBlockingMethod(OzoneManagerProtocolProtos.java) [ozone-interface-client-1.3.0-SNAPSHOT.jar:?]
	at org.apache.hadoop.ipc.ProtobufRpcEngine$Server.processCall(ProtobufRpcEngine.java:466) [hadoop-common-3.3.1.jar:?]
	at org.apache.hadoop.ipc.ProtobufRpcEngine2$Server$ProtoBufRpcInvoker.call(ProtobufRpcEngine2.java:574) [hadoop-common-3.3.1.jar:?]
	at org.apache.hadoop.ipc.ProtobufRpcEngine2$Server$ProtoBufRpcInvoker.call(ProtobufRpcEngine2.java:552) [hadoop-common-3.3.1.jar:?]
	at org.apache.hadoop.ipc.RPC$Server.call(RPC.java:1093) [hadoop-common-3.3.1.jar:?]
	at org.apache.hadoop.ipc.Server$RpcCall.run(Server.java:1035) [hadoop-common-3.3.1.jar:?]
	at org.apache.hadoop.ipc.Server$RpcCall.run(Server.java:963) [hadoop-common-3.3.1.jar:?]
	at java.security.AccessController.doPrivileged(Native Method) ~[?:1.8.0_345]
	at javax.security.auth.Subject.doAs(Subject.java:422) [?:1.8.0_345]
	at org.apache.hadoop.security.UserGroupInformation.doAs(UserGroupInformation.java:1878) [hadoop-common-3.3.1.jar:?]
	at org.apache.hadoop.ipc.Server$Handler.run(Server.java:2966) [hadoop-common-3.3.1.jar:?]
2022-10-10 08:42:32,800 [Time-limited test] WARN  ozone.BasicOzoneFileSystem (BasicOzoneFileSystem.java:getFileStatus(765)) - GetFileStatus failed for path /gdir1/dir10/child
java.io.FileNotFoundException: gdir1/dir10/child: No such file or directory!
	at org.apache.hadoop.fs.ozone.BasicOzoneClientAdapterImpl.getFileStatus(BasicOzoneClientAdapterImpl.java:369)
	at org.apache.hadoop.fs.ozone.BasicOzoneFileSystem.getFileStatus(BasicOzoneFileSystem.java:757)
	at org.apache.hadoop.fs.ozone.TestOzoneFileSystem.checkPath(TestOzoneFileSystem.java:502)
	at org.apache.hadoop.fs.ozone.TestOzoneFileSystem.testRecursiveDelete(TestOzoneFileSystem.java:458)
	at sun.reflect.NativeMethodAccessorImpl.invoke0(Native Method)
	at sun.reflect.NativeMethodAccessorImpl.invoke(NativeMethodAccessorImpl.java:62)
	at sun.reflect.DelegatingMethodAccessorImpl.invoke(DelegatingMethodAccessorImpl.java:43)
	at java.lang.reflect.Method.invoke(Method.java:498)
	at org.junit.runners.model.FrameworkMethod$1.runReflectiveCall(FrameworkMethod.java:59)
	at org.junit.internal.runners.model.ReflectiveCallable.run(ReflectiveCallable.java:12)
	at org.junit.runners.model.FrameworkMethod.invokeExplosively(FrameworkMethod.java:56)
	at org.junit.internal.runners.statements.InvokeMethod.evaluate(InvokeMethod.java:17)
	at org.junit.internal.runners.statements.RunAfters.evaluate(RunAfters.java:27)
	at org.junit.internal.runners.statements.FailOnTimeout$CallableStatement.call(FailOnTimeout.java:288)
	at org.junit.internal.runners.statements.FailOnTimeout$CallableStatement.call(FailOnTimeout.java:282)
	at java.util.concurrent.FutureTask.run(FutureTask.java:266)
	at java.lang.Thread.run(Thread.java:750)
08:42:32.889 [IPC Server handler 7 on default port 37485] ERROR OMAudit - user=runner | ip=127.0.0.1 | op=GET_FILE_STATUS {volume=volume23299, bucket=bucket63939, key=level0, dataSize=0, replicationConfig=null} | ret=FAILURE
org.apache.hadoop.ozone.om.exceptions.OMException: Unable to get file status: volume: volume23299 bucket: bucket63939 key: level0
	at org.apache.hadoop.ozone.om.KeyManagerImpl.getOzoneFileStatus(KeyManagerImpl.java:1270) ~[ozone-manager-1.3.0-SNAPSHOT.jar:?]
	at org.apache.hadoop.ozone.om.KeyManagerImpl.getFileStatus(KeyManagerImpl.java:1200) ~[ozone-manager-1.3.0-SNAPSHOT.jar:?]
	at org.apache.hadoop.ozone.om.OzoneManager.getFileStatus(OzoneManager.java:3507) ~[ozone-manager-1.3.0-SNAPSHOT.jar:?]
	at org.apache.hadoop.ozone.protocolPB.OzoneManagerRequestHandler.getOzoneFileStatus(OzoneManagerRequestHandler.java:882) ~[ozone-manager-1.3.0-SNAPSHOT.jar:?]
	at org.apache.hadoop.ozone.protocolPB.OzoneManagerRequestHandler.handleReadRequest(OzoneManagerRequestHandler.java:228) ~[ozone-manager-1.3.0-SNAPSHOT.jar:?]
	at org.apache.hadoop.ozone.protocolPB.OzoneManagerProtocolServerSideTranslatorPB.submitRequestDirectlyToOM(OzoneManagerProtocolServerSideTranslatorPB.java:276) ~[ozone-manager-1.3.0-SNAPSHOT.jar:?]
	at org.apache.hadoop.ozone.protocolPB.OzoneManagerProtocolServerSideTranslatorPB.processRequest(OzoneManagerProtocolServerSideTranslatorPB.java:205) ~[ozone-manager-1.3.0-SNAPSHOT.jar:?]
	at org.apache.hadoop.hdds.server.OzoneProtocolMessageDispatcher.processRequest(OzoneProtocolMessageDispatcher.java:87) [hdds-server-framework-1.3.0-SNAPSHOT.jar:?]
	at org.apache.hadoop.ozone.protocolPB.OzoneManagerProtocolServerSideTranslatorPB.submitRequest(OzoneManagerProtocolServerSideTranslatorPB.java:147) [ozone-manager-1.3.0-SNAPSHOT.jar:?]
	at org.apache.hadoop.ozone.protocol.proto.OzoneManagerProtocolProtos$OzoneManagerService$2.callBlockingMethod(OzoneManagerProtocolProtos.java) [ozone-interface-client-1.3.0-SNAPSHOT.jar:?]
	at org.apache.hadoop.ipc.ProtobufRpcEngine$Server.processCall(ProtobufRpcEngine.java:466) [hadoop-common-3.3.1.jar:?]
	at org.apache.hadoop.ipc.ProtobufRpcEngine2$Server$ProtoBufRpcInvoker.call(ProtobufRpcEngine2.java:574) [hadoop-common-3.3.1.jar:?]
	at org.apache.hadoop.ipc.ProtobufRpcEngine2$Server$ProtoBufRpcInvoker.call(ProtobufRpcEngine2.java:552) [hadoop-common-3.3.1.jar:?]
	at org.apache.hadoop.ipc.RPC$Server.call(RPC.java:1093) [hadoop-common-3.3.1.jar:?]
	at org.apache.hadoop.ipc.Server$RpcCall.run(Server.java:1035) [hadoop-common-3.3.1.jar:?]
	at org.apache.hadoop.ipc.Server$RpcCall.run(Server.java:963) [hadoop-common-3.3.1.jar:?]
	at java.security.AccessController.doPrivileged(Native Method) ~[?:1.8.0_345]
	at javax.security.auth.Subject.doAs(Subject.java:422) [?:1.8.0_345]
	at org.apache.hadoop.security.UserGroupInformation.doAs(UserGroupInformation.java:1878) [hadoop-common-3.3.1.jar:?]
	at org.apache.hadoop.ipc.Server$Handler.run(Server.java:2966) [hadoop-common-3.3.1.jar:?]
2022-10-10 08:42:32,893 [Time-limited test] WARN  ozone.BasicOzoneFileSystem (BasicOzoneFileSystem.java:getFileStatus(765)) - GetFileStatus failed for path /level0
java.io.FileNotFoundException: level0: No such file or directory!
	at org.apache.hadoop.fs.ozone.BasicOzoneClientAdapterImpl.getFileStatus(BasicOzoneClientAdapterImpl.java:369)
	at org.apache.hadoop.fs.ozone.BasicOzoneFileSystem.getFileStatus(BasicOzoneFileSystem.java:757)
	at org.apache.hadoop.fs.ozone.TestOzoneFileSystem.checkPath(TestOzoneFileSystem.java:502)
	at org.apache.hadoop.fs.ozone.TestOzoneFileSystem.testRecursiveDelete(TestOzoneFileSystem.java:486)
	at sun.reflect.NativeMethodAccessorImpl.invoke0(Native Method)
	at sun.reflect.NativeMethodAccessorImpl.invoke(NativeMethodAccessorImpl.java:62)
	at sun.reflect.DelegatingMethodAccessorImpl.invoke(DelegatingMethodAccessorImpl.java:43)
	at java.lang.reflect.Method.invoke(Method.java:498)
	at org.junit.runners.model.FrameworkMethod$1.runReflectiveCall(FrameworkMethod.java:59)
	at org.junit.internal.runners.model.ReflectiveCallable.run(ReflectiveCallable.java:12)
	at org.junit.runners.model.FrameworkMethod.invokeExplosively(FrameworkMethod.java:56)
	at org.junit.internal.runners.statements.InvokeMethod.evaluate(InvokeMethod.java:17)
	at org.junit.internal.runners.statements.RunAfters.evaluate(RunAfters.java:27)
	at org.junit.internal.runners.statements.FailOnTimeout$CallableStatement.call(FailOnTimeout.java:288)
	at org.junit.internal.runners.statements.FailOnTimeout$CallableStatement.call(FailOnTimeout.java:282)
	at java.util.concurrent.FutureTask.run(FutureTask.java:266)
	at java.lang.Thread.run(Thread.java:750)
08:42:32.896 [IPC Server handler 18 on default port 37485] ERROR OMAudit - user=runner | ip=127.0.0.1 | op=GET_FILE_STATUS {volume=volume23299, bucket=bucket63939, key=level0/level1, dataSize=0, replicationConfig=null} | ret=FAILURE
org.apache.hadoop.ozone.om.exceptions.OMException: Unable to get file status: volume: volume23299 bucket: bucket63939 key: level0/level1
	at org.apache.hadoop.ozone.om.KeyManagerImpl.getOzoneFileStatus(KeyManagerImpl.java:1270) ~[ozone-manager-1.3.0-SNAPSHOT.jar:?]
	at org.apache.hadoop.ozone.om.KeyManagerImpl.getFileStatus(KeyManagerImpl.java:1200) ~[ozone-manager-1.3.0-SNAPSHOT.jar:?]
	at org.apache.hadoop.ozone.om.OzoneManager.getFileStatus(OzoneManager.java:3507) ~[ozone-manager-1.3.0-SNAPSHOT.jar:?]
	at org.apache.hadoop.ozone.protocolPB.OzoneManagerRequestHandler.getOzoneFileStatus(OzoneManagerRequestHandler.java:882) ~[ozone-manager-1.3.0-SNAPSHOT.jar:?]
	at org.apache.hadoop.ozone.protocolPB.OzoneManagerRequestHandler.handleReadRequest(OzoneManagerRequestHandler.java:228) ~[ozone-manager-1.3.0-SNAPSHOT.jar:?]
	at org.apache.hadoop.ozone.protocolPB.OzoneManagerProtocolServerSideTranslatorPB.submitRequestDirectlyToOM(OzoneManagerProtocolServerSideTranslatorPB.java:276) ~[ozone-manager-1.3.0-SNAPSHOT.jar:?]
	at org.apache.hadoop.ozone.protocolPB.OzoneManagerProtocolServerSideTranslatorPB.processRequest(OzoneManagerProtocolServerSideTranslatorPB.java:205) ~[ozone-manager-1.3.0-SNAPSHOT.jar:?]
	at org.apache.hadoop.hdds.server.OzoneProtocolMessageDispatcher.processRequest(OzoneProtocolMessageDispatcher.java:87) [hdds-server-framework-1.3.0-SNAPSHOT.jar:?]
	at org.apache.hadoop.ozone.protocolPB.OzoneManagerProtocolServerSideTranslatorPB.submitRequest(OzoneManagerProtocolServerSideTranslatorPB.java:147) [ozone-manager-1.3.0-SNAPSHOT.jar:?]
	at org.apache.hadoop.ozone.protocol.proto.OzoneManagerProtocolProtos$OzoneManagerService$2.callBlockingMethod(OzoneManagerProtocolProtos.java) [ozone-interface-client-1.3.0-SNAPSHOT.jar:?]
	at org.apache.hadoop.ipc.ProtobufRpcEngine$Server.processCall(ProtobufRpcEngine.java:466) [hadoop-common-3.3.1.jar:?]
	at org.apache.hadoop.ipc.ProtobufRpcEngine2$Server$ProtoBufRpcInvoker.call(ProtobufRpcEngine2.java:574) [hadoop-common-3.3.1.jar:?]
	at org.apache.hadoop.ipc.ProtobufRpcEngine2$Server$ProtoBufRpcInvoker.call(ProtobufRpcEngine2.java:552) [hadoop-common-3.3.1.jar:?]
	at org.apache.hadoop.ipc.RPC$Server.call(RPC.java:1093) [hadoop-common-3.3.1.jar:?]
	at org.apache.hadoop.ipc.Server$RpcCall.run(Server.java:1035) [hadoop-common-3.3.1.jar:?]
	at org.apache.hadoop.ipc.Server$RpcCall.run(Server.java:963) [hadoop-common-3.3.1.jar:?]
	at java.security.AccessController.doPrivileged(Native Method) ~[?:1.8.0_345]
	at javax.security.auth.Subject.doAs(Subject.java:422) [?:1.8.0_345]
	at org.apache.hadoop.security.UserGroupInformation.doAs(UserGroupInformation.java:1878) [hadoop-common-3.3.1.jar:?]
	at org.apache.hadoop.ipc.Server$Handler.run(Server.java:2966) [hadoop-common-3.3.1.jar:?]
2022-10-10 08:42:32,896 [Time-limited test] WARN  ozone.BasicOzoneFileSystem (BasicOzoneFileSystem.java:getFileStatus(765)) - GetFileStatus failed for path /level0/level1
java.io.FileNotFoundException: level0/level1: No such file or directory!
	at org.apache.hadoop.fs.ozone.BasicOzoneClientAdapterImpl.getFileStatus(BasicOzoneClientAdapterImpl.java:369)
	at org.apache.hadoop.fs.ozone.BasicOzoneFileSystem.getFileStatus(BasicOzoneFileSystem.java:757)
	at org.apache.hadoop.fs.ozone.TestOzoneFileSystem.checkPath(TestOzoneFileSystem.java:502)
	at org.apache.hadoop.fs.ozone.TestOzoneFileSystem.testRecursiveDelete(TestOzoneFileSystem.java:493)
	at sun.reflect.NativeMethodAccessorImpl.invoke0(Native Method)
	at sun.reflect.NativeMethodAccessorImpl.invoke(NativeMethodAccessorImpl.java:62)
	at sun.reflect.DelegatingMethodAccessorImpl.invoke(DelegatingMethodAccessorImpl.java:43)
	at java.lang.reflect.Method.invoke(Method.java:498)
	at org.junit.runners.model.FrameworkMethod$1.runReflectiveCall(FrameworkMethod.java:59)
	at org.junit.internal.runners.model.ReflectiveCallable.run(ReflectiveCallable.java:12)
	at org.junit.runners.model.FrameworkMethod.invokeExplosively(FrameworkMethod.java:56)
	at org.junit.internal.runners.statements.InvokeMethod.evaluate(InvokeMethod.java:17)
	at org.junit.internal.runners.statements.RunAfters.evaluate(RunAfters.java:27)
	at org.junit.internal.runners.statements.FailOnTimeout$CallableStatement.call(FailOnTimeout.java:288)
	at org.junit.internal.runners.statements.FailOnTimeout$CallableStatement.call(FailOnTimeout.java:282)
	at java.util.concurrent.FutureTask.run(FutureTask.java:266)
	at java.lang.Thread.run(Thread.java:750)
08:42:32.897 [IPC Server handler 12 on default port 37485] ERROR OMAudit - user=runner | ip=127.0.0.1 | op=GET_FILE_STATUS {volume=volume23299, bucket=bucket63939, key=level0/level1/level1, dataSize=0, replicationConfig=null} | ret=FAILURE
org.apache.hadoop.ozone.om.exceptions.OMException: Unable to get file status: volume: volume23299 bucket: bucket63939 key: level0/level1/level1
	at org.apache.hadoop.ozone.om.KeyManagerImpl.getOzoneFileStatus(KeyManagerImpl.java:1270) ~[ozone-manager-1.3.0-SNAPSHOT.jar:?]
	at org.apache.hadoop.ozone.om.KeyManagerImpl.getFileStatus(KeyManagerImpl.java:1200) ~[ozone-manager-1.3.0-SNAPSHOT.jar:?]
	at org.apache.hadoop.ozone.om.OzoneManager.getFileStatus(OzoneManager.java:3507) ~[ozone-manager-1.3.0-SNAPSHOT.jar:?]
	at org.apache.hadoop.ozone.protocolPB.OzoneManagerRequestHandler.getOzoneFileStatus(OzoneManagerRequestHandler.java:882) ~[ozone-manager-1.3.0-SNAPSHOT.jar:?]
	at org.apache.hadoop.ozone.protocolPB.OzoneManagerRequestHandler.handleReadRequest(OzoneManagerRequestHandler.java:228) ~[ozone-manager-1.3.0-SNAPSHOT.jar:?]
	at org.apache.hadoop.ozone.protocolPB.OzoneManagerProtocolServerSideTranslatorPB.submitRequestDirectlyToOM(OzoneManagerProtocolServerSideTranslatorPB.java:276) ~[ozone-manager-1.3.0-SNAPSHOT.jar:?]
	at org.apache.hadoop.ozone.protocolPB.OzoneManagerProtocolServerSideTranslatorPB.processRequest(OzoneManagerProtocolServerSideTranslatorPB.java:205) ~[ozone-manager-1.3.0-SNAPSHOT.jar:?]
	at org.apache.hadoop.hdds.server.OzoneProtocolMessageDispatcher.processRequest(OzoneProtocolMessageDispatcher.java:87) [hdds-server-framework-1.3.0-SNAPSHOT.jar:?]
	at org.apache.hadoop.ozone.protocolPB.OzoneManagerProtocolServerSideTranslatorPB.submitRequest(OzoneManagerProtocolServerSideTranslatorPB.java:147) [ozone-manager-1.3.0-SNAPSHOT.jar:?]
	at org.apache.hadoop.ozone.protocol.proto.OzoneManagerProtocolProtos$OzoneManagerService$2.callBlockingMethod(OzoneManagerProtocolProtos.java) [ozone-interface-client-1.3.0-SNAPSHOT.jar:?]
	at org.apache.hadoop.ipc.ProtobufRpcEngine$Server.processCall(ProtobufRpcEngine.java:466) [hadoop-common-3.3.1.jar:?]
	at org.apache.hadoop.ipc.ProtobufRpcEngine2$Server$ProtoBufRpcInvoker.call(ProtobufRpcEngine2.java:574) [hadoop-common-3.3.1.jar:?]
	at org.apache.hadoop.ipc.ProtobufRpcEngine2$Server$ProtoBufRpcInvoker.call(ProtobufRpcEngine2.java:552) [hadoop-common-3.3.1.jar:?]
	at org.apache.hadoop.ipc.RPC$Server.call(RPC.java:1093) [hadoop-common-3.3.1.jar:?]
	at org.apache.hadoop.ipc.Server$RpcCall.run(Server.java:1035) [hadoop-common-3.3.1.jar:?]
	at org.apache.hadoop.ipc.Server$RpcCall.run(Server.java:963) [hadoop-common-3.3.1.jar:?]
	at java.security.AccessController.doPrivileged(Native Method) ~[?:1.8.0_345]
	at javax.security.auth.Subject.doAs(Subject.java:422) [?:1.8.0_345]
	at org.apache.hadoop.security.UserGroupInformation.doAs(UserGroupInformation.java:1878) [hadoop-common-3.3.1.jar:?]
	at org.apache.hadoop.ipc.Server$Handler.run(Server.java:2966) [hadoop-common-3.3.1.jar:?]
2022-10-10 08:42:32,898 [Time-limited test] WARN  ozone.BasicOzoneFileSystem (BasicOzoneFileSystem.java:getFileStatus(765)) - GetFileStatus failed for path /level0/level1/level1
java.io.FileNotFoundException: level0/level1/level1: No such file or directory!
	at org.apache.hadoop.fs.ozone.BasicOzoneClientAdapterImpl.getFileStatus(BasicOzoneClientAdapterImpl.java:369)
	at org.apache.hadoop.fs.ozone.BasicOzoneFileSystem.getFileStatus(BasicOzoneFileSystem.java:757)
	at org.apache.hadoop.fs.ozone.TestOzoneFileSystem.checkPath(TestOzoneFileSystem.java:502)
	at org.apache.hadoop.fs.ozone.TestOzoneFileSystem.testRecursiveDelete(TestOzoneFileSystem.java:494)
	at sun.reflect.NativeMethodAccessorImpl.invoke0(Native Method)
	at sun.reflect.NativeMethodAccessorImpl.invoke(NativeMethodAccessorImpl.java:62)
	at sun.reflect.DelegatingMethodAccessorImpl.invoke(DelegatingMethodAccessorImpl.java:43)
	at java.lang.reflect.Method.invoke(Method.java:498)
	at org.junit.runners.model.FrameworkMethod$1.runReflectiveCall(FrameworkMethod.java:59)
	at org.junit.internal.runners.model.ReflectiveCallable.run(ReflectiveCallable.java:12)
	at org.junit.runners.model.FrameworkMethod.invokeExplosively(FrameworkMethod.java:56)
	at org.junit.internal.runners.statements.InvokeMethod.evaluate(InvokeMethod.java:17)
	at org.junit.internal.runners.statements.RunAfters.evaluate(RunAfters.java:27)
	at org.junit.internal.runners.statements.FailOnTimeout$CallableStatement.call(FailOnTimeout.java:288)
	at org.junit.internal.runners.statements.FailOnTimeout$CallableStatement.call(FailOnTimeout.java:282)
	at java.util.concurrent.FutureTask.run(FutureTask.java:266)
	at java.lang.Thread.run(Thread.java:750)
08:42:32.899 [IPC Server handler 15 on default port 37485] ERROR OMAudit - user=runner | ip=127.0.0.1 | op=GET_FILE_STATUS {volume=volume23299, bucket=bucket63939, key=level0/level1/file1, dataSize=0, replicationConfig=null} | ret=FAILURE
org.apache.hadoop.ozone.om.exceptions.OMException: Unable to get file status: volume: volume23299 bucket: bucket63939 key: level0/level1/file1
	at org.apache.hadoop.ozone.om.KeyManagerImpl.getOzoneFileStatus(KeyManagerImpl.java:1270) ~[ozone-manager-1.3.0-SNAPSHOT.jar:?]
	at org.apache.hadoop.ozone.om.KeyManagerImpl.getFileStatus(KeyManagerImpl.java:1200) ~[ozone-manager-1.3.0-SNAPSHOT.jar:?]
	at org.apache.hadoop.ozone.om.OzoneManager.getFileStatus(OzoneManager.java:3507) ~[ozone-manager-1.3.0-SNAPSHOT.jar:?]
	at org.apache.hadoop.ozone.protocolPB.OzoneManagerRequestHandler.getOzoneFileStatus(OzoneManagerRequestHandler.java:882) ~[ozone-manager-1.3.0-SNAPSHOT.jar:?]
	at org.apache.hadoop.ozone.protocolPB.OzoneManagerRequestHandler.handleReadRequest(OzoneManagerRequestHandler.java:228) ~[ozone-manager-1.3.0-SNAPSHOT.jar:?]
	at org.apache.hadoop.ozone.protocolPB.OzoneManagerProtocolServerSideTranslatorPB.submitRequestDirectlyToOM(OzoneManagerProtocolServerSideTranslatorPB.java:276) ~[ozone-manager-1.3.0-SNAPSHOT.jar:?]
	at org.apache.hadoop.ozone.protocolPB.OzoneManagerProtocolServerSideTranslatorPB.processRequest(OzoneManagerProtocolServerSideTranslatorPB.java:205) ~[ozone-manager-1.3.0-SNAPSHOT.jar:?]
	at org.apache.hadoop.hdds.server.OzoneProtocolMessageDispatcher.processRequest(OzoneProtocolMessageDispatcher.java:87) [hdds-server-framework-1.3.0-SNAPSHOT.jar:?]
	at org.apache.hadoop.ozone.protocolPB.OzoneManagerProtocolServerSideTranslatorPB.submitRequest(OzoneManagerProtocolServerSideTranslatorPB.java:147) [ozone-manager-1.3.0-SNAPSHOT.jar:?]
	at org.apache.hadoop.ozone.protocol.proto.OzoneManagerProtocolProtos$OzoneManagerService$2.callBlockingMethod(OzoneManagerProtocolProtos.java) [ozone-interface-client-1.3.0-SNAPSHOT.jar:?]
	at org.apache.hadoop.ipc.ProtobufRpcEngine$Server.processCall(ProtobufRpcEngine.java:466) [hadoop-common-3.3.1.jar:?]
	at org.apache.hadoop.ipc.ProtobufRpcEngine2$Server$ProtoBufRpcInvoker.call(ProtobufRpcEngine2.java:574) [hadoop-common-3.3.1.jar:?]
	at org.apache.hadoop.ipc.ProtobufRpcEngine2$Server$ProtoBufRpcInvoker.call(ProtobufRpcEngine2.java:552) [hadoop-common-3.3.1.jar:?]
	at org.apache.hadoop.ipc.RPC$Server.call(RPC.java:1093) [hadoop-common-3.3.1.jar:?]
	at org.apache.hadoop.ipc.Server$RpcCall.run(Server.java:1035) [hadoop-common-3.3.1.jar:?]
	at org.apache.hadoop.ipc.Server$RpcCall.run(Server.java:963) [hadoop-common-3.3.1.jar:?]
	at java.security.AccessController.doPrivileged(Native Method) ~[?:1.8.0_345]
	at javax.security.auth.Subject.doAs(Subject.java:422) [?:1.8.0_345]
	at org.apache.hadoop.security.UserGroupInformation.doAs(UserGroupInformation.java:1878) [hadoop-common-3.3.1.jar:?]
	at org.apache.hadoop.ipc.Server$Handler.run(Server.java:2966) [hadoop-common-3.3.1.jar:?]
2022-10-10 08:42:32,899 [Time-limited test] WARN  ozone.BasicOzoneFileSystem (BasicOzoneFileSystem.java:getFileStatus(765)) - GetFileStatus failed for path /level0/level1/file1
java.io.FileNotFoundException: level0/level1/file1: No such file or directory!
	at org.apache.hadoop.fs.ozone.BasicOzoneClientAdapterImpl.getFileStatus(BasicOzoneClientAdapterImpl.java:369)
	at org.apache.hadoop.fs.ozone.BasicOzoneFileSystem.getFileStatus(BasicOzoneFileSystem.java:757)
	at org.apache.hadoop.fs.ozone.TestOzoneFileSystem.checkPath(TestOzoneFileSystem.java:502)
	at org.apache.hadoop.fs.ozone.TestOzoneFileSystem.testRecursiveDelete(TestOzoneFileSystem.java:495)
	at sun.reflect.NativeMethodAccessorImpl.invoke0(Native Method)
	at sun.reflect.NativeMethodAccessorImpl.invoke(NativeMethodAccessorImpl.java:62)
	at sun.reflect.DelegatingMethodAccessorImpl.invoke(DelegatingMethodAccessorImpl.java:43)
	at java.lang.reflect.Method.invoke(Method.java:498)
	at org.junit.runners.model.FrameworkMethod$1.runReflectiveCall(FrameworkMethod.java:59)
	at org.junit.internal.runners.model.ReflectiveCallable.run(ReflectiveCallable.java:12)
	at org.junit.runners.model.FrameworkMethod.invokeExplosively(FrameworkMethod.java:56)
	at org.junit.internal.runners.statements.InvokeMethod.evaluate(InvokeMethod.java:17)
	at org.junit.internal.runners.statements.RunAfters.evaluate(RunAfters.java:27)
	at org.junit.internal.runners.statements.FailOnTimeout$CallableStatement.call(FailOnTimeout.java:288)
	at org.junit.internal.runners.statements.FailOnTimeout$CallableStatement.call(FailOnTimeout.java:282)
	at java.util.concurrent.FutureTask.run(FutureTask.java:266)
	at java.lang.Thread.run(Thread.java:750)
08:42:32.900 [IPC Server handler 13 on default port 37485] ERROR OMAudit - user=runner | ip=127.0.0.1 | op=GET_FILE_STATUS {volume=volume23299, bucket=bucket63939, key=level0/level1/level1/file1, dataSize=0, replicationConfig=null} | ret=FAILURE
org.apache.hadoop.ozone.om.exceptions.OMException: Unable to get file status: volume: volume23299 bucket: bucket63939 key: level0/level1/level1/file1
	at org.apache.hadoop.ozone.om.KeyManagerImpl.getOzoneFileStatus(KeyManagerImpl.java:1270) ~[ozone-manager-1.3.0-SNAPSHOT.jar:?]
	at org.apache.hadoop.ozone.om.KeyManagerImpl.getFileStatus(KeyManagerImpl.java:1200) ~[ozone-manager-1.3.0-SNAPSHOT.jar:?]
	at org.apache.hadoop.ozone.om.OzoneManager.getFileStatus(OzoneManager.java:3507) ~[ozone-manager-1.3.0-SNAPSHOT.jar:?]
	at org.apache.hadoop.ozone.protocolPB.OzoneManagerRequestHandler.getOzoneFileStatus(OzoneManagerRequestHandler.java:882) ~[ozone-manager-1.3.0-SNAPSHOT.jar:?]
	at org.apache.hadoop.ozone.protocolPB.OzoneManagerRequestHandler.handleReadRequest(OzoneManagerRequestHandler.java:228) ~[ozone-manager-1.3.0-SNAPSHOT.jar:?]
	at org.apache.hadoop.ozone.protocolPB.OzoneManagerProtocolServerSideTranslatorPB.submitRequestDirectlyToOM(OzoneManagerProtocolServerSideTranslatorPB.java:276) ~[ozone-manager-1.3.0-SNAPSHOT.jar:?]
	at org.apache.hadoop.ozone.protocolPB.OzoneManagerProtocolServerSideTranslatorPB.processRequest(OzoneManagerProtocolServerSideTranslatorPB.java:205) ~[ozone-manager-1.3.0-SNAPSHOT.jar:?]
	at org.apache.hadoop.hdds.server.OzoneProtocolMessageDispatcher.processRequest(OzoneProtocolMessageDispatcher.java:87) [hdds-server-framework-1.3.0-SNAPSHOT.jar:?]
	at org.apache.hadoop.ozone.protocolPB.OzoneManagerProtocolServerSideTranslatorPB.submitRequest(OzoneManagerProtocolServerSideTranslatorPB.java:147) [ozone-manager-1.3.0-SNAPSHOT.jar:?]
	at org.apache.hadoop.ozone.protocol.proto.OzoneManagerProtocolProtos$OzoneManagerService$2.callBlockingMethod(OzoneManagerProtocolProtos.java) [ozone-interface-client-1.3.0-SNAPSHOT.jar:?]
	at org.apache.hadoop.ipc.ProtobufRpcEngine$Server.processCall(ProtobufRpcEngine.java:466) [hadoop-common-3.3.1.jar:?]
	at org.apache.hadoop.ipc.ProtobufRpcEngine2$Server$ProtoBufRpcInvoker.call(ProtobufRpcEngine2.java:574) [hadoop-common-3.3.1.jar:?]
	at org.apache.hadoop.ipc.ProtobufRpcEngine2$Server$ProtoBufRpcInvoker.call(ProtobufRpcEngine2.java:552) [hadoop-common-3.3.1.jar:?]
	at org.apache.hadoop.ipc.RPC$Server.call(RPC.java:1093) [hadoop-common-3.3.1.jar:?]
	at org.apache.hadoop.ipc.Server$RpcCall.run(Server.java:1035) [hadoop-common-3.3.1.jar:?]
	at org.apache.hadoop.ipc.Server$RpcCall.run(Server.java:963) [hadoop-common-3.3.1.jar:?]
	at java.security.AccessController.doPrivileged(Native Method) ~[?:1.8.0_345]
	at javax.security.auth.Subject.doAs(Subject.java:422) [?:1.8.0_345]
	at org.apache.hadoop.security.UserGroupInformation.doAs(UserGroupInformation.java:1878) [hadoop-common-3.3.1.jar:?]
	at org.apache.hadoop.ipc.Server$Handler.run(Server.java:2966) [hadoop-common-3.3.1.jar:?]
2022-10-10 08:42:32,900 [Time-limited test] WARN  ozone.BasicOzoneFileSystem (BasicOzoneFileSystem.java:getFileStatus(765)) - GetFileStatus failed for path /level0/level1/level1/file1
java.io.FileNotFoundException: level0/level1/level1/file1: No such file or directory!
	at org.apache.hadoop.fs.ozone.BasicOzoneClientAdapterImpl.getFileStatus(BasicOzoneClientAdapterImpl.java:369)
	at org.apache.hadoop.fs.ozone.BasicOzoneFileSystem.getFileStatus(BasicOzoneFileSystem.java:757)
	at org.apache.hadoop.fs.ozone.TestOzoneFileSystem.checkPath(TestOzoneFileSystem.java:502)
	at org.apache.hadoop.fs.ozone.TestOzoneFileSystem.testRecursiveDelete(TestOzoneFileSystem.java:496)
	at sun.reflect.NativeMethodAccessorImpl.invoke0(Native Method)
	at sun.reflect.NativeMethodAccessorImpl.invoke(NativeMethodAccessorImpl.java:62)
	at sun.reflect.DelegatingMethodAccessorImpl.invoke(DelegatingMethodAccessorImpl.java:43)
	at java.lang.reflect.Method.invoke(Method.java:498)
	at org.junit.runners.model.FrameworkMethod$1.runReflectiveCall(FrameworkMethod.java:59)
	at org.junit.internal.runners.model.ReflectiveCallable.run(ReflectiveCallable.java:12)
	at org.junit.runners.model.FrameworkMethod.invokeExplosively(FrameworkMethod.java:56)
	at org.junit.internal.runners.statements.InvokeMethod.evaluate(InvokeMethod.java:17)
	at org.junit.internal.runners.statements.RunAfters.evaluate(RunAfters.java:27)
	at org.junit.internal.runners.statements.FailOnTimeout$CallableStatement.call(FailOnTimeout.java:288)
	at org.junit.internal.runners.statements.FailOnTimeout$CallableStatement.call(FailOnTimeout.java:282)
	at java.util.concurrent.FutureTask.run(FutureTask.java:266)
	at java.lang.Thread.run(Thread.java:750)
08:42:32.900 [IPC Server handler 8 on default port 37485] ERROR OMAudit - user=runner | ip=127.0.0.1 | op=GET_FILE_STATUS {volume=volume23299, bucket=bucket63939, key=level0/level2, dataSize=0, replicationConfig=null} | ret=FAILURE
org.apache.hadoop.ozone.om.exceptions.OMException: Unable to get file status: volume: volume23299 bucket: bucket63939 key: level0/level2
	at org.apache.hadoop.ozone.om.KeyManagerImpl.getOzoneFileStatus(KeyManagerImpl.java:1270) ~[ozone-manager-1.3.0-SNAPSHOT.jar:?]
	at org.apache.hadoop.ozone.om.KeyManagerImpl.getFileStatus(KeyManagerImpl.java:1200) ~[ozone-manager-1.3.0-SNAPSHOT.jar:?]
	at org.apache.hadoop.ozone.om.OzoneManager.getFileStatus(OzoneManager.java:3507) ~[ozone-manager-1.3.0-SNAPSHOT.jar:?]
	at org.apache.hadoop.ozone.protocolPB.OzoneManagerRequestHandler.getOzoneFileStatus(OzoneManagerRequestHandler.java:882) ~[ozone-manager-1.3.0-SNAPSHOT.jar:?]
	at org.apache.hadoop.ozone.protocolPB.OzoneManagerRequestHandler.handleReadRequest(OzoneManagerRequestHandler.java:228) ~[ozone-manager-1.3.0-SNAPSHOT.jar:?]
	at org.apache.hadoop.ozone.protocolPB.OzoneManagerProtocolServerSideTranslatorPB.submitRequestDirectlyToOM(OzoneManagerProtocolServerSideTranslatorPB.java:276) ~[ozone-manager-1.3.0-SNAPSHOT.jar:?]
	at org.apache.hadoop.ozone.protocolPB.OzoneManagerProtocolServerSideTranslatorPB.processRequest(OzoneManagerProtocolServerSideTranslatorPB.java:205) ~[ozone-manager-1.3.0-SNAPSHOT.jar:?]
	at org.apache.hadoop.hdds.server.OzoneProtocolMessageDispatcher.processRequest(OzoneProtocolMessageDispatcher.java:87) [hdds-server-framework-1.3.0-SNAPSHOT.jar:?]
	at org.apache.hadoop.ozone.protocolPB.OzoneManagerProtocolServerSideTranslatorPB.submitRequest(OzoneManagerProtocolServerSideTranslatorPB.java:147) [ozone-manager-1.3.0-SNAPSHOT.jar:?]
	at org.apache.hadoop.ozone.protocol.proto.OzoneManagerProtocolProtos$OzoneManagerService$2.callBlockingMethod(OzoneManagerProtocolProtos.java) [ozone-interface-client-1.3.0-SNAPSHOT.jar:?]
	at org.apache.hadoop.ipc.ProtobufRpcEngine$Server.processCall(ProtobufRpcEngine.java:466) [hadoop-common-3.3.1.jar:?]
	at org.apache.hadoop.ipc.ProtobufRpcEngine2$Server$ProtoBufRpcInvoker.call(ProtobufRpcEngine2.java:574) [hadoop-common-3.3.1.jar:?]
	at org.apache.hadoop.ipc.ProtobufRpcEngine2$Server$ProtoBufRpcInvoker.call(ProtobufRpcEngine2.java:552) [hadoop-common-3.3.1.jar:?]
	at org.apache.hadoop.ipc.RPC$Server.call(RPC.java:1093) [hadoop-common-3.3.1.jar:?]
	at org.apache.hadoop.ipc.Server$RpcCall.run(Server.java:1035) [hadoop-common-3.3.1.jar:?]
	at org.apache.hadoop.ipc.Server$RpcCall.run(Server.java:963) [hadoop-common-3.3.1.jar:?]
	at java.security.AccessController.doPrivileged(Native Method) ~[?:1.8.0_345]
	at javax.security.auth.Subject.doAs(Subject.java:422) [?:1.8.0_345]
	at org.apache.hadoop.security.UserGroupInformation.doAs(UserGroupInformation.java:1878) [hadoop-common-3.3.1.jar:?]
	at org.apache.hadoop.ipc.Server$Handler.run(Server.java:2966) [hadoop-common-3.3.1.jar:?]
2022-10-10 08:42:32,901 [Time-limited test] WARN  ozone.BasicOzoneFileSystem (BasicOzoneFileSystem.java:getFileStatus(765)) - GetFileStatus failed for path /level0/level2
java.io.FileNotFoundException: level0/level2: No such file or directory!
	at org.apache.hadoop.fs.ozone.BasicOzoneClientAdapterImpl.getFileStatus(BasicOzoneClientAdapterImpl.java:369)
	at org.apache.hadoop.fs.ozone.BasicOzoneFileSystem.getFileStatus(BasicOzoneFileSystem.java:757)
	at org.apache.hadoop.fs.ozone.TestOzoneFileSystem.checkPath(TestOzoneFileSystem.java:502)
	at org.apache.hadoop.fs.ozone.TestOzoneFileSystem.testRecursiveDelete(TestOzoneFileSystem.java:493)
	at sun.reflect.NativeMethodAccessorImpl.invoke0(Native Method)
	at sun.reflect.NativeMethodAccessorImpl.invoke(NativeMethodAccessorImpl.java:62)
	at sun.reflect.DelegatingMethodAccessorImpl.invoke(DelegatingMethodAccessorImpl.java:43)
	at java.lang.reflect.Method.invoke(Method.java:498)
	at org.junit.runners.model.FrameworkMethod$1.runReflectiveCall(FrameworkMethod.java:59)
	at org.junit.internal.runners.model.ReflectiveCallable.run(ReflectiveCallable.java:12)
	at org.junit.runners.model.FrameworkMethod.invokeExplosively(FrameworkMethod.java:56)
	at org.junit.internal.runners.statements.InvokeMethod.evaluate(InvokeMethod.java:17)
	at org.junit.internal.runners.statements.RunAfters.evaluate(RunAfters.java:27)
	at org.junit.internal.runners.statements.FailOnTimeout$CallableStatement.call(FailOnTimeout.java:288)
	at org.junit.internal.runners.statements.FailOnTimeout$CallableStatement.call(FailOnTimeout.java:282)
	at java.util.concurrent.FutureTask.run(FutureTask.java:266)
	at java.lang.Thread.run(Thread.java:750)
08:42:32.901 [IPC Server handler 14 on default port 37485] ERROR OMAudit - user=runner | ip=127.0.0.1 | op=GET_FILE_STATUS {volume=volume23299, bucket=bucket63939, key=level0/level2/level2, dataSize=0, replicationConfig=null} | ret=FAILURE
org.apache.hadoop.ozone.om.exceptions.OMException: Unable to get file status: volume: volume23299 bucket: bucket63939 key: level0/level2/level2
	at org.apache.hadoop.ozone.om.KeyManagerImpl.getOzoneFileStatus(KeyManagerImpl.java:1270) ~[ozone-manager-1.3.0-SNAPSHOT.jar:?]
	at org.apache.hadoop.ozone.om.KeyManagerImpl.getFileStatus(KeyManagerImpl.java:1200) ~[ozone-manager-1.3.0-SNAPSHOT.jar:?]
	at org.apache.hadoop.ozone.om.OzoneManager.getFileStatus(OzoneManager.java:3507) ~[ozone-manager-1.3.0-SNAPSHOT.jar:?]
	at org.apache.hadoop.ozone.protocolPB.OzoneManagerRequestHandler.getOzoneFileStatus(OzoneManagerRequestHandler.java:882) ~[ozone-manager-1.3.0-SNAPSHOT.jar:?]
	at org.apache.hadoop.ozone.protocolPB.OzoneManagerRequestHandler.handleReadRequest(OzoneManagerRequestHandler.java:228) ~[ozone-manager-1.3.0-SNAPSHOT.jar:?]
	at org.apache.hadoop.ozone.protocolPB.OzoneManagerProtocolServerSideTranslatorPB.submitRequestDirectlyToOM(OzoneManagerProtocolServerSideTranslatorPB.java:276) ~[ozone-manager-1.3.0-SNAPSHOT.jar:?]
	at org.apache.hadoop.ozone.protocolPB.OzoneManagerProtocolServerSideTranslatorPB.processRequest(OzoneManagerProtocolServerSideTranslatorPB.java:205) ~[ozone-manager-1.3.0-SNAPSHOT.jar:?]
	at org.apache.hadoop.hdds.server.OzoneProtocolMessageDispatcher.processRequest(OzoneProtocolMessageDispatcher.java:87) [hdds-server-framework-1.3.0-SNAPSHOT.jar:?]
	at org.apache.hadoop.ozone.protocolPB.OzoneManagerProtocolServerSideTranslatorPB.submitRequest(OzoneManagerProtocolServerSideTranslatorPB.java:147) [ozone-manager-1.3.0-SNAPSHOT.jar:?]
	at org.apache.hadoop.ozone.protocol.proto.OzoneManagerProtocolProtos$OzoneManagerService$2.callBlockingMethod(OzoneManagerProtocolProtos.java) [ozone-interface-client-1.3.0-SNAPSHOT.jar:?]
	at org.apache.hadoop.ipc.ProtobufRpcEngine$Server.processCall(ProtobufRpcEngine.java:466) [hadoop-common-3.3.1.jar:?]
	at org.apache.hadoop.ipc.ProtobufRpcEngine2$Server$ProtoBufRpcInvoker.call(ProtobufRpcEngine2.java:574) [hadoop-common-3.3.1.jar:?]
	at org.apache.hadoop.ipc.ProtobufRpcEngine2$Server$ProtoBufRpcInvoker.call(ProtobufRpcEngine2.java:552) [hadoop-common-3.3.1.jar:?]
	at org.apache.hadoop.ipc.RPC$Server.call(RPC.java:1093) [hadoop-common-3.3.1.jar:?]
	at org.apache.hadoop.ipc.Server$RpcCall.run(Server.java:1035) [hadoop-common-3.3.1.jar:?]
	at org.apache.hadoop.ipc.Server$RpcCall.run(Server.java:963) [hadoop-common-3.3.1.jar:?]
	at java.security.AccessController.doPrivileged(Native Method) ~[?:1.8.0_345]
	at javax.security.auth.Subject.doAs(Subject.java:422) [?:1.8.0_345]
	at org.apache.hadoop.security.UserGroupInformation.doAs(UserGroupInformation.java:1878) [hadoop-common-3.3.1.jar:?]
	at org.apache.hadoop.ipc.Server$Handler.run(Server.java:2966) [hadoop-common-3.3.1.jar:?]
2022-10-10 08:42:32,902 [Time-limited test] WARN  ozone.BasicOzoneFileSystem (BasicOzoneFileSystem.java:getFileStatus(765)) - GetFileStatus failed for path /level0/level2/level2
java.io.FileNotFoundException: level0/level2/level2: No such file or directory!
	at org.apache.hadoop.fs.ozone.BasicOzoneClientAdapterImpl.getFileStatus(BasicOzoneClientAdapterImpl.java:369)
	at org.apache.hadoop.fs.ozone.BasicOzoneFileSystem.getFileStatus(BasicOzoneFileSystem.java:757)
	at org.apache.hadoop.fs.ozone.TestOzoneFileSystem.checkPath(TestOzoneFileSystem.java:502)
	at org.apache.hadoop.fs.ozone.TestOzoneFileSystem.testRecursiveDelete(TestOzoneFileSystem.java:494)
	at sun.reflect.NativeMethodAccessorImpl.invoke0(Native Method)
	at sun.reflect.NativeMethodAccessorImpl.invoke(NativeMethodAccessorImpl.java:62)
	at sun.reflect.DelegatingMethodAccessorImpl.invoke(DelegatingMethodAccessorImpl.java:43)
	at java.lang.reflect.Method.invoke(Method.java:498)
	at org.junit.runners.model.FrameworkMethod$1.runReflectiveCall(FrameworkMethod.java:59)
	at org.junit.internal.runners.model.ReflectiveCallable.run(ReflectiveCallable.java:12)
	at org.junit.runners.model.FrameworkMethod.invokeExplosively(FrameworkMethod.java:56)
	at org.junit.internal.runners.statements.InvokeMethod.evaluate(InvokeMethod.java:17)
	at org.junit.internal.runners.statements.RunAfters.evaluate(RunAfters.java:27)
	at org.junit.internal.runners.statements.FailOnTimeout$CallableStatement.call(FailOnTimeout.java:288)
	at org.junit.internal.runners.statements.FailOnTimeout$CallableStatement.call(FailOnTimeout.java:282)
	at java.util.concurrent.FutureTask.run(FutureTask.java:266)
	at java.lang.Thread.run(Thread.java:750)
08:42:32.902 [IPC Server handler 9 on default port 37485] ERROR OMAudit - user=runner | ip=127.0.0.1 | op=GET_FILE_STATUS {volume=volume23299, bucket=bucket63939, key=level0/level2/file1, dataSize=0, replicationConfig=null} | ret=FAILURE
org.apache.hadoop.ozone.om.exceptions.OMException: Unable to get file status: volume: volume23299 bucket: bucket63939 key: level0/level2/file1
	at org.apache.hadoop.ozone.om.KeyManagerImpl.getOzoneFileStatus(KeyManagerImpl.java:1270) ~[ozone-manager-1.3.0-SNAPSHOT.jar:?]
	at org.apache.hadoop.ozone.om.KeyManagerImpl.getFileStatus(KeyManagerImpl.java:1200) ~[ozone-manager-1.3.0-SNAPSHOT.jar:?]
	at org.apache.hadoop.ozone.om.OzoneManager.getFileStatus(OzoneManager.java:3507) ~[ozone-manager-1.3.0-SNAPSHOT.jar:?]
	at org.apache.hadoop.ozone.protocolPB.OzoneManagerRequestHandler.getOzoneFileStatus(OzoneManagerRequestHandler.java:882) ~[ozone-manager-1.3.0-SNAPSHOT.jar:?]
	at org.apache.hadoop.ozone.protocolPB.OzoneManagerRequestHandler.handleReadRequest(OzoneManagerRequestHandler.java:228) ~[ozone-manager-1.3.0-SNAPSHOT.jar:?]
	at org.apache.hadoop.ozone.protocolPB.OzoneManagerProtocolServerSideTranslatorPB.submitRequestDirectlyToOM(OzoneManagerProtocolServerSideTranslatorPB.java:276) ~[ozone-manager-1.3.0-SNAPSHOT.jar:?]
	at org.apache.hadoop.ozone.protocolPB.OzoneManagerProtocolServerSideTranslatorPB.processRequest(OzoneManagerProtocolServerSideTranslatorPB.java:205) ~[ozone-manager-1.3.0-SNAPSHOT.jar:?]
	at org.apache.hadoop.hdds.server.OzoneProtocolMessageDispatcher.processRequest(OzoneProtocolMessageDispatcher.java:87) [hdds-server-framework-1.3.0-SNAPSHOT.jar:?]
	at org.apache.hadoop.ozone.protocolPB.OzoneManagerProtocolServerSideTranslatorPB.submitRequest(OzoneManagerProtocolServerSideTranslatorPB.java:147) [ozone-manager-1.3.0-SNAPSHOT.jar:?]
	at org.apache.hadoop.ozone.protocol.proto.OzoneManagerProtocolProtos$OzoneManagerService$2.callBlockingMethod(OzoneManagerProtocolProtos.java) [ozone-interface-client-1.3.0-SNAPSHOT.jar:?]
	at org.apache.hadoop.ipc.ProtobufRpcEngine$Server.processCall(ProtobufRpcEngine.java:466) [hadoop-common-3.3.1.jar:?]
	at org.apache.hadoop.ipc.ProtobufRpcEngine2$Server$ProtoBufRpcInvoker.call(ProtobufRpcEngine2.java:574) [hadoop-common-3.3.1.jar:?]
	at org.apache.hadoop.ipc.ProtobufRpcEngine2$Server$ProtoBufRpcInvoker.call(ProtobufRpcEngine2.java:552) [hadoop-common-3.3.1.jar:?]
	at org.apache.hadoop.ipc.RPC$Server.call(RPC.java:1093) [hadoop-common-3.3.1.jar:?]
	at org.apache.hadoop.ipc.Server$RpcCall.run(Server.java:1035) [hadoop-common-3.3.1.jar:?]
	at org.apache.hadoop.ipc.Server$RpcCall.run(Server.java:963) [hadoop-common-3.3.1.jar:?]
	at java.security.AccessController.doPrivileged(Native Method) ~[?:1.8.0_345]
	at javax.security.auth.Subject.doAs(Subject.java:422) [?:1.8.0_345]
	at org.apache.hadoop.security.UserGroupInformation.doAs(UserGroupInformation.java:1878) [hadoop-common-3.3.1.jar:?]
	at org.apache.hadoop.ipc.Server$Handler.run(Server.java:2966) [hadoop-common-3.3.1.jar:?]
2022-10-10 08:42:32,902 [Time-limited test] WARN  ozone.BasicOzoneFileSystem (BasicOzoneFileSystem.java:getFileStatus(765)) - GetFileStatus failed for path /level0/level2/file1
java.io.FileNotFoundException: level0/level2/file1: No such file or directory!
	at org.apache.hadoop.fs.ozone.BasicOzoneClientAdapterImpl.getFileStatus(BasicOzoneClientAdapterImpl.java:369)
	at org.apache.hadoop.fs.ozone.BasicOzoneFileSystem.getFileStatus(BasicOzoneFileSystem.java:757)
	at org.apache.hadoop.fs.ozone.TestOzoneFileSystem.checkPath(TestOzoneFileSystem.java:502)
	at org.apache.hadoop.fs.ozone.TestOzoneFileSystem.testRecursiveDelete(TestOzoneFileSystem.java:495)
	at sun.reflect.NativeMethodAccessorImpl.invoke0(Native Method)
	at sun.reflect.NativeMethodAccessorImpl.invoke(NativeMethodAccessorImpl.java:62)
	at sun.reflect.DelegatingMethodAccessorImpl.invoke(DelegatingMethodAccessorImpl.java:43)
	at java.lang.reflect.Method.invoke(Method.java:498)
	at org.junit.runners.model.FrameworkMethod$1.runReflectiveCall(FrameworkMethod.java:59)
	at org.junit.internal.runners.model.ReflectiveCallable.run(ReflectiveCallable.java:12)
	at org.junit.runners.model.FrameworkMethod.invokeExplosively(FrameworkMethod.java:56)
	at org.junit.internal.runners.statements.InvokeMethod.evaluate(InvokeMethod.java:17)
	at org.junit.internal.runners.statements.RunAfters.evaluate(RunAfters.java:27)
	at org.junit.internal.runners.statements.FailOnTimeout$CallableStatement.call(FailOnTimeout.java:288)
	at org.junit.internal.runners.statements.FailOnTimeout$CallableStatement.call(FailOnTimeout.java:282)
	at java.util.concurrent.FutureTask.run(FutureTask.java:266)
	at java.lang.Thread.run(Thread.java:750)
08:42:32.903 [IPC Server handler 3 on default port 37485] ERROR OMAudit - user=runner | ip=127.0.0.1 | op=GET_FILE_STATUS {volume=volume23299, bucket=bucket63939, key=level0/level2/level2/file1, dataSize=0, replicationConfig=null} | ret=FAILURE
org.apache.hadoop.ozone.om.exceptions.OMException: Unable to get file status: volume: volume23299 bucket: bucket63939 key: level0/level2/level2/file1
	at org.apache.hadoop.ozone.om.KeyManagerImpl.getOzoneFileStatus(KeyManagerImpl.java:1270) ~[ozone-manager-1.3.0-SNAPSHOT.jar:?]
	at org.apache.hadoop.ozone.om.KeyManagerImpl.getFileStatus(KeyManagerImpl.java:1200) ~[ozone-manager-1.3.0-SNAPSHOT.jar:?]
	at org.apache.hadoop.ozone.om.OzoneManager.getFileStatus(OzoneManager.java:3507) ~[ozone-manager-1.3.0-SNAPSHOT.jar:?]
	at org.apache.hadoop.ozone.protocolPB.OzoneManagerRequestHandler.getOzoneFileStatus(OzoneManagerRequestHandler.java:882) ~[ozone-manager-1.3.0-SNAPSHOT.jar:?]
	at org.apache.hadoop.ozone.protocolPB.OzoneManagerRequestHandler.handleReadRequest(OzoneManagerRequestHandler.java:228) ~[ozone-manager-1.3.0-SNAPSHOT.jar:?]
	at org.apache.hadoop.ozone.protocolPB.OzoneManagerProtocolServerSideTranslatorPB.submitRequestDirectlyToOM(OzoneManagerProtocolServerSideTranslatorPB.java:276) ~[ozone-manager-1.3.0-SNAPSHOT.jar:?]
	at org.apache.hadoop.ozone.protocolPB.OzoneManagerProtocolServerSideTranslatorPB.processRequest(OzoneManagerProtocolServerSideTranslatorPB.java:205) ~[ozone-manager-1.3.0-SNAPSHOT.jar:?]
	at org.apache.hadoop.hdds.server.OzoneProtocolMessageDispatcher.processRequest(OzoneProtocolMessageDispatcher.java:87) [hdds-server-framework-1.3.0-SNAPSHOT.jar:?]
	at org.apache.hadoop.ozone.protocolPB.OzoneManagerProtocolServerSideTranslatorPB.submitRequest(OzoneManagerProtocolServerSideTranslatorPB.java:147) [ozone-manager-1.3.0-SNAPSHOT.jar:?]
	at org.apache.hadoop.ozone.protocol.proto.OzoneManagerProtocolProtos$OzoneManagerService$2.callBlockingMethod(OzoneManagerProtocolProtos.java) [ozone-interface-client-1.3.0-SNAPSHOT.jar:?]
	at org.apache.hadoop.ipc.ProtobufRpcEngine$Server.processCall(ProtobufRpcEngine.java:466) [hadoop-common-3.3.1.jar:?]
	at org.apache.hadoop.ipc.ProtobufRpcEngine2$Server$ProtoBufRpcInvoker.call(ProtobufRpcEngine2.java:574) [hadoop-common-3.3.1.jar:?]
	at org.apache.hadoop.ipc.ProtobufRpcEngine2$Server$ProtoBufRpcInvoker.call(ProtobufRpcEngine2.java:552) [hadoop-common-3.3.1.jar:?]
	at org.apache.hadoop.ipc.RPC$Server.call(RPC.java:1093) [hadoop-common-3.3.1.jar:?]
	at org.apache.hadoop.ipc.Server$RpcCall.run(Server.java:1035) [hadoop-common-3.3.1.jar:?]
	at org.apache.hadoop.ipc.Server$RpcCall.run(Server.java:963) [hadoop-common-3.3.1.jar:?]
	at java.security.AccessController.doPrivileged(Native Method) ~[?:1.8.0_345]
	at javax.security.auth.Subject.doAs(Subject.java:422) [?:1.8.0_345]
	at org.apache.hadoop.security.UserGroupInformation.doAs(UserGroupInformation.java:1878) [hadoop-common-3.3.1.jar:?]
	at org.apache.hadoop.ipc.Server$Handler.run(Server.java:2966) [hadoop-common-3.3.1.jar:?]
2022-10-10 08:42:32,903 [Time-limited test] WARN  ozone.BasicOzoneFileSystem (BasicOzoneFileSystem.java:getFileStatus(765)) - GetFileStatus failed for path /level0/level2/level2/file1
java.io.FileNotFoundException: level0/level2/level2/file1: No such file or directory!
	at org.apache.hadoop.fs.ozone.BasicOzoneClientAdapterImpl.getFileStatus(BasicOzoneClientAdapterImpl.java:369)
	at org.apache.hadoop.fs.ozone.BasicOzoneFileSystem.getFileStatus(BasicOzoneFileSystem.java:757)
	at org.apache.hadoop.fs.ozone.TestOzoneFileSystem.checkPath(TestOzoneFileSystem.java:502)
	at org.apache.hadoop.fs.ozone.TestOzoneFileSystem.testRecursiveDelete(TestOzoneFileSystem.java:496)
	at sun.reflect.NativeMethodAccessorImpl.invoke0(Native Method)
	at sun.reflect.NativeMethodAccessorImpl.invoke(NativeMethodAccessorImpl.java:62)
	at sun.reflect.DelegatingMethodAccessorImpl.invoke(DelegatingMethodAccessorImpl.java:43)
	at java.lang.reflect.Method.invoke(Method.java:498)
	at org.junit.runners.model.FrameworkMethod$1.runReflectiveCall(FrameworkMethod.java:59)
	at org.junit.internal.runners.model.ReflectiveCallable.run(ReflectiveCallable.java:12)
	at org.junit.runners.model.FrameworkMethod.invokeExplosively(FrameworkMethod.java:56)
	at org.junit.internal.runners.statements.InvokeMethod.evaluate(InvokeMethod.java:17)
	at org.junit.internal.runners.statements.RunAfters.evaluate(RunAfters.java:27)
	at org.junit.internal.runners.statements.FailOnTimeout$CallableStatement.call(FailOnTimeout.java:288)
	at org.junit.internal.runners.statements.FailOnTimeout$CallableStatement.call(FailOnTimeout.java:282)
	at java.util.concurrent.FutureTask.run(FutureTask.java:266)
	at java.lang.Thread.run(Thread.java:750)
08:42:32.909 [IPC Server handler 11 on default port 37485] ERROR OMAudit - user=runner | ip=127.0.0.1 | op=GET_FILE_STATUS {volume=volume23299, bucket=bucket63939, key=level0/level3, dataSize=0, replicationConfig=null} | ret=FAILURE
org.apache.hadoop.ozone.om.exceptions.OMException: Unable to get file status: volume: volume23299 bucket: bucket63939 key: level0/level3
	at org.apache.hadoop.ozone.om.KeyManagerImpl.getOzoneFileStatus(KeyManagerImpl.java:1270) ~[ozone-manager-1.3.0-SNAPSHOT.jar:?]
	at org.apache.hadoop.ozone.om.KeyManagerImpl.getFileStatus(KeyManagerImpl.java:1200) ~[ozone-manager-1.3.0-SNAPSHOT.jar:?]
	at org.apache.hadoop.ozone.om.OzoneManager.getFileStatus(OzoneManager.java:3507) ~[ozone-manager-1.3.0-SNAPSHOT.jar:?]
	at org.apache.hadoop.ozone.protocolPB.OzoneManagerRequestHandler.getOzoneFileStatus(OzoneManagerRequestHandler.java:882) ~[ozone-manager-1.3.0-SNAPSHOT.jar:?]
	at org.apache.hadoop.ozone.protocolPB.OzoneManagerRequestHandler.handleReadRequest(OzoneManagerRequestHandler.java:228) ~[ozone-manager-1.3.0-SNAPSHOT.jar:?]
	at org.apache.hadoop.ozone.protocolPB.OzoneManagerProtocolServerSideTranslatorPB.submitRequestDirectlyToOM(OzoneManagerProtocolServerSideTranslatorPB.java:276) ~[ozone-manager-1.3.0-SNAPSHOT.jar:?]
	at org.apache.hadoop.ozone.protocolPB.OzoneManagerProtocolServerSideTranslatorPB.processRequest(OzoneManagerProtocolServerSideTranslatorPB.java:205) ~[ozone-manager-1.3.0-SNAPSHOT.jar:?]
	at org.apache.hadoop.hdds.server.OzoneProtocolMessageDispatcher.processRequest(OzoneProtocolMessageDispatcher.java:87) [hdds-server-framework-1.3.0-SNAPSHOT.jar:?]
	at org.apache.hadoop.ozone.protocolPB.OzoneManagerProtocolServerSideTranslatorPB.submitRequest(OzoneManagerProtocolServerSideTranslatorPB.java:147) [ozone-manager-1.3.0-SNAPSHOT.jar:?]
	at org.apache.hadoop.ozone.protocol.proto.OzoneManagerProtocolProtos$OzoneManagerService$2.callBlockingMethod(OzoneManagerProtocolProtos.java) [ozone-interface-client-1.3.0-SNAPSHOT.jar:?]
	at org.apache.hadoop.ipc.ProtobufRpcEngine$Server.processCall(ProtobufRpcEngine.java:466) [hadoop-common-3.3.1.jar:?]
	at org.apache.hadoop.ipc.ProtobufRpcEngine2$Server$ProtoBufRpcInvoker.call(ProtobufRpcEngine2.java:574) [hadoop-common-3.3.1.jar:?]
	at org.apache.hadoop.ipc.ProtobufRpcEngine2$Server$ProtoBufRpcInvoker.call(ProtobufRpcEngine2.java:552) [hadoop-common-3.3.1.jar:?]
	at org.apache.hadoop.ipc.RPC$Server.call(RPC.java:1093) [hadoop-common-3.3.1.jar:?]
	at org.apache.hadoop.ipc.Server$RpcCall.run(Server.java:1035) [hadoop-common-3.3.1.jar:?]
	at org.apache.hadoop.ipc.Server$RpcCall.run(Server.java:963) [hadoop-common-3.3.1.jar:?]
	at java.security.AccessController.doPrivileged(Native Method) ~[?:1.8.0_345]
	at javax.security.auth.Subject.doAs(Subject.java:422) [?:1.8.0_345]
	at org.apache.hadoop.security.UserGroupInformation.doAs(UserGroupInformation.java:1878) [hadoop-common-3.3.1.jar:?]
	at org.apache.hadoop.ipc.Server$Handler.run(Server.java:2966) [hadoop-common-3.3.1.jar:?]
2022-10-10 08:42:32,911 [Time-limited test] WARN  ozone.BasicOzoneFileSystem (BasicOzoneFileSystem.java:getFileStatus(765)) - GetFileStatus failed for path /level0/level3
java.io.FileNotFoundException: level0/level3: No such file or directory!
	at org.apache.hadoop.fs.ozone.BasicOzoneClientAdapterImpl.getFileStatus(BasicOzoneClientAdapterImpl.java:369)
	at org.apache.hadoop.fs.ozone.BasicOzoneFileSystem.getFileStatus(BasicOzoneFileSystem.java:757)
	at org.apache.hadoop.fs.ozone.TestOzoneFileSystem.checkPath(TestOzoneFileSystem.java:502)
	at org.apache.hadoop.fs.ozone.TestOzoneFileSystem.testRecursiveDelete(TestOzoneFileSystem.java:493)
	at sun.reflect.NativeMethodAccessorImpl.invoke0(Native Method)
	at sun.reflect.NativeMethodAccessorImpl.invoke(NativeMethodAccessorImpl.java:62)
	at sun.reflect.DelegatingMethodAccessorImpl.invoke(DelegatingMethodAccessorImpl.java:43)
	at java.lang.reflect.Method.invoke(Method.java:498)
	at org.junit.runners.model.FrameworkMethod$1.runReflectiveCall(FrameworkMethod.java:59)
	at org.junit.internal.runners.model.ReflectiveCallable.run(ReflectiveCallable.java:12)
	at org.junit.runners.model.FrameworkMethod.invokeExplosively(FrameworkMethod.java:56)
	at org.junit.internal.runners.statements.InvokeMethod.evaluate(InvokeMethod.java:17)
	at org.junit.internal.runners.statements.RunAfters.evaluate(RunAfters.java:27)
	at org.junit.internal.runners.statements.FailOnTimeout$CallableStatement.call(FailOnTimeout.java:288)
	at org.junit.internal.runners.statements.FailOnTimeout$CallableStatement.call(FailOnTimeout.java:282)
	at java.util.concurrent.FutureTask.run(FutureTask.java:266)
	at java.lang.Thread.run(Thread.java:750)
08:42:32.914 [IPC Server handler 10 on default port 37485] ERROR OMAudit - user=runner | ip=127.0.0.1 | op=GET_FILE_STATUS {volume=volume23299, bucket=bucket63939, key=level0/level3/level3, dataSize=0, replicationConfig=null} | ret=FAILURE
org.apache.hadoop.ozone.om.exceptions.OMException: Unable to get file status: volume: volume23299 bucket: bucket63939 key: level0/level3/level3
	at org.apache.hadoop.ozone.om.KeyManagerImpl.getOzoneFileStatus(KeyManagerImpl.java:1270) ~[ozone-manager-1.3.0-SNAPSHOT.jar:?]
	at org.apache.hadoop.ozone.om.KeyManagerImpl.getFileStatus(KeyManagerImpl.java:1200) ~[ozone-manager-1.3.0-SNAPSHOT.jar:?]
	at org.apache.hadoop.ozone.om.OzoneManager.getFileStatus(OzoneManager.java:3507) ~[ozone-manager-1.3.0-SNAPSHOT.jar:?]
	at org.apache.hadoop.ozone.protocolPB.OzoneManagerRequestHandler.getOzoneFileStatus(OzoneManagerRequestHandler.java:882) ~[ozone-manager-1.3.0-SNAPSHOT.jar:?]
	at org.apache.hadoop.ozone.protocolPB.OzoneManagerRequestHandler.handleReadRequest(OzoneManagerRequestHandler.java:228) ~[ozone-manager-1.3.0-SNAPSHOT.jar:?]
	at org.apache.hadoop.ozone.protocolPB.OzoneManagerProtocolServerSideTranslatorPB.submitRequestDirectlyToOM(OzoneManagerProtocolServerSideTranslatorPB.java:276) ~[ozone-manager-1.3.0-SNAPSHOT.jar:?]
	at org.apache.hadoop.ozone.protocolPB.OzoneManagerProtocolServerSideTranslatorPB.processRequest(OzoneManagerProtocolServerSideTranslatorPB.java:205) ~[ozone-manager-1.3.0-SNAPSHOT.jar:?]
	at org.apache.hadoop.hdds.server.OzoneProtocolMessageDispatcher.processRequest(OzoneProtocolMessageDispatcher.java:87) [hdds-server-framework-1.3.0-SNAPSHOT.jar:?]
	at org.apache.hadoop.ozone.protocolPB.OzoneManagerProtocolServerSideTranslatorPB.submitRequest(OzoneManagerProtocolServerSideTranslatorPB.java:147) [ozone-manager-1.3.0-SNAPSHOT.jar:?]
	at org.apache.hadoop.ozone.protocol.proto.OzoneManagerProtocolProtos$OzoneManagerService$2.callBlockingMethod(OzoneManagerProtocolProtos.java) [ozone-interface-client-1.3.0-SNAPSHOT.jar:?]
	at org.apache.hadoop.ipc.ProtobufRpcEngine$Server.processCall(ProtobufRpcEngine.java:466) [hadoop-common-3.3.1.jar:?]
	at org.apache.hadoop.ipc.ProtobufRpcEngine2$Server$ProtoBufRpcInvoker.call(ProtobufRpcEngine2.java:574) [hadoop-common-3.3.1.jar:?]
	at org.apache.hadoop.ipc.ProtobufRpcEngine2$Server$ProtoBufRpcInvoker.call(ProtobufRpcEngine2.java:552) [hadoop-common-3.3.1.jar:?]
	at org.apache.hadoop.ipc.RPC$Server.call(RPC.java:1093) [hadoop-common-3.3.1.jar:?]
	at org.apache.hadoop.ipc.Server$RpcCall.run(Server.java:1035) [hadoop-common-3.3.1.jar:?]
	at org.apache.hadoop.ipc.Server$RpcCall.run(Server.java:963) [hadoop-common-3.3.1.jar:?]
	at java.security.AccessController.doPrivileged(Native Method) ~[?:1.8.0_345]
	at javax.security.auth.Subject.doAs(Subject.java:422) [?:1.8.0_345]
	at org.apache.hadoop.security.UserGroupInformation.doAs(UserGroupInformation.java:1878) [hadoop-common-3.3.1.jar:?]
	at org.apache.hadoop.ipc.Server$Handler.run(Server.java:2966) [hadoop-common-3.3.1.jar:?]
2022-10-10 08:42:32,914 [Time-limited test] WARN  ozone.BasicOzoneFileSystem (BasicOzoneFileSystem.java:getFileStatus(765)) - GetFileStatus failed for path /level0/level3/level3
java.io.FileNotFoundException: level0/level3/level3: No such file or directory!
	at org.apache.hadoop.fs.ozone.BasicOzoneClientAdapterImpl.getFileStatus(BasicOzoneClientAdapterImpl.java:369)
	at org.apache.hadoop.fs.ozone.BasicOzoneFileSystem.getFileStatus(BasicOzoneFileSystem.java:757)
	at org.apache.hadoop.fs.ozone.TestOzoneFileSystem.checkPath(TestOzoneFileSystem.java:502)
	at org.apache.hadoop.fs.ozone.TestOzoneFileSystem.testRecursiveDelete(TestOzoneFileSystem.java:494)
	at sun.reflect.NativeMethodAccessorImpl.invoke0(Native Method)
	at sun.reflect.NativeMethodAccessorImpl.invoke(NativeMethodAccessorImpl.java:62)
	at sun.reflect.DelegatingMethodAccessorImpl.invoke(DelegatingMethodAccessorImpl.java:43)
	at java.lang.reflect.Method.invoke(Method.java:498)
	at org.junit.runners.model.FrameworkMethod$1.runReflectiveCall(FrameworkMethod.java:59)
	at org.junit.internal.runners.model.ReflectiveCallable.run(ReflectiveCallable.java:12)
	at org.junit.runners.model.FrameworkMethod.invokeExplosively(FrameworkMethod.java:56)
	at org.junit.internal.runners.statements.InvokeMethod.evaluate(InvokeMethod.java:17)
	at org.junit.internal.runners.statements.RunAfters.evaluate(RunAfters.java:27)
	at org.junit.internal.runners.statements.FailOnTimeout$CallableStatement.call(FailOnTimeout.java:288)
	at org.junit.internal.runners.statements.FailOnTimeout$CallableStatement.call(FailOnTimeout.java:282)
	at java.util.concurrent.FutureTask.run(FutureTask.java:266)
	at java.lang.Thread.run(Thread.java:750)
08:42:32.915 [IPC Server handler 5 on default port 37485] ERROR OMAudit - user=runner | ip=127.0.0.1 | op=GET_FILE_STATUS {volume=volume23299, bucket=bucket63939, key=level0/level3/file1, dataSize=0, replicationConfig=null} | ret=FAILURE
org.apache.hadoop.ozone.om.exceptions.OMException: Unable to get file status: volume: volume23299 bucket: bucket63939 key: level0/level3/file1
	at org.apache.hadoop.ozone.om.KeyManagerImpl.getOzoneFileStatus(KeyManagerImpl.java:1270) ~[ozone-manager-1.3.0-SNAPSHOT.jar:?]
	at org.apache.hadoop.ozone.om.KeyManagerImpl.getFileStatus(KeyManagerImpl.java:1200) ~[ozone-manager-1.3.0-SNAPSHOT.jar:?]
	at org.apache.hadoop.ozone.om.OzoneManager.getFileStatus(OzoneManager.java:3507) ~[ozone-manager-1.3.0-SNAPSHOT.jar:?]
	at org.apache.hadoop.ozone.protocolPB.OzoneManagerRequestHandler.getOzoneFileStatus(OzoneManagerRequestHandler.java:882) ~[ozone-manager-1.3.0-SNAPSHOT.jar:?]
	at org.apache.hadoop.ozone.protocolPB.OzoneManagerRequestHandler.handleReadRequest(OzoneManagerRequestHandler.java:228) ~[ozone-manager-1.3.0-SNAPSHOT.jar:?]
	at org.apache.hadoop.ozone.protocolPB.OzoneManagerProtocolServerSideTranslatorPB.submitRequestDirectlyToOM(OzoneManagerProtocolServerSideTranslatorPB.java:276) ~[ozone-manager-1.3.0-SNAPSHOT.jar:?]
	at org.apache.hadoop.ozone.protocolPB.OzoneManagerProtocolServerSideTranslatorPB.processRequest(OzoneManagerProtocolServerSideTranslatorPB.java:205) ~[ozone-manager-1.3.0-SNAPSHOT.jar:?]
	at org.apache.hadoop.hdds.server.OzoneProtocolMessageDispatcher.processRequest(OzoneProtocolMessageDispatcher.java:87) [hdds-server-framework-1.3.0-SNAPSHOT.jar:?]
	at org.apache.hadoop.ozone.protocolPB.OzoneManagerProtocolServerSideTranslatorPB.submitRequest(OzoneManagerProtocolServerSideTranslatorPB.java:147) [ozone-manager-1.3.0-SNAPSHOT.jar:?]
	at org.apache.hadoop.ozone.protocol.proto.OzoneManagerProtocolProtos$OzoneManagerService$2.callBlockingMethod(OzoneManagerProtocolProtos.java) [ozone-interface-client-1.3.0-SNAPSHOT.jar:?]
	at org.apache.hadoop.ipc.ProtobufRpcEngine$Server.processCall(ProtobufRpcEngine.java:466) [hadoop-common-3.3.1.jar:?]
	at org.apache.hadoop.ipc.ProtobufRpcEngine2$Server$ProtoBufRpcInvoker.call(ProtobufRpcEngine2.java:574) [hadoop-common-3.3.1.jar:?]
	at org.apache.hadoop.ipc.ProtobufRpcEngine2$Server$ProtoBufRpcInvoker.call(ProtobufRpcEngine2.java:552) [hadoop-common-3.3.1.jar:?]
	at org.apache.hadoop.ipc.RPC$Server.call(RPC.java:1093) [hadoop-common-3.3.1.jar:?]
	at org.apache.hadoop.ipc.Server$RpcCall.run(Server.java:1035) [hadoop-common-3.3.1.jar:?]
	at org.apache.hadoop.ipc.Server$RpcCall.run(Server.java:963) [hadoop-common-3.3.1.jar:?]
	at java.security.AccessController.doPrivileged(Native Method) ~[?:1.8.0_345]
	at javax.security.auth.Subject.doAs(Subject.java:422) [?:1.8.0_345]
	at org.apache.hadoop.security.UserGroupInformation.doAs(UserGroupInformation.java:1878) [hadoop-common-3.3.1.jar:?]
	at org.apache.hadoop.ipc.Server$Handler.run(Server.java:2966) [hadoop-common-3.3.1.jar:?]
2022-10-10 08:42:32,915 [Time-limited test] WARN  ozone.BasicOzoneFileSystem (BasicOzoneFileSystem.java:getFileStatus(765)) - GetFileStatus failed for path /level0/level3/file1
java.io.FileNotFoundException: level0/level3/file1: No such file or directory!
	at org.apache.hadoop.fs.ozone.BasicOzoneClientAdapterImpl.getFileStatus(BasicOzoneClientAdapterImpl.java:369)
	at org.apache.hadoop.fs.ozone.BasicOzoneFileSystem.getFileStatus(BasicOzoneFileSystem.java:757)
	at org.apache.hadoop.fs.ozone.TestOzoneFileSystem.checkPath(TestOzoneFileSystem.java:502)
	at org.apache.hadoop.fs.ozone.TestOzoneFileSystem.testRecursiveDelete(TestOzoneFileSystem.java:495)
	at sun.reflect.NativeMethodAccessorImpl.invoke0(Native Method)
	at sun.reflect.NativeMethodAccessorImpl.invoke(NativeMethodAccessorImpl.java:62)
	at sun.reflect.DelegatingMethodAccessorImpl.invoke(DelegatingMethodAccessorImpl.java:43)
	at java.lang.reflect.Method.invoke(Method.java:498)
	at org.junit.runners.model.FrameworkMethod$1.runReflectiveCall(FrameworkMethod.java:59)
	at org.junit.internal.runners.model.ReflectiveCallable.run(ReflectiveCallable.java:12)
	at org.junit.runners.model.FrameworkMethod.invokeExplosively(FrameworkMethod.java:56)
	at org.junit.internal.runners.statements.InvokeMethod.evaluate(InvokeMethod.java:17)
	at org.junit.internal.runners.statements.RunAfters.evaluate(RunAfters.java:27)
	at org.junit.internal.runners.statements.FailOnTimeout$CallableStatement.call(FailOnTimeout.java:288)
	at org.junit.internal.runners.statements.FailOnTimeout$CallableStatement.call(FailOnTimeout.java:282)
	at java.util.concurrent.FutureTask.run(FutureTask.java:266)
	at java.lang.Thread.run(Thread.java:750)
08:42:32.916 [IPC Server handler 6 on default port 37485] ERROR OMAudit - user=runner | ip=127.0.0.1 | op=GET_FILE_STATUS {volume=volume23299, bucket=bucket63939, key=level0/level3/level3/file1, dataSize=0, replicationConfig=null} | ret=FAILURE
org.apache.hadoop.ozone.om.exceptions.OMException: Unable to get file status: volume: volume23299 bucket: bucket63939 key: level0/level3/level3/file1
	at org.apache.hadoop.ozone.om.KeyManagerImpl.getOzoneFileStatus(KeyManagerImpl.java:1270) ~[ozone-manager-1.3.0-SNAPSHOT.jar:?]
	at org.apache.hadoop.ozone.om.KeyManagerImpl.getFileStatus(KeyManagerImpl.java:1200) ~[ozone-manager-1.3.0-SNAPSHOT.jar:?]
	at org.apache.hadoop.ozone.om.OzoneManager.getFileStatus(OzoneManager.java:3507) ~[ozone-manager-1.3.0-SNAPSHOT.jar:?]
	at org.apache.hadoop.ozone.protocolPB.OzoneManagerRequestHandler.getOzoneFileStatus(OzoneManagerRequestHandler.java:882) ~[ozone-manager-1.3.0-SNAPSHOT.jar:?]
	at org.apache.hadoop.ozone.protocolPB.OzoneManagerRequestHandler.handleReadRequest(OzoneManagerRequestHandler.java:228) ~[ozone-manager-1.3.0-SNAPSHOT.jar:?]
	at org.apache.hadoop.ozone.protocolPB.OzoneManagerProtocolServerSideTranslatorPB.submitRequestDirectlyToOM(OzoneManagerProtocolServerSideTranslatorPB.java:276) ~[ozone-manager-1.3.0-SNAPSHOT.jar:?]
	at org.apache.hadoop.ozone.protocolPB.OzoneManagerProtocolServerSideTranslatorPB.processRequest(OzoneManagerProtocolServerSideTranslatorPB.java:205) ~[ozone-manager-1.3.0-SNAPSHOT.jar:?]
	at org.apache.hadoop.hdds.server.OzoneProtocolMessageDispatcher.processRequest(OzoneProtocolMessageDispatcher.java:87) [hdds-server-framework-1.3.0-SNAPSHOT.jar:?]
	at org.apache.hadoop.ozone.protocolPB.OzoneManagerProtocolServerSideTranslatorPB.submitRequest(OzoneManagerProtocolServerSideTranslatorPB.java:147) [ozone-manager-1.3.0-SNAPSHOT.jar:?]
	at org.apache.hadoop.ozone.protocol.proto.OzoneManagerProtocolProtos$OzoneManagerService$2.callBlockingMethod(OzoneManagerProtocolProtos.java) [ozone-interface-client-1.3.0-SNAPSHOT.jar:?]
	at org.apache.hadoop.ipc.ProtobufRpcEngine$Server.processCall(ProtobufRpcEngine.java:466) [hadoop-common-3.3.1.jar:?]
	at org.apache.hadoop.ipc.ProtobufRpcEngine2$Server$ProtoBufRpcInvoker.call(ProtobufRpcEngine2.java:574) [hadoop-common-3.3.1.jar:?]
	at org.apache.hadoop.ipc.ProtobufRpcEngine2$Server$ProtoBufRpcInvoker.call(ProtobufRpcEngine2.java:552) [hadoop-common-3.3.1.jar:?]
	at org.apache.hadoop.ipc.RPC$Server.call(RPC.java:1093) [hadoop-common-3.3.1.jar:?]
	at org.apache.hadoop.ipc.Server$RpcCall.run(Server.java:1035) [hadoop-common-3.3.1.jar:?]
	at org.apache.hadoop.ipc.Server$RpcCall.run(Server.java:963) [hadoop-common-3.3.1.jar:?]
	at java.security.AccessController.doPrivileged(Native Method) ~[?:1.8.0_345]
	at javax.security.auth.Subject.doAs(Subject.java:422) [?:1.8.0_345]
	at org.apache.hadoop.security.UserGroupInformation.doAs(UserGroupInformation.java:1878) [hadoop-common-3.3.1.jar:?]
	at org.apache.hadoop.ipc.Server$Handler.run(Server.java:2966) [hadoop-common-3.3.1.jar:?]
2022-10-10 08:42:32,916 [Time-limited test] WARN  ozone.BasicOzoneFileSystem (BasicOzoneFileSystem.java:getFileStatus(765)) - GetFileStatus failed for path /level0/level3/level3/file1
java.io.FileNotFoundException: level0/level3/level3/file1: No such file or directory!
	at org.apache.hadoop.fs.ozone.BasicOzoneClientAdapterImpl.getFileStatus(BasicOzoneClientAdapterImpl.java:369)
	at org.apache.hadoop.fs.ozone.BasicOzoneFileSystem.getFileStatus(BasicOzoneFileSystem.java:757)
	at org.apache.hadoop.fs.ozone.TestOzoneFileSystem.checkPath(TestOzoneFileSystem.java:502)
	at org.apache.hadoop.fs.ozone.TestOzoneFileSystem.testRecursiveDelete(TestOzoneFileSystem.java:496)
	at sun.reflect.NativeMethodAccessorImpl.invoke0(Native Method)
	at sun.reflect.NativeMethodAccessorImpl.invoke(NativeMethodAccessorImpl.java:62)
	at sun.reflect.DelegatingMethodAccessorImpl.invoke(DelegatingMethodAccessorImpl.java:43)
	at java.lang.reflect.Method.invoke(Method.java:498)
	at org.junit.runners.model.FrameworkMethod$1.runReflectiveCall(FrameworkMethod.java:59)
	at org.junit.internal.runners.model.ReflectiveCallable.run(ReflectiveCallable.java:12)
	at org.junit.runners.model.FrameworkMethod.invokeExplosively(FrameworkMethod.java:56)
	at org.junit.internal.runners.statements.InvokeMethod.evaluate(InvokeMethod.java:17)
	at org.junit.internal.runners.statements.RunAfters.evaluate(RunAfters.java:27)
	at org.junit.internal.runners.statements.FailOnTimeout$CallableStatement.call(FailOnTimeout.java:288)
	at org.junit.internal.runners.statements.FailOnTimeout$CallableStatement.call(FailOnTimeout.java:282)
	at java.util.concurrent.FutureTask.run(FutureTask.java:266)
	at java.lang.Thread.run(Thread.java:750)
]]></system-out>
  </testcase>
  <testcase name="testGetTrashRoots" classname="TestOzoneFileSystem" time="0.062">
    <system-out><![CDATA[08:37:02.669 [IPC Server handler 3 on default port 46487] ERROR OMAudit - user=runner | ip=127.0.0.1 | op=GET_FILE_STATUS {volume=volume16396, bucket=bucket39555, key=.Trash/runner, dataSize=0, replicationConfig=null} | ret=FAILURE
org.apache.hadoop.ozone.om.exceptions.OMException: Unable to get file status: volume: volume16396 bucket: bucket39555 key: .Trash/runner
	at org.apache.hadoop.ozone.om.KeyManagerImpl.getOzoneFileStatus(KeyManagerImpl.java:1270) ~[ozone-manager-1.3.0-SNAPSHOT.jar:?]
	at org.apache.hadoop.ozone.om.KeyManagerImpl.getFileStatus(KeyManagerImpl.java:1200) ~[ozone-manager-1.3.0-SNAPSHOT.jar:?]
	at org.apache.hadoop.ozone.om.OzoneManager.getFileStatus(OzoneManager.java:3507) ~[ozone-manager-1.3.0-SNAPSHOT.jar:?]
	at org.apache.hadoop.ozone.protocolPB.OzoneManagerRequestHandler.getOzoneFileStatus(OzoneManagerRequestHandler.java:882) ~[ozone-manager-1.3.0-SNAPSHOT.jar:?]
	at org.apache.hadoop.ozone.protocolPB.OzoneManagerRequestHandler.handleReadRequest(OzoneManagerRequestHandler.java:228) ~[ozone-manager-1.3.0-SNAPSHOT.jar:?]
	at org.apache.hadoop.ozone.protocolPB.OzoneManagerProtocolServerSideTranslatorPB.submitReadRequestToOM(OzoneManagerProtocolServerSideTranslatorPB.java:226) ~[ozone-manager-1.3.0-SNAPSHOT.jar:?]
	at org.apache.hadoop.ozone.protocolPB.OzoneManagerProtocolServerSideTranslatorPB.processRequest(OzoneManagerProtocolServerSideTranslatorPB.java:175) ~[ozone-manager-1.3.0-SNAPSHOT.jar:?]
	at org.apache.hadoop.hdds.server.OzoneProtocolMessageDispatcher.processRequest(OzoneProtocolMessageDispatcher.java:87) [hdds-server-framework-1.3.0-SNAPSHOT.jar:?]
	at org.apache.hadoop.ozone.protocolPB.OzoneManagerProtocolServerSideTranslatorPB.submitRequest(OzoneManagerProtocolServerSideTranslatorPB.java:147) [ozone-manager-1.3.0-SNAPSHOT.jar:?]
	at org.apache.hadoop.ozone.protocol.proto.OzoneManagerProtocolProtos$OzoneManagerService$2.callBlockingMethod(OzoneManagerProtocolProtos.java) [ozone-interface-client-1.3.0-SNAPSHOT.jar:?]
	at org.apache.hadoop.ipc.ProtobufRpcEngine$Server.processCall(ProtobufRpcEngine.java:466) [hadoop-common-3.3.1.jar:?]
	at org.apache.hadoop.ipc.ProtobufRpcEngine2$Server$ProtoBufRpcInvoker.call(ProtobufRpcEngine2.java:574) [hadoop-common-3.3.1.jar:?]
	at org.apache.hadoop.ipc.ProtobufRpcEngine2$Server$ProtoBufRpcInvoker.call(ProtobufRpcEngine2.java:552) [hadoop-common-3.3.1.jar:?]
	at org.apache.hadoop.ipc.RPC$Server.call(RPC.java:1093) [hadoop-common-3.3.1.jar:?]
	at org.apache.hadoop.ipc.Server$RpcCall.run(Server.java:1035) [hadoop-common-3.3.1.jar:?]
	at org.apache.hadoop.ipc.Server$RpcCall.run(Server.java:963) [hadoop-common-3.3.1.jar:?]
	at java.security.AccessController.doPrivileged(Native Method) ~[?:1.8.0_345]
	at javax.security.auth.Subject.doAs(Subject.java:422) [?:1.8.0_345]
	at org.apache.hadoop.security.UserGroupInformation.doAs(UserGroupInformation.java:1878) [hadoop-common-3.3.1.jar:?]
	at org.apache.hadoop.ipc.Server$Handler.run(Server.java:2966) [hadoop-common-3.3.1.jar:?]
2022-10-10 08:37:02,675 [Time-limited test] WARN  ozone.BasicOzoneFileSystem (BasicOzoneFileSystem.java:getFileStatus(765)) - GetFileStatus failed for path /.Trash/runner
java.io.FileNotFoundException: .Trash/runner: No such file or directory!
	at org.apache.hadoop.fs.ozone.BasicOzoneClientAdapterImpl.getFileStatus(BasicOzoneClientAdapterImpl.java:369)
	at org.apache.hadoop.fs.ozone.BasicOzoneFileSystem.getFileStatus(BasicOzoneFileSystem.java:757)
	at org.apache.hadoop.fs.FileSystem.exists(FileSystem.java:1760)
	at org.apache.hadoop.fs.ozone.BasicOzoneFileSystem.exists(BasicOzoneFileSystem.java:804)
	at org.apache.hadoop.fs.ozone.BasicOzoneFileSystem.getTrashRoots(BasicOzoneFileSystem.java:700)
	at org.apache.hadoop.fs.ozone.TestOzoneFileSystem.testGetTrashRoots(TestOzoneFileSystem.java:1503)
	at sun.reflect.NativeMethodAccessorImpl.invoke0(Native Method)
	at sun.reflect.NativeMethodAccessorImpl.invoke(NativeMethodAccessorImpl.java:62)
	at sun.reflect.DelegatingMethodAccessorImpl.invoke(DelegatingMethodAccessorImpl.java:43)
	at java.lang.reflect.Method.invoke(Method.java:498)
	at org.junit.runners.model.FrameworkMethod$1.runReflectiveCall(FrameworkMethod.java:59)
	at org.junit.internal.runners.model.ReflectiveCallable.run(ReflectiveCallable.java:12)
	at org.junit.runners.model.FrameworkMethod.invokeExplosively(FrameworkMethod.java:56)
	at org.junit.internal.runners.statements.InvokeMethod.evaluate(InvokeMethod.java:17)
	at org.junit.internal.runners.statements.RunAfters.evaluate(RunAfters.java:27)
	at org.junit.internal.runners.statements.FailOnTimeout$CallableStatement.call(FailOnTimeout.java:288)
	at org.junit.internal.runners.statements.FailOnTimeout$CallableStatement.call(FailOnTimeout.java:282)
	at java.util.concurrent.FutureTask.run(FutureTask.java:266)
	at java.lang.Thread.run(Thread.java:750)
]]></system-out>
  </testcase>
  <testcase name="testGetTrashRoots" classname="TestOzoneFileSystem" time="0.079">
    <system-out><![CDATA[08:38:46.021 [IPC Server handler 4 on default port 43231] ERROR OMAudit - user=runner | ip=127.0.0.1 | op=GET_FILE_STATUS {volume=volume27327, bucket=bucket40120, key=.Trash/runner, dataSize=0, replicationConfig=null} | ret=FAILURE
org.apache.hadoop.ozone.om.exceptions.OMException: Unable to get file status: volume: volume27327 bucket: bucket40120 key: .Trash/runner
	at org.apache.hadoop.ozone.om.KeyManagerImpl.getOzoneFileStatus(KeyManagerImpl.java:1270) ~[ozone-manager-1.3.0-SNAPSHOT.jar:?]
	at org.apache.hadoop.ozone.om.KeyManagerImpl.getFileStatus(KeyManagerImpl.java:1200) ~[ozone-manager-1.3.0-SNAPSHOT.jar:?]
	at org.apache.hadoop.ozone.om.OzoneManager.getFileStatus(OzoneManager.java:3507) ~[ozone-manager-1.3.0-SNAPSHOT.jar:?]
	at org.apache.hadoop.ozone.protocolPB.OzoneManagerRequestHandler.getOzoneFileStatus(OzoneManagerRequestHandler.java:882) ~[ozone-manager-1.3.0-SNAPSHOT.jar:?]
	at org.apache.hadoop.ozone.protocolPB.OzoneManagerRequestHandler.handleReadRequest(OzoneManagerRequestHandler.java:228) ~[ozone-manager-1.3.0-SNAPSHOT.jar:?]
	at org.apache.hadoop.ozone.protocolPB.OzoneManagerProtocolServerSideTranslatorPB.submitRequestDirectlyToOM(OzoneManagerProtocolServerSideTranslatorPB.java:276) ~[ozone-manager-1.3.0-SNAPSHOT.jar:?]
	at org.apache.hadoop.ozone.protocolPB.OzoneManagerProtocolServerSideTranslatorPB.processRequest(OzoneManagerProtocolServerSideTranslatorPB.java:205) ~[ozone-manager-1.3.0-SNAPSHOT.jar:?]
	at org.apache.hadoop.hdds.server.OzoneProtocolMessageDispatcher.processRequest(OzoneProtocolMessageDispatcher.java:87) [hdds-server-framework-1.3.0-SNAPSHOT.jar:?]
	at org.apache.hadoop.ozone.protocolPB.OzoneManagerProtocolServerSideTranslatorPB.submitRequest(OzoneManagerProtocolServerSideTranslatorPB.java:147) [ozone-manager-1.3.0-SNAPSHOT.jar:?]
	at org.apache.hadoop.ozone.protocol.proto.OzoneManagerProtocolProtos$OzoneManagerService$2.callBlockingMethod(OzoneManagerProtocolProtos.java) [ozone-interface-client-1.3.0-SNAPSHOT.jar:?]
	at org.apache.hadoop.ipc.ProtobufRpcEngine$Server.processCall(ProtobufRpcEngine.java:466) [hadoop-common-3.3.1.jar:?]
	at org.apache.hadoop.ipc.ProtobufRpcEngine2$Server$ProtoBufRpcInvoker.call(ProtobufRpcEngine2.java:574) [hadoop-common-3.3.1.jar:?]
	at org.apache.hadoop.ipc.ProtobufRpcEngine2$Server$ProtoBufRpcInvoker.call(ProtobufRpcEngine2.java:552) [hadoop-common-3.3.1.jar:?]
	at org.apache.hadoop.ipc.RPC$Server.call(RPC.java:1093) [hadoop-common-3.3.1.jar:?]
	at org.apache.hadoop.ipc.Server$RpcCall.run(Server.java:1035) [hadoop-common-3.3.1.jar:?]
	at org.apache.hadoop.ipc.Server$RpcCall.run(Server.java:963) [hadoop-common-3.3.1.jar:?]
	at java.security.AccessController.doPrivileged(Native Method) ~[?:1.8.0_345]
	at javax.security.auth.Subject.doAs(Subject.java:422) [?:1.8.0_345]
	at org.apache.hadoop.security.UserGroupInformation.doAs(UserGroupInformation.java:1878) [hadoop-common-3.3.1.jar:?]
	at org.apache.hadoop.ipc.Server$Handler.run(Server.java:2966) [hadoop-common-3.3.1.jar:?]
2022-10-10 08:38:46,027 [Time-limited test] WARN  ozone.BasicOzoneFileSystem (BasicOzoneFileSystem.java:getFileStatus(765)) - GetFileStatus failed for path /.Trash/runner
java.io.FileNotFoundException: .Trash/runner: No such file or directory!
	at org.apache.hadoop.fs.ozone.BasicOzoneClientAdapterImpl.getFileStatus(BasicOzoneClientAdapterImpl.java:369)
	at org.apache.hadoop.fs.ozone.BasicOzoneFileSystem.getFileStatus(BasicOzoneFileSystem.java:757)
	at org.apache.hadoop.fs.FileSystem.exists(FileSystem.java:1760)
	at org.apache.hadoop.fs.ozone.BasicOzoneFileSystem.exists(BasicOzoneFileSystem.java:804)
	at org.apache.hadoop.fs.ozone.BasicOzoneFileSystem.getTrashRoots(BasicOzoneFileSystem.java:700)
	at org.apache.hadoop.fs.ozone.TestOzoneFileSystem.testGetTrashRoots(TestOzoneFileSystem.java:1503)
	at sun.reflect.NativeMethodAccessorImpl.invoke0(Native Method)
	at sun.reflect.NativeMethodAccessorImpl.invoke(NativeMethodAccessorImpl.java:62)
	at sun.reflect.DelegatingMethodAccessorImpl.invoke(DelegatingMethodAccessorImpl.java:43)
	at java.lang.reflect.Method.invoke(Method.java:498)
	at org.junit.runners.model.FrameworkMethod$1.runReflectiveCall(FrameworkMethod.java:59)
	at org.junit.internal.runners.model.ReflectiveCallable.run(ReflectiveCallable.java:12)
	at org.junit.runners.model.FrameworkMethod.invokeExplosively(FrameworkMethod.java:56)
	at org.junit.internal.runners.statements.InvokeMethod.evaluate(InvokeMethod.java:17)
	at org.junit.internal.runners.statements.RunAfters.evaluate(RunAfters.java:27)
	at org.junit.internal.runners.statements.FailOnTimeout$CallableStatement.call(FailOnTimeout.java:288)
	at org.junit.internal.runners.statements.FailOnTimeout$CallableStatement.call(FailOnTimeout.java:282)
	at java.util.concurrent.FutureTask.run(FutureTask.java:266)
	at java.lang.Thread.run(Thread.java:750)
]]></system-out>
  </testcase>
  <testcase name="testGetTrashRoots" classname="TestOzoneFileSystem" time="0.061">
    <system-out><![CDATA[08:40:27.669 [IPC Server handler 17 on default port 41701] ERROR OMAudit - user=runner | ip=127.0.0.1 | op=GET_FILE_STATUS {volume=volume83680, bucket=bucket94599, key=.Trash/runner, dataSize=0, replicationConfig=null} | ret=FAILURE
org.apache.hadoop.ozone.om.exceptions.OMException: Unable to get file status: volume: volume83680 bucket: bucket94599 key: .Trash/runner
	at org.apache.hadoop.ozone.om.KeyManagerImpl.getOzoneFileStatus(KeyManagerImpl.java:1270) ~[ozone-manager-1.3.0-SNAPSHOT.jar:?]
	at org.apache.hadoop.ozone.om.KeyManagerImpl.getFileStatus(KeyManagerImpl.java:1200) ~[ozone-manager-1.3.0-SNAPSHOT.jar:?]
	at org.apache.hadoop.ozone.om.OzoneManager.getFileStatus(OzoneManager.java:3507) ~[ozone-manager-1.3.0-SNAPSHOT.jar:?]
	at org.apache.hadoop.ozone.protocolPB.OzoneManagerRequestHandler.getOzoneFileStatus(OzoneManagerRequestHandler.java:882) ~[ozone-manager-1.3.0-SNAPSHOT.jar:?]
	at org.apache.hadoop.ozone.protocolPB.OzoneManagerRequestHandler.handleReadRequest(OzoneManagerRequestHandler.java:228) ~[ozone-manager-1.3.0-SNAPSHOT.jar:?]
	at org.apache.hadoop.ozone.protocolPB.OzoneManagerProtocolServerSideTranslatorPB.submitReadRequestToOM(OzoneManagerProtocolServerSideTranslatorPB.java:226) ~[ozone-manager-1.3.0-SNAPSHOT.jar:?]
	at org.apache.hadoop.ozone.protocolPB.OzoneManagerProtocolServerSideTranslatorPB.processRequest(OzoneManagerProtocolServerSideTranslatorPB.java:175) ~[ozone-manager-1.3.0-SNAPSHOT.jar:?]
	at org.apache.hadoop.hdds.server.OzoneProtocolMessageDispatcher.processRequest(OzoneProtocolMessageDispatcher.java:87) [hdds-server-framework-1.3.0-SNAPSHOT.jar:?]
	at org.apache.hadoop.ozone.protocolPB.OzoneManagerProtocolServerSideTranslatorPB.submitRequest(OzoneManagerProtocolServerSideTranslatorPB.java:147) [ozone-manager-1.3.0-SNAPSHOT.jar:?]
	at org.apache.hadoop.ozone.protocol.proto.OzoneManagerProtocolProtos$OzoneManagerService$2.callBlockingMethod(OzoneManagerProtocolProtos.java) [ozone-interface-client-1.3.0-SNAPSHOT.jar:?]
	at org.apache.hadoop.ipc.ProtobufRpcEngine$Server.processCall(ProtobufRpcEngine.java:466) [hadoop-common-3.3.1.jar:?]
	at org.apache.hadoop.ipc.ProtobufRpcEngine2$Server$ProtoBufRpcInvoker.call(ProtobufRpcEngine2.java:574) [hadoop-common-3.3.1.jar:?]
	at org.apache.hadoop.ipc.ProtobufRpcEngine2$Server$ProtoBufRpcInvoker.call(ProtobufRpcEngine2.java:552) [hadoop-common-3.3.1.jar:?]
	at org.apache.hadoop.ipc.RPC$Server.call(RPC.java:1093) [hadoop-common-3.3.1.jar:?]
	at org.apache.hadoop.ipc.Server$RpcCall.run(Server.java:1035) [hadoop-common-3.3.1.jar:?]
	at org.apache.hadoop.ipc.Server$RpcCall.run(Server.java:963) [hadoop-common-3.3.1.jar:?]
	at java.security.AccessController.doPrivileged(Native Method) ~[?:1.8.0_345]
	at javax.security.auth.Subject.doAs(Subject.java:422) [?:1.8.0_345]
	at org.apache.hadoop.security.UserGroupInformation.doAs(UserGroupInformation.java:1878) [hadoop-common-3.3.1.jar:?]
	at org.apache.hadoop.ipc.Server$Handler.run(Server.java:2966) [hadoop-common-3.3.1.jar:?]
2022-10-10 08:40:27,669 [Time-limited test] WARN  ozone.BasicOzoneFileSystem (BasicOzoneFileSystem.java:getFileStatus(765)) - GetFileStatus failed for path /.Trash/runner
java.io.FileNotFoundException: .Trash/runner: No such file or directory!
	at org.apache.hadoop.fs.ozone.BasicOzoneClientAdapterImpl.getFileStatus(BasicOzoneClientAdapterImpl.java:369)
	at org.apache.hadoop.fs.ozone.BasicOzoneFileSystem.getFileStatus(BasicOzoneFileSystem.java:757)
	at org.apache.hadoop.fs.FileSystem.exists(FileSystem.java:1760)
	at org.apache.hadoop.fs.ozone.BasicOzoneFileSystem.exists(BasicOzoneFileSystem.java:804)
	at org.apache.hadoop.fs.ozone.BasicOzoneFileSystem.getTrashRoots(BasicOzoneFileSystem.java:700)
	at org.apache.hadoop.fs.ozone.TestOzoneFileSystem.testGetTrashRoots(TestOzoneFileSystem.java:1503)
	at sun.reflect.NativeMethodAccessorImpl.invoke0(Native Method)
	at sun.reflect.NativeMethodAccessorImpl.invoke(NativeMethodAccessorImpl.java:62)
	at sun.reflect.DelegatingMethodAccessorImpl.invoke(DelegatingMethodAccessorImpl.java:43)
	at java.lang.reflect.Method.invoke(Method.java:498)
	at org.junit.runners.model.FrameworkMethod$1.runReflectiveCall(FrameworkMethod.java:59)
	at org.junit.internal.runners.model.ReflectiveCallable.run(ReflectiveCallable.java:12)
	at org.junit.runners.model.FrameworkMethod.invokeExplosively(FrameworkMethod.java:56)
	at org.junit.internal.runners.statements.InvokeMethod.evaluate(InvokeMethod.java:17)
	at org.junit.internal.runners.statements.RunAfters.evaluate(RunAfters.java:27)
	at org.junit.internal.runners.statements.FailOnTimeout$CallableStatement.call(FailOnTimeout.java:288)
	at org.junit.internal.runners.statements.FailOnTimeout$CallableStatement.call(FailOnTimeout.java:282)
	at java.util.concurrent.FutureTask.run(FutureTask.java:266)
	at java.lang.Thread.run(Thread.java:750)
]]></system-out>
  </testcase>
  <testcase name="testGetTrashRoots" classname="TestOzoneFileSystem" time="0.063">
    <system-out><![CDATA[08:42:32.928 [IPC Server handler 2 on default port 37485] ERROR OMAudit - user=runner | ip=127.0.0.1 | op=GET_FILE_STATUS {volume=volume23299, bucket=bucket63939, key=.Trash/runner, dataSize=0, replicationConfig=null} | ret=FAILURE
org.apache.hadoop.ozone.om.exceptions.OMException: Unable to get file status: volume: volume23299 bucket: bucket63939 key: .Trash/runner
	at org.apache.hadoop.ozone.om.KeyManagerImpl.getOzoneFileStatus(KeyManagerImpl.java:1270) ~[ozone-manager-1.3.0-SNAPSHOT.jar:?]
	at org.apache.hadoop.ozone.om.KeyManagerImpl.getFileStatus(KeyManagerImpl.java:1200) ~[ozone-manager-1.3.0-SNAPSHOT.jar:?]
	at org.apache.hadoop.ozone.om.OzoneManager.getFileStatus(OzoneManager.java:3507) ~[ozone-manager-1.3.0-SNAPSHOT.jar:?]
	at org.apache.hadoop.ozone.protocolPB.OzoneManagerRequestHandler.getOzoneFileStatus(OzoneManagerRequestHandler.java:882) ~[ozone-manager-1.3.0-SNAPSHOT.jar:?]
	at org.apache.hadoop.ozone.protocolPB.OzoneManagerRequestHandler.handleReadRequest(OzoneManagerRequestHandler.java:228) ~[ozone-manager-1.3.0-SNAPSHOT.jar:?]
	at org.apache.hadoop.ozone.protocolPB.OzoneManagerProtocolServerSideTranslatorPB.submitRequestDirectlyToOM(OzoneManagerProtocolServerSideTranslatorPB.java:276) ~[ozone-manager-1.3.0-SNAPSHOT.jar:?]
	at org.apache.hadoop.ozone.protocolPB.OzoneManagerProtocolServerSideTranslatorPB.processRequest(OzoneManagerProtocolServerSideTranslatorPB.java:205) ~[ozone-manager-1.3.0-SNAPSHOT.jar:?]
	at org.apache.hadoop.hdds.server.OzoneProtocolMessageDispatcher.processRequest(OzoneProtocolMessageDispatcher.java:87) [hdds-server-framework-1.3.0-SNAPSHOT.jar:?]
	at org.apache.hadoop.ozone.protocolPB.OzoneManagerProtocolServerSideTranslatorPB.submitRequest(OzoneManagerProtocolServerSideTranslatorPB.java:147) [ozone-manager-1.3.0-SNAPSHOT.jar:?]
	at org.apache.hadoop.ozone.protocol.proto.OzoneManagerProtocolProtos$OzoneManagerService$2.callBlockingMethod(OzoneManagerProtocolProtos.java) [ozone-interface-client-1.3.0-SNAPSHOT.jar:?]
	at org.apache.hadoop.ipc.ProtobufRpcEngine$Server.processCall(ProtobufRpcEngine.java:466) [hadoop-common-3.3.1.jar:?]
	at org.apache.hadoop.ipc.ProtobufRpcEngine2$Server$ProtoBufRpcInvoker.call(ProtobufRpcEngine2.java:574) [hadoop-common-3.3.1.jar:?]
	at org.apache.hadoop.ipc.ProtobufRpcEngine2$Server$ProtoBufRpcInvoker.call(ProtobufRpcEngine2.java:552) [hadoop-common-3.3.1.jar:?]
	at org.apache.hadoop.ipc.RPC$Server.call(RPC.java:1093) [hadoop-common-3.3.1.jar:?]
	at org.apache.hadoop.ipc.Server$RpcCall.run(Server.java:1035) [hadoop-common-3.3.1.jar:?]
	at org.apache.hadoop.ipc.Server$RpcCall.run(Server.java:963) [hadoop-common-3.3.1.jar:?]
	at java.security.AccessController.doPrivileged(Native Method) ~[?:1.8.0_345]
	at javax.security.auth.Subject.doAs(Subject.java:422) [?:1.8.0_345]
	at org.apache.hadoop.security.UserGroupInformation.doAs(UserGroupInformation.java:1878) [hadoop-common-3.3.1.jar:?]
	at org.apache.hadoop.ipc.Server$Handler.run(Server.java:2966) [hadoop-common-3.3.1.jar:?]
2022-10-10 08:42:32,934 [Time-limited test] WARN  ozone.BasicOzoneFileSystem (BasicOzoneFileSystem.java:getFileStatus(765)) - GetFileStatus failed for path /.Trash/runner
java.io.FileNotFoundException: .Trash/runner: No such file or directory!
	at org.apache.hadoop.fs.ozone.BasicOzoneClientAdapterImpl.getFileStatus(BasicOzoneClientAdapterImpl.java:369)
	at org.apache.hadoop.fs.ozone.BasicOzoneFileSystem.getFileStatus(BasicOzoneFileSystem.java:757)
	at org.apache.hadoop.fs.FileSystem.exists(FileSystem.java:1760)
	at org.apache.hadoop.fs.ozone.BasicOzoneFileSystem.exists(BasicOzoneFileSystem.java:804)
	at org.apache.hadoop.fs.ozone.BasicOzoneFileSystem.getTrashRoots(BasicOzoneFileSystem.java:700)
	at org.apache.hadoop.fs.ozone.TestOzoneFileSystem.testGetTrashRoots(TestOzoneFileSystem.java:1503)
	at sun.reflect.NativeMethodAccessorImpl.invoke0(Native Method)
	at sun.reflect.NativeMethodAccessorImpl.invoke(NativeMethodAccessorImpl.java:62)
	at sun.reflect.DelegatingMethodAccessorImpl.invoke(DelegatingMethodAccessorImpl.java:43)
	at java.lang.reflect.Method.invoke(Method.java:498)
	at org.junit.runners.model.FrameworkMethod$1.runReflectiveCall(FrameworkMethod.java:59)
	at org.junit.internal.runners.model.ReflectiveCallable.run(ReflectiveCallable.java:12)
	at org.junit.runners.model.FrameworkMethod.invokeExplosively(FrameworkMethod.java:56)
	at org.junit.internal.runners.statements.InvokeMethod.evaluate(InvokeMethod.java:17)
	at org.junit.internal.runners.statements.RunAfters.evaluate(RunAfters.java:27)
	at org.junit.internal.runners.statements.FailOnTimeout$CallableStatement.call(FailOnTimeout.java:288)
	at org.junit.internal.runners.statements.FailOnTimeout$CallableStatement.call(FailOnTimeout.java:282)
	at java.util.concurrent.FutureTask.run(FutureTask.java:266)
	at java.lang.Thread.run(Thread.java:750)
]]></system-out>
  </testcase>
  <testcase name="testCreateDoesNotAddParentDirKeys" classname="TestOzoneFileSystem" time="0.059">
    <system-out><![CDATA[2022-10-10 08:37:02,754 [Under Replicated Processor] INFO  replication.UnderReplicatedProcessor (UnderReplicatedProcessor.java:processAll(92)) - Processed 0 under replicated containers, failed processing 0
2022-10-10 08:37:02,761 [Over Replicated Processor] INFO  replication.OverReplicatedProcessor (OverReplicatedProcessor.java:processAll(90)) - Processed 0 over replicated containers, failed processing 0
08:37:02.769 [IPC Server handler 6 on default port 46487] ERROR OMAudit - user=runner | ip=127.0.0.1 | op=READ_KEY {volume=volume16396, bucket=bucket39555, key=testCreateDoesNotAddParentDirKeys/parent/, dataSize=0, replicationConfig=null} | ret=FAILURE
org.apache.hadoop.ozone.om.exceptions.OMException: Key:testCreateDoesNotAddParentDirKeys/parent not found
	at org.apache.hadoop.ozone.om.KeyManagerImpl.lookupKey(KeyManagerImpl.java:365) ~[ozone-manager-1.3.0-SNAPSHOT.jar:?]
	at org.apache.hadoop.ozone.om.OzoneManager.lookupKey(OzoneManager.java:2836) ~[ozone-manager-1.3.0-SNAPSHOT.jar:?]
	at org.apache.hadoop.ozone.protocolPB.OzoneManagerRequestHandler.lookupKey(OzoneManagerRequestHandler.java:495) ~[ozone-manager-1.3.0-SNAPSHOT.jar:?]
	at org.apache.hadoop.ozone.protocolPB.OzoneManagerRequestHandler.handleReadRequest(OzoneManagerRequestHandler.java:188) ~[ozone-manager-1.3.0-SNAPSHOT.jar:?]
	at org.apache.hadoop.ozone.protocolPB.OzoneManagerProtocolServerSideTranslatorPB.submitReadRequestToOM(OzoneManagerProtocolServerSideTranslatorPB.java:226) ~[ozone-manager-1.3.0-SNAPSHOT.jar:?]
	at org.apache.hadoop.ozone.protocolPB.OzoneManagerProtocolServerSideTranslatorPB.processRequest(OzoneManagerProtocolServerSideTranslatorPB.java:175) ~[ozone-manager-1.3.0-SNAPSHOT.jar:?]
	at org.apache.hadoop.hdds.server.OzoneProtocolMessageDispatcher.processRequest(OzoneProtocolMessageDispatcher.java:87) [hdds-server-framework-1.3.0-SNAPSHOT.jar:?]
	at org.apache.hadoop.ozone.protocolPB.OzoneManagerProtocolServerSideTranslatorPB.submitRequest(OzoneManagerProtocolServerSideTranslatorPB.java:147) [ozone-manager-1.3.0-SNAPSHOT.jar:?]
	at org.apache.hadoop.ozone.protocol.proto.OzoneManagerProtocolProtos$OzoneManagerService$2.callBlockingMethod(OzoneManagerProtocolProtos.java) [ozone-interface-client-1.3.0-SNAPSHOT.jar:?]
	at org.apache.hadoop.ipc.ProtobufRpcEngine$Server.processCall(ProtobufRpcEngine.java:466) [hadoop-common-3.3.1.jar:?]
	at org.apache.hadoop.ipc.ProtobufRpcEngine2$Server$ProtoBufRpcInvoker.call(ProtobufRpcEngine2.java:574) [hadoop-common-3.3.1.jar:?]
	at org.apache.hadoop.ipc.ProtobufRpcEngine2$Server$ProtoBufRpcInvoker.call(ProtobufRpcEngine2.java:552) [hadoop-common-3.3.1.jar:?]
	at org.apache.hadoop.ipc.RPC$Server.call(RPC.java:1093) [hadoop-common-3.3.1.jar:?]
	at org.apache.hadoop.ipc.Server$RpcCall.run(Server.java:1035) [hadoop-common-3.3.1.jar:?]
	at org.apache.hadoop.ipc.Server$RpcCall.run(Server.java:963) [hadoop-common-3.3.1.jar:?]
	at java.security.AccessController.doPrivileged(Native Method) ~[?:1.8.0_345]
	at javax.security.auth.Subject.doAs(Subject.java:422) [?:1.8.0_345]
	at org.apache.hadoop.security.UserGroupInformation.doAs(UserGroupInformation.java:1878) [hadoop-common-3.3.1.jar:?]
	at org.apache.hadoop.ipc.Server$Handler.run(Server.java:2966) [hadoop-common-3.3.1.jar:?]
]]></system-out>
  </testcase>
  <testcase name="testCreateDoesNotAddParentDirKeys" classname="TestOzoneFileSystem" time="0.137">
    <system-out><![CDATA[08:38:46.217 [IPC Server handler 18 on default port 43231] ERROR OMAudit - user=runner | ip=127.0.0.1 | op=READ_KEY {volume=volume27327, bucket=bucket40120, key=testCreateDoesNotAddParentDirKeys/parent/, dataSize=0, replicationConfig=null} | ret=FAILURE
org.apache.hadoop.ozone.om.exceptions.OMException: Key:testCreateDoesNotAddParentDirKeys/parent not found
	at org.apache.hadoop.ozone.om.KeyManagerImpl.lookupKey(KeyManagerImpl.java:365) ~[ozone-manager-1.3.0-SNAPSHOT.jar:?]
	at org.apache.hadoop.ozone.om.OzoneManager.lookupKey(OzoneManager.java:2836) ~[ozone-manager-1.3.0-SNAPSHOT.jar:?]
	at org.apache.hadoop.ozone.protocolPB.OzoneManagerRequestHandler.lookupKey(OzoneManagerRequestHandler.java:495) ~[ozone-manager-1.3.0-SNAPSHOT.jar:?]
	at org.apache.hadoop.ozone.protocolPB.OzoneManagerRequestHandler.handleReadRequest(OzoneManagerRequestHandler.java:188) ~[ozone-manager-1.3.0-SNAPSHOT.jar:?]
	at org.apache.hadoop.ozone.protocolPB.OzoneManagerProtocolServerSideTranslatorPB.submitRequestDirectlyToOM(OzoneManagerProtocolServerSideTranslatorPB.java:276) ~[ozone-manager-1.3.0-SNAPSHOT.jar:?]
	at org.apache.hadoop.ozone.protocolPB.OzoneManagerProtocolServerSideTranslatorPB.processRequest(OzoneManagerProtocolServerSideTranslatorPB.java:205) ~[ozone-manager-1.3.0-SNAPSHOT.jar:?]
	at org.apache.hadoop.hdds.server.OzoneProtocolMessageDispatcher.processRequest(OzoneProtocolMessageDispatcher.java:87) [hdds-server-framework-1.3.0-SNAPSHOT.jar:?]
	at org.apache.hadoop.ozone.protocolPB.OzoneManagerProtocolServerSideTranslatorPB.submitRequest(OzoneManagerProtocolServerSideTranslatorPB.java:147) [ozone-manager-1.3.0-SNAPSHOT.jar:?]
	at org.apache.hadoop.ozone.protocol.proto.OzoneManagerProtocolProtos$OzoneManagerService$2.callBlockingMethod(OzoneManagerProtocolProtos.java) [ozone-interface-client-1.3.0-SNAPSHOT.jar:?]
	at org.apache.hadoop.ipc.ProtobufRpcEngine$Server.processCall(ProtobufRpcEngine.java:466) [hadoop-common-3.3.1.jar:?]
	at org.apache.hadoop.ipc.ProtobufRpcEngine2$Server$ProtoBufRpcInvoker.call(ProtobufRpcEngine2.java:574) [hadoop-common-3.3.1.jar:?]
	at org.apache.hadoop.ipc.ProtobufRpcEngine2$Server$ProtoBufRpcInvoker.call(ProtobufRpcEngine2.java:552) [hadoop-common-3.3.1.jar:?]
	at org.apache.hadoop.ipc.RPC$Server.call(RPC.java:1093) [hadoop-common-3.3.1.jar:?]
	at org.apache.hadoop.ipc.Server$RpcCall.run(Server.java:1035) [hadoop-common-3.3.1.jar:?]
	at org.apache.hadoop.ipc.Server$RpcCall.run(Server.java:963) [hadoop-common-3.3.1.jar:?]
	at java.security.AccessController.doPrivileged(Native Method) ~[?:1.8.0_345]
	at javax.security.auth.Subject.doAs(Subject.java:422) [?:1.8.0_345]
	at org.apache.hadoop.security.UserGroupInformation.doAs(UserGroupInformation.java:1878) [hadoop-common-3.3.1.jar:?]
	at org.apache.hadoop.ipc.Server$Handler.run(Server.java:2966) [hadoop-common-3.3.1.jar:?]
]]></system-out>
  </testcase>
  <testcase name="testCreateDoesNotAddParentDirKeys" classname="TestOzoneFileSystem" time="0.134"/>
  <testcase name="testCreateDoesNotAddParentDirKeys" classname="TestOzoneFileSystem" time="0.156"/>
  <testcase name="testDeleteCreatesFakeParentDir" classname="TestOzoneFileSystem" time="0.065">
    <system-out><![CDATA[08:37:02.833 [IPC Server handler 16 on default port 46487] ERROR OMAudit - user=runner | ip=127.0.0.1 | op=READ_KEY {volume=volume16396, bucket=bucket39555, key=testDeleteCreatesFakeParentDir/parent/, dataSize=0, replicationConfig=null} | ret=FAILURE
org.apache.hadoop.ozone.om.exceptions.OMException: Key:testDeleteCreatesFakeParentDir/parent not found
	at org.apache.hadoop.ozone.om.KeyManagerImpl.lookupKey(KeyManagerImpl.java:365) ~[ozone-manager-1.3.0-SNAPSHOT.jar:?]
	at org.apache.hadoop.ozone.om.OzoneManager.lookupKey(OzoneManager.java:2836) ~[ozone-manager-1.3.0-SNAPSHOT.jar:?]
	at org.apache.hadoop.ozone.protocolPB.OzoneManagerRequestHandler.lookupKey(OzoneManagerRequestHandler.java:495) ~[ozone-manager-1.3.0-SNAPSHOT.jar:?]
	at org.apache.hadoop.ozone.protocolPB.OzoneManagerRequestHandler.handleReadRequest(OzoneManagerRequestHandler.java:188) ~[ozone-manager-1.3.0-SNAPSHOT.jar:?]
	at org.apache.hadoop.ozone.protocolPB.OzoneManagerProtocolServerSideTranslatorPB.submitReadRequestToOM(OzoneManagerProtocolServerSideTranslatorPB.java:226) ~[ozone-manager-1.3.0-SNAPSHOT.jar:?]
	at org.apache.hadoop.ozone.protocolPB.OzoneManagerProtocolServerSideTranslatorPB.processRequest(OzoneManagerProtocolServerSideTranslatorPB.java:175) ~[ozone-manager-1.3.0-SNAPSHOT.jar:?]
	at org.apache.hadoop.hdds.server.OzoneProtocolMessageDispatcher.processRequest(OzoneProtocolMessageDispatcher.java:87) [hdds-server-framework-1.3.0-SNAPSHOT.jar:?]
	at org.apache.hadoop.ozone.protocolPB.OzoneManagerProtocolServerSideTranslatorPB.submitRequest(OzoneManagerProtocolServerSideTranslatorPB.java:147) [ozone-manager-1.3.0-SNAPSHOT.jar:?]
	at org.apache.hadoop.ozone.protocol.proto.OzoneManagerProtocolProtos$OzoneManagerService$2.callBlockingMethod(OzoneManagerProtocolProtos.java) [ozone-interface-client-1.3.0-SNAPSHOT.jar:?]
	at org.apache.hadoop.ipc.ProtobufRpcEngine$Server.processCall(ProtobufRpcEngine.java:466) [hadoop-common-3.3.1.jar:?]
	at org.apache.hadoop.ipc.ProtobufRpcEngine2$Server$ProtoBufRpcInvoker.call(ProtobufRpcEngine2.java:574) [hadoop-common-3.3.1.jar:?]
	at org.apache.hadoop.ipc.ProtobufRpcEngine2$Server$ProtoBufRpcInvoker.call(ProtobufRpcEngine2.java:552) [hadoop-common-3.3.1.jar:?]
	at org.apache.hadoop.ipc.RPC$Server.call(RPC.java:1093) [hadoop-common-3.3.1.jar:?]
	at org.apache.hadoop.ipc.Server$RpcCall.run(Server.java:1035) [hadoop-common-3.3.1.jar:?]
	at org.apache.hadoop.ipc.Server$RpcCall.run(Server.java:963) [hadoop-common-3.3.1.jar:?]
	at java.security.AccessController.doPrivileged(Native Method) ~[?:1.8.0_345]
	at javax.security.auth.Subject.doAs(Subject.java:422) [?:1.8.0_345]
	at org.apache.hadoop.security.UserGroupInformation.doAs(UserGroupInformation.java:1878) [hadoop-common-3.3.1.jar:?]
	at org.apache.hadoop.ipc.Server$Handler.run(Server.java:2966) [hadoop-common-3.3.1.jar:?]
]]></system-out>
  </testcase>
  <testcase name="testDeleteCreatesFakeParentDir" classname="TestOzoneFileSystem" time="0.081">
    <system-out><![CDATA[08:38:46.295 [IPC Server handler 12 on default port 43231] ERROR OMAudit - user=runner | ip=127.0.0.1 | op=READ_KEY {volume=volume27327, bucket=bucket40120, key=testDeleteCreatesFakeParentDir/parent/, dataSize=0, replicationConfig=null} | ret=FAILURE
org.apache.hadoop.ozone.om.exceptions.OMException: Key:testDeleteCreatesFakeParentDir/parent not found
	at org.apache.hadoop.ozone.om.KeyManagerImpl.lookupKey(KeyManagerImpl.java:365) ~[ozone-manager-1.3.0-SNAPSHOT.jar:?]
	at org.apache.hadoop.ozone.om.OzoneManager.lookupKey(OzoneManager.java:2836) ~[ozone-manager-1.3.0-SNAPSHOT.jar:?]
	at org.apache.hadoop.ozone.protocolPB.OzoneManagerRequestHandler.lookupKey(OzoneManagerRequestHandler.java:495) ~[ozone-manager-1.3.0-SNAPSHOT.jar:?]
	at org.apache.hadoop.ozone.protocolPB.OzoneManagerRequestHandler.handleReadRequest(OzoneManagerRequestHandler.java:188) ~[ozone-manager-1.3.0-SNAPSHOT.jar:?]
	at org.apache.hadoop.ozone.protocolPB.OzoneManagerProtocolServerSideTranslatorPB.submitRequestDirectlyToOM(OzoneManagerProtocolServerSideTranslatorPB.java:276) ~[ozone-manager-1.3.0-SNAPSHOT.jar:?]
	at org.apache.hadoop.ozone.protocolPB.OzoneManagerProtocolServerSideTranslatorPB.processRequest(OzoneManagerProtocolServerSideTranslatorPB.java:205) ~[ozone-manager-1.3.0-SNAPSHOT.jar:?]
	at org.apache.hadoop.hdds.server.OzoneProtocolMessageDispatcher.processRequest(OzoneProtocolMessageDispatcher.java:87) [hdds-server-framework-1.3.0-SNAPSHOT.jar:?]
	at org.apache.hadoop.ozone.protocolPB.OzoneManagerProtocolServerSideTranslatorPB.submitRequest(OzoneManagerProtocolServerSideTranslatorPB.java:147) [ozone-manager-1.3.0-SNAPSHOT.jar:?]
	at org.apache.hadoop.ozone.protocol.proto.OzoneManagerProtocolProtos$OzoneManagerService$2.callBlockingMethod(OzoneManagerProtocolProtos.java) [ozone-interface-client-1.3.0-SNAPSHOT.jar:?]
	at org.apache.hadoop.ipc.ProtobufRpcEngine$Server.processCall(ProtobufRpcEngine.java:466) [hadoop-common-3.3.1.jar:?]
	at org.apache.hadoop.ipc.ProtobufRpcEngine2$Server$ProtoBufRpcInvoker.call(ProtobufRpcEngine2.java:574) [hadoop-common-3.3.1.jar:?]
	at org.apache.hadoop.ipc.ProtobufRpcEngine2$Server$ProtoBufRpcInvoker.call(ProtobufRpcEngine2.java:552) [hadoop-common-3.3.1.jar:?]
	at org.apache.hadoop.ipc.RPC$Server.call(RPC.java:1093) [hadoop-common-3.3.1.jar:?]
	at org.apache.hadoop.ipc.Server$RpcCall.run(Server.java:1035) [hadoop-common-3.3.1.jar:?]
	at org.apache.hadoop.ipc.Server$RpcCall.run(Server.java:963) [hadoop-common-3.3.1.jar:?]
	at java.security.AccessController.doPrivileged(Native Method) ~[?:1.8.0_345]
	at javax.security.auth.Subject.doAs(Subject.java:422) [?:1.8.0_345]
	at org.apache.hadoop.security.UserGroupInformation.doAs(UserGroupInformation.java:1878) [hadoop-common-3.3.1.jar:?]
	at org.apache.hadoop.ipc.Server$Handler.run(Server.java:2966) [hadoop-common-3.3.1.jar:?]
]]></system-out>
  </testcase>
  <testcase name="testDeleteCreatesFakeParentDir" classname="TestOzoneFileSystem" time="0.069"/>
  <testcase name="testDeleteCreatesFakeParentDir" classname="TestOzoneFileSystem" time="0.06"/>
  <testcase name="testNonExplicitlyCreatedPathExistsAfterItsLeafsWereRemoved" classname="TestOzoneFileSystem" time="0.053">
    <system-out><![CDATA[08:37:02.867 [IPC Server handler 10 on default port 46487] ERROR OMAudit - user=runner | ip=127.0.0.1 | op=GET_FILE_STATUS {volume=volume16396, bucket=bucket39555, key=target/leaf, dataSize=0, replicationConfig=null} | ret=FAILURE
org.apache.hadoop.ozone.om.exceptions.OMException: Unable to get file status: volume: volume16396 bucket: bucket39555 key: target/leaf
	at org.apache.hadoop.ozone.om.KeyManagerImpl.getOzoneFileStatus(KeyManagerImpl.java:1270) ~[ozone-manager-1.3.0-SNAPSHOT.jar:?]
	at org.apache.hadoop.ozone.om.KeyManagerImpl.getFileStatus(KeyManagerImpl.java:1200) ~[ozone-manager-1.3.0-SNAPSHOT.jar:?]
	at org.apache.hadoop.ozone.om.OzoneManager.getFileStatus(OzoneManager.java:3507) ~[ozone-manager-1.3.0-SNAPSHOT.jar:?]
	at org.apache.hadoop.ozone.protocolPB.OzoneManagerRequestHandler.getOzoneFileStatus(OzoneManagerRequestHandler.java:882) ~[ozone-manager-1.3.0-SNAPSHOT.jar:?]
	at org.apache.hadoop.ozone.protocolPB.OzoneManagerRequestHandler.handleReadRequest(OzoneManagerRequestHandler.java:228) ~[ozone-manager-1.3.0-SNAPSHOT.jar:?]
	at org.apache.hadoop.ozone.protocolPB.OzoneManagerProtocolServerSideTranslatorPB.submitReadRequestToOM(OzoneManagerProtocolServerSideTranslatorPB.java:226) ~[ozone-manager-1.3.0-SNAPSHOT.jar:?]
	at org.apache.hadoop.ozone.protocolPB.OzoneManagerProtocolServerSideTranslatorPB.processRequest(OzoneManagerProtocolServerSideTranslatorPB.java:175) ~[ozone-manager-1.3.0-SNAPSHOT.jar:?]
	at org.apache.hadoop.hdds.server.OzoneProtocolMessageDispatcher.processRequest(OzoneProtocolMessageDispatcher.java:87) [hdds-server-framework-1.3.0-SNAPSHOT.jar:?]
	at org.apache.hadoop.ozone.protocolPB.OzoneManagerProtocolServerSideTranslatorPB.submitRequest(OzoneManagerProtocolServerSideTranslatorPB.java:147) [ozone-manager-1.3.0-SNAPSHOT.jar:?]
	at org.apache.hadoop.ozone.protocol.proto.OzoneManagerProtocolProtos$OzoneManagerService$2.callBlockingMethod(OzoneManagerProtocolProtos.java) [ozone-interface-client-1.3.0-SNAPSHOT.jar:?]
	at org.apache.hadoop.ipc.ProtobufRpcEngine$Server.processCall(ProtobufRpcEngine.java:466) [hadoop-common-3.3.1.jar:?]
	at org.apache.hadoop.ipc.ProtobufRpcEngine2$Server$ProtoBufRpcInvoker.call(ProtobufRpcEngine2.java:574) [hadoop-common-3.3.1.jar:?]
	at org.apache.hadoop.ipc.ProtobufRpcEngine2$Server$ProtoBufRpcInvoker.call(ProtobufRpcEngine2.java:552) [hadoop-common-3.3.1.jar:?]
	at org.apache.hadoop.ipc.RPC$Server.call(RPC.java:1093) [hadoop-common-3.3.1.jar:?]
	at org.apache.hadoop.ipc.Server$RpcCall.run(Server.java:1035) [hadoop-common-3.3.1.jar:?]
	at org.apache.hadoop.ipc.Server$RpcCall.run(Server.java:963) [hadoop-common-3.3.1.jar:?]
	at java.security.AccessController.doPrivileged(Native Method) ~[?:1.8.0_345]
	at javax.security.auth.Subject.doAs(Subject.java:422) [?:1.8.0_345]
	at org.apache.hadoop.security.UserGroupInformation.doAs(UserGroupInformation.java:1878) [hadoop-common-3.3.1.jar:?]
	at org.apache.hadoop.ipc.Server$Handler.run(Server.java:2966) [hadoop-common-3.3.1.jar:?]
2022-10-10 08:37:02,868 [Time-limited test] WARN  ozone.BasicOzoneFileSystem (BasicOzoneFileSystem.java:getFileStatus(765)) - GetFileStatus failed for path /target/leaf
java.io.FileNotFoundException: target/leaf: No such file or directory!
	at org.apache.hadoop.fs.ozone.BasicOzoneClientAdapterImpl.getFileStatus(BasicOzoneClientAdapterImpl.java:369)
	at org.apache.hadoop.fs.ozone.BasicOzoneFileSystem.getFileStatus(BasicOzoneFileSystem.java:757)
	at org.apache.hadoop.fs.ozone.BasicOzoneFileSystem.rename(BasicOzoneFileSystem.java:357)
	at org.apache.hadoop.fs.ozone.TestOzoneFileSystem.testNonExplicitlyCreatedPathExistsAfterItsLeafsWereRemoved(TestOzoneFileSystem.java:1067)
	at sun.reflect.NativeMethodAccessorImpl.invoke0(Native Method)
	at sun.reflect.NativeMethodAccessorImpl.invoke(NativeMethodAccessorImpl.java:62)
	at sun.reflect.DelegatingMethodAccessorImpl.invoke(DelegatingMethodAccessorImpl.java:43)
	at java.lang.reflect.Method.invoke(Method.java:498)
	at org.junit.runners.model.FrameworkMethod$1.runReflectiveCall(FrameworkMethod.java:59)
	at org.junit.internal.runners.model.ReflectiveCallable.run(ReflectiveCallable.java:12)
	at org.junit.runners.model.FrameworkMethod.invokeExplosively(FrameworkMethod.java:56)
	at org.junit.internal.runners.statements.InvokeMethod.evaluate(InvokeMethod.java:17)
	at org.junit.internal.runners.statements.RunAfters.evaluate(RunAfters.java:27)
	at org.junit.internal.runners.statements.FailOnTimeout$CallableStatement.call(FailOnTimeout.java:288)
	at org.junit.internal.runners.statements.FailOnTimeout$CallableStatement.call(FailOnTimeout.java:282)
	at java.util.concurrent.FutureTask.run(FutureTask.java:266)
	at java.lang.Thread.run(Thread.java:750)
]]></system-out>
  </testcase>
  <testcase name="testNonExplicitlyCreatedPathExistsAfterItsLeafsWereRemoved" classname="TestOzoneFileSystem" time="0.028">
    <system-out><![CDATA[08:38:46.319 [IPC Server handler 3 on default port 43231] ERROR OMAudit - user=runner | ip=127.0.0.1 | op=GET_FILE_STATUS {volume=volume27327, bucket=bucket40120, key=target/leaf, dataSize=0, replicationConfig=null} | ret=FAILURE
org.apache.hadoop.ozone.om.exceptions.OMException: Unable to get file status: volume: volume27327 bucket: bucket40120 key: target/leaf
	at org.apache.hadoop.ozone.om.KeyManagerImpl.getOzoneFileStatus(KeyManagerImpl.java:1270) ~[ozone-manager-1.3.0-SNAPSHOT.jar:?]
	at org.apache.hadoop.ozone.om.KeyManagerImpl.getFileStatus(KeyManagerImpl.java:1200) ~[ozone-manager-1.3.0-SNAPSHOT.jar:?]
	at org.apache.hadoop.ozone.om.OzoneManager.getFileStatus(OzoneManager.java:3507) ~[ozone-manager-1.3.0-SNAPSHOT.jar:?]
	at org.apache.hadoop.ozone.protocolPB.OzoneManagerRequestHandler.getOzoneFileStatus(OzoneManagerRequestHandler.java:882) ~[ozone-manager-1.3.0-SNAPSHOT.jar:?]
	at org.apache.hadoop.ozone.protocolPB.OzoneManagerRequestHandler.handleReadRequest(OzoneManagerRequestHandler.java:228) ~[ozone-manager-1.3.0-SNAPSHOT.jar:?]
	at org.apache.hadoop.ozone.protocolPB.OzoneManagerProtocolServerSideTranslatorPB.submitRequestDirectlyToOM(OzoneManagerProtocolServerSideTranslatorPB.java:276) ~[ozone-manager-1.3.0-SNAPSHOT.jar:?]
	at org.apache.hadoop.ozone.protocolPB.OzoneManagerProtocolServerSideTranslatorPB.processRequest(OzoneManagerProtocolServerSideTranslatorPB.java:205) ~[ozone-manager-1.3.0-SNAPSHOT.jar:?]
	at org.apache.hadoop.hdds.server.OzoneProtocolMessageDispatcher.processRequest(OzoneProtocolMessageDispatcher.java:87) [hdds-server-framework-1.3.0-SNAPSHOT.jar:?]
	at org.apache.hadoop.ozone.protocolPB.OzoneManagerProtocolServerSideTranslatorPB.submitRequest(OzoneManagerProtocolServerSideTranslatorPB.java:147) [ozone-manager-1.3.0-SNAPSHOT.jar:?]
	at org.apache.hadoop.ozone.protocol.proto.OzoneManagerProtocolProtos$OzoneManagerService$2.callBlockingMethod(OzoneManagerProtocolProtos.java) [ozone-interface-client-1.3.0-SNAPSHOT.jar:?]
	at org.apache.hadoop.ipc.ProtobufRpcEngine$Server.processCall(ProtobufRpcEngine.java:466) [hadoop-common-3.3.1.jar:?]
	at org.apache.hadoop.ipc.ProtobufRpcEngine2$Server$ProtoBufRpcInvoker.call(ProtobufRpcEngine2.java:574) [hadoop-common-3.3.1.jar:?]
	at org.apache.hadoop.ipc.ProtobufRpcEngine2$Server$ProtoBufRpcInvoker.call(ProtobufRpcEngine2.java:552) [hadoop-common-3.3.1.jar:?]
	at org.apache.hadoop.ipc.RPC$Server.call(RPC.java:1093) [hadoop-common-3.3.1.jar:?]
	at org.apache.hadoop.ipc.Server$RpcCall.run(Server.java:1035) [hadoop-common-3.3.1.jar:?]
	at org.apache.hadoop.ipc.Server$RpcCall.run(Server.java:963) [hadoop-common-3.3.1.jar:?]
	at java.security.AccessController.doPrivileged(Native Method) ~[?:1.8.0_345]
	at javax.security.auth.Subject.doAs(Subject.java:422) [?:1.8.0_345]
	at org.apache.hadoop.security.UserGroupInformation.doAs(UserGroupInformation.java:1878) [hadoop-common-3.3.1.jar:?]
	at org.apache.hadoop.ipc.Server$Handler.run(Server.java:2966) [hadoop-common-3.3.1.jar:?]
2022-10-10 08:38:46,320 [Time-limited test] WARN  ozone.BasicOzoneFileSystem (BasicOzoneFileSystem.java:getFileStatus(765)) - GetFileStatus failed for path /target/leaf
java.io.FileNotFoundException: target/leaf: No such file or directory!
	at org.apache.hadoop.fs.ozone.BasicOzoneClientAdapterImpl.getFileStatus(BasicOzoneClientAdapterImpl.java:369)
	at org.apache.hadoop.fs.ozone.BasicOzoneFileSystem.getFileStatus(BasicOzoneFileSystem.java:757)
	at org.apache.hadoop.fs.ozone.BasicOzoneFileSystem.rename(BasicOzoneFileSystem.java:357)
	at org.apache.hadoop.fs.ozone.TestOzoneFileSystem.testNonExplicitlyCreatedPathExistsAfterItsLeafsWereRemoved(TestOzoneFileSystem.java:1067)
	at sun.reflect.NativeMethodAccessorImpl.invoke0(Native Method)
	at sun.reflect.NativeMethodAccessorImpl.invoke(NativeMethodAccessorImpl.java:62)
	at sun.reflect.DelegatingMethodAccessorImpl.invoke(DelegatingMethodAccessorImpl.java:43)
	at java.lang.reflect.Method.invoke(Method.java:498)
	at org.junit.runners.model.FrameworkMethod$1.runReflectiveCall(FrameworkMethod.java:59)
	at org.junit.internal.runners.model.ReflectiveCallable.run(ReflectiveCallable.java:12)
	at org.junit.runners.model.FrameworkMethod.invokeExplosively(FrameworkMethod.java:56)
	at org.junit.internal.runners.statements.InvokeMethod.evaluate(InvokeMethod.java:17)
	at org.junit.internal.runners.statements.RunAfters.evaluate(RunAfters.java:27)
	at org.junit.internal.runners.statements.FailOnTimeout$CallableStatement.call(FailOnTimeout.java:288)
	at org.junit.internal.runners.statements.FailOnTimeout$CallableStatement.call(FailOnTimeout.java:282)
	at java.util.concurrent.FutureTask.run(FutureTask.java:266)
	at java.lang.Thread.run(Thread.java:750)
]]></system-out>
  </testcase>
  <testcase name="testNonExplicitlyCreatedPathExistsAfterItsLeafsWereRemoved" classname="TestOzoneFileSystem" time="0.045">
    <system-out><![CDATA[08:40:27.958 [IPC Server handler 2 on default port 41701] ERROR OMAudit - user=runner | ip=127.0.0.1 | op=GET_FILE_STATUS {volume=volume83680, bucket=bucket94599, key=target/leaf, dataSize=0, replicationConfig=null} | ret=FAILURE
org.apache.hadoop.ozone.om.exceptions.OMException: Unable to get file status: volume: volume83680 bucket: bucket94599 key: target/leaf
	at org.apache.hadoop.ozone.om.KeyManagerImpl.getOzoneFileStatus(KeyManagerImpl.java:1270) ~[ozone-manager-1.3.0-SNAPSHOT.jar:?]
	at org.apache.hadoop.ozone.om.KeyManagerImpl.getFileStatus(KeyManagerImpl.java:1200) ~[ozone-manager-1.3.0-SNAPSHOT.jar:?]
	at org.apache.hadoop.ozone.om.OzoneManager.getFileStatus(OzoneManager.java:3507) ~[ozone-manager-1.3.0-SNAPSHOT.jar:?]
	at org.apache.hadoop.ozone.protocolPB.OzoneManagerRequestHandler.getOzoneFileStatus(OzoneManagerRequestHandler.java:882) ~[ozone-manager-1.3.0-SNAPSHOT.jar:?]
	at org.apache.hadoop.ozone.protocolPB.OzoneManagerRequestHandler.handleReadRequest(OzoneManagerRequestHandler.java:228) ~[ozone-manager-1.3.0-SNAPSHOT.jar:?]
	at org.apache.hadoop.ozone.protocolPB.OzoneManagerProtocolServerSideTranslatorPB.submitReadRequestToOM(OzoneManagerProtocolServerSideTranslatorPB.java:226) ~[ozone-manager-1.3.0-SNAPSHOT.jar:?]
	at org.apache.hadoop.ozone.protocolPB.OzoneManagerProtocolServerSideTranslatorPB.processRequest(OzoneManagerProtocolServerSideTranslatorPB.java:175) ~[ozone-manager-1.3.0-SNAPSHOT.jar:?]
	at org.apache.hadoop.hdds.server.OzoneProtocolMessageDispatcher.processRequest(OzoneProtocolMessageDispatcher.java:87) [hdds-server-framework-1.3.0-SNAPSHOT.jar:?]
	at org.apache.hadoop.ozone.protocolPB.OzoneManagerProtocolServerSideTranslatorPB.submitRequest(OzoneManagerProtocolServerSideTranslatorPB.java:147) [ozone-manager-1.3.0-SNAPSHOT.jar:?]
	at org.apache.hadoop.ozone.protocol.proto.OzoneManagerProtocolProtos$OzoneManagerService$2.callBlockingMethod(OzoneManagerProtocolProtos.java) [ozone-interface-client-1.3.0-SNAPSHOT.jar:?]
	at org.apache.hadoop.ipc.ProtobufRpcEngine$Server.processCall(ProtobufRpcEngine.java:466) [hadoop-common-3.3.1.jar:?]
	at org.apache.hadoop.ipc.ProtobufRpcEngine2$Server$ProtoBufRpcInvoker.call(ProtobufRpcEngine2.java:574) [hadoop-common-3.3.1.jar:?]
	at org.apache.hadoop.ipc.ProtobufRpcEngine2$Server$ProtoBufRpcInvoker.call(ProtobufRpcEngine2.java:552) [hadoop-common-3.3.1.jar:?]
	at org.apache.hadoop.ipc.RPC$Server.call(RPC.java:1093) [hadoop-common-3.3.1.jar:?]
	at org.apache.hadoop.ipc.Server$RpcCall.run(Server.java:1035) [hadoop-common-3.3.1.jar:?]
	at org.apache.hadoop.ipc.Server$RpcCall.run(Server.java:963) [hadoop-common-3.3.1.jar:?]
	at java.security.AccessController.doPrivileged(Native Method) ~[?:1.8.0_345]
	at javax.security.auth.Subject.doAs(Subject.java:422) [?:1.8.0_345]
	at org.apache.hadoop.security.UserGroupInformation.doAs(UserGroupInformation.java:1878) [hadoop-common-3.3.1.jar:?]
	at org.apache.hadoop.ipc.Server$Handler.run(Server.java:2966) [hadoop-common-3.3.1.jar:?]
2022-10-10 08:40:27,959 [Time-limited test] WARN  ozone.BasicOzoneFileSystem (BasicOzoneFileSystem.java:getFileStatus(765)) - GetFileStatus failed for path /target/leaf
java.io.FileNotFoundException: target/leaf: No such file or directory!
	at org.apache.hadoop.fs.ozone.BasicOzoneClientAdapterImpl.getFileStatus(BasicOzoneClientAdapterImpl.java:369)
	at org.apache.hadoop.fs.ozone.BasicOzoneFileSystem.getFileStatus(BasicOzoneFileSystem.java:757)
	at org.apache.hadoop.fs.ozone.BasicOzoneFileSystem.rename(BasicOzoneFileSystem.java:357)
	at org.apache.hadoop.fs.ozone.TestOzoneFileSystem.testNonExplicitlyCreatedPathExistsAfterItsLeafsWereRemoved(TestOzoneFileSystem.java:1067)
	at sun.reflect.NativeMethodAccessorImpl.invoke0(Native Method)
	at sun.reflect.NativeMethodAccessorImpl.invoke(NativeMethodAccessorImpl.java:62)
	at sun.reflect.DelegatingMethodAccessorImpl.invoke(DelegatingMethodAccessorImpl.java:43)
	at java.lang.reflect.Method.invoke(Method.java:498)
	at org.junit.runners.model.FrameworkMethod$1.runReflectiveCall(FrameworkMethod.java:59)
	at org.junit.internal.runners.model.ReflectiveCallable.run(ReflectiveCallable.java:12)
	at org.junit.runners.model.FrameworkMethod.invokeExplosively(FrameworkMethod.java:56)
	at org.junit.internal.runners.statements.InvokeMethod.evaluate(InvokeMethod.java:17)
	at org.junit.internal.runners.statements.RunAfters.evaluate(RunAfters.java:27)
	at org.junit.internal.runners.statements.FailOnTimeout$CallableStatement.call(FailOnTimeout.java:288)
	at org.junit.internal.runners.statements.FailOnTimeout$CallableStatement.call(FailOnTimeout.java:282)
	at java.util.concurrent.FutureTask.run(FutureTask.java:266)
	at java.lang.Thread.run(Thread.java:750)
]]></system-out>
  </testcase>
  <testcase name="testNonExplicitlyCreatedPathExistsAfterItsLeafsWereRemoved" classname="TestOzoneFileSystem" time="0.063">
    <system-out><![CDATA[08:42:33.221 [IPC Server handler 16 on default port 37485] ERROR OMAudit - user=runner | ip=127.0.0.1 | op=GET_FILE_STATUS {volume=volume23299, bucket=bucket63939, key=target/leaf, dataSize=0, replicationConfig=null} | ret=FAILURE
org.apache.hadoop.ozone.om.exceptions.OMException: Unable to get file status: volume: volume23299 bucket: bucket63939 key: target/leaf
	at org.apache.hadoop.ozone.om.KeyManagerImpl.getOzoneFileStatus(KeyManagerImpl.java:1270) ~[ozone-manager-1.3.0-SNAPSHOT.jar:?]
	at org.apache.hadoop.ozone.om.KeyManagerImpl.getFileStatus(KeyManagerImpl.java:1200) ~[ozone-manager-1.3.0-SNAPSHOT.jar:?]
	at org.apache.hadoop.ozone.om.OzoneManager.getFileStatus(OzoneManager.java:3507) ~[ozone-manager-1.3.0-SNAPSHOT.jar:?]
	at org.apache.hadoop.ozone.protocolPB.OzoneManagerRequestHandler.getOzoneFileStatus(OzoneManagerRequestHandler.java:882) ~[ozone-manager-1.3.0-SNAPSHOT.jar:?]
	at org.apache.hadoop.ozone.protocolPB.OzoneManagerRequestHandler.handleReadRequest(OzoneManagerRequestHandler.java:228) ~[ozone-manager-1.3.0-SNAPSHOT.jar:?]
	at org.apache.hadoop.ozone.protocolPB.OzoneManagerProtocolServerSideTranslatorPB.submitRequestDirectlyToOM(OzoneManagerProtocolServerSideTranslatorPB.java:276) ~[ozone-manager-1.3.0-SNAPSHOT.jar:?]
	at org.apache.hadoop.ozone.protocolPB.OzoneManagerProtocolServerSideTranslatorPB.processRequest(OzoneManagerProtocolServerSideTranslatorPB.java:205) ~[ozone-manager-1.3.0-SNAPSHOT.jar:?]
	at org.apache.hadoop.hdds.server.OzoneProtocolMessageDispatcher.processRequest(OzoneProtocolMessageDispatcher.java:87) [hdds-server-framework-1.3.0-SNAPSHOT.jar:?]
	at org.apache.hadoop.ozone.protocolPB.OzoneManagerProtocolServerSideTranslatorPB.submitRequest(OzoneManagerProtocolServerSideTranslatorPB.java:147) [ozone-manager-1.3.0-SNAPSHOT.jar:?]
	at org.apache.hadoop.ozone.protocol.proto.OzoneManagerProtocolProtos$OzoneManagerService$2.callBlockingMethod(OzoneManagerProtocolProtos.java) [ozone-interface-client-1.3.0-SNAPSHOT.jar:?]
	at org.apache.hadoop.ipc.ProtobufRpcEngine$Server.processCall(ProtobufRpcEngine.java:466) [hadoop-common-3.3.1.jar:?]
	at org.apache.hadoop.ipc.ProtobufRpcEngine2$Server$ProtoBufRpcInvoker.call(ProtobufRpcEngine2.java:574) [hadoop-common-3.3.1.jar:?]
	at org.apache.hadoop.ipc.ProtobufRpcEngine2$Server$ProtoBufRpcInvoker.call(ProtobufRpcEngine2.java:552) [hadoop-common-3.3.1.jar:?]
	at org.apache.hadoop.ipc.RPC$Server.call(RPC.java:1093) [hadoop-common-3.3.1.jar:?]
	at org.apache.hadoop.ipc.Server$RpcCall.run(Server.java:1035) [hadoop-common-3.3.1.jar:?]
	at org.apache.hadoop.ipc.Server$RpcCall.run(Server.java:963) [hadoop-common-3.3.1.jar:?]
	at java.security.AccessController.doPrivileged(Native Method) ~[?:1.8.0_345]
	at javax.security.auth.Subject.doAs(Subject.java:422) [?:1.8.0_345]
	at org.apache.hadoop.security.UserGroupInformation.doAs(UserGroupInformation.java:1878) [hadoop-common-3.3.1.jar:?]
	at org.apache.hadoop.ipc.Server$Handler.run(Server.java:2966) [hadoop-common-3.3.1.jar:?]
2022-10-10 08:42:33,222 [Time-limited test] WARN  ozone.BasicOzoneFileSystem (BasicOzoneFileSystem.java:getFileStatus(765)) - GetFileStatus failed for path /target/leaf
java.io.FileNotFoundException: target/leaf: No such file or directory!
	at org.apache.hadoop.fs.ozone.BasicOzoneClientAdapterImpl.getFileStatus(BasicOzoneClientAdapterImpl.java:369)
	at org.apache.hadoop.fs.ozone.BasicOzoneFileSystem.getFileStatus(BasicOzoneFileSystem.java:757)
	at org.apache.hadoop.fs.ozone.BasicOzoneFileSystem.rename(BasicOzoneFileSystem.java:357)
	at org.apache.hadoop.fs.ozone.TestOzoneFileSystem.testNonExplicitlyCreatedPathExistsAfterItsLeafsWereRemoved(TestOzoneFileSystem.java:1067)
	at sun.reflect.NativeMethodAccessorImpl.invoke0(Native Method)
	at sun.reflect.NativeMethodAccessorImpl.invoke(NativeMethodAccessorImpl.java:62)
	at sun.reflect.DelegatingMethodAccessorImpl.invoke(DelegatingMethodAccessorImpl.java:43)
	at java.lang.reflect.Method.invoke(Method.java:498)
	at org.junit.runners.model.FrameworkMethod$1.runReflectiveCall(FrameworkMethod.java:59)
	at org.junit.internal.runners.model.ReflectiveCallable.run(ReflectiveCallable.java:12)
	at org.junit.runners.model.FrameworkMethod.invokeExplosively(FrameworkMethod.java:56)
	at org.junit.internal.runners.statements.InvokeMethod.evaluate(InvokeMethod.java:17)
	at org.junit.internal.runners.statements.RunAfters.evaluate(RunAfters.java:27)
	at org.junit.internal.runners.statements.FailOnTimeout$CallableStatement.call(FailOnTimeout.java:288)
	at org.junit.internal.runners.statements.FailOnTimeout$CallableStatement.call(FailOnTimeout.java:282)
	at java.util.concurrent.FutureTask.run(FutureTask.java:266)
	at java.lang.Thread.run(Thread.java:750)
]]></system-out>
  </testcase>
  <testcase name="testCreateFileShouldCheckExistenceOfDirWithSameName" classname="TestOzoneFileSystem" time="0.081">
    <system-out><![CDATA[08:37:02.929 [OM StateMachine ApplyTransaction Thread - 0] ERROR OMAudit - user=runner | ip=127.0.0.1 | op=CREATE_FILE {volume=volume16396, bucket=bucket39555, key=d1/d2/d3/d4/key2, dataSize=4194304, replicationType=RATIS, replicationFactor=THREE} | ret=FAILURE
org.apache.hadoop.ozone.om.exceptions.OMException: Can not write to directory: d1/d2/d3/d4/key2
	at org.apache.hadoop.ozone.om.request.file.OMFileCreateRequest.checkDirectoryResult(OMFileCreateRequest.java:364) ~[ozone-manager-1.3.0-SNAPSHOT.jar:?]
	at org.apache.hadoop.ozone.om.request.file.OMFileCreateRequest.validateAndUpdateCache(OMFileCreateRequest.java:240) ~[ozone-manager-1.3.0-SNAPSHOT.jar:?]
	at org.apache.hadoop.ozone.protocolPB.OzoneManagerRequestHandler.handleWriteRequest(OzoneManagerRequestHandler.java:304) ~[ozone-manager-1.3.0-SNAPSHOT.jar:?]
	at org.apache.hadoop.ozone.om.ratis.OzoneManagerStateMachine.runCommand(OzoneManagerStateMachine.java:529) ~[ozone-manager-1.3.0-SNAPSHOT.jar:?]
	at org.apache.hadoop.ozone.om.ratis.OzoneManagerStateMachine.lambda$1(OzoneManagerStateMachine.java:324) ~[ozone-manager-1.3.0-SNAPSHOT.jar:?]
	at java.util.concurrent.CompletableFuture$AsyncSupply.run(CompletableFuture.java:1604) [?:1.8.0_345]
	at java.util.concurrent.ThreadPoolExecutor.runWorker(ThreadPoolExecutor.java:1149) [?:1.8.0_345]
	at java.util.concurrent.ThreadPoolExecutor$Worker.run(ThreadPoolExecutor.java:624) [?:1.8.0_345]
	at java.lang.Thread.run(Thread.java:750) [?:1.8.0_345]
2022-10-10 08:37:02,929 [OM StateMachine ApplyTransaction Thread - 0] ERROR file.OMFileCreateRequest (OMFileCreateRequest.java:validateAndUpdateCache(337)) - File create failed. Volume:volume16396, Bucket:bucket39555, Keyd1/d2/d3/d4/key2.
NOT_A_FILE org.apache.hadoop.ozone.om.exceptions.OMException: Can not write to directory: d1/d2/d3/d4/key2
	at org.apache.hadoop.ozone.om.request.file.OMFileCreateRequest.checkDirectoryResult(OMFileCreateRequest.java:364)
	at org.apache.hadoop.ozone.om.request.file.OMFileCreateRequest.validateAndUpdateCache(OMFileCreateRequest.java:240)
	at org.apache.hadoop.ozone.protocolPB.OzoneManagerRequestHandler.handleWriteRequest(OzoneManagerRequestHandler.java:304)
	at org.apache.hadoop.ozone.om.ratis.OzoneManagerStateMachine.runCommand(OzoneManagerStateMachine.java:529)
	at org.apache.hadoop.ozone.om.ratis.OzoneManagerStateMachine.lambda$1(OzoneManagerStateMachine.java:324)
	at java.util.concurrent.CompletableFuture$AsyncSupply.run(CompletableFuture.java:1604)
	at java.util.concurrent.ThreadPoolExecutor.runWorker(ThreadPoolExecutor.java:1149)
	at java.util.concurrent.ThreadPoolExecutor$Worker.run(ThreadPoolExecutor.java:624)
	at java.lang.Thread.run(Thread.java:750)
08:37:02.960 [OM StateMachine ApplyTransaction Thread - 0] ERROR OMAudit - user=runner | ip=127.0.0.1 | op=CREATE_DIRECTORY {volume=volume16396, bucket=bucket39555, key=d1/d2/d3/d4/key3, dataSize=0, replicationType=NONE, replicationFactor=ZERO} | ret=FAILURE
org.apache.hadoop.ozone.om.exceptions.OMException: Unable to create directory: d1/d2/d3/d4/key3 in volume/bucket: volume16396/bucket39555
	at org.apache.hadoop.ozone.om.request.file.OMDirectoryCreateRequest.validateAndUpdateCache(OMDirectoryCreateRequest.java:198) ~[ozone-manager-1.3.0-SNAPSHOT.jar:?]
	at org.apache.hadoop.ozone.protocolPB.OzoneManagerRequestHandler.handleWriteRequest(OzoneManagerRequestHandler.java:304) ~[ozone-manager-1.3.0-SNAPSHOT.jar:?]
	at org.apache.hadoop.ozone.om.ratis.OzoneManagerStateMachine.runCommand(OzoneManagerStateMachine.java:529) ~[ozone-manager-1.3.0-SNAPSHOT.jar:?]
	at org.apache.hadoop.ozone.om.ratis.OzoneManagerStateMachine.lambda$1(OzoneManagerStateMachine.java:324) ~[ozone-manager-1.3.0-SNAPSHOT.jar:?]
	at java.util.concurrent.CompletableFuture$AsyncSupply.run(CompletableFuture.java:1604) [?:1.8.0_345]
	at java.util.concurrent.ThreadPoolExecutor.runWorker(ThreadPoolExecutor.java:1149) [?:1.8.0_345]
	at java.util.concurrent.ThreadPoolExecutor$Worker.run(ThreadPoolExecutor.java:624) [?:1.8.0_345]
	at java.lang.Thread.run(Thread.java:750) [?:1.8.0_345]
2022-10-10 08:37:02,961 [OM StateMachine ApplyTransaction Thread - 0] ERROR file.OMDirectoryCreateRequest (OMDirectoryCreateRequest.java:logResult(331)) - Directory creation failed. Volume:volume16396, Bucket:bucket39555, Keyd1/d2/d3/d4/key3. Exception:{}
FILE_ALREADY_EXISTS org.apache.hadoop.ozone.om.exceptions.OMException: Unable to create directory: d1/d2/d3/d4/key3 in volume/bucket: volume16396/bucket39555
	at org.apache.hadoop.ozone.om.request.file.OMDirectoryCreateRequest.validateAndUpdateCache(OMDirectoryCreateRequest.java:198)
	at org.apache.hadoop.ozone.protocolPB.OzoneManagerRequestHandler.handleWriteRequest(OzoneManagerRequestHandler.java:304)
	at org.apache.hadoop.ozone.om.ratis.OzoneManagerStateMachine.runCommand(OzoneManagerStateMachine.java:529)
	at org.apache.hadoop.ozone.om.ratis.OzoneManagerStateMachine.lambda$1(OzoneManagerStateMachine.java:324)
	at java.util.concurrent.CompletableFuture$AsyncSupply.run(CompletableFuture.java:1604)
	at java.util.concurrent.ThreadPoolExecutor.runWorker(ThreadPoolExecutor.java:1149)
	at java.util.concurrent.ThreadPoolExecutor$Worker.run(ThreadPoolExecutor.java:624)
	at java.lang.Thread.run(Thread.java:750)
08:37:02.965 [OM StateMachine ApplyTransaction Thread - 0] ERROR OMAudit - user=runner | ip=127.0.0.1 | op=CREATE_FILE {volume=volume16396, bucket=bucket39555, key=d1/d2/d3, dataSize=4194304, replicationType=RATIS, replicationFactor=THREE} | ret=FAILURE
org.apache.hadoop.ozone.om.exceptions.OMException: Can not write to directory: d1/d2/d3
	at org.apache.hadoop.ozone.om.request.file.OMFileCreateRequest.checkDirectoryResult(OMFileCreateRequest.java:364) ~[ozone-manager-1.3.0-SNAPSHOT.jar:?]
	at org.apache.hadoop.ozone.om.request.file.OMFileCreateRequest.validateAndUpdateCache(OMFileCreateRequest.java:240) ~[ozone-manager-1.3.0-SNAPSHOT.jar:?]
	at org.apache.hadoop.ozone.protocolPB.OzoneManagerRequestHandler.handleWriteRequest(OzoneManagerRequestHandler.java:304) ~[ozone-manager-1.3.0-SNAPSHOT.jar:?]
	at org.apache.hadoop.ozone.om.ratis.OzoneManagerStateMachine.runCommand(OzoneManagerStateMachine.java:529) ~[ozone-manager-1.3.0-SNAPSHOT.jar:?]
	at org.apache.hadoop.ozone.om.ratis.OzoneManagerStateMachine.lambda$1(OzoneManagerStateMachine.java:324) ~[ozone-manager-1.3.0-SNAPSHOT.jar:?]
	at java.util.concurrent.CompletableFuture$AsyncSupply.run(CompletableFuture.java:1604) [?:1.8.0_345]
	at java.util.concurrent.ThreadPoolExecutor.runWorker(ThreadPoolExecutor.java:1149) [?:1.8.0_345]
	at java.util.concurrent.ThreadPoolExecutor$Worker.run(ThreadPoolExecutor.java:624) [?:1.8.0_345]
	at java.lang.Thread.run(Thread.java:750) [?:1.8.0_345]
2022-10-10 08:37:02,965 [OM StateMachine ApplyTransaction Thread - 0] ERROR file.OMFileCreateRequest (OMFileCreateRequest.java:validateAndUpdateCache(337)) - File create failed. Volume:volume16396, Bucket:bucket39555, Keyd1/d2/d3.
NOT_A_FILE org.apache.hadoop.ozone.om.exceptions.OMException: Can not write to directory: d1/d2/d3
	at org.apache.hadoop.ozone.om.request.file.OMFileCreateRequest.checkDirectoryResult(OMFileCreateRequest.java:364)
	at org.apache.hadoop.ozone.om.request.file.OMFileCreateRequest.validateAndUpdateCache(OMFileCreateRequest.java:240)
	at org.apache.hadoop.ozone.protocolPB.OzoneManagerRequestHandler.handleWriteRequest(OzoneManagerRequestHandler.java:304)
	at org.apache.hadoop.ozone.om.ratis.OzoneManagerStateMachine.runCommand(OzoneManagerStateMachine.java:529)
	at org.apache.hadoop.ozone.om.ratis.OzoneManagerStateMachine.lambda$1(OzoneManagerStateMachine.java:324)
	at java.util.concurrent.CompletableFuture$AsyncSupply.run(CompletableFuture.java:1604)
	at java.util.concurrent.ThreadPoolExecutor.runWorker(ThreadPoolExecutor.java:1149)
	at java.util.concurrent.ThreadPoolExecutor$Worker.run(ThreadPoolExecutor.java:624)
	at java.lang.Thread.run(Thread.java:750)
08:37:02.968 [IPC Server handler 0 on default port 46487] ERROR OMAudit - user=runner | ip=127.0.0.1 | op=GET_FILE_STATUS {volume=volume16396, bucket=bucket39555, key=d1/d2/d3/d4/key3/invalid, dataSize=0, replicationConfig=null} | ret=FAILURE
org.apache.hadoop.ozone.om.exceptions.OMException: Unable to get file status: volume: volume16396 bucket: bucket39555 key: d1/d2/d3/d4/key3/invalid
	at org.apache.hadoop.ozone.om.KeyManagerImpl.getOzoneFileStatus(KeyManagerImpl.java:1270) ~[ozone-manager-1.3.0-SNAPSHOT.jar:?]
	at org.apache.hadoop.ozone.om.KeyManagerImpl.getFileStatus(KeyManagerImpl.java:1200) ~[ozone-manager-1.3.0-SNAPSHOT.jar:?]
	at org.apache.hadoop.ozone.om.OzoneManager.getFileStatus(OzoneManager.java:3507) ~[ozone-manager-1.3.0-SNAPSHOT.jar:?]
	at org.apache.hadoop.ozone.protocolPB.OzoneManagerRequestHandler.getOzoneFileStatus(OzoneManagerRequestHandler.java:882) ~[ozone-manager-1.3.0-SNAPSHOT.jar:?]
	at org.apache.hadoop.ozone.protocolPB.OzoneManagerRequestHandler.handleReadRequest(OzoneManagerRequestHandler.java:228) ~[ozone-manager-1.3.0-SNAPSHOT.jar:?]
	at org.apache.hadoop.ozone.protocolPB.OzoneManagerProtocolServerSideTranslatorPB.submitReadRequestToOM(OzoneManagerProtocolServerSideTranslatorPB.java:226) ~[ozone-manager-1.3.0-SNAPSHOT.jar:?]
	at org.apache.hadoop.ozone.protocolPB.OzoneManagerProtocolServerSideTranslatorPB.processRequest(OzoneManagerProtocolServerSideTranslatorPB.java:175) ~[ozone-manager-1.3.0-SNAPSHOT.jar:?]
	at org.apache.hadoop.hdds.server.OzoneProtocolMessageDispatcher.processRequest(OzoneProtocolMessageDispatcher.java:87) [hdds-server-framework-1.3.0-SNAPSHOT.jar:?]
	at org.apache.hadoop.ozone.protocolPB.OzoneManagerProtocolServerSideTranslatorPB.submitRequest(OzoneManagerProtocolServerSideTranslatorPB.java:147) [ozone-manager-1.3.0-SNAPSHOT.jar:?]
	at org.apache.hadoop.ozone.protocol.proto.OzoneManagerProtocolProtos$OzoneManagerService$2.callBlockingMethod(OzoneManagerProtocolProtos.java) [ozone-interface-client-1.3.0-SNAPSHOT.jar:?]
	at org.apache.hadoop.ipc.ProtobufRpcEngine$Server.processCall(ProtobufRpcEngine.java:466) [hadoop-common-3.3.1.jar:?]
	at org.apache.hadoop.ipc.ProtobufRpcEngine2$Server$ProtoBufRpcInvoker.call(ProtobufRpcEngine2.java:574) [hadoop-common-3.3.1.jar:?]
	at org.apache.hadoop.ipc.ProtobufRpcEngine2$Server$ProtoBufRpcInvoker.call(ProtobufRpcEngine2.java:552) [hadoop-common-3.3.1.jar:?]
	at org.apache.hadoop.ipc.RPC$Server.call(RPC.java:1093) [hadoop-common-3.3.1.jar:?]
	at org.apache.hadoop.ipc.Server$RpcCall.run(Server.java:1035) [hadoop-common-3.3.1.jar:?]
	at org.apache.hadoop.ipc.Server$RpcCall.run(Server.java:963) [hadoop-common-3.3.1.jar:?]
	at java.security.AccessController.doPrivileged(Native Method) ~[?:1.8.0_345]
	at javax.security.auth.Subject.doAs(Subject.java:422) [?:1.8.0_345]
	at org.apache.hadoop.security.UserGroupInformation.doAs(UserGroupInformation.java:1878) [hadoop-common-3.3.1.jar:?]
	at org.apache.hadoop.ipc.Server$Handler.run(Server.java:2966) [hadoop-common-3.3.1.jar:?]
2022-10-10 08:37:02,969 [Time-limited test] WARN  ozone.BasicOzoneFileSystem (BasicOzoneFileSystem.java:getFileStatus(765)) - GetFileStatus failed for path /d1/d2/d3/d4/key3/invalid
java.io.FileNotFoundException: d1/d2/d3/d4/key3/invalid: No such file or directory!
	at org.apache.hadoop.fs.ozone.BasicOzoneClientAdapterImpl.getFileStatus(BasicOzoneClientAdapterImpl.java:369)
	at org.apache.hadoop.fs.ozone.BasicOzoneFileSystem.getFileStatus(BasicOzoneFileSystem.java:757)
	at org.apache.hadoop.fs.ozone.TestOzoneFileSystem.testCreateFileShouldCheckExistenceOfDirWithSameName(TestOzoneFileSystem.java:301)
	at sun.reflect.NativeMethodAccessorImpl.invoke0(Native Method)
	at sun.reflect.NativeMethodAccessorImpl.invoke(NativeMethodAccessorImpl.java:62)
	at sun.reflect.DelegatingMethodAccessorImpl.invoke(DelegatingMethodAccessorImpl.java:43)
	at java.lang.reflect.Method.invoke(Method.java:498)
	at org.junit.runners.model.FrameworkMethod$1.runReflectiveCall(FrameworkMethod.java:59)
	at org.junit.internal.runners.model.ReflectiveCallable.run(ReflectiveCallable.java:12)
	at org.junit.runners.model.FrameworkMethod.invokeExplosively(FrameworkMethod.java:56)
	at org.junit.internal.runners.statements.InvokeMethod.evaluate(InvokeMethod.java:17)
	at org.junit.internal.runners.statements.RunAfters.evaluate(RunAfters.java:27)
	at org.junit.internal.runners.statements.FailOnTimeout$CallableStatement.call(FailOnTimeout.java:288)
	at org.junit.internal.runners.statements.FailOnTimeout$CallableStatement.call(FailOnTimeout.java:282)
	at java.util.concurrent.FutureTask.run(FutureTask.java:266)
	at java.lang.Thread.run(Thread.java:750)
08:37:02.970 [IPC Server handler 7 on default port 46487] ERROR OMAudit - user=runner | ip=127.0.0.1 | op=GET_FILE_STATUS {volume=volume16396, bucket=bucket39555, key=d1/d2/d3/d4/invalidkey, dataSize=0, replicationConfig=null} | ret=FAILURE
org.apache.hadoop.ozone.om.exceptions.OMException: Unable to get file status: volume: volume16396 bucket: bucket39555 key: d1/d2/d3/d4/invalidkey
	at org.apache.hadoop.ozone.om.KeyManagerImpl.getOzoneFileStatus(KeyManagerImpl.java:1270) ~[ozone-manager-1.3.0-SNAPSHOT.jar:?]
	at org.apache.hadoop.ozone.om.KeyManagerImpl.getFileStatus(KeyManagerImpl.java:1200) ~[ozone-manager-1.3.0-SNAPSHOT.jar:?]
	at org.apache.hadoop.ozone.om.OzoneManager.getFileStatus(OzoneManager.java:3507) ~[ozone-manager-1.3.0-SNAPSHOT.jar:?]
	at org.apache.hadoop.ozone.protocolPB.OzoneManagerRequestHandler.getOzoneFileStatus(OzoneManagerRequestHandler.java:882) ~[ozone-manager-1.3.0-SNAPSHOT.jar:?]
	at org.apache.hadoop.ozone.protocolPB.OzoneManagerRequestHandler.handleReadRequest(OzoneManagerRequestHandler.java:228) ~[ozone-manager-1.3.0-SNAPSHOT.jar:?]
	at org.apache.hadoop.ozone.protocolPB.OzoneManagerProtocolServerSideTranslatorPB.submitReadRequestToOM(OzoneManagerProtocolServerSideTranslatorPB.java:226) ~[ozone-manager-1.3.0-SNAPSHOT.jar:?]
	at org.apache.hadoop.ozone.protocolPB.OzoneManagerProtocolServerSideTranslatorPB.processRequest(OzoneManagerProtocolServerSideTranslatorPB.java:175) ~[ozone-manager-1.3.0-SNAPSHOT.jar:?]
	at org.apache.hadoop.hdds.server.OzoneProtocolMessageDispatcher.processRequest(OzoneProtocolMessageDispatcher.java:87) [hdds-server-framework-1.3.0-SNAPSHOT.jar:?]
	at org.apache.hadoop.ozone.protocolPB.OzoneManagerProtocolServerSideTranslatorPB.submitRequest(OzoneManagerProtocolServerSideTranslatorPB.java:147) [ozone-manager-1.3.0-SNAPSHOT.jar:?]
	at org.apache.hadoop.ozone.protocol.proto.OzoneManagerProtocolProtos$OzoneManagerService$2.callBlockingMethod(OzoneManagerProtocolProtos.java) [ozone-interface-client-1.3.0-SNAPSHOT.jar:?]
	at org.apache.hadoop.ipc.ProtobufRpcEngine$Server.processCall(ProtobufRpcEngine.java:466) [hadoop-common-3.3.1.jar:?]
	at org.apache.hadoop.ipc.ProtobufRpcEngine2$Server$ProtoBufRpcInvoker.call(ProtobufRpcEngine2.java:574) [hadoop-common-3.3.1.jar:?]
	at org.apache.hadoop.ipc.ProtobufRpcEngine2$Server$ProtoBufRpcInvoker.call(ProtobufRpcEngine2.java:552) [hadoop-common-3.3.1.jar:?]
	at org.apache.hadoop.ipc.RPC$Server.call(RPC.java:1093) [hadoop-common-3.3.1.jar:?]
	at org.apache.hadoop.ipc.Server$RpcCall.run(Server.java:1035) [hadoop-common-3.3.1.jar:?]
	at org.apache.hadoop.ipc.Server$RpcCall.run(Server.java:963) [hadoop-common-3.3.1.jar:?]
	at java.security.AccessController.doPrivileged(Native Method) ~[?:1.8.0_345]
	at javax.security.auth.Subject.doAs(Subject.java:422) [?:1.8.0_345]
	at org.apache.hadoop.security.UserGroupInformation.doAs(UserGroupInformation.java:1878) [hadoop-common-3.3.1.jar:?]
	at org.apache.hadoop.ipc.Server$Handler.run(Server.java:2966) [hadoop-common-3.3.1.jar:?]
2022-10-10 08:37:02,971 [Time-limited test] WARN  ozone.BasicOzoneFileSystem (BasicOzoneFileSystem.java:getFileStatus(765)) - GetFileStatus failed for path /d1/d2/d3/d4/invalidkey
java.io.FileNotFoundException: d1/d2/d3/d4/invalidkey: No such file or directory!
	at org.apache.hadoop.fs.ozone.BasicOzoneClientAdapterImpl.getFileStatus(BasicOzoneClientAdapterImpl.java:369)
	at org.apache.hadoop.fs.ozone.BasicOzoneFileSystem.getFileStatus(BasicOzoneFileSystem.java:757)
	at org.apache.hadoop.fs.ozone.TestOzoneFileSystem.testCreateFileShouldCheckExistenceOfDirWithSameName(TestOzoneFileSystem.java:308)
	at sun.reflect.NativeMethodAccessorImpl.invoke0(Native Method)
	at sun.reflect.NativeMethodAccessorImpl.invoke(NativeMethodAccessorImpl.java:62)
	at sun.reflect.DelegatingMethodAccessorImpl.invoke(DelegatingMethodAccessorImpl.java:43)
	at java.lang.reflect.Method.invoke(Method.java:498)
	at org.junit.runners.model.FrameworkMethod$1.runReflectiveCall(FrameworkMethod.java:59)
	at org.junit.internal.runners.model.ReflectiveCallable.run(ReflectiveCallable.java:12)
	at org.junit.runners.model.FrameworkMethod.invokeExplosively(FrameworkMethod.java:56)
	at org.junit.internal.runners.statements.InvokeMethod.evaluate(InvokeMethod.java:17)
	at org.junit.internal.runners.statements.RunAfters.evaluate(RunAfters.java:27)
	at org.junit.internal.runners.statements.FailOnTimeout$CallableStatement.call(FailOnTimeout.java:288)
	at org.junit.internal.runners.statements.FailOnTimeout$CallableStatement.call(FailOnTimeout.java:282)
	at java.util.concurrent.FutureTask.run(FutureTask.java:266)
	at java.lang.Thread.run(Thread.java:750)
]]></system-out>
  </testcase>
  <testcase name="testCreateFileShouldCheckExistenceOfDirWithSameName" classname="TestOzoneFileSystem" time="0.079">
    <system-out><![CDATA[08:38:46.378 [IPC Server handler 9 on default port 43231] ERROR OMAudit - user=runner | ip=127.0.0.1 | op=CREATE_FILE {volume=volume27327, bucket=bucket40120, key=d1/d2/d3/d4/key2, dataSize=4194304, replicationType=RATIS, replicationFactor=THREE} | ret=FAILURE
org.apache.hadoop.ozone.om.exceptions.OMException: Can not write to directory: d1/d2/d3/d4/key2
	at org.apache.hadoop.ozone.om.request.file.OMFileCreateRequest.checkDirectoryResult(OMFileCreateRequest.java:364) ~[ozone-manager-1.3.0-SNAPSHOT.jar:?]
	at org.apache.hadoop.ozone.om.request.file.OMFileCreateRequest.validateAndUpdateCache(OMFileCreateRequest.java:240) ~[ozone-manager-1.3.0-SNAPSHOT.jar:?]
	at org.apache.hadoop.ozone.protocolPB.OzoneManagerRequestHandler.handleWriteRequest(OzoneManagerRequestHandler.java:304) ~[ozone-manager-1.3.0-SNAPSHOT.jar:?]
	at org.apache.hadoop.ozone.protocolPB.OzoneManagerProtocolServerSideTranslatorPB.submitRequestDirectlyToOM(OzoneManagerProtocolServerSideTranslatorPB.java:282) ~[ozone-manager-1.3.0-SNAPSHOT.jar:?]
	at org.apache.hadoop.ozone.protocolPB.OzoneManagerProtocolServerSideTranslatorPB.processRequest(OzoneManagerProtocolServerSideTranslatorPB.java:205) ~[ozone-manager-1.3.0-SNAPSHOT.jar:?]
	at org.apache.hadoop.hdds.server.OzoneProtocolMessageDispatcher.processRequest(OzoneProtocolMessageDispatcher.java:87) [hdds-server-framework-1.3.0-SNAPSHOT.jar:?]
	at org.apache.hadoop.ozone.protocolPB.OzoneManagerProtocolServerSideTranslatorPB.submitRequest(OzoneManagerProtocolServerSideTranslatorPB.java:147) [ozone-manager-1.3.0-SNAPSHOT.jar:?]
	at org.apache.hadoop.ozone.protocol.proto.OzoneManagerProtocolProtos$OzoneManagerService$2.callBlockingMethod(OzoneManagerProtocolProtos.java) [ozone-interface-client-1.3.0-SNAPSHOT.jar:?]
	at org.apache.hadoop.ipc.ProtobufRpcEngine$Server.processCall(ProtobufRpcEngine.java:466) [hadoop-common-3.3.1.jar:?]
	at org.apache.hadoop.ipc.ProtobufRpcEngine2$Server$ProtoBufRpcInvoker.call(ProtobufRpcEngine2.java:574) [hadoop-common-3.3.1.jar:?]
	at org.apache.hadoop.ipc.ProtobufRpcEngine2$Server$ProtoBufRpcInvoker.call(ProtobufRpcEngine2.java:552) [hadoop-common-3.3.1.jar:?]
	at org.apache.hadoop.ipc.RPC$Server.call(RPC.java:1093) [hadoop-common-3.3.1.jar:?]
	at org.apache.hadoop.ipc.Server$RpcCall.run(Server.java:1035) [hadoop-common-3.3.1.jar:?]
	at org.apache.hadoop.ipc.Server$RpcCall.run(Server.java:963) [hadoop-common-3.3.1.jar:?]
	at java.security.AccessController.doPrivileged(Native Method) ~[?:1.8.0_345]
	at javax.security.auth.Subject.doAs(Subject.java:422) [?:1.8.0_345]
	at org.apache.hadoop.security.UserGroupInformation.doAs(UserGroupInformation.java:1878) [hadoop-common-3.3.1.jar:?]
	at org.apache.hadoop.ipc.Server$Handler.run(Server.java:2966) [hadoop-common-3.3.1.jar:?]
2022-10-10 08:38:46,378 [IPC Server handler 9 on default port 43231] ERROR file.OMFileCreateRequest (OMFileCreateRequest.java:validateAndUpdateCache(337)) - File create failed. Volume:volume27327, Bucket:bucket40120, Keyd1/d2/d3/d4/key2.
NOT_A_FILE org.apache.hadoop.ozone.om.exceptions.OMException: Can not write to directory: d1/d2/d3/d4/key2
	at org.apache.hadoop.ozone.om.request.file.OMFileCreateRequest.checkDirectoryResult(OMFileCreateRequest.java:364)
	at org.apache.hadoop.ozone.om.request.file.OMFileCreateRequest.validateAndUpdateCache(OMFileCreateRequest.java:240)
	at org.apache.hadoop.ozone.protocolPB.OzoneManagerRequestHandler.handleWriteRequest(OzoneManagerRequestHandler.java:304)
	at org.apache.hadoop.ozone.protocolPB.OzoneManagerProtocolServerSideTranslatorPB.submitRequestDirectlyToOM(OzoneManagerProtocolServerSideTranslatorPB.java:282)
	at org.apache.hadoop.ozone.protocolPB.OzoneManagerProtocolServerSideTranslatorPB.processRequest(OzoneManagerProtocolServerSideTranslatorPB.java:205)
	at org.apache.hadoop.hdds.server.OzoneProtocolMessageDispatcher.processRequest(OzoneProtocolMessageDispatcher.java:87)
	at org.apache.hadoop.ozone.protocolPB.OzoneManagerProtocolServerSideTranslatorPB.submitRequest(OzoneManagerProtocolServerSideTranslatorPB.java:147)
	at org.apache.hadoop.ozone.protocol.proto.OzoneManagerProtocolProtos$OzoneManagerService$2.callBlockingMethod(OzoneManagerProtocolProtos.java)
	at org.apache.hadoop.ipc.ProtobufRpcEngine$Server.processCall(ProtobufRpcEngine.java:466)
	at org.apache.hadoop.ipc.ProtobufRpcEngine2$Server$ProtoBufRpcInvoker.call(ProtobufRpcEngine2.java:574)
	at org.apache.hadoop.ipc.ProtobufRpcEngine2$Server$ProtoBufRpcInvoker.call(ProtobufRpcEngine2.java:552)
	at org.apache.hadoop.ipc.RPC$Server.call(RPC.java:1093)
	at org.apache.hadoop.ipc.Server$RpcCall.run(Server.java:1035)
	at org.apache.hadoop.ipc.Server$RpcCall.run(Server.java:963)
	at java.security.AccessController.doPrivileged(Native Method)
	at javax.security.auth.Subject.doAs(Subject.java:422)
	at org.apache.hadoop.security.UserGroupInformation.doAs(UserGroupInformation.java:1878)
	at org.apache.hadoop.ipc.Server$Handler.run(Server.java:2966)
08:38:46.390 [IPC Server handler 13 on default port 43231] ERROR OMAudit - user=runner | ip=127.0.0.1 | op=CREATE_DIRECTORY {volume=volume27327, bucket=bucket40120, key=d1/d2/d3/d4/key3, dataSize=0, replicationType=NONE, replicationFactor=ZERO} | ret=FAILURE
org.apache.hadoop.ozone.om.exceptions.OMException: Unable to create directory: d1/d2/d3/d4/key3 in volume/bucket: volume27327/bucket40120
	at org.apache.hadoop.ozone.om.request.file.OMDirectoryCreateRequest.validateAndUpdateCache(OMDirectoryCreateRequest.java:198) ~[ozone-manager-1.3.0-SNAPSHOT.jar:?]
	at org.apache.hadoop.ozone.protocolPB.OzoneManagerRequestHandler.handleWriteRequest(OzoneManagerRequestHandler.java:304) ~[ozone-manager-1.3.0-SNAPSHOT.jar:?]
	at org.apache.hadoop.ozone.protocolPB.OzoneManagerProtocolServerSideTranslatorPB.submitRequestDirectlyToOM(OzoneManagerProtocolServerSideTranslatorPB.java:282) ~[ozone-manager-1.3.0-SNAPSHOT.jar:?]
	at org.apache.hadoop.ozone.protocolPB.OzoneManagerProtocolServerSideTranslatorPB.processRequest(OzoneManagerProtocolServerSideTranslatorPB.java:205) ~[ozone-manager-1.3.0-SNAPSHOT.jar:?]
	at org.apache.hadoop.hdds.server.OzoneProtocolMessageDispatcher.processRequest(OzoneProtocolMessageDispatcher.java:87) [hdds-server-framework-1.3.0-SNAPSHOT.jar:?]
	at org.apache.hadoop.ozone.protocolPB.OzoneManagerProtocolServerSideTranslatorPB.submitRequest(OzoneManagerProtocolServerSideTranslatorPB.java:147) [ozone-manager-1.3.0-SNAPSHOT.jar:?]
	at org.apache.hadoop.ozone.protocol.proto.OzoneManagerProtocolProtos$OzoneManagerService$2.callBlockingMethod(OzoneManagerProtocolProtos.java) [ozone-interface-client-1.3.0-SNAPSHOT.jar:?]
	at org.apache.hadoop.ipc.ProtobufRpcEngine$Server.processCall(ProtobufRpcEngine.java:466) [hadoop-common-3.3.1.jar:?]
	at org.apache.hadoop.ipc.ProtobufRpcEngine2$Server$ProtoBufRpcInvoker.call(ProtobufRpcEngine2.java:574) [hadoop-common-3.3.1.jar:?]
	at org.apache.hadoop.ipc.ProtobufRpcEngine2$Server$ProtoBufRpcInvoker.call(ProtobufRpcEngine2.java:552) [hadoop-common-3.3.1.jar:?]
	at org.apache.hadoop.ipc.RPC$Server.call(RPC.java:1093) [hadoop-common-3.3.1.jar:?]
	at org.apache.hadoop.ipc.Server$RpcCall.run(Server.java:1035) [hadoop-common-3.3.1.jar:?]
	at org.apache.hadoop.ipc.Server$RpcCall.run(Server.java:963) [hadoop-common-3.3.1.jar:?]
	at java.security.AccessController.doPrivileged(Native Method) ~[?:1.8.0_345]
	at javax.security.auth.Subject.doAs(Subject.java:422) [?:1.8.0_345]
	at org.apache.hadoop.security.UserGroupInformation.doAs(UserGroupInformation.java:1878) [hadoop-common-3.3.1.jar:?]
	at org.apache.hadoop.ipc.Server$Handler.run(Server.java:2966) [hadoop-common-3.3.1.jar:?]
2022-10-10 08:38:46,390 [IPC Server handler 13 on default port 43231] ERROR file.OMDirectoryCreateRequest (OMDirectoryCreateRequest.java:logResult(331)) - Directory creation failed. Volume:volume27327, Bucket:bucket40120, Keyd1/d2/d3/d4/key3. Exception:{}
FILE_ALREADY_EXISTS org.apache.hadoop.ozone.om.exceptions.OMException: Unable to create directory: d1/d2/d3/d4/key3 in volume/bucket: volume27327/bucket40120
	at org.apache.hadoop.ozone.om.request.file.OMDirectoryCreateRequest.validateAndUpdateCache(OMDirectoryCreateRequest.java:198)
	at org.apache.hadoop.ozone.protocolPB.OzoneManagerRequestHandler.handleWriteRequest(OzoneManagerRequestHandler.java:304)
	at org.apache.hadoop.ozone.protocolPB.OzoneManagerProtocolServerSideTranslatorPB.submitRequestDirectlyToOM(OzoneManagerProtocolServerSideTranslatorPB.java:282)
	at org.apache.hadoop.ozone.protocolPB.OzoneManagerProtocolServerSideTranslatorPB.processRequest(OzoneManagerProtocolServerSideTranslatorPB.java:205)
	at org.apache.hadoop.hdds.server.OzoneProtocolMessageDispatcher.processRequest(OzoneProtocolMessageDispatcher.java:87)
	at org.apache.hadoop.ozone.protocolPB.OzoneManagerProtocolServerSideTranslatorPB.submitRequest(OzoneManagerProtocolServerSideTranslatorPB.java:147)
	at org.apache.hadoop.ozone.protocol.proto.OzoneManagerProtocolProtos$OzoneManagerService$2.callBlockingMethod(OzoneManagerProtocolProtos.java)
	at org.apache.hadoop.ipc.ProtobufRpcEngine$Server.processCall(ProtobufRpcEngine.java:466)
	at org.apache.hadoop.ipc.ProtobufRpcEngine2$Server$ProtoBufRpcInvoker.call(ProtobufRpcEngine2.java:574)
	at org.apache.hadoop.ipc.ProtobufRpcEngine2$Server$ProtoBufRpcInvoker.call(ProtobufRpcEngine2.java:552)
	at org.apache.hadoop.ipc.RPC$Server.call(RPC.java:1093)
	at org.apache.hadoop.ipc.Server$RpcCall.run(Server.java:1035)
	at org.apache.hadoop.ipc.Server$RpcCall.run(Server.java:963)
	at java.security.AccessController.doPrivileged(Native Method)
	at javax.security.auth.Subject.doAs(Subject.java:422)
	at org.apache.hadoop.security.UserGroupInformation.doAs(UserGroupInformation.java:1878)
	at org.apache.hadoop.ipc.Server$Handler.run(Server.java:2966)
08:38:46.403 [IPC Server handler 14 on default port 43231] ERROR OMAudit - user=runner | ip=127.0.0.1 | op=CREATE_FILE {volume=volume27327, bucket=bucket40120, key=d1/d2/d3, dataSize=4194304, replicationType=RATIS, replicationFactor=THREE} | ret=FAILURE
org.apache.hadoop.ozone.om.exceptions.OMException: Can not write to directory: d1/d2/d3
	at org.apache.hadoop.ozone.om.request.file.OMFileCreateRequest.checkDirectoryResult(OMFileCreateRequest.java:364) ~[ozone-manager-1.3.0-SNAPSHOT.jar:?]
	at org.apache.hadoop.ozone.om.request.file.OMFileCreateRequest.validateAndUpdateCache(OMFileCreateRequest.java:240) ~[ozone-manager-1.3.0-SNAPSHOT.jar:?]
	at org.apache.hadoop.ozone.protocolPB.OzoneManagerRequestHandler.handleWriteRequest(OzoneManagerRequestHandler.java:304) ~[ozone-manager-1.3.0-SNAPSHOT.jar:?]
	at org.apache.hadoop.ozone.protocolPB.OzoneManagerProtocolServerSideTranslatorPB.submitRequestDirectlyToOM(OzoneManagerProtocolServerSideTranslatorPB.java:282) ~[ozone-manager-1.3.0-SNAPSHOT.jar:?]
	at org.apache.hadoop.ozone.protocolPB.OzoneManagerProtocolServerSideTranslatorPB.processRequest(OzoneManagerProtocolServerSideTranslatorPB.java:205) ~[ozone-manager-1.3.0-SNAPSHOT.jar:?]
	at org.apache.hadoop.hdds.server.OzoneProtocolMessageDispatcher.processRequest(OzoneProtocolMessageDispatcher.java:87) [hdds-server-framework-1.3.0-SNAPSHOT.jar:?]
	at org.apache.hadoop.ozone.protocolPB.OzoneManagerProtocolServerSideTranslatorPB.submitRequest(OzoneManagerProtocolServerSideTranslatorPB.java:147) [ozone-manager-1.3.0-SNAPSHOT.jar:?]
	at org.apache.hadoop.ozone.protocol.proto.OzoneManagerProtocolProtos$OzoneManagerService$2.callBlockingMethod(OzoneManagerProtocolProtos.java) [ozone-interface-client-1.3.0-SNAPSHOT.jar:?]
	at org.apache.hadoop.ipc.ProtobufRpcEngine$Server.processCall(ProtobufRpcEngine.java:466) [hadoop-common-3.3.1.jar:?]
	at org.apache.hadoop.ipc.ProtobufRpcEngine2$Server$ProtoBufRpcInvoker.call(ProtobufRpcEngine2.java:574) [hadoop-common-3.3.1.jar:?]
	at org.apache.hadoop.ipc.ProtobufRpcEngine2$Server$ProtoBufRpcInvoker.call(ProtobufRpcEngine2.java:552) [hadoop-common-3.3.1.jar:?]
	at org.apache.hadoop.ipc.RPC$Server.call(RPC.java:1093) [hadoop-common-3.3.1.jar:?]
	at org.apache.hadoop.ipc.Server$RpcCall.run(Server.java:1035) [hadoop-common-3.3.1.jar:?]
	at org.apache.hadoop.ipc.Server$RpcCall.run(Server.java:963) [hadoop-common-3.3.1.jar:?]
	at java.security.AccessController.doPrivileged(Native Method) ~[?:1.8.0_345]
	at javax.security.auth.Subject.doAs(Subject.java:422) [?:1.8.0_345]
	at org.apache.hadoop.security.UserGroupInformation.doAs(UserGroupInformation.java:1878) [hadoop-common-3.3.1.jar:?]
	at org.apache.hadoop.ipc.Server$Handler.run(Server.java:2966) [hadoop-common-3.3.1.jar:?]
2022-10-10 08:38:46,403 [IPC Server handler 14 on default port 43231] ERROR file.OMFileCreateRequest (OMFileCreateRequest.java:validateAndUpdateCache(337)) - File create failed. Volume:volume27327, Bucket:bucket40120, Keyd1/d2/d3.
NOT_A_FILE org.apache.hadoop.ozone.om.exceptions.OMException: Can not write to directory: d1/d2/d3
	at org.apache.hadoop.ozone.om.request.file.OMFileCreateRequest.checkDirectoryResult(OMFileCreateRequest.java:364)
	at org.apache.hadoop.ozone.om.request.file.OMFileCreateRequest.validateAndUpdateCache(OMFileCreateRequest.java:240)
	at org.apache.hadoop.ozone.protocolPB.OzoneManagerRequestHandler.handleWriteRequest(OzoneManagerRequestHandler.java:304)
	at org.apache.hadoop.ozone.protocolPB.OzoneManagerProtocolServerSideTranslatorPB.submitRequestDirectlyToOM(OzoneManagerProtocolServerSideTranslatorPB.java:282)
	at org.apache.hadoop.ozone.protocolPB.OzoneManagerProtocolServerSideTranslatorPB.processRequest(OzoneManagerProtocolServerSideTranslatorPB.java:205)
	at org.apache.hadoop.hdds.server.OzoneProtocolMessageDispatcher.processRequest(OzoneProtocolMessageDispatcher.java:87)
	at org.apache.hadoop.ozone.protocolPB.OzoneManagerProtocolServerSideTranslatorPB.submitRequest(OzoneManagerProtocolServerSideTranslatorPB.java:147)
	at org.apache.hadoop.ozone.protocol.proto.OzoneManagerProtocolProtos$OzoneManagerService$2.callBlockingMethod(OzoneManagerProtocolProtos.java)
	at org.apache.hadoop.ipc.ProtobufRpcEngine$Server.processCall(ProtobufRpcEngine.java:466)
	at org.apache.hadoop.ipc.ProtobufRpcEngine2$Server$ProtoBufRpcInvoker.call(ProtobufRpcEngine2.java:574)
	at org.apache.hadoop.ipc.ProtobufRpcEngine2$Server$ProtoBufRpcInvoker.call(ProtobufRpcEngine2.java:552)
	at org.apache.hadoop.ipc.RPC$Server.call(RPC.java:1093)
	at org.apache.hadoop.ipc.Server$RpcCall.run(Server.java:1035)
	at org.apache.hadoop.ipc.Server$RpcCall.run(Server.java:963)
	at java.security.AccessController.doPrivileged(Native Method)
	at javax.security.auth.Subject.doAs(Subject.java:422)
	at org.apache.hadoop.security.UserGroupInformation.doAs(UserGroupInformation.java:1878)
	at org.apache.hadoop.ipc.Server$Handler.run(Server.java:2966)
08:38:46.407 [IPC Server handler 15 on default port 43231] ERROR OMAudit - user=runner | ip=127.0.0.1 | op=GET_FILE_STATUS {volume=volume27327, bucket=bucket40120, key=d1/d2/d3/d4/key3/invalid, dataSize=0, replicationConfig=null} | ret=FAILURE
org.apache.hadoop.ozone.om.exceptions.OMException: Unable to get file status: volume: volume27327 bucket: bucket40120 key: d1/d2/d3/d4/key3/invalid
	at org.apache.hadoop.ozone.om.KeyManagerImpl.getOzoneFileStatus(KeyManagerImpl.java:1270) ~[ozone-manager-1.3.0-SNAPSHOT.jar:?]
	at org.apache.hadoop.ozone.om.KeyManagerImpl.getFileStatus(KeyManagerImpl.java:1200) ~[ozone-manager-1.3.0-SNAPSHOT.jar:?]
	at org.apache.hadoop.ozone.om.OzoneManager.getFileStatus(OzoneManager.java:3507) ~[ozone-manager-1.3.0-SNAPSHOT.jar:?]
	at org.apache.hadoop.ozone.protocolPB.OzoneManagerRequestHandler.getOzoneFileStatus(OzoneManagerRequestHandler.java:882) ~[ozone-manager-1.3.0-SNAPSHOT.jar:?]
	at org.apache.hadoop.ozone.protocolPB.OzoneManagerRequestHandler.handleReadRequest(OzoneManagerRequestHandler.java:228) ~[ozone-manager-1.3.0-SNAPSHOT.jar:?]
	at org.apache.hadoop.ozone.protocolPB.OzoneManagerProtocolServerSideTranslatorPB.submitRequestDirectlyToOM(OzoneManagerProtocolServerSideTranslatorPB.java:276) ~[ozone-manager-1.3.0-SNAPSHOT.jar:?]
	at org.apache.hadoop.ozone.protocolPB.OzoneManagerProtocolServerSideTranslatorPB.processRequest(OzoneManagerProtocolServerSideTranslatorPB.java:205) ~[ozone-manager-1.3.0-SNAPSHOT.jar:?]
	at org.apache.hadoop.hdds.server.OzoneProtocolMessageDispatcher.processRequest(OzoneProtocolMessageDispatcher.java:87) [hdds-server-framework-1.3.0-SNAPSHOT.jar:?]
	at org.apache.hadoop.ozone.protocolPB.OzoneManagerProtocolServerSideTranslatorPB.submitRequest(OzoneManagerProtocolServerSideTranslatorPB.java:147) [ozone-manager-1.3.0-SNAPSHOT.jar:?]
	at org.apache.hadoop.ozone.protocol.proto.OzoneManagerProtocolProtos$OzoneManagerService$2.callBlockingMethod(OzoneManagerProtocolProtos.java) [ozone-interface-client-1.3.0-SNAPSHOT.jar:?]
	at org.apache.hadoop.ipc.ProtobufRpcEngine$Server.processCall(ProtobufRpcEngine.java:466) [hadoop-common-3.3.1.jar:?]
	at org.apache.hadoop.ipc.ProtobufRpcEngine2$Server$ProtoBufRpcInvoker.call(ProtobufRpcEngine2.java:574) [hadoop-common-3.3.1.jar:?]
	at org.apache.hadoop.ipc.ProtobufRpcEngine2$Server$ProtoBufRpcInvoker.call(ProtobufRpcEngine2.java:552) [hadoop-common-3.3.1.jar:?]
	at org.apache.hadoop.ipc.RPC$Server.call(RPC.java:1093) [hadoop-common-3.3.1.jar:?]
	at org.apache.hadoop.ipc.Server$RpcCall.run(Server.java:1035) [hadoop-common-3.3.1.jar:?]
	at org.apache.hadoop.ipc.Server$RpcCall.run(Server.java:963) [hadoop-common-3.3.1.jar:?]
	at java.security.AccessController.doPrivileged(Native Method) ~[?:1.8.0_345]
	at javax.security.auth.Subject.doAs(Subject.java:422) [?:1.8.0_345]
	at org.apache.hadoop.security.UserGroupInformation.doAs(UserGroupInformation.java:1878) [hadoop-common-3.3.1.jar:?]
	at org.apache.hadoop.ipc.Server$Handler.run(Server.java:2966) [hadoop-common-3.3.1.jar:?]
2022-10-10 08:38:46,408 [Time-limited test] WARN  ozone.BasicOzoneFileSystem (BasicOzoneFileSystem.java:getFileStatus(765)) - GetFileStatus failed for path /d1/d2/d3/d4/key3/invalid
java.io.FileNotFoundException: d1/d2/d3/d4/key3/invalid: No such file or directory!
	at org.apache.hadoop.fs.ozone.BasicOzoneClientAdapterImpl.getFileStatus(BasicOzoneClientAdapterImpl.java:369)
	at org.apache.hadoop.fs.ozone.BasicOzoneFileSystem.getFileStatus(BasicOzoneFileSystem.java:757)
	at org.apache.hadoop.fs.ozone.TestOzoneFileSystem.testCreateFileShouldCheckExistenceOfDirWithSameName(TestOzoneFileSystem.java:301)
	at sun.reflect.NativeMethodAccessorImpl.invoke0(Native Method)
	at sun.reflect.NativeMethodAccessorImpl.invoke(NativeMethodAccessorImpl.java:62)
	at sun.reflect.DelegatingMethodAccessorImpl.invoke(DelegatingMethodAccessorImpl.java:43)
	at java.lang.reflect.Method.invoke(Method.java:498)
	at org.junit.runners.model.FrameworkMethod$1.runReflectiveCall(FrameworkMethod.java:59)
	at org.junit.internal.runners.model.ReflectiveCallable.run(ReflectiveCallable.java:12)
	at org.junit.runners.model.FrameworkMethod.invokeExplosively(FrameworkMethod.java:56)
	at org.junit.internal.runners.statements.InvokeMethod.evaluate(InvokeMethod.java:17)
	at org.junit.internal.runners.statements.RunAfters.evaluate(RunAfters.java:27)
	at org.junit.internal.runners.statements.FailOnTimeout$CallableStatement.call(FailOnTimeout.java:288)
	at org.junit.internal.runners.statements.FailOnTimeout$CallableStatement.call(FailOnTimeout.java:282)
	at java.util.concurrent.FutureTask.run(FutureTask.java:266)
	at java.lang.Thread.run(Thread.java:750)
08:38:46.409 [IPC Server handler 17 on default port 43231] ERROR OMAudit - user=runner | ip=127.0.0.1 | op=GET_FILE_STATUS {volume=volume27327, bucket=bucket40120, key=d1/d2/d3/d4/invalidkey, dataSize=0, replicationConfig=null} | ret=FAILURE
org.apache.hadoop.ozone.om.exceptions.OMException: Unable to get file status: volume: volume27327 bucket: bucket40120 key: d1/d2/d3/d4/invalidkey
	at org.apache.hadoop.ozone.om.KeyManagerImpl.getOzoneFileStatus(KeyManagerImpl.java:1270) ~[ozone-manager-1.3.0-SNAPSHOT.jar:?]
	at org.apache.hadoop.ozone.om.KeyManagerImpl.getFileStatus(KeyManagerImpl.java:1200) ~[ozone-manager-1.3.0-SNAPSHOT.jar:?]
	at org.apache.hadoop.ozone.om.OzoneManager.getFileStatus(OzoneManager.java:3507) ~[ozone-manager-1.3.0-SNAPSHOT.jar:?]
	at org.apache.hadoop.ozone.protocolPB.OzoneManagerRequestHandler.getOzoneFileStatus(OzoneManagerRequestHandler.java:882) ~[ozone-manager-1.3.0-SNAPSHOT.jar:?]
	at org.apache.hadoop.ozone.protocolPB.OzoneManagerRequestHandler.handleReadRequest(OzoneManagerRequestHandler.java:228) ~[ozone-manager-1.3.0-SNAPSHOT.jar:?]
	at org.apache.hadoop.ozone.protocolPB.OzoneManagerProtocolServerSideTranslatorPB.submitRequestDirectlyToOM(OzoneManagerProtocolServerSideTranslatorPB.java:276) ~[ozone-manager-1.3.0-SNAPSHOT.jar:?]
	at org.apache.hadoop.ozone.protocolPB.OzoneManagerProtocolServerSideTranslatorPB.processRequest(OzoneManagerProtocolServerSideTranslatorPB.java:205) ~[ozone-manager-1.3.0-SNAPSHOT.jar:?]
	at org.apache.hadoop.hdds.server.OzoneProtocolMessageDispatcher.processRequest(OzoneProtocolMessageDispatcher.java:87) [hdds-server-framework-1.3.0-SNAPSHOT.jar:?]
	at org.apache.hadoop.ozone.protocolPB.OzoneManagerProtocolServerSideTranslatorPB.submitRequest(OzoneManagerProtocolServerSideTranslatorPB.java:147) [ozone-manager-1.3.0-SNAPSHOT.jar:?]
	at org.apache.hadoop.ozone.protocol.proto.OzoneManagerProtocolProtos$OzoneManagerService$2.callBlockingMethod(OzoneManagerProtocolProtos.java) [ozone-interface-client-1.3.0-SNAPSHOT.jar:?]
	at org.apache.hadoop.ipc.ProtobufRpcEngine$Server.processCall(ProtobufRpcEngine.java:466) [hadoop-common-3.3.1.jar:?]
	at org.apache.hadoop.ipc.ProtobufRpcEngine2$Server$ProtoBufRpcInvoker.call(ProtobufRpcEngine2.java:574) [hadoop-common-3.3.1.jar:?]
	at org.apache.hadoop.ipc.ProtobufRpcEngine2$Server$ProtoBufRpcInvoker.call(ProtobufRpcEngine2.java:552) [hadoop-common-3.3.1.jar:?]
	at org.apache.hadoop.ipc.RPC$Server.call(RPC.java:1093) [hadoop-common-3.3.1.jar:?]
	at org.apache.hadoop.ipc.Server$RpcCall.run(Server.java:1035) [hadoop-common-3.3.1.jar:?]
	at org.apache.hadoop.ipc.Server$RpcCall.run(Server.java:963) [hadoop-common-3.3.1.jar:?]
	at java.security.AccessController.doPrivileged(Native Method) ~[?:1.8.0_345]
	at javax.security.auth.Subject.doAs(Subject.java:422) [?:1.8.0_345]
	at org.apache.hadoop.security.UserGroupInformation.doAs(UserGroupInformation.java:1878) [hadoop-common-3.3.1.jar:?]
	at org.apache.hadoop.ipc.Server$Handler.run(Server.java:2966) [hadoop-common-3.3.1.jar:?]
2022-10-10 08:38:46,409 [Time-limited test] WARN  ozone.BasicOzoneFileSystem (BasicOzoneFileSystem.java:getFileStatus(765)) - GetFileStatus failed for path /d1/d2/d3/d4/invalidkey
java.io.FileNotFoundException: d1/d2/d3/d4/invalidkey: No such file or directory!
	at org.apache.hadoop.fs.ozone.BasicOzoneClientAdapterImpl.getFileStatus(BasicOzoneClientAdapterImpl.java:369)
	at org.apache.hadoop.fs.ozone.BasicOzoneFileSystem.getFileStatus(BasicOzoneFileSystem.java:757)
	at org.apache.hadoop.fs.ozone.TestOzoneFileSystem.testCreateFileShouldCheckExistenceOfDirWithSameName(TestOzoneFileSystem.java:308)
	at sun.reflect.NativeMethodAccessorImpl.invoke0(Native Method)
	at sun.reflect.NativeMethodAccessorImpl.invoke(NativeMethodAccessorImpl.java:62)
	at sun.reflect.DelegatingMethodAccessorImpl.invoke(DelegatingMethodAccessorImpl.java:43)
	at java.lang.reflect.Method.invoke(Method.java:498)
	at org.junit.runners.model.FrameworkMethod$1.runReflectiveCall(FrameworkMethod.java:59)
	at org.junit.internal.runners.model.ReflectiveCallable.run(ReflectiveCallable.java:12)
	at org.junit.runners.model.FrameworkMethod.invokeExplosively(FrameworkMethod.java:56)
	at org.junit.internal.runners.statements.InvokeMethod.evaluate(InvokeMethod.java:17)
	at org.junit.internal.runners.statements.RunAfters.evaluate(RunAfters.java:27)
	at org.junit.internal.runners.statements.FailOnTimeout$CallableStatement.call(FailOnTimeout.java:288)
	at org.junit.internal.runners.statements.FailOnTimeout$CallableStatement.call(FailOnTimeout.java:282)
	at java.util.concurrent.FutureTask.run(FutureTask.java:266)
	at java.lang.Thread.run(Thread.java:750)
]]></system-out>
  </testcase>
  <testcase name="testCreateFileShouldCheckExistenceOfDirWithSameName" classname="TestOzoneFileSystem" time="0.045">
    <system-out><![CDATA[08:40:27.988 [OM StateMachine ApplyTransaction Thread - 0] ERROR OMAudit - user=runner | ip=127.0.0.1 | op=CREATE_FILE {volume=volume83680, bucket=bucket94599, key=d1/d2/d3/d4/key2, dataSize=4194304, replicationType=RATIS, replicationFactor=THREE} | ret=FAILURE
org.apache.hadoop.ozone.om.exceptions.OMException: Can not write to directory: d1/d2/d3/d4/key2
	at org.apache.hadoop.ozone.om.request.file.OMFileCreateRequest.checkDirectoryResult(OMFileCreateRequest.java:364) ~[ozone-manager-1.3.0-SNAPSHOT.jar:?]
	at org.apache.hadoop.ozone.om.request.file.OMFileCreateRequest.validateAndUpdateCache(OMFileCreateRequest.java:240) ~[ozone-manager-1.3.0-SNAPSHOT.jar:?]
	at org.apache.hadoop.ozone.protocolPB.OzoneManagerRequestHandler.handleWriteRequest(OzoneManagerRequestHandler.java:304) ~[ozone-manager-1.3.0-SNAPSHOT.jar:?]
	at org.apache.hadoop.ozone.om.ratis.OzoneManagerStateMachine.runCommand(OzoneManagerStateMachine.java:529) ~[ozone-manager-1.3.0-SNAPSHOT.jar:?]
	at org.apache.hadoop.ozone.om.ratis.OzoneManagerStateMachine.lambda$1(OzoneManagerStateMachine.java:324) ~[ozone-manager-1.3.0-SNAPSHOT.jar:?]
	at java.util.concurrent.CompletableFuture$AsyncSupply.run(CompletableFuture.java:1604) [?:1.8.0_345]
	at java.util.concurrent.ThreadPoolExecutor.runWorker(ThreadPoolExecutor.java:1149) [?:1.8.0_345]
	at java.util.concurrent.ThreadPoolExecutor$Worker.run(ThreadPoolExecutor.java:624) [?:1.8.0_345]
	at java.lang.Thread.run(Thread.java:750) [?:1.8.0_345]
2022-10-10 08:40:27,989 [OM StateMachine ApplyTransaction Thread - 0] ERROR file.OMFileCreateRequest (OMFileCreateRequest.java:validateAndUpdateCache(337)) - File create failed. Volume:volume83680, Bucket:bucket94599, Keyd1/d2/d3/d4/key2.
NOT_A_FILE org.apache.hadoop.ozone.om.exceptions.OMException: Can not write to directory: d1/d2/d3/d4/key2
	at org.apache.hadoop.ozone.om.request.file.OMFileCreateRequest.checkDirectoryResult(OMFileCreateRequest.java:364)
	at org.apache.hadoop.ozone.om.request.file.OMFileCreateRequest.validateAndUpdateCache(OMFileCreateRequest.java:240)
	at org.apache.hadoop.ozone.protocolPB.OzoneManagerRequestHandler.handleWriteRequest(OzoneManagerRequestHandler.java:304)
	at org.apache.hadoop.ozone.om.ratis.OzoneManagerStateMachine.runCommand(OzoneManagerStateMachine.java:529)
	at org.apache.hadoop.ozone.om.ratis.OzoneManagerStateMachine.lambda$1(OzoneManagerStateMachine.java:324)
	at java.util.concurrent.CompletableFuture$AsyncSupply.run(CompletableFuture.java:1604)
	at java.util.concurrent.ThreadPoolExecutor.runWorker(ThreadPoolExecutor.java:1149)
	at java.util.concurrent.ThreadPoolExecutor$Worker.run(ThreadPoolExecutor.java:624)
	at java.lang.Thread.run(Thread.java:750)
08:40:28.001 [OM StateMachine ApplyTransaction Thread - 0] ERROR OMAudit - user=runner | ip=127.0.0.1 | op=CREATE_DIRECTORY {volume=volume83680, bucket=bucket94599, key=d1/d2/d3/d4/key3, dataSize=0, replicationType=NONE, replicationFactor=ZERO} | ret=FAILURE
org.apache.hadoop.ozone.om.exceptions.OMException: Unable to create directory: d1/d2/d3/d4/key3 in volume/bucket: volume83680/bucket94599
	at org.apache.hadoop.ozone.om.request.file.OMDirectoryCreateRequest.validateAndUpdateCache(OMDirectoryCreateRequest.java:198) ~[ozone-manager-1.3.0-SNAPSHOT.jar:?]
	at org.apache.hadoop.ozone.protocolPB.OzoneManagerRequestHandler.handleWriteRequest(OzoneManagerRequestHandler.java:304) ~[ozone-manager-1.3.0-SNAPSHOT.jar:?]
	at org.apache.hadoop.ozone.om.ratis.OzoneManagerStateMachine.runCommand(OzoneManagerStateMachine.java:529) ~[ozone-manager-1.3.0-SNAPSHOT.jar:?]
	at org.apache.hadoop.ozone.om.ratis.OzoneManagerStateMachine.lambda$1(OzoneManagerStateMachine.java:324) ~[ozone-manager-1.3.0-SNAPSHOT.jar:?]
	at java.util.concurrent.CompletableFuture$AsyncSupply.run(CompletableFuture.java:1604) [?:1.8.0_345]
	at java.util.concurrent.ThreadPoolExecutor.runWorker(ThreadPoolExecutor.java:1149) [?:1.8.0_345]
	at java.util.concurrent.ThreadPoolExecutor$Worker.run(ThreadPoolExecutor.java:624) [?:1.8.0_345]
	at java.lang.Thread.run(Thread.java:750) [?:1.8.0_345]
2022-10-10 08:40:28,001 [OM StateMachine ApplyTransaction Thread - 0] ERROR file.OMDirectoryCreateRequest (OMDirectoryCreateRequest.java:logResult(331)) - Directory creation failed. Volume:volume83680, Bucket:bucket94599, Keyd1/d2/d3/d4/key3. Exception:{}
FILE_ALREADY_EXISTS org.apache.hadoop.ozone.om.exceptions.OMException: Unable to create directory: d1/d2/d3/d4/key3 in volume/bucket: volume83680/bucket94599
	at org.apache.hadoop.ozone.om.request.file.OMDirectoryCreateRequest.validateAndUpdateCache(OMDirectoryCreateRequest.java:198)
	at org.apache.hadoop.ozone.protocolPB.OzoneManagerRequestHandler.handleWriteRequest(OzoneManagerRequestHandler.java:304)
	at org.apache.hadoop.ozone.om.ratis.OzoneManagerStateMachine.runCommand(OzoneManagerStateMachine.java:529)
	at org.apache.hadoop.ozone.om.ratis.OzoneManagerStateMachine.lambda$1(OzoneManagerStateMachine.java:324)
	at java.util.concurrent.CompletableFuture$AsyncSupply.run(CompletableFuture.java:1604)
	at java.util.concurrent.ThreadPoolExecutor.runWorker(ThreadPoolExecutor.java:1149)
	at java.util.concurrent.ThreadPoolExecutor$Worker.run(ThreadPoolExecutor.java:624)
	at java.lang.Thread.run(Thread.java:750)
08:40:28.004 [OM StateMachine ApplyTransaction Thread - 0] ERROR OMAudit - user=runner | ip=127.0.0.1 | op=CREATE_FILE {volume=volume83680, bucket=bucket94599, key=d1/d2/d3, dataSize=4194304, replicationType=RATIS, replicationFactor=THREE} | ret=FAILURE
org.apache.hadoop.ozone.om.exceptions.OMException: Can not write to directory: d1/d2/d3
	at org.apache.hadoop.ozone.om.request.file.OMFileCreateRequest.checkDirectoryResult(OMFileCreateRequest.java:364) ~[ozone-manager-1.3.0-SNAPSHOT.jar:?]
	at org.apache.hadoop.ozone.om.request.file.OMFileCreateRequest.validateAndUpdateCache(OMFileCreateRequest.java:240) ~[ozone-manager-1.3.0-SNAPSHOT.jar:?]
	at org.apache.hadoop.ozone.protocolPB.OzoneManagerRequestHandler.handleWriteRequest(OzoneManagerRequestHandler.java:304) ~[ozone-manager-1.3.0-SNAPSHOT.jar:?]
	at org.apache.hadoop.ozone.om.ratis.OzoneManagerStateMachine.runCommand(OzoneManagerStateMachine.java:529) ~[ozone-manager-1.3.0-SNAPSHOT.jar:?]
	at org.apache.hadoop.ozone.om.ratis.OzoneManagerStateMachine.lambda$1(OzoneManagerStateMachine.java:324) ~[ozone-manager-1.3.0-SNAPSHOT.jar:?]
	at java.util.concurrent.CompletableFuture$AsyncSupply.run(CompletableFuture.java:1604) [?:1.8.0_345]
	at java.util.concurrent.ThreadPoolExecutor.runWorker(ThreadPoolExecutor.java:1149) [?:1.8.0_345]
	at java.util.concurrent.ThreadPoolExecutor$Worker.run(ThreadPoolExecutor.java:624) [?:1.8.0_345]
	at java.lang.Thread.run(Thread.java:750) [?:1.8.0_345]
2022-10-10 08:40:28,004 [OM StateMachine ApplyTransaction Thread - 0] ERROR file.OMFileCreateRequest (OMFileCreateRequest.java:validateAndUpdateCache(337)) - File create failed. Volume:volume83680, Bucket:bucket94599, Keyd1/d2/d3.
NOT_A_FILE org.apache.hadoop.ozone.om.exceptions.OMException: Can not write to directory: d1/d2/d3
	at org.apache.hadoop.ozone.om.request.file.OMFileCreateRequest.checkDirectoryResult(OMFileCreateRequest.java:364)
	at org.apache.hadoop.ozone.om.request.file.OMFileCreateRequest.validateAndUpdateCache(OMFileCreateRequest.java:240)
	at org.apache.hadoop.ozone.protocolPB.OzoneManagerRequestHandler.handleWriteRequest(OzoneManagerRequestHandler.java:304)
	at org.apache.hadoop.ozone.om.ratis.OzoneManagerStateMachine.runCommand(OzoneManagerStateMachine.java:529)
	at org.apache.hadoop.ozone.om.ratis.OzoneManagerStateMachine.lambda$1(OzoneManagerStateMachine.java:324)
	at java.util.concurrent.CompletableFuture$AsyncSupply.run(CompletableFuture.java:1604)
	at java.util.concurrent.ThreadPoolExecutor.runWorker(ThreadPoolExecutor.java:1149)
	at java.util.concurrent.ThreadPoolExecutor$Worker.run(ThreadPoolExecutor.java:624)
	at java.lang.Thread.run(Thread.java:750)
08:40:28.006 [IPC Server handler 3 on default port 41701] ERROR OMAudit - user=runner | ip=127.0.0.1 | op=GET_FILE_STATUS {volume=volume83680, bucket=bucket94599, key=d1/d2/d3/d4/key3/invalid, dataSize=0, replicationConfig=null} | ret=FAILURE
org.apache.hadoop.ozone.om.exceptions.OMException: Unable to get file status: volume: volume83680 bucket: bucket94599 key: d1/d2/d3/d4/key3/invalid
	at org.apache.hadoop.ozone.om.KeyManagerImpl.getOzoneFileStatus(KeyManagerImpl.java:1270) ~[ozone-manager-1.3.0-SNAPSHOT.jar:?]
	at org.apache.hadoop.ozone.om.KeyManagerImpl.getFileStatus(KeyManagerImpl.java:1200) ~[ozone-manager-1.3.0-SNAPSHOT.jar:?]
	at org.apache.hadoop.ozone.om.OzoneManager.getFileStatus(OzoneManager.java:3507) ~[ozone-manager-1.3.0-SNAPSHOT.jar:?]
	at org.apache.hadoop.ozone.protocolPB.OzoneManagerRequestHandler.getOzoneFileStatus(OzoneManagerRequestHandler.java:882) ~[ozone-manager-1.3.0-SNAPSHOT.jar:?]
	at org.apache.hadoop.ozone.protocolPB.OzoneManagerRequestHandler.handleReadRequest(OzoneManagerRequestHandler.java:228) ~[ozone-manager-1.3.0-SNAPSHOT.jar:?]
	at org.apache.hadoop.ozone.protocolPB.OzoneManagerProtocolServerSideTranslatorPB.submitReadRequestToOM(OzoneManagerProtocolServerSideTranslatorPB.java:226) ~[ozone-manager-1.3.0-SNAPSHOT.jar:?]
	at org.apache.hadoop.ozone.protocolPB.OzoneManagerProtocolServerSideTranslatorPB.processRequest(OzoneManagerProtocolServerSideTranslatorPB.java:175) ~[ozone-manager-1.3.0-SNAPSHOT.jar:?]
	at org.apache.hadoop.hdds.server.OzoneProtocolMessageDispatcher.processRequest(OzoneProtocolMessageDispatcher.java:87) [hdds-server-framework-1.3.0-SNAPSHOT.jar:?]
	at org.apache.hadoop.ozone.protocolPB.OzoneManagerProtocolServerSideTranslatorPB.submitRequest(OzoneManagerProtocolServerSideTranslatorPB.java:147) [ozone-manager-1.3.0-SNAPSHOT.jar:?]
	at org.apache.hadoop.ozone.protocol.proto.OzoneManagerProtocolProtos$OzoneManagerService$2.callBlockingMethod(OzoneManagerProtocolProtos.java) [ozone-interface-client-1.3.0-SNAPSHOT.jar:?]
	at org.apache.hadoop.ipc.ProtobufRpcEngine$Server.processCall(ProtobufRpcEngine.java:466) [hadoop-common-3.3.1.jar:?]
	at org.apache.hadoop.ipc.ProtobufRpcEngine2$Server$ProtoBufRpcInvoker.call(ProtobufRpcEngine2.java:574) [hadoop-common-3.3.1.jar:?]
	at org.apache.hadoop.ipc.ProtobufRpcEngine2$Server$ProtoBufRpcInvoker.call(ProtobufRpcEngine2.java:552) [hadoop-common-3.3.1.jar:?]
	at org.apache.hadoop.ipc.RPC$Server.call(RPC.java:1093) [hadoop-common-3.3.1.jar:?]
	at org.apache.hadoop.ipc.Server$RpcCall.run(Server.java:1035) [hadoop-common-3.3.1.jar:?]
	at org.apache.hadoop.ipc.Server$RpcCall.run(Server.java:963) [hadoop-common-3.3.1.jar:?]
	at java.security.AccessController.doPrivileged(Native Method) ~[?:1.8.0_345]
	at javax.security.auth.Subject.doAs(Subject.java:422) [?:1.8.0_345]
	at org.apache.hadoop.security.UserGroupInformation.doAs(UserGroupInformation.java:1878) [hadoop-common-3.3.1.jar:?]
	at org.apache.hadoop.ipc.Server$Handler.run(Server.java:2966) [hadoop-common-3.3.1.jar:?]
2022-10-10 08:40:28,006 [Time-limited test] WARN  ozone.BasicOzoneFileSystem (BasicOzoneFileSystem.java:getFileStatus(765)) - GetFileStatus failed for path /d1/d2/d3/d4/key3/invalid
java.io.FileNotFoundException: d1/d2/d3/d4/key3/invalid: No such file or directory!
	at org.apache.hadoop.fs.ozone.BasicOzoneClientAdapterImpl.getFileStatus(BasicOzoneClientAdapterImpl.java:369)
	at org.apache.hadoop.fs.ozone.BasicOzoneFileSystem.getFileStatus(BasicOzoneFileSystem.java:757)
	at org.apache.hadoop.fs.ozone.TestOzoneFileSystem.testCreateFileShouldCheckExistenceOfDirWithSameName(TestOzoneFileSystem.java:301)
	at sun.reflect.NativeMethodAccessorImpl.invoke0(Native Method)
	at sun.reflect.NativeMethodAccessorImpl.invoke(NativeMethodAccessorImpl.java:62)
	at sun.reflect.DelegatingMethodAccessorImpl.invoke(DelegatingMethodAccessorImpl.java:43)
	at java.lang.reflect.Method.invoke(Method.java:498)
	at org.junit.runners.model.FrameworkMethod$1.runReflectiveCall(FrameworkMethod.java:59)
	at org.junit.internal.runners.model.ReflectiveCallable.run(ReflectiveCallable.java:12)
	at org.junit.runners.model.FrameworkMethod.invokeExplosively(FrameworkMethod.java:56)
	at org.junit.internal.runners.statements.InvokeMethod.evaluate(InvokeMethod.java:17)
	at org.junit.internal.runners.statements.RunAfters.evaluate(RunAfters.java:27)
	at org.junit.internal.runners.statements.FailOnTimeout$CallableStatement.call(FailOnTimeout.java:288)
	at org.junit.internal.runners.statements.FailOnTimeout$CallableStatement.call(FailOnTimeout.java:282)
	at java.util.concurrent.FutureTask.run(FutureTask.java:266)
	at java.lang.Thread.run(Thread.java:750)
08:40:28.007 [IPC Server handler 12 on default port 41701] ERROR OMAudit - user=runner | ip=127.0.0.1 | op=GET_FILE_STATUS {volume=volume83680, bucket=bucket94599, key=d1/d2/d3/d4/invalidkey, dataSize=0, replicationConfig=null} | ret=FAILURE
org.apache.hadoop.ozone.om.exceptions.OMException: Unable to get file status: volume: volume83680 bucket: bucket94599 key: d1/d2/d3/d4/invalidkey
	at org.apache.hadoop.ozone.om.KeyManagerImpl.getOzoneFileStatus(KeyManagerImpl.java:1270) ~[ozone-manager-1.3.0-SNAPSHOT.jar:?]
	at org.apache.hadoop.ozone.om.KeyManagerImpl.getFileStatus(KeyManagerImpl.java:1200) ~[ozone-manager-1.3.0-SNAPSHOT.jar:?]
	at org.apache.hadoop.ozone.om.OzoneManager.getFileStatus(OzoneManager.java:3507) ~[ozone-manager-1.3.0-SNAPSHOT.jar:?]
	at org.apache.hadoop.ozone.protocolPB.OzoneManagerRequestHandler.getOzoneFileStatus(OzoneManagerRequestHandler.java:882) ~[ozone-manager-1.3.0-SNAPSHOT.jar:?]
	at org.apache.hadoop.ozone.protocolPB.OzoneManagerRequestHandler.handleReadRequest(OzoneManagerRequestHandler.java:228) ~[ozone-manager-1.3.0-SNAPSHOT.jar:?]
	at org.apache.hadoop.ozone.protocolPB.OzoneManagerProtocolServerSideTranslatorPB.submitReadRequestToOM(OzoneManagerProtocolServerSideTranslatorPB.java:226) ~[ozone-manager-1.3.0-SNAPSHOT.jar:?]
	at org.apache.hadoop.ozone.protocolPB.OzoneManagerProtocolServerSideTranslatorPB.processRequest(OzoneManagerProtocolServerSideTranslatorPB.java:175) ~[ozone-manager-1.3.0-SNAPSHOT.jar:?]
	at org.apache.hadoop.hdds.server.OzoneProtocolMessageDispatcher.processRequest(OzoneProtocolMessageDispatcher.java:87) [hdds-server-framework-1.3.0-SNAPSHOT.jar:?]
	at org.apache.hadoop.ozone.protocolPB.OzoneManagerProtocolServerSideTranslatorPB.submitRequest(OzoneManagerProtocolServerSideTranslatorPB.java:147) [ozone-manager-1.3.0-SNAPSHOT.jar:?]
	at org.apache.hadoop.ozone.protocol.proto.OzoneManagerProtocolProtos$OzoneManagerService$2.callBlockingMethod(OzoneManagerProtocolProtos.java) [ozone-interface-client-1.3.0-SNAPSHOT.jar:?]
	at org.apache.hadoop.ipc.ProtobufRpcEngine$Server.processCall(ProtobufRpcEngine.java:466) [hadoop-common-3.3.1.jar:?]
	at org.apache.hadoop.ipc.ProtobufRpcEngine2$Server$ProtoBufRpcInvoker.call(ProtobufRpcEngine2.java:574) [hadoop-common-3.3.1.jar:?]
	at org.apache.hadoop.ipc.ProtobufRpcEngine2$Server$ProtoBufRpcInvoker.call(ProtobufRpcEngine2.java:552) [hadoop-common-3.3.1.jar:?]
	at org.apache.hadoop.ipc.RPC$Server.call(RPC.java:1093) [hadoop-common-3.3.1.jar:?]
	at org.apache.hadoop.ipc.Server$RpcCall.run(Server.java:1035) [hadoop-common-3.3.1.jar:?]
	at org.apache.hadoop.ipc.Server$RpcCall.run(Server.java:963) [hadoop-common-3.3.1.jar:?]
	at java.security.AccessController.doPrivileged(Native Method) ~[?:1.8.0_345]
	at javax.security.auth.Subject.doAs(Subject.java:422) [?:1.8.0_345]
	at org.apache.hadoop.security.UserGroupInformation.doAs(UserGroupInformation.java:1878) [hadoop-common-3.3.1.jar:?]
	at org.apache.hadoop.ipc.Server$Handler.run(Server.java:2966) [hadoop-common-3.3.1.jar:?]
2022-10-10 08:40:28,007 [Time-limited test] WARN  ozone.BasicOzoneFileSystem (BasicOzoneFileSystem.java:getFileStatus(765)) - GetFileStatus failed for path /d1/d2/d3/d4/invalidkey
java.io.FileNotFoundException: d1/d2/d3/d4/invalidkey: No such file or directory!
	at org.apache.hadoop.fs.ozone.BasicOzoneClientAdapterImpl.getFileStatus(BasicOzoneClientAdapterImpl.java:369)
	at org.apache.hadoop.fs.ozone.BasicOzoneFileSystem.getFileStatus(BasicOzoneFileSystem.java:757)
	at org.apache.hadoop.fs.ozone.TestOzoneFileSystem.testCreateFileShouldCheckExistenceOfDirWithSameName(TestOzoneFileSystem.java:308)
	at sun.reflect.NativeMethodAccessorImpl.invoke0(Native Method)
	at sun.reflect.NativeMethodAccessorImpl.invoke(NativeMethodAccessorImpl.java:62)
	at sun.reflect.DelegatingMethodAccessorImpl.invoke(DelegatingMethodAccessorImpl.java:43)
	at java.lang.reflect.Method.invoke(Method.java:498)
	at org.junit.runners.model.FrameworkMethod$1.runReflectiveCall(FrameworkMethod.java:59)
	at org.junit.internal.runners.model.ReflectiveCallable.run(ReflectiveCallable.java:12)
	at org.junit.runners.model.FrameworkMethod.invokeExplosively(FrameworkMethod.java:56)
	at org.junit.internal.runners.statements.InvokeMethod.evaluate(InvokeMethod.java:17)
	at org.junit.internal.runners.statements.RunAfters.evaluate(RunAfters.java:27)
	at org.junit.internal.runners.statements.FailOnTimeout$CallableStatement.call(FailOnTimeout.java:288)
	at org.junit.internal.runners.statements.FailOnTimeout$CallableStatement.call(FailOnTimeout.java:282)
	at java.util.concurrent.FutureTask.run(FutureTask.java:266)
	at java.lang.Thread.run(Thread.java:750)
]]></system-out>
  </testcase>
  <testcase name="testCreateFileShouldCheckExistenceOfDirWithSameName" classname="TestOzoneFileSystem" time="0.059">
    <system-out><![CDATA[08:42:33.280 [IPC Server handler 7 on default port 37485] ERROR OMAudit - user=runner | ip=127.0.0.1 | op=CREATE_FILE {volume=volume23299, bucket=bucket63939, key=d1/d2/d3/d4/key2, dataSize=4194304, replicationType=RATIS, replicationFactor=THREE} | ret=FAILURE
org.apache.hadoop.ozone.om.exceptions.OMException: Can not write to directory: d1/d2/d3/d4/key2
	at org.apache.hadoop.ozone.om.request.file.OMFileCreateRequest.checkDirectoryResult(OMFileCreateRequest.java:364) ~[ozone-manager-1.3.0-SNAPSHOT.jar:?]
	at org.apache.hadoop.ozone.om.request.file.OMFileCreateRequest.validateAndUpdateCache(OMFileCreateRequest.java:240) ~[ozone-manager-1.3.0-SNAPSHOT.jar:?]
	at org.apache.hadoop.ozone.protocolPB.OzoneManagerRequestHandler.handleWriteRequest(OzoneManagerRequestHandler.java:304) ~[ozone-manager-1.3.0-SNAPSHOT.jar:?]
	at org.apache.hadoop.ozone.protocolPB.OzoneManagerProtocolServerSideTranslatorPB.submitRequestDirectlyToOM(OzoneManagerProtocolServerSideTranslatorPB.java:282) ~[ozone-manager-1.3.0-SNAPSHOT.jar:?]
	at org.apache.hadoop.ozone.protocolPB.OzoneManagerProtocolServerSideTranslatorPB.processRequest(OzoneManagerProtocolServerSideTranslatorPB.java:205) ~[ozone-manager-1.3.0-SNAPSHOT.jar:?]
	at org.apache.hadoop.hdds.server.OzoneProtocolMessageDispatcher.processRequest(OzoneProtocolMessageDispatcher.java:87) [hdds-server-framework-1.3.0-SNAPSHOT.jar:?]
	at org.apache.hadoop.ozone.protocolPB.OzoneManagerProtocolServerSideTranslatorPB.submitRequest(OzoneManagerProtocolServerSideTranslatorPB.java:147) [ozone-manager-1.3.0-SNAPSHOT.jar:?]
	at org.apache.hadoop.ozone.protocol.proto.OzoneManagerProtocolProtos$OzoneManagerService$2.callBlockingMethod(OzoneManagerProtocolProtos.java) [ozone-interface-client-1.3.0-SNAPSHOT.jar:?]
	at org.apache.hadoop.ipc.ProtobufRpcEngine$Server.processCall(ProtobufRpcEngine.java:466) [hadoop-common-3.3.1.jar:?]
	at org.apache.hadoop.ipc.ProtobufRpcEngine2$Server$ProtoBufRpcInvoker.call(ProtobufRpcEngine2.java:574) [hadoop-common-3.3.1.jar:?]
	at org.apache.hadoop.ipc.ProtobufRpcEngine2$Server$ProtoBufRpcInvoker.call(ProtobufRpcEngine2.java:552) [hadoop-common-3.3.1.jar:?]
	at org.apache.hadoop.ipc.RPC$Server.call(RPC.java:1093) [hadoop-common-3.3.1.jar:?]
	at org.apache.hadoop.ipc.Server$RpcCall.run(Server.java:1035) [hadoop-common-3.3.1.jar:?]
	at org.apache.hadoop.ipc.Server$RpcCall.run(Server.java:963) [hadoop-common-3.3.1.jar:?]
	at java.security.AccessController.doPrivileged(Native Method) ~[?:1.8.0_345]
	at javax.security.auth.Subject.doAs(Subject.java:422) [?:1.8.0_345]
	at org.apache.hadoop.security.UserGroupInformation.doAs(UserGroupInformation.java:1878) [hadoop-common-3.3.1.jar:?]
	at org.apache.hadoop.ipc.Server$Handler.run(Server.java:2966) [hadoop-common-3.3.1.jar:?]
2022-10-10 08:42:33,280 [IPC Server handler 7 on default port 37485] ERROR file.OMFileCreateRequest (OMFileCreateRequest.java:validateAndUpdateCache(337)) - File create failed. Volume:volume23299, Bucket:bucket63939, Keyd1/d2/d3/d4/key2.
NOT_A_FILE org.apache.hadoop.ozone.om.exceptions.OMException: Can not write to directory: d1/d2/d3/d4/key2
	at org.apache.hadoop.ozone.om.request.file.OMFileCreateRequest.checkDirectoryResult(OMFileCreateRequest.java:364)
	at org.apache.hadoop.ozone.om.request.file.OMFileCreateRequest.validateAndUpdateCache(OMFileCreateRequest.java:240)
	at org.apache.hadoop.ozone.protocolPB.OzoneManagerRequestHandler.handleWriteRequest(OzoneManagerRequestHandler.java:304)
	at org.apache.hadoop.ozone.protocolPB.OzoneManagerProtocolServerSideTranslatorPB.submitRequestDirectlyToOM(OzoneManagerProtocolServerSideTranslatorPB.java:282)
	at org.apache.hadoop.ozone.protocolPB.OzoneManagerProtocolServerSideTranslatorPB.processRequest(OzoneManagerProtocolServerSideTranslatorPB.java:205)
	at org.apache.hadoop.hdds.server.OzoneProtocolMessageDispatcher.processRequest(OzoneProtocolMessageDispatcher.java:87)
	at org.apache.hadoop.ozone.protocolPB.OzoneManagerProtocolServerSideTranslatorPB.submitRequest(OzoneManagerProtocolServerSideTranslatorPB.java:147)
	at org.apache.hadoop.ozone.protocol.proto.OzoneManagerProtocolProtos$OzoneManagerService$2.callBlockingMethod(OzoneManagerProtocolProtos.java)
	at org.apache.hadoop.ipc.ProtobufRpcEngine$Server.processCall(ProtobufRpcEngine.java:466)
	at org.apache.hadoop.ipc.ProtobufRpcEngine2$Server$ProtoBufRpcInvoker.call(ProtobufRpcEngine2.java:574)
	at org.apache.hadoop.ipc.ProtobufRpcEngine2$Server$ProtoBufRpcInvoker.call(ProtobufRpcEngine2.java:552)
	at org.apache.hadoop.ipc.RPC$Server.call(RPC.java:1093)
	at org.apache.hadoop.ipc.Server$RpcCall.run(Server.java:1035)
	at org.apache.hadoop.ipc.Server$RpcCall.run(Server.java:963)
	at java.security.AccessController.doPrivileged(Native Method)
	at javax.security.auth.Subject.doAs(Subject.java:422)
	at org.apache.hadoop.security.UserGroupInformation.doAs(UserGroupInformation.java:1878)
	at org.apache.hadoop.ipc.Server$Handler.run(Server.java:2966)
08:42:33.296 [IPC Server handler 15 on default port 37485] ERROR OMAudit - user=runner | ip=127.0.0.1 | op=CREATE_DIRECTORY {volume=volume23299, bucket=bucket63939, key=d1/d2/d3/d4/key3, dataSize=0, replicationType=NONE, replicationFactor=ZERO} | ret=FAILURE
org.apache.hadoop.ozone.om.exceptions.OMException: Unable to create directory: d1/d2/d3/d4/key3 in volume/bucket: volume23299/bucket63939
	at org.apache.hadoop.ozone.om.request.file.OMDirectoryCreateRequest.validateAndUpdateCache(OMDirectoryCreateRequest.java:198) ~[ozone-manager-1.3.0-SNAPSHOT.jar:?]
	at org.apache.hadoop.ozone.protocolPB.OzoneManagerRequestHandler.handleWriteRequest(OzoneManagerRequestHandler.java:304) ~[ozone-manager-1.3.0-SNAPSHOT.jar:?]
	at org.apache.hadoop.ozone.protocolPB.OzoneManagerProtocolServerSideTranslatorPB.submitRequestDirectlyToOM(OzoneManagerProtocolServerSideTranslatorPB.java:282) ~[ozone-manager-1.3.0-SNAPSHOT.jar:?]
	at org.apache.hadoop.ozone.protocolPB.OzoneManagerProtocolServerSideTranslatorPB.processRequest(OzoneManagerProtocolServerSideTranslatorPB.java:205) ~[ozone-manager-1.3.0-SNAPSHOT.jar:?]
	at org.apache.hadoop.hdds.server.OzoneProtocolMessageDispatcher.processRequest(OzoneProtocolMessageDispatcher.java:87) [hdds-server-framework-1.3.0-SNAPSHOT.jar:?]
	at org.apache.hadoop.ozone.protocolPB.OzoneManagerProtocolServerSideTranslatorPB.submitRequest(OzoneManagerProtocolServerSideTranslatorPB.java:147) [ozone-manager-1.3.0-SNAPSHOT.jar:?]
	at org.apache.hadoop.ozone.protocol.proto.OzoneManagerProtocolProtos$OzoneManagerService$2.callBlockingMethod(OzoneManagerProtocolProtos.java) [ozone-interface-client-1.3.0-SNAPSHOT.jar:?]
	at org.apache.hadoop.ipc.ProtobufRpcEngine$Server.processCall(ProtobufRpcEngine.java:466) [hadoop-common-3.3.1.jar:?]
	at org.apache.hadoop.ipc.ProtobufRpcEngine2$Server$ProtoBufRpcInvoker.call(ProtobufRpcEngine2.java:574) [hadoop-common-3.3.1.jar:?]
	at org.apache.hadoop.ipc.ProtobufRpcEngine2$Server$ProtoBufRpcInvoker.call(ProtobufRpcEngine2.java:552) [hadoop-common-3.3.1.jar:?]
	at org.apache.hadoop.ipc.RPC$Server.call(RPC.java:1093) [hadoop-common-3.3.1.jar:?]
	at org.apache.hadoop.ipc.Server$RpcCall.run(Server.java:1035) [hadoop-common-3.3.1.jar:?]
	at org.apache.hadoop.ipc.Server$RpcCall.run(Server.java:963) [hadoop-common-3.3.1.jar:?]
	at java.security.AccessController.doPrivileged(Native Method) ~[?:1.8.0_345]
	at javax.security.auth.Subject.doAs(Subject.java:422) [?:1.8.0_345]
	at org.apache.hadoop.security.UserGroupInformation.doAs(UserGroupInformation.java:1878) [hadoop-common-3.3.1.jar:?]
	at org.apache.hadoop.ipc.Server$Handler.run(Server.java:2966) [hadoop-common-3.3.1.jar:?]
2022-10-10 08:42:33,297 [IPC Server handler 15 on default port 37485] ERROR file.OMDirectoryCreateRequest (OMDirectoryCreateRequest.java:logResult(331)) - Directory creation failed. Volume:volume23299, Bucket:bucket63939, Keyd1/d2/d3/d4/key3. Exception:{}
FILE_ALREADY_EXISTS org.apache.hadoop.ozone.om.exceptions.OMException: Unable to create directory: d1/d2/d3/d4/key3 in volume/bucket: volume23299/bucket63939
	at org.apache.hadoop.ozone.om.request.file.OMDirectoryCreateRequest.validateAndUpdateCache(OMDirectoryCreateRequest.java:198)
	at org.apache.hadoop.ozone.protocolPB.OzoneManagerRequestHandler.handleWriteRequest(OzoneManagerRequestHandler.java:304)
	at org.apache.hadoop.ozone.protocolPB.OzoneManagerProtocolServerSideTranslatorPB.submitRequestDirectlyToOM(OzoneManagerProtocolServerSideTranslatorPB.java:282)
	at org.apache.hadoop.ozone.protocolPB.OzoneManagerProtocolServerSideTranslatorPB.processRequest(OzoneManagerProtocolServerSideTranslatorPB.java:205)
	at org.apache.hadoop.hdds.server.OzoneProtocolMessageDispatcher.processRequest(OzoneProtocolMessageDispatcher.java:87)
	at org.apache.hadoop.ozone.protocolPB.OzoneManagerProtocolServerSideTranslatorPB.submitRequest(OzoneManagerProtocolServerSideTranslatorPB.java:147)
	at org.apache.hadoop.ozone.protocol.proto.OzoneManagerProtocolProtos$OzoneManagerService$2.callBlockingMethod(OzoneManagerProtocolProtos.java)
	at org.apache.hadoop.ipc.ProtobufRpcEngine$Server.processCall(ProtobufRpcEngine.java:466)
	at org.apache.hadoop.ipc.ProtobufRpcEngine2$Server$ProtoBufRpcInvoker.call(ProtobufRpcEngine2.java:574)
	at org.apache.hadoop.ipc.ProtobufRpcEngine2$Server$ProtoBufRpcInvoker.call(ProtobufRpcEngine2.java:552)
	at org.apache.hadoop.ipc.RPC$Server.call(RPC.java:1093)
	at org.apache.hadoop.ipc.Server$RpcCall.run(Server.java:1035)
	at org.apache.hadoop.ipc.Server$RpcCall.run(Server.java:963)
	at java.security.AccessController.doPrivileged(Native Method)
	at javax.security.auth.Subject.doAs(Subject.java:422)
	at org.apache.hadoop.security.UserGroupInformation.doAs(UserGroupInformation.java:1878)
	at org.apache.hadoop.ipc.Server$Handler.run(Server.java:2966)
08:42:33.300 [IPC Server handler 13 on default port 37485] ERROR OMAudit - user=runner | ip=127.0.0.1 | op=CREATE_FILE {volume=volume23299, bucket=bucket63939, key=d1/d2/d3, dataSize=4194304, replicationType=RATIS, replicationFactor=THREE} | ret=FAILURE
org.apache.hadoop.ozone.om.exceptions.OMException: Can not write to directory: d1/d2/d3
	at org.apache.hadoop.ozone.om.request.file.OMFileCreateRequest.checkDirectoryResult(OMFileCreateRequest.java:364) ~[ozone-manager-1.3.0-SNAPSHOT.jar:?]
	at org.apache.hadoop.ozone.om.request.file.OMFileCreateRequest.validateAndUpdateCache(OMFileCreateRequest.java:240) ~[ozone-manager-1.3.0-SNAPSHOT.jar:?]
	at org.apache.hadoop.ozone.protocolPB.OzoneManagerRequestHandler.handleWriteRequest(OzoneManagerRequestHandler.java:304) ~[ozone-manager-1.3.0-SNAPSHOT.jar:?]
	at org.apache.hadoop.ozone.protocolPB.OzoneManagerProtocolServerSideTranslatorPB.submitRequestDirectlyToOM(OzoneManagerProtocolServerSideTranslatorPB.java:282) ~[ozone-manager-1.3.0-SNAPSHOT.jar:?]
	at org.apache.hadoop.ozone.protocolPB.OzoneManagerProtocolServerSideTranslatorPB.processRequest(OzoneManagerProtocolServerSideTranslatorPB.java:205) ~[ozone-manager-1.3.0-SNAPSHOT.jar:?]
	at org.apache.hadoop.hdds.server.OzoneProtocolMessageDispatcher.processRequest(OzoneProtocolMessageDispatcher.java:87) [hdds-server-framework-1.3.0-SNAPSHOT.jar:?]
	at org.apache.hadoop.ozone.protocolPB.OzoneManagerProtocolServerSideTranslatorPB.submitRequest(OzoneManagerProtocolServerSideTranslatorPB.java:147) [ozone-manager-1.3.0-SNAPSHOT.jar:?]
	at org.apache.hadoop.ozone.protocol.proto.OzoneManagerProtocolProtos$OzoneManagerService$2.callBlockingMethod(OzoneManagerProtocolProtos.java) [ozone-interface-client-1.3.0-SNAPSHOT.jar:?]
	at org.apache.hadoop.ipc.ProtobufRpcEngine$Server.processCall(ProtobufRpcEngine.java:466) [hadoop-common-3.3.1.jar:?]
	at org.apache.hadoop.ipc.ProtobufRpcEngine2$Server$ProtoBufRpcInvoker.call(ProtobufRpcEngine2.java:574) [hadoop-common-3.3.1.jar:?]
	at org.apache.hadoop.ipc.ProtobufRpcEngine2$Server$ProtoBufRpcInvoker.call(ProtobufRpcEngine2.java:552) [hadoop-common-3.3.1.jar:?]
	at org.apache.hadoop.ipc.RPC$Server.call(RPC.java:1093) [hadoop-common-3.3.1.jar:?]
	at org.apache.hadoop.ipc.Server$RpcCall.run(Server.java:1035) [hadoop-common-3.3.1.jar:?]
	at org.apache.hadoop.ipc.Server$RpcCall.run(Server.java:963) [hadoop-common-3.3.1.jar:?]
	at java.security.AccessController.doPrivileged(Native Method) ~[?:1.8.0_345]
	at javax.security.auth.Subject.doAs(Subject.java:422) [?:1.8.0_345]
	at org.apache.hadoop.security.UserGroupInformation.doAs(UserGroupInformation.java:1878) [hadoop-common-3.3.1.jar:?]
	at org.apache.hadoop.ipc.Server$Handler.run(Server.java:2966) [hadoop-common-3.3.1.jar:?]
2022-10-10 08:42:33,300 [IPC Server handler 13 on default port 37485] ERROR file.OMFileCreateRequest (OMFileCreateRequest.java:validateAndUpdateCache(337)) - File create failed. Volume:volume23299, Bucket:bucket63939, Keyd1/d2/d3.
NOT_A_FILE org.apache.hadoop.ozone.om.exceptions.OMException: Can not write to directory: d1/d2/d3
	at org.apache.hadoop.ozone.om.request.file.OMFileCreateRequest.checkDirectoryResult(OMFileCreateRequest.java:364)
	at org.apache.hadoop.ozone.om.request.file.OMFileCreateRequest.validateAndUpdateCache(OMFileCreateRequest.java:240)
	at org.apache.hadoop.ozone.protocolPB.OzoneManagerRequestHandler.handleWriteRequest(OzoneManagerRequestHandler.java:304)
	at org.apache.hadoop.ozone.protocolPB.OzoneManagerProtocolServerSideTranslatorPB.submitRequestDirectlyToOM(OzoneManagerProtocolServerSideTranslatorPB.java:282)
	at org.apache.hadoop.ozone.protocolPB.OzoneManagerProtocolServerSideTranslatorPB.processRequest(OzoneManagerProtocolServerSideTranslatorPB.java:205)
	at org.apache.hadoop.hdds.server.OzoneProtocolMessageDispatcher.processRequest(OzoneProtocolMessageDispatcher.java:87)
	at org.apache.hadoop.ozone.protocolPB.OzoneManagerProtocolServerSideTranslatorPB.submitRequest(OzoneManagerProtocolServerSideTranslatorPB.java:147)
	at org.apache.hadoop.ozone.protocol.proto.OzoneManagerProtocolProtos$OzoneManagerService$2.callBlockingMethod(OzoneManagerProtocolProtos.java)
	at org.apache.hadoop.ipc.ProtobufRpcEngine$Server.processCall(ProtobufRpcEngine.java:466)
	at org.apache.hadoop.ipc.ProtobufRpcEngine2$Server$ProtoBufRpcInvoker.call(ProtobufRpcEngine2.java:574)
	at org.apache.hadoop.ipc.ProtobufRpcEngine2$Server$ProtoBufRpcInvoker.call(ProtobufRpcEngine2.java:552)
	at org.apache.hadoop.ipc.RPC$Server.call(RPC.java:1093)
	at org.apache.hadoop.ipc.Server$RpcCall.run(Server.java:1035)
	at org.apache.hadoop.ipc.Server$RpcCall.run(Server.java:963)
	at java.security.AccessController.doPrivileged(Native Method)
	at javax.security.auth.Subject.doAs(Subject.java:422)
	at org.apache.hadoop.security.UserGroupInformation.doAs(UserGroupInformation.java:1878)
	at org.apache.hadoop.ipc.Server$Handler.run(Server.java:2966)
08:42:33.303 [IPC Server handler 14 on default port 37485] ERROR OMAudit - user=runner | ip=127.0.0.1 | op=GET_FILE_STATUS {volume=volume23299, bucket=bucket63939, key=d1/d2/d3/d4/key3/invalid, dataSize=0, replicationConfig=null} | ret=FAILURE
org.apache.hadoop.ozone.om.exceptions.OMException: Unable to get file status: volume: volume23299 bucket: bucket63939 key: d1/d2/d3/d4/key3/invalid
	at org.apache.hadoop.ozone.om.KeyManagerImpl.getOzoneFileStatus(KeyManagerImpl.java:1270) ~[ozone-manager-1.3.0-SNAPSHOT.jar:?]
	at org.apache.hadoop.ozone.om.KeyManagerImpl.getFileStatus(KeyManagerImpl.java:1200) ~[ozone-manager-1.3.0-SNAPSHOT.jar:?]
	at org.apache.hadoop.ozone.om.OzoneManager.getFileStatus(OzoneManager.java:3507) ~[ozone-manager-1.3.0-SNAPSHOT.jar:?]
	at org.apache.hadoop.ozone.protocolPB.OzoneManagerRequestHandler.getOzoneFileStatus(OzoneManagerRequestHandler.java:882) ~[ozone-manager-1.3.0-SNAPSHOT.jar:?]
	at org.apache.hadoop.ozone.protocolPB.OzoneManagerRequestHandler.handleReadRequest(OzoneManagerRequestHandler.java:228) ~[ozone-manager-1.3.0-SNAPSHOT.jar:?]
	at org.apache.hadoop.ozone.protocolPB.OzoneManagerProtocolServerSideTranslatorPB.submitRequestDirectlyToOM(OzoneManagerProtocolServerSideTranslatorPB.java:276) ~[ozone-manager-1.3.0-SNAPSHOT.jar:?]
	at org.apache.hadoop.ozone.protocolPB.OzoneManagerProtocolServerSideTranslatorPB.processRequest(OzoneManagerProtocolServerSideTranslatorPB.java:205) ~[ozone-manager-1.3.0-SNAPSHOT.jar:?]
	at org.apache.hadoop.hdds.server.OzoneProtocolMessageDispatcher.processRequest(OzoneProtocolMessageDispatcher.java:87) [hdds-server-framework-1.3.0-SNAPSHOT.jar:?]
	at org.apache.hadoop.ozone.protocolPB.OzoneManagerProtocolServerSideTranslatorPB.submitRequest(OzoneManagerProtocolServerSideTranslatorPB.java:147) [ozone-manager-1.3.0-SNAPSHOT.jar:?]
	at org.apache.hadoop.ozone.protocol.proto.OzoneManagerProtocolProtos$OzoneManagerService$2.callBlockingMethod(OzoneManagerProtocolProtos.java) [ozone-interface-client-1.3.0-SNAPSHOT.jar:?]
	at org.apache.hadoop.ipc.ProtobufRpcEngine$Server.processCall(ProtobufRpcEngine.java:466) [hadoop-common-3.3.1.jar:?]
	at org.apache.hadoop.ipc.ProtobufRpcEngine2$Server$ProtoBufRpcInvoker.call(ProtobufRpcEngine2.java:574) [hadoop-common-3.3.1.jar:?]
	at org.apache.hadoop.ipc.ProtobufRpcEngine2$Server$ProtoBufRpcInvoker.call(ProtobufRpcEngine2.java:552) [hadoop-common-3.3.1.jar:?]
	at org.apache.hadoop.ipc.RPC$Server.call(RPC.java:1093) [hadoop-common-3.3.1.jar:?]
	at org.apache.hadoop.ipc.Server$RpcCall.run(Server.java:1035) [hadoop-common-3.3.1.jar:?]
	at org.apache.hadoop.ipc.Server$RpcCall.run(Server.java:963) [hadoop-common-3.3.1.jar:?]
	at java.security.AccessController.doPrivileged(Native Method) ~[?:1.8.0_345]
	at javax.security.auth.Subject.doAs(Subject.java:422) [?:1.8.0_345]
	at org.apache.hadoop.security.UserGroupInformation.doAs(UserGroupInformation.java:1878) [hadoop-common-3.3.1.jar:?]
	at org.apache.hadoop.ipc.Server$Handler.run(Server.java:2966) [hadoop-common-3.3.1.jar:?]
2022-10-10 08:42:33,303 [Time-limited test] WARN  ozone.BasicOzoneFileSystem (BasicOzoneFileSystem.java:getFileStatus(765)) - GetFileStatus failed for path /d1/d2/d3/d4/key3/invalid
java.io.FileNotFoundException: d1/d2/d3/d4/key3/invalid: No such file or directory!
	at org.apache.hadoop.fs.ozone.BasicOzoneClientAdapterImpl.getFileStatus(BasicOzoneClientAdapterImpl.java:369)
	at org.apache.hadoop.fs.ozone.BasicOzoneFileSystem.getFileStatus(BasicOzoneFileSystem.java:757)
	at org.apache.hadoop.fs.ozone.TestOzoneFileSystem.testCreateFileShouldCheckExistenceOfDirWithSameName(TestOzoneFileSystem.java:301)
	at sun.reflect.NativeMethodAccessorImpl.invoke0(Native Method)
	at sun.reflect.NativeMethodAccessorImpl.invoke(NativeMethodAccessorImpl.java:62)
	at sun.reflect.DelegatingMethodAccessorImpl.invoke(DelegatingMethodAccessorImpl.java:43)
	at java.lang.reflect.Method.invoke(Method.java:498)
	at org.junit.runners.model.FrameworkMethod$1.runReflectiveCall(FrameworkMethod.java:59)
	at org.junit.internal.runners.model.ReflectiveCallable.run(ReflectiveCallable.java:12)
	at org.junit.runners.model.FrameworkMethod.invokeExplosively(FrameworkMethod.java:56)
	at org.junit.internal.runners.statements.InvokeMethod.evaluate(InvokeMethod.java:17)
	at org.junit.internal.runners.statements.RunAfters.evaluate(RunAfters.java:27)
	at org.junit.internal.runners.statements.FailOnTimeout$CallableStatement.call(FailOnTimeout.java:288)
	at org.junit.internal.runners.statements.FailOnTimeout$CallableStatement.call(FailOnTimeout.java:282)
	at java.util.concurrent.FutureTask.run(FutureTask.java:266)
	at java.lang.Thread.run(Thread.java:750)
08:42:33.306 [IPC Server handler 9 on default port 37485] ERROR OMAudit - user=runner | ip=127.0.0.1 | op=GET_FILE_STATUS {volume=volume23299, bucket=bucket63939, key=d1/d2/d3/d4/invalidkey, dataSize=0, replicationConfig=null} | ret=FAILURE
org.apache.hadoop.ozone.om.exceptions.OMException: Unable to get file status: volume: volume23299 bucket: bucket63939 key: d1/d2/d3/d4/invalidkey
	at org.apache.hadoop.ozone.om.KeyManagerImpl.getOzoneFileStatus(KeyManagerImpl.java:1270) ~[ozone-manager-1.3.0-SNAPSHOT.jar:?]
	at org.apache.hadoop.ozone.om.KeyManagerImpl.getFileStatus(KeyManagerImpl.java:1200) ~[ozone-manager-1.3.0-SNAPSHOT.jar:?]
	at org.apache.hadoop.ozone.om.OzoneManager.getFileStatus(OzoneManager.java:3507) ~[ozone-manager-1.3.0-SNAPSHOT.jar:?]
	at org.apache.hadoop.ozone.protocolPB.OzoneManagerRequestHandler.getOzoneFileStatus(OzoneManagerRequestHandler.java:882) ~[ozone-manager-1.3.0-SNAPSHOT.jar:?]
	at org.apache.hadoop.ozone.protocolPB.OzoneManagerRequestHandler.handleReadRequest(OzoneManagerRequestHandler.java:228) ~[ozone-manager-1.3.0-SNAPSHOT.jar:?]
	at org.apache.hadoop.ozone.protocolPB.OzoneManagerProtocolServerSideTranslatorPB.submitRequestDirectlyToOM(OzoneManagerProtocolServerSideTranslatorPB.java:276) ~[ozone-manager-1.3.0-SNAPSHOT.jar:?]
	at org.apache.hadoop.ozone.protocolPB.OzoneManagerProtocolServerSideTranslatorPB.processRequest(OzoneManagerProtocolServerSideTranslatorPB.java:205) ~[ozone-manager-1.3.0-SNAPSHOT.jar:?]
	at org.apache.hadoop.hdds.server.OzoneProtocolMessageDispatcher.processRequest(OzoneProtocolMessageDispatcher.java:87) [hdds-server-framework-1.3.0-SNAPSHOT.jar:?]
	at org.apache.hadoop.ozone.protocolPB.OzoneManagerProtocolServerSideTranslatorPB.submitRequest(OzoneManagerProtocolServerSideTranslatorPB.java:147) [ozone-manager-1.3.0-SNAPSHOT.jar:?]
	at org.apache.hadoop.ozone.protocol.proto.OzoneManagerProtocolProtos$OzoneManagerService$2.callBlockingMethod(OzoneManagerProtocolProtos.java) [ozone-interface-client-1.3.0-SNAPSHOT.jar:?]
	at org.apache.hadoop.ipc.ProtobufRpcEngine$Server.processCall(ProtobufRpcEngine.java:466) [hadoop-common-3.3.1.jar:?]
	at org.apache.hadoop.ipc.ProtobufRpcEngine2$Server$ProtoBufRpcInvoker.call(ProtobufRpcEngine2.java:574) [hadoop-common-3.3.1.jar:?]
	at org.apache.hadoop.ipc.ProtobufRpcEngine2$Server$ProtoBufRpcInvoker.call(ProtobufRpcEngine2.java:552) [hadoop-common-3.3.1.jar:?]
	at org.apache.hadoop.ipc.RPC$Server.call(RPC.java:1093) [hadoop-common-3.3.1.jar:?]
	at org.apache.hadoop.ipc.Server$RpcCall.run(Server.java:1035) [hadoop-common-3.3.1.jar:?]
	at org.apache.hadoop.ipc.Server$RpcCall.run(Server.java:963) [hadoop-common-3.3.1.jar:?]
	at java.security.AccessController.doPrivileged(Native Method) ~[?:1.8.0_345]
	at javax.security.auth.Subject.doAs(Subject.java:422) [?:1.8.0_345]
	at org.apache.hadoop.security.UserGroupInformation.doAs(UserGroupInformation.java:1878) [hadoop-common-3.3.1.jar:?]
	at org.apache.hadoop.ipc.Server$Handler.run(Server.java:2966) [hadoop-common-3.3.1.jar:?]
2022-10-10 08:42:33,307 [Time-limited test] WARN  ozone.BasicOzoneFileSystem (BasicOzoneFileSystem.java:getFileStatus(765)) - GetFileStatus failed for path /d1/d2/d3/d4/invalidkey
java.io.FileNotFoundException: d1/d2/d3/d4/invalidkey: No such file or directory!
	at org.apache.hadoop.fs.ozone.BasicOzoneClientAdapterImpl.getFileStatus(BasicOzoneClientAdapterImpl.java:369)
	at org.apache.hadoop.fs.ozone.BasicOzoneFileSystem.getFileStatus(BasicOzoneFileSystem.java:757)
	at org.apache.hadoop.fs.ozone.TestOzoneFileSystem.testCreateFileShouldCheckExistenceOfDirWithSameName(TestOzoneFileSystem.java:308)
	at sun.reflect.NativeMethodAccessorImpl.invoke0(Native Method)
	at sun.reflect.NativeMethodAccessorImpl.invoke(NativeMethodAccessorImpl.java:62)
	at sun.reflect.DelegatingMethodAccessorImpl.invoke(DelegatingMethodAccessorImpl.java:43)
	at java.lang.reflect.Method.invoke(Method.java:498)
	at org.junit.runners.model.FrameworkMethod$1.runReflectiveCall(FrameworkMethod.java:59)
	at org.junit.internal.runners.model.ReflectiveCallable.run(ReflectiveCallable.java:12)
	at org.junit.runners.model.FrameworkMethod.invokeExplosively(FrameworkMethod.java:56)
	at org.junit.internal.runners.statements.InvokeMethod.evaluate(InvokeMethod.java:17)
	at org.junit.internal.runners.statements.RunAfters.evaluate(RunAfters.java:27)
	at org.junit.internal.runners.statements.FailOnTimeout$CallableStatement.call(FailOnTimeout.java:288)
	at org.junit.internal.runners.statements.FailOnTimeout$CallableStatement.call(FailOnTimeout.java:282)
	at java.util.concurrent.FutureTask.run(FutureTask.java:266)
	at java.lang.Thread.run(Thread.java:750)
]]></system-out>
  </testcase>
  <testcase name="testFileDelete" classname="TestOzoneFileSystem" time="0.208">
    <system-out><![CDATA[08:37:03.162 [IPC Server handler 11 on default port 46487] ERROR OMAudit - user=runner | ip=127.0.0.1 | op=GET_FILE_STATUS {volume=volume16396, bucket=bucket39555, key=testBatchDelete, dataSize=0, replicationConfig=null} | ret=FAILURE
org.apache.hadoop.ozone.om.exceptions.OMException: Unable to get file status: volume: volume16396 bucket: bucket39555 key: testBatchDelete
	at org.apache.hadoop.ozone.om.KeyManagerImpl.getOzoneFileStatus(KeyManagerImpl.java:1270) ~[ozone-manager-1.3.0-SNAPSHOT.jar:?]
	at org.apache.hadoop.ozone.om.KeyManagerImpl.getFileStatus(KeyManagerImpl.java:1200) ~[ozone-manager-1.3.0-SNAPSHOT.jar:?]
	at org.apache.hadoop.ozone.om.OzoneManager.getFileStatus(OzoneManager.java:3507) ~[ozone-manager-1.3.0-SNAPSHOT.jar:?]
	at org.apache.hadoop.ozone.protocolPB.OzoneManagerRequestHandler.getOzoneFileStatus(OzoneManagerRequestHandler.java:882) ~[ozone-manager-1.3.0-SNAPSHOT.jar:?]
	at org.apache.hadoop.ozone.protocolPB.OzoneManagerRequestHandler.handleReadRequest(OzoneManagerRequestHandler.java:228) ~[ozone-manager-1.3.0-SNAPSHOT.jar:?]
	at org.apache.hadoop.ozone.protocolPB.OzoneManagerProtocolServerSideTranslatorPB.submitReadRequestToOM(OzoneManagerProtocolServerSideTranslatorPB.java:226) ~[ozone-manager-1.3.0-SNAPSHOT.jar:?]
	at org.apache.hadoop.ozone.protocolPB.OzoneManagerProtocolServerSideTranslatorPB.processRequest(OzoneManagerProtocolServerSideTranslatorPB.java:175) ~[ozone-manager-1.3.0-SNAPSHOT.jar:?]
	at org.apache.hadoop.hdds.server.OzoneProtocolMessageDispatcher.processRequest(OzoneProtocolMessageDispatcher.java:87) [hdds-server-framework-1.3.0-SNAPSHOT.jar:?]
	at org.apache.hadoop.ozone.protocolPB.OzoneManagerProtocolServerSideTranslatorPB.submitRequest(OzoneManagerProtocolServerSideTranslatorPB.java:147) [ozone-manager-1.3.0-SNAPSHOT.jar:?]
	at org.apache.hadoop.ozone.protocol.proto.OzoneManagerProtocolProtos$OzoneManagerService$2.callBlockingMethod(OzoneManagerProtocolProtos.java) [ozone-interface-client-1.3.0-SNAPSHOT.jar:?]
	at org.apache.hadoop.ipc.ProtobufRpcEngine$Server.processCall(ProtobufRpcEngine.java:466) [hadoop-common-3.3.1.jar:?]
	at org.apache.hadoop.ipc.ProtobufRpcEngine2$Server$ProtoBufRpcInvoker.call(ProtobufRpcEngine2.java:574) [hadoop-common-3.3.1.jar:?]
	at org.apache.hadoop.ipc.ProtobufRpcEngine2$Server$ProtoBufRpcInvoker.call(ProtobufRpcEngine2.java:552) [hadoop-common-3.3.1.jar:?]
	at org.apache.hadoop.ipc.RPC$Server.call(RPC.java:1093) [hadoop-common-3.3.1.jar:?]
	at org.apache.hadoop.ipc.Server$RpcCall.run(Server.java:1035) [hadoop-common-3.3.1.jar:?]
	at org.apache.hadoop.ipc.Server$RpcCall.run(Server.java:963) [hadoop-common-3.3.1.jar:?]
	at java.security.AccessController.doPrivileged(Native Method) ~[?:1.8.0_345]
	at javax.security.auth.Subject.doAs(Subject.java:422) [?:1.8.0_345]
	at org.apache.hadoop.security.UserGroupInformation.doAs(UserGroupInformation.java:1878) [hadoop-common-3.3.1.jar:?]
	at org.apache.hadoop.ipc.Server$Handler.run(Server.java:2966) [hadoop-common-3.3.1.jar:?]
2022-10-10 08:37:03,163 [Time-limited test] WARN  ozone.BasicOzoneFileSystem (BasicOzoneFileSystem.java:getFileStatus(765)) - GetFileStatus failed for path /testBatchDelete
java.io.FileNotFoundException: testBatchDelete: No such file or directory!
	at org.apache.hadoop.fs.ozone.BasicOzoneClientAdapterImpl.getFileStatus(BasicOzoneClientAdapterImpl.java:369)
	at org.apache.hadoop.fs.ozone.BasicOzoneFileSystem.getFileStatus(BasicOzoneFileSystem.java:757)
	at org.apache.hadoop.fs.FileSystem.exists(FileSystem.java:1760)
	at org.apache.hadoop.fs.ozone.BasicOzoneFileSystem.exists(BasicOzoneFileSystem.java:804)
	at org.apache.hadoop.fs.ozone.TestOzoneFileSystem.testFileDelete(TestOzoneFileSystem.java:530)
	at sun.reflect.NativeMethodAccessorImpl.invoke0(Native Method)
	at sun.reflect.NativeMethodAccessorImpl.invoke(NativeMethodAccessorImpl.java:62)
	at sun.reflect.DelegatingMethodAccessorImpl.invoke(DelegatingMethodAccessorImpl.java:43)
	at java.lang.reflect.Method.invoke(Method.java:498)
	at org.junit.runners.model.FrameworkMethod$1.runReflectiveCall(FrameworkMethod.java:59)
	at org.junit.internal.runners.model.ReflectiveCallable.run(ReflectiveCallable.java:12)
	at org.junit.runners.model.FrameworkMethod.invokeExplosively(FrameworkMethod.java:56)
	at org.junit.internal.runners.statements.InvokeMethod.evaluate(InvokeMethod.java:17)
	at org.junit.internal.runners.statements.RunAfters.evaluate(RunAfters.java:27)
	at org.junit.internal.runners.statements.FailOnTimeout$CallableStatement.call(FailOnTimeout.java:288)
	at org.junit.internal.runners.statements.FailOnTimeout$CallableStatement.call(FailOnTimeout.java:282)
	at java.util.concurrent.FutureTask.run(FutureTask.java:266)
	at java.lang.Thread.run(Thread.java:750)
08:37:03.163 [IPC Server handler 14 on default port 46487] ERROR OMAudit - user=runner | ip=127.0.0.1 | op=GET_FILE_STATUS {volume=volume16396, bucket=bucket39555, key=testBatchDelete/parent/child0, dataSize=0, replicationConfig=null} | ret=FAILURE
org.apache.hadoop.ozone.om.exceptions.OMException: Unable to get file status: volume: volume16396 bucket: bucket39555 key: testBatchDelete/parent/child0
	at org.apache.hadoop.ozone.om.KeyManagerImpl.getOzoneFileStatus(KeyManagerImpl.java:1270) ~[ozone-manager-1.3.0-SNAPSHOT.jar:?]
	at org.apache.hadoop.ozone.om.KeyManagerImpl.getFileStatus(KeyManagerImpl.java:1200) ~[ozone-manager-1.3.0-SNAPSHOT.jar:?]
	at org.apache.hadoop.ozone.om.OzoneManager.getFileStatus(OzoneManager.java:3507) ~[ozone-manager-1.3.0-SNAPSHOT.jar:?]
	at org.apache.hadoop.ozone.protocolPB.OzoneManagerRequestHandler.getOzoneFileStatus(OzoneManagerRequestHandler.java:882) ~[ozone-manager-1.3.0-SNAPSHOT.jar:?]
	at org.apache.hadoop.ozone.protocolPB.OzoneManagerRequestHandler.handleReadRequest(OzoneManagerRequestHandler.java:228) ~[ozone-manager-1.3.0-SNAPSHOT.jar:?]
	at org.apache.hadoop.ozone.protocolPB.OzoneManagerProtocolServerSideTranslatorPB.submitReadRequestToOM(OzoneManagerProtocolServerSideTranslatorPB.java:226) ~[ozone-manager-1.3.0-SNAPSHOT.jar:?]
	at org.apache.hadoop.ozone.protocolPB.OzoneManagerProtocolServerSideTranslatorPB.processRequest(OzoneManagerProtocolServerSideTranslatorPB.java:175) ~[ozone-manager-1.3.0-SNAPSHOT.jar:?]
	at org.apache.hadoop.hdds.server.OzoneProtocolMessageDispatcher.processRequest(OzoneProtocolMessageDispatcher.java:87) [hdds-server-framework-1.3.0-SNAPSHOT.jar:?]
	at org.apache.hadoop.ozone.protocolPB.OzoneManagerProtocolServerSideTranslatorPB.submitRequest(OzoneManagerProtocolServerSideTranslatorPB.java:147) [ozone-manager-1.3.0-SNAPSHOT.jar:?]
	at org.apache.hadoop.ozone.protocol.proto.OzoneManagerProtocolProtos$OzoneManagerService$2.callBlockingMethod(OzoneManagerProtocolProtos.java) [ozone-interface-client-1.3.0-SNAPSHOT.jar:?]
	at org.apache.hadoop.ipc.ProtobufRpcEngine$Server.processCall(ProtobufRpcEngine.java:466) [hadoop-common-3.3.1.jar:?]
	at org.apache.hadoop.ipc.ProtobufRpcEngine2$Server$ProtoBufRpcInvoker.call(ProtobufRpcEngine2.java:574) [hadoop-common-3.3.1.jar:?]
	at org.apache.hadoop.ipc.ProtobufRpcEngine2$Server$ProtoBufRpcInvoker.call(ProtobufRpcEngine2.java:552) [hadoop-common-3.3.1.jar:?]
	at org.apache.hadoop.ipc.RPC$Server.call(RPC.java:1093) [hadoop-common-3.3.1.jar:?]
	at org.apache.hadoop.ipc.Server$RpcCall.run(Server.java:1035) [hadoop-common-3.3.1.jar:?]
	at org.apache.hadoop.ipc.Server$RpcCall.run(Server.java:963) [hadoop-common-3.3.1.jar:?]
	at java.security.AccessController.doPrivileged(Native Method) ~[?:1.8.0_345]
	at javax.security.auth.Subject.doAs(Subject.java:422) [?:1.8.0_345]
	at org.apache.hadoop.security.UserGroupInformation.doAs(UserGroupInformation.java:1878) [hadoop-common-3.3.1.jar:?]
	at org.apache.hadoop.ipc.Server$Handler.run(Server.java:2966) [hadoop-common-3.3.1.jar:?]
2022-10-10 08:37:03,164 [Time-limited test] WARN  ozone.BasicOzoneFileSystem (BasicOzoneFileSystem.java:getFileStatus(765)) - GetFileStatus failed for path /testBatchDelete/parent/child0
java.io.FileNotFoundException: testBatchDelete/parent/child0: No such file or directory!
	at org.apache.hadoop.fs.ozone.BasicOzoneClientAdapterImpl.getFileStatus(BasicOzoneClientAdapterImpl.java:369)
	at org.apache.hadoop.fs.ozone.BasicOzoneFileSystem.getFileStatus(BasicOzoneFileSystem.java:757)
	at org.apache.hadoop.fs.FileSystem.exists(FileSystem.java:1760)
	at org.apache.hadoop.fs.ozone.BasicOzoneFileSystem.exists(BasicOzoneFileSystem.java:804)
	at org.apache.hadoop.fs.ozone.TestOzoneFileSystem.testFileDelete(TestOzoneFileSystem.java:534)
	at sun.reflect.NativeMethodAccessorImpl.invoke0(Native Method)
	at sun.reflect.NativeMethodAccessorImpl.invoke(NativeMethodAccessorImpl.java:62)
	at sun.reflect.DelegatingMethodAccessorImpl.invoke(DelegatingMethodAccessorImpl.java:43)
	at java.lang.reflect.Method.invoke(Method.java:498)
	at org.junit.runners.model.FrameworkMethod$1.runReflectiveCall(FrameworkMethod.java:59)
	at org.junit.internal.runners.model.ReflectiveCallable.run(ReflectiveCallable.java:12)
	at org.junit.runners.model.FrameworkMethod.invokeExplosively(FrameworkMethod.java:56)
	at org.junit.internal.runners.statements.InvokeMethod.evaluate(InvokeMethod.java:17)
	at org.junit.internal.runners.statements.RunAfters.evaluate(RunAfters.java:27)
	at org.junit.internal.runners.statements.FailOnTimeout$CallableStatement.call(FailOnTimeout.java:288)
	at org.junit.internal.runners.statements.FailOnTimeout$CallableStatement.call(FailOnTimeout.java:282)
	at java.util.concurrent.FutureTask.run(FutureTask.java:266)
	at java.lang.Thread.run(Thread.java:750)
08:37:03.165 [IPC Server handler 12 on default port 46487] ERROR OMAudit - user=runner | ip=127.0.0.1 | op=GET_FILE_STATUS {volume=volume16396, bucket=bucket39555, key=testBatchDelete/parent/childFolder/child0, dataSize=0, replicationConfig=null} | ret=FAILURE
org.apache.hadoop.ozone.om.exceptions.OMException: Unable to get file status: volume: volume16396 bucket: bucket39555 key: testBatchDelete/parent/childFolder/child0
	at org.apache.hadoop.ozone.om.KeyManagerImpl.getOzoneFileStatus(KeyManagerImpl.java:1270) ~[ozone-manager-1.3.0-SNAPSHOT.jar:?]
	at org.apache.hadoop.ozone.om.KeyManagerImpl.getFileStatus(KeyManagerImpl.java:1200) ~[ozone-manager-1.3.0-SNAPSHOT.jar:?]
	at org.apache.hadoop.ozone.om.OzoneManager.getFileStatus(OzoneManager.java:3507) ~[ozone-manager-1.3.0-SNAPSHOT.jar:?]
	at org.apache.hadoop.ozone.protocolPB.OzoneManagerRequestHandler.getOzoneFileStatus(OzoneManagerRequestHandler.java:882) ~[ozone-manager-1.3.0-SNAPSHOT.jar:?]
	at org.apache.hadoop.ozone.protocolPB.OzoneManagerRequestHandler.handleReadRequest(OzoneManagerRequestHandler.java:228) ~[ozone-manager-1.3.0-SNAPSHOT.jar:?]
	at org.apache.hadoop.ozone.protocolPB.OzoneManagerProtocolServerSideTranslatorPB.submitReadRequestToOM(OzoneManagerProtocolServerSideTranslatorPB.java:226) ~[ozone-manager-1.3.0-SNAPSHOT.jar:?]
	at org.apache.hadoop.ozone.protocolPB.OzoneManagerProtocolServerSideTranslatorPB.processRequest(OzoneManagerProtocolServerSideTranslatorPB.java:175) ~[ozone-manager-1.3.0-SNAPSHOT.jar:?]
	at org.apache.hadoop.hdds.server.OzoneProtocolMessageDispatcher.processRequest(OzoneProtocolMessageDispatcher.java:87) [hdds-server-framework-1.3.0-SNAPSHOT.jar:?]
	at org.apache.hadoop.ozone.protocolPB.OzoneManagerProtocolServerSideTranslatorPB.submitRequest(OzoneManagerProtocolServerSideTranslatorPB.java:147) [ozone-manager-1.3.0-SNAPSHOT.jar:?]
	at org.apache.hadoop.ozone.protocol.proto.OzoneManagerProtocolProtos$OzoneManagerService$2.callBlockingMethod(OzoneManagerProtocolProtos.java) [ozone-interface-client-1.3.0-SNAPSHOT.jar:?]
	at org.apache.hadoop.ipc.ProtobufRpcEngine$Server.processCall(ProtobufRpcEngine.java:466) [hadoop-common-3.3.1.jar:?]
	at org.apache.hadoop.ipc.ProtobufRpcEngine2$Server$ProtoBufRpcInvoker.call(ProtobufRpcEngine2.java:574) [hadoop-common-3.3.1.jar:?]
	at org.apache.hadoop.ipc.ProtobufRpcEngine2$Server$ProtoBufRpcInvoker.call(ProtobufRpcEngine2.java:552) [hadoop-common-3.3.1.jar:?]
	at org.apache.hadoop.ipc.RPC$Server.call(RPC.java:1093) [hadoop-common-3.3.1.jar:?]
	at org.apache.hadoop.ipc.Server$RpcCall.run(Server.java:1035) [hadoop-common-3.3.1.jar:?]
	at org.apache.hadoop.ipc.Server$RpcCall.run(Server.java:963) [hadoop-common-3.3.1.jar:?]
	at java.security.AccessController.doPrivileged(Native Method) ~[?:1.8.0_345]
	at javax.security.auth.Subject.doAs(Subject.java:422) [?:1.8.0_345]
	at org.apache.hadoop.security.UserGroupInformation.doAs(UserGroupInformation.java:1878) [hadoop-common-3.3.1.jar:?]
	at org.apache.hadoop.ipc.Server$Handler.run(Server.java:2966) [hadoop-common-3.3.1.jar:?]
2022-10-10 08:37:03,165 [Time-limited test] WARN  ozone.BasicOzoneFileSystem (BasicOzoneFileSystem.java:getFileStatus(765)) - GetFileStatus failed for path /testBatchDelete/parent/childFolder/child0
java.io.FileNotFoundException: testBatchDelete/parent/childFolder/child0: No such file or directory!
	at org.apache.hadoop.fs.ozone.BasicOzoneClientAdapterImpl.getFileStatus(BasicOzoneClientAdapterImpl.java:369)
	at org.apache.hadoop.fs.ozone.BasicOzoneFileSystem.getFileStatus(BasicOzoneFileSystem.java:757)
	at org.apache.hadoop.fs.FileSystem.exists(FileSystem.java:1760)
	at org.apache.hadoop.fs.ozone.BasicOzoneFileSystem.exists(BasicOzoneFileSystem.java:804)
	at org.apache.hadoop.fs.ozone.TestOzoneFileSystem.testFileDelete(TestOzoneFileSystem.java:539)
	at sun.reflect.NativeMethodAccessorImpl.invoke0(Native Method)
	at sun.reflect.NativeMethodAccessorImpl.invoke(NativeMethodAccessorImpl.java:62)
	at sun.reflect.DelegatingMethodAccessorImpl.invoke(DelegatingMethodAccessorImpl.java:43)
	at java.lang.reflect.Method.invoke(Method.java:498)
	at org.junit.runners.model.FrameworkMethod$1.runReflectiveCall(FrameworkMethod.java:59)
	at org.junit.internal.runners.model.ReflectiveCallable.run(ReflectiveCallable.java:12)
	at org.junit.runners.model.FrameworkMethod.invokeExplosively(FrameworkMethod.java:56)
	at org.junit.internal.runners.statements.InvokeMethod.evaluate(InvokeMethod.java:17)
	at org.junit.internal.runners.statements.RunAfters.evaluate(RunAfters.java:27)
	at org.junit.internal.runners.statements.FailOnTimeout$CallableStatement.call(FailOnTimeout.java:288)
	at org.junit.internal.runners.statements.FailOnTimeout$CallableStatement.call(FailOnTimeout.java:282)
	at java.util.concurrent.FutureTask.run(FutureTask.java:266)
	at java.lang.Thread.run(Thread.java:750)
08:37:03.166 [IPC Server handler 13 on default port 46487] ERROR OMAudit - user=runner | ip=127.0.0.1 | op=GET_FILE_STATUS {volume=volume16396, bucket=bucket39555, key=testBatchDelete/parent/child1, dataSize=0, replicationConfig=null} | ret=FAILURE
org.apache.hadoop.ozone.om.exceptions.OMException: Unable to get file status: volume: volume16396 bucket: bucket39555 key: testBatchDelete/parent/child1
	at org.apache.hadoop.ozone.om.KeyManagerImpl.getOzoneFileStatus(KeyManagerImpl.java:1270) ~[ozone-manager-1.3.0-SNAPSHOT.jar:?]
	at org.apache.hadoop.ozone.om.KeyManagerImpl.getFileStatus(KeyManagerImpl.java:1200) ~[ozone-manager-1.3.0-SNAPSHOT.jar:?]
	at org.apache.hadoop.ozone.om.OzoneManager.getFileStatus(OzoneManager.java:3507) ~[ozone-manager-1.3.0-SNAPSHOT.jar:?]
	at org.apache.hadoop.ozone.protocolPB.OzoneManagerRequestHandler.getOzoneFileStatus(OzoneManagerRequestHandler.java:882) ~[ozone-manager-1.3.0-SNAPSHOT.jar:?]
	at org.apache.hadoop.ozone.protocolPB.OzoneManagerRequestHandler.handleReadRequest(OzoneManagerRequestHandler.java:228) ~[ozone-manager-1.3.0-SNAPSHOT.jar:?]
	at org.apache.hadoop.ozone.protocolPB.OzoneManagerProtocolServerSideTranslatorPB.submitReadRequestToOM(OzoneManagerProtocolServerSideTranslatorPB.java:226) ~[ozone-manager-1.3.0-SNAPSHOT.jar:?]
	at org.apache.hadoop.ozone.protocolPB.OzoneManagerProtocolServerSideTranslatorPB.processRequest(OzoneManagerProtocolServerSideTranslatorPB.java:175) ~[ozone-manager-1.3.0-SNAPSHOT.jar:?]
	at org.apache.hadoop.hdds.server.OzoneProtocolMessageDispatcher.processRequest(OzoneProtocolMessageDispatcher.java:87) [hdds-server-framework-1.3.0-SNAPSHOT.jar:?]
	at org.apache.hadoop.ozone.protocolPB.OzoneManagerProtocolServerSideTranslatorPB.submitRequest(OzoneManagerProtocolServerSideTranslatorPB.java:147) [ozone-manager-1.3.0-SNAPSHOT.jar:?]
	at org.apache.hadoop.ozone.protocol.proto.OzoneManagerProtocolProtos$OzoneManagerService$2.callBlockingMethod(OzoneManagerProtocolProtos.java) [ozone-interface-client-1.3.0-SNAPSHOT.jar:?]
	at org.apache.hadoop.ipc.ProtobufRpcEngine$Server.processCall(ProtobufRpcEngine.java:466) [hadoop-common-3.3.1.jar:?]
	at org.apache.hadoop.ipc.ProtobufRpcEngine2$Server$ProtoBufRpcInvoker.call(ProtobufRpcEngine2.java:574) [hadoop-common-3.3.1.jar:?]
	at org.apache.hadoop.ipc.ProtobufRpcEngine2$Server$ProtoBufRpcInvoker.call(ProtobufRpcEngine2.java:552) [hadoop-common-3.3.1.jar:?]
	at org.apache.hadoop.ipc.RPC$Server.call(RPC.java:1093) [hadoop-common-3.3.1.jar:?]
	at org.apache.hadoop.ipc.Server$RpcCall.run(Server.java:1035) [hadoop-common-3.3.1.jar:?]
	at org.apache.hadoop.ipc.Server$RpcCall.run(Server.java:963) [hadoop-common-3.3.1.jar:?]
	at java.security.AccessController.doPrivileged(Native Method) ~[?:1.8.0_345]
	at javax.security.auth.Subject.doAs(Subject.java:422) [?:1.8.0_345]
	at org.apache.hadoop.security.UserGroupInformation.doAs(UserGroupInformation.java:1878) [hadoop-common-3.3.1.jar:?]
	at org.apache.hadoop.ipc.Server$Handler.run(Server.java:2966) [hadoop-common-3.3.1.jar:?]
2022-10-10 08:37:03,167 [Time-limited test] WARN  ozone.BasicOzoneFileSystem (BasicOzoneFileSystem.java:getFileStatus(765)) - GetFileStatus failed for path /testBatchDelete/parent/child1
java.io.FileNotFoundException: testBatchDelete/parent/child1: No such file or directory!
	at org.apache.hadoop.fs.ozone.BasicOzoneClientAdapterImpl.getFileStatus(BasicOzoneClientAdapterImpl.java:369)
	at org.apache.hadoop.fs.ozone.BasicOzoneFileSystem.getFileStatus(BasicOzoneFileSystem.java:757)
	at org.apache.hadoop.fs.FileSystem.exists(FileSystem.java:1760)
	at org.apache.hadoop.fs.ozone.BasicOzoneFileSystem.exists(BasicOzoneFileSystem.java:804)
	at org.apache.hadoop.fs.ozone.TestOzoneFileSystem.testFileDelete(TestOzoneFileSystem.java:534)
	at sun.reflect.NativeMethodAccessorImpl.invoke0(Native Method)
	at sun.reflect.NativeMethodAccessorImpl.invoke(NativeMethodAccessorImpl.java:62)
	at sun.reflect.DelegatingMethodAccessorImpl.invoke(DelegatingMethodAccessorImpl.java:43)
	at java.lang.reflect.Method.invoke(Method.java:498)
	at org.junit.runners.model.FrameworkMethod$1.runReflectiveCall(FrameworkMethod.java:59)
	at org.junit.internal.runners.model.ReflectiveCallable.run(ReflectiveCallable.java:12)
	at org.junit.runners.model.FrameworkMethod.invokeExplosively(FrameworkMethod.java:56)
	at org.junit.internal.runners.statements.InvokeMethod.evaluate(InvokeMethod.java:17)
	at org.junit.internal.runners.statements.RunAfters.evaluate(RunAfters.java:27)
	at org.junit.internal.runners.statements.FailOnTimeout$CallableStatement.call(FailOnTimeout.java:288)
	at org.junit.internal.runners.statements.FailOnTimeout$CallableStatement.call(FailOnTimeout.java:282)
	at java.util.concurrent.FutureTask.run(FutureTask.java:266)
	at java.lang.Thread.run(Thread.java:750)
08:37:03.167 [IPC Server handler 16 on default port 46487] ERROR OMAudit - user=runner | ip=127.0.0.1 | op=GET_FILE_STATUS {volume=volume16396, bucket=bucket39555, key=testBatchDelete/parent/childFolder/child1, dataSize=0, replicationConfig=null} | ret=FAILURE
org.apache.hadoop.ozone.om.exceptions.OMException: Unable to get file status: volume: volume16396 bucket: bucket39555 key: testBatchDelete/parent/childFolder/child1
	at org.apache.hadoop.ozone.om.KeyManagerImpl.getOzoneFileStatus(KeyManagerImpl.java:1270) ~[ozone-manager-1.3.0-SNAPSHOT.jar:?]
	at org.apache.hadoop.ozone.om.KeyManagerImpl.getFileStatus(KeyManagerImpl.java:1200) ~[ozone-manager-1.3.0-SNAPSHOT.jar:?]
	at org.apache.hadoop.ozone.om.OzoneManager.getFileStatus(OzoneManager.java:3507) ~[ozone-manager-1.3.0-SNAPSHOT.jar:?]
	at org.apache.hadoop.ozone.protocolPB.OzoneManagerRequestHandler.getOzoneFileStatus(OzoneManagerRequestHandler.java:882) ~[ozone-manager-1.3.0-SNAPSHOT.jar:?]
	at org.apache.hadoop.ozone.protocolPB.OzoneManagerRequestHandler.handleReadRequest(OzoneManagerRequestHandler.java:228) ~[ozone-manager-1.3.0-SNAPSHOT.jar:?]
	at org.apache.hadoop.ozone.protocolPB.OzoneManagerProtocolServerSideTranslatorPB.submitReadRequestToOM(OzoneManagerProtocolServerSideTranslatorPB.java:226) ~[ozone-manager-1.3.0-SNAPSHOT.jar:?]
	at org.apache.hadoop.ozone.protocolPB.OzoneManagerProtocolServerSideTranslatorPB.processRequest(OzoneManagerProtocolServerSideTranslatorPB.java:175) ~[ozone-manager-1.3.0-SNAPSHOT.jar:?]
	at org.apache.hadoop.hdds.server.OzoneProtocolMessageDispatcher.processRequest(OzoneProtocolMessageDispatcher.java:87) [hdds-server-framework-1.3.0-SNAPSHOT.jar:?]
	at org.apache.hadoop.ozone.protocolPB.OzoneManagerProtocolServerSideTranslatorPB.submitRequest(OzoneManagerProtocolServerSideTranslatorPB.java:147) [ozone-manager-1.3.0-SNAPSHOT.jar:?]
	at org.apache.hadoop.ozone.protocol.proto.OzoneManagerProtocolProtos$OzoneManagerService$2.callBlockingMethod(OzoneManagerProtocolProtos.java) [ozone-interface-client-1.3.0-SNAPSHOT.jar:?]
	at org.apache.hadoop.ipc.ProtobufRpcEngine$Server.processCall(ProtobufRpcEngine.java:466) [hadoop-common-3.3.1.jar:?]
	at org.apache.hadoop.ipc.ProtobufRpcEngine2$Server$ProtoBufRpcInvoker.call(ProtobufRpcEngine2.java:574) [hadoop-common-3.3.1.jar:?]
	at org.apache.hadoop.ipc.ProtobufRpcEngine2$Server$ProtoBufRpcInvoker.call(ProtobufRpcEngine2.java:552) [hadoop-common-3.3.1.jar:?]
	at org.apache.hadoop.ipc.RPC$Server.call(RPC.java:1093) [hadoop-common-3.3.1.jar:?]
	at org.apache.hadoop.ipc.Server$RpcCall.run(Server.java:1035) [hadoop-common-3.3.1.jar:?]
	at org.apache.hadoop.ipc.Server$RpcCall.run(Server.java:963) [hadoop-common-3.3.1.jar:?]
	at java.security.AccessController.doPrivileged(Native Method) ~[?:1.8.0_345]
	at javax.security.auth.Subject.doAs(Subject.java:422) [?:1.8.0_345]
	at org.apache.hadoop.security.UserGroupInformation.doAs(UserGroupInformation.java:1878) [hadoop-common-3.3.1.jar:?]
	at org.apache.hadoop.ipc.Server$Handler.run(Server.java:2966) [hadoop-common-3.3.1.jar:?]
2022-10-10 08:37:03,168 [Time-limited test] WARN  ozone.BasicOzoneFileSystem (BasicOzoneFileSystem.java:getFileStatus(765)) - GetFileStatus failed for path /testBatchDelete/parent/childFolder/child1
java.io.FileNotFoundException: testBatchDelete/parent/childFolder/child1: No such file or directory!
	at org.apache.hadoop.fs.ozone.BasicOzoneClientAdapterImpl.getFileStatus(BasicOzoneClientAdapterImpl.java:369)
	at org.apache.hadoop.fs.ozone.BasicOzoneFileSystem.getFileStatus(BasicOzoneFileSystem.java:757)
	at org.apache.hadoop.fs.FileSystem.exists(FileSystem.java:1760)
	at org.apache.hadoop.fs.ozone.BasicOzoneFileSystem.exists(BasicOzoneFileSystem.java:804)
	at org.apache.hadoop.fs.ozone.TestOzoneFileSystem.testFileDelete(TestOzoneFileSystem.java:539)
	at sun.reflect.NativeMethodAccessorImpl.invoke0(Native Method)
	at sun.reflect.NativeMethodAccessorImpl.invoke(NativeMethodAccessorImpl.java:62)
	at sun.reflect.DelegatingMethodAccessorImpl.invoke(DelegatingMethodAccessorImpl.java:43)
	at java.lang.reflect.Method.invoke(Method.java:498)
	at org.junit.runners.model.FrameworkMethod$1.runReflectiveCall(FrameworkMethod.java:59)
	at org.junit.internal.runners.model.ReflectiveCallable.run(ReflectiveCallable.java:12)
	at org.junit.runners.model.FrameworkMethod.invokeExplosively(FrameworkMethod.java:56)
	at org.junit.internal.runners.statements.InvokeMethod.evaluate(InvokeMethod.java:17)
	at org.junit.internal.runners.statements.RunAfters.evaluate(RunAfters.java:27)
	at org.junit.internal.runners.statements.FailOnTimeout$CallableStatement.call(FailOnTimeout.java:288)
	at org.junit.internal.runners.statements.FailOnTimeout$CallableStatement.call(FailOnTimeout.java:282)
	at java.util.concurrent.FutureTask.run(FutureTask.java:266)
	at java.lang.Thread.run(Thread.java:750)
08:37:03.170 [IPC Server handler 17 on default port 46487] ERROR OMAudit - user=runner | ip=127.0.0.1 | op=GET_FILE_STATUS {volume=volume16396, bucket=bucket39555, key=testBatchDelete/parent/child2, dataSize=0, replicationConfig=null} | ret=FAILURE
org.apache.hadoop.ozone.om.exceptions.OMException: Unable to get file status: volume: volume16396 bucket: bucket39555 key: testBatchDelete/parent/child2
	at org.apache.hadoop.ozone.om.KeyManagerImpl.getOzoneFileStatus(KeyManagerImpl.java:1270) ~[ozone-manager-1.3.0-SNAPSHOT.jar:?]
	at org.apache.hadoop.ozone.om.KeyManagerImpl.getFileStatus(KeyManagerImpl.java:1200) ~[ozone-manager-1.3.0-SNAPSHOT.jar:?]
	at org.apache.hadoop.ozone.om.OzoneManager.getFileStatus(OzoneManager.java:3507) ~[ozone-manager-1.3.0-SNAPSHOT.jar:?]
	at org.apache.hadoop.ozone.protocolPB.OzoneManagerRequestHandler.getOzoneFileStatus(OzoneManagerRequestHandler.java:882) ~[ozone-manager-1.3.0-SNAPSHOT.jar:?]
	at org.apache.hadoop.ozone.protocolPB.OzoneManagerRequestHandler.handleReadRequest(OzoneManagerRequestHandler.java:228) ~[ozone-manager-1.3.0-SNAPSHOT.jar:?]
	at org.apache.hadoop.ozone.protocolPB.OzoneManagerProtocolServerSideTranslatorPB.submitReadRequestToOM(OzoneManagerProtocolServerSideTranslatorPB.java:226) ~[ozone-manager-1.3.0-SNAPSHOT.jar:?]
	at org.apache.hadoop.ozone.protocolPB.OzoneManagerProtocolServerSideTranslatorPB.processRequest(OzoneManagerProtocolServerSideTranslatorPB.java:175) ~[ozone-manager-1.3.0-SNAPSHOT.jar:?]
	at org.apache.hadoop.hdds.server.OzoneProtocolMessageDispatcher.processRequest(OzoneProtocolMessageDispatcher.java:87) [hdds-server-framework-1.3.0-SNAPSHOT.jar:?]
	at org.apache.hadoop.ozone.protocolPB.OzoneManagerProtocolServerSideTranslatorPB.submitRequest(OzoneManagerProtocolServerSideTranslatorPB.java:147) [ozone-manager-1.3.0-SNAPSHOT.jar:?]
	at org.apache.hadoop.ozone.protocol.proto.OzoneManagerProtocolProtos$OzoneManagerService$2.callBlockingMethod(OzoneManagerProtocolProtos.java) [ozone-interface-client-1.3.0-SNAPSHOT.jar:?]
	at org.apache.hadoop.ipc.ProtobufRpcEngine$Server.processCall(ProtobufRpcEngine.java:466) [hadoop-common-3.3.1.jar:?]
	at org.apache.hadoop.ipc.ProtobufRpcEngine2$Server$ProtoBufRpcInvoker.call(ProtobufRpcEngine2.java:574) [hadoop-common-3.3.1.jar:?]
	at org.apache.hadoop.ipc.ProtobufRpcEngine2$Server$ProtoBufRpcInvoker.call(ProtobufRpcEngine2.java:552) [hadoop-common-3.3.1.jar:?]
	at org.apache.hadoop.ipc.RPC$Server.call(RPC.java:1093) [hadoop-common-3.3.1.jar:?]
	at org.apache.hadoop.ipc.Server$RpcCall.run(Server.java:1035) [hadoop-common-3.3.1.jar:?]
	at org.apache.hadoop.ipc.Server$RpcCall.run(Server.java:963) [hadoop-common-3.3.1.jar:?]
	at java.security.AccessController.doPrivileged(Native Method) ~[?:1.8.0_345]
	at javax.security.auth.Subject.doAs(Subject.java:422) [?:1.8.0_345]
	at org.apache.hadoop.security.UserGroupInformation.doAs(UserGroupInformation.java:1878) [hadoop-common-3.3.1.jar:?]
	at org.apache.hadoop.ipc.Server$Handler.run(Server.java:2966) [hadoop-common-3.3.1.jar:?]
2022-10-10 08:37:03,171 [Time-limited test] WARN  ozone.BasicOzoneFileSystem (BasicOzoneFileSystem.java:getFileStatus(765)) - GetFileStatus failed for path /testBatchDelete/parent/child2
java.io.FileNotFoundException: testBatchDelete/parent/child2: No such file or directory!
	at org.apache.hadoop.fs.ozone.BasicOzoneClientAdapterImpl.getFileStatus(BasicOzoneClientAdapterImpl.java:369)
	at org.apache.hadoop.fs.ozone.BasicOzoneFileSystem.getFileStatus(BasicOzoneFileSystem.java:757)
	at org.apache.hadoop.fs.FileSystem.exists(FileSystem.java:1760)
	at org.apache.hadoop.fs.ozone.BasicOzoneFileSystem.exists(BasicOzoneFileSystem.java:804)
	at org.apache.hadoop.fs.ozone.TestOzoneFileSystem.testFileDelete(TestOzoneFileSystem.java:534)
	at sun.reflect.NativeMethodAccessorImpl.invoke0(Native Method)
	at sun.reflect.NativeMethodAccessorImpl.invoke(NativeMethodAccessorImpl.java:62)
	at sun.reflect.DelegatingMethodAccessorImpl.invoke(DelegatingMethodAccessorImpl.java:43)
	at java.lang.reflect.Method.invoke(Method.java:498)
	at org.junit.runners.model.FrameworkMethod$1.runReflectiveCall(FrameworkMethod.java:59)
	at org.junit.internal.runners.model.ReflectiveCallable.run(ReflectiveCallable.java:12)
	at org.junit.runners.model.FrameworkMethod.invokeExplosively(FrameworkMethod.java:56)
	at org.junit.internal.runners.statements.InvokeMethod.evaluate(InvokeMethod.java:17)
	at org.junit.internal.runners.statements.RunAfters.evaluate(RunAfters.java:27)
	at org.junit.internal.runners.statements.FailOnTimeout$CallableStatement.call(FailOnTimeout.java:288)
	at org.junit.internal.runners.statements.FailOnTimeout$CallableStatement.call(FailOnTimeout.java:282)
	at java.util.concurrent.FutureTask.run(FutureTask.java:266)
	at java.lang.Thread.run(Thread.java:750)
08:37:03.172 [IPC Server handler 19 on default port 46487] ERROR OMAudit - user=runner | ip=127.0.0.1 | op=GET_FILE_STATUS {volume=volume16396, bucket=bucket39555, key=testBatchDelete/parent/childFolder/child2, dataSize=0, replicationConfig=null} | ret=FAILURE
org.apache.hadoop.ozone.om.exceptions.OMException: Unable to get file status: volume: volume16396 bucket: bucket39555 key: testBatchDelete/parent/childFolder/child2
	at org.apache.hadoop.ozone.om.KeyManagerImpl.getOzoneFileStatus(KeyManagerImpl.java:1270) ~[ozone-manager-1.3.0-SNAPSHOT.jar:?]
	at org.apache.hadoop.ozone.om.KeyManagerImpl.getFileStatus(KeyManagerImpl.java:1200) ~[ozone-manager-1.3.0-SNAPSHOT.jar:?]
	at org.apache.hadoop.ozone.om.OzoneManager.getFileStatus(OzoneManager.java:3507) ~[ozone-manager-1.3.0-SNAPSHOT.jar:?]
	at org.apache.hadoop.ozone.protocolPB.OzoneManagerRequestHandler.getOzoneFileStatus(OzoneManagerRequestHandler.java:882) ~[ozone-manager-1.3.0-SNAPSHOT.jar:?]
	at org.apache.hadoop.ozone.protocolPB.OzoneManagerRequestHandler.handleReadRequest(OzoneManagerRequestHandler.java:228) ~[ozone-manager-1.3.0-SNAPSHOT.jar:?]
	at org.apache.hadoop.ozone.protocolPB.OzoneManagerProtocolServerSideTranslatorPB.submitReadRequestToOM(OzoneManagerProtocolServerSideTranslatorPB.java:226) ~[ozone-manager-1.3.0-SNAPSHOT.jar:?]
	at org.apache.hadoop.ozone.protocolPB.OzoneManagerProtocolServerSideTranslatorPB.processRequest(OzoneManagerProtocolServerSideTranslatorPB.java:175) ~[ozone-manager-1.3.0-SNAPSHOT.jar:?]
	at org.apache.hadoop.hdds.server.OzoneProtocolMessageDispatcher.processRequest(OzoneProtocolMessageDispatcher.java:87) [hdds-server-framework-1.3.0-SNAPSHOT.jar:?]
	at org.apache.hadoop.ozone.protocolPB.OzoneManagerProtocolServerSideTranslatorPB.submitRequest(OzoneManagerProtocolServerSideTranslatorPB.java:147) [ozone-manager-1.3.0-SNAPSHOT.jar:?]
	at org.apache.hadoop.ozone.protocol.proto.OzoneManagerProtocolProtos$OzoneManagerService$2.callBlockingMethod(OzoneManagerProtocolProtos.java) [ozone-interface-client-1.3.0-SNAPSHOT.jar:?]
	at org.apache.hadoop.ipc.ProtobufRpcEngine$Server.processCall(ProtobufRpcEngine.java:466) [hadoop-common-3.3.1.jar:?]
	at org.apache.hadoop.ipc.ProtobufRpcEngine2$Server$ProtoBufRpcInvoker.call(ProtobufRpcEngine2.java:574) [hadoop-common-3.3.1.jar:?]
	at org.apache.hadoop.ipc.ProtobufRpcEngine2$Server$ProtoBufRpcInvoker.call(ProtobufRpcEngine2.java:552) [hadoop-common-3.3.1.jar:?]
	at org.apache.hadoop.ipc.RPC$Server.call(RPC.java:1093) [hadoop-common-3.3.1.jar:?]
	at org.apache.hadoop.ipc.Server$RpcCall.run(Server.java:1035) [hadoop-common-3.3.1.jar:?]
	at org.apache.hadoop.ipc.Server$RpcCall.run(Server.java:963) [hadoop-common-3.3.1.jar:?]
	at java.security.AccessController.doPrivileged(Native Method) ~[?:1.8.0_345]
	at javax.security.auth.Subject.doAs(Subject.java:422) [?:1.8.0_345]
	at org.apache.hadoop.security.UserGroupInformation.doAs(UserGroupInformation.java:1878) [hadoop-common-3.3.1.jar:?]
	at org.apache.hadoop.ipc.Server$Handler.run(Server.java:2966) [hadoop-common-3.3.1.jar:?]
2022-10-10 08:37:03,172 [Time-limited test] WARN  ozone.BasicOzoneFileSystem (BasicOzoneFileSystem.java:getFileStatus(765)) - GetFileStatus failed for path /testBatchDelete/parent/childFolder/child2
java.io.FileNotFoundException: testBatchDelete/parent/childFolder/child2: No such file or directory!
	at org.apache.hadoop.fs.ozone.BasicOzoneClientAdapterImpl.getFileStatus(BasicOzoneClientAdapterImpl.java:369)
	at org.apache.hadoop.fs.ozone.BasicOzoneFileSystem.getFileStatus(BasicOzoneFileSystem.java:757)
	at org.apache.hadoop.fs.FileSystem.exists(FileSystem.java:1760)
	at org.apache.hadoop.fs.ozone.BasicOzoneFileSystem.exists(BasicOzoneFileSystem.java:804)
	at org.apache.hadoop.fs.ozone.TestOzoneFileSystem.testFileDelete(TestOzoneFileSystem.java:539)
	at sun.reflect.NativeMethodAccessorImpl.invoke0(Native Method)
	at sun.reflect.NativeMethodAccessorImpl.invoke(NativeMethodAccessorImpl.java:62)
	at sun.reflect.DelegatingMethodAccessorImpl.invoke(DelegatingMethodAccessorImpl.java:43)
	at java.lang.reflect.Method.invoke(Method.java:498)
	at org.junit.runners.model.FrameworkMethod$1.runReflectiveCall(FrameworkMethod.java:59)
	at org.junit.internal.runners.model.ReflectiveCallable.run(ReflectiveCallable.java:12)
	at org.junit.runners.model.FrameworkMethod.invokeExplosively(FrameworkMethod.java:56)
	at org.junit.internal.runners.statements.InvokeMethod.evaluate(InvokeMethod.java:17)
	at org.junit.internal.runners.statements.RunAfters.evaluate(RunAfters.java:27)
	at org.junit.internal.runners.statements.FailOnTimeout$CallableStatement.call(FailOnTimeout.java:288)
	at org.junit.internal.runners.statements.FailOnTimeout$CallableStatement.call(FailOnTimeout.java:282)
	at java.util.concurrent.FutureTask.run(FutureTask.java:266)
	at java.lang.Thread.run(Thread.java:750)
08:37:03.173 [IPC Server handler 18 on default port 46487] ERROR OMAudit - user=runner | ip=127.0.0.1 | op=GET_FILE_STATUS {volume=volume16396, bucket=bucket39555, key=testBatchDelete/parent/child3, dataSize=0, replicationConfig=null} | ret=FAILURE
org.apache.hadoop.ozone.om.exceptions.OMException: Unable to get file status: volume: volume16396 bucket: bucket39555 key: testBatchDelete/parent/child3
	at org.apache.hadoop.ozone.om.KeyManagerImpl.getOzoneFileStatus(KeyManagerImpl.java:1270) ~[ozone-manager-1.3.0-SNAPSHOT.jar:?]
	at org.apache.hadoop.ozone.om.KeyManagerImpl.getFileStatus(KeyManagerImpl.java:1200) ~[ozone-manager-1.3.0-SNAPSHOT.jar:?]
	at org.apache.hadoop.ozone.om.OzoneManager.getFileStatus(OzoneManager.java:3507) ~[ozone-manager-1.3.0-SNAPSHOT.jar:?]
	at org.apache.hadoop.ozone.protocolPB.OzoneManagerRequestHandler.getOzoneFileStatus(OzoneManagerRequestHandler.java:882) ~[ozone-manager-1.3.0-SNAPSHOT.jar:?]
	at org.apache.hadoop.ozone.protocolPB.OzoneManagerRequestHandler.handleReadRequest(OzoneManagerRequestHandler.java:228) ~[ozone-manager-1.3.0-SNAPSHOT.jar:?]
	at org.apache.hadoop.ozone.protocolPB.OzoneManagerProtocolServerSideTranslatorPB.submitReadRequestToOM(OzoneManagerProtocolServerSideTranslatorPB.java:226) ~[ozone-manager-1.3.0-SNAPSHOT.jar:?]
	at org.apache.hadoop.ozone.protocolPB.OzoneManagerProtocolServerSideTranslatorPB.processRequest(OzoneManagerProtocolServerSideTranslatorPB.java:175) ~[ozone-manager-1.3.0-SNAPSHOT.jar:?]
	at org.apache.hadoop.hdds.server.OzoneProtocolMessageDispatcher.processRequest(OzoneProtocolMessageDispatcher.java:87) [hdds-server-framework-1.3.0-SNAPSHOT.jar:?]
	at org.apache.hadoop.ozone.protocolPB.OzoneManagerProtocolServerSideTranslatorPB.submitRequest(OzoneManagerProtocolServerSideTranslatorPB.java:147) [ozone-manager-1.3.0-SNAPSHOT.jar:?]
	at org.apache.hadoop.ozone.protocol.proto.OzoneManagerProtocolProtos$OzoneManagerService$2.callBlockingMethod(OzoneManagerProtocolProtos.java) [ozone-interface-client-1.3.0-SNAPSHOT.jar:?]
	at org.apache.hadoop.ipc.ProtobufRpcEngine$Server.processCall(ProtobufRpcEngine.java:466) [hadoop-common-3.3.1.jar:?]
	at org.apache.hadoop.ipc.ProtobufRpcEngine2$Server$ProtoBufRpcInvoker.call(ProtobufRpcEngine2.java:574) [hadoop-common-3.3.1.jar:?]
	at org.apache.hadoop.ipc.ProtobufRpcEngine2$Server$ProtoBufRpcInvoker.call(ProtobufRpcEngine2.java:552) [hadoop-common-3.3.1.jar:?]
	at org.apache.hadoop.ipc.RPC$Server.call(RPC.java:1093) [hadoop-common-3.3.1.jar:?]
	at org.apache.hadoop.ipc.Server$RpcCall.run(Server.java:1035) [hadoop-common-3.3.1.jar:?]
	at org.apache.hadoop.ipc.Server$RpcCall.run(Server.java:963) [hadoop-common-3.3.1.jar:?]
	at java.security.AccessController.doPrivileged(Native Method) ~[?:1.8.0_345]
	at javax.security.auth.Subject.doAs(Subject.java:422) [?:1.8.0_345]
	at org.apache.hadoop.security.UserGroupInformation.doAs(UserGroupInformation.java:1878) [hadoop-common-3.3.1.jar:?]
	at org.apache.hadoop.ipc.Server$Handler.run(Server.java:2966) [hadoop-common-3.3.1.jar:?]
2022-10-10 08:37:03,174 [Time-limited test] WARN  ozone.BasicOzoneFileSystem (BasicOzoneFileSystem.java:getFileStatus(765)) - GetFileStatus failed for path /testBatchDelete/parent/child3
java.io.FileNotFoundException: testBatchDelete/parent/child3: No such file or directory!
	at org.apache.hadoop.fs.ozone.BasicOzoneClientAdapterImpl.getFileStatus(BasicOzoneClientAdapterImpl.java:369)
	at org.apache.hadoop.fs.ozone.BasicOzoneFileSystem.getFileStatus(BasicOzoneFileSystem.java:757)
	at org.apache.hadoop.fs.FileSystem.exists(FileSystem.java:1760)
	at org.apache.hadoop.fs.ozone.BasicOzoneFileSystem.exists(BasicOzoneFileSystem.java:804)
	at org.apache.hadoop.fs.ozone.TestOzoneFileSystem.testFileDelete(TestOzoneFileSystem.java:534)
	at sun.reflect.NativeMethodAccessorImpl.invoke0(Native Method)
	at sun.reflect.NativeMethodAccessorImpl.invoke(NativeMethodAccessorImpl.java:62)
	at sun.reflect.DelegatingMethodAccessorImpl.invoke(DelegatingMethodAccessorImpl.java:43)
	at java.lang.reflect.Method.invoke(Method.java:498)
	at org.junit.runners.model.FrameworkMethod$1.runReflectiveCall(FrameworkMethod.java:59)
	at org.junit.internal.runners.model.ReflectiveCallable.run(ReflectiveCallable.java:12)
	at org.junit.runners.model.FrameworkMethod.invokeExplosively(FrameworkMethod.java:56)
	at org.junit.internal.runners.statements.InvokeMethod.evaluate(InvokeMethod.java:17)
	at org.junit.internal.runners.statements.RunAfters.evaluate(RunAfters.java:27)
	at org.junit.internal.runners.statements.FailOnTimeout$CallableStatement.call(FailOnTimeout.java:288)
	at org.junit.internal.runners.statements.FailOnTimeout$CallableStatement.call(FailOnTimeout.java:282)
	at java.util.concurrent.FutureTask.run(FutureTask.java:266)
	at java.lang.Thread.run(Thread.java:750)
08:37:03.174 [IPC Server handler 0 on default port 46487] ERROR OMAudit - user=runner | ip=127.0.0.1 | op=GET_FILE_STATUS {volume=volume16396, bucket=bucket39555, key=testBatchDelete/parent/childFolder/child3, dataSize=0, replicationConfig=null} | ret=FAILURE
org.apache.hadoop.ozone.om.exceptions.OMException: Unable to get file status: volume: volume16396 bucket: bucket39555 key: testBatchDelete/parent/childFolder/child3
	at org.apache.hadoop.ozone.om.KeyManagerImpl.getOzoneFileStatus(KeyManagerImpl.java:1270) ~[ozone-manager-1.3.0-SNAPSHOT.jar:?]
	at org.apache.hadoop.ozone.om.KeyManagerImpl.getFileStatus(KeyManagerImpl.java:1200) ~[ozone-manager-1.3.0-SNAPSHOT.jar:?]
	at org.apache.hadoop.ozone.om.OzoneManager.getFileStatus(OzoneManager.java:3507) ~[ozone-manager-1.3.0-SNAPSHOT.jar:?]
	at org.apache.hadoop.ozone.protocolPB.OzoneManagerRequestHandler.getOzoneFileStatus(OzoneManagerRequestHandler.java:882) ~[ozone-manager-1.3.0-SNAPSHOT.jar:?]
	at org.apache.hadoop.ozone.protocolPB.OzoneManagerRequestHandler.handleReadRequest(OzoneManagerRequestHandler.java:228) ~[ozone-manager-1.3.0-SNAPSHOT.jar:?]
	at org.apache.hadoop.ozone.protocolPB.OzoneManagerProtocolServerSideTranslatorPB.submitReadRequestToOM(OzoneManagerProtocolServerSideTranslatorPB.java:226) ~[ozone-manager-1.3.0-SNAPSHOT.jar:?]
	at org.apache.hadoop.ozone.protocolPB.OzoneManagerProtocolServerSideTranslatorPB.processRequest(OzoneManagerProtocolServerSideTranslatorPB.java:175) ~[ozone-manager-1.3.0-SNAPSHOT.jar:?]
	at org.apache.hadoop.hdds.server.OzoneProtocolMessageDispatcher.processRequest(OzoneProtocolMessageDispatcher.java:87) [hdds-server-framework-1.3.0-SNAPSHOT.jar:?]
	at org.apache.hadoop.ozone.protocolPB.OzoneManagerProtocolServerSideTranslatorPB.submitRequest(OzoneManagerProtocolServerSideTranslatorPB.java:147) [ozone-manager-1.3.0-SNAPSHOT.jar:?]
	at org.apache.hadoop.ozone.protocol.proto.OzoneManagerProtocolProtos$OzoneManagerService$2.callBlockingMethod(OzoneManagerProtocolProtos.java) [ozone-interface-client-1.3.0-SNAPSHOT.jar:?]
	at org.apache.hadoop.ipc.ProtobufRpcEngine$Server.processCall(ProtobufRpcEngine.java:466) [hadoop-common-3.3.1.jar:?]
	at org.apache.hadoop.ipc.ProtobufRpcEngine2$Server$ProtoBufRpcInvoker.call(ProtobufRpcEngine2.java:574) [hadoop-common-3.3.1.jar:?]
	at org.apache.hadoop.ipc.ProtobufRpcEngine2$Server$ProtoBufRpcInvoker.call(ProtobufRpcEngine2.java:552) [hadoop-common-3.3.1.jar:?]
	at org.apache.hadoop.ipc.RPC$Server.call(RPC.java:1093) [hadoop-common-3.3.1.jar:?]
	at org.apache.hadoop.ipc.Server$RpcCall.run(Server.java:1035) [hadoop-common-3.3.1.jar:?]
	at org.apache.hadoop.ipc.Server$RpcCall.run(Server.java:963) [hadoop-common-3.3.1.jar:?]
	at java.security.AccessController.doPrivileged(Native Method) ~[?:1.8.0_345]
	at javax.security.auth.Subject.doAs(Subject.java:422) [?:1.8.0_345]
	at org.apache.hadoop.security.UserGroupInformation.doAs(UserGroupInformation.java:1878) [hadoop-common-3.3.1.jar:?]
	at org.apache.hadoop.ipc.Server$Handler.run(Server.java:2966) [hadoop-common-3.3.1.jar:?]
2022-10-10 08:37:03,175 [Time-limited test] WARN  ozone.BasicOzoneFileSystem (BasicOzoneFileSystem.java:getFileStatus(765)) - GetFileStatus failed for path /testBatchDelete/parent/childFolder/child3
java.io.FileNotFoundException: testBatchDelete/parent/childFolder/child3: No such file or directory!
	at org.apache.hadoop.fs.ozone.BasicOzoneClientAdapterImpl.getFileStatus(BasicOzoneClientAdapterImpl.java:369)
	at org.apache.hadoop.fs.ozone.BasicOzoneFileSystem.getFileStatus(BasicOzoneFileSystem.java:757)
	at org.apache.hadoop.fs.FileSystem.exists(FileSystem.java:1760)
	at org.apache.hadoop.fs.ozone.BasicOzoneFileSystem.exists(BasicOzoneFileSystem.java:804)
	at org.apache.hadoop.fs.ozone.TestOzoneFileSystem.testFileDelete(TestOzoneFileSystem.java:539)
	at sun.reflect.NativeMethodAccessorImpl.invoke0(Native Method)
	at sun.reflect.NativeMethodAccessorImpl.invoke(NativeMethodAccessorImpl.java:62)
	at sun.reflect.DelegatingMethodAccessorImpl.invoke(DelegatingMethodAccessorImpl.java:43)
	at java.lang.reflect.Method.invoke(Method.java:498)
	at org.junit.runners.model.FrameworkMethod$1.runReflectiveCall(FrameworkMethod.java:59)
	at org.junit.internal.runners.model.ReflectiveCallable.run(ReflectiveCallable.java:12)
	at org.junit.runners.model.FrameworkMethod.invokeExplosively(FrameworkMethod.java:56)
	at org.junit.internal.runners.statements.InvokeMethod.evaluate(InvokeMethod.java:17)
	at org.junit.internal.runners.statements.RunAfters.evaluate(RunAfters.java:27)
	at org.junit.internal.runners.statements.FailOnTimeout$CallableStatement.call(FailOnTimeout.java:288)
	at org.junit.internal.runners.statements.FailOnTimeout$CallableStatement.call(FailOnTimeout.java:282)
	at java.util.concurrent.FutureTask.run(FutureTask.java:266)
	at java.lang.Thread.run(Thread.java:750)
08:37:03.176 [IPC Server handler 7 on default port 46487] ERROR OMAudit - user=runner | ip=127.0.0.1 | op=GET_FILE_STATUS {volume=volume16396, bucket=bucket39555, key=testBatchDelete/parent/child4, dataSize=0, replicationConfig=null} | ret=FAILURE
org.apache.hadoop.ozone.om.exceptions.OMException: Unable to get file status: volume: volume16396 bucket: bucket39555 key: testBatchDelete/parent/child4
	at org.apache.hadoop.ozone.om.KeyManagerImpl.getOzoneFileStatus(KeyManagerImpl.java:1270) ~[ozone-manager-1.3.0-SNAPSHOT.jar:?]
	at org.apache.hadoop.ozone.om.KeyManagerImpl.getFileStatus(KeyManagerImpl.java:1200) ~[ozone-manager-1.3.0-SNAPSHOT.jar:?]
	at org.apache.hadoop.ozone.om.OzoneManager.getFileStatus(OzoneManager.java:3507) ~[ozone-manager-1.3.0-SNAPSHOT.jar:?]
	at org.apache.hadoop.ozone.protocolPB.OzoneManagerRequestHandler.getOzoneFileStatus(OzoneManagerRequestHandler.java:882) ~[ozone-manager-1.3.0-SNAPSHOT.jar:?]
	at org.apache.hadoop.ozone.protocolPB.OzoneManagerRequestHandler.handleReadRequest(OzoneManagerRequestHandler.java:228) ~[ozone-manager-1.3.0-SNAPSHOT.jar:?]
	at org.apache.hadoop.ozone.protocolPB.OzoneManagerProtocolServerSideTranslatorPB.submitReadRequestToOM(OzoneManagerProtocolServerSideTranslatorPB.java:226) ~[ozone-manager-1.3.0-SNAPSHOT.jar:?]
	at org.apache.hadoop.ozone.protocolPB.OzoneManagerProtocolServerSideTranslatorPB.processRequest(OzoneManagerProtocolServerSideTranslatorPB.java:175) ~[ozone-manager-1.3.0-SNAPSHOT.jar:?]
	at org.apache.hadoop.hdds.server.OzoneProtocolMessageDispatcher.processRequest(OzoneProtocolMessageDispatcher.java:87) [hdds-server-framework-1.3.0-SNAPSHOT.jar:?]
	at org.apache.hadoop.ozone.protocolPB.OzoneManagerProtocolServerSideTranslatorPB.submitRequest(OzoneManagerProtocolServerSideTranslatorPB.java:147) [ozone-manager-1.3.0-SNAPSHOT.jar:?]
	at org.apache.hadoop.ozone.protocol.proto.OzoneManagerProtocolProtos$OzoneManagerService$2.callBlockingMethod(OzoneManagerProtocolProtos.java) [ozone-interface-client-1.3.0-SNAPSHOT.jar:?]
	at org.apache.hadoop.ipc.ProtobufRpcEngine$Server.processCall(ProtobufRpcEngine.java:466) [hadoop-common-3.3.1.jar:?]
	at org.apache.hadoop.ipc.ProtobufRpcEngine2$Server$ProtoBufRpcInvoker.call(ProtobufRpcEngine2.java:574) [hadoop-common-3.3.1.jar:?]
	at org.apache.hadoop.ipc.ProtobufRpcEngine2$Server$ProtoBufRpcInvoker.call(ProtobufRpcEngine2.java:552) [hadoop-common-3.3.1.jar:?]
	at org.apache.hadoop.ipc.RPC$Server.call(RPC.java:1093) [hadoop-common-3.3.1.jar:?]
	at org.apache.hadoop.ipc.Server$RpcCall.run(Server.java:1035) [hadoop-common-3.3.1.jar:?]
	at org.apache.hadoop.ipc.Server$RpcCall.run(Server.java:963) [hadoop-common-3.3.1.jar:?]
	at java.security.AccessController.doPrivileged(Native Method) ~[?:1.8.0_345]
	at javax.security.auth.Subject.doAs(Subject.java:422) [?:1.8.0_345]
	at org.apache.hadoop.security.UserGroupInformation.doAs(UserGroupInformation.java:1878) [hadoop-common-3.3.1.jar:?]
	at org.apache.hadoop.ipc.Server$Handler.run(Server.java:2966) [hadoop-common-3.3.1.jar:?]
2022-10-10 08:37:03,176 [Time-limited test] WARN  ozone.BasicOzoneFileSystem (BasicOzoneFileSystem.java:getFileStatus(765)) - GetFileStatus failed for path /testBatchDelete/parent/child4
java.io.FileNotFoundException: testBatchDelete/parent/child4: No such file or directory!
	at org.apache.hadoop.fs.ozone.BasicOzoneClientAdapterImpl.getFileStatus(BasicOzoneClientAdapterImpl.java:369)
	at org.apache.hadoop.fs.ozone.BasicOzoneFileSystem.getFileStatus(BasicOzoneFileSystem.java:757)
	at org.apache.hadoop.fs.FileSystem.exists(FileSystem.java:1760)
	at org.apache.hadoop.fs.ozone.BasicOzoneFileSystem.exists(BasicOzoneFileSystem.java:804)
	at org.apache.hadoop.fs.ozone.TestOzoneFileSystem.testFileDelete(TestOzoneFileSystem.java:534)
	at sun.reflect.NativeMethodAccessorImpl.invoke0(Native Method)
	at sun.reflect.NativeMethodAccessorImpl.invoke(NativeMethodAccessorImpl.java:62)
	at sun.reflect.DelegatingMethodAccessorImpl.invoke(DelegatingMethodAccessorImpl.java:43)
	at java.lang.reflect.Method.invoke(Method.java:498)
	at org.junit.runners.model.FrameworkMethod$1.runReflectiveCall(FrameworkMethod.java:59)
	at org.junit.internal.runners.model.ReflectiveCallable.run(ReflectiveCallable.java:12)
	at org.junit.runners.model.FrameworkMethod.invokeExplosively(FrameworkMethod.java:56)
	at org.junit.internal.runners.statements.InvokeMethod.evaluate(InvokeMethod.java:17)
	at org.junit.internal.runners.statements.RunAfters.evaluate(RunAfters.java:27)
	at org.junit.internal.runners.statements.FailOnTimeout$CallableStatement.call(FailOnTimeout.java:288)
	at org.junit.internal.runners.statements.FailOnTimeout$CallableStatement.call(FailOnTimeout.java:282)
	at java.util.concurrent.FutureTask.run(FutureTask.java:266)
	at java.lang.Thread.run(Thread.java:750)
08:37:03.178 [IPC Server handler 6 on default port 46487] ERROR OMAudit - user=runner | ip=127.0.0.1 | op=GET_FILE_STATUS {volume=volume16396, bucket=bucket39555, key=testBatchDelete/parent/childFolder/child4, dataSize=0, replicationConfig=null} | ret=FAILURE
org.apache.hadoop.ozone.om.exceptions.OMException: Unable to get file status: volume: volume16396 bucket: bucket39555 key: testBatchDelete/parent/childFolder/child4
	at org.apache.hadoop.ozone.om.KeyManagerImpl.getOzoneFileStatus(KeyManagerImpl.java:1270) ~[ozone-manager-1.3.0-SNAPSHOT.jar:?]
	at org.apache.hadoop.ozone.om.KeyManagerImpl.getFileStatus(KeyManagerImpl.java:1200) ~[ozone-manager-1.3.0-SNAPSHOT.jar:?]
	at org.apache.hadoop.ozone.om.OzoneManager.getFileStatus(OzoneManager.java:3507) ~[ozone-manager-1.3.0-SNAPSHOT.jar:?]
	at org.apache.hadoop.ozone.protocolPB.OzoneManagerRequestHandler.getOzoneFileStatus(OzoneManagerRequestHandler.java:882) ~[ozone-manager-1.3.0-SNAPSHOT.jar:?]
	at org.apache.hadoop.ozone.protocolPB.OzoneManagerRequestHandler.handleReadRequest(OzoneManagerRequestHandler.java:228) ~[ozone-manager-1.3.0-SNAPSHOT.jar:?]
	at org.apache.hadoop.ozone.protocolPB.OzoneManagerProtocolServerSideTranslatorPB.submitReadRequestToOM(OzoneManagerProtocolServerSideTranslatorPB.java:226) ~[ozone-manager-1.3.0-SNAPSHOT.jar:?]
	at org.apache.hadoop.ozone.protocolPB.OzoneManagerProtocolServerSideTranslatorPB.processRequest(OzoneManagerProtocolServerSideTranslatorPB.java:175) ~[ozone-manager-1.3.0-SNAPSHOT.jar:?]
	at org.apache.hadoop.hdds.server.OzoneProtocolMessageDispatcher.processRequest(OzoneProtocolMessageDispatcher.java:87) [hdds-server-framework-1.3.0-SNAPSHOT.jar:?]
	at org.apache.hadoop.ozone.protocolPB.OzoneManagerProtocolServerSideTranslatorPB.submitRequest(OzoneManagerProtocolServerSideTranslatorPB.java:147) [ozone-manager-1.3.0-SNAPSHOT.jar:?]
	at org.apache.hadoop.ozone.protocol.proto.OzoneManagerProtocolProtos$OzoneManagerService$2.callBlockingMethod(OzoneManagerProtocolProtos.java) [ozone-interface-client-1.3.0-SNAPSHOT.jar:?]
	at org.apache.hadoop.ipc.ProtobufRpcEngine$Server.processCall(ProtobufRpcEngine.java:466) [hadoop-common-3.3.1.jar:?]
	at org.apache.hadoop.ipc.ProtobufRpcEngine2$Server$ProtoBufRpcInvoker.call(ProtobufRpcEngine2.java:574) [hadoop-common-3.3.1.jar:?]
	at org.apache.hadoop.ipc.ProtobufRpcEngine2$Server$ProtoBufRpcInvoker.call(ProtobufRpcEngine2.java:552) [hadoop-common-3.3.1.jar:?]
	at org.apache.hadoop.ipc.RPC$Server.call(RPC.java:1093) [hadoop-common-3.3.1.jar:?]
	at org.apache.hadoop.ipc.Server$RpcCall.run(Server.java:1035) [hadoop-common-3.3.1.jar:?]
	at org.apache.hadoop.ipc.Server$RpcCall.run(Server.java:963) [hadoop-common-3.3.1.jar:?]
	at java.security.AccessController.doPrivileged(Native Method) ~[?:1.8.0_345]
	at javax.security.auth.Subject.doAs(Subject.java:422) [?:1.8.0_345]
	at org.apache.hadoop.security.UserGroupInformation.doAs(UserGroupInformation.java:1878) [hadoop-common-3.3.1.jar:?]
	at org.apache.hadoop.ipc.Server$Handler.run(Server.java:2966) [hadoop-common-3.3.1.jar:?]
2022-10-10 08:37:03,180 [Time-limited test] WARN  ozone.BasicOzoneFileSystem (BasicOzoneFileSystem.java:getFileStatus(765)) - GetFileStatus failed for path /testBatchDelete/parent/childFolder/child4
java.io.FileNotFoundException: testBatchDelete/parent/childFolder/child4: No such file or directory!
	at org.apache.hadoop.fs.ozone.BasicOzoneClientAdapterImpl.getFileStatus(BasicOzoneClientAdapterImpl.java:369)
	at org.apache.hadoop.fs.ozone.BasicOzoneFileSystem.getFileStatus(BasicOzoneFileSystem.java:757)
	at org.apache.hadoop.fs.FileSystem.exists(FileSystem.java:1760)
	at org.apache.hadoop.fs.ozone.BasicOzoneFileSystem.exists(BasicOzoneFileSystem.java:804)
	at org.apache.hadoop.fs.ozone.TestOzoneFileSystem.testFileDelete(TestOzoneFileSystem.java:539)
	at sun.reflect.NativeMethodAccessorImpl.invoke0(Native Method)
	at sun.reflect.NativeMethodAccessorImpl.invoke(NativeMethodAccessorImpl.java:62)
	at sun.reflect.DelegatingMethodAccessorImpl.invoke(DelegatingMethodAccessorImpl.java:43)
	at java.lang.reflect.Method.invoke(Method.java:498)
	at org.junit.runners.model.FrameworkMethod$1.runReflectiveCall(FrameworkMethod.java:59)
	at org.junit.internal.runners.model.ReflectiveCallable.run(ReflectiveCallable.java:12)
	at org.junit.runners.model.FrameworkMethod.invokeExplosively(FrameworkMethod.java:56)
	at org.junit.internal.runners.statements.InvokeMethod.evaluate(InvokeMethod.java:17)
	at org.junit.internal.runners.statements.RunAfters.evaluate(RunAfters.java:27)
	at org.junit.internal.runners.statements.FailOnTimeout$CallableStatement.call(FailOnTimeout.java:288)
	at org.junit.internal.runners.statements.FailOnTimeout$CallableStatement.call(FailOnTimeout.java:282)
	at java.util.concurrent.FutureTask.run(FutureTask.java:266)
	at java.lang.Thread.run(Thread.java:750)
08:37:03.181 [IPC Server handler 2 on default port 46487] ERROR OMAudit - user=runner | ip=127.0.0.1 | op=GET_FILE_STATUS {volume=volume16396, bucket=bucket39555, key=testBatchDelete/parent/child5, dataSize=0, replicationConfig=null} | ret=FAILURE
org.apache.hadoop.ozone.om.exceptions.OMException: Unable to get file status: volume: volume16396 bucket: bucket39555 key: testBatchDelete/parent/child5
	at org.apache.hadoop.ozone.om.KeyManagerImpl.getOzoneFileStatus(KeyManagerImpl.java:1270) ~[ozone-manager-1.3.0-SNAPSHOT.jar:?]
	at org.apache.hadoop.ozone.om.KeyManagerImpl.getFileStatus(KeyManagerImpl.java:1200) ~[ozone-manager-1.3.0-SNAPSHOT.jar:?]
	at org.apache.hadoop.ozone.om.OzoneManager.getFileStatus(OzoneManager.java:3507) ~[ozone-manager-1.3.0-SNAPSHOT.jar:?]
	at org.apache.hadoop.ozone.protocolPB.OzoneManagerRequestHandler.getOzoneFileStatus(OzoneManagerRequestHandler.java:882) ~[ozone-manager-1.3.0-SNAPSHOT.jar:?]
	at org.apache.hadoop.ozone.protocolPB.OzoneManagerRequestHandler.handleReadRequest(OzoneManagerRequestHandler.java:228) ~[ozone-manager-1.3.0-SNAPSHOT.jar:?]
	at org.apache.hadoop.ozone.protocolPB.OzoneManagerProtocolServerSideTranslatorPB.submitReadRequestToOM(OzoneManagerProtocolServerSideTranslatorPB.java:226) ~[ozone-manager-1.3.0-SNAPSHOT.jar:?]
	at org.apache.hadoop.ozone.protocolPB.OzoneManagerProtocolServerSideTranslatorPB.processRequest(OzoneManagerProtocolServerSideTranslatorPB.java:175) ~[ozone-manager-1.3.0-SNAPSHOT.jar:?]
	at org.apache.hadoop.hdds.server.OzoneProtocolMessageDispatcher.processRequest(OzoneProtocolMessageDispatcher.java:87) [hdds-server-framework-1.3.0-SNAPSHOT.jar:?]
	at org.apache.hadoop.ozone.protocolPB.OzoneManagerProtocolServerSideTranslatorPB.submitRequest(OzoneManagerProtocolServerSideTranslatorPB.java:147) [ozone-manager-1.3.0-SNAPSHOT.jar:?]
	at org.apache.hadoop.ozone.protocol.proto.OzoneManagerProtocolProtos$OzoneManagerService$2.callBlockingMethod(OzoneManagerProtocolProtos.java) [ozone-interface-client-1.3.0-SNAPSHOT.jar:?]
	at org.apache.hadoop.ipc.ProtobufRpcEngine$Server.processCall(ProtobufRpcEngine.java:466) [hadoop-common-3.3.1.jar:?]
	at org.apache.hadoop.ipc.ProtobufRpcEngine2$Server$ProtoBufRpcInvoker.call(ProtobufRpcEngine2.java:574) [hadoop-common-3.3.1.jar:?]
	at org.apache.hadoop.ipc.ProtobufRpcEngine2$Server$ProtoBufRpcInvoker.call(ProtobufRpcEngine2.java:552) [hadoop-common-3.3.1.jar:?]
	at org.apache.hadoop.ipc.RPC$Server.call(RPC.java:1093) [hadoop-common-3.3.1.jar:?]
	at org.apache.hadoop.ipc.Server$RpcCall.run(Server.java:1035) [hadoop-common-3.3.1.jar:?]
	at org.apache.hadoop.ipc.Server$RpcCall.run(Server.java:963) [hadoop-common-3.3.1.jar:?]
	at java.security.AccessController.doPrivileged(Native Method) ~[?:1.8.0_345]
	at javax.security.auth.Subject.doAs(Subject.java:422) [?:1.8.0_345]
	at org.apache.hadoop.security.UserGroupInformation.doAs(UserGroupInformation.java:1878) [hadoop-common-3.3.1.jar:?]
	at org.apache.hadoop.ipc.Server$Handler.run(Server.java:2966) [hadoop-common-3.3.1.jar:?]
2022-10-10 08:37:03,181 [Time-limited test] WARN  ozone.BasicOzoneFileSystem (BasicOzoneFileSystem.java:getFileStatus(765)) - GetFileStatus failed for path /testBatchDelete/parent/child5
java.io.FileNotFoundException: testBatchDelete/parent/child5: No such file or directory!
	at org.apache.hadoop.fs.ozone.BasicOzoneClientAdapterImpl.getFileStatus(BasicOzoneClientAdapterImpl.java:369)
	at org.apache.hadoop.fs.ozone.BasicOzoneFileSystem.getFileStatus(BasicOzoneFileSystem.java:757)
	at org.apache.hadoop.fs.FileSystem.exists(FileSystem.java:1760)
	at org.apache.hadoop.fs.ozone.BasicOzoneFileSystem.exists(BasicOzoneFileSystem.java:804)
	at org.apache.hadoop.fs.ozone.TestOzoneFileSystem.testFileDelete(TestOzoneFileSystem.java:534)
	at sun.reflect.NativeMethodAccessorImpl.invoke0(Native Method)
	at sun.reflect.NativeMethodAccessorImpl.invoke(NativeMethodAccessorImpl.java:62)
	at sun.reflect.DelegatingMethodAccessorImpl.invoke(DelegatingMethodAccessorImpl.java:43)
	at java.lang.reflect.Method.invoke(Method.java:498)
	at org.junit.runners.model.FrameworkMethod$1.runReflectiveCall(FrameworkMethod.java:59)
	at org.junit.internal.runners.model.ReflectiveCallable.run(ReflectiveCallable.java:12)
	at org.junit.runners.model.FrameworkMethod.invokeExplosively(FrameworkMethod.java:56)
	at org.junit.internal.runners.statements.InvokeMethod.evaluate(InvokeMethod.java:17)
	at org.junit.internal.runners.statements.RunAfters.evaluate(RunAfters.java:27)
	at org.junit.internal.runners.statements.FailOnTimeout$CallableStatement.call(FailOnTimeout.java:288)
	at org.junit.internal.runners.statements.FailOnTimeout$CallableStatement.call(FailOnTimeout.java:282)
	at java.util.concurrent.FutureTask.run(FutureTask.java:266)
	at java.lang.Thread.run(Thread.java:750)
08:37:03.182 [IPC Server handler 4 on default port 46487] ERROR OMAudit - user=runner | ip=127.0.0.1 | op=GET_FILE_STATUS {volume=volume16396, bucket=bucket39555, key=testBatchDelete/parent/childFolder/child5, dataSize=0, replicationConfig=null} | ret=FAILURE
org.apache.hadoop.ozone.om.exceptions.OMException: Unable to get file status: volume: volume16396 bucket: bucket39555 key: testBatchDelete/parent/childFolder/child5
	at org.apache.hadoop.ozone.om.KeyManagerImpl.getOzoneFileStatus(KeyManagerImpl.java:1270) ~[ozone-manager-1.3.0-SNAPSHOT.jar:?]
	at org.apache.hadoop.ozone.om.KeyManagerImpl.getFileStatus(KeyManagerImpl.java:1200) ~[ozone-manager-1.3.0-SNAPSHOT.jar:?]
	at org.apache.hadoop.ozone.om.OzoneManager.getFileStatus(OzoneManager.java:3507) ~[ozone-manager-1.3.0-SNAPSHOT.jar:?]
	at org.apache.hadoop.ozone.protocolPB.OzoneManagerRequestHandler.getOzoneFileStatus(OzoneManagerRequestHandler.java:882) ~[ozone-manager-1.3.0-SNAPSHOT.jar:?]
	at org.apache.hadoop.ozone.protocolPB.OzoneManagerRequestHandler.handleReadRequest(OzoneManagerRequestHandler.java:228) ~[ozone-manager-1.3.0-SNAPSHOT.jar:?]
	at org.apache.hadoop.ozone.protocolPB.OzoneManagerProtocolServerSideTranslatorPB.submitReadRequestToOM(OzoneManagerProtocolServerSideTranslatorPB.java:226) ~[ozone-manager-1.3.0-SNAPSHOT.jar:?]
	at org.apache.hadoop.ozone.protocolPB.OzoneManagerProtocolServerSideTranslatorPB.processRequest(OzoneManagerProtocolServerSideTranslatorPB.java:175) ~[ozone-manager-1.3.0-SNAPSHOT.jar:?]
	at org.apache.hadoop.hdds.server.OzoneProtocolMessageDispatcher.processRequest(OzoneProtocolMessageDispatcher.java:87) [hdds-server-framework-1.3.0-SNAPSHOT.jar:?]
	at org.apache.hadoop.ozone.protocolPB.OzoneManagerProtocolServerSideTranslatorPB.submitRequest(OzoneManagerProtocolServerSideTranslatorPB.java:147) [ozone-manager-1.3.0-SNAPSHOT.jar:?]
	at org.apache.hadoop.ozone.protocol.proto.OzoneManagerProtocolProtos$OzoneManagerService$2.callBlockingMethod(OzoneManagerProtocolProtos.java) [ozone-interface-client-1.3.0-SNAPSHOT.jar:?]
	at org.apache.hadoop.ipc.ProtobufRpcEngine$Server.processCall(ProtobufRpcEngine.java:466) [hadoop-common-3.3.1.jar:?]
	at org.apache.hadoop.ipc.ProtobufRpcEngine2$Server$ProtoBufRpcInvoker.call(ProtobufRpcEngine2.java:574) [hadoop-common-3.3.1.jar:?]
	at org.apache.hadoop.ipc.ProtobufRpcEngine2$Server$ProtoBufRpcInvoker.call(ProtobufRpcEngine2.java:552) [hadoop-common-3.3.1.jar:?]
	at org.apache.hadoop.ipc.RPC$Server.call(RPC.java:1093) [hadoop-common-3.3.1.jar:?]
	at org.apache.hadoop.ipc.Server$RpcCall.run(Server.java:1035) [hadoop-common-3.3.1.jar:?]
	at org.apache.hadoop.ipc.Server$RpcCall.run(Server.java:963) [hadoop-common-3.3.1.jar:?]
	at java.security.AccessController.doPrivileged(Native Method) ~[?:1.8.0_345]
	at javax.security.auth.Subject.doAs(Subject.java:422) [?:1.8.0_345]
	at org.apache.hadoop.security.UserGroupInformation.doAs(UserGroupInformation.java:1878) [hadoop-common-3.3.1.jar:?]
	at org.apache.hadoop.ipc.Server$Handler.run(Server.java:2966) [hadoop-common-3.3.1.jar:?]
2022-10-10 08:37:03,183 [Time-limited test] WARN  ozone.BasicOzoneFileSystem (BasicOzoneFileSystem.java:getFileStatus(765)) - GetFileStatus failed for path /testBatchDelete/parent/childFolder/child5
java.io.FileNotFoundException: testBatchDelete/parent/childFolder/child5: No such file or directory!
	at org.apache.hadoop.fs.ozone.BasicOzoneClientAdapterImpl.getFileStatus(BasicOzoneClientAdapterImpl.java:369)
	at org.apache.hadoop.fs.ozone.BasicOzoneFileSystem.getFileStatus(BasicOzoneFileSystem.java:757)
	at org.apache.hadoop.fs.FileSystem.exists(FileSystem.java:1760)
	at org.apache.hadoop.fs.ozone.BasicOzoneFileSystem.exists(BasicOzoneFileSystem.java:804)
	at org.apache.hadoop.fs.ozone.TestOzoneFileSystem.testFileDelete(TestOzoneFileSystem.java:539)
	at sun.reflect.NativeMethodAccessorImpl.invoke0(Native Method)
	at sun.reflect.NativeMethodAccessorImpl.invoke(NativeMethodAccessorImpl.java:62)
	at sun.reflect.DelegatingMethodAccessorImpl.invoke(DelegatingMethodAccessorImpl.java:43)
	at java.lang.reflect.Method.invoke(Method.java:498)
	at org.junit.runners.model.FrameworkMethod$1.runReflectiveCall(FrameworkMethod.java:59)
	at org.junit.internal.runners.model.ReflectiveCallable.run(ReflectiveCallable.java:12)
	at org.junit.runners.model.FrameworkMethod.invokeExplosively(FrameworkMethod.java:56)
	at org.junit.internal.runners.statements.InvokeMethod.evaluate(InvokeMethod.java:17)
	at org.junit.internal.runners.statements.RunAfters.evaluate(RunAfters.java:27)
	at org.junit.internal.runners.statements.FailOnTimeout$CallableStatement.call(FailOnTimeout.java:288)
	at org.junit.internal.runners.statements.FailOnTimeout$CallableStatement.call(FailOnTimeout.java:282)
	at java.util.concurrent.FutureTask.run(FutureTask.java:266)
	at java.lang.Thread.run(Thread.java:750)
08:37:03.184 [IPC Server handler 8 on default port 46487] ERROR OMAudit - user=runner | ip=127.0.0.1 | op=GET_FILE_STATUS {volume=volume16396, bucket=bucket39555, key=testBatchDelete/parent/child6, dataSize=0, replicationConfig=null} | ret=FAILURE
org.apache.hadoop.ozone.om.exceptions.OMException: Unable to get file status: volume: volume16396 bucket: bucket39555 key: testBatchDelete/parent/child6
	at org.apache.hadoop.ozone.om.KeyManagerImpl.getOzoneFileStatus(KeyManagerImpl.java:1270) ~[ozone-manager-1.3.0-SNAPSHOT.jar:?]
	at org.apache.hadoop.ozone.om.KeyManagerImpl.getFileStatus(KeyManagerImpl.java:1200) ~[ozone-manager-1.3.0-SNAPSHOT.jar:?]
	at org.apache.hadoop.ozone.om.OzoneManager.getFileStatus(OzoneManager.java:3507) ~[ozone-manager-1.3.0-SNAPSHOT.jar:?]
	at org.apache.hadoop.ozone.protocolPB.OzoneManagerRequestHandler.getOzoneFileStatus(OzoneManagerRequestHandler.java:882) ~[ozone-manager-1.3.0-SNAPSHOT.jar:?]
	at org.apache.hadoop.ozone.protocolPB.OzoneManagerRequestHandler.handleReadRequest(OzoneManagerRequestHandler.java:228) ~[ozone-manager-1.3.0-SNAPSHOT.jar:?]
	at org.apache.hadoop.ozone.protocolPB.OzoneManagerProtocolServerSideTranslatorPB.submitReadRequestToOM(OzoneManagerProtocolServerSideTranslatorPB.java:226) ~[ozone-manager-1.3.0-SNAPSHOT.jar:?]
	at org.apache.hadoop.ozone.protocolPB.OzoneManagerProtocolServerSideTranslatorPB.processRequest(OzoneManagerProtocolServerSideTranslatorPB.java:175) ~[ozone-manager-1.3.0-SNAPSHOT.jar:?]
	at org.apache.hadoop.hdds.server.OzoneProtocolMessageDispatcher.processRequest(OzoneProtocolMessageDispatcher.java:87) [hdds-server-framework-1.3.0-SNAPSHOT.jar:?]
	at org.apache.hadoop.ozone.protocolPB.OzoneManagerProtocolServerSideTranslatorPB.submitRequest(OzoneManagerProtocolServerSideTranslatorPB.java:147) [ozone-manager-1.3.0-SNAPSHOT.jar:?]
	at org.apache.hadoop.ozone.protocol.proto.OzoneManagerProtocolProtos$OzoneManagerService$2.callBlockingMethod(OzoneManagerProtocolProtos.java) [ozone-interface-client-1.3.0-SNAPSHOT.jar:?]
	at org.apache.hadoop.ipc.ProtobufRpcEngine$Server.processCall(ProtobufRpcEngine.java:466) [hadoop-common-3.3.1.jar:?]
	at org.apache.hadoop.ipc.ProtobufRpcEngine2$Server$ProtoBufRpcInvoker.call(ProtobufRpcEngine2.java:574) [hadoop-common-3.3.1.jar:?]
	at org.apache.hadoop.ipc.ProtobufRpcEngine2$Server$ProtoBufRpcInvoker.call(ProtobufRpcEngine2.java:552) [hadoop-common-3.3.1.jar:?]
	at org.apache.hadoop.ipc.RPC$Server.call(RPC.java:1093) [hadoop-common-3.3.1.jar:?]
	at org.apache.hadoop.ipc.Server$RpcCall.run(Server.java:1035) [hadoop-common-3.3.1.jar:?]
	at org.apache.hadoop.ipc.Server$RpcCall.run(Server.java:963) [hadoop-common-3.3.1.jar:?]
	at java.security.AccessController.doPrivileged(Native Method) ~[?:1.8.0_345]
	at javax.security.auth.Subject.doAs(Subject.java:422) [?:1.8.0_345]
	at org.apache.hadoop.security.UserGroupInformation.doAs(UserGroupInformation.java:1878) [hadoop-common-3.3.1.jar:?]
	at org.apache.hadoop.ipc.Server$Handler.run(Server.java:2966) [hadoop-common-3.3.1.jar:?]
2022-10-10 08:37:03,184 [Time-limited test] WARN  ozone.BasicOzoneFileSystem (BasicOzoneFileSystem.java:getFileStatus(765)) - GetFileStatus failed for path /testBatchDelete/parent/child6
java.io.FileNotFoundException: testBatchDelete/parent/child6: No such file or directory!
	at org.apache.hadoop.fs.ozone.BasicOzoneClientAdapterImpl.getFileStatus(BasicOzoneClientAdapterImpl.java:369)
	at org.apache.hadoop.fs.ozone.BasicOzoneFileSystem.getFileStatus(BasicOzoneFileSystem.java:757)
	at org.apache.hadoop.fs.FileSystem.exists(FileSystem.java:1760)
	at org.apache.hadoop.fs.ozone.BasicOzoneFileSystem.exists(BasicOzoneFileSystem.java:804)
	at org.apache.hadoop.fs.ozone.TestOzoneFileSystem.testFileDelete(TestOzoneFileSystem.java:534)
	at sun.reflect.NativeMethodAccessorImpl.invoke0(Native Method)
	at sun.reflect.NativeMethodAccessorImpl.invoke(NativeMethodAccessorImpl.java:62)
	at sun.reflect.DelegatingMethodAccessorImpl.invoke(DelegatingMethodAccessorImpl.java:43)
	at java.lang.reflect.Method.invoke(Method.java:498)
	at org.junit.runners.model.FrameworkMethod$1.runReflectiveCall(FrameworkMethod.java:59)
	at org.junit.internal.runners.model.ReflectiveCallable.run(ReflectiveCallable.java:12)
	at org.junit.runners.model.FrameworkMethod.invokeExplosively(FrameworkMethod.java:56)
	at org.junit.internal.runners.statements.InvokeMethod.evaluate(InvokeMethod.java:17)
	at org.junit.internal.runners.statements.RunAfters.evaluate(RunAfters.java:27)
	at org.junit.internal.runners.statements.FailOnTimeout$CallableStatement.call(FailOnTimeout.java:288)
	at org.junit.internal.runners.statements.FailOnTimeout$CallableStatement.call(FailOnTimeout.java:282)
	at java.util.concurrent.FutureTask.run(FutureTask.java:266)
	at java.lang.Thread.run(Thread.java:750)
08:37:03.185 [IPC Server handler 5 on default port 46487] ERROR OMAudit - user=runner | ip=127.0.0.1 | op=GET_FILE_STATUS {volume=volume16396, bucket=bucket39555, key=testBatchDelete/parent/childFolder/child6, dataSize=0, replicationConfig=null} | ret=FAILURE
org.apache.hadoop.ozone.om.exceptions.OMException: Unable to get file status: volume: volume16396 bucket: bucket39555 key: testBatchDelete/parent/childFolder/child6
	at org.apache.hadoop.ozone.om.KeyManagerImpl.getOzoneFileStatus(KeyManagerImpl.java:1270) ~[ozone-manager-1.3.0-SNAPSHOT.jar:?]
	at org.apache.hadoop.ozone.om.KeyManagerImpl.getFileStatus(KeyManagerImpl.java:1200) ~[ozone-manager-1.3.0-SNAPSHOT.jar:?]
	at org.apache.hadoop.ozone.om.OzoneManager.getFileStatus(OzoneManager.java:3507) ~[ozone-manager-1.3.0-SNAPSHOT.jar:?]
	at org.apache.hadoop.ozone.protocolPB.OzoneManagerRequestHandler.getOzoneFileStatus(OzoneManagerRequestHandler.java:882) ~[ozone-manager-1.3.0-SNAPSHOT.jar:?]
	at org.apache.hadoop.ozone.protocolPB.OzoneManagerRequestHandler.handleReadRequest(OzoneManagerRequestHandler.java:228) ~[ozone-manager-1.3.0-SNAPSHOT.jar:?]
	at org.apache.hadoop.ozone.protocolPB.OzoneManagerProtocolServerSideTranslatorPB.submitReadRequestToOM(OzoneManagerProtocolServerSideTranslatorPB.java:226) ~[ozone-manager-1.3.0-SNAPSHOT.jar:?]
	at org.apache.hadoop.ozone.protocolPB.OzoneManagerProtocolServerSideTranslatorPB.processRequest(OzoneManagerProtocolServerSideTranslatorPB.java:175) ~[ozone-manager-1.3.0-SNAPSHOT.jar:?]
	at org.apache.hadoop.hdds.server.OzoneProtocolMessageDispatcher.processRequest(OzoneProtocolMessageDispatcher.java:87) [hdds-server-framework-1.3.0-SNAPSHOT.jar:?]
	at org.apache.hadoop.ozone.protocolPB.OzoneManagerProtocolServerSideTranslatorPB.submitRequest(OzoneManagerProtocolServerSideTranslatorPB.java:147) [ozone-manager-1.3.0-SNAPSHOT.jar:?]
	at org.apache.hadoop.ozone.protocol.proto.OzoneManagerProtocolProtos$OzoneManagerService$2.callBlockingMethod(OzoneManagerProtocolProtos.java) [ozone-interface-client-1.3.0-SNAPSHOT.jar:?]
	at org.apache.hadoop.ipc.ProtobufRpcEngine$Server.processCall(ProtobufRpcEngine.java:466) [hadoop-common-3.3.1.jar:?]
	at org.apache.hadoop.ipc.ProtobufRpcEngine2$Server$ProtoBufRpcInvoker.call(ProtobufRpcEngine2.java:574) [hadoop-common-3.3.1.jar:?]
	at org.apache.hadoop.ipc.ProtobufRpcEngine2$Server$ProtoBufRpcInvoker.call(ProtobufRpcEngine2.java:552) [hadoop-common-3.3.1.jar:?]
	at org.apache.hadoop.ipc.RPC$Server.call(RPC.java:1093) [hadoop-common-3.3.1.jar:?]
	at org.apache.hadoop.ipc.Server$RpcCall.run(Server.java:1035) [hadoop-common-3.3.1.jar:?]
	at org.apache.hadoop.ipc.Server$RpcCall.run(Server.java:963) [hadoop-common-3.3.1.jar:?]
	at java.security.AccessController.doPrivileged(Native Method) ~[?:1.8.0_345]
	at javax.security.auth.Subject.doAs(Subject.java:422) [?:1.8.0_345]
	at org.apache.hadoop.security.UserGroupInformation.doAs(UserGroupInformation.java:1878) [hadoop-common-3.3.1.jar:?]
	at org.apache.hadoop.ipc.Server$Handler.run(Server.java:2966) [hadoop-common-3.3.1.jar:?]
2022-10-10 08:37:03,186 [Time-limited test] WARN  ozone.BasicOzoneFileSystem (BasicOzoneFileSystem.java:getFileStatus(765)) - GetFileStatus failed for path /testBatchDelete/parent/childFolder/child6
java.io.FileNotFoundException: testBatchDelete/parent/childFolder/child6: No such file or directory!
	at org.apache.hadoop.fs.ozone.BasicOzoneClientAdapterImpl.getFileStatus(BasicOzoneClientAdapterImpl.java:369)
	at org.apache.hadoop.fs.ozone.BasicOzoneFileSystem.getFileStatus(BasicOzoneFileSystem.java:757)
	at org.apache.hadoop.fs.FileSystem.exists(FileSystem.java:1760)
	at org.apache.hadoop.fs.ozone.BasicOzoneFileSystem.exists(BasicOzoneFileSystem.java:804)
	at org.apache.hadoop.fs.ozone.TestOzoneFileSystem.testFileDelete(TestOzoneFileSystem.java:539)
	at sun.reflect.NativeMethodAccessorImpl.invoke0(Native Method)
	at sun.reflect.NativeMethodAccessorImpl.invoke(NativeMethodAccessorImpl.java:62)
	at sun.reflect.DelegatingMethodAccessorImpl.invoke(DelegatingMethodAccessorImpl.java:43)
	at java.lang.reflect.Method.invoke(Method.java:498)
	at org.junit.runners.model.FrameworkMethod$1.runReflectiveCall(FrameworkMethod.java:59)
	at org.junit.internal.runners.model.ReflectiveCallable.run(ReflectiveCallable.java:12)
	at org.junit.runners.model.FrameworkMethod.invokeExplosively(FrameworkMethod.java:56)
	at org.junit.internal.runners.statements.InvokeMethod.evaluate(InvokeMethod.java:17)
	at org.junit.internal.runners.statements.RunAfters.evaluate(RunAfters.java:27)
	at org.junit.internal.runners.statements.FailOnTimeout$CallableStatement.call(FailOnTimeout.java:288)
	at org.junit.internal.runners.statements.FailOnTimeout$CallableStatement.call(FailOnTimeout.java:282)
	at java.util.concurrent.FutureTask.run(FutureTask.java:266)
	at java.lang.Thread.run(Thread.java:750)
08:37:03.187 [IPC Server handler 1 on default port 46487] ERROR OMAudit - user=runner | ip=127.0.0.1 | op=GET_FILE_STATUS {volume=volume16396, bucket=bucket39555, key=testBatchDelete/parent/child7, dataSize=0, replicationConfig=null} | ret=FAILURE
org.apache.hadoop.ozone.om.exceptions.OMException: Unable to get file status: volume: volume16396 bucket: bucket39555 key: testBatchDelete/parent/child7
	at org.apache.hadoop.ozone.om.KeyManagerImpl.getOzoneFileStatus(KeyManagerImpl.java:1270) ~[ozone-manager-1.3.0-SNAPSHOT.jar:?]
	at org.apache.hadoop.ozone.om.KeyManagerImpl.getFileStatus(KeyManagerImpl.java:1200) ~[ozone-manager-1.3.0-SNAPSHOT.jar:?]
	at org.apache.hadoop.ozone.om.OzoneManager.getFileStatus(OzoneManager.java:3507) ~[ozone-manager-1.3.0-SNAPSHOT.jar:?]
	at org.apache.hadoop.ozone.protocolPB.OzoneManagerRequestHandler.getOzoneFileStatus(OzoneManagerRequestHandler.java:882) ~[ozone-manager-1.3.0-SNAPSHOT.jar:?]
	at org.apache.hadoop.ozone.protocolPB.OzoneManagerRequestHandler.handleReadRequest(OzoneManagerRequestHandler.java:228) ~[ozone-manager-1.3.0-SNAPSHOT.jar:?]
	at org.apache.hadoop.ozone.protocolPB.OzoneManagerProtocolServerSideTranslatorPB.submitReadRequestToOM(OzoneManagerProtocolServerSideTranslatorPB.java:226) ~[ozone-manager-1.3.0-SNAPSHOT.jar:?]
	at org.apache.hadoop.ozone.protocolPB.OzoneManagerProtocolServerSideTranslatorPB.processRequest(OzoneManagerProtocolServerSideTranslatorPB.java:175) ~[ozone-manager-1.3.0-SNAPSHOT.jar:?]
	at org.apache.hadoop.hdds.server.OzoneProtocolMessageDispatcher.processRequest(OzoneProtocolMessageDispatcher.java:87) [hdds-server-framework-1.3.0-SNAPSHOT.jar:?]
	at org.apache.hadoop.ozone.protocolPB.OzoneManagerProtocolServerSideTranslatorPB.submitRequest(OzoneManagerProtocolServerSideTranslatorPB.java:147) [ozone-manager-1.3.0-SNAPSHOT.jar:?]
	at org.apache.hadoop.ozone.protocol.proto.OzoneManagerProtocolProtos$OzoneManagerService$2.callBlockingMethod(OzoneManagerProtocolProtos.java) [ozone-interface-client-1.3.0-SNAPSHOT.jar:?]
	at org.apache.hadoop.ipc.ProtobufRpcEngine$Server.processCall(ProtobufRpcEngine.java:466) [hadoop-common-3.3.1.jar:?]
	at org.apache.hadoop.ipc.ProtobufRpcEngine2$Server$ProtoBufRpcInvoker.call(ProtobufRpcEngine2.java:574) [hadoop-common-3.3.1.jar:?]
	at org.apache.hadoop.ipc.ProtobufRpcEngine2$Server$ProtoBufRpcInvoker.call(ProtobufRpcEngine2.java:552) [hadoop-common-3.3.1.jar:?]
	at org.apache.hadoop.ipc.RPC$Server.call(RPC.java:1093) [hadoop-common-3.3.1.jar:?]
	at org.apache.hadoop.ipc.Server$RpcCall.run(Server.java:1035) [hadoop-common-3.3.1.jar:?]
	at org.apache.hadoop.ipc.Server$RpcCall.run(Server.java:963) [hadoop-common-3.3.1.jar:?]
	at java.security.AccessController.doPrivileged(Native Method) ~[?:1.8.0_345]
	at javax.security.auth.Subject.doAs(Subject.java:422) [?:1.8.0_345]
	at org.apache.hadoop.security.UserGroupInformation.doAs(UserGroupInformation.java:1878) [hadoop-common-3.3.1.jar:?]
	at org.apache.hadoop.ipc.Server$Handler.run(Server.java:2966) [hadoop-common-3.3.1.jar:?]
2022-10-10 08:37:03,188 [Time-limited test] WARN  ozone.BasicOzoneFileSystem (BasicOzoneFileSystem.java:getFileStatus(765)) - GetFileStatus failed for path /testBatchDelete/parent/child7
java.io.FileNotFoundException: testBatchDelete/parent/child7: No such file or directory!
	at org.apache.hadoop.fs.ozone.BasicOzoneClientAdapterImpl.getFileStatus(BasicOzoneClientAdapterImpl.java:369)
	at org.apache.hadoop.fs.ozone.BasicOzoneFileSystem.getFileStatus(BasicOzoneFileSystem.java:757)
	at org.apache.hadoop.fs.FileSystem.exists(FileSystem.java:1760)
	at org.apache.hadoop.fs.ozone.BasicOzoneFileSystem.exists(BasicOzoneFileSystem.java:804)
	at org.apache.hadoop.fs.ozone.TestOzoneFileSystem.testFileDelete(TestOzoneFileSystem.java:534)
	at sun.reflect.NativeMethodAccessorImpl.invoke0(Native Method)
	at sun.reflect.NativeMethodAccessorImpl.invoke(NativeMethodAccessorImpl.java:62)
	at sun.reflect.DelegatingMethodAccessorImpl.invoke(DelegatingMethodAccessorImpl.java:43)
	at java.lang.reflect.Method.invoke(Method.java:498)
	at org.junit.runners.model.FrameworkMethod$1.runReflectiveCall(FrameworkMethod.java:59)
	at org.junit.internal.runners.model.ReflectiveCallable.run(ReflectiveCallable.java:12)
	at org.junit.runners.model.FrameworkMethod.invokeExplosively(FrameworkMethod.java:56)
	at org.junit.internal.runners.statements.InvokeMethod.evaluate(InvokeMethod.java:17)
	at org.junit.internal.runners.statements.RunAfters.evaluate(RunAfters.java:27)
	at org.junit.internal.runners.statements.FailOnTimeout$CallableStatement.call(FailOnTimeout.java:288)
	at org.junit.internal.runners.statements.FailOnTimeout$CallableStatement.call(FailOnTimeout.java:282)
	at java.util.concurrent.FutureTask.run(FutureTask.java:266)
	at java.lang.Thread.run(Thread.java:750)
08:37:03.189 [IPC Server handler 3 on default port 46487] ERROR OMAudit - user=runner | ip=127.0.0.1 | op=GET_FILE_STATUS {volume=volume16396, bucket=bucket39555, key=testBatchDelete/parent/childFolder/child7, dataSize=0, replicationConfig=null} | ret=FAILURE
org.apache.hadoop.ozone.om.exceptions.OMException: Unable to get file status: volume: volume16396 bucket: bucket39555 key: testBatchDelete/parent/childFolder/child7
	at org.apache.hadoop.ozone.om.KeyManagerImpl.getOzoneFileStatus(KeyManagerImpl.java:1270) ~[ozone-manager-1.3.0-SNAPSHOT.jar:?]
	at org.apache.hadoop.ozone.om.KeyManagerImpl.getFileStatus(KeyManagerImpl.java:1200) ~[ozone-manager-1.3.0-SNAPSHOT.jar:?]
	at org.apache.hadoop.ozone.om.OzoneManager.getFileStatus(OzoneManager.java:3507) ~[ozone-manager-1.3.0-SNAPSHOT.jar:?]
	at org.apache.hadoop.ozone.protocolPB.OzoneManagerRequestHandler.getOzoneFileStatus(OzoneManagerRequestHandler.java:882) ~[ozone-manager-1.3.0-SNAPSHOT.jar:?]
	at org.apache.hadoop.ozone.protocolPB.OzoneManagerRequestHandler.handleReadRequest(OzoneManagerRequestHandler.java:228) ~[ozone-manager-1.3.0-SNAPSHOT.jar:?]
	at org.apache.hadoop.ozone.protocolPB.OzoneManagerProtocolServerSideTranslatorPB.submitReadRequestToOM(OzoneManagerProtocolServerSideTranslatorPB.java:226) ~[ozone-manager-1.3.0-SNAPSHOT.jar:?]
	at org.apache.hadoop.ozone.protocolPB.OzoneManagerProtocolServerSideTranslatorPB.processRequest(OzoneManagerProtocolServerSideTranslatorPB.java:175) ~[ozone-manager-1.3.0-SNAPSHOT.jar:?]
	at org.apache.hadoop.hdds.server.OzoneProtocolMessageDispatcher.processRequest(OzoneProtocolMessageDispatcher.java:87) [hdds-server-framework-1.3.0-SNAPSHOT.jar:?]
	at org.apache.hadoop.ozone.protocolPB.OzoneManagerProtocolServerSideTranslatorPB.submitRequest(OzoneManagerProtocolServerSideTranslatorPB.java:147) [ozone-manager-1.3.0-SNAPSHOT.jar:?]
	at org.apache.hadoop.ozone.protocol.proto.OzoneManagerProtocolProtos$OzoneManagerService$2.callBlockingMethod(OzoneManagerProtocolProtos.java) [ozone-interface-client-1.3.0-SNAPSHOT.jar:?]
	at org.apache.hadoop.ipc.ProtobufRpcEngine$Server.processCall(ProtobufRpcEngine.java:466) [hadoop-common-3.3.1.jar:?]
	at org.apache.hadoop.ipc.ProtobufRpcEngine2$Server$ProtoBufRpcInvoker.call(ProtobufRpcEngine2.java:574) [hadoop-common-3.3.1.jar:?]
	at org.apache.hadoop.ipc.ProtobufRpcEngine2$Server$ProtoBufRpcInvoker.call(ProtobufRpcEngine2.java:552) [hadoop-common-3.3.1.jar:?]
	at org.apache.hadoop.ipc.RPC$Server.call(RPC.java:1093) [hadoop-common-3.3.1.jar:?]
	at org.apache.hadoop.ipc.Server$RpcCall.run(Server.java:1035) [hadoop-common-3.3.1.jar:?]
	at org.apache.hadoop.ipc.Server$RpcCall.run(Server.java:963) [hadoop-common-3.3.1.jar:?]
	at java.security.AccessController.doPrivileged(Native Method) ~[?:1.8.0_345]
	at javax.security.auth.Subject.doAs(Subject.java:422) [?:1.8.0_345]
	at org.apache.hadoop.security.UserGroupInformation.doAs(UserGroupInformation.java:1878) [hadoop-common-3.3.1.jar:?]
	at org.apache.hadoop.ipc.Server$Handler.run(Server.java:2966) [hadoop-common-3.3.1.jar:?]
2022-10-10 08:37:03,189 [Time-limited test] WARN  ozone.BasicOzoneFileSystem (BasicOzoneFileSystem.java:getFileStatus(765)) - GetFileStatus failed for path /testBatchDelete/parent/childFolder/child7
java.io.FileNotFoundException: testBatchDelete/parent/childFolder/child7: No such file or directory!
	at org.apache.hadoop.fs.ozone.BasicOzoneClientAdapterImpl.getFileStatus(BasicOzoneClientAdapterImpl.java:369)
	at org.apache.hadoop.fs.ozone.BasicOzoneFileSystem.getFileStatus(BasicOzoneFileSystem.java:757)
	at org.apache.hadoop.fs.FileSystem.exists(FileSystem.java:1760)
	at org.apache.hadoop.fs.ozone.BasicOzoneFileSystem.exists(BasicOzoneFileSystem.java:804)
	at org.apache.hadoop.fs.ozone.TestOzoneFileSystem.testFileDelete(TestOzoneFileSystem.java:539)
	at sun.reflect.NativeMethodAccessorImpl.invoke0(Native Method)
	at sun.reflect.NativeMethodAccessorImpl.invoke(NativeMethodAccessorImpl.java:62)
	at sun.reflect.DelegatingMethodAccessorImpl.invoke(DelegatingMethodAccessorImpl.java:43)
	at java.lang.reflect.Method.invoke(Method.java:498)
	at org.junit.runners.model.FrameworkMethod$1.runReflectiveCall(FrameworkMethod.java:59)
	at org.junit.internal.runners.model.ReflectiveCallable.run(ReflectiveCallable.java:12)
	at org.junit.runners.model.FrameworkMethod.invokeExplosively(FrameworkMethod.java:56)
	at org.junit.internal.runners.statements.InvokeMethod.evaluate(InvokeMethod.java:17)
	at org.junit.internal.runners.statements.RunAfters.evaluate(RunAfters.java:27)
	at org.junit.internal.runners.statements.FailOnTimeout$CallableStatement.call(FailOnTimeout.java:288)
	at org.junit.internal.runners.statements.FailOnTimeout$CallableStatement.call(FailOnTimeout.java:282)
	at java.util.concurrent.FutureTask.run(FutureTask.java:266)
	at java.lang.Thread.run(Thread.java:750)
08:37:03.190 [IPC Server handler 9 on default port 46487] ERROR OMAudit - user=runner | ip=127.0.0.1 | op=GET_FILE_STATUS {volume=volume16396, bucket=bucket39555, key=testBatchDelete/parent, dataSize=0, replicationConfig=null} | ret=FAILURE
org.apache.hadoop.ozone.om.exceptions.OMException: Unable to get file status: volume: volume16396 bucket: bucket39555 key: testBatchDelete/parent
	at org.apache.hadoop.ozone.om.KeyManagerImpl.getOzoneFileStatus(KeyManagerImpl.java:1270) ~[ozone-manager-1.3.0-SNAPSHOT.jar:?]
	at org.apache.hadoop.ozone.om.KeyManagerImpl.getFileStatus(KeyManagerImpl.java:1200) ~[ozone-manager-1.3.0-SNAPSHOT.jar:?]
	at org.apache.hadoop.ozone.om.OzoneManager.getFileStatus(OzoneManager.java:3507) ~[ozone-manager-1.3.0-SNAPSHOT.jar:?]
	at org.apache.hadoop.ozone.protocolPB.OzoneManagerRequestHandler.getOzoneFileStatus(OzoneManagerRequestHandler.java:882) ~[ozone-manager-1.3.0-SNAPSHOT.jar:?]
	at org.apache.hadoop.ozone.protocolPB.OzoneManagerRequestHandler.handleReadRequest(OzoneManagerRequestHandler.java:228) ~[ozone-manager-1.3.0-SNAPSHOT.jar:?]
	at org.apache.hadoop.ozone.protocolPB.OzoneManagerProtocolServerSideTranslatorPB.submitReadRequestToOM(OzoneManagerProtocolServerSideTranslatorPB.java:226) ~[ozone-manager-1.3.0-SNAPSHOT.jar:?]
	at org.apache.hadoop.ozone.protocolPB.OzoneManagerProtocolServerSideTranslatorPB.processRequest(OzoneManagerProtocolServerSideTranslatorPB.java:175) ~[ozone-manager-1.3.0-SNAPSHOT.jar:?]
	at org.apache.hadoop.hdds.server.OzoneProtocolMessageDispatcher.processRequest(OzoneProtocolMessageDispatcher.java:87) [hdds-server-framework-1.3.0-SNAPSHOT.jar:?]
	at org.apache.hadoop.ozone.protocolPB.OzoneManagerProtocolServerSideTranslatorPB.submitRequest(OzoneManagerProtocolServerSideTranslatorPB.java:147) [ozone-manager-1.3.0-SNAPSHOT.jar:?]
	at org.apache.hadoop.ozone.protocol.proto.OzoneManagerProtocolProtos$OzoneManagerService$2.callBlockingMethod(OzoneManagerProtocolProtos.java) [ozone-interface-client-1.3.0-SNAPSHOT.jar:?]
	at org.apache.hadoop.ipc.ProtobufRpcEngine$Server.processCall(ProtobufRpcEngine.java:466) [hadoop-common-3.3.1.jar:?]
	at org.apache.hadoop.ipc.ProtobufRpcEngine2$Server$ProtoBufRpcInvoker.call(ProtobufRpcEngine2.java:574) [hadoop-common-3.3.1.jar:?]
	at org.apache.hadoop.ipc.ProtobufRpcEngine2$Server$ProtoBufRpcInvoker.call(ProtobufRpcEngine2.java:552) [hadoop-common-3.3.1.jar:?]
	at org.apache.hadoop.ipc.RPC$Server.call(RPC.java:1093) [hadoop-common-3.3.1.jar:?]
	at org.apache.hadoop.ipc.Server$RpcCall.run(Server.java:1035) [hadoop-common-3.3.1.jar:?]
	at org.apache.hadoop.ipc.Server$RpcCall.run(Server.java:963) [hadoop-common-3.3.1.jar:?]
	at java.security.AccessController.doPrivileged(Native Method) ~[?:1.8.0_345]
	at javax.security.auth.Subject.doAs(Subject.java:422) [?:1.8.0_345]
	at org.apache.hadoop.security.UserGroupInformation.doAs(UserGroupInformation.java:1878) [hadoop-common-3.3.1.jar:?]
	at org.apache.hadoop.ipc.Server$Handler.run(Server.java:2966) [hadoop-common-3.3.1.jar:?]
2022-10-10 08:37:03,191 [Time-limited test] WARN  ozone.BasicOzoneFileSystem (BasicOzoneFileSystem.java:getFileStatus(765)) - GetFileStatus failed for path /testBatchDelete/parent
java.io.FileNotFoundException: testBatchDelete/parent: No such file or directory!
	at org.apache.hadoop.fs.ozone.BasicOzoneClientAdapterImpl.getFileStatus(BasicOzoneClientAdapterImpl.java:369)
	at org.apache.hadoop.fs.ozone.BasicOzoneFileSystem.getFileStatus(BasicOzoneFileSystem.java:757)
	at org.apache.hadoop.fs.ozone.BasicOzoneFileSystem.delete(BasicOzoneFileSystem.java:530)
	at org.apache.hadoop.fs.ozone.TestOzoneFileSystem.testFileDelete(TestOzoneFileSystem.java:543)
	at sun.reflect.NativeMethodAccessorImpl.invoke0(Native Method)
	at sun.reflect.NativeMethodAccessorImpl.invoke(NativeMethodAccessorImpl.java:62)
	at sun.reflect.DelegatingMethodAccessorImpl.invoke(DelegatingMethodAccessorImpl.java:43)
	at java.lang.reflect.Method.invoke(Method.java:498)
	at org.junit.runners.model.FrameworkMethod$1.runReflectiveCall(FrameworkMethod.java:59)
	at org.junit.internal.runners.model.ReflectiveCallable.run(ReflectiveCallable.java:12)
	at org.junit.runners.model.FrameworkMethod.invokeExplosively(FrameworkMethod.java:56)
	at org.junit.internal.runners.statements.InvokeMethod.evaluate(InvokeMethod.java:17)
	at org.junit.internal.runners.statements.RunAfters.evaluate(RunAfters.java:27)
	at org.junit.internal.runners.statements.FailOnTimeout$CallableStatement.call(FailOnTimeout.java:288)
	at org.junit.internal.runners.statements.FailOnTimeout$CallableStatement.call(FailOnTimeout.java:282)
	at java.util.concurrent.FutureTask.run(FutureTask.java:266)
	at java.lang.Thread.run(Thread.java:750)
2022-10-10 08:37:03,191 [Time-limited test] WARN  ozone.BasicOzoneFileSystem (BasicOzoneFileSystem.java:delete(532)) - delete: Path does not exist: /testBatchDelete/parent
]]></system-out>
  </testcase>
  <testcase name="testFileDelete" classname="TestOzoneFileSystem" time="0.159">
    <system-out><![CDATA[08:38:46.517 [IPC Server handler 8 on default port 43231] ERROR OMAudit - user=runner | ip=127.0.0.1 | op=GET_FILE_STATUS {volume=volume27327, bucket=bucket40120, key=testBatchDelete, dataSize=0, replicationConfig=null} | ret=FAILURE
org.apache.hadoop.ozone.om.exceptions.OMException: Unable to get file status: volume: volume27327 bucket: bucket40120 key: testBatchDelete
	at org.apache.hadoop.ozone.om.KeyManagerImpl.getOzoneFileStatus(KeyManagerImpl.java:1270) ~[ozone-manager-1.3.0-SNAPSHOT.jar:?]
	at org.apache.hadoop.ozone.om.KeyManagerImpl.getFileStatus(KeyManagerImpl.java:1200) ~[ozone-manager-1.3.0-SNAPSHOT.jar:?]
	at org.apache.hadoop.ozone.om.OzoneManager.getFileStatus(OzoneManager.java:3507) ~[ozone-manager-1.3.0-SNAPSHOT.jar:?]
	at org.apache.hadoop.ozone.protocolPB.OzoneManagerRequestHandler.getOzoneFileStatus(OzoneManagerRequestHandler.java:882) ~[ozone-manager-1.3.0-SNAPSHOT.jar:?]
	at org.apache.hadoop.ozone.protocolPB.OzoneManagerRequestHandler.handleReadRequest(OzoneManagerRequestHandler.java:228) ~[ozone-manager-1.3.0-SNAPSHOT.jar:?]
	at org.apache.hadoop.ozone.protocolPB.OzoneManagerProtocolServerSideTranslatorPB.submitRequestDirectlyToOM(OzoneManagerProtocolServerSideTranslatorPB.java:276) ~[ozone-manager-1.3.0-SNAPSHOT.jar:?]
	at org.apache.hadoop.ozone.protocolPB.OzoneManagerProtocolServerSideTranslatorPB.processRequest(OzoneManagerProtocolServerSideTranslatorPB.java:205) ~[ozone-manager-1.3.0-SNAPSHOT.jar:?]
	at org.apache.hadoop.hdds.server.OzoneProtocolMessageDispatcher.processRequest(OzoneProtocolMessageDispatcher.java:87) [hdds-server-framework-1.3.0-SNAPSHOT.jar:?]
	at org.apache.hadoop.ozone.protocolPB.OzoneManagerProtocolServerSideTranslatorPB.submitRequest(OzoneManagerProtocolServerSideTranslatorPB.java:147) [ozone-manager-1.3.0-SNAPSHOT.jar:?]
	at org.apache.hadoop.ozone.protocol.proto.OzoneManagerProtocolProtos$OzoneManagerService$2.callBlockingMethod(OzoneManagerProtocolProtos.java) [ozone-interface-client-1.3.0-SNAPSHOT.jar:?]
	at org.apache.hadoop.ipc.ProtobufRpcEngine$Server.processCall(ProtobufRpcEngine.java:466) [hadoop-common-3.3.1.jar:?]
	at org.apache.hadoop.ipc.ProtobufRpcEngine2$Server$ProtoBufRpcInvoker.call(ProtobufRpcEngine2.java:574) [hadoop-common-3.3.1.jar:?]
	at org.apache.hadoop.ipc.ProtobufRpcEngine2$Server$ProtoBufRpcInvoker.call(ProtobufRpcEngine2.java:552) [hadoop-common-3.3.1.jar:?]
	at org.apache.hadoop.ipc.RPC$Server.call(RPC.java:1093) [hadoop-common-3.3.1.jar:?]
	at org.apache.hadoop.ipc.Server$RpcCall.run(Server.java:1035) [hadoop-common-3.3.1.jar:?]
	at org.apache.hadoop.ipc.Server$RpcCall.run(Server.java:963) [hadoop-common-3.3.1.jar:?]
	at java.security.AccessController.doPrivileged(Native Method) ~[?:1.8.0_345]
	at javax.security.auth.Subject.doAs(Subject.java:422) [?:1.8.0_345]
	at org.apache.hadoop.security.UserGroupInformation.doAs(UserGroupInformation.java:1878) [hadoop-common-3.3.1.jar:?]
	at org.apache.hadoop.ipc.Server$Handler.run(Server.java:2966) [hadoop-common-3.3.1.jar:?]
2022-10-10 08:38:46,518 [Time-limited test] WARN  ozone.BasicOzoneFileSystem (BasicOzoneFileSystem.java:getFileStatus(765)) - GetFileStatus failed for path /testBatchDelete
java.io.FileNotFoundException: testBatchDelete: No such file or directory!
	at org.apache.hadoop.fs.ozone.BasicOzoneClientAdapterImpl.getFileStatus(BasicOzoneClientAdapterImpl.java:369)
	at org.apache.hadoop.fs.ozone.BasicOzoneFileSystem.getFileStatus(BasicOzoneFileSystem.java:757)
	at org.apache.hadoop.fs.FileSystem.exists(FileSystem.java:1760)
	at org.apache.hadoop.fs.ozone.BasicOzoneFileSystem.exists(BasicOzoneFileSystem.java:804)
	at org.apache.hadoop.fs.ozone.TestOzoneFileSystem.testFileDelete(TestOzoneFileSystem.java:530)
	at sun.reflect.NativeMethodAccessorImpl.invoke0(Native Method)
	at sun.reflect.NativeMethodAccessorImpl.invoke(NativeMethodAccessorImpl.java:62)
	at sun.reflect.DelegatingMethodAccessorImpl.invoke(DelegatingMethodAccessorImpl.java:43)
	at java.lang.reflect.Method.invoke(Method.java:498)
	at org.junit.runners.model.FrameworkMethod$1.runReflectiveCall(FrameworkMethod.java:59)
	at org.junit.internal.runners.model.ReflectiveCallable.run(ReflectiveCallable.java:12)
	at org.junit.runners.model.FrameworkMethod.invokeExplosively(FrameworkMethod.java:56)
	at org.junit.internal.runners.statements.InvokeMethod.evaluate(InvokeMethod.java:17)
	at org.junit.internal.runners.statements.RunAfters.evaluate(RunAfters.java:27)
	at org.junit.internal.runners.statements.FailOnTimeout$CallableStatement.call(FailOnTimeout.java:288)
	at org.junit.internal.runners.statements.FailOnTimeout$CallableStatement.call(FailOnTimeout.java:282)
	at java.util.concurrent.FutureTask.run(FutureTask.java:266)
	at java.lang.Thread.run(Thread.java:750)
08:38:46.521 [IPC Server handler 10 on default port 43231] ERROR OMAudit - user=runner | ip=127.0.0.1 | op=GET_FILE_STATUS {volume=volume27327, bucket=bucket40120, key=testBatchDelete/parent/child0, dataSize=0, replicationConfig=null} | ret=FAILURE
org.apache.hadoop.ozone.om.exceptions.OMException: Unable to get file status: volume: volume27327 bucket: bucket40120 key: testBatchDelete/parent/child0
	at org.apache.hadoop.ozone.om.KeyManagerImpl.getOzoneFileStatus(KeyManagerImpl.java:1270) ~[ozone-manager-1.3.0-SNAPSHOT.jar:?]
	at org.apache.hadoop.ozone.om.KeyManagerImpl.getFileStatus(KeyManagerImpl.java:1200) ~[ozone-manager-1.3.0-SNAPSHOT.jar:?]
	at org.apache.hadoop.ozone.om.OzoneManager.getFileStatus(OzoneManager.java:3507) ~[ozone-manager-1.3.0-SNAPSHOT.jar:?]
	at org.apache.hadoop.ozone.protocolPB.OzoneManagerRequestHandler.getOzoneFileStatus(OzoneManagerRequestHandler.java:882) ~[ozone-manager-1.3.0-SNAPSHOT.jar:?]
	at org.apache.hadoop.ozone.protocolPB.OzoneManagerRequestHandler.handleReadRequest(OzoneManagerRequestHandler.java:228) ~[ozone-manager-1.3.0-SNAPSHOT.jar:?]
	at org.apache.hadoop.ozone.protocolPB.OzoneManagerProtocolServerSideTranslatorPB.submitRequestDirectlyToOM(OzoneManagerProtocolServerSideTranslatorPB.java:276) ~[ozone-manager-1.3.0-SNAPSHOT.jar:?]
	at org.apache.hadoop.ozone.protocolPB.OzoneManagerProtocolServerSideTranslatorPB.processRequest(OzoneManagerProtocolServerSideTranslatorPB.java:205) ~[ozone-manager-1.3.0-SNAPSHOT.jar:?]
	at org.apache.hadoop.hdds.server.OzoneProtocolMessageDispatcher.processRequest(OzoneProtocolMessageDispatcher.java:87) [hdds-server-framework-1.3.0-SNAPSHOT.jar:?]
	at org.apache.hadoop.ozone.protocolPB.OzoneManagerProtocolServerSideTranslatorPB.submitRequest(OzoneManagerProtocolServerSideTranslatorPB.java:147) [ozone-manager-1.3.0-SNAPSHOT.jar:?]
	at org.apache.hadoop.ozone.protocol.proto.OzoneManagerProtocolProtos$OzoneManagerService$2.callBlockingMethod(OzoneManagerProtocolProtos.java) [ozone-interface-client-1.3.0-SNAPSHOT.jar:?]
	at org.apache.hadoop.ipc.ProtobufRpcEngine$Server.processCall(ProtobufRpcEngine.java:466) [hadoop-common-3.3.1.jar:?]
	at org.apache.hadoop.ipc.ProtobufRpcEngine2$Server$ProtoBufRpcInvoker.call(ProtobufRpcEngine2.java:574) [hadoop-common-3.3.1.jar:?]
	at org.apache.hadoop.ipc.ProtobufRpcEngine2$Server$ProtoBufRpcInvoker.call(ProtobufRpcEngine2.java:552) [hadoop-common-3.3.1.jar:?]
	at org.apache.hadoop.ipc.RPC$Server.call(RPC.java:1093) [hadoop-common-3.3.1.jar:?]
	at org.apache.hadoop.ipc.Server$RpcCall.run(Server.java:1035) [hadoop-common-3.3.1.jar:?]
	at org.apache.hadoop.ipc.Server$RpcCall.run(Server.java:963) [hadoop-common-3.3.1.jar:?]
	at java.security.AccessController.doPrivileged(Native Method) ~[?:1.8.0_345]
	at javax.security.auth.Subject.doAs(Subject.java:422) [?:1.8.0_345]
	at org.apache.hadoop.security.UserGroupInformation.doAs(UserGroupInformation.java:1878) [hadoop-common-3.3.1.jar:?]
	at org.apache.hadoop.ipc.Server$Handler.run(Server.java:2966) [hadoop-common-3.3.1.jar:?]
2022-10-10 08:38:46,521 [Time-limited test] WARN  ozone.BasicOzoneFileSystem (BasicOzoneFileSystem.java:getFileStatus(765)) - GetFileStatus failed for path /testBatchDelete/parent/child0
java.io.FileNotFoundException: testBatchDelete/parent/child0: No such file or directory!
	at org.apache.hadoop.fs.ozone.BasicOzoneClientAdapterImpl.getFileStatus(BasicOzoneClientAdapterImpl.java:369)
	at org.apache.hadoop.fs.ozone.BasicOzoneFileSystem.getFileStatus(BasicOzoneFileSystem.java:757)
	at org.apache.hadoop.fs.FileSystem.exists(FileSystem.java:1760)
	at org.apache.hadoop.fs.ozone.BasicOzoneFileSystem.exists(BasicOzoneFileSystem.java:804)
	at org.apache.hadoop.fs.ozone.TestOzoneFileSystem.testFileDelete(TestOzoneFileSystem.java:534)
	at sun.reflect.NativeMethodAccessorImpl.invoke0(Native Method)
	at sun.reflect.NativeMethodAccessorImpl.invoke(NativeMethodAccessorImpl.java:62)
	at sun.reflect.DelegatingMethodAccessorImpl.invoke(DelegatingMethodAccessorImpl.java:43)
	at java.lang.reflect.Method.invoke(Method.java:498)
	at org.junit.runners.model.FrameworkMethod$1.runReflectiveCall(FrameworkMethod.java:59)
	at org.junit.internal.runners.model.ReflectiveCallable.run(ReflectiveCallable.java:12)
	at org.junit.runners.model.FrameworkMethod.invokeExplosively(FrameworkMethod.java:56)
	at org.junit.internal.runners.statements.InvokeMethod.evaluate(InvokeMethod.java:17)
	at org.junit.internal.runners.statements.RunAfters.evaluate(RunAfters.java:27)
	at org.junit.internal.runners.statements.FailOnTimeout$CallableStatement.call(FailOnTimeout.java:288)
	at org.junit.internal.runners.statements.FailOnTimeout$CallableStatement.call(FailOnTimeout.java:282)
	at java.util.concurrent.FutureTask.run(FutureTask.java:266)
	at java.lang.Thread.run(Thread.java:750)
08:38:46.522 [IPC Server handler 9 on default port 43231] ERROR OMAudit - user=runner | ip=127.0.0.1 | op=GET_FILE_STATUS {volume=volume27327, bucket=bucket40120, key=testBatchDelete/parent/childFolder/child0, dataSize=0, replicationConfig=null} | ret=FAILURE
org.apache.hadoop.ozone.om.exceptions.OMException: Unable to get file status: volume: volume27327 bucket: bucket40120 key: testBatchDelete/parent/childFolder/child0
	at org.apache.hadoop.ozone.om.KeyManagerImpl.getOzoneFileStatus(KeyManagerImpl.java:1270) ~[ozone-manager-1.3.0-SNAPSHOT.jar:?]
	at org.apache.hadoop.ozone.om.KeyManagerImpl.getFileStatus(KeyManagerImpl.java:1200) ~[ozone-manager-1.3.0-SNAPSHOT.jar:?]
	at org.apache.hadoop.ozone.om.OzoneManager.getFileStatus(OzoneManager.java:3507) ~[ozone-manager-1.3.0-SNAPSHOT.jar:?]
	at org.apache.hadoop.ozone.protocolPB.OzoneManagerRequestHandler.getOzoneFileStatus(OzoneManagerRequestHandler.java:882) ~[ozone-manager-1.3.0-SNAPSHOT.jar:?]
	at org.apache.hadoop.ozone.protocolPB.OzoneManagerRequestHandler.handleReadRequest(OzoneManagerRequestHandler.java:228) ~[ozone-manager-1.3.0-SNAPSHOT.jar:?]
	at org.apache.hadoop.ozone.protocolPB.OzoneManagerProtocolServerSideTranslatorPB.submitRequestDirectlyToOM(OzoneManagerProtocolServerSideTranslatorPB.java:276) ~[ozone-manager-1.3.0-SNAPSHOT.jar:?]
	at org.apache.hadoop.ozone.protocolPB.OzoneManagerProtocolServerSideTranslatorPB.processRequest(OzoneManagerProtocolServerSideTranslatorPB.java:205) ~[ozone-manager-1.3.0-SNAPSHOT.jar:?]
	at org.apache.hadoop.hdds.server.OzoneProtocolMessageDispatcher.processRequest(OzoneProtocolMessageDispatcher.java:87) [hdds-server-framework-1.3.0-SNAPSHOT.jar:?]
	at org.apache.hadoop.ozone.protocolPB.OzoneManagerProtocolServerSideTranslatorPB.submitRequest(OzoneManagerProtocolServerSideTranslatorPB.java:147) [ozone-manager-1.3.0-SNAPSHOT.jar:?]
	at org.apache.hadoop.ozone.protocol.proto.OzoneManagerProtocolProtos$OzoneManagerService$2.callBlockingMethod(OzoneManagerProtocolProtos.java) [ozone-interface-client-1.3.0-SNAPSHOT.jar:?]
	at org.apache.hadoop.ipc.ProtobufRpcEngine$Server.processCall(ProtobufRpcEngine.java:466) [hadoop-common-3.3.1.jar:?]
	at org.apache.hadoop.ipc.ProtobufRpcEngine2$Server$ProtoBufRpcInvoker.call(ProtobufRpcEngine2.java:574) [hadoop-common-3.3.1.jar:?]
	at org.apache.hadoop.ipc.ProtobufRpcEngine2$Server$ProtoBufRpcInvoker.call(ProtobufRpcEngine2.java:552) [hadoop-common-3.3.1.jar:?]
	at org.apache.hadoop.ipc.RPC$Server.call(RPC.java:1093) [hadoop-common-3.3.1.jar:?]
	at org.apache.hadoop.ipc.Server$RpcCall.run(Server.java:1035) [hadoop-common-3.3.1.jar:?]
	at org.apache.hadoop.ipc.Server$RpcCall.run(Server.java:963) [hadoop-common-3.3.1.jar:?]
	at java.security.AccessController.doPrivileged(Native Method) ~[?:1.8.0_345]
	at javax.security.auth.Subject.doAs(Subject.java:422) [?:1.8.0_345]
	at org.apache.hadoop.security.UserGroupInformation.doAs(UserGroupInformation.java:1878) [hadoop-common-3.3.1.jar:?]
	at org.apache.hadoop.ipc.Server$Handler.run(Server.java:2966) [hadoop-common-3.3.1.jar:?]
2022-10-10 08:38:46,522 [Time-limited test] WARN  ozone.BasicOzoneFileSystem (BasicOzoneFileSystem.java:getFileStatus(765)) - GetFileStatus failed for path /testBatchDelete/parent/childFolder/child0
java.io.FileNotFoundException: testBatchDelete/parent/childFolder/child0: No such file or directory!
	at org.apache.hadoop.fs.ozone.BasicOzoneClientAdapterImpl.getFileStatus(BasicOzoneClientAdapterImpl.java:369)
	at org.apache.hadoop.fs.ozone.BasicOzoneFileSystem.getFileStatus(BasicOzoneFileSystem.java:757)
	at org.apache.hadoop.fs.FileSystem.exists(FileSystem.java:1760)
	at org.apache.hadoop.fs.ozone.BasicOzoneFileSystem.exists(BasicOzoneFileSystem.java:804)
	at org.apache.hadoop.fs.ozone.TestOzoneFileSystem.testFileDelete(TestOzoneFileSystem.java:539)
	at sun.reflect.NativeMethodAccessorImpl.invoke0(Native Method)
	at sun.reflect.NativeMethodAccessorImpl.invoke(NativeMethodAccessorImpl.java:62)
	at sun.reflect.DelegatingMethodAccessorImpl.invoke(DelegatingMethodAccessorImpl.java:43)
	at java.lang.reflect.Method.invoke(Method.java:498)
	at org.junit.runners.model.FrameworkMethod$1.runReflectiveCall(FrameworkMethod.java:59)
	at org.junit.internal.runners.model.ReflectiveCallable.run(ReflectiveCallable.java:12)
	at org.junit.runners.model.FrameworkMethod.invokeExplosively(FrameworkMethod.java:56)
	at org.junit.internal.runners.statements.InvokeMethod.evaluate(InvokeMethod.java:17)
	at org.junit.internal.runners.statements.RunAfters.evaluate(RunAfters.java:27)
	at org.junit.internal.runners.statements.FailOnTimeout$CallableStatement.call(FailOnTimeout.java:288)
	at org.junit.internal.runners.statements.FailOnTimeout$CallableStatement.call(FailOnTimeout.java:282)
	at java.util.concurrent.FutureTask.run(FutureTask.java:266)
	at java.lang.Thread.run(Thread.java:750)
08:38:46.523 [IPC Server handler 11 on default port 43231] ERROR OMAudit - user=runner | ip=127.0.0.1 | op=GET_FILE_STATUS {volume=volume27327, bucket=bucket40120, key=testBatchDelete/parent/child1, dataSize=0, replicationConfig=null} | ret=FAILURE
org.apache.hadoop.ozone.om.exceptions.OMException: Unable to get file status: volume: volume27327 bucket: bucket40120 key: testBatchDelete/parent/child1
	at org.apache.hadoop.ozone.om.KeyManagerImpl.getOzoneFileStatus(KeyManagerImpl.java:1270) ~[ozone-manager-1.3.0-SNAPSHOT.jar:?]
	at org.apache.hadoop.ozone.om.KeyManagerImpl.getFileStatus(KeyManagerImpl.java:1200) ~[ozone-manager-1.3.0-SNAPSHOT.jar:?]
	at org.apache.hadoop.ozone.om.OzoneManager.getFileStatus(OzoneManager.java:3507) ~[ozone-manager-1.3.0-SNAPSHOT.jar:?]
	at org.apache.hadoop.ozone.protocolPB.OzoneManagerRequestHandler.getOzoneFileStatus(OzoneManagerRequestHandler.java:882) ~[ozone-manager-1.3.0-SNAPSHOT.jar:?]
	at org.apache.hadoop.ozone.protocolPB.OzoneManagerRequestHandler.handleReadRequest(OzoneManagerRequestHandler.java:228) ~[ozone-manager-1.3.0-SNAPSHOT.jar:?]
	at org.apache.hadoop.ozone.protocolPB.OzoneManagerProtocolServerSideTranslatorPB.submitRequestDirectlyToOM(OzoneManagerProtocolServerSideTranslatorPB.java:276) ~[ozone-manager-1.3.0-SNAPSHOT.jar:?]
	at org.apache.hadoop.ozone.protocolPB.OzoneManagerProtocolServerSideTranslatorPB.processRequest(OzoneManagerProtocolServerSideTranslatorPB.java:205) ~[ozone-manager-1.3.0-SNAPSHOT.jar:?]
	at org.apache.hadoop.hdds.server.OzoneProtocolMessageDispatcher.processRequest(OzoneProtocolMessageDispatcher.java:87) [hdds-server-framework-1.3.0-SNAPSHOT.jar:?]
	at org.apache.hadoop.ozone.protocolPB.OzoneManagerProtocolServerSideTranslatorPB.submitRequest(OzoneManagerProtocolServerSideTranslatorPB.java:147) [ozone-manager-1.3.0-SNAPSHOT.jar:?]
	at org.apache.hadoop.ozone.protocol.proto.OzoneManagerProtocolProtos$OzoneManagerService$2.callBlockingMethod(OzoneManagerProtocolProtos.java) [ozone-interface-client-1.3.0-SNAPSHOT.jar:?]
	at org.apache.hadoop.ipc.ProtobufRpcEngine$Server.processCall(ProtobufRpcEngine.java:466) [hadoop-common-3.3.1.jar:?]
	at org.apache.hadoop.ipc.ProtobufRpcEngine2$Server$ProtoBufRpcInvoker.call(ProtobufRpcEngine2.java:574) [hadoop-common-3.3.1.jar:?]
	at org.apache.hadoop.ipc.ProtobufRpcEngine2$Server$ProtoBufRpcInvoker.call(ProtobufRpcEngine2.java:552) [hadoop-common-3.3.1.jar:?]
	at org.apache.hadoop.ipc.RPC$Server.call(RPC.java:1093) [hadoop-common-3.3.1.jar:?]
	at org.apache.hadoop.ipc.Server$RpcCall.run(Server.java:1035) [hadoop-common-3.3.1.jar:?]
	at org.apache.hadoop.ipc.Server$RpcCall.run(Server.java:963) [hadoop-common-3.3.1.jar:?]
	at java.security.AccessController.doPrivileged(Native Method) ~[?:1.8.0_345]
	at javax.security.auth.Subject.doAs(Subject.java:422) [?:1.8.0_345]
	at org.apache.hadoop.security.UserGroupInformation.doAs(UserGroupInformation.java:1878) [hadoop-common-3.3.1.jar:?]
	at org.apache.hadoop.ipc.Server$Handler.run(Server.java:2966) [hadoop-common-3.3.1.jar:?]
2022-10-10 08:38:46,523 [Time-limited test] WARN  ozone.BasicOzoneFileSystem (BasicOzoneFileSystem.java:getFileStatus(765)) - GetFileStatus failed for path /testBatchDelete/parent/child1
java.io.FileNotFoundException: testBatchDelete/parent/child1: No such file or directory!
	at org.apache.hadoop.fs.ozone.BasicOzoneClientAdapterImpl.getFileStatus(BasicOzoneClientAdapterImpl.java:369)
	at org.apache.hadoop.fs.ozone.BasicOzoneFileSystem.getFileStatus(BasicOzoneFileSystem.java:757)
	at org.apache.hadoop.fs.FileSystem.exists(FileSystem.java:1760)
	at org.apache.hadoop.fs.ozone.BasicOzoneFileSystem.exists(BasicOzoneFileSystem.java:804)
	at org.apache.hadoop.fs.ozone.TestOzoneFileSystem.testFileDelete(TestOzoneFileSystem.java:534)
	at sun.reflect.NativeMethodAccessorImpl.invoke0(Native Method)
	at sun.reflect.NativeMethodAccessorImpl.invoke(NativeMethodAccessorImpl.java:62)
	at sun.reflect.DelegatingMethodAccessorImpl.invoke(DelegatingMethodAccessorImpl.java:43)
	at java.lang.reflect.Method.invoke(Method.java:498)
	at org.junit.runners.model.FrameworkMethod$1.runReflectiveCall(FrameworkMethod.java:59)
	at org.junit.internal.runners.model.ReflectiveCallable.run(ReflectiveCallable.java:12)
	at org.junit.runners.model.FrameworkMethod.invokeExplosively(FrameworkMethod.java:56)
	at org.junit.internal.runners.statements.InvokeMethod.evaluate(InvokeMethod.java:17)
	at org.junit.internal.runners.statements.RunAfters.evaluate(RunAfters.java:27)
	at org.junit.internal.runners.statements.FailOnTimeout$CallableStatement.call(FailOnTimeout.java:288)
	at org.junit.internal.runners.statements.FailOnTimeout$CallableStatement.call(FailOnTimeout.java:282)
	at java.util.concurrent.FutureTask.run(FutureTask.java:266)
	at java.lang.Thread.run(Thread.java:750)
08:38:46.523 [IPC Server handler 12 on default port 43231] ERROR OMAudit - user=runner | ip=127.0.0.1 | op=GET_FILE_STATUS {volume=volume27327, bucket=bucket40120, key=testBatchDelete/parent/childFolder/child1, dataSize=0, replicationConfig=null} | ret=FAILURE
org.apache.hadoop.ozone.om.exceptions.OMException: Unable to get file status: volume: volume27327 bucket: bucket40120 key: testBatchDelete/parent/childFolder/child1
	at org.apache.hadoop.ozone.om.KeyManagerImpl.getOzoneFileStatus(KeyManagerImpl.java:1270) ~[ozone-manager-1.3.0-SNAPSHOT.jar:?]
	at org.apache.hadoop.ozone.om.KeyManagerImpl.getFileStatus(KeyManagerImpl.java:1200) ~[ozone-manager-1.3.0-SNAPSHOT.jar:?]
	at org.apache.hadoop.ozone.om.OzoneManager.getFileStatus(OzoneManager.java:3507) ~[ozone-manager-1.3.0-SNAPSHOT.jar:?]
	at org.apache.hadoop.ozone.protocolPB.OzoneManagerRequestHandler.getOzoneFileStatus(OzoneManagerRequestHandler.java:882) ~[ozone-manager-1.3.0-SNAPSHOT.jar:?]
	at org.apache.hadoop.ozone.protocolPB.OzoneManagerRequestHandler.handleReadRequest(OzoneManagerRequestHandler.java:228) ~[ozone-manager-1.3.0-SNAPSHOT.jar:?]
	at org.apache.hadoop.ozone.protocolPB.OzoneManagerProtocolServerSideTranslatorPB.submitRequestDirectlyToOM(OzoneManagerProtocolServerSideTranslatorPB.java:276) ~[ozone-manager-1.3.0-SNAPSHOT.jar:?]
	at org.apache.hadoop.ozone.protocolPB.OzoneManagerProtocolServerSideTranslatorPB.processRequest(OzoneManagerProtocolServerSideTranslatorPB.java:205) ~[ozone-manager-1.3.0-SNAPSHOT.jar:?]
	at org.apache.hadoop.hdds.server.OzoneProtocolMessageDispatcher.processRequest(OzoneProtocolMessageDispatcher.java:87) [hdds-server-framework-1.3.0-SNAPSHOT.jar:?]
	at org.apache.hadoop.ozone.protocolPB.OzoneManagerProtocolServerSideTranslatorPB.submitRequest(OzoneManagerProtocolServerSideTranslatorPB.java:147) [ozone-manager-1.3.0-SNAPSHOT.jar:?]
	at org.apache.hadoop.ozone.protocol.proto.OzoneManagerProtocolProtos$OzoneManagerService$2.callBlockingMethod(OzoneManagerProtocolProtos.java) [ozone-interface-client-1.3.0-SNAPSHOT.jar:?]
	at org.apache.hadoop.ipc.ProtobufRpcEngine$Server.processCall(ProtobufRpcEngine.java:466) [hadoop-common-3.3.1.jar:?]
	at org.apache.hadoop.ipc.ProtobufRpcEngine2$Server$ProtoBufRpcInvoker.call(ProtobufRpcEngine2.java:574) [hadoop-common-3.3.1.jar:?]
	at org.apache.hadoop.ipc.ProtobufRpcEngine2$Server$ProtoBufRpcInvoker.call(ProtobufRpcEngine2.java:552) [hadoop-common-3.3.1.jar:?]
	at org.apache.hadoop.ipc.RPC$Server.call(RPC.java:1093) [hadoop-common-3.3.1.jar:?]
	at org.apache.hadoop.ipc.Server$RpcCall.run(Server.java:1035) [hadoop-common-3.3.1.jar:?]
	at org.apache.hadoop.ipc.Server$RpcCall.run(Server.java:963) [hadoop-common-3.3.1.jar:?]
	at java.security.AccessController.doPrivileged(Native Method) ~[?:1.8.0_345]
	at javax.security.auth.Subject.doAs(Subject.java:422) [?:1.8.0_345]
	at org.apache.hadoop.security.UserGroupInformation.doAs(UserGroupInformation.java:1878) [hadoop-common-3.3.1.jar:?]
	at org.apache.hadoop.ipc.Server$Handler.run(Server.java:2966) [hadoop-common-3.3.1.jar:?]
2022-10-10 08:38:46,524 [Time-limited test] WARN  ozone.BasicOzoneFileSystem (BasicOzoneFileSystem.java:getFileStatus(765)) - GetFileStatus failed for path /testBatchDelete/parent/childFolder/child1
java.io.FileNotFoundException: testBatchDelete/parent/childFolder/child1: No such file or directory!
	at org.apache.hadoop.fs.ozone.BasicOzoneClientAdapterImpl.getFileStatus(BasicOzoneClientAdapterImpl.java:369)
	at org.apache.hadoop.fs.ozone.BasicOzoneFileSystem.getFileStatus(BasicOzoneFileSystem.java:757)
	at org.apache.hadoop.fs.FileSystem.exists(FileSystem.java:1760)
	at org.apache.hadoop.fs.ozone.BasicOzoneFileSystem.exists(BasicOzoneFileSystem.java:804)
	at org.apache.hadoop.fs.ozone.TestOzoneFileSystem.testFileDelete(TestOzoneFileSystem.java:539)
	at sun.reflect.NativeMethodAccessorImpl.invoke0(Native Method)
	at sun.reflect.NativeMethodAccessorImpl.invoke(NativeMethodAccessorImpl.java:62)
	at sun.reflect.DelegatingMethodAccessorImpl.invoke(DelegatingMethodAccessorImpl.java:43)
	at java.lang.reflect.Method.invoke(Method.java:498)
	at org.junit.runners.model.FrameworkMethod$1.runReflectiveCall(FrameworkMethod.java:59)
	at org.junit.internal.runners.model.ReflectiveCallable.run(ReflectiveCallable.java:12)
	at org.junit.runners.model.FrameworkMethod.invokeExplosively(FrameworkMethod.java:56)
	at org.junit.internal.runners.statements.InvokeMethod.evaluate(InvokeMethod.java:17)
	at org.junit.internal.runners.statements.RunAfters.evaluate(RunAfters.java:27)
	at org.junit.internal.runners.statements.FailOnTimeout$CallableStatement.call(FailOnTimeout.java:288)
	at org.junit.internal.runners.statements.FailOnTimeout$CallableStatement.call(FailOnTimeout.java:282)
	at java.util.concurrent.FutureTask.run(FutureTask.java:266)
	at java.lang.Thread.run(Thread.java:750)
08:38:46.524 [IPC Server handler 13 on default port 43231] ERROR OMAudit - user=runner | ip=127.0.0.1 | op=GET_FILE_STATUS {volume=volume27327, bucket=bucket40120, key=testBatchDelete/parent/child2, dataSize=0, replicationConfig=null} | ret=FAILURE
org.apache.hadoop.ozone.om.exceptions.OMException: Unable to get file status: volume: volume27327 bucket: bucket40120 key: testBatchDelete/parent/child2
	at org.apache.hadoop.ozone.om.KeyManagerImpl.getOzoneFileStatus(KeyManagerImpl.java:1270) ~[ozone-manager-1.3.0-SNAPSHOT.jar:?]
	at org.apache.hadoop.ozone.om.KeyManagerImpl.getFileStatus(KeyManagerImpl.java:1200) ~[ozone-manager-1.3.0-SNAPSHOT.jar:?]
	at org.apache.hadoop.ozone.om.OzoneManager.getFileStatus(OzoneManager.java:3507) ~[ozone-manager-1.3.0-SNAPSHOT.jar:?]
	at org.apache.hadoop.ozone.protocolPB.OzoneManagerRequestHandler.getOzoneFileStatus(OzoneManagerRequestHandler.java:882) ~[ozone-manager-1.3.0-SNAPSHOT.jar:?]
	at org.apache.hadoop.ozone.protocolPB.OzoneManagerRequestHandler.handleReadRequest(OzoneManagerRequestHandler.java:228) ~[ozone-manager-1.3.0-SNAPSHOT.jar:?]
	at org.apache.hadoop.ozone.protocolPB.OzoneManagerProtocolServerSideTranslatorPB.submitRequestDirectlyToOM(OzoneManagerProtocolServerSideTranslatorPB.java:276) ~[ozone-manager-1.3.0-SNAPSHOT.jar:?]
	at org.apache.hadoop.ozone.protocolPB.OzoneManagerProtocolServerSideTranslatorPB.processRequest(OzoneManagerProtocolServerSideTranslatorPB.java:205) ~[ozone-manager-1.3.0-SNAPSHOT.jar:?]
	at org.apache.hadoop.hdds.server.OzoneProtocolMessageDispatcher.processRequest(OzoneProtocolMessageDispatcher.java:87) [hdds-server-framework-1.3.0-SNAPSHOT.jar:?]
	at org.apache.hadoop.ozone.protocolPB.OzoneManagerProtocolServerSideTranslatorPB.submitRequest(OzoneManagerProtocolServerSideTranslatorPB.java:147) [ozone-manager-1.3.0-SNAPSHOT.jar:?]
	at org.apache.hadoop.ozone.protocol.proto.OzoneManagerProtocolProtos$OzoneManagerService$2.callBlockingMethod(OzoneManagerProtocolProtos.java) [ozone-interface-client-1.3.0-SNAPSHOT.jar:?]
	at org.apache.hadoop.ipc.ProtobufRpcEngine$Server.processCall(ProtobufRpcEngine.java:466) [hadoop-common-3.3.1.jar:?]
	at org.apache.hadoop.ipc.ProtobufRpcEngine2$Server$ProtoBufRpcInvoker.call(ProtobufRpcEngine2.java:574) [hadoop-common-3.3.1.jar:?]
	at org.apache.hadoop.ipc.ProtobufRpcEngine2$Server$ProtoBufRpcInvoker.call(ProtobufRpcEngine2.java:552) [hadoop-common-3.3.1.jar:?]
	at org.apache.hadoop.ipc.RPC$Server.call(RPC.java:1093) [hadoop-common-3.3.1.jar:?]
	at org.apache.hadoop.ipc.Server$RpcCall.run(Server.java:1035) [hadoop-common-3.3.1.jar:?]
	at org.apache.hadoop.ipc.Server$RpcCall.run(Server.java:963) [hadoop-common-3.3.1.jar:?]
	at java.security.AccessController.doPrivileged(Native Method) ~[?:1.8.0_345]
	at javax.security.auth.Subject.doAs(Subject.java:422) [?:1.8.0_345]
	at org.apache.hadoop.security.UserGroupInformation.doAs(UserGroupInformation.java:1878) [hadoop-common-3.3.1.jar:?]
	at org.apache.hadoop.ipc.Server$Handler.run(Server.java:2966) [hadoop-common-3.3.1.jar:?]
2022-10-10 08:38:46,525 [Time-limited test] WARN  ozone.BasicOzoneFileSystem (BasicOzoneFileSystem.java:getFileStatus(765)) - GetFileStatus failed for path /testBatchDelete/parent/child2
java.io.FileNotFoundException: testBatchDelete/parent/child2: No such file or directory!
	at org.apache.hadoop.fs.ozone.BasicOzoneClientAdapterImpl.getFileStatus(BasicOzoneClientAdapterImpl.java:369)
	at org.apache.hadoop.fs.ozone.BasicOzoneFileSystem.getFileStatus(BasicOzoneFileSystem.java:757)
	at org.apache.hadoop.fs.FileSystem.exists(FileSystem.java:1760)
	at org.apache.hadoop.fs.ozone.BasicOzoneFileSystem.exists(BasicOzoneFileSystem.java:804)
	at org.apache.hadoop.fs.ozone.TestOzoneFileSystem.testFileDelete(TestOzoneFileSystem.java:534)
	at sun.reflect.NativeMethodAccessorImpl.invoke0(Native Method)
	at sun.reflect.NativeMethodAccessorImpl.invoke(NativeMethodAccessorImpl.java:62)
	at sun.reflect.DelegatingMethodAccessorImpl.invoke(DelegatingMethodAccessorImpl.java:43)
	at java.lang.reflect.Method.invoke(Method.java:498)
	at org.junit.runners.model.FrameworkMethod$1.runReflectiveCall(FrameworkMethod.java:59)
	at org.junit.internal.runners.model.ReflectiveCallable.run(ReflectiveCallable.java:12)
	at org.junit.runners.model.FrameworkMethod.invokeExplosively(FrameworkMethod.java:56)
	at org.junit.internal.runners.statements.InvokeMethod.evaluate(InvokeMethod.java:17)
	at org.junit.internal.runners.statements.RunAfters.evaluate(RunAfters.java:27)
	at org.junit.internal.runners.statements.FailOnTimeout$CallableStatement.call(FailOnTimeout.java:288)
	at org.junit.internal.runners.statements.FailOnTimeout$CallableStatement.call(FailOnTimeout.java:282)
	at java.util.concurrent.FutureTask.run(FutureTask.java:266)
	at java.lang.Thread.run(Thread.java:750)
08:38:46.539 [IPC Server handler 14 on default port 43231] ERROR OMAudit - user=runner | ip=127.0.0.1 | op=GET_FILE_STATUS {volume=volume27327, bucket=bucket40120, key=testBatchDelete/parent/childFolder/child2, dataSize=0, replicationConfig=null} | ret=FAILURE
org.apache.hadoop.ozone.om.exceptions.OMException: Unable to get file status: volume: volume27327 bucket: bucket40120 key: testBatchDelete/parent/childFolder/child2
	at org.apache.hadoop.ozone.om.KeyManagerImpl.getOzoneFileStatus(KeyManagerImpl.java:1270) ~[ozone-manager-1.3.0-SNAPSHOT.jar:?]
	at org.apache.hadoop.ozone.om.KeyManagerImpl.getFileStatus(KeyManagerImpl.java:1200) ~[ozone-manager-1.3.0-SNAPSHOT.jar:?]
	at org.apache.hadoop.ozone.om.OzoneManager.getFileStatus(OzoneManager.java:3507) ~[ozone-manager-1.3.0-SNAPSHOT.jar:?]
	at org.apache.hadoop.ozone.protocolPB.OzoneManagerRequestHandler.getOzoneFileStatus(OzoneManagerRequestHandler.java:882) ~[ozone-manager-1.3.0-SNAPSHOT.jar:?]
	at org.apache.hadoop.ozone.protocolPB.OzoneManagerRequestHandler.handleReadRequest(OzoneManagerRequestHandler.java:228) ~[ozone-manager-1.3.0-SNAPSHOT.jar:?]
	at org.apache.hadoop.ozone.protocolPB.OzoneManagerProtocolServerSideTranslatorPB.submitRequestDirectlyToOM(OzoneManagerProtocolServerSideTranslatorPB.java:276) ~[ozone-manager-1.3.0-SNAPSHOT.jar:?]
	at org.apache.hadoop.ozone.protocolPB.OzoneManagerProtocolServerSideTranslatorPB.processRequest(OzoneManagerProtocolServerSideTranslatorPB.java:205) ~[ozone-manager-1.3.0-SNAPSHOT.jar:?]
	at org.apache.hadoop.hdds.server.OzoneProtocolMessageDispatcher.processRequest(OzoneProtocolMessageDispatcher.java:87) [hdds-server-framework-1.3.0-SNAPSHOT.jar:?]
	at org.apache.hadoop.ozone.protocolPB.OzoneManagerProtocolServerSideTranslatorPB.submitRequest(OzoneManagerProtocolServerSideTranslatorPB.java:147) [ozone-manager-1.3.0-SNAPSHOT.jar:?]
	at org.apache.hadoop.ozone.protocol.proto.OzoneManagerProtocolProtos$OzoneManagerService$2.callBlockingMethod(OzoneManagerProtocolProtos.java) [ozone-interface-client-1.3.0-SNAPSHOT.jar:?]
	at org.apache.hadoop.ipc.ProtobufRpcEngine$Server.processCall(ProtobufRpcEngine.java:466) [hadoop-common-3.3.1.jar:?]
	at org.apache.hadoop.ipc.ProtobufRpcEngine2$Server$ProtoBufRpcInvoker.call(ProtobufRpcEngine2.java:574) [hadoop-common-3.3.1.jar:?]
	at org.apache.hadoop.ipc.ProtobufRpcEngine2$Server$ProtoBufRpcInvoker.call(ProtobufRpcEngine2.java:552) [hadoop-common-3.3.1.jar:?]
	at org.apache.hadoop.ipc.RPC$Server.call(RPC.java:1093) [hadoop-common-3.3.1.jar:?]
	at org.apache.hadoop.ipc.Server$RpcCall.run(Server.java:1035) [hadoop-common-3.3.1.jar:?]
	at org.apache.hadoop.ipc.Server$RpcCall.run(Server.java:963) [hadoop-common-3.3.1.jar:?]
	at java.security.AccessController.doPrivileged(Native Method) ~[?:1.8.0_345]
	at javax.security.auth.Subject.doAs(Subject.java:422) [?:1.8.0_345]
	at org.apache.hadoop.security.UserGroupInformation.doAs(UserGroupInformation.java:1878) [hadoop-common-3.3.1.jar:?]
	at org.apache.hadoop.ipc.Server$Handler.run(Server.java:2966) [hadoop-common-3.3.1.jar:?]
2022-10-10 08:38:46,540 [Time-limited test] WARN  ozone.BasicOzoneFileSystem (BasicOzoneFileSystem.java:getFileStatus(765)) - GetFileStatus failed for path /testBatchDelete/parent/childFolder/child2
java.io.FileNotFoundException: testBatchDelete/parent/childFolder/child2: No such file or directory!
	at org.apache.hadoop.fs.ozone.BasicOzoneClientAdapterImpl.getFileStatus(BasicOzoneClientAdapterImpl.java:369)
	at org.apache.hadoop.fs.ozone.BasicOzoneFileSystem.getFileStatus(BasicOzoneFileSystem.java:757)
	at org.apache.hadoop.fs.FileSystem.exists(FileSystem.java:1760)
	at org.apache.hadoop.fs.ozone.BasicOzoneFileSystem.exists(BasicOzoneFileSystem.java:804)
	at org.apache.hadoop.fs.ozone.TestOzoneFileSystem.testFileDelete(TestOzoneFileSystem.java:539)
	at sun.reflect.NativeMethodAccessorImpl.invoke0(Native Method)
	at sun.reflect.NativeMethodAccessorImpl.invoke(NativeMethodAccessorImpl.java:62)
	at sun.reflect.DelegatingMethodAccessorImpl.invoke(DelegatingMethodAccessorImpl.java:43)
	at java.lang.reflect.Method.invoke(Method.java:498)
	at org.junit.runners.model.FrameworkMethod$1.runReflectiveCall(FrameworkMethod.java:59)
	at org.junit.internal.runners.model.ReflectiveCallable.run(ReflectiveCallable.java:12)
	at org.junit.runners.model.FrameworkMethod.invokeExplosively(FrameworkMethod.java:56)
	at org.junit.internal.runners.statements.InvokeMethod.evaluate(InvokeMethod.java:17)
	at org.junit.internal.runners.statements.RunAfters.evaluate(RunAfters.java:27)
	at org.junit.internal.runners.statements.FailOnTimeout$CallableStatement.call(FailOnTimeout.java:288)
	at org.junit.internal.runners.statements.FailOnTimeout$CallableStatement.call(FailOnTimeout.java:282)
	at java.util.concurrent.FutureTask.run(FutureTask.java:266)
	at java.lang.Thread.run(Thread.java:750)
08:38:46.541 [IPC Server handler 16 on default port 43231] ERROR OMAudit - user=runner | ip=127.0.0.1 | op=GET_FILE_STATUS {volume=volume27327, bucket=bucket40120, key=testBatchDelete/parent/child3, dataSize=0, replicationConfig=null} | ret=FAILURE
org.apache.hadoop.ozone.om.exceptions.OMException: Unable to get file status: volume: volume27327 bucket: bucket40120 key: testBatchDelete/parent/child3
	at org.apache.hadoop.ozone.om.KeyManagerImpl.getOzoneFileStatus(KeyManagerImpl.java:1270) ~[ozone-manager-1.3.0-SNAPSHOT.jar:?]
	at org.apache.hadoop.ozone.om.KeyManagerImpl.getFileStatus(KeyManagerImpl.java:1200) ~[ozone-manager-1.3.0-SNAPSHOT.jar:?]
	at org.apache.hadoop.ozone.om.OzoneManager.getFileStatus(OzoneManager.java:3507) ~[ozone-manager-1.3.0-SNAPSHOT.jar:?]
	at org.apache.hadoop.ozone.protocolPB.OzoneManagerRequestHandler.getOzoneFileStatus(OzoneManagerRequestHandler.java:882) ~[ozone-manager-1.3.0-SNAPSHOT.jar:?]
	at org.apache.hadoop.ozone.protocolPB.OzoneManagerRequestHandler.handleReadRequest(OzoneManagerRequestHandler.java:228) ~[ozone-manager-1.3.0-SNAPSHOT.jar:?]
	at org.apache.hadoop.ozone.protocolPB.OzoneManagerProtocolServerSideTranslatorPB.submitRequestDirectlyToOM(OzoneManagerProtocolServerSideTranslatorPB.java:276) ~[ozone-manager-1.3.0-SNAPSHOT.jar:?]
	at org.apache.hadoop.ozone.protocolPB.OzoneManagerProtocolServerSideTranslatorPB.processRequest(OzoneManagerProtocolServerSideTranslatorPB.java:205) ~[ozone-manager-1.3.0-SNAPSHOT.jar:?]
	at org.apache.hadoop.hdds.server.OzoneProtocolMessageDispatcher.processRequest(OzoneProtocolMessageDispatcher.java:87) [hdds-server-framework-1.3.0-SNAPSHOT.jar:?]
	at org.apache.hadoop.ozone.protocolPB.OzoneManagerProtocolServerSideTranslatorPB.submitRequest(OzoneManagerProtocolServerSideTranslatorPB.java:147) [ozone-manager-1.3.0-SNAPSHOT.jar:?]
	at org.apache.hadoop.ozone.protocol.proto.OzoneManagerProtocolProtos$OzoneManagerService$2.callBlockingMethod(OzoneManagerProtocolProtos.java) [ozone-interface-client-1.3.0-SNAPSHOT.jar:?]
	at org.apache.hadoop.ipc.ProtobufRpcEngine$Server.processCall(ProtobufRpcEngine.java:466) [hadoop-common-3.3.1.jar:?]
	at org.apache.hadoop.ipc.ProtobufRpcEngine2$Server$ProtoBufRpcInvoker.call(ProtobufRpcEngine2.java:574) [hadoop-common-3.3.1.jar:?]
	at org.apache.hadoop.ipc.ProtobufRpcEngine2$Server$ProtoBufRpcInvoker.call(ProtobufRpcEngine2.java:552) [hadoop-common-3.3.1.jar:?]
	at org.apache.hadoop.ipc.RPC$Server.call(RPC.java:1093) [hadoop-common-3.3.1.jar:?]
	at org.apache.hadoop.ipc.Server$RpcCall.run(Server.java:1035) [hadoop-common-3.3.1.jar:?]
	at org.apache.hadoop.ipc.Server$RpcCall.run(Server.java:963) [hadoop-common-3.3.1.jar:?]
	at java.security.AccessController.doPrivileged(Native Method) ~[?:1.8.0_345]
	at javax.security.auth.Subject.doAs(Subject.java:422) [?:1.8.0_345]
	at org.apache.hadoop.security.UserGroupInformation.doAs(UserGroupInformation.java:1878) [hadoop-common-3.3.1.jar:?]
	at org.apache.hadoop.ipc.Server$Handler.run(Server.java:2966) [hadoop-common-3.3.1.jar:?]
2022-10-10 08:38:46,541 [Time-limited test] WARN  ozone.BasicOzoneFileSystem (BasicOzoneFileSystem.java:getFileStatus(765)) - GetFileStatus failed for path /testBatchDelete/parent/child3
java.io.FileNotFoundException: testBatchDelete/parent/child3: No such file or directory!
	at org.apache.hadoop.fs.ozone.BasicOzoneClientAdapterImpl.getFileStatus(BasicOzoneClientAdapterImpl.java:369)
	at org.apache.hadoop.fs.ozone.BasicOzoneFileSystem.getFileStatus(BasicOzoneFileSystem.java:757)
	at org.apache.hadoop.fs.FileSystem.exists(FileSystem.java:1760)
	at org.apache.hadoop.fs.ozone.BasicOzoneFileSystem.exists(BasicOzoneFileSystem.java:804)
	at org.apache.hadoop.fs.ozone.TestOzoneFileSystem.testFileDelete(TestOzoneFileSystem.java:534)
	at sun.reflect.NativeMethodAccessorImpl.invoke0(Native Method)
	at sun.reflect.NativeMethodAccessorImpl.invoke(NativeMethodAccessorImpl.java:62)
	at sun.reflect.DelegatingMethodAccessorImpl.invoke(DelegatingMethodAccessorImpl.java:43)
	at java.lang.reflect.Method.invoke(Method.java:498)
	at org.junit.runners.model.FrameworkMethod$1.runReflectiveCall(FrameworkMethod.java:59)
	at org.junit.internal.runners.model.ReflectiveCallable.run(ReflectiveCallable.java:12)
	at org.junit.runners.model.FrameworkMethod.invokeExplosively(FrameworkMethod.java:56)
	at org.junit.internal.runners.statements.InvokeMethod.evaluate(InvokeMethod.java:17)
	at org.junit.internal.runners.statements.RunAfters.evaluate(RunAfters.java:27)
	at org.junit.internal.runners.statements.FailOnTimeout$CallableStatement.call(FailOnTimeout.java:288)
	at org.junit.internal.runners.statements.FailOnTimeout$CallableStatement.call(FailOnTimeout.java:282)
	at java.util.concurrent.FutureTask.run(FutureTask.java:266)
	at java.lang.Thread.run(Thread.java:750)
08:38:46.542 [IPC Server handler 15 on default port 43231] ERROR OMAudit - user=runner | ip=127.0.0.1 | op=GET_FILE_STATUS {volume=volume27327, bucket=bucket40120, key=testBatchDelete/parent/childFolder/child3, dataSize=0, replicationConfig=null} | ret=FAILURE
org.apache.hadoop.ozone.om.exceptions.OMException: Unable to get file status: volume: volume27327 bucket: bucket40120 key: testBatchDelete/parent/childFolder/child3
	at org.apache.hadoop.ozone.om.KeyManagerImpl.getOzoneFileStatus(KeyManagerImpl.java:1270) ~[ozone-manager-1.3.0-SNAPSHOT.jar:?]
	at org.apache.hadoop.ozone.om.KeyManagerImpl.getFileStatus(KeyManagerImpl.java:1200) ~[ozone-manager-1.3.0-SNAPSHOT.jar:?]
	at org.apache.hadoop.ozone.om.OzoneManager.getFileStatus(OzoneManager.java:3507) ~[ozone-manager-1.3.0-SNAPSHOT.jar:?]
	at org.apache.hadoop.ozone.protocolPB.OzoneManagerRequestHandler.getOzoneFileStatus(OzoneManagerRequestHandler.java:882) ~[ozone-manager-1.3.0-SNAPSHOT.jar:?]
	at org.apache.hadoop.ozone.protocolPB.OzoneManagerRequestHandler.handleReadRequest(OzoneManagerRequestHandler.java:228) ~[ozone-manager-1.3.0-SNAPSHOT.jar:?]
	at org.apache.hadoop.ozone.protocolPB.OzoneManagerProtocolServerSideTranslatorPB.submitRequestDirectlyToOM(OzoneManagerProtocolServerSideTranslatorPB.java:276) ~[ozone-manager-1.3.0-SNAPSHOT.jar:?]
	at org.apache.hadoop.ozone.protocolPB.OzoneManagerProtocolServerSideTranslatorPB.processRequest(OzoneManagerProtocolServerSideTranslatorPB.java:205) ~[ozone-manager-1.3.0-SNAPSHOT.jar:?]
	at org.apache.hadoop.hdds.server.OzoneProtocolMessageDispatcher.processRequest(OzoneProtocolMessageDispatcher.java:87) [hdds-server-framework-1.3.0-SNAPSHOT.jar:?]
	at org.apache.hadoop.ozone.protocolPB.OzoneManagerProtocolServerSideTranslatorPB.submitRequest(OzoneManagerProtocolServerSideTranslatorPB.java:147) [ozone-manager-1.3.0-SNAPSHOT.jar:?]
	at org.apache.hadoop.ozone.protocol.proto.OzoneManagerProtocolProtos$OzoneManagerService$2.callBlockingMethod(OzoneManagerProtocolProtos.java) [ozone-interface-client-1.3.0-SNAPSHOT.jar:?]
	at org.apache.hadoop.ipc.ProtobufRpcEngine$Server.processCall(ProtobufRpcEngine.java:466) [hadoop-common-3.3.1.jar:?]
	at org.apache.hadoop.ipc.ProtobufRpcEngine2$Server$ProtoBufRpcInvoker.call(ProtobufRpcEngine2.java:574) [hadoop-common-3.3.1.jar:?]
	at org.apache.hadoop.ipc.ProtobufRpcEngine2$Server$ProtoBufRpcInvoker.call(ProtobufRpcEngine2.java:552) [hadoop-common-3.3.1.jar:?]
	at org.apache.hadoop.ipc.RPC$Server.call(RPC.java:1093) [hadoop-common-3.3.1.jar:?]
	at org.apache.hadoop.ipc.Server$RpcCall.run(Server.java:1035) [hadoop-common-3.3.1.jar:?]
	at org.apache.hadoop.ipc.Server$RpcCall.run(Server.java:963) [hadoop-common-3.3.1.jar:?]
	at java.security.AccessController.doPrivileged(Native Method) ~[?:1.8.0_345]
	at javax.security.auth.Subject.doAs(Subject.java:422) [?:1.8.0_345]
	at org.apache.hadoop.security.UserGroupInformation.doAs(UserGroupInformation.java:1878) [hadoop-common-3.3.1.jar:?]
	at org.apache.hadoop.ipc.Server$Handler.run(Server.java:2966) [hadoop-common-3.3.1.jar:?]
2022-10-10 08:38:46,543 [Time-limited test] WARN  ozone.BasicOzoneFileSystem (BasicOzoneFileSystem.java:getFileStatus(765)) - GetFileStatus failed for path /testBatchDelete/parent/childFolder/child3
java.io.FileNotFoundException: testBatchDelete/parent/childFolder/child3: No such file or directory!
	at org.apache.hadoop.fs.ozone.BasicOzoneClientAdapterImpl.getFileStatus(BasicOzoneClientAdapterImpl.java:369)
	at org.apache.hadoop.fs.ozone.BasicOzoneFileSystem.getFileStatus(BasicOzoneFileSystem.java:757)
	at org.apache.hadoop.fs.FileSystem.exists(FileSystem.java:1760)
	at org.apache.hadoop.fs.ozone.BasicOzoneFileSystem.exists(BasicOzoneFileSystem.java:804)
	at org.apache.hadoop.fs.ozone.TestOzoneFileSystem.testFileDelete(TestOzoneFileSystem.java:539)
	at sun.reflect.NativeMethodAccessorImpl.invoke0(Native Method)
	at sun.reflect.NativeMethodAccessorImpl.invoke(NativeMethodAccessorImpl.java:62)
	at sun.reflect.DelegatingMethodAccessorImpl.invoke(DelegatingMethodAccessorImpl.java:43)
	at java.lang.reflect.Method.invoke(Method.java:498)
	at org.junit.runners.model.FrameworkMethod$1.runReflectiveCall(FrameworkMethod.java:59)
	at org.junit.internal.runners.model.ReflectiveCallable.run(ReflectiveCallable.java:12)
	at org.junit.runners.model.FrameworkMethod.invokeExplosively(FrameworkMethod.java:56)
	at org.junit.internal.runners.statements.InvokeMethod.evaluate(InvokeMethod.java:17)
	at org.junit.internal.runners.statements.RunAfters.evaluate(RunAfters.java:27)
	at org.junit.internal.runners.statements.FailOnTimeout$CallableStatement.call(FailOnTimeout.java:288)
	at org.junit.internal.runners.statements.FailOnTimeout$CallableStatement.call(FailOnTimeout.java:282)
	at java.util.concurrent.FutureTask.run(FutureTask.java:266)
	at java.lang.Thread.run(Thread.java:750)
08:38:46.545 [IPC Server handler 17 on default port 43231] ERROR OMAudit - user=runner | ip=127.0.0.1 | op=GET_FILE_STATUS {volume=volume27327, bucket=bucket40120, key=testBatchDelete/parent/child4, dataSize=0, replicationConfig=null} | ret=FAILURE
org.apache.hadoop.ozone.om.exceptions.OMException: Unable to get file status: volume: volume27327 bucket: bucket40120 key: testBatchDelete/parent/child4
	at org.apache.hadoop.ozone.om.KeyManagerImpl.getOzoneFileStatus(KeyManagerImpl.java:1270) ~[ozone-manager-1.3.0-SNAPSHOT.jar:?]
	at org.apache.hadoop.ozone.om.KeyManagerImpl.getFileStatus(KeyManagerImpl.java:1200) ~[ozone-manager-1.3.0-SNAPSHOT.jar:?]
	at org.apache.hadoop.ozone.om.OzoneManager.getFileStatus(OzoneManager.java:3507) ~[ozone-manager-1.3.0-SNAPSHOT.jar:?]
	at org.apache.hadoop.ozone.protocolPB.OzoneManagerRequestHandler.getOzoneFileStatus(OzoneManagerRequestHandler.java:882) ~[ozone-manager-1.3.0-SNAPSHOT.jar:?]
	at org.apache.hadoop.ozone.protocolPB.OzoneManagerRequestHandler.handleReadRequest(OzoneManagerRequestHandler.java:228) ~[ozone-manager-1.3.0-SNAPSHOT.jar:?]
	at org.apache.hadoop.ozone.protocolPB.OzoneManagerProtocolServerSideTranslatorPB.submitRequestDirectlyToOM(OzoneManagerProtocolServerSideTranslatorPB.java:276) ~[ozone-manager-1.3.0-SNAPSHOT.jar:?]
	at org.apache.hadoop.ozone.protocolPB.OzoneManagerProtocolServerSideTranslatorPB.processRequest(OzoneManagerProtocolServerSideTranslatorPB.java:205) ~[ozone-manager-1.3.0-SNAPSHOT.jar:?]
	at org.apache.hadoop.hdds.server.OzoneProtocolMessageDispatcher.processRequest(OzoneProtocolMessageDispatcher.java:87) [hdds-server-framework-1.3.0-SNAPSHOT.jar:?]
	at org.apache.hadoop.ozone.protocolPB.OzoneManagerProtocolServerSideTranslatorPB.submitRequest(OzoneManagerProtocolServerSideTranslatorPB.java:147) [ozone-manager-1.3.0-SNAPSHOT.jar:?]
	at org.apache.hadoop.ozone.protocol.proto.OzoneManagerProtocolProtos$OzoneManagerService$2.callBlockingMethod(OzoneManagerProtocolProtos.java) [ozone-interface-client-1.3.0-SNAPSHOT.jar:?]
	at org.apache.hadoop.ipc.ProtobufRpcEngine$Server.processCall(ProtobufRpcEngine.java:466) [hadoop-common-3.3.1.jar:?]
	at org.apache.hadoop.ipc.ProtobufRpcEngine2$Server$ProtoBufRpcInvoker.call(ProtobufRpcEngine2.java:574) [hadoop-common-3.3.1.jar:?]
	at org.apache.hadoop.ipc.ProtobufRpcEngine2$Server$ProtoBufRpcInvoker.call(ProtobufRpcEngine2.java:552) [hadoop-common-3.3.1.jar:?]
	at org.apache.hadoop.ipc.RPC$Server.call(RPC.java:1093) [hadoop-common-3.3.1.jar:?]
	at org.apache.hadoop.ipc.Server$RpcCall.run(Server.java:1035) [hadoop-common-3.3.1.jar:?]
	at org.apache.hadoop.ipc.Server$RpcCall.run(Server.java:963) [hadoop-common-3.3.1.jar:?]
	at java.security.AccessController.doPrivileged(Native Method) ~[?:1.8.0_345]
	at javax.security.auth.Subject.doAs(Subject.java:422) [?:1.8.0_345]
	at org.apache.hadoop.security.UserGroupInformation.doAs(UserGroupInformation.java:1878) [hadoop-common-3.3.1.jar:?]
	at org.apache.hadoop.ipc.Server$Handler.run(Server.java:2966) [hadoop-common-3.3.1.jar:?]
2022-10-10 08:38:46,546 [Time-limited test] WARN  ozone.BasicOzoneFileSystem (BasicOzoneFileSystem.java:getFileStatus(765)) - GetFileStatus failed for path /testBatchDelete/parent/child4
java.io.FileNotFoundException: testBatchDelete/parent/child4: No such file or directory!
	at org.apache.hadoop.fs.ozone.BasicOzoneClientAdapterImpl.getFileStatus(BasicOzoneClientAdapterImpl.java:369)
	at org.apache.hadoop.fs.ozone.BasicOzoneFileSystem.getFileStatus(BasicOzoneFileSystem.java:757)
	at org.apache.hadoop.fs.FileSystem.exists(FileSystem.java:1760)
	at org.apache.hadoop.fs.ozone.BasicOzoneFileSystem.exists(BasicOzoneFileSystem.java:804)
	at org.apache.hadoop.fs.ozone.TestOzoneFileSystem.testFileDelete(TestOzoneFileSystem.java:534)
	at sun.reflect.NativeMethodAccessorImpl.invoke0(Native Method)
	at sun.reflect.NativeMethodAccessorImpl.invoke(NativeMethodAccessorImpl.java:62)
	at sun.reflect.DelegatingMethodAccessorImpl.invoke(DelegatingMethodAccessorImpl.java:43)
	at java.lang.reflect.Method.invoke(Method.java:498)
	at org.junit.runners.model.FrameworkMethod$1.runReflectiveCall(FrameworkMethod.java:59)
	at org.junit.internal.runners.model.ReflectiveCallable.run(ReflectiveCallable.java:12)
	at org.junit.runners.model.FrameworkMethod.invokeExplosively(FrameworkMethod.java:56)
	at org.junit.internal.runners.statements.InvokeMethod.evaluate(InvokeMethod.java:17)
	at org.junit.internal.runners.statements.RunAfters.evaluate(RunAfters.java:27)
	at org.junit.internal.runners.statements.FailOnTimeout$CallableStatement.call(FailOnTimeout.java:288)
	at org.junit.internal.runners.statements.FailOnTimeout$CallableStatement.call(FailOnTimeout.java:282)
	at java.util.concurrent.FutureTask.run(FutureTask.java:266)
	at java.lang.Thread.run(Thread.java:750)
08:38:46.546 [IPC Server handler 18 on default port 43231] ERROR OMAudit - user=runner | ip=127.0.0.1 | op=GET_FILE_STATUS {volume=volume27327, bucket=bucket40120, key=testBatchDelete/parent/childFolder/child4, dataSize=0, replicationConfig=null} | ret=FAILURE
org.apache.hadoop.ozone.om.exceptions.OMException: Unable to get file status: volume: volume27327 bucket: bucket40120 key: testBatchDelete/parent/childFolder/child4
	at org.apache.hadoop.ozone.om.KeyManagerImpl.getOzoneFileStatus(KeyManagerImpl.java:1270) ~[ozone-manager-1.3.0-SNAPSHOT.jar:?]
	at org.apache.hadoop.ozone.om.KeyManagerImpl.getFileStatus(KeyManagerImpl.java:1200) ~[ozone-manager-1.3.0-SNAPSHOT.jar:?]
	at org.apache.hadoop.ozone.om.OzoneManager.getFileStatus(OzoneManager.java:3507) ~[ozone-manager-1.3.0-SNAPSHOT.jar:?]
	at org.apache.hadoop.ozone.protocolPB.OzoneManagerRequestHandler.getOzoneFileStatus(OzoneManagerRequestHandler.java:882) ~[ozone-manager-1.3.0-SNAPSHOT.jar:?]
	at org.apache.hadoop.ozone.protocolPB.OzoneManagerRequestHandler.handleReadRequest(OzoneManagerRequestHandler.java:228) ~[ozone-manager-1.3.0-SNAPSHOT.jar:?]
	at org.apache.hadoop.ozone.protocolPB.OzoneManagerProtocolServerSideTranslatorPB.submitRequestDirectlyToOM(OzoneManagerProtocolServerSideTranslatorPB.java:276) ~[ozone-manager-1.3.0-SNAPSHOT.jar:?]
	at org.apache.hadoop.ozone.protocolPB.OzoneManagerProtocolServerSideTranslatorPB.processRequest(OzoneManagerProtocolServerSideTranslatorPB.java:205) ~[ozone-manager-1.3.0-SNAPSHOT.jar:?]
	at org.apache.hadoop.hdds.server.OzoneProtocolMessageDispatcher.processRequest(OzoneProtocolMessageDispatcher.java:87) [hdds-server-framework-1.3.0-SNAPSHOT.jar:?]
	at org.apache.hadoop.ozone.protocolPB.OzoneManagerProtocolServerSideTranslatorPB.submitRequest(OzoneManagerProtocolServerSideTranslatorPB.java:147) [ozone-manager-1.3.0-SNAPSHOT.jar:?]
	at org.apache.hadoop.ozone.protocol.proto.OzoneManagerProtocolProtos$OzoneManagerService$2.callBlockingMethod(OzoneManagerProtocolProtos.java) [ozone-interface-client-1.3.0-SNAPSHOT.jar:?]
	at org.apache.hadoop.ipc.ProtobufRpcEngine$Server.processCall(ProtobufRpcEngine.java:466) [hadoop-common-3.3.1.jar:?]
	at org.apache.hadoop.ipc.ProtobufRpcEngine2$Server$ProtoBufRpcInvoker.call(ProtobufRpcEngine2.java:574) [hadoop-common-3.3.1.jar:?]
	at org.apache.hadoop.ipc.ProtobufRpcEngine2$Server$ProtoBufRpcInvoker.call(ProtobufRpcEngine2.java:552) [hadoop-common-3.3.1.jar:?]
	at org.apache.hadoop.ipc.RPC$Server.call(RPC.java:1093) [hadoop-common-3.3.1.jar:?]
	at org.apache.hadoop.ipc.Server$RpcCall.run(Server.java:1035) [hadoop-common-3.3.1.jar:?]
	at org.apache.hadoop.ipc.Server$RpcCall.run(Server.java:963) [hadoop-common-3.3.1.jar:?]
	at java.security.AccessController.doPrivileged(Native Method) ~[?:1.8.0_345]
	at javax.security.auth.Subject.doAs(Subject.java:422) [?:1.8.0_345]
	at org.apache.hadoop.security.UserGroupInformation.doAs(UserGroupInformation.java:1878) [hadoop-common-3.3.1.jar:?]
	at org.apache.hadoop.ipc.Server$Handler.run(Server.java:2966) [hadoop-common-3.3.1.jar:?]
2022-10-10 08:38:46,548 [Time-limited test] WARN  ozone.BasicOzoneFileSystem (BasicOzoneFileSystem.java:getFileStatus(765)) - GetFileStatus failed for path /testBatchDelete/parent/childFolder/child4
java.io.FileNotFoundException: testBatchDelete/parent/childFolder/child4: No such file or directory!
	at org.apache.hadoop.fs.ozone.BasicOzoneClientAdapterImpl.getFileStatus(BasicOzoneClientAdapterImpl.java:369)
	at org.apache.hadoop.fs.ozone.BasicOzoneFileSystem.getFileStatus(BasicOzoneFileSystem.java:757)
	at org.apache.hadoop.fs.FileSystem.exists(FileSystem.java:1760)
	at org.apache.hadoop.fs.ozone.BasicOzoneFileSystem.exists(BasicOzoneFileSystem.java:804)
	at org.apache.hadoop.fs.ozone.TestOzoneFileSystem.testFileDelete(TestOzoneFileSystem.java:539)
	at sun.reflect.NativeMethodAccessorImpl.invoke0(Native Method)
	at sun.reflect.NativeMethodAccessorImpl.invoke(NativeMethodAccessorImpl.java:62)
	at sun.reflect.DelegatingMethodAccessorImpl.invoke(DelegatingMethodAccessorImpl.java:43)
	at java.lang.reflect.Method.invoke(Method.java:498)
	at org.junit.runners.model.FrameworkMethod$1.runReflectiveCall(FrameworkMethod.java:59)
	at org.junit.internal.runners.model.ReflectiveCallable.run(ReflectiveCallable.java:12)
	at org.junit.runners.model.FrameworkMethod.invokeExplosively(FrameworkMethod.java:56)
	at org.junit.internal.runners.statements.InvokeMethod.evaluate(InvokeMethod.java:17)
	at org.junit.internal.runners.statements.RunAfters.evaluate(RunAfters.java:27)
	at org.junit.internal.runners.statements.FailOnTimeout$CallableStatement.call(FailOnTimeout.java:288)
	at org.junit.internal.runners.statements.FailOnTimeout$CallableStatement.call(FailOnTimeout.java:282)
	at java.util.concurrent.FutureTask.run(FutureTask.java:266)
	at java.lang.Thread.run(Thread.java:750)
08:38:46.550 [IPC Server handler 19 on default port 43231] ERROR OMAudit - user=runner | ip=127.0.0.1 | op=GET_FILE_STATUS {volume=volume27327, bucket=bucket40120, key=testBatchDelete/parent/child5, dataSize=0, replicationConfig=null} | ret=FAILURE
org.apache.hadoop.ozone.om.exceptions.OMException: Unable to get file status: volume: volume27327 bucket: bucket40120 key: testBatchDelete/parent/child5
	at org.apache.hadoop.ozone.om.KeyManagerImpl.getOzoneFileStatus(KeyManagerImpl.java:1270) ~[ozone-manager-1.3.0-SNAPSHOT.jar:?]
	at org.apache.hadoop.ozone.om.KeyManagerImpl.getFileStatus(KeyManagerImpl.java:1200) ~[ozone-manager-1.3.0-SNAPSHOT.jar:?]
	at org.apache.hadoop.ozone.om.OzoneManager.getFileStatus(OzoneManager.java:3507) ~[ozone-manager-1.3.0-SNAPSHOT.jar:?]
	at org.apache.hadoop.ozone.protocolPB.OzoneManagerRequestHandler.getOzoneFileStatus(OzoneManagerRequestHandler.java:882) ~[ozone-manager-1.3.0-SNAPSHOT.jar:?]
	at org.apache.hadoop.ozone.protocolPB.OzoneManagerRequestHandler.handleReadRequest(OzoneManagerRequestHandler.java:228) ~[ozone-manager-1.3.0-SNAPSHOT.jar:?]
	at org.apache.hadoop.ozone.protocolPB.OzoneManagerProtocolServerSideTranslatorPB.submitRequestDirectlyToOM(OzoneManagerProtocolServerSideTranslatorPB.java:276) ~[ozone-manager-1.3.0-SNAPSHOT.jar:?]
	at org.apache.hadoop.ozone.protocolPB.OzoneManagerProtocolServerSideTranslatorPB.processRequest(OzoneManagerProtocolServerSideTranslatorPB.java:205) ~[ozone-manager-1.3.0-SNAPSHOT.jar:?]
	at org.apache.hadoop.hdds.server.OzoneProtocolMessageDispatcher.processRequest(OzoneProtocolMessageDispatcher.java:87) [hdds-server-framework-1.3.0-SNAPSHOT.jar:?]
	at org.apache.hadoop.ozone.protocolPB.OzoneManagerProtocolServerSideTranslatorPB.submitRequest(OzoneManagerProtocolServerSideTranslatorPB.java:147) [ozone-manager-1.3.0-SNAPSHOT.jar:?]
	at org.apache.hadoop.ozone.protocol.proto.OzoneManagerProtocolProtos$OzoneManagerService$2.callBlockingMethod(OzoneManagerProtocolProtos.java) [ozone-interface-client-1.3.0-SNAPSHOT.jar:?]
	at org.apache.hadoop.ipc.ProtobufRpcEngine$Server.processCall(ProtobufRpcEngine.java:466) [hadoop-common-3.3.1.jar:?]
	at org.apache.hadoop.ipc.ProtobufRpcEngine2$Server$ProtoBufRpcInvoker.call(ProtobufRpcEngine2.java:574) [hadoop-common-3.3.1.jar:?]
	at org.apache.hadoop.ipc.ProtobufRpcEngine2$Server$ProtoBufRpcInvoker.call(ProtobufRpcEngine2.java:552) [hadoop-common-3.3.1.jar:?]
	at org.apache.hadoop.ipc.RPC$Server.call(RPC.java:1093) [hadoop-common-3.3.1.jar:?]
	at org.apache.hadoop.ipc.Server$RpcCall.run(Server.java:1035) [hadoop-common-3.3.1.jar:?]
	at org.apache.hadoop.ipc.Server$RpcCall.run(Server.java:963) [hadoop-common-3.3.1.jar:?]
	at java.security.AccessController.doPrivileged(Native Method) ~[?:1.8.0_345]
	at javax.security.auth.Subject.doAs(Subject.java:422) [?:1.8.0_345]
	at org.apache.hadoop.security.UserGroupInformation.doAs(UserGroupInformation.java:1878) [hadoop-common-3.3.1.jar:?]
	at org.apache.hadoop.ipc.Server$Handler.run(Server.java:2966) [hadoop-common-3.3.1.jar:?]
2022-10-10 08:38:46,556 [Time-limited test] WARN  ozone.BasicOzoneFileSystem (BasicOzoneFileSystem.java:getFileStatus(765)) - GetFileStatus failed for path /testBatchDelete/parent/child5
java.io.FileNotFoundException: testBatchDelete/parent/child5: No such file or directory!
	at org.apache.hadoop.fs.ozone.BasicOzoneClientAdapterImpl.getFileStatus(BasicOzoneClientAdapterImpl.java:369)
	at org.apache.hadoop.fs.ozone.BasicOzoneFileSystem.getFileStatus(BasicOzoneFileSystem.java:757)
	at org.apache.hadoop.fs.FileSystem.exists(FileSystem.java:1760)
	at org.apache.hadoop.fs.ozone.BasicOzoneFileSystem.exists(BasicOzoneFileSystem.java:804)
	at org.apache.hadoop.fs.ozone.TestOzoneFileSystem.testFileDelete(TestOzoneFileSystem.java:534)
	at sun.reflect.NativeMethodAccessorImpl.invoke0(Native Method)
	at sun.reflect.NativeMethodAccessorImpl.invoke(NativeMethodAccessorImpl.java:62)
	at sun.reflect.DelegatingMethodAccessorImpl.invoke(DelegatingMethodAccessorImpl.java:43)
	at java.lang.reflect.Method.invoke(Method.java:498)
	at org.junit.runners.model.FrameworkMethod$1.runReflectiveCall(FrameworkMethod.java:59)
	at org.junit.internal.runners.model.ReflectiveCallable.run(ReflectiveCallable.java:12)
	at org.junit.runners.model.FrameworkMethod.invokeExplosively(FrameworkMethod.java:56)
	at org.junit.internal.runners.statements.InvokeMethod.evaluate(InvokeMethod.java:17)
	at org.junit.internal.runners.statements.RunAfters.evaluate(RunAfters.java:27)
	at org.junit.internal.runners.statements.FailOnTimeout$CallableStatement.call(FailOnTimeout.java:288)
	at org.junit.internal.runners.statements.FailOnTimeout$CallableStatement.call(FailOnTimeout.java:282)
	at java.util.concurrent.FutureTask.run(FutureTask.java:266)
	at java.lang.Thread.run(Thread.java:750)
08:38:46.556 [IPC Server handler 0 on default port 43231] ERROR OMAudit - user=runner | ip=127.0.0.1 | op=GET_FILE_STATUS {volume=volume27327, bucket=bucket40120, key=testBatchDelete/parent/childFolder/child5, dataSize=0, replicationConfig=null} | ret=FAILURE
org.apache.hadoop.ozone.om.exceptions.OMException: Unable to get file status: volume: volume27327 bucket: bucket40120 key: testBatchDelete/parent/childFolder/child5
	at org.apache.hadoop.ozone.om.KeyManagerImpl.getOzoneFileStatus(KeyManagerImpl.java:1270) ~[ozone-manager-1.3.0-SNAPSHOT.jar:?]
	at org.apache.hadoop.ozone.om.KeyManagerImpl.getFileStatus(KeyManagerImpl.java:1200) ~[ozone-manager-1.3.0-SNAPSHOT.jar:?]
	at org.apache.hadoop.ozone.om.OzoneManager.getFileStatus(OzoneManager.java:3507) ~[ozone-manager-1.3.0-SNAPSHOT.jar:?]
	at org.apache.hadoop.ozone.protocolPB.OzoneManagerRequestHandler.getOzoneFileStatus(OzoneManagerRequestHandler.java:882) ~[ozone-manager-1.3.0-SNAPSHOT.jar:?]
	at org.apache.hadoop.ozone.protocolPB.OzoneManagerRequestHandler.handleReadRequest(OzoneManagerRequestHandler.java:228) ~[ozone-manager-1.3.0-SNAPSHOT.jar:?]
	at org.apache.hadoop.ozone.protocolPB.OzoneManagerProtocolServerSideTranslatorPB.submitRequestDirectlyToOM(OzoneManagerProtocolServerSideTranslatorPB.java:276) ~[ozone-manager-1.3.0-SNAPSHOT.jar:?]
	at org.apache.hadoop.ozone.protocolPB.OzoneManagerProtocolServerSideTranslatorPB.processRequest(OzoneManagerProtocolServerSideTranslatorPB.java:205) ~[ozone-manager-1.3.0-SNAPSHOT.jar:?]
	at org.apache.hadoop.hdds.server.OzoneProtocolMessageDispatcher.processRequest(OzoneProtocolMessageDispatcher.java:87) [hdds-server-framework-1.3.0-SNAPSHOT.jar:?]
	at org.apache.hadoop.ozone.protocolPB.OzoneManagerProtocolServerSideTranslatorPB.submitRequest(OzoneManagerProtocolServerSideTranslatorPB.java:147) [ozone-manager-1.3.0-SNAPSHOT.jar:?]
	at org.apache.hadoop.ozone.protocol.proto.OzoneManagerProtocolProtos$OzoneManagerService$2.callBlockingMethod(OzoneManagerProtocolProtos.java) [ozone-interface-client-1.3.0-SNAPSHOT.jar:?]
	at org.apache.hadoop.ipc.ProtobufRpcEngine$Server.processCall(ProtobufRpcEngine.java:466) [hadoop-common-3.3.1.jar:?]
	at org.apache.hadoop.ipc.ProtobufRpcEngine2$Server$ProtoBufRpcInvoker.call(ProtobufRpcEngine2.java:574) [hadoop-common-3.3.1.jar:?]
	at org.apache.hadoop.ipc.ProtobufRpcEngine2$Server$ProtoBufRpcInvoker.call(ProtobufRpcEngine2.java:552) [hadoop-common-3.3.1.jar:?]
	at org.apache.hadoop.ipc.RPC$Server.call(RPC.java:1093) [hadoop-common-3.3.1.jar:?]
	at org.apache.hadoop.ipc.Server$RpcCall.run(Server.java:1035) [hadoop-common-3.3.1.jar:?]
	at org.apache.hadoop.ipc.Server$RpcCall.run(Server.java:963) [hadoop-common-3.3.1.jar:?]
	at java.security.AccessController.doPrivileged(Native Method) ~[?:1.8.0_345]
	at javax.security.auth.Subject.doAs(Subject.java:422) [?:1.8.0_345]
	at org.apache.hadoop.security.UserGroupInformation.doAs(UserGroupInformation.java:1878) [hadoop-common-3.3.1.jar:?]
	at org.apache.hadoop.ipc.Server$Handler.run(Server.java:2966) [hadoop-common-3.3.1.jar:?]
2022-10-10 08:38:46,557 [Time-limited test] WARN  ozone.BasicOzoneFileSystem (BasicOzoneFileSystem.java:getFileStatus(765)) - GetFileStatus failed for path /testBatchDelete/parent/childFolder/child5
java.io.FileNotFoundException: testBatchDelete/parent/childFolder/child5: No such file or directory!
	at org.apache.hadoop.fs.ozone.BasicOzoneClientAdapterImpl.getFileStatus(BasicOzoneClientAdapterImpl.java:369)
	at org.apache.hadoop.fs.ozone.BasicOzoneFileSystem.getFileStatus(BasicOzoneFileSystem.java:757)
	at org.apache.hadoop.fs.FileSystem.exists(FileSystem.java:1760)
	at org.apache.hadoop.fs.ozone.BasicOzoneFileSystem.exists(BasicOzoneFileSystem.java:804)
	at org.apache.hadoop.fs.ozone.TestOzoneFileSystem.testFileDelete(TestOzoneFileSystem.java:539)
	at sun.reflect.NativeMethodAccessorImpl.invoke0(Native Method)
	at sun.reflect.NativeMethodAccessorImpl.invoke(NativeMethodAccessorImpl.java:62)
	at sun.reflect.DelegatingMethodAccessorImpl.invoke(DelegatingMethodAccessorImpl.java:43)
	at java.lang.reflect.Method.invoke(Method.java:498)
	at org.junit.runners.model.FrameworkMethod$1.runReflectiveCall(FrameworkMethod.java:59)
	at org.junit.internal.runners.model.ReflectiveCallable.run(ReflectiveCallable.java:12)
	at org.junit.runners.model.FrameworkMethod.invokeExplosively(FrameworkMethod.java:56)
	at org.junit.internal.runners.statements.InvokeMethod.evaluate(InvokeMethod.java:17)
	at org.junit.internal.runners.statements.RunAfters.evaluate(RunAfters.java:27)
	at org.junit.internal.runners.statements.FailOnTimeout$CallableStatement.call(FailOnTimeout.java:288)
	at org.junit.internal.runners.statements.FailOnTimeout$CallableStatement.call(FailOnTimeout.java:282)
	at java.util.concurrent.FutureTask.run(FutureTask.java:266)
	at java.lang.Thread.run(Thread.java:750)
08:38:46.560 [IPC Server handler 1 on default port 43231] ERROR OMAudit - user=runner | ip=127.0.0.1 | op=GET_FILE_STATUS {volume=volume27327, bucket=bucket40120, key=testBatchDelete/parent/child6, dataSize=0, replicationConfig=null} | ret=FAILURE
org.apache.hadoop.ozone.om.exceptions.OMException: Unable to get file status: volume: volume27327 bucket: bucket40120 key: testBatchDelete/parent/child6
	at org.apache.hadoop.ozone.om.KeyManagerImpl.getOzoneFileStatus(KeyManagerImpl.java:1270) ~[ozone-manager-1.3.0-SNAPSHOT.jar:?]
	at org.apache.hadoop.ozone.om.KeyManagerImpl.getFileStatus(KeyManagerImpl.java:1200) ~[ozone-manager-1.3.0-SNAPSHOT.jar:?]
	at org.apache.hadoop.ozone.om.OzoneManager.getFileStatus(OzoneManager.java:3507) ~[ozone-manager-1.3.0-SNAPSHOT.jar:?]
	at org.apache.hadoop.ozone.protocolPB.OzoneManagerRequestHandler.getOzoneFileStatus(OzoneManagerRequestHandler.java:882) ~[ozone-manager-1.3.0-SNAPSHOT.jar:?]
	at org.apache.hadoop.ozone.protocolPB.OzoneManagerRequestHandler.handleReadRequest(OzoneManagerRequestHandler.java:228) ~[ozone-manager-1.3.0-SNAPSHOT.jar:?]
	at org.apache.hadoop.ozone.protocolPB.OzoneManagerProtocolServerSideTranslatorPB.submitRequestDirectlyToOM(OzoneManagerProtocolServerSideTranslatorPB.java:276) ~[ozone-manager-1.3.0-SNAPSHOT.jar:?]
	at org.apache.hadoop.ozone.protocolPB.OzoneManagerProtocolServerSideTranslatorPB.processRequest(OzoneManagerProtocolServerSideTranslatorPB.java:205) ~[ozone-manager-1.3.0-SNAPSHOT.jar:?]
	at org.apache.hadoop.hdds.server.OzoneProtocolMessageDispatcher.processRequest(OzoneProtocolMessageDispatcher.java:87) [hdds-server-framework-1.3.0-SNAPSHOT.jar:?]
	at org.apache.hadoop.ozone.protocolPB.OzoneManagerProtocolServerSideTranslatorPB.submitRequest(OzoneManagerProtocolServerSideTranslatorPB.java:147) [ozone-manager-1.3.0-SNAPSHOT.jar:?]
	at org.apache.hadoop.ozone.protocol.proto.OzoneManagerProtocolProtos$OzoneManagerService$2.callBlockingMethod(OzoneManagerProtocolProtos.java) [ozone-interface-client-1.3.0-SNAPSHOT.jar:?]
	at org.apache.hadoop.ipc.ProtobufRpcEngine$Server.processCall(ProtobufRpcEngine.java:466) [hadoop-common-3.3.1.jar:?]
	at org.apache.hadoop.ipc.ProtobufRpcEngine2$Server$ProtoBufRpcInvoker.call(ProtobufRpcEngine2.java:574) [hadoop-common-3.3.1.jar:?]
	at org.apache.hadoop.ipc.ProtobufRpcEngine2$Server$ProtoBufRpcInvoker.call(ProtobufRpcEngine2.java:552) [hadoop-common-3.3.1.jar:?]
	at org.apache.hadoop.ipc.RPC$Server.call(RPC.java:1093) [hadoop-common-3.3.1.jar:?]
	at org.apache.hadoop.ipc.Server$RpcCall.run(Server.java:1035) [hadoop-common-3.3.1.jar:?]
	at org.apache.hadoop.ipc.Server$RpcCall.run(Server.java:963) [hadoop-common-3.3.1.jar:?]
	at java.security.AccessController.doPrivileged(Native Method) ~[?:1.8.0_345]
	at javax.security.auth.Subject.doAs(Subject.java:422) [?:1.8.0_345]
	at org.apache.hadoop.security.UserGroupInformation.doAs(UserGroupInformation.java:1878) [hadoop-common-3.3.1.jar:?]
	at org.apache.hadoop.ipc.Server$Handler.run(Server.java:2966) [hadoop-common-3.3.1.jar:?]
2022-10-10 08:38:46,561 [Time-limited test] WARN  ozone.BasicOzoneFileSystem (BasicOzoneFileSystem.java:getFileStatus(765)) - GetFileStatus failed for path /testBatchDelete/parent/child6
java.io.FileNotFoundException: testBatchDelete/parent/child6: No such file or directory!
	at org.apache.hadoop.fs.ozone.BasicOzoneClientAdapterImpl.getFileStatus(BasicOzoneClientAdapterImpl.java:369)
	at org.apache.hadoop.fs.ozone.BasicOzoneFileSystem.getFileStatus(BasicOzoneFileSystem.java:757)
	at org.apache.hadoop.fs.FileSystem.exists(FileSystem.java:1760)
	at org.apache.hadoop.fs.ozone.BasicOzoneFileSystem.exists(BasicOzoneFileSystem.java:804)
	at org.apache.hadoop.fs.ozone.TestOzoneFileSystem.testFileDelete(TestOzoneFileSystem.java:534)
	at sun.reflect.NativeMethodAccessorImpl.invoke0(Native Method)
	at sun.reflect.NativeMethodAccessorImpl.invoke(NativeMethodAccessorImpl.java:62)
	at sun.reflect.DelegatingMethodAccessorImpl.invoke(DelegatingMethodAccessorImpl.java:43)
	at java.lang.reflect.Method.invoke(Method.java:498)
	at org.junit.runners.model.FrameworkMethod$1.runReflectiveCall(FrameworkMethod.java:59)
	at org.junit.internal.runners.model.ReflectiveCallable.run(ReflectiveCallable.java:12)
	at org.junit.runners.model.FrameworkMethod.invokeExplosively(FrameworkMethod.java:56)
	at org.junit.internal.runners.statements.InvokeMethod.evaluate(InvokeMethod.java:17)
	at org.junit.internal.runners.statements.RunAfters.evaluate(RunAfters.java:27)
	at org.junit.internal.runners.statements.FailOnTimeout$CallableStatement.call(FailOnTimeout.java:288)
	at org.junit.internal.runners.statements.FailOnTimeout$CallableStatement.call(FailOnTimeout.java:282)
	at java.util.concurrent.FutureTask.run(FutureTask.java:266)
	at java.lang.Thread.run(Thread.java:750)
08:38:46.562 [IPC Server handler 2 on default port 43231] ERROR OMAudit - user=runner | ip=127.0.0.1 | op=GET_FILE_STATUS {volume=volume27327, bucket=bucket40120, key=testBatchDelete/parent/childFolder/child6, dataSize=0, replicationConfig=null} | ret=FAILURE
org.apache.hadoop.ozone.om.exceptions.OMException: Unable to get file status: volume: volume27327 bucket: bucket40120 key: testBatchDelete/parent/childFolder/child6
	at org.apache.hadoop.ozone.om.KeyManagerImpl.getOzoneFileStatus(KeyManagerImpl.java:1270) ~[ozone-manager-1.3.0-SNAPSHOT.jar:?]
	at org.apache.hadoop.ozone.om.KeyManagerImpl.getFileStatus(KeyManagerImpl.java:1200) ~[ozone-manager-1.3.0-SNAPSHOT.jar:?]
	at org.apache.hadoop.ozone.om.OzoneManager.getFileStatus(OzoneManager.java:3507) ~[ozone-manager-1.3.0-SNAPSHOT.jar:?]
	at org.apache.hadoop.ozone.protocolPB.OzoneManagerRequestHandler.getOzoneFileStatus(OzoneManagerRequestHandler.java:882) ~[ozone-manager-1.3.0-SNAPSHOT.jar:?]
	at org.apache.hadoop.ozone.protocolPB.OzoneManagerRequestHandler.handleReadRequest(OzoneManagerRequestHandler.java:228) ~[ozone-manager-1.3.0-SNAPSHOT.jar:?]
	at org.apache.hadoop.ozone.protocolPB.OzoneManagerProtocolServerSideTranslatorPB.submitRequestDirectlyToOM(OzoneManagerProtocolServerSideTranslatorPB.java:276) ~[ozone-manager-1.3.0-SNAPSHOT.jar:?]
	at org.apache.hadoop.ozone.protocolPB.OzoneManagerProtocolServerSideTranslatorPB.processRequest(OzoneManagerProtocolServerSideTranslatorPB.java:205) ~[ozone-manager-1.3.0-SNAPSHOT.jar:?]
	at org.apache.hadoop.hdds.server.OzoneProtocolMessageDispatcher.processRequest(OzoneProtocolMessageDispatcher.java:87) [hdds-server-framework-1.3.0-SNAPSHOT.jar:?]
	at org.apache.hadoop.ozone.protocolPB.OzoneManagerProtocolServerSideTranslatorPB.submitRequest(OzoneManagerProtocolServerSideTranslatorPB.java:147) [ozone-manager-1.3.0-SNAPSHOT.jar:?]
	at org.apache.hadoop.ozone.protocol.proto.OzoneManagerProtocolProtos$OzoneManagerService$2.callBlockingMethod(OzoneManagerProtocolProtos.java) [ozone-interface-client-1.3.0-SNAPSHOT.jar:?]
	at org.apache.hadoop.ipc.ProtobufRpcEngine$Server.processCall(ProtobufRpcEngine.java:466) [hadoop-common-3.3.1.jar:?]
	at org.apache.hadoop.ipc.ProtobufRpcEngine2$Server$ProtoBufRpcInvoker.call(ProtobufRpcEngine2.java:574) [hadoop-common-3.3.1.jar:?]
	at org.apache.hadoop.ipc.ProtobufRpcEngine2$Server$ProtoBufRpcInvoker.call(ProtobufRpcEngine2.java:552) [hadoop-common-3.3.1.jar:?]
	at org.apache.hadoop.ipc.RPC$Server.call(RPC.java:1093) [hadoop-common-3.3.1.jar:?]
	at org.apache.hadoop.ipc.Server$RpcCall.run(Server.java:1035) [hadoop-common-3.3.1.jar:?]
	at org.apache.hadoop.ipc.Server$RpcCall.run(Server.java:963) [hadoop-common-3.3.1.jar:?]
	at java.security.AccessController.doPrivileged(Native Method) ~[?:1.8.0_345]
	at javax.security.auth.Subject.doAs(Subject.java:422) [?:1.8.0_345]
	at org.apache.hadoop.security.UserGroupInformation.doAs(UserGroupInformation.java:1878) [hadoop-common-3.3.1.jar:?]
	at org.apache.hadoop.ipc.Server$Handler.run(Server.java:2966) [hadoop-common-3.3.1.jar:?]
2022-10-10 08:38:46,563 [Time-limited test] WARN  ozone.BasicOzoneFileSystem (BasicOzoneFileSystem.java:getFileStatus(765)) - GetFileStatus failed for path /testBatchDelete/parent/childFolder/child6
java.io.FileNotFoundException: testBatchDelete/parent/childFolder/child6: No such file or directory!
	at org.apache.hadoop.fs.ozone.BasicOzoneClientAdapterImpl.getFileStatus(BasicOzoneClientAdapterImpl.java:369)
	at org.apache.hadoop.fs.ozone.BasicOzoneFileSystem.getFileStatus(BasicOzoneFileSystem.java:757)
	at org.apache.hadoop.fs.FileSystem.exists(FileSystem.java:1760)
	at org.apache.hadoop.fs.ozone.BasicOzoneFileSystem.exists(BasicOzoneFileSystem.java:804)
	at org.apache.hadoop.fs.ozone.TestOzoneFileSystem.testFileDelete(TestOzoneFileSystem.java:539)
	at sun.reflect.NativeMethodAccessorImpl.invoke0(Native Method)
	at sun.reflect.NativeMethodAccessorImpl.invoke(NativeMethodAccessorImpl.java:62)
	at sun.reflect.DelegatingMethodAccessorImpl.invoke(DelegatingMethodAccessorImpl.java:43)
	at java.lang.reflect.Method.invoke(Method.java:498)
	at org.junit.runners.model.FrameworkMethod$1.runReflectiveCall(FrameworkMethod.java:59)
	at org.junit.internal.runners.model.ReflectiveCallable.run(ReflectiveCallable.java:12)
	at org.junit.runners.model.FrameworkMethod.invokeExplosively(FrameworkMethod.java:56)
	at org.junit.internal.runners.statements.InvokeMethod.evaluate(InvokeMethod.java:17)
	at org.junit.internal.runners.statements.RunAfters.evaluate(RunAfters.java:27)
	at org.junit.internal.runners.statements.FailOnTimeout$CallableStatement.call(FailOnTimeout.java:288)
	at org.junit.internal.runners.statements.FailOnTimeout$CallableStatement.call(FailOnTimeout.java:282)
	at java.util.concurrent.FutureTask.run(FutureTask.java:266)
	at java.lang.Thread.run(Thread.java:750)
08:38:46.563 [IPC Server handler 5 on default port 43231] ERROR OMAudit - user=runner | ip=127.0.0.1 | op=GET_FILE_STATUS {volume=volume27327, bucket=bucket40120, key=testBatchDelete/parent/child7, dataSize=0, replicationConfig=null} | ret=FAILURE
org.apache.hadoop.ozone.om.exceptions.OMException: Unable to get file status: volume: volume27327 bucket: bucket40120 key: testBatchDelete/parent/child7
	at org.apache.hadoop.ozone.om.KeyManagerImpl.getOzoneFileStatus(KeyManagerImpl.java:1270) ~[ozone-manager-1.3.0-SNAPSHOT.jar:?]
	at org.apache.hadoop.ozone.om.KeyManagerImpl.getFileStatus(KeyManagerImpl.java:1200) ~[ozone-manager-1.3.0-SNAPSHOT.jar:?]
	at org.apache.hadoop.ozone.om.OzoneManager.getFileStatus(OzoneManager.java:3507) ~[ozone-manager-1.3.0-SNAPSHOT.jar:?]
	at org.apache.hadoop.ozone.protocolPB.OzoneManagerRequestHandler.getOzoneFileStatus(OzoneManagerRequestHandler.java:882) ~[ozone-manager-1.3.0-SNAPSHOT.jar:?]
	at org.apache.hadoop.ozone.protocolPB.OzoneManagerRequestHandler.handleReadRequest(OzoneManagerRequestHandler.java:228) ~[ozone-manager-1.3.0-SNAPSHOT.jar:?]
	at org.apache.hadoop.ozone.protocolPB.OzoneManagerProtocolServerSideTranslatorPB.submitRequestDirectlyToOM(OzoneManagerProtocolServerSideTranslatorPB.java:276) ~[ozone-manager-1.3.0-SNAPSHOT.jar:?]
	at org.apache.hadoop.ozone.protocolPB.OzoneManagerProtocolServerSideTranslatorPB.processRequest(OzoneManagerProtocolServerSideTranslatorPB.java:205) ~[ozone-manager-1.3.0-SNAPSHOT.jar:?]
	at org.apache.hadoop.hdds.server.OzoneProtocolMessageDispatcher.processRequest(OzoneProtocolMessageDispatcher.java:87) [hdds-server-framework-1.3.0-SNAPSHOT.jar:?]
	at org.apache.hadoop.ozone.protocolPB.OzoneManagerProtocolServerSideTranslatorPB.submitRequest(OzoneManagerProtocolServerSideTranslatorPB.java:147) [ozone-manager-1.3.0-SNAPSHOT.jar:?]
	at org.apache.hadoop.ozone.protocol.proto.OzoneManagerProtocolProtos$OzoneManagerService$2.callBlockingMethod(OzoneManagerProtocolProtos.java) [ozone-interface-client-1.3.0-SNAPSHOT.jar:?]
	at org.apache.hadoop.ipc.ProtobufRpcEngine$Server.processCall(ProtobufRpcEngine.java:466) [hadoop-common-3.3.1.jar:?]
	at org.apache.hadoop.ipc.ProtobufRpcEngine2$Server$ProtoBufRpcInvoker.call(ProtobufRpcEngine2.java:574) [hadoop-common-3.3.1.jar:?]
	at org.apache.hadoop.ipc.ProtobufRpcEngine2$Server$ProtoBufRpcInvoker.call(ProtobufRpcEngine2.java:552) [hadoop-common-3.3.1.jar:?]
	at org.apache.hadoop.ipc.RPC$Server.call(RPC.java:1093) [hadoop-common-3.3.1.jar:?]
	at org.apache.hadoop.ipc.Server$RpcCall.run(Server.java:1035) [hadoop-common-3.3.1.jar:?]
	at org.apache.hadoop.ipc.Server$RpcCall.run(Server.java:963) [hadoop-common-3.3.1.jar:?]
	at java.security.AccessController.doPrivileged(Native Method) ~[?:1.8.0_345]
	at javax.security.auth.Subject.doAs(Subject.java:422) [?:1.8.0_345]
	at org.apache.hadoop.security.UserGroupInformation.doAs(UserGroupInformation.java:1878) [hadoop-common-3.3.1.jar:?]
	at org.apache.hadoop.ipc.Server$Handler.run(Server.java:2966) [hadoop-common-3.3.1.jar:?]
2022-10-10 08:38:46,564 [Time-limited test] WARN  ozone.BasicOzoneFileSystem (BasicOzoneFileSystem.java:getFileStatus(765)) - GetFileStatus failed for path /testBatchDelete/parent/child7
java.io.FileNotFoundException: testBatchDelete/parent/child7: No such file or directory!
	at org.apache.hadoop.fs.ozone.BasicOzoneClientAdapterImpl.getFileStatus(BasicOzoneClientAdapterImpl.java:369)
	at org.apache.hadoop.fs.ozone.BasicOzoneFileSystem.getFileStatus(BasicOzoneFileSystem.java:757)
	at org.apache.hadoop.fs.FileSystem.exists(FileSystem.java:1760)
	at org.apache.hadoop.fs.ozone.BasicOzoneFileSystem.exists(BasicOzoneFileSystem.java:804)
	at org.apache.hadoop.fs.ozone.TestOzoneFileSystem.testFileDelete(TestOzoneFileSystem.java:534)
	at sun.reflect.NativeMethodAccessorImpl.invoke0(Native Method)
	at sun.reflect.NativeMethodAccessorImpl.invoke(NativeMethodAccessorImpl.java:62)
	at sun.reflect.DelegatingMethodAccessorImpl.invoke(DelegatingMethodAccessorImpl.java:43)
	at java.lang.reflect.Method.invoke(Method.java:498)
	at org.junit.runners.model.FrameworkMethod$1.runReflectiveCall(FrameworkMethod.java:59)
	at org.junit.internal.runners.model.ReflectiveCallable.run(ReflectiveCallable.java:12)
	at org.junit.runners.model.FrameworkMethod.invokeExplosively(FrameworkMethod.java:56)
	at org.junit.internal.runners.statements.InvokeMethod.evaluate(InvokeMethod.java:17)
	at org.junit.internal.runners.statements.RunAfters.evaluate(RunAfters.java:27)
	at org.junit.internal.runners.statements.FailOnTimeout$CallableStatement.call(FailOnTimeout.java:288)
	at org.junit.internal.runners.statements.FailOnTimeout$CallableStatement.call(FailOnTimeout.java:282)
	at java.util.concurrent.FutureTask.run(FutureTask.java:266)
	at java.lang.Thread.run(Thread.java:750)
08:38:46.568 [IPC Server handler 4 on default port 43231] ERROR OMAudit - user=runner | ip=127.0.0.1 | op=GET_FILE_STATUS {volume=volume27327, bucket=bucket40120, key=testBatchDelete/parent/childFolder/child7, dataSize=0, replicationConfig=null} | ret=FAILURE
org.apache.hadoop.ozone.om.exceptions.OMException: Unable to get file status: volume: volume27327 bucket: bucket40120 key: testBatchDelete/parent/childFolder/child7
	at org.apache.hadoop.ozone.om.KeyManagerImpl.getOzoneFileStatus(KeyManagerImpl.java:1270) ~[ozone-manager-1.3.0-SNAPSHOT.jar:?]
	at org.apache.hadoop.ozone.om.KeyManagerImpl.getFileStatus(KeyManagerImpl.java:1200) ~[ozone-manager-1.3.0-SNAPSHOT.jar:?]
	at org.apache.hadoop.ozone.om.OzoneManager.getFileStatus(OzoneManager.java:3507) ~[ozone-manager-1.3.0-SNAPSHOT.jar:?]
	at org.apache.hadoop.ozone.protocolPB.OzoneManagerRequestHandler.getOzoneFileStatus(OzoneManagerRequestHandler.java:882) ~[ozone-manager-1.3.0-SNAPSHOT.jar:?]
	at org.apache.hadoop.ozone.protocolPB.OzoneManagerRequestHandler.handleReadRequest(OzoneManagerRequestHandler.java:228) ~[ozone-manager-1.3.0-SNAPSHOT.jar:?]
	at org.apache.hadoop.ozone.protocolPB.OzoneManagerProtocolServerSideTranslatorPB.submitRequestDirectlyToOM(OzoneManagerProtocolServerSideTranslatorPB.java:276) ~[ozone-manager-1.3.0-SNAPSHOT.jar:?]
	at org.apache.hadoop.ozone.protocolPB.OzoneManagerProtocolServerSideTranslatorPB.processRequest(OzoneManagerProtocolServerSideTranslatorPB.java:205) ~[ozone-manager-1.3.0-SNAPSHOT.jar:?]
	at org.apache.hadoop.hdds.server.OzoneProtocolMessageDispatcher.processRequest(OzoneProtocolMessageDispatcher.java:87) [hdds-server-framework-1.3.0-SNAPSHOT.jar:?]
	at org.apache.hadoop.ozone.protocolPB.OzoneManagerProtocolServerSideTranslatorPB.submitRequest(OzoneManagerProtocolServerSideTranslatorPB.java:147) [ozone-manager-1.3.0-SNAPSHOT.jar:?]
	at org.apache.hadoop.ozone.protocol.proto.OzoneManagerProtocolProtos$OzoneManagerService$2.callBlockingMethod(OzoneManagerProtocolProtos.java) [ozone-interface-client-1.3.0-SNAPSHOT.jar:?]
	at org.apache.hadoop.ipc.ProtobufRpcEngine$Server.processCall(ProtobufRpcEngine.java:466) [hadoop-common-3.3.1.jar:?]
	at org.apache.hadoop.ipc.ProtobufRpcEngine2$Server$ProtoBufRpcInvoker.call(ProtobufRpcEngine2.java:574) [hadoop-common-3.3.1.jar:?]
	at org.apache.hadoop.ipc.ProtobufRpcEngine2$Server$ProtoBufRpcInvoker.call(ProtobufRpcEngine2.java:552) [hadoop-common-3.3.1.jar:?]
	at org.apache.hadoop.ipc.RPC$Server.call(RPC.java:1093) [hadoop-common-3.3.1.jar:?]
	at org.apache.hadoop.ipc.Server$RpcCall.run(Server.java:1035) [hadoop-common-3.3.1.jar:?]
	at org.apache.hadoop.ipc.Server$RpcCall.run(Server.java:963) [hadoop-common-3.3.1.jar:?]
	at java.security.AccessController.doPrivileged(Native Method) ~[?:1.8.0_345]
	at javax.security.auth.Subject.doAs(Subject.java:422) [?:1.8.0_345]
	at org.apache.hadoop.security.UserGroupInformation.doAs(UserGroupInformation.java:1878) [hadoop-common-3.3.1.jar:?]
	at org.apache.hadoop.ipc.Server$Handler.run(Server.java:2966) [hadoop-common-3.3.1.jar:?]
2022-10-10 08:38:46,568 [Time-limited test] WARN  ozone.BasicOzoneFileSystem (BasicOzoneFileSystem.java:getFileStatus(765)) - GetFileStatus failed for path /testBatchDelete/parent/childFolder/child7
java.io.FileNotFoundException: testBatchDelete/parent/childFolder/child7: No such file or directory!
	at org.apache.hadoop.fs.ozone.BasicOzoneClientAdapterImpl.getFileStatus(BasicOzoneClientAdapterImpl.java:369)
	at org.apache.hadoop.fs.ozone.BasicOzoneFileSystem.getFileStatus(BasicOzoneFileSystem.java:757)
	at org.apache.hadoop.fs.FileSystem.exists(FileSystem.java:1760)
	at org.apache.hadoop.fs.ozone.BasicOzoneFileSystem.exists(BasicOzoneFileSystem.java:804)
	at org.apache.hadoop.fs.ozone.TestOzoneFileSystem.testFileDelete(TestOzoneFileSystem.java:539)
	at sun.reflect.NativeMethodAccessorImpl.invoke0(Native Method)
	at sun.reflect.NativeMethodAccessorImpl.invoke(NativeMethodAccessorImpl.java:62)
	at sun.reflect.DelegatingMethodAccessorImpl.invoke(DelegatingMethodAccessorImpl.java:43)
	at java.lang.reflect.Method.invoke(Method.java:498)
	at org.junit.runners.model.FrameworkMethod$1.runReflectiveCall(FrameworkMethod.java:59)
	at org.junit.internal.runners.model.ReflectiveCallable.run(ReflectiveCallable.java:12)
	at org.junit.runners.model.FrameworkMethod.invokeExplosively(FrameworkMethod.java:56)
	at org.junit.internal.runners.statements.InvokeMethod.evaluate(InvokeMethod.java:17)
	at org.junit.internal.runners.statements.RunAfters.evaluate(RunAfters.java:27)
	at org.junit.internal.runners.statements.FailOnTimeout$CallableStatement.call(FailOnTimeout.java:288)
	at org.junit.internal.runners.statements.FailOnTimeout$CallableStatement.call(FailOnTimeout.java:282)
	at java.util.concurrent.FutureTask.run(FutureTask.java:266)
	at java.lang.Thread.run(Thread.java:750)
08:38:46.569 [IPC Server handler 6 on default port 43231] ERROR OMAudit - user=runner | ip=127.0.0.1 | op=GET_FILE_STATUS {volume=volume27327, bucket=bucket40120, key=testBatchDelete/parent, dataSize=0, replicationConfig=null} | ret=FAILURE
org.apache.hadoop.ozone.om.exceptions.OMException: Unable to get file status: volume: volume27327 bucket: bucket40120 key: testBatchDelete/parent
	at org.apache.hadoop.ozone.om.KeyManagerImpl.getOzoneFileStatus(KeyManagerImpl.java:1270) ~[ozone-manager-1.3.0-SNAPSHOT.jar:?]
	at org.apache.hadoop.ozone.om.KeyManagerImpl.getFileStatus(KeyManagerImpl.java:1200) ~[ozone-manager-1.3.0-SNAPSHOT.jar:?]
	at org.apache.hadoop.ozone.om.OzoneManager.getFileStatus(OzoneManager.java:3507) ~[ozone-manager-1.3.0-SNAPSHOT.jar:?]
	at org.apache.hadoop.ozone.protocolPB.OzoneManagerRequestHandler.getOzoneFileStatus(OzoneManagerRequestHandler.java:882) ~[ozone-manager-1.3.0-SNAPSHOT.jar:?]
	at org.apache.hadoop.ozone.protocolPB.OzoneManagerRequestHandler.handleReadRequest(OzoneManagerRequestHandler.java:228) ~[ozone-manager-1.3.0-SNAPSHOT.jar:?]
	at org.apache.hadoop.ozone.protocolPB.OzoneManagerProtocolServerSideTranslatorPB.submitRequestDirectlyToOM(OzoneManagerProtocolServerSideTranslatorPB.java:276) ~[ozone-manager-1.3.0-SNAPSHOT.jar:?]
	at org.apache.hadoop.ozone.protocolPB.OzoneManagerProtocolServerSideTranslatorPB.processRequest(OzoneManagerProtocolServerSideTranslatorPB.java:205) ~[ozone-manager-1.3.0-SNAPSHOT.jar:?]
	at org.apache.hadoop.hdds.server.OzoneProtocolMessageDispatcher.processRequest(OzoneProtocolMessageDispatcher.java:87) [hdds-server-framework-1.3.0-SNAPSHOT.jar:?]
	at org.apache.hadoop.ozone.protocolPB.OzoneManagerProtocolServerSideTranslatorPB.submitRequest(OzoneManagerProtocolServerSideTranslatorPB.java:147) [ozone-manager-1.3.0-SNAPSHOT.jar:?]
	at org.apache.hadoop.ozone.protocol.proto.OzoneManagerProtocolProtos$OzoneManagerService$2.callBlockingMethod(OzoneManagerProtocolProtos.java) [ozone-interface-client-1.3.0-SNAPSHOT.jar:?]
	at org.apache.hadoop.ipc.ProtobufRpcEngine$Server.processCall(ProtobufRpcEngine.java:466) [hadoop-common-3.3.1.jar:?]
	at org.apache.hadoop.ipc.ProtobufRpcEngine2$Server$ProtoBufRpcInvoker.call(ProtobufRpcEngine2.java:574) [hadoop-common-3.3.1.jar:?]
	at org.apache.hadoop.ipc.ProtobufRpcEngine2$Server$ProtoBufRpcInvoker.call(ProtobufRpcEngine2.java:552) [hadoop-common-3.3.1.jar:?]
	at org.apache.hadoop.ipc.RPC$Server.call(RPC.java:1093) [hadoop-common-3.3.1.jar:?]
	at org.apache.hadoop.ipc.Server$RpcCall.run(Server.java:1035) [hadoop-common-3.3.1.jar:?]
	at org.apache.hadoop.ipc.Server$RpcCall.run(Server.java:963) [hadoop-common-3.3.1.jar:?]
	at java.security.AccessController.doPrivileged(Native Method) ~[?:1.8.0_345]
	at javax.security.auth.Subject.doAs(Subject.java:422) [?:1.8.0_345]
	at org.apache.hadoop.security.UserGroupInformation.doAs(UserGroupInformation.java:1878) [hadoop-common-3.3.1.jar:?]
	at org.apache.hadoop.ipc.Server$Handler.run(Server.java:2966) [hadoop-common-3.3.1.jar:?]
2022-10-10 08:38:46,569 [Time-limited test] WARN  ozone.BasicOzoneFileSystem (BasicOzoneFileSystem.java:getFileStatus(765)) - GetFileStatus failed for path /testBatchDelete/parent
java.io.FileNotFoundException: testBatchDelete/parent: No such file or directory!
	at org.apache.hadoop.fs.ozone.BasicOzoneClientAdapterImpl.getFileStatus(BasicOzoneClientAdapterImpl.java:369)
	at org.apache.hadoop.fs.ozone.BasicOzoneFileSystem.getFileStatus(BasicOzoneFileSystem.java:757)
	at org.apache.hadoop.fs.ozone.BasicOzoneFileSystem.delete(BasicOzoneFileSystem.java:530)
	at org.apache.hadoop.fs.ozone.TestOzoneFileSystem.testFileDelete(TestOzoneFileSystem.java:543)
	at sun.reflect.NativeMethodAccessorImpl.invoke0(Native Method)
	at sun.reflect.NativeMethodAccessorImpl.invoke(NativeMethodAccessorImpl.java:62)
	at sun.reflect.DelegatingMethodAccessorImpl.invoke(DelegatingMethodAccessorImpl.java:43)
	at java.lang.reflect.Method.invoke(Method.java:498)
	at org.junit.runners.model.FrameworkMethod$1.runReflectiveCall(FrameworkMethod.java:59)
	at org.junit.internal.runners.model.ReflectiveCallable.run(ReflectiveCallable.java:12)
	at org.junit.runners.model.FrameworkMethod.invokeExplosively(FrameworkMethod.java:56)
	at org.junit.internal.runners.statements.InvokeMethod.evaluate(InvokeMethod.java:17)
	at org.junit.internal.runners.statements.RunAfters.evaluate(RunAfters.java:27)
	at org.junit.internal.runners.statements.FailOnTimeout$CallableStatement.call(FailOnTimeout.java:288)
	at org.junit.internal.runners.statements.FailOnTimeout$CallableStatement.call(FailOnTimeout.java:282)
	at java.util.concurrent.FutureTask.run(FutureTask.java:266)
	at java.lang.Thread.run(Thread.java:750)
2022-10-10 08:38:46,570 [Time-limited test] WARN  ozone.BasicOzoneFileSystem (BasicOzoneFileSystem.java:delete(532)) - delete: Path does not exist: /testBatchDelete/parent
]]></system-out>
  </testcase>
  <testcase name="testFileDelete" classname="TestOzoneFileSystem" time="0.172">
    <system-out><![CDATA[08:40:28.167 [IPC Server handler 9 on default port 41701] ERROR OMAudit - user=runner | ip=127.0.0.1 | op=GET_FILE_STATUS {volume=volume83680, bucket=bucket94599, key=testBatchDelete, dataSize=0, replicationConfig=null} | ret=FAILURE
org.apache.hadoop.ozone.om.exceptions.OMException: Unable to get file status: volume: volume83680 bucket: bucket94599 key: testBatchDelete
	at org.apache.hadoop.ozone.om.KeyManagerImpl.getOzoneFileStatus(KeyManagerImpl.java:1270) ~[ozone-manager-1.3.0-SNAPSHOT.jar:?]
	at org.apache.hadoop.ozone.om.KeyManagerImpl.getFileStatus(KeyManagerImpl.java:1200) ~[ozone-manager-1.3.0-SNAPSHOT.jar:?]
	at org.apache.hadoop.ozone.om.OzoneManager.getFileStatus(OzoneManager.java:3507) ~[ozone-manager-1.3.0-SNAPSHOT.jar:?]
	at org.apache.hadoop.ozone.protocolPB.OzoneManagerRequestHandler.getOzoneFileStatus(OzoneManagerRequestHandler.java:882) ~[ozone-manager-1.3.0-SNAPSHOT.jar:?]
	at org.apache.hadoop.ozone.protocolPB.OzoneManagerRequestHandler.handleReadRequest(OzoneManagerRequestHandler.java:228) ~[ozone-manager-1.3.0-SNAPSHOT.jar:?]
	at org.apache.hadoop.ozone.protocolPB.OzoneManagerProtocolServerSideTranslatorPB.submitReadRequestToOM(OzoneManagerProtocolServerSideTranslatorPB.java:226) ~[ozone-manager-1.3.0-SNAPSHOT.jar:?]
	at org.apache.hadoop.ozone.protocolPB.OzoneManagerProtocolServerSideTranslatorPB.processRequest(OzoneManagerProtocolServerSideTranslatorPB.java:175) ~[ozone-manager-1.3.0-SNAPSHOT.jar:?]
	at org.apache.hadoop.hdds.server.OzoneProtocolMessageDispatcher.processRequest(OzoneProtocolMessageDispatcher.java:87) [hdds-server-framework-1.3.0-SNAPSHOT.jar:?]
	at org.apache.hadoop.ozone.protocolPB.OzoneManagerProtocolServerSideTranslatorPB.submitRequest(OzoneManagerProtocolServerSideTranslatorPB.java:147) [ozone-manager-1.3.0-SNAPSHOT.jar:?]
	at org.apache.hadoop.ozone.protocol.proto.OzoneManagerProtocolProtos$OzoneManagerService$2.callBlockingMethod(OzoneManagerProtocolProtos.java) [ozone-interface-client-1.3.0-SNAPSHOT.jar:?]
	at org.apache.hadoop.ipc.ProtobufRpcEngine$Server.processCall(ProtobufRpcEngine.java:466) [hadoop-common-3.3.1.jar:?]
	at org.apache.hadoop.ipc.ProtobufRpcEngine2$Server$ProtoBufRpcInvoker.call(ProtobufRpcEngine2.java:574) [hadoop-common-3.3.1.jar:?]
	at org.apache.hadoop.ipc.ProtobufRpcEngine2$Server$ProtoBufRpcInvoker.call(ProtobufRpcEngine2.java:552) [hadoop-common-3.3.1.jar:?]
	at org.apache.hadoop.ipc.RPC$Server.call(RPC.java:1093) [hadoop-common-3.3.1.jar:?]
	at org.apache.hadoop.ipc.Server$RpcCall.run(Server.java:1035) [hadoop-common-3.3.1.jar:?]
	at org.apache.hadoop.ipc.Server$RpcCall.run(Server.java:963) [hadoop-common-3.3.1.jar:?]
	at java.security.AccessController.doPrivileged(Native Method) ~[?:1.8.0_345]
	at javax.security.auth.Subject.doAs(Subject.java:422) [?:1.8.0_345]
	at org.apache.hadoop.security.UserGroupInformation.doAs(UserGroupInformation.java:1878) [hadoop-common-3.3.1.jar:?]
	at org.apache.hadoop.ipc.Server$Handler.run(Server.java:2966) [hadoop-common-3.3.1.jar:?]
2022-10-10 08:40:28,168 [Time-limited test] WARN  ozone.BasicOzoneFileSystem (BasicOzoneFileSystem.java:getFileStatus(765)) - GetFileStatus failed for path /testBatchDelete
java.io.FileNotFoundException: testBatchDelete: No such file or directory!
	at org.apache.hadoop.fs.ozone.BasicOzoneClientAdapterImpl.getFileStatus(BasicOzoneClientAdapterImpl.java:369)
	at org.apache.hadoop.fs.ozone.BasicOzoneFileSystem.getFileStatus(BasicOzoneFileSystem.java:757)
	at org.apache.hadoop.fs.FileSystem.exists(FileSystem.java:1760)
	at org.apache.hadoop.fs.ozone.BasicOzoneFileSystem.exists(BasicOzoneFileSystem.java:804)
	at org.apache.hadoop.fs.ozone.TestOzoneFileSystem.testFileDelete(TestOzoneFileSystem.java:530)
	at sun.reflect.NativeMethodAccessorImpl.invoke0(Native Method)
	at sun.reflect.NativeMethodAccessorImpl.invoke(NativeMethodAccessorImpl.java:62)
	at sun.reflect.DelegatingMethodAccessorImpl.invoke(DelegatingMethodAccessorImpl.java:43)
	at java.lang.reflect.Method.invoke(Method.java:498)
	at org.junit.runners.model.FrameworkMethod$1.runReflectiveCall(FrameworkMethod.java:59)
	at org.junit.internal.runners.model.ReflectiveCallable.run(ReflectiveCallable.java:12)
	at org.junit.runners.model.FrameworkMethod.invokeExplosively(FrameworkMethod.java:56)
	at org.junit.internal.runners.statements.InvokeMethod.evaluate(InvokeMethod.java:17)
	at org.junit.internal.runners.statements.RunAfters.evaluate(RunAfters.java:27)
	at org.junit.internal.runners.statements.FailOnTimeout$CallableStatement.call(FailOnTimeout.java:288)
	at org.junit.internal.runners.statements.FailOnTimeout$CallableStatement.call(FailOnTimeout.java:282)
	at java.util.concurrent.FutureTask.run(FutureTask.java:266)
	at java.lang.Thread.run(Thread.java:750)
08:40:28.168 [IPC Server handler 11 on default port 41701] ERROR OMAudit - user=runner | ip=127.0.0.1 | op=GET_FILE_STATUS {volume=volume83680, bucket=bucket94599, key=testBatchDelete/parent/child0, dataSize=0, replicationConfig=null} | ret=FAILURE
org.apache.hadoop.ozone.om.exceptions.OMException: Unable to get file status: volume: volume83680 bucket: bucket94599 key: testBatchDelete/parent/child0
	at org.apache.hadoop.ozone.om.KeyManagerImpl.getOzoneFileStatus(KeyManagerImpl.java:1270) ~[ozone-manager-1.3.0-SNAPSHOT.jar:?]
	at org.apache.hadoop.ozone.om.KeyManagerImpl.getFileStatus(KeyManagerImpl.java:1200) ~[ozone-manager-1.3.0-SNAPSHOT.jar:?]
	at org.apache.hadoop.ozone.om.OzoneManager.getFileStatus(OzoneManager.java:3507) ~[ozone-manager-1.3.0-SNAPSHOT.jar:?]
	at org.apache.hadoop.ozone.protocolPB.OzoneManagerRequestHandler.getOzoneFileStatus(OzoneManagerRequestHandler.java:882) ~[ozone-manager-1.3.0-SNAPSHOT.jar:?]
	at org.apache.hadoop.ozone.protocolPB.OzoneManagerRequestHandler.handleReadRequest(OzoneManagerRequestHandler.java:228) ~[ozone-manager-1.3.0-SNAPSHOT.jar:?]
	at org.apache.hadoop.ozone.protocolPB.OzoneManagerProtocolServerSideTranslatorPB.submitReadRequestToOM(OzoneManagerProtocolServerSideTranslatorPB.java:226) ~[ozone-manager-1.3.0-SNAPSHOT.jar:?]
	at org.apache.hadoop.ozone.protocolPB.OzoneManagerProtocolServerSideTranslatorPB.processRequest(OzoneManagerProtocolServerSideTranslatorPB.java:175) ~[ozone-manager-1.3.0-SNAPSHOT.jar:?]
	at org.apache.hadoop.hdds.server.OzoneProtocolMessageDispatcher.processRequest(OzoneProtocolMessageDispatcher.java:87) [hdds-server-framework-1.3.0-SNAPSHOT.jar:?]
	at org.apache.hadoop.ozone.protocolPB.OzoneManagerProtocolServerSideTranslatorPB.submitRequest(OzoneManagerProtocolServerSideTranslatorPB.java:147) [ozone-manager-1.3.0-SNAPSHOT.jar:?]
	at org.apache.hadoop.ozone.protocol.proto.OzoneManagerProtocolProtos$OzoneManagerService$2.callBlockingMethod(OzoneManagerProtocolProtos.java) [ozone-interface-client-1.3.0-SNAPSHOT.jar:?]
	at org.apache.hadoop.ipc.ProtobufRpcEngine$Server.processCall(ProtobufRpcEngine.java:466) [hadoop-common-3.3.1.jar:?]
	at org.apache.hadoop.ipc.ProtobufRpcEngine2$Server$ProtoBufRpcInvoker.call(ProtobufRpcEngine2.java:574) [hadoop-common-3.3.1.jar:?]
	at org.apache.hadoop.ipc.ProtobufRpcEngine2$Server$ProtoBufRpcInvoker.call(ProtobufRpcEngine2.java:552) [hadoop-common-3.3.1.jar:?]
	at org.apache.hadoop.ipc.RPC$Server.call(RPC.java:1093) [hadoop-common-3.3.1.jar:?]
	at org.apache.hadoop.ipc.Server$RpcCall.run(Server.java:1035) [hadoop-common-3.3.1.jar:?]
	at org.apache.hadoop.ipc.Server$RpcCall.run(Server.java:963) [hadoop-common-3.3.1.jar:?]
	at java.security.AccessController.doPrivileged(Native Method) ~[?:1.8.0_345]
	at javax.security.auth.Subject.doAs(Subject.java:422) [?:1.8.0_345]
	at org.apache.hadoop.security.UserGroupInformation.doAs(UserGroupInformation.java:1878) [hadoop-common-3.3.1.jar:?]
	at org.apache.hadoop.ipc.Server$Handler.run(Server.java:2966) [hadoop-common-3.3.1.jar:?]
2022-10-10 08:40:28,169 [Time-limited test] WARN  ozone.BasicOzoneFileSystem (BasicOzoneFileSystem.java:getFileStatus(765)) - GetFileStatus failed for path /testBatchDelete/parent/child0
java.io.FileNotFoundException: testBatchDelete/parent/child0: No such file or directory!
	at org.apache.hadoop.fs.ozone.BasicOzoneClientAdapterImpl.getFileStatus(BasicOzoneClientAdapterImpl.java:369)
	at org.apache.hadoop.fs.ozone.BasicOzoneFileSystem.getFileStatus(BasicOzoneFileSystem.java:757)
	at org.apache.hadoop.fs.FileSystem.exists(FileSystem.java:1760)
	at org.apache.hadoop.fs.ozone.BasicOzoneFileSystem.exists(BasicOzoneFileSystem.java:804)
	at org.apache.hadoop.fs.ozone.TestOzoneFileSystem.testFileDelete(TestOzoneFileSystem.java:534)
	at sun.reflect.NativeMethodAccessorImpl.invoke0(Native Method)
	at sun.reflect.NativeMethodAccessorImpl.invoke(NativeMethodAccessorImpl.java:62)
	at sun.reflect.DelegatingMethodAccessorImpl.invoke(DelegatingMethodAccessorImpl.java:43)
	at java.lang.reflect.Method.invoke(Method.java:498)
	at org.junit.runners.model.FrameworkMethod$1.runReflectiveCall(FrameworkMethod.java:59)
	at org.junit.internal.runners.model.ReflectiveCallable.run(ReflectiveCallable.java:12)
	at org.junit.runners.model.FrameworkMethod.invokeExplosively(FrameworkMethod.java:56)
	at org.junit.internal.runners.statements.InvokeMethod.evaluate(InvokeMethod.java:17)
	at org.junit.internal.runners.statements.RunAfters.evaluate(RunAfters.java:27)
	at org.junit.internal.runners.statements.FailOnTimeout$CallableStatement.call(FailOnTimeout.java:288)
	at org.junit.internal.runners.statements.FailOnTimeout$CallableStatement.call(FailOnTimeout.java:282)
	at java.util.concurrent.FutureTask.run(FutureTask.java:266)
	at java.lang.Thread.run(Thread.java:750)
08:40:28.169 [IPC Server handler 13 on default port 41701] ERROR OMAudit - user=runner | ip=127.0.0.1 | op=GET_FILE_STATUS {volume=volume83680, bucket=bucket94599, key=testBatchDelete/parent/childFolder/child0, dataSize=0, replicationConfig=null} | ret=FAILURE
org.apache.hadoop.ozone.om.exceptions.OMException: Unable to get file status: volume: volume83680 bucket: bucket94599 key: testBatchDelete/parent/childFolder/child0
	at org.apache.hadoop.ozone.om.KeyManagerImpl.getOzoneFileStatus(KeyManagerImpl.java:1270) ~[ozone-manager-1.3.0-SNAPSHOT.jar:?]
	at org.apache.hadoop.ozone.om.KeyManagerImpl.getFileStatus(KeyManagerImpl.java:1200) ~[ozone-manager-1.3.0-SNAPSHOT.jar:?]
	at org.apache.hadoop.ozone.om.OzoneManager.getFileStatus(OzoneManager.java:3507) ~[ozone-manager-1.3.0-SNAPSHOT.jar:?]
	at org.apache.hadoop.ozone.protocolPB.OzoneManagerRequestHandler.getOzoneFileStatus(OzoneManagerRequestHandler.java:882) ~[ozone-manager-1.3.0-SNAPSHOT.jar:?]
	at org.apache.hadoop.ozone.protocolPB.OzoneManagerRequestHandler.handleReadRequest(OzoneManagerRequestHandler.java:228) ~[ozone-manager-1.3.0-SNAPSHOT.jar:?]
	at org.apache.hadoop.ozone.protocolPB.OzoneManagerProtocolServerSideTranslatorPB.submitReadRequestToOM(OzoneManagerProtocolServerSideTranslatorPB.java:226) ~[ozone-manager-1.3.0-SNAPSHOT.jar:?]
	at org.apache.hadoop.ozone.protocolPB.OzoneManagerProtocolServerSideTranslatorPB.processRequest(OzoneManagerProtocolServerSideTranslatorPB.java:175) ~[ozone-manager-1.3.0-SNAPSHOT.jar:?]
	at org.apache.hadoop.hdds.server.OzoneProtocolMessageDispatcher.processRequest(OzoneProtocolMessageDispatcher.java:87) [hdds-server-framework-1.3.0-SNAPSHOT.jar:?]
	at org.apache.hadoop.ozone.protocolPB.OzoneManagerProtocolServerSideTranslatorPB.submitRequest(OzoneManagerProtocolServerSideTranslatorPB.java:147) [ozone-manager-1.3.0-SNAPSHOT.jar:?]
	at org.apache.hadoop.ozone.protocol.proto.OzoneManagerProtocolProtos$OzoneManagerService$2.callBlockingMethod(OzoneManagerProtocolProtos.java) [ozone-interface-client-1.3.0-SNAPSHOT.jar:?]
	at org.apache.hadoop.ipc.ProtobufRpcEngine$Server.processCall(ProtobufRpcEngine.java:466) [hadoop-common-3.3.1.jar:?]
	at org.apache.hadoop.ipc.ProtobufRpcEngine2$Server$ProtoBufRpcInvoker.call(ProtobufRpcEngine2.java:574) [hadoop-common-3.3.1.jar:?]
	at org.apache.hadoop.ipc.ProtobufRpcEngine2$Server$ProtoBufRpcInvoker.call(ProtobufRpcEngine2.java:552) [hadoop-common-3.3.1.jar:?]
	at org.apache.hadoop.ipc.RPC$Server.call(RPC.java:1093) [hadoop-common-3.3.1.jar:?]
	at org.apache.hadoop.ipc.Server$RpcCall.run(Server.java:1035) [hadoop-common-3.3.1.jar:?]
	at org.apache.hadoop.ipc.Server$RpcCall.run(Server.java:963) [hadoop-common-3.3.1.jar:?]
	at java.security.AccessController.doPrivileged(Native Method) ~[?:1.8.0_345]
	at javax.security.auth.Subject.doAs(Subject.java:422) [?:1.8.0_345]
	at org.apache.hadoop.security.UserGroupInformation.doAs(UserGroupInformation.java:1878) [hadoop-common-3.3.1.jar:?]
	at org.apache.hadoop.ipc.Server$Handler.run(Server.java:2966) [hadoop-common-3.3.1.jar:?]
2022-10-10 08:40:28,170 [Time-limited test] WARN  ozone.BasicOzoneFileSystem (BasicOzoneFileSystem.java:getFileStatus(765)) - GetFileStatus failed for path /testBatchDelete/parent/childFolder/child0
java.io.FileNotFoundException: testBatchDelete/parent/childFolder/child0: No such file or directory!
	at org.apache.hadoop.fs.ozone.BasicOzoneClientAdapterImpl.getFileStatus(BasicOzoneClientAdapterImpl.java:369)
	at org.apache.hadoop.fs.ozone.BasicOzoneFileSystem.getFileStatus(BasicOzoneFileSystem.java:757)
	at org.apache.hadoop.fs.FileSystem.exists(FileSystem.java:1760)
	at org.apache.hadoop.fs.ozone.BasicOzoneFileSystem.exists(BasicOzoneFileSystem.java:804)
	at org.apache.hadoop.fs.ozone.TestOzoneFileSystem.testFileDelete(TestOzoneFileSystem.java:539)
	at sun.reflect.NativeMethodAccessorImpl.invoke0(Native Method)
	at sun.reflect.NativeMethodAccessorImpl.invoke(NativeMethodAccessorImpl.java:62)
	at sun.reflect.DelegatingMethodAccessorImpl.invoke(DelegatingMethodAccessorImpl.java:43)
	at java.lang.reflect.Method.invoke(Method.java:498)
	at org.junit.runners.model.FrameworkMethod$1.runReflectiveCall(FrameworkMethod.java:59)
	at org.junit.internal.runners.model.ReflectiveCallable.run(ReflectiveCallable.java:12)
	at org.junit.runners.model.FrameworkMethod.invokeExplosively(FrameworkMethod.java:56)
	at org.junit.internal.runners.statements.InvokeMethod.evaluate(InvokeMethod.java:17)
	at org.junit.internal.runners.statements.RunAfters.evaluate(RunAfters.java:27)
	at org.junit.internal.runners.statements.FailOnTimeout$CallableStatement.call(FailOnTimeout.java:288)
	at org.junit.internal.runners.statements.FailOnTimeout$CallableStatement.call(FailOnTimeout.java:282)
	at java.util.concurrent.FutureTask.run(FutureTask.java:266)
	at java.lang.Thread.run(Thread.java:750)
08:40:28.170 [IPC Server handler 5 on default port 41701] ERROR OMAudit - user=runner | ip=127.0.0.1 | op=GET_FILE_STATUS {volume=volume83680, bucket=bucket94599, key=testBatchDelete/parent/child1, dataSize=0, replicationConfig=null} | ret=FAILURE
org.apache.hadoop.ozone.om.exceptions.OMException: Unable to get file status: volume: volume83680 bucket: bucket94599 key: testBatchDelete/parent/child1
	at org.apache.hadoop.ozone.om.KeyManagerImpl.getOzoneFileStatus(KeyManagerImpl.java:1270) ~[ozone-manager-1.3.0-SNAPSHOT.jar:?]
	at org.apache.hadoop.ozone.om.KeyManagerImpl.getFileStatus(KeyManagerImpl.java:1200) ~[ozone-manager-1.3.0-SNAPSHOT.jar:?]
	at org.apache.hadoop.ozone.om.OzoneManager.getFileStatus(OzoneManager.java:3507) ~[ozone-manager-1.3.0-SNAPSHOT.jar:?]
	at org.apache.hadoop.ozone.protocolPB.OzoneManagerRequestHandler.getOzoneFileStatus(OzoneManagerRequestHandler.java:882) ~[ozone-manager-1.3.0-SNAPSHOT.jar:?]
	at org.apache.hadoop.ozone.protocolPB.OzoneManagerRequestHandler.handleReadRequest(OzoneManagerRequestHandler.java:228) ~[ozone-manager-1.3.0-SNAPSHOT.jar:?]
	at org.apache.hadoop.ozone.protocolPB.OzoneManagerProtocolServerSideTranslatorPB.submitReadRequestToOM(OzoneManagerProtocolServerSideTranslatorPB.java:226) ~[ozone-manager-1.3.0-SNAPSHOT.jar:?]
	at org.apache.hadoop.ozone.protocolPB.OzoneManagerProtocolServerSideTranslatorPB.processRequest(OzoneManagerProtocolServerSideTranslatorPB.java:175) ~[ozone-manager-1.3.0-SNAPSHOT.jar:?]
	at org.apache.hadoop.hdds.server.OzoneProtocolMessageDispatcher.processRequest(OzoneProtocolMessageDispatcher.java:87) [hdds-server-framework-1.3.0-SNAPSHOT.jar:?]
	at org.apache.hadoop.ozone.protocolPB.OzoneManagerProtocolServerSideTranslatorPB.submitRequest(OzoneManagerProtocolServerSideTranslatorPB.java:147) [ozone-manager-1.3.0-SNAPSHOT.jar:?]
	at org.apache.hadoop.ozone.protocol.proto.OzoneManagerProtocolProtos$OzoneManagerService$2.callBlockingMethod(OzoneManagerProtocolProtos.java) [ozone-interface-client-1.3.0-SNAPSHOT.jar:?]
	at org.apache.hadoop.ipc.ProtobufRpcEngine$Server.processCall(ProtobufRpcEngine.java:466) [hadoop-common-3.3.1.jar:?]
	at org.apache.hadoop.ipc.ProtobufRpcEngine2$Server$ProtoBufRpcInvoker.call(ProtobufRpcEngine2.java:574) [hadoop-common-3.3.1.jar:?]
	at org.apache.hadoop.ipc.ProtobufRpcEngine2$Server$ProtoBufRpcInvoker.call(ProtobufRpcEngine2.java:552) [hadoop-common-3.3.1.jar:?]
	at org.apache.hadoop.ipc.RPC$Server.call(RPC.java:1093) [hadoop-common-3.3.1.jar:?]
	at org.apache.hadoop.ipc.Server$RpcCall.run(Server.java:1035) [hadoop-common-3.3.1.jar:?]
	at org.apache.hadoop.ipc.Server$RpcCall.run(Server.java:963) [hadoop-common-3.3.1.jar:?]
	at java.security.AccessController.doPrivileged(Native Method) ~[?:1.8.0_345]
	at javax.security.auth.Subject.doAs(Subject.java:422) [?:1.8.0_345]
	at org.apache.hadoop.security.UserGroupInformation.doAs(UserGroupInformation.java:1878) [hadoop-common-3.3.1.jar:?]
	at org.apache.hadoop.ipc.Server$Handler.run(Server.java:2966) [hadoop-common-3.3.1.jar:?]
2022-10-10 08:40:28,170 [Time-limited test] WARN  ozone.BasicOzoneFileSystem (BasicOzoneFileSystem.java:getFileStatus(765)) - GetFileStatus failed for path /testBatchDelete/parent/child1
java.io.FileNotFoundException: testBatchDelete/parent/child1: No such file or directory!
	at org.apache.hadoop.fs.ozone.BasicOzoneClientAdapterImpl.getFileStatus(BasicOzoneClientAdapterImpl.java:369)
	at org.apache.hadoop.fs.ozone.BasicOzoneFileSystem.getFileStatus(BasicOzoneFileSystem.java:757)
	at org.apache.hadoop.fs.FileSystem.exists(FileSystem.java:1760)
	at org.apache.hadoop.fs.ozone.BasicOzoneFileSystem.exists(BasicOzoneFileSystem.java:804)
	at org.apache.hadoop.fs.ozone.TestOzoneFileSystem.testFileDelete(TestOzoneFileSystem.java:534)
	at sun.reflect.NativeMethodAccessorImpl.invoke0(Native Method)
	at sun.reflect.NativeMethodAccessorImpl.invoke(NativeMethodAccessorImpl.java:62)
	at sun.reflect.DelegatingMethodAccessorImpl.invoke(DelegatingMethodAccessorImpl.java:43)
	at java.lang.reflect.Method.invoke(Method.java:498)
	at org.junit.runners.model.FrameworkMethod$1.runReflectiveCall(FrameworkMethod.java:59)
	at org.junit.internal.runners.model.ReflectiveCallable.run(ReflectiveCallable.java:12)
	at org.junit.runners.model.FrameworkMethod.invokeExplosively(FrameworkMethod.java:56)
	at org.junit.internal.runners.statements.InvokeMethod.evaluate(InvokeMethod.java:17)
	at org.junit.internal.runners.statements.RunAfters.evaluate(RunAfters.java:27)
	at org.junit.internal.runners.statements.FailOnTimeout$CallableStatement.call(FailOnTimeout.java:288)
	at org.junit.internal.runners.statements.FailOnTimeout$CallableStatement.call(FailOnTimeout.java:282)
	at java.util.concurrent.FutureTask.run(FutureTask.java:266)
	at java.lang.Thread.run(Thread.java:750)
08:40:28.172 [IPC Server handler 8 on default port 41701] ERROR OMAudit - user=runner | ip=127.0.0.1 | op=GET_FILE_STATUS {volume=volume83680, bucket=bucket94599, key=testBatchDelete/parent/childFolder/child1, dataSize=0, replicationConfig=null} | ret=FAILURE
org.apache.hadoop.ozone.om.exceptions.OMException: Unable to get file status: volume: volume83680 bucket: bucket94599 key: testBatchDelete/parent/childFolder/child1
	at org.apache.hadoop.ozone.om.KeyManagerImpl.getOzoneFileStatus(KeyManagerImpl.java:1270) ~[ozone-manager-1.3.0-SNAPSHOT.jar:?]
	at org.apache.hadoop.ozone.om.KeyManagerImpl.getFileStatus(KeyManagerImpl.java:1200) ~[ozone-manager-1.3.0-SNAPSHOT.jar:?]
	at org.apache.hadoop.ozone.om.OzoneManager.getFileStatus(OzoneManager.java:3507) ~[ozone-manager-1.3.0-SNAPSHOT.jar:?]
	at org.apache.hadoop.ozone.protocolPB.OzoneManagerRequestHandler.getOzoneFileStatus(OzoneManagerRequestHandler.java:882) ~[ozone-manager-1.3.0-SNAPSHOT.jar:?]
	at org.apache.hadoop.ozone.protocolPB.OzoneManagerRequestHandler.handleReadRequest(OzoneManagerRequestHandler.java:228) ~[ozone-manager-1.3.0-SNAPSHOT.jar:?]
	at org.apache.hadoop.ozone.protocolPB.OzoneManagerProtocolServerSideTranslatorPB.submitReadRequestToOM(OzoneManagerProtocolServerSideTranslatorPB.java:226) ~[ozone-manager-1.3.0-SNAPSHOT.jar:?]
	at org.apache.hadoop.ozone.protocolPB.OzoneManagerProtocolServerSideTranslatorPB.processRequest(OzoneManagerProtocolServerSideTranslatorPB.java:175) ~[ozone-manager-1.3.0-SNAPSHOT.jar:?]
	at org.apache.hadoop.hdds.server.OzoneProtocolMessageDispatcher.processRequest(OzoneProtocolMessageDispatcher.java:87) [hdds-server-framework-1.3.0-SNAPSHOT.jar:?]
	at org.apache.hadoop.ozone.protocolPB.OzoneManagerProtocolServerSideTranslatorPB.submitRequest(OzoneManagerProtocolServerSideTranslatorPB.java:147) [ozone-manager-1.3.0-SNAPSHOT.jar:?]
	at org.apache.hadoop.ozone.protocol.proto.OzoneManagerProtocolProtos$OzoneManagerService$2.callBlockingMethod(OzoneManagerProtocolProtos.java) [ozone-interface-client-1.3.0-SNAPSHOT.jar:?]
	at org.apache.hadoop.ipc.ProtobufRpcEngine$Server.processCall(ProtobufRpcEngine.java:466) [hadoop-common-3.3.1.jar:?]
	at org.apache.hadoop.ipc.ProtobufRpcEngine2$Server$ProtoBufRpcInvoker.call(ProtobufRpcEngine2.java:574) [hadoop-common-3.3.1.jar:?]
	at org.apache.hadoop.ipc.ProtobufRpcEngine2$Server$ProtoBufRpcInvoker.call(ProtobufRpcEngine2.java:552) [hadoop-common-3.3.1.jar:?]
	at org.apache.hadoop.ipc.RPC$Server.call(RPC.java:1093) [hadoop-common-3.3.1.jar:?]
	at org.apache.hadoop.ipc.Server$RpcCall.run(Server.java:1035) [hadoop-common-3.3.1.jar:?]
	at org.apache.hadoop.ipc.Server$RpcCall.run(Server.java:963) [hadoop-common-3.3.1.jar:?]
	at java.security.AccessController.doPrivileged(Native Method) ~[?:1.8.0_345]
	at javax.security.auth.Subject.doAs(Subject.java:422) [?:1.8.0_345]
	at org.apache.hadoop.security.UserGroupInformation.doAs(UserGroupInformation.java:1878) [hadoop-common-3.3.1.jar:?]
	at org.apache.hadoop.ipc.Server$Handler.run(Server.java:2966) [hadoop-common-3.3.1.jar:?]
2022-10-10 08:40:28,173 [Time-limited test] WARN  ozone.BasicOzoneFileSystem (BasicOzoneFileSystem.java:getFileStatus(765)) - GetFileStatus failed for path /testBatchDelete/parent/childFolder/child1
java.io.FileNotFoundException: testBatchDelete/parent/childFolder/child1: No such file or directory!
	at org.apache.hadoop.fs.ozone.BasicOzoneClientAdapterImpl.getFileStatus(BasicOzoneClientAdapterImpl.java:369)
	at org.apache.hadoop.fs.ozone.BasicOzoneFileSystem.getFileStatus(BasicOzoneFileSystem.java:757)
	at org.apache.hadoop.fs.FileSystem.exists(FileSystem.java:1760)
	at org.apache.hadoop.fs.ozone.BasicOzoneFileSystem.exists(BasicOzoneFileSystem.java:804)
	at org.apache.hadoop.fs.ozone.TestOzoneFileSystem.testFileDelete(TestOzoneFileSystem.java:539)
	at sun.reflect.NativeMethodAccessorImpl.invoke0(Native Method)
	at sun.reflect.NativeMethodAccessorImpl.invoke(NativeMethodAccessorImpl.java:62)
	at sun.reflect.DelegatingMethodAccessorImpl.invoke(DelegatingMethodAccessorImpl.java:43)
	at java.lang.reflect.Method.invoke(Method.java:498)
	at org.junit.runners.model.FrameworkMethod$1.runReflectiveCall(FrameworkMethod.java:59)
	at org.junit.internal.runners.model.ReflectiveCallable.run(ReflectiveCallable.java:12)
	at org.junit.runners.model.FrameworkMethod.invokeExplosively(FrameworkMethod.java:56)
	at org.junit.internal.runners.statements.InvokeMethod.evaluate(InvokeMethod.java:17)
	at org.junit.internal.runners.statements.RunAfters.evaluate(RunAfters.java:27)
	at org.junit.internal.runners.statements.FailOnTimeout$CallableStatement.call(FailOnTimeout.java:288)
	at org.junit.internal.runners.statements.FailOnTimeout$CallableStatement.call(FailOnTimeout.java:282)
	at java.util.concurrent.FutureTask.run(FutureTask.java:266)
	at java.lang.Thread.run(Thread.java:750)
08:40:28.174 [IPC Server handler 6 on default port 41701] ERROR OMAudit - user=runner | ip=127.0.0.1 | op=GET_FILE_STATUS {volume=volume83680, bucket=bucket94599, key=testBatchDelete/parent/child2, dataSize=0, replicationConfig=null} | ret=FAILURE
org.apache.hadoop.ozone.om.exceptions.OMException: Unable to get file status: volume: volume83680 bucket: bucket94599 key: testBatchDelete/parent/child2
	at org.apache.hadoop.ozone.om.KeyManagerImpl.getOzoneFileStatus(KeyManagerImpl.java:1270) ~[ozone-manager-1.3.0-SNAPSHOT.jar:?]
	at org.apache.hadoop.ozone.om.KeyManagerImpl.getFileStatus(KeyManagerImpl.java:1200) ~[ozone-manager-1.3.0-SNAPSHOT.jar:?]
	at org.apache.hadoop.ozone.om.OzoneManager.getFileStatus(OzoneManager.java:3507) ~[ozone-manager-1.3.0-SNAPSHOT.jar:?]
	at org.apache.hadoop.ozone.protocolPB.OzoneManagerRequestHandler.getOzoneFileStatus(OzoneManagerRequestHandler.java:882) ~[ozone-manager-1.3.0-SNAPSHOT.jar:?]
	at org.apache.hadoop.ozone.protocolPB.OzoneManagerRequestHandler.handleReadRequest(OzoneManagerRequestHandler.java:228) ~[ozone-manager-1.3.0-SNAPSHOT.jar:?]
	at org.apache.hadoop.ozone.protocolPB.OzoneManagerProtocolServerSideTranslatorPB.submitReadRequestToOM(OzoneManagerProtocolServerSideTranslatorPB.java:226) ~[ozone-manager-1.3.0-SNAPSHOT.jar:?]
	at org.apache.hadoop.ozone.protocolPB.OzoneManagerProtocolServerSideTranslatorPB.processRequest(OzoneManagerProtocolServerSideTranslatorPB.java:175) ~[ozone-manager-1.3.0-SNAPSHOT.jar:?]
	at org.apache.hadoop.hdds.server.OzoneProtocolMessageDispatcher.processRequest(OzoneProtocolMessageDispatcher.java:87) [hdds-server-framework-1.3.0-SNAPSHOT.jar:?]
	at org.apache.hadoop.ozone.protocolPB.OzoneManagerProtocolServerSideTranslatorPB.submitRequest(OzoneManagerProtocolServerSideTranslatorPB.java:147) [ozone-manager-1.3.0-SNAPSHOT.jar:?]
	at org.apache.hadoop.ozone.protocol.proto.OzoneManagerProtocolProtos$OzoneManagerService$2.callBlockingMethod(OzoneManagerProtocolProtos.java) [ozone-interface-client-1.3.0-SNAPSHOT.jar:?]
	at org.apache.hadoop.ipc.ProtobufRpcEngine$Server.processCall(ProtobufRpcEngine.java:466) [hadoop-common-3.3.1.jar:?]
	at org.apache.hadoop.ipc.ProtobufRpcEngine2$Server$ProtoBufRpcInvoker.call(ProtobufRpcEngine2.java:574) [hadoop-common-3.3.1.jar:?]
	at org.apache.hadoop.ipc.ProtobufRpcEngine2$Server$ProtoBufRpcInvoker.call(ProtobufRpcEngine2.java:552) [hadoop-common-3.3.1.jar:?]
	at org.apache.hadoop.ipc.RPC$Server.call(RPC.java:1093) [hadoop-common-3.3.1.jar:?]
	at org.apache.hadoop.ipc.Server$RpcCall.run(Server.java:1035) [hadoop-common-3.3.1.jar:?]
	at org.apache.hadoop.ipc.Server$RpcCall.run(Server.java:963) [hadoop-common-3.3.1.jar:?]
	at java.security.AccessController.doPrivileged(Native Method) ~[?:1.8.0_345]
	at javax.security.auth.Subject.doAs(Subject.java:422) [?:1.8.0_345]
	at org.apache.hadoop.security.UserGroupInformation.doAs(UserGroupInformation.java:1878) [hadoop-common-3.3.1.jar:?]
	at org.apache.hadoop.ipc.Server$Handler.run(Server.java:2966) [hadoop-common-3.3.1.jar:?]
2022-10-10 08:40:28,175 [Time-limited test] WARN  ozone.BasicOzoneFileSystem (BasicOzoneFileSystem.java:getFileStatus(765)) - GetFileStatus failed for path /testBatchDelete/parent/child2
java.io.FileNotFoundException: testBatchDelete/parent/child2: No such file or directory!
	at org.apache.hadoop.fs.ozone.BasicOzoneClientAdapterImpl.getFileStatus(BasicOzoneClientAdapterImpl.java:369)
	at org.apache.hadoop.fs.ozone.BasicOzoneFileSystem.getFileStatus(BasicOzoneFileSystem.java:757)
	at org.apache.hadoop.fs.FileSystem.exists(FileSystem.java:1760)
	at org.apache.hadoop.fs.ozone.BasicOzoneFileSystem.exists(BasicOzoneFileSystem.java:804)
	at org.apache.hadoop.fs.ozone.TestOzoneFileSystem.testFileDelete(TestOzoneFileSystem.java:534)
	at sun.reflect.NativeMethodAccessorImpl.invoke0(Native Method)
	at sun.reflect.NativeMethodAccessorImpl.invoke(NativeMethodAccessorImpl.java:62)
	at sun.reflect.DelegatingMethodAccessorImpl.invoke(DelegatingMethodAccessorImpl.java:43)
	at java.lang.reflect.Method.invoke(Method.java:498)
	at org.junit.runners.model.FrameworkMethod$1.runReflectiveCall(FrameworkMethod.java:59)
	at org.junit.internal.runners.model.ReflectiveCallable.run(ReflectiveCallable.java:12)
	at org.junit.runners.model.FrameworkMethod.invokeExplosively(FrameworkMethod.java:56)
	at org.junit.internal.runners.statements.InvokeMethod.evaluate(InvokeMethod.java:17)
	at org.junit.internal.runners.statements.RunAfters.evaluate(RunAfters.java:27)
	at org.junit.internal.runners.statements.FailOnTimeout$CallableStatement.call(FailOnTimeout.java:288)
	at org.junit.internal.runners.statements.FailOnTimeout$CallableStatement.call(FailOnTimeout.java:282)
	at java.util.concurrent.FutureTask.run(FutureTask.java:266)
	at java.lang.Thread.run(Thread.java:750)
08:40:28.175 [IPC Server handler 7 on default port 41701] ERROR OMAudit - user=runner | ip=127.0.0.1 | op=GET_FILE_STATUS {volume=volume83680, bucket=bucket94599, key=testBatchDelete/parent/childFolder/child2, dataSize=0, replicationConfig=null} | ret=FAILURE
org.apache.hadoop.ozone.om.exceptions.OMException: Unable to get file status: volume: volume83680 bucket: bucket94599 key: testBatchDelete/parent/childFolder/child2
	at org.apache.hadoop.ozone.om.KeyManagerImpl.getOzoneFileStatus(KeyManagerImpl.java:1270) ~[ozone-manager-1.3.0-SNAPSHOT.jar:?]
	at org.apache.hadoop.ozone.om.KeyManagerImpl.getFileStatus(KeyManagerImpl.java:1200) ~[ozone-manager-1.3.0-SNAPSHOT.jar:?]
	at org.apache.hadoop.ozone.om.OzoneManager.getFileStatus(OzoneManager.java:3507) ~[ozone-manager-1.3.0-SNAPSHOT.jar:?]
	at org.apache.hadoop.ozone.protocolPB.OzoneManagerRequestHandler.getOzoneFileStatus(OzoneManagerRequestHandler.java:882) ~[ozone-manager-1.3.0-SNAPSHOT.jar:?]
	at org.apache.hadoop.ozone.protocolPB.OzoneManagerRequestHandler.handleReadRequest(OzoneManagerRequestHandler.java:228) ~[ozone-manager-1.3.0-SNAPSHOT.jar:?]
	at org.apache.hadoop.ozone.protocolPB.OzoneManagerProtocolServerSideTranslatorPB.submitReadRequestToOM(OzoneManagerProtocolServerSideTranslatorPB.java:226) ~[ozone-manager-1.3.0-SNAPSHOT.jar:?]
	at org.apache.hadoop.ozone.protocolPB.OzoneManagerProtocolServerSideTranslatorPB.processRequest(OzoneManagerProtocolServerSideTranslatorPB.java:175) ~[ozone-manager-1.3.0-SNAPSHOT.jar:?]
	at org.apache.hadoop.hdds.server.OzoneProtocolMessageDispatcher.processRequest(OzoneProtocolMessageDispatcher.java:87) [hdds-server-framework-1.3.0-SNAPSHOT.jar:?]
	at org.apache.hadoop.ozone.protocolPB.OzoneManagerProtocolServerSideTranslatorPB.submitRequest(OzoneManagerProtocolServerSideTranslatorPB.java:147) [ozone-manager-1.3.0-SNAPSHOT.jar:?]
	at org.apache.hadoop.ozone.protocol.proto.OzoneManagerProtocolProtos$OzoneManagerService$2.callBlockingMethod(OzoneManagerProtocolProtos.java) [ozone-interface-client-1.3.0-SNAPSHOT.jar:?]
	at org.apache.hadoop.ipc.ProtobufRpcEngine$Server.processCall(ProtobufRpcEngine.java:466) [hadoop-common-3.3.1.jar:?]
	at org.apache.hadoop.ipc.ProtobufRpcEngine2$Server$ProtoBufRpcInvoker.call(ProtobufRpcEngine2.java:574) [hadoop-common-3.3.1.jar:?]
	at org.apache.hadoop.ipc.ProtobufRpcEngine2$Server$ProtoBufRpcInvoker.call(ProtobufRpcEngine2.java:552) [hadoop-common-3.3.1.jar:?]
	at org.apache.hadoop.ipc.RPC$Server.call(RPC.java:1093) [hadoop-common-3.3.1.jar:?]
	at org.apache.hadoop.ipc.Server$RpcCall.run(Server.java:1035) [hadoop-common-3.3.1.jar:?]
	at org.apache.hadoop.ipc.Server$RpcCall.run(Server.java:963) [hadoop-common-3.3.1.jar:?]
	at java.security.AccessController.doPrivileged(Native Method) ~[?:1.8.0_345]
	at javax.security.auth.Subject.doAs(Subject.java:422) [?:1.8.0_345]
	at org.apache.hadoop.security.UserGroupInformation.doAs(UserGroupInformation.java:1878) [hadoop-common-3.3.1.jar:?]
	at org.apache.hadoop.ipc.Server$Handler.run(Server.java:2966) [hadoop-common-3.3.1.jar:?]
2022-10-10 08:40:28,176 [Time-limited test] WARN  ozone.BasicOzoneFileSystem (BasicOzoneFileSystem.java:getFileStatus(765)) - GetFileStatus failed for path /testBatchDelete/parent/childFolder/child2
java.io.FileNotFoundException: testBatchDelete/parent/childFolder/child2: No such file or directory!
	at org.apache.hadoop.fs.ozone.BasicOzoneClientAdapterImpl.getFileStatus(BasicOzoneClientAdapterImpl.java:369)
	at org.apache.hadoop.fs.ozone.BasicOzoneFileSystem.getFileStatus(BasicOzoneFileSystem.java:757)
	at org.apache.hadoop.fs.FileSystem.exists(FileSystem.java:1760)
	at org.apache.hadoop.fs.ozone.BasicOzoneFileSystem.exists(BasicOzoneFileSystem.java:804)
	at org.apache.hadoop.fs.ozone.TestOzoneFileSystem.testFileDelete(TestOzoneFileSystem.java:539)
	at sun.reflect.NativeMethodAccessorImpl.invoke0(Native Method)
	at sun.reflect.NativeMethodAccessorImpl.invoke(NativeMethodAccessorImpl.java:62)
	at sun.reflect.DelegatingMethodAccessorImpl.invoke(DelegatingMethodAccessorImpl.java:43)
	at java.lang.reflect.Method.invoke(Method.java:498)
	at org.junit.runners.model.FrameworkMethod$1.runReflectiveCall(FrameworkMethod.java:59)
	at org.junit.internal.runners.model.ReflectiveCallable.run(ReflectiveCallable.java:12)
	at org.junit.runners.model.FrameworkMethod.invokeExplosively(FrameworkMethod.java:56)
	at org.junit.internal.runners.statements.InvokeMethod.evaluate(InvokeMethod.java:17)
	at org.junit.internal.runners.statements.RunAfters.evaluate(RunAfters.java:27)
	at org.junit.internal.runners.statements.FailOnTimeout$CallableStatement.call(FailOnTimeout.java:288)
	at org.junit.internal.runners.statements.FailOnTimeout$CallableStatement.call(FailOnTimeout.java:282)
	at java.util.concurrent.FutureTask.run(FutureTask.java:266)
	at java.lang.Thread.run(Thread.java:750)
08:40:28.176 [IPC Server handler 10 on default port 41701] ERROR OMAudit - user=runner | ip=127.0.0.1 | op=GET_FILE_STATUS {volume=volume83680, bucket=bucket94599, key=testBatchDelete/parent/child3, dataSize=0, replicationConfig=null} | ret=FAILURE
org.apache.hadoop.ozone.om.exceptions.OMException: Unable to get file status: volume: volume83680 bucket: bucket94599 key: testBatchDelete/parent/child3
	at org.apache.hadoop.ozone.om.KeyManagerImpl.getOzoneFileStatus(KeyManagerImpl.java:1270) ~[ozone-manager-1.3.0-SNAPSHOT.jar:?]
	at org.apache.hadoop.ozone.om.KeyManagerImpl.getFileStatus(KeyManagerImpl.java:1200) ~[ozone-manager-1.3.0-SNAPSHOT.jar:?]
	at org.apache.hadoop.ozone.om.OzoneManager.getFileStatus(OzoneManager.java:3507) ~[ozone-manager-1.3.0-SNAPSHOT.jar:?]
	at org.apache.hadoop.ozone.protocolPB.OzoneManagerRequestHandler.getOzoneFileStatus(OzoneManagerRequestHandler.java:882) ~[ozone-manager-1.3.0-SNAPSHOT.jar:?]
	at org.apache.hadoop.ozone.protocolPB.OzoneManagerRequestHandler.handleReadRequest(OzoneManagerRequestHandler.java:228) ~[ozone-manager-1.3.0-SNAPSHOT.jar:?]
	at org.apache.hadoop.ozone.protocolPB.OzoneManagerProtocolServerSideTranslatorPB.submitReadRequestToOM(OzoneManagerProtocolServerSideTranslatorPB.java:226) ~[ozone-manager-1.3.0-SNAPSHOT.jar:?]
	at org.apache.hadoop.ozone.protocolPB.OzoneManagerProtocolServerSideTranslatorPB.processRequest(OzoneManagerProtocolServerSideTranslatorPB.java:175) ~[ozone-manager-1.3.0-SNAPSHOT.jar:?]
	at org.apache.hadoop.hdds.server.OzoneProtocolMessageDispatcher.processRequest(OzoneProtocolMessageDispatcher.java:87) [hdds-server-framework-1.3.0-SNAPSHOT.jar:?]
	at org.apache.hadoop.ozone.protocolPB.OzoneManagerProtocolServerSideTranslatorPB.submitRequest(OzoneManagerProtocolServerSideTranslatorPB.java:147) [ozone-manager-1.3.0-SNAPSHOT.jar:?]
	at org.apache.hadoop.ozone.protocol.proto.OzoneManagerProtocolProtos$OzoneManagerService$2.callBlockingMethod(OzoneManagerProtocolProtos.java) [ozone-interface-client-1.3.0-SNAPSHOT.jar:?]
	at org.apache.hadoop.ipc.ProtobufRpcEngine$Server.processCall(ProtobufRpcEngine.java:466) [hadoop-common-3.3.1.jar:?]
	at org.apache.hadoop.ipc.ProtobufRpcEngine2$Server$ProtoBufRpcInvoker.call(ProtobufRpcEngine2.java:574) [hadoop-common-3.3.1.jar:?]
	at org.apache.hadoop.ipc.ProtobufRpcEngine2$Server$ProtoBufRpcInvoker.call(ProtobufRpcEngine2.java:552) [hadoop-common-3.3.1.jar:?]
	at org.apache.hadoop.ipc.RPC$Server.call(RPC.java:1093) [hadoop-common-3.3.1.jar:?]
	at org.apache.hadoop.ipc.Server$RpcCall.run(Server.java:1035) [hadoop-common-3.3.1.jar:?]
	at org.apache.hadoop.ipc.Server$RpcCall.run(Server.java:963) [hadoop-common-3.3.1.jar:?]
	at java.security.AccessController.doPrivileged(Native Method) ~[?:1.8.0_345]
	at javax.security.auth.Subject.doAs(Subject.java:422) [?:1.8.0_345]
	at org.apache.hadoop.security.UserGroupInformation.doAs(UserGroupInformation.java:1878) [hadoop-common-3.3.1.jar:?]
	at org.apache.hadoop.ipc.Server$Handler.run(Server.java:2966) [hadoop-common-3.3.1.jar:?]
2022-10-10 08:40:28,177 [Time-limited test] WARN  ozone.BasicOzoneFileSystem (BasicOzoneFileSystem.java:getFileStatus(765)) - GetFileStatus failed for path /testBatchDelete/parent/child3
java.io.FileNotFoundException: testBatchDelete/parent/child3: No such file or directory!
	at org.apache.hadoop.fs.ozone.BasicOzoneClientAdapterImpl.getFileStatus(BasicOzoneClientAdapterImpl.java:369)
	at org.apache.hadoop.fs.ozone.BasicOzoneFileSystem.getFileStatus(BasicOzoneFileSystem.java:757)
	at org.apache.hadoop.fs.FileSystem.exists(FileSystem.java:1760)
	at org.apache.hadoop.fs.ozone.BasicOzoneFileSystem.exists(BasicOzoneFileSystem.java:804)
	at org.apache.hadoop.fs.ozone.TestOzoneFileSystem.testFileDelete(TestOzoneFileSystem.java:534)
	at sun.reflect.NativeMethodAccessorImpl.invoke0(Native Method)
	at sun.reflect.NativeMethodAccessorImpl.invoke(NativeMethodAccessorImpl.java:62)
	at sun.reflect.DelegatingMethodAccessorImpl.invoke(DelegatingMethodAccessorImpl.java:43)
	at java.lang.reflect.Method.invoke(Method.java:498)
	at org.junit.runners.model.FrameworkMethod$1.runReflectiveCall(FrameworkMethod.java:59)
	at org.junit.internal.runners.model.ReflectiveCallable.run(ReflectiveCallable.java:12)
	at org.junit.runners.model.FrameworkMethod.invokeExplosively(FrameworkMethod.java:56)
	at org.junit.internal.runners.statements.InvokeMethod.evaluate(InvokeMethod.java:17)
	at org.junit.internal.runners.statements.RunAfters.evaluate(RunAfters.java:27)
	at org.junit.internal.runners.statements.FailOnTimeout$CallableStatement.call(FailOnTimeout.java:288)
	at org.junit.internal.runners.statements.FailOnTimeout$CallableStatement.call(FailOnTimeout.java:282)
	at java.util.concurrent.FutureTask.run(FutureTask.java:266)
	at java.lang.Thread.run(Thread.java:750)
08:40:28.177 [IPC Server handler 3 on default port 41701] ERROR OMAudit - user=runner | ip=127.0.0.1 | op=GET_FILE_STATUS {volume=volume83680, bucket=bucket94599, key=testBatchDelete/parent/childFolder/child3, dataSize=0, replicationConfig=null} | ret=FAILURE
org.apache.hadoop.ozone.om.exceptions.OMException: Unable to get file status: volume: volume83680 bucket: bucket94599 key: testBatchDelete/parent/childFolder/child3
	at org.apache.hadoop.ozone.om.KeyManagerImpl.getOzoneFileStatus(KeyManagerImpl.java:1270) ~[ozone-manager-1.3.0-SNAPSHOT.jar:?]
	at org.apache.hadoop.ozone.om.KeyManagerImpl.getFileStatus(KeyManagerImpl.java:1200) ~[ozone-manager-1.3.0-SNAPSHOT.jar:?]
	at org.apache.hadoop.ozone.om.OzoneManager.getFileStatus(OzoneManager.java:3507) ~[ozone-manager-1.3.0-SNAPSHOT.jar:?]
	at org.apache.hadoop.ozone.protocolPB.OzoneManagerRequestHandler.getOzoneFileStatus(OzoneManagerRequestHandler.java:882) ~[ozone-manager-1.3.0-SNAPSHOT.jar:?]
	at org.apache.hadoop.ozone.protocolPB.OzoneManagerRequestHandler.handleReadRequest(OzoneManagerRequestHandler.java:228) ~[ozone-manager-1.3.0-SNAPSHOT.jar:?]
	at org.apache.hadoop.ozone.protocolPB.OzoneManagerProtocolServerSideTranslatorPB.submitReadRequestToOM(OzoneManagerProtocolServerSideTranslatorPB.java:226) ~[ozone-manager-1.3.0-SNAPSHOT.jar:?]
	at org.apache.hadoop.ozone.protocolPB.OzoneManagerProtocolServerSideTranslatorPB.processRequest(OzoneManagerProtocolServerSideTranslatorPB.java:175) ~[ozone-manager-1.3.0-SNAPSHOT.jar:?]
	at org.apache.hadoop.hdds.server.OzoneProtocolMessageDispatcher.processRequest(OzoneProtocolMessageDispatcher.java:87) [hdds-server-framework-1.3.0-SNAPSHOT.jar:?]
	at org.apache.hadoop.ozone.protocolPB.OzoneManagerProtocolServerSideTranslatorPB.submitRequest(OzoneManagerProtocolServerSideTranslatorPB.java:147) [ozone-manager-1.3.0-SNAPSHOT.jar:?]
	at org.apache.hadoop.ozone.protocol.proto.OzoneManagerProtocolProtos$OzoneManagerService$2.callBlockingMethod(OzoneManagerProtocolProtos.java) [ozone-interface-client-1.3.0-SNAPSHOT.jar:?]
	at org.apache.hadoop.ipc.ProtobufRpcEngine$Server.processCall(ProtobufRpcEngine.java:466) [hadoop-common-3.3.1.jar:?]
	at org.apache.hadoop.ipc.ProtobufRpcEngine2$Server$ProtoBufRpcInvoker.call(ProtobufRpcEngine2.java:574) [hadoop-common-3.3.1.jar:?]
	at org.apache.hadoop.ipc.ProtobufRpcEngine2$Server$ProtoBufRpcInvoker.call(ProtobufRpcEngine2.java:552) [hadoop-common-3.3.1.jar:?]
	at org.apache.hadoop.ipc.RPC$Server.call(RPC.java:1093) [hadoop-common-3.3.1.jar:?]
	at org.apache.hadoop.ipc.Server$RpcCall.run(Server.java:1035) [hadoop-common-3.3.1.jar:?]
	at org.apache.hadoop.ipc.Server$RpcCall.run(Server.java:963) [hadoop-common-3.3.1.jar:?]
	at java.security.AccessController.doPrivileged(Native Method) ~[?:1.8.0_345]
	at javax.security.auth.Subject.doAs(Subject.java:422) [?:1.8.0_345]
	at org.apache.hadoop.security.UserGroupInformation.doAs(UserGroupInformation.java:1878) [hadoop-common-3.3.1.jar:?]
	at org.apache.hadoop.ipc.Server$Handler.run(Server.java:2966) [hadoop-common-3.3.1.jar:?]
2022-10-10 08:40:28,178 [Time-limited test] WARN  ozone.BasicOzoneFileSystem (BasicOzoneFileSystem.java:getFileStatus(765)) - GetFileStatus failed for path /testBatchDelete/parent/childFolder/child3
java.io.FileNotFoundException: testBatchDelete/parent/childFolder/child3: No such file or directory!
	at org.apache.hadoop.fs.ozone.BasicOzoneClientAdapterImpl.getFileStatus(BasicOzoneClientAdapterImpl.java:369)
	at org.apache.hadoop.fs.ozone.BasicOzoneFileSystem.getFileStatus(BasicOzoneFileSystem.java:757)
	at org.apache.hadoop.fs.FileSystem.exists(FileSystem.java:1760)
	at org.apache.hadoop.fs.ozone.BasicOzoneFileSystem.exists(BasicOzoneFileSystem.java:804)
	at org.apache.hadoop.fs.ozone.TestOzoneFileSystem.testFileDelete(TestOzoneFileSystem.java:539)
	at sun.reflect.NativeMethodAccessorImpl.invoke0(Native Method)
	at sun.reflect.NativeMethodAccessorImpl.invoke(NativeMethodAccessorImpl.java:62)
	at sun.reflect.DelegatingMethodAccessorImpl.invoke(DelegatingMethodAccessorImpl.java:43)
	at java.lang.reflect.Method.invoke(Method.java:498)
	at org.junit.runners.model.FrameworkMethod$1.runReflectiveCall(FrameworkMethod.java:59)
	at org.junit.internal.runners.model.ReflectiveCallable.run(ReflectiveCallable.java:12)
	at org.junit.runners.model.FrameworkMethod.invokeExplosively(FrameworkMethod.java:56)
	at org.junit.internal.runners.statements.InvokeMethod.evaluate(InvokeMethod.java:17)
	at org.junit.internal.runners.statements.RunAfters.evaluate(RunAfters.java:27)
	at org.junit.internal.runners.statements.FailOnTimeout$CallableStatement.call(FailOnTimeout.java:288)
	at org.junit.internal.runners.statements.FailOnTimeout$CallableStatement.call(FailOnTimeout.java:282)
	at java.util.concurrent.FutureTask.run(FutureTask.java:266)
	at java.lang.Thread.run(Thread.java:750)
08:40:28.178 [IPC Server handler 12 on default port 41701] ERROR OMAudit - user=runner | ip=127.0.0.1 | op=GET_FILE_STATUS {volume=volume83680, bucket=bucket94599, key=testBatchDelete/parent/child4, dataSize=0, replicationConfig=null} | ret=FAILURE
org.apache.hadoop.ozone.om.exceptions.OMException: Unable to get file status: volume: volume83680 bucket: bucket94599 key: testBatchDelete/parent/child4
	at org.apache.hadoop.ozone.om.KeyManagerImpl.getOzoneFileStatus(KeyManagerImpl.java:1270) ~[ozone-manager-1.3.0-SNAPSHOT.jar:?]
	at org.apache.hadoop.ozone.om.KeyManagerImpl.getFileStatus(KeyManagerImpl.java:1200) ~[ozone-manager-1.3.0-SNAPSHOT.jar:?]
	at org.apache.hadoop.ozone.om.OzoneManager.getFileStatus(OzoneManager.java:3507) ~[ozone-manager-1.3.0-SNAPSHOT.jar:?]
	at org.apache.hadoop.ozone.protocolPB.OzoneManagerRequestHandler.getOzoneFileStatus(OzoneManagerRequestHandler.java:882) ~[ozone-manager-1.3.0-SNAPSHOT.jar:?]
	at org.apache.hadoop.ozone.protocolPB.OzoneManagerRequestHandler.handleReadRequest(OzoneManagerRequestHandler.java:228) ~[ozone-manager-1.3.0-SNAPSHOT.jar:?]
	at org.apache.hadoop.ozone.protocolPB.OzoneManagerProtocolServerSideTranslatorPB.submitReadRequestToOM(OzoneManagerProtocolServerSideTranslatorPB.java:226) ~[ozone-manager-1.3.0-SNAPSHOT.jar:?]
	at org.apache.hadoop.ozone.protocolPB.OzoneManagerProtocolServerSideTranslatorPB.processRequest(OzoneManagerProtocolServerSideTranslatorPB.java:175) ~[ozone-manager-1.3.0-SNAPSHOT.jar:?]
	at org.apache.hadoop.hdds.server.OzoneProtocolMessageDispatcher.processRequest(OzoneProtocolMessageDispatcher.java:87) [hdds-server-framework-1.3.0-SNAPSHOT.jar:?]
	at org.apache.hadoop.ozone.protocolPB.OzoneManagerProtocolServerSideTranslatorPB.submitRequest(OzoneManagerProtocolServerSideTranslatorPB.java:147) [ozone-manager-1.3.0-SNAPSHOT.jar:?]
	at org.apache.hadoop.ozone.protocol.proto.OzoneManagerProtocolProtos$OzoneManagerService$2.callBlockingMethod(OzoneManagerProtocolProtos.java) [ozone-interface-client-1.3.0-SNAPSHOT.jar:?]
	at org.apache.hadoop.ipc.ProtobufRpcEngine$Server.processCall(ProtobufRpcEngine.java:466) [hadoop-common-3.3.1.jar:?]
	at org.apache.hadoop.ipc.ProtobufRpcEngine2$Server$ProtoBufRpcInvoker.call(ProtobufRpcEngine2.java:574) [hadoop-common-3.3.1.jar:?]
	at org.apache.hadoop.ipc.ProtobufRpcEngine2$Server$ProtoBufRpcInvoker.call(ProtobufRpcEngine2.java:552) [hadoop-common-3.3.1.jar:?]
	at org.apache.hadoop.ipc.RPC$Server.call(RPC.java:1093) [hadoop-common-3.3.1.jar:?]
	at org.apache.hadoop.ipc.Server$RpcCall.run(Server.java:1035) [hadoop-common-3.3.1.jar:?]
	at org.apache.hadoop.ipc.Server$RpcCall.run(Server.java:963) [hadoop-common-3.3.1.jar:?]
	at java.security.AccessController.doPrivileged(Native Method) ~[?:1.8.0_345]
	at javax.security.auth.Subject.doAs(Subject.java:422) [?:1.8.0_345]
	at org.apache.hadoop.security.UserGroupInformation.doAs(UserGroupInformation.java:1878) [hadoop-common-3.3.1.jar:?]
	at org.apache.hadoop.ipc.Server$Handler.run(Server.java:2966) [hadoop-common-3.3.1.jar:?]
2022-10-10 08:40:28,178 [Time-limited test] WARN  ozone.BasicOzoneFileSystem (BasicOzoneFileSystem.java:getFileStatus(765)) - GetFileStatus failed for path /testBatchDelete/parent/child4
java.io.FileNotFoundException: testBatchDelete/parent/child4: No such file or directory!
	at org.apache.hadoop.fs.ozone.BasicOzoneClientAdapterImpl.getFileStatus(BasicOzoneClientAdapterImpl.java:369)
	at org.apache.hadoop.fs.ozone.BasicOzoneFileSystem.getFileStatus(BasicOzoneFileSystem.java:757)
	at org.apache.hadoop.fs.FileSystem.exists(FileSystem.java:1760)
	at org.apache.hadoop.fs.ozone.BasicOzoneFileSystem.exists(BasicOzoneFileSystem.java:804)
	at org.apache.hadoop.fs.ozone.TestOzoneFileSystem.testFileDelete(TestOzoneFileSystem.java:534)
	at sun.reflect.NativeMethodAccessorImpl.invoke0(Native Method)
	at sun.reflect.NativeMethodAccessorImpl.invoke(NativeMethodAccessorImpl.java:62)
	at sun.reflect.DelegatingMethodAccessorImpl.invoke(DelegatingMethodAccessorImpl.java:43)
	at java.lang.reflect.Method.invoke(Method.java:498)
	at org.junit.runners.model.FrameworkMethod$1.runReflectiveCall(FrameworkMethod.java:59)
	at org.junit.internal.runners.model.ReflectiveCallable.run(ReflectiveCallable.java:12)
	at org.junit.runners.model.FrameworkMethod.invokeExplosively(FrameworkMethod.java:56)
	at org.junit.internal.runners.statements.InvokeMethod.evaluate(InvokeMethod.java:17)
	at org.junit.internal.runners.statements.RunAfters.evaluate(RunAfters.java:27)
	at org.junit.internal.runners.statements.FailOnTimeout$CallableStatement.call(FailOnTimeout.java:288)
	at org.junit.internal.runners.statements.FailOnTimeout$CallableStatement.call(FailOnTimeout.java:282)
	at java.util.concurrent.FutureTask.run(FutureTask.java:266)
	at java.lang.Thread.run(Thread.java:750)
08:40:28.179 [IPC Server handler 1 on default port 41701] ERROR OMAudit - user=runner | ip=127.0.0.1 | op=GET_FILE_STATUS {volume=volume83680, bucket=bucket94599, key=testBatchDelete/parent/childFolder/child4, dataSize=0, replicationConfig=null} | ret=FAILURE
org.apache.hadoop.ozone.om.exceptions.OMException: Unable to get file status: volume: volume83680 bucket: bucket94599 key: testBatchDelete/parent/childFolder/child4
	at org.apache.hadoop.ozone.om.KeyManagerImpl.getOzoneFileStatus(KeyManagerImpl.java:1270) ~[ozone-manager-1.3.0-SNAPSHOT.jar:?]
	at org.apache.hadoop.ozone.om.KeyManagerImpl.getFileStatus(KeyManagerImpl.java:1200) ~[ozone-manager-1.3.0-SNAPSHOT.jar:?]
	at org.apache.hadoop.ozone.om.OzoneManager.getFileStatus(OzoneManager.java:3507) ~[ozone-manager-1.3.0-SNAPSHOT.jar:?]
	at org.apache.hadoop.ozone.protocolPB.OzoneManagerRequestHandler.getOzoneFileStatus(OzoneManagerRequestHandler.java:882) ~[ozone-manager-1.3.0-SNAPSHOT.jar:?]
	at org.apache.hadoop.ozone.protocolPB.OzoneManagerRequestHandler.handleReadRequest(OzoneManagerRequestHandler.java:228) ~[ozone-manager-1.3.0-SNAPSHOT.jar:?]
	at org.apache.hadoop.ozone.protocolPB.OzoneManagerProtocolServerSideTranslatorPB.submitReadRequestToOM(OzoneManagerProtocolServerSideTranslatorPB.java:226) ~[ozone-manager-1.3.0-SNAPSHOT.jar:?]
	at org.apache.hadoop.ozone.protocolPB.OzoneManagerProtocolServerSideTranslatorPB.processRequest(OzoneManagerProtocolServerSideTranslatorPB.java:175) ~[ozone-manager-1.3.0-SNAPSHOT.jar:?]
	at org.apache.hadoop.hdds.server.OzoneProtocolMessageDispatcher.processRequest(OzoneProtocolMessageDispatcher.java:87) [hdds-server-framework-1.3.0-SNAPSHOT.jar:?]
	at org.apache.hadoop.ozone.protocolPB.OzoneManagerProtocolServerSideTranslatorPB.submitRequest(OzoneManagerProtocolServerSideTranslatorPB.java:147) [ozone-manager-1.3.0-SNAPSHOT.jar:?]
	at org.apache.hadoop.ozone.protocol.proto.OzoneManagerProtocolProtos$OzoneManagerService$2.callBlockingMethod(OzoneManagerProtocolProtos.java) [ozone-interface-client-1.3.0-SNAPSHOT.jar:?]
	at org.apache.hadoop.ipc.ProtobufRpcEngine$Server.processCall(ProtobufRpcEngine.java:466) [hadoop-common-3.3.1.jar:?]
	at org.apache.hadoop.ipc.ProtobufRpcEngine2$Server$ProtoBufRpcInvoker.call(ProtobufRpcEngine2.java:574) [hadoop-common-3.3.1.jar:?]
	at org.apache.hadoop.ipc.ProtobufRpcEngine2$Server$ProtoBufRpcInvoker.call(ProtobufRpcEngine2.java:552) [hadoop-common-3.3.1.jar:?]
	at org.apache.hadoop.ipc.RPC$Server.call(RPC.java:1093) [hadoop-common-3.3.1.jar:?]
	at org.apache.hadoop.ipc.Server$RpcCall.run(Server.java:1035) [hadoop-common-3.3.1.jar:?]
	at org.apache.hadoop.ipc.Server$RpcCall.run(Server.java:963) [hadoop-common-3.3.1.jar:?]
	at java.security.AccessController.doPrivileged(Native Method) ~[?:1.8.0_345]
	at javax.security.auth.Subject.doAs(Subject.java:422) [?:1.8.0_345]
	at org.apache.hadoop.security.UserGroupInformation.doAs(UserGroupInformation.java:1878) [hadoop-common-3.3.1.jar:?]
	at org.apache.hadoop.ipc.Server$Handler.run(Server.java:2966) [hadoop-common-3.3.1.jar:?]
2022-10-10 08:40:28,179 [Time-limited test] WARN  ozone.BasicOzoneFileSystem (BasicOzoneFileSystem.java:getFileStatus(765)) - GetFileStatus failed for path /testBatchDelete/parent/childFolder/child4
java.io.FileNotFoundException: testBatchDelete/parent/childFolder/child4: No such file or directory!
	at org.apache.hadoop.fs.ozone.BasicOzoneClientAdapterImpl.getFileStatus(BasicOzoneClientAdapterImpl.java:369)
	at org.apache.hadoop.fs.ozone.BasicOzoneFileSystem.getFileStatus(BasicOzoneFileSystem.java:757)
	at org.apache.hadoop.fs.FileSystem.exists(FileSystem.java:1760)
	at org.apache.hadoop.fs.ozone.BasicOzoneFileSystem.exists(BasicOzoneFileSystem.java:804)
	at org.apache.hadoop.fs.ozone.TestOzoneFileSystem.testFileDelete(TestOzoneFileSystem.java:539)
	at sun.reflect.NativeMethodAccessorImpl.invoke0(Native Method)
	at sun.reflect.NativeMethodAccessorImpl.invoke(NativeMethodAccessorImpl.java:62)
	at sun.reflect.DelegatingMethodAccessorImpl.invoke(DelegatingMethodAccessorImpl.java:43)
	at java.lang.reflect.Method.invoke(Method.java:498)
	at org.junit.runners.model.FrameworkMethod$1.runReflectiveCall(FrameworkMethod.java:59)
	at org.junit.internal.runners.model.ReflectiveCallable.run(ReflectiveCallable.java:12)
	at org.junit.runners.model.FrameworkMethod.invokeExplosively(FrameworkMethod.java:56)
	at org.junit.internal.runners.statements.InvokeMethod.evaluate(InvokeMethod.java:17)
	at org.junit.internal.runners.statements.RunAfters.evaluate(RunAfters.java:27)
	at org.junit.internal.runners.statements.FailOnTimeout$CallableStatement.call(FailOnTimeout.java:288)
	at org.junit.internal.runners.statements.FailOnTimeout$CallableStatement.call(FailOnTimeout.java:282)
	at java.util.concurrent.FutureTask.run(FutureTask.java:266)
	at java.lang.Thread.run(Thread.java:750)
08:40:28.181 [IPC Server handler 4 on default port 41701] ERROR OMAudit - user=runner | ip=127.0.0.1 | op=GET_FILE_STATUS {volume=volume83680, bucket=bucket94599, key=testBatchDelete/parent/child5, dataSize=0, replicationConfig=null} | ret=FAILURE
org.apache.hadoop.ozone.om.exceptions.OMException: Unable to get file status: volume: volume83680 bucket: bucket94599 key: testBatchDelete/parent/child5
	at org.apache.hadoop.ozone.om.KeyManagerImpl.getOzoneFileStatus(KeyManagerImpl.java:1270) ~[ozone-manager-1.3.0-SNAPSHOT.jar:?]
	at org.apache.hadoop.ozone.om.KeyManagerImpl.getFileStatus(KeyManagerImpl.java:1200) ~[ozone-manager-1.3.0-SNAPSHOT.jar:?]
	at org.apache.hadoop.ozone.om.OzoneManager.getFileStatus(OzoneManager.java:3507) ~[ozone-manager-1.3.0-SNAPSHOT.jar:?]
	at org.apache.hadoop.ozone.protocolPB.OzoneManagerRequestHandler.getOzoneFileStatus(OzoneManagerRequestHandler.java:882) ~[ozone-manager-1.3.0-SNAPSHOT.jar:?]
	at org.apache.hadoop.ozone.protocolPB.OzoneManagerRequestHandler.handleReadRequest(OzoneManagerRequestHandler.java:228) ~[ozone-manager-1.3.0-SNAPSHOT.jar:?]
	at org.apache.hadoop.ozone.protocolPB.OzoneManagerProtocolServerSideTranslatorPB.submitReadRequestToOM(OzoneManagerProtocolServerSideTranslatorPB.java:226) ~[ozone-manager-1.3.0-SNAPSHOT.jar:?]
	at org.apache.hadoop.ozone.protocolPB.OzoneManagerProtocolServerSideTranslatorPB.processRequest(OzoneManagerProtocolServerSideTranslatorPB.java:175) ~[ozone-manager-1.3.0-SNAPSHOT.jar:?]
	at org.apache.hadoop.hdds.server.OzoneProtocolMessageDispatcher.processRequest(OzoneProtocolMessageDispatcher.java:87) [hdds-server-framework-1.3.0-SNAPSHOT.jar:?]
	at org.apache.hadoop.ozone.protocolPB.OzoneManagerProtocolServerSideTranslatorPB.submitRequest(OzoneManagerProtocolServerSideTranslatorPB.java:147) [ozone-manager-1.3.0-SNAPSHOT.jar:?]
	at org.apache.hadoop.ozone.protocol.proto.OzoneManagerProtocolProtos$OzoneManagerService$2.callBlockingMethod(OzoneManagerProtocolProtos.java) [ozone-interface-client-1.3.0-SNAPSHOT.jar:?]
	at org.apache.hadoop.ipc.ProtobufRpcEngine$Server.processCall(ProtobufRpcEngine.java:466) [hadoop-common-3.3.1.jar:?]
	at org.apache.hadoop.ipc.ProtobufRpcEngine2$Server$ProtoBufRpcInvoker.call(ProtobufRpcEngine2.java:574) [hadoop-common-3.3.1.jar:?]
	at org.apache.hadoop.ipc.ProtobufRpcEngine2$Server$ProtoBufRpcInvoker.call(ProtobufRpcEngine2.java:552) [hadoop-common-3.3.1.jar:?]
	at org.apache.hadoop.ipc.RPC$Server.call(RPC.java:1093) [hadoop-common-3.3.1.jar:?]
	at org.apache.hadoop.ipc.Server$RpcCall.run(Server.java:1035) [hadoop-common-3.3.1.jar:?]
	at org.apache.hadoop.ipc.Server$RpcCall.run(Server.java:963) [hadoop-common-3.3.1.jar:?]
	at java.security.AccessController.doPrivileged(Native Method) ~[?:1.8.0_345]
	at javax.security.auth.Subject.doAs(Subject.java:422) [?:1.8.0_345]
	at org.apache.hadoop.security.UserGroupInformation.doAs(UserGroupInformation.java:1878) [hadoop-common-3.3.1.jar:?]
	at org.apache.hadoop.ipc.Server$Handler.run(Server.java:2966) [hadoop-common-3.3.1.jar:?]
2022-10-10 08:40:28,182 [Time-limited test] WARN  ozone.BasicOzoneFileSystem (BasicOzoneFileSystem.java:getFileStatus(765)) - GetFileStatus failed for path /testBatchDelete/parent/child5
java.io.FileNotFoundException: testBatchDelete/parent/child5: No such file or directory!
	at org.apache.hadoop.fs.ozone.BasicOzoneClientAdapterImpl.getFileStatus(BasicOzoneClientAdapterImpl.java:369)
	at org.apache.hadoop.fs.ozone.BasicOzoneFileSystem.getFileStatus(BasicOzoneFileSystem.java:757)
	at org.apache.hadoop.fs.FileSystem.exists(FileSystem.java:1760)
	at org.apache.hadoop.fs.ozone.BasicOzoneFileSystem.exists(BasicOzoneFileSystem.java:804)
	at org.apache.hadoop.fs.ozone.TestOzoneFileSystem.testFileDelete(TestOzoneFileSystem.java:534)
	at sun.reflect.NativeMethodAccessorImpl.invoke0(Native Method)
	at sun.reflect.NativeMethodAccessorImpl.invoke(NativeMethodAccessorImpl.java:62)
	at sun.reflect.DelegatingMethodAccessorImpl.invoke(DelegatingMethodAccessorImpl.java:43)
	at java.lang.reflect.Method.invoke(Method.java:498)
	at org.junit.runners.model.FrameworkMethod$1.runReflectiveCall(FrameworkMethod.java:59)
	at org.junit.internal.runners.model.ReflectiveCallable.run(ReflectiveCallable.java:12)
	at org.junit.runners.model.FrameworkMethod.invokeExplosively(FrameworkMethod.java:56)
	at org.junit.internal.runners.statements.InvokeMethod.evaluate(InvokeMethod.java:17)
	at org.junit.internal.runners.statements.RunAfters.evaluate(RunAfters.java:27)
	at org.junit.internal.runners.statements.FailOnTimeout$CallableStatement.call(FailOnTimeout.java:288)
	at org.junit.internal.runners.statements.FailOnTimeout$CallableStatement.call(FailOnTimeout.java:282)
	at java.util.concurrent.FutureTask.run(FutureTask.java:266)
	at java.lang.Thread.run(Thread.java:750)
08:40:28.182 [IPC Server handler 15 on default port 41701] ERROR OMAudit - user=runner | ip=127.0.0.1 | op=GET_FILE_STATUS {volume=volume83680, bucket=bucket94599, key=testBatchDelete/parent/childFolder/child5, dataSize=0, replicationConfig=null} | ret=FAILURE
org.apache.hadoop.ozone.om.exceptions.OMException: Unable to get file status: volume: volume83680 bucket: bucket94599 key: testBatchDelete/parent/childFolder/child5
	at org.apache.hadoop.ozone.om.KeyManagerImpl.getOzoneFileStatus(KeyManagerImpl.java:1270) ~[ozone-manager-1.3.0-SNAPSHOT.jar:?]
	at org.apache.hadoop.ozone.om.KeyManagerImpl.getFileStatus(KeyManagerImpl.java:1200) ~[ozone-manager-1.3.0-SNAPSHOT.jar:?]
	at org.apache.hadoop.ozone.om.OzoneManager.getFileStatus(OzoneManager.java:3507) ~[ozone-manager-1.3.0-SNAPSHOT.jar:?]
	at org.apache.hadoop.ozone.protocolPB.OzoneManagerRequestHandler.getOzoneFileStatus(OzoneManagerRequestHandler.java:882) ~[ozone-manager-1.3.0-SNAPSHOT.jar:?]
	at org.apache.hadoop.ozone.protocolPB.OzoneManagerRequestHandler.handleReadRequest(OzoneManagerRequestHandler.java:228) ~[ozone-manager-1.3.0-SNAPSHOT.jar:?]
	at org.apache.hadoop.ozone.protocolPB.OzoneManagerProtocolServerSideTranslatorPB.submitReadRequestToOM(OzoneManagerProtocolServerSideTranslatorPB.java:226) ~[ozone-manager-1.3.0-SNAPSHOT.jar:?]
	at org.apache.hadoop.ozone.protocolPB.OzoneManagerProtocolServerSideTranslatorPB.processRequest(OzoneManagerProtocolServerSideTranslatorPB.java:175) ~[ozone-manager-1.3.0-SNAPSHOT.jar:?]
	at org.apache.hadoop.hdds.server.OzoneProtocolMessageDispatcher.processRequest(OzoneProtocolMessageDispatcher.java:87) [hdds-server-framework-1.3.0-SNAPSHOT.jar:?]
	at org.apache.hadoop.ozone.protocolPB.OzoneManagerProtocolServerSideTranslatorPB.submitRequest(OzoneManagerProtocolServerSideTranslatorPB.java:147) [ozone-manager-1.3.0-SNAPSHOT.jar:?]
	at org.apache.hadoop.ozone.protocol.proto.OzoneManagerProtocolProtos$OzoneManagerService$2.callBlockingMethod(OzoneManagerProtocolProtos.java) [ozone-interface-client-1.3.0-SNAPSHOT.jar:?]
	at org.apache.hadoop.ipc.ProtobufRpcEngine$Server.processCall(ProtobufRpcEngine.java:466) [hadoop-common-3.3.1.jar:?]
	at org.apache.hadoop.ipc.ProtobufRpcEngine2$Server$ProtoBufRpcInvoker.call(ProtobufRpcEngine2.java:574) [hadoop-common-3.3.1.jar:?]
	at org.apache.hadoop.ipc.ProtobufRpcEngine2$Server$ProtoBufRpcInvoker.call(ProtobufRpcEngine2.java:552) [hadoop-common-3.3.1.jar:?]
	at org.apache.hadoop.ipc.RPC$Server.call(RPC.java:1093) [hadoop-common-3.3.1.jar:?]
	at org.apache.hadoop.ipc.Server$RpcCall.run(Server.java:1035) [hadoop-common-3.3.1.jar:?]
	at org.apache.hadoop.ipc.Server$RpcCall.run(Server.java:963) [hadoop-common-3.3.1.jar:?]
	at java.security.AccessController.doPrivileged(Native Method) ~[?:1.8.0_345]
	at javax.security.auth.Subject.doAs(Subject.java:422) [?:1.8.0_345]
	at org.apache.hadoop.security.UserGroupInformation.doAs(UserGroupInformation.java:1878) [hadoop-common-3.3.1.jar:?]
	at org.apache.hadoop.ipc.Server$Handler.run(Server.java:2966) [hadoop-common-3.3.1.jar:?]
2022-10-10 08:40:28,183 [Time-limited test] WARN  ozone.BasicOzoneFileSystem (BasicOzoneFileSystem.java:getFileStatus(765)) - GetFileStatus failed for path /testBatchDelete/parent/childFolder/child5
java.io.FileNotFoundException: testBatchDelete/parent/childFolder/child5: No such file or directory!
	at org.apache.hadoop.fs.ozone.BasicOzoneClientAdapterImpl.getFileStatus(BasicOzoneClientAdapterImpl.java:369)
	at org.apache.hadoop.fs.ozone.BasicOzoneFileSystem.getFileStatus(BasicOzoneFileSystem.java:757)
	at org.apache.hadoop.fs.FileSystem.exists(FileSystem.java:1760)
	at org.apache.hadoop.fs.ozone.BasicOzoneFileSystem.exists(BasicOzoneFileSystem.java:804)
	at org.apache.hadoop.fs.ozone.TestOzoneFileSystem.testFileDelete(TestOzoneFileSystem.java:539)
	at sun.reflect.NativeMethodAccessorImpl.invoke0(Native Method)
	at sun.reflect.NativeMethodAccessorImpl.invoke(NativeMethodAccessorImpl.java:62)
	at sun.reflect.DelegatingMethodAccessorImpl.invoke(DelegatingMethodAccessorImpl.java:43)
	at java.lang.reflect.Method.invoke(Method.java:498)
	at org.junit.runners.model.FrameworkMethod$1.runReflectiveCall(FrameworkMethod.java:59)
	at org.junit.internal.runners.model.ReflectiveCallable.run(ReflectiveCallable.java:12)
	at org.junit.runners.model.FrameworkMethod.invokeExplosively(FrameworkMethod.java:56)
	at org.junit.internal.runners.statements.InvokeMethod.evaluate(InvokeMethod.java:17)
	at org.junit.internal.runners.statements.RunAfters.evaluate(RunAfters.java:27)
	at org.junit.internal.runners.statements.FailOnTimeout$CallableStatement.call(FailOnTimeout.java:288)
	at org.junit.internal.runners.statements.FailOnTimeout$CallableStatement.call(FailOnTimeout.java:282)
	at java.util.concurrent.FutureTask.run(FutureTask.java:266)
	at java.lang.Thread.run(Thread.java:750)
08:40:28.183 [IPC Server handler 16 on default port 41701] ERROR OMAudit - user=runner | ip=127.0.0.1 | op=GET_FILE_STATUS {volume=volume83680, bucket=bucket94599, key=testBatchDelete/parent/child6, dataSize=0, replicationConfig=null} | ret=FAILURE
org.apache.hadoop.ozone.om.exceptions.OMException: Unable to get file status: volume: volume83680 bucket: bucket94599 key: testBatchDelete/parent/child6
	at org.apache.hadoop.ozone.om.KeyManagerImpl.getOzoneFileStatus(KeyManagerImpl.java:1270) ~[ozone-manager-1.3.0-SNAPSHOT.jar:?]
	at org.apache.hadoop.ozone.om.KeyManagerImpl.getFileStatus(KeyManagerImpl.java:1200) ~[ozone-manager-1.3.0-SNAPSHOT.jar:?]
	at org.apache.hadoop.ozone.om.OzoneManager.getFileStatus(OzoneManager.java:3507) ~[ozone-manager-1.3.0-SNAPSHOT.jar:?]
	at org.apache.hadoop.ozone.protocolPB.OzoneManagerRequestHandler.getOzoneFileStatus(OzoneManagerRequestHandler.java:882) ~[ozone-manager-1.3.0-SNAPSHOT.jar:?]
	at org.apache.hadoop.ozone.protocolPB.OzoneManagerRequestHandler.handleReadRequest(OzoneManagerRequestHandler.java:228) ~[ozone-manager-1.3.0-SNAPSHOT.jar:?]
	at org.apache.hadoop.ozone.protocolPB.OzoneManagerProtocolServerSideTranslatorPB.submitReadRequestToOM(OzoneManagerProtocolServerSideTranslatorPB.java:226) ~[ozone-manager-1.3.0-SNAPSHOT.jar:?]
	at org.apache.hadoop.ozone.protocolPB.OzoneManagerProtocolServerSideTranslatorPB.processRequest(OzoneManagerProtocolServerSideTranslatorPB.java:175) ~[ozone-manager-1.3.0-SNAPSHOT.jar:?]
	at org.apache.hadoop.hdds.server.OzoneProtocolMessageDispatcher.processRequest(OzoneProtocolMessageDispatcher.java:87) [hdds-server-framework-1.3.0-SNAPSHOT.jar:?]
	at org.apache.hadoop.ozone.protocolPB.OzoneManagerProtocolServerSideTranslatorPB.submitRequest(OzoneManagerProtocolServerSideTranslatorPB.java:147) [ozone-manager-1.3.0-SNAPSHOT.jar:?]
	at org.apache.hadoop.ozone.protocol.proto.OzoneManagerProtocolProtos$OzoneManagerService$2.callBlockingMethod(OzoneManagerProtocolProtos.java) [ozone-interface-client-1.3.0-SNAPSHOT.jar:?]
	at org.apache.hadoop.ipc.ProtobufRpcEngine$Server.processCall(ProtobufRpcEngine.java:466) [hadoop-common-3.3.1.jar:?]
	at org.apache.hadoop.ipc.ProtobufRpcEngine2$Server$ProtoBufRpcInvoker.call(ProtobufRpcEngine2.java:574) [hadoop-common-3.3.1.jar:?]
	at org.apache.hadoop.ipc.ProtobufRpcEngine2$Server$ProtoBufRpcInvoker.call(ProtobufRpcEngine2.java:552) [hadoop-common-3.3.1.jar:?]
	at org.apache.hadoop.ipc.RPC$Server.call(RPC.java:1093) [hadoop-common-3.3.1.jar:?]
	at org.apache.hadoop.ipc.Server$RpcCall.run(Server.java:1035) [hadoop-common-3.3.1.jar:?]
	at org.apache.hadoop.ipc.Server$RpcCall.run(Server.java:963) [hadoop-common-3.3.1.jar:?]
	at java.security.AccessController.doPrivileged(Native Method) ~[?:1.8.0_345]
	at javax.security.auth.Subject.doAs(Subject.java:422) [?:1.8.0_345]
	at org.apache.hadoop.security.UserGroupInformation.doAs(UserGroupInformation.java:1878) [hadoop-common-3.3.1.jar:?]
	at org.apache.hadoop.ipc.Server$Handler.run(Server.java:2966) [hadoop-common-3.3.1.jar:?]
2022-10-10 08:40:28,184 [Time-limited test] WARN  ozone.BasicOzoneFileSystem (BasicOzoneFileSystem.java:getFileStatus(765)) - GetFileStatus failed for path /testBatchDelete/parent/child6
java.io.FileNotFoundException: testBatchDelete/parent/child6: No such file or directory!
	at org.apache.hadoop.fs.ozone.BasicOzoneClientAdapterImpl.getFileStatus(BasicOzoneClientAdapterImpl.java:369)
	at org.apache.hadoop.fs.ozone.BasicOzoneFileSystem.getFileStatus(BasicOzoneFileSystem.java:757)
	at org.apache.hadoop.fs.FileSystem.exists(FileSystem.java:1760)
	at org.apache.hadoop.fs.ozone.BasicOzoneFileSystem.exists(BasicOzoneFileSystem.java:804)
	at org.apache.hadoop.fs.ozone.TestOzoneFileSystem.testFileDelete(TestOzoneFileSystem.java:534)
	at sun.reflect.NativeMethodAccessorImpl.invoke0(Native Method)
	at sun.reflect.NativeMethodAccessorImpl.invoke(NativeMethodAccessorImpl.java:62)
	at sun.reflect.DelegatingMethodAccessorImpl.invoke(DelegatingMethodAccessorImpl.java:43)
	at java.lang.reflect.Method.invoke(Method.java:498)
	at org.junit.runners.model.FrameworkMethod$1.runReflectiveCall(FrameworkMethod.java:59)
	at org.junit.internal.runners.model.ReflectiveCallable.run(ReflectiveCallable.java:12)
	at org.junit.runners.model.FrameworkMethod.invokeExplosively(FrameworkMethod.java:56)
	at org.junit.internal.runners.statements.InvokeMethod.evaluate(InvokeMethod.java:17)
	at org.junit.internal.runners.statements.RunAfters.evaluate(RunAfters.java:27)
	at org.junit.internal.runners.statements.FailOnTimeout$CallableStatement.call(FailOnTimeout.java:288)
	at org.junit.internal.runners.statements.FailOnTimeout$CallableStatement.call(FailOnTimeout.java:282)
	at java.util.concurrent.FutureTask.run(FutureTask.java:266)
	at java.lang.Thread.run(Thread.java:750)
08:40:28.184 [IPC Server handler 19 on default port 41701] ERROR OMAudit - user=runner | ip=127.0.0.1 | op=GET_FILE_STATUS {volume=volume83680, bucket=bucket94599, key=testBatchDelete/parent/childFolder/child6, dataSize=0, replicationConfig=null} | ret=FAILURE
org.apache.hadoop.ozone.om.exceptions.OMException: Unable to get file status: volume: volume83680 bucket: bucket94599 key: testBatchDelete/parent/childFolder/child6
	at org.apache.hadoop.ozone.om.KeyManagerImpl.getOzoneFileStatus(KeyManagerImpl.java:1270) ~[ozone-manager-1.3.0-SNAPSHOT.jar:?]
	at org.apache.hadoop.ozone.om.KeyManagerImpl.getFileStatus(KeyManagerImpl.java:1200) ~[ozone-manager-1.3.0-SNAPSHOT.jar:?]
	at org.apache.hadoop.ozone.om.OzoneManager.getFileStatus(OzoneManager.java:3507) ~[ozone-manager-1.3.0-SNAPSHOT.jar:?]
	at org.apache.hadoop.ozone.protocolPB.OzoneManagerRequestHandler.getOzoneFileStatus(OzoneManagerRequestHandler.java:882) ~[ozone-manager-1.3.0-SNAPSHOT.jar:?]
	at org.apache.hadoop.ozone.protocolPB.OzoneManagerRequestHandler.handleReadRequest(OzoneManagerRequestHandler.java:228) ~[ozone-manager-1.3.0-SNAPSHOT.jar:?]
	at org.apache.hadoop.ozone.protocolPB.OzoneManagerProtocolServerSideTranslatorPB.submitReadRequestToOM(OzoneManagerProtocolServerSideTranslatorPB.java:226) ~[ozone-manager-1.3.0-SNAPSHOT.jar:?]
	at org.apache.hadoop.ozone.protocolPB.OzoneManagerProtocolServerSideTranslatorPB.processRequest(OzoneManagerProtocolServerSideTranslatorPB.java:175) ~[ozone-manager-1.3.0-SNAPSHOT.jar:?]
	at org.apache.hadoop.hdds.server.OzoneProtocolMessageDispatcher.processRequest(OzoneProtocolMessageDispatcher.java:87) [hdds-server-framework-1.3.0-SNAPSHOT.jar:?]
	at org.apache.hadoop.ozone.protocolPB.OzoneManagerProtocolServerSideTranslatorPB.submitRequest(OzoneManagerProtocolServerSideTranslatorPB.java:147) [ozone-manager-1.3.0-SNAPSHOT.jar:?]
	at org.apache.hadoop.ozone.protocol.proto.OzoneManagerProtocolProtos$OzoneManagerService$2.callBlockingMethod(OzoneManagerProtocolProtos.java) [ozone-interface-client-1.3.0-SNAPSHOT.jar:?]
	at org.apache.hadoop.ipc.ProtobufRpcEngine$Server.processCall(ProtobufRpcEngine.java:466) [hadoop-common-3.3.1.jar:?]
	at org.apache.hadoop.ipc.ProtobufRpcEngine2$Server$ProtoBufRpcInvoker.call(ProtobufRpcEngine2.java:574) [hadoop-common-3.3.1.jar:?]
	at org.apache.hadoop.ipc.ProtobufRpcEngine2$Server$ProtoBufRpcInvoker.call(ProtobufRpcEngine2.java:552) [hadoop-common-3.3.1.jar:?]
	at org.apache.hadoop.ipc.RPC$Server.call(RPC.java:1093) [hadoop-common-3.3.1.jar:?]
	at org.apache.hadoop.ipc.Server$RpcCall.run(Server.java:1035) [hadoop-common-3.3.1.jar:?]
	at org.apache.hadoop.ipc.Server$RpcCall.run(Server.java:963) [hadoop-common-3.3.1.jar:?]
	at java.security.AccessController.doPrivileged(Native Method) ~[?:1.8.0_345]
	at javax.security.auth.Subject.doAs(Subject.java:422) [?:1.8.0_345]
	at org.apache.hadoop.security.UserGroupInformation.doAs(UserGroupInformation.java:1878) [hadoop-common-3.3.1.jar:?]
	at org.apache.hadoop.ipc.Server$Handler.run(Server.java:2966) [hadoop-common-3.3.1.jar:?]
2022-10-10 08:40:28,185 [Time-limited test] WARN  ozone.BasicOzoneFileSystem (BasicOzoneFileSystem.java:getFileStatus(765)) - GetFileStatus failed for path /testBatchDelete/parent/childFolder/child6
java.io.FileNotFoundException: testBatchDelete/parent/childFolder/child6: No such file or directory!
	at org.apache.hadoop.fs.ozone.BasicOzoneClientAdapterImpl.getFileStatus(BasicOzoneClientAdapterImpl.java:369)
	at org.apache.hadoop.fs.ozone.BasicOzoneFileSystem.getFileStatus(BasicOzoneFileSystem.java:757)
	at org.apache.hadoop.fs.FileSystem.exists(FileSystem.java:1760)
	at org.apache.hadoop.fs.ozone.BasicOzoneFileSystem.exists(BasicOzoneFileSystem.java:804)
	at org.apache.hadoop.fs.ozone.TestOzoneFileSystem.testFileDelete(TestOzoneFileSystem.java:539)
	at sun.reflect.NativeMethodAccessorImpl.invoke0(Native Method)
	at sun.reflect.NativeMethodAccessorImpl.invoke(NativeMethodAccessorImpl.java:62)
	at sun.reflect.DelegatingMethodAccessorImpl.invoke(DelegatingMethodAccessorImpl.java:43)
	at java.lang.reflect.Method.invoke(Method.java:498)
	at org.junit.runners.model.FrameworkMethod$1.runReflectiveCall(FrameworkMethod.java:59)
	at org.junit.internal.runners.model.ReflectiveCallable.run(ReflectiveCallable.java:12)
	at org.junit.runners.model.FrameworkMethod.invokeExplosively(FrameworkMethod.java:56)
	at org.junit.internal.runners.statements.InvokeMethod.evaluate(InvokeMethod.java:17)
	at org.junit.internal.runners.statements.RunAfters.evaluate(RunAfters.java:27)
	at org.junit.internal.runners.statements.FailOnTimeout$CallableStatement.call(FailOnTimeout.java:288)
	at org.junit.internal.runners.statements.FailOnTimeout$CallableStatement.call(FailOnTimeout.java:282)
	at java.util.concurrent.FutureTask.run(FutureTask.java:266)
	at java.lang.Thread.run(Thread.java:750)
08:40:28.185 [IPC Server handler 14 on default port 41701] ERROR OMAudit - user=runner | ip=127.0.0.1 | op=GET_FILE_STATUS {volume=volume83680, bucket=bucket94599, key=testBatchDelete/parent/child7, dataSize=0, replicationConfig=null} | ret=FAILURE
org.apache.hadoop.ozone.om.exceptions.OMException: Unable to get file status: volume: volume83680 bucket: bucket94599 key: testBatchDelete/parent/child7
	at org.apache.hadoop.ozone.om.KeyManagerImpl.getOzoneFileStatus(KeyManagerImpl.java:1270) ~[ozone-manager-1.3.0-SNAPSHOT.jar:?]
	at org.apache.hadoop.ozone.om.KeyManagerImpl.getFileStatus(KeyManagerImpl.java:1200) ~[ozone-manager-1.3.0-SNAPSHOT.jar:?]
	at org.apache.hadoop.ozone.om.OzoneManager.getFileStatus(OzoneManager.java:3507) ~[ozone-manager-1.3.0-SNAPSHOT.jar:?]
	at org.apache.hadoop.ozone.protocolPB.OzoneManagerRequestHandler.getOzoneFileStatus(OzoneManagerRequestHandler.java:882) ~[ozone-manager-1.3.0-SNAPSHOT.jar:?]
	at org.apache.hadoop.ozone.protocolPB.OzoneManagerRequestHandler.handleReadRequest(OzoneManagerRequestHandler.java:228) ~[ozone-manager-1.3.0-SNAPSHOT.jar:?]
	at org.apache.hadoop.ozone.protocolPB.OzoneManagerProtocolServerSideTranslatorPB.submitReadRequestToOM(OzoneManagerProtocolServerSideTranslatorPB.java:226) ~[ozone-manager-1.3.0-SNAPSHOT.jar:?]
	at org.apache.hadoop.ozone.protocolPB.OzoneManagerProtocolServerSideTranslatorPB.processRequest(OzoneManagerProtocolServerSideTranslatorPB.java:175) ~[ozone-manager-1.3.0-SNAPSHOT.jar:?]
	at org.apache.hadoop.hdds.server.OzoneProtocolMessageDispatcher.processRequest(OzoneProtocolMessageDispatcher.java:87) [hdds-server-framework-1.3.0-SNAPSHOT.jar:?]
	at org.apache.hadoop.ozone.protocolPB.OzoneManagerProtocolServerSideTranslatorPB.submitRequest(OzoneManagerProtocolServerSideTranslatorPB.java:147) [ozone-manager-1.3.0-SNAPSHOT.jar:?]
	at org.apache.hadoop.ozone.protocol.proto.OzoneManagerProtocolProtos$OzoneManagerService$2.callBlockingMethod(OzoneManagerProtocolProtos.java) [ozone-interface-client-1.3.0-SNAPSHOT.jar:?]
	at org.apache.hadoop.ipc.ProtobufRpcEngine$Server.processCall(ProtobufRpcEngine.java:466) [hadoop-common-3.3.1.jar:?]
	at org.apache.hadoop.ipc.ProtobufRpcEngine2$Server$ProtoBufRpcInvoker.call(ProtobufRpcEngine2.java:574) [hadoop-common-3.3.1.jar:?]
	at org.apache.hadoop.ipc.ProtobufRpcEngine2$Server$ProtoBufRpcInvoker.call(ProtobufRpcEngine2.java:552) [hadoop-common-3.3.1.jar:?]
	at org.apache.hadoop.ipc.RPC$Server.call(RPC.java:1093) [hadoop-common-3.3.1.jar:?]
	at org.apache.hadoop.ipc.Server$RpcCall.run(Server.java:1035) [hadoop-common-3.3.1.jar:?]
	at org.apache.hadoop.ipc.Server$RpcCall.run(Server.java:963) [hadoop-common-3.3.1.jar:?]
	at java.security.AccessController.doPrivileged(Native Method) ~[?:1.8.0_345]
	at javax.security.auth.Subject.doAs(Subject.java:422) [?:1.8.0_345]
	at org.apache.hadoop.security.UserGroupInformation.doAs(UserGroupInformation.java:1878) [hadoop-common-3.3.1.jar:?]
	at org.apache.hadoop.ipc.Server$Handler.run(Server.java:2966) [hadoop-common-3.3.1.jar:?]
2022-10-10 08:40:28,186 [Time-limited test] WARN  ozone.BasicOzoneFileSystem (BasicOzoneFileSystem.java:getFileStatus(765)) - GetFileStatus failed for path /testBatchDelete/parent/child7
java.io.FileNotFoundException: testBatchDelete/parent/child7: No such file or directory!
	at org.apache.hadoop.fs.ozone.BasicOzoneClientAdapterImpl.getFileStatus(BasicOzoneClientAdapterImpl.java:369)
	at org.apache.hadoop.fs.ozone.BasicOzoneFileSystem.getFileStatus(BasicOzoneFileSystem.java:757)
	at org.apache.hadoop.fs.FileSystem.exists(FileSystem.java:1760)
	at org.apache.hadoop.fs.ozone.BasicOzoneFileSystem.exists(BasicOzoneFileSystem.java:804)
	at org.apache.hadoop.fs.ozone.TestOzoneFileSystem.testFileDelete(TestOzoneFileSystem.java:534)
	at sun.reflect.NativeMethodAccessorImpl.invoke0(Native Method)
	at sun.reflect.NativeMethodAccessorImpl.invoke(NativeMethodAccessorImpl.java:62)
	at sun.reflect.DelegatingMethodAccessorImpl.invoke(DelegatingMethodAccessorImpl.java:43)
	at java.lang.reflect.Method.invoke(Method.java:498)
	at org.junit.runners.model.FrameworkMethod$1.runReflectiveCall(FrameworkMethod.java:59)
	at org.junit.internal.runners.model.ReflectiveCallable.run(ReflectiveCallable.java:12)
	at org.junit.runners.model.FrameworkMethod.invokeExplosively(FrameworkMethod.java:56)
	at org.junit.internal.runners.statements.InvokeMethod.evaluate(InvokeMethod.java:17)
	at org.junit.internal.runners.statements.RunAfters.evaluate(RunAfters.java:27)
	at org.junit.internal.runners.statements.FailOnTimeout$CallableStatement.call(FailOnTimeout.java:288)
	at org.junit.internal.runners.statements.FailOnTimeout$CallableStatement.call(FailOnTimeout.java:282)
	at java.util.concurrent.FutureTask.run(FutureTask.java:266)
	at java.lang.Thread.run(Thread.java:750)
08:40:28.186 [IPC Server handler 17 on default port 41701] ERROR OMAudit - user=runner | ip=127.0.0.1 | op=GET_FILE_STATUS {volume=volume83680, bucket=bucket94599, key=testBatchDelete/parent/childFolder/child7, dataSize=0, replicationConfig=null} | ret=FAILURE
org.apache.hadoop.ozone.om.exceptions.OMException: Unable to get file status: volume: volume83680 bucket: bucket94599 key: testBatchDelete/parent/childFolder/child7
	at org.apache.hadoop.ozone.om.KeyManagerImpl.getOzoneFileStatus(KeyManagerImpl.java:1270) ~[ozone-manager-1.3.0-SNAPSHOT.jar:?]
	at org.apache.hadoop.ozone.om.KeyManagerImpl.getFileStatus(KeyManagerImpl.java:1200) ~[ozone-manager-1.3.0-SNAPSHOT.jar:?]
	at org.apache.hadoop.ozone.om.OzoneManager.getFileStatus(OzoneManager.java:3507) ~[ozone-manager-1.3.0-SNAPSHOT.jar:?]
	at org.apache.hadoop.ozone.protocolPB.OzoneManagerRequestHandler.getOzoneFileStatus(OzoneManagerRequestHandler.java:882) ~[ozone-manager-1.3.0-SNAPSHOT.jar:?]
	at org.apache.hadoop.ozone.protocolPB.OzoneManagerRequestHandler.handleReadRequest(OzoneManagerRequestHandler.java:228) ~[ozone-manager-1.3.0-SNAPSHOT.jar:?]
	at org.apache.hadoop.ozone.protocolPB.OzoneManagerProtocolServerSideTranslatorPB.submitReadRequestToOM(OzoneManagerProtocolServerSideTranslatorPB.java:226) ~[ozone-manager-1.3.0-SNAPSHOT.jar:?]
	at org.apache.hadoop.ozone.protocolPB.OzoneManagerProtocolServerSideTranslatorPB.processRequest(OzoneManagerProtocolServerSideTranslatorPB.java:175) ~[ozone-manager-1.3.0-SNAPSHOT.jar:?]
	at org.apache.hadoop.hdds.server.OzoneProtocolMessageDispatcher.processRequest(OzoneProtocolMessageDispatcher.java:87) [hdds-server-framework-1.3.0-SNAPSHOT.jar:?]
	at org.apache.hadoop.ozone.protocolPB.OzoneManagerProtocolServerSideTranslatorPB.submitRequest(OzoneManagerProtocolServerSideTranslatorPB.java:147) [ozone-manager-1.3.0-SNAPSHOT.jar:?]
	at org.apache.hadoop.ozone.protocol.proto.OzoneManagerProtocolProtos$OzoneManagerService$2.callBlockingMethod(OzoneManagerProtocolProtos.java) [ozone-interface-client-1.3.0-SNAPSHOT.jar:?]
	at org.apache.hadoop.ipc.ProtobufRpcEngine$Server.processCall(ProtobufRpcEngine.java:466) [hadoop-common-3.3.1.jar:?]
	at org.apache.hadoop.ipc.ProtobufRpcEngine2$Server$ProtoBufRpcInvoker.call(ProtobufRpcEngine2.java:574) [hadoop-common-3.3.1.jar:?]
	at org.apache.hadoop.ipc.ProtobufRpcEngine2$Server$ProtoBufRpcInvoker.call(ProtobufRpcEngine2.java:552) [hadoop-common-3.3.1.jar:?]
	at org.apache.hadoop.ipc.RPC$Server.call(RPC.java:1093) [hadoop-common-3.3.1.jar:?]
	at org.apache.hadoop.ipc.Server$RpcCall.run(Server.java:1035) [hadoop-common-3.3.1.jar:?]
	at org.apache.hadoop.ipc.Server$RpcCall.run(Server.java:963) [hadoop-common-3.3.1.jar:?]
	at java.security.AccessController.doPrivileged(Native Method) ~[?:1.8.0_345]
	at javax.security.auth.Subject.doAs(Subject.java:422) [?:1.8.0_345]
	at org.apache.hadoop.security.UserGroupInformation.doAs(UserGroupInformation.java:1878) [hadoop-common-3.3.1.jar:?]
	at org.apache.hadoop.ipc.Server$Handler.run(Server.java:2966) [hadoop-common-3.3.1.jar:?]
2022-10-10 08:40:28,187 [Time-limited test] WARN  ozone.BasicOzoneFileSystem (BasicOzoneFileSystem.java:getFileStatus(765)) - GetFileStatus failed for path /testBatchDelete/parent/childFolder/child7
java.io.FileNotFoundException: testBatchDelete/parent/childFolder/child7: No such file or directory!
	at org.apache.hadoop.fs.ozone.BasicOzoneClientAdapterImpl.getFileStatus(BasicOzoneClientAdapterImpl.java:369)
	at org.apache.hadoop.fs.ozone.BasicOzoneFileSystem.getFileStatus(BasicOzoneFileSystem.java:757)
	at org.apache.hadoop.fs.FileSystem.exists(FileSystem.java:1760)
	at org.apache.hadoop.fs.ozone.BasicOzoneFileSystem.exists(BasicOzoneFileSystem.java:804)
	at org.apache.hadoop.fs.ozone.TestOzoneFileSystem.testFileDelete(TestOzoneFileSystem.java:539)
	at sun.reflect.NativeMethodAccessorImpl.invoke0(Native Method)
	at sun.reflect.NativeMethodAccessorImpl.invoke(NativeMethodAccessorImpl.java:62)
	at sun.reflect.DelegatingMethodAccessorImpl.invoke(DelegatingMethodAccessorImpl.java:43)
	at java.lang.reflect.Method.invoke(Method.java:498)
	at org.junit.runners.model.FrameworkMethod$1.runReflectiveCall(FrameworkMethod.java:59)
	at org.junit.internal.runners.model.ReflectiveCallable.run(ReflectiveCallable.java:12)
	at org.junit.runners.model.FrameworkMethod.invokeExplosively(FrameworkMethod.java:56)
	at org.junit.internal.runners.statements.InvokeMethod.evaluate(InvokeMethod.java:17)
	at org.junit.internal.runners.statements.RunAfters.evaluate(RunAfters.java:27)
	at org.junit.internal.runners.statements.FailOnTimeout$CallableStatement.call(FailOnTimeout.java:288)
	at org.junit.internal.runners.statements.FailOnTimeout$CallableStatement.call(FailOnTimeout.java:282)
	at java.util.concurrent.FutureTask.run(FutureTask.java:266)
	at java.lang.Thread.run(Thread.java:750)
08:40:28.187 [IPC Server handler 18 on default port 41701] ERROR OMAudit - user=runner | ip=127.0.0.1 | op=GET_FILE_STATUS {volume=volume83680, bucket=bucket94599, key=testBatchDelete/parent, dataSize=0, replicationConfig=null} | ret=FAILURE
org.apache.hadoop.ozone.om.exceptions.OMException: Unable to get file status: volume: volume83680 bucket: bucket94599 key: testBatchDelete/parent
	at org.apache.hadoop.ozone.om.KeyManagerImpl.getOzoneFileStatus(KeyManagerImpl.java:1270) ~[ozone-manager-1.3.0-SNAPSHOT.jar:?]
	at org.apache.hadoop.ozone.om.KeyManagerImpl.getFileStatus(KeyManagerImpl.java:1200) ~[ozone-manager-1.3.0-SNAPSHOT.jar:?]
	at org.apache.hadoop.ozone.om.OzoneManager.getFileStatus(OzoneManager.java:3507) ~[ozone-manager-1.3.0-SNAPSHOT.jar:?]
	at org.apache.hadoop.ozone.protocolPB.OzoneManagerRequestHandler.getOzoneFileStatus(OzoneManagerRequestHandler.java:882) ~[ozone-manager-1.3.0-SNAPSHOT.jar:?]
	at org.apache.hadoop.ozone.protocolPB.OzoneManagerRequestHandler.handleReadRequest(OzoneManagerRequestHandler.java:228) ~[ozone-manager-1.3.0-SNAPSHOT.jar:?]
	at org.apache.hadoop.ozone.protocolPB.OzoneManagerProtocolServerSideTranslatorPB.submitReadRequestToOM(OzoneManagerProtocolServerSideTranslatorPB.java:226) ~[ozone-manager-1.3.0-SNAPSHOT.jar:?]
	at org.apache.hadoop.ozone.protocolPB.OzoneManagerProtocolServerSideTranslatorPB.processRequest(OzoneManagerProtocolServerSideTranslatorPB.java:175) ~[ozone-manager-1.3.0-SNAPSHOT.jar:?]
	at org.apache.hadoop.hdds.server.OzoneProtocolMessageDispatcher.processRequest(OzoneProtocolMessageDispatcher.java:87) [hdds-server-framework-1.3.0-SNAPSHOT.jar:?]
	at org.apache.hadoop.ozone.protocolPB.OzoneManagerProtocolServerSideTranslatorPB.submitRequest(OzoneManagerProtocolServerSideTranslatorPB.java:147) [ozone-manager-1.3.0-SNAPSHOT.jar:?]
	at org.apache.hadoop.ozone.protocol.proto.OzoneManagerProtocolProtos$OzoneManagerService$2.callBlockingMethod(OzoneManagerProtocolProtos.java) [ozone-interface-client-1.3.0-SNAPSHOT.jar:?]
	at org.apache.hadoop.ipc.ProtobufRpcEngine$Server.processCall(ProtobufRpcEngine.java:466) [hadoop-common-3.3.1.jar:?]
	at org.apache.hadoop.ipc.ProtobufRpcEngine2$Server$ProtoBufRpcInvoker.call(ProtobufRpcEngine2.java:574) [hadoop-common-3.3.1.jar:?]
	at org.apache.hadoop.ipc.ProtobufRpcEngine2$Server$ProtoBufRpcInvoker.call(ProtobufRpcEngine2.java:552) [hadoop-common-3.3.1.jar:?]
	at org.apache.hadoop.ipc.RPC$Server.call(RPC.java:1093) [hadoop-common-3.3.1.jar:?]
	at org.apache.hadoop.ipc.Server$RpcCall.run(Server.java:1035) [hadoop-common-3.3.1.jar:?]
	at org.apache.hadoop.ipc.Server$RpcCall.run(Server.java:963) [hadoop-common-3.3.1.jar:?]
	at java.security.AccessController.doPrivileged(Native Method) ~[?:1.8.0_345]
	at javax.security.auth.Subject.doAs(Subject.java:422) [?:1.8.0_345]
	at org.apache.hadoop.security.UserGroupInformation.doAs(UserGroupInformation.java:1878) [hadoop-common-3.3.1.jar:?]
	at org.apache.hadoop.ipc.Server$Handler.run(Server.java:2966) [hadoop-common-3.3.1.jar:?]
2022-10-10 08:40:28,188 [Time-limited test] WARN  ozone.BasicOzoneFileSystem (BasicOzoneFileSystem.java:getFileStatus(765)) - GetFileStatus failed for path /testBatchDelete/parent
java.io.FileNotFoundException: testBatchDelete/parent: No such file or directory!
	at org.apache.hadoop.fs.ozone.BasicOzoneClientAdapterImpl.getFileStatus(BasicOzoneClientAdapterImpl.java:369)
	at org.apache.hadoop.fs.ozone.BasicOzoneFileSystem.getFileStatus(BasicOzoneFileSystem.java:757)
	at org.apache.hadoop.fs.ozone.BasicOzoneFileSystem.delete(BasicOzoneFileSystem.java:530)
	at org.apache.hadoop.fs.ozone.TestOzoneFileSystem.testFileDelete(TestOzoneFileSystem.java:543)
	at sun.reflect.NativeMethodAccessorImpl.invoke0(Native Method)
	at sun.reflect.NativeMethodAccessorImpl.invoke(NativeMethodAccessorImpl.java:62)
	at sun.reflect.DelegatingMethodAccessorImpl.invoke(DelegatingMethodAccessorImpl.java:43)
	at java.lang.reflect.Method.invoke(Method.java:498)
	at org.junit.runners.model.FrameworkMethod$1.runReflectiveCall(FrameworkMethod.java:59)
	at org.junit.internal.runners.model.ReflectiveCallable.run(ReflectiveCallable.java:12)
	at org.junit.runners.model.FrameworkMethod.invokeExplosively(FrameworkMethod.java:56)
	at org.junit.internal.runners.statements.InvokeMethod.evaluate(InvokeMethod.java:17)
	at org.junit.internal.runners.statements.RunAfters.evaluate(RunAfters.java:27)
	at org.junit.internal.runners.statements.FailOnTimeout$CallableStatement.call(FailOnTimeout.java:288)
	at org.junit.internal.runners.statements.FailOnTimeout$CallableStatement.call(FailOnTimeout.java:282)
	at java.util.concurrent.FutureTask.run(FutureTask.java:266)
	at java.lang.Thread.run(Thread.java:750)
2022-10-10 08:40:28,188 [Time-limited test] WARN  ozone.BasicOzoneFileSystem (BasicOzoneFileSystem.java:delete(532)) - delete: Path does not exist: /testBatchDelete/parent
]]></system-out>
  </testcase>
  <testcase name="testFileDelete" classname="TestOzoneFileSystem" time="0.202">
    <system-out><![CDATA[08:42:33.439 [IPC Server handler 19 on default port 37485] ERROR OMAudit - user=runner | ip=127.0.0.1 | op=GET_FILE_STATUS {volume=volume23299, bucket=bucket63939, key=testBatchDelete, dataSize=0, replicationConfig=null} | ret=FAILURE
org.apache.hadoop.ozone.om.exceptions.OMException: Unable to get file status: volume: volume23299 bucket: bucket63939 key: testBatchDelete
	at org.apache.hadoop.ozone.om.KeyManagerImpl.getOzoneFileStatus(KeyManagerImpl.java:1270) ~[ozone-manager-1.3.0-SNAPSHOT.jar:?]
	at org.apache.hadoop.ozone.om.KeyManagerImpl.getFileStatus(KeyManagerImpl.java:1200) ~[ozone-manager-1.3.0-SNAPSHOT.jar:?]
	at org.apache.hadoop.ozone.om.OzoneManager.getFileStatus(OzoneManager.java:3507) ~[ozone-manager-1.3.0-SNAPSHOT.jar:?]
	at org.apache.hadoop.ozone.protocolPB.OzoneManagerRequestHandler.getOzoneFileStatus(OzoneManagerRequestHandler.java:882) ~[ozone-manager-1.3.0-SNAPSHOT.jar:?]
	at org.apache.hadoop.ozone.protocolPB.OzoneManagerRequestHandler.handleReadRequest(OzoneManagerRequestHandler.java:228) ~[ozone-manager-1.3.0-SNAPSHOT.jar:?]
	at org.apache.hadoop.ozone.protocolPB.OzoneManagerProtocolServerSideTranslatorPB.submitRequestDirectlyToOM(OzoneManagerProtocolServerSideTranslatorPB.java:276) ~[ozone-manager-1.3.0-SNAPSHOT.jar:?]
	at org.apache.hadoop.ozone.protocolPB.OzoneManagerProtocolServerSideTranslatorPB.processRequest(OzoneManagerProtocolServerSideTranslatorPB.java:205) ~[ozone-manager-1.3.0-SNAPSHOT.jar:?]
	at org.apache.hadoop.hdds.server.OzoneProtocolMessageDispatcher.processRequest(OzoneProtocolMessageDispatcher.java:87) [hdds-server-framework-1.3.0-SNAPSHOT.jar:?]
	at org.apache.hadoop.ozone.protocolPB.OzoneManagerProtocolServerSideTranslatorPB.submitRequest(OzoneManagerProtocolServerSideTranslatorPB.java:147) [ozone-manager-1.3.0-SNAPSHOT.jar:?]
	at org.apache.hadoop.ozone.protocol.proto.OzoneManagerProtocolProtos$OzoneManagerService$2.callBlockingMethod(OzoneManagerProtocolProtos.java) [ozone-interface-client-1.3.0-SNAPSHOT.jar:?]
	at org.apache.hadoop.ipc.ProtobufRpcEngine$Server.processCall(ProtobufRpcEngine.java:466) [hadoop-common-3.3.1.jar:?]
	at org.apache.hadoop.ipc.ProtobufRpcEngine2$Server$ProtoBufRpcInvoker.call(ProtobufRpcEngine2.java:574) [hadoop-common-3.3.1.jar:?]
	at org.apache.hadoop.ipc.ProtobufRpcEngine2$Server$ProtoBufRpcInvoker.call(ProtobufRpcEngine2.java:552) [hadoop-common-3.3.1.jar:?]
	at org.apache.hadoop.ipc.RPC$Server.call(RPC.java:1093) [hadoop-common-3.3.1.jar:?]
	at org.apache.hadoop.ipc.Server$RpcCall.run(Server.java:1035) [hadoop-common-3.3.1.jar:?]
	at org.apache.hadoop.ipc.Server$RpcCall.run(Server.java:963) [hadoop-common-3.3.1.jar:?]
	at java.security.AccessController.doPrivileged(Native Method) ~[?:1.8.0_345]
	at javax.security.auth.Subject.doAs(Subject.java:422) [?:1.8.0_345]
	at org.apache.hadoop.security.UserGroupInformation.doAs(UserGroupInformation.java:1878) [hadoop-common-3.3.1.jar:?]
	at org.apache.hadoop.ipc.Server$Handler.run(Server.java:2966) [hadoop-common-3.3.1.jar:?]
2022-10-10 08:42:33,444 [Time-limited test] WARN  ozone.BasicOzoneFileSystem (BasicOzoneFileSystem.java:getFileStatus(765)) - GetFileStatus failed for path /testBatchDelete
java.io.FileNotFoundException: testBatchDelete: No such file or directory!
	at org.apache.hadoop.fs.ozone.BasicOzoneClientAdapterImpl.getFileStatus(BasicOzoneClientAdapterImpl.java:369)
	at org.apache.hadoop.fs.ozone.BasicOzoneFileSystem.getFileStatus(BasicOzoneFileSystem.java:757)
	at org.apache.hadoop.fs.FileSystem.exists(FileSystem.java:1760)
	at org.apache.hadoop.fs.ozone.BasicOzoneFileSystem.exists(BasicOzoneFileSystem.java:804)
	at org.apache.hadoop.fs.ozone.TestOzoneFileSystem.testFileDelete(TestOzoneFileSystem.java:530)
	at sun.reflect.NativeMethodAccessorImpl.invoke0(Native Method)
	at sun.reflect.NativeMethodAccessorImpl.invoke(NativeMethodAccessorImpl.java:62)
	at sun.reflect.DelegatingMethodAccessorImpl.invoke(DelegatingMethodAccessorImpl.java:43)
	at java.lang.reflect.Method.invoke(Method.java:498)
	at org.junit.runners.model.FrameworkMethod$1.runReflectiveCall(FrameworkMethod.java:59)
	at org.junit.internal.runners.model.ReflectiveCallable.run(ReflectiveCallable.java:12)
	at org.junit.runners.model.FrameworkMethod.invokeExplosively(FrameworkMethod.java:56)
	at org.junit.internal.runners.statements.InvokeMethod.evaluate(InvokeMethod.java:17)
	at org.junit.internal.runners.statements.RunAfters.evaluate(RunAfters.java:27)
	at org.junit.internal.runners.statements.FailOnTimeout$CallableStatement.call(FailOnTimeout.java:288)
	at org.junit.internal.runners.statements.FailOnTimeout$CallableStatement.call(FailOnTimeout.java:282)
	at java.util.concurrent.FutureTask.run(FutureTask.java:266)
	at java.lang.Thread.run(Thread.java:750)
08:42:33.444 [IPC Server handler 0 on default port 37485] ERROR OMAudit - user=runner | ip=127.0.0.1 | op=GET_FILE_STATUS {volume=volume23299, bucket=bucket63939, key=testBatchDelete/parent/child0, dataSize=0, replicationConfig=null} | ret=FAILURE
org.apache.hadoop.ozone.om.exceptions.OMException: Unable to get file status: volume: volume23299 bucket: bucket63939 key: testBatchDelete/parent/child0
	at org.apache.hadoop.ozone.om.KeyManagerImpl.getOzoneFileStatus(KeyManagerImpl.java:1270) ~[ozone-manager-1.3.0-SNAPSHOT.jar:?]
	at org.apache.hadoop.ozone.om.KeyManagerImpl.getFileStatus(KeyManagerImpl.java:1200) ~[ozone-manager-1.3.0-SNAPSHOT.jar:?]
	at org.apache.hadoop.ozone.om.OzoneManager.getFileStatus(OzoneManager.java:3507) ~[ozone-manager-1.3.0-SNAPSHOT.jar:?]
	at org.apache.hadoop.ozone.protocolPB.OzoneManagerRequestHandler.getOzoneFileStatus(OzoneManagerRequestHandler.java:882) ~[ozone-manager-1.3.0-SNAPSHOT.jar:?]
	at org.apache.hadoop.ozone.protocolPB.OzoneManagerRequestHandler.handleReadRequest(OzoneManagerRequestHandler.java:228) ~[ozone-manager-1.3.0-SNAPSHOT.jar:?]
	at org.apache.hadoop.ozone.protocolPB.OzoneManagerProtocolServerSideTranslatorPB.submitRequestDirectlyToOM(OzoneManagerProtocolServerSideTranslatorPB.java:276) ~[ozone-manager-1.3.0-SNAPSHOT.jar:?]
	at org.apache.hadoop.ozone.protocolPB.OzoneManagerProtocolServerSideTranslatorPB.processRequest(OzoneManagerProtocolServerSideTranslatorPB.java:205) ~[ozone-manager-1.3.0-SNAPSHOT.jar:?]
	at org.apache.hadoop.hdds.server.OzoneProtocolMessageDispatcher.processRequest(OzoneProtocolMessageDispatcher.java:87) [hdds-server-framework-1.3.0-SNAPSHOT.jar:?]
	at org.apache.hadoop.ozone.protocolPB.OzoneManagerProtocolServerSideTranslatorPB.submitRequest(OzoneManagerProtocolServerSideTranslatorPB.java:147) [ozone-manager-1.3.0-SNAPSHOT.jar:?]
	at org.apache.hadoop.ozone.protocol.proto.OzoneManagerProtocolProtos$OzoneManagerService$2.callBlockingMethod(OzoneManagerProtocolProtos.java) [ozone-interface-client-1.3.0-SNAPSHOT.jar:?]
	at org.apache.hadoop.ipc.ProtobufRpcEngine$Server.processCall(ProtobufRpcEngine.java:466) [hadoop-common-3.3.1.jar:?]
	at org.apache.hadoop.ipc.ProtobufRpcEngine2$Server$ProtoBufRpcInvoker.call(ProtobufRpcEngine2.java:574) [hadoop-common-3.3.1.jar:?]
	at org.apache.hadoop.ipc.ProtobufRpcEngine2$Server$ProtoBufRpcInvoker.call(ProtobufRpcEngine2.java:552) [hadoop-common-3.3.1.jar:?]
	at org.apache.hadoop.ipc.RPC$Server.call(RPC.java:1093) [hadoop-common-3.3.1.jar:?]
	at org.apache.hadoop.ipc.Server$RpcCall.run(Server.java:1035) [hadoop-common-3.3.1.jar:?]
	at org.apache.hadoop.ipc.Server$RpcCall.run(Server.java:963) [hadoop-common-3.3.1.jar:?]
	at java.security.AccessController.doPrivileged(Native Method) ~[?:1.8.0_345]
	at javax.security.auth.Subject.doAs(Subject.java:422) [?:1.8.0_345]
	at org.apache.hadoop.security.UserGroupInformation.doAs(UserGroupInformation.java:1878) [hadoop-common-3.3.1.jar:?]
	at org.apache.hadoop.ipc.Server$Handler.run(Server.java:2966) [hadoop-common-3.3.1.jar:?]
2022-10-10 08:42:33,445 [Time-limited test] WARN  ozone.BasicOzoneFileSystem (BasicOzoneFileSystem.java:getFileStatus(765)) - GetFileStatus failed for path /testBatchDelete/parent/child0
java.io.FileNotFoundException: testBatchDelete/parent/child0: No such file or directory!
	at org.apache.hadoop.fs.ozone.BasicOzoneClientAdapterImpl.getFileStatus(BasicOzoneClientAdapterImpl.java:369)
	at org.apache.hadoop.fs.ozone.BasicOzoneFileSystem.getFileStatus(BasicOzoneFileSystem.java:757)
	at org.apache.hadoop.fs.FileSystem.exists(FileSystem.java:1760)
	at org.apache.hadoop.fs.ozone.BasicOzoneFileSystem.exists(BasicOzoneFileSystem.java:804)
	at org.apache.hadoop.fs.ozone.TestOzoneFileSystem.testFileDelete(TestOzoneFileSystem.java:534)
	at sun.reflect.NativeMethodAccessorImpl.invoke0(Native Method)
	at sun.reflect.NativeMethodAccessorImpl.invoke(NativeMethodAccessorImpl.java:62)
	at sun.reflect.DelegatingMethodAccessorImpl.invoke(DelegatingMethodAccessorImpl.java:43)
	at java.lang.reflect.Method.invoke(Method.java:498)
	at org.junit.runners.model.FrameworkMethod$1.runReflectiveCall(FrameworkMethod.java:59)
	at org.junit.internal.runners.model.ReflectiveCallable.run(ReflectiveCallable.java:12)
	at org.junit.runners.model.FrameworkMethod.invokeExplosively(FrameworkMethod.java:56)
	at org.junit.internal.runners.statements.InvokeMethod.evaluate(InvokeMethod.java:17)
	at org.junit.internal.runners.statements.RunAfters.evaluate(RunAfters.java:27)
	at org.junit.internal.runners.statements.FailOnTimeout$CallableStatement.call(FailOnTimeout.java:288)
	at org.junit.internal.runners.statements.FailOnTimeout$CallableStatement.call(FailOnTimeout.java:282)
	at java.util.concurrent.FutureTask.run(FutureTask.java:266)
	at java.lang.Thread.run(Thread.java:750)
08:42:33.445 [IPC Server handler 7 on default port 37485] ERROR OMAudit - user=runner | ip=127.0.0.1 | op=GET_FILE_STATUS {volume=volume23299, bucket=bucket63939, key=testBatchDelete/parent/childFolder/child0, dataSize=0, replicationConfig=null} | ret=FAILURE
org.apache.hadoop.ozone.om.exceptions.OMException: Unable to get file status: volume: volume23299 bucket: bucket63939 key: testBatchDelete/parent/childFolder/child0
	at org.apache.hadoop.ozone.om.KeyManagerImpl.getOzoneFileStatus(KeyManagerImpl.java:1270) ~[ozone-manager-1.3.0-SNAPSHOT.jar:?]
	at org.apache.hadoop.ozone.om.KeyManagerImpl.getFileStatus(KeyManagerImpl.java:1200) ~[ozone-manager-1.3.0-SNAPSHOT.jar:?]
	at org.apache.hadoop.ozone.om.OzoneManager.getFileStatus(OzoneManager.java:3507) ~[ozone-manager-1.3.0-SNAPSHOT.jar:?]
	at org.apache.hadoop.ozone.protocolPB.OzoneManagerRequestHandler.getOzoneFileStatus(OzoneManagerRequestHandler.java:882) ~[ozone-manager-1.3.0-SNAPSHOT.jar:?]
	at org.apache.hadoop.ozone.protocolPB.OzoneManagerRequestHandler.handleReadRequest(OzoneManagerRequestHandler.java:228) ~[ozone-manager-1.3.0-SNAPSHOT.jar:?]
	at org.apache.hadoop.ozone.protocolPB.OzoneManagerProtocolServerSideTranslatorPB.submitRequestDirectlyToOM(OzoneManagerProtocolServerSideTranslatorPB.java:276) ~[ozone-manager-1.3.0-SNAPSHOT.jar:?]
	at org.apache.hadoop.ozone.protocolPB.OzoneManagerProtocolServerSideTranslatorPB.processRequest(OzoneManagerProtocolServerSideTranslatorPB.java:205) ~[ozone-manager-1.3.0-SNAPSHOT.jar:?]
	at org.apache.hadoop.hdds.server.OzoneProtocolMessageDispatcher.processRequest(OzoneProtocolMessageDispatcher.java:87) [hdds-server-framework-1.3.0-SNAPSHOT.jar:?]
	at org.apache.hadoop.ozone.protocolPB.OzoneManagerProtocolServerSideTranslatorPB.submitRequest(OzoneManagerProtocolServerSideTranslatorPB.java:147) [ozone-manager-1.3.0-SNAPSHOT.jar:?]
	at org.apache.hadoop.ozone.protocol.proto.OzoneManagerProtocolProtos$OzoneManagerService$2.callBlockingMethod(OzoneManagerProtocolProtos.java) [ozone-interface-client-1.3.0-SNAPSHOT.jar:?]
	at org.apache.hadoop.ipc.ProtobufRpcEngine$Server.processCall(ProtobufRpcEngine.java:466) [hadoop-common-3.3.1.jar:?]
	at org.apache.hadoop.ipc.ProtobufRpcEngine2$Server$ProtoBufRpcInvoker.call(ProtobufRpcEngine2.java:574) [hadoop-common-3.3.1.jar:?]
	at org.apache.hadoop.ipc.ProtobufRpcEngine2$Server$ProtoBufRpcInvoker.call(ProtobufRpcEngine2.java:552) [hadoop-common-3.3.1.jar:?]
	at org.apache.hadoop.ipc.RPC$Server.call(RPC.java:1093) [hadoop-common-3.3.1.jar:?]
	at org.apache.hadoop.ipc.Server$RpcCall.run(Server.java:1035) [hadoop-common-3.3.1.jar:?]
	at org.apache.hadoop.ipc.Server$RpcCall.run(Server.java:963) [hadoop-common-3.3.1.jar:?]
	at java.security.AccessController.doPrivileged(Native Method) ~[?:1.8.0_345]
	at javax.security.auth.Subject.doAs(Subject.java:422) [?:1.8.0_345]
	at org.apache.hadoop.security.UserGroupInformation.doAs(UserGroupInformation.java:1878) [hadoop-common-3.3.1.jar:?]
	at org.apache.hadoop.ipc.Server$Handler.run(Server.java:2966) [hadoop-common-3.3.1.jar:?]
2022-10-10 08:42:33,446 [Time-limited test] WARN  ozone.BasicOzoneFileSystem (BasicOzoneFileSystem.java:getFileStatus(765)) - GetFileStatus failed for path /testBatchDelete/parent/childFolder/child0
java.io.FileNotFoundException: testBatchDelete/parent/childFolder/child0: No such file or directory!
	at org.apache.hadoop.fs.ozone.BasicOzoneClientAdapterImpl.getFileStatus(BasicOzoneClientAdapterImpl.java:369)
	at org.apache.hadoop.fs.ozone.BasicOzoneFileSystem.getFileStatus(BasicOzoneFileSystem.java:757)
	at org.apache.hadoop.fs.FileSystem.exists(FileSystem.java:1760)
	at org.apache.hadoop.fs.ozone.BasicOzoneFileSystem.exists(BasicOzoneFileSystem.java:804)
	at org.apache.hadoop.fs.ozone.TestOzoneFileSystem.testFileDelete(TestOzoneFileSystem.java:539)
	at sun.reflect.NativeMethodAccessorImpl.invoke0(Native Method)
	at sun.reflect.NativeMethodAccessorImpl.invoke(NativeMethodAccessorImpl.java:62)
	at sun.reflect.DelegatingMethodAccessorImpl.invoke(DelegatingMethodAccessorImpl.java:43)
	at java.lang.reflect.Method.invoke(Method.java:498)
	at org.junit.runners.model.FrameworkMethod$1.runReflectiveCall(FrameworkMethod.java:59)
	at org.junit.internal.runners.model.ReflectiveCallable.run(ReflectiveCallable.java:12)
	at org.junit.runners.model.FrameworkMethod.invokeExplosively(FrameworkMethod.java:56)
	at org.junit.internal.runners.statements.InvokeMethod.evaluate(InvokeMethod.java:17)
	at org.junit.internal.runners.statements.RunAfters.evaluate(RunAfters.java:27)
	at org.junit.internal.runners.statements.FailOnTimeout$CallableStatement.call(FailOnTimeout.java:288)
	at org.junit.internal.runners.statements.FailOnTimeout$CallableStatement.call(FailOnTimeout.java:282)
	at java.util.concurrent.FutureTask.run(FutureTask.java:266)
	at java.lang.Thread.run(Thread.java:750)
08:42:33.447 [IPC Server handler 18 on default port 37485] ERROR OMAudit - user=runner | ip=127.0.0.1 | op=GET_FILE_STATUS {volume=volume23299, bucket=bucket63939, key=testBatchDelete/parent/child1, dataSize=0, replicationConfig=null} | ret=FAILURE
org.apache.hadoop.ozone.om.exceptions.OMException: Unable to get file status: volume: volume23299 bucket: bucket63939 key: testBatchDelete/parent/child1
	at org.apache.hadoop.ozone.om.KeyManagerImpl.getOzoneFileStatus(KeyManagerImpl.java:1270) ~[ozone-manager-1.3.0-SNAPSHOT.jar:?]
	at org.apache.hadoop.ozone.om.KeyManagerImpl.getFileStatus(KeyManagerImpl.java:1200) ~[ozone-manager-1.3.0-SNAPSHOT.jar:?]
	at org.apache.hadoop.ozone.om.OzoneManager.getFileStatus(OzoneManager.java:3507) ~[ozone-manager-1.3.0-SNAPSHOT.jar:?]
	at org.apache.hadoop.ozone.protocolPB.OzoneManagerRequestHandler.getOzoneFileStatus(OzoneManagerRequestHandler.java:882) ~[ozone-manager-1.3.0-SNAPSHOT.jar:?]
	at org.apache.hadoop.ozone.protocolPB.OzoneManagerRequestHandler.handleReadRequest(OzoneManagerRequestHandler.java:228) ~[ozone-manager-1.3.0-SNAPSHOT.jar:?]
	at org.apache.hadoop.ozone.protocolPB.OzoneManagerProtocolServerSideTranslatorPB.submitRequestDirectlyToOM(OzoneManagerProtocolServerSideTranslatorPB.java:276) ~[ozone-manager-1.3.0-SNAPSHOT.jar:?]
	at org.apache.hadoop.ozone.protocolPB.OzoneManagerProtocolServerSideTranslatorPB.processRequest(OzoneManagerProtocolServerSideTranslatorPB.java:205) ~[ozone-manager-1.3.0-SNAPSHOT.jar:?]
	at org.apache.hadoop.hdds.server.OzoneProtocolMessageDispatcher.processRequest(OzoneProtocolMessageDispatcher.java:87) [hdds-server-framework-1.3.0-SNAPSHOT.jar:?]
	at org.apache.hadoop.ozone.protocolPB.OzoneManagerProtocolServerSideTranslatorPB.submitRequest(OzoneManagerProtocolServerSideTranslatorPB.java:147) [ozone-manager-1.3.0-SNAPSHOT.jar:?]
	at org.apache.hadoop.ozone.protocol.proto.OzoneManagerProtocolProtos$OzoneManagerService$2.callBlockingMethod(OzoneManagerProtocolProtos.java) [ozone-interface-client-1.3.0-SNAPSHOT.jar:?]
	at org.apache.hadoop.ipc.ProtobufRpcEngine$Server.processCall(ProtobufRpcEngine.java:466) [hadoop-common-3.3.1.jar:?]
	at org.apache.hadoop.ipc.ProtobufRpcEngine2$Server$ProtoBufRpcInvoker.call(ProtobufRpcEngine2.java:574) [hadoop-common-3.3.1.jar:?]
	at org.apache.hadoop.ipc.ProtobufRpcEngine2$Server$ProtoBufRpcInvoker.call(ProtobufRpcEngine2.java:552) [hadoop-common-3.3.1.jar:?]
	at org.apache.hadoop.ipc.RPC$Server.call(RPC.java:1093) [hadoop-common-3.3.1.jar:?]
	at org.apache.hadoop.ipc.Server$RpcCall.run(Server.java:1035) [hadoop-common-3.3.1.jar:?]
	at org.apache.hadoop.ipc.Server$RpcCall.run(Server.java:963) [hadoop-common-3.3.1.jar:?]
	at java.security.AccessController.doPrivileged(Native Method) ~[?:1.8.0_345]
	at javax.security.auth.Subject.doAs(Subject.java:422) [?:1.8.0_345]
	at org.apache.hadoop.security.UserGroupInformation.doAs(UserGroupInformation.java:1878) [hadoop-common-3.3.1.jar:?]
	at org.apache.hadoop.ipc.Server$Handler.run(Server.java:2966) [hadoop-common-3.3.1.jar:?]
2022-10-10 08:42:33,447 [Time-limited test] WARN  ozone.BasicOzoneFileSystem (BasicOzoneFileSystem.java:getFileStatus(765)) - GetFileStatus failed for path /testBatchDelete/parent/child1
java.io.FileNotFoundException: testBatchDelete/parent/child1: No such file or directory!
	at org.apache.hadoop.fs.ozone.BasicOzoneClientAdapterImpl.getFileStatus(BasicOzoneClientAdapterImpl.java:369)
	at org.apache.hadoop.fs.ozone.BasicOzoneFileSystem.getFileStatus(BasicOzoneFileSystem.java:757)
	at org.apache.hadoop.fs.FileSystem.exists(FileSystem.java:1760)
	at org.apache.hadoop.fs.ozone.BasicOzoneFileSystem.exists(BasicOzoneFileSystem.java:804)
	at org.apache.hadoop.fs.ozone.TestOzoneFileSystem.testFileDelete(TestOzoneFileSystem.java:534)
	at sun.reflect.NativeMethodAccessorImpl.invoke0(Native Method)
	at sun.reflect.NativeMethodAccessorImpl.invoke(NativeMethodAccessorImpl.java:62)
	at sun.reflect.DelegatingMethodAccessorImpl.invoke(DelegatingMethodAccessorImpl.java:43)
	at java.lang.reflect.Method.invoke(Method.java:498)
	at org.junit.runners.model.FrameworkMethod$1.runReflectiveCall(FrameworkMethod.java:59)
	at org.junit.internal.runners.model.ReflectiveCallable.run(ReflectiveCallable.java:12)
	at org.junit.runners.model.FrameworkMethod.invokeExplosively(FrameworkMethod.java:56)
	at org.junit.internal.runners.statements.InvokeMethod.evaluate(InvokeMethod.java:17)
	at org.junit.internal.runners.statements.RunAfters.evaluate(RunAfters.java:27)
	at org.junit.internal.runners.statements.FailOnTimeout$CallableStatement.call(FailOnTimeout.java:288)
	at org.junit.internal.runners.statements.FailOnTimeout$CallableStatement.call(FailOnTimeout.java:282)
	at java.util.concurrent.FutureTask.run(FutureTask.java:266)
	at java.lang.Thread.run(Thread.java:750)
08:42:33.448 [IPC Server handler 12 on default port 37485] ERROR OMAudit - user=runner | ip=127.0.0.1 | op=GET_FILE_STATUS {volume=volume23299, bucket=bucket63939, key=testBatchDelete/parent/childFolder/child1, dataSize=0, replicationConfig=null} | ret=FAILURE
org.apache.hadoop.ozone.om.exceptions.OMException: Unable to get file status: volume: volume23299 bucket: bucket63939 key: testBatchDelete/parent/childFolder/child1
	at org.apache.hadoop.ozone.om.KeyManagerImpl.getOzoneFileStatus(KeyManagerImpl.java:1270) ~[ozone-manager-1.3.0-SNAPSHOT.jar:?]
	at org.apache.hadoop.ozone.om.KeyManagerImpl.getFileStatus(KeyManagerImpl.java:1200) ~[ozone-manager-1.3.0-SNAPSHOT.jar:?]
	at org.apache.hadoop.ozone.om.OzoneManager.getFileStatus(OzoneManager.java:3507) ~[ozone-manager-1.3.0-SNAPSHOT.jar:?]
	at org.apache.hadoop.ozone.protocolPB.OzoneManagerRequestHandler.getOzoneFileStatus(OzoneManagerRequestHandler.java:882) ~[ozone-manager-1.3.0-SNAPSHOT.jar:?]
	at org.apache.hadoop.ozone.protocolPB.OzoneManagerRequestHandler.handleReadRequest(OzoneManagerRequestHandler.java:228) ~[ozone-manager-1.3.0-SNAPSHOT.jar:?]
	at org.apache.hadoop.ozone.protocolPB.OzoneManagerProtocolServerSideTranslatorPB.submitRequestDirectlyToOM(OzoneManagerProtocolServerSideTranslatorPB.java:276) ~[ozone-manager-1.3.0-SNAPSHOT.jar:?]
	at org.apache.hadoop.ozone.protocolPB.OzoneManagerProtocolServerSideTranslatorPB.processRequest(OzoneManagerProtocolServerSideTranslatorPB.java:205) ~[ozone-manager-1.3.0-SNAPSHOT.jar:?]
	at org.apache.hadoop.hdds.server.OzoneProtocolMessageDispatcher.processRequest(OzoneProtocolMessageDispatcher.java:87) [hdds-server-framework-1.3.0-SNAPSHOT.jar:?]
	at org.apache.hadoop.ozone.protocolPB.OzoneManagerProtocolServerSideTranslatorPB.submitRequest(OzoneManagerProtocolServerSideTranslatorPB.java:147) [ozone-manager-1.3.0-SNAPSHOT.jar:?]
	at org.apache.hadoop.ozone.protocol.proto.OzoneManagerProtocolProtos$OzoneManagerService$2.callBlockingMethod(OzoneManagerProtocolProtos.java) [ozone-interface-client-1.3.0-SNAPSHOT.jar:?]
	at org.apache.hadoop.ipc.ProtobufRpcEngine$Server.processCall(ProtobufRpcEngine.java:466) [hadoop-common-3.3.1.jar:?]
	at org.apache.hadoop.ipc.ProtobufRpcEngine2$Server$ProtoBufRpcInvoker.call(ProtobufRpcEngine2.java:574) [hadoop-common-3.3.1.jar:?]
	at org.apache.hadoop.ipc.ProtobufRpcEngine2$Server$ProtoBufRpcInvoker.call(ProtobufRpcEngine2.java:552) [hadoop-common-3.3.1.jar:?]
	at org.apache.hadoop.ipc.RPC$Server.call(RPC.java:1093) [hadoop-common-3.3.1.jar:?]
	at org.apache.hadoop.ipc.Server$RpcCall.run(Server.java:1035) [hadoop-common-3.3.1.jar:?]
	at org.apache.hadoop.ipc.Server$RpcCall.run(Server.java:963) [hadoop-common-3.3.1.jar:?]
	at java.security.AccessController.doPrivileged(Native Method) ~[?:1.8.0_345]
	at javax.security.auth.Subject.doAs(Subject.java:422) [?:1.8.0_345]
	at org.apache.hadoop.security.UserGroupInformation.doAs(UserGroupInformation.java:1878) [hadoop-common-3.3.1.jar:?]
	at org.apache.hadoop.ipc.Server$Handler.run(Server.java:2966) [hadoop-common-3.3.1.jar:?]
2022-10-10 08:42:33,448 [Time-limited test] WARN  ozone.BasicOzoneFileSystem (BasicOzoneFileSystem.java:getFileStatus(765)) - GetFileStatus failed for path /testBatchDelete/parent/childFolder/child1
java.io.FileNotFoundException: testBatchDelete/parent/childFolder/child1: No such file or directory!
	at org.apache.hadoop.fs.ozone.BasicOzoneClientAdapterImpl.getFileStatus(BasicOzoneClientAdapterImpl.java:369)
	at org.apache.hadoop.fs.ozone.BasicOzoneFileSystem.getFileStatus(BasicOzoneFileSystem.java:757)
	at org.apache.hadoop.fs.FileSystem.exists(FileSystem.java:1760)
	at org.apache.hadoop.fs.ozone.BasicOzoneFileSystem.exists(BasicOzoneFileSystem.java:804)
	at org.apache.hadoop.fs.ozone.TestOzoneFileSystem.testFileDelete(TestOzoneFileSystem.java:539)
	at sun.reflect.NativeMethodAccessorImpl.invoke0(Native Method)
	at sun.reflect.NativeMethodAccessorImpl.invoke(NativeMethodAccessorImpl.java:62)
	at sun.reflect.DelegatingMethodAccessorImpl.invoke(DelegatingMethodAccessorImpl.java:43)
	at java.lang.reflect.Method.invoke(Method.java:498)
	at org.junit.runners.model.FrameworkMethod$1.runReflectiveCall(FrameworkMethod.java:59)
	at org.junit.internal.runners.model.ReflectiveCallable.run(ReflectiveCallable.java:12)
	at org.junit.runners.model.FrameworkMethod.invokeExplosively(FrameworkMethod.java:56)
	at org.junit.internal.runners.statements.InvokeMethod.evaluate(InvokeMethod.java:17)
	at org.junit.internal.runners.statements.RunAfters.evaluate(RunAfters.java:27)
	at org.junit.internal.runners.statements.FailOnTimeout$CallableStatement.call(FailOnTimeout.java:288)
	at org.junit.internal.runners.statements.FailOnTimeout$CallableStatement.call(FailOnTimeout.java:282)
	at java.util.concurrent.FutureTask.run(FutureTask.java:266)
	at java.lang.Thread.run(Thread.java:750)
08:42:33.449 [IPC Server handler 15 on default port 37485] ERROR OMAudit - user=runner | ip=127.0.0.1 | op=GET_FILE_STATUS {volume=volume23299, bucket=bucket63939, key=testBatchDelete/parent/child2, dataSize=0, replicationConfig=null} | ret=FAILURE
org.apache.hadoop.ozone.om.exceptions.OMException: Unable to get file status: volume: volume23299 bucket: bucket63939 key: testBatchDelete/parent/child2
	at org.apache.hadoop.ozone.om.KeyManagerImpl.getOzoneFileStatus(KeyManagerImpl.java:1270) ~[ozone-manager-1.3.0-SNAPSHOT.jar:?]
	at org.apache.hadoop.ozone.om.KeyManagerImpl.getFileStatus(KeyManagerImpl.java:1200) ~[ozone-manager-1.3.0-SNAPSHOT.jar:?]
	at org.apache.hadoop.ozone.om.OzoneManager.getFileStatus(OzoneManager.java:3507) ~[ozone-manager-1.3.0-SNAPSHOT.jar:?]
	at org.apache.hadoop.ozone.protocolPB.OzoneManagerRequestHandler.getOzoneFileStatus(OzoneManagerRequestHandler.java:882) ~[ozone-manager-1.3.0-SNAPSHOT.jar:?]
	at org.apache.hadoop.ozone.protocolPB.OzoneManagerRequestHandler.handleReadRequest(OzoneManagerRequestHandler.java:228) ~[ozone-manager-1.3.0-SNAPSHOT.jar:?]
	at org.apache.hadoop.ozone.protocolPB.OzoneManagerProtocolServerSideTranslatorPB.submitRequestDirectlyToOM(OzoneManagerProtocolServerSideTranslatorPB.java:276) ~[ozone-manager-1.3.0-SNAPSHOT.jar:?]
	at org.apache.hadoop.ozone.protocolPB.OzoneManagerProtocolServerSideTranslatorPB.processRequest(OzoneManagerProtocolServerSideTranslatorPB.java:205) ~[ozone-manager-1.3.0-SNAPSHOT.jar:?]
	at org.apache.hadoop.hdds.server.OzoneProtocolMessageDispatcher.processRequest(OzoneProtocolMessageDispatcher.java:87) [hdds-server-framework-1.3.0-SNAPSHOT.jar:?]
	at org.apache.hadoop.ozone.protocolPB.OzoneManagerProtocolServerSideTranslatorPB.submitRequest(OzoneManagerProtocolServerSideTranslatorPB.java:147) [ozone-manager-1.3.0-SNAPSHOT.jar:?]
	at org.apache.hadoop.ozone.protocol.proto.OzoneManagerProtocolProtos$OzoneManagerService$2.callBlockingMethod(OzoneManagerProtocolProtos.java) [ozone-interface-client-1.3.0-SNAPSHOT.jar:?]
	at org.apache.hadoop.ipc.ProtobufRpcEngine$Server.processCall(ProtobufRpcEngine.java:466) [hadoop-common-3.3.1.jar:?]
	at org.apache.hadoop.ipc.ProtobufRpcEngine2$Server$ProtoBufRpcInvoker.call(ProtobufRpcEngine2.java:574) [hadoop-common-3.3.1.jar:?]
	at org.apache.hadoop.ipc.ProtobufRpcEngine2$Server$ProtoBufRpcInvoker.call(ProtobufRpcEngine2.java:552) [hadoop-common-3.3.1.jar:?]
	at org.apache.hadoop.ipc.RPC$Server.call(RPC.java:1093) [hadoop-common-3.3.1.jar:?]
	at org.apache.hadoop.ipc.Server$RpcCall.run(Server.java:1035) [hadoop-common-3.3.1.jar:?]
	at org.apache.hadoop.ipc.Server$RpcCall.run(Server.java:963) [hadoop-common-3.3.1.jar:?]
	at java.security.AccessController.doPrivileged(Native Method) ~[?:1.8.0_345]
	at javax.security.auth.Subject.doAs(Subject.java:422) [?:1.8.0_345]
	at org.apache.hadoop.security.UserGroupInformation.doAs(UserGroupInformation.java:1878) [hadoop-common-3.3.1.jar:?]
	at org.apache.hadoop.ipc.Server$Handler.run(Server.java:2966) [hadoop-common-3.3.1.jar:?]
2022-10-10 08:42:33,449 [Time-limited test] WARN  ozone.BasicOzoneFileSystem (BasicOzoneFileSystem.java:getFileStatus(765)) - GetFileStatus failed for path /testBatchDelete/parent/child2
java.io.FileNotFoundException: testBatchDelete/parent/child2: No such file or directory!
	at org.apache.hadoop.fs.ozone.BasicOzoneClientAdapterImpl.getFileStatus(BasicOzoneClientAdapterImpl.java:369)
	at org.apache.hadoop.fs.ozone.BasicOzoneFileSystem.getFileStatus(BasicOzoneFileSystem.java:757)
	at org.apache.hadoop.fs.FileSystem.exists(FileSystem.java:1760)
	at org.apache.hadoop.fs.ozone.BasicOzoneFileSystem.exists(BasicOzoneFileSystem.java:804)
	at org.apache.hadoop.fs.ozone.TestOzoneFileSystem.testFileDelete(TestOzoneFileSystem.java:534)
	at sun.reflect.NativeMethodAccessorImpl.invoke0(Native Method)
	at sun.reflect.NativeMethodAccessorImpl.invoke(NativeMethodAccessorImpl.java:62)
	at sun.reflect.DelegatingMethodAccessorImpl.invoke(DelegatingMethodAccessorImpl.java:43)
	at java.lang.reflect.Method.invoke(Method.java:498)
	at org.junit.runners.model.FrameworkMethod$1.runReflectiveCall(FrameworkMethod.java:59)
	at org.junit.internal.runners.model.ReflectiveCallable.run(ReflectiveCallable.java:12)
	at org.junit.runners.model.FrameworkMethod.invokeExplosively(FrameworkMethod.java:56)
	at org.junit.internal.runners.statements.InvokeMethod.evaluate(InvokeMethod.java:17)
	at org.junit.internal.runners.statements.RunAfters.evaluate(RunAfters.java:27)
	at org.junit.internal.runners.statements.FailOnTimeout$CallableStatement.call(FailOnTimeout.java:288)
	at org.junit.internal.runners.statements.FailOnTimeout$CallableStatement.call(FailOnTimeout.java:282)
	at java.util.concurrent.FutureTask.run(FutureTask.java:266)
	at java.lang.Thread.run(Thread.java:750)
08:42:33.449 [IPC Server handler 13 on default port 37485] ERROR OMAudit - user=runner | ip=127.0.0.1 | op=GET_FILE_STATUS {volume=volume23299, bucket=bucket63939, key=testBatchDelete/parent/childFolder/child2, dataSize=0, replicationConfig=null} | ret=FAILURE
org.apache.hadoop.ozone.om.exceptions.OMException: Unable to get file status: volume: volume23299 bucket: bucket63939 key: testBatchDelete/parent/childFolder/child2
	at org.apache.hadoop.ozone.om.KeyManagerImpl.getOzoneFileStatus(KeyManagerImpl.java:1270) ~[ozone-manager-1.3.0-SNAPSHOT.jar:?]
	at org.apache.hadoop.ozone.om.KeyManagerImpl.getFileStatus(KeyManagerImpl.java:1200) ~[ozone-manager-1.3.0-SNAPSHOT.jar:?]
	at org.apache.hadoop.ozone.om.OzoneManager.getFileStatus(OzoneManager.java:3507) ~[ozone-manager-1.3.0-SNAPSHOT.jar:?]
	at org.apache.hadoop.ozone.protocolPB.OzoneManagerRequestHandler.getOzoneFileStatus(OzoneManagerRequestHandler.java:882) ~[ozone-manager-1.3.0-SNAPSHOT.jar:?]
	at org.apache.hadoop.ozone.protocolPB.OzoneManagerRequestHandler.handleReadRequest(OzoneManagerRequestHandler.java:228) ~[ozone-manager-1.3.0-SNAPSHOT.jar:?]
	at org.apache.hadoop.ozone.protocolPB.OzoneManagerProtocolServerSideTranslatorPB.submitRequestDirectlyToOM(OzoneManagerProtocolServerSideTranslatorPB.java:276) ~[ozone-manager-1.3.0-SNAPSHOT.jar:?]
	at org.apache.hadoop.ozone.protocolPB.OzoneManagerProtocolServerSideTranslatorPB.processRequest(OzoneManagerProtocolServerSideTranslatorPB.java:205) ~[ozone-manager-1.3.0-SNAPSHOT.jar:?]
	at org.apache.hadoop.hdds.server.OzoneProtocolMessageDispatcher.processRequest(OzoneProtocolMessageDispatcher.java:87) [hdds-server-framework-1.3.0-SNAPSHOT.jar:?]
	at org.apache.hadoop.ozone.protocolPB.OzoneManagerProtocolServerSideTranslatorPB.submitRequest(OzoneManagerProtocolServerSideTranslatorPB.java:147) [ozone-manager-1.3.0-SNAPSHOT.jar:?]
	at org.apache.hadoop.ozone.protocol.proto.OzoneManagerProtocolProtos$OzoneManagerService$2.callBlockingMethod(OzoneManagerProtocolProtos.java) [ozone-interface-client-1.3.0-SNAPSHOT.jar:?]
	at org.apache.hadoop.ipc.ProtobufRpcEngine$Server.processCall(ProtobufRpcEngine.java:466) [hadoop-common-3.3.1.jar:?]
	at org.apache.hadoop.ipc.ProtobufRpcEngine2$Server$ProtoBufRpcInvoker.call(ProtobufRpcEngine2.java:574) [hadoop-common-3.3.1.jar:?]
	at org.apache.hadoop.ipc.ProtobufRpcEngine2$Server$ProtoBufRpcInvoker.call(ProtobufRpcEngine2.java:552) [hadoop-common-3.3.1.jar:?]
	at org.apache.hadoop.ipc.RPC$Server.call(RPC.java:1093) [hadoop-common-3.3.1.jar:?]
	at org.apache.hadoop.ipc.Server$RpcCall.run(Server.java:1035) [hadoop-common-3.3.1.jar:?]
	at org.apache.hadoop.ipc.Server$RpcCall.run(Server.java:963) [hadoop-common-3.3.1.jar:?]
	at java.security.AccessController.doPrivileged(Native Method) ~[?:1.8.0_345]
	at javax.security.auth.Subject.doAs(Subject.java:422) [?:1.8.0_345]
	at org.apache.hadoop.security.UserGroupInformation.doAs(UserGroupInformation.java:1878) [hadoop-common-3.3.1.jar:?]
	at org.apache.hadoop.ipc.Server$Handler.run(Server.java:2966) [hadoop-common-3.3.1.jar:?]
2022-10-10 08:42:33,450 [Time-limited test] WARN  ozone.BasicOzoneFileSystem (BasicOzoneFileSystem.java:getFileStatus(765)) - GetFileStatus failed for path /testBatchDelete/parent/childFolder/child2
java.io.FileNotFoundException: testBatchDelete/parent/childFolder/child2: No such file or directory!
	at org.apache.hadoop.fs.ozone.BasicOzoneClientAdapterImpl.getFileStatus(BasicOzoneClientAdapterImpl.java:369)
	at org.apache.hadoop.fs.ozone.BasicOzoneFileSystem.getFileStatus(BasicOzoneFileSystem.java:757)
	at org.apache.hadoop.fs.FileSystem.exists(FileSystem.java:1760)
	at org.apache.hadoop.fs.ozone.BasicOzoneFileSystem.exists(BasicOzoneFileSystem.java:804)
	at org.apache.hadoop.fs.ozone.TestOzoneFileSystem.testFileDelete(TestOzoneFileSystem.java:539)
	at sun.reflect.NativeMethodAccessorImpl.invoke0(Native Method)
	at sun.reflect.NativeMethodAccessorImpl.invoke(NativeMethodAccessorImpl.java:62)
	at sun.reflect.DelegatingMethodAccessorImpl.invoke(DelegatingMethodAccessorImpl.java:43)
	at java.lang.reflect.Method.invoke(Method.java:498)
	at org.junit.runners.model.FrameworkMethod$1.runReflectiveCall(FrameworkMethod.java:59)
	at org.junit.internal.runners.model.ReflectiveCallable.run(ReflectiveCallable.java:12)
	at org.junit.runners.model.FrameworkMethod.invokeExplosively(FrameworkMethod.java:56)
	at org.junit.internal.runners.statements.InvokeMethod.evaluate(InvokeMethod.java:17)
	at org.junit.internal.runners.statements.RunAfters.evaluate(RunAfters.java:27)
	at org.junit.internal.runners.statements.FailOnTimeout$CallableStatement.call(FailOnTimeout.java:288)
	at org.junit.internal.runners.statements.FailOnTimeout$CallableStatement.call(FailOnTimeout.java:282)
	at java.util.concurrent.FutureTask.run(FutureTask.java:266)
	at java.lang.Thread.run(Thread.java:750)
08:42:33.450 [IPC Server handler 8 on default port 37485] ERROR OMAudit - user=runner | ip=127.0.0.1 | op=GET_FILE_STATUS {volume=volume23299, bucket=bucket63939, key=testBatchDelete/parent/child3, dataSize=0, replicationConfig=null} | ret=FAILURE
org.apache.hadoop.ozone.om.exceptions.OMException: Unable to get file status: volume: volume23299 bucket: bucket63939 key: testBatchDelete/parent/child3
	at org.apache.hadoop.ozone.om.KeyManagerImpl.getOzoneFileStatus(KeyManagerImpl.java:1270) ~[ozone-manager-1.3.0-SNAPSHOT.jar:?]
	at org.apache.hadoop.ozone.om.KeyManagerImpl.getFileStatus(KeyManagerImpl.java:1200) ~[ozone-manager-1.3.0-SNAPSHOT.jar:?]
	at org.apache.hadoop.ozone.om.OzoneManager.getFileStatus(OzoneManager.java:3507) ~[ozone-manager-1.3.0-SNAPSHOT.jar:?]
	at org.apache.hadoop.ozone.protocolPB.OzoneManagerRequestHandler.getOzoneFileStatus(OzoneManagerRequestHandler.java:882) ~[ozone-manager-1.3.0-SNAPSHOT.jar:?]
	at org.apache.hadoop.ozone.protocolPB.OzoneManagerRequestHandler.handleReadRequest(OzoneManagerRequestHandler.java:228) ~[ozone-manager-1.3.0-SNAPSHOT.jar:?]
	at org.apache.hadoop.ozone.protocolPB.OzoneManagerProtocolServerSideTranslatorPB.submitRequestDirectlyToOM(OzoneManagerProtocolServerSideTranslatorPB.java:276) ~[ozone-manager-1.3.0-SNAPSHOT.jar:?]
	at org.apache.hadoop.ozone.protocolPB.OzoneManagerProtocolServerSideTranslatorPB.processRequest(OzoneManagerProtocolServerSideTranslatorPB.java:205) ~[ozone-manager-1.3.0-SNAPSHOT.jar:?]
	at org.apache.hadoop.hdds.server.OzoneProtocolMessageDispatcher.processRequest(OzoneProtocolMessageDispatcher.java:87) [hdds-server-framework-1.3.0-SNAPSHOT.jar:?]
	at org.apache.hadoop.ozone.protocolPB.OzoneManagerProtocolServerSideTranslatorPB.submitRequest(OzoneManagerProtocolServerSideTranslatorPB.java:147) [ozone-manager-1.3.0-SNAPSHOT.jar:?]
	at org.apache.hadoop.ozone.protocol.proto.OzoneManagerProtocolProtos$OzoneManagerService$2.callBlockingMethod(OzoneManagerProtocolProtos.java) [ozone-interface-client-1.3.0-SNAPSHOT.jar:?]
	at org.apache.hadoop.ipc.ProtobufRpcEngine$Server.processCall(ProtobufRpcEngine.java:466) [hadoop-common-3.3.1.jar:?]
	at org.apache.hadoop.ipc.ProtobufRpcEngine2$Server$ProtoBufRpcInvoker.call(ProtobufRpcEngine2.java:574) [hadoop-common-3.3.1.jar:?]
	at org.apache.hadoop.ipc.ProtobufRpcEngine2$Server$ProtoBufRpcInvoker.call(ProtobufRpcEngine2.java:552) [hadoop-common-3.3.1.jar:?]
	at org.apache.hadoop.ipc.RPC$Server.call(RPC.java:1093) [hadoop-common-3.3.1.jar:?]
	at org.apache.hadoop.ipc.Server$RpcCall.run(Server.java:1035) [hadoop-common-3.3.1.jar:?]
	at org.apache.hadoop.ipc.Server$RpcCall.run(Server.java:963) [hadoop-common-3.3.1.jar:?]
	at java.security.AccessController.doPrivileged(Native Method) ~[?:1.8.0_345]
	at javax.security.auth.Subject.doAs(Subject.java:422) [?:1.8.0_345]
	at org.apache.hadoop.security.UserGroupInformation.doAs(UserGroupInformation.java:1878) [hadoop-common-3.3.1.jar:?]
	at org.apache.hadoop.ipc.Server$Handler.run(Server.java:2966) [hadoop-common-3.3.1.jar:?]
2022-10-10 08:42:33,451 [Time-limited test] WARN  ozone.BasicOzoneFileSystem (BasicOzoneFileSystem.java:getFileStatus(765)) - GetFileStatus failed for path /testBatchDelete/parent/child3
java.io.FileNotFoundException: testBatchDelete/parent/child3: No such file or directory!
	at org.apache.hadoop.fs.ozone.BasicOzoneClientAdapterImpl.getFileStatus(BasicOzoneClientAdapterImpl.java:369)
	at org.apache.hadoop.fs.ozone.BasicOzoneFileSystem.getFileStatus(BasicOzoneFileSystem.java:757)
	at org.apache.hadoop.fs.FileSystem.exists(FileSystem.java:1760)
	at org.apache.hadoop.fs.ozone.BasicOzoneFileSystem.exists(BasicOzoneFileSystem.java:804)
	at org.apache.hadoop.fs.ozone.TestOzoneFileSystem.testFileDelete(TestOzoneFileSystem.java:534)
	at sun.reflect.NativeMethodAccessorImpl.invoke0(Native Method)
	at sun.reflect.NativeMethodAccessorImpl.invoke(NativeMethodAccessorImpl.java:62)
	at sun.reflect.DelegatingMethodAccessorImpl.invoke(DelegatingMethodAccessorImpl.java:43)
	at java.lang.reflect.Method.invoke(Method.java:498)
	at org.junit.runners.model.FrameworkMethod$1.runReflectiveCall(FrameworkMethod.java:59)
	at org.junit.internal.runners.model.ReflectiveCallable.run(ReflectiveCallable.java:12)
	at org.junit.runners.model.FrameworkMethod.invokeExplosively(FrameworkMethod.java:56)
	at org.junit.internal.runners.statements.InvokeMethod.evaluate(InvokeMethod.java:17)
	at org.junit.internal.runners.statements.RunAfters.evaluate(RunAfters.java:27)
	at org.junit.internal.runners.statements.FailOnTimeout$CallableStatement.call(FailOnTimeout.java:288)
	at org.junit.internal.runners.statements.FailOnTimeout$CallableStatement.call(FailOnTimeout.java:282)
	at java.util.concurrent.FutureTask.run(FutureTask.java:266)
	at java.lang.Thread.run(Thread.java:750)
08:42:33.451 [IPC Server handler 14 on default port 37485] ERROR OMAudit - user=runner | ip=127.0.0.1 | op=GET_FILE_STATUS {volume=volume23299, bucket=bucket63939, key=testBatchDelete/parent/childFolder/child3, dataSize=0, replicationConfig=null} | ret=FAILURE
org.apache.hadoop.ozone.om.exceptions.OMException: Unable to get file status: volume: volume23299 bucket: bucket63939 key: testBatchDelete/parent/childFolder/child3
	at org.apache.hadoop.ozone.om.KeyManagerImpl.getOzoneFileStatus(KeyManagerImpl.java:1270) ~[ozone-manager-1.3.0-SNAPSHOT.jar:?]
	at org.apache.hadoop.ozone.om.KeyManagerImpl.getFileStatus(KeyManagerImpl.java:1200) ~[ozone-manager-1.3.0-SNAPSHOT.jar:?]
	at org.apache.hadoop.ozone.om.OzoneManager.getFileStatus(OzoneManager.java:3507) ~[ozone-manager-1.3.0-SNAPSHOT.jar:?]
	at org.apache.hadoop.ozone.protocolPB.OzoneManagerRequestHandler.getOzoneFileStatus(OzoneManagerRequestHandler.java:882) ~[ozone-manager-1.3.0-SNAPSHOT.jar:?]
	at org.apache.hadoop.ozone.protocolPB.OzoneManagerRequestHandler.handleReadRequest(OzoneManagerRequestHandler.java:228) ~[ozone-manager-1.3.0-SNAPSHOT.jar:?]
	at org.apache.hadoop.ozone.protocolPB.OzoneManagerProtocolServerSideTranslatorPB.submitRequestDirectlyToOM(OzoneManagerProtocolServerSideTranslatorPB.java:276) ~[ozone-manager-1.3.0-SNAPSHOT.jar:?]
	at org.apache.hadoop.ozone.protocolPB.OzoneManagerProtocolServerSideTranslatorPB.processRequest(OzoneManagerProtocolServerSideTranslatorPB.java:205) ~[ozone-manager-1.3.0-SNAPSHOT.jar:?]
	at org.apache.hadoop.hdds.server.OzoneProtocolMessageDispatcher.processRequest(OzoneProtocolMessageDispatcher.java:87) [hdds-server-framework-1.3.0-SNAPSHOT.jar:?]
	at org.apache.hadoop.ozone.protocolPB.OzoneManagerProtocolServerSideTranslatorPB.submitRequest(OzoneManagerProtocolServerSideTranslatorPB.java:147) [ozone-manager-1.3.0-SNAPSHOT.jar:?]
	at org.apache.hadoop.ozone.protocol.proto.OzoneManagerProtocolProtos$OzoneManagerService$2.callBlockingMethod(OzoneManagerProtocolProtos.java) [ozone-interface-client-1.3.0-SNAPSHOT.jar:?]
	at org.apache.hadoop.ipc.ProtobufRpcEngine$Server.processCall(ProtobufRpcEngine.java:466) [hadoop-common-3.3.1.jar:?]
	at org.apache.hadoop.ipc.ProtobufRpcEngine2$Server$ProtoBufRpcInvoker.call(ProtobufRpcEngine2.java:574) [hadoop-common-3.3.1.jar:?]
	at org.apache.hadoop.ipc.ProtobufRpcEngine2$Server$ProtoBufRpcInvoker.call(ProtobufRpcEngine2.java:552) [hadoop-common-3.3.1.jar:?]
	at org.apache.hadoop.ipc.RPC$Server.call(RPC.java:1093) [hadoop-common-3.3.1.jar:?]
	at org.apache.hadoop.ipc.Server$RpcCall.run(Server.java:1035) [hadoop-common-3.3.1.jar:?]
	at org.apache.hadoop.ipc.Server$RpcCall.run(Server.java:963) [hadoop-common-3.3.1.jar:?]
	at java.security.AccessController.doPrivileged(Native Method) ~[?:1.8.0_345]
	at javax.security.auth.Subject.doAs(Subject.java:422) [?:1.8.0_345]
	at org.apache.hadoop.security.UserGroupInformation.doAs(UserGroupInformation.java:1878) [hadoop-common-3.3.1.jar:?]
	at org.apache.hadoop.ipc.Server$Handler.run(Server.java:2966) [hadoop-common-3.3.1.jar:?]
2022-10-10 08:42:33,452 [Time-limited test] WARN  ozone.BasicOzoneFileSystem (BasicOzoneFileSystem.java:getFileStatus(765)) - GetFileStatus failed for path /testBatchDelete/parent/childFolder/child3
java.io.FileNotFoundException: testBatchDelete/parent/childFolder/child3: No such file or directory!
	at org.apache.hadoop.fs.ozone.BasicOzoneClientAdapterImpl.getFileStatus(BasicOzoneClientAdapterImpl.java:369)
	at org.apache.hadoop.fs.ozone.BasicOzoneFileSystem.getFileStatus(BasicOzoneFileSystem.java:757)
	at org.apache.hadoop.fs.FileSystem.exists(FileSystem.java:1760)
	at org.apache.hadoop.fs.ozone.BasicOzoneFileSystem.exists(BasicOzoneFileSystem.java:804)
	at org.apache.hadoop.fs.ozone.TestOzoneFileSystem.testFileDelete(TestOzoneFileSystem.java:539)
	at sun.reflect.NativeMethodAccessorImpl.invoke0(Native Method)
	at sun.reflect.NativeMethodAccessorImpl.invoke(NativeMethodAccessorImpl.java:62)
	at sun.reflect.DelegatingMethodAccessorImpl.invoke(DelegatingMethodAccessorImpl.java:43)
	at java.lang.reflect.Method.invoke(Method.java:498)
	at org.junit.runners.model.FrameworkMethod$1.runReflectiveCall(FrameworkMethod.java:59)
	at org.junit.internal.runners.model.ReflectiveCallable.run(ReflectiveCallable.java:12)
	at org.junit.runners.model.FrameworkMethod.invokeExplosively(FrameworkMethod.java:56)
	at org.junit.internal.runners.statements.InvokeMethod.evaluate(InvokeMethod.java:17)
	at org.junit.internal.runners.statements.RunAfters.evaluate(RunAfters.java:27)
	at org.junit.internal.runners.statements.FailOnTimeout$CallableStatement.call(FailOnTimeout.java:288)
	at org.junit.internal.runners.statements.FailOnTimeout$CallableStatement.call(FailOnTimeout.java:282)
	at java.util.concurrent.FutureTask.run(FutureTask.java:266)
	at java.lang.Thread.run(Thread.java:750)
08:42:33.457 [IPC Server handler 9 on default port 37485] ERROR OMAudit - user=runner | ip=127.0.0.1 | op=GET_FILE_STATUS {volume=volume23299, bucket=bucket63939, key=testBatchDelete/parent/child4, dataSize=0, replicationConfig=null} | ret=FAILURE
org.apache.hadoop.ozone.om.exceptions.OMException: Unable to get file status: volume: volume23299 bucket: bucket63939 key: testBatchDelete/parent/child4
	at org.apache.hadoop.ozone.om.KeyManagerImpl.getOzoneFileStatus(KeyManagerImpl.java:1270) ~[ozone-manager-1.3.0-SNAPSHOT.jar:?]
	at org.apache.hadoop.ozone.om.KeyManagerImpl.getFileStatus(KeyManagerImpl.java:1200) ~[ozone-manager-1.3.0-SNAPSHOT.jar:?]
	at org.apache.hadoop.ozone.om.OzoneManager.getFileStatus(OzoneManager.java:3507) ~[ozone-manager-1.3.0-SNAPSHOT.jar:?]
	at org.apache.hadoop.ozone.protocolPB.OzoneManagerRequestHandler.getOzoneFileStatus(OzoneManagerRequestHandler.java:882) ~[ozone-manager-1.3.0-SNAPSHOT.jar:?]
	at org.apache.hadoop.ozone.protocolPB.OzoneManagerRequestHandler.handleReadRequest(OzoneManagerRequestHandler.java:228) ~[ozone-manager-1.3.0-SNAPSHOT.jar:?]
	at org.apache.hadoop.ozone.protocolPB.OzoneManagerProtocolServerSideTranslatorPB.submitRequestDirectlyToOM(OzoneManagerProtocolServerSideTranslatorPB.java:276) ~[ozone-manager-1.3.0-SNAPSHOT.jar:?]
	at org.apache.hadoop.ozone.protocolPB.OzoneManagerProtocolServerSideTranslatorPB.processRequest(OzoneManagerProtocolServerSideTranslatorPB.java:205) ~[ozone-manager-1.3.0-SNAPSHOT.jar:?]
	at org.apache.hadoop.hdds.server.OzoneProtocolMessageDispatcher.processRequest(OzoneProtocolMessageDispatcher.java:87) [hdds-server-framework-1.3.0-SNAPSHOT.jar:?]
	at org.apache.hadoop.ozone.protocolPB.OzoneManagerProtocolServerSideTranslatorPB.submitRequest(OzoneManagerProtocolServerSideTranslatorPB.java:147) [ozone-manager-1.3.0-SNAPSHOT.jar:?]
	at org.apache.hadoop.ozone.protocol.proto.OzoneManagerProtocolProtos$OzoneManagerService$2.callBlockingMethod(OzoneManagerProtocolProtos.java) [ozone-interface-client-1.3.0-SNAPSHOT.jar:?]
	at org.apache.hadoop.ipc.ProtobufRpcEngine$Server.processCall(ProtobufRpcEngine.java:466) [hadoop-common-3.3.1.jar:?]
	at org.apache.hadoop.ipc.ProtobufRpcEngine2$Server$ProtoBufRpcInvoker.call(ProtobufRpcEngine2.java:574) [hadoop-common-3.3.1.jar:?]
	at org.apache.hadoop.ipc.ProtobufRpcEngine2$Server$ProtoBufRpcInvoker.call(ProtobufRpcEngine2.java:552) [hadoop-common-3.3.1.jar:?]
	at org.apache.hadoop.ipc.RPC$Server.call(RPC.java:1093) [hadoop-common-3.3.1.jar:?]
	at org.apache.hadoop.ipc.Server$RpcCall.run(Server.java:1035) [hadoop-common-3.3.1.jar:?]
	at org.apache.hadoop.ipc.Server$RpcCall.run(Server.java:963) [hadoop-common-3.3.1.jar:?]
	at java.security.AccessController.doPrivileged(Native Method) ~[?:1.8.0_345]
	at javax.security.auth.Subject.doAs(Subject.java:422) [?:1.8.0_345]
	at org.apache.hadoop.security.UserGroupInformation.doAs(UserGroupInformation.java:1878) [hadoop-common-3.3.1.jar:?]
	at org.apache.hadoop.ipc.Server$Handler.run(Server.java:2966) [hadoop-common-3.3.1.jar:?]
2022-10-10 08:42:33,460 [Time-limited test] WARN  ozone.BasicOzoneFileSystem (BasicOzoneFileSystem.java:getFileStatus(765)) - GetFileStatus failed for path /testBatchDelete/parent/child4
java.io.FileNotFoundException: testBatchDelete/parent/child4: No such file or directory!
	at org.apache.hadoop.fs.ozone.BasicOzoneClientAdapterImpl.getFileStatus(BasicOzoneClientAdapterImpl.java:369)
	at org.apache.hadoop.fs.ozone.BasicOzoneFileSystem.getFileStatus(BasicOzoneFileSystem.java:757)
	at org.apache.hadoop.fs.FileSystem.exists(FileSystem.java:1760)
	at org.apache.hadoop.fs.ozone.BasicOzoneFileSystem.exists(BasicOzoneFileSystem.java:804)
	at org.apache.hadoop.fs.ozone.TestOzoneFileSystem.testFileDelete(TestOzoneFileSystem.java:534)
	at sun.reflect.NativeMethodAccessorImpl.invoke0(Native Method)
	at sun.reflect.NativeMethodAccessorImpl.invoke(NativeMethodAccessorImpl.java:62)
	at sun.reflect.DelegatingMethodAccessorImpl.invoke(DelegatingMethodAccessorImpl.java:43)
	at java.lang.reflect.Method.invoke(Method.java:498)
	at org.junit.runners.model.FrameworkMethod$1.runReflectiveCall(FrameworkMethod.java:59)
	at org.junit.internal.runners.model.ReflectiveCallable.run(ReflectiveCallable.java:12)
	at org.junit.runners.model.FrameworkMethod.invokeExplosively(FrameworkMethod.java:56)
	at org.junit.internal.runners.statements.InvokeMethod.evaluate(InvokeMethod.java:17)
	at org.junit.internal.runners.statements.RunAfters.evaluate(RunAfters.java:27)
	at org.junit.internal.runners.statements.FailOnTimeout$CallableStatement.call(FailOnTimeout.java:288)
	at org.junit.internal.runners.statements.FailOnTimeout$CallableStatement.call(FailOnTimeout.java:282)
	at java.util.concurrent.FutureTask.run(FutureTask.java:266)
	at java.lang.Thread.run(Thread.java:750)
08:42:33.461 [IPC Server handler 3 on default port 37485] ERROR OMAudit - user=runner | ip=127.0.0.1 | op=GET_FILE_STATUS {volume=volume23299, bucket=bucket63939, key=testBatchDelete/parent/childFolder/child4, dataSize=0, replicationConfig=null} | ret=FAILURE
org.apache.hadoop.ozone.om.exceptions.OMException: Unable to get file status: volume: volume23299 bucket: bucket63939 key: testBatchDelete/parent/childFolder/child4
	at org.apache.hadoop.ozone.om.KeyManagerImpl.getOzoneFileStatus(KeyManagerImpl.java:1270) ~[ozone-manager-1.3.0-SNAPSHOT.jar:?]
	at org.apache.hadoop.ozone.om.KeyManagerImpl.getFileStatus(KeyManagerImpl.java:1200) ~[ozone-manager-1.3.0-SNAPSHOT.jar:?]
	at org.apache.hadoop.ozone.om.OzoneManager.getFileStatus(OzoneManager.java:3507) ~[ozone-manager-1.3.0-SNAPSHOT.jar:?]
	at org.apache.hadoop.ozone.protocolPB.OzoneManagerRequestHandler.getOzoneFileStatus(OzoneManagerRequestHandler.java:882) ~[ozone-manager-1.3.0-SNAPSHOT.jar:?]
	at org.apache.hadoop.ozone.protocolPB.OzoneManagerRequestHandler.handleReadRequest(OzoneManagerRequestHandler.java:228) ~[ozone-manager-1.3.0-SNAPSHOT.jar:?]
	at org.apache.hadoop.ozone.protocolPB.OzoneManagerProtocolServerSideTranslatorPB.submitRequestDirectlyToOM(OzoneManagerProtocolServerSideTranslatorPB.java:276) ~[ozone-manager-1.3.0-SNAPSHOT.jar:?]
	at org.apache.hadoop.ozone.protocolPB.OzoneManagerProtocolServerSideTranslatorPB.processRequest(OzoneManagerProtocolServerSideTranslatorPB.java:205) ~[ozone-manager-1.3.0-SNAPSHOT.jar:?]
	at org.apache.hadoop.hdds.server.OzoneProtocolMessageDispatcher.processRequest(OzoneProtocolMessageDispatcher.java:87) [hdds-server-framework-1.3.0-SNAPSHOT.jar:?]
	at org.apache.hadoop.ozone.protocolPB.OzoneManagerProtocolServerSideTranslatorPB.submitRequest(OzoneManagerProtocolServerSideTranslatorPB.java:147) [ozone-manager-1.3.0-SNAPSHOT.jar:?]
	at org.apache.hadoop.ozone.protocol.proto.OzoneManagerProtocolProtos$OzoneManagerService$2.callBlockingMethod(OzoneManagerProtocolProtos.java) [ozone-interface-client-1.3.0-SNAPSHOT.jar:?]
	at org.apache.hadoop.ipc.ProtobufRpcEngine$Server.processCall(ProtobufRpcEngine.java:466) [hadoop-common-3.3.1.jar:?]
	at org.apache.hadoop.ipc.ProtobufRpcEngine2$Server$ProtoBufRpcInvoker.call(ProtobufRpcEngine2.java:574) [hadoop-common-3.3.1.jar:?]
	at org.apache.hadoop.ipc.ProtobufRpcEngine2$Server$ProtoBufRpcInvoker.call(ProtobufRpcEngine2.java:552) [hadoop-common-3.3.1.jar:?]
	at org.apache.hadoop.ipc.RPC$Server.call(RPC.java:1093) [hadoop-common-3.3.1.jar:?]
	at org.apache.hadoop.ipc.Server$RpcCall.run(Server.java:1035) [hadoop-common-3.3.1.jar:?]
	at org.apache.hadoop.ipc.Server$RpcCall.run(Server.java:963) [hadoop-common-3.3.1.jar:?]
	at java.security.AccessController.doPrivileged(Native Method) ~[?:1.8.0_345]
	at javax.security.auth.Subject.doAs(Subject.java:422) [?:1.8.0_345]
	at org.apache.hadoop.security.UserGroupInformation.doAs(UserGroupInformation.java:1878) [hadoop-common-3.3.1.jar:?]
	at org.apache.hadoop.ipc.Server$Handler.run(Server.java:2966) [hadoop-common-3.3.1.jar:?]
2022-10-10 08:42:33,463 [Time-limited test] WARN  ozone.BasicOzoneFileSystem (BasicOzoneFileSystem.java:getFileStatus(765)) - GetFileStatus failed for path /testBatchDelete/parent/childFolder/child4
java.io.FileNotFoundException: testBatchDelete/parent/childFolder/child4: No such file or directory!
	at org.apache.hadoop.fs.ozone.BasicOzoneClientAdapterImpl.getFileStatus(BasicOzoneClientAdapterImpl.java:369)
	at org.apache.hadoop.fs.ozone.BasicOzoneFileSystem.getFileStatus(BasicOzoneFileSystem.java:757)
	at org.apache.hadoop.fs.FileSystem.exists(FileSystem.java:1760)
	at org.apache.hadoop.fs.ozone.BasicOzoneFileSystem.exists(BasicOzoneFileSystem.java:804)
	at org.apache.hadoop.fs.ozone.TestOzoneFileSystem.testFileDelete(TestOzoneFileSystem.java:539)
	at sun.reflect.NativeMethodAccessorImpl.invoke0(Native Method)
	at sun.reflect.NativeMethodAccessorImpl.invoke(NativeMethodAccessorImpl.java:62)
	at sun.reflect.DelegatingMethodAccessorImpl.invoke(DelegatingMethodAccessorImpl.java:43)
	at java.lang.reflect.Method.invoke(Method.java:498)
	at org.junit.runners.model.FrameworkMethod$1.runReflectiveCall(FrameworkMethod.java:59)
	at org.junit.internal.runners.model.ReflectiveCallable.run(ReflectiveCallable.java:12)
	at org.junit.runners.model.FrameworkMethod.invokeExplosively(FrameworkMethod.java:56)
	at org.junit.internal.runners.statements.InvokeMethod.evaluate(InvokeMethod.java:17)
	at org.junit.internal.runners.statements.RunAfters.evaluate(RunAfters.java:27)
	at org.junit.internal.runners.statements.FailOnTimeout$CallableStatement.call(FailOnTimeout.java:288)
	at org.junit.internal.runners.statements.FailOnTimeout$CallableStatement.call(FailOnTimeout.java:282)
	at java.util.concurrent.FutureTask.run(FutureTask.java:266)
	at java.lang.Thread.run(Thread.java:750)
08:42:33.463 [IPC Server handler 11 on default port 37485] ERROR OMAudit - user=runner | ip=127.0.0.1 | op=GET_FILE_STATUS {volume=volume23299, bucket=bucket63939, key=testBatchDelete/parent/child5, dataSize=0, replicationConfig=null} | ret=FAILURE
org.apache.hadoop.ozone.om.exceptions.OMException: Unable to get file status: volume: volume23299 bucket: bucket63939 key: testBatchDelete/parent/child5
	at org.apache.hadoop.ozone.om.KeyManagerImpl.getOzoneFileStatus(KeyManagerImpl.java:1270) ~[ozone-manager-1.3.0-SNAPSHOT.jar:?]
	at org.apache.hadoop.ozone.om.KeyManagerImpl.getFileStatus(KeyManagerImpl.java:1200) ~[ozone-manager-1.3.0-SNAPSHOT.jar:?]
	at org.apache.hadoop.ozone.om.OzoneManager.getFileStatus(OzoneManager.java:3507) ~[ozone-manager-1.3.0-SNAPSHOT.jar:?]
	at org.apache.hadoop.ozone.protocolPB.OzoneManagerRequestHandler.getOzoneFileStatus(OzoneManagerRequestHandler.java:882) ~[ozone-manager-1.3.0-SNAPSHOT.jar:?]
	at org.apache.hadoop.ozone.protocolPB.OzoneManagerRequestHandler.handleReadRequest(OzoneManagerRequestHandler.java:228) ~[ozone-manager-1.3.0-SNAPSHOT.jar:?]
	at org.apache.hadoop.ozone.protocolPB.OzoneManagerProtocolServerSideTranslatorPB.submitRequestDirectlyToOM(OzoneManagerProtocolServerSideTranslatorPB.java:276) ~[ozone-manager-1.3.0-SNAPSHOT.jar:?]
	at org.apache.hadoop.ozone.protocolPB.OzoneManagerProtocolServerSideTranslatorPB.processRequest(OzoneManagerProtocolServerSideTranslatorPB.java:205) ~[ozone-manager-1.3.0-SNAPSHOT.jar:?]
	at org.apache.hadoop.hdds.server.OzoneProtocolMessageDispatcher.processRequest(OzoneProtocolMessageDispatcher.java:87) [hdds-server-framework-1.3.0-SNAPSHOT.jar:?]
	at org.apache.hadoop.ozone.protocolPB.OzoneManagerProtocolServerSideTranslatorPB.submitRequest(OzoneManagerProtocolServerSideTranslatorPB.java:147) [ozone-manager-1.3.0-SNAPSHOT.jar:?]
	at org.apache.hadoop.ozone.protocol.proto.OzoneManagerProtocolProtos$OzoneManagerService$2.callBlockingMethod(OzoneManagerProtocolProtos.java) [ozone-interface-client-1.3.0-SNAPSHOT.jar:?]
	at org.apache.hadoop.ipc.ProtobufRpcEngine$Server.processCall(ProtobufRpcEngine.java:466) [hadoop-common-3.3.1.jar:?]
	at org.apache.hadoop.ipc.ProtobufRpcEngine2$Server$ProtoBufRpcInvoker.call(ProtobufRpcEngine2.java:574) [hadoop-common-3.3.1.jar:?]
	at org.apache.hadoop.ipc.ProtobufRpcEngine2$Server$ProtoBufRpcInvoker.call(ProtobufRpcEngine2.java:552) [hadoop-common-3.3.1.jar:?]
	at org.apache.hadoop.ipc.RPC$Server.call(RPC.java:1093) [hadoop-common-3.3.1.jar:?]
	at org.apache.hadoop.ipc.Server$RpcCall.run(Server.java:1035) [hadoop-common-3.3.1.jar:?]
	at org.apache.hadoop.ipc.Server$RpcCall.run(Server.java:963) [hadoop-common-3.3.1.jar:?]
	at java.security.AccessController.doPrivileged(Native Method) ~[?:1.8.0_345]
	at javax.security.auth.Subject.doAs(Subject.java:422) [?:1.8.0_345]
	at org.apache.hadoop.security.UserGroupInformation.doAs(UserGroupInformation.java:1878) [hadoop-common-3.3.1.jar:?]
	at org.apache.hadoop.ipc.Server$Handler.run(Server.java:2966) [hadoop-common-3.3.1.jar:?]
2022-10-10 08:42:33,464 [Time-limited test] WARN  ozone.BasicOzoneFileSystem (BasicOzoneFileSystem.java:getFileStatus(765)) - GetFileStatus failed for path /testBatchDelete/parent/child5
java.io.FileNotFoundException: testBatchDelete/parent/child5: No such file or directory!
	at org.apache.hadoop.fs.ozone.BasicOzoneClientAdapterImpl.getFileStatus(BasicOzoneClientAdapterImpl.java:369)
	at org.apache.hadoop.fs.ozone.BasicOzoneFileSystem.getFileStatus(BasicOzoneFileSystem.java:757)
	at org.apache.hadoop.fs.FileSystem.exists(FileSystem.java:1760)
	at org.apache.hadoop.fs.ozone.BasicOzoneFileSystem.exists(BasicOzoneFileSystem.java:804)
	at org.apache.hadoop.fs.ozone.TestOzoneFileSystem.testFileDelete(TestOzoneFileSystem.java:534)
	at sun.reflect.NativeMethodAccessorImpl.invoke0(Native Method)
	at sun.reflect.NativeMethodAccessorImpl.invoke(NativeMethodAccessorImpl.java:62)
	at sun.reflect.DelegatingMethodAccessorImpl.invoke(DelegatingMethodAccessorImpl.java:43)
	at java.lang.reflect.Method.invoke(Method.java:498)
	at org.junit.runners.model.FrameworkMethod$1.runReflectiveCall(FrameworkMethod.java:59)
	at org.junit.internal.runners.model.ReflectiveCallable.run(ReflectiveCallable.java:12)
	at org.junit.runners.model.FrameworkMethod.invokeExplosively(FrameworkMethod.java:56)
	at org.junit.internal.runners.statements.InvokeMethod.evaluate(InvokeMethod.java:17)
	at org.junit.internal.runners.statements.RunAfters.evaluate(RunAfters.java:27)
	at org.junit.internal.runners.statements.FailOnTimeout$CallableStatement.call(FailOnTimeout.java:288)
	at org.junit.internal.runners.statements.FailOnTimeout$CallableStatement.call(FailOnTimeout.java:282)
	at java.util.concurrent.FutureTask.run(FutureTask.java:266)
	at java.lang.Thread.run(Thread.java:750)
08:42:33.466 [IPC Server handler 10 on default port 37485] ERROR OMAudit - user=runner | ip=127.0.0.1 | op=GET_FILE_STATUS {volume=volume23299, bucket=bucket63939, key=testBatchDelete/parent/childFolder/child5, dataSize=0, replicationConfig=null} | ret=FAILURE
org.apache.hadoop.ozone.om.exceptions.OMException: Unable to get file status: volume: volume23299 bucket: bucket63939 key: testBatchDelete/parent/childFolder/child5
	at org.apache.hadoop.ozone.om.KeyManagerImpl.getOzoneFileStatus(KeyManagerImpl.java:1270) ~[ozone-manager-1.3.0-SNAPSHOT.jar:?]
	at org.apache.hadoop.ozone.om.KeyManagerImpl.getFileStatus(KeyManagerImpl.java:1200) ~[ozone-manager-1.3.0-SNAPSHOT.jar:?]
	at org.apache.hadoop.ozone.om.OzoneManager.getFileStatus(OzoneManager.java:3507) ~[ozone-manager-1.3.0-SNAPSHOT.jar:?]
	at org.apache.hadoop.ozone.protocolPB.OzoneManagerRequestHandler.getOzoneFileStatus(OzoneManagerRequestHandler.java:882) ~[ozone-manager-1.3.0-SNAPSHOT.jar:?]
	at org.apache.hadoop.ozone.protocolPB.OzoneManagerRequestHandler.handleReadRequest(OzoneManagerRequestHandler.java:228) ~[ozone-manager-1.3.0-SNAPSHOT.jar:?]
	at org.apache.hadoop.ozone.protocolPB.OzoneManagerProtocolServerSideTranslatorPB.submitRequestDirectlyToOM(OzoneManagerProtocolServerSideTranslatorPB.java:276) ~[ozone-manager-1.3.0-SNAPSHOT.jar:?]
	at org.apache.hadoop.ozone.protocolPB.OzoneManagerProtocolServerSideTranslatorPB.processRequest(OzoneManagerProtocolServerSideTranslatorPB.java:205) ~[ozone-manager-1.3.0-SNAPSHOT.jar:?]
	at org.apache.hadoop.hdds.server.OzoneProtocolMessageDispatcher.processRequest(OzoneProtocolMessageDispatcher.java:87) [hdds-server-framework-1.3.0-SNAPSHOT.jar:?]
	at org.apache.hadoop.ozone.protocolPB.OzoneManagerProtocolServerSideTranslatorPB.submitRequest(OzoneManagerProtocolServerSideTranslatorPB.java:147) [ozone-manager-1.3.0-SNAPSHOT.jar:?]
	at org.apache.hadoop.ozone.protocol.proto.OzoneManagerProtocolProtos$OzoneManagerService$2.callBlockingMethod(OzoneManagerProtocolProtos.java) [ozone-interface-client-1.3.0-SNAPSHOT.jar:?]
	at org.apache.hadoop.ipc.ProtobufRpcEngine$Server.processCall(ProtobufRpcEngine.java:466) [hadoop-common-3.3.1.jar:?]
	at org.apache.hadoop.ipc.ProtobufRpcEngine2$Server$ProtoBufRpcInvoker.call(ProtobufRpcEngine2.java:574) [hadoop-common-3.3.1.jar:?]
	at org.apache.hadoop.ipc.ProtobufRpcEngine2$Server$ProtoBufRpcInvoker.call(ProtobufRpcEngine2.java:552) [hadoop-common-3.3.1.jar:?]
	at org.apache.hadoop.ipc.RPC$Server.call(RPC.java:1093) [hadoop-common-3.3.1.jar:?]
	at org.apache.hadoop.ipc.Server$RpcCall.run(Server.java:1035) [hadoop-common-3.3.1.jar:?]
	at org.apache.hadoop.ipc.Server$RpcCall.run(Server.java:963) [hadoop-common-3.3.1.jar:?]
	at java.security.AccessController.doPrivileged(Native Method) ~[?:1.8.0_345]
	at javax.security.auth.Subject.doAs(Subject.java:422) [?:1.8.0_345]
	at org.apache.hadoop.security.UserGroupInformation.doAs(UserGroupInformation.java:1878) [hadoop-common-3.3.1.jar:?]
	at org.apache.hadoop.ipc.Server$Handler.run(Server.java:2966) [hadoop-common-3.3.1.jar:?]
2022-10-10 08:42:33,466 [Time-limited test] WARN  ozone.BasicOzoneFileSystem (BasicOzoneFileSystem.java:getFileStatus(765)) - GetFileStatus failed for path /testBatchDelete/parent/childFolder/child5
java.io.FileNotFoundException: testBatchDelete/parent/childFolder/child5: No such file or directory!
	at org.apache.hadoop.fs.ozone.BasicOzoneClientAdapterImpl.getFileStatus(BasicOzoneClientAdapterImpl.java:369)
	at org.apache.hadoop.fs.ozone.BasicOzoneFileSystem.getFileStatus(BasicOzoneFileSystem.java:757)
	at org.apache.hadoop.fs.FileSystem.exists(FileSystem.java:1760)
	at org.apache.hadoop.fs.ozone.BasicOzoneFileSystem.exists(BasicOzoneFileSystem.java:804)
	at org.apache.hadoop.fs.ozone.TestOzoneFileSystem.testFileDelete(TestOzoneFileSystem.java:539)
	at sun.reflect.NativeMethodAccessorImpl.invoke0(Native Method)
	at sun.reflect.NativeMethodAccessorImpl.invoke(NativeMethodAccessorImpl.java:62)
	at sun.reflect.DelegatingMethodAccessorImpl.invoke(DelegatingMethodAccessorImpl.java:43)
	at java.lang.reflect.Method.invoke(Method.java:498)
	at org.junit.runners.model.FrameworkMethod$1.runReflectiveCall(FrameworkMethod.java:59)
	at org.junit.internal.runners.model.ReflectiveCallable.run(ReflectiveCallable.java:12)
	at org.junit.runners.model.FrameworkMethod.invokeExplosively(FrameworkMethod.java:56)
	at org.junit.internal.runners.statements.InvokeMethod.evaluate(InvokeMethod.java:17)
	at org.junit.internal.runners.statements.RunAfters.evaluate(RunAfters.java:27)
	at org.junit.internal.runners.statements.FailOnTimeout$CallableStatement.call(FailOnTimeout.java:288)
	at org.junit.internal.runners.statements.FailOnTimeout$CallableStatement.call(FailOnTimeout.java:282)
	at java.util.concurrent.FutureTask.run(FutureTask.java:266)
	at java.lang.Thread.run(Thread.java:750)
08:42:33.467 [IPC Server handler 5 on default port 37485] ERROR OMAudit - user=runner | ip=127.0.0.1 | op=GET_FILE_STATUS {volume=volume23299, bucket=bucket63939, key=testBatchDelete/parent/child6, dataSize=0, replicationConfig=null} | ret=FAILURE
org.apache.hadoop.ozone.om.exceptions.OMException: Unable to get file status: volume: volume23299 bucket: bucket63939 key: testBatchDelete/parent/child6
	at org.apache.hadoop.ozone.om.KeyManagerImpl.getOzoneFileStatus(KeyManagerImpl.java:1270) ~[ozone-manager-1.3.0-SNAPSHOT.jar:?]
	at org.apache.hadoop.ozone.om.KeyManagerImpl.getFileStatus(KeyManagerImpl.java:1200) ~[ozone-manager-1.3.0-SNAPSHOT.jar:?]
	at org.apache.hadoop.ozone.om.OzoneManager.getFileStatus(OzoneManager.java:3507) ~[ozone-manager-1.3.0-SNAPSHOT.jar:?]
	at org.apache.hadoop.ozone.protocolPB.OzoneManagerRequestHandler.getOzoneFileStatus(OzoneManagerRequestHandler.java:882) ~[ozone-manager-1.3.0-SNAPSHOT.jar:?]
	at org.apache.hadoop.ozone.protocolPB.OzoneManagerRequestHandler.handleReadRequest(OzoneManagerRequestHandler.java:228) ~[ozone-manager-1.3.0-SNAPSHOT.jar:?]
	at org.apache.hadoop.ozone.protocolPB.OzoneManagerProtocolServerSideTranslatorPB.submitRequestDirectlyToOM(OzoneManagerProtocolServerSideTranslatorPB.java:276) ~[ozone-manager-1.3.0-SNAPSHOT.jar:?]
	at org.apache.hadoop.ozone.protocolPB.OzoneManagerProtocolServerSideTranslatorPB.processRequest(OzoneManagerProtocolServerSideTranslatorPB.java:205) ~[ozone-manager-1.3.0-SNAPSHOT.jar:?]
	at org.apache.hadoop.hdds.server.OzoneProtocolMessageDispatcher.processRequest(OzoneProtocolMessageDispatcher.java:87) [hdds-server-framework-1.3.0-SNAPSHOT.jar:?]
	at org.apache.hadoop.ozone.protocolPB.OzoneManagerProtocolServerSideTranslatorPB.submitRequest(OzoneManagerProtocolServerSideTranslatorPB.java:147) [ozone-manager-1.3.0-SNAPSHOT.jar:?]
	at org.apache.hadoop.ozone.protocol.proto.OzoneManagerProtocolProtos$OzoneManagerService$2.callBlockingMethod(OzoneManagerProtocolProtos.java) [ozone-interface-client-1.3.0-SNAPSHOT.jar:?]
	at org.apache.hadoop.ipc.ProtobufRpcEngine$Server.processCall(ProtobufRpcEngine.java:466) [hadoop-common-3.3.1.jar:?]
	at org.apache.hadoop.ipc.ProtobufRpcEngine2$Server$ProtoBufRpcInvoker.call(ProtobufRpcEngine2.java:574) [hadoop-common-3.3.1.jar:?]
	at org.apache.hadoop.ipc.ProtobufRpcEngine2$Server$ProtoBufRpcInvoker.call(ProtobufRpcEngine2.java:552) [hadoop-common-3.3.1.jar:?]
	at org.apache.hadoop.ipc.RPC$Server.call(RPC.java:1093) [hadoop-common-3.3.1.jar:?]
	at org.apache.hadoop.ipc.Server$RpcCall.run(Server.java:1035) [hadoop-common-3.3.1.jar:?]
	at org.apache.hadoop.ipc.Server$RpcCall.run(Server.java:963) [hadoop-common-3.3.1.jar:?]
	at java.security.AccessController.doPrivileged(Native Method) ~[?:1.8.0_345]
	at javax.security.auth.Subject.doAs(Subject.java:422) [?:1.8.0_345]
	at org.apache.hadoop.security.UserGroupInformation.doAs(UserGroupInformation.java:1878) [hadoop-common-3.3.1.jar:?]
	at org.apache.hadoop.ipc.Server$Handler.run(Server.java:2966) [hadoop-common-3.3.1.jar:?]
2022-10-10 08:42:33,467 [Time-limited test] WARN  ozone.BasicOzoneFileSystem (BasicOzoneFileSystem.java:getFileStatus(765)) - GetFileStatus failed for path /testBatchDelete/parent/child6
java.io.FileNotFoundException: testBatchDelete/parent/child6: No such file or directory!
	at org.apache.hadoop.fs.ozone.BasicOzoneClientAdapterImpl.getFileStatus(BasicOzoneClientAdapterImpl.java:369)
	at org.apache.hadoop.fs.ozone.BasicOzoneFileSystem.getFileStatus(BasicOzoneFileSystem.java:757)
	at org.apache.hadoop.fs.FileSystem.exists(FileSystem.java:1760)
	at org.apache.hadoop.fs.ozone.BasicOzoneFileSystem.exists(BasicOzoneFileSystem.java:804)
	at org.apache.hadoop.fs.ozone.TestOzoneFileSystem.testFileDelete(TestOzoneFileSystem.java:534)
	at sun.reflect.NativeMethodAccessorImpl.invoke0(Native Method)
	at sun.reflect.NativeMethodAccessorImpl.invoke(NativeMethodAccessorImpl.java:62)
	at sun.reflect.DelegatingMethodAccessorImpl.invoke(DelegatingMethodAccessorImpl.java:43)
	at java.lang.reflect.Method.invoke(Method.java:498)
	at org.junit.runners.model.FrameworkMethod$1.runReflectiveCall(FrameworkMethod.java:59)
	at org.junit.internal.runners.model.ReflectiveCallable.run(ReflectiveCallable.java:12)
	at org.junit.runners.model.FrameworkMethod.invokeExplosively(FrameworkMethod.java:56)
	at org.junit.internal.runners.statements.InvokeMethod.evaluate(InvokeMethod.java:17)
	at org.junit.internal.runners.statements.RunAfters.evaluate(RunAfters.java:27)
	at org.junit.internal.runners.statements.FailOnTimeout$CallableStatement.call(FailOnTimeout.java:288)
	at org.junit.internal.runners.statements.FailOnTimeout$CallableStatement.call(FailOnTimeout.java:282)
	at java.util.concurrent.FutureTask.run(FutureTask.java:266)
	at java.lang.Thread.run(Thread.java:750)
08:42:33.468 [IPC Server handler 6 on default port 37485] ERROR OMAudit - user=runner | ip=127.0.0.1 | op=GET_FILE_STATUS {volume=volume23299, bucket=bucket63939, key=testBatchDelete/parent/childFolder/child6, dataSize=0, replicationConfig=null} | ret=FAILURE
org.apache.hadoop.ozone.om.exceptions.OMException: Unable to get file status: volume: volume23299 bucket: bucket63939 key: testBatchDelete/parent/childFolder/child6
	at org.apache.hadoop.ozone.om.KeyManagerImpl.getOzoneFileStatus(KeyManagerImpl.java:1270) ~[ozone-manager-1.3.0-SNAPSHOT.jar:?]
	at org.apache.hadoop.ozone.om.KeyManagerImpl.getFileStatus(KeyManagerImpl.java:1200) ~[ozone-manager-1.3.0-SNAPSHOT.jar:?]
	at org.apache.hadoop.ozone.om.OzoneManager.getFileStatus(OzoneManager.java:3507) ~[ozone-manager-1.3.0-SNAPSHOT.jar:?]
	at org.apache.hadoop.ozone.protocolPB.OzoneManagerRequestHandler.getOzoneFileStatus(OzoneManagerRequestHandler.java:882) ~[ozone-manager-1.3.0-SNAPSHOT.jar:?]
	at org.apache.hadoop.ozone.protocolPB.OzoneManagerRequestHandler.handleReadRequest(OzoneManagerRequestHandler.java:228) ~[ozone-manager-1.3.0-SNAPSHOT.jar:?]
	at org.apache.hadoop.ozone.protocolPB.OzoneManagerProtocolServerSideTranslatorPB.submitRequestDirectlyToOM(OzoneManagerProtocolServerSideTranslatorPB.java:276) ~[ozone-manager-1.3.0-SNAPSHOT.jar:?]
	at org.apache.hadoop.ozone.protocolPB.OzoneManagerProtocolServerSideTranslatorPB.processRequest(OzoneManagerProtocolServerSideTranslatorPB.java:205) ~[ozone-manager-1.3.0-SNAPSHOT.jar:?]
	at org.apache.hadoop.hdds.server.OzoneProtocolMessageDispatcher.processRequest(OzoneProtocolMessageDispatcher.java:87) [hdds-server-framework-1.3.0-SNAPSHOT.jar:?]
	at org.apache.hadoop.ozone.protocolPB.OzoneManagerProtocolServerSideTranslatorPB.submitRequest(OzoneManagerProtocolServerSideTranslatorPB.java:147) [ozone-manager-1.3.0-SNAPSHOT.jar:?]
	at org.apache.hadoop.ozone.protocol.proto.OzoneManagerProtocolProtos$OzoneManagerService$2.callBlockingMethod(OzoneManagerProtocolProtos.java) [ozone-interface-client-1.3.0-SNAPSHOT.jar:?]
	at org.apache.hadoop.ipc.ProtobufRpcEngine$Server.processCall(ProtobufRpcEngine.java:466) [hadoop-common-3.3.1.jar:?]
	at org.apache.hadoop.ipc.ProtobufRpcEngine2$Server$ProtoBufRpcInvoker.call(ProtobufRpcEngine2.java:574) [hadoop-common-3.3.1.jar:?]
	at org.apache.hadoop.ipc.ProtobufRpcEngine2$Server$ProtoBufRpcInvoker.call(ProtobufRpcEngine2.java:552) [hadoop-common-3.3.1.jar:?]
	at org.apache.hadoop.ipc.RPC$Server.call(RPC.java:1093) [hadoop-common-3.3.1.jar:?]
	at org.apache.hadoop.ipc.Server$RpcCall.run(Server.java:1035) [hadoop-common-3.3.1.jar:?]
	at org.apache.hadoop.ipc.Server$RpcCall.run(Server.java:963) [hadoop-common-3.3.1.jar:?]
	at java.security.AccessController.doPrivileged(Native Method) ~[?:1.8.0_345]
	at javax.security.auth.Subject.doAs(Subject.java:422) [?:1.8.0_345]
	at org.apache.hadoop.security.UserGroupInformation.doAs(UserGroupInformation.java:1878) [hadoop-common-3.3.1.jar:?]
	at org.apache.hadoop.ipc.Server$Handler.run(Server.java:2966) [hadoop-common-3.3.1.jar:?]
2022-10-10 08:42:33,468 [Time-limited test] WARN  ozone.BasicOzoneFileSystem (BasicOzoneFileSystem.java:getFileStatus(765)) - GetFileStatus failed for path /testBatchDelete/parent/childFolder/child6
java.io.FileNotFoundException: testBatchDelete/parent/childFolder/child6: No such file or directory!
	at org.apache.hadoop.fs.ozone.BasicOzoneClientAdapterImpl.getFileStatus(BasicOzoneClientAdapterImpl.java:369)
	at org.apache.hadoop.fs.ozone.BasicOzoneFileSystem.getFileStatus(BasicOzoneFileSystem.java:757)
	at org.apache.hadoop.fs.FileSystem.exists(FileSystem.java:1760)
	at org.apache.hadoop.fs.ozone.BasicOzoneFileSystem.exists(BasicOzoneFileSystem.java:804)
	at org.apache.hadoop.fs.ozone.TestOzoneFileSystem.testFileDelete(TestOzoneFileSystem.java:539)
	at sun.reflect.NativeMethodAccessorImpl.invoke0(Native Method)
	at sun.reflect.NativeMethodAccessorImpl.invoke(NativeMethodAccessorImpl.java:62)
	at sun.reflect.DelegatingMethodAccessorImpl.invoke(DelegatingMethodAccessorImpl.java:43)
	at java.lang.reflect.Method.invoke(Method.java:498)
	at org.junit.runners.model.FrameworkMethod$1.runReflectiveCall(FrameworkMethod.java:59)
	at org.junit.internal.runners.model.ReflectiveCallable.run(ReflectiveCallable.java:12)
	at org.junit.runners.model.FrameworkMethod.invokeExplosively(FrameworkMethod.java:56)
	at org.junit.internal.runners.statements.InvokeMethod.evaluate(InvokeMethod.java:17)
	at org.junit.internal.runners.statements.RunAfters.evaluate(RunAfters.java:27)
	at org.junit.internal.runners.statements.FailOnTimeout$CallableStatement.call(FailOnTimeout.java:288)
	at org.junit.internal.runners.statements.FailOnTimeout$CallableStatement.call(FailOnTimeout.java:282)
	at java.util.concurrent.FutureTask.run(FutureTask.java:266)
	at java.lang.Thread.run(Thread.java:750)
08:42:33.468 [IPC Server handler 4 on default port 37485] ERROR OMAudit - user=runner | ip=127.0.0.1 | op=GET_FILE_STATUS {volume=volume23299, bucket=bucket63939, key=testBatchDelete/parent/child7, dataSize=0, replicationConfig=null} | ret=FAILURE
org.apache.hadoop.ozone.om.exceptions.OMException: Unable to get file status: volume: volume23299 bucket: bucket63939 key: testBatchDelete/parent/child7
	at org.apache.hadoop.ozone.om.KeyManagerImpl.getOzoneFileStatus(KeyManagerImpl.java:1270) ~[ozone-manager-1.3.0-SNAPSHOT.jar:?]
	at org.apache.hadoop.ozone.om.KeyManagerImpl.getFileStatus(KeyManagerImpl.java:1200) ~[ozone-manager-1.3.0-SNAPSHOT.jar:?]
	at org.apache.hadoop.ozone.om.OzoneManager.getFileStatus(OzoneManager.java:3507) ~[ozone-manager-1.3.0-SNAPSHOT.jar:?]
	at org.apache.hadoop.ozone.protocolPB.OzoneManagerRequestHandler.getOzoneFileStatus(OzoneManagerRequestHandler.java:882) ~[ozone-manager-1.3.0-SNAPSHOT.jar:?]
	at org.apache.hadoop.ozone.protocolPB.OzoneManagerRequestHandler.handleReadRequest(OzoneManagerRequestHandler.java:228) ~[ozone-manager-1.3.0-SNAPSHOT.jar:?]
	at org.apache.hadoop.ozone.protocolPB.OzoneManagerProtocolServerSideTranslatorPB.submitRequestDirectlyToOM(OzoneManagerProtocolServerSideTranslatorPB.java:276) ~[ozone-manager-1.3.0-SNAPSHOT.jar:?]
	at org.apache.hadoop.ozone.protocolPB.OzoneManagerProtocolServerSideTranslatorPB.processRequest(OzoneManagerProtocolServerSideTranslatorPB.java:205) ~[ozone-manager-1.3.0-SNAPSHOT.jar:?]
	at org.apache.hadoop.hdds.server.OzoneProtocolMessageDispatcher.processRequest(OzoneProtocolMessageDispatcher.java:87) [hdds-server-framework-1.3.0-SNAPSHOT.jar:?]
	at org.apache.hadoop.ozone.protocolPB.OzoneManagerProtocolServerSideTranslatorPB.submitRequest(OzoneManagerProtocolServerSideTranslatorPB.java:147) [ozone-manager-1.3.0-SNAPSHOT.jar:?]
	at org.apache.hadoop.ozone.protocol.proto.OzoneManagerProtocolProtos$OzoneManagerService$2.callBlockingMethod(OzoneManagerProtocolProtos.java) [ozone-interface-client-1.3.0-SNAPSHOT.jar:?]
	at org.apache.hadoop.ipc.ProtobufRpcEngine$Server.processCall(ProtobufRpcEngine.java:466) [hadoop-common-3.3.1.jar:?]
	at org.apache.hadoop.ipc.ProtobufRpcEngine2$Server$ProtoBufRpcInvoker.call(ProtobufRpcEngine2.java:574) [hadoop-common-3.3.1.jar:?]
	at org.apache.hadoop.ipc.ProtobufRpcEngine2$Server$ProtoBufRpcInvoker.call(ProtobufRpcEngine2.java:552) [hadoop-common-3.3.1.jar:?]
	at org.apache.hadoop.ipc.RPC$Server.call(RPC.java:1093) [hadoop-common-3.3.1.jar:?]
	at org.apache.hadoop.ipc.Server$RpcCall.run(Server.java:1035) [hadoop-common-3.3.1.jar:?]
	at org.apache.hadoop.ipc.Server$RpcCall.run(Server.java:963) [hadoop-common-3.3.1.jar:?]
	at java.security.AccessController.doPrivileged(Native Method) ~[?:1.8.0_345]
	at javax.security.auth.Subject.doAs(Subject.java:422) [?:1.8.0_345]
	at org.apache.hadoop.security.UserGroupInformation.doAs(UserGroupInformation.java:1878) [hadoop-common-3.3.1.jar:?]
	at org.apache.hadoop.ipc.Server$Handler.run(Server.java:2966) [hadoop-common-3.3.1.jar:?]
2022-10-10 08:42:33,469 [Time-limited test] WARN  ozone.BasicOzoneFileSystem (BasicOzoneFileSystem.java:getFileStatus(765)) - GetFileStatus failed for path /testBatchDelete/parent/child7
java.io.FileNotFoundException: testBatchDelete/parent/child7: No such file or directory!
	at org.apache.hadoop.fs.ozone.BasicOzoneClientAdapterImpl.getFileStatus(BasicOzoneClientAdapterImpl.java:369)
	at org.apache.hadoop.fs.ozone.BasicOzoneFileSystem.getFileStatus(BasicOzoneFileSystem.java:757)
	at org.apache.hadoop.fs.FileSystem.exists(FileSystem.java:1760)
	at org.apache.hadoop.fs.ozone.BasicOzoneFileSystem.exists(BasicOzoneFileSystem.java:804)
	at org.apache.hadoop.fs.ozone.TestOzoneFileSystem.testFileDelete(TestOzoneFileSystem.java:534)
	at sun.reflect.NativeMethodAccessorImpl.invoke0(Native Method)
	at sun.reflect.NativeMethodAccessorImpl.invoke(NativeMethodAccessorImpl.java:62)
	at sun.reflect.DelegatingMethodAccessorImpl.invoke(DelegatingMethodAccessorImpl.java:43)
	at java.lang.reflect.Method.invoke(Method.java:498)
	at org.junit.runners.model.FrameworkMethod$1.runReflectiveCall(FrameworkMethod.java:59)
	at org.junit.internal.runners.model.ReflectiveCallable.run(ReflectiveCallable.java:12)
	at org.junit.runners.model.FrameworkMethod.invokeExplosively(FrameworkMethod.java:56)
	at org.junit.internal.runners.statements.InvokeMethod.evaluate(InvokeMethod.java:17)
	at org.junit.internal.runners.statements.RunAfters.evaluate(RunAfters.java:27)
	at org.junit.internal.runners.statements.FailOnTimeout$CallableStatement.call(FailOnTimeout.java:288)
	at org.junit.internal.runners.statements.FailOnTimeout$CallableStatement.call(FailOnTimeout.java:282)
	at java.util.concurrent.FutureTask.run(FutureTask.java:266)
	at java.lang.Thread.run(Thread.java:750)
08:42:33.472 [IPC Server handler 2 on default port 37485] ERROR OMAudit - user=runner | ip=127.0.0.1 | op=GET_FILE_STATUS {volume=volume23299, bucket=bucket63939, key=testBatchDelete/parent/childFolder/child7, dataSize=0, replicationConfig=null} | ret=FAILURE
org.apache.hadoop.ozone.om.exceptions.OMException: Unable to get file status: volume: volume23299 bucket: bucket63939 key: testBatchDelete/parent/childFolder/child7
	at org.apache.hadoop.ozone.om.KeyManagerImpl.getOzoneFileStatus(KeyManagerImpl.java:1270) ~[ozone-manager-1.3.0-SNAPSHOT.jar:?]
	at org.apache.hadoop.ozone.om.KeyManagerImpl.getFileStatus(KeyManagerImpl.java:1200) ~[ozone-manager-1.3.0-SNAPSHOT.jar:?]
	at org.apache.hadoop.ozone.om.OzoneManager.getFileStatus(OzoneManager.java:3507) ~[ozone-manager-1.3.0-SNAPSHOT.jar:?]
	at org.apache.hadoop.ozone.protocolPB.OzoneManagerRequestHandler.getOzoneFileStatus(OzoneManagerRequestHandler.java:882) ~[ozone-manager-1.3.0-SNAPSHOT.jar:?]
	at org.apache.hadoop.ozone.protocolPB.OzoneManagerRequestHandler.handleReadRequest(OzoneManagerRequestHandler.java:228) ~[ozone-manager-1.3.0-SNAPSHOT.jar:?]
	at org.apache.hadoop.ozone.protocolPB.OzoneManagerProtocolServerSideTranslatorPB.submitRequestDirectlyToOM(OzoneManagerProtocolServerSideTranslatorPB.java:276) ~[ozone-manager-1.3.0-SNAPSHOT.jar:?]
	at org.apache.hadoop.ozone.protocolPB.OzoneManagerProtocolServerSideTranslatorPB.processRequest(OzoneManagerProtocolServerSideTranslatorPB.java:205) ~[ozone-manager-1.3.0-SNAPSHOT.jar:?]
	at org.apache.hadoop.hdds.server.OzoneProtocolMessageDispatcher.processRequest(OzoneProtocolMessageDispatcher.java:87) [hdds-server-framework-1.3.0-SNAPSHOT.jar:?]
	at org.apache.hadoop.ozone.protocolPB.OzoneManagerProtocolServerSideTranslatorPB.submitRequest(OzoneManagerProtocolServerSideTranslatorPB.java:147) [ozone-manager-1.3.0-SNAPSHOT.jar:?]
	at org.apache.hadoop.ozone.protocol.proto.OzoneManagerProtocolProtos$OzoneManagerService$2.callBlockingMethod(OzoneManagerProtocolProtos.java) [ozone-interface-client-1.3.0-SNAPSHOT.jar:?]
	at org.apache.hadoop.ipc.ProtobufRpcEngine$Server.processCall(ProtobufRpcEngine.java:466) [hadoop-common-3.3.1.jar:?]
	at org.apache.hadoop.ipc.ProtobufRpcEngine2$Server$ProtoBufRpcInvoker.call(ProtobufRpcEngine2.java:574) [hadoop-common-3.3.1.jar:?]
	at org.apache.hadoop.ipc.ProtobufRpcEngine2$Server$ProtoBufRpcInvoker.call(ProtobufRpcEngine2.java:552) [hadoop-common-3.3.1.jar:?]
	at org.apache.hadoop.ipc.RPC$Server.call(RPC.java:1093) [hadoop-common-3.3.1.jar:?]
	at org.apache.hadoop.ipc.Server$RpcCall.run(Server.java:1035) [hadoop-common-3.3.1.jar:?]
	at org.apache.hadoop.ipc.Server$RpcCall.run(Server.java:963) [hadoop-common-3.3.1.jar:?]
	at java.security.AccessController.doPrivileged(Native Method) ~[?:1.8.0_345]
	at javax.security.auth.Subject.doAs(Subject.java:422) [?:1.8.0_345]
	at org.apache.hadoop.security.UserGroupInformation.doAs(UserGroupInformation.java:1878) [hadoop-common-3.3.1.jar:?]
	at org.apache.hadoop.ipc.Server$Handler.run(Server.java:2966) [hadoop-common-3.3.1.jar:?]
2022-10-10 08:42:33,472 [Time-limited test] WARN  ozone.BasicOzoneFileSystem (BasicOzoneFileSystem.java:getFileStatus(765)) - GetFileStatus failed for path /testBatchDelete/parent/childFolder/child7
java.io.FileNotFoundException: testBatchDelete/parent/childFolder/child7: No such file or directory!
	at org.apache.hadoop.fs.ozone.BasicOzoneClientAdapterImpl.getFileStatus(BasicOzoneClientAdapterImpl.java:369)
	at org.apache.hadoop.fs.ozone.BasicOzoneFileSystem.getFileStatus(BasicOzoneFileSystem.java:757)
	at org.apache.hadoop.fs.FileSystem.exists(FileSystem.java:1760)
	at org.apache.hadoop.fs.ozone.BasicOzoneFileSystem.exists(BasicOzoneFileSystem.java:804)
	at org.apache.hadoop.fs.ozone.TestOzoneFileSystem.testFileDelete(TestOzoneFileSystem.java:539)
	at sun.reflect.NativeMethodAccessorImpl.invoke0(Native Method)
	at sun.reflect.NativeMethodAccessorImpl.invoke(NativeMethodAccessorImpl.java:62)
	at sun.reflect.DelegatingMethodAccessorImpl.invoke(DelegatingMethodAccessorImpl.java:43)
	at java.lang.reflect.Method.invoke(Method.java:498)
	at org.junit.runners.model.FrameworkMethod$1.runReflectiveCall(FrameworkMethod.java:59)
	at org.junit.internal.runners.model.ReflectiveCallable.run(ReflectiveCallable.java:12)
	at org.junit.runners.model.FrameworkMethod.invokeExplosively(FrameworkMethod.java:56)
	at org.junit.internal.runners.statements.InvokeMethod.evaluate(InvokeMethod.java:17)
	at org.junit.internal.runners.statements.RunAfters.evaluate(RunAfters.java:27)
	at org.junit.internal.runners.statements.FailOnTimeout$CallableStatement.call(FailOnTimeout.java:288)
	at org.junit.internal.runners.statements.FailOnTimeout$CallableStatement.call(FailOnTimeout.java:282)
	at java.util.concurrent.FutureTask.run(FutureTask.java:266)
	at java.lang.Thread.run(Thread.java:750)
08:42:33.477 [IPC Server handler 1 on default port 37485] ERROR OMAudit - user=runner | ip=127.0.0.1 | op=GET_FILE_STATUS {volume=volume23299, bucket=bucket63939, key=testBatchDelete/parent, dataSize=0, replicationConfig=null} | ret=FAILURE
org.apache.hadoop.ozone.om.exceptions.OMException: Unable to get file status: volume: volume23299 bucket: bucket63939 key: testBatchDelete/parent
	at org.apache.hadoop.ozone.om.KeyManagerImpl.getOzoneFileStatus(KeyManagerImpl.java:1270) ~[ozone-manager-1.3.0-SNAPSHOT.jar:?]
	at org.apache.hadoop.ozone.om.KeyManagerImpl.getFileStatus(KeyManagerImpl.java:1200) ~[ozone-manager-1.3.0-SNAPSHOT.jar:?]
	at org.apache.hadoop.ozone.om.OzoneManager.getFileStatus(OzoneManager.java:3507) ~[ozone-manager-1.3.0-SNAPSHOT.jar:?]
	at org.apache.hadoop.ozone.protocolPB.OzoneManagerRequestHandler.getOzoneFileStatus(OzoneManagerRequestHandler.java:882) ~[ozone-manager-1.3.0-SNAPSHOT.jar:?]
	at org.apache.hadoop.ozone.protocolPB.OzoneManagerRequestHandler.handleReadRequest(OzoneManagerRequestHandler.java:228) ~[ozone-manager-1.3.0-SNAPSHOT.jar:?]
	at org.apache.hadoop.ozone.protocolPB.OzoneManagerProtocolServerSideTranslatorPB.submitRequestDirectlyToOM(OzoneManagerProtocolServerSideTranslatorPB.java:276) ~[ozone-manager-1.3.0-SNAPSHOT.jar:?]
	at org.apache.hadoop.ozone.protocolPB.OzoneManagerProtocolServerSideTranslatorPB.processRequest(OzoneManagerProtocolServerSideTranslatorPB.java:205) ~[ozone-manager-1.3.0-SNAPSHOT.jar:?]
	at org.apache.hadoop.hdds.server.OzoneProtocolMessageDispatcher.processRequest(OzoneProtocolMessageDispatcher.java:87) [hdds-server-framework-1.3.0-SNAPSHOT.jar:?]
	at org.apache.hadoop.ozone.protocolPB.OzoneManagerProtocolServerSideTranslatorPB.submitRequest(OzoneManagerProtocolServerSideTranslatorPB.java:147) [ozone-manager-1.3.0-SNAPSHOT.jar:?]
	at org.apache.hadoop.ozone.protocol.proto.OzoneManagerProtocolProtos$OzoneManagerService$2.callBlockingMethod(OzoneManagerProtocolProtos.java) [ozone-interface-client-1.3.0-SNAPSHOT.jar:?]
	at org.apache.hadoop.ipc.ProtobufRpcEngine$Server.processCall(ProtobufRpcEngine.java:466) [hadoop-common-3.3.1.jar:?]
	at org.apache.hadoop.ipc.ProtobufRpcEngine2$Server$ProtoBufRpcInvoker.call(ProtobufRpcEngine2.java:574) [hadoop-common-3.3.1.jar:?]
	at org.apache.hadoop.ipc.ProtobufRpcEngine2$Server$ProtoBufRpcInvoker.call(ProtobufRpcEngine2.java:552) [hadoop-common-3.3.1.jar:?]
	at org.apache.hadoop.ipc.RPC$Server.call(RPC.java:1093) [hadoop-common-3.3.1.jar:?]
	at org.apache.hadoop.ipc.Server$RpcCall.run(Server.java:1035) [hadoop-common-3.3.1.jar:?]
	at org.apache.hadoop.ipc.Server$RpcCall.run(Server.java:963) [hadoop-common-3.3.1.jar:?]
	at java.security.AccessController.doPrivileged(Native Method) ~[?:1.8.0_345]
	at javax.security.auth.Subject.doAs(Subject.java:422) [?:1.8.0_345]
	at org.apache.hadoop.security.UserGroupInformation.doAs(UserGroupInformation.java:1878) [hadoop-common-3.3.1.jar:?]
	at org.apache.hadoop.ipc.Server$Handler.run(Server.java:2966) [hadoop-common-3.3.1.jar:?]
2022-10-10 08:42:33,519 [Time-limited test] WARN  ozone.BasicOzoneFileSystem (BasicOzoneFileSystem.java:getFileStatus(765)) - GetFileStatus failed for path /testBatchDelete/parent
java.io.FileNotFoundException: testBatchDelete/parent: No such file or directory!
	at org.apache.hadoop.fs.ozone.BasicOzoneClientAdapterImpl.getFileStatus(BasicOzoneClientAdapterImpl.java:369)
	at org.apache.hadoop.fs.ozone.BasicOzoneFileSystem.getFileStatus(BasicOzoneFileSystem.java:757)
	at org.apache.hadoop.fs.ozone.BasicOzoneFileSystem.delete(BasicOzoneFileSystem.java:530)
	at org.apache.hadoop.fs.ozone.TestOzoneFileSystem.testFileDelete(TestOzoneFileSystem.java:543)
	at sun.reflect.NativeMethodAccessorImpl.invoke0(Native Method)
	at sun.reflect.NativeMethodAccessorImpl.invoke(NativeMethodAccessorImpl.java:62)
	at sun.reflect.DelegatingMethodAccessorImpl.invoke(DelegatingMethodAccessorImpl.java:43)
	at java.lang.reflect.Method.invoke(Method.java:498)
	at org.junit.runners.model.FrameworkMethod$1.runReflectiveCall(FrameworkMethod.java:59)
	at org.junit.internal.runners.model.ReflectiveCallable.run(ReflectiveCallable.java:12)
	at org.junit.runners.model.FrameworkMethod.invokeExplosively(FrameworkMethod.java:56)
	at org.junit.internal.runners.statements.InvokeMethod.evaluate(InvokeMethod.java:17)
	at org.junit.internal.runners.statements.RunAfters.evaluate(RunAfters.java:27)
	at org.junit.internal.runners.statements.FailOnTimeout$CallableStatement.call(FailOnTimeout.java:288)
	at org.junit.internal.runners.statements.FailOnTimeout$CallableStatement.call(FailOnTimeout.java:282)
	at java.util.concurrent.FutureTask.run(FutureTask.java:266)
	at java.lang.Thread.run(Thread.java:750)
2022-10-10 08:42:33,520 [Time-limited test] WARN  ozone.BasicOzoneFileSystem (BasicOzoneFileSystem.java:delete(532)) - delete: Path does not exist: /testBatchDelete/parent
]]></system-out>
  </testcase>
  <testcase name="testListStatusIteratorOnPageSize" classname="TestOzoneFileSystem" time="37.003">
    <system-out><![CDATA[2022-10-10 08:37:32,754 [Under Replicated Processor] INFO  replication.UnderReplicatedProcessor (UnderReplicatedProcessor.java:processAll(92)) - Processed 0 under replicated containers, failed processing 0
2022-10-10 08:37:32,761 [Over Replicated Processor] INFO  replication.OverReplicatedProcessor (OverReplicatedProcessor.java:processAll(90)) - Processed 0 over replicated containers, failed processing 0
]]></system-out>
  </testcase>
  <testcase name="testListStatusIteratorOnPageSize" classname="TestOzoneFileSystem" time="30.287">
    <system-out><![CDATA[2022-10-10 08:38:49,653 [589fbfef-7b85-4b40-975b-46e767fe3451@group-248D4464D7E9-FollowerState] INFO  impl.FollowerState (FollowerState.java:run(143)) - 589fbfef-7b85-4b40-975b-46e767fe3451@group-248D4464D7E9-FollowerState: change to CANDIDATE, lastRpcElapsedTime:5110307226ns, electionTimeout:5076ms
2022-10-10 08:38:49,653 [589fbfef-7b85-4b40-975b-46e767fe3451@group-248D4464D7E9-FollowerState] INFO  impl.RoleInfo (RoleInfo.java:shutdownFollowerState(110)) - 589fbfef-7b85-4b40-975b-46e767fe3451: shutdown 589fbfef-7b85-4b40-975b-46e767fe3451@group-248D4464D7E9-FollowerState
2022-10-10 08:38:49,654 [589fbfef-7b85-4b40-975b-46e767fe3451@group-248D4464D7E9-FollowerState] INFO  server.RaftServer$Division (RaftServerImpl.java:setRole(299)) - 589fbfef-7b85-4b40-975b-46e767fe3451@group-248D4464D7E9: changes role from  FOLLOWER to CANDIDATE at term 2 for changeToCandidate
2022-10-10 08:38:49,654 [589fbfef-7b85-4b40-975b-46e767fe3451@group-248D4464D7E9-FollowerState] INFO  server.RaftServerConfigKeys (ConfUtils.java:logGet(46)) - raft.server.leaderelection.pre-vote = false (custom)
2022-10-10 08:38:49,654 [589fbfef-7b85-4b40-975b-46e767fe3451@group-248D4464D7E9-FollowerState] INFO  impl.RoleInfo (RoleInfo.java:updateAndGet(139)) - 589fbfef-7b85-4b40-975b-46e767fe3451: start 589fbfef-7b85-4b40-975b-46e767fe3451@group-248D4464D7E9-LeaderElection24
2022-10-10 08:38:49,671 [589fbfef-7b85-4b40-975b-46e767fe3451@group-248D4464D7E9-LeaderElection24] INFO  impl.LeaderElection (LeaderElection.java:askForVotes(310)) - 589fbfef-7b85-4b40-975b-46e767fe3451@group-248D4464D7E9-LeaderElection24 ELECTION round 0: submit vote requests at term 3 for -1: [22afd6e4-8e85-4fe8-a1ff-afcedf5143bf|rpc:10.1.0.114:38607|priority:0, 589fbfef-7b85-4b40-975b-46e767fe3451|rpc:10.1.0.114:37327|priority:0, 606b3dcd-c583-45a5-a0cf-b179208ecf3f|rpc:10.1.0.114:39749|priority:1], old=null
2022-10-10 08:38:49,722 [grpc-default-executor-1] INFO  server.RaftServer$Division (RaftServerImpl.java:requestVote(1152)) - 22afd6e4-8e85-4fe8-a1ff-afcedf5143bf@group-248D4464D7E9: receive requestVote(ELECTION, 589fbfef-7b85-4b40-975b-46e767fe3451, group-248D4464D7E9, 3, (t:0, i:0))
2022-10-10 08:38:49,722 [grpc-default-executor-1] INFO  impl.VoteContext (VoteContext.java:log(48)) - 22afd6e4-8e85-4fe8-a1ff-afcedf5143bf@group-248D4464D7E9-FOLLOWER: accept ELECTION from 589fbfef-7b85-4b40-975b-46e767fe3451: our priority 0 <= candidate's priority 0
2022-10-10 08:38:49,722 [grpc-default-executor-1] INFO  server.RaftServer$Division (RaftServerImpl.java:setRole(299)) - 22afd6e4-8e85-4fe8-a1ff-afcedf5143bf@group-248D4464D7E9: changes role from  FOLLOWER to FOLLOWER at term 3 for candidate:589fbfef-7b85-4b40-975b-46e767fe3451
2022-10-10 08:38:49,722 [grpc-default-executor-1] INFO  impl.RoleInfo (RoleInfo.java:shutdownFollowerState(110)) - 22afd6e4-8e85-4fe8-a1ff-afcedf5143bf: shutdown 22afd6e4-8e85-4fe8-a1ff-afcedf5143bf@group-248D4464D7E9-FollowerState
2022-10-10 08:38:49,722 [grpc-default-executor-1] INFO  impl.RoleInfo (RoleInfo.java:updateAndGet(139)) - 22afd6e4-8e85-4fe8-a1ff-afcedf5143bf: start 22afd6e4-8e85-4fe8-a1ff-afcedf5143bf@group-248D4464D7E9-FollowerState
2022-10-10 08:38:49,722 [22afd6e4-8e85-4fe8-a1ff-afcedf5143bf@group-248D4464D7E9-FollowerState] INFO  impl.FollowerState (FollowerState.java:run(152)) - 22afd6e4-8e85-4fe8-a1ff-afcedf5143bf@group-248D4464D7E9-FollowerState was interrupted
2022-10-10 08:38:49,724 [grpc-default-executor-1] INFO  server.RaftServer$Division (RaftServerImpl.java:requestVote(1184)) - 22afd6e4-8e85-4fe8-a1ff-afcedf5143bf@group-248D4464D7E9 replies to ELECTION vote request: 589fbfef-7b85-4b40-975b-46e767fe3451<-22afd6e4-8e85-4fe8-a1ff-afcedf5143bf#0:OK-t3. Peer's state: 22afd6e4-8e85-4fe8-a1ff-afcedf5143bf@group-248D4464D7E9:t3, leader=null, voted=589fbfef-7b85-4b40-975b-46e767fe3451, raftlog=22afd6e4-8e85-4fe8-a1ff-afcedf5143bf@group-248D4464D7E9-SegmentedRaftLog:OPENED:c-1, conf=-1: [22afd6e4-8e85-4fe8-a1ff-afcedf5143bf|rpc:10.1.0.114:38607|dataStream:|priority:0, 589fbfef-7b85-4b40-975b-46e767fe3451|rpc:10.1.0.114:37327|dataStream:|priority:0, 606b3dcd-c583-45a5-a0cf-b179208ecf3f|rpc:10.1.0.114:39749|dataStream:|priority:1], old=null
2022-10-10 08:38:49,750 [grpc-default-executor-1] INFO  server.RaftServer$Division (RaftServerImpl.java:requestVote(1152)) - 606b3dcd-c583-45a5-a0cf-b179208ecf3f@group-248D4464D7E9: receive requestVote(ELECTION, 589fbfef-7b85-4b40-975b-46e767fe3451, group-248D4464D7E9, 3, (t:0, i:0))
2022-10-10 08:38:49,750 [grpc-default-executor-1] INFO  impl.VoteContext (VoteContext.java:log(48)) - 606b3dcd-c583-45a5-a0cf-b179208ecf3f@group-248D4464D7E9-FOLLOWER: reject ELECTION from 589fbfef-7b85-4b40-975b-46e767fe3451: our priority 1 > candidate's priority 0
2022-10-10 08:38:49,750 [grpc-default-executor-1] INFO  server.RaftServer$Division (RaftServerImpl.java:setRole(299)) - 606b3dcd-c583-45a5-a0cf-b179208ecf3f@group-248D4464D7E9: changes role from  FOLLOWER to FOLLOWER at term 3 for candidate:589fbfef-7b85-4b40-975b-46e767fe3451
2022-10-10 08:38:49,750 [grpc-default-executor-1] INFO  impl.RoleInfo (RoleInfo.java:shutdownFollowerState(110)) - 606b3dcd-c583-45a5-a0cf-b179208ecf3f: shutdown 606b3dcd-c583-45a5-a0cf-b179208ecf3f@group-248D4464D7E9-FollowerState
2022-10-10 08:38:49,750 [grpc-default-executor-1] INFO  impl.RoleInfo (RoleInfo.java:updateAndGet(139)) - 606b3dcd-c583-45a5-a0cf-b179208ecf3f: start 606b3dcd-c583-45a5-a0cf-b179208ecf3f@group-248D4464D7E9-FollowerState
2022-10-10 08:38:49,750 [606b3dcd-c583-45a5-a0cf-b179208ecf3f@group-248D4464D7E9-FollowerState] INFO  impl.FollowerState (FollowerState.java:run(152)) - 606b3dcd-c583-45a5-a0cf-b179208ecf3f@group-248D4464D7E9-FollowerState was interrupted
2022-10-10 08:38:49,752 [grpc-default-executor-1] INFO  server.RaftServer$Division (RaftServerImpl.java:requestVote(1184)) - 606b3dcd-c583-45a5-a0cf-b179208ecf3f@group-248D4464D7E9 replies to ELECTION vote request: 589fbfef-7b85-4b40-975b-46e767fe3451<-606b3dcd-c583-45a5-a0cf-b179208ecf3f#0:FAIL-t3. Peer's state: 606b3dcd-c583-45a5-a0cf-b179208ecf3f@group-248D4464D7E9:t3, leader=null, voted=null, raftlog=606b3dcd-c583-45a5-a0cf-b179208ecf3f@group-248D4464D7E9-SegmentedRaftLog:OPENED:c-1, conf=-1: [22afd6e4-8e85-4fe8-a1ff-afcedf5143bf|rpc:10.1.0.114:38607|dataStream:|priority:0, 589fbfef-7b85-4b40-975b-46e767fe3451|rpc:10.1.0.114:37327|dataStream:|priority:0, 606b3dcd-c583-45a5-a0cf-b179208ecf3f|rpc:10.1.0.114:39749|dataStream:|priority:1], old=null
2022-10-10 08:38:49,756 [589fbfef-7b85-4b40-975b-46e767fe3451@group-248D4464D7E9-LeaderElection24] INFO  impl.LeaderElection (LeaderElection.java:logAndReturn(90)) - 589fbfef-7b85-4b40-975b-46e767fe3451@group-248D4464D7E9-LeaderElection24: ELECTION REJECTED received 2 response(s) and 0 exception(s):
2022-10-10 08:38:49,756 [589fbfef-7b85-4b40-975b-46e767fe3451@group-248D4464D7E9-LeaderElection24] INFO  impl.LeaderElection (LeaderElection.java:logAndReturn(94)) -   Response 0: 589fbfef-7b85-4b40-975b-46e767fe3451<-22afd6e4-8e85-4fe8-a1ff-afcedf5143bf#0:OK-t3
2022-10-10 08:38:49,756 [589fbfef-7b85-4b40-975b-46e767fe3451@group-248D4464D7E9-LeaderElection24] INFO  impl.LeaderElection (LeaderElection.java:logAndReturn(94)) -   Response 1: 589fbfef-7b85-4b40-975b-46e767fe3451<-606b3dcd-c583-45a5-a0cf-b179208ecf3f#0:FAIL-t3
2022-10-10 08:38:49,756 [589fbfef-7b85-4b40-975b-46e767fe3451@group-248D4464D7E9-LeaderElection24] INFO  impl.LeaderElection (LeaderElection.java:askForVotes(312)) - 589fbfef-7b85-4b40-975b-46e767fe3451@group-248D4464D7E9-LeaderElection24 ELECTION round 0: result REJECTED
2022-10-10 08:38:49,756 [589fbfef-7b85-4b40-975b-46e767fe3451@group-248D4464D7E9-LeaderElection24] INFO  server.RaftServer$Division (RaftServerImpl.java:setRole(299)) - 589fbfef-7b85-4b40-975b-46e767fe3451@group-248D4464D7E9: changes role from CANDIDATE to FOLLOWER at term 3 for REJECTED
2022-10-10 08:38:49,756 [589fbfef-7b85-4b40-975b-46e767fe3451@group-248D4464D7E9-LeaderElection24] INFO  impl.RoleInfo (RoleInfo.java:shutdownLeaderElection(130)) - 589fbfef-7b85-4b40-975b-46e767fe3451: shutdown 589fbfef-7b85-4b40-975b-46e767fe3451@group-248D4464D7E9-LeaderElection24
2022-10-10 08:38:49,756 [589fbfef-7b85-4b40-975b-46e767fe3451@group-248D4464D7E9-LeaderElection24] INFO  impl.RoleInfo (RoleInfo.java:updateAndGet(139)) - 589fbfef-7b85-4b40-975b-46e767fe3451: start 589fbfef-7b85-4b40-975b-46e767fe3451@group-248D4464D7E9-FollowerState
2022-10-10 08:38:53,390 [Under Replicated Processor] INFO  replication.UnderReplicatedProcessor (UnderReplicatedProcessor.java:processAll(92)) - Processed 0 under replicated containers, failed processing 0
2022-10-10 08:38:53,394 [Over Replicated Processor] INFO  replication.OverReplicatedProcessor (OverReplicatedProcessor.java:processAll(90)) - Processed 0 over replicated containers, failed processing 0
2022-10-10 08:38:54,836 [589fbfef-7b85-4b40-975b-46e767fe3451@group-248D4464D7E9-FollowerState] INFO  impl.FollowerState (FollowerState.java:run(143)) - 589fbfef-7b85-4b40-975b-46e767fe3451@group-248D4464D7E9-FollowerState: change to CANDIDATE, lastRpcElapsedTime:5079552437ns, electionTimeout:5052ms
2022-10-10 08:38:54,836 [589fbfef-7b85-4b40-975b-46e767fe3451@group-248D4464D7E9-FollowerState] INFO  impl.RoleInfo (RoleInfo.java:shutdownFollowerState(110)) - 589fbfef-7b85-4b40-975b-46e767fe3451: shutdown 589fbfef-7b85-4b40-975b-46e767fe3451@group-248D4464D7E9-FollowerState
2022-10-10 08:38:54,836 [589fbfef-7b85-4b40-975b-46e767fe3451@group-248D4464D7E9-FollowerState] INFO  server.RaftServer$Division (RaftServerImpl.java:setRole(299)) - 589fbfef-7b85-4b40-975b-46e767fe3451@group-248D4464D7E9: changes role from  FOLLOWER to CANDIDATE at term 3 for changeToCandidate
2022-10-10 08:38:54,836 [589fbfef-7b85-4b40-975b-46e767fe3451@group-248D4464D7E9-FollowerState] INFO  server.RaftServerConfigKeys (ConfUtils.java:logGet(46)) - raft.server.leaderelection.pre-vote = false (custom)
2022-10-10 08:38:54,837 [589fbfef-7b85-4b40-975b-46e767fe3451@group-248D4464D7E9-FollowerState] INFO  impl.RoleInfo (RoleInfo.java:updateAndGet(139)) - 589fbfef-7b85-4b40-975b-46e767fe3451: start 589fbfef-7b85-4b40-975b-46e767fe3451@group-248D4464D7E9-LeaderElection25
2022-10-10 08:38:54,857 [589fbfef-7b85-4b40-975b-46e767fe3451@group-248D4464D7E9-LeaderElection25] INFO  impl.LeaderElection (LeaderElection.java:askForVotes(310)) - 589fbfef-7b85-4b40-975b-46e767fe3451@group-248D4464D7E9-LeaderElection25 ELECTION round 0: submit vote requests at term 4 for -1: [22afd6e4-8e85-4fe8-a1ff-afcedf5143bf|rpc:10.1.0.114:38607|priority:0, 589fbfef-7b85-4b40-975b-46e767fe3451|rpc:10.1.0.114:37327|priority:0, 606b3dcd-c583-45a5-a0cf-b179208ecf3f|rpc:10.1.0.114:39749|priority:1], old=null
2022-10-10 08:38:54,866 [606b3dcd-c583-45a5-a0cf-b179208ecf3f@group-248D4464D7E9-FollowerState] INFO  impl.FollowerState (FollowerState.java:run(143)) - 606b3dcd-c583-45a5-a0cf-b179208ecf3f@group-248D4464D7E9-FollowerState: change to CANDIDATE, lastRpcElapsedTime:5115970834ns, electionTimeout:5115ms
2022-10-10 08:38:54,866 [606b3dcd-c583-45a5-a0cf-b179208ecf3f@group-248D4464D7E9-FollowerState] INFO  impl.RoleInfo (RoleInfo.java:shutdownFollowerState(110)) - 606b3dcd-c583-45a5-a0cf-b179208ecf3f: shutdown 606b3dcd-c583-45a5-a0cf-b179208ecf3f@group-248D4464D7E9-FollowerState
2022-10-10 08:38:54,866 [606b3dcd-c583-45a5-a0cf-b179208ecf3f@group-248D4464D7E9-FollowerState] INFO  server.RaftServer$Division (RaftServerImpl.java:setRole(299)) - 606b3dcd-c583-45a5-a0cf-b179208ecf3f@group-248D4464D7E9: changes role from  FOLLOWER to CANDIDATE at term 3 for changeToCandidate
2022-10-10 08:38:54,892 [606b3dcd-c583-45a5-a0cf-b179208ecf3f@group-248D4464D7E9-FollowerState] INFO  server.RaftServerConfigKeys (ConfUtils.java:logGet(46)) - raft.server.leaderelection.pre-vote = false (custom)
2022-10-10 08:38:54,892 [606b3dcd-c583-45a5-a0cf-b179208ecf3f@group-248D4464D7E9-FollowerState] INFO  impl.RoleInfo (RoleInfo.java:updateAndGet(139)) - 606b3dcd-c583-45a5-a0cf-b179208ecf3f: start 606b3dcd-c583-45a5-a0cf-b179208ecf3f@group-248D4464D7E9-LeaderElection26
2022-10-10 08:38:54,937 [grpc-default-executor-1] INFO  server.RaftServer$Division (RaftServerImpl.java:requestVote(1152)) - 22afd6e4-8e85-4fe8-a1ff-afcedf5143bf@group-248D4464D7E9: receive requestVote(ELECTION, 589fbfef-7b85-4b40-975b-46e767fe3451, group-248D4464D7E9, 4, (t:0, i:0))
2022-10-10 08:38:54,937 [grpc-default-executor-1] INFO  impl.VoteContext (VoteContext.java:log(48)) - 22afd6e4-8e85-4fe8-a1ff-afcedf5143bf@group-248D4464D7E9-FOLLOWER: accept ELECTION from 589fbfef-7b85-4b40-975b-46e767fe3451: our priority 0 <= candidate's priority 0
2022-10-10 08:38:54,937 [grpc-default-executor-1] INFO  server.RaftServer$Division (RaftServerImpl.java:setRole(299)) - 22afd6e4-8e85-4fe8-a1ff-afcedf5143bf@group-248D4464D7E9: changes role from  FOLLOWER to FOLLOWER at term 4 for candidate:589fbfef-7b85-4b40-975b-46e767fe3451
2022-10-10 08:38:54,937 [grpc-default-executor-1] INFO  impl.RoleInfo (RoleInfo.java:shutdownFollowerState(110)) - 22afd6e4-8e85-4fe8-a1ff-afcedf5143bf: shutdown 22afd6e4-8e85-4fe8-a1ff-afcedf5143bf@group-248D4464D7E9-FollowerState
2022-10-10 08:38:54,937 [grpc-default-executor-1] INFO  impl.RoleInfo (RoleInfo.java:updateAndGet(139)) - 22afd6e4-8e85-4fe8-a1ff-afcedf5143bf: start 22afd6e4-8e85-4fe8-a1ff-afcedf5143bf@group-248D4464D7E9-FollowerState
2022-10-10 08:38:54,937 [grpc-default-executor-3] INFO  server.RaftServer$Division (RaftServerImpl.java:requestVote(1152)) - 606b3dcd-c583-45a5-a0cf-b179208ecf3f@group-248D4464D7E9: receive requestVote(ELECTION, 589fbfef-7b85-4b40-975b-46e767fe3451, group-248D4464D7E9, 4, (t:0, i:0))
2022-10-10 08:38:54,938 [22afd6e4-8e85-4fe8-a1ff-afcedf5143bf@group-248D4464D7E9-FollowerState] INFO  impl.FollowerState (FollowerState.java:run(152)) - 22afd6e4-8e85-4fe8-a1ff-afcedf5143bf@group-248D4464D7E9-FollowerState was interrupted
2022-10-10 08:38:54,938 [606b3dcd-c583-45a5-a0cf-b179208ecf3f@group-248D4464D7E9-LeaderElection26] INFO  impl.LeaderElection (LeaderElection.java:askForVotes(310)) - 606b3dcd-c583-45a5-a0cf-b179208ecf3f@group-248D4464D7E9-LeaderElection26 ELECTION round 0: submit vote requests at term 4 for -1: [22afd6e4-8e85-4fe8-a1ff-afcedf5143bf|rpc:10.1.0.114:38607|dataStream:|priority:0, 589fbfef-7b85-4b40-975b-46e767fe3451|rpc:10.1.0.114:37327|dataStream:|priority:0, 606b3dcd-c583-45a5-a0cf-b179208ecf3f|rpc:10.1.0.114:39749|dataStream:|priority:1], old=null
2022-10-10 08:38:54,940 [grpc-default-executor-3] INFO  impl.VoteContext (VoteContext.java:log(48)) - 606b3dcd-c583-45a5-a0cf-b179208ecf3f@group-248D4464D7E9-CANDIDATE: reject ELECTION from 589fbfef-7b85-4b40-975b-46e767fe3451: already has voted for 606b3dcd-c583-45a5-a0cf-b179208ecf3f at current term 4
2022-10-10 08:38:54,940 [grpc-default-executor-3] INFO  server.RaftServer$Division (RaftServerImpl.java:requestVote(1184)) - 606b3dcd-c583-45a5-a0cf-b179208ecf3f@group-248D4464D7E9 replies to ELECTION vote request: 589fbfef-7b85-4b40-975b-46e767fe3451<-606b3dcd-c583-45a5-a0cf-b179208ecf3f#0:FAIL-t4. Peer's state: 606b3dcd-c583-45a5-a0cf-b179208ecf3f@group-248D4464D7E9:t4, leader=null, voted=606b3dcd-c583-45a5-a0cf-b179208ecf3f, raftlog=606b3dcd-c583-45a5-a0cf-b179208ecf3f@group-248D4464D7E9-SegmentedRaftLog:OPENED:c-1, conf=-1: [22afd6e4-8e85-4fe8-a1ff-afcedf5143bf|rpc:10.1.0.114:38607|dataStream:|priority:0, 589fbfef-7b85-4b40-975b-46e767fe3451|rpc:10.1.0.114:37327|dataStream:|priority:0, 606b3dcd-c583-45a5-a0cf-b179208ecf3f|rpc:10.1.0.114:39749|dataStream:|priority:1], old=null
2022-10-10 08:38:54,950 [grpc-default-executor-1] INFO  server.RaftServer$Division (RaftServerImpl.java:requestVote(1184)) - 22afd6e4-8e85-4fe8-a1ff-afcedf5143bf@group-248D4464D7E9 replies to ELECTION vote request: 589fbfef-7b85-4b40-975b-46e767fe3451<-22afd6e4-8e85-4fe8-a1ff-afcedf5143bf#0:OK-t4. Peer's state: 22afd6e4-8e85-4fe8-a1ff-afcedf5143bf@group-248D4464D7E9:t4, leader=null, voted=589fbfef-7b85-4b40-975b-46e767fe3451, raftlog=22afd6e4-8e85-4fe8-a1ff-afcedf5143bf@group-248D4464D7E9-SegmentedRaftLog:OPENED:c-1, conf=-1: [22afd6e4-8e85-4fe8-a1ff-afcedf5143bf|rpc:10.1.0.114:38607|dataStream:|priority:0, 589fbfef-7b85-4b40-975b-46e767fe3451|rpc:10.1.0.114:37327|dataStream:|priority:0, 606b3dcd-c583-45a5-a0cf-b179208ecf3f|rpc:10.1.0.114:39749|dataStream:|priority:1], old=null
2022-10-10 08:38:54,985 [589fbfef-7b85-4b40-975b-46e767fe3451@group-248D4464D7E9-LeaderElection25] INFO  impl.LeaderElection (LeaderElection.java:logAndReturn(90)) - 589fbfef-7b85-4b40-975b-46e767fe3451@group-248D4464D7E9-LeaderElection25: ELECTION REJECTED received 1 response(s) and 0 exception(s):
2022-10-10 08:38:54,985 [589fbfef-7b85-4b40-975b-46e767fe3451@group-248D4464D7E9-LeaderElection25] INFO  impl.LeaderElection (LeaderElection.java:logAndReturn(94)) -   Response 0: 589fbfef-7b85-4b40-975b-46e767fe3451<-606b3dcd-c583-45a5-a0cf-b179208ecf3f#0:FAIL-t4
2022-10-10 08:38:54,985 [589fbfef-7b85-4b40-975b-46e767fe3451@group-248D4464D7E9-LeaderElection25] INFO  impl.LeaderElection (LeaderElection.java:askForVotes(312)) - 589fbfef-7b85-4b40-975b-46e767fe3451@group-248D4464D7E9-LeaderElection25 ELECTION round 0: result REJECTED
2022-10-10 08:38:54,985 [589fbfef-7b85-4b40-975b-46e767fe3451@group-248D4464D7E9-LeaderElection25] INFO  server.RaftServer$Division (RaftServerImpl.java:setRole(299)) - 589fbfef-7b85-4b40-975b-46e767fe3451@group-248D4464D7E9: changes role from CANDIDATE to FOLLOWER at term 4 for REJECTED
2022-10-10 08:38:54,985 [589fbfef-7b85-4b40-975b-46e767fe3451@group-248D4464D7E9-LeaderElection25] INFO  impl.RoleInfo (RoleInfo.java:shutdownLeaderElection(130)) - 589fbfef-7b85-4b40-975b-46e767fe3451: shutdown 589fbfef-7b85-4b40-975b-46e767fe3451@group-248D4464D7E9-LeaderElection25
2022-10-10 08:38:54,985 [589fbfef-7b85-4b40-975b-46e767fe3451@group-248D4464D7E9-LeaderElection25] INFO  impl.RoleInfo (RoleInfo.java:updateAndGet(139)) - 589fbfef-7b85-4b40-975b-46e767fe3451: start 589fbfef-7b85-4b40-975b-46e767fe3451@group-248D4464D7E9-FollowerState
2022-10-10 08:38:55,008 [grpc-default-executor-1] INFO  server.RaftServer$Division (RaftServerImpl.java:requestVote(1152)) - 22afd6e4-8e85-4fe8-a1ff-afcedf5143bf@group-248D4464D7E9: receive requestVote(ELECTION, 606b3dcd-c583-45a5-a0cf-b179208ecf3f, group-248D4464D7E9, 4, (t:0, i:0))
2022-10-10 08:38:55,008 [grpc-default-executor-1] INFO  impl.VoteContext (VoteContext.java:log(48)) - 22afd6e4-8e85-4fe8-a1ff-afcedf5143bf@group-248D4464D7E9-FOLLOWER: reject ELECTION from 606b3dcd-c583-45a5-a0cf-b179208ecf3f: already has voted for 589fbfef-7b85-4b40-975b-46e767fe3451 at current term 4
2022-10-10 08:38:55,008 [grpc-default-executor-1] INFO  server.RaftServer$Division (RaftServerImpl.java:requestVote(1184)) - 22afd6e4-8e85-4fe8-a1ff-afcedf5143bf@group-248D4464D7E9 replies to ELECTION vote request: 606b3dcd-c583-45a5-a0cf-b179208ecf3f<-22afd6e4-8e85-4fe8-a1ff-afcedf5143bf#0:FAIL-t4. Peer's state: 22afd6e4-8e85-4fe8-a1ff-afcedf5143bf@group-248D4464D7E9:t4, leader=null, voted=589fbfef-7b85-4b40-975b-46e767fe3451, raftlog=22afd6e4-8e85-4fe8-a1ff-afcedf5143bf@group-248D4464D7E9-SegmentedRaftLog:OPENED:c-1, conf=-1: [22afd6e4-8e85-4fe8-a1ff-afcedf5143bf|rpc:10.1.0.114:38607|dataStream:|priority:0, 589fbfef-7b85-4b40-975b-46e767fe3451|rpc:10.1.0.114:37327|dataStream:|priority:0, 606b3dcd-c583-45a5-a0cf-b179208ecf3f|rpc:10.1.0.114:39749|dataStream:|priority:1], old=null
2022-10-10 08:38:55,009 [grpc-default-executor-3] INFO  server.RaftServer$Division (RaftServerImpl.java:requestVote(1152)) - 589fbfef-7b85-4b40-975b-46e767fe3451@group-248D4464D7E9: receive requestVote(ELECTION, 606b3dcd-c583-45a5-a0cf-b179208ecf3f, group-248D4464D7E9, 4, (t:0, i:0))
2022-10-10 08:38:55,009 [grpc-default-executor-3] INFO  impl.VoteContext (VoteContext.java:log(48)) - 589fbfef-7b85-4b40-975b-46e767fe3451@group-248D4464D7E9-FOLLOWER: reject ELECTION from 606b3dcd-c583-45a5-a0cf-b179208ecf3f: already has voted for 589fbfef-7b85-4b40-975b-46e767fe3451 at current term 4
2022-10-10 08:38:55,009 [grpc-default-executor-3] INFO  server.RaftServer$Division (RaftServerImpl.java:requestVote(1184)) - 589fbfef-7b85-4b40-975b-46e767fe3451@group-248D4464D7E9 replies to ELECTION vote request: 606b3dcd-c583-45a5-a0cf-b179208ecf3f<-589fbfef-7b85-4b40-975b-46e767fe3451#0:FAIL-t4. Peer's state: 589fbfef-7b85-4b40-975b-46e767fe3451@group-248D4464D7E9:t4, leader=null, voted=589fbfef-7b85-4b40-975b-46e767fe3451, raftlog=589fbfef-7b85-4b40-975b-46e767fe3451@group-248D4464D7E9-SegmentedRaftLog:OPENED:c-1, conf=-1: [22afd6e4-8e85-4fe8-a1ff-afcedf5143bf|rpc:10.1.0.114:38607|priority:0, 589fbfef-7b85-4b40-975b-46e767fe3451|rpc:10.1.0.114:37327|priority:0, 606b3dcd-c583-45a5-a0cf-b179208ecf3f|rpc:10.1.0.114:39749|priority:1], old=null
2022-10-10 08:38:55,010 [606b3dcd-c583-45a5-a0cf-b179208ecf3f@group-248D4464D7E9-LeaderElection26] INFO  impl.LeaderElection (LeaderElection.java:logAndReturn(90)) - 606b3dcd-c583-45a5-a0cf-b179208ecf3f@group-248D4464D7E9-LeaderElection26: ELECTION REJECTED received 2 response(s) and 0 exception(s):
2022-10-10 08:38:55,011 [606b3dcd-c583-45a5-a0cf-b179208ecf3f@group-248D4464D7E9-LeaderElection26] INFO  impl.LeaderElection (LeaderElection.java:logAndReturn(94)) -   Response 0: 606b3dcd-c583-45a5-a0cf-b179208ecf3f<-22afd6e4-8e85-4fe8-a1ff-afcedf5143bf#0:FAIL-t4
2022-10-10 08:38:55,011 [606b3dcd-c583-45a5-a0cf-b179208ecf3f@group-248D4464D7E9-LeaderElection26] INFO  impl.LeaderElection (LeaderElection.java:logAndReturn(94)) -   Response 1: 606b3dcd-c583-45a5-a0cf-b179208ecf3f<-589fbfef-7b85-4b40-975b-46e767fe3451#0:FAIL-t4
2022-10-10 08:38:55,011 [606b3dcd-c583-45a5-a0cf-b179208ecf3f@group-248D4464D7E9-LeaderElection26] INFO  impl.LeaderElection (LeaderElection.java:askForVotes(312)) - 606b3dcd-c583-45a5-a0cf-b179208ecf3f@group-248D4464D7E9-LeaderElection26 ELECTION round 0: result REJECTED
2022-10-10 08:38:55,011 [606b3dcd-c583-45a5-a0cf-b179208ecf3f@group-248D4464D7E9-LeaderElection26] INFO  server.RaftServer$Division (RaftServerImpl.java:setRole(299)) - 606b3dcd-c583-45a5-a0cf-b179208ecf3f@group-248D4464D7E9: changes role from CANDIDATE to FOLLOWER at term 4 for REJECTED
2022-10-10 08:38:55,011 [606b3dcd-c583-45a5-a0cf-b179208ecf3f@group-248D4464D7E9-LeaderElection26] INFO  impl.RoleInfo (RoleInfo.java:shutdownLeaderElection(130)) - 606b3dcd-c583-45a5-a0cf-b179208ecf3f: shutdown 606b3dcd-c583-45a5-a0cf-b179208ecf3f@group-248D4464D7E9-LeaderElection26
2022-10-10 08:38:55,011 [606b3dcd-c583-45a5-a0cf-b179208ecf3f@group-248D4464D7E9-LeaderElection26] INFO  impl.RoleInfo (RoleInfo.java:updateAndGet(139)) - 606b3dcd-c583-45a5-a0cf-b179208ecf3f: start 606b3dcd-c583-45a5-a0cf-b179208ecf3f@group-248D4464D7E9-FollowerState
2022-10-10 08:38:59,991 [22afd6e4-8e85-4fe8-a1ff-afcedf5143bf@group-248D4464D7E9-FollowerState] INFO  impl.FollowerState (FollowerState.java:run(143)) - 22afd6e4-8e85-4fe8-a1ff-afcedf5143bf@group-248D4464D7E9-FollowerState: change to CANDIDATE, lastRpcElapsedTime:5041567651ns, electionTimeout:5036ms
2022-10-10 08:38:59,991 [22afd6e4-8e85-4fe8-a1ff-afcedf5143bf@group-248D4464D7E9-FollowerState] INFO  impl.RoleInfo (RoleInfo.java:shutdownFollowerState(110)) - 22afd6e4-8e85-4fe8-a1ff-afcedf5143bf: shutdown 22afd6e4-8e85-4fe8-a1ff-afcedf5143bf@group-248D4464D7E9-FollowerState
2022-10-10 08:38:59,991 [22afd6e4-8e85-4fe8-a1ff-afcedf5143bf@group-248D4464D7E9-FollowerState] INFO  server.RaftServer$Division (RaftServerImpl.java:setRole(299)) - 22afd6e4-8e85-4fe8-a1ff-afcedf5143bf@group-248D4464D7E9: changes role from  FOLLOWER to CANDIDATE at term 4 for changeToCandidate
2022-10-10 08:38:59,992 [22afd6e4-8e85-4fe8-a1ff-afcedf5143bf@group-248D4464D7E9-FollowerState] INFO  server.RaftServerConfigKeys (ConfUtils.java:logGet(46)) - raft.server.leaderelection.pre-vote = false (custom)
2022-10-10 08:38:59,992 [22afd6e4-8e85-4fe8-a1ff-afcedf5143bf@group-248D4464D7E9-FollowerState] INFO  impl.RoleInfo (RoleInfo.java:updateAndGet(139)) - 22afd6e4-8e85-4fe8-a1ff-afcedf5143bf: start 22afd6e4-8e85-4fe8-a1ff-afcedf5143bf@group-248D4464D7E9-LeaderElection27
2022-10-10 08:39:00,012 [22afd6e4-8e85-4fe8-a1ff-afcedf5143bf@group-248D4464D7E9-LeaderElection27] INFO  impl.LeaderElection (LeaderElection.java:askForVotes(310)) - 22afd6e4-8e85-4fe8-a1ff-afcedf5143bf@group-248D4464D7E9-LeaderElection27 ELECTION round 0: submit vote requests at term 5 for -1: [22afd6e4-8e85-4fe8-a1ff-afcedf5143bf|rpc:10.1.0.114:38607|dataStream:|priority:0, 589fbfef-7b85-4b40-975b-46e767fe3451|rpc:10.1.0.114:37327|dataStream:|priority:0, 606b3dcd-c583-45a5-a0cf-b179208ecf3f|rpc:10.1.0.114:39749|dataStream:|priority:1], old=null
2022-10-10 08:39:00,050 [grpc-default-executor-1] INFO  server.RaftServer$Division (RaftServerImpl.java:requestVote(1152)) - 589fbfef-7b85-4b40-975b-46e767fe3451@group-248D4464D7E9: receive requestVote(ELECTION, 22afd6e4-8e85-4fe8-a1ff-afcedf5143bf, group-248D4464D7E9, 5, (t:0, i:0))
2022-10-10 08:39:00,050 [grpc-default-executor-1] INFO  impl.VoteContext (VoteContext.java:log(48)) - 589fbfef-7b85-4b40-975b-46e767fe3451@group-248D4464D7E9-FOLLOWER: accept ELECTION from 22afd6e4-8e85-4fe8-a1ff-afcedf5143bf: our priority 0 <= candidate's priority 0
2022-10-10 08:39:00,050 [grpc-default-executor-1] INFO  server.RaftServer$Division (RaftServerImpl.java:setRole(299)) - 589fbfef-7b85-4b40-975b-46e767fe3451@group-248D4464D7E9: changes role from  FOLLOWER to FOLLOWER at term 5 for candidate:22afd6e4-8e85-4fe8-a1ff-afcedf5143bf
2022-10-10 08:39:00,050 [grpc-default-executor-1] INFO  impl.RoleInfo (RoleInfo.java:shutdownFollowerState(110)) - 589fbfef-7b85-4b40-975b-46e767fe3451: shutdown 589fbfef-7b85-4b40-975b-46e767fe3451@group-248D4464D7E9-FollowerState
2022-10-10 08:39:00,050 [grpc-default-executor-1] INFO  impl.RoleInfo (RoleInfo.java:updateAndGet(139)) - 589fbfef-7b85-4b40-975b-46e767fe3451: start 589fbfef-7b85-4b40-975b-46e767fe3451@group-248D4464D7E9-FollowerState
2022-10-10 08:39:00,050 [589fbfef-7b85-4b40-975b-46e767fe3451@group-248D4464D7E9-FollowerState] INFO  impl.FollowerState (FollowerState.java:run(152)) - 589fbfef-7b85-4b40-975b-46e767fe3451@group-248D4464D7E9-FollowerState was interrupted
2022-10-10 08:39:00,072 [grpc-default-executor-1] INFO  server.RaftServer$Division (RaftServerImpl.java:requestVote(1184)) - 589fbfef-7b85-4b40-975b-46e767fe3451@group-248D4464D7E9 replies to ELECTION vote request: 22afd6e4-8e85-4fe8-a1ff-afcedf5143bf<-589fbfef-7b85-4b40-975b-46e767fe3451#0:OK-t5. Peer's state: 589fbfef-7b85-4b40-975b-46e767fe3451@group-248D4464D7E9:t5, leader=null, voted=22afd6e4-8e85-4fe8-a1ff-afcedf5143bf, raftlog=589fbfef-7b85-4b40-975b-46e767fe3451@group-248D4464D7E9-SegmentedRaftLog:OPENED:c-1, conf=-1: [22afd6e4-8e85-4fe8-a1ff-afcedf5143bf|rpc:10.1.0.114:38607|priority:0, 589fbfef-7b85-4b40-975b-46e767fe3451|rpc:10.1.0.114:37327|priority:0, 606b3dcd-c583-45a5-a0cf-b179208ecf3f|rpc:10.1.0.114:39749|priority:1], old=null
2022-10-10 08:39:00,079 [grpc-default-executor-1] INFO  server.RaftServer$Division (RaftServerImpl.java:requestVote(1152)) - 606b3dcd-c583-45a5-a0cf-b179208ecf3f@group-248D4464D7E9: receive requestVote(ELECTION, 22afd6e4-8e85-4fe8-a1ff-afcedf5143bf, group-248D4464D7E9, 5, (t:0, i:0))
2022-10-10 08:39:00,080 [grpc-default-executor-1] INFO  impl.VoteContext (VoteContext.java:log(48)) - 606b3dcd-c583-45a5-a0cf-b179208ecf3f@group-248D4464D7E9-FOLLOWER: reject ELECTION from 22afd6e4-8e85-4fe8-a1ff-afcedf5143bf: our priority 1 > candidate's priority 0
2022-10-10 08:39:00,080 [grpc-default-executor-1] INFO  server.RaftServer$Division (RaftServerImpl.java:setRole(299)) - 606b3dcd-c583-45a5-a0cf-b179208ecf3f@group-248D4464D7E9: changes role from  FOLLOWER to FOLLOWER at term 5 for candidate:22afd6e4-8e85-4fe8-a1ff-afcedf5143bf
2022-10-10 08:39:00,080 [grpc-default-executor-1] INFO  impl.RoleInfo (RoleInfo.java:shutdownFollowerState(110)) - 606b3dcd-c583-45a5-a0cf-b179208ecf3f: shutdown 606b3dcd-c583-45a5-a0cf-b179208ecf3f@group-248D4464D7E9-FollowerState
2022-10-10 08:39:00,080 [grpc-default-executor-1] INFO  impl.RoleInfo (RoleInfo.java:updateAndGet(139)) - 606b3dcd-c583-45a5-a0cf-b179208ecf3f: start 606b3dcd-c583-45a5-a0cf-b179208ecf3f@group-248D4464D7E9-FollowerState
2022-10-10 08:39:00,080 [606b3dcd-c583-45a5-a0cf-b179208ecf3f@group-248D4464D7E9-FollowerState] INFO  impl.FollowerState (FollowerState.java:run(152)) - 606b3dcd-c583-45a5-a0cf-b179208ecf3f@group-248D4464D7E9-FollowerState was interrupted
2022-10-10 08:39:00,081 [grpc-default-executor-1] INFO  server.RaftServer$Division (RaftServerImpl.java:requestVote(1184)) - 606b3dcd-c583-45a5-a0cf-b179208ecf3f@group-248D4464D7E9 replies to ELECTION vote request: 22afd6e4-8e85-4fe8-a1ff-afcedf5143bf<-606b3dcd-c583-45a5-a0cf-b179208ecf3f#0:FAIL-t5. Peer's state: 606b3dcd-c583-45a5-a0cf-b179208ecf3f@group-248D4464D7E9:t5, leader=null, voted=null, raftlog=606b3dcd-c583-45a5-a0cf-b179208ecf3f@group-248D4464D7E9-SegmentedRaftLog:OPENED:c-1, conf=-1: [22afd6e4-8e85-4fe8-a1ff-afcedf5143bf|rpc:10.1.0.114:38607|dataStream:|priority:0, 589fbfef-7b85-4b40-975b-46e767fe3451|rpc:10.1.0.114:37327|dataStream:|priority:0, 606b3dcd-c583-45a5-a0cf-b179208ecf3f|rpc:10.1.0.114:39749|dataStream:|priority:1], old=null
2022-10-10 08:39:00,086 [22afd6e4-8e85-4fe8-a1ff-afcedf5143bf@group-248D4464D7E9-LeaderElection27] INFO  impl.LeaderElection (LeaderElection.java:logAndReturn(90)) - 22afd6e4-8e85-4fe8-a1ff-afcedf5143bf@group-248D4464D7E9-LeaderElection27: ELECTION REJECTED received 2 response(s) and 0 exception(s):
2022-10-10 08:39:00,086 [22afd6e4-8e85-4fe8-a1ff-afcedf5143bf@group-248D4464D7E9-LeaderElection27] INFO  impl.LeaderElection (LeaderElection.java:logAndReturn(94)) -   Response 0: 22afd6e4-8e85-4fe8-a1ff-afcedf5143bf<-589fbfef-7b85-4b40-975b-46e767fe3451#0:OK-t5
2022-10-10 08:39:00,086 [22afd6e4-8e85-4fe8-a1ff-afcedf5143bf@group-248D4464D7E9-LeaderElection27] INFO  impl.LeaderElection (LeaderElection.java:logAndReturn(94)) -   Response 1: 22afd6e4-8e85-4fe8-a1ff-afcedf5143bf<-606b3dcd-c583-45a5-a0cf-b179208ecf3f#0:FAIL-t5
2022-10-10 08:39:00,087 [22afd6e4-8e85-4fe8-a1ff-afcedf5143bf@group-248D4464D7E9-LeaderElection27] INFO  impl.LeaderElection (LeaderElection.java:askForVotes(312)) - 22afd6e4-8e85-4fe8-a1ff-afcedf5143bf@group-248D4464D7E9-LeaderElection27 ELECTION round 0: result REJECTED
2022-10-10 08:39:00,087 [22afd6e4-8e85-4fe8-a1ff-afcedf5143bf@group-248D4464D7E9-LeaderElection27] INFO  server.RaftServer$Division (RaftServerImpl.java:setRole(299)) - 22afd6e4-8e85-4fe8-a1ff-afcedf5143bf@group-248D4464D7E9: changes role from CANDIDATE to FOLLOWER at term 5 for REJECTED
2022-10-10 08:39:00,087 [22afd6e4-8e85-4fe8-a1ff-afcedf5143bf@group-248D4464D7E9-LeaderElection27] INFO  impl.RoleInfo (RoleInfo.java:shutdownLeaderElection(130)) - 22afd6e4-8e85-4fe8-a1ff-afcedf5143bf: shutdown 22afd6e4-8e85-4fe8-a1ff-afcedf5143bf@group-248D4464D7E9-LeaderElection27
2022-10-10 08:39:00,087 [22afd6e4-8e85-4fe8-a1ff-afcedf5143bf@group-248D4464D7E9-LeaderElection27] INFO  impl.RoleInfo (RoleInfo.java:updateAndGet(139)) - 22afd6e4-8e85-4fe8-a1ff-afcedf5143bf: start 22afd6e4-8e85-4fe8-a1ff-afcedf5143bf@group-248D4464D7E9-FollowerState
2022-10-10 08:39:05,130 [606b3dcd-c583-45a5-a0cf-b179208ecf3f@group-248D4464D7E9-FollowerState] INFO  impl.FollowerState (FollowerState.java:run(143)) - 606b3dcd-c583-45a5-a0cf-b179208ecf3f@group-248D4464D7E9-FollowerState: change to CANDIDATE, lastRpcElapsedTime:5049908932ns, electionTimeout:5046ms
2022-10-10 08:39:05,130 [606b3dcd-c583-45a5-a0cf-b179208ecf3f@group-248D4464D7E9-FollowerState] INFO  impl.RoleInfo (RoleInfo.java:shutdownFollowerState(110)) - 606b3dcd-c583-45a5-a0cf-b179208ecf3f: shutdown 606b3dcd-c583-45a5-a0cf-b179208ecf3f@group-248D4464D7E9-FollowerState
2022-10-10 08:39:05,130 [606b3dcd-c583-45a5-a0cf-b179208ecf3f@group-248D4464D7E9-FollowerState] INFO  server.RaftServer$Division (RaftServerImpl.java:setRole(299)) - 606b3dcd-c583-45a5-a0cf-b179208ecf3f@group-248D4464D7E9: changes role from  FOLLOWER to CANDIDATE at term 5 for changeToCandidate
2022-10-10 08:39:05,130 [606b3dcd-c583-45a5-a0cf-b179208ecf3f@group-248D4464D7E9-FollowerState] INFO  server.RaftServerConfigKeys (ConfUtils.java:logGet(46)) - raft.server.leaderelection.pre-vote = false (custom)
2022-10-10 08:39:05,130 [606b3dcd-c583-45a5-a0cf-b179208ecf3f@group-248D4464D7E9-FollowerState] INFO  impl.RoleInfo (RoleInfo.java:updateAndGet(139)) - 606b3dcd-c583-45a5-a0cf-b179208ecf3f: start 606b3dcd-c583-45a5-a0cf-b179208ecf3f@group-248D4464D7E9-LeaderElection28
2022-10-10 08:39:05,182 [606b3dcd-c583-45a5-a0cf-b179208ecf3f@group-248D4464D7E9-LeaderElection28] INFO  impl.LeaderElection (LeaderElection.java:askForVotes(310)) - 606b3dcd-c583-45a5-a0cf-b179208ecf3f@group-248D4464D7E9-LeaderElection28 ELECTION round 0: submit vote requests at term 6 for -1: [22afd6e4-8e85-4fe8-a1ff-afcedf5143bf|rpc:10.1.0.114:38607|dataStream:|priority:0, 589fbfef-7b85-4b40-975b-46e767fe3451|rpc:10.1.0.114:37327|dataStream:|priority:0, 606b3dcd-c583-45a5-a0cf-b179208ecf3f|rpc:10.1.0.114:39749|dataStream:|priority:1], old=null
2022-10-10 08:39:05,183 [589fbfef-7b85-4b40-975b-46e767fe3451@group-248D4464D7E9-FollowerState] INFO  impl.FollowerState (FollowerState.java:run(143)) - 589fbfef-7b85-4b40-975b-46e767fe3451@group-248D4464D7E9-FollowerState: change to CANDIDATE, lastRpcElapsedTime:5111670962ns, electionTimeout:5110ms
2022-10-10 08:39:05,184 [589fbfef-7b85-4b40-975b-46e767fe3451@group-248D4464D7E9-FollowerState] INFO  impl.RoleInfo (RoleInfo.java:shutdownFollowerState(110)) - 589fbfef-7b85-4b40-975b-46e767fe3451: shutdown 589fbfef-7b85-4b40-975b-46e767fe3451@group-248D4464D7E9-FollowerState
2022-10-10 08:39:05,184 [589fbfef-7b85-4b40-975b-46e767fe3451@group-248D4464D7E9-FollowerState] INFO  server.RaftServer$Division (RaftServerImpl.java:setRole(299)) - 589fbfef-7b85-4b40-975b-46e767fe3451@group-248D4464D7E9: changes role from  FOLLOWER to CANDIDATE at term 5 for changeToCandidate
2022-10-10 08:39:05,199 [589fbfef-7b85-4b40-975b-46e767fe3451@group-248D4464D7E9-FollowerState] INFO  server.RaftServerConfigKeys (ConfUtils.java:logGet(46)) - raft.server.leaderelection.pre-vote = false (custom)
2022-10-10 08:39:05,199 [589fbfef-7b85-4b40-975b-46e767fe3451@group-248D4464D7E9-FollowerState] INFO  impl.RoleInfo (RoleInfo.java:updateAndGet(139)) - 589fbfef-7b85-4b40-975b-46e767fe3451: start 589fbfef-7b85-4b40-975b-46e767fe3451@group-248D4464D7E9-LeaderElection29
2022-10-10 08:39:05,232 [grpc-default-executor-1] INFO  server.RaftServer$Division (RaftServerImpl.java:requestVote(1152)) - 22afd6e4-8e85-4fe8-a1ff-afcedf5143bf@group-248D4464D7E9: receive requestVote(ELECTION, 606b3dcd-c583-45a5-a0cf-b179208ecf3f, group-248D4464D7E9, 6, (t:0, i:0))
2022-10-10 08:39:05,232 [grpc-default-executor-1] INFO  impl.VoteContext (VoteContext.java:log(48)) - 22afd6e4-8e85-4fe8-a1ff-afcedf5143bf@group-248D4464D7E9-FOLLOWER: accept ELECTION from 606b3dcd-c583-45a5-a0cf-b179208ecf3f: our priority 0 <= candidate's priority 1
2022-10-10 08:39:05,232 [grpc-default-executor-1] INFO  server.RaftServer$Division (RaftServerImpl.java:setRole(299)) - 22afd6e4-8e85-4fe8-a1ff-afcedf5143bf@group-248D4464D7E9: changes role from  FOLLOWER to FOLLOWER at term 6 for candidate:606b3dcd-c583-45a5-a0cf-b179208ecf3f
2022-10-10 08:39:05,232 [grpc-default-executor-1] INFO  impl.RoleInfo (RoleInfo.java:shutdownFollowerState(110)) - 22afd6e4-8e85-4fe8-a1ff-afcedf5143bf: shutdown 22afd6e4-8e85-4fe8-a1ff-afcedf5143bf@group-248D4464D7E9-FollowerState
2022-10-10 08:39:05,233 [grpc-default-executor-3] INFO  server.RaftServer$Division (RaftServerImpl.java:requestVote(1152)) - 589fbfef-7b85-4b40-975b-46e767fe3451@group-248D4464D7E9: receive requestVote(ELECTION, 606b3dcd-c583-45a5-a0cf-b179208ecf3f, group-248D4464D7E9, 6, (t:0, i:0))
2022-10-10 08:39:05,233 [22afd6e4-8e85-4fe8-a1ff-afcedf5143bf@group-248D4464D7E9-FollowerState] INFO  impl.FollowerState (FollowerState.java:run(152)) - 22afd6e4-8e85-4fe8-a1ff-afcedf5143bf@group-248D4464D7E9-FollowerState was interrupted
2022-10-10 08:39:05,233 [grpc-default-executor-1] INFO  impl.RoleInfo (RoleInfo.java:updateAndGet(139)) - 22afd6e4-8e85-4fe8-a1ff-afcedf5143bf: start 22afd6e4-8e85-4fe8-a1ff-afcedf5143bf@group-248D4464D7E9-FollowerState
2022-10-10 08:39:05,234 [grpc-default-executor-3] INFO  impl.VoteContext (VoteContext.java:log(48)) - 589fbfef-7b85-4b40-975b-46e767fe3451@group-248D4464D7E9-CANDIDATE: reject ELECTION from 606b3dcd-c583-45a5-a0cf-b179208ecf3f: already has voted for 589fbfef-7b85-4b40-975b-46e767fe3451 at current term 6
2022-10-10 08:39:05,235 [grpc-default-executor-3] INFO  server.RaftServer$Division (RaftServerImpl.java:requestVote(1184)) - 589fbfef-7b85-4b40-975b-46e767fe3451@group-248D4464D7E9 replies to ELECTION vote request: 606b3dcd-c583-45a5-a0cf-b179208ecf3f<-589fbfef-7b85-4b40-975b-46e767fe3451#0:FAIL-t6. Peer's state: 589fbfef-7b85-4b40-975b-46e767fe3451@group-248D4464D7E9:t6, leader=null, voted=589fbfef-7b85-4b40-975b-46e767fe3451, raftlog=589fbfef-7b85-4b40-975b-46e767fe3451@group-248D4464D7E9-SegmentedRaftLog:OPENED:c-1, conf=-1: [22afd6e4-8e85-4fe8-a1ff-afcedf5143bf|rpc:10.1.0.114:38607|priority:0, 589fbfef-7b85-4b40-975b-46e767fe3451|rpc:10.1.0.114:37327|priority:0, 606b3dcd-c583-45a5-a0cf-b179208ecf3f|rpc:10.1.0.114:39749|priority:1], old=null
2022-10-10 08:39:05,235 [589fbfef-7b85-4b40-975b-46e767fe3451@group-248D4464D7E9-LeaderElection29] INFO  impl.LeaderElection (LeaderElection.java:askForVotes(310)) - 589fbfef-7b85-4b40-975b-46e767fe3451@group-248D4464D7E9-LeaderElection29 ELECTION round 0: submit vote requests at term 6 for -1: [22afd6e4-8e85-4fe8-a1ff-afcedf5143bf|rpc:10.1.0.114:38607|priority:0, 589fbfef-7b85-4b40-975b-46e767fe3451|rpc:10.1.0.114:37327|priority:0, 606b3dcd-c583-45a5-a0cf-b179208ecf3f|rpc:10.1.0.114:39749|priority:1], old=null
2022-10-10 08:39:05,243 [grpc-default-executor-1] INFO  server.RaftServer$Division (RaftServerImpl.java:requestVote(1184)) - 22afd6e4-8e85-4fe8-a1ff-afcedf5143bf@group-248D4464D7E9 replies to ELECTION vote request: 606b3dcd-c583-45a5-a0cf-b179208ecf3f<-22afd6e4-8e85-4fe8-a1ff-afcedf5143bf#0:OK-t6. Peer's state: 22afd6e4-8e85-4fe8-a1ff-afcedf5143bf@group-248D4464D7E9:t6, leader=null, voted=606b3dcd-c583-45a5-a0cf-b179208ecf3f, raftlog=22afd6e4-8e85-4fe8-a1ff-afcedf5143bf@group-248D4464D7E9-SegmentedRaftLog:OPENED:c-1, conf=-1: [22afd6e4-8e85-4fe8-a1ff-afcedf5143bf|rpc:10.1.0.114:38607|dataStream:|priority:0, 589fbfef-7b85-4b40-975b-46e767fe3451|rpc:10.1.0.114:37327|dataStream:|priority:0, 606b3dcd-c583-45a5-a0cf-b179208ecf3f|rpc:10.1.0.114:39749|dataStream:|priority:1], old=null
2022-10-10 08:39:05,261 [grpc-default-executor-1] INFO  server.RaftServer$Division (RaftServerImpl.java:requestVote(1152)) - 22afd6e4-8e85-4fe8-a1ff-afcedf5143bf@group-248D4464D7E9: receive requestVote(ELECTION, 589fbfef-7b85-4b40-975b-46e767fe3451, group-248D4464D7E9, 6, (t:0, i:0))
2022-10-10 08:39:05,261 [grpc-default-executor-1] INFO  impl.VoteContext (VoteContext.java:log(48)) - 22afd6e4-8e85-4fe8-a1ff-afcedf5143bf@group-248D4464D7E9-FOLLOWER: reject ELECTION from 589fbfef-7b85-4b40-975b-46e767fe3451: already has voted for 606b3dcd-c583-45a5-a0cf-b179208ecf3f at current term 6
2022-10-10 08:39:05,261 [grpc-default-executor-1] INFO  server.RaftServer$Division (RaftServerImpl.java:requestVote(1184)) - 22afd6e4-8e85-4fe8-a1ff-afcedf5143bf@group-248D4464D7E9 replies to ELECTION vote request: 589fbfef-7b85-4b40-975b-46e767fe3451<-22afd6e4-8e85-4fe8-a1ff-afcedf5143bf#0:FAIL-t6. Peer's state: 22afd6e4-8e85-4fe8-a1ff-afcedf5143bf@group-248D4464D7E9:t6, leader=null, voted=606b3dcd-c583-45a5-a0cf-b179208ecf3f, raftlog=22afd6e4-8e85-4fe8-a1ff-afcedf5143bf@group-248D4464D7E9-SegmentedRaftLog:OPENED:c-1, conf=-1: [22afd6e4-8e85-4fe8-a1ff-afcedf5143bf|rpc:10.1.0.114:38607|dataStream:|priority:0, 589fbfef-7b85-4b40-975b-46e767fe3451|rpc:10.1.0.114:37327|dataStream:|priority:0, 606b3dcd-c583-45a5-a0cf-b179208ecf3f|rpc:10.1.0.114:39749|dataStream:|priority:1], old=null
2022-10-10 08:39:05,270 [606b3dcd-c583-45a5-a0cf-b179208ecf3f@group-248D4464D7E9-LeaderElection28] INFO  impl.LeaderElection (LeaderElection.java:logAndReturn(90)) - 606b3dcd-c583-45a5-a0cf-b179208ecf3f@group-248D4464D7E9-LeaderElection28: ELECTION PASSED received 1 response(s) and 0 exception(s):
2022-10-10 08:39:05,270 [606b3dcd-c583-45a5-a0cf-b179208ecf3f@group-248D4464D7E9-LeaderElection28] INFO  impl.LeaderElection (LeaderElection.java:logAndReturn(94)) -   Response 0: 606b3dcd-c583-45a5-a0cf-b179208ecf3f<-22afd6e4-8e85-4fe8-a1ff-afcedf5143bf#0:OK-t6
2022-10-10 08:39:05,270 [606b3dcd-c583-45a5-a0cf-b179208ecf3f@group-248D4464D7E9-LeaderElection28] INFO  impl.LeaderElection (LeaderElection.java:askForVotes(312)) - 606b3dcd-c583-45a5-a0cf-b179208ecf3f@group-248D4464D7E9-LeaderElection28 ELECTION round 0: result PASSED
2022-10-10 08:39:05,270 [606b3dcd-c583-45a5-a0cf-b179208ecf3f@group-248D4464D7E9-LeaderElection28] INFO  impl.RoleInfo (RoleInfo.java:shutdownLeaderElection(130)) - 606b3dcd-c583-45a5-a0cf-b179208ecf3f: shutdown 606b3dcd-c583-45a5-a0cf-b179208ecf3f@group-248D4464D7E9-LeaderElection28
2022-10-10 08:39:05,270 [606b3dcd-c583-45a5-a0cf-b179208ecf3f@group-248D4464D7E9-LeaderElection28] INFO  server.RaftServer$Division (RaftServerImpl.java:setRole(299)) - 606b3dcd-c583-45a5-a0cf-b179208ecf3f@group-248D4464D7E9: changes role from CANDIDATE to LEADER at term 6 for changeToLeader
2022-10-10 08:39:05,270 [606b3dcd-c583-45a5-a0cf-b179208ecf3f@group-248D4464D7E9-LeaderElection28] INFO  ratis.XceiverServerRatis (XceiverServerRatis.java:handleLeaderChangedNotification(863)) - Leader change notification received for group: group-248D4464D7E9 with new leaderId: 606b3dcd-c583-45a5-a0cf-b179208ecf3f
2022-10-10 08:39:05,270 [606b3dcd-c583-45a5-a0cf-b179208ecf3f@group-248D4464D7E9-LeaderElection28] INFO  server.RaftServer$Division (ServerState.java:setLeader(287)) - 606b3dcd-c583-45a5-a0cf-b179208ecf3f@group-248D4464D7E9: change Leader from null to 606b3dcd-c583-45a5-a0cf-b179208ecf3f at term 6 for becomeLeader, leader elected after 31066ms
2022-10-10 08:39:05,270 [606b3dcd-c583-45a5-a0cf-b179208ecf3f@group-248D4464D7E9-LeaderElection28] INFO  server.RaftServerConfigKeys (ConfUtils.java:logGet(46)) - raft.server.staging.catchup.gap = 1000 (default)
2022-10-10 08:39:05,271 [606b3dcd-c583-45a5-a0cf-b179208ecf3f@group-248D4464D7E9-LeaderElection28] INFO  server.RaftServerConfigKeys (ConfUtils.java:logGet(46)) - raft.server.write.element-limit = 1024 (custom)
2022-10-10 08:39:05,271 [606b3dcd-c583-45a5-a0cf-b179208ecf3f@group-248D4464D7E9-LeaderElection28] INFO  server.RaftServerConfigKeys (ConfUtils.java:logGet(46)) - raft.server.write.byte-limit = 1024 M (=1073741824) (custom)
2022-10-10 08:39:05,271 [606b3dcd-c583-45a5-a0cf-b179208ecf3f@group-248D4464D7E9-LeaderElection28] INFO  server.RaftServerConfigKeys (ConfUtils.java:logGet(46)) - raft.server.watch.timeout = 180s (custom)
2022-10-10 08:39:05,271 [606b3dcd-c583-45a5-a0cf-b179208ecf3f@group-248D4464D7E9-LeaderElection28] INFO  server.RaftServerConfigKeys (ConfUtils.java:logGet(46)) - raft.server.watch.timeout.denomination = 1s (default)
2022-10-10 08:39:05,271 [606b3dcd-c583-45a5-a0cf-b179208ecf3f@group-248D4464D7E9-LeaderElection28] INFO  server.RaftServerConfigKeys (ConfUtils.java:logGet(46)) - raft.server.watch.element-limit = 65536 (default)
2022-10-10 08:39:05,271 [606b3dcd-c583-45a5-a0cf-b179208ecf3f@group-248D4464D7E9-LeaderElection28] INFO  server.RaftServerConfigKeys (ConfUtils.java:logGet(46)) - raft.server.write.element-limit = 1024 (custom)
2022-10-10 08:39:05,271 [606b3dcd-c583-45a5-a0cf-b179208ecf3f@group-248D4464D7E9-LeaderElection28] INFO  server.RaftServerConfigKeys (ConfUtils.java:logGet(46)) - raft.server.write.follower.gap.ratio.max = -1.0 (default)
2022-10-10 08:39:05,275 [606b3dcd-c583-45a5-a0cf-b179208ecf3f@group-248D4464D7E9-LeaderElection28] INFO  server.RaftServerConfigKeys (ConfUtils.java:logGet(46)) - raft.server.log.appender.snapshot.chunk.size.max = 16MB (=16777216) (default)
2022-10-10 08:39:05,275 [606b3dcd-c583-45a5-a0cf-b179208ecf3f@group-248D4464D7E9-LeaderElection28] INFO  server.RaftServerConfigKeys (ConfUtils.java:logGet(46)) - raft.server.log.appender.buffer.byte-limit = 33554432 (custom)
2022-10-10 08:39:05,275 [606b3dcd-c583-45a5-a0cf-b179208ecf3f@group-248D4464D7E9-LeaderElection28] INFO  server.RaftServerConfigKeys (ConfUtils.java:logGet(46)) - raft.server.log.appender.buffer.element-limit = 1 (custom)
2022-10-10 08:39:05,275 [606b3dcd-c583-45a5-a0cf-b179208ecf3f@group-248D4464D7E9-LeaderElection28] INFO  grpc.GrpcConfigKeys (ConfUtils.java:logGet(46)) - raft.grpc.server.leader.outstanding.appends.max = 128 (default)
2022-10-10 08:39:05,275 [606b3dcd-c583-45a5-a0cf-b179208ecf3f@group-248D4464D7E9-LeaderElection28] INFO  server.RaftServerConfigKeys (ConfUtils.java:logGet(46)) - raft.server.rpc.request.timeout = 60s (custom)
2022-10-10 08:39:05,275 [606b3dcd-c583-45a5-a0cf-b179208ecf3f@group-248D4464D7E9-LeaderElection28] INFO  server.RaftServerConfigKeys (ConfUtils.java:logGet(46)) - raft.server.log.appender.install.snapshot.enabled = false (custom)
2022-10-10 08:39:05,279 [EventQueue-PipelineReportForPipelineReportHandler] INFO  pipeline.PipelineManagerImpl (PipelineManagerImpl.java:openPipeline(367)) - Pipeline Pipeline[ Id: 6ca4c351-3f7a-4379-9057-248d4464d7e9, Nodes: 22afd6e4-8e85-4fe8-a1ff-afcedf5143bf{ip: 10.1.0.114, host: fv-az292-843.tqgtyn10aqxuxoi0mkfbldi5vh.jx.internal.cloudapp.net, ports: [REPLICATION=45351, RATIS=38607, RATIS_ADMIN=38607, RATIS_SERVER=38607, STANDALONE=33239], networkLocation: /default-rack, certSerialId: null, persistedOpState: IN_SERVICE, persistedOpStateExpiryEpochSec: 0}589fbfef-7b85-4b40-975b-46e767fe3451{ip: 10.1.0.114, host: fv-az292-843.tqgtyn10aqxuxoi0mkfbldi5vh.jx.internal.cloudapp.net, ports: [REPLICATION=33681, RATIS=37327, RATIS_ADMIN=37327, RATIS_SERVER=37327, STANDALONE=36059], networkLocation: /default-rack, certSerialId: null, persistedOpState: IN_SERVICE, persistedOpStateExpiryEpochSec: 0}606b3dcd-c583-45a5-a0cf-b179208ecf3f{ip: 10.1.0.114, host: fv-az292-843.tqgtyn10aqxuxoi0mkfbldi5vh.jx.internal.cloudapp.net, ports: [REPLICATION=40645, RATIS=39749, RATIS_ADMIN=39749, RATIS_SERVER=39749, STANDALONE=35307], networkLocation: /default-rack, certSerialId: null, persistedOpState: IN_SERVICE, persistedOpStateExpiryEpochSec: 0}, ReplicationConfig: RATIS/THREE, State:ALLOCATED, leaderId:606b3dcd-c583-45a5-a0cf-b179208ecf3f, CreationTimestamp2022-10-10T08:38:31.843Z[Etc/UTC]] moved to OPEN state
2022-10-10 08:39:05,279 [606b3dcd-c583-45a5-a0cf-b179208ecf3f@group-248D4464D7E9-LeaderElection28] INFO  server.RaftServerConfigKeys (ConfUtils.java:logGet(46)) - raft.server.log.appender.snapshot.chunk.size.max = 16MB (=16777216) (default)
2022-10-10 08:39:05,308 [606b3dcd-c583-45a5-a0cf-b179208ecf3f@group-248D4464D7E9-LeaderElection28] INFO  server.RaftServerConfigKeys (ConfUtils.java:logGet(46)) - raft.server.log.appender.buffer.byte-limit = 33554432 (custom)
2022-10-10 08:39:05,308 [606b3dcd-c583-45a5-a0cf-b179208ecf3f@group-248D4464D7E9-LeaderElection28] INFO  server.RaftServerConfigKeys (ConfUtils.java:logGet(46)) - raft.server.log.appender.buffer.element-limit = 1 (custom)
2022-10-10 08:39:05,308 [606b3dcd-c583-45a5-a0cf-b179208ecf3f@group-248D4464D7E9-LeaderElection28] INFO  grpc.GrpcConfigKeys (ConfUtils.java:logGet(46)) - raft.grpc.server.leader.outstanding.appends.max = 128 (default)
2022-10-10 08:39:05,308 [606b3dcd-c583-45a5-a0cf-b179208ecf3f@group-248D4464D7E9-LeaderElection28] INFO  server.RaftServerConfigKeys (ConfUtils.java:logGet(46)) - raft.server.rpc.request.timeout = 60s (custom)
2022-10-10 08:39:05,308 [606b3dcd-c583-45a5-a0cf-b179208ecf3f@group-248D4464D7E9-LeaderElection28] INFO  server.RaftServerConfigKeys (ConfUtils.java:logGet(46)) - raft.server.log.appender.install.snapshot.enabled = false (custom)
2022-10-10 08:39:05,308 [606b3dcd-c583-45a5-a0cf-b179208ecf3f@group-248D4464D7E9-LeaderElection28] INFO  impl.RoleInfo (RoleInfo.java:updateAndGet(139)) - 606b3dcd-c583-45a5-a0cf-b179208ecf3f: start 606b3dcd-c583-45a5-a0cf-b179208ecf3f@group-248D4464D7E9-LeaderStateImpl
2022-10-10 08:39:05,309 [606b3dcd-c583-45a5-a0cf-b179208ecf3f@group-248D4464D7E9-LeaderElection28] INFO  segmented.SegmentedRaftLogWorker (SegmentedRaftLogWorker.java:startLogSegment(425)) - 606b3dcd-c583-45a5-a0cf-b179208ecf3f@group-248D4464D7E9-SegmentedRaftLogWorker: Starting segment from index:0
2022-10-10 08:39:05,300 [grpc-default-executor-3] INFO  server.RaftServer$Division (RaftServerImpl.java:requestVote(1152)) - 606b3dcd-c583-45a5-a0cf-b179208ecf3f@group-248D4464D7E9: receive requestVote(ELECTION, 589fbfef-7b85-4b40-975b-46e767fe3451, group-248D4464D7E9, 6, (t:0, i:0))
2022-10-10 08:39:05,311 [606b3dcd-c583-45a5-a0cf-b179208ecf3f@group-248D4464D7E9-SegmentedRaftLogWorker] INFO  segmented.SegmentedRaftLogWorker (SegmentedRaftLogWorker.java:execute(629)) - 606b3dcd-c583-45a5-a0cf-b179208ecf3f@group-248D4464D7E9-SegmentedRaftLogWorker: created new log segment /home/runner/work/ozone/ozone/hadoop-ozone/integration-test/target/test-dir/MiniOzoneClusterImpl-48dafe68-2a65-4a21-9ceb-731b54627123/datanode-1/data/ratis/6ca4c351-3f7a-4379-9057-248d4464d7e9/current/log_inprogress_0
2022-10-10 08:39:05,323 [606b3dcd-c583-45a5-a0cf-b179208ecf3f@group-248D4464D7E9-LeaderElection28] INFO  server.RaftServer$Division (ServerState.java:setRaftConf(393)) - 606b3dcd-c583-45a5-a0cf-b179208ecf3f@group-248D4464D7E9: set configuration 0: [22afd6e4-8e85-4fe8-a1ff-afcedf5143bf|rpc:10.1.0.114:38607|dataStream:|priority:0, 589fbfef-7b85-4b40-975b-46e767fe3451|rpc:10.1.0.114:37327|dataStream:|priority:0, 606b3dcd-c583-45a5-a0cf-b179208ecf3f|rpc:10.1.0.114:39749|dataStream:|priority:1], old=null
2022-10-10 08:39:05,345 [grpc-default-executor-3] INFO  impl.VoteContext (VoteContext.java:log(48)) - 606b3dcd-c583-45a5-a0cf-b179208ecf3f@group-248D4464D7E9-LEADER: reject ELECTION from 589fbfef-7b85-4b40-975b-46e767fe3451: already has voted for 606b3dcd-c583-45a5-a0cf-b179208ecf3f at current term 6
2022-10-10 08:39:05,346 [grpc-default-executor-3] INFO  server.RaftServer$Division (RaftServerImpl.java:requestVote(1184)) - 606b3dcd-c583-45a5-a0cf-b179208ecf3f@group-248D4464D7E9 replies to ELECTION vote request: 589fbfef-7b85-4b40-975b-46e767fe3451<-606b3dcd-c583-45a5-a0cf-b179208ecf3f#0:FAIL-t6. Peer's state: 606b3dcd-c583-45a5-a0cf-b179208ecf3f@group-248D4464D7E9:t6, leader=606b3dcd-c583-45a5-a0cf-b179208ecf3f, voted=606b3dcd-c583-45a5-a0cf-b179208ecf3f, raftlog=606b3dcd-c583-45a5-a0cf-b179208ecf3f@group-248D4464D7E9-SegmentedRaftLog:OPENED:c0, conf=0: [22afd6e4-8e85-4fe8-a1ff-afcedf5143bf|rpc:10.1.0.114:38607|dataStream:|priority:0, 589fbfef-7b85-4b40-975b-46e767fe3451|rpc:10.1.0.114:37327|dataStream:|priority:0, 606b3dcd-c583-45a5-a0cf-b179208ecf3f|rpc:10.1.0.114:39749|dataStream:|priority:1], old=null
2022-10-10 08:39:05,347 [589fbfef-7b85-4b40-975b-46e767fe3451@group-248D4464D7E9-LeaderElection29] INFO  impl.LeaderElection (LeaderElection.java:logAndReturn(90)) - 589fbfef-7b85-4b40-975b-46e767fe3451@group-248D4464D7E9-LeaderElection29: ELECTION REJECTED received 2 response(s) and 0 exception(s):
2022-10-10 08:39:05,347 [589fbfef-7b85-4b40-975b-46e767fe3451@group-248D4464D7E9-LeaderElection29] INFO  impl.LeaderElection (LeaderElection.java:logAndReturn(94)) -   Response 0: 589fbfef-7b85-4b40-975b-46e767fe3451<-22afd6e4-8e85-4fe8-a1ff-afcedf5143bf#0:FAIL-t6
2022-10-10 08:39:05,347 [589fbfef-7b85-4b40-975b-46e767fe3451@group-248D4464D7E9-LeaderElection29] INFO  impl.LeaderElection (LeaderElection.java:logAndReturn(94)) -   Response 1: 589fbfef-7b85-4b40-975b-46e767fe3451<-606b3dcd-c583-45a5-a0cf-b179208ecf3f#0:FAIL-t6
2022-10-10 08:39:05,347 [589fbfef-7b85-4b40-975b-46e767fe3451@group-248D4464D7E9-LeaderElection29] INFO  impl.LeaderElection (LeaderElection.java:askForVotes(312)) - 589fbfef-7b85-4b40-975b-46e767fe3451@group-248D4464D7E9-LeaderElection29 ELECTION round 0: result REJECTED
2022-10-10 08:39:05,347 [589fbfef-7b85-4b40-975b-46e767fe3451@group-248D4464D7E9-LeaderElection29] INFO  server.RaftServer$Division (RaftServerImpl.java:setRole(299)) - 589fbfef-7b85-4b40-975b-46e767fe3451@group-248D4464D7E9: changes role from CANDIDATE to FOLLOWER at term 6 for REJECTED
2022-10-10 08:39:05,347 [589fbfef-7b85-4b40-975b-46e767fe3451@group-248D4464D7E9-LeaderElection29] INFO  impl.RoleInfo (RoleInfo.java:shutdownLeaderElection(130)) - 589fbfef-7b85-4b40-975b-46e767fe3451: shutdown 589fbfef-7b85-4b40-975b-46e767fe3451@group-248D4464D7E9-LeaderElection29
2022-10-10 08:39:05,347 [589fbfef-7b85-4b40-975b-46e767fe3451@group-248D4464D7E9-LeaderElection29] INFO  impl.RoleInfo (RoleInfo.java:updateAndGet(139)) - 589fbfef-7b85-4b40-975b-46e767fe3451: start 589fbfef-7b85-4b40-975b-46e767fe3451@group-248D4464D7E9-FollowerState
2022-10-10 08:39:05,415 [22afd6e4-8e85-4fe8-a1ff-afcedf5143bf-server-thread1] INFO  ratis.XceiverServerRatis (XceiverServerRatis.java:handleLeaderChangedNotification(863)) - Leader change notification received for group: group-248D4464D7E9 with new leaderId: 606b3dcd-c583-45a5-a0cf-b179208ecf3f
2022-10-10 08:39:05,415 [22afd6e4-8e85-4fe8-a1ff-afcedf5143bf-server-thread1] INFO  server.RaftServer$Division (ServerState.java:setLeader(287)) - 22afd6e4-8e85-4fe8-a1ff-afcedf5143bf@group-248D4464D7E9: change Leader from null to 606b3dcd-c583-45a5-a0cf-b179208ecf3f at term 6 for appendEntries, leader elected after 31303ms
2022-10-10 08:39:05,416 [589fbfef-7b85-4b40-975b-46e767fe3451-server-thread1] INFO  ratis.XceiverServerRatis (XceiverServerRatis.java:handleLeaderChangedNotification(863)) - Leader change notification received for group: group-248D4464D7E9 with new leaderId: 606b3dcd-c583-45a5-a0cf-b179208ecf3f
2022-10-10 08:39:05,416 [589fbfef-7b85-4b40-975b-46e767fe3451-server-thread1] INFO  server.RaftServer$Division (ServerState.java:setLeader(287)) - 589fbfef-7b85-4b40-975b-46e767fe3451@group-248D4464D7E9: change Leader from null to 606b3dcd-c583-45a5-a0cf-b179208ecf3f at term 6 for appendEntries, leader elected after 31377ms
2022-10-10 08:39:05,417 [22afd6e4-8e85-4fe8-a1ff-afcedf5143bf-server-thread1] INFO  server.RaftServer$Division (ServerState.java:setRaftConf(393)) - 22afd6e4-8e85-4fe8-a1ff-afcedf5143bf@group-248D4464D7E9: set configuration 0: [22afd6e4-8e85-4fe8-a1ff-afcedf5143bf|rpc:10.1.0.114:38607|dataStream:|priority:0, 589fbfef-7b85-4b40-975b-46e767fe3451|rpc:10.1.0.114:37327|dataStream:|priority:0, 606b3dcd-c583-45a5-a0cf-b179208ecf3f|rpc:10.1.0.114:39749|dataStream:|priority:1], old=null
2022-10-10 08:39:05,417 [22afd6e4-8e85-4fe8-a1ff-afcedf5143bf-server-thread1] INFO  segmented.SegmentedRaftLogWorker (SegmentedRaftLogWorker.java:startLogSegment(425)) - 22afd6e4-8e85-4fe8-a1ff-afcedf5143bf@group-248D4464D7E9-SegmentedRaftLogWorker: Starting segment from index:0
2022-10-10 08:39:05,428 [589fbfef-7b85-4b40-975b-46e767fe3451-server-thread1] INFO  server.RaftServer$Division (ServerState.java:setRaftConf(393)) - 589fbfef-7b85-4b40-975b-46e767fe3451@group-248D4464D7E9: set configuration 0: [22afd6e4-8e85-4fe8-a1ff-afcedf5143bf|rpc:10.1.0.114:38607|dataStream:|priority:0, 589fbfef-7b85-4b40-975b-46e767fe3451|rpc:10.1.0.114:37327|dataStream:|priority:0, 606b3dcd-c583-45a5-a0cf-b179208ecf3f|rpc:10.1.0.114:39749|dataStream:|priority:1], old=null
2022-10-10 08:39:05,429 [589fbfef-7b85-4b40-975b-46e767fe3451-server-thread1] INFO  segmented.SegmentedRaftLogWorker (SegmentedRaftLogWorker.java:startLogSegment(425)) - 589fbfef-7b85-4b40-975b-46e767fe3451@group-248D4464D7E9-SegmentedRaftLogWorker: Starting segment from index:0
2022-10-10 08:39:05,430 [22afd6e4-8e85-4fe8-a1ff-afcedf5143bf@group-248D4464D7E9-SegmentedRaftLogWorker] INFO  segmented.SegmentedRaftLogWorker (SegmentedRaftLogWorker.java:execute(629)) - 22afd6e4-8e85-4fe8-a1ff-afcedf5143bf@group-248D4464D7E9-SegmentedRaftLogWorker: created new log segment /home/runner/work/ozone/ozone/hadoop-ozone/integration-test/target/test-dir/MiniOzoneClusterImpl-48dafe68-2a65-4a21-9ceb-731b54627123/datanode-2/data/ratis/6ca4c351-3f7a-4379-9057-248d4464d7e9/current/log_inprogress_0
2022-10-10 08:39:05,466 [589fbfef-7b85-4b40-975b-46e767fe3451@group-248D4464D7E9-SegmentedRaftLogWorker] INFO  segmented.SegmentedRaftLogWorker (SegmentedRaftLogWorker.java:execute(629)) - 589fbfef-7b85-4b40-975b-46e767fe3451@group-248D4464D7E9-SegmentedRaftLogWorker: created new log segment /home/runner/work/ozone/ozone/hadoop-ozone/integration-test/target/test-dir/MiniOzoneClusterImpl-48dafe68-2a65-4a21-9ceb-731b54627123/datanode-0/data/ratis/6ca4c351-3f7a-4379-9057-248d4464d7e9/current/log_inprogress_0
]]></system-out>
  </testcase>
  <testcase name="testListStatusIteratorOnPageSize" classname="TestOzoneFileSystem" time="50.971">
    <system-out><![CDATA[2022-10-10 08:40:28,954 [Over Replicated Processor] INFO  replication.OverReplicatedProcessor (OverReplicatedProcessor.java:processAll(90)) - Processed 0 over replicated containers, failed processing 0
2022-10-10 08:40:28,955 [Under Replicated Processor] INFO  replication.UnderReplicatedProcessor (UnderReplicatedProcessor.java:processAll(92)) - Processed 0 under replicated containers, failed processing 0
2022-10-10 08:40:30,813 [1a566261-beec-4fd1-be7c-d2e6de257968@group-E6C73168D3C7-FollowerState] INFO  impl.FollowerState (FollowerState.java:run(143)) - 1a566261-beec-4fd1-be7c-d2e6de257968@group-E6C73168D3C7-FollowerState: change to CANDIDATE, lastRpcElapsedTime:5008420437ns, electionTimeout:5008ms
2022-10-10 08:40:30,813 [1a566261-beec-4fd1-be7c-d2e6de257968@group-E6C73168D3C7-FollowerState] INFO  impl.RoleInfo (RoleInfo.java:shutdownFollowerState(110)) - 1a566261-beec-4fd1-be7c-d2e6de257968: shutdown 1a566261-beec-4fd1-be7c-d2e6de257968@group-E6C73168D3C7-FollowerState
2022-10-10 08:40:30,813 [1a566261-beec-4fd1-be7c-d2e6de257968@group-E6C73168D3C7-FollowerState] INFO  server.RaftServer$Division (RaftServerImpl.java:setRole(299)) - 1a566261-beec-4fd1-be7c-d2e6de257968@group-E6C73168D3C7: changes role from  FOLLOWER to CANDIDATE at term 3 for changeToCandidate
2022-10-10 08:40:30,814 [1a566261-beec-4fd1-be7c-d2e6de257968@group-E6C73168D3C7-FollowerState] INFO  server.RaftServerConfigKeys (ConfUtils.java:logGet(46)) - raft.server.leaderelection.pre-vote = false (custom)
2022-10-10 08:40:30,814 [1a566261-beec-4fd1-be7c-d2e6de257968@group-E6C73168D3C7-FollowerState] INFO  impl.RoleInfo (RoleInfo.java:updateAndGet(139)) - 1a566261-beec-4fd1-be7c-d2e6de257968: start 1a566261-beec-4fd1-be7c-d2e6de257968@group-E6C73168D3C7-LeaderElection47
2022-10-10 08:40:30,831 [1a566261-beec-4fd1-be7c-d2e6de257968@group-E6C73168D3C7-LeaderElection47] INFO  impl.LeaderElection (LeaderElection.java:askForVotes(310)) - 1a566261-beec-4fd1-be7c-d2e6de257968@group-E6C73168D3C7-LeaderElection47 ELECTION round 0: submit vote requests at term 4 for -1: [df95c109-086c-4fdb-bc2f-e7a3020caa9e|rpc:10.1.0.114:37403|priority:0, 2505bfdb-a405-42b6-a08f-f2b9b27cb3cf|rpc:10.1.0.114:44113|priority:1, 1a566261-beec-4fd1-be7c-d2e6de257968|rpc:10.1.0.114:43815|priority:0], old=null
2022-10-10 08:40:30,846 [df95c109-086c-4fdb-bc2f-e7a3020caa9e@group-E6C73168D3C7-FollowerState] INFO  impl.FollowerState (FollowerState.java:run(143)) - df95c109-086c-4fdb-bc2f-e7a3020caa9e@group-E6C73168D3C7-FollowerState: change to CANDIDATE, lastRpcElapsedTime:5105383934ns, electionTimeout:5065ms
2022-10-10 08:40:30,846 [df95c109-086c-4fdb-bc2f-e7a3020caa9e@group-E6C73168D3C7-FollowerState] INFO  impl.RoleInfo (RoleInfo.java:shutdownFollowerState(110)) - df95c109-086c-4fdb-bc2f-e7a3020caa9e: shutdown df95c109-086c-4fdb-bc2f-e7a3020caa9e@group-E6C73168D3C7-FollowerState
2022-10-10 08:40:30,846 [df95c109-086c-4fdb-bc2f-e7a3020caa9e@group-E6C73168D3C7-FollowerState] INFO  server.RaftServer$Division (RaftServerImpl.java:setRole(299)) - df95c109-086c-4fdb-bc2f-e7a3020caa9e@group-E6C73168D3C7: changes role from  FOLLOWER to CANDIDATE at term 3 for changeToCandidate
2022-10-10 08:40:30,856 [df95c109-086c-4fdb-bc2f-e7a3020caa9e@group-E6C73168D3C7-FollowerState] INFO  server.RaftServerConfigKeys (ConfUtils.java:logGet(46)) - raft.server.leaderelection.pre-vote = false (custom)
2022-10-10 08:40:30,856 [df95c109-086c-4fdb-bc2f-e7a3020caa9e@group-E6C73168D3C7-FollowerState] INFO  impl.RoleInfo (RoleInfo.java:updateAndGet(139)) - df95c109-086c-4fdb-bc2f-e7a3020caa9e: start df95c109-086c-4fdb-bc2f-e7a3020caa9e@group-E6C73168D3C7-LeaderElection48
2022-10-10 08:40:30,894 [grpc-default-executor-0] INFO  server.RaftServer$Division (RaftServerImpl.java:requestVote(1152)) - df95c109-086c-4fdb-bc2f-e7a3020caa9e@group-E6C73168D3C7: receive requestVote(ELECTION, 1a566261-beec-4fd1-be7c-d2e6de257968, group-E6C73168D3C7, 4, (t:0, i:0))
2022-10-10 08:40:30,894 [grpc-default-executor-0] INFO  impl.VoteContext (VoteContext.java:log(48)) - df95c109-086c-4fdb-bc2f-e7a3020caa9e@group-E6C73168D3C7-CANDIDATE: accept ELECTION from 1a566261-beec-4fd1-be7c-d2e6de257968: our priority 0 <= candidate's priority 0
2022-10-10 08:40:30,894 [grpc-default-executor-0] INFO  server.RaftServer$Division (RaftServerImpl.java:setRole(299)) - df95c109-086c-4fdb-bc2f-e7a3020caa9e@group-E6C73168D3C7: changes role from CANDIDATE to FOLLOWER at term 4 for candidate:1a566261-beec-4fd1-be7c-d2e6de257968
2022-10-10 08:40:30,894 [grpc-default-executor-0] INFO  impl.RoleInfo (RoleInfo.java:shutdownLeaderElection(130)) - df95c109-086c-4fdb-bc2f-e7a3020caa9e: shutdown df95c109-086c-4fdb-bc2f-e7a3020caa9e@group-E6C73168D3C7-LeaderElection48
2022-10-10 08:40:30,894 [grpc-default-executor-0] INFO  impl.RoleInfo (RoleInfo.java:updateAndGet(139)) - df95c109-086c-4fdb-bc2f-e7a3020caa9e: start df95c109-086c-4fdb-bc2f-e7a3020caa9e@group-E6C73168D3C7-FollowerState
2022-10-10 08:40:30,894 [grpc-default-executor-1] INFO  server.RaftServer$Division (RaftServerImpl.java:requestVote(1152)) - 2505bfdb-a405-42b6-a08f-f2b9b27cb3cf@group-E6C73168D3C7: receive requestVote(ELECTION, 1a566261-beec-4fd1-be7c-d2e6de257968, group-E6C73168D3C7, 4, (t:0, i:0))
2022-10-10 08:40:30,894 [grpc-default-executor-1] INFO  impl.VoteContext (VoteContext.java:log(48)) - 2505bfdb-a405-42b6-a08f-f2b9b27cb3cf@group-E6C73168D3C7-FOLLOWER: reject ELECTION from 1a566261-beec-4fd1-be7c-d2e6de257968: our priority 1 > candidate's priority 0
2022-10-10 08:40:30,894 [grpc-default-executor-1] INFO  server.RaftServer$Division (RaftServerImpl.java:setRole(299)) - 2505bfdb-a405-42b6-a08f-f2b9b27cb3cf@group-E6C73168D3C7: changes role from  FOLLOWER to FOLLOWER at term 4 for candidate:1a566261-beec-4fd1-be7c-d2e6de257968
2022-10-10 08:40:30,895 [grpc-default-executor-1] INFO  impl.RoleInfo (RoleInfo.java:shutdownFollowerState(110)) - 2505bfdb-a405-42b6-a08f-f2b9b27cb3cf: shutdown 2505bfdb-a405-42b6-a08f-f2b9b27cb3cf@group-E6C73168D3C7-FollowerState
2022-10-10 08:40:30,902 [grpc-default-executor-0] INFO  server.RaftServer$Division (RaftServerImpl.java:requestVote(1184)) - df95c109-086c-4fdb-bc2f-e7a3020caa9e@group-E6C73168D3C7 replies to ELECTION vote request: 1a566261-beec-4fd1-be7c-d2e6de257968<-df95c109-086c-4fdb-bc2f-e7a3020caa9e#0:OK-t4. Peer's state: df95c109-086c-4fdb-bc2f-e7a3020caa9e@group-E6C73168D3C7:t4, leader=null, voted=1a566261-beec-4fd1-be7c-d2e6de257968, raftlog=df95c109-086c-4fdb-bc2f-e7a3020caa9e@group-E6C73168D3C7-SegmentedRaftLog:OPENED:c-1, conf=-1: [df95c109-086c-4fdb-bc2f-e7a3020caa9e|rpc:10.1.0.114:37403|dataStream:|priority:0, 2505bfdb-a405-42b6-a08f-f2b9b27cb3cf|rpc:10.1.0.114:44113|dataStream:|priority:1, 1a566261-beec-4fd1-be7c-d2e6de257968|rpc:10.1.0.114:43815|dataStream:|priority:0], old=null
2022-10-10 08:40:30,904 [df95c109-086c-4fdb-bc2f-e7a3020caa9e@group-E6C73168D3C7-LeaderElection48] INFO  impl.LeaderElection (LeaderElection.java:run(231)) - df95c109-086c-4fdb-bc2f-e7a3020caa9e@group-E6C73168D3C7-LeaderElection48: skip running since this is already CLOSING
2022-10-10 08:40:30,905 [grpc-default-executor-1] INFO  impl.RoleInfo (RoleInfo.java:updateAndGet(139)) - 2505bfdb-a405-42b6-a08f-f2b9b27cb3cf: start 2505bfdb-a405-42b6-a08f-f2b9b27cb3cf@group-E6C73168D3C7-FollowerState
2022-10-10 08:40:30,905 [2505bfdb-a405-42b6-a08f-f2b9b27cb3cf@group-E6C73168D3C7-FollowerState] INFO  impl.FollowerState (FollowerState.java:run(152)) - 2505bfdb-a405-42b6-a08f-f2b9b27cb3cf@group-E6C73168D3C7-FollowerState was interrupted
2022-10-10 08:40:30,906 [grpc-default-executor-1] INFO  server.RaftServer$Division (RaftServerImpl.java:requestVote(1184)) - 2505bfdb-a405-42b6-a08f-f2b9b27cb3cf@group-E6C73168D3C7 replies to ELECTION vote request: 1a566261-beec-4fd1-be7c-d2e6de257968<-2505bfdb-a405-42b6-a08f-f2b9b27cb3cf#0:FAIL-t4. Peer's state: 2505bfdb-a405-42b6-a08f-f2b9b27cb3cf@group-E6C73168D3C7:t4, leader=null, voted=null, raftlog=2505bfdb-a405-42b6-a08f-f2b9b27cb3cf@group-E6C73168D3C7-SegmentedRaftLog:OPENED:c-1, conf=-1: [df95c109-086c-4fdb-bc2f-e7a3020caa9e|rpc:10.1.0.114:37403|dataStream:|priority:0, 2505bfdb-a405-42b6-a08f-f2b9b27cb3cf|rpc:10.1.0.114:44113|dataStream:|priority:1, 1a566261-beec-4fd1-be7c-d2e6de257968|rpc:10.1.0.114:43815|dataStream:|priority:0], old=null
2022-10-10 08:40:30,907 [1a566261-beec-4fd1-be7c-d2e6de257968@group-E6C73168D3C7-LeaderElection47] INFO  impl.LeaderElection (LeaderElection.java:logAndReturn(90)) - 1a566261-beec-4fd1-be7c-d2e6de257968@group-E6C73168D3C7-LeaderElection47: ELECTION REJECTED received 2 response(s) and 0 exception(s):
2022-10-10 08:40:30,907 [1a566261-beec-4fd1-be7c-d2e6de257968@group-E6C73168D3C7-LeaderElection47] INFO  impl.LeaderElection (LeaderElection.java:logAndReturn(94)) -   Response 0: 1a566261-beec-4fd1-be7c-d2e6de257968<-df95c109-086c-4fdb-bc2f-e7a3020caa9e#0:OK-t4
2022-10-10 08:40:30,907 [1a566261-beec-4fd1-be7c-d2e6de257968@group-E6C73168D3C7-LeaderElection47] INFO  impl.LeaderElection (LeaderElection.java:logAndReturn(94)) -   Response 1: 1a566261-beec-4fd1-be7c-d2e6de257968<-2505bfdb-a405-42b6-a08f-f2b9b27cb3cf#0:FAIL-t4
2022-10-10 08:40:30,907 [1a566261-beec-4fd1-be7c-d2e6de257968@group-E6C73168D3C7-LeaderElection47] INFO  impl.LeaderElection (LeaderElection.java:askForVotes(312)) - 1a566261-beec-4fd1-be7c-d2e6de257968@group-E6C73168D3C7-LeaderElection47 ELECTION round 0: result REJECTED
2022-10-10 08:40:30,908 [1a566261-beec-4fd1-be7c-d2e6de257968@group-E6C73168D3C7-LeaderElection47] INFO  server.RaftServer$Division (RaftServerImpl.java:setRole(299)) - 1a566261-beec-4fd1-be7c-d2e6de257968@group-E6C73168D3C7: changes role from CANDIDATE to FOLLOWER at term 4 for REJECTED
2022-10-10 08:40:30,908 [1a566261-beec-4fd1-be7c-d2e6de257968@group-E6C73168D3C7-LeaderElection47] INFO  impl.RoleInfo (RoleInfo.java:shutdownLeaderElection(130)) - 1a566261-beec-4fd1-be7c-d2e6de257968: shutdown 1a566261-beec-4fd1-be7c-d2e6de257968@group-E6C73168D3C7-LeaderElection47
2022-10-10 08:40:30,908 [1a566261-beec-4fd1-be7c-d2e6de257968@group-E6C73168D3C7-LeaderElection47] INFO  impl.RoleInfo (RoleInfo.java:updateAndGet(139)) - 1a566261-beec-4fd1-be7c-d2e6de257968: start 1a566261-beec-4fd1-be7c-d2e6de257968@group-E6C73168D3C7-FollowerState
2022-10-10 08:40:35,962 [1a566261-beec-4fd1-be7c-d2e6de257968@group-E6C73168D3C7-FollowerState] INFO  impl.FollowerState (FollowerState.java:run(143)) - 1a566261-beec-4fd1-be7c-d2e6de257968@group-E6C73168D3C7-FollowerState: change to CANDIDATE, lastRpcElapsedTime:5054156983ns, electionTimeout:5049ms
2022-10-10 08:40:35,962 [1a566261-beec-4fd1-be7c-d2e6de257968@group-E6C73168D3C7-FollowerState] INFO  impl.RoleInfo (RoleInfo.java:shutdownFollowerState(110)) - 1a566261-beec-4fd1-be7c-d2e6de257968: shutdown 1a566261-beec-4fd1-be7c-d2e6de257968@group-E6C73168D3C7-FollowerState
2022-10-10 08:40:35,962 [1a566261-beec-4fd1-be7c-d2e6de257968@group-E6C73168D3C7-FollowerState] INFO  server.RaftServer$Division (RaftServerImpl.java:setRole(299)) - 1a566261-beec-4fd1-be7c-d2e6de257968@group-E6C73168D3C7: changes role from  FOLLOWER to CANDIDATE at term 4 for changeToCandidate
2022-10-10 08:40:35,962 [1a566261-beec-4fd1-be7c-d2e6de257968@group-E6C73168D3C7-FollowerState] INFO  server.RaftServerConfigKeys (ConfUtils.java:logGet(46)) - raft.server.leaderelection.pre-vote = false (custom)
2022-10-10 08:40:35,962 [1a566261-beec-4fd1-be7c-d2e6de257968@group-E6C73168D3C7-FollowerState] INFO  impl.RoleInfo (RoleInfo.java:updateAndGet(139)) - 1a566261-beec-4fd1-be7c-d2e6de257968: start 1a566261-beec-4fd1-be7c-d2e6de257968@group-E6C73168D3C7-LeaderElection49
2022-10-10 08:40:36,026 [2505bfdb-a405-42b6-a08f-f2b9b27cb3cf@group-E6C73168D3C7-FollowerState] INFO  impl.FollowerState (FollowerState.java:run(143)) - 2505bfdb-a405-42b6-a08f-f2b9b27cb3cf@group-E6C73168D3C7-FollowerState: change to CANDIDATE, lastRpcElapsedTime:5121091744ns, electionTimeout:5120ms
2022-10-10 08:40:36,026 [2505bfdb-a405-42b6-a08f-f2b9b27cb3cf@group-E6C73168D3C7-FollowerState] INFO  impl.RoleInfo (RoleInfo.java:shutdownFollowerState(110)) - 2505bfdb-a405-42b6-a08f-f2b9b27cb3cf: shutdown 2505bfdb-a405-42b6-a08f-f2b9b27cb3cf@group-E6C73168D3C7-FollowerState
2022-10-10 08:40:36,027 [2505bfdb-a405-42b6-a08f-f2b9b27cb3cf@group-E6C73168D3C7-FollowerState] INFO  server.RaftServer$Division (RaftServerImpl.java:setRole(299)) - 2505bfdb-a405-42b6-a08f-f2b9b27cb3cf@group-E6C73168D3C7: changes role from  FOLLOWER to CANDIDATE at term 4 for changeToCandidate
2022-10-10 08:40:36,027 [2505bfdb-a405-42b6-a08f-f2b9b27cb3cf@group-E6C73168D3C7-FollowerState] INFO  server.RaftServerConfigKeys (ConfUtils.java:logGet(46)) - raft.server.leaderelection.pre-vote = false (custom)
2022-10-10 08:40:36,027 [2505bfdb-a405-42b6-a08f-f2b9b27cb3cf@group-E6C73168D3C7-FollowerState] INFO  impl.RoleInfo (RoleInfo.java:updateAndGet(139)) - 2505bfdb-a405-42b6-a08f-f2b9b27cb3cf: start 2505bfdb-a405-42b6-a08f-f2b9b27cb3cf@group-E6C73168D3C7-LeaderElection50
2022-10-10 08:40:36,055 [1a566261-beec-4fd1-be7c-d2e6de257968@group-E6C73168D3C7-LeaderElection49] INFO  impl.LeaderElection (LeaderElection.java:askForVotes(310)) - 1a566261-beec-4fd1-be7c-d2e6de257968@group-E6C73168D3C7-LeaderElection49 ELECTION round 0: submit vote requests at term 5 for -1: [df95c109-086c-4fdb-bc2f-e7a3020caa9e|rpc:10.1.0.114:37403|priority:0, 2505bfdb-a405-42b6-a08f-f2b9b27cb3cf|rpc:10.1.0.114:44113|priority:1, 1a566261-beec-4fd1-be7c-d2e6de257968|rpc:10.1.0.114:43815|priority:0], old=null
2022-10-10 08:40:36,086 [2505bfdb-a405-42b6-a08f-f2b9b27cb3cf@group-E6C73168D3C7-LeaderElection50] INFO  impl.LeaderElection (LeaderElection.java:askForVotes(310)) - 2505bfdb-a405-42b6-a08f-f2b9b27cb3cf@group-E6C73168D3C7-LeaderElection50 ELECTION round 0: submit vote requests at term 5 for -1: [df95c109-086c-4fdb-bc2f-e7a3020caa9e|rpc:10.1.0.114:37403|dataStream:|priority:0, 2505bfdb-a405-42b6-a08f-f2b9b27cb3cf|rpc:10.1.0.114:44113|dataStream:|priority:1, 1a566261-beec-4fd1-be7c-d2e6de257968|rpc:10.1.0.114:43815|dataStream:|priority:0], old=null
2022-10-10 08:40:36,130 [grpc-default-executor-1] INFO  server.RaftServer$Division (RaftServerImpl.java:requestVote(1152)) - df95c109-086c-4fdb-bc2f-e7a3020caa9e@group-E6C73168D3C7: receive requestVote(ELECTION, 1a566261-beec-4fd1-be7c-d2e6de257968, group-E6C73168D3C7, 5, (t:0, i:0))
2022-10-10 08:40:36,130 [grpc-default-executor-1] INFO  impl.VoteContext (VoteContext.java:log(48)) - df95c109-086c-4fdb-bc2f-e7a3020caa9e@group-E6C73168D3C7-FOLLOWER: accept ELECTION from 1a566261-beec-4fd1-be7c-d2e6de257968: our priority 0 <= candidate's priority 0
2022-10-10 08:40:36,130 [grpc-default-executor-1] INFO  server.RaftServer$Division (RaftServerImpl.java:setRole(299)) - df95c109-086c-4fdb-bc2f-e7a3020caa9e@group-E6C73168D3C7: changes role from  FOLLOWER to FOLLOWER at term 5 for candidate:1a566261-beec-4fd1-be7c-d2e6de257968
2022-10-10 08:40:36,130 [grpc-default-executor-1] INFO  impl.RoleInfo (RoleInfo.java:shutdownFollowerState(110)) - df95c109-086c-4fdb-bc2f-e7a3020caa9e: shutdown df95c109-086c-4fdb-bc2f-e7a3020caa9e@group-E6C73168D3C7-FollowerState
2022-10-10 08:40:36,130 [grpc-default-executor-1] INFO  impl.RoleInfo (RoleInfo.java:updateAndGet(139)) - df95c109-086c-4fdb-bc2f-e7a3020caa9e: start df95c109-086c-4fdb-bc2f-e7a3020caa9e@group-E6C73168D3C7-FollowerState
2022-10-10 08:40:36,130 [df95c109-086c-4fdb-bc2f-e7a3020caa9e@group-E6C73168D3C7-FollowerState] INFO  impl.FollowerState (FollowerState.java:run(152)) - df95c109-086c-4fdb-bc2f-e7a3020caa9e@group-E6C73168D3C7-FollowerState was interrupted
2022-10-10 08:40:36,130 [grpc-default-executor-0] INFO  server.RaftServer$Division (RaftServerImpl.java:requestVote(1152)) - 2505bfdb-a405-42b6-a08f-f2b9b27cb3cf@group-E6C73168D3C7: receive requestVote(ELECTION, 1a566261-beec-4fd1-be7c-d2e6de257968, group-E6C73168D3C7, 5, (t:0, i:0))
2022-10-10 08:40:36,131 [grpc-default-executor-0] INFO  impl.VoteContext (VoteContext.java:log(48)) - 2505bfdb-a405-42b6-a08f-f2b9b27cb3cf@group-E6C73168D3C7-CANDIDATE: reject ELECTION from 1a566261-beec-4fd1-be7c-d2e6de257968: already has voted for 2505bfdb-a405-42b6-a08f-f2b9b27cb3cf at current term 5
2022-10-10 08:40:36,131 [grpc-default-executor-0] INFO  server.RaftServer$Division (RaftServerImpl.java:requestVote(1184)) - 2505bfdb-a405-42b6-a08f-f2b9b27cb3cf@group-E6C73168D3C7 replies to ELECTION vote request: 1a566261-beec-4fd1-be7c-d2e6de257968<-2505bfdb-a405-42b6-a08f-f2b9b27cb3cf#0:FAIL-t5. Peer's state: 2505bfdb-a405-42b6-a08f-f2b9b27cb3cf@group-E6C73168D3C7:t5, leader=null, voted=2505bfdb-a405-42b6-a08f-f2b9b27cb3cf, raftlog=2505bfdb-a405-42b6-a08f-f2b9b27cb3cf@group-E6C73168D3C7-SegmentedRaftLog:OPENED:c-1, conf=-1: [df95c109-086c-4fdb-bc2f-e7a3020caa9e|rpc:10.1.0.114:37403|dataStream:|priority:0, 2505bfdb-a405-42b6-a08f-f2b9b27cb3cf|rpc:10.1.0.114:44113|dataStream:|priority:1, 1a566261-beec-4fd1-be7c-d2e6de257968|rpc:10.1.0.114:43815|dataStream:|priority:0], old=null
2022-10-10 08:40:36,141 [1a566261-beec-4fd1-be7c-d2e6de257968@group-E6C73168D3C7-LeaderElection49] INFO  impl.LeaderElection (LeaderElection.java:logAndReturn(90)) - 1a566261-beec-4fd1-be7c-d2e6de257968@group-E6C73168D3C7-LeaderElection49: ELECTION REJECTED received 1 response(s) and 0 exception(s):
2022-10-10 08:40:36,141 [1a566261-beec-4fd1-be7c-d2e6de257968@group-E6C73168D3C7-LeaderElection49] INFO  impl.LeaderElection (LeaderElection.java:logAndReturn(94)) -   Response 0: 1a566261-beec-4fd1-be7c-d2e6de257968<-2505bfdb-a405-42b6-a08f-f2b9b27cb3cf#0:FAIL-t5
2022-10-10 08:40:36,141 [1a566261-beec-4fd1-be7c-d2e6de257968@group-E6C73168D3C7-LeaderElection49] INFO  impl.LeaderElection (LeaderElection.java:askForVotes(312)) - 1a566261-beec-4fd1-be7c-d2e6de257968@group-E6C73168D3C7-LeaderElection49 ELECTION round 0: result REJECTED
2022-10-10 08:40:36,141 [1a566261-beec-4fd1-be7c-d2e6de257968@group-E6C73168D3C7-LeaderElection49] INFO  server.RaftServer$Division (RaftServerImpl.java:setRole(299)) - 1a566261-beec-4fd1-be7c-d2e6de257968@group-E6C73168D3C7: changes role from CANDIDATE to FOLLOWER at term 5 for REJECTED
2022-10-10 08:40:36,141 [1a566261-beec-4fd1-be7c-d2e6de257968@group-E6C73168D3C7-LeaderElection49] INFO  impl.RoleInfo (RoleInfo.java:shutdownLeaderElection(130)) - 1a566261-beec-4fd1-be7c-d2e6de257968: shutdown 1a566261-beec-4fd1-be7c-d2e6de257968@group-E6C73168D3C7-LeaderElection49
2022-10-10 08:40:36,141 [1a566261-beec-4fd1-be7c-d2e6de257968@group-E6C73168D3C7-LeaderElection49] INFO  impl.RoleInfo (RoleInfo.java:updateAndGet(139)) - 1a566261-beec-4fd1-be7c-d2e6de257968: start 1a566261-beec-4fd1-be7c-d2e6de257968@group-E6C73168D3C7-FollowerState
2022-10-10 08:40:36,143 [grpc-default-executor-1] INFO  server.RaftServer$Division (RaftServerImpl.java:requestVote(1184)) - df95c109-086c-4fdb-bc2f-e7a3020caa9e@group-E6C73168D3C7 replies to ELECTION vote request: 1a566261-beec-4fd1-be7c-d2e6de257968<-df95c109-086c-4fdb-bc2f-e7a3020caa9e#0:OK-t5. Peer's state: df95c109-086c-4fdb-bc2f-e7a3020caa9e@group-E6C73168D3C7:t5, leader=null, voted=1a566261-beec-4fd1-be7c-d2e6de257968, raftlog=df95c109-086c-4fdb-bc2f-e7a3020caa9e@group-E6C73168D3C7-SegmentedRaftLog:OPENED:c-1, conf=-1: [df95c109-086c-4fdb-bc2f-e7a3020caa9e|rpc:10.1.0.114:37403|dataStream:|priority:0, 2505bfdb-a405-42b6-a08f-f2b9b27cb3cf|rpc:10.1.0.114:44113|dataStream:|priority:1, 1a566261-beec-4fd1-be7c-d2e6de257968|rpc:10.1.0.114:43815|dataStream:|priority:0], old=null
2022-10-10 08:40:36,241 [grpc-default-executor-0] INFO  server.RaftServer$Division (RaftServerImpl.java:requestVote(1152)) - 1a566261-beec-4fd1-be7c-d2e6de257968@group-E6C73168D3C7: receive requestVote(ELECTION, 2505bfdb-a405-42b6-a08f-f2b9b27cb3cf, group-E6C73168D3C7, 5, (t:0, i:0))
2022-10-10 08:40:36,241 [grpc-default-executor-0] INFO  impl.VoteContext (VoteContext.java:log(48)) - 1a566261-beec-4fd1-be7c-d2e6de257968@group-E6C73168D3C7-FOLLOWER: reject ELECTION from 2505bfdb-a405-42b6-a08f-f2b9b27cb3cf: already has voted for 1a566261-beec-4fd1-be7c-d2e6de257968 at current term 5
2022-10-10 08:40:36,242 [grpc-default-executor-0] INFO  server.RaftServer$Division (RaftServerImpl.java:requestVote(1184)) - 1a566261-beec-4fd1-be7c-d2e6de257968@group-E6C73168D3C7 replies to ELECTION vote request: 2505bfdb-a405-42b6-a08f-f2b9b27cb3cf<-1a566261-beec-4fd1-be7c-d2e6de257968#0:FAIL-t5. Peer's state: 1a566261-beec-4fd1-be7c-d2e6de257968@group-E6C73168D3C7:t5, leader=null, voted=1a566261-beec-4fd1-be7c-d2e6de257968, raftlog=1a566261-beec-4fd1-be7c-d2e6de257968@group-E6C73168D3C7-SegmentedRaftLog:OPENED:c-1, conf=-1: [df95c109-086c-4fdb-bc2f-e7a3020caa9e|rpc:10.1.0.114:37403|priority:0, 2505bfdb-a405-42b6-a08f-f2b9b27cb3cf|rpc:10.1.0.114:44113|priority:1, 1a566261-beec-4fd1-be7c-d2e6de257968|rpc:10.1.0.114:43815|priority:0], old=null
2022-10-10 08:40:36,241 [grpc-default-executor-1] INFO  server.RaftServer$Division (RaftServerImpl.java:requestVote(1152)) - df95c109-086c-4fdb-bc2f-e7a3020caa9e@group-E6C73168D3C7: receive requestVote(ELECTION, 2505bfdb-a405-42b6-a08f-f2b9b27cb3cf, group-E6C73168D3C7, 5, (t:0, i:0))
2022-10-10 08:40:36,242 [grpc-default-executor-1] INFO  impl.VoteContext (VoteContext.java:log(48)) - df95c109-086c-4fdb-bc2f-e7a3020caa9e@group-E6C73168D3C7-FOLLOWER: reject ELECTION from 2505bfdb-a405-42b6-a08f-f2b9b27cb3cf: already has voted for 1a566261-beec-4fd1-be7c-d2e6de257968 at current term 5
2022-10-10 08:40:36,242 [grpc-default-executor-1] INFO  server.RaftServer$Division (RaftServerImpl.java:requestVote(1184)) - df95c109-086c-4fdb-bc2f-e7a3020caa9e@group-E6C73168D3C7 replies to ELECTION vote request: 2505bfdb-a405-42b6-a08f-f2b9b27cb3cf<-df95c109-086c-4fdb-bc2f-e7a3020caa9e#0:FAIL-t5. Peer's state: df95c109-086c-4fdb-bc2f-e7a3020caa9e@group-E6C73168D3C7:t5, leader=null, voted=1a566261-beec-4fd1-be7c-d2e6de257968, raftlog=df95c109-086c-4fdb-bc2f-e7a3020caa9e@group-E6C73168D3C7-SegmentedRaftLog:OPENED:c-1, conf=-1: [df95c109-086c-4fdb-bc2f-e7a3020caa9e|rpc:10.1.0.114:37403|dataStream:|priority:0, 2505bfdb-a405-42b6-a08f-f2b9b27cb3cf|rpc:10.1.0.114:44113|dataStream:|priority:1, 1a566261-beec-4fd1-be7c-d2e6de257968|rpc:10.1.0.114:43815|dataStream:|priority:0], old=null
2022-10-10 08:40:36,251 [2505bfdb-a405-42b6-a08f-f2b9b27cb3cf@group-E6C73168D3C7-LeaderElection50] INFO  impl.LeaderElection (LeaderElection.java:logAndReturn(90)) - 2505bfdb-a405-42b6-a08f-f2b9b27cb3cf@group-E6C73168D3C7-LeaderElection50: ELECTION REJECTED received 2 response(s) and 0 exception(s):
2022-10-10 08:40:36,252 [2505bfdb-a405-42b6-a08f-f2b9b27cb3cf@group-E6C73168D3C7-LeaderElection50] INFO  impl.LeaderElection (LeaderElection.java:logAndReturn(94)) -   Response 0: 2505bfdb-a405-42b6-a08f-f2b9b27cb3cf<-df95c109-086c-4fdb-bc2f-e7a3020caa9e#0:FAIL-t5
2022-10-10 08:40:36,252 [2505bfdb-a405-42b6-a08f-f2b9b27cb3cf@group-E6C73168D3C7-LeaderElection50] INFO  impl.LeaderElection (LeaderElection.java:logAndReturn(94)) -   Response 1: 2505bfdb-a405-42b6-a08f-f2b9b27cb3cf<-1a566261-beec-4fd1-be7c-d2e6de257968#0:FAIL-t5
2022-10-10 08:40:36,252 [2505bfdb-a405-42b6-a08f-f2b9b27cb3cf@group-E6C73168D3C7-LeaderElection50] INFO  impl.LeaderElection (LeaderElection.java:askForVotes(312)) - 2505bfdb-a405-42b6-a08f-f2b9b27cb3cf@group-E6C73168D3C7-LeaderElection50 ELECTION round 0: result REJECTED
2022-10-10 08:40:36,252 [2505bfdb-a405-42b6-a08f-f2b9b27cb3cf@group-E6C73168D3C7-LeaderElection50] INFO  server.RaftServer$Division (RaftServerImpl.java:setRole(299)) - 2505bfdb-a405-42b6-a08f-f2b9b27cb3cf@group-E6C73168D3C7: changes role from CANDIDATE to FOLLOWER at term 5 for REJECTED
2022-10-10 08:40:36,252 [2505bfdb-a405-42b6-a08f-f2b9b27cb3cf@group-E6C73168D3C7-LeaderElection50] INFO  impl.RoleInfo (RoleInfo.java:shutdownLeaderElection(130)) - 2505bfdb-a405-42b6-a08f-f2b9b27cb3cf: shutdown 2505bfdb-a405-42b6-a08f-f2b9b27cb3cf@group-E6C73168D3C7-LeaderElection50
2022-10-10 08:40:36,252 [2505bfdb-a405-42b6-a08f-f2b9b27cb3cf@group-E6C73168D3C7-LeaderElection50] INFO  impl.RoleInfo (RoleInfo.java:updateAndGet(139)) - 2505bfdb-a405-42b6-a08f-f2b9b27cb3cf: start 2505bfdb-a405-42b6-a08f-f2b9b27cb3cf@group-E6C73168D3C7-FollowerState
2022-10-10 08:40:41,155 [df95c109-086c-4fdb-bc2f-e7a3020caa9e@group-E6C73168D3C7-FollowerState] INFO  impl.FollowerState (FollowerState.java:run(143)) - df95c109-086c-4fdb-bc2f-e7a3020caa9e@group-E6C73168D3C7-FollowerState: change to CANDIDATE, lastRpcElapsedTime:5011610807ns, electionTimeout:5009ms
2022-10-10 08:40:41,155 [df95c109-086c-4fdb-bc2f-e7a3020caa9e@group-E6C73168D3C7-FollowerState] INFO  impl.RoleInfo (RoleInfo.java:shutdownFollowerState(110)) - df95c109-086c-4fdb-bc2f-e7a3020caa9e: shutdown df95c109-086c-4fdb-bc2f-e7a3020caa9e@group-E6C73168D3C7-FollowerState
2022-10-10 08:40:41,155 [df95c109-086c-4fdb-bc2f-e7a3020caa9e@group-E6C73168D3C7-FollowerState] INFO  server.RaftServer$Division (RaftServerImpl.java:setRole(299)) - df95c109-086c-4fdb-bc2f-e7a3020caa9e@group-E6C73168D3C7: changes role from  FOLLOWER to CANDIDATE at term 5 for changeToCandidate
2022-10-10 08:40:41,155 [df95c109-086c-4fdb-bc2f-e7a3020caa9e@group-E6C73168D3C7-FollowerState] INFO  server.RaftServerConfigKeys (ConfUtils.java:logGet(46)) - raft.server.leaderelection.pre-vote = false (custom)
2022-10-10 08:40:41,155 [df95c109-086c-4fdb-bc2f-e7a3020caa9e@group-E6C73168D3C7-FollowerState] INFO  impl.RoleInfo (RoleInfo.java:updateAndGet(139)) - df95c109-086c-4fdb-bc2f-e7a3020caa9e: start df95c109-086c-4fdb-bc2f-e7a3020caa9e@group-E6C73168D3C7-LeaderElection51
2022-10-10 08:40:41,175 [df95c109-086c-4fdb-bc2f-e7a3020caa9e@group-E6C73168D3C7-LeaderElection51] INFO  impl.LeaderElection (LeaderElection.java:askForVotes(310)) - df95c109-086c-4fdb-bc2f-e7a3020caa9e@group-E6C73168D3C7-LeaderElection51 ELECTION round 0: submit vote requests at term 6 for -1: [df95c109-086c-4fdb-bc2f-e7a3020caa9e|rpc:10.1.0.114:37403|dataStream:|priority:0, 2505bfdb-a405-42b6-a08f-f2b9b27cb3cf|rpc:10.1.0.114:44113|dataStream:|priority:1, 1a566261-beec-4fd1-be7c-d2e6de257968|rpc:10.1.0.114:43815|dataStream:|priority:0], old=null
2022-10-10 08:40:41,189 [grpc-default-executor-1] INFO  server.RaftServer$Division (RaftServerImpl.java:requestVote(1152)) - 2505bfdb-a405-42b6-a08f-f2b9b27cb3cf@group-E6C73168D3C7: receive requestVote(ELECTION, df95c109-086c-4fdb-bc2f-e7a3020caa9e, group-E6C73168D3C7, 6, (t:0, i:0))
2022-10-10 08:40:41,189 [grpc-default-executor-1] INFO  impl.VoteContext (VoteContext.java:log(48)) - 2505bfdb-a405-42b6-a08f-f2b9b27cb3cf@group-E6C73168D3C7-FOLLOWER: reject ELECTION from df95c109-086c-4fdb-bc2f-e7a3020caa9e: our priority 1 > candidate's priority 0
2022-10-10 08:40:41,189 [grpc-default-executor-1] INFO  server.RaftServer$Division (RaftServerImpl.java:setRole(299)) - 2505bfdb-a405-42b6-a08f-f2b9b27cb3cf@group-E6C73168D3C7: changes role from  FOLLOWER to FOLLOWER at term 6 for candidate:df95c109-086c-4fdb-bc2f-e7a3020caa9e
2022-10-10 08:40:41,189 [grpc-default-executor-1] INFO  impl.RoleInfo (RoleInfo.java:shutdownFollowerState(110)) - 2505bfdb-a405-42b6-a08f-f2b9b27cb3cf: shutdown 2505bfdb-a405-42b6-a08f-f2b9b27cb3cf@group-E6C73168D3C7-FollowerState
2022-10-10 08:40:41,189 [grpc-default-executor-1] INFO  impl.RoleInfo (RoleInfo.java:updateAndGet(139)) - 2505bfdb-a405-42b6-a08f-f2b9b27cb3cf: start 2505bfdb-a405-42b6-a08f-f2b9b27cb3cf@group-E6C73168D3C7-FollowerState
2022-10-10 08:40:41,189 [2505bfdb-a405-42b6-a08f-f2b9b27cb3cf@group-E6C73168D3C7-FollowerState] INFO  impl.FollowerState (FollowerState.java:run(152)) - 2505bfdb-a405-42b6-a08f-f2b9b27cb3cf@group-E6C73168D3C7-FollowerState was interrupted
2022-10-10 08:40:41,192 [grpc-default-executor-1] INFO  server.RaftServer$Division (RaftServerImpl.java:requestVote(1184)) - 2505bfdb-a405-42b6-a08f-f2b9b27cb3cf@group-E6C73168D3C7 replies to ELECTION vote request: df95c109-086c-4fdb-bc2f-e7a3020caa9e<-2505bfdb-a405-42b6-a08f-f2b9b27cb3cf#0:FAIL-t6. Peer's state: 2505bfdb-a405-42b6-a08f-f2b9b27cb3cf@group-E6C73168D3C7:t6, leader=null, voted=null, raftlog=2505bfdb-a405-42b6-a08f-f2b9b27cb3cf@group-E6C73168D3C7-SegmentedRaftLog:OPENED:c-1, conf=-1: [df95c109-086c-4fdb-bc2f-e7a3020caa9e|rpc:10.1.0.114:37403|dataStream:|priority:0, 2505bfdb-a405-42b6-a08f-f2b9b27cb3cf|rpc:10.1.0.114:44113|dataStream:|priority:1, 1a566261-beec-4fd1-be7c-d2e6de257968|rpc:10.1.0.114:43815|dataStream:|priority:0], old=null
2022-10-10 08:40:41,196 [df95c109-086c-4fdb-bc2f-e7a3020caa9e@group-E6C73168D3C7-LeaderElection51] INFO  impl.LeaderElection (LeaderElection.java:logAndReturn(90)) - df95c109-086c-4fdb-bc2f-e7a3020caa9e@group-E6C73168D3C7-LeaderElection51: ELECTION REJECTED received 1 response(s) and 0 exception(s):
2022-10-10 08:40:41,196 [df95c109-086c-4fdb-bc2f-e7a3020caa9e@group-E6C73168D3C7-LeaderElection51] INFO  impl.LeaderElection (LeaderElection.java:logAndReturn(94)) -   Response 0: df95c109-086c-4fdb-bc2f-e7a3020caa9e<-2505bfdb-a405-42b6-a08f-f2b9b27cb3cf#0:FAIL-t6
2022-10-10 08:40:41,196 [df95c109-086c-4fdb-bc2f-e7a3020caa9e@group-E6C73168D3C7-LeaderElection51] INFO  impl.LeaderElection (LeaderElection.java:askForVotes(312)) - df95c109-086c-4fdb-bc2f-e7a3020caa9e@group-E6C73168D3C7-LeaderElection51 ELECTION round 0: result REJECTED
2022-10-10 08:40:41,196 [df95c109-086c-4fdb-bc2f-e7a3020caa9e@group-E6C73168D3C7-LeaderElection51] INFO  server.RaftServer$Division (RaftServerImpl.java:setRole(299)) - df95c109-086c-4fdb-bc2f-e7a3020caa9e@group-E6C73168D3C7: changes role from CANDIDATE to FOLLOWER at term 6 for REJECTED
2022-10-10 08:40:41,196 [df95c109-086c-4fdb-bc2f-e7a3020caa9e@group-E6C73168D3C7-LeaderElection51] INFO  impl.RoleInfo (RoleInfo.java:shutdownLeaderElection(130)) - df95c109-086c-4fdb-bc2f-e7a3020caa9e: shutdown df95c109-086c-4fdb-bc2f-e7a3020caa9e@group-E6C73168D3C7-LeaderElection51
2022-10-10 08:40:41,196 [df95c109-086c-4fdb-bc2f-e7a3020caa9e@group-E6C73168D3C7-LeaderElection51] INFO  impl.RoleInfo (RoleInfo.java:updateAndGet(139)) - df95c109-086c-4fdb-bc2f-e7a3020caa9e: start df95c109-086c-4fdb-bc2f-e7a3020caa9e@group-E6C73168D3C7-FollowerState
2022-10-10 08:40:41,266 [grpc-default-executor-1] INFO  server.RaftServer$Division (RaftServerImpl.java:requestVote(1152)) - 1a566261-beec-4fd1-be7c-d2e6de257968@group-E6C73168D3C7: receive requestVote(ELECTION, df95c109-086c-4fdb-bc2f-e7a3020caa9e, group-E6C73168D3C7, 6, (t:0, i:0))
2022-10-10 08:40:41,267 [grpc-default-executor-1] INFO  impl.VoteContext (VoteContext.java:log(48)) - 1a566261-beec-4fd1-be7c-d2e6de257968@group-E6C73168D3C7-FOLLOWER: accept ELECTION from df95c109-086c-4fdb-bc2f-e7a3020caa9e: our priority 0 <= candidate's priority 0
2022-10-10 08:40:41,267 [grpc-default-executor-1] INFO  server.RaftServer$Division (RaftServerImpl.java:setRole(299)) - 1a566261-beec-4fd1-be7c-d2e6de257968@group-E6C73168D3C7: changes role from  FOLLOWER to FOLLOWER at term 6 for candidate:df95c109-086c-4fdb-bc2f-e7a3020caa9e
2022-10-10 08:40:41,267 [grpc-default-executor-1] INFO  impl.RoleInfo (RoleInfo.java:shutdownFollowerState(110)) - 1a566261-beec-4fd1-be7c-d2e6de257968: shutdown 1a566261-beec-4fd1-be7c-d2e6de257968@group-E6C73168D3C7-FollowerState
2022-10-10 08:40:41,267 [grpc-default-executor-1] INFO  impl.RoleInfo (RoleInfo.java:updateAndGet(139)) - 1a566261-beec-4fd1-be7c-d2e6de257968: start 1a566261-beec-4fd1-be7c-d2e6de257968@group-E6C73168D3C7-FollowerState
2022-10-10 08:40:41,267 [1a566261-beec-4fd1-be7c-d2e6de257968@group-E6C73168D3C7-FollowerState] INFO  impl.FollowerState (FollowerState.java:run(152)) - 1a566261-beec-4fd1-be7c-d2e6de257968@group-E6C73168D3C7-FollowerState was interrupted
2022-10-10 08:40:41,270 [grpc-default-executor-1] INFO  server.RaftServer$Division (RaftServerImpl.java:requestVote(1184)) - 1a566261-beec-4fd1-be7c-d2e6de257968@group-E6C73168D3C7 replies to ELECTION vote request: df95c109-086c-4fdb-bc2f-e7a3020caa9e<-1a566261-beec-4fd1-be7c-d2e6de257968#0:OK-t6. Peer's state: 1a566261-beec-4fd1-be7c-d2e6de257968@group-E6C73168D3C7:t6, leader=null, voted=df95c109-086c-4fdb-bc2f-e7a3020caa9e, raftlog=1a566261-beec-4fd1-be7c-d2e6de257968@group-E6C73168D3C7-SegmentedRaftLog:OPENED:c-1, conf=-1: [df95c109-086c-4fdb-bc2f-e7a3020caa9e|rpc:10.1.0.114:37403|priority:0, 2505bfdb-a405-42b6-a08f-f2b9b27cb3cf|rpc:10.1.0.114:44113|priority:1, 1a566261-beec-4fd1-be7c-d2e6de257968|rpc:10.1.0.114:43815|priority:0], old=null
2022-10-10 08:40:46,224 [2505bfdb-a405-42b6-a08f-f2b9b27cb3cf@group-E6C73168D3C7-FollowerState] INFO  impl.FollowerState (FollowerState.java:run(143)) - 2505bfdb-a405-42b6-a08f-f2b9b27cb3cf@group-E6C73168D3C7-FollowerState: change to CANDIDATE, lastRpcElapsedTime:5035204443ns, electionTimeout:5033ms
2022-10-10 08:40:46,225 [2505bfdb-a405-42b6-a08f-f2b9b27cb3cf@group-E6C73168D3C7-FollowerState] INFO  impl.RoleInfo (RoleInfo.java:shutdownFollowerState(110)) - 2505bfdb-a405-42b6-a08f-f2b9b27cb3cf: shutdown 2505bfdb-a405-42b6-a08f-f2b9b27cb3cf@group-E6C73168D3C7-FollowerState
2022-10-10 08:40:46,225 [2505bfdb-a405-42b6-a08f-f2b9b27cb3cf@group-E6C73168D3C7-FollowerState] INFO  server.RaftServer$Division (RaftServerImpl.java:setRole(299)) - 2505bfdb-a405-42b6-a08f-f2b9b27cb3cf@group-E6C73168D3C7: changes role from  FOLLOWER to CANDIDATE at term 6 for changeToCandidate
2022-10-10 08:40:46,225 [2505bfdb-a405-42b6-a08f-f2b9b27cb3cf@group-E6C73168D3C7-FollowerState] INFO  server.RaftServerConfigKeys (ConfUtils.java:logGet(46)) - raft.server.leaderelection.pre-vote = false (custom)
2022-10-10 08:40:46,225 [2505bfdb-a405-42b6-a08f-f2b9b27cb3cf@group-E6C73168D3C7-FollowerState] INFO  impl.RoleInfo (RoleInfo.java:updateAndGet(139)) - 2505bfdb-a405-42b6-a08f-f2b9b27cb3cf: start 2505bfdb-a405-42b6-a08f-f2b9b27cb3cf@group-E6C73168D3C7-LeaderElection52
2022-10-10 08:40:46,279 [2505bfdb-a405-42b6-a08f-f2b9b27cb3cf@group-E6C73168D3C7-LeaderElection52] INFO  impl.LeaderElection (LeaderElection.java:askForVotes(310)) - 2505bfdb-a405-42b6-a08f-f2b9b27cb3cf@group-E6C73168D3C7-LeaderElection52 ELECTION round 0: submit vote requests at term 7 for -1: [df95c109-086c-4fdb-bc2f-e7a3020caa9e|rpc:10.1.0.114:37403|dataStream:|priority:0, 2505bfdb-a405-42b6-a08f-f2b9b27cb3cf|rpc:10.1.0.114:44113|dataStream:|priority:1, 1a566261-beec-4fd1-be7c-d2e6de257968|rpc:10.1.0.114:43815|dataStream:|priority:0], old=null
2022-10-10 08:40:46,330 [df95c109-086c-4fdb-bc2f-e7a3020caa9e@group-E6C73168D3C7-FollowerState] INFO  impl.FollowerState (FollowerState.java:run(143)) - df95c109-086c-4fdb-bc2f-e7a3020caa9e@group-E6C73168D3C7-FollowerState: change to CANDIDATE, lastRpcElapsedTime:5133216994ns, electionTimeout:5126ms
2022-10-10 08:40:46,330 [df95c109-086c-4fdb-bc2f-e7a3020caa9e@group-E6C73168D3C7-FollowerState] INFO  impl.RoleInfo (RoleInfo.java:shutdownFollowerState(110)) - df95c109-086c-4fdb-bc2f-e7a3020caa9e: shutdown df95c109-086c-4fdb-bc2f-e7a3020caa9e@group-E6C73168D3C7-FollowerState
2022-10-10 08:40:46,330 [df95c109-086c-4fdb-bc2f-e7a3020caa9e@group-E6C73168D3C7-FollowerState] INFO  server.RaftServer$Division (RaftServerImpl.java:setRole(299)) - df95c109-086c-4fdb-bc2f-e7a3020caa9e@group-E6C73168D3C7: changes role from  FOLLOWER to CANDIDATE at term 6 for changeToCandidate
2022-10-10 08:40:46,348 [grpc-default-executor-1] INFO  server.RaftServer$Division (RaftServerImpl.java:requestVote(1152)) - df95c109-086c-4fdb-bc2f-e7a3020caa9e@group-E6C73168D3C7: receive requestVote(ELECTION, 2505bfdb-a405-42b6-a08f-f2b9b27cb3cf, group-E6C73168D3C7, 7, (t:0, i:0))
2022-10-10 08:40:46,380 [df95c109-086c-4fdb-bc2f-e7a3020caa9e@group-E6C73168D3C7-FollowerState] INFO  server.RaftServerConfigKeys (ConfUtils.java:logGet(46)) - raft.server.leaderelection.pre-vote = false (custom)
2022-10-10 08:40:46,380 [df95c109-086c-4fdb-bc2f-e7a3020caa9e@group-E6C73168D3C7-FollowerState] INFO  impl.RoleInfo (RoleInfo.java:updateAndGet(139)) - df95c109-086c-4fdb-bc2f-e7a3020caa9e: start df95c109-086c-4fdb-bc2f-e7a3020caa9e@group-E6C73168D3C7-LeaderElection53
2022-10-10 08:40:46,392 [grpc-default-executor-1] INFO  impl.VoteContext (VoteContext.java:log(48)) - df95c109-086c-4fdb-bc2f-e7a3020caa9e@group-E6C73168D3C7-CANDIDATE: accept ELECTION from 2505bfdb-a405-42b6-a08f-f2b9b27cb3cf: our priority 0 <= candidate's priority 1
2022-10-10 08:40:46,392 [grpc-default-executor-1] INFO  server.RaftServer$Division (RaftServerImpl.java:setRole(299)) - df95c109-086c-4fdb-bc2f-e7a3020caa9e@group-E6C73168D3C7: changes role from CANDIDATE to FOLLOWER at term 7 for candidate:2505bfdb-a405-42b6-a08f-f2b9b27cb3cf
2022-10-10 08:40:46,393 [grpc-default-executor-1] INFO  impl.RoleInfo (RoleInfo.java:shutdownLeaderElection(130)) - df95c109-086c-4fdb-bc2f-e7a3020caa9e: shutdown df95c109-086c-4fdb-bc2f-e7a3020caa9e@group-E6C73168D3C7-LeaderElection53
2022-10-10 08:40:46,393 [grpc-default-executor-1] INFO  impl.RoleInfo (RoleInfo.java:updateAndGet(139)) - df95c109-086c-4fdb-bc2f-e7a3020caa9e: start df95c109-086c-4fdb-bc2f-e7a3020caa9e@group-E6C73168D3C7-FollowerState
2022-10-10 08:40:46,393 [df95c109-086c-4fdb-bc2f-e7a3020caa9e@group-E6C73168D3C7-LeaderElection53] INFO  impl.LeaderElection (LeaderElection.java:run(231)) - df95c109-086c-4fdb-bc2f-e7a3020caa9e@group-E6C73168D3C7-LeaderElection53: skip running since this is already CLOSING
2022-10-10 08:40:46,403 [grpc-default-executor-1] INFO  server.RaftServer$Division (RaftServerImpl.java:requestVote(1184)) - df95c109-086c-4fdb-bc2f-e7a3020caa9e@group-E6C73168D3C7 replies to ELECTION vote request: 2505bfdb-a405-42b6-a08f-f2b9b27cb3cf<-df95c109-086c-4fdb-bc2f-e7a3020caa9e#0:OK-t7. Peer's state: df95c109-086c-4fdb-bc2f-e7a3020caa9e@group-E6C73168D3C7:t7, leader=null, voted=2505bfdb-a405-42b6-a08f-f2b9b27cb3cf, raftlog=df95c109-086c-4fdb-bc2f-e7a3020caa9e@group-E6C73168D3C7-SegmentedRaftLog:OPENED:c-1, conf=-1: [df95c109-086c-4fdb-bc2f-e7a3020caa9e|rpc:10.1.0.114:37403|dataStream:|priority:0, 2505bfdb-a405-42b6-a08f-f2b9b27cb3cf|rpc:10.1.0.114:44113|dataStream:|priority:1, 1a566261-beec-4fd1-be7c-d2e6de257968|rpc:10.1.0.114:43815|dataStream:|priority:0], old=null
2022-10-10 08:40:46,404 [2505bfdb-a405-42b6-a08f-f2b9b27cb3cf@group-E6C73168D3C7-LeaderElection52] INFO  impl.LeaderElection (LeaderElection.java:logAndReturn(90)) - 2505bfdb-a405-42b6-a08f-f2b9b27cb3cf@group-E6C73168D3C7-LeaderElection52: ELECTION PASSED received 1 response(s) and 0 exception(s):
2022-10-10 08:40:46,404 [2505bfdb-a405-42b6-a08f-f2b9b27cb3cf@group-E6C73168D3C7-LeaderElection52] INFO  impl.LeaderElection (LeaderElection.java:logAndReturn(94)) -   Response 0: 2505bfdb-a405-42b6-a08f-f2b9b27cb3cf<-df95c109-086c-4fdb-bc2f-e7a3020caa9e#0:OK-t7
2022-10-10 08:40:46,404 [2505bfdb-a405-42b6-a08f-f2b9b27cb3cf@group-E6C73168D3C7-LeaderElection52] INFO  impl.LeaderElection (LeaderElection.java:askForVotes(312)) - 2505bfdb-a405-42b6-a08f-f2b9b27cb3cf@group-E6C73168D3C7-LeaderElection52 ELECTION round 0: result PASSED
2022-10-10 08:40:46,404 [2505bfdb-a405-42b6-a08f-f2b9b27cb3cf@group-E6C73168D3C7-LeaderElection52] INFO  impl.RoleInfo (RoleInfo.java:shutdownLeaderElection(130)) - 2505bfdb-a405-42b6-a08f-f2b9b27cb3cf: shutdown 2505bfdb-a405-42b6-a08f-f2b9b27cb3cf@group-E6C73168D3C7-LeaderElection52
2022-10-10 08:40:46,404 [2505bfdb-a405-42b6-a08f-f2b9b27cb3cf@group-E6C73168D3C7-LeaderElection52] INFO  server.RaftServer$Division (RaftServerImpl.java:setRole(299)) - 2505bfdb-a405-42b6-a08f-f2b9b27cb3cf@group-E6C73168D3C7: changes role from CANDIDATE to LEADER at term 7 for changeToLeader
2022-10-10 08:40:46,405 [2505bfdb-a405-42b6-a08f-f2b9b27cb3cf@group-E6C73168D3C7-LeaderElection52] INFO  ratis.XceiverServerRatis (XceiverServerRatis.java:handleLeaderChangedNotification(863)) - Leader change notification received for group: group-E6C73168D3C7 with new leaderId: 2505bfdb-a405-42b6-a08f-f2b9b27cb3cf
2022-10-10 08:40:46,405 [2505bfdb-a405-42b6-a08f-f2b9b27cb3cf@group-E6C73168D3C7-LeaderElection52] INFO  server.RaftServer$Division (ServerState.java:setLeader(287)) - 2505bfdb-a405-42b6-a08f-f2b9b27cb3cf@group-E6C73168D3C7: change Leader from null to 2505bfdb-a405-42b6-a08f-f2b9b27cb3cf at term 7 for becomeLeader, leader elected after 36228ms
2022-10-10 08:40:46,405 [2505bfdb-a405-42b6-a08f-f2b9b27cb3cf@group-E6C73168D3C7-LeaderElection52] INFO  server.RaftServerConfigKeys (ConfUtils.java:logGet(46)) - raft.server.staging.catchup.gap = 1000 (default)
2022-10-10 08:40:46,405 [2505bfdb-a405-42b6-a08f-f2b9b27cb3cf@group-E6C73168D3C7-LeaderElection52] INFO  server.RaftServerConfigKeys (ConfUtils.java:logGet(46)) - raft.server.write.element-limit = 1024 (custom)
2022-10-10 08:40:46,405 [2505bfdb-a405-42b6-a08f-f2b9b27cb3cf@group-E6C73168D3C7-LeaderElection52] INFO  server.RaftServerConfigKeys (ConfUtils.java:logGet(46)) - raft.server.write.byte-limit = 1024 M (=1073741824) (custom)
2022-10-10 08:40:46,406 [2505bfdb-a405-42b6-a08f-f2b9b27cb3cf@group-E6C73168D3C7-LeaderElection52] INFO  server.RaftServerConfigKeys (ConfUtils.java:logGet(46)) - raft.server.watch.timeout = 180s (custom)
2022-10-10 08:40:46,406 [2505bfdb-a405-42b6-a08f-f2b9b27cb3cf@group-E6C73168D3C7-LeaderElection52] INFO  server.RaftServerConfigKeys (ConfUtils.java:logGet(46)) - raft.server.watch.timeout.denomination = 1s (default)
2022-10-10 08:40:46,406 [2505bfdb-a405-42b6-a08f-f2b9b27cb3cf@group-E6C73168D3C7-LeaderElection52] INFO  server.RaftServerConfigKeys (ConfUtils.java:logGet(46)) - raft.server.watch.element-limit = 65536 (default)
2022-10-10 08:40:46,406 [2505bfdb-a405-42b6-a08f-f2b9b27cb3cf@group-E6C73168D3C7-LeaderElection52] INFO  server.RaftServerConfigKeys (ConfUtils.java:logGet(46)) - raft.server.write.element-limit = 1024 (custom)
2022-10-10 08:40:46,406 [2505bfdb-a405-42b6-a08f-f2b9b27cb3cf@group-E6C73168D3C7-LeaderElection52] INFO  server.RaftServerConfigKeys (ConfUtils.java:logGet(46)) - raft.server.write.follower.gap.ratio.max = -1.0 (default)
2022-10-10 08:40:46,407 [2505bfdb-a405-42b6-a08f-f2b9b27cb3cf@group-E6C73168D3C7-LeaderElection52] INFO  server.RaftServerConfigKeys (ConfUtils.java:logGet(46)) - raft.server.log.appender.snapshot.chunk.size.max = 16MB (=16777216) (default)
2022-10-10 08:40:46,407 [2505bfdb-a405-42b6-a08f-f2b9b27cb3cf@group-E6C73168D3C7-LeaderElection52] INFO  server.RaftServerConfigKeys (ConfUtils.java:logGet(46)) - raft.server.log.appender.buffer.byte-limit = 33554432 (custom)
2022-10-10 08:40:46,407 [2505bfdb-a405-42b6-a08f-f2b9b27cb3cf@group-E6C73168D3C7-LeaderElection52] INFO  server.RaftServerConfigKeys (ConfUtils.java:logGet(46)) - raft.server.log.appender.buffer.element-limit = 1 (custom)
2022-10-10 08:40:46,407 [EventQueue-PipelineReportForPipelineReportHandler] INFO  pipeline.PipelineManagerImpl (PipelineManagerImpl.java:openPipeline(367)) - Pipeline Pipeline[ Id: 42ce9204-ee81-4a80-841e-e6c73168d3c7, Nodes: 2505bfdb-a405-42b6-a08f-f2b9b27cb3cf{ip: 10.1.0.114, host: fv-az292-843.tqgtyn10aqxuxoi0mkfbldi5vh.jx.internal.cloudapp.net, ports: [REPLICATION=37495, RATIS=44113, RATIS_ADMIN=44113, RATIS_SERVER=44113, STANDALONE=37833], networkLocation: /default-rack, certSerialId: null, persistedOpState: IN_SERVICE, persistedOpStateExpiryEpochSec: 0}1a566261-beec-4fd1-be7c-d2e6de257968{ip: 10.1.0.114, host: fv-az292-843.tqgtyn10aqxuxoi0mkfbldi5vh.jx.internal.cloudapp.net, ports: [REPLICATION=44845, RATIS=43815, RATIS_ADMIN=43815, RATIS_SERVER=43815, STANDALONE=40743], networkLocation: /default-rack, certSerialId: null, persistedOpState: IN_SERVICE, persistedOpStateExpiryEpochSec: 0}df95c109-086c-4fdb-bc2f-e7a3020caa9e{ip: 10.1.0.114, host: fv-az292-843.tqgtyn10aqxuxoi0mkfbldi5vh.jx.internal.cloudapp.net, ports: [REPLICATION=35793, RATIS=37403, RATIS_ADMIN=37403, RATIS_SERVER=37403, STANDALONE=40595], networkLocation: /default-rack, certSerialId: null, persistedOpState: IN_SERVICE, persistedOpStateExpiryEpochSec: 0}, ReplicationConfig: RATIS/THREE, State:ALLOCATED, leaderId:2505bfdb-a405-42b6-a08f-f2b9b27cb3cf, CreationTimestamp2022-10-10T08:40:08.242Z[Etc/UTC]] moved to OPEN state
2022-10-10 08:40:46,407 [2505bfdb-a405-42b6-a08f-f2b9b27cb3cf@group-E6C73168D3C7-LeaderElection52] INFO  grpc.GrpcConfigKeys (ConfUtils.java:logGet(46)) - raft.grpc.server.leader.outstanding.appends.max = 128 (default)
2022-10-10 08:40:46,416 [1a566261-beec-4fd1-be7c-d2e6de257968@group-E6C73168D3C7-FollowerState] INFO  impl.FollowerState (FollowerState.java:run(143)) - 1a566261-beec-4fd1-be7c-d2e6de257968@group-E6C73168D3C7-FollowerState: change to CANDIDATE, lastRpcElapsedTime:5146134550ns, electionTimeout:5132ms
2022-10-10 08:40:46,428 [1a566261-beec-4fd1-be7c-d2e6de257968@group-E6C73168D3C7-FollowerState] INFO  impl.RoleInfo (RoleInfo.java:shutdownFollowerState(110)) - 1a566261-beec-4fd1-be7c-d2e6de257968: shutdown 1a566261-beec-4fd1-be7c-d2e6de257968@group-E6C73168D3C7-FollowerState
2022-10-10 08:40:46,428 [1a566261-beec-4fd1-be7c-d2e6de257968@group-E6C73168D3C7-FollowerState] INFO  server.RaftServer$Division (RaftServerImpl.java:setRole(299)) - 1a566261-beec-4fd1-be7c-d2e6de257968@group-E6C73168D3C7: changes role from  FOLLOWER to CANDIDATE at term 6 for changeToCandidate
2022-10-10 08:40:46,428 [1a566261-beec-4fd1-be7c-d2e6de257968@group-E6C73168D3C7-FollowerState] INFO  server.RaftServerConfigKeys (ConfUtils.java:logGet(46)) - raft.server.leaderelection.pre-vote = false (custom)
2022-10-10 08:40:46,429 [1a566261-beec-4fd1-be7c-d2e6de257968@group-E6C73168D3C7-FollowerState] INFO  impl.RoleInfo (RoleInfo.java:updateAndGet(139)) - 1a566261-beec-4fd1-be7c-d2e6de257968: start 1a566261-beec-4fd1-be7c-d2e6de257968@group-E6C73168D3C7-LeaderElection54
2022-10-10 08:40:46,410 [grpc-default-executor-1] INFO  server.RaftServer$Division (RaftServerImpl.java:requestVote(1152)) - 1a566261-beec-4fd1-be7c-d2e6de257968@group-E6C73168D3C7: receive requestVote(ELECTION, 2505bfdb-a405-42b6-a08f-f2b9b27cb3cf, group-E6C73168D3C7, 7, (t:0, i:0))
2022-10-10 08:40:46,429 [2505bfdb-a405-42b6-a08f-f2b9b27cb3cf@group-E6C73168D3C7-LeaderElection52] INFO  server.RaftServerConfigKeys (ConfUtils.java:logGet(46)) - raft.server.rpc.request.timeout = 60s (custom)
2022-10-10 08:40:46,429 [2505bfdb-a405-42b6-a08f-f2b9b27cb3cf@group-E6C73168D3C7-LeaderElection52] INFO  server.RaftServerConfigKeys (ConfUtils.java:logGet(46)) - raft.server.log.appender.install.snapshot.enabled = false (custom)
2022-10-10 08:40:46,430 [2505bfdb-a405-42b6-a08f-f2b9b27cb3cf@group-E6C73168D3C7-LeaderElection52] INFO  server.RaftServerConfigKeys (ConfUtils.java:logGet(46)) - raft.server.log.appender.snapshot.chunk.size.max = 16MB (=16777216) (default)
2022-10-10 08:40:46,431 [2505bfdb-a405-42b6-a08f-f2b9b27cb3cf@group-E6C73168D3C7-LeaderElection52] INFO  server.RaftServerConfigKeys (ConfUtils.java:logGet(46)) - raft.server.log.appender.buffer.byte-limit = 33554432 (custom)
2022-10-10 08:40:46,431 [2505bfdb-a405-42b6-a08f-f2b9b27cb3cf@group-E6C73168D3C7-LeaderElection52] INFO  server.RaftServerConfigKeys (ConfUtils.java:logGet(46)) - raft.server.log.appender.buffer.element-limit = 1 (custom)
2022-10-10 08:40:46,472 [2505bfdb-a405-42b6-a08f-f2b9b27cb3cf@group-E6C73168D3C7-LeaderElection52] INFO  grpc.GrpcConfigKeys (ConfUtils.java:logGet(46)) - raft.grpc.server.leader.outstanding.appends.max = 128 (default)
2022-10-10 08:40:46,472 [2505bfdb-a405-42b6-a08f-f2b9b27cb3cf@group-E6C73168D3C7-LeaderElection52] INFO  server.RaftServerConfigKeys (ConfUtils.java:logGet(46)) - raft.server.rpc.request.timeout = 60s (custom)
2022-10-10 08:40:46,472 [2505bfdb-a405-42b6-a08f-f2b9b27cb3cf@group-E6C73168D3C7-LeaderElection52] INFO  server.RaftServerConfigKeys (ConfUtils.java:logGet(46)) - raft.server.log.appender.install.snapshot.enabled = false (custom)
2022-10-10 08:40:46,473 [2505bfdb-a405-42b6-a08f-f2b9b27cb3cf@group-E6C73168D3C7-LeaderElection52] INFO  impl.RoleInfo (RoleInfo.java:updateAndGet(139)) - 2505bfdb-a405-42b6-a08f-f2b9b27cb3cf: start 2505bfdb-a405-42b6-a08f-f2b9b27cb3cf@group-E6C73168D3C7-LeaderStateImpl
2022-10-10 08:40:46,473 [2505bfdb-a405-42b6-a08f-f2b9b27cb3cf@group-E6C73168D3C7-LeaderElection52] INFO  segmented.SegmentedRaftLogWorker (SegmentedRaftLogWorker.java:startLogSegment(425)) - 2505bfdb-a405-42b6-a08f-f2b9b27cb3cf@group-E6C73168D3C7-SegmentedRaftLogWorker: Starting segment from index:0
2022-10-10 08:40:46,473 [grpc-default-executor-1] INFO  impl.VoteContext (VoteContext.java:log(48)) - 1a566261-beec-4fd1-be7c-d2e6de257968@group-E6C73168D3C7-CANDIDATE: accept ELECTION from 2505bfdb-a405-42b6-a08f-f2b9b27cb3cf: our priority 0 <= candidate's priority 1
2022-10-10 08:40:46,473 [grpc-default-executor-1] INFO  server.RaftServer$Division (RaftServerImpl.java:setRole(299)) - 1a566261-beec-4fd1-be7c-d2e6de257968@group-E6C73168D3C7: changes role from CANDIDATE to FOLLOWER at term 7 for candidate:2505bfdb-a405-42b6-a08f-f2b9b27cb3cf
2022-10-10 08:40:46,474 [grpc-default-executor-1] INFO  impl.RoleInfo (RoleInfo.java:shutdownLeaderElection(130)) - 1a566261-beec-4fd1-be7c-d2e6de257968: shutdown 1a566261-beec-4fd1-be7c-d2e6de257968@group-E6C73168D3C7-LeaderElection54
2022-10-10 08:40:46,474 [1a566261-beec-4fd1-be7c-d2e6de257968@group-E6C73168D3C7-LeaderElection54] INFO  impl.LeaderElection (LeaderElection.java:run(231)) - 1a566261-beec-4fd1-be7c-d2e6de257968@group-E6C73168D3C7-LeaderElection54: skip running since this is already CLOSING
2022-10-10 08:40:46,475 [2505bfdb-a405-42b6-a08f-f2b9b27cb3cf@group-E6C73168D3C7-SegmentedRaftLogWorker] INFO  segmented.SegmentedRaftLogWorker (SegmentedRaftLogWorker.java:execute(629)) - 2505bfdb-a405-42b6-a08f-f2b9b27cb3cf@group-E6C73168D3C7-SegmentedRaftLogWorker: created new log segment /home/runner/work/ozone/ozone/hadoop-ozone/integration-test/target/test-dir/MiniOzoneClusterImpl-ad2c0857-510d-4cdb-92e5-38dbe430bd54/datanode-1/data/ratis/42ce9204-ee81-4a80-841e-e6c73168d3c7/current/log_inprogress_0
2022-10-10 08:40:46,510 [grpc-default-executor-1] INFO  impl.RoleInfo (RoleInfo.java:updateAndGet(139)) - 1a566261-beec-4fd1-be7c-d2e6de257968: start 1a566261-beec-4fd1-be7c-d2e6de257968@group-E6C73168D3C7-FollowerState
2022-10-10 08:40:46,512 [grpc-default-executor-1] INFO  server.RaftServer$Division (RaftServerImpl.java:requestVote(1184)) - 1a566261-beec-4fd1-be7c-d2e6de257968@group-E6C73168D3C7 replies to ELECTION vote request: 2505bfdb-a405-42b6-a08f-f2b9b27cb3cf<-1a566261-beec-4fd1-be7c-d2e6de257968#0:OK-t7. Peer's state: 1a566261-beec-4fd1-be7c-d2e6de257968@group-E6C73168D3C7:t7, leader=null, voted=2505bfdb-a405-42b6-a08f-f2b9b27cb3cf, raftlog=1a566261-beec-4fd1-be7c-d2e6de257968@group-E6C73168D3C7-SegmentedRaftLog:OPENED:c-1, conf=-1: [df95c109-086c-4fdb-bc2f-e7a3020caa9e|rpc:10.1.0.114:37403|priority:0, 2505bfdb-a405-42b6-a08f-f2b9b27cb3cf|rpc:10.1.0.114:44113|priority:1, 1a566261-beec-4fd1-be7c-d2e6de257968|rpc:10.1.0.114:43815|priority:0], old=null
2022-10-10 08:40:46,516 [2505bfdb-a405-42b6-a08f-f2b9b27cb3cf@group-E6C73168D3C7-LeaderElection52] INFO  server.RaftServer$Division (ServerState.java:setRaftConf(393)) - 2505bfdb-a405-42b6-a08f-f2b9b27cb3cf@group-E6C73168D3C7: set configuration 0: [df95c109-086c-4fdb-bc2f-e7a3020caa9e|rpc:10.1.0.114:37403|dataStream:|priority:0, 2505bfdb-a405-42b6-a08f-f2b9b27cb3cf|rpc:10.1.0.114:44113|dataStream:|priority:1, 1a566261-beec-4fd1-be7c-d2e6de257968|rpc:10.1.0.114:43815|dataStream:|priority:0], old=null
2022-10-10 08:40:46,549 [df95c109-086c-4fdb-bc2f-e7a3020caa9e-server-thread1] INFO  ratis.XceiverServerRatis (XceiverServerRatis.java:handleLeaderChangedNotification(863)) - Leader change notification received for group: group-E6C73168D3C7 with new leaderId: 2505bfdb-a405-42b6-a08f-f2b9b27cb3cf
2022-10-10 08:40:46,549 [df95c109-086c-4fdb-bc2f-e7a3020caa9e-server-thread1] INFO  server.RaftServer$Division (ServerState.java:setLeader(287)) - df95c109-086c-4fdb-bc2f-e7a3020caa9e@group-E6C73168D3C7: change Leader from null to 2505bfdb-a405-42b6-a08f-f2b9b27cb3cf at term 7 for appendEntries, leader elected after 36324ms
2022-10-10 08:40:46,580 [df95c109-086c-4fdb-bc2f-e7a3020caa9e-server-thread1] INFO  server.RaftServer$Division (ServerState.java:setRaftConf(393)) - df95c109-086c-4fdb-bc2f-e7a3020caa9e@group-E6C73168D3C7: set configuration 0: [df95c109-086c-4fdb-bc2f-e7a3020caa9e|rpc:10.1.0.114:37403|dataStream:|priority:0, 2505bfdb-a405-42b6-a08f-f2b9b27cb3cf|rpc:10.1.0.114:44113|dataStream:|priority:1, 1a566261-beec-4fd1-be7c-d2e6de257968|rpc:10.1.0.114:43815|dataStream:|priority:0], old=null
2022-10-10 08:40:46,581 [df95c109-086c-4fdb-bc2f-e7a3020caa9e-server-thread1] INFO  segmented.SegmentedRaftLogWorker (SegmentedRaftLogWorker.java:startLogSegment(425)) - df95c109-086c-4fdb-bc2f-e7a3020caa9e@group-E6C73168D3C7-SegmentedRaftLogWorker: Starting segment from index:0
2022-10-10 08:40:46,582 [df95c109-086c-4fdb-bc2f-e7a3020caa9e@group-E6C73168D3C7-SegmentedRaftLogWorker] INFO  segmented.SegmentedRaftLogWorker (SegmentedRaftLogWorker.java:execute(629)) - df95c109-086c-4fdb-bc2f-e7a3020caa9e@group-E6C73168D3C7-SegmentedRaftLogWorker: created new log segment /home/runner/work/ozone/ozone/hadoop-ozone/integration-test/target/test-dir/MiniOzoneClusterImpl-ad2c0857-510d-4cdb-92e5-38dbe430bd54/datanode-2/data/ratis/42ce9204-ee81-4a80-841e-e6c73168d3c7/current/log_inprogress_0
2022-10-10 08:40:46,597 [1a566261-beec-4fd1-be7c-d2e6de257968-server-thread1] INFO  ratis.XceiverServerRatis (XceiverServerRatis.java:handleLeaderChangedNotification(863)) - Leader change notification received for group: group-E6C73168D3C7 with new leaderId: 2505bfdb-a405-42b6-a08f-f2b9b27cb3cf
2022-10-10 08:40:46,597 [1a566261-beec-4fd1-be7c-d2e6de257968-server-thread1] INFO  server.RaftServer$Division (ServerState.java:setLeader(287)) - 1a566261-beec-4fd1-be7c-d2e6de257968@group-E6C73168D3C7: change Leader from null to 2505bfdb-a405-42b6-a08f-f2b9b27cb3cf at term 7 for appendEntries, leader elected after 36477ms
2022-10-10 08:40:46,628 [1a566261-beec-4fd1-be7c-d2e6de257968-server-thread1] INFO  server.RaftServer$Division (ServerState.java:setRaftConf(393)) - 1a566261-beec-4fd1-be7c-d2e6de257968@group-E6C73168D3C7: set configuration 0: [df95c109-086c-4fdb-bc2f-e7a3020caa9e|rpc:10.1.0.114:37403|dataStream:|priority:0, 2505bfdb-a405-42b6-a08f-f2b9b27cb3cf|rpc:10.1.0.114:44113|dataStream:|priority:1, 1a566261-beec-4fd1-be7c-d2e6de257968|rpc:10.1.0.114:43815|dataStream:|priority:0], old=null
2022-10-10 08:40:46,629 [1a566261-beec-4fd1-be7c-d2e6de257968-server-thread1] INFO  segmented.SegmentedRaftLogWorker (SegmentedRaftLogWorker.java:startLogSegment(425)) - 1a566261-beec-4fd1-be7c-d2e6de257968@group-E6C73168D3C7-SegmentedRaftLogWorker: Starting segment from index:0
2022-10-10 08:40:46,632 [1a566261-beec-4fd1-be7c-d2e6de257968@group-E6C73168D3C7-SegmentedRaftLogWorker] INFO  segmented.SegmentedRaftLogWorker (SegmentedRaftLogWorker.java:execute(629)) - 1a566261-beec-4fd1-be7c-d2e6de257968@group-E6C73168D3C7-SegmentedRaftLogWorker: created new log segment /home/runner/work/ozone/ozone/hadoop-ozone/integration-test/target/test-dir/MiniOzoneClusterImpl-ad2c0857-510d-4cdb-92e5-38dbe430bd54/datanode-0/data/ratis/42ce9204-ee81-4a80-841e-e6c73168d3c7/current/log_inprogress_0
2022-10-10 08:40:58,955 [Over Replicated Processor] INFO  replication.OverReplicatedProcessor (OverReplicatedProcessor.java:processAll(90)) - Processed 0 over replicated containers, failed processing 0
2022-10-10 08:40:58,955 [Under Replicated Processor] INFO  replication.UnderReplicatedProcessor (UnderReplicatedProcessor.java:processAll(92)) - Processed 0 under replicated containers, failed processing 0
2022-10-10 08:41:01,792 [IPC Server handler 11 on default port 46869] INFO  ha.SequenceIdGenerator (SequenceIdGenerator.java:getNextId(128)) - Allocate a batch for delTxnId, change lastId from 0 to 1000.
]]></system-out>
  </testcase>
  <testcase name="testListStatusIteratorOnPageSize" classname="TestOzoneFileSystem" time="47.747">
    <system-out><![CDATA[2022-10-10 08:42:36,208 [Under Replicated Processor] INFO  replication.UnderReplicatedProcessor (UnderReplicatedProcessor.java:processAll(92)) - Processed 0 under replicated containers, failed processing 0
2022-10-10 08:42:36,209 [Over Replicated Processor] INFO  replication.OverReplicatedProcessor (OverReplicatedProcessor.java:processAll(90)) - Processed 0 over replicated containers, failed processing 0
2022-10-10 08:43:06,208 [Under Replicated Processor] INFO  replication.UnderReplicatedProcessor (UnderReplicatedProcessor.java:processAll(92)) - Processed 0 under replicated containers, failed processing 0
2022-10-10 08:43:06,209 [Over Replicated Processor] INFO  replication.OverReplicatedProcessor (OverReplicatedProcessor.java:processAll(90)) - Processed 0 over replicated containers, failed processing 0
2022-10-10 08:43:08,395 [IPC Server handler 12 on default port 37757] INFO  ha.SequenceIdGenerator (SequenceIdGenerator.java:getNextId(128)) - Allocate a batch for delTxnId, change lastId from 0 to 1000.
]]></system-out>
  </testcase>
  <testcase name="testRenameToTrashEnabled" classname="TestOzoneFileSystem" time="0.152">
    <system-out><![CDATA[08:37:40.321 [IPC Server handler 14 on default port 46487] ERROR OMAudit - user=runner | ip=127.0.0.1 | op=GET_FILE_STATUS {volume=volume16396, bucket=bucket39555, key=.Trash/runner/Current/testKey1, dataSize=0, replicationConfig=null} | ret=FAILURE
org.apache.hadoop.ozone.om.exceptions.OMException: Unable to get file status: volume: volume16396 bucket: bucket39555 key: .Trash/runner/Current/testKey1
	at org.apache.hadoop.ozone.om.KeyManagerImpl.getOzoneFileStatus(KeyManagerImpl.java:1270) ~[ozone-manager-1.3.0-SNAPSHOT.jar:?]
	at org.apache.hadoop.ozone.om.KeyManagerImpl.getFileStatus(KeyManagerImpl.java:1200) ~[ozone-manager-1.3.0-SNAPSHOT.jar:?]
	at org.apache.hadoop.ozone.om.OzoneManager.getFileStatus(OzoneManager.java:3507) ~[ozone-manager-1.3.0-SNAPSHOT.jar:?]
	at org.apache.hadoop.ozone.protocolPB.OzoneManagerRequestHandler.getOzoneFileStatus(OzoneManagerRequestHandler.java:882) ~[ozone-manager-1.3.0-SNAPSHOT.jar:?]
	at org.apache.hadoop.ozone.protocolPB.OzoneManagerRequestHandler.handleReadRequest(OzoneManagerRequestHandler.java:228) ~[ozone-manager-1.3.0-SNAPSHOT.jar:?]
	at org.apache.hadoop.ozone.protocolPB.OzoneManagerProtocolServerSideTranslatorPB.submitReadRequestToOM(OzoneManagerProtocolServerSideTranslatorPB.java:226) ~[ozone-manager-1.3.0-SNAPSHOT.jar:?]
	at org.apache.hadoop.ozone.protocolPB.OzoneManagerProtocolServerSideTranslatorPB.processRequest(OzoneManagerProtocolServerSideTranslatorPB.java:175) ~[ozone-manager-1.3.0-SNAPSHOT.jar:?]
	at org.apache.hadoop.hdds.server.OzoneProtocolMessageDispatcher.processRequest(OzoneProtocolMessageDispatcher.java:87) [hdds-server-framework-1.3.0-SNAPSHOT.jar:?]
	at org.apache.hadoop.ozone.protocolPB.OzoneManagerProtocolServerSideTranslatorPB.submitRequest(OzoneManagerProtocolServerSideTranslatorPB.java:147) [ozone-manager-1.3.0-SNAPSHOT.jar:?]
	at org.apache.hadoop.ozone.protocol.proto.OzoneManagerProtocolProtos$OzoneManagerService$2.callBlockingMethod(OzoneManagerProtocolProtos.java) [ozone-interface-client-1.3.0-SNAPSHOT.jar:?]
	at org.apache.hadoop.ipc.ProtobufRpcEngine$Server.processCall(ProtobufRpcEngine.java:466) [hadoop-common-3.3.1.jar:?]
	at org.apache.hadoop.ipc.ProtobufRpcEngine2$Server$ProtoBufRpcInvoker.call(ProtobufRpcEngine2.java:574) [hadoop-common-3.3.1.jar:?]
	at org.apache.hadoop.ipc.ProtobufRpcEngine2$Server$ProtoBufRpcInvoker.call(ProtobufRpcEngine2.java:552) [hadoop-common-3.3.1.jar:?]
	at org.apache.hadoop.ipc.RPC$Server.call(RPC.java:1093) [hadoop-common-3.3.1.jar:?]
	at org.apache.hadoop.ipc.Server$RpcCall.run(Server.java:1035) [hadoop-common-3.3.1.jar:?]
	at org.apache.hadoop.ipc.Server$RpcCall.run(Server.java:963) [hadoop-common-3.3.1.jar:?]
	at java.security.AccessController.doPrivileged(Native Method) ~[?:1.8.0_345]
	at javax.security.auth.Subject.doAs(Subject.java:422) [?:1.8.0_345]
	at org.apache.hadoop.security.UserGroupInformation.doAs(UserGroupInformation.java:1878) [hadoop-common-3.3.1.jar:?]
	at org.apache.hadoop.ipc.Server$Handler.run(Server.java:2966) [hadoop-common-3.3.1.jar:?]
2022-10-10 08:37:40,322 [Time-limited test] WARN  ozone.BasicOzoneFileSystem (BasicOzoneFileSystem.java:getFileStatus(765)) - GetFileStatus failed for path /.Trash/runner/Current/testKey1
java.io.FileNotFoundException: .Trash/runner/Current/testKey1: No such file or directory!
	at org.apache.hadoop.fs.ozone.BasicOzoneClientAdapterImpl.getFileStatus(BasicOzoneClientAdapterImpl.java:369)
	at org.apache.hadoop.fs.ozone.BasicOzoneFileSystem.getFileStatus(BasicOzoneFileSystem.java:757)
	at org.apache.hadoop.fs.FileSystem.exists(FileSystem.java:1760)
	at org.apache.hadoop.fs.ozone.BasicOzoneFileSystem.exists(BasicOzoneFileSystem.java:804)
	at org.apache.hadoop.fs.TrashPolicyDefault.moveToTrash(TrashPolicyDefault.java:181)
	at org.apache.hadoop.fs.Trash.moveToTrash(Trash.java:110)
	at org.apache.hadoop.fs.ozone.TestOzoneFileSystem.testRenameToTrashEnabled(TestOzoneFileSystem.java:1549)
	at sun.reflect.NativeMethodAccessorImpl.invoke0(Native Method)
	at sun.reflect.NativeMethodAccessorImpl.invoke(NativeMethodAccessorImpl.java:62)
	at sun.reflect.DelegatingMethodAccessorImpl.invoke(DelegatingMethodAccessorImpl.java:43)
	at java.lang.reflect.Method.invoke(Method.java:498)
	at org.junit.runners.model.FrameworkMethod$1.runReflectiveCall(FrameworkMethod.java:59)
	at org.junit.internal.runners.model.ReflectiveCallable.run(ReflectiveCallable.java:12)
	at org.junit.runners.model.FrameworkMethod.invokeExplosively(FrameworkMethod.java:56)
	at org.junit.internal.runners.statements.InvokeMethod.evaluate(InvokeMethod.java:17)
	at org.junit.internal.runners.statements.RunAfters.evaluate(RunAfters.java:27)
	at org.junit.internal.runners.statements.FailOnTimeout$CallableStatement.call(FailOnTimeout.java:288)
	at org.junit.internal.runners.statements.FailOnTimeout$CallableStatement.call(FailOnTimeout.java:282)
	at java.util.concurrent.FutureTask.run(FutureTask.java:266)
	at java.lang.Thread.run(Thread.java:750)
08:37:40.325 [IPC Server handler 13 on default port 46487] ERROR OMAudit - user=runner | ip=127.0.0.1 | op=GET_FILE_STATUS {volume=volume16396, bucket=bucket39555, key=.Trash/runner/Current/testKey1, dataSize=0, replicationConfig=null} | ret=FAILURE
org.apache.hadoop.ozone.om.exceptions.OMException: Unable to get file status: volume: volume16396 bucket: bucket39555 key: .Trash/runner/Current/testKey1
	at org.apache.hadoop.ozone.om.KeyManagerImpl.getOzoneFileStatus(KeyManagerImpl.java:1270) ~[ozone-manager-1.3.0-SNAPSHOT.jar:?]
	at org.apache.hadoop.ozone.om.KeyManagerImpl.getFileStatus(KeyManagerImpl.java:1200) ~[ozone-manager-1.3.0-SNAPSHOT.jar:?]
	at org.apache.hadoop.ozone.om.OzoneManager.getFileStatus(OzoneManager.java:3507) ~[ozone-manager-1.3.0-SNAPSHOT.jar:?]
	at org.apache.hadoop.ozone.protocolPB.OzoneManagerRequestHandler.getOzoneFileStatus(OzoneManagerRequestHandler.java:882) ~[ozone-manager-1.3.0-SNAPSHOT.jar:?]
	at org.apache.hadoop.ozone.protocolPB.OzoneManagerRequestHandler.handleReadRequest(OzoneManagerRequestHandler.java:228) ~[ozone-manager-1.3.0-SNAPSHOT.jar:?]
	at org.apache.hadoop.ozone.protocolPB.OzoneManagerProtocolServerSideTranslatorPB.submitReadRequestToOM(OzoneManagerProtocolServerSideTranslatorPB.java:226) ~[ozone-manager-1.3.0-SNAPSHOT.jar:?]
	at org.apache.hadoop.ozone.protocolPB.OzoneManagerProtocolServerSideTranslatorPB.processRequest(OzoneManagerProtocolServerSideTranslatorPB.java:175) ~[ozone-manager-1.3.0-SNAPSHOT.jar:?]
	at org.apache.hadoop.hdds.server.OzoneProtocolMessageDispatcher.processRequest(OzoneProtocolMessageDispatcher.java:87) [hdds-server-framework-1.3.0-SNAPSHOT.jar:?]
	at org.apache.hadoop.ozone.protocolPB.OzoneManagerProtocolServerSideTranslatorPB.submitRequest(OzoneManagerProtocolServerSideTranslatorPB.java:147) [ozone-manager-1.3.0-SNAPSHOT.jar:?]
	at org.apache.hadoop.ozone.protocol.proto.OzoneManagerProtocolProtos$OzoneManagerService$2.callBlockingMethod(OzoneManagerProtocolProtos.java) [ozone-interface-client-1.3.0-SNAPSHOT.jar:?]
	at org.apache.hadoop.ipc.ProtobufRpcEngine$Server.processCall(ProtobufRpcEngine.java:466) [hadoop-common-3.3.1.jar:?]
	at org.apache.hadoop.ipc.ProtobufRpcEngine2$Server$ProtoBufRpcInvoker.call(ProtobufRpcEngine2.java:574) [hadoop-common-3.3.1.jar:?]
	at org.apache.hadoop.ipc.ProtobufRpcEngine2$Server$ProtoBufRpcInvoker.call(ProtobufRpcEngine2.java:552) [hadoop-common-3.3.1.jar:?]
	at org.apache.hadoop.ipc.RPC$Server.call(RPC.java:1093) [hadoop-common-3.3.1.jar:?]
	at org.apache.hadoop.ipc.Server$RpcCall.run(Server.java:1035) [hadoop-common-3.3.1.jar:?]
	at org.apache.hadoop.ipc.Server$RpcCall.run(Server.java:963) [hadoop-common-3.3.1.jar:?]
	at java.security.AccessController.doPrivileged(Native Method) ~[?:1.8.0_345]
	at javax.security.auth.Subject.doAs(Subject.java:422) [?:1.8.0_345]
	at org.apache.hadoop.security.UserGroupInformation.doAs(UserGroupInformation.java:1878) [hadoop-common-3.3.1.jar:?]
	at org.apache.hadoop.ipc.Server$Handler.run(Server.java:2966) [hadoop-common-3.3.1.jar:?]
2022-10-10 08:37:40,326 [Time-limited test] WARN  ozone.BasicOzoneFileSystem (BasicOzoneFileSystem.java:getFileStatus(765)) - GetFileStatus failed for path /.Trash/runner/Current/testKey1
java.io.FileNotFoundException: .Trash/runner/Current/testKey1: No such file or directory!
	at org.apache.hadoop.fs.ozone.BasicOzoneClientAdapterImpl.getFileStatus(BasicOzoneClientAdapterImpl.java:369)
	at org.apache.hadoop.fs.ozone.BasicOzoneFileSystem.getFileStatus(BasicOzoneFileSystem.java:757)
	at org.apache.hadoop.fs.ozone.BasicOzoneFileSystem.rename(BasicOzoneFileSystem.java:357)
	at org.apache.hadoop.fs.ozone.BasicOzoneFileSystem.rename(BasicOzoneFileSystem.java:454)
	at org.apache.hadoop.fs.TrashPolicyDefault.moveToTrash(TrashPolicyDefault.java:186)
	at org.apache.hadoop.fs.Trash.moveToTrash(Trash.java:110)
	at org.apache.hadoop.fs.ozone.TestOzoneFileSystem.testRenameToTrashEnabled(TestOzoneFileSystem.java:1549)
	at sun.reflect.NativeMethodAccessorImpl.invoke0(Native Method)
	at sun.reflect.NativeMethodAccessorImpl.invoke(NativeMethodAccessorImpl.java:62)
	at sun.reflect.DelegatingMethodAccessorImpl.invoke(DelegatingMethodAccessorImpl.java:43)
	at java.lang.reflect.Method.invoke(Method.java:498)
	at org.junit.runners.model.FrameworkMethod$1.runReflectiveCall(FrameworkMethod.java:59)
	at org.junit.internal.runners.model.ReflectiveCallable.run(ReflectiveCallable.java:12)
	at org.junit.runners.model.FrameworkMethod.invokeExplosively(FrameworkMethod.java:56)
	at org.junit.internal.runners.statements.InvokeMethod.evaluate(InvokeMethod.java:17)
	at org.junit.internal.runners.statements.RunAfters.evaluate(RunAfters.java:27)
	at org.junit.internal.runners.statements.FailOnTimeout$CallableStatement.call(FailOnTimeout.java:288)
	at org.junit.internal.runners.statements.FailOnTimeout$CallableStatement.call(FailOnTimeout.java:282)
	at java.util.concurrent.FutureTask.run(FutureTask.java:266)
	at java.lang.Thread.run(Thread.java:750)
2022-10-10 08:37:40,334 [Time-limited test] INFO  fs.TrashPolicyDefault (TrashPolicyDefault.java:moveToTrash(188)) - Moved: '/testKey1' to trash at: /.Trash/runner/Current/testKey1
]]></system-out>
  </testcase>
  <testcase name="testRenameToTrashEnabled" classname="TestOzoneFileSystem" time="0.485">
    <system-out><![CDATA[08:39:17.310 [IPC Server handler 10 on default port 43231] ERROR OMAudit - user=runner | ip=127.0.0.1 | op=GET_FILE_STATUS {volume=volume27327, bucket=bucket40120, key=.Trash/runner/Current/testKey1, dataSize=0, replicationConfig=null} | ret=FAILURE
org.apache.hadoop.ozone.om.exceptions.OMException: Unable to get file status: volume: volume27327 bucket: bucket40120 key: .Trash/runner/Current/testKey1
	at org.apache.hadoop.ozone.om.KeyManagerImpl.getOzoneFileStatus(KeyManagerImpl.java:1270) ~[ozone-manager-1.3.0-SNAPSHOT.jar:?]
	at org.apache.hadoop.ozone.om.KeyManagerImpl.getFileStatus(KeyManagerImpl.java:1200) ~[ozone-manager-1.3.0-SNAPSHOT.jar:?]
	at org.apache.hadoop.ozone.om.OzoneManager.getFileStatus(OzoneManager.java:3507) ~[ozone-manager-1.3.0-SNAPSHOT.jar:?]
	at org.apache.hadoop.ozone.protocolPB.OzoneManagerRequestHandler.getOzoneFileStatus(OzoneManagerRequestHandler.java:882) ~[ozone-manager-1.3.0-SNAPSHOT.jar:?]
	at org.apache.hadoop.ozone.protocolPB.OzoneManagerRequestHandler.handleReadRequest(OzoneManagerRequestHandler.java:228) ~[ozone-manager-1.3.0-SNAPSHOT.jar:?]
	at org.apache.hadoop.ozone.protocolPB.OzoneManagerProtocolServerSideTranslatorPB.submitRequestDirectlyToOM(OzoneManagerProtocolServerSideTranslatorPB.java:276) ~[ozone-manager-1.3.0-SNAPSHOT.jar:?]
	at org.apache.hadoop.ozone.protocolPB.OzoneManagerProtocolServerSideTranslatorPB.processRequest(OzoneManagerProtocolServerSideTranslatorPB.java:205) ~[ozone-manager-1.3.0-SNAPSHOT.jar:?]
	at org.apache.hadoop.hdds.server.OzoneProtocolMessageDispatcher.processRequest(OzoneProtocolMessageDispatcher.java:87) [hdds-server-framework-1.3.0-SNAPSHOT.jar:?]
	at org.apache.hadoop.ozone.protocolPB.OzoneManagerProtocolServerSideTranslatorPB.submitRequest(OzoneManagerProtocolServerSideTranslatorPB.java:147) [ozone-manager-1.3.0-SNAPSHOT.jar:?]
	at org.apache.hadoop.ozone.protocol.proto.OzoneManagerProtocolProtos$OzoneManagerService$2.callBlockingMethod(OzoneManagerProtocolProtos.java) [ozone-interface-client-1.3.0-SNAPSHOT.jar:?]
	at org.apache.hadoop.ipc.ProtobufRpcEngine$Server.processCall(ProtobufRpcEngine.java:466) [hadoop-common-3.3.1.jar:?]
	at org.apache.hadoop.ipc.ProtobufRpcEngine2$Server$ProtoBufRpcInvoker.call(ProtobufRpcEngine2.java:574) [hadoop-common-3.3.1.jar:?]
	at org.apache.hadoop.ipc.ProtobufRpcEngine2$Server$ProtoBufRpcInvoker.call(ProtobufRpcEngine2.java:552) [hadoop-common-3.3.1.jar:?]
	at org.apache.hadoop.ipc.RPC$Server.call(RPC.java:1093) [hadoop-common-3.3.1.jar:?]
	at org.apache.hadoop.ipc.Server$RpcCall.run(Server.java:1035) [hadoop-common-3.3.1.jar:?]
	at org.apache.hadoop.ipc.Server$RpcCall.run(Server.java:963) [hadoop-common-3.3.1.jar:?]
	at java.security.AccessController.doPrivileged(Native Method) ~[?:1.8.0_345]
	at javax.security.auth.Subject.doAs(Subject.java:422) [?:1.8.0_345]
	at org.apache.hadoop.security.UserGroupInformation.doAs(UserGroupInformation.java:1878) [hadoop-common-3.3.1.jar:?]
	at org.apache.hadoop.ipc.Server$Handler.run(Server.java:2966) [hadoop-common-3.3.1.jar:?]
2022-10-10 08:39:17,310 [Time-limited test] WARN  ozone.BasicOzoneFileSystem (BasicOzoneFileSystem.java:getFileStatus(765)) - GetFileStatus failed for path /.Trash/runner/Current/testKey1
java.io.FileNotFoundException: .Trash/runner/Current/testKey1: No such file or directory!
	at org.apache.hadoop.fs.ozone.BasicOzoneClientAdapterImpl.getFileStatus(BasicOzoneClientAdapterImpl.java:369)
	at org.apache.hadoop.fs.ozone.BasicOzoneFileSystem.getFileStatus(BasicOzoneFileSystem.java:757)
	at org.apache.hadoop.fs.FileSystem.exists(FileSystem.java:1760)
	at org.apache.hadoop.fs.ozone.BasicOzoneFileSystem.exists(BasicOzoneFileSystem.java:804)
	at org.apache.hadoop.fs.TrashPolicyDefault.moveToTrash(TrashPolicyDefault.java:181)
	at org.apache.hadoop.fs.Trash.moveToTrash(Trash.java:110)
	at org.apache.hadoop.fs.ozone.TestOzoneFileSystem.testRenameToTrashEnabled(TestOzoneFileSystem.java:1549)
	at sun.reflect.NativeMethodAccessorImpl.invoke0(Native Method)
	at sun.reflect.NativeMethodAccessorImpl.invoke(NativeMethodAccessorImpl.java:62)
	at sun.reflect.DelegatingMethodAccessorImpl.invoke(DelegatingMethodAccessorImpl.java:43)
	at java.lang.reflect.Method.invoke(Method.java:498)
	at org.junit.runners.model.FrameworkMethod$1.runReflectiveCall(FrameworkMethod.java:59)
	at org.junit.internal.runners.model.ReflectiveCallable.run(ReflectiveCallable.java:12)
	at org.junit.runners.model.FrameworkMethod.invokeExplosively(FrameworkMethod.java:56)
	at org.junit.internal.runners.statements.InvokeMethod.evaluate(InvokeMethod.java:17)
	at org.junit.internal.runners.statements.RunAfters.evaluate(RunAfters.java:27)
	at org.junit.internal.runners.statements.FailOnTimeout$CallableStatement.call(FailOnTimeout.java:288)
	at org.junit.internal.runners.statements.FailOnTimeout$CallableStatement.call(FailOnTimeout.java:282)
	at java.util.concurrent.FutureTask.run(FutureTask.java:266)
	at java.lang.Thread.run(Thread.java:750)
08:39:17.317 [IPC Server handler 12 on default port 43231] ERROR OMAudit - user=runner | ip=127.0.0.1 | op=GET_FILE_STATUS {volume=volume27327, bucket=bucket40120, key=.Trash/runner/Current/testKey1, dataSize=0, replicationConfig=null} | ret=FAILURE
org.apache.hadoop.ozone.om.exceptions.OMException: Unable to get file status: volume: volume27327 bucket: bucket40120 key: .Trash/runner/Current/testKey1
	at org.apache.hadoop.ozone.om.KeyManagerImpl.getOzoneFileStatus(KeyManagerImpl.java:1270) ~[ozone-manager-1.3.0-SNAPSHOT.jar:?]
	at org.apache.hadoop.ozone.om.KeyManagerImpl.getFileStatus(KeyManagerImpl.java:1200) ~[ozone-manager-1.3.0-SNAPSHOT.jar:?]
	at org.apache.hadoop.ozone.om.OzoneManager.getFileStatus(OzoneManager.java:3507) ~[ozone-manager-1.3.0-SNAPSHOT.jar:?]
	at org.apache.hadoop.ozone.protocolPB.OzoneManagerRequestHandler.getOzoneFileStatus(OzoneManagerRequestHandler.java:882) ~[ozone-manager-1.3.0-SNAPSHOT.jar:?]
	at org.apache.hadoop.ozone.protocolPB.OzoneManagerRequestHandler.handleReadRequest(OzoneManagerRequestHandler.java:228) ~[ozone-manager-1.3.0-SNAPSHOT.jar:?]
	at org.apache.hadoop.ozone.protocolPB.OzoneManagerProtocolServerSideTranslatorPB.submitRequestDirectlyToOM(OzoneManagerProtocolServerSideTranslatorPB.java:276) ~[ozone-manager-1.3.0-SNAPSHOT.jar:?]
	at org.apache.hadoop.ozone.protocolPB.OzoneManagerProtocolServerSideTranslatorPB.processRequest(OzoneManagerProtocolServerSideTranslatorPB.java:205) ~[ozone-manager-1.3.0-SNAPSHOT.jar:?]
	at org.apache.hadoop.hdds.server.OzoneProtocolMessageDispatcher.processRequest(OzoneProtocolMessageDispatcher.java:87) [hdds-server-framework-1.3.0-SNAPSHOT.jar:?]
	at org.apache.hadoop.ozone.protocolPB.OzoneManagerProtocolServerSideTranslatorPB.submitRequest(OzoneManagerProtocolServerSideTranslatorPB.java:147) [ozone-manager-1.3.0-SNAPSHOT.jar:?]
	at org.apache.hadoop.ozone.protocol.proto.OzoneManagerProtocolProtos$OzoneManagerService$2.callBlockingMethod(OzoneManagerProtocolProtos.java) [ozone-interface-client-1.3.0-SNAPSHOT.jar:?]
	at org.apache.hadoop.ipc.ProtobufRpcEngine$Server.processCall(ProtobufRpcEngine.java:466) [hadoop-common-3.3.1.jar:?]
	at org.apache.hadoop.ipc.ProtobufRpcEngine2$Server$ProtoBufRpcInvoker.call(ProtobufRpcEngine2.java:574) [hadoop-common-3.3.1.jar:?]
	at org.apache.hadoop.ipc.ProtobufRpcEngine2$Server$ProtoBufRpcInvoker.call(ProtobufRpcEngine2.java:552) [hadoop-common-3.3.1.jar:?]
	at org.apache.hadoop.ipc.RPC$Server.call(RPC.java:1093) [hadoop-common-3.3.1.jar:?]
	at org.apache.hadoop.ipc.Server$RpcCall.run(Server.java:1035) [hadoop-common-3.3.1.jar:?]
	at org.apache.hadoop.ipc.Server$RpcCall.run(Server.java:963) [hadoop-common-3.3.1.jar:?]
	at java.security.AccessController.doPrivileged(Native Method) ~[?:1.8.0_345]
	at javax.security.auth.Subject.doAs(Subject.java:422) [?:1.8.0_345]
	at org.apache.hadoop.security.UserGroupInformation.doAs(UserGroupInformation.java:1878) [hadoop-common-3.3.1.jar:?]
	at org.apache.hadoop.ipc.Server$Handler.run(Server.java:2966) [hadoop-common-3.3.1.jar:?]
2022-10-10 08:39:17,318 [Time-limited test] WARN  ozone.BasicOzoneFileSystem (BasicOzoneFileSystem.java:getFileStatus(765)) - GetFileStatus failed for path /.Trash/runner/Current/testKey1
java.io.FileNotFoundException: .Trash/runner/Current/testKey1: No such file or directory!
	at org.apache.hadoop.fs.ozone.BasicOzoneClientAdapterImpl.getFileStatus(BasicOzoneClientAdapterImpl.java:369)
	at org.apache.hadoop.fs.ozone.BasicOzoneFileSystem.getFileStatus(BasicOzoneFileSystem.java:757)
	at org.apache.hadoop.fs.ozone.BasicOzoneFileSystem.rename(BasicOzoneFileSystem.java:357)
	at org.apache.hadoop.fs.ozone.BasicOzoneFileSystem.rename(BasicOzoneFileSystem.java:454)
	at org.apache.hadoop.fs.TrashPolicyDefault.moveToTrash(TrashPolicyDefault.java:186)
	at org.apache.hadoop.fs.Trash.moveToTrash(Trash.java:110)
	at org.apache.hadoop.fs.ozone.TestOzoneFileSystem.testRenameToTrashEnabled(TestOzoneFileSystem.java:1549)
	at sun.reflect.NativeMethodAccessorImpl.invoke0(Native Method)
	at sun.reflect.NativeMethodAccessorImpl.invoke(NativeMethodAccessorImpl.java:62)
	at sun.reflect.DelegatingMethodAccessorImpl.invoke(DelegatingMethodAccessorImpl.java:43)
	at java.lang.reflect.Method.invoke(Method.java:498)
	at org.junit.runners.model.FrameworkMethod$1.runReflectiveCall(FrameworkMethod.java:59)
	at org.junit.internal.runners.model.ReflectiveCallable.run(ReflectiveCallable.java:12)
	at org.junit.runners.model.FrameworkMethod.invokeExplosively(FrameworkMethod.java:56)
	at org.junit.internal.runners.statements.InvokeMethod.evaluate(InvokeMethod.java:17)
	at org.junit.internal.runners.statements.RunAfters.evaluate(RunAfters.java:27)
	at org.junit.internal.runners.statements.FailOnTimeout$CallableStatement.call(FailOnTimeout.java:288)
	at org.junit.internal.runners.statements.FailOnTimeout$CallableStatement.call(FailOnTimeout.java:282)
	at java.util.concurrent.FutureTask.run(FutureTask.java:266)
	at java.lang.Thread.run(Thread.java:750)
2022-10-10 08:39:17,324 [Time-limited test] INFO  fs.TrashPolicyDefault (TrashPolicyDefault.java:moveToTrash(188)) - Moved: '/testKey1' to trash at: /.Trash/runner/Current/testKey1
]]></system-out>
  </testcase>
  <testcase name="testRenameToTrashEnabled" classname="TestOzoneFileSystem" time="0.381">
    <system-out><![CDATA[08:41:19.503 [IPC Server handler 11 on default port 41701] ERROR OMAudit - user=runner | ip=127.0.0.1 | op=GET_FILE_STATUS {volume=volume83680, bucket=bucket94599, key=.Trash/runner/Current/testKey1, dataSize=0, replicationConfig=null} | ret=FAILURE
org.apache.hadoop.ozone.om.exceptions.OMException: Unable to get file status: volume: volume83680 bucket: bucket94599 key: .Trash/runner/Current/testKey1
	at org.apache.hadoop.ozone.om.KeyManagerImpl.getOzoneFileStatus(KeyManagerImpl.java:1270) ~[ozone-manager-1.3.0-SNAPSHOT.jar:?]
	at org.apache.hadoop.ozone.om.KeyManagerImpl.getFileStatus(KeyManagerImpl.java:1200) ~[ozone-manager-1.3.0-SNAPSHOT.jar:?]
	at org.apache.hadoop.ozone.om.OzoneManager.getFileStatus(OzoneManager.java:3507) ~[ozone-manager-1.3.0-SNAPSHOT.jar:?]
	at org.apache.hadoop.ozone.protocolPB.OzoneManagerRequestHandler.getOzoneFileStatus(OzoneManagerRequestHandler.java:882) ~[ozone-manager-1.3.0-SNAPSHOT.jar:?]
	at org.apache.hadoop.ozone.protocolPB.OzoneManagerRequestHandler.handleReadRequest(OzoneManagerRequestHandler.java:228) ~[ozone-manager-1.3.0-SNAPSHOT.jar:?]
	at org.apache.hadoop.ozone.protocolPB.OzoneManagerProtocolServerSideTranslatorPB.submitReadRequestToOM(OzoneManagerProtocolServerSideTranslatorPB.java:226) ~[ozone-manager-1.3.0-SNAPSHOT.jar:?]
	at org.apache.hadoop.ozone.protocolPB.OzoneManagerProtocolServerSideTranslatorPB.processRequest(OzoneManagerProtocolServerSideTranslatorPB.java:175) ~[ozone-manager-1.3.0-SNAPSHOT.jar:?]
	at org.apache.hadoop.hdds.server.OzoneProtocolMessageDispatcher.processRequest(OzoneProtocolMessageDispatcher.java:87) [hdds-server-framework-1.3.0-SNAPSHOT.jar:?]
	at org.apache.hadoop.ozone.protocolPB.OzoneManagerProtocolServerSideTranslatorPB.submitRequest(OzoneManagerProtocolServerSideTranslatorPB.java:147) [ozone-manager-1.3.0-SNAPSHOT.jar:?]
	at org.apache.hadoop.ozone.protocol.proto.OzoneManagerProtocolProtos$OzoneManagerService$2.callBlockingMethod(OzoneManagerProtocolProtos.java) [ozone-interface-client-1.3.0-SNAPSHOT.jar:?]
	at org.apache.hadoop.ipc.ProtobufRpcEngine$Server.processCall(ProtobufRpcEngine.java:466) [hadoop-common-3.3.1.jar:?]
	at org.apache.hadoop.ipc.ProtobufRpcEngine2$Server$ProtoBufRpcInvoker.call(ProtobufRpcEngine2.java:574) [hadoop-common-3.3.1.jar:?]
	at org.apache.hadoop.ipc.ProtobufRpcEngine2$Server$ProtoBufRpcInvoker.call(ProtobufRpcEngine2.java:552) [hadoop-common-3.3.1.jar:?]
	at org.apache.hadoop.ipc.RPC$Server.call(RPC.java:1093) [hadoop-common-3.3.1.jar:?]
	at org.apache.hadoop.ipc.Server$RpcCall.run(Server.java:1035) [hadoop-common-3.3.1.jar:?]
	at org.apache.hadoop.ipc.Server$RpcCall.run(Server.java:963) [hadoop-common-3.3.1.jar:?]
	at java.security.AccessController.doPrivileged(Native Method) ~[?:1.8.0_345]
	at javax.security.auth.Subject.doAs(Subject.java:422) [?:1.8.0_345]
	at org.apache.hadoop.security.UserGroupInformation.doAs(UserGroupInformation.java:1878) [hadoop-common-3.3.1.jar:?]
	at org.apache.hadoop.ipc.Server$Handler.run(Server.java:2966) [hadoop-common-3.3.1.jar:?]
2022-10-10 08:41:19,503 [Time-limited test] WARN  ozone.BasicOzoneFileSystem (BasicOzoneFileSystem.java:getFileStatus(765)) - GetFileStatus failed for path /.Trash/runner/Current/testKey1
java.io.FileNotFoundException: .Trash/runner/Current/testKey1: No such file or directory!
	at org.apache.hadoop.fs.ozone.BasicOzoneClientAdapterImpl.getFileStatus(BasicOzoneClientAdapterImpl.java:369)
	at org.apache.hadoop.fs.ozone.BasicOzoneFileSystem.getFileStatus(BasicOzoneFileSystem.java:757)
	at org.apache.hadoop.fs.FileSystem.exists(FileSystem.java:1760)
	at org.apache.hadoop.fs.ozone.BasicOzoneFileSystem.exists(BasicOzoneFileSystem.java:804)
	at org.apache.hadoop.fs.TrashPolicyDefault.moveToTrash(TrashPolicyDefault.java:181)
	at org.apache.hadoop.fs.Trash.moveToTrash(Trash.java:110)
	at org.apache.hadoop.fs.ozone.TestOzoneFileSystem.testRenameToTrashEnabled(TestOzoneFileSystem.java:1549)
	at sun.reflect.NativeMethodAccessorImpl.invoke0(Native Method)
	at sun.reflect.NativeMethodAccessorImpl.invoke(NativeMethodAccessorImpl.java:62)
	at sun.reflect.DelegatingMethodAccessorImpl.invoke(DelegatingMethodAccessorImpl.java:43)
	at java.lang.reflect.Method.invoke(Method.java:498)
	at org.junit.runners.model.FrameworkMethod$1.runReflectiveCall(FrameworkMethod.java:59)
	at org.junit.internal.runners.model.ReflectiveCallable.run(ReflectiveCallable.java:12)
	at org.junit.runners.model.FrameworkMethod.invokeExplosively(FrameworkMethod.java:56)
	at org.junit.internal.runners.statements.InvokeMethod.evaluate(InvokeMethod.java:17)
	at org.junit.internal.runners.statements.RunAfters.evaluate(RunAfters.java:27)
	at org.junit.internal.runners.statements.FailOnTimeout$CallableStatement.call(FailOnTimeout.java:288)
	at org.junit.internal.runners.statements.FailOnTimeout$CallableStatement.call(FailOnTimeout.java:282)
	at java.util.concurrent.FutureTask.run(FutureTask.java:266)
	at java.lang.Thread.run(Thread.java:750)
08:41:19.517 [IPC Server handler 5 on default port 41701] ERROR OMAudit - user=runner | ip=127.0.0.1 | op=GET_FILE_STATUS {volume=volume83680, bucket=bucket94599, key=.Trash/runner/Current/testKey1, dataSize=0, replicationConfig=null} | ret=FAILURE
org.apache.hadoop.ozone.om.exceptions.OMException: Unable to get file status: volume: volume83680 bucket: bucket94599 key: .Trash/runner/Current/testKey1
	at org.apache.hadoop.ozone.om.KeyManagerImpl.getOzoneFileStatus(KeyManagerImpl.java:1270) ~[ozone-manager-1.3.0-SNAPSHOT.jar:?]
	at org.apache.hadoop.ozone.om.KeyManagerImpl.getFileStatus(KeyManagerImpl.java:1200) ~[ozone-manager-1.3.0-SNAPSHOT.jar:?]
	at org.apache.hadoop.ozone.om.OzoneManager.getFileStatus(OzoneManager.java:3507) ~[ozone-manager-1.3.0-SNAPSHOT.jar:?]
	at org.apache.hadoop.ozone.protocolPB.OzoneManagerRequestHandler.getOzoneFileStatus(OzoneManagerRequestHandler.java:882) ~[ozone-manager-1.3.0-SNAPSHOT.jar:?]
	at org.apache.hadoop.ozone.protocolPB.OzoneManagerRequestHandler.handleReadRequest(OzoneManagerRequestHandler.java:228) ~[ozone-manager-1.3.0-SNAPSHOT.jar:?]
	at org.apache.hadoop.ozone.protocolPB.OzoneManagerProtocolServerSideTranslatorPB.submitReadRequestToOM(OzoneManagerProtocolServerSideTranslatorPB.java:226) ~[ozone-manager-1.3.0-SNAPSHOT.jar:?]
	at org.apache.hadoop.ozone.protocolPB.OzoneManagerProtocolServerSideTranslatorPB.processRequest(OzoneManagerProtocolServerSideTranslatorPB.java:175) ~[ozone-manager-1.3.0-SNAPSHOT.jar:?]
	at org.apache.hadoop.hdds.server.OzoneProtocolMessageDispatcher.processRequest(OzoneProtocolMessageDispatcher.java:87) [hdds-server-framework-1.3.0-SNAPSHOT.jar:?]
	at org.apache.hadoop.ozone.protocolPB.OzoneManagerProtocolServerSideTranslatorPB.submitRequest(OzoneManagerProtocolServerSideTranslatorPB.java:147) [ozone-manager-1.3.0-SNAPSHOT.jar:?]
	at org.apache.hadoop.ozone.protocol.proto.OzoneManagerProtocolProtos$OzoneManagerService$2.callBlockingMethod(OzoneManagerProtocolProtos.java) [ozone-interface-client-1.3.0-SNAPSHOT.jar:?]
	at org.apache.hadoop.ipc.ProtobufRpcEngine$Server.processCall(ProtobufRpcEngine.java:466) [hadoop-common-3.3.1.jar:?]
	at org.apache.hadoop.ipc.ProtobufRpcEngine2$Server$ProtoBufRpcInvoker.call(ProtobufRpcEngine2.java:574) [hadoop-common-3.3.1.jar:?]
	at org.apache.hadoop.ipc.ProtobufRpcEngine2$Server$ProtoBufRpcInvoker.call(ProtobufRpcEngine2.java:552) [hadoop-common-3.3.1.jar:?]
	at org.apache.hadoop.ipc.RPC$Server.call(RPC.java:1093) [hadoop-common-3.3.1.jar:?]
	at org.apache.hadoop.ipc.Server$RpcCall.run(Server.java:1035) [hadoop-common-3.3.1.jar:?]
	at org.apache.hadoop.ipc.Server$RpcCall.run(Server.java:963) [hadoop-common-3.3.1.jar:?]
	at java.security.AccessController.doPrivileged(Native Method) ~[?:1.8.0_345]
	at javax.security.auth.Subject.doAs(Subject.java:422) [?:1.8.0_345]
	at org.apache.hadoop.security.UserGroupInformation.doAs(UserGroupInformation.java:1878) [hadoop-common-3.3.1.jar:?]
	at org.apache.hadoop.ipc.Server$Handler.run(Server.java:2966) [hadoop-common-3.3.1.jar:?]
2022-10-10 08:41:19,517 [Time-limited test] WARN  ozone.BasicOzoneFileSystem (BasicOzoneFileSystem.java:getFileStatus(765)) - GetFileStatus failed for path /.Trash/runner/Current/testKey1
java.io.FileNotFoundException: .Trash/runner/Current/testKey1: No such file or directory!
	at org.apache.hadoop.fs.ozone.BasicOzoneClientAdapterImpl.getFileStatus(BasicOzoneClientAdapterImpl.java:369)
	at org.apache.hadoop.fs.ozone.BasicOzoneFileSystem.getFileStatus(BasicOzoneFileSystem.java:757)
	at org.apache.hadoop.fs.ozone.BasicOzoneFileSystem.rename(BasicOzoneFileSystem.java:357)
	at org.apache.hadoop.fs.ozone.BasicOzoneFileSystem.rename(BasicOzoneFileSystem.java:454)
	at org.apache.hadoop.fs.TrashPolicyDefault.moveToTrash(TrashPolicyDefault.java:186)
	at org.apache.hadoop.fs.Trash.moveToTrash(Trash.java:110)
	at org.apache.hadoop.fs.ozone.TestOzoneFileSystem.testRenameToTrashEnabled(TestOzoneFileSystem.java:1549)
	at sun.reflect.NativeMethodAccessorImpl.invoke0(Native Method)
	at sun.reflect.NativeMethodAccessorImpl.invoke(NativeMethodAccessorImpl.java:62)
	at sun.reflect.DelegatingMethodAccessorImpl.invoke(DelegatingMethodAccessorImpl.java:43)
	at java.lang.reflect.Method.invoke(Method.java:498)
	at org.junit.runners.model.FrameworkMethod$1.runReflectiveCall(FrameworkMethod.java:59)
	at org.junit.internal.runners.model.ReflectiveCallable.run(ReflectiveCallable.java:12)
	at org.junit.runners.model.FrameworkMethod.invokeExplosively(FrameworkMethod.java:56)
	at org.junit.internal.runners.statements.InvokeMethod.evaluate(InvokeMethod.java:17)
	at org.junit.internal.runners.statements.RunAfters.evaluate(RunAfters.java:27)
	at org.junit.internal.runners.statements.FailOnTimeout$CallableStatement.call(FailOnTimeout.java:288)
	at org.junit.internal.runners.statements.FailOnTimeout$CallableStatement.call(FailOnTimeout.java:282)
	at java.util.concurrent.FutureTask.run(FutureTask.java:266)
	at java.lang.Thread.run(Thread.java:750)
2022-10-10 08:41:19,525 [Time-limited test] INFO  fs.TrashPolicyDefault (TrashPolicyDefault.java:moveToTrash(188)) - Moved: '/testKey1' to trash at: /.Trash/runner/Current/testKey1
]]></system-out>
  </testcase>
  <testcase name="testRenameToTrashEnabled" classname="TestOzoneFileSystem" time="0.526">
    <system-out><![CDATA[08:43:21.759 [IPC Server handler 15 on default port 37485] ERROR OMAudit - user=runner | ip=127.0.0.1 | op=GET_FILE_STATUS {volume=volume23299, bucket=bucket63939, key=.Trash/runner/Current/testKey1, dataSize=0, replicationConfig=null} | ret=FAILURE
org.apache.hadoop.ozone.om.exceptions.OMException: Unable to get file status: volume: volume23299 bucket: bucket63939 key: .Trash/runner/Current/testKey1
	at org.apache.hadoop.ozone.om.KeyManagerImpl.getOzoneFileStatus(KeyManagerImpl.java:1270) ~[ozone-manager-1.3.0-SNAPSHOT.jar:?]
	at org.apache.hadoop.ozone.om.KeyManagerImpl.getFileStatus(KeyManagerImpl.java:1200) ~[ozone-manager-1.3.0-SNAPSHOT.jar:?]
	at org.apache.hadoop.ozone.om.OzoneManager.getFileStatus(OzoneManager.java:3507) ~[ozone-manager-1.3.0-SNAPSHOT.jar:?]
	at org.apache.hadoop.ozone.protocolPB.OzoneManagerRequestHandler.getOzoneFileStatus(OzoneManagerRequestHandler.java:882) ~[ozone-manager-1.3.0-SNAPSHOT.jar:?]
	at org.apache.hadoop.ozone.protocolPB.OzoneManagerRequestHandler.handleReadRequest(OzoneManagerRequestHandler.java:228) ~[ozone-manager-1.3.0-SNAPSHOT.jar:?]
	at org.apache.hadoop.ozone.protocolPB.OzoneManagerProtocolServerSideTranslatorPB.submitRequestDirectlyToOM(OzoneManagerProtocolServerSideTranslatorPB.java:276) ~[ozone-manager-1.3.0-SNAPSHOT.jar:?]
	at org.apache.hadoop.ozone.protocolPB.OzoneManagerProtocolServerSideTranslatorPB.processRequest(OzoneManagerProtocolServerSideTranslatorPB.java:205) ~[ozone-manager-1.3.0-SNAPSHOT.jar:?]
	at org.apache.hadoop.hdds.server.OzoneProtocolMessageDispatcher.processRequest(OzoneProtocolMessageDispatcher.java:87) [hdds-server-framework-1.3.0-SNAPSHOT.jar:?]
	at org.apache.hadoop.ozone.protocolPB.OzoneManagerProtocolServerSideTranslatorPB.submitRequest(OzoneManagerProtocolServerSideTranslatorPB.java:147) [ozone-manager-1.3.0-SNAPSHOT.jar:?]
	at org.apache.hadoop.ozone.protocol.proto.OzoneManagerProtocolProtos$OzoneManagerService$2.callBlockingMethod(OzoneManagerProtocolProtos.java) [ozone-interface-client-1.3.0-SNAPSHOT.jar:?]
	at org.apache.hadoop.ipc.ProtobufRpcEngine$Server.processCall(ProtobufRpcEngine.java:466) [hadoop-common-3.3.1.jar:?]
	at org.apache.hadoop.ipc.ProtobufRpcEngine2$Server$ProtoBufRpcInvoker.call(ProtobufRpcEngine2.java:574) [hadoop-common-3.3.1.jar:?]
	at org.apache.hadoop.ipc.ProtobufRpcEngine2$Server$ProtoBufRpcInvoker.call(ProtobufRpcEngine2.java:552) [hadoop-common-3.3.1.jar:?]
	at org.apache.hadoop.ipc.RPC$Server.call(RPC.java:1093) [hadoop-common-3.3.1.jar:?]
	at org.apache.hadoop.ipc.Server$RpcCall.run(Server.java:1035) [hadoop-common-3.3.1.jar:?]
	at org.apache.hadoop.ipc.Server$RpcCall.run(Server.java:963) [hadoop-common-3.3.1.jar:?]
	at java.security.AccessController.doPrivileged(Native Method) ~[?:1.8.0_345]
	at javax.security.auth.Subject.doAs(Subject.java:422) [?:1.8.0_345]
	at org.apache.hadoop.security.UserGroupInformation.doAs(UserGroupInformation.java:1878) [hadoop-common-3.3.1.jar:?]
	at org.apache.hadoop.ipc.Server$Handler.run(Server.java:2966) [hadoop-common-3.3.1.jar:?]
2022-10-10 08:43:21,760 [Time-limited test] WARN  ozone.BasicOzoneFileSystem (BasicOzoneFileSystem.java:getFileStatus(765)) - GetFileStatus failed for path /.Trash/runner/Current/testKey1
java.io.FileNotFoundException: .Trash/runner/Current/testKey1: No such file or directory!
	at org.apache.hadoop.fs.ozone.BasicOzoneClientAdapterImpl.getFileStatus(BasicOzoneClientAdapterImpl.java:369)
	at org.apache.hadoop.fs.ozone.BasicOzoneFileSystem.getFileStatus(BasicOzoneFileSystem.java:757)
	at org.apache.hadoop.fs.FileSystem.exists(FileSystem.java:1760)
	at org.apache.hadoop.fs.ozone.BasicOzoneFileSystem.exists(BasicOzoneFileSystem.java:804)
	at org.apache.hadoop.fs.TrashPolicyDefault.moveToTrash(TrashPolicyDefault.java:181)
	at org.apache.hadoop.fs.Trash.moveToTrash(Trash.java:110)
	at org.apache.hadoop.fs.ozone.TestOzoneFileSystem.testRenameToTrashEnabled(TestOzoneFileSystem.java:1549)
	at sun.reflect.NativeMethodAccessorImpl.invoke0(Native Method)
	at sun.reflect.NativeMethodAccessorImpl.invoke(NativeMethodAccessorImpl.java:62)
	at sun.reflect.DelegatingMethodAccessorImpl.invoke(DelegatingMethodAccessorImpl.java:43)
	at java.lang.reflect.Method.invoke(Method.java:498)
	at org.junit.runners.model.FrameworkMethod$1.runReflectiveCall(FrameworkMethod.java:59)
	at org.junit.internal.runners.model.ReflectiveCallable.run(ReflectiveCallable.java:12)
	at org.junit.runners.model.FrameworkMethod.invokeExplosively(FrameworkMethod.java:56)
	at org.junit.internal.runners.statements.InvokeMethod.evaluate(InvokeMethod.java:17)
	at org.junit.internal.runners.statements.RunAfters.evaluate(RunAfters.java:27)
	at org.junit.internal.runners.statements.FailOnTimeout$CallableStatement.call(FailOnTimeout.java:288)
	at org.junit.internal.runners.statements.FailOnTimeout$CallableStatement.call(FailOnTimeout.java:282)
	at java.util.concurrent.FutureTask.run(FutureTask.java:266)
	at java.lang.Thread.run(Thread.java:750)
08:43:21.769 [IPC Server handler 14 on default port 37485] ERROR OMAudit - user=runner | ip=127.0.0.1 | op=GET_FILE_STATUS {volume=volume23299, bucket=bucket63939, key=.Trash/runner/Current/testKey1, dataSize=0, replicationConfig=null} | ret=FAILURE
org.apache.hadoop.ozone.om.exceptions.OMException: Unable to get file status: volume: volume23299 bucket: bucket63939 key: .Trash/runner/Current/testKey1
	at org.apache.hadoop.ozone.om.KeyManagerImpl.getOzoneFileStatus(KeyManagerImpl.java:1270) ~[ozone-manager-1.3.0-SNAPSHOT.jar:?]
	at org.apache.hadoop.ozone.om.KeyManagerImpl.getFileStatus(KeyManagerImpl.java:1200) ~[ozone-manager-1.3.0-SNAPSHOT.jar:?]
	at org.apache.hadoop.ozone.om.OzoneManager.getFileStatus(OzoneManager.java:3507) ~[ozone-manager-1.3.0-SNAPSHOT.jar:?]
	at org.apache.hadoop.ozone.protocolPB.OzoneManagerRequestHandler.getOzoneFileStatus(OzoneManagerRequestHandler.java:882) ~[ozone-manager-1.3.0-SNAPSHOT.jar:?]
	at org.apache.hadoop.ozone.protocolPB.OzoneManagerRequestHandler.handleReadRequest(OzoneManagerRequestHandler.java:228) ~[ozone-manager-1.3.0-SNAPSHOT.jar:?]
	at org.apache.hadoop.ozone.protocolPB.OzoneManagerProtocolServerSideTranslatorPB.submitRequestDirectlyToOM(OzoneManagerProtocolServerSideTranslatorPB.java:276) ~[ozone-manager-1.3.0-SNAPSHOT.jar:?]
	at org.apache.hadoop.ozone.protocolPB.OzoneManagerProtocolServerSideTranslatorPB.processRequest(OzoneManagerProtocolServerSideTranslatorPB.java:205) ~[ozone-manager-1.3.0-SNAPSHOT.jar:?]
	at org.apache.hadoop.hdds.server.OzoneProtocolMessageDispatcher.processRequest(OzoneProtocolMessageDispatcher.java:87) [hdds-server-framework-1.3.0-SNAPSHOT.jar:?]
	at org.apache.hadoop.ozone.protocolPB.OzoneManagerProtocolServerSideTranslatorPB.submitRequest(OzoneManagerProtocolServerSideTranslatorPB.java:147) [ozone-manager-1.3.0-SNAPSHOT.jar:?]
	at org.apache.hadoop.ozone.protocol.proto.OzoneManagerProtocolProtos$OzoneManagerService$2.callBlockingMethod(OzoneManagerProtocolProtos.java) [ozone-interface-client-1.3.0-SNAPSHOT.jar:?]
	at org.apache.hadoop.ipc.ProtobufRpcEngine$Server.processCall(ProtobufRpcEngine.java:466) [hadoop-common-3.3.1.jar:?]
	at org.apache.hadoop.ipc.ProtobufRpcEngine2$Server$ProtoBufRpcInvoker.call(ProtobufRpcEngine2.java:574) [hadoop-common-3.3.1.jar:?]
	at org.apache.hadoop.ipc.ProtobufRpcEngine2$Server$ProtoBufRpcInvoker.call(ProtobufRpcEngine2.java:552) [hadoop-common-3.3.1.jar:?]
	at org.apache.hadoop.ipc.RPC$Server.call(RPC.java:1093) [hadoop-common-3.3.1.jar:?]
	at org.apache.hadoop.ipc.Server$RpcCall.run(Server.java:1035) [hadoop-common-3.3.1.jar:?]
	at org.apache.hadoop.ipc.Server$RpcCall.run(Server.java:963) [hadoop-common-3.3.1.jar:?]
	at java.security.AccessController.doPrivileged(Native Method) ~[?:1.8.0_345]
	at javax.security.auth.Subject.doAs(Subject.java:422) [?:1.8.0_345]
	at org.apache.hadoop.security.UserGroupInformation.doAs(UserGroupInformation.java:1878) [hadoop-common-3.3.1.jar:?]
	at org.apache.hadoop.ipc.Server$Handler.run(Server.java:2966) [hadoop-common-3.3.1.jar:?]
2022-10-10 08:43:21,770 [Time-limited test] WARN  ozone.BasicOzoneFileSystem (BasicOzoneFileSystem.java:getFileStatus(765)) - GetFileStatus failed for path /.Trash/runner/Current/testKey1
java.io.FileNotFoundException: .Trash/runner/Current/testKey1: No such file or directory!
	at org.apache.hadoop.fs.ozone.BasicOzoneClientAdapterImpl.getFileStatus(BasicOzoneClientAdapterImpl.java:369)
	at org.apache.hadoop.fs.ozone.BasicOzoneFileSystem.getFileStatus(BasicOzoneFileSystem.java:757)
	at org.apache.hadoop.fs.ozone.BasicOzoneFileSystem.rename(BasicOzoneFileSystem.java:357)
	at org.apache.hadoop.fs.ozone.BasicOzoneFileSystem.rename(BasicOzoneFileSystem.java:454)
	at org.apache.hadoop.fs.TrashPolicyDefault.moveToTrash(TrashPolicyDefault.java:186)
	at org.apache.hadoop.fs.Trash.moveToTrash(Trash.java:110)
	at org.apache.hadoop.fs.ozone.TestOzoneFileSystem.testRenameToTrashEnabled(TestOzoneFileSystem.java:1549)
	at sun.reflect.NativeMethodAccessorImpl.invoke0(Native Method)
	at sun.reflect.NativeMethodAccessorImpl.invoke(NativeMethodAccessorImpl.java:62)
	at sun.reflect.DelegatingMethodAccessorImpl.invoke(DelegatingMethodAccessorImpl.java:43)
	at java.lang.reflect.Method.invoke(Method.java:498)
	at org.junit.runners.model.FrameworkMethod$1.runReflectiveCall(FrameworkMethod.java:59)
	at org.junit.internal.runners.model.ReflectiveCallable.run(ReflectiveCallable.java:12)
	at org.junit.runners.model.FrameworkMethod.invokeExplosively(FrameworkMethod.java:56)
	at org.junit.internal.runners.statements.InvokeMethod.evaluate(InvokeMethod.java:17)
	at org.junit.internal.runners.statements.RunAfters.evaluate(RunAfters.java:27)
	at org.junit.internal.runners.statements.FailOnTimeout$CallableStatement.call(FailOnTimeout.java:288)
	at org.junit.internal.runners.statements.FailOnTimeout$CallableStatement.call(FailOnTimeout.java:282)
	at java.util.concurrent.FutureTask.run(FutureTask.java:266)
	at java.lang.Thread.run(Thread.java:750)
2022-10-10 08:43:21,781 [Time-limited test] INFO  fs.TrashPolicyDefault (TrashPolicyDefault.java:moveToTrash(188)) - Moved: '/testKey1' to trash at: /.Trash/runner/Current/testKey1
]]></system-out>
  </testcase>
  <testcase name="testListStatusWithIntermediateDir" classname="TestOzoneFileSystem" time="0.391">
    <system-out><![CDATA[2022-10-10 08:37:40,371 [IPC Server handler 6 on default port 37253] INFO  pipeline.PipelineStateManagerImpl (PipelineStateManagerImpl.java:addPipeline(103)) - Created pipeline Pipeline[ Id: 169e24a9-6b02-4840-b972-51825633c5dc, Nodes: 6d0c14da-389e-4e82-8c57-a2981f576192{ip: 10.1.0.114, host: fv-az292-843.tqgtyn10aqxuxoi0mkfbldi5vh.jx.internal.cloudapp.net, ports: [REPLICATION=33215, RATIS=32983, RATIS_ADMIN=32983, RATIS_SERVER=32983, STANDALONE=43851], networkLocation: /default-rack, certSerialId: null, persistedOpState: IN_SERVICE, persistedOpStateExpiryEpochSec: 0}, ReplicationConfig: STANDALONE/ONE, State:OPEN, leaderId:, CreationTimestamp2022-10-10T08:37:40.370Z[Etc/UTC]].
2022-10-10 08:37:40,710 [org.apache.ratis.util.JvmPauseMonitor$$Lambda$636/263158265@364a6064] WARN  util.JvmPauseMonitor (JvmPauseMonitor.java:detectPause(124)) - JvmPauseMonitor-6d0c14da-389e-4e82-8c57-a2981f576192: Detected pause in JVM or host machine (eg GC): pause of approximately 213205971ns.
GC pool 'PS MarkSweep' had collection(s): count=1 time=262ms
GC pool 'PS Scavenge' had collection(s): count=1 time=61ms
]]></system-out>
  </testcase>
  <testcase name="testListStatusWithIntermediateDir" classname="TestOzoneFileSystem" time="0.075">
    <system-out><![CDATA[2022-10-10 08:39:17,385 [IPC Server handler 11 on default port 45169] INFO  pipeline.PipelineStateManagerImpl (PipelineStateManagerImpl.java:addPipeline(103)) - Created pipeline Pipeline[ Id: dbc25a52-5d3d-45ca-be8d-a00a7f464bad, Nodes: dc638e21-26cb-4a27-999c-ebb3d3abde3a{ip: 10.1.0.114, host: fv-az292-843.tqgtyn10aqxuxoi0mkfbldi5vh.jx.internal.cloudapp.net, ports: [REPLICATION=41049, RATIS=41253, RATIS_ADMIN=41253, RATIS_SERVER=41253, STANDALONE=43157], networkLocation: /default-rack, certSerialId: null, persistedOpState: IN_SERVICE, persistedOpStateExpiryEpochSec: 0}, ReplicationConfig: STANDALONE/ONE, State:OPEN, leaderId:, CreationTimestamp2022-10-10T08:39:17.384Z[Etc/UTC]].
]]></system-out>
  </testcase>
  <testcase name="testListStatusWithIntermediateDir" classname="TestOzoneFileSystem" time="0.114">
    <system-out><![CDATA[2022-10-10 08:41:19,619 [IPC Server handler 11 on default port 46869] INFO  pipeline.PipelineStateManagerImpl (PipelineStateManagerImpl.java:addPipeline(103)) - Created pipeline Pipeline[ Id: 0a35d141-89a9-4b29-b2bf-001dfa8e010e, Nodes: 8f156c79-b47c-4138-8e60-2fd88bdff2cb{ip: 10.1.0.114, host: fv-az292-843.tqgtyn10aqxuxoi0mkfbldi5vh.jx.internal.cloudapp.net, ports: [REPLICATION=40269, RATIS=34005, RATIS_ADMIN=34005, RATIS_SERVER=34005, STANDALONE=33175], networkLocation: /default-rack, certSerialId: null, persistedOpState: IN_SERVICE, persistedOpStateExpiryEpochSec: 0}, ReplicationConfig: STANDALONE/ONE, State:OPEN, leaderId:, CreationTimestamp2022-10-10T08:41:19.584Z[Etc/UTC]].
]]></system-out>
  </testcase>
  <testcase name="testListStatusWithIntermediateDir" classname="TestOzoneFileSystem" time="0.106">
    <system-out><![CDATA[2022-10-10 08:43:21,854 [IPC Server handler 4 on default port 37757] INFO  pipeline.PipelineStateManagerImpl (PipelineStateManagerImpl.java:addPipeline(103)) - Created pipeline Pipeline[ Id: 9576535a-b21d-4309-b160-0ce0ecad9482, Nodes: 9cbf5f09-7b00-486b-b3c2-fec1d2782637{ip: 10.1.0.114, host: fv-az292-843.tqgtyn10aqxuxoi0mkfbldi5vh.jx.internal.cloudapp.net, ports: [REPLICATION=41453, RATIS=40267, RATIS_ADMIN=40267, RATIS_SERVER=40267, STANDALONE=35489], networkLocation: /default-rack, certSerialId: null, persistedOpState: IN_SERVICE, persistedOpStateExpiryEpochSec: 0}, ReplicationConfig: STANDALONE/ONE, State:OPEN, leaderId:, CreationTimestamp2022-10-10T08:43:21.850Z[Etc/UTC]].
]]></system-out>
  </testcase>
  <testcase name="testRenameSourceAndDestinAreSame" classname="TestOzoneFileSystem" time="0.028"/>
  <testcase name="testRenameSourceAndDestinAreSame" classname="TestOzoneFileSystem" time="0.027"/>
  <testcase name="testRenameSourceAndDestinAreSame" classname="TestOzoneFileSystem" time="0.03"/>
  <testcase name="testRenameSourceAndDestinAreSame" classname="TestOzoneFileSystem" time="0.049"/>
  <testcase name="testListStatusIteratorWithDir" classname="TestOzoneFileSystem" time="0.055"/>
  <testcase name="testListStatusIteratorWithDir" classname="TestOzoneFileSystem" time="0.059"/>
  <testcase name="testListStatusIteratorWithDir" classname="TestOzoneFileSystem" time="0.089"/>
  <testcase name="testListStatusIteratorWithDir" classname="TestOzoneFileSystem" time="0.089"/>
  <testcase name="testListStatusOnLargeDirectory" classname="TestOzoneFileSystem" time="7.491"/>
  <testcase name="testListStatusOnLargeDirectory" classname="TestOzoneFileSystem" time="5.789"/>
  <testcase name="testListStatusOnLargeDirectory" classname="TestOzoneFileSystem" time="10.146">
    <system-out><![CDATA[2022-10-10 08:41:28,955 [Over Replicated Processor] INFO  replication.OverReplicatedProcessor (OverReplicatedProcessor.java:processAll(90)) - Processed 0 over replicated containers, failed processing 0
2022-10-10 08:41:28,956 [Under Replicated Processor] INFO  replication.UnderReplicatedProcessor (UnderReplicatedProcessor.java:processAll(92)) - Processed 0 under replicated containers, failed processing 0
]]></system-out>
  </testcase>
  <testcase name="testListStatusOnLargeDirectory" classname="TestOzoneFileSystem" time="9.522"/>
  <testcase name="testCreateKeyShouldUseRefreshedBucketReplicationConfig" classname="TestOzoneFileSystem" time="0.387">
    <system-out><![CDATA[2022-10-10 08:37:48,364 [Time-limited test] INFO  rpc.RpcClient (RpcClient.java:createVolume(471)) - Creating Volume: volume59439, with user69328 as owner and space quota set to -1 bytes, counts quota set to -1
2022-10-10 08:37:48,368 [OM StateMachine ApplyTransaction Thread - 0] INFO  volume.OMVolumeCreateRequest (OMVolumeCreateRequest.java:validateAndUpdateCache(195)) - created volume:volume59439 for user:user69328
2022-10-10 08:37:48,370 [Time-limited test] INFO  rpc.RpcClient (RpcClient.java:createBucket(674)) - Creating Bucket: volume59439/bucket38370, with bucket layout LEGACY, runner as owner, Versioning false, Storage Type set to DISK and Encryption set to false 
2022-10-10 08:37:48,372 [OM StateMachine ApplyTransaction Thread - 0] INFO  bucket.OMBucketCreateRequest (OMBucketCreateRequest.java:validateAndUpdateCache(260)) - created bucket: bucket38370 of layout LEGACY in volume: volume59439
2022-10-10 08:37:48,456 [IPC Server handler 4 on default port 37253] INFO  pipeline.PipelineStateManagerImpl (PipelineStateManagerImpl.java:addPipeline(103)) - Created pipeline Pipeline[ Id: f3cf7ec4-94c3-444b-92a4-3a34a1d31649, Nodes: 0107e4a3-a143-43a9-8f78-9a758939e307{ip: 10.1.0.114, host: fv-az292-843.tqgtyn10aqxuxoi0mkfbldi5vh.jx.internal.cloudapp.net, ports: [REPLICATION=39845, RATIS=43253, RATIS_ADMIN=43253, RATIS_SERVER=43253, STANDALONE=46879], networkLocation: /default-rack, certSerialId: null, persistedOpState: null, persistedOpStateExpiryEpochSec: 0}3c09ee4b-a7a3-4286-a1c3-18dea5f798e8{ip: 10.1.0.114, host: fv-az292-843.tqgtyn10aqxuxoi0mkfbldi5vh.jx.internal.cloudapp.net, ports: [REPLICATION=36527, RATIS=38615, RATIS_ADMIN=38615, RATIS_SERVER=38615, STANDALONE=34799], networkLocation: /default-rack, certSerialId: null, persistedOpState: null, persistedOpStateExpiryEpochSec: 0}a62c8bc8-4eaa-4bd0-9412-231650f1b373{ip: 10.1.0.114, host: fv-az292-843.tqgtyn10aqxuxoi0mkfbldi5vh.jx.internal.cloudapp.net, ports: [REPLICATION=33203, RATIS=39465, RATIS_ADMIN=39465, RATIS_SERVER=39465, STANDALONE=33083], networkLocation: /default-rack, certSerialId: null, persistedOpState: null, persistedOpStateExpiryEpochSec: 0}6d0c14da-389e-4e82-8c57-a2981f576192{ip: 10.1.0.114, host: fv-az292-843.tqgtyn10aqxuxoi0mkfbldi5vh.jx.internal.cloudapp.net, ports: [REPLICATION=33215, RATIS=32983, RATIS_ADMIN=32983, RATIS_SERVER=32983, STANDALONE=43851], networkLocation: /default-rack, certSerialId: null, persistedOpState: null, persistedOpStateExpiryEpochSec: 0}e12fe51a-b2e5-4197-af5e-5cbb6259f850{ip: 10.1.0.114, host: fv-az292-843.tqgtyn10aqxuxoi0mkfbldi5vh.jx.internal.cloudapp.net, ports: [REPLICATION=45545, RATIS=37107, RATIS_ADMIN=37107, RATIS_SERVER=37107, STANDALONE=40245], networkLocation: /default-rack, certSerialId: null, persistedOpState: null, persistedOpStateExpiryEpochSec: 0}, ReplicationConfig: EC/ECReplicationConfig{data=3, parity=2, ecChunkSize=1048576, codec=rs}, State:ALLOCATED, leaderId:, CreationTimestamp2022-10-10T08:37:48.456Z[Etc/UTC]].
2022-10-10 08:37:48,457 [IPC Server handler 4 on default port 37253] INFO  pipeline.PipelineManagerImpl (PipelineManagerImpl.java:openPipeline(367)) - Pipeline Pipeline[ Id: f3cf7ec4-94c3-444b-92a4-3a34a1d31649, Nodes: 0107e4a3-a143-43a9-8f78-9a758939e307{ip: 10.1.0.114, host: fv-az292-843.tqgtyn10aqxuxoi0mkfbldi5vh.jx.internal.cloudapp.net, ports: [REPLICATION=39845, RATIS=43253, RATIS_ADMIN=43253, RATIS_SERVER=43253, STANDALONE=46879], networkLocation: /default-rack, certSerialId: null, persistedOpState: null, persistedOpStateExpiryEpochSec: 0}3c09ee4b-a7a3-4286-a1c3-18dea5f798e8{ip: 10.1.0.114, host: fv-az292-843.tqgtyn10aqxuxoi0mkfbldi5vh.jx.internal.cloudapp.net, ports: [REPLICATION=36527, RATIS=38615, RATIS_ADMIN=38615, RATIS_SERVER=38615, STANDALONE=34799], networkLocation: /default-rack, certSerialId: null, persistedOpState: null, persistedOpStateExpiryEpochSec: 0}a62c8bc8-4eaa-4bd0-9412-231650f1b373{ip: 10.1.0.114, host: fv-az292-843.tqgtyn10aqxuxoi0mkfbldi5vh.jx.internal.cloudapp.net, ports: [REPLICATION=33203, RATIS=39465, RATIS_ADMIN=39465, RATIS_SERVER=39465, STANDALONE=33083], networkLocation: /default-rack, certSerialId: null, persistedOpState: null, persistedOpStateExpiryEpochSec: 0}6d0c14da-389e-4e82-8c57-a2981f576192{ip: 10.1.0.114, host: fv-az292-843.tqgtyn10aqxuxoi0mkfbldi5vh.jx.internal.cloudapp.net, ports: [REPLICATION=33215, RATIS=32983, RATIS_ADMIN=32983, RATIS_SERVER=32983, STANDALONE=43851], networkLocation: /default-rack, certSerialId: null, persistedOpState: null, persistedOpStateExpiryEpochSec: 0}e12fe51a-b2e5-4197-af5e-5cbb6259f850{ip: 10.1.0.114, host: fv-az292-843.tqgtyn10aqxuxoi0mkfbldi5vh.jx.internal.cloudapp.net, ports: [REPLICATION=45545, RATIS=37107, RATIS_ADMIN=37107, RATIS_SERVER=37107, STANDALONE=40245], networkLocation: /default-rack, certSerialId: null, persistedOpState: null, persistedOpStateExpiryEpochSec: 0}, ReplicationConfig: EC/ECReplicationConfig{data=3, parity=2, ecChunkSize=1048576, codec=rs}, State:ALLOCATED, leaderId:, CreationTimestamp2022-10-10T08:37:48.456Z[Etc/UTC]] moved to OPEN state
2022-10-10 08:37:48,512 [Time-limited test] WARN  erasurecode.ErasureCodeNative (ErasureCodeNative.java:<clinit>(55)) - ISA-L support is not available in your platform... using builtin-java codec where applicable
2022-10-10 08:37:48,642 [IPC Server handler 15 on default port 37253] INFO  pipeline.PipelineStateManagerImpl (PipelineStateManagerImpl.java:addPipeline(103)) - Created pipeline Pipeline[ Id: 0fdf9531-0acf-4b9e-a160-c8aa31132685, Nodes: 6d0c14da-389e-4e82-8c57-a2981f576192{ip: 10.1.0.114, host: fv-az292-843.tqgtyn10aqxuxoi0mkfbldi5vh.jx.internal.cloudapp.net, ports: [REPLICATION=33215, RATIS=32983, RATIS_ADMIN=32983, RATIS_SERVER=32983, STANDALONE=43851], networkLocation: /default-rack, certSerialId: null, persistedOpState: null, persistedOpStateExpiryEpochSec: 0}e12fe51a-b2e5-4197-af5e-5cbb6259f850{ip: 10.1.0.114, host: fv-az292-843.tqgtyn10aqxuxoi0mkfbldi5vh.jx.internal.cloudapp.net, ports: [REPLICATION=45545, RATIS=37107, RATIS_ADMIN=37107, RATIS_SERVER=37107, STANDALONE=40245], networkLocation: /default-rack, certSerialId: null, persistedOpState: null, persistedOpStateExpiryEpochSec: 0}0107e4a3-a143-43a9-8f78-9a758939e307{ip: 10.1.0.114, host: fv-az292-843.tqgtyn10aqxuxoi0mkfbldi5vh.jx.internal.cloudapp.net, ports: [REPLICATION=39845, RATIS=43253, RATIS_ADMIN=43253, RATIS_SERVER=43253, STANDALONE=46879], networkLocation: /default-rack, certSerialId: null, persistedOpState: null, persistedOpStateExpiryEpochSec: 0}a62c8bc8-4eaa-4bd0-9412-231650f1b373{ip: 10.1.0.114, host: fv-az292-843.tqgtyn10aqxuxoi0mkfbldi5vh.jx.internal.cloudapp.net, ports: [REPLICATION=33203, RATIS=39465, RATIS_ADMIN=39465, RATIS_SERVER=39465, STANDALONE=33083], networkLocation: /default-rack, certSerialId: null, persistedOpState: null, persistedOpStateExpiryEpochSec: 0}3c09ee4b-a7a3-4286-a1c3-18dea5f798e8{ip: 10.1.0.114, host: fv-az292-843.tqgtyn10aqxuxoi0mkfbldi5vh.jx.internal.cloudapp.net, ports: [REPLICATION=36527, RATIS=38615, RATIS_ADMIN=38615, RATIS_SERVER=38615, STANDALONE=34799], networkLocation: /default-rack, certSerialId: null, persistedOpState: null, persistedOpStateExpiryEpochSec: 0}, ReplicationConfig: EC/ECReplicationConfig{data=3, parity=2, ecChunkSize=1048576, codec=rs}, State:ALLOCATED, leaderId:, CreationTimestamp2022-10-10T08:37:48.642Z[Etc/UTC]].
2022-10-10 08:37:48,645 [IPC Server handler 15 on default port 37253] INFO  pipeline.PipelineManagerImpl (PipelineManagerImpl.java:openPipeline(367)) - Pipeline Pipeline[ Id: 0fdf9531-0acf-4b9e-a160-c8aa31132685, Nodes: 6d0c14da-389e-4e82-8c57-a2981f576192{ip: 10.1.0.114, host: fv-az292-843.tqgtyn10aqxuxoi0mkfbldi5vh.jx.internal.cloudapp.net, ports: [REPLICATION=33215, RATIS=32983, RATIS_ADMIN=32983, RATIS_SERVER=32983, STANDALONE=43851], networkLocation: /default-rack, certSerialId: null, persistedOpState: null, persistedOpStateExpiryEpochSec: 0}e12fe51a-b2e5-4197-af5e-5cbb6259f850{ip: 10.1.0.114, host: fv-az292-843.tqgtyn10aqxuxoi0mkfbldi5vh.jx.internal.cloudapp.net, ports: [REPLICATION=45545, RATIS=37107, RATIS_ADMIN=37107, RATIS_SERVER=37107, STANDALONE=40245], networkLocation: /default-rack, certSerialId: null, persistedOpState: null, persistedOpStateExpiryEpochSec: 0}0107e4a3-a143-43a9-8f78-9a758939e307{ip: 10.1.0.114, host: fv-az292-843.tqgtyn10aqxuxoi0mkfbldi5vh.jx.internal.cloudapp.net, ports: [REPLICATION=39845, RATIS=43253, RATIS_ADMIN=43253, RATIS_SERVER=43253, STANDALONE=46879], networkLocation: /default-rack, certSerialId: null, persistedOpState: null, persistedOpStateExpiryEpochSec: 0}a62c8bc8-4eaa-4bd0-9412-231650f1b373{ip: 10.1.0.114, host: fv-az292-843.tqgtyn10aqxuxoi0mkfbldi5vh.jx.internal.cloudapp.net, ports: [REPLICATION=33203, RATIS=39465, RATIS_ADMIN=39465, RATIS_SERVER=39465, STANDALONE=33083], networkLocation: /default-rack, certSerialId: null, persistedOpState: null, persistedOpStateExpiryEpochSec: 0}3c09ee4b-a7a3-4286-a1c3-18dea5f798e8{ip: 10.1.0.114, host: fv-az292-843.tqgtyn10aqxuxoi0mkfbldi5vh.jx.internal.cloudapp.net, ports: [REPLICATION=36527, RATIS=38615, RATIS_ADMIN=38615, RATIS_SERVER=38615, STANDALONE=34799], networkLocation: /default-rack, certSerialId: null, persistedOpState: null, persistedOpStateExpiryEpochSec: 0}, ReplicationConfig: EC/ECReplicationConfig{data=3, parity=2, ecChunkSize=1048576, codec=rs}, State:ALLOCATED, leaderId:, CreationTimestamp2022-10-10T08:37:48.642Z[Etc/UTC]] moved to OPEN state
]]></system-out>
  </testcase>
  <testcase name="testCreateKeyShouldUseRefreshedBucketReplicationConfig" classname="TestOzoneFileSystem" time="0.458">
    <system-out><![CDATA[2022-10-10 08:39:23,390 [Under Replicated Processor] INFO  replication.UnderReplicatedProcessor (UnderReplicatedProcessor.java:processAll(92)) - Processed 0 under replicated containers, failed processing 0
2022-10-10 08:39:23,394 [Over Replicated Processor] INFO  replication.OverReplicatedProcessor (OverReplicatedProcessor.java:processAll(90)) - Processed 0 over replicated containers, failed processing 0
2022-10-10 08:39:23,460 [Time-limited test] INFO  rpc.RpcClient (RpcClient.java:createVolume(471)) - Creating Volume: volume32466, with user27946 as owner and space quota set to -1 bytes, counts quota set to -1
2022-10-10 08:39:23,461 [IPC Server handler 7 on default port 43231] INFO  volume.OMVolumeCreateRequest (OMVolumeCreateRequest.java:validateAndUpdateCache(195)) - created volume:volume32466 for user:user27946
2022-10-10 08:39:23,479 [Time-limited test] INFO  rpc.RpcClient (RpcClient.java:createBucket(674)) - Creating Bucket: volume32466/bucket59734, with bucket layout LEGACY, runner as owner, Versioning false, Storage Type set to DISK and Encryption set to false 
2022-10-10 08:39:23,480 [IPC Server handler 3 on default port 43231] INFO  bucket.OMBucketCreateRequest (OMBucketCreateRequest.java:validateAndUpdateCache(260)) - created bucket: bucket59734 of layout LEGACY in volume: volume32466
2022-10-10 08:39:23,574 [IPC Server handler 19 on default port 45169] INFO  pipeline.PipelineStateManagerImpl (PipelineStateManagerImpl.java:addPipeline(103)) - Created pipeline Pipeline[ Id: 7884ef30-58e6-408f-a18a-f1be87762e41, Nodes: 0454b04b-10ad-483d-88a8-8bbf68ec3d5d{ip: 10.1.0.114, host: fv-az292-843.tqgtyn10aqxuxoi0mkfbldi5vh.jx.internal.cloudapp.net, ports: [REPLICATION=41603, RATIS=42031, RATIS_ADMIN=42031, RATIS_SERVER=42031, STANDALONE=42375], networkLocation: /default-rack, certSerialId: null, persistedOpState: null, persistedOpStateExpiryEpochSec: 0}22afd6e4-8e85-4fe8-a1ff-afcedf5143bf{ip: 10.1.0.114, host: fv-az292-843.tqgtyn10aqxuxoi0mkfbldi5vh.jx.internal.cloudapp.net, ports: [REPLICATION=45351, RATIS=38607, RATIS_ADMIN=38607, RATIS_SERVER=38607, STANDALONE=33239], networkLocation: /default-rack, certSerialId: null, persistedOpState: null, persistedOpStateExpiryEpochSec: 0}589fbfef-7b85-4b40-975b-46e767fe3451{ip: 10.1.0.114, host: fv-az292-843.tqgtyn10aqxuxoi0mkfbldi5vh.jx.internal.cloudapp.net, ports: [REPLICATION=33681, RATIS=37327, RATIS_ADMIN=37327, RATIS_SERVER=37327, STANDALONE=36059], networkLocation: /default-rack, certSerialId: null, persistedOpState: null, persistedOpStateExpiryEpochSec: 0}dc638e21-26cb-4a27-999c-ebb3d3abde3a{ip: 10.1.0.114, host: fv-az292-843.tqgtyn10aqxuxoi0mkfbldi5vh.jx.internal.cloudapp.net, ports: [REPLICATION=41049, RATIS=41253, RATIS_ADMIN=41253, RATIS_SERVER=41253, STANDALONE=43157], networkLocation: /default-rack, certSerialId: null, persistedOpState: null, persistedOpStateExpiryEpochSec: 0}606b3dcd-c583-45a5-a0cf-b179208ecf3f{ip: 10.1.0.114, host: fv-az292-843.tqgtyn10aqxuxoi0mkfbldi5vh.jx.internal.cloudapp.net, ports: [REPLICATION=40645, RATIS=39749, RATIS_ADMIN=39749, RATIS_SERVER=39749, STANDALONE=35307], networkLocation: /default-rack, certSerialId: null, persistedOpState: null, persistedOpStateExpiryEpochSec: 0}, ReplicationConfig: EC/ECReplicationConfig{data=3, parity=2, ecChunkSize=1048576, codec=rs}, State:ALLOCATED, leaderId:, CreationTimestamp2022-10-10T08:39:23.573Z[Etc/UTC]].
2022-10-10 08:39:23,574 [IPC Server handler 19 on default port 45169] INFO  pipeline.PipelineManagerImpl (PipelineManagerImpl.java:openPipeline(367)) - Pipeline Pipeline[ Id: 7884ef30-58e6-408f-a18a-f1be87762e41, Nodes: 0454b04b-10ad-483d-88a8-8bbf68ec3d5d{ip: 10.1.0.114, host: fv-az292-843.tqgtyn10aqxuxoi0mkfbldi5vh.jx.internal.cloudapp.net, ports: [REPLICATION=41603, RATIS=42031, RATIS_ADMIN=42031, RATIS_SERVER=42031, STANDALONE=42375], networkLocation: /default-rack, certSerialId: null, persistedOpState: null, persistedOpStateExpiryEpochSec: 0}22afd6e4-8e85-4fe8-a1ff-afcedf5143bf{ip: 10.1.0.114, host: fv-az292-843.tqgtyn10aqxuxoi0mkfbldi5vh.jx.internal.cloudapp.net, ports: [REPLICATION=45351, RATIS=38607, RATIS_ADMIN=38607, RATIS_SERVER=38607, STANDALONE=33239], networkLocation: /default-rack, certSerialId: null, persistedOpState: null, persistedOpStateExpiryEpochSec: 0}589fbfef-7b85-4b40-975b-46e767fe3451{ip: 10.1.0.114, host: fv-az292-843.tqgtyn10aqxuxoi0mkfbldi5vh.jx.internal.cloudapp.net, ports: [REPLICATION=33681, RATIS=37327, RATIS_ADMIN=37327, RATIS_SERVER=37327, STANDALONE=36059], networkLocation: /default-rack, certSerialId: null, persistedOpState: null, persistedOpStateExpiryEpochSec: 0}dc638e21-26cb-4a27-999c-ebb3d3abde3a{ip: 10.1.0.114, host: fv-az292-843.tqgtyn10aqxuxoi0mkfbldi5vh.jx.internal.cloudapp.net, ports: [REPLICATION=41049, RATIS=41253, RATIS_ADMIN=41253, RATIS_SERVER=41253, STANDALONE=43157], networkLocation: /default-rack, certSerialId: null, persistedOpState: null, persistedOpStateExpiryEpochSec: 0}606b3dcd-c583-45a5-a0cf-b179208ecf3f{ip: 10.1.0.114, host: fv-az292-843.tqgtyn10aqxuxoi0mkfbldi5vh.jx.internal.cloudapp.net, ports: [REPLICATION=40645, RATIS=39749, RATIS_ADMIN=39749, RATIS_SERVER=39749, STANDALONE=35307], networkLocation: /default-rack, certSerialId: null, persistedOpState: null, persistedOpStateExpiryEpochSec: 0}, ReplicationConfig: EC/ECReplicationConfig{data=3, parity=2, ecChunkSize=1048576, codec=rs}, State:ALLOCATED, leaderId:, CreationTimestamp2022-10-10T08:39:23.573Z[Etc/UTC]] moved to OPEN state
2022-10-10 08:39:23,663 [IPC Server handler 16 on default port 45169] INFO  pipeline.PipelineStateManagerImpl (PipelineStateManagerImpl.java:addPipeline(103)) - Created pipeline Pipeline[ Id: 87afc077-7dcb-4eee-b40f-27199110c019, Nodes: dc638e21-26cb-4a27-999c-ebb3d3abde3a{ip: 10.1.0.114, host: fv-az292-843.tqgtyn10aqxuxoi0mkfbldi5vh.jx.internal.cloudapp.net, ports: [REPLICATION=41049, RATIS=41253, RATIS_ADMIN=41253, RATIS_SERVER=41253, STANDALONE=43157], networkLocation: /default-rack, certSerialId: null, persistedOpState: null, persistedOpStateExpiryEpochSec: 0}606b3dcd-c583-45a5-a0cf-b179208ecf3f{ip: 10.1.0.114, host: fv-az292-843.tqgtyn10aqxuxoi0mkfbldi5vh.jx.internal.cloudapp.net, ports: [REPLICATION=40645, RATIS=39749, RATIS_ADMIN=39749, RATIS_SERVER=39749, STANDALONE=35307], networkLocation: /default-rack, certSerialId: null, persistedOpState: null, persistedOpStateExpiryEpochSec: 0}22afd6e4-8e85-4fe8-a1ff-afcedf5143bf{ip: 10.1.0.114, host: fv-az292-843.tqgtyn10aqxuxoi0mkfbldi5vh.jx.internal.cloudapp.net, ports: [REPLICATION=45351, RATIS=38607, RATIS_ADMIN=38607, RATIS_SERVER=38607, STANDALONE=33239], networkLocation: /default-rack, certSerialId: null, persistedOpState: null, persistedOpStateExpiryEpochSec: 0}0454b04b-10ad-483d-88a8-8bbf68ec3d5d{ip: 10.1.0.114, host: fv-az292-843.tqgtyn10aqxuxoi0mkfbldi5vh.jx.internal.cloudapp.net, ports: [REPLICATION=41603, RATIS=42031, RATIS_ADMIN=42031, RATIS_SERVER=42031, STANDALONE=42375], networkLocation: /default-rack, certSerialId: null, persistedOpState: null, persistedOpStateExpiryEpochSec: 0}589fbfef-7b85-4b40-975b-46e767fe3451{ip: 10.1.0.114, host: fv-az292-843.tqgtyn10aqxuxoi0mkfbldi5vh.jx.internal.cloudapp.net, ports: [REPLICATION=33681, RATIS=37327, RATIS_ADMIN=37327, RATIS_SERVER=37327, STANDALONE=36059], networkLocation: /default-rack, certSerialId: null, persistedOpState: null, persistedOpStateExpiryEpochSec: 0}, ReplicationConfig: EC/ECReplicationConfig{data=3, parity=2, ecChunkSize=1048576, codec=rs}, State:ALLOCATED, leaderId:, CreationTimestamp2022-10-10T08:39:23.663Z[Etc/UTC]].
2022-10-10 08:39:23,664 [IPC Server handler 16 on default port 45169] INFO  pipeline.PipelineManagerImpl (PipelineManagerImpl.java:openPipeline(367)) - Pipeline Pipeline[ Id: 87afc077-7dcb-4eee-b40f-27199110c019, Nodes: dc638e21-26cb-4a27-999c-ebb3d3abde3a{ip: 10.1.0.114, host: fv-az292-843.tqgtyn10aqxuxoi0mkfbldi5vh.jx.internal.cloudapp.net, ports: [REPLICATION=41049, RATIS=41253, RATIS_ADMIN=41253, RATIS_SERVER=41253, STANDALONE=43157], networkLocation: /default-rack, certSerialId: null, persistedOpState: null, persistedOpStateExpiryEpochSec: 0}606b3dcd-c583-45a5-a0cf-b179208ecf3f{ip: 10.1.0.114, host: fv-az292-843.tqgtyn10aqxuxoi0mkfbldi5vh.jx.internal.cloudapp.net, ports: [REPLICATION=40645, RATIS=39749, RATIS_ADMIN=39749, RATIS_SERVER=39749, STANDALONE=35307], networkLocation: /default-rack, certSerialId: null, persistedOpState: null, persistedOpStateExpiryEpochSec: 0}22afd6e4-8e85-4fe8-a1ff-afcedf5143bf{ip: 10.1.0.114, host: fv-az292-843.tqgtyn10aqxuxoi0mkfbldi5vh.jx.internal.cloudapp.net, ports: [REPLICATION=45351, RATIS=38607, RATIS_ADMIN=38607, RATIS_SERVER=38607, STANDALONE=33239], networkLocation: /default-rack, certSerialId: null, persistedOpState: null, persistedOpStateExpiryEpochSec: 0}0454b04b-10ad-483d-88a8-8bbf68ec3d5d{ip: 10.1.0.114, host: fv-az292-843.tqgtyn10aqxuxoi0mkfbldi5vh.jx.internal.cloudapp.net, ports: [REPLICATION=41603, RATIS=42031, RATIS_ADMIN=42031, RATIS_SERVER=42031, STANDALONE=42375], networkLocation: /default-rack, certSerialId: null, persistedOpState: null, persistedOpStateExpiryEpochSec: 0}589fbfef-7b85-4b40-975b-46e767fe3451{ip: 10.1.0.114, host: fv-az292-843.tqgtyn10aqxuxoi0mkfbldi5vh.jx.internal.cloudapp.net, ports: [REPLICATION=33681, RATIS=37327, RATIS_ADMIN=37327, RATIS_SERVER=37327, STANDALONE=36059], networkLocation: /default-rack, certSerialId: null, persistedOpState: null, persistedOpStateExpiryEpochSec: 0}, ReplicationConfig: EC/ECReplicationConfig{data=3, parity=2, ecChunkSize=1048576, codec=rs}, State:ALLOCATED, leaderId:, CreationTimestamp2022-10-10T08:39:23.663Z[Etc/UTC]] moved to OPEN state
]]></system-out>
  </testcase>
  <testcase name="testCreateKeyShouldUseRefreshedBucketReplicationConfig" classname="TestOzoneFileSystem" time="0.483">
    <system-out><![CDATA[2022-10-10 08:41:30,055 [Time-limited test] INFO  rpc.RpcClient (RpcClient.java:createVolume(471)) - Creating Volume: volume31855, with user83343 as owner and space quota set to -1 bytes, counts quota set to -1
2022-10-10 08:41:30,071 [OM StateMachine ApplyTransaction Thread - 0] INFO  volume.OMVolumeCreateRequest (OMVolumeCreateRequest.java:validateAndUpdateCache(195)) - created volume:volume31855 for user:user83343
2022-10-10 08:41:30,077 [Time-limited test] INFO  rpc.RpcClient (RpcClient.java:createBucket(674)) - Creating Bucket: volume31855/bucket79999, with bucket layout LEGACY, runner as owner, Versioning false, Storage Type set to DISK and Encryption set to false 
2022-10-10 08:41:30,094 [OM StateMachine ApplyTransaction Thread - 0] INFO  bucket.OMBucketCreateRequest (OMBucketCreateRequest.java:validateAndUpdateCache(260)) - created bucket: bucket79999 of layout LEGACY in volume: volume31855
2022-10-10 08:41:30,252 [IPC Server handler 0 on default port 46869] INFO  pipeline.PipelineStateManagerImpl (PipelineStateManagerImpl.java:addPipeline(103)) - Created pipeline Pipeline[ Id: 30e99f19-e37c-4681-ad99-444f6db5a3e2, Nodes: df95c109-086c-4fdb-bc2f-e7a3020caa9e{ip: 10.1.0.114, host: fv-az292-843.tqgtyn10aqxuxoi0mkfbldi5vh.jx.internal.cloudapp.net, ports: [REPLICATION=35793, RATIS=37403, RATIS_ADMIN=37403, RATIS_SERVER=37403, STANDALONE=40595], networkLocation: /default-rack, certSerialId: null, persistedOpState: null, persistedOpStateExpiryEpochSec: 0}1a566261-beec-4fd1-be7c-d2e6de257968{ip: 10.1.0.114, host: fv-az292-843.tqgtyn10aqxuxoi0mkfbldi5vh.jx.internal.cloudapp.net, ports: [REPLICATION=44845, RATIS=43815, RATIS_ADMIN=43815, RATIS_SERVER=43815, STANDALONE=40743], networkLocation: /default-rack, certSerialId: null, persistedOpState: null, persistedOpStateExpiryEpochSec: 0}39b99856-47eb-4bdf-8e72-0168dfb4cb59{ip: 10.1.0.114, host: fv-az292-843.tqgtyn10aqxuxoi0mkfbldi5vh.jx.internal.cloudapp.net, ports: [REPLICATION=37291, RATIS=46623, RATIS_ADMIN=46623, RATIS_SERVER=46623, STANDALONE=38181], networkLocation: /default-rack, certSerialId: null, persistedOpState: null, persistedOpStateExpiryEpochSec: 0}2505bfdb-a405-42b6-a08f-f2b9b27cb3cf{ip: 10.1.0.114, host: fv-az292-843.tqgtyn10aqxuxoi0mkfbldi5vh.jx.internal.cloudapp.net, ports: [REPLICATION=37495, RATIS=44113, RATIS_ADMIN=44113, RATIS_SERVER=44113, STANDALONE=37833], networkLocation: /default-rack, certSerialId: null, persistedOpState: null, persistedOpStateExpiryEpochSec: 0}8f156c79-b47c-4138-8e60-2fd88bdff2cb{ip: 10.1.0.114, host: fv-az292-843.tqgtyn10aqxuxoi0mkfbldi5vh.jx.internal.cloudapp.net, ports: [REPLICATION=40269, RATIS=34005, RATIS_ADMIN=34005, RATIS_SERVER=34005, STANDALONE=33175], networkLocation: /default-rack, certSerialId: null, persistedOpState: null, persistedOpStateExpiryEpochSec: 0}, ReplicationConfig: EC/ECReplicationConfig{data=3, parity=2, ecChunkSize=1048576, codec=rs}, State:ALLOCATED, leaderId:, CreationTimestamp2022-10-10T08:41:30.251Z[Etc/UTC]].
2022-10-10 08:41:30,253 [IPC Server handler 0 on default port 46869] INFO  pipeline.PipelineManagerImpl (PipelineManagerImpl.java:openPipeline(367)) - Pipeline Pipeline[ Id: 30e99f19-e37c-4681-ad99-444f6db5a3e2, Nodes: df95c109-086c-4fdb-bc2f-e7a3020caa9e{ip: 10.1.0.114, host: fv-az292-843.tqgtyn10aqxuxoi0mkfbldi5vh.jx.internal.cloudapp.net, ports: [REPLICATION=35793, RATIS=37403, RATIS_ADMIN=37403, RATIS_SERVER=37403, STANDALONE=40595], networkLocation: /default-rack, certSerialId: null, persistedOpState: null, persistedOpStateExpiryEpochSec: 0}1a566261-beec-4fd1-be7c-d2e6de257968{ip: 10.1.0.114, host: fv-az292-843.tqgtyn10aqxuxoi0mkfbldi5vh.jx.internal.cloudapp.net, ports: [REPLICATION=44845, RATIS=43815, RATIS_ADMIN=43815, RATIS_SERVER=43815, STANDALONE=40743], networkLocation: /default-rack, certSerialId: null, persistedOpState: null, persistedOpStateExpiryEpochSec: 0}39b99856-47eb-4bdf-8e72-0168dfb4cb59{ip: 10.1.0.114, host: fv-az292-843.tqgtyn10aqxuxoi0mkfbldi5vh.jx.internal.cloudapp.net, ports: [REPLICATION=37291, RATIS=46623, RATIS_ADMIN=46623, RATIS_SERVER=46623, STANDALONE=38181], networkLocation: /default-rack, certSerialId: null, persistedOpState: null, persistedOpStateExpiryEpochSec: 0}2505bfdb-a405-42b6-a08f-f2b9b27cb3cf{ip: 10.1.0.114, host: fv-az292-843.tqgtyn10aqxuxoi0mkfbldi5vh.jx.internal.cloudapp.net, ports: [REPLICATION=37495, RATIS=44113, RATIS_ADMIN=44113, RATIS_SERVER=44113, STANDALONE=37833], networkLocation: /default-rack, certSerialId: null, persistedOpState: null, persistedOpStateExpiryEpochSec: 0}8f156c79-b47c-4138-8e60-2fd88bdff2cb{ip: 10.1.0.114, host: fv-az292-843.tqgtyn10aqxuxoi0mkfbldi5vh.jx.internal.cloudapp.net, ports: [REPLICATION=40269, RATIS=34005, RATIS_ADMIN=34005, RATIS_SERVER=34005, STANDALONE=33175], networkLocation: /default-rack, certSerialId: null, persistedOpState: null, persistedOpStateExpiryEpochSec: 0}, ReplicationConfig: EC/ECReplicationConfig{data=3, parity=2, ecChunkSize=1048576, codec=rs}, State:ALLOCATED, leaderId:, CreationTimestamp2022-10-10T08:41:30.251Z[Etc/UTC]] moved to OPEN state
2022-10-10 08:41:30,318 [IPC Server handler 19 on default port 46869] INFO  pipeline.PipelineStateManagerImpl (PipelineStateManagerImpl.java:addPipeline(103)) - Created pipeline Pipeline[ Id: cbe76581-dd1d-4086-83da-fefca24e694a, Nodes: 39b99856-47eb-4bdf-8e72-0168dfb4cb59{ip: 10.1.0.114, host: fv-az292-843.tqgtyn10aqxuxoi0mkfbldi5vh.jx.internal.cloudapp.net, ports: [REPLICATION=37291, RATIS=46623, RATIS_ADMIN=46623, RATIS_SERVER=46623, STANDALONE=38181], networkLocation: /default-rack, certSerialId: null, persistedOpState: null, persistedOpStateExpiryEpochSec: 0}1a566261-beec-4fd1-be7c-d2e6de257968{ip: 10.1.0.114, host: fv-az292-843.tqgtyn10aqxuxoi0mkfbldi5vh.jx.internal.cloudapp.net, ports: [REPLICATION=44845, RATIS=43815, RATIS_ADMIN=43815, RATIS_SERVER=43815, STANDALONE=40743], networkLocation: /default-rack, certSerialId: null, persistedOpState: null, persistedOpStateExpiryEpochSec: 0}df95c109-086c-4fdb-bc2f-e7a3020caa9e{ip: 10.1.0.114, host: fv-az292-843.tqgtyn10aqxuxoi0mkfbldi5vh.jx.internal.cloudapp.net, ports: [REPLICATION=35793, RATIS=37403, RATIS_ADMIN=37403, RATIS_SERVER=37403, STANDALONE=40595], networkLocation: /default-rack, certSerialId: null, persistedOpState: null, persistedOpStateExpiryEpochSec: 0}2505bfdb-a405-42b6-a08f-f2b9b27cb3cf{ip: 10.1.0.114, host: fv-az292-843.tqgtyn10aqxuxoi0mkfbldi5vh.jx.internal.cloudapp.net, ports: [REPLICATION=37495, RATIS=44113, RATIS_ADMIN=44113, RATIS_SERVER=44113, STANDALONE=37833], networkLocation: /default-rack, certSerialId: null, persistedOpState: null, persistedOpStateExpiryEpochSec: 0}8f156c79-b47c-4138-8e60-2fd88bdff2cb{ip: 10.1.0.114, host: fv-az292-843.tqgtyn10aqxuxoi0mkfbldi5vh.jx.internal.cloudapp.net, ports: [REPLICATION=40269, RATIS=34005, RATIS_ADMIN=34005, RATIS_SERVER=34005, STANDALONE=33175], networkLocation: /default-rack, certSerialId: null, persistedOpState: null, persistedOpStateExpiryEpochSec: 0}, ReplicationConfig: EC/ECReplicationConfig{data=3, parity=2, ecChunkSize=1048576, codec=rs}, State:ALLOCATED, leaderId:, CreationTimestamp2022-10-10T08:41:30.317Z[Etc/UTC]].
2022-10-10 08:41:30,319 [IPC Server handler 19 on default port 46869] INFO  pipeline.PipelineManagerImpl (PipelineManagerImpl.java:openPipeline(367)) - Pipeline Pipeline[ Id: cbe76581-dd1d-4086-83da-fefca24e694a, Nodes: 39b99856-47eb-4bdf-8e72-0168dfb4cb59{ip: 10.1.0.114, host: fv-az292-843.tqgtyn10aqxuxoi0mkfbldi5vh.jx.internal.cloudapp.net, ports: [REPLICATION=37291, RATIS=46623, RATIS_ADMIN=46623, RATIS_SERVER=46623, STANDALONE=38181], networkLocation: /default-rack, certSerialId: null, persistedOpState: null, persistedOpStateExpiryEpochSec: 0}1a566261-beec-4fd1-be7c-d2e6de257968{ip: 10.1.0.114, host: fv-az292-843.tqgtyn10aqxuxoi0mkfbldi5vh.jx.internal.cloudapp.net, ports: [REPLICATION=44845, RATIS=43815, RATIS_ADMIN=43815, RATIS_SERVER=43815, STANDALONE=40743], networkLocation: /default-rack, certSerialId: null, persistedOpState: null, persistedOpStateExpiryEpochSec: 0}df95c109-086c-4fdb-bc2f-e7a3020caa9e{ip: 10.1.0.114, host: fv-az292-843.tqgtyn10aqxuxoi0mkfbldi5vh.jx.internal.cloudapp.net, ports: [REPLICATION=35793, RATIS=37403, RATIS_ADMIN=37403, RATIS_SERVER=37403, STANDALONE=40595], networkLocation: /default-rack, certSerialId: null, persistedOpState: null, persistedOpStateExpiryEpochSec: 0}2505bfdb-a405-42b6-a08f-f2b9b27cb3cf{ip: 10.1.0.114, host: fv-az292-843.tqgtyn10aqxuxoi0mkfbldi5vh.jx.internal.cloudapp.net, ports: [REPLICATION=37495, RATIS=44113, RATIS_ADMIN=44113, RATIS_SERVER=44113, STANDALONE=37833], networkLocation: /default-rack, certSerialId: null, persistedOpState: null, persistedOpStateExpiryEpochSec: 0}8f156c79-b47c-4138-8e60-2fd88bdff2cb{ip: 10.1.0.114, host: fv-az292-843.tqgtyn10aqxuxoi0mkfbldi5vh.jx.internal.cloudapp.net, ports: [REPLICATION=40269, RATIS=34005, RATIS_ADMIN=34005, RATIS_SERVER=34005, STANDALONE=33175], networkLocation: /default-rack, certSerialId: null, persistedOpState: null, persistedOpStateExpiryEpochSec: 0}, ReplicationConfig: EC/ECReplicationConfig{data=3, parity=2, ecChunkSize=1048576, codec=rs}, State:ALLOCATED, leaderId:, CreationTimestamp2022-10-10T08:41:30.317Z[Etc/UTC]] moved to OPEN state
]]></system-out>
  </testcase>
  <testcase name="testCreateKeyShouldUseRefreshedBucketReplicationConfig" classname="TestOzoneFileSystem" time="0.303">
    <system-out><![CDATA[2022-10-10 08:43:31,633 [Time-limited test] INFO  rpc.RpcClient (RpcClient.java:createVolume(471)) - Creating Volume: volume80400, with user54890 as owner and space quota set to -1 bytes, counts quota set to -1
2022-10-10 08:43:31,637 [IPC Server handler 17 on default port 37485] INFO  volume.OMVolumeCreateRequest (OMVolumeCreateRequest.java:validateAndUpdateCache(195)) - created volume:volume80400 for user:user54890
2022-10-10 08:43:31,645 [Time-limited test] INFO  rpc.RpcClient (RpcClient.java:createBucket(674)) - Creating Bucket: volume80400/bucket73023, with bucket layout LEGACY, runner as owner, Versioning false, Storage Type set to DISK and Encryption set to false 
2022-10-10 08:43:31,645 [IPC Server handler 19 on default port 37485] INFO  bucket.OMBucketCreateRequest (OMBucketCreateRequest.java:validateAndUpdateCache(260)) - created bucket: bucket73023 of layout LEGACY in volume: volume80400
2022-10-10 08:43:31,741 [IPC Server handler 6 on default port 37757] INFO  pipeline.PipelineStateManagerImpl (PipelineStateManagerImpl.java:addPipeline(103)) - Created pipeline Pipeline[ Id: 5b5283c8-f4f4-4c59-a1fd-d6086842c494, Nodes: a9a6cd5b-fe0e-4332-bca3-bc21e3040c64{ip: 10.1.0.114, host: fv-az292-843.tqgtyn10aqxuxoi0mkfbldi5vh.jx.internal.cloudapp.net, ports: [REPLICATION=46095, RATIS=35833, RATIS_ADMIN=35833, RATIS_SERVER=35833, STANDALONE=35005], networkLocation: /default-rack, certSerialId: null, persistedOpState: null, persistedOpStateExpiryEpochSec: 0}60d02c60-4364-4909-b75c-044757b70e38{ip: 10.1.0.114, host: fv-az292-843.tqgtyn10aqxuxoi0mkfbldi5vh.jx.internal.cloudapp.net, ports: [REPLICATION=42729, RATIS=40107, RATIS_ADMIN=40107, RATIS_SERVER=40107, STANDALONE=34221], networkLocation: /default-rack, certSerialId: null, persistedOpState: null, persistedOpStateExpiryEpochSec: 0}01e2fa94-bf37-40d8-a3b1-a78bdc47df12{ip: 10.1.0.114, host: fv-az292-843.tqgtyn10aqxuxoi0mkfbldi5vh.jx.internal.cloudapp.net, ports: [REPLICATION=44011, RATIS=35473, RATIS_ADMIN=35473, RATIS_SERVER=35473, STANDALONE=44865], networkLocation: /default-rack, certSerialId: null, persistedOpState: null, persistedOpStateExpiryEpochSec: 0}9cbf5f09-7b00-486b-b3c2-fec1d2782637{ip: 10.1.0.114, host: fv-az292-843.tqgtyn10aqxuxoi0mkfbldi5vh.jx.internal.cloudapp.net, ports: [REPLICATION=41453, RATIS=40267, RATIS_ADMIN=40267, RATIS_SERVER=40267, STANDALONE=35489], networkLocation: /default-rack, certSerialId: null, persistedOpState: null, persistedOpStateExpiryEpochSec: 0}b810ff59-71dc-43a2-8cb3-16d59e449a1e{ip: 10.1.0.114, host: fv-az292-843.tqgtyn10aqxuxoi0mkfbldi5vh.jx.internal.cloudapp.net, ports: [REPLICATION=37681, RATIS=43627, RATIS_ADMIN=43627, RATIS_SERVER=43627, STANDALONE=40483], networkLocation: /default-rack, certSerialId: null, persistedOpState: null, persistedOpStateExpiryEpochSec: 0}, ReplicationConfig: EC/ECReplicationConfig{data=3, parity=2, ecChunkSize=1048576, codec=rs}, State:ALLOCATED, leaderId:, CreationTimestamp2022-10-10T08:43:31.740Z[Etc/UTC]].
2022-10-10 08:43:31,741 [IPC Server handler 6 on default port 37757] INFO  pipeline.PipelineManagerImpl (PipelineManagerImpl.java:openPipeline(367)) - Pipeline Pipeline[ Id: 5b5283c8-f4f4-4c59-a1fd-d6086842c494, Nodes: a9a6cd5b-fe0e-4332-bca3-bc21e3040c64{ip: 10.1.0.114, host: fv-az292-843.tqgtyn10aqxuxoi0mkfbldi5vh.jx.internal.cloudapp.net, ports: [REPLICATION=46095, RATIS=35833, RATIS_ADMIN=35833, RATIS_SERVER=35833, STANDALONE=35005], networkLocation: /default-rack, certSerialId: null, persistedOpState: null, persistedOpStateExpiryEpochSec: 0}60d02c60-4364-4909-b75c-044757b70e38{ip: 10.1.0.114, host: fv-az292-843.tqgtyn10aqxuxoi0mkfbldi5vh.jx.internal.cloudapp.net, ports: [REPLICATION=42729, RATIS=40107, RATIS_ADMIN=40107, RATIS_SERVER=40107, STANDALONE=34221], networkLocation: /default-rack, certSerialId: null, persistedOpState: null, persistedOpStateExpiryEpochSec: 0}01e2fa94-bf37-40d8-a3b1-a78bdc47df12{ip: 10.1.0.114, host: fv-az292-843.tqgtyn10aqxuxoi0mkfbldi5vh.jx.internal.cloudapp.net, ports: [REPLICATION=44011, RATIS=35473, RATIS_ADMIN=35473, RATIS_SERVER=35473, STANDALONE=44865], networkLocation: /default-rack, certSerialId: null, persistedOpState: null, persistedOpStateExpiryEpochSec: 0}9cbf5f09-7b00-486b-b3c2-fec1d2782637{ip: 10.1.0.114, host: fv-az292-843.tqgtyn10aqxuxoi0mkfbldi5vh.jx.internal.cloudapp.net, ports: [REPLICATION=41453, RATIS=40267, RATIS_ADMIN=40267, RATIS_SERVER=40267, STANDALONE=35489], networkLocation: /default-rack, certSerialId: null, persistedOpState: null, persistedOpStateExpiryEpochSec: 0}b810ff59-71dc-43a2-8cb3-16d59e449a1e{ip: 10.1.0.114, host: fv-az292-843.tqgtyn10aqxuxoi0mkfbldi5vh.jx.internal.cloudapp.net, ports: [REPLICATION=37681, RATIS=43627, RATIS_ADMIN=43627, RATIS_SERVER=43627, STANDALONE=40483], networkLocation: /default-rack, certSerialId: null, persistedOpState: null, persistedOpStateExpiryEpochSec: 0}, ReplicationConfig: EC/ECReplicationConfig{data=3, parity=2, ecChunkSize=1048576, codec=rs}, State:ALLOCATED, leaderId:, CreationTimestamp2022-10-10T08:43:31.740Z[Etc/UTC]] moved to OPEN state
2022-10-10 08:43:31,803 [IPC Server handler 13 on default port 37757] INFO  pipeline.PipelineStateManagerImpl (PipelineStateManagerImpl.java:addPipeline(103)) - Created pipeline Pipeline[ Id: aee81e56-3c53-40bc-a784-eb7ec0de6084, Nodes: b810ff59-71dc-43a2-8cb3-16d59e449a1e{ip: 10.1.0.114, host: fv-az292-843.tqgtyn10aqxuxoi0mkfbldi5vh.jx.internal.cloudapp.net, ports: [REPLICATION=37681, RATIS=43627, RATIS_ADMIN=43627, RATIS_SERVER=43627, STANDALONE=40483], networkLocation: /default-rack, certSerialId: null, persistedOpState: null, persistedOpStateExpiryEpochSec: 0}a9a6cd5b-fe0e-4332-bca3-bc21e3040c64{ip: 10.1.0.114, host: fv-az292-843.tqgtyn10aqxuxoi0mkfbldi5vh.jx.internal.cloudapp.net, ports: [REPLICATION=46095, RATIS=35833, RATIS_ADMIN=35833, RATIS_SERVER=35833, STANDALONE=35005], networkLocation: /default-rack, certSerialId: null, persistedOpState: null, persistedOpStateExpiryEpochSec: 0}01e2fa94-bf37-40d8-a3b1-a78bdc47df12{ip: 10.1.0.114, host: fv-az292-843.tqgtyn10aqxuxoi0mkfbldi5vh.jx.internal.cloudapp.net, ports: [REPLICATION=44011, RATIS=35473, RATIS_ADMIN=35473, RATIS_SERVER=35473, STANDALONE=44865], networkLocation: /default-rack, certSerialId: null, persistedOpState: null, persistedOpStateExpiryEpochSec: 0}60d02c60-4364-4909-b75c-044757b70e38{ip: 10.1.0.114, host: fv-az292-843.tqgtyn10aqxuxoi0mkfbldi5vh.jx.internal.cloudapp.net, ports: [REPLICATION=42729, RATIS=40107, RATIS_ADMIN=40107, RATIS_SERVER=40107, STANDALONE=34221], networkLocation: /default-rack, certSerialId: null, persistedOpState: null, persistedOpStateExpiryEpochSec: 0}9cbf5f09-7b00-486b-b3c2-fec1d2782637{ip: 10.1.0.114, host: fv-az292-843.tqgtyn10aqxuxoi0mkfbldi5vh.jx.internal.cloudapp.net, ports: [REPLICATION=41453, RATIS=40267, RATIS_ADMIN=40267, RATIS_SERVER=40267, STANDALONE=35489], networkLocation: /default-rack, certSerialId: null, persistedOpState: null, persistedOpStateExpiryEpochSec: 0}, ReplicationConfig: EC/ECReplicationConfig{data=3, parity=2, ecChunkSize=1048576, codec=rs}, State:ALLOCATED, leaderId:, CreationTimestamp2022-10-10T08:43:31.802Z[Etc/UTC]].
2022-10-10 08:43:31,804 [IPC Server handler 13 on default port 37757] INFO  pipeline.PipelineManagerImpl (PipelineManagerImpl.java:openPipeline(367)) - Pipeline Pipeline[ Id: aee81e56-3c53-40bc-a784-eb7ec0de6084, Nodes: b810ff59-71dc-43a2-8cb3-16d59e449a1e{ip: 10.1.0.114, host: fv-az292-843.tqgtyn10aqxuxoi0mkfbldi5vh.jx.internal.cloudapp.net, ports: [REPLICATION=37681, RATIS=43627, RATIS_ADMIN=43627, RATIS_SERVER=43627, STANDALONE=40483], networkLocation: /default-rack, certSerialId: null, persistedOpState: null, persistedOpStateExpiryEpochSec: 0}a9a6cd5b-fe0e-4332-bca3-bc21e3040c64{ip: 10.1.0.114, host: fv-az292-843.tqgtyn10aqxuxoi0mkfbldi5vh.jx.internal.cloudapp.net, ports: [REPLICATION=46095, RATIS=35833, RATIS_ADMIN=35833, RATIS_SERVER=35833, STANDALONE=35005], networkLocation: /default-rack, certSerialId: null, persistedOpState: null, persistedOpStateExpiryEpochSec: 0}01e2fa94-bf37-40d8-a3b1-a78bdc47df12{ip: 10.1.0.114, host: fv-az292-843.tqgtyn10aqxuxoi0mkfbldi5vh.jx.internal.cloudapp.net, ports: [REPLICATION=44011, RATIS=35473, RATIS_ADMIN=35473, RATIS_SERVER=35473, STANDALONE=44865], networkLocation: /default-rack, certSerialId: null, persistedOpState: null, persistedOpStateExpiryEpochSec: 0}60d02c60-4364-4909-b75c-044757b70e38{ip: 10.1.0.114, host: fv-az292-843.tqgtyn10aqxuxoi0mkfbldi5vh.jx.internal.cloudapp.net, ports: [REPLICATION=42729, RATIS=40107, RATIS_ADMIN=40107, RATIS_SERVER=40107, STANDALONE=34221], networkLocation: /default-rack, certSerialId: null, persistedOpState: null, persistedOpStateExpiryEpochSec: 0}9cbf5f09-7b00-486b-b3c2-fec1d2782637{ip: 10.1.0.114, host: fv-az292-843.tqgtyn10aqxuxoi0mkfbldi5vh.jx.internal.cloudapp.net, ports: [REPLICATION=41453, RATIS=40267, RATIS_ADMIN=40267, RATIS_SERVER=40267, STANDALONE=35489], networkLocation: /default-rack, certSerialId: null, persistedOpState: null, persistedOpStateExpiryEpochSec: 0}, ReplicationConfig: EC/ECReplicationConfig{data=3, parity=2, ecChunkSize=1048576, codec=rs}, State:ALLOCATED, leaderId:, CreationTimestamp2022-10-10T08:43:31.802Z[Etc/UTC]] moved to OPEN state
]]></system-out>
  </testcase>
  <testcase name="testListStatusIteratorOnRoot" classname="TestOzoneFileSystem" time="0.037"/>
  <testcase name="testListStatusIteratorOnRoot" classname="TestOzoneFileSystem" time="0.04"/>
  <testcase name="testListStatusIteratorOnRoot" classname="TestOzoneFileSystem" time="0.064"/>
  <testcase name="testListStatusIteratorOnRoot" classname="TestOzoneFileSystem" time="0.069"/>
  <testcase name="testRenameDirToFile" classname="TestOzoneFileSystem" time="0.036">
    <system-out><![CDATA[2022-10-10 08:37:48,754 [Time-limited test] WARN  ozone.BasicOzoneFileSystem (BasicOzoneFileSystem.java:rename(396)) - Failed to rename o3fs://bucket39555.volume16396/a/b/c to o3fs://bucket39555.volume16396/root/file1, file already exists!
]]></system-out>
  </testcase>
  <testcase name="testRenameDirToFile" classname="TestOzoneFileSystem" time="0.033">
    <system-out><![CDATA[2022-10-10 08:39:23,817 [Time-limited test] WARN  ozone.BasicOzoneFileSystem (BasicOzoneFileSystem.java:rename(396)) - Failed to rename o3fs://bucket40120.volume27327/a/b/c to o3fs://bucket40120.volume27327/root/file1, file already exists!
]]></system-out>
  </testcase>
  <testcase name="testRenameDirToFile" classname="TestOzoneFileSystem" time="0.058">
    <system-out><![CDATA[2022-10-10 08:41:30,498 [Time-limited test] WARN  ozone.BasicOzoneFileSystem (BasicOzoneFileSystem.java:rename(396)) - Failed to rename o3fs://bucket94599.volume83680/a/b/c to o3fs://bucket94599.volume83680/root/file1, file already exists!
]]></system-out>
  </testcase>
  <testcase name="testRenameDirToFile" classname="TestOzoneFileSystem" time="0.067">
    <system-out><![CDATA[2022-10-10 08:43:31,976 [Time-limited test] WARN  ozone.BasicOzoneFileSystem (BasicOzoneFileSystem.java:rename(396)) - Failed to rename o3fs://bucket63939.volume23299/a/b/c to o3fs://bucket63939.volume23299/root/file1, file already exists!
]]></system-out>
  </testcase>
  <testcase name="testRenameToNewSubDirShouldNotExist" classname="TestOzoneFileSystem" time="0.061">
    <system-out><![CDATA[2022-10-10 08:37:48,794 [Time-limited test] WARN  ozone.BasicOzoneFileSystem (BasicOzoneFileSystem.java:rename(390)) - Failed to rename o3fs://bucket39555.volume16396/a to o3fs://bucket39555.volume16396/b/a, file already exists or not empty!
2022-10-10 08:37:48,811 [Time-limited test] WARN  ozone.BasicOzoneFileSystem (BasicOzoneFileSystem.java:rename(390)) - Failed to rename o3fs://bucket39555.volume16396/file1 to o3fs://bucket39555.volume16396/a/file1, file already exists or not empty!
]]></system-out>
  </testcase>
  <testcase name="testRenameToNewSubDirShouldNotExist" classname="TestOzoneFileSystem" time="0.052">
    <system-out><![CDATA[2022-10-10 08:39:23,857 [Time-limited test] WARN  ozone.BasicOzoneFileSystem (BasicOzoneFileSystem.java:rename(390)) - Failed to rename o3fs://bucket40120.volume27327/a to o3fs://bucket40120.volume27327/b/a, file already exists or not empty!
2022-10-10 08:39:23,870 [Time-limited test] WARN  ozone.BasicOzoneFileSystem (BasicOzoneFileSystem.java:rename(390)) - Failed to rename o3fs://bucket40120.volume27327/file1 to o3fs://bucket40120.volume27327/a/file1, file already exists or not empty!
]]></system-out>
  </testcase>
  <testcase name="testRenameToNewSubDirShouldNotExist" classname="TestOzoneFileSystem" time="0.077">
    <system-out><![CDATA[2022-10-10 08:41:30,550 [Time-limited test] WARN  ozone.BasicOzoneFileSystem (BasicOzoneFileSystem.java:rename(390)) - Failed to rename o3fs://bucket94599.volume83680/a to o3fs://bucket94599.volume83680/b/a, file already exists or not empty!
2022-10-10 08:41:30,569 [Time-limited test] WARN  ozone.BasicOzoneFileSystem (BasicOzoneFileSystem.java:rename(390)) - Failed to rename o3fs://bucket94599.volume83680/file1 to o3fs://bucket94599.volume83680/a/file1, file already exists or not empty!
]]></system-out>
  </testcase>
  <testcase name="testRenameToNewSubDirShouldNotExist" classname="TestOzoneFileSystem" time="0.082">
    <system-out><![CDATA[2022-10-10 08:43:32,037 [Time-limited test] WARN  ozone.BasicOzoneFileSystem (BasicOzoneFileSystem.java:rename(390)) - Failed to rename o3fs://bucket63939.volume23299/a to o3fs://bucket63939.volume23299/b/a, file already exists or not empty!
2022-10-10 08:43:32,054 [Time-limited test] WARN  ozone.BasicOzoneFileSystem (BasicOzoneFileSystem.java:rename(390)) - Failed to rename o3fs://bucket63939.volume23299/file1 to o3fs://bucket63939.volume23299/a/file1, file already exists or not empty!
]]></system-out>
  </testcase>
  <testcase name="testListStatusOnLargeDirectoryForACLCheck" classname="TestOzoneFileSystem" time="3.289">
    <system-out><![CDATA[2022-10-10 08:37:52,076 [om1-client-thread2] INFO  segmented.SegmentedRaftLogWorker (SegmentedRaftLogWorker.java:rollLogSegment(430)) - om1@group-C5BA1605619E-SegmentedRaftLogWorker: Rolling segment log-0_36918 to index:36918
2022-10-10 08:37:52,078 [om1@group-C5BA1605619E-SegmentedRaftLogWorker] INFO  segmented.SegmentedRaftLogWorker (SegmentedRaftLogWorker.java:execute(586)) - om1@group-C5BA1605619E-SegmentedRaftLogWorker: Rolled log segment from /home/runner/work/ozone/ozone/hadoop-ozone/integration-test/target/test-dir/MiniOzoneClusterImpl-3d336b07-937f-4edb-b979-ca8ead8aca5d/ozone-meta/ratis/bf265839-605b-3f16-9796-c5ba1605619e/current/log_inprogress_0 to /home/runner/work/ozone/ozone/hadoop-ozone/integration-test/target/test-dir/MiniOzoneClusterImpl-3d336b07-937f-4edb-b979-ca8ead8aca5d/ozone-meta/ratis/bf265839-605b-3f16-9796-c5ba1605619e/current/log_0-36918
2022-10-10 08:37:52,090 [om1@group-C5BA1605619E-SegmentedRaftLogWorker] INFO  segmented.SegmentedRaftLogWorker (SegmentedRaftLogWorker.java:execute(629)) - om1@group-C5BA1605619E-SegmentedRaftLogWorker: created new log segment /home/runner/work/ozone/ozone/hadoop-ozone/integration-test/target/test-dir/MiniOzoneClusterImpl-3d336b07-937f-4edb-b979-ca8ead8aca5d/ozone-meta/ratis/bf265839-605b-3f16-9796-c5ba1605619e/current/log_inprogress_36919
]]></system-out>
  </testcase>
  <testcase name="testListStatusOnLargeDirectoryForACLCheck" classname="TestOzoneFileSystem" time="3.373">
    <system-out><![CDATA[2022-10-10 08:39:25,571 [IPC Server handler 19 on default port 45169] INFO  ha.SequenceIdGenerator (SequenceIdGenerator.java:getNextId(128)) - Allocate a batch for delTxnId, change lastId from 0 to 1000.
]]></system-out>
  </testcase>
  <testcase name="testListStatusOnLargeDirectoryForACLCheck" classname="TestOzoneFileSystem" time="3.742">
    <system-out><![CDATA[2022-10-10 08:41:34,266 [om1-client-thread1] INFO  segmented.SegmentedRaftLogWorker (SegmentedRaftLogWorker.java:rollLogSegment(430)) - om1@group-C5BA1605619E-SegmentedRaftLogWorker: Rolling segment log-0_36896 to index:36896
2022-10-10 08:41:34,267 [om1@group-C5BA1605619E-SegmentedRaftLogWorker] INFO  segmented.SegmentedRaftLogWorker (SegmentedRaftLogWorker.java:execute(586)) - om1@group-C5BA1605619E-SegmentedRaftLogWorker: Rolled log segment from /home/runner/work/ozone/ozone/hadoop-ozone/integration-test/target/test-dir/MiniOzoneClusterImpl-ad2c0857-510d-4cdb-92e5-38dbe430bd54/ozone-meta/ratis/bf265839-605b-3f16-9796-c5ba1605619e/current/log_inprogress_0 to /home/runner/work/ozone/ozone/hadoop-ozone/integration-test/target/test-dir/MiniOzoneClusterImpl-ad2c0857-510d-4cdb-92e5-38dbe430bd54/ozone-meta/ratis/bf265839-605b-3f16-9796-c5ba1605619e/current/log_0-36896
2022-10-10 08:41:34,286 [om1@group-C5BA1605619E-SegmentedRaftLogWorker] INFO  segmented.SegmentedRaftLogWorker (SegmentedRaftLogWorker.java:execute(629)) - om1@group-C5BA1605619E-SegmentedRaftLogWorker: created new log segment /home/runner/work/ozone/ozone/hadoop-ozone/integration-test/target/test-dir/MiniOzoneClusterImpl-ad2c0857-510d-4cdb-92e5-38dbe430bd54/ozone-meta/ratis/bf265839-605b-3f16-9796-c5ba1605619e/current/log_inprogress_36897
]]></system-out>
  </testcase>
  <testcase name="testListStatusOnLargeDirectoryForACLCheck" classname="TestOzoneFileSystem" time="3.46"/>
  <testcase name="testRenameFileToDir" classname="TestOzoneFileSystem" time="0.061">
    <system-out><![CDATA[08:37:52.152 [IPC Server handler 10 on default port 46487] ERROR OMAudit - user=runner | ip=127.0.0.1 | op=LIST_STATUS {volume=volume16396, bucket=bucket39555, key=a/b/c/file1, dataSize=0, replicationConfig=null} | ret=FAILURE
org.apache.hadoop.ozone.om.exceptions.OMException: Unable to get file status: volume: volume16396 bucket: bucket39555 key: a/b/c/file1
	at org.apache.hadoop.ozone.om.KeyManagerImpl.getOzoneFileStatus(KeyManagerImpl.java:1270) ~[ozone-manager-1.3.0-SNAPSHOT.jar:?]
	at org.apache.hadoop.ozone.om.KeyManagerImpl.getFileStatus(KeyManagerImpl.java:1200) ~[ozone-manager-1.3.0-SNAPSHOT.jar:?]
	at org.apache.hadoop.ozone.om.KeyManagerImpl.listStatus(KeyManagerImpl.java:1518) ~[ozone-manager-1.3.0-SNAPSHOT.jar:?]
	at org.apache.hadoop.ozone.om.OzoneManager.listStatus(OzoneManager.java:3585) ~[ozone-manager-1.3.0-SNAPSHOT.jar:?]
	at org.apache.hadoop.ozone.protocolPB.OzoneManagerRequestHandler.listStatus(OzoneManagerRequestHandler.java:1072) ~[ozone-manager-1.3.0-SNAPSHOT.jar:?]
	at org.apache.hadoop.ozone.protocolPB.OzoneManagerRequestHandler.handleReadRequest(OzoneManagerRequestHandler.java:239) ~[ozone-manager-1.3.0-SNAPSHOT.jar:?]
	at org.apache.hadoop.ozone.protocolPB.OzoneManagerProtocolServerSideTranslatorPB.submitReadRequestToOM(OzoneManagerProtocolServerSideTranslatorPB.java:226) ~[ozone-manager-1.3.0-SNAPSHOT.jar:?]
	at org.apache.hadoop.ozone.protocolPB.OzoneManagerProtocolServerSideTranslatorPB.processRequest(OzoneManagerProtocolServerSideTranslatorPB.java:175) ~[ozone-manager-1.3.0-SNAPSHOT.jar:?]
	at org.apache.hadoop.hdds.server.OzoneProtocolMessageDispatcher.processRequest(OzoneProtocolMessageDispatcher.java:87) [hdds-server-framework-1.3.0-SNAPSHOT.jar:?]
	at org.apache.hadoop.ozone.protocolPB.OzoneManagerProtocolServerSideTranslatorPB.submitRequest(OzoneManagerProtocolServerSideTranslatorPB.java:147) [ozone-manager-1.3.0-SNAPSHOT.jar:?]
	at org.apache.hadoop.ozone.protocol.proto.OzoneManagerProtocolProtos$OzoneManagerService$2.callBlockingMethod(OzoneManagerProtocolProtos.java) [ozone-interface-client-1.3.0-SNAPSHOT.jar:?]
	at org.apache.hadoop.ipc.ProtobufRpcEngine$Server.processCall(ProtobufRpcEngine.java:466) [hadoop-common-3.3.1.jar:?]
	at org.apache.hadoop.ipc.ProtobufRpcEngine2$Server$ProtoBufRpcInvoker.call(ProtobufRpcEngine2.java:574) [hadoop-common-3.3.1.jar:?]
	at org.apache.hadoop.ipc.ProtobufRpcEngine2$Server$ProtoBufRpcInvoker.call(ProtobufRpcEngine2.java:552) [hadoop-common-3.3.1.jar:?]
	at org.apache.hadoop.ipc.RPC$Server.call(RPC.java:1093) [hadoop-common-3.3.1.jar:?]
	at org.apache.hadoop.ipc.Server$RpcCall.run(Server.java:1035) [hadoop-common-3.3.1.jar:?]
	at org.apache.hadoop.ipc.Server$RpcCall.run(Server.java:963) [hadoop-common-3.3.1.jar:?]
	at java.security.AccessController.doPrivileged(Native Method) ~[?:1.8.0_345]
	at javax.security.auth.Subject.doAs(Subject.java:422) [?:1.8.0_345]
	at org.apache.hadoop.security.UserGroupInformation.doAs(UserGroupInformation.java:1878) [hadoop-common-3.3.1.jar:?]
	at org.apache.hadoop.ipc.Server$Handler.run(Server.java:2966) [hadoop-common-3.3.1.jar:?]
]]></system-out>
  </testcase>
  <testcase name="testRenameFileToDir" classname="TestOzoneFileSystem" time="0.065">
    <system-out><![CDATA[08:39:27.295 [IPC Server handler 3 on default port 43231] ERROR OMAudit - user=runner | ip=127.0.0.1 | op=LIST_STATUS {volume=volume27327, bucket=bucket40120, key=a/b/c/file1, dataSize=0, replicationConfig=null} | ret=FAILURE
org.apache.hadoop.ozone.om.exceptions.OMException: Unable to get file status: volume: volume27327 bucket: bucket40120 key: a/b/c/file1
	at org.apache.hadoop.ozone.om.KeyManagerImpl.getOzoneFileStatus(KeyManagerImpl.java:1270) ~[ozone-manager-1.3.0-SNAPSHOT.jar:?]
	at org.apache.hadoop.ozone.om.KeyManagerImpl.getFileStatus(KeyManagerImpl.java:1200) ~[ozone-manager-1.3.0-SNAPSHOT.jar:?]
	at org.apache.hadoop.ozone.om.KeyManagerImpl.listStatus(KeyManagerImpl.java:1518) ~[ozone-manager-1.3.0-SNAPSHOT.jar:?]
	at org.apache.hadoop.ozone.om.OzoneManager.listStatus(OzoneManager.java:3585) ~[ozone-manager-1.3.0-SNAPSHOT.jar:?]
	at org.apache.hadoop.ozone.protocolPB.OzoneManagerRequestHandler.listStatus(OzoneManagerRequestHandler.java:1072) ~[ozone-manager-1.3.0-SNAPSHOT.jar:?]
	at org.apache.hadoop.ozone.protocolPB.OzoneManagerRequestHandler.handleReadRequest(OzoneManagerRequestHandler.java:239) ~[ozone-manager-1.3.0-SNAPSHOT.jar:?]
	at org.apache.hadoop.ozone.protocolPB.OzoneManagerProtocolServerSideTranslatorPB.submitRequestDirectlyToOM(OzoneManagerProtocolServerSideTranslatorPB.java:276) ~[ozone-manager-1.3.0-SNAPSHOT.jar:?]
	at org.apache.hadoop.ozone.protocolPB.OzoneManagerProtocolServerSideTranslatorPB.processRequest(OzoneManagerProtocolServerSideTranslatorPB.java:205) ~[ozone-manager-1.3.0-SNAPSHOT.jar:?]
	at org.apache.hadoop.hdds.server.OzoneProtocolMessageDispatcher.processRequest(OzoneProtocolMessageDispatcher.java:87) [hdds-server-framework-1.3.0-SNAPSHOT.jar:?]
	at org.apache.hadoop.ozone.protocolPB.OzoneManagerProtocolServerSideTranslatorPB.submitRequest(OzoneManagerProtocolServerSideTranslatorPB.java:147) [ozone-manager-1.3.0-SNAPSHOT.jar:?]
	at org.apache.hadoop.ozone.protocol.proto.OzoneManagerProtocolProtos$OzoneManagerService$2.callBlockingMethod(OzoneManagerProtocolProtos.java) [ozone-interface-client-1.3.0-SNAPSHOT.jar:?]
	at org.apache.hadoop.ipc.ProtobufRpcEngine$Server.processCall(ProtobufRpcEngine.java:466) [hadoop-common-3.3.1.jar:?]
	at org.apache.hadoop.ipc.ProtobufRpcEngine2$Server$ProtoBufRpcInvoker.call(ProtobufRpcEngine2.java:574) [hadoop-common-3.3.1.jar:?]
	at org.apache.hadoop.ipc.ProtobufRpcEngine2$Server$ProtoBufRpcInvoker.call(ProtobufRpcEngine2.java:552) [hadoop-common-3.3.1.jar:?]
	at org.apache.hadoop.ipc.RPC$Server.call(RPC.java:1093) [hadoop-common-3.3.1.jar:?]
	at org.apache.hadoop.ipc.Server$RpcCall.run(Server.java:1035) [hadoop-common-3.3.1.jar:?]
	at org.apache.hadoop.ipc.Server$RpcCall.run(Server.java:963) [hadoop-common-3.3.1.jar:?]
	at java.security.AccessController.doPrivileged(Native Method) ~[?:1.8.0_345]
	at javax.security.auth.Subject.doAs(Subject.java:422) [?:1.8.0_345]
	at org.apache.hadoop.security.UserGroupInformation.doAs(UserGroupInformation.java:1878) [hadoop-common-3.3.1.jar:?]
	at org.apache.hadoop.ipc.Server$Handler.run(Server.java:2966) [hadoop-common-3.3.1.jar:?]
]]></system-out>
  </testcase>
  <testcase name="testRenameFileToDir" classname="TestOzoneFileSystem" time="0.099">
    <system-out><![CDATA[08:41:34.382 [IPC Server handler 14 on default port 41701] ERROR OMAudit - user=runner | ip=127.0.0.1 | op=LIST_STATUS {volume=volume83680, bucket=bucket94599, key=a/b/c/file1, dataSize=0, replicationConfig=null} | ret=FAILURE
org.apache.hadoop.ozone.om.exceptions.OMException: Unable to get file status: volume: volume83680 bucket: bucket94599 key: a/b/c/file1
	at org.apache.hadoop.ozone.om.KeyManagerImpl.getOzoneFileStatus(KeyManagerImpl.java:1270) ~[ozone-manager-1.3.0-SNAPSHOT.jar:?]
	at org.apache.hadoop.ozone.om.KeyManagerImpl.getFileStatus(KeyManagerImpl.java:1200) ~[ozone-manager-1.3.0-SNAPSHOT.jar:?]
	at org.apache.hadoop.ozone.om.KeyManagerImpl.listStatus(KeyManagerImpl.java:1518) ~[ozone-manager-1.3.0-SNAPSHOT.jar:?]
	at org.apache.hadoop.ozone.om.OzoneManager.listStatus(OzoneManager.java:3585) ~[ozone-manager-1.3.0-SNAPSHOT.jar:?]
	at org.apache.hadoop.ozone.protocolPB.OzoneManagerRequestHandler.listStatus(OzoneManagerRequestHandler.java:1072) ~[ozone-manager-1.3.0-SNAPSHOT.jar:?]
	at org.apache.hadoop.ozone.protocolPB.OzoneManagerRequestHandler.handleReadRequest(OzoneManagerRequestHandler.java:239) ~[ozone-manager-1.3.0-SNAPSHOT.jar:?]
	at org.apache.hadoop.ozone.protocolPB.OzoneManagerProtocolServerSideTranslatorPB.submitReadRequestToOM(OzoneManagerProtocolServerSideTranslatorPB.java:226) ~[ozone-manager-1.3.0-SNAPSHOT.jar:?]
	at org.apache.hadoop.ozone.protocolPB.OzoneManagerProtocolServerSideTranslatorPB.processRequest(OzoneManagerProtocolServerSideTranslatorPB.java:175) ~[ozone-manager-1.3.0-SNAPSHOT.jar:?]
	at org.apache.hadoop.hdds.server.OzoneProtocolMessageDispatcher.processRequest(OzoneProtocolMessageDispatcher.java:87) [hdds-server-framework-1.3.0-SNAPSHOT.jar:?]
	at org.apache.hadoop.ozone.protocolPB.OzoneManagerProtocolServerSideTranslatorPB.submitRequest(OzoneManagerProtocolServerSideTranslatorPB.java:147) [ozone-manager-1.3.0-SNAPSHOT.jar:?]
	at org.apache.hadoop.ozone.protocol.proto.OzoneManagerProtocolProtos$OzoneManagerService$2.callBlockingMethod(OzoneManagerProtocolProtos.java) [ozone-interface-client-1.3.0-SNAPSHOT.jar:?]
	at org.apache.hadoop.ipc.ProtobufRpcEngine$Server.processCall(ProtobufRpcEngine.java:466) [hadoop-common-3.3.1.jar:?]
	at org.apache.hadoop.ipc.ProtobufRpcEngine2$Server$ProtoBufRpcInvoker.call(ProtobufRpcEngine2.java:574) [hadoop-common-3.3.1.jar:?]
	at org.apache.hadoop.ipc.ProtobufRpcEngine2$Server$ProtoBufRpcInvoker.call(ProtobufRpcEngine2.java:552) [hadoop-common-3.3.1.jar:?]
	at org.apache.hadoop.ipc.RPC$Server.call(RPC.java:1093) [hadoop-common-3.3.1.jar:?]
	at org.apache.hadoop.ipc.Server$RpcCall.run(Server.java:1035) [hadoop-common-3.3.1.jar:?]
	at org.apache.hadoop.ipc.Server$RpcCall.run(Server.java:963) [hadoop-common-3.3.1.jar:?]
	at java.security.AccessController.doPrivileged(Native Method) ~[?:1.8.0_345]
	at javax.security.auth.Subject.doAs(Subject.java:422) [?:1.8.0_345]
	at org.apache.hadoop.security.UserGroupInformation.doAs(UserGroupInformation.java:1878) [hadoop-common-3.3.1.jar:?]
	at org.apache.hadoop.ipc.Server$Handler.run(Server.java:2966) [hadoop-common-3.3.1.jar:?]
]]></system-out>
  </testcase>
  <testcase name="testRenameFileToDir" classname="TestOzoneFileSystem" time="0.097">
    <system-out><![CDATA[08:43:35.566 [IPC Server handler 18 on default port 37485] ERROR OMAudit - user=runner | ip=127.0.0.1 | op=LIST_STATUS {volume=volume23299, bucket=bucket63939, key=a/b/c/file1, dataSize=0, replicationConfig=null} | ret=FAILURE
org.apache.hadoop.ozone.om.exceptions.OMException: Unable to get file status: volume: volume23299 bucket: bucket63939 key: a/b/c/file1
	at org.apache.hadoop.ozone.om.KeyManagerImpl.getOzoneFileStatus(KeyManagerImpl.java:1270) ~[ozone-manager-1.3.0-SNAPSHOT.jar:?]
	at org.apache.hadoop.ozone.om.KeyManagerImpl.getFileStatus(KeyManagerImpl.java:1200) ~[ozone-manager-1.3.0-SNAPSHOT.jar:?]
	at org.apache.hadoop.ozone.om.KeyManagerImpl.listStatus(KeyManagerImpl.java:1518) ~[ozone-manager-1.3.0-SNAPSHOT.jar:?]
	at org.apache.hadoop.ozone.om.OzoneManager.listStatus(OzoneManager.java:3585) ~[ozone-manager-1.3.0-SNAPSHOT.jar:?]
	at org.apache.hadoop.ozone.protocolPB.OzoneManagerRequestHandler.listStatus(OzoneManagerRequestHandler.java:1072) ~[ozone-manager-1.3.0-SNAPSHOT.jar:?]
	at org.apache.hadoop.ozone.protocolPB.OzoneManagerRequestHandler.handleReadRequest(OzoneManagerRequestHandler.java:239) ~[ozone-manager-1.3.0-SNAPSHOT.jar:?]
	at org.apache.hadoop.ozone.protocolPB.OzoneManagerProtocolServerSideTranslatorPB.submitRequestDirectlyToOM(OzoneManagerProtocolServerSideTranslatorPB.java:276) ~[ozone-manager-1.3.0-SNAPSHOT.jar:?]
	at org.apache.hadoop.ozone.protocolPB.OzoneManagerProtocolServerSideTranslatorPB.processRequest(OzoneManagerProtocolServerSideTranslatorPB.java:205) ~[ozone-manager-1.3.0-SNAPSHOT.jar:?]
	at org.apache.hadoop.hdds.server.OzoneProtocolMessageDispatcher.processRequest(OzoneProtocolMessageDispatcher.java:87) [hdds-server-framework-1.3.0-SNAPSHOT.jar:?]
	at org.apache.hadoop.ozone.protocolPB.OzoneManagerProtocolServerSideTranslatorPB.submitRequest(OzoneManagerProtocolServerSideTranslatorPB.java:147) [ozone-manager-1.3.0-SNAPSHOT.jar:?]
	at org.apache.hadoop.ozone.protocol.proto.OzoneManagerProtocolProtos$OzoneManagerService$2.callBlockingMethod(OzoneManagerProtocolProtos.java) [ozone-interface-client-1.3.0-SNAPSHOT.jar:?]
	at org.apache.hadoop.ipc.ProtobufRpcEngine$Server.processCall(ProtobufRpcEngine.java:466) [hadoop-common-3.3.1.jar:?]
	at org.apache.hadoop.ipc.ProtobufRpcEngine2$Server$ProtoBufRpcInvoker.call(ProtobufRpcEngine2.java:574) [hadoop-common-3.3.1.jar:?]
	at org.apache.hadoop.ipc.ProtobufRpcEngine2$Server$ProtoBufRpcInvoker.call(ProtobufRpcEngine2.java:552) [hadoop-common-3.3.1.jar:?]
	at org.apache.hadoop.ipc.RPC$Server.call(RPC.java:1093) [hadoop-common-3.3.1.jar:?]
	at org.apache.hadoop.ipc.Server$RpcCall.run(Server.java:1035) [hadoop-common-3.3.1.jar:?]
	at org.apache.hadoop.ipc.Server$RpcCall.run(Server.java:963) [hadoop-common-3.3.1.jar:?]
	at java.security.AccessController.doPrivileged(Native Method) ~[?:1.8.0_345]
	at javax.security.auth.Subject.doAs(Subject.java:422) [?:1.8.0_345]
	at org.apache.hadoop.security.UserGroupInformation.doAs(UserGroupInformation.java:1878) [hadoop-common-3.3.1.jar:?]
	at org.apache.hadoop.ipc.Server$Handler.run(Server.java:2966) [hadoop-common-3.3.1.jar:?]
]]></system-out>
  </testcase>
  <testcase name="testListStatusWithIntermediateDirWithECEnabled" classname="TestOzoneFileSystem" time="0.057">
    <system-out><![CDATA[2022-10-10 08:37:52,201 [IPC Server handler 14 on default port 37253] INFO  pipeline.PipelineStateManagerImpl (PipelineStateManagerImpl.java:addPipeline(103)) - Created pipeline Pipeline[ Id: 17c0e34f-a38f-44fa-819c-c6f7539bec13, Nodes: a62c8bc8-4eaa-4bd0-9412-231650f1b373{ip: 10.1.0.114, host: fv-az292-843.tqgtyn10aqxuxoi0mkfbldi5vh.jx.internal.cloudapp.net, ports: [REPLICATION=33203, RATIS=39465, RATIS_ADMIN=39465, RATIS_SERVER=39465, STANDALONE=33083], networkLocation: /default-rack, certSerialId: null, persistedOpState: null, persistedOpStateExpiryEpochSec: 0}0107e4a3-a143-43a9-8f78-9a758939e307{ip: 10.1.0.114, host: fv-az292-843.tqgtyn10aqxuxoi0mkfbldi5vh.jx.internal.cloudapp.net, ports: [REPLICATION=39845, RATIS=43253, RATIS_ADMIN=43253, RATIS_SERVER=43253, STANDALONE=46879], networkLocation: /default-rack, certSerialId: null, persistedOpState: null, persistedOpStateExpiryEpochSec: 0}3c09ee4b-a7a3-4286-a1c3-18dea5f798e8{ip: 10.1.0.114, host: fv-az292-843.tqgtyn10aqxuxoi0mkfbldi5vh.jx.internal.cloudapp.net, ports: [REPLICATION=36527, RATIS=38615, RATIS_ADMIN=38615, RATIS_SERVER=38615, STANDALONE=34799], networkLocation: /default-rack, certSerialId: null, persistedOpState: null, persistedOpStateExpiryEpochSec: 0}6d0c14da-389e-4e82-8c57-a2981f576192{ip: 10.1.0.114, host: fv-az292-843.tqgtyn10aqxuxoi0mkfbldi5vh.jx.internal.cloudapp.net, ports: [REPLICATION=33215, RATIS=32983, RATIS_ADMIN=32983, RATIS_SERVER=32983, STANDALONE=43851], networkLocation: /default-rack, certSerialId: null, persistedOpState: null, persistedOpStateExpiryEpochSec: 0}e12fe51a-b2e5-4197-af5e-5cbb6259f850{ip: 10.1.0.114, host: fv-az292-843.tqgtyn10aqxuxoi0mkfbldi5vh.jx.internal.cloudapp.net, ports: [REPLICATION=45545, RATIS=37107, RATIS_ADMIN=37107, RATIS_SERVER=37107, STANDALONE=40245], networkLocation: /default-rack, certSerialId: null, persistedOpState: null, persistedOpStateExpiryEpochSec: 0}, ReplicationConfig: EC/ECReplicationConfig{data=3, parity=2, ecChunkSize=1048576, codec=rs}, State:ALLOCATED, leaderId:, CreationTimestamp2022-10-10T08:37:52.200Z[Etc/UTC]].
2022-10-10 08:37:52,211 [IPC Server handler 14 on default port 37253] INFO  pipeline.PipelineManagerImpl (PipelineManagerImpl.java:openPipeline(367)) - Pipeline Pipeline[ Id: 17c0e34f-a38f-44fa-819c-c6f7539bec13, Nodes: a62c8bc8-4eaa-4bd0-9412-231650f1b373{ip: 10.1.0.114, host: fv-az292-843.tqgtyn10aqxuxoi0mkfbldi5vh.jx.internal.cloudapp.net, ports: [REPLICATION=33203, RATIS=39465, RATIS_ADMIN=39465, RATIS_SERVER=39465, STANDALONE=33083], networkLocation: /default-rack, certSerialId: null, persistedOpState: null, persistedOpStateExpiryEpochSec: 0}0107e4a3-a143-43a9-8f78-9a758939e307{ip: 10.1.0.114, host: fv-az292-843.tqgtyn10aqxuxoi0mkfbldi5vh.jx.internal.cloudapp.net, ports: [REPLICATION=39845, RATIS=43253, RATIS_ADMIN=43253, RATIS_SERVER=43253, STANDALONE=46879], networkLocation: /default-rack, certSerialId: null, persistedOpState: null, persistedOpStateExpiryEpochSec: 0}3c09ee4b-a7a3-4286-a1c3-18dea5f798e8{ip: 10.1.0.114, host: fv-az292-843.tqgtyn10aqxuxoi0mkfbldi5vh.jx.internal.cloudapp.net, ports: [REPLICATION=36527, RATIS=38615, RATIS_ADMIN=38615, RATIS_SERVER=38615, STANDALONE=34799], networkLocation: /default-rack, certSerialId: null, persistedOpState: null, persistedOpStateExpiryEpochSec: 0}6d0c14da-389e-4e82-8c57-a2981f576192{ip: 10.1.0.114, host: fv-az292-843.tqgtyn10aqxuxoi0mkfbldi5vh.jx.internal.cloudapp.net, ports: [REPLICATION=33215, RATIS=32983, RATIS_ADMIN=32983, RATIS_SERVER=32983, STANDALONE=43851], networkLocation: /default-rack, certSerialId: null, persistedOpState: null, persistedOpStateExpiryEpochSec: 0}e12fe51a-b2e5-4197-af5e-5cbb6259f850{ip: 10.1.0.114, host: fv-az292-843.tqgtyn10aqxuxoi0mkfbldi5vh.jx.internal.cloudapp.net, ports: [REPLICATION=45545, RATIS=37107, RATIS_ADMIN=37107, RATIS_SERVER=37107, STANDALONE=40245], networkLocation: /default-rack, certSerialId: null, persistedOpState: null, persistedOpStateExpiryEpochSec: 0}, ReplicationConfig: EC/ECReplicationConfig{data=3, parity=2, ecChunkSize=1048576, codec=rs}, State:ALLOCATED, leaderId:, CreationTimestamp2022-10-10T08:37:52.200Z[Etc/UTC]] moved to OPEN state
]]></system-out>
  </testcase>
  <testcase name="testListStatusWithIntermediateDirWithECEnabled" classname="TestOzoneFileSystem" time="0.056">
    <system-out><![CDATA[2022-10-10 08:39:27,350 [IPC Server handler 12 on default port 45169] INFO  pipeline.PipelineStateManagerImpl (PipelineStateManagerImpl.java:addPipeline(103)) - Created pipeline Pipeline[ Id: 87444e4e-a623-4cfa-931c-9dfb2e19d113, Nodes: 0454b04b-10ad-483d-88a8-8bbf68ec3d5d{ip: 10.1.0.114, host: fv-az292-843.tqgtyn10aqxuxoi0mkfbldi5vh.jx.internal.cloudapp.net, ports: [REPLICATION=41603, RATIS=42031, RATIS_ADMIN=42031, RATIS_SERVER=42031, STANDALONE=42375], networkLocation: /default-rack, certSerialId: null, persistedOpState: null, persistedOpStateExpiryEpochSec: 0}dc638e21-26cb-4a27-999c-ebb3d3abde3a{ip: 10.1.0.114, host: fv-az292-843.tqgtyn10aqxuxoi0mkfbldi5vh.jx.internal.cloudapp.net, ports: [REPLICATION=41049, RATIS=41253, RATIS_ADMIN=41253, RATIS_SERVER=41253, STANDALONE=43157], networkLocation: /default-rack, certSerialId: null, persistedOpState: null, persistedOpStateExpiryEpochSec: 0}606b3dcd-c583-45a5-a0cf-b179208ecf3f{ip: 10.1.0.114, host: fv-az292-843.tqgtyn10aqxuxoi0mkfbldi5vh.jx.internal.cloudapp.net, ports: [REPLICATION=40645, RATIS=39749, RATIS_ADMIN=39749, RATIS_SERVER=39749, STANDALONE=35307], networkLocation: /default-rack, certSerialId: null, persistedOpState: null, persistedOpStateExpiryEpochSec: 0}589fbfef-7b85-4b40-975b-46e767fe3451{ip: 10.1.0.114, host: fv-az292-843.tqgtyn10aqxuxoi0mkfbldi5vh.jx.internal.cloudapp.net, ports: [REPLICATION=33681, RATIS=37327, RATIS_ADMIN=37327, RATIS_SERVER=37327, STANDALONE=36059], networkLocation: /default-rack, certSerialId: null, persistedOpState: null, persistedOpStateExpiryEpochSec: 0}22afd6e4-8e85-4fe8-a1ff-afcedf5143bf{ip: 10.1.0.114, host: fv-az292-843.tqgtyn10aqxuxoi0mkfbldi5vh.jx.internal.cloudapp.net, ports: [REPLICATION=45351, RATIS=38607, RATIS_ADMIN=38607, RATIS_SERVER=38607, STANDALONE=33239], networkLocation: /default-rack, certSerialId: null, persistedOpState: null, persistedOpStateExpiryEpochSec: 0}, ReplicationConfig: EC/ECReplicationConfig{data=3, parity=2, ecChunkSize=1048576, codec=rs}, State:ALLOCATED, leaderId:, CreationTimestamp2022-10-10T08:39:27.349Z[Etc/UTC]].
2022-10-10 08:39:27,351 [IPC Server handler 12 on default port 45169] INFO  pipeline.PipelineManagerImpl (PipelineManagerImpl.java:openPipeline(367)) - Pipeline Pipeline[ Id: 87444e4e-a623-4cfa-931c-9dfb2e19d113, Nodes: 0454b04b-10ad-483d-88a8-8bbf68ec3d5d{ip: 10.1.0.114, host: fv-az292-843.tqgtyn10aqxuxoi0mkfbldi5vh.jx.internal.cloudapp.net, ports: [REPLICATION=41603, RATIS=42031, RATIS_ADMIN=42031, RATIS_SERVER=42031, STANDALONE=42375], networkLocation: /default-rack, certSerialId: null, persistedOpState: null, persistedOpStateExpiryEpochSec: 0}dc638e21-26cb-4a27-999c-ebb3d3abde3a{ip: 10.1.0.114, host: fv-az292-843.tqgtyn10aqxuxoi0mkfbldi5vh.jx.internal.cloudapp.net, ports: [REPLICATION=41049, RATIS=41253, RATIS_ADMIN=41253, RATIS_SERVER=41253, STANDALONE=43157], networkLocation: /default-rack, certSerialId: null, persistedOpState: null, persistedOpStateExpiryEpochSec: 0}606b3dcd-c583-45a5-a0cf-b179208ecf3f{ip: 10.1.0.114, host: fv-az292-843.tqgtyn10aqxuxoi0mkfbldi5vh.jx.internal.cloudapp.net, ports: [REPLICATION=40645, RATIS=39749, RATIS_ADMIN=39749, RATIS_SERVER=39749, STANDALONE=35307], networkLocation: /default-rack, certSerialId: null, persistedOpState: null, persistedOpStateExpiryEpochSec: 0}589fbfef-7b85-4b40-975b-46e767fe3451{ip: 10.1.0.114, host: fv-az292-843.tqgtyn10aqxuxoi0mkfbldi5vh.jx.internal.cloudapp.net, ports: [REPLICATION=33681, RATIS=37327, RATIS_ADMIN=37327, RATIS_SERVER=37327, STANDALONE=36059], networkLocation: /default-rack, certSerialId: null, persistedOpState: null, persistedOpStateExpiryEpochSec: 0}22afd6e4-8e85-4fe8-a1ff-afcedf5143bf{ip: 10.1.0.114, host: fv-az292-843.tqgtyn10aqxuxoi0mkfbldi5vh.jx.internal.cloudapp.net, ports: [REPLICATION=45351, RATIS=38607, RATIS_ADMIN=38607, RATIS_SERVER=38607, STANDALONE=33239], networkLocation: /default-rack, certSerialId: null, persistedOpState: null, persistedOpStateExpiryEpochSec: 0}, ReplicationConfig: EC/ECReplicationConfig{data=3, parity=2, ecChunkSize=1048576, codec=rs}, State:ALLOCATED, leaderId:, CreationTimestamp2022-10-10T08:39:27.349Z[Etc/UTC]] moved to OPEN state
]]></system-out>
  </testcase>
  <testcase name="testListStatusWithIntermediateDirWithECEnabled" classname="TestOzoneFileSystem" time="0.099">
    <system-out><![CDATA[2022-10-10 08:41:34,471 [IPC Server handler 13 on default port 46869] INFO  pipeline.PipelineStateManagerImpl (PipelineStateManagerImpl.java:addPipeline(103)) - Created pipeline Pipeline[ Id: c8f426ca-12c6-443b-bf28-dba981945e41, Nodes: 1a566261-beec-4fd1-be7c-d2e6de257968{ip: 10.1.0.114, host: fv-az292-843.tqgtyn10aqxuxoi0mkfbldi5vh.jx.internal.cloudapp.net, ports: [REPLICATION=44845, RATIS=43815, RATIS_ADMIN=43815, RATIS_SERVER=43815, STANDALONE=40743], networkLocation: /default-rack, certSerialId: null, persistedOpState: null, persistedOpStateExpiryEpochSec: 0}8f156c79-b47c-4138-8e60-2fd88bdff2cb{ip: 10.1.0.114, host: fv-az292-843.tqgtyn10aqxuxoi0mkfbldi5vh.jx.internal.cloudapp.net, ports: [REPLICATION=40269, RATIS=34005, RATIS_ADMIN=34005, RATIS_SERVER=34005, STANDALONE=33175], networkLocation: /default-rack, certSerialId: null, persistedOpState: null, persistedOpStateExpiryEpochSec: 0}df95c109-086c-4fdb-bc2f-e7a3020caa9e{ip: 10.1.0.114, host: fv-az292-843.tqgtyn10aqxuxoi0mkfbldi5vh.jx.internal.cloudapp.net, ports: [REPLICATION=35793, RATIS=37403, RATIS_ADMIN=37403, RATIS_SERVER=37403, STANDALONE=40595], networkLocation: /default-rack, certSerialId: null, persistedOpState: null, persistedOpStateExpiryEpochSec: 0}39b99856-47eb-4bdf-8e72-0168dfb4cb59{ip: 10.1.0.114, host: fv-az292-843.tqgtyn10aqxuxoi0mkfbldi5vh.jx.internal.cloudapp.net, ports: [REPLICATION=37291, RATIS=46623, RATIS_ADMIN=46623, RATIS_SERVER=46623, STANDALONE=38181], networkLocation: /default-rack, certSerialId: null, persistedOpState: null, persistedOpStateExpiryEpochSec: 0}2505bfdb-a405-42b6-a08f-f2b9b27cb3cf{ip: 10.1.0.114, host: fv-az292-843.tqgtyn10aqxuxoi0mkfbldi5vh.jx.internal.cloudapp.net, ports: [REPLICATION=37495, RATIS=44113, RATIS_ADMIN=44113, RATIS_SERVER=44113, STANDALONE=37833], networkLocation: /default-rack, certSerialId: null, persistedOpState: null, persistedOpStateExpiryEpochSec: 0}, ReplicationConfig: EC/ECReplicationConfig{data=3, parity=2, ecChunkSize=1048576, codec=rs}, State:ALLOCATED, leaderId:, CreationTimestamp2022-10-10T08:41:34.471Z[Etc/UTC]].
2022-10-10 08:41:34,472 [IPC Server handler 13 on default port 46869] INFO  pipeline.PipelineManagerImpl (PipelineManagerImpl.java:openPipeline(367)) - Pipeline Pipeline[ Id: c8f426ca-12c6-443b-bf28-dba981945e41, Nodes: 1a566261-beec-4fd1-be7c-d2e6de257968{ip: 10.1.0.114, host: fv-az292-843.tqgtyn10aqxuxoi0mkfbldi5vh.jx.internal.cloudapp.net, ports: [REPLICATION=44845, RATIS=43815, RATIS_ADMIN=43815, RATIS_SERVER=43815, STANDALONE=40743], networkLocation: /default-rack, certSerialId: null, persistedOpState: null, persistedOpStateExpiryEpochSec: 0}8f156c79-b47c-4138-8e60-2fd88bdff2cb{ip: 10.1.0.114, host: fv-az292-843.tqgtyn10aqxuxoi0mkfbldi5vh.jx.internal.cloudapp.net, ports: [REPLICATION=40269, RATIS=34005, RATIS_ADMIN=34005, RATIS_SERVER=34005, STANDALONE=33175], networkLocation: /default-rack, certSerialId: null, persistedOpState: null, persistedOpStateExpiryEpochSec: 0}df95c109-086c-4fdb-bc2f-e7a3020caa9e{ip: 10.1.0.114, host: fv-az292-843.tqgtyn10aqxuxoi0mkfbldi5vh.jx.internal.cloudapp.net, ports: [REPLICATION=35793, RATIS=37403, RATIS_ADMIN=37403, RATIS_SERVER=37403, STANDALONE=40595], networkLocation: /default-rack, certSerialId: null, persistedOpState: null, persistedOpStateExpiryEpochSec: 0}39b99856-47eb-4bdf-8e72-0168dfb4cb59{ip: 10.1.0.114, host: fv-az292-843.tqgtyn10aqxuxoi0mkfbldi5vh.jx.internal.cloudapp.net, ports: [REPLICATION=37291, RATIS=46623, RATIS_ADMIN=46623, RATIS_SERVER=46623, STANDALONE=38181], networkLocation: /default-rack, certSerialId: null, persistedOpState: null, persistedOpStateExpiryEpochSec: 0}2505bfdb-a405-42b6-a08f-f2b9b27cb3cf{ip: 10.1.0.114, host: fv-az292-843.tqgtyn10aqxuxoi0mkfbldi5vh.jx.internal.cloudapp.net, ports: [REPLICATION=37495, RATIS=44113, RATIS_ADMIN=44113, RATIS_SERVER=44113, STANDALONE=37833], networkLocation: /default-rack, certSerialId: null, persistedOpState: null, persistedOpStateExpiryEpochSec: 0}, ReplicationConfig: EC/ECReplicationConfig{data=3, parity=2, ecChunkSize=1048576, codec=rs}, State:ALLOCATED, leaderId:, CreationTimestamp2022-10-10T08:41:34.471Z[Etc/UTC]] moved to OPEN state
]]></system-out>
  </testcase>
  <testcase name="testListStatusWithIntermediateDirWithECEnabled" classname="TestOzoneFileSystem" time="0.053">
    <system-out><![CDATA[2022-10-10 08:43:35,654 [IPC Server handler 1 on default port 37757] INFO  pipeline.PipelineStateManagerImpl (PipelineStateManagerImpl.java:addPipeline(103)) - Created pipeline Pipeline[ Id: 32cd1c62-df54-4ab3-ab70-95b6921dc701, Nodes: 01e2fa94-bf37-40d8-a3b1-a78bdc47df12{ip: 10.1.0.114, host: fv-az292-843.tqgtyn10aqxuxoi0mkfbldi5vh.jx.internal.cloudapp.net, ports: [REPLICATION=44011, RATIS=35473, RATIS_ADMIN=35473, RATIS_SERVER=35473, STANDALONE=44865], networkLocation: /default-rack, certSerialId: null, persistedOpState: null, persistedOpStateExpiryEpochSec: 0}60d02c60-4364-4909-b75c-044757b70e38{ip: 10.1.0.114, host: fv-az292-843.tqgtyn10aqxuxoi0mkfbldi5vh.jx.internal.cloudapp.net, ports: [REPLICATION=42729, RATIS=40107, RATIS_ADMIN=40107, RATIS_SERVER=40107, STANDALONE=34221], networkLocation: /default-rack, certSerialId: null, persistedOpState: null, persistedOpStateExpiryEpochSec: 0}9cbf5f09-7b00-486b-b3c2-fec1d2782637{ip: 10.1.0.114, host: fv-az292-843.tqgtyn10aqxuxoi0mkfbldi5vh.jx.internal.cloudapp.net, ports: [REPLICATION=41453, RATIS=40267, RATIS_ADMIN=40267, RATIS_SERVER=40267, STANDALONE=35489], networkLocation: /default-rack, certSerialId: null, persistedOpState: null, persistedOpStateExpiryEpochSec: 0}a9a6cd5b-fe0e-4332-bca3-bc21e3040c64{ip: 10.1.0.114, host: fv-az292-843.tqgtyn10aqxuxoi0mkfbldi5vh.jx.internal.cloudapp.net, ports: [REPLICATION=46095, RATIS=35833, RATIS_ADMIN=35833, RATIS_SERVER=35833, STANDALONE=35005], networkLocation: /default-rack, certSerialId: null, persistedOpState: null, persistedOpStateExpiryEpochSec: 0}b810ff59-71dc-43a2-8cb3-16d59e449a1e{ip: 10.1.0.114, host: fv-az292-843.tqgtyn10aqxuxoi0mkfbldi5vh.jx.internal.cloudapp.net, ports: [REPLICATION=37681, RATIS=43627, RATIS_ADMIN=43627, RATIS_SERVER=43627, STANDALONE=40483], networkLocation: /default-rack, certSerialId: null, persistedOpState: null, persistedOpStateExpiryEpochSec: 0}, ReplicationConfig: EC/ECReplicationConfig{data=3, parity=2, ecChunkSize=1048576, codec=rs}, State:ALLOCATED, leaderId:, CreationTimestamp2022-10-10T08:43:35.654Z[Etc/UTC]].
2022-10-10 08:43:35,655 [IPC Server handler 1 on default port 37757] INFO  pipeline.PipelineManagerImpl (PipelineManagerImpl.java:openPipeline(367)) - Pipeline Pipeline[ Id: 32cd1c62-df54-4ab3-ab70-95b6921dc701, Nodes: 01e2fa94-bf37-40d8-a3b1-a78bdc47df12{ip: 10.1.0.114, host: fv-az292-843.tqgtyn10aqxuxoi0mkfbldi5vh.jx.internal.cloudapp.net, ports: [REPLICATION=44011, RATIS=35473, RATIS_ADMIN=35473, RATIS_SERVER=35473, STANDALONE=44865], networkLocation: /default-rack, certSerialId: null, persistedOpState: null, persistedOpStateExpiryEpochSec: 0}60d02c60-4364-4909-b75c-044757b70e38{ip: 10.1.0.114, host: fv-az292-843.tqgtyn10aqxuxoi0mkfbldi5vh.jx.internal.cloudapp.net, ports: [REPLICATION=42729, RATIS=40107, RATIS_ADMIN=40107, RATIS_SERVER=40107, STANDALONE=34221], networkLocation: /default-rack, certSerialId: null, persistedOpState: null, persistedOpStateExpiryEpochSec: 0}9cbf5f09-7b00-486b-b3c2-fec1d2782637{ip: 10.1.0.114, host: fv-az292-843.tqgtyn10aqxuxoi0mkfbldi5vh.jx.internal.cloudapp.net, ports: [REPLICATION=41453, RATIS=40267, RATIS_ADMIN=40267, RATIS_SERVER=40267, STANDALONE=35489], networkLocation: /default-rack, certSerialId: null, persistedOpState: null, persistedOpStateExpiryEpochSec: 0}a9a6cd5b-fe0e-4332-bca3-bc21e3040c64{ip: 10.1.0.114, host: fv-az292-843.tqgtyn10aqxuxoi0mkfbldi5vh.jx.internal.cloudapp.net, ports: [REPLICATION=46095, RATIS=35833, RATIS_ADMIN=35833, RATIS_SERVER=35833, STANDALONE=35005], networkLocation: /default-rack, certSerialId: null, persistedOpState: null, persistedOpStateExpiryEpochSec: 0}b810ff59-71dc-43a2-8cb3-16d59e449a1e{ip: 10.1.0.114, host: fv-az292-843.tqgtyn10aqxuxoi0mkfbldi5vh.jx.internal.cloudapp.net, ports: [REPLICATION=37681, RATIS=43627, RATIS_ADMIN=43627, RATIS_SERVER=43627, STANDALONE=40483], networkLocation: /default-rack, certSerialId: null, persistedOpState: null, persistedOpStateExpiryEpochSec: 0}, ReplicationConfig: EC/ECReplicationConfig{data=3, parity=2, ecChunkSize=1048576, codec=rs}, State:ALLOCATED, leaderId:, CreationTimestamp2022-10-10T08:43:35.654Z[Etc/UTC]] moved to OPEN state
]]></system-out>
  </testcase>
  <testcase name="testMakeDirsWithAnExistingDirectoryPath" classname="TestOzoneFileSystem" time="0.031"/>
  <testcase name="testMakeDirsWithAnExistingDirectoryPath" classname="TestOzoneFileSystem" time="0.055"/>
  <testcase name="testMakeDirsWithAnExistingDirectoryPath" classname="TestOzoneFileSystem" time="0.037"/>
  <testcase name="testMakeDirsWithAnExistingDirectoryPath" classname="TestOzoneFileSystem" time="0.044"/>
</testsuite>