<?xml version="1.0" encoding="UTF-8"?>
<testsuite xmlns:xsi="http://www.w3.org/2001/XMLSchema-instance" xsi:noNamespaceSchemaLocation="https://maven.apache.org/surefire/maven-surefire-plugin/xsd/surefire-test-report-3.0.xsd" version="3.0" name="org.apache.hadoop.ozone.container.TestECContainerRecovery" time="463.408" tests="1" errors="1" skipped="0" failures="0">
  <properties>
    <property name="awt.toolkit" value="sun.awt.X11.XToolkit"/>
    <property name="file.encoding.pkg" value="sun.io"/>
    <property name="java.specification.version" value="1.8"/>
    <property name="sun.cpu.isalist" value=""/>
    <property name="sun.jnu.encoding" value="UTF-8"/>
    <property name="java.class.path" value="/home/runner/work/ozone/ozone/hadoop-ozone/integration-test/target/test-classes:/home/runner/work/ozone/ozone/hadoop-ozone/integration-test/target/classes:/home/runner/.m2/repository/org/apache/ozone/ozone-common/1.3.0-SNAPSHOT/ozone-common-1.3.0-SNAPSHOT.jar:/home/runner/.m2/repository/io/grpc/grpc-netty/1.48.1/grpc-netty-1.48.1.jar:/home/runner/.m2/repository/io/grpc/grpc-core/1.48.1/grpc-core-1.48.1.jar:/home/runner/.m2/repository/com/google/android/annotations/4.1.1.4/annotations-4.1.1.4.jar:/home/runner/.m2/repository/org/codehaus/mojo/animal-sniffer-annotations/1.21/animal-sniffer-annotations-1.21.jar:/home/runner/.m2/repository/com/google/errorprone/error_prone_annotations/2.2.0/error_prone_annotations-2.2.0.jar:/home/runner/.m2/repository/io/perfmark/perfmark-api/0.25.0/perfmark-api-0.25.0.jar:/home/runner/.m2/repository/io/netty/netty-codec-http2/4.1.79.Final/netty-codec-http2-4.1.79.Final.jar:/home/runner/.m2/repository/io/netty/netty-common/4.1.79.Final/netty-common-4.1.79.Final.jar:/home/runner/.m2/repository/io/netty/netty-buffer/4.1.79.Final/netty-buffer-4.1.79.Final.jar:/home/runner/.m2/repository/io/netty/netty-codec-http/4.1.79.Final/netty-codec-http-4.1.79.Final.jar:/home/runner/.m2/repository/io/netty/netty-handler-proxy/4.1.79.Final/netty-handler-proxy-4.1.79.Final.jar:/home/runner/.m2/repository/io/netty/netty-codec-socks/4.1.79.Final/netty-codec-socks-4.1.79.Final.jar:/home/runner/.m2/repository/io/netty/netty-tcnative-boringssl-static/2.0.53.Final/netty-tcnative-boringssl-static-2.0.53.Final.jar:/home/runner/.m2/repository/io/netty/netty-tcnative-classes/2.0.53.Final/netty-tcnative-classes-2.0.53.Final.jar:/home/runner/.m2/repository/io/netty/netty-tcnative-boringssl-static/2.0.53.Final/netty-tcnative-boringssl-static-2.0.53.Final-linux-x86_64.jar:/home/runner/.m2/repository/io/netty/netty-tcnative-boringssl-static/2.0.53.Final/netty-tcnative-boringssl-static-2.0.53.Final-linux-aarch_64.jar:/home/runner/.m2/repository/io/netty/netty-tcnative-boringssl-static/2.0.53.Final/netty-tcnative-boringssl-static-2.0.53.Final-osx-x86_64.jar:/home/runner/.m2/repository/io/netty/netty-tcnative-boringssl-static/2.0.53.Final/netty-tcnative-boringssl-static-2.0.53.Final-osx-aarch_64.jar:/home/runner/.m2/repository/io/netty/netty-tcnative-boringssl-static/2.0.53.Final/netty-tcnative-boringssl-static-2.0.53.Final-windows-x86_64.jar:/home/runner/.m2/repository/org/apache/commons/commons-compress/1.21/commons-compress-1.21.jar:/home/runner/.m2/repository/org/apache/ozone/hdds-common/1.3.0-SNAPSHOT/hdds-common-1.3.0-SNAPSHOT.jar:/home/runner/.m2/repository/org/apache/ozone/hdds-client/1.3.0-SNAPSHOT/hdds-client-1.3.0-SNAPSHOT.jar:/home/runner/.m2/repository/org/apache/ozone/ozone-interface-client/1.3.0-SNAPSHOT/ozone-interface-client-1.3.0-SNAPSHOT.jar:/home/runner/.m2/repository/org/apache/ozone/hdds-test-utils/1.3.0-SNAPSHOT/hdds-test-utils-1.3.0-SNAPSHOT.jar:/home/runner/.m2/repository/com/google/guava/guava/31.1-jre/guava-31.1-jre.jar:/home/runner/.m2/repository/com/google/guava/failureaccess/1.0.1/failureaccess-1.0.1.jar:/home/runner/.m2/repository/com/google/guava/listenablefuture/9999.0-empty-to-avoid-conflict-with-guava/listenablefuture-9999.0-empty-to-avoid-conflict-with-guava.jar:/home/runner/.m2/repository/com/google/code/findbugs/jsr305/3.0.0/jsr305-3.0.0.jar:/home/runner/.m2/repository/org/checkerframework/checker-qual/3.12.0/checker-qual-3.12.0.jar:/home/runner/.m2/repository/com/google/j2objc/j2objc-annotations/1.3/j2objc-annotations-1.3.jar:/home/runner/.m2/repository/commons-io/commons-io/2.11.0/commons-io-2.11.0.jar:/home/runner/.m2/repository/commons-logging/commons-logging/1.2/commons-logging-1.2.jar:/home/runner/.m2/repository/ch/qos/reload4j/reload4j/1.2.22/reload4j-1.2.22.jar:/home/runner/.m2/repository/org/slf4j/slf4j-api/1.7.36/slf4j-api-1.7.36.jar:/home/runner/.m2/repository/org/apache/ozone/hdds-server-scm/1.3.0-SNAPSHOT/hdds-server-scm-1.3.0-SNAPSHOT.jar:/home/runner/.m2/repository/org/apache/ozone/hdds-container-service/1.3.0-SNAPSHOT/hdds-container-service-1.3.0-SNAPSHOT.jar:/home/runner/.m2/repository/org/apache/ozone/hdds-hadoop-dependency-server/1.3.0-SNAPSHOT/hdds-hadoop-dependency-server-1.3.0-SNAPSHOT.jar:/home/runner/.m2/repository/org/apache/hadoop/hadoop-hdfs/3.3.4/hadoop-hdfs-3.3.4.jar:/home/runner/.m2/repository/org/eclipse/jetty/jetty-util-ajax/9.4.49.v20220914/jetty-util-ajax-9.4.49.v20220914.jar:/home/runner/.m2/repository/commons-daemon/commons-daemon/1.0.13/commons-daemon-1.0.13.jar:/home/runner/.m2/repository/org/apache/ozone/hdds-server-framework/1.3.0-SNAPSHOT/hdds-server-framework-1.3.0-SNAPSHOT.jar:/home/runner/.m2/repository/org/apache/ozone/hdds-interface-server/1.3.0-SNAPSHOT/hdds-interface-server-1.3.0-SNAPSHOT.jar:/home/runner/.m2/repository/org/apache/commons/commons-configuration2/2.1.1/commons-configuration2-2.1.1.jar:/home/runner/.m2/repository/org/apache/logging/log4j/log4j-core/2.17.1/log4j-core-2.17.1.jar:/home/runner/.m2/repository/com/lmax/disruptor/3.4.2/disruptor-3.4.2.jar:/home/runner/.m2/repository/org/eclipse/jetty/jetty-servlet/9.4.49.v20220914/jetty-servlet-9.4.49.v20220914.jar:/home/runner/.m2/repository/org/eclipse/jetty/jetty-security/9.4.49.v20220914/jetty-security-9.4.49.v20220914.jar:/home/runner/.m2/repository/org/rocksdb/rocksdbjni/7.4.5/rocksdbjni-7.4.5.jar:/home/runner/.m2/repository/io/prometheus/simpleclient_dropwizard/0.7.0/simpleclient_dropwizard-0.7.0.jar:/home/runner/.m2/repository/io/prometheus/simpleclient/0.7.0/simpleclient-0.7.0.jar:/home/runner/.m2/repository/io/prometheus/simpleclient_common/0.7.0/simpleclient_common-0.7.0.jar:/home/runner/.m2/repository/com/github/spotbugs/spotbugs-annotations/3.1.12/spotbugs-annotations-3.1.12.jar:/home/runner/.m2/repository/io/dropwizard/metrics/metrics-core/3.2.4/metrics-core-3.2.4.jar:/home/runner/.m2/repository/org/apache/commons/commons-text/1.4/commons-text-1.4.jar:/home/runner/.m2/repository/org/apache/hadoop/hadoop-hdfs-client/3.3.4/hadoop-hdfs-client-3.3.4.jar:/home/runner/.m2/repository/com/squareup/okhttp3/okhttp/4.9.3/okhttp-4.9.3.jar:/home/runner/.m2/repository/com/squareup/okio/okio/2.8.0/okio-2.8.0.jar:/home/runner/.m2/repository/org/jetbrains/kotlin/kotlin-stdlib-common/1.4.10/kotlin-stdlib-common-1.4.10.jar:/home/runner/.m2/repository/org/bouncycastle/bcprov-jdk15on/1.67/bcprov-jdk15on-1.67.jar:/home/runner/.m2/repository/com/google/protobuf/protobuf-java/2.5.0/protobuf-java-2.5.0.jar:/home/runner/.m2/repository/org/apache/ozone/ozone-manager/1.3.0-SNAPSHOT/ozone-manager-1.3.0-SNAPSHOT.jar:/home/runner/.m2/repository/org/aspectj/aspectjrt/1.9.7/aspectjrt-1.9.7.jar:/home/runner/.m2/repository/org/aspectj/aspectjweaver/1.9.7/aspectjweaver-1.9.7.jar:/home/runner/.m2/repository/org/apache/ozone/hdds-interface-client/1.3.0-SNAPSHOT/hdds-interface-client-1.3.0-SNAPSHOT.jar:/home/runner/.m2/repository/org/apache/hadoop/thirdparty/hadoop-shaded-protobuf_3_7/1.1.1/hadoop-shaded-protobuf_3_7-1.1.1.jar:/home/runner/.m2/repository/org/apache/ozone/ozone-interface-storage/1.3.0-SNAPSHOT/ozone-interface-storage-1.3.0-SNAPSHOT.jar:/home/runner/.m2/repository/org/reflections/reflections/0.9.11/reflections-0.9.11.jar:/home/runner/.m2/repository/com/sun/jersey/jersey-client/1.19/jersey-client-1.19.jar:/home/runner/.m2/repository/org/apache/ranger/ranger-intg/2.3.0/ranger-intg-2.3.0.jar:/home/runner/.m2/repository/org/apache/ranger/ranger-plugins-common/2.3.0/ranger-plugins-common-2.3.0.jar:/home/runner/.m2/repository/commons-lang/commons-lang/2.6/commons-lang-2.6.jar:/home/runner/.m2/repository/org/codehaus/jackson/jackson-jaxrs/1.9.13/jackson-jaxrs-1.9.13.jar:/home/runner/.m2/repository/org/apache/ranger/ranger-plugins-cred/2.3.0/ranger-plugins-cred-2.3.0.jar:/home/runner/.m2/repository/org/apache/ranger/ranger-plugins-audit/2.3.0/ranger-plugins-audit-2.3.0.jar:/home/runner/.m2/repository/org/eclipse/jetty/jetty-client/9.4.31.v20200723/jetty-client-9.4.31.v20200723.jar:/home/runner/.m2/repository/org/apache/httpcomponents/httpmime/4.5.6/httpmime-4.5.6.jar:/home/runner/.m2/repository/org/apache/httpcomponents/httpcore-nio/4.4.6/httpcore-nio-4.4.6.jar:/home/runner/.m2/repository/org/apache/httpcomponents/httpasyncclient/4.1.3/httpasyncclient-4.1.3.jar:/home/runner/.m2/repository/com/carrotsearch/hppc/0.8.0/hppc-0.8.0.jar:/home/runner/.m2/repository/org/apache/orc/orc-core/1.5.8/orc-core-1.5.8.jar:/home/runner/.m2/repository/net/java/dev/jna/jna/5.2.0/jna-5.2.0.jar:/home/runner/.m2/repository/net/java/dev/jna/jna-platform/5.2.0/jna-platform-5.2.0.jar:/home/runner/.m2/repository/com/kstruct/gethostname4j/0.0.2/gethostname4j-0.0.2.jar:/home/runner/.m2/repository/org/apache/ranger/ranger-plugin-classloader/2.3.0/ranger-plugin-classloader-2.3.0.jar:/home/runner/.m2/repository/org/apache/hadoop/hadoop-minikdc/3.3.4/hadoop-minikdc-3.3.4.jar:/home/runner/.m2/repository/org/apache/kerby/kerb-simplekdc/1.0.1/kerb-simplekdc-1.0.1.jar:/home/runner/.m2/repository/org/apache/kerby/kerb-client/1.0.1/kerb-client-1.0.1.jar:/home/runner/.m2/repository/org/apache/kerby/kerby-config/1.0.1/kerby-config-1.0.1.jar:/home/runner/.m2/repository/org/apache/kerby/kerb-common/1.0.1/kerb-common-1.0.1.jar:/home/runner/.m2/repository/org/apache/kerby/kerb-crypto/1.0.1/kerb-crypto-1.0.1.jar:/home/runner/.m2/repository/org/apache/kerby/kerb-util/1.0.1/kerb-util-1.0.1.jar:/home/runner/.m2/repository/org/apache/kerby/token-provider/1.0.1/token-provider-1.0.1.jar:/home/runner/.m2/repository/org/apache/kerby/kerb-admin/1.0.1/kerb-admin-1.0.1.jar:/home/runner/.m2/repository/org/apache/kerby/kerb-server/1.0.1/kerb-server-1.0.1.jar:/home/runner/.m2/repository/org/apache/kerby/kerb-identity/1.0.1/kerb-identity-1.0.1.jar:/home/runner/.m2/repository/org/apache/kerby/kerby-xdr/1.0.1/kerby-xdr-1.0.1.jar:/home/runner/.m2/repository/org/apache/ozone/ozone-s3gateway/1.3.0-SNAPSHOT/ozone-s3gateway-1.3.0-SNAPSHOT.jar:/home/runner/.m2/repository/org/javassist/javassist/3.21.0-GA/javassist-3.21.0-GA.jar:/home/runner/.m2/repository/org/jboss/weld/servlet/weld-servlet/2.4.7.Final/weld-servlet-2.4.7.Final.jar:/home/runner/.m2/repository/org/glassfish/jersey/containers/jersey-container-servlet-core/2.34/jersey-container-servlet-core-2.34.jar:/home/runner/.m2/repository/org/glassfish/hk2/external/jakarta.inject/2.6.1/jakarta.inject-2.6.1.jar:/home/runner/.m2/repository/org/glassfish/jersey/core/jersey-common/2.34/jersey-common-2.34.jar:/home/runner/.m2/repository/jakarta/ws/rs/jakarta.ws.rs-api/2.1.6/jakarta.ws.rs-api-2.1.6.jar:/home/runner/.m2/repository/org/glassfish/jersey/ext/cdi/jersey-cdi1x/2.34/jersey-cdi1x-2.34.jar:/home/runner/.m2/repository/org/glassfish/jersey/inject/jersey-hk2/2.34/jersey-hk2-2.34.jar:/home/runner/.m2/repository/org/glassfish/hk2/hk2-locator/2.6.1/hk2-locator-2.6.1.jar:/home/runner/.m2/repository/org/glassfish/jersey/media/jersey-media-jaxb/2.34/jersey-media-jaxb-2.34.jar:/home/runner/.m2/repository/org/glassfish/hk2/osgi-resource-locator/1.0.3/osgi-resource-locator-1.0.3.jar:/home/runner/.m2/repository/org/glassfish/hk2/hk2-api/2.5.0/hk2-api-2.5.0.jar:/home/runner/.m2/repository/org/glassfish/hk2/hk2-utils/2.5.0/hk2-utils-2.5.0.jar:/home/runner/.m2/repository/org/glassfish/hk2/external/aopalliance-repackaged/2.5.0/aopalliance-repackaged-2.5.0.jar:/home/runner/.m2/repository/com/fasterxml/jackson/dataformat/jackson-dataformat-xml/2.13.4/jackson-dataformat-xml-2.13.4.jar:/home/runner/.m2/repository/com/fasterxml/jackson/core/jackson-core/2.13.4/jackson-core-2.13.4.jar:/home/runner/.m2/repository/org/codehaus/woodstox/stax2-api/3.1.4/stax2-api-3.1.4.jar:/home/runner/.m2/repository/com/fasterxml/woodstox/woodstox-core/5.4.0/woodstox-core-5.4.0.jar:/home/runner/.m2/repository/com/fasterxml/jackson/module/jackson-module-jaxb-annotations/2.13.4/jackson-module-jaxb-annotations-2.13.4.jar:/home/runner/.m2/repository/jakarta/xml/bind/jakarta.xml.bind-api/2.3.3/jakarta.xml.bind-api-2.3.3.jar:/home/runner/.m2/repository/jakarta/activation/jakarta.activation-api/1.2.1/jakarta.activation-api-1.2.1.jar:/home/runner/.m2/repository/javax/enterprise/cdi-api/1.2/cdi-api-1.2.jar:/home/runner/.m2/repository/javax/el/javax.el-api/3.0.0/javax.el-api-3.0.0.jar:/home/runner/.m2/repository/javax/interceptor/javax.interceptor-api/1.2/javax.interceptor-api-1.2.jar:/home/runner/.m2/repository/javax/inject/javax.inject/1/javax.inject-1.jar:/home/runner/.m2/repository/javax/xml/bind/jaxb-api/2.3.0/jaxb-api-2.3.0.jar:/home/runner/.m2/repository/org/glassfish/jaxb/jaxb-runtime/2.3.0.1/jaxb-runtime-2.3.0.1.jar:/home/runner/.m2/repository/org/glassfish/jaxb/jaxb-core/2.3.0.1/jaxb-core-2.3.0.1.jar:/home/runner/.m2/repository/org/glassfish/jaxb/txw2/2.3.0.1/txw2-2.3.0.1.jar:/home/runner/.m2/repository/com/sun/istack/istack-commons-runtime/3.0.5/istack-commons-runtime-3.0.5.jar:/home/runner/.m2/repository/org/jvnet/staxex/stax-ex/1.7.8/stax-ex-1.7.8.jar:/home/runner/.m2/repository/com/sun/xml/fastinfoset/FastInfoset/1.2.13/FastInfoset-1.2.13.jar:/home/runner/.m2/repository/javax/activation/activation/1.1.1/activation-1.1.1.jar:/home/runner/.m2/repository/io/grpc/grpc-protobuf/1.48.1/grpc-protobuf-1.48.1.jar:/home/runner/.m2/repository/io/grpc/grpc-api/1.48.1/grpc-api-1.48.1.jar:/home/runner/.m2/repository/io/grpc/grpc-context/1.48.1/grpc-context-1.48.1.jar:/home/runner/.m2/repository/com/google/api/grpc/proto-google-common-protos/2.9.0/proto-google-common-protos-2.9.0.jar:/home/runner/.m2/repository/io/grpc/grpc-protobuf-lite/1.48.1/grpc-protobuf-lite-1.48.1.jar:/home/runner/.m2/repository/io/grpc/grpc-stub/1.48.1/grpc-stub-1.48.1.jar:/home/runner/.m2/repository/io/netty/netty-transport/4.1.79.Final/netty-transport-4.1.79.Final.jar:/home/runner/.m2/repository/io/netty/netty-resolver/4.1.79.Final/netty-resolver-4.1.79.Final.jar:/home/runner/.m2/repository/org/apache/ozone/ozone-csi/1.3.0-SNAPSHOT/ozone-csi-1.3.0-SNAPSHOT.jar:/home/runner/.m2/repository/com/google/protobuf/protobuf-java-util/3.19.2/protobuf-java-util-3.19.2.jar:/home/runner/.m2/repository/com/google/code/gson/gson/2.9.0/gson-2.9.0.jar:/home/runner/.m2/repository/org/apache/ozone/hdds-config/1.3.0-SNAPSHOT/hdds-config-1.3.0-SNAPSHOT.jar:/home/runner/.m2/repository/io/netty/netty-transport-native-epoll/4.1.79.Final/netty-transport-native-epoll-4.1.79.Final-linux-x86_64.jar:/home/runner/.m2/repository/io/netty/netty-transport-classes-epoll/4.1.79.Final/netty-transport-classes-epoll-4.1.79.Final.jar:/home/runner/.m2/repository/io/netty/netty-transport-native-unix-common/4.1.79.Final/netty-transport-native-unix-common-4.1.79.Final.jar:/home/runner/.m2/repository/org/slf4j/slf4j-reload4j/1.7.36/slf4j-reload4j-1.7.36.jar:/home/runner/.m2/repository/org/apache/ozone/ozone-recon/1.3.0-SNAPSHOT/ozone-recon-1.3.0-SNAPSHOT.jar:/home/runner/.m2/repository/org/apache/ozone/ozone-reconcodegen/1.3.0-SNAPSHOT/ozone-reconcodegen-1.3.0-SNAPSHOT.jar:/home/runner/.m2/repository/com/google/inject/extensions/guice-multibindings/4.0/guice-multibindings-4.0.jar:/home/runner/.m2/repository/com/google/inject/guice/4.0/guice-4.0.jar:/home/runner/.m2/repository/aopalliance/aopalliance/1.0/aopalliance-1.0.jar:/home/runner/.m2/repository/com/google/inject/extensions/guice-assistedinject/4.0/guice-assistedinject-4.0.jar:/home/runner/.m2/repository/com/google/inject/extensions/guice-servlet/4.0/guice-servlet-4.0.jar:/home/runner/.m2/repository/org/glassfish/jersey/containers/jersey-container-servlet/2.34/jersey-container-servlet-2.34.jar:/home/runner/.m2/repository/org/glassfish/hk2/guice-bridge/2.5.0/guice-bridge-2.5.0.jar:/home/runner/.m2/repository/org/glassfish/jersey/core/jersey-server/2.34/jersey-server-2.34.jar:/home/runner/.m2/repository/org/glassfish/jersey/core/jersey-client/2.34/jersey-client-2.34.jar:/home/runner/.m2/repository/jakarta/annotation/jakarta.annotation-api/1.3.5/jakarta.annotation-api-1.3.5.jar:/home/runner/.m2/repository/jakarta/validation/jakarta.validation-api/2.0.2/jakarta.validation-api-2.0.2.jar:/home/runner/.m2/repository/org/glassfish/jersey/media/jersey-media-json-jackson/2.34/jersey-media-json-jackson-2.34.jar:/home/runner/.m2/repository/org/glassfish/jersey/ext/jersey-entity-filtering/2.34/jersey-entity-filtering-2.34.jar:/home/runner/.m2/repository/org/jooq/jooq/3.11.10/jooq-3.11.10.jar:/home/runner/.m2/repository/org/jooq/jooq-meta/3.11.10/jooq-meta-3.11.10.jar:/home/runner/.m2/repository/org/jooq/jooq-codegen/3.11.10/jooq-codegen-3.11.10.jar:/home/runner/.m2/repository/com/jolbox/bonecp/0.8.0.RELEASE/bonecp-0.8.0.RELEASE.jar:/home/runner/.m2/repository/org/apache/derby/derby/10.14.2.0/derby-10.14.2.0.jar:/home/runner/.m2/repository/org/xerial/sqlite-jdbc/3.25.2/sqlite-jdbc-3.25.2.jar:/home/runner/.m2/repository/org/springframework/spring-jdbc/5.3.23/spring-jdbc-5.3.23.jar:/home/runner/.m2/repository/org/springframework/spring-beans/5.3.23/spring-beans-5.3.23.jar:/home/runner/.m2/repository/org/springframework/spring-core/5.3.23/spring-core-5.3.23.jar:/home/runner/.m2/repository/org/springframework/spring-jcl/5.3.23/spring-jcl-5.3.23.jar:/home/runner/.m2/repository/org/springframework/spring-tx/5.3.23/spring-tx-5.3.23.jar:/home/runner/.m2/repository/org/apache/ozone/ozone-client/1.3.0-SNAPSHOT/ozone-client-1.3.0-SNAPSHOT.jar:/home/runner/.m2/repository/org/apache/ozone/hdds-erasurecode/1.3.0-SNAPSHOT/hdds-erasurecode-1.3.0-SNAPSHOT.jar:/home/runner/.m2/repository/org/apache/ozone/ozone-filesystem/1.3.0-SNAPSHOT/ozone-filesystem-1.3.0-SNAPSHOT.jar:/home/runner/.m2/repository/org/apache/ozone/ozone-filesystem-common/1.3.0-SNAPSHOT/ozone-filesystem-common-1.3.0-SNAPSHOT.jar:/home/runner/.m2/repository/org/apache/ozone/ozone-tools/1.3.0-SNAPSHOT/ozone-tools-1.3.0-SNAPSHOT.jar:/home/runner/.m2/repository/org/apache/ratis/ratis-tools/2.4.0/ratis-tools-2.4.0.jar:/home/runner/.m2/repository/com/amazonaws/aws-java-sdk-core/1.12.261/aws-java-sdk-core-1.12.261.jar:/home/runner/.m2/repository/org/apache/httpcomponents/httpclient/4.5.13/httpclient-4.5.13.jar:/home/runner/.m2/repository/org/apache/httpcomponents/httpcore/4.4.13/httpcore-4.4.13.jar:/home/runner/.m2/repository/software/amazon/ion/ion-java/1.0.2/ion-java-1.0.2.jar:/home/runner/.m2/repository/com/fasterxml/jackson/dataformat/jackson-dataformat-cbor/2.13.4/jackson-dataformat-cbor-2.13.4.jar:/home/runner/.m2/repository/joda-time/joda-time/2.8.1/joda-time-2.8.1.jar:/home/runner/.m2/repository/com/amazonaws/aws-java-sdk-s3/1.12.261/aws-java-sdk-s3-1.12.261.jar:/home/runner/.m2/repository/com/amazonaws/aws-java-sdk-kms/1.12.261/aws-java-sdk-kms-1.12.261.jar:/home/runner/.m2/repository/com/amazonaws/jmespath-java/1.12.261/jmespath-java-1.12.261.jar:/home/runner/.m2/repository/org/kohsuke/metainf-services/metainf-services/1.8/metainf-services-1.8.jar:/home/runner/.m2/repository/org/apache/ozone/hdds-tools/1.3.0-SNAPSHOT/hdds-tools-1.3.0-SNAPSHOT.jar:/home/runner/.m2/repository/commons-cli/commons-cli/1.2/commons-cli-1.2.jar:/home/runner/.m2/repository/org/apache/commons/commons-lang3/3.7/commons-lang3-3.7.jar:/home/runner/.m2/repository/org/apache/ozone/ozone-manager/1.3.0-SNAPSHOT/ozone-manager-1.3.0-SNAPSHOT-tests.jar:/home/runner/.m2/repository/org/apache/ozone/hdds-common/1.3.0-SNAPSHOT/hdds-common-1.3.0-SNAPSHOT-tests.jar:/home/runner/.m2/repository/org/apache/ozone/hdds-hadoop-dependency-client/1.3.0-SNAPSHOT/hdds-hadoop-dependency-client-1.3.0-SNAPSHOT.jar:/home/runner/.m2/repository/info/picocli/picocli/4.6.1/picocli-4.6.1.jar:/home/runner/.m2/repository/com/fasterxml/jackson/core/jackson-annotations/2.13.4/jackson-annotations-2.13.4.jar:/home/runner/.m2/repository/com/fasterxml/jackson/datatype/jackson-datatype-jsr310/2.13.4/jackson-datatype-jsr310-2.13.4.jar:/home/runner/.m2/repository/org/apache/ozone/hdds-annotation-processing/1.3.0-SNAPSHOT/hdds-annotation-processing-1.3.0-SNAPSHOT.jar:/home/runner/.m2/repository/javax/annotation/javax.annotation-api/1.2/javax.annotation-api-1.2.jar:/home/runner/.m2/repository/org/apache/ratis/ratis-server/2.4.0/ratis-server-2.4.0.jar:/home/runner/.m2/repository/org/apache/ratis/ratis-client/2.4.0/ratis-client-2.4.0.jar:/home/runner/.m2/repository/org/apache/ratis/ratis-server-api/2.4.0/ratis-server-api-2.4.0.jar:/home/runner/.m2/repository/org/apache/ratis/ratis-metrics/2.4.0/ratis-metrics-2.4.0.jar:/home/runner/.m2/repository/org/apache/ratis/ratis-netty/2.4.0/ratis-netty-2.4.0.jar:/home/runner/.m2/repository/org/apache/ratis/ratis-grpc/2.4.0/ratis-grpc-2.4.0.jar:/home/runner/.m2/repository/org/apache/logging/log4j/log4j-api/2.17.1/log4j-api-2.17.1.jar:/home/runner/.m2/repository/org/apache/commons/commons-pool2/2.6.0/commons-pool2-2.6.0.jar:/home/runner/.m2/repository/org/bouncycastle/bcpkix-jdk15on/1.67/bcpkix-jdk15on-1.67.jar:/home/runner/.m2/repository/commons-validator/commons-validator/1.6/commons-validator-1.6.jar:/home/runner/.m2/repository/commons-beanutils/commons-beanutils/1.9.4/commons-beanutils-1.9.4.jar:/home/runner/.m2/repository/commons-digester/commons-digester/1.8.1/commons-digester-1.8.1.jar:/home/runner/.m2/repository/commons-collections/commons-collections/3.2.2/commons-collections-3.2.2.jar:/home/runner/.m2/repository/io/jaegertracing/jaeger-client/1.6.0/jaeger-client-1.6.0.jar:/home/runner/.m2/repository/io/jaegertracing/jaeger-thrift/1.6.0/jaeger-thrift-1.6.0.jar:/home/runner/.m2/repository/org/apache/thrift/libthrift/0.14.1/libthrift-0.14.1.jar:/home/runner/.m2/repository/io/jaegertracing/jaeger-core/1.6.0/jaeger-core-1.6.0.jar:/home/runner/.m2/repository/io/jaegertracing/jaeger-tracerresolver/1.6.0/jaeger-tracerresolver-1.6.0.jar:/home/runner/.m2/repository/io/opentracing/contrib/opentracing-tracerresolver/0.1.8/opentracing-tracerresolver-0.1.8.jar:/home/runner/.m2/repository/org/jetbrains/kotlin/kotlin-stdlib/1.6.21/kotlin-stdlib-1.6.21.jar:/home/runner/.m2/repository/org/jetbrains/annotations/13.0/annotations-13.0.jar:/home/runner/.m2/repository/io/opentracing/opentracing-util/0.33.0/opentracing-util-0.33.0.jar:/home/runner/.m2/repository/io/opentracing/opentracing-api/0.33.0/opentracing-api-0.33.0.jar:/home/runner/.m2/repository/io/opentracing/opentracing-noop/0.33.0/opentracing-noop-0.33.0.jar:/home/runner/.m2/repository/org/yaml/snakeyaml/1.32/snakeyaml-1.32.jar:/home/runner/.m2/repository/org/apache/ozone/hdds-interface-admin/1.3.0-SNAPSHOT/hdds-interface-admin-1.3.0-SNAPSHOT.jar:/home/runner/.m2/repository/junit/junit/4.13.1/junit-4.13.1.jar:/home/runner/.m2/repository/org/hamcrest/hamcrest-core/1.3/hamcrest-core-1.3.jar:/home/runner/.m2/repository/org/junit/jupiter/junit-jupiter-api/5.8.2/junit-jupiter-api-5.8.2.jar:/home/runner/.m2/repository/org/opentest4j/opentest4j/1.2.0/opentest4j-1.2.0.jar:/home/runner/.m2/repository/org/junit/platform/junit-platform-commons/1.8.2/junit-platform-commons-1.8.2.jar:/home/runner/.m2/repository/org/apiguardian/apiguardian-api/1.1.2/apiguardian-api-1.1.2.jar:/home/runner/.m2/repository/org/junit/jupiter/junit-jupiter-params/5.8.2/junit-jupiter-params-5.8.2.jar:/home/runner/.m2/repository/org/junit/jupiter/junit-jupiter-migrationsupport/5.8.2/junit-jupiter-migrationsupport-5.8.2.jar:/home/runner/.m2/repository/org/junit/jupiter/junit-jupiter-engine/5.8.2/junit-jupiter-engine-5.8.2.jar:/home/runner/.m2/repository/org/junit/platform/junit-platform-engine/1.8.2/junit-platform-engine-1.8.2.jar:/home/runner/.m2/repository/org/junit/vintage/junit-vintage-engine/5.8.2/junit-vintage-engine-5.8.2.jar:/home/runner/.m2/repository/org/junit/platform/junit-platform-launcher/1.8.2/junit-platform-launcher-1.8.2.jar:/home/runner/.m2/repository/org/mockito/mockito-core/2.28.2/mockito-core-2.28.2.jar:/home/runner/.m2/repository/net/bytebuddy/byte-buddy/1.9.10/byte-buddy-1.9.10.jar:/home/runner/.m2/repository/net/bytebuddy/byte-buddy-agent/1.9.10/byte-buddy-agent-1.9.10.jar:/home/runner/.m2/repository/org/objenesis/objenesis/1.0/objenesis-1.0.jar:/home/runner/.m2/repository/org/apache/hadoop/hadoop-kms/3.3.4/hadoop-kms-3.3.4.jar:/home/runner/.m2/repository/org/apache/hadoop/hadoop-auth/3.3.4/hadoop-auth-3.3.4.jar:/home/runner/.m2/repository/com/nimbusds/nimbus-jose-jwt/7.9/nimbus-jose-jwt-7.9.jar:/home/runner/.m2/repository/com/github/stephenc/jcip/jcip-annotations/1.0-1/jcip-annotations-1.0-1.jar:/home/runner/.m2/repository/net/minidev/json-smart/2.4.7/json-smart-2.4.7.jar:/home/runner/.m2/repository/net/minidev/accessors-smart/2.4.7/accessors-smart-2.4.7.jar:/home/runner/.m2/repository/org/ow2/asm/asm/5.0.4/asm-5.0.4.jar:/home/runner/.m2/repository/org/apache/zookeeper/zookeeper/3.5.6/zookeeper-3.5.6.jar:/home/runner/.m2/repository/org/apache/zookeeper/zookeeper-jute/3.5.6/zookeeper-jute-3.5.6.jar:/home/runner/.m2/repository/org/apache/yetus/audience-annotations/0.5.0/audience-annotations-0.5.0.jar:/home/runner/.m2/repository/org/apache/curator/curator-framework/4.2.0/curator-framework-4.2.0.jar:/home/runner/.m2/repository/org/apache/hadoop/thirdparty/hadoop-shaded-guava/1.1.1/hadoop-shaded-guava-1.1.1.jar:/home/runner/.m2/repository/com/sun/jersey/jersey-core/1.19/jersey-core-1.19.jar:/home/runner/.m2/repository/javax/ws/rs/jsr311-api/1.1.1/jsr311-api-1.1.1.jar:/home/runner/.m2/repository/com/sun/jersey/jersey-server/1.19/jersey-server-1.19.jar:/home/runner/.m2/repository/javax/servlet/javax.servlet-api/3.1.0/javax.servlet-api-3.1.0.jar:/home/runner/.m2/repository/org/eclipse/jetty/jetty-server/9.4.49.v20220914/jetty-server-9.4.49.v20220914.jar:/home/runner/.m2/repository/org/eclipse/jetty/jetty-http/9.4.49.v20220914/jetty-http-9.4.49.v20220914.jar:/home/runner/.m2/repository/org/eclipse/jetty/jetty-io/9.4.49.v20220914/jetty-io-9.4.49.v20220914.jar:/home/runner/.m2/repository/org/eclipse/jetty/jetty-webapp/9.4.49.v20220914/jetty-webapp-9.4.49.v20220914.jar:/home/runner/.m2/repository/org/eclipse/jetty/jetty-xml/9.4.49.v20220914/jetty-xml-9.4.49.v20220914.jar:/home/runner/.m2/repository/org/apache/hadoop/hadoop-common/3.3.4/hadoop-common-3.3.4.jar:/home/runner/.m2/repository/org/apache/commons/commons-math3/3.1.1/commons-math3-3.1.1.jar:/home/runner/.m2/repository/commons-net/commons-net/3.6/commons-net-3.6.jar:/home/runner/.m2/repository/com/sun/jersey/jersey-servlet/1.19/jersey-servlet-1.19.jar:/home/runner/.m2/repository/com/sun/jersey/jersey-json/1.19/jersey-json-1.19.jar:/home/runner/.m2/repository/org/codehaus/jettison/jettison/1.1/jettison-1.1.jar:/home/runner/.m2/repository/com/sun/xml/bind/jaxb-impl/2.2.3-1/jaxb-impl-2.2.3-1.jar:/home/runner/.m2/repository/org/codehaus/jackson/jackson-xc/1.9.2/jackson-xc-1.9.2.jar:/home/runner/.m2/repository/com/google/re2j/re2j/1.1/re2j-1.1.jar:/home/runner/.m2/repository/com/jcraft/jsch/0.1.54/jsch-0.1.54.jar:/home/runner/.m2/repository/org/apache/curator/curator-client/4.2.0/curator-client-4.2.0.jar:/home/runner/.m2/repository/org/apache/curator/curator-recipes/4.2.0/curator-recipes-4.2.0.jar:/home/runner/.m2/repository/org/apache/kerby/kerb-core/1.0.1/kerb-core-1.0.1.jar:/home/runner/.m2/repository/org/apache/kerby/kerby-pkix/1.0.1/kerby-pkix-1.0.1.jar:/home/runner/.m2/repository/org/apache/kerby/kerby-asn1/1.0.1/kerby-asn1-1.0.1.jar:/home/runner/.m2/repository/org/apache/kerby/kerby-util/1.0.1/kerby-util-1.0.1.jar:/home/runner/.m2/repository/dnsjava/dnsjava/2.1.7/dnsjava-2.1.7.jar:/home/runner/.m2/repository/org/xerial/snappy/snappy-java/1.1.8.2/snappy-java-1.1.8.2.jar:/home/runner/.m2/repository/org/eclipse/jetty/jetty-util/9.4.49.v20220914/jetty-util-9.4.49.v20220914.jar:/home/runner/.m2/repository/com/fasterxml/jackson/core/jackson-databind/2.13.4.2/jackson-databind-2.13.4.2.jar:/home/runner/.m2/repository/org/apache/hadoop/hadoop-kms/3.3.4/hadoop-kms-3.3.4-tests.jar:/home/runner/.m2/repository/org/apache/ozone/hdds-server-scm/1.3.0-SNAPSHOT/hdds-server-scm-1.3.0-SNAPSHOT-tests.jar:/home/runner/.m2/repository/org/apache/ozone/hdds-container-service/1.3.0-SNAPSHOT/hdds-container-service-1.3.0-SNAPSHOT-tests.jar:/home/runner/.m2/repository/commons-codec/commons-codec/1.11/commons-codec-1.11.jar:/home/runner/.m2/repository/io/netty/netty-codec/4.1.79.Final/netty-codec-4.1.79.Final.jar:/home/runner/.m2/repository/io/netty/netty-handler/4.1.79.Final/netty-handler-4.1.79.Final.jar:/home/runner/.m2/repository/org/apache/ozone/hdds-hadoop-dependency-test/1.3.0-SNAPSHOT/hdds-hadoop-dependency-test-1.3.0-SNAPSHOT.jar:/home/runner/.m2/repository/org/apache/hadoop/hadoop-common/3.3.4/hadoop-common-3.3.4-tests.jar:/home/runner/.m2/repository/org/apache/hadoop/hadoop-hdfs/3.3.4/hadoop-hdfs-3.3.4-tests.jar:/home/runner/.m2/repository/org/assertj/assertj-core/3.12.2/assertj-core-3.12.2.jar:/home/runner/.m2/repository/org/apache/hadoop/hadoop-distcp/3.3.4/hadoop-distcp-3.3.4.jar:/home/runner/.m2/repository/org/apache/hadoop/hadoop-mapreduce-client-jobclient/3.3.4/hadoop-mapreduce-client-jobclient-3.3.4.jar:/home/runner/.m2/repository/org/apache/hadoop/hadoop-mapreduce-client-common/3.3.4/hadoop-mapreduce-client-common-3.3.4.jar:/home/runner/.m2/repository/org/apache/hadoop/hadoop-yarn-common/3.3.4/hadoop-yarn-common-3.3.4.jar:/home/runner/.m2/repository/org/apache/hadoop/hadoop-yarn-api/3.3.4/hadoop-yarn-api-3.3.4.jar:/home/runner/.m2/repository/com/sun/jersey/contribs/jersey-guice/1.19/jersey-guice-1.19.jar:/home/runner/.m2/repository/com/fasterxml/jackson/jaxrs/jackson-jaxrs-json-provider/2.13.4/jackson-jaxrs-json-provider-2.13.4.jar:/home/runner/.m2/repository/com/fasterxml/jackson/jaxrs/jackson-jaxrs-base/2.13.4/jackson-jaxrs-base-2.13.4.jar:/home/runner/.m2/repository/org/apache/hadoop/hadoop-yarn-client/3.3.4/hadoop-yarn-client-3.3.4.jar:/home/runner/.m2/repository/org/eclipse/jetty/websocket/websocket-client/9.4.43.v20210629/websocket-client-9.4.43.v20210629.jar:/home/runner/.m2/repository/org/eclipse/jetty/websocket/websocket-common/9.4.43.v20210629/websocket-common-9.4.43.v20210629.jar:/home/runner/.m2/repository/org/eclipse/jetty/websocket/websocket-api/9.4.43.v20210629/websocket-api-9.4.43.v20210629.jar:/home/runner/.m2/repository/org/jline/jline/3.9.0/jline-3.9.0.jar:/home/runner/.m2/repository/org/apache/hadoop/hadoop-mapreduce-client-core/3.3.4/hadoop-mapreduce-client-core-3.3.4.jar:/home/runner/.m2/repository/org/apache/avro/avro/1.7.7/avro-1.7.7.jar:/home/runner/.m2/repository/org/codehaus/jackson/jackson-core-asl/1.9.13/jackson-core-asl-1.9.13.jar:/home/runner/.m2/repository/org/codehaus/jackson/jackson-mapper-asl/1.9.13/jackson-mapper-asl-1.9.13.jar:/home/runner/.m2/repository/com/thoughtworks/paranamer/paranamer/2.3/paranamer-2.3.jar:/home/runner/.m2/repository/org/apache/hadoop/hadoop-annotations/3.3.4/hadoop-annotations-3.3.4.jar:/usr/lib/jvm/temurin-8-jdk-amd64/jre/../lib/tools.jar:/home/runner/.m2/repository/io/netty/netty/3.10.6.Final/netty-3.10.6.Final.jar:/home/runner/.m2/repository/org/apache/hadoop/hadoop-distcp/3.3.4/hadoop-distcp-3.3.4-tests.jar:/home/runner/.m2/repository/org/slf4j/jul-to-slf4j/1.7.36/jul-to-slf4j-1.7.36.jar:/home/runner/.m2/repository/org/apache/ratis/ratis-common/2.4.0/ratis-common-2.4.0.jar:/home/runner/.m2/repository/org/apache/ratis/ratis-thirdparty-misc/1.0.2/ratis-thirdparty-misc-1.0.2.jar:/home/runner/.m2/repository/org/apache/ratis/ratis-proto/2.4.0/ratis-proto-2.4.0.jar:"/>
    <property name="java.vm.vendor" value="Temurin"/>
    <property name="sun.arch.data.model" value="64"/>
    <property name="test.build.dir" value="/home/runner/work/ozone/ozone/hadoop-ozone/integration-test/target/test-dir"/>
    <property name="test.cache.data" value=""/>
    <property name="java.vendor.url" value="https://adoptium.net/"/>
    <property name="user.timezone" value="Etc/UTC"/>
    <property name="java.vm.specification.version" value="1.8"/>
    <property name="os.name" value="Linux"/>
    <property name="test.build.data" value="/home/runner/work/ozone/ozone/hadoop-ozone/integration-test/target/test-dir"/>
    <property name="sun.java.launcher" value="SUN_STANDARD"/>
    <property name="sun.boot.library.path" value="/usr/lib/jvm/temurin-8-jdk-amd64/jre/lib/amd64"/>
    <property name="sun.java.command" value="/home/runner/work/ozone/ozone/hadoop-ozone/integration-test/target/surefire/surefirebooter6205183279332248641.jar /home/runner/work/ozone/ozone/hadoop-ozone/integration-test/target/surefire 2022-10-28T11-18-43_436-jvmRun1 surefire8992460523380146302tmp surefire_126192511825928127011tmp"/>
    <property name="surefire.test.class.path" value="/home/runner/work/ozone/ozone/hadoop-ozone/integration-test/target/test-classes:/home/runner/work/ozone/ozone/hadoop-ozone/integration-test/target/classes:/home/runner/.m2/repository/org/apache/ozone/ozone-common/1.3.0-SNAPSHOT/ozone-common-1.3.0-SNAPSHOT.jar:/home/runner/.m2/repository/io/grpc/grpc-netty/1.48.1/grpc-netty-1.48.1.jar:/home/runner/.m2/repository/io/grpc/grpc-core/1.48.1/grpc-core-1.48.1.jar:/home/runner/.m2/repository/com/google/android/annotations/4.1.1.4/annotations-4.1.1.4.jar:/home/runner/.m2/repository/org/codehaus/mojo/animal-sniffer-annotations/1.21/animal-sniffer-annotations-1.21.jar:/home/runner/.m2/repository/com/google/errorprone/error_prone_annotations/2.2.0/error_prone_annotations-2.2.0.jar:/home/runner/.m2/repository/io/perfmark/perfmark-api/0.25.0/perfmark-api-0.25.0.jar:/home/runner/.m2/repository/io/netty/netty-codec-http2/4.1.79.Final/netty-codec-http2-4.1.79.Final.jar:/home/runner/.m2/repository/io/netty/netty-common/4.1.79.Final/netty-common-4.1.79.Final.jar:/home/runner/.m2/repository/io/netty/netty-buffer/4.1.79.Final/netty-buffer-4.1.79.Final.jar:/home/runner/.m2/repository/io/netty/netty-codec-http/4.1.79.Final/netty-codec-http-4.1.79.Final.jar:/home/runner/.m2/repository/io/netty/netty-handler-proxy/4.1.79.Final/netty-handler-proxy-4.1.79.Final.jar:/home/runner/.m2/repository/io/netty/netty-codec-socks/4.1.79.Final/netty-codec-socks-4.1.79.Final.jar:/home/runner/.m2/repository/io/netty/netty-tcnative-boringssl-static/2.0.53.Final/netty-tcnative-boringssl-static-2.0.53.Final.jar:/home/runner/.m2/repository/io/netty/netty-tcnative-classes/2.0.53.Final/netty-tcnative-classes-2.0.53.Final.jar:/home/runner/.m2/repository/io/netty/netty-tcnative-boringssl-static/2.0.53.Final/netty-tcnative-boringssl-static-2.0.53.Final-linux-x86_64.jar:/home/runner/.m2/repository/io/netty/netty-tcnative-boringssl-static/2.0.53.Final/netty-tcnative-boringssl-static-2.0.53.Final-linux-aarch_64.jar:/home/runner/.m2/repository/io/netty/netty-tcnative-boringssl-static/2.0.53.Final/netty-tcnative-boringssl-static-2.0.53.Final-osx-x86_64.jar:/home/runner/.m2/repository/io/netty/netty-tcnative-boringssl-static/2.0.53.Final/netty-tcnative-boringssl-static-2.0.53.Final-osx-aarch_64.jar:/home/runner/.m2/repository/io/netty/netty-tcnative-boringssl-static/2.0.53.Final/netty-tcnative-boringssl-static-2.0.53.Final-windows-x86_64.jar:/home/runner/.m2/repository/org/apache/commons/commons-compress/1.21/commons-compress-1.21.jar:/home/runner/.m2/repository/org/apache/ozone/hdds-common/1.3.0-SNAPSHOT/hdds-common-1.3.0-SNAPSHOT.jar:/home/runner/.m2/repository/org/apache/ozone/hdds-client/1.3.0-SNAPSHOT/hdds-client-1.3.0-SNAPSHOT.jar:/home/runner/.m2/repository/org/apache/ozone/ozone-interface-client/1.3.0-SNAPSHOT/ozone-interface-client-1.3.0-SNAPSHOT.jar:/home/runner/.m2/repository/org/apache/ozone/hdds-test-utils/1.3.0-SNAPSHOT/hdds-test-utils-1.3.0-SNAPSHOT.jar:/home/runner/.m2/repository/com/google/guava/guava/31.1-jre/guava-31.1-jre.jar:/home/runner/.m2/repository/com/google/guava/failureaccess/1.0.1/failureaccess-1.0.1.jar:/home/runner/.m2/repository/com/google/guava/listenablefuture/9999.0-empty-to-avoid-conflict-with-guava/listenablefuture-9999.0-empty-to-avoid-conflict-with-guava.jar:/home/runner/.m2/repository/com/google/code/findbugs/jsr305/3.0.0/jsr305-3.0.0.jar:/home/runner/.m2/repository/org/checkerframework/checker-qual/3.12.0/checker-qual-3.12.0.jar:/home/runner/.m2/repository/com/google/j2objc/j2objc-annotations/1.3/j2objc-annotations-1.3.jar:/home/runner/.m2/repository/commons-io/commons-io/2.11.0/commons-io-2.11.0.jar:/home/runner/.m2/repository/commons-logging/commons-logging/1.2/commons-logging-1.2.jar:/home/runner/.m2/repository/ch/qos/reload4j/reload4j/1.2.22/reload4j-1.2.22.jar:/home/runner/.m2/repository/org/slf4j/slf4j-api/1.7.36/slf4j-api-1.7.36.jar:/home/runner/.m2/repository/org/apache/ozone/hdds-server-scm/1.3.0-SNAPSHOT/hdds-server-scm-1.3.0-SNAPSHOT.jar:/home/runner/.m2/repository/org/apache/ozone/hdds-container-service/1.3.0-SNAPSHOT/hdds-container-service-1.3.0-SNAPSHOT.jar:/home/runner/.m2/repository/org/apache/ozone/hdds-hadoop-dependency-server/1.3.0-SNAPSHOT/hdds-hadoop-dependency-server-1.3.0-SNAPSHOT.jar:/home/runner/.m2/repository/org/apache/hadoop/hadoop-hdfs/3.3.4/hadoop-hdfs-3.3.4.jar:/home/runner/.m2/repository/org/eclipse/jetty/jetty-util-ajax/9.4.49.v20220914/jetty-util-ajax-9.4.49.v20220914.jar:/home/runner/.m2/repository/commons-daemon/commons-daemon/1.0.13/commons-daemon-1.0.13.jar:/home/runner/.m2/repository/org/apache/ozone/hdds-server-framework/1.3.0-SNAPSHOT/hdds-server-framework-1.3.0-SNAPSHOT.jar:/home/runner/.m2/repository/org/apache/ozone/hdds-interface-server/1.3.0-SNAPSHOT/hdds-interface-server-1.3.0-SNAPSHOT.jar:/home/runner/.m2/repository/org/apache/commons/commons-configuration2/2.1.1/commons-configuration2-2.1.1.jar:/home/runner/.m2/repository/org/apache/logging/log4j/log4j-core/2.17.1/log4j-core-2.17.1.jar:/home/runner/.m2/repository/com/lmax/disruptor/3.4.2/disruptor-3.4.2.jar:/home/runner/.m2/repository/org/eclipse/jetty/jetty-servlet/9.4.49.v20220914/jetty-servlet-9.4.49.v20220914.jar:/home/runner/.m2/repository/org/eclipse/jetty/jetty-security/9.4.49.v20220914/jetty-security-9.4.49.v20220914.jar:/home/runner/.m2/repository/org/rocksdb/rocksdbjni/7.4.5/rocksdbjni-7.4.5.jar:/home/runner/.m2/repository/io/prometheus/simpleclient_dropwizard/0.7.0/simpleclient_dropwizard-0.7.0.jar:/home/runner/.m2/repository/io/prometheus/simpleclient/0.7.0/simpleclient-0.7.0.jar:/home/runner/.m2/repository/io/prometheus/simpleclient_common/0.7.0/simpleclient_common-0.7.0.jar:/home/runner/.m2/repository/com/github/spotbugs/spotbugs-annotations/3.1.12/spotbugs-annotations-3.1.12.jar:/home/runner/.m2/repository/io/dropwizard/metrics/metrics-core/3.2.4/metrics-core-3.2.4.jar:/home/runner/.m2/repository/org/apache/commons/commons-text/1.4/commons-text-1.4.jar:/home/runner/.m2/repository/org/apache/hadoop/hadoop-hdfs-client/3.3.4/hadoop-hdfs-client-3.3.4.jar:/home/runner/.m2/repository/com/squareup/okhttp3/okhttp/4.9.3/okhttp-4.9.3.jar:/home/runner/.m2/repository/com/squareup/okio/okio/2.8.0/okio-2.8.0.jar:/home/runner/.m2/repository/org/jetbrains/kotlin/kotlin-stdlib-common/1.4.10/kotlin-stdlib-common-1.4.10.jar:/home/runner/.m2/repository/org/bouncycastle/bcprov-jdk15on/1.67/bcprov-jdk15on-1.67.jar:/home/runner/.m2/repository/com/google/protobuf/protobuf-java/2.5.0/protobuf-java-2.5.0.jar:/home/runner/.m2/repository/org/apache/ozone/ozone-manager/1.3.0-SNAPSHOT/ozone-manager-1.3.0-SNAPSHOT.jar:/home/runner/.m2/repository/org/aspectj/aspectjrt/1.9.7/aspectjrt-1.9.7.jar:/home/runner/.m2/repository/org/aspectj/aspectjweaver/1.9.7/aspectjweaver-1.9.7.jar:/home/runner/.m2/repository/org/apache/ozone/hdds-interface-client/1.3.0-SNAPSHOT/hdds-interface-client-1.3.0-SNAPSHOT.jar:/home/runner/.m2/repository/org/apache/hadoop/thirdparty/hadoop-shaded-protobuf_3_7/1.1.1/hadoop-shaded-protobuf_3_7-1.1.1.jar:/home/runner/.m2/repository/org/apache/ozone/ozone-interface-storage/1.3.0-SNAPSHOT/ozone-interface-storage-1.3.0-SNAPSHOT.jar:/home/runner/.m2/repository/org/reflections/reflections/0.9.11/reflections-0.9.11.jar:/home/runner/.m2/repository/com/sun/jersey/jersey-client/1.19/jersey-client-1.19.jar:/home/runner/.m2/repository/org/apache/ranger/ranger-intg/2.3.0/ranger-intg-2.3.0.jar:/home/runner/.m2/repository/org/apache/ranger/ranger-plugins-common/2.3.0/ranger-plugins-common-2.3.0.jar:/home/runner/.m2/repository/commons-lang/commons-lang/2.6/commons-lang-2.6.jar:/home/runner/.m2/repository/org/codehaus/jackson/jackson-jaxrs/1.9.13/jackson-jaxrs-1.9.13.jar:/home/runner/.m2/repository/org/apache/ranger/ranger-plugins-cred/2.3.0/ranger-plugins-cred-2.3.0.jar:/home/runner/.m2/repository/org/apache/ranger/ranger-plugins-audit/2.3.0/ranger-plugins-audit-2.3.0.jar:/home/runner/.m2/repository/org/eclipse/jetty/jetty-client/9.4.31.v20200723/jetty-client-9.4.31.v20200723.jar:/home/runner/.m2/repository/org/apache/httpcomponents/httpmime/4.5.6/httpmime-4.5.6.jar:/home/runner/.m2/repository/org/apache/httpcomponents/httpcore-nio/4.4.6/httpcore-nio-4.4.6.jar:/home/runner/.m2/repository/org/apache/httpcomponents/httpasyncclient/4.1.3/httpasyncclient-4.1.3.jar:/home/runner/.m2/repository/com/carrotsearch/hppc/0.8.0/hppc-0.8.0.jar:/home/runner/.m2/repository/org/apache/orc/orc-core/1.5.8/orc-core-1.5.8.jar:/home/runner/.m2/repository/net/java/dev/jna/jna/5.2.0/jna-5.2.0.jar:/home/runner/.m2/repository/net/java/dev/jna/jna-platform/5.2.0/jna-platform-5.2.0.jar:/home/runner/.m2/repository/com/kstruct/gethostname4j/0.0.2/gethostname4j-0.0.2.jar:/home/runner/.m2/repository/org/apache/ranger/ranger-plugin-classloader/2.3.0/ranger-plugin-classloader-2.3.0.jar:/home/runner/.m2/repository/org/apache/hadoop/hadoop-minikdc/3.3.4/hadoop-minikdc-3.3.4.jar:/home/runner/.m2/repository/org/apache/kerby/kerb-simplekdc/1.0.1/kerb-simplekdc-1.0.1.jar:/home/runner/.m2/repository/org/apache/kerby/kerb-client/1.0.1/kerb-client-1.0.1.jar:/home/runner/.m2/repository/org/apache/kerby/kerby-config/1.0.1/kerby-config-1.0.1.jar:/home/runner/.m2/repository/org/apache/kerby/kerb-common/1.0.1/kerb-common-1.0.1.jar:/home/runner/.m2/repository/org/apache/kerby/kerb-crypto/1.0.1/kerb-crypto-1.0.1.jar:/home/runner/.m2/repository/org/apache/kerby/kerb-util/1.0.1/kerb-util-1.0.1.jar:/home/runner/.m2/repository/org/apache/kerby/token-provider/1.0.1/token-provider-1.0.1.jar:/home/runner/.m2/repository/org/apache/kerby/kerb-admin/1.0.1/kerb-admin-1.0.1.jar:/home/runner/.m2/repository/org/apache/kerby/kerb-server/1.0.1/kerb-server-1.0.1.jar:/home/runner/.m2/repository/org/apache/kerby/kerb-identity/1.0.1/kerb-identity-1.0.1.jar:/home/runner/.m2/repository/org/apache/kerby/kerby-xdr/1.0.1/kerby-xdr-1.0.1.jar:/home/runner/.m2/repository/org/apache/ozone/ozone-s3gateway/1.3.0-SNAPSHOT/ozone-s3gateway-1.3.0-SNAPSHOT.jar:/home/runner/.m2/repository/org/javassist/javassist/3.21.0-GA/javassist-3.21.0-GA.jar:/home/runner/.m2/repository/org/jboss/weld/servlet/weld-servlet/2.4.7.Final/weld-servlet-2.4.7.Final.jar:/home/runner/.m2/repository/org/glassfish/jersey/containers/jersey-container-servlet-core/2.34/jersey-container-servlet-core-2.34.jar:/home/runner/.m2/repository/org/glassfish/hk2/external/jakarta.inject/2.6.1/jakarta.inject-2.6.1.jar:/home/runner/.m2/repository/org/glassfish/jersey/core/jersey-common/2.34/jersey-common-2.34.jar:/home/runner/.m2/repository/jakarta/ws/rs/jakarta.ws.rs-api/2.1.6/jakarta.ws.rs-api-2.1.6.jar:/home/runner/.m2/repository/org/glassfish/jersey/ext/cdi/jersey-cdi1x/2.34/jersey-cdi1x-2.34.jar:/home/runner/.m2/repository/org/glassfish/jersey/inject/jersey-hk2/2.34/jersey-hk2-2.34.jar:/home/runner/.m2/repository/org/glassfish/hk2/hk2-locator/2.6.1/hk2-locator-2.6.1.jar:/home/runner/.m2/repository/org/glassfish/jersey/media/jersey-media-jaxb/2.34/jersey-media-jaxb-2.34.jar:/home/runner/.m2/repository/org/glassfish/hk2/osgi-resource-locator/1.0.3/osgi-resource-locator-1.0.3.jar:/home/runner/.m2/repository/org/glassfish/hk2/hk2-api/2.5.0/hk2-api-2.5.0.jar:/home/runner/.m2/repository/org/glassfish/hk2/hk2-utils/2.5.0/hk2-utils-2.5.0.jar:/home/runner/.m2/repository/org/glassfish/hk2/external/aopalliance-repackaged/2.5.0/aopalliance-repackaged-2.5.0.jar:/home/runner/.m2/repository/com/fasterxml/jackson/dataformat/jackson-dataformat-xml/2.13.4/jackson-dataformat-xml-2.13.4.jar:/home/runner/.m2/repository/com/fasterxml/jackson/core/jackson-core/2.13.4/jackson-core-2.13.4.jar:/home/runner/.m2/repository/org/codehaus/woodstox/stax2-api/3.1.4/stax2-api-3.1.4.jar:/home/runner/.m2/repository/com/fasterxml/woodstox/woodstox-core/5.4.0/woodstox-core-5.4.0.jar:/home/runner/.m2/repository/com/fasterxml/jackson/module/jackson-module-jaxb-annotations/2.13.4/jackson-module-jaxb-annotations-2.13.4.jar:/home/runner/.m2/repository/jakarta/xml/bind/jakarta.xml.bind-api/2.3.3/jakarta.xml.bind-api-2.3.3.jar:/home/runner/.m2/repository/jakarta/activation/jakarta.activation-api/1.2.1/jakarta.activation-api-1.2.1.jar:/home/runner/.m2/repository/javax/enterprise/cdi-api/1.2/cdi-api-1.2.jar:/home/runner/.m2/repository/javax/el/javax.el-api/3.0.0/javax.el-api-3.0.0.jar:/home/runner/.m2/repository/javax/interceptor/javax.interceptor-api/1.2/javax.interceptor-api-1.2.jar:/home/runner/.m2/repository/javax/inject/javax.inject/1/javax.inject-1.jar:/home/runner/.m2/repository/javax/xml/bind/jaxb-api/2.3.0/jaxb-api-2.3.0.jar:/home/runner/.m2/repository/org/glassfish/jaxb/jaxb-runtime/2.3.0.1/jaxb-runtime-2.3.0.1.jar:/home/runner/.m2/repository/org/glassfish/jaxb/jaxb-core/2.3.0.1/jaxb-core-2.3.0.1.jar:/home/runner/.m2/repository/org/glassfish/jaxb/txw2/2.3.0.1/txw2-2.3.0.1.jar:/home/runner/.m2/repository/com/sun/istack/istack-commons-runtime/3.0.5/istack-commons-runtime-3.0.5.jar:/home/runner/.m2/repository/org/jvnet/staxex/stax-ex/1.7.8/stax-ex-1.7.8.jar:/home/runner/.m2/repository/com/sun/xml/fastinfoset/FastInfoset/1.2.13/FastInfoset-1.2.13.jar:/home/runner/.m2/repository/javax/activation/activation/1.1.1/activation-1.1.1.jar:/home/runner/.m2/repository/io/grpc/grpc-protobuf/1.48.1/grpc-protobuf-1.48.1.jar:/home/runner/.m2/repository/io/grpc/grpc-api/1.48.1/grpc-api-1.48.1.jar:/home/runner/.m2/repository/io/grpc/grpc-context/1.48.1/grpc-context-1.48.1.jar:/home/runner/.m2/repository/com/google/api/grpc/proto-google-common-protos/2.9.0/proto-google-common-protos-2.9.0.jar:/home/runner/.m2/repository/io/grpc/grpc-protobuf-lite/1.48.1/grpc-protobuf-lite-1.48.1.jar:/home/runner/.m2/repository/io/grpc/grpc-stub/1.48.1/grpc-stub-1.48.1.jar:/home/runner/.m2/repository/io/netty/netty-transport/4.1.79.Final/netty-transport-4.1.79.Final.jar:/home/runner/.m2/repository/io/netty/netty-resolver/4.1.79.Final/netty-resolver-4.1.79.Final.jar:/home/runner/.m2/repository/org/apache/ozone/ozone-csi/1.3.0-SNAPSHOT/ozone-csi-1.3.0-SNAPSHOT.jar:/home/runner/.m2/repository/com/google/protobuf/protobuf-java-util/3.19.2/protobuf-java-util-3.19.2.jar:/home/runner/.m2/repository/com/google/code/gson/gson/2.9.0/gson-2.9.0.jar:/home/runner/.m2/repository/org/apache/ozone/hdds-config/1.3.0-SNAPSHOT/hdds-config-1.3.0-SNAPSHOT.jar:/home/runner/.m2/repository/io/netty/netty-transport-native-epoll/4.1.79.Final/netty-transport-native-epoll-4.1.79.Final-linux-x86_64.jar:/home/runner/.m2/repository/io/netty/netty-transport-classes-epoll/4.1.79.Final/netty-transport-classes-epoll-4.1.79.Final.jar:/home/runner/.m2/repository/io/netty/netty-transport-native-unix-common/4.1.79.Final/netty-transport-native-unix-common-4.1.79.Final.jar:/home/runner/.m2/repository/org/slf4j/slf4j-reload4j/1.7.36/slf4j-reload4j-1.7.36.jar:/home/runner/.m2/repository/org/apache/ozone/ozone-recon/1.3.0-SNAPSHOT/ozone-recon-1.3.0-SNAPSHOT.jar:/home/runner/.m2/repository/org/apache/ozone/ozone-reconcodegen/1.3.0-SNAPSHOT/ozone-reconcodegen-1.3.0-SNAPSHOT.jar:/home/runner/.m2/repository/com/google/inject/extensions/guice-multibindings/4.0/guice-multibindings-4.0.jar:/home/runner/.m2/repository/com/google/inject/guice/4.0/guice-4.0.jar:/home/runner/.m2/repository/aopalliance/aopalliance/1.0/aopalliance-1.0.jar:/home/runner/.m2/repository/com/google/inject/extensions/guice-assistedinject/4.0/guice-assistedinject-4.0.jar:/home/runner/.m2/repository/com/google/inject/extensions/guice-servlet/4.0/guice-servlet-4.0.jar:/home/runner/.m2/repository/org/glassfish/jersey/containers/jersey-container-servlet/2.34/jersey-container-servlet-2.34.jar:/home/runner/.m2/repository/org/glassfish/hk2/guice-bridge/2.5.0/guice-bridge-2.5.0.jar:/home/runner/.m2/repository/org/glassfish/jersey/core/jersey-server/2.34/jersey-server-2.34.jar:/home/runner/.m2/repository/org/glassfish/jersey/core/jersey-client/2.34/jersey-client-2.34.jar:/home/runner/.m2/repository/jakarta/annotation/jakarta.annotation-api/1.3.5/jakarta.annotation-api-1.3.5.jar:/home/runner/.m2/repository/jakarta/validation/jakarta.validation-api/2.0.2/jakarta.validation-api-2.0.2.jar:/home/runner/.m2/repository/org/glassfish/jersey/media/jersey-media-json-jackson/2.34/jersey-media-json-jackson-2.34.jar:/home/runner/.m2/repository/org/glassfish/jersey/ext/jersey-entity-filtering/2.34/jersey-entity-filtering-2.34.jar:/home/runner/.m2/repository/org/jooq/jooq/3.11.10/jooq-3.11.10.jar:/home/runner/.m2/repository/org/jooq/jooq-meta/3.11.10/jooq-meta-3.11.10.jar:/home/runner/.m2/repository/org/jooq/jooq-codegen/3.11.10/jooq-codegen-3.11.10.jar:/home/runner/.m2/repository/com/jolbox/bonecp/0.8.0.RELEASE/bonecp-0.8.0.RELEASE.jar:/home/runner/.m2/repository/org/apache/derby/derby/10.14.2.0/derby-10.14.2.0.jar:/home/runner/.m2/repository/org/xerial/sqlite-jdbc/3.25.2/sqlite-jdbc-3.25.2.jar:/home/runner/.m2/repository/org/springframework/spring-jdbc/5.3.23/spring-jdbc-5.3.23.jar:/home/runner/.m2/repository/org/springframework/spring-beans/5.3.23/spring-beans-5.3.23.jar:/home/runner/.m2/repository/org/springframework/spring-core/5.3.23/spring-core-5.3.23.jar:/home/runner/.m2/repository/org/springframework/spring-jcl/5.3.23/spring-jcl-5.3.23.jar:/home/runner/.m2/repository/org/springframework/spring-tx/5.3.23/spring-tx-5.3.23.jar:/home/runner/.m2/repository/org/apache/ozone/ozone-client/1.3.0-SNAPSHOT/ozone-client-1.3.0-SNAPSHOT.jar:/home/runner/.m2/repository/org/apache/ozone/hdds-erasurecode/1.3.0-SNAPSHOT/hdds-erasurecode-1.3.0-SNAPSHOT.jar:/home/runner/.m2/repository/org/apache/ozone/ozone-filesystem/1.3.0-SNAPSHOT/ozone-filesystem-1.3.0-SNAPSHOT.jar:/home/runner/.m2/repository/org/apache/ozone/ozone-filesystem-common/1.3.0-SNAPSHOT/ozone-filesystem-common-1.3.0-SNAPSHOT.jar:/home/runner/.m2/repository/org/apache/ozone/ozone-tools/1.3.0-SNAPSHOT/ozone-tools-1.3.0-SNAPSHOT.jar:/home/runner/.m2/repository/org/apache/ratis/ratis-tools/2.4.0/ratis-tools-2.4.0.jar:/home/runner/.m2/repository/com/amazonaws/aws-java-sdk-core/1.12.261/aws-java-sdk-core-1.12.261.jar:/home/runner/.m2/repository/org/apache/httpcomponents/httpclient/4.5.13/httpclient-4.5.13.jar:/home/runner/.m2/repository/org/apache/httpcomponents/httpcore/4.4.13/httpcore-4.4.13.jar:/home/runner/.m2/repository/software/amazon/ion/ion-java/1.0.2/ion-java-1.0.2.jar:/home/runner/.m2/repository/com/fasterxml/jackson/dataformat/jackson-dataformat-cbor/2.13.4/jackson-dataformat-cbor-2.13.4.jar:/home/runner/.m2/repository/joda-time/joda-time/2.8.1/joda-time-2.8.1.jar:/home/runner/.m2/repository/com/amazonaws/aws-java-sdk-s3/1.12.261/aws-java-sdk-s3-1.12.261.jar:/home/runner/.m2/repository/com/amazonaws/aws-java-sdk-kms/1.12.261/aws-java-sdk-kms-1.12.261.jar:/home/runner/.m2/repository/com/amazonaws/jmespath-java/1.12.261/jmespath-java-1.12.261.jar:/home/runner/.m2/repository/org/kohsuke/metainf-services/metainf-services/1.8/metainf-services-1.8.jar:/home/runner/.m2/repository/org/apache/ozone/hdds-tools/1.3.0-SNAPSHOT/hdds-tools-1.3.0-SNAPSHOT.jar:/home/runner/.m2/repository/commons-cli/commons-cli/1.2/commons-cli-1.2.jar:/home/runner/.m2/repository/org/apache/commons/commons-lang3/3.7/commons-lang3-3.7.jar:/home/runner/.m2/repository/org/apache/ozone/ozone-manager/1.3.0-SNAPSHOT/ozone-manager-1.3.0-SNAPSHOT-tests.jar:/home/runner/.m2/repository/org/apache/ozone/hdds-common/1.3.0-SNAPSHOT/hdds-common-1.3.0-SNAPSHOT-tests.jar:/home/runner/.m2/repository/org/apache/ozone/hdds-hadoop-dependency-client/1.3.0-SNAPSHOT/hdds-hadoop-dependency-client-1.3.0-SNAPSHOT.jar:/home/runner/.m2/repository/info/picocli/picocli/4.6.1/picocli-4.6.1.jar:/home/runner/.m2/repository/com/fasterxml/jackson/core/jackson-annotations/2.13.4/jackson-annotations-2.13.4.jar:/home/runner/.m2/repository/com/fasterxml/jackson/datatype/jackson-datatype-jsr310/2.13.4/jackson-datatype-jsr310-2.13.4.jar:/home/runner/.m2/repository/org/apache/ozone/hdds-annotation-processing/1.3.0-SNAPSHOT/hdds-annotation-processing-1.3.0-SNAPSHOT.jar:/home/runner/.m2/repository/javax/annotation/javax.annotation-api/1.2/javax.annotation-api-1.2.jar:/home/runner/.m2/repository/org/apache/ratis/ratis-server/2.4.0/ratis-server-2.4.0.jar:/home/runner/.m2/repository/org/apache/ratis/ratis-client/2.4.0/ratis-client-2.4.0.jar:/home/runner/.m2/repository/org/apache/ratis/ratis-server-api/2.4.0/ratis-server-api-2.4.0.jar:/home/runner/.m2/repository/org/apache/ratis/ratis-metrics/2.4.0/ratis-metrics-2.4.0.jar:/home/runner/.m2/repository/org/apache/ratis/ratis-netty/2.4.0/ratis-netty-2.4.0.jar:/home/runner/.m2/repository/org/apache/ratis/ratis-grpc/2.4.0/ratis-grpc-2.4.0.jar:/home/runner/.m2/repository/org/apache/logging/log4j/log4j-api/2.17.1/log4j-api-2.17.1.jar:/home/runner/.m2/repository/org/apache/commons/commons-pool2/2.6.0/commons-pool2-2.6.0.jar:/home/runner/.m2/repository/org/bouncycastle/bcpkix-jdk15on/1.67/bcpkix-jdk15on-1.67.jar:/home/runner/.m2/repository/commons-validator/commons-validator/1.6/commons-validator-1.6.jar:/home/runner/.m2/repository/commons-beanutils/commons-beanutils/1.9.4/commons-beanutils-1.9.4.jar:/home/runner/.m2/repository/commons-digester/commons-digester/1.8.1/commons-digester-1.8.1.jar:/home/runner/.m2/repository/commons-collections/commons-collections/3.2.2/commons-collections-3.2.2.jar:/home/runner/.m2/repository/io/jaegertracing/jaeger-client/1.6.0/jaeger-client-1.6.0.jar:/home/runner/.m2/repository/io/jaegertracing/jaeger-thrift/1.6.0/jaeger-thrift-1.6.0.jar:/home/runner/.m2/repository/org/apache/thrift/libthrift/0.14.1/libthrift-0.14.1.jar:/home/runner/.m2/repository/io/jaegertracing/jaeger-core/1.6.0/jaeger-core-1.6.0.jar:/home/runner/.m2/repository/io/jaegertracing/jaeger-tracerresolver/1.6.0/jaeger-tracerresolver-1.6.0.jar:/home/runner/.m2/repository/io/opentracing/contrib/opentracing-tracerresolver/0.1.8/opentracing-tracerresolver-0.1.8.jar:/home/runner/.m2/repository/org/jetbrains/kotlin/kotlin-stdlib/1.6.21/kotlin-stdlib-1.6.21.jar:/home/runner/.m2/repository/org/jetbrains/annotations/13.0/annotations-13.0.jar:/home/runner/.m2/repository/io/opentracing/opentracing-util/0.33.0/opentracing-util-0.33.0.jar:/home/runner/.m2/repository/io/opentracing/opentracing-api/0.33.0/opentracing-api-0.33.0.jar:/home/runner/.m2/repository/io/opentracing/opentracing-noop/0.33.0/opentracing-noop-0.33.0.jar:/home/runner/.m2/repository/org/yaml/snakeyaml/1.32/snakeyaml-1.32.jar:/home/runner/.m2/repository/org/apache/ozone/hdds-interface-admin/1.3.0-SNAPSHOT/hdds-interface-admin-1.3.0-SNAPSHOT.jar:/home/runner/.m2/repository/junit/junit/4.13.1/junit-4.13.1.jar:/home/runner/.m2/repository/org/hamcrest/hamcrest-core/1.3/hamcrest-core-1.3.jar:/home/runner/.m2/repository/org/junit/jupiter/junit-jupiter-api/5.8.2/junit-jupiter-api-5.8.2.jar:/home/runner/.m2/repository/org/opentest4j/opentest4j/1.2.0/opentest4j-1.2.0.jar:/home/runner/.m2/repository/org/junit/platform/junit-platform-commons/1.8.2/junit-platform-commons-1.8.2.jar:/home/runner/.m2/repository/org/apiguardian/apiguardian-api/1.1.2/apiguardian-api-1.1.2.jar:/home/runner/.m2/repository/org/junit/jupiter/junit-jupiter-params/5.8.2/junit-jupiter-params-5.8.2.jar:/home/runner/.m2/repository/org/junit/jupiter/junit-jupiter-migrationsupport/5.8.2/junit-jupiter-migrationsupport-5.8.2.jar:/home/runner/.m2/repository/org/junit/jupiter/junit-jupiter-engine/5.8.2/junit-jupiter-engine-5.8.2.jar:/home/runner/.m2/repository/org/junit/platform/junit-platform-engine/1.8.2/junit-platform-engine-1.8.2.jar:/home/runner/.m2/repository/org/junit/vintage/junit-vintage-engine/5.8.2/junit-vintage-engine-5.8.2.jar:/home/runner/.m2/repository/org/junit/platform/junit-platform-launcher/1.8.2/junit-platform-launcher-1.8.2.jar:/home/runner/.m2/repository/org/mockito/mockito-core/2.28.2/mockito-core-2.28.2.jar:/home/runner/.m2/repository/net/bytebuddy/byte-buddy/1.9.10/byte-buddy-1.9.10.jar:/home/runner/.m2/repository/net/bytebuddy/byte-buddy-agent/1.9.10/byte-buddy-agent-1.9.10.jar:/home/runner/.m2/repository/org/objenesis/objenesis/1.0/objenesis-1.0.jar:/home/runner/.m2/repository/org/apache/hadoop/hadoop-kms/3.3.4/hadoop-kms-3.3.4.jar:/home/runner/.m2/repository/org/apache/hadoop/hadoop-auth/3.3.4/hadoop-auth-3.3.4.jar:/home/runner/.m2/repository/com/nimbusds/nimbus-jose-jwt/7.9/nimbus-jose-jwt-7.9.jar:/home/runner/.m2/repository/com/github/stephenc/jcip/jcip-annotations/1.0-1/jcip-annotations-1.0-1.jar:/home/runner/.m2/repository/net/minidev/json-smart/2.4.7/json-smart-2.4.7.jar:/home/runner/.m2/repository/net/minidev/accessors-smart/2.4.7/accessors-smart-2.4.7.jar:/home/runner/.m2/repository/org/ow2/asm/asm/5.0.4/asm-5.0.4.jar:/home/runner/.m2/repository/org/apache/zookeeper/zookeeper/3.5.6/zookeeper-3.5.6.jar:/home/runner/.m2/repository/org/apache/zookeeper/zookeeper-jute/3.5.6/zookeeper-jute-3.5.6.jar:/home/runner/.m2/repository/org/apache/yetus/audience-annotations/0.5.0/audience-annotations-0.5.0.jar:/home/runner/.m2/repository/org/apache/curator/curator-framework/4.2.0/curator-framework-4.2.0.jar:/home/runner/.m2/repository/org/apache/hadoop/thirdparty/hadoop-shaded-guava/1.1.1/hadoop-shaded-guava-1.1.1.jar:/home/runner/.m2/repository/com/sun/jersey/jersey-core/1.19/jersey-core-1.19.jar:/home/runner/.m2/repository/javax/ws/rs/jsr311-api/1.1.1/jsr311-api-1.1.1.jar:/home/runner/.m2/repository/com/sun/jersey/jersey-server/1.19/jersey-server-1.19.jar:/home/runner/.m2/repository/javax/servlet/javax.servlet-api/3.1.0/javax.servlet-api-3.1.0.jar:/home/runner/.m2/repository/org/eclipse/jetty/jetty-server/9.4.49.v20220914/jetty-server-9.4.49.v20220914.jar:/home/runner/.m2/repository/org/eclipse/jetty/jetty-http/9.4.49.v20220914/jetty-http-9.4.49.v20220914.jar:/home/runner/.m2/repository/org/eclipse/jetty/jetty-io/9.4.49.v20220914/jetty-io-9.4.49.v20220914.jar:/home/runner/.m2/repository/org/eclipse/jetty/jetty-webapp/9.4.49.v20220914/jetty-webapp-9.4.49.v20220914.jar:/home/runner/.m2/repository/org/eclipse/jetty/jetty-xml/9.4.49.v20220914/jetty-xml-9.4.49.v20220914.jar:/home/runner/.m2/repository/org/apache/hadoop/hadoop-common/3.3.4/hadoop-common-3.3.4.jar:/home/runner/.m2/repository/org/apache/commons/commons-math3/3.1.1/commons-math3-3.1.1.jar:/home/runner/.m2/repository/commons-net/commons-net/3.6/commons-net-3.6.jar:/home/runner/.m2/repository/com/sun/jersey/jersey-servlet/1.19/jersey-servlet-1.19.jar:/home/runner/.m2/repository/com/sun/jersey/jersey-json/1.19/jersey-json-1.19.jar:/home/runner/.m2/repository/org/codehaus/jettison/jettison/1.1/jettison-1.1.jar:/home/runner/.m2/repository/com/sun/xml/bind/jaxb-impl/2.2.3-1/jaxb-impl-2.2.3-1.jar:/home/runner/.m2/repository/org/codehaus/jackson/jackson-xc/1.9.2/jackson-xc-1.9.2.jar:/home/runner/.m2/repository/com/google/re2j/re2j/1.1/re2j-1.1.jar:/home/runner/.m2/repository/com/jcraft/jsch/0.1.54/jsch-0.1.54.jar:/home/runner/.m2/repository/org/apache/curator/curator-client/4.2.0/curator-client-4.2.0.jar:/home/runner/.m2/repository/org/apache/curator/curator-recipes/4.2.0/curator-recipes-4.2.0.jar:/home/runner/.m2/repository/org/apache/kerby/kerb-core/1.0.1/kerb-core-1.0.1.jar:/home/runner/.m2/repository/org/apache/kerby/kerby-pkix/1.0.1/kerby-pkix-1.0.1.jar:/home/runner/.m2/repository/org/apache/kerby/kerby-asn1/1.0.1/kerby-asn1-1.0.1.jar:/home/runner/.m2/repository/org/apache/kerby/kerby-util/1.0.1/kerby-util-1.0.1.jar:/home/runner/.m2/repository/dnsjava/dnsjava/2.1.7/dnsjava-2.1.7.jar:/home/runner/.m2/repository/org/xerial/snappy/snappy-java/1.1.8.2/snappy-java-1.1.8.2.jar:/home/runner/.m2/repository/org/eclipse/jetty/jetty-util/9.4.49.v20220914/jetty-util-9.4.49.v20220914.jar:/home/runner/.m2/repository/com/fasterxml/jackson/core/jackson-databind/2.13.4.2/jackson-databind-2.13.4.2.jar:/home/runner/.m2/repository/org/apache/hadoop/hadoop-kms/3.3.4/hadoop-kms-3.3.4-tests.jar:/home/runner/.m2/repository/org/apache/ozone/hdds-server-scm/1.3.0-SNAPSHOT/hdds-server-scm-1.3.0-SNAPSHOT-tests.jar:/home/runner/.m2/repository/org/apache/ozone/hdds-container-service/1.3.0-SNAPSHOT/hdds-container-service-1.3.0-SNAPSHOT-tests.jar:/home/runner/.m2/repository/commons-codec/commons-codec/1.11/commons-codec-1.11.jar:/home/runner/.m2/repository/io/netty/netty-codec/4.1.79.Final/netty-codec-4.1.79.Final.jar:/home/runner/.m2/repository/io/netty/netty-handler/4.1.79.Final/netty-handler-4.1.79.Final.jar:/home/runner/.m2/repository/org/apache/ozone/hdds-hadoop-dependency-test/1.3.0-SNAPSHOT/hdds-hadoop-dependency-test-1.3.0-SNAPSHOT.jar:/home/runner/.m2/repository/org/apache/hadoop/hadoop-common/3.3.4/hadoop-common-3.3.4-tests.jar:/home/runner/.m2/repository/org/apache/hadoop/hadoop-hdfs/3.3.4/hadoop-hdfs-3.3.4-tests.jar:/home/runner/.m2/repository/org/assertj/assertj-core/3.12.2/assertj-core-3.12.2.jar:/home/runner/.m2/repository/org/apache/hadoop/hadoop-distcp/3.3.4/hadoop-distcp-3.3.4.jar:/home/runner/.m2/repository/org/apache/hadoop/hadoop-mapreduce-client-jobclient/3.3.4/hadoop-mapreduce-client-jobclient-3.3.4.jar:/home/runner/.m2/repository/org/apache/hadoop/hadoop-mapreduce-client-common/3.3.4/hadoop-mapreduce-client-common-3.3.4.jar:/home/runner/.m2/repository/org/apache/hadoop/hadoop-yarn-common/3.3.4/hadoop-yarn-common-3.3.4.jar:/home/runner/.m2/repository/org/apache/hadoop/hadoop-yarn-api/3.3.4/hadoop-yarn-api-3.3.4.jar:/home/runner/.m2/repository/com/sun/jersey/contribs/jersey-guice/1.19/jersey-guice-1.19.jar:/home/runner/.m2/repository/com/fasterxml/jackson/jaxrs/jackson-jaxrs-json-provider/2.13.4/jackson-jaxrs-json-provider-2.13.4.jar:/home/runner/.m2/repository/com/fasterxml/jackson/jaxrs/jackson-jaxrs-base/2.13.4/jackson-jaxrs-base-2.13.4.jar:/home/runner/.m2/repository/org/apache/hadoop/hadoop-yarn-client/3.3.4/hadoop-yarn-client-3.3.4.jar:/home/runner/.m2/repository/org/eclipse/jetty/websocket/websocket-client/9.4.43.v20210629/websocket-client-9.4.43.v20210629.jar:/home/runner/.m2/repository/org/eclipse/jetty/websocket/websocket-common/9.4.43.v20210629/websocket-common-9.4.43.v20210629.jar:/home/runner/.m2/repository/org/eclipse/jetty/websocket/websocket-api/9.4.43.v20210629/websocket-api-9.4.43.v20210629.jar:/home/runner/.m2/repository/org/jline/jline/3.9.0/jline-3.9.0.jar:/home/runner/.m2/repository/org/apache/hadoop/hadoop-mapreduce-client-core/3.3.4/hadoop-mapreduce-client-core-3.3.4.jar:/home/runner/.m2/repository/org/apache/avro/avro/1.7.7/avro-1.7.7.jar:/home/runner/.m2/repository/org/codehaus/jackson/jackson-core-asl/1.9.13/jackson-core-asl-1.9.13.jar:/home/runner/.m2/repository/org/codehaus/jackson/jackson-mapper-asl/1.9.13/jackson-mapper-asl-1.9.13.jar:/home/runner/.m2/repository/com/thoughtworks/paranamer/paranamer/2.3/paranamer-2.3.jar:/home/runner/.m2/repository/org/apache/hadoop/hadoop-annotations/3.3.4/hadoop-annotations-3.3.4.jar:/usr/lib/jvm/temurin-8-jdk-amd64/jre/../lib/tools.jar:/home/runner/.m2/repository/io/netty/netty/3.10.6.Final/netty-3.10.6.Final.jar:/home/runner/.m2/repository/org/apache/hadoop/hadoop-distcp/3.3.4/hadoop-distcp-3.3.4-tests.jar:/home/runner/.m2/repository/org/slf4j/jul-to-slf4j/1.7.36/jul-to-slf4j-1.7.36.jar:/home/runner/.m2/repository/org/apache/ratis/ratis-common/2.4.0/ratis-common-2.4.0.jar:/home/runner/.m2/repository/org/apache/ratis/ratis-thirdparty-misc/1.0.2/ratis-thirdparty-misc-1.0.2.jar:/home/runner/.m2/repository/org/apache/ratis/ratis-proto/2.4.0/ratis-proto-2.4.0.jar:"/>
    <property name="sun.cpu.endian" value="little"/>
    <property name="user.home" value="/home/runner"/>
    <property name="user.language" value="en"/>
    <property name="java.specification.vendor" value="Oracle Corporation"/>
    <property name="java.home" value="/usr/lib/jvm/temurin-8-jdk-amd64/jre"/>
    <property name="java.security.krb5.conf" value="/home/runner/work/ozone/ozone/hadoop-ozone/integration-test/target/test-classes/krb5.conf"/>
    <property name="basedir" value="/home/runner/work/ozone/ozone/hadoop-ozone/integration-test"/>
    <property name="file.separator" value="/"/>
    <property name="line.separator" value="&#10;"/>
    <property name="java.vm.specification.vendor" value="Oracle Corporation"/>
    <property name="java.specification.name" value="Java Platform API Specification"/>
    <property name="java.awt.graphicsenv" value="sun.awt.X11GraphicsEnvironment"/>
    <property name="skip.installnpx" value="true"/>
    <property name="surefire.real.class.path" value="/home/runner/work/ozone/ozone/hadoop-ozone/integration-test/target/surefire/surefirebooter6205183279332248641.jar:/home/runner/.m2/repository/org/jacoco/org.jacoco.agent/0.8.5/org.jacoco.agent-0.8.5-runtime.jar"/>
    <property name="hadoop.log.dir" value="/home/runner/work/ozone/ozone/hadoop-ozone/integration-test/target/log"/>
    <property name="sun.boot.class.path" value="/usr/lib/jvm/temurin-8-jdk-amd64/jre/lib/resources.jar:/usr/lib/jvm/temurin-8-jdk-amd64/jre/lib/rt.jar:/usr/lib/jvm/temurin-8-jdk-amd64/jre/lib/sunrsasign.jar:/usr/lib/jvm/temurin-8-jdk-amd64/jre/lib/jsse.jar:/usr/lib/jvm/temurin-8-jdk-amd64/jre/lib/jce.jar:/usr/lib/jvm/temurin-8-jdk-amd64/jre/lib/charsets.jar:/usr/lib/jvm/temurin-8-jdk-amd64/jre/lib/jfr.jar:/usr/lib/jvm/temurin-8-jdk-amd64/jre/classes"/>
    <property name="sun.management.compiler" value="HotSpot 64-Bit Tiered Compilers"/>
    <property name="skip.npx" value="true"/>
    <property name="java.runtime.version" value="1.8.0_345-b01"/>
    <property name="java.net.preferIPv4Stack" value="true"/>
    <property name="user.name" value="runner"/>
    <property name="path.separator" value=":"/>
    <property name="java.security.egd" value="file:///dev/urandom"/>
    <property name="os.version" value="5.15.0-1022-azure"/>
    <property name="java.endorsed.dirs" value="/usr/lib/jvm/temurin-8-jdk-amd64/jre/lib/endorsed"/>
    <property name="java.runtime.name" value="OpenJDK Runtime Environment"/>
    <property name="file.encoding" value="UTF-8"/>
    <property name="java.vm.name" value="OpenJDK 64-Bit Server VM"/>
    <property name="test.build.webapps" value=""/>
    <property name="localRepository" value="/home/runner/.m2/repository"/>
    <property name="jetty.git.hash" value="4231a3b2e4cb8548a412a789936d640a97b1aa0a"/>
    <property name="java.vendor.url.bug" value="https://github.com/adoptium/adoptium-support/issues"/>
    <property name="java.io.tmpdir" value="/tmp"/>
    <property name="require.test.libhadoop" value=""/>
    <property name="java.version" value="1.8.0_345"/>
    <property name="user.dir" value="/home/runner/work/ozone/ozone/hadoop-ozone/integration-test"/>
    <property name="os.arch" value="amd64"/>
    <property name="java.vm.specification.name" value="Java Virtual Machine Specification"/>
    <property name="test.build.classes" value="/home/runner/work/ozone/ozone/hadoop-ozone/integration-test/target/test-classes"/>
    <property name="java.awt.printerjob" value="sun.print.PSPrinterJob"/>
    <property name="sun.os.patch.level" value="unknown"/>
    <property name="org.apache.ratis.thirdparty.io.netty.allocator.useCacheForAllThreads" value="false"/>
    <property name="hadoop.tmp.dir" value="/home/runner/work/ozone/ozone/hadoop-ozone/integration-test/target/tmp"/>
    <property name="java.library.path" value="/usr/java/packages/lib/amd64:/usr/lib64:/lib64:/lib:/usr/lib"/>
    <property name="java.vm.info" value="mixed mode"/>
    <property name="java.vendor" value="Temurin"/>
    <property name="java.vm.version" value="25.345-b01"/>
    <property name="java.ext.dirs" value="/usr/lib/jvm/temurin-8-jdk-amd64/jre/lib/ext:/usr/java/packages/lib/ext"/>
    <property name="sun.io.unicode.encoding" value="UnicodeLittle"/>
    <property name="java.class.version" value="52.0"/>
  </properties>
  <testcase name="testContainerRecoveryOverReplicationProcessing" classname="org.apache.hadoop.ozone.container.TestECContainerRecovery" time="106.711">
    <error type="java.util.concurrent.TimeoutException"><![CDATA[java.util.concurrent.TimeoutException: 
Timed out waiting for condition. Thread diagnostics:
Timestamp: 2022-10-28 11:30:46,214

"grpc-default-executor-2" daemon prio=5 tid=685 timed_waiting
java.lang.Thread.State: TIMED_WAITING
        at sun.misc.Unsafe.park(Native Method)
        at java.util.concurrent.locks.LockSupport.parkNanos(LockSupport.java:215)
        at java.util.concurrent.SynchronousQueue$TransferStack.awaitFulfill(SynchronousQueue.java:460)
        at java.util.concurrent.SynchronousQueue$TransferStack.transfer(SynchronousQueue.java:362)
        at java.util.concurrent.SynchronousQueue.poll(SynchronousQueue.java:941)
        at java.util.concurrent.ThreadPoolExecutor.getTask(ThreadPoolExecutor.java:1073)
        at java.util.concurrent.ThreadPoolExecutor.runWorker(ThreadPoolExecutor.java:1134)
        at java.util.concurrent.ThreadPoolExecutor$Worker.run(ThreadPoolExecutor.java:624)
        at java.lang.Thread.run(Thread.java:750)
"aa3e6641-ac34-45f8-85b4-6614ff527932@group-3B672FDC1826-LeaderStateImpl" daemon prio=5 tid=708 timed_waiting
java.lang.Thread.State: TIMED_WAITING
        at sun.misc.Unsafe.park(Native Method)
        at java.util.concurrent.locks.LockSupport.parkNanos(LockSupport.java:215)
        at java.util.concurrent.locks.AbstractQueuedSynchronizer$ConditionObject.awaitNanos(AbstractQueuedSynchronizer.java:2078)
        at java.util.concurrent.ArrayBlockingQueue.poll(ArrayBlockingQueue.java:418)
        at org.apache.ratis.server.impl.LeaderStateImpl$EventQueue.poll(LeaderStateImpl.java:159)
        at org.apache.ratis.server.impl.LeaderStateImpl$EventProcessor.run(LeaderStateImpl.java:630)
"af2ba7b3-e3cd-4616-bfee-e743369bcf5a@group-9D4C5A32B7BF-StateMachineUpdater" daemon prio=5 tid=674 timed_waiting
java.lang.Thread.State: TIMED_WAITING
        at sun.misc.Unsafe.park(Native Method)
        at java.util.concurrent.locks.LockSupport.parkNanos(LockSupport.java:215)
        at java.util.concurrent.CompletableFuture$Signaller.block(CompletableFuture.java:1709)
        at java.util.concurrent.ForkJoinPool.managedBlock(ForkJoinPool.java:3323)
        at java.util.concurrent.CompletableFuture.timedGet(CompletableFuture.java:1788)
        at java.util.concurrent.CompletableFuture.get(CompletableFuture.java:1928)
        at org.apache.ratis.util.AwaitForSignal.await(AwaitForSignal.java:56)
        at org.apache.ratis.server.impl.StateMachineUpdater.waitForCommit(StateMachineUpdater.java:207)
        at org.apache.ratis.server.impl.StateMachineUpdater.run(StateMachineUpdater.java:176)
        at java.lang.Thread.run(Thread.java:750)
"ChunkReader-1" daemon prio=5 tid=780 in Object.wait()
java.lang.Thread.State: WAITING (on object monitor)
        at sun.misc.Unsafe.park(Native Method)
        at java.util.concurrent.locks.LockSupport.park(LockSupport.java:175)
        at java.util.concurrent.locks.AbstractQueuedSynchronizer$ConditionObject.await(AbstractQueuedSynchronizer.java:2039)
        at java.util.concurrent.LinkedBlockingQueue.take(LinkedBlockingQueue.java:442)
        at java.util.concurrent.ThreadPoolExecutor.getTask(ThreadPoolExecutor.java:1074)
        at java.util.concurrent.ThreadPoolExecutor.runWorker(ThreadPoolExecutor.java:1134)
        at java.util.concurrent.ThreadPoolExecutor$Worker.run(ThreadPoolExecutor.java:624)
        at java.lang.Thread.run(Thread.java:750)
"qtp2019923144-140" daemon prio=5 tid=140 timed_waiting
java.lang.Thread.State: TIMED_WAITING
        at sun.misc.Unsafe.park(Native Method)
        at java.util.concurrent.locks.LockSupport.parkNanos(LockSupport.java:215)
        at java.util.concurrent.locks.AbstractQueuedSynchronizer$ConditionObject.awaitNanos(AbstractQueuedSynchronizer.java:2078)
        at org.eclipse.jetty.util.BlockingArrayQueue.poll(BlockingArrayQueue.java:382)
        at org.eclipse.jetty.util.thread.QueuedThreadPool$Runner.idleJobPoll(QueuedThreadPool.java:974)
        at org.eclipse.jetty.util.thread.QueuedThreadPool$Runner.run(QueuedThreadPool.java:1018)
        at java.lang.Thread.run(Thread.java:750)
"prometheus" daemon prio=5 tid=109 in Object.wait()
java.lang.Thread.State: WAITING (on object monitor)
        at java.lang.Object.wait(Native Method)
        at java.lang.Object.wait(Object.java:502)
        at org.apache.hadoop.metrics2.impl.SinkQueue.waitForData(SinkQueue.java:114)
        at org.apache.hadoop.metrics2.impl.SinkQueue.consumeAll(SinkQueue.java:83)
        at org.apache.hadoop.metrics2.impl.MetricsSinkAdapter.publishMetricsFromQueue(MetricsSinkAdapter.java:135)
        at org.apache.hadoop.metrics2.impl.MetricsSinkAdapter$1.run(MetricsSinkAdapter.java:89)
"Datanode ReportManager Thread - 3" daemon prio=5 tid=348 timed_waiting
java.lang.Thread.State: TIMED_WAITING
        at sun.misc.Unsafe.park(Native Method)
        at java.util.concurrent.locks.LockSupport.parkNanos(LockSupport.java:215)
        at java.util.concurrent.locks.AbstractQueuedSynchronizer$ConditionObject.awaitNanos(AbstractQueuedSynchronizer.java:2078)
        at java.util.concurrent.ScheduledThreadPoolExecutor$DelayedWorkQueue.take(ScheduledThreadPoolExecutor.java:1093)
        at java.util.concurrent.ScheduledThreadPoolExecutor$DelayedWorkQueue.take(ScheduledThreadPoolExecutor.java:809)
        at java.util.concurrent.ThreadPoolExecutor.getTask(ThreadPoolExecutor.java:1074)
        at java.util.concurrent.ThreadPoolExecutor.runWorker(ThreadPoolExecutor.java:1134)
        at java.util.concurrent.ThreadPoolExecutor$Worker.run(ThreadPoolExecutor.java:624)
        at java.lang.Thread.run(Thread.java:750)
"Session-HouseKeeper-1185b0b7-1"  prio=5 tid=108 timed_waiting
java.lang.Thread.State: TIMED_WAITING
        at sun.misc.Unsafe.park(Native Method)
        at java.util.concurrent.locks.LockSupport.parkNanos(LockSupport.java:215)
        at java.util.concurrent.locks.AbstractQueuedSynchronizer$ConditionObject.awaitNanos(AbstractQueuedSynchronizer.java:2078)
        at java.util.concurrent.ScheduledThreadPoolExecutor$DelayedWorkQueue.take(ScheduledThreadPoolExecutor.java:1093)
        at java.util.concurrent.ScheduledThreadPoolExecutor$DelayedWorkQueue.take(ScheduledThreadPoolExecutor.java:809)
        at java.util.concurrent.ThreadPoolExecutor.getTask(ThreadPoolExecutor.java:1074)
        at java.util.concurrent.ThreadPoolExecutor.runWorker(ThreadPoolExecutor.java:1134)
        at java.util.concurrent.ThreadPoolExecutor$Worker.run(ThreadPoolExecutor.java:624)
        at java.lang.Thread.run(Thread.java:750)
"timer0" daemon prio=5 tid=727 timed_waiting
java.lang.Thread.State: TIMED_WAITING
        at java.lang.Object.wait(Native Method)
        at java.util.TimerThread.mainLoop(Timer.java:552)
        at java.util.TimerThread.run(Timer.java:505)
"FixedThreadPoolWithAffinityExecutor-9-0" daemon prio=5 tid=536 in Object.wait()
java.lang.Thread.State: WAITING (on object monitor)
        at sun.misc.Unsafe.park(Native Method)
        at java.util.concurrent.locks.LockSupport.park(LockSupport.java:175)
        at java.util.concurrent.locks.AbstractQueuedSynchronizer$ConditionObject.await(AbstractQueuedSynchronizer.java:2039)
        at java.util.concurrent.LinkedBlockingDeque.takeFirst(LinkedBlockingDeque.java:492)
        at java.util.concurrent.LinkedBlockingDeque.take(LinkedBlockingDeque.java:680)
        at java.util.concurrent.ThreadPoolExecutor.getTask(ThreadPoolExecutor.java:1074)
        at java.util.concurrent.ThreadPoolExecutor.runWorker(ThreadPoolExecutor.java:1134)
        at java.util.concurrent.ThreadPoolExecutor$Worker.run(ThreadPoolExecutor.java:624)
        at java.lang.Thread.run(Thread.java:750)
"qtp1757536605-334" daemon prio=5 tid=334 timed_waiting
java.lang.Thread.State: TIMED_WAITING
        at sun.misc.Unsafe.park(Native Method)
        at java.util.concurrent.locks.LockSupport.parkNanos(LockSupport.java:215)
        at java.util.concurrent.locks.AbstractQueuedSynchronizer$ConditionObject.awaitNanos(AbstractQueuedSynchronizer.java:2078)
        at org.eclipse.jetty.util.BlockingArrayQueue.poll(BlockingArrayQueue.java:382)
        at org.eclipse.jetty.util.thread.QueuedThreadPool$Runner.idleJobPoll(QueuedThreadPool.java:974)
        at org.eclipse.jetty.util.thread.QueuedThreadPool$Runner.run(QueuedThreadPool.java:1018)
        at java.lang.Thread.run(Thread.java:750)
"5d13066c-11e5-40aa-be9d-008405bad973@group-55E06B2F269B->d5dd9084-02e9-4cbc-a1b0-4846343450b9-GrpcLogAppender-LogAppenderDaemon" daemon prio=5 tid=845 timed_waiting
java.lang.Thread.State: TIMED_WAITING
        at sun.misc.Unsafe.park(Native Method)
        at java.util.concurrent.locks.LockSupport.parkNanos(LockSupport.java:215)
        at java.util.concurrent.CompletableFuture$Signaller.block(CompletableFuture.java:1709)
        at java.util.concurrent.ForkJoinPool.managedBlock(ForkJoinPool.java:3323)
        at java.util.concurrent.CompletableFuture.timedGet(CompletableFuture.java:1788)
        at java.util.concurrent.CompletableFuture.get(CompletableFuture.java:1928)
        at org.apache.ratis.util.AwaitForSignal.await(AwaitForSignal.java:56)
        at org.apache.ratis.grpc.server.GrpcLogAppender.mayWait(GrpcLogAppender.java:198)
        at org.apache.ratis.grpc.server.GrpcLogAppender.run(GrpcLogAppender.java:148)
        at org.apache.ratis.server.leader.LogAppenderDaemon.run(LogAppenderDaemon.java:78)
        at org.apache.ratis.server.leader.LogAppenderDaemon$$Lambda$1049/2105102615.run(Unknown Source)
        at java.lang.Thread.run(Thread.java:750)
"StaleRecoveringContainerScrubbingService#2" daemon prio=5 tid=904 in Object.wait()
java.lang.Thread.State: WAITING (on object monitor)
        at sun.misc.Unsafe.park(Native Method)
        at java.util.concurrent.locks.LockSupport.park(LockSupport.java:175)
        at java.util.concurrent.locks.AbstractQueuedSynchronizer$ConditionObject.await(AbstractQueuedSynchronizer.java:2039)
        at java.util.concurrent.ScheduledThreadPoolExecutor$DelayedWorkQueue.take(ScheduledThreadPoolExecutor.java:1088)
        at java.util.concurrent.ScheduledThreadPoolExecutor$DelayedWorkQueue.take(ScheduledThreadPoolExecutor.java:809)
        at java.util.concurrent.ThreadPoolExecutor.getTask(ThreadPoolExecutor.java:1074)
        at java.util.concurrent.ThreadPoolExecutor.runWorker(ThreadPoolExecutor.java:1134)
        at java.util.concurrent.ThreadPoolExecutor$Worker.run(ThreadPoolExecutor.java:624)
        at java.lang.Thread.run(Thread.java:750)
"Datanode ReportManager Thread - 3" daemon prio=5 tid=319 timed_waiting
java.lang.Thread.State: TIMED_WAITING
        at sun.misc.Unsafe.park(Native Method)
        at java.util.concurrent.locks.LockSupport.parkNanos(LockSupport.java:215)
        at java.util.concurrent.locks.AbstractQueuedSynchronizer$ConditionObject.awaitNanos(AbstractQueuedSynchronizer.java:2078)
        at java.util.concurrent.ScheduledThreadPoolExecutor$DelayedWorkQueue.take(ScheduledThreadPoolExecutor.java:1093)
        at java.util.concurrent.ScheduledThreadPoolExecutor$DelayedWorkQueue.take(ScheduledThreadPoolExecutor.java:809)
        at java.util.concurrent.ThreadPoolExecutor.getTask(ThreadPoolExecutor.java:1074)
        at java.util.concurrent.ThreadPoolExecutor.runWorker(ThreadPoolExecutor.java:1134)
        at java.util.concurrent.ThreadPoolExecutor$Worker.run(ThreadPoolExecutor.java:624)
        at java.lang.Thread.run(Thread.java:750)
"d5dd9084-02e9-4cbc-a1b0-4846343450b9@group-EB7B5BA8336E->5d13066c-11e5-40aa-be9d-008405bad973-GrpcLogAppender-LogAppenderDaemon" daemon prio=5 tid=882 timed_waiting
java.lang.Thread.State: TIMED_WAITING
        at sun.misc.Unsafe.park(Native Method)
        at java.util.concurrent.locks.LockSupport.parkNanos(LockSupport.java:215)
        at java.util.concurrent.CompletableFuture$Signaller.block(CompletableFuture.java:1709)
        at java.util.concurrent.ForkJoinPool.managedBlock(ForkJoinPool.java:3323)
        at java.util.concurrent.CompletableFuture.timedGet(CompletableFuture.java:1788)
        at java.util.concurrent.CompletableFuture.get(CompletableFuture.java:1928)
        at org.apache.ratis.util.AwaitForSignal.await(AwaitForSignal.java:56)
        at org.apache.ratis.grpc.server.GrpcLogAppender.mayWait(GrpcLogAppender.java:198)
        at org.apache.ratis.grpc.server.GrpcLogAppender.run(GrpcLogAppender.java:148)
        at org.apache.ratis.server.leader.LogAppenderDaemon.run(LogAppenderDaemon.java:78)
        at org.apache.ratis.server.leader.LogAppenderDaemon$$Lambda$1049/2105102615.run(Unknown Source)
        at java.lang.Thread.run(Thread.java:750)
"BlockDeletingService#1" daemon prio=5 tid=533 timed_waiting
java.lang.Thread.State: TIMED_WAITING
        at sun.misc.Unsafe.park(Native Method)
        at java.util.concurrent.locks.LockSupport.parkNanos(LockSupport.java:215)
        at java.util.concurrent.locks.AbstractQueuedSynchronizer$ConditionObject.awaitNanos(AbstractQueuedSynchronizer.java:2078)
        at java.util.concurrent.ScheduledThreadPoolExecutor$DelayedWorkQueue.take(ScheduledThreadPoolExecutor.java:1093)
        at java.util.concurrent.ScheduledThreadPoolExecutor$DelayedWorkQueue.take(ScheduledThreadPoolExecutor.java:809)
        at java.util.concurrent.ThreadPoolExecutor.getTask(ThreadPoolExecutor.java:1074)
        at java.util.concurrent.ThreadPoolExecutor.runWorker(ThreadPoolExecutor.java:1134)
        at java.util.concurrent.ThreadPoolExecutor$Worker.run(ThreadPoolExecutor.java:624)
        at java.lang.Thread.run(Thread.java:750)
"21cd38f2-3152-4a7b-bfd6-5bc3f4c93f15@group-728B1F2A2928-FollowerState" daemon prio=5 tid=713 timed_waiting
java.lang.Thread.State: TIMED_WAITING
        at java.lang.Thread.sleep(Native Method)
        at java.lang.Thread.sleep(Thread.java:342)
        at java.util.concurrent.TimeUnit.sleep(TimeUnit.java:386)
        at org.apache.ratis.util.TimeDuration.sleep(TimeDuration.java:325)
        at org.apache.ratis.util.TimeDuration.sleep(TimeDuration.java:310)
        at org.apache.ratis.server.impl.FollowerState.run(FollowerState.java:128)
"ChunkWriter-0-0" daemon prio=5 tid=433 in Object.wait()
java.lang.Thread.State: WAITING (on object monitor)
        at sun.misc.Unsafe.park(Native Method)
        at java.util.concurrent.locks.LockSupport.park(LockSupport.java:175)
        at java.util.concurrent.locks.AbstractQueuedSynchronizer$ConditionObject.await(AbstractQueuedSynchronizer.java:2039)
        at java.util.concurrent.LinkedBlockingDeque.takeFirst(LinkedBlockingDeque.java:492)
        at java.util.concurrent.LinkedBlockingDeque.take(LinkedBlockingDeque.java:680)
        at java.util.concurrent.ThreadPoolExecutor.getTask(ThreadPoolExecutor.java:1074)
        at java.util.concurrent.ThreadPoolExecutor.runWorker(ThreadPoolExecutor.java:1134)
        at java.util.concurrent.ThreadPoolExecutor$Worker.run(ThreadPoolExecutor.java:624)
        at java.lang.Thread.run(Thread.java:750)
"ChunkReader-ELG-0" daemon prio=5 tid=358 runnable
java.lang.Thread.State: RUNNABLE
        at org.apache.ratis.thirdparty.io.netty.channel.epoll.Native.epollWait(Native Method)
        at org.apache.ratis.thirdparty.io.netty.channel.epoll.Native.epollWait(Native.java:209)
        at org.apache.ratis.thirdparty.io.netty.channel.epoll.Native.epollWait(Native.java:202)
        at org.apache.ratis.thirdparty.io.netty.channel.epoll.EpollEventLoop.epollWaitNoTimerChange(EpollEventLoop.java:294)
        at org.apache.ratis.thirdparty.io.netty.channel.epoll.EpollEventLoop.run(EpollEventLoop.java:351)
        at org.apache.ratis.thirdparty.io.netty.util.concurrent.SingleThreadEventExecutor$4.run(SingleThreadEventExecutor.java:995)
        at org.apache.ratis.thirdparty.io.netty.util.internal.ThreadExecutorMap$2.run(ThreadExecutorMap.java:74)
        at java.lang.Thread.run(Thread.java:750)
"org.apache.hadoop.ozone.container.common.statemachine.commandhandler.DeleteBlocksCommandHandler$DeleteCmdWorker@1393dd72" daemon prio=5 tid=226 timed_waiting
java.lang.Thread.State: TIMED_WAITING
        at java.lang.Thread.sleep(Native Method)
        at org.apache.hadoop.ozone.container.common.statemachine.commandhandler.DeleteBlocksCommandHandler$DeleteCmdWorker.run(DeleteBlocksCommandHandler.java:183)
        at java.lang.Thread.run(Thread.java:750)
"IPC Server handler 9 on default port 42141" daemon prio=5 tid=153 timed_waiting
java.lang.Thread.State: TIMED_WAITING
        at sun.misc.Unsafe.park(Native Method)
        at java.util.concurrent.locks.LockSupport.parkNanos(LockSupport.java:215)
        at java.util.concurrent.locks.AbstractQueuedSynchronizer$ConditionObject.awaitNanos(AbstractQueuedSynchronizer.java:2078)
        at java.util.concurrent.LinkedBlockingQueue.poll(LinkedBlockingQueue.java:467)
        at org.apache.hadoop.ipc.CallQueueManager.take(CallQueueManager.java:317)
        at org.apache.hadoop.ipc.Server$Handler.run(Server.java:2942)
"Datanode State Machine Task Thread - 1"  prio=5 tid=508 in Object.wait()
java.lang.Thread.State: WAITING (on object monitor)
        at sun.misc.Unsafe.park(Native Method)
        at java.util.concurrent.locks.LockSupport.park(LockSupport.java:175)
        at java.util.concurrent.locks.AbstractQueuedSynchronizer$ConditionObject.await(AbstractQueuedSynchronizer.java:2039)
        at java.util.concurrent.LinkedBlockingQueue.take(LinkedBlockingQueue.java:442)
        at java.util.concurrent.ThreadPoolExecutor.getTask(ThreadPoolExecutor.java:1074)
        at java.util.concurrent.ThreadPoolExecutor.runWorker(ThreadPoolExecutor.java:1134)
        at java.util.concurrent.ThreadPoolExecutor$Worker.run(ThreadPoolExecutor.java:624)
        at java.lang.Thread.run(Thread.java:750)
"qtp1192313527-181" daemon prio=5 tid=181 timed_waiting
java.lang.Thread.State: TIMED_WAITING
        at sun.misc.Unsafe.park(Native Method)
        at java.util.concurrent.locks.LockSupport.parkNanos(LockSupport.java:215)
        at java.util.concurrent.locks.AbstractQueuedSynchronizer$ConditionObject.awaitNanos(AbstractQueuedSynchronizer.java:2078)
        at org.eclipse.jetty.util.BlockingArrayQueue.poll(BlockingArrayQueue.java:382)
        at org.eclipse.jetty.util.thread.QueuedThreadPool$Runner.idleJobPoll(QueuedThreadPool.java:974)
        at org.eclipse.jetty.util.thread.QueuedThreadPool$Runner.run(QueuedThreadPool.java:1018)
        at java.lang.Thread.run(Thread.java:750)
"qtp47095269-448-acceptor-0@5b94a944-ServerConnector@27a6a92f{HTTP/1.1, (http/1.1)}{0.0.0.0:40167}" daemon prio=3 tid=448 runnable
java.lang.Thread.State: RUNNABLE
        at sun.nio.ch.ServerSocketChannelImpl.accept0(Native Method)
        at sun.nio.ch.ServerSocketChannelImpl.accept(ServerSocketChannelImpl.java:421)
        at sun.nio.ch.ServerSocketChannelImpl.accept(ServerSocketChannelImpl.java:249)
        at org.eclipse.jetty.server.ServerConnector.accept(ServerConnector.java:388)
        at org.eclipse.jetty.server.AbstractConnector$Acceptor.run(AbstractConnector.java:704)
        at org.eclipse.jetty.util.thread.QueuedThreadPool.runJob(QueuedThreadPool.java:883)
        at org.eclipse.jetty.util.thread.QueuedThreadPool$Runner.run(QueuedThreadPool.java:1034)
        at java.lang.Thread.run(Thread.java:750)
"JvmPauseMonitor9" daemon prio=5 tid=541 timed_waiting
java.lang.Thread.State: TIMED_WAITING
        at java.lang.Thread.sleep(Native Method)
        at java.lang.Thread.sleep(Thread.java:342)
        at java.util.concurrent.TimeUnit.sleep(TimeUnit.java:386)
        at org.apache.ratis.util.TimeDuration.sleep(TimeDuration.java:325)
        at org.apache.ratis.util.TimeDuration.sleep(TimeDuration.java:310)
        at org.apache.ratis.util.JvmPauseMonitor.detectPause(JvmPauseMonitor.java:119)
        at org.apache.ratis.util.JvmPauseMonitor.run(JvmPauseMonitor.java:108)
        at org.apache.ratis.util.JvmPauseMonitor$$Lambda$706/479417099.run(Unknown Source)
        at java.lang.Thread.run(Thread.java:750)
"Datanode State Machine Task Thread - 0"  prio=5 tid=297 in Object.wait()
java.lang.Thread.State: WAITING (on object monitor)
        at sun.misc.Unsafe.park(Native Method)
        at java.util.concurrent.locks.LockSupport.park(LockSupport.java:175)
        at java.util.concurrent.locks.AbstractQueuedSynchronizer$ConditionObject.await(AbstractQueuedSynchronizer.java:2039)
        at java.util.concurrent.LinkedBlockingQueue.take(LinkedBlockingQueue.java:442)
        at java.util.concurrent.ThreadPoolExecutor.getTask(ThreadPoolExecutor.java:1074)
        at java.util.concurrent.ThreadPoolExecutor.runWorker(ThreadPoolExecutor.java:1134)
        at java.util.concurrent.ThreadPoolExecutor$Worker.run(ThreadPoolExecutor.java:624)
        at java.lang.Thread.run(Thread.java:750)
"EventQueue-DeadNodeForDeadNodeHandler" daemon prio=5 tid=853 in Object.wait()
java.lang.Thread.State: WAITING (on object monitor)
        at sun.misc.Unsafe.park(Native Method)
        at java.util.concurrent.locks.LockSupport.park(LockSupport.java:175)
        at java.util.concurrent.locks.AbstractQueuedSynchronizer$ConditionObject.await(AbstractQueuedSynchronizer.java:2039)
        at java.util.concurrent.LinkedBlockingQueue.take(LinkedBlockingQueue.java:442)
        at java.util.concurrent.ThreadPoolExecutor.getTask(ThreadPoolExecutor.java:1074)
        at java.util.concurrent.ThreadPoolExecutor.runWorker(ThreadPoolExecutor.java:1134)
        at java.util.concurrent.ThreadPoolExecutor$Worker.run(ThreadPoolExecutor.java:624)
        at java.lang.Thread.run(Thread.java:750)
"aa3e6641-ac34-45f8-85b4-6614ff527932@group-728B1F2A2928-StateMachineUpdater" daemon prio=5 tid=609 timed_waiting
java.lang.Thread.State: TIMED_WAITING
        at sun.misc.Unsafe.park(Native Method)
        at java.util.concurrent.locks.LockSupport.parkNanos(LockSupport.java:215)
        at java.util.concurrent.CompletableFuture$Signaller.block(CompletableFuture.java:1709)
        at java.util.concurrent.ForkJoinPool.managedBlock(ForkJoinPool.java:3323)
        at java.util.concurrent.CompletableFuture.timedGet(CompletableFuture.java:1788)
        at java.util.concurrent.CompletableFuture.get(CompletableFuture.java:1928)
        at org.apache.ratis.util.AwaitForSignal.await(AwaitForSignal.java:56)
        at org.apache.ratis.server.impl.StateMachineUpdater.waitForCommit(StateMachineUpdater.java:207)
        at org.apache.ratis.server.impl.StateMachineUpdater.run(StateMachineUpdater.java:176)
        at java.lang.Thread.run(Thread.java:750)
"Datanode ReportManager Thread - 3" daemon prio=5 tid=460 timed_waiting
java.lang.Thread.State: TIMED_WAITING
        at sun.misc.Unsafe.park(Native Method)
        at java.util.concurrent.locks.LockSupport.parkNanos(LockSupport.java:215)
        at java.util.concurrent.locks.AbstractQueuedSynchronizer$ConditionObject.awaitNanos(AbstractQueuedSynchronizer.java:2078)
        at java.util.concurrent.ScheduledThreadPoolExecutor$DelayedWorkQueue.take(ScheduledThreadPoolExecutor.java:1093)
        at java.util.concurrent.ScheduledThreadPoolExecutor$DelayedWorkQueue.take(ScheduledThreadPoolExecutor.java:809)
        at java.util.concurrent.ThreadPoolExecutor.getTask(ThreadPoolExecutor.java:1074)
        at java.util.concurrent.ThreadPoolExecutor.runWorker(ThreadPoolExecutor.java:1134)
        at java.util.concurrent.ThreadPoolExecutor$Worker.run(ThreadPoolExecutor.java:624)
        at java.lang.Thread.run(Thread.java:750)
"aa3e6641-ac34-45f8-85b4-6614ff527932@group-728B1F2A2928-SegmentedRaftLogWorker"  prio=5 tid=607 timed_waiting
java.lang.Thread.State: TIMED_WAITING
        at sun.misc.Unsafe.park(Native Method)
        at java.util.concurrent.locks.LockSupport.parkNanos(LockSupport.java:215)
        at java.util.concurrent.locks.AbstractQueuedSynchronizer$ConditionObject.awaitNanos(AbstractQueuedSynchronizer.java:2078)
        at org.apache.ratis.util.DataBlockingQueue.poll(DataBlockingQueue.java:148)
        at org.apache.ratis.server.raftlog.segmented.SegmentedRaftLogWorker.run(SegmentedRaftLogWorker.java:310)
        at org.apache.ratis.server.raftlog.segmented.SegmentedRaftLogWorker$$Lambda$665/1172168715.run(Unknown Source)
        at java.lang.Thread.run(Thread.java:750)
"EventQueue-DatanodeCommandForSCMNodeManager"  prio=5 tid=507 in Object.wait()
java.lang.Thread.State: WAITING (on object monitor)
        at sun.misc.Unsafe.park(Native Method)
        at java.util.concurrent.locks.LockSupport.park(LockSupport.java:175)
        at java.util.concurrent.locks.AbstractQueuedSynchronizer$ConditionObject.await(AbstractQueuedSynchronizer.java:2039)
        at java.util.concurrent.LinkedBlockingQueue.take(LinkedBlockingQueue.java:442)
        at java.util.concurrent.ThreadPoolExecutor.getTask(ThreadPoolExecutor.java:1074)
        at java.util.concurrent.ThreadPoolExecutor.runWorker(ThreadPoolExecutor.java:1134)
        at java.util.concurrent.ThreadPoolExecutor$Worker.run(ThreadPoolExecutor.java:624)
        at java.lang.Thread.run(Thread.java:750)
"qtp675831479-254" daemon prio=5 tid=254 runnable
java.lang.Thread.State: RUNNABLE
        at sun.nio.ch.EPollArrayWrapper.epollWait(Native Method)
        at sun.nio.ch.EPollArrayWrapper.poll(EPollArrayWrapper.java:269)
        at sun.nio.ch.EPollSelectorImpl.doSelect(EPollSelectorImpl.java:93)
        at sun.nio.ch.SelectorImpl.lockAndDoSelect(SelectorImpl.java:86)
        at sun.nio.ch.SelectorImpl.select(SelectorImpl.java:97)
        at sun.nio.ch.SelectorImpl.select(SelectorImpl.java:101)
        at org.eclipse.jetty.io.ManagedSelector.nioSelect(ManagedSelector.java:183)
        at org.eclipse.jetty.io.ManagedSelector.select(ManagedSelector.java:190)
        at org.eclipse.jetty.io.ManagedSelector$SelectorProducer.select(ManagedSelector.java:606)
        at org.eclipse.jetty.io.ManagedSelector$SelectorProducer.produce(ManagedSelector.java:543)
        at org.eclipse.jetty.util.thread.strategy.EatWhatYouKill.produceTask(EatWhatYouKill.java:362)
        at org.eclipse.jetty.util.thread.strategy.EatWhatYouKill.doProduce(EatWhatYouKill.java:186)
        at org.eclipse.jetty.util.thread.strategy.EatWhatYouKill.tryProduce(EatWhatYouKill.java:173)
        at org.eclipse.jetty.util.thread.strategy.EatWhatYouKill.produce(EatWhatYouKill.java:137)
        at org.eclipse.jetty.io.ManagedSelector$$Lambda$446/1148867963.run(Unknown Source)
        at org.eclipse.jetty.util.thread.QueuedThreadPool.runJob(QueuedThreadPool.java:883)
        at org.eclipse.jetty.util.thread.QueuedThreadPool$Runner.run(QueuedThreadPool.java:1034)
        at java.lang.Thread.run(Thread.java:750)
"qtp1192313527-178" daemon prio=5 tid=178 timed_waiting
java.lang.Thread.State: TIMED_WAITING
        at sun.misc.Unsafe.park(Native Method)
        at java.util.concurrent.locks.LockSupport.parkNanos(LockSupport.java:215)
        at java.util.concurrent.locks.AbstractQueuedSynchronizer$ConditionObject.awaitNanos(AbstractQueuedSynchronizer.java:2078)
        at org.eclipse.jetty.util.BlockingArrayQueue.poll(BlockingArrayQueue.java:382)
        at org.eclipse.jetty.util.thread.QueuedThreadPool$Runner.idleJobPoll(QueuedThreadPool.java:974)
        at org.eclipse.jetty.util.thread.QueuedThreadPool$Runner.run(QueuedThreadPool.java:1018)
        at java.lang.Thread.run(Thread.java:750)
"Command processor thread" daemon prio=5 tid=388 timed_waiting
java.lang.Thread.State: TIMED_WAITING
        at java.lang.Thread.sleep(Native Method)
        at org.apache.hadoop.ozone.container.common.statemachine.DatanodeStateMachine.lambda$initCommandHandlerThread$3(DatanodeStateMachine.java:641)
        at org.apache.hadoop.ozone.container.common.statemachine.DatanodeStateMachine$$Lambda$752/223020468.run(Unknown Source)
        at java.lang.Thread.run(Thread.java:750)
"IPC Server handler 1 on default port 43219" daemon prio=5 tid=78 timed_waiting
java.lang.Thread.State: TIMED_WAITING
        at sun.misc.Unsafe.park(Native Method)
        at java.util.concurrent.locks.LockSupport.parkNanos(LockSupport.java:215)
        at java.util.concurrent.locks.AbstractQueuedSynchronizer$ConditionObject.awaitNanos(AbstractQueuedSynchronizer.java:2078)
        at java.util.concurrent.LinkedBlockingQueue.poll(LinkedBlockingQueue.java:467)
        at org.apache.hadoop.ipc.CallQueueManager.take(CallQueueManager.java:317)
        at org.apache.hadoop.ipc.Server$Handler.run(Server.java:2942)
"IPC Server handler 5 on default port 37753" daemon prio=5 tid=62 timed_waiting
java.lang.Thread.State: TIMED_WAITING
        at sun.misc.Unsafe.park(Native Method)
        at java.util.concurrent.locks.LockSupport.parkNanos(LockSupport.java:215)
        at java.util.concurrent.locks.AbstractQueuedSynchronizer$ConditionObject.awaitNanos(AbstractQueuedSynchronizer.java:2078)
        at java.util.concurrent.LinkedBlockingQueue.poll(LinkedBlockingQueue.java:467)
        at org.apache.hadoop.ipc.CallQueueManager.take(CallQueueManager.java:317)
        at org.apache.hadoop.ipc.Server$Handler.run(Server.java:2942)
"DatanodeAdminManager-0" daemon prio=5 tid=21 timed_waiting
java.lang.Thread.State: TIMED_WAITING
        at sun.misc.Unsafe.park(Native Method)
        at java.util.concurrent.locks.LockSupport.parkNanos(LockSupport.java:215)
        at java.util.concurrent.locks.AbstractQueuedSynchronizer$ConditionObject.awaitNanos(AbstractQueuedSynchronizer.java:2078)
        at java.util.concurrent.ScheduledThreadPoolExecutor$DelayedWorkQueue.take(ScheduledThreadPoolExecutor.java:1093)
        at java.util.concurrent.ScheduledThreadPoolExecutor$DelayedWorkQueue.take(ScheduledThreadPoolExecutor.java:809)
        at java.util.concurrent.ThreadPoolExecutor.getTask(ThreadPoolExecutor.java:1074)
        at java.util.concurrent.ThreadPoolExecutor.runWorker(ThreadPoolExecutor.java:1134)
        at java.util.concurrent.ThreadPoolExecutor$Worker.run(ThreadPoolExecutor.java:624)
        at java.lang.Thread.run(Thread.java:750)
"ChunkWriter-3-0" daemon prio=5 tid=356 in Object.wait()
java.lang.Thread.State: WAITING (on object monitor)
        at sun.misc.Unsafe.park(Native Method)
        at java.util.concurrent.locks.LockSupport.park(LockSupport.java:175)
        at java.util.concurrent.locks.AbstractQueuedSynchronizer$ConditionObject.await(AbstractQueuedSynchronizer.java:2039)
        at java.util.concurrent.LinkedBlockingDeque.takeFirst(LinkedBlockingDeque.java:492)
        at java.util.concurrent.LinkedBlockingDeque.take(LinkedBlockingDeque.java:680)
        at java.util.concurrent.ThreadPoolExecutor.getTask(ThreadPoolExecutor.java:1074)
        at java.util.concurrent.ThreadPoolExecutor.runWorker(ThreadPoolExecutor.java:1134)
        at java.util.concurrent.ThreadPoolExecutor$Worker.run(ThreadPoolExecutor.java:624)
        at java.lang.Thread.run(Thread.java:750)
"d5dd9084-02e9-4cbc-a1b0-4846343450b9@group-EB7B5BA8336E-StateMachineUpdater" daemon prio=5 tid=656 timed_waiting
java.lang.Thread.State: TIMED_WAITING
        at sun.misc.Unsafe.park(Native Method)
        at java.util.concurrent.locks.LockSupport.parkNanos(LockSupport.java:215)
        at java.util.concurrent.CompletableFuture$Signaller.block(CompletableFuture.java:1709)
        at java.util.concurrent.ForkJoinPool.managedBlock(ForkJoinPool.java:3323)
        at java.util.concurrent.CompletableFuture.timedGet(CompletableFuture.java:1788)
        at java.util.concurrent.CompletableFuture.get(CompletableFuture.java:1928)
        at org.apache.ratis.util.AwaitForSignal.await(AwaitForSignal.java:56)
        at org.apache.ratis.server.impl.StateMachineUpdater.waitForCommit(StateMachineUpdater.java:207)
        at org.apache.ratis.server.impl.StateMachineUpdater.run(StateMachineUpdater.java:176)
        at java.lang.Thread.run(Thread.java:750)
"IPC Server handler 10 on default port 37753" daemon prio=5 tid=67 timed_waiting
java.lang.Thread.State: TIMED_WAITING
        at sun.misc.Unsafe.park(Native Method)
        at java.util.concurrent.locks.LockSupport.parkNanos(LockSupport.java:215)
        at java.util.concurrent.locks.AbstractQueuedSynchronizer$ConditionObject.awaitNanos(AbstractQueuedSynchronizer.java:2078)
        at java.util.concurrent.LinkedBlockingQueue.poll(LinkedBlockingQueue.java:467)
        at org.apache.hadoop.ipc.CallQueueManager.take(CallQueueManager.java:317)
        at org.apache.hadoop.ipc.Server$Handler.run(Server.java:2942)
"IPC Server handler 15 on default port 43219" daemon prio=5 tid=92 timed_waiting
java.lang.Thread.State: TIMED_WAITING
        at sun.misc.Unsafe.park(Native Method)
        at java.util.concurrent.locks.LockSupport.parkNanos(LockSupport.java:215)
        at java.util.concurrent.locks.AbstractQueuedSynchronizer$ConditionObject.awaitNanos(AbstractQueuedSynchronizer.java:2078)
        at java.util.concurrent.LinkedBlockingQueue.poll(LinkedBlockingQueue.java:467)
        at org.apache.hadoop.ipc.CallQueueManager.take(CallQueueManager.java:317)
        at org.apache.hadoop.ipc.Server$Handler.run(Server.java:2942)
"d5dd9084-02e9-4cbc-a1b0-4846343450b9@group-55E06B2F269B-SegmentedRaftLogWorker"  prio=5 tid=641 timed_waiting
java.lang.Thread.State: TIMED_WAITING
        at sun.misc.Unsafe.park(Native Method)
        at java.util.concurrent.locks.LockSupport.parkNanos(LockSupport.java:215)
        at java.util.concurrent.locks.AbstractQueuedSynchronizer$ConditionObject.awaitNanos(AbstractQueuedSynchronizer.java:2078)
        at org.apache.ratis.util.DataBlockingQueue.poll(DataBlockingQueue.java:148)
        at org.apache.ratis.server.raftlog.segmented.SegmentedRaftLogWorker.run(SegmentedRaftLogWorker.java:310)
        at org.apache.ratis.server.raftlog.segmented.SegmentedRaftLogWorker$$Lambda$665/1172168715.run(Unknown Source)
        at java.lang.Thread.run(Thread.java:750)
"aa3e6641-ac34-45f8-85b4-6614ff527932@group-EF2AFB36FD63-SegmentedRaftLogWorker"  prio=5 tid=620 timed_waiting
java.lang.Thread.State: TIMED_WAITING
        at sun.misc.Unsafe.park(Native Method)
        at java.util.concurrent.locks.LockSupport.parkNanos(LockSupport.java:215)
        at java.util.concurrent.locks.AbstractQueuedSynchronizer$ConditionObject.awaitNanos(AbstractQueuedSynchronizer.java:2078)
        at org.apache.ratis.util.DataBlockingQueue.poll(DataBlockingQueue.java:148)
        at org.apache.ratis.server.raftlog.segmented.SegmentedRaftLogWorker.run(SegmentedRaftLogWorker.java:310)
        at org.apache.ratis.server.raftlog.segmented.SegmentedRaftLogWorker$$Lambda$665/1172168715.run(Unknown Source)
        at java.lang.Thread.run(Thread.java:750)
"Timer-0"  prio=5 tid=130 timed_waiting
java.lang.Thread.State: TIMED_WAITING
        at java.lang.Object.wait(Native Method)
        at java.util.TimerThread.mainLoop(Timer.java:552)
        at java.util.TimerThread.run(Timer.java:505)
"7b6afef0-558a-4ad8-bcfc-b2255c7aee53-server-thread1" daemon prio=5 tid=850 timed_waiting
java.lang.Thread.State: TIMED_WAITING
        at sun.misc.Unsafe.park(Native Method)
        at java.util.concurrent.locks.LockSupport.parkNanos(LockSupport.java:215)
        at java.util.concurrent.SynchronousQueue$TransferStack.awaitFulfill(SynchronousQueue.java:460)
        at java.util.concurrent.SynchronousQueue$TransferStack.transfer(SynchronousQueue.java:362)
        at java.util.concurrent.SynchronousQueue.poll(SynchronousQueue.java:941)
        at java.util.concurrent.ThreadPoolExecutor.getTask(ThreadPoolExecutor.java:1073)
        at java.util.concurrent.ThreadPoolExecutor.runWorker(ThreadPoolExecutor.java:1134)
        at java.util.concurrent.ThreadPoolExecutor$Worker.run(ThreadPoolExecutor.java:624)
        at java.lang.Thread.run(Thread.java:750)
"IPC Server handler 6 on default port 37753" daemon prio=5 tid=63 timed_waiting
java.lang.Thread.State: TIMED_WAITING
        at sun.misc.Unsafe.park(Native Method)
        at java.util.concurrent.locks.LockSupport.parkNanos(LockSupport.java:215)
        at java.util.concurrent.locks.AbstractQueuedSynchronizer$ConditionObject.awaitNanos(AbstractQueuedSynchronizer.java:2078)
        at java.util.concurrent.LinkedBlockingQueue.poll(LinkedBlockingQueue.java:467)
        at org.apache.hadoop.ipc.CallQueueManager.take(CallQueueManager.java:317)
        at org.apache.hadoop.ipc.Server$Handler.run(Server.java:2942)
"21cd38f2-3152-4a7b-bfd6-5bc3f4c93f15@group-EF2AFB36FD63-SegmentedRaftLogWorker"  prio=5 tid=627 timed_waiting
java.lang.Thread.State: TIMED_WAITING
        at sun.misc.Unsafe.park(Native Method)
        at java.util.concurrent.locks.LockSupport.parkNanos(LockSupport.java:215)
        at java.util.concurrent.locks.AbstractQueuedSynchronizer$ConditionObject.awaitNanos(AbstractQueuedSynchronizer.java:2078)
        at org.apache.ratis.util.DataBlockingQueue.poll(DataBlockingQueue.java:148)
        at org.apache.ratis.server.raftlog.segmented.SegmentedRaftLogWorker.run(SegmentedRaftLogWorker.java:310)
        at org.apache.ratis.server.raftlog.segmented.SegmentedRaftLogWorker$$Lambda$665/1172168715.run(Unknown Source)
        at java.lang.Thread.run(Thread.java:750)
"IPC Server handler 17 on default port 42141" daemon prio=5 tid=161 timed_waiting
java.lang.Thread.State: TIMED_WAITING
        at sun.misc.Unsafe.park(Native Method)
        at java.util.concurrent.locks.LockSupport.parkNanos(LockSupport.java:215)
        at java.util.concurrent.locks.AbstractQueuedSynchronizer$ConditionObject.awaitNanos(AbstractQueuedSynchronizer.java:2078)
        at java.util.concurrent.LinkedBlockingQueue.poll(LinkedBlockingQueue.java:467)
        at org.apache.hadoop.ipc.CallQueueManager.take(CallQueueManager.java:317)
        at org.apache.hadoop.ipc.Server$Handler.run(Server.java:2942)
"BlockDeletingService#2" daemon prio=5 tid=901 in Object.wait()
java.lang.Thread.State: WAITING (on object monitor)
        at sun.misc.Unsafe.park(Native Method)
        at java.util.concurrent.locks.LockSupport.park(LockSupport.java:175)
        at java.util.concurrent.locks.AbstractQueuedSynchronizer$ConditionObject.await(AbstractQueuedSynchronizer.java:2039)
        at java.util.concurrent.ScheduledThreadPoolExecutor$DelayedWorkQueue.take(ScheduledThreadPoolExecutor.java:1088)
        at java.util.concurrent.ScheduledThreadPoolExecutor$DelayedWorkQueue.take(ScheduledThreadPoolExecutor.java:809)
        at java.util.concurrent.ThreadPoolExecutor.getTask(ThreadPoolExecutor.java:1074)
        at java.util.concurrent.ThreadPoolExecutor.runWorker(ThreadPoolExecutor.java:1134)
        at java.util.concurrent.ThreadPoolExecutor$Worker.run(ThreadPoolExecutor.java:624)
        at java.lang.Thread.run(Thread.java:750)
"qtp590000838-410-acceptor-0@4ad344c3-ServerConnector@5592d263{HTTP/1.1, (http/1.1)}{0.0.0.0:36429}" daemon prio=3 tid=410 runnable
java.lang.Thread.State: RUNNABLE
        at sun.nio.ch.ServerSocketChannelImpl.accept0(Native Method)
        at sun.nio.ch.ServerSocketChannelImpl.accept(ServerSocketChannelImpl.java:421)
        at sun.nio.ch.ServerSocketChannelImpl.accept(ServerSocketChannelImpl.java:249)
        at org.eclipse.jetty.server.ServerConnector.accept(ServerConnector.java:388)
        at org.eclipse.jetty.server.AbstractConnector$Acceptor.run(AbstractConnector.java:704)
        at org.eclipse.jetty.util.thread.QueuedThreadPool.runJob(QueuedThreadPool.java:883)
        at org.eclipse.jetty.util.thread.QueuedThreadPool$Runner.run(QueuedThreadPool.java:1034)
        at java.lang.Thread.run(Thread.java:750)
"ChunkReader-2" daemon prio=5 tid=787 in Object.wait()
java.lang.Thread.State: WAITING (on object monitor)
        at sun.misc.Unsafe.park(Native Method)
        at java.util.concurrent.locks.LockSupport.park(LockSupport.java:175)
        at java.util.concurrent.locks.AbstractQueuedSynchronizer$ConditionObject.await(AbstractQueuedSynchronizer.java:2039)
        at java.util.concurrent.LinkedBlockingQueue.take(LinkedBlockingQueue.java:442)
        at java.util.concurrent.ThreadPoolExecutor.getTask(ThreadPoolExecutor.java:1074)
        at java.util.concurrent.ThreadPoolExecutor.runWorker(ThreadPoolExecutor.java:1134)
        at java.util.concurrent.ThreadPoolExecutor$Worker.run(ThreadPoolExecutor.java:624)
        at java.lang.Thread.run(Thread.java:750)
"Datanode ReportManager Thread - 2" daemon prio=5 tid=266 in Object.wait()
java.lang.Thread.State: WAITING (on object monitor)
        at sun.misc.Unsafe.park(Native Method)
        at java.util.concurrent.locks.LockSupport.park(LockSupport.java:175)
        at java.util.concurrent.locks.AbstractQueuedSynchronizer$ConditionObject.await(AbstractQueuedSynchronizer.java:2039)
        at java.util.concurrent.ScheduledThreadPoolExecutor$DelayedWorkQueue.take(ScheduledThreadPoolExecutor.java:1088)
        at java.util.concurrent.ScheduledThreadPoolExecutor$DelayedWorkQueue.take(ScheduledThreadPoolExecutor.java:809)
        at java.util.concurrent.ThreadPoolExecutor.getTask(ThreadPoolExecutor.java:1074)
        at java.util.concurrent.ThreadPoolExecutor.runWorker(ThreadPoolExecutor.java:1134)
        at java.util.concurrent.ThreadPoolExecutor$Worker.run(ThreadPoolExecutor.java:624)
        at java.lang.Thread.run(Thread.java:750)
"Session-HouseKeeper-498ae73c-1"  prio=5 tid=143 timed_waiting
java.lang.Thread.State: TIMED_WAITING
        at sun.misc.Unsafe.park(Native Method)
        at java.util.concurrent.locks.LockSupport.parkNanos(LockSupport.java:215)
        at java.util.concurrent.locks.AbstractQueuedSynchronizer$ConditionObject.awaitNanos(AbstractQueuedSynchronizer.java:2078)
        at java.util.concurrent.ScheduledThreadPoolExecutor$DelayedWorkQueue.take(ScheduledThreadPoolExecutor.java:1093)
        at java.util.concurrent.ScheduledThreadPoolExecutor$DelayedWorkQueue.take(ScheduledThreadPoolExecutor.java:809)
        at java.util.concurrent.ThreadPoolExecutor.getTask(ThreadPoolExecutor.java:1074)
        at java.util.concurrent.ThreadPoolExecutor.runWorker(ThreadPoolExecutor.java:1134)
        at java.util.concurrent.ThreadPoolExecutor$Worker.run(ThreadPoolExecutor.java:624)
        at java.lang.Thread.run(Thread.java:750)
"IPC Server handler 8 on default port 37753" daemon prio=5 tid=65 timed_waiting
java.lang.Thread.State: TIMED_WAITING
        at sun.misc.Unsafe.park(Native Method)
        at java.util.concurrent.locks.LockSupport.parkNanos(LockSupport.java:215)
        at java.util.concurrent.locks.AbstractQueuedSynchronizer$ConditionObject.awaitNanos(AbstractQueuedSynchronizer.java:2078)
        at java.util.concurrent.LinkedBlockingQueue.poll(LinkedBlockingQueue.java:467)
        at org.apache.hadoop.ipc.CallQueueManager.take(CallQueueManager.java:317)
        at org.apache.hadoop.ipc.Server$Handler.run(Server.java:2942)
"IPC Server handler 3 on default port 42141" daemon prio=5 tid=147 timed_waiting
java.lang.Thread.State: TIMED_WAITING
        at sun.misc.Unsafe.park(Native Method)
        at java.util.concurrent.locks.LockSupport.parkNanos(LockSupport.java:215)
        at java.util.concurrent.locks.AbstractQueuedSynchronizer$ConditionObject.awaitNanos(AbstractQueuedSynchronizer.java:2078)
        at java.util.concurrent.LinkedBlockingQueue.poll(LinkedBlockingQueue.java:467)
        at org.apache.hadoop.ipc.CallQueueManager.take(CallQueueManager.java:317)
        at org.apache.hadoop.ipc.Server$Handler.run(Server.java:2942)
"ChunkReader-0" daemon prio=5 tid=755 in Object.wait()
java.lang.Thread.State: WAITING (on object monitor)
        at sun.misc.Unsafe.park(Native Method)
        at java.util.concurrent.locks.LockSupport.park(LockSupport.java:175)
        at java.util.concurrent.locks.AbstractQueuedSynchronizer$ConditionObject.await(AbstractQueuedSynchronizer.java:2039)
        at java.util.concurrent.LinkedBlockingQueue.take(LinkedBlockingQueue.java:442)
        at java.util.concurrent.ThreadPoolExecutor.getTask(ThreadPoolExecutor.java:1074)
        at java.util.concurrent.ThreadPoolExecutor.runWorker(ThreadPoolExecutor.java:1134)
        at java.util.concurrent.ThreadPoolExecutor$Worker.run(ThreadPoolExecutor.java:624)
        at java.lang.Thread.run(Thread.java:750)
"EventQueue-NodeRegistrationContainerReportForDataNodeSafeModeRule" daemon prio=5 tid=503 in Object.wait()
java.lang.Thread.State: WAITING (on object monitor)
        at sun.misc.Unsafe.park(Native Method)
        at java.util.concurrent.locks.LockSupport.park(LockSupport.java:175)
        at java.util.concurrent.locks.AbstractQueuedSynchronizer$ConditionObject.await(AbstractQueuedSynchronizer.java:2039)
        at java.util.concurrent.LinkedBlockingQueue.take(LinkedBlockingQueue.java:442)
        at java.util.concurrent.ThreadPoolExecutor.getTask(ThreadPoolExecutor.java:1074)
        at java.util.concurrent.ThreadPoolExecutor.runWorker(ThreadPoolExecutor.java:1134)
        at java.util.concurrent.ThreadPoolExecutor$Worker.run(ThreadPoolExecutor.java:624)
        at java.lang.Thread.run(Thread.java:750)
"EndpointStateMachine task thread for /0.0.0.0:43219 - 0 "  prio=5 tid=535 in Object.wait()
java.lang.Thread.State: WAITING (on object monitor)
        at sun.misc.Unsafe.park(Native Method)
        at java.util.concurrent.locks.LockSupport.park(LockSupport.java:175)
        at java.util.concurrent.locks.AbstractQueuedSynchronizer$ConditionObject.await(AbstractQueuedSynchronizer.java:2039)
        at java.util.concurrent.LinkedBlockingQueue.take(LinkedBlockingQueue.java:442)
        at java.util.concurrent.ThreadPoolExecutor.getTask(ThreadPoolExecutor.java:1074)
        at java.util.concurrent.ThreadPoolExecutor.runWorker(ThreadPoolExecutor.java:1134)
        at java.util.concurrent.ThreadPoolExecutor$Worker.run(ThreadPoolExecutor.java:624)
        at java.lang.Thread.run(Thread.java:750)
"Datanode ReportManager Thread - 4" daemon prio=5 tid=242 timed_waiting
java.lang.Thread.State: TIMED_WAITING
        at sun.misc.Unsafe.park(Native Method)
        at java.util.concurrent.locks.LockSupport.parkNanos(LockSupport.java:215)
        at java.util.concurrent.locks.AbstractQueuedSynchronizer$ConditionObject.awaitNanos(AbstractQueuedSynchronizer.java:2078)
        at java.util.concurrent.ScheduledThreadPoolExecutor$DelayedWorkQueue.take(ScheduledThreadPoolExecutor.java:1093)
        at java.util.concurrent.ScheduledThreadPoolExecutor$DelayedWorkQueue.take(ScheduledThreadPoolExecutor.java:809)
        at java.util.concurrent.ThreadPoolExecutor.getTask(ThreadPoolExecutor.java:1074)
        at java.util.concurrent.ThreadPoolExecutor.runWorker(ThreadPoolExecutor.java:1134)
        at java.util.concurrent.ThreadPoolExecutor$Worker.run(ThreadPoolExecutor.java:624)
        at java.lang.Thread.run(Thread.java:750)
"IPC Server handler 9 on default port 34213" daemon prio=5 tid=46 timed_waiting
java.lang.Thread.State: TIMED_WAITING
        at sun.misc.Unsafe.park(Native Method)
        at java.util.concurrent.locks.LockSupport.parkNanos(LockSupport.java:215)
        at java.util.concurrent.locks.AbstractQueuedSynchronizer$ConditionObject.awaitNanos(AbstractQueuedSynchronizer.java:2078)
        at java.util.concurrent.LinkedBlockingQueue.poll(LinkedBlockingQueue.java:467)
        at org.apache.hadoop.ipc.CallQueueManager.take(CallQueueManager.java:317)
        at org.apache.hadoop.ipc.Server$Handler.run(Server.java:2942)
"IPC Server handler 13 on default port 42141" daemon prio=5 tid=157 timed_waiting
java.lang.Thread.State: TIMED_WAITING
        at sun.misc.Unsafe.park(Native Method)
        at java.util.concurrent.locks.LockSupport.parkNanos(LockSupport.java:215)
        at java.util.concurrent.locks.AbstractQueuedSynchronizer$ConditionObject.awaitNanos(AbstractQueuedSynchronizer.java:2078)
        at java.util.concurrent.LinkedBlockingQueue.poll(LinkedBlockingQueue.java:467)
        at org.apache.hadoop.ipc.CallQueueManager.take(CallQueueManager.java:317)
        at org.apache.hadoop.ipc.Server$Handler.run(Server.java:2942)
"BlockDeletingService#2" daemon prio=5 tid=893 in Object.wait()
java.lang.Thread.State: WAITING (on object monitor)
        at sun.misc.Unsafe.park(Native Method)
        at java.util.concurrent.locks.LockSupport.park(LockSupport.java:175)
        at java.util.concurrent.locks.AbstractQueuedSynchronizer$ConditionObject.await(AbstractQueuedSynchronizer.java:2039)
        at java.util.concurrent.ScheduledThreadPoolExecutor$DelayedWorkQueue.take(ScheduledThreadPoolExecutor.java:1088)
        at java.util.concurrent.ScheduledThreadPoolExecutor$DelayedWorkQueue.take(ScheduledThreadPoolExecutor.java:809)
        at java.util.concurrent.ThreadPoolExecutor.getTask(ThreadPoolExecutor.java:1074)
        at java.util.concurrent.ThreadPoolExecutor.runWorker(ThreadPoolExecutor.java:1134)
        at java.util.concurrent.ThreadPoolExecutor$Worker.run(ThreadPoolExecutor.java:624)
        at java.lang.Thread.run(Thread.java:750)
"org.apache.hadoop.util.JvmPauseMonitor$Monitor@364f7085" daemon prio=5 tid=244 timed_waiting
java.lang.Thread.State: TIMED_WAITING
        at java.lang.Thread.sleep(Native Method)
        at org.apache.hadoop.util.JvmPauseMonitor$Monitor.run(JvmPauseMonitor.java:192)
        at java.lang.Thread.run(Thread.java:750)
"qtp1111535829-287" daemon prio=5 tid=287 timed_waiting
java.lang.Thread.State: TIMED_WAITING
        at sun.misc.Unsafe.park(Native Method)
        at java.util.concurrent.locks.LockSupport.parkNanos(LockSupport.java:215)
        at java.util.concurrent.locks.AbstractQueuedSynchronizer$ConditionObject.awaitNanos(AbstractQueuedSynchronizer.java:2078)
        at org.eclipse.jetty.util.BlockingArrayQueue.poll(BlockingArrayQueue.java:382)
        at org.eclipse.jetty.util.thread.QueuedThreadPool$Runner.idleJobPoll(QueuedThreadPool.java:974)
        at org.eclipse.jetty.util.thread.QueuedThreadPool$Runner.run(QueuedThreadPool.java:1018)
        at java.lang.Thread.run(Thread.java:750)
"5d13066c-11e5-40aa-be9d-008405bad973@group-483BE42729DF-SegmentedRaftLogWorker"  prio=5 tid=665 timed_waiting
java.lang.Thread.State: TIMED_WAITING
        at sun.misc.Unsafe.park(Native Method)
        at java.util.concurrent.locks.LockSupport.parkNanos(LockSupport.java:215)
        at java.util.concurrent.locks.AbstractQueuedSynchronizer$ConditionObject.awaitNanos(AbstractQueuedSynchronizer.java:2078)
        at org.apache.ratis.util.DataBlockingQueue.poll(DataBlockingQueue.java:148)
        at org.apache.ratis.server.raftlog.segmented.SegmentedRaftLogWorker.run(SegmentedRaftLogWorker.java:310)
        at org.apache.ratis.server.raftlog.segmented.SegmentedRaftLogWorker$$Lambda$665/1172168715.run(Unknown Source)
        at java.lang.Thread.run(Thread.java:750)
"CommandWatcher-LeaseManager#LeaseMonitor" daemon prio=5 tid=36 timed_waiting
java.lang.Thread.State: TIMED_WAITING
        at java.lang.Object.wait(Native Method)
        at org.apache.hadoop.ozone.lease.LeaseManager$LeaseMonitor.run(LeaseManager.java:238)
        at java.lang.Thread.run(Thread.java:750)
"qtp1111535829-283" daemon prio=5 tid=283 timed_waiting
java.lang.Thread.State: TIMED_WAITING
        at sun.misc.Unsafe.park(Native Method)
        at java.util.concurrent.locks.LockSupport.parkNanos(LockSupport.java:215)
        at java.util.concurrent.locks.AbstractQueuedSynchronizer$ConditionObject.awaitNanos(AbstractQueuedSynchronizer.java:2078)
        at org.eclipse.jetty.util.BlockingArrayQueue.poll(BlockingArrayQueue.java:382)
        at org.eclipse.jetty.util.thread.QueuedThreadPool$Runner.idleJobPoll(QueuedThreadPool.java:974)
        at org.eclipse.jetty.util.thread.QueuedThreadPool$Runner.run(QueuedThreadPool.java:1018)
        at java.lang.Thread.run(Thread.java:750)
"IPC Server handler 10 on default port 42141" daemon prio=5 tid=154 timed_waiting
java.lang.Thread.State: TIMED_WAITING
        at sun.misc.Unsafe.park(Native Method)
        at java.util.concurrent.locks.LockSupport.parkNanos(LockSupport.java:215)
        at java.util.concurrent.locks.AbstractQueuedSynchronizer$ConditionObject.awaitNanos(AbstractQueuedSynchronizer.java:2078)
        at java.util.concurrent.LinkedBlockingQueue.poll(LinkedBlockingQueue.java:467)
        at org.apache.hadoop.ipc.CallQueueManager.take(CallQueueManager.java:317)
        at org.apache.hadoop.ipc.Server$Handler.run(Server.java:2942)
"ReplicationMonitor" daemon prio=5 tid=854 timed_waiting
java.lang.Thread.State: TIMED_WAITING
        at java.lang.Object.wait(Native Method)
        at org.apache.hadoop.hdds.scm.container.replication.ReplicationManager.run(ReplicationManager.java:553)
        at org.apache.hadoop.hdds.scm.container.replication.ReplicationManager$$Lambda$382/492135521.run(Unknown Source)
        at java.lang.Thread.run(Thread.java:750)
"9d921ae2-dac8-442e-8311-fdc102c02170-server-thread3" daemon prio=5 tid=729 timed_waiting
java.lang.Thread.State: TIMED_WAITING
        at sun.misc.Unsafe.park(Native Method)
        at java.util.concurrent.locks.LockSupport.parkNanos(LockSupport.java:215)
        at java.util.concurrent.SynchronousQueue$TransferStack.awaitFulfill(SynchronousQueue.java:460)
        at java.util.concurrent.SynchronousQueue$TransferStack.transfer(SynchronousQueue.java:362)
        at java.util.concurrent.SynchronousQueue.poll(SynchronousQueue.java:941)
        at java.util.concurrent.ThreadPoolExecutor.getTask(ThreadPoolExecutor.java:1073)
        at java.util.concurrent.ThreadPoolExecutor.runWorker(ThreadPoolExecutor.java:1134)
        at java.util.concurrent.ThreadPoolExecutor$Worker.run(ThreadPoolExecutor.java:624)
        at java.lang.Thread.run(Thread.java:750)
"ChunkWriter-0-0" daemon prio=5 tid=353 in Object.wait()
java.lang.Thread.State: WAITING (on object monitor)
        at sun.misc.Unsafe.park(Native Method)
        at java.util.concurrent.locks.LockSupport.park(LockSupport.java:175)
        at java.util.concurrent.locks.AbstractQueuedSynchronizer$ConditionObject.await(AbstractQueuedSynchronizer.java:2039)
        at java.util.concurrent.LinkedBlockingDeque.takeFirst(LinkedBlockingDeque.java:492)
        at java.util.concurrent.LinkedBlockingDeque.take(LinkedBlockingDeque.java:680)
        at java.util.concurrent.ThreadPoolExecutor.getTask(ThreadPoolExecutor.java:1074)
        at java.util.concurrent.ThreadPoolExecutor.runWorker(ThreadPoolExecutor.java:1134)
        at java.util.concurrent.ThreadPoolExecutor$Worker.run(ThreadPoolExecutor.java:624)
        at java.lang.Thread.run(Thread.java:750)
"IPC Server handler 10 on default port 43219" daemon prio=5 tid=87 timed_waiting
java.lang.Thread.State: TIMED_WAITING
        at sun.misc.Unsafe.park(Native Method)
        at java.util.concurrent.locks.LockSupport.parkNanos(LockSupport.java:215)
        at java.util.concurrent.locks.AbstractQueuedSynchronizer$ConditionObject.awaitNanos(AbstractQueuedSynchronizer.java:2078)
        at java.util.concurrent.LinkedBlockingQueue.poll(LinkedBlockingQueue.java:467)
        at org.apache.hadoop.ipc.CallQueueManager.take(CallQueueManager.java:317)
        at org.apache.hadoop.ipc.Server$Handler.run(Server.java:2942)
"om1-client-thread1" daemon prio=5 tid=745 timed_waiting
java.lang.Thread.State: TIMED_WAITING
        at sun.misc.Unsafe.park(Native Method)
        at java.util.concurrent.locks.LockSupport.parkNanos(LockSupport.java:215)
        at java.util.concurrent.SynchronousQueue$TransferStack.awaitFulfill(SynchronousQueue.java:460)
        at java.util.concurrent.SynchronousQueue$TransferStack.transfer(SynchronousQueue.java:362)
        at java.util.concurrent.SynchronousQueue.poll(SynchronousQueue.java:941)
        at java.util.concurrent.ThreadPoolExecutor.getTask(ThreadPoolExecutor.java:1073)
        at java.util.concurrent.ThreadPoolExecutor.runWorker(ThreadPoolExecutor.java:1134)
        at java.util.concurrent.ThreadPoolExecutor$Worker.run(ThreadPoolExecutor.java:624)
        at java.lang.Thread.run(Thread.java:750)
"BlockDeletingService#1" daemon prio=5 tid=518 timed_waiting
java.lang.Thread.State: TIMED_WAITING
        at sun.misc.Unsafe.park(Native Method)
        at java.util.concurrent.locks.LockSupport.parkNanos(LockSupport.java:215)
        at java.util.concurrent.locks.AbstractQueuedSynchronizer$ConditionObject.awaitNanos(AbstractQueuedSynchronizer.java:2078)
        at java.util.concurrent.ScheduledThreadPoolExecutor$DelayedWorkQueue.take(ScheduledThreadPoolExecutor.java:1093)
        at java.util.concurrent.ScheduledThreadPoolExecutor$DelayedWorkQueue.take(ScheduledThreadPoolExecutor.java:809)
        at java.util.concurrent.ThreadPoolExecutor.getTask(ThreadPoolExecutor.java:1074)
        at java.util.concurrent.ThreadPoolExecutor.runWorker(ThreadPoolExecutor.java:1134)
        at java.util.concurrent.ThreadPoolExecutor$Worker.run(ThreadPoolExecutor.java:624)
        at java.lang.Thread.run(Thread.java:750)
"9d921ae2-dac8-442e-8311-fdc102c02170@group-EF2AFB36FD63-LeaderStateImpl" daemon prio=5 tid=820 timed_waiting
java.lang.Thread.State: TIMED_WAITING
        at sun.misc.Unsafe.park(Native Method)
        at java.util.concurrent.locks.LockSupport.parkNanos(LockSupport.java:215)
        at java.util.concurrent.locks.AbstractQueuedSynchronizer$ConditionObject.awaitNanos(AbstractQueuedSynchronizer.java:2078)
        at java.util.concurrent.ArrayBlockingQueue.poll(ArrayBlockingQueue.java:418)
        at org.apache.ratis.server.impl.LeaderStateImpl$EventQueue.poll(LeaderStateImpl.java:159)
        at org.apache.ratis.server.impl.LeaderStateImpl$EventProcessor.run(LeaderStateImpl.java:630)
"org.apache.hadoop.util.JvmPauseMonitor$Monitor@2951b19f" daemon prio=5 tid=270 timed_waiting
java.lang.Thread.State: TIMED_WAITING
        at java.lang.Thread.sleep(Native Method)
        at org.apache.hadoop.util.JvmPauseMonitor$Monitor.run(JvmPauseMonitor.java:192)
        at java.lang.Thread.run(Thread.java:750)
"qtp1192313527-180" daemon prio=5 tid=180 timed_waiting
java.lang.Thread.State: TIMED_WAITING
        at sun.misc.Unsafe.park(Native Method)
        at java.util.concurrent.locks.LockSupport.parkNanos(LockSupport.java:215)
        at java.util.concurrent.locks.AbstractQueuedSynchronizer$ConditionObject.awaitNanos(AbstractQueuedSynchronizer.java:2078)
        at org.eclipse.jetty.util.BlockingArrayQueue.poll(BlockingArrayQueue.java:382)
        at org.eclipse.jetty.util.thread.QueuedThreadPool$Runner.idleJobPoll(QueuedThreadPool.java:974)
        at org.eclipse.jetty.util.thread.QueuedThreadPool$Runner.run(QueuedThreadPool.java:1018)
        at java.lang.Thread.run(Thread.java:750)
"qtp1111535829-280" daemon prio=5 tid=280 runnable
java.lang.Thread.State: RUNNABLE
        at sun.nio.ch.EPollArrayWrapper.epollWait(Native Method)
        at sun.nio.ch.EPollArrayWrapper.poll(EPollArrayWrapper.java:269)
        at sun.nio.ch.EPollSelectorImpl.doSelect(EPollSelectorImpl.java:93)
        at sun.nio.ch.SelectorImpl.lockAndDoSelect(SelectorImpl.java:86)
        at sun.nio.ch.SelectorImpl.select(SelectorImpl.java:97)
        at sun.nio.ch.SelectorImpl.select(SelectorImpl.java:101)
        at org.eclipse.jetty.io.ManagedSelector.nioSelect(ManagedSelector.java:183)
        at org.eclipse.jetty.io.ManagedSelector.select(ManagedSelector.java:190)
        at org.eclipse.jetty.io.ManagedSelector$SelectorProducer.select(ManagedSelector.java:606)
        at org.eclipse.jetty.io.ManagedSelector$SelectorProducer.produce(ManagedSelector.java:543)
        at org.eclipse.jetty.util.thread.strategy.EatWhatYouKill.produceTask(EatWhatYouKill.java:362)
        at org.eclipse.jetty.util.thread.strategy.EatWhatYouKill.doProduce(EatWhatYouKill.java:186)
        at org.eclipse.jetty.util.thread.strategy.EatWhatYouKill.tryProduce(EatWhatYouKill.java:173)
        at org.eclipse.jetty.util.thread.strategy.EatWhatYouKill.produce(EatWhatYouKill.java:137)
        at org.eclipse.jetty.io.ManagedSelector$$Lambda$446/1148867963.run(Unknown Source)
        at org.eclipse.jetty.util.thread.QueuedThreadPool.runJob(QueuedThreadPool.java:883)
        at org.eclipse.jetty.util.thread.QueuedThreadPool$Runner.run(QueuedThreadPool.java:1034)
        at java.lang.Thread.run(Thread.java:750)
"ChunkReader-2" daemon prio=5 tid=788 in Object.wait()
java.lang.Thread.State: WAITING (on object monitor)
        at sun.misc.Unsafe.park(Native Method)
        at java.util.concurrent.locks.LockSupport.park(LockSupport.java:175)
        at java.util.concurrent.locks.AbstractQueuedSynchronizer$ConditionObject.await(AbstractQueuedSynchronizer.java:2039)
        at java.util.concurrent.LinkedBlockingQueue.take(LinkedBlockingQueue.java:442)
        at java.util.concurrent.ThreadPoolExecutor.getTask(ThreadPoolExecutor.java:1074)
        at java.util.concurrent.ThreadPoolExecutor.runWorker(ThreadPoolExecutor.java:1134)
        at java.util.concurrent.ThreadPoolExecutor$Worker.run(ThreadPoolExecutor.java:624)
        at java.lang.Thread.run(Thread.java:750)
"21cd38f2-3152-4a7b-bfd6-5bc3f4c93f15-server-thread3" daemon prio=5 tid=732 timed_waiting
java.lang.Thread.State: TIMED_WAITING
        at sun.misc.Unsafe.park(Native Method)
        at java.util.concurrent.locks.LockSupport.parkNanos(LockSupport.java:215)
        at java.util.concurrent.SynchronousQueue$TransferStack.awaitFulfill(SynchronousQueue.java:460)
        at java.util.concurrent.SynchronousQueue$TransferStack.transfer(SynchronousQueue.java:362)
        at java.util.concurrent.SynchronousQueue.poll(SynchronousQueue.java:941)
        at java.util.concurrent.ThreadPoolExecutor.getTask(ThreadPoolExecutor.java:1073)
        at java.util.concurrent.ThreadPoolExecutor.runWorker(ThreadPoolExecutor.java:1134)
        at java.util.concurrent.ThreadPoolExecutor$Worker.run(ThreadPoolExecutor.java:624)
        at java.lang.Thread.run(Thread.java:750)
"qtp1502551983-100" daemon prio=5 tid=100 runnable
java.lang.Thread.State: RUNNABLE
        at sun.nio.ch.EPollArrayWrapper.epollWait(Native Method)
        at sun.nio.ch.EPollArrayWrapper.poll(EPollArrayWrapper.java:269)
        at sun.nio.ch.EPollSelectorImpl.doSelect(EPollSelectorImpl.java:93)
        at sun.nio.ch.SelectorImpl.lockAndDoSelect(SelectorImpl.java:86)
        at sun.nio.ch.SelectorImpl.select(SelectorImpl.java:97)
        at sun.nio.ch.SelectorImpl.select(SelectorImpl.java:101)
        at org.eclipse.jetty.io.ManagedSelector.nioSelect(ManagedSelector.java:183)
        at org.eclipse.jetty.io.ManagedSelector.select(ManagedSelector.java:190)
        at org.eclipse.jetty.io.ManagedSelector$SelectorProducer.select(ManagedSelector.java:606)
        at org.eclipse.jetty.io.ManagedSelector$SelectorProducer.produce(ManagedSelector.java:543)
        at org.eclipse.jetty.util.thread.strategy.EatWhatYouKill.produceTask(EatWhatYouKill.java:362)
        at org.eclipse.jetty.util.thread.strategy.EatWhatYouKill.doProduce(EatWhatYouKill.java:186)
        at org.eclipse.jetty.util.thread.strategy.EatWhatYouKill.tryProduce(EatWhatYouKill.java:173)
        at org.eclipse.jetty.util.thread.strategy.EatWhatYouKill.produce(EatWhatYouKill.java:137)
        at org.eclipse.jetty.io.ManagedSelector$$Lambda$446/1148867963.run(Unknown Source)
        at org.eclipse.jetty.util.thread.QueuedThreadPool.runJob(QueuedThreadPool.java:883)
        at org.eclipse.jetty.util.thread.QueuedThreadPool$Runner.run(QueuedThreadPool.java:1034)
        at java.lang.Thread.run(Thread.java:750)
"IPC Server handler 15 on default port 34213" daemon prio=5 tid=52 timed_waiting
java.lang.Thread.State: TIMED_WAITING
        at sun.misc.Unsafe.park(Native Method)
        at java.util.concurrent.locks.LockSupport.parkNanos(LockSupport.java:215)
        at java.util.concurrent.locks.AbstractQueuedSynchronizer$ConditionObject.awaitNanos(AbstractQueuedSynchronizer.java:2078)
        at java.util.concurrent.LinkedBlockingQueue.poll(LinkedBlockingQueue.java:467)
        at org.apache.hadoop.ipc.CallQueueManager.take(CallQueueManager.java:317)
        at org.apache.hadoop.ipc.Server$Handler.run(Server.java:2942)
"ChunkWriter-2-0" daemon prio=5 tid=539 in Object.wait()
java.lang.Thread.State: WAITING (on object monitor)
        at sun.misc.Unsafe.park(Native Method)
        at java.util.concurrent.locks.LockSupport.park(LockSupport.java:175)
        at java.util.concurrent.locks.AbstractQueuedSynchronizer$ConditionObject.await(AbstractQueuedSynchronizer.java:2039)
        at java.util.concurrent.LinkedBlockingDeque.takeFirst(LinkedBlockingDeque.java:492)
        at java.util.concurrent.LinkedBlockingDeque.take(LinkedBlockingDeque.java:680)
        at java.util.concurrent.ThreadPoolExecutor.getTask(ThreadPoolExecutor.java:1074)
        at java.util.concurrent.ThreadPoolExecutor.runWorker(ThreadPoolExecutor.java:1134)
        at java.util.concurrent.ThreadPoolExecutor$Worker.run(ThreadPoolExecutor.java:624)
        at java.lang.Thread.run(Thread.java:750)
"IPC Server handler 13 on default port 34213" daemon prio=5 tid=50 timed_waiting
java.lang.Thread.State: TIMED_WAITING
        at sun.misc.Unsafe.park(Native Method)
        at java.util.concurrent.locks.LockSupport.parkNanos(LockSupport.java:215)
        at java.util.concurrent.locks.AbstractQueuedSynchronizer$ConditionObject.awaitNanos(AbstractQueuedSynchronizer.java:2078)
        at java.util.concurrent.LinkedBlockingQueue.poll(LinkedBlockingQueue.java:467)
        at org.apache.hadoop.ipc.CallQueueManager.take(CallQueueManager.java:317)
        at org.apache.hadoop.ipc.Server$Handler.run(Server.java:2942)
"Datanode State Machine Task Thread - 1"  prio=5 tid=534 in Object.wait()
java.lang.Thread.State: WAITING (on object monitor)
        at sun.misc.Unsafe.park(Native Method)
        at java.util.concurrent.locks.LockSupport.park(LockSupport.java:175)
        at java.util.concurrent.locks.AbstractQueuedSynchronizer$ConditionObject.await(AbstractQueuedSynchronizer.java:2039)
        at java.util.concurrent.LinkedBlockingQueue.take(LinkedBlockingQueue.java:442)
        at java.util.concurrent.ThreadPoolExecutor.getTask(ThreadPoolExecutor.java:1074)
        at java.util.concurrent.ThreadPoolExecutor.runWorker(ThreadPoolExecutor.java:1134)
        at java.util.concurrent.ThreadPoolExecutor$Worker.run(ThreadPoolExecutor.java:624)
        at java.lang.Thread.run(Thread.java:750)
"PartialTableCache Cleanup Thread - 0" daemon prio=5 tid=752 in Object.wait()
java.lang.Thread.State: WAITING (on object monitor)
        at sun.misc.Unsafe.park(Native Method)
        at java.util.concurrent.locks.LockSupport.park(LockSupport.java:175)
        at java.util.concurrent.locks.AbstractQueuedSynchronizer$ConditionObject.await(AbstractQueuedSynchronizer.java:2039)
        at java.util.concurrent.LinkedBlockingQueue.take(LinkedBlockingQueue.java:442)
        at java.util.concurrent.ThreadPoolExecutor.getTask(ThreadPoolExecutor.java:1074)
        at java.util.concurrent.ThreadPoolExecutor.runWorker(ThreadPoolExecutor.java:1134)
        at java.util.concurrent.ThreadPoolExecutor$Worker.run(ThreadPoolExecutor.java:624)
        at java.lang.Thread.run(Thread.java:750)
"JvmPauseMonitor5" daemon prio=5 tid=483 timed_waiting
java.lang.Thread.State: TIMED_WAITING
        at java.lang.Thread.sleep(Native Method)
        at java.lang.Thread.sleep(Thread.java:342)
        at java.util.concurrent.TimeUnit.sleep(TimeUnit.java:386)
        at org.apache.ratis.util.TimeDuration.sleep(TimeDuration.java:325)
        at org.apache.ratis.util.TimeDuration.sleep(TimeDuration.java:310)
        at org.apache.ratis.util.JvmPauseMonitor.detectPause(JvmPauseMonitor.java:119)
        at org.apache.ratis.util.JvmPauseMonitor.run(JvmPauseMonitor.java:108)
        at org.apache.ratis.util.JvmPauseMonitor$$Lambda$706/479417099.run(Unknown Source)
        at java.lang.Thread.run(Thread.java:750)
"org.apache.hadoop.util.JvmPauseMonitor$Monitor@5b643d6e" daemon prio=5 tid=98 timed_waiting
java.lang.Thread.State: TIMED_WAITING
        at java.lang.Thread.sleep(Native Method)
        at org.apache.hadoop.util.JvmPauseMonitor$Monitor.run(JvmPauseMonitor.java:192)
        at java.lang.Thread.run(Thread.java:750)
"timer4" daemon prio=5 tid=692 timed_waiting
java.lang.Thread.State: TIMED_WAITING
        at java.lang.Object.wait(Native Method)
        at java.util.TimerThread.mainLoop(Timer.java:552)
        at java.util.TimerThread.run(Timer.java:505)
"Datanode ReportManager Thread - 2" daemon prio=5 tid=459 in Object.wait()
java.lang.Thread.State: WAITING (on object monitor)
        at sun.misc.Unsafe.park(Native Method)
        at java.util.concurrent.locks.LockSupport.park(LockSupport.java:175)
        at java.util.concurrent.locks.AbstractQueuedSynchronizer$ConditionObject.await(AbstractQueuedSynchronizer.java:2039)
        at java.util.concurrent.ScheduledThreadPoolExecutor$DelayedWorkQueue.take(ScheduledThreadPoolExecutor.java:1088)
        at java.util.concurrent.ScheduledThreadPoolExecutor$DelayedWorkQueue.take(ScheduledThreadPoolExecutor.java:809)
        at java.util.concurrent.ThreadPoolExecutor.getTask(ThreadPoolExecutor.java:1074)
        at java.util.concurrent.ThreadPoolExecutor.runWorker(ThreadPoolExecutor.java:1134)
        at java.util.concurrent.ThreadPoolExecutor$Worker.run(ThreadPoolExecutor.java:624)
        at java.lang.Thread.run(Thread.java:750)
"Datanode ReportManager Thread - 0" daemon prio=5 tid=419 in Object.wait()
java.lang.Thread.State: WAITING (on object monitor)
        at sun.misc.Unsafe.park(Native Method)
        at java.util.concurrent.locks.LockSupport.park(LockSupport.java:175)
        at java.util.concurrent.locks.AbstractQueuedSynchronizer$ConditionObject.await(AbstractQueuedSynchronizer.java:2039)
        at java.util.concurrent.ScheduledThreadPoolExecutor$DelayedWorkQueue.take(ScheduledThreadPoolExecutor.java:1088)
        at java.util.concurrent.ScheduledThreadPoolExecutor$DelayedWorkQueue.take(ScheduledThreadPoolExecutor.java:809)
        at java.util.concurrent.ThreadPoolExecutor.getTask(ThreadPoolExecutor.java:1074)
        at java.util.concurrent.ThreadPoolExecutor.runWorker(ThreadPoolExecutor.java:1134)
        at java.util.concurrent.ThreadPoolExecutor$Worker.run(ThreadPoolExecutor.java:624)
        at java.lang.Thread.run(Thread.java:750)
"IPC Server handler 19 on default port 42141" daemon prio=5 tid=163 timed_waiting
java.lang.Thread.State: TIMED_WAITING
        at sun.misc.Unsafe.park(Native Method)
        at java.util.concurrent.locks.LockSupport.parkNanos(LockSupport.java:215)
        at java.util.concurrent.locks.AbstractQueuedSynchronizer$ConditionObject.awaitNanos(AbstractQueuedSynchronizer.java:2078)
        at java.util.concurrent.LinkedBlockingQueue.poll(LinkedBlockingQueue.java:467)
        at org.apache.hadoop.ipc.CallQueueManager.take(CallQueueManager.java:317)
        at org.apache.hadoop.ipc.Server$Handler.run(Server.java:2942)
"IPC Server handler 14 on default port 42141" daemon prio=5 tid=158 timed_waiting
java.lang.Thread.State: TIMED_WAITING
        at sun.misc.Unsafe.park(Native Method)
        at java.util.concurrent.locks.LockSupport.parkNanos(LockSupport.java:215)
        at java.util.concurrent.locks.AbstractQueuedSynchronizer$ConditionObject.awaitNanos(AbstractQueuedSynchronizer.java:2078)
        at java.util.concurrent.LinkedBlockingQueue.poll(LinkedBlockingQueue.java:467)
        at org.apache.hadoop.ipc.CallQueueManager.take(CallQueueManager.java:317)
        at org.apache.hadoop.ipc.Server$Handler.run(Server.java:2942)
"FixedThreadPoolWithAffinityExecutor-1-0" daemon prio=5 tid=502 in Object.wait()
java.lang.Thread.State: WAITING (on object monitor)
        at sun.misc.Unsafe.park(Native Method)
        at java.util.concurrent.locks.LockSupport.park(LockSupport.java:175)
        at java.util.concurrent.locks.AbstractQueuedSynchronizer$ConditionObject.await(AbstractQueuedSynchronizer.java:2039)
        at java.util.concurrent.LinkedBlockingDeque.takeFirst(LinkedBlockingDeque.java:492)
        at java.util.concurrent.LinkedBlockingDeque.take(LinkedBlockingDeque.java:680)
        at java.util.concurrent.ThreadPoolExecutor.getTask(ThreadPoolExecutor.java:1074)
        at java.util.concurrent.ThreadPoolExecutor.runWorker(ThreadPoolExecutor.java:1134)
        at java.util.concurrent.ThreadPoolExecutor$Worker.run(ThreadPoolExecutor.java:624)
        at java.lang.Thread.run(Thread.java:750)
"EndpointStateMachine task thread for /0.0.0.0:43219 - 0 "  prio=5 tid=478 in Object.wait()
java.lang.Thread.State: WAITING (on object monitor)
        at sun.misc.Unsafe.park(Native Method)
        at java.util.concurrent.locks.LockSupport.park(LockSupport.java:175)
        at java.util.concurrent.locks.AbstractQueuedSynchronizer$ConditionObject.await(AbstractQueuedSynchronizer.java:2039)
        at java.util.concurrent.LinkedBlockingQueue.take(LinkedBlockingQueue.java:442)
        at java.util.concurrent.ThreadPoolExecutor.getTask(ThreadPoolExecutor.java:1074)
        at java.util.concurrent.ThreadPoolExecutor.runWorker(ThreadPoolExecutor.java:1134)
        at java.util.concurrent.ThreadPoolExecutor$Worker.run(ThreadPoolExecutor.java:624)
        at java.lang.Thread.run(Thread.java:750)
"Datanode ReportManager Thread - 0" daemon prio=5 tid=238 in Object.wait()
java.lang.Thread.State: WAITING (on object monitor)
        at sun.misc.Unsafe.park(Native Method)
        at java.util.concurrent.locks.LockSupport.park(LockSupport.java:175)
        at java.util.concurrent.locks.AbstractQueuedSynchronizer$ConditionObject.await(AbstractQueuedSynchronizer.java:2039)
        at java.util.concurrent.ScheduledThreadPoolExecutor$DelayedWorkQueue.take(ScheduledThreadPoolExecutor.java:1088)
        at java.util.concurrent.ScheduledThreadPoolExecutor$DelayedWorkQueue.take(ScheduledThreadPoolExecutor.java:809)
        at java.util.concurrent.ThreadPoolExecutor.getTask(ThreadPoolExecutor.java:1074)
        at java.util.concurrent.ThreadPoolExecutor.runWorker(ThreadPoolExecutor.java:1134)
        at java.util.concurrent.ThreadPoolExecutor$Worker.run(ThreadPoolExecutor.java:624)
        at java.lang.Thread.run(Thread.java:750)
"aa3e6641-ac34-45f8-85b4-6614ff527932-server-thread2" daemon prio=5 tid=827 timed_waiting
java.lang.Thread.State: TIMED_WAITING
        at sun.misc.Unsafe.park(Native Method)
        at java.util.concurrent.locks.LockSupport.parkNanos(LockSupport.java:215)
        at java.util.concurrent.SynchronousQueue$TransferStack.awaitFulfill(SynchronousQueue.java:460)
        at java.util.concurrent.SynchronousQueue$TransferStack.transfer(SynchronousQueue.java:362)
        at java.util.concurrent.SynchronousQueue.poll(SynchronousQueue.java:941)
        at java.util.concurrent.ThreadPoolExecutor.getTask(ThreadPoolExecutor.java:1073)
        at java.util.concurrent.ThreadPoolExecutor.runWorker(ThreadPoolExecutor.java:1134)
        at java.util.concurrent.ThreadPoolExecutor$Worker.run(ThreadPoolExecutor.java:624)
        at java.lang.Thread.run(Thread.java:750)
"5d13066c-11e5-40aa-be9d-008405bad973@group-55E06B2F269B->7b6afef0-558a-4ad8-bcfc-b2255c7aee53-GrpcLogAppender-LogAppenderDaemon" daemon prio=5 tid=846 timed_waiting
java.lang.Thread.State: TIMED_WAITING
        at sun.misc.Unsafe.park(Native Method)
        at java.util.concurrent.locks.LockSupport.parkNanos(LockSupport.java:215)
        at java.util.concurrent.CompletableFuture$Signaller.block(CompletableFuture.java:1709)
        at java.util.concurrent.ForkJoinPool.managedBlock(ForkJoinPool.java:3323)
        at java.util.concurrent.CompletableFuture.timedGet(CompletableFuture.java:1788)
        at java.util.concurrent.CompletableFuture.get(CompletableFuture.java:1928)
        at org.apache.ratis.util.AwaitForSignal.await(AwaitForSignal.java:56)
        at org.apache.ratis.grpc.server.GrpcLogAppender.mayWait(GrpcLogAppender.java:198)
        at org.apache.ratis.grpc.server.GrpcLogAppender.run(GrpcLogAppender.java:148)
        at org.apache.ratis.server.leader.LogAppenderDaemon.run(LogAppenderDaemon.java:78)
        at org.apache.ratis.server.leader.LogAppenderDaemon$$Lambda$1049/2105102615.run(Unknown Source)
        at java.lang.Thread.run(Thread.java:750)
"BackgroundPipelineScrubberThread" daemon prio=5 tid=16 timed_waiting
java.lang.Thread.State: TIMED_WAITING
        at java.lang.Object.wait(Native Method)
        at org.apache.hadoop.hdds.scm.ha.BackgroundSCMService.run(BackgroundSCMService.java:110)
        at org.apache.hadoop.hdds.scm.ha.BackgroundSCMService$$Lambda$375/566105282.run(Unknown Source)
        at java.lang.Thread.run(Thread.java:750)
"FixedThreadPoolWithAffinityExecutor-8-0" daemon prio=5 tid=520 in Object.wait()
java.lang.Thread.State: WAITING (on object monitor)
        at sun.misc.Unsafe.park(Native Method)
        at java.util.concurrent.locks.LockSupport.park(LockSupport.java:175)
        at java.util.concurrent.locks.AbstractQueuedSynchronizer$ConditionObject.await(AbstractQueuedSynchronizer.java:2039)
        at java.util.concurrent.LinkedBlockingDeque.takeFirst(LinkedBlockingDeque.java:492)
        at java.util.concurrent.LinkedBlockingDeque.take(LinkedBlockingDeque.java:680)
        at java.util.concurrent.ThreadPoolExecutor.getTask(ThreadPoolExecutor.java:1074)
        at java.util.concurrent.ThreadPoolExecutor.runWorker(ThreadPoolExecutor.java:1134)
        at java.util.concurrent.ThreadPoolExecutor$Worker.run(ThreadPoolExecutor.java:624)
        at java.lang.Thread.run(Thread.java:750)
"ChunkWriter-3-0" daemon prio=5 tid=513 in Object.wait()
java.lang.Thread.State: WAITING (on object monitor)
        at sun.misc.Unsafe.park(Native Method)
        at java.util.concurrent.locks.LockSupport.park(LockSupport.java:175)
        at java.util.concurrent.locks.AbstractQueuedSynchronizer$ConditionObject.await(AbstractQueuedSynchronizer.java:2039)
        at java.util.concurrent.LinkedBlockingDeque.takeFirst(LinkedBlockingDeque.java:492)
        at java.util.concurrent.LinkedBlockingDeque.take(LinkedBlockingDeque.java:680)
        at java.util.concurrent.ThreadPoolExecutor.getTask(ThreadPoolExecutor.java:1074)
        at java.util.concurrent.ThreadPoolExecutor.runWorker(ThreadPoolExecutor.java:1134)
        at java.util.concurrent.ThreadPoolExecutor$Worker.run(ThreadPoolExecutor.java:624)
        at java.lang.Thread.run(Thread.java:750)
"StaleRecoveringContainerScrubbingService#1" daemon prio=5 tid=532 timed_waiting
java.lang.Thread.State: TIMED_WAITING
        at sun.misc.Unsafe.park(Native Method)
        at java.util.concurrent.locks.LockSupport.parkNanos(LockSupport.java:215)
        at java.util.concurrent.locks.AbstractQueuedSynchronizer$ConditionObject.awaitNanos(AbstractQueuedSynchronizer.java:2078)
        at java.util.concurrent.ScheduledThreadPoolExecutor$DelayedWorkQueue.take(ScheduledThreadPoolExecutor.java:1093)
        at java.util.concurrent.ScheduledThreadPoolExecutor$DelayedWorkQueue.take(ScheduledThreadPoolExecutor.java:809)
        at java.util.concurrent.ThreadPoolExecutor.getTask(ThreadPoolExecutor.java:1074)
        at java.util.concurrent.ThreadPoolExecutor.runWorker(ThreadPoolExecutor.java:1134)
        at java.util.concurrent.ThreadPoolExecutor$Worker.run(ThreadPoolExecutor.java:624)
        at java.lang.Thread.run(Thread.java:750)
"Session-HouseKeeper-522e238c-1"  prio=5 tid=417 timed_waiting
java.lang.Thread.State: TIMED_WAITING
        at sun.misc.Unsafe.park(Native Method)
        at java.util.concurrent.locks.LockSupport.parkNanos(LockSupport.java:215)
        at java.util.concurrent.locks.AbstractQueuedSynchronizer$ConditionObject.awaitNanos(AbstractQueuedSynchronizer.java:2078)
        at java.util.concurrent.ScheduledThreadPoolExecutor$DelayedWorkQueue.take(ScheduledThreadPoolExecutor.java:1093)
        at java.util.concurrent.ScheduledThreadPoolExecutor$DelayedWorkQueue.take(ScheduledThreadPoolExecutor.java:809)
        at java.util.concurrent.ThreadPoolExecutor.getTask(ThreadPoolExecutor.java:1074)
        at java.util.concurrent.ThreadPoolExecutor.runWorker(ThreadPoolExecutor.java:1134)
        at java.util.concurrent.ThreadPoolExecutor$Worker.run(ThreadPoolExecutor.java:624)
        at java.lang.Thread.run(Thread.java:750)
"Command processor thread" daemon prio=5 tid=243 timed_waiting
java.lang.Thread.State: TIMED_WAITING
        at java.lang.Thread.sleep(Native Method)
        at org.apache.hadoop.ozone.container.common.statemachine.DatanodeStateMachine.lambda$initCommandHandlerThread$3(DatanodeStateMachine.java:641)
        at org.apache.hadoop.ozone.container.common.statemachine.DatanodeStateMachine$$Lambda$752/223020468.run(Unknown Source)
        at java.lang.Thread.run(Thread.java:750)
"21cd38f2-3152-4a7b-bfd6-5bc3f4c93f15@group-728B1F2A2928-StateMachineUpdater" daemon prio=5 tid=613 timed_waiting
java.lang.Thread.State: TIMED_WAITING
        at sun.misc.Unsafe.park(Native Method)
        at java.util.concurrent.locks.LockSupport.parkNanos(LockSupport.java:215)
        at java.util.concurrent.CompletableFuture$Signaller.block(CompletableFuture.java:1709)
        at java.util.concurrent.ForkJoinPool.managedBlock(ForkJoinPool.java:3323)
        at java.util.concurrent.CompletableFuture.timedGet(CompletableFuture.java:1788)
        at java.util.concurrent.CompletableFuture.get(CompletableFuture.java:1928)
        at org.apache.ratis.util.AwaitForSignal.await(AwaitForSignal.java:56)
        at org.apache.ratis.server.impl.StateMachineUpdater.waitForCommit(StateMachineUpdater.java:207)
        at org.apache.ratis.server.impl.StateMachineUpdater.run(StateMachineUpdater.java:176)
        at java.lang.Thread.run(Thread.java:750)
"5d13066c-11e5-40aa-be9d-008405bad973@group-55E06B2F269B-StateMachineUpdater" daemon prio=5 tid=652 timed_waiting
java.lang.Thread.State: TIMED_WAITING
        at sun.misc.Unsafe.park(Native Method)
        at java.util.concurrent.locks.LockSupport.parkNanos(LockSupport.java:215)
        at java.util.concurrent.CompletableFuture$Signaller.block(CompletableFuture.java:1709)
        at java.util.concurrent.ForkJoinPool.managedBlock(ForkJoinPool.java:3323)
        at java.util.concurrent.CompletableFuture.timedGet(CompletableFuture.java:1788)
        at java.util.concurrent.CompletableFuture.get(CompletableFuture.java:1928)
        at org.apache.ratis.util.AwaitForSignal.await(AwaitForSignal.java:56)
        at org.apache.ratis.server.impl.StateMachineUpdater.waitForCommit(StateMachineUpdater.java:207)
        at org.apache.ratis.server.impl.StateMachineUpdater.run(StateMachineUpdater.java:176)
        at java.lang.Thread.run(Thread.java:750)
"ChunkReader-ELG-0" daemon prio=5 tid=472 runnable
java.lang.Thread.State: RUNNABLE
        at org.apache.ratis.thirdparty.io.netty.channel.epoll.Native.epollWait0(Native Method)
        at org.apache.ratis.thirdparty.io.netty.channel.epoll.Native.epollWait(Native.java:182)
        at org.apache.ratis.thirdparty.io.netty.channel.epoll.EpollEventLoop.epollWait(EpollEventLoop.java:290)
        at org.apache.ratis.thirdparty.io.netty.channel.epoll.EpollEventLoop.run(EpollEventLoop.java:354)
        at org.apache.ratis.thirdparty.io.netty.util.concurrent.SingleThreadEventExecutor$4.run(SingleThreadEventExecutor.java:995)
        at org.apache.ratis.thirdparty.io.netty.util.internal.ThreadExecutorMap$2.run(ThreadExecutorMap.java:74)
        at java.lang.Thread.run(Thread.java:750)
"StaleRecoveringContainerScrubbingService#2" daemon prio=5 tid=900 in Object.wait()
java.lang.Thread.State: WAITING (on object monitor)
        at sun.misc.Unsafe.park(Native Method)
        at java.util.concurrent.locks.LockSupport.park(LockSupport.java:175)
        at java.util.concurrent.locks.AbstractQueuedSynchronizer$ConditionObject.await(AbstractQueuedSynchronizer.java:2039)
        at java.util.concurrent.ScheduledThreadPoolExecutor$DelayedWorkQueue.take(ScheduledThreadPoolExecutor.java:1088)
        at java.util.concurrent.ScheduledThreadPoolExecutor$DelayedWorkQueue.take(ScheduledThreadPoolExecutor.java:809)
        at java.util.concurrent.ThreadPoolExecutor.getTask(ThreadPoolExecutor.java:1074)
        at java.util.concurrent.ThreadPoolExecutor.runWorker(ThreadPoolExecutor.java:1134)
        at java.util.concurrent.ThreadPoolExecutor$Worker.run(ThreadPoolExecutor.java:624)
        at java.lang.Thread.run(Thread.java:750)
"qtp1502551983-104" daemon prio=5 tid=104 timed_waiting
java.lang.Thread.State: TIMED_WAITING
        at sun.misc.Unsafe.park(Native Method)
        at java.util.concurrent.locks.LockSupport.parkNanos(LockSupport.java:215)
        at java.util.concurrent.locks.AbstractQueuedSynchronizer$ConditionObject.awaitNanos(AbstractQueuedSynchronizer.java:2078)
        at org.eclipse.jetty.util.BlockingArrayQueue.poll(BlockingArrayQueue.java:382)
        at org.eclipse.jetty.util.thread.QueuedThreadPool$Runner.idleJobPoll(QueuedThreadPool.java:974)
        at org.eclipse.jetty.util.thread.QueuedThreadPool$Runner.run(QueuedThreadPool.java:1018)
        at java.lang.Thread.run(Thread.java:750)
"pool-31-thread-1"  prio=5 tid=99 timed_waiting
java.lang.Thread.State: TIMED_WAITING
        at sun.misc.Unsafe.park(Native Method)
        at java.util.concurrent.locks.LockSupport.parkNanos(LockSupport.java:215)
        at java.util.concurrent.locks.AbstractQueuedSynchronizer$ConditionObject.awaitNanos(AbstractQueuedSynchronizer.java:2078)
        at java.util.concurrent.ScheduledThreadPoolExecutor$DelayedWorkQueue.take(ScheduledThreadPoolExecutor.java:1093)
        at java.util.concurrent.ScheduledThreadPoolExecutor$DelayedWorkQueue.take(ScheduledThreadPoolExecutor.java:809)
        at java.util.concurrent.ThreadPoolExecutor.getTask(ThreadPoolExecutor.java:1074)
        at java.util.concurrent.ThreadPoolExecutor.runWorker(ThreadPoolExecutor.java:1134)
        at java.util.concurrent.ThreadPoolExecutor$Worker.run(ThreadPoolExecutor.java:624)
        at java.lang.Thread.run(Thread.java:750)
"IPC Server handler 14 on default port 37753" daemon prio=5 tid=71 timed_waiting
java.lang.Thread.State: TIMED_WAITING
        at sun.misc.Unsafe.park(Native Method)
        at java.util.concurrent.locks.LockSupport.parkNanos(LockSupport.java:215)
        at java.util.concurrent.locks.AbstractQueuedSynchronizer$ConditionObject.awaitNanos(AbstractQueuedSynchronizer.java:2078)
        at java.util.concurrent.LinkedBlockingQueue.poll(LinkedBlockingQueue.java:467)
        at org.apache.hadoop.ipc.CallQueueManager.take(CallQueueManager.java:317)
        at org.apache.hadoop.ipc.Server$Handler.run(Server.java:2942)
"StaleRecoveringContainerScrubbingService#0" daemon prio=5 tid=556 in Object.wait()
java.lang.Thread.State: WAITING (on object monitor)
        at sun.misc.Unsafe.park(Native Method)
        at java.util.concurrent.locks.LockSupport.park(LockSupport.java:175)
        at java.util.concurrent.locks.AbstractQueuedSynchronizer$ConditionObject.await(AbstractQueuedSynchronizer.java:2039)
        at java.util.concurrent.ScheduledThreadPoolExecutor$DelayedWorkQueue.take(ScheduledThreadPoolExecutor.java:1088)
        at java.util.concurrent.ScheduledThreadPoolExecutor$DelayedWorkQueue.take(ScheduledThreadPoolExecutor.java:809)
        at java.util.concurrent.ThreadPoolExecutor.getTask(ThreadPoolExecutor.java:1074)
        at java.util.concurrent.ThreadPoolExecutor.runWorker(ThreadPoolExecutor.java:1134)
        at java.util.concurrent.ThreadPoolExecutor$Worker.run(ThreadPoolExecutor.java:624)
        at java.lang.Thread.run(Thread.java:750)
"qtp117897905-377" daemon prio=5 tid=377 timed_waiting
java.lang.Thread.State: TIMED_WAITING
        at sun.misc.Unsafe.park(Native Method)
        at java.util.concurrent.locks.LockSupport.parkNanos(LockSupport.java:215)
        at java.util.concurrent.locks.AbstractQueuedSynchronizer$ConditionObject.awaitNanos(AbstractQueuedSynchronizer.java:2078)
        at org.eclipse.jetty.util.BlockingArrayQueue.poll(BlockingArrayQueue.java:382)
        at org.eclipse.jetty.util.thread.QueuedThreadPool$Runner.idleJobPoll(QueuedThreadPool.java:974)
        at org.eclipse.jetty.util.thread.QueuedThreadPool$Runner.run(QueuedThreadPool.java:1018)
        at java.lang.Thread.run(Thread.java:750)
"Datanode ReportManager Thread - 1" daemon prio=5 tid=317 in Object.wait()
java.lang.Thread.State: WAITING (on object monitor)
        at sun.misc.Unsafe.park(Native Method)
        at java.util.concurrent.locks.LockSupport.park(LockSupport.java:175)
        at java.util.concurrent.locks.AbstractQueuedSynchronizer$ConditionObject.await(AbstractQueuedSynchronizer.java:2039)
        at java.util.concurrent.ScheduledThreadPoolExecutor$DelayedWorkQueue.take(ScheduledThreadPoolExecutor.java:1088)
        at java.util.concurrent.ScheduledThreadPoolExecutor$DelayedWorkQueue.take(ScheduledThreadPoolExecutor.java:809)
        at java.util.concurrent.ThreadPoolExecutor.getTask(ThreadPoolExecutor.java:1074)
        at java.util.concurrent.ThreadPoolExecutor.runWorker(ThreadPoolExecutor.java:1134)
        at java.util.concurrent.ThreadPoolExecutor$Worker.run(ThreadPoolExecutor.java:624)
        at java.lang.Thread.run(Thread.java:750)
"d5dd9084-02e9-4cbc-a1b0-4846343450b9@group-EB7B5BA8336E-SegmentedRaftLogWorker"  prio=5 tid=654 timed_waiting
java.lang.Thread.State: TIMED_WAITING
        at sun.misc.Unsafe.park(Native Method)
        at java.util.concurrent.locks.LockSupport.parkNanos(LockSupport.java:215)
        at java.util.concurrent.locks.AbstractQueuedSynchronizer$ConditionObject.awaitNanos(AbstractQueuedSynchronizer.java:2078)
        at org.apache.ratis.util.DataBlockingQueue.poll(DataBlockingQueue.java:148)
        at org.apache.ratis.server.raftlog.segmented.SegmentedRaftLogWorker.run(SegmentedRaftLogWorker.java:310)
        at org.apache.ratis.server.raftlog.segmented.SegmentedRaftLogWorker$$Lambda$665/1172168715.run(Unknown Source)
        at java.lang.Thread.run(Thread.java:750)
"pool-127-thread-1"  prio=5 tid=227 timed_waiting
java.lang.Thread.State: TIMED_WAITING
        at sun.misc.Unsafe.park(Native Method)
        at java.util.concurrent.locks.LockSupport.parkNanos(LockSupport.java:215)
        at java.util.concurrent.locks.AbstractQueuedSynchronizer$ConditionObject.awaitNanos(AbstractQueuedSynchronizer.java:2078)
        at java.util.concurrent.ScheduledThreadPoolExecutor$DelayedWorkQueue.take(ScheduledThreadPoolExecutor.java:1093)
        at java.util.concurrent.ScheduledThreadPoolExecutor$DelayedWorkQueue.take(ScheduledThreadPoolExecutor.java:809)
        at java.util.concurrent.ThreadPoolExecutor.getTask(ThreadPoolExecutor.java:1074)
        at java.util.concurrent.ThreadPoolExecutor.runWorker(ThreadPoolExecutor.java:1134)
        at java.util.concurrent.ThreadPoolExecutor$Worker.run(ThreadPoolExecutor.java:624)
        at java.lang.Thread.run(Thread.java:750)
"9d921ae2-dac8-442e-8311-fdc102c02170@group-EF2AFB36FD63-StateMachineUpdater" daemon prio=5 tid=625 timed_waiting
java.lang.Thread.State: TIMED_WAITING
        at sun.misc.Unsafe.park(Native Method)
        at java.util.concurrent.locks.LockSupport.parkNanos(LockSupport.java:215)
        at java.util.concurrent.CompletableFuture$Signaller.block(CompletableFuture.java:1709)
        at java.util.concurrent.ForkJoinPool.managedBlock(ForkJoinPool.java:3323)
        at java.util.concurrent.CompletableFuture.timedGet(CompletableFuture.java:1788)
        at java.util.concurrent.CompletableFuture.get(CompletableFuture.java:1928)
        at org.apache.ratis.util.AwaitForSignal.await(AwaitForSignal.java:56)
        at org.apache.ratis.server.impl.StateMachineUpdater.waitForCommit(StateMachineUpdater.java:207)
        at org.apache.ratis.server.impl.StateMachineUpdater.run(StateMachineUpdater.java:176)
        at java.lang.Thread.run(Thread.java:750)
"Command processor thread" daemon prio=5 tid=321 timed_waiting
java.lang.Thread.State: TIMED_WAITING
        at java.lang.Thread.sleep(Native Method)
        at org.apache.hadoop.ozone.container.common.statemachine.DatanodeStateMachine.lambda$initCommandHandlerThread$3(DatanodeStateMachine.java:641)
        at org.apache.hadoop.ozone.container.common.statemachine.DatanodeStateMachine$$Lambda$752/223020468.run(Unknown Source)
        at java.lang.Thread.run(Thread.java:750)
"Datanode ReportManager Thread - 3" daemon prio=5 tid=386 in Object.wait()
java.lang.Thread.State: WAITING (on object monitor)
        at sun.misc.Unsafe.park(Native Method)
        at java.util.concurrent.locks.LockSupport.park(LockSupport.java:175)
        at java.util.concurrent.locks.AbstractQueuedSynchronizer$ConditionObject.await(AbstractQueuedSynchronizer.java:2039)
        at java.util.concurrent.ScheduledThreadPoolExecutor$DelayedWorkQueue.take(ScheduledThreadPoolExecutor.java:1088)
        at java.util.concurrent.ScheduledThreadPoolExecutor$DelayedWorkQueue.take(ScheduledThreadPoolExecutor.java:809)
        at java.util.concurrent.ThreadPoolExecutor.getTask(ThreadPoolExecutor.java:1074)
        at java.util.concurrent.ThreadPoolExecutor.runWorker(ThreadPoolExecutor.java:1134)
        at java.util.concurrent.ThreadPoolExecutor$Worker.run(ThreadPoolExecutor.java:624)
        at java.lang.Thread.run(Thread.java:750)
"IPC Server handler 6 on default port 34213" daemon prio=5 tid=43 timed_waiting
java.lang.Thread.State: TIMED_WAITING
        at sun.misc.Unsafe.park(Native Method)
        at java.util.concurrent.locks.LockSupport.parkNanos(LockSupport.java:215)
        at java.util.concurrent.locks.AbstractQueuedSynchronizer$ConditionObject.awaitNanos(AbstractQueuedSynchronizer.java:2078)
        at java.util.concurrent.LinkedBlockingQueue.poll(LinkedBlockingQueue.java:467)
        at org.apache.hadoop.ipc.CallQueueManager.take(CallQueueManager.java:317)
        at org.apache.hadoop.ipc.Server$Handler.run(Server.java:2942)
"Datanode ReportManager Thread - 4" daemon prio=5 tid=387 in Object.wait()
java.lang.Thread.State: WAITING (on object monitor)
        at sun.misc.Unsafe.park(Native Method)
        at java.util.concurrent.locks.LockSupport.park(LockSupport.java:175)
        at java.util.concurrent.locks.AbstractQueuedSynchronizer$ConditionObject.await(AbstractQueuedSynchronizer.java:2039)
        at java.util.concurrent.ScheduledThreadPoolExecutor$DelayedWorkQueue.take(ScheduledThreadPoolExecutor.java:1088)
        at java.util.concurrent.ScheduledThreadPoolExecutor$DelayedWorkQueue.take(ScheduledThreadPoolExecutor.java:809)
        at java.util.concurrent.ThreadPoolExecutor.getTask(ThreadPoolExecutor.java:1074)
        at java.util.concurrent.ThreadPoolExecutor.runWorker(ThreadPoolExecutor.java:1134)
        at java.util.concurrent.ThreadPoolExecutor$Worker.run(ThreadPoolExecutor.java:624)
        at java.lang.Thread.run(Thread.java:750)
"IPC Server handler 18 on default port 43219" daemon prio=5 tid=95 timed_waiting
java.lang.Thread.State: TIMED_WAITING
        at sun.misc.Unsafe.park(Native Method)
        at java.util.concurrent.locks.LockSupport.parkNanos(LockSupport.java:215)
        at java.util.concurrent.locks.AbstractQueuedSynchronizer$ConditionObject.awaitNanos(AbstractQueuedSynchronizer.java:2078)
        at java.util.concurrent.LinkedBlockingQueue.poll(LinkedBlockingQueue.java:467)
        at org.apache.hadoop.ipc.CallQueueManager.take(CallQueueManager.java:317)
        at org.apache.hadoop.ipc.Server$Handler.run(Server.java:2942)
"timer5" daemon prio=5 tid=717 timed_waiting
java.lang.Thread.State: TIMED_WAITING
        at java.lang.Object.wait(Native Method)
        at java.util.TimerThread.mainLoop(Timer.java:552)
        at java.util.TimerThread.run(Timer.java:505)
"IPC Server handler 14 on default port 43219" daemon prio=5 tid=91 timed_waiting
java.lang.Thread.State: TIMED_WAITING
        at sun.misc.Unsafe.park(Native Method)
        at java.util.concurrent.locks.LockSupport.parkNanos(LockSupport.java:215)
        at java.util.concurrent.locks.AbstractQueuedSynchronizer$ConditionObject.awaitNanos(AbstractQueuedSynchronizer.java:2078)
        at java.util.concurrent.LinkedBlockingQueue.poll(LinkedBlockingQueue.java:467)
        at org.apache.hadoop.ipc.CallQueueManager.take(CallQueueManager.java:317)
        at org.apache.hadoop.ipc.Server$Handler.run(Server.java:2942)
"pool-230-thread-1" daemon prio=5 tid=366 timed_waiting
java.lang.Thread.State: TIMED_WAITING
        at sun.misc.Unsafe.park(Native Method)
        at java.util.concurrent.locks.LockSupport.parkNanos(LockSupport.java:215)
        at java.util.concurrent.locks.AbstractQueuedSynchronizer$ConditionObject.awaitNanos(AbstractQueuedSynchronizer.java:2078)
        at java.util.concurrent.ScheduledThreadPoolExecutor$DelayedWorkQueue.take(ScheduledThreadPoolExecutor.java:1093)
        at java.util.concurrent.ScheduledThreadPoolExecutor$DelayedWorkQueue.take(ScheduledThreadPoolExecutor.java:809)
        at java.util.concurrent.ThreadPoolExecutor.getTask(ThreadPoolExecutor.java:1074)
        at java.util.concurrent.ThreadPoolExecutor.runWorker(ThreadPoolExecutor.java:1134)
        at java.util.concurrent.ThreadPoolExecutor$Worker.run(ThreadPoolExecutor.java:624)
        at java.lang.Thread.run(Thread.java:750)
"qtp1192313527-174" daemon prio=5 tid=174 runnable
java.lang.Thread.State: RUNNABLE
        at sun.nio.ch.EPollArrayWrapper.epollWait(Native Method)
        at sun.nio.ch.EPollArrayWrapper.poll(EPollArrayWrapper.java:269)
        at sun.nio.ch.EPollSelectorImpl.doSelect(EPollSelectorImpl.java:93)
        at sun.nio.ch.SelectorImpl.lockAndDoSelect(SelectorImpl.java:86)
        at sun.nio.ch.SelectorImpl.select(SelectorImpl.java:97)
        at sun.nio.ch.SelectorImpl.select(SelectorImpl.java:101)
        at org.eclipse.jetty.io.ManagedSelector.nioSelect(ManagedSelector.java:183)
        at org.eclipse.jetty.io.ManagedSelector.select(ManagedSelector.java:190)
        at org.eclipse.jetty.io.ManagedSelector$SelectorProducer.select(ManagedSelector.java:606)
        at org.eclipse.jetty.io.ManagedSelector$SelectorProducer.produce(ManagedSelector.java:543)
        at org.eclipse.jetty.util.thread.strategy.EatWhatYouKill.produceTask(EatWhatYouKill.java:362)
        at org.eclipse.jetty.util.thread.strategy.EatWhatYouKill.doProduce(EatWhatYouKill.java:186)
        at org.eclipse.jetty.util.thread.strategy.EatWhatYouKill.tryProduce(EatWhatYouKill.java:173)
        at org.eclipse.jetty.util.thread.strategy.EatWhatYouKill.produce(EatWhatYouKill.java:137)
        at org.eclipse.jetty.io.ManagedSelector$$Lambda$446/1148867963.run(Unknown Source)
        at org.eclipse.jetty.util.thread.QueuedThreadPool.runJob(QueuedThreadPool.java:883)
        at org.eclipse.jetty.util.thread.QueuedThreadPool$Runner.run(QueuedThreadPool.java:1034)
        at java.lang.Thread.run(Thread.java:750)
"IPC Server handler 8 on default port 34213" daemon prio=5 tid=45 timed_waiting
java.lang.Thread.State: TIMED_WAITING
        at sun.misc.Unsafe.park(Native Method)
        at java.util.concurrent.locks.LockSupport.parkNanos(LockSupport.java:215)
        at java.util.concurrent.locks.AbstractQueuedSynchronizer$ConditionObject.awaitNanos(AbstractQueuedSynchronizer.java:2078)
        at java.util.concurrent.LinkedBlockingQueue.poll(LinkedBlockingQueue.java:467)
        at org.apache.hadoop.ipc.CallQueueManager.take(CallQueueManager.java:317)
        at org.apache.hadoop.ipc.Server$Handler.run(Server.java:2942)
"Session-HouseKeeper-2a59eb3f-1"  prio=5 tid=455 timed_waiting
java.lang.Thread.State: TIMED_WAITING
        at sun.misc.Unsafe.park(Native Method)
        at java.util.concurrent.locks.LockSupport.parkNanos(LockSupport.java:215)
        at java.util.concurrent.locks.AbstractQueuedSynchronizer$ConditionObject.awaitNanos(AbstractQueuedSynchronizer.java:2078)
        at java.util.concurrent.ScheduledThreadPoolExecutor$DelayedWorkQueue.take(ScheduledThreadPoolExecutor.java:1093)
        at java.util.concurrent.ScheduledThreadPoolExecutor$DelayedWorkQueue.take(ScheduledThreadPoolExecutor.java:809)
        at java.util.concurrent.ThreadPoolExecutor.getTask(ThreadPoolExecutor.java:1074)
        at java.util.concurrent.ThreadPoolExecutor.runWorker(ThreadPoolExecutor.java:1134)
        at java.util.concurrent.ThreadPoolExecutor$Worker.run(ThreadPoolExecutor.java:624)
        at java.lang.Thread.run(Thread.java:750)
"7b6afef0-558a-4ad8-bcfc-b2255c7aee53-server-thread2" daemon prio=5 tid=885 timed_waiting
java.lang.Thread.State: TIMED_WAITING
        at sun.misc.Unsafe.park(Native Method)
        at java.util.concurrent.locks.LockSupport.parkNanos(LockSupport.java:215)
        at java.util.concurrent.SynchronousQueue$TransferStack.awaitFulfill(SynchronousQueue.java:460)
        at java.util.concurrent.SynchronousQueue$TransferStack.transfer(SynchronousQueue.java:362)
        at java.util.concurrent.SynchronousQueue.poll(SynchronousQueue.java:941)
        at java.util.concurrent.ThreadPoolExecutor.getTask(ThreadPoolExecutor.java:1073)
        at java.util.concurrent.ThreadPoolExecutor.runWorker(ThreadPoolExecutor.java:1134)
        at java.util.concurrent.ThreadPoolExecutor$Worker.run(ThreadPoolExecutor.java:624)
        at java.lang.Thread.run(Thread.java:750)
"21cd38f2-3152-4a7b-bfd6-5bc3f4c93f15@group-2331FFA763EF-StateMachineUpdater" daemon prio=5 tid=633 timed_waiting
java.lang.Thread.State: TIMED_WAITING
        at sun.misc.Unsafe.park(Native Method)
        at java.util.concurrent.locks.LockSupport.parkNanos(LockSupport.java:215)
        at java.util.concurrent.CompletableFuture$Signaller.block(CompletableFuture.java:1709)
        at java.util.concurrent.ForkJoinPool.managedBlock(ForkJoinPool.java:3323)
        at java.util.concurrent.CompletableFuture.timedGet(CompletableFuture.java:1788)
        at java.util.concurrent.CompletableFuture.get(CompletableFuture.java:1928)
        at org.apache.ratis.util.AwaitForSignal.await(AwaitForSignal.java:56)
        at org.apache.ratis.server.impl.StateMachineUpdater.waitForCommit(StateMachineUpdater.java:207)
        at org.apache.ratis.server.impl.StateMachineUpdater.run(StateMachineUpdater.java:176)
        at java.lang.Thread.run(Thread.java:750)
"ChunkWriter-3-0" daemon prio=5 tid=494 in Object.wait()
java.lang.Thread.State: WAITING (on object monitor)
        at sun.misc.Unsafe.park(Native Method)
        at java.util.concurrent.locks.LockSupport.park(LockSupport.java:175)
        at java.util.concurrent.locks.AbstractQueuedSynchronizer$ConditionObject.await(AbstractQueuedSynchronizer.java:2039)
        at java.util.concurrent.LinkedBlockingDeque.takeFirst(LinkedBlockingDeque.java:492)
        at java.util.concurrent.LinkedBlockingDeque.take(LinkedBlockingDeque.java:680)
        at java.util.concurrent.ThreadPoolExecutor.getTask(ThreadPoolExecutor.java:1074)
        at java.util.concurrent.ThreadPoolExecutor.runWorker(ThreadPoolExecutor.java:1134)
        at java.util.concurrent.ThreadPoolExecutor$Worker.run(ThreadPoolExecutor.java:624)
        at java.lang.Thread.run(Thread.java:750)
"BlockDeletingService#0" daemon prio=5 tid=439 in Object.wait()
java.lang.Thread.State: WAITING (on object monitor)
        at sun.misc.Unsafe.park(Native Method)
        at java.util.concurrent.locks.LockSupport.park(LockSupport.java:175)
        at java.util.concurrent.locks.AbstractQueuedSynchronizer$ConditionObject.await(AbstractQueuedSynchronizer.java:2039)
        at java.util.concurrent.ScheduledThreadPoolExecutor$DelayedWorkQueue.take(ScheduledThreadPoolExecutor.java:1088)
        at java.util.concurrent.ScheduledThreadPoolExecutor$DelayedWorkQueue.take(ScheduledThreadPoolExecutor.java:809)
        at java.util.concurrent.ThreadPoolExecutor.getTask(ThreadPoolExecutor.java:1074)
        at java.util.concurrent.ThreadPoolExecutor.runWorker(ThreadPoolExecutor.java:1134)
        at java.util.concurrent.ThreadPoolExecutor$Worker.run(ThreadPoolExecutor.java:624)
        at java.lang.Thread.run(Thread.java:750)
"Session-HouseKeeper-16d92d12-1"  prio=5 tid=262 timed_waiting
java.lang.Thread.State: TIMED_WAITING
        at sun.misc.Unsafe.park(Native Method)
        at java.util.concurrent.locks.LockSupport.parkNanos(LockSupport.java:215)
        at java.util.concurrent.locks.AbstractQueuedSynchronizer$ConditionObject.awaitNanos(AbstractQueuedSynchronizer.java:2078)
        at java.util.concurrent.ScheduledThreadPoolExecutor$DelayedWorkQueue.take(ScheduledThreadPoolExecutor.java:1093)
        at java.util.concurrent.ScheduledThreadPoolExecutor$DelayedWorkQueue.take(ScheduledThreadPoolExecutor.java:809)
        at java.util.concurrent.ThreadPoolExecutor.getTask(ThreadPoolExecutor.java:1074)
        at java.util.concurrent.ThreadPoolExecutor.runWorker(ThreadPoolExecutor.java:1134)
        at java.util.concurrent.ThreadPoolExecutor$Worker.run(ThreadPoolExecutor.java:624)
        at java.lang.Thread.run(Thread.java:750)
"IPC Server idle connection scanner for port 43219" daemon prio=5 tid=25 timed_waiting
java.lang.Thread.State: TIMED_WAITING
        at java.lang.Object.wait(Native Method)
        at java.util.TimerThread.mainLoop(Timer.java:552)
        at java.util.TimerThread.run(Timer.java:505)
"qtp590000838-409" daemon prio=5 tid=409 runnable
java.lang.Thread.State: RUNNABLE
        at sun.nio.ch.EPollArrayWrapper.epollWait(Native Method)
        at sun.nio.ch.EPollArrayWrapper.poll(EPollArrayWrapper.java:269)
        at sun.nio.ch.EPollSelectorImpl.doSelect(EPollSelectorImpl.java:93)
        at sun.nio.ch.SelectorImpl.lockAndDoSelect(SelectorImpl.java:86)
        at sun.nio.ch.SelectorImpl.select(SelectorImpl.java:97)
        at sun.nio.ch.SelectorImpl.select(SelectorImpl.java:101)
        at org.eclipse.jetty.io.ManagedSelector.nioSelect(ManagedSelector.java:183)
        at org.eclipse.jetty.io.ManagedSelector.select(ManagedSelector.java:190)
        at org.eclipse.jetty.io.ManagedSelector$SelectorProducer.select(ManagedSelector.java:606)
        at org.eclipse.jetty.io.ManagedSelector$SelectorProducer.produce(ManagedSelector.java:543)
        at org.eclipse.jetty.util.thread.strategy.EatWhatYouKill.produceTask(EatWhatYouKill.java:362)
        at org.eclipse.jetty.util.thread.strategy.EatWhatYouKill.doProduce(EatWhatYouKill.java:186)
        at org.eclipse.jetty.util.thread.strategy.EatWhatYouKill.tryProduce(EatWhatYouKill.java:173)
        at org.eclipse.jetty.util.thread.strategy.EatWhatYouKill.produce(EatWhatYouKill.java:137)
        at org.eclipse.jetty.io.ManagedSelector$$Lambda$446/1148867963.run(Unknown Source)
        at org.eclipse.jetty.util.thread.QueuedThreadPool.runJob(QueuedThreadPool.java:883)
        at org.eclipse.jetty.util.thread.QueuedThreadPool$Runner.run(QueuedThreadPool.java:1034)
        at java.lang.Thread.run(Thread.java:750)
"IPC Server listener on 0" daemon prio=5 tid=23 runnable
java.lang.Thread.State: RUNNABLE
        at sun.nio.ch.EPollArrayWrapper.epollWait(Native Method)
        at sun.nio.ch.EPollArrayWrapper.poll(EPollArrayWrapper.java:269)
        at sun.nio.ch.EPollSelectorImpl.doSelect(EPollSelectorImpl.java:93)
        at sun.nio.ch.SelectorImpl.lockAndDoSelect(SelectorImpl.java:86)
        at sun.nio.ch.SelectorImpl.select(SelectorImpl.java:97)
        at sun.nio.ch.SelectorImpl.select(SelectorImpl.java:101)
        at org.apache.hadoop.ipc.Server$Listener.run(Server.java:1358)
"BlockDeletingService#0" daemon prio=5 tid=473 in Object.wait()
java.lang.Thread.State: WAITING (on object monitor)
        at sun.misc.Unsafe.park(Native Method)
        at java.util.concurrent.locks.LockSupport.park(LockSupport.java:175)
        at java.util.concurrent.locks.AbstractQueuedSynchronizer$ConditionObject.await(AbstractQueuedSynchronizer.java:2039)
        at java.util.concurrent.ScheduledThreadPoolExecutor$DelayedWorkQueue.take(ScheduledThreadPoolExecutor.java:1088)
        at java.util.concurrent.ScheduledThreadPoolExecutor$DelayedWorkQueue.take(ScheduledThreadPoolExecutor.java:809)
        at java.util.concurrent.ThreadPoolExecutor.getTask(ThreadPoolExecutor.java:1074)
        at java.util.concurrent.ThreadPoolExecutor.runWorker(ThreadPoolExecutor.java:1134)
        at java.util.concurrent.ThreadPoolExecutor$Worker.run(ThreadPoolExecutor.java:624)
        at java.lang.Thread.run(Thread.java:750)
"ChunkReader-3" daemon prio=5 tid=789 in Object.wait()
java.lang.Thread.State: WAITING (on object monitor)
        at sun.misc.Unsafe.park(Native Method)
        at java.util.concurrent.locks.LockSupport.park(LockSupport.java:175)
        at java.util.concurrent.locks.AbstractQueuedSynchronizer$ConditionObject.await(AbstractQueuedSynchronizer.java:2039)
        at java.util.concurrent.LinkedBlockingQueue.take(LinkedBlockingQueue.java:442)
        at java.util.concurrent.ThreadPoolExecutor.getTask(ThreadPoolExecutor.java:1074)
        at java.util.concurrent.ThreadPoolExecutor.runWorker(ThreadPoolExecutor.java:1134)
        at java.util.concurrent.ThreadPoolExecutor$Worker.run(ThreadPoolExecutor.java:624)
        at java.lang.Thread.run(Thread.java:750)
"qtp1527666058-311" daemon prio=5 tid=311 timed_waiting
java.lang.Thread.State: TIMED_WAITING
        at sun.misc.Unsafe.park(Native Method)
        at java.util.concurrent.locks.LockSupport.parkNanos(LockSupport.java:215)
        at java.util.concurrent.locks.AbstractQueuedSynchronizer$ConditionObject.awaitNanos(AbstractQueuedSynchronizer.java:2078)
        at org.eclipse.jetty.util.BlockingArrayQueue.poll(BlockingArrayQueue.java:382)
        at org.eclipse.jetty.util.thread.QueuedThreadPool$Runner.idleJobPoll(QueuedThreadPool.java:974)
        at org.eclipse.jetty.util.thread.QueuedThreadPool$Runner.run(QueuedThreadPool.java:1018)
        at java.lang.Thread.run(Thread.java:750)
"0c9bf628-edfc-473a-824e-eb061e1afdb3@group-EE41B3B0F527-SegmentedRaftLogWorker"  prio=5 tid=561 timed_waiting
java.lang.Thread.State: TIMED_WAITING
        at sun.misc.Unsafe.park(Native Method)
        at java.util.concurrent.locks.LockSupport.parkNanos(LockSupport.java:215)
        at java.util.concurrent.locks.AbstractQueuedSynchronizer$ConditionObject.awaitNanos(AbstractQueuedSynchronizer.java:2078)
        at org.apache.ratis.util.DataBlockingQueue.poll(DataBlockingQueue.java:148)
        at org.apache.ratis.server.raftlog.segmented.SegmentedRaftLogWorker.run(SegmentedRaftLogWorker.java:310)
        at org.apache.ratis.server.raftlog.segmented.SegmentedRaftLogWorker$$Lambda$665/1172168715.run(Unknown Source)
        at java.lang.Thread.run(Thread.java:750)
"BlockDeletingService#2" daemon prio=5 tid=903 in Object.wait()
java.lang.Thread.State: WAITING (on object monitor)
        at sun.misc.Unsafe.park(Native Method)
        at java.util.concurrent.locks.LockSupport.park(LockSupport.java:175)
        at java.util.concurrent.locks.AbstractQueuedSynchronizer$ConditionObject.await(AbstractQueuedSynchronizer.java:2039)
        at java.util.concurrent.ScheduledThreadPoolExecutor$DelayedWorkQueue.take(ScheduledThreadPoolExecutor.java:1088)
        at java.util.concurrent.ScheduledThreadPoolExecutor$DelayedWorkQueue.take(ScheduledThreadPoolExecutor.java:809)
        at java.util.concurrent.ThreadPoolExecutor.getTask(ThreadPoolExecutor.java:1074)
        at java.util.concurrent.ThreadPoolExecutor.runWorker(ThreadPoolExecutor.java:1134)
        at java.util.concurrent.ThreadPoolExecutor$Worker.run(ThreadPoolExecutor.java:624)
        at java.lang.Thread.run(Thread.java:750)
"ChunkReader-ELG-0" daemon prio=5 tid=484 runnable
java.lang.Thread.State: RUNNABLE
        at org.apache.ratis.thirdparty.io.netty.channel.epoll.Native.epollWait(Native Method)
        at org.apache.ratis.thirdparty.io.netty.channel.epoll.Native.epollWait(Native.java:209)
        at org.apache.ratis.thirdparty.io.netty.channel.epoll.Native.epollWait(Native.java:202)
        at org.apache.ratis.thirdparty.io.netty.channel.epoll.EpollEventLoop.epollWaitNoTimerChange(EpollEventLoop.java:294)
        at org.apache.ratis.thirdparty.io.netty.channel.epoll.EpollEventLoop.run(EpollEventLoop.java:351)
        at org.apache.ratis.thirdparty.io.netty.util.concurrent.SingleThreadEventExecutor$4.run(SingleThreadEventExecutor.java:995)
        at org.apache.ratis.thirdparty.io.netty.util.internal.ThreadExecutorMap$2.run(ThreadExecutorMap.java:74)
        at java.lang.Thread.run(Thread.java:750)
"qtp590000838-412" daemon prio=5 tid=412 timed_waiting
java.lang.Thread.State: TIMED_WAITING
        at sun.misc.Unsafe.park(Native Method)
        at java.util.concurrent.locks.LockSupport.parkNanos(LockSupport.java:215)
        at java.util.concurrent.locks.AbstractQueuedSynchronizer$ConditionObject.awaitNanos(AbstractQueuedSynchronizer.java:2078)
        at org.eclipse.jetty.util.BlockingArrayQueue.poll(BlockingArrayQueue.java:382)
        at org.eclipse.jetty.util.thread.QueuedThreadPool$Runner.idleJobPoll(QueuedThreadPool.java:974)
        at org.eclipse.jetty.util.thread.QueuedThreadPool$Runner.run(QueuedThreadPool.java:1018)
        at java.lang.Thread.run(Thread.java:750)
"ChunkWriter-1-0" daemon prio=5 tid=538 in Object.wait()
java.lang.Thread.State: WAITING (on object monitor)
        at sun.misc.Unsafe.park(Native Method)
        at java.util.concurrent.locks.LockSupport.park(LockSupport.java:175)
        at java.util.concurrent.locks.AbstractQueuedSynchronizer$ConditionObject.await(AbstractQueuedSynchronizer.java:2039)
        at java.util.concurrent.LinkedBlockingDeque.takeFirst(LinkedBlockingDeque.java:492)
        at java.util.concurrent.LinkedBlockingDeque.take(LinkedBlockingDeque.java:680)
        at java.util.concurrent.ThreadPoolExecutor.getTask(ThreadPoolExecutor.java:1074)
        at java.util.concurrent.ThreadPoolExecutor.runWorker(ThreadPoolExecutor.java:1134)
        at java.util.concurrent.ThreadPoolExecutor$Worker.run(ThreadPoolExecutor.java:624)
        at java.lang.Thread.run(Thread.java:750)
"qtp39650278-235" daemon prio=5 tid=235 timed_waiting
java.lang.Thread.State: TIMED_WAITING
        at sun.misc.Unsafe.park(Native Method)
        at java.util.concurrent.locks.LockSupport.parkNanos(LockSupport.java:215)
        at java.util.concurrent.locks.AbstractQueuedSynchronizer$ConditionObject.awaitNanos(AbstractQueuedSynchronizer.java:2078)
        at org.eclipse.jetty.util.BlockingArrayQueue.poll(BlockingArrayQueue.java:382)
        at org.eclipse.jetty.util.thread.QueuedThreadPool$Runner.idleJobPoll(QueuedThreadPool.java:974)
        at org.eclipse.jetty.util.thread.QueuedThreadPool$Runner.run(QueuedThreadPool.java:1018)
        at java.lang.Thread.run(Thread.java:750)
"pool-141-thread-1"  prio=5 tid=603 in Object.wait()
java.lang.Thread.State: WAITING (on object monitor)
        at sun.misc.Unsafe.park(Native Method)
        at java.util.concurrent.locks.LockSupport.park(LockSupport.java:175)
        at java.util.concurrent.locks.AbstractQueuedSynchronizer$ConditionObject.await(AbstractQueuedSynchronizer.java:2039)
        at java.util.concurrent.LinkedBlockingQueue.take(LinkedBlockingQueue.java:442)
        at java.util.concurrent.ThreadPoolExecutor.getTask(ThreadPoolExecutor.java:1074)
        at java.util.concurrent.ThreadPoolExecutor.runWorker(ThreadPoolExecutor.java:1134)
        at java.util.concurrent.ThreadPoolExecutor$Worker.run(ThreadPoolExecutor.java:624)
        at java.lang.Thread.run(Thread.java:750)
"IPC Server listener on 0" daemon prio=5 tid=27 runnable
java.lang.Thread.State: RUNNABLE
        at sun.nio.ch.EPollArrayWrapper.epollWait(Native Method)
        at sun.nio.ch.EPollArrayWrapper.poll(EPollArrayWrapper.java:269)
        at sun.nio.ch.EPollSelectorImpl.doSelect(EPollSelectorImpl.java:93)
        at sun.nio.ch.SelectorImpl.lockAndDoSelect(SelectorImpl.java:86)
        at sun.nio.ch.SelectorImpl.select(SelectorImpl.java:97)
        at sun.nio.ch.SelectorImpl.select(SelectorImpl.java:101)
        at org.apache.hadoop.ipc.Server$Listener.run(Server.java:1358)
"ChunkWriter-2-0" daemon prio=5 tid=435 in Object.wait()
java.lang.Thread.State: WAITING (on object monitor)
        at sun.misc.Unsafe.park(Native Method)
        at java.util.concurrent.locks.LockSupport.park(LockSupport.java:175)
        at java.util.concurrent.locks.AbstractQueuedSynchronizer$ConditionObject.await(AbstractQueuedSynchronizer.java:2039)
        at java.util.concurrent.LinkedBlockingDeque.takeFirst(LinkedBlockingDeque.java:492)
        at java.util.concurrent.LinkedBlockingDeque.take(LinkedBlockingDeque.java:680)
        at java.util.concurrent.ThreadPoolExecutor.getTask(ThreadPoolExecutor.java:1074)
        at java.util.concurrent.ThreadPoolExecutor.runWorker(ThreadPoolExecutor.java:1134)
        at java.util.concurrent.ThreadPoolExecutor$Worker.run(ThreadPoolExecutor.java:624)
        at java.lang.Thread.run(Thread.java:750)
"qtp590000838-415" daemon prio=5 tid=415 timed_waiting
java.lang.Thread.State: TIMED_WAITING
        at sun.misc.Unsafe.park(Native Method)
        at java.util.concurrent.locks.LockSupport.parkNanos(LockSupport.java:215)
        at java.util.concurrent.locks.AbstractQueuedSynchronizer$ConditionObject.awaitNanos(AbstractQueuedSynchronizer.java:2078)
        at org.eclipse.jetty.util.BlockingArrayQueue.poll(BlockingArrayQueue.java:382)
        at org.eclipse.jetty.util.thread.QueuedThreadPool$Runner.idleJobPoll(QueuedThreadPool.java:974)
        at org.eclipse.jetty.util.thread.QueuedThreadPool$Runner.run(QueuedThreadPool.java:1018)
        at java.lang.Thread.run(Thread.java:750)
"SCMBlockDeletingService#0" daemon prio=5 tid=97 timed_waiting
java.lang.Thread.State: TIMED_WAITING
        at sun.misc.Unsafe.park(Native Method)
        at java.util.concurrent.locks.LockSupport.parkNanos(LockSupport.java:215)
        at java.util.concurrent.locks.AbstractQueuedSynchronizer$ConditionObject.awaitNanos(AbstractQueuedSynchronizer.java:2078)
        at java.util.concurrent.ScheduledThreadPoolExecutor$DelayedWorkQueue.take(ScheduledThreadPoolExecutor.java:1093)
        at java.util.concurrent.ScheduledThreadPoolExecutor$DelayedWorkQueue.take(ScheduledThreadPoolExecutor.java:809)
        at java.util.concurrent.ThreadPoolExecutor.getTask(ThreadPoolExecutor.java:1074)
        at java.util.concurrent.ThreadPoolExecutor.runWorker(ThreadPoolExecutor.java:1134)
        at java.util.concurrent.ThreadPoolExecutor$Worker.run(ThreadPoolExecutor.java:624)
        at java.lang.Thread.run(Thread.java:750)
"Listener at 127.0.0.1/42141"  prio=5 tid=1 runnable
java.lang.Thread.State: RUNNABLE
        at java.lang.Thread.dumpThreads(Native Method)
        at java.lang.Thread.getAllStackTraces(Thread.java:1615)
        at org.apache.ozone.test.TimedOutTestsListener.buildThreadDump(TimedOutTestsListener.java:93)
        at org.apache.ozone.test.TimedOutTestsListener.buildThreadDiagnosticString(TimedOutTestsListener.java:79)
        at org.apache.ozone.test.GenericTestUtils.waitFor(GenericTestUtils.java:224)
        at org.apache.hadoop.ozone.container.TestECContainerRecovery.waitForContainerCount(TestECContainerRecovery.java:265)
        at org.apache.hadoop.ozone.container.TestECContainerRecovery.testContainerRecoveryOverReplicationProcessing(TestECContainerRecovery.java:209)
        at sun.reflect.NativeMethodAccessorImpl.invoke0(Native Method)
        at sun.reflect.NativeMethodAccessorImpl.invoke(NativeMethodAccessorImpl.java:62)
        at sun.reflect.DelegatingMethodAccessorImpl.invoke(DelegatingMethodAccessorImpl.java:43)
        at java.lang.reflect.Method.invoke(Method.java:498)
        at org.junit.platform.commons.util.ReflectionUtils.invokeMethod(ReflectionUtils.java:725)
        at org.junit.jupiter.engine.execution.MethodInvocation.proceed(MethodInvocation.java:60)
        at org.junit.jupiter.engine.execution.InvocationInterceptorChain$ValidatingInvocation.proceed(InvocationInterceptorChain.java:131)
        at org.junit.jupiter.engine.extension.TimeoutExtension.intercept(TimeoutExtension.java:149)
        at org.junit.jupiter.engine.extension.TimeoutExtension.interceptTestableMethod(TimeoutExtension.java:140)
        at org.junit.jupiter.engine.extension.TimeoutExtension.interceptTestMethod(TimeoutExtension.java:84)
        at org.junit.jupiter.engine.descriptor.TestMethodTestDescriptor$$Lambda$158/424398527.apply(Unknown Source)
        at org.junit.jupiter.engine.execution.ExecutableInvoker$ReflectiveInterceptorCall.lambda$ofVoidMethod$0(ExecutableInvoker.java:115)
        at org.junit.jupiter.engine.execution.ExecutableInvoker$ReflectiveInterceptorCall$$Lambda$159/1406014249.apply(Unknown Source)
        at org.junit.jupiter.engine.execution.ExecutableInvoker.lambda$invoke$0(ExecutableInvoker.java:105)
        at org.junit.jupiter.engine.execution.ExecutableInvoker$$Lambda$314/1124162665.apply(Unknown Source)
        at org.junit.jupiter.engine.execution.InvocationInterceptorChain$InterceptedInvocation.proceed(InvocationInterceptorChain.java:106)
        at org.junit.jupiter.engine.execution.InvocationInterceptorChain.proceed(InvocationInterceptorChain.java:64)
        at org.junit.jupiter.engine.execution.InvocationInterceptorChain.chainAndInvoke(InvocationInterceptorChain.java:45)
        at org.junit.jupiter.engine.execution.InvocationInterceptorChain.invoke(InvocationInterceptorChain.java:37)
        at org.junit.jupiter.engine.execution.ExecutableInvoker.invoke(ExecutableInvoker.java:104)
        at org.junit.jupiter.engine.execution.ExecutableInvoker.invoke(ExecutableInvoker.java:98)
        at org.junit.jupiter.engine.descriptor.TestMethodTestDescriptor.lambda$invokeTestMethod$7(TestMethodTestDescriptor.java:214)
        at org.junit.jupiter.engine.descriptor.TestMethodTestDescriptor$$Lambda$1183/1170809459.execute(Unknown Source)
        at org.junit.platform.engine.support.hierarchical.ThrowableCollector.execute(ThrowableCollector.java:73)
        at org.junit.jupiter.engine.descriptor.TestMethodTestDescriptor.invokeTestMethod(TestMethodTestDescriptor.java:210)
        at org.junit.jupiter.engine.descriptor.TestMethodTestDescriptor.execute(TestMethodTestDescriptor.java:135)
        at org.junit.jupiter.engine.descriptor.TestMethodTestDescriptor.execute(TestMethodTestDescriptor.java:66)
        at org.junit.platform.engine.support.hierarchical.NodeTestTask.lambda$executeRecursively$6(NodeTestTask.java:151)
        at org.junit.platform.engine.support.hierarchical.NodeTestTask$$Lambda$258/308433917.execute(Unknown Source)
        at org.junit.platform.engine.support.hierarchical.ThrowableCollector.execute(ThrowableCollector.java:73)
        at org.junit.platform.engine.support.hierarchical.NodeTestTask.lambda$executeRecursively$8(NodeTestTask.java:141)
        at org.junit.platform.engine.support.hierarchical.NodeTestTask$$Lambda$257/2129442232.invoke(Unknown Source)
        at org.junit.platform.engine.support.hierarchical.Node.around(Node.java:137)
        at org.junit.platform.engine.support.hierarchical.NodeTestTask.lambda$executeRecursively$9(NodeTestTask.java:139)
        at org.junit.platform.engine.support.hierarchical.NodeTestTask$$Lambda$256/1899600175.execute(Unknown Source)
        at org.junit.platform.engine.support.hierarchical.ThrowableCollector.execute(ThrowableCollector.java:73)
        at org.junit.platform.engine.support.hierarchical.NodeTestTask.executeRecursively(NodeTestTask.java:138)
        at org.junit.platform.engine.support.hierarchical.NodeTestTask.execute(NodeTestTask.java:95)
        at org.junit.platform.engine.support.hierarchical.SameThreadHierarchicalTestExecutorService$$Lambda$262/403174823.accept(Unknown Source)
        at java.util.ArrayList.forEach(ArrayList.java:1259)
        at org.junit.platform.engine.support.hierarchical.SameThreadHierarchicalTestExecutorService.invokeAll(SameThreadHierarchicalTestExecutorService.java:41)
        at org.junit.platform.engine.support.hierarchical.NodeTestTask.lambda$executeRecursively$6(NodeTestTask.java:155)
        at org.junit.platform.engine.support.hierarchical.NodeTestTask$$Lambda$258/308433917.execute(Unknown Source)
        at org.junit.platform.engine.support.hierarchical.ThrowableCollector.execute(ThrowableCollector.java:73)
        at org.junit.platform.engine.support.hierarchical.NodeTestTask.lambda$executeRecursively$8(NodeTestTask.java:141)
        at org.junit.platform.engine.support.hierarchical.NodeTestTask$$Lambda$257/2129442232.invoke(Unknown Source)
        at org.junit.platform.engine.support.hierarchical.Node.around(Node.java:137)
        at org.junit.platform.engine.support.hierarchical.NodeTestTask.lambda$executeRecursively$9(NodeTestTask.java:139)
        at org.junit.platform.engine.support.hierarchical.NodeTestTask$$Lambda$256/1899600175.execute(Unknown Source)
        at org.junit.platform.engine.support.hierarchical.ThrowableCollector.execute(ThrowableCollector.java:73)
        at org.junit.platform.engine.support.hierarchical.NodeTestTask.executeRecursively(NodeTestTask.java:138)
        at org.junit.platform.engine.support.hierarchical.NodeTestTask.execute(NodeTestTask.java:95)
        at org.junit.platform.engine.support.hierarchical.SameThreadHierarchicalTestExecutorService$$Lambda$262/403174823.accept(Unknown Source)
        at java.util.ArrayList.forEach(ArrayList.java:1259)
        at org.junit.platform.engine.support.hierarchical.SameThreadHierarchicalTestExecutorService.invokeAll(SameThreadHierarchicalTestExecutorService.java:41)
        at org.junit.platform.engine.support.hierarchical.NodeTestTask.lambda$executeRecursively$6(NodeTestTask.java:155)
        at org.junit.platform.engine.support.hierarchical.NodeTestTask$$Lambda$258/308433917.execute(Unknown Source)
        at org.junit.platform.engine.support.hierarchical.ThrowableCollector.execute(ThrowableCollector.java:73)
        at org.junit.platform.engine.support.hierarchical.NodeTestTask.lambda$executeRecursively$8(NodeTestTask.java:141)
        at org.junit.platform.engine.support.hierarchical.NodeTestTask$$Lambda$257/2129442232.invoke(Unknown Source)
        at org.junit.platform.engine.support.hierarchical.Node.around(Node.java:137)
        at org.junit.platform.engine.support.hierarchical.NodeTestTask.lambda$executeRecursively$9(NodeTestTask.java:139)
        at org.junit.platform.engine.support.hierarchical.NodeTestTask$$Lambda$256/1899600175.execute(Unknown Source)
        at org.junit.platform.engine.support.hierarchical.ThrowableCollector.execute(ThrowableCollector.java:73)
        at org.junit.platform.engine.support.hierarchical.NodeTestTask.executeRecursively(NodeTestTask.java:138)
        at org.junit.platform.engine.support.hierarchical.NodeTestTask.execute(NodeTestTask.java:95)
        at org.junit.platform.engine.support.hierarchical.SameThreadHierarchicalTestExecutorService.submit(SameThreadHierarchicalTestExecutorService.java:35)
        at org.junit.platform.engine.support.hierarchical.HierarchicalTestExecutor.execute(HierarchicalTestExecutor.java:57)
        at org.junit.platform.engine.support.hierarchical.HierarchicalTestEngine.execute(HierarchicalTestEngine.java:54)
        at org.junit.platform.launcher.core.EngineExecutionOrchestrator.execute(EngineExecutionOrchestrator.java:107)
        at org.junit.platform.launcher.core.EngineExecutionOrchestrator.execute(EngineExecutionOrchestrator.java:88)
        at org.junit.platform.launcher.core.EngineExecutionOrchestrator.lambda$execute$0(EngineExecutionOrchestrator.java:54)
        at org.junit.platform.launcher.core.EngineExecutionOrchestrator$$Lambda$214/2050339061.accept(Unknown Source)
        at org.junit.platform.launcher.core.EngineExecutionOrchestrator.withInterceptedStreams(EngineExecutionOrchestrator.java:67)
        at org.junit.platform.launcher.core.EngineExecutionOrchestrator.execute(EngineExecutionOrchestrator.java:52)
        at org.junit.platform.launcher.core.DefaultLauncher.execute(DefaultLauncher.java:114)
        at org.junit.platform.launcher.core.DefaultLauncher.execute(DefaultLauncher.java:86)
        at org.junit.platform.launcher.core.DefaultLauncherSession$DelegatingLauncher.execute(DefaultLauncherSession.java:86)
        at org.junit.platform.launcher.core.SessionPerRequestLauncher.execute(SessionPerRequestLauncher.java:53)
        at org.apache.maven.surefire.junitplatform.JUnitPlatformProvider.execute(JUnitPlatformProvider.java:188)
        at org.apache.maven.surefire.junitplatform.JUnitPlatformProvider.invokeAllTests(JUnitPlatformProvider.java:154)
        at org.apache.maven.surefire.junitplatform.JUnitPlatformProvider.invoke(JUnitPlatformProvider.java:124)
        at org.apache.maven.surefire.booter.ForkedBooter.runSuitesInProcess(ForkedBooter.java:428)
        at org.apache.maven.surefire.booter.ForkedBooter.execute(ForkedBooter.java:162)
        at org.apache.maven.surefire.booter.ForkedBooter.run(ForkedBooter.java:562)
        at org.apache.maven.surefire.booter.ForkedBooter.main(ForkedBooter.java:548)
"IPC Server handler 17 on default port 37753" daemon prio=5 tid=74 timed_waiting
java.lang.Thread.State: TIMED_WAITING
        at sun.misc.Unsafe.park(Native Method)
        at java.util.concurrent.locks.LockSupport.parkNanos(LockSupport.java:215)
        at java.util.concurrent.locks.AbstractQueuedSynchronizer$ConditionObject.awaitNanos(AbstractQueuedSynchronizer.java:2078)
        at java.util.concurrent.LinkedBlockingQueue.poll(LinkedBlockingQueue.java:467)
        at org.apache.hadoop.ipc.CallQueueManager.take(CallQueueManager.java:317)
        at org.apache.hadoop.ipc.Server$Handler.run(Server.java:2942)
"BlockDeletingService#2" daemon prio=5 tid=905 in Object.wait()
java.lang.Thread.State: WAITING (on object monitor)
        at sun.misc.Unsafe.park(Native Method)
        at java.util.concurrent.locks.LockSupport.park(LockSupport.java:175)
        at java.util.concurrent.locks.AbstractQueuedSynchronizer$ConditionObject.await(AbstractQueuedSynchronizer.java:2039)
        at java.util.concurrent.ScheduledThreadPoolExecutor$DelayedWorkQueue.take(ScheduledThreadPoolExecutor.java:1088)
        at java.util.concurrent.ScheduledThreadPoolExecutor$DelayedWorkQueue.take(ScheduledThreadPoolExecutor.java:809)
        at java.util.concurrent.ThreadPoolExecutor.getTask(ThreadPoolExecutor.java:1074)
        at java.util.concurrent.ThreadPoolExecutor.runWorker(ThreadPoolExecutor.java:1134)
        at java.util.concurrent.ThreadPoolExecutor$Worker.run(ThreadPoolExecutor.java:624)
        at java.lang.Thread.run(Thread.java:750)
"ChunkReader-ELG-0" daemon prio=5 tid=496 runnable
java.lang.Thread.State: RUNNABLE
        at org.apache.ratis.thirdparty.io.netty.channel.epoll.Native.epollWait0(Native Method)
        at org.apache.ratis.thirdparty.io.netty.channel.epoll.Native.epollWait(Native.java:182)
        at org.apache.ratis.thirdparty.io.netty.channel.epoll.EpollEventLoop.epollWait(EpollEventLoop.java:290)
        at org.apache.ratis.thirdparty.io.netty.channel.epoll.EpollEventLoop.run(EpollEventLoop.java:354)
        at org.apache.ratis.thirdparty.io.netty.util.concurrent.SingleThreadEventExecutor$4.run(SingleThreadEventExecutor.java:995)
        at org.apache.ratis.thirdparty.io.netty.util.internal.ThreadExecutorMap$2.run(ThreadExecutorMap.java:74)
        at java.lang.Thread.run(Thread.java:750)
"om1@group-C5BA1605619E-StateMachineUpdater" daemon prio=5 tid=127 timed_waiting
java.lang.Thread.State: TIMED_WAITING
        at sun.misc.Unsafe.park(Native Method)
        at java.util.concurrent.locks.LockSupport.parkNanos(LockSupport.java:215)
        at java.util.concurrent.CompletableFuture$Signaller.block(CompletableFuture.java:1709)
        at java.util.concurrent.ForkJoinPool.managedBlock(ForkJoinPool.java:3323)
        at java.util.concurrent.CompletableFuture.timedGet(CompletableFuture.java:1788)
        at java.util.concurrent.CompletableFuture.get(CompletableFuture.java:1928)
        at org.apache.ratis.util.AwaitForSignal.await(AwaitForSignal.java:56)
        at org.apache.ratis.server.impl.StateMachineUpdater.waitForCommit(StateMachineUpdater.java:207)
        at org.apache.ratis.server.impl.StateMachineUpdater.run(StateMachineUpdater.java:176)
        at java.lang.Thread.run(Thread.java:750)
"EndpointStateMachine task thread for /0.0.0.0:43219 - 0 "  prio=5 tid=428 in Object.wait()
java.lang.Thread.State: WAITING (on object monitor)
        at sun.misc.Unsafe.park(Native Method)
        at java.util.concurrent.locks.LockSupport.park(LockSupport.java:175)
        at java.util.concurrent.locks.AbstractQueuedSynchronizer$ConditionObject.await(AbstractQueuedSynchronizer.java:2039)
        at java.util.concurrent.LinkedBlockingQueue.take(LinkedBlockingQueue.java:442)
        at java.util.concurrent.ThreadPoolExecutor.getTask(ThreadPoolExecutor.java:1074)
        at java.util.concurrent.ThreadPoolExecutor.runWorker(ThreadPoolExecutor.java:1134)
        at java.util.concurrent.ThreadPoolExecutor$Worker.run(ThreadPoolExecutor.java:624)
        at java.lang.Thread.run(Thread.java:750)
"IPC Server listener on 0" daemon prio=5 tid=120 runnable
java.lang.Thread.State: RUNNABLE
        at sun.nio.ch.EPollArrayWrapper.epollWait(Native Method)
        at sun.nio.ch.EPollArrayWrapper.poll(EPollArrayWrapper.java:269)
        at sun.nio.ch.EPollSelectorImpl.doSelect(EPollSelectorImpl.java:93)
        at sun.nio.ch.SelectorImpl.lockAndDoSelect(SelectorImpl.java:86)
        at sun.nio.ch.SelectorImpl.select(SelectorImpl.java:97)
        at sun.nio.ch.SelectorImpl.select(SelectorImpl.java:101)
        at org.apache.hadoop.ipc.Server$Listener.run(Server.java:1358)
"21cd38f2-3152-4a7b-bfd6-5bc3f4c93f15@group-728B1F2A2928-SegmentedRaftLogWorker"  prio=5 tid=611 timed_waiting
java.lang.Thread.State: TIMED_WAITING
        at sun.misc.Unsafe.park(Native Method)
        at java.util.concurrent.locks.LockSupport.parkNanos(LockSupport.java:215)
        at java.util.concurrent.locks.AbstractQueuedSynchronizer$ConditionObject.awaitNanos(AbstractQueuedSynchronizer.java:2078)
        at org.apache.ratis.util.DataBlockingQueue.poll(DataBlockingQueue.java:148)
        at org.apache.ratis.server.raftlog.segmented.SegmentedRaftLogWorker.run(SegmentedRaftLogWorker.java:310)
        at org.apache.ratis.server.raftlog.segmented.SegmentedRaftLogWorker$$Lambda$665/1172168715.run(Unknown Source)
        at java.lang.Thread.run(Thread.java:750)
"7b6afef0-558a-4ad8-bcfc-b2255c7aee53@group-1A113F53DBAA-SegmentedRaftLogWorker"  prio=5 tid=668 timed_waiting
java.lang.Thread.State: TIMED_WAITING
        at sun.misc.Unsafe.park(Native Method)
        at java.util.concurrent.locks.LockSupport.parkNanos(LockSupport.java:215)
        at java.util.concurrent.locks.AbstractQueuedSynchronizer$ConditionObject.awaitNanos(AbstractQueuedSynchronizer.java:2078)
        at org.apache.ratis.util.DataBlockingQueue.poll(DataBlockingQueue.java:148)
        at org.apache.ratis.server.raftlog.segmented.SegmentedRaftLogWorker.run(SegmentedRaftLogWorker.java:310)
        at org.apache.ratis.server.raftlog.segmented.SegmentedRaftLogWorker$$Lambda$665/1172168715.run(Unknown Source)
        at java.lang.Thread.run(Thread.java:750)
"ChunkWriter-3-0" daemon prio=5 tid=482 in Object.wait()
java.lang.Thread.State: WAITING (on object monitor)
        at sun.misc.Unsafe.park(Native Method)
        at java.util.concurrent.locks.LockSupport.park(LockSupport.java:175)
        at java.util.concurrent.locks.AbstractQueuedSynchronizer$ConditionObject.await(AbstractQueuedSynchronizer.java:2039)
        at java.util.concurrent.LinkedBlockingDeque.takeFirst(LinkedBlockingDeque.java:492)
        at java.util.concurrent.LinkedBlockingDeque.take(LinkedBlockingDeque.java:680)
        at java.util.concurrent.ThreadPoolExecutor.getTask(ThreadPoolExecutor.java:1074)
        at java.util.concurrent.ThreadPoolExecutor.runWorker(ThreadPoolExecutor.java:1134)
        at java.util.concurrent.ThreadPoolExecutor$Worker.run(ThreadPoolExecutor.java:624)
        at java.lang.Thread.run(Thread.java:750)
"grpc-default-worker-ELG-3-2" daemon prio=5 tid=570 runnable
java.lang.Thread.State: RUNNABLE
        at org.apache.ratis.thirdparty.io.netty.channel.epoll.Native.epollWait0(Native Method)
        at org.apache.ratis.thirdparty.io.netty.channel.epoll.Native.epollWait(Native.java:182)
        at org.apache.ratis.thirdparty.io.netty.channel.epoll.EpollEventLoop.epollWait(EpollEventLoop.java:290)
        at org.apache.ratis.thirdparty.io.netty.channel.epoll.EpollEventLoop.run(EpollEventLoop.java:354)
        at org.apache.ratis.thirdparty.io.netty.util.concurrent.SingleThreadEventExecutor$4.run(SingleThreadEventExecutor.java:995)
        at org.apache.ratis.thirdparty.io.netty.util.internal.ThreadExecutorMap$2.run(ThreadExecutorMap.java:74)
        at org.apache.ratis.thirdparty.io.netty.util.concurrent.FastThreadLocalRunnable.run(FastThreadLocalRunnable.java:30)
        at java.lang.Thread.run(Thread.java:750)
"ChunkReader-1" daemon prio=5 tid=776 in Object.wait()
java.lang.Thread.State: WAITING (on object monitor)
        at sun.misc.Unsafe.park(Native Method)
        at java.util.concurrent.locks.LockSupport.park(LockSupport.java:175)
        at java.util.concurrent.locks.AbstractQueuedSynchronizer$ConditionObject.await(AbstractQueuedSynchronizer.java:2039)
        at java.util.concurrent.LinkedBlockingQueue.take(LinkedBlockingQueue.java:442)
        at java.util.concurrent.ThreadPoolExecutor.getTask(ThreadPoolExecutor.java:1074)
        at java.util.concurrent.ThreadPoolExecutor.runWorker(ThreadPoolExecutor.java:1134)
        at java.util.concurrent.ThreadPoolExecutor$Worker.run(ThreadPoolExecutor.java:624)
        at java.lang.Thread.run(Thread.java:750)
"pool-118-thread-1"  prio=5 tid=580 in Object.wait()
java.lang.Thread.State: WAITING (on object monitor)
        at sun.misc.Unsafe.park(Native Method)
        at java.util.concurrent.locks.LockSupport.park(LockSupport.java:175)
        at java.util.concurrent.locks.AbstractQueuedSynchronizer$ConditionObject.await(AbstractQueuedSynchronizer.java:2039)
        at java.util.concurrent.LinkedBlockingQueue.take(LinkedBlockingQueue.java:442)
        at java.util.concurrent.ThreadPoolExecutor.getTask(ThreadPoolExecutor.java:1074)
        at java.util.concurrent.ThreadPoolExecutor.runWorker(ThreadPoolExecutor.java:1134)
        at java.util.concurrent.ThreadPoolExecutor$Worker.run(ThreadPoolExecutor.java:624)
        at java.lang.Thread.run(Thread.java:750)
"qtp1757536605-336" daemon prio=5 tid=336 timed_waiting
java.lang.Thread.State: TIMED_WAITING
        at sun.misc.Unsafe.park(Native Method)
        at java.util.concurrent.locks.LockSupport.parkNanos(LockSupport.java:215)
        at java.util.concurrent.locks.AbstractQueuedSynchronizer$ConditionObject.awaitNanos(AbstractQueuedSynchronizer.java:2078)
        at org.eclipse.jetty.util.BlockingArrayQueue.poll(BlockingArrayQueue.java:382)
        at org.eclipse.jetty.util.thread.QueuedThreadPool$Runner.idleJobPoll(QueuedThreadPool.java:974)
        at org.eclipse.jetty.util.thread.QueuedThreadPool$Runner.run(QueuedThreadPool.java:1018)
        at java.lang.Thread.run(Thread.java:750)
"Datanode ReportManager Thread - 1" daemon prio=5 tid=291 timed_waiting
java.lang.Thread.State: TIMED_WAITING
        at sun.misc.Unsafe.park(Native Method)
        at java.util.concurrent.locks.LockSupport.parkNanos(LockSupport.java:215)
        at java.util.concurrent.locks.AbstractQueuedSynchronizer$ConditionObject.awaitNanos(AbstractQueuedSynchronizer.java:2078)
        at java.util.concurrent.ScheduledThreadPoolExecutor$DelayedWorkQueue.take(ScheduledThreadPoolExecutor.java:1093)
        at java.util.concurrent.ScheduledThreadPoolExecutor$DelayedWorkQueue.take(ScheduledThreadPoolExecutor.java:809)
        at java.util.concurrent.ThreadPoolExecutor.getTask(ThreadPoolExecutor.java:1074)
        at java.util.concurrent.ThreadPoolExecutor.runWorker(ThreadPoolExecutor.java:1134)
        at java.util.concurrent.ThreadPoolExecutor$Worker.run(ThreadPoolExecutor.java:624)
        at java.lang.Thread.run(Thread.java:750)
"IPC Server handler 7 on default port 34213" daemon prio=5 tid=44 timed_waiting
java.lang.Thread.State: TIMED_WAITING
        at sun.misc.Unsafe.park(Native Method)
        at java.util.concurrent.locks.LockSupport.parkNanos(LockSupport.java:215)
        at java.util.concurrent.locks.AbstractQueuedSynchronizer$ConditionObject.awaitNanos(AbstractQueuedSynchronizer.java:2078)
        at java.util.concurrent.LinkedBlockingQueue.poll(LinkedBlockingQueue.java:467)
        at org.apache.hadoop.ipc.CallQueueManager.take(CallQueueManager.java:317)
        at org.apache.hadoop.ipc.Server$Handler.run(Server.java:2942)
"EventQueue-OpenPipelineForHealthyPipelineSafeModeRule" daemon prio=5 tid=562 in Object.wait()
java.lang.Thread.State: WAITING (on object monitor)
        at sun.misc.Unsafe.park(Native Method)
        at java.util.concurrent.locks.LockSupport.park(LockSupport.java:175)
        at java.util.concurrent.locks.AbstractQueuedSynchronizer$ConditionObject.await(AbstractQueuedSynchronizer.java:2039)
        at java.util.concurrent.LinkedBlockingQueue.take(LinkedBlockingQueue.java:442)
        at java.util.concurrent.ThreadPoolExecutor.getTask(ThreadPoolExecutor.java:1074)
        at java.util.concurrent.ThreadPoolExecutor.runWorker(ThreadPoolExecutor.java:1134)
        at java.util.concurrent.ThreadPoolExecutor$Worker.run(ThreadPoolExecutor.java:624)
        at java.lang.Thread.run(Thread.java:750)
"ChunkWriter-2-0" daemon prio=5 tid=469 in Object.wait()
java.lang.Thread.State: WAITING (on object monitor)
        at sun.misc.Unsafe.park(Native Method)
        at java.util.concurrent.locks.LockSupport.park(LockSupport.java:175)
        at java.util.concurrent.locks.AbstractQueuedSynchronizer$ConditionObject.await(AbstractQueuedSynchronizer.java:2039)
        at java.util.concurrent.LinkedBlockingDeque.takeFirst(LinkedBlockingDeque.java:492)
        at java.util.concurrent.LinkedBlockingDeque.take(LinkedBlockingDeque.java:680)
        at java.util.concurrent.ThreadPoolExecutor.getTask(ThreadPoolExecutor.java:1074)
        at java.util.concurrent.ThreadPoolExecutor.runWorker(ThreadPoolExecutor.java:1134)
        at java.util.concurrent.ThreadPoolExecutor$Worker.run(ThreadPoolExecutor.java:624)
        at java.lang.Thread.run(Thread.java:750)
"org.apache.hadoop.util.JvmPauseMonitor$Monitor@7a379ced" daemon prio=5 tid=296 timed_waiting
java.lang.Thread.State: TIMED_WAITING
        at java.lang.Thread.sleep(Native Method)
        at org.apache.hadoop.util.JvmPauseMonitor$Monitor.run(JvmPauseMonitor.java:192)
        at java.lang.Thread.run(Thread.java:750)
"0c9bf628-edfc-473a-824e-eb061e1afdb3@group-EE41B3B0F527-LeaderStateImpl" daemon prio=5 tid=676 timed_waiting
java.lang.Thread.State: TIMED_WAITING
        at sun.misc.Unsafe.park(Native Method)
        at java.util.concurrent.locks.LockSupport.parkNanos(LockSupport.java:215)
        at java.util.concurrent.locks.AbstractQueuedSynchronizer$ConditionObject.awaitNanos(AbstractQueuedSynchronizer.java:2078)
        at java.util.concurrent.ArrayBlockingQueue.poll(ArrayBlockingQueue.java:418)
        at org.apache.ratis.server.impl.LeaderStateImpl$EventQueue.poll(LeaderStateImpl.java:159)
        at org.apache.ratis.server.impl.LeaderStateImpl$EventProcessor.run(LeaderStateImpl.java:630)
"Datanode ReportManager Thread - 1" daemon prio=5 tid=346 timed_waiting
java.lang.Thread.State: TIMED_WAITING
        at sun.misc.Unsafe.park(Native Method)
        at java.util.concurrent.locks.LockSupport.parkNanos(LockSupport.java:215)
        at java.util.concurrent.locks.AbstractQueuedSynchronizer$ConditionObject.awaitNanos(AbstractQueuedSynchronizer.java:2078)
        at java.util.concurrent.ScheduledThreadPoolExecutor$DelayedWorkQueue.take(ScheduledThreadPoolExecutor.java:1093)
        at java.util.concurrent.ScheduledThreadPoolExecutor$DelayedWorkQueue.take(ScheduledThreadPoolExecutor.java:809)
        at java.util.concurrent.ThreadPoolExecutor.getTask(ThreadPoolExecutor.java:1074)
        at java.util.concurrent.ThreadPoolExecutor.runWorker(ThreadPoolExecutor.java:1134)
        at java.util.concurrent.ThreadPoolExecutor$Worker.run(ThreadPoolExecutor.java:624)
        at java.lang.Thread.run(Thread.java:750)
"qtp2019923144-136-acceptor-0@744f045c-ServerConnector@4f7ef133{HTTP/1.1, (http/1.1)}{0.0.0.0:37721}" daemon prio=3 tid=136 runnable
java.lang.Thread.State: RUNNABLE
        at sun.nio.ch.ServerSocketChannelImpl.accept0(Native Method)
        at sun.nio.ch.ServerSocketChannelImpl.accept(ServerSocketChannelImpl.java:421)
        at sun.nio.ch.ServerSocketChannelImpl.accept(ServerSocketChannelImpl.java:249)
        at org.eclipse.jetty.server.ServerConnector.accept(ServerConnector.java:388)
        at org.eclipse.jetty.server.AbstractConnector$Acceptor.run(AbstractConnector.java:704)
        at org.eclipse.jetty.util.thread.QueuedThreadPool.runJob(QueuedThreadPool.java:883)
        at org.eclipse.jetty.util.thread.QueuedThreadPool$Runner.run(QueuedThreadPool.java:1034)
        at java.lang.Thread.run(Thread.java:750)
"ChunkWriter-0-0" daemon prio=5 tid=479 in Object.wait()
java.lang.Thread.State: WAITING (on object monitor)
        at sun.misc.Unsafe.park(Native Method)
        at java.util.concurrent.locks.LockSupport.park(LockSupport.java:175)
        at java.util.concurrent.locks.AbstractQueuedSynchronizer$ConditionObject.await(AbstractQueuedSynchronizer.java:2039)
        at java.util.concurrent.LinkedBlockingDeque.takeFirst(LinkedBlockingDeque.java:492)
        at java.util.concurrent.LinkedBlockingDeque.take(LinkedBlockingDeque.java:680)
        at java.util.concurrent.ThreadPoolExecutor.getTask(ThreadPoolExecutor.java:1074)
        at java.util.concurrent.ThreadPoolExecutor.runWorker(ThreadPoolExecutor.java:1134)
        at java.util.concurrent.ThreadPoolExecutor$Worker.run(ThreadPoolExecutor.java:624)
        at java.lang.Thread.run(Thread.java:750)
"StaleRecoveringContainerScrubbingService#2" daemon prio=5 tid=894 in Object.wait()
java.lang.Thread.State: WAITING (on object monitor)
        at sun.misc.Unsafe.park(Native Method)
        at java.util.concurrent.locks.LockSupport.park(LockSupport.java:175)
        at java.util.concurrent.locks.AbstractQueuedSynchronizer$ConditionObject.await(AbstractQueuedSynchronizer.java:2039)
        at java.util.concurrent.ScheduledThreadPoolExecutor$DelayedWorkQueue.take(ScheduledThreadPoolExecutor.java:1088)
        at java.util.concurrent.ScheduledThreadPoolExecutor$DelayedWorkQueue.take(ScheduledThreadPoolExecutor.java:809)
        at java.util.concurrent.ThreadPoolExecutor.getTask(ThreadPoolExecutor.java:1074)
        at java.util.concurrent.ThreadPoolExecutor.runWorker(ThreadPoolExecutor.java:1134)
        at java.util.concurrent.ThreadPoolExecutor$Worker.run(ThreadPoolExecutor.java:624)
        at java.lang.Thread.run(Thread.java:750)
"IPC Server handler 14 on default port 34213" daemon prio=5 tid=51 timed_waiting
java.lang.Thread.State: TIMED_WAITING
        at sun.misc.Unsafe.park(Native Method)
        at java.util.concurrent.locks.LockSupport.parkNanos(LockSupport.java:215)
        at java.util.concurrent.locks.AbstractQueuedSynchronizer$ConditionObject.awaitNanos(AbstractQueuedSynchronizer.java:2078)
        at java.util.concurrent.LinkedBlockingQueue.poll(LinkedBlockingQueue.java:467)
        at org.apache.hadoop.ipc.CallQueueManager.take(CallQueueManager.java:317)
        at org.apache.hadoop.ipc.Server$Handler.run(Server.java:2942)
"StaleRecoveringContainerScrubbingService#0" daemon prio=5 tid=440 in Object.wait()
java.lang.Thread.State: WAITING (on object monitor)
        at sun.misc.Unsafe.park(Native Method)
        at java.util.concurrent.locks.LockSupport.park(LockSupport.java:175)
        at java.util.concurrent.locks.AbstractQueuedSynchronizer$ConditionObject.await(AbstractQueuedSynchronizer.java:2039)
        at java.util.concurrent.ScheduledThreadPoolExecutor$DelayedWorkQueue.take(ScheduledThreadPoolExecutor.java:1088)
        at java.util.concurrent.ScheduledThreadPoolExecutor$DelayedWorkQueue.take(ScheduledThreadPoolExecutor.java:809)
        at java.util.concurrent.ThreadPoolExecutor.getTask(ThreadPoolExecutor.java:1074)
        at java.util.concurrent.ThreadPoolExecutor.runWorker(ThreadPoolExecutor.java:1134)
        at java.util.concurrent.ThreadPoolExecutor$Worker.run(ThreadPoolExecutor.java:624)
        at java.lang.Thread.run(Thread.java:750)
"qtp39650278-231" daemon prio=5 tid=231 timed_waiting
java.lang.Thread.State: TIMED_WAITING
        at sun.misc.Unsafe.park(Native Method)
        at java.util.concurrent.locks.LockSupport.parkNanos(LockSupport.java:215)
        at java.util.concurrent.locks.AbstractQueuedSynchronizer$ConditionObject.awaitNanos(AbstractQueuedSynchronizer.java:2078)
        at org.eclipse.jetty.util.BlockingArrayQueue.poll(BlockingArrayQueue.java:382)
        at org.eclipse.jetty.util.thread.QueuedThreadPool$Runner.idleJobPoll(QueuedThreadPool.java:974)
        at org.eclipse.jetty.util.thread.QueuedThreadPool$Runner.run(QueuedThreadPool.java:1018)
        at java.lang.Thread.run(Thread.java:750)
"Datanode ReportManager Thread - 1" daemon prio=5 tid=458 in Object.wait()
java.lang.Thread.State: WAITING (on object monitor)
        at sun.misc.Unsafe.park(Native Method)
        at java.util.concurrent.locks.LockSupport.park(LockSupport.java:175)
        at java.util.concurrent.locks.AbstractQueuedSynchronizer$ConditionObject.await(AbstractQueuedSynchronizer.java:2039)
        at java.util.concurrent.ScheduledThreadPoolExecutor$DelayedWorkQueue.take(ScheduledThreadPoolExecutor.java:1088)
        at java.util.concurrent.ScheduledThreadPoolExecutor$DelayedWorkQueue.take(ScheduledThreadPoolExecutor.java:809)
        at java.util.concurrent.ThreadPoolExecutor.getTask(ThreadPoolExecutor.java:1074)
        at java.util.concurrent.ThreadPoolExecutor.runWorker(ThreadPoolExecutor.java:1134)
        at java.util.concurrent.ThreadPoolExecutor$Worker.run(ThreadPoolExecutor.java:624)
        at java.lang.Thread.run(Thread.java:750)
"qtp675831479-260" daemon prio=5 tid=260 timed_waiting
java.lang.Thread.State: TIMED_WAITING
        at sun.misc.Unsafe.park(Native Method)
        at java.util.concurrent.locks.LockSupport.parkNanos(LockSupport.java:215)
        at java.util.concurrent.locks.AbstractQueuedSynchronizer$ConditionObject.awaitNanos(AbstractQueuedSynchronizer.java:2078)
        at org.eclipse.jetty.util.BlockingArrayQueue.poll(BlockingArrayQueue.java:382)
        at org.eclipse.jetty.util.thread.QueuedThreadPool$Runner.idleJobPoll(QueuedThreadPool.java:974)
        at org.eclipse.jetty.util.thread.QueuedThreadPool$Runner.run(QueuedThreadPool.java:1018)
        at java.lang.Thread.run(Thread.java:750)
"7b6afef0-558a-4ad8-bcfc-b2255c7aee53@group-EB7B5BA8336E-FollowerState" daemon prio=5 tid=878 timed_waiting
java.lang.Thread.State: TIMED_WAITING
        at java.lang.Thread.sleep(Native Method)
        at java.lang.Thread.sleep(Thread.java:342)
        at java.util.concurrent.TimeUnit.sleep(TimeUnit.java:386)
        at org.apache.ratis.util.TimeDuration.sleep(TimeDuration.java:325)
        at org.apache.ratis.util.TimeDuration.sleep(TimeDuration.java:310)
        at org.apache.ratis.server.impl.FollowerState.run(FollowerState.java:128)
"Datanode ReportManager Thread - 2" daemon prio=5 tid=186 in Object.wait()
java.lang.Thread.State: WAITING (on object monitor)
        at sun.misc.Unsafe.park(Native Method)
        at java.util.concurrent.locks.LockSupport.park(LockSupport.java:175)
        at java.util.concurrent.locks.AbstractQueuedSynchronizer$ConditionObject.await(AbstractQueuedSynchronizer.java:2039)
        at java.util.concurrent.ScheduledThreadPoolExecutor$DelayedWorkQueue.take(ScheduledThreadPoolExecutor.java:1088)
        at java.util.concurrent.ScheduledThreadPoolExecutor$DelayedWorkQueue.take(ScheduledThreadPoolExecutor.java:809)
        at java.util.concurrent.ThreadPoolExecutor.getTask(ThreadPoolExecutor.java:1074)
        at java.util.concurrent.ThreadPoolExecutor.runWorker(ThreadPoolExecutor.java:1134)
        at java.util.concurrent.ThreadPoolExecutor$Worker.run(ThreadPoolExecutor.java:624)
        at java.lang.Thread.run(Thread.java:750)
"EventQueue-NewNodeForNewNodeHandler" daemon prio=5 tid=501 in Object.wait()
java.lang.Thread.State: WAITING (on object monitor)
        at sun.misc.Unsafe.park(Native Method)
        at java.util.concurrent.locks.LockSupport.park(LockSupport.java:175)
        at java.util.concurrent.locks.AbstractQueuedSynchronizer$ConditionObject.await(AbstractQueuedSynchronizer.java:2039)
        at java.util.concurrent.LinkedBlockingQueue.take(LinkedBlockingQueue.java:442)
        at java.util.concurrent.ThreadPoolExecutor.getTask(ThreadPoolExecutor.java:1074)
        at java.util.concurrent.ThreadPoolExecutor.runWorker(ThreadPoolExecutor.java:1134)
        at java.util.concurrent.ThreadPoolExecutor$Worker.run(ThreadPoolExecutor.java:624)
        at java.lang.Thread.run(Thread.java:750)
"qtp1757536605-333-acceptor-0@341608df-ServerConnector@1270c8ec{HTTP/1.1, (http/1.1)}{0.0.0.0:33165}" daemon prio=3 tid=333 runnable
java.lang.Thread.State: RUNNABLE
        at sun.nio.ch.ServerSocketChannelImpl.accept0(Native Method)
        at sun.nio.ch.ServerSocketChannelImpl.accept(ServerSocketChannelImpl.java:421)
        at sun.nio.ch.ServerSocketChannelImpl.accept(ServerSocketChannelImpl.java:249)
        at org.eclipse.jetty.server.ServerConnector.accept(ServerConnector.java:388)
        at org.eclipse.jetty.server.AbstractConnector$Acceptor.run(AbstractConnector.java:704)
        at org.eclipse.jetty.util.thread.QueuedThreadPool.runJob(QueuedThreadPool.java:883)
        at org.eclipse.jetty.util.thread.QueuedThreadPool$Runner.run(QueuedThreadPool.java:1034)
        at java.lang.Thread.run(Thread.java:750)
"IPC Server handler 11 on default port 43219" daemon prio=5 tid=88 timed_waiting
java.lang.Thread.State: TIMED_WAITING
        at sun.misc.Unsafe.park(Native Method)
        at java.util.concurrent.locks.LockSupport.parkNanos(LockSupport.java:215)
        at java.util.concurrent.locks.AbstractQueuedSynchronizer$ConditionObject.awaitNanos(AbstractQueuedSynchronizer.java:2078)
        at java.util.concurrent.LinkedBlockingQueue.poll(LinkedBlockingQueue.java:467)
        at org.apache.hadoop.ipc.CallQueueManager.take(CallQueueManager.java:317)
        at org.apache.hadoop.ipc.Server$Handler.run(Server.java:2942)
"aa3e6641-ac34-45f8-85b4-6614ff527932@group-728B1F2A2928->9d921ae2-dac8-442e-8311-fdc102c02170-GrpcLogAppender-LogAppenderDaemon" daemon prio=5 tid=715 timed_waiting
java.lang.Thread.State: TIMED_WAITING
        at sun.misc.Unsafe.park(Native Method)
        at java.util.concurrent.locks.LockSupport.parkNanos(LockSupport.java:215)
        at java.util.concurrent.CompletableFuture$Signaller.block(CompletableFuture.java:1709)
        at java.util.concurrent.ForkJoinPool.managedBlock(ForkJoinPool.java:3323)
        at java.util.concurrent.CompletableFuture.timedGet(CompletableFuture.java:1788)
        at java.util.concurrent.CompletableFuture.get(CompletableFuture.java:1928)
        at org.apache.ratis.util.AwaitForSignal.await(AwaitForSignal.java:56)
        at org.apache.ratis.grpc.server.GrpcLogAppender.mayWait(GrpcLogAppender.java:198)
        at org.apache.ratis.grpc.server.GrpcLogAppender.run(GrpcLogAppender.java:148)
        at org.apache.ratis.server.leader.LogAppenderDaemon.run(LogAppenderDaemon.java:78)
        at org.apache.ratis.server.leader.LogAppenderDaemon$$Lambda$1049/2105102615.run(Unknown Source)
        at java.lang.Thread.run(Thread.java:750)
"9d921ae2-dac8-442e-8311-fdc102c02170@group-728B1F2A2928-FollowerState" daemon prio=5 tid=712 timed_waiting
java.lang.Thread.State: TIMED_WAITING
        at java.lang.Thread.sleep(Native Method)
        at java.lang.Thread.sleep(Thread.java:342)
        at java.util.concurrent.TimeUnit.sleep(TimeUnit.java:386)
        at org.apache.ratis.util.TimeDuration.sleep(TimeDuration.java:325)
        at org.apache.ratis.util.TimeDuration.sleep(TimeDuration.java:310)
        at org.apache.ratis.server.impl.FollowerState.run(FollowerState.java:128)
"qtp1111535829-282" daemon prio=5 tid=282 timed_waiting
java.lang.Thread.State: TIMED_WAITING
        at sun.misc.Unsafe.park(Native Method)
        at java.util.concurrent.locks.LockSupport.parkNanos(LockSupport.java:215)
        at java.util.concurrent.locks.AbstractQueuedSynchronizer$ConditionObject.awaitNanos(AbstractQueuedSynchronizer.java:2078)
        at org.eclipse.jetty.util.BlockingArrayQueue.poll(BlockingArrayQueue.java:382)
        at org.eclipse.jetty.util.thread.QueuedThreadPool$Runner.idleJobPoll(QueuedThreadPool.java:974)
        at org.eclipse.jetty.util.thread.QueuedThreadPool$Runner.run(QueuedThreadPool.java:1018)
        at java.lang.Thread.run(Thread.java:750)
"qtp39650278-229-acceptor-0@1d4b40c2-ServerConnector@129d65a0{HTTP/1.1, (http/1.1)}{0.0.0.0:34395}" daemon prio=3 tid=229 runnable
java.lang.Thread.State: RUNNABLE
        at sun.nio.ch.ServerSocketChannelImpl.accept0(Native Method)
        at sun.nio.ch.ServerSocketChannelImpl.accept(ServerSocketChannelImpl.java:421)
        at sun.nio.ch.ServerSocketChannelImpl.accept(ServerSocketChannelImpl.java:249)
        at org.eclipse.jetty.server.ServerConnector.accept(ServerConnector.java:388)
        at org.eclipse.jetty.server.AbstractConnector$Acceptor.run(AbstractConnector.java:704)
        at org.eclipse.jetty.util.thread.QueuedThreadPool.runJob(QueuedThreadPool.java:883)
        at org.eclipse.jetty.util.thread.QueuedThreadPool$Runner.run(QueuedThreadPool.java:1034)
        at java.lang.Thread.run(Thread.java:750)
"pool-246-thread-1"  prio=5 tid=370 timed_waiting
java.lang.Thread.State: TIMED_WAITING
        at sun.misc.Unsafe.park(Native Method)
        at java.util.concurrent.locks.LockSupport.parkNanos(LockSupport.java:215)
        at java.util.concurrent.locks.AbstractQueuedSynchronizer$ConditionObject.awaitNanos(AbstractQueuedSynchronizer.java:2078)
        at java.util.concurrent.ScheduledThreadPoolExecutor$DelayedWorkQueue.take(ScheduledThreadPoolExecutor.java:1093)
        at java.util.concurrent.ScheduledThreadPoolExecutor$DelayedWorkQueue.take(ScheduledThreadPoolExecutor.java:809)
        at java.util.concurrent.ThreadPoolExecutor.getTask(ThreadPoolExecutor.java:1074)
        at java.util.concurrent.ThreadPoolExecutor.runWorker(ThreadPoolExecutor.java:1134)
        at java.util.concurrent.ThreadPoolExecutor$Worker.run(ThreadPoolExecutor.java:624)
        at java.lang.Thread.run(Thread.java:750)
"RatisPipelineUtilsThread - 0"  prio=5 tid=15 timed_waiting
java.lang.Thread.State: TIMED_WAITING
        at java.lang.Object.wait(Native Method)
        at org.apache.hadoop.hdds.scm.pipeline.BackgroundPipelineCreator.run(BackgroundPipelineCreator.java:176)
        at org.apache.hadoop.hdds.scm.pipeline.BackgroundPipelineCreator$$Lambda$372/1281205497.run(Unknown Source)
        at java.lang.Thread.run(Thread.java:750)
"IPC Server handler 13 on default port 43219" daemon prio=5 tid=90 timed_waiting
java.lang.Thread.State: TIMED_WAITING
        at sun.misc.Unsafe.park(Native Method)
        at java.util.concurrent.locks.LockSupport.parkNanos(LockSupport.java:215)
        at java.util.concurrent.locks.AbstractQueuedSynchronizer$ConditionObject.awaitNanos(AbstractQueuedSynchronizer.java:2078)
        at java.util.concurrent.LinkedBlockingQueue.poll(LinkedBlockingQueue.java:467)
        at org.apache.hadoop.ipc.CallQueueManager.take(CallQueueManager.java:317)
        at org.apache.hadoop.ipc.Server$Handler.run(Server.java:2942)
"Command processor thread" daemon prio=5 tid=462 timed_waiting
java.lang.Thread.State: TIMED_WAITING
        at java.lang.Thread.sleep(Native Method)
        at org.apache.hadoop.ozone.container.common.statemachine.DatanodeStateMachine.lambda$initCommandHandlerThread$3(DatanodeStateMachine.java:641)
        at org.apache.hadoop.ozone.container.common.statemachine.DatanodeStateMachine$$Lambda$752/223020468.run(Unknown Source)
        at java.lang.Thread.run(Thread.java:750)
"qtp47095269-451" daemon prio=5 tid=451 timed_waiting
java.lang.Thread.State: TIMED_WAITING
        at sun.misc.Unsafe.park(Native Method)
        at java.util.concurrent.locks.LockSupport.parkNanos(LockSupport.java:215)
        at java.util.concurrent.locks.AbstractQueuedSynchronizer$ConditionObject.awaitNanos(AbstractQueuedSynchronizer.java:2078)
        at org.eclipse.jetty.util.BlockingArrayQueue.poll(BlockingArrayQueue.java:382)
        at org.eclipse.jetty.util.thread.QueuedThreadPool$Runner.idleJobPoll(QueuedThreadPool.java:974)
        at org.eclipse.jetty.util.thread.QueuedThreadPool$Runner.run(QueuedThreadPool.java:1018)
        at java.lang.Thread.run(Thread.java:750)
"BlockDeletingService#1" daemon prio=5 tid=499 timed_waiting
java.lang.Thread.State: TIMED_WAITING
        at sun.misc.Unsafe.park(Native Method)
        at java.util.concurrent.locks.LockSupport.parkNanos(LockSupport.java:215)
        at java.util.concurrent.locks.AbstractQueuedSynchronizer$ConditionObject.awaitNanos(AbstractQueuedSynchronizer.java:2078)
        at java.util.concurrent.ScheduledThreadPoolExecutor$DelayedWorkQueue.take(ScheduledThreadPoolExecutor.java:1093)
        at java.util.concurrent.ScheduledThreadPoolExecutor$DelayedWorkQueue.take(ScheduledThreadPoolExecutor.java:809)
        at java.util.concurrent.ThreadPoolExecutor.getTask(ThreadPoolExecutor.java:1074)
        at java.util.concurrent.ThreadPoolExecutor.runWorker(ThreadPoolExecutor.java:1134)
        at java.util.concurrent.ThreadPoolExecutor$Worker.run(ThreadPoolExecutor.java:624)
        at java.lang.Thread.run(Thread.java:750)
"EventQueue-CommandQueueReportForCommandQueueReportHandler" daemon prio=5 tid=559 in Object.wait()
java.lang.Thread.State: WAITING (on object monitor)
        at sun.misc.Unsafe.park(Native Method)
        at java.util.concurrent.locks.LockSupport.park(LockSupport.java:175)
        at java.util.concurrent.locks.AbstractQueuedSynchronizer$ConditionObject.await(AbstractQueuedSynchronizer.java:2039)
        at java.util.concurrent.LinkedBlockingQueue.take(LinkedBlockingQueue.java:442)
        at java.util.concurrent.ThreadPoolExecutor.getTask(ThreadPoolExecutor.java:1074)
        at java.util.concurrent.ThreadPoolExecutor.runWorker(ThreadPoolExecutor.java:1134)
        at java.util.concurrent.ThreadPoolExecutor$Worker.run(ThreadPoolExecutor.java:624)
        at java.lang.Thread.run(Thread.java:750)
"qtp590000838-411" daemon prio=5 tid=411 timed_waiting
java.lang.Thread.State: TIMED_WAITING
        at sun.misc.Unsafe.park(Native Method)
        at java.util.concurrent.locks.LockSupport.parkNanos(LockSupport.java:215)
        at java.util.concurrent.locks.AbstractQueuedSynchronizer$ConditionObject.awaitNanos(AbstractQueuedSynchronizer.java:2078)
        at org.eclipse.jetty.util.BlockingArrayQueue.poll(BlockingArrayQueue.java:382)
        at org.eclipse.jetty.util.thread.QueuedThreadPool$Runner.idleJobPoll(QueuedThreadPool.java:974)
        at org.eclipse.jetty.util.thread.QueuedThreadPool$Runner.run(QueuedThreadPool.java:1018)
        at java.lang.Thread.run(Thread.java:750)
"Datanode ReportManager Thread - 4" daemon prio=5 tid=294 in Object.wait()
java.lang.Thread.State: WAITING (on object monitor)
        at sun.misc.Unsafe.park(Native Method)
        at java.util.concurrent.locks.LockSupport.park(LockSupport.java:175)
        at java.util.concurrent.locks.AbstractQueuedSynchronizer$ConditionObject.await(AbstractQueuedSynchronizer.java:2039)
        at java.util.concurrent.ScheduledThreadPoolExecutor$DelayedWorkQueue.take(ScheduledThreadPoolExecutor.java:1088)
        at java.util.concurrent.ScheduledThreadPoolExecutor$DelayedWorkQueue.take(ScheduledThreadPoolExecutor.java:809)
        at java.util.concurrent.ThreadPoolExecutor.getTask(ThreadPoolExecutor.java:1074)
        at java.util.concurrent.ThreadPoolExecutor.runWorker(ThreadPoolExecutor.java:1134)
        at java.util.concurrent.ThreadPoolExecutor$Worker.run(ThreadPoolExecutor.java:624)
        at java.lang.Thread.run(Thread.java:750)
"9d921ae2-dac8-442e-8311-fdc102c02170@group-6F4198D0503B-StateMachineUpdater" daemon prio=5 tid=636 timed_waiting
java.lang.Thread.State: TIMED_WAITING
        at sun.misc.Unsafe.park(Native Method)
        at java.util.concurrent.locks.LockSupport.parkNanos(LockSupport.java:215)
        at java.util.concurrent.CompletableFuture$Signaller.block(CompletableFuture.java:1709)
        at java.util.concurrent.ForkJoinPool.managedBlock(ForkJoinPool.java:3323)
        at java.util.concurrent.CompletableFuture.timedGet(CompletableFuture.java:1788)
        at java.util.concurrent.CompletableFuture.get(CompletableFuture.java:1928)
        at org.apache.ratis.util.AwaitForSignal.await(AwaitForSignal.java:56)
        at org.apache.ratis.server.impl.StateMachineUpdater.waitForCommit(StateMachineUpdater.java:207)
        at org.apache.ratis.server.impl.StateMachineUpdater.run(StateMachineUpdater.java:176)
        at java.lang.Thread.run(Thread.java:750)
"Datanode ReportManager Thread - 3" daemon prio=5 tid=267 timed_waiting
java.lang.Thread.State: TIMED_WAITING
        at sun.misc.Unsafe.park(Native Method)
        at java.util.concurrent.locks.LockSupport.parkNanos(LockSupport.java:215)
        at java.util.concurrent.locks.AbstractQueuedSynchronizer$ConditionObject.awaitNanos(AbstractQueuedSynchronizer.java:2078)
        at java.util.concurrent.ScheduledThreadPoolExecutor$DelayedWorkQueue.take(ScheduledThreadPoolExecutor.java:1093)
        at java.util.concurrent.ScheduledThreadPoolExecutor$DelayedWorkQueue.take(ScheduledThreadPoolExecutor.java:809)
        at java.util.concurrent.ThreadPoolExecutor.getTask(ThreadPoolExecutor.java:1074)
        at java.util.concurrent.ThreadPoolExecutor.runWorker(ThreadPoolExecutor.java:1134)
        at java.util.concurrent.ThreadPoolExecutor$Worker.run(ThreadPoolExecutor.java:624)
        at java.lang.Thread.run(Thread.java:750)
"qtp1111535829-286" daemon prio=5 tid=286 timed_waiting
java.lang.Thread.State: TIMED_WAITING
        at sun.misc.Unsafe.park(Native Method)
        at java.util.concurrent.locks.LockSupport.parkNanos(LockSupport.java:215)
        at java.util.concurrent.locks.AbstractQueuedSynchronizer$ConditionObject.awaitNanos(AbstractQueuedSynchronizer.java:2078)
        at org.eclipse.jetty.util.BlockingArrayQueue.poll(BlockingArrayQueue.java:382)
        at org.eclipse.jetty.util.thread.QueuedThreadPool$Runner.idleJobPoll(QueuedThreadPool.java:974)
        at org.eclipse.jetty.util.thread.QueuedThreadPool$Runner.run(QueuedThreadPool.java:1018)
        at java.lang.Thread.run(Thread.java:750)
"21cd38f2-3152-4a7b-bfd6-5bc3f4c93f15@group-EF2AFB36FD63-StateMachineUpdater" daemon prio=5 tid=629 timed_waiting
java.lang.Thread.State: TIMED_WAITING
        at sun.misc.Unsafe.park(Native Method)
        at java.util.concurrent.locks.LockSupport.parkNanos(LockSupport.java:215)
        at java.util.concurrent.CompletableFuture$Signaller.block(CompletableFuture.java:1709)
        at java.util.concurrent.ForkJoinPool.managedBlock(ForkJoinPool.java:3323)
        at java.util.concurrent.CompletableFuture.timedGet(CompletableFuture.java:1788)
        at java.util.concurrent.CompletableFuture.get(CompletableFuture.java:1928)
        at org.apache.ratis.util.AwaitForSignal.await(AwaitForSignal.java:56)
        at org.apache.ratis.server.impl.StateMachineUpdater.waitForCommit(StateMachineUpdater.java:207)
        at org.apache.ratis.server.impl.StateMachineUpdater.run(StateMachineUpdater.java:176)
        at java.lang.Thread.run(Thread.java:750)
"EndpointStateMachine task thread for /0.0.0.0:43219 - 0 "  prio=5 tid=548 in Object.wait()
java.lang.Thread.State: WAITING (on object monitor)
        at sun.misc.Unsafe.park(Native Method)
        at java.util.concurrent.locks.LockSupport.park(LockSupport.java:175)
        at java.util.concurrent.locks.AbstractQueuedSynchronizer$ConditionObject.await(AbstractQueuedSynchronizer.java:2039)
        at java.util.concurrent.LinkedBlockingQueue.take(LinkedBlockingQueue.java:442)
        at java.util.concurrent.ThreadPoolExecutor.getTask(ThreadPoolExecutor.java:1074)
        at java.util.concurrent.ThreadPoolExecutor.runWorker(ThreadPoolExecutor.java:1134)
        at java.util.concurrent.ThreadPoolExecutor$Worker.run(ThreadPoolExecutor.java:624)
        at java.lang.Thread.run(Thread.java:750)
"Datanode State Machine Daemon Thread" daemon prio=5 tid=344 timed_waiting
java.lang.Thread.State: TIMED_WAITING
        at java.lang.Thread.sleep(Native Method)
        at org.apache.hadoop.ozone.container.common.statemachine.DatanodeStateMachine.startStateMachineThread(DatanodeStateMachine.java:321)
        at org.apache.hadoop.ozone.container.common.statemachine.DatanodeStateMachine.lambda$startDaemon$0(DatanodeStateMachine.java:506)
        at org.apache.hadoop.ozone.container.common.statemachine.DatanodeStateMachine$$Lambda$750/913259276.run(Unknown Source)
        at java.lang.Thread.run(Thread.java:750)
"ExpiredContainerReplicaOpScrubberThread" daemon prio=5 tid=17 timed_waiting
java.lang.Thread.State: TIMED_WAITING
        at java.lang.Object.wait(Native Method)
        at org.apache.hadoop.hdds.scm.ha.BackgroundSCMService.run(BackgroundSCMService.java:110)
        at org.apache.hadoop.hdds.scm.ha.BackgroundSCMService$$Lambda$375/566105282.run(Unknown Source)
        at java.lang.Thread.run(Thread.java:750)
"5d13066c-11e5-40aa-be9d-008405bad973@group-EB7B5BA8336E-FollowerState" daemon prio=5 tid=879 timed_waiting
java.lang.Thread.State: TIMED_WAITING
        at java.lang.Thread.sleep(Native Method)
        at java.lang.Thread.sleep(Thread.java:342)
        at java.util.concurrent.TimeUnit.sleep(TimeUnit.java:386)
        at org.apache.ratis.util.TimeDuration.sleep(TimeDuration.java:325)
        at org.apache.ratis.util.TimeDuration.sleep(TimeDuration.java:310)
        at org.apache.ratis.server.impl.FollowerState.run(FollowerState.java:128)
"StaleRecoveringContainerScrubbingService#2" daemon prio=5 tid=910 in Object.wait()
java.lang.Thread.State: WAITING (on object monitor)
        at sun.misc.Unsafe.park(Native Method)
        at java.util.concurrent.locks.LockSupport.park(LockSupport.java:175)
        at java.util.concurrent.locks.AbstractQueuedSynchronizer$ConditionObject.await(AbstractQueuedSynchronizer.java:2039)
        at java.util.concurrent.ScheduledThreadPoolExecutor$DelayedWorkQueue.take(ScheduledThreadPoolExecutor.java:1088)
        at java.util.concurrent.ScheduledThreadPoolExecutor$DelayedWorkQueue.take(ScheduledThreadPoolExecutor.java:809)
        at java.util.concurrent.ThreadPoolExecutor.getTask(ThreadPoolExecutor.java:1074)
        at java.util.concurrent.ThreadPoolExecutor.runWorker(ThreadPoolExecutor.java:1134)
        at java.util.concurrent.ThreadPoolExecutor$Worker.run(ThreadPoolExecutor.java:624)
        at java.lang.Thread.run(Thread.java:750)
"Datanode ReportManager Thread - 0" daemon prio=5 tid=383 timed_waiting
java.lang.Thread.State: TIMED_WAITING
        at sun.misc.Unsafe.park(Native Method)
        at java.util.concurrent.locks.LockSupport.parkNanos(LockSupport.java:215)
        at java.util.concurrent.locks.AbstractQueuedSynchronizer$ConditionObject.awaitNanos(AbstractQueuedSynchronizer.java:2078)
        at java.util.concurrent.ScheduledThreadPoolExecutor$DelayedWorkQueue.take(ScheduledThreadPoolExecutor.java:1093)
        at java.util.concurrent.ScheduledThreadPoolExecutor$DelayedWorkQueue.take(ScheduledThreadPoolExecutor.java:809)
        at java.util.concurrent.ThreadPoolExecutor.getTask(ThreadPoolExecutor.java:1074)
        at java.util.concurrent.ThreadPoolExecutor.runWorker(ThreadPoolExecutor.java:1134)
        at java.util.concurrent.ThreadPoolExecutor$Worker.run(ThreadPoolExecutor.java:624)
        at java.lang.Thread.run(Thread.java:750)
"ChunkWriter-1-0" daemon prio=5 tid=480 in Object.wait()
java.lang.Thread.State: WAITING (on object monitor)
        at sun.misc.Unsafe.park(Native Method)
        at java.util.concurrent.locks.LockSupport.park(LockSupport.java:175)
        at java.util.concurrent.locks.AbstractQueuedSynchronizer$ConditionObject.await(AbstractQueuedSynchronizer.java:2039)
        at java.util.concurrent.LinkedBlockingDeque.takeFirst(LinkedBlockingDeque.java:492)
        at java.util.concurrent.LinkedBlockingDeque.take(LinkedBlockingDeque.java:680)
        at java.util.concurrent.ThreadPoolExecutor.getTask(ThreadPoolExecutor.java:1074)
        at java.util.concurrent.ThreadPoolExecutor.runWorker(ThreadPoolExecutor.java:1134)
        at java.util.concurrent.ThreadPoolExecutor$Worker.run(ThreadPoolExecutor.java:624)
        at java.lang.Thread.run(Thread.java:750)
"IPC Server handler 0 on default port 34213" daemon prio=5 tid=37 timed_waiting
java.lang.Thread.State: TIMED_WAITING
        at sun.misc.Unsafe.park(Native Method)
        at java.util.concurrent.locks.LockSupport.parkNanos(LockSupport.java:215)
        at java.util.concurrent.locks.AbstractQueuedSynchronizer$ConditionObject.awaitNanos(AbstractQueuedSynchronizer.java:2078)
        at java.util.concurrent.LinkedBlockingQueue.poll(LinkedBlockingQueue.java:467)
        at org.apache.hadoop.ipc.CallQueueManager.take(CallQueueManager.java:317)
        at org.apache.hadoop.ipc.Server$Handler.run(Server.java:2942)
"timer7" daemon prio=5 tid=722 timed_waiting
java.lang.Thread.State: TIMED_WAITING
        at java.lang.Object.wait(Native Method)
        at java.util.TimerThread.mainLoop(Timer.java:552)
        at java.util.TimerThread.run(Timer.java:505)
"JvmPauseMonitor6" daemon prio=5 tid=495 timed_waiting
java.lang.Thread.State: TIMED_WAITING
        at java.lang.Thread.sleep(Native Method)
        at java.lang.Thread.sleep(Thread.java:342)
        at java.util.concurrent.TimeUnit.sleep(TimeUnit.java:386)
        at org.apache.ratis.util.TimeDuration.sleep(TimeDuration.java:325)
        at org.apache.ratis.util.TimeDuration.sleep(TimeDuration.java:310)
        at org.apache.ratis.util.JvmPauseMonitor.detectPause(JvmPauseMonitor.java:119)
        at org.apache.ratis.util.JvmPauseMonitor.run(JvmPauseMonitor.java:108)
        at org.apache.ratis.util.JvmPauseMonitor$$Lambda$706/479417099.run(Unknown Source)
        at java.lang.Thread.run(Thread.java:750)
"Periodic HDDS volume checker" daemon prio=5 tid=221 timed_waiting
java.lang.Thread.State: TIMED_WAITING
        at sun.misc.Unsafe.park(Native Method)
        at java.util.concurrent.locks.LockSupport.parkNanos(LockSupport.java:215)
        at java.util.concurrent.locks.AbstractQueuedSynchronizer$ConditionObject.awaitNanos(AbstractQueuedSynchronizer.java:2078)
        at java.util.concurrent.ScheduledThreadPoolExecutor$DelayedWorkQueue.take(ScheduledThreadPoolExecutor.java:1093)
        at java.util.concurrent.ScheduledThreadPoolExecutor$DelayedWorkQueue.take(ScheduledThreadPoolExecutor.java:809)
        at java.util.concurrent.ThreadPoolExecutor.getTask(ThreadPoolExecutor.java:1074)
        at java.util.concurrent.ThreadPoolExecutor.runWorker(ThreadPoolExecutor.java:1134)
        at java.util.concurrent.ThreadPoolExecutor$Worker.run(ThreadPoolExecutor.java:624)
        at java.lang.Thread.run(Thread.java:750)
"IPC Parameter Sending Thread #1" daemon prio=5 tid=733 timed_waiting
java.lang.Thread.State: TIMED_WAITING
        at sun.misc.Unsafe.park(Native Method)
        at java.util.concurrent.locks.LockSupport.parkNanos(LockSupport.java:215)
        at java.util.concurrent.SynchronousQueue$TransferStack.awaitFulfill(SynchronousQueue.java:460)
        at java.util.concurrent.SynchronousQueue$TransferStack.transfer(SynchronousQueue.java:362)
        at java.util.concurrent.SynchronousQueue.poll(SynchronousQueue.java:941)
        at java.util.concurrent.ThreadPoolExecutor.getTask(ThreadPoolExecutor.java:1073)
        at java.util.concurrent.ThreadPoolExecutor.runWorker(ThreadPoolExecutor.java:1134)
        at java.util.concurrent.ThreadPoolExecutor$Worker.run(ThreadPoolExecutor.java:624)
        at java.lang.Thread.run(Thread.java:750)
"aa3e6641-ac34-45f8-85b4-6614ff527932@group-728B1F2A2928-LeaderStateImpl" daemon prio=5 tid=714 timed_waiting
java.lang.Thread.State: TIMED_WAITING
        at sun.misc.Unsafe.park(Native Method)
        at java.util.concurrent.locks.LockSupport.parkNanos(LockSupport.java:215)
        at java.util.concurrent.locks.AbstractQueuedSynchronizer$ConditionObject.awaitNanos(AbstractQueuedSynchronizer.java:2078)
        at java.util.concurrent.ArrayBlockingQueue.poll(ArrayBlockingQueue.java:418)
        at org.apache.ratis.server.impl.LeaderStateImpl$EventQueue.poll(LeaderStateImpl.java:159)
        at org.apache.ratis.server.impl.LeaderStateImpl$EventProcessor.run(LeaderStateImpl.java:630)
"qtp47095269-453" daemon prio=5 tid=453 timed_waiting
java.lang.Thread.State: TIMED_WAITING
        at sun.misc.Unsafe.park(Native Method)
        at java.util.concurrent.locks.LockSupport.parkNanos(LockSupport.java:215)
        at java.util.concurrent.locks.AbstractQueuedSynchronizer$ConditionObject.awaitNanos(AbstractQueuedSynchronizer.java:2078)
        at org.eclipse.jetty.util.BlockingArrayQueue.poll(BlockingArrayQueue.java:382)
        at org.eclipse.jetty.util.thread.QueuedThreadPool$Runner.idleJobPoll(QueuedThreadPool.java:974)
        at org.eclipse.jetty.util.thread.QueuedThreadPool$Runner.run(QueuedThreadPool.java:1018)
        at java.lang.Thread.run(Thread.java:750)
"qtp117897905-374" daemon prio=5 tid=374 timed_waiting
java.lang.Thread.State: TIMED_WAITING
        at sun.misc.Unsafe.park(Native Method)
        at java.util.concurrent.locks.LockSupport.parkNanos(LockSupport.java:215)
        at java.util.concurrent.locks.AbstractQueuedSynchronizer$ConditionObject.awaitNanos(AbstractQueuedSynchronizer.java:2078)
        at org.eclipse.jetty.util.BlockingArrayQueue.poll(BlockingArrayQueue.java:382)
        at org.eclipse.jetty.util.thread.QueuedThreadPool$Runner.idleJobPoll(QueuedThreadPool.java:974)
        at org.eclipse.jetty.util.thread.QueuedThreadPool$Runner.run(QueuedThreadPool.java:1018)
        at java.lang.Thread.run(Thread.java:750)
"FullTableCache Cleanup Thread - 0" daemon prio=5 tid=747 in Object.wait()
java.lang.Thread.State: WAITING (on object monitor)
        at sun.misc.Unsafe.park(Native Method)
        at java.util.concurrent.locks.LockSupport.park(LockSupport.java:175)
        at java.util.concurrent.locks.AbstractQueuedSynchronizer$ConditionObject.await(AbstractQueuedSynchronizer.java:2039)
        at java.util.concurrent.LinkedBlockingQueue.take(LinkedBlockingQueue.java:442)
        at java.util.concurrent.ThreadPoolExecutor.getTask(ThreadPoolExecutor.java:1074)
        at java.util.concurrent.ThreadPoolExecutor.runWorker(ThreadPoolExecutor.java:1134)
        at java.util.concurrent.ThreadPoolExecutor$Worker.run(ThreadPoolExecutor.java:624)
        at java.lang.Thread.run(Thread.java:750)
"JvmPauseMonitor10" daemon prio=5 tid=553 timed_waiting
java.lang.Thread.State: TIMED_WAITING
        at java.lang.Thread.sleep(Native Method)
        at java.lang.Thread.sleep(Thread.java:342)
        at java.util.concurrent.TimeUnit.sleep(TimeUnit.java:386)
        at org.apache.ratis.util.TimeDuration.sleep(TimeDuration.java:325)
        at org.apache.ratis.util.TimeDuration.sleep(TimeDuration.java:310)
        at org.apache.ratis.util.JvmPauseMonitor.detectPause(JvmPauseMonitor.java:119)
        at org.apache.ratis.util.JvmPauseMonitor.run(JvmPauseMonitor.java:108)
        at org.apache.ratis.util.JvmPauseMonitor$$Lambda$706/479417099.run(Unknown Source)
        at java.lang.Thread.run(Thread.java:750)
"org.apache.hadoop.ozone.container.common.statemachine.commandhandler.DeleteBlocksCommandHandler$DeleteCmdWorker@28f87cc" daemon prio=5 tid=369 timed_waiting
java.lang.Thread.State: TIMED_WAITING
        at java.lang.Thread.sleep(Native Method)
        at org.apache.hadoop.ozone.container.common.statemachine.commandhandler.DeleteBlocksCommandHandler$DeleteCmdWorker.run(DeleteBlocksCommandHandler.java:183)
        at java.lang.Thread.run(Thread.java:750)
"qtp675831479-256" daemon prio=5 tid=256 timed_waiting
java.lang.Thread.State: TIMED_WAITING
        at sun.misc.Unsafe.park(Native Method)
        at java.util.concurrent.locks.LockSupport.parkNanos(LockSupport.java:215)
        at java.util.concurrent.locks.AbstractQueuedSynchronizer$ConditionObject.awaitNanos(AbstractQueuedSynchronizer.java:2078)
        at org.eclipse.jetty.util.BlockingArrayQueue.poll(BlockingArrayQueue.java:382)
        at org.eclipse.jetty.util.thread.QueuedThreadPool$Runner.idleJobPoll(QueuedThreadPool.java:974)
        at org.eclipse.jetty.util.thread.QueuedThreadPool$Runner.run(QueuedThreadPool.java:1018)
        at java.lang.Thread.run(Thread.java:750)
"IPC Server handler 18 on default port 34213" daemon prio=5 tid=55 timed_waiting
java.lang.Thread.State: TIMED_WAITING
        at sun.misc.Unsafe.park(Native Method)
        at java.util.concurrent.locks.LockSupport.parkNanos(LockSupport.java:215)
        at java.util.concurrent.locks.AbstractQueuedSynchronizer$ConditionObject.awaitNanos(AbstractQueuedSynchronizer.java:2078)
        at java.util.concurrent.LinkedBlockingQueue.poll(LinkedBlockingQueue.java:467)
        at org.apache.hadoop.ipc.CallQueueManager.take(CallQueueManager.java:317)
        at org.apache.hadoop.ipc.Server$Handler.run(Server.java:2942)
"7b6afef0-558a-4ad8-bcfc-b2255c7aee53-server-thread3" daemon prio=5 tid=887 timed_waiting
java.lang.Thread.State: TIMED_WAITING
        at sun.misc.Unsafe.park(Native Method)
        at java.util.concurrent.locks.LockSupport.parkNanos(LockSupport.java:215)
        at java.util.concurrent.SynchronousQueue$TransferStack.awaitFulfill(SynchronousQueue.java:460)
        at java.util.concurrent.SynchronousQueue$TransferStack.transfer(SynchronousQueue.java:362)
        at java.util.concurrent.SynchronousQueue.poll(SynchronousQueue.java:941)
        at java.util.concurrent.ThreadPoolExecutor.getTask(ThreadPoolExecutor.java:1073)
        at java.util.concurrent.ThreadPoolExecutor.runWorker(ThreadPoolExecutor.java:1134)
        at java.util.concurrent.ThreadPoolExecutor$Worker.run(ThreadPoolExecutor.java:624)
        at java.lang.Thread.run(Thread.java:750)
"ChunkWriter-2-0" daemon prio=5 tid=526 in Object.wait()
java.lang.Thread.State: WAITING (on object monitor)
        at sun.misc.Unsafe.park(Native Method)
        at java.util.concurrent.locks.LockSupport.park(LockSupport.java:175)
        at java.util.concurrent.locks.AbstractQueuedSynchronizer$ConditionObject.await(AbstractQueuedSynchronizer.java:2039)
        at java.util.concurrent.LinkedBlockingDeque.takeFirst(LinkedBlockingDeque.java:492)
        at java.util.concurrent.LinkedBlockingDeque.take(LinkedBlockingDeque.java:680)
        at java.util.concurrent.ThreadPoolExecutor.getTask(ThreadPoolExecutor.java:1074)
        at java.util.concurrent.ThreadPoolExecutor.runWorker(ThreadPoolExecutor.java:1134)
        at java.util.concurrent.ThreadPoolExecutor$Worker.run(ThreadPoolExecutor.java:624)
        at java.lang.Thread.run(Thread.java:750)
"Datanode State Machine Task Thread - 0"  prio=5 tid=352 in Object.wait()
java.lang.Thread.State: WAITING (on object monitor)
        at sun.misc.Unsafe.park(Native Method)
        at java.util.concurrent.locks.LockSupport.park(LockSupport.java:175)
        at java.util.concurrent.locks.AbstractQueuedSynchronizer$ConditionObject.await(AbstractQueuedSynchronizer.java:2039)
        at java.util.concurrent.LinkedBlockingQueue.take(LinkedBlockingQueue.java:442)
        at java.util.concurrent.ThreadPoolExecutor.getTask(ThreadPoolExecutor.java:1074)
        at java.util.concurrent.ThreadPoolExecutor.runWorker(ThreadPoolExecutor.java:1134)
        at java.util.concurrent.ThreadPoolExecutor$Worker.run(ThreadPoolExecutor.java:624)
        at java.lang.Thread.run(Thread.java:750)
"IPC Server handler 4 on default port 42141" daemon prio=5 tid=148 timed_waiting
java.lang.Thread.State: TIMED_WAITING
        at sun.misc.Unsafe.park(Native Method)
        at java.util.concurrent.locks.LockSupport.parkNanos(LockSupport.java:215)
        at java.util.concurrent.locks.AbstractQueuedSynchronizer$ConditionObject.awaitNanos(AbstractQueuedSynchronizer.java:2078)
        at java.util.concurrent.LinkedBlockingQueue.poll(LinkedBlockingQueue.java:467)
        at org.apache.hadoop.ipc.CallQueueManager.take(CallQueueManager.java:317)
        at org.apache.hadoop.ipc.Server$Handler.run(Server.java:2942)
"Datanode ReportManager Thread - 0" daemon prio=5 tid=345 in Object.wait()
java.lang.Thread.State: WAITING (on object monitor)
        at sun.misc.Unsafe.park(Native Method)
        at java.util.concurrent.locks.LockSupport.park(LockSupport.java:175)
        at java.util.concurrent.locks.AbstractQueuedSynchronizer$ConditionObject.await(AbstractQueuedSynchronizer.java:2039)
        at java.util.concurrent.ScheduledThreadPoolExecutor$DelayedWorkQueue.take(ScheduledThreadPoolExecutor.java:1088)
        at java.util.concurrent.ScheduledThreadPoolExecutor$DelayedWorkQueue.take(ScheduledThreadPoolExecutor.java:809)
        at java.util.concurrent.ThreadPoolExecutor.getTask(ThreadPoolExecutor.java:1074)
        at java.util.concurrent.ThreadPoolExecutor.runWorker(ThreadPoolExecutor.java:1134)
        at java.util.concurrent.ThreadPoolExecutor$Worker.run(ThreadPoolExecutor.java:624)
        at java.lang.Thread.run(Thread.java:750)
"ChunkWriter-1-0" daemon prio=5 tid=550 in Object.wait()
java.lang.Thread.State: WAITING (on object monitor)
        at sun.misc.Unsafe.park(Native Method)
        at java.util.concurrent.locks.LockSupport.park(LockSupport.java:175)
        at java.util.concurrent.locks.AbstractQueuedSynchronizer$ConditionObject.await(AbstractQueuedSynchronizer.java:2039)
        at java.util.concurrent.LinkedBlockingDeque.takeFirst(LinkedBlockingDeque.java:492)
        at java.util.concurrent.LinkedBlockingDeque.take(LinkedBlockingDeque.java:680)
        at java.util.concurrent.ThreadPoolExecutor.getTask(ThreadPoolExecutor.java:1074)
        at java.util.concurrent.ThreadPoolExecutor.runWorker(ThreadPoolExecutor.java:1134)
        at java.util.concurrent.ThreadPoolExecutor$Worker.run(ThreadPoolExecutor.java:624)
        at java.lang.Thread.run(Thread.java:750)
"pool-203-thread-1" daemon prio=5 tid=327 timed_waiting
java.lang.Thread.State: TIMED_WAITING
        at sun.misc.Unsafe.park(Native Method)
        at java.util.concurrent.locks.LockSupport.parkNanos(LockSupport.java:215)
        at java.util.concurrent.locks.AbstractQueuedSynchronizer$ConditionObject.awaitNanos(AbstractQueuedSynchronizer.java:2078)
        at java.util.concurrent.ScheduledThreadPoolExecutor$DelayedWorkQueue.take(ScheduledThreadPoolExecutor.java:1093)
        at java.util.concurrent.ScheduledThreadPoolExecutor$DelayedWorkQueue.take(ScheduledThreadPoolExecutor.java:809)
        at java.util.concurrent.ThreadPoolExecutor.getTask(ThreadPoolExecutor.java:1074)
        at java.util.concurrent.ThreadPoolExecutor.runWorker(ThreadPoolExecutor.java:1134)
        at java.util.concurrent.ThreadPoolExecutor$Worker.run(ThreadPoolExecutor.java:624)
        at java.lang.Thread.run(Thread.java:750)
"9d921ae2-dac8-442e-8311-fdc102c02170@group-728B1F2A2928-SegmentedRaftLogWorker"  prio=5 tid=616 timed_waiting
java.lang.Thread.State: TIMED_WAITING
        at sun.misc.Unsafe.park(Native Method)
        at java.util.concurrent.locks.LockSupport.parkNanos(LockSupport.java:215)
        at java.util.concurrent.locks.AbstractQueuedSynchronizer$ConditionObject.awaitNanos(AbstractQueuedSynchronizer.java:2078)
        at org.apache.ratis.util.DataBlockingQueue.poll(DataBlockingQueue.java:148)
        at org.apache.ratis.server.raftlog.segmented.SegmentedRaftLogWorker.run(SegmentedRaftLogWorker.java:310)
        at org.apache.ratis.server.raftlog.segmented.SegmentedRaftLogWorker$$Lambda$665/1172168715.run(Unknown Source)
        at java.lang.Thread.run(Thread.java:750)
"BlockDeletingService#1" daemon prio=5 tid=361 timed_waiting
java.lang.Thread.State: TIMED_WAITING
        at sun.misc.Unsafe.park(Native Method)
        at java.util.concurrent.locks.LockSupport.parkNanos(LockSupport.java:215)
        at java.util.concurrent.locks.AbstractQueuedSynchronizer$ConditionObject.awaitNanos(AbstractQueuedSynchronizer.java:2078)
        at java.util.concurrent.ScheduledThreadPoolExecutor$DelayedWorkQueue.take(ScheduledThreadPoolExecutor.java:1093)
        at java.util.concurrent.ScheduledThreadPoolExecutor$DelayedWorkQueue.take(ScheduledThreadPoolExecutor.java:809)
        at java.util.concurrent.ThreadPoolExecutor.getTask(ThreadPoolExecutor.java:1074)
        at java.util.concurrent.ThreadPoolExecutor.runWorker(ThreadPoolExecutor.java:1134)
        at java.util.concurrent.ThreadPoolExecutor$Worker.run(ThreadPoolExecutor.java:624)
        at java.lang.Thread.run(Thread.java:750)
"ChunkWriter-2-0" daemon prio=5 tid=512 in Object.wait()
java.lang.Thread.State: WAITING (on object monitor)
        at sun.misc.Unsafe.park(Native Method)
        at java.util.concurrent.locks.LockSupport.park(LockSupport.java:175)
        at java.util.concurrent.locks.AbstractQueuedSynchronizer$ConditionObject.await(AbstractQueuedSynchronizer.java:2039)
        at java.util.concurrent.LinkedBlockingDeque.takeFirst(LinkedBlockingDeque.java:492)
        at java.util.concurrent.LinkedBlockingDeque.take(LinkedBlockingDeque.java:680)
        at java.util.concurrent.ThreadPoolExecutor.getTask(ThreadPoolExecutor.java:1074)
        at java.util.concurrent.ThreadPoolExecutor.runWorker(ThreadPoolExecutor.java:1134)
        at java.util.concurrent.ThreadPoolExecutor$Worker.run(ThreadPoolExecutor.java:624)
        at java.lang.Thread.run(Thread.java:750)
"Datanode ReportManager Thread - 3" daemon prio=5 tid=422 timed_waiting
java.lang.Thread.State: TIMED_WAITING
        at sun.misc.Unsafe.park(Native Method)
        at java.util.concurrent.locks.LockSupport.parkNanos(LockSupport.java:215)
        at java.util.concurrent.locks.AbstractQueuedSynchronizer$ConditionObject.awaitNanos(AbstractQueuedSynchronizer.java:2078)
        at java.util.concurrent.ScheduledThreadPoolExecutor$DelayedWorkQueue.take(ScheduledThreadPoolExecutor.java:1093)
        at java.util.concurrent.ScheduledThreadPoolExecutor$DelayedWorkQueue.take(ScheduledThreadPoolExecutor.java:809)
        at java.util.concurrent.ThreadPoolExecutor.getTask(ThreadPoolExecutor.java:1074)
        at java.util.concurrent.ThreadPoolExecutor.runWorker(ThreadPoolExecutor.java:1134)
        at java.util.concurrent.ThreadPoolExecutor$Worker.run(ThreadPoolExecutor.java:624)
        at java.lang.Thread.run(Thread.java:750)
"IPC Server handler 11 on default port 42141" daemon prio=5 tid=155 timed_waiting
java.lang.Thread.State: TIMED_WAITING
        at sun.misc.Unsafe.park(Native Method)
        at java.util.concurrent.locks.LockSupport.parkNanos(LockSupport.java:215)
        at java.util.concurrent.locks.AbstractQueuedSynchronizer$ConditionObject.awaitNanos(AbstractQueuedSynchronizer.java:2078)
        at java.util.concurrent.LinkedBlockingQueue.poll(LinkedBlockingQueue.java:467)
        at org.apache.hadoop.ipc.CallQueueManager.take(CallQueueManager.java:317)
        at org.apache.hadoop.ipc.Server$Handler.run(Server.java:2942)
"qtp675831479-261" daemon prio=5 tid=261 timed_waiting
java.lang.Thread.State: TIMED_WAITING
        at sun.misc.Unsafe.park(Native Method)
        at java.util.concurrent.locks.LockSupport.parkNanos(LockSupport.java:215)
        at java.util.concurrent.locks.AbstractQueuedSynchronizer$ConditionObject.awaitNanos(AbstractQueuedSynchronizer.java:2078)
        at org.eclipse.jetty.util.BlockingArrayQueue.poll(BlockingArrayQueue.java:382)
        at org.eclipse.jetty.util.thread.QueuedThreadPool$Runner.idleJobPoll(QueuedThreadPool.java:974)
        at org.eclipse.jetty.util.thread.QueuedThreadPool$Runner.run(QueuedThreadPool.java:1018)
        at java.lang.Thread.run(Thread.java:750)
"Datanode State Machine Daemon Thread" daemon prio=5 tid=237 timed_waiting
java.lang.Thread.State: TIMED_WAITING
        at java.lang.Thread.sleep(Native Method)
        at org.apache.hadoop.ozone.container.common.statemachine.DatanodeStateMachine.startStateMachineThread(DatanodeStateMachine.java:321)
        at org.apache.hadoop.ozone.container.common.statemachine.DatanodeStateMachine.lambda$startDaemon$0(DatanodeStateMachine.java:506)
        at org.apache.hadoop.ozone.container.common.statemachine.DatanodeStateMachine$$Lambda$750/913259276.run(Unknown Source)
        at java.lang.Thread.run(Thread.java:750)
"21cd38f2-3152-4a7b-bfd6-5bc3f4c93f15-server-thread3" daemon prio=5 tid=826 timed_waiting
java.lang.Thread.State: TIMED_WAITING
        at sun.misc.Unsafe.park(Native Method)
        at java.util.concurrent.locks.LockSupport.parkNanos(LockSupport.java:215)
        at java.util.concurrent.SynchronousQueue$TransferStack.awaitFulfill(SynchronousQueue.java:460)
        at java.util.concurrent.SynchronousQueue$TransferStack.transfer(SynchronousQueue.java:362)
        at java.util.concurrent.SynchronousQueue.poll(SynchronousQueue.java:941)
        at java.util.concurrent.ThreadPoolExecutor.getTask(ThreadPoolExecutor.java:1073)
        at java.util.concurrent.ThreadPoolExecutor.runWorker(ThreadPoolExecutor.java:1134)
        at java.util.concurrent.ThreadPoolExecutor$Worker.run(ThreadPoolExecutor.java:624)
        at java.lang.Thread.run(Thread.java:750)
"StaleRecoveringContainerScrubbingService#1" daemon prio=5 tid=441 timed_waiting
java.lang.Thread.State: TIMED_WAITING
        at sun.misc.Unsafe.park(Native Method)
        at java.util.concurrent.locks.LockSupport.parkNanos(LockSupport.java:215)
        at java.util.concurrent.locks.AbstractQueuedSynchronizer$ConditionObject.awaitNanos(AbstractQueuedSynchronizer.java:2078)
        at java.util.concurrent.ScheduledThreadPoolExecutor$DelayedWorkQueue.take(ScheduledThreadPoolExecutor.java:1093)
        at java.util.concurrent.ScheduledThreadPoolExecutor$DelayedWorkQueue.take(ScheduledThreadPoolExecutor.java:809)
        at java.util.concurrent.ThreadPoolExecutor.getTask(ThreadPoolExecutor.java:1074)
        at java.util.concurrent.ThreadPoolExecutor.runWorker(ThreadPoolExecutor.java:1134)
        at java.util.concurrent.ThreadPoolExecutor$Worker.run(ThreadPoolExecutor.java:624)
        at java.lang.Thread.run(Thread.java:750)
"EndpointStateMachine task thread for /0.0.0.0:43219 - 0 "  prio=5 tid=466 in Object.wait()
java.lang.Thread.State: WAITING (on object monitor)
        at sun.misc.Unsafe.park(Native Method)
        at java.util.concurrent.locks.LockSupport.park(LockSupport.java:175)
        at java.util.concurrent.locks.AbstractQueuedSynchronizer$ConditionObject.await(AbstractQueuedSynchronizer.java:2039)
        at java.util.concurrent.LinkedBlockingQueue.take(LinkedBlockingQueue.java:442)
        at java.util.concurrent.ThreadPoolExecutor.getTask(ThreadPoolExecutor.java:1074)
        at java.util.concurrent.ThreadPoolExecutor.runWorker(ThreadPoolExecutor.java:1134)
        at java.util.concurrent.ThreadPoolExecutor$Worker.run(ThreadPoolExecutor.java:624)
        at java.lang.Thread.run(Thread.java:750)
"qtp675831479-259" daemon prio=5 tid=259 timed_waiting
java.lang.Thread.State: TIMED_WAITING
        at sun.misc.Unsafe.park(Native Method)
        at java.util.concurrent.locks.LockSupport.parkNanos(LockSupport.java:215)
        at java.util.concurrent.locks.AbstractQueuedSynchronizer$ConditionObject.awaitNanos(AbstractQueuedSynchronizer.java:2078)
        at org.eclipse.jetty.util.BlockingArrayQueue.poll(BlockingArrayQueue.java:382)
        at org.eclipse.jetty.util.thread.QueuedThreadPool$Runner.idleJobPoll(QueuedThreadPool.java:974)
        at org.eclipse.jetty.util.thread.QueuedThreadPool$Runner.run(QueuedThreadPool.java:1018)
        at java.lang.Thread.run(Thread.java:750)
"pool-300-thread-1"  prio=5 tid=446 timed_waiting
java.lang.Thread.State: TIMED_WAITING
        at sun.misc.Unsafe.park(Native Method)
        at java.util.concurrent.locks.LockSupport.parkNanos(LockSupport.java:215)
        at java.util.concurrent.locks.AbstractQueuedSynchronizer$ConditionObject.awaitNanos(AbstractQueuedSynchronizer.java:2078)
        at java.util.concurrent.ScheduledThreadPoolExecutor$DelayedWorkQueue.take(ScheduledThreadPoolExecutor.java:1093)
        at java.util.concurrent.ScheduledThreadPoolExecutor$DelayedWorkQueue.take(ScheduledThreadPoolExecutor.java:809)
        at java.util.concurrent.ThreadPoolExecutor.getTask(ThreadPoolExecutor.java:1074)
        at java.util.concurrent.ThreadPoolExecutor.runWorker(ThreadPoolExecutor.java:1134)
        at java.util.concurrent.ThreadPoolExecutor$Worker.run(ThreadPoolExecutor.java:624)
        at java.lang.Thread.run(Thread.java:750)
"9d921ae2-dac8-442e-8311-fdc102c02170@group-6F4198D0503B-LeaderStateImpl" daemon prio=5 tid=750 timed_waiting
java.lang.Thread.State: TIMED_WAITING
        at sun.misc.Unsafe.park(Native Method)
        at java.util.concurrent.locks.LockSupport.parkNanos(LockSupport.java:215)
        at java.util.concurrent.locks.AbstractQueuedSynchronizer$ConditionObject.awaitNanos(AbstractQueuedSynchronizer.java:2078)
        at java.util.concurrent.ArrayBlockingQueue.poll(ArrayBlockingQueue.java:418)
        at org.apache.ratis.server.impl.LeaderStateImpl$EventQueue.poll(LeaderStateImpl.java:159)
        at org.apache.ratis.server.impl.LeaderStateImpl$EventProcessor.run(LeaderStateImpl.java:630)
"qtp1757536605-339" daemon prio=5 tid=339 timed_waiting
java.lang.Thread.State: TIMED_WAITING
        at sun.misc.Unsafe.park(Native Method)
        at java.util.concurrent.locks.LockSupport.parkNanos(LockSupport.java:215)
        at java.util.concurrent.locks.AbstractQueuedSynchronizer$ConditionObject.awaitNanos(AbstractQueuedSynchronizer.java:2078)
        at org.eclipse.jetty.util.BlockingArrayQueue.poll(BlockingArrayQueue.java:382)
        at org.eclipse.jetty.util.thread.QueuedThreadPool$Runner.idleJobPoll(QueuedThreadPool.java:974)
        at org.eclipse.jetty.util.thread.QueuedThreadPool$Runner.run(QueuedThreadPool.java:1018)
        at java.lang.Thread.run(Thread.java:750)
"Datanode ReportManager Thread - 4" daemon prio=5 tid=320 timed_waiting
java.lang.Thread.State: TIMED_WAITING
        at sun.misc.Unsafe.park(Native Method)
        at java.util.concurrent.locks.LockSupport.parkNanos(LockSupport.java:215)
        at java.util.concurrent.locks.AbstractQueuedSynchronizer$ConditionObject.awaitNanos(AbstractQueuedSynchronizer.java:2078)
        at java.util.concurrent.ScheduledThreadPoolExecutor$DelayedWorkQueue.take(ScheduledThreadPoolExecutor.java:1093)
        at java.util.concurrent.ScheduledThreadPoolExecutor$DelayedWorkQueue.take(ScheduledThreadPoolExecutor.java:809)
        at java.util.concurrent.ThreadPoolExecutor.getTask(ThreadPoolExecutor.java:1074)
        at java.util.concurrent.ThreadPoolExecutor.runWorker(ThreadPoolExecutor.java:1134)
        at java.util.concurrent.ThreadPoolExecutor$Worker.run(ThreadPoolExecutor.java:624)
        at java.lang.Thread.run(Thread.java:750)
"IPC Server handler 12 on default port 42141" daemon prio=5 tid=156 timed_waiting
java.lang.Thread.State: TIMED_WAITING
        at sun.misc.Unsafe.park(Native Method)
        at java.util.concurrent.locks.LockSupport.parkNanos(LockSupport.java:215)
        at java.util.concurrent.locks.AbstractQueuedSynchronizer$ConditionObject.awaitNanos(AbstractQueuedSynchronizer.java:2078)
        at java.util.concurrent.LinkedBlockingQueue.poll(LinkedBlockingQueue.java:467)
        at org.apache.hadoop.ipc.CallQueueManager.take(CallQueueManager.java:317)
        at org.apache.hadoop.ipc.Server$Handler.run(Server.java:2942)
"ChunkReader-1" daemon prio=5 tid=786 in Object.wait()
java.lang.Thread.State: WAITING (on object monitor)
        at sun.misc.Unsafe.park(Native Method)
        at java.util.concurrent.locks.LockSupport.park(LockSupport.java:175)
        at java.util.concurrent.locks.AbstractQueuedSynchronizer$ConditionObject.await(AbstractQueuedSynchronizer.java:2039)
        at java.util.concurrent.LinkedBlockingQueue.take(LinkedBlockingQueue.java:442)
        at java.util.concurrent.ThreadPoolExecutor.getTask(ThreadPoolExecutor.java:1074)
        at java.util.concurrent.ThreadPoolExecutor.runWorker(ThreadPoolExecutor.java:1134)
        at java.util.concurrent.ThreadPoolExecutor$Worker.run(ThreadPoolExecutor.java:624)
        at java.lang.Thread.run(Thread.java:750)
"qtp1502551983-101-acceptor-0@11a5bcc8-ServerConnector@6fe77a97{HTTP/1.1, (http/1.1)}{0.0.0.0:44377}" daemon prio=3 tid=101 runnable
java.lang.Thread.State: RUNNABLE
        at sun.nio.ch.ServerSocketChannelImpl.accept0(Native Method)
        at sun.nio.ch.ServerSocketChannelImpl.accept(ServerSocketChannelImpl.java:421)
        at sun.nio.ch.ServerSocketChannelImpl.accept(ServerSocketChannelImpl.java:249)
        at org.eclipse.jetty.server.ServerConnector.accept(ServerConnector.java:388)
        at org.eclipse.jetty.server.AbstractConnector$Acceptor.run(AbstractConnector.java:704)
        at org.eclipse.jetty.util.thread.QueuedThreadPool.runJob(QueuedThreadPool.java:883)
        at org.eclipse.jetty.util.thread.QueuedThreadPool$Runner.run(QueuedThreadPool.java:1034)
        at java.lang.Thread.run(Thread.java:750)
"BlockDeletingService#2" daemon prio=5 tid=896 in Object.wait()
java.lang.Thread.State: WAITING (on object monitor)
        at sun.misc.Unsafe.park(Native Method)
        at java.util.concurrent.locks.LockSupport.park(LockSupport.java:175)
        at java.util.concurrent.locks.AbstractQueuedSynchronizer$ConditionObject.await(AbstractQueuedSynchronizer.java:2039)
        at java.util.concurrent.ScheduledThreadPoolExecutor$DelayedWorkQueue.take(ScheduledThreadPoolExecutor.java:1088)
        at java.util.concurrent.ScheduledThreadPoolExecutor$DelayedWorkQueue.take(ScheduledThreadPoolExecutor.java:809)
        at java.util.concurrent.ThreadPoolExecutor.getTask(ThreadPoolExecutor.java:1074)
        at java.util.concurrent.ThreadPoolExecutor.runWorker(ThreadPoolExecutor.java:1134)
        at java.util.concurrent.ThreadPoolExecutor$Worker.run(ThreadPoolExecutor.java:624)
        at java.lang.Thread.run(Thread.java:750)
"Datanode ReportManager Thread - 4" daemon prio=5 tid=461 timed_waiting
java.lang.Thread.State: TIMED_WAITING
        at sun.misc.Unsafe.park(Native Method)
        at java.util.concurrent.locks.LockSupport.parkNanos(LockSupport.java:215)
        at java.util.concurrent.locks.AbstractQueuedSynchronizer$ConditionObject.awaitNanos(AbstractQueuedSynchronizer.java:2078)
        at java.util.concurrent.ScheduledThreadPoolExecutor$DelayedWorkQueue.take(ScheduledThreadPoolExecutor.java:1093)
        at java.util.concurrent.ScheduledThreadPoolExecutor$DelayedWorkQueue.take(ScheduledThreadPoolExecutor.java:809)
        at java.util.concurrent.ThreadPoolExecutor.getTask(ThreadPoolExecutor.java:1074)
        at java.util.concurrent.ThreadPoolExecutor.runWorker(ThreadPoolExecutor.java:1134)
        at java.util.concurrent.ThreadPoolExecutor$Worker.run(ThreadPoolExecutor.java:624)
        at java.lang.Thread.run(Thread.java:750)
"Datanode ReportManager Thread - 1" daemon prio=5 tid=420 in Object.wait()
java.lang.Thread.State: WAITING (on object monitor)
        at sun.misc.Unsafe.park(Native Method)
        at java.util.concurrent.locks.LockSupport.park(LockSupport.java:175)
        at java.util.concurrent.locks.AbstractQueuedSynchronizer$ConditionObject.await(AbstractQueuedSynchronizer.java:2039)
        at java.util.concurrent.ScheduledThreadPoolExecutor$DelayedWorkQueue.take(ScheduledThreadPoolExecutor.java:1088)
        at java.util.concurrent.ScheduledThreadPoolExecutor$DelayedWorkQueue.take(ScheduledThreadPoolExecutor.java:809)
        at java.util.concurrent.ThreadPoolExecutor.getTask(ThreadPoolExecutor.java:1074)
        at java.util.concurrent.ThreadPoolExecutor.runWorker(ThreadPoolExecutor.java:1134)
        at java.util.concurrent.ThreadPoolExecutor$Worker.run(ThreadPoolExecutor.java:624)
        at java.lang.Thread.run(Thread.java:750)
"Over Replicated Processor" daemon prio=5 tid=856 timed_waiting
java.lang.Thread.State: TIMED_WAITING
        at java.lang.Object.wait(Native Method)
        at org.apache.hadoop.hdds.scm.container.replication.OverReplicatedProcessor.run(OverReplicatedProcessor.java:131)
        at java.lang.Thread.run(Thread.java:750)
"OpenKeyCleanupService#0" daemon prio=5 tid=133 timed_waiting
java.lang.Thread.State: TIMED_WAITING
        at sun.misc.Unsafe.park(Native Method)
        at java.util.concurrent.locks.LockSupport.parkNanos(LockSupport.java:215)
        at java.util.concurrent.locks.AbstractQueuedSynchronizer$ConditionObject.awaitNanos(AbstractQueuedSynchronizer.java:2078)
        at java.util.concurrent.ScheduledThreadPoolExecutor$DelayedWorkQueue.take(ScheduledThreadPoolExecutor.java:1093)
        at java.util.concurrent.ScheduledThreadPoolExecutor$DelayedWorkQueue.take(ScheduledThreadPoolExecutor.java:809)
        at java.util.concurrent.ThreadPoolExecutor.getTask(ThreadPoolExecutor.java:1074)
        at java.util.concurrent.ThreadPoolExecutor.runWorker(ThreadPoolExecutor.java:1134)
        at java.util.concurrent.ThreadPoolExecutor$Worker.run(ThreadPoolExecutor.java:624)
        at java.lang.Thread.run(Thread.java:750)
"Datanode ReportManager Thread - 2" daemon prio=5 tid=421 timed_waiting
java.lang.Thread.State: TIMED_WAITING
        at sun.misc.Unsafe.park(Native Method)
        at java.util.concurrent.locks.LockSupport.parkNanos(LockSupport.java:215)
        at java.util.concurrent.locks.AbstractQueuedSynchronizer$ConditionObject.awaitNanos(AbstractQueuedSynchronizer.java:2078)
        at java.util.concurrent.ScheduledThreadPoolExecutor$DelayedWorkQueue.take(ScheduledThreadPoolExecutor.java:1093)
        at java.util.concurrent.ScheduledThreadPoolExecutor$DelayedWorkQueue.take(ScheduledThreadPoolExecutor.java:809)
        at java.util.concurrent.ThreadPoolExecutor.getTask(ThreadPoolExecutor.java:1074)
        at java.util.concurrent.ThreadPoolExecutor.runWorker(ThreadPoolExecutor.java:1134)
        at java.util.concurrent.ThreadPoolExecutor$Worker.run(ThreadPoolExecutor.java:624)
        at java.lang.Thread.run(Thread.java:750)
"EventQueue-PipelineReportForPipelineReportHandler" daemon prio=5 tid=506 in Object.wait()
java.lang.Thread.State: WAITING (on object monitor)
        at sun.misc.Unsafe.park(Native Method)
        at java.util.concurrent.locks.LockSupport.park(LockSupport.java:175)
        at java.util.concurrent.locks.AbstractQueuedSynchronizer$ConditionObject.await(AbstractQueuedSynchronizer.java:2039)
        at java.util.concurrent.LinkedBlockingQueue.take(LinkedBlockingQueue.java:442)
        at java.util.concurrent.ThreadPoolExecutor.getTask(ThreadPoolExecutor.java:1074)
        at java.util.concurrent.ThreadPoolExecutor.runWorker(ThreadPoolExecutor.java:1134)
        at java.util.concurrent.ThreadPoolExecutor$Worker.run(ThreadPoolExecutor.java:624)
        at java.lang.Thread.run(Thread.java:750)
"Command processor thread" daemon prio=5 tid=189 timed_waiting
java.lang.Thread.State: TIMED_WAITING
        at java.lang.Thread.sleep(Native Method)
        at org.apache.hadoop.ozone.container.common.statemachine.DatanodeStateMachine.lambda$initCommandHandlerThread$3(DatanodeStateMachine.java:641)
        at org.apache.hadoop.ozone.container.common.statemachine.DatanodeStateMachine$$Lambda$752/223020468.run(Unknown Source)
        at java.lang.Thread.run(Thread.java:750)
"5d13066c-11e5-40aa-be9d-008405bad973@group-EB7B5BA8336E-SegmentedRaftLogWorker"  prio=5 tid=661 timed_waiting
java.lang.Thread.State: TIMED_WAITING
        at sun.misc.Unsafe.park(Native Method)
        at java.util.concurrent.locks.LockSupport.parkNanos(LockSupport.java:215)
        at java.util.concurrent.locks.AbstractQueuedSynchronizer$ConditionObject.awaitNanos(AbstractQueuedSynchronizer.java:2078)
        at org.apache.ratis.util.DataBlockingQueue.poll(DataBlockingQueue.java:148)
        at org.apache.ratis.server.raftlog.segmented.SegmentedRaftLogWorker.run(SegmentedRaftLogWorker.java:310)
        at org.apache.ratis.server.raftlog.segmented.SegmentedRaftLogWorker$$Lambda$665/1172168715.run(Unknown Source)
        at java.lang.Thread.run(Thread.java:750)
"Datanode State Machine Task Thread - 1"  prio=5 tid=547 in Object.wait()
java.lang.Thread.State: WAITING (on object monitor)
        at sun.misc.Unsafe.park(Native Method)
        at java.util.concurrent.locks.LockSupport.park(LockSupport.java:175)
        at java.util.concurrent.locks.AbstractQueuedSynchronizer$ConditionObject.await(AbstractQueuedSynchronizer.java:2039)
        at java.util.concurrent.LinkedBlockingQueue.take(LinkedBlockingQueue.java:442)
        at java.util.concurrent.ThreadPoolExecutor.getTask(ThreadPoolExecutor.java:1074)
        at java.util.concurrent.ThreadPoolExecutor.runWorker(ThreadPoolExecutor.java:1134)
        at java.util.concurrent.ThreadPoolExecutor$Worker.run(ThreadPoolExecutor.java:624)
        at java.lang.Thread.run(Thread.java:750)
"StaleRecoveringContainerScrubbingService#2" daemon prio=5 tid=908 in Object.wait()
java.lang.Thread.State: WAITING (on object monitor)
        at sun.misc.Unsafe.park(Native Method)
        at java.util.concurrent.locks.LockSupport.park(LockSupport.java:175)
        at java.util.concurrent.locks.AbstractQueuedSynchronizer$ConditionObject.await(AbstractQueuedSynchronizer.java:2039)
        at java.util.concurrent.ScheduledThreadPoolExecutor$DelayedWorkQueue.take(ScheduledThreadPoolExecutor.java:1088)
        at java.util.concurrent.ScheduledThreadPoolExecutor$DelayedWorkQueue.take(ScheduledThreadPoolExecutor.java:809)
        at java.util.concurrent.ThreadPoolExecutor.getTask(ThreadPoolExecutor.java:1074)
        at java.util.concurrent.ThreadPoolExecutor.runWorker(ThreadPoolExecutor.java:1134)
        at java.util.concurrent.ThreadPoolExecutor$Worker.run(ThreadPoolExecutor.java:624)
        at java.lang.Thread.run(Thread.java:750)
"7b6afef0-558a-4ad8-bcfc-b2255c7aee53@group-1A113F53DBAA-StateMachineUpdater" daemon prio=5 tid=670 timed_waiting
java.lang.Thread.State: TIMED_WAITING
        at sun.misc.Unsafe.park(Native Method)
        at java.util.concurrent.locks.LockSupport.parkNanos(LockSupport.java:215)
        at java.util.concurrent.CompletableFuture$Signaller.block(CompletableFuture.java:1709)
        at java.util.concurrent.ForkJoinPool.managedBlock(ForkJoinPool.java:3323)
        at java.util.concurrent.CompletableFuture.timedGet(CompletableFuture.java:1788)
        at java.util.concurrent.CompletableFuture.get(CompletableFuture.java:1928)
        at org.apache.ratis.util.AwaitForSignal.await(AwaitForSignal.java:56)
        at org.apache.ratis.server.impl.StateMachineUpdater.waitForCommit(StateMachineUpdater.java:207)
        at org.apache.ratis.server.impl.StateMachineUpdater.run(StateMachineUpdater.java:176)
        at java.lang.Thread.run(Thread.java:750)
"ChunkWriter-2-0" daemon prio=5 tid=493 in Object.wait()
java.lang.Thread.State: WAITING (on object monitor)
        at sun.misc.Unsafe.park(Native Method)
        at java.util.concurrent.locks.LockSupport.park(LockSupport.java:175)
        at java.util.concurrent.locks.AbstractQueuedSynchronizer$ConditionObject.await(AbstractQueuedSynchronizer.java:2039)
        at java.util.concurrent.LinkedBlockingDeque.takeFirst(LinkedBlockingDeque.java:492)
        at java.util.concurrent.LinkedBlockingDeque.take(LinkedBlockingDeque.java:680)
        at java.util.concurrent.ThreadPoolExecutor.getTask(ThreadPoolExecutor.java:1074)
        at java.util.concurrent.ThreadPoolExecutor.runWorker(ThreadPoolExecutor.java:1134)
        at java.util.concurrent.ThreadPoolExecutor$Worker.run(ThreadPoolExecutor.java:624)
        at java.lang.Thread.run(Thread.java:750)
"qtp39650278-234" daemon prio=5 tid=234 timed_waiting
java.lang.Thread.State: TIMED_WAITING
        at sun.misc.Unsafe.park(Native Method)
        at java.util.concurrent.locks.LockSupport.parkNanos(LockSupport.java:215)
        at java.util.concurrent.locks.AbstractQueuedSynchronizer$ConditionObject.awaitNanos(AbstractQueuedSynchronizer.java:2078)
        at org.eclipse.jetty.util.BlockingArrayQueue.poll(BlockingArrayQueue.java:382)
        at org.eclipse.jetty.util.thread.QueuedThreadPool$Runner.idleJobPoll(QueuedThreadPool.java:974)
        at org.eclipse.jetty.util.thread.QueuedThreadPool$Runner.run(QueuedThreadPool.java:1018)
        at java.lang.Thread.run(Thread.java:750)
"ChunkWriter-0-0" daemon prio=5 tid=467 in Object.wait()
java.lang.Thread.State: WAITING (on object monitor)
        at sun.misc.Unsafe.park(Native Method)
        at java.util.concurrent.locks.LockSupport.park(LockSupport.java:175)
        at java.util.concurrent.locks.AbstractQueuedSynchronizer$ConditionObject.await(AbstractQueuedSynchronizer.java:2039)
        at java.util.concurrent.LinkedBlockingDeque.takeFirst(LinkedBlockingDeque.java:492)
        at java.util.concurrent.LinkedBlockingDeque.take(LinkedBlockingDeque.java:680)
        at java.util.concurrent.ThreadPoolExecutor.getTask(ThreadPoolExecutor.java:1074)
        at java.util.concurrent.ThreadPoolExecutor.runWorker(ThreadPoolExecutor.java:1134)
        at java.util.concurrent.ThreadPoolExecutor$Worker.run(ThreadPoolExecutor.java:624)
        at java.lang.Thread.run(Thread.java:750)
"pool-81-thread-1"  prio=5 tid=173 timed_waiting
java.lang.Thread.State: TIMED_WAITING
        at sun.misc.Unsafe.park(Native Method)
        at java.util.concurrent.locks.LockSupport.parkNanos(LockSupport.java:215)
        at java.util.concurrent.locks.AbstractQueuedSynchronizer$ConditionObject.awaitNanos(AbstractQueuedSynchronizer.java:2078)
        at java.util.concurrent.ScheduledThreadPoolExecutor$DelayedWorkQueue.take(ScheduledThreadPoolExecutor.java:1093)
        at java.util.concurrent.ScheduledThreadPoolExecutor$DelayedWorkQueue.take(ScheduledThreadPoolExecutor.java:809)
        at java.util.concurrent.ThreadPoolExecutor.getTask(ThreadPoolExecutor.java:1074)
        at java.util.concurrent.ThreadPoolExecutor.runWorker(ThreadPoolExecutor.java:1134)
        at java.util.concurrent.ThreadPoolExecutor$Worker.run(ThreadPoolExecutor.java:624)
        at java.lang.Thread.run(Thread.java:750)
"IPC Server handler 8 on default port 42141" daemon prio=5 tid=152 timed_waiting
java.lang.Thread.State: TIMED_WAITING
        at sun.misc.Unsafe.park(Native Method)
        at java.util.concurrent.locks.LockSupport.parkNanos(LockSupport.java:215)
        at java.util.concurrent.locks.AbstractQueuedSynchronizer$ConditionObject.awaitNanos(AbstractQueuedSynchronizer.java:2078)
        at java.util.concurrent.LinkedBlockingQueue.poll(LinkedBlockingQueue.java:467)
        at org.apache.hadoop.ipc.CallQueueManager.take(CallQueueManager.java:317)
        at org.apache.hadoop.ipc.Server$Handler.run(Server.java:2942)
"Datanode ReportManager Thread - 4" daemon prio=5 tid=268 in Object.wait()
java.lang.Thread.State: WAITING (on object monitor)
        at sun.misc.Unsafe.park(Native Method)
        at java.util.concurrent.locks.LockSupport.park(LockSupport.java:175)
        at java.util.concurrent.locks.AbstractQueuedSynchronizer$ConditionObject.await(AbstractQueuedSynchronizer.java:2039)
        at java.util.concurrent.ScheduledThreadPoolExecutor$DelayedWorkQueue.take(ScheduledThreadPoolExecutor.java:1088)
        at java.util.concurrent.ScheduledThreadPoolExecutor$DelayedWorkQueue.take(ScheduledThreadPoolExecutor.java:809)
        at java.util.concurrent.ThreadPoolExecutor.getTask(ThreadPoolExecutor.java:1074)
        at java.util.concurrent.ThreadPoolExecutor.runWorker(ThreadPoolExecutor.java:1134)
        at java.util.concurrent.ThreadPoolExecutor$Worker.run(ThreadPoolExecutor.java:624)
        at java.lang.Thread.run(Thread.java:750)
"Datanode State Machine Task Thread - 1"  prio=5 tid=465 in Object.wait()
java.lang.Thread.State: WAITING (on object monitor)
        at sun.misc.Unsafe.park(Native Method)
        at java.util.concurrent.locks.LockSupport.park(LockSupport.java:175)
        at java.util.concurrent.locks.AbstractQueuedSynchronizer$ConditionObject.await(AbstractQueuedSynchronizer.java:2039)
        at java.util.concurrent.LinkedBlockingQueue.take(LinkedBlockingQueue.java:442)
        at java.util.concurrent.ThreadPoolExecutor.getTask(ThreadPoolExecutor.java:1074)
        at java.util.concurrent.ThreadPoolExecutor.runWorker(ThreadPoolExecutor.java:1134)
        at java.util.concurrent.ThreadPoolExecutor$Worker.run(ThreadPoolExecutor.java:624)
        at java.lang.Thread.run(Thread.java:750)
"Socket Reader #1 for port 0"  prio=5 tid=32 runnable
java.lang.Thread.State: RUNNABLE
        at sun.nio.ch.EPollArrayWrapper.epollWait(Native Method)
        at sun.nio.ch.EPollArrayWrapper.poll(EPollArrayWrapper.java:269)
        at sun.nio.ch.EPollSelectorImpl.doSelect(EPollSelectorImpl.java:93)
        at sun.nio.ch.SelectorImpl.lockAndDoSelect(SelectorImpl.java:86)
        at sun.nio.ch.SelectorImpl.select(SelectorImpl.java:97)
        at sun.nio.ch.SelectorImpl.select(SelectorImpl.java:101)
        at org.apache.hadoop.ipc.Server$Listener$Reader.doRunLoop(Server.java:1296)
        at org.apache.hadoop.ipc.Server$Listener$Reader.run(Server.java:1275)
"Datanode ReportManager Thread - 2" daemon prio=5 tid=292 timed_waiting
java.lang.Thread.State: TIMED_WAITING
        at sun.misc.Unsafe.park(Native Method)
        at java.util.concurrent.locks.LockSupport.parkNanos(LockSupport.java:215)
        at java.util.concurrent.locks.AbstractQueuedSynchronizer$ConditionObject.awaitNanos(AbstractQueuedSynchronizer.java:2078)
        at java.util.concurrent.ScheduledThreadPoolExecutor$DelayedWorkQueue.take(ScheduledThreadPoolExecutor.java:1093)
        at java.util.concurrent.ScheduledThreadPoolExecutor$DelayedWorkQueue.take(ScheduledThreadPoolExecutor.java:809)
        at java.util.concurrent.ThreadPoolExecutor.getTask(ThreadPoolExecutor.java:1074)
        at java.util.concurrent.ThreadPoolExecutor.runWorker(ThreadPoolExecutor.java:1134)
        at java.util.concurrent.ThreadPoolExecutor$Worker.run(ThreadPoolExecutor.java:624)
        at java.lang.Thread.run(Thread.java:750)
"ChunkReader-0" daemon prio=5 tid=759 in Object.wait()
java.lang.Thread.State: WAITING (on object monitor)
        at sun.misc.Unsafe.park(Native Method)
        at java.util.concurrent.locks.LockSupport.park(LockSupport.java:175)
        at java.util.concurrent.locks.AbstractQueuedSynchronizer$ConditionObject.await(AbstractQueuedSynchronizer.java:2039)
        at java.util.concurrent.LinkedBlockingQueue.take(LinkedBlockingQueue.java:442)
        at java.util.concurrent.ThreadPoolExecutor.getTask(ThreadPoolExecutor.java:1074)
        at java.util.concurrent.ThreadPoolExecutor.runWorker(ThreadPoolExecutor.java:1134)
        at java.util.concurrent.ThreadPoolExecutor$Worker.run(ThreadPoolExecutor.java:624)
        at java.lang.Thread.run(Thread.java:750)
"pool-150-thread-1"  prio=5 tid=253 timed_waiting
java.lang.Thread.State: TIMED_WAITING
        at sun.misc.Unsafe.park(Native Method)
        at java.util.concurrent.locks.LockSupport.parkNanos(LockSupport.java:215)
        at java.util.concurrent.locks.AbstractQueuedSynchronizer$ConditionObject.awaitNanos(AbstractQueuedSynchronizer.java:2078)
        at java.util.concurrent.ScheduledThreadPoolExecutor$DelayedWorkQueue.take(ScheduledThreadPoolExecutor.java:1093)
        at java.util.concurrent.ScheduledThreadPoolExecutor$DelayedWorkQueue.take(ScheduledThreadPoolExecutor.java:809)
        at java.util.concurrent.ThreadPoolExecutor.getTask(ThreadPoolExecutor.java:1074)
        at java.util.concurrent.ThreadPoolExecutor.runWorker(ThreadPoolExecutor.java:1134)
        at java.util.concurrent.ThreadPoolExecutor$Worker.run(ThreadPoolExecutor.java:624)
        at java.lang.Thread.run(Thread.java:750)
"IPC Server handler 2 on default port 43219" daemon prio=5 tid=79 timed_waiting
java.lang.Thread.State: TIMED_WAITING
        at sun.misc.Unsafe.park(Native Method)
        at java.util.concurrent.locks.LockSupport.parkNanos(LockSupport.java:215)
        at java.util.concurrent.locks.AbstractQueuedSynchronizer$ConditionObject.awaitNanos(AbstractQueuedSynchronizer.java:2078)
        at java.util.concurrent.LinkedBlockingQueue.poll(LinkedBlockingQueue.java:467)
        at org.apache.hadoop.ipc.CallQueueManager.take(CallQueueManager.java:317)
        at org.apache.hadoop.ipc.Server$Handler.run(Server.java:2942)
"ChunkWriter-0-0" daemon prio=5 tid=510 in Object.wait()
java.lang.Thread.State: WAITING (on object monitor)
        at sun.misc.Unsafe.park(Native Method)
        at java.util.concurrent.locks.LockSupport.park(LockSupport.java:175)
        at java.util.concurrent.locks.AbstractQueuedSynchronizer$ConditionObject.await(AbstractQueuedSynchronizer.java:2039)
        at java.util.concurrent.LinkedBlockingDeque.takeFirst(LinkedBlockingDeque.java:492)
        at java.util.concurrent.LinkedBlockingDeque.take(LinkedBlockingDeque.java:680)
        at java.util.concurrent.ThreadPoolExecutor.getTask(ThreadPoolExecutor.java:1074)
        at java.util.concurrent.ThreadPoolExecutor.runWorker(ThreadPoolExecutor.java:1134)
        at java.util.concurrent.ThreadPoolExecutor$Worker.run(ThreadPoolExecutor.java:624)
        at java.lang.Thread.run(Thread.java:750)
"org.apache.hadoop.util.JvmPauseMonitor$Monitor@3b41c0ca" daemon prio=5 tid=389 timed_waiting
java.lang.Thread.State: TIMED_WAITING
        at java.lang.Thread.sleep(Native Method)
        at org.apache.hadoop.util.JvmPauseMonitor$Monitor.run(JvmPauseMonitor.java:192)
        at java.lang.Thread.run(Thread.java:750)
"IPC Server handler 5 on default port 43219" daemon prio=5 tid=82 timed_waiting
java.lang.Thread.State: TIMED_WAITING
        at sun.misc.Unsafe.park(Native Method)
        at java.util.concurrent.locks.LockSupport.parkNanos(LockSupport.java:215)
        at java.util.concurrent.locks.AbstractQueuedSynchronizer$ConditionObject.awaitNanos(AbstractQueuedSynchronizer.java:2078)
        at java.util.concurrent.LinkedBlockingQueue.poll(LinkedBlockingQueue.java:467)
        at org.apache.hadoop.ipc.CallQueueManager.take(CallQueueManager.java:317)
        at org.apache.hadoop.ipc.Server$Handler.run(Server.java:2942)
"ChunkWriter-1-0" daemon prio=5 tid=492 in Object.wait()
java.lang.Thread.State: WAITING (on object monitor)
        at sun.misc.Unsafe.park(Native Method)
        at java.util.concurrent.locks.LockSupport.park(LockSupport.java:175)
        at java.util.concurrent.locks.AbstractQueuedSynchronizer$ConditionObject.await(AbstractQueuedSynchronizer.java:2039)
        at java.util.concurrent.LinkedBlockingDeque.takeFirst(LinkedBlockingDeque.java:492)
        at java.util.concurrent.LinkedBlockingDeque.take(LinkedBlockingDeque.java:680)
        at java.util.concurrent.ThreadPoolExecutor.getTask(ThreadPoolExecutor.java:1074)
        at java.util.concurrent.ThreadPoolExecutor.runWorker(ThreadPoolExecutor.java:1134)
        at java.util.concurrent.ThreadPoolExecutor$Worker.run(ThreadPoolExecutor.java:624)
        at java.lang.Thread.run(Thread.java:750)
"StaleRecoveringContainerScrubbingService#0" daemon prio=5 tid=486 in Object.wait()
java.lang.Thread.State: WAITING (on object monitor)
        at sun.misc.Unsafe.park(Native Method)
        at java.util.concurrent.locks.LockSupport.park(LockSupport.java:175)
        at java.util.concurrent.locks.AbstractQueuedSynchronizer$ConditionObject.await(AbstractQueuedSynchronizer.java:2039)
        at java.util.concurrent.ScheduledThreadPoolExecutor$DelayedWorkQueue.take(ScheduledThreadPoolExecutor.java:1088)
        at java.util.concurrent.ScheduledThreadPoolExecutor$DelayedWorkQueue.take(ScheduledThreadPoolExecutor.java:809)
        at java.util.concurrent.ThreadPoolExecutor.getTask(ThreadPoolExecutor.java:1074)
        at java.util.concurrent.ThreadPoolExecutor.runWorker(ThreadPoolExecutor.java:1134)
        at java.util.concurrent.ThreadPoolExecutor$Worker.run(ThreadPoolExecutor.java:624)
        at java.lang.Thread.run(Thread.java:750)
"qtp47095269-450" daemon prio=5 tid=450 timed_waiting
java.lang.Thread.State: TIMED_WAITING
        at sun.misc.Unsafe.park(Native Method)
        at java.util.concurrent.locks.LockSupport.parkNanos(LockSupport.java:215)
        at java.util.concurrent.locks.AbstractQueuedSynchronizer$ConditionObject.awaitNanos(AbstractQueuedSynchronizer.java:2078)
        at org.eclipse.jetty.util.BlockingArrayQueue.poll(BlockingArrayQueue.java:382)
        at org.eclipse.jetty.util.thread.QueuedThreadPool$Runner.idleJobPoll(QueuedThreadPool.java:974)
        at org.eclipse.jetty.util.thread.QueuedThreadPool$Runner.run(QueuedThreadPool.java:1018)
        at java.lang.Thread.run(Thread.java:750)
"qtp39650278-233" daemon prio=5 tid=233 timed_waiting
java.lang.Thread.State: TIMED_WAITING
        at sun.misc.Unsafe.park(Native Method)
        at java.util.concurrent.locks.LockSupport.parkNanos(LockSupport.java:215)
        at java.util.concurrent.locks.AbstractQueuedSynchronizer$ConditionObject.awaitNanos(AbstractQueuedSynchronizer.java:2078)
        at org.eclipse.jetty.util.BlockingArrayQueue.poll(BlockingArrayQueue.java:382)
        at org.eclipse.jetty.util.thread.QueuedThreadPool$Runner.idleJobPoll(QueuedThreadPool.java:974)
        at org.eclipse.jetty.util.thread.QueuedThreadPool$Runner.run(QueuedThreadPool.java:1018)
        at java.lang.Thread.run(Thread.java:750)
"IPC Server handler 18 on default port 37753" daemon prio=5 tid=75 timed_waiting
java.lang.Thread.State: TIMED_WAITING
        at sun.misc.Unsafe.park(Native Method)
        at java.util.concurrent.locks.LockSupport.parkNanos(LockSupport.java:215)
        at java.util.concurrent.locks.AbstractQueuedSynchronizer$ConditionObject.awaitNanos(AbstractQueuedSynchronizer.java:2078)
        at java.util.concurrent.LinkedBlockingQueue.poll(LinkedBlockingQueue.java:467)
        at org.apache.hadoop.ipc.CallQueueManager.take(CallQueueManager.java:317)
        at org.apache.hadoop.ipc.Server$Handler.run(Server.java:2942)
"IPC Server handler 4 on default port 34213" daemon prio=5 tid=41 timed_waiting
java.lang.Thread.State: TIMED_WAITING
        at sun.misc.Unsafe.park(Native Method)
        at java.util.concurrent.locks.LockSupport.parkNanos(LockSupport.java:215)
        at java.util.concurrent.locks.AbstractQueuedSynchronizer$ConditionObject.awaitNanos(AbstractQueuedSynchronizer.java:2078)
        at java.util.concurrent.LinkedBlockingQueue.poll(LinkedBlockingQueue.java:467)
        at org.apache.hadoop.ipc.CallQueueManager.take(CallQueueManager.java:317)
        at org.apache.hadoop.ipc.Server$Handler.run(Server.java:2942)
"21cd38f2-3152-4a7b-bfd6-5bc3f4c93f15@group-EF2AFB36FD63-FollowerState" daemon prio=5 tid=818 timed_waiting
java.lang.Thread.State: TIMED_WAITING
        at java.lang.Thread.sleep(Native Method)
        at java.lang.Thread.sleep(Thread.java:342)
        at java.util.concurrent.TimeUnit.sleep(TimeUnit.java:386)
        at org.apache.ratis.util.TimeDuration.sleep(TimeDuration.java:325)
        at org.apache.ratis.util.TimeDuration.sleep(TimeDuration.java:310)
        at org.apache.ratis.server.impl.FollowerState.run(FollowerState.java:128)
"Datanode ReportManager Thread - 2" daemon prio=5 tid=347 timed_waiting
java.lang.Thread.State: TIMED_WAITING
        at sun.misc.Unsafe.park(Native Method)
        at java.util.concurrent.locks.LockSupport.parkNanos(LockSupport.java:215)
        at java.util.concurrent.locks.AbstractQueuedSynchronizer$ConditionObject.awaitNanos(AbstractQueuedSynchronizer.java:2078)
        at java.util.concurrent.ScheduledThreadPoolExecutor$DelayedWorkQueue.take(ScheduledThreadPoolExecutor.java:1093)
        at java.util.concurrent.ScheduledThreadPoolExecutor$DelayedWorkQueue.take(ScheduledThreadPoolExecutor.java:809)
        at java.util.concurrent.ThreadPoolExecutor.getTask(ThreadPoolExecutor.java:1074)
        at java.util.concurrent.ThreadPoolExecutor.runWorker(ThreadPoolExecutor.java:1134)
        at java.util.concurrent.ThreadPoolExecutor$Worker.run(ThreadPoolExecutor.java:624)
        at java.lang.Thread.run(Thread.java:750)
"qtp1111535829-284" daemon prio=5 tid=284 timed_waiting
java.lang.Thread.State: TIMED_WAITING
        at sun.misc.Unsafe.park(Native Method)
        at java.util.concurrent.locks.LockSupport.parkNanos(LockSupport.java:215)
        at java.util.concurrent.locks.AbstractQueuedSynchronizer$ConditionObject.awaitNanos(AbstractQueuedSynchronizer.java:2078)
        at org.eclipse.jetty.util.BlockingArrayQueue.poll(BlockingArrayQueue.java:382)
        at org.eclipse.jetty.util.thread.QueuedThreadPool$Runner.idleJobPoll(QueuedThreadPool.java:974)
        at org.eclipse.jetty.util.thread.QueuedThreadPool$Runner.run(QueuedThreadPool.java:1018)
        at java.lang.Thread.run(Thread.java:750)
"org.apache.hadoop.util.JvmPauseMonitor$Monitor@20f48f79" daemon prio=5 tid=351 timed_waiting
java.lang.Thread.State: TIMED_WAITING
        at java.lang.Thread.sleep(Native Method)
        at org.apache.hadoop.util.JvmPauseMonitor$Monitor.run(JvmPauseMonitor.java:192)
        at java.lang.Thread.run(Thread.java:750)
"qtp675831479-255-acceptor-0@53773b9f-ServerConnector@42a6b1ef{HTTP/1.1, (http/1.1)}{0.0.0.0:40545}" daemon prio=3 tid=255 runnable
java.lang.Thread.State: RUNNABLE
        at sun.nio.ch.ServerSocketChannelImpl.accept0(Native Method)
        at sun.nio.ch.ServerSocketChannelImpl.accept(ServerSocketChannelImpl.java:421)
        at sun.nio.ch.ServerSocketChannelImpl.accept(ServerSocketChannelImpl.java:249)
        at org.eclipse.jetty.server.ServerConnector.accept(ServerConnector.java:388)
        at org.eclipse.jetty.server.AbstractConnector$Acceptor.run(AbstractConnector.java:704)
        at org.eclipse.jetty.util.thread.QueuedThreadPool.runJob(QueuedThreadPool.java:883)
        at org.eclipse.jetty.util.thread.QueuedThreadPool$Runner.run(QueuedThreadPool.java:1034)
        at java.lang.Thread.run(Thread.java:750)
"Periodic HDDS volume checker" daemon prio=5 tid=247 timed_waiting
java.lang.Thread.State: TIMED_WAITING
        at sun.misc.Unsafe.park(Native Method)
        at java.util.concurrent.locks.LockSupport.parkNanos(LockSupport.java:215)
        at java.util.concurrent.locks.AbstractQueuedSynchronizer$ConditionObject.awaitNanos(AbstractQueuedSynchronizer.java:2078)
        at java.util.concurrent.ScheduledThreadPoolExecutor$DelayedWorkQueue.take(ScheduledThreadPoolExecutor.java:1093)
        at java.util.concurrent.ScheduledThreadPoolExecutor$DelayedWorkQueue.take(ScheduledThreadPoolExecutor.java:809)
        at java.util.concurrent.ThreadPoolExecutor.getTask(ThreadPoolExecutor.java:1074)
        at java.util.concurrent.ThreadPoolExecutor.runWorker(ThreadPoolExecutor.java:1134)
        at java.util.concurrent.ThreadPoolExecutor$Worker.run(ThreadPoolExecutor.java:624)
        at java.lang.Thread.run(Thread.java:750)
"qtp1527666058-312" daemon prio=5 tid=312 timed_waiting
java.lang.Thread.State: TIMED_WAITING
        at sun.misc.Unsafe.park(Native Method)
        at java.util.concurrent.locks.LockSupport.parkNanos(LockSupport.java:215)
        at java.util.concurrent.locks.AbstractQueuedSynchronizer$ConditionObject.awaitNanos(AbstractQueuedSynchronizer.java:2078)
        at org.eclipse.jetty.util.BlockingArrayQueue.poll(BlockingArrayQueue.java:382)
        at org.eclipse.jetty.util.thread.QueuedThreadPool$Runner.idleJobPoll(QueuedThreadPool.java:974)
        at org.eclipse.jetty.util.thread.QueuedThreadPool$Runner.run(QueuedThreadPool.java:1018)
        at java.lang.Thread.run(Thread.java:750)
"qtp47095269-447" daemon prio=5 tid=447 runnable
java.lang.Thread.State: RUNNABLE
        at sun.nio.ch.EPollArrayWrapper.epollWait(Native Method)
        at sun.nio.ch.EPollArrayWrapper.poll(EPollArrayWrapper.java:269)
        at sun.nio.ch.EPollSelectorImpl.doSelect(EPollSelectorImpl.java:93)
        at sun.nio.ch.SelectorImpl.lockAndDoSelect(SelectorImpl.java:86)
        at sun.nio.ch.SelectorImpl.select(SelectorImpl.java:97)
        at sun.nio.ch.SelectorImpl.select(SelectorImpl.java:101)
        at org.eclipse.jetty.io.ManagedSelector.nioSelect(ManagedSelector.java:183)
        at org.eclipse.jetty.io.ManagedSelector.select(ManagedSelector.java:190)
        at org.eclipse.jetty.io.ManagedSelector$SelectorProducer.select(ManagedSelector.java:606)
        at org.eclipse.jetty.io.ManagedSelector$SelectorProducer.produce(ManagedSelector.java:543)
        at org.eclipse.jetty.util.thread.strategy.EatWhatYouKill.produceTask(EatWhatYouKill.java:362)
        at org.eclipse.jetty.util.thread.strategy.EatWhatYouKill.doProduce(EatWhatYouKill.java:186)
        at org.eclipse.jetty.util.thread.strategy.EatWhatYouKill.tryProduce(EatWhatYouKill.java:173)
        at org.eclipse.jetty.util.thread.strategy.EatWhatYouKill.produce(EatWhatYouKill.java:137)
        at org.eclipse.jetty.io.ManagedSelector$$Lambda$446/1148867963.run(Unknown Source)
        at org.eclipse.jetty.util.thread.QueuedThreadPool.runJob(QueuedThreadPool.java:883)
        at org.eclipse.jetty.util.thread.QueuedThreadPool$Runner.run(QueuedThreadPool.java:1034)
        at java.lang.Thread.run(Thread.java:750)
"EventQueue-PipelineReportForOneReplicaPipelineSafeModeRule" daemon prio=5 tid=505 in Object.wait()
java.lang.Thread.State: WAITING (on object monitor)
        at sun.misc.Unsafe.park(Native Method)
        at java.util.concurrent.locks.LockSupport.park(LockSupport.java:175)
        at java.util.concurrent.locks.AbstractQueuedSynchronizer$ConditionObject.await(AbstractQueuedSynchronizer.java:2039)
        at java.util.concurrent.LinkedBlockingQueue.take(LinkedBlockingQueue.java:442)
        at java.util.concurrent.ThreadPoolExecutor.getTask(ThreadPoolExecutor.java:1074)
        at java.util.concurrent.ThreadPoolExecutor.runWorker(ThreadPoolExecutor.java:1134)
        at java.util.concurrent.ThreadPoolExecutor$Worker.run(ThreadPoolExecutor.java:624)
        at java.lang.Thread.run(Thread.java:750)
"Session-HouseKeeper-6152d303-1"  prio=5 tid=314 timed_waiting
java.lang.Thread.State: TIMED_WAITING
        at sun.misc.Unsafe.park(Native Method)
        at java.util.concurrent.locks.LockSupport.parkNanos(LockSupport.java:215)
        at java.util.concurrent.locks.AbstractQueuedSynchronizer$ConditionObject.awaitNanos(AbstractQueuedSynchronizer.java:2078)
        at java.util.concurrent.ScheduledThreadPoolExecutor$DelayedWorkQueue.take(ScheduledThreadPoolExecutor.java:1093)
        at java.util.concurrent.ScheduledThreadPoolExecutor$DelayedWorkQueue.take(ScheduledThreadPoolExecutor.java:809)
        at java.util.concurrent.ThreadPoolExecutor.getTask(ThreadPoolExecutor.java:1074)
        at java.util.concurrent.ThreadPoolExecutor.runWorker(ThreadPoolExecutor.java:1134)
        at java.util.concurrent.ThreadPoolExecutor$Worker.run(ThreadPoolExecutor.java:624)
        at java.lang.Thread.run(Thread.java:750)
"org.apache.hadoop.util.JvmPauseMonitor$Monitor@39abfd19" daemon prio=5 tid=463 timed_waiting
java.lang.Thread.State: TIMED_WAITING
        at java.lang.Thread.sleep(Native Method)
        at org.apache.hadoop.util.JvmPauseMonitor$Monitor.run(JvmPauseMonitor.java:192)
        at java.lang.Thread.run(Thread.java:750)
"EndpointStateMachine task thread for /0.0.0.0:43219 - 0 "  prio=5 tid=509 in Object.wait()
java.lang.Thread.State: WAITING (on object monitor)
        at sun.misc.Unsafe.park(Native Method)
        at java.util.concurrent.locks.LockSupport.park(LockSupport.java:175)
        at java.util.concurrent.locks.AbstractQueuedSynchronizer$ConditionObject.await(AbstractQueuedSynchronizer.java:2039)
        at java.util.concurrent.LinkedBlockingQueue.take(LinkedBlockingQueue.java:442)
        at java.util.concurrent.ThreadPoolExecutor.getTask(ThreadPoolExecutor.java:1074)
        at java.util.concurrent.ThreadPoolExecutor.runWorker(ThreadPoolExecutor.java:1134)
        at java.util.concurrent.ThreadPoolExecutor$Worker.run(ThreadPoolExecutor.java:624)
        at java.lang.Thread.run(Thread.java:750)
"BlockDeletingService#1" daemon prio=5 tid=442 timed_waiting
java.lang.Thread.State: TIMED_WAITING
        at sun.misc.Unsafe.park(Native Method)
        at java.util.concurrent.locks.LockSupport.parkNanos(LockSupport.java:215)
        at java.util.concurrent.locks.AbstractQueuedSynchronizer$ConditionObject.awaitNanos(AbstractQueuedSynchronizer.java:2078)
        at java.util.concurrent.ScheduledThreadPoolExecutor$DelayedWorkQueue.take(ScheduledThreadPoolExecutor.java:1093)
        at java.util.concurrent.ScheduledThreadPoolExecutor$DelayedWorkQueue.take(ScheduledThreadPoolExecutor.java:809)
        at java.util.concurrent.ThreadPoolExecutor.getTask(ThreadPoolExecutor.java:1074)
        at java.util.concurrent.ThreadPoolExecutor.runWorker(ThreadPoolExecutor.java:1134)
        at java.util.concurrent.ThreadPoolExecutor$Worker.run(ThreadPoolExecutor.java:624)
        at java.lang.Thread.run(Thread.java:750)
"IPC Server handler 1 on default port 42141" daemon prio=5 tid=145 timed_waiting
java.lang.Thread.State: TIMED_WAITING
        at sun.misc.Unsafe.park(Native Method)
        at java.util.concurrent.locks.LockSupport.parkNanos(LockSupport.java:215)
        at java.util.concurrent.locks.AbstractQueuedSynchronizer$ConditionObject.awaitNanos(AbstractQueuedSynchronizer.java:2078)
        at java.util.concurrent.LinkedBlockingQueue.poll(LinkedBlockingQueue.java:467)
        at org.apache.hadoop.ipc.CallQueueManager.take(CallQueueManager.java:317)
        at org.apache.hadoop.ipc.Server$Handler.run(Server.java:2942)
"IPC Server listener on 0" daemon prio=5 tid=31 runnable
java.lang.Thread.State: RUNNABLE
        at sun.nio.ch.EPollArrayWrapper.epollWait(Native Method)
        at sun.nio.ch.EPollArrayWrapper.poll(EPollArrayWrapper.java:269)
        at sun.nio.ch.EPollSelectorImpl.doSelect(EPollSelectorImpl.java:93)
        at sun.nio.ch.SelectorImpl.lockAndDoSelect(SelectorImpl.java:86)
        at sun.nio.ch.SelectorImpl.select(SelectorImpl.java:97)
        at sun.nio.ch.SelectorImpl.select(SelectorImpl.java:101)
        at org.apache.hadoop.ipc.Server$Listener.run(Server.java:1358)
"IPC Server handler 12 on default port 43219" daemon prio=5 tid=89 timed_waiting
java.lang.Thread.State: TIMED_WAITING
        at sun.misc.Unsafe.park(Native Method)
        at java.util.concurrent.locks.LockSupport.parkNanos(LockSupport.java:215)
        at java.util.concurrent.locks.AbstractQueuedSynchronizer$ConditionObject.awaitNanos(AbstractQueuedSynchronizer.java:2078)
        at java.util.concurrent.LinkedBlockingQueue.poll(LinkedBlockingQueue.java:467)
        at org.apache.hadoop.ipc.CallQueueManager.take(CallQueueManager.java:317)
        at org.apache.hadoop.ipc.Server$Handler.run(Server.java:2942)
"IPC Server handler 2 on default port 37753" daemon prio=5 tid=59 timed_waiting
java.lang.Thread.State: TIMED_WAITING
        at sun.misc.Unsafe.park(Native Method)
        at java.util.concurrent.locks.LockSupport.parkNanos(LockSupport.java:215)
        at java.util.concurrent.locks.AbstractQueuedSynchronizer$ConditionObject.awaitNanos(AbstractQueuedSynchronizer.java:2078)
        at java.util.concurrent.LinkedBlockingQueue.poll(LinkedBlockingQueue.java:467)
        at org.apache.hadoop.ipc.CallQueueManager.take(CallQueueManager.java:317)
        at org.apache.hadoop.ipc.Server$Handler.run(Server.java:2942)
"EventQueue-NodeReportForNodeReportHandler" daemon prio=5 tid=892 in Object.wait()
java.lang.Thread.State: WAITING (on object monitor)
        at sun.misc.Unsafe.park(Native Method)
        at java.util.concurrent.locks.LockSupport.park(LockSupport.java:175)
        at java.util.concurrent.locks.AbstractQueuedSynchronizer$ConditionObject.await(AbstractQueuedSynchronizer.java:2039)
        at java.util.concurrent.LinkedBlockingQueue.take(LinkedBlockingQueue.java:442)
        at java.util.concurrent.ThreadPoolExecutor.getTask(ThreadPoolExecutor.java:1074)
        at java.util.concurrent.ThreadPoolExecutor.runWorker(ThreadPoolExecutor.java:1134)
        at java.util.concurrent.ThreadPoolExecutor$Worker.run(ThreadPoolExecutor.java:624)
        at java.lang.Thread.run(Thread.java:750)
"qtp2019923144-137" daemon prio=5 tid=137 timed_waiting
java.lang.Thread.State: TIMED_WAITING
        at sun.misc.Unsafe.park(Native Method)
        at java.util.concurrent.locks.LockSupport.parkNanos(LockSupport.java:215)
        at java.util.concurrent.locks.AbstractQueuedSynchronizer$ConditionObject.awaitNanos(AbstractQueuedSynchronizer.java:2078)
        at org.eclipse.jetty.util.BlockingArrayQueue.poll(BlockingArrayQueue.java:382)
        at org.eclipse.jetty.util.thread.QueuedThreadPool$Runner.idleJobPoll(QueuedThreadPool.java:974)
        at org.eclipse.jetty.util.thread.QueuedThreadPool$Runner.run(QueuedThreadPool.java:1018)
        at java.lang.Thread.run(Thread.java:750)
"StaleRecoveringContainerScrubbingService#0" daemon prio=5 tid=360 in Object.wait()
java.lang.Thread.State: WAITING (on object monitor)
        at sun.misc.Unsafe.park(Native Method)
        at java.util.concurrent.locks.LockSupport.park(LockSupport.java:175)
        at java.util.concurrent.locks.AbstractQueuedSynchronizer$ConditionObject.await(AbstractQueuedSynchronizer.java:2039)
        at java.util.concurrent.ScheduledThreadPoolExecutor$DelayedWorkQueue.take(ScheduledThreadPoolExecutor.java:1088)
        at java.util.concurrent.ScheduledThreadPoolExecutor$DelayedWorkQueue.take(ScheduledThreadPoolExecutor.java:809)
        at java.util.concurrent.ThreadPoolExecutor.getTask(ThreadPoolExecutor.java:1074)
        at java.util.concurrent.ThreadPoolExecutor.runWorker(ThreadPoolExecutor.java:1134)
        at java.util.concurrent.ThreadPoolExecutor$Worker.run(ThreadPoolExecutor.java:624)
        at java.lang.Thread.run(Thread.java:750)
"StaleRecoveringContainerScrubbingService#2" daemon prio=5 tid=906 in Object.wait()
java.lang.Thread.State: WAITING (on object monitor)
        at sun.misc.Unsafe.park(Native Method)
        at java.util.concurrent.locks.LockSupport.park(LockSupport.java:175)
        at java.util.concurrent.locks.AbstractQueuedSynchronizer$ConditionObject.await(AbstractQueuedSynchronizer.java:2039)
        at java.util.concurrent.ScheduledThreadPoolExecutor$DelayedWorkQueue.take(ScheduledThreadPoolExecutor.java:1088)
        at java.util.concurrent.ScheduledThreadPoolExecutor$DelayedWorkQueue.take(ScheduledThreadPoolExecutor.java:809)
        at java.util.concurrent.ThreadPoolExecutor.getTask(ThreadPoolExecutor.java:1074)
        at java.util.concurrent.ThreadPoolExecutor.runWorker(ThreadPoolExecutor.java:1134)
        at java.util.concurrent.ThreadPoolExecutor$Worker.run(ThreadPoolExecutor.java:624)
        at java.lang.Thread.run(Thread.java:750)
"ChunkReader-ELG-0" daemon prio=5 tid=554 runnable
java.lang.Thread.State: RUNNABLE
        at org.apache.ratis.thirdparty.io.netty.channel.epoll.Native.epollWait(Native Method)
        at org.apache.ratis.thirdparty.io.netty.channel.epoll.Native.epollWait(Native.java:209)
        at org.apache.ratis.thirdparty.io.netty.channel.epoll.Native.epollWait(Native.java:202)
        at org.apache.ratis.thirdparty.io.netty.channel.epoll.EpollEventLoop.epollWaitNoTimerChange(EpollEventLoop.java:294)
        at org.apache.ratis.thirdparty.io.netty.channel.epoll.EpollEventLoop.run(EpollEventLoop.java:351)
        at org.apache.ratis.thirdparty.io.netty.util.concurrent.SingleThreadEventExecutor$4.run(SingleThreadEventExecutor.java:995)
        at org.apache.ratis.thirdparty.io.netty.util.internal.ThreadExecutorMap$2.run(ThreadExecutorMap.java:74)
        at java.lang.Thread.run(Thread.java:750)
"IPC Server handler 0 on default port 37753" daemon prio=5 tid=57 timed_waiting
java.lang.Thread.State: TIMED_WAITING
        at sun.misc.Unsafe.park(Native Method)
        at java.util.concurrent.locks.LockSupport.parkNanos(LockSupport.java:215)
        at java.util.concurrent.locks.AbstractQueuedSynchronizer$ConditionObject.awaitNanos(AbstractQueuedSynchronizer.java:2078)
        at java.util.concurrent.LinkedBlockingQueue.poll(LinkedBlockingQueue.java:467)
        at org.apache.hadoop.ipc.CallQueueManager.take(CallQueueManager.java:317)
        at org.apache.hadoop.ipc.Server$Handler.run(Server.java:2942)
"pool-273-thread-1"  prio=5 tid=408 timed_waiting
java.lang.Thread.State: TIMED_WAITING
        at sun.misc.Unsafe.park(Native Method)
        at java.util.concurrent.locks.LockSupport.parkNanos(LockSupport.java:215)
        at java.util.concurrent.locks.AbstractQueuedSynchronizer$ConditionObject.awaitNanos(AbstractQueuedSynchronizer.java:2078)
        at java.util.concurrent.ScheduledThreadPoolExecutor$DelayedWorkQueue.take(ScheduledThreadPoolExecutor.java:1093)
        at java.util.concurrent.ScheduledThreadPoolExecutor$DelayedWorkQueue.take(ScheduledThreadPoolExecutor.java:809)
        at java.util.concurrent.ThreadPoolExecutor.getTask(ThreadPoolExecutor.java:1074)
        at java.util.concurrent.ThreadPoolExecutor.runWorker(ThreadPoolExecutor.java:1134)
        at java.util.concurrent.ThreadPoolExecutor$Worker.run(ThreadPoolExecutor.java:624)
        at java.lang.Thread.run(Thread.java:750)
"pool-55-thread-1"  prio=5 tid=117 in Object.wait()
java.lang.Thread.State: WAITING (on object monitor)
        at sun.misc.Unsafe.park(Native Method)
        at java.util.concurrent.locks.LockSupport.park(LockSupport.java:175)
        at java.util.concurrent.locks.AbstractQueuedSynchronizer$ConditionObject.await(AbstractQueuedSynchronizer.java:2039)
        at java.util.concurrent.LinkedBlockingQueue.take(LinkedBlockingQueue.java:442)
        at java.util.concurrent.ThreadPoolExecutor.getTask(ThreadPoolExecutor.java:1074)
        at java.util.concurrent.ThreadPoolExecutor.runWorker(ThreadPoolExecutor.java:1134)
        at java.util.concurrent.ThreadPoolExecutor$Worker.run(ThreadPoolExecutor.java:624)
        at java.lang.Thread.run(Thread.java:750)
"qtp675831479-258" daemon prio=5 tid=258 timed_waiting
java.lang.Thread.State: TIMED_WAITING
        at sun.misc.Unsafe.park(Native Method)
        at java.util.concurrent.locks.LockSupport.parkNanos(LockSupport.java:215)
        at java.util.concurrent.locks.AbstractQueuedSynchronizer$ConditionObject.awaitNanos(AbstractQueuedSynchronizer.java:2078)
        at org.eclipse.jetty.util.BlockingArrayQueue.poll(BlockingArrayQueue.java:382)
        at org.eclipse.jetty.util.thread.QueuedThreadPool$Runner.idleJobPoll(QueuedThreadPool.java:974)
        at org.eclipse.jetty.util.thread.QueuedThreadPool$Runner.run(QueuedThreadPool.java:1018)
        at java.lang.Thread.run(Thread.java:750)
"ChunkReader-2" daemon prio=5 tid=785 in Object.wait()
java.lang.Thread.State: WAITING (on object monitor)
        at sun.misc.Unsafe.park(Native Method)
        at java.util.concurrent.locks.LockSupport.park(LockSupport.java:175)
        at java.util.concurrent.locks.AbstractQueuedSynchronizer$ConditionObject.await(AbstractQueuedSynchronizer.java:2039)
        at java.util.concurrent.LinkedBlockingQueue.take(LinkedBlockingQueue.java:442)
        at java.util.concurrent.ThreadPoolExecutor.getTask(ThreadPoolExecutor.java:1074)
        at java.util.concurrent.ThreadPoolExecutor.runWorker(ThreadPoolExecutor.java:1134)
        at java.util.concurrent.ThreadPoolExecutor$Worker.run(ThreadPoolExecutor.java:624)
        at java.lang.Thread.run(Thread.java:750)
"qtp590000838-414" daemon prio=5 tid=414 timed_waiting
java.lang.Thread.State: TIMED_WAITING
        at sun.misc.Unsafe.park(Native Method)
        at java.util.concurrent.locks.LockSupport.parkNanos(LockSupport.java:215)
        at java.util.concurrent.locks.AbstractQueuedSynchronizer$ConditionObject.awaitNanos(AbstractQueuedSynchronizer.java:2078)
        at org.eclipse.jetty.util.BlockingArrayQueue.poll(BlockingArrayQueue.java:382)
        at org.eclipse.jetty.util.thread.QueuedThreadPool$Runner.idleJobPoll(QueuedThreadPool.java:974)
        at org.eclipse.jetty.util.thread.QueuedThreadPool$Runner.run(QueuedThreadPool.java:1018)
        at java.lang.Thread.run(Thread.java:750)
"timer2" daemon prio=5 tid=686 timed_waiting
java.lang.Thread.State: TIMED_WAITING
        at java.lang.Object.wait(Native Method)
        at java.util.TimerThread.mainLoop(Timer.java:552)
        at java.util.TimerThread.run(Timer.java:505)
"StaleRecoveringContainerScrubbingService#0" daemon prio=5 tid=474 in Object.wait()
java.lang.Thread.State: WAITING (on object monitor)
        at sun.misc.Unsafe.park(Native Method)
        at java.util.concurrent.locks.LockSupport.park(LockSupport.java:175)
        at java.util.concurrent.locks.AbstractQueuedSynchronizer$ConditionObject.await(AbstractQueuedSynchronizer.java:2039)
        at java.util.concurrent.ScheduledThreadPoolExecutor$DelayedWorkQueue.take(ScheduledThreadPoolExecutor.java:1088)
        at java.util.concurrent.ScheduledThreadPoolExecutor$DelayedWorkQueue.take(ScheduledThreadPoolExecutor.java:809)
        at java.util.concurrent.ThreadPoolExecutor.getTask(ThreadPoolExecutor.java:1074)
        at java.util.concurrent.ThreadPoolExecutor.runWorker(ThreadPoolExecutor.java:1134)
        at java.util.concurrent.ThreadPoolExecutor$Worker.run(ThreadPoolExecutor.java:624)
        at java.lang.Thread.run(Thread.java:750)
"org.apache.hadoop.ozone.container.common.statemachine.commandhandler.DeleteBlocksCommandHandler$DeleteCmdWorker@7d4bf4c5" daemon prio=5 tid=252 timed_waiting
java.lang.Thread.State: TIMED_WAITING
        at java.lang.Thread.sleep(Native Method)
        at org.apache.hadoop.ozone.container.common.statemachine.commandhandler.DeleteBlocksCommandHandler$DeleteCmdWorker.run(DeleteBlocksCommandHandler.java:183)
        at java.lang.Thread.run(Thread.java:750)
"StaleRecoveringContainerScrubbingService#0" daemon prio=5 tid=517 in Object.wait()
java.lang.Thread.State: WAITING (on object monitor)
        at sun.misc.Unsafe.park(Native Method)
        at java.util.concurrent.locks.LockSupport.park(LockSupport.java:175)
        at java.util.concurrent.locks.AbstractQueuedSynchronizer$ConditionObject.await(AbstractQueuedSynchronizer.java:2039)
        at java.util.concurrent.ScheduledThreadPoolExecutor$DelayedWorkQueue.take(ScheduledThreadPoolExecutor.java:1088)
        at java.util.concurrent.ScheduledThreadPoolExecutor$DelayedWorkQueue.take(ScheduledThreadPoolExecutor.java:809)
        at java.util.concurrent.ThreadPoolExecutor.getTask(ThreadPoolExecutor.java:1074)
        at java.util.concurrent.ThreadPoolExecutor.runWorker(ThreadPoolExecutor.java:1134)
        at java.util.concurrent.ThreadPoolExecutor$Worker.run(ThreadPoolExecutor.java:624)
        at java.lang.Thread.run(Thread.java:750)
"pool-164-thread-1"  prio=5 tid=610 in Object.wait()
java.lang.Thread.State: WAITING (on object monitor)
        at sun.misc.Unsafe.park(Native Method)
        at java.util.concurrent.locks.LockSupport.park(LockSupport.java:175)
        at java.util.concurrent.locks.AbstractQueuedSynchronizer$ConditionObject.await(AbstractQueuedSynchronizer.java:2039)
        at java.util.concurrent.LinkedBlockingQueue.take(LinkedBlockingQueue.java:442)
        at java.util.concurrent.ThreadPoolExecutor.getTask(ThreadPoolExecutor.java:1074)
        at java.util.concurrent.ThreadPoolExecutor.runWorker(ThreadPoolExecutor.java:1134)
        at java.util.concurrent.ThreadPoolExecutor$Worker.run(ThreadPoolExecutor.java:624)
        at java.lang.Thread.run(Thread.java:750)
"ChunkWriter-2-0" daemon prio=5 tid=355 in Object.wait()
java.lang.Thread.State: WAITING (on object monitor)
        at sun.misc.Unsafe.park(Native Method)
        at java.util.concurrent.locks.LockSupport.park(LockSupport.java:175)
        at java.util.concurrent.locks.AbstractQueuedSynchronizer$ConditionObject.await(AbstractQueuedSynchronizer.java:2039)
        at java.util.concurrent.LinkedBlockingDeque.takeFirst(LinkedBlockingDeque.java:492)
        at java.util.concurrent.LinkedBlockingDeque.take(LinkedBlockingDeque.java:680)
        at java.util.concurrent.ThreadPoolExecutor.getTask(ThreadPoolExecutor.java:1074)
        at java.util.concurrent.ThreadPoolExecutor.runWorker(ThreadPoolExecutor.java:1134)
        at java.util.concurrent.ThreadPoolExecutor$Worker.run(ThreadPoolExecutor.java:624)
        at java.lang.Thread.run(Thread.java:750)
"StaleRecoveringContainerScrubbingService#0" daemon prio=5 tid=498 in Object.wait()
java.lang.Thread.State: WAITING (on object monitor)
        at sun.misc.Unsafe.park(Native Method)
        at java.util.concurrent.locks.LockSupport.park(LockSupport.java:175)
        at java.util.concurrent.locks.AbstractQueuedSynchronizer$ConditionObject.await(AbstractQueuedSynchronizer.java:2039)
        at java.util.concurrent.ScheduledThreadPoolExecutor$DelayedWorkQueue.take(ScheduledThreadPoolExecutor.java:1088)
        at java.util.concurrent.ScheduledThreadPoolExecutor$DelayedWorkQueue.take(ScheduledThreadPoolExecutor.java:809)
        at java.util.concurrent.ThreadPoolExecutor.getTask(ThreadPoolExecutor.java:1074)
        at java.util.concurrent.ThreadPoolExecutor.runWorker(ThreadPoolExecutor.java:1134)
        at java.util.concurrent.ThreadPoolExecutor$Worker.run(ThreadPoolExecutor.java:624)
        at java.lang.Thread.run(Thread.java:750)
"timer1" daemon prio=5 tid=687 timed_waiting
java.lang.Thread.State: TIMED_WAITING
        at java.lang.Object.wait(Native Method)
        at java.util.TimerThread.mainLoop(Timer.java:552)
        at java.util.TimerThread.run(Timer.java:505)
"qtp1111535829-285" daemon prio=5 tid=285 timed_waiting
java.lang.Thread.State: TIMED_WAITING
        at sun.misc.Unsafe.park(Native Method)
        at java.util.concurrent.locks.LockSupport.parkNanos(LockSupport.java:215)
        at java.util.concurrent.locks.AbstractQueuedSynchronizer$ConditionObject.awaitNanos(AbstractQueuedSynchronizer.java:2078)
        at org.eclipse.jetty.util.BlockingArrayQueue.poll(BlockingArrayQueue.java:382)
        at org.eclipse.jetty.util.thread.QueuedThreadPool$Runner.idleJobPoll(QueuedThreadPool.java:974)
        at org.eclipse.jetty.util.thread.QueuedThreadPool$Runner.run(QueuedThreadPool.java:1018)
        at java.lang.Thread.run(Thread.java:750)
"JvmPauseMonitor8" daemon prio=5 tid=528 timed_waiting
java.lang.Thread.State: TIMED_WAITING
        at java.lang.Thread.sleep(Native Method)
        at java.lang.Thread.sleep(Thread.java:342)
        at java.util.concurrent.TimeUnit.sleep(TimeUnit.java:386)
        at org.apache.ratis.util.TimeDuration.sleep(TimeDuration.java:325)
        at org.apache.ratis.util.TimeDuration.sleep(TimeDuration.java:310)
        at org.apache.ratis.util.JvmPauseMonitor.detectPause(JvmPauseMonitor.java:119)
        at org.apache.ratis.util.JvmPauseMonitor.run(JvmPauseMonitor.java:108)
        at org.apache.ratis.util.JvmPauseMonitor$$Lambda$706/479417099.run(Unknown Source)
        at java.lang.Thread.run(Thread.java:750)
"IPC Server Responder" daemon prio=5 tid=123 runnable
java.lang.Thread.State: RUNNABLE
        at sun.nio.ch.EPollArrayWrapper.epollWait(Native Method)
        at sun.nio.ch.EPollArrayWrapper.poll(EPollArrayWrapper.java:269)
        at sun.nio.ch.EPollSelectorImpl.doSelect(EPollSelectorImpl.java:93)
        at sun.nio.ch.SelectorImpl.lockAndDoSelect(SelectorImpl.java:86)
        at sun.nio.ch.SelectorImpl.select(SelectorImpl.java:97)
        at org.apache.hadoop.ipc.Server$Responder.doRunLoop(Server.java:1532)
        at org.apache.hadoop.ipc.Server$Responder.run(Server.java:1515)
"StaleRecoveringContainerScrubbingService#1" daemon prio=5 tid=546 timed_waiting
java.lang.Thread.State: TIMED_WAITING
        at sun.misc.Unsafe.park(Native Method)
        at java.util.concurrent.locks.LockSupport.parkNanos(LockSupport.java:215)
        at java.util.concurrent.locks.AbstractQueuedSynchronizer$ConditionObject.awaitNanos(AbstractQueuedSynchronizer.java:2078)
        at java.util.concurrent.ScheduledThreadPoolExecutor$DelayedWorkQueue.take(ScheduledThreadPoolExecutor.java:1093)
        at java.util.concurrent.ScheduledThreadPoolExecutor$DelayedWorkQueue.take(ScheduledThreadPoolExecutor.java:809)
        at java.util.concurrent.ThreadPoolExecutor.getTask(ThreadPoolExecutor.java:1074)
        at java.util.concurrent.ThreadPoolExecutor.runWorker(ThreadPoolExecutor.java:1134)
        at java.util.concurrent.ThreadPoolExecutor$Worker.run(ThreadPoolExecutor.java:624)
        at java.lang.Thread.run(Thread.java:750)
"9d921ae2-dac8-442e-8311-fdc102c02170-server-thread2" daemon prio=5 tid=721 timed_waiting
java.lang.Thread.State: TIMED_WAITING
        at sun.misc.Unsafe.park(Native Method)
        at java.util.concurrent.locks.LockSupport.parkNanos(LockSupport.java:215)
        at java.util.concurrent.SynchronousQueue$TransferStack.awaitFulfill(SynchronousQueue.java:460)
        at java.util.concurrent.SynchronousQueue$TransferStack.transfer(SynchronousQueue.java:362)
        at java.util.concurrent.SynchronousQueue.poll(SynchronousQueue.java:941)
        at java.util.concurrent.ThreadPoolExecutor.getTask(ThreadPoolExecutor.java:1073)
        at java.util.concurrent.ThreadPoolExecutor.runWorker(ThreadPoolExecutor.java:1134)
        at java.util.concurrent.ThreadPoolExecutor$Worker.run(ThreadPoolExecutor.java:624)
        at java.lang.Thread.run(Thread.java:750)
"7b6afef0-558a-4ad8-bcfc-b2255c7aee53@group-55E06B2F269B-StateMachineUpdater" daemon prio=5 tid=647 timed_waiting
java.lang.Thread.State: TIMED_WAITING
        at sun.misc.Unsafe.park(Native Method)
        at java.util.concurrent.locks.LockSupport.parkNanos(LockSupport.java:215)
        at java.util.concurrent.CompletableFuture$Signaller.block(CompletableFuture.java:1709)
        at java.util.concurrent.ForkJoinPool.managedBlock(ForkJoinPool.java:3323)
        at java.util.concurrent.CompletableFuture.timedGet(CompletableFuture.java:1788)
        at java.util.concurrent.CompletableFuture.get(CompletableFuture.java:1928)
        at org.apache.ratis.util.AwaitForSignal.await(AwaitForSignal.java:56)
        at org.apache.ratis.server.impl.StateMachineUpdater.waitForCommit(StateMachineUpdater.java:207)
        at org.apache.ratis.server.impl.StateMachineUpdater.run(StateMachineUpdater.java:176)
        at java.lang.Thread.run(Thread.java:750)
"StaleRecoveringContainerScrubbingService#0" daemon prio=5 tid=531 in Object.wait()
java.lang.Thread.State: WAITING (on object monitor)
        at sun.misc.Unsafe.park(Native Method)
        at java.util.concurrent.locks.LockSupport.park(LockSupport.java:175)
        at java.util.concurrent.locks.AbstractQueuedSynchronizer$ConditionObject.await(AbstractQueuedSynchronizer.java:2039)
        at java.util.concurrent.ScheduledThreadPoolExecutor$DelayedWorkQueue.take(ScheduledThreadPoolExecutor.java:1088)
        at java.util.concurrent.ScheduledThreadPoolExecutor$DelayedWorkQueue.take(ScheduledThreadPoolExecutor.java:809)
        at java.util.concurrent.ThreadPoolExecutor.getTask(ThreadPoolExecutor.java:1074)
        at java.util.concurrent.ThreadPoolExecutor.runWorker(ThreadPoolExecutor.java:1134)
        at java.util.concurrent.ThreadPoolExecutor$Worker.run(ThreadPoolExecutor.java:624)
        at java.lang.Thread.run(Thread.java:750)
"aa3e6641-ac34-45f8-85b4-6614ff527932@group-EF2AFB36FD63-FollowerState" daemon prio=5 tid=819 timed_waiting
java.lang.Thread.State: TIMED_WAITING
        at java.lang.Thread.sleep(Native Method)
        at java.lang.Thread.sleep(Thread.java:342)
        at java.util.concurrent.TimeUnit.sleep(TimeUnit.java:386)
        at org.apache.ratis.util.TimeDuration.sleep(TimeDuration.java:325)
        at org.apache.ratis.util.TimeDuration.sleep(TimeDuration.java:310)
        at org.apache.ratis.server.impl.FollowerState.run(FollowerState.java:128)
"qtp1757536605-337" daemon prio=5 tid=337 timed_waiting
java.lang.Thread.State: TIMED_WAITING
        at sun.misc.Unsafe.park(Native Method)
        at java.util.concurrent.locks.LockSupport.parkNanos(LockSupport.java:215)
        at java.util.concurrent.locks.AbstractQueuedSynchronizer$ConditionObject.awaitNanos(AbstractQueuedSynchronizer.java:2078)
        at org.eclipse.jetty.util.BlockingArrayQueue.poll(BlockingArrayQueue.java:382)
        at org.eclipse.jetty.util.thread.QueuedThreadPool$Runner.idleJobPoll(QueuedThreadPool.java:974)
        at org.eclipse.jetty.util.thread.QueuedThreadPool$Runner.run(QueuedThreadPool.java:1018)
        at java.lang.Thread.run(Thread.java:750)
"qtp590000838-416" daemon prio=5 tid=416 timed_waiting
java.lang.Thread.State: TIMED_WAITING
        at sun.misc.Unsafe.park(Native Method)
        at java.util.concurrent.locks.LockSupport.parkNanos(LockSupport.java:215)
        at java.util.concurrent.locks.AbstractQueuedSynchronizer$ConditionObject.awaitNanos(AbstractQueuedSynchronizer.java:2078)
        at org.eclipse.jetty.util.BlockingArrayQueue.poll(BlockingArrayQueue.java:382)
        at org.eclipse.jetty.util.thread.QueuedThreadPool$Runner.idleJobPoll(QueuedThreadPool.java:974)
        at org.eclipse.jetty.util.thread.QueuedThreadPool$Runner.run(QueuedThreadPool.java:1018)
        at java.lang.Thread.run(Thread.java:750)
"org.apache.hadoop.ozone.container.common.statemachine.commandhandler.DeleteBlocksCommandHandler$DeleteCmdWorker@278e993c" daemon prio=5 tid=172 timed_waiting
java.lang.Thread.State: TIMED_WAITING
        at java.lang.Thread.sleep(Native Method)
        at org.apache.hadoop.ozone.container.common.statemachine.commandhandler.DeleteBlocksCommandHandler$DeleteCmdWorker.run(DeleteBlocksCommandHandler.java:183)
        at java.lang.Thread.run(Thread.java:750)
"ChunkWriter-0-0" daemon prio=5 tid=537 in Object.wait()
java.lang.Thread.State: WAITING (on object monitor)
        at sun.misc.Unsafe.park(Native Method)
        at java.util.concurrent.locks.LockSupport.park(LockSupport.java:175)
        at java.util.concurrent.locks.AbstractQueuedSynchronizer$ConditionObject.await(AbstractQueuedSynchronizer.java:2039)
        at java.util.concurrent.LinkedBlockingDeque.takeFirst(LinkedBlockingDeque.java:492)
        at java.util.concurrent.LinkedBlockingDeque.take(LinkedBlockingDeque.java:680)
        at java.util.concurrent.ThreadPoolExecutor.getTask(ThreadPoolExecutor.java:1074)
        at java.util.concurrent.ThreadPoolExecutor.runWorker(ThreadPoolExecutor.java:1134)
        at java.util.concurrent.ThreadPoolExecutor$Worker.run(ThreadPoolExecutor.java:624)
        at java.lang.Thread.run(Thread.java:750)
"qtp117897905-373" daemon prio=5 tid=373 timed_waiting
java.lang.Thread.State: TIMED_WAITING
        at sun.misc.Unsafe.park(Native Method)
        at java.util.concurrent.locks.LockSupport.parkNanos(LockSupport.java:215)
        at java.util.concurrent.locks.AbstractQueuedSynchronizer$ConditionObject.awaitNanos(AbstractQueuedSynchronizer.java:2078)
        at org.eclipse.jetty.util.BlockingArrayQueue.poll(BlockingArrayQueue.java:382)
        at org.eclipse.jetty.util.thread.QueuedThreadPool$Runner.idleJobPoll(QueuedThreadPool.java:974)
        at org.eclipse.jetty.util.thread.QueuedThreadPool$Runner.run(QueuedThreadPool.java:1018)
        at java.lang.Thread.run(Thread.java:750)
"qtp117897905-375" daemon prio=5 tid=375 timed_waiting
java.lang.Thread.State: TIMED_WAITING
        at sun.misc.Unsafe.park(Native Method)
        at java.util.concurrent.locks.LockSupport.parkNanos(LockSupport.java:215)
        at java.util.concurrent.locks.AbstractQueuedSynchronizer$ConditionObject.awaitNanos(AbstractQueuedSynchronizer.java:2078)
        at org.eclipse.jetty.util.BlockingArrayQueue.poll(BlockingArrayQueue.java:382)
        at org.eclipse.jetty.util.thread.QueuedThreadPool$Runner.idleJobPoll(QueuedThreadPool.java:974)
        at org.eclipse.jetty.util.thread.QueuedThreadPool$Runner.run(QueuedThreadPool.java:1018)
        at java.lang.Thread.run(Thread.java:750)
"IPC Server handler 0 on default port 43219" daemon prio=5 tid=77 timed_waiting
java.lang.Thread.State: TIMED_WAITING
        at sun.misc.Unsafe.park(Native Method)
        at java.util.concurrent.locks.LockSupport.parkNanos(LockSupport.java:215)
        at java.util.concurrent.locks.AbstractQueuedSynchronizer$ConditionObject.awaitNanos(AbstractQueuedSynchronizer.java:2078)
        at java.util.concurrent.LinkedBlockingQueue.poll(LinkedBlockingQueue.java:467)
        at org.apache.hadoop.ipc.CallQueueManager.take(CallQueueManager.java:317)
        at org.apache.hadoop.ipc.Server$Handler.run(Server.java:2942)
"qtp1757536605-332" daemon prio=5 tid=332 runnable
java.lang.Thread.State: RUNNABLE
        at sun.nio.ch.EPollArrayWrapper.epollWait(Native Method)
        at sun.nio.ch.EPollArrayWrapper.poll(EPollArrayWrapper.java:269)
        at sun.nio.ch.EPollSelectorImpl.doSelect(EPollSelectorImpl.java:93)
        at sun.nio.ch.SelectorImpl.lockAndDoSelect(SelectorImpl.java:86)
        at sun.nio.ch.SelectorImpl.select(SelectorImpl.java:97)
        at sun.nio.ch.SelectorImpl.select(SelectorImpl.java:101)
        at org.eclipse.jetty.io.ManagedSelector.nioSelect(ManagedSelector.java:183)
        at org.eclipse.jetty.io.ManagedSelector.select(ManagedSelector.java:190)
        at org.eclipse.jetty.io.ManagedSelector$SelectorProducer.select(ManagedSelector.java:606)
        at org.eclipse.jetty.io.ManagedSelector$SelectorProducer.produce(ManagedSelector.java:543)
        at org.eclipse.jetty.util.thread.strategy.EatWhatYouKill.produceTask(EatWhatYouKill.java:362)
        at org.eclipse.jetty.util.thread.strategy.EatWhatYouKill.doProduce(EatWhatYouKill.java:186)
        at org.eclipse.jetty.util.thread.strategy.EatWhatYouKill.tryProduce(EatWhatYouKill.java:173)
        at org.eclipse.jetty.util.thread.strategy.EatWhatYouKill.produce(EatWhatYouKill.java:137)
        at org.eclipse.jetty.io.ManagedSelector$$Lambda$446/1148867963.run(Unknown Source)
        at org.eclipse.jetty.util.thread.QueuedThreadPool.runJob(QueuedThreadPool.java:883)
        at org.eclipse.jetty.util.thread.QueuedThreadPool$Runner.run(QueuedThreadPool.java:1034)
        at java.lang.Thread.run(Thread.java:750)
"d5dd9084-02e9-4cbc-a1b0-4846343450b9@group-55E06B2F269B-StateMachineUpdater" daemon prio=5 tid=643 timed_waiting
java.lang.Thread.State: TIMED_WAITING
        at sun.misc.Unsafe.park(Native Method)
        at java.util.concurrent.locks.LockSupport.parkNanos(LockSupport.java:215)
        at java.util.concurrent.CompletableFuture$Signaller.block(CompletableFuture.java:1709)
        at java.util.concurrent.ForkJoinPool.managedBlock(ForkJoinPool.java:3323)
        at java.util.concurrent.CompletableFuture.timedGet(CompletableFuture.java:1788)
        at java.util.concurrent.CompletableFuture.get(CompletableFuture.java:1928)
        at org.apache.ratis.util.AwaitForSignal.await(AwaitForSignal.java:56)
        at org.apache.ratis.server.impl.StateMachineUpdater.waitForCommit(StateMachineUpdater.java:207)
        at org.apache.ratis.server.impl.StateMachineUpdater.run(StateMachineUpdater.java:176)
        at java.lang.Thread.run(Thread.java:750)
"grpc-default-worker-ELG-3-1" daemon prio=5 tid=568 runnable
java.lang.Thread.State: RUNNABLE
        at org.apache.ratis.thirdparty.io.netty.channel.epoll.Native.epollWait0(Native Method)
        at org.apache.ratis.thirdparty.io.netty.channel.epoll.Native.epollWait(Native.java:182)
        at org.apache.ratis.thirdparty.io.netty.channel.epoll.EpollEventLoop.epollWait(EpollEventLoop.java:290)
        at org.apache.ratis.thirdparty.io.netty.channel.epoll.EpollEventLoop.run(EpollEventLoop.java:354)
        at org.apache.ratis.thirdparty.io.netty.util.concurrent.SingleThreadEventExecutor$4.run(SingleThreadEventExecutor.java:995)
        at org.apache.ratis.thirdparty.io.netty.util.internal.ThreadExecutorMap$2.run(ThreadExecutorMap.java:74)
        at org.apache.ratis.thirdparty.io.netty.util.concurrent.FastThreadLocalRunnable.run(FastThreadLocalRunnable.java:30)
        at java.lang.Thread.run(Thread.java:750)
"aa3e6641-ac34-45f8-85b4-6614ff527932@group-3B672FDC1826-SegmentedRaftLogWorker"  prio=5 tid=604 timed_waiting
java.lang.Thread.State: TIMED_WAITING
        at sun.misc.Unsafe.park(Native Method)
        at java.util.concurrent.locks.LockSupport.parkNanos(LockSupport.java:215)
        at java.util.concurrent.locks.AbstractQueuedSynchronizer$ConditionObject.awaitNanos(AbstractQueuedSynchronizer.java:2078)
        at org.apache.ratis.util.DataBlockingQueue.poll(DataBlockingQueue.java:148)
        at org.apache.ratis.server.raftlog.segmented.SegmentedRaftLogWorker.run(SegmentedRaftLogWorker.java:310)
        at org.apache.ratis.server.raftlog.segmented.SegmentedRaftLogWorker$$Lambda$665/1172168715.run(Unknown Source)
        at java.lang.Thread.run(Thread.java:750)
"4117c80f-d61a-41ff-a958-d6b4139221af@group-DDFA6F1F1F28-SegmentedRaftLogWorker"  prio=5 tid=598 timed_waiting
java.lang.Thread.State: TIMED_WAITING
        at sun.misc.Unsafe.park(Native Method)
        at java.util.concurrent.locks.LockSupport.parkNanos(LockSupport.java:215)
        at java.util.concurrent.locks.AbstractQueuedSynchronizer$ConditionObject.awaitNanos(AbstractQueuedSynchronizer.java:2078)
        at org.apache.ratis.util.DataBlockingQueue.poll(DataBlockingQueue.java:148)
        at org.apache.ratis.server.raftlog.segmented.SegmentedRaftLogWorker.run(SegmentedRaftLogWorker.java:310)
        at org.apache.ratis.server.raftlog.segmented.SegmentedRaftLogWorker$$Lambda$665/1172168715.run(Unknown Source)
        at java.lang.Thread.run(Thread.java:750)
"org.apache.hadoop.util.JvmPauseMonitor$Monitor@76f0c773" daemon prio=5 tid=322 timed_waiting
java.lang.Thread.State: TIMED_WAITING
        at java.lang.Thread.sleep(Native Method)
        at org.apache.hadoop.util.JvmPauseMonitor$Monitor.run(JvmPauseMonitor.java:192)
        at java.lang.Thread.run(Thread.java:750)
"Finalizer" daemon prio=8 tid=3 in Object.wait()
java.lang.Thread.State: WAITING (on object monitor)
        at java.lang.Object.wait(Native Method)
        at java.lang.ref.ReferenceQueue.remove(ReferenceQueue.java:144)
        at java.lang.ref.ReferenceQueue.remove(ReferenceQueue.java:165)
        at java.lang.ref.Finalizer$FinalizerThread.run(Finalizer.java:216)
"qtp2019923144-135" daemon prio=5 tid=135 runnable
java.lang.Thread.State: RUNNABLE
        at sun.nio.ch.EPollArrayWrapper.epollWait(Native Method)
        at sun.nio.ch.EPollArrayWrapper.poll(EPollArrayWrapper.java:269)
        at sun.nio.ch.EPollSelectorImpl.doSelect(EPollSelectorImpl.java:93)
        at sun.nio.ch.SelectorImpl.lockAndDoSelect(SelectorImpl.java:86)
        at sun.nio.ch.SelectorImpl.select(SelectorImpl.java:97)
        at sun.nio.ch.SelectorImpl.select(SelectorImpl.java:101)
        at org.eclipse.jetty.io.ManagedSelector.nioSelect(ManagedSelector.java:183)
        at org.eclipse.jetty.io.ManagedSelector.select(ManagedSelector.java:190)
        at org.eclipse.jetty.io.ManagedSelector$SelectorProducer.select(ManagedSelector.java:606)
        at org.eclipse.jetty.io.ManagedSelector$SelectorProducer.produce(ManagedSelector.java:543)
        at org.eclipse.jetty.util.thread.strategy.EatWhatYouKill.produceTask(EatWhatYouKill.java:362)
        at org.eclipse.jetty.util.thread.strategy.EatWhatYouKill.doProduce(EatWhatYouKill.java:186)
        at org.eclipse.jetty.util.thread.strategy.EatWhatYouKill.tryProduce(EatWhatYouKill.java:173)
        at org.eclipse.jetty.util.thread.strategy.EatWhatYouKill.produce(EatWhatYouKill.java:137)
        at org.eclipse.jetty.io.ManagedSelector$$Lambda$446/1148867963.run(Unknown Source)
        at org.eclipse.jetty.util.thread.QueuedThreadPool.runJob(QueuedThreadPool.java:883)
        at org.eclipse.jetty.util.thread.QueuedThreadPool$Runner.run(QueuedThreadPool.java:1034)
        at java.lang.Thread.run(Thread.java:750)
"af2ba7b3-e3cd-4616-bfee-e743369bcf5a@group-9D4C5A32B7BF-LeaderStateImpl" daemon prio=5 tid=801 timed_waiting
java.lang.Thread.State: TIMED_WAITING
        at sun.misc.Unsafe.park(Native Method)
        at java.util.concurrent.locks.LockSupport.parkNanos(LockSupport.java:215)
        at java.util.concurrent.locks.AbstractQueuedSynchronizer$ConditionObject.awaitNanos(AbstractQueuedSynchronizer.java:2078)
        at java.util.concurrent.ArrayBlockingQueue.poll(ArrayBlockingQueue.java:418)
        at org.apache.ratis.server.impl.LeaderStateImpl$EventQueue.poll(LeaderStateImpl.java:159)
        at org.apache.ratis.server.impl.LeaderStateImpl$EventProcessor.run(LeaderStateImpl.java:630)
"ChunkWriter-1-0" daemon prio=5 tid=511 in Object.wait()
java.lang.Thread.State: WAITING (on object monitor)
        at sun.misc.Unsafe.park(Native Method)
        at java.util.concurrent.locks.LockSupport.park(LockSupport.java:175)
        at java.util.concurrent.locks.AbstractQueuedSynchronizer$ConditionObject.await(AbstractQueuedSynchronizer.java:2039)
        at java.util.concurrent.LinkedBlockingDeque.takeFirst(LinkedBlockingDeque.java:492)
        at java.util.concurrent.LinkedBlockingDeque.take(LinkedBlockingDeque.java:680)
        at java.util.concurrent.ThreadPoolExecutor.getTask(ThreadPoolExecutor.java:1074)
        at java.util.concurrent.ThreadPoolExecutor.runWorker(ThreadPoolExecutor.java:1134)
        at java.util.concurrent.ThreadPoolExecutor$Worker.run(ThreadPoolExecutor.java:624)
        at java.lang.Thread.run(Thread.java:750)
"qtp1502551983-103" daemon prio=5 tid=103 timed_waiting
java.lang.Thread.State: TIMED_WAITING
        at sun.misc.Unsafe.park(Native Method)
        at java.util.concurrent.locks.LockSupport.parkNanos(LockSupport.java:215)
        at java.util.concurrent.locks.AbstractQueuedSynchronizer$ConditionObject.awaitNanos(AbstractQueuedSynchronizer.java:2078)
        at org.eclipse.jetty.util.BlockingArrayQueue.poll(BlockingArrayQueue.java:382)
        at org.eclipse.jetty.util.thread.QueuedThreadPool$Runner.idleJobPoll(QueuedThreadPool.java:974)
        at org.eclipse.jetty.util.thread.QueuedThreadPool$Runner.run(QueuedThreadPool.java:1018)
        at java.lang.Thread.run(Thread.java:750)
"grpc-default-executor-0" daemon prio=5 tid=569 timed_waiting
java.lang.Thread.State: TIMED_WAITING
        at sun.misc.Unsafe.park(Native Method)
        at java.util.concurrent.locks.LockSupport.parkNanos(LockSupport.java:215)
        at java.util.concurrent.SynchronousQueue$TransferStack.awaitFulfill(SynchronousQueue.java:460)
        at java.util.concurrent.SynchronousQueue$TransferStack.transfer(SynchronousQueue.java:362)
        at java.util.concurrent.SynchronousQueue.poll(SynchronousQueue.java:941)
        at java.util.concurrent.ThreadPoolExecutor.getTask(ThreadPoolExecutor.java:1073)
        at java.util.concurrent.ThreadPoolExecutor.runWorker(ThreadPoolExecutor.java:1134)
        at java.util.concurrent.ThreadPoolExecutor$Worker.run(ThreadPoolExecutor.java:624)
        at java.lang.Thread.run(Thread.java:750)
"IPC Server handler 5 on default port 42141" daemon prio=5 tid=149 timed_waiting
java.lang.Thread.State: TIMED_WAITING
        at sun.misc.Unsafe.park(Native Method)
        at java.util.concurrent.locks.LockSupport.parkNanos(LockSupport.java:215)
        at java.util.concurrent.locks.AbstractQueuedSynchronizer$ConditionObject.awaitNanos(AbstractQueuedSynchronizer.java:2078)
        at java.util.concurrent.LinkedBlockingQueue.poll(LinkedBlockingQueue.java:467)
        at org.apache.hadoop.ipc.CallQueueManager.take(CallQueueManager.java:317)
        at org.apache.hadoop.ipc.Server$Handler.run(Server.java:2942)
"ChunkWriter-2-0" daemon prio=5 tid=481 in Object.wait()
java.lang.Thread.State: WAITING (on object monitor)
        at sun.misc.Unsafe.park(Native Method)
        at java.util.concurrent.locks.LockSupport.park(LockSupport.java:175)
        at java.util.concurrent.locks.AbstractQueuedSynchronizer$ConditionObject.await(AbstractQueuedSynchronizer.java:2039)
        at java.util.concurrent.LinkedBlockingDeque.takeFirst(LinkedBlockingDeque.java:492)
        at java.util.concurrent.LinkedBlockingDeque.take(LinkedBlockingDeque.java:680)
        at java.util.concurrent.ThreadPoolExecutor.getTask(ThreadPoolExecutor.java:1074)
        at java.util.concurrent.ThreadPoolExecutor.runWorker(ThreadPoolExecutor.java:1134)
        at java.util.concurrent.ThreadPoolExecutor$Worker.run(ThreadPoolExecutor.java:624)
        at java.lang.Thread.run(Thread.java:750)
"0c9bf628-edfc-473a-824e-eb061e1afdb3@group-EE41B3B0F527-StateMachineUpdater" daemon prio=5 tid=564 timed_waiting
java.lang.Thread.State: TIMED_WAITING
        at sun.misc.Unsafe.park(Native Method)
        at java.util.concurrent.locks.LockSupport.parkNanos(LockSupport.java:215)
        at java.util.concurrent.CompletableFuture$Signaller.block(CompletableFuture.java:1709)
        at java.util.concurrent.ForkJoinPool.managedBlock(ForkJoinPool.java:3323)
        at java.util.concurrent.CompletableFuture.timedGet(CompletableFuture.java:1788)
        at java.util.concurrent.CompletableFuture.get(CompletableFuture.java:1928)
        at org.apache.ratis.util.AwaitForSignal.await(AwaitForSignal.java:56)
        at org.apache.ratis.server.impl.StateMachineUpdater.waitForCommit(StateMachineUpdater.java:207)
        at org.apache.ratis.server.impl.StateMachineUpdater.run(StateMachineUpdater.java:176)
        at java.lang.Thread.run(Thread.java:750)
"qtp1192313527-179" daemon prio=5 tid=179 timed_waiting
java.lang.Thread.State: TIMED_WAITING
        at sun.misc.Unsafe.park(Native Method)
        at java.util.concurrent.locks.LockSupport.parkNanos(LockSupport.java:215)
        at java.util.concurrent.locks.AbstractQueuedSynchronizer$ConditionObject.awaitNanos(AbstractQueuedSynchronizer.java:2078)
        at org.eclipse.jetty.util.BlockingArrayQueue.poll(BlockingArrayQueue.java:382)
        at org.eclipse.jetty.util.thread.QueuedThreadPool$Runner.idleJobPoll(QueuedThreadPool.java:974)
        at org.eclipse.jetty.util.thread.QueuedThreadPool$Runner.run(QueuedThreadPool.java:1018)
        at java.lang.Thread.run(Thread.java:750)
"IPC Server handler 19 on default port 34213" daemon prio=5 tid=56 timed_waiting
java.lang.Thread.State: TIMED_WAITING
        at sun.misc.Unsafe.park(Native Method)
        at java.util.concurrent.locks.LockSupport.parkNanos(LockSupport.java:215)
        at java.util.concurrent.locks.AbstractQueuedSynchronizer$ConditionObject.awaitNanos(AbstractQueuedSynchronizer.java:2078)
        at java.util.concurrent.LinkedBlockingQueue.poll(LinkedBlockingQueue.java:467)
        at org.apache.hadoop.ipc.CallQueueManager.take(CallQueueManager.java:317)
        at org.apache.hadoop.ipc.Server$Handler.run(Server.java:2942)
"EventQueue-NodeRegistrationContainerReportForContainerSafeModeRule" daemon prio=5 tid=504 in Object.wait()
java.lang.Thread.State: WAITING (on object monitor)
        at sun.misc.Unsafe.park(Native Method)
        at java.util.concurrent.locks.LockSupport.park(LockSupport.java:175)
        at java.util.concurrent.locks.AbstractQueuedSynchronizer$ConditionObject.await(AbstractQueuedSynchronizer.java:2039)
        at java.util.concurrent.LinkedBlockingQueue.take(LinkedBlockingQueue.java:442)
        at java.util.concurrent.ThreadPoolExecutor.getTask(ThreadPoolExecutor.java:1074)
        at java.util.concurrent.ThreadPoolExecutor.runWorker(ThreadPoolExecutor.java:1134)
        at java.util.concurrent.ThreadPoolExecutor$Worker.run(ThreadPoolExecutor.java:624)
        at java.lang.Thread.run(Thread.java:750)
"ChunkWriter-1-0" daemon prio=5 tid=354 in Object.wait()
java.lang.Thread.State: WAITING (on object monitor)
        at sun.misc.Unsafe.park(Native Method)
        at java.util.concurrent.locks.LockSupport.park(LockSupport.java:175)
        at java.util.concurrent.locks.AbstractQueuedSynchronizer$ConditionObject.await(AbstractQueuedSynchronizer.java:2039)
        at java.util.concurrent.LinkedBlockingDeque.takeFirst(LinkedBlockingDeque.java:492)
        at java.util.concurrent.LinkedBlockingDeque.take(LinkedBlockingDeque.java:680)
        at java.util.concurrent.ThreadPoolExecutor.getTask(ThreadPoolExecutor.java:1074)
        at java.util.concurrent.ThreadPoolExecutor.runWorker(ThreadPoolExecutor.java:1134)
        at java.util.concurrent.ThreadPoolExecutor$Worker.run(ThreadPoolExecutor.java:624)
        at java.lang.Thread.run(Thread.java:750)
"Datanode State Machine Task Thread - 0"  prio=5 tid=323 in Object.wait()
java.lang.Thread.State: WAITING (on object monitor)
        at sun.misc.Unsafe.park(Native Method)
        at java.util.concurrent.locks.LockSupport.park(LockSupport.java:175)
        at java.util.concurrent.locks.AbstractQueuedSynchronizer$ConditionObject.await(AbstractQueuedSynchronizer.java:2039)
        at java.util.concurrent.LinkedBlockingQueue.take(LinkedBlockingQueue.java:442)
        at java.util.concurrent.ThreadPoolExecutor.getTask(ThreadPoolExecutor.java:1074)
        at java.util.concurrent.ThreadPoolExecutor.runWorker(ThreadPoolExecutor.java:1134)
        at java.util.concurrent.ThreadPoolExecutor$Worker.run(ThreadPoolExecutor.java:624)
        at java.lang.Thread.run(Thread.java:750)
"qtp2019923144-139" daemon prio=5 tid=139 timed_waiting
java.lang.Thread.State: TIMED_WAITING
        at sun.misc.Unsafe.park(Native Method)
        at java.util.concurrent.locks.LockSupport.parkNanos(LockSupport.java:215)
        at java.util.concurrent.locks.AbstractQueuedSynchronizer$ConditionObject.awaitNanos(AbstractQueuedSynchronizer.java:2078)
        at org.eclipse.jetty.util.BlockingArrayQueue.poll(BlockingArrayQueue.java:382)
        at org.eclipse.jetty.util.thread.QueuedThreadPool$Runner.idleJobPoll(QueuedThreadPool.java:974)
        at org.eclipse.jetty.util.thread.QueuedThreadPool$Runner.run(QueuedThreadPool.java:1018)
        at java.lang.Thread.run(Thread.java:750)
"DirectoryDeletingService#0" daemon prio=5 tid=132 timed_waiting
java.lang.Thread.State: TIMED_WAITING
        at sun.misc.Unsafe.park(Native Method)
        at java.util.concurrent.locks.LockSupport.parkNanos(LockSupport.java:215)
        at java.util.concurrent.locks.AbstractQueuedSynchronizer$ConditionObject.awaitNanos(AbstractQueuedSynchronizer.java:2078)
        at java.util.concurrent.ScheduledThreadPoolExecutor$DelayedWorkQueue.take(ScheduledThreadPoolExecutor.java:1093)
        at java.util.concurrent.ScheduledThreadPoolExecutor$DelayedWorkQueue.take(ScheduledThreadPoolExecutor.java:809)
        at java.util.concurrent.ThreadPoolExecutor.getTask(ThreadPoolExecutor.java:1074)
        at java.util.concurrent.ThreadPoolExecutor.runWorker(ThreadPoolExecutor.java:1134)
        at java.util.concurrent.ThreadPoolExecutor$Worker.run(ThreadPoolExecutor.java:624)
        at java.lang.Thread.run(Thread.java:750)
"Under Replicated Processor" daemon prio=5 tid=855 timed_waiting
java.lang.Thread.State: TIMED_WAITING
        at java.lang.Object.wait(Native Method)
        at org.apache.hadoop.hdds.scm.container.replication.UnderReplicatedProcessor.run(UnderReplicatedProcessor.java:142)
        at java.lang.Thread.run(Thread.java:750)
"ChunkWriter-3-0" daemon prio=5 tid=552 in Object.wait()
java.lang.Thread.State: WAITING (on object monitor)
        at sun.misc.Unsafe.park(Native Method)
        at java.util.concurrent.locks.LockSupport.park(LockSupport.java:175)
        at java.util.concurrent.locks.AbstractQueuedSynchronizer$ConditionObject.await(AbstractQueuedSynchronizer.java:2039)
        at java.util.concurrent.LinkedBlockingDeque.takeFirst(LinkedBlockingDeque.java:492)
        at java.util.concurrent.LinkedBlockingDeque.take(LinkedBlockingDeque.java:680)
        at java.util.concurrent.ThreadPoolExecutor.getTask(ThreadPoolExecutor.java:1074)
        at java.util.concurrent.ThreadPoolExecutor.runWorker(ThreadPoolExecutor.java:1134)
        at java.util.concurrent.ThreadPoolExecutor$Worker.run(ThreadPoolExecutor.java:624)
        at java.lang.Thread.run(Thread.java:750)
"d5dd9084-02e9-4cbc-a1b0-4846343450b9@group-D94B917AA4C5-LeaderStateImpl" daemon prio=5 tid=765 timed_waiting
java.lang.Thread.State: TIMED_WAITING
        at sun.misc.Unsafe.park(Native Method)
        at java.util.concurrent.locks.LockSupport.parkNanos(LockSupport.java:215)
        at java.util.concurrent.locks.AbstractQueuedSynchronizer$ConditionObject.awaitNanos(AbstractQueuedSynchronizer.java:2078)
        at java.util.concurrent.ArrayBlockingQueue.poll(ArrayBlockingQueue.java:418)
        at org.apache.ratis.server.impl.LeaderStateImpl$EventQueue.poll(LeaderStateImpl.java:159)
        at org.apache.ratis.server.impl.LeaderStateImpl$EventProcessor.run(LeaderStateImpl.java:630)
"Datanode State Machine Task Thread - 0"  prio=5 tid=426 in Object.wait()
java.lang.Thread.State: WAITING (on object monitor)
        at sun.misc.Unsafe.park(Native Method)
        at java.util.concurrent.locks.LockSupport.park(LockSupport.java:175)
        at java.util.concurrent.locks.AbstractQueuedSynchronizer$ConditionObject.await(AbstractQueuedSynchronizer.java:2039)
        at java.util.concurrent.LinkedBlockingQueue.take(LinkedBlockingQueue.java:442)
        at java.util.concurrent.ThreadPoolExecutor.getTask(ThreadPoolExecutor.java:1074)
        at java.util.concurrent.ThreadPoolExecutor.runWorker(ThreadPoolExecutor.java:1134)
        at java.util.concurrent.ThreadPoolExecutor$Worker.run(ThreadPoolExecutor.java:624)
        at java.lang.Thread.run(Thread.java:750)
"pool-187-thread-1"  prio=5 tid=615 in Object.wait()
java.lang.Thread.State: WAITING (on object monitor)
        at sun.misc.Unsafe.park(Native Method)
        at java.util.concurrent.locks.LockSupport.park(LockSupport.java:175)
        at java.util.concurrent.locks.AbstractQueuedSynchronizer$ConditionObject.await(AbstractQueuedSynchronizer.java:2039)
        at java.util.concurrent.LinkedBlockingQueue.take(LinkedBlockingQueue.java:442)
        at java.util.concurrent.ThreadPoolExecutor.getTask(ThreadPoolExecutor.java:1074)
        at java.util.concurrent.ThreadPoolExecutor.runWorker(ThreadPoolExecutor.java:1134)
        at java.util.concurrent.ThreadPoolExecutor$Worker.run(ThreadPoolExecutor.java:624)
        at java.lang.Thread.run(Thread.java:750)
"IPC Server handler 4 on default port 37753" daemon prio=5 tid=61 timed_waiting
java.lang.Thread.State: TIMED_WAITING
        at sun.misc.Unsafe.park(Native Method)
        at java.util.concurrent.locks.LockSupport.parkNanos(LockSupport.java:215)
        at java.util.concurrent.locks.AbstractQueuedSynchronizer$ConditionObject.awaitNanos(AbstractQueuedSynchronizer.java:2078)
        at java.util.concurrent.LinkedBlockingQueue.poll(LinkedBlockingQueue.java:467)
        at org.apache.hadoop.ipc.CallQueueManager.take(CallQueueManager.java:317)
        at org.apache.hadoop.ipc.Server$Handler.run(Server.java:2942)
"ChunkWriter-1-0" daemon prio=5 tid=525 in Object.wait()
java.lang.Thread.State: WAITING (on object monitor)
        at sun.misc.Unsafe.park(Native Method)
        at java.util.concurrent.locks.LockSupport.park(LockSupport.java:175)
        at java.util.concurrent.locks.AbstractQueuedSynchronizer$ConditionObject.await(AbstractQueuedSynchronizer.java:2039)
        at java.util.concurrent.LinkedBlockingDeque.takeFirst(LinkedBlockingDeque.java:492)
        at java.util.concurrent.LinkedBlockingDeque.take(LinkedBlockingDeque.java:680)
        at java.util.concurrent.ThreadPoolExecutor.getTask(ThreadPoolExecutor.java:1074)
        at java.util.concurrent.ThreadPoolExecutor.runWorker(ThreadPoolExecutor.java:1134)
        at java.util.concurrent.ThreadPoolExecutor$Worker.run(ThreadPoolExecutor.java:624)
        at java.lang.Thread.run(Thread.java:750)
"Datanode State Machine Task Thread - 0"  prio=5 tid=191 in Object.wait()
java.lang.Thread.State: WAITING (on object monitor)
        at sun.misc.Unsafe.park(Native Method)
        at java.util.concurrent.locks.LockSupport.park(LockSupport.java:175)
        at java.util.concurrent.locks.AbstractQueuedSynchronizer$ConditionObject.await(AbstractQueuedSynchronizer.java:2039)
        at java.util.concurrent.LinkedBlockingQueue.take(LinkedBlockingQueue.java:442)
        at java.util.concurrent.ThreadPoolExecutor.getTask(ThreadPoolExecutor.java:1074)
        at java.util.concurrent.ThreadPoolExecutor.runWorker(ThreadPoolExecutor.java:1134)
        at java.util.concurrent.ThreadPoolExecutor$Worker.run(ThreadPoolExecutor.java:624)
        at java.lang.Thread.run(Thread.java:750)
"qtp39650278-228" daemon prio=5 tid=228 runnable
java.lang.Thread.State: RUNNABLE
        at sun.nio.ch.EPollArrayWrapper.epollWait(Native Method)
        at sun.nio.ch.EPollArrayWrapper.poll(EPollArrayWrapper.java:269)
        at sun.nio.ch.EPollSelectorImpl.doSelect(EPollSelectorImpl.java:93)
        at sun.nio.ch.SelectorImpl.lockAndDoSelect(SelectorImpl.java:86)
        at sun.nio.ch.SelectorImpl.select(SelectorImpl.java:97)
        at sun.nio.ch.SelectorImpl.select(SelectorImpl.java:101)
        at org.eclipse.jetty.io.ManagedSelector.nioSelect(ManagedSelector.java:183)
        at org.eclipse.jetty.io.ManagedSelector.select(ManagedSelector.java:190)
        at org.eclipse.jetty.io.ManagedSelector$SelectorProducer.select(ManagedSelector.java:606)
        at org.eclipse.jetty.io.ManagedSelector$SelectorProducer.produce(ManagedSelector.java:543)
        at org.eclipse.jetty.util.thread.strategy.EatWhatYouKill.produceTask(EatWhatYouKill.java:362)
        at org.eclipse.jetty.util.thread.strategy.EatWhatYouKill.doProduce(EatWhatYouKill.java:186)
        at org.eclipse.jetty.util.thread.strategy.EatWhatYouKill.tryProduce(EatWhatYouKill.java:173)
        at org.eclipse.jetty.util.thread.strategy.EatWhatYouKill.produce(EatWhatYouKill.java:137)
        at org.eclipse.jetty.io.ManagedSelector$$Lambda$446/1148867963.run(Unknown Source)
        at org.eclipse.jetty.util.thread.QueuedThreadPool.runJob(QueuedThreadPool.java:883)
        at org.eclipse.jetty.util.thread.QueuedThreadPool$Runner.run(QueuedThreadPool.java:1034)
        at java.lang.Thread.run(Thread.java:750)
"org.apache.hadoop.ozone.container.common.statemachine.commandhandler.DeleteBlocksCommandHandler$DeleteCmdWorker@7eb2a669" daemon prio=5 tid=278 timed_waiting
java.lang.Thread.State: TIMED_WAITING
        at java.lang.Thread.sleep(Native Method)
        at org.apache.hadoop.ozone.container.common.statemachine.commandhandler.DeleteBlocksCommandHandler$DeleteCmdWorker.run(DeleteBlocksCommandHandler.java:183)
        at java.lang.Thread.run(Thread.java:750)
"qtp1502551983-106" daemon prio=5 tid=106 timed_waiting
java.lang.Thread.State: TIMED_WAITING
        at sun.misc.Unsafe.park(Native Method)
        at java.util.concurrent.locks.LockSupport.parkNanos(LockSupport.java:215)
        at java.util.concurrent.locks.AbstractQueuedSynchronizer$ConditionObject.awaitNanos(AbstractQueuedSynchronizer.java:2078)
        at org.eclipse.jetty.util.BlockingArrayQueue.poll(BlockingArrayQueue.java:382)
        at org.eclipse.jetty.util.thread.QueuedThreadPool$Runner.idleJobPoll(QueuedThreadPool.java:974)
        at org.eclipse.jetty.util.thread.QueuedThreadPool$Runner.run(QueuedThreadPool.java:1018)
        at java.lang.Thread.run(Thread.java:750)
"Datanode ReportManager Thread - 0" daemon prio=5 tid=290 in Object.wait()
java.lang.Thread.State: WAITING (on object monitor)
        at sun.misc.Unsafe.park(Native Method)
        at java.util.concurrent.locks.LockSupport.park(LockSupport.java:175)
        at java.util.concurrent.locks.AbstractQueuedSynchronizer$ConditionObject.await(AbstractQueuedSynchronizer.java:2039)
        at java.util.concurrent.ScheduledThreadPoolExecutor$DelayedWorkQueue.take(ScheduledThreadPoolExecutor.java:1088)
        at java.util.concurrent.ScheduledThreadPoolExecutor$DelayedWorkQueue.take(ScheduledThreadPoolExecutor.java:809)
        at java.util.concurrent.ThreadPoolExecutor.getTask(ThreadPoolExecutor.java:1074)
        at java.util.concurrent.ThreadPoolExecutor.runWorker(ThreadPoolExecutor.java:1134)
        at java.util.concurrent.ThreadPoolExecutor$Worker.run(ThreadPoolExecutor.java:624)
        at java.lang.Thread.run(Thread.java:750)
"IPC Server handler 17 on default port 34213" daemon prio=5 tid=54 timed_waiting
java.lang.Thread.State: TIMED_WAITING
        at sun.misc.Unsafe.park(Native Method)
        at java.util.concurrent.locks.LockSupport.parkNanos(LockSupport.java:215)
        at java.util.concurrent.locks.AbstractQueuedSynchronizer$ConditionObject.awaitNanos(AbstractQueuedSynchronizer.java:2078)
        at java.util.concurrent.LinkedBlockingQueue.poll(LinkedBlockingQueue.java:467)
        at org.apache.hadoop.ipc.CallQueueManager.take(CallQueueManager.java:317)
        at org.apache.hadoop.ipc.Server$Handler.run(Server.java:2942)
"ChunkReader-ELG-0" daemon prio=5 tid=438 runnable
java.lang.Thread.State: RUNNABLE
        at org.apache.ratis.thirdparty.io.netty.channel.epoll.Native.epollWait0(Native Method)
        at org.apache.ratis.thirdparty.io.netty.channel.epoll.Native.epollWait(Native.java:182)
        at org.apache.ratis.thirdparty.io.netty.channel.epoll.EpollEventLoop.epollWait(EpollEventLoop.java:290)
        at org.apache.ratis.thirdparty.io.netty.channel.epoll.EpollEventLoop.run(EpollEventLoop.java:354)
        at org.apache.ratis.thirdparty.io.netty.util.concurrent.SingleThreadEventExecutor$4.run(SingleThreadEventExecutor.java:995)
        at org.apache.ratis.thirdparty.io.netty.util.internal.ThreadExecutorMap$2.run(ThreadExecutorMap.java:74)
        at java.lang.Thread.run(Thread.java:750)
"Session-HouseKeeper-7406f3ad-1"  prio=5 tid=379 timed_waiting
java.lang.Thread.State: TIMED_WAITING
        at sun.misc.Unsafe.park(Native Method)
        at java.util.concurrent.locks.LockSupport.parkNanos(LockSupport.java:215)
        at java.util.concurrent.locks.AbstractQueuedSynchronizer$ConditionObject.awaitNanos(AbstractQueuedSynchronizer.java:2078)
        at java.util.concurrent.ScheduledThreadPoolExecutor$DelayedWorkQueue.take(ScheduledThreadPoolExecutor.java:1093)
        at java.util.concurrent.ScheduledThreadPoolExecutor$DelayedWorkQueue.take(ScheduledThreadPoolExecutor.java:809)
        at java.util.concurrent.ThreadPoolExecutor.getTask(ThreadPoolExecutor.java:1074)
        at java.util.concurrent.ThreadPoolExecutor.runWorker(ThreadPoolExecutor.java:1134)
        at java.util.concurrent.ThreadPoolExecutor$Worker.run(ThreadPoolExecutor.java:624)
        at java.lang.Thread.run(Thread.java:750)
"qtp1527666058-306" daemon prio=5 tid=306 runnable
java.lang.Thread.State: RUNNABLE
        at sun.nio.ch.EPollArrayWrapper.epollWait(Native Method)
        at sun.nio.ch.EPollArrayWrapper.poll(EPollArrayWrapper.java:269)
        at sun.nio.ch.EPollSelectorImpl.doSelect(EPollSelectorImpl.java:93)
        at sun.nio.ch.SelectorImpl.lockAndDoSelect(SelectorImpl.java:86)
        at sun.nio.ch.SelectorImpl.select(SelectorImpl.java:97)
        at sun.nio.ch.SelectorImpl.select(SelectorImpl.java:101)
        at org.eclipse.jetty.io.ManagedSelector.nioSelect(ManagedSelector.java:183)
        at org.eclipse.jetty.io.ManagedSelector.select(ManagedSelector.java:190)
        at org.eclipse.jetty.io.ManagedSelector$SelectorProducer.select(ManagedSelector.java:606)
        at org.eclipse.jetty.io.ManagedSelector$SelectorProducer.produce(ManagedSelector.java:543)
        at org.eclipse.jetty.util.thread.strategy.EatWhatYouKill.produceTask(EatWhatYouKill.java:362)
        at org.eclipse.jetty.util.thread.strategy.EatWhatYouKill.doProduce(EatWhatYouKill.java:186)
        at org.eclipse.jetty.util.thread.strategy.EatWhatYouKill.tryProduce(EatWhatYouKill.java:173)
        at org.eclipse.jetty.util.thread.strategy.EatWhatYouKill.produce(EatWhatYouKill.java:137)
        at org.eclipse.jetty.io.ManagedSelector$$Lambda$446/1148867963.run(Unknown Source)
        at org.eclipse.jetty.util.thread.QueuedThreadPool.runJob(QueuedThreadPool.java:883)
        at org.eclipse.jetty.util.thread.QueuedThreadPool$Runner.run(QueuedThreadPool.java:1034)
        at java.lang.Thread.run(Thread.java:750)
"surefire-forkedjvm-command-thread" daemon prio=5 tid=10 runnable
java.lang.Thread.State: RUNNABLE
        at java.io.FileInputStream.readBytes(Native Method)
        at java.io.FileInputStream.read(FileInputStream.java:255)
        at java.io.BufferedInputStream.read1(BufferedInputStream.java:284)
        at java.io.BufferedInputStream.read(BufferedInputStream.java:345)
        at java.io.BufferedInputStream.fill(BufferedInputStream.java:246)
        at java.io.BufferedInputStream.read1(BufferedInputStream.java:286)
        at java.io.BufferedInputStream.read(BufferedInputStream.java:345)
        at org.apache.maven.surefire.api.util.internal.Channels$3.readImpl(Channels.java:214)
        at org.apache.maven.surefire.api.util.internal.AbstractNoninterruptibleReadableChannel.read(AbstractNoninterruptibleReadableChannel.java:54)
        at org.apache.maven.surefire.booter.spi.LegacyMasterProcessChannelDecoder.decode(LegacyMasterProcessChannelDecoder.java:80)
        at org.apache.maven.surefire.booter.CommandReader$CommandRunnable.run(CommandReader.java:343)
        at java.lang.Thread.run(Thread.java:750)
"qtp39650278-232" daemon prio=5 tid=232 timed_waiting
java.lang.Thread.State: TIMED_WAITING
        at sun.misc.Unsafe.park(Native Method)
        at java.util.concurrent.locks.LockSupport.parkNanos(LockSupport.java:215)
        at java.util.concurrent.locks.AbstractQueuedSynchronizer$ConditionObject.awaitNanos(AbstractQueuedSynchronizer.java:2078)
        at org.eclipse.jetty.util.BlockingArrayQueue.poll(BlockingArrayQueue.java:382)
        at org.eclipse.jetty.util.thread.QueuedThreadPool$Runner.idleJobPoll(QueuedThreadPool.java:974)
        at org.eclipse.jetty.util.thread.QueuedThreadPool$Runner.run(QueuedThreadPool.java:1018)
        at java.lang.Thread.run(Thread.java:750)
"7b6afef0-558a-4ad8-bcfc-b2255c7aee53@group-55E06B2F269B-FollowerState" daemon prio=5 tid=839 timed_waiting
java.lang.Thread.State: TIMED_WAITING
        at java.lang.Thread.sleep(Native Method)
        at java.lang.Thread.sleep(Thread.java:342)
        at java.util.concurrent.TimeUnit.sleep(TimeUnit.java:386)
        at org.apache.ratis.util.TimeDuration.sleep(TimeDuration.java:325)
        at org.apache.ratis.util.TimeDuration.sleep(TimeDuration.java:310)
        at org.apache.ratis.server.impl.FollowerState.run(FollowerState.java:128)
"BlockDeletingService#0" daemon prio=5 tid=516 in Object.wait()
java.lang.Thread.State: WAITING (on object monitor)
        at sun.misc.Unsafe.park(Native Method)
        at java.util.concurrent.locks.LockSupport.park(LockSupport.java:175)
        at java.util.concurrent.locks.AbstractQueuedSynchronizer$ConditionObject.await(AbstractQueuedSynchronizer.java:2039)
        at java.util.concurrent.ScheduledThreadPoolExecutor$DelayedWorkQueue.take(ScheduledThreadPoolExecutor.java:1088)
        at java.util.concurrent.ScheduledThreadPoolExecutor$DelayedWorkQueue.take(ScheduledThreadPoolExecutor.java:809)
        at java.util.concurrent.ThreadPoolExecutor.getTask(ThreadPoolExecutor.java:1074)
        at java.util.concurrent.ThreadPoolExecutor.runWorker(ThreadPoolExecutor.java:1134)
        at java.util.concurrent.ThreadPoolExecutor$Worker.run(ThreadPoolExecutor.java:624)
        at java.lang.Thread.run(Thread.java:750)
"Command processor thread" daemon prio=5 tid=295 timed_waiting
java.lang.Thread.State: TIMED_WAITING
        at java.lang.Thread.sleep(Native Method)
        at org.apache.hadoop.ozone.container.common.statemachine.DatanodeStateMachine.lambda$initCommandHandlerThread$3(DatanodeStateMachine.java:641)
        at org.apache.hadoop.ozone.container.common.statemachine.DatanodeStateMachine$$Lambda$752/223020468.run(Unknown Source)
        at java.lang.Thread.run(Thread.java:750)
"pool-72-thread-1"  prio=5 tid=560 in Object.wait()
java.lang.Thread.State: WAITING (on object monitor)
        at sun.misc.Unsafe.park(Native Method)
        at java.util.concurrent.locks.LockSupport.park(LockSupport.java:175)
        at java.util.concurrent.locks.AbstractQueuedSynchronizer$ConditionObject.await(AbstractQueuedSynchronizer.java:2039)
        at java.util.concurrent.LinkedBlockingQueue.take(LinkedBlockingQueue.java:442)
        at java.util.concurrent.ThreadPoolExecutor.getTask(ThreadPoolExecutor.java:1074)
        at java.util.concurrent.ThreadPoolExecutor.runWorker(ThreadPoolExecutor.java:1134)
        at java.util.concurrent.ThreadPoolExecutor$Worker.run(ThreadPoolExecutor.java:624)
        at java.lang.Thread.run(Thread.java:750)
"qtp1757536605-335" daemon prio=5 tid=335 timed_waiting
java.lang.Thread.State: TIMED_WAITING
        at sun.misc.Unsafe.park(Native Method)
        at java.util.concurrent.locks.LockSupport.parkNanos(LockSupport.java:215)
        at java.util.concurrent.locks.AbstractQueuedSynchronizer$ConditionObject.awaitNanos(AbstractQueuedSynchronizer.java:2078)
        at org.eclipse.jetty.util.BlockingArrayQueue.poll(BlockingArrayQueue.java:382)
        at org.eclipse.jetty.util.thread.QueuedThreadPool$Runner.idleJobPoll(QueuedThreadPool.java:974)
        at org.eclipse.jetty.util.thread.QueuedThreadPool$Runner.run(QueuedThreadPool.java:1018)
        at java.lang.Thread.run(Thread.java:750)
"Datanode State Machine Task Thread - 1"  prio=5 tid=489 in Object.wait()
java.lang.Thread.State: WAITING (on object monitor)
        at sun.misc.Unsafe.park(Native Method)
        at java.util.concurrent.locks.LockSupport.park(LockSupport.java:175)
        at java.util.concurrent.locks.AbstractQueuedSynchronizer$ConditionObject.await(AbstractQueuedSynchronizer.java:2039)
        at java.util.concurrent.LinkedBlockingQueue.take(LinkedBlockingQueue.java:442)
        at java.util.concurrent.ThreadPoolExecutor.getTask(ThreadPoolExecutor.java:1074)
        at java.util.concurrent.ThreadPoolExecutor.runWorker(ThreadPoolExecutor.java:1134)
        at java.util.concurrent.ThreadPoolExecutor$Worker.run(ThreadPoolExecutor.java:624)
        at java.lang.Thread.run(Thread.java:750)
"qtp675831479-257" daemon prio=5 tid=257 timed_waiting
java.lang.Thread.State: TIMED_WAITING
        at sun.misc.Unsafe.park(Native Method)
        at java.util.concurrent.locks.LockSupport.parkNanos(LockSupport.java:215)
        at java.util.concurrent.locks.AbstractQueuedSynchronizer$ConditionObject.awaitNanos(AbstractQueuedSynchronizer.java:2078)
        at org.eclipse.jetty.util.BlockingArrayQueue.poll(BlockingArrayQueue.java:382)
        at org.eclipse.jetty.util.thread.QueuedThreadPool$Runner.idleJobPoll(QueuedThreadPool.java:974)
        at org.eclipse.jetty.util.thread.QueuedThreadPool$Runner.run(QueuedThreadPool.java:1018)
        at java.lang.Thread.run(Thread.java:750)
"qtp1192313527-176" daemon prio=5 tid=176 timed_waiting
java.lang.Thread.State: TIMED_WAITING
        at sun.misc.Unsafe.park(Native Method)
        at java.util.concurrent.locks.LockSupport.parkNanos(LockSupport.java:215)
        at java.util.concurrent.locks.AbstractQueuedSynchronizer$ConditionObject.awaitNanos(AbstractQueuedSynchronizer.java:2078)
        at org.eclipse.jetty.util.BlockingArrayQueue.poll(BlockingArrayQueue.java:382)
        at org.eclipse.jetty.util.thread.QueuedThreadPool$Runner.idleJobPoll(QueuedThreadPool.java:974)
        at org.eclipse.jetty.util.thread.QueuedThreadPool$Runner.run(QueuedThreadPool.java:1018)
        at java.lang.Thread.run(Thread.java:750)
"ChunkReader-ELG-0" daemon prio=5 tid=515 runnable
java.lang.Thread.State: RUNNABLE
        at org.apache.ratis.thirdparty.io.netty.channel.epoll.Native.epollWait(Native Method)
        at org.apache.ratis.thirdparty.io.netty.channel.epoll.Native.epollWait(Native.java:209)
        at org.apache.ratis.thirdparty.io.netty.channel.epoll.Native.epollWait(Native.java:202)
        at org.apache.ratis.thirdparty.io.netty.channel.epoll.EpollEventLoop.epollWaitNoTimerChange(EpollEventLoop.java:294)
        at org.apache.ratis.thirdparty.io.netty.channel.epoll.EpollEventLoop.run(EpollEventLoop.java:351)
        at org.apache.ratis.thirdparty.io.netty.util.concurrent.SingleThreadEventExecutor$4.run(SingleThreadEventExecutor.java:995)
        at org.apache.ratis.thirdparty.io.netty.util.internal.ThreadExecutorMap$2.run(ThreadExecutorMap.java:74)
        at java.lang.Thread.run(Thread.java:750)
"BlockDeletingService#0" daemon prio=5 tid=530 in Object.wait()
java.lang.Thread.State: WAITING (on object monitor)
        at sun.misc.Unsafe.park(Native Method)
        at java.util.concurrent.locks.LockSupport.park(LockSupport.java:175)
        at java.util.concurrent.locks.AbstractQueuedSynchronizer$ConditionObject.await(AbstractQueuedSynchronizer.java:2039)
        at java.util.concurrent.ScheduledThreadPoolExecutor$DelayedWorkQueue.take(ScheduledThreadPoolExecutor.java:1088)
        at java.util.concurrent.ScheduledThreadPoolExecutor$DelayedWorkQueue.take(ScheduledThreadPoolExecutor.java:809)
        at java.util.concurrent.ThreadPoolExecutor.getTask(ThreadPoolExecutor.java:1074)
        at java.util.concurrent.ThreadPoolExecutor.runWorker(ThreadPoolExecutor.java:1134)
        at java.util.concurrent.ThreadPoolExecutor$Worker.run(ThreadPoolExecutor.java:624)
        at java.lang.Thread.run(Thread.java:750)
"Socket Reader #1 for port 0"  prio=5 tid=24 runnable
java.lang.Thread.State: RUNNABLE
        at sun.nio.ch.EPollArrayWrapper.epollWait(Native Method)
        at sun.nio.ch.EPollArrayWrapper.poll(EPollArrayWrapper.java:269)
        at sun.nio.ch.EPollSelectorImpl.doSelect(EPollSelectorImpl.java:93)
        at sun.nio.ch.SelectorImpl.lockAndDoSelect(SelectorImpl.java:86)
        at sun.nio.ch.SelectorImpl.select(SelectorImpl.java:97)
        at sun.nio.ch.SelectorImpl.select(SelectorImpl.java:101)
        at org.apache.hadoop.ipc.Server$Listener$Reader.doRunLoop(Server.java:1296)
        at org.apache.hadoop.ipc.Server$Listener$Reader.run(Server.java:1275)
"qtp117897905-372-acceptor-0@7a0f1b80-ServerConnector@5dabd134{HTTP/1.1, (http/1.1)}{0.0.0.0:45573}" daemon prio=3 tid=372 runnable
java.lang.Thread.State: RUNNABLE
        at sun.nio.ch.ServerSocketChannelImpl.accept0(Native Method)
        at sun.nio.ch.ServerSocketChannelImpl.accept(ServerSocketChannelImpl.java:421)
        at sun.nio.ch.ServerSocketChannelImpl.accept(ServerSocketChannelImpl.java:249)
        at org.eclipse.jetty.server.ServerConnector.accept(ServerConnector.java:388)
        at org.eclipse.jetty.server.AbstractConnector$Acceptor.run(AbstractConnector.java:704)
        at org.eclipse.jetty.util.thread.QueuedThreadPool.runJob(QueuedThreadPool.java:883)
        at org.eclipse.jetty.util.thread.QueuedThreadPool$Runner.run(QueuedThreadPool.java:1034)
        at java.lang.Thread.run(Thread.java:750)
"IPC Server handler 7 on default port 37753" daemon prio=5 tid=64 timed_waiting
java.lang.Thread.State: TIMED_WAITING
        at sun.misc.Unsafe.park(Native Method)
        at java.util.concurrent.locks.LockSupport.parkNanos(LockSupport.java:215)
        at java.util.concurrent.locks.AbstractQueuedSynchronizer$ConditionObject.awaitNanos(AbstractQueuedSynchronizer.java:2078)
        at java.util.concurrent.LinkedBlockingQueue.poll(LinkedBlockingQueue.java:467)
        at org.apache.hadoop.ipc.CallQueueManager.take(CallQueueManager.java:317)
        at org.apache.hadoop.ipc.Server$Handler.run(Server.java:2942)
"IPC Server idle connection scanner for port 42141" daemon prio=5 tid=122 timed_waiting
java.lang.Thread.State: TIMED_WAITING
        at java.lang.Object.wait(Native Method)
        at java.util.TimerThread.mainLoop(Timer.java:552)
        at java.util.TimerThread.run(Timer.java:505)
"7b6afef0-558a-4ad8-bcfc-b2255c7aee53@group-EB7B5BA8336E-SegmentedRaftLogWorker"  prio=5 tid=657 timed_waiting
java.lang.Thread.State: TIMED_WAITING
        at sun.misc.Unsafe.park(Native Method)
        at java.util.concurrent.locks.LockSupport.parkNanos(LockSupport.java:215)
        at java.util.concurrent.locks.AbstractQueuedSynchronizer$ConditionObject.awaitNanos(AbstractQueuedSynchronizer.java:2078)
        at org.apache.ratis.util.DataBlockingQueue.poll(DataBlockingQueue.java:148)
        at org.apache.ratis.server.raftlog.segmented.SegmentedRaftLogWorker.run(SegmentedRaftLogWorker.java:310)
        at org.apache.ratis.server.raftlog.segmented.SegmentedRaftLogWorker$$Lambda$665/1172168715.run(Unknown Source)
        at java.lang.Thread.run(Thread.java:750)
"Datanode ReportManager Thread - 1" daemon prio=5 tid=265 timed_waiting
java.lang.Thread.State: TIMED_WAITING
        at sun.misc.Unsafe.park(Native Method)
        at java.util.concurrent.locks.LockSupport.parkNanos(LockSupport.java:215)
        at java.util.concurrent.locks.AbstractQueuedSynchronizer$ConditionObject.awaitNanos(AbstractQueuedSynchronizer.java:2078)
        at java.util.concurrent.ScheduledThreadPoolExecutor$DelayedWorkQueue.take(ScheduledThreadPoolExecutor.java:1093)
        at java.util.concurrent.ScheduledThreadPoolExecutor$DelayedWorkQueue.take(ScheduledThreadPoolExecutor.java:809)
        at java.util.concurrent.ThreadPoolExecutor.getTask(ThreadPoolExecutor.java:1074)
        at java.util.concurrent.ThreadPoolExecutor.runWorker(ThreadPoolExecutor.java:1134)
        at java.util.concurrent.ThreadPoolExecutor$Worker.run(ThreadPoolExecutor.java:624)
        at java.lang.Thread.run(Thread.java:750)
"ChunkReader-0" daemon prio=5 tid=756 in Object.wait()
java.lang.Thread.State: WAITING (on object monitor)
        at sun.misc.Unsafe.park(Native Method)
        at java.util.concurrent.locks.LockSupport.park(LockSupport.java:175)
        at java.util.concurrent.locks.AbstractQueuedSynchronizer$ConditionObject.await(AbstractQueuedSynchronizer.java:2039)
        at java.util.concurrent.LinkedBlockingQueue.take(LinkedBlockingQueue.java:442)
        at java.util.concurrent.ThreadPoolExecutor.getTask(ThreadPoolExecutor.java:1074)
        at java.util.concurrent.ThreadPoolExecutor.runWorker(ThreadPoolExecutor.java:1134)
        at java.util.concurrent.ThreadPoolExecutor$Worker.run(ThreadPoolExecutor.java:624)
        at java.lang.Thread.run(Thread.java:750)
"5d13066c-11e5-40aa-be9d-008405bad973@group-EB7B5BA8336E-StateMachineUpdater" daemon prio=5 tid=663 timed_waiting
java.lang.Thread.State: TIMED_WAITING
        at sun.misc.Unsafe.park(Native Method)
        at java.util.concurrent.locks.LockSupport.parkNanos(LockSupport.java:215)
        at java.util.concurrent.CompletableFuture$Signaller.block(CompletableFuture.java:1709)
        at java.util.concurrent.ForkJoinPool.managedBlock(ForkJoinPool.java:3323)
        at java.util.concurrent.CompletableFuture.timedGet(CompletableFuture.java:1788)
        at java.util.concurrent.CompletableFuture.get(CompletableFuture.java:1928)
        at org.apache.ratis.util.AwaitForSignal.await(AwaitForSignal.java:56)
        at org.apache.ratis.server.impl.StateMachineUpdater.waitForCommit(StateMachineUpdater.java:207)
        at org.apache.ratis.server.impl.StateMachineUpdater.run(StateMachineUpdater.java:176)
        at java.lang.Thread.run(Thread.java:750)
"org.apache.hadoop.ozone.container.common.statemachine.commandhandler.DeleteBlocksCommandHandler$DeleteCmdWorker@51623da1" daemon prio=5 tid=407 timed_waiting
java.lang.Thread.State: TIMED_WAITING
        at java.lang.Thread.sleep(Native Method)
        at org.apache.hadoop.ozone.container.common.statemachine.commandhandler.DeleteBlocksCommandHandler$DeleteCmdWorker.run(DeleteBlocksCommandHandler.java:183)
        at java.lang.Thread.run(Thread.java:750)
"ChunkWriter-3-0" daemon prio=5 tid=470 in Object.wait()
java.lang.Thread.State: WAITING (on object monitor)
        at sun.misc.Unsafe.park(Native Method)
        at java.util.concurrent.locks.LockSupport.park(LockSupport.java:175)
        at java.util.concurrent.locks.AbstractQueuedSynchronizer$ConditionObject.await(AbstractQueuedSynchronizer.java:2039)
        at java.util.concurrent.LinkedBlockingDeque.takeFirst(LinkedBlockingDeque.java:492)
        at java.util.concurrent.LinkedBlockingDeque.take(LinkedBlockingDeque.java:680)
        at java.util.concurrent.ThreadPoolExecutor.getTask(ThreadPoolExecutor.java:1074)
        at java.util.concurrent.ThreadPoolExecutor.runWorker(ThreadPoolExecutor.java:1134)
        at java.util.concurrent.ThreadPoolExecutor$Worker.run(ThreadPoolExecutor.java:624)
        at java.lang.Thread.run(Thread.java:750)
"Datanode State Machine Task Thread - 1"  prio=5 tid=427 in Object.wait()
java.lang.Thread.State: WAITING (on object monitor)
        at sun.misc.Unsafe.park(Native Method)
        at java.util.concurrent.locks.LockSupport.park(LockSupport.java:175)
        at java.util.concurrent.locks.AbstractQueuedSynchronizer$ConditionObject.await(AbstractQueuedSynchronizer.java:2039)
        at java.util.concurrent.LinkedBlockingQueue.take(LinkedBlockingQueue.java:442)
        at java.util.concurrent.ThreadPoolExecutor.getTask(ThreadPoolExecutor.java:1074)
        at java.util.concurrent.ThreadPoolExecutor.runWorker(ThreadPoolExecutor.java:1134)
        at java.util.concurrent.ThreadPoolExecutor$Worker.run(ThreadPoolExecutor.java:624)
        at java.lang.Thread.run(Thread.java:750)
"qtp1192313527-175-acceptor-0@38fb2dc6-ServerConnector@30582df9{HTTP/1.1, (http/1.1)}{0.0.0.0:34099}" daemon prio=3 tid=175 runnable
java.lang.Thread.State: RUNNABLE
        at sun.nio.ch.ServerSocketChannelImpl.accept0(Native Method)
        at sun.nio.ch.ServerSocketChannelImpl.accept(ServerSocketChannelImpl.java:421)
        at sun.nio.ch.ServerSocketChannelImpl.accept(ServerSocketChannelImpl.java:249)
        at org.eclipse.jetty.server.ServerConnector.accept(ServerConnector.java:388)
        at org.eclipse.jetty.server.AbstractConnector$Acceptor.run(AbstractConnector.java:704)
        at org.eclipse.jetty.util.thread.QueuedThreadPool.runJob(QueuedThreadPool.java:883)
        at org.eclipse.jetty.util.thread.QueuedThreadPool$Runner.run(QueuedThreadPool.java:1034)
        at java.lang.Thread.run(Thread.java:750)
"IPC Server handler 3 on default port 37753" daemon prio=5 tid=60 timed_waiting
java.lang.Thread.State: TIMED_WAITING
        at sun.misc.Unsafe.park(Native Method)
        at java.util.concurrent.locks.LockSupport.parkNanos(LockSupport.java:215)
        at java.util.concurrent.locks.AbstractQueuedSynchronizer$ConditionObject.awaitNanos(AbstractQueuedSynchronizer.java:2078)
        at java.util.concurrent.LinkedBlockingQueue.poll(LinkedBlockingQueue.java:467)
        at org.apache.hadoop.ipc.CallQueueManager.take(CallQueueManager.java:317)
        at org.apache.hadoop.ipc.Server$Handler.run(Server.java:2942)
"Datanode ReportManager Thread - 0" daemon prio=5 tid=316 in Object.wait()
java.lang.Thread.State: WAITING (on object monitor)
        at sun.misc.Unsafe.park(Native Method)
        at java.util.concurrent.locks.LockSupport.park(LockSupport.java:175)
        at java.util.concurrent.locks.AbstractQueuedSynchronizer$ConditionObject.await(AbstractQueuedSynchronizer.java:2039)
        at java.util.concurrent.ScheduledThreadPoolExecutor$DelayedWorkQueue.take(ScheduledThreadPoolExecutor.java:1088)
        at java.util.concurrent.ScheduledThreadPoolExecutor$DelayedWorkQueue.take(ScheduledThreadPoolExecutor.java:809)
        at java.util.concurrent.ThreadPoolExecutor.getTask(ThreadPoolExecutor.java:1074)
        at java.util.concurrent.ThreadPoolExecutor.runWorker(ThreadPoolExecutor.java:1134)
        at java.util.concurrent.ThreadPoolExecutor$Worker.run(ThreadPoolExecutor.java:624)
        at java.lang.Thread.run(Thread.java:750)
"OM StateMachine ApplyTransaction Thread - 0" daemon prio=5 tid=746 in Object.wait()
java.lang.Thread.State: WAITING (on object monitor)
        at sun.misc.Unsafe.park(Native Method)
        at java.util.concurrent.locks.LockSupport.park(LockSupport.java:175)
        at java.util.concurrent.locks.AbstractQueuedSynchronizer$ConditionObject.await(AbstractQueuedSynchronizer.java:2039)
        at java.util.concurrent.LinkedBlockingQueue.take(LinkedBlockingQueue.java:442)
        at java.util.concurrent.ThreadPoolExecutor.getTask(ThreadPoolExecutor.java:1074)
        at java.util.concurrent.ThreadPoolExecutor.runWorker(ThreadPoolExecutor.java:1134)
        at java.util.concurrent.ThreadPoolExecutor$Worker.run(ThreadPoolExecutor.java:624)
        at java.lang.Thread.run(Thread.java:750)
"Command processor thread" daemon prio=5 tid=350 timed_waiting
java.lang.Thread.State: TIMED_WAITING
        at java.lang.Thread.sleep(Native Method)
        at org.apache.hadoop.ozone.container.common.statemachine.DatanodeStateMachine.lambda$initCommandHandlerThread$3(DatanodeStateMachine.java:641)
        at org.apache.hadoop.ozone.container.common.statemachine.DatanodeStateMachine$$Lambda$752/223020468.run(Unknown Source)
        at java.lang.Thread.run(Thread.java:750)
"IPC Server handler 6 on default port 43219" daemon prio=5 tid=83 timed_waiting
java.lang.Thread.State: TIMED_WAITING
        at sun.misc.Unsafe.park(Native Method)
        at java.util.concurrent.locks.LockSupport.parkNanos(LockSupport.java:215)
        at java.util.concurrent.locks.AbstractQueuedSynchronizer$ConditionObject.awaitNanos(AbstractQueuedSynchronizer.java:2078)
        at java.util.concurrent.LinkedBlockingQueue.poll(LinkedBlockingQueue.java:467)
        at org.apache.hadoop.ipc.CallQueueManager.take(CallQueueManager.java:317)
        at org.apache.hadoop.ipc.Server$Handler.run(Server.java:2942)
"5d13066c-11e5-40aa-be9d-008405bad973-server-thread3" daemon prio=5 tid=888 timed_waiting
java.lang.Thread.State: TIMED_WAITING
        at sun.misc.Unsafe.park(Native Method)
        at java.util.concurrent.locks.LockSupport.parkNanos(LockSupport.java:215)
        at java.util.concurrent.SynchronousQueue$TransferStack.awaitFulfill(SynchronousQueue.java:460)
        at java.util.concurrent.SynchronousQueue$TransferStack.transfer(SynchronousQueue.java:362)
        at java.util.concurrent.SynchronousQueue.poll(SynchronousQueue.java:941)
        at java.util.concurrent.ThreadPoolExecutor.getTask(ThreadPoolExecutor.java:1073)
        at java.util.concurrent.ThreadPoolExecutor.runWorker(ThreadPoolExecutor.java:1134)
        at java.util.concurrent.ThreadPoolExecutor$Worker.run(ThreadPoolExecutor.java:624)
        at java.lang.Thread.run(Thread.java:750)
"Session-HouseKeeper-42657f8-1"  prio=5 tid=236 timed_waiting
java.lang.Thread.State: TIMED_WAITING
        at sun.misc.Unsafe.park(Native Method)
        at java.util.concurrent.locks.LockSupport.parkNanos(LockSupport.java:215)
        at java.util.concurrent.locks.AbstractQueuedSynchronizer$ConditionObject.awaitNanos(AbstractQueuedSynchronizer.java:2078)
        at java.util.concurrent.ScheduledThreadPoolExecutor$DelayedWorkQueue.take(ScheduledThreadPoolExecutor.java:1093)
        at java.util.concurrent.ScheduledThreadPoolExecutor$DelayedWorkQueue.take(ScheduledThreadPoolExecutor.java:809)
        at java.util.concurrent.ThreadPoolExecutor.getTask(ThreadPoolExecutor.java:1074)
        at java.util.concurrent.ThreadPoolExecutor.runWorker(ThreadPoolExecutor.java:1134)
        at java.util.concurrent.ThreadPoolExecutor$Worker.run(ThreadPoolExecutor.java:624)
        at java.lang.Thread.run(Thread.java:750)
"Datanode ReportManager Thread - 2" daemon prio=5 tid=240 in Object.wait()
java.lang.Thread.State: WAITING (on object monitor)
        at sun.misc.Unsafe.park(Native Method)
        at java.util.concurrent.locks.LockSupport.park(LockSupport.java:175)
        at java.util.concurrent.locks.AbstractQueuedSynchronizer$ConditionObject.await(AbstractQueuedSynchronizer.java:2039)
        at java.util.concurrent.ScheduledThreadPoolExecutor$DelayedWorkQueue.take(ScheduledThreadPoolExecutor.java:1088)
        at java.util.concurrent.ScheduledThreadPoolExecutor$DelayedWorkQueue.take(ScheduledThreadPoolExecutor.java:809)
        at java.util.concurrent.ThreadPoolExecutor.getTask(ThreadPoolExecutor.java:1074)
        at java.util.concurrent.ThreadPoolExecutor.runWorker(ThreadPoolExecutor.java:1134)
        at java.util.concurrent.ThreadPoolExecutor$Worker.run(ThreadPoolExecutor.java:624)
        at java.lang.Thread.run(Thread.java:750)
"IPC Server handler 15 on default port 37753" daemon prio=5 tid=72 timed_waiting
java.lang.Thread.State: TIMED_WAITING
        at sun.misc.Unsafe.park(Native Method)
        at java.util.concurrent.locks.LockSupport.parkNanos(LockSupport.java:215)
        at java.util.concurrent.locks.AbstractQueuedSynchronizer$ConditionObject.awaitNanos(AbstractQueuedSynchronizer.java:2078)
        at java.util.concurrent.LinkedBlockingQueue.poll(LinkedBlockingQueue.java:467)
        at org.apache.hadoop.ipc.CallQueueManager.take(CallQueueManager.java:317)
        at org.apache.hadoop.ipc.Server$Handler.run(Server.java:2942)
"qtp1527666058-313" daemon prio=5 tid=313 timed_waiting
java.lang.Thread.State: TIMED_WAITING
        at sun.misc.Unsafe.park(Native Method)
        at java.util.concurrent.locks.LockSupport.parkNanos(LockSupport.java:215)
        at java.util.concurrent.locks.AbstractQueuedSynchronizer$ConditionObject.awaitNanos(AbstractQueuedSynchronizer.java:2078)
        at org.eclipse.jetty.util.BlockingArrayQueue.poll(BlockingArrayQueue.java:382)
        at org.eclipse.jetty.util.thread.QueuedThreadPool$Runner.idleJobPoll(QueuedThreadPool.java:974)
        at org.eclipse.jetty.util.thread.QueuedThreadPool$Runner.run(QueuedThreadPool.java:1018)
        at java.lang.Thread.run(Thread.java:750)
"pool-59-thread-1"  prio=5 tid=134 timed_waiting
java.lang.Thread.State: TIMED_WAITING
        at sun.misc.Unsafe.park(Native Method)
        at java.util.concurrent.locks.LockSupport.parkNanos(LockSupport.java:215)
        at java.util.concurrent.locks.AbstractQueuedSynchronizer$ConditionObject.awaitNanos(AbstractQueuedSynchronizer.java:2078)
        at java.util.concurrent.ScheduledThreadPoolExecutor$DelayedWorkQueue.take(ScheduledThreadPoolExecutor.java:1093)
        at java.util.concurrent.ScheduledThreadPoolExecutor$DelayedWorkQueue.take(ScheduledThreadPoolExecutor.java:809)
        at java.util.concurrent.ThreadPoolExecutor.getTask(ThreadPoolExecutor.java:1074)
        at java.util.concurrent.ThreadPoolExecutor.runWorker(ThreadPoolExecutor.java:1134)
        at java.util.concurrent.ThreadPoolExecutor$Worker.run(ThreadPoolExecutor.java:624)
        at java.lang.Thread.run(Thread.java:750)
"pool-257-thread-1" daemon prio=5 tid=404 timed_waiting
java.lang.Thread.State: TIMED_WAITING
        at sun.misc.Unsafe.park(Native Method)
        at java.util.concurrent.locks.LockSupport.parkNanos(LockSupport.java:215)
        at java.util.concurrent.locks.AbstractQueuedSynchronizer$ConditionObject.awaitNanos(AbstractQueuedSynchronizer.java:2078)
        at java.util.concurrent.ScheduledThreadPoolExecutor$DelayedWorkQueue.take(ScheduledThreadPoolExecutor.java:1093)
        at java.util.concurrent.ScheduledThreadPoolExecutor$DelayedWorkQueue.take(ScheduledThreadPoolExecutor.java:809)
        at java.util.concurrent.ThreadPoolExecutor.getTask(ThreadPoolExecutor.java:1074)
        at java.util.concurrent.ThreadPoolExecutor.runWorker(ThreadPoolExecutor.java:1134)
        at java.util.concurrent.ThreadPoolExecutor$Worker.run(ThreadPoolExecutor.java:624)
        at java.lang.Thread.run(Thread.java:750)
"Datanode State Machine Task Thread - 1"  prio=5 tid=522 in Object.wait()
java.lang.Thread.State: WAITING (on object monitor)
        at sun.misc.Unsafe.park(Native Method)
        at java.util.concurrent.locks.LockSupport.park(LockSupport.java:175)
        at java.util.concurrent.locks.AbstractQueuedSynchronizer$ConditionObject.await(AbstractQueuedSynchronizer.java:2039)
        at java.util.concurrent.LinkedBlockingQueue.take(LinkedBlockingQueue.java:442)
        at java.util.concurrent.ThreadPoolExecutor.getTask(ThreadPoolExecutor.java:1074)
        at java.util.concurrent.ThreadPoolExecutor.runWorker(ThreadPoolExecutor.java:1134)
        at java.util.concurrent.ThreadPoolExecutor$Worker.run(ThreadPoolExecutor.java:624)
        at java.lang.Thread.run(Thread.java:750)
"StaleRecoveringContainerScrubbingService#1" daemon prio=5 tid=362 timed_waiting
java.lang.Thread.State: TIMED_WAITING
        at sun.misc.Unsafe.park(Native Method)
        at java.util.concurrent.locks.LockSupport.parkNanos(LockSupport.java:215)
        at java.util.concurrent.locks.AbstractQueuedSynchronizer$ConditionObject.awaitNanos(AbstractQueuedSynchronizer.java:2078)
        at java.util.concurrent.ScheduledThreadPoolExecutor$DelayedWorkQueue.take(ScheduledThreadPoolExecutor.java:1093)
        at java.util.concurrent.ScheduledThreadPoolExecutor$DelayedWorkQueue.take(ScheduledThreadPoolExecutor.java:809)
        at java.util.concurrent.ThreadPoolExecutor.getTask(ThreadPoolExecutor.java:1074)
        at java.util.concurrent.ThreadPoolExecutor.runWorker(ThreadPoolExecutor.java:1134)
        at java.util.concurrent.ThreadPoolExecutor$Worker.run(ThreadPoolExecutor.java:624)
        at java.lang.Thread.run(Thread.java:750)
"IPC Server handler 9 on default port 43219" daemon prio=5 tid=86 timed_waiting
java.lang.Thread.State: TIMED_WAITING
        at sun.misc.Unsafe.park(Native Method)
        at java.util.concurrent.locks.LockSupport.parkNanos(LockSupport.java:215)
        at java.util.concurrent.locks.AbstractQueuedSynchronizer$ConditionObject.awaitNanos(AbstractQueuedSynchronizer.java:2078)
        at java.util.concurrent.LinkedBlockingQueue.poll(LinkedBlockingQueue.java:467)
        at org.apache.hadoop.ipc.CallQueueManager.take(CallQueueManager.java:317)
        at org.apache.hadoop.ipc.Server$Handler.run(Server.java:2942)
"aa3e6641-ac34-45f8-85b4-6614ff527932@group-3B672FDC1826-StateMachineUpdater" daemon prio=5 tid=606 timed_waiting
java.lang.Thread.State: TIMED_WAITING
        at sun.misc.Unsafe.park(Native Method)
        at java.util.concurrent.locks.LockSupport.parkNanos(LockSupport.java:215)
        at java.util.concurrent.CompletableFuture$Signaller.block(CompletableFuture.java:1709)
        at java.util.concurrent.ForkJoinPool.managedBlock(ForkJoinPool.java:3323)
        at java.util.concurrent.CompletableFuture.timedGet(CompletableFuture.java:1788)
        at java.util.concurrent.CompletableFuture.get(CompletableFuture.java:1928)
        at org.apache.ratis.util.AwaitForSignal.await(AwaitForSignal.java:56)
        at org.apache.ratis.server.impl.StateMachineUpdater.waitForCommit(StateMachineUpdater.java:207)
        at org.apache.ratis.server.impl.StateMachineUpdater.run(StateMachineUpdater.java:176)
        at java.lang.Thread.run(Thread.java:750)
"IPC Server handler 1 on default port 37753" daemon prio=5 tid=58 timed_waiting
java.lang.Thread.State: TIMED_WAITING
        at sun.misc.Unsafe.park(Native Method)
        at java.util.concurrent.locks.LockSupport.parkNanos(LockSupport.java:215)
        at java.util.concurrent.locks.AbstractQueuedSynchronizer$ConditionObject.awaitNanos(AbstractQueuedSynchronizer.java:2078)
        at java.util.concurrent.LinkedBlockingQueue.poll(LinkedBlockingQueue.java:467)
        at org.apache.hadoop.ipc.CallQueueManager.take(CallQueueManager.java:317)
        at org.apache.hadoop.ipc.Server$Handler.run(Server.java:2942)
"d5dd9084-02e9-4cbc-a1b0-4846343450b9@group-EB7B5BA8336E->7b6afef0-558a-4ad8-bcfc-b2255c7aee53-GrpcLogAppender-LogAppenderDaemon" daemon prio=5 tid=881 timed_waiting
java.lang.Thread.State: TIMED_WAITING
        at sun.misc.Unsafe.park(Native Method)
        at java.util.concurrent.locks.LockSupport.parkNanos(LockSupport.java:215)
        at java.util.concurrent.CompletableFuture$Signaller.block(CompletableFuture.java:1709)
        at java.util.concurrent.ForkJoinPool.managedBlock(ForkJoinPool.java:3323)
        at java.util.concurrent.CompletableFuture.timedGet(CompletableFuture.java:1788)
        at java.util.concurrent.CompletableFuture.get(CompletableFuture.java:1928)
        at org.apache.ratis.util.AwaitForSignal.await(AwaitForSignal.java:56)
        at org.apache.ratis.grpc.server.GrpcLogAppender.mayWait(GrpcLogAppender.java:198)
        at org.apache.ratis.grpc.server.GrpcLogAppender.run(GrpcLogAppender.java:148)
        at org.apache.ratis.server.leader.LogAppenderDaemon.run(LogAppenderDaemon.java:78)
        at org.apache.ratis.server.leader.LogAppenderDaemon$$Lambda$1049/2105102615.run(Unknown Source)
        at java.lang.Thread.run(Thread.java:750)
"BlockDeletingService#0" daemon prio=5 tid=497 in Object.wait()
java.lang.Thread.State: WAITING (on object monitor)
        at sun.misc.Unsafe.park(Native Method)
        at java.util.concurrent.locks.LockSupport.park(LockSupport.java:175)
        at java.util.concurrent.locks.AbstractQueuedSynchronizer$ConditionObject.await(AbstractQueuedSynchronizer.java:2039)
        at java.util.concurrent.ScheduledThreadPoolExecutor$DelayedWorkQueue.take(ScheduledThreadPoolExecutor.java:1088)
        at java.util.concurrent.ScheduledThreadPoolExecutor$DelayedWorkQueue.take(ScheduledThreadPoolExecutor.java:809)
        at java.util.concurrent.ThreadPoolExecutor.getTask(ThreadPoolExecutor.java:1074)
        at java.util.concurrent.ThreadPoolExecutor.runWorker(ThreadPoolExecutor.java:1134)
        at java.util.concurrent.ThreadPoolExecutor$Worker.run(ThreadPoolExecutor.java:624)
        at java.lang.Thread.run(Thread.java:750)
"5d13066c-11e5-40aa-be9d-008405bad973-server-thread2" daemon prio=5 tid=886 timed_waiting
java.lang.Thread.State: TIMED_WAITING
        at sun.misc.Unsafe.park(Native Method)
        at java.util.concurrent.locks.LockSupport.parkNanos(LockSupport.java:215)
        at java.util.concurrent.SynchronousQueue$TransferStack.awaitFulfill(SynchronousQueue.java:460)
        at java.util.concurrent.SynchronousQueue$TransferStack.transfer(SynchronousQueue.java:362)
        at java.util.concurrent.SynchronousQueue.poll(SynchronousQueue.java:941)
        at java.util.concurrent.ThreadPoolExecutor.getTask(ThreadPoolExecutor.java:1073)
        at java.util.concurrent.ThreadPoolExecutor.runWorker(ThreadPoolExecutor.java:1134)
        at java.util.concurrent.ThreadPoolExecutor$Worker.run(ThreadPoolExecutor.java:624)
        at java.lang.Thread.run(Thread.java:750)
"Datanode State Machine Task Thread - 1"  prio=5 tid=341 in Object.wait()
java.lang.Thread.State: WAITING (on object monitor)
        at sun.misc.Unsafe.park(Native Method)
        at java.util.concurrent.locks.LockSupport.park(LockSupport.java:175)
        at java.util.concurrent.locks.AbstractQueuedSynchronizer$ConditionObject.await(AbstractQueuedSynchronizer.java:2039)
        at java.util.concurrent.LinkedBlockingQueue.take(LinkedBlockingQueue.java:442)
        at java.util.concurrent.ThreadPoolExecutor.getTask(ThreadPoolExecutor.java:1074)
        at java.util.concurrent.ThreadPoolExecutor.runWorker(ThreadPoolExecutor.java:1134)
        at java.util.concurrent.ThreadPoolExecutor$Worker.run(ThreadPoolExecutor.java:624)
        at java.lang.Thread.run(Thread.java:750)
"StaleRecoveringContainerScrubbingService#1" daemon prio=5 tid=488 timed_waiting
java.lang.Thread.State: TIMED_WAITING
        at sun.misc.Unsafe.park(Native Method)
        at java.util.concurrent.locks.LockSupport.parkNanos(LockSupport.java:215)
        at java.util.concurrent.locks.AbstractQueuedSynchronizer$ConditionObject.awaitNanos(AbstractQueuedSynchronizer.java:2078)
        at java.util.concurrent.ScheduledThreadPoolExecutor$DelayedWorkQueue.take(ScheduledThreadPoolExecutor.java:1093)
        at java.util.concurrent.ScheduledThreadPoolExecutor$DelayedWorkQueue.take(ScheduledThreadPoolExecutor.java:809)
        at java.util.concurrent.ThreadPoolExecutor.getTask(ThreadPoolExecutor.java:1074)
        at java.util.concurrent.ThreadPoolExecutor.runWorker(ThreadPoolExecutor.java:1134)
        at java.util.concurrent.ThreadPoolExecutor$Worker.run(ThreadPoolExecutor.java:624)
        at java.lang.Thread.run(Thread.java:750)
"d5dd9084-02e9-4cbc-a1b0-4846343450b9@group-D94B917AA4C5-StateMachineUpdater" daemon prio=5 tid=640 timed_waiting
java.lang.Thread.State: TIMED_WAITING
        at sun.misc.Unsafe.park(Native Method)
        at java.util.concurrent.locks.LockSupport.parkNanos(LockSupport.java:215)
        at java.util.concurrent.CompletableFuture$Signaller.block(CompletableFuture.java:1709)
        at java.util.concurrent.ForkJoinPool.managedBlock(ForkJoinPool.java:3323)
        at java.util.concurrent.CompletableFuture.timedGet(CompletableFuture.java:1788)
        at java.util.concurrent.CompletableFuture.get(CompletableFuture.java:1928)
        at org.apache.ratis.util.AwaitForSignal.await(AwaitForSignal.java:56)
        at org.apache.ratis.server.impl.StateMachineUpdater.waitForCommit(StateMachineUpdater.java:207)
        at org.apache.ratis.server.impl.StateMachineUpdater.run(StateMachineUpdater.java:176)
        at java.lang.Thread.run(Thread.java:750)
"StaleRecoveringContainerScrubbingService#1" daemon prio=5 tid=500 timed_waiting
java.lang.Thread.State: TIMED_WAITING
        at sun.misc.Unsafe.park(Native Method)
        at java.util.concurrent.locks.LockSupport.parkNanos(LockSupport.java:215)
        at java.util.concurrent.locks.AbstractQueuedSynchronizer$ConditionObject.awaitNanos(AbstractQueuedSynchronizer.java:2078)
        at java.util.concurrent.ScheduledThreadPoolExecutor$DelayedWorkQueue.take(ScheduledThreadPoolExecutor.java:1093)
        at java.util.concurrent.ScheduledThreadPoolExecutor$DelayedWorkQueue.take(ScheduledThreadPoolExecutor.java:809)
        at java.util.concurrent.ThreadPoolExecutor.getTask(ThreadPoolExecutor.java:1074)
        at java.util.concurrent.ThreadPoolExecutor.runWorker(ThreadPoolExecutor.java:1134)
        at java.util.concurrent.ThreadPoolExecutor$Worker.run(ThreadPoolExecutor.java:624)
        at java.lang.Thread.run(Thread.java:750)
"Periodic HDDS volume checker" daemon prio=5 tid=364 timed_waiting
java.lang.Thread.State: TIMED_WAITING
        at sun.misc.Unsafe.park(Native Method)
        at java.util.concurrent.locks.LockSupport.parkNanos(LockSupport.java:215)
        at java.util.concurrent.locks.AbstractQueuedSynchronizer$ConditionObject.awaitNanos(AbstractQueuedSynchronizer.java:2078)
        at java.util.concurrent.ScheduledThreadPoolExecutor$DelayedWorkQueue.take(ScheduledThreadPoolExecutor.java:1093)
        at java.util.concurrent.ScheduledThreadPoolExecutor$DelayedWorkQueue.take(ScheduledThreadPoolExecutor.java:809)
        at java.util.concurrent.ThreadPoolExecutor.getTask(ThreadPoolExecutor.java:1074)
        at java.util.concurrent.ThreadPoolExecutor.runWorker(ThreadPoolExecutor.java:1134)
        at java.util.concurrent.ThreadPoolExecutor$Worker.run(ThreadPoolExecutor.java:624)
        at java.lang.Thread.run(Thread.java:750)
"pool-134-thread-1" daemon prio=5 tid=249 timed_waiting
java.lang.Thread.State: TIMED_WAITING
        at sun.misc.Unsafe.park(Native Method)
        at java.util.concurrent.locks.LockSupport.parkNanos(LockSupport.java:215)
        at java.util.concurrent.locks.AbstractQueuedSynchronizer$ConditionObject.awaitNanos(AbstractQueuedSynchronizer.java:2078)
        at java.util.concurrent.ScheduledThreadPoolExecutor$DelayedWorkQueue.take(ScheduledThreadPoolExecutor.java:1093)
        at java.util.concurrent.ScheduledThreadPoolExecutor$DelayedWorkQueue.take(ScheduledThreadPoolExecutor.java:809)
        at java.util.concurrent.ThreadPoolExecutor.getTask(ThreadPoolExecutor.java:1074)
        at java.util.concurrent.ThreadPoolExecutor.runWorker(ThreadPoolExecutor.java:1134)
        at java.util.concurrent.ThreadPoolExecutor$Worker.run(ThreadPoolExecutor.java:624)
        at java.lang.Thread.run(Thread.java:750)
"ChunkWriter-3-0" daemon prio=5 tid=527 in Object.wait()
java.lang.Thread.State: WAITING (on object monitor)
        at sun.misc.Unsafe.park(Native Method)
        at java.util.concurrent.locks.LockSupport.park(LockSupport.java:175)
        at java.util.concurrent.locks.AbstractQueuedSynchronizer$ConditionObject.await(AbstractQueuedSynchronizer.java:2039)
        at java.util.concurrent.LinkedBlockingDeque.takeFirst(LinkedBlockingDeque.java:492)
        at java.util.concurrent.LinkedBlockingDeque.take(LinkedBlockingDeque.java:680)
        at java.util.concurrent.ThreadPoolExecutor.getTask(ThreadPoolExecutor.java:1074)
        at java.util.concurrent.ThreadPoolExecutor.runWorker(ThreadPoolExecutor.java:1134)
        at java.util.concurrent.ThreadPoolExecutor$Worker.run(ThreadPoolExecutor.java:624)
        at java.lang.Thread.run(Thread.java:750)
"org.apache.hadoop.util.JvmPauseMonitor$Monitor@46b9a780" daemon prio=5 tid=164 timed_waiting
java.lang.Thread.State: TIMED_WAITING
        at java.lang.Thread.sleep(Native Method)
        at org.apache.hadoop.util.JvmPauseMonitor$Monitor.run(JvmPauseMonitor.java:192)
        at java.lang.Thread.run(Thread.java:750)
"IPC Server handler 9 on default port 37753" daemon prio=5 tid=66 timed_waiting
java.lang.Thread.State: TIMED_WAITING
        at sun.misc.Unsafe.park(Native Method)
        at java.util.concurrent.locks.LockSupport.parkNanos(LockSupport.java:215)
        at java.util.concurrent.locks.AbstractQueuedSynchronizer$ConditionObject.awaitNanos(AbstractQueuedSynchronizer.java:2078)
        at java.util.concurrent.LinkedBlockingQueue.poll(LinkedBlockingQueue.java:467)
        at org.apache.hadoop.ipc.CallQueueManager.take(CallQueueManager.java:317)
        at org.apache.hadoop.ipc.Server$Handler.run(Server.java:2942)
"qtp47095269-449" daemon prio=5 tid=449 timed_waiting
java.lang.Thread.State: TIMED_WAITING
        at sun.misc.Unsafe.park(Native Method)
        at java.util.concurrent.locks.LockSupport.parkNanos(LockSupport.java:215)
        at java.util.concurrent.locks.AbstractQueuedSynchronizer$ConditionObject.awaitNanos(AbstractQueuedSynchronizer.java:2078)
        at org.eclipse.jetty.util.BlockingArrayQueue.poll(BlockingArrayQueue.java:382)
        at org.eclipse.jetty.util.thread.QueuedThreadPool$Runner.idleJobPoll(QueuedThreadPool.java:974)
        at org.eclipse.jetty.util.thread.QueuedThreadPool$Runner.run(QueuedThreadPool.java:1018)
        at java.lang.Thread.run(Thread.java:750)
"IPC Server handler 16 on default port 42141" daemon prio=5 tid=160 timed_waiting
java.lang.Thread.State: TIMED_WAITING
        at sun.misc.Unsafe.park(Native Method)
        at java.util.concurrent.locks.LockSupport.parkNanos(LockSupport.java:215)
        at java.util.concurrent.locks.AbstractQueuedSynchronizer$ConditionObject.awaitNanos(AbstractQueuedSynchronizer.java:2078)
        at java.util.concurrent.LinkedBlockingQueue.poll(LinkedBlockingQueue.java:467)
        at org.apache.hadoop.ipc.CallQueueManager.take(CallQueueManager.java:317)
        at org.apache.hadoop.ipc.Server$Handler.run(Server.java:2942)
"Datanode ReportManager Thread - 0" daemon prio=5 tid=457 in Object.wait()
java.lang.Thread.State: WAITING (on object monitor)
        at sun.misc.Unsafe.park(Native Method)
        at java.util.concurrent.locks.LockSupport.parkNanos(LockSupport.java:215)
        at java.util.concurrent.locks.AbstractQueuedSynchronizer$ConditionObject.awaitNanos(AbstractQueuedSynchronizer.java:2078)
        at java.util.concurrent.ScheduledThreadPoolExecutor$DelayedWorkQueue.take(ScheduledThreadPoolExecutor.java:1093)
        at java.util.concurrent.ScheduledThreadPoolExecutor$DelayedWorkQueue.take(ScheduledThreadPoolExecutor.java:809)
        at java.util.concurrent.ThreadPoolExecutor.getTask(ThreadPoolExecutor.java:1074)
        at java.util.concurrent.ThreadPoolExecutor.runWorker(ThreadPoolExecutor.java:1134)
        at java.util.concurrent.ThreadPoolExecutor$Worker.run(ThreadPoolExecutor.java:624)
        at java.lang.Thread.run(Thread.java:750)
"IPC Server idle connection scanner for port 34213" daemon prio=5 tid=33 timed_waiting
java.lang.Thread.State: TIMED_WAITING
        at java.lang.Object.wait(Native Method)
        at java.util.TimerThread.mainLoop(Timer.java:552)
        at java.util.TimerThread.run(Timer.java:505)
"ChunkReader-0" daemon prio=5 tid=758 in Object.wait()
java.lang.Thread.State: WAITING (on object monitor)
        at sun.misc.Unsafe.park(Native Method)
        at java.util.concurrent.locks.LockSupport.park(LockSupport.java:175)
        at java.util.concurrent.locks.AbstractQueuedSynchronizer$ConditionObject.await(AbstractQueuedSynchronizer.java:2039)
        at java.util.concurrent.LinkedBlockingQueue.take(LinkedBlockingQueue.java:442)
        at java.util.concurrent.ThreadPoolExecutor.getTask(ThreadPoolExecutor.java:1074)
        at java.util.concurrent.ThreadPoolExecutor.runWorker(ThreadPoolExecutor.java:1134)
        at java.util.concurrent.ThreadPoolExecutor$Worker.run(ThreadPoolExecutor.java:624)
        at java.lang.Thread.run(Thread.java:750)
"Datanode State Machine Daemon Thread" daemon prio=5 tid=382 timed_waiting
java.lang.Thread.State: TIMED_WAITING
        at java.lang.Thread.sleep(Native Method)
        at org.apache.hadoop.ozone.container.common.statemachine.DatanodeStateMachine.startStateMachineThread(DatanodeStateMachine.java:321)
        at org.apache.hadoop.ozone.container.common.statemachine.DatanodeStateMachine.lambda$startDaemon$0(DatanodeStateMachine.java:506)
        at org.apache.hadoop.ozone.container.common.statemachine.DatanodeStateMachine$$Lambda$750/913259276.run(Unknown Source)
        at java.lang.Thread.run(Thread.java:750)
"Datanode ReportManager Thread - 0" daemon prio=5 tid=184 in Object.wait()
java.lang.Thread.State: WAITING (on object monitor)
        at sun.misc.Unsafe.park(Native Method)
        at java.util.concurrent.locks.LockSupport.park(LockSupport.java:175)
        at java.util.concurrent.locks.AbstractQueuedSynchronizer$ConditionObject.await(AbstractQueuedSynchronizer.java:2039)
        at java.util.concurrent.ScheduledThreadPoolExecutor$DelayedWorkQueue.take(ScheduledThreadPoolExecutor.java:1088)
        at java.util.concurrent.ScheduledThreadPoolExecutor$DelayedWorkQueue.take(ScheduledThreadPoolExecutor.java:809)
        at java.util.concurrent.ThreadPoolExecutor.getTask(ThreadPoolExecutor.java:1074)
        at java.util.concurrent.ThreadPoolExecutor.runWorker(ThreadPoolExecutor.java:1134)
        at java.util.concurrent.ThreadPoolExecutor$Worker.run(ThreadPoolExecutor.java:624)
        at java.lang.Thread.run(Thread.java:750)
"BlockDeletingService#1" daemon prio=5 tid=475 timed_waiting
java.lang.Thread.State: TIMED_WAITING
        at sun.misc.Unsafe.park(Native Method)
        at java.util.concurrent.locks.LockSupport.parkNanos(LockSupport.java:215)
        at java.util.concurrent.locks.AbstractQueuedSynchronizer$ConditionObject.awaitNanos(AbstractQueuedSynchronizer.java:2078)
        at java.util.concurrent.ScheduledThreadPoolExecutor$DelayedWorkQueue.take(ScheduledThreadPoolExecutor.java:1093)
        at java.util.concurrent.ScheduledThreadPoolExecutor$DelayedWorkQueue.take(ScheduledThreadPoolExecutor.java:809)
        at java.util.concurrent.ThreadPoolExecutor.getTask(ThreadPoolExecutor.java:1074)
        at java.util.concurrent.ThreadPoolExecutor.runWorker(ThreadPoolExecutor.java:1134)
        at java.util.concurrent.ThreadPoolExecutor$Worker.run(ThreadPoolExecutor.java:624)
        at java.lang.Thread.run(Thread.java:750)
"ChunkWriter-2-0" daemon prio=5 tid=551 in Object.wait()
java.lang.Thread.State: WAITING (on object monitor)
        at sun.misc.Unsafe.park(Native Method)
        at java.util.concurrent.locks.LockSupport.park(LockSupport.java:175)
        at java.util.concurrent.locks.AbstractQueuedSynchronizer$ConditionObject.await(AbstractQueuedSynchronizer.java:2039)
        at java.util.concurrent.LinkedBlockingDeque.takeFirst(LinkedBlockingDeque.java:492)
        at java.util.concurrent.LinkedBlockingDeque.take(LinkedBlockingDeque.java:680)
        at java.util.concurrent.ThreadPoolExecutor.getTask(ThreadPoolExecutor.java:1074)
        at java.util.concurrent.ThreadPoolExecutor.runWorker(ThreadPoolExecutor.java:1134)
        at java.util.concurrent.ThreadPoolExecutor$Worker.run(ThreadPoolExecutor.java:624)
        at java.lang.Thread.run(Thread.java:750)
"9d921ae2-dac8-442e-8311-fdc102c02170@group-EF2AFB36FD63-SegmentedRaftLogWorker"  prio=5 tid=623 timed_waiting
java.lang.Thread.State: TIMED_WAITING
        at sun.misc.Unsafe.park(Native Method)
        at java.util.concurrent.locks.LockSupport.parkNanos(LockSupport.java:215)
        at java.util.concurrent.locks.AbstractQueuedSynchronizer$ConditionObject.awaitNanos(AbstractQueuedSynchronizer.java:2078)
        at org.apache.ratis.util.DataBlockingQueue.poll(DataBlockingQueue.java:148)
        at org.apache.ratis.server.raftlog.segmented.SegmentedRaftLogWorker.run(SegmentedRaftLogWorker.java:310)
        at org.apache.ratis.server.raftlog.segmented.SegmentedRaftLogWorker$$Lambda$665/1172168715.run(Unknown Source)
        at java.lang.Thread.run(Thread.java:750)
"Datanode State Machine Daemon Thread" daemon prio=5 tid=183 timed_waiting
java.lang.Thread.State: TIMED_WAITING
        at java.lang.Thread.sleep(Native Method)
        at org.apache.hadoop.ozone.container.common.statemachine.DatanodeStateMachine.startStateMachineThread(DatanodeStateMachine.java:321)
        at org.apache.hadoop.ozone.container.common.statemachine.DatanodeStateMachine.lambda$startDaemon$0(DatanodeStateMachine.java:506)
        at org.apache.hadoop.ozone.container.common.statemachine.DatanodeStateMachine$$Lambda$750/913259276.run(Unknown Source)
        at java.lang.Thread.run(Thread.java:750)
"pool-173-thread-1"  prio=5 tid=279 timed_waiting
java.lang.Thread.State: TIMED_WAITING
        at sun.misc.Unsafe.park(Native Method)
        at java.util.concurrent.locks.LockSupport.parkNanos(LockSupport.java:215)
        at java.util.concurrent.locks.AbstractQueuedSynchronizer$ConditionObject.awaitNanos(AbstractQueuedSynchronizer.java:2078)
        at java.util.concurrent.ScheduledThreadPoolExecutor$DelayedWorkQueue.take(ScheduledThreadPoolExecutor.java:1093)
        at java.util.concurrent.ScheduledThreadPoolExecutor$DelayedWorkQueue.take(ScheduledThreadPoolExecutor.java:809)
        at java.util.concurrent.ThreadPoolExecutor.getTask(ThreadPoolExecutor.java:1074)
        at java.util.concurrent.ThreadPoolExecutor.runWorker(ThreadPoolExecutor.java:1134)
        at java.util.concurrent.ThreadPoolExecutor$Worker.run(ThreadPoolExecutor.java:624)
        at java.lang.Thread.run(Thread.java:750)
"9d921ae2-dac8-442e-8311-fdc102c02170@group-EF2AFB36FD63->21cd38f2-3152-4a7b-bfd6-5bc3f4c93f15-GrpcLogAppender-LogAppenderDaemon" daemon prio=5 tid=821 timed_waiting
java.lang.Thread.State: TIMED_WAITING
        at sun.misc.Unsafe.park(Native Method)
        at java.util.concurrent.locks.LockSupport.parkNanos(LockSupport.java:215)
        at java.util.concurrent.CompletableFuture$Signaller.block(CompletableFuture.java:1709)
        at java.util.concurrent.ForkJoinPool.managedBlock(ForkJoinPool.java:3323)
        at java.util.concurrent.CompletableFuture.timedGet(CompletableFuture.java:1788)
        at java.util.concurrent.CompletableFuture.get(CompletableFuture.java:1928)
        at org.apache.ratis.util.AwaitForSignal.await(AwaitForSignal.java:56)
        at org.apache.ratis.grpc.server.GrpcLogAppender.mayWait(GrpcLogAppender.java:198)
        at org.apache.ratis.grpc.server.GrpcLogAppender.run(GrpcLogAppender.java:148)
        at org.apache.ratis.server.leader.LogAppenderDaemon.run(LogAppenderDaemon.java:78)
        at org.apache.ratis.server.leader.LogAppenderDaemon$$Lambda$1049/2105102615.run(Unknown Source)
        at java.lang.Thread.run(Thread.java:750)
"Datanode State Machine Daemon Thread" daemon prio=5 tid=456 timed_waiting
java.lang.Thread.State: TIMED_WAITING
        at java.lang.Thread.sleep(Native Method)
        at org.apache.hadoop.ozone.container.common.statemachine.DatanodeStateMachine.startStateMachineThread(DatanodeStateMachine.java:321)
        at org.apache.hadoop.ozone.container.common.statemachine.DatanodeStateMachine.lambda$startDaemon$0(DatanodeStateMachine.java:506)
        at org.apache.hadoop.ozone.container.common.statemachine.DatanodeStateMachine$$Lambda$750/913259276.run(Unknown Source)
        at java.lang.Thread.run(Thread.java:750)
"BlockDeletingService#2" daemon prio=5 tid=899 in Object.wait()
java.lang.Thread.State: WAITING (on object monitor)
        at sun.misc.Unsafe.park(Native Method)
        at java.util.concurrent.locks.LockSupport.park(LockSupport.java:175)
        at java.util.concurrent.locks.AbstractQueuedSynchronizer$ConditionObject.await(AbstractQueuedSynchronizer.java:2039)
        at java.util.concurrent.ScheduledThreadPoolExecutor$DelayedWorkQueue.take(ScheduledThreadPoolExecutor.java:1088)
        at java.util.concurrent.ScheduledThreadPoolExecutor$DelayedWorkQueue.take(ScheduledThreadPoolExecutor.java:809)
        at java.util.concurrent.ThreadPoolExecutor.getTask(ThreadPoolExecutor.java:1074)
        at java.util.concurrent.ThreadPoolExecutor.runWorker(ThreadPoolExecutor.java:1134)
        at java.util.concurrent.ThreadPoolExecutor$Worker.run(ThreadPoolExecutor.java:624)
        at java.lang.Thread.run(Thread.java:750)
"SCM Heartbeat Processing Thread - 0" daemon prio=5 tid=14 timed_waiting
java.lang.Thread.State: TIMED_WAITING
        at sun.misc.Unsafe.park(Native Method)
        at java.util.concurrent.locks.LockSupport.parkNanos(LockSupport.java:215)
        at java.util.concurrent.locks.AbstractQueuedSynchronizer$ConditionObject.awaitNanos(AbstractQueuedSynchronizer.java:2078)
        at java.util.concurrent.ScheduledThreadPoolExecutor$DelayedWorkQueue.take(ScheduledThreadPoolExecutor.java:1093)
        at java.util.concurrent.ScheduledThreadPoolExecutor$DelayedWorkQueue.take(ScheduledThreadPoolExecutor.java:809)
        at java.util.concurrent.ThreadPoolExecutor.getTask(ThreadPoolExecutor.java:1074)
        at java.util.concurrent.ThreadPoolExecutor.runWorker(ThreadPoolExecutor.java:1134)
        at java.util.concurrent.ThreadPoolExecutor$Worker.run(ThreadPoolExecutor.java:624)
        at java.lang.Thread.run(Thread.java:750)
"qtp1527666058-307" daemon prio=5 tid=307 timed_waiting
java.lang.Thread.State: TIMED_WAITING
        at sun.misc.Unsafe.park(Native Method)
        at java.util.concurrent.locks.LockSupport.parkNanos(LockSupport.java:215)
        at java.util.concurrent.locks.AbstractQueuedSynchronizer$ConditionObject.awaitNanos(AbstractQueuedSynchronizer.java:2078)
        at org.eclipse.jetty.util.BlockingArrayQueue.poll(BlockingArrayQueue.java:382)
        at org.eclipse.jetty.util.thread.QueuedThreadPool$Runner.idleJobPoll(QueuedThreadPool.java:974)
        at org.eclipse.jetty.util.thread.QueuedThreadPool$Runner.run(QueuedThreadPool.java:1018)
        at java.lang.Thread.run(Thread.java:750)
"Datanode State Machine Task Thread - 0"  prio=5 tid=464 in Object.wait()
java.lang.Thread.State: WAITING (on object monitor)
        at sun.misc.Unsafe.park(Native Method)
        at java.util.concurrent.locks.LockSupport.park(LockSupport.java:175)
        at java.util.concurrent.locks.AbstractQueuedSynchronizer$ConditionObject.await(AbstractQueuedSynchronizer.java:2039)
        at java.util.concurrent.LinkedBlockingQueue.take(LinkedBlockingQueue.java:442)
        at java.util.concurrent.ThreadPoolExecutor.getTask(ThreadPoolExecutor.java:1074)
        at java.util.concurrent.ThreadPoolExecutor.runWorker(ThreadPoolExecutor.java:1134)
        at java.util.concurrent.ThreadPoolExecutor$Worker.run(ThreadPoolExecutor.java:624)
        at java.lang.Thread.run(Thread.java:750)
"7b6afef0-558a-4ad8-bcfc-b2255c7aee53@group-EB7B5BA8336E-StateMachineUpdater" daemon prio=5 tid=659 timed_waiting
java.lang.Thread.State: TIMED_WAITING
        at sun.misc.Unsafe.park(Native Method)
        at java.util.concurrent.locks.LockSupport.parkNanos(LockSupport.java:215)
        at java.util.concurrent.CompletableFuture$Signaller.block(CompletableFuture.java:1709)
        at java.util.concurrent.ForkJoinPool.managedBlock(ForkJoinPool.java:3323)
        at java.util.concurrent.CompletableFuture.timedGet(CompletableFuture.java:1788)
        at java.util.concurrent.CompletableFuture.get(CompletableFuture.java:1928)
        at org.apache.ratis.util.AwaitForSignal.await(AwaitForSignal.java:56)
        at org.apache.ratis.server.impl.StateMachineUpdater.waitForCommit(StateMachineUpdater.java:207)
        at org.apache.ratis.server.impl.StateMachineUpdater.run(StateMachineUpdater.java:176)
        at java.lang.Thread.run(Thread.java:750)
"pool-111-thread-1" daemon prio=5 tid=223 timed_waiting
java.lang.Thread.State: TIMED_WAITING
        at sun.misc.Unsafe.park(Native Method)
        at java.util.concurrent.locks.LockSupport.parkNanos(LockSupport.java:215)
        at java.util.concurrent.locks.AbstractQueuedSynchronizer$ConditionObject.awaitNanos(AbstractQueuedSynchronizer.java:2078)
        at java.util.concurrent.ScheduledThreadPoolExecutor$DelayedWorkQueue.take(ScheduledThreadPoolExecutor.java:1093)
        at java.util.concurrent.ScheduledThreadPoolExecutor$DelayedWorkQueue.take(ScheduledThreadPoolExecutor.java:809)
        at java.util.concurrent.ThreadPoolExecutor.getTask(ThreadPoolExecutor.java:1074)
        at java.util.concurrent.ThreadPoolExecutor.runWorker(ThreadPoolExecutor.java:1134)
        at java.util.concurrent.ThreadPoolExecutor$Worker.run(ThreadPoolExecutor.java:624)
        at java.lang.Thread.run(Thread.java:750)
"5d13066c-11e5-40aa-be9d-008405bad973@group-55E06B2F269B-SegmentedRaftLogWorker"  prio=5 tid=650 timed_waiting
java.lang.Thread.State: TIMED_WAITING
        at sun.misc.Unsafe.park(Native Method)
        at java.util.concurrent.locks.LockSupport.parkNanos(LockSupport.java:215)
        at java.util.concurrent.locks.AbstractQueuedSynchronizer$ConditionObject.awaitNanos(AbstractQueuedSynchronizer.java:2078)
        at org.apache.ratis.util.DataBlockingQueue.poll(DataBlockingQueue.java:148)
        at org.apache.ratis.server.raftlog.segmented.SegmentedRaftLogWorker.run(SegmentedRaftLogWorker.java:310)
        at org.apache.ratis.server.raftlog.segmented.SegmentedRaftLogWorker$$Lambda$665/1172168715.run(Unknown Source)
        at java.lang.Thread.run(Thread.java:750)
"IPC Server handler 3 on default port 43219" daemon prio=5 tid=80 timed_waiting
java.lang.Thread.State: TIMED_WAITING
        at sun.misc.Unsafe.park(Native Method)
        at java.util.concurrent.locks.LockSupport.parkNanos(LockSupport.java:215)
        at java.util.concurrent.locks.AbstractQueuedSynchronizer$ConditionObject.awaitNanos(AbstractQueuedSynchronizer.java:2078)
        at java.util.concurrent.LinkedBlockingQueue.poll(LinkedBlockingQueue.java:467)
        at org.apache.hadoop.ipc.CallQueueManager.take(CallQueueManager.java:317)
        at org.apache.hadoop.ipc.Server$Handler.run(Server.java:2942)
"21cd38f2-3152-4a7b-bfd6-5bc3f4c93f15@group-2331FFA763EF-LeaderStateImpl" daemon prio=5 tid=742 timed_waiting
java.lang.Thread.State: TIMED_WAITING
        at sun.misc.Unsafe.park(Native Method)
        at java.util.concurrent.locks.LockSupport.parkNanos(LockSupport.java:215)
        at java.util.concurrent.locks.AbstractQueuedSynchronizer$ConditionObject.awaitNanos(AbstractQueuedSynchronizer.java:2078)
        at java.util.concurrent.ArrayBlockingQueue.poll(ArrayBlockingQueue.java:418)
        at org.apache.ratis.server.impl.LeaderStateImpl$EventQueue.poll(LeaderStateImpl.java:159)
        at org.apache.ratis.server.impl.LeaderStateImpl$EventProcessor.run(LeaderStateImpl.java:630)
"Periodic HDDS volume checker" daemon prio=5 tid=299 timed_waiting
java.lang.Thread.State: TIMED_WAITING
        at sun.misc.Unsafe.park(Native Method)
        at java.util.concurrent.locks.LockSupport.parkNanos(LockSupport.java:215)
        at java.util.concurrent.locks.AbstractQueuedSynchronizer$ConditionObject.awaitNanos(AbstractQueuedSynchronizer.java:2078)
        at java.util.concurrent.ScheduledThreadPoolExecutor$DelayedWorkQueue.take(ScheduledThreadPoolExecutor.java:1093)
        at java.util.concurrent.ScheduledThreadPoolExecutor$DelayedWorkQueue.take(ScheduledThreadPoolExecutor.java:809)
        at java.util.concurrent.ThreadPoolExecutor.getTask(ThreadPoolExecutor.java:1074)
        at java.util.concurrent.ThreadPoolExecutor.runWorker(ThreadPoolExecutor.java:1134)
        at java.util.concurrent.ThreadPoolExecutor$Worker.run(ThreadPoolExecutor.java:624)
        at java.lang.Thread.run(Thread.java:750)
"5d13066c-11e5-40aa-be9d-008405bad973@group-55E06B2F269B-LeaderStateImpl" daemon prio=5 tid=844 timed_waiting
java.lang.Thread.State: TIMED_WAITING
        at sun.misc.Unsafe.park(Native Method)
        at java.util.concurrent.locks.LockSupport.parkNanos(LockSupport.java:215)
        at java.util.concurrent.locks.AbstractQueuedSynchronizer$ConditionObject.awaitNanos(AbstractQueuedSynchronizer.java:2078)
        at java.util.concurrent.ArrayBlockingQueue.poll(ArrayBlockingQueue.java:418)
        at org.apache.ratis.server.impl.LeaderStateImpl$EventQueue.poll(LeaderStateImpl.java:159)
        at org.apache.ratis.server.impl.LeaderStateImpl$EventProcessor.run(LeaderStateImpl.java:630)
"aa3e6641-ac34-45f8-85b4-6614ff527932@group-EF2AFB36FD63-StateMachineUpdater" daemon prio=5 tid=622 timed_waiting
java.lang.Thread.State: TIMED_WAITING
        at sun.misc.Unsafe.park(Native Method)
        at java.util.concurrent.locks.LockSupport.parkNanos(LockSupport.java:215)
        at java.util.concurrent.CompletableFuture$Signaller.block(CompletableFuture.java:1709)
        at java.util.concurrent.ForkJoinPool.managedBlock(ForkJoinPool.java:3323)
        at java.util.concurrent.CompletableFuture.timedGet(CompletableFuture.java:1788)
        at java.util.concurrent.CompletableFuture.get(CompletableFuture.java:1928)
        at org.apache.ratis.util.AwaitForSignal.await(AwaitForSignal.java:56)
        at org.apache.ratis.server.impl.StateMachineUpdater.waitForCommit(StateMachineUpdater.java:207)
        at org.apache.ratis.server.impl.StateMachineUpdater.run(StateMachineUpdater.java:176)
        at java.lang.Thread.run(Thread.java:750)
"Timer for 'StorageContainerManager' metrics system" daemon prio=5 tid=35 timed_waiting
java.lang.Thread.State: TIMED_WAITING
        at java.lang.Object.wait(Native Method)
        at java.util.TimerThread.mainLoop(Timer.java:552)
        at java.util.TimerThread.run(Timer.java:505)
"ChunkWriter-1-0" daemon prio=5 tid=434 in Object.wait()
java.lang.Thread.State: WAITING (on object monitor)
        at sun.misc.Unsafe.park(Native Method)
        at java.util.concurrent.locks.LockSupport.park(LockSupport.java:175)
        at java.util.concurrent.locks.AbstractQueuedSynchronizer$ConditionObject.await(AbstractQueuedSynchronizer.java:2039)
        at java.util.concurrent.LinkedBlockingDeque.takeFirst(LinkedBlockingDeque.java:492)
        at java.util.concurrent.LinkedBlockingDeque.take(LinkedBlockingDeque.java:680)
        at java.util.concurrent.ThreadPoolExecutor.getTask(ThreadPoolExecutor.java:1074)
        at java.util.concurrent.ThreadPoolExecutor.runWorker(ThreadPoolExecutor.java:1134)
        at java.util.concurrent.ThreadPoolExecutor$Worker.run(ThreadPoolExecutor.java:624)
        at java.lang.Thread.run(Thread.java:750)
"BlockDeletingService#1" daemon prio=5 tid=545 timed_waiting
java.lang.Thread.State: TIMED_WAITING
        at sun.misc.Unsafe.park(Native Method)
        at java.util.concurrent.locks.LockSupport.parkNanos(LockSupport.java:215)
        at java.util.concurrent.locks.AbstractQueuedSynchronizer$ConditionObject.awaitNanos(AbstractQueuedSynchronizer.java:2078)
        at java.util.concurrent.ScheduledThreadPoolExecutor$DelayedWorkQueue.take(ScheduledThreadPoolExecutor.java:1093)
        at java.util.concurrent.ScheduledThreadPoolExecutor$DelayedWorkQueue.take(ScheduledThreadPoolExecutor.java:809)
        at java.util.concurrent.ThreadPoolExecutor.getTask(ThreadPoolExecutor.java:1074)
        at java.util.concurrent.ThreadPoolExecutor.runWorker(ThreadPoolExecutor.java:1134)
        at java.util.concurrent.ThreadPoolExecutor$Worker.run(ThreadPoolExecutor.java:624)
        at java.lang.Thread.run(Thread.java:750)
"qtp47095269-452" daemon prio=5 tid=452 timed_waiting
java.lang.Thread.State: TIMED_WAITING
        at sun.misc.Unsafe.park(Native Method)
        at java.util.concurrent.locks.LockSupport.parkNanos(LockSupport.java:215)
        at java.util.concurrent.locks.AbstractQueuedSynchronizer$ConditionObject.awaitNanos(AbstractQueuedSynchronizer.java:2078)
        at org.eclipse.jetty.util.BlockingArrayQueue.poll(BlockingArrayQueue.java:382)
        at org.eclipse.jetty.util.thread.QueuedThreadPool$Runner.idleJobPoll(QueuedThreadPool.java:974)
        at org.eclipse.jetty.util.thread.QueuedThreadPool$Runner.run(QueuedThreadPool.java:1018)
        at java.lang.Thread.run(Thread.java:750)
"Periodic HDDS volume checker" daemon prio=5 tid=325 timed_waiting
java.lang.Thread.State: TIMED_WAITING
        at sun.misc.Unsafe.park(Native Method)
        at java.util.concurrent.locks.LockSupport.parkNanos(LockSupport.java:215)
        at java.util.concurrent.locks.AbstractQueuedSynchronizer$ConditionObject.awaitNanos(AbstractQueuedSynchronizer.java:2078)
        at java.util.concurrent.ScheduledThreadPoolExecutor$DelayedWorkQueue.take(ScheduledThreadPoolExecutor.java:1093)
        at java.util.concurrent.ScheduledThreadPoolExecutor$DelayedWorkQueue.take(ScheduledThreadPoolExecutor.java:809)
        at java.util.concurrent.ThreadPoolExecutor.getTask(ThreadPoolExecutor.java:1074)
        at java.util.concurrent.ThreadPoolExecutor.runWorker(ThreadPoolExecutor.java:1134)
        at java.util.concurrent.ThreadPoolExecutor$Worker.run(ThreadPoolExecutor.java:624)
        at java.lang.Thread.run(Thread.java:750)
"IPC Server handler 19 on default port 37753" daemon prio=5 tid=76 timed_waiting
java.lang.Thread.State: TIMED_WAITING
        at sun.misc.Unsafe.park(Native Method)
        at java.util.concurrent.locks.LockSupport.parkNanos(LockSupport.java:215)
        at java.util.concurrent.locks.AbstractQueuedSynchronizer$ConditionObject.awaitNanos(AbstractQueuedSynchronizer.java:2078)
        at java.util.concurrent.LinkedBlockingQueue.poll(LinkedBlockingQueue.java:467)
        at org.apache.hadoop.ipc.CallQueueManager.take(CallQueueManager.java:317)
        at org.apache.hadoop.ipc.Server$Handler.run(Server.java:2942)
"IPC Server Responder" daemon prio=5 tid=26 runnable
java.lang.Thread.State: RUNNABLE
        at sun.nio.ch.EPollArrayWrapper.epollWait(Native Method)
        at sun.nio.ch.EPollArrayWrapper.poll(EPollArrayWrapper.java:269)
        at sun.nio.ch.EPollSelectorImpl.doSelect(EPollSelectorImpl.java:93)
        at sun.nio.ch.SelectorImpl.lockAndDoSelect(SelectorImpl.java:86)
        at sun.nio.ch.SelectorImpl.select(SelectorImpl.java:97)
        at org.apache.hadoop.ipc.Server$Responder.doRunLoop(Server.java:1532)
        at org.apache.hadoop.ipc.Server$Responder.run(Server.java:1515)
"ChunkWriter-3-0" daemon prio=5 tid=436 in Object.wait()
java.lang.Thread.State: WAITING (on object monitor)
        at sun.misc.Unsafe.park(Native Method)
        at java.util.concurrent.locks.LockSupport.park(LockSupport.java:175)
        at java.util.concurrent.locks.AbstractQueuedSynchronizer$ConditionObject.await(AbstractQueuedSynchronizer.java:2039)
        at java.util.concurrent.LinkedBlockingDeque.takeFirst(LinkedBlockingDeque.java:492)
        at java.util.concurrent.LinkedBlockingDeque.take(LinkedBlockingDeque.java:680)
        at java.util.concurrent.ThreadPoolExecutor.getTask(ThreadPoolExecutor.java:1074)
        at java.util.concurrent.ThreadPoolExecutor.runWorker(ThreadPoolExecutor.java:1134)
        at java.util.concurrent.ThreadPoolExecutor$Worker.run(ThreadPoolExecutor.java:624)
        at java.lang.Thread.run(Thread.java:750)
"pool-157-thread-1" daemon prio=5 tid=275 timed_waiting
java.lang.Thread.State: TIMED_WAITING
        at sun.misc.Unsafe.park(Native Method)
        at java.util.concurrent.locks.LockSupport.parkNanos(LockSupport.java:215)
        at java.util.concurrent.locks.AbstractQueuedSynchronizer$ConditionObject.awaitNanos(AbstractQueuedSynchronizer.java:2078)
        at java.util.concurrent.ScheduledThreadPoolExecutor$DelayedWorkQueue.take(ScheduledThreadPoolExecutor.java:1093)
        at java.util.concurrent.ScheduledThreadPoolExecutor$DelayedWorkQueue.take(ScheduledThreadPoolExecutor.java:809)
        at java.util.concurrent.ThreadPoolExecutor.getTask(ThreadPoolExecutor.java:1074)
        at java.util.concurrent.ThreadPoolExecutor.runWorker(ThreadPoolExecutor.java:1134)
        at java.util.concurrent.ThreadPoolExecutor$Worker.run(ThreadPoolExecutor.java:624)
        at java.lang.Thread.run(Thread.java:750)
"Datanode ReportManager Thread - 1" daemon prio=5 tid=239 in Object.wait()
java.lang.Thread.State: WAITING (on object monitor)
        at sun.misc.Unsafe.park(Native Method)
        at java.util.concurrent.locks.LockSupport.park(LockSupport.java:175)
        at java.util.concurrent.locks.AbstractQueuedSynchronizer$ConditionObject.await(AbstractQueuedSynchronizer.java:2039)
        at java.util.concurrent.ScheduledThreadPoolExecutor$DelayedWorkQueue.take(ScheduledThreadPoolExecutor.java:1088)
        at java.util.concurrent.ScheduledThreadPoolExecutor$DelayedWorkQueue.take(ScheduledThreadPoolExecutor.java:809)
        at java.util.concurrent.ThreadPoolExecutor.getTask(ThreadPoolExecutor.java:1074)
        at java.util.concurrent.ThreadPoolExecutor.runWorker(ThreadPoolExecutor.java:1134)
        at java.util.concurrent.ThreadPoolExecutor$Worker.run(ThreadPoolExecutor.java:624)
        at java.lang.Thread.run(Thread.java:750)
"EndpointStateMachine task thread for /0.0.0.0:43219 - 0 "  prio=5 tid=523 in Object.wait()
java.lang.Thread.State: WAITING (on object monitor)
        at sun.misc.Unsafe.park(Native Method)
        at java.util.concurrent.locks.LockSupport.park(LockSupport.java:175)
        at java.util.concurrent.locks.AbstractQueuedSynchronizer$ConditionObject.await(AbstractQueuedSynchronizer.java:2039)
        at java.util.concurrent.LinkedBlockingQueue.take(LinkedBlockingQueue.java:442)
        at java.util.concurrent.ThreadPoolExecutor.getTask(ThreadPoolExecutor.java:1074)
        at java.util.concurrent.ThreadPoolExecutor.runWorker(ThreadPoolExecutor.java:1134)
        at java.util.concurrent.ThreadPoolExecutor$Worker.run(ThreadPoolExecutor.java:624)
        at java.lang.Thread.run(Thread.java:750)
"IPC Server handler 16 on default port 37753" daemon prio=5 tid=73 timed_waiting
java.lang.Thread.State: TIMED_WAITING
        at sun.misc.Unsafe.park(Native Method)
        at java.util.concurrent.locks.LockSupport.parkNanos(LockSupport.java:215)
        at java.util.concurrent.locks.AbstractQueuedSynchronizer$ConditionObject.awaitNanos(AbstractQueuedSynchronizer.java:2078)
        at java.util.concurrent.LinkedBlockingQueue.poll(LinkedBlockingQueue.java:467)
        at org.apache.hadoop.ipc.CallQueueManager.take(CallQueueManager.java:317)
        at org.apache.hadoop.ipc.Server$Handler.run(Server.java:2942)
"Datanode ReportManager Thread - 2" daemon prio=5 tid=318 timed_waiting
java.lang.Thread.State: TIMED_WAITING
        at sun.misc.Unsafe.park(Native Method)
        at java.util.concurrent.locks.LockSupport.parkNanos(LockSupport.java:215)
        at java.util.concurrent.locks.AbstractQueuedSynchronizer$ConditionObject.awaitNanos(AbstractQueuedSynchronizer.java:2078)
        at java.util.concurrent.ScheduledThreadPoolExecutor$DelayedWorkQueue.take(ScheduledThreadPoolExecutor.java:1093)
        at java.util.concurrent.ScheduledThreadPoolExecutor$DelayedWorkQueue.take(ScheduledThreadPoolExecutor.java:809)
        at java.util.concurrent.ThreadPoolExecutor.getTask(ThreadPoolExecutor.java:1074)
        at java.util.concurrent.ThreadPoolExecutor.runWorker(ThreadPoolExecutor.java:1134)
        at java.util.concurrent.ThreadPoolExecutor$Worker.run(ThreadPoolExecutor.java:624)
        at java.lang.Thread.run(Thread.java:750)
"PartialTableCache Cleanup Thread - 0" daemon prio=5 tid=753 in Object.wait()
java.lang.Thread.State: WAITING (on object monitor)
        at sun.misc.Unsafe.park(Native Method)
        at java.util.concurrent.locks.LockSupport.park(LockSupport.java:175)
        at java.util.concurrent.locks.AbstractQueuedSynchronizer$ConditionObject.await(AbstractQueuedSynchronizer.java:2039)
        at java.util.concurrent.LinkedBlockingQueue.take(LinkedBlockingQueue.java:442)
        at java.util.concurrent.ThreadPoolExecutor.getTask(ThreadPoolExecutor.java:1074)
        at java.util.concurrent.ThreadPoolExecutor.runWorker(ThreadPoolExecutor.java:1134)
        at java.util.concurrent.ThreadPoolExecutor$Worker.run(ThreadPoolExecutor.java:624)
        at java.lang.Thread.run(Thread.java:750)
"JvmPauseMonitor7" daemon prio=5 tid=514 timed_waiting
java.lang.Thread.State: TIMED_WAITING
        at java.lang.Thread.sleep(Native Method)
        at java.lang.Thread.sleep(Thread.java:342)
        at java.util.concurrent.TimeUnit.sleep(TimeUnit.java:386)
        at org.apache.ratis.util.TimeDuration.sleep(TimeDuration.java:325)
        at org.apache.ratis.util.TimeDuration.sleep(TimeDuration.java:310)
        at org.apache.ratis.util.JvmPauseMonitor.detectPause(JvmPauseMonitor.java:119)
        at org.apache.ratis.util.JvmPauseMonitor.run(JvmPauseMonitor.java:108)
        at org.apache.ratis.util.JvmPauseMonitor$$Lambda$706/479417099.run(Unknown Source)
        at java.lang.Thread.run(Thread.java:750)
"org.apache.hadoop.ozone.container.common.statemachine.commandhandler.DeleteBlocksCommandHandler$DeleteCmdWorker@7cf7583d" daemon prio=5 tid=304 timed_waiting
java.lang.Thread.State: TIMED_WAITING
        at java.lang.Thread.sleep(Native Method)
        at org.apache.hadoop.ozone.container.common.statemachine.commandhandler.DeleteBlocksCommandHandler$DeleteCmdWorker.run(DeleteBlocksCommandHandler.java:183)
        at java.lang.Thread.run(Thread.java:750)
"Session-HouseKeeper-1f15bbb-1"  prio=5 tid=182 timed_waiting
java.lang.Thread.State: TIMED_WAITING
        at sun.misc.Unsafe.park(Native Method)
        at java.util.concurrent.locks.LockSupport.parkNanos(LockSupport.java:215)
        at java.util.concurrent.locks.AbstractQueuedSynchronizer$ConditionObject.awaitNanos(AbstractQueuedSynchronizer.java:2078)
        at java.util.concurrent.ScheduledThreadPoolExecutor$DelayedWorkQueue.take(ScheduledThreadPoolExecutor.java:1093)
        at java.util.concurrent.ScheduledThreadPoolExecutor$DelayedWorkQueue.take(ScheduledThreadPoolExecutor.java:809)
        at java.util.concurrent.ThreadPoolExecutor.getTask(ThreadPoolExecutor.java:1074)
        at java.util.concurrent.ThreadPoolExecutor.runWorker(ThreadPoolExecutor.java:1134)
        at java.util.concurrent.ThreadPoolExecutor$Worker.run(ThreadPoolExecutor.java:624)
        at java.lang.Thread.run(Thread.java:750)
"pool-291-thread-1"  prio=5 tid=671 in Object.wait()
java.lang.Thread.State: WAITING (on object monitor)
        at sun.misc.Unsafe.park(Native Method)
        at java.util.concurrent.locks.LockSupport.park(LockSupport.java:175)
        at java.util.concurrent.locks.AbstractQueuedSynchronizer$ConditionObject.await(AbstractQueuedSynchronizer.java:2039)
        at java.util.concurrent.LinkedBlockingQueue.take(LinkedBlockingQueue.java:442)
        at java.util.concurrent.ThreadPoolExecutor.getTask(ThreadPoolExecutor.java:1074)
        at java.util.concurrent.ThreadPoolExecutor.runWorker(ThreadPoolExecutor.java:1134)
        at java.util.concurrent.ThreadPoolExecutor$Worker.run(ThreadPoolExecutor.java:624)
        at java.lang.Thread.run(Thread.java:750)
"d5dd9084-02e9-4cbc-a1b0-4846343450b9-server-thread2" daemon prio=5 tid=848 timed_waiting
java.lang.Thread.State: TIMED_WAITING
        at sun.misc.Unsafe.park(Native Method)
        at java.util.concurrent.locks.LockSupport.parkNanos(LockSupport.java:215)
        at java.util.concurrent.SynchronousQueue$TransferStack.awaitFulfill(SynchronousQueue.java:460)
        at java.util.concurrent.SynchronousQueue$TransferStack.transfer(SynchronousQueue.java:362)
        at java.util.concurrent.SynchronousQueue.poll(SynchronousQueue.java:941)
        at java.util.concurrent.ThreadPoolExecutor.getTask(ThreadPoolExecutor.java:1073)
        at java.util.concurrent.ThreadPoolExecutor.runWorker(ThreadPoolExecutor.java:1134)
        at java.util.concurrent.ThreadPoolExecutor$Worker.run(ThreadPoolExecutor.java:624)
        at java.lang.Thread.run(Thread.java:750)
"JvmPauseMonitor3" daemon prio=5 tid=437 timed_waiting
java.lang.Thread.State: TIMED_WAITING
        at java.lang.Thread.sleep(Native Method)
        at java.lang.Thread.sleep(Thread.java:342)
        at java.util.concurrent.TimeUnit.sleep(TimeUnit.java:386)
        at org.apache.ratis.util.TimeDuration.sleep(TimeDuration.java:325)
        at org.apache.ratis.util.TimeDuration.sleep(TimeDuration.java:310)
        at org.apache.ratis.util.JvmPauseMonitor.detectPause(JvmPauseMonitor.java:119)
        at org.apache.ratis.util.JvmPauseMonitor.run(JvmPauseMonitor.java:108)
        at org.apache.ratis.util.JvmPauseMonitor$$Lambda$706/479417099.run(Unknown Source)
        at java.lang.Thread.run(Thread.java:750)
"org.apache.hadoop.util.JvmPauseMonitor$Monitor@905fc5e" daemon prio=5 tid=190 timed_waiting
java.lang.Thread.State: TIMED_WAITING
        at java.lang.Thread.sleep(Native Method)
        at org.apache.hadoop.util.JvmPauseMonitor$Monitor.run(JvmPauseMonitor.java:192)
        at java.lang.Thread.run(Thread.java:750)
"d5dd9084-02e9-4cbc-a1b0-4846343450b9@group-55E06B2F269B-FollowerState" daemon prio=5 tid=843 timed_waiting
java.lang.Thread.State: TIMED_WAITING
        at java.lang.Thread.sleep(Native Method)
        at java.lang.Thread.sleep(Thread.java:342)
        at java.util.concurrent.TimeUnit.sleep(TimeUnit.java:386)
        at org.apache.ratis.util.TimeDuration.sleep(TimeDuration.java:325)
        at org.apache.ratis.util.TimeDuration.sleep(TimeDuration.java:310)
        at org.apache.ratis.server.impl.FollowerState.run(FollowerState.java:128)
"Command processor thread" daemon prio=5 tid=424 timed_waiting
java.lang.Thread.State: TIMED_WAITING
        at java.lang.Thread.sleep(Native Method)
        at org.apache.hadoop.ozone.container.common.statemachine.DatanodeStateMachine.lambda$initCommandHandlerThread$3(DatanodeStateMachine.java:641)
        at org.apache.hadoop.ozone.container.common.statemachine.DatanodeStateMachine$$Lambda$752/223020468.run(Unknown Source)
        at java.lang.Thread.run(Thread.java:750)
"qtp2019923144-141" daemon prio=5 tid=141 timed_waiting
java.lang.Thread.State: TIMED_WAITING
        at sun.misc.Unsafe.park(Native Method)
        at java.util.concurrent.locks.LockSupport.parkNanos(LockSupport.java:215)
        at java.util.concurrent.locks.AbstractQueuedSynchronizer$ConditionObject.awaitNanos(AbstractQueuedSynchronizer.java:2078)
        at org.eclipse.jetty.util.BlockingArrayQueue.poll(BlockingArrayQueue.java:382)
        at org.eclipse.jetty.util.thread.QueuedThreadPool$Runner.idleJobPoll(QueuedThreadPool.java:974)
        at org.eclipse.jetty.util.thread.QueuedThreadPool$Runner.run(QueuedThreadPool.java:1018)
        at java.lang.Thread.run(Thread.java:750)
"ChunkWriter-0-0" daemon prio=5 tid=549 in Object.wait()
java.lang.Thread.State: WAITING (on object monitor)
        at sun.misc.Unsafe.park(Native Method)
        at java.util.concurrent.locks.LockSupport.park(LockSupport.java:175)
        at java.util.concurrent.locks.AbstractQueuedSynchronizer$ConditionObject.await(AbstractQueuedSynchronizer.java:2039)
        at java.util.concurrent.LinkedBlockingDeque.takeFirst(LinkedBlockingDeque.java:492)
        at java.util.concurrent.LinkedBlockingDeque.take(LinkedBlockingDeque.java:680)
        at java.util.concurrent.ThreadPoolExecutor.getTask(ThreadPoolExecutor.java:1074)
        at java.util.concurrent.ThreadPoolExecutor.runWorker(ThreadPoolExecutor.java:1134)
        at java.util.concurrent.ThreadPoolExecutor$Worker.run(ThreadPoolExecutor.java:624)
        at java.lang.Thread.run(Thread.java:750)
"Session-HouseKeeper-2ba06c8-1"  prio=5 tid=288 timed_waiting
java.lang.Thread.State: TIMED_WAITING
        at sun.misc.Unsafe.park(Native Method)
        at java.util.concurrent.locks.LockSupport.parkNanos(LockSupport.java:215)
        at java.util.concurrent.locks.AbstractQueuedSynchronizer$ConditionObject.awaitNanos(AbstractQueuedSynchronizer.java:2078)
        at java.util.concurrent.ScheduledThreadPoolExecutor$DelayedWorkQueue.take(ScheduledThreadPoolExecutor.java:1093)
        at java.util.concurrent.ScheduledThreadPoolExecutor$DelayedWorkQueue.take(ScheduledThreadPoolExecutor.java:809)
        at java.util.concurrent.ThreadPoolExecutor.getTask(ThreadPoolExecutor.java:1074)
        at java.util.concurrent.ThreadPoolExecutor.runWorker(ThreadPoolExecutor.java:1134)
        at java.util.concurrent.ThreadPoolExecutor$Worker.run(ThreadPoolExecutor.java:624)
        at java.lang.Thread.run(Thread.java:750)
"Datanode ReportManager Thread - 3" daemon prio=5 tid=187 in Object.wait()
java.lang.Thread.State: WAITING (on object monitor)
        at sun.misc.Unsafe.park(Native Method)
        at java.util.concurrent.locks.LockSupport.park(LockSupport.java:175)
        at java.util.concurrent.locks.AbstractQueuedSynchronizer$ConditionObject.await(AbstractQueuedSynchronizer.java:2039)
        at java.util.concurrent.ScheduledThreadPoolExecutor$DelayedWorkQueue.take(ScheduledThreadPoolExecutor.java:1088)
        at java.util.concurrent.ScheduledThreadPoolExecutor$DelayedWorkQueue.take(ScheduledThreadPoolExecutor.java:809)
        at java.util.concurrent.ThreadPoolExecutor.getTask(ThreadPoolExecutor.java:1074)
        at java.util.concurrent.ThreadPoolExecutor.runWorker(ThreadPoolExecutor.java:1134)
        at java.util.concurrent.ThreadPoolExecutor$Worker.run(ThreadPoolExecutor.java:624)
        at java.lang.Thread.run(Thread.java:750)
"IPC Server handler 0 on default port 42141" daemon prio=5 tid=144 timed_waiting
java.lang.Thread.State: TIMED_WAITING
        at sun.misc.Unsafe.park(Native Method)
        at java.util.concurrent.locks.LockSupport.parkNanos(LockSupport.java:215)
        at java.util.concurrent.locks.AbstractQueuedSynchronizer$ConditionObject.awaitNanos(AbstractQueuedSynchronizer.java:2078)
        at java.util.concurrent.LinkedBlockingQueue.poll(LinkedBlockingQueue.java:467)
        at org.apache.hadoop.ipc.CallQueueManager.take(CallQueueManager.java:317)
        at org.apache.hadoop.ipc.Server$Handler.run(Server.java:2942)
"Datanode State Machine Daemon Thread" daemon prio=5 tid=418 timed_waiting
java.lang.Thread.State: TIMED_WAITING
        at java.lang.Thread.sleep(Native Method)
        at org.apache.hadoop.ozone.container.common.statemachine.DatanodeStateMachine.startStateMachineThread(DatanodeStateMachine.java:321)
        at org.apache.hadoop.ozone.container.common.statemachine.DatanodeStateMachine.lambda$startDaemon$0(DatanodeStateMachine.java:506)
        at org.apache.hadoop.ozone.container.common.statemachine.DatanodeStateMachine$$Lambda$750/913259276.run(Unknown Source)
        at java.lang.Thread.run(Thread.java:750)
"PartialTableCache Cleanup Thread - 0" daemon prio=5 tid=889 in Object.wait()
java.lang.Thread.State: WAITING (on object monitor)
        at sun.misc.Unsafe.park(Native Method)
        at java.util.concurrent.locks.LockSupport.park(LockSupport.java:175)
        at java.util.concurrent.locks.AbstractQueuedSynchronizer$ConditionObject.await(AbstractQueuedSynchronizer.java:2039)
        at java.util.concurrent.LinkedBlockingQueue.take(LinkedBlockingQueue.java:442)
        at java.util.concurrent.ThreadPoolExecutor.getTask(ThreadPoolExecutor.java:1074)
        at java.util.concurrent.ThreadPoolExecutor.runWorker(ThreadPoolExecutor.java:1134)
        at java.util.concurrent.ThreadPoolExecutor$Worker.run(ThreadPoolExecutor.java:624)
        at java.lang.Thread.run(Thread.java:750)
"Datanode ReportManager Thread - 1" daemon prio=5 tid=384 timed_waiting
java.lang.Thread.State: TIMED_WAITING
        at sun.misc.Unsafe.park(Native Method)
        at java.util.concurrent.locks.LockSupport.parkNanos(LockSupport.java:215)
        at java.util.concurrent.locks.AbstractQueuedSynchronizer$ConditionObject.awaitNanos(AbstractQueuedSynchronizer.java:2078)
        at java.util.concurrent.ScheduledThreadPoolExecutor$DelayedWorkQueue.take(ScheduledThreadPoolExecutor.java:1093)
        at java.util.concurrent.ScheduledThreadPoolExecutor$DelayedWorkQueue.take(ScheduledThreadPoolExecutor.java:809)
        at java.util.concurrent.ThreadPoolExecutor.getTask(ThreadPoolExecutor.java:1074)
        at java.util.concurrent.ThreadPoolExecutor.runWorker(ThreadPoolExecutor.java:1134)
        at java.util.concurrent.ThreadPoolExecutor$Worker.run(ThreadPoolExecutor.java:624)
        at java.lang.Thread.run(Thread.java:750)
"21cd38f2-3152-4a7b-bfd6-5bc3f4c93f15-server-thread2" daemon prio=5 tid=728 timed_waiting
java.lang.Thread.State: TIMED_WAITING
        at sun.misc.Unsafe.park(Native Method)
        at java.util.concurrent.locks.LockSupport.parkNanos(LockSupport.java:215)
        at java.util.concurrent.SynchronousQueue$TransferStack.awaitFulfill(SynchronousQueue.java:460)
        at java.util.concurrent.SynchronousQueue$TransferStack.transfer(SynchronousQueue.java:362)
        at java.util.concurrent.SynchronousQueue.poll(SynchronousQueue.java:941)
        at java.util.concurrent.ThreadPoolExecutor.getTask(ThreadPoolExecutor.java:1073)
        at java.util.concurrent.ThreadPoolExecutor.runWorker(ThreadPoolExecutor.java:1134)
        at java.util.concurrent.ThreadPoolExecutor$Worker.run(ThreadPoolExecutor.java:624)
        at java.lang.Thread.run(Thread.java:750)
"IPC Server handler 11 on default port 34213" daemon prio=5 tid=48 timed_waiting
java.lang.Thread.State: TIMED_WAITING
        at sun.misc.Unsafe.park(Native Method)
        at java.util.concurrent.locks.LockSupport.parkNanos(LockSupport.java:215)
        at java.util.concurrent.locks.AbstractQueuedSynchronizer$ConditionObject.awaitNanos(AbstractQueuedSynchronizer.java:2078)
        at java.util.concurrent.LinkedBlockingQueue.poll(LinkedBlockingQueue.java:467)
        at org.apache.hadoop.ipc.CallQueueManager.take(CallQueueManager.java:317)
        at org.apache.hadoop.ipc.Server$Handler.run(Server.java:2942)
"qtp117897905-376" daemon prio=5 tid=376 timed_waiting
java.lang.Thread.State: TIMED_WAITING
        at sun.misc.Unsafe.park(Native Method)
        at java.util.concurrent.locks.LockSupport.parkNanos(LockSupport.java:215)
        at java.util.concurrent.locks.AbstractQueuedSynchronizer$ConditionObject.awaitNanos(AbstractQueuedSynchronizer.java:2078)
        at org.eclipse.jetty.util.BlockingArrayQueue.poll(BlockingArrayQueue.java:382)
        at org.eclipse.jetty.util.thread.QueuedThreadPool$Runner.idleJobPoll(QueuedThreadPool.java:974)
        at org.eclipse.jetty.util.thread.QueuedThreadPool$Runner.run(QueuedThreadPool.java:1018)
        at java.lang.Thread.run(Thread.java:750)
"PartialTableCache Cleanup Thread - 0" daemon prio=5 tid=792 in Object.wait()
java.lang.Thread.State: WAITING (on object monitor)
        at sun.misc.Unsafe.park(Native Method)
        at java.util.concurrent.locks.LockSupport.park(LockSupport.java:175)
        at java.util.concurrent.locks.AbstractQueuedSynchronizer$ConditionObject.await(AbstractQueuedSynchronizer.java:2039)
        at java.util.concurrent.LinkedBlockingQueue.take(LinkedBlockingQueue.java:442)
        at java.util.concurrent.ThreadPoolExecutor.getTask(ThreadPoolExecutor.java:1074)
        at java.util.concurrent.ThreadPoolExecutor.runWorker(ThreadPoolExecutor.java:1134)
        at java.util.concurrent.ThreadPoolExecutor$Worker.run(ThreadPoolExecutor.java:624)
        at java.lang.Thread.run(Thread.java:750)
"5d13066c-11e5-40aa-be9d-008405bad973@group-483BE42729DF-StateMachineUpdater" daemon prio=5 tid=667 timed_waiting
java.lang.Thread.State: TIMED_WAITING
        at sun.misc.Unsafe.park(Native Method)
        at java.util.concurrent.locks.LockSupport.parkNanos(LockSupport.java:215)
        at java.util.concurrent.CompletableFuture$Signaller.block(CompletableFuture.java:1709)
        at java.util.concurrent.ForkJoinPool.managedBlock(ForkJoinPool.java:3323)
        at java.util.concurrent.CompletableFuture.timedGet(CompletableFuture.java:1788)
        at java.util.concurrent.CompletableFuture.get(CompletableFuture.java:1928)
        at org.apache.ratis.util.AwaitForSignal.await(AwaitForSignal.java:56)
        at org.apache.ratis.server.impl.StateMachineUpdater.waitForCommit(StateMachineUpdater.java:207)
        at org.apache.ratis.server.impl.StateMachineUpdater.run(StateMachineUpdater.java:176)
        at java.lang.Thread.run(Thread.java:750)
"pool-280-thread-1" daemon prio=5 tid=432 timed_waiting
java.lang.Thread.State: TIMED_WAITING
        at sun.misc.Unsafe.park(Native Method)
        at java.util.concurrent.locks.LockSupport.parkNanos(LockSupport.java:215)
        at java.util.concurrent.locks.AbstractQueuedSynchronizer$ConditionObject.awaitNanos(AbstractQueuedSynchronizer.java:2078)
        at java.util.concurrent.ScheduledThreadPoolExecutor$DelayedWorkQueue.take(ScheduledThreadPoolExecutor.java:1093)
        at java.util.concurrent.ScheduledThreadPoolExecutor$DelayedWorkQueue.take(ScheduledThreadPoolExecutor.java:809)
        at java.util.concurrent.ThreadPoolExecutor.getTask(ThreadPoolExecutor.java:1074)
        at java.util.concurrent.ThreadPoolExecutor.runWorker(ThreadPoolExecutor.java:1134)
        at java.util.concurrent.ThreadPoolExecutor$Worker.run(ThreadPoolExecutor.java:624)
        at java.lang.Thread.run(Thread.java:750)
"BlockDeletingService#2" daemon prio=5 tid=898 in Object.wait()
java.lang.Thread.State: WAITING (on object monitor)
        at sun.misc.Unsafe.park(Native Method)
        at java.util.concurrent.locks.LockSupport.park(LockSupport.java:175)
        at java.util.concurrent.locks.AbstractQueuedSynchronizer$ConditionObject.await(AbstractQueuedSynchronizer.java:2039)
        at java.util.concurrent.ScheduledThreadPoolExecutor$DelayedWorkQueue.take(ScheduledThreadPoolExecutor.java:1088)
        at java.util.concurrent.ScheduledThreadPoolExecutor$DelayedWorkQueue.take(ScheduledThreadPoolExecutor.java:809)
        at java.util.concurrent.ThreadPoolExecutor.getTask(ThreadPoolExecutor.java:1074)
        at java.util.concurrent.ThreadPoolExecutor.runWorker(ThreadPoolExecutor.java:1134)
        at java.util.concurrent.ThreadPoolExecutor$Worker.run(ThreadPoolExecutor.java:624)
        at java.lang.Thread.run(Thread.java:750)
"aa3e6641-ac34-45f8-85b4-6614ff527932@group-728B1F2A2928->21cd38f2-3152-4a7b-bfd6-5bc3f4c93f15-GrpcLogAppender-LogAppenderDaemon" daemon prio=5 tid=716 timed_waiting
java.lang.Thread.State: TIMED_WAITING
        at sun.misc.Unsafe.park(Native Method)
        at java.util.concurrent.locks.LockSupport.parkNanos(LockSupport.java:215)
        at java.util.concurrent.CompletableFuture$Signaller.block(CompletableFuture.java:1709)
        at java.util.concurrent.ForkJoinPool.managedBlock(ForkJoinPool.java:3323)
        at java.util.concurrent.CompletableFuture.timedGet(CompletableFuture.java:1788)
        at java.util.concurrent.CompletableFuture.get(CompletableFuture.java:1928)
        at org.apache.ratis.util.AwaitForSignal.await(AwaitForSignal.java:56)
        at org.apache.ratis.grpc.server.GrpcLogAppender.mayWait(GrpcLogAppender.java:198)
        at org.apache.ratis.grpc.server.GrpcLogAppender.run(GrpcLogAppender.java:148)
        at org.apache.ratis.server.leader.LogAppenderDaemon.run(LogAppenderDaemon.java:78)
        at org.apache.ratis.server.leader.LogAppenderDaemon$$Lambda$1049/2105102615.run(Unknown Source)
        at java.lang.Thread.run(Thread.java:750)
"Session-HouseKeeper-331069bf-1"  prio=5 tid=340 timed_waiting
java.lang.Thread.State: TIMED_WAITING
        at sun.misc.Unsafe.park(Native Method)
        at java.util.concurrent.locks.LockSupport.parkNanos(LockSupport.java:215)
        at java.util.concurrent.locks.AbstractQueuedSynchronizer$ConditionObject.awaitNanos(AbstractQueuedSynchronizer.java:2078)
        at java.util.concurrent.ScheduledThreadPoolExecutor$DelayedWorkQueue.take(ScheduledThreadPoolExecutor.java:1093)
        at java.util.concurrent.ScheduledThreadPoolExecutor$DelayedWorkQueue.take(ScheduledThreadPoolExecutor.java:809)
        at java.util.concurrent.ThreadPoolExecutor.getTask(ThreadPoolExecutor.java:1074)
        at java.util.concurrent.ThreadPoolExecutor.runWorker(ThreadPoolExecutor.java:1134)
        at java.util.concurrent.ThreadPoolExecutor$Worker.run(ThreadPoolExecutor.java:624)
        at java.lang.Thread.run(Thread.java:750)
"BlockDeletingService#2" daemon prio=5 tid=907 in Object.wait()
java.lang.Thread.State: WAITING (on object monitor)
        at sun.misc.Unsafe.park(Native Method)
        at java.util.concurrent.locks.LockSupport.park(LockSupport.java:175)
        at java.util.concurrent.locks.AbstractQueuedSynchronizer$ConditionObject.await(AbstractQueuedSynchronizer.java:2039)
        at java.util.concurrent.ScheduledThreadPoolExecutor$DelayedWorkQueue.take(ScheduledThreadPoolExecutor.java:1088)
        at java.util.concurrent.ScheduledThreadPoolExecutor$DelayedWorkQueue.take(ScheduledThreadPoolExecutor.java:809)
        at java.util.concurrent.ThreadPoolExecutor.getTask(ThreadPoolExecutor.java:1074)
        at java.util.concurrent.ThreadPoolExecutor.runWorker(ThreadPoolExecutor.java:1134)
        at java.util.concurrent.ThreadPoolExecutor$Worker.run(ThreadPoolExecutor.java:624)
        at java.lang.Thread.run(Thread.java:750)
"d5dd9084-02e9-4cbc-a1b0-4846343450b9-server-thread3" daemon prio=5 tid=849 timed_waiting
java.lang.Thread.State: TIMED_WAITING
        at sun.misc.Unsafe.park(Native Method)
        at java.util.concurrent.locks.LockSupport.parkNanos(LockSupport.java:215)
        at java.util.concurrent.SynchronousQueue$TransferStack.awaitFulfill(SynchronousQueue.java:460)
        at java.util.concurrent.SynchronousQueue$TransferStack.transfer(SynchronousQueue.java:362)
        at java.util.concurrent.SynchronousQueue.poll(SynchronousQueue.java:941)
        at java.util.concurrent.ThreadPoolExecutor.getTask(ThreadPoolExecutor.java:1073)
        at java.util.concurrent.ThreadPoolExecutor.runWorker(ThreadPoolExecutor.java:1134)
        at java.util.concurrent.ThreadPoolExecutor$Worker.run(ThreadPoolExecutor.java:624)
        at java.lang.Thread.run(Thread.java:750)
"BlockDeletingService#1" daemon prio=5 tid=487 timed_waiting
java.lang.Thread.State: TIMED_WAITING
        at sun.misc.Unsafe.park(Native Method)
        at java.util.concurrent.locks.LockSupport.parkNanos(LockSupport.java:215)
        at java.util.concurrent.locks.AbstractQueuedSynchronizer$ConditionObject.awaitNanos(AbstractQueuedSynchronizer.java:2078)
        at java.util.concurrent.ScheduledThreadPoolExecutor$DelayedWorkQueue.take(ScheduledThreadPoolExecutor.java:1093)
        at java.util.concurrent.ScheduledThreadPoolExecutor$DelayedWorkQueue.take(ScheduledThreadPoolExecutor.java:809)
        at java.util.concurrent.ThreadPoolExecutor.getTask(ThreadPoolExecutor.java:1074)
        at java.util.concurrent.ThreadPoolExecutor.runWorker(ThreadPoolExecutor.java:1134)
        at java.util.concurrent.ThreadPoolExecutor$Worker.run(ThreadPoolExecutor.java:624)
        at java.lang.Thread.run(Thread.java:750)
"IPC Server handler 13 on default port 37753" daemon prio=5 tid=70 timed_waiting
java.lang.Thread.State: TIMED_WAITING
        at sun.misc.Unsafe.park(Native Method)
        at java.util.concurrent.locks.LockSupport.parkNanos(LockSupport.java:215)
        at java.util.concurrent.locks.AbstractQueuedSynchronizer$ConditionObject.awaitNanos(AbstractQueuedSynchronizer.java:2078)
        at java.util.concurrent.LinkedBlockingQueue.poll(LinkedBlockingQueue.java:467)
        at org.apache.hadoop.ipc.CallQueueManager.take(CallQueueManager.java:317)
        at org.apache.hadoop.ipc.Server$Handler.run(Server.java:2942)
"IPC Server handler 2 on default port 34213" daemon prio=5 tid=39 timed_waiting
java.lang.Thread.State: TIMED_WAITING
        at sun.misc.Unsafe.park(Native Method)
        at java.util.concurrent.locks.LockSupport.parkNanos(LockSupport.java:215)
        at java.util.concurrent.locks.AbstractQueuedSynchronizer$ConditionObject.awaitNanos(AbstractQueuedSynchronizer.java:2078)
        at java.util.concurrent.LinkedBlockingQueue.poll(LinkedBlockingQueue.java:467)
        at org.apache.hadoop.ipc.CallQueueManager.take(CallQueueManager.java:317)
        at org.apache.hadoop.ipc.Server$Handler.run(Server.java:2942)
"Socket Reader #1 for port 0"  prio=5 tid=28 runnable
java.lang.Thread.State: RUNNABLE
        at sun.nio.ch.EPollArrayWrapper.epollWait(Native Method)
        at sun.nio.ch.EPollArrayWrapper.poll(EPollArrayWrapper.java:269)
        at sun.nio.ch.EPollSelectorImpl.doSelect(EPollSelectorImpl.java:93)
        at sun.nio.ch.SelectorImpl.lockAndDoSelect(SelectorImpl.java:86)
        at sun.nio.ch.SelectorImpl.select(SelectorImpl.java:97)
        at sun.nio.ch.SelectorImpl.select(SelectorImpl.java:101)
        at org.apache.hadoop.ipc.Server$Listener$Reader.doRunLoop(Server.java:1296)
        at org.apache.hadoop.ipc.Server$Listener$Reader.run(Server.java:1275)
"BlockDeletingService#2" daemon prio=5 tid=909 in Object.wait()
java.lang.Thread.State: WAITING (on object monitor)
        at sun.misc.Unsafe.park(Native Method)
        at java.util.concurrent.locks.LockSupport.park(LockSupport.java:175)
        at java.util.concurrent.locks.AbstractQueuedSynchronizer$ConditionObject.await(AbstractQueuedSynchronizer.java:2039)
        at java.util.concurrent.ScheduledThreadPoolExecutor$DelayedWorkQueue.take(ScheduledThreadPoolExecutor.java:1088)
        at java.util.concurrent.ScheduledThreadPoolExecutor$DelayedWorkQueue.take(ScheduledThreadPoolExecutor.java:809)
        at java.util.concurrent.ThreadPoolExecutor.getTask(ThreadPoolExecutor.java:1074)
        at java.util.concurrent.ThreadPoolExecutor.runWorker(ThreadPoolExecutor.java:1134)
        at java.util.concurrent.ThreadPoolExecutor$Worker.run(ThreadPoolExecutor.java:624)
        at java.lang.Thread.run(Thread.java:750)
"IPC Server handler 16 on default port 34213" daemon prio=5 tid=53 timed_waiting
java.lang.Thread.State: TIMED_WAITING
        at sun.misc.Unsafe.park(Native Method)
        at java.util.concurrent.locks.LockSupport.parkNanos(LockSupport.java:215)
        at java.util.concurrent.locks.AbstractQueuedSynchronizer$ConditionObject.awaitNanos(AbstractQueuedSynchronizer.java:2078)
        at java.util.concurrent.LinkedBlockingQueue.poll(LinkedBlockingQueue.java:467)
        at org.apache.hadoop.ipc.CallQueueManager.take(CallQueueManager.java:317)
        at org.apache.hadoop.ipc.Server$Handler.run(Server.java:2942)
"qtp2019923144-138" daemon prio=5 tid=138 timed_waiting
java.lang.Thread.State: TIMED_WAITING
        at sun.misc.Unsafe.park(Native Method)
        at java.util.concurrent.locks.LockSupport.parkNanos(LockSupport.java:215)
        at java.util.concurrent.locks.AbstractQueuedSynchronizer$ConditionObject.awaitNanos(AbstractQueuedSynchronizer.java:2078)
        at org.eclipse.jetty.util.BlockingArrayQueue.poll(BlockingArrayQueue.java:382)
        at org.eclipse.jetty.util.thread.QueuedThreadPool$Runner.idleJobPoll(QueuedThreadPool.java:974)
        at org.eclipse.jetty.util.thread.QueuedThreadPool$Runner.run(QueuedThreadPool.java:1018)
        at java.lang.Thread.run(Thread.java:750)
"qtp47095269-454" daemon prio=5 tid=454 timed_waiting
java.lang.Thread.State: TIMED_WAITING
        at sun.misc.Unsafe.park(Native Method)
        at java.util.concurrent.locks.LockSupport.parkNanos(LockSupport.java:215)
        at java.util.concurrent.locks.AbstractQueuedSynchronizer$ConditionObject.awaitNanos(AbstractQueuedSynchronizer.java:2078)
        at org.eclipse.jetty.util.BlockingArrayQueue.poll(BlockingArrayQueue.java:382)
        at org.eclipse.jetty.util.thread.QueuedThreadPool$Runner.idleJobPoll(QueuedThreadPool.java:974)
        at org.eclipse.jetty.util.thread.QueuedThreadPool$Runner.run(QueuedThreadPool.java:1018)
        at java.lang.Thread.run(Thread.java:750)
"timer6" daemon prio=5 tid=719 timed_waiting
java.lang.Thread.State: TIMED_WAITING
        at java.lang.Object.wait(Native Method)
        at java.util.TimerThread.mainLoop(Timer.java:552)
        at java.util.TimerThread.run(Timer.java:505)
"IPC Server handler 3 on default port 34213" daemon prio=5 tid=40 timed_waiting
java.lang.Thread.State: TIMED_WAITING
        at sun.misc.Unsafe.park(Native Method)
        at java.util.concurrent.locks.LockSupport.parkNanos(LockSupport.java:215)
        at java.util.concurrent.locks.AbstractQueuedSynchronizer$ConditionObject.awaitNanos(AbstractQueuedSynchronizer.java:2078)
        at java.util.concurrent.LinkedBlockingQueue.poll(LinkedBlockingQueue.java:467)
        at org.apache.hadoop.ipc.CallQueueManager.take(CallQueueManager.java:317)
        at org.apache.hadoop.ipc.Server$Handler.run(Server.java:2942)
"EventQueue-CloseContainerForCloseContainerEventHandler" daemon prio=5 tid=804 in Object.wait()
java.lang.Thread.State: WAITING (on object monitor)
        at sun.misc.Unsafe.park(Native Method)
        at java.util.concurrent.locks.LockSupport.park(LockSupport.java:175)
        at java.util.concurrent.locks.AbstractQueuedSynchronizer$ConditionObject.await(AbstractQueuedSynchronizer.java:2039)
        at java.util.concurrent.LinkedBlockingQueue.take(LinkedBlockingQueue.java:442)
        at java.util.concurrent.ThreadPoolExecutor.getTask(ThreadPoolExecutor.java:1074)
        at java.util.concurrent.ThreadPoolExecutor.runWorker(ThreadPoolExecutor.java:1134)
        at java.util.concurrent.ThreadPoolExecutor$Worker.run(ThreadPoolExecutor.java:624)
        at java.lang.Thread.run(Thread.java:750)
"9d921ae2-dac8-442e-8311-fdc102c02170@group-EF2AFB36FD63->aa3e6641-ac34-45f8-85b4-6614ff527932-GrpcLogAppender-LogAppenderDaemon" daemon prio=5 tid=822 timed_waiting
java.lang.Thread.State: TIMED_WAITING
        at sun.misc.Unsafe.park(Native Method)
        at java.util.concurrent.locks.LockSupport.parkNanos(LockSupport.java:215)
        at java.util.concurrent.CompletableFuture$Signaller.block(CompletableFuture.java:1709)
        at java.util.concurrent.ForkJoinPool.managedBlock(ForkJoinPool.java:3323)
        at java.util.concurrent.CompletableFuture.timedGet(CompletableFuture.java:1788)
        at java.util.concurrent.CompletableFuture.get(CompletableFuture.java:1928)
        at org.apache.ratis.util.AwaitForSignal.await(AwaitForSignal.java:56)
        at org.apache.ratis.grpc.server.GrpcLogAppender.mayWait(GrpcLogAppender.java:198)
        at org.apache.ratis.grpc.server.GrpcLogAppender.run(GrpcLogAppender.java:148)
        at org.apache.ratis.server.leader.LogAppenderDaemon.run(LogAppenderDaemon.java:78)
        at org.apache.ratis.server.leader.LogAppenderDaemon$$Lambda$1049/2105102615.run(Unknown Source)
        at java.lang.Thread.run(Thread.java:750)
"pool-237-thread-1"  prio=5 tid=649 in Object.wait()
java.lang.Thread.State: WAITING (on object monitor)
        at sun.misc.Unsafe.park(Native Method)
        at java.util.concurrent.locks.LockSupport.park(LockSupport.java:175)
        at java.util.concurrent.locks.AbstractQueuedSynchronizer$ConditionObject.await(AbstractQueuedSynchronizer.java:2039)
        at java.util.concurrent.LinkedBlockingQueue.take(LinkedBlockingQueue.java:442)
        at java.util.concurrent.ThreadPoolExecutor.getTask(ThreadPoolExecutor.java:1074)
        at java.util.concurrent.ThreadPoolExecutor.runWorker(ThreadPoolExecutor.java:1134)
        at java.util.concurrent.ThreadPoolExecutor$Worker.run(ThreadPoolExecutor.java:624)
        at java.lang.Thread.run(Thread.java:750)
"StaleRecoveringContainerScrubbingService#1" daemon prio=5 tid=476 timed_waiting
java.lang.Thread.State: TIMED_WAITING
        at sun.misc.Unsafe.park(Native Method)
        at java.util.concurrent.locks.LockSupport.parkNanos(LockSupport.java:215)
        at java.util.concurrent.locks.AbstractQueuedSynchronizer$ConditionObject.awaitNanos(AbstractQueuedSynchronizer.java:2078)
        at java.util.concurrent.ScheduledThreadPoolExecutor$DelayedWorkQueue.take(ScheduledThreadPoolExecutor.java:1093)
        at java.util.concurrent.ScheduledThreadPoolExecutor$DelayedWorkQueue.take(ScheduledThreadPoolExecutor.java:809)
        at java.util.concurrent.ThreadPoolExecutor.getTask(ThreadPoolExecutor.java:1074)
        at java.util.concurrent.ThreadPoolExecutor.runWorker(ThreadPoolExecutor.java:1134)
        at java.util.concurrent.ThreadPoolExecutor$Worker.run(ThreadPoolExecutor.java:624)
        at java.lang.Thread.run(Thread.java:750)
"Datanode State Machine Task Thread - 0"  prio=5 tid=271 in Object.wait()
java.lang.Thread.State: WAITING (on object monitor)
        at sun.misc.Unsafe.park(Native Method)
        at java.util.concurrent.locks.LockSupport.park(LockSupport.java:175)
        at java.util.concurrent.locks.AbstractQueuedSynchronizer$ConditionObject.await(AbstractQueuedSynchronizer.java:2039)
        at java.util.concurrent.LinkedBlockingQueue.take(LinkedBlockingQueue.java:442)
        at java.util.concurrent.ThreadPoolExecutor.getTask(ThreadPoolExecutor.java:1074)
        at java.util.concurrent.ThreadPoolExecutor.runWorker(ThreadPoolExecutor.java:1134)
        at java.util.concurrent.ThreadPoolExecutor$Worker.run(ThreadPoolExecutor.java:624)
        at java.lang.Thread.run(Thread.java:750)
"IPC Server handler 12 on default port 37753" daemon prio=5 tid=69 timed_waiting
java.lang.Thread.State: TIMED_WAITING
        at sun.misc.Unsafe.park(Native Method)
        at java.util.concurrent.locks.LockSupport.parkNanos(LockSupport.java:215)
        at java.util.concurrent.locks.AbstractQueuedSynchronizer$ConditionObject.awaitNanos(AbstractQueuedSynchronizer.java:2078)
        at java.util.concurrent.LinkedBlockingQueue.poll(LinkedBlockingQueue.java:467)
        at org.apache.hadoop.ipc.CallQueueManager.take(CallQueueManager.java:317)
        at org.apache.hadoop.ipc.Server$Handler.run(Server.java:2942)
"qtp117897905-371" daemon prio=5 tid=371 runnable
java.lang.Thread.State: RUNNABLE
        at sun.nio.ch.EPollArrayWrapper.epollWait(Native Method)
        at sun.nio.ch.EPollArrayWrapper.poll(EPollArrayWrapper.java:269)
        at sun.nio.ch.EPollSelectorImpl.doSelect(EPollSelectorImpl.java:93)
        at sun.nio.ch.SelectorImpl.lockAndDoSelect(SelectorImpl.java:86)
        at sun.nio.ch.SelectorImpl.select(SelectorImpl.java:97)
        at sun.nio.ch.SelectorImpl.select(SelectorImpl.java:101)
        at org.eclipse.jetty.io.ManagedSelector.nioSelect(ManagedSelector.java:183)
        at org.eclipse.jetty.io.ManagedSelector.select(ManagedSelector.java:190)
        at org.eclipse.jetty.io.ManagedSelector$SelectorProducer.select(ManagedSelector.java:606)
        at org.eclipse.jetty.io.ManagedSelector$SelectorProducer.produce(ManagedSelector.java:543)
        at org.eclipse.jetty.util.thread.strategy.EatWhatYouKill.produceTask(EatWhatYouKill.java:362)
        at org.eclipse.jetty.util.thread.strategy.EatWhatYouKill.doProduce(EatWhatYouKill.java:186)
        at org.eclipse.jetty.util.thread.strategy.EatWhatYouKill.tryProduce(EatWhatYouKill.java:173)
        at org.eclipse.jetty.util.thread.strategy.EatWhatYouKill.produce(EatWhatYouKill.java:137)
        at org.eclipse.jetty.io.ManagedSelector$$Lambda$446/1148867963.run(Unknown Source)
        at org.eclipse.jetty.util.thread.QueuedThreadPool.runJob(QueuedThreadPool.java:883)
        at org.eclipse.jetty.util.thread.QueuedThreadPool$Runner.run(QueuedThreadPool.java:1034)
        at java.lang.Thread.run(Thread.java:750)
"qtp2019923144-142" daemon prio=5 tid=142 timed_waiting
java.lang.Thread.State: TIMED_WAITING
        at sun.misc.Unsafe.park(Native Method)
        at java.util.concurrent.locks.LockSupport.parkNanos(LockSupport.java:215)
        at java.util.concurrent.locks.AbstractQueuedSynchronizer$ConditionObject.awaitNanos(AbstractQueuedSynchronizer.java:2078)
        at org.eclipse.jetty.util.BlockingArrayQueue.poll(BlockingArrayQueue.java:382)
        at org.eclipse.jetty.util.thread.QueuedThreadPool$Runner.idleJobPoll(QueuedThreadPool.java:974)
        at org.eclipse.jetty.util.thread.QueuedThreadPool$Runner.run(QueuedThreadPool.java:1018)
        at java.lang.Thread.run(Thread.java:750)
"Datanode State Machine Task Thread - 0"  prio=5 tid=245 in Object.wait()
java.lang.Thread.State: WAITING (on object monitor)
        at sun.misc.Unsafe.park(Native Method)
        at java.util.concurrent.locks.LockSupport.park(LockSupport.java:175)
        at java.util.concurrent.locks.AbstractQueuedSynchronizer$ConditionObject.await(AbstractQueuedSynchronizer.java:2039)
        at java.util.concurrent.LinkedBlockingQueue.take(LinkedBlockingQueue.java:442)
        at java.util.concurrent.ThreadPoolExecutor.getTask(ThreadPoolExecutor.java:1074)
        at java.util.concurrent.ThreadPoolExecutor.runWorker(ThreadPoolExecutor.java:1134)
        at java.util.concurrent.ThreadPoolExecutor$Worker.run(ThreadPoolExecutor.java:624)
        at java.lang.Thread.run(Thread.java:750)
"StaleRecoveringContainerScrubbingService#2" daemon prio=5 tid=897 in Object.wait()
java.lang.Thread.State: WAITING (on object monitor)
        at sun.misc.Unsafe.park(Native Method)
        at java.util.concurrent.locks.LockSupport.park(LockSupport.java:175)
        at java.util.concurrent.locks.AbstractQueuedSynchronizer$ConditionObject.await(AbstractQueuedSynchronizer.java:2039)
        at java.util.concurrent.ScheduledThreadPoolExecutor$DelayedWorkQueue.take(ScheduledThreadPoolExecutor.java:1088)
        at java.util.concurrent.ScheduledThreadPoolExecutor$DelayedWorkQueue.take(ScheduledThreadPoolExecutor.java:809)
        at java.util.concurrent.ThreadPoolExecutor.getTask(ThreadPoolExecutor.java:1074)
        at java.util.concurrent.ThreadPoolExecutor.runWorker(ThreadPoolExecutor.java:1134)
        at java.util.concurrent.ThreadPoolExecutor$Worker.run(ThreadPoolExecutor.java:624)
        at java.lang.Thread.run(Thread.java:750)
"IPC Server Responder" daemon prio=5 tid=34 runnable
java.lang.Thread.State: RUNNABLE
        at sun.nio.ch.EPollArrayWrapper.epollWait(Native Method)
        at sun.nio.ch.EPollArrayWrapper.poll(EPollArrayWrapper.java:269)
        at sun.nio.ch.EPollSelectorImpl.doSelect(EPollSelectorImpl.java:93)
        at sun.nio.ch.SelectorImpl.lockAndDoSelect(SelectorImpl.java:86)
        at sun.nio.ch.SelectorImpl.select(SelectorImpl.java:97)
        at org.apache.hadoop.ipc.Server$Responder.doRunLoop(Server.java:1532)
        at org.apache.hadoop.ipc.Server$Responder.run(Server.java:1515)
"7b6afef0-558a-4ad8-bcfc-b2255c7aee53@group-1A113F53DBAA-LeaderStateImpl" daemon prio=5 tid=799 timed_waiting
java.lang.Thread.State: TIMED_WAITING
        at sun.misc.Unsafe.park(Native Method)
        at java.util.concurrent.locks.LockSupport.parkNanos(LockSupport.java:215)
        at java.util.concurrent.locks.AbstractQueuedSynchronizer$ConditionObject.awaitNanos(AbstractQueuedSynchronizer.java:2078)
        at java.util.concurrent.ArrayBlockingQueue.poll(ArrayBlockingQueue.java:418)
        at org.apache.ratis.server.impl.LeaderStateImpl$EventQueue.poll(LeaderStateImpl.java:159)
        at org.apache.ratis.server.impl.LeaderStateImpl$EventProcessor.run(LeaderStateImpl.java:630)
"IPC Server handler 7 on default port 42141" daemon prio=5 tid=151 timed_waiting
java.lang.Thread.State: TIMED_WAITING
        at sun.misc.Unsafe.park(Native Method)
        at java.util.concurrent.locks.LockSupport.parkNanos(LockSupport.java:215)
        at java.util.concurrent.locks.AbstractQueuedSynchronizer$ConditionObject.awaitNanos(AbstractQueuedSynchronizer.java:2078)
        at java.util.concurrent.LinkedBlockingQueue.poll(LinkedBlockingQueue.java:467)
        at org.apache.hadoop.ipc.CallQueueManager.take(CallQueueManager.java:317)
        at org.apache.hadoop.ipc.Server$Handler.run(Server.java:2942)
"aa3e6641-ac34-45f8-85b4-6614ff527932-server-thread3" daemon prio=5 tid=829 timed_waiting
java.lang.Thread.State: TIMED_WAITING
        at sun.misc.Unsafe.park(Native Method)
        at java.util.concurrent.locks.LockSupport.parkNanos(LockSupport.java:215)
        at java.util.concurrent.SynchronousQueue$TransferStack.awaitFulfill(SynchronousQueue.java:460)
        at java.util.concurrent.SynchronousQueue$TransferStack.transfer(SynchronousQueue.java:362)
        at java.util.concurrent.SynchronousQueue.poll(SynchronousQueue.java:941)
        at java.util.concurrent.ThreadPoolExecutor.getTask(ThreadPoolExecutor.java:1073)
        at java.util.concurrent.ThreadPoolExecutor.runWorker(ThreadPoolExecutor.java:1134)
        at java.util.concurrent.ThreadPoolExecutor$Worker.run(ThreadPoolExecutor.java:624)
        at java.lang.Thread.run(Thread.java:750)
"Datanode ReportManager Thread - 0" daemon prio=5 tid=264 in Object.wait()
java.lang.Thread.State: WAITING (on object monitor)
        at sun.misc.Unsafe.park(Native Method)
        at java.util.concurrent.locks.LockSupport.park(LockSupport.java:175)
        at java.util.concurrent.locks.AbstractQueuedSynchronizer$ConditionObject.await(AbstractQueuedSynchronizer.java:2039)
        at java.util.concurrent.ScheduledThreadPoolExecutor$DelayedWorkQueue.take(ScheduledThreadPoolExecutor.java:1088)
        at java.util.concurrent.ScheduledThreadPoolExecutor$DelayedWorkQueue.take(ScheduledThreadPoolExecutor.java:809)
        at java.util.concurrent.ThreadPoolExecutor.getTask(ThreadPoolExecutor.java:1074)
        at java.util.concurrent.ThreadPoolExecutor.runWorker(ThreadPoolExecutor.java:1134)
        at java.util.concurrent.ThreadPoolExecutor$Worker.run(ThreadPoolExecutor.java:624)
        at java.lang.Thread.run(Thread.java:750)
"grpc-default-boss-ELG-1-1" daemon prio=5 tid=128 runnable
java.lang.Thread.State: RUNNABLE
        at org.apache.ratis.thirdparty.io.netty.channel.epoll.Native.epollWait(Native Method)
        at org.apache.ratis.thirdparty.io.netty.channel.epoll.Native.epollWait(Native.java:209)
        at org.apache.ratis.thirdparty.io.netty.channel.epoll.Native.epollWait(Native.java:202)
        at org.apache.ratis.thirdparty.io.netty.channel.epoll.EpollEventLoop.epollWaitNoTimerChange(EpollEventLoop.java:294)
        at org.apache.ratis.thirdparty.io.netty.channel.epoll.EpollEventLoop.run(EpollEventLoop.java:351)
        at org.apache.ratis.thirdparty.io.netty.util.concurrent.SingleThreadEventExecutor$4.run(SingleThreadEventExecutor.java:995)
        at org.apache.ratis.thirdparty.io.netty.util.internal.ThreadExecutorMap$2.run(ThreadExecutorMap.java:74)
        at org.apache.ratis.thirdparty.io.netty.util.concurrent.FastThreadLocalRunnable.run(FastThreadLocalRunnable.java:30)
        at java.lang.Thread.run(Thread.java:750)
"qtp39650278-230" daemon prio=5 tid=230 timed_waiting
java.lang.Thread.State: TIMED_WAITING
        at sun.misc.Unsafe.park(Native Method)
        at java.util.concurrent.locks.LockSupport.parkNanos(LockSupport.java:215)
        at java.util.concurrent.locks.AbstractQueuedSynchronizer$ConditionObject.awaitNanos(AbstractQueuedSynchronizer.java:2078)
        at org.eclipse.jetty.util.BlockingArrayQueue.poll(BlockingArrayQueue.java:382)
        at org.eclipse.jetty.util.thread.QueuedThreadPool$Runner.idleJobPoll(QueuedThreadPool.java:974)
        at org.eclipse.jetty.util.thread.QueuedThreadPool$Runner.run(QueuedThreadPool.java:1018)
        at java.lang.Thread.run(Thread.java:750)
"ChunkReader-1" daemon prio=5 tid=778 in Object.wait()
java.lang.Thread.State: WAITING (on object monitor)
        at sun.misc.Unsafe.park(Native Method)
        at java.util.concurrent.locks.LockSupport.park(LockSupport.java:175)
        at java.util.concurrent.locks.AbstractQueuedSynchronizer$ConditionObject.await(AbstractQueuedSynchronizer.java:2039)
        at java.util.concurrent.LinkedBlockingQueue.take(LinkedBlockingQueue.java:442)
        at java.util.concurrent.ThreadPoolExecutor.getTask(ThreadPoolExecutor.java:1074)
        at java.util.concurrent.ThreadPoolExecutor.runWorker(ThreadPoolExecutor.java:1134)
        at java.util.concurrent.ThreadPoolExecutor$Worker.run(ThreadPoolExecutor.java:624)
        at java.lang.Thread.run(Thread.java:750)
"9d921ae2-dac8-442e-8311-fdc102c02170@group-6F4198D0503B-SegmentedRaftLogWorker"  prio=5 tid=634 timed_waiting
java.lang.Thread.State: TIMED_WAITING
        at sun.misc.Unsafe.park(Native Method)
        at java.util.concurrent.locks.LockSupport.parkNanos(LockSupport.java:215)
        at java.util.concurrent.locks.AbstractQueuedSynchronizer$ConditionObject.awaitNanos(AbstractQueuedSynchronizer.java:2078)
        at org.apache.ratis.util.DataBlockingQueue.poll(DataBlockingQueue.java:148)
        at org.apache.ratis.server.raftlog.segmented.SegmentedRaftLogWorker.run(SegmentedRaftLogWorker.java:310)
        at org.apache.ratis.server.raftlog.segmented.SegmentedRaftLogWorker$$Lambda$665/1172168715.run(Unknown Source)
        at java.lang.Thread.run(Thread.java:750)
"qtp1527666058-308-acceptor-0@11a46ce5-ServerConnector@25ff482a{HTTP/1.1, (http/1.1)}{0.0.0.0:45901}" daemon prio=3 tid=308 runnable
java.lang.Thread.State: RUNNABLE
        at sun.nio.ch.ServerSocketChannelImpl.accept0(Native Method)
        at sun.nio.ch.ServerSocketChannelImpl.accept(ServerSocketChannelImpl.java:421)
        at sun.nio.ch.ServerSocketChannelImpl.accept(ServerSocketChannelImpl.java:249)
        at org.eclipse.jetty.server.ServerConnector.accept(ServerConnector.java:388)
        at org.eclipse.jetty.server.AbstractConnector$Acceptor.run(AbstractConnector.java:704)
        at org.eclipse.jetty.util.thread.QueuedThreadPool.runJob(QueuedThreadPool.java:883)
        at org.eclipse.jetty.util.thread.QueuedThreadPool$Runner.run(QueuedThreadPool.java:1034)
        at java.lang.Thread.run(Thread.java:750)
"qtp1527666058-310" daemon prio=5 tid=310 timed_waiting
java.lang.Thread.State: TIMED_WAITING
        at sun.misc.Unsafe.park(Native Method)
        at java.util.concurrent.locks.LockSupport.parkNanos(LockSupport.java:215)
        at java.util.concurrent.locks.AbstractQueuedSynchronizer$ConditionObject.awaitNanos(AbstractQueuedSynchronizer.java:2078)
        at org.eclipse.jetty.util.BlockingArrayQueue.poll(BlockingArrayQueue.java:382)
        at org.eclipse.jetty.util.thread.QueuedThreadPool$Runner.idleJobPoll(QueuedThreadPool.java:974)
        at org.eclipse.jetty.util.thread.QueuedThreadPool$Runner.run(QueuedThreadPool.java:1018)
        at java.lang.Thread.run(Thread.java:750)
"IPC Server handler 7 on default port 43219" daemon prio=5 tid=84 timed_waiting
java.lang.Thread.State: TIMED_WAITING
        at sun.misc.Unsafe.park(Native Method)
        at java.util.concurrent.locks.LockSupport.parkNanos(LockSupport.java:215)
        at java.util.concurrent.locks.AbstractQueuedSynchronizer$ConditionObject.awaitNanos(AbstractQueuedSynchronizer.java:2078)
        at java.util.concurrent.LinkedBlockingQueue.poll(LinkedBlockingQueue.java:467)
        at org.apache.hadoop.ipc.CallQueueManager.take(CallQueueManager.java:317)
        at org.apache.hadoop.ipc.Server$Handler.run(Server.java:2942)
"PartialTableCache Cleanup Thread - 0" daemon prio=5 tid=891 in Object.wait()
java.lang.Thread.State: WAITING (on object monitor)
        at sun.misc.Unsafe.park(Native Method)
        at java.util.concurrent.locks.LockSupport.park(LockSupport.java:175)
        at java.util.concurrent.locks.AbstractQueuedSynchronizer$ConditionObject.await(AbstractQueuedSynchronizer.java:2039)
        at java.util.concurrent.LinkedBlockingQueue.take(LinkedBlockingQueue.java:442)
        at java.util.concurrent.ThreadPoolExecutor.getTask(ThreadPoolExecutor.java:1074)
        at java.util.concurrent.ThreadPoolExecutor.runWorker(ThreadPoolExecutor.java:1134)
        at java.util.concurrent.ThreadPoolExecutor$Worker.run(ThreadPoolExecutor.java:624)
        at java.lang.Thread.run(Thread.java:750)
"qtp117897905-378" daemon prio=5 tid=378 timed_waiting
java.lang.Thread.State: TIMED_WAITING
        at sun.misc.Unsafe.park(Native Method)
        at java.util.concurrent.locks.LockSupport.parkNanos(LockSupport.java:215)
        at java.util.concurrent.locks.AbstractQueuedSynchronizer$ConditionObject.awaitNanos(AbstractQueuedSynchronizer.java:2078)
        at org.eclipse.jetty.util.BlockingArrayQueue.poll(BlockingArrayQueue.java:382)
        at org.eclipse.jetty.util.thread.QueuedThreadPool$Runner.idleJobPoll(QueuedThreadPool.java:974)
        at org.eclipse.jetty.util.thread.QueuedThreadPool$Runner.run(QueuedThreadPool.java:1018)
        at java.lang.Thread.run(Thread.java:750)
"BlockDeletingService#0" daemon prio=5 tid=543 in Object.wait()
java.lang.Thread.State: WAITING (on object monitor)
        at sun.misc.Unsafe.park(Native Method)
        at java.util.concurrent.locks.LockSupport.park(LockSupport.java:175)
        at java.util.concurrent.locks.AbstractQueuedSynchronizer$ConditionObject.await(AbstractQueuedSynchronizer.java:2039)
        at java.util.concurrent.ScheduledThreadPoolExecutor$DelayedWorkQueue.take(ScheduledThreadPoolExecutor.java:1088)
        at java.util.concurrent.ScheduledThreadPoolExecutor$DelayedWorkQueue.take(ScheduledThreadPoolExecutor.java:809)
        at java.util.concurrent.ThreadPoolExecutor.getTask(ThreadPoolExecutor.java:1074)
        at java.util.concurrent.ThreadPoolExecutor.runWorker(ThreadPoolExecutor.java:1134)
        at java.util.concurrent.ThreadPoolExecutor$Worker.run(ThreadPoolExecutor.java:624)
        at java.lang.Thread.run(Thread.java:750)
"pool-196-thread-1"  prio=5 tid=305 timed_waiting
java.lang.Thread.State: TIMED_WAITING
        at sun.misc.Unsafe.park(Native Method)
        at java.util.concurrent.locks.LockSupport.parkNanos(LockSupport.java:215)
        at java.util.concurrent.locks.AbstractQueuedSynchronizer$ConditionObject.awaitNanos(AbstractQueuedSynchronizer.java:2078)
        at java.util.concurrent.ScheduledThreadPoolExecutor$DelayedWorkQueue.take(ScheduledThreadPoolExecutor.java:1093)
        at java.util.concurrent.ScheduledThreadPoolExecutor$DelayedWorkQueue.take(ScheduledThreadPoolExecutor.java:809)
        at java.util.concurrent.ThreadPoolExecutor.getTask(ThreadPoolExecutor.java:1074)
        at java.util.concurrent.ThreadPoolExecutor.runWorker(ThreadPoolExecutor.java:1134)
        at java.util.concurrent.ThreadPoolExecutor$Worker.run(ThreadPoolExecutor.java:624)
        at java.lang.Thread.run(Thread.java:750)
"ChunkWriter-3-0" daemon prio=5 tid=540 in Object.wait()
java.lang.Thread.State: WAITING (on object monitor)
        at sun.misc.Unsafe.park(Native Method)
        at java.util.concurrent.locks.LockSupport.park(LockSupport.java:175)
        at java.util.concurrent.locks.AbstractQueuedSynchronizer$ConditionObject.await(AbstractQueuedSynchronizer.java:2039)
        at java.util.concurrent.LinkedBlockingDeque.takeFirst(LinkedBlockingDeque.java:492)
        at java.util.concurrent.LinkedBlockingDeque.take(LinkedBlockingDeque.java:680)
        at java.util.concurrent.ThreadPoolExecutor.getTask(ThreadPoolExecutor.java:1074)
        at java.util.concurrent.ThreadPoolExecutor.runWorker(ThreadPoolExecutor.java:1134)
        at java.util.concurrent.ThreadPoolExecutor$Worker.run(ThreadPoolExecutor.java:624)
        at java.lang.Thread.run(Thread.java:750)
"org.apache.hadoop.ozone.container.common.statemachine.commandhandler.DeleteBlocksCommandHandler$DeleteCmdWorker@7cead8f9" daemon prio=5 tid=445 timed_waiting
java.lang.Thread.State: TIMED_WAITING
        at java.lang.Thread.sleep(Native Method)
        at org.apache.hadoop.ozone.container.common.statemachine.commandhandler.DeleteBlocksCommandHandler$DeleteCmdWorker.run(DeleteBlocksCommandHandler.java:183)
        at java.lang.Thread.run(Thread.java:750)
"ChunkReader-ELG-0" daemon prio=5 tid=542 runnable
java.lang.Thread.State: RUNNABLE
        at org.apache.ratis.thirdparty.io.netty.channel.epoll.Native.epollWait0(Native Method)
        at org.apache.ratis.thirdparty.io.netty.channel.epoll.Native.epollWait(Native.java:182)
        at org.apache.ratis.thirdparty.io.netty.channel.epoll.EpollEventLoop.epollWait(EpollEventLoop.java:290)
        at org.apache.ratis.thirdparty.io.netty.channel.epoll.EpollEventLoop.run(EpollEventLoop.java:354)
        at org.apache.ratis.thirdparty.io.netty.util.concurrent.SingleThreadEventExecutor$4.run(SingleThreadEventExecutor.java:995)
        at org.apache.ratis.thirdparty.io.netty.util.internal.ThreadExecutorMap$2.run(ThreadExecutorMap.java:74)
        at java.lang.Thread.run(Thread.java:750)
"pool-210-thread-1"  prio=5 tid=637 in Object.wait()
java.lang.Thread.State: WAITING (on object monitor)
        at sun.misc.Unsafe.park(Native Method)
        at java.util.concurrent.locks.LockSupport.park(LockSupport.java:175)
        at java.util.concurrent.locks.AbstractQueuedSynchronizer$ConditionObject.await(AbstractQueuedSynchronizer.java:2039)
        at java.util.concurrent.LinkedBlockingQueue.take(LinkedBlockingQueue.java:442)
        at java.util.concurrent.ThreadPoolExecutor.getTask(ThreadPoolExecutor.java:1074)
        at java.util.concurrent.ThreadPoolExecutor.runWorker(ThreadPoolExecutor.java:1134)
        at java.util.concurrent.ThreadPoolExecutor$Worker.run(ThreadPoolExecutor.java:624)
        at java.lang.Thread.run(Thread.java:750)
"IPC Server handler 1 on default port 34213" daemon prio=5 tid=38 timed_waiting
java.lang.Thread.State: TIMED_WAITING
        at sun.misc.Unsafe.park(Native Method)
        at java.util.concurrent.locks.LockSupport.parkNanos(LockSupport.java:215)
        at java.util.concurrent.locks.AbstractQueuedSynchronizer$ConditionObject.awaitNanos(AbstractQueuedSynchronizer.java:2078)
        at java.util.concurrent.LinkedBlockingQueue.poll(LinkedBlockingQueue.java:467)
        at org.apache.hadoop.ipc.CallQueueManager.take(CallQueueManager.java:317)
        at org.apache.hadoop.ipc.Server$Handler.run(Server.java:2942)
"IPC Server handler 2 on default port 42141" daemon prio=5 tid=146 timed_waiting
java.lang.Thread.State: TIMED_WAITING
        at sun.misc.Unsafe.park(Native Method)
        at java.util.concurrent.locks.LockSupport.parkNanos(LockSupport.java:215)
        at java.util.concurrent.locks.AbstractQueuedSynchronizer$ConditionObject.awaitNanos(AbstractQueuedSynchronizer.java:2078)
        at java.util.concurrent.LinkedBlockingQueue.poll(LinkedBlockingQueue.java:467)
        at org.apache.hadoop.ipc.CallQueueManager.take(CallQueueManager.java:317)
        at org.apache.hadoop.ipc.Server$Handler.run(Server.java:2942)
"ChunkWriter-0-0" daemon prio=5 tid=524 in Object.wait()
java.lang.Thread.State: WAITING (on object monitor)
        at sun.misc.Unsafe.park(Native Method)
        at java.util.concurrent.locks.LockSupport.park(LockSupport.java:175)
        at java.util.concurrent.locks.AbstractQueuedSynchronizer$ConditionObject.await(AbstractQueuedSynchronizer.java:2039)
        at java.util.concurrent.LinkedBlockingDeque.takeFirst(LinkedBlockingDeque.java:492)
        at java.util.concurrent.LinkedBlockingDeque.take(LinkedBlockingDeque.java:680)
        at java.util.concurrent.ThreadPoolExecutor.getTask(ThreadPoolExecutor.java:1074)
        at java.util.concurrent.ThreadPoolExecutor.runWorker(ThreadPoolExecutor.java:1134)
        at java.util.concurrent.ThreadPoolExecutor$Worker.run(ThreadPoolExecutor.java:624)
        at java.lang.Thread.run(Thread.java:750)
"EventQueue-StaleNodeForStaleNodeHandler" daemon prio=5 tid=803 in Object.wait()
java.lang.Thread.State: WAITING (on object monitor)
        at sun.misc.Unsafe.park(Native Method)
        at java.util.concurrent.locks.LockSupport.park(LockSupport.java:175)
        at java.util.concurrent.locks.AbstractQueuedSynchronizer$ConditionObject.await(AbstractQueuedSynchronizer.java:2039)
        at java.util.concurrent.LinkedBlockingQueue.take(LinkedBlockingQueue.java:442)
        at java.util.concurrent.ThreadPoolExecutor.getTask(ThreadPoolExecutor.java:1074)
        at java.util.concurrent.ThreadPoolExecutor.runWorker(ThreadPoolExecutor.java:1134)
        at java.util.concurrent.ThreadPoolExecutor$Worker.run(ThreadPoolExecutor.java:624)
        at java.lang.Thread.run(Thread.java:750)
"BlockDeletingService#0" daemon prio=5 tid=485 in Object.wait()
java.lang.Thread.State: WAITING (on object monitor)
        at sun.misc.Unsafe.park(Native Method)
        at java.util.concurrent.locks.LockSupport.park(LockSupport.java:175)
        at java.util.concurrent.locks.AbstractQueuedSynchronizer$ConditionObject.await(AbstractQueuedSynchronizer.java:2039)
        at java.util.concurrent.ScheduledThreadPoolExecutor$DelayedWorkQueue.take(ScheduledThreadPoolExecutor.java:1088)
        at java.util.concurrent.ScheduledThreadPoolExecutor$DelayedWorkQueue.take(ScheduledThreadPoolExecutor.java:809)
        at java.util.concurrent.ThreadPoolExecutor.getTask(ThreadPoolExecutor.java:1074)
        at java.util.concurrent.ThreadPoolExecutor.runWorker(ThreadPoolExecutor.java:1134)
        at java.util.concurrent.ThreadPoolExecutor$Worker.run(ThreadPoolExecutor.java:624)
        at java.lang.Thread.run(Thread.java:750)
"IPC Server Responder" daemon prio=5 tid=30 runnable
java.lang.Thread.State: RUNNABLE
        at sun.nio.ch.EPollArrayWrapper.epollWait(Native Method)
        at sun.nio.ch.EPollArrayWrapper.poll(EPollArrayWrapper.java:269)
        at sun.nio.ch.EPollSelectorImpl.doSelect(EPollSelectorImpl.java:93)
        at sun.nio.ch.SelectorImpl.lockAndDoSelect(SelectorImpl.java:86)
        at sun.nio.ch.SelectorImpl.select(SelectorImpl.java:97)
        at org.apache.hadoop.ipc.Server$Responder.doRunLoop(Server.java:1532)
        at org.apache.hadoop.ipc.Server$Responder.run(Server.java:1515)
"Datanode ReportManager Thread - 4" daemon prio=5 tid=349 in Object.wait()
java.lang.Thread.State: WAITING (on object monitor)
        at sun.misc.Unsafe.park(Native Method)
        at java.util.concurrent.locks.LockSupport.park(LockSupport.java:175)
        at java.util.concurrent.locks.AbstractQueuedSynchronizer$ConditionObject.await(AbstractQueuedSynchronizer.java:2039)
        at java.util.concurrent.ScheduledThreadPoolExecutor$DelayedWorkQueue.take(ScheduledThreadPoolExecutor.java:1088)
        at java.util.concurrent.ScheduledThreadPoolExecutor$DelayedWorkQueue.take(ScheduledThreadPoolExecutor.java:809)
        at java.util.concurrent.ThreadPoolExecutor.getTask(ThreadPoolExecutor.java:1074)
        at java.util.concurrent.ThreadPoolExecutor.runWorker(ThreadPoolExecutor.java:1134)
        at java.util.concurrent.ThreadPoolExecutor$Worker.run(ThreadPoolExecutor.java:624)
        at java.lang.Thread.run(Thread.java:750)
"d5dd9084-02e9-4cbc-a1b0-4846343450b9@group-EB7B5BA8336E-LeaderStateImpl" daemon prio=5 tid=880 timed_waiting
java.lang.Thread.State: TIMED_WAITING
        at sun.misc.Unsafe.park(Native Method)
        at java.util.concurrent.locks.LockSupport.parkNanos(LockSupport.java:215)
        at java.util.concurrent.locks.AbstractQueuedSynchronizer$ConditionObject.awaitNanos(AbstractQueuedSynchronizer.java:2078)
        at java.util.concurrent.ArrayBlockingQueue.poll(ArrayBlockingQueue.java:418)
        at org.apache.ratis.server.impl.LeaderStateImpl$EventQueue.poll(LeaderStateImpl.java:159)
        at org.apache.ratis.server.impl.LeaderStateImpl$EventProcessor.run(LeaderStateImpl.java:630)
"4117c80f-d61a-41ff-a958-d6b4139221af@group-DDFA6F1F1F28-StateMachineUpdater" daemon prio=5 tid=600 timed_waiting
java.lang.Thread.State: TIMED_WAITING
        at sun.misc.Unsafe.park(Native Method)
        at java.util.concurrent.locks.LockSupport.parkNanos(LockSupport.java:215)
        at java.util.concurrent.CompletableFuture$Signaller.block(CompletableFuture.java:1709)
        at java.util.concurrent.ForkJoinPool.managedBlock(ForkJoinPool.java:3323)
        at java.util.concurrent.CompletableFuture.timedGet(CompletableFuture.java:1788)
        at java.util.concurrent.CompletableFuture.get(CompletableFuture.java:1928)
        at org.apache.ratis.util.AwaitForSignal.await(AwaitForSignal.java:56)
        at org.apache.ratis.server.impl.StateMachineUpdater.waitForCommit(StateMachineUpdater.java:207)
        at org.apache.ratis.server.impl.StateMachineUpdater.run(StateMachineUpdater.java:176)
        at java.lang.Thread.run(Thread.java:750)
"pool-219-thread-1"  prio=5 tid=331 timed_waiting
java.lang.Thread.State: TIMED_WAITING
        at sun.misc.Unsafe.park(Native Method)
        at java.util.concurrent.locks.LockSupport.parkNanos(LockSupport.java:215)
        at java.util.concurrent.locks.AbstractQueuedSynchronizer$ConditionObject.awaitNanos(AbstractQueuedSynchronizer.java:2078)
        at java.util.concurrent.ScheduledThreadPoolExecutor$DelayedWorkQueue.take(ScheduledThreadPoolExecutor.java:1093)
        at java.util.concurrent.ScheduledThreadPoolExecutor$DelayedWorkQueue.take(ScheduledThreadPoolExecutor.java:809)
        at java.util.concurrent.ThreadPoolExecutor.getTask(ThreadPoolExecutor.java:1074)
        at java.util.concurrent.ThreadPoolExecutor.runWorker(ThreadPoolExecutor.java:1134)
        at java.util.concurrent.ThreadPoolExecutor$Worker.run(ThreadPoolExecutor.java:624)
        at java.lang.Thread.run(Thread.java:750)
"pool-264-thread-1"  prio=5 tid=644 in Object.wait()
java.lang.Thread.State: WAITING (on object monitor)
        at sun.misc.Unsafe.park(Native Method)
        at java.util.concurrent.locks.LockSupport.park(LockSupport.java:175)
        at java.util.concurrent.locks.AbstractQueuedSynchronizer$ConditionObject.await(AbstractQueuedSynchronizer.java:2039)
        at java.util.concurrent.LinkedBlockingQueue.take(LinkedBlockingQueue.java:442)
        at java.util.concurrent.ThreadPoolExecutor.getTask(ThreadPoolExecutor.java:1074)
        at java.util.concurrent.ThreadPoolExecutor.runWorker(ThreadPoolExecutor.java:1134)
        at java.util.concurrent.ThreadPoolExecutor$Worker.run(ThreadPoolExecutor.java:624)
        at java.lang.Thread.run(Thread.java:750)
"pool-64-thread-1" daemon prio=5 tid=168 timed_waiting
java.lang.Thread.State: TIMED_WAITING
        at sun.misc.Unsafe.park(Native Method)
        at java.util.concurrent.locks.LockSupport.parkNanos(LockSupport.java:215)
        at java.util.concurrent.locks.AbstractQueuedSynchronizer$ConditionObject.awaitNanos(AbstractQueuedSynchronizer.java:2078)
        at java.util.concurrent.ScheduledThreadPoolExecutor$DelayedWorkQueue.take(ScheduledThreadPoolExecutor.java:1093)
        at java.util.concurrent.ScheduledThreadPoolExecutor$DelayedWorkQueue.take(ScheduledThreadPoolExecutor.java:809)
        at java.util.concurrent.ThreadPoolExecutor.getTask(ThreadPoolExecutor.java:1074)
        at java.util.concurrent.ThreadPoolExecutor.runWorker(ThreadPoolExecutor.java:1134)
        at java.util.concurrent.ThreadPoolExecutor$Worker.run(ThreadPoolExecutor.java:624)
        at java.lang.Thread.run(Thread.java:750)
"Periodic HDDS volume checker" daemon prio=5 tid=166 timed_waiting
java.lang.Thread.State: TIMED_WAITING
        at sun.misc.Unsafe.park(Native Method)
        at java.util.concurrent.locks.LockSupport.parkNanos(LockSupport.java:215)
        at java.util.concurrent.locks.AbstractQueuedSynchronizer$ConditionObject.awaitNanos(AbstractQueuedSynchronizer.java:2078)
        at java.util.concurrent.ScheduledThreadPoolExecutor$DelayedWorkQueue.take(ScheduledThreadPoolExecutor.java:1093)
        at java.util.concurrent.ScheduledThreadPoolExecutor$DelayedWorkQueue.take(ScheduledThreadPoolExecutor.java:809)
        at java.util.concurrent.ThreadPoolExecutor.getTask(ThreadPoolExecutor.java:1074)
        at java.util.concurrent.ThreadPoolExecutor.runWorker(ThreadPoolExecutor.java:1134)
        at java.util.concurrent.ThreadPoolExecutor$Worker.run(ThreadPoolExecutor.java:624)
        at java.lang.Thread.run(Thread.java:750)
"IPC Server handler 4 on default port 43219" daemon prio=5 tid=81 timed_waiting
java.lang.Thread.State: TIMED_WAITING
        at sun.misc.Unsafe.park(Native Method)
        at java.util.concurrent.locks.LockSupport.parkNanos(LockSupport.java:215)
        at java.util.concurrent.locks.AbstractQueuedSynchronizer$ConditionObject.awaitNanos(AbstractQueuedSynchronizer.java:2078)
        at java.util.concurrent.LinkedBlockingQueue.poll(LinkedBlockingQueue.java:467)
        at org.apache.hadoop.ipc.CallQueueManager.take(CallQueueManager.java:317)
        at org.apache.hadoop.ipc.Server$Handler.run(Server.java:2942)
"Datanode ReportManager Thread - 2" daemon prio=5 tid=385 timed_waiting
java.lang.Thread.State: TIMED_WAITING
        at sun.misc.Unsafe.park(Native Method)
        at java.util.concurrent.locks.LockSupport.parkNanos(LockSupport.java:215)
        at java.util.concurrent.locks.AbstractQueuedSynchronizer$ConditionObject.awaitNanos(AbstractQueuedSynchronizer.java:2078)
        at java.util.concurrent.ScheduledThreadPoolExecutor$DelayedWorkQueue.take(ScheduledThreadPoolExecutor.java:1093)
        at java.util.concurrent.ScheduledThreadPoolExecutor$DelayedWorkQueue.take(ScheduledThreadPoolExecutor.java:809)
        at java.util.concurrent.ThreadPoolExecutor.getTask(ThreadPoolExecutor.java:1074)
        at java.util.concurrent.ThreadPoolExecutor.runWorker(ThreadPoolExecutor.java:1134)
        at java.util.concurrent.ThreadPoolExecutor$Worker.run(ThreadPoolExecutor.java:624)
        at java.lang.Thread.run(Thread.java:750)
"BlockDeletingService#0" daemon prio=5 tid=555 in Object.wait()
java.lang.Thread.State: WAITING (on object monitor)
        at sun.misc.Unsafe.park(Native Method)
        at java.util.concurrent.locks.LockSupport.park(LockSupport.java:175)
        at java.util.concurrent.locks.AbstractQueuedSynchronizer$ConditionObject.await(AbstractQueuedSynchronizer.java:2039)
        at java.util.concurrent.ScheduledThreadPoolExecutor$DelayedWorkQueue.take(ScheduledThreadPoolExecutor.java:1088)
        at java.util.concurrent.ScheduledThreadPoolExecutor$DelayedWorkQueue.take(ScheduledThreadPoolExecutor.java:809)
        at java.util.concurrent.ThreadPoolExecutor.getTask(ThreadPoolExecutor.java:1074)
        at java.util.concurrent.ThreadPoolExecutor.runWorker(ThreadPoolExecutor.java:1134)
        at java.util.concurrent.ThreadPoolExecutor$Worker.run(ThreadPoolExecutor.java:624)
        at java.lang.Thread.run(Thread.java:750)
"4117c80f-d61a-41ff-a958-d6b4139221af@group-DDFA6F1F1F28-LeaderStateImpl" daemon prio=5 tid=706 timed_waiting
java.lang.Thread.State: TIMED_WAITING
        at sun.misc.Unsafe.park(Native Method)
        at java.util.concurrent.locks.LockSupport.parkNanos(LockSupport.java:215)
        at java.util.concurrent.locks.AbstractQueuedSynchronizer$ConditionObject.awaitNanos(AbstractQueuedSynchronizer.java:2078)
        at java.util.concurrent.ArrayBlockingQueue.poll(ArrayBlockingQueue.java:418)
        at org.apache.ratis.server.impl.LeaderStateImpl$EventQueue.poll(LeaderStateImpl.java:159)
        at org.apache.ratis.server.impl.LeaderStateImpl$EventProcessor.run(LeaderStateImpl.java:630)
"Datanode ReportManager Thread - 3" daemon prio=5 tid=293 timed_waiting
java.lang.Thread.State: TIMED_WAITING
        at sun.misc.Unsafe.park(Native Method)
        at java.util.concurrent.locks.LockSupport.parkNanos(LockSupport.java:215)
        at java.util.concurrent.locks.AbstractQueuedSynchronizer$ConditionObject.awaitNanos(AbstractQueuedSynchronizer.java:2078)
        at java.util.concurrent.ScheduledThreadPoolExecutor$DelayedWorkQueue.take(ScheduledThreadPoolExecutor.java:1093)
        at java.util.concurrent.ScheduledThreadPoolExecutor$DelayedWorkQueue.take(ScheduledThreadPoolExecutor.java:809)
        at java.util.concurrent.ThreadPoolExecutor.getTask(ThreadPoolExecutor.java:1074)
        at java.util.concurrent.ThreadPoolExecutor.runWorker(ThreadPoolExecutor.java:1134)
        at java.util.concurrent.ThreadPoolExecutor$Worker.run(ThreadPoolExecutor.java:624)
        at java.lang.Thread.run(Thread.java:750)
"IPC Server handler 11 on default port 37753" daemon prio=5 tid=68 timed_waiting
java.lang.Thread.State: TIMED_WAITING
        at sun.misc.Unsafe.park(Native Method)
        at java.util.concurrent.locks.LockSupport.parkNanos(LockSupport.java:215)
        at java.util.concurrent.locks.AbstractQueuedSynchronizer$ConditionObject.awaitNanos(AbstractQueuedSynchronizer.java:2078)
        at java.util.concurrent.LinkedBlockingQueue.poll(LinkedBlockingQueue.java:467)
        at org.apache.hadoop.ipc.CallQueueManager.take(CallQueueManager.java:317)
        at org.apache.hadoop.ipc.Server$Handler.run(Server.java:2942)
"IPC Server handler 12 on default port 34213" daemon prio=5 tid=49 timed_waiting
java.lang.Thread.State: TIMED_WAITING
        at sun.misc.Unsafe.park(Native Method)
        at java.util.concurrent.locks.LockSupport.parkNanos(LockSupport.java:215)
        at java.util.concurrent.locks.AbstractQueuedSynchronizer$ConditionObject.awaitNanos(AbstractQueuedSynchronizer.java:2078)
        at java.util.concurrent.LinkedBlockingQueue.poll(LinkedBlockingQueue.java:467)
        at org.apache.hadoop.ipc.CallQueueManager.take(CallQueueManager.java:317)
        at org.apache.hadoop.ipc.Server$Handler.run(Server.java:2942)
"Periodic HDDS volume checker" daemon prio=5 tid=273 timed_waiting
java.lang.Thread.State: TIMED_WAITING
        at sun.misc.Unsafe.park(Native Method)
        at java.util.concurrent.locks.LockSupport.parkNanos(LockSupport.java:215)
        at java.util.concurrent.locks.AbstractQueuedSynchronizer$ConditionObject.awaitNanos(AbstractQueuedSynchronizer.java:2078)
        at java.util.concurrent.ScheduledThreadPoolExecutor$DelayedWorkQueue.take(ScheduledThreadPoolExecutor.java:1093)
        at java.util.concurrent.ScheduledThreadPoolExecutor$DelayedWorkQueue.take(ScheduledThreadPoolExecutor.java:809)
        at java.util.concurrent.ThreadPoolExecutor.getTask(ThreadPoolExecutor.java:1074)
        at java.util.concurrent.ThreadPoolExecutor.runWorker(ThreadPoolExecutor.java:1134)
        at java.util.concurrent.ThreadPoolExecutor$Worker.run(ThreadPoolExecutor.java:624)
        at java.lang.Thread.run(Thread.java:750)
"EndpointStateMachine task thread for /0.0.0.0:43219 - 0 "  prio=5 tid=490 in Object.wait()
java.lang.Thread.State: WAITING (on object monitor)
        at sun.misc.Unsafe.park(Native Method)
        at java.util.concurrent.locks.LockSupport.park(LockSupport.java:175)
        at java.util.concurrent.locks.AbstractQueuedSynchronizer$ConditionObject.await(AbstractQueuedSynchronizer.java:2039)
        at java.util.concurrent.LinkedBlockingQueue.take(LinkedBlockingQueue.java:442)
        at java.util.concurrent.ThreadPoolExecutor.getTask(ThreadPoolExecutor.java:1074)
        at java.util.concurrent.ThreadPoolExecutor.runWorker(ThreadPoolExecutor.java:1134)
        at java.util.concurrent.ThreadPoolExecutor$Worker.run(ThreadPoolExecutor.java:624)
        at java.lang.Thread.run(Thread.java:750)
"qtp1502551983-102" daemon prio=5 tid=102 timed_waiting
java.lang.Thread.State: TIMED_WAITING
        at sun.misc.Unsafe.park(Native Method)
        at java.util.concurrent.locks.LockSupport.parkNanos(LockSupport.java:215)
        at java.util.concurrent.locks.AbstractQueuedSynchronizer$ConditionObject.awaitNanos(AbstractQueuedSynchronizer.java:2078)
        at org.eclipse.jetty.util.BlockingArrayQueue.poll(BlockingArrayQueue.java:382)
        at org.eclipse.jetty.util.thread.QueuedThreadPool$Runner.idleJobPoll(QueuedThreadPool.java:974)
        at org.eclipse.jetty.util.thread.QueuedThreadPool$Runner.run(QueuedThreadPool.java:1018)
        at java.lang.Thread.run(Thread.java:750)
"OMDoubleBufferFlushThread" daemon prio=5 tid=115 timed_waiting
java.lang.Thread.State: TIMED_WAITING
        at java.lang.Object.wait(Native Method)
        at org.apache.hadoop.ozone.om.ratis.OzoneManagerDoubleBuffer.canFlush(OzoneManagerDoubleBuffer.java:538)
        at org.apache.hadoop.ozone.om.ratis.OzoneManagerDoubleBuffer.flushTransactions(OzoneManagerDoubleBuffer.java:268)
        at org.apache.hadoop.ozone.om.ratis.OzoneManagerDoubleBuffer$$Lambda$504/928199056.run(Unknown Source)
        at java.lang.Thread.run(Thread.java:750)
"5d13066c-11e5-40aa-be9d-008405bad973@group-483BE42729DF-LeaderStateImpl" daemon prio=5 tid=797 timed_waiting
java.lang.Thread.State: TIMED_WAITING
        at sun.misc.Unsafe.park(Native Method)
        at java.util.concurrent.locks.LockSupport.parkNanos(LockSupport.java:215)
        at java.util.concurrent.locks.AbstractQueuedSynchronizer$ConditionObject.awaitNanos(AbstractQueuedSynchronizer.java:2078)
        at java.util.concurrent.ArrayBlockingQueue.poll(ArrayBlockingQueue.java:418)
        at org.apache.ratis.server.impl.LeaderStateImpl$EventQueue.poll(LeaderStateImpl.java:159)
        at org.apache.ratis.server.impl.LeaderStateImpl$EventProcessor.run(LeaderStateImpl.java:630)
"af2ba7b3-e3cd-4616-bfee-e743369bcf5a@group-9D4C5A32B7BF-SegmentedRaftLogWorker"  prio=5 tid=672 timed_waiting
java.lang.Thread.State: TIMED_WAITING
        at sun.misc.Unsafe.park(Native Method)
        at java.util.concurrent.locks.LockSupport.parkNanos(LockSupport.java:215)
        at java.util.concurrent.locks.AbstractQueuedSynchronizer$ConditionObject.awaitNanos(AbstractQueuedSynchronizer.java:2078)
        at org.apache.ratis.util.DataBlockingQueue.poll(DataBlockingQueue.java:148)
        at org.apache.ratis.server.raftlog.segmented.SegmentedRaftLogWorker.run(SegmentedRaftLogWorker.java:310)
        at org.apache.ratis.server.raftlog.segmented.SegmentedRaftLogWorker$$Lambda$665/1172168715.run(Unknown Source)
        at java.lang.Thread.run(Thread.java:750)
"Signal Dispatcher" daemon prio=9 tid=4 runnable
java.lang.Thread.State: RUNNABLE
"JvmPauseMonitor0" daemon prio=5 tid=129 timed_waiting
java.lang.Thread.State: TIMED_WAITING
        at java.lang.Thread.sleep(Native Method)
        at java.lang.Thread.sleep(Thread.java:342)
        at java.util.concurrent.TimeUnit.sleep(TimeUnit.java:386)
        at org.apache.ratis.util.TimeDuration.sleep(TimeDuration.java:325)
        at org.apache.ratis.util.TimeDuration.sleep(TimeDuration.java:310)
        at org.apache.ratis.util.JvmPauseMonitor.detectPause(JvmPauseMonitor.java:119)
        at org.apache.ratis.util.JvmPauseMonitor.run(JvmPauseMonitor.java:108)
        at org.apache.ratis.util.JvmPauseMonitor$$Lambda$706/479417099.run(Unknown Source)
        at java.lang.Thread.run(Thread.java:750)
"Periodic HDDS volume checker" daemon prio=5 tid=402 timed_waiting
java.lang.Thread.State: TIMED_WAITING
        at sun.misc.Unsafe.park(Native Method)
        at java.util.concurrent.locks.LockSupport.parkNanos(LockSupport.java:215)
        at java.util.concurrent.locks.AbstractQueuedSynchronizer$ConditionObject.awaitNanos(AbstractQueuedSynchronizer.java:2078)
        at java.util.concurrent.ScheduledThreadPoolExecutor$DelayedWorkQueue.take(ScheduledThreadPoolExecutor.java:1093)
        at java.util.concurrent.ScheduledThreadPoolExecutor$DelayedWorkQueue.take(ScheduledThreadPoolExecutor.java:809)
        at java.util.concurrent.ThreadPoolExecutor.getTask(ThreadPoolExecutor.java:1074)
        at java.util.concurrent.ThreadPoolExecutor.runWorker(ThreadPoolExecutor.java:1134)
        at java.util.concurrent.ThreadPoolExecutor$Worker.run(ThreadPoolExecutor.java:624)
        at java.lang.Thread.run(Thread.java:750)
"KeyDeletingService#0" daemon prio=5 tid=131 timed_waiting
java.lang.Thread.State: TIMED_WAITING
        at sun.misc.Unsafe.park(Native Method)
        at java.util.concurrent.locks.LockSupport.parkNanos(LockSupport.java:215)
        at java.util.concurrent.locks.AbstractQueuedSynchronizer$ConditionObject.awaitNanos(AbstractQueuedSynchronizer.java:2078)
        at java.util.concurrent.ScheduledThreadPoolExecutor$DelayedWorkQueue.take(ScheduledThreadPoolExecutor.java:1093)
        at java.util.concurrent.ScheduledThreadPoolExecutor$DelayedWorkQueue.take(ScheduledThreadPoolExecutor.java:809)
        at java.util.concurrent.ThreadPoolExecutor.getTask(ThreadPoolExecutor.java:1074)
        at java.util.concurrent.ThreadPoolExecutor.runWorker(ThreadPoolExecutor.java:1134)
        at java.util.concurrent.ThreadPoolExecutor$Worker.run(ThreadPoolExecutor.java:624)
        at java.lang.Thread.run(Thread.java:750)
"21cd38f2-3152-4a7b-bfd6-5bc3f4c93f15-server-thread2" daemon prio=5 tid=824 timed_waiting
java.lang.Thread.State: TIMED_WAITING
        at sun.misc.Unsafe.park(Native Method)
        at java.util.concurrent.locks.LockSupport.parkNanos(LockSupport.java:215)
        at java.util.concurrent.SynchronousQueue$TransferStack.awaitFulfill(SynchronousQueue.java:460)
        at java.util.concurrent.SynchronousQueue$TransferStack.transfer(SynchronousQueue.java:362)
        at java.util.concurrent.SynchronousQueue.poll(SynchronousQueue.java:941)
        at java.util.concurrent.ThreadPoolExecutor.getTask(ThreadPoolExecutor.java:1073)
        at java.util.concurrent.ThreadPoolExecutor.runWorker(ThreadPoolExecutor.java:1134)
        at java.util.concurrent.ThreadPoolExecutor$Worker.run(ThreadPoolExecutor.java:624)
        at java.lang.Thread.run(Thread.java:750)
"Command processor thread" daemon prio=5 tid=269 timed_waiting
java.lang.Thread.State: TIMED_WAITING
        at java.lang.Thread.sleep(Native Method)
        at org.apache.hadoop.ozone.container.common.statemachine.DatanodeStateMachine.lambda$initCommandHandlerThread$3(DatanodeStateMachine.java:641)
        at org.apache.hadoop.ozone.container.common.statemachine.DatanodeStateMachine$$Lambda$752/223020468.run(Unknown Source)
        at java.lang.Thread.run(Thread.java:750)
"IPC Server handler 16 on default port 43219" daemon prio=5 tid=93 timed_waiting
java.lang.Thread.State: TIMED_WAITING
        at sun.misc.Unsafe.park(Native Method)
        at java.util.concurrent.locks.LockSupport.parkNanos(LockSupport.java:215)
        at java.util.concurrent.locks.AbstractQueuedSynchronizer$ConditionObject.awaitNanos(AbstractQueuedSynchronizer.java:2078)
        at java.util.concurrent.LinkedBlockingQueue.poll(LinkedBlockingQueue.java:467)
        at org.apache.hadoop.ipc.CallQueueManager.take(CallQueueManager.java:317)
        at org.apache.hadoop.ipc.Server$Handler.run(Server.java:2942)
"ChunkWriter-0-0" daemon prio=5 tid=491 in Object.wait()
java.lang.Thread.State: WAITING (on object monitor)
        at sun.misc.Unsafe.park(Native Method)
        at java.util.concurrent.locks.LockSupport.park(LockSupport.java:175)
        at java.util.concurrent.locks.AbstractQueuedSynchronizer$ConditionObject.await(AbstractQueuedSynchronizer.java:2039)
        at java.util.concurrent.LinkedBlockingDeque.takeFirst(LinkedBlockingDeque.java:492)
        at java.util.concurrent.LinkedBlockingDeque.take(LinkedBlockingDeque.java:680)
        at java.util.concurrent.ThreadPoolExecutor.getTask(ThreadPoolExecutor.java:1074)
        at java.util.concurrent.ThreadPoolExecutor.runWorker(ThreadPoolExecutor.java:1134)
        at java.util.concurrent.ThreadPoolExecutor$Worker.run(ThreadPoolExecutor.java:624)
        at java.lang.Thread.run(Thread.java:750)
"IPC Server handler 8 on default port 43219" daemon prio=5 tid=85 timed_waiting
java.lang.Thread.State: TIMED_WAITING
        at sun.misc.Unsafe.park(Native Method)
        at java.util.concurrent.locks.LockSupport.parkNanos(LockSupport.java:215)
        at java.util.concurrent.locks.AbstractQueuedSynchronizer$ConditionObject.awaitNanos(AbstractQueuedSynchronizer.java:2078)
        at java.util.concurrent.LinkedBlockingQueue.poll(LinkedBlockingQueue.java:467)
        at org.apache.hadoop.ipc.CallQueueManager.take(CallQueueManager.java:317)
        at org.apache.hadoop.ipc.Server$Handler.run(Server.java:2942)
"FullTableCache Cleanup Thread - 0" daemon prio=5 tid=748 in Object.wait()
java.lang.Thread.State: WAITING (on object monitor)
        at sun.misc.Unsafe.park(Native Method)
        at java.util.concurrent.locks.LockSupport.park(LockSupport.java:175)
        at java.util.concurrent.locks.AbstractQueuedSynchronizer$ConditionObject.await(AbstractQueuedSynchronizer.java:2039)
        at java.util.concurrent.LinkedBlockingQueue.take(LinkedBlockingQueue.java:442)
        at java.util.concurrent.ThreadPoolExecutor.getTask(ThreadPoolExecutor.java:1074)
        at java.util.concurrent.ThreadPoolExecutor.runWorker(ThreadPoolExecutor.java:1134)
        at java.util.concurrent.ThreadPoolExecutor$Worker.run(ThreadPoolExecutor.java:624)
        at java.lang.Thread.run(Thread.java:750)
"qtp1502551983-107" daemon prio=5 tid=107 timed_waiting
java.lang.Thread.State: TIMED_WAITING
        at sun.misc.Unsafe.park(Native Method)
        at java.util.concurrent.locks.LockSupport.parkNanos(LockSupport.java:215)
        at java.util.concurrent.locks.AbstractQueuedSynchronizer$ConditionObject.awaitNanos(AbstractQueuedSynchronizer.java:2078)
        at org.eclipse.jetty.util.BlockingArrayQueue.poll(BlockingArrayQueue.java:382)
        at org.eclipse.jetty.util.thread.QueuedThreadPool$Runner.idleJobPoll(QueuedThreadPool.java:974)
        at org.eclipse.jetty.util.thread.QueuedThreadPool$Runner.run(QueuedThreadPool.java:1018)
        at java.lang.Thread.run(Thread.java:750)
"Datanode ReportManager Thread - 1" daemon prio=5 tid=185 in Object.wait()
java.lang.Thread.State: WAITING (on object monitor)
        at sun.misc.Unsafe.park(Native Method)
        at java.util.concurrent.locks.LockSupport.park(LockSupport.java:175)
        at java.util.concurrent.locks.AbstractQueuedSynchronizer$ConditionObject.await(AbstractQueuedSynchronizer.java:2039)
        at java.util.concurrent.ScheduledThreadPoolExecutor$DelayedWorkQueue.take(ScheduledThreadPoolExecutor.java:1088)
        at java.util.concurrent.ScheduledThreadPoolExecutor$DelayedWorkQueue.take(ScheduledThreadPoolExecutor.java:809)
        at java.util.concurrent.ThreadPoolExecutor.getTask(ThreadPoolExecutor.java:1074)
        at java.util.concurrent.ThreadPoolExecutor.runWorker(ThreadPoolExecutor.java:1134)
        at java.util.concurrent.ThreadPoolExecutor$Worker.run(ThreadPoolExecutor.java:624)
        at java.lang.Thread.run(Thread.java:750)
"BlockDeletingService#1" daemon prio=5 tid=557 timed_waiting
java.lang.Thread.State: TIMED_WAITING
        at sun.misc.Unsafe.park(Native Method)
        at java.util.concurrent.locks.LockSupport.parkNanos(LockSupport.java:215)
        at java.util.concurrent.locks.AbstractQueuedSynchronizer$ConditionObject.awaitNanos(AbstractQueuedSynchronizer.java:2078)
        at java.util.concurrent.ScheduledThreadPoolExecutor$DelayedWorkQueue.take(ScheduledThreadPoolExecutor.java:1093)
        at java.util.concurrent.ScheduledThreadPoolExecutor$DelayedWorkQueue.take(ScheduledThreadPoolExecutor.java:809)
        at java.util.concurrent.ThreadPoolExecutor.getTask(ThreadPoolExecutor.java:1074)
        at java.util.concurrent.ThreadPoolExecutor.runWorker(ThreadPoolExecutor.java:1134)
        at java.util.concurrent.ThreadPoolExecutor$Worker.run(ThreadPoolExecutor.java:624)
        at java.lang.Thread.run(Thread.java:750)
"qtp1527666058-309" daemon prio=5 tid=309 timed_waiting
java.lang.Thread.State: TIMED_WAITING
        at sun.misc.Unsafe.park(Native Method)
        at java.util.concurrent.locks.LockSupport.parkNanos(LockSupport.java:215)
        at java.util.concurrent.locks.AbstractQueuedSynchronizer$ConditionObject.awaitNanos(AbstractQueuedSynchronizer.java:2078)
        at org.eclipse.jetty.util.BlockingArrayQueue.poll(BlockingArrayQueue.java:382)
        at org.eclipse.jetty.util.thread.QueuedThreadPool$Runner.idleJobPoll(QueuedThreadPool.java:974)
        at org.eclipse.jetty.util.thread.QueuedThreadPool$Runner.run(QueuedThreadPool.java:1018)
        at java.lang.Thread.run(Thread.java:750)
"qtp1502551983-105" daemon prio=5 tid=105 timed_waiting
java.lang.Thread.State: TIMED_WAITING
        at sun.misc.Unsafe.park(Native Method)
        at java.util.concurrent.locks.LockSupport.parkNanos(LockSupport.java:215)
        at java.util.concurrent.locks.AbstractQueuedSynchronizer$ConditionObject.awaitNanos(AbstractQueuedSynchronizer.java:2078)
        at org.eclipse.jetty.util.BlockingArrayQueue.poll(BlockingArrayQueue.java:382)
        at org.eclipse.jetty.util.thread.QueuedThreadPool$Runner.idleJobPoll(QueuedThreadPool.java:974)
        at org.eclipse.jetty.util.thread.QueuedThreadPool$Runner.run(QueuedThreadPool.java:1018)
        at java.lang.Thread.run(Thread.java:750)
"StaleRecoveringContainerScrubbingService#0" daemon prio=5 tid=544 in Object.wait()
java.lang.Thread.State: WAITING (on object monitor)
        at sun.misc.Unsafe.park(Native Method)
        at java.util.concurrent.locks.LockSupport.park(LockSupport.java:175)
        at java.util.concurrent.locks.AbstractQueuedSynchronizer$ConditionObject.await(AbstractQueuedSynchronizer.java:2039)
        at java.util.concurrent.ScheduledThreadPoolExecutor$DelayedWorkQueue.take(ScheduledThreadPoolExecutor.java:1088)
        at java.util.concurrent.ScheduledThreadPoolExecutor$DelayedWorkQueue.take(ScheduledThreadPoolExecutor.java:809)
        at java.util.concurrent.ThreadPoolExecutor.getTask(ThreadPoolExecutor.java:1074)
        at java.util.concurrent.ThreadPoolExecutor.runWorker(ThreadPoolExecutor.java:1134)
        at java.util.concurrent.ThreadPoolExecutor$Worker.run(ThreadPoolExecutor.java:624)
        at java.lang.Thread.run(Thread.java:750)
"Periodic HDDS volume checker" daemon prio=5 tid=430 timed_waiting
java.lang.Thread.State: TIMED_WAITING
        at sun.misc.Unsafe.park(Native Method)
        at java.util.concurrent.locks.LockSupport.parkNanos(LockSupport.java:215)
        at java.util.concurrent.locks.AbstractQueuedSynchronizer$ConditionObject.awaitNanos(AbstractQueuedSynchronizer.java:2078)
        at java.util.concurrent.ScheduledThreadPoolExecutor$DelayedWorkQueue.take(ScheduledThreadPoolExecutor.java:1093)
        at java.util.concurrent.ScheduledThreadPoolExecutor$DelayedWorkQueue.take(ScheduledThreadPoolExecutor.java:809)
        at java.util.concurrent.ThreadPoolExecutor.getTask(ThreadPoolExecutor.java:1074)
        at java.util.concurrent.ThreadPoolExecutor.runWorker(ThreadPoolExecutor.java:1134)
        at java.util.concurrent.ThreadPoolExecutor$Worker.run(ThreadPoolExecutor.java:624)
        at java.lang.Thread.run(Thread.java:750)
"qtp1757536605-338" daemon prio=5 tid=338 timed_waiting
java.lang.Thread.State: TIMED_WAITING
        at sun.misc.Unsafe.park(Native Method)
        at java.util.concurrent.locks.LockSupport.parkNanos(LockSupport.java:215)
        at java.util.concurrent.locks.AbstractQueuedSynchronizer$ConditionObject.awaitNanos(AbstractQueuedSynchronizer.java:2078)
        at org.eclipse.jetty.util.BlockingArrayQueue.poll(BlockingArrayQueue.java:382)
        at org.eclipse.jetty.util.thread.QueuedThreadPool$Runner.idleJobPoll(QueuedThreadPool.java:974)
        at org.eclipse.jetty.util.thread.QueuedThreadPool$Runner.run(QueuedThreadPool.java:1018)
        at java.lang.Thread.run(Thread.java:750)
"7b6afef0-558a-4ad8-bcfc-b2255c7aee53@group-55E06B2F269B-SegmentedRaftLogWorker"  prio=5 tid=645 timed_waiting
java.lang.Thread.State: TIMED_WAITING
        at sun.misc.Unsafe.park(Native Method)
        at java.util.concurrent.locks.LockSupport.parkNanos(LockSupport.java:215)
        at java.util.concurrent.locks.AbstractQueuedSynchronizer$ConditionObject.awaitNanos(AbstractQueuedSynchronizer.java:2078)
        at org.apache.ratis.util.DataBlockingQueue.poll(DataBlockingQueue.java:148)
        at org.apache.ratis.server.raftlog.segmented.SegmentedRaftLogWorker.run(SegmentedRaftLogWorker.java:310)
        at org.apache.ratis.server.raftlog.segmented.SegmentedRaftLogWorker$$Lambda$665/1172168715.run(Unknown Source)
        at java.lang.Thread.run(Thread.java:750)
"Reference Handler" daemon prio=10 tid=2 in Object.wait()
java.lang.Thread.State: WAITING (on object monitor)
        at java.lang.Object.wait(Native Method)
        at java.lang.Object.wait(Object.java:502)
        at java.lang.ref.Reference.tryHandlePending(Reference.java:191)
        at java.lang.ref.Reference$ReferenceHandler.run(Reference.java:153)
"qtp1192313527-177" daemon prio=5 tid=177 timed_waiting
java.lang.Thread.State: TIMED_WAITING
        at sun.misc.Unsafe.park(Native Method)
        at java.util.concurrent.locks.LockSupport.parkNanos(LockSupport.java:215)
        at java.util.concurrent.locks.AbstractQueuedSynchronizer$ConditionObject.awaitNanos(AbstractQueuedSynchronizer.java:2078)
        at org.eclipse.jetty.util.BlockingArrayQueue.poll(BlockingArrayQueue.java:382)
        at org.eclipse.jetty.util.thread.QueuedThreadPool$Runner.idleJobPoll(QueuedThreadPool.java:974)
        at org.eclipse.jetty.util.thread.QueuedThreadPool$Runner.run(QueuedThreadPool.java:1018)
        at java.lang.Thread.run(Thread.java:750)
"StaleRecoveringContainerScrubbingService#2" daemon prio=5 tid=902 in Object.wait()
java.lang.Thread.State: WAITING (on object monitor)
        at sun.misc.Unsafe.park(Native Method)
        at java.util.concurrent.locks.LockSupport.park(LockSupport.java:175)
        at java.util.concurrent.locks.AbstractQueuedSynchronizer$ConditionObject.await(AbstractQueuedSynchronizer.java:2039)
        at java.util.concurrent.ScheduledThreadPoolExecutor$DelayedWorkQueue.take(ScheduledThreadPoolExecutor.java:1088)
        at java.util.concurrent.ScheduledThreadPoolExecutor$DelayedWorkQueue.take(ScheduledThreadPoolExecutor.java:809)
        at java.util.concurrent.ThreadPoolExecutor.getTask(ThreadPoolExecutor.java:1074)
        at java.util.concurrent.ThreadPoolExecutor.runWorker(ThreadPoolExecutor.java:1134)
        at java.util.concurrent.ThreadPoolExecutor$Worker.run(ThreadPoolExecutor.java:624)
        at java.lang.Thread.run(Thread.java:750)
"org.apache.hadoop.ozone.container.common.statemachine.commandhandler.DeleteBlocksCommandHandler$DeleteCmdWorker@7908c1f0" daemon prio=5 tid=330 timed_waiting
java.lang.Thread.State: TIMED_WAITING
        at java.lang.Thread.sleep(Native Method)
        at org.apache.hadoop.ozone.container.common.statemachine.commandhandler.DeleteBlocksCommandHandler$DeleteCmdWorker.run(DeleteBlocksCommandHandler.java:183)
        at java.lang.Thread.run(Thread.java:750)
"JvmPauseMonitor1" daemon prio=5 tid=357 timed_waiting
java.lang.Thread.State: TIMED_WAITING
        at java.lang.Thread.sleep(Native Method)
        at java.lang.Thread.sleep(Thread.java:342)
        at java.util.concurrent.TimeUnit.sleep(TimeUnit.java:386)
        at org.apache.ratis.util.TimeDuration.sleep(TimeDuration.java:325)
        at org.apache.ratis.util.TimeDuration.sleep(TimeDuration.java:310)
        at org.apache.ratis.util.JvmPauseMonitor.detectPause(JvmPauseMonitor.java:119)
        at org.apache.ratis.util.JvmPauseMonitor.run(JvmPauseMonitor.java:108)
        at org.apache.ratis.util.JvmPauseMonitor$$Lambda$706/479417099.run(Unknown Source)
        at java.lang.Thread.run(Thread.java:750)
"IPC Server idle connection scanner for port 37753" daemon prio=5 tid=29 timed_waiting
java.lang.Thread.State: TIMED_WAITING
        at java.lang.Object.wait(Native Method)
        at java.util.TimerThread.mainLoop(Timer.java:552)
        at java.util.TimerThread.run(Timer.java:505)
"Datanode State Machine Task Thread - 0"  prio=5 tid=390 in Object.wait()
java.lang.Thread.State: WAITING (on object monitor)
        at sun.misc.Unsafe.park(Native Method)
        at java.util.concurrent.locks.LockSupport.park(LockSupport.java:175)
        at java.util.concurrent.locks.AbstractQueuedSynchronizer$ConditionObject.await(AbstractQueuedSynchronizer.java:2039)
        at java.util.concurrent.LinkedBlockingQueue.take(LinkedBlockingQueue.java:442)
        at java.util.concurrent.ThreadPoolExecutor.getTask(ThreadPoolExecutor.java:1074)
        at java.util.concurrent.ThreadPoolExecutor.runWorker(ThreadPoolExecutor.java:1134)
        at java.util.concurrent.ThreadPoolExecutor$Worker.run(ThreadPoolExecutor.java:624)
        at java.lang.Thread.run(Thread.java:750)
"IPC Server handler 15 on default port 42141" daemon prio=5 tid=159 timed_waiting
java.lang.Thread.State: TIMED_WAITING
        at sun.misc.Unsafe.park(Native Method)
        at java.util.concurrent.locks.LockSupport.parkNanos(LockSupport.java:215)
        at java.util.concurrent.locks.AbstractQueuedSynchronizer$ConditionObject.awaitNanos(AbstractQueuedSynchronizer.java:2078)
        at java.util.concurrent.LinkedBlockingQueue.poll(LinkedBlockingQueue.java:467)
        at org.apache.hadoop.ipc.CallQueueManager.take(CallQueueManager.java:317)
        at org.apache.hadoop.ipc.Server$Handler.run(Server.java:2942)
"pool-180-thread-1" daemon prio=5 tid=301 timed_waiting
java.lang.Thread.State: TIMED_WAITING
        at sun.misc.Unsafe.park(Native Method)
        at java.util.concurrent.locks.LockSupport.parkNanos(LockSupport.java:215)
        at java.util.concurrent.locks.AbstractQueuedSynchronizer$ConditionObject.awaitNanos(AbstractQueuedSynchronizer.java:2078)
        at java.util.concurrent.ScheduledThreadPoolExecutor$DelayedWorkQueue.take(ScheduledThreadPoolExecutor.java:1093)
        at java.util.concurrent.ScheduledThreadPoolExecutor$DelayedWorkQueue.take(ScheduledThreadPoolExecutor.java:809)
        at java.util.concurrent.ThreadPoolExecutor.getTask(ThreadPoolExecutor.java:1074)
        at java.util.concurrent.ThreadPoolExecutor.runWorker(ThreadPoolExecutor.java:1134)
        at java.util.concurrent.ThreadPoolExecutor$Worker.run(ThreadPoolExecutor.java:624)
        at java.lang.Thread.run(Thread.java:750)
"BlockDeletingService#0" daemon prio=5 tid=359 in Object.wait()
java.lang.Thread.State: WAITING (on object monitor)
        at sun.misc.Unsafe.park(Native Method)
        at java.util.concurrent.locks.LockSupport.park(LockSupport.java:175)
        at java.util.concurrent.locks.AbstractQueuedSynchronizer$ConditionObject.await(AbstractQueuedSynchronizer.java:2039)
        at java.util.concurrent.ScheduledThreadPoolExecutor$DelayedWorkQueue.take(ScheduledThreadPoolExecutor.java:1088)
        at java.util.concurrent.ScheduledThreadPoolExecutor$DelayedWorkQueue.take(ScheduledThreadPoolExecutor.java:809)
        at java.util.concurrent.ThreadPoolExecutor.getTask(ThreadPoolExecutor.java:1074)
        at java.util.concurrent.ThreadPoolExecutor.runWorker(ThreadPoolExecutor.java:1134)
        at java.util.concurrent.ThreadPoolExecutor$Worker.run(ThreadPoolExecutor.java:624)
        at java.lang.Thread.run(Thread.java:750)
"StaleRecoveringContainerScrubbingService#1" daemon prio=5 tid=519 timed_waiting
java.lang.Thread.State: TIMED_WAITING
        at sun.misc.Unsafe.park(Native Method)
        at java.util.concurrent.locks.LockSupport.parkNanos(LockSupport.java:215)
        at java.util.concurrent.locks.AbstractQueuedSynchronizer$ConditionObject.awaitNanos(AbstractQueuedSynchronizer.java:2078)
        at java.util.concurrent.ScheduledThreadPoolExecutor$DelayedWorkQueue.take(ScheduledThreadPoolExecutor.java:1093)
        at java.util.concurrent.ScheduledThreadPoolExecutor$DelayedWorkQueue.take(ScheduledThreadPoolExecutor.java:809)
        at java.util.concurrent.ThreadPoolExecutor.getTask(ThreadPoolExecutor.java:1074)
        at java.util.concurrent.ThreadPoolExecutor.runWorker(ThreadPoolExecutor.java:1134)
        at java.util.concurrent.ThreadPoolExecutor$Worker.run(ThreadPoolExecutor.java:624)
        at java.lang.Thread.run(Thread.java:750)
"d5dd9084-02e9-4cbc-a1b0-4846343450b9@group-D94B917AA4C5-SegmentedRaftLogWorker"  prio=5 tid=638 timed_waiting
java.lang.Thread.State: TIMED_WAITING
        at sun.misc.Unsafe.park(Native Method)
        at java.util.concurrent.locks.LockSupport.parkNanos(LockSupport.java:215)
        at java.util.concurrent.locks.AbstractQueuedSynchronizer$ConditionObject.awaitNanos(AbstractQueuedSynchronizer.java:2078)
        at org.apache.ratis.util.DataBlockingQueue.poll(DataBlockingQueue.java:148)
        at org.apache.ratis.server.raftlog.segmented.SegmentedRaftLogWorker.run(SegmentedRaftLogWorker.java:310)
        at org.apache.ratis.server.raftlog.segmented.SegmentedRaftLogWorker$$Lambda$665/1172168715.run(Unknown Source)
        at java.lang.Thread.run(Thread.java:750)
"JvmPauseMonitor4" daemon prio=5 tid=471 timed_waiting
java.lang.Thread.State: TIMED_WAITING
        at java.lang.Thread.sleep(Native Method)
        at java.lang.Thread.sleep(Thread.java:342)
        at java.util.concurrent.TimeUnit.sleep(TimeUnit.java:386)
        at org.apache.ratis.util.TimeDuration.sleep(TimeDuration.java:325)
        at org.apache.ratis.util.TimeDuration.sleep(TimeDuration.java:310)
        at org.apache.ratis.util.JvmPauseMonitor.detectPause(JvmPauseMonitor.java:119)
        at org.apache.ratis.util.JvmPauseMonitor.run(JvmPauseMonitor.java:108)
        at org.apache.ratis.util.JvmPauseMonitor$$Lambda$706/479417099.run(Unknown Source)
        at java.lang.Thread.run(Thread.java:750)
"IPC Server handler 17 on default port 43219" daemon prio=5 tid=94 timed_waiting
java.lang.Thread.State: TIMED_WAITING
        at sun.misc.Unsafe.park(Native Method)
        at java.util.concurrent.locks.LockSupport.parkNanos(LockSupport.java:215)
        at java.util.concurrent.locks.AbstractQueuedSynchronizer$ConditionObject.awaitNanos(AbstractQueuedSynchronizer.java:2078)
        at java.util.concurrent.LinkedBlockingQueue.poll(LinkedBlockingQueue.java:467)
        at org.apache.hadoop.ipc.CallQueueManager.take(CallQueueManager.java:317)
        at org.apache.hadoop.ipc.Server$Handler.run(Server.java:2942)
"ChunkReader-2" daemon prio=5 tid=790 in Object.wait()
java.lang.Thread.State: WAITING (on object monitor)
        at sun.misc.Unsafe.park(Native Method)
        at java.util.concurrent.locks.LockSupport.park(LockSupport.java:175)
        at java.util.concurrent.locks.AbstractQueuedSynchronizer$ConditionObject.await(AbstractQueuedSynchronizer.java:2039)
        at java.util.concurrent.LinkedBlockingQueue.take(LinkedBlockingQueue.java:442)
        at java.util.concurrent.ThreadPoolExecutor.getTask(ThreadPoolExecutor.java:1074)
        at java.util.concurrent.ThreadPoolExecutor.runWorker(ThreadPoolExecutor.java:1134)
        at java.util.concurrent.ThreadPoolExecutor$Worker.run(ThreadPoolExecutor.java:624)
        at java.lang.Thread.run(Thread.java:750)
"ChunkWriter-1-0" daemon prio=5 tid=468 in Object.wait()
java.lang.Thread.State: WAITING (on object monitor)
        at sun.misc.Unsafe.park(Native Method)
        at java.util.concurrent.locks.LockSupport.park(LockSupport.java:175)
        at java.util.concurrent.locks.AbstractQueuedSynchronizer$ConditionObject.await(AbstractQueuedSynchronizer.java:2039)
        at java.util.concurrent.LinkedBlockingDeque.takeFirst(LinkedBlockingDeque.java:492)
        at java.util.concurrent.LinkedBlockingDeque.take(LinkedBlockingDeque.java:680)
        at java.util.concurrent.ThreadPoolExecutor.getTask(ThreadPoolExecutor.java:1074)
        at java.util.concurrent.ThreadPoolExecutor.runWorker(ThreadPoolExecutor.java:1134)
        at java.util.concurrent.ThreadPoolExecutor$Worker.run(ThreadPoolExecutor.java:624)
        at java.lang.Thread.run(Thread.java:750)
"IPC Server handler 6 on default port 42141" daemon prio=5 tid=150 timed_waiting
java.lang.Thread.State: TIMED_WAITING
        at sun.misc.Unsafe.park(Native Method)
        at java.util.concurrent.locks.LockSupport.parkNanos(LockSupport.java:215)
        at java.util.concurrent.locks.AbstractQueuedSynchronizer$ConditionObject.awaitNanos(AbstractQueuedSynchronizer.java:2078)
        at java.util.concurrent.LinkedBlockingQueue.poll(LinkedBlockingQueue.java:467)
        at org.apache.hadoop.ipc.CallQueueManager.take(CallQueueManager.java:317)
        at org.apache.hadoop.ipc.Server$Handler.run(Server.java:2942)
"Datanode State Machine Daemon Thread" daemon prio=5 tid=289 timed_waiting
java.lang.Thread.State: TIMED_WAITING
        at java.lang.Thread.sleep(Native Method)
        at org.apache.hadoop.ozone.container.common.statemachine.DatanodeStateMachine.startStateMachineThread(DatanodeStateMachine.java:321)
        at org.apache.hadoop.ozone.container.common.statemachine.DatanodeStateMachine.lambda$startDaemon$0(DatanodeStateMachine.java:506)
        at org.apache.hadoop.ozone.container.common.statemachine.DatanodeStateMachine$$Lambda$750/913259276.run(Unknown Source)
        at java.lang.Thread.run(Thread.java:750)
"Datanode State Machine Daemon Thread" daemon prio=5 tid=315 timed_waiting
java.lang.Thread.State: TIMED_WAITING
        at java.lang.Thread.sleep(Native Method)
        at org.apache.hadoop.ozone.container.common.statemachine.DatanodeStateMachine.startStateMachineThread(DatanodeStateMachine.java:321)
        at org.apache.hadoop.ozone.container.common.statemachine.DatanodeStateMachine.lambda$startDaemon$0(DatanodeStateMachine.java:506)
        at org.apache.hadoop.ozone.container.common.statemachine.DatanodeStateMachine$$Lambda$750/913259276.run(Unknown Source)
        at java.lang.Thread.run(Thread.java:750)
"qtp1111535829-281-acceptor-0@1282a9f0-ServerConnector@68861a31{HTTP/1.1, (http/1.1)}{0.0.0.0:35959}" daemon prio=3 tid=281 runnable
java.lang.Thread.State: RUNNABLE
        at sun.nio.ch.ServerSocketChannelImpl.accept0(Native Method)
        at sun.nio.ch.ServerSocketChannelImpl.accept(ServerSocketChannelImpl.java:421)
        at sun.nio.ch.ServerSocketChannelImpl.accept(ServerSocketChannelImpl.java:249)
        at org.eclipse.jetty.server.ServerConnector.accept(ServerConnector.java:388)
        at org.eclipse.jetty.server.AbstractConnector$Acceptor.run(AbstractConnector.java:704)
        at org.eclipse.jetty.util.thread.QueuedThreadPool.runJob(QueuedThreadPool.java:883)
        at org.eclipse.jetty.util.thread.QueuedThreadPool$Runner.run(QueuedThreadPool.java:1034)
        at java.lang.Thread.run(Thread.java:750)
"IPC Server handler 19 on default port 43219" daemon prio=5 tid=96 timed_waiting
java.lang.Thread.State: TIMED_WAITING
        at sun.misc.Unsafe.park(Native Method)
        at java.util.concurrent.locks.LockSupport.parkNanos(LockSupport.java:215)
        at java.util.concurrent.locks.AbstractQueuedSynchronizer$ConditionObject.awaitNanos(AbstractQueuedSynchronizer.java:2078)
        at java.util.concurrent.LinkedBlockingQueue.poll(LinkedBlockingQueue.java:467)
        at org.apache.hadoop.ipc.CallQueueManager.take(CallQueueManager.java:317)
        at org.apache.hadoop.ipc.Server$Handler.run(Server.java:2942)
"StaleRecoveringContainerScrubbingService#2" daemon prio=5 tid=895 in Object.wait()
java.lang.Thread.State: WAITING (on object monitor)
        at sun.misc.Unsafe.park(Native Method)
        at java.util.concurrent.locks.LockSupport.park(LockSupport.java:175)
        at java.util.concurrent.locks.AbstractQueuedSynchronizer$ConditionObject.await(AbstractQueuedSynchronizer.java:2039)
        at java.util.concurrent.ScheduledThreadPoolExecutor$DelayedWorkQueue.take(ScheduledThreadPoolExecutor.java:1088)
        at java.util.concurrent.ScheduledThreadPoolExecutor$DelayedWorkQueue.take(ScheduledThreadPoolExecutor.java:809)
        at java.util.concurrent.ThreadPoolExecutor.getTask(ThreadPoolExecutor.java:1074)
        at java.util.concurrent.ThreadPoolExecutor.runWorker(ThreadPoolExecutor.java:1134)
        at java.util.concurrent.ThreadPoolExecutor$Worker.run(ThreadPoolExecutor.java:624)
        at java.lang.Thread.run(Thread.java:750)
"org.apache.hadoop.util.JvmPauseMonitor$Monitor@5478e4b" daemon prio=5 tid=425 timed_waiting
java.lang.Thread.State: TIMED_WAITING
        at java.lang.Thread.sleep(Native Method)
        at org.apache.hadoop.util.JvmPauseMonitor$Monitor.run(JvmPauseMonitor.java:192)
        at java.lang.Thread.run(Thread.java:750)
"IPC Client (1459653060) connection to 0.0.0.0/0.0.0.0:43219 from runner" daemon prio=5 tid=343 timed_waiting
java.lang.Thread.State: TIMED_WAITING
        at java.lang.Object.wait(Native Method)
        at org.apache.hadoop.ipc.Client$Connection.waitForWork(Client.java:1086)
        at org.apache.hadoop.ipc.Client$Connection.run(Client.java:1133)
"9d921ae2-dac8-442e-8311-fdc102c02170@group-728B1F2A2928-StateMachineUpdater" daemon prio=5 tid=618 timed_waiting
java.lang.Thread.State: TIMED_WAITING
        at sun.misc.Unsafe.park(Native Method)
        at java.util.concurrent.locks.LockSupport.parkNanos(LockSupport.java:215)
        at java.util.concurrent.CompletableFuture$Signaller.block(CompletableFuture.java:1709)
        at java.util.concurrent.ForkJoinPool.managedBlock(ForkJoinPool.java:3323)
        at java.util.concurrent.CompletableFuture.timedGet(CompletableFuture.java:1788)
        at java.util.concurrent.CompletableFuture.get(CompletableFuture.java:1928)
        at org.apache.ratis.util.AwaitForSignal.await(AwaitForSignal.java:56)
        at org.apache.ratis.server.impl.StateMachineUpdater.waitForCommit(StateMachineUpdater.java:207)
        at org.apache.ratis.server.impl.StateMachineUpdater.run(StateMachineUpdater.java:176)
        at java.lang.Thread.run(Thread.java:750)
"StaleRecoveringContainerScrubbingService#1" daemon prio=5 tid=558 timed_waiting
java.lang.Thread.State: TIMED_WAITING
        at sun.misc.Unsafe.park(Native Method)
        at java.util.concurrent.locks.LockSupport.parkNanos(LockSupport.java:215)
        at java.util.concurrent.locks.AbstractQueuedSynchronizer$ConditionObject.awaitNanos(AbstractQueuedSynchronizer.java:2078)
        at java.util.concurrent.ScheduledThreadPoolExecutor$DelayedWorkQueue.take(ScheduledThreadPoolExecutor.java:1093)
        at java.util.concurrent.ScheduledThreadPoolExecutor$DelayedWorkQueue.take(ScheduledThreadPoolExecutor.java:809)
        at java.util.concurrent.ThreadPoolExecutor.getTask(ThreadPoolExecutor.java:1074)
        at java.util.concurrent.ThreadPoolExecutor.runWorker(ThreadPoolExecutor.java:1134)
        at java.util.concurrent.ThreadPoolExecutor$Worker.run(ThreadPoolExecutor.java:624)
        at java.lang.Thread.run(Thread.java:750)
"ChunkReader-ELG-0" daemon prio=5 tid=529 runnable
java.lang.Thread.State: RUNNABLE
        at org.apache.ratis.thirdparty.io.netty.channel.epoll.Native.epollWait(Native Method)
        at org.apache.ratis.thirdparty.io.netty.channel.epoll.Native.epollWait(Native.java:209)
        at org.apache.ratis.thirdparty.io.netty.channel.epoll.Native.epollWait(Native.java:202)
        at org.apache.ratis.thirdparty.io.netty.channel.epoll.EpollEventLoop.epollWaitNoTimerChange(EpollEventLoop.java:294)
        at org.apache.ratis.thirdparty.io.netty.channel.epoll.EpollEventLoop.run(EpollEventLoop.java:351)
        at org.apache.ratis.thirdparty.io.netty.util.concurrent.SingleThreadEventExecutor$4.run(SingleThreadEventExecutor.java:995)
        at org.apache.ratis.thirdparty.io.netty.util.internal.ThreadExecutorMap$2.run(ThreadExecutorMap.java:74)
        at java.lang.Thread.run(Thread.java:750)
"Socket Reader #1 for port 0"  prio=5 tid=121 runnable
java.lang.Thread.State: RUNNABLE
        at sun.nio.ch.EPollArrayWrapper.epollWait(Native Method)
        at sun.nio.ch.EPollArrayWrapper.poll(EPollArrayWrapper.java:269)
        at sun.nio.ch.EPollSelectorImpl.doSelect(EPollSelectorImpl.java:93)
        at sun.nio.ch.SelectorImpl.lockAndDoSelect(SelectorImpl.java:86)
        at sun.nio.ch.SelectorImpl.select(SelectorImpl.java:97)
        at sun.nio.ch.SelectorImpl.select(SelectorImpl.java:101)
        at org.apache.hadoop.ipc.Server$Listener$Reader.doRunLoop(Server.java:1296)
        at org.apache.hadoop.ipc.Server$Listener$Reader.run(Server.java:1275)
"21cd38f2-3152-4a7b-bfd6-5bc3f4c93f15@group-2331FFA763EF-SegmentedRaftLogWorker"  prio=5 tid=631 timed_waiting
java.lang.Thread.State: TIMED_WAITING
        at sun.misc.Unsafe.park(Native Method)
        at java.util.concurrent.locks.LockSupport.parkNanos(LockSupport.java:215)
        at java.util.concurrent.locks.AbstractQueuedSynchronizer$ConditionObject.awaitNanos(AbstractQueuedSynchronizer.java:2078)
        at org.apache.ratis.util.DataBlockingQueue.poll(DataBlockingQueue.java:148)
        at org.apache.ratis.server.raftlog.segmented.SegmentedRaftLogWorker.run(SegmentedRaftLogWorker.java:310)
        at org.apache.ratis.server.raftlog.segmented.SegmentedRaftLogWorker$$Lambda$665/1172168715.run(Unknown Source)
        at java.lang.Thread.run(Thread.java:750)
"Datanode ReportManager Thread - 4" daemon prio=5 tid=423 timed_waiting
java.lang.Thread.State: TIMED_WAITING
        at sun.misc.Unsafe.park(Native Method)
        at java.util.concurrent.locks.LockSupport.parkNanos(LockSupport.java:215)
        at java.util.concurrent.locks.AbstractQueuedSynchronizer$ConditionObject.awaitNanos(AbstractQueuedSynchronizer.java:2078)
        at java.util.concurrent.ScheduledThreadPoolExecutor$DelayedWorkQueue.take(ScheduledThreadPoolExecutor.java:1093)
        at java.util.concurrent.ScheduledThreadPoolExecutor$DelayedWorkQueue.take(ScheduledThreadPoolExecutor.java:809)
        at java.util.concurrent.ThreadPoolExecutor.getTask(ThreadPoolExecutor.java:1074)
        at java.util.concurrent.ThreadPoolExecutor.runWorker(ThreadPoolExecutor.java:1134)
        at java.util.concurrent.ThreadPoolExecutor$Worker.run(ThreadPoolExecutor.java:624)
        at java.lang.Thread.run(Thread.java:750)
"Datanode ReportManager Thread - 3" daemon prio=5 tid=241 in Object.wait()
java.lang.Thread.State: WAITING (on object monitor)
        at sun.misc.Unsafe.park(Native Method)
        at java.util.concurrent.locks.LockSupport.park(LockSupport.java:175)
        at java.util.concurrent.locks.AbstractQueuedSynchronizer$ConditionObject.await(AbstractQueuedSynchronizer.java:2039)
        at java.util.concurrent.ScheduledThreadPoolExecutor$DelayedWorkQueue.take(ScheduledThreadPoolExecutor.java:1088)
        at java.util.concurrent.ScheduledThreadPoolExecutor$DelayedWorkQueue.take(ScheduledThreadPoolExecutor.java:809)
        at java.util.concurrent.ThreadPoolExecutor.getTask(ThreadPoolExecutor.java:1074)
        at java.util.concurrent.ThreadPoolExecutor.runWorker(ThreadPoolExecutor.java:1134)
        at java.util.concurrent.ThreadPoolExecutor$Worker.run(ThreadPoolExecutor.java:624)
        at java.lang.Thread.run(Thread.java:750)
"IPC Server handler 18 on default port 42141" daemon prio=5 tid=162 timed_waiting
java.lang.Thread.State: TIMED_WAITING
        at sun.misc.Unsafe.park(Native Method)
        at java.util.concurrent.locks.LockSupport.parkNanos(LockSupport.java:215)
        at java.util.concurrent.locks.AbstractQueuedSynchronizer$ConditionObject.awaitNanos(AbstractQueuedSynchronizer.java:2078)
        at java.util.concurrent.LinkedBlockingQueue.poll(LinkedBlockingQueue.java:467)
        at org.apache.hadoop.ipc.CallQueueManager.take(CallQueueManager.java:317)
        at org.apache.hadoop.ipc.Server$Handler.run(Server.java:2942)
"qtp590000838-413" daemon prio=5 tid=413 timed_waiting
java.lang.Thread.State: TIMED_WAITING
        at sun.misc.Unsafe.park(Native Method)
        at java.util.concurrent.locks.LockSupport.parkNanos(LockSupport.java:215)
        at java.util.concurrent.locks.AbstractQueuedSynchronizer$ConditionObject.awaitNanos(AbstractQueuedSynchronizer.java:2078)
        at org.eclipse.jetty.util.BlockingArrayQueue.poll(BlockingArrayQueue.java:382)
        at org.eclipse.jetty.util.thread.QueuedThreadPool$Runner.idleJobPoll(QueuedThreadPool.java:974)
        at org.eclipse.jetty.util.thread.QueuedThreadPool$Runner.run(QueuedThreadPool.java:1018)
        at java.lang.Thread.run(Thread.java:750)
"om1@group-C5BA1605619E-SegmentedRaftLogWorker"  prio=5 tid=125 timed_waiting
java.lang.Thread.State: TIMED_WAITING
        at sun.misc.Unsafe.park(Native Method)
        at java.util.concurrent.locks.LockSupport.parkNanos(LockSupport.java:215)
        at java.util.concurrent.locks.AbstractQueuedSynchronizer$ConditionObject.awaitNanos(AbstractQueuedSynchronizer.java:2078)
        at org.apache.ratis.util.DataBlockingQueue.poll(DataBlockingQueue.java:148)
        at org.apache.ratis.server.raftlog.segmented.SegmentedRaftLogWorker.run(SegmentedRaftLogWorker.java:310)
        at org.apache.ratis.server.raftlog.segmented.SegmentedRaftLogWorker$$Lambda$665/1172168715.run(Unknown Source)
        at java.lang.Thread.run(Thread.java:750)
"timer3" daemon prio=5 tid=690 timed_waiting
java.lang.Thread.State: TIMED_WAITING
        at java.lang.Object.wait(Native Method)
        at java.util.TimerThread.mainLoop(Timer.java:552)
        at java.util.TimerThread.run(Timer.java:505)
"EndpointStateMachine task thread for /0.0.0.0:43219 - 0 "  prio=5 tid=342 in Object.wait()
java.lang.Thread.State: WAITING (on object monitor)
        at sun.misc.Unsafe.park(Native Method)
        at java.util.concurrent.locks.LockSupport.park(LockSupport.java:175)
        at java.util.concurrent.locks.AbstractQueuedSynchronizer$ConditionObject.await(AbstractQueuedSynchronizer.java:2039)
        at java.util.concurrent.LinkedBlockingQueue.take(LinkedBlockingQueue.java:442)
        at java.util.concurrent.ThreadPoolExecutor.getTask(ThreadPoolExecutor.java:1074)
        at java.util.concurrent.ThreadPoolExecutor.runWorker(ThreadPoolExecutor.java:1134)
        at java.util.concurrent.ThreadPoolExecutor$Worker.run(ThreadPoolExecutor.java:624)
        at java.lang.Thread.run(Thread.java:750)
"om1@group-C5BA1605619E-LeaderStateImpl" daemon prio=5 tid=210 timed_waiting
java.lang.Thread.State: TIMED_WAITING
        at sun.misc.Unsafe.park(Native Method)
        at java.util.concurrent.locks.LockSupport.parkNanos(LockSupport.java:215)
        at java.util.concurrent.locks.AbstractQueuedSynchronizer$ConditionObject.awaitNanos(AbstractQueuedSynchronizer.java:2078)
        at java.util.concurrent.ArrayBlockingQueue.poll(ArrayBlockingQueue.java:418)
        at org.apache.ratis.server.impl.LeaderStateImpl$EventQueue.poll(LeaderStateImpl.java:159)
        at org.apache.ratis.server.impl.LeaderStateImpl$EventProcessor.run(LeaderStateImpl.java:630)
"Datanode State Machine Task Thread - 1"  prio=5 tid=477 in Object.wait()
java.lang.Thread.State: WAITING (on object monitor)
        at sun.misc.Unsafe.park(Native Method)
        at java.util.concurrent.locks.LockSupport.park(LockSupport.java:175)
        at java.util.concurrent.locks.AbstractQueuedSynchronizer$ConditionObject.await(AbstractQueuedSynchronizer.java:2039)
        at java.util.concurrent.LinkedBlockingQueue.take(LinkedBlockingQueue.java:442)
        at java.util.concurrent.ThreadPoolExecutor.getTask(ThreadPoolExecutor.java:1074)
        at java.util.concurrent.ThreadPoolExecutor.runWorker(ThreadPoolExecutor.java:1134)
        at java.util.concurrent.ThreadPoolExecutor$Worker.run(ThreadPoolExecutor.java:624)
        at java.lang.Thread.run(Thread.java:750)
"IPC Server handler 5 on default port 34213" daemon prio=5 tid=42 timed_waiting
java.lang.Thread.State: TIMED_WAITING
        at sun.misc.Unsafe.park(Native Method)
        at java.util.concurrent.locks.LockSupport.parkNanos(LockSupport.java:215)
        at java.util.concurrent.locks.AbstractQueuedSynchronizer$ConditionObject.awaitNanos(AbstractQueuedSynchronizer.java:2078)
        at java.util.concurrent.LinkedBlockingQueue.poll(LinkedBlockingQueue.java:467)
        at org.apache.hadoop.ipc.CallQueueManager.take(CallQueueManager.java:317)
        at org.apache.hadoop.ipc.Server$Handler.run(Server.java:2942)
"PartialTableCache Cleanup Thread - 0" daemon prio=5 tid=890 in Object.wait()
java.lang.Thread.State: WAITING (on object monitor)
        at sun.misc.Unsafe.park(Native Method)
        at java.util.concurrent.locks.LockSupport.park(LockSupport.java:175)
        at java.util.concurrent.locks.AbstractQueuedSynchronizer$ConditionObject.await(AbstractQueuedSynchronizer.java:2039)
        at java.util.concurrent.LinkedBlockingQueue.take(LinkedBlockingQueue.java:442)
        at java.util.concurrent.ThreadPoolExecutor.getTask(ThreadPoolExecutor.java:1074)
        at java.util.concurrent.ThreadPoolExecutor.runWorker(ThreadPoolExecutor.java:1134)
        at java.util.concurrent.ThreadPoolExecutor$Worker.run(ThreadPoolExecutor.java:624)
        at java.lang.Thread.run(Thread.java:750)
"IPC Server handler 10 on default port 34213" daemon prio=5 tid=47 timed_waiting
java.lang.Thread.State: TIMED_WAITING
        at sun.misc.Unsafe.park(Native Method)
        at java.util.concurrent.locks.LockSupport.parkNanos(LockSupport.java:215)
        at java.util.concurrent.locks.AbstractQueuedSynchronizer$ConditionObject.awaitNanos(AbstractQueuedSynchronizer.java:2078)
        at java.util.concurrent.LinkedBlockingQueue.poll(LinkedBlockingQueue.java:467)
        at org.apache.hadoop.ipc.CallQueueManager.take(CallQueueManager.java:317)
        at org.apache.hadoop.ipc.Server$Handler.run(Server.java:2942)
"7b6afef0-558a-4ad8-bcfc-b2255c7aee53-server-thread3" daemon prio=5 tid=852 timed_waiting
java.lang.Thread.State: TIMED_WAITING
        at sun.misc.Unsafe.park(Native Method)
        at java.util.concurrent.locks.LockSupport.parkNanos(LockSupport.java:215)
        at java.util.concurrent.SynchronousQueue$TransferStack.awaitFulfill(SynchronousQueue.java:460)
        at java.util.concurrent.SynchronousQueue$TransferStack.transfer(SynchronousQueue.java:362)
        at java.util.concurrent.SynchronousQueue.poll(SynchronousQueue.java:941)
        at java.util.concurrent.ThreadPoolExecutor.getTask(ThreadPoolExecutor.java:1073)
        at java.util.concurrent.ThreadPoolExecutor.runWorker(ThreadPoolExecutor.java:1134)
        at java.util.concurrent.ThreadPoolExecutor$Worker.run(ThreadPoolExecutor.java:624)
        at java.lang.Thread.run(Thread.java:750)
"Datanode ReportManager Thread - 4" daemon prio=5 tid=188 timed_waiting
java.lang.Thread.State: TIMED_WAITING
        at sun.misc.Unsafe.park(Native Method)
        at java.util.concurrent.locks.LockSupport.parkNanos(LockSupport.java:215)
        at java.util.concurrent.locks.AbstractQueuedSynchronizer$ConditionObject.awaitNanos(AbstractQueuedSynchronizer.java:2078)
        at java.util.concurrent.ScheduledThreadPoolExecutor$DelayedWorkQueue.take(ScheduledThreadPoolExecutor.java:1093)
        at java.util.concurrent.ScheduledThreadPoolExecutor$DelayedWorkQueue.take(ScheduledThreadPoolExecutor.java:809)
        at java.util.concurrent.ThreadPoolExecutor.getTask(ThreadPoolExecutor.java:1074)
        at java.util.concurrent.ThreadPoolExecutor.runWorker(ThreadPoolExecutor.java:1134)
        at java.util.concurrent.ThreadPoolExecutor$Worker.run(ThreadPoolExecutor.java:624)
        at java.lang.Thread.run(Thread.java:750)
"Datanode State Machine Daemon Thread" daemon prio=5 tid=263 timed_waiting
java.lang.Thread.State: TIMED_WAITING
        at java.lang.Thread.sleep(Native Method)
        at org.apache.hadoop.ozone.container.common.statemachine.DatanodeStateMachine.startStateMachineThread(DatanodeStateMachine.java:321)
        at org.apache.hadoop.ozone.container.common.statemachine.DatanodeStateMachine.lambda$startDaemon$0(DatanodeStateMachine.java:506)
        at org.apache.hadoop.ozone.container.common.statemachine.DatanodeStateMachine$$Lambda$750/913259276.run(Unknown Source)
        at java.lang.Thread.run(Thread.java:750)


	at org.apache.ozone.test.GenericTestUtils.waitFor(GenericTestUtils.java:224)
	at org.apache.hadoop.ozone.container.TestECContainerRecovery.waitForContainerCount(TestECContainerRecovery.java:265)
	at org.apache.hadoop.ozone.container.TestECContainerRecovery.testContainerRecoveryOverReplicationProcessing(TestECContainerRecovery.java:209)
	at sun.reflect.NativeMethodAccessorImpl.invoke0(Native Method)
	at sun.reflect.NativeMethodAccessorImpl.invoke(NativeMethodAccessorImpl.java:62)
	at sun.reflect.DelegatingMethodAccessorImpl.invoke(DelegatingMethodAccessorImpl.java:43)
	at java.lang.reflect.Method.invoke(Method.java:498)
	at org.junit.platform.commons.util.ReflectionUtils.invokeMethod(ReflectionUtils.java:725)
	at org.junit.jupiter.engine.execution.MethodInvocation.proceed(MethodInvocation.java:60)
	at org.junit.jupiter.engine.execution.InvocationInterceptorChain$ValidatingInvocation.proceed(InvocationInterceptorChain.java:131)
	at org.junit.jupiter.engine.extension.TimeoutExtension.intercept(TimeoutExtension.java:149)
	at org.junit.jupiter.engine.extension.TimeoutExtension.interceptTestableMethod(TimeoutExtension.java:140)
	at org.junit.jupiter.engine.extension.TimeoutExtension.interceptTestMethod(TimeoutExtension.java:84)
	at org.junit.jupiter.engine.execution.ExecutableInvoker$ReflectiveInterceptorCall.lambda$ofVoidMethod$0(ExecutableInvoker.java:115)
	at org.junit.jupiter.engine.execution.ExecutableInvoker.lambda$invoke$0(ExecutableInvoker.java:105)
	at org.junit.jupiter.engine.execution.InvocationInterceptorChain$InterceptedInvocation.proceed(InvocationInterceptorChain.java:106)
	at org.junit.jupiter.engine.execution.InvocationInterceptorChain.proceed(InvocationInterceptorChain.java:64)
	at org.junit.jupiter.engine.execution.InvocationInterceptorChain.chainAndInvoke(InvocationInterceptorChain.java:45)
	at org.junit.jupiter.engine.execution.InvocationInterceptorChain.invoke(InvocationInterceptorChain.java:37)
	at org.junit.jupiter.engine.execution.ExecutableInvoker.invoke(ExecutableInvoker.java:104)
	at org.junit.jupiter.engine.execution.ExecutableInvoker.invoke(ExecutableInvoker.java:98)
	at org.junit.jupiter.engine.descriptor.TestMethodTestDescriptor.lambda$invokeTestMethod$7(TestMethodTestDescriptor.java:214)
	at org.junit.platform.engine.support.hierarchical.ThrowableCollector.execute(ThrowableCollector.java:73)
	at org.junit.jupiter.engine.descriptor.TestMethodTestDescriptor.invokeTestMethod(TestMethodTestDescriptor.java:210)
	at org.junit.jupiter.engine.descriptor.TestMethodTestDescriptor.execute(TestMethodTestDescriptor.java:135)
	at org.junit.jupiter.engine.descriptor.TestMethodTestDescriptor.execute(TestMethodTestDescriptor.java:66)
	at org.junit.platform.engine.support.hierarchical.NodeTestTask.lambda$executeRecursively$6(NodeTestTask.java:151)
	at org.junit.platform.engine.support.hierarchical.ThrowableCollector.execute(ThrowableCollector.java:73)
	at org.junit.platform.engine.support.hierarchical.NodeTestTask.lambda$executeRecursively$8(NodeTestTask.java:141)
	at org.junit.platform.engine.support.hierarchical.Node.around(Node.java:137)
	at org.junit.platform.engine.support.hierarchical.NodeTestTask.lambda$executeRecursively$9(NodeTestTask.java:139)
	at org.junit.platform.engine.support.hierarchical.ThrowableCollector.execute(ThrowableCollector.java:73)
	at org.junit.platform.engine.support.hierarchical.NodeTestTask.executeRecursively(NodeTestTask.java:138)
	at org.junit.platform.engine.support.hierarchical.NodeTestTask.execute(NodeTestTask.java:95)
	at java.util.ArrayList.forEach(ArrayList.java:1259)
	at org.junit.platform.engine.support.hierarchical.SameThreadHierarchicalTestExecutorService.invokeAll(SameThreadHierarchicalTestExecutorService.java:41)
	at org.junit.platform.engine.support.hierarchical.NodeTestTask.lambda$executeRecursively$6(NodeTestTask.java:155)
	at org.junit.platform.engine.support.hierarchical.ThrowableCollector.execute(ThrowableCollector.java:73)
	at org.junit.platform.engine.support.hierarchical.NodeTestTask.lambda$executeRecursively$8(NodeTestTask.java:141)
	at org.junit.platform.engine.support.hierarchical.Node.around(Node.java:137)
	at org.junit.platform.engine.support.hierarchical.NodeTestTask.lambda$executeRecursively$9(NodeTestTask.java:139)
	at org.junit.platform.engine.support.hierarchical.ThrowableCollector.execute(ThrowableCollector.java:73)
	at org.junit.platform.engine.support.hierarchical.NodeTestTask.executeRecursively(NodeTestTask.java:138)
	at org.junit.platform.engine.support.hierarchical.NodeTestTask.execute(NodeTestTask.java:95)
	at java.util.ArrayList.forEach(ArrayList.java:1259)
	at org.junit.platform.engine.support.hierarchical.SameThreadHierarchicalTestExecutorService.invokeAll(SameThreadHierarchicalTestExecutorService.java:41)
	at org.junit.platform.engine.support.hierarchical.NodeTestTask.lambda$executeRecursively$6(NodeTestTask.java:155)
	at org.junit.platform.engine.support.hierarchical.ThrowableCollector.execute(ThrowableCollector.java:73)
	at org.junit.platform.engine.support.hierarchical.NodeTestTask.lambda$executeRecursively$8(NodeTestTask.java:141)
	at org.junit.platform.engine.support.hierarchical.Node.around(Node.java:137)
	at org.junit.platform.engine.support.hierarchical.NodeTestTask.lambda$executeRecursively$9(NodeTestTask.java:139)
	at org.junit.platform.engine.support.hierarchical.ThrowableCollector.execute(ThrowableCollector.java:73)
	at org.junit.platform.engine.support.hierarchical.NodeTestTask.executeRecursively(NodeTestTask.java:138)
	at org.junit.platform.engine.support.hierarchical.NodeTestTask.execute(NodeTestTask.java:95)
	at org.junit.platform.engine.support.hierarchical.SameThreadHierarchicalTestExecutorService.submit(SameThreadHierarchicalTestExecutorService.java:35)
	at org.junit.platform.engine.support.hierarchical.HierarchicalTestExecutor.execute(HierarchicalTestExecutor.java:57)
	at org.junit.platform.engine.support.hierarchical.HierarchicalTestEngine.execute(HierarchicalTestEngine.java:54)
	at org.junit.platform.launcher.core.EngineExecutionOrchestrator.execute(EngineExecutionOrchestrator.java:107)
	at org.junit.platform.launcher.core.EngineExecutionOrchestrator.execute(EngineExecutionOrchestrator.java:88)
	at org.junit.platform.launcher.core.EngineExecutionOrchestrator.lambda$execute$0(EngineExecutionOrchestrator.java:54)
	at org.junit.platform.launcher.core.EngineExecutionOrchestrator.withInterceptedStreams(EngineExecutionOrchestrator.java:67)
	at org.junit.platform.launcher.core.EngineExecutionOrchestrator.execute(EngineExecutionOrchestrator.java:52)
	at org.junit.platform.launcher.core.DefaultLauncher.execute(DefaultLauncher.java:114)
	at org.junit.platform.launcher.core.DefaultLauncher.execute(DefaultLauncher.java:86)
	at org.junit.platform.launcher.core.DefaultLauncherSession$DelegatingLauncher.execute(DefaultLauncherSession.java:86)
	at org.junit.platform.launcher.core.SessionPerRequestLauncher.execute(SessionPerRequestLauncher.java:53)
	at org.apache.maven.surefire.junitplatform.JUnitPlatformProvider.execute(JUnitPlatformProvider.java:188)
	at org.apache.maven.surefire.junitplatform.JUnitPlatformProvider.invokeAllTests(JUnitPlatformProvider.java:154)
	at org.apache.maven.surefire.junitplatform.JUnitPlatformProvider.invoke(JUnitPlatformProvider.java:124)
	at org.apache.maven.surefire.booter.ForkedBooter.runSuitesInProcess(ForkedBooter.java:428)
	at org.apache.maven.surefire.booter.ForkedBooter.execute(ForkedBooter.java:162)
	at org.apache.maven.surefire.booter.ForkedBooter.run(ForkedBooter.java:562)
	at org.apache.maven.surefire.booter.ForkedBooter.main(ForkedBooter.java:548)
]]></error>
    <system-out><![CDATA[2022-10-28 11:28:39,710 [main] WARN  server.ServerUtils (ServerUtils.java:getScmDbDir(148)) - ozone.scm.db.dirs is not configured. We recommend adding this setting. Falling back to ozone.metadata.dirs instead.
2022-10-28 11:28:39,771 [main] WARN  server.ServerUtils (ServerUtils.java:getScmDbDir(148)) - ozone.scm.db.dirs is not configured. We recommend adding this setting. Falling back to ozone.metadata.dirs instead.
2022-10-28 11:28:39,774 [main] INFO  ha.SCMHANodeDetails (SCMHANodeDetails.java:loadSCMHAConfig(209)) - ServiceID for StorageContainerManager is null
2022-10-28 11:28:39,783 [main] WARN  ha.SCMHANodeDetails (SCMHANodeDetails.java:validateSCMHAConfig(182)) - Invalid config ozone.scm.ratis.enable. The config was not specified, but the default value true conflicts with the expected config value false. Falling back to the expected value. Current State of SCM: SCM is running in Non-HA without Ratis Ratis SCM -> Non Ratis SCM or Non HA SCM -> HA SCM is not supported
2022-10-28 11:28:39,783 [main] INFO  ha.SCMHANodeDetails (SCMHANodeDetails.java:loadSCMHAConfig(214)) - ozone.scm.default.service.id is not defined, falling back to ozone.scm.service.ids to find serviceID for StorageContainerManager if it is HA enabled cluster
2022-10-28 11:28:40,205 [main] WARN  utils.HAUtils (HAUtils.java:getMetaDir(342)) - ozone.scm.db.dirs is not configured. We recommend adding this setting. Falling back to ozone.metadata.dirs instead.
2022-10-28 11:28:40,337 [main] WARN  db.DBStoreBuilder (DBStoreBuilder.java:applyDBDefinition(144)) - ozone.scm.db.dirs is not configured. We recommend adding this setting. Falling back to ozone.metadata.dirs instead.
2022-10-28 11:28:40,588 [main] INFO  net.NodeSchemaLoader (NodeSchemaLoader.java:loadSchemaFromFile(129)) - Loading schema from [jar:file:/home/runner/.m2/repository/org/apache/ozone/hdds-common/1.3.0-SNAPSHOT/hdds-common-1.3.0-SNAPSHOT.jar!/network-topology-default.xml]
2022-10-28 11:28:40,590 [main] INFO  net.NodeSchemaLoader (NodeSchemaLoader.java:loadSchema(176)) - Loading network topology layer schema file
2022-10-28 11:28:40,625 [main] INFO  metrics.MetricRegistries (MetricRegistriesLoader.java:load(64)) - Loaded MetricRegistries class org.apache.ratis.metrics.impl.MetricRegistriesImpl
2022-10-28 11:28:40,630 [main] INFO  upgrade.AbstractLayoutVersionManager (AbstractLayoutVersionManager.java:init(83)) - Initializing Layout version manager with metadata layout = DATANODE_SCHEMA_V3 (version = 4), software layout = DATANODE_SCHEMA_V3 (version = 4)
2022-10-28 11:28:40,797 [main] INFO  reflections.Reflections (Reflections.java:scan(232)) - Reflections took 110 ms to scan 7 urls, producing 136 keys and 331 values 
2022-10-28 11:28:40,882 [main] INFO  ha.SequenceIdGenerator (SequenceIdGenerator.java:upgradeToSequenceId(349)) - upgrade localId to 109611004723200000
2022-10-28 11:28:40,882 [main] INFO  ha.SequenceIdGenerator (SequenceIdGenerator.java:upgradeToSequenceId(359)) - upgrade delTxnId to 0
2022-10-28 11:28:40,886 [main] INFO  ha.SequenceIdGenerator (SequenceIdGenerator.java:upgradeToSequenceId(376)) - upgrade containerId to 0
2022-10-28 11:28:40,888 [main] INFO  ha.SequenceIdGenerator (SequenceIdGenerator.java:<init>(220)) - Init the HA SequenceIdGenerator.
2022-10-28 11:28:40,922 [main] WARN  server.ServerUtils (ServerUtils.java:sanitizeUserArgs(67)) - ozone.scm.stale.node.interval value = 1000 is smaller than min = 3000 based on the key value of hdds.heartbeat.interval, reset to the min value 3000.
2022-10-28 11:28:40,922 [main] WARN  server.ServerUtils (ServerUtils.java:sanitizeUserArgs(67)) - ozone.scm.stale.node.interval value = 1000 is smaller than min = 3000 based on the key value of hdds.heartbeat.interval, reset to the min value 3000.
2022-10-28 11:28:40,922 [main] WARN  server.ServerUtils (ServerUtils.java:sanitizeUserArgs(67)) - ozone.scm.dead.node.interval value = 1000 is smaller than min = 6000 based on the key value of ozone.scm.stale.node.interval, reset to the min value 6000.
2022-10-28 11:28:40,928 [main] INFO  node.SCMNodeManager (SCMNodeManager.java:<init>(149)) - Entering startup safe mode.
2022-10-28 11:28:40,982 [main] INFO  algorithms.ContainerPlacementPolicyFactory (ContainerPlacementPolicyFactory.java:getPolicyInternal(86)) - Create container placement policy of type org.apache.hadoop.hdds.scm.container.placement.algorithms.SCMContainerPlacementRandom
2022-10-28 11:28:40,984 [main] INFO  algorithms.ContainerPlacementPolicyFactory (ContainerPlacementPolicyFactory.java:getPolicyInternal(86)) - Create container placement policy of type org.apache.hadoop.hdds.scm.container.placement.algorithms.SCMContainerPlacementRackScatter
2022-10-28 11:28:41,000 [main] INFO  pipeline.PipelineStateManagerImpl (PipelineStateManagerImpl.java:initialize(78)) - No pipeline exists in current db
2022-10-28 11:28:41,033 [main] INFO  algorithms.LeaderChoosePolicyFactory (LeaderChoosePolicyFactory.java:getPolicy(57)) - Create leader choose policy of type org.apache.hadoop.hdds.scm.pipeline.leader.choose.algorithms.MinLeaderCountChoosePolicy
2022-10-28 11:28:41,034 [main] INFO  algorithms.ContainerPlacementPolicyFactory (ContainerPlacementPolicyFactory.java:getPolicyInternal(86)) - Create container placement policy of type org.apache.hadoop.hdds.scm.container.placement.algorithms.SCMContainerPlacementRackScatter
2022-10-28 11:28:41,039 [main] INFO  ha.SCMServiceManager (SCMServiceManager.java:register(42)) - Registering service BackgroundPipelineCreator.
2022-10-28 11:28:41,039 [main] INFO  pipeline.BackgroundPipelineCreator (BackgroundPipelineCreator.java:start(124)) - Starting RatisPipelineUtilsThread.
2022-10-28 11:28:41,043 [main] INFO  BackgroundPipelineScrubber (BackgroundSCMService.java:start(68)) - Starting BackgroundPipelineScrubber Service.
2022-10-28 11:28:41,045 [main] INFO  ha.SCMServiceManager (SCMServiceManager.java:register(42)) - Registering service BackgroundPipelineScrubber.
2022-10-28 11:28:41,051 [main] INFO  ExpiredContainerReplicaOpScrubber (BackgroundSCMService.java:start(68)) - Starting ExpiredContainerReplicaOpScrubber Service.
2022-10-28 11:28:41,057 [main] INFO  ha.SCMServiceManager (SCMServiceManager.java:register(42)) - Registering service ExpiredContainerReplicaOpScrubber.
2022-10-28 11:28:41,105 [main] INFO  algorithms.PipelineChoosePolicyFactory (PipelineChoosePolicyFactory.java:createPipelineChoosePolicyFromClass(73)) - Create pipeline choose policy of type org.apache.hadoop.hdds.scm.pipeline.choose.algorithms.RandomPipelineChoosePolicy
2022-10-28 11:28:41,126 [main] INFO  ha.SCMServiceManager (SCMServiceManager.java:register(42)) - Registering service SCMBlockDeletingService.
2022-10-28 11:28:41,179 [main] INFO  replication.ReplicationManager (ReplicationManager.java:start(234)) - Starting Replication Monitor Thread.
2022-10-28 11:28:41,186 [main] INFO  ha.SCMServiceManager (SCMServiceManager.java:register(42)) - Registering service ReplicationManager.
2022-10-28 11:28:41,188 [ReplicationMonitor] INFO  replication.ReplicationManager (ReplicationManager.java:processAll(302)) - Replication Manager is not ready to run until 3000ms after safemode exit
2022-10-28 11:28:41,194 [main] INFO  safemode.ContainerSafeModeRule (ContainerSafeModeRule.java:<init>(89)) - containers with one replica threshold count 0
2022-10-28 11:28:41,197 [main] INFO  safemode.HealthyPipelineSafeModeRule (HealthyPipelineSafeModeRule.java:initializeRule(169)) - Total pipeline count is 0, healthy pipeline threshold count is 1
2022-10-28 11:28:41,205 [main] INFO  safemode.OneReplicaPipelineSafeModeRule (OneReplicaPipelineSafeModeRule.java:initializeRule(180)) - Total pipeline count is 0, pipeline's with at least one datanode reported threshold count is 0
2022-10-28 11:28:41,479 [main] INFO  audit.AuditLogger (AuditLogger.java:refreshDebugCmdSet(126)) - Refresh DebugCmdSet for SCMAudit to [].
2022-10-28 11:28:41,507 [main] INFO  ipc.CallQueueManager (CallQueueManager.java:<init>(90)) - Using callQueue: class java.util.concurrent.LinkedBlockingQueue, queueCapacity: 2000, scheduler: class org.apache.hadoop.ipc.DefaultRpcScheduler, ipcBackoff: false.
2022-10-28 11:28:41,541 [Socket Reader #1 for port 0] INFO  ipc.Server (Server.java:run(1273)) - Starting Socket Reader #1 for port 0
2022-10-28 11:28:41,600 [Listener at 0.0.0.0/43219] INFO  audit.AuditLogger (AuditLogger.java:refreshDebugCmdSet(126)) - Refresh DebugCmdSet for SCMAudit to [].
2022-10-28 11:28:41,609 [Listener at 0.0.0.0/43219] INFO  ipc.CallQueueManager (CallQueueManager.java:<init>(90)) - Using callQueue: class java.util.concurrent.LinkedBlockingQueue, queueCapacity: 2000, scheduler: class org.apache.hadoop.ipc.DefaultRpcScheduler, ipcBackoff: false.
2022-10-28 11:28:41,610 [Socket Reader #1 for port 0] INFO  ipc.Server (Server.java:run(1273)) - Starting Socket Reader #1 for port 0
2022-10-28 11:28:41,647 [Listener at 0.0.0.0/37753] INFO  audit.AuditLogger (AuditLogger.java:refreshDebugCmdSet(126)) - Refresh DebugCmdSet for SCMAudit to [].
2022-10-28 11:28:41,658 [Listener at 0.0.0.0/37753] INFO  ipc.CallQueueManager (CallQueueManager.java:<init>(90)) - Using callQueue: class java.util.concurrent.LinkedBlockingQueue, queueCapacity: 2000, scheduler: class org.apache.hadoop.ipc.DefaultRpcScheduler, ipcBackoff: false.
2022-10-28 11:28:41,660 [Socket Reader #1 for port 0] INFO  ipc.Server (Server.java:run(1273)) - Starting Socket Reader #1 for port 0
2022-10-28 11:28:41,732 [Listener at 0.0.0.0/34213] INFO  ha.SCMServiceManager (SCMServiceManager.java:register(42)) - Registering service ContainerBalancer.
2022-10-28 11:28:41,733 [Listener at 0.0.0.0/34213] INFO  server.StorageContainerManager (StorageContainerManager.java:<init>(412)) - 
Container Balancer status:
Key                            Value
Running                        true
Container Balancer Configuration values:
Key                                                Value
Threshold                                          10
Max Datanodes to Involve per Iteration(percent)    20
Max Size to Move per Iteration                     500GB
Max Size Entering Target per Iteration             26GB
Max Size Leaving Source per Iteration              26GB

2022-10-28 11:28:41,735 [Listener at 0.0.0.0/34213] WARN  events.EventQueue (EventQueue.java:fireEvent(216)) - No event handler registered for event TypedEvent{payloadType=SafeModeStatus, name='Safe mode status'}
2022-10-28 11:28:41,735 [Listener at 0.0.0.0/34213] INFO  ha.SCMContext (SCMContext.java:updateSafeModeStatus(228)) - Update SafeModeStatus from SafeModeStatus{safeModeStatus=true, preCheckPassed=false} to SafeModeStatus{safeModeStatus=true, preCheckPassed=false}.
2022-10-28 11:28:41,738 [Listener at 0.0.0.0/34213] INFO  server.StorageContainerManager (StorageContainerManager.java:start(1442)) - StorageContainerLocationProtocol RPC server is listening at /0.0.0.0:34213
2022-10-28 11:28:41,787 [Listener at 0.0.0.0/34213] WARN  impl.MetricsConfig (MetricsConfig.java:loadFirst(136)) - Cannot locate configuration: tried hadoop-metrics2-storagecontainermanager.properties,hadoop-metrics2.properties
2022-10-28 11:28:41,801 [Listener at 0.0.0.0/34213] INFO  impl.MetricsSystemImpl (MetricsSystemImpl.java:startTimer(378)) - Scheduled Metric snapshot period at 10 second(s).
2022-10-28 11:28:41,802 [Listener at 0.0.0.0/34213] INFO  impl.MetricsSystemImpl (MetricsSystemImpl.java:start(191)) - StorageContainerManager metrics system started
2022-10-28 11:28:42,106 [Listener at 0.0.0.0/34213] INFO  server.SCMClientProtocolServer (SCMClientProtocolServer.java:start(170)) - RPC server for Client  is listening at /0.0.0.0:34213
2022-10-28 11:28:42,107 [IPC Server Responder] INFO  ipc.Server (Server.java:run(1512)) - IPC Server Responder: starting
2022-10-28 11:28:42,109 [IPC Server listener on 0] INFO  ipc.Server (Server.java:run(1352)) - IPC Server listener on 0: starting
2022-10-28 11:28:42,111 [Listener at 0.0.0.0/34213] INFO  server.StorageContainerManager (StorageContainerManager.java:start(1457)) - ScmBlockLocationProtocol RPC server is listening at /0.0.0.0:37753
2022-10-28 11:28:42,112 [Listener at 0.0.0.0/34213] INFO  server.SCMBlockProtocolServer (SCMBlockProtocolServer.java:start(152)) - RPC server for Block Protocol is listening at /0.0.0.0:37753
2022-10-28 11:28:42,113 [IPC Server Responder] INFO  ipc.Server (Server.java:run(1512)) - IPC Server Responder: starting
2022-10-28 11:28:42,113 [IPC Server listener on 0] INFO  ipc.Server (Server.java:run(1352)) - IPC Server listener on 0: starting
2022-10-28 11:28:42,115 [Listener at 0.0.0.0/34213] INFO  server.SCMDatanodeProtocolServer (SCMDatanodeProtocolServer.java:start(186)) - ScmDatanodeProtocol RPC server for DataNodes is listening at /0.0.0.0:43219
2022-10-28 11:28:42,116 [IPC Server Responder] INFO  ipc.Server (Server.java:run(1512)) - IPC Server Responder: starting
2022-10-28 11:28:42,116 [IPC Server listener on 0] INFO  ipc.Server (Server.java:run(1352)) - IPC Server listener on 0: starting
2022-10-28 11:28:42,134 [org.apache.hadoop.util.JvmPauseMonitor$Monitor@5b643d6e] INFO  util.JvmPauseMonitor (JvmPauseMonitor.java:run(188)) - Starting JVM pause monitor
2022-10-28 11:28:42,146 [Listener at 0.0.0.0/34213] INFO  http.BaseHttpServer (BaseHttpServer.java:newHttpServer2BuilderForOzone(213)) - Starting Web-server for scm at: http://0.0.0.0:0
2022-10-28 11:28:42,146 [Listener at 0.0.0.0/34213] INFO  http.BaseHttpServer (BaseHttpServer.java:<init>(108)) - Hadoop Security Enabled: false Ozone Security Enabled: false Ozone HTTP Security Enabled: false 
2022-10-28 11:28:42,170 [Listener at 0.0.0.0/34213] INFO  util.log (Log.java:initialized(170)) - Logging initialized @3779ms to org.eclipse.jetty.util.log.Slf4jLog
2022-10-28 11:28:42,267 [Listener at 0.0.0.0/34213] WARN  server.AuthenticationFilter (AuthenticationFilter.java:constructSecretProvider(240)) - Unable to initialize FileSignerSecretProvider, falling back to use random secrets. Reason: Could not read signature secret file: /home/runner/hadoop-http-auth-signature-secret
2022-10-28 11:28:42,275 [Listener at 0.0.0.0/34213] WARN  http.HttpRequestLog (HttpRequestLog.java:getRequestLog(103)) - Jetty request log can only be enabled using Log4j
2022-10-28 11:28:42,281 [Listener at 0.0.0.0/34213] INFO  http.HttpServer2 (HttpServer2.java:addGlobalFilter(1031)) - Added global filter 'safety' (class=org.apache.hadoop.hdds.server.http.HttpServer2$QuotingInputFilter)
2022-10-28 11:28:42,283 [Listener at 0.0.0.0/34213] INFO  http.HttpServer2 (HttpServer2.java:addFilter(1007)) - Added filter static_user_filter (class=org.apache.hadoop.http.lib.StaticUserWebFilter$StaticUserFilter) to context scm
2022-10-28 11:28:42,283 [Listener at 0.0.0.0/34213] INFO  http.HttpServer2 (HttpServer2.java:addFilter(1015)) - Added filter static_user_filter (class=org.apache.hadoop.http.lib.StaticUserWebFilter$StaticUserFilter) to context static
2022-10-28 11:28:42,283 [Listener at 0.0.0.0/34213] INFO  http.HttpServer2 (HttpServer2.java:addFilter(1015)) - Added filter static_user_filter (class=org.apache.hadoop.http.lib.StaticUserWebFilter$StaticUserFilter) to context logs
2022-10-28 11:28:42,321 [Listener at 0.0.0.0/34213] INFO  http.HttpServer2 (HttpServer2.java:bindListener(1250)) - Jetty bound to port 44377
2022-10-28 11:28:42,322 [Listener at 0.0.0.0/34213] INFO  server.Server (Server.java:doStart(375)) - jetty-9.4.49.v20220914; built: 2022-09-14T01:07:36.601Z; git: 4231a3b2e4cb8548a412a789936d640a97b1aa0a; jvm 1.8.0_345-b01
2022-10-28 11:28:42,349 [Listener at 0.0.0.0/34213] INFO  server.session (DefaultSessionIdManager.java:doStart(334)) - DefaultSessionIdManager workerName=node0
2022-10-28 11:28:42,349 [Listener at 0.0.0.0/34213] INFO  server.session (DefaultSessionIdManager.java:doStart(339)) - No SessionScavenger set, using defaults
2022-10-28 11:28:42,351 [Listener at 0.0.0.0/34213] INFO  server.session (HouseKeeper.java:startScavenging(132)) - node0 Scavenging every 660000ms
2022-10-28 11:28:42,363 [Listener at 0.0.0.0/34213] INFO  handler.ContextHandler (ContextHandler.java:doStart(921)) - Started o.e.j.s.ServletContextHandler@19bbb216{logs,/logs,file:///home/runner/work/ozone/ozone/hadoop-ozone/integration-test/target/log,AVAILABLE}
2022-10-28 11:28:42,363 [Listener at 0.0.0.0/34213] INFO  handler.ContextHandler (ContextHandler.java:doStart(921)) - Started o.e.j.s.ServletContextHandler@5b0d480c{static,/static,file:///home/runner/work/ozone/ozone/hadoop-ozone/integration-test/target/test-classes/webapps/static,AVAILABLE}
2022-10-28 11:28:42,407 [Listener at 0.0.0.0/34213] INFO  handler.ContextHandler (ContextHandler.java:doStart(921)) - Started o.e.j.w.WebAppContext@7f08c343{scm,/,file:///home/runner/work/ozone/ozone/hadoop-ozone/integration-test/target/test-classes/webapps/scm/,AVAILABLE}{file:/home/runner/work/ozone/ozone/hadoop-ozone/integration-test/target/test-classes/webapps/scm}
2022-10-28 11:28:42,416 [Listener at 0.0.0.0/34213] INFO  server.AbstractConnector (AbstractConnector.java:doStart(333)) - Started ServerConnector@6fe77a97{HTTP/1.1, (http/1.1)}{0.0.0.0:44377}
2022-10-28 11:28:42,417 [Listener at 0.0.0.0/34213] INFO  server.Server (Server.java:doStart(415)) - Started @4026ms
2022-10-28 11:28:42,419 [Listener at 0.0.0.0/34213] INFO  impl.MetricsSinkAdapter (MetricsSinkAdapter.java:start(204)) - Sink prometheus started
2022-10-28 11:28:42,420 [Listener at 0.0.0.0/34213] INFO  impl.MetricsSystemImpl (MetricsSystemImpl.java:registerSink(305)) - Registered sink prometheus
2022-10-28 11:28:42,421 [Listener at 0.0.0.0/34213] INFO  http.BaseHttpServer (BaseHttpServer.java:updateConnectorAddress(333)) - HTTP server of scm listening at http://0.0.0.0:44377
2022-10-28 11:28:42,422 [Listener at 0.0.0.0/34213] WARN  server.ServerUtils (ServerUtils.java:getDBPath(225)) - ozone.om.db.dirs is not configured. We recommend adding this setting. Falling back to ozone.metadata.dirs instead.
2022-10-28 11:28:42,489 [Listener at 0.0.0.0/34213] INFO  audit.AuditLogger (AuditLogger.java:refreshDebugCmdSet(126)) - Refresh DebugCmdSet for OMAudit to [].
2022-10-28 11:28:42,567 [Listener at 0.0.0.0/34213] INFO  ha.OMHANodeDetails (OMHANodeDetails.java:loadOMHAConfig(115)) - ozone.om.internal.service.id is not defined, falling back to ozone.om.service.ids to find serviceID for OzoneManager if it is HA enabled cluster
2022-10-28 11:28:42,570 [Listener at 0.0.0.0/34213] INFO  ha.OMHANodeDetails (OMHANodeDetails.java:loadOMHAConfig(226)) - Configuration does not have ozone.om.address set. Falling back to the default OM address /127.0.0.1:0
2022-10-28 11:28:42,570 [Listener at 0.0.0.0/34213] INFO  ha.OMHANodeDetails (OMHANodeDetails.java:getOMNodeDetailsForNonHA(254)) - OM Service ID is not set. Setting it to the default ID: omServiceIdDefault
2022-10-28 11:28:42,570 [Listener at 0.0.0.0/34213] INFO  ha.OMHANodeDetails (OMHANodeDetails.java:getOMNodeDetailsForNonHA(261)) - OM Node ID is not set. Setting it to the default ID: om1
2022-10-28 11:28:42,574 [Listener at 0.0.0.0/34213] WARN  server.ServerUtils (ServerUtils.java:getDBPath(225)) - ozone.om.db.dirs is not configured. We recommend adding this setting. Falling back to ozone.metadata.dirs instead.
2022-10-28 11:28:42,575 [Listener at 0.0.0.0/34213] INFO  upgrade.AbstractLayoutVersionManager (AbstractLayoutVersionManager.java:init(83)) - Initializing Layout version manager with metadata layout = MULTITENANCY_SCHEMA (version = 3), software layout = MULTITENANCY_SCHEMA (version = 3)
2022-10-28 11:28:42,664 [Listener at 0.0.0.0/34213] INFO  reflections.Reflections (Reflections.java:scan(232)) - Reflections took 85 ms to scan 2 urls, producing 154 keys and 428 values [using 2 cores]
2022-10-28 11:28:42,668 [Listener at 0.0.0.0/34213] INFO  upgrade.OMLayoutVersionManager (OMLayoutVersionManager.java:lambda$0(115)) - Skipping Upgrade Action MockOmUpgradeAction since it has been finalized.
2022-10-28 11:28:42,669 [Listener at 0.0.0.0/34213] WARN  server.ServerUtils (ServerUtils.java:getDBPath(225)) - ozone.om.db.dirs is not configured. We recommend adding this setting. Falling back to ozone.metadata.dirs instead.
2022-10-28 11:28:42,814 [Listener at 0.0.0.0/34213] INFO  proxy.SCMBlockLocationFailoverProxyProvider (SCMBlockLocationFailoverProxyProvider.java:<init>(114)) - Created block location fail-over proxy with 1 nodes: [nodeId=scmNodeId,nodeAddress=/0.0.0.0:37753]
2022-10-28 11:28:42,842 [Listener at 0.0.0.0/34213] INFO  proxy.SCMBlockLocationFailoverProxyProvider (SCMBlockLocationFailoverProxyProvider.java:<init>(114)) - Created block location fail-over proxy with 1 nodes: [nodeId=scmNodeId,nodeAddress=/0.0.0.0:37753]
2022-10-28 11:28:43,008 [Listener at 0.0.0.0/34213] WARN  server.ServerUtils (ServerUtils.java:getDBPath(225)) - ozone.om.db.dirs is not configured. We recommend adding this setting. Falling back to ozone.metadata.dirs instead.
2022-10-28 11:28:43,014 [Listener at 0.0.0.0/34213] INFO  codec.OmKeyInfoCodec (OmKeyInfoCodec.java:<init>(49)) - OmKeyInfoCodec ignorePipeline = true
2022-10-28 11:28:43,015 [Listener at 0.0.0.0/34213] INFO  codec.RepeatedOmKeyInfoCodec (RepeatedOmKeyInfoCodec.java:<init>(41)) - RepeatedOmKeyInfoCodec ignorePipeline = true
2022-10-28 11:28:43,149 [Listener at 0.0.0.0/34213] INFO  om.OzoneManager (OzoneManager.java:instantiateServices(712)) - S3 Multi-Tenancy is disabled
2022-10-28 11:28:43,221 [Listener at 0.0.0.0/34213] INFO  om.OzoneManager (OzoneManager.java:addS3GVolumeToDB(4386)) - Created Volume s3v With Owner runner required for S3Gateway operations.
2022-10-28 11:28:43,286 [Listener at 0.0.0.0/34213] WARN  server.ServerUtils (ServerUtils.java:getDefaultRatisDirectory(237)) - Storage directory for Ratis is not configured. It is a good idea to map this to an SSD disk. Falling back to ozone.metadata.dirs
2022-10-28 11:28:43,286 [Listener at 0.0.0.0/34213] WARN  utils.OzoneManagerRatisUtils (OzoneManagerRatisUtils.java:getOMRatisSnapshotDirectory(434)) - ozone.om.ratis.snapshot.dir is not configured. Falling back to ozone.metadata.dirs config
2022-10-28 11:28:43,306 [Listener at 0.0.0.0/34213] WARN  server.ServerUtils (ServerUtils.java:getDefaultRatisDirectory(237)) - Storage directory for Ratis is not configured. It is a good idea to map this to an SSD disk. Falling back to ozone.metadata.dirs
2022-10-28 11:28:43,334 [Listener at 0.0.0.0/34213] INFO  ratis.OzoneManagerRatisServer (OzoneManagerRatisServer.java:<init>(160)) - Instantiating OM Ratis server with groupID: omServiceIdDefault and peers: localhost:9872
2022-10-28 11:28:43,341 [Listener at 0.0.0.0/34213] INFO  ratis.OzoneManagerStateMachine (OzoneManagerStateMachine.java:loadSnapshotInfoFromDB(636)) - LastAppliedIndex is set from TransactionInfo from OM DB as (t:0, i:~)
2022-10-28 11:28:43,391 [Listener at 0.0.0.0/34213] INFO  server.RaftServer (ConfUtils.java:logGet(46)) - raft.rpc.type = GRPC (default)
2022-10-28 11:28:43,475 [Listener at 0.0.0.0/34213] INFO  grpc.GrpcConfigKeys (ConfUtils.java:logFallback(53)) - raft.grpc.admin.host = null (fallback to raft.grpc.server.host)
2022-10-28 11:28:43,477 [Listener at 0.0.0.0/34213] INFO  grpc.GrpcConfigKeys (ConfUtils.java:logFallback(53)) - raft.grpc.admin.port = 9872 (fallback to raft.grpc.server.port)
2022-10-28 11:28:43,478 [Listener at 0.0.0.0/34213] INFO  grpc.GrpcConfigKeys (ConfUtils.java:logFallback(53)) - raft.grpc.client.host = null (fallback to raft.grpc.server.host)
2022-10-28 11:28:43,478 [Listener at 0.0.0.0/34213] INFO  grpc.GrpcConfigKeys (ConfUtils.java:logFallback(53)) - raft.grpc.client.port = 9872 (fallback to raft.grpc.server.port)
2022-10-28 11:28:43,479 [Listener at 0.0.0.0/34213] INFO  grpc.GrpcConfigKeys (ConfUtils.java:logGet(46)) - raft.grpc.server.host = null (default)
2022-10-28 11:28:43,479 [Listener at 0.0.0.0/34213] INFO  grpc.GrpcConfigKeys (ConfUtils.java:logGet(46)) - raft.grpc.server.port = 9872 (custom)
2022-10-28 11:28:43,480 [Listener at 0.0.0.0/34213] INFO  server.GrpcService (ConfUtils.java:logGet(46)) - raft.grpc.message.size.max = 33554432 (custom)
2022-10-28 11:28:43,482 [Listener at 0.0.0.0/34213] INFO  server.RaftServerConfigKeys (ConfUtils.java:logGet(46)) - raft.server.log.appender.buffer.byte-limit = 33554432 (custom)
2022-10-28 11:28:43,483 [Listener at 0.0.0.0/34213] INFO  server.GrpcService (ConfUtils.java:logGet(46)) - raft.grpc.flow.control.window = 1MB (=1048576) (default)
2022-10-28 11:28:43,484 [Listener at 0.0.0.0/34213] INFO  server.RaftServerConfigKeys (ConfUtils.java:logGet(46)) - raft.server.rpc.request.timeout = 3000ms (default)
2022-10-28 11:28:43,498 [Listener at 0.0.0.0/34213] INFO  grpc.GrpcConfigKeys (ConfUtils.java:logGet(46)) - raft.grpc.server.heartbeat.channel = true (default)
2022-10-28 11:28:43,502 [Listener at 0.0.0.0/34213] INFO  grpc.GrpcConfigKeys (ConfUtils.java:logGet(46)) - raft.grpc.server.async.request.thread.pool.cached = true (default)
2022-10-28 11:28:43,503 [Listener at 0.0.0.0/34213] INFO  grpc.GrpcConfigKeys (ConfUtils.java:logGet(46)) - raft.grpc.server.async.request.thread.pool.size = 32 (default)
2022-10-28 11:28:43,756 [Listener at 0.0.0.0/34213] INFO  impl.DataStreamServerImpl (ConfUtils.java:logGet(46)) - raft.datastream.type = DISABLED (default)
2022-10-28 11:28:43,759 [Listener at 0.0.0.0/34213] INFO  server.RaftServerConfigKeys (ConfUtils.java:logGet(46)) - raft.server.threadpool.proxy.cached = true (default)
2022-10-28 11:28:43,759 [Listener at 0.0.0.0/34213] INFO  server.RaftServerConfigKeys (ConfUtils.java:logGet(46)) - raft.server.threadpool.proxy.size = 0 (default)
2022-10-28 11:28:43,760 [Listener at 0.0.0.0/34213] INFO  server.RaftServerConfigKeys (ConfUtils.java:logGet(46)) - raft.server.rpc.slowness.timeout = 120s (custom)
2022-10-28 11:28:43,760 [Listener at 0.0.0.0/34213] INFO  server.RaftServerConfigKeys (ConfUtils.java:logGet(46)) - raft.server.leaderelection.leader.step-down.wait-time = 10s (default)
2022-10-28 11:28:43,763 [Listener at 0.0.0.0/34213] INFO  server.RaftServerConfigKeys (ConfUtils.java:logGet(46)) - raft.server.storage.dir = [/home/runner/work/ozone/ozone/hadoop-ozone/integration-test/target/test-dir/MiniOzoneClusterImpl-6ee34448-fbd8-4951-8ae1-d137d06ced7b/ozone-meta/ratis] (custom)
2022-10-28 11:28:43,769 [Listener at 0.0.0.0/34213] INFO  server.RaftServer (RaftServerProxy.java:addNew(96)) - om1: addNew group-C5BA1605619E:[om1|rpc:localhost:9872|priority:0|startupRole:FOLLOWER] returns group-C5BA1605619E:java.util.concurrent.CompletableFuture@34453e71[Not completed]
2022-10-28 11:28:43,770 [Listener at 0.0.0.0/34213] INFO  om.OzoneManager (OzoneManager.java:initializeRatisServer(1975)) - OzoneManager Ratis server initialized at port 9872
2022-10-28 11:28:43,778 [Listener at 0.0.0.0/34213] INFO  om.OzoneManager (OzoneManager.java:getRpcServer(1101)) - Creating RPC Server
2022-10-28 11:28:43,800 [pool-55-thread-1] INFO  server.RaftServer$Division (RaftServerImpl.java:<init>(195)) - om1: new RaftServerImpl for group-C5BA1605619E:[om1|rpc:localhost:9872|priority:0|startupRole:FOLLOWER] with OzoneManagerStateMachine:uninitialized
2022-10-28 11:28:43,802 [pool-55-thread-1] INFO  server.RaftServerConfigKeys (ConfUtils.java:logGet(46)) - raft.server.rpc.timeout.min = 1s (custom)
2022-10-28 11:28:43,802 [pool-55-thread-1] INFO  server.RaftServerConfigKeys (ConfUtils.java:logGet(46)) - raft.server.rpc.timeout.max = 1200ms (custom)
2022-10-28 11:28:43,802 [pool-55-thread-1] INFO  server.RaftServerConfigKeys (ConfUtils.java:logGet(46)) - raft.server.rpc.sleep.time = 25ms (default)
2022-10-28 11:28:43,802 [pool-55-thread-1] INFO  server.RaftServerConfigKeys (ConfUtils.java:logGet(46)) - raft.server.rpc.slowness.timeout = 120s (custom)
2022-10-28 11:28:43,803 [pool-55-thread-1] INFO  server.RaftServerConfigKeys (ConfUtils.java:logGet(46)) - raft.server.leaderelection.leader.step-down.wait-time = 10s (default)
2022-10-28 11:28:43,803 [pool-55-thread-1] INFO  server.RaftServerConfigKeys (ConfUtils.java:logGet(46)) - raft.server.sleep.deviation.threshold = 300ms (default)
2022-10-28 11:28:43,816 [pool-55-thread-1] INFO  server.RaftServer$Division (ServerState.java:<init>(118)) - om1@group-C5BA1605619E: ConfigurationManager, init=-1: peers:[om1|rpc:localhost:9872|priority:0|startupRole:FOLLOWER]|listeners:[], old=null, confs=<EMPTY_MAP>
2022-10-28 11:28:43,816 [pool-55-thread-1] INFO  server.RaftServerConfigKeys (ConfUtils.java:logGet(46)) - raft.server.storage.dir = [/home/runner/work/ozone/ozone/hadoop-ozone/integration-test/target/test-dir/MiniOzoneClusterImpl-6ee34448-fbd8-4951-8ae1-d137d06ced7b/ozone-meta/ratis] (custom)
2022-10-28 11:28:43,823 [pool-55-thread-1] INFO  server.RaftServerConfigKeys (ConfUtils.java:logGet(46)) - raft.server.log.corruption.policy = EXCEPTION (default)
2022-10-28 11:28:43,823 [pool-55-thread-1] INFO  server.RaftServerConfigKeys (ConfUtils.java:logGet(46)) - raft.server.storage.free-space.min = 0MB (=0) (default)
2022-10-28 11:28:43,829 [pool-55-thread-1] INFO  server.RaftServerConfigKeys (ConfUtils.java:logGet(46)) - raft.server.notification.no-leader.timeout = 120s (custom)
2022-10-28 11:28:43,840 [pool-55-thread-1] INFO  server.RaftServerConfigKeys (ConfUtils.java:logGet(46)) - raft.server.retrycache.expirytime = 300s (custom)
2022-10-28 11:28:43,840 [pool-55-thread-1] INFO  server.RaftServerConfigKeys (ConfUtils.java:logGet(46)) - raft.server.retrycache.statistics.expirytime = 100μs (default)
2022-10-28 11:28:44,003 [pool-55-thread-1] INFO  server.RaftServerConfigKeys (ConfUtils.java:logGet(46)) - raft.server.log.appender.install.snapshot.enabled = false (custom)
2022-10-28 11:28:44,004 [pool-55-thread-1] INFO  server.RaftServerConfigKeys (ConfUtils.java:logGet(46)) - raft.server.threadpool.server.cached = true (default)
2022-10-28 11:28:44,004 [pool-55-thread-1] INFO  server.RaftServerConfigKeys (ConfUtils.java:logGet(46)) - raft.server.threadpool.server.size = 0 (default)
2022-10-28 11:28:44,004 [pool-55-thread-1] INFO  server.RaftServerConfigKeys (ConfUtils.java:logGet(46)) - raft.server.threadpool.client.cached = true (default)
2022-10-28 11:28:44,005 [pool-55-thread-1] INFO  server.RaftServerConfigKeys (ConfUtils.java:logGet(46)) - raft.server.threadpool.client.size = 0 (default)
2022-10-28 11:28:44,495 [Listener at 0.0.0.0/34213] INFO  reflections.Reflections (Reflections.java:scan(232)) - Reflections took 645 ms to scan 19 urls, producing 67 keys and 4275 values [using 2 cores]
2022-10-28 11:28:44,640 [Listener at 0.0.0.0/34213] INFO  ipc.CallQueueManager (CallQueueManager.java:<init>(90)) - Using callQueue: class java.util.concurrent.LinkedBlockingQueue, queueCapacity: 2000, scheduler: class org.apache.hadoop.ipc.DefaultRpcScheduler, ipcBackoff: false.
2022-10-28 11:28:44,641 [Socket Reader #1 for port 0] INFO  ipc.Server (Server.java:run(1273)) - Starting Socket Reader #1 for port 0
2022-10-28 11:28:44,666 [Listener at 127.0.0.1/42141] INFO  impl.MetricsSystemImpl (MetricsSystemImpl.java:init(158)) - OzoneManager metrics system started (again)
2022-10-28 11:28:44,677 [Listener at 127.0.0.1/42141] INFO  om.OzoneManager (OzoneManager.java:start(1482)) - OzoneManager RPC server is listening at localhost/127.0.0.1:42141
2022-10-28 11:28:44,678 [Listener at 127.0.0.1/42141] INFO  ratis.OzoneManagerRatisServer (OzoneManagerRatisServer.java:start(555)) - Starting OzoneManagerRatisServer om1 at port 9872
2022-10-28 11:28:44,680 [om1-impl-thread1] INFO  storage.RaftStorageDirectory (RaftStorageDirectoryImpl.java:analyzeStorage(137)) - The storage directory /home/runner/work/ozone/ozone/hadoop-ozone/integration-test/target/test-dir/MiniOzoneClusterImpl-6ee34448-fbd8-4951-8ae1-d137d06ced7b/ozone-meta/ratis/bf265839-605b-3f16-9796-c5ba1605619e does not exist. Creating ...
2022-10-28 11:28:44,684 [om1-impl-thread1] INFO  storage.RaftStorageDirectory (RaftStorageDirectoryImpl.java:tryLock(231)) - Lock on /home/runner/work/ozone/ozone/hadoop-ozone/integration-test/target/test-dir/MiniOzoneClusterImpl-6ee34448-fbd8-4951-8ae1-d137d06ced7b/ozone-meta/ratis/bf265839-605b-3f16-9796-c5ba1605619e/in_use.lock acquired by nodename 13878@fv-az700-396
2022-10-28 11:28:44,689 [om1-impl-thread1] INFO  storage.RaftStorage (RaftStorageImpl.java:format(96)) - Storage directory /home/runner/work/ozone/ozone/hadoop-ozone/integration-test/target/test-dir/MiniOzoneClusterImpl-6ee34448-fbd8-4951-8ae1-d137d06ced7b/ozone-meta/ratis/bf265839-605b-3f16-9796-c5ba1605619e has been successfully formatted.
2022-10-28 11:28:44,691 [om1-impl-thread1] INFO  server.RaftServerConfigKeys (ConfUtils.java:logGet(46)) - raft.server.log.use.memory = false (default)
2022-10-28 11:28:44,698 [om1-impl-thread1] INFO  server.RaftServerConfigKeys (ConfUtils.java:logGet(46)) - raft.server.log.purge.gap = 1000000 (custom)
2022-10-28 11:28:44,698 [om1-impl-thread1] INFO  server.RaftServerConfigKeys (ConfUtils.java:logGet(46)) - raft.server.log.appender.buffer.byte-limit = 33554432 (custom)
2022-10-28 11:28:44,699 [om1-impl-thread1] INFO  server.RaftServerConfigKeys (ConfUtils.java:logGet(46)) - raft.server.log.statemachine.data.read.timeout = 1000ms (default)
2022-10-28 11:28:44,700 [om1-impl-thread1] INFO  server.RaftServerConfigKeys (ConfUtils.java:logGet(46)) - raft.server.log.purge.preservation.log.num = 0 (default)
2022-10-28 11:28:44,702 [om1-impl-thread1] INFO  server.RaftServerConfigKeys (ConfUtils.java:logGet(46)) - raft.server.log.segment.size.max = 4194304 (custom)
2022-10-28 11:28:44,822 [om1-impl-thread1] INFO  server.RaftServerConfigKeys (ConfUtils.java:logGet(46)) - raft.server.log.segment.cache.num.max = 2 (custom)
2022-10-28 11:28:44,822 [om1-impl-thread1] INFO  server.RaftServerConfigKeys (ConfUtils.java:logGet(46)) - raft.server.log.segment.cache.size.max = 200MB (=209715200) (default)
2022-10-28 11:28:44,830 [om1-impl-thread1] INFO  segmented.SegmentedRaftLogWorker (SegmentedRaftLogWorker.java:<init>(191)) - new om1@group-C5BA1605619E-SegmentedRaftLogWorker for RaftStorageImpl:Storage Directory /home/runner/work/ozone/ozone/hadoop-ozone/integration-test/target/test-dir/MiniOzoneClusterImpl-6ee34448-fbd8-4951-8ae1-d137d06ced7b/ozone-meta/ratis/bf265839-605b-3f16-9796-c5ba1605619e
2022-10-28 11:28:44,831 [om1-impl-thread1] INFO  server.RaftServerConfigKeys (ConfUtils.java:logGet(46)) - raft.server.log.queue.byte-limit = 64MB (=67108864) (default)
2022-10-28 11:28:44,831 [om1-impl-thread1] INFO  server.RaftServerConfigKeys (ConfUtils.java:logGet(46)) - raft.server.log.queue.element-limit = 4096 (default)
2022-10-28 11:28:44,832 [om1-impl-thread1] INFO  server.RaftServerConfigKeys (ConfUtils.java:logGet(46)) - raft.server.log.segment.size.max = 4194304 (custom)
2022-10-28 11:28:44,833 [om1-impl-thread1] INFO  server.RaftServerConfigKeys (ConfUtils.java:logGet(46)) - raft.server.log.preallocated.size = 4194304 (custom)
2022-10-28 11:28:44,833 [om1-impl-thread1] INFO  server.RaftServerConfigKeys (ConfUtils.java:logGet(46)) - raft.server.log.force.sync.num = 128 (default)
2022-10-28 11:28:44,834 [om1-impl-thread1] INFO  server.RaftServerConfigKeys (ConfUtils.java:logGet(46)) - raft.server.log.statemachine.data.sync = true (default)
2022-10-28 11:28:44,834 [om1-impl-thread1] INFO  server.RaftServerConfigKeys (ConfUtils.java:logGet(46)) - raft.server.log.statemachine.data.sync.timeout = 10s (default)
2022-10-28 11:28:44,834 [om1-impl-thread1] INFO  server.RaftServerConfigKeys (ConfUtils.java:logGet(46)) - raft.server.log.statemachine.data.sync.timeout.retry = -1 (default)
2022-10-28 11:28:44,841 [om1-impl-thread1] INFO  server.RaftServerConfigKeys (ConfUtils.java:logGet(46)) - raft.server.log.write.buffer.size = 64KB (=65536) (default)
2022-10-28 11:28:44,842 [om1-impl-thread1] INFO  server.RaftServerConfigKeys (ConfUtils.java:logGet(46)) - raft.server.log.unsafe-flush.enabled = false (default)
2022-10-28 11:28:44,842 [om1-impl-thread1] INFO  server.RaftServerConfigKeys (ConfUtils.java:logGet(46)) - raft.server.log.async-flush.enabled = false (default)
2022-10-28 11:28:44,842 [om1-impl-thread1] INFO  server.RaftServerConfigKeys (ConfUtils.java:logGet(46)) - raft.server.log.statemachine.data.caching.enabled = false (default)
2022-10-28 11:28:44,847 [om1-impl-thread1] INFO  segmented.SegmentedRaftLogWorker (SegmentedRaftLogWorker.java:lambda$new$0(136)) - om1@group-C5BA1605619E-SegmentedRaftLogWorker: flushIndex: setUnconditionally 0 -> -1
2022-10-28 11:28:44,848 [om1-impl-thread1] INFO  segmented.SegmentedRaftLogWorker (SegmentedRaftLogWorker.java:lambda$new$0(136)) - om1@group-C5BA1605619E-SegmentedRaftLogWorker: safeCacheEvictIndex: setUnconditionally 0 -> -1
2022-10-28 11:28:44,850 [om1-impl-thread1] INFO  server.RaftServer$Division (RaftServerImpl.java:start(334)) - om1@group-C5BA1605619E: start as a follower, conf=-1: peers:[om1|rpc:localhost:9872|priority:0|startupRole:FOLLOWER]|listeners:[], old=null
2022-10-28 11:28:44,850 [om1-impl-thread1] INFO  server.RaftServer$Division (RaftServerImpl.java:setRole(321)) - om1@group-C5BA1605619E: changes role from      null to FOLLOWER at term 0 for startAsFollower
2022-10-28 11:28:44,852 [om1-impl-thread1] INFO  impl.RoleInfo (RoleInfo.java:updateAndGet(139)) - om1: start om1@group-C5BA1605619E-FollowerState
2022-10-28 11:28:44,854 [om1-impl-thread1] INFO  util.JmxRegister (JmxRegister.java:tryRegister(44)) - Successfully registered JMX Bean with object name Ratis:service=RaftServer,group=group-C5BA1605619E,id=om1
2022-10-28 11:28:44,855 [om1-impl-thread1] INFO  server.RaftServerConfigKeys (ConfUtils.java:logGet(46)) - raft.server.snapshot.auto.trigger.enabled = true (custom)
2022-10-28 11:28:44,856 [om1-impl-thread1] INFO  server.RaftServerConfigKeys (ConfUtils.java:logGet(46)) - raft.server.snapshot.auto.trigger.threshold = 400000 (default)
2022-10-28 11:28:44,856 [om1-impl-thread1] INFO  server.RaftServerConfigKeys (ConfUtils.java:logGet(46)) - raft.server.snapshot.retention.file.num = -1 (default)
2022-10-28 11:28:44,857 [om1-impl-thread1] INFO  server.RaftServerConfigKeys (ConfUtils.java:logGet(46)) - raft.server.log.purge.upto.snapshot.index = true (custom)
2022-10-28 11:28:44,859 [om1@group-C5BA1605619E-FollowerState] INFO  server.RaftServerConfigKeys (ConfUtils.java:logFallback(53)) - raft.server.rpc.first-election.timeout.min = 1s (fallback to raft.server.rpc.timeout.min)
2022-10-28 11:28:44,859 [om1@group-C5BA1605619E-FollowerState] INFO  server.RaftServerConfigKeys (ConfUtils.java:logFallback(53)) - raft.server.rpc.first-election.timeout.max = 1200ms (fallback to raft.server.rpc.timeout.max)
2022-10-28 11:28:44,859 [Listener at 127.0.0.1/42141] INFO  server.RaftServer (RaftServerProxy.java:startImpl(393)) - om1: start RPC server
2022-10-28 11:28:44,915 [Listener at 127.0.0.1/42141] INFO  server.GrpcService (GrpcService.java:startImpl(270)) - om1: GrpcService started, listening on 9872
2022-10-28 11:28:44,918 [Listener at 127.0.0.1/42141] INFO  om.OzoneManager (OzoneManager.java:start(1498)) - Version File has different layout version (3) than OM DB (null). That is expected if this OM has never been finalized to a newer layout version.
2022-10-28 11:28:44,918 [JvmPauseMonitor0] INFO  util.JvmPauseMonitor (JvmPauseMonitor.java:run(105)) - JvmPauseMonitor-om1: Started
2022-10-28 11:28:44,933 [Listener at 127.0.0.1/42141] INFO  http.BaseHttpServer (BaseHttpServer.java:newHttpServer2BuilderForOzone(213)) - Starting Web-server for ozoneManager at: http://0.0.0.0:0
2022-10-28 11:28:44,933 [Listener at 127.0.0.1/42141] INFO  http.BaseHttpServer (BaseHttpServer.java:<init>(108)) - Hadoop Security Enabled: false Ozone Security Enabled: false Ozone HTTP Security Enabled: false 
2022-10-28 11:28:44,935 [Listener at 127.0.0.1/42141] WARN  server.AuthenticationFilter (AuthenticationFilter.java:constructSecretProvider(240)) - Unable to initialize FileSignerSecretProvider, falling back to use random secrets. Reason: Could not read signature secret file: /home/runner/hadoop-http-auth-signature-secret
2022-10-28 11:28:44,937 [Listener at 127.0.0.1/42141] WARN  http.HttpRequestLog (HttpRequestLog.java:getRequestLog(103)) - Jetty request log can only be enabled using Log4j
2022-10-28 11:28:44,939 [Listener at 127.0.0.1/42141] INFO  http.HttpServer2 (HttpServer2.java:addGlobalFilter(1031)) - Added global filter 'safety' (class=org.apache.hadoop.hdds.server.http.HttpServer2$QuotingInputFilter)
2022-10-28 11:28:44,940 [Listener at 127.0.0.1/42141] INFO  http.HttpServer2 (HttpServer2.java:addFilter(1007)) - Added filter static_user_filter (class=org.apache.hadoop.http.lib.StaticUserWebFilter$StaticUserFilter) to context ozoneManager
2022-10-28 11:28:44,942 [Listener at 127.0.0.1/42141] INFO  http.HttpServer2 (HttpServer2.java:addFilter(1015)) - Added filter static_user_filter (class=org.apache.hadoop.http.lib.StaticUserWebFilter$StaticUserFilter) to context static
2022-10-28 11:28:44,942 [Listener at 127.0.0.1/42141] INFO  http.HttpServer2 (HttpServer2.java:addFilter(1015)) - Added filter static_user_filter (class=org.apache.hadoop.http.lib.StaticUserWebFilter$StaticUserFilter) to context logs
2022-10-28 11:28:44,944 [Listener at 127.0.0.1/42141] INFO  http.HttpServer2 (HttpServer2.java:bindListener(1250)) - Jetty bound to port 37721
2022-10-28 11:28:44,944 [Listener at 127.0.0.1/42141] INFO  server.Server (Server.java:doStart(375)) - jetty-9.4.49.v20220914; built: 2022-09-14T01:07:36.601Z; git: 4231a3b2e4cb8548a412a789936d640a97b1aa0a; jvm 1.8.0_345-b01
2022-10-28 11:28:44,950 [Listener at 127.0.0.1/42141] INFO  server.session (DefaultSessionIdManager.java:doStart(334)) - DefaultSessionIdManager workerName=node0
2022-10-28 11:28:44,950 [Listener at 127.0.0.1/42141] INFO  server.session (DefaultSessionIdManager.java:doStart(339)) - No SessionScavenger set, using defaults
2022-10-28 11:28:44,950 [Listener at 127.0.0.1/42141] INFO  server.session (HouseKeeper.java:startScavenging(132)) - node0 Scavenging every 660000ms
2022-10-28 11:28:44,951 [Listener at 127.0.0.1/42141] INFO  handler.ContextHandler (ContextHandler.java:doStart(921)) - Started o.e.j.s.ServletContextHandler@16fdbb17{logs,/logs,file:///home/runner/work/ozone/ozone/hadoop-ozone/integration-test/target/log,AVAILABLE}
2022-10-28 11:28:44,951 [Listener at 127.0.0.1/42141] INFO  handler.ContextHandler (ContextHandler.java:doStart(921)) - Started o.e.j.s.ServletContextHandler@5a0c7024{static,/static,file:///home/runner/work/ozone/ozone/hadoop-ozone/integration-test/target/test-classes/webapps/static,AVAILABLE}
2022-10-28 11:28:44,955 [Listener at 127.0.0.1/42141] INFO  handler.ContextHandler (ContextHandler.java:doStart(921)) - Started o.e.j.w.WebAppContext@60a781{ozoneManager,/,file:///home/runner/work/ozone/ozone/hadoop-ozone/integration-test/target/test-classes/webapps/ozoneManager/,AVAILABLE}{file:/home/runner/work/ozone/ozone/hadoop-ozone/integration-test/target/test-classes/webapps/ozoneManager}
2022-10-28 11:28:44,956 [Listener at 127.0.0.1/42141] INFO  server.AbstractConnector (AbstractConnector.java:doStart(333)) - Started ServerConnector@4f7ef133{HTTP/1.1, (http/1.1)}{0.0.0.0:37721}
2022-10-28 11:28:44,957 [Listener at 127.0.0.1/42141] INFO  server.Server (Server.java:doStart(415)) - Started @6566ms
2022-10-28 11:28:44,957 [Listener at 127.0.0.1/42141] WARN  impl.MetricsSystemImpl (MetricsSystemImpl.java:register(279)) - Sink prometheus already exists!
2022-10-28 11:28:44,957 [Listener at 127.0.0.1/42141] INFO  http.BaseHttpServer (BaseHttpServer.java:updateConnectorAddress(333)) - HTTP server of ozoneManager listening at http://0.0.0.0:37721
2022-10-28 11:28:44,958 [IPC Server Responder] INFO  ipc.Server (Server.java:run(1512)) - IPC Server Responder: starting
2022-10-28 11:28:44,958 [IPC Server listener on 0] INFO  ipc.Server (Server.java:run(1352)) - IPC Server listener on 0: starting
2022-10-28 11:28:44,963 [Listener at 127.0.0.1/42141] INFO  om.OzoneManager (OzoneManager.java:startTrashEmptier(1919)) - Trash Interval set to 0. Files deleted won't move to trash
2022-10-28 11:28:44,970 [org.apache.hadoop.util.JvmPauseMonitor$Monitor@46b9a780] INFO  util.JvmPauseMonitor (JvmPauseMonitor.java:run(188)) - Starting JVM pause monitor
2022-10-28 11:28:45,111 [Listener at 127.0.0.1/42141] WARN  impl.MetricRegistriesImpl (MetricRegistriesImpl.java:addReporterRegistration(111)) - New reporters are added after registries were created. Some metrics will be missing from the reporter. Please add reporter before adding any new registry.
2022-10-28 11:28:45,111 [Listener at 127.0.0.1/42141] WARN  impl.MetricRegistriesImpl (MetricRegistriesImpl.java:addReporterRegistration(111)) - New reporters are added after registries were created. Some metrics will be missing from the reporter. Please add reporter before adding any new registry.
2022-10-28 11:28:45,111 [Listener at 127.0.0.1/42141] INFO  impl.MetricsSystemImpl (MetricsSystemImpl.java:init(158)) - HddsDatanode metrics system started (again)
2022-10-28 11:28:45,127 [Listener at 127.0.0.1/42141] INFO  ozone.HddsDatanodeService (HddsDatanodeService.java:start(236)) - HddsDatanodeService host:fv-az700-396.2bpskmoaobnu3eckqg1qau4u2h.cx.internal.cloudapp.net ip:10.1.0.114
2022-10-28 11:28:45,154 [Listener at 127.0.0.1/42141] INFO  upgrade.AbstractLayoutVersionManager (AbstractLayoutVersionManager.java:init(83)) - Initializing Layout version manager with metadata layout = DATANODE_SCHEMA_V3 (version = 4), software layout = DATANODE_SCHEMA_V3 (version = 4)
2022-10-28 11:28:45,199 [Listener at 127.0.0.1/42141] INFO  reflections.Reflections (Reflections.java:scan(232)) - Reflections took 44 ms to scan 7 urls, producing 136 keys and 331 values 
2022-10-28 11:28:45,205 [Listener at 127.0.0.1/42141] INFO  statemachine.DatanodeStateMachine (DatanodeStateMachine.java:getEndPointTaskThreadPoolSize(245)) - Datanode State Machine Task Thread Pool size 2
2022-10-28 11:28:45,259 [Listener at 127.0.0.1/42141] INFO  volume.HddsVolume (HddsVolume.java:<init>(117)) - Creating HddsVolume: /home/runner/work/ozone/ozone/hadoop-ozone/integration-test/target/test-dir/MiniOzoneClusterImpl-6ee34448-fbd8-4951-8ae1-d137d06ced7b/datanode-0/data-0/containers/hdds of storage type : DISK capacity : 9223372036854775807
2022-10-28 11:28:45,261 [Listener at 127.0.0.1/42141] INFO  volume.MutableVolumeSet (MutableVolumeSet.java:initializeVolumeSet(174)) - Added Volume : /home/runner/work/ozone/ozone/hadoop-ozone/integration-test/target/test-dir/MiniOzoneClusterImpl-6ee34448-fbd8-4951-8ae1-d137d06ced7b/datanode-0/data-0/containers/hdds to VolumeSet
2022-10-28 11:28:45,262 [Listener at 127.0.0.1/42141] INFO  volume.ThrottledAsyncChecker (ThrottledAsyncChecker.java:schedule(141)) - Scheduling a check for /home/runner/work/ozone/ozone/hadoop-ozone/integration-test/target/test-dir/MiniOzoneClusterImpl-6ee34448-fbd8-4951-8ae1-d137d06ced7b/datanode-0/data-0/containers/hdds
2022-10-28 11:28:45,275 [Listener at 127.0.0.1/42141] INFO  volume.StorageVolumeChecker (StorageVolumeChecker.java:checkAllVolumes(202)) - Scheduled health check for volume /home/runner/work/ozone/ozone/hadoop-ozone/integration-test/target/test-dir/MiniOzoneClusterImpl-6ee34448-fbd8-4951-8ae1-d137d06ced7b/datanode-0/data-0/containers/hdds
2022-10-28 11:28:45,291 [Listener at 127.0.0.1/42141] INFO  volume.MutableVolumeSet (MutableVolumeSet.java:initializeVolumeSet(174)) - Added Volume : /home/runner/work/ozone/ozone/hadoop-ozone/integration-test/target/test-dir/MiniOzoneClusterImpl-6ee34448-fbd8-4951-8ae1-d137d06ced7b/datanode-0/data/ratis to VolumeSet
2022-10-28 11:28:45,291 [Listener at 127.0.0.1/42141] INFO  volume.ThrottledAsyncChecker (ThrottledAsyncChecker.java:schedule(141)) - Scheduling a check for /home/runner/work/ozone/ozone/hadoop-ozone/integration-test/target/test-dir/MiniOzoneClusterImpl-6ee34448-fbd8-4951-8ae1-d137d06ced7b/datanode-0/data/ratis
2022-10-28 11:28:45,291 [Listener at 127.0.0.1/42141] INFO  volume.StorageVolumeChecker (StorageVolumeChecker.java:checkAllVolumes(202)) - Scheduled health check for volume /home/runner/work/ozone/ozone/hadoop-ozone/integration-test/target/test-dir/MiniOzoneClusterImpl-6ee34448-fbd8-4951-8ae1-d137d06ced7b/datanode-0/data/ratis
2022-10-28 11:28:45,311 [Thread-136] INFO  ozoneimpl.ContainerReader (ContainerReader.java:readVolume(175)) - Finish verifying containers on volume /home/runner/work/ozone/ozone/hadoop-ozone/integration-test/target/test-dir/MiniOzoneClusterImpl-6ee34448-fbd8-4951-8ae1-d137d06ced7b/datanode-0/data-0/containers/hdds
2022-10-28 11:28:45,311 [Listener at 127.0.0.1/42141] INFO  ozoneimpl.OzoneContainer (OzoneContainer.java:buildContainerSet(300)) - Build ContainerSet costs 0s
2022-10-28 11:28:45,353 [Listener at 127.0.0.1/42141] INFO  audit.AuditLogger (AuditLogger.java:refreshDebugCmdSet(126)) - Refresh DebugCmdSet for DNAudit to [].
2022-10-28 11:28:45,377 [Listener at 127.0.0.1/42141] INFO  server.RaftServer (ConfUtils.java:logGet(46)) - raft.rpc.type = GRPC (default)
2022-10-28 11:28:45,377 [Listener at 127.0.0.1/42141] INFO  grpc.GrpcConfigKeys (ConfUtils.java:logFallback(53)) - raft.grpc.admin.host = null (fallback to raft.grpc.server.host)
2022-10-28 11:28:45,377 [Listener at 127.0.0.1/42141] INFO  grpc.GrpcConfigKeys (ConfUtils.java:logGet(46)) - raft.grpc.admin.port = 0 (custom)
2022-10-28 11:28:45,377 [Listener at 127.0.0.1/42141] INFO  grpc.GrpcConfigKeys (ConfUtils.java:logFallback(53)) - raft.grpc.client.host = null (fallback to raft.grpc.server.host)
2022-10-28 11:28:45,378 [Listener at 127.0.0.1/42141] INFO  grpc.GrpcConfigKeys (ConfUtils.java:logGet(46)) - raft.grpc.client.port = 0 (custom)
2022-10-28 11:28:45,378 [Listener at 127.0.0.1/42141] INFO  grpc.GrpcConfigKeys (ConfUtils.java:logGet(46)) - raft.grpc.server.host = null (default)
2022-10-28 11:28:45,378 [Listener at 127.0.0.1/42141] INFO  grpc.GrpcConfigKeys (ConfUtils.java:logGet(46)) - raft.grpc.server.port = 0 (default)
2022-10-28 11:28:45,378 [Listener at 127.0.0.1/42141] INFO  server.GrpcService (ConfUtils.java:logGet(46)) - raft.grpc.message.size.max = 32MB (=33554432) (custom)
2022-10-28 11:28:45,378 [Listener at 127.0.0.1/42141] INFO  server.RaftServerConfigKeys (ConfUtils.java:logGet(46)) - raft.server.log.appender.buffer.byte-limit = 33554432 (custom)
2022-10-28 11:28:45,378 [Listener at 127.0.0.1/42141] INFO  server.GrpcService (ConfUtils.java:logGet(46)) - raft.grpc.flow.control.window = 5MB (=5242880) (custom)
2022-10-28 11:28:45,378 [Listener at 127.0.0.1/42141] INFO  server.RaftServerConfigKeys (ConfUtils.java:logGet(46)) - raft.server.rpc.request.timeout = 60s (custom)
2022-10-28 11:28:45,379 [Listener at 127.0.0.1/42141] INFO  grpc.GrpcConfigKeys (ConfUtils.java:logGet(46)) - raft.grpc.server.heartbeat.channel = true (default)
2022-10-28 11:28:45,379 [Listener at 127.0.0.1/42141] INFO  grpc.GrpcConfigKeys (ConfUtils.java:logGet(46)) - raft.grpc.server.async.request.thread.pool.cached = true (default)
2022-10-28 11:28:45,379 [Listener at 127.0.0.1/42141] INFO  grpc.GrpcConfigKeys (ConfUtils.java:logGet(46)) - raft.grpc.server.async.request.thread.pool.size = 32 (default)
2022-10-28 11:28:45,380 [Listener at 127.0.0.1/42141] INFO  impl.DataStreamServerImpl (ConfUtils.java:logGet(46)) - raft.datastream.type = DISABLED (default)
2022-10-28 11:28:45,380 [Listener at 127.0.0.1/42141] INFO  server.RaftServerConfigKeys (ConfUtils.java:logGet(46)) - raft.server.threadpool.proxy.cached = true (default)
2022-10-28 11:28:45,380 [Listener at 127.0.0.1/42141] INFO  server.RaftServerConfigKeys (ConfUtils.java:logGet(46)) - raft.server.threadpool.proxy.size = 0 (default)
2022-10-28 11:28:45,380 [Listener at 127.0.0.1/42141] INFO  server.RaftServerConfigKeys (ConfUtils.java:logGet(46)) - raft.server.rpc.slowness.timeout = 300s (custom)
2022-10-28 11:28:45,381 [Listener at 127.0.0.1/42141] INFO  server.RaftServerConfigKeys (ConfUtils.java:logGet(46)) - raft.server.leaderelection.leader.step-down.wait-time = 10s (default)
2022-10-28 11:28:45,381 [Listener at 127.0.0.1/42141] INFO  server.RaftServerConfigKeys (ConfUtils.java:logGet(46)) - raft.server.storage.dir = [/home/runner/work/ozone/ozone/hadoop-ozone/integration-test/target/test-dir/MiniOzoneClusterImpl-6ee34448-fbd8-4951-8ae1-d137d06ced7b/datanode-0/data/ratis] (custom)
2022-10-28 11:28:45,396 [Listener at 127.0.0.1/42141] INFO  server.XceiverServerGrpc (XceiverServerGrpc.java:<init>(132)) - GrpcServer channel type EpollServerSocketChannel
2022-10-28 11:28:45,454 [Listener at 127.0.0.1/42141] INFO  http.BaseHttpServer (BaseHttpServer.java:newHttpServer2BuilderForOzone(213)) - Starting Web-server for hddsDatanode at: http://0.0.0.0:0
2022-10-28 11:28:45,454 [Listener at 127.0.0.1/42141] INFO  http.BaseHttpServer (BaseHttpServer.java:<init>(108)) - Hadoop Security Enabled: false Ozone Security Enabled: false Ozone HTTP Security Enabled: false 
2022-10-28 11:28:45,455 [Listener at 127.0.0.1/42141] WARN  server.AuthenticationFilter (AuthenticationFilter.java:constructSecretProvider(240)) - Unable to initialize FileSignerSecretProvider, falling back to use random secrets. Reason: Could not read signature secret file: /home/runner/hadoop-http-auth-signature-secret
2022-10-28 11:28:45,457 [Listener at 127.0.0.1/42141] WARN  http.HttpRequestLog (HttpRequestLog.java:getRequestLog(103)) - Jetty request log can only be enabled using Log4j
2022-10-28 11:28:45,459 [Listener at 127.0.0.1/42141] INFO  http.HttpServer2 (HttpServer2.java:addGlobalFilter(1031)) - Added global filter 'safety' (class=org.apache.hadoop.hdds.server.http.HttpServer2$QuotingInputFilter)
2022-10-28 11:28:45,460 [Listener at 127.0.0.1/42141] INFO  http.HttpServer2 (HttpServer2.java:addFilter(1007)) - Added filter static_user_filter (class=org.apache.hadoop.http.lib.StaticUserWebFilter$StaticUserFilter) to context hddsDatanode
2022-10-28 11:28:45,460 [Listener at 127.0.0.1/42141] INFO  http.HttpServer2 (HttpServer2.java:addFilter(1015)) - Added filter static_user_filter (class=org.apache.hadoop.http.lib.StaticUserWebFilter$StaticUserFilter) to context static
2022-10-28 11:28:45,460 [Listener at 127.0.0.1/42141] INFO  http.HttpServer2 (HttpServer2.java:addFilter(1015)) - Added filter static_user_filter (class=org.apache.hadoop.http.lib.StaticUserWebFilter$StaticUserFilter) to context logs
2022-10-28 11:28:45,461 [Listener at 127.0.0.1/42141] INFO  http.HttpServer2 (HttpServer2.java:bindListener(1250)) - Jetty bound to port 34099
2022-10-28 11:28:45,461 [Listener at 127.0.0.1/42141] INFO  server.Server (Server.java:doStart(375)) - jetty-9.4.49.v20220914; built: 2022-09-14T01:07:36.601Z; git: 4231a3b2e4cb8548a412a789936d640a97b1aa0a; jvm 1.8.0_345-b01
2022-10-28 11:28:45,467 [Listener at 127.0.0.1/42141] INFO  server.session (DefaultSessionIdManager.java:doStart(334)) - DefaultSessionIdManager workerName=node0
2022-10-28 11:28:45,468 [Listener at 127.0.0.1/42141] INFO  server.session (DefaultSessionIdManager.java:doStart(339)) - No SessionScavenger set, using defaults
2022-10-28 11:28:45,468 [Listener at 127.0.0.1/42141] INFO  server.session (HouseKeeper.java:startScavenging(132)) - node0 Scavenging every 660000ms
2022-10-28 11:28:45,468 [Listener at 127.0.0.1/42141] INFO  handler.ContextHandler (ContextHandler.java:doStart(921)) - Started o.e.j.s.ServletContextHandler@79d55957{logs,/logs,file:///home/runner/work/ozone/ozone/hadoop-ozone/integration-test/target/log,AVAILABLE}
2022-10-28 11:28:45,469 [Listener at 127.0.0.1/42141] INFO  handler.ContextHandler (ContextHandler.java:doStart(921)) - Started o.e.j.s.ServletContextHandler@316ae9cb{static,/static,jar:file:/home/runner/.m2/repository/org/apache/ozone/hdds-container-service/1.3.0-SNAPSHOT/hdds-container-service-1.3.0-SNAPSHOT.jar!/webapps/static,AVAILABLE}
2022-10-28 11:28:45,663 [Listener at 127.0.0.1/42141] INFO  handler.ContextHandler (ContextHandler.java:doStart(921)) - Started o.e.j.w.WebAppContext@63662b68{hddsDatanode,/,file:///tmp/jetty-0_0_0_0-34099-hdds-container-service-1_3_0-SNAPSHOT_jar-_-any-3328712647230560337/webapp/,AVAILABLE}{jar:file:/home/runner/.m2/repository/org/apache/ozone/hdds-container-service/1.3.0-SNAPSHOT/hdds-container-service-1.3.0-SNAPSHOT.jar!/webapps/hddsDatanode}
2022-10-28 11:28:45,669 [Listener at 127.0.0.1/42141] INFO  server.AbstractConnector (AbstractConnector.java:doStart(333)) - Started ServerConnector@30582df9{HTTP/1.1, (http/1.1)}{0.0.0.0:34099}
2022-10-28 11:28:45,669 [Listener at 127.0.0.1/42141] INFO  server.Server (Server.java:doStart(415)) - Started @7279ms
2022-10-28 11:28:45,669 [Listener at 127.0.0.1/42141] WARN  impl.MetricsSystemImpl (MetricsSystemImpl.java:register(279)) - Sink prometheus already exists!
2022-10-28 11:28:45,670 [Listener at 127.0.0.1/42141] INFO  http.BaseHttpServer (BaseHttpServer.java:updateConnectorAddress(333)) - HTTP server of hddsDatanode listening at http://0.0.0.0:34099
2022-10-28 11:28:45,672 [Listener at 127.0.0.1/42141] WARN  impl.MetricRegistriesImpl (MetricRegistriesImpl.java:addReporterRegistration(111)) - New reporters are added after registries were created. Some metrics will be missing from the reporter. Please add reporter before adding any new registry.
2022-10-28 11:28:45,672 [Listener at 127.0.0.1/42141] WARN  impl.MetricRegistriesImpl (MetricRegistriesImpl.java:addReporterRegistration(111)) - New reporters are added after registries were created. Some metrics will be missing from the reporter. Please add reporter before adding any new registry.
2022-10-28 11:28:45,672 [Listener at 127.0.0.1/42141] INFO  impl.MetricsSystemImpl (MetricsSystemImpl.java:init(158)) - HddsDatanode metrics system started (again)
2022-10-28 11:28:45,678 [Datanode State Machine Daemon Thread] INFO  statemachine.DatanodeStateMachine (DatanodeStateMachine.java:lambda$startDaemon$0(505)) - Ozone container server started.
2022-10-28 11:28:45,695 [Listener at 127.0.0.1/42141] INFO  ozone.HddsDatanodeService (HddsDatanodeService.java:start(236)) - HddsDatanodeService host:fv-az700-396.2bpskmoaobnu3eckqg1qau4u2h.cx.internal.cloudapp.net ip:10.1.0.114
2022-10-28 11:28:45,706 [org.apache.hadoop.util.JvmPauseMonitor$Monitor@905fc5e] INFO  util.JvmPauseMonitor (JvmPauseMonitor.java:run(188)) - Starting JVM pause monitor
2022-10-28 11:28:45,718 [Listener at 127.0.0.1/42141] INFO  upgrade.AbstractLayoutVersionManager (AbstractLayoutVersionManager.java:init(83)) - Initializing Layout version manager with metadata layout = DATANODE_SCHEMA_V3 (version = 4), software layout = DATANODE_SCHEMA_V3 (version = 4)
2022-10-28 11:28:45,793 [Listener at 127.0.0.1/42141] INFO  reflections.Reflections (Reflections.java:scan(232)) - Reflections took 74 ms to scan 7 urls, producing 136 keys and 331 values 
2022-10-28 11:28:45,815 [Listener at 127.0.0.1/42141] INFO  statemachine.DatanodeStateMachine (DatanodeStateMachine.java:getEndPointTaskThreadPoolSize(245)) - Datanode State Machine Task Thread Pool size 2
2022-10-28 11:28:45,824 [Listener at 127.0.0.1/42141] INFO  volume.HddsVolume (HddsVolume.java:<init>(117)) - Creating HddsVolume: /home/runner/work/ozone/ozone/hadoop-ozone/integration-test/target/test-dir/MiniOzoneClusterImpl-6ee34448-fbd8-4951-8ae1-d137d06ced7b/datanode-1/data-0/containers/hdds of storage type : DISK capacity : 9223372036854775807
2022-10-28 11:28:45,825 [Listener at 127.0.0.1/42141] INFO  volume.MutableVolumeSet (MutableVolumeSet.java:initializeVolumeSet(174)) - Added Volume : /home/runner/work/ozone/ozone/hadoop-ozone/integration-test/target/test-dir/MiniOzoneClusterImpl-6ee34448-fbd8-4951-8ae1-d137d06ced7b/datanode-1/data-0/containers/hdds to VolumeSet
2022-10-28 11:28:45,825 [Listener at 127.0.0.1/42141] INFO  volume.ThrottledAsyncChecker (ThrottledAsyncChecker.java:schedule(141)) - Scheduling a check for /home/runner/work/ozone/ozone/hadoop-ozone/integration-test/target/test-dir/MiniOzoneClusterImpl-6ee34448-fbd8-4951-8ae1-d137d06ced7b/datanode-1/data-0/containers/hdds
2022-10-28 11:28:45,826 [Listener at 127.0.0.1/42141] INFO  volume.StorageVolumeChecker (StorageVolumeChecker.java:checkAllVolumes(202)) - Scheduled health check for volume /home/runner/work/ozone/ozone/hadoop-ozone/integration-test/target/test-dir/MiniOzoneClusterImpl-6ee34448-fbd8-4951-8ae1-d137d06ced7b/datanode-1/data-0/containers/hdds
2022-10-28 11:28:45,857 [Listener at 127.0.0.1/42141] INFO  volume.MutableVolumeSet (MutableVolumeSet.java:initializeVolumeSet(174)) - Added Volume : /home/runner/work/ozone/ozone/hadoop-ozone/integration-test/target/test-dir/MiniOzoneClusterImpl-6ee34448-fbd8-4951-8ae1-d137d06ced7b/datanode-1/data/ratis to VolumeSet
2022-10-28 11:28:45,858 [Listener at 127.0.0.1/42141] INFO  volume.ThrottledAsyncChecker (ThrottledAsyncChecker.java:schedule(141)) - Scheduling a check for /home/runner/work/ozone/ozone/hadoop-ozone/integration-test/target/test-dir/MiniOzoneClusterImpl-6ee34448-fbd8-4951-8ae1-d137d06ced7b/datanode-1/data/ratis
2022-10-28 11:28:45,858 [Listener at 127.0.0.1/42141] INFO  volume.StorageVolumeChecker (StorageVolumeChecker.java:checkAllVolumes(202)) - Scheduled health check for volume /home/runner/work/ozone/ozone/hadoop-ozone/integration-test/target/test-dir/MiniOzoneClusterImpl-6ee34448-fbd8-4951-8ae1-d137d06ced7b/datanode-1/data/ratis
2022-10-28 11:28:45,870 [Thread-149] INFO  ozoneimpl.ContainerReader (ContainerReader.java:readVolume(175)) - Finish verifying containers on volume /home/runner/work/ozone/ozone/hadoop-ozone/integration-test/target/test-dir/MiniOzoneClusterImpl-6ee34448-fbd8-4951-8ae1-d137d06ced7b/datanode-1/data-0/containers/hdds
2022-10-28 11:28:45,870 [Listener at 127.0.0.1/42141] INFO  ozoneimpl.OzoneContainer (OzoneContainer.java:buildContainerSet(300)) - Build ContainerSet costs 0s
2022-10-28 11:28:45,874 [Listener at 127.0.0.1/42141] INFO  server.RaftServer (ConfUtils.java:logGet(46)) - raft.rpc.type = GRPC (default)
2022-10-28 11:28:45,874 [Listener at 127.0.0.1/42141] INFO  grpc.GrpcConfigKeys (ConfUtils.java:logFallback(53)) - raft.grpc.admin.host = null (fallback to raft.grpc.server.host)
2022-10-28 11:28:45,874 [Listener at 127.0.0.1/42141] INFO  grpc.GrpcConfigKeys (ConfUtils.java:logGet(46)) - raft.grpc.admin.port = 0 (custom)
2022-10-28 11:28:45,874 [Listener at 127.0.0.1/42141] INFO  grpc.GrpcConfigKeys (ConfUtils.java:logFallback(53)) - raft.grpc.client.host = null (fallback to raft.grpc.server.host)
2022-10-28 11:28:45,874 [Listener at 127.0.0.1/42141] INFO  grpc.GrpcConfigKeys (ConfUtils.java:logGet(46)) - raft.grpc.client.port = 0 (custom)
2022-10-28 11:28:45,874 [Listener at 127.0.0.1/42141] INFO  grpc.GrpcConfigKeys (ConfUtils.java:logGet(46)) - raft.grpc.server.host = null (default)
2022-10-28 11:28:45,875 [Listener at 127.0.0.1/42141] INFO  grpc.GrpcConfigKeys (ConfUtils.java:logGet(46)) - raft.grpc.server.port = 0 (default)
2022-10-28 11:28:45,875 [Listener at 127.0.0.1/42141] INFO  server.GrpcService (ConfUtils.java:logGet(46)) - raft.grpc.message.size.max = 32MB (=33554432) (custom)
2022-10-28 11:28:45,875 [Listener at 127.0.0.1/42141] INFO  server.RaftServerConfigKeys (ConfUtils.java:logGet(46)) - raft.server.log.appender.buffer.byte-limit = 33554432 (custom)
2022-10-28 11:28:45,875 [Listener at 127.0.0.1/42141] INFO  server.GrpcService (ConfUtils.java:logGet(46)) - raft.grpc.flow.control.window = 5MB (=5242880) (custom)
2022-10-28 11:28:45,875 [Listener at 127.0.0.1/42141] INFO  server.RaftServerConfigKeys (ConfUtils.java:logGet(46)) - raft.server.rpc.request.timeout = 60s (custom)
2022-10-28 11:28:45,875 [Listener at 127.0.0.1/42141] INFO  grpc.GrpcConfigKeys (ConfUtils.java:logGet(46)) - raft.grpc.server.heartbeat.channel = true (default)
2022-10-28 11:28:45,875 [Listener at 127.0.0.1/42141] INFO  grpc.GrpcConfigKeys (ConfUtils.java:logGet(46)) - raft.grpc.server.async.request.thread.pool.cached = true (default)
2022-10-28 11:28:45,875 [Listener at 127.0.0.1/42141] INFO  grpc.GrpcConfigKeys (ConfUtils.java:logGet(46)) - raft.grpc.server.async.request.thread.pool.size = 32 (default)
2022-10-28 11:28:45,876 [Listener at 127.0.0.1/42141] INFO  impl.DataStreamServerImpl (ConfUtils.java:logGet(46)) - raft.datastream.type = DISABLED (default)
2022-10-28 11:28:45,877 [Listener at 127.0.0.1/42141] INFO  server.RaftServerConfigKeys (ConfUtils.java:logGet(46)) - raft.server.threadpool.proxy.cached = true (default)
2022-10-28 11:28:45,877 [Listener at 127.0.0.1/42141] INFO  server.RaftServerConfigKeys (ConfUtils.java:logGet(46)) - raft.server.threadpool.proxy.size = 0 (default)
2022-10-28 11:28:45,877 [Listener at 127.0.0.1/42141] INFO  server.RaftServerConfigKeys (ConfUtils.java:logGet(46)) - raft.server.rpc.slowness.timeout = 300s (custom)
2022-10-28 11:28:45,877 [Listener at 127.0.0.1/42141] INFO  server.RaftServerConfigKeys (ConfUtils.java:logGet(46)) - raft.server.leaderelection.leader.step-down.wait-time = 10s (default)
2022-10-28 11:28:45,879 [Listener at 127.0.0.1/42141] INFO  server.RaftServerConfigKeys (ConfUtils.java:logGet(46)) - raft.server.storage.dir = [/home/runner/work/ozone/ozone/hadoop-ozone/integration-test/target/test-dir/MiniOzoneClusterImpl-6ee34448-fbd8-4951-8ae1-d137d06ced7b/datanode-1/data/ratis] (custom)
2022-10-28 11:28:45,880 [Datanode State Machine Task Thread - 0] INFO  datanode.InitDatanodeState (InitDatanodeState.java:persistContainerDatanodeDetails(138)) - DatanodeDetails is persisted to /home/runner/work/ozone/ozone/hadoop-ozone/integration-test/target/test-dir/MiniOzoneClusterImpl-6ee34448-fbd8-4951-8ae1-d137d06ced7b/datanode-0/meta/datanode.id
2022-10-28 11:28:45,882 [Listener at 127.0.0.1/42141] INFO  server.XceiverServerGrpc (XceiverServerGrpc.java:<init>(132)) - GrpcServer channel type EpollServerSocketChannel
2022-10-28 11:28:45,887 [Listener at 127.0.0.1/42141] INFO  http.BaseHttpServer (BaseHttpServer.java:newHttpServer2BuilderForOzone(213)) - Starting Web-server for hddsDatanode at: http://0.0.0.0:0
2022-10-28 11:28:45,887 [Listener at 127.0.0.1/42141] INFO  http.BaseHttpServer (BaseHttpServer.java:<init>(108)) - Hadoop Security Enabled: false Ozone Security Enabled: false Ozone HTTP Security Enabled: false 
2022-10-28 11:28:45,888 [Listener at 127.0.0.1/42141] WARN  server.AuthenticationFilter (AuthenticationFilter.java:constructSecretProvider(240)) - Unable to initialize FileSignerSecretProvider, falling back to use random secrets. Reason: Could not read signature secret file: /home/runner/hadoop-http-auth-signature-secret
2022-10-28 11:28:45,894 [Listener at 127.0.0.1/42141] WARN  http.HttpRequestLog (HttpRequestLog.java:getRequestLog(103)) - Jetty request log can only be enabled using Log4j
2022-10-28 11:28:45,897 [Listener at 127.0.0.1/42141] INFO  http.HttpServer2 (HttpServer2.java:addGlobalFilter(1031)) - Added global filter 'safety' (class=org.apache.hadoop.hdds.server.http.HttpServer2$QuotingInputFilter)
2022-10-28 11:28:45,898 [Listener at 127.0.0.1/42141] INFO  http.HttpServer2 (HttpServer2.java:addFilter(1007)) - Added filter static_user_filter (class=org.apache.hadoop.http.lib.StaticUserWebFilter$StaticUserFilter) to context hddsDatanode
2022-10-28 11:28:45,898 [Listener at 127.0.0.1/42141] INFO  http.HttpServer2 (HttpServer2.java:addFilter(1015)) - Added filter static_user_filter (class=org.apache.hadoop.http.lib.StaticUserWebFilter$StaticUserFilter) to context logs
2022-10-28 11:28:45,898 [Listener at 127.0.0.1/42141] INFO  http.HttpServer2 (HttpServer2.java:addFilter(1015)) - Added filter static_user_filter (class=org.apache.hadoop.http.lib.StaticUserWebFilter$StaticUserFilter) to context static
2022-10-28 11:28:45,899 [Listener at 127.0.0.1/42141] INFO  http.HttpServer2 (HttpServer2.java:bindListener(1250)) - Jetty bound to port 38079
2022-10-28 11:28:45,899 [Listener at 127.0.0.1/42141] INFO  server.Server (Server.java:doStart(375)) - jetty-9.4.49.v20220914; built: 2022-09-14T01:07:36.601Z; git: 4231a3b2e4cb8548a412a789936d640a97b1aa0a; jvm 1.8.0_345-b01
2022-10-28 11:28:45,902 [Listener at 127.0.0.1/42141] INFO  server.session (DefaultSessionIdManager.java:doStart(334)) - DefaultSessionIdManager workerName=node0
2022-10-28 11:28:45,902 [Listener at 127.0.0.1/42141] INFO  server.session (DefaultSessionIdManager.java:doStart(339)) - No SessionScavenger set, using defaults
2022-10-28 11:28:45,902 [Listener at 127.0.0.1/42141] INFO  server.session (HouseKeeper.java:startScavenging(132)) - node0 Scavenging every 660000ms
2022-10-28 11:28:45,904 [Listener at 127.0.0.1/42141] INFO  handler.ContextHandler (ContextHandler.java:doStart(921)) - Started o.e.j.s.ServletContextHandler@6c790029{logs,/logs,file:///home/runner/work/ozone/ozone/hadoop-ozone/integration-test/target/log,AVAILABLE}
2022-10-28 11:28:45,904 [Listener at 127.0.0.1/42141] INFO  handler.ContextHandler (ContextHandler.java:doStart(921)) - Started o.e.j.s.ServletContextHandler@71d0240d{static,/static,jar:file:/home/runner/.m2/repository/org/apache/ozone/hdds-container-service/1.3.0-SNAPSHOT/hdds-container-service-1.3.0-SNAPSHOT.jar!/webapps/static,AVAILABLE}
2022-10-28 11:28:45,952 [om1@group-C5BA1605619E-FollowerState] INFO  impl.FollowerState (FollowerState.java:run(143)) - om1@group-C5BA1605619E-FollowerState: change to CANDIDATE, lastRpcElapsedTime:1100343373ns, electionTimeout:1092ms
2022-10-28 11:28:45,953 [om1@group-C5BA1605619E-FollowerState] INFO  impl.RoleInfo (RoleInfo.java:shutdownFollowerState(110)) - om1: shutdown om1@group-C5BA1605619E-FollowerState
2022-10-28 11:28:45,954 [om1@group-C5BA1605619E-FollowerState] INFO  server.RaftServer$Division (RaftServerImpl.java:setRole(321)) - om1@group-C5BA1605619E: changes role from  FOLLOWER to CANDIDATE at term 0 for changeToCandidate
2022-10-28 11:28:45,956 [om1@group-C5BA1605619E-FollowerState] INFO  server.RaftServerConfigKeys (ConfUtils.java:logGet(46)) - raft.server.leaderelection.pre-vote = false (custom)
2022-10-28 11:28:45,958 [om1@group-C5BA1605619E-FollowerState] INFO  impl.RoleInfo (RoleInfo.java:updateAndGet(139)) - om1: start om1@group-C5BA1605619E-LeaderElection1
2022-10-28 11:28:45,975 [om1@group-C5BA1605619E-LeaderElection1] INFO  impl.LeaderElection (LeaderElection.java:askForVotes(312)) - om1@group-C5BA1605619E-LeaderElection1 ELECTION round 0: submit vote requests at term 1 for -1: peers:[om1|rpc:localhost:9872|priority:0|startupRole:FOLLOWER]|listeners:[], old=null
2022-10-28 11:28:45,976 [om1@group-C5BA1605619E-LeaderElection1] INFO  impl.LeaderElection (LeaderElection.java:askForVotes(314)) - om1@group-C5BA1605619E-LeaderElection1 ELECTION round 0: result PASSED (term=1)
2022-10-28 11:28:45,976 [om1@group-C5BA1605619E-LeaderElection1] INFO  impl.RoleInfo (RoleInfo.java:shutdownLeaderElection(130)) - om1: shutdown om1@group-C5BA1605619E-LeaderElection1
2022-10-28 11:28:45,976 [om1@group-C5BA1605619E-LeaderElection1] INFO  server.RaftServer$Division (RaftServerImpl.java:setRole(321)) - om1@group-C5BA1605619E: changes role from CANDIDATE to LEADER at term 1 for changeToLeader
2022-10-28 11:28:45,977 [om1@group-C5BA1605619E-LeaderElection1] INFO  server.RaftServer$Division (ServerState.java:setLeader(313)) - om1@group-C5BA1605619E: change Leader from null to om1 at term 1 for becomeLeader, leader elected after 2148ms
2022-10-28 11:28:45,995 [om1@group-C5BA1605619E-LeaderElection1] INFO  server.RaftServerConfigKeys (ConfUtils.java:logGet(46)) - raft.server.staging.catchup.gap = 1000 (default)
2022-10-28 11:28:45,999 [om1@group-C5BA1605619E-LeaderElection1] INFO  server.RaftServerConfigKeys (ConfUtils.java:logGet(46)) - raft.server.write.element-limit = 4096 (default)
2022-10-28 11:28:46,000 [om1@group-C5BA1605619E-LeaderElection1] INFO  server.RaftServerConfigKeys (ConfUtils.java:logGet(46)) - raft.server.write.byte-limit = 64MB (=67108864) (default)
2022-10-28 11:28:46,009 [om1@group-C5BA1605619E-LeaderElection1] INFO  server.RaftServerConfigKeys (ConfUtils.java:logGet(46)) - raft.server.watch.timeout = 10s (default)
2022-10-28 11:28:46,009 [om1@group-C5BA1605619E-LeaderElection1] INFO  server.RaftServerConfigKeys (ConfUtils.java:logGet(46)) - raft.server.watch.timeout.denomination = 1s (default)
2022-10-28 11:28:46,009 [om1@group-C5BA1605619E-LeaderElection1] INFO  server.RaftServerConfigKeys (ConfUtils.java:logGet(46)) - raft.server.watch.element-limit = 65536 (default)
2022-10-28 11:28:46,022 [om1@group-C5BA1605619E-LeaderElection1] INFO  server.RaftServerConfigKeys (ConfUtils.java:logGet(46)) - raft.server.write.element-limit = 4096 (default)
2022-10-28 11:28:46,024 [om1@group-C5BA1605619E-LeaderElection1] INFO  server.RaftServerConfigKeys (ConfUtils.java:logGet(46)) - raft.server.write.follower.gap.ratio.max = -1.0 (default)
2022-10-28 11:28:46,030 [om1@group-C5BA1605619E-LeaderElection1] INFO  impl.RoleInfo (RoleInfo.java:updateAndGet(139)) - om1: start om1@group-C5BA1605619E-LeaderStateImpl
2022-10-28 11:28:46,065 [om1@group-C5BA1605619E-LeaderElection1] INFO  segmented.SegmentedRaftLogWorker (SegmentedRaftLogWorker.java:startLogSegment(452)) - om1@group-C5BA1605619E-SegmentedRaftLogWorker: Starting segment from index:0
2022-10-28 11:28:46,115 [om1@group-C5BA1605619E-LeaderElection1] INFO  server.RaftServer$Division (ServerState.java:setRaftConf(430)) - om1@group-C5BA1605619E: set configuration 0: peers:[om1|rpc:localhost:9872|admin:|client:|dataStream:|priority:0|startupRole:FOLLOWER]|listeners:[], old=null
2022-10-28 11:28:46,133 [Listener at 127.0.0.1/42141] INFO  handler.ContextHandler (ContextHandler.java:doStart(921)) - Started o.e.j.w.WebAppContext@30a56cce{hddsDatanode,/,file:///tmp/jetty-0_0_0_0-38079-hdds-container-service-1_3_0-SNAPSHOT_jar-_-any-3319399978049911382/webapp/,AVAILABLE}{jar:file:/home/runner/.m2/repository/org/apache/ozone/hdds-container-service/1.3.0-SNAPSHOT/hdds-container-service-1.3.0-SNAPSHOT.jar!/webapps/hddsDatanode}
2022-10-28 11:28:46,135 [Listener at 127.0.0.1/42141] INFO  server.AbstractConnector (AbstractConnector.java:doStart(333)) - Started ServerConnector@3f559822{HTTP/1.1, (http/1.1)}{0.0.0.0:38079}
2022-10-28 11:28:46,144 [Listener at 127.0.0.1/42141] INFO  server.Server (Server.java:doStart(415)) - Started @7754ms
2022-10-28 11:28:46,144 [Listener at 127.0.0.1/42141] WARN  impl.MetricsSystemImpl (MetricsSystemImpl.java:register(279)) - Sink prometheus already exists!
2022-10-28 11:28:46,145 [Listener at 127.0.0.1/42141] INFO  http.BaseHttpServer (BaseHttpServer.java:updateConnectorAddress(333)) - HTTP server of hddsDatanode listening at http://0.0.0.0:38079
2022-10-28 11:28:46,150 [Listener at 127.0.0.1/42141] WARN  impl.MetricRegistriesImpl (MetricRegistriesImpl.java:addReporterRegistration(111)) - New reporters are added after registries were created. Some metrics will be missing from the reporter. Please add reporter before adding any new registry.
2022-10-28 11:28:46,151 [Listener at 127.0.0.1/42141] WARN  impl.MetricRegistriesImpl (MetricRegistriesImpl.java:addReporterRegistration(111)) - New reporters are added after registries were created. Some metrics will be missing from the reporter. Please add reporter before adding any new registry.
2022-10-28 11:28:46,151 [Datanode State Machine Daemon Thread] INFO  statemachine.DatanodeStateMachine (DatanodeStateMachine.java:lambda$startDaemon$0(505)) - Ozone container server started.
2022-10-28 11:28:46,151 [Listener at 127.0.0.1/42141] INFO  impl.MetricsSystemImpl (MetricsSystemImpl.java:init(158)) - HddsDatanode metrics system started (again)
2022-10-28 11:28:46,164 [Listener at 127.0.0.1/42141] INFO  ozone.HddsDatanodeService (HddsDatanodeService.java:start(236)) - HddsDatanodeService host:fv-az700-396.2bpskmoaobnu3eckqg1qau4u2h.cx.internal.cloudapp.net ip:10.1.0.114
2022-10-28 11:28:46,176 [org.apache.hadoop.util.JvmPauseMonitor$Monitor@262e674a] INFO  util.JvmPauseMonitor (JvmPauseMonitor.java:run(188)) - Starting JVM pause monitor
2022-10-28 11:28:46,196 [Datanode State Machine Task Thread - 0] INFO  datanode.InitDatanodeState (InitDatanodeState.java:persistContainerDatanodeDetails(138)) - DatanodeDetails is persisted to /home/runner/work/ozone/ozone/hadoop-ozone/integration-test/target/test-dir/MiniOzoneClusterImpl-6ee34448-fbd8-4951-8ae1-d137d06ced7b/datanode-1/meta/datanode.id
2022-10-28 11:28:46,206 [Listener at 127.0.0.1/42141] INFO  upgrade.AbstractLayoutVersionManager (AbstractLayoutVersionManager.java:init(83)) - Initializing Layout version manager with metadata layout = DATANODE_SCHEMA_V3 (version = 4), software layout = DATANODE_SCHEMA_V3 (version = 4)
2022-10-28 11:28:46,211 [om1@group-C5BA1605619E-SegmentedRaftLogWorker] INFO  segmented.SegmentedRaftLogWorker (SegmentedRaftLogWorker.java:execute(656)) - om1@group-C5BA1605619E-SegmentedRaftLogWorker: created new log segment /home/runner/work/ozone/ozone/hadoop-ozone/integration-test/target/test-dir/MiniOzoneClusterImpl-6ee34448-fbd8-4951-8ae1-d137d06ced7b/ozone-meta/ratis/bf265839-605b-3f16-9796-c5ba1605619e/current/log_inprogress_0
2022-10-28 11:28:46,320 [Listener at 127.0.0.1/42141] INFO  reflections.Reflections (Reflections.java:scan(232)) - Reflections took 113 ms to scan 7 urls, producing 136 keys and 331 values 
2022-10-28 11:28:46,323 [Listener at 127.0.0.1/42141] INFO  statemachine.DatanodeStateMachine (DatanodeStateMachine.java:getEndPointTaskThreadPoolSize(245)) - Datanode State Machine Task Thread Pool size 2
2022-10-28 11:28:46,326 [Listener at 127.0.0.1/42141] INFO  volume.HddsVolume (HddsVolume.java:<init>(117)) - Creating HddsVolume: /home/runner/work/ozone/ozone/hadoop-ozone/integration-test/target/test-dir/MiniOzoneClusterImpl-6ee34448-fbd8-4951-8ae1-d137d06ced7b/datanode-2/data-0/containers/hdds of storage type : DISK capacity : 9223372036854775807
2022-10-28 11:28:46,326 [Listener at 127.0.0.1/42141] INFO  volume.MutableVolumeSet (MutableVolumeSet.java:initializeVolumeSet(174)) - Added Volume : /home/runner/work/ozone/ozone/hadoop-ozone/integration-test/target/test-dir/MiniOzoneClusterImpl-6ee34448-fbd8-4951-8ae1-d137d06ced7b/datanode-2/data-0/containers/hdds to VolumeSet
2022-10-28 11:28:46,326 [Listener at 127.0.0.1/42141] INFO  volume.ThrottledAsyncChecker (ThrottledAsyncChecker.java:schedule(141)) - Scheduling a check for /home/runner/work/ozone/ozone/hadoop-ozone/integration-test/target/test-dir/MiniOzoneClusterImpl-6ee34448-fbd8-4951-8ae1-d137d06ced7b/datanode-2/data-0/containers/hdds
2022-10-28 11:28:46,327 [Listener at 127.0.0.1/42141] INFO  volume.StorageVolumeChecker (StorageVolumeChecker.java:checkAllVolumes(202)) - Scheduled health check for volume /home/runner/work/ozone/ozone/hadoop-ozone/integration-test/target/test-dir/MiniOzoneClusterImpl-6ee34448-fbd8-4951-8ae1-d137d06ced7b/datanode-2/data-0/containers/hdds
2022-10-28 11:28:46,343 [Listener at 127.0.0.1/42141] INFO  volume.MutableVolumeSet (MutableVolumeSet.java:initializeVolumeSet(174)) - Added Volume : /home/runner/work/ozone/ozone/hadoop-ozone/integration-test/target/test-dir/MiniOzoneClusterImpl-6ee34448-fbd8-4951-8ae1-d137d06ced7b/datanode-2/data/ratis to VolumeSet
2022-10-28 11:28:46,343 [Listener at 127.0.0.1/42141] INFO  volume.ThrottledAsyncChecker (ThrottledAsyncChecker.java:schedule(141)) - Scheduling a check for /home/runner/work/ozone/ozone/hadoop-ozone/integration-test/target/test-dir/MiniOzoneClusterImpl-6ee34448-fbd8-4951-8ae1-d137d06ced7b/datanode-2/data/ratis
2022-10-28 11:28:46,344 [Listener at 127.0.0.1/42141] INFO  volume.StorageVolumeChecker (StorageVolumeChecker.java:checkAllVolumes(202)) - Scheduled health check for volume /home/runner/work/ozone/ozone/hadoop-ozone/integration-test/target/test-dir/MiniOzoneClusterImpl-6ee34448-fbd8-4951-8ae1-d137d06ced7b/datanode-2/data/ratis
2022-10-28 11:28:46,345 [om1@group-C5BA1605619E-StateMachineUpdater] INFO  ratis.OzoneManagerStateMachine (OzoneManagerStateMachine.java:notifyConfigurationChanged(192)) - Received Configuration change notification from Ratis. New Peer list:
[id: "om1"
address: "localhost:9872"
startupRole: FOLLOWER
]
2022-10-28 11:28:46,355 [Thread-164] INFO  ozoneimpl.ContainerReader (ContainerReader.java:readVolume(175)) - Finish verifying containers on volume /home/runner/work/ozone/ozone/hadoop-ozone/integration-test/target/test-dir/MiniOzoneClusterImpl-6ee34448-fbd8-4951-8ae1-d137d06ced7b/datanode-2/data-0/containers/hdds
2022-10-28 11:28:46,357 [Listener at 127.0.0.1/42141] INFO  ozoneimpl.OzoneContainer (OzoneContainer.java:buildContainerSet(300)) - Build ContainerSet costs 0s
2022-10-28 11:28:46,359 [Listener at 127.0.0.1/42141] INFO  server.RaftServer (ConfUtils.java:logGet(46)) - raft.rpc.type = GRPC (default)
2022-10-28 11:28:46,360 [Listener at 127.0.0.1/42141] INFO  grpc.GrpcConfigKeys (ConfUtils.java:logFallback(53)) - raft.grpc.admin.host = null (fallback to raft.grpc.server.host)
2022-10-28 11:28:46,360 [Listener at 127.0.0.1/42141] INFO  grpc.GrpcConfigKeys (ConfUtils.java:logGet(46)) - raft.grpc.admin.port = 0 (custom)
2022-10-28 11:28:46,360 [Listener at 127.0.0.1/42141] INFO  grpc.GrpcConfigKeys (ConfUtils.java:logFallback(53)) - raft.grpc.client.host = null (fallback to raft.grpc.server.host)
2022-10-28 11:28:46,360 [Listener at 127.0.0.1/42141] INFO  grpc.GrpcConfigKeys (ConfUtils.java:logGet(46)) - raft.grpc.client.port = 0 (custom)
2022-10-28 11:28:46,360 [Listener at 127.0.0.1/42141] INFO  grpc.GrpcConfigKeys (ConfUtils.java:logGet(46)) - raft.grpc.server.host = null (default)
2022-10-28 11:28:46,360 [Listener at 127.0.0.1/42141] INFO  grpc.GrpcConfigKeys (ConfUtils.java:logGet(46)) - raft.grpc.server.port = 0 (default)
2022-10-28 11:28:46,360 [Listener at 127.0.0.1/42141] INFO  server.GrpcService (ConfUtils.java:logGet(46)) - raft.grpc.message.size.max = 32MB (=33554432) (custom)
2022-10-28 11:28:46,360 [Listener at 127.0.0.1/42141] INFO  server.RaftServerConfigKeys (ConfUtils.java:logGet(46)) - raft.server.log.appender.buffer.byte-limit = 33554432 (custom)
2022-10-28 11:28:46,361 [Listener at 127.0.0.1/42141] INFO  server.GrpcService (ConfUtils.java:logGet(46)) - raft.grpc.flow.control.window = 5MB (=5242880) (custom)
2022-10-28 11:28:46,361 [Listener at 127.0.0.1/42141] INFO  server.RaftServerConfigKeys (ConfUtils.java:logGet(46)) - raft.server.rpc.request.timeout = 60s (custom)
2022-10-28 11:28:46,361 [Listener at 127.0.0.1/42141] INFO  grpc.GrpcConfigKeys (ConfUtils.java:logGet(46)) - raft.grpc.server.heartbeat.channel = true (default)
2022-10-28 11:28:46,361 [Listener at 127.0.0.1/42141] INFO  grpc.GrpcConfigKeys (ConfUtils.java:logGet(46)) - raft.grpc.server.async.request.thread.pool.cached = true (default)
2022-10-28 11:28:46,361 [Listener at 127.0.0.1/42141] INFO  grpc.GrpcConfigKeys (ConfUtils.java:logGet(46)) - raft.grpc.server.async.request.thread.pool.size = 32 (default)
2022-10-28 11:28:46,362 [Listener at 127.0.0.1/42141] INFO  impl.DataStreamServerImpl (ConfUtils.java:logGet(46)) - raft.datastream.type = DISABLED (default)
2022-10-28 11:28:46,362 [Listener at 127.0.0.1/42141] INFO  server.RaftServerConfigKeys (ConfUtils.java:logGet(46)) - raft.server.threadpool.proxy.cached = true (default)
2022-10-28 11:28:46,362 [Listener at 127.0.0.1/42141] INFO  server.RaftServerConfigKeys (ConfUtils.java:logGet(46)) - raft.server.threadpool.proxy.size = 0 (default)
2022-10-28 11:28:46,362 [Listener at 127.0.0.1/42141] INFO  server.RaftServerConfigKeys (ConfUtils.java:logGet(46)) - raft.server.rpc.slowness.timeout = 300s (custom)
2022-10-28 11:28:46,363 [Listener at 127.0.0.1/42141] INFO  server.RaftServerConfigKeys (ConfUtils.java:logGet(46)) - raft.server.leaderelection.leader.step-down.wait-time = 10s (default)
2022-10-28 11:28:46,363 [Listener at 127.0.0.1/42141] INFO  server.RaftServerConfigKeys (ConfUtils.java:logGet(46)) - raft.server.storage.dir = [/home/runner/work/ozone/ozone/hadoop-ozone/integration-test/target/test-dir/MiniOzoneClusterImpl-6ee34448-fbd8-4951-8ae1-d137d06ced7b/datanode-2/data/ratis] (custom)
2022-10-28 11:28:46,364 [Listener at 127.0.0.1/42141] INFO  server.XceiverServerGrpc (XceiverServerGrpc.java:<init>(132)) - GrpcServer channel type EpollServerSocketChannel
2022-10-28 11:28:46,367 [Listener at 127.0.0.1/42141] INFO  http.BaseHttpServer (BaseHttpServer.java:newHttpServer2BuilderForOzone(213)) - Starting Web-server for hddsDatanode at: http://0.0.0.0:0
2022-10-28 11:28:46,367 [Listener at 127.0.0.1/42141] INFO  http.BaseHttpServer (BaseHttpServer.java:<init>(108)) - Hadoop Security Enabled: false Ozone Security Enabled: false Ozone HTTP Security Enabled: false 
2022-10-28 11:28:46,368 [Listener at 127.0.0.1/42141] WARN  server.AuthenticationFilter (AuthenticationFilter.java:constructSecretProvider(240)) - Unable to initialize FileSignerSecretProvider, falling back to use random secrets. Reason: Could not read signature secret file: /home/runner/hadoop-http-auth-signature-secret
2022-10-28 11:28:46,369 [Listener at 127.0.0.1/42141] WARN  http.HttpRequestLog (HttpRequestLog.java:getRequestLog(103)) - Jetty request log can only be enabled using Log4j
2022-10-28 11:28:46,371 [Listener at 127.0.0.1/42141] INFO  http.HttpServer2 (HttpServer2.java:addGlobalFilter(1031)) - Added global filter 'safety' (class=org.apache.hadoop.hdds.server.http.HttpServer2$QuotingInputFilter)
2022-10-28 11:28:46,371 [Listener at 127.0.0.1/42141] INFO  http.HttpServer2 (HttpServer2.java:addFilter(1007)) - Added filter static_user_filter (class=org.apache.hadoop.http.lib.StaticUserWebFilter$StaticUserFilter) to context hddsDatanode
2022-10-28 11:28:46,372 [Listener at 127.0.0.1/42141] INFO  http.HttpServer2 (HttpServer2.java:addFilter(1015)) - Added filter static_user_filter (class=org.apache.hadoop.http.lib.StaticUserWebFilter$StaticUserFilter) to context static
2022-10-28 11:28:46,372 [Listener at 127.0.0.1/42141] INFO  http.HttpServer2 (HttpServer2.java:addFilter(1015)) - Added filter static_user_filter (class=org.apache.hadoop.http.lib.StaticUserWebFilter$StaticUserFilter) to context logs
2022-10-28 11:28:46,372 [Listener at 127.0.0.1/42141] INFO  http.HttpServer2 (HttpServer2.java:bindListener(1250)) - Jetty bound to port 34395
2022-10-28 11:28:46,372 [Listener at 127.0.0.1/42141] INFO  server.Server (Server.java:doStart(375)) - jetty-9.4.49.v20220914; built: 2022-09-14T01:07:36.601Z; git: 4231a3b2e4cb8548a412a789936d640a97b1aa0a; jvm 1.8.0_345-b01
2022-10-28 11:28:46,382 [Listener at 127.0.0.1/42141] INFO  server.session (DefaultSessionIdManager.java:doStart(334)) - DefaultSessionIdManager workerName=node0
2022-10-28 11:28:46,382 [Listener at 127.0.0.1/42141] INFO  server.session (DefaultSessionIdManager.java:doStart(339)) - No SessionScavenger set, using defaults
2022-10-28 11:28:46,383 [Listener at 127.0.0.1/42141] INFO  server.session (HouseKeeper.java:startScavenging(132)) - node0 Scavenging every 600000ms
2022-10-28 11:28:46,387 [Listener at 127.0.0.1/42141] INFO  handler.ContextHandler (ContextHandler.java:doStart(921)) - Started o.e.j.s.ServletContextHandler@58bc23f3{logs,/logs,file:///home/runner/work/ozone/ozone/hadoop-ozone/integration-test/target/log,AVAILABLE}
2022-10-28 11:28:46,387 [Listener at 127.0.0.1/42141] INFO  handler.ContextHandler (ContextHandler.java:doStart(921)) - Started o.e.j.s.ServletContextHandler@145a0fd0{static,/static,jar:file:/home/runner/.m2/repository/org/apache/ozone/hdds-container-service/1.3.0-SNAPSHOT/hdds-container-service-1.3.0-SNAPSHOT.jar!/webapps/static,AVAILABLE}
2022-10-28 11:28:46,559 [Listener at 127.0.0.1/42141] INFO  handler.ContextHandler (ContextHandler.java:doStart(921)) - Started o.e.j.w.WebAppContext@78a47ca8{hddsDatanode,/,file:///tmp/jetty-0_0_0_0-34395-hdds-container-service-1_3_0-SNAPSHOT_jar-_-any-4141188270420725852/webapp/,AVAILABLE}{jar:file:/home/runner/.m2/repository/org/apache/ozone/hdds-container-service/1.3.0-SNAPSHOT/hdds-container-service-1.3.0-SNAPSHOT.jar!/webapps/hddsDatanode}
2022-10-28 11:28:46,562 [Listener at 127.0.0.1/42141] INFO  server.AbstractConnector (AbstractConnector.java:doStart(333)) - Started ServerConnector@129d65a0{HTTP/1.1, (http/1.1)}{0.0.0.0:34395}
2022-10-28 11:28:46,562 [Listener at 127.0.0.1/42141] INFO  server.Server (Server.java:doStart(415)) - Started @8172ms
2022-10-28 11:28:46,562 [Listener at 127.0.0.1/42141] WARN  impl.MetricsSystemImpl (MetricsSystemImpl.java:register(279)) - Sink prometheus already exists!
2022-10-28 11:28:46,563 [Listener at 127.0.0.1/42141] INFO  http.BaseHttpServer (BaseHttpServer.java:updateConnectorAddress(333)) - HTTP server of hddsDatanode listening at http://0.0.0.0:34395
2022-10-28 11:28:46,564 [Listener at 127.0.0.1/42141] WARN  impl.MetricRegistriesImpl (MetricRegistriesImpl.java:addReporterRegistration(111)) - New reporters are added after registries were created. Some metrics will be missing from the reporter. Please add reporter before adding any new registry.
2022-10-28 11:28:46,564 [Listener at 127.0.0.1/42141] WARN  impl.MetricRegistriesImpl (MetricRegistriesImpl.java:addReporterRegistration(111)) - New reporters are added after registries were created. Some metrics will be missing from the reporter. Please add reporter before adding any new registry.
2022-10-28 11:28:46,564 [Listener at 127.0.0.1/42141] INFO  impl.MetricsSystemImpl (MetricsSystemImpl.java:init(158)) - HddsDatanode metrics system started (again)
2022-10-28 11:28:46,569 [Datanode State Machine Daemon Thread] INFO  statemachine.DatanodeStateMachine (DatanodeStateMachine.java:lambda$startDaemon$0(505)) - Ozone container server started.
2022-10-28 11:28:46,576 [Listener at 127.0.0.1/42141] INFO  ozone.HddsDatanodeService (HddsDatanodeService.java:start(236)) - HddsDatanodeService host:fv-az700-396.2bpskmoaobnu3eckqg1qau4u2h.cx.internal.cloudapp.net ip:10.1.0.114
2022-10-28 11:28:46,576 [org.apache.hadoop.util.JvmPauseMonitor$Monitor@364f7085] INFO  util.JvmPauseMonitor (JvmPauseMonitor.java:run(188)) - Starting JVM pause monitor
2022-10-28 11:28:46,580 [Datanode State Machine Task Thread - 0] INFO  datanode.InitDatanodeState (InitDatanodeState.java:persistContainerDatanodeDetails(138)) - DatanodeDetails is persisted to /home/runner/work/ozone/ozone/hadoop-ozone/integration-test/target/test-dir/MiniOzoneClusterImpl-6ee34448-fbd8-4951-8ae1-d137d06ced7b/datanode-2/meta/datanode.id
2022-10-28 11:28:46,608 [Listener at 127.0.0.1/42141] INFO  upgrade.AbstractLayoutVersionManager (AbstractLayoutVersionManager.java:init(83)) - Initializing Layout version manager with metadata layout = DATANODE_SCHEMA_V3 (version = 4), software layout = DATANODE_SCHEMA_V3 (version = 4)
2022-10-28 11:28:46,653 [Listener at 127.0.0.1/42141] INFO  reflections.Reflections (Reflections.java:scan(232)) - Reflections took 43 ms to scan 7 urls, producing 136 keys and 331 values 
2022-10-28 11:28:46,657 [Listener at 127.0.0.1/42141] INFO  statemachine.DatanodeStateMachine (DatanodeStateMachine.java:getEndPointTaskThreadPoolSize(245)) - Datanode State Machine Task Thread Pool size 2
2022-10-28 11:28:46,662 [Listener at 127.0.0.1/42141] INFO  volume.HddsVolume (HddsVolume.java:<init>(117)) - Creating HddsVolume: /home/runner/work/ozone/ozone/hadoop-ozone/integration-test/target/test-dir/MiniOzoneClusterImpl-6ee34448-fbd8-4951-8ae1-d137d06ced7b/datanode-3/data-0/containers/hdds of storage type : DISK capacity : 9223372036854775807
2022-10-28 11:28:46,663 [Listener at 127.0.0.1/42141] INFO  volume.MutableVolumeSet (MutableVolumeSet.java:initializeVolumeSet(174)) - Added Volume : /home/runner/work/ozone/ozone/hadoop-ozone/integration-test/target/test-dir/MiniOzoneClusterImpl-6ee34448-fbd8-4951-8ae1-d137d06ced7b/datanode-3/data-0/containers/hdds to VolumeSet
2022-10-28 11:28:46,663 [Listener at 127.0.0.1/42141] INFO  volume.ThrottledAsyncChecker (ThrottledAsyncChecker.java:schedule(141)) - Scheduling a check for /home/runner/work/ozone/ozone/hadoop-ozone/integration-test/target/test-dir/MiniOzoneClusterImpl-6ee34448-fbd8-4951-8ae1-d137d06ced7b/datanode-3/data-0/containers/hdds
2022-10-28 11:28:46,665 [Listener at 127.0.0.1/42141] INFO  volume.StorageVolumeChecker (StorageVolumeChecker.java:checkAllVolumes(202)) - Scheduled health check for volume /home/runner/work/ozone/ozone/hadoop-ozone/integration-test/target/test-dir/MiniOzoneClusterImpl-6ee34448-fbd8-4951-8ae1-d137d06ced7b/datanode-3/data-0/containers/hdds
2022-10-28 11:28:46,675 [Listener at 127.0.0.1/42141] INFO  volume.MutableVolumeSet (MutableVolumeSet.java:initializeVolumeSet(174)) - Added Volume : /home/runner/work/ozone/ozone/hadoop-ozone/integration-test/target/test-dir/MiniOzoneClusterImpl-6ee34448-fbd8-4951-8ae1-d137d06ced7b/datanode-3/data/ratis to VolumeSet
2022-10-28 11:28:46,676 [Listener at 127.0.0.1/42141] INFO  volume.ThrottledAsyncChecker (ThrottledAsyncChecker.java:schedule(141)) - Scheduling a check for /home/runner/work/ozone/ozone/hadoop-ozone/integration-test/target/test-dir/MiniOzoneClusterImpl-6ee34448-fbd8-4951-8ae1-d137d06ced7b/datanode-3/data/ratis
2022-10-28 11:28:46,676 [Listener at 127.0.0.1/42141] INFO  volume.StorageVolumeChecker (StorageVolumeChecker.java:checkAllVolumes(202)) - Scheduled health check for volume /home/runner/work/ozone/ozone/hadoop-ozone/integration-test/target/test-dir/MiniOzoneClusterImpl-6ee34448-fbd8-4951-8ae1-d137d06ced7b/datanode-3/data/ratis
2022-10-28 11:28:46,691 [Thread-177] INFO  ozoneimpl.ContainerReader (ContainerReader.java:readVolume(175)) - Finish verifying containers on volume /home/runner/work/ozone/ozone/hadoop-ozone/integration-test/target/test-dir/MiniOzoneClusterImpl-6ee34448-fbd8-4951-8ae1-d137d06ced7b/datanode-3/data-0/containers/hdds
2022-10-28 11:28:46,691 [Listener at 127.0.0.1/42141] INFO  ozoneimpl.OzoneContainer (OzoneContainer.java:buildContainerSet(300)) - Build ContainerSet costs 0s
2022-10-28 11:28:46,694 [Listener at 127.0.0.1/42141] INFO  server.RaftServer (ConfUtils.java:logGet(46)) - raft.rpc.type = GRPC (default)
2022-10-28 11:28:46,694 [Listener at 127.0.0.1/42141] INFO  grpc.GrpcConfigKeys (ConfUtils.java:logFallback(53)) - raft.grpc.admin.host = null (fallback to raft.grpc.server.host)
2022-10-28 11:28:46,695 [Listener at 127.0.0.1/42141] INFO  grpc.GrpcConfigKeys (ConfUtils.java:logGet(46)) - raft.grpc.admin.port = 0 (custom)
2022-10-28 11:28:46,695 [Listener at 127.0.0.1/42141] INFO  grpc.GrpcConfigKeys (ConfUtils.java:logFallback(53)) - raft.grpc.client.host = null (fallback to raft.grpc.server.host)
2022-10-28 11:28:46,695 [Listener at 127.0.0.1/42141] INFO  grpc.GrpcConfigKeys (ConfUtils.java:logGet(46)) - raft.grpc.client.port = 0 (custom)
2022-10-28 11:28:46,695 [Listener at 127.0.0.1/42141] INFO  grpc.GrpcConfigKeys (ConfUtils.java:logGet(46)) - raft.grpc.server.host = null (default)
2022-10-28 11:28:46,696 [Listener at 127.0.0.1/42141] INFO  grpc.GrpcConfigKeys (ConfUtils.java:logGet(46)) - raft.grpc.server.port = 0 (default)
2022-10-28 11:28:46,696 [Listener at 127.0.0.1/42141] INFO  server.GrpcService (ConfUtils.java:logGet(46)) - raft.grpc.message.size.max = 32MB (=33554432) (custom)
2022-10-28 11:28:46,696 [Listener at 127.0.0.1/42141] INFO  server.RaftServerConfigKeys (ConfUtils.java:logGet(46)) - raft.server.log.appender.buffer.byte-limit = 33554432 (custom)
2022-10-28 11:28:46,696 [Listener at 127.0.0.1/42141] INFO  server.GrpcService (ConfUtils.java:logGet(46)) - raft.grpc.flow.control.window = 5MB (=5242880) (custom)
2022-10-28 11:28:46,696 [Listener at 127.0.0.1/42141] INFO  server.RaftServerConfigKeys (ConfUtils.java:logGet(46)) - raft.server.rpc.request.timeout = 60s (custom)
2022-10-28 11:28:46,696 [Listener at 127.0.0.1/42141] INFO  grpc.GrpcConfigKeys (ConfUtils.java:logGet(46)) - raft.grpc.server.heartbeat.channel = true (default)
2022-10-28 11:28:46,696 [Listener at 127.0.0.1/42141] INFO  grpc.GrpcConfigKeys (ConfUtils.java:logGet(46)) - raft.grpc.server.async.request.thread.pool.cached = true (default)
2022-10-28 11:28:46,696 [Listener at 127.0.0.1/42141] INFO  grpc.GrpcConfigKeys (ConfUtils.java:logGet(46)) - raft.grpc.server.async.request.thread.pool.size = 32 (default)
2022-10-28 11:28:46,697 [Listener at 127.0.0.1/42141] INFO  impl.DataStreamServerImpl (ConfUtils.java:logGet(46)) - raft.datastream.type = DISABLED (default)
2022-10-28 11:28:46,698 [Listener at 127.0.0.1/42141] INFO  server.RaftServerConfigKeys (ConfUtils.java:logGet(46)) - raft.server.threadpool.proxy.cached = true (default)
2022-10-28 11:28:46,698 [Listener at 127.0.0.1/42141] INFO  server.RaftServerConfigKeys (ConfUtils.java:logGet(46)) - raft.server.threadpool.proxy.size = 0 (default)
2022-10-28 11:28:46,698 [Listener at 127.0.0.1/42141] INFO  server.RaftServerConfigKeys (ConfUtils.java:logGet(46)) - raft.server.rpc.slowness.timeout = 300s (custom)
2022-10-28 11:28:46,698 [Listener at 127.0.0.1/42141] INFO  server.RaftServerConfigKeys (ConfUtils.java:logGet(46)) - raft.server.leaderelection.leader.step-down.wait-time = 10s (default)
2022-10-28 11:28:46,698 [Listener at 127.0.0.1/42141] INFO  server.RaftServerConfigKeys (ConfUtils.java:logGet(46)) - raft.server.storage.dir = [/home/runner/work/ozone/ozone/hadoop-ozone/integration-test/target/test-dir/MiniOzoneClusterImpl-6ee34448-fbd8-4951-8ae1-d137d06ced7b/datanode-3/data/ratis] (custom)
2022-10-28 11:28:46,703 [Listener at 127.0.0.1/42141] INFO  server.XceiverServerGrpc (XceiverServerGrpc.java:<init>(132)) - GrpcServer channel type EpollServerSocketChannel
2022-10-28 11:28:46,707 [Listener at 127.0.0.1/42141] INFO  http.BaseHttpServer (BaseHttpServer.java:newHttpServer2BuilderForOzone(213)) - Starting Web-server for hddsDatanode at: http://0.0.0.0:0
2022-10-28 11:28:46,707 [Listener at 127.0.0.1/42141] INFO  http.BaseHttpServer (BaseHttpServer.java:<init>(108)) - Hadoop Security Enabled: false Ozone Security Enabled: false Ozone HTTP Security Enabled: false 
2022-10-28 11:28:46,708 [Listener at 127.0.0.1/42141] WARN  server.AuthenticationFilter (AuthenticationFilter.java:constructSecretProvider(240)) - Unable to initialize FileSignerSecretProvider, falling back to use random secrets. Reason: Could not read signature secret file: /home/runner/hadoop-http-auth-signature-secret
2022-10-28 11:28:46,709 [Listener at 127.0.0.1/42141] WARN  http.HttpRequestLog (HttpRequestLog.java:getRequestLog(103)) - Jetty request log can only be enabled using Log4j
2022-10-28 11:28:46,710 [Listener at 127.0.0.1/42141] INFO  http.HttpServer2 (HttpServer2.java:addGlobalFilter(1031)) - Added global filter 'safety' (class=org.apache.hadoop.hdds.server.http.HttpServer2$QuotingInputFilter)
2022-10-28 11:28:46,711 [Listener at 127.0.0.1/42141] INFO  http.HttpServer2 (HttpServer2.java:addFilter(1007)) - Added filter static_user_filter (class=org.apache.hadoop.http.lib.StaticUserWebFilter$StaticUserFilter) to context hddsDatanode
2022-10-28 11:28:46,711 [Listener at 127.0.0.1/42141] INFO  http.HttpServer2 (HttpServer2.java:addFilter(1015)) - Added filter static_user_filter (class=org.apache.hadoop.http.lib.StaticUserWebFilter$StaticUserFilter) to context static
2022-10-28 11:28:46,711 [Listener at 127.0.0.1/42141] INFO  http.HttpServer2 (HttpServer2.java:addFilter(1015)) - Added filter static_user_filter (class=org.apache.hadoop.http.lib.StaticUserWebFilter$StaticUserFilter) to context logs
2022-10-28 11:28:46,712 [Listener at 127.0.0.1/42141] INFO  http.HttpServer2 (HttpServer2.java:bindListener(1250)) - Jetty bound to port 40545
2022-10-28 11:28:46,712 [Listener at 127.0.0.1/42141] INFO  server.Server (Server.java:doStart(375)) - jetty-9.4.49.v20220914; built: 2022-09-14T01:07:36.601Z; git: 4231a3b2e4cb8548a412a789936d640a97b1aa0a; jvm 1.8.0_345-b01
2022-10-28 11:28:46,715 [Listener at 127.0.0.1/42141] INFO  server.session (DefaultSessionIdManager.java:doStart(334)) - DefaultSessionIdManager workerName=node0
2022-10-28 11:28:46,716 [Listener at 127.0.0.1/42141] INFO  server.session (DefaultSessionIdManager.java:doStart(339)) - No SessionScavenger set, using defaults
2022-10-28 11:28:46,716 [Listener at 127.0.0.1/42141] INFO  server.session (HouseKeeper.java:startScavenging(132)) - node0 Scavenging every 660000ms
2022-10-28 11:28:46,716 [Listener at 127.0.0.1/42141] INFO  handler.ContextHandler (ContextHandler.java:doStart(921)) - Started o.e.j.s.ServletContextHandler@4a689c76{logs,/logs,file:///home/runner/work/ozone/ozone/hadoop-ozone/integration-test/target/log,AVAILABLE}
2022-10-28 11:28:46,717 [Listener at 127.0.0.1/42141] INFO  handler.ContextHandler (ContextHandler.java:doStart(921)) - Started o.e.j.s.ServletContextHandler@bc83665{static,/static,jar:file:/home/runner/.m2/repository/org/apache/ozone/hdds-container-service/1.3.0-SNAPSHOT/hdds-container-service-1.3.0-SNAPSHOT.jar!/webapps/static,AVAILABLE}
2022-10-28 11:28:46,887 [Listener at 127.0.0.1/42141] INFO  handler.ContextHandler (ContextHandler.java:doStart(921)) - Started o.e.j.w.WebAppContext@78c0ae75{hddsDatanode,/,file:///tmp/jetty-0_0_0_0-40545-hdds-container-service-1_3_0-SNAPSHOT_jar-_-any-580267684022033557/webapp/,AVAILABLE}{jar:file:/home/runner/.m2/repository/org/apache/ozone/hdds-container-service/1.3.0-SNAPSHOT/hdds-container-service-1.3.0-SNAPSHOT.jar!/webapps/hddsDatanode}
2022-10-28 11:28:46,889 [Listener at 127.0.0.1/42141] INFO  server.AbstractConnector (AbstractConnector.java:doStart(333)) - Started ServerConnector@42a6b1ef{HTTP/1.1, (http/1.1)}{0.0.0.0:40545}
2022-10-28 11:28:46,889 [Listener at 127.0.0.1/42141] INFO  server.Server (Server.java:doStart(415)) - Started @8498ms
2022-10-28 11:28:46,889 [Listener at 127.0.0.1/42141] WARN  impl.MetricsSystemImpl (MetricsSystemImpl.java:register(279)) - Sink prometheus already exists!
2022-10-28 11:28:46,889 [Listener at 127.0.0.1/42141] INFO  http.BaseHttpServer (BaseHttpServer.java:updateConnectorAddress(333)) - HTTP server of hddsDatanode listening at http://0.0.0.0:40545
2022-10-28 11:28:46,893 [Listener at 127.0.0.1/42141] WARN  impl.MetricRegistriesImpl (MetricRegistriesImpl.java:addReporterRegistration(111)) - New reporters are added after registries were created. Some metrics will be missing from the reporter. Please add reporter before adding any new registry.
2022-10-28 11:28:46,893 [Listener at 127.0.0.1/42141] WARN  impl.MetricRegistriesImpl (MetricRegistriesImpl.java:addReporterRegistration(111)) - New reporters are added after registries were created. Some metrics will be missing from the reporter. Please add reporter before adding any new registry.
2022-10-28 11:28:46,894 [Listener at 127.0.0.1/42141] INFO  impl.MetricsSystemImpl (MetricsSystemImpl.java:init(158)) - HddsDatanode metrics system started (again)
2022-10-28 11:28:46,896 [Datanode State Machine Daemon Thread] INFO  statemachine.DatanodeStateMachine (DatanodeStateMachine.java:lambda$startDaemon$0(505)) - Ozone container server started.
2022-10-28 11:28:46,905 [Listener at 127.0.0.1/42141] INFO  ozone.HddsDatanodeService (HddsDatanodeService.java:start(236)) - HddsDatanodeService host:fv-az700-396.2bpskmoaobnu3eckqg1qau4u2h.cx.internal.cloudapp.net ip:10.1.0.114
2022-10-28 11:28:46,906 [org.apache.hadoop.util.JvmPauseMonitor$Monitor@2951b19f] INFO  util.JvmPauseMonitor (JvmPauseMonitor.java:run(188)) - Starting JVM pause monitor
2022-10-28 11:28:46,908 [Datanode State Machine Task Thread - 0] INFO  datanode.InitDatanodeState (InitDatanodeState.java:persistContainerDatanodeDetails(138)) - DatanodeDetails is persisted to /home/runner/work/ozone/ozone/hadoop-ozone/integration-test/target/test-dir/MiniOzoneClusterImpl-6ee34448-fbd8-4951-8ae1-d137d06ced7b/datanode-3/meta/datanode.id
2022-10-28 11:28:46,922 [Listener at 127.0.0.1/42141] INFO  upgrade.AbstractLayoutVersionManager (AbstractLayoutVersionManager.java:init(83)) - Initializing Layout version manager with metadata layout = DATANODE_SCHEMA_V3 (version = 4), software layout = DATANODE_SCHEMA_V3 (version = 4)
2022-10-28 11:28:46,965 [Listener at 127.0.0.1/42141] INFO  reflections.Reflections (Reflections.java:scan(232)) - Reflections took 42 ms to scan 7 urls, producing 136 keys and 331 values 
2022-10-28 11:28:46,966 [Listener at 127.0.0.1/42141] INFO  statemachine.DatanodeStateMachine (DatanodeStateMachine.java:getEndPointTaskThreadPoolSize(245)) - Datanode State Machine Task Thread Pool size 2
2022-10-28 11:28:46,971 [Listener at 127.0.0.1/42141] INFO  volume.HddsVolume (HddsVolume.java:<init>(117)) - Creating HddsVolume: /home/runner/work/ozone/ozone/hadoop-ozone/integration-test/target/test-dir/MiniOzoneClusterImpl-6ee34448-fbd8-4951-8ae1-d137d06ced7b/datanode-4/data-0/containers/hdds of storage type : DISK capacity : 9223372036854775807
2022-10-28 11:28:46,972 [Listener at 127.0.0.1/42141] INFO  volume.MutableVolumeSet (MutableVolumeSet.java:initializeVolumeSet(174)) - Added Volume : /home/runner/work/ozone/ozone/hadoop-ozone/integration-test/target/test-dir/MiniOzoneClusterImpl-6ee34448-fbd8-4951-8ae1-d137d06ced7b/datanode-4/data-0/containers/hdds to VolumeSet
2022-10-28 11:28:46,972 [Listener at 127.0.0.1/42141] INFO  volume.ThrottledAsyncChecker (ThrottledAsyncChecker.java:schedule(141)) - Scheduling a check for /home/runner/work/ozone/ozone/hadoop-ozone/integration-test/target/test-dir/MiniOzoneClusterImpl-6ee34448-fbd8-4951-8ae1-d137d06ced7b/datanode-4/data-0/containers/hdds
2022-10-28 11:28:46,972 [Listener at 127.0.0.1/42141] INFO  volume.StorageVolumeChecker (StorageVolumeChecker.java:checkAllVolumes(202)) - Scheduled health check for volume /home/runner/work/ozone/ozone/hadoop-ozone/integration-test/target/test-dir/MiniOzoneClusterImpl-6ee34448-fbd8-4951-8ae1-d137d06ced7b/datanode-4/data-0/containers/hdds
2022-10-28 11:28:46,983 [Listener at 127.0.0.1/42141] INFO  volume.MutableVolumeSet (MutableVolumeSet.java:initializeVolumeSet(174)) - Added Volume : /home/runner/work/ozone/ozone/hadoop-ozone/integration-test/target/test-dir/MiniOzoneClusterImpl-6ee34448-fbd8-4951-8ae1-d137d06ced7b/datanode-4/data/ratis to VolumeSet
2022-10-28 11:28:46,983 [Listener at 127.0.0.1/42141] INFO  volume.ThrottledAsyncChecker (ThrottledAsyncChecker.java:schedule(141)) - Scheduling a check for /home/runner/work/ozone/ozone/hadoop-ozone/integration-test/target/test-dir/MiniOzoneClusterImpl-6ee34448-fbd8-4951-8ae1-d137d06ced7b/datanode-4/data/ratis
2022-10-28 11:28:46,983 [Listener at 127.0.0.1/42141] INFO  volume.StorageVolumeChecker (StorageVolumeChecker.java:checkAllVolumes(202)) - Scheduled health check for volume /home/runner/work/ozone/ozone/hadoop-ozone/integration-test/target/test-dir/MiniOzoneClusterImpl-6ee34448-fbd8-4951-8ae1-d137d06ced7b/datanode-4/data/ratis
2022-10-28 11:28:46,994 [Thread-190] INFO  ozoneimpl.ContainerReader (ContainerReader.java:readVolume(175)) - Finish verifying containers on volume /home/runner/work/ozone/ozone/hadoop-ozone/integration-test/target/test-dir/MiniOzoneClusterImpl-6ee34448-fbd8-4951-8ae1-d137d06ced7b/datanode-4/data-0/containers/hdds
2022-10-28 11:28:46,994 [Listener at 127.0.0.1/42141] INFO  ozoneimpl.OzoneContainer (OzoneContainer.java:buildContainerSet(300)) - Build ContainerSet costs 0s
2022-10-28 11:28:46,996 [Listener at 127.0.0.1/42141] INFO  server.RaftServer (ConfUtils.java:logGet(46)) - raft.rpc.type = GRPC (default)
2022-10-28 11:28:46,996 [Listener at 127.0.0.1/42141] INFO  grpc.GrpcConfigKeys (ConfUtils.java:logFallback(53)) - raft.grpc.admin.host = null (fallback to raft.grpc.server.host)
2022-10-28 11:28:46,997 [Listener at 127.0.0.1/42141] INFO  grpc.GrpcConfigKeys (ConfUtils.java:logGet(46)) - raft.grpc.admin.port = 0 (custom)
2022-10-28 11:28:46,997 [Listener at 127.0.0.1/42141] INFO  grpc.GrpcConfigKeys (ConfUtils.java:logFallback(53)) - raft.grpc.client.host = null (fallback to raft.grpc.server.host)
2022-10-28 11:28:46,997 [Listener at 127.0.0.1/42141] INFO  grpc.GrpcConfigKeys (ConfUtils.java:logGet(46)) - raft.grpc.client.port = 0 (custom)
2022-10-28 11:28:46,997 [Listener at 127.0.0.1/42141] INFO  grpc.GrpcConfigKeys (ConfUtils.java:logGet(46)) - raft.grpc.server.host = null (default)
2022-10-28 11:28:46,997 [Listener at 127.0.0.1/42141] INFO  grpc.GrpcConfigKeys (ConfUtils.java:logGet(46)) - raft.grpc.server.port = 0 (default)
2022-10-28 11:28:46,997 [Listener at 127.0.0.1/42141] INFO  server.GrpcService (ConfUtils.java:logGet(46)) - raft.grpc.message.size.max = 32MB (=33554432) (custom)
2022-10-28 11:28:46,997 [Listener at 127.0.0.1/42141] INFO  server.RaftServerConfigKeys (ConfUtils.java:logGet(46)) - raft.server.log.appender.buffer.byte-limit = 33554432 (custom)
2022-10-28 11:28:46,998 [Listener at 127.0.0.1/42141] INFO  server.GrpcService (ConfUtils.java:logGet(46)) - raft.grpc.flow.control.window = 5MB (=5242880) (custom)
2022-10-28 11:28:46,998 [Listener at 127.0.0.1/42141] INFO  server.RaftServerConfigKeys (ConfUtils.java:logGet(46)) - raft.server.rpc.request.timeout = 60s (custom)
2022-10-28 11:28:46,998 [Listener at 127.0.0.1/42141] INFO  grpc.GrpcConfigKeys (ConfUtils.java:logGet(46)) - raft.grpc.server.heartbeat.channel = true (default)
2022-10-28 11:28:46,998 [Listener at 127.0.0.1/42141] INFO  grpc.GrpcConfigKeys (ConfUtils.java:logGet(46)) - raft.grpc.server.async.request.thread.pool.cached = true (default)
2022-10-28 11:28:46,998 [Listener at 127.0.0.1/42141] INFO  grpc.GrpcConfigKeys (ConfUtils.java:logGet(46)) - raft.grpc.server.async.request.thread.pool.size = 32 (default)
2022-10-28 11:28:46,999 [Listener at 127.0.0.1/42141] INFO  impl.DataStreamServerImpl (ConfUtils.java:logGet(46)) - raft.datastream.type = DISABLED (default)
2022-10-28 11:28:46,999 [Listener at 127.0.0.1/42141] INFO  server.RaftServerConfigKeys (ConfUtils.java:logGet(46)) - raft.server.threadpool.proxy.cached = true (default)
2022-10-28 11:28:46,999 [Listener at 127.0.0.1/42141] INFO  server.RaftServerConfigKeys (ConfUtils.java:logGet(46)) - raft.server.threadpool.proxy.size = 0 (default)
2022-10-28 11:28:46,999 [Listener at 127.0.0.1/42141] INFO  server.RaftServerConfigKeys (ConfUtils.java:logGet(46)) - raft.server.rpc.slowness.timeout = 300s (custom)
2022-10-28 11:28:47,000 [Listener at 127.0.0.1/42141] INFO  server.RaftServerConfigKeys (ConfUtils.java:logGet(46)) - raft.server.leaderelection.leader.step-down.wait-time = 10s (default)
2022-10-28 11:28:47,000 [Listener at 127.0.0.1/42141] INFO  server.RaftServerConfigKeys (ConfUtils.java:logGet(46)) - raft.server.storage.dir = [/home/runner/work/ozone/ozone/hadoop-ozone/integration-test/target/test-dir/MiniOzoneClusterImpl-6ee34448-fbd8-4951-8ae1-d137d06ced7b/datanode-4/data/ratis] (custom)
2022-10-28 11:28:47,001 [Listener at 127.0.0.1/42141] INFO  server.XceiverServerGrpc (XceiverServerGrpc.java:<init>(132)) - GrpcServer channel type EpollServerSocketChannel
2022-10-28 11:28:47,006 [Listener at 127.0.0.1/42141] INFO  http.BaseHttpServer (BaseHttpServer.java:newHttpServer2BuilderForOzone(213)) - Starting Web-server for hddsDatanode at: http://0.0.0.0:0
2022-10-28 11:28:47,006 [Listener at 127.0.0.1/42141] INFO  http.BaseHttpServer (BaseHttpServer.java:<init>(108)) - Hadoop Security Enabled: false Ozone Security Enabled: false Ozone HTTP Security Enabled: false 
2022-10-28 11:28:47,007 [Listener at 127.0.0.1/42141] WARN  server.AuthenticationFilter (AuthenticationFilter.java:constructSecretProvider(240)) - Unable to initialize FileSignerSecretProvider, falling back to use random secrets. Reason: Could not read signature secret file: /home/runner/hadoop-http-auth-signature-secret
2022-10-28 11:28:47,008 [Listener at 127.0.0.1/42141] WARN  http.HttpRequestLog (HttpRequestLog.java:getRequestLog(103)) - Jetty request log can only be enabled using Log4j
2022-10-28 11:28:47,009 [Listener at 127.0.0.1/42141] INFO  http.HttpServer2 (HttpServer2.java:addGlobalFilter(1031)) - Added global filter 'safety' (class=org.apache.hadoop.hdds.server.http.HttpServer2$QuotingInputFilter)
2022-10-28 11:28:47,010 [Listener at 127.0.0.1/42141] INFO  http.HttpServer2 (HttpServer2.java:addFilter(1007)) - Added filter static_user_filter (class=org.apache.hadoop.http.lib.StaticUserWebFilter$StaticUserFilter) to context hddsDatanode
2022-10-28 11:28:47,010 [Listener at 127.0.0.1/42141] INFO  http.HttpServer2 (HttpServer2.java:addFilter(1015)) - Added filter static_user_filter (class=org.apache.hadoop.http.lib.StaticUserWebFilter$StaticUserFilter) to context logs
2022-10-28 11:28:47,010 [Listener at 127.0.0.1/42141] INFO  http.HttpServer2 (HttpServer2.java:addFilter(1015)) - Added filter static_user_filter (class=org.apache.hadoop.http.lib.StaticUserWebFilter$StaticUserFilter) to context static
2022-10-28 11:28:47,011 [Listener at 127.0.0.1/42141] INFO  http.HttpServer2 (HttpServer2.java:bindListener(1250)) - Jetty bound to port 35959
2022-10-28 11:28:47,011 [Listener at 127.0.0.1/42141] INFO  server.Server (Server.java:doStart(375)) - jetty-9.4.49.v20220914; built: 2022-09-14T01:07:36.601Z; git: 4231a3b2e4cb8548a412a789936d640a97b1aa0a; jvm 1.8.0_345-b01
2022-10-28 11:28:47,012 [Listener at 127.0.0.1/42141] INFO  server.session (DefaultSessionIdManager.java:doStart(334)) - DefaultSessionIdManager workerName=node0
2022-10-28 11:28:47,013 [Listener at 127.0.0.1/42141] INFO  server.session (DefaultSessionIdManager.java:doStart(339)) - No SessionScavenger set, using defaults
2022-10-28 11:28:47,013 [Listener at 127.0.0.1/42141] INFO  server.session (HouseKeeper.java:startScavenging(132)) - node0 Scavenging every 600000ms
2022-10-28 11:28:47,015 [Listener at 127.0.0.1/42141] INFO  handler.ContextHandler (ContextHandler.java:doStart(921)) - Started o.e.j.s.ServletContextHandler@8d6ad8e{logs,/logs,file:///home/runner/work/ozone/ozone/hadoop-ozone/integration-test/target/log,AVAILABLE}
2022-10-28 11:28:47,016 [Listener at 127.0.0.1/42141] INFO  handler.ContextHandler (ContextHandler.java:doStart(921)) - Started o.e.j.s.ServletContextHandler@56f0c648{static,/static,jar:file:/home/runner/.m2/repository/org/apache/ozone/hdds-container-service/1.3.0-SNAPSHOT/hdds-container-service-1.3.0-SNAPSHOT.jar!/webapps/static,AVAILABLE}
2022-10-28 11:28:47,186 [Listener at 127.0.0.1/42141] INFO  handler.ContextHandler (ContextHandler.java:doStart(921)) - Started o.e.j.w.WebAppContext@54155e6e{hddsDatanode,/,file:///tmp/jetty-0_0_0_0-35959-hdds-container-service-1_3_0-SNAPSHOT_jar-_-any-4656004781018182649/webapp/,AVAILABLE}{jar:file:/home/runner/.m2/repository/org/apache/ozone/hdds-container-service/1.3.0-SNAPSHOT/hdds-container-service-1.3.0-SNAPSHOT.jar!/webapps/hddsDatanode}
2022-10-28 11:28:47,187 [Listener at 127.0.0.1/42141] INFO  server.AbstractConnector (AbstractConnector.java:doStart(333)) - Started ServerConnector@68861a31{HTTP/1.1, (http/1.1)}{0.0.0.0:35959}
2022-10-28 11:28:47,188 [Listener at 127.0.0.1/42141] INFO  server.Server (Server.java:doStart(415)) - Started @8797ms
2022-10-28 11:28:47,188 [Listener at 127.0.0.1/42141] WARN  impl.MetricsSystemImpl (MetricsSystemImpl.java:register(279)) - Sink prometheus already exists!
2022-10-28 11:28:47,188 [Listener at 127.0.0.1/42141] INFO  http.BaseHttpServer (BaseHttpServer.java:updateConnectorAddress(333)) - HTTP server of hddsDatanode listening at http://0.0.0.0:35959
2022-10-28 11:28:47,189 [Listener at 127.0.0.1/42141] WARN  impl.MetricRegistriesImpl (MetricRegistriesImpl.java:addReporterRegistration(111)) - New reporters are added after registries were created. Some metrics will be missing from the reporter. Please add reporter before adding any new registry.
2022-10-28 11:28:47,189 [Listener at 127.0.0.1/42141] WARN  impl.MetricRegistriesImpl (MetricRegistriesImpl.java:addReporterRegistration(111)) - New reporters are added after registries were created. Some metrics will be missing from the reporter. Please add reporter before adding any new registry.
2022-10-28 11:28:47,189 [Listener at 127.0.0.1/42141] INFO  impl.MetricsSystemImpl (MetricsSystemImpl.java:init(158)) - HddsDatanode metrics system started (again)
2022-10-28 11:28:47,191 [Datanode State Machine Daemon Thread] INFO  statemachine.DatanodeStateMachine (DatanodeStateMachine.java:lambda$startDaemon$0(505)) - Ozone container server started.
2022-10-28 11:28:47,201 [Listener at 127.0.0.1/42141] INFO  ozone.HddsDatanodeService (HddsDatanodeService.java:start(236)) - HddsDatanodeService host:fv-az700-396.2bpskmoaobnu3eckqg1qau4u2h.cx.internal.cloudapp.net ip:10.1.0.114
2022-10-28 11:28:47,201 [org.apache.hadoop.util.JvmPauseMonitor$Monitor@7a379ced] INFO  util.JvmPauseMonitor (JvmPauseMonitor.java:run(188)) - Starting JVM pause monitor
2022-10-28 11:28:47,204 [Datanode State Machine Task Thread - 0] INFO  datanode.InitDatanodeState (InitDatanodeState.java:persistContainerDatanodeDetails(138)) - DatanodeDetails is persisted to /home/runner/work/ozone/ozone/hadoop-ozone/integration-test/target/test-dir/MiniOzoneClusterImpl-6ee34448-fbd8-4951-8ae1-d137d06ced7b/datanode-4/meta/datanode.id
2022-10-28 11:28:47,222 [Listener at 127.0.0.1/42141] INFO  upgrade.AbstractLayoutVersionManager (AbstractLayoutVersionManager.java:init(83)) - Initializing Layout version manager with metadata layout = DATANODE_SCHEMA_V3 (version = 4), software layout = DATANODE_SCHEMA_V3 (version = 4)
2022-10-28 11:28:47,267 [Listener at 127.0.0.1/42141] INFO  reflections.Reflections (Reflections.java:scan(232)) - Reflections took 44 ms to scan 7 urls, producing 136 keys and 331 values 
2022-10-28 11:28:47,268 [Listener at 127.0.0.1/42141] INFO  statemachine.DatanodeStateMachine (DatanodeStateMachine.java:getEndPointTaskThreadPoolSize(245)) - Datanode State Machine Task Thread Pool size 2
2022-10-28 11:28:47,274 [Listener at 127.0.0.1/42141] INFO  volume.HddsVolume (HddsVolume.java:<init>(117)) - Creating HddsVolume: /home/runner/work/ozone/ozone/hadoop-ozone/integration-test/target/test-dir/MiniOzoneClusterImpl-6ee34448-fbd8-4951-8ae1-d137d06ced7b/datanode-5/data-0/containers/hdds of storage type : DISK capacity : 9223372036854775807
2022-10-28 11:28:47,274 [Listener at 127.0.0.1/42141] INFO  volume.MutableVolumeSet (MutableVolumeSet.java:initializeVolumeSet(174)) - Added Volume : /home/runner/work/ozone/ozone/hadoop-ozone/integration-test/target/test-dir/MiniOzoneClusterImpl-6ee34448-fbd8-4951-8ae1-d137d06ced7b/datanode-5/data-0/containers/hdds to VolumeSet
2022-10-28 11:28:47,275 [Listener at 127.0.0.1/42141] INFO  volume.ThrottledAsyncChecker (ThrottledAsyncChecker.java:schedule(141)) - Scheduling a check for /home/runner/work/ozone/ozone/hadoop-ozone/integration-test/target/test-dir/MiniOzoneClusterImpl-6ee34448-fbd8-4951-8ae1-d137d06ced7b/datanode-5/data-0/containers/hdds
2022-10-28 11:28:47,275 [Listener at 127.0.0.1/42141] INFO  volume.StorageVolumeChecker (StorageVolumeChecker.java:checkAllVolumes(202)) - Scheduled health check for volume /home/runner/work/ozone/ozone/hadoop-ozone/integration-test/target/test-dir/MiniOzoneClusterImpl-6ee34448-fbd8-4951-8ae1-d137d06ced7b/datanode-5/data-0/containers/hdds
2022-10-28 11:28:47,286 [Listener at 127.0.0.1/42141] INFO  volume.MutableVolumeSet (MutableVolumeSet.java:initializeVolumeSet(174)) - Added Volume : /home/runner/work/ozone/ozone/hadoop-ozone/integration-test/target/test-dir/MiniOzoneClusterImpl-6ee34448-fbd8-4951-8ae1-d137d06ced7b/datanode-5/data/ratis to VolumeSet
2022-10-28 11:28:47,286 [Listener at 127.0.0.1/42141] INFO  volume.ThrottledAsyncChecker (ThrottledAsyncChecker.java:schedule(141)) - Scheduling a check for /home/runner/work/ozone/ozone/hadoop-ozone/integration-test/target/test-dir/MiniOzoneClusterImpl-6ee34448-fbd8-4951-8ae1-d137d06ced7b/datanode-5/data/ratis
2022-10-28 11:28:47,286 [Listener at 127.0.0.1/42141] INFO  volume.StorageVolumeChecker (StorageVolumeChecker.java:checkAllVolumes(202)) - Scheduled health check for volume /home/runner/work/ozone/ozone/hadoop-ozone/integration-test/target/test-dir/MiniOzoneClusterImpl-6ee34448-fbd8-4951-8ae1-d137d06ced7b/datanode-5/data/ratis
2022-10-28 11:28:47,296 [Thread-203] INFO  ozoneimpl.ContainerReader (ContainerReader.java:readVolume(175)) - Finish verifying containers on volume /home/runner/work/ozone/ozone/hadoop-ozone/integration-test/target/test-dir/MiniOzoneClusterImpl-6ee34448-fbd8-4951-8ae1-d137d06ced7b/datanode-5/data-0/containers/hdds
2022-10-28 11:28:47,297 [Listener at 127.0.0.1/42141] INFO  ozoneimpl.OzoneContainer (OzoneContainer.java:buildContainerSet(300)) - Build ContainerSet costs 0s
2022-10-28 11:28:47,300 [Listener at 127.0.0.1/42141] INFO  server.RaftServer (ConfUtils.java:logGet(46)) - raft.rpc.type = GRPC (default)
2022-10-28 11:28:47,300 [Listener at 127.0.0.1/42141] INFO  grpc.GrpcConfigKeys (ConfUtils.java:logFallback(53)) - raft.grpc.admin.host = null (fallback to raft.grpc.server.host)
2022-10-28 11:28:47,300 [Listener at 127.0.0.1/42141] INFO  grpc.GrpcConfigKeys (ConfUtils.java:logGet(46)) - raft.grpc.admin.port = 0 (custom)
2022-10-28 11:28:47,300 [Listener at 127.0.0.1/42141] INFO  grpc.GrpcConfigKeys (ConfUtils.java:logFallback(53)) - raft.grpc.client.host = null (fallback to raft.grpc.server.host)
2022-10-28 11:28:47,301 [Listener at 127.0.0.1/42141] INFO  grpc.GrpcConfigKeys (ConfUtils.java:logGet(46)) - raft.grpc.client.port = 0 (custom)
2022-10-28 11:28:47,301 [Listener at 127.0.0.1/42141] INFO  grpc.GrpcConfigKeys (ConfUtils.java:logGet(46)) - raft.grpc.server.host = null (default)
2022-10-28 11:28:47,301 [Listener at 127.0.0.1/42141] INFO  grpc.GrpcConfigKeys (ConfUtils.java:logGet(46)) - raft.grpc.server.port = 0 (default)
2022-10-28 11:28:47,301 [Listener at 127.0.0.1/42141] INFO  server.GrpcService (ConfUtils.java:logGet(46)) - raft.grpc.message.size.max = 32MB (=33554432) (custom)
2022-10-28 11:28:47,301 [Listener at 127.0.0.1/42141] INFO  server.RaftServerConfigKeys (ConfUtils.java:logGet(46)) - raft.server.log.appender.buffer.byte-limit = 33554432 (custom)
2022-10-28 11:28:47,301 [Listener at 127.0.0.1/42141] INFO  server.GrpcService (ConfUtils.java:logGet(46)) - raft.grpc.flow.control.window = 5MB (=5242880) (custom)
2022-10-28 11:28:47,301 [Listener at 127.0.0.1/42141] INFO  server.RaftServerConfigKeys (ConfUtils.java:logGet(46)) - raft.server.rpc.request.timeout = 60s (custom)
2022-10-28 11:28:47,301 [Listener at 127.0.0.1/42141] INFO  grpc.GrpcConfigKeys (ConfUtils.java:logGet(46)) - raft.grpc.server.heartbeat.channel = true (default)
2022-10-28 11:28:47,301 [Listener at 127.0.0.1/42141] INFO  grpc.GrpcConfigKeys (ConfUtils.java:logGet(46)) - raft.grpc.server.async.request.thread.pool.cached = true (default)
2022-10-28 11:28:47,302 [Listener at 127.0.0.1/42141] INFO  grpc.GrpcConfigKeys (ConfUtils.java:logGet(46)) - raft.grpc.server.async.request.thread.pool.size = 32 (default)
2022-10-28 11:28:47,302 [Listener at 127.0.0.1/42141] INFO  impl.DataStreamServerImpl (ConfUtils.java:logGet(46)) - raft.datastream.type = DISABLED (default)
2022-10-28 11:28:47,303 [Listener at 127.0.0.1/42141] INFO  server.RaftServerConfigKeys (ConfUtils.java:logGet(46)) - raft.server.threadpool.proxy.cached = true (default)
2022-10-28 11:28:47,303 [Listener at 127.0.0.1/42141] INFO  server.RaftServerConfigKeys (ConfUtils.java:logGet(46)) - raft.server.threadpool.proxy.size = 0 (default)
2022-10-28 11:28:47,305 [Listener at 127.0.0.1/42141] INFO  server.RaftServerConfigKeys (ConfUtils.java:logGet(46)) - raft.server.rpc.slowness.timeout = 300s (custom)
2022-10-28 11:28:47,305 [Listener at 127.0.0.1/42141] INFO  server.RaftServerConfigKeys (ConfUtils.java:logGet(46)) - raft.server.leaderelection.leader.step-down.wait-time = 10s (default)
2022-10-28 11:28:47,305 [Listener at 127.0.0.1/42141] INFO  server.RaftServerConfigKeys (ConfUtils.java:logGet(46)) - raft.server.storage.dir = [/home/runner/work/ozone/ozone/hadoop-ozone/integration-test/target/test-dir/MiniOzoneClusterImpl-6ee34448-fbd8-4951-8ae1-d137d06ced7b/datanode-5/data/ratis] (custom)
2022-10-28 11:28:47,306 [Listener at 127.0.0.1/42141] INFO  server.XceiverServerGrpc (XceiverServerGrpc.java:<init>(132)) - GrpcServer channel type EpollServerSocketChannel
2022-10-28 11:28:47,311 [Listener at 127.0.0.1/42141] INFO  http.BaseHttpServer (BaseHttpServer.java:newHttpServer2BuilderForOzone(213)) - Starting Web-server for hddsDatanode at: http://0.0.0.0:0
2022-10-28 11:28:47,311 [Listener at 127.0.0.1/42141] INFO  http.BaseHttpServer (BaseHttpServer.java:<init>(108)) - Hadoop Security Enabled: false Ozone Security Enabled: false Ozone HTTP Security Enabled: false 
2022-10-28 11:28:47,312 [Listener at 127.0.0.1/42141] WARN  server.AuthenticationFilter (AuthenticationFilter.java:constructSecretProvider(240)) - Unable to initialize FileSignerSecretProvider, falling back to use random secrets. Reason: Could not read signature secret file: /home/runner/hadoop-http-auth-signature-secret
2022-10-28 11:28:47,313 [Listener at 127.0.0.1/42141] WARN  http.HttpRequestLog (HttpRequestLog.java:getRequestLog(103)) - Jetty request log can only be enabled using Log4j
2022-10-28 11:28:47,314 [Listener at 127.0.0.1/42141] INFO  http.HttpServer2 (HttpServer2.java:addGlobalFilter(1031)) - Added global filter 'safety' (class=org.apache.hadoop.hdds.server.http.HttpServer2$QuotingInputFilter)
2022-10-28 11:28:47,315 [Listener at 127.0.0.1/42141] INFO  http.HttpServer2 (HttpServer2.java:addFilter(1007)) - Added filter static_user_filter (class=org.apache.hadoop.http.lib.StaticUserWebFilter$StaticUserFilter) to context hddsDatanode
2022-10-28 11:28:47,315 [Listener at 127.0.0.1/42141] INFO  http.HttpServer2 (HttpServer2.java:addFilter(1015)) - Added filter static_user_filter (class=org.apache.hadoop.http.lib.StaticUserWebFilter$StaticUserFilter) to context logs
2022-10-28 11:28:47,315 [Listener at 127.0.0.1/42141] INFO  http.HttpServer2 (HttpServer2.java:addFilter(1015)) - Added filter static_user_filter (class=org.apache.hadoop.http.lib.StaticUserWebFilter$StaticUserFilter) to context static
2022-10-28 11:28:47,316 [Listener at 127.0.0.1/42141] INFO  http.HttpServer2 (HttpServer2.java:bindListener(1250)) - Jetty bound to port 45901
2022-10-28 11:28:47,316 [Listener at 127.0.0.1/42141] INFO  server.Server (Server.java:doStart(375)) - jetty-9.4.49.v20220914; built: 2022-09-14T01:07:36.601Z; git: 4231a3b2e4cb8548a412a789936d640a97b1aa0a; jvm 1.8.0_345-b01
2022-10-28 11:28:47,317 [Listener at 127.0.0.1/42141] INFO  server.session (DefaultSessionIdManager.java:doStart(334)) - DefaultSessionIdManager workerName=node0
2022-10-28 11:28:47,318 [Listener at 127.0.0.1/42141] INFO  server.session (DefaultSessionIdManager.java:doStart(339)) - No SessionScavenger set, using defaults
2022-10-28 11:28:47,318 [Listener at 127.0.0.1/42141] INFO  server.session (HouseKeeper.java:startScavenging(132)) - node0 Scavenging every 660000ms
2022-10-28 11:28:47,318 [Listener at 127.0.0.1/42141] INFO  handler.ContextHandler (ContextHandler.java:doStart(921)) - Started o.e.j.s.ServletContextHandler@20967474{logs,/logs,file:///home/runner/work/ozone/ozone/hadoop-ozone/integration-test/target/log,AVAILABLE}
2022-10-28 11:28:47,319 [Listener at 127.0.0.1/42141] INFO  handler.ContextHandler (ContextHandler.java:doStart(921)) - Started o.e.j.s.ServletContextHandler@1864d760{static,/static,jar:file:/home/runner/.m2/repository/org/apache/ozone/hdds-container-service/1.3.0-SNAPSHOT/hdds-container-service-1.3.0-SNAPSHOT.jar!/webapps/static,AVAILABLE}
2022-10-28 11:28:47,493 [Listener at 127.0.0.1/42141] INFO  handler.ContextHandler (ContextHandler.java:doStart(921)) - Started o.e.j.w.WebAppContext@2d20aacc{hddsDatanode,/,file:///tmp/jetty-0_0_0_0-45901-hdds-container-service-1_3_0-SNAPSHOT_jar-_-any-2919702404410343792/webapp/,AVAILABLE}{jar:file:/home/runner/.m2/repository/org/apache/ozone/hdds-container-service/1.3.0-SNAPSHOT/hdds-container-service-1.3.0-SNAPSHOT.jar!/webapps/hddsDatanode}
2022-10-28 11:28:47,494 [Listener at 127.0.0.1/42141] INFO  server.AbstractConnector (AbstractConnector.java:doStart(333)) - Started ServerConnector@25ff482a{HTTP/1.1, (http/1.1)}{0.0.0.0:45901}
2022-10-28 11:28:47,494 [Listener at 127.0.0.1/42141] INFO  server.Server (Server.java:doStart(415)) - Started @9104ms
2022-10-28 11:28:47,494 [Listener at 127.0.0.1/42141] WARN  impl.MetricsSystemImpl (MetricsSystemImpl.java:register(279)) - Sink prometheus already exists!
2022-10-28 11:28:47,495 [Listener at 127.0.0.1/42141] INFO  http.BaseHttpServer (BaseHttpServer.java:updateConnectorAddress(333)) - HTTP server of hddsDatanode listening at http://0.0.0.0:45901
2022-10-28 11:28:47,497 [Listener at 127.0.0.1/42141] WARN  impl.MetricRegistriesImpl (MetricRegistriesImpl.java:addReporterRegistration(111)) - New reporters are added after registries were created. Some metrics will be missing from the reporter. Please add reporter before adding any new registry.
2022-10-28 11:28:47,497 [Listener at 127.0.0.1/42141] WARN  impl.MetricRegistriesImpl (MetricRegistriesImpl.java:addReporterRegistration(111)) - New reporters are added after registries were created. Some metrics will be missing from the reporter. Please add reporter before adding any new registry.
2022-10-28 11:28:47,497 [Listener at 127.0.0.1/42141] INFO  impl.MetricsSystemImpl (MetricsSystemImpl.java:init(158)) - HddsDatanode metrics system started (again)
2022-10-28 11:28:47,505 [Datanode State Machine Daemon Thread] INFO  statemachine.DatanodeStateMachine (DatanodeStateMachine.java:lambda$startDaemon$0(505)) - Ozone container server started.
2022-10-28 11:28:47,517 [org.apache.hadoop.util.JvmPauseMonitor$Monitor@76f0c773] INFO  util.JvmPauseMonitor (JvmPauseMonitor.java:run(188)) - Starting JVM pause monitor
2022-10-28 11:28:47,520 [Listener at 127.0.0.1/42141] INFO  ozone.HddsDatanodeService (HddsDatanodeService.java:start(236)) - HddsDatanodeService host:fv-az700-396.2bpskmoaobnu3eckqg1qau4u2h.cx.internal.cloudapp.net ip:10.1.0.114
2022-10-28 11:28:47,521 [Datanode State Machine Task Thread - 0] INFO  datanode.InitDatanodeState (InitDatanodeState.java:persistContainerDatanodeDetails(138)) - DatanodeDetails is persisted to /home/runner/work/ozone/ozone/hadoop-ozone/integration-test/target/test-dir/MiniOzoneClusterImpl-6ee34448-fbd8-4951-8ae1-d137d06ced7b/datanode-5/meta/datanode.id
2022-10-28 11:28:47,537 [Listener at 127.0.0.1/42141] INFO  upgrade.AbstractLayoutVersionManager (AbstractLayoutVersionManager.java:init(83)) - Initializing Layout version manager with metadata layout = DATANODE_SCHEMA_V3 (version = 4), software layout = DATANODE_SCHEMA_V3 (version = 4)
2022-10-28 11:28:47,599 [Listener at 127.0.0.1/42141] INFO  reflections.Reflections (Reflections.java:scan(232)) - Reflections took 61 ms to scan 7 urls, producing 136 keys and 331 values 
2022-10-28 11:28:47,600 [Listener at 127.0.0.1/42141] INFO  statemachine.DatanodeStateMachine (DatanodeStateMachine.java:getEndPointTaskThreadPoolSize(245)) - Datanode State Machine Task Thread Pool size 2
2022-10-28 11:28:47,602 [Listener at 127.0.0.1/42141] INFO  volume.HddsVolume (HddsVolume.java:<init>(117)) - Creating HddsVolume: /home/runner/work/ozone/ozone/hadoop-ozone/integration-test/target/test-dir/MiniOzoneClusterImpl-6ee34448-fbd8-4951-8ae1-d137d06ced7b/datanode-6/data-0/containers/hdds of storage type : DISK capacity : 9223372036854775807
2022-10-28 11:28:47,602 [Listener at 127.0.0.1/42141] INFO  volume.MutableVolumeSet (MutableVolumeSet.java:initializeVolumeSet(174)) - Added Volume : /home/runner/work/ozone/ozone/hadoop-ozone/integration-test/target/test-dir/MiniOzoneClusterImpl-6ee34448-fbd8-4951-8ae1-d137d06ced7b/datanode-6/data-0/containers/hdds to VolumeSet
2022-10-28 11:28:47,602 [Listener at 127.0.0.1/42141] INFO  volume.ThrottledAsyncChecker (ThrottledAsyncChecker.java:schedule(141)) - Scheduling a check for /home/runner/work/ozone/ozone/hadoop-ozone/integration-test/target/test-dir/MiniOzoneClusterImpl-6ee34448-fbd8-4951-8ae1-d137d06ced7b/datanode-6/data-0/containers/hdds
2022-10-28 11:28:47,603 [Listener at 127.0.0.1/42141] INFO  volume.StorageVolumeChecker (StorageVolumeChecker.java:checkAllVolumes(202)) - Scheduled health check for volume /home/runner/work/ozone/ozone/hadoop-ozone/integration-test/target/test-dir/MiniOzoneClusterImpl-6ee34448-fbd8-4951-8ae1-d137d06ced7b/datanode-6/data-0/containers/hdds
2022-10-28 11:28:47,614 [Listener at 127.0.0.1/42141] INFO  volume.MutableVolumeSet (MutableVolumeSet.java:initializeVolumeSet(174)) - Added Volume : /home/runner/work/ozone/ozone/hadoop-ozone/integration-test/target/test-dir/MiniOzoneClusterImpl-6ee34448-fbd8-4951-8ae1-d137d06ced7b/datanode-6/data/ratis to VolumeSet
2022-10-28 11:28:47,614 [Listener at 127.0.0.1/42141] INFO  volume.ThrottledAsyncChecker (ThrottledAsyncChecker.java:schedule(141)) - Scheduling a check for /home/runner/work/ozone/ozone/hadoop-ozone/integration-test/target/test-dir/MiniOzoneClusterImpl-6ee34448-fbd8-4951-8ae1-d137d06ced7b/datanode-6/data/ratis
2022-10-28 11:28:47,614 [Listener at 127.0.0.1/42141] INFO  volume.StorageVolumeChecker (StorageVolumeChecker.java:checkAllVolumes(202)) - Scheduled health check for volume /home/runner/work/ozone/ozone/hadoop-ozone/integration-test/target/test-dir/MiniOzoneClusterImpl-6ee34448-fbd8-4951-8ae1-d137d06ced7b/datanode-6/data/ratis
2022-10-28 11:28:47,624 [Thread-216] INFO  ozoneimpl.ContainerReader (ContainerReader.java:readVolume(175)) - Finish verifying containers on volume /home/runner/work/ozone/ozone/hadoop-ozone/integration-test/target/test-dir/MiniOzoneClusterImpl-6ee34448-fbd8-4951-8ae1-d137d06ced7b/datanode-6/data-0/containers/hdds
2022-10-28 11:28:47,624 [Listener at 127.0.0.1/42141] INFO  ozoneimpl.OzoneContainer (OzoneContainer.java:buildContainerSet(300)) - Build ContainerSet costs 0s
2022-10-28 11:28:47,626 [Listener at 127.0.0.1/42141] INFO  server.RaftServer (ConfUtils.java:logGet(46)) - raft.rpc.type = GRPC (default)
2022-10-28 11:28:47,627 [Listener at 127.0.0.1/42141] INFO  grpc.GrpcConfigKeys (ConfUtils.java:logFallback(53)) - raft.grpc.admin.host = null (fallback to raft.grpc.server.host)
2022-10-28 11:28:47,627 [Listener at 127.0.0.1/42141] INFO  grpc.GrpcConfigKeys (ConfUtils.java:logGet(46)) - raft.grpc.admin.port = 0 (custom)
2022-10-28 11:28:47,627 [Listener at 127.0.0.1/42141] INFO  grpc.GrpcConfigKeys (ConfUtils.java:logFallback(53)) - raft.grpc.client.host = null (fallback to raft.grpc.server.host)
2022-10-28 11:28:47,627 [Listener at 127.0.0.1/42141] INFO  grpc.GrpcConfigKeys (ConfUtils.java:logGet(46)) - raft.grpc.client.port = 0 (custom)
2022-10-28 11:28:47,627 [Listener at 127.0.0.1/42141] INFO  grpc.GrpcConfigKeys (ConfUtils.java:logGet(46)) - raft.grpc.server.host = null (default)
2022-10-28 11:28:47,627 [Listener at 127.0.0.1/42141] INFO  grpc.GrpcConfigKeys (ConfUtils.java:logGet(46)) - raft.grpc.server.port = 0 (default)
2022-10-28 11:28:47,627 [Listener at 127.0.0.1/42141] INFO  server.GrpcService (ConfUtils.java:logGet(46)) - raft.grpc.message.size.max = 32MB (=33554432) (custom)
2022-10-28 11:28:47,627 [Listener at 127.0.0.1/42141] INFO  server.RaftServerConfigKeys (ConfUtils.java:logGet(46)) - raft.server.log.appender.buffer.byte-limit = 33554432 (custom)
2022-10-28 11:28:47,628 [Listener at 127.0.0.1/42141] INFO  server.GrpcService (ConfUtils.java:logGet(46)) - raft.grpc.flow.control.window = 5MB (=5242880) (custom)
2022-10-28 11:28:47,628 [Listener at 127.0.0.1/42141] INFO  server.RaftServerConfigKeys (ConfUtils.java:logGet(46)) - raft.server.rpc.request.timeout = 60s (custom)
2022-10-28 11:28:47,628 [Listener at 127.0.0.1/42141] INFO  grpc.GrpcConfigKeys (ConfUtils.java:logGet(46)) - raft.grpc.server.heartbeat.channel = true (default)
2022-10-28 11:28:47,628 [Listener at 127.0.0.1/42141] INFO  grpc.GrpcConfigKeys (ConfUtils.java:logGet(46)) - raft.grpc.server.async.request.thread.pool.cached = true (default)
2022-10-28 11:28:47,628 [Listener at 127.0.0.1/42141] INFO  grpc.GrpcConfigKeys (ConfUtils.java:logGet(46)) - raft.grpc.server.async.request.thread.pool.size = 32 (default)
2022-10-28 11:28:47,629 [Listener at 127.0.0.1/42141] INFO  impl.DataStreamServerImpl (ConfUtils.java:logGet(46)) - raft.datastream.type = DISABLED (default)
2022-10-28 11:28:47,629 [Listener at 127.0.0.1/42141] INFO  server.RaftServerConfigKeys (ConfUtils.java:logGet(46)) - raft.server.threadpool.proxy.cached = true (default)
2022-10-28 11:28:47,629 [Listener at 127.0.0.1/42141] INFO  server.RaftServerConfigKeys (ConfUtils.java:logGet(46)) - raft.server.threadpool.proxy.size = 0 (default)
2022-10-28 11:28:47,629 [Listener at 127.0.0.1/42141] INFO  server.RaftServerConfigKeys (ConfUtils.java:logGet(46)) - raft.server.rpc.slowness.timeout = 300s (custom)
2022-10-28 11:28:47,630 [Listener at 127.0.0.1/42141] INFO  server.RaftServerConfigKeys (ConfUtils.java:logGet(46)) - raft.server.leaderelection.leader.step-down.wait-time = 10s (default)
2022-10-28 11:28:47,630 [Listener at 127.0.0.1/42141] INFO  server.RaftServerConfigKeys (ConfUtils.java:logGet(46)) - raft.server.storage.dir = [/home/runner/work/ozone/ozone/hadoop-ozone/integration-test/target/test-dir/MiniOzoneClusterImpl-6ee34448-fbd8-4951-8ae1-d137d06ced7b/datanode-6/data/ratis] (custom)
2022-10-28 11:28:47,631 [Listener at 127.0.0.1/42141] INFO  server.XceiverServerGrpc (XceiverServerGrpc.java:<init>(132)) - GrpcServer channel type EpollServerSocketChannel
2022-10-28 11:28:47,634 [Listener at 127.0.0.1/42141] INFO  http.BaseHttpServer (BaseHttpServer.java:newHttpServer2BuilderForOzone(213)) - Starting Web-server for hddsDatanode at: http://0.0.0.0:0
2022-10-28 11:28:47,634 [Listener at 127.0.0.1/42141] INFO  http.BaseHttpServer (BaseHttpServer.java:<init>(108)) - Hadoop Security Enabled: false Ozone Security Enabled: false Ozone HTTP Security Enabled: false 
2022-10-28 11:28:47,635 [Listener at 127.0.0.1/42141] WARN  server.AuthenticationFilter (AuthenticationFilter.java:constructSecretProvider(240)) - Unable to initialize FileSignerSecretProvider, falling back to use random secrets. Reason: Could not read signature secret file: /home/runner/hadoop-http-auth-signature-secret
2022-10-28 11:28:47,636 [Listener at 127.0.0.1/42141] WARN  http.HttpRequestLog (HttpRequestLog.java:getRequestLog(103)) - Jetty request log can only be enabled using Log4j
2022-10-28 11:28:47,637 [Listener at 127.0.0.1/42141] INFO  http.HttpServer2 (HttpServer2.java:addGlobalFilter(1031)) - Added global filter 'safety' (class=org.apache.hadoop.hdds.server.http.HttpServer2$QuotingInputFilter)
2022-10-28 11:28:47,638 [Listener at 127.0.0.1/42141] INFO  http.HttpServer2 (HttpServer2.java:addFilter(1007)) - Added filter static_user_filter (class=org.apache.hadoop.http.lib.StaticUserWebFilter$StaticUserFilter) to context hddsDatanode
2022-10-28 11:28:47,638 [Listener at 127.0.0.1/42141] INFO  http.HttpServer2 (HttpServer2.java:addFilter(1015)) - Added filter static_user_filter (class=org.apache.hadoop.http.lib.StaticUserWebFilter$StaticUserFilter) to context logs
2022-10-28 11:28:47,638 [Listener at 127.0.0.1/42141] INFO  http.HttpServer2 (HttpServer2.java:addFilter(1015)) - Added filter static_user_filter (class=org.apache.hadoop.http.lib.StaticUserWebFilter$StaticUserFilter) to context static
2022-10-28 11:28:47,638 [Listener at 127.0.0.1/42141] INFO  http.HttpServer2 (HttpServer2.java:bindListener(1250)) - Jetty bound to port 33165
2022-10-28 11:28:47,639 [Listener at 127.0.0.1/42141] INFO  server.Server (Server.java:doStart(375)) - jetty-9.4.49.v20220914; built: 2022-09-14T01:07:36.601Z; git: 4231a3b2e4cb8548a412a789936d640a97b1aa0a; jvm 1.8.0_345-b01
2022-10-28 11:28:47,640 [Listener at 127.0.0.1/42141] INFO  server.session (DefaultSessionIdManager.java:doStart(334)) - DefaultSessionIdManager workerName=node0
2022-10-28 11:28:47,640 [Listener at 127.0.0.1/42141] INFO  server.session (DefaultSessionIdManager.java:doStart(339)) - No SessionScavenger set, using defaults
2022-10-28 11:28:47,640 [Listener at 127.0.0.1/42141] INFO  server.session (HouseKeeper.java:startScavenging(132)) - node0 Scavenging every 660000ms
2022-10-28 11:28:47,641 [Listener at 127.0.0.1/42141] INFO  handler.ContextHandler (ContextHandler.java:doStart(921)) - Started o.e.j.s.ServletContextHandler@79a91206{logs,/logs,file:///home/runner/work/ozone/ozone/hadoop-ozone/integration-test/target/log,AVAILABLE}
2022-10-28 11:28:47,641 [Listener at 127.0.0.1/42141] INFO  handler.ContextHandler (ContextHandler.java:doStart(921)) - Started o.e.j.s.ServletContextHandler@665cfc03{static,/static,jar:file:/home/runner/.m2/repository/org/apache/ozone/hdds-container-service/1.3.0-SNAPSHOT/hdds-container-service-1.3.0-SNAPSHOT.jar!/webapps/static,AVAILABLE}
2022-10-28 11:28:47,844 [Listener at 127.0.0.1/42141] INFO  handler.ContextHandler (ContextHandler.java:doStart(921)) - Started o.e.j.w.WebAppContext@75ae7744{hddsDatanode,/,file:///tmp/jetty-0_0_0_0-33165-hdds-container-service-1_3_0-SNAPSHOT_jar-_-any-5964567515540456078/webapp/,AVAILABLE}{jar:file:/home/runner/.m2/repository/org/apache/ozone/hdds-container-service/1.3.0-SNAPSHOT/hdds-container-service-1.3.0-SNAPSHOT.jar!/webapps/hddsDatanode}
2022-10-28 11:28:47,846 [Listener at 127.0.0.1/42141] INFO  server.AbstractConnector (AbstractConnector.java:doStart(333)) - Started ServerConnector@1270c8ec{HTTP/1.1, (http/1.1)}{0.0.0.0:33165}
2022-10-28 11:28:47,846 [Listener at 127.0.0.1/42141] INFO  server.Server (Server.java:doStart(415)) - Started @9455ms
2022-10-28 11:28:47,846 [Listener at 127.0.0.1/42141] WARN  impl.MetricsSystemImpl (MetricsSystemImpl.java:register(279)) - Sink prometheus already exists!
2022-10-28 11:28:47,846 [Listener at 127.0.0.1/42141] INFO  http.BaseHttpServer (BaseHttpServer.java:updateConnectorAddress(333)) - HTTP server of hddsDatanode listening at http://0.0.0.0:33165
2022-10-28 11:28:47,847 [Listener at 127.0.0.1/42141] WARN  impl.MetricRegistriesImpl (MetricRegistriesImpl.java:addReporterRegistration(111)) - New reporters are added after registries were created. Some metrics will be missing from the reporter. Please add reporter before adding any new registry.
2022-10-28 11:28:47,847 [Listener at 127.0.0.1/42141] WARN  impl.MetricRegistriesImpl (MetricRegistriesImpl.java:addReporterRegistration(111)) - New reporters are added after registries were created. Some metrics will be missing from the reporter. Please add reporter before adding any new registry.
2022-10-28 11:28:47,847 [Listener at 127.0.0.1/42141] INFO  impl.MetricsSystemImpl (MetricsSystemImpl.java:init(158)) - HddsDatanode metrics system started (again)
2022-10-28 11:28:47,851 [EndpointStateMachine task thread for /0.0.0.0:43219 - 0 ] INFO  volume.HddsVolume (HddsVolume.java:createDbStore(307)) - SchemaV3 db is created and loaded at /home/runner/work/ozone/ozone/hadoop-ozone/integration-test/target/test-dir/MiniOzoneClusterImpl-6ee34448-fbd8-4951-8ae1-d137d06ced7b/datanode-0/data-0/containers/hdds/6ee34448-fbd8-4951-8ae1-d137d06ced7b/DS-cf6441ec-59d1-4c15-9bb8-aa1daefc7fb5/container.db for volume DS-cf6441ec-59d1-4c15-9bb8-aa1daefc7fb5
2022-10-28 11:28:47,858 [Datanode State Machine Daemon Thread] INFO  statemachine.DatanodeStateMachine (DatanodeStateMachine.java:lambda$startDaemon$0(505)) - Ozone container server started.
2022-10-28 11:28:47,859 [Listener at 127.0.0.1/42141] INFO  ozone.HddsDatanodeService (HddsDatanodeService.java:start(236)) - HddsDatanodeService host:fv-az700-396.2bpskmoaobnu3eckqg1qau4u2h.cx.internal.cloudapp.net ip:10.1.0.114
2022-10-28 11:28:47,868 [EndpointStateMachine task thread for /0.0.0.0:43219 - 0 ] INFO  volume.HddsVolume (HddsVolume.java:closeDbStore(338)) - SchemaV3 db is stopped at /home/runner/work/ozone/ozone/hadoop-ozone/integration-test/target/test-dir/MiniOzoneClusterImpl-6ee34448-fbd8-4951-8ae1-d137d06ced7b/datanode-0/data-0/containers/hdds/6ee34448-fbd8-4951-8ae1-d137d06ced7b/DS-cf6441ec-59d1-4c15-9bb8-aa1daefc7fb5/container.db for volume DS-cf6441ec-59d1-4c15-9bb8-aa1daefc7fb5
2022-10-28 11:28:47,868 [org.apache.hadoop.util.JvmPauseMonitor$Monitor@20f48f79] INFO  util.JvmPauseMonitor (JvmPauseMonitor.java:run(188)) - Starting JVM pause monitor
2022-10-28 11:28:47,868 [EndpointStateMachine task thread for /0.0.0.0:43219 - 0 ] INFO  ozoneimpl.OzoneContainer (OzoneContainer.java:start(378)) - Attempting to start container services.
2022-10-28 11:28:47,878 [EndpointStateMachine task thread for /0.0.0.0:43219 - 0 ] INFO  ozoneimpl.OzoneContainer (OzoneContainer.java:startContainerScrub(313)) - Background container scanner has been disabled.
2022-10-28 11:28:47,889 [Datanode State Machine Task Thread - 0] INFO  datanode.InitDatanodeState (InitDatanodeState.java:persistContainerDatanodeDetails(138)) - DatanodeDetails is persisted to /home/runner/work/ozone/ozone/hadoop-ozone/integration-test/target/test-dir/MiniOzoneClusterImpl-6ee34448-fbd8-4951-8ae1-d137d06ced7b/datanode-6/meta/datanode.id
2022-10-28 11:28:47,889 [EndpointStateMachine task thread for /0.0.0.0:43219 - 0 ] INFO  replication.ReplicationServer (ReplicationServer.java:start(111)) - ReplicationServer is started using port 41411
2022-10-28 11:28:47,892 [Listener at 127.0.0.1/42141] INFO  upgrade.AbstractLayoutVersionManager (AbstractLayoutVersionManager.java:init(83)) - Initializing Layout version manager with metadata layout = DATANODE_SCHEMA_V3 (version = 4), software layout = DATANODE_SCHEMA_V3 (version = 4)
2022-10-28 11:28:47,895 [EndpointStateMachine task thread for /0.0.0.0:43219 - 0 ] INFO  ratis.XceiverServerRatis (XceiverServerRatis.java:start(481)) - Starting XceiverServerRatis 0c9bf628-edfc-473a-824e-eb061e1afdb3
2022-10-28 11:28:47,924 [EndpointStateMachine task thread for /0.0.0.0:43219 - 0 ] INFO  server.RaftServer (RaftServerProxy.java:startImpl(393)) - 0c9bf628-edfc-473a-824e-eb061e1afdb3: start RPC server
2022-10-28 11:28:47,929 [EndpointStateMachine task thread for /0.0.0.0:43219 - 0 ] INFO  server.GrpcService (GrpcService.java:startImpl(270)) - 0c9bf628-edfc-473a-824e-eb061e1afdb3: GrpcService started, listening on 43977
2022-10-28 11:28:47,929 [EndpointStateMachine task thread for /0.0.0.0:43219 - 0 ] INFO  ratis.XceiverServerRatis (XceiverServerRatis.java:getRealPort(502)) - XceiverServerRatis 0c9bf628-edfc-473a-824e-eb061e1afdb3 is started using port 43977 for RATIS
2022-10-28 11:28:47,929 [EndpointStateMachine task thread for /0.0.0.0:43219 - 0 ] INFO  ratis.XceiverServerRatis (XceiverServerRatis.java:getRealPort(502)) - XceiverServerRatis 0c9bf628-edfc-473a-824e-eb061e1afdb3 is started using port 43977 for RATIS_ADMIN
2022-10-28 11:28:47,929 [EndpointStateMachine task thread for /0.0.0.0:43219 - 0 ] INFO  ratis.XceiverServerRatis (XceiverServerRatis.java:getRealPort(502)) - XceiverServerRatis 0c9bf628-edfc-473a-824e-eb061e1afdb3 is started using port 43977 for RATIS_SERVER
2022-10-28 11:28:47,930 [JvmPauseMonitor1] INFO  util.JvmPauseMonitor (JvmPauseMonitor.java:run(105)) - JvmPauseMonitor-0c9bf628-edfc-473a-824e-eb061e1afdb3: Started
2022-10-28 11:28:47,934 [EndpointStateMachine task thread for /0.0.0.0:43219 - 0 ] INFO  server.XceiverServerGrpc (XceiverServerGrpc.java:start(180)) - XceiverServerGrpc 0c9bf628-edfc-473a-824e-eb061e1afdb3 is started using port 38459
2022-10-28 11:28:47,954 [Listener at 127.0.0.1/42141] INFO  reflections.Reflections (Reflections.java:scan(232)) - Reflections took 58 ms to scan 7 urls, producing 136 keys and 331 values 
2022-10-28 11:28:47,958 [Listener at 127.0.0.1/42141] INFO  statemachine.DatanodeStateMachine (DatanodeStateMachine.java:getEndPointTaskThreadPoolSize(245)) - Datanode State Machine Task Thread Pool size 2
2022-10-28 11:28:47,962 [Listener at 127.0.0.1/42141] INFO  volume.HddsVolume (HddsVolume.java:<init>(117)) - Creating HddsVolume: /home/runner/work/ozone/ozone/hadoop-ozone/integration-test/target/test-dir/MiniOzoneClusterImpl-6ee34448-fbd8-4951-8ae1-d137d06ced7b/datanode-7/data-0/containers/hdds of storage type : DISK capacity : 9223372036854775807
2022-10-28 11:28:47,962 [Listener at 127.0.0.1/42141] INFO  volume.MutableVolumeSet (MutableVolumeSet.java:initializeVolumeSet(174)) - Added Volume : /home/runner/work/ozone/ozone/hadoop-ozone/integration-test/target/test-dir/MiniOzoneClusterImpl-6ee34448-fbd8-4951-8ae1-d137d06ced7b/datanode-7/data-0/containers/hdds to VolumeSet
2022-10-28 11:28:47,962 [Listener at 127.0.0.1/42141] INFO  volume.ThrottledAsyncChecker (ThrottledAsyncChecker.java:schedule(141)) - Scheduling a check for /home/runner/work/ozone/ozone/hadoop-ozone/integration-test/target/test-dir/MiniOzoneClusterImpl-6ee34448-fbd8-4951-8ae1-d137d06ced7b/datanode-7/data-0/containers/hdds
2022-10-28 11:28:47,964 [Listener at 127.0.0.1/42141] INFO  volume.StorageVolumeChecker (StorageVolumeChecker.java:checkAllVolumes(202)) - Scheduled health check for volume /home/runner/work/ozone/ozone/hadoop-ozone/integration-test/target/test-dir/MiniOzoneClusterImpl-6ee34448-fbd8-4951-8ae1-d137d06ced7b/datanode-7/data-0/containers/hdds
2022-10-28 11:28:47,976 [Listener at 127.0.0.1/42141] INFO  volume.MutableVolumeSet (MutableVolumeSet.java:initializeVolumeSet(174)) - Added Volume : /home/runner/work/ozone/ozone/hadoop-ozone/integration-test/target/test-dir/MiniOzoneClusterImpl-6ee34448-fbd8-4951-8ae1-d137d06ced7b/datanode-7/data/ratis to VolumeSet
2022-10-28 11:28:47,976 [Listener at 127.0.0.1/42141] INFO  volume.ThrottledAsyncChecker (ThrottledAsyncChecker.java:schedule(141)) - Scheduling a check for /home/runner/work/ozone/ozone/hadoop-ozone/integration-test/target/test-dir/MiniOzoneClusterImpl-6ee34448-fbd8-4951-8ae1-d137d06ced7b/datanode-7/data/ratis
2022-10-28 11:28:47,976 [Listener at 127.0.0.1/42141] INFO  volume.StorageVolumeChecker (StorageVolumeChecker.java:checkAllVolumes(202)) - Scheduled health check for volume /home/runner/work/ozone/ozone/hadoop-ozone/integration-test/target/test-dir/MiniOzoneClusterImpl-6ee34448-fbd8-4951-8ae1-d137d06ced7b/datanode-7/data/ratis
2022-10-28 11:28:47,987 [Thread-235] INFO  ozoneimpl.ContainerReader (ContainerReader.java:readVolume(175)) - Finish verifying containers on volume /home/runner/work/ozone/ozone/hadoop-ozone/integration-test/target/test-dir/MiniOzoneClusterImpl-6ee34448-fbd8-4951-8ae1-d137d06ced7b/datanode-7/data-0/containers/hdds
2022-10-28 11:28:47,987 [Listener at 127.0.0.1/42141] INFO  ozoneimpl.OzoneContainer (OzoneContainer.java:buildContainerSet(300)) - Build ContainerSet costs 0s
2022-10-28 11:28:47,991 [Listener at 127.0.0.1/42141] INFO  server.RaftServer (ConfUtils.java:logGet(46)) - raft.rpc.type = GRPC (default)
2022-10-28 11:28:47,991 [Listener at 127.0.0.1/42141] INFO  grpc.GrpcConfigKeys (ConfUtils.java:logFallback(53)) - raft.grpc.admin.host = null (fallback to raft.grpc.server.host)
2022-10-28 11:28:47,991 [Listener at 127.0.0.1/42141] INFO  grpc.GrpcConfigKeys (ConfUtils.java:logGet(46)) - raft.grpc.admin.port = 0 (custom)
2022-10-28 11:28:47,991 [Listener at 127.0.0.1/42141] INFO  grpc.GrpcConfigKeys (ConfUtils.java:logFallback(53)) - raft.grpc.client.host = null (fallback to raft.grpc.server.host)
2022-10-28 11:28:47,991 [Listener at 127.0.0.1/42141] INFO  grpc.GrpcConfigKeys (ConfUtils.java:logGet(46)) - raft.grpc.client.port = 0 (custom)
2022-10-28 11:28:47,991 [Listener at 127.0.0.1/42141] INFO  grpc.GrpcConfigKeys (ConfUtils.java:logGet(46)) - raft.grpc.server.host = null (default)
2022-10-28 11:28:47,992 [Listener at 127.0.0.1/42141] INFO  grpc.GrpcConfigKeys (ConfUtils.java:logGet(46)) - raft.grpc.server.port = 0 (default)
2022-10-28 11:28:47,992 [Listener at 127.0.0.1/42141] INFO  server.GrpcService (ConfUtils.java:logGet(46)) - raft.grpc.message.size.max = 32MB (=33554432) (custom)
2022-10-28 11:28:47,992 [Listener at 127.0.0.1/42141] INFO  server.RaftServerConfigKeys (ConfUtils.java:logGet(46)) - raft.server.log.appender.buffer.byte-limit = 33554432 (custom)
2022-10-28 11:28:47,992 [Listener at 127.0.0.1/42141] INFO  server.GrpcService (ConfUtils.java:logGet(46)) - raft.grpc.flow.control.window = 5MB (=5242880) (custom)
2022-10-28 11:28:47,992 [Listener at 127.0.0.1/42141] INFO  server.RaftServerConfigKeys (ConfUtils.java:logGet(46)) - raft.server.rpc.request.timeout = 60s (custom)
2022-10-28 11:28:47,992 [Listener at 127.0.0.1/42141] INFO  grpc.GrpcConfigKeys (ConfUtils.java:logGet(46)) - raft.grpc.server.heartbeat.channel = true (default)
2022-10-28 11:28:47,992 [Listener at 127.0.0.1/42141] INFO  grpc.GrpcConfigKeys (ConfUtils.java:logGet(46)) - raft.grpc.server.async.request.thread.pool.cached = true (default)
2022-10-28 11:28:47,992 [Listener at 127.0.0.1/42141] INFO  grpc.GrpcConfigKeys (ConfUtils.java:logGet(46)) - raft.grpc.server.async.request.thread.pool.size = 32 (default)
2022-10-28 11:28:47,993 [Listener at 127.0.0.1/42141] INFO  impl.DataStreamServerImpl (ConfUtils.java:logGet(46)) - raft.datastream.type = DISABLED (default)
2022-10-28 11:28:47,993 [Listener at 127.0.0.1/42141] INFO  server.RaftServerConfigKeys (ConfUtils.java:logGet(46)) - raft.server.threadpool.proxy.cached = true (default)
2022-10-28 11:28:47,994 [Listener at 127.0.0.1/42141] INFO  server.RaftServerConfigKeys (ConfUtils.java:logGet(46)) - raft.server.threadpool.proxy.size = 0 (default)
2022-10-28 11:28:47,994 [Listener at 127.0.0.1/42141] INFO  server.RaftServerConfigKeys (ConfUtils.java:logGet(46)) - raft.server.rpc.slowness.timeout = 300s (custom)
2022-10-28 11:28:47,994 [Listener at 127.0.0.1/42141] INFO  server.RaftServerConfigKeys (ConfUtils.java:logGet(46)) - raft.server.leaderelection.leader.step-down.wait-time = 10s (default)
2022-10-28 11:28:47,994 [Listener at 127.0.0.1/42141] INFO  server.RaftServerConfigKeys (ConfUtils.java:logGet(46)) - raft.server.storage.dir = [/home/runner/work/ozone/ozone/hadoop-ozone/integration-test/target/test-dir/MiniOzoneClusterImpl-6ee34448-fbd8-4951-8ae1-d137d06ced7b/datanode-7/data/ratis] (custom)
2022-10-28 11:28:47,998 [Listener at 127.0.0.1/42141] INFO  server.XceiverServerGrpc (XceiverServerGrpc.java:<init>(132)) - GrpcServer channel type EpollServerSocketChannel
2022-10-28 11:28:48,007 [Listener at 127.0.0.1/42141] INFO  http.BaseHttpServer (BaseHttpServer.java:newHttpServer2BuilderForOzone(213)) - Starting Web-server for hddsDatanode at: http://0.0.0.0:0
2022-10-28 11:28:48,007 [Listener at 127.0.0.1/42141] INFO  http.BaseHttpServer (BaseHttpServer.java:<init>(108)) - Hadoop Security Enabled: false Ozone Security Enabled: false Ozone HTTP Security Enabled: false 
2022-10-28 11:28:48,009 [Listener at 127.0.0.1/42141] WARN  server.AuthenticationFilter (AuthenticationFilter.java:constructSecretProvider(240)) - Unable to initialize FileSignerSecretProvider, falling back to use random secrets. Reason: Could not read signature secret file: /home/runner/hadoop-http-auth-signature-secret
2022-10-28 11:28:48,009 [Listener at 127.0.0.1/42141] WARN  http.HttpRequestLog (HttpRequestLog.java:getRequestLog(103)) - Jetty request log can only be enabled using Log4j
2022-10-28 11:28:48,010 [Listener at 127.0.0.1/42141] INFO  http.HttpServer2 (HttpServer2.java:addGlobalFilter(1031)) - Added global filter 'safety' (class=org.apache.hadoop.hdds.server.http.HttpServer2$QuotingInputFilter)
2022-10-28 11:28:48,011 [Listener at 127.0.0.1/42141] INFO  http.HttpServer2 (HttpServer2.java:addFilter(1007)) - Added filter static_user_filter (class=org.apache.hadoop.http.lib.StaticUserWebFilter$StaticUserFilter) to context hddsDatanode
2022-10-28 11:28:48,011 [Listener at 127.0.0.1/42141] INFO  http.HttpServer2 (HttpServer2.java:addFilter(1015)) - Added filter static_user_filter (class=org.apache.hadoop.http.lib.StaticUserWebFilter$StaticUserFilter) to context logs
2022-10-28 11:28:48,011 [Listener at 127.0.0.1/42141] INFO  http.HttpServer2 (HttpServer2.java:addFilter(1015)) - Added filter static_user_filter (class=org.apache.hadoop.http.lib.StaticUserWebFilter$StaticUserFilter) to context static
2022-10-28 11:28:48,012 [Listener at 127.0.0.1/42141] INFO  http.HttpServer2 (HttpServer2.java:bindListener(1250)) - Jetty bound to port 45573
2022-10-28 11:28:48,012 [Listener at 127.0.0.1/42141] INFO  server.Server (Server.java:doStart(375)) - jetty-9.4.49.v20220914; built: 2022-09-14T01:07:36.601Z; git: 4231a3b2e4cb8548a412a789936d640a97b1aa0a; jvm 1.8.0_345-b01
2022-10-28 11:28:48,013 [Listener at 127.0.0.1/42141] INFO  server.session (DefaultSessionIdManager.java:doStart(334)) - DefaultSessionIdManager workerName=node0
2022-10-28 11:28:48,013 [Listener at 127.0.0.1/42141] INFO  server.session (DefaultSessionIdManager.java:doStart(339)) - No SessionScavenger set, using defaults
2022-10-28 11:28:48,014 [Listener at 127.0.0.1/42141] INFO  server.session (HouseKeeper.java:startScavenging(132)) - node0 Scavenging every 660000ms
2022-10-28 11:28:48,014 [Listener at 127.0.0.1/42141] INFO  handler.ContextHandler (ContextHandler.java:doStart(921)) - Started o.e.j.s.ServletContextHandler@4ed4f01f{logs,/logs,file:///home/runner/work/ozone/ozone/hadoop-ozone/integration-test/target/log,AVAILABLE}
2022-10-28 11:28:48,015 [Listener at 127.0.0.1/42141] INFO  handler.ContextHandler (ContextHandler.java:doStart(921)) - Started o.e.j.s.ServletContextHandler@f80d1af{static,/static,jar:file:/home/runner/.m2/repository/org/apache/ozone/hdds-container-service/1.3.0-SNAPSHOT/hdds-container-service-1.3.0-SNAPSHOT.jar!/webapps/static,AVAILABLE}
2022-10-28 11:28:48,187 [Listener at 127.0.0.1/42141] INFO  handler.ContextHandler (ContextHandler.java:doStart(921)) - Started o.e.j.w.WebAppContext@55dea9a4{hddsDatanode,/,file:///tmp/jetty-0_0_0_0-45573-hdds-container-service-1_3_0-SNAPSHOT_jar-_-any-6193077658029977297/webapp/,AVAILABLE}{jar:file:/home/runner/.m2/repository/org/apache/ozone/hdds-container-service/1.3.0-SNAPSHOT/hdds-container-service-1.3.0-SNAPSHOT.jar!/webapps/hddsDatanode}
2022-10-28 11:28:48,193 [Listener at 127.0.0.1/42141] INFO  server.AbstractConnector (AbstractConnector.java:doStart(333)) - Started ServerConnector@5dabd134{HTTP/1.1, (http/1.1)}{0.0.0.0:45573}
2022-10-28 11:28:48,193 [Listener at 127.0.0.1/42141] INFO  server.Server (Server.java:doStart(415)) - Started @9803ms
2022-10-28 11:28:48,193 [Listener at 127.0.0.1/42141] WARN  impl.MetricsSystemImpl (MetricsSystemImpl.java:register(279)) - Sink prometheus already exists!
2022-10-28 11:28:48,194 [Listener at 127.0.0.1/42141] INFO  http.BaseHttpServer (BaseHttpServer.java:updateConnectorAddress(333)) - HTTP server of hddsDatanode listening at http://0.0.0.0:45573
2022-10-28 11:28:48,195 [Listener at 127.0.0.1/42141] WARN  impl.MetricRegistriesImpl (MetricRegistriesImpl.java:addReporterRegistration(111)) - New reporters are added after registries were created. Some metrics will be missing from the reporter. Please add reporter before adding any new registry.
2022-10-28 11:28:48,195 [Listener at 127.0.0.1/42141] WARN  impl.MetricRegistriesImpl (MetricRegistriesImpl.java:addReporterRegistration(111)) - New reporters are added after registries were created. Some metrics will be missing from the reporter. Please add reporter before adding any new registry.
2022-10-28 11:28:48,195 [Listener at 127.0.0.1/42141] INFO  impl.MetricsSystemImpl (MetricsSystemImpl.java:init(158)) - HddsDatanode metrics system started (again)
2022-10-28 11:28:48,195 [Datanode State Machine Daemon Thread] INFO  statemachine.DatanodeStateMachine (DatanodeStateMachine.java:lambda$startDaemon$0(505)) - Ozone container server started.
2022-10-28 11:28:48,210 [Listener at 127.0.0.1/42141] INFO  ozone.HddsDatanodeService (HddsDatanodeService.java:start(236)) - HddsDatanodeService host:fv-az700-396.2bpskmoaobnu3eckqg1qau4u2h.cx.internal.cloudapp.net ip:10.1.0.114
2022-10-28 11:28:48,226 [EndpointStateMachine task thread for /0.0.0.0:43219 - 0 ] INFO  volume.HddsVolume (HddsVolume.java:createDbStore(307)) - SchemaV3 db is created and loaded at /home/runner/work/ozone/ozone/hadoop-ozone/integration-test/target/test-dir/MiniOzoneClusterImpl-6ee34448-fbd8-4951-8ae1-d137d06ced7b/datanode-1/data-0/containers/hdds/6ee34448-fbd8-4951-8ae1-d137d06ced7b/DS-7aeb988a-2253-4d77-9994-763d08049f83/container.db for volume DS-7aeb988a-2253-4d77-9994-763d08049f83
2022-10-28 11:28:48,227 [EndpointStateMachine task thread for /0.0.0.0:43219 - 0 ] INFO  volume.HddsVolume (HddsVolume.java:closeDbStore(338)) - SchemaV3 db is stopped at /home/runner/work/ozone/ozone/hadoop-ozone/integration-test/target/test-dir/MiniOzoneClusterImpl-6ee34448-fbd8-4951-8ae1-d137d06ced7b/datanode-1/data-0/containers/hdds/6ee34448-fbd8-4951-8ae1-d137d06ced7b/DS-7aeb988a-2253-4d77-9994-763d08049f83/container.db for volume DS-7aeb988a-2253-4d77-9994-763d08049f83
2022-10-28 11:28:48,227 [EndpointStateMachine task thread for /0.0.0.0:43219 - 0 ] INFO  ozoneimpl.OzoneContainer (OzoneContainer.java:start(378)) - Attempting to start container services.
2022-10-28 11:28:48,227 [EndpointStateMachine task thread for /0.0.0.0:43219 - 0 ] INFO  ozoneimpl.OzoneContainer (OzoneContainer.java:startContainerScrub(313)) - Background container scanner has been disabled.
2022-10-28 11:28:48,233 [org.apache.hadoop.util.JvmPauseMonitor$Monitor@3b41c0ca] INFO  util.JvmPauseMonitor (JvmPauseMonitor.java:run(188)) - Starting JVM pause monitor
2022-10-28 11:28:48,239 [Listener at 127.0.0.1/42141] INFO  upgrade.AbstractLayoutVersionManager (AbstractLayoutVersionManager.java:init(83)) - Initializing Layout version manager with metadata layout = DATANODE_SCHEMA_V3 (version = 4), software layout = DATANODE_SCHEMA_V3 (version = 4)
2022-10-28 11:28:48,242 [Datanode State Machine Task Thread - 0] INFO  datanode.InitDatanodeState (InitDatanodeState.java:persistContainerDatanodeDetails(138)) - DatanodeDetails is persisted to /home/runner/work/ozone/ozone/hadoop-ozone/integration-test/target/test-dir/MiniOzoneClusterImpl-6ee34448-fbd8-4951-8ae1-d137d06ced7b/datanode-7/meta/datanode.id
2022-10-28 11:28:48,243 [EndpointStateMachine task thread for /0.0.0.0:43219 - 0 ] INFO  replication.ReplicationServer (ReplicationServer.java:start(111)) - ReplicationServer is started using port 35893
2022-10-28 11:28:48,245 [EndpointStateMachine task thread for /0.0.0.0:43219 - 0 ] INFO  ratis.XceiverServerRatis (XceiverServerRatis.java:start(481)) - Starting XceiverServerRatis 1914ef14-e927-4aee-a78a-186b0a6a783b
2022-10-28 11:28:48,246 [EndpointStateMachine task thread for /0.0.0.0:43219 - 0 ] INFO  server.RaftServer (RaftServerProxy.java:startImpl(393)) - 1914ef14-e927-4aee-a78a-186b0a6a783b: start RPC server
2022-10-28 11:28:48,250 [EndpointStateMachine task thread for /0.0.0.0:43219 - 0 ] INFO  server.GrpcService (GrpcService.java:startImpl(270)) - 1914ef14-e927-4aee-a78a-186b0a6a783b: GrpcService started, listening on 45645
2022-10-28 11:28:48,257 [EndpointStateMachine task thread for /0.0.0.0:43219 - 0 ] INFO  ratis.XceiverServerRatis (XceiverServerRatis.java:getRealPort(502)) - XceiverServerRatis 1914ef14-e927-4aee-a78a-186b0a6a783b is started using port 45645 for RATIS
2022-10-28 11:28:48,257 [EndpointStateMachine task thread for /0.0.0.0:43219 - 0 ] INFO  ratis.XceiverServerRatis (XceiverServerRatis.java:getRealPort(502)) - XceiverServerRatis 1914ef14-e927-4aee-a78a-186b0a6a783b is started using port 45645 for RATIS_ADMIN
2022-10-28 11:28:48,257 [EndpointStateMachine task thread for /0.0.0.0:43219 - 0 ] INFO  ratis.XceiverServerRatis (XceiverServerRatis.java:getRealPort(502)) - XceiverServerRatis 1914ef14-e927-4aee-a78a-186b0a6a783b is started using port 45645 for RATIS_SERVER
2022-10-28 11:28:48,260 [JvmPauseMonitor2] INFO  util.JvmPauseMonitor (JvmPauseMonitor.java:run(105)) - JvmPauseMonitor-1914ef14-e927-4aee-a78a-186b0a6a783b: Started
2022-10-28 11:28:48,262 [EndpointStateMachine task thread for /0.0.0.0:43219 - 0 ] INFO  server.XceiverServerGrpc (XceiverServerGrpc.java:start(180)) - XceiverServerGrpc 1914ef14-e927-4aee-a78a-186b0a6a783b is started using port 45051
2022-10-28 11:28:48,302 [Listener at 127.0.0.1/42141] INFO  reflections.Reflections (Reflections.java:scan(232)) - Reflections took 58 ms to scan 7 urls, producing 136 keys and 331 values 
2022-10-28 11:28:48,304 [Listener at 127.0.0.1/42141] INFO  statemachine.DatanodeStateMachine (DatanodeStateMachine.java:getEndPointTaskThreadPoolSize(245)) - Datanode State Machine Task Thread Pool size 2
2022-10-28 11:28:48,305 [Listener at 127.0.0.1/42141] INFO  volume.HddsVolume (HddsVolume.java:<init>(117)) - Creating HddsVolume: /home/runner/work/ozone/ozone/hadoop-ozone/integration-test/target/test-dir/MiniOzoneClusterImpl-6ee34448-fbd8-4951-8ae1-d137d06ced7b/datanode-8/data-0/containers/hdds of storage type : DISK capacity : 9223372036854775807
2022-10-28 11:28:48,306 [Listener at 127.0.0.1/42141] INFO  volume.MutableVolumeSet (MutableVolumeSet.java:initializeVolumeSet(174)) - Added Volume : /home/runner/work/ozone/ozone/hadoop-ozone/integration-test/target/test-dir/MiniOzoneClusterImpl-6ee34448-fbd8-4951-8ae1-d137d06ced7b/datanode-8/data-0/containers/hdds to VolumeSet
2022-10-28 11:28:48,306 [Listener at 127.0.0.1/42141] INFO  volume.ThrottledAsyncChecker (ThrottledAsyncChecker.java:schedule(141)) - Scheduling a check for /home/runner/work/ozone/ozone/hadoop-ozone/integration-test/target/test-dir/MiniOzoneClusterImpl-6ee34448-fbd8-4951-8ae1-d137d06ced7b/datanode-8/data-0/containers/hdds
2022-10-28 11:28:48,308 [Listener at 127.0.0.1/42141] INFO  volume.StorageVolumeChecker (StorageVolumeChecker.java:checkAllVolumes(202)) - Scheduled health check for volume /home/runner/work/ozone/ozone/hadoop-ozone/integration-test/target/test-dir/MiniOzoneClusterImpl-6ee34448-fbd8-4951-8ae1-d137d06ced7b/datanode-8/data-0/containers/hdds
2022-10-28 11:28:48,319 [Listener at 127.0.0.1/42141] INFO  volume.MutableVolumeSet (MutableVolumeSet.java:initializeVolumeSet(174)) - Added Volume : /home/runner/work/ozone/ozone/hadoop-ozone/integration-test/target/test-dir/MiniOzoneClusterImpl-6ee34448-fbd8-4951-8ae1-d137d06ced7b/datanode-8/data/ratis to VolumeSet
2022-10-28 11:28:48,319 [Listener at 127.0.0.1/42141] INFO  volume.ThrottledAsyncChecker (ThrottledAsyncChecker.java:schedule(141)) - Scheduling a check for /home/runner/work/ozone/ozone/hadoop-ozone/integration-test/target/test-dir/MiniOzoneClusterImpl-6ee34448-fbd8-4951-8ae1-d137d06ced7b/datanode-8/data/ratis
2022-10-28 11:28:48,319 [Listener at 127.0.0.1/42141] INFO  volume.StorageVolumeChecker (StorageVolumeChecker.java:checkAllVolumes(202)) - Scheduled health check for volume /home/runner/work/ozone/ozone/hadoop-ozone/integration-test/target/test-dir/MiniOzoneClusterImpl-6ee34448-fbd8-4951-8ae1-d137d06ced7b/datanode-8/data/ratis
2022-10-28 11:28:48,329 [Thread-253] INFO  ozoneimpl.ContainerReader (ContainerReader.java:readVolume(175)) - Finish verifying containers on volume /home/runner/work/ozone/ozone/hadoop-ozone/integration-test/target/test-dir/MiniOzoneClusterImpl-6ee34448-fbd8-4951-8ae1-d137d06ced7b/datanode-8/data-0/containers/hdds
2022-10-28 11:28:48,330 [Listener at 127.0.0.1/42141] INFO  ozoneimpl.OzoneContainer (OzoneContainer.java:buildContainerSet(300)) - Build ContainerSet costs 0s
2022-10-28 11:28:48,332 [Listener at 127.0.0.1/42141] INFO  server.RaftServer (ConfUtils.java:logGet(46)) - raft.rpc.type = GRPC (default)
2022-10-28 11:28:48,332 [Listener at 127.0.0.1/42141] INFO  grpc.GrpcConfigKeys (ConfUtils.java:logFallback(53)) - raft.grpc.admin.host = null (fallback to raft.grpc.server.host)
2022-10-28 11:28:48,332 [Listener at 127.0.0.1/42141] INFO  grpc.GrpcConfigKeys (ConfUtils.java:logGet(46)) - raft.grpc.admin.port = 0 (custom)
2022-10-28 11:28:48,332 [Listener at 127.0.0.1/42141] INFO  grpc.GrpcConfigKeys (ConfUtils.java:logFallback(53)) - raft.grpc.client.host = null (fallback to raft.grpc.server.host)
2022-10-28 11:28:48,333 [Listener at 127.0.0.1/42141] INFO  grpc.GrpcConfigKeys (ConfUtils.java:logGet(46)) - raft.grpc.client.port = 0 (custom)
2022-10-28 11:28:48,333 [Listener at 127.0.0.1/42141] INFO  grpc.GrpcConfigKeys (ConfUtils.java:logGet(46)) - raft.grpc.server.host = null (default)
2022-10-28 11:28:48,333 [Listener at 127.0.0.1/42141] INFO  grpc.GrpcConfigKeys (ConfUtils.java:logGet(46)) - raft.grpc.server.port = 0 (default)
2022-10-28 11:28:48,333 [Listener at 127.0.0.1/42141] INFO  server.GrpcService (ConfUtils.java:logGet(46)) - raft.grpc.message.size.max = 32MB (=33554432) (custom)
2022-10-28 11:28:48,333 [Listener at 127.0.0.1/42141] INFO  server.RaftServerConfigKeys (ConfUtils.java:logGet(46)) - raft.server.log.appender.buffer.byte-limit = 33554432 (custom)
2022-10-28 11:28:48,333 [Listener at 127.0.0.1/42141] INFO  server.GrpcService (ConfUtils.java:logGet(46)) - raft.grpc.flow.control.window = 5MB (=5242880) (custom)
2022-10-28 11:28:48,333 [Listener at 127.0.0.1/42141] INFO  server.RaftServerConfigKeys (ConfUtils.java:logGet(46)) - raft.server.rpc.request.timeout = 60s (custom)
2022-10-28 11:28:48,333 [Listener at 127.0.0.1/42141] INFO  grpc.GrpcConfigKeys (ConfUtils.java:logGet(46)) - raft.grpc.server.heartbeat.channel = true (default)
2022-10-28 11:28:48,333 [Listener at 127.0.0.1/42141] INFO  grpc.GrpcConfigKeys (ConfUtils.java:logGet(46)) - raft.grpc.server.async.request.thread.pool.cached = true (default)
2022-10-28 11:28:48,334 [Listener at 127.0.0.1/42141] INFO  grpc.GrpcConfigKeys (ConfUtils.java:logGet(46)) - raft.grpc.server.async.request.thread.pool.size = 32 (default)
2022-10-28 11:28:48,334 [Listener at 127.0.0.1/42141] INFO  impl.DataStreamServerImpl (ConfUtils.java:logGet(46)) - raft.datastream.type = DISABLED (default)
2022-10-28 11:28:48,335 [Listener at 127.0.0.1/42141] INFO  server.RaftServerConfigKeys (ConfUtils.java:logGet(46)) - raft.server.threadpool.proxy.cached = true (default)
2022-10-28 11:28:48,335 [Listener at 127.0.0.1/42141] INFO  server.RaftServerConfigKeys (ConfUtils.java:logGet(46)) - raft.server.threadpool.proxy.size = 0 (default)
2022-10-28 11:28:48,335 [Listener at 127.0.0.1/42141] INFO  server.RaftServerConfigKeys (ConfUtils.java:logGet(46)) - raft.server.rpc.slowness.timeout = 300s (custom)
2022-10-28 11:28:48,335 [Listener at 127.0.0.1/42141] INFO  server.RaftServerConfigKeys (ConfUtils.java:logGet(46)) - raft.server.leaderelection.leader.step-down.wait-time = 10s (default)
2022-10-28 11:28:48,335 [Listener at 127.0.0.1/42141] INFO  server.RaftServerConfigKeys (ConfUtils.java:logGet(46)) - raft.server.storage.dir = [/home/runner/work/ozone/ozone/hadoop-ozone/integration-test/target/test-dir/MiniOzoneClusterImpl-6ee34448-fbd8-4951-8ae1-d137d06ced7b/datanode-8/data/ratis] (custom)
2022-10-28 11:28:48,338 [Listener at 127.0.0.1/42141] INFO  server.XceiverServerGrpc (XceiverServerGrpc.java:<init>(132)) - GrpcServer channel type EpollServerSocketChannel
2022-10-28 11:28:48,341 [Listener at 127.0.0.1/42141] INFO  http.BaseHttpServer (BaseHttpServer.java:newHttpServer2BuilderForOzone(213)) - Starting Web-server for hddsDatanode at: http://0.0.0.0:0
2022-10-28 11:28:48,341 [Listener at 127.0.0.1/42141] INFO  http.BaseHttpServer (BaseHttpServer.java:<init>(108)) - Hadoop Security Enabled: false Ozone Security Enabled: false Ozone HTTP Security Enabled: false 
2022-10-28 11:28:48,342 [Listener at 127.0.0.1/42141] WARN  server.AuthenticationFilter (AuthenticationFilter.java:constructSecretProvider(240)) - Unable to initialize FileSignerSecretProvider, falling back to use random secrets. Reason: Could not read signature secret file: /home/runner/hadoop-http-auth-signature-secret
2022-10-28 11:28:48,343 [Listener at 127.0.0.1/42141] WARN  http.HttpRequestLog (HttpRequestLog.java:getRequestLog(103)) - Jetty request log can only be enabled using Log4j
2022-10-28 11:28:48,344 [Listener at 127.0.0.1/42141] INFO  http.HttpServer2 (HttpServer2.java:addGlobalFilter(1031)) - Added global filter 'safety' (class=org.apache.hadoop.hdds.server.http.HttpServer2$QuotingInputFilter)
2022-10-28 11:28:48,345 [Listener at 127.0.0.1/42141] INFO  http.HttpServer2 (HttpServer2.java:addFilter(1007)) - Added filter static_user_filter (class=org.apache.hadoop.http.lib.StaticUserWebFilter$StaticUserFilter) to context hddsDatanode
2022-10-28 11:28:48,345 [Listener at 127.0.0.1/42141] INFO  http.HttpServer2 (HttpServer2.java:addFilter(1015)) - Added filter static_user_filter (class=org.apache.hadoop.http.lib.StaticUserWebFilter$StaticUserFilter) to context logs
2022-10-28 11:28:48,345 [Listener at 127.0.0.1/42141] INFO  http.HttpServer2 (HttpServer2.java:addFilter(1015)) - Added filter static_user_filter (class=org.apache.hadoop.http.lib.StaticUserWebFilter$StaticUserFilter) to context static
2022-10-28 11:28:48,345 [Listener at 127.0.0.1/42141] INFO  http.HttpServer2 (HttpServer2.java:bindListener(1250)) - Jetty bound to port 36429
2022-10-28 11:28:48,345 [Listener at 127.0.0.1/42141] INFO  server.Server (Server.java:doStart(375)) - jetty-9.4.49.v20220914; built: 2022-09-14T01:07:36.601Z; git: 4231a3b2e4cb8548a412a789936d640a97b1aa0a; jvm 1.8.0_345-b01
2022-10-28 11:28:48,350 [Listener at 127.0.0.1/42141] INFO  server.session (DefaultSessionIdManager.java:doStart(334)) - DefaultSessionIdManager workerName=node0
2022-10-28 11:28:48,350 [Listener at 127.0.0.1/42141] INFO  server.session (DefaultSessionIdManager.java:doStart(339)) - No SessionScavenger set, using defaults
2022-10-28 11:28:48,350 [Listener at 127.0.0.1/42141] INFO  server.session (HouseKeeper.java:startScavenging(132)) - node0 Scavenging every 660000ms
2022-10-28 11:28:48,351 [Listener at 127.0.0.1/42141] INFO  handler.ContextHandler (ContextHandler.java:doStart(921)) - Started o.e.j.s.ServletContextHandler@b5375e0{logs,/logs,file:///home/runner/work/ozone/ozone/hadoop-ozone/integration-test/target/log,AVAILABLE}
2022-10-28 11:28:48,351 [Listener at 127.0.0.1/42141] INFO  handler.ContextHandler (ContextHandler.java:doStart(921)) - Started o.e.j.s.ServletContextHandler@57323a37{static,/static,jar:file:/home/runner/.m2/repository/org/apache/ozone/hdds-container-service/1.3.0-SNAPSHOT/hdds-container-service-1.3.0-SNAPSHOT.jar!/webapps/static,AVAILABLE}
2022-10-28 11:28:48,521 [Listener at 127.0.0.1/42141] INFO  handler.ContextHandler (ContextHandler.java:doStart(921)) - Started o.e.j.w.WebAppContext@45a7770d{hddsDatanode,/,file:///tmp/jetty-0_0_0_0-36429-hdds-container-service-1_3_0-SNAPSHOT_jar-_-any-1969425648308843348/webapp/,AVAILABLE}{jar:file:/home/runner/.m2/repository/org/apache/ozone/hdds-container-service/1.3.0-SNAPSHOT/hdds-container-service-1.3.0-SNAPSHOT.jar!/webapps/hddsDatanode}
2022-10-28 11:28:48,524 [Listener at 127.0.0.1/42141] INFO  server.AbstractConnector (AbstractConnector.java:doStart(333)) - Started ServerConnector@5592d263{HTTP/1.1, (http/1.1)}{0.0.0.0:36429}
2022-10-28 11:28:48,524 [Listener at 127.0.0.1/42141] INFO  server.Server (Server.java:doStart(415)) - Started @10134ms
2022-10-28 11:28:48,524 [Listener at 127.0.0.1/42141] WARN  impl.MetricsSystemImpl (MetricsSystemImpl.java:register(279)) - Sink prometheus already exists!
2022-10-28 11:28:48,525 [Listener at 127.0.0.1/42141] INFO  http.BaseHttpServer (BaseHttpServer.java:updateConnectorAddress(333)) - HTTP server of hddsDatanode listening at http://0.0.0.0:36429
2022-10-28 11:28:48,525 [Listener at 127.0.0.1/42141] WARN  impl.MetricRegistriesImpl (MetricRegistriesImpl.java:addReporterRegistration(111)) - New reporters are added after registries were created. Some metrics will be missing from the reporter. Please add reporter before adding any new registry.
2022-10-28 11:28:48,526 [Listener at 127.0.0.1/42141] WARN  impl.MetricRegistriesImpl (MetricRegistriesImpl.java:addReporterRegistration(111)) - New reporters are added after registries were created. Some metrics will be missing from the reporter. Please add reporter before adding any new registry.
2022-10-28 11:28:48,526 [Listener at 127.0.0.1/42141] INFO  impl.MetricsSystemImpl (MetricsSystemImpl.java:init(158)) - HddsDatanode metrics system started (again)
2022-10-28 11:28:48,533 [Datanode State Machine Daemon Thread] INFO  statemachine.DatanodeStateMachine (DatanodeStateMachine.java:lambda$startDaemon$0(505)) - Ozone container server started.
2022-10-28 11:28:48,545 [Listener at 127.0.0.1/42141] INFO  ozone.HddsDatanodeService (HddsDatanodeService.java:start(236)) - HddsDatanodeService host:fv-az700-396.2bpskmoaobnu3eckqg1qau4u2h.cx.internal.cloudapp.net ip:10.1.0.114
2022-10-28 11:28:48,566 [org.apache.hadoop.util.JvmPauseMonitor$Monitor@5478e4b] INFO  util.JvmPauseMonitor (JvmPauseMonitor.java:run(188)) - Starting JVM pause monitor
2022-10-28 11:28:48,572 [Datanode State Machine Task Thread - 0] INFO  datanode.InitDatanodeState (InitDatanodeState.java:persistContainerDatanodeDetails(138)) - DatanodeDetails is persisted to /home/runner/work/ozone/ozone/hadoop-ozone/integration-test/target/test-dir/MiniOzoneClusterImpl-6ee34448-fbd8-4951-8ae1-d137d06ced7b/datanode-8/meta/datanode.id
2022-10-28 11:28:48,576 [Listener at 127.0.0.1/42141] INFO  upgrade.AbstractLayoutVersionManager (AbstractLayoutVersionManager.java:init(83)) - Initializing Layout version manager with metadata layout = DATANODE_SCHEMA_V3 (version = 4), software layout = DATANODE_SCHEMA_V3 (version = 4)
2022-10-28 11:28:48,642 [Listener at 127.0.0.1/42141] INFO  reflections.Reflections (Reflections.java:scan(232)) - Reflections took 65 ms to scan 7 urls, producing 136 keys and 331 values 
2022-10-28 11:28:48,643 [Listener at 127.0.0.1/42141] INFO  statemachine.DatanodeStateMachine (DatanodeStateMachine.java:getEndPointTaskThreadPoolSize(245)) - Datanode State Machine Task Thread Pool size 2
2022-10-28 11:28:48,645 [Listener at 127.0.0.1/42141] INFO  volume.HddsVolume (HddsVolume.java:<init>(117)) - Creating HddsVolume: /home/runner/work/ozone/ozone/hadoop-ozone/integration-test/target/test-dir/MiniOzoneClusterImpl-6ee34448-fbd8-4951-8ae1-d137d06ced7b/datanode-9/data-0/containers/hdds of storage type : DISK capacity : 9223372036854775807
2022-10-28 11:28:48,645 [Listener at 127.0.0.1/42141] INFO  volume.MutableVolumeSet (MutableVolumeSet.java:initializeVolumeSet(174)) - Added Volume : /home/runner/work/ozone/ozone/hadoop-ozone/integration-test/target/test-dir/MiniOzoneClusterImpl-6ee34448-fbd8-4951-8ae1-d137d06ced7b/datanode-9/data-0/containers/hdds to VolumeSet
2022-10-28 11:28:48,645 [Listener at 127.0.0.1/42141] INFO  volume.ThrottledAsyncChecker (ThrottledAsyncChecker.java:schedule(141)) - Scheduling a check for /home/runner/work/ozone/ozone/hadoop-ozone/integration-test/target/test-dir/MiniOzoneClusterImpl-6ee34448-fbd8-4951-8ae1-d137d06ced7b/datanode-9/data-0/containers/hdds
2022-10-28 11:28:48,646 [Listener at 127.0.0.1/42141] INFO  volume.StorageVolumeChecker (StorageVolumeChecker.java:checkAllVolumes(202)) - Scheduled health check for volume /home/runner/work/ozone/ozone/hadoop-ozone/integration-test/target/test-dir/MiniOzoneClusterImpl-6ee34448-fbd8-4951-8ae1-d137d06ced7b/datanode-9/data-0/containers/hdds
2022-10-28 11:28:48,646 [EndpointStateMachine task thread for /0.0.0.0:43219 - 0 ] INFO  volume.HddsVolume (HddsVolume.java:createDbStore(307)) - SchemaV3 db is created and loaded at /home/runner/work/ozone/ozone/hadoop-ozone/integration-test/target/test-dir/MiniOzoneClusterImpl-6ee34448-fbd8-4951-8ae1-d137d06ced7b/datanode-2/data-0/containers/hdds/6ee34448-fbd8-4951-8ae1-d137d06ced7b/DS-2e5f17a4-804f-4b6f-b09a-835e6ef7e221/container.db for volume DS-2e5f17a4-804f-4b6f-b09a-835e6ef7e221
2022-10-28 11:28:48,648 [EndpointStateMachine task thread for /0.0.0.0:43219 - 0 ] INFO  volume.HddsVolume (HddsVolume.java:closeDbStore(338)) - SchemaV3 db is stopped at /home/runner/work/ozone/ozone/hadoop-ozone/integration-test/target/test-dir/MiniOzoneClusterImpl-6ee34448-fbd8-4951-8ae1-d137d06ced7b/datanode-2/data-0/containers/hdds/6ee34448-fbd8-4951-8ae1-d137d06ced7b/DS-2e5f17a4-804f-4b6f-b09a-835e6ef7e221/container.db for volume DS-2e5f17a4-804f-4b6f-b09a-835e6ef7e221
2022-10-28 11:28:48,648 [EndpointStateMachine task thread for /0.0.0.0:43219 - 0 ] INFO  ozoneimpl.OzoneContainer (OzoneContainer.java:start(378)) - Attempting to start container services.
2022-10-28 11:28:48,648 [EndpointStateMachine task thread for /0.0.0.0:43219 - 0 ] INFO  ozoneimpl.OzoneContainer (OzoneContainer.java:startContainerScrub(313)) - Background container scanner has been disabled.
2022-10-28 11:28:48,650 [EndpointStateMachine task thread for /0.0.0.0:43219 - 0 ] INFO  replication.ReplicationServer (ReplicationServer.java:start(111)) - ReplicationServer is started using port 35693
2022-10-28 11:28:48,651 [EndpointStateMachine task thread for /0.0.0.0:43219 - 0 ] INFO  ratis.XceiverServerRatis (XceiverServerRatis.java:start(481)) - Starting XceiverServerRatis 4117c80f-d61a-41ff-a958-d6b4139221af
2022-10-28 11:28:48,651 [EndpointStateMachine task thread for /0.0.0.0:43219 - 0 ] INFO  server.RaftServer (RaftServerProxy.java:startImpl(393)) - 4117c80f-d61a-41ff-a958-d6b4139221af: start RPC server
2022-10-28 11:28:48,653 [EndpointStateMachine task thread for /0.0.0.0:43219 - 0 ] INFO  server.GrpcService (GrpcService.java:startImpl(270)) - 4117c80f-d61a-41ff-a958-d6b4139221af: GrpcService started, listening on 40159
2022-10-28 11:28:48,654 [EndpointStateMachine task thread for /0.0.0.0:43219 - 0 ] INFO  ratis.XceiverServerRatis (XceiverServerRatis.java:getRealPort(502)) - XceiverServerRatis 4117c80f-d61a-41ff-a958-d6b4139221af is started using port 40159 for RATIS
2022-10-28 11:28:48,654 [EndpointStateMachine task thread for /0.0.0.0:43219 - 0 ] INFO  ratis.XceiverServerRatis (XceiverServerRatis.java:getRealPort(502)) - XceiverServerRatis 4117c80f-d61a-41ff-a958-d6b4139221af is started using port 40159 for RATIS_ADMIN
2022-10-28 11:28:48,654 [EndpointStateMachine task thread for /0.0.0.0:43219 - 0 ] INFO  ratis.XceiverServerRatis (XceiverServerRatis.java:getRealPort(502)) - XceiverServerRatis 4117c80f-d61a-41ff-a958-d6b4139221af is started using port 40159 for RATIS_SERVER
2022-10-28 11:28:48,654 [JvmPauseMonitor3] INFO  util.JvmPauseMonitor (JvmPauseMonitor.java:run(105)) - JvmPauseMonitor-4117c80f-d61a-41ff-a958-d6b4139221af: Started
2022-10-28 11:28:48,666 [EndpointStateMachine task thread for /0.0.0.0:43219 - 0 ] INFO  server.XceiverServerGrpc (XceiverServerGrpc.java:start(180)) - XceiverServerGrpc 4117c80f-d61a-41ff-a958-d6b4139221af is started using port 37773
2022-10-28 11:28:48,667 [Listener at 127.0.0.1/42141] INFO  volume.MutableVolumeSet (MutableVolumeSet.java:initializeVolumeSet(174)) - Added Volume : /home/runner/work/ozone/ozone/hadoop-ozone/integration-test/target/test-dir/MiniOzoneClusterImpl-6ee34448-fbd8-4951-8ae1-d137d06ced7b/datanode-9/data/ratis to VolumeSet
2022-10-28 11:28:48,667 [Listener at 127.0.0.1/42141] INFO  volume.ThrottledAsyncChecker (ThrottledAsyncChecker.java:schedule(141)) - Scheduling a check for /home/runner/work/ozone/ozone/hadoop-ozone/integration-test/target/test-dir/MiniOzoneClusterImpl-6ee34448-fbd8-4951-8ae1-d137d06ced7b/datanode-9/data/ratis
2022-10-28 11:28:48,670 [Listener at 127.0.0.1/42141] INFO  volume.StorageVolumeChecker (StorageVolumeChecker.java:checkAllVolumes(202)) - Scheduled health check for volume /home/runner/work/ozone/ozone/hadoop-ozone/integration-test/target/test-dir/MiniOzoneClusterImpl-6ee34448-fbd8-4951-8ae1-d137d06ced7b/datanode-9/data/ratis
2022-10-28 11:28:48,681 [Thread-271] INFO  ozoneimpl.ContainerReader (ContainerReader.java:readVolume(175)) - Finish verifying containers on volume /home/runner/work/ozone/ozone/hadoop-ozone/integration-test/target/test-dir/MiniOzoneClusterImpl-6ee34448-fbd8-4951-8ae1-d137d06ced7b/datanode-9/data-0/containers/hdds
2022-10-28 11:28:48,681 [Listener at 127.0.0.1/42141] INFO  ozoneimpl.OzoneContainer (OzoneContainer.java:buildContainerSet(300)) - Build ContainerSet costs 0s
2022-10-28 11:28:48,685 [Listener at 127.0.0.1/42141] INFO  server.RaftServer (ConfUtils.java:logGet(46)) - raft.rpc.type = GRPC (default)
2022-10-28 11:28:48,686 [Listener at 127.0.0.1/42141] INFO  grpc.GrpcConfigKeys (ConfUtils.java:logFallback(53)) - raft.grpc.admin.host = null (fallback to raft.grpc.server.host)
2022-10-28 11:28:48,686 [Listener at 127.0.0.1/42141] INFO  grpc.GrpcConfigKeys (ConfUtils.java:logGet(46)) - raft.grpc.admin.port = 0 (custom)
2022-10-28 11:28:48,686 [Listener at 127.0.0.1/42141] INFO  grpc.GrpcConfigKeys (ConfUtils.java:logFallback(53)) - raft.grpc.client.host = null (fallback to raft.grpc.server.host)
2022-10-28 11:28:48,686 [Listener at 127.0.0.1/42141] INFO  grpc.GrpcConfigKeys (ConfUtils.java:logGet(46)) - raft.grpc.client.port = 0 (custom)
2022-10-28 11:28:48,686 [Listener at 127.0.0.1/42141] INFO  grpc.GrpcConfigKeys (ConfUtils.java:logGet(46)) - raft.grpc.server.host = null (default)
2022-10-28 11:28:48,686 [Listener at 127.0.0.1/42141] INFO  grpc.GrpcConfigKeys (ConfUtils.java:logGet(46)) - raft.grpc.server.port = 0 (default)
2022-10-28 11:28:48,686 [Listener at 127.0.0.1/42141] INFO  server.GrpcService (ConfUtils.java:logGet(46)) - raft.grpc.message.size.max = 32MB (=33554432) (custom)
2022-10-28 11:28:48,686 [Listener at 127.0.0.1/42141] INFO  server.RaftServerConfigKeys (ConfUtils.java:logGet(46)) - raft.server.log.appender.buffer.byte-limit = 33554432 (custom)
2022-10-28 11:28:48,686 [Listener at 127.0.0.1/42141] INFO  server.GrpcService (ConfUtils.java:logGet(46)) - raft.grpc.flow.control.window = 5MB (=5242880) (custom)
2022-10-28 11:28:48,687 [Listener at 127.0.0.1/42141] INFO  server.RaftServerConfigKeys (ConfUtils.java:logGet(46)) - raft.server.rpc.request.timeout = 60s (custom)
2022-10-28 11:28:48,687 [Listener at 127.0.0.1/42141] INFO  grpc.GrpcConfigKeys (ConfUtils.java:logGet(46)) - raft.grpc.server.heartbeat.channel = true (default)
2022-10-28 11:28:48,687 [Listener at 127.0.0.1/42141] INFO  grpc.GrpcConfigKeys (ConfUtils.java:logGet(46)) - raft.grpc.server.async.request.thread.pool.cached = true (default)
2022-10-28 11:28:48,687 [Listener at 127.0.0.1/42141] INFO  grpc.GrpcConfigKeys (ConfUtils.java:logGet(46)) - raft.grpc.server.async.request.thread.pool.size = 32 (default)
2022-10-28 11:28:48,688 [Listener at 127.0.0.1/42141] INFO  impl.DataStreamServerImpl (ConfUtils.java:logGet(46)) - raft.datastream.type = DISABLED (default)
2022-10-28 11:28:48,688 [Listener at 127.0.0.1/42141] INFO  server.RaftServerConfigKeys (ConfUtils.java:logGet(46)) - raft.server.threadpool.proxy.cached = true (default)
2022-10-28 11:28:48,688 [Listener at 127.0.0.1/42141] INFO  server.RaftServerConfigKeys (ConfUtils.java:logGet(46)) - raft.server.threadpool.proxy.size = 0 (default)
2022-10-28 11:28:48,688 [Listener at 127.0.0.1/42141] INFO  server.RaftServerConfigKeys (ConfUtils.java:logGet(46)) - raft.server.rpc.slowness.timeout = 300s (custom)
2022-10-28 11:28:48,688 [Listener at 127.0.0.1/42141] INFO  server.RaftServerConfigKeys (ConfUtils.java:logGet(46)) - raft.server.leaderelection.leader.step-down.wait-time = 10s (default)
2022-10-28 11:28:48,688 [Listener at 127.0.0.1/42141] INFO  server.RaftServerConfigKeys (ConfUtils.java:logGet(46)) - raft.server.storage.dir = [/home/runner/work/ozone/ozone/hadoop-ozone/integration-test/target/test-dir/MiniOzoneClusterImpl-6ee34448-fbd8-4951-8ae1-d137d06ced7b/datanode-9/data/ratis] (custom)
2022-10-28 11:28:48,690 [Listener at 127.0.0.1/42141] INFO  server.XceiverServerGrpc (XceiverServerGrpc.java:<init>(132)) - GrpcServer channel type EpollServerSocketChannel
2022-10-28 11:28:48,692 [Listener at 127.0.0.1/42141] INFO  http.BaseHttpServer (BaseHttpServer.java:newHttpServer2BuilderForOzone(213)) - Starting Web-server for hddsDatanode at: http://0.0.0.0:0
2022-10-28 11:28:48,692 [Listener at 127.0.0.1/42141] INFO  http.BaseHttpServer (BaseHttpServer.java:<init>(108)) - Hadoop Security Enabled: false Ozone Security Enabled: false Ozone HTTP Security Enabled: false 
2022-10-28 11:28:48,693 [Listener at 127.0.0.1/42141] WARN  server.AuthenticationFilter (AuthenticationFilter.java:constructSecretProvider(240)) - Unable to initialize FileSignerSecretProvider, falling back to use random secrets. Reason: Could not read signature secret file: /home/runner/hadoop-http-auth-signature-secret
2022-10-28 11:28:48,694 [Listener at 127.0.0.1/42141] WARN  http.HttpRequestLog (HttpRequestLog.java:getRequestLog(103)) - Jetty request log can only be enabled using Log4j
2022-10-28 11:28:48,695 [Listener at 127.0.0.1/42141] INFO  http.HttpServer2 (HttpServer2.java:addGlobalFilter(1031)) - Added global filter 'safety' (class=org.apache.hadoop.hdds.server.http.HttpServer2$QuotingInputFilter)
2022-10-28 11:28:48,696 [Listener at 127.0.0.1/42141] INFO  http.HttpServer2 (HttpServer2.java:addFilter(1007)) - Added filter static_user_filter (class=org.apache.hadoop.http.lib.StaticUserWebFilter$StaticUserFilter) to context hddsDatanode
2022-10-28 11:28:48,696 [Listener at 127.0.0.1/42141] INFO  http.HttpServer2 (HttpServer2.java:addFilter(1015)) - Added filter static_user_filter (class=org.apache.hadoop.http.lib.StaticUserWebFilter$StaticUserFilter) to context static
2022-10-28 11:28:48,696 [Listener at 127.0.0.1/42141] INFO  http.HttpServer2 (HttpServer2.java:addFilter(1015)) - Added filter static_user_filter (class=org.apache.hadoop.http.lib.StaticUserWebFilter$StaticUserFilter) to context logs
2022-10-28 11:28:48,697 [Listener at 127.0.0.1/42141] INFO  http.HttpServer2 (HttpServer2.java:bindListener(1250)) - Jetty bound to port 40167
2022-10-28 11:28:48,697 [Listener at 127.0.0.1/42141] INFO  server.Server (Server.java:doStart(375)) - jetty-9.4.49.v20220914; built: 2022-09-14T01:07:36.601Z; git: 4231a3b2e4cb8548a412a789936d640a97b1aa0a; jvm 1.8.0_345-b01
2022-10-28 11:28:48,702 [Listener at 127.0.0.1/42141] INFO  server.session (DefaultSessionIdManager.java:doStart(334)) - DefaultSessionIdManager workerName=node0
2022-10-28 11:28:48,702 [Listener at 127.0.0.1/42141] INFO  server.session (DefaultSessionIdManager.java:doStart(339)) - No SessionScavenger set, using defaults
2022-10-28 11:28:48,702 [Listener at 127.0.0.1/42141] INFO  server.session (HouseKeeper.java:startScavenging(132)) - node0 Scavenging every 660000ms
2022-10-28 11:28:48,703 [Listener at 127.0.0.1/42141] INFO  handler.ContextHandler (ContextHandler.java:doStart(921)) - Started o.e.j.s.ServletContextHandler@5ee4c633{logs,/logs,file:///home/runner/work/ozone/ozone/hadoop-ozone/integration-test/target/log,AVAILABLE}
2022-10-28 11:28:48,703 [Listener at 127.0.0.1/42141] INFO  handler.ContextHandler (ContextHandler.java:doStart(921)) - Started o.e.j.s.ServletContextHandler@68154374{static,/static,jar:file:/home/runner/.m2/repository/org/apache/ozone/hdds-container-service/1.3.0-SNAPSHOT/hdds-container-service-1.3.0-SNAPSHOT.jar!/webapps/static,AVAILABLE}
2022-10-28 11:28:48,873 [Listener at 127.0.0.1/42141] INFO  handler.ContextHandler (ContextHandler.java:doStart(921)) - Started o.e.j.w.WebAppContext@7e4ee95b{hddsDatanode,/,file:///tmp/jetty-0_0_0_0-40167-hdds-container-service-1_3_0-SNAPSHOT_jar-_-any-6842652115778089108/webapp/,AVAILABLE}{jar:file:/home/runner/.m2/repository/org/apache/ozone/hdds-container-service/1.3.0-SNAPSHOT/hdds-container-service-1.3.0-SNAPSHOT.jar!/webapps/hddsDatanode}
2022-10-28 11:28:48,875 [Listener at 127.0.0.1/42141] INFO  server.AbstractConnector (AbstractConnector.java:doStart(333)) - Started ServerConnector@27a6a92f{HTTP/1.1, (http/1.1)}{0.0.0.0:40167}
2022-10-28 11:28:48,875 [Listener at 127.0.0.1/42141] INFO  server.Server (Server.java:doStart(415)) - Started @10485ms
2022-10-28 11:28:48,875 [Listener at 127.0.0.1/42141] WARN  impl.MetricsSystemImpl (MetricsSystemImpl.java:register(279)) - Sink prometheus already exists!
2022-10-28 11:28:48,876 [Listener at 127.0.0.1/42141] INFO  http.BaseHttpServer (BaseHttpServer.java:updateConnectorAddress(333)) - HTTP server of hddsDatanode listening at http://0.0.0.0:40167
2022-10-28 11:28:48,877 [Listener at 127.0.0.1/42141] INFO  ozone.MiniOzoneClusterImpl (MiniOzoneClusterImpl.java:lambda$waitForClusterToBeReady$0(216)) - Waiting for nodes to be ready. Got 0 of 10 DN Heartbeats.
2022-10-28 11:28:48,877 [Listener at 127.0.0.1/42141] INFO  ozone.MiniOzoneClusterImpl (MiniOzoneClusterImpl.java:lambda$waitForClusterToBeReady$0(219)) - Waiting for cluster to exit safe mode
2022-10-28 11:28:48,877 [Listener at 127.0.0.1/42141] INFO  ozone.MiniOzoneClusterImpl (MiniOzoneClusterImpl.java:lambda$waitForClusterToBeReady$0(221)) - SCM became leader
2022-10-28 11:28:48,878 [Datanode State Machine Daemon Thread] INFO  statemachine.DatanodeStateMachine (DatanodeStateMachine.java:lambda$startDaemon$0(505)) - Ozone container server started.
2022-10-28 11:28:48,885 [org.apache.hadoop.util.JvmPauseMonitor$Monitor@39abfd19] INFO  util.JvmPauseMonitor (JvmPauseMonitor.java:run(188)) - Starting JVM pause monitor
2022-10-28 11:28:48,887 [Datanode State Machine Task Thread - 0] INFO  datanode.InitDatanodeState (InitDatanodeState.java:persistContainerDatanodeDetails(138)) - DatanodeDetails is persisted to /home/runner/work/ozone/ozone/hadoop-ozone/integration-test/target/test-dir/MiniOzoneClusterImpl-6ee34448-fbd8-4951-8ae1-d137d06ced7b/datanode-9/meta/datanode.id
2022-10-28 11:28:48,934 [EndpointStateMachine task thread for /0.0.0.0:43219 - 0 ] INFO  volume.HddsVolume (HddsVolume.java:createDbStore(307)) - SchemaV3 db is created and loaded at /home/runner/work/ozone/ozone/hadoop-ozone/integration-test/target/test-dir/MiniOzoneClusterImpl-6ee34448-fbd8-4951-8ae1-d137d06ced7b/datanode-3/data-0/containers/hdds/6ee34448-fbd8-4951-8ae1-d137d06ced7b/DS-2ed72206-1a8f-4992-ac8b-706c3f6265b8/container.db for volume DS-2ed72206-1a8f-4992-ac8b-706c3f6265b8
2022-10-28 11:28:48,935 [EndpointStateMachine task thread for /0.0.0.0:43219 - 0 ] INFO  volume.HddsVolume (HddsVolume.java:closeDbStore(338)) - SchemaV3 db is stopped at /home/runner/work/ozone/ozone/hadoop-ozone/integration-test/target/test-dir/MiniOzoneClusterImpl-6ee34448-fbd8-4951-8ae1-d137d06ced7b/datanode-3/data-0/containers/hdds/6ee34448-fbd8-4951-8ae1-d137d06ced7b/DS-2ed72206-1a8f-4992-ac8b-706c3f6265b8/container.db for volume DS-2ed72206-1a8f-4992-ac8b-706c3f6265b8
2022-10-28 11:28:48,935 [EndpointStateMachine task thread for /0.0.0.0:43219 - 0 ] INFO  ozoneimpl.OzoneContainer (OzoneContainer.java:start(378)) - Attempting to start container services.
2022-10-28 11:28:48,935 [EndpointStateMachine task thread for /0.0.0.0:43219 - 0 ] INFO  ozoneimpl.OzoneContainer (OzoneContainer.java:startContainerScrub(313)) - Background container scanner has been disabled.
2022-10-28 11:28:48,936 [EndpointStateMachine task thread for /0.0.0.0:43219 - 0 ] INFO  replication.ReplicationServer (ReplicationServer.java:start(111)) - ReplicationServer is started using port 45831
2022-10-28 11:28:48,937 [EndpointStateMachine task thread for /0.0.0.0:43219 - 0 ] INFO  ratis.XceiverServerRatis (XceiverServerRatis.java:start(481)) - Starting XceiverServerRatis aa3e6641-ac34-45f8-85b4-6614ff527932
2022-10-28 11:28:48,938 [EndpointStateMachine task thread for /0.0.0.0:43219 - 0 ] INFO  server.RaftServer (RaftServerProxy.java:startImpl(393)) - aa3e6641-ac34-45f8-85b4-6614ff527932: start RPC server
2022-10-28 11:28:48,939 [EndpointStateMachine task thread for /0.0.0.0:43219 - 0 ] INFO  server.GrpcService (GrpcService.java:startImpl(270)) - aa3e6641-ac34-45f8-85b4-6614ff527932: GrpcService started, listening on 40629
2022-10-28 11:28:48,940 [EndpointStateMachine task thread for /0.0.0.0:43219 - 0 ] INFO  ratis.XceiverServerRatis (XceiverServerRatis.java:getRealPort(502)) - XceiverServerRatis aa3e6641-ac34-45f8-85b4-6614ff527932 is started using port 40629 for RATIS
2022-10-28 11:28:48,941 [JvmPauseMonitor4] INFO  util.JvmPauseMonitor (JvmPauseMonitor.java:run(105)) - JvmPauseMonitor-aa3e6641-ac34-45f8-85b4-6614ff527932: Started
2022-10-28 11:28:48,941 [EndpointStateMachine task thread for /0.0.0.0:43219 - 0 ] INFO  ratis.XceiverServerRatis (XceiverServerRatis.java:getRealPort(502)) - XceiverServerRatis aa3e6641-ac34-45f8-85b4-6614ff527932 is started using port 40629 for RATIS_ADMIN
2022-10-28 11:28:48,941 [EndpointStateMachine task thread for /0.0.0.0:43219 - 0 ] INFO  ratis.XceiverServerRatis (XceiverServerRatis.java:getRealPort(502)) - XceiverServerRatis aa3e6641-ac34-45f8-85b4-6614ff527932 is started using port 40629 for RATIS_SERVER
2022-10-28 11:28:48,943 [EndpointStateMachine task thread for /0.0.0.0:43219 - 0 ] INFO  server.XceiverServerGrpc (XceiverServerGrpc.java:start(180)) - XceiverServerGrpc aa3e6641-ac34-45f8-85b4-6614ff527932 is started using port 33397
2022-10-28 11:28:49,224 [EndpointStateMachine task thread for /0.0.0.0:43219 - 0 ] INFO  volume.HddsVolume (HddsVolume.java:createDbStore(307)) - SchemaV3 db is created and loaded at /home/runner/work/ozone/ozone/hadoop-ozone/integration-test/target/test-dir/MiniOzoneClusterImpl-6ee34448-fbd8-4951-8ae1-d137d06ced7b/datanode-4/data-0/containers/hdds/6ee34448-fbd8-4951-8ae1-d137d06ced7b/DS-4fe6c06b-94ea-4c72-bf14-723b3b754fc6/container.db for volume DS-4fe6c06b-94ea-4c72-bf14-723b3b754fc6
2022-10-28 11:28:49,225 [EndpointStateMachine task thread for /0.0.0.0:43219 - 0 ] INFO  volume.HddsVolume (HddsVolume.java:closeDbStore(338)) - SchemaV3 db is stopped at /home/runner/work/ozone/ozone/hadoop-ozone/integration-test/target/test-dir/MiniOzoneClusterImpl-6ee34448-fbd8-4951-8ae1-d137d06ced7b/datanode-4/data-0/containers/hdds/6ee34448-fbd8-4951-8ae1-d137d06ced7b/DS-4fe6c06b-94ea-4c72-bf14-723b3b754fc6/container.db for volume DS-4fe6c06b-94ea-4c72-bf14-723b3b754fc6
2022-10-28 11:28:49,225 [EndpointStateMachine task thread for /0.0.0.0:43219 - 0 ] INFO  ozoneimpl.OzoneContainer (OzoneContainer.java:start(378)) - Attempting to start container services.
2022-10-28 11:28:49,225 [EndpointStateMachine task thread for /0.0.0.0:43219 - 0 ] INFO  ozoneimpl.OzoneContainer (OzoneContainer.java:startContainerScrub(313)) - Background container scanner has been disabled.
2022-10-28 11:28:49,227 [EndpointStateMachine task thread for /0.0.0.0:43219 - 0 ] INFO  replication.ReplicationServer (ReplicationServer.java:start(111)) - ReplicationServer is started using port 34383
2022-10-28 11:28:49,228 [EndpointStateMachine task thread for /0.0.0.0:43219 - 0 ] INFO  ratis.XceiverServerRatis (XceiverServerRatis.java:start(481)) - Starting XceiverServerRatis 21cd38f2-3152-4a7b-bfd6-5bc3f4c93f15
2022-10-28 11:28:49,228 [EndpointStateMachine task thread for /0.0.0.0:43219 - 0 ] INFO  server.RaftServer (RaftServerProxy.java:startImpl(393)) - 21cd38f2-3152-4a7b-bfd6-5bc3f4c93f15: start RPC server
2022-10-28 11:28:49,230 [EndpointStateMachine task thread for /0.0.0.0:43219 - 0 ] INFO  server.GrpcService (GrpcService.java:startImpl(270)) - 21cd38f2-3152-4a7b-bfd6-5bc3f4c93f15: GrpcService started, listening on 41711
2022-10-28 11:28:49,230 [EndpointStateMachine task thread for /0.0.0.0:43219 - 0 ] INFO  ratis.XceiverServerRatis (XceiverServerRatis.java:getRealPort(502)) - XceiverServerRatis 21cd38f2-3152-4a7b-bfd6-5bc3f4c93f15 is started using port 41711 for RATIS
2022-10-28 11:28:49,230 [JvmPauseMonitor5] INFO  util.JvmPauseMonitor (JvmPauseMonitor.java:run(105)) - JvmPauseMonitor-21cd38f2-3152-4a7b-bfd6-5bc3f4c93f15: Started
2022-10-28 11:28:49,230 [EndpointStateMachine task thread for /0.0.0.0:43219 - 0 ] INFO  ratis.XceiverServerRatis (XceiverServerRatis.java:getRealPort(502)) - XceiverServerRatis 21cd38f2-3152-4a7b-bfd6-5bc3f4c93f15 is started using port 41711 for RATIS_ADMIN
2022-10-28 11:28:49,230 [EndpointStateMachine task thread for /0.0.0.0:43219 - 0 ] INFO  ratis.XceiverServerRatis (XceiverServerRatis.java:getRealPort(502)) - XceiverServerRatis 21cd38f2-3152-4a7b-bfd6-5bc3f4c93f15 is started using port 41711 for RATIS_SERVER
2022-10-28 11:28:49,233 [EndpointStateMachine task thread for /0.0.0.0:43219 - 0 ] INFO  server.XceiverServerGrpc (XceiverServerGrpc.java:start(180)) - XceiverServerGrpc 21cd38f2-3152-4a7b-bfd6-5bc3f4c93f15 is started using port 35759
2022-10-28 11:28:49,540 [EndpointStateMachine task thread for /0.0.0.0:43219 - 0 ] INFO  volume.HddsVolume (HddsVolume.java:createDbStore(307)) - SchemaV3 db is created and loaded at /home/runner/work/ozone/ozone/hadoop-ozone/integration-test/target/test-dir/MiniOzoneClusterImpl-6ee34448-fbd8-4951-8ae1-d137d06ced7b/datanode-5/data-0/containers/hdds/6ee34448-fbd8-4951-8ae1-d137d06ced7b/DS-227c941b-238c-4c1e-a861-faae19b50b1c/container.db for volume DS-227c941b-238c-4c1e-a861-faae19b50b1c
2022-10-28 11:28:49,541 [EndpointStateMachine task thread for /0.0.0.0:43219 - 0 ] INFO  volume.HddsVolume (HddsVolume.java:closeDbStore(338)) - SchemaV3 db is stopped at /home/runner/work/ozone/ozone/hadoop-ozone/integration-test/target/test-dir/MiniOzoneClusterImpl-6ee34448-fbd8-4951-8ae1-d137d06ced7b/datanode-5/data-0/containers/hdds/6ee34448-fbd8-4951-8ae1-d137d06ced7b/DS-227c941b-238c-4c1e-a861-faae19b50b1c/container.db for volume DS-227c941b-238c-4c1e-a861-faae19b50b1c
2022-10-28 11:28:49,541 [EndpointStateMachine task thread for /0.0.0.0:43219 - 0 ] INFO  ozoneimpl.OzoneContainer (OzoneContainer.java:start(378)) - Attempting to start container services.
2022-10-28 11:28:49,541 [EndpointStateMachine task thread for /0.0.0.0:43219 - 0 ] INFO  ozoneimpl.OzoneContainer (OzoneContainer.java:startContainerScrub(313)) - Background container scanner has been disabled.
2022-10-28 11:28:49,544 [EndpointStateMachine task thread for /0.0.0.0:43219 - 0 ] INFO  replication.ReplicationServer (ReplicationServer.java:start(111)) - ReplicationServer is started using port 43103
2022-10-28 11:28:49,544 [EndpointStateMachine task thread for /0.0.0.0:43219 - 0 ] INFO  ratis.XceiverServerRatis (XceiverServerRatis.java:start(481)) - Starting XceiverServerRatis 9d921ae2-dac8-442e-8311-fdc102c02170
2022-10-28 11:28:49,544 [EndpointStateMachine task thread for /0.0.0.0:43219 - 0 ] INFO  server.RaftServer (RaftServerProxy.java:startImpl(393)) - 9d921ae2-dac8-442e-8311-fdc102c02170: start RPC server
2022-10-28 11:28:49,546 [EndpointStateMachine task thread for /0.0.0.0:43219 - 0 ] INFO  server.GrpcService (GrpcService.java:startImpl(270)) - 9d921ae2-dac8-442e-8311-fdc102c02170: GrpcService started, listening on 43349
2022-10-28 11:28:49,546 [EndpointStateMachine task thread for /0.0.0.0:43219 - 0 ] INFO  ratis.XceiverServerRatis (XceiverServerRatis.java:getRealPort(502)) - XceiverServerRatis 9d921ae2-dac8-442e-8311-fdc102c02170 is started using port 43349 for RATIS
2022-10-28 11:28:49,546 [EndpointStateMachine task thread for /0.0.0.0:43219 - 0 ] INFO  ratis.XceiverServerRatis (XceiverServerRatis.java:getRealPort(502)) - XceiverServerRatis 9d921ae2-dac8-442e-8311-fdc102c02170 is started using port 43349 for RATIS_ADMIN
2022-10-28 11:28:49,546 [JvmPauseMonitor6] INFO  util.JvmPauseMonitor (JvmPauseMonitor.java:run(105)) - JvmPauseMonitor-9d921ae2-dac8-442e-8311-fdc102c02170: Started
2022-10-28 11:28:49,546 [EndpointStateMachine task thread for /0.0.0.0:43219 - 0 ] INFO  ratis.XceiverServerRatis (XceiverServerRatis.java:getRealPort(502)) - XceiverServerRatis 9d921ae2-dac8-442e-8311-fdc102c02170 is started using port 43349 for RATIS_SERVER
2022-10-28 11:28:49,548 [EndpointStateMachine task thread for /0.0.0.0:43219 - 0 ] INFO  server.XceiverServerGrpc (XceiverServerGrpc.java:start(180)) - XceiverServerGrpc 9d921ae2-dac8-442e-8311-fdc102c02170 is started using port 36881
2022-10-28 11:28:49,733 [IPC Server handler 3 on default port 43219] INFO  net.NetworkTopologyImpl (NetworkTopologyImpl.java:add(112)) - Added a new node: /default-rack/0c9bf628-edfc-473a-824e-eb061e1afdb3
2022-10-28 11:28:49,734 [IPC Server handler 3 on default port 43219] INFO  node.SCMNodeManager (SCMNodeManager.java:register(397)) - Registered Data node : 0c9bf628-edfc-473a-824e-eb061e1afdb3{ip: 10.1.0.114, host: fv-az700-396.2bpskmoaobnu3eckqg1qau4u2h.cx.internal.cloudapp.net, ports: [REPLICATION=41411, RATIS=43977, RATIS_ADMIN=43977, RATIS_SERVER=43977, STANDALONE=38459], networkLocation: /default-rack, certSerialId: null, persistedOpState: null, persistedOpStateExpiryEpochSec: 0}
2022-10-28 11:28:49,737 [EventQueue-NewNodeForNewNodeHandler] INFO  pipeline.BackgroundPipelineCreator (BackgroundPipelineCreator.java:notifyEventTriggered(276)) - trigger a one-shot run on RatisPipelineUtilsThread.
2022-10-28 11:28:49,739 [EventQueue-NodeRegistrationContainerReportForDataNodeSafeModeRule] INFO  safemode.SCMSafeModeManager (DataNodeSafeModeRule.java:process(71)) - SCM in safe mode. 1 DataNodes registered, 3 required.
2022-10-28 11:28:49,740 [EventQueue-NodeRegistrationContainerReportForContainerSafeModeRule] INFO  safemode.SCMSafeModeManager (SCMSafeModeManager.java:validateSafeModeExitRules(204)) - ContainerSafeModeRule rule is successfully validated
2022-10-28 11:28:49,740 [EventQueue-PipelineReportForOneReplicaPipelineSafeModeRule] INFO  safemode.SCMSafeModeManager (SCMSafeModeManager.java:validateSafeModeExitRules(204)) - AtleastOneDatanodeReportedRule rule is successfully validated
2022-10-28 11:28:49,744 [RatisPipelineUtilsThread - 0] INFO  pipeline.RatisPipelineProvider (RatisPipelineProvider.java:lambda$create$0(195)) - Sending CreatePipelineCommand for pipeline:PipelineID=008773f4-d759-4a39-ad5a-ee41b3b0f527 to datanode:0c9bf628-edfc-473a-824e-eb061e1afdb3
2022-10-28 11:28:49,752 [RatisPipelineUtilsThread - 0] INFO  pipeline.PipelineStateManagerImpl (PipelineStateManagerImpl.java:addPipeline(103)) - Created pipeline Pipeline[ Id: 008773f4-d759-4a39-ad5a-ee41b3b0f527, Nodes: 0c9bf628-edfc-473a-824e-eb061e1afdb3{ip: 10.1.0.114, host: fv-az700-396.2bpskmoaobnu3eckqg1qau4u2h.cx.internal.cloudapp.net, ports: [REPLICATION=41411, RATIS=43977, RATIS_ADMIN=43977, RATIS_SERVER=43977, STANDALONE=38459], networkLocation: /default-rack, certSerialId: null, persistedOpState: IN_SERVICE, persistedOpStateExpiryEpochSec: 0}, ReplicationConfig: RATIS/ONE, State:ALLOCATED, leaderId:, CreationTimestamp2022-10-28T11:28:49.743Z[Etc/UTC]].
2022-10-28 11:28:49,878 [Listener at 127.0.0.1/42141] INFO  ozone.MiniOzoneClusterImpl (MiniOzoneClusterImpl.java:lambda$waitForClusterToBeReady$0(216)) - Waiting for nodes to be ready. Got 1 of 10 DN Heartbeats.
2022-10-28 11:28:49,878 [Listener at 127.0.0.1/42141] INFO  ozone.MiniOzoneClusterImpl (MiniOzoneClusterImpl.java:lambda$waitForClusterToBeReady$0(219)) - Waiting for cluster to exit safe mode
2022-10-28 11:28:49,878 [Listener at 127.0.0.1/42141] INFO  ozone.MiniOzoneClusterImpl (MiniOzoneClusterImpl.java:lambda$waitForClusterToBeReady$0(221)) - SCM became leader
2022-10-28 11:28:49,897 [EndpointStateMachine task thread for /0.0.0.0:43219 - 0 ] INFO  volume.HddsVolume (HddsVolume.java:createDbStore(307)) - SchemaV3 db is created and loaded at /home/runner/work/ozone/ozone/hadoop-ozone/integration-test/target/test-dir/MiniOzoneClusterImpl-6ee34448-fbd8-4951-8ae1-d137d06ced7b/datanode-6/data-0/containers/hdds/6ee34448-fbd8-4951-8ae1-d137d06ced7b/DS-5b77ab08-9864-4926-b922-d1b22dac2f42/container.db for volume DS-5b77ab08-9864-4926-b922-d1b22dac2f42
2022-10-28 11:28:49,899 [EndpointStateMachine task thread for /0.0.0.0:43219 - 0 ] INFO  volume.HddsVolume (HddsVolume.java:closeDbStore(338)) - SchemaV3 db is stopped at /home/runner/work/ozone/ozone/hadoop-ozone/integration-test/target/test-dir/MiniOzoneClusterImpl-6ee34448-fbd8-4951-8ae1-d137d06ced7b/datanode-6/data-0/containers/hdds/6ee34448-fbd8-4951-8ae1-d137d06ced7b/DS-5b77ab08-9864-4926-b922-d1b22dac2f42/container.db for volume DS-5b77ab08-9864-4926-b922-d1b22dac2f42
2022-10-28 11:28:49,899 [EndpointStateMachine task thread for /0.0.0.0:43219 - 0 ] INFO  ozoneimpl.OzoneContainer (OzoneContainer.java:start(378)) - Attempting to start container services.
2022-10-28 11:28:49,899 [EndpointStateMachine task thread for /0.0.0.0:43219 - 0 ] INFO  ozoneimpl.OzoneContainer (OzoneContainer.java:startContainerScrub(313)) - Background container scanner has been disabled.
2022-10-28 11:28:49,903 [EndpointStateMachine task thread for /0.0.0.0:43219 - 0 ] INFO  replication.ReplicationServer (ReplicationServer.java:start(111)) - ReplicationServer is started using port 38303
2022-10-28 11:28:49,903 [EndpointStateMachine task thread for /0.0.0.0:43219 - 0 ] INFO  ratis.XceiverServerRatis (XceiverServerRatis.java:start(481)) - Starting XceiverServerRatis d5dd9084-02e9-4cbc-a1b0-4846343450b9
2022-10-28 11:28:49,904 [EndpointStateMachine task thread for /0.0.0.0:43219 - 0 ] INFO  server.RaftServer (RaftServerProxy.java:startImpl(393)) - d5dd9084-02e9-4cbc-a1b0-4846343450b9: start RPC server
2022-10-28 11:28:49,905 [EndpointStateMachine task thread for /0.0.0.0:43219 - 0 ] INFO  server.GrpcService (GrpcService.java:startImpl(270)) - d5dd9084-02e9-4cbc-a1b0-4846343450b9: GrpcService started, listening on 34363
2022-10-28 11:28:49,905 [EndpointStateMachine task thread for /0.0.0.0:43219 - 0 ] INFO  ratis.XceiverServerRatis (XceiverServerRatis.java:getRealPort(502)) - XceiverServerRatis d5dd9084-02e9-4cbc-a1b0-4846343450b9 is started using port 34363 for RATIS
2022-10-28 11:28:49,905 [EndpointStateMachine task thread for /0.0.0.0:43219 - 0 ] INFO  ratis.XceiverServerRatis (XceiverServerRatis.java:getRealPort(502)) - XceiverServerRatis d5dd9084-02e9-4cbc-a1b0-4846343450b9 is started using port 34363 for RATIS_ADMIN
2022-10-28 11:28:49,905 [JvmPauseMonitor7] INFO  util.JvmPauseMonitor (JvmPauseMonitor.java:run(105)) - JvmPauseMonitor-d5dd9084-02e9-4cbc-a1b0-4846343450b9: Started
2022-10-28 11:28:49,905 [EndpointStateMachine task thread for /0.0.0.0:43219 - 0 ] INFO  ratis.XceiverServerRatis (XceiverServerRatis.java:getRealPort(502)) - XceiverServerRatis d5dd9084-02e9-4cbc-a1b0-4846343450b9 is started using port 34363 for RATIS_SERVER
2022-10-28 11:28:49,907 [EndpointStateMachine task thread for /0.0.0.0:43219 - 0 ] INFO  server.XceiverServerGrpc (XceiverServerGrpc.java:start(180)) - XceiverServerGrpc d5dd9084-02e9-4cbc-a1b0-4846343450b9 is started using port 42221
2022-10-28 11:28:50,178 [IPC Server handler 0 on default port 43219] INFO  net.NetworkTopologyImpl (NetworkTopologyImpl.java:add(112)) - Added a new node: /default-rack/1914ef14-e927-4aee-a78a-186b0a6a783b
2022-10-28 11:28:50,179 [IPC Server handler 0 on default port 43219] INFO  node.SCMNodeManager (SCMNodeManager.java:register(397)) - Registered Data node : 1914ef14-e927-4aee-a78a-186b0a6a783b{ip: 10.1.0.114, host: fv-az700-396.2bpskmoaobnu3eckqg1qau4u2h.cx.internal.cloudapp.net, ports: [REPLICATION=35893, RATIS=45645, RATIS_ADMIN=45645, RATIS_SERVER=45645, STANDALONE=45051], networkLocation: /default-rack, certSerialId: null, persistedOpState: null, persistedOpStateExpiryEpochSec: 0}
2022-10-28 11:28:50,179 [EventQueue-NewNodeForNewNodeHandler] INFO  pipeline.BackgroundPipelineCreator (BackgroundPipelineCreator.java:notifyEventTriggered(276)) - trigger a one-shot run on RatisPipelineUtilsThread.
2022-10-28 11:28:50,180 [EventQueue-NodeRegistrationContainerReportForDataNodeSafeModeRule] INFO  safemode.SCMSafeModeManager (DataNodeSafeModeRule.java:process(71)) - SCM in safe mode. 2 DataNodes registered, 3 required.
2022-10-28 11:28:50,180 [RatisPipelineUtilsThread - 0] INFO  pipeline.RatisPipelineProvider (RatisPipelineProvider.java:lambda$create$0(195)) - Sending CreatePipelineCommand for pipeline:PipelineID=5a3b75ed-3317-4e5a-8144-5fb5bb86da21 to datanode:1914ef14-e927-4aee-a78a-186b0a6a783b
2022-10-28 11:28:50,181 [RatisPipelineUtilsThread - 0] INFO  pipeline.PipelineStateManagerImpl (PipelineStateManagerImpl.java:addPipeline(103)) - Created pipeline Pipeline[ Id: 5a3b75ed-3317-4e5a-8144-5fb5bb86da21, Nodes: 1914ef14-e927-4aee-a78a-186b0a6a783b{ip: 10.1.0.114, host: fv-az700-396.2bpskmoaobnu3eckqg1qau4u2h.cx.internal.cloudapp.net, ports: [REPLICATION=35893, RATIS=45645, RATIS_ADMIN=45645, RATIS_SERVER=45645, STANDALONE=45051], networkLocation: /default-rack, certSerialId: null, persistedOpState: IN_SERVICE, persistedOpStateExpiryEpochSec: 0}, ReplicationConfig: RATIS/ONE, State:ALLOCATED, leaderId:, CreationTimestamp2022-10-28T11:28:50.180Z[Etc/UTC]].
2022-10-28 11:28:50,258 [EndpointStateMachine task thread for /0.0.0.0:43219 - 0 ] INFO  volume.HddsVolume (HddsVolume.java:createDbStore(307)) - SchemaV3 db is created and loaded at /home/runner/work/ozone/ozone/hadoop-ozone/integration-test/target/test-dir/MiniOzoneClusterImpl-6ee34448-fbd8-4951-8ae1-d137d06ced7b/datanode-7/data-0/containers/hdds/6ee34448-fbd8-4951-8ae1-d137d06ced7b/DS-7b449469-7619-41dd-b664-4254ecddb59c/container.db for volume DS-7b449469-7619-41dd-b664-4254ecddb59c
2022-10-28 11:28:50,258 [EndpointStateMachine task thread for /0.0.0.0:43219 - 0 ] INFO  volume.HddsVolume (HddsVolume.java:closeDbStore(338)) - SchemaV3 db is stopped at /home/runner/work/ozone/ozone/hadoop-ozone/integration-test/target/test-dir/MiniOzoneClusterImpl-6ee34448-fbd8-4951-8ae1-d137d06ced7b/datanode-7/data-0/containers/hdds/6ee34448-fbd8-4951-8ae1-d137d06ced7b/DS-7b449469-7619-41dd-b664-4254ecddb59c/container.db for volume DS-7b449469-7619-41dd-b664-4254ecddb59c
2022-10-28 11:28:50,258 [EndpointStateMachine task thread for /0.0.0.0:43219 - 0 ] INFO  ozoneimpl.OzoneContainer (OzoneContainer.java:start(378)) - Attempting to start container services.
2022-10-28 11:28:50,259 [EndpointStateMachine task thread for /0.0.0.0:43219 - 0 ] INFO  ozoneimpl.OzoneContainer (OzoneContainer.java:startContainerScrub(313)) - Background container scanner has been disabled.
2022-10-28 11:28:50,260 [EndpointStateMachine task thread for /0.0.0.0:43219 - 0 ] INFO  replication.ReplicationServer (ReplicationServer.java:start(111)) - ReplicationServer is started using port 42883
2022-10-28 11:28:50,260 [EndpointStateMachine task thread for /0.0.0.0:43219 - 0 ] INFO  ratis.XceiverServerRatis (XceiverServerRatis.java:start(481)) - Starting XceiverServerRatis 5d13066c-11e5-40aa-be9d-008405bad973
2022-10-28 11:28:50,261 [EndpointStateMachine task thread for /0.0.0.0:43219 - 0 ] INFO  server.RaftServer (RaftServerProxy.java:startImpl(393)) - 5d13066c-11e5-40aa-be9d-008405bad973: start RPC server
2022-10-28 11:28:50,264 [EndpointStateMachine task thread for /0.0.0.0:43219 - 0 ] INFO  server.GrpcService (GrpcService.java:startImpl(270)) - 5d13066c-11e5-40aa-be9d-008405bad973: GrpcService started, listening on 35651
2022-10-28 11:28:50,264 [EndpointStateMachine task thread for /0.0.0.0:43219 - 0 ] INFO  ratis.XceiverServerRatis (XceiverServerRatis.java:getRealPort(502)) - XceiverServerRatis 5d13066c-11e5-40aa-be9d-008405bad973 is started using port 35651 for RATIS
2022-10-28 11:28:50,264 [JvmPauseMonitor8] INFO  util.JvmPauseMonitor (JvmPauseMonitor.java:run(105)) - JvmPauseMonitor-5d13066c-11e5-40aa-be9d-008405bad973: Started
2022-10-28 11:28:50,264 [EndpointStateMachine task thread for /0.0.0.0:43219 - 0 ] INFO  ratis.XceiverServerRatis (XceiverServerRatis.java:getRealPort(502)) - XceiverServerRatis 5d13066c-11e5-40aa-be9d-008405bad973 is started using port 35651 for RATIS_ADMIN
2022-10-28 11:28:50,265 [EndpointStateMachine task thread for /0.0.0.0:43219 - 0 ] INFO  ratis.XceiverServerRatis (XceiverServerRatis.java:getRealPort(502)) - XceiverServerRatis 5d13066c-11e5-40aa-be9d-008405bad973 is started using port 35651 for RATIS_SERVER
2022-10-28 11:28:50,267 [EndpointStateMachine task thread for /0.0.0.0:43219 - 0 ] INFO  server.XceiverServerGrpc (XceiverServerGrpc.java:start(180)) - XceiverServerGrpc 5d13066c-11e5-40aa-be9d-008405bad973 is started using port 36655
2022-10-28 11:28:50,580 [IPC Server handler 4 on default port 43219] INFO  net.NetworkTopologyImpl (NetworkTopologyImpl.java:add(112)) - Added a new node: /default-rack/4117c80f-d61a-41ff-a958-d6b4139221af
2022-10-28 11:28:50,580 [IPC Server handler 4 on default port 43219] INFO  node.SCMNodeManager (SCMNodeManager.java:register(397)) - Registered Data node : 4117c80f-d61a-41ff-a958-d6b4139221af{ip: 10.1.0.114, host: fv-az700-396.2bpskmoaobnu3eckqg1qau4u2h.cx.internal.cloudapp.net, ports: [REPLICATION=35693, RATIS=40159, RATIS_ADMIN=40159, RATIS_SERVER=40159, STANDALONE=37773], networkLocation: /default-rack, certSerialId: null, persistedOpState: null, persistedOpStateExpiryEpochSec: 0}
2022-10-28 11:28:50,581 [EventQueue-NewNodeForNewNodeHandler] INFO  pipeline.BackgroundPipelineCreator (BackgroundPipelineCreator.java:notifyEventTriggered(276)) - trigger a one-shot run on RatisPipelineUtilsThread.
2022-10-28 11:28:50,581 [RatisPipelineUtilsThread - 0] INFO  pipeline.RatisPipelineProvider (RatisPipelineProvider.java:lambda$create$0(195)) - Sending CreatePipelineCommand for pipeline:PipelineID=7b01257f-0d37-4381-8f6a-ddfa6f1f1f28 to datanode:4117c80f-d61a-41ff-a958-d6b4139221af
2022-10-28 11:28:50,581 [EventQueue-NodeRegistrationContainerReportForDataNodeSafeModeRule] INFO  safemode.SCMSafeModeManager (DataNodeSafeModeRule.java:process(71)) - SCM in safe mode. 3 DataNodes registered, 3 required.
2022-10-28 11:28:50,581 [EventQueue-NodeRegistrationContainerReportForDataNodeSafeModeRule] INFO  safemode.SCMSafeModeManager (SCMSafeModeManager.java:validateSafeModeExitRules(204)) - DataNodeSafeModeRule rule is successfully validated
2022-10-28 11:28:50,581 [EventQueue-NodeRegistrationContainerReportForDataNodeSafeModeRule] INFO  safemode.SCMSafeModeManager (SCMSafeModeManager.java:completePreCheck(233)) - All SCM safe mode pre check rules have passed
2022-10-28 11:28:50,581 [EventQueue-NodeRegistrationContainerReportForDataNodeSafeModeRule] WARN  events.EventQueue (EventQueue.java:fireEvent(216)) - No event handler registered for event TypedEvent{payloadType=SafeModeStatus, name='Safe mode status'}
2022-10-28 11:28:50,581 [EventQueue-NodeRegistrationContainerReportForDataNodeSafeModeRule] INFO  ha.SCMContext (SCMContext.java:updateSafeModeStatus(228)) - Update SafeModeStatus from SafeModeStatus{safeModeStatus=true, preCheckPassed=false} to SafeModeStatus{safeModeStatus=true, preCheckPassed=true}.
2022-10-28 11:28:50,581 [EventQueue-NodeRegistrationContainerReportForDataNodeSafeModeRule] INFO  pipeline.BackgroundPipelineCreator (BackgroundPipelineCreator.java:notifyEventTriggered(276)) - trigger a one-shot run on RatisPipelineUtilsThread.
2022-10-28 11:28:50,582 [RatisPipelineUtilsThread - 0] INFO  pipeline.PipelineStateManagerImpl (PipelineStateManagerImpl.java:addPipeline(103)) - Created pipeline Pipeline[ Id: 7b01257f-0d37-4381-8f6a-ddfa6f1f1f28, Nodes: 4117c80f-d61a-41ff-a958-d6b4139221af{ip: 10.1.0.114, host: fv-az700-396.2bpskmoaobnu3eckqg1qau4u2h.cx.internal.cloudapp.net, ports: [REPLICATION=35693, RATIS=40159, RATIS_ADMIN=40159, RATIS_SERVER=40159, STANDALONE=37773], networkLocation: /default-rack, certSerialId: null, persistedOpState: IN_SERVICE, persistedOpStateExpiryEpochSec: 0}, ReplicationConfig: RATIS/ONE, State:ALLOCATED, leaderId:, CreationTimestamp2022-10-28T11:28:50.581Z[Etc/UTC]].
2022-10-28 11:28:50,585 [RatisPipelineUtilsThread - 0] INFO  pipeline.RatisPipelineProvider (RatisPipelineProvider.java:lambda$create$0(195)) - Sending CreatePipelineCommand for pipeline:PipelineID=7b572f3d-fa43-4e84-bbda-6edc1bdbc3ea to datanode:1914ef14-e927-4aee-a78a-186b0a6a783b
2022-10-28 11:28:50,585 [RatisPipelineUtilsThread - 0] INFO  pipeline.RatisPipelineProvider (RatisPipelineProvider.java:lambda$create$0(195)) - Sending CreatePipelineCommand for pipeline:PipelineID=7b572f3d-fa43-4e84-bbda-6edc1bdbc3ea to datanode:4117c80f-d61a-41ff-a958-d6b4139221af
2022-10-28 11:28:50,585 [RatisPipelineUtilsThread - 0] INFO  pipeline.RatisPipelineProvider (RatisPipelineProvider.java:lambda$create$0(195)) - Sending CreatePipelineCommand for pipeline:PipelineID=7b572f3d-fa43-4e84-bbda-6edc1bdbc3ea to datanode:0c9bf628-edfc-473a-824e-eb061e1afdb3
2022-10-28 11:28:50,586 [RatisPipelineUtilsThread - 0] INFO  pipeline.PipelineStateManagerImpl (PipelineStateManagerImpl.java:addPipeline(103)) - Created pipeline Pipeline[ Id: 7b572f3d-fa43-4e84-bbda-6edc1bdbc3ea, Nodes: 1914ef14-e927-4aee-a78a-186b0a6a783b{ip: 10.1.0.114, host: fv-az700-396.2bpskmoaobnu3eckqg1qau4u2h.cx.internal.cloudapp.net, ports: [REPLICATION=35893, RATIS=45645, RATIS_ADMIN=45645, RATIS_SERVER=45645, STANDALONE=45051], networkLocation: /default-rack, certSerialId: null, persistedOpState: IN_SERVICE, persistedOpStateExpiryEpochSec: 0}4117c80f-d61a-41ff-a958-d6b4139221af{ip: 10.1.0.114, host: fv-az700-396.2bpskmoaobnu3eckqg1qau4u2h.cx.internal.cloudapp.net, ports: [REPLICATION=35693, RATIS=40159, RATIS_ADMIN=40159, RATIS_SERVER=40159, STANDALONE=37773], networkLocation: /default-rack, certSerialId: null, persistedOpState: IN_SERVICE, persistedOpStateExpiryEpochSec: 0}0c9bf628-edfc-473a-824e-eb061e1afdb3{ip: 10.1.0.114, host: fv-az700-396.2bpskmoaobnu3eckqg1qau4u2h.cx.internal.cloudapp.net, ports: [REPLICATION=41411, RATIS=43977, RATIS_ADMIN=43977, RATIS_SERVER=43977, STANDALONE=38459], networkLocation: /default-rack, certSerialId: null, persistedOpState: IN_SERVICE, persistedOpStateExpiryEpochSec: 0}, ReplicationConfig: RATIS/THREE, State:ALLOCATED, leaderId:, CreationTimestamp2022-10-28T11:28:50.585Z[Etc/UTC]].
2022-10-28 11:28:50,587 [RatisPipelineUtilsThread - 0] INFO  pipeline.RatisPipelineProvider (RatisPipelineProvider.java:lambda$create$0(195)) - Sending CreatePipelineCommand for pipeline:PipelineID=a4cea835-1fa5-4d69-8b7a-b457e25cd9b9 to datanode:4117c80f-d61a-41ff-a958-d6b4139221af
2022-10-28 11:28:50,587 [RatisPipelineUtilsThread - 0] INFO  pipeline.RatisPipelineProvider (RatisPipelineProvider.java:lambda$create$0(195)) - Sending CreatePipelineCommand for pipeline:PipelineID=a4cea835-1fa5-4d69-8b7a-b457e25cd9b9 to datanode:0c9bf628-edfc-473a-824e-eb061e1afdb3
2022-10-28 11:28:50,587 [RatisPipelineUtilsThread - 0] INFO  pipeline.RatisPipelineProvider (RatisPipelineProvider.java:lambda$create$0(195)) - Sending CreatePipelineCommand for pipeline:PipelineID=a4cea835-1fa5-4d69-8b7a-b457e25cd9b9 to datanode:1914ef14-e927-4aee-a78a-186b0a6a783b
2022-10-28 11:28:50,588 [RatisPipelineUtilsThread - 0] INFO  pipeline.PipelineStateManagerImpl (PipelineStateManagerImpl.java:addPipeline(103)) - Created pipeline Pipeline[ Id: a4cea835-1fa5-4d69-8b7a-b457e25cd9b9, Nodes: 4117c80f-d61a-41ff-a958-d6b4139221af{ip: 10.1.0.114, host: fv-az700-396.2bpskmoaobnu3eckqg1qau4u2h.cx.internal.cloudapp.net, ports: [REPLICATION=35693, RATIS=40159, RATIS_ADMIN=40159, RATIS_SERVER=40159, STANDALONE=37773], networkLocation: /default-rack, certSerialId: null, persistedOpState: IN_SERVICE, persistedOpStateExpiryEpochSec: 0}0c9bf628-edfc-473a-824e-eb061e1afdb3{ip: 10.1.0.114, host: fv-az700-396.2bpskmoaobnu3eckqg1qau4u2h.cx.internal.cloudapp.net, ports: [REPLICATION=41411, RATIS=43977, RATIS_ADMIN=43977, RATIS_SERVER=43977, STANDALONE=38459], networkLocation: /default-rack, certSerialId: null, persistedOpState: IN_SERVICE, persistedOpStateExpiryEpochSec: 0}1914ef14-e927-4aee-a78a-186b0a6a783b{ip: 10.1.0.114, host: fv-az700-396.2bpskmoaobnu3eckqg1qau4u2h.cx.internal.cloudapp.net, ports: [REPLICATION=35893, RATIS=45645, RATIS_ADMIN=45645, RATIS_SERVER=45645, STANDALONE=45051], networkLocation: /default-rack, certSerialId: null, persistedOpState: IN_SERVICE, persistedOpStateExpiryEpochSec: 0}, ReplicationConfig: RATIS/THREE, State:ALLOCATED, leaderId:, CreationTimestamp2022-10-28T11:28:50.587Z[Etc/UTC]].
2022-10-28 11:28:50,588 [RatisPipelineUtilsThread - 0] INFO  pipeline.PipelineManagerImpl (PipelineManagerImpl.java:recordMetricsForPipeline(826)) - Pipeline: PipelineID=a4cea835-1fa5-4d69-8b7a-b457e25cd9b9 contains same datanodes as previous pipelines: PipelineID=7b572f3d-fa43-4e84-bbda-6edc1bdbc3ea nodeIds: 4117c80f-d61a-41ff-a958-d6b4139221af, 0c9bf628-edfc-473a-824e-eb061e1afdb3, 1914ef14-e927-4aee-a78a-186b0a6a783b
2022-10-28 11:28:50,598 [EndpointStateMachine task thread for /0.0.0.0:43219 - 0 ] INFO  volume.HddsVolume (HddsVolume.java:createDbStore(307)) - SchemaV3 db is created and loaded at /home/runner/work/ozone/ozone/hadoop-ozone/integration-test/target/test-dir/MiniOzoneClusterImpl-6ee34448-fbd8-4951-8ae1-d137d06ced7b/datanode-8/data-0/containers/hdds/6ee34448-fbd8-4951-8ae1-d137d06ced7b/DS-530e44f8-6bf4-48c4-a31c-ec31f7704af6/container.db for volume DS-530e44f8-6bf4-48c4-a31c-ec31f7704af6
2022-10-28 11:28:50,599 [EndpointStateMachine task thread for /0.0.0.0:43219 - 0 ] INFO  volume.HddsVolume (HddsVolume.java:closeDbStore(338)) - SchemaV3 db is stopped at /home/runner/work/ozone/ozone/hadoop-ozone/integration-test/target/test-dir/MiniOzoneClusterImpl-6ee34448-fbd8-4951-8ae1-d137d06ced7b/datanode-8/data-0/containers/hdds/6ee34448-fbd8-4951-8ae1-d137d06ced7b/DS-530e44f8-6bf4-48c4-a31c-ec31f7704af6/container.db for volume DS-530e44f8-6bf4-48c4-a31c-ec31f7704af6
2022-10-28 11:28:50,599 [EndpointStateMachine task thread for /0.0.0.0:43219 - 0 ] INFO  ozoneimpl.OzoneContainer (OzoneContainer.java:start(378)) - Attempting to start container services.
2022-10-28 11:28:50,599 [EndpointStateMachine task thread for /0.0.0.0:43219 - 0 ] INFO  ozoneimpl.OzoneContainer (OzoneContainer.java:startContainerScrub(313)) - Background container scanner has been disabled.
2022-10-28 11:28:50,600 [EndpointStateMachine task thread for /0.0.0.0:43219 - 0 ] INFO  replication.ReplicationServer (ReplicationServer.java:start(111)) - ReplicationServer is started using port 33197
2022-10-28 11:28:50,600 [EndpointStateMachine task thread for /0.0.0.0:43219 - 0 ] INFO  ratis.XceiverServerRatis (XceiverServerRatis.java:start(481)) - Starting XceiverServerRatis 7b6afef0-558a-4ad8-bcfc-b2255c7aee53
2022-10-28 11:28:50,605 [EndpointStateMachine task thread for /0.0.0.0:43219 - 0 ] INFO  server.RaftServer (RaftServerProxy.java:startImpl(393)) - 7b6afef0-558a-4ad8-bcfc-b2255c7aee53: start RPC server
2022-10-28 11:28:50,606 [EndpointStateMachine task thread for /0.0.0.0:43219 - 0 ] INFO  server.GrpcService (GrpcService.java:startImpl(270)) - 7b6afef0-558a-4ad8-bcfc-b2255c7aee53: GrpcService started, listening on 46219
2022-10-28 11:28:50,606 [EndpointStateMachine task thread for /0.0.0.0:43219 - 0 ] INFO  ratis.XceiverServerRatis (XceiverServerRatis.java:getRealPort(502)) - XceiverServerRatis 7b6afef0-558a-4ad8-bcfc-b2255c7aee53 is started using port 46219 for RATIS
2022-10-28 11:28:50,606 [EndpointStateMachine task thread for /0.0.0.0:43219 - 0 ] INFO  ratis.XceiverServerRatis (XceiverServerRatis.java:getRealPort(502)) - XceiverServerRatis 7b6afef0-558a-4ad8-bcfc-b2255c7aee53 is started using port 46219 for RATIS_ADMIN
2022-10-28 11:28:50,606 [EndpointStateMachine task thread for /0.0.0.0:43219 - 0 ] INFO  ratis.XceiverServerRatis (XceiverServerRatis.java:getRealPort(502)) - XceiverServerRatis 7b6afef0-558a-4ad8-bcfc-b2255c7aee53 is started using port 46219 for RATIS_SERVER
2022-10-28 11:28:50,607 [JvmPauseMonitor9] INFO  util.JvmPauseMonitor (JvmPauseMonitor.java:run(105)) - JvmPauseMonitor-7b6afef0-558a-4ad8-bcfc-b2255c7aee53: Started
2022-10-28 11:28:50,608 [EndpointStateMachine task thread for /0.0.0.0:43219 - 0 ] INFO  server.XceiverServerGrpc (XceiverServerGrpc.java:start(180)) - XceiverServerGrpc 7b6afef0-558a-4ad8-bcfc-b2255c7aee53 is started using port 34013
2022-10-28 11:28:50,878 [Listener at 127.0.0.1/42141] INFO  ozone.MiniOzoneClusterImpl (MiniOzoneClusterImpl.java:lambda$waitForClusterToBeReady$0(216)) - Waiting for nodes to be ready. Got 3 of 10 DN Heartbeats.
2022-10-28 11:28:50,878 [Listener at 127.0.0.1/42141] INFO  ozone.MiniOzoneClusterImpl (MiniOzoneClusterImpl.java:lambda$waitForClusterToBeReady$0(219)) - Waiting for cluster to exit safe mode
2022-10-28 11:28:50,879 [Listener at 127.0.0.1/42141] INFO  ozone.MiniOzoneClusterImpl (MiniOzoneClusterImpl.java:lambda$waitForClusterToBeReady$0(221)) - SCM became leader
2022-10-28 11:28:50,909 [EndpointStateMachine task thread for /0.0.0.0:43219 - 0 ] INFO  volume.HddsVolume (HddsVolume.java:createDbStore(307)) - SchemaV3 db is created and loaded at /home/runner/work/ozone/ozone/hadoop-ozone/integration-test/target/test-dir/MiniOzoneClusterImpl-6ee34448-fbd8-4951-8ae1-d137d06ced7b/datanode-9/data-0/containers/hdds/6ee34448-fbd8-4951-8ae1-d137d06ced7b/DS-53a2f5de-e6ba-444d-a6a8-2cc5fbc29bc9/container.db for volume DS-53a2f5de-e6ba-444d-a6a8-2cc5fbc29bc9
2022-10-28 11:28:50,910 [IPC Server handler 6 on default port 43219] INFO  net.NetworkTopologyImpl (NetworkTopologyImpl.java:add(112)) - Added a new node: /default-rack/aa3e6641-ac34-45f8-85b4-6614ff527932
2022-10-28 11:28:50,910 [IPC Server handler 6 on default port 43219] INFO  node.SCMNodeManager (SCMNodeManager.java:register(397)) - Registered Data node : aa3e6641-ac34-45f8-85b4-6614ff527932{ip: 10.1.0.114, host: fv-az700-396.2bpskmoaobnu3eckqg1qau4u2h.cx.internal.cloudapp.net, ports: [REPLICATION=45831, RATIS=40629, RATIS_ADMIN=40629, RATIS_SERVER=40629, STANDALONE=33397], networkLocation: /default-rack, certSerialId: null, persistedOpState: null, persistedOpStateExpiryEpochSec: 0}
2022-10-28 11:28:50,910 [EndpointStateMachine task thread for /0.0.0.0:43219 - 0 ] INFO  volume.HddsVolume (HddsVolume.java:closeDbStore(338)) - SchemaV3 db is stopped at /home/runner/work/ozone/ozone/hadoop-ozone/integration-test/target/test-dir/MiniOzoneClusterImpl-6ee34448-fbd8-4951-8ae1-d137d06ced7b/datanode-9/data-0/containers/hdds/6ee34448-fbd8-4951-8ae1-d137d06ced7b/DS-53a2f5de-e6ba-444d-a6a8-2cc5fbc29bc9/container.db for volume DS-53a2f5de-e6ba-444d-a6a8-2cc5fbc29bc9
2022-10-28 11:28:50,910 [EndpointStateMachine task thread for /0.0.0.0:43219 - 0 ] INFO  ozoneimpl.OzoneContainer (OzoneContainer.java:start(378)) - Attempting to start container services.
2022-10-28 11:28:50,910 [EndpointStateMachine task thread for /0.0.0.0:43219 - 0 ] INFO  ozoneimpl.OzoneContainer (OzoneContainer.java:startContainerScrub(313)) - Background container scanner has been disabled.
2022-10-28 11:28:50,911 [EventQueue-NewNodeForNewNodeHandler] INFO  pipeline.BackgroundPipelineCreator (BackgroundPipelineCreator.java:notifyEventTriggered(276)) - trigger a one-shot run on RatisPipelineUtilsThread.
2022-10-28 11:28:50,911 [RatisPipelineUtilsThread - 0] INFO  pipeline.RatisPipelineProvider (RatisPipelineProvider.java:lambda$create$0(195)) - Sending CreatePipelineCommand for pipeline:PipelineID=5c3a30ba-4718-43ec-8bb2-3b672fdc1826 to datanode:aa3e6641-ac34-45f8-85b4-6614ff527932
2022-10-28 11:28:50,912 [RatisPipelineUtilsThread - 0] INFO  pipeline.PipelineStateManagerImpl (PipelineStateManagerImpl.java:addPipeline(103)) - Created pipeline Pipeline[ Id: 5c3a30ba-4718-43ec-8bb2-3b672fdc1826, Nodes: aa3e6641-ac34-45f8-85b4-6614ff527932{ip: 10.1.0.114, host: fv-az700-396.2bpskmoaobnu3eckqg1qau4u2h.cx.internal.cloudapp.net, ports: [REPLICATION=45831, RATIS=40629, RATIS_ADMIN=40629, RATIS_SERVER=40629, STANDALONE=33397], networkLocation: /default-rack, certSerialId: null, persistedOpState: IN_SERVICE, persistedOpStateExpiryEpochSec: 0}, ReplicationConfig: RATIS/ONE, State:ALLOCATED, leaderId:, CreationTimestamp2022-10-28T11:28:50.911Z[Etc/UTC]].
2022-10-28 11:28:50,913 [EndpointStateMachine task thread for /0.0.0.0:43219 - 0 ] INFO  replication.ReplicationServer (ReplicationServer.java:start(111)) - ReplicationServer is started using port 42429
2022-10-28 11:28:50,913 [EndpointStateMachine task thread for /0.0.0.0:43219 - 0 ] INFO  ratis.XceiverServerRatis (XceiverServerRatis.java:start(481)) - Starting XceiverServerRatis af2ba7b3-e3cd-4616-bfee-e743369bcf5a
2022-10-28 11:28:50,914 [EndpointStateMachine task thread for /0.0.0.0:43219 - 0 ] INFO  server.RaftServer (RaftServerProxy.java:startImpl(393)) - af2ba7b3-e3cd-4616-bfee-e743369bcf5a: start RPC server
2022-10-28 11:28:50,914 [EndpointStateMachine task thread for /0.0.0.0:43219 - 0 ] INFO  server.GrpcService (GrpcService.java:startImpl(270)) - af2ba7b3-e3cd-4616-bfee-e743369bcf5a: GrpcService started, listening on 38029
2022-10-28 11:28:50,915 [EndpointStateMachine task thread for /0.0.0.0:43219 - 0 ] INFO  ratis.XceiverServerRatis (XceiverServerRatis.java:getRealPort(502)) - XceiverServerRatis af2ba7b3-e3cd-4616-bfee-e743369bcf5a is started using port 38029 for RATIS
2022-10-28 11:28:50,915 [EndpointStateMachine task thread for /0.0.0.0:43219 - 0 ] INFO  ratis.XceiverServerRatis (XceiverServerRatis.java:getRealPort(502)) - XceiverServerRatis af2ba7b3-e3cd-4616-bfee-e743369bcf5a is started using port 38029 for RATIS_ADMIN
2022-10-28 11:28:50,915 [JvmPauseMonitor10] INFO  util.JvmPauseMonitor (JvmPauseMonitor.java:run(105)) - JvmPauseMonitor-af2ba7b3-e3cd-4616-bfee-e743369bcf5a: Started
2022-10-28 11:28:50,915 [EndpointStateMachine task thread for /0.0.0.0:43219 - 0 ] INFO  ratis.XceiverServerRatis (XceiverServerRatis.java:getRealPort(502)) - XceiverServerRatis af2ba7b3-e3cd-4616-bfee-e743369bcf5a is started using port 38029 for RATIS_SERVER
2022-10-28 11:28:50,916 [EndpointStateMachine task thread for /0.0.0.0:43219 - 0 ] INFO  server.XceiverServerGrpc (XceiverServerGrpc.java:start(180)) - XceiverServerGrpc af2ba7b3-e3cd-4616-bfee-e743369bcf5a is started using port 35567
2022-10-28 11:28:51,204 [IPC Server handler 2 on default port 43219] INFO  net.NetworkTopologyImpl (NetworkTopologyImpl.java:add(112)) - Added a new node: /default-rack/21cd38f2-3152-4a7b-bfd6-5bc3f4c93f15
2022-10-28 11:28:51,204 [IPC Server handler 2 on default port 43219] INFO  node.SCMNodeManager (SCMNodeManager.java:register(397)) - Registered Data node : 21cd38f2-3152-4a7b-bfd6-5bc3f4c93f15{ip: 10.1.0.114, host: fv-az700-396.2bpskmoaobnu3eckqg1qau4u2h.cx.internal.cloudapp.net, ports: [REPLICATION=34383, RATIS=41711, RATIS_ADMIN=41711, RATIS_SERVER=41711, STANDALONE=35759], networkLocation: /default-rack, certSerialId: null, persistedOpState: null, persistedOpStateExpiryEpochSec: 0}
2022-10-28 11:28:51,204 [EventQueue-NewNodeForNewNodeHandler] INFO  pipeline.BackgroundPipelineCreator (BackgroundPipelineCreator.java:notifyEventTriggered(276)) - trigger a one-shot run on RatisPipelineUtilsThread.
2022-10-28 11:28:51,205 [RatisPipelineUtilsThread - 0] INFO  pipeline.RatisPipelineProvider (RatisPipelineProvider.java:lambda$create$0(195)) - Sending CreatePipelineCommand for pipeline:PipelineID=7952a272-1332-426a-ac49-2331ffa763ef to datanode:21cd38f2-3152-4a7b-bfd6-5bc3f4c93f15
2022-10-28 11:28:51,205 [RatisPipelineUtilsThread - 0] INFO  pipeline.PipelineStateManagerImpl (PipelineStateManagerImpl.java:addPipeline(103)) - Created pipeline Pipeline[ Id: 7952a272-1332-426a-ac49-2331ffa763ef, Nodes: 21cd38f2-3152-4a7b-bfd6-5bc3f4c93f15{ip: 10.1.0.114, host: fv-az700-396.2bpskmoaobnu3eckqg1qau4u2h.cx.internal.cloudapp.net, ports: [REPLICATION=34383, RATIS=41711, RATIS_ADMIN=41711, RATIS_SERVER=41711, STANDALONE=35759], networkLocation: /default-rack, certSerialId: null, persistedOpState: IN_SERVICE, persistedOpStateExpiryEpochSec: 0}, ReplicationConfig: RATIS/ONE, State:ALLOCATED, leaderId:, CreationTimestamp2022-10-28T11:28:51.205Z[Etc/UTC]].
2022-10-28 11:28:51,519 [IPC Server handler 3 on default port 43219] INFO  net.NetworkTopologyImpl (NetworkTopologyImpl.java:add(112)) - Added a new node: /default-rack/9d921ae2-dac8-442e-8311-fdc102c02170
2022-10-28 11:28:51,520 [IPC Server handler 3 on default port 43219] INFO  node.SCMNodeManager (SCMNodeManager.java:register(397)) - Registered Data node : 9d921ae2-dac8-442e-8311-fdc102c02170{ip: 10.1.0.114, host: fv-az700-396.2bpskmoaobnu3eckqg1qau4u2h.cx.internal.cloudapp.net, ports: [REPLICATION=43103, RATIS=43349, RATIS_ADMIN=43349, RATIS_SERVER=43349, STANDALONE=36881], networkLocation: /default-rack, certSerialId: null, persistedOpState: null, persistedOpStateExpiryEpochSec: 0}
2022-10-28 11:28:51,520 [EventQueue-NewNodeForNewNodeHandler] INFO  pipeline.BackgroundPipelineCreator (BackgroundPipelineCreator.java:notifyEventTriggered(276)) - trigger a one-shot run on RatisPipelineUtilsThread.
2022-10-28 11:28:51,521 [RatisPipelineUtilsThread - 0] INFO  pipeline.RatisPipelineProvider (RatisPipelineProvider.java:lambda$create$0(195)) - Sending CreatePipelineCommand for pipeline:PipelineID=a1b7b223-9718-451d-b9da-6f4198d0503b to datanode:9d921ae2-dac8-442e-8311-fdc102c02170
2022-10-28 11:28:51,522 [RatisPipelineUtilsThread - 0] INFO  pipeline.PipelineStateManagerImpl (PipelineStateManagerImpl.java:addPipeline(103)) - Created pipeline Pipeline[ Id: a1b7b223-9718-451d-b9da-6f4198d0503b, Nodes: 9d921ae2-dac8-442e-8311-fdc102c02170{ip: 10.1.0.114, host: fv-az700-396.2bpskmoaobnu3eckqg1qau4u2h.cx.internal.cloudapp.net, ports: [REPLICATION=43103, RATIS=43349, RATIS_ADMIN=43349, RATIS_SERVER=43349, STANDALONE=36881], networkLocation: /default-rack, certSerialId: null, persistedOpState: IN_SERVICE, persistedOpStateExpiryEpochSec: 0}, ReplicationConfig: RATIS/ONE, State:ALLOCATED, leaderId:, CreationTimestamp2022-10-28T11:28:51.521Z[Etc/UTC]].
2022-10-28 11:28:51,522 [RatisPipelineUtilsThread - 0] INFO  pipeline.RatisPipelineProvider (RatisPipelineProvider.java:lambda$create$0(195)) - Sending CreatePipelineCommand for pipeline:PipelineID=02d31f94-5201-42fb-897c-728b1f2a2928 to datanode:21cd38f2-3152-4a7b-bfd6-5bc3f4c93f15
2022-10-28 11:28:51,522 [RatisPipelineUtilsThread - 0] INFO  pipeline.RatisPipelineProvider (RatisPipelineProvider.java:lambda$create$0(195)) - Sending CreatePipelineCommand for pipeline:PipelineID=02d31f94-5201-42fb-897c-728b1f2a2928 to datanode:9d921ae2-dac8-442e-8311-fdc102c02170
2022-10-28 11:28:51,522 [RatisPipelineUtilsThread - 0] INFO  pipeline.RatisPipelineProvider (RatisPipelineProvider.java:lambda$create$0(195)) - Sending CreatePipelineCommand for pipeline:PipelineID=02d31f94-5201-42fb-897c-728b1f2a2928 to datanode:aa3e6641-ac34-45f8-85b4-6614ff527932
2022-10-28 11:28:51,523 [RatisPipelineUtilsThread - 0] INFO  pipeline.PipelineStateManagerImpl (PipelineStateManagerImpl.java:addPipeline(103)) - Created pipeline Pipeline[ Id: 02d31f94-5201-42fb-897c-728b1f2a2928, Nodes: 21cd38f2-3152-4a7b-bfd6-5bc3f4c93f15{ip: 10.1.0.114, host: fv-az700-396.2bpskmoaobnu3eckqg1qau4u2h.cx.internal.cloudapp.net, ports: [REPLICATION=34383, RATIS=41711, RATIS_ADMIN=41711, RATIS_SERVER=41711, STANDALONE=35759], networkLocation: /default-rack, certSerialId: null, persistedOpState: IN_SERVICE, persistedOpStateExpiryEpochSec: 0}9d921ae2-dac8-442e-8311-fdc102c02170{ip: 10.1.0.114, host: fv-az700-396.2bpskmoaobnu3eckqg1qau4u2h.cx.internal.cloudapp.net, ports: [REPLICATION=43103, RATIS=43349, RATIS_ADMIN=43349, RATIS_SERVER=43349, STANDALONE=36881], networkLocation: /default-rack, certSerialId: null, persistedOpState: IN_SERVICE, persistedOpStateExpiryEpochSec: 0}aa3e6641-ac34-45f8-85b4-6614ff527932{ip: 10.1.0.114, host: fv-az700-396.2bpskmoaobnu3eckqg1qau4u2h.cx.internal.cloudapp.net, ports: [REPLICATION=45831, RATIS=40629, RATIS_ADMIN=40629, RATIS_SERVER=40629, STANDALONE=33397], networkLocation: /default-rack, certSerialId: null, persistedOpState: IN_SERVICE, persistedOpStateExpiryEpochSec: 0}, ReplicationConfig: RATIS/THREE, State:ALLOCATED, leaderId:, CreationTimestamp2022-10-28T11:28:51.522Z[Etc/UTC]].
2022-10-28 11:28:51,524 [RatisPipelineUtilsThread - 0] INFO  pipeline.RatisPipelineProvider (RatisPipelineProvider.java:lambda$create$0(195)) - Sending CreatePipelineCommand for pipeline:PipelineID=04d33758-9a0e-47b9-ab6d-ef2afb36fd63 to datanode:aa3e6641-ac34-45f8-85b4-6614ff527932
2022-10-28 11:28:51,524 [RatisPipelineUtilsThread - 0] INFO  pipeline.RatisPipelineProvider (RatisPipelineProvider.java:lambda$create$0(195)) - Sending CreatePipelineCommand for pipeline:PipelineID=04d33758-9a0e-47b9-ab6d-ef2afb36fd63 to datanode:9d921ae2-dac8-442e-8311-fdc102c02170
2022-10-28 11:28:51,524 [RatisPipelineUtilsThread - 0] INFO  pipeline.RatisPipelineProvider (RatisPipelineProvider.java:lambda$create$0(195)) - Sending CreatePipelineCommand for pipeline:PipelineID=04d33758-9a0e-47b9-ab6d-ef2afb36fd63 to datanode:21cd38f2-3152-4a7b-bfd6-5bc3f4c93f15
2022-10-28 11:28:51,525 [RatisPipelineUtilsThread - 0] INFO  pipeline.PipelineStateManagerImpl (PipelineStateManagerImpl.java:addPipeline(103)) - Created pipeline Pipeline[ Id: 04d33758-9a0e-47b9-ab6d-ef2afb36fd63, Nodes: aa3e6641-ac34-45f8-85b4-6614ff527932{ip: 10.1.0.114, host: fv-az700-396.2bpskmoaobnu3eckqg1qau4u2h.cx.internal.cloudapp.net, ports: [REPLICATION=45831, RATIS=40629, RATIS_ADMIN=40629, RATIS_SERVER=40629, STANDALONE=33397], networkLocation: /default-rack, certSerialId: null, persistedOpState: IN_SERVICE, persistedOpStateExpiryEpochSec: 0}9d921ae2-dac8-442e-8311-fdc102c02170{ip: 10.1.0.114, host: fv-az700-396.2bpskmoaobnu3eckqg1qau4u2h.cx.internal.cloudapp.net, ports: [REPLICATION=43103, RATIS=43349, RATIS_ADMIN=43349, RATIS_SERVER=43349, STANDALONE=36881], networkLocation: /default-rack, certSerialId: null, persistedOpState: IN_SERVICE, persistedOpStateExpiryEpochSec: 0}21cd38f2-3152-4a7b-bfd6-5bc3f4c93f15{ip: 10.1.0.114, host: fv-az700-396.2bpskmoaobnu3eckqg1qau4u2h.cx.internal.cloudapp.net, ports: [REPLICATION=34383, RATIS=41711, RATIS_ADMIN=41711, RATIS_SERVER=41711, STANDALONE=35759], networkLocation: /default-rack, certSerialId: null, persistedOpState: IN_SERVICE, persistedOpStateExpiryEpochSec: 0}, ReplicationConfig: RATIS/THREE, State:ALLOCATED, leaderId:, CreationTimestamp2022-10-28T11:28:51.524Z[Etc/UTC]].
2022-10-28 11:28:51,525 [RatisPipelineUtilsThread - 0] INFO  pipeline.PipelineManagerImpl (PipelineManagerImpl.java:recordMetricsForPipeline(826)) - Pipeline: PipelineID=04d33758-9a0e-47b9-ab6d-ef2afb36fd63 contains same datanodes as previous pipelines: PipelineID=02d31f94-5201-42fb-897c-728b1f2a2928 nodeIds: aa3e6641-ac34-45f8-85b4-6614ff527932, 9d921ae2-dac8-442e-8311-fdc102c02170, 21cd38f2-3152-4a7b-bfd6-5bc3f4c93f15
2022-10-28 11:28:51,879 [Listener at 127.0.0.1/42141] INFO  ozone.MiniOzoneClusterImpl (MiniOzoneClusterImpl.java:lambda$waitForClusterToBeReady$0(216)) - Waiting for nodes to be ready. Got 6 of 10 DN Heartbeats.
2022-10-28 11:28:51,880 [Listener at 127.0.0.1/42141] INFO  ozone.MiniOzoneClusterImpl (MiniOzoneClusterImpl.java:lambda$waitForClusterToBeReady$0(219)) - Waiting for cluster to exit safe mode
2022-10-28 11:28:51,880 [Listener at 127.0.0.1/42141] INFO  ozone.MiniOzoneClusterImpl (MiniOzoneClusterImpl.java:lambda$waitForClusterToBeReady$0(221)) - SCM became leader
2022-10-28 11:28:51,879 [IPC Server handler 6 on default port 43219] INFO  net.NetworkTopologyImpl (NetworkTopologyImpl.java:add(112)) - Added a new node: /default-rack/d5dd9084-02e9-4cbc-a1b0-4846343450b9
2022-10-28 11:28:51,880 [IPC Server handler 6 on default port 43219] INFO  node.SCMNodeManager (SCMNodeManager.java:register(397)) - Registered Data node : d5dd9084-02e9-4cbc-a1b0-4846343450b9{ip: 10.1.0.114, host: fv-az700-396.2bpskmoaobnu3eckqg1qau4u2h.cx.internal.cloudapp.net, ports: [REPLICATION=38303, RATIS=34363, RATIS_ADMIN=34363, RATIS_SERVER=34363, STANDALONE=42221], networkLocation: /default-rack, certSerialId: null, persistedOpState: null, persistedOpStateExpiryEpochSec: 0}
2022-10-28 11:28:51,880 [EventQueue-NewNodeForNewNodeHandler] INFO  pipeline.BackgroundPipelineCreator (BackgroundPipelineCreator.java:notifyEventTriggered(276)) - trigger a one-shot run on RatisPipelineUtilsThread.
2022-10-28 11:28:51,881 [RatisPipelineUtilsThread - 0] INFO  pipeline.RatisPipelineProvider (RatisPipelineProvider.java:lambda$create$0(195)) - Sending CreatePipelineCommand for pipeline:PipelineID=216df245-6cf7-4548-a702-d94b917aa4c5 to datanode:d5dd9084-02e9-4cbc-a1b0-4846343450b9
2022-10-28 11:28:51,881 [RatisPipelineUtilsThread - 0] INFO  pipeline.PipelineStateManagerImpl (PipelineStateManagerImpl.java:addPipeline(103)) - Created pipeline Pipeline[ Id: 216df245-6cf7-4548-a702-d94b917aa4c5, Nodes: d5dd9084-02e9-4cbc-a1b0-4846343450b9{ip: 10.1.0.114, host: fv-az700-396.2bpskmoaobnu3eckqg1qau4u2h.cx.internal.cloudapp.net, ports: [REPLICATION=38303, RATIS=34363, RATIS_ADMIN=34363, RATIS_SERVER=34363, STANDALONE=42221], networkLocation: /default-rack, certSerialId: null, persistedOpState: IN_SERVICE, persistedOpStateExpiryEpochSec: 0}, ReplicationConfig: RATIS/ONE, State:ALLOCATED, leaderId:, CreationTimestamp2022-10-28T11:28:51.881Z[Etc/UTC]].
2022-10-28 11:28:52,230 [IPC Server handler 3 on default port 43219] INFO  net.NetworkTopologyImpl (NetworkTopologyImpl.java:add(112)) - Added a new node: /default-rack/5d13066c-11e5-40aa-be9d-008405bad973
2022-10-28 11:28:52,230 [IPC Server handler 3 on default port 43219] INFO  node.SCMNodeManager (SCMNodeManager.java:register(397)) - Registered Data node : 5d13066c-11e5-40aa-be9d-008405bad973{ip: 10.1.0.114, host: fv-az700-396.2bpskmoaobnu3eckqg1qau4u2h.cx.internal.cloudapp.net, ports: [REPLICATION=42883, RATIS=35651, RATIS_ADMIN=35651, RATIS_SERVER=35651, STANDALONE=36655], networkLocation: /default-rack, certSerialId: null, persistedOpState: null, persistedOpStateExpiryEpochSec: 0}
2022-10-28 11:28:52,230 [EventQueue-NewNodeForNewNodeHandler] INFO  pipeline.BackgroundPipelineCreator (BackgroundPipelineCreator.java:notifyEventTriggered(276)) - trigger a one-shot run on RatisPipelineUtilsThread.
2022-10-28 11:28:52,231 [RatisPipelineUtilsThread - 0] INFO  pipeline.RatisPipelineProvider (RatisPipelineProvider.java:lambda$create$0(195)) - Sending CreatePipelineCommand for pipeline:PipelineID=0e484558-1e4e-4ed7-a87d-483be42729df to datanode:5d13066c-11e5-40aa-be9d-008405bad973
2022-10-28 11:28:52,232 [RatisPipelineUtilsThread - 0] INFO  pipeline.PipelineStateManagerImpl (PipelineStateManagerImpl.java:addPipeline(103)) - Created pipeline Pipeline[ Id: 0e484558-1e4e-4ed7-a87d-483be42729df, Nodes: 5d13066c-11e5-40aa-be9d-008405bad973{ip: 10.1.0.114, host: fv-az700-396.2bpskmoaobnu3eckqg1qau4u2h.cx.internal.cloudapp.net, ports: [REPLICATION=42883, RATIS=35651, RATIS_ADMIN=35651, RATIS_SERVER=35651, STANDALONE=36655], networkLocation: /default-rack, certSerialId: null, persistedOpState: IN_SERVICE, persistedOpStateExpiryEpochSec: 0}, ReplicationConfig: RATIS/ONE, State:ALLOCATED, leaderId:, CreationTimestamp2022-10-28T11:28:52.231Z[Etc/UTC]].
2022-10-28 11:28:52,568 [IPC Server handler 4 on default port 43219] INFO  net.NetworkTopologyImpl (NetworkTopologyImpl.java:add(112)) - Added a new node: /default-rack/7b6afef0-558a-4ad8-bcfc-b2255c7aee53
2022-10-28 11:28:52,568 [IPC Server handler 4 on default port 43219] INFO  node.SCMNodeManager (SCMNodeManager.java:register(397)) - Registered Data node : 7b6afef0-558a-4ad8-bcfc-b2255c7aee53{ip: 10.1.0.114, host: fv-az700-396.2bpskmoaobnu3eckqg1qau4u2h.cx.internal.cloudapp.net, ports: [REPLICATION=33197, RATIS=46219, RATIS_ADMIN=46219, RATIS_SERVER=46219, STANDALONE=34013], networkLocation: /default-rack, certSerialId: null, persistedOpState: null, persistedOpStateExpiryEpochSec: 0}
2022-10-28 11:28:52,568 [EventQueue-NewNodeForNewNodeHandler] INFO  pipeline.BackgroundPipelineCreator (BackgroundPipelineCreator.java:notifyEventTriggered(276)) - trigger a one-shot run on RatisPipelineUtilsThread.
2022-10-28 11:28:52,569 [RatisPipelineUtilsThread - 0] INFO  pipeline.RatisPipelineProvider (RatisPipelineProvider.java:lambda$create$0(195)) - Sending CreatePipelineCommand for pipeline:PipelineID=9464a134-479a-4e5a-9503-1a113f53dbaa to datanode:7b6afef0-558a-4ad8-bcfc-b2255c7aee53
2022-10-28 11:28:52,570 [RatisPipelineUtilsThread - 0] INFO  pipeline.PipelineStateManagerImpl (PipelineStateManagerImpl.java:addPipeline(103)) - Created pipeline Pipeline[ Id: 9464a134-479a-4e5a-9503-1a113f53dbaa, Nodes: 7b6afef0-558a-4ad8-bcfc-b2255c7aee53{ip: 10.1.0.114, host: fv-az700-396.2bpskmoaobnu3eckqg1qau4u2h.cx.internal.cloudapp.net, ports: [REPLICATION=33197, RATIS=46219, RATIS_ADMIN=46219, RATIS_SERVER=46219, STANDALONE=34013], networkLocation: /default-rack, certSerialId: null, persistedOpState: IN_SERVICE, persistedOpStateExpiryEpochSec: 0}, ReplicationConfig: RATIS/ONE, State:ALLOCATED, leaderId:, CreationTimestamp2022-10-28T11:28:52.569Z[Etc/UTC]].
2022-10-28 11:28:52,570 [RatisPipelineUtilsThread - 0] INFO  pipeline.RatisPipelineProvider (RatisPipelineProvider.java:lambda$create$0(195)) - Sending CreatePipelineCommand for pipeline:PipelineID=6874d656-b7b3-4fc2-8cf4-55e06b2f269b to datanode:d5dd9084-02e9-4cbc-a1b0-4846343450b9
2022-10-28 11:28:52,570 [RatisPipelineUtilsThread - 0] INFO  pipeline.RatisPipelineProvider (RatisPipelineProvider.java:lambda$create$0(195)) - Sending CreatePipelineCommand for pipeline:PipelineID=6874d656-b7b3-4fc2-8cf4-55e06b2f269b to datanode:7b6afef0-558a-4ad8-bcfc-b2255c7aee53
2022-10-28 11:28:52,570 [RatisPipelineUtilsThread - 0] INFO  pipeline.RatisPipelineProvider (RatisPipelineProvider.java:lambda$create$0(195)) - Sending CreatePipelineCommand for pipeline:PipelineID=6874d656-b7b3-4fc2-8cf4-55e06b2f269b to datanode:5d13066c-11e5-40aa-be9d-008405bad973
2022-10-28 11:28:52,571 [RatisPipelineUtilsThread - 0] INFO  pipeline.PipelineStateManagerImpl (PipelineStateManagerImpl.java:addPipeline(103)) - Created pipeline Pipeline[ Id: 6874d656-b7b3-4fc2-8cf4-55e06b2f269b, Nodes: d5dd9084-02e9-4cbc-a1b0-4846343450b9{ip: 10.1.0.114, host: fv-az700-396.2bpskmoaobnu3eckqg1qau4u2h.cx.internal.cloudapp.net, ports: [REPLICATION=38303, RATIS=34363, RATIS_ADMIN=34363, RATIS_SERVER=34363, STANDALONE=42221], networkLocation: /default-rack, certSerialId: null, persistedOpState: IN_SERVICE, persistedOpStateExpiryEpochSec: 0}7b6afef0-558a-4ad8-bcfc-b2255c7aee53{ip: 10.1.0.114, host: fv-az700-396.2bpskmoaobnu3eckqg1qau4u2h.cx.internal.cloudapp.net, ports: [REPLICATION=33197, RATIS=46219, RATIS_ADMIN=46219, RATIS_SERVER=46219, STANDALONE=34013], networkLocation: /default-rack, certSerialId: null, persistedOpState: IN_SERVICE, persistedOpStateExpiryEpochSec: 0}5d13066c-11e5-40aa-be9d-008405bad973{ip: 10.1.0.114, host: fv-az700-396.2bpskmoaobnu3eckqg1qau4u2h.cx.internal.cloudapp.net, ports: [REPLICATION=42883, RATIS=35651, RATIS_ADMIN=35651, RATIS_SERVER=35651, STANDALONE=36655], networkLocation: /default-rack, certSerialId: null, persistedOpState: IN_SERVICE, persistedOpStateExpiryEpochSec: 0}, ReplicationConfig: RATIS/THREE, State:ALLOCATED, leaderId:, CreationTimestamp2022-10-28T11:28:52.570Z[Etc/UTC]].
2022-10-28 11:28:52,571 [RatisPipelineUtilsThread - 0] INFO  pipeline.RatisPipelineProvider (RatisPipelineProvider.java:lambda$create$0(195)) - Sending CreatePipelineCommand for pipeline:PipelineID=c4ab908c-09aa-415d-9044-eb7b5ba8336e to datanode:7b6afef0-558a-4ad8-bcfc-b2255c7aee53
2022-10-28 11:28:52,572 [RatisPipelineUtilsThread - 0] INFO  pipeline.RatisPipelineProvider (RatisPipelineProvider.java:lambda$create$0(195)) - Sending CreatePipelineCommand for pipeline:PipelineID=c4ab908c-09aa-415d-9044-eb7b5ba8336e to datanode:d5dd9084-02e9-4cbc-a1b0-4846343450b9
2022-10-28 11:28:52,572 [RatisPipelineUtilsThread - 0] INFO  pipeline.RatisPipelineProvider (RatisPipelineProvider.java:lambda$create$0(195)) - Sending CreatePipelineCommand for pipeline:PipelineID=c4ab908c-09aa-415d-9044-eb7b5ba8336e to datanode:5d13066c-11e5-40aa-be9d-008405bad973
2022-10-28 11:28:52,572 [RatisPipelineUtilsThread - 0] INFO  pipeline.PipelineStateManagerImpl (PipelineStateManagerImpl.java:addPipeline(103)) - Created pipeline Pipeline[ Id: c4ab908c-09aa-415d-9044-eb7b5ba8336e, Nodes: 7b6afef0-558a-4ad8-bcfc-b2255c7aee53{ip: 10.1.0.114, host: fv-az700-396.2bpskmoaobnu3eckqg1qau4u2h.cx.internal.cloudapp.net, ports: [REPLICATION=33197, RATIS=46219, RATIS_ADMIN=46219, RATIS_SERVER=46219, STANDALONE=34013], networkLocation: /default-rack, certSerialId: null, persistedOpState: IN_SERVICE, persistedOpStateExpiryEpochSec: 0}d5dd9084-02e9-4cbc-a1b0-4846343450b9{ip: 10.1.0.114, host: fv-az700-396.2bpskmoaobnu3eckqg1qau4u2h.cx.internal.cloudapp.net, ports: [REPLICATION=38303, RATIS=34363, RATIS_ADMIN=34363, RATIS_SERVER=34363, STANDALONE=42221], networkLocation: /default-rack, certSerialId: null, persistedOpState: IN_SERVICE, persistedOpStateExpiryEpochSec: 0}5d13066c-11e5-40aa-be9d-008405bad973{ip: 10.1.0.114, host: fv-az700-396.2bpskmoaobnu3eckqg1qau4u2h.cx.internal.cloudapp.net, ports: [REPLICATION=42883, RATIS=35651, RATIS_ADMIN=35651, RATIS_SERVER=35651, STANDALONE=36655], networkLocation: /default-rack, certSerialId: null, persistedOpState: IN_SERVICE, persistedOpStateExpiryEpochSec: 0}, ReplicationConfig: RATIS/THREE, State:ALLOCATED, leaderId:, CreationTimestamp2022-10-28T11:28:52.571Z[Etc/UTC]].
2022-10-28 11:28:52,572 [RatisPipelineUtilsThread - 0] INFO  pipeline.PipelineManagerImpl (PipelineManagerImpl.java:recordMetricsForPipeline(826)) - Pipeline: PipelineID=c4ab908c-09aa-415d-9044-eb7b5ba8336e contains same datanodes as previous pipelines: PipelineID=6874d656-b7b3-4fc2-8cf4-55e06b2f269b nodeIds: 7b6afef0-558a-4ad8-bcfc-b2255c7aee53, d5dd9084-02e9-4cbc-a1b0-4846343450b9, 5d13066c-11e5-40aa-be9d-008405bad973
2022-10-28 11:28:52,734 [Command processor thread] INFO  server.RaftServer (RaftServerProxy.java:addNew(96)) - 0c9bf628-edfc-473a-824e-eb061e1afdb3: addNew group-EE41B3B0F527:[0c9bf628-edfc-473a-824e-eb061e1afdb3|rpc:10.1.0.114:43977|priority:1|startupRole:FOLLOWER] returns group-EE41B3B0F527:java.util.concurrent.CompletableFuture@6bf735ab[Not completed]
2022-10-28 11:28:52,747 [pool-72-thread-1] INFO  server.RaftServer$Division (RaftServerImpl.java:<init>(195)) - 0c9bf628-edfc-473a-824e-eb061e1afdb3: new RaftServerImpl for group-EE41B3B0F527:[0c9bf628-edfc-473a-824e-eb061e1afdb3|rpc:10.1.0.114:43977|priority:1|startupRole:FOLLOWER] with ContainerStateMachine:uninitialized
2022-10-28 11:28:52,747 [pool-72-thread-1] INFO  server.RaftServerConfigKeys (ConfUtils.java:logGet(46)) - raft.server.rpc.timeout.min = 5s (custom)
2022-10-28 11:28:52,747 [pool-72-thread-1] INFO  server.RaftServerConfigKeys (ConfUtils.java:logGet(46)) - raft.server.rpc.timeout.max = 5200ms (custom)
2022-10-28 11:28:52,747 [pool-72-thread-1] INFO  server.RaftServerConfigKeys (ConfUtils.java:logGet(46)) - raft.server.rpc.sleep.time = 25ms (default)
2022-10-28 11:28:52,747 [pool-72-thread-1] INFO  server.RaftServerConfigKeys (ConfUtils.java:logGet(46)) - raft.server.rpc.slowness.timeout = 300s (custom)
2022-10-28 11:28:52,747 [pool-72-thread-1] INFO  server.RaftServerConfigKeys (ConfUtils.java:logGet(46)) - raft.server.leaderelection.leader.step-down.wait-time = 10s (default)
2022-10-28 11:28:52,747 [pool-72-thread-1] INFO  server.RaftServerConfigKeys (ConfUtils.java:logGet(46)) - raft.server.sleep.deviation.threshold = 300ms (default)
2022-10-28 11:28:52,747 [pool-72-thread-1] INFO  server.RaftServer$Division (ServerState.java:<init>(118)) - 0c9bf628-edfc-473a-824e-eb061e1afdb3@group-EE41B3B0F527: ConfigurationManager, init=-1: peers:[0c9bf628-edfc-473a-824e-eb061e1afdb3|rpc:10.1.0.114:43977|priority:1|startupRole:FOLLOWER]|listeners:[], old=null, confs=<EMPTY_MAP>
2022-10-28 11:28:52,748 [pool-72-thread-1] INFO  server.RaftServerConfigKeys (ConfUtils.java:logGet(46)) - raft.server.storage.dir = [/home/runner/work/ozone/ozone/hadoop-ozone/integration-test/target/test-dir/MiniOzoneClusterImpl-6ee34448-fbd8-4951-8ae1-d137d06ced7b/datanode-0/data/ratis] (custom)
2022-10-28 11:28:52,748 [pool-72-thread-1] INFO  server.RaftServerConfigKeys (ConfUtils.java:logGet(46)) - raft.server.log.corruption.policy = EXCEPTION (default)
2022-10-28 11:28:52,748 [pool-72-thread-1] INFO  server.RaftServerConfigKeys (ConfUtils.java:logGet(46)) - raft.server.storage.free-space.min = 0MB (=0) (default)
2022-10-28 11:28:52,748 [pool-72-thread-1] INFO  server.RaftServerConfigKeys (ConfUtils.java:logGet(46)) - raft.server.notification.no-leader.timeout = 300s (custom)
2022-10-28 11:28:52,749 [pool-72-thread-1] INFO  server.RaftServerConfigKeys (ConfUtils.java:logGet(46)) - raft.server.retrycache.expirytime = 600000ms (custom)
2022-10-28 11:28:52,749 [pool-72-thread-1] INFO  server.RaftServerConfigKeys (ConfUtils.java:logGet(46)) - raft.server.retrycache.statistics.expirytime = 100μs (default)
2022-10-28 11:28:52,794 [pool-72-thread-1] INFO  server.RaftServerConfigKeys (ConfUtils.java:logGet(46)) - raft.server.log.appender.install.snapshot.enabled = false (custom)
2022-10-28 11:28:52,794 [pool-72-thread-1] INFO  server.RaftServerConfigKeys (ConfUtils.java:logGet(46)) - raft.server.threadpool.server.cached = true (default)
2022-10-28 11:28:52,794 [pool-72-thread-1] INFO  server.RaftServerConfigKeys (ConfUtils.java:logGet(46)) - raft.server.threadpool.server.size = 0 (default)
2022-10-28 11:28:52,795 [pool-72-thread-1] INFO  server.RaftServerConfigKeys (ConfUtils.java:logGet(46)) - raft.server.threadpool.client.cached = true (default)
2022-10-28 11:28:52,795 [pool-72-thread-1] INFO  server.RaftServerConfigKeys (ConfUtils.java:logGet(46)) - raft.server.threadpool.client.size = 0 (default)
2022-10-28 11:28:52,795 [pool-72-thread-1] INFO  storage.RaftStorageDirectory (RaftStorageDirectoryImpl.java:analyzeStorage(137)) - The storage directory /home/runner/work/ozone/ozone/hadoop-ozone/integration-test/target/test-dir/MiniOzoneClusterImpl-6ee34448-fbd8-4951-8ae1-d137d06ced7b/datanode-0/data/ratis/008773f4-d759-4a39-ad5a-ee41b3b0f527 does not exist. Creating ...
2022-10-28 11:28:52,799 [pool-72-thread-1] INFO  storage.RaftStorageDirectory (RaftStorageDirectoryImpl.java:tryLock(231)) - Lock on /home/runner/work/ozone/ozone/hadoop-ozone/integration-test/target/test-dir/MiniOzoneClusterImpl-6ee34448-fbd8-4951-8ae1-d137d06ced7b/datanode-0/data/ratis/008773f4-d759-4a39-ad5a-ee41b3b0f527/in_use.lock acquired by nodename 13878@fv-az700-396
2022-10-28 11:28:52,800 [pool-72-thread-1] INFO  storage.RaftStorage (RaftStorageImpl.java:format(96)) - Storage directory /home/runner/work/ozone/ozone/hadoop-ozone/integration-test/target/test-dir/MiniOzoneClusterImpl-6ee34448-fbd8-4951-8ae1-d137d06ced7b/datanode-0/data/ratis/008773f4-d759-4a39-ad5a-ee41b3b0f527 has been successfully formatted.
2022-10-28 11:28:52,805 [pool-72-thread-1] INFO  ratis.ContainerStateMachine (ContainerStateMachine.java:loadSnapshot(236)) - group-EE41B3B0F527: The snapshot info is null. Setting the last applied indexto:(t:0, i:~)
2022-10-28 11:28:52,805 [pool-72-thread-1] INFO  server.RaftServerConfigKeys (ConfUtils.java:logGet(46)) - raft.server.log.use.memory = false (default)
2022-10-28 11:28:52,805 [pool-72-thread-1] INFO  server.RaftServerConfigKeys (ConfUtils.java:logGet(46)) - raft.server.log.purge.gap = 1000000 (custom)
2022-10-28 11:28:52,805 [pool-72-thread-1] INFO  server.RaftServerConfigKeys (ConfUtils.java:logGet(46)) - raft.server.log.appender.buffer.byte-limit = 33554432 (custom)
2022-10-28 11:28:52,805 [pool-72-thread-1] INFO  server.RaftServerConfigKeys (ConfUtils.java:logGet(46)) - raft.server.log.statemachine.data.read.timeout = 1000ms (default)
2022-10-28 11:28:52,805 [pool-72-thread-1] INFO  server.RaftServerConfigKeys (ConfUtils.java:logGet(46)) - raft.server.log.purge.preservation.log.num = 0 (default)
2022-10-28 11:28:52,806 [pool-72-thread-1] INFO  server.RaftServerConfigKeys (ConfUtils.java:logGet(46)) - raft.server.log.segment.size.max = 1048576 (custom)
2022-10-28 11:28:52,806 [pool-72-thread-1] INFO  server.RaftServerConfigKeys (ConfUtils.java:logGet(46)) - raft.server.log.segment.cache.num.max = 2 (custom)
2022-10-28 11:28:52,806 [pool-72-thread-1] INFO  server.RaftServerConfigKeys (ConfUtils.java:logGet(46)) - raft.server.log.segment.cache.size.max = 200MB (=209715200) (default)
2022-10-28 11:28:52,806 [pool-72-thread-1] INFO  segmented.SegmentedRaftLogWorker (SegmentedRaftLogWorker.java:<init>(191)) - new 0c9bf628-edfc-473a-824e-eb061e1afdb3@group-EE41B3B0F527-SegmentedRaftLogWorker for RaftStorageImpl:Storage Directory /home/runner/work/ozone/ozone/hadoop-ozone/integration-test/target/test-dir/MiniOzoneClusterImpl-6ee34448-fbd8-4951-8ae1-d137d06ced7b/datanode-0/data/ratis/008773f4-d759-4a39-ad5a-ee41b3b0f527
2022-10-28 11:28:52,807 [pool-72-thread-1] INFO  server.RaftServerConfigKeys (ConfUtils.java:logGet(46)) - raft.server.log.queue.byte-limit = 4294967296 (custom)
2022-10-28 11:28:52,807 [pool-72-thread-1] INFO  server.RaftServerConfigKeys (ConfUtils.java:logGet(46)) - raft.server.log.queue.element-limit = 1024 (custom)
2022-10-28 11:28:52,807 [pool-72-thread-1] INFO  server.RaftServerConfigKeys (ConfUtils.java:logGet(46)) - raft.server.log.segment.size.max = 1048576 (custom)
2022-10-28 11:28:52,807 [pool-72-thread-1] INFO  server.RaftServerConfigKeys (ConfUtils.java:logGet(46)) - raft.server.log.preallocated.size = 16384 (custom)
2022-10-28 11:28:52,807 [pool-72-thread-1] INFO  server.RaftServerConfigKeys (ConfUtils.java:logGet(46)) - raft.server.log.force.sync.num = 128 (default)
2022-10-28 11:28:52,807 [pool-72-thread-1] INFO  server.RaftServerConfigKeys (ConfUtils.java:logGet(46)) - raft.server.log.statemachine.data.sync = true (default)
2022-10-28 11:28:52,807 [pool-72-thread-1] INFO  server.RaftServerConfigKeys (ConfUtils.java:logGet(46)) - raft.server.log.statemachine.data.sync.timeout = 10s (default)
2022-10-28 11:28:52,807 [pool-72-thread-1] INFO  server.RaftServerConfigKeys (ConfUtils.java:logGet(46)) - raft.server.log.statemachine.data.sync.timeout.retry = -1 (default)
2022-10-28 11:28:52,808 [pool-72-thread-1] INFO  server.RaftServerConfigKeys (ConfUtils.java:logGet(46)) - raft.server.log.write.buffer.size = 1048576 (custom)
2022-10-28 11:28:52,809 [pool-72-thread-1] INFO  server.RaftServerConfigKeys (ConfUtils.java:logGet(46)) - raft.server.log.unsafe-flush.enabled = false (default)
2022-10-28 11:28:52,809 [pool-72-thread-1] INFO  server.RaftServerConfigKeys (ConfUtils.java:logGet(46)) - raft.server.log.async-flush.enabled = false (default)
2022-10-28 11:28:52,809 [pool-72-thread-1] INFO  server.RaftServerConfigKeys (ConfUtils.java:logGet(46)) - raft.server.log.statemachine.data.caching.enabled = true (custom)
2022-10-28 11:28:52,812 [EventQueue-PipelineReportForPipelineReportHandler] INFO  pipeline.PipelineManagerImpl (PipelineManagerImpl.java:openPipeline(367)) - Pipeline Pipeline[ Id: 008773f4-d759-4a39-ad5a-ee41b3b0f527, Nodes: 0c9bf628-edfc-473a-824e-eb061e1afdb3{ip: 10.1.0.114, host: fv-az700-396.2bpskmoaobnu3eckqg1qau4u2h.cx.internal.cloudapp.net, ports: [REPLICATION=41411, RATIS=43977, RATIS_ADMIN=43977, RATIS_SERVER=43977, STANDALONE=38459], networkLocation: /default-rack, certSerialId: null, persistedOpState: IN_SERVICE, persistedOpStateExpiryEpochSec: 0}, ReplicationConfig: RATIS/ONE, State:ALLOCATED, leaderId:0c9bf628-edfc-473a-824e-eb061e1afdb3, CreationTimestamp2022-10-28T11:28:49.743Z[Etc/UTC]] moved to OPEN state
2022-10-28 11:28:52,814 [pool-72-thread-1] INFO  segmented.SegmentedRaftLogWorker (SegmentedRaftLogWorker.java:lambda$new$0(136)) - 0c9bf628-edfc-473a-824e-eb061e1afdb3@group-EE41B3B0F527-SegmentedRaftLogWorker: flushIndex: setUnconditionally 0 -> -1
2022-10-28 11:28:52,814 [pool-72-thread-1] INFO  segmented.SegmentedRaftLogWorker (SegmentedRaftLogWorker.java:lambda$new$0(136)) - 0c9bf628-edfc-473a-824e-eb061e1afdb3@group-EE41B3B0F527-SegmentedRaftLogWorker: safeCacheEvictIndex: setUnconditionally 0 -> -1
2022-10-28 11:28:52,815 [EventQueue-OpenPipelineForHealthyPipelineSafeModeRule] INFO  safemode.SCMSafeModeManager (HealthyPipelineSafeModeRule.java:process(137)) - SCM in safe mode. Healthy pipelines reported count is 0, required healthy pipeline reported count is 1
2022-10-28 11:28:52,815 [pool-72-thread-1] INFO  server.RaftServer$Division (RaftServerImpl.java:start(334)) - 0c9bf628-edfc-473a-824e-eb061e1afdb3@group-EE41B3B0F527: start as a follower, conf=-1: peers:[0c9bf628-edfc-473a-824e-eb061e1afdb3|rpc:10.1.0.114:43977|priority:1|startupRole:FOLLOWER]|listeners:[], old=null
2022-10-28 11:28:52,822 [pool-72-thread-1] INFO  server.RaftServer$Division (RaftServerImpl.java:setRole(321)) - 0c9bf628-edfc-473a-824e-eb061e1afdb3@group-EE41B3B0F527: changes role from      null to FOLLOWER at term 0 for startAsFollower
2022-10-28 11:28:52,822 [pool-72-thread-1] INFO  impl.RoleInfo (RoleInfo.java:updateAndGet(139)) - 0c9bf628-edfc-473a-824e-eb061e1afdb3: start 0c9bf628-edfc-473a-824e-eb061e1afdb3@group-EE41B3B0F527-FollowerState
2022-10-28 11:28:52,822 [pool-72-thread-1] INFO  util.JmxRegister (JmxRegister.java:tryRegister(44)) - Successfully registered JMX Bean with object name Ratis:service=RaftServer,group=group-EE41B3B0F527,id=0c9bf628-edfc-473a-824e-eb061e1afdb3
2022-10-28 11:28:52,826 [0c9bf628-edfc-473a-824e-eb061e1afdb3@group-EE41B3B0F527-FollowerState] INFO  server.RaftServerConfigKeys (ConfUtils.java:logFallback(53)) - raft.server.rpc.first-election.timeout.min = 5s (fallback to raft.server.rpc.timeout.min)
2022-10-28 11:28:52,826 [pool-72-thread-1] INFO  server.RaftServerConfigKeys (ConfUtils.java:logGet(46)) - raft.server.snapshot.auto.trigger.enabled = true (custom)
2022-10-28 11:28:52,826 [pool-72-thread-1] INFO  server.RaftServerConfigKeys (ConfUtils.java:logGet(46)) - raft.server.snapshot.auto.trigger.threshold = 10000 (custom)
2022-10-28 11:28:52,826 [pool-72-thread-1] INFO  server.RaftServerConfigKeys (ConfUtils.java:logGet(46)) - raft.server.snapshot.retention.file.num = 5 (custom)
2022-10-28 11:28:52,827 [pool-72-thread-1] INFO  server.RaftServerConfigKeys (ConfUtils.java:logGet(46)) - raft.server.log.purge.upto.snapshot.index = false (default)
2022-10-28 11:28:52,827 [0c9bf628-edfc-473a-824e-eb061e1afdb3@group-EE41B3B0F527-FollowerState] INFO  server.RaftServerConfigKeys (ConfUtils.java:logFallback(53)) - raft.server.rpc.first-election.timeout.max = 5200ms (fallback to raft.server.rpc.timeout.max)
2022-10-28 11:28:52,834 [Command processor thread] INFO  ratis.XceiverServerRatis (XceiverServerRatis.java:addGroup(765)) - Created group PipelineID=008773f4-d759-4a39-ad5a-ee41b3b0f527
2022-10-28 11:28:52,834 [Command processor thread] INFO  commandhandler.CreatePipelineCommandHandler (CreatePipelineCommandHandler.java:handle(113)) - Created Pipeline RATIS ONE PipelineID=008773f4-d759-4a39-ad5a-ee41b3b0f527.
2022-10-28 11:28:52,835 [Command processor thread] INFO  server.RaftServer (RaftServerProxy.java:addNew(96)) - 0c9bf628-edfc-473a-824e-eb061e1afdb3: addNew group-6EDC1BDBC3EA:[1914ef14-e927-4aee-a78a-186b0a6a783b|rpc:10.1.0.114:45645|priority:0|startupRole:FOLLOWER, 4117c80f-d61a-41ff-a958-d6b4139221af|rpc:10.1.0.114:40159|priority:0|startupRole:FOLLOWER, 0c9bf628-edfc-473a-824e-eb061e1afdb3|rpc:10.1.0.114:43977|priority:1|startupRole:FOLLOWER] returns group-6EDC1BDBC3EA:java.util.concurrent.CompletableFuture@a40ffac[Not completed]
2022-10-28 11:28:52,836 [pool-72-thread-1] INFO  server.RaftServer$Division (RaftServerImpl.java:<init>(195)) - 0c9bf628-edfc-473a-824e-eb061e1afdb3: new RaftServerImpl for group-6EDC1BDBC3EA:[1914ef14-e927-4aee-a78a-186b0a6a783b|rpc:10.1.0.114:45645|priority:0|startupRole:FOLLOWER, 4117c80f-d61a-41ff-a958-d6b4139221af|rpc:10.1.0.114:40159|priority:0|startupRole:FOLLOWER, 0c9bf628-edfc-473a-824e-eb061e1afdb3|rpc:10.1.0.114:43977|priority:1|startupRole:FOLLOWER] with ContainerStateMachine:uninitialized
2022-10-28 11:28:52,836 [pool-72-thread-1] INFO  server.RaftServerConfigKeys (ConfUtils.java:logGet(46)) - raft.server.rpc.timeout.min = 5s (custom)
2022-10-28 11:28:52,836 [pool-72-thread-1] INFO  server.RaftServerConfigKeys (ConfUtils.java:logGet(46)) - raft.server.rpc.timeout.max = 5200ms (custom)
2022-10-28 11:28:52,836 [pool-72-thread-1] INFO  server.RaftServerConfigKeys (ConfUtils.java:logGet(46)) - raft.server.rpc.sleep.time = 25ms (default)
2022-10-28 11:28:52,836 [pool-72-thread-1] INFO  server.RaftServerConfigKeys (ConfUtils.java:logGet(46)) - raft.server.rpc.slowness.timeout = 300s (custom)
2022-10-28 11:28:52,836 [pool-72-thread-1] INFO  server.RaftServerConfigKeys (ConfUtils.java:logGet(46)) - raft.server.leaderelection.leader.step-down.wait-time = 10s (default)
2022-10-28 11:28:52,836 [pool-72-thread-1] INFO  server.RaftServerConfigKeys (ConfUtils.java:logGet(46)) - raft.server.sleep.deviation.threshold = 300ms (default)
2022-10-28 11:28:52,836 [pool-72-thread-1] INFO  server.RaftServer$Division (ServerState.java:<init>(118)) - 0c9bf628-edfc-473a-824e-eb061e1afdb3@group-6EDC1BDBC3EA: ConfigurationManager, init=-1: peers:[1914ef14-e927-4aee-a78a-186b0a6a783b|rpc:10.1.0.114:45645|priority:0|startupRole:FOLLOWER, 4117c80f-d61a-41ff-a958-d6b4139221af|rpc:10.1.0.114:40159|priority:0|startupRole:FOLLOWER, 0c9bf628-edfc-473a-824e-eb061e1afdb3|rpc:10.1.0.114:43977|priority:1|startupRole:FOLLOWER]|listeners:[], old=null, confs=<EMPTY_MAP>
2022-10-28 11:28:52,836 [pool-72-thread-1] INFO  server.RaftServerConfigKeys (ConfUtils.java:logGet(46)) - raft.server.storage.dir = [/home/runner/work/ozone/ozone/hadoop-ozone/integration-test/target/test-dir/MiniOzoneClusterImpl-6ee34448-fbd8-4951-8ae1-d137d06ced7b/datanode-0/data/ratis] (custom)
2022-10-28 11:28:52,836 [pool-72-thread-1] INFO  server.RaftServerConfigKeys (ConfUtils.java:logGet(46)) - raft.server.log.corruption.policy = EXCEPTION (default)
2022-10-28 11:28:52,836 [pool-72-thread-1] INFO  server.RaftServerConfigKeys (ConfUtils.java:logGet(46)) - raft.server.storage.free-space.min = 0MB (=0) (default)
2022-10-28 11:28:52,836 [pool-72-thread-1] INFO  server.RaftServerConfigKeys (ConfUtils.java:logGet(46)) - raft.server.notification.no-leader.timeout = 300s (custom)
2022-10-28 11:28:52,836 [pool-72-thread-1] INFO  server.RaftServerConfigKeys (ConfUtils.java:logGet(46)) - raft.server.retrycache.expirytime = 600000ms (custom)
2022-10-28 11:28:52,837 [pool-72-thread-1] INFO  server.RaftServerConfigKeys (ConfUtils.java:logGet(46)) - raft.server.retrycache.statistics.expirytime = 100μs (default)
2022-10-28 11:28:52,841 [pool-72-thread-1] INFO  server.RaftServerConfigKeys (ConfUtils.java:logGet(46)) - raft.server.log.appender.install.snapshot.enabled = false (custom)
2022-10-28 11:28:52,841 [pool-72-thread-1] INFO  server.RaftServerConfigKeys (ConfUtils.java:logGet(46)) - raft.server.threadpool.server.cached = true (default)
2022-10-28 11:28:52,841 [pool-72-thread-1] INFO  server.RaftServerConfigKeys (ConfUtils.java:logGet(46)) - raft.server.threadpool.server.size = 0 (default)
2022-10-28 11:28:52,841 [pool-72-thread-1] INFO  server.RaftServerConfigKeys (ConfUtils.java:logGet(46)) - raft.server.threadpool.client.cached = true (default)
2022-10-28 11:28:52,841 [pool-72-thread-1] INFO  server.RaftServerConfigKeys (ConfUtils.java:logGet(46)) - raft.server.threadpool.client.size = 0 (default)
2022-10-28 11:28:52,841 [pool-72-thread-1] INFO  storage.RaftStorageDirectory (RaftStorageDirectoryImpl.java:analyzeStorage(137)) - The storage directory /home/runner/work/ozone/ozone/hadoop-ozone/integration-test/target/test-dir/MiniOzoneClusterImpl-6ee34448-fbd8-4951-8ae1-d137d06ced7b/datanode-0/data/ratis/7b572f3d-fa43-4e84-bbda-6edc1bdbc3ea does not exist. Creating ...
2022-10-28 11:28:52,844 [pool-72-thread-1] INFO  storage.RaftStorageDirectory (RaftStorageDirectoryImpl.java:tryLock(231)) - Lock on /home/runner/work/ozone/ozone/hadoop-ozone/integration-test/target/test-dir/MiniOzoneClusterImpl-6ee34448-fbd8-4951-8ae1-d137d06ced7b/datanode-0/data/ratis/7b572f3d-fa43-4e84-bbda-6edc1bdbc3ea/in_use.lock acquired by nodename 13878@fv-az700-396
2022-10-28 11:28:52,845 [pool-72-thread-1] INFO  storage.RaftStorage (RaftStorageImpl.java:format(96)) - Storage directory /home/runner/work/ozone/ozone/hadoop-ozone/integration-test/target/test-dir/MiniOzoneClusterImpl-6ee34448-fbd8-4951-8ae1-d137d06ced7b/datanode-0/data/ratis/7b572f3d-fa43-4e84-bbda-6edc1bdbc3ea has been successfully formatted.
2022-10-28 11:28:52,845 [pool-72-thread-1] INFO  ratis.ContainerStateMachine (ContainerStateMachine.java:loadSnapshot(236)) - group-6EDC1BDBC3EA: The snapshot info is null. Setting the last applied indexto:(t:0, i:~)
2022-10-28 11:28:52,845 [pool-72-thread-1] INFO  server.RaftServerConfigKeys (ConfUtils.java:logGet(46)) - raft.server.log.use.memory = false (default)
2022-10-28 11:28:52,846 [pool-72-thread-1] INFO  server.RaftServerConfigKeys (ConfUtils.java:logGet(46)) - raft.server.log.purge.gap = 1000000 (custom)
2022-10-28 11:28:52,846 [pool-72-thread-1] INFO  server.RaftServerConfigKeys (ConfUtils.java:logGet(46)) - raft.server.log.appender.buffer.byte-limit = 33554432 (custom)
2022-10-28 11:28:52,846 [pool-72-thread-1] INFO  server.RaftServerConfigKeys (ConfUtils.java:logGet(46)) - raft.server.log.statemachine.data.read.timeout = 1000ms (default)
2022-10-28 11:28:52,846 [pool-72-thread-1] INFO  server.RaftServerConfigKeys (ConfUtils.java:logGet(46)) - raft.server.log.purge.preservation.log.num = 0 (default)
2022-10-28 11:28:52,846 [pool-72-thread-1] INFO  server.RaftServerConfigKeys (ConfUtils.java:logGet(46)) - raft.server.log.segment.size.max = 1048576 (custom)
2022-10-28 11:28:52,848 [EventQueue-OpenPipelineForHealthyPipelineSafeModeRule] INFO  safemode.SCMSafeModeManager (HealthyPipelineSafeModeRule.java:process(137)) - SCM in safe mode. Healthy pipelines reported count is 0, required healthy pipeline reported count is 1
2022-10-28 11:28:52,849 [pool-72-thread-1] INFO  server.RaftServerConfigKeys (ConfUtils.java:logGet(46)) - raft.server.log.segment.cache.num.max = 2 (custom)
2022-10-28 11:28:52,849 [pool-72-thread-1] INFO  server.RaftServerConfigKeys (ConfUtils.java:logGet(46)) - raft.server.log.segment.cache.size.max = 200MB (=209715200) (default)
2022-10-28 11:28:52,849 [pool-72-thread-1] INFO  segmented.SegmentedRaftLogWorker (SegmentedRaftLogWorker.java:<init>(191)) - new 0c9bf628-edfc-473a-824e-eb061e1afdb3@group-6EDC1BDBC3EA-SegmentedRaftLogWorker for RaftStorageImpl:Storage Directory /home/runner/work/ozone/ozone/hadoop-ozone/integration-test/target/test-dir/MiniOzoneClusterImpl-6ee34448-fbd8-4951-8ae1-d137d06ced7b/datanode-0/data/ratis/7b572f3d-fa43-4e84-bbda-6edc1bdbc3ea
2022-10-28 11:28:52,849 [pool-72-thread-1] INFO  server.RaftServerConfigKeys (ConfUtils.java:logGet(46)) - raft.server.log.queue.byte-limit = 4294967296 (custom)
2022-10-28 11:28:52,849 [pool-72-thread-1] INFO  server.RaftServerConfigKeys (ConfUtils.java:logGet(46)) - raft.server.log.queue.element-limit = 1024 (custom)
2022-10-28 11:28:52,849 [pool-72-thread-1] INFO  server.RaftServerConfigKeys (ConfUtils.java:logGet(46)) - raft.server.log.segment.size.max = 1048576 (custom)
2022-10-28 11:28:52,849 [pool-72-thread-1] INFO  server.RaftServerConfigKeys (ConfUtils.java:logGet(46)) - raft.server.log.preallocated.size = 16384 (custom)
2022-10-28 11:28:52,849 [pool-72-thread-1] INFO  server.RaftServerConfigKeys (ConfUtils.java:logGet(46)) - raft.server.log.force.sync.num = 128 (default)
2022-10-28 11:28:52,849 [pool-72-thread-1] INFO  server.RaftServerConfigKeys (ConfUtils.java:logGet(46)) - raft.server.log.statemachine.data.sync = true (default)
2022-10-28 11:28:52,849 [pool-72-thread-1] INFO  server.RaftServerConfigKeys (ConfUtils.java:logGet(46)) - raft.server.log.statemachine.data.sync.timeout = 10s (default)
2022-10-28 11:28:52,849 [pool-72-thread-1] INFO  server.RaftServerConfigKeys (ConfUtils.java:logGet(46)) - raft.server.log.statemachine.data.sync.timeout.retry = -1 (default)
2022-10-28 11:28:52,851 [pool-72-thread-1] INFO  server.RaftServerConfigKeys (ConfUtils.java:logGet(46)) - raft.server.log.write.buffer.size = 1048576 (custom)
2022-10-28 11:28:52,852 [pool-72-thread-1] INFO  server.RaftServerConfigKeys (ConfUtils.java:logGet(46)) - raft.server.log.unsafe-flush.enabled = false (default)
2022-10-28 11:28:52,852 [pool-72-thread-1] INFO  server.RaftServerConfigKeys (ConfUtils.java:logGet(46)) - raft.server.log.async-flush.enabled = false (default)
2022-10-28 11:28:52,852 [pool-72-thread-1] INFO  server.RaftServerConfigKeys (ConfUtils.java:logGet(46)) - raft.server.log.statemachine.data.caching.enabled = true (custom)
2022-10-28 11:28:52,852 [pool-72-thread-1] INFO  segmented.SegmentedRaftLogWorker (SegmentedRaftLogWorker.java:lambda$new$0(136)) - 0c9bf628-edfc-473a-824e-eb061e1afdb3@group-6EDC1BDBC3EA-SegmentedRaftLogWorker: flushIndex: setUnconditionally 0 -> -1
2022-10-28 11:28:52,852 [pool-72-thread-1] INFO  segmented.SegmentedRaftLogWorker (SegmentedRaftLogWorker.java:lambda$new$0(136)) - 0c9bf628-edfc-473a-824e-eb061e1afdb3@group-6EDC1BDBC3EA-SegmentedRaftLogWorker: safeCacheEvictIndex: setUnconditionally 0 -> -1
2022-10-28 11:28:52,854 [pool-72-thread-1] INFO  server.RaftServer$Division (RaftServerImpl.java:start(334)) - 0c9bf628-edfc-473a-824e-eb061e1afdb3@group-6EDC1BDBC3EA: start as a follower, conf=-1: peers:[1914ef14-e927-4aee-a78a-186b0a6a783b|rpc:10.1.0.114:45645|priority:0|startupRole:FOLLOWER, 4117c80f-d61a-41ff-a958-d6b4139221af|rpc:10.1.0.114:40159|priority:0|startupRole:FOLLOWER, 0c9bf628-edfc-473a-824e-eb061e1afdb3|rpc:10.1.0.114:43977|priority:1|startupRole:FOLLOWER]|listeners:[], old=null
2022-10-28 11:28:52,854 [pool-72-thread-1] INFO  server.RaftServer$Division (RaftServerImpl.java:setRole(321)) - 0c9bf628-edfc-473a-824e-eb061e1afdb3@group-6EDC1BDBC3EA: changes role from      null to FOLLOWER at term 0 for startAsFollower
2022-10-28 11:28:52,854 [pool-72-thread-1] INFO  impl.RoleInfo (RoleInfo.java:updateAndGet(139)) - 0c9bf628-edfc-473a-824e-eb061e1afdb3: start 0c9bf628-edfc-473a-824e-eb061e1afdb3@group-6EDC1BDBC3EA-FollowerState
2022-10-28 11:28:52,854 [pool-72-thread-1] INFO  util.JmxRegister (JmxRegister.java:tryRegister(44)) - Successfully registered JMX Bean with object name Ratis:service=RaftServer,group=group-6EDC1BDBC3EA,id=0c9bf628-edfc-473a-824e-eb061e1afdb3
2022-10-28 11:28:52,854 [pool-72-thread-1] INFO  server.RaftServerConfigKeys (ConfUtils.java:logGet(46)) - raft.server.snapshot.auto.trigger.enabled = true (custom)
2022-10-28 11:28:52,855 [pool-72-thread-1] INFO  server.RaftServerConfigKeys (ConfUtils.java:logGet(46)) - raft.server.snapshot.auto.trigger.threshold = 10000 (custom)
2022-10-28 11:28:52,855 [pool-72-thread-1] INFO  server.RaftServerConfigKeys (ConfUtils.java:logGet(46)) - raft.server.snapshot.retention.file.num = 5 (custom)
2022-10-28 11:28:52,855 [pool-72-thread-1] INFO  server.RaftServerConfigKeys (ConfUtils.java:logGet(46)) - raft.server.log.purge.upto.snapshot.index = false (default)
2022-10-28 11:28:52,855 [0c9bf628-edfc-473a-824e-eb061e1afdb3@group-6EDC1BDBC3EA-FollowerState] INFO  server.RaftServerConfigKeys (ConfUtils.java:logFallback(53)) - raft.server.rpc.first-election.timeout.min = 5s (fallback to raft.server.rpc.timeout.min)
2022-10-28 11:28:52,855 [0c9bf628-edfc-473a-824e-eb061e1afdb3@group-6EDC1BDBC3EA-FollowerState] INFO  server.RaftServerConfigKeys (ConfUtils.java:logFallback(53)) - raft.server.rpc.first-election.timeout.max = 5200ms (fallback to raft.server.rpc.timeout.max)
2022-10-28 11:28:52,858 [Command processor thread] INFO  ratis.XceiverServerRatis (XceiverServerRatis.java:addGroup(765)) - Created group PipelineID=7b572f3d-fa43-4e84-bbda-6edc1bdbc3ea
2022-10-28 11:28:52,880 [Listener at 127.0.0.1/42141] INFO  ozone.MiniOzoneClusterImpl (MiniOzoneClusterImpl.java:lambda$waitForClusterToBeReady$0(216)) - Waiting for nodes to be ready. Got 9 of 10 DN Heartbeats.
2022-10-28 11:28:52,880 [Listener at 127.0.0.1/42141] INFO  ozone.MiniOzoneClusterImpl (MiniOzoneClusterImpl.java:lambda$waitForClusterToBeReady$0(219)) - Waiting for cluster to exit safe mode
2022-10-28 11:28:52,881 [Listener at 127.0.0.1/42141] INFO  ozone.MiniOzoneClusterImpl (MiniOzoneClusterImpl.java:lambda$waitForClusterToBeReady$0(221)) - SCM became leader
2022-10-28 11:28:52,883 [IPC Server handler 9 on default port 43219] INFO  net.NetworkTopologyImpl (NetworkTopologyImpl.java:add(112)) - Added a new node: /default-rack/af2ba7b3-e3cd-4616-bfee-e743369bcf5a
2022-10-28 11:28:52,883 [IPC Server handler 9 on default port 43219] INFO  node.SCMNodeManager (SCMNodeManager.java:register(397)) - Registered Data node : af2ba7b3-e3cd-4616-bfee-e743369bcf5a{ip: 10.1.0.114, host: fv-az700-396.2bpskmoaobnu3eckqg1qau4u2h.cx.internal.cloudapp.net, ports: [REPLICATION=42429, RATIS=38029, RATIS_ADMIN=38029, RATIS_SERVER=38029, STANDALONE=35567], networkLocation: /default-rack, certSerialId: null, persistedOpState: null, persistedOpStateExpiryEpochSec: 0}
2022-10-28 11:28:52,883 [EventQueue-NewNodeForNewNodeHandler] INFO  pipeline.BackgroundPipelineCreator (BackgroundPipelineCreator.java:notifyEventTriggered(276)) - trigger a one-shot run on RatisPipelineUtilsThread.
2022-10-28 11:28:52,884 [RatisPipelineUtilsThread - 0] INFO  pipeline.RatisPipelineProvider (RatisPipelineProvider.java:lambda$create$0(195)) - Sending CreatePipelineCommand for pipeline:PipelineID=4693b6c8-8f7a-4bca-bf13-9d4c5a32b7bf to datanode:af2ba7b3-e3cd-4616-bfee-e743369bcf5a
2022-10-28 11:28:52,885 [RatisPipelineUtilsThread - 0] INFO  pipeline.PipelineStateManagerImpl (PipelineStateManagerImpl.java:addPipeline(103)) - Created pipeline Pipeline[ Id: 4693b6c8-8f7a-4bca-bf13-9d4c5a32b7bf, Nodes: af2ba7b3-e3cd-4616-bfee-e743369bcf5a{ip: 10.1.0.114, host: fv-az700-396.2bpskmoaobnu3eckqg1qau4u2h.cx.internal.cloudapp.net, ports: [REPLICATION=42429, RATIS=38029, RATIS_ADMIN=38029, RATIS_SERVER=38029, STANDALONE=35567], networkLocation: /default-rack, certSerialId: null, persistedOpState: IN_SERVICE, persistedOpStateExpiryEpochSec: 0}, ReplicationConfig: RATIS/ONE, State:ALLOCATED, leaderId:, CreationTimestamp2022-10-28T11:28:52.884Z[Etc/UTC]].
2022-10-28 11:28:53,181 [Command processor thread] INFO  server.RaftServer (RaftServerProxy.java:addNew(96)) - 1914ef14-e927-4aee-a78a-186b0a6a783b: addNew group-5FB5BB86DA21:[1914ef14-e927-4aee-a78a-186b0a6a783b|rpc:10.1.0.114:45645|priority:1|startupRole:FOLLOWER] returns group-5FB5BB86DA21:java.util.concurrent.CompletableFuture@52dc152a[Not completed]
2022-10-28 11:28:53,184 [pool-95-thread-1] INFO  server.RaftServer$Division (RaftServerImpl.java:<init>(195)) - 1914ef14-e927-4aee-a78a-186b0a6a783b: new RaftServerImpl for group-5FB5BB86DA21:[1914ef14-e927-4aee-a78a-186b0a6a783b|rpc:10.1.0.114:45645|priority:1|startupRole:FOLLOWER] with ContainerStateMachine:uninitialized
2022-10-28 11:28:53,192 [pool-95-thread-1] INFO  server.RaftServerConfigKeys (ConfUtils.java:logGet(46)) - raft.server.rpc.timeout.min = 5s (custom)
2022-10-28 11:28:53,192 [pool-95-thread-1] INFO  server.RaftServerConfigKeys (ConfUtils.java:logGet(46)) - raft.server.rpc.timeout.max = 5200ms (custom)
2022-10-28 11:28:53,192 [pool-95-thread-1] INFO  server.RaftServerConfigKeys (ConfUtils.java:logGet(46)) - raft.server.rpc.sleep.time = 25ms (default)
2022-10-28 11:28:53,192 [pool-95-thread-1] INFO  server.RaftServerConfigKeys (ConfUtils.java:logGet(46)) - raft.server.rpc.slowness.timeout = 300s (custom)
2022-10-28 11:28:53,192 [pool-95-thread-1] INFO  server.RaftServerConfigKeys (ConfUtils.java:logGet(46)) - raft.server.leaderelection.leader.step-down.wait-time = 10s (default)
2022-10-28 11:28:53,192 [pool-95-thread-1] INFO  server.RaftServerConfigKeys (ConfUtils.java:logGet(46)) - raft.server.sleep.deviation.threshold = 300ms (default)
2022-10-28 11:28:53,194 [pool-95-thread-1] INFO  server.RaftServer$Division (ServerState.java:<init>(118)) - 1914ef14-e927-4aee-a78a-186b0a6a783b@group-5FB5BB86DA21: ConfigurationManager, init=-1: peers:[1914ef14-e927-4aee-a78a-186b0a6a783b|rpc:10.1.0.114:45645|priority:1|startupRole:FOLLOWER]|listeners:[], old=null, confs=<EMPTY_MAP>
2022-10-28 11:28:53,194 [pool-95-thread-1] INFO  server.RaftServerConfigKeys (ConfUtils.java:logGet(46)) - raft.server.storage.dir = [/home/runner/work/ozone/ozone/hadoop-ozone/integration-test/target/test-dir/MiniOzoneClusterImpl-6ee34448-fbd8-4951-8ae1-d137d06ced7b/datanode-1/data/ratis] (custom)
2022-10-28 11:28:53,194 [pool-95-thread-1] INFO  server.RaftServerConfigKeys (ConfUtils.java:logGet(46)) - raft.server.log.corruption.policy = EXCEPTION (default)
2022-10-28 11:28:53,194 [pool-95-thread-1] INFO  server.RaftServerConfigKeys (ConfUtils.java:logGet(46)) - raft.server.storage.free-space.min = 0MB (=0) (default)
2022-10-28 11:28:53,194 [pool-95-thread-1] INFO  server.RaftServerConfigKeys (ConfUtils.java:logGet(46)) - raft.server.notification.no-leader.timeout = 300s (custom)
2022-10-28 11:28:53,194 [pool-95-thread-1] INFO  server.RaftServerConfigKeys (ConfUtils.java:logGet(46)) - raft.server.retrycache.expirytime = 600000ms (custom)
2022-10-28 11:28:53,194 [pool-95-thread-1] INFO  server.RaftServerConfigKeys (ConfUtils.java:logGet(46)) - raft.server.retrycache.statistics.expirytime = 100μs (default)
2022-10-28 11:28:53,208 [pool-95-thread-1] INFO  server.RaftServerConfigKeys (ConfUtils.java:logGet(46)) - raft.server.log.appender.install.snapshot.enabled = false (custom)
2022-10-28 11:28:53,208 [pool-95-thread-1] INFO  server.RaftServerConfigKeys (ConfUtils.java:logGet(46)) - raft.server.threadpool.server.cached = true (default)
2022-10-28 11:28:53,208 [pool-95-thread-1] INFO  server.RaftServerConfigKeys (ConfUtils.java:logGet(46)) - raft.server.threadpool.server.size = 0 (default)
2022-10-28 11:28:53,212 [pool-95-thread-1] INFO  server.RaftServerConfigKeys (ConfUtils.java:logGet(46)) - raft.server.threadpool.client.cached = true (default)
2022-10-28 11:28:53,212 [pool-95-thread-1] INFO  server.RaftServerConfigKeys (ConfUtils.java:logGet(46)) - raft.server.threadpool.client.size = 0 (default)
2022-10-28 11:28:53,213 [pool-95-thread-1] INFO  storage.RaftStorageDirectory (RaftStorageDirectoryImpl.java:analyzeStorage(137)) - The storage directory /home/runner/work/ozone/ozone/hadoop-ozone/integration-test/target/test-dir/MiniOzoneClusterImpl-6ee34448-fbd8-4951-8ae1-d137d06ced7b/datanode-1/data/ratis/5a3b75ed-3317-4e5a-8144-5fb5bb86da21 does not exist. Creating ...
2022-10-28 11:28:53,216 [pool-95-thread-1] INFO  storage.RaftStorageDirectory (RaftStorageDirectoryImpl.java:tryLock(231)) - Lock on /home/runner/work/ozone/ozone/hadoop-ozone/integration-test/target/test-dir/MiniOzoneClusterImpl-6ee34448-fbd8-4951-8ae1-d137d06ced7b/datanode-1/data/ratis/5a3b75ed-3317-4e5a-8144-5fb5bb86da21/in_use.lock acquired by nodename 13878@fv-az700-396
2022-10-28 11:28:53,217 [pool-95-thread-1] INFO  storage.RaftStorage (RaftStorageImpl.java:format(96)) - Storage directory /home/runner/work/ozone/ozone/hadoop-ozone/integration-test/target/test-dir/MiniOzoneClusterImpl-6ee34448-fbd8-4951-8ae1-d137d06ced7b/datanode-1/data/ratis/5a3b75ed-3317-4e5a-8144-5fb5bb86da21 has been successfully formatted.
2022-10-28 11:28:53,217 [pool-95-thread-1] INFO  ratis.ContainerStateMachine (ContainerStateMachine.java:loadSnapshot(236)) - group-5FB5BB86DA21: The snapshot info is null. Setting the last applied indexto:(t:0, i:~)
2022-10-28 11:28:53,231 [pool-95-thread-1] INFO  server.RaftServerConfigKeys (ConfUtils.java:logGet(46)) - raft.server.log.use.memory = false (default)
2022-10-28 11:28:53,231 [pool-95-thread-1] INFO  server.RaftServerConfigKeys (ConfUtils.java:logGet(46)) - raft.server.log.purge.gap = 1000000 (custom)
2022-10-28 11:28:53,231 [pool-95-thread-1] INFO  server.RaftServerConfigKeys (ConfUtils.java:logGet(46)) - raft.server.log.appender.buffer.byte-limit = 33554432 (custom)
2022-10-28 11:28:53,231 [pool-95-thread-1] INFO  server.RaftServerConfigKeys (ConfUtils.java:logGet(46)) - raft.server.log.statemachine.data.read.timeout = 1000ms (default)
2022-10-28 11:28:53,231 [pool-95-thread-1] INFO  server.RaftServerConfigKeys (ConfUtils.java:logGet(46)) - raft.server.log.purge.preservation.log.num = 0 (default)
2022-10-28 11:28:53,232 [pool-95-thread-1] INFO  server.RaftServerConfigKeys (ConfUtils.java:logGet(46)) - raft.server.log.segment.size.max = 1048576 (custom)
2022-10-28 11:28:53,232 [pool-95-thread-1] INFO  server.RaftServerConfigKeys (ConfUtils.java:logGet(46)) - raft.server.log.segment.cache.num.max = 2 (custom)
2022-10-28 11:28:53,232 [pool-95-thread-1] INFO  server.RaftServerConfigKeys (ConfUtils.java:logGet(46)) - raft.server.log.segment.cache.size.max = 200MB (=209715200) (default)
2022-10-28 11:28:53,232 [pool-95-thread-1] INFO  segmented.SegmentedRaftLogWorker (SegmentedRaftLogWorker.java:<init>(191)) - new 1914ef14-e927-4aee-a78a-186b0a6a783b@group-5FB5BB86DA21-SegmentedRaftLogWorker for RaftStorageImpl:Storage Directory /home/runner/work/ozone/ozone/hadoop-ozone/integration-test/target/test-dir/MiniOzoneClusterImpl-6ee34448-fbd8-4951-8ae1-d137d06ced7b/datanode-1/data/ratis/5a3b75ed-3317-4e5a-8144-5fb5bb86da21
2022-10-28 11:28:53,232 [pool-95-thread-1] INFO  server.RaftServerConfigKeys (ConfUtils.java:logGet(46)) - raft.server.log.queue.byte-limit = 4294967296 (custom)
2022-10-28 11:28:53,232 [pool-95-thread-1] INFO  server.RaftServerConfigKeys (ConfUtils.java:logGet(46)) - raft.server.log.queue.element-limit = 1024 (custom)
2022-10-28 11:28:53,232 [pool-95-thread-1] INFO  server.RaftServerConfigKeys (ConfUtils.java:logGet(46)) - raft.server.log.segment.size.max = 1048576 (custom)
2022-10-28 11:28:53,233 [pool-95-thread-1] INFO  server.RaftServerConfigKeys (ConfUtils.java:logGet(46)) - raft.server.log.preallocated.size = 16384 (custom)
2022-10-28 11:28:53,233 [pool-95-thread-1] INFO  server.RaftServerConfigKeys (ConfUtils.java:logGet(46)) - raft.server.log.force.sync.num = 128 (default)
2022-10-28 11:28:53,233 [pool-95-thread-1] INFO  server.RaftServerConfigKeys (ConfUtils.java:logGet(46)) - raft.server.log.statemachine.data.sync = true (default)
2022-10-28 11:28:53,233 [pool-95-thread-1] INFO  server.RaftServerConfigKeys (ConfUtils.java:logGet(46)) - raft.server.log.statemachine.data.sync.timeout = 10s (default)
2022-10-28 11:28:53,233 [pool-95-thread-1] INFO  server.RaftServerConfigKeys (ConfUtils.java:logGet(46)) - raft.server.log.statemachine.data.sync.timeout.retry = -1 (default)
2022-10-28 11:28:53,234 [pool-95-thread-1] INFO  server.RaftServerConfigKeys (ConfUtils.java:logGet(46)) - raft.server.log.write.buffer.size = 1048576 (custom)
2022-10-28 11:28:53,235 [pool-95-thread-1] INFO  server.RaftServerConfigKeys (ConfUtils.java:logGet(46)) - raft.server.log.unsafe-flush.enabled = false (default)
2022-10-28 11:28:53,235 [pool-95-thread-1] INFO  server.RaftServerConfigKeys (ConfUtils.java:logGet(46)) - raft.server.log.async-flush.enabled = false (default)
2022-10-28 11:28:53,235 [pool-95-thread-1] INFO  server.RaftServerConfigKeys (ConfUtils.java:logGet(46)) - raft.server.log.statemachine.data.caching.enabled = true (custom)
2022-10-28 11:28:53,235 [pool-95-thread-1] INFO  segmented.SegmentedRaftLogWorker (SegmentedRaftLogWorker.java:lambda$new$0(136)) - 1914ef14-e927-4aee-a78a-186b0a6a783b@group-5FB5BB86DA21-SegmentedRaftLogWorker: flushIndex: setUnconditionally 0 -> -1
2022-10-28 11:28:53,235 [pool-95-thread-1] INFO  segmented.SegmentedRaftLogWorker (SegmentedRaftLogWorker.java:lambda$new$0(136)) - 1914ef14-e927-4aee-a78a-186b0a6a783b@group-5FB5BB86DA21-SegmentedRaftLogWorker: safeCacheEvictIndex: setUnconditionally 0 -> -1
2022-10-28 11:28:53,236 [EventQueue-PipelineReportForPipelineReportHandler] INFO  pipeline.PipelineManagerImpl (PipelineManagerImpl.java:openPipeline(367)) - Pipeline Pipeline[ Id: 5a3b75ed-3317-4e5a-8144-5fb5bb86da21, Nodes: 1914ef14-e927-4aee-a78a-186b0a6a783b{ip: 10.1.0.114, host: fv-az700-396.2bpskmoaobnu3eckqg1qau4u2h.cx.internal.cloudapp.net, ports: [REPLICATION=35893, RATIS=45645, RATIS_ADMIN=45645, RATIS_SERVER=45645, STANDALONE=45051], networkLocation: /default-rack, certSerialId: null, persistedOpState: IN_SERVICE, persistedOpStateExpiryEpochSec: 0}, ReplicationConfig: RATIS/ONE, State:ALLOCATED, leaderId:1914ef14-e927-4aee-a78a-186b0a6a783b, CreationTimestamp2022-10-28T11:28:50.180Z[Etc/UTC]] moved to OPEN state
2022-10-28 11:28:53,236 [EventQueue-OpenPipelineForHealthyPipelineSafeModeRule] INFO  safemode.SCMSafeModeManager (HealthyPipelineSafeModeRule.java:process(137)) - SCM in safe mode. Healthy pipelines reported count is 0, required healthy pipeline reported count is 1
2022-10-28 11:28:53,243 [pool-95-thread-1] INFO  server.RaftServer$Division (RaftServerImpl.java:start(334)) - 1914ef14-e927-4aee-a78a-186b0a6a783b@group-5FB5BB86DA21: start as a follower, conf=-1: peers:[1914ef14-e927-4aee-a78a-186b0a6a783b|rpc:10.1.0.114:45645|priority:1|startupRole:FOLLOWER]|listeners:[], old=null
2022-10-28 11:28:53,246 [pool-95-thread-1] INFO  server.RaftServer$Division (RaftServerImpl.java:setRole(321)) - 1914ef14-e927-4aee-a78a-186b0a6a783b@group-5FB5BB86DA21: changes role from      null to FOLLOWER at term 0 for startAsFollower
2022-10-28 11:28:53,246 [pool-95-thread-1] INFO  impl.RoleInfo (RoleInfo.java:updateAndGet(139)) - 1914ef14-e927-4aee-a78a-186b0a6a783b: start 1914ef14-e927-4aee-a78a-186b0a6a783b@group-5FB5BB86DA21-FollowerState
2022-10-28 11:28:53,246 [pool-95-thread-1] INFO  util.JmxRegister (JmxRegister.java:tryRegister(44)) - Successfully registered JMX Bean with object name Ratis:service=RaftServer,group=group-5FB5BB86DA21,id=1914ef14-e927-4aee-a78a-186b0a6a783b
2022-10-28 11:28:53,246 [pool-95-thread-1] INFO  server.RaftServerConfigKeys (ConfUtils.java:logGet(46)) - raft.server.snapshot.auto.trigger.enabled = true (custom)
2022-10-28 11:28:53,246 [pool-95-thread-1] INFO  server.RaftServerConfigKeys (ConfUtils.java:logGet(46)) - raft.server.snapshot.auto.trigger.threshold = 10000 (custom)
2022-10-28 11:28:53,246 [pool-95-thread-1] INFO  server.RaftServerConfigKeys (ConfUtils.java:logGet(46)) - raft.server.snapshot.retention.file.num = 5 (custom)
2022-10-28 11:28:53,246 [pool-95-thread-1] INFO  server.RaftServerConfigKeys (ConfUtils.java:logGet(46)) - raft.server.log.purge.upto.snapshot.index = false (default)
2022-10-28 11:28:53,247 [1914ef14-e927-4aee-a78a-186b0a6a783b@group-5FB5BB86DA21-FollowerState] INFO  server.RaftServerConfigKeys (ConfUtils.java:logFallback(53)) - raft.server.rpc.first-election.timeout.min = 5s (fallback to raft.server.rpc.timeout.min)
2022-10-28 11:28:53,247 [1914ef14-e927-4aee-a78a-186b0a6a783b@group-5FB5BB86DA21-FollowerState] INFO  server.RaftServerConfigKeys (ConfUtils.java:logFallback(53)) - raft.server.rpc.first-election.timeout.max = 5200ms (fallback to raft.server.rpc.timeout.max)
2022-10-28 11:28:53,247 [Command processor thread] INFO  ratis.XceiverServerRatis (XceiverServerRatis.java:addGroup(765)) - Created group PipelineID=5a3b75ed-3317-4e5a-8144-5fb5bb86da21
2022-10-28 11:28:53,247 [Command processor thread] INFO  commandhandler.CreatePipelineCommandHandler (CreatePipelineCommandHandler.java:handle(113)) - Created Pipeline RATIS ONE PipelineID=5a3b75ed-3317-4e5a-8144-5fb5bb86da21.
2022-10-28 11:28:53,247 [Command processor thread] INFO  server.RaftServer (RaftServerProxy.java:addNew(96)) - 1914ef14-e927-4aee-a78a-186b0a6a783b: addNew group-6EDC1BDBC3EA:[1914ef14-e927-4aee-a78a-186b0a6a783b|rpc:10.1.0.114:45645|priority:0|startupRole:FOLLOWER, 4117c80f-d61a-41ff-a958-d6b4139221af|rpc:10.1.0.114:40159|priority:0|startupRole:FOLLOWER, 0c9bf628-edfc-473a-824e-eb061e1afdb3|rpc:10.1.0.114:43977|priority:1|startupRole:FOLLOWER] returns group-6EDC1BDBC3EA:java.util.concurrent.CompletableFuture@56e38ba9[Not completed]
2022-10-28 11:28:53,248 [pool-95-thread-1] INFO  server.RaftServer$Division (RaftServerImpl.java:<init>(195)) - 1914ef14-e927-4aee-a78a-186b0a6a783b: new RaftServerImpl for group-6EDC1BDBC3EA:[1914ef14-e927-4aee-a78a-186b0a6a783b|rpc:10.1.0.114:45645|priority:0|startupRole:FOLLOWER, 4117c80f-d61a-41ff-a958-d6b4139221af|rpc:10.1.0.114:40159|priority:0|startupRole:FOLLOWER, 0c9bf628-edfc-473a-824e-eb061e1afdb3|rpc:10.1.0.114:43977|priority:1|startupRole:FOLLOWER] with ContainerStateMachine:uninitialized
2022-10-28 11:28:53,249 [pool-95-thread-1] INFO  server.RaftServerConfigKeys (ConfUtils.java:logGet(46)) - raft.server.rpc.timeout.min = 5s (custom)
2022-10-28 11:28:53,249 [pool-95-thread-1] INFO  server.RaftServerConfigKeys (ConfUtils.java:logGet(46)) - raft.server.rpc.timeout.max = 5200ms (custom)
2022-10-28 11:28:53,249 [pool-95-thread-1] INFO  server.RaftServerConfigKeys (ConfUtils.java:logGet(46)) - raft.server.rpc.sleep.time = 25ms (default)
2022-10-28 11:28:53,249 [pool-95-thread-1] INFO  server.RaftServerConfigKeys (ConfUtils.java:logGet(46)) - raft.server.rpc.slowness.timeout = 300s (custom)
2022-10-28 11:28:53,249 [pool-95-thread-1] INFO  server.RaftServerConfigKeys (ConfUtils.java:logGet(46)) - raft.server.leaderelection.leader.step-down.wait-time = 10s (default)
2022-10-28 11:28:53,249 [pool-95-thread-1] INFO  server.RaftServerConfigKeys (ConfUtils.java:logGet(46)) - raft.server.sleep.deviation.threshold = 300ms (default)
2022-10-28 11:28:53,249 [pool-95-thread-1] INFO  server.RaftServer$Division (ServerState.java:<init>(118)) - 1914ef14-e927-4aee-a78a-186b0a6a783b@group-6EDC1BDBC3EA: ConfigurationManager, init=-1: peers:[1914ef14-e927-4aee-a78a-186b0a6a783b|rpc:10.1.0.114:45645|priority:0|startupRole:FOLLOWER, 4117c80f-d61a-41ff-a958-d6b4139221af|rpc:10.1.0.114:40159|priority:0|startupRole:FOLLOWER, 0c9bf628-edfc-473a-824e-eb061e1afdb3|rpc:10.1.0.114:43977|priority:1|startupRole:FOLLOWER]|listeners:[], old=null, confs=<EMPTY_MAP>
2022-10-28 11:28:53,249 [pool-95-thread-1] INFO  server.RaftServerConfigKeys (ConfUtils.java:logGet(46)) - raft.server.storage.dir = [/home/runner/work/ozone/ozone/hadoop-ozone/integration-test/target/test-dir/MiniOzoneClusterImpl-6ee34448-fbd8-4951-8ae1-d137d06ced7b/datanode-1/data/ratis] (custom)
2022-10-28 11:28:53,249 [pool-95-thread-1] INFO  server.RaftServerConfigKeys (ConfUtils.java:logGet(46)) - raft.server.log.corruption.policy = EXCEPTION (default)
2022-10-28 11:28:53,249 [pool-95-thread-1] INFO  server.RaftServerConfigKeys (ConfUtils.java:logGet(46)) - raft.server.storage.free-space.min = 0MB (=0) (default)
2022-10-28 11:28:53,249 [pool-95-thread-1] INFO  server.RaftServerConfigKeys (ConfUtils.java:logGet(46)) - raft.server.notification.no-leader.timeout = 300s (custom)
2022-10-28 11:28:53,249 [pool-95-thread-1] INFO  server.RaftServerConfigKeys (ConfUtils.java:logGet(46)) - raft.server.retrycache.expirytime = 600000ms (custom)
2022-10-28 11:28:53,249 [pool-95-thread-1] INFO  server.RaftServerConfigKeys (ConfUtils.java:logGet(46)) - raft.server.retrycache.statistics.expirytime = 100μs (default)
2022-10-28 11:28:53,251 [pool-95-thread-1] INFO  server.RaftServerConfigKeys (ConfUtils.java:logGet(46)) - raft.server.log.appender.install.snapshot.enabled = false (custom)
2022-10-28 11:28:53,251 [pool-95-thread-1] INFO  server.RaftServerConfigKeys (ConfUtils.java:logGet(46)) - raft.server.threadpool.server.cached = true (default)
2022-10-28 11:28:53,251 [pool-95-thread-1] INFO  server.RaftServerConfigKeys (ConfUtils.java:logGet(46)) - raft.server.threadpool.server.size = 0 (default)
2022-10-28 11:28:53,251 [pool-95-thread-1] INFO  server.RaftServerConfigKeys (ConfUtils.java:logGet(46)) - raft.server.threadpool.client.cached = true (default)
2022-10-28 11:28:53,251 [pool-95-thread-1] INFO  server.RaftServerConfigKeys (ConfUtils.java:logGet(46)) - raft.server.threadpool.client.size = 0 (default)
2022-10-28 11:28:53,251 [pool-95-thread-1] INFO  storage.RaftStorageDirectory (RaftStorageDirectoryImpl.java:analyzeStorage(137)) - The storage directory /home/runner/work/ozone/ozone/hadoop-ozone/integration-test/target/test-dir/MiniOzoneClusterImpl-6ee34448-fbd8-4951-8ae1-d137d06ced7b/datanode-1/data/ratis/7b572f3d-fa43-4e84-bbda-6edc1bdbc3ea does not exist. Creating ...
2022-10-28 11:28:53,258 [pool-95-thread-1] INFO  storage.RaftStorageDirectory (RaftStorageDirectoryImpl.java:tryLock(231)) - Lock on /home/runner/work/ozone/ozone/hadoop-ozone/integration-test/target/test-dir/MiniOzoneClusterImpl-6ee34448-fbd8-4951-8ae1-d137d06ced7b/datanode-1/data/ratis/7b572f3d-fa43-4e84-bbda-6edc1bdbc3ea/in_use.lock acquired by nodename 13878@fv-az700-396
2022-10-28 11:28:53,259 [pool-95-thread-1] INFO  storage.RaftStorage (RaftStorageImpl.java:format(96)) - Storage directory /home/runner/work/ozone/ozone/hadoop-ozone/integration-test/target/test-dir/MiniOzoneClusterImpl-6ee34448-fbd8-4951-8ae1-d137d06ced7b/datanode-1/data/ratis/7b572f3d-fa43-4e84-bbda-6edc1bdbc3ea has been successfully formatted.
2022-10-28 11:28:53,259 [pool-95-thread-1] INFO  ratis.ContainerStateMachine (ContainerStateMachine.java:loadSnapshot(236)) - group-6EDC1BDBC3EA: The snapshot info is null. Setting the last applied indexto:(t:0, i:~)
2022-10-28 11:28:53,259 [pool-95-thread-1] INFO  server.RaftServerConfigKeys (ConfUtils.java:logGet(46)) - raft.server.log.use.memory = false (default)
2022-10-28 11:28:53,259 [pool-95-thread-1] INFO  server.RaftServerConfigKeys (ConfUtils.java:logGet(46)) - raft.server.log.purge.gap = 1000000 (custom)
2022-10-28 11:28:53,259 [pool-95-thread-1] INFO  server.RaftServerConfigKeys (ConfUtils.java:logGet(46)) - raft.server.log.appender.buffer.byte-limit = 33554432 (custom)
2022-10-28 11:28:53,259 [pool-95-thread-1] INFO  server.RaftServerConfigKeys (ConfUtils.java:logGet(46)) - raft.server.log.statemachine.data.read.timeout = 1000ms (default)
2022-10-28 11:28:53,259 [pool-95-thread-1] INFO  server.RaftServerConfigKeys (ConfUtils.java:logGet(46)) - raft.server.log.purge.preservation.log.num = 0 (default)
2022-10-28 11:28:53,260 [pool-95-thread-1] INFO  server.RaftServerConfigKeys (ConfUtils.java:logGet(46)) - raft.server.log.segment.size.max = 1048576 (custom)
2022-10-28 11:28:53,260 [pool-95-thread-1] INFO  server.RaftServerConfigKeys (ConfUtils.java:logGet(46)) - raft.server.log.segment.cache.num.max = 2 (custom)
2022-10-28 11:28:53,260 [pool-95-thread-1] INFO  server.RaftServerConfigKeys (ConfUtils.java:logGet(46)) - raft.server.log.segment.cache.size.max = 200MB (=209715200) (default)
2022-10-28 11:28:53,260 [pool-95-thread-1] INFO  segmented.SegmentedRaftLogWorker (SegmentedRaftLogWorker.java:<init>(191)) - new 1914ef14-e927-4aee-a78a-186b0a6a783b@group-6EDC1BDBC3EA-SegmentedRaftLogWorker for RaftStorageImpl:Storage Directory /home/runner/work/ozone/ozone/hadoop-ozone/integration-test/target/test-dir/MiniOzoneClusterImpl-6ee34448-fbd8-4951-8ae1-d137d06ced7b/datanode-1/data/ratis/7b572f3d-fa43-4e84-bbda-6edc1bdbc3ea
2022-10-28 11:28:53,260 [pool-95-thread-1] INFO  server.RaftServerConfigKeys (ConfUtils.java:logGet(46)) - raft.server.log.queue.byte-limit = 4294967296 (custom)
2022-10-28 11:28:53,260 [pool-95-thread-1] INFO  server.RaftServerConfigKeys (ConfUtils.java:logGet(46)) - raft.server.log.queue.element-limit = 1024 (custom)
2022-10-28 11:28:53,260 [pool-95-thread-1] INFO  server.RaftServerConfigKeys (ConfUtils.java:logGet(46)) - raft.server.log.segment.size.max = 1048576 (custom)
2022-10-28 11:28:53,260 [pool-95-thread-1] INFO  server.RaftServerConfigKeys (ConfUtils.java:logGet(46)) - raft.server.log.preallocated.size = 16384 (custom)
2022-10-28 11:28:53,261 [pool-95-thread-1] INFO  server.RaftServerConfigKeys (ConfUtils.java:logGet(46)) - raft.server.log.force.sync.num = 128 (default)
2022-10-28 11:28:53,261 [pool-95-thread-1] INFO  server.RaftServerConfigKeys (ConfUtils.java:logGet(46)) - raft.server.log.statemachine.data.sync = true (default)
2022-10-28 11:28:53,261 [pool-95-thread-1] INFO  server.RaftServerConfigKeys (ConfUtils.java:logGet(46)) - raft.server.log.statemachine.data.sync.timeout = 10s (default)
2022-10-28 11:28:53,261 [pool-95-thread-1] INFO  server.RaftServerConfigKeys (ConfUtils.java:logGet(46)) - raft.server.log.statemachine.data.sync.timeout.retry = -1 (default)
2022-10-28 11:28:53,263 [EventQueue-OpenPipelineForHealthyPipelineSafeModeRule] INFO  safemode.SCMSafeModeManager (HealthyPipelineSafeModeRule.java:process(137)) - SCM in safe mode. Healthy pipelines reported count is 0, required healthy pipeline reported count is 1
2022-10-28 11:28:53,264 [pool-95-thread-1] INFO  server.RaftServerConfigKeys (ConfUtils.java:logGet(46)) - raft.server.log.write.buffer.size = 1048576 (custom)
2022-10-28 11:28:53,265 [pool-95-thread-1] INFO  server.RaftServerConfigKeys (ConfUtils.java:logGet(46)) - raft.server.log.unsafe-flush.enabled = false (default)
2022-10-28 11:28:53,265 [pool-95-thread-1] INFO  server.RaftServerConfigKeys (ConfUtils.java:logGet(46)) - raft.server.log.async-flush.enabled = false (default)
2022-10-28 11:28:53,265 [pool-95-thread-1] INFO  server.RaftServerConfigKeys (ConfUtils.java:logGet(46)) - raft.server.log.statemachine.data.caching.enabled = true (custom)
2022-10-28 11:28:53,265 [pool-95-thread-1] INFO  segmented.SegmentedRaftLogWorker (SegmentedRaftLogWorker.java:lambda$new$0(136)) - 1914ef14-e927-4aee-a78a-186b0a6a783b@group-6EDC1BDBC3EA-SegmentedRaftLogWorker: flushIndex: setUnconditionally 0 -> -1
2022-10-28 11:28:53,265 [pool-95-thread-1] INFO  segmented.SegmentedRaftLogWorker (SegmentedRaftLogWorker.java:lambda$new$0(136)) - 1914ef14-e927-4aee-a78a-186b0a6a783b@group-6EDC1BDBC3EA-SegmentedRaftLogWorker: safeCacheEvictIndex: setUnconditionally 0 -> -1
2022-10-28 11:28:53,265 [pool-95-thread-1] INFO  server.RaftServer$Division (RaftServerImpl.java:start(334)) - 1914ef14-e927-4aee-a78a-186b0a6a783b@group-6EDC1BDBC3EA: start as a follower, conf=-1: peers:[1914ef14-e927-4aee-a78a-186b0a6a783b|rpc:10.1.0.114:45645|priority:0|startupRole:FOLLOWER, 4117c80f-d61a-41ff-a958-d6b4139221af|rpc:10.1.0.114:40159|priority:0|startupRole:FOLLOWER, 0c9bf628-edfc-473a-824e-eb061e1afdb3|rpc:10.1.0.114:43977|priority:1|startupRole:FOLLOWER]|listeners:[], old=null
2022-10-28 11:28:53,265 [pool-95-thread-1] INFO  server.RaftServer$Division (RaftServerImpl.java:setRole(321)) - 1914ef14-e927-4aee-a78a-186b0a6a783b@group-6EDC1BDBC3EA: changes role from      null to FOLLOWER at term 0 for startAsFollower
2022-10-28 11:28:53,265 [pool-95-thread-1] INFO  impl.RoleInfo (RoleInfo.java:updateAndGet(139)) - 1914ef14-e927-4aee-a78a-186b0a6a783b: start 1914ef14-e927-4aee-a78a-186b0a6a783b@group-6EDC1BDBC3EA-FollowerState
2022-10-28 11:28:53,266 [pool-95-thread-1] INFO  util.JmxRegister (JmxRegister.java:tryRegister(44)) - Successfully registered JMX Bean with object name Ratis:service=RaftServer,group=group-6EDC1BDBC3EA,id=1914ef14-e927-4aee-a78a-186b0a6a783b
2022-10-28 11:28:53,266 [pool-95-thread-1] INFO  server.RaftServerConfigKeys (ConfUtils.java:logGet(46)) - raft.server.snapshot.auto.trigger.enabled = true (custom)
2022-10-28 11:28:53,266 [pool-95-thread-1] INFO  server.RaftServerConfigKeys (ConfUtils.java:logGet(46)) - raft.server.snapshot.auto.trigger.threshold = 10000 (custom)
2022-10-28 11:28:53,266 [pool-95-thread-1] INFO  server.RaftServerConfigKeys (ConfUtils.java:logGet(46)) - raft.server.snapshot.retention.file.num = 5 (custom)
2022-10-28 11:28:53,266 [pool-95-thread-1] INFO  server.RaftServerConfigKeys (ConfUtils.java:logGet(46)) - raft.server.log.purge.upto.snapshot.index = false (default)
2022-10-28 11:28:53,266 [1914ef14-e927-4aee-a78a-186b0a6a783b@group-6EDC1BDBC3EA-FollowerState] INFO  server.RaftServerConfigKeys (ConfUtils.java:logFallback(53)) - raft.server.rpc.first-election.timeout.min = 5s (fallback to raft.server.rpc.timeout.min)
2022-10-28 11:28:53,267 [1914ef14-e927-4aee-a78a-186b0a6a783b@group-6EDC1BDBC3EA-FollowerState] INFO  server.RaftServerConfigKeys (ConfUtils.java:logFallback(53)) - raft.server.rpc.first-election.timeout.max = 5200ms (fallback to raft.server.rpc.timeout.max)
2022-10-28 11:28:53,267 [Command processor thread] INFO  ratis.XceiverServerRatis (XceiverServerRatis.java:addGroup(765)) - Created group PipelineID=7b572f3d-fa43-4e84-bbda-6edc1bdbc3ea
2022-10-28 11:28:53,362 [grpc-default-executor-0] INFO  server.RaftServer (RaftServerProxy.java:addNew(96)) - 4117c80f-d61a-41ff-a958-d6b4139221af: addNew group-6EDC1BDBC3EA:[1914ef14-e927-4aee-a78a-186b0a6a783b|rpc:10.1.0.114:45645|dataStream:|priority:0|startupRole:FOLLOWER, 4117c80f-d61a-41ff-a958-d6b4139221af|rpc:10.1.0.114:40159|dataStream:|priority:0|startupRole:FOLLOWER, 0c9bf628-edfc-473a-824e-eb061e1afdb3|rpc:10.1.0.114:43977|dataStream:|priority:1|startupRole:FOLLOWER] returns group-6EDC1BDBC3EA:java.util.concurrent.CompletableFuture@7fb44648[Not completed]
2022-10-28 11:28:53,363 [pool-118-thread-1] INFO  server.RaftServer$Division (RaftServerImpl.java:<init>(195)) - 4117c80f-d61a-41ff-a958-d6b4139221af: new RaftServerImpl for group-6EDC1BDBC3EA:[1914ef14-e927-4aee-a78a-186b0a6a783b|rpc:10.1.0.114:45645|dataStream:|priority:0|startupRole:FOLLOWER, 4117c80f-d61a-41ff-a958-d6b4139221af|rpc:10.1.0.114:40159|dataStream:|priority:0|startupRole:FOLLOWER, 0c9bf628-edfc-473a-824e-eb061e1afdb3|rpc:10.1.0.114:43977|dataStream:|priority:1|startupRole:FOLLOWER] with ContainerStateMachine:uninitialized
2022-10-28 11:28:53,363 [pool-118-thread-1] INFO  server.RaftServerConfigKeys (ConfUtils.java:logGet(46)) - raft.server.rpc.timeout.min = 5s (custom)
2022-10-28 11:28:53,363 [pool-118-thread-1] INFO  server.RaftServerConfigKeys (ConfUtils.java:logGet(46)) - raft.server.rpc.timeout.max = 5200ms (custom)
2022-10-28 11:28:53,363 [pool-118-thread-1] INFO  server.RaftServerConfigKeys (ConfUtils.java:logGet(46)) - raft.server.rpc.sleep.time = 25ms (default)
2022-10-28 11:28:53,363 [pool-118-thread-1] INFO  server.RaftServerConfigKeys (ConfUtils.java:logGet(46)) - raft.server.rpc.slowness.timeout = 300s (custom)
2022-10-28 11:28:53,363 [pool-118-thread-1] INFO  server.RaftServerConfigKeys (ConfUtils.java:logGet(46)) - raft.server.leaderelection.leader.step-down.wait-time = 10s (default)
2022-10-28 11:28:53,363 [pool-118-thread-1] INFO  server.RaftServerConfigKeys (ConfUtils.java:logGet(46)) - raft.server.sleep.deviation.threshold = 300ms (default)
2022-10-28 11:28:53,363 [pool-118-thread-1] INFO  server.RaftServer$Division (ServerState.java:<init>(118)) - 4117c80f-d61a-41ff-a958-d6b4139221af@group-6EDC1BDBC3EA: ConfigurationManager, init=-1: peers:[1914ef14-e927-4aee-a78a-186b0a6a783b|rpc:10.1.0.114:45645|dataStream:|priority:0|startupRole:FOLLOWER, 4117c80f-d61a-41ff-a958-d6b4139221af|rpc:10.1.0.114:40159|dataStream:|priority:0|startupRole:FOLLOWER, 0c9bf628-edfc-473a-824e-eb061e1afdb3|rpc:10.1.0.114:43977|dataStream:|priority:1|startupRole:FOLLOWER]|listeners:[], old=null, confs=<EMPTY_MAP>
2022-10-28 11:28:53,363 [pool-118-thread-1] INFO  server.RaftServerConfigKeys (ConfUtils.java:logGet(46)) - raft.server.storage.dir = [/home/runner/work/ozone/ozone/hadoop-ozone/integration-test/target/test-dir/MiniOzoneClusterImpl-6ee34448-fbd8-4951-8ae1-d137d06ced7b/datanode-2/data/ratis] (custom)
2022-10-28 11:28:53,363 [pool-118-thread-1] INFO  server.RaftServerConfigKeys (ConfUtils.java:logGet(46)) - raft.server.log.corruption.policy = EXCEPTION (default)
2022-10-28 11:28:53,363 [pool-118-thread-1] INFO  server.RaftServerConfigKeys (ConfUtils.java:logGet(46)) - raft.server.storage.free-space.min = 0MB (=0) (default)
2022-10-28 11:28:53,363 [pool-118-thread-1] INFO  server.RaftServerConfigKeys (ConfUtils.java:logGet(46)) - raft.server.notification.no-leader.timeout = 300s (custom)
2022-10-28 11:28:53,363 [pool-118-thread-1] INFO  server.RaftServerConfigKeys (ConfUtils.java:logGet(46)) - raft.server.retrycache.expirytime = 600000ms (custom)
2022-10-28 11:28:53,364 [pool-118-thread-1] INFO  server.RaftServerConfigKeys (ConfUtils.java:logGet(46)) - raft.server.retrycache.statistics.expirytime = 100μs (default)
2022-10-28 11:28:53,365 [pool-118-thread-1] INFO  server.RaftServerConfigKeys (ConfUtils.java:logGet(46)) - raft.server.log.appender.install.snapshot.enabled = false (custom)
2022-10-28 11:28:53,365 [pool-118-thread-1] INFO  server.RaftServerConfigKeys (ConfUtils.java:logGet(46)) - raft.server.threadpool.server.cached = true (default)
2022-10-28 11:28:53,365 [pool-118-thread-1] INFO  server.RaftServerConfigKeys (ConfUtils.java:logGet(46)) - raft.server.threadpool.server.size = 0 (default)
2022-10-28 11:28:53,366 [pool-118-thread-1] INFO  server.RaftServerConfigKeys (ConfUtils.java:logGet(46)) - raft.server.threadpool.client.cached = true (default)
2022-10-28 11:28:53,366 [pool-118-thread-1] INFO  server.RaftServerConfigKeys (ConfUtils.java:logGet(46)) - raft.server.threadpool.client.size = 0 (default)
2022-10-28 11:28:53,366 [pool-118-thread-1] INFO  storage.RaftStorageDirectory (RaftStorageDirectoryImpl.java:analyzeStorage(137)) - The storage directory /home/runner/work/ozone/ozone/hadoop-ozone/integration-test/target/test-dir/MiniOzoneClusterImpl-6ee34448-fbd8-4951-8ae1-d137d06ced7b/datanode-2/data/ratis/7b572f3d-fa43-4e84-bbda-6edc1bdbc3ea does not exist. Creating ...
2022-10-28 11:28:53,366 [pool-118-thread-1] INFO  storage.RaftStorageDirectory (RaftStorageDirectoryImpl.java:tryLock(231)) - Lock on /home/runner/work/ozone/ozone/hadoop-ozone/integration-test/target/test-dir/MiniOzoneClusterImpl-6ee34448-fbd8-4951-8ae1-d137d06ced7b/datanode-2/data/ratis/7b572f3d-fa43-4e84-bbda-6edc1bdbc3ea/in_use.lock acquired by nodename 13878@fv-az700-396
2022-10-28 11:28:53,367 [pool-118-thread-1] INFO  storage.RaftStorage (RaftStorageImpl.java:format(96)) - Storage directory /home/runner/work/ozone/ozone/hadoop-ozone/integration-test/target/test-dir/MiniOzoneClusterImpl-6ee34448-fbd8-4951-8ae1-d137d06ced7b/datanode-2/data/ratis/7b572f3d-fa43-4e84-bbda-6edc1bdbc3ea has been successfully formatted.
2022-10-28 11:28:53,377 [pool-118-thread-1] INFO  ratis.ContainerStateMachine (ContainerStateMachine.java:loadSnapshot(236)) - group-6EDC1BDBC3EA: The snapshot info is null. Setting the last applied indexto:(t:0, i:~)
2022-10-28 11:28:53,378 [pool-118-thread-1] INFO  server.RaftServerConfigKeys (ConfUtils.java:logGet(46)) - raft.server.log.use.memory = false (default)
2022-10-28 11:28:53,378 [pool-118-thread-1] INFO  server.RaftServerConfigKeys (ConfUtils.java:logGet(46)) - raft.server.log.purge.gap = 1000000 (custom)
2022-10-28 11:28:53,378 [pool-118-thread-1] INFO  server.RaftServerConfigKeys (ConfUtils.java:logGet(46)) - raft.server.log.appender.buffer.byte-limit = 33554432 (custom)
2022-10-28 11:28:53,378 [pool-118-thread-1] INFO  server.RaftServerConfigKeys (ConfUtils.java:logGet(46)) - raft.server.log.statemachine.data.read.timeout = 1000ms (default)
2022-10-28 11:28:53,378 [pool-118-thread-1] INFO  server.RaftServerConfigKeys (ConfUtils.java:logGet(46)) - raft.server.log.purge.preservation.log.num = 0 (default)
2022-10-28 11:28:53,378 [pool-118-thread-1] INFO  server.RaftServerConfigKeys (ConfUtils.java:logGet(46)) - raft.server.log.segment.size.max = 1048576 (custom)
2022-10-28 11:28:53,379 [pool-118-thread-1] INFO  server.RaftServerConfigKeys (ConfUtils.java:logGet(46)) - raft.server.log.segment.cache.num.max = 2 (custom)
2022-10-28 11:28:53,379 [pool-118-thread-1] INFO  server.RaftServerConfigKeys (ConfUtils.java:logGet(46)) - raft.server.log.segment.cache.size.max = 200MB (=209715200) (default)
2022-10-28 11:28:53,379 [pool-118-thread-1] INFO  segmented.SegmentedRaftLogWorker (SegmentedRaftLogWorker.java:<init>(191)) - new 4117c80f-d61a-41ff-a958-d6b4139221af@group-6EDC1BDBC3EA-SegmentedRaftLogWorker for RaftStorageImpl:Storage Directory /home/runner/work/ozone/ozone/hadoop-ozone/integration-test/target/test-dir/MiniOzoneClusterImpl-6ee34448-fbd8-4951-8ae1-d137d06ced7b/datanode-2/data/ratis/7b572f3d-fa43-4e84-bbda-6edc1bdbc3ea
2022-10-28 11:28:53,379 [pool-118-thread-1] INFO  server.RaftServerConfigKeys (ConfUtils.java:logGet(46)) - raft.server.log.queue.byte-limit = 4294967296 (custom)
2022-10-28 11:28:53,379 [pool-118-thread-1] INFO  server.RaftServerConfigKeys (ConfUtils.java:logGet(46)) - raft.server.log.queue.element-limit = 1024 (custom)
2022-10-28 11:28:53,379 [pool-118-thread-1] INFO  server.RaftServerConfigKeys (ConfUtils.java:logGet(46)) - raft.server.log.segment.size.max = 1048576 (custom)
2022-10-28 11:28:53,379 [pool-118-thread-1] INFO  server.RaftServerConfigKeys (ConfUtils.java:logGet(46)) - raft.server.log.preallocated.size = 16384 (custom)
2022-10-28 11:28:53,379 [pool-118-thread-1] INFO  server.RaftServerConfigKeys (ConfUtils.java:logGet(46)) - raft.server.log.force.sync.num = 128 (default)
2022-10-28 11:28:53,379 [pool-118-thread-1] INFO  server.RaftServerConfigKeys (ConfUtils.java:logGet(46)) - raft.server.log.statemachine.data.sync = true (default)
2022-10-28 11:28:53,379 [pool-118-thread-1] INFO  server.RaftServerConfigKeys (ConfUtils.java:logGet(46)) - raft.server.log.statemachine.data.sync.timeout = 10s (default)
2022-10-28 11:28:53,379 [pool-118-thread-1] INFO  server.RaftServerConfigKeys (ConfUtils.java:logGet(46)) - raft.server.log.statemachine.data.sync.timeout.retry = -1 (default)
2022-10-28 11:28:53,380 [pool-118-thread-1] INFO  server.RaftServerConfigKeys (ConfUtils.java:logGet(46)) - raft.server.log.write.buffer.size = 1048576 (custom)
2022-10-28 11:28:53,381 [pool-118-thread-1] INFO  server.RaftServerConfigKeys (ConfUtils.java:logGet(46)) - raft.server.log.unsafe-flush.enabled = false (default)
2022-10-28 11:28:53,381 [pool-118-thread-1] INFO  server.RaftServerConfigKeys (ConfUtils.java:logGet(46)) - raft.server.log.async-flush.enabled = false (default)
2022-10-28 11:28:53,381 [pool-118-thread-1] INFO  server.RaftServerConfigKeys (ConfUtils.java:logGet(46)) - raft.server.log.statemachine.data.caching.enabled = true (custom)
2022-10-28 11:28:53,381 [pool-118-thread-1] INFO  segmented.SegmentedRaftLogWorker (SegmentedRaftLogWorker.java:lambda$new$0(136)) - 4117c80f-d61a-41ff-a958-d6b4139221af@group-6EDC1BDBC3EA-SegmentedRaftLogWorker: flushIndex: setUnconditionally 0 -> -1
2022-10-28 11:28:53,382 [pool-118-thread-1] INFO  segmented.SegmentedRaftLogWorker (SegmentedRaftLogWorker.java:lambda$new$0(136)) - 4117c80f-d61a-41ff-a958-d6b4139221af@group-6EDC1BDBC3EA-SegmentedRaftLogWorker: safeCacheEvictIndex: setUnconditionally 0 -> -1
2022-10-28 11:28:53,402 [pool-118-thread-1] INFO  server.RaftServer$Division (RaftServerImpl.java:start(334)) - 4117c80f-d61a-41ff-a958-d6b4139221af@group-6EDC1BDBC3EA: start as a follower, conf=-1: peers:[1914ef14-e927-4aee-a78a-186b0a6a783b|rpc:10.1.0.114:45645|dataStream:|priority:0|startupRole:FOLLOWER, 4117c80f-d61a-41ff-a958-d6b4139221af|rpc:10.1.0.114:40159|dataStream:|priority:0|startupRole:FOLLOWER, 0c9bf628-edfc-473a-824e-eb061e1afdb3|rpc:10.1.0.114:43977|dataStream:|priority:1|startupRole:FOLLOWER]|listeners:[], old=null
2022-10-28 11:28:53,402 [pool-118-thread-1] INFO  server.RaftServer$Division (RaftServerImpl.java:setRole(321)) - 4117c80f-d61a-41ff-a958-d6b4139221af@group-6EDC1BDBC3EA: changes role from      null to FOLLOWER at term 0 for startAsFollower
2022-10-28 11:28:53,402 [pool-118-thread-1] INFO  impl.RoleInfo (RoleInfo.java:updateAndGet(139)) - 4117c80f-d61a-41ff-a958-d6b4139221af: start 4117c80f-d61a-41ff-a958-d6b4139221af@group-6EDC1BDBC3EA-FollowerState
2022-10-28 11:28:53,402 [pool-118-thread-1] INFO  util.JmxRegister (JmxRegister.java:tryRegister(44)) - Successfully registered JMX Bean with object name Ratis:service=RaftServer,group=group-6EDC1BDBC3EA,id=4117c80f-d61a-41ff-a958-d6b4139221af
2022-10-28 11:28:53,402 [4117c80f-d61a-41ff-a958-d6b4139221af@group-6EDC1BDBC3EA-FollowerState] INFO  server.RaftServerConfigKeys (ConfUtils.java:logFallback(53)) - raft.server.rpc.first-election.timeout.min = 5s (fallback to raft.server.rpc.timeout.min)
2022-10-28 11:28:53,407 [pool-118-thread-1] INFO  server.RaftServerConfigKeys (ConfUtils.java:logGet(46)) - raft.server.snapshot.auto.trigger.enabled = true (custom)
2022-10-28 11:28:53,407 [4117c80f-d61a-41ff-a958-d6b4139221af@group-6EDC1BDBC3EA-FollowerState] INFO  server.RaftServerConfigKeys (ConfUtils.java:logFallback(53)) - raft.server.rpc.first-election.timeout.max = 5200ms (fallback to raft.server.rpc.timeout.max)
2022-10-28 11:28:53,407 [pool-118-thread-1] INFO  server.RaftServerConfigKeys (ConfUtils.java:logGet(46)) - raft.server.snapshot.auto.trigger.threshold = 10000 (custom)
2022-10-28 11:28:53,407 [pool-118-thread-1] INFO  server.RaftServerConfigKeys (ConfUtils.java:logGet(46)) - raft.server.snapshot.retention.file.num = 5 (custom)
2022-10-28 11:28:53,407 [pool-118-thread-1] INFO  server.RaftServerConfigKeys (ConfUtils.java:logGet(46)) - raft.server.log.purge.upto.snapshot.index = false (default)
2022-10-28 11:28:53,472 [Command processor thread] INFO  commandhandler.CreatePipelineCommandHandler (CreatePipelineCommandHandler.java:handle(113)) - Created Pipeline RATIS THREE PipelineID=7b572f3d-fa43-4e84-bbda-6edc1bdbc3ea.
2022-10-28 11:28:53,475 [Command processor thread] INFO  server.RaftServer (RaftServerProxy.java:addNew(96)) - 0c9bf628-edfc-473a-824e-eb061e1afdb3: addNew group-B457E25CD9B9:[1914ef14-e927-4aee-a78a-186b0a6a783b|rpc:10.1.0.114:45645|priority:1|startupRole:FOLLOWER, 4117c80f-d61a-41ff-a958-d6b4139221af|rpc:10.1.0.114:40159|priority:0|startupRole:FOLLOWER, 0c9bf628-edfc-473a-824e-eb061e1afdb3|rpc:10.1.0.114:43977|priority:0|startupRole:FOLLOWER] returns group-B457E25CD9B9:java.util.concurrent.CompletableFuture@382c2421[Not completed]
2022-10-28 11:28:53,477 [pool-72-thread-1] INFO  server.RaftServer$Division (RaftServerImpl.java:<init>(195)) - 0c9bf628-edfc-473a-824e-eb061e1afdb3: new RaftServerImpl for group-B457E25CD9B9:[1914ef14-e927-4aee-a78a-186b0a6a783b|rpc:10.1.0.114:45645|priority:1|startupRole:FOLLOWER, 4117c80f-d61a-41ff-a958-d6b4139221af|rpc:10.1.0.114:40159|priority:0|startupRole:FOLLOWER, 0c9bf628-edfc-473a-824e-eb061e1afdb3|rpc:10.1.0.114:43977|priority:0|startupRole:FOLLOWER] with ContainerStateMachine:uninitialized
2022-10-28 11:28:53,477 [pool-72-thread-1] INFO  server.RaftServerConfigKeys (ConfUtils.java:logGet(46)) - raft.server.rpc.timeout.min = 5s (custom)
2022-10-28 11:28:53,477 [pool-72-thread-1] INFO  server.RaftServerConfigKeys (ConfUtils.java:logGet(46)) - raft.server.rpc.timeout.max = 5200ms (custom)
2022-10-28 11:28:53,477 [pool-72-thread-1] INFO  server.RaftServerConfigKeys (ConfUtils.java:logGet(46)) - raft.server.rpc.sleep.time = 25ms (default)
2022-10-28 11:28:53,477 [pool-72-thread-1] INFO  server.RaftServerConfigKeys (ConfUtils.java:logGet(46)) - raft.server.rpc.slowness.timeout = 300s (custom)
2022-10-28 11:28:53,477 [pool-72-thread-1] INFO  server.RaftServerConfigKeys (ConfUtils.java:logGet(46)) - raft.server.leaderelection.leader.step-down.wait-time = 10s (default)
2022-10-28 11:28:53,477 [pool-72-thread-1] INFO  server.RaftServerConfigKeys (ConfUtils.java:logGet(46)) - raft.server.sleep.deviation.threshold = 300ms (default)
2022-10-28 11:28:53,477 [pool-72-thread-1] INFO  server.RaftServer$Division (ServerState.java:<init>(118)) - 0c9bf628-edfc-473a-824e-eb061e1afdb3@group-B457E25CD9B9: ConfigurationManager, init=-1: peers:[1914ef14-e927-4aee-a78a-186b0a6a783b|rpc:10.1.0.114:45645|priority:1|startupRole:FOLLOWER, 4117c80f-d61a-41ff-a958-d6b4139221af|rpc:10.1.0.114:40159|priority:0|startupRole:FOLLOWER, 0c9bf628-edfc-473a-824e-eb061e1afdb3|rpc:10.1.0.114:43977|priority:0|startupRole:FOLLOWER]|listeners:[], old=null, confs=<EMPTY_MAP>
2022-10-28 11:28:53,478 [pool-72-thread-1] INFO  server.RaftServerConfigKeys (ConfUtils.java:logGet(46)) - raft.server.storage.dir = [/home/runner/work/ozone/ozone/hadoop-ozone/integration-test/target/test-dir/MiniOzoneClusterImpl-6ee34448-fbd8-4951-8ae1-d137d06ced7b/datanode-0/data/ratis] (custom)
2022-10-28 11:28:53,478 [pool-72-thread-1] INFO  server.RaftServerConfigKeys (ConfUtils.java:logGet(46)) - raft.server.log.corruption.policy = EXCEPTION (default)
2022-10-28 11:28:53,478 [pool-72-thread-1] INFO  server.RaftServerConfigKeys (ConfUtils.java:logGet(46)) - raft.server.storage.free-space.min = 0MB (=0) (default)
2022-10-28 11:28:53,478 [pool-72-thread-1] INFO  server.RaftServerConfigKeys (ConfUtils.java:logGet(46)) - raft.server.notification.no-leader.timeout = 300s (custom)
2022-10-28 11:28:53,478 [pool-72-thread-1] INFO  server.RaftServerConfigKeys (ConfUtils.java:logGet(46)) - raft.server.retrycache.expirytime = 600000ms (custom)
2022-10-28 11:28:53,479 [pool-72-thread-1] INFO  server.RaftServerConfigKeys (ConfUtils.java:logGet(46)) - raft.server.retrycache.statistics.expirytime = 100μs (default)
2022-10-28 11:28:53,482 [pool-72-thread-1] INFO  server.RaftServerConfigKeys (ConfUtils.java:logGet(46)) - raft.server.log.appender.install.snapshot.enabled = false (custom)
2022-10-28 11:28:53,483 [pool-72-thread-1] INFO  server.RaftServerConfigKeys (ConfUtils.java:logGet(46)) - raft.server.threadpool.server.cached = true (default)
2022-10-28 11:28:53,483 [pool-72-thread-1] INFO  server.RaftServerConfigKeys (ConfUtils.java:logGet(46)) - raft.server.threadpool.server.size = 0 (default)
2022-10-28 11:28:53,483 [pool-72-thread-1] INFO  server.RaftServerConfigKeys (ConfUtils.java:logGet(46)) - raft.server.threadpool.client.cached = true (default)
2022-10-28 11:28:53,483 [pool-72-thread-1] INFO  server.RaftServerConfigKeys (ConfUtils.java:logGet(46)) - raft.server.threadpool.client.size = 0 (default)
2022-10-28 11:28:53,483 [pool-72-thread-1] INFO  storage.RaftStorageDirectory (RaftStorageDirectoryImpl.java:analyzeStorage(137)) - The storage directory /home/runner/work/ozone/ozone/hadoop-ozone/integration-test/target/test-dir/MiniOzoneClusterImpl-6ee34448-fbd8-4951-8ae1-d137d06ced7b/datanode-0/data/ratis/a4cea835-1fa5-4d69-8b7a-b457e25cd9b9 does not exist. Creating ...
2022-10-28 11:28:53,485 [pool-72-thread-1] INFO  storage.RaftStorageDirectory (RaftStorageDirectoryImpl.java:tryLock(231)) - Lock on /home/runner/work/ozone/ozone/hadoop-ozone/integration-test/target/test-dir/MiniOzoneClusterImpl-6ee34448-fbd8-4951-8ae1-d137d06ced7b/datanode-0/data/ratis/a4cea835-1fa5-4d69-8b7a-b457e25cd9b9/in_use.lock acquired by nodename 13878@fv-az700-396
2022-10-28 11:28:53,490 [pool-72-thread-1] INFO  storage.RaftStorage (RaftStorageImpl.java:format(96)) - Storage directory /home/runner/work/ozone/ozone/hadoop-ozone/integration-test/target/test-dir/MiniOzoneClusterImpl-6ee34448-fbd8-4951-8ae1-d137d06ced7b/datanode-0/data/ratis/a4cea835-1fa5-4d69-8b7a-b457e25cd9b9 has been successfully formatted.
2022-10-28 11:28:53,490 [pool-72-thread-1] INFO  ratis.ContainerStateMachine (ContainerStateMachine.java:loadSnapshot(236)) - group-B457E25CD9B9: The snapshot info is null. Setting the last applied indexto:(t:0, i:~)
2022-10-28 11:28:53,490 [pool-72-thread-1] INFO  server.RaftServerConfigKeys (ConfUtils.java:logGet(46)) - raft.server.log.use.memory = false (default)
2022-10-28 11:28:53,490 [pool-72-thread-1] INFO  server.RaftServerConfigKeys (ConfUtils.java:logGet(46)) - raft.server.log.purge.gap = 1000000 (custom)
2022-10-28 11:28:53,490 [pool-72-thread-1] INFO  server.RaftServerConfigKeys (ConfUtils.java:logGet(46)) - raft.server.log.appender.buffer.byte-limit = 33554432 (custom)
2022-10-28 11:28:53,490 [pool-72-thread-1] INFO  server.RaftServerConfigKeys (ConfUtils.java:logGet(46)) - raft.server.log.statemachine.data.read.timeout = 1000ms (default)
2022-10-28 11:28:53,490 [pool-72-thread-1] INFO  server.RaftServerConfigKeys (ConfUtils.java:logGet(46)) - raft.server.log.purge.preservation.log.num = 0 (default)
2022-10-28 11:28:53,491 [pool-72-thread-1] INFO  server.RaftServerConfigKeys (ConfUtils.java:logGet(46)) - raft.server.log.segment.size.max = 1048576 (custom)
2022-10-28 11:28:53,492 [pool-72-thread-1] INFO  server.RaftServerConfigKeys (ConfUtils.java:logGet(46)) - raft.server.log.segment.cache.num.max = 2 (custom)
2022-10-28 11:28:53,492 [pool-72-thread-1] INFO  server.RaftServerConfigKeys (ConfUtils.java:logGet(46)) - raft.server.log.segment.cache.size.max = 200MB (=209715200) (default)
2022-10-28 11:28:53,492 [pool-72-thread-1] INFO  segmented.SegmentedRaftLogWorker (SegmentedRaftLogWorker.java:<init>(191)) - new 0c9bf628-edfc-473a-824e-eb061e1afdb3@group-B457E25CD9B9-SegmentedRaftLogWorker for RaftStorageImpl:Storage Directory /home/runner/work/ozone/ozone/hadoop-ozone/integration-test/target/test-dir/MiniOzoneClusterImpl-6ee34448-fbd8-4951-8ae1-d137d06ced7b/datanode-0/data/ratis/a4cea835-1fa5-4d69-8b7a-b457e25cd9b9
2022-10-28 11:28:53,492 [pool-72-thread-1] INFO  server.RaftServerConfigKeys (ConfUtils.java:logGet(46)) - raft.server.log.queue.byte-limit = 4294967296 (custom)
2022-10-28 11:28:53,492 [pool-72-thread-1] INFO  server.RaftServerConfigKeys (ConfUtils.java:logGet(46)) - raft.server.log.queue.element-limit = 1024 (custom)
2022-10-28 11:28:53,492 [pool-72-thread-1] INFO  server.RaftServerConfigKeys (ConfUtils.java:logGet(46)) - raft.server.log.segment.size.max = 1048576 (custom)
2022-10-28 11:28:53,492 [pool-72-thread-1] INFO  server.RaftServerConfigKeys (ConfUtils.java:logGet(46)) - raft.server.log.preallocated.size = 16384 (custom)
2022-10-28 11:28:53,492 [EventQueue-OpenPipelineForHealthyPipelineSafeModeRule] INFO  safemode.SCMSafeModeManager (HealthyPipelineSafeModeRule.java:process(137)) - SCM in safe mode. Healthy pipelines reported count is 0, required healthy pipeline reported count is 1
2022-10-28 11:28:53,492 [pool-72-thread-1] INFO  server.RaftServerConfigKeys (ConfUtils.java:logGet(46)) - raft.server.log.force.sync.num = 128 (default)
2022-10-28 11:28:53,497 [pool-72-thread-1] INFO  server.RaftServerConfigKeys (ConfUtils.java:logGet(46)) - raft.server.log.statemachine.data.sync = true (default)
2022-10-28 11:28:53,497 [pool-72-thread-1] INFO  server.RaftServerConfigKeys (ConfUtils.java:logGet(46)) - raft.server.log.statemachine.data.sync.timeout = 10s (default)
2022-10-28 11:28:53,497 [pool-72-thread-1] INFO  server.RaftServerConfigKeys (ConfUtils.java:logGet(46)) - raft.server.log.statemachine.data.sync.timeout.retry = -1 (default)
2022-10-28 11:28:53,498 [pool-72-thread-1] INFO  server.RaftServerConfigKeys (ConfUtils.java:logGet(46)) - raft.server.log.write.buffer.size = 1048576 (custom)
2022-10-28 11:28:53,499 [pool-72-thread-1] INFO  server.RaftServerConfigKeys (ConfUtils.java:logGet(46)) - raft.server.log.unsafe-flush.enabled = false (default)
2022-10-28 11:28:53,499 [pool-72-thread-1] INFO  server.RaftServerConfigKeys (ConfUtils.java:logGet(46)) - raft.server.log.async-flush.enabled = false (default)
2022-10-28 11:28:53,499 [pool-72-thread-1] INFO  server.RaftServerConfigKeys (ConfUtils.java:logGet(46)) - raft.server.log.statemachine.data.caching.enabled = true (custom)
2022-10-28 11:28:53,499 [pool-72-thread-1] INFO  segmented.SegmentedRaftLogWorker (SegmentedRaftLogWorker.java:lambda$new$0(136)) - 0c9bf628-edfc-473a-824e-eb061e1afdb3@group-B457E25CD9B9-SegmentedRaftLogWorker: flushIndex: setUnconditionally 0 -> -1
2022-10-28 11:28:53,499 [pool-72-thread-1] INFO  segmented.SegmentedRaftLogWorker (SegmentedRaftLogWorker.java:lambda$new$0(136)) - 0c9bf628-edfc-473a-824e-eb061e1afdb3@group-B457E25CD9B9-SegmentedRaftLogWorker: safeCacheEvictIndex: setUnconditionally 0 -> -1
2022-10-28 11:28:53,508 [pool-72-thread-1] INFO  server.RaftServer$Division (RaftServerImpl.java:start(334)) - 0c9bf628-edfc-473a-824e-eb061e1afdb3@group-B457E25CD9B9: start as a follower, conf=-1: peers:[1914ef14-e927-4aee-a78a-186b0a6a783b|rpc:10.1.0.114:45645|priority:1|startupRole:FOLLOWER, 4117c80f-d61a-41ff-a958-d6b4139221af|rpc:10.1.0.114:40159|priority:0|startupRole:FOLLOWER, 0c9bf628-edfc-473a-824e-eb061e1afdb3|rpc:10.1.0.114:43977|priority:0|startupRole:FOLLOWER]|listeners:[], old=null
2022-10-28 11:28:53,508 [pool-72-thread-1] INFO  server.RaftServer$Division (RaftServerImpl.java:setRole(321)) - 0c9bf628-edfc-473a-824e-eb061e1afdb3@group-B457E25CD9B9: changes role from      null to FOLLOWER at term 0 for startAsFollower
2022-10-28 11:28:53,508 [pool-72-thread-1] INFO  impl.RoleInfo (RoleInfo.java:updateAndGet(139)) - 0c9bf628-edfc-473a-824e-eb061e1afdb3: start 0c9bf628-edfc-473a-824e-eb061e1afdb3@group-B457E25CD9B9-FollowerState
2022-10-28 11:28:53,511 [pool-72-thread-1] INFO  util.JmxRegister (JmxRegister.java:tryRegister(44)) - Successfully registered JMX Bean with object name Ratis:service=RaftServer,group=group-B457E25CD9B9,id=0c9bf628-edfc-473a-824e-eb061e1afdb3
2022-10-28 11:28:53,511 [pool-72-thread-1] INFO  server.RaftServerConfigKeys (ConfUtils.java:logGet(46)) - raft.server.snapshot.auto.trigger.enabled = true (custom)
2022-10-28 11:28:53,511 [pool-72-thread-1] INFO  server.RaftServerConfigKeys (ConfUtils.java:logGet(46)) - raft.server.snapshot.auto.trigger.threshold = 10000 (custom)
2022-10-28 11:28:53,511 [pool-72-thread-1] INFO  server.RaftServerConfigKeys (ConfUtils.java:logGet(46)) - raft.server.snapshot.retention.file.num = 5 (custom)
2022-10-28 11:28:53,511 [pool-72-thread-1] INFO  server.RaftServerConfigKeys (ConfUtils.java:logGet(46)) - raft.server.log.purge.upto.snapshot.index = false (default)
2022-10-28 11:28:53,511 [0c9bf628-edfc-473a-824e-eb061e1afdb3@group-B457E25CD9B9-FollowerState] INFO  server.RaftServerConfigKeys (ConfUtils.java:logFallback(53)) - raft.server.rpc.first-election.timeout.min = 5s (fallback to raft.server.rpc.timeout.min)
2022-10-28 11:28:53,511 [0c9bf628-edfc-473a-824e-eb061e1afdb3@group-B457E25CD9B9-FollowerState] INFO  server.RaftServerConfigKeys (ConfUtils.java:logFallback(53)) - raft.server.rpc.first-election.timeout.max = 5200ms (fallback to raft.server.rpc.timeout.max)
2022-10-28 11:28:53,512 [Command processor thread] INFO  ratis.XceiverServerRatis (XceiverServerRatis.java:addGroup(765)) - Created group PipelineID=a4cea835-1fa5-4d69-8b7a-b457e25cd9b9
2022-10-28 11:28:53,519 [Command processor thread] INFO  commandhandler.CreatePipelineCommandHandler (CreatePipelineCommandHandler.java:handle(113)) - Created Pipeline RATIS THREE PipelineID=7b572f3d-fa43-4e84-bbda-6edc1bdbc3ea.
2022-10-28 11:28:53,520 [Command processor thread] INFO  server.RaftServer (RaftServerProxy.java:addNew(96)) - 1914ef14-e927-4aee-a78a-186b0a6a783b: addNew group-B457E25CD9B9:[1914ef14-e927-4aee-a78a-186b0a6a783b|rpc:10.1.0.114:45645|priority:1|startupRole:FOLLOWER, 4117c80f-d61a-41ff-a958-d6b4139221af|rpc:10.1.0.114:40159|priority:0|startupRole:FOLLOWER, 0c9bf628-edfc-473a-824e-eb061e1afdb3|rpc:10.1.0.114:43977|priority:0|startupRole:FOLLOWER] returns group-B457E25CD9B9:java.util.concurrent.CompletableFuture@7bb8be4c[Not completed]
2022-10-28 11:28:53,521 [pool-95-thread-1] INFO  server.RaftServer$Division (RaftServerImpl.java:<init>(195)) - 1914ef14-e927-4aee-a78a-186b0a6a783b: new RaftServerImpl for group-B457E25CD9B9:[1914ef14-e927-4aee-a78a-186b0a6a783b|rpc:10.1.0.114:45645|priority:1|startupRole:FOLLOWER, 4117c80f-d61a-41ff-a958-d6b4139221af|rpc:10.1.0.114:40159|priority:0|startupRole:FOLLOWER, 0c9bf628-edfc-473a-824e-eb061e1afdb3|rpc:10.1.0.114:43977|priority:0|startupRole:FOLLOWER] with ContainerStateMachine:uninitialized
2022-10-28 11:28:53,521 [pool-95-thread-1] INFO  server.RaftServerConfigKeys (ConfUtils.java:logGet(46)) - raft.server.rpc.timeout.min = 5s (custom)
2022-10-28 11:28:53,521 [pool-95-thread-1] INFO  server.RaftServerConfigKeys (ConfUtils.java:logGet(46)) - raft.server.rpc.timeout.max = 5200ms (custom)
2022-10-28 11:28:53,521 [pool-95-thread-1] INFO  server.RaftServerConfigKeys (ConfUtils.java:logGet(46)) - raft.server.rpc.sleep.time = 25ms (default)
2022-10-28 11:28:53,521 [pool-95-thread-1] INFO  server.RaftServerConfigKeys (ConfUtils.java:logGet(46)) - raft.server.rpc.slowness.timeout = 300s (custom)
2022-10-28 11:28:53,521 [pool-95-thread-1] INFO  server.RaftServerConfigKeys (ConfUtils.java:logGet(46)) - raft.server.leaderelection.leader.step-down.wait-time = 10s (default)
2022-10-28 11:28:53,521 [pool-95-thread-1] INFO  server.RaftServerConfigKeys (ConfUtils.java:logGet(46)) - raft.server.sleep.deviation.threshold = 300ms (default)
2022-10-28 11:28:53,522 [pool-95-thread-1] INFO  server.RaftServer$Division (ServerState.java:<init>(118)) - 1914ef14-e927-4aee-a78a-186b0a6a783b@group-B457E25CD9B9: ConfigurationManager, init=-1: peers:[1914ef14-e927-4aee-a78a-186b0a6a783b|rpc:10.1.0.114:45645|priority:1|startupRole:FOLLOWER, 4117c80f-d61a-41ff-a958-d6b4139221af|rpc:10.1.0.114:40159|priority:0|startupRole:FOLLOWER, 0c9bf628-edfc-473a-824e-eb061e1afdb3|rpc:10.1.0.114:43977|priority:0|startupRole:FOLLOWER]|listeners:[], old=null, confs=<EMPTY_MAP>
2022-10-28 11:28:53,522 [pool-95-thread-1] INFO  server.RaftServerConfigKeys (ConfUtils.java:logGet(46)) - raft.server.storage.dir = [/home/runner/work/ozone/ozone/hadoop-ozone/integration-test/target/test-dir/MiniOzoneClusterImpl-6ee34448-fbd8-4951-8ae1-d137d06ced7b/datanode-1/data/ratis] (custom)
2022-10-28 11:28:53,522 [pool-95-thread-1] INFO  server.RaftServerConfigKeys (ConfUtils.java:logGet(46)) - raft.server.log.corruption.policy = EXCEPTION (default)
2022-10-28 11:28:53,522 [pool-95-thread-1] INFO  server.RaftServerConfigKeys (ConfUtils.java:logGet(46)) - raft.server.storage.free-space.min = 0MB (=0) (default)
2022-10-28 11:28:53,522 [pool-95-thread-1] INFO  server.RaftServerConfigKeys (ConfUtils.java:logGet(46)) - raft.server.notification.no-leader.timeout = 300s (custom)
2022-10-28 11:28:53,522 [pool-95-thread-1] INFO  server.RaftServerConfigKeys (ConfUtils.java:logGet(46)) - raft.server.retrycache.expirytime = 600000ms (custom)
2022-10-28 11:28:53,522 [pool-95-thread-1] INFO  server.RaftServerConfigKeys (ConfUtils.java:logGet(46)) - raft.server.retrycache.statistics.expirytime = 100μs (default)
2022-10-28 11:28:53,523 [pool-95-thread-1] INFO  server.RaftServerConfigKeys (ConfUtils.java:logGet(46)) - raft.server.log.appender.install.snapshot.enabled = false (custom)
2022-10-28 11:28:53,523 [pool-95-thread-1] INFO  server.RaftServerConfigKeys (ConfUtils.java:logGet(46)) - raft.server.threadpool.server.cached = true (default)
2022-10-28 11:28:53,523 [pool-95-thread-1] INFO  server.RaftServerConfigKeys (ConfUtils.java:logGet(46)) - raft.server.threadpool.server.size = 0 (default)
2022-10-28 11:28:53,523 [pool-95-thread-1] INFO  server.RaftServerConfigKeys (ConfUtils.java:logGet(46)) - raft.server.threadpool.client.cached = true (default)
2022-10-28 11:28:53,523 [pool-95-thread-1] INFO  server.RaftServerConfigKeys (ConfUtils.java:logGet(46)) - raft.server.threadpool.client.size = 0 (default)
2022-10-28 11:28:53,523 [pool-95-thread-1] INFO  storage.RaftStorageDirectory (RaftStorageDirectoryImpl.java:analyzeStorage(137)) - The storage directory /home/runner/work/ozone/ozone/hadoop-ozone/integration-test/target/test-dir/MiniOzoneClusterImpl-6ee34448-fbd8-4951-8ae1-d137d06ced7b/datanode-1/data/ratis/a4cea835-1fa5-4d69-8b7a-b457e25cd9b9 does not exist. Creating ...
2022-10-28 11:28:53,525 [pool-95-thread-1] INFO  storage.RaftStorageDirectory (RaftStorageDirectoryImpl.java:tryLock(231)) - Lock on /home/runner/work/ozone/ozone/hadoop-ozone/integration-test/target/test-dir/MiniOzoneClusterImpl-6ee34448-fbd8-4951-8ae1-d137d06ced7b/datanode-1/data/ratis/a4cea835-1fa5-4d69-8b7a-b457e25cd9b9/in_use.lock acquired by nodename 13878@fv-az700-396
2022-10-28 11:28:53,528 [pool-95-thread-1] INFO  storage.RaftStorage (RaftStorageImpl.java:format(96)) - Storage directory /home/runner/work/ozone/ozone/hadoop-ozone/integration-test/target/test-dir/MiniOzoneClusterImpl-6ee34448-fbd8-4951-8ae1-d137d06ced7b/datanode-1/data/ratis/a4cea835-1fa5-4d69-8b7a-b457e25cd9b9 has been successfully formatted.
2022-10-28 11:28:53,529 [pool-95-thread-1] INFO  ratis.ContainerStateMachine (ContainerStateMachine.java:loadSnapshot(236)) - group-B457E25CD9B9: The snapshot info is null. Setting the last applied indexto:(t:0, i:~)
2022-10-28 11:28:53,529 [pool-95-thread-1] INFO  server.RaftServerConfigKeys (ConfUtils.java:logGet(46)) - raft.server.log.use.memory = false (default)
2022-10-28 11:28:53,529 [pool-95-thread-1] INFO  server.RaftServerConfigKeys (ConfUtils.java:logGet(46)) - raft.server.log.purge.gap = 1000000 (custom)
2022-10-28 11:28:53,529 [pool-95-thread-1] INFO  server.RaftServerConfigKeys (ConfUtils.java:logGet(46)) - raft.server.log.appender.buffer.byte-limit = 33554432 (custom)
2022-10-28 11:28:53,529 [pool-95-thread-1] INFO  server.RaftServerConfigKeys (ConfUtils.java:logGet(46)) - raft.server.log.statemachine.data.read.timeout = 1000ms (default)
2022-10-28 11:28:53,529 [pool-95-thread-1] INFO  server.RaftServerConfigKeys (ConfUtils.java:logGet(46)) - raft.server.log.purge.preservation.log.num = 0 (default)
2022-10-28 11:28:53,530 [pool-95-thread-1] INFO  server.RaftServerConfigKeys (ConfUtils.java:logGet(46)) - raft.server.log.segment.size.max = 1048576 (custom)
2022-10-28 11:28:53,530 [pool-95-thread-1] INFO  server.RaftServerConfigKeys (ConfUtils.java:logGet(46)) - raft.server.log.segment.cache.num.max = 2 (custom)
2022-10-28 11:28:53,530 [pool-95-thread-1] INFO  server.RaftServerConfigKeys (ConfUtils.java:logGet(46)) - raft.server.log.segment.cache.size.max = 200MB (=209715200) (default)
2022-10-28 11:28:53,530 [pool-95-thread-1] INFO  segmented.SegmentedRaftLogWorker (SegmentedRaftLogWorker.java:<init>(191)) - new 1914ef14-e927-4aee-a78a-186b0a6a783b@group-B457E25CD9B9-SegmentedRaftLogWorker for RaftStorageImpl:Storage Directory /home/runner/work/ozone/ozone/hadoop-ozone/integration-test/target/test-dir/MiniOzoneClusterImpl-6ee34448-fbd8-4951-8ae1-d137d06ced7b/datanode-1/data/ratis/a4cea835-1fa5-4d69-8b7a-b457e25cd9b9
2022-10-28 11:28:53,530 [pool-95-thread-1] INFO  server.RaftServerConfigKeys (ConfUtils.java:logGet(46)) - raft.server.log.queue.byte-limit = 4294967296 (custom)
2022-10-28 11:28:53,530 [pool-95-thread-1] INFO  server.RaftServerConfigKeys (ConfUtils.java:logGet(46)) - raft.server.log.queue.element-limit = 1024 (custom)
2022-10-28 11:28:53,530 [pool-95-thread-1] INFO  server.RaftServerConfigKeys (ConfUtils.java:logGet(46)) - raft.server.log.segment.size.max = 1048576 (custom)
2022-10-28 11:28:53,530 [pool-95-thread-1] INFO  server.RaftServerConfigKeys (ConfUtils.java:logGet(46)) - raft.server.log.preallocated.size = 16384 (custom)
2022-10-28 11:28:53,530 [pool-95-thread-1] INFO  server.RaftServerConfigKeys (ConfUtils.java:logGet(46)) - raft.server.log.force.sync.num = 128 (default)
2022-10-28 11:28:53,530 [pool-95-thread-1] INFO  server.RaftServerConfigKeys (ConfUtils.java:logGet(46)) - raft.server.log.statemachine.data.sync = true (default)
2022-10-28 11:28:53,530 [pool-95-thread-1] INFO  server.RaftServerConfigKeys (ConfUtils.java:logGet(46)) - raft.server.log.statemachine.data.sync.timeout = 10s (default)
2022-10-28 11:28:53,530 [pool-95-thread-1] INFO  server.RaftServerConfigKeys (ConfUtils.java:logGet(46)) - raft.server.log.statemachine.data.sync.timeout.retry = -1 (default)
2022-10-28 11:28:53,531 [pool-95-thread-1] INFO  server.RaftServerConfigKeys (ConfUtils.java:logGet(46)) - raft.server.log.write.buffer.size = 1048576 (custom)
2022-10-28 11:28:53,532 [pool-95-thread-1] INFO  server.RaftServerConfigKeys (ConfUtils.java:logGet(46)) - raft.server.log.unsafe-flush.enabled = false (default)
2022-10-28 11:28:53,532 [pool-95-thread-1] INFO  server.RaftServerConfigKeys (ConfUtils.java:logGet(46)) - raft.server.log.async-flush.enabled = false (default)
2022-10-28 11:28:53,532 [pool-95-thread-1] INFO  server.RaftServerConfigKeys (ConfUtils.java:logGet(46)) - raft.server.log.statemachine.data.caching.enabled = true (custom)
2022-10-28 11:28:53,532 [pool-95-thread-1] INFO  segmented.SegmentedRaftLogWorker (SegmentedRaftLogWorker.java:lambda$new$0(136)) - 1914ef14-e927-4aee-a78a-186b0a6a783b@group-B457E25CD9B9-SegmentedRaftLogWorker: flushIndex: setUnconditionally 0 -> -1
2022-10-28 11:28:53,532 [pool-95-thread-1] INFO  segmented.SegmentedRaftLogWorker (SegmentedRaftLogWorker.java:lambda$new$0(136)) - 1914ef14-e927-4aee-a78a-186b0a6a783b@group-B457E25CD9B9-SegmentedRaftLogWorker: safeCacheEvictIndex: setUnconditionally 0 -> -1
2022-10-28 11:28:53,537 [pool-95-thread-1] INFO  server.RaftServer$Division (RaftServerImpl.java:start(334)) - 1914ef14-e927-4aee-a78a-186b0a6a783b@group-B457E25CD9B9: start as a follower, conf=-1: peers:[1914ef14-e927-4aee-a78a-186b0a6a783b|rpc:10.1.0.114:45645|priority:1|startupRole:FOLLOWER, 4117c80f-d61a-41ff-a958-d6b4139221af|rpc:10.1.0.114:40159|priority:0|startupRole:FOLLOWER, 0c9bf628-edfc-473a-824e-eb061e1afdb3|rpc:10.1.0.114:43977|priority:0|startupRole:FOLLOWER]|listeners:[], old=null
2022-10-28 11:28:53,537 [pool-95-thread-1] INFO  server.RaftServer$Division (RaftServerImpl.java:setRole(321)) - 1914ef14-e927-4aee-a78a-186b0a6a783b@group-B457E25CD9B9: changes role from      null to FOLLOWER at term 0 for startAsFollower
2022-10-28 11:28:53,537 [pool-95-thread-1] INFO  impl.RoleInfo (RoleInfo.java:updateAndGet(139)) - 1914ef14-e927-4aee-a78a-186b0a6a783b: start 1914ef14-e927-4aee-a78a-186b0a6a783b@group-B457E25CD9B9-FollowerState
2022-10-28 11:28:53,543 [EventQueue-OpenPipelineForHealthyPipelineSafeModeRule] INFO  safemode.SCMSafeModeManager (HealthyPipelineSafeModeRule.java:process(137)) - SCM in safe mode. Healthy pipelines reported count is 0, required healthy pipeline reported count is 1
2022-10-28 11:28:53,543 [1914ef14-e927-4aee-a78a-186b0a6a783b@group-B457E25CD9B9-FollowerState] INFO  server.RaftServerConfigKeys (ConfUtils.java:logFallback(53)) - raft.server.rpc.first-election.timeout.min = 5s (fallback to raft.server.rpc.timeout.min)
2022-10-28 11:28:53,543 [pool-95-thread-1] INFO  util.JmxRegister (JmxRegister.java:tryRegister(44)) - Successfully registered JMX Bean with object name Ratis:service=RaftServer,group=group-B457E25CD9B9,id=1914ef14-e927-4aee-a78a-186b0a6a783b
2022-10-28 11:28:53,546 [pool-95-thread-1] INFO  server.RaftServerConfigKeys (ConfUtils.java:logGet(46)) - raft.server.snapshot.auto.trigger.enabled = true (custom)
2022-10-28 11:28:53,546 [pool-95-thread-1] INFO  server.RaftServerConfigKeys (ConfUtils.java:logGet(46)) - raft.server.snapshot.auto.trigger.threshold = 10000 (custom)
2022-10-28 11:28:53,546 [pool-95-thread-1] INFO  server.RaftServerConfigKeys (ConfUtils.java:logGet(46)) - raft.server.snapshot.retention.file.num = 5 (custom)
2022-10-28 11:28:53,546 [pool-95-thread-1] INFO  server.RaftServerConfigKeys (ConfUtils.java:logGet(46)) - raft.server.log.purge.upto.snapshot.index = false (default)
2022-10-28 11:28:53,550 [grpc-default-executor-0] INFO  server.RaftServer (RaftServerProxy.java:addNew(96)) - 4117c80f-d61a-41ff-a958-d6b4139221af: addNew group-B457E25CD9B9:[1914ef14-e927-4aee-a78a-186b0a6a783b|rpc:10.1.0.114:45645|dataStream:|priority:1|startupRole:FOLLOWER, 4117c80f-d61a-41ff-a958-d6b4139221af|rpc:10.1.0.114:40159|dataStream:|priority:0|startupRole:FOLLOWER, 0c9bf628-edfc-473a-824e-eb061e1afdb3|rpc:10.1.0.114:43977|dataStream:|priority:0|startupRole:FOLLOWER] returns group-B457E25CD9B9:java.util.concurrent.CompletableFuture@6f754782[Not completed]
2022-10-28 11:28:53,551 [pool-118-thread-1] INFO  server.RaftServer$Division (RaftServerImpl.java:<init>(195)) - 4117c80f-d61a-41ff-a958-d6b4139221af: new RaftServerImpl for group-B457E25CD9B9:[1914ef14-e927-4aee-a78a-186b0a6a783b|rpc:10.1.0.114:45645|dataStream:|priority:1|startupRole:FOLLOWER, 4117c80f-d61a-41ff-a958-d6b4139221af|rpc:10.1.0.114:40159|dataStream:|priority:0|startupRole:FOLLOWER, 0c9bf628-edfc-473a-824e-eb061e1afdb3|rpc:10.1.0.114:43977|dataStream:|priority:0|startupRole:FOLLOWER] with ContainerStateMachine:uninitialized
2022-10-28 11:28:53,551 [pool-118-thread-1] INFO  server.RaftServerConfigKeys (ConfUtils.java:logGet(46)) - raft.server.rpc.timeout.min = 5s (custom)
2022-10-28 11:28:53,551 [pool-118-thread-1] INFO  server.RaftServerConfigKeys (ConfUtils.java:logGet(46)) - raft.server.rpc.timeout.max = 5200ms (custom)
2022-10-28 11:28:53,551 [pool-118-thread-1] INFO  server.RaftServerConfigKeys (ConfUtils.java:logGet(46)) - raft.server.rpc.sleep.time = 25ms (default)
2022-10-28 11:28:53,551 [pool-118-thread-1] INFO  server.RaftServerConfigKeys (ConfUtils.java:logGet(46)) - raft.server.rpc.slowness.timeout = 300s (custom)
2022-10-28 11:28:53,551 [1914ef14-e927-4aee-a78a-186b0a6a783b@group-B457E25CD9B9-FollowerState] INFO  server.RaftServerConfigKeys (ConfUtils.java:logFallback(53)) - raft.server.rpc.first-election.timeout.max = 5200ms (fallback to raft.server.rpc.timeout.max)
2022-10-28 11:28:53,551 [Command processor thread] INFO  ratis.XceiverServerRatis (XceiverServerRatis.java:addGroup(765)) - Created group PipelineID=a4cea835-1fa5-4d69-8b7a-b457e25cd9b9
2022-10-28 11:28:53,551 [pool-118-thread-1] INFO  server.RaftServerConfigKeys (ConfUtils.java:logGet(46)) - raft.server.leaderelection.leader.step-down.wait-time = 10s (default)
2022-10-28 11:28:53,552 [pool-118-thread-1] INFO  server.RaftServerConfigKeys (ConfUtils.java:logGet(46)) - raft.server.sleep.deviation.threshold = 300ms (default)
2022-10-28 11:28:53,552 [pool-118-thread-1] INFO  server.RaftServer$Division (ServerState.java:<init>(118)) - 4117c80f-d61a-41ff-a958-d6b4139221af@group-B457E25CD9B9: ConfigurationManager, init=-1: peers:[1914ef14-e927-4aee-a78a-186b0a6a783b|rpc:10.1.0.114:45645|dataStream:|priority:1|startupRole:FOLLOWER, 4117c80f-d61a-41ff-a958-d6b4139221af|rpc:10.1.0.114:40159|dataStream:|priority:0|startupRole:FOLLOWER, 0c9bf628-edfc-473a-824e-eb061e1afdb3|rpc:10.1.0.114:43977|dataStream:|priority:0|startupRole:FOLLOWER]|listeners:[], old=null, confs=<EMPTY_MAP>
2022-10-28 11:28:53,552 [pool-118-thread-1] INFO  server.RaftServerConfigKeys (ConfUtils.java:logGet(46)) - raft.server.storage.dir = [/home/runner/work/ozone/ozone/hadoop-ozone/integration-test/target/test-dir/MiniOzoneClusterImpl-6ee34448-fbd8-4951-8ae1-d137d06ced7b/datanode-2/data/ratis] (custom)
2022-10-28 11:28:53,552 [pool-118-thread-1] INFO  server.RaftServerConfigKeys (ConfUtils.java:logGet(46)) - raft.server.log.corruption.policy = EXCEPTION (default)
2022-10-28 11:28:53,552 [pool-118-thread-1] INFO  server.RaftServerConfigKeys (ConfUtils.java:logGet(46)) - raft.server.storage.free-space.min = 0MB (=0) (default)
2022-10-28 11:28:53,552 [pool-118-thread-1] INFO  server.RaftServerConfigKeys (ConfUtils.java:logGet(46)) - raft.server.notification.no-leader.timeout = 300s (custom)
2022-10-28 11:28:53,553 [pool-118-thread-1] INFO  server.RaftServerConfigKeys (ConfUtils.java:logGet(46)) - raft.server.retrycache.expirytime = 600000ms (custom)
2022-10-28 11:28:53,553 [pool-118-thread-1] INFO  server.RaftServerConfigKeys (ConfUtils.java:logGet(46)) - raft.server.retrycache.statistics.expirytime = 100μs (default)
2022-10-28 11:28:53,554 [pool-118-thread-1] INFO  server.RaftServerConfigKeys (ConfUtils.java:logGet(46)) - raft.server.log.appender.install.snapshot.enabled = false (custom)
2022-10-28 11:28:53,554 [pool-118-thread-1] INFO  server.RaftServerConfigKeys (ConfUtils.java:logGet(46)) - raft.server.threadpool.server.cached = true (default)
2022-10-28 11:28:53,554 [pool-118-thread-1] INFO  server.RaftServerConfigKeys (ConfUtils.java:logGet(46)) - raft.server.threadpool.server.size = 0 (default)
2022-10-28 11:28:53,554 [pool-118-thread-1] INFO  server.RaftServerConfigKeys (ConfUtils.java:logGet(46)) - raft.server.threadpool.client.cached = true (default)
2022-10-28 11:28:53,554 [pool-118-thread-1] INFO  server.RaftServerConfigKeys (ConfUtils.java:logGet(46)) - raft.server.threadpool.client.size = 0 (default)
2022-10-28 11:28:53,554 [pool-118-thread-1] INFO  storage.RaftStorageDirectory (RaftStorageDirectoryImpl.java:analyzeStorage(137)) - The storage directory /home/runner/work/ozone/ozone/hadoop-ozone/integration-test/target/test-dir/MiniOzoneClusterImpl-6ee34448-fbd8-4951-8ae1-d137d06ced7b/datanode-2/data/ratis/a4cea835-1fa5-4d69-8b7a-b457e25cd9b9 does not exist. Creating ...
2022-10-28 11:28:53,556 [pool-118-thread-1] INFO  storage.RaftStorageDirectory (RaftStorageDirectoryImpl.java:tryLock(231)) - Lock on /home/runner/work/ozone/ozone/hadoop-ozone/integration-test/target/test-dir/MiniOzoneClusterImpl-6ee34448-fbd8-4951-8ae1-d137d06ced7b/datanode-2/data/ratis/a4cea835-1fa5-4d69-8b7a-b457e25cd9b9/in_use.lock acquired by nodename 13878@fv-az700-396
2022-10-28 11:28:53,557 [pool-118-thread-1] INFO  storage.RaftStorage (RaftStorageImpl.java:format(96)) - Storage directory /home/runner/work/ozone/ozone/hadoop-ozone/integration-test/target/test-dir/MiniOzoneClusterImpl-6ee34448-fbd8-4951-8ae1-d137d06ced7b/datanode-2/data/ratis/a4cea835-1fa5-4d69-8b7a-b457e25cd9b9 has been successfully formatted.
2022-10-28 11:28:53,562 [pool-118-thread-1] INFO  ratis.ContainerStateMachine (ContainerStateMachine.java:loadSnapshot(236)) - group-B457E25CD9B9: The snapshot info is null. Setting the last applied indexto:(t:0, i:~)
2022-10-28 11:28:53,562 [pool-118-thread-1] INFO  server.RaftServerConfigKeys (ConfUtils.java:logGet(46)) - raft.server.log.use.memory = false (default)
2022-10-28 11:28:53,562 [pool-118-thread-1] INFO  server.RaftServerConfigKeys (ConfUtils.java:logGet(46)) - raft.server.log.purge.gap = 1000000 (custom)
2022-10-28 11:28:53,562 [pool-118-thread-1] INFO  server.RaftServerConfigKeys (ConfUtils.java:logGet(46)) - raft.server.log.appender.buffer.byte-limit = 33554432 (custom)
2022-10-28 11:28:53,562 [pool-118-thread-1] INFO  server.RaftServerConfigKeys (ConfUtils.java:logGet(46)) - raft.server.log.statemachine.data.read.timeout = 1000ms (default)
2022-10-28 11:28:53,562 [pool-118-thread-1] INFO  server.RaftServerConfigKeys (ConfUtils.java:logGet(46)) - raft.server.log.purge.preservation.log.num = 0 (default)
2022-10-28 11:28:53,562 [pool-118-thread-1] INFO  server.RaftServerConfigKeys (ConfUtils.java:logGet(46)) - raft.server.log.segment.size.max = 1048576 (custom)
2022-10-28 11:28:53,563 [pool-118-thread-1] INFO  server.RaftServerConfigKeys (ConfUtils.java:logGet(46)) - raft.server.log.segment.cache.num.max = 2 (custom)
2022-10-28 11:28:53,563 [pool-118-thread-1] INFO  server.RaftServerConfigKeys (ConfUtils.java:logGet(46)) - raft.server.log.segment.cache.size.max = 200MB (=209715200) (default)
2022-10-28 11:28:53,563 [pool-118-thread-1] INFO  segmented.SegmentedRaftLogWorker (SegmentedRaftLogWorker.java:<init>(191)) - new 4117c80f-d61a-41ff-a958-d6b4139221af@group-B457E25CD9B9-SegmentedRaftLogWorker for RaftStorageImpl:Storage Directory /home/runner/work/ozone/ozone/hadoop-ozone/integration-test/target/test-dir/MiniOzoneClusterImpl-6ee34448-fbd8-4951-8ae1-d137d06ced7b/datanode-2/data/ratis/a4cea835-1fa5-4d69-8b7a-b457e25cd9b9
2022-10-28 11:28:53,563 [pool-118-thread-1] INFO  server.RaftServerConfigKeys (ConfUtils.java:logGet(46)) - raft.server.log.queue.byte-limit = 4294967296 (custom)
2022-10-28 11:28:53,563 [pool-118-thread-1] INFO  server.RaftServerConfigKeys (ConfUtils.java:logGet(46)) - raft.server.log.queue.element-limit = 1024 (custom)
2022-10-28 11:28:53,563 [pool-118-thread-1] INFO  server.RaftServerConfigKeys (ConfUtils.java:logGet(46)) - raft.server.log.segment.size.max = 1048576 (custom)
2022-10-28 11:28:53,563 [pool-118-thread-1] INFO  server.RaftServerConfigKeys (ConfUtils.java:logGet(46)) - raft.server.log.preallocated.size = 16384 (custom)
2022-10-28 11:28:53,563 [pool-118-thread-1] INFO  server.RaftServerConfigKeys (ConfUtils.java:logGet(46)) - raft.server.log.force.sync.num = 128 (default)
2022-10-28 11:28:53,563 [pool-118-thread-1] INFO  server.RaftServerConfigKeys (ConfUtils.java:logGet(46)) - raft.server.log.statemachine.data.sync = true (default)
2022-10-28 11:28:53,563 [pool-118-thread-1] INFO  server.RaftServerConfigKeys (ConfUtils.java:logGet(46)) - raft.server.log.statemachine.data.sync.timeout = 10s (default)
2022-10-28 11:28:53,563 [pool-118-thread-1] INFO  server.RaftServerConfigKeys (ConfUtils.java:logGet(46)) - raft.server.log.statemachine.data.sync.timeout.retry = -1 (default)
2022-10-28 11:28:53,564 [pool-118-thread-1] INFO  server.RaftServerConfigKeys (ConfUtils.java:logGet(46)) - raft.server.log.write.buffer.size = 1048576 (custom)
2022-10-28 11:28:53,565 [pool-118-thread-1] INFO  server.RaftServerConfigKeys (ConfUtils.java:logGet(46)) - raft.server.log.unsafe-flush.enabled = false (default)
2022-10-28 11:28:53,565 [pool-118-thread-1] INFO  server.RaftServerConfigKeys (ConfUtils.java:logGet(46)) - raft.server.log.async-flush.enabled = false (default)
2022-10-28 11:28:53,565 [pool-118-thread-1] INFO  server.RaftServerConfigKeys (ConfUtils.java:logGet(46)) - raft.server.log.statemachine.data.caching.enabled = true (custom)
2022-10-28 11:28:53,565 [pool-118-thread-1] INFO  segmented.SegmentedRaftLogWorker (SegmentedRaftLogWorker.java:lambda$new$0(136)) - 4117c80f-d61a-41ff-a958-d6b4139221af@group-B457E25CD9B9-SegmentedRaftLogWorker: flushIndex: setUnconditionally 0 -> -1
2022-10-28 11:28:53,565 [pool-118-thread-1] INFO  segmented.SegmentedRaftLogWorker (SegmentedRaftLogWorker.java:lambda$new$0(136)) - 4117c80f-d61a-41ff-a958-d6b4139221af@group-B457E25CD9B9-SegmentedRaftLogWorker: safeCacheEvictIndex: setUnconditionally 0 -> -1
2022-10-28 11:28:53,566 [pool-118-thread-1] INFO  server.RaftServer$Division (RaftServerImpl.java:start(334)) - 4117c80f-d61a-41ff-a958-d6b4139221af@group-B457E25CD9B9: start as a follower, conf=-1: peers:[1914ef14-e927-4aee-a78a-186b0a6a783b|rpc:10.1.0.114:45645|dataStream:|priority:1|startupRole:FOLLOWER, 4117c80f-d61a-41ff-a958-d6b4139221af|rpc:10.1.0.114:40159|dataStream:|priority:0|startupRole:FOLLOWER, 0c9bf628-edfc-473a-824e-eb061e1afdb3|rpc:10.1.0.114:43977|dataStream:|priority:0|startupRole:FOLLOWER]|listeners:[], old=null
2022-10-28 11:28:53,566 [pool-118-thread-1] INFO  server.RaftServer$Division (RaftServerImpl.java:setRole(321)) - 4117c80f-d61a-41ff-a958-d6b4139221af@group-B457E25CD9B9: changes role from      null to FOLLOWER at term 0 for startAsFollower
2022-10-28 11:28:53,566 [pool-118-thread-1] INFO  impl.RoleInfo (RoleInfo.java:updateAndGet(139)) - 4117c80f-d61a-41ff-a958-d6b4139221af: start 4117c80f-d61a-41ff-a958-d6b4139221af@group-B457E25CD9B9-FollowerState
2022-10-28 11:28:53,569 [pool-118-thread-1] INFO  util.JmxRegister (JmxRegister.java:tryRegister(44)) - Successfully registered JMX Bean with object name Ratis:service=RaftServer,group=group-B457E25CD9B9,id=4117c80f-d61a-41ff-a958-d6b4139221af
2022-10-28 11:28:53,569 [pool-118-thread-1] INFO  server.RaftServerConfigKeys (ConfUtils.java:logGet(46)) - raft.server.snapshot.auto.trigger.enabled = true (custom)
2022-10-28 11:28:53,569 [pool-118-thread-1] INFO  server.RaftServerConfigKeys (ConfUtils.java:logGet(46)) - raft.server.snapshot.auto.trigger.threshold = 10000 (custom)
2022-10-28 11:28:53,569 [pool-118-thread-1] INFO  server.RaftServerConfigKeys (ConfUtils.java:logGet(46)) - raft.server.snapshot.retention.file.num = 5 (custom)
2022-10-28 11:28:53,569 [pool-118-thread-1] INFO  server.RaftServerConfigKeys (ConfUtils.java:logGet(46)) - raft.server.log.purge.upto.snapshot.index = false (default)
2022-10-28 11:28:53,575 [4117c80f-d61a-41ff-a958-d6b4139221af@group-B457E25CD9B9-FollowerState] INFO  server.RaftServerConfigKeys (ConfUtils.java:logFallback(53)) - raft.server.rpc.first-election.timeout.min = 5s (fallback to raft.server.rpc.timeout.min)
2022-10-28 11:28:53,578 [pool-118-thread-1] INFO  server.RaftServer$Division (RaftServerImpl.java:<init>(195)) - 4117c80f-d61a-41ff-a958-d6b4139221af: new RaftServerImpl for group-DDFA6F1F1F28:[4117c80f-d61a-41ff-a958-d6b4139221af|rpc:10.1.0.114:40159|priority:1|startupRole:FOLLOWER] with ContainerStateMachine:uninitialized
2022-10-28 11:28:53,585 [4117c80f-d61a-41ff-a958-d6b4139221af@group-B457E25CD9B9-FollowerState] INFO  server.RaftServerConfigKeys (ConfUtils.java:logFallback(53)) - raft.server.rpc.first-election.timeout.max = 5200ms (fallback to raft.server.rpc.timeout.max)
2022-10-28 11:28:53,586 [pool-118-thread-1] INFO  server.RaftServerConfigKeys (ConfUtils.java:logGet(46)) - raft.server.rpc.timeout.min = 5s (custom)
2022-10-28 11:28:53,586 [pool-118-thread-1] INFO  server.RaftServerConfigKeys (ConfUtils.java:logGet(46)) - raft.server.rpc.timeout.max = 5200ms (custom)
2022-10-28 11:28:53,586 [pool-118-thread-1] INFO  server.RaftServerConfigKeys (ConfUtils.java:logGet(46)) - raft.server.rpc.sleep.time = 25ms (default)
2022-10-28 11:28:53,586 [pool-118-thread-1] INFO  server.RaftServerConfigKeys (ConfUtils.java:logGet(46)) - raft.server.rpc.slowness.timeout = 300s (custom)
2022-10-28 11:28:53,586 [pool-118-thread-1] INFO  server.RaftServerConfigKeys (ConfUtils.java:logGet(46)) - raft.server.leaderelection.leader.step-down.wait-time = 10s (default)
2022-10-28 11:28:53,586 [pool-118-thread-1] INFO  server.RaftServerConfigKeys (ConfUtils.java:logGet(46)) - raft.server.sleep.deviation.threshold = 300ms (default)
2022-10-28 11:28:53,586 [pool-118-thread-1] INFO  server.RaftServer$Division (ServerState.java:<init>(118)) - 4117c80f-d61a-41ff-a958-d6b4139221af@group-DDFA6F1F1F28: ConfigurationManager, init=-1: peers:[4117c80f-d61a-41ff-a958-d6b4139221af|rpc:10.1.0.114:40159|priority:1|startupRole:FOLLOWER]|listeners:[], old=null, confs=<EMPTY_MAP>
2022-10-28 11:28:53,586 [pool-118-thread-1] INFO  server.RaftServerConfigKeys (ConfUtils.java:logGet(46)) - raft.server.storage.dir = [/home/runner/work/ozone/ozone/hadoop-ozone/integration-test/target/test-dir/MiniOzoneClusterImpl-6ee34448-fbd8-4951-8ae1-d137d06ced7b/datanode-2/data/ratis] (custom)
2022-10-28 11:28:53,586 [pool-118-thread-1] INFO  server.RaftServerConfigKeys (ConfUtils.java:logGet(46)) - raft.server.log.corruption.policy = EXCEPTION (default)
2022-10-28 11:28:53,586 [pool-118-thread-1] INFO  server.RaftServerConfigKeys (ConfUtils.java:logGet(46)) - raft.server.storage.free-space.min = 0MB (=0) (default)
2022-10-28 11:28:53,586 [pool-118-thread-1] INFO  server.RaftServerConfigKeys (ConfUtils.java:logGet(46)) - raft.server.notification.no-leader.timeout = 300s (custom)
2022-10-28 11:28:53,586 [pool-118-thread-1] INFO  server.RaftServerConfigKeys (ConfUtils.java:logGet(46)) - raft.server.retrycache.expirytime = 600000ms (custom)
2022-10-28 11:28:53,586 [pool-118-thread-1] INFO  server.RaftServerConfigKeys (ConfUtils.java:logGet(46)) - raft.server.retrycache.statistics.expirytime = 100μs (default)
2022-10-28 11:28:53,587 [pool-118-thread-1] INFO  server.RaftServerConfigKeys (ConfUtils.java:logGet(46)) - raft.server.log.appender.install.snapshot.enabled = false (custom)
2022-10-28 11:28:53,587 [pool-118-thread-1] INFO  server.RaftServerConfigKeys (ConfUtils.java:logGet(46)) - raft.server.threadpool.server.cached = true (default)
2022-10-28 11:28:53,587 [pool-118-thread-1] INFO  server.RaftServerConfigKeys (ConfUtils.java:logGet(46)) - raft.server.threadpool.server.size = 0 (default)
2022-10-28 11:28:53,588 [pool-118-thread-1] INFO  server.RaftServerConfigKeys (ConfUtils.java:logGet(46)) - raft.server.threadpool.client.cached = true (default)
2022-10-28 11:28:53,588 [pool-118-thread-1] INFO  server.RaftServerConfigKeys (ConfUtils.java:logGet(46)) - raft.server.threadpool.client.size = 0 (default)
2022-10-28 11:28:53,577 [Command processor thread] INFO  server.RaftServer (RaftServerProxy.java:addNew(96)) - 4117c80f-d61a-41ff-a958-d6b4139221af: addNew group-DDFA6F1F1F28:[4117c80f-d61a-41ff-a958-d6b4139221af|rpc:10.1.0.114:40159|priority:1|startupRole:FOLLOWER] returns group-DDFA6F1F1F28:java.util.concurrent.CompletableFuture@265b8ff4[Not completed]
2022-10-28 11:28:53,588 [pool-118-thread-1] INFO  storage.RaftStorageDirectory (RaftStorageDirectoryImpl.java:analyzeStorage(137)) - The storage directory /home/runner/work/ozone/ozone/hadoop-ozone/integration-test/target/test-dir/MiniOzoneClusterImpl-6ee34448-fbd8-4951-8ae1-d137d06ced7b/datanode-2/data/ratis/7b01257f-0d37-4381-8f6a-ddfa6f1f1f28 does not exist. Creating ...
2022-10-28 11:28:53,589 [pool-118-thread-1] INFO  storage.RaftStorageDirectory (RaftStorageDirectoryImpl.java:tryLock(231)) - Lock on /home/runner/work/ozone/ozone/hadoop-ozone/integration-test/target/test-dir/MiniOzoneClusterImpl-6ee34448-fbd8-4951-8ae1-d137d06ced7b/datanode-2/data/ratis/7b01257f-0d37-4381-8f6a-ddfa6f1f1f28/in_use.lock acquired by nodename 13878@fv-az700-396
2022-10-28 11:28:53,590 [pool-118-thread-1] INFO  storage.RaftStorage (RaftStorageImpl.java:format(96)) - Storage directory /home/runner/work/ozone/ozone/hadoop-ozone/integration-test/target/test-dir/MiniOzoneClusterImpl-6ee34448-fbd8-4951-8ae1-d137d06ced7b/datanode-2/data/ratis/7b01257f-0d37-4381-8f6a-ddfa6f1f1f28 has been successfully formatted.
2022-10-28 11:28:53,590 [pool-118-thread-1] INFO  ratis.ContainerStateMachine (ContainerStateMachine.java:loadSnapshot(236)) - group-DDFA6F1F1F28: The snapshot info is null. Setting the last applied indexto:(t:0, i:~)
2022-10-28 11:28:53,590 [pool-118-thread-1] INFO  server.RaftServerConfigKeys (ConfUtils.java:logGet(46)) - raft.server.log.use.memory = false (default)
2022-10-28 11:28:53,590 [pool-118-thread-1] INFO  server.RaftServerConfigKeys (ConfUtils.java:logGet(46)) - raft.server.log.purge.gap = 1000000 (custom)
2022-10-28 11:28:53,590 [pool-118-thread-1] INFO  server.RaftServerConfigKeys (ConfUtils.java:logGet(46)) - raft.server.log.appender.buffer.byte-limit = 33554432 (custom)
2022-10-28 11:28:53,590 [pool-118-thread-1] INFO  server.RaftServerConfigKeys (ConfUtils.java:logGet(46)) - raft.server.log.statemachine.data.read.timeout = 1000ms (default)
2022-10-28 11:28:53,590 [pool-118-thread-1] INFO  server.RaftServerConfigKeys (ConfUtils.java:logGet(46)) - raft.server.log.purge.preservation.log.num = 0 (default)
2022-10-28 11:28:53,590 [pool-118-thread-1] INFO  server.RaftServerConfigKeys (ConfUtils.java:logGet(46)) - raft.server.log.segment.size.max = 1048576 (custom)
2022-10-28 11:28:53,591 [pool-118-thread-1] INFO  server.RaftServerConfigKeys (ConfUtils.java:logGet(46)) - raft.server.log.segment.cache.num.max = 2 (custom)
2022-10-28 11:28:53,592 [pool-118-thread-1] INFO  server.RaftServerConfigKeys (ConfUtils.java:logGet(46)) - raft.server.log.segment.cache.size.max = 200MB (=209715200) (default)
2022-10-28 11:28:53,592 [pool-118-thread-1] INFO  segmented.SegmentedRaftLogWorker (SegmentedRaftLogWorker.java:<init>(191)) - new 4117c80f-d61a-41ff-a958-d6b4139221af@group-DDFA6F1F1F28-SegmentedRaftLogWorker for RaftStorageImpl:Storage Directory /home/runner/work/ozone/ozone/hadoop-ozone/integration-test/target/test-dir/MiniOzoneClusterImpl-6ee34448-fbd8-4951-8ae1-d137d06ced7b/datanode-2/data/ratis/7b01257f-0d37-4381-8f6a-ddfa6f1f1f28
2022-10-28 11:28:53,592 [pool-118-thread-1] INFO  server.RaftServerConfigKeys (ConfUtils.java:logGet(46)) - raft.server.log.queue.byte-limit = 4294967296 (custom)
2022-10-28 11:28:53,592 [pool-118-thread-1] INFO  server.RaftServerConfigKeys (ConfUtils.java:logGet(46)) - raft.server.log.queue.element-limit = 1024 (custom)
2022-10-28 11:28:53,592 [pool-118-thread-1] INFO  server.RaftServerConfigKeys (ConfUtils.java:logGet(46)) - raft.server.log.segment.size.max = 1048576 (custom)
2022-10-28 11:28:53,592 [pool-118-thread-1] INFO  server.RaftServerConfigKeys (ConfUtils.java:logGet(46)) - raft.server.log.preallocated.size = 16384 (custom)
2022-10-28 11:28:53,592 [EventQueue-PipelineReportForPipelineReportHandler] INFO  pipeline.PipelineManagerImpl (PipelineManagerImpl.java:openPipeline(367)) - Pipeline Pipeline[ Id: 7b01257f-0d37-4381-8f6a-ddfa6f1f1f28, Nodes: 4117c80f-d61a-41ff-a958-d6b4139221af{ip: 10.1.0.114, host: fv-az700-396.2bpskmoaobnu3eckqg1qau4u2h.cx.internal.cloudapp.net, ports: [REPLICATION=35693, RATIS=40159, RATIS_ADMIN=40159, RATIS_SERVER=40159, STANDALONE=37773], networkLocation: /default-rack, certSerialId: null, persistedOpState: IN_SERVICE, persistedOpStateExpiryEpochSec: 0}, ReplicationConfig: RATIS/ONE, State:ALLOCATED, leaderId:4117c80f-d61a-41ff-a958-d6b4139221af, CreationTimestamp2022-10-28T11:28:50.581Z[Etc/UTC]] moved to OPEN state
2022-10-28 11:28:53,592 [pool-118-thread-1] INFO  server.RaftServerConfigKeys (ConfUtils.java:logGet(46)) - raft.server.log.force.sync.num = 128 (default)
2022-10-28 11:28:53,592 [pool-118-thread-1] INFO  server.RaftServerConfigKeys (ConfUtils.java:logGet(46)) - raft.server.log.statemachine.data.sync = true (default)
2022-10-28 11:28:53,592 [pool-118-thread-1] INFO  server.RaftServerConfigKeys (ConfUtils.java:logGet(46)) - raft.server.log.statemachine.data.sync.timeout = 10s (default)
2022-10-28 11:28:53,592 [pool-118-thread-1] INFO  server.RaftServerConfigKeys (ConfUtils.java:logGet(46)) - raft.server.log.statemachine.data.sync.timeout.retry = -1 (default)
2022-10-28 11:28:53,593 [EventQueue-OpenPipelineForHealthyPipelineSafeModeRule] INFO  safemode.SCMSafeModeManager (HealthyPipelineSafeModeRule.java:process(137)) - SCM in safe mode. Healthy pipelines reported count is 0, required healthy pipeline reported count is 1
2022-10-28 11:28:53,604 [pool-118-thread-1] INFO  server.RaftServerConfigKeys (ConfUtils.java:logGet(46)) - raft.server.log.write.buffer.size = 1048576 (custom)
2022-10-28 11:28:53,608 [pool-118-thread-1] INFO  server.RaftServerConfigKeys (ConfUtils.java:logGet(46)) - raft.server.log.unsafe-flush.enabled = false (default)
2022-10-28 11:28:53,608 [pool-118-thread-1] INFO  server.RaftServerConfigKeys (ConfUtils.java:logGet(46)) - raft.server.log.async-flush.enabled = false (default)
2022-10-28 11:28:53,608 [pool-118-thread-1] INFO  server.RaftServerConfigKeys (ConfUtils.java:logGet(46)) - raft.server.log.statemachine.data.caching.enabled = true (custom)
2022-10-28 11:28:53,608 [pool-118-thread-1] INFO  segmented.SegmentedRaftLogWorker (SegmentedRaftLogWorker.java:lambda$new$0(136)) - 4117c80f-d61a-41ff-a958-d6b4139221af@group-DDFA6F1F1F28-SegmentedRaftLogWorker: flushIndex: setUnconditionally 0 -> -1
2022-10-28 11:28:53,608 [pool-118-thread-1] INFO  segmented.SegmentedRaftLogWorker (SegmentedRaftLogWorker.java:lambda$new$0(136)) - 4117c80f-d61a-41ff-a958-d6b4139221af@group-DDFA6F1F1F28-SegmentedRaftLogWorker: safeCacheEvictIndex: setUnconditionally 0 -> -1
2022-10-28 11:28:53,609 [pool-118-thread-1] INFO  server.RaftServer$Division (RaftServerImpl.java:start(334)) - 4117c80f-d61a-41ff-a958-d6b4139221af@group-DDFA6F1F1F28: start as a follower, conf=-1: peers:[4117c80f-d61a-41ff-a958-d6b4139221af|rpc:10.1.0.114:40159|priority:1|startupRole:FOLLOWER]|listeners:[], old=null
2022-10-28 11:28:53,610 [pool-118-thread-1] INFO  server.RaftServer$Division (RaftServerImpl.java:setRole(321)) - 4117c80f-d61a-41ff-a958-d6b4139221af@group-DDFA6F1F1F28: changes role from      null to FOLLOWER at term 0 for startAsFollower
2022-10-28 11:28:53,610 [pool-118-thread-1] INFO  impl.RoleInfo (RoleInfo.java:updateAndGet(139)) - 4117c80f-d61a-41ff-a958-d6b4139221af: start 4117c80f-d61a-41ff-a958-d6b4139221af@group-DDFA6F1F1F28-FollowerState
2022-10-28 11:28:53,611 [pool-118-thread-1] INFO  util.JmxRegister (JmxRegister.java:tryRegister(44)) - Successfully registered JMX Bean with object name Ratis:service=RaftServer,group=group-DDFA6F1F1F28,id=4117c80f-d61a-41ff-a958-d6b4139221af
2022-10-28 11:28:53,611 [pool-118-thread-1] INFO  server.RaftServerConfigKeys (ConfUtils.java:logGet(46)) - raft.server.snapshot.auto.trigger.enabled = true (custom)
2022-10-28 11:28:53,611 [pool-118-thread-1] INFO  server.RaftServerConfigKeys (ConfUtils.java:logGet(46)) - raft.server.snapshot.auto.trigger.threshold = 10000 (custom)
2022-10-28 11:28:53,611 [pool-118-thread-1] INFO  server.RaftServerConfigKeys (ConfUtils.java:logGet(46)) - raft.server.snapshot.retention.file.num = 5 (custom)
2022-10-28 11:28:53,611 [pool-118-thread-1] INFO  server.RaftServerConfigKeys (ConfUtils.java:logGet(46)) - raft.server.log.purge.upto.snapshot.index = false (default)
2022-10-28 11:28:53,612 [4117c80f-d61a-41ff-a958-d6b4139221af@group-DDFA6F1F1F28-FollowerState] INFO  server.RaftServerConfigKeys (ConfUtils.java:logFallback(53)) - raft.server.rpc.first-election.timeout.min = 5s (fallback to raft.server.rpc.timeout.min)
2022-10-28 11:28:53,612 [4117c80f-d61a-41ff-a958-d6b4139221af@group-DDFA6F1F1F28-FollowerState] INFO  server.RaftServerConfigKeys (ConfUtils.java:logFallback(53)) - raft.server.rpc.first-election.timeout.max = 5200ms (fallback to raft.server.rpc.timeout.max)
2022-10-28 11:28:53,612 [Command processor thread] INFO  ratis.XceiverServerRatis (XceiverServerRatis.java:addGroup(765)) - Created group PipelineID=7b01257f-0d37-4381-8f6a-ddfa6f1f1f28
2022-10-28 11:28:53,612 [Command processor thread] INFO  commandhandler.CreatePipelineCommandHandler (CreatePipelineCommandHandler.java:handle(113)) - Created Pipeline RATIS ONE PipelineID=7b01257f-0d37-4381-8f6a-ddfa6f1f1f28.
2022-10-28 11:28:53,657 [Command processor thread] INFO  commandhandler.CreatePipelineCommandHandler (CreatePipelineCommandHandler.java:handle(113)) - Created Pipeline RATIS THREE PipelineID=a4cea835-1fa5-4d69-8b7a-b457e25cd9b9.
2022-10-28 11:28:53,661 [Command processor thread] INFO  commandhandler.CreatePipelineCommandHandler (CreatePipelineCommandHandler.java:handle(113)) - Created Pipeline RATIS THREE PipelineID=a4cea835-1fa5-4d69-8b7a-b457e25cd9b9.
2022-10-28 11:28:53,881 [Listener at 127.0.0.1/42141] INFO  ozone.MiniOzoneClusterImpl (MiniOzoneClusterImpl.java:lambda$waitForClusterToBeReady$0(216)) - Nodes are ready. Got 10 of 10 DN Heartbeats.
2022-10-28 11:28:53,881 [Listener at 127.0.0.1/42141] INFO  ozone.MiniOzoneClusterImpl (MiniOzoneClusterImpl.java:lambda$waitForClusterToBeReady$0(219)) - Waiting for cluster to exit safe mode
2022-10-28 11:28:53,881 [Listener at 127.0.0.1/42141] INFO  ozone.MiniOzoneClusterImpl (MiniOzoneClusterImpl.java:lambda$waitForClusterToBeReady$0(221)) - SCM became leader
2022-10-28 11:28:53,906 [Command processor thread] INFO  server.RaftServer (RaftServerProxy.java:addNew(96)) - aa3e6641-ac34-45f8-85b4-6614ff527932: addNew group-3B672FDC1826:[aa3e6641-ac34-45f8-85b4-6614ff527932|rpc:10.1.0.114:40629|priority:1|startupRole:FOLLOWER] returns group-3B672FDC1826:java.util.concurrent.CompletableFuture@3121ec03[Not completed]
2022-10-28 11:28:53,908 [pool-141-thread-1] INFO  server.RaftServer$Division (RaftServerImpl.java:<init>(195)) - aa3e6641-ac34-45f8-85b4-6614ff527932: new RaftServerImpl for group-3B672FDC1826:[aa3e6641-ac34-45f8-85b4-6614ff527932|rpc:10.1.0.114:40629|priority:1|startupRole:FOLLOWER] with ContainerStateMachine:uninitialized
2022-10-28 11:28:53,908 [pool-141-thread-1] INFO  server.RaftServerConfigKeys (ConfUtils.java:logGet(46)) - raft.server.rpc.timeout.min = 5s (custom)
2022-10-28 11:28:53,908 [pool-141-thread-1] INFO  server.RaftServerConfigKeys (ConfUtils.java:logGet(46)) - raft.server.rpc.timeout.max = 5200ms (custom)
2022-10-28 11:28:53,908 [pool-141-thread-1] INFO  server.RaftServerConfigKeys (ConfUtils.java:logGet(46)) - raft.server.rpc.sleep.time = 25ms (default)
2022-10-28 11:28:53,908 [pool-141-thread-1] INFO  server.RaftServerConfigKeys (ConfUtils.java:logGet(46)) - raft.server.rpc.slowness.timeout = 300s (custom)
2022-10-28 11:28:53,911 [pool-141-thread-1] INFO  server.RaftServerConfigKeys (ConfUtils.java:logGet(46)) - raft.server.leaderelection.leader.step-down.wait-time = 10s (default)
2022-10-28 11:28:53,911 [pool-141-thread-1] INFO  server.RaftServerConfigKeys (ConfUtils.java:logGet(46)) - raft.server.sleep.deviation.threshold = 300ms (default)
2022-10-28 11:28:53,911 [pool-141-thread-1] INFO  server.RaftServer$Division (ServerState.java:<init>(118)) - aa3e6641-ac34-45f8-85b4-6614ff527932@group-3B672FDC1826: ConfigurationManager, init=-1: peers:[aa3e6641-ac34-45f8-85b4-6614ff527932|rpc:10.1.0.114:40629|priority:1|startupRole:FOLLOWER]|listeners:[], old=null, confs=<EMPTY_MAP>
2022-10-28 11:28:53,911 [pool-141-thread-1] INFO  server.RaftServerConfigKeys (ConfUtils.java:logGet(46)) - raft.server.storage.dir = [/home/runner/work/ozone/ozone/hadoop-ozone/integration-test/target/test-dir/MiniOzoneClusterImpl-6ee34448-fbd8-4951-8ae1-d137d06ced7b/datanode-3/data/ratis] (custom)
2022-10-28 11:28:53,911 [pool-141-thread-1] INFO  server.RaftServerConfigKeys (ConfUtils.java:logGet(46)) - raft.server.log.corruption.policy = EXCEPTION (default)
2022-10-28 11:28:53,911 [pool-141-thread-1] INFO  server.RaftServerConfigKeys (ConfUtils.java:logGet(46)) - raft.server.storage.free-space.min = 0MB (=0) (default)
2022-10-28 11:28:53,912 [pool-141-thread-1] INFO  server.RaftServerConfigKeys (ConfUtils.java:logGet(46)) - raft.server.notification.no-leader.timeout = 300s (custom)
2022-10-28 11:28:53,912 [pool-141-thread-1] INFO  server.RaftServerConfigKeys (ConfUtils.java:logGet(46)) - raft.server.retrycache.expirytime = 600000ms (custom)
2022-10-28 11:28:53,912 [pool-141-thread-1] INFO  server.RaftServerConfigKeys (ConfUtils.java:logGet(46)) - raft.server.retrycache.statistics.expirytime = 100μs (default)
2022-10-28 11:28:53,913 [pool-141-thread-1] INFO  server.RaftServerConfigKeys (ConfUtils.java:logGet(46)) - raft.server.log.appender.install.snapshot.enabled = false (custom)
2022-10-28 11:28:53,913 [pool-141-thread-1] INFO  server.RaftServerConfigKeys (ConfUtils.java:logGet(46)) - raft.server.threadpool.server.cached = true (default)
2022-10-28 11:28:53,913 [pool-141-thread-1] INFO  server.RaftServerConfigKeys (ConfUtils.java:logGet(46)) - raft.server.threadpool.server.size = 0 (default)
2022-10-28 11:28:53,914 [pool-141-thread-1] INFO  server.RaftServerConfigKeys (ConfUtils.java:logGet(46)) - raft.server.threadpool.client.cached = true (default)
2022-10-28 11:28:53,914 [pool-141-thread-1] INFO  server.RaftServerConfigKeys (ConfUtils.java:logGet(46)) - raft.server.threadpool.client.size = 0 (default)
2022-10-28 11:28:53,914 [pool-141-thread-1] INFO  storage.RaftStorageDirectory (RaftStorageDirectoryImpl.java:analyzeStorage(137)) - The storage directory /home/runner/work/ozone/ozone/hadoop-ozone/integration-test/target/test-dir/MiniOzoneClusterImpl-6ee34448-fbd8-4951-8ae1-d137d06ced7b/datanode-3/data/ratis/5c3a30ba-4718-43ec-8bb2-3b672fdc1826 does not exist. Creating ...
2022-10-28 11:28:53,915 [pool-141-thread-1] INFO  storage.RaftStorageDirectory (RaftStorageDirectoryImpl.java:tryLock(231)) - Lock on /home/runner/work/ozone/ozone/hadoop-ozone/integration-test/target/test-dir/MiniOzoneClusterImpl-6ee34448-fbd8-4951-8ae1-d137d06ced7b/datanode-3/data/ratis/5c3a30ba-4718-43ec-8bb2-3b672fdc1826/in_use.lock acquired by nodename 13878@fv-az700-396
2022-10-28 11:28:53,915 [pool-141-thread-1] INFO  storage.RaftStorage (RaftStorageImpl.java:format(96)) - Storage directory /home/runner/work/ozone/ozone/hadoop-ozone/integration-test/target/test-dir/MiniOzoneClusterImpl-6ee34448-fbd8-4951-8ae1-d137d06ced7b/datanode-3/data/ratis/5c3a30ba-4718-43ec-8bb2-3b672fdc1826 has been successfully formatted.
2022-10-28 11:28:53,916 [pool-141-thread-1] INFO  ratis.ContainerStateMachine (ContainerStateMachine.java:loadSnapshot(236)) - group-3B672FDC1826: The snapshot info is null. Setting the last applied indexto:(t:0, i:~)
2022-10-28 11:28:53,916 [pool-141-thread-1] INFO  server.RaftServerConfigKeys (ConfUtils.java:logGet(46)) - raft.server.log.use.memory = false (default)
2022-10-28 11:28:53,916 [pool-141-thread-1] INFO  server.RaftServerConfigKeys (ConfUtils.java:logGet(46)) - raft.server.log.purge.gap = 1000000 (custom)
2022-10-28 11:28:53,916 [pool-141-thread-1] INFO  server.RaftServerConfigKeys (ConfUtils.java:logGet(46)) - raft.server.log.appender.buffer.byte-limit = 33554432 (custom)
2022-10-28 11:28:53,916 [pool-141-thread-1] INFO  server.RaftServerConfigKeys (ConfUtils.java:logGet(46)) - raft.server.log.statemachine.data.read.timeout = 1000ms (default)
2022-10-28 11:28:53,916 [pool-141-thread-1] INFO  server.RaftServerConfigKeys (ConfUtils.java:logGet(46)) - raft.server.log.purge.preservation.log.num = 0 (default)
2022-10-28 11:28:53,916 [pool-141-thread-1] INFO  server.RaftServerConfigKeys (ConfUtils.java:logGet(46)) - raft.server.log.segment.size.max = 1048576 (custom)
2022-10-28 11:28:53,917 [pool-141-thread-1] INFO  server.RaftServerConfigKeys (ConfUtils.java:logGet(46)) - raft.server.log.segment.cache.num.max = 2 (custom)
2022-10-28 11:28:53,917 [pool-141-thread-1] INFO  server.RaftServerConfigKeys (ConfUtils.java:logGet(46)) - raft.server.log.segment.cache.size.max = 200MB (=209715200) (default)
2022-10-28 11:28:53,917 [pool-141-thread-1] INFO  segmented.SegmentedRaftLogWorker (SegmentedRaftLogWorker.java:<init>(191)) - new aa3e6641-ac34-45f8-85b4-6614ff527932@group-3B672FDC1826-SegmentedRaftLogWorker for RaftStorageImpl:Storage Directory /home/runner/work/ozone/ozone/hadoop-ozone/integration-test/target/test-dir/MiniOzoneClusterImpl-6ee34448-fbd8-4951-8ae1-d137d06ced7b/datanode-3/data/ratis/5c3a30ba-4718-43ec-8bb2-3b672fdc1826
2022-10-28 11:28:53,917 [pool-141-thread-1] INFO  server.RaftServerConfigKeys (ConfUtils.java:logGet(46)) - raft.server.log.queue.byte-limit = 4294967296 (custom)
2022-10-28 11:28:53,917 [pool-141-thread-1] INFO  server.RaftServerConfigKeys (ConfUtils.java:logGet(46)) - raft.server.log.queue.element-limit = 1024 (custom)
2022-10-28 11:28:53,917 [pool-141-thread-1] INFO  server.RaftServerConfigKeys (ConfUtils.java:logGet(46)) - raft.server.log.segment.size.max = 1048576 (custom)
2022-10-28 11:28:53,917 [pool-141-thread-1] INFO  server.RaftServerConfigKeys (ConfUtils.java:logGet(46)) - raft.server.log.preallocated.size = 16384 (custom)
2022-10-28 11:28:53,917 [pool-141-thread-1] INFO  server.RaftServerConfigKeys (ConfUtils.java:logGet(46)) - raft.server.log.force.sync.num = 128 (default)
2022-10-28 11:28:53,918 [pool-141-thread-1] INFO  server.RaftServerConfigKeys (ConfUtils.java:logGet(46)) - raft.server.log.statemachine.data.sync = true (default)
2022-10-28 11:28:53,918 [EventQueue-PipelineReportForPipelineReportHandler] INFO  pipeline.PipelineManagerImpl (PipelineManagerImpl.java:openPipeline(367)) - Pipeline Pipeline[ Id: 5c3a30ba-4718-43ec-8bb2-3b672fdc1826, Nodes: aa3e6641-ac34-45f8-85b4-6614ff527932{ip: 10.1.0.114, host: fv-az700-396.2bpskmoaobnu3eckqg1qau4u2h.cx.internal.cloudapp.net, ports: [REPLICATION=45831, RATIS=40629, RATIS_ADMIN=40629, RATIS_SERVER=40629, STANDALONE=33397], networkLocation: /default-rack, certSerialId: null, persistedOpState: IN_SERVICE, persistedOpStateExpiryEpochSec: 0}, ReplicationConfig: RATIS/ONE, State:ALLOCATED, leaderId:aa3e6641-ac34-45f8-85b4-6614ff527932, CreationTimestamp2022-10-28T11:28:50.911Z[Etc/UTC]] moved to OPEN state
2022-10-28 11:28:53,918 [pool-141-thread-1] INFO  server.RaftServerConfigKeys (ConfUtils.java:logGet(46)) - raft.server.log.statemachine.data.sync.timeout = 10s (default)
2022-10-28 11:28:53,918 [pool-141-thread-1] INFO  server.RaftServerConfigKeys (ConfUtils.java:logGet(46)) - raft.server.log.statemachine.data.sync.timeout.retry = -1 (default)
2022-10-28 11:28:53,918 [EventQueue-OpenPipelineForHealthyPipelineSafeModeRule] INFO  safemode.SCMSafeModeManager (HealthyPipelineSafeModeRule.java:process(137)) - SCM in safe mode. Healthy pipelines reported count is 0, required healthy pipeline reported count is 1
2022-10-28 11:28:53,922 [pool-141-thread-1] INFO  server.RaftServerConfigKeys (ConfUtils.java:logGet(46)) - raft.server.log.write.buffer.size = 1048576 (custom)
2022-10-28 11:28:53,923 [pool-141-thread-1] INFO  server.RaftServerConfigKeys (ConfUtils.java:logGet(46)) - raft.server.log.unsafe-flush.enabled = false (default)
2022-10-28 11:28:53,923 [pool-141-thread-1] INFO  server.RaftServerConfigKeys (ConfUtils.java:logGet(46)) - raft.server.log.async-flush.enabled = false (default)
2022-10-28 11:28:53,923 [pool-141-thread-1] INFO  server.RaftServerConfigKeys (ConfUtils.java:logGet(46)) - raft.server.log.statemachine.data.caching.enabled = true (custom)
2022-10-28 11:28:53,923 [pool-141-thread-1] INFO  segmented.SegmentedRaftLogWorker (SegmentedRaftLogWorker.java:lambda$new$0(136)) - aa3e6641-ac34-45f8-85b4-6614ff527932@group-3B672FDC1826-SegmentedRaftLogWorker: flushIndex: setUnconditionally 0 -> -1
2022-10-28 11:28:53,923 [pool-141-thread-1] INFO  segmented.SegmentedRaftLogWorker (SegmentedRaftLogWorker.java:lambda$new$0(136)) - aa3e6641-ac34-45f8-85b4-6614ff527932@group-3B672FDC1826-SegmentedRaftLogWorker: safeCacheEvictIndex: setUnconditionally 0 -> -1
2022-10-28 11:28:53,923 [pool-141-thread-1] INFO  server.RaftServer$Division (RaftServerImpl.java:start(334)) - aa3e6641-ac34-45f8-85b4-6614ff527932@group-3B672FDC1826: start as a follower, conf=-1: peers:[aa3e6641-ac34-45f8-85b4-6614ff527932|rpc:10.1.0.114:40629|priority:1|startupRole:FOLLOWER]|listeners:[], old=null
2022-10-28 11:28:53,923 [pool-141-thread-1] INFO  server.RaftServer$Division (RaftServerImpl.java:setRole(321)) - aa3e6641-ac34-45f8-85b4-6614ff527932@group-3B672FDC1826: changes role from      null to FOLLOWER at term 0 for startAsFollower
2022-10-28 11:28:53,923 [pool-141-thread-1] INFO  impl.RoleInfo (RoleInfo.java:updateAndGet(139)) - aa3e6641-ac34-45f8-85b4-6614ff527932: start aa3e6641-ac34-45f8-85b4-6614ff527932@group-3B672FDC1826-FollowerState
2022-10-28 11:28:53,923 [pool-141-thread-1] INFO  util.JmxRegister (JmxRegister.java:tryRegister(44)) - Successfully registered JMX Bean with object name Ratis:service=RaftServer,group=group-3B672FDC1826,id=aa3e6641-ac34-45f8-85b4-6614ff527932
2022-10-28 11:28:53,924 [pool-141-thread-1] INFO  server.RaftServerConfigKeys (ConfUtils.java:logGet(46)) - raft.server.snapshot.auto.trigger.enabled = true (custom)
2022-10-28 11:28:53,924 [pool-141-thread-1] INFO  server.RaftServerConfigKeys (ConfUtils.java:logGet(46)) - raft.server.snapshot.auto.trigger.threshold = 10000 (custom)
2022-10-28 11:28:53,924 [pool-141-thread-1] INFO  server.RaftServerConfigKeys (ConfUtils.java:logGet(46)) - raft.server.snapshot.retention.file.num = 5 (custom)
2022-10-28 11:28:53,924 [pool-141-thread-1] INFO  server.RaftServerConfigKeys (ConfUtils.java:logGet(46)) - raft.server.log.purge.upto.snapshot.index = false (default)
2022-10-28 11:28:53,924 [aa3e6641-ac34-45f8-85b4-6614ff527932@group-3B672FDC1826-FollowerState] INFO  server.RaftServerConfigKeys (ConfUtils.java:logFallback(53)) - raft.server.rpc.first-election.timeout.min = 5s (fallback to raft.server.rpc.timeout.min)
2022-10-28 11:28:53,924 [aa3e6641-ac34-45f8-85b4-6614ff527932@group-3B672FDC1826-FollowerState] INFO  server.RaftServerConfigKeys (ConfUtils.java:logFallback(53)) - raft.server.rpc.first-election.timeout.max = 5200ms (fallback to raft.server.rpc.timeout.max)
2022-10-28 11:28:53,925 [Command processor thread] INFO  ratis.XceiverServerRatis (XceiverServerRatis.java:addGroup(765)) - Created group PipelineID=5c3a30ba-4718-43ec-8bb2-3b672fdc1826
2022-10-28 11:28:53,925 [Command processor thread] INFO  commandhandler.CreatePipelineCommandHandler (CreatePipelineCommandHandler.java:handle(113)) - Created Pipeline RATIS ONE PipelineID=5c3a30ba-4718-43ec-8bb2-3b672fdc1826.
2022-10-28 11:28:53,925 [Command processor thread] INFO  server.RaftServer (RaftServerProxy.java:addNew(96)) - aa3e6641-ac34-45f8-85b4-6614ff527932: addNew group-728B1F2A2928:[9d921ae2-dac8-442e-8311-fdc102c02170|rpc:10.1.0.114:43349|priority:0|startupRole:FOLLOWER, 21cd38f2-3152-4a7b-bfd6-5bc3f4c93f15|rpc:10.1.0.114:41711|priority:0|startupRole:FOLLOWER, aa3e6641-ac34-45f8-85b4-6614ff527932|rpc:10.1.0.114:40629|priority:1|startupRole:FOLLOWER] returns group-728B1F2A2928:java.util.concurrent.CompletableFuture@351e7eff[Not completed]
2022-10-28 11:28:53,926 [pool-141-thread-1] INFO  server.RaftServer$Division (RaftServerImpl.java:<init>(195)) - aa3e6641-ac34-45f8-85b4-6614ff527932: new RaftServerImpl for group-728B1F2A2928:[9d921ae2-dac8-442e-8311-fdc102c02170|rpc:10.1.0.114:43349|priority:0|startupRole:FOLLOWER, 21cd38f2-3152-4a7b-bfd6-5bc3f4c93f15|rpc:10.1.0.114:41711|priority:0|startupRole:FOLLOWER, aa3e6641-ac34-45f8-85b4-6614ff527932|rpc:10.1.0.114:40629|priority:1|startupRole:FOLLOWER] with ContainerStateMachine:uninitialized
2022-10-28 11:28:53,926 [pool-141-thread-1] INFO  server.RaftServerConfigKeys (ConfUtils.java:logGet(46)) - raft.server.rpc.timeout.min = 5s (custom)
2022-10-28 11:28:53,926 [pool-141-thread-1] INFO  server.RaftServerConfigKeys (ConfUtils.java:logGet(46)) - raft.server.rpc.timeout.max = 5200ms (custom)
2022-10-28 11:28:53,926 [pool-141-thread-1] INFO  server.RaftServerConfigKeys (ConfUtils.java:logGet(46)) - raft.server.rpc.sleep.time = 25ms (default)
2022-10-28 11:28:53,926 [pool-141-thread-1] INFO  server.RaftServerConfigKeys (ConfUtils.java:logGet(46)) - raft.server.rpc.slowness.timeout = 300s (custom)
2022-10-28 11:28:53,926 [pool-141-thread-1] INFO  server.RaftServerConfigKeys (ConfUtils.java:logGet(46)) - raft.server.leaderelection.leader.step-down.wait-time = 10s (default)
2022-10-28 11:28:53,926 [pool-141-thread-1] INFO  server.RaftServerConfigKeys (ConfUtils.java:logGet(46)) - raft.server.sleep.deviation.threshold = 300ms (default)
2022-10-28 11:28:53,926 [pool-141-thread-1] INFO  server.RaftServer$Division (ServerState.java:<init>(118)) - aa3e6641-ac34-45f8-85b4-6614ff527932@group-728B1F2A2928: ConfigurationManager, init=-1: peers:[9d921ae2-dac8-442e-8311-fdc102c02170|rpc:10.1.0.114:43349|priority:0|startupRole:FOLLOWER, 21cd38f2-3152-4a7b-bfd6-5bc3f4c93f15|rpc:10.1.0.114:41711|priority:0|startupRole:FOLLOWER, aa3e6641-ac34-45f8-85b4-6614ff527932|rpc:10.1.0.114:40629|priority:1|startupRole:FOLLOWER]|listeners:[], old=null, confs=<EMPTY_MAP>
2022-10-28 11:28:53,926 [pool-141-thread-1] INFO  server.RaftServerConfigKeys (ConfUtils.java:logGet(46)) - raft.server.storage.dir = [/home/runner/work/ozone/ozone/hadoop-ozone/integration-test/target/test-dir/MiniOzoneClusterImpl-6ee34448-fbd8-4951-8ae1-d137d06ced7b/datanode-3/data/ratis] (custom)
2022-10-28 11:28:53,927 [pool-141-thread-1] INFO  server.RaftServerConfigKeys (ConfUtils.java:logGet(46)) - raft.server.log.corruption.policy = EXCEPTION (default)
2022-10-28 11:28:53,927 [pool-141-thread-1] INFO  server.RaftServerConfigKeys (ConfUtils.java:logGet(46)) - raft.server.storage.free-space.min = 0MB (=0) (default)
2022-10-28 11:28:53,927 [pool-141-thread-1] INFO  server.RaftServerConfigKeys (ConfUtils.java:logGet(46)) - raft.server.notification.no-leader.timeout = 300s (custom)
2022-10-28 11:28:53,927 [pool-141-thread-1] INFO  server.RaftServerConfigKeys (ConfUtils.java:logGet(46)) - raft.server.retrycache.expirytime = 600000ms (custom)
2022-10-28 11:28:53,927 [pool-141-thread-1] INFO  server.RaftServerConfigKeys (ConfUtils.java:logGet(46)) - raft.server.retrycache.statistics.expirytime = 100μs (default)
2022-10-28 11:28:53,928 [pool-141-thread-1] INFO  server.RaftServerConfigKeys (ConfUtils.java:logGet(46)) - raft.server.log.appender.install.snapshot.enabled = false (custom)
2022-10-28 11:28:53,928 [pool-141-thread-1] INFO  server.RaftServerConfigKeys (ConfUtils.java:logGet(46)) - raft.server.threadpool.server.cached = true (default)
2022-10-28 11:28:53,928 [pool-141-thread-1] INFO  server.RaftServerConfigKeys (ConfUtils.java:logGet(46)) - raft.server.threadpool.server.size = 0 (default)
2022-10-28 11:28:53,928 [pool-141-thread-1] INFO  server.RaftServerConfigKeys (ConfUtils.java:logGet(46)) - raft.server.threadpool.client.cached = true (default)
2022-10-28 11:28:53,928 [pool-141-thread-1] INFO  server.RaftServerConfigKeys (ConfUtils.java:logGet(46)) - raft.server.threadpool.client.size = 0 (default)
2022-10-28 11:28:53,928 [pool-141-thread-1] INFO  storage.RaftStorageDirectory (RaftStorageDirectoryImpl.java:analyzeStorage(137)) - The storage directory /home/runner/work/ozone/ozone/hadoop-ozone/integration-test/target/test-dir/MiniOzoneClusterImpl-6ee34448-fbd8-4951-8ae1-d137d06ced7b/datanode-3/data/ratis/02d31f94-5201-42fb-897c-728b1f2a2928 does not exist. Creating ...
2022-10-28 11:28:53,933 [pool-141-thread-1] INFO  storage.RaftStorageDirectory (RaftStorageDirectoryImpl.java:tryLock(231)) - Lock on /home/runner/work/ozone/ozone/hadoop-ozone/integration-test/target/test-dir/MiniOzoneClusterImpl-6ee34448-fbd8-4951-8ae1-d137d06ced7b/datanode-3/data/ratis/02d31f94-5201-42fb-897c-728b1f2a2928/in_use.lock acquired by nodename 13878@fv-az700-396
2022-10-28 11:28:53,934 [pool-141-thread-1] INFO  storage.RaftStorage (RaftStorageImpl.java:format(96)) - Storage directory /home/runner/work/ozone/ozone/hadoop-ozone/integration-test/target/test-dir/MiniOzoneClusterImpl-6ee34448-fbd8-4951-8ae1-d137d06ced7b/datanode-3/data/ratis/02d31f94-5201-42fb-897c-728b1f2a2928 has been successfully formatted.
2022-10-28 11:28:53,935 [pool-141-thread-1] INFO  ratis.ContainerStateMachine (ContainerStateMachine.java:loadSnapshot(236)) - group-728B1F2A2928: The snapshot info is null. Setting the last applied indexto:(t:0, i:~)
2022-10-28 11:28:53,935 [pool-141-thread-1] INFO  server.RaftServerConfigKeys (ConfUtils.java:logGet(46)) - raft.server.log.use.memory = false (default)
2022-10-28 11:28:53,935 [pool-141-thread-1] INFO  server.RaftServerConfigKeys (ConfUtils.java:logGet(46)) - raft.server.log.purge.gap = 1000000 (custom)
2022-10-28 11:28:53,936 [pool-141-thread-1] INFO  server.RaftServerConfigKeys (ConfUtils.java:logGet(46)) - raft.server.log.appender.buffer.byte-limit = 33554432 (custom)
2022-10-28 11:28:53,936 [pool-141-thread-1] INFO  server.RaftServerConfigKeys (ConfUtils.java:logGet(46)) - raft.server.log.statemachine.data.read.timeout = 1000ms (default)
2022-10-28 11:28:53,936 [EventQueue-OpenPipelineForHealthyPipelineSafeModeRule] INFO  safemode.SCMSafeModeManager (HealthyPipelineSafeModeRule.java:process(137)) - SCM in safe mode. Healthy pipelines reported count is 0, required healthy pipeline reported count is 1
2022-10-28 11:28:53,940 [pool-141-thread-1] INFO  server.RaftServerConfigKeys (ConfUtils.java:logGet(46)) - raft.server.log.purge.preservation.log.num = 0 (default)
2022-10-28 11:28:53,940 [pool-141-thread-1] INFO  server.RaftServerConfigKeys (ConfUtils.java:logGet(46)) - raft.server.log.segment.size.max = 1048576 (custom)
2022-10-28 11:28:53,940 [pool-141-thread-1] INFO  server.RaftServerConfigKeys (ConfUtils.java:logGet(46)) - raft.server.log.segment.cache.num.max = 2 (custom)
2022-10-28 11:28:53,940 [pool-141-thread-1] INFO  server.RaftServerConfigKeys (ConfUtils.java:logGet(46)) - raft.server.log.segment.cache.size.max = 200MB (=209715200) (default)
2022-10-28 11:28:53,940 [pool-141-thread-1] INFO  segmented.SegmentedRaftLogWorker (SegmentedRaftLogWorker.java:<init>(191)) - new aa3e6641-ac34-45f8-85b4-6614ff527932@group-728B1F2A2928-SegmentedRaftLogWorker for RaftStorageImpl:Storage Directory /home/runner/work/ozone/ozone/hadoop-ozone/integration-test/target/test-dir/MiniOzoneClusterImpl-6ee34448-fbd8-4951-8ae1-d137d06ced7b/datanode-3/data/ratis/02d31f94-5201-42fb-897c-728b1f2a2928
2022-10-28 11:28:53,940 [pool-141-thread-1] INFO  server.RaftServerConfigKeys (ConfUtils.java:logGet(46)) - raft.server.log.queue.byte-limit = 4294967296 (custom)
2022-10-28 11:28:53,940 [pool-141-thread-1] INFO  server.RaftServerConfigKeys (ConfUtils.java:logGet(46)) - raft.server.log.queue.element-limit = 1024 (custom)
2022-10-28 11:28:53,940 [pool-141-thread-1] INFO  server.RaftServerConfigKeys (ConfUtils.java:logGet(46)) - raft.server.log.segment.size.max = 1048576 (custom)
2022-10-28 11:28:53,941 [pool-141-thread-1] INFO  server.RaftServerConfigKeys (ConfUtils.java:logGet(46)) - raft.server.log.preallocated.size = 16384 (custom)
2022-10-28 11:28:53,941 [pool-141-thread-1] INFO  server.RaftServerConfigKeys (ConfUtils.java:logGet(46)) - raft.server.log.force.sync.num = 128 (default)
2022-10-28 11:28:53,941 [pool-141-thread-1] INFO  server.RaftServerConfigKeys (ConfUtils.java:logGet(46)) - raft.server.log.statemachine.data.sync = true (default)
2022-10-28 11:28:53,941 [pool-141-thread-1] INFO  server.RaftServerConfigKeys (ConfUtils.java:logGet(46)) - raft.server.log.statemachine.data.sync.timeout = 10s (default)
2022-10-28 11:28:53,941 [pool-141-thread-1] INFO  server.RaftServerConfigKeys (ConfUtils.java:logGet(46)) - raft.server.log.statemachine.data.sync.timeout.retry = -1 (default)
2022-10-28 11:28:53,942 [pool-141-thread-1] INFO  server.RaftServerConfigKeys (ConfUtils.java:logGet(46)) - raft.server.log.write.buffer.size = 1048576 (custom)
2022-10-28 11:28:53,945 [pool-141-thread-1] INFO  server.RaftServerConfigKeys (ConfUtils.java:logGet(46)) - raft.server.log.unsafe-flush.enabled = false (default)
2022-10-28 11:28:53,945 [pool-141-thread-1] INFO  server.RaftServerConfigKeys (ConfUtils.java:logGet(46)) - raft.server.log.async-flush.enabled = false (default)
2022-10-28 11:28:53,945 [pool-141-thread-1] INFO  server.RaftServerConfigKeys (ConfUtils.java:logGet(46)) - raft.server.log.statemachine.data.caching.enabled = true (custom)
2022-10-28 11:28:53,945 [pool-141-thread-1] INFO  segmented.SegmentedRaftLogWorker (SegmentedRaftLogWorker.java:lambda$new$0(136)) - aa3e6641-ac34-45f8-85b4-6614ff527932@group-728B1F2A2928-SegmentedRaftLogWorker: flushIndex: setUnconditionally 0 -> -1
2022-10-28 11:28:53,945 [pool-141-thread-1] INFO  segmented.SegmentedRaftLogWorker (SegmentedRaftLogWorker.java:lambda$new$0(136)) - aa3e6641-ac34-45f8-85b4-6614ff527932@group-728B1F2A2928-SegmentedRaftLogWorker: safeCacheEvictIndex: setUnconditionally 0 -> -1
2022-10-28 11:28:53,945 [pool-141-thread-1] INFO  server.RaftServer$Division (RaftServerImpl.java:start(334)) - aa3e6641-ac34-45f8-85b4-6614ff527932@group-728B1F2A2928: start as a follower, conf=-1: peers:[9d921ae2-dac8-442e-8311-fdc102c02170|rpc:10.1.0.114:43349|priority:0|startupRole:FOLLOWER, 21cd38f2-3152-4a7b-bfd6-5bc3f4c93f15|rpc:10.1.0.114:41711|priority:0|startupRole:FOLLOWER, aa3e6641-ac34-45f8-85b4-6614ff527932|rpc:10.1.0.114:40629|priority:1|startupRole:FOLLOWER]|listeners:[], old=null
2022-10-28 11:28:53,945 [pool-141-thread-1] INFO  server.RaftServer$Division (RaftServerImpl.java:setRole(321)) - aa3e6641-ac34-45f8-85b4-6614ff527932@group-728B1F2A2928: changes role from      null to FOLLOWER at term 0 for startAsFollower
2022-10-28 11:28:53,945 [pool-141-thread-1] INFO  impl.RoleInfo (RoleInfo.java:updateAndGet(139)) - aa3e6641-ac34-45f8-85b4-6614ff527932: start aa3e6641-ac34-45f8-85b4-6614ff527932@group-728B1F2A2928-FollowerState
2022-10-28 11:28:53,945 [pool-141-thread-1] INFO  util.JmxRegister (JmxRegister.java:tryRegister(44)) - Successfully registered JMX Bean with object name Ratis:service=RaftServer,group=group-728B1F2A2928,id=aa3e6641-ac34-45f8-85b4-6614ff527932
2022-10-28 11:28:53,945 [pool-141-thread-1] INFO  server.RaftServerConfigKeys (ConfUtils.java:logGet(46)) - raft.server.snapshot.auto.trigger.enabled = true (custom)
2022-10-28 11:28:53,946 [pool-141-thread-1] INFO  server.RaftServerConfigKeys (ConfUtils.java:logGet(46)) - raft.server.snapshot.auto.trigger.threshold = 10000 (custom)
2022-10-28 11:28:53,946 [pool-141-thread-1] INFO  server.RaftServerConfigKeys (ConfUtils.java:logGet(46)) - raft.server.snapshot.retention.file.num = 5 (custom)
2022-10-28 11:28:53,946 [pool-141-thread-1] INFO  server.RaftServerConfigKeys (ConfUtils.java:logGet(46)) - raft.server.log.purge.upto.snapshot.index = false (default)
2022-10-28 11:28:53,946 [aa3e6641-ac34-45f8-85b4-6614ff527932@group-728B1F2A2928-FollowerState] INFO  server.RaftServerConfigKeys (ConfUtils.java:logFallback(53)) - raft.server.rpc.first-election.timeout.min = 5s (fallback to raft.server.rpc.timeout.min)
2022-10-28 11:28:53,946 [aa3e6641-ac34-45f8-85b4-6614ff527932@group-728B1F2A2928-FollowerState] INFO  server.RaftServerConfigKeys (ConfUtils.java:logFallback(53)) - raft.server.rpc.first-election.timeout.max = 5200ms (fallback to raft.server.rpc.timeout.max)
2022-10-28 11:28:53,946 [Command processor thread] INFO  ratis.XceiverServerRatis (XceiverServerRatis.java:addGroup(765)) - Created group PipelineID=02d31f94-5201-42fb-897c-728b1f2a2928
2022-10-28 11:28:53,961 [grpc-default-executor-1] INFO  server.RaftServer (RaftServerProxy.java:addNew(96)) - 21cd38f2-3152-4a7b-bfd6-5bc3f4c93f15: addNew group-728B1F2A2928:[9d921ae2-dac8-442e-8311-fdc102c02170|rpc:10.1.0.114:43349|dataStream:|priority:0|startupRole:FOLLOWER, 21cd38f2-3152-4a7b-bfd6-5bc3f4c93f15|rpc:10.1.0.114:41711|dataStream:|priority:0|startupRole:FOLLOWER, aa3e6641-ac34-45f8-85b4-6614ff527932|rpc:10.1.0.114:40629|dataStream:|priority:1|startupRole:FOLLOWER] returns group-728B1F2A2928:java.util.concurrent.CompletableFuture@115d4c2e[Not completed]
2022-10-28 11:28:53,966 [pool-164-thread-1] INFO  server.RaftServer$Division (RaftServerImpl.java:<init>(195)) - 21cd38f2-3152-4a7b-bfd6-5bc3f4c93f15: new RaftServerImpl for group-728B1F2A2928:[9d921ae2-dac8-442e-8311-fdc102c02170|rpc:10.1.0.114:43349|dataStream:|priority:0|startupRole:FOLLOWER, 21cd38f2-3152-4a7b-bfd6-5bc3f4c93f15|rpc:10.1.0.114:41711|dataStream:|priority:0|startupRole:FOLLOWER, aa3e6641-ac34-45f8-85b4-6614ff527932|rpc:10.1.0.114:40629|dataStream:|priority:1|startupRole:FOLLOWER] with ContainerStateMachine:uninitialized
2022-10-28 11:28:53,966 [pool-164-thread-1] INFO  server.RaftServerConfigKeys (ConfUtils.java:logGet(46)) - raft.server.rpc.timeout.min = 5s (custom)
2022-10-28 11:28:53,966 [pool-164-thread-1] INFO  server.RaftServerConfigKeys (ConfUtils.java:logGet(46)) - raft.server.rpc.timeout.max = 5200ms (custom)
2022-10-28 11:28:53,966 [pool-164-thread-1] INFO  server.RaftServerConfigKeys (ConfUtils.java:logGet(46)) - raft.server.rpc.sleep.time = 25ms (default)
2022-10-28 11:28:53,966 [pool-164-thread-1] INFO  server.RaftServerConfigKeys (ConfUtils.java:logGet(46)) - raft.server.rpc.slowness.timeout = 300s (custom)
2022-10-28 11:28:53,966 [pool-164-thread-1] INFO  server.RaftServerConfigKeys (ConfUtils.java:logGet(46)) - raft.server.leaderelection.leader.step-down.wait-time = 10s (default)
2022-10-28 11:28:53,966 [pool-164-thread-1] INFO  server.RaftServerConfigKeys (ConfUtils.java:logGet(46)) - raft.server.sleep.deviation.threshold = 300ms (default)
2022-10-28 11:28:53,966 [pool-164-thread-1] INFO  server.RaftServer$Division (ServerState.java:<init>(118)) - 21cd38f2-3152-4a7b-bfd6-5bc3f4c93f15@group-728B1F2A2928: ConfigurationManager, init=-1: peers:[9d921ae2-dac8-442e-8311-fdc102c02170|rpc:10.1.0.114:43349|dataStream:|priority:0|startupRole:FOLLOWER, 21cd38f2-3152-4a7b-bfd6-5bc3f4c93f15|rpc:10.1.0.114:41711|dataStream:|priority:0|startupRole:FOLLOWER, aa3e6641-ac34-45f8-85b4-6614ff527932|rpc:10.1.0.114:40629|dataStream:|priority:1|startupRole:FOLLOWER]|listeners:[], old=null, confs=<EMPTY_MAP>
2022-10-28 11:28:53,966 [pool-164-thread-1] INFO  server.RaftServerConfigKeys (ConfUtils.java:logGet(46)) - raft.server.storage.dir = [/home/runner/work/ozone/ozone/hadoop-ozone/integration-test/target/test-dir/MiniOzoneClusterImpl-6ee34448-fbd8-4951-8ae1-d137d06ced7b/datanode-4/data/ratis] (custom)
2022-10-28 11:28:53,966 [pool-164-thread-1] INFO  server.RaftServerConfigKeys (ConfUtils.java:logGet(46)) - raft.server.log.corruption.policy = EXCEPTION (default)
2022-10-28 11:28:53,966 [pool-164-thread-1] INFO  server.RaftServerConfigKeys (ConfUtils.java:logGet(46)) - raft.server.storage.free-space.min = 0MB (=0) (default)
2022-10-28 11:28:53,966 [pool-164-thread-1] INFO  server.RaftServerConfigKeys (ConfUtils.java:logGet(46)) - raft.server.notification.no-leader.timeout = 300s (custom)
2022-10-28 11:28:53,966 [pool-164-thread-1] INFO  server.RaftServerConfigKeys (ConfUtils.java:logGet(46)) - raft.server.retrycache.expirytime = 600000ms (custom)
2022-10-28 11:28:53,966 [pool-164-thread-1] INFO  server.RaftServerConfigKeys (ConfUtils.java:logGet(46)) - raft.server.retrycache.statistics.expirytime = 100μs (default)
2022-10-28 11:28:53,970 [pool-164-thread-1] INFO  server.RaftServerConfigKeys (ConfUtils.java:logGet(46)) - raft.server.log.appender.install.snapshot.enabled = false (custom)
2022-10-28 11:28:53,970 [pool-164-thread-1] INFO  server.RaftServerConfigKeys (ConfUtils.java:logGet(46)) - raft.server.threadpool.server.cached = true (default)
2022-10-28 11:28:53,970 [pool-164-thread-1] INFO  server.RaftServerConfigKeys (ConfUtils.java:logGet(46)) - raft.server.threadpool.server.size = 0 (default)
2022-10-28 11:28:53,970 [pool-164-thread-1] INFO  server.RaftServerConfigKeys (ConfUtils.java:logGet(46)) - raft.server.threadpool.client.cached = true (default)
2022-10-28 11:28:53,970 [pool-164-thread-1] INFO  server.RaftServerConfigKeys (ConfUtils.java:logGet(46)) - raft.server.threadpool.client.size = 0 (default)
2022-10-28 11:28:53,970 [pool-164-thread-1] INFO  storage.RaftStorageDirectory (RaftStorageDirectoryImpl.java:analyzeStorage(137)) - The storage directory /home/runner/work/ozone/ozone/hadoop-ozone/integration-test/target/test-dir/MiniOzoneClusterImpl-6ee34448-fbd8-4951-8ae1-d137d06ced7b/datanode-4/data/ratis/02d31f94-5201-42fb-897c-728b1f2a2928 does not exist. Creating ...
2022-10-28 11:28:53,972 [pool-164-thread-1] INFO  storage.RaftStorageDirectory (RaftStorageDirectoryImpl.java:tryLock(231)) - Lock on /home/runner/work/ozone/ozone/hadoop-ozone/integration-test/target/test-dir/MiniOzoneClusterImpl-6ee34448-fbd8-4951-8ae1-d137d06ced7b/datanode-4/data/ratis/02d31f94-5201-42fb-897c-728b1f2a2928/in_use.lock acquired by nodename 13878@fv-az700-396
2022-10-28 11:28:53,973 [pool-164-thread-1] INFO  storage.RaftStorage (RaftStorageImpl.java:format(96)) - Storage directory /home/runner/work/ozone/ozone/hadoop-ozone/integration-test/target/test-dir/MiniOzoneClusterImpl-6ee34448-fbd8-4951-8ae1-d137d06ced7b/datanode-4/data/ratis/02d31f94-5201-42fb-897c-728b1f2a2928 has been successfully formatted.
2022-10-28 11:28:53,973 [pool-164-thread-1] INFO  ratis.ContainerStateMachine (ContainerStateMachine.java:loadSnapshot(236)) - group-728B1F2A2928: The snapshot info is null. Setting the last applied indexto:(t:0, i:~)
2022-10-28 11:28:53,973 [pool-164-thread-1] INFO  server.RaftServerConfigKeys (ConfUtils.java:logGet(46)) - raft.server.log.use.memory = false (default)
2022-10-28 11:28:53,973 [pool-164-thread-1] INFO  server.RaftServerConfigKeys (ConfUtils.java:logGet(46)) - raft.server.log.purge.gap = 1000000 (custom)
2022-10-28 11:28:53,973 [pool-164-thread-1] INFO  server.RaftServerConfigKeys (ConfUtils.java:logGet(46)) - raft.server.log.appender.buffer.byte-limit = 33554432 (custom)
2022-10-28 11:28:53,973 [pool-164-thread-1] INFO  server.RaftServerConfigKeys (ConfUtils.java:logGet(46)) - raft.server.log.statemachine.data.read.timeout = 1000ms (default)
2022-10-28 11:28:53,973 [pool-164-thread-1] INFO  server.RaftServerConfigKeys (ConfUtils.java:logGet(46)) - raft.server.log.purge.preservation.log.num = 0 (default)
2022-10-28 11:28:53,974 [pool-164-thread-1] INFO  server.RaftServerConfigKeys (ConfUtils.java:logGet(46)) - raft.server.log.segment.size.max = 1048576 (custom)
2022-10-28 11:28:53,974 [pool-164-thread-1] INFO  server.RaftServerConfigKeys (ConfUtils.java:logGet(46)) - raft.server.log.segment.cache.num.max = 2 (custom)
2022-10-28 11:28:53,974 [pool-164-thread-1] INFO  server.RaftServerConfigKeys (ConfUtils.java:logGet(46)) - raft.server.log.segment.cache.size.max = 200MB (=209715200) (default)
2022-10-28 11:28:53,974 [pool-164-thread-1] INFO  segmented.SegmentedRaftLogWorker (SegmentedRaftLogWorker.java:<init>(191)) - new 21cd38f2-3152-4a7b-bfd6-5bc3f4c93f15@group-728B1F2A2928-SegmentedRaftLogWorker for RaftStorageImpl:Storage Directory /home/runner/work/ozone/ozone/hadoop-ozone/integration-test/target/test-dir/MiniOzoneClusterImpl-6ee34448-fbd8-4951-8ae1-d137d06ced7b/datanode-4/data/ratis/02d31f94-5201-42fb-897c-728b1f2a2928
2022-10-28 11:28:53,974 [pool-164-thread-1] INFO  server.RaftServerConfigKeys (ConfUtils.java:logGet(46)) - raft.server.log.queue.byte-limit = 4294967296 (custom)
2022-10-28 11:28:53,974 [pool-164-thread-1] INFO  server.RaftServerConfigKeys (ConfUtils.java:logGet(46)) - raft.server.log.queue.element-limit = 1024 (custom)
2022-10-28 11:28:53,975 [pool-164-thread-1] INFO  server.RaftServerConfigKeys (ConfUtils.java:logGet(46)) - raft.server.log.segment.size.max = 1048576 (custom)
2022-10-28 11:28:53,975 [pool-164-thread-1] INFO  server.RaftServerConfigKeys (ConfUtils.java:logGet(46)) - raft.server.log.preallocated.size = 16384 (custom)
2022-10-28 11:28:53,975 [pool-164-thread-1] INFO  server.RaftServerConfigKeys (ConfUtils.java:logGet(46)) - raft.server.log.force.sync.num = 128 (default)
2022-10-28 11:28:53,975 [pool-164-thread-1] INFO  server.RaftServerConfigKeys (ConfUtils.java:logGet(46)) - raft.server.log.statemachine.data.sync = true (default)
2022-10-28 11:28:53,975 [pool-164-thread-1] INFO  server.RaftServerConfigKeys (ConfUtils.java:logGet(46)) - raft.server.log.statemachine.data.sync.timeout = 10s (default)
2022-10-28 11:28:53,975 [pool-164-thread-1] INFO  server.RaftServerConfigKeys (ConfUtils.java:logGet(46)) - raft.server.log.statemachine.data.sync.timeout.retry = -1 (default)
2022-10-28 11:28:53,976 [pool-164-thread-1] INFO  server.RaftServerConfigKeys (ConfUtils.java:logGet(46)) - raft.server.log.write.buffer.size = 1048576 (custom)
2022-10-28 11:28:53,976 [pool-164-thread-1] INFO  server.RaftServerConfigKeys (ConfUtils.java:logGet(46)) - raft.server.log.unsafe-flush.enabled = false (default)
2022-10-28 11:28:53,976 [pool-164-thread-1] INFO  server.RaftServerConfigKeys (ConfUtils.java:logGet(46)) - raft.server.log.async-flush.enabled = false (default)
2022-10-28 11:28:53,976 [pool-164-thread-1] INFO  server.RaftServerConfigKeys (ConfUtils.java:logGet(46)) - raft.server.log.statemachine.data.caching.enabled = true (custom)
2022-10-28 11:28:53,976 [pool-164-thread-1] INFO  segmented.SegmentedRaftLogWorker (SegmentedRaftLogWorker.java:lambda$new$0(136)) - 21cd38f2-3152-4a7b-bfd6-5bc3f4c93f15@group-728B1F2A2928-SegmentedRaftLogWorker: flushIndex: setUnconditionally 0 -> -1
2022-10-28 11:28:53,976 [pool-164-thread-1] INFO  segmented.SegmentedRaftLogWorker (SegmentedRaftLogWorker.java:lambda$new$0(136)) - 21cd38f2-3152-4a7b-bfd6-5bc3f4c93f15@group-728B1F2A2928-SegmentedRaftLogWorker: safeCacheEvictIndex: setUnconditionally 0 -> -1
2022-10-28 11:28:53,976 [pool-164-thread-1] INFO  server.RaftServer$Division (RaftServerImpl.java:start(334)) - 21cd38f2-3152-4a7b-bfd6-5bc3f4c93f15@group-728B1F2A2928: start as a follower, conf=-1: peers:[9d921ae2-dac8-442e-8311-fdc102c02170|rpc:10.1.0.114:43349|dataStream:|priority:0|startupRole:FOLLOWER, 21cd38f2-3152-4a7b-bfd6-5bc3f4c93f15|rpc:10.1.0.114:41711|dataStream:|priority:0|startupRole:FOLLOWER, aa3e6641-ac34-45f8-85b4-6614ff527932|rpc:10.1.0.114:40629|dataStream:|priority:1|startupRole:FOLLOWER]|listeners:[], old=null
2022-10-28 11:28:53,976 [pool-164-thread-1] INFO  server.RaftServer$Division (RaftServerImpl.java:setRole(321)) - 21cd38f2-3152-4a7b-bfd6-5bc3f4c93f15@group-728B1F2A2928: changes role from      null to FOLLOWER at term 0 for startAsFollower
2022-10-28 11:28:53,976 [pool-164-thread-1] INFO  impl.RoleInfo (RoleInfo.java:updateAndGet(139)) - 21cd38f2-3152-4a7b-bfd6-5bc3f4c93f15: start 21cd38f2-3152-4a7b-bfd6-5bc3f4c93f15@group-728B1F2A2928-FollowerState
2022-10-28 11:28:53,977 [pool-164-thread-1] INFO  util.JmxRegister (JmxRegister.java:tryRegister(44)) - Successfully registered JMX Bean with object name Ratis:service=RaftServer,group=group-728B1F2A2928,id=21cd38f2-3152-4a7b-bfd6-5bc3f4c93f15
2022-10-28 11:28:53,978 [pool-164-thread-1] INFO  server.RaftServerConfigKeys (ConfUtils.java:logGet(46)) - raft.server.snapshot.auto.trigger.enabled = true (custom)
2022-10-28 11:28:53,978 [pool-164-thread-1] INFO  server.RaftServerConfigKeys (ConfUtils.java:logGet(46)) - raft.server.snapshot.auto.trigger.threshold = 10000 (custom)
2022-10-28 11:28:53,978 [pool-164-thread-1] INFO  server.RaftServerConfigKeys (ConfUtils.java:logGet(46)) - raft.server.snapshot.retention.file.num = 5 (custom)
2022-10-28 11:28:53,978 [pool-164-thread-1] INFO  server.RaftServerConfigKeys (ConfUtils.java:logGet(46)) - raft.server.log.purge.upto.snapshot.index = false (default)
2022-10-28 11:28:53,978 [21cd38f2-3152-4a7b-bfd6-5bc3f4c93f15@group-728B1F2A2928-FollowerState] INFO  server.RaftServerConfigKeys (ConfUtils.java:logFallback(53)) - raft.server.rpc.first-election.timeout.min = 5s (fallback to raft.server.rpc.timeout.min)
2022-10-28 11:28:53,982 [21cd38f2-3152-4a7b-bfd6-5bc3f4c93f15@group-728B1F2A2928-FollowerState] INFO  server.RaftServerConfigKeys (ConfUtils.java:logFallback(53)) - raft.server.rpc.first-election.timeout.max = 5200ms (fallback to raft.server.rpc.timeout.max)
2022-10-28 11:28:54,016 [grpc-default-executor-1] INFO  server.RaftServer (RaftServerProxy.java:addNew(96)) - 9d921ae2-dac8-442e-8311-fdc102c02170: addNew group-728B1F2A2928:[9d921ae2-dac8-442e-8311-fdc102c02170|rpc:10.1.0.114:43349|dataStream:|priority:0|startupRole:FOLLOWER, 21cd38f2-3152-4a7b-bfd6-5bc3f4c93f15|rpc:10.1.0.114:41711|dataStream:|priority:0|startupRole:FOLLOWER, aa3e6641-ac34-45f8-85b4-6614ff527932|rpc:10.1.0.114:40629|dataStream:|priority:1|startupRole:FOLLOWER] returns group-728B1F2A2928:java.util.concurrent.CompletableFuture@6bfdb5cd[Not completed]
2022-10-28 11:28:54,017 [pool-187-thread-1] INFO  server.RaftServer$Division (RaftServerImpl.java:<init>(195)) - 9d921ae2-dac8-442e-8311-fdc102c02170: new RaftServerImpl for group-728B1F2A2928:[9d921ae2-dac8-442e-8311-fdc102c02170|rpc:10.1.0.114:43349|dataStream:|priority:0|startupRole:FOLLOWER, 21cd38f2-3152-4a7b-bfd6-5bc3f4c93f15|rpc:10.1.0.114:41711|dataStream:|priority:0|startupRole:FOLLOWER, aa3e6641-ac34-45f8-85b4-6614ff527932|rpc:10.1.0.114:40629|dataStream:|priority:1|startupRole:FOLLOWER] with ContainerStateMachine:uninitialized
2022-10-28 11:28:54,017 [pool-187-thread-1] INFO  server.RaftServerConfigKeys (ConfUtils.java:logGet(46)) - raft.server.rpc.timeout.min = 5s (custom)
2022-10-28 11:28:54,017 [pool-187-thread-1] INFO  server.RaftServerConfigKeys (ConfUtils.java:logGet(46)) - raft.server.rpc.timeout.max = 5200ms (custom)
2022-10-28 11:28:54,017 [pool-187-thread-1] INFO  server.RaftServerConfigKeys (ConfUtils.java:logGet(46)) - raft.server.rpc.sleep.time = 25ms (default)
2022-10-28 11:28:54,017 [pool-187-thread-1] INFO  server.RaftServerConfigKeys (ConfUtils.java:logGet(46)) - raft.server.rpc.slowness.timeout = 300s (custom)
2022-10-28 11:28:54,017 [pool-187-thread-1] INFO  server.RaftServerConfigKeys (ConfUtils.java:logGet(46)) - raft.server.leaderelection.leader.step-down.wait-time = 10s (default)
2022-10-28 11:28:54,018 [pool-187-thread-1] INFO  server.RaftServerConfigKeys (ConfUtils.java:logGet(46)) - raft.server.sleep.deviation.threshold = 300ms (default)
2022-10-28 11:28:54,018 [pool-187-thread-1] INFO  server.RaftServer$Division (ServerState.java:<init>(118)) - 9d921ae2-dac8-442e-8311-fdc102c02170@group-728B1F2A2928: ConfigurationManager, init=-1: peers:[9d921ae2-dac8-442e-8311-fdc102c02170|rpc:10.1.0.114:43349|dataStream:|priority:0|startupRole:FOLLOWER, 21cd38f2-3152-4a7b-bfd6-5bc3f4c93f15|rpc:10.1.0.114:41711|dataStream:|priority:0|startupRole:FOLLOWER, aa3e6641-ac34-45f8-85b4-6614ff527932|rpc:10.1.0.114:40629|dataStream:|priority:1|startupRole:FOLLOWER]|listeners:[], old=null, confs=<EMPTY_MAP>
2022-10-28 11:28:54,018 [pool-187-thread-1] INFO  server.RaftServerConfigKeys (ConfUtils.java:logGet(46)) - raft.server.storage.dir = [/home/runner/work/ozone/ozone/hadoop-ozone/integration-test/target/test-dir/MiniOzoneClusterImpl-6ee34448-fbd8-4951-8ae1-d137d06ced7b/datanode-5/data/ratis] (custom)
2022-10-28 11:28:54,018 [pool-187-thread-1] INFO  server.RaftServerConfigKeys (ConfUtils.java:logGet(46)) - raft.server.log.corruption.policy = EXCEPTION (default)
2022-10-28 11:28:54,018 [pool-187-thread-1] INFO  server.RaftServerConfigKeys (ConfUtils.java:logGet(46)) - raft.server.storage.free-space.min = 0MB (=0) (default)
2022-10-28 11:28:54,018 [pool-187-thread-1] INFO  server.RaftServerConfigKeys (ConfUtils.java:logGet(46)) - raft.server.notification.no-leader.timeout = 300s (custom)
2022-10-28 11:28:54,018 [pool-187-thread-1] INFO  server.RaftServerConfigKeys (ConfUtils.java:logGet(46)) - raft.server.retrycache.expirytime = 600000ms (custom)
2022-10-28 11:28:54,018 [pool-187-thread-1] INFO  server.RaftServerConfigKeys (ConfUtils.java:logGet(46)) - raft.server.retrycache.statistics.expirytime = 100μs (default)
2022-10-28 11:28:54,021 [pool-187-thread-1] INFO  server.RaftServerConfigKeys (ConfUtils.java:logGet(46)) - raft.server.log.appender.install.snapshot.enabled = false (custom)
2022-10-28 11:28:54,021 [pool-187-thread-1] INFO  server.RaftServerConfigKeys (ConfUtils.java:logGet(46)) - raft.server.threadpool.server.cached = true (default)
2022-10-28 11:28:54,021 [pool-187-thread-1] INFO  server.RaftServerConfigKeys (ConfUtils.java:logGet(46)) - raft.server.threadpool.server.size = 0 (default)
2022-10-28 11:28:54,021 [pool-187-thread-1] INFO  server.RaftServerConfigKeys (ConfUtils.java:logGet(46)) - raft.server.threadpool.client.cached = true (default)
2022-10-28 11:28:54,021 [pool-187-thread-1] INFO  server.RaftServerConfigKeys (ConfUtils.java:logGet(46)) - raft.server.threadpool.client.size = 0 (default)
2022-10-28 11:28:54,021 [pool-187-thread-1] INFO  storage.RaftStorageDirectory (RaftStorageDirectoryImpl.java:analyzeStorage(137)) - The storage directory /home/runner/work/ozone/ozone/hadoop-ozone/integration-test/target/test-dir/MiniOzoneClusterImpl-6ee34448-fbd8-4951-8ae1-d137d06ced7b/datanode-5/data/ratis/02d31f94-5201-42fb-897c-728b1f2a2928 does not exist. Creating ...
2022-10-28 11:28:54,022 [pool-187-thread-1] INFO  storage.RaftStorageDirectory (RaftStorageDirectoryImpl.java:tryLock(231)) - Lock on /home/runner/work/ozone/ozone/hadoop-ozone/integration-test/target/test-dir/MiniOzoneClusterImpl-6ee34448-fbd8-4951-8ae1-d137d06ced7b/datanode-5/data/ratis/02d31f94-5201-42fb-897c-728b1f2a2928/in_use.lock acquired by nodename 13878@fv-az700-396
2022-10-28 11:28:54,023 [pool-187-thread-1] INFO  storage.RaftStorage (RaftStorageImpl.java:format(96)) - Storage directory /home/runner/work/ozone/ozone/hadoop-ozone/integration-test/target/test-dir/MiniOzoneClusterImpl-6ee34448-fbd8-4951-8ae1-d137d06ced7b/datanode-5/data/ratis/02d31f94-5201-42fb-897c-728b1f2a2928 has been successfully formatted.
2022-10-28 11:28:54,024 [pool-187-thread-1] INFO  ratis.ContainerStateMachine (ContainerStateMachine.java:loadSnapshot(236)) - group-728B1F2A2928: The snapshot info is null. Setting the last applied indexto:(t:0, i:~)
2022-10-28 11:28:54,028 [pool-187-thread-1] INFO  server.RaftServerConfigKeys (ConfUtils.java:logGet(46)) - raft.server.log.use.memory = false (default)
2022-10-28 11:28:54,028 [pool-187-thread-1] INFO  server.RaftServerConfigKeys (ConfUtils.java:logGet(46)) - raft.server.log.purge.gap = 1000000 (custom)
2022-10-28 11:28:54,028 [pool-187-thread-1] INFO  server.RaftServerConfigKeys (ConfUtils.java:logGet(46)) - raft.server.log.appender.buffer.byte-limit = 33554432 (custom)
2022-10-28 11:28:54,028 [pool-187-thread-1] INFO  server.RaftServerConfigKeys (ConfUtils.java:logGet(46)) - raft.server.log.statemachine.data.read.timeout = 1000ms (default)
2022-10-28 11:28:54,028 [pool-187-thread-1] INFO  server.RaftServerConfigKeys (ConfUtils.java:logGet(46)) - raft.server.log.purge.preservation.log.num = 0 (default)
2022-10-28 11:28:54,028 [pool-187-thread-1] INFO  server.RaftServerConfigKeys (ConfUtils.java:logGet(46)) - raft.server.log.segment.size.max = 1048576 (custom)
2022-10-28 11:28:54,028 [pool-187-thread-1] INFO  server.RaftServerConfigKeys (ConfUtils.java:logGet(46)) - raft.server.log.segment.cache.num.max = 2 (custom)
2022-10-28 11:28:54,028 [pool-187-thread-1] INFO  server.RaftServerConfigKeys (ConfUtils.java:logGet(46)) - raft.server.log.segment.cache.size.max = 200MB (=209715200) (default)
2022-10-28 11:28:54,028 [pool-187-thread-1] INFO  segmented.SegmentedRaftLogWorker (SegmentedRaftLogWorker.java:<init>(191)) - new 9d921ae2-dac8-442e-8311-fdc102c02170@group-728B1F2A2928-SegmentedRaftLogWorker for RaftStorageImpl:Storage Directory /home/runner/work/ozone/ozone/hadoop-ozone/integration-test/target/test-dir/MiniOzoneClusterImpl-6ee34448-fbd8-4951-8ae1-d137d06ced7b/datanode-5/data/ratis/02d31f94-5201-42fb-897c-728b1f2a2928
2022-10-28 11:28:54,028 [pool-187-thread-1] INFO  server.RaftServerConfigKeys (ConfUtils.java:logGet(46)) - raft.server.log.queue.byte-limit = 4294967296 (custom)
2022-10-28 11:28:54,029 [pool-187-thread-1] INFO  server.RaftServerConfigKeys (ConfUtils.java:logGet(46)) - raft.server.log.queue.element-limit = 1024 (custom)
2022-10-28 11:28:54,029 [pool-187-thread-1] INFO  server.RaftServerConfigKeys (ConfUtils.java:logGet(46)) - raft.server.log.segment.size.max = 1048576 (custom)
2022-10-28 11:28:54,029 [pool-187-thread-1] INFO  server.RaftServerConfigKeys (ConfUtils.java:logGet(46)) - raft.server.log.preallocated.size = 16384 (custom)
2022-10-28 11:28:54,029 [pool-187-thread-1] INFO  server.RaftServerConfigKeys (ConfUtils.java:logGet(46)) - raft.server.log.force.sync.num = 128 (default)
2022-10-28 11:28:54,029 [pool-187-thread-1] INFO  server.RaftServerConfigKeys (ConfUtils.java:logGet(46)) - raft.server.log.statemachine.data.sync = true (default)
2022-10-28 11:28:54,029 [pool-187-thread-1] INFO  server.RaftServerConfigKeys (ConfUtils.java:logGet(46)) - raft.server.log.statemachine.data.sync.timeout = 10s (default)
2022-10-28 11:28:54,029 [pool-187-thread-1] INFO  server.RaftServerConfigKeys (ConfUtils.java:logGet(46)) - raft.server.log.statemachine.data.sync.timeout.retry = -1 (default)
2022-10-28 11:28:54,030 [pool-187-thread-1] INFO  server.RaftServerConfigKeys (ConfUtils.java:logGet(46)) - raft.server.log.write.buffer.size = 1048576 (custom)
2022-10-28 11:28:54,030 [pool-187-thread-1] INFO  server.RaftServerConfigKeys (ConfUtils.java:logGet(46)) - raft.server.log.unsafe-flush.enabled = false (default)
2022-10-28 11:28:54,030 [pool-187-thread-1] INFO  server.RaftServerConfigKeys (ConfUtils.java:logGet(46)) - raft.server.log.async-flush.enabled = false (default)
2022-10-28 11:28:54,030 [pool-187-thread-1] INFO  server.RaftServerConfigKeys (ConfUtils.java:logGet(46)) - raft.server.log.statemachine.data.caching.enabled = true (custom)
2022-10-28 11:28:54,031 [pool-187-thread-1] INFO  segmented.SegmentedRaftLogWorker (SegmentedRaftLogWorker.java:lambda$new$0(136)) - 9d921ae2-dac8-442e-8311-fdc102c02170@group-728B1F2A2928-SegmentedRaftLogWorker: flushIndex: setUnconditionally 0 -> -1
2022-10-28 11:28:54,031 [pool-187-thread-1] INFO  segmented.SegmentedRaftLogWorker (SegmentedRaftLogWorker.java:lambda$new$0(136)) - 9d921ae2-dac8-442e-8311-fdc102c02170@group-728B1F2A2928-SegmentedRaftLogWorker: safeCacheEvictIndex: setUnconditionally 0 -> -1
2022-10-28 11:28:54,031 [pool-187-thread-1] INFO  server.RaftServer$Division (RaftServerImpl.java:start(334)) - 9d921ae2-dac8-442e-8311-fdc102c02170@group-728B1F2A2928: start as a follower, conf=-1: peers:[9d921ae2-dac8-442e-8311-fdc102c02170|rpc:10.1.0.114:43349|dataStream:|priority:0|startupRole:FOLLOWER, 21cd38f2-3152-4a7b-bfd6-5bc3f4c93f15|rpc:10.1.0.114:41711|dataStream:|priority:0|startupRole:FOLLOWER, aa3e6641-ac34-45f8-85b4-6614ff527932|rpc:10.1.0.114:40629|dataStream:|priority:1|startupRole:FOLLOWER]|listeners:[], old=null
2022-10-28 11:28:54,031 [pool-187-thread-1] INFO  server.RaftServer$Division (RaftServerImpl.java:setRole(321)) - 9d921ae2-dac8-442e-8311-fdc102c02170@group-728B1F2A2928: changes role from      null to FOLLOWER at term 0 for startAsFollower
2022-10-28 11:28:54,031 [pool-187-thread-1] INFO  impl.RoleInfo (RoleInfo.java:updateAndGet(139)) - 9d921ae2-dac8-442e-8311-fdc102c02170: start 9d921ae2-dac8-442e-8311-fdc102c02170@group-728B1F2A2928-FollowerState
2022-10-28 11:28:54,031 [pool-187-thread-1] INFO  util.JmxRegister (JmxRegister.java:tryRegister(44)) - Successfully registered JMX Bean with object name Ratis:service=RaftServer,group=group-728B1F2A2928,id=9d921ae2-dac8-442e-8311-fdc102c02170
2022-10-28 11:28:54,031 [pool-187-thread-1] INFO  server.RaftServerConfigKeys (ConfUtils.java:logGet(46)) - raft.server.snapshot.auto.trigger.enabled = true (custom)
2022-10-28 11:28:54,031 [pool-187-thread-1] INFO  server.RaftServerConfigKeys (ConfUtils.java:logGet(46)) - raft.server.snapshot.auto.trigger.threshold = 10000 (custom)
2022-10-28 11:28:54,031 [pool-187-thread-1] INFO  server.RaftServerConfigKeys (ConfUtils.java:logGet(46)) - raft.server.snapshot.retention.file.num = 5 (custom)
2022-10-28 11:28:54,031 [pool-187-thread-1] INFO  server.RaftServerConfigKeys (ConfUtils.java:logGet(46)) - raft.server.log.purge.upto.snapshot.index = false (default)
2022-10-28 11:28:54,032 [9d921ae2-dac8-442e-8311-fdc102c02170@group-728B1F2A2928-FollowerState] INFO  server.RaftServerConfigKeys (ConfUtils.java:logFallback(53)) - raft.server.rpc.first-election.timeout.min = 5s (fallback to raft.server.rpc.timeout.min)
2022-10-28 11:28:54,032 [9d921ae2-dac8-442e-8311-fdc102c02170@group-728B1F2A2928-FollowerState] INFO  server.RaftServerConfigKeys (ConfUtils.java:logFallback(53)) - raft.server.rpc.first-election.timeout.max = 5200ms (fallback to raft.server.rpc.timeout.max)
2022-10-28 11:28:54,036 [Command processor thread] INFO  commandhandler.CreatePipelineCommandHandler (CreatePipelineCommandHandler.java:handle(113)) - Created Pipeline RATIS THREE PipelineID=02d31f94-5201-42fb-897c-728b1f2a2928.
2022-10-28 11:28:54,036 [Command processor thread] INFO  server.RaftServer (RaftServerProxy.java:addNew(96)) - aa3e6641-ac34-45f8-85b4-6614ff527932: addNew group-EF2AFB36FD63:[9d921ae2-dac8-442e-8311-fdc102c02170|rpc:10.1.0.114:43349|priority:1|startupRole:FOLLOWER, 21cd38f2-3152-4a7b-bfd6-5bc3f4c93f15|rpc:10.1.0.114:41711|priority:0|startupRole:FOLLOWER, aa3e6641-ac34-45f8-85b4-6614ff527932|rpc:10.1.0.114:40629|priority:0|startupRole:FOLLOWER] returns group-EF2AFB36FD63:java.util.concurrent.CompletableFuture@1f8d4042[Not completed]
2022-10-28 11:28:54,037 [pool-141-thread-1] INFO  server.RaftServer$Division (RaftServerImpl.java:<init>(195)) - aa3e6641-ac34-45f8-85b4-6614ff527932: new RaftServerImpl for group-EF2AFB36FD63:[9d921ae2-dac8-442e-8311-fdc102c02170|rpc:10.1.0.114:43349|priority:1|startupRole:FOLLOWER, 21cd38f2-3152-4a7b-bfd6-5bc3f4c93f15|rpc:10.1.0.114:41711|priority:0|startupRole:FOLLOWER, aa3e6641-ac34-45f8-85b4-6614ff527932|rpc:10.1.0.114:40629|priority:0|startupRole:FOLLOWER] with ContainerStateMachine:uninitialized
2022-10-28 11:28:54,037 [pool-141-thread-1] INFO  server.RaftServerConfigKeys (ConfUtils.java:logGet(46)) - raft.server.rpc.timeout.min = 5s (custom)
2022-10-28 11:28:54,037 [pool-141-thread-1] INFO  server.RaftServerConfigKeys (ConfUtils.java:logGet(46)) - raft.server.rpc.timeout.max = 5200ms (custom)
2022-10-28 11:28:54,037 [pool-141-thread-1] INFO  server.RaftServerConfigKeys (ConfUtils.java:logGet(46)) - raft.server.rpc.sleep.time = 25ms (default)
2022-10-28 11:28:54,037 [pool-141-thread-1] INFO  server.RaftServerConfigKeys (ConfUtils.java:logGet(46)) - raft.server.rpc.slowness.timeout = 300s (custom)
2022-10-28 11:28:54,037 [pool-141-thread-1] INFO  server.RaftServerConfigKeys (ConfUtils.java:logGet(46)) - raft.server.leaderelection.leader.step-down.wait-time = 10s (default)
2022-10-28 11:28:54,037 [pool-141-thread-1] INFO  server.RaftServerConfigKeys (ConfUtils.java:logGet(46)) - raft.server.sleep.deviation.threshold = 300ms (default)
2022-10-28 11:28:54,037 [pool-141-thread-1] INFO  server.RaftServer$Division (ServerState.java:<init>(118)) - aa3e6641-ac34-45f8-85b4-6614ff527932@group-EF2AFB36FD63: ConfigurationManager, init=-1: peers:[9d921ae2-dac8-442e-8311-fdc102c02170|rpc:10.1.0.114:43349|priority:1|startupRole:FOLLOWER, 21cd38f2-3152-4a7b-bfd6-5bc3f4c93f15|rpc:10.1.0.114:41711|priority:0|startupRole:FOLLOWER, aa3e6641-ac34-45f8-85b4-6614ff527932|rpc:10.1.0.114:40629|priority:0|startupRole:FOLLOWER]|listeners:[], old=null, confs=<EMPTY_MAP>
2022-10-28 11:28:54,038 [pool-141-thread-1] INFO  server.RaftServerConfigKeys (ConfUtils.java:logGet(46)) - raft.server.storage.dir = [/home/runner/work/ozone/ozone/hadoop-ozone/integration-test/target/test-dir/MiniOzoneClusterImpl-6ee34448-fbd8-4951-8ae1-d137d06ced7b/datanode-3/data/ratis] (custom)
2022-10-28 11:28:54,038 [pool-141-thread-1] INFO  server.RaftServerConfigKeys (ConfUtils.java:logGet(46)) - raft.server.log.corruption.policy = EXCEPTION (default)
2022-10-28 11:28:54,038 [pool-141-thread-1] INFO  server.RaftServerConfigKeys (ConfUtils.java:logGet(46)) - raft.server.storage.free-space.min = 0MB (=0) (default)
2022-10-28 11:28:54,038 [pool-141-thread-1] INFO  server.RaftServerConfigKeys (ConfUtils.java:logGet(46)) - raft.server.notification.no-leader.timeout = 300s (custom)
2022-10-28 11:28:54,038 [pool-141-thread-1] INFO  server.RaftServerConfigKeys (ConfUtils.java:logGet(46)) - raft.server.retrycache.expirytime = 600000ms (custom)
2022-10-28 11:28:54,038 [pool-141-thread-1] INFO  server.RaftServerConfigKeys (ConfUtils.java:logGet(46)) - raft.server.retrycache.statistics.expirytime = 100μs (default)
2022-10-28 11:28:54,039 [pool-141-thread-1] INFO  server.RaftServerConfigKeys (ConfUtils.java:logGet(46)) - raft.server.log.appender.install.snapshot.enabled = false (custom)
2022-10-28 11:28:54,039 [pool-141-thread-1] INFO  server.RaftServerConfigKeys (ConfUtils.java:logGet(46)) - raft.server.threadpool.server.cached = true (default)
2022-10-28 11:28:54,039 [pool-141-thread-1] INFO  server.RaftServerConfigKeys (ConfUtils.java:logGet(46)) - raft.server.threadpool.server.size = 0 (default)
2022-10-28 11:28:54,039 [pool-141-thread-1] INFO  server.RaftServerConfigKeys (ConfUtils.java:logGet(46)) - raft.server.threadpool.client.cached = true (default)
2022-10-28 11:28:54,039 [pool-141-thread-1] INFO  server.RaftServerConfigKeys (ConfUtils.java:logGet(46)) - raft.server.threadpool.client.size = 0 (default)
2022-10-28 11:28:54,039 [pool-141-thread-1] INFO  storage.RaftStorageDirectory (RaftStorageDirectoryImpl.java:analyzeStorage(137)) - The storage directory /home/runner/work/ozone/ozone/hadoop-ozone/integration-test/target/test-dir/MiniOzoneClusterImpl-6ee34448-fbd8-4951-8ae1-d137d06ced7b/datanode-3/data/ratis/04d33758-9a0e-47b9-ab6d-ef2afb36fd63 does not exist. Creating ...
2022-10-28 11:28:54,041 [pool-141-thread-1] INFO  storage.RaftStorageDirectory (RaftStorageDirectoryImpl.java:tryLock(231)) - Lock on /home/runner/work/ozone/ozone/hadoop-ozone/integration-test/target/test-dir/MiniOzoneClusterImpl-6ee34448-fbd8-4951-8ae1-d137d06ced7b/datanode-3/data/ratis/04d33758-9a0e-47b9-ab6d-ef2afb36fd63/in_use.lock acquired by nodename 13878@fv-az700-396
2022-10-28 11:28:54,042 [pool-141-thread-1] INFO  storage.RaftStorage (RaftStorageImpl.java:format(96)) - Storage directory /home/runner/work/ozone/ozone/hadoop-ozone/integration-test/target/test-dir/MiniOzoneClusterImpl-6ee34448-fbd8-4951-8ae1-d137d06ced7b/datanode-3/data/ratis/04d33758-9a0e-47b9-ab6d-ef2afb36fd63 has been successfully formatted.
2022-10-28 11:28:54,043 [pool-141-thread-1] INFO  ratis.ContainerStateMachine (ContainerStateMachine.java:loadSnapshot(236)) - group-EF2AFB36FD63: The snapshot info is null. Setting the last applied indexto:(t:0, i:~)
2022-10-28 11:28:54,043 [pool-141-thread-1] INFO  server.RaftServerConfigKeys (ConfUtils.java:logGet(46)) - raft.server.log.use.memory = false (default)
2022-10-28 11:28:54,043 [pool-141-thread-1] INFO  server.RaftServerConfigKeys (ConfUtils.java:logGet(46)) - raft.server.log.purge.gap = 1000000 (custom)
2022-10-28 11:28:54,043 [pool-141-thread-1] INFO  server.RaftServerConfigKeys (ConfUtils.java:logGet(46)) - raft.server.log.appender.buffer.byte-limit = 33554432 (custom)
2022-10-28 11:28:54,043 [pool-141-thread-1] INFO  server.RaftServerConfigKeys (ConfUtils.java:logGet(46)) - raft.server.log.statemachine.data.read.timeout = 1000ms (default)
2022-10-28 11:28:54,043 [pool-141-thread-1] INFO  server.RaftServerConfigKeys (ConfUtils.java:logGet(46)) - raft.server.log.purge.preservation.log.num = 0 (default)
2022-10-28 11:28:54,043 [pool-141-thread-1] INFO  server.RaftServerConfigKeys (ConfUtils.java:logGet(46)) - raft.server.log.segment.size.max = 1048576 (custom)
2022-10-28 11:28:54,045 [EventQueue-OpenPipelineForHealthyPipelineSafeModeRule] INFO  safemode.SCMSafeModeManager (HealthyPipelineSafeModeRule.java:process(137)) - SCM in safe mode. Healthy pipelines reported count is 0, required healthy pipeline reported count is 1
2022-10-28 11:28:54,046 [pool-141-thread-1] INFO  server.RaftServerConfigKeys (ConfUtils.java:logGet(46)) - raft.server.log.segment.cache.num.max = 2 (custom)
2022-10-28 11:28:54,046 [pool-141-thread-1] INFO  server.RaftServerConfigKeys (ConfUtils.java:logGet(46)) - raft.server.log.segment.cache.size.max = 200MB (=209715200) (default)
2022-10-28 11:28:54,046 [pool-141-thread-1] INFO  segmented.SegmentedRaftLogWorker (SegmentedRaftLogWorker.java:<init>(191)) - new aa3e6641-ac34-45f8-85b4-6614ff527932@group-EF2AFB36FD63-SegmentedRaftLogWorker for RaftStorageImpl:Storage Directory /home/runner/work/ozone/ozone/hadoop-ozone/integration-test/target/test-dir/MiniOzoneClusterImpl-6ee34448-fbd8-4951-8ae1-d137d06ced7b/datanode-3/data/ratis/04d33758-9a0e-47b9-ab6d-ef2afb36fd63
2022-10-28 11:28:54,046 [pool-141-thread-1] INFO  server.RaftServerConfigKeys (ConfUtils.java:logGet(46)) - raft.server.log.queue.byte-limit = 4294967296 (custom)
2022-10-28 11:28:54,046 [pool-141-thread-1] INFO  server.RaftServerConfigKeys (ConfUtils.java:logGet(46)) - raft.server.log.queue.element-limit = 1024 (custom)
2022-10-28 11:28:54,046 [pool-141-thread-1] INFO  server.RaftServerConfigKeys (ConfUtils.java:logGet(46)) - raft.server.log.segment.size.max = 1048576 (custom)
2022-10-28 11:28:54,046 [pool-141-thread-1] INFO  server.RaftServerConfigKeys (ConfUtils.java:logGet(46)) - raft.server.log.preallocated.size = 16384 (custom)
2022-10-28 11:28:54,046 [pool-141-thread-1] INFO  server.RaftServerConfigKeys (ConfUtils.java:logGet(46)) - raft.server.log.force.sync.num = 128 (default)
2022-10-28 11:28:54,046 [pool-141-thread-1] INFO  server.RaftServerConfigKeys (ConfUtils.java:logGet(46)) - raft.server.log.statemachine.data.sync = true (default)
2022-10-28 11:28:54,046 [pool-141-thread-1] INFO  server.RaftServerConfigKeys (ConfUtils.java:logGet(46)) - raft.server.log.statemachine.data.sync.timeout = 10s (default)
2022-10-28 11:28:54,046 [pool-141-thread-1] INFO  server.RaftServerConfigKeys (ConfUtils.java:logGet(46)) - raft.server.log.statemachine.data.sync.timeout.retry = -1 (default)
2022-10-28 11:28:54,047 [pool-141-thread-1] INFO  server.RaftServerConfigKeys (ConfUtils.java:logGet(46)) - raft.server.log.write.buffer.size = 1048576 (custom)
2022-10-28 11:28:54,048 [pool-141-thread-1] INFO  server.RaftServerConfigKeys (ConfUtils.java:logGet(46)) - raft.server.log.unsafe-flush.enabled = false (default)
2022-10-28 11:28:54,048 [pool-141-thread-1] INFO  server.RaftServerConfigKeys (ConfUtils.java:logGet(46)) - raft.server.log.async-flush.enabled = false (default)
2022-10-28 11:28:54,048 [pool-141-thread-1] INFO  server.RaftServerConfigKeys (ConfUtils.java:logGet(46)) - raft.server.log.statemachine.data.caching.enabled = true (custom)
2022-10-28 11:28:54,048 [pool-141-thread-1] INFO  segmented.SegmentedRaftLogWorker (SegmentedRaftLogWorker.java:lambda$new$0(136)) - aa3e6641-ac34-45f8-85b4-6614ff527932@group-EF2AFB36FD63-SegmentedRaftLogWorker: flushIndex: setUnconditionally 0 -> -1
2022-10-28 11:28:54,048 [pool-141-thread-1] INFO  segmented.SegmentedRaftLogWorker (SegmentedRaftLogWorker.java:lambda$new$0(136)) - aa3e6641-ac34-45f8-85b4-6614ff527932@group-EF2AFB36FD63-SegmentedRaftLogWorker: safeCacheEvictIndex: setUnconditionally 0 -> -1
2022-10-28 11:28:54,049 [pool-141-thread-1] INFO  server.RaftServer$Division (RaftServerImpl.java:start(334)) - aa3e6641-ac34-45f8-85b4-6614ff527932@group-EF2AFB36FD63: start as a follower, conf=-1: peers:[9d921ae2-dac8-442e-8311-fdc102c02170|rpc:10.1.0.114:43349|priority:1|startupRole:FOLLOWER, 21cd38f2-3152-4a7b-bfd6-5bc3f4c93f15|rpc:10.1.0.114:41711|priority:0|startupRole:FOLLOWER, aa3e6641-ac34-45f8-85b4-6614ff527932|rpc:10.1.0.114:40629|priority:0|startupRole:FOLLOWER]|listeners:[], old=null
2022-10-28 11:28:54,049 [pool-141-thread-1] INFO  server.RaftServer$Division (RaftServerImpl.java:setRole(321)) - aa3e6641-ac34-45f8-85b4-6614ff527932@group-EF2AFB36FD63: changes role from      null to FOLLOWER at term 0 for startAsFollower
2022-10-28 11:28:54,049 [pool-141-thread-1] INFO  impl.RoleInfo (RoleInfo.java:updateAndGet(139)) - aa3e6641-ac34-45f8-85b4-6614ff527932: start aa3e6641-ac34-45f8-85b4-6614ff527932@group-EF2AFB36FD63-FollowerState
2022-10-28 11:28:54,051 [pool-141-thread-1] INFO  util.JmxRegister (JmxRegister.java:tryRegister(44)) - Successfully registered JMX Bean with object name Ratis:service=RaftServer,group=group-EF2AFB36FD63,id=aa3e6641-ac34-45f8-85b4-6614ff527932
2022-10-28 11:28:54,051 [aa3e6641-ac34-45f8-85b4-6614ff527932@group-EF2AFB36FD63-FollowerState] INFO  server.RaftServerConfigKeys (ConfUtils.java:logFallback(53)) - raft.server.rpc.first-election.timeout.min = 5s (fallback to raft.server.rpc.timeout.min)
2022-10-28 11:28:54,051 [pool-141-thread-1] INFO  server.RaftServerConfigKeys (ConfUtils.java:logGet(46)) - raft.server.snapshot.auto.trigger.enabled = true (custom)
2022-10-28 11:28:54,051 [aa3e6641-ac34-45f8-85b4-6614ff527932@group-EF2AFB36FD63-FollowerState] INFO  server.RaftServerConfigKeys (ConfUtils.java:logFallback(53)) - raft.server.rpc.first-election.timeout.max = 5200ms (fallback to raft.server.rpc.timeout.max)
2022-10-28 11:28:54,051 [pool-141-thread-1] INFO  server.RaftServerConfigKeys (ConfUtils.java:logGet(46)) - raft.server.snapshot.auto.trigger.threshold = 10000 (custom)
2022-10-28 11:28:54,051 [pool-141-thread-1] INFO  server.RaftServerConfigKeys (ConfUtils.java:logGet(46)) - raft.server.snapshot.retention.file.num = 5 (custom)
2022-10-28 11:28:54,051 [pool-141-thread-1] INFO  server.RaftServerConfigKeys (ConfUtils.java:logGet(46)) - raft.server.log.purge.upto.snapshot.index = false (default)
2022-10-28 11:28:54,052 [Command processor thread] INFO  ratis.XceiverServerRatis (XceiverServerRatis.java:addGroup(765)) - Created group PipelineID=04d33758-9a0e-47b9-ab6d-ef2afb36fd63
2022-10-28 11:28:54,062 [grpc-default-executor-1] INFO  server.RaftServer (RaftServerProxy.java:addNew(96)) - 9d921ae2-dac8-442e-8311-fdc102c02170: addNew group-EF2AFB36FD63:[9d921ae2-dac8-442e-8311-fdc102c02170|rpc:10.1.0.114:43349|dataStream:|priority:1|startupRole:FOLLOWER, 21cd38f2-3152-4a7b-bfd6-5bc3f4c93f15|rpc:10.1.0.114:41711|dataStream:|priority:0|startupRole:FOLLOWER, aa3e6641-ac34-45f8-85b4-6614ff527932|rpc:10.1.0.114:40629|dataStream:|priority:0|startupRole:FOLLOWER] returns group-EF2AFB36FD63:java.util.concurrent.CompletableFuture@29e10d7d[Not completed]
2022-10-28 11:28:54,063 [pool-187-thread-1] INFO  server.RaftServer$Division (RaftServerImpl.java:<init>(195)) - 9d921ae2-dac8-442e-8311-fdc102c02170: new RaftServerImpl for group-EF2AFB36FD63:[9d921ae2-dac8-442e-8311-fdc102c02170|rpc:10.1.0.114:43349|dataStream:|priority:1|startupRole:FOLLOWER, 21cd38f2-3152-4a7b-bfd6-5bc3f4c93f15|rpc:10.1.0.114:41711|dataStream:|priority:0|startupRole:FOLLOWER, aa3e6641-ac34-45f8-85b4-6614ff527932|rpc:10.1.0.114:40629|dataStream:|priority:0|startupRole:FOLLOWER] with ContainerStateMachine:uninitialized
2022-10-28 11:28:54,063 [pool-187-thread-1] INFO  server.RaftServerConfigKeys (ConfUtils.java:logGet(46)) - raft.server.rpc.timeout.min = 5s (custom)
2022-10-28 11:28:54,063 [pool-187-thread-1] INFO  server.RaftServerConfigKeys (ConfUtils.java:logGet(46)) - raft.server.rpc.timeout.max = 5200ms (custom)
2022-10-28 11:28:54,063 [pool-187-thread-1] INFO  server.RaftServerConfigKeys (ConfUtils.java:logGet(46)) - raft.server.rpc.sleep.time = 25ms (default)
2022-10-28 11:28:54,063 [pool-187-thread-1] INFO  server.RaftServerConfigKeys (ConfUtils.java:logGet(46)) - raft.server.rpc.slowness.timeout = 300s (custom)
2022-10-28 11:28:54,063 [pool-187-thread-1] INFO  server.RaftServerConfigKeys (ConfUtils.java:logGet(46)) - raft.server.leaderelection.leader.step-down.wait-time = 10s (default)
2022-10-28 11:28:54,063 [pool-187-thread-1] INFO  server.RaftServerConfigKeys (ConfUtils.java:logGet(46)) - raft.server.sleep.deviation.threshold = 300ms (default)
2022-10-28 11:28:54,063 [pool-187-thread-1] INFO  server.RaftServer$Division (ServerState.java:<init>(118)) - 9d921ae2-dac8-442e-8311-fdc102c02170@group-EF2AFB36FD63: ConfigurationManager, init=-1: peers:[9d921ae2-dac8-442e-8311-fdc102c02170|rpc:10.1.0.114:43349|dataStream:|priority:1|startupRole:FOLLOWER, 21cd38f2-3152-4a7b-bfd6-5bc3f4c93f15|rpc:10.1.0.114:41711|dataStream:|priority:0|startupRole:FOLLOWER, aa3e6641-ac34-45f8-85b4-6614ff527932|rpc:10.1.0.114:40629|dataStream:|priority:0|startupRole:FOLLOWER]|listeners:[], old=null, confs=<EMPTY_MAP>
2022-10-28 11:28:54,063 [pool-187-thread-1] INFO  server.RaftServerConfigKeys (ConfUtils.java:logGet(46)) - raft.server.storage.dir = [/home/runner/work/ozone/ozone/hadoop-ozone/integration-test/target/test-dir/MiniOzoneClusterImpl-6ee34448-fbd8-4951-8ae1-d137d06ced7b/datanode-5/data/ratis] (custom)
2022-10-28 11:28:54,063 [pool-187-thread-1] INFO  server.RaftServerConfigKeys (ConfUtils.java:logGet(46)) - raft.server.log.corruption.policy = EXCEPTION (default)
2022-10-28 11:28:54,063 [pool-187-thread-1] INFO  server.RaftServerConfigKeys (ConfUtils.java:logGet(46)) - raft.server.storage.free-space.min = 0MB (=0) (default)
2022-10-28 11:28:54,064 [pool-187-thread-1] INFO  server.RaftServerConfigKeys (ConfUtils.java:logGet(46)) - raft.server.notification.no-leader.timeout = 300s (custom)
2022-10-28 11:28:54,064 [pool-187-thread-1] INFO  server.RaftServerConfigKeys (ConfUtils.java:logGet(46)) - raft.server.retrycache.expirytime = 600000ms (custom)
2022-10-28 11:28:54,064 [pool-187-thread-1] INFO  server.RaftServerConfigKeys (ConfUtils.java:logGet(46)) - raft.server.retrycache.statistics.expirytime = 100μs (default)
2022-10-28 11:28:54,065 [pool-187-thread-1] INFO  server.RaftServerConfigKeys (ConfUtils.java:logGet(46)) - raft.server.log.appender.install.snapshot.enabled = false (custom)
2022-10-28 11:28:54,065 [pool-187-thread-1] INFO  server.RaftServerConfigKeys (ConfUtils.java:logGet(46)) - raft.server.threadpool.server.cached = true (default)
2022-10-28 11:28:54,065 [pool-187-thread-1] INFO  server.RaftServerConfigKeys (ConfUtils.java:logGet(46)) - raft.server.threadpool.server.size = 0 (default)
2022-10-28 11:28:54,065 [pool-187-thread-1] INFO  server.RaftServerConfigKeys (ConfUtils.java:logGet(46)) - raft.server.threadpool.client.cached = true (default)
2022-10-28 11:28:54,065 [pool-187-thread-1] INFO  server.RaftServerConfigKeys (ConfUtils.java:logGet(46)) - raft.server.threadpool.client.size = 0 (default)
2022-10-28 11:28:54,065 [pool-187-thread-1] INFO  storage.RaftStorageDirectory (RaftStorageDirectoryImpl.java:analyzeStorage(137)) - The storage directory /home/runner/work/ozone/ozone/hadoop-ozone/integration-test/target/test-dir/MiniOzoneClusterImpl-6ee34448-fbd8-4951-8ae1-d137d06ced7b/datanode-5/data/ratis/04d33758-9a0e-47b9-ab6d-ef2afb36fd63 does not exist. Creating ...
2022-10-28 11:28:54,066 [pool-187-thread-1] INFO  storage.RaftStorageDirectory (RaftStorageDirectoryImpl.java:tryLock(231)) - Lock on /home/runner/work/ozone/ozone/hadoop-ozone/integration-test/target/test-dir/MiniOzoneClusterImpl-6ee34448-fbd8-4951-8ae1-d137d06ced7b/datanode-5/data/ratis/04d33758-9a0e-47b9-ab6d-ef2afb36fd63/in_use.lock acquired by nodename 13878@fv-az700-396
2022-10-28 11:28:54,067 [pool-187-thread-1] INFO  storage.RaftStorage (RaftStorageImpl.java:format(96)) - Storage directory /home/runner/work/ozone/ozone/hadoop-ozone/integration-test/target/test-dir/MiniOzoneClusterImpl-6ee34448-fbd8-4951-8ae1-d137d06ced7b/datanode-5/data/ratis/04d33758-9a0e-47b9-ab6d-ef2afb36fd63 has been successfully formatted.
2022-10-28 11:28:54,068 [pool-187-thread-1] INFO  ratis.ContainerStateMachine (ContainerStateMachine.java:loadSnapshot(236)) - group-EF2AFB36FD63: The snapshot info is null. Setting the last applied indexto:(t:0, i:~)
2022-10-28 11:28:54,068 [pool-187-thread-1] INFO  server.RaftServerConfigKeys (ConfUtils.java:logGet(46)) - raft.server.log.use.memory = false (default)
2022-10-28 11:28:54,068 [pool-187-thread-1] INFO  server.RaftServerConfigKeys (ConfUtils.java:logGet(46)) - raft.server.log.purge.gap = 1000000 (custom)
2022-10-28 11:28:54,068 [pool-187-thread-1] INFO  server.RaftServerConfigKeys (ConfUtils.java:logGet(46)) - raft.server.log.appender.buffer.byte-limit = 33554432 (custom)
2022-10-28 11:28:54,068 [pool-187-thread-1] INFO  server.RaftServerConfigKeys (ConfUtils.java:logGet(46)) - raft.server.log.statemachine.data.read.timeout = 1000ms (default)
2022-10-28 11:28:54,068 [pool-187-thread-1] INFO  server.RaftServerConfigKeys (ConfUtils.java:logGet(46)) - raft.server.log.purge.preservation.log.num = 0 (default)
2022-10-28 11:28:54,068 [pool-187-thread-1] INFO  server.RaftServerConfigKeys (ConfUtils.java:logGet(46)) - raft.server.log.segment.size.max = 1048576 (custom)
2022-10-28 11:28:54,068 [pool-187-thread-1] INFO  server.RaftServerConfigKeys (ConfUtils.java:logGet(46)) - raft.server.log.segment.cache.num.max = 2 (custom)
2022-10-28 11:28:54,068 [pool-187-thread-1] INFO  server.RaftServerConfigKeys (ConfUtils.java:logGet(46)) - raft.server.log.segment.cache.size.max = 200MB (=209715200) (default)
2022-10-28 11:28:54,069 [pool-187-thread-1] INFO  segmented.SegmentedRaftLogWorker (SegmentedRaftLogWorker.java:<init>(191)) - new 9d921ae2-dac8-442e-8311-fdc102c02170@group-EF2AFB36FD63-SegmentedRaftLogWorker for RaftStorageImpl:Storage Directory /home/runner/work/ozone/ozone/hadoop-ozone/integration-test/target/test-dir/MiniOzoneClusterImpl-6ee34448-fbd8-4951-8ae1-d137d06ced7b/datanode-5/data/ratis/04d33758-9a0e-47b9-ab6d-ef2afb36fd63
2022-10-28 11:28:54,069 [pool-187-thread-1] INFO  server.RaftServerConfigKeys (ConfUtils.java:logGet(46)) - raft.server.log.queue.byte-limit = 4294967296 (custom)
2022-10-28 11:28:54,069 [pool-187-thread-1] INFO  server.RaftServerConfigKeys (ConfUtils.java:logGet(46)) - raft.server.log.queue.element-limit = 1024 (custom)
2022-10-28 11:28:54,069 [pool-187-thread-1] INFO  server.RaftServerConfigKeys (ConfUtils.java:logGet(46)) - raft.server.log.segment.size.max = 1048576 (custom)
2022-10-28 11:28:54,069 [pool-187-thread-1] INFO  server.RaftServerConfigKeys (ConfUtils.java:logGet(46)) - raft.server.log.preallocated.size = 16384 (custom)
2022-10-28 11:28:54,069 [pool-187-thread-1] INFO  server.RaftServerConfigKeys (ConfUtils.java:logGet(46)) - raft.server.log.force.sync.num = 128 (default)
2022-10-28 11:28:54,069 [pool-187-thread-1] INFO  server.RaftServerConfigKeys (ConfUtils.java:logGet(46)) - raft.server.log.statemachine.data.sync = true (default)
2022-10-28 11:28:54,069 [pool-187-thread-1] INFO  server.RaftServerConfigKeys (ConfUtils.java:logGet(46)) - raft.server.log.statemachine.data.sync.timeout = 10s (default)
2022-10-28 11:28:54,069 [pool-187-thread-1] INFO  server.RaftServerConfigKeys (ConfUtils.java:logGet(46)) - raft.server.log.statemachine.data.sync.timeout.retry = -1 (default)
2022-10-28 11:28:54,070 [pool-187-thread-1] INFO  server.RaftServerConfigKeys (ConfUtils.java:logGet(46)) - raft.server.log.write.buffer.size = 1048576 (custom)
2022-10-28 11:28:54,070 [pool-187-thread-1] INFO  server.RaftServerConfigKeys (ConfUtils.java:logGet(46)) - raft.server.log.unsafe-flush.enabled = false (default)
2022-10-28 11:28:54,070 [pool-187-thread-1] INFO  server.RaftServerConfigKeys (ConfUtils.java:logGet(46)) - raft.server.log.async-flush.enabled = false (default)
2022-10-28 11:28:54,070 [pool-187-thread-1] INFO  server.RaftServerConfigKeys (ConfUtils.java:logGet(46)) - raft.server.log.statemachine.data.caching.enabled = true (custom)
2022-10-28 11:28:54,070 [pool-187-thread-1] INFO  segmented.SegmentedRaftLogWorker (SegmentedRaftLogWorker.java:lambda$new$0(136)) - 9d921ae2-dac8-442e-8311-fdc102c02170@group-EF2AFB36FD63-SegmentedRaftLogWorker: flushIndex: setUnconditionally 0 -> -1
2022-10-28 11:28:54,070 [pool-187-thread-1] INFO  segmented.SegmentedRaftLogWorker (SegmentedRaftLogWorker.java:lambda$new$0(136)) - 9d921ae2-dac8-442e-8311-fdc102c02170@group-EF2AFB36FD63-SegmentedRaftLogWorker: safeCacheEvictIndex: setUnconditionally 0 -> -1
2022-10-28 11:28:54,071 [pool-187-thread-1] INFO  server.RaftServer$Division (RaftServerImpl.java:start(334)) - 9d921ae2-dac8-442e-8311-fdc102c02170@group-EF2AFB36FD63: start as a follower, conf=-1: peers:[9d921ae2-dac8-442e-8311-fdc102c02170|rpc:10.1.0.114:43349|dataStream:|priority:1|startupRole:FOLLOWER, 21cd38f2-3152-4a7b-bfd6-5bc3f4c93f15|rpc:10.1.0.114:41711|dataStream:|priority:0|startupRole:FOLLOWER, aa3e6641-ac34-45f8-85b4-6614ff527932|rpc:10.1.0.114:40629|dataStream:|priority:0|startupRole:FOLLOWER]|listeners:[], old=null
2022-10-28 11:28:54,071 [pool-187-thread-1] INFO  server.RaftServer$Division (RaftServerImpl.java:setRole(321)) - 9d921ae2-dac8-442e-8311-fdc102c02170@group-EF2AFB36FD63: changes role from      null to FOLLOWER at term 0 for startAsFollower
2022-10-28 11:28:54,071 [pool-187-thread-1] INFO  impl.RoleInfo (RoleInfo.java:updateAndGet(139)) - 9d921ae2-dac8-442e-8311-fdc102c02170: start 9d921ae2-dac8-442e-8311-fdc102c02170@group-EF2AFB36FD63-FollowerState
2022-10-28 11:28:54,072 [pool-187-thread-1] INFO  util.JmxRegister (JmxRegister.java:tryRegister(44)) - Successfully registered JMX Bean with object name Ratis:service=RaftServer,group=group-EF2AFB36FD63,id=9d921ae2-dac8-442e-8311-fdc102c02170
2022-10-28 11:28:54,072 [9d921ae2-dac8-442e-8311-fdc102c02170@group-EF2AFB36FD63-FollowerState] INFO  server.RaftServerConfigKeys (ConfUtils.java:logFallback(53)) - raft.server.rpc.first-election.timeout.min = 5s (fallback to raft.server.rpc.timeout.min)
2022-10-28 11:28:54,072 [pool-187-thread-1] INFO  server.RaftServerConfigKeys (ConfUtils.java:logGet(46)) - raft.server.snapshot.auto.trigger.enabled = true (custom)
2022-10-28 11:28:54,073 [9d921ae2-dac8-442e-8311-fdc102c02170@group-EF2AFB36FD63-FollowerState] INFO  server.RaftServerConfigKeys (ConfUtils.java:logFallback(53)) - raft.server.rpc.first-election.timeout.max = 5200ms (fallback to raft.server.rpc.timeout.max)
2022-10-28 11:28:54,073 [pool-187-thread-1] INFO  server.RaftServerConfigKeys (ConfUtils.java:logGet(46)) - raft.server.snapshot.auto.trigger.threshold = 10000 (custom)
2022-10-28 11:28:54,073 [pool-187-thread-1] INFO  server.RaftServerConfigKeys (ConfUtils.java:logGet(46)) - raft.server.snapshot.retention.file.num = 5 (custom)
2022-10-28 11:28:54,073 [pool-187-thread-1] INFO  server.RaftServerConfigKeys (ConfUtils.java:logGet(46)) - raft.server.log.purge.upto.snapshot.index = false (default)
2022-10-28 11:28:54,091 [grpc-default-executor-1] INFO  server.RaftServer (RaftServerProxy.java:addNew(96)) - 21cd38f2-3152-4a7b-bfd6-5bc3f4c93f15: addNew group-EF2AFB36FD63:[9d921ae2-dac8-442e-8311-fdc102c02170|rpc:10.1.0.114:43349|dataStream:|priority:1|startupRole:FOLLOWER, 21cd38f2-3152-4a7b-bfd6-5bc3f4c93f15|rpc:10.1.0.114:41711|dataStream:|priority:0|startupRole:FOLLOWER, aa3e6641-ac34-45f8-85b4-6614ff527932|rpc:10.1.0.114:40629|dataStream:|priority:0|startupRole:FOLLOWER] returns group-EF2AFB36FD63:java.util.concurrent.CompletableFuture@6a2598ba[Not completed]
2022-10-28 11:28:54,092 [pool-164-thread-1] INFO  server.RaftServer$Division (RaftServerImpl.java:<init>(195)) - 21cd38f2-3152-4a7b-bfd6-5bc3f4c93f15: new RaftServerImpl for group-EF2AFB36FD63:[9d921ae2-dac8-442e-8311-fdc102c02170|rpc:10.1.0.114:43349|dataStream:|priority:1|startupRole:FOLLOWER, 21cd38f2-3152-4a7b-bfd6-5bc3f4c93f15|rpc:10.1.0.114:41711|dataStream:|priority:0|startupRole:FOLLOWER, aa3e6641-ac34-45f8-85b4-6614ff527932|rpc:10.1.0.114:40629|dataStream:|priority:0|startupRole:FOLLOWER] with ContainerStateMachine:uninitialized
2022-10-28 11:28:54,092 [pool-164-thread-1] INFO  server.RaftServerConfigKeys (ConfUtils.java:logGet(46)) - raft.server.rpc.timeout.min = 5s (custom)
2022-10-28 11:28:54,092 [pool-164-thread-1] INFO  server.RaftServerConfigKeys (ConfUtils.java:logGet(46)) - raft.server.rpc.timeout.max = 5200ms (custom)
2022-10-28 11:28:54,092 [pool-164-thread-1] INFO  server.RaftServerConfigKeys (ConfUtils.java:logGet(46)) - raft.server.rpc.sleep.time = 25ms (default)
2022-10-28 11:28:54,092 [pool-164-thread-1] INFO  server.RaftServerConfigKeys (ConfUtils.java:logGet(46)) - raft.server.rpc.slowness.timeout = 300s (custom)
2022-10-28 11:28:54,092 [pool-164-thread-1] INFO  server.RaftServerConfigKeys (ConfUtils.java:logGet(46)) - raft.server.leaderelection.leader.step-down.wait-time = 10s (default)
2022-10-28 11:28:54,092 [pool-164-thread-1] INFO  server.RaftServerConfigKeys (ConfUtils.java:logGet(46)) - raft.server.sleep.deviation.threshold = 300ms (default)
2022-10-28 11:28:54,092 [pool-164-thread-1] INFO  server.RaftServer$Division (ServerState.java:<init>(118)) - 21cd38f2-3152-4a7b-bfd6-5bc3f4c93f15@group-EF2AFB36FD63: ConfigurationManager, init=-1: peers:[9d921ae2-dac8-442e-8311-fdc102c02170|rpc:10.1.0.114:43349|dataStream:|priority:1|startupRole:FOLLOWER, 21cd38f2-3152-4a7b-bfd6-5bc3f4c93f15|rpc:10.1.0.114:41711|dataStream:|priority:0|startupRole:FOLLOWER, aa3e6641-ac34-45f8-85b4-6614ff527932|rpc:10.1.0.114:40629|dataStream:|priority:0|startupRole:FOLLOWER]|listeners:[], old=null, confs=<EMPTY_MAP>
2022-10-28 11:28:54,092 [pool-164-thread-1] INFO  server.RaftServerConfigKeys (ConfUtils.java:logGet(46)) - raft.server.storage.dir = [/home/runner/work/ozone/ozone/hadoop-ozone/integration-test/target/test-dir/MiniOzoneClusterImpl-6ee34448-fbd8-4951-8ae1-d137d06ced7b/datanode-4/data/ratis] (custom)
2022-10-28 11:28:54,093 [pool-164-thread-1] INFO  server.RaftServerConfigKeys (ConfUtils.java:logGet(46)) - raft.server.log.corruption.policy = EXCEPTION (default)
2022-10-28 11:28:54,093 [pool-164-thread-1] INFO  server.RaftServerConfigKeys (ConfUtils.java:logGet(46)) - raft.server.storage.free-space.min = 0MB (=0) (default)
2022-10-28 11:28:54,093 [pool-164-thread-1] INFO  server.RaftServerConfigKeys (ConfUtils.java:logGet(46)) - raft.server.notification.no-leader.timeout = 300s (custom)
2022-10-28 11:28:54,093 [pool-164-thread-1] INFO  server.RaftServerConfigKeys (ConfUtils.java:logGet(46)) - raft.server.retrycache.expirytime = 600000ms (custom)
2022-10-28 11:28:54,093 [pool-164-thread-1] INFO  server.RaftServerConfigKeys (ConfUtils.java:logGet(46)) - raft.server.retrycache.statistics.expirytime = 100μs (default)
2022-10-28 11:28:54,094 [pool-164-thread-1] INFO  server.RaftServerConfigKeys (ConfUtils.java:logGet(46)) - raft.server.log.appender.install.snapshot.enabled = false (custom)
2022-10-28 11:28:54,094 [pool-164-thread-1] INFO  server.RaftServerConfigKeys (ConfUtils.java:logGet(46)) - raft.server.threadpool.server.cached = true (default)
2022-10-28 11:28:54,094 [pool-164-thread-1] INFO  server.RaftServerConfigKeys (ConfUtils.java:logGet(46)) - raft.server.threadpool.server.size = 0 (default)
2022-10-28 11:28:54,094 [pool-164-thread-1] INFO  server.RaftServerConfigKeys (ConfUtils.java:logGet(46)) - raft.server.threadpool.client.cached = true (default)
2022-10-28 11:28:54,094 [pool-164-thread-1] INFO  server.RaftServerConfigKeys (ConfUtils.java:logGet(46)) - raft.server.threadpool.client.size = 0 (default)
2022-10-28 11:28:54,094 [pool-164-thread-1] INFO  storage.RaftStorageDirectory (RaftStorageDirectoryImpl.java:analyzeStorage(137)) - The storage directory /home/runner/work/ozone/ozone/hadoop-ozone/integration-test/target/test-dir/MiniOzoneClusterImpl-6ee34448-fbd8-4951-8ae1-d137d06ced7b/datanode-4/data/ratis/04d33758-9a0e-47b9-ab6d-ef2afb36fd63 does not exist. Creating ...
2022-10-28 11:28:54,095 [pool-164-thread-1] INFO  storage.RaftStorageDirectory (RaftStorageDirectoryImpl.java:tryLock(231)) - Lock on /home/runner/work/ozone/ozone/hadoop-ozone/integration-test/target/test-dir/MiniOzoneClusterImpl-6ee34448-fbd8-4951-8ae1-d137d06ced7b/datanode-4/data/ratis/04d33758-9a0e-47b9-ab6d-ef2afb36fd63/in_use.lock acquired by nodename 13878@fv-az700-396
2022-10-28 11:28:54,096 [pool-164-thread-1] INFO  storage.RaftStorage (RaftStorageImpl.java:format(96)) - Storage directory /home/runner/work/ozone/ozone/hadoop-ozone/integration-test/target/test-dir/MiniOzoneClusterImpl-6ee34448-fbd8-4951-8ae1-d137d06ced7b/datanode-4/data/ratis/04d33758-9a0e-47b9-ab6d-ef2afb36fd63 has been successfully formatted.
2022-10-28 11:28:54,097 [pool-164-thread-1] INFO  ratis.ContainerStateMachine (ContainerStateMachine.java:loadSnapshot(236)) - group-EF2AFB36FD63: The snapshot info is null. Setting the last applied indexto:(t:0, i:~)
2022-10-28 11:28:54,097 [pool-164-thread-1] INFO  server.RaftServerConfigKeys (ConfUtils.java:logGet(46)) - raft.server.log.use.memory = false (default)
2022-10-28 11:28:54,097 [pool-164-thread-1] INFO  server.RaftServerConfigKeys (ConfUtils.java:logGet(46)) - raft.server.log.purge.gap = 1000000 (custom)
2022-10-28 11:28:54,097 [pool-164-thread-1] INFO  server.RaftServerConfigKeys (ConfUtils.java:logGet(46)) - raft.server.log.appender.buffer.byte-limit = 33554432 (custom)
2022-10-28 11:28:54,097 [pool-164-thread-1] INFO  server.RaftServerConfigKeys (ConfUtils.java:logGet(46)) - raft.server.log.statemachine.data.read.timeout = 1000ms (default)
2022-10-28 11:28:54,097 [pool-164-thread-1] INFO  server.RaftServerConfigKeys (ConfUtils.java:logGet(46)) - raft.server.log.purge.preservation.log.num = 0 (default)
2022-10-28 11:28:54,097 [pool-164-thread-1] INFO  server.RaftServerConfigKeys (ConfUtils.java:logGet(46)) - raft.server.log.segment.size.max = 1048576 (custom)
2022-10-28 11:28:54,097 [pool-164-thread-1] INFO  server.RaftServerConfigKeys (ConfUtils.java:logGet(46)) - raft.server.log.segment.cache.num.max = 2 (custom)
2022-10-28 11:28:54,098 [pool-164-thread-1] INFO  server.RaftServerConfigKeys (ConfUtils.java:logGet(46)) - raft.server.log.segment.cache.size.max = 200MB (=209715200) (default)
2022-10-28 11:28:54,098 [pool-164-thread-1] INFO  segmented.SegmentedRaftLogWorker (SegmentedRaftLogWorker.java:<init>(191)) - new 21cd38f2-3152-4a7b-bfd6-5bc3f4c93f15@group-EF2AFB36FD63-SegmentedRaftLogWorker for RaftStorageImpl:Storage Directory /home/runner/work/ozone/ozone/hadoop-ozone/integration-test/target/test-dir/MiniOzoneClusterImpl-6ee34448-fbd8-4951-8ae1-d137d06ced7b/datanode-4/data/ratis/04d33758-9a0e-47b9-ab6d-ef2afb36fd63
2022-10-28 11:28:54,098 [pool-164-thread-1] INFO  server.RaftServerConfigKeys (ConfUtils.java:logGet(46)) - raft.server.log.queue.byte-limit = 4294967296 (custom)
2022-10-28 11:28:54,098 [pool-164-thread-1] INFO  server.RaftServerConfigKeys (ConfUtils.java:logGet(46)) - raft.server.log.queue.element-limit = 1024 (custom)
2022-10-28 11:28:54,098 [pool-164-thread-1] INFO  server.RaftServerConfigKeys (ConfUtils.java:logGet(46)) - raft.server.log.segment.size.max = 1048576 (custom)
2022-10-28 11:28:54,098 [pool-164-thread-1] INFO  server.RaftServerConfigKeys (ConfUtils.java:logGet(46)) - raft.server.log.preallocated.size = 16384 (custom)
2022-10-28 11:28:54,098 [pool-164-thread-1] INFO  server.RaftServerConfigKeys (ConfUtils.java:logGet(46)) - raft.server.log.force.sync.num = 128 (default)
2022-10-28 11:28:54,098 [pool-164-thread-1] INFO  server.RaftServerConfigKeys (ConfUtils.java:logGet(46)) - raft.server.log.statemachine.data.sync = true (default)
2022-10-28 11:28:54,098 [pool-164-thread-1] INFO  server.RaftServerConfigKeys (ConfUtils.java:logGet(46)) - raft.server.log.statemachine.data.sync.timeout = 10s (default)
2022-10-28 11:28:54,098 [pool-164-thread-1] INFO  server.RaftServerConfigKeys (ConfUtils.java:logGet(46)) - raft.server.log.statemachine.data.sync.timeout.retry = -1 (default)
2022-10-28 11:28:54,099 [pool-164-thread-1] INFO  server.RaftServerConfigKeys (ConfUtils.java:logGet(46)) - raft.server.log.write.buffer.size = 1048576 (custom)
2022-10-28 11:28:54,099 [pool-164-thread-1] INFO  server.RaftServerConfigKeys (ConfUtils.java:logGet(46)) - raft.server.log.unsafe-flush.enabled = false (default)
2022-10-28 11:28:54,099 [pool-164-thread-1] INFO  server.RaftServerConfigKeys (ConfUtils.java:logGet(46)) - raft.server.log.async-flush.enabled = false (default)
2022-10-28 11:28:54,099 [pool-164-thread-1] INFO  server.RaftServerConfigKeys (ConfUtils.java:logGet(46)) - raft.server.log.statemachine.data.caching.enabled = true (custom)
2022-10-28 11:28:54,099 [pool-164-thread-1] INFO  segmented.SegmentedRaftLogWorker (SegmentedRaftLogWorker.java:lambda$new$0(136)) - 21cd38f2-3152-4a7b-bfd6-5bc3f4c93f15@group-EF2AFB36FD63-SegmentedRaftLogWorker: flushIndex: setUnconditionally 0 -> -1
2022-10-28 11:28:54,099 [pool-164-thread-1] INFO  segmented.SegmentedRaftLogWorker (SegmentedRaftLogWorker.java:lambda$new$0(136)) - 21cd38f2-3152-4a7b-bfd6-5bc3f4c93f15@group-EF2AFB36FD63-SegmentedRaftLogWorker: safeCacheEvictIndex: setUnconditionally 0 -> -1
2022-10-28 11:28:54,099 [pool-164-thread-1] INFO  server.RaftServer$Division (RaftServerImpl.java:start(334)) - 21cd38f2-3152-4a7b-bfd6-5bc3f4c93f15@group-EF2AFB36FD63: start as a follower, conf=-1: peers:[9d921ae2-dac8-442e-8311-fdc102c02170|rpc:10.1.0.114:43349|dataStream:|priority:1|startupRole:FOLLOWER, 21cd38f2-3152-4a7b-bfd6-5bc3f4c93f15|rpc:10.1.0.114:41711|dataStream:|priority:0|startupRole:FOLLOWER, aa3e6641-ac34-45f8-85b4-6614ff527932|rpc:10.1.0.114:40629|dataStream:|priority:0|startupRole:FOLLOWER]|listeners:[], old=null
2022-10-28 11:28:54,099 [pool-164-thread-1] INFO  server.RaftServer$Division (RaftServerImpl.java:setRole(321)) - 21cd38f2-3152-4a7b-bfd6-5bc3f4c93f15@group-EF2AFB36FD63: changes role from      null to FOLLOWER at term 0 for startAsFollower
2022-10-28 11:28:54,099 [pool-164-thread-1] INFO  impl.RoleInfo (RoleInfo.java:updateAndGet(139)) - 21cd38f2-3152-4a7b-bfd6-5bc3f4c93f15: start 21cd38f2-3152-4a7b-bfd6-5bc3f4c93f15@group-EF2AFB36FD63-FollowerState
2022-10-28 11:28:54,100 [pool-164-thread-1] INFO  util.JmxRegister (JmxRegister.java:tryRegister(44)) - Successfully registered JMX Bean with object name Ratis:service=RaftServer,group=group-EF2AFB36FD63,id=21cd38f2-3152-4a7b-bfd6-5bc3f4c93f15
2022-10-28 11:28:54,100 [pool-164-thread-1] INFO  server.RaftServerConfigKeys (ConfUtils.java:logGet(46)) - raft.server.snapshot.auto.trigger.enabled = true (custom)
2022-10-28 11:28:54,100 [pool-164-thread-1] INFO  server.RaftServerConfigKeys (ConfUtils.java:logGet(46)) - raft.server.snapshot.auto.trigger.threshold = 10000 (custom)
2022-10-28 11:28:54,100 [pool-164-thread-1] INFO  server.RaftServerConfigKeys (ConfUtils.java:logGet(46)) - raft.server.snapshot.retention.file.num = 5 (custom)
2022-10-28 11:28:54,100 [pool-164-thread-1] INFO  server.RaftServerConfigKeys (ConfUtils.java:logGet(46)) - raft.server.log.purge.upto.snapshot.index = false (default)
2022-10-28 11:28:54,100 [21cd38f2-3152-4a7b-bfd6-5bc3f4c93f15@group-EF2AFB36FD63-FollowerState] INFO  server.RaftServerConfigKeys (ConfUtils.java:logFallback(53)) - raft.server.rpc.first-election.timeout.min = 5s (fallback to raft.server.rpc.timeout.min)
2022-10-28 11:28:54,105 [21cd38f2-3152-4a7b-bfd6-5bc3f4c93f15@group-EF2AFB36FD63-FollowerState] INFO  server.RaftServerConfigKeys (ConfUtils.java:logFallback(53)) - raft.server.rpc.first-election.timeout.max = 5200ms (fallback to raft.server.rpc.timeout.max)
2022-10-28 11:28:54,112 [Command processor thread] INFO  commandhandler.CreatePipelineCommandHandler (CreatePipelineCommandHandler.java:handle(113)) - Created Pipeline RATIS THREE PipelineID=04d33758-9a0e-47b9-ab6d-ef2afb36fd63.
2022-10-28 11:28:54,201 [Command processor thread] INFO  server.RaftServer (RaftServerProxy.java:addNew(96)) - 21cd38f2-3152-4a7b-bfd6-5bc3f4c93f15: addNew group-2331FFA763EF:[21cd38f2-3152-4a7b-bfd6-5bc3f4c93f15|rpc:10.1.0.114:41711|priority:1|startupRole:FOLLOWER] returns group-2331FFA763EF:java.util.concurrent.CompletableFuture@5abf3ac2[Not completed]
2022-10-28 11:28:54,202 [pool-164-thread-1] INFO  server.RaftServer$Division (RaftServerImpl.java:<init>(195)) - 21cd38f2-3152-4a7b-bfd6-5bc3f4c93f15: new RaftServerImpl for group-2331FFA763EF:[21cd38f2-3152-4a7b-bfd6-5bc3f4c93f15|rpc:10.1.0.114:41711|priority:1|startupRole:FOLLOWER] with ContainerStateMachine:uninitialized
2022-10-28 11:28:54,202 [pool-164-thread-1] INFO  server.RaftServerConfigKeys (ConfUtils.java:logGet(46)) - raft.server.rpc.timeout.min = 5s (custom)
2022-10-28 11:28:54,202 [pool-164-thread-1] INFO  server.RaftServerConfigKeys (ConfUtils.java:logGet(46)) - raft.server.rpc.timeout.max = 5200ms (custom)
2022-10-28 11:28:54,202 [pool-164-thread-1] INFO  server.RaftServerConfigKeys (ConfUtils.java:logGet(46)) - raft.server.rpc.sleep.time = 25ms (default)
2022-10-28 11:28:54,202 [pool-164-thread-1] INFO  server.RaftServerConfigKeys (ConfUtils.java:logGet(46)) - raft.server.rpc.slowness.timeout = 300s (custom)
2022-10-28 11:28:54,202 [pool-164-thread-1] INFO  server.RaftServerConfigKeys (ConfUtils.java:logGet(46)) - raft.server.leaderelection.leader.step-down.wait-time = 10s (default)
2022-10-28 11:28:54,202 [pool-164-thread-1] INFO  server.RaftServerConfigKeys (ConfUtils.java:logGet(46)) - raft.server.sleep.deviation.threshold = 300ms (default)
2022-10-28 11:28:54,202 [pool-164-thread-1] INFO  server.RaftServer$Division (ServerState.java:<init>(118)) - 21cd38f2-3152-4a7b-bfd6-5bc3f4c93f15@group-2331FFA763EF: ConfigurationManager, init=-1: peers:[21cd38f2-3152-4a7b-bfd6-5bc3f4c93f15|rpc:10.1.0.114:41711|priority:1|startupRole:FOLLOWER]|listeners:[], old=null, confs=<EMPTY_MAP>
2022-10-28 11:28:54,202 [pool-164-thread-1] INFO  server.RaftServerConfigKeys (ConfUtils.java:logGet(46)) - raft.server.storage.dir = [/home/runner/work/ozone/ozone/hadoop-ozone/integration-test/target/test-dir/MiniOzoneClusterImpl-6ee34448-fbd8-4951-8ae1-d137d06ced7b/datanode-4/data/ratis] (custom)
2022-10-28 11:28:54,203 [pool-164-thread-1] INFO  server.RaftServerConfigKeys (ConfUtils.java:logGet(46)) - raft.server.log.corruption.policy = EXCEPTION (default)
2022-10-28 11:28:54,203 [pool-164-thread-1] INFO  server.RaftServerConfigKeys (ConfUtils.java:logGet(46)) - raft.server.storage.free-space.min = 0MB (=0) (default)
2022-10-28 11:28:54,203 [pool-164-thread-1] INFO  server.RaftServerConfigKeys (ConfUtils.java:logGet(46)) - raft.server.notification.no-leader.timeout = 300s (custom)
2022-10-28 11:28:54,203 [pool-164-thread-1] INFO  server.RaftServerConfigKeys (ConfUtils.java:logGet(46)) - raft.server.retrycache.expirytime = 600000ms (custom)
2022-10-28 11:28:54,203 [pool-164-thread-1] INFO  server.RaftServerConfigKeys (ConfUtils.java:logGet(46)) - raft.server.retrycache.statistics.expirytime = 100μs (default)
2022-10-28 11:28:54,204 [pool-164-thread-1] INFO  server.RaftServerConfigKeys (ConfUtils.java:logGet(46)) - raft.server.log.appender.install.snapshot.enabled = false (custom)
2022-10-28 11:28:54,204 [pool-164-thread-1] INFO  server.RaftServerConfigKeys (ConfUtils.java:logGet(46)) - raft.server.threadpool.server.cached = true (default)
2022-10-28 11:28:54,204 [pool-164-thread-1] INFO  server.RaftServerConfigKeys (ConfUtils.java:logGet(46)) - raft.server.threadpool.server.size = 0 (default)
2022-10-28 11:28:54,204 [pool-164-thread-1] INFO  server.RaftServerConfigKeys (ConfUtils.java:logGet(46)) - raft.server.threadpool.client.cached = true (default)
2022-10-28 11:28:54,204 [pool-164-thread-1] INFO  server.RaftServerConfigKeys (ConfUtils.java:logGet(46)) - raft.server.threadpool.client.size = 0 (default)
2022-10-28 11:28:54,204 [pool-164-thread-1] INFO  storage.RaftStorageDirectory (RaftStorageDirectoryImpl.java:analyzeStorage(137)) - The storage directory /home/runner/work/ozone/ozone/hadoop-ozone/integration-test/target/test-dir/MiniOzoneClusterImpl-6ee34448-fbd8-4951-8ae1-d137d06ced7b/datanode-4/data/ratis/7952a272-1332-426a-ac49-2331ffa763ef does not exist. Creating ...
2022-10-28 11:28:54,205 [pool-164-thread-1] INFO  storage.RaftStorageDirectory (RaftStorageDirectoryImpl.java:tryLock(231)) - Lock on /home/runner/work/ozone/ozone/hadoop-ozone/integration-test/target/test-dir/MiniOzoneClusterImpl-6ee34448-fbd8-4951-8ae1-d137d06ced7b/datanode-4/data/ratis/7952a272-1332-426a-ac49-2331ffa763ef/in_use.lock acquired by nodename 13878@fv-az700-396
2022-10-28 11:28:54,206 [pool-164-thread-1] INFO  storage.RaftStorage (RaftStorageImpl.java:format(96)) - Storage directory /home/runner/work/ozone/ozone/hadoop-ozone/integration-test/target/test-dir/MiniOzoneClusterImpl-6ee34448-fbd8-4951-8ae1-d137d06ced7b/datanode-4/data/ratis/7952a272-1332-426a-ac49-2331ffa763ef has been successfully formatted.
2022-10-28 11:28:54,206 [pool-164-thread-1] INFO  ratis.ContainerStateMachine (ContainerStateMachine.java:loadSnapshot(236)) - group-2331FFA763EF: The snapshot info is null. Setting the last applied indexto:(t:0, i:~)
2022-10-28 11:28:54,206 [pool-164-thread-1] INFO  server.RaftServerConfigKeys (ConfUtils.java:logGet(46)) - raft.server.log.use.memory = false (default)
2022-10-28 11:28:54,206 [pool-164-thread-1] INFO  server.RaftServerConfigKeys (ConfUtils.java:logGet(46)) - raft.server.log.purge.gap = 1000000 (custom)
2022-10-28 11:28:54,206 [pool-164-thread-1] INFO  server.RaftServerConfigKeys (ConfUtils.java:logGet(46)) - raft.server.log.appender.buffer.byte-limit = 33554432 (custom)
2022-10-28 11:28:54,207 [pool-164-thread-1] INFO  server.RaftServerConfigKeys (ConfUtils.java:logGet(46)) - raft.server.log.statemachine.data.read.timeout = 1000ms (default)
2022-10-28 11:28:54,207 [pool-164-thread-1] INFO  server.RaftServerConfigKeys (ConfUtils.java:logGet(46)) - raft.server.log.purge.preservation.log.num = 0 (default)
2022-10-28 11:28:54,207 [pool-164-thread-1] INFO  server.RaftServerConfigKeys (ConfUtils.java:logGet(46)) - raft.server.log.segment.size.max = 1048576 (custom)
2022-10-28 11:28:54,207 [pool-164-thread-1] INFO  server.RaftServerConfigKeys (ConfUtils.java:logGet(46)) - raft.server.log.segment.cache.num.max = 2 (custom)
2022-10-28 11:28:54,207 [pool-164-thread-1] INFO  server.RaftServerConfigKeys (ConfUtils.java:logGet(46)) - raft.server.log.segment.cache.size.max = 200MB (=209715200) (default)
2022-10-28 11:28:54,207 [pool-164-thread-1] INFO  segmented.SegmentedRaftLogWorker (SegmentedRaftLogWorker.java:<init>(191)) - new 21cd38f2-3152-4a7b-bfd6-5bc3f4c93f15@group-2331FFA763EF-SegmentedRaftLogWorker for RaftStorageImpl:Storage Directory /home/runner/work/ozone/ozone/hadoop-ozone/integration-test/target/test-dir/MiniOzoneClusterImpl-6ee34448-fbd8-4951-8ae1-d137d06ced7b/datanode-4/data/ratis/7952a272-1332-426a-ac49-2331ffa763ef
2022-10-28 11:28:54,208 [EventQueue-PipelineReportForPipelineReportHandler] INFO  pipeline.PipelineManagerImpl (PipelineManagerImpl.java:openPipeline(367)) - Pipeline Pipeline[ Id: 7952a272-1332-426a-ac49-2331ffa763ef, Nodes: 21cd38f2-3152-4a7b-bfd6-5bc3f4c93f15{ip: 10.1.0.114, host: fv-az700-396.2bpskmoaobnu3eckqg1qau4u2h.cx.internal.cloudapp.net, ports: [REPLICATION=34383, RATIS=41711, RATIS_ADMIN=41711, RATIS_SERVER=41711, STANDALONE=35759], networkLocation: /default-rack, certSerialId: null, persistedOpState: IN_SERVICE, persistedOpStateExpiryEpochSec: 0}, ReplicationConfig: RATIS/ONE, State:ALLOCATED, leaderId:21cd38f2-3152-4a7b-bfd6-5bc3f4c93f15, CreationTimestamp2022-10-28T11:28:51.205Z[Etc/UTC]] moved to OPEN state
2022-10-28 11:28:54,209 [EventQueue-OpenPipelineForHealthyPipelineSafeModeRule] INFO  safemode.SCMSafeModeManager (HealthyPipelineSafeModeRule.java:process(137)) - SCM in safe mode. Healthy pipelines reported count is 0, required healthy pipeline reported count is 1
2022-10-28 11:28:54,209 [pool-164-thread-1] INFO  server.RaftServerConfigKeys (ConfUtils.java:logGet(46)) - raft.server.log.queue.byte-limit = 4294967296 (custom)
2022-10-28 11:28:54,209 [pool-164-thread-1] INFO  server.RaftServerConfigKeys (ConfUtils.java:logGet(46)) - raft.server.log.queue.element-limit = 1024 (custom)
2022-10-28 11:28:54,210 [pool-164-thread-1] INFO  server.RaftServerConfigKeys (ConfUtils.java:logGet(46)) - raft.server.log.segment.size.max = 1048576 (custom)
2022-10-28 11:28:54,210 [pool-164-thread-1] INFO  server.RaftServerConfigKeys (ConfUtils.java:logGet(46)) - raft.server.log.preallocated.size = 16384 (custom)
2022-10-28 11:28:54,210 [pool-164-thread-1] INFO  server.RaftServerConfigKeys (ConfUtils.java:logGet(46)) - raft.server.log.force.sync.num = 128 (default)
2022-10-28 11:28:54,210 [pool-164-thread-1] INFO  server.RaftServerConfigKeys (ConfUtils.java:logGet(46)) - raft.server.log.statemachine.data.sync = true (default)
2022-10-28 11:28:54,210 [pool-164-thread-1] INFO  server.RaftServerConfigKeys (ConfUtils.java:logGet(46)) - raft.server.log.statemachine.data.sync.timeout = 10s (default)
2022-10-28 11:28:54,210 [pool-164-thread-1] INFO  server.RaftServerConfigKeys (ConfUtils.java:logGet(46)) - raft.server.log.statemachine.data.sync.timeout.retry = -1 (default)
2022-10-28 11:28:54,211 [pool-164-thread-1] INFO  server.RaftServerConfigKeys (ConfUtils.java:logGet(46)) - raft.server.log.write.buffer.size = 1048576 (custom)
2022-10-28 11:28:54,211 [pool-164-thread-1] INFO  server.RaftServerConfigKeys (ConfUtils.java:logGet(46)) - raft.server.log.unsafe-flush.enabled = false (default)
2022-10-28 11:28:54,211 [pool-164-thread-1] INFO  server.RaftServerConfigKeys (ConfUtils.java:logGet(46)) - raft.server.log.async-flush.enabled = false (default)
2022-10-28 11:28:54,211 [pool-164-thread-1] INFO  server.RaftServerConfigKeys (ConfUtils.java:logGet(46)) - raft.server.log.statemachine.data.caching.enabled = true (custom)
2022-10-28 11:28:54,211 [pool-164-thread-1] INFO  segmented.SegmentedRaftLogWorker (SegmentedRaftLogWorker.java:lambda$new$0(136)) - 21cd38f2-3152-4a7b-bfd6-5bc3f4c93f15@group-2331FFA763EF-SegmentedRaftLogWorker: flushIndex: setUnconditionally 0 -> -1
2022-10-28 11:28:54,211 [pool-164-thread-1] INFO  segmented.SegmentedRaftLogWorker (SegmentedRaftLogWorker.java:lambda$new$0(136)) - 21cd38f2-3152-4a7b-bfd6-5bc3f4c93f15@group-2331FFA763EF-SegmentedRaftLogWorker: safeCacheEvictIndex: setUnconditionally 0 -> -1
2022-10-28 11:28:54,211 [pool-164-thread-1] INFO  server.RaftServer$Division (RaftServerImpl.java:start(334)) - 21cd38f2-3152-4a7b-bfd6-5bc3f4c93f15@group-2331FFA763EF: start as a follower, conf=-1: peers:[21cd38f2-3152-4a7b-bfd6-5bc3f4c93f15|rpc:10.1.0.114:41711|priority:1|startupRole:FOLLOWER]|listeners:[], old=null
2022-10-28 11:28:54,211 [pool-164-thread-1] INFO  server.RaftServer$Division (RaftServerImpl.java:setRole(321)) - 21cd38f2-3152-4a7b-bfd6-5bc3f4c93f15@group-2331FFA763EF: changes role from      null to FOLLOWER at term 0 for startAsFollower
2022-10-28 11:28:54,211 [pool-164-thread-1] INFO  impl.RoleInfo (RoleInfo.java:updateAndGet(139)) - 21cd38f2-3152-4a7b-bfd6-5bc3f4c93f15: start 21cd38f2-3152-4a7b-bfd6-5bc3f4c93f15@group-2331FFA763EF-FollowerState
2022-10-28 11:28:54,212 [pool-164-thread-1] INFO  util.JmxRegister (JmxRegister.java:tryRegister(44)) - Successfully registered JMX Bean with object name Ratis:service=RaftServer,group=group-2331FFA763EF,id=21cd38f2-3152-4a7b-bfd6-5bc3f4c93f15
2022-10-28 11:28:54,212 [pool-164-thread-1] INFO  server.RaftServerConfigKeys (ConfUtils.java:logGet(46)) - raft.server.snapshot.auto.trigger.enabled = true (custom)
2022-10-28 11:28:54,212 [pool-164-thread-1] INFO  server.RaftServerConfigKeys (ConfUtils.java:logGet(46)) - raft.server.snapshot.auto.trigger.threshold = 10000 (custom)
2022-10-28 11:28:54,212 [pool-164-thread-1] INFO  server.RaftServerConfigKeys (ConfUtils.java:logGet(46)) - raft.server.snapshot.retention.file.num = 5 (custom)
2022-10-28 11:28:54,212 [pool-164-thread-1] INFO  server.RaftServerConfigKeys (ConfUtils.java:logGet(46)) - raft.server.log.purge.upto.snapshot.index = false (default)
2022-10-28 11:28:54,212 [21cd38f2-3152-4a7b-bfd6-5bc3f4c93f15@group-2331FFA763EF-FollowerState] INFO  server.RaftServerConfigKeys (ConfUtils.java:logFallback(53)) - raft.server.rpc.first-election.timeout.min = 5s (fallback to raft.server.rpc.timeout.min)
2022-10-28 11:28:54,212 [21cd38f2-3152-4a7b-bfd6-5bc3f4c93f15@group-2331FFA763EF-FollowerState] INFO  server.RaftServerConfigKeys (ConfUtils.java:logFallback(53)) - raft.server.rpc.first-election.timeout.max = 5200ms (fallback to raft.server.rpc.timeout.max)
2022-10-28 11:28:54,212 [Command processor thread] INFO  ratis.XceiverServerRatis (XceiverServerRatis.java:addGroup(765)) - Created group PipelineID=7952a272-1332-426a-ac49-2331ffa763ef
2022-10-28 11:28:54,213 [Command processor thread] INFO  commandhandler.CreatePipelineCommandHandler (CreatePipelineCommandHandler.java:handle(113)) - Created Pipeline RATIS ONE PipelineID=7952a272-1332-426a-ac49-2331ffa763ef.
2022-10-28 11:28:54,517 [Command processor thread] INFO  server.RaftServer (RaftServerProxy.java:addNew(96)) - 9d921ae2-dac8-442e-8311-fdc102c02170: addNew group-6F4198D0503B:[9d921ae2-dac8-442e-8311-fdc102c02170|rpc:10.1.0.114:43349|priority:1|startupRole:FOLLOWER] returns group-6F4198D0503B:java.util.concurrent.CompletableFuture@432e05e1[Not completed]
2022-10-28 11:28:54,518 [pool-187-thread-1] INFO  server.RaftServer$Division (RaftServerImpl.java:<init>(195)) - 9d921ae2-dac8-442e-8311-fdc102c02170: new RaftServerImpl for group-6F4198D0503B:[9d921ae2-dac8-442e-8311-fdc102c02170|rpc:10.1.0.114:43349|priority:1|startupRole:FOLLOWER] with ContainerStateMachine:uninitialized
2022-10-28 11:28:54,518 [pool-187-thread-1] INFO  server.RaftServerConfigKeys (ConfUtils.java:logGet(46)) - raft.server.rpc.timeout.min = 5s (custom)
2022-10-28 11:28:54,518 [pool-187-thread-1] INFO  server.RaftServerConfigKeys (ConfUtils.java:logGet(46)) - raft.server.rpc.timeout.max = 5200ms (custom)
2022-10-28 11:28:54,518 [pool-187-thread-1] INFO  server.RaftServerConfigKeys (ConfUtils.java:logGet(46)) - raft.server.rpc.sleep.time = 25ms (default)
2022-10-28 11:28:54,518 [pool-187-thread-1] INFO  server.RaftServerConfigKeys (ConfUtils.java:logGet(46)) - raft.server.rpc.slowness.timeout = 300s (custom)
2022-10-28 11:28:54,518 [pool-187-thread-1] INFO  server.RaftServerConfigKeys (ConfUtils.java:logGet(46)) - raft.server.leaderelection.leader.step-down.wait-time = 10s (default)
2022-10-28 11:28:54,518 [pool-187-thread-1] INFO  server.RaftServerConfigKeys (ConfUtils.java:logGet(46)) - raft.server.sleep.deviation.threshold = 300ms (default)
2022-10-28 11:28:54,518 [pool-187-thread-1] INFO  server.RaftServer$Division (ServerState.java:<init>(118)) - 9d921ae2-dac8-442e-8311-fdc102c02170@group-6F4198D0503B: ConfigurationManager, init=-1: peers:[9d921ae2-dac8-442e-8311-fdc102c02170|rpc:10.1.0.114:43349|priority:1|startupRole:FOLLOWER]|listeners:[], old=null, confs=<EMPTY_MAP>
2022-10-28 11:28:54,518 [pool-187-thread-1] INFO  server.RaftServerConfigKeys (ConfUtils.java:logGet(46)) - raft.server.storage.dir = [/home/runner/work/ozone/ozone/hadoop-ozone/integration-test/target/test-dir/MiniOzoneClusterImpl-6ee34448-fbd8-4951-8ae1-d137d06ced7b/datanode-5/data/ratis] (custom)
2022-10-28 11:28:54,518 [pool-187-thread-1] INFO  server.RaftServerConfigKeys (ConfUtils.java:logGet(46)) - raft.server.log.corruption.policy = EXCEPTION (default)
2022-10-28 11:28:54,518 [pool-187-thread-1] INFO  server.RaftServerConfigKeys (ConfUtils.java:logGet(46)) - raft.server.storage.free-space.min = 0MB (=0) (default)
2022-10-28 11:28:54,519 [pool-187-thread-1] INFO  server.RaftServerConfigKeys (ConfUtils.java:logGet(46)) - raft.server.notification.no-leader.timeout = 300s (custom)
2022-10-28 11:28:54,519 [pool-187-thread-1] INFO  server.RaftServerConfigKeys (ConfUtils.java:logGet(46)) - raft.server.retrycache.expirytime = 600000ms (custom)
2022-10-28 11:28:54,519 [pool-187-thread-1] INFO  server.RaftServerConfigKeys (ConfUtils.java:logGet(46)) - raft.server.retrycache.statistics.expirytime = 100μs (default)
2022-10-28 11:28:54,520 [pool-187-thread-1] INFO  server.RaftServerConfigKeys (ConfUtils.java:logGet(46)) - raft.server.log.appender.install.snapshot.enabled = false (custom)
2022-10-28 11:28:54,520 [pool-187-thread-1] INFO  server.RaftServerConfigKeys (ConfUtils.java:logGet(46)) - raft.server.threadpool.server.cached = true (default)
2022-10-28 11:28:54,520 [pool-187-thread-1] INFO  server.RaftServerConfigKeys (ConfUtils.java:logGet(46)) - raft.server.threadpool.server.size = 0 (default)
2022-10-28 11:28:54,520 [pool-187-thread-1] INFO  server.RaftServerConfigKeys (ConfUtils.java:logGet(46)) - raft.server.threadpool.client.cached = true (default)
2022-10-28 11:28:54,520 [pool-187-thread-1] INFO  server.RaftServerConfigKeys (ConfUtils.java:logGet(46)) - raft.server.threadpool.client.size = 0 (default)
2022-10-28 11:28:54,520 [pool-187-thread-1] INFO  storage.RaftStorageDirectory (RaftStorageDirectoryImpl.java:analyzeStorage(137)) - The storage directory /home/runner/work/ozone/ozone/hadoop-ozone/integration-test/target/test-dir/MiniOzoneClusterImpl-6ee34448-fbd8-4951-8ae1-d137d06ced7b/datanode-5/data/ratis/a1b7b223-9718-451d-b9da-6f4198d0503b does not exist. Creating ...
2022-10-28 11:28:54,521 [pool-187-thread-1] INFO  storage.RaftStorageDirectory (RaftStorageDirectoryImpl.java:tryLock(231)) - Lock on /home/runner/work/ozone/ozone/hadoop-ozone/integration-test/target/test-dir/MiniOzoneClusterImpl-6ee34448-fbd8-4951-8ae1-d137d06ced7b/datanode-5/data/ratis/a1b7b223-9718-451d-b9da-6f4198d0503b/in_use.lock acquired by nodename 13878@fv-az700-396
2022-10-28 11:28:54,522 [pool-187-thread-1] INFO  storage.RaftStorage (RaftStorageImpl.java:format(96)) - Storage directory /home/runner/work/ozone/ozone/hadoop-ozone/integration-test/target/test-dir/MiniOzoneClusterImpl-6ee34448-fbd8-4951-8ae1-d137d06ced7b/datanode-5/data/ratis/a1b7b223-9718-451d-b9da-6f4198d0503b has been successfully formatted.
2022-10-28 11:28:54,522 [pool-187-thread-1] INFO  ratis.ContainerStateMachine (ContainerStateMachine.java:loadSnapshot(236)) - group-6F4198D0503B: The snapshot info is null. Setting the last applied indexto:(t:0, i:~)
2022-10-28 11:28:54,522 [pool-187-thread-1] INFO  server.RaftServerConfigKeys (ConfUtils.java:logGet(46)) - raft.server.log.use.memory = false (default)
2022-10-28 11:28:54,522 [pool-187-thread-1] INFO  server.RaftServerConfigKeys (ConfUtils.java:logGet(46)) - raft.server.log.purge.gap = 1000000 (custom)
2022-10-28 11:28:54,522 [pool-187-thread-1] INFO  server.RaftServerConfigKeys (ConfUtils.java:logGet(46)) - raft.server.log.appender.buffer.byte-limit = 33554432 (custom)
2022-10-28 11:28:54,522 [pool-187-thread-1] INFO  server.RaftServerConfigKeys (ConfUtils.java:logGet(46)) - raft.server.log.statemachine.data.read.timeout = 1000ms (default)
2022-10-28 11:28:54,522 [pool-187-thread-1] INFO  server.RaftServerConfigKeys (ConfUtils.java:logGet(46)) - raft.server.log.purge.preservation.log.num = 0 (default)
2022-10-28 11:28:54,523 [pool-187-thread-1] INFO  server.RaftServerConfigKeys (ConfUtils.java:logGet(46)) - raft.server.log.segment.size.max = 1048576 (custom)
2022-10-28 11:28:54,523 [pool-187-thread-1] INFO  server.RaftServerConfigKeys (ConfUtils.java:logGet(46)) - raft.server.log.segment.cache.num.max = 2 (custom)
2022-10-28 11:28:54,524 [EventQueue-PipelineReportForPipelineReportHandler] INFO  pipeline.PipelineManagerImpl (PipelineManagerImpl.java:openPipeline(367)) - Pipeline Pipeline[ Id: a1b7b223-9718-451d-b9da-6f4198d0503b, Nodes: 9d921ae2-dac8-442e-8311-fdc102c02170{ip: 10.1.0.114, host: fv-az700-396.2bpskmoaobnu3eckqg1qau4u2h.cx.internal.cloudapp.net, ports: [REPLICATION=43103, RATIS=43349, RATIS_ADMIN=43349, RATIS_SERVER=43349, STANDALONE=36881], networkLocation: /default-rack, certSerialId: null, persistedOpState: IN_SERVICE, persistedOpStateExpiryEpochSec: 0}, ReplicationConfig: RATIS/ONE, State:ALLOCATED, leaderId:9d921ae2-dac8-442e-8311-fdc102c02170, CreationTimestamp2022-10-28T11:28:51.521Z[Etc/UTC]] moved to OPEN state
2022-10-28 11:28:54,524 [EventQueue-OpenPipelineForHealthyPipelineSafeModeRule] INFO  safemode.SCMSafeModeManager (HealthyPipelineSafeModeRule.java:process(137)) - SCM in safe mode. Healthy pipelines reported count is 0, required healthy pipeline reported count is 1
2022-10-28 11:28:54,524 [pool-187-thread-1] INFO  server.RaftServerConfigKeys (ConfUtils.java:logGet(46)) - raft.server.log.segment.cache.size.max = 200MB (=209715200) (default)
2022-10-28 11:28:54,525 [pool-187-thread-1] INFO  segmented.SegmentedRaftLogWorker (SegmentedRaftLogWorker.java:<init>(191)) - new 9d921ae2-dac8-442e-8311-fdc102c02170@group-6F4198D0503B-SegmentedRaftLogWorker for RaftStorageImpl:Storage Directory /home/runner/work/ozone/ozone/hadoop-ozone/integration-test/target/test-dir/MiniOzoneClusterImpl-6ee34448-fbd8-4951-8ae1-d137d06ced7b/datanode-5/data/ratis/a1b7b223-9718-451d-b9da-6f4198d0503b
2022-10-28 11:28:54,525 [pool-187-thread-1] INFO  server.RaftServerConfigKeys (ConfUtils.java:logGet(46)) - raft.server.log.queue.byte-limit = 4294967296 (custom)
2022-10-28 11:28:54,525 [pool-187-thread-1] INFO  server.RaftServerConfigKeys (ConfUtils.java:logGet(46)) - raft.server.log.queue.element-limit = 1024 (custom)
2022-10-28 11:28:54,525 [pool-187-thread-1] INFO  server.RaftServerConfigKeys (ConfUtils.java:logGet(46)) - raft.server.log.segment.size.max = 1048576 (custom)
2022-10-28 11:28:54,526 [pool-187-thread-1] INFO  server.RaftServerConfigKeys (ConfUtils.java:logGet(46)) - raft.server.log.preallocated.size = 16384 (custom)
2022-10-28 11:28:54,526 [pool-187-thread-1] INFO  server.RaftServerConfigKeys (ConfUtils.java:logGet(46)) - raft.server.log.force.sync.num = 128 (default)
2022-10-28 11:28:54,526 [pool-187-thread-1] INFO  server.RaftServerConfigKeys (ConfUtils.java:logGet(46)) - raft.server.log.statemachine.data.sync = true (default)
2022-10-28 11:28:54,526 [pool-187-thread-1] INFO  server.RaftServerConfigKeys (ConfUtils.java:logGet(46)) - raft.server.log.statemachine.data.sync.timeout = 10s (default)
2022-10-28 11:28:54,526 [pool-187-thread-1] INFO  server.RaftServerConfigKeys (ConfUtils.java:logGet(46)) - raft.server.log.statemachine.data.sync.timeout.retry = -1 (default)
2022-10-28 11:28:54,526 [pool-187-thread-1] INFO  server.RaftServerConfigKeys (ConfUtils.java:logGet(46)) - raft.server.log.write.buffer.size = 1048576 (custom)
2022-10-28 11:28:54,527 [pool-187-thread-1] INFO  server.RaftServerConfigKeys (ConfUtils.java:logGet(46)) - raft.server.log.unsafe-flush.enabled = false (default)
2022-10-28 11:28:54,527 [pool-187-thread-1] INFO  server.RaftServerConfigKeys (ConfUtils.java:logGet(46)) - raft.server.log.async-flush.enabled = false (default)
2022-10-28 11:28:54,527 [pool-187-thread-1] INFO  server.RaftServerConfigKeys (ConfUtils.java:logGet(46)) - raft.server.log.statemachine.data.caching.enabled = true (custom)
2022-10-28 11:28:54,527 [pool-187-thread-1] INFO  segmented.SegmentedRaftLogWorker (SegmentedRaftLogWorker.java:lambda$new$0(136)) - 9d921ae2-dac8-442e-8311-fdc102c02170@group-6F4198D0503B-SegmentedRaftLogWorker: flushIndex: setUnconditionally 0 -> -1
2022-10-28 11:28:54,527 [pool-187-thread-1] INFO  segmented.SegmentedRaftLogWorker (SegmentedRaftLogWorker.java:lambda$new$0(136)) - 9d921ae2-dac8-442e-8311-fdc102c02170@group-6F4198D0503B-SegmentedRaftLogWorker: safeCacheEvictIndex: setUnconditionally 0 -> -1
2022-10-28 11:28:54,528 [pool-187-thread-1] INFO  server.RaftServer$Division (RaftServerImpl.java:start(334)) - 9d921ae2-dac8-442e-8311-fdc102c02170@group-6F4198D0503B: start as a follower, conf=-1: peers:[9d921ae2-dac8-442e-8311-fdc102c02170|rpc:10.1.0.114:43349|priority:1|startupRole:FOLLOWER]|listeners:[], old=null
2022-10-28 11:28:54,528 [pool-187-thread-1] INFO  server.RaftServer$Division (RaftServerImpl.java:setRole(321)) - 9d921ae2-dac8-442e-8311-fdc102c02170@group-6F4198D0503B: changes role from      null to FOLLOWER at term 0 for startAsFollower
2022-10-28 11:28:54,528 [pool-187-thread-1] INFO  impl.RoleInfo (RoleInfo.java:updateAndGet(139)) - 9d921ae2-dac8-442e-8311-fdc102c02170: start 9d921ae2-dac8-442e-8311-fdc102c02170@group-6F4198D0503B-FollowerState
2022-10-28 11:28:54,528 [pool-187-thread-1] INFO  util.JmxRegister (JmxRegister.java:tryRegister(44)) - Successfully registered JMX Bean with object name Ratis:service=RaftServer,group=group-6F4198D0503B,id=9d921ae2-dac8-442e-8311-fdc102c02170
2022-10-28 11:28:54,528 [9d921ae2-dac8-442e-8311-fdc102c02170@group-6F4198D0503B-FollowerState] INFO  server.RaftServerConfigKeys (ConfUtils.java:logFallback(53)) - raft.server.rpc.first-election.timeout.min = 5s (fallback to raft.server.rpc.timeout.min)
2022-10-28 11:28:54,528 [9d921ae2-dac8-442e-8311-fdc102c02170@group-6F4198D0503B-FollowerState] INFO  server.RaftServerConfigKeys (ConfUtils.java:logFallback(53)) - raft.server.rpc.first-election.timeout.max = 5200ms (fallback to raft.server.rpc.timeout.max)
2022-10-28 11:28:54,529 [pool-187-thread-1] INFO  server.RaftServerConfigKeys (ConfUtils.java:logGet(46)) - raft.server.snapshot.auto.trigger.enabled = true (custom)
2022-10-28 11:28:54,529 [pool-187-thread-1] INFO  server.RaftServerConfigKeys (ConfUtils.java:logGet(46)) - raft.server.snapshot.auto.trigger.threshold = 10000 (custom)
2022-10-28 11:28:54,529 [pool-187-thread-1] INFO  server.RaftServerConfigKeys (ConfUtils.java:logGet(46)) - raft.server.snapshot.retention.file.num = 5 (custom)
2022-10-28 11:28:54,529 [pool-187-thread-1] INFO  server.RaftServerConfigKeys (ConfUtils.java:logGet(46)) - raft.server.log.purge.upto.snapshot.index = false (default)
2022-10-28 11:28:54,531 [Command processor thread] INFO  ratis.XceiverServerRatis (XceiverServerRatis.java:addGroup(765)) - Created group PipelineID=a1b7b223-9718-451d-b9da-6f4198d0503b
2022-10-28 11:28:54,531 [Command processor thread] INFO  commandhandler.CreatePipelineCommandHandler (CreatePipelineCommandHandler.java:handle(113)) - Created Pipeline RATIS ONE PipelineID=a1b7b223-9718-451d-b9da-6f4198d0503b.
2022-10-28 11:28:54,869 [Command processor thread] INFO  server.RaftServer (RaftServerProxy.java:addNew(96)) - d5dd9084-02e9-4cbc-a1b0-4846343450b9: addNew group-D94B917AA4C5:[d5dd9084-02e9-4cbc-a1b0-4846343450b9|rpc:10.1.0.114:34363|priority:1|startupRole:FOLLOWER] returns group-D94B917AA4C5:java.util.concurrent.CompletableFuture@5694b645[Not completed]
2022-10-28 11:28:54,873 [pool-210-thread-1] INFO  server.RaftServer$Division (RaftServerImpl.java:<init>(195)) - d5dd9084-02e9-4cbc-a1b0-4846343450b9: new RaftServerImpl for group-D94B917AA4C5:[d5dd9084-02e9-4cbc-a1b0-4846343450b9|rpc:10.1.0.114:34363|priority:1|startupRole:FOLLOWER] with ContainerStateMachine:uninitialized
2022-10-28 11:28:54,873 [pool-210-thread-1] INFO  server.RaftServerConfigKeys (ConfUtils.java:logGet(46)) - raft.server.rpc.timeout.min = 5s (custom)
2022-10-28 11:28:54,873 [pool-210-thread-1] INFO  server.RaftServerConfigKeys (ConfUtils.java:logGet(46)) - raft.server.rpc.timeout.max = 5200ms (custom)
2022-10-28 11:28:54,874 [pool-210-thread-1] INFO  server.RaftServerConfigKeys (ConfUtils.java:logGet(46)) - raft.server.rpc.sleep.time = 25ms (default)
2022-10-28 11:28:54,874 [pool-210-thread-1] INFO  server.RaftServerConfigKeys (ConfUtils.java:logGet(46)) - raft.server.rpc.slowness.timeout = 300s (custom)
2022-10-28 11:28:54,874 [pool-210-thread-1] INFO  server.RaftServerConfigKeys (ConfUtils.java:logGet(46)) - raft.server.leaderelection.leader.step-down.wait-time = 10s (default)
2022-10-28 11:28:54,874 [pool-210-thread-1] INFO  server.RaftServerConfigKeys (ConfUtils.java:logGet(46)) - raft.server.sleep.deviation.threshold = 300ms (default)
2022-10-28 11:28:54,874 [pool-210-thread-1] INFO  server.RaftServer$Division (ServerState.java:<init>(118)) - d5dd9084-02e9-4cbc-a1b0-4846343450b9@group-D94B917AA4C5: ConfigurationManager, init=-1: peers:[d5dd9084-02e9-4cbc-a1b0-4846343450b9|rpc:10.1.0.114:34363|priority:1|startupRole:FOLLOWER]|listeners:[], old=null, confs=<EMPTY_MAP>
2022-10-28 11:28:54,874 [pool-210-thread-1] INFO  server.RaftServerConfigKeys (ConfUtils.java:logGet(46)) - raft.server.storage.dir = [/home/runner/work/ozone/ozone/hadoop-ozone/integration-test/target/test-dir/MiniOzoneClusterImpl-6ee34448-fbd8-4951-8ae1-d137d06ced7b/datanode-6/data/ratis] (custom)
2022-10-28 11:28:54,874 [pool-210-thread-1] INFO  server.RaftServerConfigKeys (ConfUtils.java:logGet(46)) - raft.server.log.corruption.policy = EXCEPTION (default)
2022-10-28 11:28:54,874 [pool-210-thread-1] INFO  server.RaftServerConfigKeys (ConfUtils.java:logGet(46)) - raft.server.storage.free-space.min = 0MB (=0) (default)
2022-10-28 11:28:54,874 [pool-210-thread-1] INFO  server.RaftServerConfigKeys (ConfUtils.java:logGet(46)) - raft.server.notification.no-leader.timeout = 300s (custom)
2022-10-28 11:28:54,874 [pool-210-thread-1] INFO  server.RaftServerConfigKeys (ConfUtils.java:logGet(46)) - raft.server.retrycache.expirytime = 600000ms (custom)
2022-10-28 11:28:54,874 [pool-210-thread-1] INFO  server.RaftServerConfigKeys (ConfUtils.java:logGet(46)) - raft.server.retrycache.statistics.expirytime = 100μs (default)
2022-10-28 11:28:54,876 [pool-210-thread-1] INFO  server.RaftServerConfigKeys (ConfUtils.java:logGet(46)) - raft.server.log.appender.install.snapshot.enabled = false (custom)
2022-10-28 11:28:54,876 [pool-210-thread-1] INFO  server.RaftServerConfigKeys (ConfUtils.java:logGet(46)) - raft.server.threadpool.server.cached = true (default)
2022-10-28 11:28:54,877 [pool-210-thread-1] INFO  server.RaftServerConfigKeys (ConfUtils.java:logGet(46)) - raft.server.threadpool.server.size = 0 (default)
2022-10-28 11:28:54,877 [pool-210-thread-1] INFO  server.RaftServerConfigKeys (ConfUtils.java:logGet(46)) - raft.server.threadpool.client.cached = true (default)
2022-10-28 11:28:54,877 [pool-210-thread-1] INFO  server.RaftServerConfigKeys (ConfUtils.java:logGet(46)) - raft.server.threadpool.client.size = 0 (default)
2022-10-28 11:28:54,877 [pool-210-thread-1] INFO  storage.RaftStorageDirectory (RaftStorageDirectoryImpl.java:analyzeStorage(137)) - The storage directory /home/runner/work/ozone/ozone/hadoop-ozone/integration-test/target/test-dir/MiniOzoneClusterImpl-6ee34448-fbd8-4951-8ae1-d137d06ced7b/datanode-6/data/ratis/216df245-6cf7-4548-a702-d94b917aa4c5 does not exist. Creating ...
2022-10-28 11:28:54,878 [pool-210-thread-1] INFO  storage.RaftStorageDirectory (RaftStorageDirectoryImpl.java:tryLock(231)) - Lock on /home/runner/work/ozone/ozone/hadoop-ozone/integration-test/target/test-dir/MiniOzoneClusterImpl-6ee34448-fbd8-4951-8ae1-d137d06ced7b/datanode-6/data/ratis/216df245-6cf7-4548-a702-d94b917aa4c5/in_use.lock acquired by nodename 13878@fv-az700-396
2022-10-28 11:28:54,879 [pool-210-thread-1] INFO  storage.RaftStorage (RaftStorageImpl.java:format(96)) - Storage directory /home/runner/work/ozone/ozone/hadoop-ozone/integration-test/target/test-dir/MiniOzoneClusterImpl-6ee34448-fbd8-4951-8ae1-d137d06ced7b/datanode-6/data/ratis/216df245-6cf7-4548-a702-d94b917aa4c5 has been successfully formatted.
2022-10-28 11:28:54,881 [Listener at 127.0.0.1/42141] INFO  ozone.MiniOzoneClusterImpl (MiniOzoneClusterImpl.java:lambda$waitForClusterToBeReady$0(216)) - Nodes are ready. Got 10 of 10 DN Heartbeats.
2022-10-28 11:28:54,882 [Listener at 127.0.0.1/42141] INFO  ozone.MiniOzoneClusterImpl (MiniOzoneClusterImpl.java:lambda$waitForClusterToBeReady$0(219)) - Waiting for cluster to exit safe mode
2022-10-28 11:28:54,882 [Listener at 127.0.0.1/42141] INFO  ozone.MiniOzoneClusterImpl (MiniOzoneClusterImpl.java:lambda$waitForClusterToBeReady$0(221)) - SCM became leader
2022-10-28 11:28:54,881 [EventQueue-PipelineReportForPipelineReportHandler] INFO  pipeline.PipelineManagerImpl (PipelineManagerImpl.java:openPipeline(367)) - Pipeline Pipeline[ Id: 216df245-6cf7-4548-a702-d94b917aa4c5, Nodes: d5dd9084-02e9-4cbc-a1b0-4846343450b9{ip: 10.1.0.114, host: fv-az700-396.2bpskmoaobnu3eckqg1qau4u2h.cx.internal.cloudapp.net, ports: [REPLICATION=38303, RATIS=34363, RATIS_ADMIN=34363, RATIS_SERVER=34363, STANDALONE=42221], networkLocation: /default-rack, certSerialId: null, persistedOpState: IN_SERVICE, persistedOpStateExpiryEpochSec: 0}, ReplicationConfig: RATIS/ONE, State:ALLOCATED, leaderId:d5dd9084-02e9-4cbc-a1b0-4846343450b9, CreationTimestamp2022-10-28T11:28:51.881Z[Etc/UTC]] moved to OPEN state
2022-10-28 11:28:54,883 [EventQueue-OpenPipelineForHealthyPipelineSafeModeRule] INFO  safemode.SCMSafeModeManager (HealthyPipelineSafeModeRule.java:process(137)) - SCM in safe mode. Healthy pipelines reported count is 0, required healthy pipeline reported count is 1
2022-10-28 11:28:54,886 [pool-210-thread-1] INFO  ratis.ContainerStateMachine (ContainerStateMachine.java:loadSnapshot(236)) - group-D94B917AA4C5: The snapshot info is null. Setting the last applied indexto:(t:0, i:~)
2022-10-28 11:28:54,887 [pool-210-thread-1] INFO  server.RaftServerConfigKeys (ConfUtils.java:logGet(46)) - raft.server.log.use.memory = false (default)
2022-10-28 11:28:54,887 [pool-210-thread-1] INFO  server.RaftServerConfigKeys (ConfUtils.java:logGet(46)) - raft.server.log.purge.gap = 1000000 (custom)
2022-10-28 11:28:54,887 [pool-210-thread-1] INFO  server.RaftServerConfigKeys (ConfUtils.java:logGet(46)) - raft.server.log.appender.buffer.byte-limit = 33554432 (custom)
2022-10-28 11:28:54,887 [pool-210-thread-1] INFO  server.RaftServerConfigKeys (ConfUtils.java:logGet(46)) - raft.server.log.statemachine.data.read.timeout = 1000ms (default)
2022-10-28 11:28:54,887 [pool-210-thread-1] INFO  server.RaftServerConfigKeys (ConfUtils.java:logGet(46)) - raft.server.log.purge.preservation.log.num = 0 (default)
2022-10-28 11:28:54,887 [pool-210-thread-1] INFO  server.RaftServerConfigKeys (ConfUtils.java:logGet(46)) - raft.server.log.segment.size.max = 1048576 (custom)
2022-10-28 11:28:54,888 [pool-210-thread-1] INFO  server.RaftServerConfigKeys (ConfUtils.java:logGet(46)) - raft.server.log.segment.cache.num.max = 2 (custom)
2022-10-28 11:28:54,888 [pool-210-thread-1] INFO  server.RaftServerConfigKeys (ConfUtils.java:logGet(46)) - raft.server.log.segment.cache.size.max = 200MB (=209715200) (default)
2022-10-28 11:28:54,888 [pool-210-thread-1] INFO  segmented.SegmentedRaftLogWorker (SegmentedRaftLogWorker.java:<init>(191)) - new d5dd9084-02e9-4cbc-a1b0-4846343450b9@group-D94B917AA4C5-SegmentedRaftLogWorker for RaftStorageImpl:Storage Directory /home/runner/work/ozone/ozone/hadoop-ozone/integration-test/target/test-dir/MiniOzoneClusterImpl-6ee34448-fbd8-4951-8ae1-d137d06ced7b/datanode-6/data/ratis/216df245-6cf7-4548-a702-d94b917aa4c5
2022-10-28 11:28:54,889 [pool-210-thread-1] INFO  server.RaftServerConfigKeys (ConfUtils.java:logGet(46)) - raft.server.log.queue.byte-limit = 4294967296 (custom)
2022-10-28 11:28:54,889 [pool-210-thread-1] INFO  server.RaftServerConfigKeys (ConfUtils.java:logGet(46)) - raft.server.log.queue.element-limit = 1024 (custom)
2022-10-28 11:28:54,889 [pool-210-thread-1] INFO  server.RaftServerConfigKeys (ConfUtils.java:logGet(46)) - raft.server.log.segment.size.max = 1048576 (custom)
2022-10-28 11:28:54,889 [pool-210-thread-1] INFO  server.RaftServerConfigKeys (ConfUtils.java:logGet(46)) - raft.server.log.preallocated.size = 16384 (custom)
2022-10-28 11:28:54,890 [pool-210-thread-1] INFO  server.RaftServerConfigKeys (ConfUtils.java:logGet(46)) - raft.server.log.force.sync.num = 128 (default)
2022-10-28 11:28:54,890 [pool-210-thread-1] INFO  server.RaftServerConfigKeys (ConfUtils.java:logGet(46)) - raft.server.log.statemachine.data.sync = true (default)
2022-10-28 11:28:54,890 [pool-210-thread-1] INFO  server.RaftServerConfigKeys (ConfUtils.java:logGet(46)) - raft.server.log.statemachine.data.sync.timeout = 10s (default)
2022-10-28 11:28:54,890 [pool-210-thread-1] INFO  server.RaftServerConfigKeys (ConfUtils.java:logGet(46)) - raft.server.log.statemachine.data.sync.timeout.retry = -1 (default)
2022-10-28 11:28:54,890 [pool-210-thread-1] INFO  server.RaftServerConfigKeys (ConfUtils.java:logGet(46)) - raft.server.log.write.buffer.size = 1048576 (custom)
2022-10-28 11:28:54,891 [pool-210-thread-1] INFO  server.RaftServerConfigKeys (ConfUtils.java:logGet(46)) - raft.server.log.unsafe-flush.enabled = false (default)
2022-10-28 11:28:54,891 [pool-210-thread-1] INFO  server.RaftServerConfigKeys (ConfUtils.java:logGet(46)) - raft.server.log.async-flush.enabled = false (default)
2022-10-28 11:28:54,891 [pool-210-thread-1] INFO  server.RaftServerConfigKeys (ConfUtils.java:logGet(46)) - raft.server.log.statemachine.data.caching.enabled = true (custom)
2022-10-28 11:28:54,891 [pool-210-thread-1] INFO  segmented.SegmentedRaftLogWorker (SegmentedRaftLogWorker.java:lambda$new$0(136)) - d5dd9084-02e9-4cbc-a1b0-4846343450b9@group-D94B917AA4C5-SegmentedRaftLogWorker: flushIndex: setUnconditionally 0 -> -1
2022-10-28 11:28:54,891 [pool-210-thread-1] INFO  segmented.SegmentedRaftLogWorker (SegmentedRaftLogWorker.java:lambda$new$0(136)) - d5dd9084-02e9-4cbc-a1b0-4846343450b9@group-D94B917AA4C5-SegmentedRaftLogWorker: safeCacheEvictIndex: setUnconditionally 0 -> -1
2022-10-28 11:28:54,891 [pool-210-thread-1] INFO  server.RaftServer$Division (RaftServerImpl.java:start(334)) - d5dd9084-02e9-4cbc-a1b0-4846343450b9@group-D94B917AA4C5: start as a follower, conf=-1: peers:[d5dd9084-02e9-4cbc-a1b0-4846343450b9|rpc:10.1.0.114:34363|priority:1|startupRole:FOLLOWER]|listeners:[], old=null
2022-10-28 11:28:54,891 [pool-210-thread-1] INFO  server.RaftServer$Division (RaftServerImpl.java:setRole(321)) - d5dd9084-02e9-4cbc-a1b0-4846343450b9@group-D94B917AA4C5: changes role from      null to FOLLOWER at term 0 for startAsFollower
2022-10-28 11:28:54,891 [pool-210-thread-1] INFO  impl.RoleInfo (RoleInfo.java:updateAndGet(139)) - d5dd9084-02e9-4cbc-a1b0-4846343450b9: start d5dd9084-02e9-4cbc-a1b0-4846343450b9@group-D94B917AA4C5-FollowerState
2022-10-28 11:28:54,895 [pool-210-thread-1] INFO  util.JmxRegister (JmxRegister.java:tryRegister(44)) - Successfully registered JMX Bean with object name Ratis:service=RaftServer,group=group-D94B917AA4C5,id=d5dd9084-02e9-4cbc-a1b0-4846343450b9
2022-10-28 11:28:54,895 [d5dd9084-02e9-4cbc-a1b0-4846343450b9@group-D94B917AA4C5-FollowerState] INFO  server.RaftServerConfigKeys (ConfUtils.java:logFallback(53)) - raft.server.rpc.first-election.timeout.min = 5s (fallback to raft.server.rpc.timeout.min)
2022-10-28 11:28:54,895 [d5dd9084-02e9-4cbc-a1b0-4846343450b9@group-D94B917AA4C5-FollowerState] INFO  server.RaftServerConfigKeys (ConfUtils.java:logFallback(53)) - raft.server.rpc.first-election.timeout.max = 5200ms (fallback to raft.server.rpc.timeout.max)
2022-10-28 11:28:54,895 [pool-210-thread-1] INFO  server.RaftServerConfigKeys (ConfUtils.java:logGet(46)) - raft.server.snapshot.auto.trigger.enabled = true (custom)
2022-10-28 11:28:54,895 [pool-210-thread-1] INFO  server.RaftServerConfigKeys (ConfUtils.java:logGet(46)) - raft.server.snapshot.auto.trigger.threshold = 10000 (custom)
2022-10-28 11:28:54,895 [pool-210-thread-1] INFO  server.RaftServerConfigKeys (ConfUtils.java:logGet(46)) - raft.server.snapshot.retention.file.num = 5 (custom)
2022-10-28 11:28:54,895 [pool-210-thread-1] INFO  server.RaftServerConfigKeys (ConfUtils.java:logGet(46)) - raft.server.log.purge.upto.snapshot.index = false (default)
2022-10-28 11:28:54,896 [Command processor thread] INFO  ratis.XceiverServerRatis (XceiverServerRatis.java:addGroup(765)) - Created group PipelineID=216df245-6cf7-4548-a702-d94b917aa4c5
2022-10-28 11:28:54,896 [Command processor thread] INFO  commandhandler.CreatePipelineCommandHandler (CreatePipelineCommandHandler.java:handle(113)) - Created Pipeline RATIS ONE PipelineID=216df245-6cf7-4548-a702-d94b917aa4c5.
2022-10-28 11:28:54,896 [Command processor thread] INFO  server.RaftServer (RaftServerProxy.java:addNew(96)) - d5dd9084-02e9-4cbc-a1b0-4846343450b9: addNew group-55E06B2F269B:[d5dd9084-02e9-4cbc-a1b0-4846343450b9|rpc:10.1.0.114:34363|priority:0|startupRole:FOLLOWER, 7b6afef0-558a-4ad8-bcfc-b2255c7aee53|rpc:10.1.0.114:46219|priority:0|startupRole:FOLLOWER, 5d13066c-11e5-40aa-be9d-008405bad973|rpc:10.1.0.114:35651|priority:1|startupRole:FOLLOWER] returns group-55E06B2F269B:java.util.concurrent.CompletableFuture@52ab384f[Not completed]
2022-10-28 11:28:54,898 [pool-210-thread-1] INFO  server.RaftServer$Division (RaftServerImpl.java:<init>(195)) - d5dd9084-02e9-4cbc-a1b0-4846343450b9: new RaftServerImpl for group-55E06B2F269B:[d5dd9084-02e9-4cbc-a1b0-4846343450b9|rpc:10.1.0.114:34363|priority:0|startupRole:FOLLOWER, 7b6afef0-558a-4ad8-bcfc-b2255c7aee53|rpc:10.1.0.114:46219|priority:0|startupRole:FOLLOWER, 5d13066c-11e5-40aa-be9d-008405bad973|rpc:10.1.0.114:35651|priority:1|startupRole:FOLLOWER] with ContainerStateMachine:uninitialized
2022-10-28 11:28:54,898 [pool-210-thread-1] INFO  server.RaftServerConfigKeys (ConfUtils.java:logGet(46)) - raft.server.rpc.timeout.min = 5s (custom)
2022-10-28 11:28:54,898 [pool-210-thread-1] INFO  server.RaftServerConfigKeys (ConfUtils.java:logGet(46)) - raft.server.rpc.timeout.max = 5200ms (custom)
2022-10-28 11:28:54,898 [pool-210-thread-1] INFO  server.RaftServerConfigKeys (ConfUtils.java:logGet(46)) - raft.server.rpc.sleep.time = 25ms (default)
2022-10-28 11:28:54,898 [pool-210-thread-1] INFO  server.RaftServerConfigKeys (ConfUtils.java:logGet(46)) - raft.server.rpc.slowness.timeout = 300s (custom)
2022-10-28 11:28:54,898 [pool-210-thread-1] INFO  server.RaftServerConfigKeys (ConfUtils.java:logGet(46)) - raft.server.leaderelection.leader.step-down.wait-time = 10s (default)
2022-10-28 11:28:54,898 [pool-210-thread-1] INFO  server.RaftServerConfigKeys (ConfUtils.java:logGet(46)) - raft.server.sleep.deviation.threshold = 300ms (default)
2022-10-28 11:28:54,898 [pool-210-thread-1] INFO  server.RaftServer$Division (ServerState.java:<init>(118)) - d5dd9084-02e9-4cbc-a1b0-4846343450b9@group-55E06B2F269B: ConfigurationManager, init=-1: peers:[d5dd9084-02e9-4cbc-a1b0-4846343450b9|rpc:10.1.0.114:34363|priority:0|startupRole:FOLLOWER, 7b6afef0-558a-4ad8-bcfc-b2255c7aee53|rpc:10.1.0.114:46219|priority:0|startupRole:FOLLOWER, 5d13066c-11e5-40aa-be9d-008405bad973|rpc:10.1.0.114:35651|priority:1|startupRole:FOLLOWER]|listeners:[], old=null, confs=<EMPTY_MAP>
2022-10-28 11:28:54,898 [pool-210-thread-1] INFO  server.RaftServerConfigKeys (ConfUtils.java:logGet(46)) - raft.server.storage.dir = [/home/runner/work/ozone/ozone/hadoop-ozone/integration-test/target/test-dir/MiniOzoneClusterImpl-6ee34448-fbd8-4951-8ae1-d137d06ced7b/datanode-6/data/ratis] (custom)
2022-10-28 11:28:54,898 [pool-210-thread-1] INFO  server.RaftServerConfigKeys (ConfUtils.java:logGet(46)) - raft.server.log.corruption.policy = EXCEPTION (default)
2022-10-28 11:28:54,898 [pool-210-thread-1] INFO  server.RaftServerConfigKeys (ConfUtils.java:logGet(46)) - raft.server.storage.free-space.min = 0MB (=0) (default)
2022-10-28 11:28:54,898 [pool-210-thread-1] INFO  server.RaftServerConfigKeys (ConfUtils.java:logGet(46)) - raft.server.notification.no-leader.timeout = 300s (custom)
2022-10-28 11:28:54,898 [pool-210-thread-1] INFO  server.RaftServerConfigKeys (ConfUtils.java:logGet(46)) - raft.server.retrycache.expirytime = 600000ms (custom)
2022-10-28 11:28:54,898 [pool-210-thread-1] INFO  server.RaftServerConfigKeys (ConfUtils.java:logGet(46)) - raft.server.retrycache.statistics.expirytime = 100μs (default)
2022-10-28 11:28:54,899 [pool-210-thread-1] INFO  server.RaftServerConfigKeys (ConfUtils.java:logGet(46)) - raft.server.log.appender.install.snapshot.enabled = false (custom)
2022-10-28 11:28:54,899 [pool-210-thread-1] INFO  server.RaftServerConfigKeys (ConfUtils.java:logGet(46)) - raft.server.threadpool.server.cached = true (default)
2022-10-28 11:28:54,899 [pool-210-thread-1] INFO  server.RaftServerConfigKeys (ConfUtils.java:logGet(46)) - raft.server.threadpool.server.size = 0 (default)
2022-10-28 11:28:54,899 [pool-210-thread-1] INFO  server.RaftServerConfigKeys (ConfUtils.java:logGet(46)) - raft.server.threadpool.client.cached = true (default)
2022-10-28 11:28:54,899 [pool-210-thread-1] INFO  server.RaftServerConfigKeys (ConfUtils.java:logGet(46)) - raft.server.threadpool.client.size = 0 (default)
2022-10-28 11:28:54,899 [pool-210-thread-1] INFO  storage.RaftStorageDirectory (RaftStorageDirectoryImpl.java:analyzeStorage(137)) - The storage directory /home/runner/work/ozone/ozone/hadoop-ozone/integration-test/target/test-dir/MiniOzoneClusterImpl-6ee34448-fbd8-4951-8ae1-d137d06ced7b/datanode-6/data/ratis/6874d656-b7b3-4fc2-8cf4-55e06b2f269b does not exist. Creating ...
2022-10-28 11:28:54,901 [pool-210-thread-1] INFO  storage.RaftStorageDirectory (RaftStorageDirectoryImpl.java:tryLock(231)) - Lock on /home/runner/work/ozone/ozone/hadoop-ozone/integration-test/target/test-dir/MiniOzoneClusterImpl-6ee34448-fbd8-4951-8ae1-d137d06ced7b/datanode-6/data/ratis/6874d656-b7b3-4fc2-8cf4-55e06b2f269b/in_use.lock acquired by nodename 13878@fv-az700-396
2022-10-28 11:28:54,902 [pool-210-thread-1] INFO  storage.RaftStorage (RaftStorageImpl.java:format(96)) - Storage directory /home/runner/work/ozone/ozone/hadoop-ozone/integration-test/target/test-dir/MiniOzoneClusterImpl-6ee34448-fbd8-4951-8ae1-d137d06ced7b/datanode-6/data/ratis/6874d656-b7b3-4fc2-8cf4-55e06b2f269b has been successfully formatted.
2022-10-28 11:28:54,902 [pool-210-thread-1] INFO  ratis.ContainerStateMachine (ContainerStateMachine.java:loadSnapshot(236)) - group-55E06B2F269B: The snapshot info is null. Setting the last applied indexto:(t:0, i:~)
2022-10-28 11:28:54,903 [pool-210-thread-1] INFO  server.RaftServerConfigKeys (ConfUtils.java:logGet(46)) - raft.server.log.use.memory = false (default)
2022-10-28 11:28:54,903 [pool-210-thread-1] INFO  server.RaftServerConfigKeys (ConfUtils.java:logGet(46)) - raft.server.log.purge.gap = 1000000 (custom)
2022-10-28 11:28:54,903 [pool-210-thread-1] INFO  server.RaftServerConfigKeys (ConfUtils.java:logGet(46)) - raft.server.log.appender.buffer.byte-limit = 33554432 (custom)
2022-10-28 11:28:54,903 [pool-210-thread-1] INFO  server.RaftServerConfigKeys (ConfUtils.java:logGet(46)) - raft.server.log.statemachine.data.read.timeout = 1000ms (default)
2022-10-28 11:28:54,903 [pool-210-thread-1] INFO  server.RaftServerConfigKeys (ConfUtils.java:logGet(46)) - raft.server.log.purge.preservation.log.num = 0 (default)
2022-10-28 11:28:54,904 [EventQueue-OpenPipelineForHealthyPipelineSafeModeRule] INFO  safemode.SCMSafeModeManager (HealthyPipelineSafeModeRule.java:process(137)) - SCM in safe mode. Healthy pipelines reported count is 0, required healthy pipeline reported count is 1
2022-10-28 11:28:54,904 [pool-210-thread-1] INFO  server.RaftServerConfigKeys (ConfUtils.java:logGet(46)) - raft.server.log.segment.size.max = 1048576 (custom)
2022-10-28 11:28:54,905 [pool-210-thread-1] INFO  server.RaftServerConfigKeys (ConfUtils.java:logGet(46)) - raft.server.log.segment.cache.num.max = 2 (custom)
2022-10-28 11:28:54,905 [pool-210-thread-1] INFO  server.RaftServerConfigKeys (ConfUtils.java:logGet(46)) - raft.server.log.segment.cache.size.max = 200MB (=209715200) (default)
2022-10-28 11:28:54,905 [pool-210-thread-1] INFO  segmented.SegmentedRaftLogWorker (SegmentedRaftLogWorker.java:<init>(191)) - new d5dd9084-02e9-4cbc-a1b0-4846343450b9@group-55E06B2F269B-SegmentedRaftLogWorker for RaftStorageImpl:Storage Directory /home/runner/work/ozone/ozone/hadoop-ozone/integration-test/target/test-dir/MiniOzoneClusterImpl-6ee34448-fbd8-4951-8ae1-d137d06ced7b/datanode-6/data/ratis/6874d656-b7b3-4fc2-8cf4-55e06b2f269b
2022-10-28 11:28:54,905 [pool-210-thread-1] INFO  server.RaftServerConfigKeys (ConfUtils.java:logGet(46)) - raft.server.log.queue.byte-limit = 4294967296 (custom)
2022-10-28 11:28:54,905 [pool-210-thread-1] INFO  server.RaftServerConfigKeys (ConfUtils.java:logGet(46)) - raft.server.log.queue.element-limit = 1024 (custom)
2022-10-28 11:28:54,905 [pool-210-thread-1] INFO  server.RaftServerConfigKeys (ConfUtils.java:logGet(46)) - raft.server.log.segment.size.max = 1048576 (custom)
2022-10-28 11:28:54,905 [pool-210-thread-1] INFO  server.RaftServerConfigKeys (ConfUtils.java:logGet(46)) - raft.server.log.preallocated.size = 16384 (custom)
2022-10-28 11:28:54,905 [pool-210-thread-1] INFO  server.RaftServerConfigKeys (ConfUtils.java:logGet(46)) - raft.server.log.force.sync.num = 128 (default)
2022-10-28 11:28:54,905 [pool-210-thread-1] INFO  server.RaftServerConfigKeys (ConfUtils.java:logGet(46)) - raft.server.log.statemachine.data.sync = true (default)
2022-10-28 11:28:54,905 [pool-210-thread-1] INFO  server.RaftServerConfigKeys (ConfUtils.java:logGet(46)) - raft.server.log.statemachine.data.sync.timeout = 10s (default)
2022-10-28 11:28:54,905 [pool-210-thread-1] INFO  server.RaftServerConfigKeys (ConfUtils.java:logGet(46)) - raft.server.log.statemachine.data.sync.timeout.retry = -1 (default)
2022-10-28 11:28:54,907 [pool-210-thread-1] INFO  server.RaftServerConfigKeys (ConfUtils.java:logGet(46)) - raft.server.log.write.buffer.size = 1048576 (custom)
2022-10-28 11:28:54,907 [pool-210-thread-1] INFO  server.RaftServerConfigKeys (ConfUtils.java:logGet(46)) - raft.server.log.unsafe-flush.enabled = false (default)
2022-10-28 11:28:54,907 [pool-210-thread-1] INFO  server.RaftServerConfigKeys (ConfUtils.java:logGet(46)) - raft.server.log.async-flush.enabled = false (default)
2022-10-28 11:28:54,907 [pool-210-thread-1] INFO  server.RaftServerConfigKeys (ConfUtils.java:logGet(46)) - raft.server.log.statemachine.data.caching.enabled = true (custom)
2022-10-28 11:28:54,907 [pool-210-thread-1] INFO  segmented.SegmentedRaftLogWorker (SegmentedRaftLogWorker.java:lambda$new$0(136)) - d5dd9084-02e9-4cbc-a1b0-4846343450b9@group-55E06B2F269B-SegmentedRaftLogWorker: flushIndex: setUnconditionally 0 -> -1
2022-10-28 11:28:54,908 [pool-210-thread-1] INFO  segmented.SegmentedRaftLogWorker (SegmentedRaftLogWorker.java:lambda$new$0(136)) - d5dd9084-02e9-4cbc-a1b0-4846343450b9@group-55E06B2F269B-SegmentedRaftLogWorker: safeCacheEvictIndex: setUnconditionally 0 -> -1
2022-10-28 11:28:54,909 [pool-210-thread-1] INFO  server.RaftServer$Division (RaftServerImpl.java:start(334)) - d5dd9084-02e9-4cbc-a1b0-4846343450b9@group-55E06B2F269B: start as a follower, conf=-1: peers:[d5dd9084-02e9-4cbc-a1b0-4846343450b9|rpc:10.1.0.114:34363|priority:0|startupRole:FOLLOWER, 7b6afef0-558a-4ad8-bcfc-b2255c7aee53|rpc:10.1.0.114:46219|priority:0|startupRole:FOLLOWER, 5d13066c-11e5-40aa-be9d-008405bad973|rpc:10.1.0.114:35651|priority:1|startupRole:FOLLOWER]|listeners:[], old=null
2022-10-28 11:28:54,909 [pool-210-thread-1] INFO  server.RaftServer$Division (RaftServerImpl.java:setRole(321)) - d5dd9084-02e9-4cbc-a1b0-4846343450b9@group-55E06B2F269B: changes role from      null to FOLLOWER at term 0 for startAsFollower
2022-10-28 11:28:54,909 [pool-210-thread-1] INFO  impl.RoleInfo (RoleInfo.java:updateAndGet(139)) - d5dd9084-02e9-4cbc-a1b0-4846343450b9: start d5dd9084-02e9-4cbc-a1b0-4846343450b9@group-55E06B2F269B-FollowerState
2022-10-28 11:28:54,913 [pool-210-thread-1] INFO  util.JmxRegister (JmxRegister.java:tryRegister(44)) - Successfully registered JMX Bean with object name Ratis:service=RaftServer,group=group-55E06B2F269B,id=d5dd9084-02e9-4cbc-a1b0-4846343450b9
2022-10-28 11:28:54,913 [pool-210-thread-1] INFO  server.RaftServerConfigKeys (ConfUtils.java:logGet(46)) - raft.server.snapshot.auto.trigger.enabled = true (custom)
2022-10-28 11:28:54,913 [pool-210-thread-1] INFO  server.RaftServerConfigKeys (ConfUtils.java:logGet(46)) - raft.server.snapshot.auto.trigger.threshold = 10000 (custom)
2022-10-28 11:28:54,913 [pool-210-thread-1] INFO  server.RaftServerConfigKeys (ConfUtils.java:logGet(46)) - raft.server.snapshot.retention.file.num = 5 (custom)
2022-10-28 11:28:54,913 [pool-210-thread-1] INFO  server.RaftServerConfigKeys (ConfUtils.java:logGet(46)) - raft.server.log.purge.upto.snapshot.index = false (default)
2022-10-28 11:28:54,914 [d5dd9084-02e9-4cbc-a1b0-4846343450b9@group-55E06B2F269B-FollowerState] INFO  server.RaftServerConfigKeys (ConfUtils.java:logFallback(53)) - raft.server.rpc.first-election.timeout.min = 5s (fallback to raft.server.rpc.timeout.min)
2022-10-28 11:28:54,914 [d5dd9084-02e9-4cbc-a1b0-4846343450b9@group-55E06B2F269B-FollowerState] INFO  server.RaftServerConfigKeys (ConfUtils.java:logFallback(53)) - raft.server.rpc.first-election.timeout.max = 5200ms (fallback to raft.server.rpc.timeout.max)
2022-10-28 11:28:54,915 [Command processor thread] INFO  ratis.XceiverServerRatis (XceiverServerRatis.java:addGroup(765)) - Created group PipelineID=6874d656-b7b3-4fc2-8cf4-55e06b2f269b
2022-10-28 11:28:54,929 [grpc-default-executor-1] INFO  server.RaftServer (RaftServerProxy.java:addNew(96)) - 7b6afef0-558a-4ad8-bcfc-b2255c7aee53: addNew group-55E06B2F269B:[d5dd9084-02e9-4cbc-a1b0-4846343450b9|rpc:10.1.0.114:34363|dataStream:|priority:0|startupRole:FOLLOWER, 7b6afef0-558a-4ad8-bcfc-b2255c7aee53|rpc:10.1.0.114:46219|dataStream:|priority:0|startupRole:FOLLOWER, 5d13066c-11e5-40aa-be9d-008405bad973|rpc:10.1.0.114:35651|dataStream:|priority:1|startupRole:FOLLOWER] returns group-55E06B2F269B:java.util.concurrent.CompletableFuture@49b29a7[Not completed]
2022-10-28 11:28:54,934 [pool-264-thread-1] INFO  server.RaftServer$Division (RaftServerImpl.java:<init>(195)) - 7b6afef0-558a-4ad8-bcfc-b2255c7aee53: new RaftServerImpl for group-55E06B2F269B:[d5dd9084-02e9-4cbc-a1b0-4846343450b9|rpc:10.1.0.114:34363|dataStream:|priority:0|startupRole:FOLLOWER, 7b6afef0-558a-4ad8-bcfc-b2255c7aee53|rpc:10.1.0.114:46219|dataStream:|priority:0|startupRole:FOLLOWER, 5d13066c-11e5-40aa-be9d-008405bad973|rpc:10.1.0.114:35651|dataStream:|priority:1|startupRole:FOLLOWER] with ContainerStateMachine:uninitialized
2022-10-28 11:28:54,934 [pool-264-thread-1] INFO  server.RaftServerConfigKeys (ConfUtils.java:logGet(46)) - raft.server.rpc.timeout.min = 5s (custom)
2022-10-28 11:28:54,934 [pool-264-thread-1] INFO  server.RaftServerConfigKeys (ConfUtils.java:logGet(46)) - raft.server.rpc.timeout.max = 5200ms (custom)
2022-10-28 11:28:54,934 [pool-264-thread-1] INFO  server.RaftServerConfigKeys (ConfUtils.java:logGet(46)) - raft.server.rpc.sleep.time = 25ms (default)
2022-10-28 11:28:54,934 [pool-264-thread-1] INFO  server.RaftServerConfigKeys (ConfUtils.java:logGet(46)) - raft.server.rpc.slowness.timeout = 300s (custom)
2022-10-28 11:28:54,934 [pool-264-thread-1] INFO  server.RaftServerConfigKeys (ConfUtils.java:logGet(46)) - raft.server.leaderelection.leader.step-down.wait-time = 10s (default)
2022-10-28 11:28:54,934 [pool-264-thread-1] INFO  server.RaftServerConfigKeys (ConfUtils.java:logGet(46)) - raft.server.sleep.deviation.threshold = 300ms (default)
2022-10-28 11:28:54,934 [pool-264-thread-1] INFO  server.RaftServer$Division (ServerState.java:<init>(118)) - 7b6afef0-558a-4ad8-bcfc-b2255c7aee53@group-55E06B2F269B: ConfigurationManager, init=-1: peers:[d5dd9084-02e9-4cbc-a1b0-4846343450b9|rpc:10.1.0.114:34363|dataStream:|priority:0|startupRole:FOLLOWER, 7b6afef0-558a-4ad8-bcfc-b2255c7aee53|rpc:10.1.0.114:46219|dataStream:|priority:0|startupRole:FOLLOWER, 5d13066c-11e5-40aa-be9d-008405bad973|rpc:10.1.0.114:35651|dataStream:|priority:1|startupRole:FOLLOWER]|listeners:[], old=null, confs=<EMPTY_MAP>
2022-10-28 11:28:54,934 [pool-264-thread-1] INFO  server.RaftServerConfigKeys (ConfUtils.java:logGet(46)) - raft.server.storage.dir = [/home/runner/work/ozone/ozone/hadoop-ozone/integration-test/target/test-dir/MiniOzoneClusterImpl-6ee34448-fbd8-4951-8ae1-d137d06ced7b/datanode-8/data/ratis] (custom)
2022-10-28 11:28:54,934 [pool-264-thread-1] INFO  server.RaftServerConfigKeys (ConfUtils.java:logGet(46)) - raft.server.log.corruption.policy = EXCEPTION (default)
2022-10-28 11:28:54,934 [pool-264-thread-1] INFO  server.RaftServerConfigKeys (ConfUtils.java:logGet(46)) - raft.server.storage.free-space.min = 0MB (=0) (default)
2022-10-28 11:28:54,934 [pool-264-thread-1] INFO  server.RaftServerConfigKeys (ConfUtils.java:logGet(46)) - raft.server.notification.no-leader.timeout = 300s (custom)
2022-10-28 11:28:54,935 [pool-264-thread-1] INFO  server.RaftServerConfigKeys (ConfUtils.java:logGet(46)) - raft.server.retrycache.expirytime = 600000ms (custom)
2022-10-28 11:28:54,935 [pool-264-thread-1] INFO  server.RaftServerConfigKeys (ConfUtils.java:logGet(46)) - raft.server.retrycache.statistics.expirytime = 100μs (default)
2022-10-28 11:28:54,937 [pool-264-thread-1] INFO  server.RaftServerConfigKeys (ConfUtils.java:logGet(46)) - raft.server.log.appender.install.snapshot.enabled = false (custom)
2022-10-28 11:28:54,937 [pool-264-thread-1] INFO  server.RaftServerConfigKeys (ConfUtils.java:logGet(46)) - raft.server.threadpool.server.cached = true (default)
2022-10-28 11:28:54,937 [pool-264-thread-1] INFO  server.RaftServerConfigKeys (ConfUtils.java:logGet(46)) - raft.server.threadpool.server.size = 0 (default)
2022-10-28 11:28:54,937 [pool-264-thread-1] INFO  server.RaftServerConfigKeys (ConfUtils.java:logGet(46)) - raft.server.threadpool.client.cached = true (default)
2022-10-28 11:28:54,937 [pool-264-thread-1] INFO  server.RaftServerConfigKeys (ConfUtils.java:logGet(46)) - raft.server.threadpool.client.size = 0 (default)
2022-10-28 11:28:54,937 [pool-264-thread-1] INFO  storage.RaftStorageDirectory (RaftStorageDirectoryImpl.java:analyzeStorage(137)) - The storage directory /home/runner/work/ozone/ozone/hadoop-ozone/integration-test/target/test-dir/MiniOzoneClusterImpl-6ee34448-fbd8-4951-8ae1-d137d06ced7b/datanode-8/data/ratis/6874d656-b7b3-4fc2-8cf4-55e06b2f269b does not exist. Creating ...
2022-10-28 11:28:54,938 [pool-264-thread-1] INFO  storage.RaftStorageDirectory (RaftStorageDirectoryImpl.java:tryLock(231)) - Lock on /home/runner/work/ozone/ozone/hadoop-ozone/integration-test/target/test-dir/MiniOzoneClusterImpl-6ee34448-fbd8-4951-8ae1-d137d06ced7b/datanode-8/data/ratis/6874d656-b7b3-4fc2-8cf4-55e06b2f269b/in_use.lock acquired by nodename 13878@fv-az700-396
2022-10-28 11:28:54,939 [pool-264-thread-1] INFO  storage.RaftStorage (RaftStorageImpl.java:format(96)) - Storage directory /home/runner/work/ozone/ozone/hadoop-ozone/integration-test/target/test-dir/MiniOzoneClusterImpl-6ee34448-fbd8-4951-8ae1-d137d06ced7b/datanode-8/data/ratis/6874d656-b7b3-4fc2-8cf4-55e06b2f269b has been successfully formatted.
2022-10-28 11:28:54,939 [pool-264-thread-1] INFO  ratis.ContainerStateMachine (ContainerStateMachine.java:loadSnapshot(236)) - group-55E06B2F269B: The snapshot info is null. Setting the last applied indexto:(t:0, i:~)
2022-10-28 11:28:54,939 [pool-264-thread-1] INFO  server.RaftServerConfigKeys (ConfUtils.java:logGet(46)) - raft.server.log.use.memory = false (default)
2022-10-28 11:28:54,939 [pool-264-thread-1] INFO  server.RaftServerConfigKeys (ConfUtils.java:logGet(46)) - raft.server.log.purge.gap = 1000000 (custom)
2022-10-28 11:28:54,939 [pool-264-thread-1] INFO  server.RaftServerConfigKeys (ConfUtils.java:logGet(46)) - raft.server.log.appender.buffer.byte-limit = 33554432 (custom)
2022-10-28 11:28:54,939 [pool-264-thread-1] INFO  server.RaftServerConfigKeys (ConfUtils.java:logGet(46)) - raft.server.log.statemachine.data.read.timeout = 1000ms (default)
2022-10-28 11:28:54,939 [pool-264-thread-1] INFO  server.RaftServerConfigKeys (ConfUtils.java:logGet(46)) - raft.server.log.purge.preservation.log.num = 0 (default)
2022-10-28 11:28:54,940 [pool-264-thread-1] INFO  server.RaftServerConfigKeys (ConfUtils.java:logGet(46)) - raft.server.log.segment.size.max = 1048576 (custom)
2022-10-28 11:28:54,942 [pool-264-thread-1] INFO  server.RaftServerConfigKeys (ConfUtils.java:logGet(46)) - raft.server.log.segment.cache.num.max = 2 (custom)
2022-10-28 11:28:54,943 [pool-264-thread-1] INFO  server.RaftServerConfigKeys (ConfUtils.java:logGet(46)) - raft.server.log.segment.cache.size.max = 200MB (=209715200) (default)
2022-10-28 11:28:54,943 [pool-264-thread-1] INFO  segmented.SegmentedRaftLogWorker (SegmentedRaftLogWorker.java:<init>(191)) - new 7b6afef0-558a-4ad8-bcfc-b2255c7aee53@group-55E06B2F269B-SegmentedRaftLogWorker for RaftStorageImpl:Storage Directory /home/runner/work/ozone/ozone/hadoop-ozone/integration-test/target/test-dir/MiniOzoneClusterImpl-6ee34448-fbd8-4951-8ae1-d137d06ced7b/datanode-8/data/ratis/6874d656-b7b3-4fc2-8cf4-55e06b2f269b
2022-10-28 11:28:54,943 [pool-264-thread-1] INFO  server.RaftServerConfigKeys (ConfUtils.java:logGet(46)) - raft.server.log.queue.byte-limit = 4294967296 (custom)
2022-10-28 11:28:54,943 [pool-264-thread-1] INFO  server.RaftServerConfigKeys (ConfUtils.java:logGet(46)) - raft.server.log.queue.element-limit = 1024 (custom)
2022-10-28 11:28:54,943 [pool-264-thread-1] INFO  server.RaftServerConfigKeys (ConfUtils.java:logGet(46)) - raft.server.log.segment.size.max = 1048576 (custom)
2022-10-28 11:28:54,943 [pool-264-thread-1] INFO  server.RaftServerConfigKeys (ConfUtils.java:logGet(46)) - raft.server.log.preallocated.size = 16384 (custom)
2022-10-28 11:28:54,943 [pool-264-thread-1] INFO  server.RaftServerConfigKeys (ConfUtils.java:logGet(46)) - raft.server.log.force.sync.num = 128 (default)
2022-10-28 11:28:54,943 [pool-264-thread-1] INFO  server.RaftServerConfigKeys (ConfUtils.java:logGet(46)) - raft.server.log.statemachine.data.sync = true (default)
2022-10-28 11:28:54,943 [pool-264-thread-1] INFO  server.RaftServerConfigKeys (ConfUtils.java:logGet(46)) - raft.server.log.statemachine.data.sync.timeout = 10s (default)
2022-10-28 11:28:54,944 [pool-264-thread-1] INFO  server.RaftServerConfigKeys (ConfUtils.java:logGet(46)) - raft.server.log.statemachine.data.sync.timeout.retry = -1 (default)
2022-10-28 11:28:54,945 [pool-264-thread-1] INFO  server.RaftServerConfigKeys (ConfUtils.java:logGet(46)) - raft.server.log.write.buffer.size = 1048576 (custom)
2022-10-28 11:28:54,946 [pool-264-thread-1] INFO  server.RaftServerConfigKeys (ConfUtils.java:logGet(46)) - raft.server.log.unsafe-flush.enabled = false (default)
2022-10-28 11:28:54,946 [pool-264-thread-1] INFO  server.RaftServerConfigKeys (ConfUtils.java:logGet(46)) - raft.server.log.async-flush.enabled = false (default)
2022-10-28 11:28:54,946 [pool-264-thread-1] INFO  server.RaftServerConfigKeys (ConfUtils.java:logGet(46)) - raft.server.log.statemachine.data.caching.enabled = true (custom)
2022-10-28 11:28:54,946 [pool-264-thread-1] INFO  segmented.SegmentedRaftLogWorker (SegmentedRaftLogWorker.java:lambda$new$0(136)) - 7b6afef0-558a-4ad8-bcfc-b2255c7aee53@group-55E06B2F269B-SegmentedRaftLogWorker: flushIndex: setUnconditionally 0 -> -1
2022-10-28 11:28:54,946 [pool-264-thread-1] INFO  segmented.SegmentedRaftLogWorker (SegmentedRaftLogWorker.java:lambda$new$0(136)) - 7b6afef0-558a-4ad8-bcfc-b2255c7aee53@group-55E06B2F269B-SegmentedRaftLogWorker: safeCacheEvictIndex: setUnconditionally 0 -> -1
2022-10-28 11:28:54,946 [pool-264-thread-1] INFO  server.RaftServer$Division (RaftServerImpl.java:start(334)) - 7b6afef0-558a-4ad8-bcfc-b2255c7aee53@group-55E06B2F269B: start as a follower, conf=-1: peers:[d5dd9084-02e9-4cbc-a1b0-4846343450b9|rpc:10.1.0.114:34363|dataStream:|priority:0|startupRole:FOLLOWER, 7b6afef0-558a-4ad8-bcfc-b2255c7aee53|rpc:10.1.0.114:46219|dataStream:|priority:0|startupRole:FOLLOWER, 5d13066c-11e5-40aa-be9d-008405bad973|rpc:10.1.0.114:35651|dataStream:|priority:1|startupRole:FOLLOWER]|listeners:[], old=null
2022-10-28 11:28:54,946 [pool-264-thread-1] INFO  server.RaftServer$Division (RaftServerImpl.java:setRole(321)) - 7b6afef0-558a-4ad8-bcfc-b2255c7aee53@group-55E06B2F269B: changes role from      null to FOLLOWER at term 0 for startAsFollower
2022-10-28 11:28:54,946 [pool-264-thread-1] INFO  impl.RoleInfo (RoleInfo.java:updateAndGet(139)) - 7b6afef0-558a-4ad8-bcfc-b2255c7aee53: start 7b6afef0-558a-4ad8-bcfc-b2255c7aee53@group-55E06B2F269B-FollowerState
2022-10-28 11:28:54,949 [pool-264-thread-1] INFO  util.JmxRegister (JmxRegister.java:tryRegister(44)) - Successfully registered JMX Bean with object name Ratis:service=RaftServer,group=group-55E06B2F269B,id=7b6afef0-558a-4ad8-bcfc-b2255c7aee53
2022-10-28 11:28:54,949 [pool-264-thread-1] INFO  server.RaftServerConfigKeys (ConfUtils.java:logGet(46)) - raft.server.snapshot.auto.trigger.enabled = true (custom)
2022-10-28 11:28:54,949 [pool-264-thread-1] INFO  server.RaftServerConfigKeys (ConfUtils.java:logGet(46)) - raft.server.snapshot.auto.trigger.threshold = 10000 (custom)
2022-10-28 11:28:54,949 [pool-264-thread-1] INFO  server.RaftServerConfigKeys (ConfUtils.java:logGet(46)) - raft.server.snapshot.retention.file.num = 5 (custom)
2022-10-28 11:28:54,949 [pool-264-thread-1] INFO  server.RaftServerConfigKeys (ConfUtils.java:logGet(46)) - raft.server.log.purge.upto.snapshot.index = false (default)
2022-10-28 11:28:54,950 [7b6afef0-558a-4ad8-bcfc-b2255c7aee53@group-55E06B2F269B-FollowerState] INFO  server.RaftServerConfigKeys (ConfUtils.java:logFallback(53)) - raft.server.rpc.first-election.timeout.min = 5s (fallback to raft.server.rpc.timeout.min)
2022-10-28 11:28:54,963 [7b6afef0-558a-4ad8-bcfc-b2255c7aee53@group-55E06B2F269B-FollowerState] INFO  server.RaftServerConfigKeys (ConfUtils.java:logFallback(53)) - raft.server.rpc.first-election.timeout.max = 5200ms (fallback to raft.server.rpc.timeout.max)
2022-10-28 11:28:54,979 [grpc-default-executor-1] INFO  server.RaftServer (RaftServerProxy.java:addNew(96)) - 5d13066c-11e5-40aa-be9d-008405bad973: addNew group-55E06B2F269B:[d5dd9084-02e9-4cbc-a1b0-4846343450b9|rpc:10.1.0.114:34363|dataStream:|priority:0|startupRole:FOLLOWER, 7b6afef0-558a-4ad8-bcfc-b2255c7aee53|rpc:10.1.0.114:46219|dataStream:|priority:0|startupRole:FOLLOWER, 5d13066c-11e5-40aa-be9d-008405bad973|rpc:10.1.0.114:35651|dataStream:|priority:1|startupRole:FOLLOWER] returns group-55E06B2F269B:java.util.concurrent.CompletableFuture@175dbefc[Not completed]
2022-10-28 11:28:54,980 [pool-237-thread-1] INFO  server.RaftServer$Division (RaftServerImpl.java:<init>(195)) - 5d13066c-11e5-40aa-be9d-008405bad973: new RaftServerImpl for group-55E06B2F269B:[d5dd9084-02e9-4cbc-a1b0-4846343450b9|rpc:10.1.0.114:34363|dataStream:|priority:0|startupRole:FOLLOWER, 7b6afef0-558a-4ad8-bcfc-b2255c7aee53|rpc:10.1.0.114:46219|dataStream:|priority:0|startupRole:FOLLOWER, 5d13066c-11e5-40aa-be9d-008405bad973|rpc:10.1.0.114:35651|dataStream:|priority:1|startupRole:FOLLOWER] with ContainerStateMachine:uninitialized
2022-10-28 11:28:54,980 [pool-237-thread-1] INFO  server.RaftServerConfigKeys (ConfUtils.java:logGet(46)) - raft.server.rpc.timeout.min = 5s (custom)
2022-10-28 11:28:54,980 [pool-237-thread-1] INFO  server.RaftServerConfigKeys (ConfUtils.java:logGet(46)) - raft.server.rpc.timeout.max = 5200ms (custom)
2022-10-28 11:28:54,980 [pool-237-thread-1] INFO  server.RaftServerConfigKeys (ConfUtils.java:logGet(46)) - raft.server.rpc.sleep.time = 25ms (default)
2022-10-28 11:28:54,980 [pool-237-thread-1] INFO  server.RaftServerConfigKeys (ConfUtils.java:logGet(46)) - raft.server.rpc.slowness.timeout = 300s (custom)
2022-10-28 11:28:54,980 [pool-237-thread-1] INFO  server.RaftServerConfigKeys (ConfUtils.java:logGet(46)) - raft.server.leaderelection.leader.step-down.wait-time = 10s (default)
2022-10-28 11:28:54,980 [pool-237-thread-1] INFO  server.RaftServerConfigKeys (ConfUtils.java:logGet(46)) - raft.server.sleep.deviation.threshold = 300ms (default)
2022-10-28 11:28:54,980 [pool-237-thread-1] INFO  server.RaftServer$Division (ServerState.java:<init>(118)) - 5d13066c-11e5-40aa-be9d-008405bad973@group-55E06B2F269B: ConfigurationManager, init=-1: peers:[d5dd9084-02e9-4cbc-a1b0-4846343450b9|rpc:10.1.0.114:34363|dataStream:|priority:0|startupRole:FOLLOWER, 7b6afef0-558a-4ad8-bcfc-b2255c7aee53|rpc:10.1.0.114:46219|dataStream:|priority:0|startupRole:FOLLOWER, 5d13066c-11e5-40aa-be9d-008405bad973|rpc:10.1.0.114:35651|dataStream:|priority:1|startupRole:FOLLOWER]|listeners:[], old=null, confs=<EMPTY_MAP>
2022-10-28 11:28:54,981 [pool-237-thread-1] INFO  server.RaftServerConfigKeys (ConfUtils.java:logGet(46)) - raft.server.storage.dir = [/home/runner/work/ozone/ozone/hadoop-ozone/integration-test/target/test-dir/MiniOzoneClusterImpl-6ee34448-fbd8-4951-8ae1-d137d06ced7b/datanode-7/data/ratis] (custom)
2022-10-28 11:28:54,981 [pool-237-thread-1] INFO  server.RaftServerConfigKeys (ConfUtils.java:logGet(46)) - raft.server.log.corruption.policy = EXCEPTION (default)
2022-10-28 11:28:54,981 [pool-237-thread-1] INFO  server.RaftServerConfigKeys (ConfUtils.java:logGet(46)) - raft.server.storage.free-space.min = 0MB (=0) (default)
2022-10-28 11:28:54,981 [pool-237-thread-1] INFO  server.RaftServerConfigKeys (ConfUtils.java:logGet(46)) - raft.server.notification.no-leader.timeout = 300s (custom)
2022-10-28 11:28:54,981 [pool-237-thread-1] INFO  server.RaftServerConfigKeys (ConfUtils.java:logGet(46)) - raft.server.retrycache.expirytime = 600000ms (custom)
2022-10-28 11:28:54,981 [pool-237-thread-1] INFO  server.RaftServerConfigKeys (ConfUtils.java:logGet(46)) - raft.server.retrycache.statistics.expirytime = 100μs (default)
2022-10-28 11:28:54,984 [pool-237-thread-1] INFO  server.RaftServerConfigKeys (ConfUtils.java:logGet(46)) - raft.server.log.appender.install.snapshot.enabled = false (custom)
2022-10-28 11:28:54,984 [pool-237-thread-1] INFO  server.RaftServerConfigKeys (ConfUtils.java:logGet(46)) - raft.server.threadpool.server.cached = true (default)
2022-10-28 11:28:54,984 [pool-237-thread-1] INFO  server.RaftServerConfigKeys (ConfUtils.java:logGet(46)) - raft.server.threadpool.server.size = 0 (default)
2022-10-28 11:28:54,984 [pool-237-thread-1] INFO  server.RaftServerConfigKeys (ConfUtils.java:logGet(46)) - raft.server.threadpool.client.cached = true (default)
2022-10-28 11:28:54,984 [pool-237-thread-1] INFO  server.RaftServerConfigKeys (ConfUtils.java:logGet(46)) - raft.server.threadpool.client.size = 0 (default)
2022-10-28 11:28:54,984 [pool-237-thread-1] INFO  storage.RaftStorageDirectory (RaftStorageDirectoryImpl.java:analyzeStorage(137)) - The storage directory /home/runner/work/ozone/ozone/hadoop-ozone/integration-test/target/test-dir/MiniOzoneClusterImpl-6ee34448-fbd8-4951-8ae1-d137d06ced7b/datanode-7/data/ratis/6874d656-b7b3-4fc2-8cf4-55e06b2f269b does not exist. Creating ...
2022-10-28 11:28:54,985 [pool-237-thread-1] INFO  storage.RaftStorageDirectory (RaftStorageDirectoryImpl.java:tryLock(231)) - Lock on /home/runner/work/ozone/ozone/hadoop-ozone/integration-test/target/test-dir/MiniOzoneClusterImpl-6ee34448-fbd8-4951-8ae1-d137d06ced7b/datanode-7/data/ratis/6874d656-b7b3-4fc2-8cf4-55e06b2f269b/in_use.lock acquired by nodename 13878@fv-az700-396
2022-10-28 11:28:54,986 [pool-237-thread-1] INFO  storage.RaftStorage (RaftStorageImpl.java:format(96)) - Storage directory /home/runner/work/ozone/ozone/hadoop-ozone/integration-test/target/test-dir/MiniOzoneClusterImpl-6ee34448-fbd8-4951-8ae1-d137d06ced7b/datanode-7/data/ratis/6874d656-b7b3-4fc2-8cf4-55e06b2f269b has been successfully formatted.
2022-10-28 11:28:54,987 [pool-237-thread-1] INFO  ratis.ContainerStateMachine (ContainerStateMachine.java:loadSnapshot(236)) - group-55E06B2F269B: The snapshot info is null. Setting the last applied indexto:(t:0, i:~)
2022-10-28 11:28:54,989 [pool-237-thread-1] INFO  server.RaftServerConfigKeys (ConfUtils.java:logGet(46)) - raft.server.log.use.memory = false (default)
2022-10-28 11:28:54,989 [pool-237-thread-1] INFO  server.RaftServerConfigKeys (ConfUtils.java:logGet(46)) - raft.server.log.purge.gap = 1000000 (custom)
2022-10-28 11:28:54,989 [pool-237-thread-1] INFO  server.RaftServerConfigKeys (ConfUtils.java:logGet(46)) - raft.server.log.appender.buffer.byte-limit = 33554432 (custom)
2022-10-28 11:28:54,989 [pool-237-thread-1] INFO  server.RaftServerConfigKeys (ConfUtils.java:logGet(46)) - raft.server.log.statemachine.data.read.timeout = 1000ms (default)
2022-10-28 11:28:54,990 [pool-237-thread-1] INFO  server.RaftServerConfigKeys (ConfUtils.java:logGet(46)) - raft.server.log.purge.preservation.log.num = 0 (default)
2022-10-28 11:28:54,990 [pool-237-thread-1] INFO  server.RaftServerConfigKeys (ConfUtils.java:logGet(46)) - raft.server.log.segment.size.max = 1048576 (custom)
2022-10-28 11:28:54,990 [pool-237-thread-1] INFO  server.RaftServerConfigKeys (ConfUtils.java:logGet(46)) - raft.server.log.segment.cache.num.max = 2 (custom)
2022-10-28 11:28:54,990 [pool-237-thread-1] INFO  server.RaftServerConfigKeys (ConfUtils.java:logGet(46)) - raft.server.log.segment.cache.size.max = 200MB (=209715200) (default)
2022-10-28 11:28:54,990 [pool-237-thread-1] INFO  segmented.SegmentedRaftLogWorker (SegmentedRaftLogWorker.java:<init>(191)) - new 5d13066c-11e5-40aa-be9d-008405bad973@group-55E06B2F269B-SegmentedRaftLogWorker for RaftStorageImpl:Storage Directory /home/runner/work/ozone/ozone/hadoop-ozone/integration-test/target/test-dir/MiniOzoneClusterImpl-6ee34448-fbd8-4951-8ae1-d137d06ced7b/datanode-7/data/ratis/6874d656-b7b3-4fc2-8cf4-55e06b2f269b
2022-10-28 11:28:54,990 [pool-237-thread-1] INFO  server.RaftServerConfigKeys (ConfUtils.java:logGet(46)) - raft.server.log.queue.byte-limit = 4294967296 (custom)
2022-10-28 11:28:54,990 [pool-237-thread-1] INFO  server.RaftServerConfigKeys (ConfUtils.java:logGet(46)) - raft.server.log.queue.element-limit = 1024 (custom)
2022-10-28 11:28:54,990 [pool-237-thread-1] INFO  server.RaftServerConfigKeys (ConfUtils.java:logGet(46)) - raft.server.log.segment.size.max = 1048576 (custom)
2022-10-28 11:28:54,990 [pool-237-thread-1] INFO  server.RaftServerConfigKeys (ConfUtils.java:logGet(46)) - raft.server.log.preallocated.size = 16384 (custom)
2022-10-28 11:28:54,990 [pool-237-thread-1] INFO  server.RaftServerConfigKeys (ConfUtils.java:logGet(46)) - raft.server.log.force.sync.num = 128 (default)
2022-10-28 11:28:54,990 [pool-237-thread-1] INFO  server.RaftServerConfigKeys (ConfUtils.java:logGet(46)) - raft.server.log.statemachine.data.sync = true (default)
2022-10-28 11:28:54,990 [pool-237-thread-1] INFO  server.RaftServerConfigKeys (ConfUtils.java:logGet(46)) - raft.server.log.statemachine.data.sync.timeout = 10s (default)
2022-10-28 11:28:54,990 [pool-237-thread-1] INFO  server.RaftServerConfigKeys (ConfUtils.java:logGet(46)) - raft.server.log.statemachine.data.sync.timeout.retry = -1 (default)
2022-10-28 11:28:54,991 [pool-237-thread-1] INFO  server.RaftServerConfigKeys (ConfUtils.java:logGet(46)) - raft.server.log.write.buffer.size = 1048576 (custom)
2022-10-28 11:28:54,992 [pool-237-thread-1] INFO  server.RaftServerConfigKeys (ConfUtils.java:logGet(46)) - raft.server.log.unsafe-flush.enabled = false (default)
2022-10-28 11:28:54,992 [pool-237-thread-1] INFO  server.RaftServerConfigKeys (ConfUtils.java:logGet(46)) - raft.server.log.async-flush.enabled = false (default)
2022-10-28 11:28:54,992 [pool-237-thread-1] INFO  server.RaftServerConfigKeys (ConfUtils.java:logGet(46)) - raft.server.log.statemachine.data.caching.enabled = true (custom)
2022-10-28 11:28:54,992 [pool-237-thread-1] INFO  segmented.SegmentedRaftLogWorker (SegmentedRaftLogWorker.java:lambda$new$0(136)) - 5d13066c-11e5-40aa-be9d-008405bad973@group-55E06B2F269B-SegmentedRaftLogWorker: flushIndex: setUnconditionally 0 -> -1
2022-10-28 11:28:54,992 [pool-237-thread-1] INFO  segmented.SegmentedRaftLogWorker (SegmentedRaftLogWorker.java:lambda$new$0(136)) - 5d13066c-11e5-40aa-be9d-008405bad973@group-55E06B2F269B-SegmentedRaftLogWorker: safeCacheEvictIndex: setUnconditionally 0 -> -1
2022-10-28 11:28:54,992 [pool-237-thread-1] INFO  server.RaftServer$Division (RaftServerImpl.java:start(334)) - 5d13066c-11e5-40aa-be9d-008405bad973@group-55E06B2F269B: start as a follower, conf=-1: peers:[d5dd9084-02e9-4cbc-a1b0-4846343450b9|rpc:10.1.0.114:34363|dataStream:|priority:0|startupRole:FOLLOWER, 7b6afef0-558a-4ad8-bcfc-b2255c7aee53|rpc:10.1.0.114:46219|dataStream:|priority:0|startupRole:FOLLOWER, 5d13066c-11e5-40aa-be9d-008405bad973|rpc:10.1.0.114:35651|dataStream:|priority:1|startupRole:FOLLOWER]|listeners:[], old=null
2022-10-28 11:28:54,992 [pool-237-thread-1] INFO  server.RaftServer$Division (RaftServerImpl.java:setRole(321)) - 5d13066c-11e5-40aa-be9d-008405bad973@group-55E06B2F269B: changes role from      null to FOLLOWER at term 0 for startAsFollower
2022-10-28 11:28:54,992 [pool-237-thread-1] INFO  impl.RoleInfo (RoleInfo.java:updateAndGet(139)) - 5d13066c-11e5-40aa-be9d-008405bad973: start 5d13066c-11e5-40aa-be9d-008405bad973@group-55E06B2F269B-FollowerState
2022-10-28 11:28:54,992 [pool-237-thread-1] INFO  util.JmxRegister (JmxRegister.java:tryRegister(44)) - Successfully registered JMX Bean with object name Ratis:service=RaftServer,group=group-55E06B2F269B,id=5d13066c-11e5-40aa-be9d-008405bad973
2022-10-28 11:28:54,993 [pool-237-thread-1] INFO  server.RaftServerConfigKeys (ConfUtils.java:logGet(46)) - raft.server.snapshot.auto.trigger.enabled = true (custom)
2022-10-28 11:28:54,993 [pool-237-thread-1] INFO  server.RaftServerConfigKeys (ConfUtils.java:logGet(46)) - raft.server.snapshot.auto.trigger.threshold = 10000 (custom)
2022-10-28 11:28:54,993 [pool-237-thread-1] INFO  server.RaftServerConfigKeys (ConfUtils.java:logGet(46)) - raft.server.snapshot.retention.file.num = 5 (custom)
2022-10-28 11:28:54,993 [pool-237-thread-1] INFO  server.RaftServerConfigKeys (ConfUtils.java:logGet(46)) - raft.server.log.purge.upto.snapshot.index = false (default)
2022-10-28 11:28:54,993 [5d13066c-11e5-40aa-be9d-008405bad973@group-55E06B2F269B-FollowerState] INFO  server.RaftServerConfigKeys (ConfUtils.java:logFallback(53)) - raft.server.rpc.first-election.timeout.min = 5s (fallback to raft.server.rpc.timeout.min)
2022-10-28 11:28:54,994 [5d13066c-11e5-40aa-be9d-008405bad973@group-55E06B2F269B-FollowerState] INFO  server.RaftServerConfigKeys (ConfUtils.java:logFallback(53)) - raft.server.rpc.first-election.timeout.max = 5200ms (fallback to raft.server.rpc.timeout.max)
2022-10-28 11:28:55,000 [Command processor thread] INFO  commandhandler.CreatePipelineCommandHandler (CreatePipelineCommandHandler.java:handle(113)) - Created Pipeline RATIS THREE PipelineID=6874d656-b7b3-4fc2-8cf4-55e06b2f269b.
2022-10-28 11:28:55,000 [Command processor thread] INFO  server.RaftServer (RaftServerProxy.java:addNew(96)) - d5dd9084-02e9-4cbc-a1b0-4846343450b9: addNew group-EB7B5BA8336E:[d5dd9084-02e9-4cbc-a1b0-4846343450b9|rpc:10.1.0.114:34363|priority:1|startupRole:FOLLOWER, 7b6afef0-558a-4ad8-bcfc-b2255c7aee53|rpc:10.1.0.114:46219|priority:0|startupRole:FOLLOWER, 5d13066c-11e5-40aa-be9d-008405bad973|rpc:10.1.0.114:35651|priority:0|startupRole:FOLLOWER] returns group-EB7B5BA8336E:java.util.concurrent.CompletableFuture@5ef21480[Not completed]
2022-10-28 11:28:55,001 [pool-210-thread-1] INFO  server.RaftServer$Division (RaftServerImpl.java:<init>(195)) - d5dd9084-02e9-4cbc-a1b0-4846343450b9: new RaftServerImpl for group-EB7B5BA8336E:[d5dd9084-02e9-4cbc-a1b0-4846343450b9|rpc:10.1.0.114:34363|priority:1|startupRole:FOLLOWER, 7b6afef0-558a-4ad8-bcfc-b2255c7aee53|rpc:10.1.0.114:46219|priority:0|startupRole:FOLLOWER, 5d13066c-11e5-40aa-be9d-008405bad973|rpc:10.1.0.114:35651|priority:0|startupRole:FOLLOWER] with ContainerStateMachine:uninitialized
2022-10-28 11:28:55,001 [pool-210-thread-1] INFO  server.RaftServerConfigKeys (ConfUtils.java:logGet(46)) - raft.server.rpc.timeout.min = 5s (custom)
2022-10-28 11:28:55,001 [pool-210-thread-1] INFO  server.RaftServerConfigKeys (ConfUtils.java:logGet(46)) - raft.server.rpc.timeout.max = 5200ms (custom)
2022-10-28 11:28:55,001 [pool-210-thread-1] INFO  server.RaftServerConfigKeys (ConfUtils.java:logGet(46)) - raft.server.rpc.sleep.time = 25ms (default)
2022-10-28 11:28:55,001 [pool-210-thread-1] INFO  server.RaftServerConfigKeys (ConfUtils.java:logGet(46)) - raft.server.rpc.slowness.timeout = 300s (custom)
2022-10-28 11:28:55,001 [pool-210-thread-1] INFO  server.RaftServerConfigKeys (ConfUtils.java:logGet(46)) - raft.server.leaderelection.leader.step-down.wait-time = 10s (default)
2022-10-28 11:28:55,001 [pool-210-thread-1] INFO  server.RaftServerConfigKeys (ConfUtils.java:logGet(46)) - raft.server.sleep.deviation.threshold = 300ms (default)
2022-10-28 11:28:55,001 [pool-210-thread-1] INFO  server.RaftServer$Division (ServerState.java:<init>(118)) - d5dd9084-02e9-4cbc-a1b0-4846343450b9@group-EB7B5BA8336E: ConfigurationManager, init=-1: peers:[d5dd9084-02e9-4cbc-a1b0-4846343450b9|rpc:10.1.0.114:34363|priority:1|startupRole:FOLLOWER, 7b6afef0-558a-4ad8-bcfc-b2255c7aee53|rpc:10.1.0.114:46219|priority:0|startupRole:FOLLOWER, 5d13066c-11e5-40aa-be9d-008405bad973|rpc:10.1.0.114:35651|priority:0|startupRole:FOLLOWER]|listeners:[], old=null, confs=<EMPTY_MAP>
2022-10-28 11:28:55,002 [pool-210-thread-1] INFO  server.RaftServerConfigKeys (ConfUtils.java:logGet(46)) - raft.server.storage.dir = [/home/runner/work/ozone/ozone/hadoop-ozone/integration-test/target/test-dir/MiniOzoneClusterImpl-6ee34448-fbd8-4951-8ae1-d137d06ced7b/datanode-6/data/ratis] (custom)
2022-10-28 11:28:55,002 [pool-210-thread-1] INFO  server.RaftServerConfigKeys (ConfUtils.java:logGet(46)) - raft.server.log.corruption.policy = EXCEPTION (default)
2022-10-28 11:28:55,002 [pool-210-thread-1] INFO  server.RaftServerConfigKeys (ConfUtils.java:logGet(46)) - raft.server.storage.free-space.min = 0MB (=0) (default)
2022-10-28 11:28:55,002 [pool-210-thread-1] INFO  server.RaftServerConfigKeys (ConfUtils.java:logGet(46)) - raft.server.notification.no-leader.timeout = 300s (custom)
2022-10-28 11:28:55,002 [pool-210-thread-1] INFO  server.RaftServerConfigKeys (ConfUtils.java:logGet(46)) - raft.server.retrycache.expirytime = 600000ms (custom)
2022-10-28 11:28:55,002 [pool-210-thread-1] INFO  server.RaftServerConfigKeys (ConfUtils.java:logGet(46)) - raft.server.retrycache.statistics.expirytime = 100μs (default)
2022-10-28 11:28:55,003 [pool-210-thread-1] INFO  server.RaftServerConfigKeys (ConfUtils.java:logGet(46)) - raft.server.log.appender.install.snapshot.enabled = false (custom)
2022-10-28 11:28:55,003 [pool-210-thread-1] INFO  server.RaftServerConfigKeys (ConfUtils.java:logGet(46)) - raft.server.threadpool.server.cached = true (default)
2022-10-28 11:28:55,003 [pool-210-thread-1] INFO  server.RaftServerConfigKeys (ConfUtils.java:logGet(46)) - raft.server.threadpool.server.size = 0 (default)
2022-10-28 11:28:55,003 [pool-210-thread-1] INFO  server.RaftServerConfigKeys (ConfUtils.java:logGet(46)) - raft.server.threadpool.client.cached = true (default)
2022-10-28 11:28:55,003 [pool-210-thread-1] INFO  server.RaftServerConfigKeys (ConfUtils.java:logGet(46)) - raft.server.threadpool.client.size = 0 (default)
2022-10-28 11:28:55,003 [pool-210-thread-1] INFO  storage.RaftStorageDirectory (RaftStorageDirectoryImpl.java:analyzeStorage(137)) - The storage directory /home/runner/work/ozone/ozone/hadoop-ozone/integration-test/target/test-dir/MiniOzoneClusterImpl-6ee34448-fbd8-4951-8ae1-d137d06ced7b/datanode-6/data/ratis/c4ab908c-09aa-415d-9044-eb7b5ba8336e does not exist. Creating ...
2022-10-28 11:28:55,004 [pool-210-thread-1] INFO  storage.RaftStorageDirectory (RaftStorageDirectoryImpl.java:tryLock(231)) - Lock on /home/runner/work/ozone/ozone/hadoop-ozone/integration-test/target/test-dir/MiniOzoneClusterImpl-6ee34448-fbd8-4951-8ae1-d137d06ced7b/datanode-6/data/ratis/c4ab908c-09aa-415d-9044-eb7b5ba8336e/in_use.lock acquired by nodename 13878@fv-az700-396
2022-10-28 11:28:55,005 [pool-210-thread-1] INFO  storage.RaftStorage (RaftStorageImpl.java:format(96)) - Storage directory /home/runner/work/ozone/ozone/hadoop-ozone/integration-test/target/test-dir/MiniOzoneClusterImpl-6ee34448-fbd8-4951-8ae1-d137d06ced7b/datanode-6/data/ratis/c4ab908c-09aa-415d-9044-eb7b5ba8336e has been successfully formatted.
2022-10-28 11:28:55,005 [pool-210-thread-1] INFO  ratis.ContainerStateMachine (ContainerStateMachine.java:loadSnapshot(236)) - group-EB7B5BA8336E: The snapshot info is null. Setting the last applied indexto:(t:0, i:~)
2022-10-28 11:28:55,005 [pool-210-thread-1] INFO  server.RaftServerConfigKeys (ConfUtils.java:logGet(46)) - raft.server.log.use.memory = false (default)
2022-10-28 11:28:55,005 [pool-210-thread-1] INFO  server.RaftServerConfigKeys (ConfUtils.java:logGet(46)) - raft.server.log.purge.gap = 1000000 (custom)
2022-10-28 11:28:55,005 [pool-210-thread-1] INFO  server.RaftServerConfigKeys (ConfUtils.java:logGet(46)) - raft.server.log.appender.buffer.byte-limit = 33554432 (custom)
2022-10-28 11:28:55,005 [pool-210-thread-1] INFO  server.RaftServerConfigKeys (ConfUtils.java:logGet(46)) - raft.server.log.statemachine.data.read.timeout = 1000ms (default)
2022-10-28 11:28:55,005 [pool-210-thread-1] INFO  server.RaftServerConfigKeys (ConfUtils.java:logGet(46)) - raft.server.log.purge.preservation.log.num = 0 (default)
2022-10-28 11:28:55,005 [pool-210-thread-1] INFO  server.RaftServerConfigKeys (ConfUtils.java:logGet(46)) - raft.server.log.segment.size.max = 1048576 (custom)
2022-10-28 11:28:55,006 [EventQueue-OpenPipelineForHealthyPipelineSafeModeRule] INFO  safemode.SCMSafeModeManager (HealthyPipelineSafeModeRule.java:process(137)) - SCM in safe mode. Healthy pipelines reported count is 0, required healthy pipeline reported count is 1
2022-10-28 11:28:55,007 [pool-210-thread-1] INFO  server.RaftServerConfigKeys (ConfUtils.java:logGet(46)) - raft.server.log.segment.cache.num.max = 2 (custom)
2022-10-28 11:28:55,007 [pool-210-thread-1] INFO  server.RaftServerConfigKeys (ConfUtils.java:logGet(46)) - raft.server.log.segment.cache.size.max = 200MB (=209715200) (default)
2022-10-28 11:28:55,007 [pool-210-thread-1] INFO  segmented.SegmentedRaftLogWorker (SegmentedRaftLogWorker.java:<init>(191)) - new d5dd9084-02e9-4cbc-a1b0-4846343450b9@group-EB7B5BA8336E-SegmentedRaftLogWorker for RaftStorageImpl:Storage Directory /home/runner/work/ozone/ozone/hadoop-ozone/integration-test/target/test-dir/MiniOzoneClusterImpl-6ee34448-fbd8-4951-8ae1-d137d06ced7b/datanode-6/data/ratis/c4ab908c-09aa-415d-9044-eb7b5ba8336e
2022-10-28 11:28:55,007 [pool-210-thread-1] INFO  server.RaftServerConfigKeys (ConfUtils.java:logGet(46)) - raft.server.log.queue.byte-limit = 4294967296 (custom)
2022-10-28 11:28:55,007 [pool-210-thread-1] INFO  server.RaftServerConfigKeys (ConfUtils.java:logGet(46)) - raft.server.log.queue.element-limit = 1024 (custom)
2022-10-28 11:28:55,007 [pool-210-thread-1] INFO  server.RaftServerConfigKeys (ConfUtils.java:logGet(46)) - raft.server.log.segment.size.max = 1048576 (custom)
2022-10-28 11:28:55,007 [pool-210-thread-1] INFO  server.RaftServerConfigKeys (ConfUtils.java:logGet(46)) - raft.server.log.preallocated.size = 16384 (custom)
2022-10-28 11:28:55,007 [pool-210-thread-1] INFO  server.RaftServerConfigKeys (ConfUtils.java:logGet(46)) - raft.server.log.force.sync.num = 128 (default)
2022-10-28 11:28:55,007 [pool-210-thread-1] INFO  server.RaftServerConfigKeys (ConfUtils.java:logGet(46)) - raft.server.log.statemachine.data.sync = true (default)
2022-10-28 11:28:55,007 [pool-210-thread-1] INFO  server.RaftServerConfigKeys (ConfUtils.java:logGet(46)) - raft.server.log.statemachine.data.sync.timeout = 10s (default)
2022-10-28 11:28:55,007 [pool-210-thread-1] INFO  server.RaftServerConfigKeys (ConfUtils.java:logGet(46)) - raft.server.log.statemachine.data.sync.timeout.retry = -1 (default)
2022-10-28 11:28:55,008 [pool-210-thread-1] INFO  server.RaftServerConfigKeys (ConfUtils.java:logGet(46)) - raft.server.log.write.buffer.size = 1048576 (custom)
2022-10-28 11:28:55,009 [pool-210-thread-1] INFO  server.RaftServerConfigKeys (ConfUtils.java:logGet(46)) - raft.server.log.unsafe-flush.enabled = false (default)
2022-10-28 11:28:55,009 [pool-210-thread-1] INFO  server.RaftServerConfigKeys (ConfUtils.java:logGet(46)) - raft.server.log.async-flush.enabled = false (default)
2022-10-28 11:28:55,009 [pool-210-thread-1] INFO  server.RaftServerConfigKeys (ConfUtils.java:logGet(46)) - raft.server.log.statemachine.data.caching.enabled = true (custom)
2022-10-28 11:28:55,009 [pool-210-thread-1] INFO  segmented.SegmentedRaftLogWorker (SegmentedRaftLogWorker.java:lambda$new$0(136)) - d5dd9084-02e9-4cbc-a1b0-4846343450b9@group-EB7B5BA8336E-SegmentedRaftLogWorker: flushIndex: setUnconditionally 0 -> -1
2022-10-28 11:28:55,009 [pool-210-thread-1] INFO  segmented.SegmentedRaftLogWorker (SegmentedRaftLogWorker.java:lambda$new$0(136)) - d5dd9084-02e9-4cbc-a1b0-4846343450b9@group-EB7B5BA8336E-SegmentedRaftLogWorker: safeCacheEvictIndex: setUnconditionally 0 -> -1
2022-10-28 11:28:55,012 [pool-210-thread-1] INFO  server.RaftServer$Division (RaftServerImpl.java:start(334)) - d5dd9084-02e9-4cbc-a1b0-4846343450b9@group-EB7B5BA8336E: start as a follower, conf=-1: peers:[d5dd9084-02e9-4cbc-a1b0-4846343450b9|rpc:10.1.0.114:34363|priority:1|startupRole:FOLLOWER, 7b6afef0-558a-4ad8-bcfc-b2255c7aee53|rpc:10.1.0.114:46219|priority:0|startupRole:FOLLOWER, 5d13066c-11e5-40aa-be9d-008405bad973|rpc:10.1.0.114:35651|priority:0|startupRole:FOLLOWER]|listeners:[], old=null
2022-10-28 11:28:55,012 [pool-210-thread-1] INFO  server.RaftServer$Division (RaftServerImpl.java:setRole(321)) - d5dd9084-02e9-4cbc-a1b0-4846343450b9@group-EB7B5BA8336E: changes role from      null to FOLLOWER at term 0 for startAsFollower
2022-10-28 11:28:55,012 [pool-210-thread-1] INFO  impl.RoleInfo (RoleInfo.java:updateAndGet(139)) - d5dd9084-02e9-4cbc-a1b0-4846343450b9: start d5dd9084-02e9-4cbc-a1b0-4846343450b9@group-EB7B5BA8336E-FollowerState
2022-10-28 11:28:55,012 [pool-210-thread-1] INFO  util.JmxRegister (JmxRegister.java:tryRegister(44)) - Successfully registered JMX Bean with object name Ratis:service=RaftServer,group=group-EB7B5BA8336E,id=d5dd9084-02e9-4cbc-a1b0-4846343450b9
2022-10-28 11:28:55,012 [d5dd9084-02e9-4cbc-a1b0-4846343450b9@group-EB7B5BA8336E-FollowerState] INFO  server.RaftServerConfigKeys (ConfUtils.java:logFallback(53)) - raft.server.rpc.first-election.timeout.min = 5s (fallback to raft.server.rpc.timeout.min)
2022-10-28 11:28:55,012 [pool-210-thread-1] INFO  server.RaftServerConfigKeys (ConfUtils.java:logGet(46)) - raft.server.snapshot.auto.trigger.enabled = true (custom)
2022-10-28 11:28:55,013 [d5dd9084-02e9-4cbc-a1b0-4846343450b9@group-EB7B5BA8336E-FollowerState] INFO  server.RaftServerConfigKeys (ConfUtils.java:logFallback(53)) - raft.server.rpc.first-election.timeout.max = 5200ms (fallback to raft.server.rpc.timeout.max)
2022-10-28 11:28:55,013 [pool-210-thread-1] INFO  server.RaftServerConfigKeys (ConfUtils.java:logGet(46)) - raft.server.snapshot.auto.trigger.threshold = 10000 (custom)
2022-10-28 11:28:55,013 [pool-210-thread-1] INFO  server.RaftServerConfigKeys (ConfUtils.java:logGet(46)) - raft.server.snapshot.retention.file.num = 5 (custom)
2022-10-28 11:28:55,013 [pool-210-thread-1] INFO  server.RaftServerConfigKeys (ConfUtils.java:logGet(46)) - raft.server.log.purge.upto.snapshot.index = false (default)
2022-10-28 11:28:55,013 [Command processor thread] INFO  ratis.XceiverServerRatis (XceiverServerRatis.java:addGroup(765)) - Created group PipelineID=c4ab908c-09aa-415d-9044-eb7b5ba8336e
2022-10-28 11:28:55,022 [grpc-default-executor-1] INFO  server.RaftServer (RaftServerProxy.java:addNew(96)) - 7b6afef0-558a-4ad8-bcfc-b2255c7aee53: addNew group-EB7B5BA8336E:[d5dd9084-02e9-4cbc-a1b0-4846343450b9|rpc:10.1.0.114:34363|dataStream:|priority:1|startupRole:FOLLOWER, 7b6afef0-558a-4ad8-bcfc-b2255c7aee53|rpc:10.1.0.114:46219|dataStream:|priority:0|startupRole:FOLLOWER, 5d13066c-11e5-40aa-be9d-008405bad973|rpc:10.1.0.114:35651|dataStream:|priority:0|startupRole:FOLLOWER] returns group-EB7B5BA8336E:java.util.concurrent.CompletableFuture@1f08db11[Not completed]
2022-10-28 11:28:55,022 [pool-264-thread-1] INFO  server.RaftServer$Division (RaftServerImpl.java:<init>(195)) - 7b6afef0-558a-4ad8-bcfc-b2255c7aee53: new RaftServerImpl for group-EB7B5BA8336E:[d5dd9084-02e9-4cbc-a1b0-4846343450b9|rpc:10.1.0.114:34363|dataStream:|priority:1|startupRole:FOLLOWER, 7b6afef0-558a-4ad8-bcfc-b2255c7aee53|rpc:10.1.0.114:46219|dataStream:|priority:0|startupRole:FOLLOWER, 5d13066c-11e5-40aa-be9d-008405bad973|rpc:10.1.0.114:35651|dataStream:|priority:0|startupRole:FOLLOWER] with ContainerStateMachine:uninitialized
2022-10-28 11:28:55,023 [pool-264-thread-1] INFO  server.RaftServerConfigKeys (ConfUtils.java:logGet(46)) - raft.server.rpc.timeout.min = 5s (custom)
2022-10-28 11:28:55,023 [pool-264-thread-1] INFO  server.RaftServerConfigKeys (ConfUtils.java:logGet(46)) - raft.server.rpc.timeout.max = 5200ms (custom)
2022-10-28 11:28:55,023 [pool-264-thread-1] INFO  server.RaftServerConfigKeys (ConfUtils.java:logGet(46)) - raft.server.rpc.sleep.time = 25ms (default)
2022-10-28 11:28:55,023 [pool-264-thread-1] INFO  server.RaftServerConfigKeys (ConfUtils.java:logGet(46)) - raft.server.rpc.slowness.timeout = 300s (custom)
2022-10-28 11:28:55,023 [pool-264-thread-1] INFO  server.RaftServerConfigKeys (ConfUtils.java:logGet(46)) - raft.server.leaderelection.leader.step-down.wait-time = 10s (default)
2022-10-28 11:28:55,023 [pool-264-thread-1] INFO  server.RaftServerConfigKeys (ConfUtils.java:logGet(46)) - raft.server.sleep.deviation.threshold = 300ms (default)
2022-10-28 11:28:55,023 [pool-264-thread-1] INFO  server.RaftServer$Division (ServerState.java:<init>(118)) - 7b6afef0-558a-4ad8-bcfc-b2255c7aee53@group-EB7B5BA8336E: ConfigurationManager, init=-1: peers:[d5dd9084-02e9-4cbc-a1b0-4846343450b9|rpc:10.1.0.114:34363|dataStream:|priority:1|startupRole:FOLLOWER, 7b6afef0-558a-4ad8-bcfc-b2255c7aee53|rpc:10.1.0.114:46219|dataStream:|priority:0|startupRole:FOLLOWER, 5d13066c-11e5-40aa-be9d-008405bad973|rpc:10.1.0.114:35651|dataStream:|priority:0|startupRole:FOLLOWER]|listeners:[], old=null, confs=<EMPTY_MAP>
2022-10-28 11:28:55,023 [pool-264-thread-1] INFO  server.RaftServerConfigKeys (ConfUtils.java:logGet(46)) - raft.server.storage.dir = [/home/runner/work/ozone/ozone/hadoop-ozone/integration-test/target/test-dir/MiniOzoneClusterImpl-6ee34448-fbd8-4951-8ae1-d137d06ced7b/datanode-8/data/ratis] (custom)
2022-10-28 11:28:55,023 [pool-264-thread-1] INFO  server.RaftServerConfigKeys (ConfUtils.java:logGet(46)) - raft.server.log.corruption.policy = EXCEPTION (default)
2022-10-28 11:28:55,023 [pool-264-thread-1] INFO  server.RaftServerConfigKeys (ConfUtils.java:logGet(46)) - raft.server.storage.free-space.min = 0MB (=0) (default)
2022-10-28 11:28:55,023 [pool-264-thread-1] INFO  server.RaftServerConfigKeys (ConfUtils.java:logGet(46)) - raft.server.notification.no-leader.timeout = 300s (custom)
2022-10-28 11:28:55,023 [pool-264-thread-1] INFO  server.RaftServerConfigKeys (ConfUtils.java:logGet(46)) - raft.server.retrycache.expirytime = 600000ms (custom)
2022-10-28 11:28:55,023 [pool-264-thread-1] INFO  server.RaftServerConfigKeys (ConfUtils.java:logGet(46)) - raft.server.retrycache.statistics.expirytime = 100μs (default)
2022-10-28 11:28:55,024 [pool-264-thread-1] INFO  server.RaftServerConfigKeys (ConfUtils.java:logGet(46)) - raft.server.log.appender.install.snapshot.enabled = false (custom)
2022-10-28 11:28:55,024 [pool-264-thread-1] INFO  server.RaftServerConfigKeys (ConfUtils.java:logGet(46)) - raft.server.threadpool.server.cached = true (default)
2022-10-28 11:28:55,024 [pool-264-thread-1] INFO  server.RaftServerConfigKeys (ConfUtils.java:logGet(46)) - raft.server.threadpool.server.size = 0 (default)
2022-10-28 11:28:55,024 [pool-264-thread-1] INFO  server.RaftServerConfigKeys (ConfUtils.java:logGet(46)) - raft.server.threadpool.client.cached = true (default)
2022-10-28 11:28:55,024 [pool-264-thread-1] INFO  server.RaftServerConfigKeys (ConfUtils.java:logGet(46)) - raft.server.threadpool.client.size = 0 (default)
2022-10-28 11:28:55,024 [pool-264-thread-1] INFO  storage.RaftStorageDirectory (RaftStorageDirectoryImpl.java:analyzeStorage(137)) - The storage directory /home/runner/work/ozone/ozone/hadoop-ozone/integration-test/target/test-dir/MiniOzoneClusterImpl-6ee34448-fbd8-4951-8ae1-d137d06ced7b/datanode-8/data/ratis/c4ab908c-09aa-415d-9044-eb7b5ba8336e does not exist. Creating ...
2022-10-28 11:28:55,025 [pool-264-thread-1] INFO  storage.RaftStorageDirectory (RaftStorageDirectoryImpl.java:tryLock(231)) - Lock on /home/runner/work/ozone/ozone/hadoop-ozone/integration-test/target/test-dir/MiniOzoneClusterImpl-6ee34448-fbd8-4951-8ae1-d137d06ced7b/datanode-8/data/ratis/c4ab908c-09aa-415d-9044-eb7b5ba8336e/in_use.lock acquired by nodename 13878@fv-az700-396
2022-10-28 11:28:55,026 [pool-264-thread-1] INFO  storage.RaftStorage (RaftStorageImpl.java:format(96)) - Storage directory /home/runner/work/ozone/ozone/hadoop-ozone/integration-test/target/test-dir/MiniOzoneClusterImpl-6ee34448-fbd8-4951-8ae1-d137d06ced7b/datanode-8/data/ratis/c4ab908c-09aa-415d-9044-eb7b5ba8336e has been successfully formatted.
2022-10-28 11:28:55,028 [pool-264-thread-1] INFO  ratis.ContainerStateMachine (ContainerStateMachine.java:loadSnapshot(236)) - group-EB7B5BA8336E: The snapshot info is null. Setting the last applied indexto:(t:0, i:~)
2022-10-28 11:28:55,028 [pool-264-thread-1] INFO  server.RaftServerConfigKeys (ConfUtils.java:logGet(46)) - raft.server.log.use.memory = false (default)
2022-10-28 11:28:55,028 [pool-264-thread-1] INFO  server.RaftServerConfigKeys (ConfUtils.java:logGet(46)) - raft.server.log.purge.gap = 1000000 (custom)
2022-10-28 11:28:55,028 [pool-264-thread-1] INFO  server.RaftServerConfigKeys (ConfUtils.java:logGet(46)) - raft.server.log.appender.buffer.byte-limit = 33554432 (custom)
2022-10-28 11:28:55,028 [pool-264-thread-1] INFO  server.RaftServerConfigKeys (ConfUtils.java:logGet(46)) - raft.server.log.statemachine.data.read.timeout = 1000ms (default)
2022-10-28 11:28:55,028 [pool-264-thread-1] INFO  server.RaftServerConfigKeys (ConfUtils.java:logGet(46)) - raft.server.log.purge.preservation.log.num = 0 (default)
2022-10-28 11:28:55,028 [pool-264-thread-1] INFO  server.RaftServerConfigKeys (ConfUtils.java:logGet(46)) - raft.server.log.segment.size.max = 1048576 (custom)
2022-10-28 11:28:55,028 [pool-264-thread-1] INFO  server.RaftServerConfigKeys (ConfUtils.java:logGet(46)) - raft.server.log.segment.cache.num.max = 2 (custom)
2022-10-28 11:28:55,028 [pool-264-thread-1] INFO  server.RaftServerConfigKeys (ConfUtils.java:logGet(46)) - raft.server.log.segment.cache.size.max = 200MB (=209715200) (default)
2022-10-28 11:28:55,028 [pool-264-thread-1] INFO  segmented.SegmentedRaftLogWorker (SegmentedRaftLogWorker.java:<init>(191)) - new 7b6afef0-558a-4ad8-bcfc-b2255c7aee53@group-EB7B5BA8336E-SegmentedRaftLogWorker for RaftStorageImpl:Storage Directory /home/runner/work/ozone/ozone/hadoop-ozone/integration-test/target/test-dir/MiniOzoneClusterImpl-6ee34448-fbd8-4951-8ae1-d137d06ced7b/datanode-8/data/ratis/c4ab908c-09aa-415d-9044-eb7b5ba8336e
2022-10-28 11:28:55,029 [pool-264-thread-1] INFO  server.RaftServerConfigKeys (ConfUtils.java:logGet(46)) - raft.server.log.queue.byte-limit = 4294967296 (custom)
2022-10-28 11:28:55,029 [pool-264-thread-1] INFO  server.RaftServerConfigKeys (ConfUtils.java:logGet(46)) - raft.server.log.queue.element-limit = 1024 (custom)
2022-10-28 11:28:55,029 [pool-264-thread-1] INFO  server.RaftServerConfigKeys (ConfUtils.java:logGet(46)) - raft.server.log.segment.size.max = 1048576 (custom)
2022-10-28 11:28:55,029 [pool-264-thread-1] INFO  server.RaftServerConfigKeys (ConfUtils.java:logGet(46)) - raft.server.log.preallocated.size = 16384 (custom)
2022-10-28 11:28:55,029 [pool-264-thread-1] INFO  server.RaftServerConfigKeys (ConfUtils.java:logGet(46)) - raft.server.log.force.sync.num = 128 (default)
2022-10-28 11:28:55,029 [pool-264-thread-1] INFO  server.RaftServerConfigKeys (ConfUtils.java:logGet(46)) - raft.server.log.statemachine.data.sync = true (default)
2022-10-28 11:28:55,029 [pool-264-thread-1] INFO  server.RaftServerConfigKeys (ConfUtils.java:logGet(46)) - raft.server.log.statemachine.data.sync.timeout = 10s (default)
2022-10-28 11:28:55,029 [pool-264-thread-1] INFO  server.RaftServerConfigKeys (ConfUtils.java:logGet(46)) - raft.server.log.statemachine.data.sync.timeout.retry = -1 (default)
2022-10-28 11:28:55,029 [pool-264-thread-1] INFO  server.RaftServerConfigKeys (ConfUtils.java:logGet(46)) - raft.server.log.write.buffer.size = 1048576 (custom)
2022-10-28 11:28:55,030 [pool-264-thread-1] INFO  server.RaftServerConfigKeys (ConfUtils.java:logGet(46)) - raft.server.log.unsafe-flush.enabled = false (default)
2022-10-28 11:28:55,030 [pool-264-thread-1] INFO  server.RaftServerConfigKeys (ConfUtils.java:logGet(46)) - raft.server.log.async-flush.enabled = false (default)
2022-10-28 11:28:55,030 [pool-264-thread-1] INFO  server.RaftServerConfigKeys (ConfUtils.java:logGet(46)) - raft.server.log.statemachine.data.caching.enabled = true (custom)
2022-10-28 11:28:55,030 [pool-264-thread-1] INFO  segmented.SegmentedRaftLogWorker (SegmentedRaftLogWorker.java:lambda$new$0(136)) - 7b6afef0-558a-4ad8-bcfc-b2255c7aee53@group-EB7B5BA8336E-SegmentedRaftLogWorker: flushIndex: setUnconditionally 0 -> -1
2022-10-28 11:28:55,030 [pool-264-thread-1] INFO  segmented.SegmentedRaftLogWorker (SegmentedRaftLogWorker.java:lambda$new$0(136)) - 7b6afef0-558a-4ad8-bcfc-b2255c7aee53@group-EB7B5BA8336E-SegmentedRaftLogWorker: safeCacheEvictIndex: setUnconditionally 0 -> -1
2022-10-28 11:28:55,033 [pool-264-thread-1] INFO  server.RaftServer$Division (RaftServerImpl.java:start(334)) - 7b6afef0-558a-4ad8-bcfc-b2255c7aee53@group-EB7B5BA8336E: start as a follower, conf=-1: peers:[d5dd9084-02e9-4cbc-a1b0-4846343450b9|rpc:10.1.0.114:34363|dataStream:|priority:1|startupRole:FOLLOWER, 7b6afef0-558a-4ad8-bcfc-b2255c7aee53|rpc:10.1.0.114:46219|dataStream:|priority:0|startupRole:FOLLOWER, 5d13066c-11e5-40aa-be9d-008405bad973|rpc:10.1.0.114:35651|dataStream:|priority:0|startupRole:FOLLOWER]|listeners:[], old=null
2022-10-28 11:28:55,033 [pool-264-thread-1] INFO  server.RaftServer$Division (RaftServerImpl.java:setRole(321)) - 7b6afef0-558a-4ad8-bcfc-b2255c7aee53@group-EB7B5BA8336E: changes role from      null to FOLLOWER at term 0 for startAsFollower
2022-10-28 11:28:55,033 [pool-264-thread-1] INFO  impl.RoleInfo (RoleInfo.java:updateAndGet(139)) - 7b6afef0-558a-4ad8-bcfc-b2255c7aee53: start 7b6afef0-558a-4ad8-bcfc-b2255c7aee53@group-EB7B5BA8336E-FollowerState
2022-10-28 11:28:55,037 [pool-264-thread-1] INFO  util.JmxRegister (JmxRegister.java:tryRegister(44)) - Successfully registered JMX Bean with object name Ratis:service=RaftServer,group=group-EB7B5BA8336E,id=7b6afef0-558a-4ad8-bcfc-b2255c7aee53
2022-10-28 11:28:55,037 [pool-264-thread-1] INFO  server.RaftServerConfigKeys (ConfUtils.java:logGet(46)) - raft.server.snapshot.auto.trigger.enabled = true (custom)
2022-10-28 11:28:55,037 [pool-264-thread-1] INFO  server.RaftServerConfigKeys (ConfUtils.java:logGet(46)) - raft.server.snapshot.auto.trigger.threshold = 10000 (custom)
2022-10-28 11:28:55,037 [pool-264-thread-1] INFO  server.RaftServerConfigKeys (ConfUtils.java:logGet(46)) - raft.server.snapshot.retention.file.num = 5 (custom)
2022-10-28 11:28:55,037 [pool-264-thread-1] INFO  server.RaftServerConfigKeys (ConfUtils.java:logGet(46)) - raft.server.log.purge.upto.snapshot.index = false (default)
2022-10-28 11:28:55,038 [7b6afef0-558a-4ad8-bcfc-b2255c7aee53@group-EB7B5BA8336E-FollowerState] INFO  server.RaftServerConfigKeys (ConfUtils.java:logFallback(53)) - raft.server.rpc.first-election.timeout.min = 5s (fallback to raft.server.rpc.timeout.min)
2022-10-28 11:28:55,042 [7b6afef0-558a-4ad8-bcfc-b2255c7aee53@group-EB7B5BA8336E-FollowerState] INFO  server.RaftServerConfigKeys (ConfUtils.java:logFallback(53)) - raft.server.rpc.first-election.timeout.max = 5200ms (fallback to raft.server.rpc.timeout.max)
2022-10-28 11:28:55,057 [grpc-default-executor-1] INFO  server.RaftServer (RaftServerProxy.java:addNew(96)) - 5d13066c-11e5-40aa-be9d-008405bad973: addNew group-EB7B5BA8336E:[d5dd9084-02e9-4cbc-a1b0-4846343450b9|rpc:10.1.0.114:34363|dataStream:|priority:1|startupRole:FOLLOWER, 7b6afef0-558a-4ad8-bcfc-b2255c7aee53|rpc:10.1.0.114:46219|dataStream:|priority:0|startupRole:FOLLOWER, 5d13066c-11e5-40aa-be9d-008405bad973|rpc:10.1.0.114:35651|dataStream:|priority:0|startupRole:FOLLOWER] returns group-EB7B5BA8336E:java.util.concurrent.CompletableFuture@5b4bf2df[Not completed]
2022-10-28 11:28:55,058 [pool-237-thread-1] INFO  server.RaftServer$Division (RaftServerImpl.java:<init>(195)) - 5d13066c-11e5-40aa-be9d-008405bad973: new RaftServerImpl for group-EB7B5BA8336E:[d5dd9084-02e9-4cbc-a1b0-4846343450b9|rpc:10.1.0.114:34363|dataStream:|priority:1|startupRole:FOLLOWER, 7b6afef0-558a-4ad8-bcfc-b2255c7aee53|rpc:10.1.0.114:46219|dataStream:|priority:0|startupRole:FOLLOWER, 5d13066c-11e5-40aa-be9d-008405bad973|rpc:10.1.0.114:35651|dataStream:|priority:0|startupRole:FOLLOWER] with ContainerStateMachine:uninitialized
2022-10-28 11:28:55,058 [pool-237-thread-1] INFO  server.RaftServerConfigKeys (ConfUtils.java:logGet(46)) - raft.server.rpc.timeout.min = 5s (custom)
2022-10-28 11:28:55,058 [pool-237-thread-1] INFO  server.RaftServerConfigKeys (ConfUtils.java:logGet(46)) - raft.server.rpc.timeout.max = 5200ms (custom)
2022-10-28 11:28:55,058 [pool-237-thread-1] INFO  server.RaftServerConfigKeys (ConfUtils.java:logGet(46)) - raft.server.rpc.sleep.time = 25ms (default)
2022-10-28 11:28:55,059 [pool-237-thread-1] INFO  server.RaftServerConfigKeys (ConfUtils.java:logGet(46)) - raft.server.rpc.slowness.timeout = 300s (custom)
2022-10-28 11:28:55,059 [pool-237-thread-1] INFO  server.RaftServerConfigKeys (ConfUtils.java:logGet(46)) - raft.server.leaderelection.leader.step-down.wait-time = 10s (default)
2022-10-28 11:28:55,059 [pool-237-thread-1] INFO  server.RaftServerConfigKeys (ConfUtils.java:logGet(46)) - raft.server.sleep.deviation.threshold = 300ms (default)
2022-10-28 11:28:55,059 [pool-237-thread-1] INFO  server.RaftServer$Division (ServerState.java:<init>(118)) - 5d13066c-11e5-40aa-be9d-008405bad973@group-EB7B5BA8336E: ConfigurationManager, init=-1: peers:[d5dd9084-02e9-4cbc-a1b0-4846343450b9|rpc:10.1.0.114:34363|dataStream:|priority:1|startupRole:FOLLOWER, 7b6afef0-558a-4ad8-bcfc-b2255c7aee53|rpc:10.1.0.114:46219|dataStream:|priority:0|startupRole:FOLLOWER, 5d13066c-11e5-40aa-be9d-008405bad973|rpc:10.1.0.114:35651|dataStream:|priority:0|startupRole:FOLLOWER]|listeners:[], old=null, confs=<EMPTY_MAP>
2022-10-28 11:28:55,059 [pool-237-thread-1] INFO  server.RaftServerConfigKeys (ConfUtils.java:logGet(46)) - raft.server.storage.dir = [/home/runner/work/ozone/ozone/hadoop-ozone/integration-test/target/test-dir/MiniOzoneClusterImpl-6ee34448-fbd8-4951-8ae1-d137d06ced7b/datanode-7/data/ratis] (custom)
2022-10-28 11:28:55,059 [pool-237-thread-1] INFO  server.RaftServerConfigKeys (ConfUtils.java:logGet(46)) - raft.server.log.corruption.policy = EXCEPTION (default)
2022-10-28 11:28:55,059 [pool-237-thread-1] INFO  server.RaftServerConfigKeys (ConfUtils.java:logGet(46)) - raft.server.storage.free-space.min = 0MB (=0) (default)
2022-10-28 11:28:55,059 [pool-237-thread-1] INFO  server.RaftServerConfigKeys (ConfUtils.java:logGet(46)) - raft.server.notification.no-leader.timeout = 300s (custom)
2022-10-28 11:28:55,059 [pool-237-thread-1] INFO  server.RaftServerConfigKeys (ConfUtils.java:logGet(46)) - raft.server.retrycache.expirytime = 600000ms (custom)
2022-10-28 11:28:55,059 [pool-237-thread-1] INFO  server.RaftServerConfigKeys (ConfUtils.java:logGet(46)) - raft.server.retrycache.statistics.expirytime = 100μs (default)
2022-10-28 11:28:55,060 [pool-237-thread-1] INFO  server.RaftServerConfigKeys (ConfUtils.java:logGet(46)) - raft.server.log.appender.install.snapshot.enabled = false (custom)
2022-10-28 11:28:55,060 [pool-237-thread-1] INFO  server.RaftServerConfigKeys (ConfUtils.java:logGet(46)) - raft.server.threadpool.server.cached = true (default)
2022-10-28 11:28:55,060 [pool-237-thread-1] INFO  server.RaftServerConfigKeys (ConfUtils.java:logGet(46)) - raft.server.threadpool.server.size = 0 (default)
2022-10-28 11:28:55,060 [pool-237-thread-1] INFO  server.RaftServerConfigKeys (ConfUtils.java:logGet(46)) - raft.server.threadpool.client.cached = true (default)
2022-10-28 11:28:55,060 [pool-237-thread-1] INFO  server.RaftServerConfigKeys (ConfUtils.java:logGet(46)) - raft.server.threadpool.client.size = 0 (default)
2022-10-28 11:28:55,060 [pool-237-thread-1] INFO  storage.RaftStorageDirectory (RaftStorageDirectoryImpl.java:analyzeStorage(137)) - The storage directory /home/runner/work/ozone/ozone/hadoop-ozone/integration-test/target/test-dir/MiniOzoneClusterImpl-6ee34448-fbd8-4951-8ae1-d137d06ced7b/datanode-7/data/ratis/c4ab908c-09aa-415d-9044-eb7b5ba8336e does not exist. Creating ...
2022-10-28 11:28:55,061 [pool-237-thread-1] INFO  storage.RaftStorageDirectory (RaftStorageDirectoryImpl.java:tryLock(231)) - Lock on /home/runner/work/ozone/ozone/hadoop-ozone/integration-test/target/test-dir/MiniOzoneClusterImpl-6ee34448-fbd8-4951-8ae1-d137d06ced7b/datanode-7/data/ratis/c4ab908c-09aa-415d-9044-eb7b5ba8336e/in_use.lock acquired by nodename 13878@fv-az700-396
2022-10-28 11:28:55,062 [pool-237-thread-1] INFO  storage.RaftStorage (RaftStorageImpl.java:format(96)) - Storage directory /home/runner/work/ozone/ozone/hadoop-ozone/integration-test/target/test-dir/MiniOzoneClusterImpl-6ee34448-fbd8-4951-8ae1-d137d06ced7b/datanode-7/data/ratis/c4ab908c-09aa-415d-9044-eb7b5ba8336e has been successfully formatted.
2022-10-28 11:28:55,063 [pool-237-thread-1] INFO  ratis.ContainerStateMachine (ContainerStateMachine.java:loadSnapshot(236)) - group-EB7B5BA8336E: The snapshot info is null. Setting the last applied indexto:(t:0, i:~)
2022-10-28 11:28:55,063 [pool-237-thread-1] INFO  server.RaftServerConfigKeys (ConfUtils.java:logGet(46)) - raft.server.log.use.memory = false (default)
2022-10-28 11:28:55,063 [pool-237-thread-1] INFO  server.RaftServerConfigKeys (ConfUtils.java:logGet(46)) - raft.server.log.purge.gap = 1000000 (custom)
2022-10-28 11:28:55,063 [pool-237-thread-1] INFO  server.RaftServerConfigKeys (ConfUtils.java:logGet(46)) - raft.server.log.appender.buffer.byte-limit = 33554432 (custom)
2022-10-28 11:28:55,063 [pool-237-thread-1] INFO  server.RaftServerConfigKeys (ConfUtils.java:logGet(46)) - raft.server.log.statemachine.data.read.timeout = 1000ms (default)
2022-10-28 11:28:55,063 [pool-237-thread-1] INFO  server.RaftServerConfigKeys (ConfUtils.java:logGet(46)) - raft.server.log.purge.preservation.log.num = 0 (default)
2022-10-28 11:28:55,063 [pool-237-thread-1] INFO  server.RaftServerConfigKeys (ConfUtils.java:logGet(46)) - raft.server.log.segment.size.max = 1048576 (custom)
2022-10-28 11:28:55,063 [pool-237-thread-1] INFO  server.RaftServerConfigKeys (ConfUtils.java:logGet(46)) - raft.server.log.segment.cache.num.max = 2 (custom)
2022-10-28 11:28:55,063 [pool-237-thread-1] INFO  server.RaftServerConfigKeys (ConfUtils.java:logGet(46)) - raft.server.log.segment.cache.size.max = 200MB (=209715200) (default)
2022-10-28 11:28:55,064 [pool-237-thread-1] INFO  segmented.SegmentedRaftLogWorker (SegmentedRaftLogWorker.java:<init>(191)) - new 5d13066c-11e5-40aa-be9d-008405bad973@group-EB7B5BA8336E-SegmentedRaftLogWorker for RaftStorageImpl:Storage Directory /home/runner/work/ozone/ozone/hadoop-ozone/integration-test/target/test-dir/MiniOzoneClusterImpl-6ee34448-fbd8-4951-8ae1-d137d06ced7b/datanode-7/data/ratis/c4ab908c-09aa-415d-9044-eb7b5ba8336e
2022-10-28 11:28:55,064 [pool-237-thread-1] INFO  server.RaftServerConfigKeys (ConfUtils.java:logGet(46)) - raft.server.log.queue.byte-limit = 4294967296 (custom)
2022-10-28 11:28:55,064 [pool-237-thread-1] INFO  server.RaftServerConfigKeys (ConfUtils.java:logGet(46)) - raft.server.log.queue.element-limit = 1024 (custom)
2022-10-28 11:28:55,064 [pool-237-thread-1] INFO  server.RaftServerConfigKeys (ConfUtils.java:logGet(46)) - raft.server.log.segment.size.max = 1048576 (custom)
2022-10-28 11:28:55,064 [pool-237-thread-1] INFO  server.RaftServerConfigKeys (ConfUtils.java:logGet(46)) - raft.server.log.preallocated.size = 16384 (custom)
2022-10-28 11:28:55,064 [pool-237-thread-1] INFO  server.RaftServerConfigKeys (ConfUtils.java:logGet(46)) - raft.server.log.force.sync.num = 128 (default)
2022-10-28 11:28:55,064 [pool-237-thread-1] INFO  server.RaftServerConfigKeys (ConfUtils.java:logGet(46)) - raft.server.log.statemachine.data.sync = true (default)
2022-10-28 11:28:55,064 [pool-237-thread-1] INFO  server.RaftServerConfigKeys (ConfUtils.java:logGet(46)) - raft.server.log.statemachine.data.sync.timeout = 10s (default)
2022-10-28 11:28:55,064 [pool-237-thread-1] INFO  server.RaftServerConfigKeys (ConfUtils.java:logGet(46)) - raft.server.log.statemachine.data.sync.timeout.retry = -1 (default)
2022-10-28 11:28:55,065 [pool-237-thread-1] INFO  server.RaftServerConfigKeys (ConfUtils.java:logGet(46)) - raft.server.log.write.buffer.size = 1048576 (custom)
2022-10-28 11:28:55,065 [pool-237-thread-1] INFO  server.RaftServerConfigKeys (ConfUtils.java:logGet(46)) - raft.server.log.unsafe-flush.enabled = false (default)
2022-10-28 11:28:55,065 [pool-237-thread-1] INFO  server.RaftServerConfigKeys (ConfUtils.java:logGet(46)) - raft.server.log.async-flush.enabled = false (default)
2022-10-28 11:28:55,065 [pool-237-thread-1] INFO  server.RaftServerConfigKeys (ConfUtils.java:logGet(46)) - raft.server.log.statemachine.data.caching.enabled = true (custom)
2022-10-28 11:28:55,065 [pool-237-thread-1] INFO  segmented.SegmentedRaftLogWorker (SegmentedRaftLogWorker.java:lambda$new$0(136)) - 5d13066c-11e5-40aa-be9d-008405bad973@group-EB7B5BA8336E-SegmentedRaftLogWorker: flushIndex: setUnconditionally 0 -> -1
2022-10-28 11:28:55,066 [pool-237-thread-1] INFO  segmented.SegmentedRaftLogWorker (SegmentedRaftLogWorker.java:lambda$new$0(136)) - 5d13066c-11e5-40aa-be9d-008405bad973@group-EB7B5BA8336E-SegmentedRaftLogWorker: safeCacheEvictIndex: setUnconditionally 0 -> -1
2022-10-28 11:28:55,069 [pool-237-thread-1] INFO  server.RaftServer$Division (RaftServerImpl.java:start(334)) - 5d13066c-11e5-40aa-be9d-008405bad973@group-EB7B5BA8336E: start as a follower, conf=-1: peers:[d5dd9084-02e9-4cbc-a1b0-4846343450b9|rpc:10.1.0.114:34363|dataStream:|priority:1|startupRole:FOLLOWER, 7b6afef0-558a-4ad8-bcfc-b2255c7aee53|rpc:10.1.0.114:46219|dataStream:|priority:0|startupRole:FOLLOWER, 5d13066c-11e5-40aa-be9d-008405bad973|rpc:10.1.0.114:35651|dataStream:|priority:0|startupRole:FOLLOWER]|listeners:[], old=null
2022-10-28 11:28:55,069 [pool-237-thread-1] INFO  server.RaftServer$Division (RaftServerImpl.java:setRole(321)) - 5d13066c-11e5-40aa-be9d-008405bad973@group-EB7B5BA8336E: changes role from      null to FOLLOWER at term 0 for startAsFollower
2022-10-28 11:28:55,069 [pool-237-thread-1] INFO  impl.RoleInfo (RoleInfo.java:updateAndGet(139)) - 5d13066c-11e5-40aa-be9d-008405bad973: start 5d13066c-11e5-40aa-be9d-008405bad973@group-EB7B5BA8336E-FollowerState
2022-10-28 11:28:55,070 [pool-237-thread-1] INFO  util.JmxRegister (JmxRegister.java:tryRegister(44)) - Successfully registered JMX Bean with object name Ratis:service=RaftServer,group=group-EB7B5BA8336E,id=5d13066c-11e5-40aa-be9d-008405bad973
2022-10-28 11:28:55,070 [5d13066c-11e5-40aa-be9d-008405bad973@group-EB7B5BA8336E-FollowerState] INFO  server.RaftServerConfigKeys (ConfUtils.java:logFallback(53)) - raft.server.rpc.first-election.timeout.min = 5s (fallback to raft.server.rpc.timeout.min)
2022-10-28 11:28:55,070 [pool-237-thread-1] INFO  server.RaftServerConfigKeys (ConfUtils.java:logGet(46)) - raft.server.snapshot.auto.trigger.enabled = true (custom)
2022-10-28 11:28:55,070 [5d13066c-11e5-40aa-be9d-008405bad973@group-EB7B5BA8336E-FollowerState] INFO  server.RaftServerConfigKeys (ConfUtils.java:logFallback(53)) - raft.server.rpc.first-election.timeout.max = 5200ms (fallback to raft.server.rpc.timeout.max)
2022-10-28 11:28:55,071 [pool-237-thread-1] INFO  server.RaftServerConfigKeys (ConfUtils.java:logGet(46)) - raft.server.snapshot.auto.trigger.threshold = 10000 (custom)
2022-10-28 11:28:55,071 [pool-237-thread-1] INFO  server.RaftServerConfigKeys (ConfUtils.java:logGet(46)) - raft.server.snapshot.retention.file.num = 5 (custom)
2022-10-28 11:28:55,071 [pool-237-thread-1] INFO  server.RaftServerConfigKeys (ConfUtils.java:logGet(46)) - raft.server.log.purge.upto.snapshot.index = false (default)
2022-10-28 11:28:55,077 [Command processor thread] INFO  commandhandler.CreatePipelineCommandHandler (CreatePipelineCommandHandler.java:handle(113)) - Created Pipeline RATIS THREE PipelineID=c4ab908c-09aa-415d-9044-eb7b5ba8336e.
2022-10-28 11:28:55,228 [Command processor thread] INFO  server.RaftServer (RaftServerProxy.java:addNew(96)) - 5d13066c-11e5-40aa-be9d-008405bad973: addNew group-483BE42729DF:[5d13066c-11e5-40aa-be9d-008405bad973|rpc:10.1.0.114:35651|priority:1|startupRole:FOLLOWER] returns group-483BE42729DF:java.util.concurrent.CompletableFuture@396668ff[Not completed]
2022-10-28 11:28:55,230 [pool-237-thread-1] INFO  server.RaftServer$Division (RaftServerImpl.java:<init>(195)) - 5d13066c-11e5-40aa-be9d-008405bad973: new RaftServerImpl for group-483BE42729DF:[5d13066c-11e5-40aa-be9d-008405bad973|rpc:10.1.0.114:35651|priority:1|startupRole:FOLLOWER] with ContainerStateMachine:uninitialized
2022-10-28 11:28:55,230 [pool-237-thread-1] INFO  server.RaftServerConfigKeys (ConfUtils.java:logGet(46)) - raft.server.rpc.timeout.min = 5s (custom)
2022-10-28 11:28:55,230 [pool-237-thread-1] INFO  server.RaftServerConfigKeys (ConfUtils.java:logGet(46)) - raft.server.rpc.timeout.max = 5200ms (custom)
2022-10-28 11:28:55,230 [pool-237-thread-1] INFO  server.RaftServerConfigKeys (ConfUtils.java:logGet(46)) - raft.server.rpc.sleep.time = 25ms (default)
2022-10-28 11:28:55,230 [pool-237-thread-1] INFO  server.RaftServerConfigKeys (ConfUtils.java:logGet(46)) - raft.server.rpc.slowness.timeout = 300s (custom)
2022-10-28 11:28:55,230 [pool-237-thread-1] INFO  server.RaftServerConfigKeys (ConfUtils.java:logGet(46)) - raft.server.leaderelection.leader.step-down.wait-time = 10s (default)
2022-10-28 11:28:55,230 [pool-237-thread-1] INFO  server.RaftServerConfigKeys (ConfUtils.java:logGet(46)) - raft.server.sleep.deviation.threshold = 300ms (default)
2022-10-28 11:28:55,230 [pool-237-thread-1] INFO  server.RaftServer$Division (ServerState.java:<init>(118)) - 5d13066c-11e5-40aa-be9d-008405bad973@group-483BE42729DF: ConfigurationManager, init=-1: peers:[5d13066c-11e5-40aa-be9d-008405bad973|rpc:10.1.0.114:35651|priority:1|startupRole:FOLLOWER]|listeners:[], old=null, confs=<EMPTY_MAP>
2022-10-28 11:28:55,230 [pool-237-thread-1] INFO  server.RaftServerConfigKeys (ConfUtils.java:logGet(46)) - raft.server.storage.dir = [/home/runner/work/ozone/ozone/hadoop-ozone/integration-test/target/test-dir/MiniOzoneClusterImpl-6ee34448-fbd8-4951-8ae1-d137d06ced7b/datanode-7/data/ratis] (custom)
2022-10-28 11:28:55,230 [pool-237-thread-1] INFO  server.RaftServerConfigKeys (ConfUtils.java:logGet(46)) - raft.server.log.corruption.policy = EXCEPTION (default)
2022-10-28 11:28:55,231 [pool-237-thread-1] INFO  server.RaftServerConfigKeys (ConfUtils.java:logGet(46)) - raft.server.storage.free-space.min = 0MB (=0) (default)
2022-10-28 11:28:55,231 [pool-237-thread-1] INFO  server.RaftServerConfigKeys (ConfUtils.java:logGet(46)) - raft.server.notification.no-leader.timeout = 300s (custom)
2022-10-28 11:28:55,231 [pool-237-thread-1] INFO  server.RaftServerConfigKeys (ConfUtils.java:logGet(46)) - raft.server.retrycache.expirytime = 600000ms (custom)
2022-10-28 11:28:55,231 [pool-237-thread-1] INFO  server.RaftServerConfigKeys (ConfUtils.java:logGet(46)) - raft.server.retrycache.statistics.expirytime = 100μs (default)
2022-10-28 11:28:55,232 [pool-237-thread-1] INFO  server.RaftServerConfigKeys (ConfUtils.java:logGet(46)) - raft.server.log.appender.install.snapshot.enabled = false (custom)
2022-10-28 11:28:55,232 [pool-237-thread-1] INFO  server.RaftServerConfigKeys (ConfUtils.java:logGet(46)) - raft.server.threadpool.server.cached = true (default)
2022-10-28 11:28:55,232 [pool-237-thread-1] INFO  server.RaftServerConfigKeys (ConfUtils.java:logGet(46)) - raft.server.threadpool.server.size = 0 (default)
2022-10-28 11:28:55,232 [pool-237-thread-1] INFO  server.RaftServerConfigKeys (ConfUtils.java:logGet(46)) - raft.server.threadpool.client.cached = true (default)
2022-10-28 11:28:55,232 [pool-237-thread-1] INFO  server.RaftServerConfigKeys (ConfUtils.java:logGet(46)) - raft.server.threadpool.client.size = 0 (default)
2022-10-28 11:28:55,232 [pool-237-thread-1] INFO  storage.RaftStorageDirectory (RaftStorageDirectoryImpl.java:analyzeStorage(137)) - The storage directory /home/runner/work/ozone/ozone/hadoop-ozone/integration-test/target/test-dir/MiniOzoneClusterImpl-6ee34448-fbd8-4951-8ae1-d137d06ced7b/datanode-7/data/ratis/0e484558-1e4e-4ed7-a87d-483be42729df does not exist. Creating ...
2022-10-28 11:28:55,233 [pool-237-thread-1] INFO  storage.RaftStorageDirectory (RaftStorageDirectoryImpl.java:tryLock(231)) - Lock on /home/runner/work/ozone/ozone/hadoop-ozone/integration-test/target/test-dir/MiniOzoneClusterImpl-6ee34448-fbd8-4951-8ae1-d137d06ced7b/datanode-7/data/ratis/0e484558-1e4e-4ed7-a87d-483be42729df/in_use.lock acquired by nodename 13878@fv-az700-396
2022-10-28 11:28:55,235 [pool-237-thread-1] INFO  storage.RaftStorage (RaftStorageImpl.java:format(96)) - Storage directory /home/runner/work/ozone/ozone/hadoop-ozone/integration-test/target/test-dir/MiniOzoneClusterImpl-6ee34448-fbd8-4951-8ae1-d137d06ced7b/datanode-7/data/ratis/0e484558-1e4e-4ed7-a87d-483be42729df has been successfully formatted.
2022-10-28 11:28:55,236 [pool-237-thread-1] INFO  ratis.ContainerStateMachine (ContainerStateMachine.java:loadSnapshot(236)) - group-483BE42729DF: The snapshot info is null. Setting the last applied indexto:(t:0, i:~)
2022-10-28 11:28:55,236 [pool-237-thread-1] INFO  server.RaftServerConfigKeys (ConfUtils.java:logGet(46)) - raft.server.log.use.memory = false (default)
2022-10-28 11:28:55,236 [pool-237-thread-1] INFO  server.RaftServerConfigKeys (ConfUtils.java:logGet(46)) - raft.server.log.purge.gap = 1000000 (custom)
2022-10-28 11:28:55,236 [pool-237-thread-1] INFO  server.RaftServerConfigKeys (ConfUtils.java:logGet(46)) - raft.server.log.appender.buffer.byte-limit = 33554432 (custom)
2022-10-28 11:28:55,236 [pool-237-thread-1] INFO  server.RaftServerConfigKeys (ConfUtils.java:logGet(46)) - raft.server.log.statemachine.data.read.timeout = 1000ms (default)
2022-10-28 11:28:55,236 [pool-237-thread-1] INFO  server.RaftServerConfigKeys (ConfUtils.java:logGet(46)) - raft.server.log.purge.preservation.log.num = 0 (default)
2022-10-28 11:28:55,236 [pool-237-thread-1] INFO  server.RaftServerConfigKeys (ConfUtils.java:logGet(46)) - raft.server.log.segment.size.max = 1048576 (custom)
2022-10-28 11:28:55,237 [pool-237-thread-1] INFO  server.RaftServerConfigKeys (ConfUtils.java:logGet(46)) - raft.server.log.segment.cache.num.max = 2 (custom)
2022-10-28 11:28:55,237 [pool-237-thread-1] INFO  server.RaftServerConfigKeys (ConfUtils.java:logGet(46)) - raft.server.log.segment.cache.size.max = 200MB (=209715200) (default)
2022-10-28 11:28:55,237 [pool-237-thread-1] INFO  segmented.SegmentedRaftLogWorker (SegmentedRaftLogWorker.java:<init>(191)) - new 5d13066c-11e5-40aa-be9d-008405bad973@group-483BE42729DF-SegmentedRaftLogWorker for RaftStorageImpl:Storage Directory /home/runner/work/ozone/ozone/hadoop-ozone/integration-test/target/test-dir/MiniOzoneClusterImpl-6ee34448-fbd8-4951-8ae1-d137d06ced7b/datanode-7/data/ratis/0e484558-1e4e-4ed7-a87d-483be42729df
2022-10-28 11:28:55,237 [pool-237-thread-1] INFO  server.RaftServerConfigKeys (ConfUtils.java:logGet(46)) - raft.server.log.queue.byte-limit = 4294967296 (custom)
2022-10-28 11:28:55,237 [EventQueue-PipelineReportForPipelineReportHandler] INFO  pipeline.PipelineManagerImpl (PipelineManagerImpl.java:openPipeline(367)) - Pipeline Pipeline[ Id: 0e484558-1e4e-4ed7-a87d-483be42729df, Nodes: 5d13066c-11e5-40aa-be9d-008405bad973{ip: 10.1.0.114, host: fv-az700-396.2bpskmoaobnu3eckqg1qau4u2h.cx.internal.cloudapp.net, ports: [REPLICATION=42883, RATIS=35651, RATIS_ADMIN=35651, RATIS_SERVER=35651, STANDALONE=36655], networkLocation: /default-rack, certSerialId: null, persistedOpState: IN_SERVICE, persistedOpStateExpiryEpochSec: 0}, ReplicationConfig: RATIS/ONE, State:ALLOCATED, leaderId:5d13066c-11e5-40aa-be9d-008405bad973, CreationTimestamp2022-10-28T11:28:52.231Z[Etc/UTC]] moved to OPEN state
2022-10-28 11:28:55,238 [EventQueue-OpenPipelineForHealthyPipelineSafeModeRule] INFO  safemode.SCMSafeModeManager (HealthyPipelineSafeModeRule.java:process(137)) - SCM in safe mode. Healthy pipelines reported count is 0, required healthy pipeline reported count is 1
2022-10-28 11:28:55,238 [pool-237-thread-1] INFO  server.RaftServerConfigKeys (ConfUtils.java:logGet(46)) - raft.server.log.queue.element-limit = 1024 (custom)
2022-10-28 11:28:55,240 [pool-237-thread-1] INFO  server.RaftServerConfigKeys (ConfUtils.java:logGet(46)) - raft.server.log.segment.size.max = 1048576 (custom)
2022-10-28 11:28:55,240 [pool-237-thread-1] INFO  server.RaftServerConfigKeys (ConfUtils.java:logGet(46)) - raft.server.log.preallocated.size = 16384 (custom)
2022-10-28 11:28:55,240 [pool-237-thread-1] INFO  server.RaftServerConfigKeys (ConfUtils.java:logGet(46)) - raft.server.log.force.sync.num = 128 (default)
2022-10-28 11:28:55,240 [pool-237-thread-1] INFO  server.RaftServerConfigKeys (ConfUtils.java:logGet(46)) - raft.server.log.statemachine.data.sync = true (default)
2022-10-28 11:28:55,240 [pool-237-thread-1] INFO  server.RaftServerConfigKeys (ConfUtils.java:logGet(46)) - raft.server.log.statemachine.data.sync.timeout = 10s (default)
2022-10-28 11:28:55,240 [pool-237-thread-1] INFO  server.RaftServerConfigKeys (ConfUtils.java:logGet(46)) - raft.server.log.statemachine.data.sync.timeout.retry = -1 (default)
2022-10-28 11:28:55,240 [pool-237-thread-1] INFO  server.RaftServerConfigKeys (ConfUtils.java:logGet(46)) - raft.server.log.write.buffer.size = 1048576 (custom)
2022-10-28 11:28:55,242 [pool-237-thread-1] INFO  server.RaftServerConfigKeys (ConfUtils.java:logGet(46)) - raft.server.log.unsafe-flush.enabled = false (default)
2022-10-28 11:28:55,242 [pool-237-thread-1] INFO  server.RaftServerConfigKeys (ConfUtils.java:logGet(46)) - raft.server.log.async-flush.enabled = false (default)
2022-10-28 11:28:55,242 [pool-237-thread-1] INFO  server.RaftServerConfigKeys (ConfUtils.java:logGet(46)) - raft.server.log.statemachine.data.caching.enabled = true (custom)
2022-10-28 11:28:55,242 [pool-237-thread-1] INFO  segmented.SegmentedRaftLogWorker (SegmentedRaftLogWorker.java:lambda$new$0(136)) - 5d13066c-11e5-40aa-be9d-008405bad973@group-483BE42729DF-SegmentedRaftLogWorker: flushIndex: setUnconditionally 0 -> -1
2022-10-28 11:28:55,242 [pool-237-thread-1] INFO  segmented.SegmentedRaftLogWorker (SegmentedRaftLogWorker.java:lambda$new$0(136)) - 5d13066c-11e5-40aa-be9d-008405bad973@group-483BE42729DF-SegmentedRaftLogWorker: safeCacheEvictIndex: setUnconditionally 0 -> -1
2022-10-28 11:28:55,244 [pool-237-thread-1] INFO  server.RaftServer$Division (RaftServerImpl.java:start(334)) - 5d13066c-11e5-40aa-be9d-008405bad973@group-483BE42729DF: start as a follower, conf=-1: peers:[5d13066c-11e5-40aa-be9d-008405bad973|rpc:10.1.0.114:35651|priority:1|startupRole:FOLLOWER]|listeners:[], old=null
2022-10-28 11:28:55,244 [pool-237-thread-1] INFO  server.RaftServer$Division (RaftServerImpl.java:setRole(321)) - 5d13066c-11e5-40aa-be9d-008405bad973@group-483BE42729DF: changes role from      null to FOLLOWER at term 0 for startAsFollower
2022-10-28 11:28:55,244 [pool-237-thread-1] INFO  impl.RoleInfo (RoleInfo.java:updateAndGet(139)) - 5d13066c-11e5-40aa-be9d-008405bad973: start 5d13066c-11e5-40aa-be9d-008405bad973@group-483BE42729DF-FollowerState
2022-10-28 11:28:55,244 [pool-237-thread-1] INFO  util.JmxRegister (JmxRegister.java:tryRegister(44)) - Successfully registered JMX Bean with object name Ratis:service=RaftServer,group=group-483BE42729DF,id=5d13066c-11e5-40aa-be9d-008405bad973
2022-10-28 11:28:55,244 [pool-237-thread-1] INFO  server.RaftServerConfigKeys (ConfUtils.java:logGet(46)) - raft.server.snapshot.auto.trigger.enabled = true (custom)
2022-10-28 11:28:55,244 [pool-237-thread-1] INFO  server.RaftServerConfigKeys (ConfUtils.java:logGet(46)) - raft.server.snapshot.auto.trigger.threshold = 10000 (custom)
2022-10-28 11:28:55,244 [pool-237-thread-1] INFO  server.RaftServerConfigKeys (ConfUtils.java:logGet(46)) - raft.server.snapshot.retention.file.num = 5 (custom)
2022-10-28 11:28:55,244 [pool-237-thread-1] INFO  server.RaftServerConfigKeys (ConfUtils.java:logGet(46)) - raft.server.log.purge.upto.snapshot.index = false (default)
2022-10-28 11:28:55,245 [5d13066c-11e5-40aa-be9d-008405bad973@group-483BE42729DF-FollowerState] INFO  server.RaftServerConfigKeys (ConfUtils.java:logFallback(53)) - raft.server.rpc.first-election.timeout.min = 5s (fallback to raft.server.rpc.timeout.min)
2022-10-28 11:28:55,245 [5d13066c-11e5-40aa-be9d-008405bad973@group-483BE42729DF-FollowerState] INFO  server.RaftServerConfigKeys (ConfUtils.java:logFallback(53)) - raft.server.rpc.first-election.timeout.max = 5200ms (fallback to raft.server.rpc.timeout.max)
2022-10-28 11:28:55,245 [Command processor thread] INFO  ratis.XceiverServerRatis (XceiverServerRatis.java:addGroup(765)) - Created group PipelineID=0e484558-1e4e-4ed7-a87d-483be42729df
2022-10-28 11:28:55,245 [Command processor thread] INFO  commandhandler.CreatePipelineCommandHandler (CreatePipelineCommandHandler.java:handle(113)) - Created Pipeline RATIS ONE PipelineID=0e484558-1e4e-4ed7-a87d-483be42729df.
2022-10-28 11:28:55,565 [Command processor thread] INFO  server.RaftServer (RaftServerProxy.java:addNew(96)) - 7b6afef0-558a-4ad8-bcfc-b2255c7aee53: addNew group-1A113F53DBAA:[7b6afef0-558a-4ad8-bcfc-b2255c7aee53|rpc:10.1.0.114:46219|priority:1|startupRole:FOLLOWER] returns group-1A113F53DBAA:java.util.concurrent.CompletableFuture@520df9ab[Not completed]
2022-10-28 11:28:55,566 [pool-264-thread-1] INFO  server.RaftServer$Division (RaftServerImpl.java:<init>(195)) - 7b6afef0-558a-4ad8-bcfc-b2255c7aee53: new RaftServerImpl for group-1A113F53DBAA:[7b6afef0-558a-4ad8-bcfc-b2255c7aee53|rpc:10.1.0.114:46219|priority:1|startupRole:FOLLOWER] with ContainerStateMachine:uninitialized
2022-10-28 11:28:55,566 [pool-264-thread-1] INFO  server.RaftServerConfigKeys (ConfUtils.java:logGet(46)) - raft.server.rpc.timeout.min = 5s (custom)
2022-10-28 11:28:55,566 [pool-264-thread-1] INFO  server.RaftServerConfigKeys (ConfUtils.java:logGet(46)) - raft.server.rpc.timeout.max = 5200ms (custom)
2022-10-28 11:28:55,566 [pool-264-thread-1] INFO  server.RaftServerConfigKeys (ConfUtils.java:logGet(46)) - raft.server.rpc.sleep.time = 25ms (default)
2022-10-28 11:28:55,566 [pool-264-thread-1] INFO  server.RaftServerConfigKeys (ConfUtils.java:logGet(46)) - raft.server.rpc.slowness.timeout = 300s (custom)
2022-10-28 11:28:55,566 [pool-264-thread-1] INFO  server.RaftServerConfigKeys (ConfUtils.java:logGet(46)) - raft.server.leaderelection.leader.step-down.wait-time = 10s (default)
2022-10-28 11:28:55,566 [pool-264-thread-1] INFO  server.RaftServerConfigKeys (ConfUtils.java:logGet(46)) - raft.server.sleep.deviation.threshold = 300ms (default)
2022-10-28 11:28:55,566 [pool-264-thread-1] INFO  server.RaftServer$Division (ServerState.java:<init>(118)) - 7b6afef0-558a-4ad8-bcfc-b2255c7aee53@group-1A113F53DBAA: ConfigurationManager, init=-1: peers:[7b6afef0-558a-4ad8-bcfc-b2255c7aee53|rpc:10.1.0.114:46219|priority:1|startupRole:FOLLOWER]|listeners:[], old=null, confs=<EMPTY_MAP>
2022-10-28 11:28:55,566 [pool-264-thread-1] INFO  server.RaftServerConfigKeys (ConfUtils.java:logGet(46)) - raft.server.storage.dir = [/home/runner/work/ozone/ozone/hadoop-ozone/integration-test/target/test-dir/MiniOzoneClusterImpl-6ee34448-fbd8-4951-8ae1-d137d06ced7b/datanode-8/data/ratis] (custom)
2022-10-28 11:28:55,566 [pool-264-thread-1] INFO  server.RaftServerConfigKeys (ConfUtils.java:logGet(46)) - raft.server.log.corruption.policy = EXCEPTION (default)
2022-10-28 11:28:55,566 [pool-264-thread-1] INFO  server.RaftServerConfigKeys (ConfUtils.java:logGet(46)) - raft.server.storage.free-space.min = 0MB (=0) (default)
2022-10-28 11:28:55,566 [pool-264-thread-1] INFO  server.RaftServerConfigKeys (ConfUtils.java:logGet(46)) - raft.server.notification.no-leader.timeout = 300s (custom)
2022-10-28 11:28:55,566 [pool-264-thread-1] INFO  server.RaftServerConfigKeys (ConfUtils.java:logGet(46)) - raft.server.retrycache.expirytime = 600000ms (custom)
2022-10-28 11:28:55,566 [pool-264-thread-1] INFO  server.RaftServerConfigKeys (ConfUtils.java:logGet(46)) - raft.server.retrycache.statistics.expirytime = 100μs (default)
2022-10-28 11:28:55,567 [pool-264-thread-1] INFO  server.RaftServerConfigKeys (ConfUtils.java:logGet(46)) - raft.server.log.appender.install.snapshot.enabled = false (custom)
2022-10-28 11:28:55,567 [pool-264-thread-1] INFO  server.RaftServerConfigKeys (ConfUtils.java:logGet(46)) - raft.server.threadpool.server.cached = true (default)
2022-10-28 11:28:55,567 [pool-264-thread-1] INFO  server.RaftServerConfigKeys (ConfUtils.java:logGet(46)) - raft.server.threadpool.server.size = 0 (default)
2022-10-28 11:28:55,568 [pool-264-thread-1] INFO  server.RaftServerConfigKeys (ConfUtils.java:logGet(46)) - raft.server.threadpool.client.cached = true (default)
2022-10-28 11:28:55,568 [pool-264-thread-1] INFO  server.RaftServerConfigKeys (ConfUtils.java:logGet(46)) - raft.server.threadpool.client.size = 0 (default)
2022-10-28 11:28:55,568 [pool-264-thread-1] INFO  storage.RaftStorageDirectory (RaftStorageDirectoryImpl.java:analyzeStorage(137)) - The storage directory /home/runner/work/ozone/ozone/hadoop-ozone/integration-test/target/test-dir/MiniOzoneClusterImpl-6ee34448-fbd8-4951-8ae1-d137d06ced7b/datanode-8/data/ratis/9464a134-479a-4e5a-9503-1a113f53dbaa does not exist. Creating ...
2022-10-28 11:28:55,569 [pool-264-thread-1] INFO  storage.RaftStorageDirectory (RaftStorageDirectoryImpl.java:tryLock(231)) - Lock on /home/runner/work/ozone/ozone/hadoop-ozone/integration-test/target/test-dir/MiniOzoneClusterImpl-6ee34448-fbd8-4951-8ae1-d137d06ced7b/datanode-8/data/ratis/9464a134-479a-4e5a-9503-1a113f53dbaa/in_use.lock acquired by nodename 13878@fv-az700-396
2022-10-28 11:28:55,570 [pool-264-thread-1] INFO  storage.RaftStorage (RaftStorageImpl.java:format(96)) - Storage directory /home/runner/work/ozone/ozone/hadoop-ozone/integration-test/target/test-dir/MiniOzoneClusterImpl-6ee34448-fbd8-4951-8ae1-d137d06ced7b/datanode-8/data/ratis/9464a134-479a-4e5a-9503-1a113f53dbaa has been successfully formatted.
2022-10-28 11:28:55,570 [pool-264-thread-1] INFO  ratis.ContainerStateMachine (ContainerStateMachine.java:loadSnapshot(236)) - group-1A113F53DBAA: The snapshot info is null. Setting the last applied indexto:(t:0, i:~)
2022-10-28 11:28:55,570 [pool-264-thread-1] INFO  server.RaftServerConfigKeys (ConfUtils.java:logGet(46)) - raft.server.log.use.memory = false (default)
2022-10-28 11:28:55,570 [pool-264-thread-1] INFO  server.RaftServerConfigKeys (ConfUtils.java:logGet(46)) - raft.server.log.purge.gap = 1000000 (custom)
2022-10-28 11:28:55,570 [pool-264-thread-1] INFO  server.RaftServerConfigKeys (ConfUtils.java:logGet(46)) - raft.server.log.appender.buffer.byte-limit = 33554432 (custom)
2022-10-28 11:28:55,570 [pool-264-thread-1] INFO  server.RaftServerConfigKeys (ConfUtils.java:logGet(46)) - raft.server.log.statemachine.data.read.timeout = 1000ms (default)
2022-10-28 11:28:55,570 [pool-264-thread-1] INFO  server.RaftServerConfigKeys (ConfUtils.java:logGet(46)) - raft.server.log.purge.preservation.log.num = 0 (default)
2022-10-28 11:28:55,570 [pool-264-thread-1] INFO  server.RaftServerConfigKeys (ConfUtils.java:logGet(46)) - raft.server.log.segment.size.max = 1048576 (custom)
2022-10-28 11:28:55,571 [EventQueue-PipelineReportForPipelineReportHandler] INFO  pipeline.PipelineManagerImpl (PipelineManagerImpl.java:openPipeline(367)) - Pipeline Pipeline[ Id: 9464a134-479a-4e5a-9503-1a113f53dbaa, Nodes: 7b6afef0-558a-4ad8-bcfc-b2255c7aee53{ip: 10.1.0.114, host: fv-az700-396.2bpskmoaobnu3eckqg1qau4u2h.cx.internal.cloudapp.net, ports: [REPLICATION=33197, RATIS=46219, RATIS_ADMIN=46219, RATIS_SERVER=46219, STANDALONE=34013], networkLocation: /default-rack, certSerialId: null, persistedOpState: IN_SERVICE, persistedOpStateExpiryEpochSec: 0}, ReplicationConfig: RATIS/ONE, State:ALLOCATED, leaderId:7b6afef0-558a-4ad8-bcfc-b2255c7aee53, CreationTimestamp2022-10-28T11:28:52.569Z[Etc/UTC]] moved to OPEN state
2022-10-28 11:28:55,572 [EventQueue-OpenPipelineForHealthyPipelineSafeModeRule] INFO  safemode.SCMSafeModeManager (HealthyPipelineSafeModeRule.java:process(137)) - SCM in safe mode. Healthy pipelines reported count is 0, required healthy pipeline reported count is 1
2022-10-28 11:28:55,572 [pool-264-thread-1] INFO  server.RaftServerConfigKeys (ConfUtils.java:logGet(46)) - raft.server.log.segment.cache.num.max = 2 (custom)
2022-10-28 11:28:55,573 [pool-264-thread-1] INFO  server.RaftServerConfigKeys (ConfUtils.java:logGet(46)) - raft.server.log.segment.cache.size.max = 200MB (=209715200) (default)
2022-10-28 11:28:55,573 [pool-264-thread-1] INFO  segmented.SegmentedRaftLogWorker (SegmentedRaftLogWorker.java:<init>(191)) - new 7b6afef0-558a-4ad8-bcfc-b2255c7aee53@group-1A113F53DBAA-SegmentedRaftLogWorker for RaftStorageImpl:Storage Directory /home/runner/work/ozone/ozone/hadoop-ozone/integration-test/target/test-dir/MiniOzoneClusterImpl-6ee34448-fbd8-4951-8ae1-d137d06ced7b/datanode-8/data/ratis/9464a134-479a-4e5a-9503-1a113f53dbaa
2022-10-28 11:28:55,573 [pool-264-thread-1] INFO  server.RaftServerConfigKeys (ConfUtils.java:logGet(46)) - raft.server.log.queue.byte-limit = 4294967296 (custom)
2022-10-28 11:28:55,573 [pool-264-thread-1] INFO  server.RaftServerConfigKeys (ConfUtils.java:logGet(46)) - raft.server.log.queue.element-limit = 1024 (custom)
2022-10-28 11:28:55,573 [pool-264-thread-1] INFO  server.RaftServerConfigKeys (ConfUtils.java:logGet(46)) - raft.server.log.segment.size.max = 1048576 (custom)
2022-10-28 11:28:55,573 [pool-264-thread-1] INFO  server.RaftServerConfigKeys (ConfUtils.java:logGet(46)) - raft.server.log.preallocated.size = 16384 (custom)
2022-10-28 11:28:55,573 [pool-264-thread-1] INFO  server.RaftServerConfigKeys (ConfUtils.java:logGet(46)) - raft.server.log.force.sync.num = 128 (default)
2022-10-28 11:28:55,573 [pool-264-thread-1] INFO  server.RaftServerConfigKeys (ConfUtils.java:logGet(46)) - raft.server.log.statemachine.data.sync = true (default)
2022-10-28 11:28:55,573 [pool-264-thread-1] INFO  server.RaftServerConfigKeys (ConfUtils.java:logGet(46)) - raft.server.log.statemachine.data.sync.timeout = 10s (default)
2022-10-28 11:28:55,573 [pool-264-thread-1] INFO  server.RaftServerConfigKeys (ConfUtils.java:logGet(46)) - raft.server.log.statemachine.data.sync.timeout.retry = -1 (default)
2022-10-28 11:28:55,576 [pool-264-thread-1] INFO  server.RaftServerConfigKeys (ConfUtils.java:logGet(46)) - raft.server.log.write.buffer.size = 1048576 (custom)
2022-10-28 11:28:55,576 [pool-264-thread-1] INFO  server.RaftServerConfigKeys (ConfUtils.java:logGet(46)) - raft.server.log.unsafe-flush.enabled = false (default)
2022-10-28 11:28:55,576 [pool-264-thread-1] INFO  server.RaftServerConfigKeys (ConfUtils.java:logGet(46)) - raft.server.log.async-flush.enabled = false (default)
2022-10-28 11:28:55,576 [pool-264-thread-1] INFO  server.RaftServerConfigKeys (ConfUtils.java:logGet(46)) - raft.server.log.statemachine.data.caching.enabled = true (custom)
2022-10-28 11:28:55,577 [pool-264-thread-1] INFO  segmented.SegmentedRaftLogWorker (SegmentedRaftLogWorker.java:lambda$new$0(136)) - 7b6afef0-558a-4ad8-bcfc-b2255c7aee53@group-1A113F53DBAA-SegmentedRaftLogWorker: flushIndex: setUnconditionally 0 -> -1
2022-10-28 11:28:55,577 [pool-264-thread-1] INFO  segmented.SegmentedRaftLogWorker (SegmentedRaftLogWorker.java:lambda$new$0(136)) - 7b6afef0-558a-4ad8-bcfc-b2255c7aee53@group-1A113F53DBAA-SegmentedRaftLogWorker: safeCacheEvictIndex: setUnconditionally 0 -> -1
2022-10-28 11:28:55,577 [pool-264-thread-1] INFO  server.RaftServer$Division (RaftServerImpl.java:start(334)) - 7b6afef0-558a-4ad8-bcfc-b2255c7aee53@group-1A113F53DBAA: start as a follower, conf=-1: peers:[7b6afef0-558a-4ad8-bcfc-b2255c7aee53|rpc:10.1.0.114:46219|priority:1|startupRole:FOLLOWER]|listeners:[], old=null
2022-10-28 11:28:55,577 [pool-264-thread-1] INFO  server.RaftServer$Division (RaftServerImpl.java:setRole(321)) - 7b6afef0-558a-4ad8-bcfc-b2255c7aee53@group-1A113F53DBAA: changes role from      null to FOLLOWER at term 0 for startAsFollower
2022-10-28 11:28:55,577 [pool-264-thread-1] INFO  impl.RoleInfo (RoleInfo.java:updateAndGet(139)) - 7b6afef0-558a-4ad8-bcfc-b2255c7aee53: start 7b6afef0-558a-4ad8-bcfc-b2255c7aee53@group-1A113F53DBAA-FollowerState
2022-10-28 11:28:55,577 [pool-264-thread-1] INFO  util.JmxRegister (JmxRegister.java:tryRegister(44)) - Successfully registered JMX Bean with object name Ratis:service=RaftServer,group=group-1A113F53DBAA,id=7b6afef0-558a-4ad8-bcfc-b2255c7aee53
2022-10-28 11:28:55,577 [pool-264-thread-1] INFO  server.RaftServerConfigKeys (ConfUtils.java:logGet(46)) - raft.server.snapshot.auto.trigger.enabled = true (custom)
2022-10-28 11:28:55,577 [pool-264-thread-1] INFO  server.RaftServerConfigKeys (ConfUtils.java:logGet(46)) - raft.server.snapshot.auto.trigger.threshold = 10000 (custom)
2022-10-28 11:28:55,577 [pool-264-thread-1] INFO  server.RaftServerConfigKeys (ConfUtils.java:logGet(46)) - raft.server.snapshot.retention.file.num = 5 (custom)
2022-10-28 11:28:55,578 [pool-264-thread-1] INFO  server.RaftServerConfigKeys (ConfUtils.java:logGet(46)) - raft.server.log.purge.upto.snapshot.index = false (default)
2022-10-28 11:28:55,578 [7b6afef0-558a-4ad8-bcfc-b2255c7aee53@group-1A113F53DBAA-FollowerState] INFO  server.RaftServerConfigKeys (ConfUtils.java:logFallback(53)) - raft.server.rpc.first-election.timeout.min = 5s (fallback to raft.server.rpc.timeout.min)
2022-10-28 11:28:55,578 [7b6afef0-558a-4ad8-bcfc-b2255c7aee53@group-1A113F53DBAA-FollowerState] INFO  server.RaftServerConfigKeys (ConfUtils.java:logFallback(53)) - raft.server.rpc.first-election.timeout.max = 5200ms (fallback to raft.server.rpc.timeout.max)
2022-10-28 11:28:55,578 [Command processor thread] INFO  ratis.XceiverServerRatis (XceiverServerRatis.java:addGroup(765)) - Created group PipelineID=9464a134-479a-4e5a-9503-1a113f53dbaa
2022-10-28 11:28:55,578 [Command processor thread] INFO  commandhandler.CreatePipelineCommandHandler (CreatePipelineCommandHandler.java:handle(113)) - Created Pipeline RATIS ONE PipelineID=9464a134-479a-4e5a-9503-1a113f53dbaa.
2022-10-28 11:28:55,882 [Listener at 127.0.0.1/42141] INFO  ozone.MiniOzoneClusterImpl (MiniOzoneClusterImpl.java:lambda$waitForClusterToBeReady$0(216)) - Nodes are ready. Got 10 of 10 DN Heartbeats.
2022-10-28 11:28:55,882 [Listener at 127.0.0.1/42141] INFO  ozone.MiniOzoneClusterImpl (MiniOzoneClusterImpl.java:lambda$waitForClusterToBeReady$0(219)) - Waiting for cluster to exit safe mode
2022-10-28 11:28:55,882 [Listener at 127.0.0.1/42141] INFO  ozone.MiniOzoneClusterImpl (MiniOzoneClusterImpl.java:lambda$waitForClusterToBeReady$0(221)) - SCM became leader
2022-10-28 11:28:55,882 [Command processor thread] INFO  server.RaftServer (RaftServerProxy.java:addNew(96)) - af2ba7b3-e3cd-4616-bfee-e743369bcf5a: addNew group-9D4C5A32B7BF:[af2ba7b3-e3cd-4616-bfee-e743369bcf5a|rpc:10.1.0.114:38029|priority:1|startupRole:FOLLOWER] returns group-9D4C5A32B7BF:java.util.concurrent.CompletableFuture@52c70a74[Not completed]
2022-10-28 11:28:55,884 [pool-291-thread-1] INFO  server.RaftServer$Division (RaftServerImpl.java:<init>(195)) - af2ba7b3-e3cd-4616-bfee-e743369bcf5a: new RaftServerImpl for group-9D4C5A32B7BF:[af2ba7b3-e3cd-4616-bfee-e743369bcf5a|rpc:10.1.0.114:38029|priority:1|startupRole:FOLLOWER] with ContainerStateMachine:uninitialized
2022-10-28 11:28:55,885 [pool-291-thread-1] INFO  server.RaftServerConfigKeys (ConfUtils.java:logGet(46)) - raft.server.rpc.timeout.min = 5s (custom)
2022-10-28 11:28:55,885 [pool-291-thread-1] INFO  server.RaftServerConfigKeys (ConfUtils.java:logGet(46)) - raft.server.rpc.timeout.max = 5200ms (custom)
2022-10-28 11:28:55,885 [pool-291-thread-1] INFO  server.RaftServerConfigKeys (ConfUtils.java:logGet(46)) - raft.server.rpc.sleep.time = 25ms (default)
2022-10-28 11:28:55,885 [pool-291-thread-1] INFO  server.RaftServerConfigKeys (ConfUtils.java:logGet(46)) - raft.server.rpc.slowness.timeout = 300s (custom)
2022-10-28 11:28:55,885 [pool-291-thread-1] INFO  server.RaftServerConfigKeys (ConfUtils.java:logGet(46)) - raft.server.leaderelection.leader.step-down.wait-time = 10s (default)
2022-10-28 11:28:55,885 [pool-291-thread-1] INFO  server.RaftServerConfigKeys (ConfUtils.java:logGet(46)) - raft.server.sleep.deviation.threshold = 300ms (default)
2022-10-28 11:28:55,885 [pool-291-thread-1] INFO  server.RaftServer$Division (ServerState.java:<init>(118)) - af2ba7b3-e3cd-4616-bfee-e743369bcf5a@group-9D4C5A32B7BF: ConfigurationManager, init=-1: peers:[af2ba7b3-e3cd-4616-bfee-e743369bcf5a|rpc:10.1.0.114:38029|priority:1|startupRole:FOLLOWER]|listeners:[], old=null, confs=<EMPTY_MAP>
2022-10-28 11:28:55,885 [pool-291-thread-1] INFO  server.RaftServerConfigKeys (ConfUtils.java:logGet(46)) - raft.server.storage.dir = [/home/runner/work/ozone/ozone/hadoop-ozone/integration-test/target/test-dir/MiniOzoneClusterImpl-6ee34448-fbd8-4951-8ae1-d137d06ced7b/datanode-9/data/ratis] (custom)
2022-10-28 11:28:55,885 [pool-291-thread-1] INFO  server.RaftServerConfigKeys (ConfUtils.java:logGet(46)) - raft.server.log.corruption.policy = EXCEPTION (default)
2022-10-28 11:28:55,885 [pool-291-thread-1] INFO  server.RaftServerConfigKeys (ConfUtils.java:logGet(46)) - raft.server.storage.free-space.min = 0MB (=0) (default)
2022-10-28 11:28:55,885 [pool-291-thread-1] INFO  server.RaftServerConfigKeys (ConfUtils.java:logGet(46)) - raft.server.notification.no-leader.timeout = 300s (custom)
2022-10-28 11:28:55,885 [pool-291-thread-1] INFO  server.RaftServerConfigKeys (ConfUtils.java:logGet(46)) - raft.server.retrycache.expirytime = 600000ms (custom)
2022-10-28 11:28:55,885 [pool-291-thread-1] INFO  server.RaftServerConfigKeys (ConfUtils.java:logGet(46)) - raft.server.retrycache.statistics.expirytime = 100μs (default)
2022-10-28 11:28:55,888 [pool-291-thread-1] INFO  server.RaftServerConfigKeys (ConfUtils.java:logGet(46)) - raft.server.log.appender.install.snapshot.enabled = false (custom)
2022-10-28 11:28:55,888 [pool-291-thread-1] INFO  server.RaftServerConfigKeys (ConfUtils.java:logGet(46)) - raft.server.threadpool.server.cached = true (default)
2022-10-28 11:28:55,888 [pool-291-thread-1] INFO  server.RaftServerConfigKeys (ConfUtils.java:logGet(46)) - raft.server.threadpool.server.size = 0 (default)
2022-10-28 11:28:55,888 [pool-291-thread-1] INFO  server.RaftServerConfigKeys (ConfUtils.java:logGet(46)) - raft.server.threadpool.client.cached = true (default)
2022-10-28 11:28:55,888 [pool-291-thread-1] INFO  server.RaftServerConfigKeys (ConfUtils.java:logGet(46)) - raft.server.threadpool.client.size = 0 (default)
2022-10-28 11:28:55,888 [pool-291-thread-1] INFO  storage.RaftStorageDirectory (RaftStorageDirectoryImpl.java:analyzeStorage(137)) - The storage directory /home/runner/work/ozone/ozone/hadoop-ozone/integration-test/target/test-dir/MiniOzoneClusterImpl-6ee34448-fbd8-4951-8ae1-d137d06ced7b/datanode-9/data/ratis/4693b6c8-8f7a-4bca-bf13-9d4c5a32b7bf does not exist. Creating ...
2022-10-28 11:28:55,889 [pool-291-thread-1] INFO  storage.RaftStorageDirectory (RaftStorageDirectoryImpl.java:tryLock(231)) - Lock on /home/runner/work/ozone/ozone/hadoop-ozone/integration-test/target/test-dir/MiniOzoneClusterImpl-6ee34448-fbd8-4951-8ae1-d137d06ced7b/datanode-9/data/ratis/4693b6c8-8f7a-4bca-bf13-9d4c5a32b7bf/in_use.lock acquired by nodename 13878@fv-az700-396
2022-10-28 11:28:55,890 [pool-291-thread-1] INFO  storage.RaftStorage (RaftStorageImpl.java:format(96)) - Storage directory /home/runner/work/ozone/ozone/hadoop-ozone/integration-test/target/test-dir/MiniOzoneClusterImpl-6ee34448-fbd8-4951-8ae1-d137d06ced7b/datanode-9/data/ratis/4693b6c8-8f7a-4bca-bf13-9d4c5a32b7bf has been successfully formatted.
2022-10-28 11:28:55,892 [EventQueue-PipelineReportForPipelineReportHandler] INFO  pipeline.PipelineManagerImpl (PipelineManagerImpl.java:openPipeline(367)) - Pipeline Pipeline[ Id: 4693b6c8-8f7a-4bca-bf13-9d4c5a32b7bf, Nodes: af2ba7b3-e3cd-4616-bfee-e743369bcf5a{ip: 10.1.0.114, host: fv-az700-396.2bpskmoaobnu3eckqg1qau4u2h.cx.internal.cloudapp.net, ports: [REPLICATION=42429, RATIS=38029, RATIS_ADMIN=38029, RATIS_SERVER=38029, STANDALONE=35567], networkLocation: /default-rack, certSerialId: null, persistedOpState: IN_SERVICE, persistedOpStateExpiryEpochSec: 0}, ReplicationConfig: RATIS/ONE, State:ALLOCATED, leaderId:af2ba7b3-e3cd-4616-bfee-e743369bcf5a, CreationTimestamp2022-10-28T11:28:52.884Z[Etc/UTC]] moved to OPEN state
2022-10-28 11:28:55,892 [EventQueue-OpenPipelineForHealthyPipelineSafeModeRule] INFO  safemode.SCMSafeModeManager (HealthyPipelineSafeModeRule.java:process(137)) - SCM in safe mode. Healthy pipelines reported count is 0, required healthy pipeline reported count is 1
2022-10-28 11:28:55,893 [pool-291-thread-1] INFO  ratis.ContainerStateMachine (ContainerStateMachine.java:loadSnapshot(236)) - group-9D4C5A32B7BF: The snapshot info is null. Setting the last applied indexto:(t:0, i:~)
2022-10-28 11:28:55,895 [pool-291-thread-1] INFO  server.RaftServerConfigKeys (ConfUtils.java:logGet(46)) - raft.server.log.use.memory = false (default)
2022-10-28 11:28:55,895 [pool-291-thread-1] INFO  server.RaftServerConfigKeys (ConfUtils.java:logGet(46)) - raft.server.log.purge.gap = 1000000 (custom)
2022-10-28 11:28:55,896 [pool-291-thread-1] INFO  server.RaftServerConfigKeys (ConfUtils.java:logGet(46)) - raft.server.log.appender.buffer.byte-limit = 33554432 (custom)
2022-10-28 11:28:55,896 [pool-291-thread-1] INFO  server.RaftServerConfigKeys (ConfUtils.java:logGet(46)) - raft.server.log.statemachine.data.read.timeout = 1000ms (default)
2022-10-28 11:28:55,896 [pool-291-thread-1] INFO  server.RaftServerConfigKeys (ConfUtils.java:logGet(46)) - raft.server.log.purge.preservation.log.num = 0 (default)
2022-10-28 11:28:55,896 [pool-291-thread-1] INFO  server.RaftServerConfigKeys (ConfUtils.java:logGet(46)) - raft.server.log.segment.size.max = 1048576 (custom)
2022-10-28 11:28:55,896 [pool-291-thread-1] INFO  server.RaftServerConfigKeys (ConfUtils.java:logGet(46)) - raft.server.log.segment.cache.num.max = 2 (custom)
2022-10-28 11:28:55,896 [pool-291-thread-1] INFO  server.RaftServerConfigKeys (ConfUtils.java:logGet(46)) - raft.server.log.segment.cache.size.max = 200MB (=209715200) (default)
2022-10-28 11:28:55,896 [pool-291-thread-1] INFO  segmented.SegmentedRaftLogWorker (SegmentedRaftLogWorker.java:<init>(191)) - new af2ba7b3-e3cd-4616-bfee-e743369bcf5a@group-9D4C5A32B7BF-SegmentedRaftLogWorker for RaftStorageImpl:Storage Directory /home/runner/work/ozone/ozone/hadoop-ozone/integration-test/target/test-dir/MiniOzoneClusterImpl-6ee34448-fbd8-4951-8ae1-d137d06ced7b/datanode-9/data/ratis/4693b6c8-8f7a-4bca-bf13-9d4c5a32b7bf
2022-10-28 11:28:55,896 [pool-291-thread-1] INFO  server.RaftServerConfigKeys (ConfUtils.java:logGet(46)) - raft.server.log.queue.byte-limit = 4294967296 (custom)
2022-10-28 11:28:55,896 [pool-291-thread-1] INFO  server.RaftServerConfigKeys (ConfUtils.java:logGet(46)) - raft.server.log.queue.element-limit = 1024 (custom)
2022-10-28 11:28:55,896 [pool-291-thread-1] INFO  server.RaftServerConfigKeys (ConfUtils.java:logGet(46)) - raft.server.log.segment.size.max = 1048576 (custom)
2022-10-28 11:28:55,896 [pool-291-thread-1] INFO  server.RaftServerConfigKeys (ConfUtils.java:logGet(46)) - raft.server.log.preallocated.size = 16384 (custom)
2022-10-28 11:28:55,896 [pool-291-thread-1] INFO  server.RaftServerConfigKeys (ConfUtils.java:logGet(46)) - raft.server.log.force.sync.num = 128 (default)
2022-10-28 11:28:55,896 [pool-291-thread-1] INFO  server.RaftServerConfigKeys (ConfUtils.java:logGet(46)) - raft.server.log.statemachine.data.sync = true (default)
2022-10-28 11:28:55,896 [pool-291-thread-1] INFO  server.RaftServerConfigKeys (ConfUtils.java:logGet(46)) - raft.server.log.statemachine.data.sync.timeout = 10s (default)
2022-10-28 11:28:55,896 [pool-291-thread-1] INFO  server.RaftServerConfigKeys (ConfUtils.java:logGet(46)) - raft.server.log.statemachine.data.sync.timeout.retry = -1 (default)
2022-10-28 11:28:55,897 [pool-291-thread-1] INFO  server.RaftServerConfigKeys (ConfUtils.java:logGet(46)) - raft.server.log.write.buffer.size = 1048576 (custom)
2022-10-28 11:28:55,898 [pool-291-thread-1] INFO  server.RaftServerConfigKeys (ConfUtils.java:logGet(46)) - raft.server.log.unsafe-flush.enabled = false (default)
2022-10-28 11:28:55,898 [pool-291-thread-1] INFO  server.RaftServerConfigKeys (ConfUtils.java:logGet(46)) - raft.server.log.async-flush.enabled = false (default)
2022-10-28 11:28:55,898 [pool-291-thread-1] INFO  server.RaftServerConfigKeys (ConfUtils.java:logGet(46)) - raft.server.log.statemachine.data.caching.enabled = true (custom)
2022-10-28 11:28:55,898 [pool-291-thread-1] INFO  segmented.SegmentedRaftLogWorker (SegmentedRaftLogWorker.java:lambda$new$0(136)) - af2ba7b3-e3cd-4616-bfee-e743369bcf5a@group-9D4C5A32B7BF-SegmentedRaftLogWorker: flushIndex: setUnconditionally 0 -> -1
2022-10-28 11:28:55,898 [pool-291-thread-1] INFO  segmented.SegmentedRaftLogWorker (SegmentedRaftLogWorker.java:lambda$new$0(136)) - af2ba7b3-e3cd-4616-bfee-e743369bcf5a@group-9D4C5A32B7BF-SegmentedRaftLogWorker: safeCacheEvictIndex: setUnconditionally 0 -> -1
2022-10-28 11:28:55,898 [pool-291-thread-1] INFO  server.RaftServer$Division (RaftServerImpl.java:start(334)) - af2ba7b3-e3cd-4616-bfee-e743369bcf5a@group-9D4C5A32B7BF: start as a follower, conf=-1: peers:[af2ba7b3-e3cd-4616-bfee-e743369bcf5a|rpc:10.1.0.114:38029|priority:1|startupRole:FOLLOWER]|listeners:[], old=null
2022-10-28 11:28:55,898 [pool-291-thread-1] INFO  server.RaftServer$Division (RaftServerImpl.java:setRole(321)) - af2ba7b3-e3cd-4616-bfee-e743369bcf5a@group-9D4C5A32B7BF: changes role from      null to FOLLOWER at term 0 for startAsFollower
2022-10-28 11:28:55,898 [pool-291-thread-1] INFO  impl.RoleInfo (RoleInfo.java:updateAndGet(139)) - af2ba7b3-e3cd-4616-bfee-e743369bcf5a: start af2ba7b3-e3cd-4616-bfee-e743369bcf5a@group-9D4C5A32B7BF-FollowerState
2022-10-28 11:28:55,899 [pool-291-thread-1] INFO  util.JmxRegister (JmxRegister.java:tryRegister(44)) - Successfully registered JMX Bean with object name Ratis:service=RaftServer,group=group-9D4C5A32B7BF,id=af2ba7b3-e3cd-4616-bfee-e743369bcf5a
2022-10-28 11:28:55,899 [pool-291-thread-1] INFO  server.RaftServerConfigKeys (ConfUtils.java:logGet(46)) - raft.server.snapshot.auto.trigger.enabled = true (custom)
2022-10-28 11:28:55,899 [pool-291-thread-1] INFO  server.RaftServerConfigKeys (ConfUtils.java:logGet(46)) - raft.server.snapshot.auto.trigger.threshold = 10000 (custom)
2022-10-28 11:28:55,899 [pool-291-thread-1] INFO  server.RaftServerConfigKeys (ConfUtils.java:logGet(46)) - raft.server.snapshot.retention.file.num = 5 (custom)
2022-10-28 11:28:55,899 [pool-291-thread-1] INFO  server.RaftServerConfigKeys (ConfUtils.java:logGet(46)) - raft.server.log.purge.upto.snapshot.index = false (default)
2022-10-28 11:28:55,899 [af2ba7b3-e3cd-4616-bfee-e743369bcf5a@group-9D4C5A32B7BF-FollowerState] INFO  server.RaftServerConfigKeys (ConfUtils.java:logFallback(53)) - raft.server.rpc.first-election.timeout.min = 5s (fallback to raft.server.rpc.timeout.min)
2022-10-28 11:28:55,899 [af2ba7b3-e3cd-4616-bfee-e743369bcf5a@group-9D4C5A32B7BF-FollowerState] INFO  server.RaftServerConfigKeys (ConfUtils.java:logFallback(53)) - raft.server.rpc.first-election.timeout.max = 5200ms (fallback to raft.server.rpc.timeout.max)
2022-10-28 11:28:55,900 [Command processor thread] INFO  ratis.XceiverServerRatis (XceiverServerRatis.java:addGroup(765)) - Created group PipelineID=4693b6c8-8f7a-4bca-bf13-9d4c5a32b7bf
2022-10-28 11:28:55,900 [Command processor thread] INFO  commandhandler.CreatePipelineCommandHandler (CreatePipelineCommandHandler.java:handle(113)) - Created Pipeline RATIS ONE PipelineID=4693b6c8-8f7a-4bca-bf13-9d4c5a32b7bf.
2022-10-28 11:28:56,883 [Listener at 127.0.0.1/42141] INFO  ozone.MiniOzoneClusterImpl (MiniOzoneClusterImpl.java:lambda$waitForClusterToBeReady$0(216)) - Nodes are ready. Got 10 of 10 DN Heartbeats.
2022-10-28 11:28:56,883 [Listener at 127.0.0.1/42141] INFO  ozone.MiniOzoneClusterImpl (MiniOzoneClusterImpl.java:lambda$waitForClusterToBeReady$0(219)) - Waiting for cluster to exit safe mode
2022-10-28 11:28:56,883 [Listener at 127.0.0.1/42141] INFO  ozone.MiniOzoneClusterImpl (MiniOzoneClusterImpl.java:lambda$waitForClusterToBeReady$0(221)) - SCM became leader
2022-10-28 11:28:57,873 [0c9bf628-edfc-473a-824e-eb061e1afdb3@group-EE41B3B0F527-FollowerState] INFO  impl.FollowerState (FollowerState.java:run(143)) - 0c9bf628-edfc-473a-824e-eb061e1afdb3@group-EE41B3B0F527-FollowerState: change to CANDIDATE, lastRpcElapsedTime:5051775532ns, electionTimeout:5046ms
2022-10-28 11:28:57,874 [0c9bf628-edfc-473a-824e-eb061e1afdb3@group-EE41B3B0F527-FollowerState] INFO  impl.RoleInfo (RoleInfo.java:shutdownFollowerState(110)) - 0c9bf628-edfc-473a-824e-eb061e1afdb3: shutdown 0c9bf628-edfc-473a-824e-eb061e1afdb3@group-EE41B3B0F527-FollowerState
2022-10-28 11:28:57,874 [0c9bf628-edfc-473a-824e-eb061e1afdb3@group-EE41B3B0F527-FollowerState] INFO  server.RaftServer$Division (RaftServerImpl.java:setRole(321)) - 0c9bf628-edfc-473a-824e-eb061e1afdb3@group-EE41B3B0F527: changes role from  FOLLOWER to CANDIDATE at term 0 for changeToCandidate
2022-10-28 11:28:57,875 [0c9bf628-edfc-473a-824e-eb061e1afdb3@group-EE41B3B0F527-FollowerState] INFO  server.RaftServerConfigKeys (ConfUtils.java:logGet(46)) - raft.server.leaderelection.pre-vote = false (custom)
2022-10-28 11:28:57,875 [0c9bf628-edfc-473a-824e-eb061e1afdb3@group-EE41B3B0F527-FollowerState] INFO  impl.RoleInfo (RoleInfo.java:updateAndGet(139)) - 0c9bf628-edfc-473a-824e-eb061e1afdb3: start 0c9bf628-edfc-473a-824e-eb061e1afdb3@group-EE41B3B0F527-LeaderElection2
2022-10-28 11:28:57,878 [0c9bf628-edfc-473a-824e-eb061e1afdb3@group-EE41B3B0F527-LeaderElection2] INFO  impl.LeaderElection (LeaderElection.java:askForVotes(312)) - 0c9bf628-edfc-473a-824e-eb061e1afdb3@group-EE41B3B0F527-LeaderElection2 ELECTION round 0: submit vote requests at term 1 for -1: peers:[0c9bf628-edfc-473a-824e-eb061e1afdb3|rpc:10.1.0.114:43977|priority:1|startupRole:FOLLOWER]|listeners:[], old=null
2022-10-28 11:28:57,878 [0c9bf628-edfc-473a-824e-eb061e1afdb3@group-EE41B3B0F527-LeaderElection2] INFO  impl.LeaderElection (LeaderElection.java:askForVotes(314)) - 0c9bf628-edfc-473a-824e-eb061e1afdb3@group-EE41B3B0F527-LeaderElection2 ELECTION round 0: result PASSED (term=1)
2022-10-28 11:28:57,878 [0c9bf628-edfc-473a-824e-eb061e1afdb3@group-EE41B3B0F527-LeaderElection2] INFO  impl.RoleInfo (RoleInfo.java:shutdownLeaderElection(130)) - 0c9bf628-edfc-473a-824e-eb061e1afdb3: shutdown 0c9bf628-edfc-473a-824e-eb061e1afdb3@group-EE41B3B0F527-LeaderElection2
2022-10-28 11:28:57,878 [0c9bf628-edfc-473a-824e-eb061e1afdb3@group-EE41B3B0F527-LeaderElection2] INFO  server.RaftServer$Division (RaftServerImpl.java:setRole(321)) - 0c9bf628-edfc-473a-824e-eb061e1afdb3@group-EE41B3B0F527: changes role from CANDIDATE to LEADER at term 1 for changeToLeader
2022-10-28 11:28:57,878 [0c9bf628-edfc-473a-824e-eb061e1afdb3@group-EE41B3B0F527-LeaderElection2] INFO  ratis.XceiverServerRatis (XceiverServerRatis.java:handleLeaderChangedNotification(863)) - Leader change notification received for group: group-EE41B3B0F527 with new leaderId: 0c9bf628-edfc-473a-824e-eb061e1afdb3
2022-10-28 11:28:57,878 [0c9bf628-edfc-473a-824e-eb061e1afdb3@group-EE41B3B0F527-LeaderElection2] INFO  server.RaftServer$Division (ServerState.java:setLeader(313)) - 0c9bf628-edfc-473a-824e-eb061e1afdb3@group-EE41B3B0F527: change Leader from null to 0c9bf628-edfc-473a-824e-eb061e1afdb3 at term 1 for becomeLeader, leader elected after 5130ms
2022-10-28 11:28:57,879 [0c9bf628-edfc-473a-824e-eb061e1afdb3@group-EE41B3B0F527-LeaderElection2] INFO  server.RaftServerConfigKeys (ConfUtils.java:logGet(46)) - raft.server.staging.catchup.gap = 1000 (default)
2022-10-28 11:28:57,879 [0c9bf628-edfc-473a-824e-eb061e1afdb3@group-EE41B3B0F527-LeaderElection2] INFO  server.RaftServerConfigKeys (ConfUtils.java:logGet(46)) - raft.server.write.element-limit = 1024 (custom)
2022-10-28 11:28:57,879 [0c9bf628-edfc-473a-824e-eb061e1afdb3@group-EE41B3B0F527-LeaderElection2] INFO  server.RaftServerConfigKeys (ConfUtils.java:logGet(46)) - raft.server.write.byte-limit = 1024 M (=1073741824) (custom)
2022-10-28 11:28:57,879 [0c9bf628-edfc-473a-824e-eb061e1afdb3@group-EE41B3B0F527-LeaderElection2] INFO  server.RaftServerConfigKeys (ConfUtils.java:logGet(46)) - raft.server.watch.timeout = 180s (custom)
2022-10-28 11:28:57,879 [0c9bf628-edfc-473a-824e-eb061e1afdb3@group-EE41B3B0F527-LeaderElection2] INFO  server.RaftServerConfigKeys (ConfUtils.java:logGet(46)) - raft.server.watch.timeout.denomination = 1s (default)
2022-10-28 11:28:57,879 [0c9bf628-edfc-473a-824e-eb061e1afdb3@group-EE41B3B0F527-LeaderElection2] INFO  server.RaftServerConfigKeys (ConfUtils.java:logGet(46)) - raft.server.watch.element-limit = 65536 (default)
2022-10-28 11:28:57,879 [0c9bf628-edfc-473a-824e-eb061e1afdb3@group-EE41B3B0F527-LeaderElection2] INFO  server.RaftServerConfigKeys (ConfUtils.java:logGet(46)) - raft.server.write.element-limit = 1024 (custom)
2022-10-28 11:28:57,879 [0c9bf628-edfc-473a-824e-eb061e1afdb3@group-EE41B3B0F527-LeaderElection2] INFO  server.RaftServerConfigKeys (ConfUtils.java:logGet(46)) - raft.server.write.follower.gap.ratio.max = -1.0 (default)
2022-10-28 11:28:57,879 [0c9bf628-edfc-473a-824e-eb061e1afdb3@group-EE41B3B0F527-LeaderElection2] INFO  impl.RoleInfo (RoleInfo.java:updateAndGet(139)) - 0c9bf628-edfc-473a-824e-eb061e1afdb3: start 0c9bf628-edfc-473a-824e-eb061e1afdb3@group-EE41B3B0F527-LeaderStateImpl
2022-10-28 11:28:57,880 [0c9bf628-edfc-473a-824e-eb061e1afdb3@group-EE41B3B0F527-LeaderElection2] INFO  segmented.SegmentedRaftLogWorker (SegmentedRaftLogWorker.java:startLogSegment(452)) - 0c9bf628-edfc-473a-824e-eb061e1afdb3@group-EE41B3B0F527-SegmentedRaftLogWorker: Starting segment from index:0
2022-10-28 11:28:57,880 [EventQueue-OpenPipelineForHealthyPipelineSafeModeRule] INFO  safemode.SCMSafeModeManager (HealthyPipelineSafeModeRule.java:process(137)) - SCM in safe mode. Healthy pipelines reported count is 0, required healthy pipeline reported count is 1
2022-10-28 11:28:57,881 [0c9bf628-edfc-473a-824e-eb061e1afdb3@group-EE41B3B0F527-SegmentedRaftLogWorker] INFO  segmented.SegmentedRaftLogWorker (SegmentedRaftLogWorker.java:execute(656)) - 0c9bf628-edfc-473a-824e-eb061e1afdb3@group-EE41B3B0F527-SegmentedRaftLogWorker: created new log segment /home/runner/work/ozone/ozone/hadoop-ozone/integration-test/target/test-dir/MiniOzoneClusterImpl-6ee34448-fbd8-4951-8ae1-d137d06ced7b/datanode-0/data/ratis/008773f4-d759-4a39-ad5a-ee41b3b0f527/current/log_inprogress_0
2022-10-28 11:28:57,881 [0c9bf628-edfc-473a-824e-eb061e1afdb3@group-EE41B3B0F527-LeaderElection2] INFO  server.RaftServer$Division (ServerState.java:setRaftConf(430)) - 0c9bf628-edfc-473a-824e-eb061e1afdb3@group-EE41B3B0F527: set configuration 0: peers:[0c9bf628-edfc-473a-824e-eb061e1afdb3|rpc:10.1.0.114:43977|dataStream:|priority:1|startupRole:FOLLOWER]|listeners:[], old=null
2022-10-28 11:28:57,883 [Listener at 127.0.0.1/42141] INFO  ozone.MiniOzoneClusterImpl (MiniOzoneClusterImpl.java:lambda$waitForClusterToBeReady$0(216)) - Nodes are ready. Got 10 of 10 DN Heartbeats.
2022-10-28 11:28:57,884 [Listener at 127.0.0.1/42141] INFO  ozone.MiniOzoneClusterImpl (MiniOzoneClusterImpl.java:lambda$waitForClusterToBeReady$0(219)) - Waiting for cluster to exit safe mode
2022-10-28 11:28:57,884 [Listener at 127.0.0.1/42141] INFO  ozone.MiniOzoneClusterImpl (MiniOzoneClusterImpl.java:lambda$waitForClusterToBeReady$0(221)) - SCM became leader
2022-10-28 11:28:58,052 [0c9bf628-edfc-473a-824e-eb061e1afdb3@group-6EDC1BDBC3EA-FollowerState] INFO  impl.FollowerState (FollowerState.java:run(143)) - 0c9bf628-edfc-473a-824e-eb061e1afdb3@group-6EDC1BDBC3EA-FollowerState: change to CANDIDATE, lastRpcElapsedTime:5197966777ns, electionTimeout:5197ms
2022-10-28 11:28:58,053 [0c9bf628-edfc-473a-824e-eb061e1afdb3@group-6EDC1BDBC3EA-FollowerState] INFO  impl.RoleInfo (RoleInfo.java:shutdownFollowerState(110)) - 0c9bf628-edfc-473a-824e-eb061e1afdb3: shutdown 0c9bf628-edfc-473a-824e-eb061e1afdb3@group-6EDC1BDBC3EA-FollowerState
2022-10-28 11:28:58,053 [0c9bf628-edfc-473a-824e-eb061e1afdb3@group-6EDC1BDBC3EA-FollowerState] INFO  server.RaftServer$Division (RaftServerImpl.java:setRole(321)) - 0c9bf628-edfc-473a-824e-eb061e1afdb3@group-6EDC1BDBC3EA: changes role from  FOLLOWER to CANDIDATE at term 0 for changeToCandidate
2022-10-28 11:28:58,054 [0c9bf628-edfc-473a-824e-eb061e1afdb3@group-6EDC1BDBC3EA-FollowerState] INFO  server.RaftServerConfigKeys (ConfUtils.java:logGet(46)) - raft.server.leaderelection.pre-vote = false (custom)
2022-10-28 11:28:58,054 [0c9bf628-edfc-473a-824e-eb061e1afdb3@group-6EDC1BDBC3EA-FollowerState] INFO  impl.RoleInfo (RoleInfo.java:updateAndGet(139)) - 0c9bf628-edfc-473a-824e-eb061e1afdb3: start 0c9bf628-edfc-473a-824e-eb061e1afdb3@group-6EDC1BDBC3EA-LeaderElection3
2022-10-28 11:28:58,057 [0c9bf628-edfc-473a-824e-eb061e1afdb3@group-6EDC1BDBC3EA-LeaderElection3] INFO  impl.LeaderElection (LeaderElection.java:askForVotes(312)) - 0c9bf628-edfc-473a-824e-eb061e1afdb3@group-6EDC1BDBC3EA-LeaderElection3 ELECTION round 0: submit vote requests at term 1 for -1: peers:[1914ef14-e927-4aee-a78a-186b0a6a783b|rpc:10.1.0.114:45645|priority:0|startupRole:FOLLOWER, 4117c80f-d61a-41ff-a958-d6b4139221af|rpc:10.1.0.114:40159|priority:0|startupRole:FOLLOWER, 0c9bf628-edfc-473a-824e-eb061e1afdb3|rpc:10.1.0.114:43977|priority:1|startupRole:FOLLOWER]|listeners:[], old=null
2022-10-28 11:28:58,062 [0c9bf628-edfc-473a-824e-eb061e1afdb3@group-6EDC1BDBC3EA-LeaderElection3] INFO  server.RaftServerConfigKeys (ConfUtils.java:logFallback(53)) - raft.server.rpc.first-election.timeout.min = 5s (fallback to raft.server.rpc.timeout.min)
2022-10-28 11:28:58,063 [0c9bf628-edfc-473a-824e-eb061e1afdb3@group-6EDC1BDBC3EA-LeaderElection3] INFO  server.RaftServerConfigKeys (ConfUtils.java:logFallback(53)) - raft.server.rpc.first-election.timeout.max = 5200ms (fallback to raft.server.rpc.timeout.max)
2022-10-28 11:28:58,063 [0c9bf628-edfc-473a-824e-eb061e1afdb3@group-6EDC1BDBC3EA-LeaderElection3-1] INFO  server.GrpcServerProtocolClient (GrpcServerProtocolClient.java:<init>(63)) - Build channel for 1914ef14-e927-4aee-a78a-186b0a6a783b
2022-10-28 11:28:58,064 [0c9bf628-edfc-473a-824e-eb061e1afdb3@group-6EDC1BDBC3EA-LeaderElection3-2] INFO  server.GrpcServerProtocolClient (GrpcServerProtocolClient.java:<init>(63)) - Build channel for 4117c80f-d61a-41ff-a958-d6b4139221af
2022-10-28 11:28:58,080 [grpc-default-executor-1] INFO  server.RaftServer$Division (RaftServerImpl.java:requestVote(1218)) - 1914ef14-e927-4aee-a78a-186b0a6a783b@group-6EDC1BDBC3EA: receive requestVote(ELECTION, 0c9bf628-edfc-473a-824e-eb061e1afdb3, group-6EDC1BDBC3EA, 1, (t:0, i:0))
2022-10-28 11:28:58,082 [grpc-default-executor-1] INFO  impl.VoteContext (VoteContext.java:log(48)) - 1914ef14-e927-4aee-a78a-186b0a6a783b@group-6EDC1BDBC3EA-FOLLOWER: accept ELECTION from 0c9bf628-edfc-473a-824e-eb061e1afdb3: our priority 0 <= candidate's priority 1
2022-10-28 11:28:58,082 [grpc-default-executor-1] INFO  server.RaftServer$Division (RaftServerImpl.java:setRole(321)) - 1914ef14-e927-4aee-a78a-186b0a6a783b@group-6EDC1BDBC3EA: changes role from  FOLLOWER to FOLLOWER at term 1 for candidate:0c9bf628-edfc-473a-824e-eb061e1afdb3
2022-10-28 11:28:58,082 [grpc-default-executor-1] INFO  impl.RoleInfo (RoleInfo.java:shutdownFollowerState(110)) - 1914ef14-e927-4aee-a78a-186b0a6a783b: shutdown 1914ef14-e927-4aee-a78a-186b0a6a783b@group-6EDC1BDBC3EA-FollowerState
2022-10-28 11:28:58,086 [1914ef14-e927-4aee-a78a-186b0a6a783b@group-6EDC1BDBC3EA-FollowerState] INFO  impl.FollowerState (FollowerState.java:run(152)) - 1914ef14-e927-4aee-a78a-186b0a6a783b@group-6EDC1BDBC3EA-FollowerState was interrupted
2022-10-28 11:28:58,086 [grpc-default-executor-1] INFO  impl.RoleInfo (RoleInfo.java:updateAndGet(139)) - 1914ef14-e927-4aee-a78a-186b0a6a783b: start 1914ef14-e927-4aee-a78a-186b0a6a783b@group-6EDC1BDBC3EA-FollowerState
2022-10-28 11:28:58,086 [1914ef14-e927-4aee-a78a-186b0a6a783b@group-6EDC1BDBC3EA-FollowerState] INFO  server.RaftServerConfigKeys (ConfUtils.java:logFallback(53)) - raft.server.rpc.first-election.timeout.min = 5s (fallback to raft.server.rpc.timeout.min)
2022-10-28 11:28:58,086 [1914ef14-e927-4aee-a78a-186b0a6a783b@group-6EDC1BDBC3EA-FollowerState] INFO  server.RaftServerConfigKeys (ConfUtils.java:logFallback(53)) - raft.server.rpc.first-election.timeout.max = 5200ms (fallback to raft.server.rpc.timeout.max)
2022-10-28 11:28:58,096 [grpc-default-executor-1] INFO  server.RaftServer$Division (RaftServerImpl.java:requestVote(1251)) - 1914ef14-e927-4aee-a78a-186b0a6a783b@group-6EDC1BDBC3EA replies to ELECTION vote request: 0c9bf628-edfc-473a-824e-eb061e1afdb3<-1914ef14-e927-4aee-a78a-186b0a6a783b#0:OK-t1. Peer's state: 1914ef14-e927-4aee-a78a-186b0a6a783b@group-6EDC1BDBC3EA:t1, leader=null, voted=0c9bf628-edfc-473a-824e-eb061e1afdb3, raftlog=Memoized:1914ef14-e927-4aee-a78a-186b0a6a783b@group-6EDC1BDBC3EA-SegmentedRaftLog:OPENED:c-1, conf=-1: peers:[1914ef14-e927-4aee-a78a-186b0a6a783b|rpc:10.1.0.114:45645|priority:0|startupRole:FOLLOWER, 4117c80f-d61a-41ff-a958-d6b4139221af|rpc:10.1.0.114:40159|priority:0|startupRole:FOLLOWER, 0c9bf628-edfc-473a-824e-eb061e1afdb3|rpc:10.1.0.114:43977|priority:1|startupRole:FOLLOWER]|listeners:[], old=null
2022-10-28 11:28:58,097 [grpc-default-executor-0] INFO  server.RaftServer$Division (RaftServerImpl.java:requestVote(1218)) - 4117c80f-d61a-41ff-a958-d6b4139221af@group-6EDC1BDBC3EA: receive requestVote(ELECTION, 0c9bf628-edfc-473a-824e-eb061e1afdb3, group-6EDC1BDBC3EA, 1, (t:0, i:0))
2022-10-28 11:28:58,097 [grpc-default-executor-0] INFO  impl.VoteContext (VoteContext.java:log(48)) - 4117c80f-d61a-41ff-a958-d6b4139221af@group-6EDC1BDBC3EA-FOLLOWER: accept ELECTION from 0c9bf628-edfc-473a-824e-eb061e1afdb3: our priority 0 <= candidate's priority 1
2022-10-28 11:28:58,098 [grpc-default-executor-0] INFO  server.RaftServer$Division (RaftServerImpl.java:setRole(321)) - 4117c80f-d61a-41ff-a958-d6b4139221af@group-6EDC1BDBC3EA: changes role from  FOLLOWER to FOLLOWER at term 1 for candidate:0c9bf628-edfc-473a-824e-eb061e1afdb3
2022-10-28 11:28:58,098 [grpc-default-executor-0] INFO  impl.RoleInfo (RoleInfo.java:shutdownFollowerState(110)) - 4117c80f-d61a-41ff-a958-d6b4139221af: shutdown 4117c80f-d61a-41ff-a958-d6b4139221af@group-6EDC1BDBC3EA-FollowerState
2022-10-28 11:28:58,099 [4117c80f-d61a-41ff-a958-d6b4139221af@group-6EDC1BDBC3EA-FollowerState] INFO  impl.FollowerState (FollowerState.java:run(152)) - 4117c80f-d61a-41ff-a958-d6b4139221af@group-6EDC1BDBC3EA-FollowerState was interrupted
2022-10-28 11:28:58,099 [0c9bf628-edfc-473a-824e-eb061e1afdb3@group-6EDC1BDBC3EA-LeaderElection3] INFO  impl.LeaderElection (LeaderElection.java:logAndReturn(90)) - 0c9bf628-edfc-473a-824e-eb061e1afdb3@group-6EDC1BDBC3EA-LeaderElection3: ELECTION PASSED received 1 response(s) and 0 exception(s):
2022-10-28 11:28:58,099 [0c9bf628-edfc-473a-824e-eb061e1afdb3@group-6EDC1BDBC3EA-LeaderElection3] INFO  impl.LeaderElection (LeaderElection.java:logAndReturn(94)) -   Response 0: 0c9bf628-edfc-473a-824e-eb061e1afdb3<-1914ef14-e927-4aee-a78a-186b0a6a783b#0:OK-t1
2022-10-28 11:28:58,099 [0c9bf628-edfc-473a-824e-eb061e1afdb3@group-6EDC1BDBC3EA-LeaderElection3] INFO  impl.LeaderElection (LeaderElection.java:askForVotes(314)) - 0c9bf628-edfc-473a-824e-eb061e1afdb3@group-6EDC1BDBC3EA-LeaderElection3 ELECTION round 0: result PASSED
2022-10-28 11:28:58,099 [0c9bf628-edfc-473a-824e-eb061e1afdb3@group-6EDC1BDBC3EA-LeaderElection3] INFO  impl.RoleInfo (RoleInfo.java:shutdownLeaderElection(130)) - 0c9bf628-edfc-473a-824e-eb061e1afdb3: shutdown 0c9bf628-edfc-473a-824e-eb061e1afdb3@group-6EDC1BDBC3EA-LeaderElection3
2022-10-28 11:28:58,099 [0c9bf628-edfc-473a-824e-eb061e1afdb3@group-6EDC1BDBC3EA-LeaderElection3] INFO  server.RaftServer$Division (RaftServerImpl.java:setRole(321)) - 0c9bf628-edfc-473a-824e-eb061e1afdb3@group-6EDC1BDBC3EA: changes role from CANDIDATE to LEADER at term 1 for changeToLeader
2022-10-28 11:28:58,099 [0c9bf628-edfc-473a-824e-eb061e1afdb3@group-6EDC1BDBC3EA-LeaderElection3] INFO  ratis.XceiverServerRatis (XceiverServerRatis.java:handleLeaderChangedNotification(863)) - Leader change notification received for group: group-6EDC1BDBC3EA with new leaderId: 0c9bf628-edfc-473a-824e-eb061e1afdb3
2022-10-28 11:28:58,099 [0c9bf628-edfc-473a-824e-eb061e1afdb3@group-6EDC1BDBC3EA-LeaderElection3] INFO  server.RaftServer$Division (ServerState.java:setLeader(313)) - 0c9bf628-edfc-473a-824e-eb061e1afdb3@group-6EDC1BDBC3EA: change Leader from null to 0c9bf628-edfc-473a-824e-eb061e1afdb3 at term 1 for becomeLeader, leader elected after 5262ms
2022-10-28 11:28:58,099 [0c9bf628-edfc-473a-824e-eb061e1afdb3@group-6EDC1BDBC3EA-LeaderElection3] INFO  server.RaftServerConfigKeys (ConfUtils.java:logGet(46)) - raft.server.staging.catchup.gap = 1000 (default)
2022-10-28 11:28:58,099 [0c9bf628-edfc-473a-824e-eb061e1afdb3@group-6EDC1BDBC3EA-LeaderElection3] INFO  server.RaftServerConfigKeys (ConfUtils.java:logGet(46)) - raft.server.write.element-limit = 1024 (custom)
2022-10-28 11:28:58,099 [0c9bf628-edfc-473a-824e-eb061e1afdb3@group-6EDC1BDBC3EA-LeaderElection3] INFO  server.RaftServerConfigKeys (ConfUtils.java:logGet(46)) - raft.server.write.byte-limit = 1024 M (=1073741824) (custom)
2022-10-28 11:28:58,100 [0c9bf628-edfc-473a-824e-eb061e1afdb3@group-6EDC1BDBC3EA-LeaderElection3] INFO  server.RaftServerConfigKeys (ConfUtils.java:logGet(46)) - raft.server.watch.timeout = 180s (custom)
2022-10-28 11:28:58,100 [0c9bf628-edfc-473a-824e-eb061e1afdb3@group-6EDC1BDBC3EA-LeaderElection3] INFO  server.RaftServerConfigKeys (ConfUtils.java:logGet(46)) - raft.server.watch.timeout.denomination = 1s (default)
2022-10-28 11:28:58,100 [0c9bf628-edfc-473a-824e-eb061e1afdb3@group-6EDC1BDBC3EA-LeaderElection3] INFO  server.RaftServerConfigKeys (ConfUtils.java:logGet(46)) - raft.server.watch.element-limit = 65536 (default)
2022-10-28 11:28:58,100 [0c9bf628-edfc-473a-824e-eb061e1afdb3@group-6EDC1BDBC3EA-LeaderElection3] INFO  server.RaftServerConfigKeys (ConfUtils.java:logGet(46)) - raft.server.write.element-limit = 1024 (custom)
2022-10-28 11:28:58,100 [0c9bf628-edfc-473a-824e-eb061e1afdb3@group-6EDC1BDBC3EA-LeaderElection3] INFO  server.RaftServerConfigKeys (ConfUtils.java:logGet(46)) - raft.server.write.follower.gap.ratio.max = -1.0 (default)
2022-10-28 11:28:58,103 [EventQueue-PipelineReportForPipelineReportHandler] INFO  pipeline.PipelineManagerImpl (PipelineManagerImpl.java:openPipeline(367)) - Pipeline Pipeline[ Id: 7b572f3d-fa43-4e84-bbda-6edc1bdbc3ea, Nodes: 1914ef14-e927-4aee-a78a-186b0a6a783b{ip: 10.1.0.114, host: fv-az700-396.2bpskmoaobnu3eckqg1qau4u2h.cx.internal.cloudapp.net, ports: [REPLICATION=35893, RATIS=45645, RATIS_ADMIN=45645, RATIS_SERVER=45645, STANDALONE=45051], networkLocation: /default-rack, certSerialId: null, persistedOpState: IN_SERVICE, persistedOpStateExpiryEpochSec: 0}4117c80f-d61a-41ff-a958-d6b4139221af{ip: 10.1.0.114, host: fv-az700-396.2bpskmoaobnu3eckqg1qau4u2h.cx.internal.cloudapp.net, ports: [REPLICATION=35693, RATIS=40159, RATIS_ADMIN=40159, RATIS_SERVER=40159, STANDALONE=37773], networkLocation: /default-rack, certSerialId: null, persistedOpState: IN_SERVICE, persistedOpStateExpiryEpochSec: 0}0c9bf628-edfc-473a-824e-eb061e1afdb3{ip: 10.1.0.114, host: fv-az700-396.2bpskmoaobnu3eckqg1qau4u2h.cx.internal.cloudapp.net, ports: [REPLICATION=41411, RATIS=43977, RATIS_ADMIN=43977, RATIS_SERVER=43977, STANDALONE=38459], networkLocation: /default-rack, certSerialId: null, persistedOpState: IN_SERVICE, persistedOpStateExpiryEpochSec: 0}, ReplicationConfig: RATIS/THREE, State:ALLOCATED, leaderId:0c9bf628-edfc-473a-824e-eb061e1afdb3, CreationTimestamp2022-10-28T11:28:50.585Z[Etc/UTC]] moved to OPEN state
2022-10-28 11:28:58,104 [EventQueue-OpenPipelineForHealthyPipelineSafeModeRule] INFO  safemode.SCMSafeModeManager (HealthyPipelineSafeModeRule.java:process(137)) - SCM in safe mode. Healthy pipelines reported count is 1, required healthy pipeline reported count is 1
2022-10-28 11:28:58,104 [EventQueue-OpenPipelineForHealthyPipelineSafeModeRule] INFO  safemode.SCMSafeModeManager (SCMSafeModeManager.java:validateSafeModeExitRules(204)) - HealthyPipelineSafeModeRule rule is successfully validated
2022-10-28 11:28:58,104 [EventQueue-OpenPipelineForHealthyPipelineSafeModeRule] INFO  safemode.SCMSafeModeManager (SCMSafeModeManager.java:validateSafeModeExitRules(219)) - ScmSafeModeManager, all rules are successfully validated
2022-10-28 11:28:58,104 [grpc-default-executor-0] INFO  impl.RoleInfo (RoleInfo.java:updateAndGet(139)) - 4117c80f-d61a-41ff-a958-d6b4139221af: start 4117c80f-d61a-41ff-a958-d6b4139221af@group-6EDC1BDBC3EA-FollowerState
2022-10-28 11:28:58,104 [EventQueue-OpenPipelineForHealthyPipelineSafeModeRule] INFO  safemode.SCMSafeModeManager (SCMSafeModeManager.java:exitSafeMode(248)) - SCM exiting safe mode.
2022-10-28 11:28:58,104 [EventQueue-OpenPipelineForHealthyPipelineSafeModeRule] WARN  events.EventQueue (EventQueue.java:fireEvent(216)) - No event handler registered for event TypedEvent{payloadType=SafeModeStatus, name='Safe mode status'}
2022-10-28 11:28:58,104 [EventQueue-OpenPipelineForHealthyPipelineSafeModeRule] INFO  ha.SCMContext (SCMContext.java:updateSafeModeStatus(228)) - Update SafeModeStatus from SafeModeStatus{safeModeStatus=true, preCheckPassed=true} to SafeModeStatus{safeModeStatus=false, preCheckPassed=true}.
2022-10-28 11:28:58,105 [EventQueue-OpenPipelineForHealthyPipelineSafeModeRule] INFO  pipeline.BackgroundPipelineCreator (BackgroundPipelineCreator.java:notifyStatusChanged(254)) - Service BackgroundPipelineCreator transitions to RUNNING.
2022-10-28 11:28:58,105 [EventQueue-OpenPipelineForHealthyPipelineSafeModeRule] INFO  BackgroundPipelineScrubber (BackgroundSCMService.java:notifyStatusChanged(82)) - Service BackgroundPipelineScrubber transitions to RUNNING.
2022-10-28 11:28:58,105 [EventQueue-OpenPipelineForHealthyPipelineSafeModeRule] INFO  ExpiredContainerReplicaOpScrubber (BackgroundSCMService.java:notifyStatusChanged(82)) - Service ExpiredContainerReplicaOpScrubber transitions to RUNNING.
2022-10-28 11:28:58,105 [EventQueue-OpenPipelineForHealthyPipelineSafeModeRule] INFO  replication.ReplicationManager (ReplicationManager.java:notifyStatusChanged(776)) - Service ReplicationManager transitions to RUNNING.
2022-10-28 11:28:58,110 [4117c80f-d61a-41ff-a958-d6b4139221af@group-6EDC1BDBC3EA-FollowerState] INFO  server.RaftServerConfigKeys (ConfUtils.java:logFallback(53)) - raft.server.rpc.first-election.timeout.min = 5s (fallback to raft.server.rpc.timeout.min)
2022-10-28 11:28:58,110 [4117c80f-d61a-41ff-a958-d6b4139221af@group-6EDC1BDBC3EA-FollowerState] INFO  server.RaftServerConfigKeys (ConfUtils.java:logFallback(53)) - raft.server.rpc.first-election.timeout.max = 5200ms (fallback to raft.server.rpc.timeout.max)
2022-10-28 11:28:58,110 [grpc-default-executor-0] INFO  server.RaftServer$Division (RaftServerImpl.java:requestVote(1251)) - 4117c80f-d61a-41ff-a958-d6b4139221af@group-6EDC1BDBC3EA replies to ELECTION vote request: 0c9bf628-edfc-473a-824e-eb061e1afdb3<-4117c80f-d61a-41ff-a958-d6b4139221af#0:OK-t1. Peer's state: 4117c80f-d61a-41ff-a958-d6b4139221af@group-6EDC1BDBC3EA:t1, leader=null, voted=0c9bf628-edfc-473a-824e-eb061e1afdb3, raftlog=Memoized:4117c80f-d61a-41ff-a958-d6b4139221af@group-6EDC1BDBC3EA-SegmentedRaftLog:OPENED:c-1, conf=-1: peers:[1914ef14-e927-4aee-a78a-186b0a6a783b|rpc:10.1.0.114:45645|dataStream:|priority:0|startupRole:FOLLOWER, 4117c80f-d61a-41ff-a958-d6b4139221af|rpc:10.1.0.114:40159|dataStream:|priority:0|startupRole:FOLLOWER, 0c9bf628-edfc-473a-824e-eb061e1afdb3|rpc:10.1.0.114:43977|dataStream:|priority:1|startupRole:FOLLOWER]|listeners:[], old=null
2022-10-28 11:28:58,112 [EventQueue-OpenPipelineForHealthyPipelineSafeModeRule] WARN  balancer.ContainerBalancer (ContainerBalancer.java:shouldRun(131)) - Could not find persisted configuration for ContainerBalancer when checking if ContainerBalancer should run. ContainerBalancer should not run now.
2022-10-28 11:28:58,118 [0c9bf628-edfc-473a-824e-eb061e1afdb3@group-6EDC1BDBC3EA-LeaderElection3] INFO  server.RaftServerConfigKeys (ConfUtils.java:logGet(46)) - raft.server.log.appender.snapshot.chunk.size.max = 16MB (=16777216) (default)
2022-10-28 11:28:58,118 [0c9bf628-edfc-473a-824e-eb061e1afdb3@group-6EDC1BDBC3EA-LeaderElection3] INFO  server.RaftServerConfigKeys (ConfUtils.java:logGet(46)) - raft.server.log.appender.buffer.byte-limit = 33554432 (custom)
2022-10-28 11:28:58,118 [0c9bf628-edfc-473a-824e-eb061e1afdb3@group-6EDC1BDBC3EA-LeaderElection3] INFO  server.RaftServerConfigKeys (ConfUtils.java:logGet(46)) - raft.server.log.appender.buffer.element-limit = 1 (custom)
2022-10-28 11:28:58,120 [0c9bf628-edfc-473a-824e-eb061e1afdb3@group-6EDC1BDBC3EA-LeaderElection3] INFO  grpc.GrpcConfigKeys (ConfUtils.java:logGet(46)) - raft.grpc.server.leader.outstanding.appends.max = 128 (default)
2022-10-28 11:28:58,120 [0c9bf628-edfc-473a-824e-eb061e1afdb3@group-6EDC1BDBC3EA-LeaderElection3] INFO  server.RaftServerConfigKeys (ConfUtils.java:logGet(46)) - raft.server.rpc.request.timeout = 60s (custom)
2022-10-28 11:28:58,120 [0c9bf628-edfc-473a-824e-eb061e1afdb3@group-6EDC1BDBC3EA-LeaderElection3] INFO  server.RaftServerConfigKeys (ConfUtils.java:logGet(46)) - raft.server.log.appender.install.snapshot.enabled = false (custom)
2022-10-28 11:28:58,120 [0c9bf628-edfc-473a-824e-eb061e1afdb3@group-6EDC1BDBC3EA-LeaderElection3] INFO  grpc.GrpcConfigKeys (ConfUtils.java:logGet(46)) - raft.grpc.server.heartbeat.channel = true (default)
2022-10-28 11:28:58,120 [0c9bf628-edfc-473a-824e-eb061e1afdb3@group-6EDC1BDBC3EA-LeaderElection3] INFO  server.RaftServerConfigKeys (ConfUtils.java:logGet(46)) - raft.server.log.appender.wait-time.min = 10ms (default)
2022-10-28 11:28:58,123 [0c9bf628-edfc-473a-824e-eb061e1afdb3@group-6EDC1BDBC3EA-LeaderElection3] INFO  server.RaftServerConfigKeys (ConfUtils.java:logGet(46)) - raft.server.log.appender.snapshot.chunk.size.max = 16MB (=16777216) (default)
2022-10-28 11:28:58,123 [0c9bf628-edfc-473a-824e-eb061e1afdb3@group-6EDC1BDBC3EA-LeaderElection3] INFO  server.RaftServerConfigKeys (ConfUtils.java:logGet(46)) - raft.server.log.appender.buffer.byte-limit = 33554432 (custom)
2022-10-28 11:28:58,123 [0c9bf628-edfc-473a-824e-eb061e1afdb3@group-6EDC1BDBC3EA-LeaderElection3] INFO  server.RaftServerConfigKeys (ConfUtils.java:logGet(46)) - raft.server.log.appender.buffer.element-limit = 1 (custom)
2022-10-28 11:28:58,123 [0c9bf628-edfc-473a-824e-eb061e1afdb3@group-6EDC1BDBC3EA-LeaderElection3] INFO  grpc.GrpcConfigKeys (ConfUtils.java:logGet(46)) - raft.grpc.server.leader.outstanding.appends.max = 128 (default)
2022-10-28 11:28:58,123 [0c9bf628-edfc-473a-824e-eb061e1afdb3@group-6EDC1BDBC3EA-LeaderElection3] INFO  server.RaftServerConfigKeys (ConfUtils.java:logGet(46)) - raft.server.rpc.request.timeout = 60s (custom)
2022-10-28 11:28:58,123 [0c9bf628-edfc-473a-824e-eb061e1afdb3@group-6EDC1BDBC3EA-LeaderElection3] INFO  server.RaftServerConfigKeys (ConfUtils.java:logGet(46)) - raft.server.log.appender.install.snapshot.enabled = false (custom)
2022-10-28 11:28:58,123 [0c9bf628-edfc-473a-824e-eb061e1afdb3@group-6EDC1BDBC3EA-LeaderElection3] INFO  grpc.GrpcConfigKeys (ConfUtils.java:logGet(46)) - raft.grpc.server.heartbeat.channel = true (default)
2022-10-28 11:28:58,123 [0c9bf628-edfc-473a-824e-eb061e1afdb3@group-6EDC1BDBC3EA-LeaderElection3] INFO  server.RaftServerConfigKeys (ConfUtils.java:logGet(46)) - raft.server.log.appender.wait-time.min = 10ms (default)
2022-10-28 11:28:58,124 [0c9bf628-edfc-473a-824e-eb061e1afdb3@group-6EDC1BDBC3EA-LeaderElection3] INFO  impl.RoleInfo (RoleInfo.java:updateAndGet(139)) - 0c9bf628-edfc-473a-824e-eb061e1afdb3: start 0c9bf628-edfc-473a-824e-eb061e1afdb3@group-6EDC1BDBC3EA-LeaderStateImpl
2022-10-28 11:28:58,124 [0c9bf628-edfc-473a-824e-eb061e1afdb3@group-6EDC1BDBC3EA-LeaderElection3] INFO  segmented.SegmentedRaftLogWorker (SegmentedRaftLogWorker.java:startLogSegment(452)) - 0c9bf628-edfc-473a-824e-eb061e1afdb3@group-6EDC1BDBC3EA-SegmentedRaftLogWorker: Starting segment from index:0
2022-10-28 11:28:58,125 [0c9bf628-edfc-473a-824e-eb061e1afdb3@group-6EDC1BDBC3EA-SegmentedRaftLogWorker] INFO  segmented.SegmentedRaftLogWorker (SegmentedRaftLogWorker.java:execute(656)) - 0c9bf628-edfc-473a-824e-eb061e1afdb3@group-6EDC1BDBC3EA-SegmentedRaftLogWorker: created new log segment /home/runner/work/ozone/ozone/hadoop-ozone/integration-test/target/test-dir/MiniOzoneClusterImpl-6ee34448-fbd8-4951-8ae1-d137d06ced7b/datanode-0/data/ratis/7b572f3d-fa43-4e84-bbda-6edc1bdbc3ea/current/log_inprogress_0
2022-10-28 11:28:58,130 [0c9bf628-edfc-473a-824e-eb061e1afdb3@group-6EDC1BDBC3EA-LeaderElection3] INFO  server.RaftServer$Division (ServerState.java:setRaftConf(430)) - 0c9bf628-edfc-473a-824e-eb061e1afdb3@group-6EDC1BDBC3EA: set configuration 0: peers:[1914ef14-e927-4aee-a78a-186b0a6a783b|rpc:10.1.0.114:45645|dataStream:|priority:0|startupRole:FOLLOWER, 4117c80f-d61a-41ff-a958-d6b4139221af|rpc:10.1.0.114:40159|dataStream:|priority:0|startupRole:FOLLOWER, 0c9bf628-edfc-473a-824e-eb061e1afdb3|rpc:10.1.0.114:43977|dataStream:|priority:1|startupRole:FOLLOWER]|listeners:[], old=null
2022-10-28 11:28:58,168 [1914ef14-e927-4aee-a78a-186b0a6a783b-server-thread1] INFO  ratis.XceiverServerRatis (XceiverServerRatis.java:handleLeaderChangedNotification(863)) - Leader change notification received for group: group-6EDC1BDBC3EA with new leaderId: 0c9bf628-edfc-473a-824e-eb061e1afdb3
2022-10-28 11:28:58,168 [1914ef14-e927-4aee-a78a-186b0a6a783b-server-thread1] INFO  server.RaftServer$Division (ServerState.java:setLeader(313)) - 1914ef14-e927-4aee-a78a-186b0a6a783b@group-6EDC1BDBC3EA: change Leader from null to 0c9bf628-edfc-473a-824e-eb061e1afdb3 at term 1 for appendEntries, leader elected after 4918ms
2022-10-28 11:28:58,169 [4117c80f-d61a-41ff-a958-d6b4139221af-server-thread1] INFO  ratis.XceiverServerRatis (XceiverServerRatis.java:handleLeaderChangedNotification(863)) - Leader change notification received for group: group-6EDC1BDBC3EA with new leaderId: 0c9bf628-edfc-473a-824e-eb061e1afdb3
2022-10-28 11:28:58,169 [4117c80f-d61a-41ff-a958-d6b4139221af-server-thread1] INFO  server.RaftServer$Division (ServerState.java:setLeader(313)) - 4117c80f-d61a-41ff-a958-d6b4139221af@group-6EDC1BDBC3EA: change Leader from null to 0c9bf628-edfc-473a-824e-eb061e1afdb3 at term 1 for appendEntries, leader elected after 4805ms
2022-10-28 11:28:58,177 [1914ef14-e927-4aee-a78a-186b0a6a783b-server-thread2] INFO  server.RaftServer$Division (ServerState.java:setRaftConf(430)) - 1914ef14-e927-4aee-a78a-186b0a6a783b@group-6EDC1BDBC3EA: set configuration 0: peers:[1914ef14-e927-4aee-a78a-186b0a6a783b|rpc:10.1.0.114:45645|dataStream:|priority:0|startupRole:FOLLOWER, 4117c80f-d61a-41ff-a958-d6b4139221af|rpc:10.1.0.114:40159|dataStream:|priority:0|startupRole:FOLLOWER, 0c9bf628-edfc-473a-824e-eb061e1afdb3|rpc:10.1.0.114:43977|dataStream:|priority:1|startupRole:FOLLOWER]|listeners:[], old=null
2022-10-28 11:28:58,178 [1914ef14-e927-4aee-a78a-186b0a6a783b-server-thread2] INFO  segmented.SegmentedRaftLogWorker (SegmentedRaftLogWorker.java:startLogSegment(452)) - 1914ef14-e927-4aee-a78a-186b0a6a783b@group-6EDC1BDBC3EA-SegmentedRaftLogWorker: Starting segment from index:0
2022-10-28 11:28:58,179 [1914ef14-e927-4aee-a78a-186b0a6a783b@group-6EDC1BDBC3EA-SegmentedRaftLogWorker] INFO  segmented.SegmentedRaftLogWorker (SegmentedRaftLogWorker.java:execute(656)) - 1914ef14-e927-4aee-a78a-186b0a6a783b@group-6EDC1BDBC3EA-SegmentedRaftLogWorker: created new log segment /home/runner/work/ozone/ozone/hadoop-ozone/integration-test/target/test-dir/MiniOzoneClusterImpl-6ee34448-fbd8-4951-8ae1-d137d06ced7b/datanode-1/data/ratis/7b572f3d-fa43-4e84-bbda-6edc1bdbc3ea/current/log_inprogress_0
2022-10-28 11:28:58,185 [4117c80f-d61a-41ff-a958-d6b4139221af-server-thread3] INFO  server.RaftServer$Division (ServerState.java:setRaftConf(430)) - 4117c80f-d61a-41ff-a958-d6b4139221af@group-6EDC1BDBC3EA: set configuration 0: peers:[1914ef14-e927-4aee-a78a-186b0a6a783b|rpc:10.1.0.114:45645|dataStream:|priority:0|startupRole:FOLLOWER, 4117c80f-d61a-41ff-a958-d6b4139221af|rpc:10.1.0.114:40159|dataStream:|priority:0|startupRole:FOLLOWER, 0c9bf628-edfc-473a-824e-eb061e1afdb3|rpc:10.1.0.114:43977|dataStream:|priority:1|startupRole:FOLLOWER]|listeners:[], old=null
2022-10-28 11:28:58,190 [4117c80f-d61a-41ff-a958-d6b4139221af-server-thread3] INFO  segmented.SegmentedRaftLogWorker (SegmentedRaftLogWorker.java:startLogSegment(452)) - 4117c80f-d61a-41ff-a958-d6b4139221af@group-6EDC1BDBC3EA-SegmentedRaftLogWorker: Starting segment from index:0
2022-10-28 11:28:58,194 [4117c80f-d61a-41ff-a958-d6b4139221af@group-6EDC1BDBC3EA-SegmentedRaftLogWorker] INFO  segmented.SegmentedRaftLogWorker (SegmentedRaftLogWorker.java:execute(656)) - 4117c80f-d61a-41ff-a958-d6b4139221af@group-6EDC1BDBC3EA-SegmentedRaftLogWorker: created new log segment /home/runner/work/ozone/ozone/hadoop-ozone/integration-test/target/test-dir/MiniOzoneClusterImpl-6ee34448-fbd8-4951-8ae1-d137d06ced7b/datanode-2/data/ratis/7b572f3d-fa43-4e84-bbda-6edc1bdbc3ea/current/log_inprogress_0
2022-10-28 11:28:58,360 [1914ef14-e927-4aee-a78a-186b0a6a783b@group-5FB5BB86DA21-FollowerState] INFO  impl.FollowerState (FollowerState.java:run(143)) - 1914ef14-e927-4aee-a78a-186b0a6a783b@group-5FB5BB86DA21-FollowerState: change to CANDIDATE, lastRpcElapsedTime:5114465193ns, electionTimeout:5113ms
2022-10-28 11:28:58,360 [1914ef14-e927-4aee-a78a-186b0a6a783b@group-5FB5BB86DA21-FollowerState] INFO  impl.RoleInfo (RoleInfo.java:shutdownFollowerState(110)) - 1914ef14-e927-4aee-a78a-186b0a6a783b: shutdown 1914ef14-e927-4aee-a78a-186b0a6a783b@group-5FB5BB86DA21-FollowerState
2022-10-28 11:28:58,360 [1914ef14-e927-4aee-a78a-186b0a6a783b@group-5FB5BB86DA21-FollowerState] INFO  server.RaftServer$Division (RaftServerImpl.java:setRole(321)) - 1914ef14-e927-4aee-a78a-186b0a6a783b@group-5FB5BB86DA21: changes role from  FOLLOWER to CANDIDATE at term 0 for changeToCandidate
2022-10-28 11:28:58,361 [1914ef14-e927-4aee-a78a-186b0a6a783b@group-5FB5BB86DA21-FollowerState] INFO  server.RaftServerConfigKeys (ConfUtils.java:logGet(46)) - raft.server.leaderelection.pre-vote = false (custom)
2022-10-28 11:28:58,361 [1914ef14-e927-4aee-a78a-186b0a6a783b@group-5FB5BB86DA21-FollowerState] INFO  impl.RoleInfo (RoleInfo.java:updateAndGet(139)) - 1914ef14-e927-4aee-a78a-186b0a6a783b: start 1914ef14-e927-4aee-a78a-186b0a6a783b@group-5FB5BB86DA21-LeaderElection4
2022-10-28 11:28:58,364 [1914ef14-e927-4aee-a78a-186b0a6a783b@group-5FB5BB86DA21-LeaderElection4] INFO  impl.LeaderElection (LeaderElection.java:askForVotes(312)) - 1914ef14-e927-4aee-a78a-186b0a6a783b@group-5FB5BB86DA21-LeaderElection4 ELECTION round 0: submit vote requests at term 1 for -1: peers:[1914ef14-e927-4aee-a78a-186b0a6a783b|rpc:10.1.0.114:45645|priority:1|startupRole:FOLLOWER]|listeners:[], old=null
2022-10-28 11:28:58,364 [1914ef14-e927-4aee-a78a-186b0a6a783b@group-5FB5BB86DA21-LeaderElection4] INFO  impl.LeaderElection (LeaderElection.java:askForVotes(314)) - 1914ef14-e927-4aee-a78a-186b0a6a783b@group-5FB5BB86DA21-LeaderElection4 ELECTION round 0: result PASSED (term=1)
2022-10-28 11:28:58,364 [1914ef14-e927-4aee-a78a-186b0a6a783b@group-5FB5BB86DA21-LeaderElection4] INFO  impl.RoleInfo (RoleInfo.java:shutdownLeaderElection(130)) - 1914ef14-e927-4aee-a78a-186b0a6a783b: shutdown 1914ef14-e927-4aee-a78a-186b0a6a783b@group-5FB5BB86DA21-LeaderElection4
2022-10-28 11:28:58,364 [1914ef14-e927-4aee-a78a-186b0a6a783b@group-5FB5BB86DA21-LeaderElection4] INFO  server.RaftServer$Division (RaftServerImpl.java:setRole(321)) - 1914ef14-e927-4aee-a78a-186b0a6a783b@group-5FB5BB86DA21: changes role from CANDIDATE to LEADER at term 1 for changeToLeader
2022-10-28 11:28:58,364 [1914ef14-e927-4aee-a78a-186b0a6a783b@group-5FB5BB86DA21-LeaderElection4] INFO  ratis.XceiverServerRatis (XceiverServerRatis.java:handleLeaderChangedNotification(863)) - Leader change notification received for group: group-5FB5BB86DA21 with new leaderId: 1914ef14-e927-4aee-a78a-186b0a6a783b
2022-10-28 11:28:58,365 [1914ef14-e927-4aee-a78a-186b0a6a783b@group-5FB5BB86DA21-LeaderElection4] INFO  server.RaftServer$Division (ServerState.java:setLeader(313)) - 1914ef14-e927-4aee-a78a-186b0a6a783b@group-5FB5BB86DA21: change Leader from null to 1914ef14-e927-4aee-a78a-186b0a6a783b at term 1 for becomeLeader, leader elected after 5170ms
2022-10-28 11:28:58,365 [1914ef14-e927-4aee-a78a-186b0a6a783b@group-5FB5BB86DA21-LeaderElection4] INFO  server.RaftServerConfigKeys (ConfUtils.java:logGet(46)) - raft.server.staging.catchup.gap = 1000 (default)
2022-10-28 11:28:58,365 [1914ef14-e927-4aee-a78a-186b0a6a783b@group-5FB5BB86DA21-LeaderElection4] INFO  server.RaftServerConfigKeys (ConfUtils.java:logGet(46)) - raft.server.write.element-limit = 1024 (custom)
2022-10-28 11:28:58,365 [1914ef14-e927-4aee-a78a-186b0a6a783b@group-5FB5BB86DA21-LeaderElection4] INFO  server.RaftServerConfigKeys (ConfUtils.java:logGet(46)) - raft.server.write.byte-limit = 1024 M (=1073741824) (custom)
2022-10-28 11:28:58,365 [1914ef14-e927-4aee-a78a-186b0a6a783b@group-5FB5BB86DA21-LeaderElection4] INFO  server.RaftServerConfigKeys (ConfUtils.java:logGet(46)) - raft.server.watch.timeout = 180s (custom)
2022-10-28 11:28:58,365 [1914ef14-e927-4aee-a78a-186b0a6a783b@group-5FB5BB86DA21-LeaderElection4] INFO  server.RaftServerConfigKeys (ConfUtils.java:logGet(46)) - raft.server.watch.timeout.denomination = 1s (default)
2022-10-28 11:28:58,365 [1914ef14-e927-4aee-a78a-186b0a6a783b@group-5FB5BB86DA21-LeaderElection4] INFO  server.RaftServerConfigKeys (ConfUtils.java:logGet(46)) - raft.server.watch.element-limit = 65536 (default)
2022-10-28 11:28:58,365 [1914ef14-e927-4aee-a78a-186b0a6a783b@group-5FB5BB86DA21-LeaderElection4] INFO  server.RaftServerConfigKeys (ConfUtils.java:logGet(46)) - raft.server.write.element-limit = 1024 (custom)
2022-10-28 11:28:58,365 [1914ef14-e927-4aee-a78a-186b0a6a783b@group-5FB5BB86DA21-LeaderElection4] INFO  server.RaftServerConfigKeys (ConfUtils.java:logGet(46)) - raft.server.write.follower.gap.ratio.max = -1.0 (default)
2022-10-28 11:28:58,365 [1914ef14-e927-4aee-a78a-186b0a6a783b@group-5FB5BB86DA21-LeaderElection4] INFO  impl.RoleInfo (RoleInfo.java:updateAndGet(139)) - 1914ef14-e927-4aee-a78a-186b0a6a783b: start 1914ef14-e927-4aee-a78a-186b0a6a783b@group-5FB5BB86DA21-LeaderStateImpl
2022-10-28 11:28:58,366 [1914ef14-e927-4aee-a78a-186b0a6a783b@group-5FB5BB86DA21-LeaderElection4] INFO  segmented.SegmentedRaftLogWorker (SegmentedRaftLogWorker.java:startLogSegment(452)) - 1914ef14-e927-4aee-a78a-186b0a6a783b@group-5FB5BB86DA21-SegmentedRaftLogWorker: Starting segment from index:0
2022-10-28 11:28:58,367 [1914ef14-e927-4aee-a78a-186b0a6a783b@group-5FB5BB86DA21-SegmentedRaftLogWorker] INFO  segmented.SegmentedRaftLogWorker (SegmentedRaftLogWorker.java:execute(656)) - 1914ef14-e927-4aee-a78a-186b0a6a783b@group-5FB5BB86DA21-SegmentedRaftLogWorker: created new log segment /home/runner/work/ozone/ozone/hadoop-ozone/integration-test/target/test-dir/MiniOzoneClusterImpl-6ee34448-fbd8-4951-8ae1-d137d06ced7b/datanode-1/data/ratis/5a3b75ed-3317-4e5a-8144-5fb5bb86da21/current/log_inprogress_0
2022-10-28 11:28:58,369 [1914ef14-e927-4aee-a78a-186b0a6a783b@group-5FB5BB86DA21-LeaderElection4] INFO  server.RaftServer$Division (ServerState.java:setRaftConf(430)) - 1914ef14-e927-4aee-a78a-186b0a6a783b@group-5FB5BB86DA21: set configuration 0: peers:[1914ef14-e927-4aee-a78a-186b0a6a783b|rpc:10.1.0.114:45645|dataStream:|priority:1|startupRole:FOLLOWER]|listeners:[], old=null
2022-10-28 11:28:58,674 [0c9bf628-edfc-473a-824e-eb061e1afdb3@group-B457E25CD9B9-FollowerState] INFO  impl.FollowerState (FollowerState.java:run(143)) - 0c9bf628-edfc-473a-824e-eb061e1afdb3@group-B457E25CD9B9-FollowerState: change to CANDIDATE, lastRpcElapsedTime:5165199145ns, electionTimeout:5162ms
2022-10-28 11:28:58,674 [0c9bf628-edfc-473a-824e-eb061e1afdb3@group-B457E25CD9B9-FollowerState] INFO  impl.RoleInfo (RoleInfo.java:shutdownFollowerState(110)) - 0c9bf628-edfc-473a-824e-eb061e1afdb3: shutdown 0c9bf628-edfc-473a-824e-eb061e1afdb3@group-B457E25CD9B9-FollowerState
2022-10-28 11:28:58,674 [0c9bf628-edfc-473a-824e-eb061e1afdb3@group-B457E25CD9B9-FollowerState] INFO  server.RaftServer$Division (RaftServerImpl.java:setRole(321)) - 0c9bf628-edfc-473a-824e-eb061e1afdb3@group-B457E25CD9B9: changes role from  FOLLOWER to CANDIDATE at term 0 for changeToCandidate
2022-10-28 11:28:58,676 [0c9bf628-edfc-473a-824e-eb061e1afdb3@group-B457E25CD9B9-FollowerState] INFO  server.RaftServerConfigKeys (ConfUtils.java:logGet(46)) - raft.server.leaderelection.pre-vote = false (custom)
2022-10-28 11:28:58,677 [0c9bf628-edfc-473a-824e-eb061e1afdb3@group-B457E25CD9B9-FollowerState] INFO  impl.RoleInfo (RoleInfo.java:updateAndGet(139)) - 0c9bf628-edfc-473a-824e-eb061e1afdb3: start 0c9bf628-edfc-473a-824e-eb061e1afdb3@group-B457E25CD9B9-LeaderElection5
2022-10-28 11:28:58,679 [0c9bf628-edfc-473a-824e-eb061e1afdb3@group-B457E25CD9B9-LeaderElection5] INFO  impl.LeaderElection (LeaderElection.java:askForVotes(312)) - 0c9bf628-edfc-473a-824e-eb061e1afdb3@group-B457E25CD9B9-LeaderElection5 ELECTION round 0: submit vote requests at term 1 for -1: peers:[1914ef14-e927-4aee-a78a-186b0a6a783b|rpc:10.1.0.114:45645|priority:1|startupRole:FOLLOWER, 4117c80f-d61a-41ff-a958-d6b4139221af|rpc:10.1.0.114:40159|priority:0|startupRole:FOLLOWER, 0c9bf628-edfc-473a-824e-eb061e1afdb3|rpc:10.1.0.114:43977|priority:0|startupRole:FOLLOWER]|listeners:[], old=null
2022-10-28 11:28:58,680 [0c9bf628-edfc-473a-824e-eb061e1afdb3@group-B457E25CD9B9-LeaderElection5] INFO  server.RaftServerConfigKeys (ConfUtils.java:logFallback(53)) - raft.server.rpc.first-election.timeout.min = 5s (fallback to raft.server.rpc.timeout.min)
2022-10-28 11:28:58,680 [0c9bf628-edfc-473a-824e-eb061e1afdb3@group-B457E25CD9B9-LeaderElection5] INFO  server.RaftServerConfigKeys (ConfUtils.java:logFallback(53)) - raft.server.rpc.first-election.timeout.max = 5200ms (fallback to raft.server.rpc.timeout.max)
2022-10-28 11:28:58,683 [grpc-default-executor-1] INFO  server.RaftServer$Division (RaftServerImpl.java:requestVote(1218)) - 4117c80f-d61a-41ff-a958-d6b4139221af@group-B457E25CD9B9: receive requestVote(ELECTION, 0c9bf628-edfc-473a-824e-eb061e1afdb3, group-B457E25CD9B9, 1, (t:0, i:0))
2022-10-28 11:28:58,684 [grpc-default-executor-1] INFO  impl.VoteContext (VoteContext.java:log(48)) - 4117c80f-d61a-41ff-a958-d6b4139221af@group-B457E25CD9B9-FOLLOWER: accept ELECTION from 0c9bf628-edfc-473a-824e-eb061e1afdb3: our priority 0 <= candidate's priority 0
2022-10-28 11:28:58,684 [grpc-default-executor-1] INFO  server.RaftServer$Division (RaftServerImpl.java:setRole(321)) - 4117c80f-d61a-41ff-a958-d6b4139221af@group-B457E25CD9B9: changes role from  FOLLOWER to FOLLOWER at term 1 for candidate:0c9bf628-edfc-473a-824e-eb061e1afdb3
2022-10-28 11:28:58,684 [grpc-default-executor-1] INFO  impl.RoleInfo (RoleInfo.java:shutdownFollowerState(110)) - 4117c80f-d61a-41ff-a958-d6b4139221af: shutdown 4117c80f-d61a-41ff-a958-d6b4139221af@group-B457E25CD9B9-FollowerState
2022-10-28 11:28:58,684 [grpc-default-executor-1] INFO  impl.RoleInfo (RoleInfo.java:updateAndGet(139)) - 4117c80f-d61a-41ff-a958-d6b4139221af: start 4117c80f-d61a-41ff-a958-d6b4139221af@group-B457E25CD9B9-FollowerState
2022-10-28 11:28:58,684 [4117c80f-d61a-41ff-a958-d6b4139221af@group-B457E25CD9B9-FollowerState] INFO  impl.FollowerState (FollowerState.java:run(152)) - 4117c80f-d61a-41ff-a958-d6b4139221af@group-B457E25CD9B9-FollowerState was interrupted
2022-10-28 11:28:58,691 [grpc-default-executor-3] INFO  server.RaftServer$Division (RaftServerImpl.java:requestVote(1218)) - 1914ef14-e927-4aee-a78a-186b0a6a783b@group-B457E25CD9B9: receive requestVote(ELECTION, 0c9bf628-edfc-473a-824e-eb061e1afdb3, group-B457E25CD9B9, 1, (t:0, i:0))
2022-10-28 11:28:58,691 [grpc-default-executor-3] INFO  impl.VoteContext (VoteContext.java:log(48)) - 1914ef14-e927-4aee-a78a-186b0a6a783b@group-B457E25CD9B9-FOLLOWER: reject ELECTION from 0c9bf628-edfc-473a-824e-eb061e1afdb3: our priority 1 > candidate's priority 0
2022-10-28 11:28:58,691 [grpc-default-executor-3] INFO  server.RaftServer$Division (RaftServerImpl.java:setRole(321)) - 1914ef14-e927-4aee-a78a-186b0a6a783b@group-B457E25CD9B9: changes role from  FOLLOWER to FOLLOWER at term 1 for candidate:0c9bf628-edfc-473a-824e-eb061e1afdb3
2022-10-28 11:28:58,691 [grpc-default-executor-3] INFO  impl.RoleInfo (RoleInfo.java:shutdownFollowerState(110)) - 1914ef14-e927-4aee-a78a-186b0a6a783b: shutdown 1914ef14-e927-4aee-a78a-186b0a6a783b@group-B457E25CD9B9-FollowerState
2022-10-28 11:28:58,691 [grpc-default-executor-3] INFO  impl.RoleInfo (RoleInfo.java:updateAndGet(139)) - 1914ef14-e927-4aee-a78a-186b0a6a783b: start 1914ef14-e927-4aee-a78a-186b0a6a783b@group-B457E25CD9B9-FollowerState
2022-10-28 11:28:58,692 [1914ef14-e927-4aee-a78a-186b0a6a783b@group-B457E25CD9B9-FollowerState] INFO  impl.FollowerState (FollowerState.java:run(152)) - 1914ef14-e927-4aee-a78a-186b0a6a783b@group-B457E25CD9B9-FollowerState was interrupted
2022-10-28 11:28:58,693 [4117c80f-d61a-41ff-a958-d6b4139221af@group-B457E25CD9B9-FollowerState] INFO  server.RaftServerConfigKeys (ConfUtils.java:logFallback(53)) - raft.server.rpc.first-election.timeout.min = 5s (fallback to raft.server.rpc.timeout.min)
2022-10-28 11:28:58,693 [4117c80f-d61a-41ff-a958-d6b4139221af@group-B457E25CD9B9-FollowerState] INFO  server.RaftServerConfigKeys (ConfUtils.java:logFallback(53)) - raft.server.rpc.first-election.timeout.max = 5200ms (fallback to raft.server.rpc.timeout.max)
2022-10-28 11:28:58,693 [grpc-default-executor-1] INFO  server.RaftServer$Division (RaftServerImpl.java:requestVote(1251)) - 4117c80f-d61a-41ff-a958-d6b4139221af@group-B457E25CD9B9 replies to ELECTION vote request: 0c9bf628-edfc-473a-824e-eb061e1afdb3<-4117c80f-d61a-41ff-a958-d6b4139221af#0:OK-t1. Peer's state: 4117c80f-d61a-41ff-a958-d6b4139221af@group-B457E25CD9B9:t1, leader=null, voted=0c9bf628-edfc-473a-824e-eb061e1afdb3, raftlog=Memoized:4117c80f-d61a-41ff-a958-d6b4139221af@group-B457E25CD9B9-SegmentedRaftLog:OPENED:c-1, conf=-1: peers:[1914ef14-e927-4aee-a78a-186b0a6a783b|rpc:10.1.0.114:45645|dataStream:|priority:1|startupRole:FOLLOWER, 4117c80f-d61a-41ff-a958-d6b4139221af|rpc:10.1.0.114:40159|dataStream:|priority:0|startupRole:FOLLOWER, 0c9bf628-edfc-473a-824e-eb061e1afdb3|rpc:10.1.0.114:43977|dataStream:|priority:0|startupRole:FOLLOWER]|listeners:[], old=null
2022-10-28 11:28:58,701 [1914ef14-e927-4aee-a78a-186b0a6a783b@group-B457E25CD9B9-FollowerState] INFO  server.RaftServerConfigKeys (ConfUtils.java:logFallback(53)) - raft.server.rpc.first-election.timeout.min = 5s (fallback to raft.server.rpc.timeout.min)
2022-10-28 11:28:58,702 [1914ef14-e927-4aee-a78a-186b0a6a783b@group-B457E25CD9B9-FollowerState] INFO  server.RaftServerConfigKeys (ConfUtils.java:logFallback(53)) - raft.server.rpc.first-election.timeout.max = 5200ms (fallback to raft.server.rpc.timeout.max)
2022-10-28 11:28:58,702 [grpc-default-executor-3] INFO  server.RaftServer$Division (RaftServerImpl.java:requestVote(1251)) - 1914ef14-e927-4aee-a78a-186b0a6a783b@group-B457E25CD9B9 replies to ELECTION vote request: 0c9bf628-edfc-473a-824e-eb061e1afdb3<-1914ef14-e927-4aee-a78a-186b0a6a783b#0:FAIL-t1. Peer's state: 1914ef14-e927-4aee-a78a-186b0a6a783b@group-B457E25CD9B9:t1, leader=null, voted=null, raftlog=Memoized:1914ef14-e927-4aee-a78a-186b0a6a783b@group-B457E25CD9B9-SegmentedRaftLog:OPENED:c-1, conf=-1: peers:[1914ef14-e927-4aee-a78a-186b0a6a783b|rpc:10.1.0.114:45645|priority:1|startupRole:FOLLOWER, 4117c80f-d61a-41ff-a958-d6b4139221af|rpc:10.1.0.114:40159|priority:0|startupRole:FOLLOWER, 0c9bf628-edfc-473a-824e-eb061e1afdb3|rpc:10.1.0.114:43977|priority:0|startupRole:FOLLOWER]|listeners:[], old=null
2022-10-28 11:28:58,705 [0c9bf628-edfc-473a-824e-eb061e1afdb3@group-B457E25CD9B9-LeaderElection5] INFO  impl.LeaderElection (LeaderElection.java:logAndReturn(90)) - 0c9bf628-edfc-473a-824e-eb061e1afdb3@group-B457E25CD9B9-LeaderElection5: ELECTION REJECTED received 2 response(s) and 0 exception(s):
2022-10-28 11:28:58,705 [0c9bf628-edfc-473a-824e-eb061e1afdb3@group-B457E25CD9B9-LeaderElection5] INFO  impl.LeaderElection (LeaderElection.java:logAndReturn(94)) -   Response 0: 0c9bf628-edfc-473a-824e-eb061e1afdb3<-1914ef14-e927-4aee-a78a-186b0a6a783b#0:FAIL-t1
2022-10-28 11:28:58,705 [0c9bf628-edfc-473a-824e-eb061e1afdb3@group-B457E25CD9B9-LeaderElection5] INFO  impl.LeaderElection (LeaderElection.java:logAndReturn(94)) -   Response 1: 0c9bf628-edfc-473a-824e-eb061e1afdb3<-4117c80f-d61a-41ff-a958-d6b4139221af#0:OK-t1
2022-10-28 11:28:58,705 [0c9bf628-edfc-473a-824e-eb061e1afdb3@group-B457E25CD9B9-LeaderElection5] INFO  impl.LeaderElection (LeaderElection.java:askForVotes(314)) - 0c9bf628-edfc-473a-824e-eb061e1afdb3@group-B457E25CD9B9-LeaderElection5 ELECTION round 0: result REJECTED
2022-10-28 11:28:58,705 [0c9bf628-edfc-473a-824e-eb061e1afdb3@group-B457E25CD9B9-LeaderElection5] INFO  server.RaftServer$Division (RaftServerImpl.java:setRole(321)) - 0c9bf628-edfc-473a-824e-eb061e1afdb3@group-B457E25CD9B9: changes role from CANDIDATE to FOLLOWER at term 1 for REJECTED
2022-10-28 11:28:58,705 [0c9bf628-edfc-473a-824e-eb061e1afdb3@group-B457E25CD9B9-LeaderElection5] INFO  impl.RoleInfo (RoleInfo.java:shutdownLeaderElection(130)) - 0c9bf628-edfc-473a-824e-eb061e1afdb3: shutdown 0c9bf628-edfc-473a-824e-eb061e1afdb3@group-B457E25CD9B9-LeaderElection5
2022-10-28 11:28:58,705 [0c9bf628-edfc-473a-824e-eb061e1afdb3@group-B457E25CD9B9-LeaderElection5] INFO  impl.RoleInfo (RoleInfo.java:updateAndGet(139)) - 0c9bf628-edfc-473a-824e-eb061e1afdb3: start 0c9bf628-edfc-473a-824e-eb061e1afdb3@group-B457E25CD9B9-FollowerState
2022-10-28 11:28:58,710 [0c9bf628-edfc-473a-824e-eb061e1afdb3@group-B457E25CD9B9-FollowerState] INFO  server.RaftServerConfigKeys (ConfUtils.java:logFallback(53)) - raft.server.rpc.first-election.timeout.min = 5s (fallback to raft.server.rpc.timeout.min)
2022-10-28 11:28:58,711 [0c9bf628-edfc-473a-824e-eb061e1afdb3@group-B457E25CD9B9-FollowerState] INFO  server.RaftServerConfigKeys (ConfUtils.java:logFallback(53)) - raft.server.rpc.first-election.timeout.max = 5200ms (fallback to raft.server.rpc.timeout.max)
2022-10-28 11:28:58,721 [4117c80f-d61a-41ff-a958-d6b4139221af@group-DDFA6F1F1F28-FollowerState] INFO  impl.FollowerState (FollowerState.java:run(143)) - 4117c80f-d61a-41ff-a958-d6b4139221af@group-DDFA6F1F1F28-FollowerState: change to CANDIDATE, lastRpcElapsedTime:5111326091ns, electionTimeout:5109ms
2022-10-28 11:28:58,721 [4117c80f-d61a-41ff-a958-d6b4139221af@group-DDFA6F1F1F28-FollowerState] INFO  impl.RoleInfo (RoleInfo.java:shutdownFollowerState(110)) - 4117c80f-d61a-41ff-a958-d6b4139221af: shutdown 4117c80f-d61a-41ff-a958-d6b4139221af@group-DDFA6F1F1F28-FollowerState
2022-10-28 11:28:58,721 [4117c80f-d61a-41ff-a958-d6b4139221af@group-DDFA6F1F1F28-FollowerState] INFO  server.RaftServer$Division (RaftServerImpl.java:setRole(321)) - 4117c80f-d61a-41ff-a958-d6b4139221af@group-DDFA6F1F1F28: changes role from  FOLLOWER to CANDIDATE at term 0 for changeToCandidate
2022-10-28 11:28:58,721 [4117c80f-d61a-41ff-a958-d6b4139221af@group-DDFA6F1F1F28-FollowerState] INFO  server.RaftServerConfigKeys (ConfUtils.java:logGet(46)) - raft.server.leaderelection.pre-vote = false (custom)
2022-10-28 11:28:58,721 [4117c80f-d61a-41ff-a958-d6b4139221af@group-DDFA6F1F1F28-FollowerState] INFO  impl.RoleInfo (RoleInfo.java:updateAndGet(139)) - 4117c80f-d61a-41ff-a958-d6b4139221af: start 4117c80f-d61a-41ff-a958-d6b4139221af@group-DDFA6F1F1F28-LeaderElection6
2022-10-28 11:28:58,723 [4117c80f-d61a-41ff-a958-d6b4139221af@group-DDFA6F1F1F28-LeaderElection6] INFO  impl.LeaderElection (LeaderElection.java:askForVotes(312)) - 4117c80f-d61a-41ff-a958-d6b4139221af@group-DDFA6F1F1F28-LeaderElection6 ELECTION round 0: submit vote requests at term 1 for -1: peers:[4117c80f-d61a-41ff-a958-d6b4139221af|rpc:10.1.0.114:40159|priority:1|startupRole:FOLLOWER]|listeners:[], old=null
2022-10-28 11:28:58,723 [4117c80f-d61a-41ff-a958-d6b4139221af@group-DDFA6F1F1F28-LeaderElection6] INFO  impl.LeaderElection (LeaderElection.java:askForVotes(314)) - 4117c80f-d61a-41ff-a958-d6b4139221af@group-DDFA6F1F1F28-LeaderElection6 ELECTION round 0: result PASSED (term=1)
2022-10-28 11:28:58,724 [4117c80f-d61a-41ff-a958-d6b4139221af@group-DDFA6F1F1F28-LeaderElection6] INFO  impl.RoleInfo (RoleInfo.java:shutdownLeaderElection(130)) - 4117c80f-d61a-41ff-a958-d6b4139221af: shutdown 4117c80f-d61a-41ff-a958-d6b4139221af@group-DDFA6F1F1F28-LeaderElection6
2022-10-28 11:28:58,724 [4117c80f-d61a-41ff-a958-d6b4139221af@group-DDFA6F1F1F28-LeaderElection6] INFO  server.RaftServer$Division (RaftServerImpl.java:setRole(321)) - 4117c80f-d61a-41ff-a958-d6b4139221af@group-DDFA6F1F1F28: changes role from CANDIDATE to LEADER at term 1 for changeToLeader
2022-10-28 11:28:58,724 [4117c80f-d61a-41ff-a958-d6b4139221af@group-DDFA6F1F1F28-LeaderElection6] INFO  ratis.XceiverServerRatis (XceiverServerRatis.java:handleLeaderChangedNotification(863)) - Leader change notification received for group: group-DDFA6F1F1F28 with new leaderId: 4117c80f-d61a-41ff-a958-d6b4139221af
2022-10-28 11:28:58,724 [4117c80f-d61a-41ff-a958-d6b4139221af@group-DDFA6F1F1F28-LeaderElection6] INFO  server.RaftServer$Division (ServerState.java:setLeader(313)) - 4117c80f-d61a-41ff-a958-d6b4139221af@group-DDFA6F1F1F28: change Leader from null to 4117c80f-d61a-41ff-a958-d6b4139221af at term 1 for becomeLeader, leader elected after 5137ms
2022-10-28 11:28:58,724 [4117c80f-d61a-41ff-a958-d6b4139221af@group-DDFA6F1F1F28-LeaderElection6] INFO  server.RaftServerConfigKeys (ConfUtils.java:logGet(46)) - raft.server.staging.catchup.gap = 1000 (default)
2022-10-28 11:28:58,724 [4117c80f-d61a-41ff-a958-d6b4139221af@group-DDFA6F1F1F28-LeaderElection6] INFO  server.RaftServerConfigKeys (ConfUtils.java:logGet(46)) - raft.server.write.element-limit = 1024 (custom)
2022-10-28 11:28:58,724 [4117c80f-d61a-41ff-a958-d6b4139221af@group-DDFA6F1F1F28-LeaderElection6] INFO  server.RaftServerConfigKeys (ConfUtils.java:logGet(46)) - raft.server.write.byte-limit = 1024 M (=1073741824) (custom)
2022-10-28 11:28:58,725 [4117c80f-d61a-41ff-a958-d6b4139221af@group-DDFA6F1F1F28-LeaderElection6] INFO  server.RaftServerConfigKeys (ConfUtils.java:logGet(46)) - raft.server.watch.timeout = 180s (custom)
2022-10-28 11:28:58,725 [4117c80f-d61a-41ff-a958-d6b4139221af@group-DDFA6F1F1F28-LeaderElection6] INFO  server.RaftServerConfigKeys (ConfUtils.java:logGet(46)) - raft.server.watch.timeout.denomination = 1s (default)
2022-10-28 11:28:58,725 [4117c80f-d61a-41ff-a958-d6b4139221af@group-DDFA6F1F1F28-LeaderElection6] INFO  server.RaftServerConfigKeys (ConfUtils.java:logGet(46)) - raft.server.watch.element-limit = 65536 (default)
2022-10-28 11:28:58,725 [4117c80f-d61a-41ff-a958-d6b4139221af@group-DDFA6F1F1F28-LeaderElection6] INFO  server.RaftServerConfigKeys (ConfUtils.java:logGet(46)) - raft.server.write.element-limit = 1024 (custom)
2022-10-28 11:28:58,725 [4117c80f-d61a-41ff-a958-d6b4139221af@group-DDFA6F1F1F28-LeaderElection6] INFO  server.RaftServerConfigKeys (ConfUtils.java:logGet(46)) - raft.server.write.follower.gap.ratio.max = -1.0 (default)
2022-10-28 11:28:58,725 [4117c80f-d61a-41ff-a958-d6b4139221af@group-DDFA6F1F1F28-LeaderElection6] INFO  impl.RoleInfo (RoleInfo.java:updateAndGet(139)) - 4117c80f-d61a-41ff-a958-d6b4139221af: start 4117c80f-d61a-41ff-a958-d6b4139221af@group-DDFA6F1F1F28-LeaderStateImpl
2022-10-28 11:28:58,725 [4117c80f-d61a-41ff-a958-d6b4139221af@group-DDFA6F1F1F28-LeaderElection6] INFO  segmented.SegmentedRaftLogWorker (SegmentedRaftLogWorker.java:startLogSegment(452)) - 4117c80f-d61a-41ff-a958-d6b4139221af@group-DDFA6F1F1F28-SegmentedRaftLogWorker: Starting segment from index:0
2022-10-28 11:28:58,730 [4117c80f-d61a-41ff-a958-d6b4139221af@group-DDFA6F1F1F28-LeaderElection6] INFO  server.RaftServer$Division (ServerState.java:setRaftConf(430)) - 4117c80f-d61a-41ff-a958-d6b4139221af@group-DDFA6F1F1F28: set configuration 0: peers:[4117c80f-d61a-41ff-a958-d6b4139221af|rpc:10.1.0.114:40159|dataStream:|priority:1|startupRole:FOLLOWER]|listeners:[], old=null
2022-10-28 11:28:58,731 [4117c80f-d61a-41ff-a958-d6b4139221af@group-DDFA6F1F1F28-SegmentedRaftLogWorker] INFO  segmented.SegmentedRaftLogWorker (SegmentedRaftLogWorker.java:execute(656)) - 4117c80f-d61a-41ff-a958-d6b4139221af@group-DDFA6F1F1F28-SegmentedRaftLogWorker: created new log segment /home/runner/work/ozone/ozone/hadoop-ozone/integration-test/target/test-dir/MiniOzoneClusterImpl-6ee34448-fbd8-4951-8ae1-d137d06ced7b/datanode-2/data/ratis/7b01257f-0d37-4381-8f6a-ddfa6f1f1f28/current/log_inprogress_0
2022-10-28 11:28:58,884 [Listener at 127.0.0.1/42141] INFO  ozone.MiniOzoneClusterImpl (MiniOzoneClusterImpl.java:lambda$waitForClusterToBeReady$0(216)) - Nodes are ready. Got 10 of 10 DN Heartbeats.
2022-10-28 11:28:58,884 [Listener at 127.0.0.1/42141] INFO  ozone.MiniOzoneClusterImpl (MiniOzoneClusterImpl.java:lambda$waitForClusterToBeReady$0(219)) - Cluster exits safe mode
2022-10-28 11:28:58,884 [Listener at 127.0.0.1/42141] INFO  ozone.MiniOzoneClusterImpl (MiniOzoneClusterImpl.java:lambda$waitForClusterToBeReady$0(221)) - SCM became leader
2022-10-28 11:28:58,932 [aa3e6641-ac34-45f8-85b4-6614ff527932@group-3B672FDC1826-FollowerState] INFO  impl.FollowerState (FollowerState.java:run(143)) - aa3e6641-ac34-45f8-85b4-6614ff527932@group-3B672FDC1826-FollowerState: change to CANDIDATE, lastRpcElapsedTime:5009222989ns, electionTimeout:5008ms
2022-10-28 11:28:58,933 [aa3e6641-ac34-45f8-85b4-6614ff527932@group-3B672FDC1826-FollowerState] INFO  impl.RoleInfo (RoleInfo.java:shutdownFollowerState(110)) - aa3e6641-ac34-45f8-85b4-6614ff527932: shutdown aa3e6641-ac34-45f8-85b4-6614ff527932@group-3B672FDC1826-FollowerState
2022-10-28 11:28:58,933 [aa3e6641-ac34-45f8-85b4-6614ff527932@group-3B672FDC1826-FollowerState] INFO  server.RaftServer$Division (RaftServerImpl.java:setRole(321)) - aa3e6641-ac34-45f8-85b4-6614ff527932@group-3B672FDC1826: changes role from  FOLLOWER to CANDIDATE at term 0 for changeToCandidate
2022-10-28 11:28:58,933 [aa3e6641-ac34-45f8-85b4-6614ff527932@group-3B672FDC1826-FollowerState] INFO  server.RaftServerConfigKeys (ConfUtils.java:logGet(46)) - raft.server.leaderelection.pre-vote = false (custom)
2022-10-28 11:28:58,933 [aa3e6641-ac34-45f8-85b4-6614ff527932@group-3B672FDC1826-FollowerState] INFO  impl.RoleInfo (RoleInfo.java:updateAndGet(139)) - aa3e6641-ac34-45f8-85b4-6614ff527932: start aa3e6641-ac34-45f8-85b4-6614ff527932@group-3B672FDC1826-LeaderElection7
2022-10-28 11:28:58,942 [aa3e6641-ac34-45f8-85b4-6614ff527932@group-3B672FDC1826-LeaderElection7] INFO  impl.LeaderElection (LeaderElection.java:askForVotes(312)) - aa3e6641-ac34-45f8-85b4-6614ff527932@group-3B672FDC1826-LeaderElection7 ELECTION round 0: submit vote requests at term 1 for -1: peers:[aa3e6641-ac34-45f8-85b4-6614ff527932|rpc:10.1.0.114:40629|priority:1|startupRole:FOLLOWER]|listeners:[], old=null
2022-10-28 11:28:58,942 [aa3e6641-ac34-45f8-85b4-6614ff527932@group-3B672FDC1826-LeaderElection7] INFO  impl.LeaderElection (LeaderElection.java:askForVotes(314)) - aa3e6641-ac34-45f8-85b4-6614ff527932@group-3B672FDC1826-LeaderElection7 ELECTION round 0: result PASSED (term=1)
2022-10-28 11:28:58,942 [aa3e6641-ac34-45f8-85b4-6614ff527932@group-3B672FDC1826-LeaderElection7] INFO  impl.RoleInfo (RoleInfo.java:shutdownLeaderElection(130)) - aa3e6641-ac34-45f8-85b4-6614ff527932: shutdown aa3e6641-ac34-45f8-85b4-6614ff527932@group-3B672FDC1826-LeaderElection7
2022-10-28 11:28:58,942 [aa3e6641-ac34-45f8-85b4-6614ff527932@group-3B672FDC1826-LeaderElection7] INFO  server.RaftServer$Division (RaftServerImpl.java:setRole(321)) - aa3e6641-ac34-45f8-85b4-6614ff527932@group-3B672FDC1826: changes role from CANDIDATE to LEADER at term 1 for changeToLeader
2022-10-28 11:28:58,942 [aa3e6641-ac34-45f8-85b4-6614ff527932@group-3B672FDC1826-LeaderElection7] INFO  ratis.XceiverServerRatis (XceiverServerRatis.java:handleLeaderChangedNotification(863)) - Leader change notification received for group: group-3B672FDC1826 with new leaderId: aa3e6641-ac34-45f8-85b4-6614ff527932
2022-10-28 11:28:58,942 [aa3e6641-ac34-45f8-85b4-6614ff527932@group-3B672FDC1826-LeaderElection7] INFO  server.RaftServer$Division (ServerState.java:setLeader(313)) - aa3e6641-ac34-45f8-85b4-6614ff527932@group-3B672FDC1826: change Leader from null to aa3e6641-ac34-45f8-85b4-6614ff527932 at term 1 for becomeLeader, leader elected after 5030ms
2022-10-28 11:28:58,942 [aa3e6641-ac34-45f8-85b4-6614ff527932@group-3B672FDC1826-LeaderElection7] INFO  server.RaftServerConfigKeys (ConfUtils.java:logGet(46)) - raft.server.staging.catchup.gap = 1000 (default)
2022-10-28 11:28:58,943 [aa3e6641-ac34-45f8-85b4-6614ff527932@group-3B672FDC1826-LeaderElection7] INFO  server.RaftServerConfigKeys (ConfUtils.java:logGet(46)) - raft.server.write.element-limit = 1024 (custom)
2022-10-28 11:28:58,943 [aa3e6641-ac34-45f8-85b4-6614ff527932@group-3B672FDC1826-LeaderElection7] INFO  server.RaftServerConfigKeys (ConfUtils.java:logGet(46)) - raft.server.write.byte-limit = 1024 M (=1073741824) (custom)
2022-10-28 11:28:58,943 [aa3e6641-ac34-45f8-85b4-6614ff527932@group-3B672FDC1826-LeaderElection7] INFO  server.RaftServerConfigKeys (ConfUtils.java:logGet(46)) - raft.server.watch.timeout = 180s (custom)
2022-10-28 11:28:58,943 [aa3e6641-ac34-45f8-85b4-6614ff527932@group-3B672FDC1826-LeaderElection7] INFO  server.RaftServerConfigKeys (ConfUtils.java:logGet(46)) - raft.server.watch.timeout.denomination = 1s (default)
2022-10-28 11:28:58,943 [aa3e6641-ac34-45f8-85b4-6614ff527932@group-3B672FDC1826-LeaderElection7] INFO  server.RaftServerConfigKeys (ConfUtils.java:logGet(46)) - raft.server.watch.element-limit = 65536 (default)
2022-10-28 11:28:58,943 [aa3e6641-ac34-45f8-85b4-6614ff527932@group-3B672FDC1826-LeaderElection7] INFO  server.RaftServerConfigKeys (ConfUtils.java:logGet(46)) - raft.server.write.element-limit = 1024 (custom)
2022-10-28 11:28:58,943 [aa3e6641-ac34-45f8-85b4-6614ff527932@group-3B672FDC1826-LeaderElection7] INFO  server.RaftServerConfigKeys (ConfUtils.java:logGet(46)) - raft.server.write.follower.gap.ratio.max = -1.0 (default)
2022-10-28 11:28:58,943 [aa3e6641-ac34-45f8-85b4-6614ff527932@group-3B672FDC1826-LeaderElection7] INFO  impl.RoleInfo (RoleInfo.java:updateAndGet(139)) - aa3e6641-ac34-45f8-85b4-6614ff527932: start aa3e6641-ac34-45f8-85b4-6614ff527932@group-3B672FDC1826-LeaderStateImpl
2022-10-28 11:28:58,943 [aa3e6641-ac34-45f8-85b4-6614ff527932@group-3B672FDC1826-LeaderElection7] INFO  segmented.SegmentedRaftLogWorker (SegmentedRaftLogWorker.java:startLogSegment(452)) - aa3e6641-ac34-45f8-85b4-6614ff527932@group-3B672FDC1826-SegmentedRaftLogWorker: Starting segment from index:0
2022-10-28 11:28:58,944 [aa3e6641-ac34-45f8-85b4-6614ff527932@group-3B672FDC1826-SegmentedRaftLogWorker] INFO  segmented.SegmentedRaftLogWorker (SegmentedRaftLogWorker.java:execute(656)) - aa3e6641-ac34-45f8-85b4-6614ff527932@group-3B672FDC1826-SegmentedRaftLogWorker: created new log segment /home/runner/work/ozone/ozone/hadoop-ozone/integration-test/target/test-dir/MiniOzoneClusterImpl-6ee34448-fbd8-4951-8ae1-d137d06ced7b/datanode-3/data/ratis/5c3a30ba-4718-43ec-8bb2-3b672fdc1826/current/log_inprogress_0
2022-10-28 11:28:58,947 [aa3e6641-ac34-45f8-85b4-6614ff527932@group-3B672FDC1826-LeaderElection7] INFO  server.RaftServer$Division (ServerState.java:setRaftConf(430)) - aa3e6641-ac34-45f8-85b4-6614ff527932@group-3B672FDC1826: set configuration 0: peers:[aa3e6641-ac34-45f8-85b4-6614ff527932|rpc:10.1.0.114:40629|dataStream:|priority:1|startupRole:FOLLOWER]|listeners:[], old=null
2022-10-28 11:28:59,028 [aa3e6641-ac34-45f8-85b4-6614ff527932@group-728B1F2A2928-FollowerState] INFO  impl.FollowerState (FollowerState.java:run(143)) - aa3e6641-ac34-45f8-85b4-6614ff527932@group-728B1F2A2928-FollowerState: change to CANDIDATE, lastRpcElapsedTime:5083298863ns, electionTimeout:5082ms
2022-10-28 11:28:59,029 [aa3e6641-ac34-45f8-85b4-6614ff527932@group-728B1F2A2928-FollowerState] INFO  impl.RoleInfo (RoleInfo.java:shutdownFollowerState(110)) - aa3e6641-ac34-45f8-85b4-6614ff527932: shutdown aa3e6641-ac34-45f8-85b4-6614ff527932@group-728B1F2A2928-FollowerState
2022-10-28 11:28:59,029 [aa3e6641-ac34-45f8-85b4-6614ff527932@group-728B1F2A2928-FollowerState] INFO  server.RaftServer$Division (RaftServerImpl.java:setRole(321)) - aa3e6641-ac34-45f8-85b4-6614ff527932@group-728B1F2A2928: changes role from  FOLLOWER to CANDIDATE at term 0 for changeToCandidate
2022-10-28 11:28:59,029 [aa3e6641-ac34-45f8-85b4-6614ff527932@group-728B1F2A2928-FollowerState] INFO  server.RaftServerConfigKeys (ConfUtils.java:logGet(46)) - raft.server.leaderelection.pre-vote = false (custom)
2022-10-28 11:28:59,029 [aa3e6641-ac34-45f8-85b4-6614ff527932@group-728B1F2A2928-FollowerState] INFO  impl.RoleInfo (RoleInfo.java:updateAndGet(139)) - aa3e6641-ac34-45f8-85b4-6614ff527932: start aa3e6641-ac34-45f8-85b4-6614ff527932@group-728B1F2A2928-LeaderElection8
2022-10-28 11:28:59,033 [aa3e6641-ac34-45f8-85b4-6614ff527932@group-728B1F2A2928-LeaderElection8] INFO  impl.LeaderElection (LeaderElection.java:askForVotes(312)) - aa3e6641-ac34-45f8-85b4-6614ff527932@group-728B1F2A2928-LeaderElection8 ELECTION round 0: submit vote requests at term 1 for -1: peers:[9d921ae2-dac8-442e-8311-fdc102c02170|rpc:10.1.0.114:43349|priority:0|startupRole:FOLLOWER, 21cd38f2-3152-4a7b-bfd6-5bc3f4c93f15|rpc:10.1.0.114:41711|priority:0|startupRole:FOLLOWER, aa3e6641-ac34-45f8-85b4-6614ff527932|rpc:10.1.0.114:40629|priority:1|startupRole:FOLLOWER]|listeners:[], old=null
2022-10-28 11:28:59,033 [aa3e6641-ac34-45f8-85b4-6614ff527932@group-728B1F2A2928-LeaderElection8-1] INFO  server.GrpcServerProtocolClient (GrpcServerProtocolClient.java:<init>(63)) - Build channel for 9d921ae2-dac8-442e-8311-fdc102c02170
2022-10-28 11:28:59,044 [aa3e6641-ac34-45f8-85b4-6614ff527932@group-728B1F2A2928-LeaderElection8] INFO  server.RaftServerConfigKeys (ConfUtils.java:logFallback(53)) - raft.server.rpc.first-election.timeout.min = 5s (fallback to raft.server.rpc.timeout.min)
2022-10-28 11:28:59,044 [aa3e6641-ac34-45f8-85b4-6614ff527932@group-728B1F2A2928-LeaderElection8] INFO  server.RaftServerConfigKeys (ConfUtils.java:logFallback(53)) - raft.server.rpc.first-election.timeout.max = 5200ms (fallback to raft.server.rpc.timeout.max)
2022-10-28 11:28:59,046 [aa3e6641-ac34-45f8-85b4-6614ff527932@group-728B1F2A2928-LeaderElection8-2] INFO  server.GrpcServerProtocolClient (GrpcServerProtocolClient.java:<init>(63)) - Build channel for 21cd38f2-3152-4a7b-bfd6-5bc3f4c93f15
2022-10-28 11:28:59,068 [grpc-default-executor-3] INFO  server.RaftServer$Division (RaftServerImpl.java:requestVote(1218)) - 9d921ae2-dac8-442e-8311-fdc102c02170@group-728B1F2A2928: receive requestVote(ELECTION, aa3e6641-ac34-45f8-85b4-6614ff527932, group-728B1F2A2928, 1, (t:0, i:0))
2022-10-28 11:28:59,068 [grpc-default-executor-3] INFO  impl.VoteContext (VoteContext.java:log(48)) - 9d921ae2-dac8-442e-8311-fdc102c02170@group-728B1F2A2928-FOLLOWER: accept ELECTION from aa3e6641-ac34-45f8-85b4-6614ff527932: our priority 0 <= candidate's priority 1
2022-10-28 11:28:59,068 [grpc-default-executor-3] INFO  server.RaftServer$Division (RaftServerImpl.java:setRole(321)) - 9d921ae2-dac8-442e-8311-fdc102c02170@group-728B1F2A2928: changes role from  FOLLOWER to FOLLOWER at term 1 for candidate:aa3e6641-ac34-45f8-85b4-6614ff527932
2022-10-28 11:28:59,068 [grpc-default-executor-3] INFO  impl.RoleInfo (RoleInfo.java:shutdownFollowerState(110)) - 9d921ae2-dac8-442e-8311-fdc102c02170: shutdown 9d921ae2-dac8-442e-8311-fdc102c02170@group-728B1F2A2928-FollowerState
2022-10-28 11:28:59,068 [grpc-default-executor-3] INFO  impl.RoleInfo (RoleInfo.java:updateAndGet(139)) - 9d921ae2-dac8-442e-8311-fdc102c02170: start 9d921ae2-dac8-442e-8311-fdc102c02170@group-728B1F2A2928-FollowerState
2022-10-28 11:28:59,068 [9d921ae2-dac8-442e-8311-fdc102c02170@group-728B1F2A2928-FollowerState] INFO  impl.FollowerState (FollowerState.java:run(152)) - 9d921ae2-dac8-442e-8311-fdc102c02170@group-728B1F2A2928-FollowerState was interrupted
2022-10-28 11:28:59,077 [grpc-default-executor-3] INFO  server.RaftServer$Division (RaftServerImpl.java:requestVote(1251)) - 9d921ae2-dac8-442e-8311-fdc102c02170@group-728B1F2A2928 replies to ELECTION vote request: aa3e6641-ac34-45f8-85b4-6614ff527932<-9d921ae2-dac8-442e-8311-fdc102c02170#0:OK-t1. Peer's state: 9d921ae2-dac8-442e-8311-fdc102c02170@group-728B1F2A2928:t1, leader=null, voted=aa3e6641-ac34-45f8-85b4-6614ff527932, raftlog=Memoized:9d921ae2-dac8-442e-8311-fdc102c02170@group-728B1F2A2928-SegmentedRaftLog:OPENED:c-1, conf=-1: peers:[9d921ae2-dac8-442e-8311-fdc102c02170|rpc:10.1.0.114:43349|dataStream:|priority:0|startupRole:FOLLOWER, 21cd38f2-3152-4a7b-bfd6-5bc3f4c93f15|rpc:10.1.0.114:41711|dataStream:|priority:0|startupRole:FOLLOWER, aa3e6641-ac34-45f8-85b4-6614ff527932|rpc:10.1.0.114:40629|dataStream:|priority:1|startupRole:FOLLOWER]|listeners:[], old=null
2022-10-28 11:28:59,083 [grpc-default-executor-1] INFO  server.RaftServer$Division (RaftServerImpl.java:requestVote(1218)) - 21cd38f2-3152-4a7b-bfd6-5bc3f4c93f15@group-728B1F2A2928: receive requestVote(ELECTION, aa3e6641-ac34-45f8-85b4-6614ff527932, group-728B1F2A2928, 1, (t:0, i:0))
2022-10-28 11:28:59,083 [grpc-default-executor-1] INFO  impl.VoteContext (VoteContext.java:log(48)) - 21cd38f2-3152-4a7b-bfd6-5bc3f4c93f15@group-728B1F2A2928-FOLLOWER: accept ELECTION from aa3e6641-ac34-45f8-85b4-6614ff527932: our priority 0 <= candidate's priority 1
2022-10-28 11:28:59,083 [grpc-default-executor-1] INFO  server.RaftServer$Division (RaftServerImpl.java:setRole(321)) - 21cd38f2-3152-4a7b-bfd6-5bc3f4c93f15@group-728B1F2A2928: changes role from  FOLLOWER to FOLLOWER at term 1 for candidate:aa3e6641-ac34-45f8-85b4-6614ff527932
2022-10-28 11:28:59,083 [grpc-default-executor-1] INFO  impl.RoleInfo (RoleInfo.java:shutdownFollowerState(110)) - 21cd38f2-3152-4a7b-bfd6-5bc3f4c93f15: shutdown 21cd38f2-3152-4a7b-bfd6-5bc3f4c93f15@group-728B1F2A2928-FollowerState
2022-10-28 11:28:59,083 [grpc-default-executor-1] INFO  impl.RoleInfo (RoleInfo.java:updateAndGet(139)) - 21cd38f2-3152-4a7b-bfd6-5bc3f4c93f15: start 21cd38f2-3152-4a7b-bfd6-5bc3f4c93f15@group-728B1F2A2928-FollowerState
2022-10-28 11:28:59,083 [21cd38f2-3152-4a7b-bfd6-5bc3f4c93f15@group-728B1F2A2928-FollowerState] INFO  impl.FollowerState (FollowerState.java:run(152)) - 21cd38f2-3152-4a7b-bfd6-5bc3f4c93f15@group-728B1F2A2928-FollowerState was interrupted
2022-10-28 11:28:59,085 [grpc-default-executor-1] INFO  server.RaftServer$Division (RaftServerImpl.java:requestVote(1251)) - 21cd38f2-3152-4a7b-bfd6-5bc3f4c93f15@group-728B1F2A2928 replies to ELECTION vote request: aa3e6641-ac34-45f8-85b4-6614ff527932<-21cd38f2-3152-4a7b-bfd6-5bc3f4c93f15#0:OK-t1. Peer's state: 21cd38f2-3152-4a7b-bfd6-5bc3f4c93f15@group-728B1F2A2928:t1, leader=null, voted=aa3e6641-ac34-45f8-85b4-6614ff527932, raftlog=Memoized:21cd38f2-3152-4a7b-bfd6-5bc3f4c93f15@group-728B1F2A2928-SegmentedRaftLog:OPENED:c-1, conf=-1: peers:[9d921ae2-dac8-442e-8311-fdc102c02170|rpc:10.1.0.114:43349|dataStream:|priority:0|startupRole:FOLLOWER, 21cd38f2-3152-4a7b-bfd6-5bc3f4c93f15|rpc:10.1.0.114:41711|dataStream:|priority:0|startupRole:FOLLOWER, aa3e6641-ac34-45f8-85b4-6614ff527932|rpc:10.1.0.114:40629|dataStream:|priority:1|startupRole:FOLLOWER]|listeners:[], old=null
2022-10-28 11:28:59,094 [aa3e6641-ac34-45f8-85b4-6614ff527932@group-728B1F2A2928-LeaderElection8] INFO  impl.LeaderElection (LeaderElection.java:logAndReturn(90)) - aa3e6641-ac34-45f8-85b4-6614ff527932@group-728B1F2A2928-LeaderElection8: ELECTION PASSED received 1 response(s) and 0 exception(s):
2022-10-28 11:28:59,094 [aa3e6641-ac34-45f8-85b4-6614ff527932@group-728B1F2A2928-LeaderElection8] INFO  impl.LeaderElection (LeaderElection.java:logAndReturn(94)) -   Response 0: aa3e6641-ac34-45f8-85b4-6614ff527932<-9d921ae2-dac8-442e-8311-fdc102c02170#0:OK-t1
2022-10-28 11:28:59,094 [aa3e6641-ac34-45f8-85b4-6614ff527932@group-728B1F2A2928-LeaderElection8] INFO  impl.LeaderElection (LeaderElection.java:askForVotes(314)) - aa3e6641-ac34-45f8-85b4-6614ff527932@group-728B1F2A2928-LeaderElection8 ELECTION round 0: result PASSED
2022-10-28 11:28:59,094 [aa3e6641-ac34-45f8-85b4-6614ff527932@group-728B1F2A2928-LeaderElection8] INFO  impl.RoleInfo (RoleInfo.java:shutdownLeaderElection(130)) - aa3e6641-ac34-45f8-85b4-6614ff527932: shutdown aa3e6641-ac34-45f8-85b4-6614ff527932@group-728B1F2A2928-LeaderElection8
2022-10-28 11:28:59,098 [aa3e6641-ac34-45f8-85b4-6614ff527932@group-728B1F2A2928-LeaderElection8] INFO  server.RaftServer$Division (RaftServerImpl.java:setRole(321)) - aa3e6641-ac34-45f8-85b4-6614ff527932@group-728B1F2A2928: changes role from CANDIDATE to LEADER at term 1 for changeToLeader
2022-10-28 11:28:59,098 [aa3e6641-ac34-45f8-85b4-6614ff527932@group-728B1F2A2928-LeaderElection8] INFO  ratis.XceiverServerRatis (XceiverServerRatis.java:handleLeaderChangedNotification(863)) - Leader change notification received for group: group-728B1F2A2928 with new leaderId: aa3e6641-ac34-45f8-85b4-6614ff527932
2022-10-28 11:28:59,098 [aa3e6641-ac34-45f8-85b4-6614ff527932@group-728B1F2A2928-LeaderElection8] INFO  server.RaftServer$Division (ServerState.java:setLeader(313)) - aa3e6641-ac34-45f8-85b4-6614ff527932@group-728B1F2A2928: change Leader from null to aa3e6641-ac34-45f8-85b4-6614ff527932 at term 1 for becomeLeader, leader elected after 5171ms
2022-10-28 11:28:59,098 [aa3e6641-ac34-45f8-85b4-6614ff527932@group-728B1F2A2928-LeaderElection8] INFO  server.RaftServerConfigKeys (ConfUtils.java:logGet(46)) - raft.server.staging.catchup.gap = 1000 (default)
2022-10-28 11:28:59,099 [aa3e6641-ac34-45f8-85b4-6614ff527932@group-728B1F2A2928-LeaderElection8] INFO  server.RaftServerConfigKeys (ConfUtils.java:logGet(46)) - raft.server.write.element-limit = 1024 (custom)
2022-10-28 11:28:59,099 [aa3e6641-ac34-45f8-85b4-6614ff527932@group-728B1F2A2928-LeaderElection8] INFO  server.RaftServerConfigKeys (ConfUtils.java:logGet(46)) - raft.server.write.byte-limit = 1024 M (=1073741824) (custom)
2022-10-28 11:28:59,099 [aa3e6641-ac34-45f8-85b4-6614ff527932@group-728B1F2A2928-LeaderElection8] INFO  server.RaftServerConfigKeys (ConfUtils.java:logGet(46)) - raft.server.watch.timeout = 180s (custom)
2022-10-28 11:28:59,099 [aa3e6641-ac34-45f8-85b4-6614ff527932@group-728B1F2A2928-LeaderElection8] INFO  server.RaftServerConfigKeys (ConfUtils.java:logGet(46)) - raft.server.watch.timeout.denomination = 1s (default)
2022-10-28 11:28:59,099 [aa3e6641-ac34-45f8-85b4-6614ff527932@group-728B1F2A2928-LeaderElection8] INFO  server.RaftServerConfigKeys (ConfUtils.java:logGet(46)) - raft.server.watch.element-limit = 65536 (default)
2022-10-28 11:28:59,099 [aa3e6641-ac34-45f8-85b4-6614ff527932@group-728B1F2A2928-LeaderElection8] INFO  server.RaftServerConfigKeys (ConfUtils.java:logGet(46)) - raft.server.write.element-limit = 1024 (custom)
2022-10-28 11:28:59,099 [aa3e6641-ac34-45f8-85b4-6614ff527932@group-728B1F2A2928-LeaderElection8] INFO  server.RaftServerConfigKeys (ConfUtils.java:logGet(46)) - raft.server.write.follower.gap.ratio.max = -1.0 (default)
2022-10-28 11:28:59,100 [aa3e6641-ac34-45f8-85b4-6614ff527932@group-728B1F2A2928-LeaderElection8] INFO  server.RaftServerConfigKeys (ConfUtils.java:logGet(46)) - raft.server.log.appender.snapshot.chunk.size.max = 16MB (=16777216) (default)
2022-10-28 11:28:59,100 [aa3e6641-ac34-45f8-85b4-6614ff527932@group-728B1F2A2928-LeaderElection8] INFO  server.RaftServerConfigKeys (ConfUtils.java:logGet(46)) - raft.server.log.appender.buffer.byte-limit = 33554432 (custom)
2022-10-28 11:28:59,100 [aa3e6641-ac34-45f8-85b4-6614ff527932@group-728B1F2A2928-LeaderElection8] INFO  server.RaftServerConfigKeys (ConfUtils.java:logGet(46)) - raft.server.log.appender.buffer.element-limit = 1 (custom)
2022-10-28 11:28:59,089 [21cd38f2-3152-4a7b-bfd6-5bc3f4c93f15@group-728B1F2A2928-FollowerState] INFO  server.RaftServerConfigKeys (ConfUtils.java:logFallback(53)) - raft.server.rpc.first-election.timeout.min = 5s (fallback to raft.server.rpc.timeout.min)
2022-10-28 11:28:59,108 [21cd38f2-3152-4a7b-bfd6-5bc3f4c93f15@group-728B1F2A2928-FollowerState] INFO  server.RaftServerConfigKeys (ConfUtils.java:logFallback(53)) - raft.server.rpc.first-election.timeout.max = 5200ms (fallback to raft.server.rpc.timeout.max)
2022-10-28 11:28:59,106 [aa3e6641-ac34-45f8-85b4-6614ff527932@group-728B1F2A2928-LeaderElection8] INFO  grpc.GrpcConfigKeys (ConfUtils.java:logGet(46)) - raft.grpc.server.leader.outstanding.appends.max = 128 (default)
2022-10-28 11:28:59,110 [aa3e6641-ac34-45f8-85b4-6614ff527932@group-728B1F2A2928-LeaderElection8] INFO  server.RaftServerConfigKeys (ConfUtils.java:logGet(46)) - raft.server.rpc.request.timeout = 60s (custom)
2022-10-28 11:28:59,110 [aa3e6641-ac34-45f8-85b4-6614ff527932@group-728B1F2A2928-LeaderElection8] INFO  server.RaftServerConfigKeys (ConfUtils.java:logGet(46)) - raft.server.log.appender.install.snapshot.enabled = false (custom)
2022-10-28 11:28:59,110 [aa3e6641-ac34-45f8-85b4-6614ff527932@group-728B1F2A2928-LeaderElection8] INFO  grpc.GrpcConfigKeys (ConfUtils.java:logGet(46)) - raft.grpc.server.heartbeat.channel = true (default)
2022-10-28 11:28:59,110 [aa3e6641-ac34-45f8-85b4-6614ff527932@group-728B1F2A2928-LeaderElection8] INFO  server.RaftServerConfigKeys (ConfUtils.java:logGet(46)) - raft.server.log.appender.wait-time.min = 10ms (default)
2022-10-28 11:28:59,111 [aa3e6641-ac34-45f8-85b4-6614ff527932@group-728B1F2A2928-LeaderElection8] INFO  server.RaftServerConfigKeys (ConfUtils.java:logGet(46)) - raft.server.log.appender.snapshot.chunk.size.max = 16MB (=16777216) (default)
2022-10-28 11:28:59,111 [aa3e6641-ac34-45f8-85b4-6614ff527932@group-728B1F2A2928-LeaderElection8] INFO  server.RaftServerConfigKeys (ConfUtils.java:logGet(46)) - raft.server.log.appender.buffer.byte-limit = 33554432 (custom)
2022-10-28 11:28:59,111 [aa3e6641-ac34-45f8-85b4-6614ff527932@group-728B1F2A2928-LeaderElection8] INFO  server.RaftServerConfigKeys (ConfUtils.java:logGet(46)) - raft.server.log.appender.buffer.element-limit = 1 (custom)
2022-10-28 11:28:59,111 [aa3e6641-ac34-45f8-85b4-6614ff527932@group-728B1F2A2928-LeaderElection8] INFO  grpc.GrpcConfigKeys (ConfUtils.java:logGet(46)) - raft.grpc.server.leader.outstanding.appends.max = 128 (default)
2022-10-28 11:28:59,111 [aa3e6641-ac34-45f8-85b4-6614ff527932@group-728B1F2A2928-LeaderElection8] INFO  server.RaftServerConfigKeys (ConfUtils.java:logGet(46)) - raft.server.rpc.request.timeout = 60s (custom)
2022-10-28 11:28:59,111 [EventQueue-PipelineReportForPipelineReportHandler] INFO  pipeline.PipelineManagerImpl (PipelineManagerImpl.java:openPipeline(367)) - Pipeline Pipeline[ Id: 02d31f94-5201-42fb-897c-728b1f2a2928, Nodes: 21cd38f2-3152-4a7b-bfd6-5bc3f4c93f15{ip: 10.1.0.114, host: fv-az700-396.2bpskmoaobnu3eckqg1qau4u2h.cx.internal.cloudapp.net, ports: [REPLICATION=34383, RATIS=41711, RATIS_ADMIN=41711, RATIS_SERVER=41711, STANDALONE=35759], networkLocation: /default-rack, certSerialId: null, persistedOpState: IN_SERVICE, persistedOpStateExpiryEpochSec: 0}9d921ae2-dac8-442e-8311-fdc102c02170{ip: 10.1.0.114, host: fv-az700-396.2bpskmoaobnu3eckqg1qau4u2h.cx.internal.cloudapp.net, ports: [REPLICATION=43103, RATIS=43349, RATIS_ADMIN=43349, RATIS_SERVER=43349, STANDALONE=36881], networkLocation: /default-rack, certSerialId: null, persistedOpState: IN_SERVICE, persistedOpStateExpiryEpochSec: 0}aa3e6641-ac34-45f8-85b4-6614ff527932{ip: 10.1.0.114, host: fv-az700-396.2bpskmoaobnu3eckqg1qau4u2h.cx.internal.cloudapp.net, ports: [REPLICATION=45831, RATIS=40629, RATIS_ADMIN=40629, RATIS_SERVER=40629, STANDALONE=33397], networkLocation: /default-rack, certSerialId: null, persistedOpState: IN_SERVICE, persistedOpStateExpiryEpochSec: 0}, ReplicationConfig: RATIS/THREE, State:ALLOCATED, leaderId:aa3e6641-ac34-45f8-85b4-6614ff527932, CreationTimestamp2022-10-28T11:28:51.522Z[Etc/UTC]] moved to OPEN state
2022-10-28 11:28:59,112 [aa3e6641-ac34-45f8-85b4-6614ff527932@group-728B1F2A2928-LeaderElection8] INFO  server.RaftServerConfigKeys (ConfUtils.java:logGet(46)) - raft.server.log.appender.install.snapshot.enabled = false (custom)
2022-10-28 11:28:59,112 [aa3e6641-ac34-45f8-85b4-6614ff527932@group-728B1F2A2928-LeaderElection8] INFO  grpc.GrpcConfigKeys (ConfUtils.java:logGet(46)) - raft.grpc.server.heartbeat.channel = true (default)
2022-10-28 11:28:59,112 [aa3e6641-ac34-45f8-85b4-6614ff527932@group-728B1F2A2928-LeaderElection8] INFO  server.RaftServerConfigKeys (ConfUtils.java:logGet(46)) - raft.server.log.appender.wait-time.min = 10ms (default)
2022-10-28 11:28:59,113 [aa3e6641-ac34-45f8-85b4-6614ff527932@group-728B1F2A2928-LeaderElection8] INFO  impl.RoleInfo (RoleInfo.java:updateAndGet(139)) - aa3e6641-ac34-45f8-85b4-6614ff527932: start aa3e6641-ac34-45f8-85b4-6614ff527932@group-728B1F2A2928-LeaderStateImpl
2022-10-28 11:28:59,113 [aa3e6641-ac34-45f8-85b4-6614ff527932@group-728B1F2A2928-LeaderElection8] INFO  segmented.SegmentedRaftLogWorker (SegmentedRaftLogWorker.java:startLogSegment(452)) - aa3e6641-ac34-45f8-85b4-6614ff527932@group-728B1F2A2928-SegmentedRaftLogWorker: Starting segment from index:0
2022-10-28 11:28:59,114 [aa3e6641-ac34-45f8-85b4-6614ff527932@group-728B1F2A2928-SegmentedRaftLogWorker] INFO  segmented.SegmentedRaftLogWorker (SegmentedRaftLogWorker.java:execute(656)) - aa3e6641-ac34-45f8-85b4-6614ff527932@group-728B1F2A2928-SegmentedRaftLogWorker: created new log segment /home/runner/work/ozone/ozone/hadoop-ozone/integration-test/target/test-dir/MiniOzoneClusterImpl-6ee34448-fbd8-4951-8ae1-d137d06ced7b/datanode-3/data/ratis/02d31f94-5201-42fb-897c-728b1f2a2928/current/log_inprogress_0
2022-10-28 11:28:59,114 [9d921ae2-dac8-442e-8311-fdc102c02170@group-728B1F2A2928-FollowerState] INFO  server.RaftServerConfigKeys (ConfUtils.java:logFallback(53)) - raft.server.rpc.first-election.timeout.min = 5s (fallback to raft.server.rpc.timeout.min)
2022-10-28 11:28:59,115 [9d921ae2-dac8-442e-8311-fdc102c02170@group-728B1F2A2928-FollowerState] INFO  server.RaftServerConfigKeys (ConfUtils.java:logFallback(53)) - raft.server.rpc.first-election.timeout.max = 5200ms (fallback to raft.server.rpc.timeout.max)
2022-10-28 11:28:59,116 [aa3e6641-ac34-45f8-85b4-6614ff527932@group-728B1F2A2928-LeaderElection8] INFO  server.RaftServer$Division (ServerState.java:setRaftConf(430)) - aa3e6641-ac34-45f8-85b4-6614ff527932@group-728B1F2A2928: set configuration 0: peers:[9d921ae2-dac8-442e-8311-fdc102c02170|rpc:10.1.0.114:43349|dataStream:|priority:0|startupRole:FOLLOWER, 21cd38f2-3152-4a7b-bfd6-5bc3f4c93f15|rpc:10.1.0.114:41711|dataStream:|priority:0|startupRole:FOLLOWER, aa3e6641-ac34-45f8-85b4-6614ff527932|rpc:10.1.0.114:40629|dataStream:|priority:1|startupRole:FOLLOWER]|listeners:[], old=null
2022-10-28 11:28:59,162 [9d921ae2-dac8-442e-8311-fdc102c02170-server-thread1] INFO  ratis.XceiverServerRatis (XceiverServerRatis.java:handleLeaderChangedNotification(863)) - Leader change notification received for group: group-728B1F2A2928 with new leaderId: aa3e6641-ac34-45f8-85b4-6614ff527932
2022-10-28 11:28:59,162 [9d921ae2-dac8-442e-8311-fdc102c02170-server-thread1] INFO  server.RaftServer$Division (ServerState.java:setLeader(313)) - 9d921ae2-dac8-442e-8311-fdc102c02170@group-728B1F2A2928: change Leader from null to aa3e6641-ac34-45f8-85b4-6614ff527932 at term 1 for appendEntries, leader elected after 5143ms
2022-10-28 11:28:59,162 [21cd38f2-3152-4a7b-bfd6-5bc3f4c93f15-server-thread1] INFO  ratis.XceiverServerRatis (XceiverServerRatis.java:handleLeaderChangedNotification(863)) - Leader change notification received for group: group-728B1F2A2928 with new leaderId: aa3e6641-ac34-45f8-85b4-6614ff527932
2022-10-28 11:28:59,162 [21cd38f2-3152-4a7b-bfd6-5bc3f4c93f15-server-thread1] INFO  server.RaftServer$Division (ServerState.java:setLeader(313)) - 21cd38f2-3152-4a7b-bfd6-5bc3f4c93f15@group-728B1F2A2928: change Leader from null to aa3e6641-ac34-45f8-85b4-6614ff527932 at term 1 for appendEntries, leader elected after 5195ms
2022-10-28 11:28:59,162 [aa3e6641-ac34-45f8-85b4-6614ff527932@group-EF2AFB36FD63-FollowerState] INFO  impl.FollowerState (FollowerState.java:run(143)) - aa3e6641-ac34-45f8-85b4-6614ff527932@group-EF2AFB36FD63-FollowerState: change to CANDIDATE, lastRpcElapsedTime:5113227793ns, electionTimeout:5103ms
2022-10-28 11:28:59,163 [aa3e6641-ac34-45f8-85b4-6614ff527932@group-EF2AFB36FD63-FollowerState] INFO  impl.RoleInfo (RoleInfo.java:shutdownFollowerState(110)) - aa3e6641-ac34-45f8-85b4-6614ff527932: shutdown aa3e6641-ac34-45f8-85b4-6614ff527932@group-EF2AFB36FD63-FollowerState
2022-10-28 11:28:59,163 [aa3e6641-ac34-45f8-85b4-6614ff527932@group-EF2AFB36FD63-FollowerState] INFO  server.RaftServer$Division (RaftServerImpl.java:setRole(321)) - aa3e6641-ac34-45f8-85b4-6614ff527932@group-EF2AFB36FD63: changes role from  FOLLOWER to CANDIDATE at term 0 for changeToCandidate
2022-10-28 11:28:59,163 [aa3e6641-ac34-45f8-85b4-6614ff527932@group-EF2AFB36FD63-FollowerState] INFO  server.RaftServerConfigKeys (ConfUtils.java:logGet(46)) - raft.server.leaderelection.pre-vote = false (custom)
2022-10-28 11:28:59,163 [aa3e6641-ac34-45f8-85b4-6614ff527932@group-EF2AFB36FD63-FollowerState] INFO  impl.RoleInfo (RoleInfo.java:updateAndGet(139)) - aa3e6641-ac34-45f8-85b4-6614ff527932: start aa3e6641-ac34-45f8-85b4-6614ff527932@group-EF2AFB36FD63-LeaderElection9
2022-10-28 11:28:59,194 [9d921ae2-dac8-442e-8311-fdc102c02170-server-thread2] INFO  server.RaftServer$Division (ServerState.java:setRaftConf(430)) - 9d921ae2-dac8-442e-8311-fdc102c02170@group-728B1F2A2928: set configuration 0: peers:[9d921ae2-dac8-442e-8311-fdc102c02170|rpc:10.1.0.114:43349|dataStream:|priority:0|startupRole:FOLLOWER, 21cd38f2-3152-4a7b-bfd6-5bc3f4c93f15|rpc:10.1.0.114:41711|dataStream:|priority:0|startupRole:FOLLOWER, aa3e6641-ac34-45f8-85b4-6614ff527932|rpc:10.1.0.114:40629|dataStream:|priority:1|startupRole:FOLLOWER]|listeners:[], old=null
2022-10-28 11:28:59,194 [9d921ae2-dac8-442e-8311-fdc102c02170-server-thread2] INFO  segmented.SegmentedRaftLogWorker (SegmentedRaftLogWorker.java:startLogSegment(452)) - 9d921ae2-dac8-442e-8311-fdc102c02170@group-728B1F2A2928-SegmentedRaftLogWorker: Starting segment from index:0
2022-10-28 11:28:59,196 [9d921ae2-dac8-442e-8311-fdc102c02170@group-728B1F2A2928-SegmentedRaftLogWorker] INFO  segmented.SegmentedRaftLogWorker (SegmentedRaftLogWorker.java:execute(656)) - 9d921ae2-dac8-442e-8311-fdc102c02170@group-728B1F2A2928-SegmentedRaftLogWorker: created new log segment /home/runner/work/ozone/ozone/hadoop-ozone/integration-test/target/test-dir/MiniOzoneClusterImpl-6ee34448-fbd8-4951-8ae1-d137d06ced7b/datanode-5/data/ratis/02d31f94-5201-42fb-897c-728b1f2a2928/current/log_inprogress_0
2022-10-28 11:28:59,204 [9d921ae2-dac8-442e-8311-fdc102c02170@group-EF2AFB36FD63-FollowerState] INFO  impl.FollowerState (FollowerState.java:run(143)) - 9d921ae2-dac8-442e-8311-fdc102c02170@group-EF2AFB36FD63-FollowerState: change to CANDIDATE, lastRpcElapsedTime:5133489713ns, electionTimeout:5129ms
2022-10-28 11:28:59,204 [9d921ae2-dac8-442e-8311-fdc102c02170@group-EF2AFB36FD63-FollowerState] INFO  impl.RoleInfo (RoleInfo.java:shutdownFollowerState(110)) - 9d921ae2-dac8-442e-8311-fdc102c02170: shutdown 9d921ae2-dac8-442e-8311-fdc102c02170@group-EF2AFB36FD63-FollowerState
2022-10-28 11:28:59,204 [9d921ae2-dac8-442e-8311-fdc102c02170@group-EF2AFB36FD63-FollowerState] INFO  server.RaftServer$Division (RaftServerImpl.java:setRole(321)) - 9d921ae2-dac8-442e-8311-fdc102c02170@group-EF2AFB36FD63: changes role from  FOLLOWER to CANDIDATE at term 0 for changeToCandidate
2022-10-28 11:28:59,205 [9d921ae2-dac8-442e-8311-fdc102c02170@group-EF2AFB36FD63-FollowerState] INFO  server.RaftServerConfigKeys (ConfUtils.java:logGet(46)) - raft.server.leaderelection.pre-vote = false (custom)
2022-10-28 11:28:59,205 [9d921ae2-dac8-442e-8311-fdc102c02170@group-EF2AFB36FD63-FollowerState] INFO  impl.RoleInfo (RoleInfo.java:updateAndGet(139)) - 9d921ae2-dac8-442e-8311-fdc102c02170: start 9d921ae2-dac8-442e-8311-fdc102c02170@group-EF2AFB36FD63-LeaderElection10
2022-10-28 11:28:59,205 [21cd38f2-3152-4a7b-bfd6-5bc3f4c93f15@group-EF2AFB36FD63-FollowerState] INFO  impl.FollowerState (FollowerState.java:run(143)) - 21cd38f2-3152-4a7b-bfd6-5bc3f4c93f15@group-EF2AFB36FD63-FollowerState: change to CANDIDATE, lastRpcElapsedTime:5105389885ns, electionTimeout:5080ms
2022-10-28 11:28:59,205 [21cd38f2-3152-4a7b-bfd6-5bc3f4c93f15@group-EF2AFB36FD63-FollowerState] INFO  impl.RoleInfo (RoleInfo.java:shutdownFollowerState(110)) - 21cd38f2-3152-4a7b-bfd6-5bc3f4c93f15: shutdown 21cd38f2-3152-4a7b-bfd6-5bc3f4c93f15@group-EF2AFB36FD63-FollowerState
2022-10-28 11:28:59,205 [21cd38f2-3152-4a7b-bfd6-5bc3f4c93f15@group-EF2AFB36FD63-FollowerState] INFO  server.RaftServer$Division (RaftServerImpl.java:setRole(321)) - 21cd38f2-3152-4a7b-bfd6-5bc3f4c93f15@group-EF2AFB36FD63: changes role from  FOLLOWER to CANDIDATE at term 0 for changeToCandidate
2022-10-28 11:28:59,205 [21cd38f2-3152-4a7b-bfd6-5bc3f4c93f15@group-EF2AFB36FD63-FollowerState] INFO  server.RaftServerConfigKeys (ConfUtils.java:logGet(46)) - raft.server.leaderelection.pre-vote = false (custom)
2022-10-28 11:28:59,205 [21cd38f2-3152-4a7b-bfd6-5bc3f4c93f15@group-EF2AFB36FD63-FollowerState] INFO  impl.RoleInfo (RoleInfo.java:updateAndGet(139)) - 21cd38f2-3152-4a7b-bfd6-5bc3f4c93f15: start 21cd38f2-3152-4a7b-bfd6-5bc3f4c93f15@group-EF2AFB36FD63-LeaderElection11
2022-10-28 11:28:59,216 [aa3e6641-ac34-45f8-85b4-6614ff527932@group-EF2AFB36FD63-LeaderElection9] INFO  impl.LeaderElection (LeaderElection.java:askForVotes(312)) - aa3e6641-ac34-45f8-85b4-6614ff527932@group-EF2AFB36FD63-LeaderElection9 ELECTION round 0: submit vote requests at term 1 for -1: peers:[9d921ae2-dac8-442e-8311-fdc102c02170|rpc:10.1.0.114:43349|priority:1|startupRole:FOLLOWER, 21cd38f2-3152-4a7b-bfd6-5bc3f4c93f15|rpc:10.1.0.114:41711|priority:0|startupRole:FOLLOWER, aa3e6641-ac34-45f8-85b4-6614ff527932|rpc:10.1.0.114:40629|priority:0|startupRole:FOLLOWER]|listeners:[], old=null
2022-10-28 11:28:59,222 [21cd38f2-3152-4a7b-bfd6-5bc3f4c93f15-server-thread3] INFO  server.RaftServer$Division (ServerState.java:setRaftConf(430)) - 21cd38f2-3152-4a7b-bfd6-5bc3f4c93f15@group-728B1F2A2928: set configuration 0: peers:[9d921ae2-dac8-442e-8311-fdc102c02170|rpc:10.1.0.114:43349|dataStream:|priority:0|startupRole:FOLLOWER, 21cd38f2-3152-4a7b-bfd6-5bc3f4c93f15|rpc:10.1.0.114:41711|dataStream:|priority:0|startupRole:FOLLOWER, aa3e6641-ac34-45f8-85b4-6614ff527932|rpc:10.1.0.114:40629|dataStream:|priority:1|startupRole:FOLLOWER]|listeners:[], old=null
2022-10-28 11:28:59,223 [21cd38f2-3152-4a7b-bfd6-5bc3f4c93f15-server-thread3] INFO  segmented.SegmentedRaftLogWorker (SegmentedRaftLogWorker.java:startLogSegment(452)) - 21cd38f2-3152-4a7b-bfd6-5bc3f4c93f15@group-728B1F2A2928-SegmentedRaftLogWorker: Starting segment from index:0
2022-10-28 11:28:59,224 [aa3e6641-ac34-45f8-85b4-6614ff527932@group-EF2AFB36FD63-LeaderElection9] INFO  server.RaftServerConfigKeys (ConfUtils.java:logFallback(53)) - raft.server.rpc.first-election.timeout.min = 5s (fallback to raft.server.rpc.timeout.min)
2022-10-28 11:28:59,224 [9d921ae2-dac8-442e-8311-fdc102c02170@group-EF2AFB36FD63-LeaderElection10] INFO  impl.LeaderElection (LeaderElection.java:askForVotes(312)) - 9d921ae2-dac8-442e-8311-fdc102c02170@group-EF2AFB36FD63-LeaderElection10 ELECTION round 0: submit vote requests at term 1 for -1: peers:[9d921ae2-dac8-442e-8311-fdc102c02170|rpc:10.1.0.114:43349|dataStream:|priority:1|startupRole:FOLLOWER, 21cd38f2-3152-4a7b-bfd6-5bc3f4c93f15|rpc:10.1.0.114:41711|dataStream:|priority:0|startupRole:FOLLOWER, aa3e6641-ac34-45f8-85b4-6614ff527932|rpc:10.1.0.114:40629|dataStream:|priority:0|startupRole:FOLLOWER]|listeners:[], old=null
2022-10-28 11:28:59,224 [aa3e6641-ac34-45f8-85b4-6614ff527932@group-EF2AFB36FD63-LeaderElection9] INFO  server.RaftServerConfigKeys (ConfUtils.java:logFallback(53)) - raft.server.rpc.first-election.timeout.max = 5200ms (fallback to raft.server.rpc.timeout.max)
2022-10-28 11:28:59,224 [9d921ae2-dac8-442e-8311-fdc102c02170@group-EF2AFB36FD63-LeaderElection10] INFO  server.RaftServerConfigKeys (ConfUtils.java:logFallback(53)) - raft.server.rpc.first-election.timeout.min = 5s (fallback to raft.server.rpc.timeout.min)
2022-10-28 11:28:59,224 [9d921ae2-dac8-442e-8311-fdc102c02170@group-EF2AFB36FD63-LeaderElection10] INFO  server.RaftServerConfigKeys (ConfUtils.java:logFallback(53)) - raft.server.rpc.first-election.timeout.max = 5200ms (fallback to raft.server.rpc.timeout.max)
2022-10-28 11:28:59,230 [grpc-default-executor-2] INFO  server.RaftServer$Division (RaftServerImpl.java:requestVote(1218)) - 9d921ae2-dac8-442e-8311-fdc102c02170@group-EF2AFB36FD63: receive requestVote(ELECTION, aa3e6641-ac34-45f8-85b4-6614ff527932, group-EF2AFB36FD63, 1, (t:0, i:0))
2022-10-28 11:28:59,230 [grpc-default-executor-2] INFO  impl.VoteContext (VoteContext.java:log(48)) - 9d921ae2-dac8-442e-8311-fdc102c02170@group-EF2AFB36FD63-CANDIDATE: reject ELECTION from aa3e6641-ac34-45f8-85b4-6614ff527932: already has voted for 9d921ae2-dac8-442e-8311-fdc102c02170 at current term 1
2022-10-28 11:28:59,230 [grpc-default-executor-2] INFO  server.RaftServer$Division (RaftServerImpl.java:requestVote(1251)) - 9d921ae2-dac8-442e-8311-fdc102c02170@group-EF2AFB36FD63 replies to ELECTION vote request: aa3e6641-ac34-45f8-85b4-6614ff527932<-9d921ae2-dac8-442e-8311-fdc102c02170#0:FAIL-t1. Peer's state: 9d921ae2-dac8-442e-8311-fdc102c02170@group-EF2AFB36FD63:t1, leader=null, voted=9d921ae2-dac8-442e-8311-fdc102c02170, raftlog=Memoized:9d921ae2-dac8-442e-8311-fdc102c02170@group-EF2AFB36FD63-SegmentedRaftLog:OPENED:c-1, conf=-1: peers:[9d921ae2-dac8-442e-8311-fdc102c02170|rpc:10.1.0.114:43349|dataStream:|priority:1|startupRole:FOLLOWER, 21cd38f2-3152-4a7b-bfd6-5bc3f4c93f15|rpc:10.1.0.114:41711|dataStream:|priority:0|startupRole:FOLLOWER, aa3e6641-ac34-45f8-85b4-6614ff527932|rpc:10.1.0.114:40629|dataStream:|priority:0|startupRole:FOLLOWER]|listeners:[], old=null
2022-10-28 11:28:59,231 [9d921ae2-dac8-442e-8311-fdc102c02170@group-EF2AFB36FD63-LeaderElection10-2] INFO  server.GrpcServerProtocolClient (GrpcServerProtocolClient.java:<init>(63)) - Build channel for aa3e6641-ac34-45f8-85b4-6614ff527932
2022-10-28 11:28:59,235 [21cd38f2-3152-4a7b-bfd6-5bc3f4c93f15@group-728B1F2A2928-SegmentedRaftLogWorker] INFO  segmented.SegmentedRaftLogWorker (SegmentedRaftLogWorker.java:execute(656)) - 21cd38f2-3152-4a7b-bfd6-5bc3f4c93f15@group-728B1F2A2928-SegmentedRaftLogWorker: created new log segment /home/runner/work/ozone/ozone/hadoop-ozone/integration-test/target/test-dir/MiniOzoneClusterImpl-6ee34448-fbd8-4951-8ae1-d137d06ced7b/datanode-4/data/ratis/02d31f94-5201-42fb-897c-728b1f2a2928/current/log_inprogress_0
2022-10-28 11:28:59,236 [21cd38f2-3152-4a7b-bfd6-5bc3f4c93f15@group-EF2AFB36FD63-LeaderElection11] INFO  impl.LeaderElection (LeaderElection.java:askForVotes(312)) - 21cd38f2-3152-4a7b-bfd6-5bc3f4c93f15@group-EF2AFB36FD63-LeaderElection11 ELECTION round 0: submit vote requests at term 1 for -1: peers:[9d921ae2-dac8-442e-8311-fdc102c02170|rpc:10.1.0.114:43349|dataStream:|priority:1|startupRole:FOLLOWER, 21cd38f2-3152-4a7b-bfd6-5bc3f4c93f15|rpc:10.1.0.114:41711|dataStream:|priority:0|startupRole:FOLLOWER, aa3e6641-ac34-45f8-85b4-6614ff527932|rpc:10.1.0.114:40629|dataStream:|priority:0|startupRole:FOLLOWER]|listeners:[], old=null
2022-10-28 11:28:59,245 [21cd38f2-3152-4a7b-bfd6-5bc3f4c93f15@group-EF2AFB36FD63-LeaderElection11] INFO  server.RaftServerConfigKeys (ConfUtils.java:logFallback(53)) - raft.server.rpc.first-election.timeout.min = 5s (fallback to raft.server.rpc.timeout.min)
2022-10-28 11:28:59,277 [21cd38f2-3152-4a7b-bfd6-5bc3f4c93f15@group-EF2AFB36FD63-LeaderElection11] INFO  server.RaftServerConfigKeys (ConfUtils.java:logFallback(53)) - raft.server.rpc.first-election.timeout.max = 5200ms (fallback to raft.server.rpc.timeout.max)
2022-10-28 11:28:59,277 [21cd38f2-3152-4a7b-bfd6-5bc3f4c93f15@group-EF2AFB36FD63-LeaderElection11-1] INFO  server.GrpcServerProtocolClient (GrpcServerProtocolClient.java:<init>(63)) - Build channel for 9d921ae2-dac8-442e-8311-fdc102c02170
2022-10-28 11:28:59,281 [21cd38f2-3152-4a7b-bfd6-5bc3f4c93f15@group-2331FFA763EF-FollowerState] INFO  impl.FollowerState (FollowerState.java:run(143)) - 21cd38f2-3152-4a7b-bfd6-5bc3f4c93f15@group-2331FFA763EF-FollowerState: change to CANDIDATE, lastRpcElapsedTime:5069690250ns, electionTimeout:5040ms
2022-10-28 11:28:59,281 [21cd38f2-3152-4a7b-bfd6-5bc3f4c93f15@group-2331FFA763EF-FollowerState] INFO  impl.RoleInfo (RoleInfo.java:shutdownFollowerState(110)) - 21cd38f2-3152-4a7b-bfd6-5bc3f4c93f15: shutdown 21cd38f2-3152-4a7b-bfd6-5bc3f4c93f15@group-2331FFA763EF-FollowerState
2022-10-28 11:28:59,281 [21cd38f2-3152-4a7b-bfd6-5bc3f4c93f15@group-2331FFA763EF-FollowerState] INFO  server.RaftServer$Division (RaftServerImpl.java:setRole(321)) - 21cd38f2-3152-4a7b-bfd6-5bc3f4c93f15@group-2331FFA763EF: changes role from  FOLLOWER to CANDIDATE at term 0 for changeToCandidate
2022-10-28 11:28:59,281 [21cd38f2-3152-4a7b-bfd6-5bc3f4c93f15@group-2331FFA763EF-FollowerState] INFO  server.RaftServerConfigKeys (ConfUtils.java:logGet(46)) - raft.server.leaderelection.pre-vote = false (custom)
2022-10-28 11:28:59,281 [21cd38f2-3152-4a7b-bfd6-5bc3f4c93f15@group-2331FFA763EF-FollowerState] INFO  impl.RoleInfo (RoleInfo.java:updateAndGet(139)) - 21cd38f2-3152-4a7b-bfd6-5bc3f4c93f15: start 21cd38f2-3152-4a7b-bfd6-5bc3f4c93f15@group-2331FFA763EF-LeaderElection12
2022-10-28 11:28:59,276 [9d921ae2-dac8-442e-8311-fdc102c02170@group-EF2AFB36FD63-LeaderElection10-1] INFO  server.GrpcServerProtocolClient (GrpcServerProtocolClient.java:<init>(63)) - Build channel for 21cd38f2-3152-4a7b-bfd6-5bc3f4c93f15
2022-10-28 11:28:59,276 [aa3e6641-ac34-45f8-85b4-6614ff527932@group-EF2AFB36FD63-LeaderElection9] INFO  impl.LeaderElection (LeaderElection.java:logAndReturn(90)) - aa3e6641-ac34-45f8-85b4-6614ff527932@group-EF2AFB36FD63-LeaderElection9: ELECTION REJECTED received 1 response(s) and 0 exception(s):
2022-10-28 11:28:59,284 [aa3e6641-ac34-45f8-85b4-6614ff527932@group-EF2AFB36FD63-LeaderElection9] INFO  impl.LeaderElection (LeaderElection.java:logAndReturn(94)) -   Response 0: aa3e6641-ac34-45f8-85b4-6614ff527932<-9d921ae2-dac8-442e-8311-fdc102c02170#0:FAIL-t1
2022-10-28 11:28:59,276 [grpc-default-executor-2] INFO  server.RaftServer$Division (RaftServerImpl.java:requestVote(1218)) - aa3e6641-ac34-45f8-85b4-6614ff527932@group-EF2AFB36FD63: receive requestVote(ELECTION, 9d921ae2-dac8-442e-8311-fdc102c02170, group-EF2AFB36FD63, 1, (t:0, i:0))
2022-10-28 11:28:59,289 [grpc-default-executor-2] INFO  impl.VoteContext (VoteContext.java:log(48)) - aa3e6641-ac34-45f8-85b4-6614ff527932@group-EF2AFB36FD63-CANDIDATE: reject ELECTION from 9d921ae2-dac8-442e-8311-fdc102c02170: already has voted for aa3e6641-ac34-45f8-85b4-6614ff527932 at current term 1
2022-10-28 11:28:59,289 [grpc-default-executor-2] INFO  server.RaftServer$Division (RaftServerImpl.java:requestVote(1251)) - aa3e6641-ac34-45f8-85b4-6614ff527932@group-EF2AFB36FD63 replies to ELECTION vote request: 9d921ae2-dac8-442e-8311-fdc102c02170<-aa3e6641-ac34-45f8-85b4-6614ff527932#0:FAIL-t1. Peer's state: aa3e6641-ac34-45f8-85b4-6614ff527932@group-EF2AFB36FD63:t1, leader=null, voted=aa3e6641-ac34-45f8-85b4-6614ff527932, raftlog=Memoized:aa3e6641-ac34-45f8-85b4-6614ff527932@group-EF2AFB36FD63-SegmentedRaftLog:OPENED:c-1, conf=-1: peers:[9d921ae2-dac8-442e-8311-fdc102c02170|rpc:10.1.0.114:43349|priority:1|startupRole:FOLLOWER, 21cd38f2-3152-4a7b-bfd6-5bc3f4c93f15|rpc:10.1.0.114:41711|priority:0|startupRole:FOLLOWER, aa3e6641-ac34-45f8-85b4-6614ff527932|rpc:10.1.0.114:40629|priority:0|startupRole:FOLLOWER]|listeners:[], old=null
2022-10-28 11:28:59,290 [21cd38f2-3152-4a7b-bfd6-5bc3f4c93f15@group-EF2AFB36FD63-LeaderElection11-2] INFO  server.GrpcServerProtocolClient (GrpcServerProtocolClient.java:<init>(63)) - Build channel for aa3e6641-ac34-45f8-85b4-6614ff527932
2022-10-28 11:28:59,291 [aa3e6641-ac34-45f8-85b4-6614ff527932@group-EF2AFB36FD63-LeaderElection9] INFO  impl.LeaderElection (LeaderElection.java:askForVotes(314)) - aa3e6641-ac34-45f8-85b4-6614ff527932@group-EF2AFB36FD63-LeaderElection9 ELECTION round 0: result REJECTED
2022-10-28 11:28:59,291 [aa3e6641-ac34-45f8-85b4-6614ff527932@group-EF2AFB36FD63-LeaderElection9] INFO  server.RaftServer$Division (RaftServerImpl.java:setRole(321)) - aa3e6641-ac34-45f8-85b4-6614ff527932@group-EF2AFB36FD63: changes role from CANDIDATE to FOLLOWER at term 1 for REJECTED
2022-10-28 11:28:59,291 [aa3e6641-ac34-45f8-85b4-6614ff527932@group-EF2AFB36FD63-LeaderElection9] INFO  impl.RoleInfo (RoleInfo.java:shutdownLeaderElection(130)) - aa3e6641-ac34-45f8-85b4-6614ff527932: shutdown aa3e6641-ac34-45f8-85b4-6614ff527932@group-EF2AFB36FD63-LeaderElection9
2022-10-28 11:28:59,291 [aa3e6641-ac34-45f8-85b4-6614ff527932@group-EF2AFB36FD63-LeaderElection9] INFO  impl.RoleInfo (RoleInfo.java:updateAndGet(139)) - aa3e6641-ac34-45f8-85b4-6614ff527932: start aa3e6641-ac34-45f8-85b4-6614ff527932@group-EF2AFB36FD63-FollowerState
2022-10-28 11:28:59,276 [grpc-default-executor-5] INFO  server.RaftServer$Division (RaftServerImpl.java:requestVote(1218)) - 21cd38f2-3152-4a7b-bfd6-5bc3f4c93f15@group-EF2AFB36FD63: receive requestVote(ELECTION, aa3e6641-ac34-45f8-85b4-6614ff527932, group-EF2AFB36FD63, 1, (t:0, i:0))
2022-10-28 11:28:59,292 [grpc-default-executor-5] INFO  impl.VoteContext (VoteContext.java:log(48)) - 21cd38f2-3152-4a7b-bfd6-5bc3f4c93f15@group-EF2AFB36FD63-CANDIDATE: reject ELECTION from aa3e6641-ac34-45f8-85b4-6614ff527932: already has voted for 21cd38f2-3152-4a7b-bfd6-5bc3f4c93f15 at current term 1
2022-10-28 11:28:59,292 [grpc-default-executor-5] INFO  server.RaftServer$Division (RaftServerImpl.java:requestVote(1251)) - 21cd38f2-3152-4a7b-bfd6-5bc3f4c93f15@group-EF2AFB36FD63 replies to ELECTION vote request: aa3e6641-ac34-45f8-85b4-6614ff527932<-21cd38f2-3152-4a7b-bfd6-5bc3f4c93f15#0:FAIL-t1. Peer's state: 21cd38f2-3152-4a7b-bfd6-5bc3f4c93f15@group-EF2AFB36FD63:t1, leader=null, voted=21cd38f2-3152-4a7b-bfd6-5bc3f4c93f15, raftlog=Memoized:21cd38f2-3152-4a7b-bfd6-5bc3f4c93f15@group-EF2AFB36FD63-SegmentedRaftLog:OPENED:c-1, conf=-1: peers:[9d921ae2-dac8-442e-8311-fdc102c02170|rpc:10.1.0.114:43349|dataStream:|priority:1|startupRole:FOLLOWER, 21cd38f2-3152-4a7b-bfd6-5bc3f4c93f15|rpc:10.1.0.114:41711|dataStream:|priority:0|startupRole:FOLLOWER, aa3e6641-ac34-45f8-85b4-6614ff527932|rpc:10.1.0.114:40629|dataStream:|priority:0|startupRole:FOLLOWER]|listeners:[], old=null
2022-10-28 11:28:59,307 [grpc-default-executor-2] INFO  server.RaftServer$Division (RaftServerImpl.java:requestVote(1218)) - 9d921ae2-dac8-442e-8311-fdc102c02170@group-EF2AFB36FD63: receive requestVote(ELECTION, 21cd38f2-3152-4a7b-bfd6-5bc3f4c93f15, group-EF2AFB36FD63, 1, (t:0, i:0))
2022-10-28 11:28:59,307 [grpc-default-executor-2] INFO  impl.VoteContext (VoteContext.java:log(48)) - 9d921ae2-dac8-442e-8311-fdc102c02170@group-EF2AFB36FD63-CANDIDATE: reject ELECTION from 21cd38f2-3152-4a7b-bfd6-5bc3f4c93f15: already has voted for 9d921ae2-dac8-442e-8311-fdc102c02170 at current term 1
2022-10-28 11:28:59,307 [grpc-default-executor-2] INFO  server.RaftServer$Division (RaftServerImpl.java:requestVote(1251)) - 9d921ae2-dac8-442e-8311-fdc102c02170@group-EF2AFB36FD63 replies to ELECTION vote request: 21cd38f2-3152-4a7b-bfd6-5bc3f4c93f15<-9d921ae2-dac8-442e-8311-fdc102c02170#0:FAIL-t1. Peer's state: 9d921ae2-dac8-442e-8311-fdc102c02170@group-EF2AFB36FD63:t1, leader=null, voted=9d921ae2-dac8-442e-8311-fdc102c02170, raftlog=Memoized:9d921ae2-dac8-442e-8311-fdc102c02170@group-EF2AFB36FD63-SegmentedRaftLog:OPENED:c-1, conf=-1: peers:[9d921ae2-dac8-442e-8311-fdc102c02170|rpc:10.1.0.114:43349|dataStream:|priority:1|startupRole:FOLLOWER, 21cd38f2-3152-4a7b-bfd6-5bc3f4c93f15|rpc:10.1.0.114:41711|dataStream:|priority:0|startupRole:FOLLOWER, aa3e6641-ac34-45f8-85b4-6614ff527932|rpc:10.1.0.114:40629|dataStream:|priority:0|startupRole:FOLLOWER]|listeners:[], old=null
2022-10-28 11:28:59,308 [grpc-default-executor-0] INFO  server.RaftServer$Division (RaftServerImpl.java:requestVote(1218)) - 21cd38f2-3152-4a7b-bfd6-5bc3f4c93f15@group-EF2AFB36FD63: receive requestVote(ELECTION, 9d921ae2-dac8-442e-8311-fdc102c02170, group-EF2AFB36FD63, 1, (t:0, i:0))
2022-10-28 11:28:59,308 [grpc-default-executor-0] INFO  impl.VoteContext (VoteContext.java:log(48)) - 21cd38f2-3152-4a7b-bfd6-5bc3f4c93f15@group-EF2AFB36FD63-CANDIDATE: reject ELECTION from 9d921ae2-dac8-442e-8311-fdc102c02170: already has voted for 21cd38f2-3152-4a7b-bfd6-5bc3f4c93f15 at current term 1
2022-10-28 11:28:59,308 [grpc-default-executor-0] INFO  server.RaftServer$Division (RaftServerImpl.java:requestVote(1251)) - 21cd38f2-3152-4a7b-bfd6-5bc3f4c93f15@group-EF2AFB36FD63 replies to ELECTION vote request: 9d921ae2-dac8-442e-8311-fdc102c02170<-21cd38f2-3152-4a7b-bfd6-5bc3f4c93f15#0:FAIL-t1. Peer's state: 21cd38f2-3152-4a7b-bfd6-5bc3f4c93f15@group-EF2AFB36FD63:t1, leader=null, voted=21cd38f2-3152-4a7b-bfd6-5bc3f4c93f15, raftlog=Memoized:21cd38f2-3152-4a7b-bfd6-5bc3f4c93f15@group-EF2AFB36FD63-SegmentedRaftLog:OPENED:c-1, conf=-1: peers:[9d921ae2-dac8-442e-8311-fdc102c02170|rpc:10.1.0.114:43349|dataStream:|priority:1|startupRole:FOLLOWER, 21cd38f2-3152-4a7b-bfd6-5bc3f4c93f15|rpc:10.1.0.114:41711|dataStream:|priority:0|startupRole:FOLLOWER, aa3e6641-ac34-45f8-85b4-6614ff527932|rpc:10.1.0.114:40629|dataStream:|priority:0|startupRole:FOLLOWER]|listeners:[], old=null
2022-10-28 11:28:59,310 [21cd38f2-3152-4a7b-bfd6-5bc3f4c93f15@group-2331FFA763EF-LeaderElection12] INFO  impl.LeaderElection (LeaderElection.java:askForVotes(312)) - 21cd38f2-3152-4a7b-bfd6-5bc3f4c93f15@group-2331FFA763EF-LeaderElection12 ELECTION round 0: submit vote requests at term 1 for -1: peers:[21cd38f2-3152-4a7b-bfd6-5bc3f4c93f15|rpc:10.1.0.114:41711|priority:1|startupRole:FOLLOWER]|listeners:[], old=null
2022-10-28 11:28:59,310 [21cd38f2-3152-4a7b-bfd6-5bc3f4c93f15@group-2331FFA763EF-LeaderElection12] INFO  impl.LeaderElection (LeaderElection.java:askForVotes(314)) - 21cd38f2-3152-4a7b-bfd6-5bc3f4c93f15@group-2331FFA763EF-LeaderElection12 ELECTION round 0: result PASSED (term=1)
2022-10-28 11:28:59,310 [21cd38f2-3152-4a7b-bfd6-5bc3f4c93f15@group-2331FFA763EF-LeaderElection12] INFO  impl.RoleInfo (RoleInfo.java:shutdownLeaderElection(130)) - 21cd38f2-3152-4a7b-bfd6-5bc3f4c93f15: shutdown 21cd38f2-3152-4a7b-bfd6-5bc3f4c93f15@group-2331FFA763EF-LeaderElection12
2022-10-28 11:28:59,310 [21cd38f2-3152-4a7b-bfd6-5bc3f4c93f15@group-2331FFA763EF-LeaderElection12] INFO  server.RaftServer$Division (RaftServerImpl.java:setRole(321)) - 21cd38f2-3152-4a7b-bfd6-5bc3f4c93f15@group-2331FFA763EF: changes role from CANDIDATE to LEADER at term 1 for changeToLeader
2022-10-28 11:28:59,310 [21cd38f2-3152-4a7b-bfd6-5bc3f4c93f15@group-2331FFA763EF-LeaderElection12] INFO  ratis.XceiverServerRatis (XceiverServerRatis.java:handleLeaderChangedNotification(863)) - Leader change notification received for group: group-2331FFA763EF with new leaderId: 21cd38f2-3152-4a7b-bfd6-5bc3f4c93f15
2022-10-28 11:28:59,310 [21cd38f2-3152-4a7b-bfd6-5bc3f4c93f15@group-2331FFA763EF-LeaderElection12] INFO  server.RaftServer$Division (ServerState.java:setLeader(313)) - 21cd38f2-3152-4a7b-bfd6-5bc3f4c93f15@group-2331FFA763EF: change Leader from null to 21cd38f2-3152-4a7b-bfd6-5bc3f4c93f15 at term 1 for becomeLeader, leader elected after 5107ms
2022-10-28 11:28:59,310 [21cd38f2-3152-4a7b-bfd6-5bc3f4c93f15@group-2331FFA763EF-LeaderElection12] INFO  server.RaftServerConfigKeys (ConfUtils.java:logGet(46)) - raft.server.staging.catchup.gap = 1000 (default)
2022-10-28 11:28:59,310 [21cd38f2-3152-4a7b-bfd6-5bc3f4c93f15@group-2331FFA763EF-LeaderElection12] INFO  server.RaftServerConfigKeys (ConfUtils.java:logGet(46)) - raft.server.write.element-limit = 1024 (custom)
2022-10-28 11:28:59,310 [21cd38f2-3152-4a7b-bfd6-5bc3f4c93f15@group-2331FFA763EF-LeaderElection12] INFO  server.RaftServerConfigKeys (ConfUtils.java:logGet(46)) - raft.server.write.byte-limit = 1024 M (=1073741824) (custom)
2022-10-28 11:28:59,311 [21cd38f2-3152-4a7b-bfd6-5bc3f4c93f15@group-2331FFA763EF-LeaderElection12] INFO  server.RaftServerConfigKeys (ConfUtils.java:logGet(46)) - raft.server.watch.timeout = 180s (custom)
2022-10-28 11:28:59,311 [21cd38f2-3152-4a7b-bfd6-5bc3f4c93f15@group-2331FFA763EF-LeaderElection12] INFO  server.RaftServerConfigKeys (ConfUtils.java:logGet(46)) - raft.server.watch.timeout.denomination = 1s (default)
2022-10-28 11:28:59,311 [21cd38f2-3152-4a7b-bfd6-5bc3f4c93f15@group-2331FFA763EF-LeaderElection12] INFO  server.RaftServerConfigKeys (ConfUtils.java:logGet(46)) - raft.server.watch.element-limit = 65536 (default)
2022-10-28 11:28:59,311 [21cd38f2-3152-4a7b-bfd6-5bc3f4c93f15@group-2331FFA763EF-LeaderElection12] INFO  server.RaftServerConfigKeys (ConfUtils.java:logGet(46)) - raft.server.write.element-limit = 1024 (custom)
2022-10-28 11:28:59,311 [21cd38f2-3152-4a7b-bfd6-5bc3f4c93f15@group-2331FFA763EF-LeaderElection12] INFO  server.RaftServerConfigKeys (ConfUtils.java:logGet(46)) - raft.server.write.follower.gap.ratio.max = -1.0 (default)
2022-10-28 11:28:59,311 [21cd38f2-3152-4a7b-bfd6-5bc3f4c93f15@group-2331FFA763EF-LeaderElection12] INFO  impl.RoleInfo (RoleInfo.java:updateAndGet(139)) - 21cd38f2-3152-4a7b-bfd6-5bc3f4c93f15: start 21cd38f2-3152-4a7b-bfd6-5bc3f4c93f15@group-2331FFA763EF-LeaderStateImpl
2022-10-28 11:28:59,311 [21cd38f2-3152-4a7b-bfd6-5bc3f4c93f15@group-2331FFA763EF-LeaderElection12] INFO  segmented.SegmentedRaftLogWorker (SegmentedRaftLogWorker.java:startLogSegment(452)) - 21cd38f2-3152-4a7b-bfd6-5bc3f4c93f15@group-2331FFA763EF-SegmentedRaftLogWorker: Starting segment from index:0
2022-10-28 11:28:59,312 [aa3e6641-ac34-45f8-85b4-6614ff527932@group-EF2AFB36FD63-FollowerState] INFO  server.RaftServerConfigKeys (ConfUtils.java:logFallback(53)) - raft.server.rpc.first-election.timeout.min = 5s (fallback to raft.server.rpc.timeout.min)
2022-10-28 11:28:59,312 [21cd38f2-3152-4a7b-bfd6-5bc3f4c93f15@group-2331FFA763EF-SegmentedRaftLogWorker] INFO  segmented.SegmentedRaftLogWorker (SegmentedRaftLogWorker.java:execute(656)) - 21cd38f2-3152-4a7b-bfd6-5bc3f4c93f15@group-2331FFA763EF-SegmentedRaftLogWorker: created new log segment /home/runner/work/ozone/ozone/hadoop-ozone/integration-test/target/test-dir/MiniOzoneClusterImpl-6ee34448-fbd8-4951-8ae1-d137d06ced7b/datanode-4/data/ratis/7952a272-1332-426a-ac49-2331ffa763ef/current/log_inprogress_0
2022-10-28 11:28:59,312 [aa3e6641-ac34-45f8-85b4-6614ff527932@group-EF2AFB36FD63-FollowerState] INFO  server.RaftServerConfigKeys (ConfUtils.java:logFallback(53)) - raft.server.rpc.first-election.timeout.max = 5200ms (fallback to raft.server.rpc.timeout.max)
2022-10-28 11:28:59,314 [21cd38f2-3152-4a7b-bfd6-5bc3f4c93f15@group-2331FFA763EF-LeaderElection12] INFO  server.RaftServer$Division (ServerState.java:setRaftConf(430)) - 21cd38f2-3152-4a7b-bfd6-5bc3f4c93f15@group-2331FFA763EF: set configuration 0: peers:[21cd38f2-3152-4a7b-bfd6-5bc3f4c93f15|rpc:10.1.0.114:41711|dataStream:|priority:1|startupRole:FOLLOWER]|listeners:[], old=null
2022-10-28 11:28:59,316 [21cd38f2-3152-4a7b-bfd6-5bc3f4c93f15@group-EF2AFB36FD63-LeaderElection11] INFO  impl.LeaderElection (LeaderElection.java:logAndReturn(90)) - 21cd38f2-3152-4a7b-bfd6-5bc3f4c93f15@group-EF2AFB36FD63-LeaderElection11: ELECTION REJECTED received 1 response(s) and 0 exception(s):
2022-10-28 11:28:59,316 [21cd38f2-3152-4a7b-bfd6-5bc3f4c93f15@group-EF2AFB36FD63-LeaderElection11] INFO  impl.LeaderElection (LeaderElection.java:logAndReturn(94)) -   Response 0: 21cd38f2-3152-4a7b-bfd6-5bc3f4c93f15<-9d921ae2-dac8-442e-8311-fdc102c02170#0:FAIL-t1
2022-10-28 11:28:59,316 [21cd38f2-3152-4a7b-bfd6-5bc3f4c93f15@group-EF2AFB36FD63-LeaderElection11] INFO  impl.LeaderElection (LeaderElection.java:askForVotes(314)) - 21cd38f2-3152-4a7b-bfd6-5bc3f4c93f15@group-EF2AFB36FD63-LeaderElection11 ELECTION round 0: result REJECTED
2022-10-28 11:28:59,316 [21cd38f2-3152-4a7b-bfd6-5bc3f4c93f15@group-EF2AFB36FD63-LeaderElection11] INFO  server.RaftServer$Division (RaftServerImpl.java:setRole(321)) - 21cd38f2-3152-4a7b-bfd6-5bc3f4c93f15@group-EF2AFB36FD63: changes role from CANDIDATE to FOLLOWER at term 1 for REJECTED
2022-10-28 11:28:59,316 [21cd38f2-3152-4a7b-bfd6-5bc3f4c93f15@group-EF2AFB36FD63-LeaderElection11] INFO  impl.RoleInfo (RoleInfo.java:shutdownLeaderElection(130)) - 21cd38f2-3152-4a7b-bfd6-5bc3f4c93f15: shutdown 21cd38f2-3152-4a7b-bfd6-5bc3f4c93f15@group-EF2AFB36FD63-LeaderElection11
2022-10-28 11:28:59,316 [21cd38f2-3152-4a7b-bfd6-5bc3f4c93f15@group-EF2AFB36FD63-LeaderElection11] INFO  impl.RoleInfo (RoleInfo.java:updateAndGet(139)) - 21cd38f2-3152-4a7b-bfd6-5bc3f4c93f15: start 21cd38f2-3152-4a7b-bfd6-5bc3f4c93f15@group-EF2AFB36FD63-FollowerState
2022-10-28 11:28:59,316 [9d921ae2-dac8-442e-8311-fdc102c02170@group-EF2AFB36FD63-LeaderElection10] INFO  impl.LeaderElection (LeaderElection.java:logAndReturn(90)) - 9d921ae2-dac8-442e-8311-fdc102c02170@group-EF2AFB36FD63-LeaderElection10: ELECTION REJECTED received 2 response(s) and 0 exception(s):
2022-10-28 11:28:59,316 [9d921ae2-dac8-442e-8311-fdc102c02170@group-EF2AFB36FD63-LeaderElection10] INFO  impl.LeaderElection (LeaderElection.java:logAndReturn(94)) -   Response 0: 9d921ae2-dac8-442e-8311-fdc102c02170<-21cd38f2-3152-4a7b-bfd6-5bc3f4c93f15#0:FAIL-t1
2022-10-28 11:28:59,316 [9d921ae2-dac8-442e-8311-fdc102c02170@group-EF2AFB36FD63-LeaderElection10] INFO  impl.LeaderElection (LeaderElection.java:logAndReturn(94)) -   Response 1: 9d921ae2-dac8-442e-8311-fdc102c02170<-aa3e6641-ac34-45f8-85b4-6614ff527932#0:FAIL-t1
2022-10-28 11:28:59,322 [21cd38f2-3152-4a7b-bfd6-5bc3f4c93f15@group-EF2AFB36FD63-FollowerState] INFO  server.RaftServerConfigKeys (ConfUtils.java:logFallback(53)) - raft.server.rpc.first-election.timeout.min = 5s (fallback to raft.server.rpc.timeout.min)
2022-10-28 11:28:59,322 [21cd38f2-3152-4a7b-bfd6-5bc3f4c93f15@group-EF2AFB36FD63-FollowerState] INFO  server.RaftServerConfigKeys (ConfUtils.java:logFallback(53)) - raft.server.rpc.first-election.timeout.max = 5200ms (fallback to raft.server.rpc.timeout.max)
2022-10-28 11:28:59,332 [9d921ae2-dac8-442e-8311-fdc102c02170@group-EF2AFB36FD63-LeaderElection10] INFO  impl.LeaderElection (LeaderElection.java:askForVotes(314)) - 9d921ae2-dac8-442e-8311-fdc102c02170@group-EF2AFB36FD63-LeaderElection10 ELECTION round 0: result REJECTED
2022-10-28 11:28:59,332 [9d921ae2-dac8-442e-8311-fdc102c02170@group-EF2AFB36FD63-LeaderElection10] INFO  server.RaftServer$Division (RaftServerImpl.java:setRole(321)) - 9d921ae2-dac8-442e-8311-fdc102c02170@group-EF2AFB36FD63: changes role from CANDIDATE to FOLLOWER at term 1 for REJECTED
2022-10-28 11:28:59,332 [9d921ae2-dac8-442e-8311-fdc102c02170@group-EF2AFB36FD63-LeaderElection10] INFO  impl.RoleInfo (RoleInfo.java:shutdownLeaderElection(130)) - 9d921ae2-dac8-442e-8311-fdc102c02170: shutdown 9d921ae2-dac8-442e-8311-fdc102c02170@group-EF2AFB36FD63-LeaderElection10
2022-10-28 11:28:59,332 [9d921ae2-dac8-442e-8311-fdc102c02170@group-EF2AFB36FD63-LeaderElection10] INFO  impl.RoleInfo (RoleInfo.java:updateAndGet(139)) - 9d921ae2-dac8-442e-8311-fdc102c02170: start 9d921ae2-dac8-442e-8311-fdc102c02170@group-EF2AFB36FD63-FollowerState
2022-10-28 11:28:59,333 [grpc-default-executor-0] INFO  server.RaftServer$Division (RaftServerImpl.java:requestVote(1218)) - aa3e6641-ac34-45f8-85b4-6614ff527932@group-EF2AFB36FD63: receive requestVote(ELECTION, 21cd38f2-3152-4a7b-bfd6-5bc3f4c93f15, group-EF2AFB36FD63, 1, (t:0, i:0))
2022-10-28 11:28:59,334 [grpc-default-executor-0] INFO  impl.VoteContext (VoteContext.java:log(48)) - aa3e6641-ac34-45f8-85b4-6614ff527932@group-EF2AFB36FD63-FOLLOWER: reject ELECTION from 21cd38f2-3152-4a7b-bfd6-5bc3f4c93f15: already has voted for aa3e6641-ac34-45f8-85b4-6614ff527932 at current term 1
2022-10-28 11:28:59,334 [grpc-default-executor-0] INFO  server.RaftServer$Division (RaftServerImpl.java:requestVote(1251)) - aa3e6641-ac34-45f8-85b4-6614ff527932@group-EF2AFB36FD63 replies to ELECTION vote request: 21cd38f2-3152-4a7b-bfd6-5bc3f4c93f15<-aa3e6641-ac34-45f8-85b4-6614ff527932#0:FAIL-t1. Peer's state: aa3e6641-ac34-45f8-85b4-6614ff527932@group-EF2AFB36FD63:t1, leader=null, voted=aa3e6641-ac34-45f8-85b4-6614ff527932, raftlog=Memoized:aa3e6641-ac34-45f8-85b4-6614ff527932@group-EF2AFB36FD63-SegmentedRaftLog:OPENED:c-1, conf=-1: peers:[9d921ae2-dac8-442e-8311-fdc102c02170|rpc:10.1.0.114:43349|priority:1|startupRole:FOLLOWER, 21cd38f2-3152-4a7b-bfd6-5bc3f4c93f15|rpc:10.1.0.114:41711|priority:0|startupRole:FOLLOWER, aa3e6641-ac34-45f8-85b4-6614ff527932|rpc:10.1.0.114:40629|priority:0|startupRole:FOLLOWER]|listeners:[], old=null
2022-10-28 11:28:59,336 [9d921ae2-dac8-442e-8311-fdc102c02170@group-EF2AFB36FD63-FollowerState] INFO  server.RaftServerConfigKeys (ConfUtils.java:logFallback(53)) - raft.server.rpc.first-election.timeout.min = 5s (fallback to raft.server.rpc.timeout.min)
2022-10-28 11:28:59,336 [9d921ae2-dac8-442e-8311-fdc102c02170@group-EF2AFB36FD63-FollowerState] INFO  server.RaftServerConfigKeys (ConfUtils.java:logFallback(53)) - raft.server.rpc.first-election.timeout.max = 5200ms (fallback to raft.server.rpc.timeout.max)
2022-10-28 11:28:59,482 [Listener at 127.0.0.1/42141] INFO  rpc.RpcClient (RpcClient.java:createVolume(471)) - Creating Volume: d308a1f2-016e-4d2d-ae6c-be77cc6a63ec, with runner as owner and space quota set to -1 bytes, counts quota set to -1
2022-10-28 11:28:59,518 [OM StateMachine ApplyTransaction Thread - 0] INFO  volume.OMVolumeCreateRequest (OMVolumeCreateRequest.java:validateAndUpdateCache(195)) - created volume:d308a1f2-016e-4d2d-ae6c-be77cc6a63ec for user:runner
2022-10-28 11:28:59,537 [Listener at 127.0.0.1/42141] INFO  rpc.RpcClient (RpcClient.java:createBucket(674)) - Creating Bucket: d308a1f2-016e-4d2d-ae6c-be77cc6a63ec/d308a1f2-016e-4d2d-ae6c-be77cc6a63ec, with server-side default bucket layout, runner as owner, Versioning false, Storage Type set to DISK and Encryption set to false 
2022-10-28 11:28:59,550 [OM StateMachine ApplyTransaction Thread - 0] INFO  bucket.OMBucketCreateRequest (OMBucketCreateRequest.java:validateAndUpdateCache(260)) - created bucket: d308a1f2-016e-4d2d-ae6c-be77cc6a63ec of layout LEGACY in volume: d308a1f2-016e-4d2d-ae6c-be77cc6a63ec
2022-10-28 11:28:59,568 [Listener at 127.0.0.1/42141] INFO  rpc.RpcClient (RpcClient.java:createBucket(674)) - Creating Bucket: d308a1f2-016e-4d2d-ae6c-be77cc6a63ec/99f45055-c266-40bd-b673-3a2d96c199fc, with server-side default bucket layout, runner as owner, Versioning false, Storage Type set to DISK and Encryption set to false 
2022-10-28 11:28:59,577 [OM StateMachine ApplyTransaction Thread - 0] INFO  bucket.OMBucketCreateRequest (OMBucketCreateRequest.java:validateAndUpdateCache(260)) - created bucket: 99f45055-c266-40bd-b673-3a2d96c199fc of layout LEGACY in volume: d308a1f2-016e-4d2d-ae6c-be77cc6a63ec
2022-10-28 11:28:59,596 [9d921ae2-dac8-442e-8311-fdc102c02170@group-6F4198D0503B-FollowerState] INFO  impl.FollowerState (FollowerState.java:run(143)) - 9d921ae2-dac8-442e-8311-fdc102c02170@group-6F4198D0503B-FollowerState: change to CANDIDATE, lastRpcElapsedTime:5068617988ns, electionTimeout:5068ms
2022-10-28 11:28:59,597 [9d921ae2-dac8-442e-8311-fdc102c02170@group-6F4198D0503B-FollowerState] INFO  impl.RoleInfo (RoleInfo.java:shutdownFollowerState(110)) - 9d921ae2-dac8-442e-8311-fdc102c02170: shutdown 9d921ae2-dac8-442e-8311-fdc102c02170@group-6F4198D0503B-FollowerState
2022-10-28 11:28:59,597 [9d921ae2-dac8-442e-8311-fdc102c02170@group-6F4198D0503B-FollowerState] INFO  server.RaftServer$Division (RaftServerImpl.java:setRole(321)) - 9d921ae2-dac8-442e-8311-fdc102c02170@group-6F4198D0503B: changes role from  FOLLOWER to CANDIDATE at term 0 for changeToCandidate
2022-10-28 11:28:59,597 [9d921ae2-dac8-442e-8311-fdc102c02170@group-6F4198D0503B-FollowerState] INFO  server.RaftServerConfigKeys (ConfUtils.java:logGet(46)) - raft.server.leaderelection.pre-vote = false (custom)
2022-10-28 11:28:59,597 [9d921ae2-dac8-442e-8311-fdc102c02170@group-6F4198D0503B-FollowerState] INFO  impl.RoleInfo (RoleInfo.java:updateAndGet(139)) - 9d921ae2-dac8-442e-8311-fdc102c02170: start 9d921ae2-dac8-442e-8311-fdc102c02170@group-6F4198D0503B-LeaderElection13
2022-10-28 11:28:59,601 [9d921ae2-dac8-442e-8311-fdc102c02170@group-6F4198D0503B-LeaderElection13] INFO  impl.LeaderElection (LeaderElection.java:askForVotes(312)) - 9d921ae2-dac8-442e-8311-fdc102c02170@group-6F4198D0503B-LeaderElection13 ELECTION round 0: submit vote requests at term 1 for -1: peers:[9d921ae2-dac8-442e-8311-fdc102c02170|rpc:10.1.0.114:43349|priority:1|startupRole:FOLLOWER]|listeners:[], old=null
2022-10-28 11:28:59,602 [9d921ae2-dac8-442e-8311-fdc102c02170@group-6F4198D0503B-LeaderElection13] INFO  impl.LeaderElection (LeaderElection.java:askForVotes(314)) - 9d921ae2-dac8-442e-8311-fdc102c02170@group-6F4198D0503B-LeaderElection13 ELECTION round 0: result PASSED (term=1)
2022-10-28 11:28:59,602 [9d921ae2-dac8-442e-8311-fdc102c02170@group-6F4198D0503B-LeaderElection13] INFO  impl.RoleInfo (RoleInfo.java:shutdownLeaderElection(130)) - 9d921ae2-dac8-442e-8311-fdc102c02170: shutdown 9d921ae2-dac8-442e-8311-fdc102c02170@group-6F4198D0503B-LeaderElection13
2022-10-28 11:28:59,602 [9d921ae2-dac8-442e-8311-fdc102c02170@group-6F4198D0503B-LeaderElection13] INFO  server.RaftServer$Division (RaftServerImpl.java:setRole(321)) - 9d921ae2-dac8-442e-8311-fdc102c02170@group-6F4198D0503B: changes role from CANDIDATE to LEADER at term 1 for changeToLeader
2022-10-28 11:28:59,602 [9d921ae2-dac8-442e-8311-fdc102c02170@group-6F4198D0503B-LeaderElection13] INFO  ratis.XceiverServerRatis (XceiverServerRatis.java:handleLeaderChangedNotification(863)) - Leader change notification received for group: group-6F4198D0503B with new leaderId: 9d921ae2-dac8-442e-8311-fdc102c02170
2022-10-28 11:28:59,602 [9d921ae2-dac8-442e-8311-fdc102c02170@group-6F4198D0503B-LeaderElection13] INFO  server.RaftServer$Division (ServerState.java:setLeader(313)) - 9d921ae2-dac8-442e-8311-fdc102c02170@group-6F4198D0503B: change Leader from null to 9d921ae2-dac8-442e-8311-fdc102c02170 at term 1 for becomeLeader, leader elected after 5083ms
2022-10-28 11:28:59,602 [9d921ae2-dac8-442e-8311-fdc102c02170@group-6F4198D0503B-LeaderElection13] INFO  server.RaftServerConfigKeys (ConfUtils.java:logGet(46)) - raft.server.staging.catchup.gap = 1000 (default)
2022-10-28 11:28:59,603 [9d921ae2-dac8-442e-8311-fdc102c02170@group-6F4198D0503B-LeaderElection13] INFO  server.RaftServerConfigKeys (ConfUtils.java:logGet(46)) - raft.server.write.element-limit = 1024 (custom)
2022-10-28 11:28:59,603 [9d921ae2-dac8-442e-8311-fdc102c02170@group-6F4198D0503B-LeaderElection13] INFO  server.RaftServerConfigKeys (ConfUtils.java:logGet(46)) - raft.server.write.byte-limit = 1024 M (=1073741824) (custom)
2022-10-28 11:28:59,603 [9d921ae2-dac8-442e-8311-fdc102c02170@group-6F4198D0503B-LeaderElection13] INFO  server.RaftServerConfigKeys (ConfUtils.java:logGet(46)) - raft.server.watch.timeout = 180s (custom)
2022-10-28 11:28:59,603 [9d921ae2-dac8-442e-8311-fdc102c02170@group-6F4198D0503B-LeaderElection13] INFO  server.RaftServerConfigKeys (ConfUtils.java:logGet(46)) - raft.server.watch.timeout.denomination = 1s (default)
2022-10-28 11:28:59,603 [9d921ae2-dac8-442e-8311-fdc102c02170@group-6F4198D0503B-LeaderElection13] INFO  server.RaftServerConfigKeys (ConfUtils.java:logGet(46)) - raft.server.watch.element-limit = 65536 (default)
2022-10-28 11:28:59,603 [9d921ae2-dac8-442e-8311-fdc102c02170@group-6F4198D0503B-LeaderElection13] INFO  server.RaftServerConfigKeys (ConfUtils.java:logGet(46)) - raft.server.write.element-limit = 1024 (custom)
2022-10-28 11:28:59,603 [9d921ae2-dac8-442e-8311-fdc102c02170@group-6F4198D0503B-LeaderElection13] INFO  server.RaftServerConfigKeys (ConfUtils.java:logGet(46)) - raft.server.write.follower.gap.ratio.max = -1.0 (default)
2022-10-28 11:28:59,603 [9d921ae2-dac8-442e-8311-fdc102c02170@group-6F4198D0503B-LeaderElection13] INFO  impl.RoleInfo (RoleInfo.java:updateAndGet(139)) - 9d921ae2-dac8-442e-8311-fdc102c02170: start 9d921ae2-dac8-442e-8311-fdc102c02170@group-6F4198D0503B-LeaderStateImpl
2022-10-28 11:28:59,604 [9d921ae2-dac8-442e-8311-fdc102c02170@group-6F4198D0503B-LeaderElection13] INFO  segmented.SegmentedRaftLogWorker (SegmentedRaftLogWorker.java:startLogSegment(452)) - 9d921ae2-dac8-442e-8311-fdc102c02170@group-6F4198D0503B-SegmentedRaftLogWorker: Starting segment from index:0
2022-10-28 11:28:59,604 [9d921ae2-dac8-442e-8311-fdc102c02170@group-6F4198D0503B-SegmentedRaftLogWorker] INFO  segmented.SegmentedRaftLogWorker (SegmentedRaftLogWorker.java:execute(656)) - 9d921ae2-dac8-442e-8311-fdc102c02170@group-6F4198D0503B-SegmentedRaftLogWorker: created new log segment /home/runner/work/ozone/ozone/hadoop-ozone/integration-test/target/test-dir/MiniOzoneClusterImpl-6ee34448-fbd8-4951-8ae1-d137d06ced7b/datanode-5/data/ratis/a1b7b223-9718-451d-b9da-6f4198d0503b/current/log_inprogress_0
2022-10-28 11:28:59,608 [9d921ae2-dac8-442e-8311-fdc102c02170@group-6F4198D0503B-LeaderElection13] INFO  server.RaftServer$Division (ServerState.java:setRaftConf(430)) - 9d921ae2-dac8-442e-8311-fdc102c02170@group-6F4198D0503B: set configuration 0: peers:[9d921ae2-dac8-442e-8311-fdc102c02170|rpc:10.1.0.114:43349|dataStream:|priority:1|startupRole:FOLLOWER]|listeners:[], old=null
2022-10-28 11:28:59,630 [IPC Server handler 0 on default port 37753] INFO  pipeline.PipelineStateManagerImpl (PipelineStateManagerImpl.java:addPipeline(103)) - Created pipeline Pipeline[ Id: b4fde80e-a0c3-4b83-b7a1-a78ad6744e82, Nodes: 1914ef14-e927-4aee-a78a-186b0a6a783b{ip: 10.1.0.114, host: fv-az700-396.2bpskmoaobnu3eckqg1qau4u2h.cx.internal.cloudapp.net, ports: [REPLICATION=35893, RATIS=45645, RATIS_ADMIN=45645, RATIS_SERVER=45645, STANDALONE=45051], networkLocation: /default-rack, certSerialId: null, persistedOpState: null, persistedOpStateExpiryEpochSec: 0}9d921ae2-dac8-442e-8311-fdc102c02170{ip: 10.1.0.114, host: fv-az700-396.2bpskmoaobnu3eckqg1qau4u2h.cx.internal.cloudapp.net, ports: [REPLICATION=43103, RATIS=43349, RATIS_ADMIN=43349, RATIS_SERVER=43349, STANDALONE=36881], networkLocation: /default-rack, certSerialId: null, persistedOpState: null, persistedOpStateExpiryEpochSec: 0}7b6afef0-558a-4ad8-bcfc-b2255c7aee53{ip: 10.1.0.114, host: fv-az700-396.2bpskmoaobnu3eckqg1qau4u2h.cx.internal.cloudapp.net, ports: [REPLICATION=33197, RATIS=46219, RATIS_ADMIN=46219, RATIS_SERVER=46219, STANDALONE=34013], networkLocation: /default-rack, certSerialId: null, persistedOpState: null, persistedOpStateExpiryEpochSec: 0}aa3e6641-ac34-45f8-85b4-6614ff527932{ip: 10.1.0.114, host: fv-az700-396.2bpskmoaobnu3eckqg1qau4u2h.cx.internal.cloudapp.net, ports: [REPLICATION=45831, RATIS=40629, RATIS_ADMIN=40629, RATIS_SERVER=40629, STANDALONE=33397], networkLocation: /default-rack, certSerialId: null, persistedOpState: null, persistedOpStateExpiryEpochSec: 0}4117c80f-d61a-41ff-a958-d6b4139221af{ip: 10.1.0.114, host: fv-az700-396.2bpskmoaobnu3eckqg1qau4u2h.cx.internal.cloudapp.net, ports: [REPLICATION=35693, RATIS=40159, RATIS_ADMIN=40159, RATIS_SERVER=40159, STANDALONE=37773], networkLocation: /default-rack, certSerialId: null, persistedOpState: null, persistedOpStateExpiryEpochSec: 0}, ReplicationConfig: EC/ECReplicationConfig{data=3, parity=2, ecChunkSize=1024, codec=rs}, State:ALLOCATED, leaderId:, CreationTimestamp2022-10-28T11:28:59.629Z[Etc/UTC]].
2022-10-28 11:28:59,632 [IPC Server handler 0 on default port 37753] INFO  ha.SequenceIdGenerator (SequenceIdGenerator.java:getNextId(128)) - Allocate a batch for containerId, change lastId from 0 to 1000.
2022-10-28 11:28:59,640 [IPC Server handler 0 on default port 37753] INFO  pipeline.PipelineManagerImpl (PipelineManagerImpl.java:openPipeline(367)) - Pipeline Pipeline[ Id: b4fde80e-a0c3-4b83-b7a1-a78ad6744e82, Nodes: 1914ef14-e927-4aee-a78a-186b0a6a783b{ip: 10.1.0.114, host: fv-az700-396.2bpskmoaobnu3eckqg1qau4u2h.cx.internal.cloudapp.net, ports: [REPLICATION=35893, RATIS=45645, RATIS_ADMIN=45645, RATIS_SERVER=45645, STANDALONE=45051], networkLocation: /default-rack, certSerialId: null, persistedOpState: null, persistedOpStateExpiryEpochSec: 0}9d921ae2-dac8-442e-8311-fdc102c02170{ip: 10.1.0.114, host: fv-az700-396.2bpskmoaobnu3eckqg1qau4u2h.cx.internal.cloudapp.net, ports: [REPLICATION=43103, RATIS=43349, RATIS_ADMIN=43349, RATIS_SERVER=43349, STANDALONE=36881], networkLocation: /default-rack, certSerialId: null, persistedOpState: null, persistedOpStateExpiryEpochSec: 0}7b6afef0-558a-4ad8-bcfc-b2255c7aee53{ip: 10.1.0.114, host: fv-az700-396.2bpskmoaobnu3eckqg1qau4u2h.cx.internal.cloudapp.net, ports: [REPLICATION=33197, RATIS=46219, RATIS_ADMIN=46219, RATIS_SERVER=46219, STANDALONE=34013], networkLocation: /default-rack, certSerialId: null, persistedOpState: null, persistedOpStateExpiryEpochSec: 0}aa3e6641-ac34-45f8-85b4-6614ff527932{ip: 10.1.0.114, host: fv-az700-396.2bpskmoaobnu3eckqg1qau4u2h.cx.internal.cloudapp.net, ports: [REPLICATION=45831, RATIS=40629, RATIS_ADMIN=40629, RATIS_SERVER=40629, STANDALONE=33397], networkLocation: /default-rack, certSerialId: null, persistedOpState: null, persistedOpStateExpiryEpochSec: 0}4117c80f-d61a-41ff-a958-d6b4139221af{ip: 10.1.0.114, host: fv-az700-396.2bpskmoaobnu3eckqg1qau4u2h.cx.internal.cloudapp.net, ports: [REPLICATION=35693, RATIS=40159, RATIS_ADMIN=40159, RATIS_SERVER=40159, STANDALONE=37773], networkLocation: /default-rack, certSerialId: null, persistedOpState: null, persistedOpStateExpiryEpochSec: 0}, ReplicationConfig: EC/ECReplicationConfig{data=3, parity=2, ecChunkSize=1024, codec=rs}, State:ALLOCATED, leaderId:, CreationTimestamp2022-10-28T11:28:59.629Z[Etc/UTC]] moved to OPEN state
2022-10-28 11:28:59,641 [IPC Server handler 0 on default port 37753] WARN  ha.SequenceIdGenerator (SequenceIdGenerator.java:allocateBatch(237)) - Failed to allocate a batch for localId, expected lastId is 0, actual lastId is 109611004723200000.
2022-10-28 11:28:59,641 [IPC Server handler 0 on default port 37753] INFO  ha.SequenceIdGenerator (SequenceIdGenerator.java:getNextId(128)) - Allocate a batch for localId, change lastId from 109611004723200000 to 109611004723201000.
2022-10-28 11:28:59,716 [Listener at 127.0.0.1/42141] WARN  erasurecode.ErasureCodeNative (ErasureCodeNative.java:<clinit>(55)) - ISA-L support is not available in your platform... using builtin-java codec where applicable
2022-10-28 11:28:59,834 [Listener at 127.0.0.1/42141] INFO  impl.MetricsSystemImpl (MetricsSystemImpl.java:init(158)) - XceiverClientMetrics metrics system started (again)
2022-10-28 11:28:59,926 [d5dd9084-02e9-4cbc-a1b0-4846343450b9@group-55E06B2F269B-FollowerState] INFO  impl.FollowerState (FollowerState.java:run(143)) - d5dd9084-02e9-4cbc-a1b0-4846343450b9@group-55E06B2F269B-FollowerState: change to CANDIDATE, lastRpcElapsedTime:5016437492ns, electionTimeout:5011ms
2022-10-28 11:28:59,926 [d5dd9084-02e9-4cbc-a1b0-4846343450b9@group-55E06B2F269B-FollowerState] INFO  impl.RoleInfo (RoleInfo.java:shutdownFollowerState(110)) - d5dd9084-02e9-4cbc-a1b0-4846343450b9: shutdown d5dd9084-02e9-4cbc-a1b0-4846343450b9@group-55E06B2F269B-FollowerState
2022-10-28 11:28:59,926 [d5dd9084-02e9-4cbc-a1b0-4846343450b9@group-55E06B2F269B-FollowerState] INFO  server.RaftServer$Division (RaftServerImpl.java:setRole(321)) - d5dd9084-02e9-4cbc-a1b0-4846343450b9@group-55E06B2F269B: changes role from  FOLLOWER to CANDIDATE at term 0 for changeToCandidate
2022-10-28 11:28:59,926 [d5dd9084-02e9-4cbc-a1b0-4846343450b9@group-55E06B2F269B-FollowerState] INFO  server.RaftServerConfigKeys (ConfUtils.java:logGet(46)) - raft.server.leaderelection.pre-vote = false (custom)
2022-10-28 11:28:59,926 [d5dd9084-02e9-4cbc-a1b0-4846343450b9@group-55E06B2F269B-FollowerState] INFO  impl.RoleInfo (RoleInfo.java:updateAndGet(139)) - d5dd9084-02e9-4cbc-a1b0-4846343450b9: start d5dd9084-02e9-4cbc-a1b0-4846343450b9@group-55E06B2F269B-LeaderElection14
2022-10-28 11:28:59,956 [d5dd9084-02e9-4cbc-a1b0-4846343450b9@group-55E06B2F269B-LeaderElection14] INFO  impl.LeaderElection (LeaderElection.java:askForVotes(312)) - d5dd9084-02e9-4cbc-a1b0-4846343450b9@group-55E06B2F269B-LeaderElection14 ELECTION round 0: submit vote requests at term 1 for -1: peers:[d5dd9084-02e9-4cbc-a1b0-4846343450b9|rpc:10.1.0.114:34363|priority:0|startupRole:FOLLOWER, 7b6afef0-558a-4ad8-bcfc-b2255c7aee53|rpc:10.1.0.114:46219|priority:0|startupRole:FOLLOWER, 5d13066c-11e5-40aa-be9d-008405bad973|rpc:10.1.0.114:35651|priority:1|startupRole:FOLLOWER]|listeners:[], old=null
2022-10-28 11:28:59,967 [d5dd9084-02e9-4cbc-a1b0-4846343450b9@group-55E06B2F269B-LeaderElection14-1] INFO  server.GrpcServerProtocolClient (GrpcServerProtocolClient.java:<init>(63)) - Build channel for 7b6afef0-558a-4ad8-bcfc-b2255c7aee53
2022-10-28 11:28:59,973 [d5dd9084-02e9-4cbc-a1b0-4846343450b9@group-55E06B2F269B-LeaderElection14] INFO  server.RaftServerConfigKeys (ConfUtils.java:logFallback(53)) - raft.server.rpc.first-election.timeout.min = 5s (fallback to raft.server.rpc.timeout.min)
2022-10-28 11:28:59,973 [d5dd9084-02e9-4cbc-a1b0-4846343450b9@group-55E06B2F269B-LeaderElection14] INFO  server.RaftServerConfigKeys (ConfUtils.java:logFallback(53)) - raft.server.rpc.first-election.timeout.max = 5200ms (fallback to raft.server.rpc.timeout.max)
2022-10-28 11:28:59,983 [d5dd9084-02e9-4cbc-a1b0-4846343450b9@group-55E06B2F269B-LeaderElection14-2] INFO  server.GrpcServerProtocolClient (GrpcServerProtocolClient.java:<init>(63)) - Build channel for 5d13066c-11e5-40aa-be9d-008405bad973
2022-10-28 11:28:59,988 [d5dd9084-02e9-4cbc-a1b0-4846343450b9@group-D94B917AA4C5-FollowerState] INFO  impl.FollowerState (FollowerState.java:run(143)) - d5dd9084-02e9-4cbc-a1b0-4846343450b9@group-D94B917AA4C5-FollowerState: change to CANDIDATE, lastRpcElapsedTime:5096639439ns, electionTimeout:5093ms
2022-10-28 11:28:59,988 [d5dd9084-02e9-4cbc-a1b0-4846343450b9@group-D94B917AA4C5-FollowerState] INFO  impl.RoleInfo (RoleInfo.java:shutdownFollowerState(110)) - d5dd9084-02e9-4cbc-a1b0-4846343450b9: shutdown d5dd9084-02e9-4cbc-a1b0-4846343450b9@group-D94B917AA4C5-FollowerState
2022-10-28 11:28:59,988 [d5dd9084-02e9-4cbc-a1b0-4846343450b9@group-D94B917AA4C5-FollowerState] INFO  server.RaftServer$Division (RaftServerImpl.java:setRole(321)) - d5dd9084-02e9-4cbc-a1b0-4846343450b9@group-D94B917AA4C5: changes role from  FOLLOWER to CANDIDATE at term 0 for changeToCandidate
2022-10-28 11:28:59,988 [d5dd9084-02e9-4cbc-a1b0-4846343450b9@group-D94B917AA4C5-FollowerState] INFO  server.RaftServerConfigKeys (ConfUtils.java:logGet(46)) - raft.server.leaderelection.pre-vote = false (custom)
2022-10-28 11:28:59,988 [d5dd9084-02e9-4cbc-a1b0-4846343450b9@group-D94B917AA4C5-FollowerState] INFO  impl.RoleInfo (RoleInfo.java:updateAndGet(139)) - d5dd9084-02e9-4cbc-a1b0-4846343450b9: start d5dd9084-02e9-4cbc-a1b0-4846343450b9@group-D94B917AA4C5-LeaderElection15
2022-10-28 11:29:00,006 [grpc-default-executor-3] INFO  server.RaftServer$Division (RaftServerImpl.java:requestVote(1218)) - 7b6afef0-558a-4ad8-bcfc-b2255c7aee53@group-55E06B2F269B: receive requestVote(ELECTION, d5dd9084-02e9-4cbc-a1b0-4846343450b9, group-55E06B2F269B, 1, (t:0, i:0))
2022-10-28 11:29:00,006 [grpc-default-executor-3] INFO  impl.VoteContext (VoteContext.java:log(48)) - 7b6afef0-558a-4ad8-bcfc-b2255c7aee53@group-55E06B2F269B-FOLLOWER: accept ELECTION from d5dd9084-02e9-4cbc-a1b0-4846343450b9: our priority 0 <= candidate's priority 0
2022-10-28 11:29:00,006 [grpc-default-executor-3] INFO  server.RaftServer$Division (RaftServerImpl.java:setRole(321)) - 7b6afef0-558a-4ad8-bcfc-b2255c7aee53@group-55E06B2F269B: changes role from  FOLLOWER to FOLLOWER at term 1 for candidate:d5dd9084-02e9-4cbc-a1b0-4846343450b9
2022-10-28 11:29:00,006 [grpc-default-executor-3] INFO  impl.RoleInfo (RoleInfo.java:shutdownFollowerState(110)) - 7b6afef0-558a-4ad8-bcfc-b2255c7aee53: shutdown 7b6afef0-558a-4ad8-bcfc-b2255c7aee53@group-55E06B2F269B-FollowerState
2022-10-28 11:29:00,006 [grpc-default-executor-3] INFO  impl.RoleInfo (RoleInfo.java:updateAndGet(139)) - 7b6afef0-558a-4ad8-bcfc-b2255c7aee53: start 7b6afef0-558a-4ad8-bcfc-b2255c7aee53@group-55E06B2F269B-FollowerState
2022-10-28 11:29:00,007 [7b6afef0-558a-4ad8-bcfc-b2255c7aee53@group-55E06B2F269B-FollowerState] INFO  impl.FollowerState (FollowerState.java:run(152)) - 7b6afef0-558a-4ad8-bcfc-b2255c7aee53@group-55E06B2F269B-FollowerState was interrupted
2022-10-28 11:29:00,007 [grpc-default-executor-0] INFO  server.RaftServer$Division (RaftServerImpl.java:requestVote(1218)) - 5d13066c-11e5-40aa-be9d-008405bad973@group-55E06B2F269B: receive requestVote(ELECTION, d5dd9084-02e9-4cbc-a1b0-4846343450b9, group-55E06B2F269B, 1, (t:0, i:0))
2022-10-28 11:29:00,008 [grpc-default-executor-0] INFO  impl.VoteContext (VoteContext.java:log(48)) - 5d13066c-11e5-40aa-be9d-008405bad973@group-55E06B2F269B-FOLLOWER: reject ELECTION from d5dd9084-02e9-4cbc-a1b0-4846343450b9: our priority 1 > candidate's priority 0
2022-10-28 11:29:00,008 [grpc-default-executor-0] INFO  server.RaftServer$Division (RaftServerImpl.java:setRole(321)) - 5d13066c-11e5-40aa-be9d-008405bad973@group-55E06B2F269B: changes role from  FOLLOWER to FOLLOWER at term 1 for candidate:d5dd9084-02e9-4cbc-a1b0-4846343450b9
2022-10-28 11:29:00,008 [grpc-default-executor-0] INFO  impl.RoleInfo (RoleInfo.java:shutdownFollowerState(110)) - 5d13066c-11e5-40aa-be9d-008405bad973: shutdown 5d13066c-11e5-40aa-be9d-008405bad973@group-55E06B2F269B-FollowerState
2022-10-28 11:29:00,028 [grpc-default-executor-3] INFO  server.RaftServer$Division (RaftServerImpl.java:requestVote(1251)) - 7b6afef0-558a-4ad8-bcfc-b2255c7aee53@group-55E06B2F269B replies to ELECTION vote request: d5dd9084-02e9-4cbc-a1b0-4846343450b9<-7b6afef0-558a-4ad8-bcfc-b2255c7aee53#0:OK-t1. Peer's state: 7b6afef0-558a-4ad8-bcfc-b2255c7aee53@group-55E06B2F269B:t1, leader=null, voted=d5dd9084-02e9-4cbc-a1b0-4846343450b9, raftlog=Memoized:7b6afef0-558a-4ad8-bcfc-b2255c7aee53@group-55E06B2F269B-SegmentedRaftLog:OPENED:c-1, conf=-1: peers:[d5dd9084-02e9-4cbc-a1b0-4846343450b9|rpc:10.1.0.114:34363|dataStream:|priority:0|startupRole:FOLLOWER, 7b6afef0-558a-4ad8-bcfc-b2255c7aee53|rpc:10.1.0.114:46219|dataStream:|priority:0|startupRole:FOLLOWER, 5d13066c-11e5-40aa-be9d-008405bad973|rpc:10.1.0.114:35651|dataStream:|priority:1|startupRole:FOLLOWER]|listeners:[], old=null
2022-10-28 11:29:00,028 [5d13066c-11e5-40aa-be9d-008405bad973@group-55E06B2F269B-FollowerState] INFO  impl.FollowerState (FollowerState.java:run(152)) - 5d13066c-11e5-40aa-be9d-008405bad973@group-55E06B2F269B-FollowerState was interrupted
2022-10-28 11:29:00,028 [grpc-default-executor-0] INFO  impl.RoleInfo (RoleInfo.java:updateAndGet(139)) - 5d13066c-11e5-40aa-be9d-008405bad973: start 5d13066c-11e5-40aa-be9d-008405bad973@group-55E06B2F269B-FollowerState
2022-10-28 11:29:00,031 [d5dd9084-02e9-4cbc-a1b0-4846343450b9@group-D94B917AA4C5-LeaderElection15] INFO  impl.LeaderElection (LeaderElection.java:askForVotes(312)) - d5dd9084-02e9-4cbc-a1b0-4846343450b9@group-D94B917AA4C5-LeaderElection15 ELECTION round 0: submit vote requests at term 1 for -1: peers:[d5dd9084-02e9-4cbc-a1b0-4846343450b9|rpc:10.1.0.114:34363|priority:1|startupRole:FOLLOWER]|listeners:[], old=null
2022-10-28 11:29:00,031 [d5dd9084-02e9-4cbc-a1b0-4846343450b9@group-D94B917AA4C5-LeaderElection15] INFO  impl.LeaderElection (LeaderElection.java:askForVotes(314)) - d5dd9084-02e9-4cbc-a1b0-4846343450b9@group-D94B917AA4C5-LeaderElection15 ELECTION round 0: result PASSED (term=1)
2022-10-28 11:29:00,031 [d5dd9084-02e9-4cbc-a1b0-4846343450b9@group-D94B917AA4C5-LeaderElection15] INFO  impl.RoleInfo (RoleInfo.java:shutdownLeaderElection(130)) - d5dd9084-02e9-4cbc-a1b0-4846343450b9: shutdown d5dd9084-02e9-4cbc-a1b0-4846343450b9@group-D94B917AA4C5-LeaderElection15
2022-10-28 11:29:00,031 [d5dd9084-02e9-4cbc-a1b0-4846343450b9@group-D94B917AA4C5-LeaderElection15] INFO  server.RaftServer$Division (RaftServerImpl.java:setRole(321)) - d5dd9084-02e9-4cbc-a1b0-4846343450b9@group-D94B917AA4C5: changes role from CANDIDATE to LEADER at term 1 for changeToLeader
2022-10-28 11:29:00,031 [d5dd9084-02e9-4cbc-a1b0-4846343450b9@group-D94B917AA4C5-LeaderElection15] INFO  ratis.XceiverServerRatis (XceiverServerRatis.java:handleLeaderChangedNotification(863)) - Leader change notification received for group: group-D94B917AA4C5 with new leaderId: d5dd9084-02e9-4cbc-a1b0-4846343450b9
2022-10-28 11:29:00,031 [d5dd9084-02e9-4cbc-a1b0-4846343450b9@group-D94B917AA4C5-LeaderElection15] INFO  server.RaftServer$Division (ServerState.java:setLeader(313)) - d5dd9084-02e9-4cbc-a1b0-4846343450b9@group-D94B917AA4C5: change Leader from null to d5dd9084-02e9-4cbc-a1b0-4846343450b9 at term 1 for becomeLeader, leader elected after 5156ms
2022-10-28 11:29:00,031 [d5dd9084-02e9-4cbc-a1b0-4846343450b9@group-D94B917AA4C5-LeaderElection15] INFO  server.RaftServerConfigKeys (ConfUtils.java:logGet(46)) - raft.server.staging.catchup.gap = 1000 (default)
2022-10-28 11:29:00,032 [d5dd9084-02e9-4cbc-a1b0-4846343450b9@group-D94B917AA4C5-LeaderElection15] INFO  server.RaftServerConfigKeys (ConfUtils.java:logGet(46)) - raft.server.write.element-limit = 1024 (custom)
2022-10-28 11:29:00,032 [d5dd9084-02e9-4cbc-a1b0-4846343450b9@group-D94B917AA4C5-LeaderElection15] INFO  server.RaftServerConfigKeys (ConfUtils.java:logGet(46)) - raft.server.write.byte-limit = 1024 M (=1073741824) (custom)
2022-10-28 11:29:00,032 [d5dd9084-02e9-4cbc-a1b0-4846343450b9@group-D94B917AA4C5-LeaderElection15] INFO  server.RaftServerConfigKeys (ConfUtils.java:logGet(46)) - raft.server.watch.timeout = 180s (custom)
2022-10-28 11:29:00,032 [d5dd9084-02e9-4cbc-a1b0-4846343450b9@group-D94B917AA4C5-LeaderElection15] INFO  server.RaftServerConfigKeys (ConfUtils.java:logGet(46)) - raft.server.watch.timeout.denomination = 1s (default)
2022-10-28 11:29:00,032 [d5dd9084-02e9-4cbc-a1b0-4846343450b9@group-D94B917AA4C5-LeaderElection15] INFO  server.RaftServerConfigKeys (ConfUtils.java:logGet(46)) - raft.server.watch.element-limit = 65536 (default)
2022-10-28 11:29:00,032 [d5dd9084-02e9-4cbc-a1b0-4846343450b9@group-D94B917AA4C5-LeaderElection15] INFO  server.RaftServerConfigKeys (ConfUtils.java:logGet(46)) - raft.server.write.element-limit = 1024 (custom)
2022-10-28 11:29:00,032 [d5dd9084-02e9-4cbc-a1b0-4846343450b9@group-D94B917AA4C5-LeaderElection15] INFO  server.RaftServerConfigKeys (ConfUtils.java:logGet(46)) - raft.server.write.follower.gap.ratio.max = -1.0 (default)
2022-10-28 11:29:00,032 [d5dd9084-02e9-4cbc-a1b0-4846343450b9@group-D94B917AA4C5-LeaderElection15] INFO  impl.RoleInfo (RoleInfo.java:updateAndGet(139)) - d5dd9084-02e9-4cbc-a1b0-4846343450b9: start d5dd9084-02e9-4cbc-a1b0-4846343450b9@group-D94B917AA4C5-LeaderStateImpl
2022-10-28 11:29:00,032 [d5dd9084-02e9-4cbc-a1b0-4846343450b9@group-D94B917AA4C5-LeaderElection15] INFO  segmented.SegmentedRaftLogWorker (SegmentedRaftLogWorker.java:startLogSegment(452)) - d5dd9084-02e9-4cbc-a1b0-4846343450b9@group-D94B917AA4C5-SegmentedRaftLogWorker: Starting segment from index:0
2022-10-28 11:29:00,044 [d5dd9084-02e9-4cbc-a1b0-4846343450b9@group-D94B917AA4C5-LeaderElection15] INFO  server.RaftServer$Division (ServerState.java:setRaftConf(430)) - d5dd9084-02e9-4cbc-a1b0-4846343450b9@group-D94B917AA4C5: set configuration 0: peers:[d5dd9084-02e9-4cbc-a1b0-4846343450b9|rpc:10.1.0.114:34363|dataStream:|priority:1|startupRole:FOLLOWER]|listeners:[], old=null
2022-10-28 11:29:00,045 [7b6afef0-558a-4ad8-bcfc-b2255c7aee53@group-55E06B2F269B-FollowerState] INFO  server.RaftServerConfigKeys (ConfUtils.java:logFallback(53)) - raft.server.rpc.first-election.timeout.min = 5s (fallback to raft.server.rpc.timeout.min)
2022-10-28 11:29:00,045 [7b6afef0-558a-4ad8-bcfc-b2255c7aee53@group-55E06B2F269B-FollowerState] INFO  server.RaftServerConfigKeys (ConfUtils.java:logFallback(53)) - raft.server.rpc.first-election.timeout.max = 5200ms (fallback to raft.server.rpc.timeout.max)
2022-10-28 11:29:00,050 [grpc-default-executor-0] INFO  server.RaftServer$Division (RaftServerImpl.java:requestVote(1251)) - 5d13066c-11e5-40aa-be9d-008405bad973@group-55E06B2F269B replies to ELECTION vote request: d5dd9084-02e9-4cbc-a1b0-4846343450b9<-5d13066c-11e5-40aa-be9d-008405bad973#0:FAIL-t1. Peer's state: 5d13066c-11e5-40aa-be9d-008405bad973@group-55E06B2F269B:t1, leader=null, voted=null, raftlog=Memoized:5d13066c-11e5-40aa-be9d-008405bad973@group-55E06B2F269B-SegmentedRaftLog:OPENED:c-1, conf=-1: peers:[d5dd9084-02e9-4cbc-a1b0-4846343450b9|rpc:10.1.0.114:34363|dataStream:|priority:0|startupRole:FOLLOWER, 7b6afef0-558a-4ad8-bcfc-b2255c7aee53|rpc:10.1.0.114:46219|dataStream:|priority:0|startupRole:FOLLOWER, 5d13066c-11e5-40aa-be9d-008405bad973|rpc:10.1.0.114:35651|dataStream:|priority:1|startupRole:FOLLOWER]|listeners:[], old=null
2022-10-28 11:29:00,051 [d5dd9084-02e9-4cbc-a1b0-4846343450b9@group-55E06B2F269B-LeaderElection14] INFO  impl.LeaderElection (LeaderElection.java:logAndReturn(90)) - d5dd9084-02e9-4cbc-a1b0-4846343450b9@group-55E06B2F269B-LeaderElection14: ELECTION REJECTED received 2 response(s) and 0 exception(s):
2022-10-28 11:29:00,051 [d5dd9084-02e9-4cbc-a1b0-4846343450b9@group-55E06B2F269B-LeaderElection14] INFO  impl.LeaderElection (LeaderElection.java:logAndReturn(94)) -   Response 0: d5dd9084-02e9-4cbc-a1b0-4846343450b9<-7b6afef0-558a-4ad8-bcfc-b2255c7aee53#0:OK-t1
2022-10-28 11:29:00,051 [d5dd9084-02e9-4cbc-a1b0-4846343450b9@group-55E06B2F269B-LeaderElection14] INFO  impl.LeaderElection (LeaderElection.java:logAndReturn(94)) -   Response 1: d5dd9084-02e9-4cbc-a1b0-4846343450b9<-5d13066c-11e5-40aa-be9d-008405bad973#0:FAIL-t1
2022-10-28 11:29:00,051 [d5dd9084-02e9-4cbc-a1b0-4846343450b9@group-55E06B2F269B-LeaderElection14] INFO  impl.LeaderElection (LeaderElection.java:askForVotes(314)) - d5dd9084-02e9-4cbc-a1b0-4846343450b9@group-55E06B2F269B-LeaderElection14 ELECTION round 0: result REJECTED
2022-10-28 11:29:00,051 [d5dd9084-02e9-4cbc-a1b0-4846343450b9@group-55E06B2F269B-LeaderElection14] INFO  server.RaftServer$Division (RaftServerImpl.java:setRole(321)) - d5dd9084-02e9-4cbc-a1b0-4846343450b9@group-55E06B2F269B: changes role from CANDIDATE to FOLLOWER at term 1 for REJECTED
2022-10-28 11:29:00,051 [d5dd9084-02e9-4cbc-a1b0-4846343450b9@group-55E06B2F269B-LeaderElection14] INFO  impl.RoleInfo (RoleInfo.java:shutdownLeaderElection(130)) - d5dd9084-02e9-4cbc-a1b0-4846343450b9: shutdown d5dd9084-02e9-4cbc-a1b0-4846343450b9@group-55E06B2F269B-LeaderElection14
2022-10-28 11:29:00,051 [d5dd9084-02e9-4cbc-a1b0-4846343450b9@group-55E06B2F269B-LeaderElection14] INFO  impl.RoleInfo (RoleInfo.java:updateAndGet(139)) - d5dd9084-02e9-4cbc-a1b0-4846343450b9: start d5dd9084-02e9-4cbc-a1b0-4846343450b9@group-55E06B2F269B-FollowerState
2022-10-28 11:29:00,052 [d5dd9084-02e9-4cbc-a1b0-4846343450b9@group-D94B917AA4C5-SegmentedRaftLogWorker] INFO  segmented.SegmentedRaftLogWorker (SegmentedRaftLogWorker.java:execute(656)) - d5dd9084-02e9-4cbc-a1b0-4846343450b9@group-D94B917AA4C5-SegmentedRaftLogWorker: created new log segment /home/runner/work/ozone/ozone/hadoop-ozone/integration-test/target/test-dir/MiniOzoneClusterImpl-6ee34448-fbd8-4951-8ae1-d137d06ced7b/datanode-6/data/ratis/216df245-6cf7-4548-a702-d94b917aa4c5/current/log_inprogress_0
2022-10-28 11:29:00,053 [7b6afef0-558a-4ad8-bcfc-b2255c7aee53@group-EB7B5BA8336E-FollowerState] INFO  impl.FollowerState (FollowerState.java:run(143)) - 7b6afef0-558a-4ad8-bcfc-b2255c7aee53@group-EB7B5BA8336E-FollowerState: change to CANDIDATE, lastRpcElapsedTime:5019431932ns, electionTimeout:5011ms
2022-10-28 11:29:00,053 [7b6afef0-558a-4ad8-bcfc-b2255c7aee53@group-EB7B5BA8336E-FollowerState] INFO  impl.RoleInfo (RoleInfo.java:shutdownFollowerState(110)) - 7b6afef0-558a-4ad8-bcfc-b2255c7aee53: shutdown 7b6afef0-558a-4ad8-bcfc-b2255c7aee53@group-EB7B5BA8336E-FollowerState
2022-10-28 11:29:00,053 [7b6afef0-558a-4ad8-bcfc-b2255c7aee53@group-EB7B5BA8336E-FollowerState] INFO  server.RaftServer$Division (RaftServerImpl.java:setRole(321)) - 7b6afef0-558a-4ad8-bcfc-b2255c7aee53@group-EB7B5BA8336E: changes role from  FOLLOWER to CANDIDATE at term 0 for changeToCandidate
2022-10-28 11:29:00,058 [5d13066c-11e5-40aa-be9d-008405bad973@group-55E06B2F269B-FollowerState] INFO  server.RaftServerConfigKeys (ConfUtils.java:logFallback(53)) - raft.server.rpc.first-election.timeout.min = 5s (fallback to raft.server.rpc.timeout.min)
2022-10-28 11:29:00,058 [5d13066c-11e5-40aa-be9d-008405bad973@group-55E06B2F269B-FollowerState] INFO  server.RaftServerConfigKeys (ConfUtils.java:logFallback(53)) - raft.server.rpc.first-election.timeout.max = 5200ms (fallback to raft.server.rpc.timeout.max)
2022-10-28 11:29:00,058 [d5dd9084-02e9-4cbc-a1b0-4846343450b9@group-55E06B2F269B-FollowerState] INFO  server.RaftServerConfigKeys (ConfUtils.java:logFallback(53)) - raft.server.rpc.first-election.timeout.min = 5s (fallback to raft.server.rpc.timeout.min)
2022-10-28 11:29:00,058 [7b6afef0-558a-4ad8-bcfc-b2255c7aee53@group-EB7B5BA8336E-FollowerState] INFO  server.RaftServerConfigKeys (ConfUtils.java:logGet(46)) - raft.server.leaderelection.pre-vote = false (custom)
2022-10-28 11:29:00,061 [d5dd9084-02e9-4cbc-a1b0-4846343450b9@group-55E06B2F269B-FollowerState] INFO  server.RaftServerConfigKeys (ConfUtils.java:logFallback(53)) - raft.server.rpc.first-election.timeout.max = 5200ms (fallback to raft.server.rpc.timeout.max)
2022-10-28 11:29:00,061 [7b6afef0-558a-4ad8-bcfc-b2255c7aee53@group-EB7B5BA8336E-FollowerState] INFO  impl.RoleInfo (RoleInfo.java:updateAndGet(139)) - 7b6afef0-558a-4ad8-bcfc-b2255c7aee53: start 7b6afef0-558a-4ad8-bcfc-b2255c7aee53@group-EB7B5BA8336E-LeaderElection16
2022-10-28 11:29:00,084 [7b6afef0-558a-4ad8-bcfc-b2255c7aee53@group-EB7B5BA8336E-LeaderElection16] INFO  impl.LeaderElection (LeaderElection.java:askForVotes(312)) - 7b6afef0-558a-4ad8-bcfc-b2255c7aee53@group-EB7B5BA8336E-LeaderElection16 ELECTION round 0: submit vote requests at term 1 for -1: peers:[d5dd9084-02e9-4cbc-a1b0-4846343450b9|rpc:10.1.0.114:34363|dataStream:|priority:1|startupRole:FOLLOWER, 7b6afef0-558a-4ad8-bcfc-b2255c7aee53|rpc:10.1.0.114:46219|dataStream:|priority:0|startupRole:FOLLOWER, 5d13066c-11e5-40aa-be9d-008405bad973|rpc:10.1.0.114:35651|dataStream:|priority:0|startupRole:FOLLOWER]|listeners:[], old=null
2022-10-28 11:29:00,084 [7b6afef0-558a-4ad8-bcfc-b2255c7aee53@group-EB7B5BA8336E-LeaderElection16-1] INFO  server.GrpcServerProtocolClient (GrpcServerProtocolClient.java:<init>(63)) - Build channel for d5dd9084-02e9-4cbc-a1b0-4846343450b9
2022-10-28 11:29:00,095 [7b6afef0-558a-4ad8-bcfc-b2255c7aee53@group-EB7B5BA8336E-LeaderElection16] INFO  server.RaftServerConfigKeys (ConfUtils.java:logFallback(53)) - raft.server.rpc.first-election.timeout.min = 5s (fallback to raft.server.rpc.timeout.min)
2022-10-28 11:29:00,095 [7b6afef0-558a-4ad8-bcfc-b2255c7aee53@group-EB7B5BA8336E-LeaderElection16] INFO  server.RaftServerConfigKeys (ConfUtils.java:logFallback(53)) - raft.server.rpc.first-election.timeout.max = 5200ms (fallback to raft.server.rpc.timeout.max)
2022-10-28 11:29:00,098 [7b6afef0-558a-4ad8-bcfc-b2255c7aee53@group-EB7B5BA8336E-LeaderElection16-2] INFO  server.GrpcServerProtocolClient (GrpcServerProtocolClient.java:<init>(63)) - Build channel for 5d13066c-11e5-40aa-be9d-008405bad973
2022-10-28 11:29:00,108 [grpc-default-executor-0] INFO  server.RaftServer$Division (RaftServerImpl.java:requestVote(1218)) - d5dd9084-02e9-4cbc-a1b0-4846343450b9@group-EB7B5BA8336E: receive requestVote(ELECTION, 7b6afef0-558a-4ad8-bcfc-b2255c7aee53, group-EB7B5BA8336E, 1, (t:0, i:0))
2022-10-28 11:29:00,110 [d5dd9084-02e9-4cbc-a1b0-4846343450b9@group-EB7B5BA8336E-FollowerState] INFO  impl.FollowerState (FollowerState.java:run(143)) - d5dd9084-02e9-4cbc-a1b0-4846343450b9@group-EB7B5BA8336E-FollowerState: change to CANDIDATE, lastRpcElapsedTime:5097483072ns, electionTimeout:5097ms
2022-10-28 11:29:00,111 [d5dd9084-02e9-4cbc-a1b0-4846343450b9@group-EB7B5BA8336E-FollowerState] INFO  impl.RoleInfo (RoleInfo.java:shutdownFollowerState(110)) - d5dd9084-02e9-4cbc-a1b0-4846343450b9: shutdown d5dd9084-02e9-4cbc-a1b0-4846343450b9@group-EB7B5BA8336E-FollowerState
2022-10-28 11:29:00,111 [d5dd9084-02e9-4cbc-a1b0-4846343450b9@group-EB7B5BA8336E-FollowerState] INFO  server.RaftServer$Division (RaftServerImpl.java:setRole(321)) - d5dd9084-02e9-4cbc-a1b0-4846343450b9@group-EB7B5BA8336E: changes role from  FOLLOWER to CANDIDATE at term 0 for changeToCandidate
2022-10-28 11:29:00,111 [d5dd9084-02e9-4cbc-a1b0-4846343450b9@group-EB7B5BA8336E-FollowerState] INFO  server.RaftServerConfigKeys (ConfUtils.java:logGet(46)) - raft.server.leaderelection.pre-vote = false (custom)
2022-10-28 11:29:00,111 [d5dd9084-02e9-4cbc-a1b0-4846343450b9@group-EB7B5BA8336E-FollowerState] INFO  impl.RoleInfo (RoleInfo.java:updateAndGet(139)) - d5dd9084-02e9-4cbc-a1b0-4846343450b9: start d5dd9084-02e9-4cbc-a1b0-4846343450b9@group-EB7B5BA8336E-LeaderElection17
2022-10-28 11:29:00,114 [5d13066c-11e5-40aa-be9d-008405bad973@group-EB7B5BA8336E-FollowerState] INFO  impl.FollowerState (FollowerState.java:run(143)) - 5d13066c-11e5-40aa-be9d-008405bad973@group-EB7B5BA8336E-FollowerState: change to CANDIDATE, lastRpcElapsedTime:5044409923ns, electionTimeout:5043ms
2022-10-28 11:29:00,114 [5d13066c-11e5-40aa-be9d-008405bad973@group-EB7B5BA8336E-FollowerState] INFO  impl.RoleInfo (RoleInfo.java:shutdownFollowerState(110)) - 5d13066c-11e5-40aa-be9d-008405bad973: shutdown 5d13066c-11e5-40aa-be9d-008405bad973@group-EB7B5BA8336E-FollowerState
2022-10-28 11:29:00,114 [5d13066c-11e5-40aa-be9d-008405bad973@group-EB7B5BA8336E-FollowerState] INFO  server.RaftServer$Division (RaftServerImpl.java:setRole(321)) - 5d13066c-11e5-40aa-be9d-008405bad973@group-EB7B5BA8336E: changes role from  FOLLOWER to CANDIDATE at term 0 for changeToCandidate
2022-10-28 11:29:00,119 [5d13066c-11e5-40aa-be9d-008405bad973@group-EB7B5BA8336E-FollowerState] INFO  server.RaftServerConfigKeys (ConfUtils.java:logGet(46)) - raft.server.leaderelection.pre-vote = false (custom)
2022-10-28 11:29:00,119 [5d13066c-11e5-40aa-be9d-008405bad973@group-EB7B5BA8336E-FollowerState] INFO  impl.RoleInfo (RoleInfo.java:updateAndGet(139)) - 5d13066c-11e5-40aa-be9d-008405bad973: start 5d13066c-11e5-40aa-be9d-008405bad973@group-EB7B5BA8336E-LeaderElection18
2022-10-28 11:29:00,119 [grpc-default-executor-0] INFO  impl.VoteContext (VoteContext.java:log(48)) - d5dd9084-02e9-4cbc-a1b0-4846343450b9@group-EB7B5BA8336E-CANDIDATE: reject ELECTION from 7b6afef0-558a-4ad8-bcfc-b2255c7aee53: our priority 1 > candidate's priority 0
2022-10-28 11:29:00,119 [grpc-default-executor-0] INFO  server.RaftServer$Division (RaftServerImpl.java:setRole(321)) - d5dd9084-02e9-4cbc-a1b0-4846343450b9@group-EB7B5BA8336E: changes role from CANDIDATE to FOLLOWER at term 1 for candidate:7b6afef0-558a-4ad8-bcfc-b2255c7aee53
2022-10-28 11:29:00,120 [grpc-default-executor-0] INFO  impl.RoleInfo (RoleInfo.java:shutdownLeaderElection(130)) - d5dd9084-02e9-4cbc-a1b0-4846343450b9: shutdown d5dd9084-02e9-4cbc-a1b0-4846343450b9@group-EB7B5BA8336E-LeaderElection17
2022-10-28 11:29:00,120 [grpc-default-executor-0] INFO  impl.RoleInfo (RoleInfo.java:updateAndGet(139)) - d5dd9084-02e9-4cbc-a1b0-4846343450b9: start d5dd9084-02e9-4cbc-a1b0-4846343450b9@group-EB7B5BA8336E-FollowerState
2022-10-28 11:29:00,125 [grpc-default-executor-3] INFO  server.RaftServer$Division (RaftServerImpl.java:requestVote(1218)) - 5d13066c-11e5-40aa-be9d-008405bad973@group-EB7B5BA8336E: receive requestVote(ELECTION, 7b6afef0-558a-4ad8-bcfc-b2255c7aee53, group-EB7B5BA8336E, 1, (t:0, i:0))
2022-10-28 11:29:00,125 [grpc-default-executor-3] INFO  impl.VoteContext (VoteContext.java:log(48)) - 5d13066c-11e5-40aa-be9d-008405bad973@group-EB7B5BA8336E-CANDIDATE: accept ELECTION from 7b6afef0-558a-4ad8-bcfc-b2255c7aee53: our priority 0 <= candidate's priority 0
2022-10-28 11:29:00,125 [grpc-default-executor-3] INFO  server.RaftServer$Division (RaftServerImpl.java:setRole(321)) - 5d13066c-11e5-40aa-be9d-008405bad973@group-EB7B5BA8336E: changes role from CANDIDATE to FOLLOWER at term 1 for candidate:7b6afef0-558a-4ad8-bcfc-b2255c7aee53
2022-10-28 11:29:00,125 [grpc-default-executor-3] INFO  impl.RoleInfo (RoleInfo.java:shutdownLeaderElection(130)) - 5d13066c-11e5-40aa-be9d-008405bad973: shutdown 5d13066c-11e5-40aa-be9d-008405bad973@group-EB7B5BA8336E-LeaderElection18
2022-10-28 11:29:00,125 [grpc-default-executor-3] INFO  impl.RoleInfo (RoleInfo.java:updateAndGet(139)) - 5d13066c-11e5-40aa-be9d-008405bad973: start 5d13066c-11e5-40aa-be9d-008405bad973@group-EB7B5BA8336E-FollowerState
2022-10-28 11:29:00,129 [d5dd9084-02e9-4cbc-a1b0-4846343450b9@group-EB7B5BA8336E-FollowerState] INFO  server.RaftServerConfigKeys (ConfUtils.java:logFallback(53)) - raft.server.rpc.first-election.timeout.min = 5s (fallback to raft.server.rpc.timeout.min)
2022-10-28 11:29:00,129 [d5dd9084-02e9-4cbc-a1b0-4846343450b9@group-EB7B5BA8336E-FollowerState] INFO  server.RaftServerConfigKeys (ConfUtils.java:logFallback(53)) - raft.server.rpc.first-election.timeout.max = 5200ms (fallback to raft.server.rpc.timeout.max)
2022-10-28 11:29:00,129 [5d13066c-11e5-40aa-be9d-008405bad973@group-EB7B5BA8336E-FollowerState] INFO  server.RaftServerConfigKeys (ConfUtils.java:logFallback(53)) - raft.server.rpc.first-election.timeout.min = 5s (fallback to raft.server.rpc.timeout.min)
2022-10-28 11:29:00,129 [5d13066c-11e5-40aa-be9d-008405bad973@group-EB7B5BA8336E-FollowerState] INFO  server.RaftServerConfigKeys (ConfUtils.java:logFallback(53)) - raft.server.rpc.first-election.timeout.max = 5200ms (fallback to raft.server.rpc.timeout.max)
2022-10-28 11:29:00,130 [grpc-default-executor-3] INFO  server.RaftServer$Division (RaftServerImpl.java:requestVote(1251)) - 5d13066c-11e5-40aa-be9d-008405bad973@group-EB7B5BA8336E replies to ELECTION vote request: 7b6afef0-558a-4ad8-bcfc-b2255c7aee53<-5d13066c-11e5-40aa-be9d-008405bad973#0:OK-t1. Peer's state: 5d13066c-11e5-40aa-be9d-008405bad973@group-EB7B5BA8336E:t1, leader=null, voted=7b6afef0-558a-4ad8-bcfc-b2255c7aee53, raftlog=Memoized:5d13066c-11e5-40aa-be9d-008405bad973@group-EB7B5BA8336E-SegmentedRaftLog:OPENED:c-1, conf=-1: peers:[d5dd9084-02e9-4cbc-a1b0-4846343450b9|rpc:10.1.0.114:34363|dataStream:|priority:1|startupRole:FOLLOWER, 7b6afef0-558a-4ad8-bcfc-b2255c7aee53|rpc:10.1.0.114:46219|dataStream:|priority:0|startupRole:FOLLOWER, 5d13066c-11e5-40aa-be9d-008405bad973|rpc:10.1.0.114:35651|dataStream:|priority:0|startupRole:FOLLOWER]|listeners:[], old=null
2022-10-28 11:29:00,130 [grpc-default-executor-0] INFO  server.RaftServer$Division (RaftServerImpl.java:requestVote(1251)) - d5dd9084-02e9-4cbc-a1b0-4846343450b9@group-EB7B5BA8336E replies to ELECTION vote request: 7b6afef0-558a-4ad8-bcfc-b2255c7aee53<-d5dd9084-02e9-4cbc-a1b0-4846343450b9#0:FAIL-t1. Peer's state: d5dd9084-02e9-4cbc-a1b0-4846343450b9@group-EB7B5BA8336E:t1, leader=null, voted=null, raftlog=Memoized:d5dd9084-02e9-4cbc-a1b0-4846343450b9@group-EB7B5BA8336E-SegmentedRaftLog:OPENED:c-1, conf=-1: peers:[d5dd9084-02e9-4cbc-a1b0-4846343450b9|rpc:10.1.0.114:34363|priority:1|startupRole:FOLLOWER, 7b6afef0-558a-4ad8-bcfc-b2255c7aee53|rpc:10.1.0.114:46219|priority:0|startupRole:FOLLOWER, 5d13066c-11e5-40aa-be9d-008405bad973|rpc:10.1.0.114:35651|priority:0|startupRole:FOLLOWER]|listeners:[], old=null
2022-10-28 11:29:00,136 [7b6afef0-558a-4ad8-bcfc-b2255c7aee53@group-EB7B5BA8336E-LeaderElection16] INFO  impl.LeaderElection (LeaderElection.java:logAndReturn(90)) - 7b6afef0-558a-4ad8-bcfc-b2255c7aee53@group-EB7B5BA8336E-LeaderElection16: ELECTION REJECTED received 2 response(s) and 0 exception(s):
2022-10-28 11:29:00,136 [7b6afef0-558a-4ad8-bcfc-b2255c7aee53@group-EB7B5BA8336E-LeaderElection16] INFO  impl.LeaderElection (LeaderElection.java:logAndReturn(94)) -   Response 0: 7b6afef0-558a-4ad8-bcfc-b2255c7aee53<-d5dd9084-02e9-4cbc-a1b0-4846343450b9#0:FAIL-t1
2022-10-28 11:29:00,136 [7b6afef0-558a-4ad8-bcfc-b2255c7aee53@group-EB7B5BA8336E-LeaderElection16] INFO  impl.LeaderElection (LeaderElection.java:logAndReturn(94)) -   Response 1: 7b6afef0-558a-4ad8-bcfc-b2255c7aee53<-5d13066c-11e5-40aa-be9d-008405bad973#0:OK-t1
2022-10-28 11:29:00,136 [7b6afef0-558a-4ad8-bcfc-b2255c7aee53@group-EB7B5BA8336E-LeaderElection16] INFO  impl.LeaderElection (LeaderElection.java:askForVotes(314)) - 7b6afef0-558a-4ad8-bcfc-b2255c7aee53@group-EB7B5BA8336E-LeaderElection16 ELECTION round 0: result REJECTED
2022-10-28 11:29:00,136 [7b6afef0-558a-4ad8-bcfc-b2255c7aee53@group-EB7B5BA8336E-LeaderElection16] INFO  server.RaftServer$Division (RaftServerImpl.java:setRole(321)) - 7b6afef0-558a-4ad8-bcfc-b2255c7aee53@group-EB7B5BA8336E: changes role from CANDIDATE to FOLLOWER at term 1 for REJECTED
2022-10-28 11:29:00,136 [7b6afef0-558a-4ad8-bcfc-b2255c7aee53@group-EB7B5BA8336E-LeaderElection16] INFO  impl.RoleInfo (RoleInfo.java:shutdownLeaderElection(130)) - 7b6afef0-558a-4ad8-bcfc-b2255c7aee53: shutdown 7b6afef0-558a-4ad8-bcfc-b2255c7aee53@group-EB7B5BA8336E-LeaderElection16
2022-10-28 11:29:00,136 [7b6afef0-558a-4ad8-bcfc-b2255c7aee53@group-EB7B5BA8336E-LeaderElection16] INFO  impl.RoleInfo (RoleInfo.java:updateAndGet(139)) - 7b6afef0-558a-4ad8-bcfc-b2255c7aee53: start 7b6afef0-558a-4ad8-bcfc-b2255c7aee53@group-EB7B5BA8336E-FollowerState
2022-10-28 11:29:00,149 [7b6afef0-558a-4ad8-bcfc-b2255c7aee53@group-EB7B5BA8336E-FollowerState] INFO  server.RaftServerConfigKeys (ConfUtils.java:logFallback(53)) - raft.server.rpc.first-election.timeout.min = 5s (fallback to raft.server.rpc.timeout.min)
2022-10-28 11:29:00,149 [7b6afef0-558a-4ad8-bcfc-b2255c7aee53@group-EB7B5BA8336E-FollowerState] INFO  server.RaftServerConfigKeys (ConfUtils.java:logFallback(53)) - raft.server.rpc.first-election.timeout.max = 5200ms (fallback to raft.server.rpc.timeout.max)
2022-10-28 11:29:00,251 [Listener at 127.0.0.1/42141] INFO  ozoneimpl.OzoneContainer (OzoneContainer.java:stop(400)) - Attempting to stop container services.
2022-10-28 11:29:00,257 [Listener at 127.0.0.1/42141] INFO  server.RaftServer (RaftServerProxy.java:lambda$close$6(409)) - 1914ef14-e927-4aee-a78a-186b0a6a783b: close
2022-10-28 11:29:00,258 [1914ef14-e927-4aee-a78a-186b0a6a783b-impl-thread1] INFO  server.RaftServer$Division (RaftServerImpl.java:lambda$close$4(458)) - 1914ef14-e927-4aee-a78a-186b0a6a783b@group-6EDC1BDBC3EA: shutdown
2022-10-28 11:29:00,258 [1914ef14-e927-4aee-a78a-186b0a6a783b-impl-thread1] INFO  util.JmxRegister (JmxRegister.java:unregister(73)) - Successfully un-registered JMX Bean with object name Ratis:service=RaftServer,group=group-6EDC1BDBC3EA,id=1914ef14-e927-4aee-a78a-186b0a6a783b
2022-10-28 11:29:00,258 [1914ef14-e927-4aee-a78a-186b0a6a783b-impl-thread1] INFO  impl.RoleInfo (RoleInfo.java:shutdownFollowerState(110)) - 1914ef14-e927-4aee-a78a-186b0a6a783b: shutdown 1914ef14-e927-4aee-a78a-186b0a6a783b@group-6EDC1BDBC3EA-FollowerState
2022-10-28 11:29:00,258 [1914ef14-e927-4aee-a78a-186b0a6a783b-impl-thread1] INFO  impl.StateMachineUpdater (StateMachineUpdater.java:stopAndJoin(153)) - 1914ef14-e927-4aee-a78a-186b0a6a783b@group-6EDC1BDBC3EA-StateMachineUpdater: set stopIndex = 0
2022-10-28 11:29:00,258 [1914ef14-e927-4aee-a78a-186b0a6a783b@group-6EDC1BDBC3EA-FollowerState] INFO  impl.FollowerState (FollowerState.java:run(152)) - 1914ef14-e927-4aee-a78a-186b0a6a783b@group-6EDC1BDBC3EA-FollowerState was interrupted
2022-10-28 11:29:00,259 [Listener at 127.0.0.1/42141] INFO  server.GrpcService (GrpcService.java:closeImpl(279)) - 1914ef14-e927-4aee-a78a-186b0a6a783b: shutdown server GrpcServerProtocolService now
2022-10-28 11:29:00,259 [1914ef14-e927-4aee-a78a-186b0a6a783b@group-6EDC1BDBC3EA-StateMachineUpdater] INFO  ratis.ContainerStateMachine (ContainerStateMachine.java:takeSnapshot(304)) - group-6EDC1BDBC3EA: Taking a snapshot at:(t:1, i:0) file /home/runner/work/ozone/ozone/hadoop-ozone/integration-test/target/test-dir/MiniOzoneClusterImpl-6ee34448-fbd8-4951-8ae1-d137d06ced7b/datanode-1/data/ratis/7b572f3d-fa43-4e84-bbda-6edc1bdbc3ea/sm/snapshot.1_0
2022-10-28 11:29:00,267 [1914ef14-e927-4aee-a78a-186b0a6a783b-impl-thread2] INFO  server.RaftServer$Division (RaftServerImpl.java:lambda$close$4(458)) - 1914ef14-e927-4aee-a78a-186b0a6a783b@group-5FB5BB86DA21: shutdown
2022-10-28 11:29:00,267 [1914ef14-e927-4aee-a78a-186b0a6a783b-impl-thread2] INFO  util.JmxRegister (JmxRegister.java:unregister(73)) - Successfully un-registered JMX Bean with object name Ratis:service=RaftServer,group=group-5FB5BB86DA21,id=1914ef14-e927-4aee-a78a-186b0a6a783b
2022-10-28 11:29:00,267 [1914ef14-e927-4aee-a78a-186b0a6a783b-impl-thread2] INFO  impl.RoleInfo (RoleInfo.java:shutdownLeaderState(93)) - 1914ef14-e927-4aee-a78a-186b0a6a783b: shutdown 1914ef14-e927-4aee-a78a-186b0a6a783b@group-5FB5BB86DA21-LeaderStateImpl
2022-10-28 11:29:00,268 [1914ef14-e927-4aee-a78a-186b0a6a783b-impl-thread2] INFO  impl.PendingRequests (PendingRequests.java:sendNotLeaderResponses(282)) - 1914ef14-e927-4aee-a78a-186b0a6a783b@group-5FB5BB86DA21-PendingRequests: sendNotLeaderResponses
2022-10-28 11:29:00,269 [grpc-default-executor-3] WARN  server.GrpcServerProtocolService (LogUtils.java:warn(122)) - 1914ef14-e927-4aee-a78a-186b0a6a783b: installSnapshot onError, lastRequest: 0c9bf628-edfc-473a-824e-eb061e1afdb3->1914ef14-e927-4aee-a78a-186b0a6a783b#1-t1,previous=(t:0, i:0),leaderCommit=0,initializing? true,entries: size=1, first=(t:1, i:0), CONFIGURATIONENTRY(current:id: "1914ef14-e927-4aee-a78a-186b0a6a783b"
address: "10.1.0.114:45645"
clientAddress: "10.1.0.114:45645"
adminAddress: "10.1.0.114:45645"
startupRole: FOLLOWER
,id: "4117c80f-d61a-41ff-a958-d6b4139221af"
address: "10.1.0.114:40159"
clientAddress: "10.1.0.114:40159"
adminAddress: "10.1.0.114:40159"
startupRole: FOLLOWER
,id: "0c9bf628-edfc-473a-824e-eb061e1afdb3"
address: "10.1.0.114:43977"
priority: 1
clientAddress: "10.1.0.114:43977"
adminAddress: "10.1.0.114:43977"
startupRole: FOLLOWER
, old:): org.apache.ratis.thirdparty.io.grpc.StatusRuntimeException: CANCELLED: client cancelled
2022-10-28 11:29:00,270 [1914ef14-e927-4aee-a78a-186b0a6a783b-impl-thread3] INFO  server.RaftServer$Division (RaftServerImpl.java:lambda$close$4(458)) - 1914ef14-e927-4aee-a78a-186b0a6a783b@group-B457E25CD9B9: shutdown
2022-10-28 11:29:00,270 [1914ef14-e927-4aee-a78a-186b0a6a783b-impl-thread3] INFO  util.JmxRegister (JmxRegister.java:unregister(73)) - Successfully un-registered JMX Bean with object name Ratis:service=RaftServer,group=group-B457E25CD9B9,id=1914ef14-e927-4aee-a78a-186b0a6a783b
2022-10-28 11:29:00,270 [1914ef14-e927-4aee-a78a-186b0a6a783b-impl-thread3] INFO  impl.RoleInfo (RoleInfo.java:shutdownFollowerState(110)) - 1914ef14-e927-4aee-a78a-186b0a6a783b: shutdown 1914ef14-e927-4aee-a78a-186b0a6a783b@group-B457E25CD9B9-FollowerState
2022-10-28 11:29:00,271 [grpc-default-executor-3] WARN  server.GrpcServerProtocolService (LogUtils.java:warn(122)) - 1914ef14-e927-4aee-a78a-186b0a6a783b: installSnapshot onError, lastRequest: null: org.apache.ratis.thirdparty.io.grpc.StatusRuntimeException: CANCELLED: client cancelled
2022-10-28 11:29:00,274 [grpc-default-executor-3] WARN  server.GrpcLogAppender (LogUtils.java:warn(122)) - 0c9bf628-edfc-473a-824e-eb061e1afdb3@group-6EDC1BDBC3EA->1914ef14-e927-4aee-a78a-186b0a6a783b-AppendLogResponseHandler: Failed appendEntries: org.apache.ratis.thirdparty.io.grpc.StatusRuntimeException: CANCELLED: RST_STREAM closed stream. HTTP/2 error code: CANCEL
2022-10-28 11:29:00,275 [grpc-default-executor-3] WARN  server.GrpcLogAppender (GrpcLogAppender.java:resetClient(131)) - 0c9bf628-edfc-473a-824e-eb061e1afdb3@group-6EDC1BDBC3EA->1914ef14-e927-4aee-a78a-186b0a6a783b-GrpcLogAppender: Leader has not got in touch with Follower 0c9bf628-edfc-473a-824e-eb061e1afdb3@group-6EDC1BDBC3EA->1914ef14-e927-4aee-a78a-186b0a6a783b(c0,m0,n1, attendVote=true, lastRpcSendTime=2113, lastRpcResponseTime=2079) yet, just keep nextIndex unchanged and retry.
2022-10-28 11:29:00,276 [1914ef14-e927-4aee-a78a-186b0a6a783b@group-5FB5BB86DA21-StateMachineUpdater] INFO  ratis.ContainerStateMachine (ContainerStateMachine.java:takeSnapshot(304)) - group-5FB5BB86DA21: Taking a snapshot at:(t:1, i:0) file /home/runner/work/ozone/ozone/hadoop-ozone/integration-test/target/test-dir/MiniOzoneClusterImpl-6ee34448-fbd8-4951-8ae1-d137d06ced7b/datanode-1/data/ratis/5a3b75ed-3317-4e5a-8144-5fb5bb86da21/sm/snapshot.1_0
2022-10-28 11:29:00,274 [1914ef14-e927-4aee-a78a-186b0a6a783b-impl-thread2] INFO  impl.StateMachineUpdater (StateMachineUpdater.java:stopAndJoin(153)) - 1914ef14-e927-4aee-a78a-186b0a6a783b@group-5FB5BB86DA21-StateMachineUpdater: set stopIndex = 0
2022-10-28 11:29:00,282 [1914ef14-e927-4aee-a78a-186b0a6a783b@group-B457E25CD9B9-FollowerState] INFO  impl.FollowerState (FollowerState.java:run(152)) - 1914ef14-e927-4aee-a78a-186b0a6a783b@group-B457E25CD9B9-FollowerState was interrupted
2022-10-28 11:29:00,282 [1914ef14-e927-4aee-a78a-186b0a6a783b-impl-thread3] INFO  impl.StateMachineUpdater (StateMachineUpdater.java:stopAndJoin(153)) - 1914ef14-e927-4aee-a78a-186b0a6a783b@group-B457E25CD9B9-StateMachineUpdater: set stopIndex = -1
2022-10-28 11:29:00,282 [1914ef14-e927-4aee-a78a-186b0a6a783b-impl-thread3] INFO  server.RaftServer$Division (ServerState.java:close(466)) - 1914ef14-e927-4aee-a78a-186b0a6a783b@group-B457E25CD9B9: closes. applyIndex: -1
2022-10-28 11:29:00,283 [1914ef14-e927-4aee-a78a-186b0a6a783b@group-B457E25CD9B9-SegmentedRaftLogWorker] INFO  segmented.SegmentedRaftLogWorker (SegmentedRaftLogWorker.java:run(345)) - 1914ef14-e927-4aee-a78a-186b0a6a783b@group-B457E25CD9B9-SegmentedRaftLogWorker was interrupted, exiting. There are 0 tasks remaining in the queue.
2022-10-28 11:29:00,283 [1914ef14-e927-4aee-a78a-186b0a6a783b-impl-thread3] INFO  segmented.SegmentedRaftLogWorker (SegmentedRaftLogWorker.java:close(255)) - 1914ef14-e927-4aee-a78a-186b0a6a783b@group-B457E25CD9B9-SegmentedRaftLogWorker close()
2022-10-28 11:29:00,294 [Listener at 127.0.0.1/42141] INFO  server.GrpcService (GrpcService.java:closeImpl(288)) - 1914ef14-e927-4aee-a78a-186b0a6a783b: shutdown server GrpcServerProtocolService successfully
2022-10-28 11:29:00,299 [grpc-default-executor-3] WARN  server.GrpcLogAppender (LogUtils.java:warn(122)) - 0c9bf628-edfc-473a-824e-eb061e1afdb3@group-6EDC1BDBC3EA->1914ef14-e927-4aee-a78a-186b0a6a783b-AppendLogResponseHandler: Failed appendEntries: org.apache.ratis.thirdparty.io.grpc.StatusRuntimeException: CANCELLED: RST_STREAM closed stream. HTTP/2 error code: CANCEL
2022-10-28 11:29:00,301 [grpc-default-executor-3] WARN  server.GrpcLogAppender (GrpcLogAppender.java:resetClient(131)) - 0c9bf628-edfc-473a-824e-eb061e1afdb3@group-6EDC1BDBC3EA->1914ef14-e927-4aee-a78a-186b0a6a783b-GrpcLogAppender: Leader has not got in touch with Follower 0c9bf628-edfc-473a-824e-eb061e1afdb3@group-6EDC1BDBC3EA->1914ef14-e927-4aee-a78a-186b0a6a783b(c0,m0,n1, attendVote=true, lastRpcSendTime=2138, lastRpcResponseTime=2104) yet, just keep nextIndex unchanged and retry.
2022-10-28 11:29:00,325 [1914ef14-e927-4aee-a78a-186b0a6a783b@group-5FB5BB86DA21-StateMachineUpdater] INFO  ratis.ContainerStateMachine (ContainerStateMachine.java:takeSnapshot(315)) - group-5FB5BB86DA21: Finished taking a snapshot at:(t:1, i:0) file:/home/runner/work/ozone/ozone/hadoop-ozone/integration-test/target/test-dir/MiniOzoneClusterImpl-6ee34448-fbd8-4951-8ae1-d137d06ced7b/datanode-1/data/ratis/5a3b75ed-3317-4e5a-8144-5fb5bb86da21/sm/snapshot.1_0 took: 49 ms
2022-10-28 11:29:00,326 [1914ef14-e927-4aee-a78a-186b0a6a783b@group-5FB5BB86DA21-StateMachineUpdater] INFO  impl.StateMachineUpdater (StateMachineUpdater.java:takeSnapshot(287)) - 1914ef14-e927-4aee-a78a-186b0a6a783b@group-5FB5BB86DA21-StateMachineUpdater: Took a snapshot at index 0
2022-10-28 11:29:00,327 [1914ef14-e927-4aee-a78a-186b0a6a783b@group-5FB5BB86DA21-StateMachineUpdater] INFO  impl.StateMachineUpdater (StateMachineUpdater.java:lambda$new$0(92)) - 1914ef14-e927-4aee-a78a-186b0a6a783b@group-5FB5BB86DA21-StateMachineUpdater: snapshotIndex: updateIncreasingly -1 -> 0
2022-10-28 11:29:00,332 [1914ef14-e927-4aee-a78a-186b0a6a783b-impl-thread2] INFO  server.RaftServer$Division (ServerState.java:close(466)) - 1914ef14-e927-4aee-a78a-186b0a6a783b@group-5FB5BB86DA21: closes. applyIndex: 0
2022-10-28 11:29:00,332 [1914ef14-e927-4aee-a78a-186b0a6a783b@group-5FB5BB86DA21-SegmentedRaftLogWorker] INFO  segmented.SegmentedRaftLogWorker (SegmentedRaftLogWorker.java:run(345)) - 1914ef14-e927-4aee-a78a-186b0a6a783b@group-5FB5BB86DA21-SegmentedRaftLogWorker was interrupted, exiting. There are 0 tasks remaining in the queue.
2022-10-28 11:29:00,333 [1914ef14-e927-4aee-a78a-186b0a6a783b@group-6EDC1BDBC3EA-StateMachineUpdater] INFO  ratis.ContainerStateMachine (ContainerStateMachine.java:takeSnapshot(315)) - group-6EDC1BDBC3EA: Finished taking a snapshot at:(t:1, i:0) file:/home/runner/work/ozone/ozone/hadoop-ozone/integration-test/target/test-dir/MiniOzoneClusterImpl-6ee34448-fbd8-4951-8ae1-d137d06ced7b/datanode-1/data/ratis/7b572f3d-fa43-4e84-bbda-6edc1bdbc3ea/sm/snapshot.1_0 took: 74 ms
2022-10-28 11:29:00,334 [1914ef14-e927-4aee-a78a-186b0a6a783b-impl-thread2] INFO  segmented.SegmentedRaftLogWorker (SegmentedRaftLogWorker.java:close(255)) - 1914ef14-e927-4aee-a78a-186b0a6a783b@group-5FB5BB86DA21-SegmentedRaftLogWorker close()
2022-10-28 11:29:00,337 [1914ef14-e927-4aee-a78a-186b0a6a783b@group-6EDC1BDBC3EA-StateMachineUpdater] INFO  impl.StateMachineUpdater (StateMachineUpdater.java:takeSnapshot(287)) - 1914ef14-e927-4aee-a78a-186b0a6a783b@group-6EDC1BDBC3EA-StateMachineUpdater: Took a snapshot at index 0
2022-10-28 11:29:00,337 [1914ef14-e927-4aee-a78a-186b0a6a783b@group-6EDC1BDBC3EA-StateMachineUpdater] INFO  impl.StateMachineUpdater (StateMachineUpdater.java:lambda$new$0(92)) - 1914ef14-e927-4aee-a78a-186b0a6a783b@group-6EDC1BDBC3EA-StateMachineUpdater: snapshotIndex: updateIncreasingly -1 -> 0
2022-10-28 11:29:00,337 [1914ef14-e927-4aee-a78a-186b0a6a783b-impl-thread1] INFO  server.RaftServer$Division (ServerState.java:close(466)) - 1914ef14-e927-4aee-a78a-186b0a6a783b@group-6EDC1BDBC3EA: closes. applyIndex: 0
2022-10-28 11:29:00,338 [1914ef14-e927-4aee-a78a-186b0a6a783b@group-6EDC1BDBC3EA-SegmentedRaftLogWorker] INFO  segmented.SegmentedRaftLogWorker (SegmentedRaftLogWorker.java:run(345)) - 1914ef14-e927-4aee-a78a-186b0a6a783b@group-6EDC1BDBC3EA-SegmentedRaftLogWorker was interrupted, exiting. There are 0 tasks remaining in the queue.
2022-10-28 11:29:00,338 [1914ef14-e927-4aee-a78a-186b0a6a783b-impl-thread1] INFO  segmented.SegmentedRaftLogWorker (SegmentedRaftLogWorker.java:close(255)) - 1914ef14-e927-4aee-a78a-186b0a6a783b@group-6EDC1BDBC3EA-SegmentedRaftLogWorker close()
2022-10-28 11:29:00,342 [JvmPauseMonitor2] INFO  util.JvmPauseMonitor (JvmPauseMonitor.java:run(111)) - JvmPauseMonitor-1914ef14-e927-4aee-a78a-186b0a6a783b: Stopped
2022-10-28 11:29:00,346 [5d13066c-11e5-40aa-be9d-008405bad973@group-483BE42729DF-FollowerState] INFO  impl.FollowerState (FollowerState.java:run(143)) - 5d13066c-11e5-40aa-be9d-008405bad973@group-483BE42729DF-FollowerState: change to CANDIDATE, lastRpcElapsedTime:5102630732ns, electionTimeout:5100ms
2022-10-28 11:29:00,347 [5d13066c-11e5-40aa-be9d-008405bad973@group-483BE42729DF-FollowerState] INFO  impl.RoleInfo (RoleInfo.java:shutdownFollowerState(110)) - 5d13066c-11e5-40aa-be9d-008405bad973: shutdown 5d13066c-11e5-40aa-be9d-008405bad973@group-483BE42729DF-FollowerState
2022-10-28 11:29:00,347 [5d13066c-11e5-40aa-be9d-008405bad973@group-483BE42729DF-FollowerState] INFO  server.RaftServer$Division (RaftServerImpl.java:setRole(321)) - 5d13066c-11e5-40aa-be9d-008405bad973@group-483BE42729DF: changes role from  FOLLOWER to CANDIDATE at term 0 for changeToCandidate
2022-10-28 11:29:00,347 [5d13066c-11e5-40aa-be9d-008405bad973@group-483BE42729DF-FollowerState] INFO  server.RaftServerConfigKeys (ConfUtils.java:logGet(46)) - raft.server.leaderelection.pre-vote = false (custom)
2022-10-28 11:29:00,347 [5d13066c-11e5-40aa-be9d-008405bad973@group-483BE42729DF-FollowerState] INFO  impl.RoleInfo (RoleInfo.java:updateAndGet(139)) - 5d13066c-11e5-40aa-be9d-008405bad973: start 5d13066c-11e5-40aa-be9d-008405bad973@group-483BE42729DF-LeaderElection19
2022-10-28 11:29:00,355 [5d13066c-11e5-40aa-be9d-008405bad973@group-483BE42729DF-LeaderElection19] INFO  impl.LeaderElection (LeaderElection.java:askForVotes(312)) - 5d13066c-11e5-40aa-be9d-008405bad973@group-483BE42729DF-LeaderElection19 ELECTION round 0: submit vote requests at term 1 for -1: peers:[5d13066c-11e5-40aa-be9d-008405bad973|rpc:10.1.0.114:35651|priority:1|startupRole:FOLLOWER]|listeners:[], old=null
2022-10-28 11:29:00,355 [5d13066c-11e5-40aa-be9d-008405bad973@group-483BE42729DF-LeaderElection19] INFO  impl.LeaderElection (LeaderElection.java:askForVotes(314)) - 5d13066c-11e5-40aa-be9d-008405bad973@group-483BE42729DF-LeaderElection19 ELECTION round 0: result PASSED (term=1)
2022-10-28 11:29:00,355 [5d13066c-11e5-40aa-be9d-008405bad973@group-483BE42729DF-LeaderElection19] INFO  impl.RoleInfo (RoleInfo.java:shutdownLeaderElection(130)) - 5d13066c-11e5-40aa-be9d-008405bad973: shutdown 5d13066c-11e5-40aa-be9d-008405bad973@group-483BE42729DF-LeaderElection19
2022-10-28 11:29:00,356 [5d13066c-11e5-40aa-be9d-008405bad973@group-483BE42729DF-LeaderElection19] INFO  server.RaftServer$Division (RaftServerImpl.java:setRole(321)) - 5d13066c-11e5-40aa-be9d-008405bad973@group-483BE42729DF: changes role from CANDIDATE to LEADER at term 1 for changeToLeader
2022-10-28 11:29:00,356 [5d13066c-11e5-40aa-be9d-008405bad973@group-483BE42729DF-LeaderElection19] INFO  ratis.XceiverServerRatis (XceiverServerRatis.java:handleLeaderChangedNotification(863)) - Leader change notification received for group: group-483BE42729DF with new leaderId: 5d13066c-11e5-40aa-be9d-008405bad973
2022-10-28 11:29:00,357 [5d13066c-11e5-40aa-be9d-008405bad973@group-483BE42729DF-LeaderElection19] INFO  server.RaftServer$Division (ServerState.java:setLeader(313)) - 5d13066c-11e5-40aa-be9d-008405bad973@group-483BE42729DF: change Leader from null to 5d13066c-11e5-40aa-be9d-008405bad973 at term 1 for becomeLeader, leader elected after 5124ms
2022-10-28 11:29:00,362 [5d13066c-11e5-40aa-be9d-008405bad973@group-483BE42729DF-LeaderElection19] INFO  server.RaftServerConfigKeys (ConfUtils.java:logGet(46)) - raft.server.staging.catchup.gap = 1000 (default)
2022-10-28 11:29:00,362 [5d13066c-11e5-40aa-be9d-008405bad973@group-483BE42729DF-LeaderElection19] INFO  server.RaftServerConfigKeys (ConfUtils.java:logGet(46)) - raft.server.write.element-limit = 1024 (custom)
2022-10-28 11:29:00,362 [5d13066c-11e5-40aa-be9d-008405bad973@group-483BE42729DF-LeaderElection19] INFO  server.RaftServerConfigKeys (ConfUtils.java:logGet(46)) - raft.server.write.byte-limit = 1024 M (=1073741824) (custom)
2022-10-28 11:29:00,362 [5d13066c-11e5-40aa-be9d-008405bad973@group-483BE42729DF-LeaderElection19] INFO  server.RaftServerConfigKeys (ConfUtils.java:logGet(46)) - raft.server.watch.timeout = 180s (custom)
2022-10-28 11:29:00,362 [5d13066c-11e5-40aa-be9d-008405bad973@group-483BE42729DF-LeaderElection19] INFO  server.RaftServerConfigKeys (ConfUtils.java:logGet(46)) - raft.server.watch.timeout.denomination = 1s (default)
2022-10-28 11:29:00,362 [5d13066c-11e5-40aa-be9d-008405bad973@group-483BE42729DF-LeaderElection19] INFO  server.RaftServerConfigKeys (ConfUtils.java:logGet(46)) - raft.server.watch.element-limit = 65536 (default)
2022-10-28 11:29:00,362 [5d13066c-11e5-40aa-be9d-008405bad973@group-483BE42729DF-LeaderElection19] INFO  server.RaftServerConfigKeys (ConfUtils.java:logGet(46)) - raft.server.write.element-limit = 1024 (custom)
2022-10-28 11:29:00,364 [5d13066c-11e5-40aa-be9d-008405bad973@group-483BE42729DF-LeaderElection19] INFO  server.RaftServerConfigKeys (ConfUtils.java:logGet(46)) - raft.server.write.follower.gap.ratio.max = -1.0 (default)
2022-10-28 11:29:00,364 [5d13066c-11e5-40aa-be9d-008405bad973@group-483BE42729DF-LeaderElection19] INFO  impl.RoleInfo (RoleInfo.java:updateAndGet(139)) - 5d13066c-11e5-40aa-be9d-008405bad973: start 5d13066c-11e5-40aa-be9d-008405bad973@group-483BE42729DF-LeaderStateImpl
2022-10-28 11:29:00,364 [5d13066c-11e5-40aa-be9d-008405bad973@group-483BE42729DF-LeaderElection19] INFO  segmented.SegmentedRaftLogWorker (SegmentedRaftLogWorker.java:startLogSegment(452)) - 5d13066c-11e5-40aa-be9d-008405bad973@group-483BE42729DF-SegmentedRaftLogWorker: Starting segment from index:0
2022-10-28 11:29:00,365 [5d13066c-11e5-40aa-be9d-008405bad973@group-483BE42729DF-SegmentedRaftLogWorker] INFO  segmented.SegmentedRaftLogWorker (SegmentedRaftLogWorker.java:execute(656)) - 5d13066c-11e5-40aa-be9d-008405bad973@group-483BE42729DF-SegmentedRaftLogWorker: created new log segment /home/runner/work/ozone/ozone/hadoop-ozone/integration-test/target/test-dir/MiniOzoneClusterImpl-6ee34448-fbd8-4951-8ae1-d137d06ced7b/datanode-7/data/ratis/0e484558-1e4e-4ed7-a87d-483be42729df/current/log_inprogress_0
2022-10-28 11:29:00,377 [5d13066c-11e5-40aa-be9d-008405bad973@group-483BE42729DF-LeaderElection19] INFO  server.RaftServer$Division (ServerState.java:setRaftConf(430)) - 5d13066c-11e5-40aa-be9d-008405bad973@group-483BE42729DF: set configuration 0: peers:[5d13066c-11e5-40aa-be9d-008405bad973|rpc:10.1.0.114:35651|dataStream:|priority:1|startupRole:FOLLOWER]|listeners:[], old=null
2022-10-28 11:29:00,584 [7b6afef0-558a-4ad8-bcfc-b2255c7aee53@group-1A113F53DBAA-FollowerState] INFO  impl.FollowerState (FollowerState.java:run(143)) - 7b6afef0-558a-4ad8-bcfc-b2255c7aee53@group-1A113F53DBAA-FollowerState: change to CANDIDATE, lastRpcElapsedTime:5007039194ns, electionTimeout:5006ms
2022-10-28 11:29:00,584 [7b6afef0-558a-4ad8-bcfc-b2255c7aee53@group-1A113F53DBAA-FollowerState] INFO  impl.RoleInfo (RoleInfo.java:shutdownFollowerState(110)) - 7b6afef0-558a-4ad8-bcfc-b2255c7aee53: shutdown 7b6afef0-558a-4ad8-bcfc-b2255c7aee53@group-1A113F53DBAA-FollowerState
2022-10-28 11:29:00,584 [7b6afef0-558a-4ad8-bcfc-b2255c7aee53@group-1A113F53DBAA-FollowerState] INFO  server.RaftServer$Division (RaftServerImpl.java:setRole(321)) - 7b6afef0-558a-4ad8-bcfc-b2255c7aee53@group-1A113F53DBAA: changes role from  FOLLOWER to CANDIDATE at term 0 for changeToCandidate
2022-10-28 11:29:00,584 [7b6afef0-558a-4ad8-bcfc-b2255c7aee53@group-1A113F53DBAA-FollowerState] INFO  server.RaftServerConfigKeys (ConfUtils.java:logGet(46)) - raft.server.leaderelection.pre-vote = false (custom)
2022-10-28 11:29:00,585 [7b6afef0-558a-4ad8-bcfc-b2255c7aee53@group-1A113F53DBAA-FollowerState] INFO  impl.RoleInfo (RoleInfo.java:updateAndGet(139)) - 7b6afef0-558a-4ad8-bcfc-b2255c7aee53: start 7b6afef0-558a-4ad8-bcfc-b2255c7aee53@group-1A113F53DBAA-LeaderElection20
2022-10-28 11:29:00,599 [7b6afef0-558a-4ad8-bcfc-b2255c7aee53@group-1A113F53DBAA-LeaderElection20] INFO  impl.LeaderElection (LeaderElection.java:askForVotes(312)) - 7b6afef0-558a-4ad8-bcfc-b2255c7aee53@group-1A113F53DBAA-LeaderElection20 ELECTION round 0: submit vote requests at term 1 for -1: peers:[7b6afef0-558a-4ad8-bcfc-b2255c7aee53|rpc:10.1.0.114:46219|priority:1|startupRole:FOLLOWER]|listeners:[], old=null
2022-10-28 11:29:00,599 [7b6afef0-558a-4ad8-bcfc-b2255c7aee53@group-1A113F53DBAA-LeaderElection20] INFO  impl.LeaderElection (LeaderElection.java:askForVotes(314)) - 7b6afef0-558a-4ad8-bcfc-b2255c7aee53@group-1A113F53DBAA-LeaderElection20 ELECTION round 0: result PASSED (term=1)
2022-10-28 11:29:00,599 [7b6afef0-558a-4ad8-bcfc-b2255c7aee53@group-1A113F53DBAA-LeaderElection20] INFO  impl.RoleInfo (RoleInfo.java:shutdownLeaderElection(130)) - 7b6afef0-558a-4ad8-bcfc-b2255c7aee53: shutdown 7b6afef0-558a-4ad8-bcfc-b2255c7aee53@group-1A113F53DBAA-LeaderElection20
2022-10-28 11:29:00,599 [7b6afef0-558a-4ad8-bcfc-b2255c7aee53@group-1A113F53DBAA-LeaderElection20] INFO  server.RaftServer$Division (RaftServerImpl.java:setRole(321)) - 7b6afef0-558a-4ad8-bcfc-b2255c7aee53@group-1A113F53DBAA: changes role from CANDIDATE to LEADER at term 1 for changeToLeader
2022-10-28 11:29:00,599 [7b6afef0-558a-4ad8-bcfc-b2255c7aee53@group-1A113F53DBAA-LeaderElection20] INFO  ratis.XceiverServerRatis (XceiverServerRatis.java:handleLeaderChangedNotification(863)) - Leader change notification received for group: group-1A113F53DBAA with new leaderId: 7b6afef0-558a-4ad8-bcfc-b2255c7aee53
2022-10-28 11:29:00,601 [7b6afef0-558a-4ad8-bcfc-b2255c7aee53@group-1A113F53DBAA-LeaderElection20] INFO  server.RaftServer$Division (ServerState.java:setLeader(313)) - 7b6afef0-558a-4ad8-bcfc-b2255c7aee53@group-1A113F53DBAA: change Leader from null to 7b6afef0-558a-4ad8-bcfc-b2255c7aee53 at term 1 for becomeLeader, leader elected after 5032ms
2022-10-28 11:29:00,602 [7b6afef0-558a-4ad8-bcfc-b2255c7aee53@group-1A113F53DBAA-LeaderElection20] INFO  server.RaftServerConfigKeys (ConfUtils.java:logGet(46)) - raft.server.staging.catchup.gap = 1000 (default)
2022-10-28 11:29:00,602 [7b6afef0-558a-4ad8-bcfc-b2255c7aee53@group-1A113F53DBAA-LeaderElection20] INFO  server.RaftServerConfigKeys (ConfUtils.java:logGet(46)) - raft.server.write.element-limit = 1024 (custom)
2022-10-28 11:29:00,602 [7b6afef0-558a-4ad8-bcfc-b2255c7aee53@group-1A113F53DBAA-LeaderElection20] INFO  server.RaftServerConfigKeys (ConfUtils.java:logGet(46)) - raft.server.write.byte-limit = 1024 M (=1073741824) (custom)
2022-10-28 11:29:00,602 [7b6afef0-558a-4ad8-bcfc-b2255c7aee53@group-1A113F53DBAA-LeaderElection20] INFO  server.RaftServerConfigKeys (ConfUtils.java:logGet(46)) - raft.server.watch.timeout = 180s (custom)
2022-10-28 11:29:00,602 [7b6afef0-558a-4ad8-bcfc-b2255c7aee53@group-1A113F53DBAA-LeaderElection20] INFO  server.RaftServerConfigKeys (ConfUtils.java:logGet(46)) - raft.server.watch.timeout.denomination = 1s (default)
2022-10-28 11:29:00,602 [7b6afef0-558a-4ad8-bcfc-b2255c7aee53@group-1A113F53DBAA-LeaderElection20] INFO  server.RaftServerConfigKeys (ConfUtils.java:logGet(46)) - raft.server.watch.element-limit = 65536 (default)
2022-10-28 11:29:00,602 [7b6afef0-558a-4ad8-bcfc-b2255c7aee53@group-1A113F53DBAA-LeaderElection20] INFO  server.RaftServerConfigKeys (ConfUtils.java:logGet(46)) - raft.server.write.element-limit = 1024 (custom)
2022-10-28 11:29:00,602 [7b6afef0-558a-4ad8-bcfc-b2255c7aee53@group-1A113F53DBAA-LeaderElection20] INFO  server.RaftServerConfigKeys (ConfUtils.java:logGet(46)) - raft.server.write.follower.gap.ratio.max = -1.0 (default)
2022-10-28 11:29:00,602 [7b6afef0-558a-4ad8-bcfc-b2255c7aee53@group-1A113F53DBAA-LeaderElection20] INFO  impl.RoleInfo (RoleInfo.java:updateAndGet(139)) - 7b6afef0-558a-4ad8-bcfc-b2255c7aee53: start 7b6afef0-558a-4ad8-bcfc-b2255c7aee53@group-1A113F53DBAA-LeaderStateImpl
2022-10-28 11:29:00,603 [7b6afef0-558a-4ad8-bcfc-b2255c7aee53@group-1A113F53DBAA-LeaderElection20] INFO  segmented.SegmentedRaftLogWorker (SegmentedRaftLogWorker.java:startLogSegment(452)) - 7b6afef0-558a-4ad8-bcfc-b2255c7aee53@group-1A113F53DBAA-SegmentedRaftLogWorker: Starting segment from index:0
2022-10-28 11:29:00,610 [7b6afef0-558a-4ad8-bcfc-b2255c7aee53@group-1A113F53DBAA-LeaderElection20] INFO  server.RaftServer$Division (ServerState.java:setRaftConf(430)) - 7b6afef0-558a-4ad8-bcfc-b2255c7aee53@group-1A113F53DBAA: set configuration 0: peers:[7b6afef0-558a-4ad8-bcfc-b2255c7aee53|rpc:10.1.0.114:46219|dataStream:|priority:1|startupRole:FOLLOWER]|listeners:[], old=null
2022-10-28 11:29:00,611 [7b6afef0-558a-4ad8-bcfc-b2255c7aee53@group-1A113F53DBAA-SegmentedRaftLogWorker] INFO  segmented.SegmentedRaftLogWorker (SegmentedRaftLogWorker.java:execute(656)) - 7b6afef0-558a-4ad8-bcfc-b2255c7aee53@group-1A113F53DBAA-SegmentedRaftLogWorker: created new log segment /home/runner/work/ozone/ozone/hadoop-ozone/integration-test/target/test-dir/MiniOzoneClusterImpl-6ee34448-fbd8-4951-8ae1-d137d06ced7b/datanode-8/data/ratis/9464a134-479a-4e5a-9503-1a113f53dbaa/current/log_inprogress_0
2022-10-28 11:29:00,707 [grpc-default-executor-3] WARN  server.GrpcLogAppender (LogUtils.java:warn(122)) - 0c9bf628-edfc-473a-824e-eb061e1afdb3@group-6EDC1BDBC3EA->1914ef14-e927-4aee-a78a-186b0a6a783b-AppendLogResponseHandler: Failed appendEntries: org.apache.ratis.thirdparty.io.grpc.StatusRuntimeException: UNAVAILABLE: io exception
2022-10-28 11:29:00,708 [grpc-default-executor-3] WARN  server.GrpcLogAppender (GrpcLogAppender.java:resetClient(131)) - 0c9bf628-edfc-473a-824e-eb061e1afdb3@group-6EDC1BDBC3EA->1914ef14-e927-4aee-a78a-186b0a6a783b-GrpcLogAppender: Leader has not got in touch with Follower 0c9bf628-edfc-473a-824e-eb061e1afdb3@group-6EDC1BDBC3EA->1914ef14-e927-4aee-a78a-186b0a6a783b(c0,m0,n1, attendVote=true, lastRpcSendTime=2546, lastRpcResponseTime=2512) yet, just keep nextIndex unchanged and retry.
2022-10-28 11:29:00,709 [grpc-default-executor-3] WARN  server.GrpcLogAppender (LogUtils.java:warn(122)) - 0c9bf628-edfc-473a-824e-eb061e1afdb3@group-6EDC1BDBC3EA->1914ef14-e927-4aee-a78a-186b0a6a783b-AppendLogResponseHandler: Failed appendEntries: org.apache.ratis.thirdparty.io.grpc.StatusRuntimeException: UNAVAILABLE: io exception
2022-10-28 11:29:00,710 [grpc-default-executor-5] WARN  server.GrpcLogAppender (LogUtils.java:warn(122)) - 0c9bf628-edfc-473a-824e-eb061e1afdb3@group-6EDC1BDBC3EA->1914ef14-e927-4aee-a78a-186b0a6a783b-AppendLogResponseHandler: Failed appendEntries: org.apache.ratis.thirdparty.io.grpc.StatusRuntimeException: UNAVAILABLE: io exception
2022-10-28 11:29:00,711 [grpc-default-executor-0] WARN  server.GrpcLogAppender (LogUtils.java:warn(122)) - 0c9bf628-edfc-473a-824e-eb061e1afdb3@group-6EDC1BDBC3EA->1914ef14-e927-4aee-a78a-186b0a6a783b-AppendLogResponseHandler: Failed appendEntries: org.apache.ratis.thirdparty.io.grpc.StatusRuntimeException: UNAVAILABLE: io exception
2022-10-28 11:29:00,712 [grpc-default-executor-3] WARN  server.GrpcLogAppender (GrpcLogAppender.java:resetClient(131)) - 0c9bf628-edfc-473a-824e-eb061e1afdb3@group-6EDC1BDBC3EA->1914ef14-e927-4aee-a78a-186b0a6a783b-GrpcLogAppender: Leader has not got in touch with Follower 0c9bf628-edfc-473a-824e-eb061e1afdb3@group-6EDC1BDBC3EA->1914ef14-e927-4aee-a78a-186b0a6a783b(c0,m0,n1, attendVote=true, lastRpcSendTime=2549, lastRpcResponseTime=2515) yet, just keep nextIndex unchanged and retry.
2022-10-28 11:29:00,712 [grpc-default-executor-5] WARN  server.GrpcLogAppender (GrpcLogAppender.java:resetClient(131)) - 0c9bf628-edfc-473a-824e-eb061e1afdb3@group-6EDC1BDBC3EA->1914ef14-e927-4aee-a78a-186b0a6a783b-GrpcLogAppender: Leader has not got in touch with Follower 0c9bf628-edfc-473a-824e-eb061e1afdb3@group-6EDC1BDBC3EA->1914ef14-e927-4aee-a78a-186b0a6a783b(c0,m0,n1, attendVote=true, lastRpcSendTime=2550, lastRpcResponseTime=2516) yet, just keep nextIndex unchanged and retry.
2022-10-28 11:29:00,713 [grpc-default-executor-0] WARN  server.GrpcLogAppender (GrpcLogAppender.java:resetClient(131)) - 0c9bf628-edfc-473a-824e-eb061e1afdb3@group-6EDC1BDBC3EA->1914ef14-e927-4aee-a78a-186b0a6a783b-GrpcLogAppender: Leader has not got in touch with Follower 0c9bf628-edfc-473a-824e-eb061e1afdb3@group-6EDC1BDBC3EA->1914ef14-e927-4aee-a78a-186b0a6a783b(c0,m0,n1, attendVote=true, lastRpcSendTime=2550, lastRpcResponseTime=2516) yet, just keep nextIndex unchanged and retry.
2022-10-28 11:29:00,714 [grpc-default-executor-3] WARN  server.GrpcLogAppender (LogUtils.java:warn(122)) - 0c9bf628-edfc-473a-824e-eb061e1afdb3@group-6EDC1BDBC3EA->1914ef14-e927-4aee-a78a-186b0a6a783b-AppendLogResponseHandler: Failed appendEntries: org.apache.ratis.thirdparty.io.grpc.StatusRuntimeException: UNAVAILABLE: io exception
2022-10-28 11:29:00,715 [grpc-default-executor-0] WARN  server.GrpcLogAppender (LogUtils.java:warn(122)) - 0c9bf628-edfc-473a-824e-eb061e1afdb3@group-6EDC1BDBC3EA->1914ef14-e927-4aee-a78a-186b0a6a783b-AppendLogResponseHandler: Failed appendEntries: org.apache.ratis.thirdparty.io.grpc.StatusRuntimeException: UNAVAILABLE: io exception
2022-10-28 11:29:00,715 [grpc-default-executor-3] WARN  server.GrpcLogAppender (GrpcLogAppender.java:resetClient(131)) - 0c9bf628-edfc-473a-824e-eb061e1afdb3@group-6EDC1BDBC3EA->1914ef14-e927-4aee-a78a-186b0a6a783b-GrpcLogAppender: Leader has not got in touch with Follower 0c9bf628-edfc-473a-824e-eb061e1afdb3@group-6EDC1BDBC3EA->1914ef14-e927-4aee-a78a-186b0a6a783b(c0,m0,n1, attendVote=true, lastRpcSendTime=2, lastRpcResponseTime=2519) yet, just keep nextIndex unchanged and retry.
2022-10-28 11:29:00,716 [grpc-default-executor-0] WARN  server.GrpcLogAppender (GrpcLogAppender.java:resetClient(131)) - 0c9bf628-edfc-473a-824e-eb061e1afdb3@group-6EDC1BDBC3EA->1914ef14-e927-4aee-a78a-186b0a6a783b-GrpcLogAppender: Leader has not got in touch with Follower 0c9bf628-edfc-473a-824e-eb061e1afdb3@group-6EDC1BDBC3EA->1914ef14-e927-4aee-a78a-186b0a6a783b(c0,m0,n1, attendVote=true, lastRpcSendTime=2, lastRpcResponseTime=2519) yet, just keep nextIndex unchanged and retry.
2022-10-28 11:29:01,091 [af2ba7b3-e3cd-4616-bfee-e743369bcf5a@group-9D4C5A32B7BF-FollowerState] INFO  impl.FollowerState (FollowerState.java:run(143)) - af2ba7b3-e3cd-4616-bfee-e743369bcf5a@group-9D4C5A32B7BF-FollowerState: change to CANDIDATE, lastRpcElapsedTime:5192244326ns, electionTimeout:5191ms
2022-10-28 11:29:01,091 [af2ba7b3-e3cd-4616-bfee-e743369bcf5a@group-9D4C5A32B7BF-FollowerState] INFO  impl.RoleInfo (RoleInfo.java:shutdownFollowerState(110)) - af2ba7b3-e3cd-4616-bfee-e743369bcf5a: shutdown af2ba7b3-e3cd-4616-bfee-e743369bcf5a@group-9D4C5A32B7BF-FollowerState
2022-10-28 11:29:01,091 [af2ba7b3-e3cd-4616-bfee-e743369bcf5a@group-9D4C5A32B7BF-FollowerState] INFO  server.RaftServer$Division (RaftServerImpl.java:setRole(321)) - af2ba7b3-e3cd-4616-bfee-e743369bcf5a@group-9D4C5A32B7BF: changes role from  FOLLOWER to CANDIDATE at term 0 for changeToCandidate
2022-10-28 11:29:01,091 [af2ba7b3-e3cd-4616-bfee-e743369bcf5a@group-9D4C5A32B7BF-FollowerState] INFO  server.RaftServerConfigKeys (ConfUtils.java:logGet(46)) - raft.server.leaderelection.pre-vote = false (custom)
2022-10-28 11:29:01,091 [af2ba7b3-e3cd-4616-bfee-e743369bcf5a@group-9D4C5A32B7BF-FollowerState] INFO  impl.RoleInfo (RoleInfo.java:updateAndGet(139)) - af2ba7b3-e3cd-4616-bfee-e743369bcf5a: start af2ba7b3-e3cd-4616-bfee-e743369bcf5a@group-9D4C5A32B7BF-LeaderElection21
2022-10-28 11:29:01,098 [af2ba7b3-e3cd-4616-bfee-e743369bcf5a@group-9D4C5A32B7BF-LeaderElection21] INFO  impl.LeaderElection (LeaderElection.java:askForVotes(312)) - af2ba7b3-e3cd-4616-bfee-e743369bcf5a@group-9D4C5A32B7BF-LeaderElection21 ELECTION round 0: submit vote requests at term 1 for -1: peers:[af2ba7b3-e3cd-4616-bfee-e743369bcf5a|rpc:10.1.0.114:38029|priority:1|startupRole:FOLLOWER]|listeners:[], old=null
2022-10-28 11:29:01,098 [af2ba7b3-e3cd-4616-bfee-e743369bcf5a@group-9D4C5A32B7BF-LeaderElection21] INFO  impl.LeaderElection (LeaderElection.java:askForVotes(314)) - af2ba7b3-e3cd-4616-bfee-e743369bcf5a@group-9D4C5A32B7BF-LeaderElection21 ELECTION round 0: result PASSED (term=1)
2022-10-28 11:29:01,098 [af2ba7b3-e3cd-4616-bfee-e743369bcf5a@group-9D4C5A32B7BF-LeaderElection21] INFO  impl.RoleInfo (RoleInfo.java:shutdownLeaderElection(130)) - af2ba7b3-e3cd-4616-bfee-e743369bcf5a: shutdown af2ba7b3-e3cd-4616-bfee-e743369bcf5a@group-9D4C5A32B7BF-LeaderElection21
2022-10-28 11:29:01,098 [af2ba7b3-e3cd-4616-bfee-e743369bcf5a@group-9D4C5A32B7BF-LeaderElection21] INFO  server.RaftServer$Division (RaftServerImpl.java:setRole(321)) - af2ba7b3-e3cd-4616-bfee-e743369bcf5a@group-9D4C5A32B7BF: changes role from CANDIDATE to LEADER at term 1 for changeToLeader
2022-10-28 11:29:01,099 [af2ba7b3-e3cd-4616-bfee-e743369bcf5a@group-9D4C5A32B7BF-LeaderElection21] INFO  ratis.XceiverServerRatis (XceiverServerRatis.java:handleLeaderChangedNotification(863)) - Leader change notification received for group: group-9D4C5A32B7BF with new leaderId: af2ba7b3-e3cd-4616-bfee-e743369bcf5a
2022-10-28 11:29:01,099 [af2ba7b3-e3cd-4616-bfee-e743369bcf5a@group-9D4C5A32B7BF-LeaderElection21] INFO  server.RaftServer$Division (ServerState.java:setLeader(313)) - af2ba7b3-e3cd-4616-bfee-e743369bcf5a@group-9D4C5A32B7BF: change Leader from null to af2ba7b3-e3cd-4616-bfee-e743369bcf5a at term 1 for becomeLeader, leader elected after 5213ms
2022-10-28 11:29:01,099 [af2ba7b3-e3cd-4616-bfee-e743369bcf5a@group-9D4C5A32B7BF-LeaderElection21] INFO  server.RaftServerConfigKeys (ConfUtils.java:logGet(46)) - raft.server.staging.catchup.gap = 1000 (default)
2022-10-28 11:29:01,099 [af2ba7b3-e3cd-4616-bfee-e743369bcf5a@group-9D4C5A32B7BF-LeaderElection21] INFO  server.RaftServerConfigKeys (ConfUtils.java:logGet(46)) - raft.server.write.element-limit = 1024 (custom)
2022-10-28 11:29:01,100 [af2ba7b3-e3cd-4616-bfee-e743369bcf5a@group-9D4C5A32B7BF-LeaderElection21] INFO  server.RaftServerConfigKeys (ConfUtils.java:logGet(46)) - raft.server.write.byte-limit = 1024 M (=1073741824) (custom)
2022-10-28 11:29:01,101 [af2ba7b3-e3cd-4616-bfee-e743369bcf5a@group-9D4C5A32B7BF-LeaderElection21] INFO  server.RaftServerConfigKeys (ConfUtils.java:logGet(46)) - raft.server.watch.timeout = 180s (custom)
2022-10-28 11:29:01,101 [af2ba7b3-e3cd-4616-bfee-e743369bcf5a@group-9D4C5A32B7BF-LeaderElection21] INFO  server.RaftServerConfigKeys (ConfUtils.java:logGet(46)) - raft.server.watch.timeout.denomination = 1s (default)
2022-10-28 11:29:01,101 [af2ba7b3-e3cd-4616-bfee-e743369bcf5a@group-9D4C5A32B7BF-LeaderElection21] INFO  server.RaftServerConfigKeys (ConfUtils.java:logGet(46)) - raft.server.watch.element-limit = 65536 (default)
2022-10-28 11:29:01,101 [af2ba7b3-e3cd-4616-bfee-e743369bcf5a@group-9D4C5A32B7BF-LeaderElection21] INFO  server.RaftServerConfigKeys (ConfUtils.java:logGet(46)) - raft.server.write.element-limit = 1024 (custom)
2022-10-28 11:29:01,101 [af2ba7b3-e3cd-4616-bfee-e743369bcf5a@group-9D4C5A32B7BF-LeaderElection21] INFO  server.RaftServerConfigKeys (ConfUtils.java:logGet(46)) - raft.server.write.follower.gap.ratio.max = -1.0 (default)
2022-10-28 11:29:01,101 [af2ba7b3-e3cd-4616-bfee-e743369bcf5a@group-9D4C5A32B7BF-LeaderElection21] INFO  impl.RoleInfo (RoleInfo.java:updateAndGet(139)) - af2ba7b3-e3cd-4616-bfee-e743369bcf5a: start af2ba7b3-e3cd-4616-bfee-e743369bcf5a@group-9D4C5A32B7BF-LeaderStateImpl
2022-10-28 11:29:01,101 [af2ba7b3-e3cd-4616-bfee-e743369bcf5a@group-9D4C5A32B7BF-LeaderElection21] INFO  segmented.SegmentedRaftLogWorker (SegmentedRaftLogWorker.java:startLogSegment(452)) - af2ba7b3-e3cd-4616-bfee-e743369bcf5a@group-9D4C5A32B7BF-SegmentedRaftLogWorker: Starting segment from index:0
2022-10-28 11:29:01,104 [af2ba7b3-e3cd-4616-bfee-e743369bcf5a@group-9D4C5A32B7BF-SegmentedRaftLogWorker] INFO  segmented.SegmentedRaftLogWorker (SegmentedRaftLogWorker.java:execute(656)) - af2ba7b3-e3cd-4616-bfee-e743369bcf5a@group-9D4C5A32B7BF-SegmentedRaftLogWorker: created new log segment /home/runner/work/ozone/ozone/hadoop-ozone/integration-test/target/test-dir/MiniOzoneClusterImpl-6ee34448-fbd8-4951-8ae1-d137d06ced7b/datanode-9/data/ratis/4693b6c8-8f7a-4bca-bf13-9d4c5a32b7bf/current/log_inprogress_0
2022-10-28 11:29:01,109 [af2ba7b3-e3cd-4616-bfee-e743369bcf5a@group-9D4C5A32B7BF-LeaderElection21] INFO  server.RaftServer$Division (ServerState.java:setRaftConf(430)) - af2ba7b3-e3cd-4616-bfee-e743369bcf5a@group-9D4C5A32B7BF: set configuration 0: peers:[af2ba7b3-e3cd-4616-bfee-e743369bcf5a|rpc:10.1.0.114:38029|dataStream:|priority:1|startupRole:FOLLOWER]|listeners:[], old=null
2022-10-28 11:29:01,964 [grpc-default-executor-0] WARN  server.GrpcLogAppender (LogUtils.java:warn(122)) - 0c9bf628-edfc-473a-824e-eb061e1afdb3@group-6EDC1BDBC3EA->1914ef14-e927-4aee-a78a-186b0a6a783b-AppendLogResponseHandler: Failed appendEntries: org.apache.ratis.thirdparty.io.grpc.StatusRuntimeException: UNAVAILABLE: io exception
2022-10-28 11:29:01,964 [grpc-default-executor-3] WARN  server.GrpcLogAppender (LogUtils.java:warn(122)) - 0c9bf628-edfc-473a-824e-eb061e1afdb3@group-6EDC1BDBC3EA->1914ef14-e927-4aee-a78a-186b0a6a783b-AppendLogResponseHandler: Failed appendEntries: org.apache.ratis.thirdparty.io.grpc.StatusRuntimeException: UNAVAILABLE: io exception
2022-10-28 11:29:01,965 [grpc-default-executor-0] WARN  server.GrpcLogAppender (GrpcLogAppender.java:resetClient(131)) - 0c9bf628-edfc-473a-824e-eb061e1afdb3@group-6EDC1BDBC3EA->1914ef14-e927-4aee-a78a-186b0a6a783b-GrpcLogAppender: Leader has not got in touch with Follower 0c9bf628-edfc-473a-824e-eb061e1afdb3@group-6EDC1BDBC3EA->1914ef14-e927-4aee-a78a-186b0a6a783b(c0,m0,n1, attendVote=true, lastRpcSendTime=0, lastRpcResponseTime=3768) yet, just keep nextIndex unchanged and retry.
2022-10-28 11:29:01,965 [grpc-default-executor-3] WARN  server.GrpcLogAppender (GrpcLogAppender.java:resetClient(131)) - 0c9bf628-edfc-473a-824e-eb061e1afdb3@group-6EDC1BDBC3EA->1914ef14-e927-4aee-a78a-186b0a6a783b-GrpcLogAppender: Leader has not got in touch with Follower 0c9bf628-edfc-473a-824e-eb061e1afdb3@group-6EDC1BDBC3EA->1914ef14-e927-4aee-a78a-186b0a6a783b(c0,m0,n1, attendVote=true, lastRpcSendTime=1, lastRpcResponseTime=3768) yet, just keep nextIndex unchanged and retry.
2022-10-28 11:29:02,401 [Listener at 127.0.0.1/42141] INFO  utils.BackgroundService (BackgroundService.java:shutdown(141)) - Shutting down service BlockDeletingService
2022-10-28 11:29:02,402 [Listener at 127.0.0.1/42141] INFO  utils.BackgroundService (BackgroundService.java:shutdown(141)) - Shutting down service StaleRecoveringContainerScrubbingService
2022-10-28 11:29:02,405 [Listener at 127.0.0.1/42141] INFO  statemachine.DatanodeStateMachine (DatanodeStateMachine.java:stopDaemon(593)) - Ozone container server stopped.
2022-10-28 11:29:02,417 [Listener at 127.0.0.1/42141] INFO  handler.ContextHandler (ContextHandler.java:doStop(1159)) - Stopped o.e.j.w.WebAppContext@30a56cce{hddsDatanode,/,null,STOPPED}{jar:file:/home/runner/.m2/repository/org/apache/ozone/hdds-container-service/1.3.0-SNAPSHOT/hdds-container-service-1.3.0-SNAPSHOT.jar!/webapps/hddsDatanode}
2022-10-28 11:29:02,421 [Listener at 127.0.0.1/42141] INFO  server.AbstractConnector (AbstractConnector.java:doStop(383)) - Stopped ServerConnector@3f559822{HTTP/1.1, (http/1.1)}{0.0.0.0:0}
2022-10-28 11:29:02,422 [Listener at 127.0.0.1/42141] INFO  server.session (HouseKeeper.java:stopScavenging(149)) - node0 Stopped scavenging
2022-10-28 11:29:02,422 [Listener at 127.0.0.1/42141] INFO  handler.ContextHandler (ContextHandler.java:doStop(1159)) - Stopped o.e.j.s.ServletContextHandler@71d0240d{static,/static,jar:file:/home/runner/.m2/repository/org/apache/ozone/hdds-container-service/1.3.0-SNAPSHOT/hdds-container-service-1.3.0-SNAPSHOT.jar!/webapps/static,STOPPED}
2022-10-28 11:29:02,429 [Listener at 127.0.0.1/42141] INFO  handler.ContextHandler (ContextHandler.java:doStop(1159)) - Stopped o.e.j.s.ServletContextHandler@6c790029{logs,/logs,file:///home/runner/work/ozone/ozone/hadoop-ozone/integration-test/target/log,STOPPED}
2022-10-28 11:29:03,209 [EventQueue-StaleNodeForStaleNodeHandler] INFO  node.StaleNodeHandler (StaleNodeHandler.java:onMessage(59)) - Datanode 1914ef14-e927-4aee-a78a-186b0a6a783b{ip: 10.1.0.114, host: fv-az700-396.2bpskmoaobnu3eckqg1qau4u2h.cx.internal.cloudapp.net, ports: [REPLICATION=35893, RATIS=45645, RATIS_ADMIN=45645, RATIS_SERVER=45645, STANDALONE=45051], networkLocation: /default-rack, certSerialId: null, persistedOpState: IN_SERVICE, persistedOpStateExpiryEpochSec: 0} moved to stale state. Finalizing its pipelines [PipelineID=7b572f3d-fa43-4e84-bbda-6edc1bdbc3ea, PipelineID=5a3b75ed-3317-4e5a-8144-5fb5bb86da21, PipelineID=b4fde80e-a0c3-4b83-b7a1-a78ad6744e82, PipelineID=a4cea835-1fa5-4d69-8b7a-b457e25cd9b9]
2022-10-28 11:29:03,210 [EventQueue-StaleNodeForStaleNodeHandler] INFO  pipeline.PipelineManagerImpl (PipelineManagerImpl.java:closePipeline(442)) - Pipeline Pipeline[ Id: 7b572f3d-fa43-4e84-bbda-6edc1bdbc3ea, Nodes: 1914ef14-e927-4aee-a78a-186b0a6a783b{ip: 10.1.0.114, host: fv-az700-396.2bpskmoaobnu3eckqg1qau4u2h.cx.internal.cloudapp.net, ports: [REPLICATION=35893, RATIS=45645, RATIS_ADMIN=45645, RATIS_SERVER=45645, STANDALONE=45051], networkLocation: /default-rack, certSerialId: null, persistedOpState: IN_SERVICE, persistedOpStateExpiryEpochSec: 0}4117c80f-d61a-41ff-a958-d6b4139221af{ip: 10.1.0.114, host: fv-az700-396.2bpskmoaobnu3eckqg1qau4u2h.cx.internal.cloudapp.net, ports: [REPLICATION=35693, RATIS=40159, RATIS_ADMIN=40159, RATIS_SERVER=40159, STANDALONE=37773], networkLocation: /default-rack, certSerialId: null, persistedOpState: IN_SERVICE, persistedOpStateExpiryEpochSec: 0}0c9bf628-edfc-473a-824e-eb061e1afdb3{ip: 10.1.0.114, host: fv-az700-396.2bpskmoaobnu3eckqg1qau4u2h.cx.internal.cloudapp.net, ports: [REPLICATION=41411, RATIS=43977, RATIS_ADMIN=43977, RATIS_SERVER=43977, STANDALONE=38459], networkLocation: /default-rack, certSerialId: null, persistedOpState: IN_SERVICE, persistedOpStateExpiryEpochSec: 0}, ReplicationConfig: RATIS/THREE, State:OPEN, leaderId:0c9bf628-edfc-473a-824e-eb061e1afdb3, CreationTimestamp2022-10-28T11:28:50.585Z[Etc/UTC]] moved to CLOSED state
2022-10-28 11:29:03,213 [EventQueue-StaleNodeForStaleNodeHandler] INFO  pipeline.PipelineManagerImpl (PipelineManagerImpl.java:closePipeline(442)) - Pipeline Pipeline[ Id: 5a3b75ed-3317-4e5a-8144-5fb5bb86da21, Nodes: 1914ef14-e927-4aee-a78a-186b0a6a783b{ip: 10.1.0.114, host: fv-az700-396.2bpskmoaobnu3eckqg1qau4u2h.cx.internal.cloudapp.net, ports: [REPLICATION=35893, RATIS=45645, RATIS_ADMIN=45645, RATIS_SERVER=45645, STANDALONE=45051], networkLocation: /default-rack, certSerialId: null, persistedOpState: IN_SERVICE, persistedOpStateExpiryEpochSec: 0}, ReplicationConfig: RATIS/ONE, State:OPEN, leaderId:1914ef14-e927-4aee-a78a-186b0a6a783b, CreationTimestamp2022-10-28T11:28:50.180Z[Etc/UTC]] moved to CLOSED state
2022-10-28 11:29:03,214 [grpc-default-executor-3] WARN  server.GrpcLogAppender (LogUtils.java:warn(122)) - 0c9bf628-edfc-473a-824e-eb061e1afdb3@group-6EDC1BDBC3EA->1914ef14-e927-4aee-a78a-186b0a6a783b-AppendLogResponseHandler: Failed appendEntries: org.apache.ratis.thirdparty.io.grpc.StatusRuntimeException: UNAVAILABLE: io exception
2022-10-28 11:29:03,215 [grpc-default-executor-3] WARN  server.GrpcLogAppender (GrpcLogAppender.java:resetClient(131)) - 0c9bf628-edfc-473a-824e-eb061e1afdb3@group-6EDC1BDBC3EA->1914ef14-e927-4aee-a78a-186b0a6a783b-GrpcLogAppender: Leader has not got in touch with Follower 0c9bf628-edfc-473a-824e-eb061e1afdb3@group-6EDC1BDBC3EA->1914ef14-e927-4aee-a78a-186b0a6a783b(c0,m0,n1, attendVote=true, lastRpcSendTime=0, lastRpcResponseTime=5018) yet, just keep nextIndex unchanged and retry.
2022-10-28 11:29:03,220 [grpc-default-executor-0] WARN  server.GrpcLogAppender (LogUtils.java:warn(122)) - 0c9bf628-edfc-473a-824e-eb061e1afdb3@group-6EDC1BDBC3EA->1914ef14-e927-4aee-a78a-186b0a6a783b-AppendLogResponseHandler: Failed appendEntries: org.apache.ratis.thirdparty.io.grpc.StatusRuntimeException: UNAVAILABLE: io exception
2022-10-28 11:29:03,220 [grpc-default-executor-0] WARN  server.GrpcLogAppender (GrpcLogAppender.java:resetClient(131)) - 0c9bf628-edfc-473a-824e-eb061e1afdb3@group-6EDC1BDBC3EA->1914ef14-e927-4aee-a78a-186b0a6a783b-GrpcLogAppender: Leader has not got in touch with Follower 0c9bf628-edfc-473a-824e-eb061e1afdb3@group-6EDC1BDBC3EA->1914ef14-e927-4aee-a78a-186b0a6a783b(c0,m0,n1, attendVote=true, lastRpcSendTime=6, lastRpcResponseTime=5023) yet, just keep nextIndex unchanged and retry.
2022-10-28 11:29:03,223 [EventQueue-StaleNodeForStaleNodeHandler] INFO  pipeline.PipelineManagerImpl (PipelineManagerImpl.java:closeContainersForPipeline(421)) - Container #1 closed for pipeline=PipelineID=b4fde80e-a0c3-4b83-b7a1-a78ad6744e82
2022-10-28 11:29:03,223 [EventQueue-StaleNodeForStaleNodeHandler] INFO  pipeline.PipelineManagerImpl (PipelineManagerImpl.java:closePipeline(442)) - Pipeline Pipeline[ Id: b4fde80e-a0c3-4b83-b7a1-a78ad6744e82, Nodes: 1914ef14-e927-4aee-a78a-186b0a6a783b{ip: 10.1.0.114, host: fv-az700-396.2bpskmoaobnu3eckqg1qau4u2h.cx.internal.cloudapp.net, ports: [REPLICATION=35893, RATIS=45645, RATIS_ADMIN=45645, RATIS_SERVER=45645, STANDALONE=45051], networkLocation: /default-rack, certSerialId: null, persistedOpState: null, persistedOpStateExpiryEpochSec: 0}9d921ae2-dac8-442e-8311-fdc102c02170{ip: 10.1.0.114, host: fv-az700-396.2bpskmoaobnu3eckqg1qau4u2h.cx.internal.cloudapp.net, ports: [REPLICATION=43103, RATIS=43349, RATIS_ADMIN=43349, RATIS_SERVER=43349, STANDALONE=36881], networkLocation: /default-rack, certSerialId: null, persistedOpState: null, persistedOpStateExpiryEpochSec: 0}7b6afef0-558a-4ad8-bcfc-b2255c7aee53{ip: 10.1.0.114, host: fv-az700-396.2bpskmoaobnu3eckqg1qau4u2h.cx.internal.cloudapp.net, ports: [REPLICATION=33197, RATIS=46219, RATIS_ADMIN=46219, RATIS_SERVER=46219, STANDALONE=34013], networkLocation: /default-rack, certSerialId: null, persistedOpState: null, persistedOpStateExpiryEpochSec: 0}aa3e6641-ac34-45f8-85b4-6614ff527932{ip: 10.1.0.114, host: fv-az700-396.2bpskmoaobnu3eckqg1qau4u2h.cx.internal.cloudapp.net, ports: [REPLICATION=45831, RATIS=40629, RATIS_ADMIN=40629, RATIS_SERVER=40629, STANDALONE=33397], networkLocation: /default-rack, certSerialId: null, persistedOpState: null, persistedOpStateExpiryEpochSec: 0}4117c80f-d61a-41ff-a958-d6b4139221af{ip: 10.1.0.114, host: fv-az700-396.2bpskmoaobnu3eckqg1qau4u2h.cx.internal.cloudapp.net, ports: [REPLICATION=35693, RATIS=40159, RATIS_ADMIN=40159, RATIS_SERVER=40159, STANDALONE=37773], networkLocation: /default-rack, certSerialId: null, persistedOpState: null, persistedOpStateExpiryEpochSec: 0}, ReplicationConfig: EC/ECReplicationConfig{data=3, parity=2, ecChunkSize=1024, codec=rs}, State:OPEN, leaderId:, CreationTimestamp2022-10-28T11:28:59.629Z[Etc/UTC]] moved to CLOSED state
2022-10-28 11:29:03,224 [EventQueue-StaleNodeForStaleNodeHandler] INFO  pipeline.PipelineManagerImpl (PipelineManagerImpl.java:closePipeline(442)) - Pipeline Pipeline[ Id: a4cea835-1fa5-4d69-8b7a-b457e25cd9b9, Nodes: 4117c80f-d61a-41ff-a958-d6b4139221af{ip: 10.1.0.114, host: fv-az700-396.2bpskmoaobnu3eckqg1qau4u2h.cx.internal.cloudapp.net, ports: [REPLICATION=35693, RATIS=40159, RATIS_ADMIN=40159, RATIS_SERVER=40159, STANDALONE=37773], networkLocation: /default-rack, certSerialId: null, persistedOpState: IN_SERVICE, persistedOpStateExpiryEpochSec: 0}0c9bf628-edfc-473a-824e-eb061e1afdb3{ip: 10.1.0.114, host: fv-az700-396.2bpskmoaobnu3eckqg1qau4u2h.cx.internal.cloudapp.net, ports: [REPLICATION=41411, RATIS=43977, RATIS_ADMIN=43977, RATIS_SERVER=43977, STANDALONE=38459], networkLocation: /default-rack, certSerialId: null, persistedOpState: IN_SERVICE, persistedOpStateExpiryEpochSec: 0}1914ef14-e927-4aee-a78a-186b0a6a783b{ip: 10.1.0.114, host: fv-az700-396.2bpskmoaobnu3eckqg1qau4u2h.cx.internal.cloudapp.net, ports: [REPLICATION=35893, RATIS=45645, RATIS_ADMIN=45645, RATIS_SERVER=45645, STANDALONE=45051], networkLocation: /default-rack, certSerialId: null, persistedOpState: IN_SERVICE, persistedOpStateExpiryEpochSec: 0}, ReplicationConfig: RATIS/THREE, State:ALLOCATED, leaderId:, CreationTimestamp2022-10-28T11:28:50.587Z[Etc/UTC]] moved to CLOSED state
2022-10-28 11:29:03,224 [EventQueue-CloseContainerForCloseContainerEventHandler] INFO  container.CloseContainerEventHandler (CloseContainerEventHandler.java:onMessage(71)) - Close container Event triggered for container : #1
2022-10-28 11:29:03,770 [4117c80f-d61a-41ff-a958-d6b4139221af@group-B457E25CD9B9-FollowerState] INFO  server.RaftServerConfigKeys (ConfUtils.java:logFallback(53)) - raft.server.rpc.first-election.timeout.min = 5s (fallback to raft.server.rpc.timeout.min)
2022-10-28 11:29:03,771 [4117c80f-d61a-41ff-a958-d6b4139221af@group-B457E25CD9B9-FollowerState] INFO  server.RaftServerConfigKeys (ConfUtils.java:logFallback(53)) - raft.server.rpc.first-election.timeout.max = 5200ms (fallback to raft.server.rpc.timeout.max)
2022-10-28 11:29:03,835 [0c9bf628-edfc-473a-824e-eb061e1afdb3@group-B457E25CD9B9-FollowerState] INFO  impl.FollowerState (FollowerState.java:run(143)) - 0c9bf628-edfc-473a-824e-eb061e1afdb3@group-B457E25CD9B9-FollowerState: change to CANDIDATE, lastRpcElapsedTime:5129728333ns, electionTimeout:5124ms
2022-10-28 11:29:03,835 [0c9bf628-edfc-473a-824e-eb061e1afdb3@group-B457E25CD9B9-FollowerState] INFO  impl.RoleInfo (RoleInfo.java:shutdownFollowerState(110)) - 0c9bf628-edfc-473a-824e-eb061e1afdb3: shutdown 0c9bf628-edfc-473a-824e-eb061e1afdb3@group-B457E25CD9B9-FollowerState
2022-10-28 11:29:03,835 [0c9bf628-edfc-473a-824e-eb061e1afdb3@group-B457E25CD9B9-FollowerState] INFO  server.RaftServer$Division (RaftServerImpl.java:setRole(321)) - 0c9bf628-edfc-473a-824e-eb061e1afdb3@group-B457E25CD9B9: changes role from  FOLLOWER to CANDIDATE at term 1 for changeToCandidate
2022-10-28 11:29:03,835 [0c9bf628-edfc-473a-824e-eb061e1afdb3@group-B457E25CD9B9-FollowerState] INFO  server.RaftServerConfigKeys (ConfUtils.java:logGet(46)) - raft.server.leaderelection.pre-vote = false (custom)
2022-10-28 11:29:03,835 [0c9bf628-edfc-473a-824e-eb061e1afdb3@group-B457E25CD9B9-FollowerState] INFO  impl.RoleInfo (RoleInfo.java:updateAndGet(139)) - 0c9bf628-edfc-473a-824e-eb061e1afdb3: start 0c9bf628-edfc-473a-824e-eb061e1afdb3@group-B457E25CD9B9-LeaderElection22
2022-10-28 11:29:03,837 [0c9bf628-edfc-473a-824e-eb061e1afdb3@group-B457E25CD9B9-LeaderElection22] INFO  impl.LeaderElection (LeaderElection.java:askForVotes(312)) - 0c9bf628-edfc-473a-824e-eb061e1afdb3@group-B457E25CD9B9-LeaderElection22 ELECTION round 0: submit vote requests at term 2 for -1: peers:[1914ef14-e927-4aee-a78a-186b0a6a783b|rpc:10.1.0.114:45645|priority:1|startupRole:FOLLOWER, 4117c80f-d61a-41ff-a958-d6b4139221af|rpc:10.1.0.114:40159|priority:0|startupRole:FOLLOWER, 0c9bf628-edfc-473a-824e-eb061e1afdb3|rpc:10.1.0.114:43977|priority:0|startupRole:FOLLOWER]|listeners:[], old=null
2022-10-28 11:29:03,838 [0c9bf628-edfc-473a-824e-eb061e1afdb3@group-B457E25CD9B9-LeaderElection22] INFO  server.RaftServerConfigKeys (ConfUtils.java:logFallback(53)) - raft.server.rpc.first-election.timeout.min = 5s (fallback to raft.server.rpc.timeout.min)
2022-10-28 11:29:03,838 [0c9bf628-edfc-473a-824e-eb061e1afdb3@group-B457E25CD9B9-LeaderElection22] INFO  server.RaftServerConfigKeys (ConfUtils.java:logFallback(53)) - raft.server.rpc.first-election.timeout.max = 5200ms (fallback to raft.server.rpc.timeout.max)
2022-10-28 11:29:03,839 [0c9bf628-edfc-473a-824e-eb061e1afdb3@group-B457E25CD9B9-LeaderElection22] INFO  impl.LeaderElection (LogUtils.java:infoOrTrace(137)) - 0c9bf628-edfc-473a-824e-eb061e1afdb3@group-B457E25CD9B9-LeaderElection22 got exception when requesting votes: java.util.concurrent.ExecutionException: org.apache.ratis.thirdparty.io.grpc.StatusRuntimeException: UNAVAILABLE: io exception
2022-10-28 11:29:03,841 [grpc-default-executor-0] INFO  server.RaftServer$Division (RaftServerImpl.java:requestVote(1218)) - 4117c80f-d61a-41ff-a958-d6b4139221af@group-B457E25CD9B9: receive requestVote(ELECTION, 0c9bf628-edfc-473a-824e-eb061e1afdb3, group-B457E25CD9B9, 2, (t:0, i:0))
2022-10-28 11:29:03,842 [grpc-default-executor-0] INFO  impl.VoteContext (VoteContext.java:log(48)) - 4117c80f-d61a-41ff-a958-d6b4139221af@group-B457E25CD9B9-FOLLOWER: accept ELECTION from 0c9bf628-edfc-473a-824e-eb061e1afdb3: our priority 0 <= candidate's priority 0
2022-10-28 11:29:03,842 [grpc-default-executor-0] INFO  server.RaftServer$Division (RaftServerImpl.java:setRole(321)) - 4117c80f-d61a-41ff-a958-d6b4139221af@group-B457E25CD9B9: changes role from  FOLLOWER to FOLLOWER at term 2 for candidate:0c9bf628-edfc-473a-824e-eb061e1afdb3
2022-10-28 11:29:03,842 [grpc-default-executor-0] INFO  impl.RoleInfo (RoleInfo.java:shutdownFollowerState(110)) - 4117c80f-d61a-41ff-a958-d6b4139221af: shutdown 4117c80f-d61a-41ff-a958-d6b4139221af@group-B457E25CD9B9-FollowerState
2022-10-28 11:29:03,842 [grpc-default-executor-0] INFO  impl.RoleInfo (RoleInfo.java:updateAndGet(139)) - 4117c80f-d61a-41ff-a958-d6b4139221af: start 4117c80f-d61a-41ff-a958-d6b4139221af@group-B457E25CD9B9-FollowerState
2022-10-28 11:29:03,842 [4117c80f-d61a-41ff-a958-d6b4139221af@group-B457E25CD9B9-FollowerState] INFO  impl.FollowerState (FollowerState.java:run(152)) - 4117c80f-d61a-41ff-a958-d6b4139221af@group-B457E25CD9B9-FollowerState was interrupted
2022-10-28 11:29:03,844 [grpc-default-executor-0] INFO  server.RaftServer$Division (RaftServerImpl.java:requestVote(1251)) - 4117c80f-d61a-41ff-a958-d6b4139221af@group-B457E25CD9B9 replies to ELECTION vote request: 0c9bf628-edfc-473a-824e-eb061e1afdb3<-4117c80f-d61a-41ff-a958-d6b4139221af#0:OK-t2. Peer's state: 4117c80f-d61a-41ff-a958-d6b4139221af@group-B457E25CD9B9:t2, leader=null, voted=0c9bf628-edfc-473a-824e-eb061e1afdb3, raftlog=Memoized:4117c80f-d61a-41ff-a958-d6b4139221af@group-B457E25CD9B9-SegmentedRaftLog:OPENED:c-1, conf=-1: peers:[1914ef14-e927-4aee-a78a-186b0a6a783b|rpc:10.1.0.114:45645|dataStream:|priority:1|startupRole:FOLLOWER, 4117c80f-d61a-41ff-a958-d6b4139221af|rpc:10.1.0.114:40159|dataStream:|priority:0|startupRole:FOLLOWER, 0c9bf628-edfc-473a-824e-eb061e1afdb3|rpc:10.1.0.114:43977|dataStream:|priority:0|startupRole:FOLLOWER]|listeners:[], old=null
2022-10-28 11:29:03,845 [0c9bf628-edfc-473a-824e-eb061e1afdb3@group-B457E25CD9B9-LeaderElection22] INFO  impl.LeaderElection (LeaderElection.java:logAndReturn(90)) - 0c9bf628-edfc-473a-824e-eb061e1afdb3@group-B457E25CD9B9-LeaderElection22: ELECTION PASSED received 1 response(s) and 1 exception(s):
2022-10-28 11:29:03,845 [0c9bf628-edfc-473a-824e-eb061e1afdb3@group-B457E25CD9B9-LeaderElection22] INFO  impl.LeaderElection (LeaderElection.java:logAndReturn(94)) -   Response 0: 0c9bf628-edfc-473a-824e-eb061e1afdb3<-4117c80f-d61a-41ff-a958-d6b4139221af#0:OK-t2
2022-10-28 11:29:03,845 [0c9bf628-edfc-473a-824e-eb061e1afdb3@group-B457E25CD9B9-LeaderElection22] INFO  impl.LeaderElection (LogUtils.java:infoOrTrace(137)) -   Exception 1: java.util.concurrent.ExecutionException: org.apache.ratis.thirdparty.io.grpc.StatusRuntimeException: UNAVAILABLE: io exception
2022-10-28 11:29:03,845 [0c9bf628-edfc-473a-824e-eb061e1afdb3@group-B457E25CD9B9-LeaderElection22] INFO  impl.LeaderElection (LeaderElection.java:askForVotes(314)) - 0c9bf628-edfc-473a-824e-eb061e1afdb3@group-B457E25CD9B9-LeaderElection22 ELECTION round 0: result PASSED
2022-10-28 11:29:03,845 [0c9bf628-edfc-473a-824e-eb061e1afdb3@group-B457E25CD9B9-LeaderElection22] INFO  impl.RoleInfo (RoleInfo.java:shutdownLeaderElection(130)) - 0c9bf628-edfc-473a-824e-eb061e1afdb3: shutdown 0c9bf628-edfc-473a-824e-eb061e1afdb3@group-B457E25CD9B9-LeaderElection22
2022-10-28 11:29:03,846 [0c9bf628-edfc-473a-824e-eb061e1afdb3@group-B457E25CD9B9-LeaderElection22] INFO  server.RaftServer$Division (RaftServerImpl.java:setRole(321)) - 0c9bf628-edfc-473a-824e-eb061e1afdb3@group-B457E25CD9B9: changes role from CANDIDATE to LEADER at term 2 for changeToLeader
2022-10-28 11:29:03,846 [0c9bf628-edfc-473a-824e-eb061e1afdb3@group-B457E25CD9B9-LeaderElection22] INFO  ratis.XceiverServerRatis (XceiverServerRatis.java:handleLeaderChangedNotification(863)) - Leader change notification received for group: group-B457E25CD9B9 with new leaderId: 0c9bf628-edfc-473a-824e-eb061e1afdb3
2022-10-28 11:29:03,846 [0c9bf628-edfc-473a-824e-eb061e1afdb3@group-B457E25CD9B9-LeaderElection22] INFO  server.RaftServer$Division (ServerState.java:setLeader(313)) - 0c9bf628-edfc-473a-824e-eb061e1afdb3@group-B457E25CD9B9: change Leader from null to 0c9bf628-edfc-473a-824e-eb061e1afdb3 at term 2 for becomeLeader, leader elected after 10367ms
2022-10-28 11:29:03,846 [0c9bf628-edfc-473a-824e-eb061e1afdb3@group-B457E25CD9B9-LeaderElection22] INFO  server.RaftServerConfigKeys (ConfUtils.java:logGet(46)) - raft.server.staging.catchup.gap = 1000 (default)
2022-10-28 11:29:03,846 [0c9bf628-edfc-473a-824e-eb061e1afdb3@group-B457E25CD9B9-LeaderElection22] INFO  server.RaftServerConfigKeys (ConfUtils.java:logGet(46)) - raft.server.write.element-limit = 1024 (custom)
2022-10-28 11:29:03,846 [0c9bf628-edfc-473a-824e-eb061e1afdb3@group-B457E25CD9B9-LeaderElection22] INFO  server.RaftServerConfigKeys (ConfUtils.java:logGet(46)) - raft.server.write.byte-limit = 1024 M (=1073741824) (custom)
2022-10-28 11:29:03,846 [0c9bf628-edfc-473a-824e-eb061e1afdb3@group-B457E25CD9B9-LeaderElection22] INFO  server.RaftServerConfigKeys (ConfUtils.java:logGet(46)) - raft.server.watch.timeout = 180s (custom)
2022-10-28 11:29:03,846 [0c9bf628-edfc-473a-824e-eb061e1afdb3@group-B457E25CD9B9-LeaderElection22] INFO  server.RaftServerConfigKeys (ConfUtils.java:logGet(46)) - raft.server.watch.timeout.denomination = 1s (default)
2022-10-28 11:29:03,846 [0c9bf628-edfc-473a-824e-eb061e1afdb3@group-B457E25CD9B9-LeaderElection22] INFO  server.RaftServerConfigKeys (ConfUtils.java:logGet(46)) - raft.server.watch.element-limit = 65536 (default)
2022-10-28 11:29:03,846 [0c9bf628-edfc-473a-824e-eb061e1afdb3@group-B457E25CD9B9-LeaderElection22] INFO  server.RaftServerConfigKeys (ConfUtils.java:logGet(46)) - raft.server.write.element-limit = 1024 (custom)
2022-10-28 11:29:03,846 [0c9bf628-edfc-473a-824e-eb061e1afdb3@group-B457E25CD9B9-LeaderElection22] INFO  server.RaftServerConfigKeys (ConfUtils.java:logGet(46)) - raft.server.write.follower.gap.ratio.max = -1.0 (default)
2022-10-28 11:29:03,847 [0c9bf628-edfc-473a-824e-eb061e1afdb3@group-B457E25CD9B9-LeaderElection22] INFO  server.RaftServerConfigKeys (ConfUtils.java:logGet(46)) - raft.server.log.appender.snapshot.chunk.size.max = 16MB (=16777216) (default)
2022-10-28 11:29:03,847 [0c9bf628-edfc-473a-824e-eb061e1afdb3@group-B457E25CD9B9-LeaderElection22] INFO  server.RaftServerConfigKeys (ConfUtils.java:logGet(46)) - raft.server.log.appender.buffer.byte-limit = 33554432 (custom)
2022-10-28 11:29:03,847 [0c9bf628-edfc-473a-824e-eb061e1afdb3@group-B457E25CD9B9-LeaderElection22] INFO  server.RaftServerConfigKeys (ConfUtils.java:logGet(46)) - raft.server.log.appender.buffer.element-limit = 1 (custom)
2022-10-28 11:29:03,847 [0c9bf628-edfc-473a-824e-eb061e1afdb3@group-B457E25CD9B9-LeaderElection22] INFO  grpc.GrpcConfigKeys (ConfUtils.java:logGet(46)) - raft.grpc.server.leader.outstanding.appends.max = 128 (default)
2022-10-28 11:29:03,847 [0c9bf628-edfc-473a-824e-eb061e1afdb3@group-B457E25CD9B9-LeaderElection22] INFO  server.RaftServerConfigKeys (ConfUtils.java:logGet(46)) - raft.server.rpc.request.timeout = 60s (custom)
2022-10-28 11:29:03,847 [0c9bf628-edfc-473a-824e-eb061e1afdb3@group-B457E25CD9B9-LeaderElection22] INFO  server.RaftServerConfigKeys (ConfUtils.java:logGet(46)) - raft.server.log.appender.install.snapshot.enabled = false (custom)
2022-10-28 11:29:03,847 [0c9bf628-edfc-473a-824e-eb061e1afdb3@group-B457E25CD9B9-LeaderElection22] INFO  grpc.GrpcConfigKeys (ConfUtils.java:logGet(46)) - raft.grpc.server.heartbeat.channel = true (default)
2022-10-28 11:29:03,847 [0c9bf628-edfc-473a-824e-eb061e1afdb3@group-B457E25CD9B9-LeaderElection22] INFO  server.RaftServerConfigKeys (ConfUtils.java:logGet(46)) - raft.server.log.appender.wait-time.min = 10ms (default)
2022-10-28 11:29:03,848 [0c9bf628-edfc-473a-824e-eb061e1afdb3@group-B457E25CD9B9-LeaderElection22] INFO  server.RaftServerConfigKeys (ConfUtils.java:logGet(46)) - raft.server.log.appender.snapshot.chunk.size.max = 16MB (=16777216) (default)
2022-10-28 11:29:03,848 [0c9bf628-edfc-473a-824e-eb061e1afdb3@group-B457E25CD9B9-LeaderElection22] INFO  server.RaftServerConfigKeys (ConfUtils.java:logGet(46)) - raft.server.log.appender.buffer.byte-limit = 33554432 (custom)
2022-10-28 11:29:03,848 [0c9bf628-edfc-473a-824e-eb061e1afdb3@group-B457E25CD9B9-LeaderElection22] INFO  server.RaftServerConfigKeys (ConfUtils.java:logGet(46)) - raft.server.log.appender.buffer.element-limit = 1 (custom)
2022-10-28 11:29:03,848 [0c9bf628-edfc-473a-824e-eb061e1afdb3@group-B457E25CD9B9-LeaderElection22] INFO  grpc.GrpcConfigKeys (ConfUtils.java:logGet(46)) - raft.grpc.server.leader.outstanding.appends.max = 128 (default)
2022-10-28 11:29:03,848 [0c9bf628-edfc-473a-824e-eb061e1afdb3@group-B457E25CD9B9-LeaderElection22] INFO  server.RaftServerConfigKeys (ConfUtils.java:logGet(46)) - raft.server.rpc.request.timeout = 60s (custom)
2022-10-28 11:29:03,848 [0c9bf628-edfc-473a-824e-eb061e1afdb3@group-B457E25CD9B9-LeaderElection22] INFO  server.RaftServerConfigKeys (ConfUtils.java:logGet(46)) - raft.server.log.appender.install.snapshot.enabled = false (custom)
2022-10-28 11:29:03,848 [0c9bf628-edfc-473a-824e-eb061e1afdb3@group-B457E25CD9B9-LeaderElection22] INFO  grpc.GrpcConfigKeys (ConfUtils.java:logGet(46)) - raft.grpc.server.heartbeat.channel = true (default)
2022-10-28 11:29:03,848 [0c9bf628-edfc-473a-824e-eb061e1afdb3@group-B457E25CD9B9-LeaderElection22] INFO  server.RaftServerConfigKeys (ConfUtils.java:logGet(46)) - raft.server.log.appender.wait-time.min = 10ms (default)
2022-10-28 11:29:03,848 [0c9bf628-edfc-473a-824e-eb061e1afdb3@group-B457E25CD9B9-LeaderElection22] INFO  impl.RoleInfo (RoleInfo.java:updateAndGet(139)) - 0c9bf628-edfc-473a-824e-eb061e1afdb3: start 0c9bf628-edfc-473a-824e-eb061e1afdb3@group-B457E25CD9B9-LeaderStateImpl
2022-10-28 11:29:03,849 [0c9bf628-edfc-473a-824e-eb061e1afdb3@group-B457E25CD9B9-LeaderElection22] INFO  segmented.SegmentedRaftLogWorker (SegmentedRaftLogWorker.java:startLogSegment(452)) - 0c9bf628-edfc-473a-824e-eb061e1afdb3@group-B457E25CD9B9-SegmentedRaftLogWorker: Starting segment from index:0
2022-10-28 11:29:03,851 [4117c80f-d61a-41ff-a958-d6b4139221af@group-B457E25CD9B9-FollowerState] INFO  server.RaftServerConfigKeys (ConfUtils.java:logFallback(53)) - raft.server.rpc.first-election.timeout.min = 5s (fallback to raft.server.rpc.timeout.min)
2022-10-28 11:29:03,851 [0c9bf628-edfc-473a-824e-eb061e1afdb3@group-B457E25CD9B9-SegmentedRaftLogWorker] INFO  segmented.SegmentedRaftLogWorker (SegmentedRaftLogWorker.java:execute(656)) - 0c9bf628-edfc-473a-824e-eb061e1afdb3@group-B457E25CD9B9-SegmentedRaftLogWorker: created new log segment /home/runner/work/ozone/ozone/hadoop-ozone/integration-test/target/test-dir/MiniOzoneClusterImpl-6ee34448-fbd8-4951-8ae1-d137d06ced7b/datanode-0/data/ratis/a4cea835-1fa5-4d69-8b7a-b457e25cd9b9/current/log_inprogress_0
2022-10-28 11:29:03,851 [4117c80f-d61a-41ff-a958-d6b4139221af@group-B457E25CD9B9-FollowerState] INFO  server.RaftServerConfigKeys (ConfUtils.java:logFallback(53)) - raft.server.rpc.first-election.timeout.max = 5200ms (fallback to raft.server.rpc.timeout.max)
2022-10-28 11:29:03,853 [grpc-default-executor-0] WARN  server.GrpcLogAppender (LogUtils.java:warn(122)) - 0c9bf628-edfc-473a-824e-eb061e1afdb3@group-B457E25CD9B9->1914ef14-e927-4aee-a78a-186b0a6a783b-AppendLogResponseHandler: Failed appendEntries: org.apache.ratis.thirdparty.io.grpc.StatusRuntimeException: UNAVAILABLE: io exception
2022-10-28 11:29:03,854 [grpc-default-executor-0] WARN  server.GrpcLogAppender (GrpcLogAppender.java:resetClient(131)) - 0c9bf628-edfc-473a-824e-eb061e1afdb3@group-B457E25CD9B9->1914ef14-e927-4aee-a78a-186b0a6a783b-GrpcLogAppender: Leader has not got in touch with Follower 0c9bf628-edfc-473a-824e-eb061e1afdb3@group-B457E25CD9B9->1914ef14-e927-4aee-a78a-186b0a6a783b(c-1,m0,n0, attendVote=true, lastRpcSendTime=1, lastRpcResponseTime=5207) yet, just keep nextIndex unchanged and retry.
2022-10-28 11:29:03,854 [grpc-default-executor-3] WARN  server.GrpcLogAppender (LogUtils.java:warn(122)) - 0c9bf628-edfc-473a-824e-eb061e1afdb3@group-B457E25CD9B9->1914ef14-e927-4aee-a78a-186b0a6a783b-AppendLogResponseHandler: Failed appendEntries: org.apache.ratis.thirdparty.io.grpc.StatusRuntimeException: UNAVAILABLE: io exception
2022-10-28 11:29:03,854 [grpc-default-executor-3] WARN  server.GrpcLogAppender (GrpcLogAppender.java:resetClient(131)) - 0c9bf628-edfc-473a-824e-eb061e1afdb3@group-B457E25CD9B9->1914ef14-e927-4aee-a78a-186b0a6a783b-GrpcLogAppender: Leader has not got in touch with Follower 0c9bf628-edfc-473a-824e-eb061e1afdb3@group-B457E25CD9B9->1914ef14-e927-4aee-a78a-186b0a6a783b(c-1,m0,n0, attendVote=true, lastRpcSendTime=2, lastRpcResponseTime=5207) yet, just keep nextIndex unchanged and retry.
2022-10-28 11:29:03,863 [grpc-default-executor-3] WARN  server.GrpcLogAppender (LogUtils.java:warn(122)) - 0c9bf628-edfc-473a-824e-eb061e1afdb3@group-B457E25CD9B9->1914ef14-e927-4aee-a78a-186b0a6a783b-AppendLogResponseHandler: Failed appendEntries: org.apache.ratis.thirdparty.io.grpc.StatusRuntimeException: UNAVAILABLE: io exception
2022-10-28 11:29:03,863 [grpc-default-executor-3] WARN  server.GrpcLogAppender (GrpcLogAppender.java:resetClient(131)) - 0c9bf628-edfc-473a-824e-eb061e1afdb3@group-B457E25CD9B9->1914ef14-e927-4aee-a78a-186b0a6a783b-GrpcLogAppender: Leader has not got in touch with Follower 0c9bf628-edfc-473a-824e-eb061e1afdb3@group-B457E25CD9B9->1914ef14-e927-4aee-a78a-186b0a6a783b(c-1,m0,n1, attendVote=true, lastRpcSendTime=0, lastRpcResponseTime=5216) yet, just keep nextIndex unchanged and retry.
2022-10-28 11:29:03,864 [grpc-default-executor-0] WARN  server.GrpcLogAppender (LogUtils.java:warn(122)) - 0c9bf628-edfc-473a-824e-eb061e1afdb3@group-B457E25CD9B9->1914ef14-e927-4aee-a78a-186b0a6a783b-AppendLogResponseHandler: Failed appendEntries: org.apache.ratis.thirdparty.io.grpc.StatusRuntimeException: UNAVAILABLE: io exception
2022-10-28 11:29:03,864 [grpc-default-executor-0] WARN  server.GrpcLogAppender (GrpcLogAppender.java:resetClient(131)) - 0c9bf628-edfc-473a-824e-eb061e1afdb3@group-B457E25CD9B9->1914ef14-e927-4aee-a78a-186b0a6a783b-GrpcLogAppender: Leader has not got in touch with Follower 0c9bf628-edfc-473a-824e-eb061e1afdb3@group-B457E25CD9B9->1914ef14-e927-4aee-a78a-186b0a6a783b(c-1,m0,n1, attendVote=true, lastRpcSendTime=1, lastRpcResponseTime=5217) yet, just keep nextIndex unchanged and retry.
2022-10-28 11:29:03,877 [0c9bf628-edfc-473a-824e-eb061e1afdb3@group-B457E25CD9B9-LeaderElection22] INFO  server.RaftServer$Division (ServerState.java:setRaftConf(430)) - 0c9bf628-edfc-473a-824e-eb061e1afdb3@group-B457E25CD9B9: set configuration 0: peers:[1914ef14-e927-4aee-a78a-186b0a6a783b|rpc:10.1.0.114:45645|dataStream:|priority:1|startupRole:FOLLOWER, 4117c80f-d61a-41ff-a958-d6b4139221af|rpc:10.1.0.114:40159|dataStream:|priority:0|startupRole:FOLLOWER, 0c9bf628-edfc-473a-824e-eb061e1afdb3|rpc:10.1.0.114:43977|dataStream:|priority:0|startupRole:FOLLOWER]|listeners:[], old=null
2022-10-28 11:29:03,887 [4117c80f-d61a-41ff-a958-d6b4139221af-server-thread1] INFO  ratis.XceiverServerRatis (XceiverServerRatis.java:handleLeaderChangedNotification(863)) - Leader change notification received for group: group-B457E25CD9B9 with new leaderId: 0c9bf628-edfc-473a-824e-eb061e1afdb3
2022-10-28 11:29:03,887 [4117c80f-d61a-41ff-a958-d6b4139221af-server-thread1] INFO  server.RaftServer$Division (ServerState.java:setLeader(313)) - 4117c80f-d61a-41ff-a958-d6b4139221af@group-B457E25CD9B9: change Leader from null to 0c9bf628-edfc-473a-824e-eb061e1afdb3 at term 2 for appendEntries, leader elected after 10334ms
2022-10-28 11:29:03,922 [4117c80f-d61a-41ff-a958-d6b4139221af-server-thread3] INFO  server.RaftServer$Division (ServerState.java:setRaftConf(430)) - 4117c80f-d61a-41ff-a958-d6b4139221af@group-B457E25CD9B9: set configuration 0: peers:[1914ef14-e927-4aee-a78a-186b0a6a783b|rpc:10.1.0.114:45645|dataStream:|priority:1|startupRole:FOLLOWER, 4117c80f-d61a-41ff-a958-d6b4139221af|rpc:10.1.0.114:40159|dataStream:|priority:0|startupRole:FOLLOWER, 0c9bf628-edfc-473a-824e-eb061e1afdb3|rpc:10.1.0.114:43977|dataStream:|priority:0|startupRole:FOLLOWER]|listeners:[], old=null
2022-10-28 11:29:03,922 [4117c80f-d61a-41ff-a958-d6b4139221af-server-thread3] INFO  segmented.SegmentedRaftLogWorker (SegmentedRaftLogWorker.java:startLogSegment(452)) - 4117c80f-d61a-41ff-a958-d6b4139221af@group-B457E25CD9B9-SegmentedRaftLogWorker: Starting segment from index:0
2022-10-28 11:29:03,923 [4117c80f-d61a-41ff-a958-d6b4139221af@group-B457E25CD9B9-SegmentedRaftLogWorker] INFO  segmented.SegmentedRaftLogWorker (SegmentedRaftLogWorker.java:execute(656)) - 4117c80f-d61a-41ff-a958-d6b4139221af@group-B457E25CD9B9-SegmentedRaftLogWorker: created new log segment /home/runner/work/ozone/ozone/hadoop-ozone/integration-test/target/test-dir/MiniOzoneClusterImpl-6ee34448-fbd8-4951-8ae1-d137d06ced7b/datanode-2/data/ratis/a4cea835-1fa5-4d69-8b7a-b457e25cd9b9/current/log_inprogress_0
2022-10-28 11:29:04,411 [9d921ae2-dac8-442e-8311-fdc102c02170@group-EF2AFB36FD63-FollowerState] INFO  impl.FollowerState (FollowerState.java:run(143)) - 9d921ae2-dac8-442e-8311-fdc102c02170@group-EF2AFB36FD63-FollowerState: change to CANDIDATE, lastRpcElapsedTime:5079200006ns, electionTimeout:5075ms
2022-10-28 11:29:04,411 [9d921ae2-dac8-442e-8311-fdc102c02170@group-EF2AFB36FD63-FollowerState] INFO  impl.RoleInfo (RoleInfo.java:shutdownFollowerState(110)) - 9d921ae2-dac8-442e-8311-fdc102c02170: shutdown 9d921ae2-dac8-442e-8311-fdc102c02170@group-EF2AFB36FD63-FollowerState
2022-10-28 11:29:04,411 [9d921ae2-dac8-442e-8311-fdc102c02170@group-EF2AFB36FD63-FollowerState] INFO  server.RaftServer$Division (RaftServerImpl.java:setRole(321)) - 9d921ae2-dac8-442e-8311-fdc102c02170@group-EF2AFB36FD63: changes role from  FOLLOWER to CANDIDATE at term 1 for changeToCandidate
2022-10-28 11:29:04,411 [9d921ae2-dac8-442e-8311-fdc102c02170@group-EF2AFB36FD63-FollowerState] INFO  server.RaftServerConfigKeys (ConfUtils.java:logGet(46)) - raft.server.leaderelection.pre-vote = false (custom)
2022-10-28 11:29:04,412 [9d921ae2-dac8-442e-8311-fdc102c02170@group-EF2AFB36FD63-FollowerState] INFO  impl.RoleInfo (RoleInfo.java:updateAndGet(139)) - 9d921ae2-dac8-442e-8311-fdc102c02170: start 9d921ae2-dac8-442e-8311-fdc102c02170@group-EF2AFB36FD63-LeaderElection23
2022-10-28 11:29:04,421 [9d921ae2-dac8-442e-8311-fdc102c02170@group-EF2AFB36FD63-LeaderElection23] INFO  impl.LeaderElection (LeaderElection.java:askForVotes(312)) - 9d921ae2-dac8-442e-8311-fdc102c02170@group-EF2AFB36FD63-LeaderElection23 ELECTION round 0: submit vote requests at term 2 for -1: peers:[9d921ae2-dac8-442e-8311-fdc102c02170|rpc:10.1.0.114:43349|dataStream:|priority:1|startupRole:FOLLOWER, 21cd38f2-3152-4a7b-bfd6-5bc3f4c93f15|rpc:10.1.0.114:41711|dataStream:|priority:0|startupRole:FOLLOWER, aa3e6641-ac34-45f8-85b4-6614ff527932|rpc:10.1.0.114:40629|dataStream:|priority:0|startupRole:FOLLOWER]|listeners:[], old=null
2022-10-28 11:29:04,430 [grpc-default-executor-0] INFO  server.RaftServer$Division (RaftServerImpl.java:requestVote(1218)) - 21cd38f2-3152-4a7b-bfd6-5bc3f4c93f15@group-EF2AFB36FD63: receive requestVote(ELECTION, 9d921ae2-dac8-442e-8311-fdc102c02170, group-EF2AFB36FD63, 2, (t:0, i:0))
2022-10-28 11:29:04,430 [grpc-default-executor-0] INFO  impl.VoteContext (VoteContext.java:log(48)) - 21cd38f2-3152-4a7b-bfd6-5bc3f4c93f15@group-EF2AFB36FD63-FOLLOWER: accept ELECTION from 9d921ae2-dac8-442e-8311-fdc102c02170: our priority 0 <= candidate's priority 1
2022-10-28 11:29:04,431 [grpc-default-executor-0] INFO  server.RaftServer$Division (RaftServerImpl.java:setRole(321)) - 21cd38f2-3152-4a7b-bfd6-5bc3f4c93f15@group-EF2AFB36FD63: changes role from  FOLLOWER to FOLLOWER at term 2 for candidate:9d921ae2-dac8-442e-8311-fdc102c02170
2022-10-28 11:29:04,431 [grpc-default-executor-0] INFO  impl.RoleInfo (RoleInfo.java:shutdownFollowerState(110)) - 21cd38f2-3152-4a7b-bfd6-5bc3f4c93f15: shutdown 21cd38f2-3152-4a7b-bfd6-5bc3f4c93f15@group-EF2AFB36FD63-FollowerState
2022-10-28 11:29:04,433 [9d921ae2-dac8-442e-8311-fdc102c02170@group-EF2AFB36FD63-LeaderElection23] INFO  server.RaftServerConfigKeys (ConfUtils.java:logFallback(53)) - raft.server.rpc.first-election.timeout.min = 5s (fallback to raft.server.rpc.timeout.min)
2022-10-28 11:29:04,433 [9d921ae2-dac8-442e-8311-fdc102c02170@group-EF2AFB36FD63-LeaderElection23] INFO  server.RaftServerConfigKeys (ConfUtils.java:logFallback(53)) - raft.server.rpc.first-election.timeout.max = 5200ms (fallback to raft.server.rpc.timeout.max)
2022-10-28 11:29:04,433 [grpc-default-executor-0] INFO  impl.RoleInfo (RoleInfo.java:updateAndGet(139)) - 21cd38f2-3152-4a7b-bfd6-5bc3f4c93f15: start 21cd38f2-3152-4a7b-bfd6-5bc3f4c93f15@group-EF2AFB36FD63-FollowerState
2022-10-28 11:29:04,433 [21cd38f2-3152-4a7b-bfd6-5bc3f4c93f15@group-EF2AFB36FD63-FollowerState] INFO  impl.FollowerState (FollowerState.java:run(152)) - 21cd38f2-3152-4a7b-bfd6-5bc3f4c93f15@group-EF2AFB36FD63-FollowerState was interrupted
2022-10-28 11:29:04,439 [grpc-default-executor-3] INFO  server.RaftServer$Division (RaftServerImpl.java:requestVote(1218)) - aa3e6641-ac34-45f8-85b4-6614ff527932@group-EF2AFB36FD63: receive requestVote(ELECTION, 9d921ae2-dac8-442e-8311-fdc102c02170, group-EF2AFB36FD63, 2, (t:0, i:0))
2022-10-28 11:29:04,439 [grpc-default-executor-3] INFO  impl.VoteContext (VoteContext.java:log(48)) - aa3e6641-ac34-45f8-85b4-6614ff527932@group-EF2AFB36FD63-FOLLOWER: accept ELECTION from 9d921ae2-dac8-442e-8311-fdc102c02170: our priority 0 <= candidate's priority 1
2022-10-28 11:29:04,439 [grpc-default-executor-3] INFO  server.RaftServer$Division (RaftServerImpl.java:setRole(321)) - aa3e6641-ac34-45f8-85b4-6614ff527932@group-EF2AFB36FD63: changes role from  FOLLOWER to FOLLOWER at term 2 for candidate:9d921ae2-dac8-442e-8311-fdc102c02170
2022-10-28 11:29:04,439 [grpc-default-executor-3] INFO  impl.RoleInfo (RoleInfo.java:shutdownFollowerState(110)) - aa3e6641-ac34-45f8-85b4-6614ff527932: shutdown aa3e6641-ac34-45f8-85b4-6614ff527932@group-EF2AFB36FD63-FollowerState
2022-10-28 11:29:04,441 [grpc-default-executor-3] INFO  impl.RoleInfo (RoleInfo.java:updateAndGet(139)) - aa3e6641-ac34-45f8-85b4-6614ff527932: start aa3e6641-ac34-45f8-85b4-6614ff527932@group-EF2AFB36FD63-FollowerState
2022-10-28 11:29:04,441 [aa3e6641-ac34-45f8-85b4-6614ff527932@group-EF2AFB36FD63-FollowerState] INFO  impl.FollowerState (FollowerState.java:run(152)) - aa3e6641-ac34-45f8-85b4-6614ff527932@group-EF2AFB36FD63-FollowerState was interrupted
2022-10-28 11:29:04,441 [21cd38f2-3152-4a7b-bfd6-5bc3f4c93f15@group-EF2AFB36FD63-FollowerState] INFO  server.RaftServerConfigKeys (ConfUtils.java:logFallback(53)) - raft.server.rpc.first-election.timeout.min = 5s (fallback to raft.server.rpc.timeout.min)
2022-10-28 11:29:04,441 [21cd38f2-3152-4a7b-bfd6-5bc3f4c93f15@group-EF2AFB36FD63-FollowerState] INFO  server.RaftServerConfigKeys (ConfUtils.java:logFallback(53)) - raft.server.rpc.first-election.timeout.max = 5200ms (fallback to raft.server.rpc.timeout.max)
2022-10-28 11:29:04,442 [grpc-default-executor-0] INFO  server.RaftServer$Division (RaftServerImpl.java:requestVote(1251)) - 21cd38f2-3152-4a7b-bfd6-5bc3f4c93f15@group-EF2AFB36FD63 replies to ELECTION vote request: 9d921ae2-dac8-442e-8311-fdc102c02170<-21cd38f2-3152-4a7b-bfd6-5bc3f4c93f15#0:OK-t2. Peer's state: 21cd38f2-3152-4a7b-bfd6-5bc3f4c93f15@group-EF2AFB36FD63:t2, leader=null, voted=9d921ae2-dac8-442e-8311-fdc102c02170, raftlog=Memoized:21cd38f2-3152-4a7b-bfd6-5bc3f4c93f15@group-EF2AFB36FD63-SegmentedRaftLog:OPENED:c-1, conf=-1: peers:[9d921ae2-dac8-442e-8311-fdc102c02170|rpc:10.1.0.114:43349|dataStream:|priority:1|startupRole:FOLLOWER, 21cd38f2-3152-4a7b-bfd6-5bc3f4c93f15|rpc:10.1.0.114:41711|dataStream:|priority:0|startupRole:FOLLOWER, aa3e6641-ac34-45f8-85b4-6614ff527932|rpc:10.1.0.114:40629|dataStream:|priority:0|startupRole:FOLLOWER]|listeners:[], old=null
2022-10-28 11:29:04,448 [9d921ae2-dac8-442e-8311-fdc102c02170@group-EF2AFB36FD63-LeaderElection23] INFO  impl.LeaderElection (LeaderElection.java:logAndReturn(90)) - 9d921ae2-dac8-442e-8311-fdc102c02170@group-EF2AFB36FD63-LeaderElection23: ELECTION PASSED received 1 response(s) and 0 exception(s):
2022-10-28 11:29:04,448 [9d921ae2-dac8-442e-8311-fdc102c02170@group-EF2AFB36FD63-LeaderElection23] INFO  impl.LeaderElection (LeaderElection.java:logAndReturn(94)) -   Response 0: 9d921ae2-dac8-442e-8311-fdc102c02170<-21cd38f2-3152-4a7b-bfd6-5bc3f4c93f15#0:OK-t2
2022-10-28 11:29:04,448 [grpc-default-executor-3] INFO  server.RaftServer$Division (RaftServerImpl.java:requestVote(1251)) - aa3e6641-ac34-45f8-85b4-6614ff527932@group-EF2AFB36FD63 replies to ELECTION vote request: 9d921ae2-dac8-442e-8311-fdc102c02170<-aa3e6641-ac34-45f8-85b4-6614ff527932#0:OK-t2. Peer's state: aa3e6641-ac34-45f8-85b4-6614ff527932@group-EF2AFB36FD63:t2, leader=null, voted=9d921ae2-dac8-442e-8311-fdc102c02170, raftlog=Memoized:aa3e6641-ac34-45f8-85b4-6614ff527932@group-EF2AFB36FD63-SegmentedRaftLog:OPENED:c-1, conf=-1: peers:[9d921ae2-dac8-442e-8311-fdc102c02170|rpc:10.1.0.114:43349|priority:1|startupRole:FOLLOWER, 21cd38f2-3152-4a7b-bfd6-5bc3f4c93f15|rpc:10.1.0.114:41711|priority:0|startupRole:FOLLOWER, aa3e6641-ac34-45f8-85b4-6614ff527932|rpc:10.1.0.114:40629|priority:0|startupRole:FOLLOWER]|listeners:[], old=null
2022-10-28 11:29:04,448 [9d921ae2-dac8-442e-8311-fdc102c02170@group-EF2AFB36FD63-LeaderElection23] INFO  impl.LeaderElection (LeaderElection.java:askForVotes(314)) - 9d921ae2-dac8-442e-8311-fdc102c02170@group-EF2AFB36FD63-LeaderElection23 ELECTION round 0: result PASSED
2022-10-28 11:29:04,448 [9d921ae2-dac8-442e-8311-fdc102c02170@group-EF2AFB36FD63-LeaderElection23] INFO  impl.RoleInfo (RoleInfo.java:shutdownLeaderElection(130)) - 9d921ae2-dac8-442e-8311-fdc102c02170: shutdown 9d921ae2-dac8-442e-8311-fdc102c02170@group-EF2AFB36FD63-LeaderElection23
2022-10-28 11:29:04,448 [9d921ae2-dac8-442e-8311-fdc102c02170@group-EF2AFB36FD63-LeaderElection23] INFO  server.RaftServer$Division (RaftServerImpl.java:setRole(321)) - 9d921ae2-dac8-442e-8311-fdc102c02170@group-EF2AFB36FD63: changes role from CANDIDATE to LEADER at term 2 for changeToLeader
2022-10-28 11:29:04,449 [9d921ae2-dac8-442e-8311-fdc102c02170@group-EF2AFB36FD63-LeaderElection23] INFO  ratis.XceiverServerRatis (XceiverServerRatis.java:handleLeaderChangedNotification(863)) - Leader change notification received for group: group-EF2AFB36FD63 with new leaderId: 9d921ae2-dac8-442e-8311-fdc102c02170
2022-10-28 11:29:04,458 [9d921ae2-dac8-442e-8311-fdc102c02170@group-EF2AFB36FD63-LeaderElection23] INFO  server.RaftServer$Division (ServerState.java:setLeader(313)) - 9d921ae2-dac8-442e-8311-fdc102c02170@group-EF2AFB36FD63: change Leader from null to 9d921ae2-dac8-442e-8311-fdc102c02170 at term 2 for becomeLeader, leader elected after 10384ms
2022-10-28 11:29:04,458 [9d921ae2-dac8-442e-8311-fdc102c02170@group-EF2AFB36FD63-LeaderElection23] INFO  server.RaftServerConfigKeys (ConfUtils.java:logGet(46)) - raft.server.staging.catchup.gap = 1000 (default)
2022-10-28 11:29:04,458 [9d921ae2-dac8-442e-8311-fdc102c02170@group-EF2AFB36FD63-LeaderElection23] INFO  server.RaftServerConfigKeys (ConfUtils.java:logGet(46)) - raft.server.write.element-limit = 1024 (custom)
2022-10-28 11:29:04,458 [9d921ae2-dac8-442e-8311-fdc102c02170@group-EF2AFB36FD63-LeaderElection23] INFO  server.RaftServerConfigKeys (ConfUtils.java:logGet(46)) - raft.server.write.byte-limit = 1024 M (=1073741824) (custom)
2022-10-28 11:29:04,458 [9d921ae2-dac8-442e-8311-fdc102c02170@group-EF2AFB36FD63-LeaderElection23] INFO  server.RaftServerConfigKeys (ConfUtils.java:logGet(46)) - raft.server.watch.timeout = 180s (custom)
2022-10-28 11:29:04,458 [9d921ae2-dac8-442e-8311-fdc102c02170@group-EF2AFB36FD63-LeaderElection23] INFO  server.RaftServerConfigKeys (ConfUtils.java:logGet(46)) - raft.server.watch.timeout.denomination = 1s (default)
2022-10-28 11:29:04,458 [9d921ae2-dac8-442e-8311-fdc102c02170@group-EF2AFB36FD63-LeaderElection23] INFO  server.RaftServerConfigKeys (ConfUtils.java:logGet(46)) - raft.server.watch.element-limit = 65536 (default)
2022-10-28 11:29:04,458 [9d921ae2-dac8-442e-8311-fdc102c02170@group-EF2AFB36FD63-LeaderElection23] INFO  server.RaftServerConfigKeys (ConfUtils.java:logGet(46)) - raft.server.write.element-limit = 1024 (custom)
2022-10-28 11:29:04,458 [9d921ae2-dac8-442e-8311-fdc102c02170@group-EF2AFB36FD63-LeaderElection23] INFO  server.RaftServerConfigKeys (ConfUtils.java:logGet(46)) - raft.server.write.follower.gap.ratio.max = -1.0 (default)
2022-10-28 11:29:04,459 [9d921ae2-dac8-442e-8311-fdc102c02170@group-EF2AFB36FD63-LeaderElection23] INFO  server.RaftServerConfigKeys (ConfUtils.java:logGet(46)) - raft.server.log.appender.snapshot.chunk.size.max = 16MB (=16777216) (default)
2022-10-28 11:29:04,459 [9d921ae2-dac8-442e-8311-fdc102c02170@group-EF2AFB36FD63-LeaderElection23] INFO  server.RaftServerConfigKeys (ConfUtils.java:logGet(46)) - raft.server.log.appender.buffer.byte-limit = 33554432 (custom)
2022-10-28 11:29:04,459 [9d921ae2-dac8-442e-8311-fdc102c02170@group-EF2AFB36FD63-LeaderElection23] INFO  server.RaftServerConfigKeys (ConfUtils.java:logGet(46)) - raft.server.log.appender.buffer.element-limit = 1 (custom)
2022-10-28 11:29:04,459 [9d921ae2-dac8-442e-8311-fdc102c02170@group-EF2AFB36FD63-LeaderElection23] INFO  grpc.GrpcConfigKeys (ConfUtils.java:logGet(46)) - raft.grpc.server.leader.outstanding.appends.max = 128 (default)
2022-10-28 11:29:04,459 [9d921ae2-dac8-442e-8311-fdc102c02170@group-EF2AFB36FD63-LeaderElection23] INFO  server.RaftServerConfigKeys (ConfUtils.java:logGet(46)) - raft.server.rpc.request.timeout = 60s (custom)
2022-10-28 11:29:04,459 [9d921ae2-dac8-442e-8311-fdc102c02170@group-EF2AFB36FD63-LeaderElection23] INFO  server.RaftServerConfigKeys (ConfUtils.java:logGet(46)) - raft.server.log.appender.install.snapshot.enabled = false (custom)
2022-10-28 11:29:04,459 [9d921ae2-dac8-442e-8311-fdc102c02170@group-EF2AFB36FD63-LeaderElection23] INFO  grpc.GrpcConfigKeys (ConfUtils.java:logGet(46)) - raft.grpc.server.heartbeat.channel = true (default)
2022-10-28 11:29:04,459 [9d921ae2-dac8-442e-8311-fdc102c02170@group-EF2AFB36FD63-LeaderElection23] INFO  server.RaftServerConfigKeys (ConfUtils.java:logGet(46)) - raft.server.log.appender.wait-time.min = 10ms (default)
2022-10-28 11:29:04,460 [9d921ae2-dac8-442e-8311-fdc102c02170@group-EF2AFB36FD63-LeaderElection23] INFO  server.RaftServerConfigKeys (ConfUtils.java:logGet(46)) - raft.server.log.appender.snapshot.chunk.size.max = 16MB (=16777216) (default)
2022-10-28 11:29:04,460 [9d921ae2-dac8-442e-8311-fdc102c02170@group-EF2AFB36FD63-LeaderElection23] INFO  server.RaftServerConfigKeys (ConfUtils.java:logGet(46)) - raft.server.log.appender.buffer.byte-limit = 33554432 (custom)
2022-10-28 11:29:04,460 [9d921ae2-dac8-442e-8311-fdc102c02170@group-EF2AFB36FD63-LeaderElection23] INFO  server.RaftServerConfigKeys (ConfUtils.java:logGet(46)) - raft.server.log.appender.buffer.element-limit = 1 (custom)
2022-10-28 11:29:04,460 [9d921ae2-dac8-442e-8311-fdc102c02170@group-EF2AFB36FD63-LeaderElection23] INFO  grpc.GrpcConfigKeys (ConfUtils.java:logGet(46)) - raft.grpc.server.leader.outstanding.appends.max = 128 (default)
2022-10-28 11:29:04,460 [9d921ae2-dac8-442e-8311-fdc102c02170@group-EF2AFB36FD63-LeaderElection23] INFO  server.RaftServerConfigKeys (ConfUtils.java:logGet(46)) - raft.server.rpc.request.timeout = 60s (custom)
2022-10-28 11:29:04,460 [9d921ae2-dac8-442e-8311-fdc102c02170@group-EF2AFB36FD63-LeaderElection23] INFO  server.RaftServerConfigKeys (ConfUtils.java:logGet(46)) - raft.server.log.appender.install.snapshot.enabled = false (custom)
2022-10-28 11:29:04,460 [9d921ae2-dac8-442e-8311-fdc102c02170@group-EF2AFB36FD63-LeaderElection23] INFO  grpc.GrpcConfigKeys (ConfUtils.java:logGet(46)) - raft.grpc.server.heartbeat.channel = true (default)
2022-10-28 11:29:04,463 [EventQueue-PipelineReportForPipelineReportHandler] INFO  pipeline.PipelineManagerImpl (PipelineManagerImpl.java:openPipeline(367)) - Pipeline Pipeline[ Id: 04d33758-9a0e-47b9-ab6d-ef2afb36fd63, Nodes: aa3e6641-ac34-45f8-85b4-6614ff527932{ip: 10.1.0.114, host: fv-az700-396.2bpskmoaobnu3eckqg1qau4u2h.cx.internal.cloudapp.net, ports: [REPLICATION=45831, RATIS=40629, RATIS_ADMIN=40629, RATIS_SERVER=40629, STANDALONE=33397], networkLocation: /default-rack, certSerialId: null, persistedOpState: IN_SERVICE, persistedOpStateExpiryEpochSec: 0}9d921ae2-dac8-442e-8311-fdc102c02170{ip: 10.1.0.114, host: fv-az700-396.2bpskmoaobnu3eckqg1qau4u2h.cx.internal.cloudapp.net, ports: [REPLICATION=43103, RATIS=43349, RATIS_ADMIN=43349, RATIS_SERVER=43349, STANDALONE=36881], networkLocation: /default-rack, certSerialId: null, persistedOpState: IN_SERVICE, persistedOpStateExpiryEpochSec: 0}21cd38f2-3152-4a7b-bfd6-5bc3f4c93f15{ip: 10.1.0.114, host: fv-az700-396.2bpskmoaobnu3eckqg1qau4u2h.cx.internal.cloudapp.net, ports: [REPLICATION=34383, RATIS=41711, RATIS_ADMIN=41711, RATIS_SERVER=41711, STANDALONE=35759], networkLocation: /default-rack, certSerialId: null, persistedOpState: IN_SERVICE, persistedOpStateExpiryEpochSec: 0}, ReplicationConfig: RATIS/THREE, State:ALLOCATED, leaderId:9d921ae2-dac8-442e-8311-fdc102c02170, CreationTimestamp2022-10-28T11:28:51.524Z[Etc/UTC]] moved to OPEN state
2022-10-28 11:29:04,463 [aa3e6641-ac34-45f8-85b4-6614ff527932@group-EF2AFB36FD63-FollowerState] INFO  server.RaftServerConfigKeys (ConfUtils.java:logFallback(53)) - raft.server.rpc.first-election.timeout.min = 5s (fallback to raft.server.rpc.timeout.min)
2022-10-28 11:29:04,465 [aa3e6641-ac34-45f8-85b4-6614ff527932@group-EF2AFB36FD63-FollowerState] INFO  server.RaftServerConfigKeys (ConfUtils.java:logFallback(53)) - raft.server.rpc.first-election.timeout.max = 5200ms (fallback to raft.server.rpc.timeout.max)
2022-10-28 11:29:04,465 [9d921ae2-dac8-442e-8311-fdc102c02170@group-EF2AFB36FD63-LeaderElection23] INFO  server.RaftServerConfigKeys (ConfUtils.java:logGet(46)) - raft.server.log.appender.wait-time.min = 10ms (default)
2022-10-28 11:29:04,465 [9d921ae2-dac8-442e-8311-fdc102c02170@group-EF2AFB36FD63-LeaderElection23] INFO  impl.RoleInfo (RoleInfo.java:updateAndGet(139)) - 9d921ae2-dac8-442e-8311-fdc102c02170: start 9d921ae2-dac8-442e-8311-fdc102c02170@group-EF2AFB36FD63-LeaderStateImpl
2022-10-28 11:29:04,466 [9d921ae2-dac8-442e-8311-fdc102c02170@group-EF2AFB36FD63-LeaderElection23] INFO  segmented.SegmentedRaftLogWorker (SegmentedRaftLogWorker.java:startLogSegment(452)) - 9d921ae2-dac8-442e-8311-fdc102c02170@group-EF2AFB36FD63-SegmentedRaftLogWorker: Starting segment from index:0
2022-10-28 11:29:04,467 [grpc-default-executor-3] WARN  server.GrpcLogAppender (LogUtils.java:warn(122)) - 0c9bf628-edfc-473a-824e-eb061e1afdb3@group-6EDC1BDBC3EA->1914ef14-e927-4aee-a78a-186b0a6a783b-AppendLogResponseHandler: Failed appendEntries: org.apache.ratis.thirdparty.io.grpc.StatusRuntimeException: UNAVAILABLE: io exception
2022-10-28 11:29:04,467 [9d921ae2-dac8-442e-8311-fdc102c02170@group-EF2AFB36FD63-SegmentedRaftLogWorker] INFO  segmented.SegmentedRaftLogWorker (SegmentedRaftLogWorker.java:execute(656)) - 9d921ae2-dac8-442e-8311-fdc102c02170@group-EF2AFB36FD63-SegmentedRaftLogWorker: created new log segment /home/runner/work/ozone/ozone/hadoop-ozone/integration-test/target/test-dir/MiniOzoneClusterImpl-6ee34448-fbd8-4951-8ae1-d137d06ced7b/datanode-5/data/ratis/04d33758-9a0e-47b9-ab6d-ef2afb36fd63/current/log_inprogress_0
2022-10-28 11:29:04,467 [grpc-default-executor-0] WARN  server.GrpcLogAppender (LogUtils.java:warn(122)) - 0c9bf628-edfc-473a-824e-eb061e1afdb3@group-6EDC1BDBC3EA->1914ef14-e927-4aee-a78a-186b0a6a783b-AppendLogResponseHandler: Failed appendEntries: org.apache.ratis.thirdparty.io.grpc.StatusRuntimeException: UNAVAILABLE: io exception
2022-10-28 11:29:04,468 [grpc-default-executor-3] WARN  server.GrpcLogAppender (GrpcLogAppender.java:resetClient(131)) - 0c9bf628-edfc-473a-824e-eb061e1afdb3@group-6EDC1BDBC3EA->1914ef14-e927-4aee-a78a-186b0a6a783b-GrpcLogAppender: Leader has not got in touch with Follower 0c9bf628-edfc-473a-824e-eb061e1afdb3@group-6EDC1BDBC3EA->1914ef14-e927-4aee-a78a-186b0a6a783b(c0,m0,n1, attendVote=true, lastRpcSendTime=1254, lastRpcResponseTime=6271) yet, just keep nextIndex unchanged and retry.
2022-10-28 11:29:04,470 [grpc-default-executor-0] WARN  server.GrpcLogAppender (GrpcLogAppender.java:resetClient(131)) - 0c9bf628-edfc-473a-824e-eb061e1afdb3@group-6EDC1BDBC3EA->1914ef14-e927-4aee-a78a-186b0a6a783b-GrpcLogAppender: Leader has not got in touch with Follower 0c9bf628-edfc-473a-824e-eb061e1afdb3@group-6EDC1BDBC3EA->1914ef14-e927-4aee-a78a-186b0a6a783b(c0,m0,n1, attendVote=true, lastRpcSendTime=1255, lastRpcResponseTime=6273) yet, just keep nextIndex unchanged and retry.
2022-10-28 11:29:04,473 [grpc-default-executor-0] WARN  server.GrpcLogAppender (LogUtils.java:warn(122)) - 0c9bf628-edfc-473a-824e-eb061e1afdb3@group-6EDC1BDBC3EA->1914ef14-e927-4aee-a78a-186b0a6a783b-AppendLogResponseHandler: Failed appendEntries: org.apache.ratis.thirdparty.io.grpc.StatusRuntimeException: UNAVAILABLE: io exception
2022-10-28 11:29:04,473 [grpc-default-executor-3] WARN  server.GrpcLogAppender (LogUtils.java:warn(122)) - 0c9bf628-edfc-473a-824e-eb061e1afdb3@group-6EDC1BDBC3EA->1914ef14-e927-4aee-a78a-186b0a6a783b-AppendLogResponseHandler: Failed appendEntries: org.apache.ratis.thirdparty.io.grpc.StatusRuntimeException: UNAVAILABLE: io exception
2022-10-28 11:29:04,474 [grpc-default-executor-0] WARN  server.GrpcLogAppender (GrpcLogAppender.java:resetClient(131)) - 0c9bf628-edfc-473a-824e-eb061e1afdb3@group-6EDC1BDBC3EA->1914ef14-e927-4aee-a78a-186b0a6a783b-GrpcLogAppender: Leader has not got in touch with Follower 0c9bf628-edfc-473a-824e-eb061e1afdb3@group-6EDC1BDBC3EA->1914ef14-e927-4aee-a78a-186b0a6a783b(c0,m0,n1, attendVote=true, lastRpcSendTime=1259, lastRpcResponseTime=6277) yet, just keep nextIndex unchanged and retry.
2022-10-28 11:29:04,475 [grpc-default-executor-3] WARN  server.GrpcLogAppender (GrpcLogAppender.java:resetClient(131)) - 0c9bf628-edfc-473a-824e-eb061e1afdb3@group-6EDC1BDBC3EA->1914ef14-e927-4aee-a78a-186b0a6a783b-GrpcLogAppender: Leader has not got in touch with Follower 0c9bf628-edfc-473a-824e-eb061e1afdb3@group-6EDC1BDBC3EA->1914ef14-e927-4aee-a78a-186b0a6a783b(c0,m0,n1, attendVote=true, lastRpcSendTime=1261, lastRpcResponseTime=6279) yet, just keep nextIndex unchanged and retry.
2022-10-28 11:29:04,487 [grpc-default-executor-2] WARN  server.GrpcLogAppender (LogUtils.java:warn(122)) - 0c9bf628-edfc-473a-824e-eb061e1afdb3@group-6EDC1BDBC3EA->1914ef14-e927-4aee-a78a-186b0a6a783b-AppendLogResponseHandler: Failed appendEntries: org.apache.ratis.thirdparty.io.grpc.StatusRuntimeException: UNAVAILABLE: io exception
2022-10-28 11:29:04,487 [grpc-default-executor-1] WARN  server.GrpcLogAppender (LogUtils.java:warn(122)) - 0c9bf628-edfc-473a-824e-eb061e1afdb3@group-6EDC1BDBC3EA->1914ef14-e927-4aee-a78a-186b0a6a783b-AppendLogResponseHandler: Failed appendEntries: org.apache.ratis.thirdparty.io.grpc.StatusRuntimeException: UNAVAILABLE: io exception
2022-10-28 11:29:04,488 [grpc-default-executor-2] WARN  server.GrpcLogAppender (GrpcLogAppender.java:resetClient(131)) - 0c9bf628-edfc-473a-824e-eb061e1afdb3@group-6EDC1BDBC3EA->1914ef14-e927-4aee-a78a-186b0a6a783b-GrpcLogAppender: Leader has not got in touch with Follower 0c9bf628-edfc-473a-824e-eb061e1afdb3@group-6EDC1BDBC3EA->1914ef14-e927-4aee-a78a-186b0a6a783b(c0,m0,n1, attendVote=true, lastRpcSendTime=1273, lastRpcResponseTime=6291) yet, just keep nextIndex unchanged and retry.
2022-10-28 11:29:04,488 [grpc-default-executor-1] WARN  server.GrpcLogAppender (GrpcLogAppender.java:resetClient(131)) - 0c9bf628-edfc-473a-824e-eb061e1afdb3@group-6EDC1BDBC3EA->1914ef14-e927-4aee-a78a-186b0a6a783b-GrpcLogAppender: Leader has not got in touch with Follower 0c9bf628-edfc-473a-824e-eb061e1afdb3@group-6EDC1BDBC3EA->1914ef14-e927-4aee-a78a-186b0a6a783b(c0,m0,n1, attendVote=true, lastRpcSendTime=1273, lastRpcResponseTime=6291) yet, just keep nextIndex unchanged and retry.
2022-10-28 11:29:04,488 [grpc-default-executor-2] WARN  server.GrpcLogAppender (LogUtils.java:warn(122)) - 0c9bf628-edfc-473a-824e-eb061e1afdb3@group-6EDC1BDBC3EA->1914ef14-e927-4aee-a78a-186b0a6a783b-AppendLogResponseHandler: Failed appendEntries: org.apache.ratis.thirdparty.io.grpc.StatusRuntimeException: UNAVAILABLE: io exception
2022-10-28 11:29:04,488 [grpc-default-executor-4] WARN  server.GrpcLogAppender (LogUtils.java:warn(122)) - 0c9bf628-edfc-473a-824e-eb061e1afdb3@group-6EDC1BDBC3EA->1914ef14-e927-4aee-a78a-186b0a6a783b-AppendLogResponseHandler: Failed appendEntries: org.apache.ratis.thirdparty.io.grpc.StatusRuntimeException: UNAVAILABLE: io exception
2022-10-28 11:29:04,489 [grpc-default-executor-2] WARN  server.GrpcLogAppender (GrpcLogAppender.java:resetClient(131)) - 0c9bf628-edfc-473a-824e-eb061e1afdb3@group-6EDC1BDBC3EA->1914ef14-e927-4aee-a78a-186b0a6a783b-GrpcLogAppender: Leader has not got in touch with Follower 0c9bf628-edfc-473a-824e-eb061e1afdb3@group-6EDC1BDBC3EA->1914ef14-e927-4aee-a78a-186b0a6a783b(c0,m0,n1, attendVote=true, lastRpcSendTime=1275, lastRpcResponseTime=6292) yet, just keep nextIndex unchanged and retry.
2022-10-28 11:29:04,489 [grpc-default-executor-4] WARN  server.GrpcLogAppender (GrpcLogAppender.java:resetClient(131)) - 0c9bf628-edfc-473a-824e-eb061e1afdb3@group-6EDC1BDBC3EA->1914ef14-e927-4aee-a78a-186b0a6a783b-GrpcLogAppender: Leader has not got in touch with Follower 0c9bf628-edfc-473a-824e-eb061e1afdb3@group-6EDC1BDBC3EA->1914ef14-e927-4aee-a78a-186b0a6a783b(c0,m0,n1, attendVote=true, lastRpcSendTime=1275, lastRpcResponseTime=6292) yet, just keep nextIndex unchanged and retry.
2022-10-28 11:29:04,494 [21cd38f2-3152-4a7b-bfd6-5bc3f4c93f15-server-thread1] INFO  ratis.XceiverServerRatis (XceiverServerRatis.java:handleLeaderChangedNotification(863)) - Leader change notification received for group: group-EF2AFB36FD63 with new leaderId: 9d921ae2-dac8-442e-8311-fdc102c02170
2022-10-28 11:29:04,494 [21cd38f2-3152-4a7b-bfd6-5bc3f4c93f15-server-thread1] INFO  server.RaftServer$Division (ServerState.java:setLeader(313)) - 21cd38f2-3152-4a7b-bfd6-5bc3f4c93f15@group-EF2AFB36FD63: change Leader from null to 9d921ae2-dac8-442e-8311-fdc102c02170 at term 2 for appendEntries, leader elected after 10400ms
2022-10-28 11:29:04,508 [9d921ae2-dac8-442e-8311-fdc102c02170@group-EF2AFB36FD63-LeaderElection23] INFO  server.RaftServer$Division (ServerState.java:setRaftConf(430)) - 9d921ae2-dac8-442e-8311-fdc102c02170@group-EF2AFB36FD63: set configuration 0: peers:[9d921ae2-dac8-442e-8311-fdc102c02170|rpc:10.1.0.114:43349|dataStream:|priority:1|startupRole:FOLLOWER, 21cd38f2-3152-4a7b-bfd6-5bc3f4c93f15|rpc:10.1.0.114:41711|dataStream:|priority:0|startupRole:FOLLOWER, aa3e6641-ac34-45f8-85b4-6614ff527932|rpc:10.1.0.114:40629|dataStream:|priority:0|startupRole:FOLLOWER]|listeners:[], old=null
2022-10-28 11:29:04,512 [21cd38f2-3152-4a7b-bfd6-5bc3f4c93f15-server-thread2] INFO  server.RaftServer$Division (ServerState.java:setRaftConf(430)) - 21cd38f2-3152-4a7b-bfd6-5bc3f4c93f15@group-EF2AFB36FD63: set configuration 0: peers:[9d921ae2-dac8-442e-8311-fdc102c02170|rpc:10.1.0.114:43349|dataStream:|priority:1|startupRole:FOLLOWER, 21cd38f2-3152-4a7b-bfd6-5bc3f4c93f15|rpc:10.1.0.114:41711|dataStream:|priority:0|startupRole:FOLLOWER, aa3e6641-ac34-45f8-85b4-6614ff527932|rpc:10.1.0.114:40629|dataStream:|priority:0|startupRole:FOLLOWER]|listeners:[], old=null
2022-10-28 11:29:04,512 [21cd38f2-3152-4a7b-bfd6-5bc3f4c93f15-server-thread2] INFO  segmented.SegmentedRaftLogWorker (SegmentedRaftLogWorker.java:startLogSegment(452)) - 21cd38f2-3152-4a7b-bfd6-5bc3f4c93f15@group-EF2AFB36FD63-SegmentedRaftLogWorker: Starting segment from index:0
2022-10-28 11:29:04,513 [21cd38f2-3152-4a7b-bfd6-5bc3f4c93f15@group-EF2AFB36FD63-SegmentedRaftLogWorker] INFO  segmented.SegmentedRaftLogWorker (SegmentedRaftLogWorker.java:execute(656)) - 21cd38f2-3152-4a7b-bfd6-5bc3f4c93f15@group-EF2AFB36FD63-SegmentedRaftLogWorker: created new log segment /home/runner/work/ozone/ozone/hadoop-ozone/integration-test/target/test-dir/MiniOzoneClusterImpl-6ee34448-fbd8-4951-8ae1-d137d06ced7b/datanode-4/data/ratis/04d33758-9a0e-47b9-ab6d-ef2afb36fd63/current/log_inprogress_0
2022-10-28 11:29:04,514 [aa3e6641-ac34-45f8-85b4-6614ff527932-server-thread1] INFO  ratis.XceiverServerRatis (XceiverServerRatis.java:handleLeaderChangedNotification(863)) - Leader change notification received for group: group-EF2AFB36FD63 with new leaderId: 9d921ae2-dac8-442e-8311-fdc102c02170
2022-10-28 11:29:04,514 [aa3e6641-ac34-45f8-85b4-6614ff527932-server-thread1] INFO  server.RaftServer$Division (ServerState.java:setLeader(313)) - aa3e6641-ac34-45f8-85b4-6614ff527932@group-EF2AFB36FD63: change Leader from null to 9d921ae2-dac8-442e-8311-fdc102c02170 at term 2 for appendEntries, leader elected after 10476ms
2022-10-28 11:29:04,518 [grpc-default-executor-0] WARN  server.GrpcLogAppender (LogUtils.java:warn(122)) - 0c9bf628-edfc-473a-824e-eb061e1afdb3@group-6EDC1BDBC3EA->1914ef14-e927-4aee-a78a-186b0a6a783b-AppendLogResponseHandler: Failed appendEntries: org.apache.ratis.thirdparty.io.grpc.StatusRuntimeException: UNAVAILABLE: io exception
2022-10-28 11:29:04,519 [grpc-default-executor-0] WARN  server.GrpcLogAppender (GrpcLogAppender.java:resetClient(131)) - 0c9bf628-edfc-473a-824e-eb061e1afdb3@group-6EDC1BDBC3EA->1914ef14-e927-4aee-a78a-186b0a6a783b-GrpcLogAppender: Leader has not got in touch with Follower 0c9bf628-edfc-473a-824e-eb061e1afdb3@group-6EDC1BDBC3EA->1914ef14-e927-4aee-a78a-186b0a6a783b(c0,m0,n1, attendVote=true, lastRpcSendTime=29, lastRpcResponseTime=6322) yet, just keep nextIndex unchanged and retry.
2022-10-28 11:29:04,520 [grpc-default-executor-4] WARN  server.GrpcLogAppender (LogUtils.java:warn(122)) - 0c9bf628-edfc-473a-824e-eb061e1afdb3@group-6EDC1BDBC3EA->1914ef14-e927-4aee-a78a-186b0a6a783b-AppendLogResponseHandler: Failed appendEntries: org.apache.ratis.thirdparty.io.grpc.StatusRuntimeException: UNAVAILABLE: io exception
2022-10-28 11:29:04,520 [grpc-default-executor-4] WARN  server.GrpcLogAppender (GrpcLogAppender.java:resetClient(131)) - 0c9bf628-edfc-473a-824e-eb061e1afdb3@group-6EDC1BDBC3EA->1914ef14-e927-4aee-a78a-186b0a6a783b-GrpcLogAppender: Leader has not got in touch with Follower 0c9bf628-edfc-473a-824e-eb061e1afdb3@group-6EDC1BDBC3EA->1914ef14-e927-4aee-a78a-186b0a6a783b(c0,m0,n1, attendVote=true, lastRpcSendTime=30, lastRpcResponseTime=6324) yet, just keep nextIndex unchanged and retry.
2022-10-28 11:29:04,533 [aa3e6641-ac34-45f8-85b4-6614ff527932-server-thread2] INFO  server.RaftServer$Division (ServerState.java:setRaftConf(430)) - aa3e6641-ac34-45f8-85b4-6614ff527932@group-EF2AFB36FD63: set configuration 0: peers:[9d921ae2-dac8-442e-8311-fdc102c02170|rpc:10.1.0.114:43349|dataStream:|priority:1|startupRole:FOLLOWER, 21cd38f2-3152-4a7b-bfd6-5bc3f4c93f15|rpc:10.1.0.114:41711|dataStream:|priority:0|startupRole:FOLLOWER, aa3e6641-ac34-45f8-85b4-6614ff527932|rpc:10.1.0.114:40629|dataStream:|priority:0|startupRole:FOLLOWER]|listeners:[], old=null
2022-10-28 11:29:04,534 [aa3e6641-ac34-45f8-85b4-6614ff527932-server-thread2] INFO  segmented.SegmentedRaftLogWorker (SegmentedRaftLogWorker.java:startLogSegment(452)) - aa3e6641-ac34-45f8-85b4-6614ff527932@group-EF2AFB36FD63-SegmentedRaftLogWorker: Starting segment from index:0
2022-10-28 11:29:04,559 [aa3e6641-ac34-45f8-85b4-6614ff527932@group-EF2AFB36FD63-SegmentedRaftLogWorker] INFO  segmented.SegmentedRaftLogWorker (SegmentedRaftLogWorker.java:execute(656)) - aa3e6641-ac34-45f8-85b4-6614ff527932@group-EF2AFB36FD63-SegmentedRaftLogWorker: created new log segment /home/runner/work/ozone/ozone/hadoop-ozone/integration-test/target/test-dir/MiniOzoneClusterImpl-6ee34448-fbd8-4951-8ae1-d137d06ced7b/datanode-3/data/ratis/04d33758-9a0e-47b9-ab6d-ef2afb36fd63/current/log_inprogress_0
2022-10-28 11:29:04,661 [Command processor thread] INFO  keyvalue.KeyValueContainer (KeyValueContainer.java:flushAndSyncDB(437)) - Container 1 is synced with bcsId 0.
2022-10-28 11:29:04,661 [Command processor thread] INFO  keyvalue.KeyValueContainer (KeyValueContainer.java:flushAndSyncDB(437)) - Container 1 is synced with bcsId 0.
2022-10-28 11:29:04,667 [Command processor thread] INFO  keyvalue.KeyValueContainer (KeyValueContainer.java:close(352)) - Container 1 is closed with bcsId 0.
2022-10-28 11:29:04,668 [FixedThreadPoolWithAffinityExecutor-8-0] INFO  container.IncrementalContainerReportHandler (AbstractContainerReportHandler.java:updateContainerState(292)) - Moving container #1 to CLOSED state, datanode 7b6afef0-558a-4ad8-bcfc-b2255c7aee53{ip: 10.1.0.114, host: fv-az700-396.2bpskmoaobnu3eckqg1qau4u2h.cx.internal.cloudapp.net, ports: [REPLICATION=33197, RATIS=46219, RATIS_ADMIN=46219, RATIS_SERVER=46219, STANDALONE=34013], networkLocation: /default-rack, certSerialId: null, persistedOpState: IN_SERVICE, persistedOpStateExpiryEpochSec: 0} reported CLOSED replica.
2022-10-28 11:29:04,760 [Listener at 127.0.0.1/42141] INFO  replication.ReplicationManager (ReplicationManager.java:stop(268)) - Stopping Replication Monitor Thread.
2022-10-28 11:29:04,760 [Over Replicated Processor] WARN  replication.OverReplicatedProcessor (OverReplicatedProcessor.java:run(137)) - Over Replicated Processor interrupted. Exiting...
2022-10-28 11:29:04,761 [Under Replicated Processor] WARN  replication.UnderReplicatedProcessor (UnderReplicatedProcessor.java:run(148)) - Under Replicated Processor interrupted. Exiting...
2022-10-28 11:29:04,761 [ReplicationMonitor] INFO  replication.ReplicationManager (ReplicationManager.java:run(557)) - Replication Monitor Thread is stopped
2022-10-28 11:29:05,106 [grpc-default-executor-5] WARN  server.GrpcLogAppender (LogUtils.java:warn(122)) - 0c9bf628-edfc-473a-824e-eb061e1afdb3@group-B457E25CD9B9->1914ef14-e927-4aee-a78a-186b0a6a783b-AppendLogResponseHandler: Failed appendEntries: org.apache.ratis.thirdparty.io.grpc.StatusRuntimeException: UNAVAILABLE: io exception
2022-10-28 11:29:05,106 [grpc-default-executor-2] WARN  server.GrpcLogAppender (LogUtils.java:warn(122)) - 0c9bf628-edfc-473a-824e-eb061e1afdb3@group-B457E25CD9B9->1914ef14-e927-4aee-a78a-186b0a6a783b-AppendLogResponseHandler: Failed appendEntries: org.apache.ratis.thirdparty.io.grpc.StatusRuntimeException: UNAVAILABLE: io exception
2022-10-28 11:29:05,107 [grpc-default-executor-5] WARN  server.GrpcLogAppender (GrpcLogAppender.java:resetClient(131)) - 0c9bf628-edfc-473a-824e-eb061e1afdb3@group-B457E25CD9B9->1914ef14-e927-4aee-a78a-186b0a6a783b-GrpcLogAppender: Leader has not got in touch with Follower 0c9bf628-edfc-473a-824e-eb061e1afdb3@group-B457E25CD9B9->1914ef14-e927-4aee-a78a-186b0a6a783b(c-1,m0,n1, attendVote=true, lastRpcSendTime=1243, lastRpcResponseTime=6460) yet, just keep nextIndex unchanged and retry.
2022-10-28 11:29:05,108 [grpc-default-executor-2] WARN  server.GrpcLogAppender (GrpcLogAppender.java:resetClient(131)) - 0c9bf628-edfc-473a-824e-eb061e1afdb3@group-B457E25CD9B9->1914ef14-e927-4aee-a78a-186b0a6a783b-GrpcLogAppender: Leader has not got in touch with Follower 0c9bf628-edfc-473a-824e-eb061e1afdb3@group-B457E25CD9B9->1914ef14-e927-4aee-a78a-186b0a6a783b(c-1,m0,n1, attendVote=true, lastRpcSendTime=1245, lastRpcResponseTime=6461) yet, just keep nextIndex unchanged and retry.
2022-10-28 11:29:05,115 [grpc-default-executor-2] WARN  server.GrpcLogAppender (LogUtils.java:warn(122)) - 0c9bf628-edfc-473a-824e-eb061e1afdb3@group-B457E25CD9B9->1914ef14-e927-4aee-a78a-186b0a6a783b-AppendLogResponseHandler: Failed appendEntries: org.apache.ratis.thirdparty.io.grpc.StatusRuntimeException: UNAVAILABLE: io exception
2022-10-28 11:29:05,115 [grpc-default-executor-5] WARN  server.GrpcLogAppender (LogUtils.java:warn(122)) - 0c9bf628-edfc-473a-824e-eb061e1afdb3@group-B457E25CD9B9->1914ef14-e927-4aee-a78a-186b0a6a783b-AppendLogResponseHandler: Failed appendEntries: org.apache.ratis.thirdparty.io.grpc.StatusRuntimeException: UNAVAILABLE: io exception
2022-10-28 11:29:05,116 [grpc-default-executor-2] WARN  server.GrpcLogAppender (GrpcLogAppender.java:resetClient(131)) - 0c9bf628-edfc-473a-824e-eb061e1afdb3@group-B457E25CD9B9->1914ef14-e927-4aee-a78a-186b0a6a783b-GrpcLogAppender: Leader has not got in touch with Follower 0c9bf628-edfc-473a-824e-eb061e1afdb3@group-B457E25CD9B9->1914ef14-e927-4aee-a78a-186b0a6a783b(c-1,m0,n1, attendVote=true, lastRpcSendTime=1253, lastRpcResponseTime=6469) yet, just keep nextIndex unchanged and retry.
2022-10-28 11:29:05,117 [grpc-default-executor-5] WARN  server.GrpcLogAppender (GrpcLogAppender.java:resetClient(131)) - 0c9bf628-edfc-473a-824e-eb061e1afdb3@group-B457E25CD9B9->1914ef14-e927-4aee-a78a-186b0a6a783b-GrpcLogAppender: Leader has not got in touch with Follower 0c9bf628-edfc-473a-824e-eb061e1afdb3@group-B457E25CD9B9->1914ef14-e927-4aee-a78a-186b0a6a783b(c-1,m0,n1, attendVote=true, lastRpcSendTime=1254, lastRpcResponseTime=6470) yet, just keep nextIndex unchanged and retry.
2022-10-28 11:29:05,118 [grpc-default-executor-5] WARN  server.GrpcLogAppender (LogUtils.java:warn(122)) - 0c9bf628-edfc-473a-824e-eb061e1afdb3@group-B457E25CD9B9->1914ef14-e927-4aee-a78a-186b0a6a783b-AppendLogResponseHandler: Failed appendEntries: org.apache.ratis.thirdparty.io.grpc.StatusRuntimeException: UNAVAILABLE: io exception
2022-10-28 11:29:05,118 [grpc-default-executor-2] WARN  server.GrpcLogAppender (LogUtils.java:warn(122)) - 0c9bf628-edfc-473a-824e-eb061e1afdb3@group-B457E25CD9B9->1914ef14-e927-4aee-a78a-186b0a6a783b-AppendLogResponseHandler: Failed appendEntries: org.apache.ratis.thirdparty.io.grpc.StatusRuntimeException: UNAVAILABLE: io exception
2022-10-28 11:29:05,119 [grpc-default-executor-5] WARN  server.GrpcLogAppender (GrpcLogAppender.java:resetClient(131)) - 0c9bf628-edfc-473a-824e-eb061e1afdb3@group-B457E25CD9B9->1914ef14-e927-4aee-a78a-186b0a6a783b-GrpcLogAppender: Leader has not got in touch with Follower 0c9bf628-edfc-473a-824e-eb061e1afdb3@group-B457E25CD9B9->1914ef14-e927-4aee-a78a-186b0a6a783b(c-1,m0,n1, attendVote=true, lastRpcSendTime=1256, lastRpcResponseTime=6472) yet, just keep nextIndex unchanged and retry.
2022-10-28 11:29:05,120 [grpc-default-executor-2] WARN  server.GrpcLogAppender (GrpcLogAppender.java:resetClient(131)) - 0c9bf628-edfc-473a-824e-eb061e1afdb3@group-B457E25CD9B9->1914ef14-e927-4aee-a78a-186b0a6a783b-GrpcLogAppender: Leader has not got in touch with Follower 0c9bf628-edfc-473a-824e-eb061e1afdb3@group-B457E25CD9B9->1914ef14-e927-4aee-a78a-186b0a6a783b(c-1,m0,n1, attendVote=true, lastRpcSendTime=1257, lastRpcResponseTime=6473) yet, just keep nextIndex unchanged and retry.
2022-10-28 11:29:05,120 [grpc-default-executor-2] WARN  server.GrpcLogAppender (LogUtils.java:warn(122)) - 0c9bf628-edfc-473a-824e-eb061e1afdb3@group-B457E25CD9B9->1914ef14-e927-4aee-a78a-186b0a6a783b-AppendLogResponseHandler: Failed appendEntries: org.apache.ratis.thirdparty.io.grpc.StatusRuntimeException: UNAVAILABLE: io exception
2022-10-28 11:29:05,121 [grpc-default-executor-5] WARN  server.GrpcLogAppender (LogUtils.java:warn(122)) - 0c9bf628-edfc-473a-824e-eb061e1afdb3@group-B457E25CD9B9->1914ef14-e927-4aee-a78a-186b0a6a783b-AppendLogResponseHandler: Failed appendEntries: org.apache.ratis.thirdparty.io.grpc.StatusRuntimeException: UNAVAILABLE: io exception
2022-10-28 11:29:05,121 [grpc-default-executor-2] WARN  server.GrpcLogAppender (GrpcLogAppender.java:resetClient(131)) - 0c9bf628-edfc-473a-824e-eb061e1afdb3@group-B457E25CD9B9->1914ef14-e927-4aee-a78a-186b0a6a783b-GrpcLogAppender: Leader has not got in touch with Follower 0c9bf628-edfc-473a-824e-eb061e1afdb3@group-B457E25CD9B9->1914ef14-e927-4aee-a78a-186b0a6a783b(c-1,m0,n1, attendVote=true, lastRpcSendTime=1258, lastRpcResponseTime=6474) yet, just keep nextIndex unchanged and retry.
2022-10-28 11:29:05,121 [grpc-default-executor-5] WARN  server.GrpcLogAppender (GrpcLogAppender.java:resetClient(131)) - 0c9bf628-edfc-473a-824e-eb061e1afdb3@group-B457E25CD9B9->1914ef14-e927-4aee-a78a-186b0a6a783b-GrpcLogAppender: Leader has not got in touch with Follower 0c9bf628-edfc-473a-824e-eb061e1afdb3@group-B457E25CD9B9->1914ef14-e927-4aee-a78a-186b0a6a783b(c-1,m0,n1, attendVote=true, lastRpcSendTime=1258, lastRpcResponseTime=6474) yet, just keep nextIndex unchanged and retry.
2022-10-28 11:29:05,122 [grpc-default-executor-5] WARN  server.GrpcLogAppender (LogUtils.java:warn(122)) - 0c9bf628-edfc-473a-824e-eb061e1afdb3@group-B457E25CD9B9->1914ef14-e927-4aee-a78a-186b0a6a783b-AppendLogResponseHandler: Failed appendEntries: org.apache.ratis.thirdparty.io.grpc.StatusRuntimeException: UNAVAILABLE: io exception
2022-10-28 11:29:05,122 [grpc-default-executor-2] WARN  server.GrpcLogAppender (LogUtils.java:warn(122)) - 0c9bf628-edfc-473a-824e-eb061e1afdb3@group-B457E25CD9B9->1914ef14-e927-4aee-a78a-186b0a6a783b-AppendLogResponseHandler: Failed appendEntries: org.apache.ratis.thirdparty.io.grpc.StatusRuntimeException: UNAVAILABLE: io exception
2022-10-28 11:29:05,123 [grpc-default-executor-5] WARN  server.GrpcLogAppender (GrpcLogAppender.java:resetClient(131)) - 0c9bf628-edfc-473a-824e-eb061e1afdb3@group-B457E25CD9B9->1914ef14-e927-4aee-a78a-186b0a6a783b-GrpcLogAppender: Leader has not got in touch with Follower 0c9bf628-edfc-473a-824e-eb061e1afdb3@group-B457E25CD9B9->1914ef14-e927-4aee-a78a-186b0a6a783b(c-1,m0,n1, attendVote=true, lastRpcSendTime=1259, lastRpcResponseTime=6476) yet, just keep nextIndex unchanged and retry.
2022-10-28 11:29:05,124 [grpc-default-executor-2] WARN  server.GrpcLogAppender (GrpcLogAppender.java:resetClient(131)) - 0c9bf628-edfc-473a-824e-eb061e1afdb3@group-B457E25CD9B9->1914ef14-e927-4aee-a78a-186b0a6a783b-GrpcLogAppender: Leader has not got in touch with Follower 0c9bf628-edfc-473a-824e-eb061e1afdb3@group-B457E25CD9B9->1914ef14-e927-4aee-a78a-186b0a6a783b(c-1,m0,n1, attendVote=true, lastRpcSendTime=1261, lastRpcResponseTime=6477) yet, just keep nextIndex unchanged and retry.
2022-10-28 11:29:05,124 [grpc-default-executor-2] WARN  server.GrpcLogAppender (LogUtils.java:warn(122)) - 0c9bf628-edfc-473a-824e-eb061e1afdb3@group-B457E25CD9B9->1914ef14-e927-4aee-a78a-186b0a6a783b-AppendLogResponseHandler: Failed appendEntries: org.apache.ratis.thirdparty.io.grpc.StatusRuntimeException: UNAVAILABLE: io exception
2022-10-28 11:29:05,125 [grpc-default-executor-5] WARN  server.GrpcLogAppender (LogUtils.java:warn(122)) - 0c9bf628-edfc-473a-824e-eb061e1afdb3@group-B457E25CD9B9->1914ef14-e927-4aee-a78a-186b0a6a783b-AppendLogResponseHandler: Failed appendEntries: org.apache.ratis.thirdparty.io.grpc.StatusRuntimeException: UNAVAILABLE: io exception
2022-10-28 11:29:05,125 [grpc-default-executor-2] WARN  server.GrpcLogAppender (GrpcLogAppender.java:resetClient(131)) - 0c9bf628-edfc-473a-824e-eb061e1afdb3@group-B457E25CD9B9->1914ef14-e927-4aee-a78a-186b0a6a783b-GrpcLogAppender: Leader has not got in touch with Follower 0c9bf628-edfc-473a-824e-eb061e1afdb3@group-B457E25CD9B9->1914ef14-e927-4aee-a78a-186b0a6a783b(c-1,m0,n1, attendVote=true, lastRpcSendTime=1262, lastRpcResponseTime=6478) yet, just keep nextIndex unchanged and retry.
2022-10-28 11:29:05,125 [grpc-default-executor-5] WARN  server.GrpcLogAppender (GrpcLogAppender.java:resetClient(131)) - 0c9bf628-edfc-473a-824e-eb061e1afdb3@group-B457E25CD9B9->1914ef14-e927-4aee-a78a-186b0a6a783b-GrpcLogAppender: Leader has not got in touch with Follower 0c9bf628-edfc-473a-824e-eb061e1afdb3@group-B457E25CD9B9->1914ef14-e927-4aee-a78a-186b0a6a783b(c-1,m0,n1, attendVote=true, lastRpcSendTime=1262, lastRpcResponseTime=6478) yet, just keep nextIndex unchanged and retry.
2022-10-28 11:29:05,126 [grpc-default-executor-2] WARN  server.GrpcLogAppender (LogUtils.java:warn(122)) - 0c9bf628-edfc-473a-824e-eb061e1afdb3@group-B457E25CD9B9->1914ef14-e927-4aee-a78a-186b0a6a783b-AppendLogResponseHandler: Failed appendEntries: org.apache.ratis.thirdparty.io.grpc.StatusRuntimeException: UNAVAILABLE: io exception
2022-10-28 11:29:05,126 [grpc-default-executor-2] WARN  server.GrpcLogAppender (GrpcLogAppender.java:resetClient(131)) - 0c9bf628-edfc-473a-824e-eb061e1afdb3@group-B457E25CD9B9->1914ef14-e927-4aee-a78a-186b0a6a783b-GrpcLogAppender: Leader has not got in touch with Follower 0c9bf628-edfc-473a-824e-eb061e1afdb3@group-B457E25CD9B9->1914ef14-e927-4aee-a78a-186b0a6a783b(c-1,m0,n1, attendVote=true, lastRpcSendTime=0, lastRpcResponseTime=6479) yet, just keep nextIndex unchanged and retry.
2022-10-28 11:29:05,129 [grpc-default-executor-5] WARN  server.GrpcLogAppender (LogUtils.java:warn(122)) - 0c9bf628-edfc-473a-824e-eb061e1afdb3@group-B457E25CD9B9->1914ef14-e927-4aee-a78a-186b0a6a783b-AppendLogResponseHandler: Failed appendEntries: org.apache.ratis.thirdparty.io.grpc.StatusRuntimeException: UNAVAILABLE: io exception
2022-10-28 11:29:05,130 [grpc-default-executor-5] WARN  server.GrpcLogAppender (GrpcLogAppender.java:resetClient(131)) - 0c9bf628-edfc-473a-824e-eb061e1afdb3@group-B457E25CD9B9->1914ef14-e927-4aee-a78a-186b0a6a783b-GrpcLogAppender: Leader has not got in touch with Follower 0c9bf628-edfc-473a-824e-eb061e1afdb3@group-B457E25CD9B9->1914ef14-e927-4aee-a78a-186b0a6a783b(c-1,m0,n1, attendVote=true, lastRpcSendTime=4, lastRpcResponseTime=6483) yet, just keep nextIndex unchanged and retry.
2022-10-28 11:29:05,145 [Command processor thread] INFO  keyvalue.KeyValueContainer (KeyValueContainer.java:flushAndSyncDB(437)) - Container 1 is synced with bcsId 0.
2022-10-28 11:29:05,147 [Command processor thread] INFO  keyvalue.KeyValueContainer (KeyValueContainer.java:flushAndSyncDB(437)) - Container 1 is synced with bcsId 0.
2022-10-28 11:29:05,152 [5d13066c-11e5-40aa-be9d-008405bad973@group-55E06B2F269B-FollowerState] INFO  impl.FollowerState (FollowerState.java:run(143)) - 5d13066c-11e5-40aa-be9d-008405bad973@group-55E06B2F269B-FollowerState: change to CANDIDATE, lastRpcElapsedTime:5123780245ns, electionTimeout:5092ms
2022-10-28 11:29:05,152 [5d13066c-11e5-40aa-be9d-008405bad973@group-55E06B2F269B-FollowerState] INFO  impl.RoleInfo (RoleInfo.java:shutdownFollowerState(110)) - 5d13066c-11e5-40aa-be9d-008405bad973: shutdown 5d13066c-11e5-40aa-be9d-008405bad973@group-55E06B2F269B-FollowerState
2022-10-28 11:29:05,152 [5d13066c-11e5-40aa-be9d-008405bad973@group-55E06B2F269B-FollowerState] INFO  server.RaftServer$Division (RaftServerImpl.java:setRole(321)) - 5d13066c-11e5-40aa-be9d-008405bad973@group-55E06B2F269B: changes role from  FOLLOWER to CANDIDATE at term 1 for changeToCandidate
2022-10-28 11:29:05,152 [5d13066c-11e5-40aa-be9d-008405bad973@group-55E06B2F269B-FollowerState] INFO  server.RaftServerConfigKeys (ConfUtils.java:logGet(46)) - raft.server.leaderelection.pre-vote = false (custom)
2022-10-28 11:29:05,152 [5d13066c-11e5-40aa-be9d-008405bad973@group-55E06B2F269B-FollowerState] INFO  impl.RoleInfo (RoleInfo.java:updateAndGet(139)) - 5d13066c-11e5-40aa-be9d-008405bad973: start 5d13066c-11e5-40aa-be9d-008405bad973@group-55E06B2F269B-LeaderElection24
2022-10-28 11:29:05,157 [d5dd9084-02e9-4cbc-a1b0-4846343450b9@group-55E06B2F269B-FollowerState] INFO  impl.FollowerState (FollowerState.java:run(143)) - d5dd9084-02e9-4cbc-a1b0-4846343450b9@group-55E06B2F269B-FollowerState: change to CANDIDATE, lastRpcElapsedTime:5105438607ns, electionTimeout:5095ms
2022-10-28 11:29:05,157 [d5dd9084-02e9-4cbc-a1b0-4846343450b9@group-55E06B2F269B-FollowerState] INFO  impl.RoleInfo (RoleInfo.java:shutdownFollowerState(110)) - d5dd9084-02e9-4cbc-a1b0-4846343450b9: shutdown d5dd9084-02e9-4cbc-a1b0-4846343450b9@group-55E06B2F269B-FollowerState
2022-10-28 11:29:05,157 [d5dd9084-02e9-4cbc-a1b0-4846343450b9@group-55E06B2F269B-FollowerState] INFO  server.RaftServer$Division (RaftServerImpl.java:setRole(321)) - d5dd9084-02e9-4cbc-a1b0-4846343450b9@group-55E06B2F269B: changes role from  FOLLOWER to CANDIDATE at term 1 for changeToCandidate
2022-10-28 11:29:05,164 [Command processor thread] INFO  keyvalue.KeyValueContainer (KeyValueContainer.java:close(352)) - Container 1 is closed with bcsId 0.
2022-10-28 11:29:05,166 [d5dd9084-02e9-4cbc-a1b0-4846343450b9@group-55E06B2F269B-FollowerState] INFO  server.RaftServerConfigKeys (ConfUtils.java:logGet(46)) - raft.server.leaderelection.pre-vote = false (custom)
2022-10-28 11:29:05,166 [d5dd9084-02e9-4cbc-a1b0-4846343450b9@group-55E06B2F269B-FollowerState] INFO  impl.RoleInfo (RoleInfo.java:updateAndGet(139)) - d5dd9084-02e9-4cbc-a1b0-4846343450b9: start d5dd9084-02e9-4cbc-a1b0-4846343450b9@group-55E06B2F269B-LeaderElection25
2022-10-28 11:29:05,168 [7b6afef0-558a-4ad8-bcfc-b2255c7aee53@group-EB7B5BA8336E-FollowerState] INFO  impl.FollowerState (FollowerState.java:run(143)) - 7b6afef0-558a-4ad8-bcfc-b2255c7aee53@group-EB7B5BA8336E-FollowerState: change to CANDIDATE, lastRpcElapsedTime:5032007554ns, electionTimeout:5011ms
2022-10-28 11:29:05,168 [7b6afef0-558a-4ad8-bcfc-b2255c7aee53@group-EB7B5BA8336E-FollowerState] INFO  impl.RoleInfo (RoleInfo.java:shutdownFollowerState(110)) - 7b6afef0-558a-4ad8-bcfc-b2255c7aee53: shutdown 7b6afef0-558a-4ad8-bcfc-b2255c7aee53@group-EB7B5BA8336E-FollowerState
2022-10-28 11:29:05,168 [7b6afef0-558a-4ad8-bcfc-b2255c7aee53@group-EB7B5BA8336E-FollowerState] INFO  server.RaftServer$Division (RaftServerImpl.java:setRole(321)) - 7b6afef0-558a-4ad8-bcfc-b2255c7aee53@group-EB7B5BA8336E: changes role from  FOLLOWER to CANDIDATE at term 1 for changeToCandidate
2022-10-28 11:29:05,169 [7b6afef0-558a-4ad8-bcfc-b2255c7aee53@group-EB7B5BA8336E-FollowerState] INFO  server.RaftServerConfigKeys (ConfUtils.java:logGet(46)) - raft.server.leaderelection.pre-vote = false (custom)
2022-10-28 11:29:05,169 [7b6afef0-558a-4ad8-bcfc-b2255c7aee53@group-EB7B5BA8336E-FollowerState] INFO  impl.RoleInfo (RoleInfo.java:updateAndGet(139)) - 7b6afef0-558a-4ad8-bcfc-b2255c7aee53: start 7b6afef0-558a-4ad8-bcfc-b2255c7aee53@group-EB7B5BA8336E-LeaderElection26
2022-10-28 11:29:05,175 [5d13066c-11e5-40aa-be9d-008405bad973@group-55E06B2F269B-LeaderElection24] INFO  impl.LeaderElection (LeaderElection.java:askForVotes(312)) - 5d13066c-11e5-40aa-be9d-008405bad973@group-55E06B2F269B-LeaderElection24 ELECTION round 0: submit vote requests at term 2 for -1: peers:[d5dd9084-02e9-4cbc-a1b0-4846343450b9|rpc:10.1.0.114:34363|dataStream:|priority:0|startupRole:FOLLOWER, 7b6afef0-558a-4ad8-bcfc-b2255c7aee53|rpc:10.1.0.114:46219|dataStream:|priority:0|startupRole:FOLLOWER, 5d13066c-11e5-40aa-be9d-008405bad973|rpc:10.1.0.114:35651|dataStream:|priority:1|startupRole:FOLLOWER]|listeners:[], old=null
2022-10-28 11:29:05,175 [d5dd9084-02e9-4cbc-a1b0-4846343450b9@group-55E06B2F269B-LeaderElection25] INFO  impl.LeaderElection (LeaderElection.java:askForVotes(312)) - d5dd9084-02e9-4cbc-a1b0-4846343450b9@group-55E06B2F269B-LeaderElection25 ELECTION round 0: submit vote requests at term 2 for -1: peers:[d5dd9084-02e9-4cbc-a1b0-4846343450b9|rpc:10.1.0.114:34363|priority:0|startupRole:FOLLOWER, 7b6afef0-558a-4ad8-bcfc-b2255c7aee53|rpc:10.1.0.114:46219|priority:0|startupRole:FOLLOWER, 5d13066c-11e5-40aa-be9d-008405bad973|rpc:10.1.0.114:35651|priority:1|startupRole:FOLLOWER]|listeners:[], old=null
2022-10-28 11:29:05,181 [5d13066c-11e5-40aa-be9d-008405bad973@group-55E06B2F269B-LeaderElection24-1] INFO  server.GrpcServerProtocolClient (GrpcServerProtocolClient.java:<init>(63)) - Build channel for d5dd9084-02e9-4cbc-a1b0-4846343450b9
2022-10-28 11:29:05,182 [7b6afef0-558a-4ad8-bcfc-b2255c7aee53@group-EB7B5BA8336E-LeaderElection26] INFO  impl.LeaderElection (LeaderElection.java:askForVotes(312)) - 7b6afef0-558a-4ad8-bcfc-b2255c7aee53@group-EB7B5BA8336E-LeaderElection26 ELECTION round 0: submit vote requests at term 2 for -1: peers:[d5dd9084-02e9-4cbc-a1b0-4846343450b9|rpc:10.1.0.114:34363|dataStream:|priority:1|startupRole:FOLLOWER, 7b6afef0-558a-4ad8-bcfc-b2255c7aee53|rpc:10.1.0.114:46219|dataStream:|priority:0|startupRole:FOLLOWER, 5d13066c-11e5-40aa-be9d-008405bad973|rpc:10.1.0.114:35651|dataStream:|priority:0|startupRole:FOLLOWER]|listeners:[], old=null
2022-10-28 11:29:05,191 [5d13066c-11e5-40aa-be9d-008405bad973@group-55E06B2F269B-LeaderElection24] INFO  server.RaftServerConfigKeys (ConfUtils.java:logFallback(53)) - raft.server.rpc.first-election.timeout.min = 5s (fallback to raft.server.rpc.timeout.min)
2022-10-28 11:29:05,191 [5d13066c-11e5-40aa-be9d-008405bad973@group-55E06B2F269B-LeaderElection24] INFO  server.RaftServerConfigKeys (ConfUtils.java:logFallback(53)) - raft.server.rpc.first-election.timeout.max = 5200ms (fallback to raft.server.rpc.timeout.max)
2022-10-28 11:29:05,191 [5d13066c-11e5-40aa-be9d-008405bad973@group-55E06B2F269B-LeaderElection24-2] INFO  server.GrpcServerProtocolClient (GrpcServerProtocolClient.java:<init>(63)) - Build channel for 7b6afef0-558a-4ad8-bcfc-b2255c7aee53
2022-10-28 11:29:05,197 [grpc-default-executor-5] INFO  server.RaftServer$Division (RaftServerImpl.java:requestVote(1218)) - 7b6afef0-558a-4ad8-bcfc-b2255c7aee53@group-55E06B2F269B: receive requestVote(ELECTION, 5d13066c-11e5-40aa-be9d-008405bad973, group-55E06B2F269B, 2, (t:0, i:0))
2022-10-28 11:29:05,197 [grpc-default-executor-5] INFO  impl.VoteContext (VoteContext.java:log(48)) - 7b6afef0-558a-4ad8-bcfc-b2255c7aee53@group-55E06B2F269B-FOLLOWER: accept ELECTION from 5d13066c-11e5-40aa-be9d-008405bad973: our priority 0 <= candidate's priority 1
2022-10-28 11:29:05,197 [grpc-default-executor-5] INFO  server.RaftServer$Division (RaftServerImpl.java:setRole(321)) - 7b6afef0-558a-4ad8-bcfc-b2255c7aee53@group-55E06B2F269B: changes role from  FOLLOWER to FOLLOWER at term 2 for candidate:5d13066c-11e5-40aa-be9d-008405bad973
2022-10-28 11:29:05,197 [grpc-default-executor-5] INFO  impl.RoleInfo (RoleInfo.java:shutdownFollowerState(110)) - 7b6afef0-558a-4ad8-bcfc-b2255c7aee53: shutdown 7b6afef0-558a-4ad8-bcfc-b2255c7aee53@group-55E06B2F269B-FollowerState
2022-10-28 11:29:05,197 [grpc-default-executor-2] INFO  server.RaftServer$Division (RaftServerImpl.java:requestVote(1218)) - d5dd9084-02e9-4cbc-a1b0-4846343450b9@group-55E06B2F269B: receive requestVote(ELECTION, 5d13066c-11e5-40aa-be9d-008405bad973, group-55E06B2F269B, 2, (t:0, i:0))
2022-10-28 11:29:05,197 [grpc-default-executor-2] INFO  impl.VoteContext (VoteContext.java:log(48)) - d5dd9084-02e9-4cbc-a1b0-4846343450b9@group-55E06B2F269B-CANDIDATE: reject ELECTION from 5d13066c-11e5-40aa-be9d-008405bad973: already has voted for d5dd9084-02e9-4cbc-a1b0-4846343450b9 at current term 2
2022-10-28 11:29:05,197 [grpc-default-executor-2] INFO  server.RaftServer$Division (RaftServerImpl.java:requestVote(1251)) - d5dd9084-02e9-4cbc-a1b0-4846343450b9@group-55E06B2F269B replies to ELECTION vote request: 5d13066c-11e5-40aa-be9d-008405bad973<-d5dd9084-02e9-4cbc-a1b0-4846343450b9#0:FAIL-t2. Peer's state: d5dd9084-02e9-4cbc-a1b0-4846343450b9@group-55E06B2F269B:t2, leader=null, voted=d5dd9084-02e9-4cbc-a1b0-4846343450b9, raftlog=Memoized:d5dd9084-02e9-4cbc-a1b0-4846343450b9@group-55E06B2F269B-SegmentedRaftLog:OPENED:c-1, conf=-1: peers:[d5dd9084-02e9-4cbc-a1b0-4846343450b9|rpc:10.1.0.114:34363|priority:0|startupRole:FOLLOWER, 7b6afef0-558a-4ad8-bcfc-b2255c7aee53|rpc:10.1.0.114:46219|priority:0|startupRole:FOLLOWER, 5d13066c-11e5-40aa-be9d-008405bad973|rpc:10.1.0.114:35651|priority:1|startupRole:FOLLOWER]|listeners:[], old=null
2022-10-28 11:29:05,200 [grpc-default-executor-2] INFO  server.RaftServer$Division (RaftServerImpl.java:requestVote(1218)) - d5dd9084-02e9-4cbc-a1b0-4846343450b9@group-EB7B5BA8336E: receive requestVote(ELECTION, 7b6afef0-558a-4ad8-bcfc-b2255c7aee53, group-EB7B5BA8336E, 2, (t:0, i:0))
2022-10-28 11:29:05,200 [grpc-default-executor-2] INFO  impl.VoteContext (VoteContext.java:log(48)) - d5dd9084-02e9-4cbc-a1b0-4846343450b9@group-EB7B5BA8336E-FOLLOWER: reject ELECTION from 7b6afef0-558a-4ad8-bcfc-b2255c7aee53: our priority 1 > candidate's priority 0
2022-10-28 11:29:05,200 [grpc-default-executor-2] INFO  server.RaftServer$Division (RaftServerImpl.java:setRole(321)) - d5dd9084-02e9-4cbc-a1b0-4846343450b9@group-EB7B5BA8336E: changes role from  FOLLOWER to FOLLOWER at term 2 for candidate:7b6afef0-558a-4ad8-bcfc-b2255c7aee53
2022-10-28 11:29:05,200 [grpc-default-executor-2] INFO  impl.RoleInfo (RoleInfo.java:shutdownFollowerState(110)) - d5dd9084-02e9-4cbc-a1b0-4846343450b9: shutdown d5dd9084-02e9-4cbc-a1b0-4846343450b9@group-EB7B5BA8336E-FollowerState
2022-10-28 11:29:05,202 [7b6afef0-558a-4ad8-bcfc-b2255c7aee53@group-EB7B5BA8336E-LeaderElection26] INFO  server.RaftServerConfigKeys (ConfUtils.java:logFallback(53)) - raft.server.rpc.first-election.timeout.min = 5s (fallback to raft.server.rpc.timeout.min)
2022-10-28 11:29:05,202 [7b6afef0-558a-4ad8-bcfc-b2255c7aee53@group-EB7B5BA8336E-LeaderElection26] INFO  server.RaftServerConfigKeys (ConfUtils.java:logFallback(53)) - raft.server.rpc.first-election.timeout.max = 5200ms (fallback to raft.server.rpc.timeout.max)
2022-10-28 11:29:05,202 [7b6afef0-558a-4ad8-bcfc-b2255c7aee53@group-55E06B2F269B-FollowerState] INFO  impl.FollowerState (FollowerState.java:shouldRun(117)) - 7b6afef0-558a-4ad8-bcfc-b2255c7aee53@group-55E06B2F269B-FollowerState: Stopping now (isRunning? false, role = FOLLOWER)
2022-10-28 11:29:05,206 [d5dd9084-02e9-4cbc-a1b0-4846343450b9@group-55E06B2F269B-LeaderElection25] INFO  server.RaftServerConfigKeys (ConfUtils.java:logFallback(53)) - raft.server.rpc.first-election.timeout.min = 5s (fallback to raft.server.rpc.timeout.min)
2022-10-28 11:29:05,206 [d5dd9084-02e9-4cbc-a1b0-4846343450b9@group-55E06B2F269B-LeaderElection25] INFO  server.RaftServerConfigKeys (ConfUtils.java:logFallback(53)) - raft.server.rpc.first-election.timeout.max = 5200ms (fallback to raft.server.rpc.timeout.max)
2022-10-28 11:29:05,206 [grpc-default-executor-5] INFO  impl.RoleInfo (RoleInfo.java:updateAndGet(139)) - 7b6afef0-558a-4ad8-bcfc-b2255c7aee53: start 7b6afef0-558a-4ad8-bcfc-b2255c7aee53@group-55E06B2F269B-FollowerState
2022-10-28 11:29:05,207 [grpc-default-executor-4] INFO  server.RaftServer$Division (RaftServerImpl.java:requestVote(1218)) - 7b6afef0-558a-4ad8-bcfc-b2255c7aee53@group-55E06B2F269B: receive requestVote(ELECTION, d5dd9084-02e9-4cbc-a1b0-4846343450b9, group-55E06B2F269B, 2, (t:0, i:0))
2022-10-28 11:29:05,208 [7b6afef0-558a-4ad8-bcfc-b2255c7aee53@group-55E06B2F269B-FollowerState] INFO  server.RaftServerConfigKeys (ConfUtils.java:logFallback(53)) - raft.server.rpc.first-election.timeout.min = 5s (fallback to raft.server.rpc.timeout.min)
2022-10-28 11:29:05,208 [7b6afef0-558a-4ad8-bcfc-b2255c7aee53@group-55E06B2F269B-FollowerState] INFO  server.RaftServerConfigKeys (ConfUtils.java:logFallback(53)) - raft.server.rpc.first-election.timeout.max = 5200ms (fallback to raft.server.rpc.timeout.max)
2022-10-28 11:29:05,208 [grpc-default-executor-5] INFO  server.RaftServer$Division (RaftServerImpl.java:requestVote(1251)) - 7b6afef0-558a-4ad8-bcfc-b2255c7aee53@group-55E06B2F269B replies to ELECTION vote request: 5d13066c-11e5-40aa-be9d-008405bad973<-7b6afef0-558a-4ad8-bcfc-b2255c7aee53#0:OK-t2. Peer's state: 7b6afef0-558a-4ad8-bcfc-b2255c7aee53@group-55E06B2F269B:t2, leader=null, voted=5d13066c-11e5-40aa-be9d-008405bad973, raftlog=Memoized:7b6afef0-558a-4ad8-bcfc-b2255c7aee53@group-55E06B2F269B-SegmentedRaftLog:OPENED:c-1, conf=-1: peers:[d5dd9084-02e9-4cbc-a1b0-4846343450b9|rpc:10.1.0.114:34363|dataStream:|priority:0|startupRole:FOLLOWER, 7b6afef0-558a-4ad8-bcfc-b2255c7aee53|rpc:10.1.0.114:46219|dataStream:|priority:0|startupRole:FOLLOWER, 5d13066c-11e5-40aa-be9d-008405bad973|rpc:10.1.0.114:35651|dataStream:|priority:1|startupRole:FOLLOWER]|listeners:[], old=null
2022-10-28 11:29:05,209 [d5dd9084-02e9-4cbc-a1b0-4846343450b9@group-EB7B5BA8336E-FollowerState] INFO  impl.FollowerState (FollowerState.java:run(152)) - d5dd9084-02e9-4cbc-a1b0-4846343450b9@group-EB7B5BA8336E-FollowerState was interrupted
2022-10-28 11:29:05,214 [grpc-default-executor-4] INFO  impl.VoteContext (VoteContext.java:log(48)) - 7b6afef0-558a-4ad8-bcfc-b2255c7aee53@group-55E06B2F269B-FOLLOWER: reject ELECTION from d5dd9084-02e9-4cbc-a1b0-4846343450b9: already has voted for 5d13066c-11e5-40aa-be9d-008405bad973 at current term 2
2022-10-28 11:29:05,214 [grpc-default-executor-2] INFO  impl.RoleInfo (RoleInfo.java:updateAndGet(139)) - d5dd9084-02e9-4cbc-a1b0-4846343450b9: start d5dd9084-02e9-4cbc-a1b0-4846343450b9@group-EB7B5BA8336E-FollowerState
2022-10-28 11:29:05,214 [grpc-default-executor-4] INFO  server.RaftServer$Division (RaftServerImpl.java:requestVote(1251)) - 7b6afef0-558a-4ad8-bcfc-b2255c7aee53@group-55E06B2F269B replies to ELECTION vote request: d5dd9084-02e9-4cbc-a1b0-4846343450b9<-7b6afef0-558a-4ad8-bcfc-b2255c7aee53#0:FAIL-t2. Peer's state: 7b6afef0-558a-4ad8-bcfc-b2255c7aee53@group-55E06B2F269B:t2, leader=null, voted=5d13066c-11e5-40aa-be9d-008405bad973, raftlog=Memoized:7b6afef0-558a-4ad8-bcfc-b2255c7aee53@group-55E06B2F269B-SegmentedRaftLog:OPENED:c-1, conf=-1: peers:[d5dd9084-02e9-4cbc-a1b0-4846343450b9|rpc:10.1.0.114:34363|dataStream:|priority:0|startupRole:FOLLOWER, 7b6afef0-558a-4ad8-bcfc-b2255c7aee53|rpc:10.1.0.114:46219|dataStream:|priority:0|startupRole:FOLLOWER, 5d13066c-11e5-40aa-be9d-008405bad973|rpc:10.1.0.114:35651|dataStream:|priority:1|startupRole:FOLLOWER]|listeners:[], old=null
2022-10-28 11:29:05,217 [d5dd9084-02e9-4cbc-a1b0-4846343450b9@group-EB7B5BA8336E-FollowerState] INFO  server.RaftServerConfigKeys (ConfUtils.java:logFallback(53)) - raft.server.rpc.first-election.timeout.min = 5s (fallback to raft.server.rpc.timeout.min)
2022-10-28 11:29:05,217 [d5dd9084-02e9-4cbc-a1b0-4846343450b9@group-EB7B5BA8336E-FollowerState] INFO  server.RaftServerConfigKeys (ConfUtils.java:logFallback(53)) - raft.server.rpc.first-election.timeout.max = 5200ms (fallback to raft.server.rpc.timeout.max)
2022-10-28 11:29:05,217 [grpc-default-executor-2] INFO  server.RaftServer$Division (RaftServerImpl.java:requestVote(1251)) - d5dd9084-02e9-4cbc-a1b0-4846343450b9@group-EB7B5BA8336E replies to ELECTION vote request: 7b6afef0-558a-4ad8-bcfc-b2255c7aee53<-d5dd9084-02e9-4cbc-a1b0-4846343450b9#0:FAIL-t2. Peer's state: d5dd9084-02e9-4cbc-a1b0-4846343450b9@group-EB7B5BA8336E:t2, leader=null, voted=null, raftlog=Memoized:d5dd9084-02e9-4cbc-a1b0-4846343450b9@group-EB7B5BA8336E-SegmentedRaftLog:OPENED:c-1, conf=-1: peers:[d5dd9084-02e9-4cbc-a1b0-4846343450b9|rpc:10.1.0.114:34363|priority:1|startupRole:FOLLOWER, 7b6afef0-558a-4ad8-bcfc-b2255c7aee53|rpc:10.1.0.114:46219|priority:0|startupRole:FOLLOWER, 5d13066c-11e5-40aa-be9d-008405bad973|rpc:10.1.0.114:35651|priority:0|startupRole:FOLLOWER]|listeners:[], old=null
2022-10-28 11:29:05,223 [7b6afef0-558a-4ad8-bcfc-b2255c7aee53@group-EB7B5BA8336E-LeaderElection26] INFO  impl.LeaderElection (LeaderElection.java:logAndReturn(90)) - 7b6afef0-558a-4ad8-bcfc-b2255c7aee53@group-EB7B5BA8336E-LeaderElection26: ELECTION REJECTED received 1 response(s) and 0 exception(s):
2022-10-28 11:29:05,223 [7b6afef0-558a-4ad8-bcfc-b2255c7aee53@group-EB7B5BA8336E-LeaderElection26] INFO  impl.LeaderElection (LeaderElection.java:logAndReturn(94)) -   Response 0: 7b6afef0-558a-4ad8-bcfc-b2255c7aee53<-d5dd9084-02e9-4cbc-a1b0-4846343450b9#0:FAIL-t2
2022-10-28 11:29:05,223 [7b6afef0-558a-4ad8-bcfc-b2255c7aee53@group-EB7B5BA8336E-LeaderElection26] INFO  impl.LeaderElection (LeaderElection.java:askForVotes(314)) - 7b6afef0-558a-4ad8-bcfc-b2255c7aee53@group-EB7B5BA8336E-LeaderElection26 ELECTION round 0: result REJECTED
2022-10-28 11:29:05,223 [7b6afef0-558a-4ad8-bcfc-b2255c7aee53@group-EB7B5BA8336E-LeaderElection26] INFO  server.RaftServer$Division (RaftServerImpl.java:setRole(321)) - 7b6afef0-558a-4ad8-bcfc-b2255c7aee53@group-EB7B5BA8336E: changes role from CANDIDATE to FOLLOWER at term 2 for REJECTED
2022-10-28 11:29:05,223 [7b6afef0-558a-4ad8-bcfc-b2255c7aee53@group-EB7B5BA8336E-LeaderElection26] INFO  impl.RoleInfo (RoleInfo.java:shutdownLeaderElection(130)) - 7b6afef0-558a-4ad8-bcfc-b2255c7aee53: shutdown 7b6afef0-558a-4ad8-bcfc-b2255c7aee53@group-EB7B5BA8336E-LeaderElection26
2022-10-28 11:29:05,223 [7b6afef0-558a-4ad8-bcfc-b2255c7aee53@group-EB7B5BA8336E-LeaderElection26] INFO  impl.RoleInfo (RoleInfo.java:updateAndGet(139)) - 7b6afef0-558a-4ad8-bcfc-b2255c7aee53: start 7b6afef0-558a-4ad8-bcfc-b2255c7aee53@group-EB7B5BA8336E-FollowerState
2022-10-28 11:29:05,227 [grpc-default-executor-5] INFO  server.RaftServer$Division (RaftServerImpl.java:requestVote(1218)) - 5d13066c-11e5-40aa-be9d-008405bad973@group-55E06B2F269B: receive requestVote(ELECTION, d5dd9084-02e9-4cbc-a1b0-4846343450b9, group-55E06B2F269B, 2, (t:0, i:0))
2022-10-28 11:29:05,227 [grpc-default-executor-5] INFO  impl.VoteContext (VoteContext.java:log(48)) - 5d13066c-11e5-40aa-be9d-008405bad973@group-55E06B2F269B-CANDIDATE: reject ELECTION from d5dd9084-02e9-4cbc-a1b0-4846343450b9: already has voted for 5d13066c-11e5-40aa-be9d-008405bad973 at current term 2
2022-10-28 11:29:05,227 [grpc-default-executor-5] INFO  server.RaftServer$Division (RaftServerImpl.java:requestVote(1251)) - 5d13066c-11e5-40aa-be9d-008405bad973@group-55E06B2F269B replies to ELECTION vote request: d5dd9084-02e9-4cbc-a1b0-4846343450b9<-5d13066c-11e5-40aa-be9d-008405bad973#0:FAIL-t2. Peer's state: 5d13066c-11e5-40aa-be9d-008405bad973@group-55E06B2F269B:t2, leader=null, voted=5d13066c-11e5-40aa-be9d-008405bad973, raftlog=Memoized:5d13066c-11e5-40aa-be9d-008405bad973@group-55E06B2F269B-SegmentedRaftLog:OPENED:c-1, conf=-1: peers:[d5dd9084-02e9-4cbc-a1b0-4846343450b9|rpc:10.1.0.114:34363|dataStream:|priority:0|startupRole:FOLLOWER, 7b6afef0-558a-4ad8-bcfc-b2255c7aee53|rpc:10.1.0.114:46219|dataStream:|priority:0|startupRole:FOLLOWER, 5d13066c-11e5-40aa-be9d-008405bad973|rpc:10.1.0.114:35651|dataStream:|priority:1|startupRole:FOLLOWER]|listeners:[], old=null
2022-10-28 11:29:05,227 [grpc-default-executor-4] INFO  server.RaftServer$Division (RaftServerImpl.java:requestVote(1218)) - 5d13066c-11e5-40aa-be9d-008405bad973@group-EB7B5BA8336E: receive requestVote(ELECTION, 7b6afef0-558a-4ad8-bcfc-b2255c7aee53, group-EB7B5BA8336E, 2, (t:0, i:0))
2022-10-28 11:29:05,228 [grpc-default-executor-4] INFO  impl.VoteContext (VoteContext.java:log(48)) - 5d13066c-11e5-40aa-be9d-008405bad973@group-EB7B5BA8336E-FOLLOWER: accept ELECTION from 7b6afef0-558a-4ad8-bcfc-b2255c7aee53: our priority 0 <= candidate's priority 0
2022-10-28 11:29:05,228 [grpc-default-executor-4] INFO  server.RaftServer$Division (RaftServerImpl.java:setRole(321)) - 5d13066c-11e5-40aa-be9d-008405bad973@group-EB7B5BA8336E: changes role from  FOLLOWER to FOLLOWER at term 2 for candidate:7b6afef0-558a-4ad8-bcfc-b2255c7aee53
2022-10-28 11:29:05,228 [grpc-default-executor-4] INFO  impl.RoleInfo (RoleInfo.java:shutdownFollowerState(110)) - 5d13066c-11e5-40aa-be9d-008405bad973: shutdown 5d13066c-11e5-40aa-be9d-008405bad973@group-EB7B5BA8336E-FollowerState
2022-10-28 11:29:05,228 [grpc-default-executor-4] INFO  impl.RoleInfo (RoleInfo.java:updateAndGet(139)) - 5d13066c-11e5-40aa-be9d-008405bad973: start 5d13066c-11e5-40aa-be9d-008405bad973@group-EB7B5BA8336E-FollowerState
2022-10-28 11:29:05,228 [5d13066c-11e5-40aa-be9d-008405bad973@group-EB7B5BA8336E-FollowerState] INFO  impl.FollowerState (FollowerState.java:run(152)) - 5d13066c-11e5-40aa-be9d-008405bad973@group-EB7B5BA8336E-FollowerState was interrupted
2022-10-28 11:29:05,228 [5d13066c-11e5-40aa-be9d-008405bad973@group-55E06B2F269B-LeaderElection24] INFO  impl.LeaderElection (LeaderElection.java:logAndReturn(90)) - 5d13066c-11e5-40aa-be9d-008405bad973@group-55E06B2F269B-LeaderElection24: ELECTION PASSED received 2 response(s) and 0 exception(s):
2022-10-28 11:29:05,228 [5d13066c-11e5-40aa-be9d-008405bad973@group-55E06B2F269B-LeaderElection24] INFO  impl.LeaderElection (LeaderElection.java:logAndReturn(94)) -   Response 0: 5d13066c-11e5-40aa-be9d-008405bad973<-d5dd9084-02e9-4cbc-a1b0-4846343450b9#0:FAIL-t2
2022-10-28 11:29:05,228 [5d13066c-11e5-40aa-be9d-008405bad973@group-55E06B2F269B-LeaderElection24] INFO  impl.LeaderElection (LeaderElection.java:logAndReturn(94)) -   Response 1: 5d13066c-11e5-40aa-be9d-008405bad973<-7b6afef0-558a-4ad8-bcfc-b2255c7aee53#0:OK-t2
2022-10-28 11:29:05,228 [7b6afef0-558a-4ad8-bcfc-b2255c7aee53@group-EB7B5BA8336E-FollowerState] INFO  server.RaftServerConfigKeys (ConfUtils.java:logFallback(53)) - raft.server.rpc.first-election.timeout.min = 5s (fallback to raft.server.rpc.timeout.min)
2022-10-28 11:29:05,229 [7b6afef0-558a-4ad8-bcfc-b2255c7aee53@group-EB7B5BA8336E-FollowerState] INFO  server.RaftServerConfigKeys (ConfUtils.java:logFallback(53)) - raft.server.rpc.first-election.timeout.max = 5200ms (fallback to raft.server.rpc.timeout.max)
2022-10-28 11:29:05,238 [5d13066c-11e5-40aa-be9d-008405bad973@group-55E06B2F269B-LeaderElection24] INFO  impl.LeaderElection (LeaderElection.java:askForVotes(314)) - 5d13066c-11e5-40aa-be9d-008405bad973@group-55E06B2F269B-LeaderElection24 ELECTION round 0: result PASSED
2022-10-28 11:29:05,238 [5d13066c-11e5-40aa-be9d-008405bad973@group-55E06B2F269B-LeaderElection24] INFO  impl.RoleInfo (RoleInfo.java:shutdownLeaderElection(130)) - 5d13066c-11e5-40aa-be9d-008405bad973: shutdown 5d13066c-11e5-40aa-be9d-008405bad973@group-55E06B2F269B-LeaderElection24
2022-10-28 11:29:05,238 [d5dd9084-02e9-4cbc-a1b0-4846343450b9@group-55E06B2F269B-LeaderElection25] INFO  impl.LeaderElection (LeaderElection.java:logAndReturn(90)) - d5dd9084-02e9-4cbc-a1b0-4846343450b9@group-55E06B2F269B-LeaderElection25: ELECTION REJECTED received 2 response(s) and 0 exception(s):
2022-10-28 11:29:05,238 [5d13066c-11e5-40aa-be9d-008405bad973@group-55E06B2F269B-LeaderElection24] INFO  server.RaftServer$Division (RaftServerImpl.java:setRole(321)) - 5d13066c-11e5-40aa-be9d-008405bad973@group-55E06B2F269B: changes role from CANDIDATE to LEADER at term 2 for changeToLeader
2022-10-28 11:29:05,238 [d5dd9084-02e9-4cbc-a1b0-4846343450b9@group-55E06B2F269B-LeaderElection25] INFO  impl.LeaderElection (LeaderElection.java:logAndReturn(94)) -   Response 0: d5dd9084-02e9-4cbc-a1b0-4846343450b9<-7b6afef0-558a-4ad8-bcfc-b2255c7aee53#0:FAIL-t2
2022-10-28 11:29:05,238 [5d13066c-11e5-40aa-be9d-008405bad973@group-55E06B2F269B-LeaderElection24] INFO  ratis.XceiverServerRatis (XceiverServerRatis.java:handleLeaderChangedNotification(863)) - Leader change notification received for group: group-55E06B2F269B with new leaderId: 5d13066c-11e5-40aa-be9d-008405bad973
2022-10-28 11:29:05,238 [d5dd9084-02e9-4cbc-a1b0-4846343450b9@group-55E06B2F269B-LeaderElection25] INFO  impl.LeaderElection (LeaderElection.java:logAndReturn(94)) -   Response 1: d5dd9084-02e9-4cbc-a1b0-4846343450b9<-5d13066c-11e5-40aa-be9d-008405bad973#0:FAIL-t2
2022-10-28 11:29:05,239 [d5dd9084-02e9-4cbc-a1b0-4846343450b9@group-55E06B2F269B-LeaderElection25] INFO  impl.LeaderElection (LeaderElection.java:askForVotes(314)) - d5dd9084-02e9-4cbc-a1b0-4846343450b9@group-55E06B2F269B-LeaderElection25 ELECTION round 0: result REJECTED
2022-10-28 11:29:05,239 [d5dd9084-02e9-4cbc-a1b0-4846343450b9@group-55E06B2F269B-LeaderElection25] INFO  server.RaftServer$Division (RaftServerImpl.java:setRole(321)) - d5dd9084-02e9-4cbc-a1b0-4846343450b9@group-55E06B2F269B: changes role from CANDIDATE to FOLLOWER at term 2 for REJECTED
2022-10-28 11:29:05,239 [5d13066c-11e5-40aa-be9d-008405bad973@group-55E06B2F269B-LeaderElection24] INFO  server.RaftServer$Division (ServerState.java:setLeader(313)) - 5d13066c-11e5-40aa-be9d-008405bad973@group-55E06B2F269B: change Leader from null to 5d13066c-11e5-40aa-be9d-008405bad973 at term 2 for becomeLeader, leader elected after 10257ms
2022-10-28 11:29:05,239 [d5dd9084-02e9-4cbc-a1b0-4846343450b9@group-55E06B2F269B-LeaderElection25] INFO  impl.RoleInfo (RoleInfo.java:shutdownLeaderElection(130)) - d5dd9084-02e9-4cbc-a1b0-4846343450b9: shutdown d5dd9084-02e9-4cbc-a1b0-4846343450b9@group-55E06B2F269B-LeaderElection25
2022-10-28 11:29:05,239 [5d13066c-11e5-40aa-be9d-008405bad973@group-55E06B2F269B-LeaderElection24] INFO  server.RaftServerConfigKeys (ConfUtils.java:logGet(46)) - raft.server.staging.catchup.gap = 1000 (default)
2022-10-28 11:29:05,239 [d5dd9084-02e9-4cbc-a1b0-4846343450b9@group-55E06B2F269B-LeaderElection25] INFO  impl.RoleInfo (RoleInfo.java:updateAndGet(139)) - d5dd9084-02e9-4cbc-a1b0-4846343450b9: start d5dd9084-02e9-4cbc-a1b0-4846343450b9@group-55E06B2F269B-FollowerState
2022-10-28 11:29:05,239 [5d13066c-11e5-40aa-be9d-008405bad973@group-55E06B2F269B-LeaderElection24] INFO  server.RaftServerConfigKeys (ConfUtils.java:logGet(46)) - raft.server.write.element-limit = 1024 (custom)
2022-10-28 11:29:05,239 [5d13066c-11e5-40aa-be9d-008405bad973@group-55E06B2F269B-LeaderElection24] INFO  server.RaftServerConfigKeys (ConfUtils.java:logGet(46)) - raft.server.write.byte-limit = 1024 M (=1073741824) (custom)
2022-10-28 11:29:05,239 [grpc-default-executor-4] INFO  server.RaftServer$Division (RaftServerImpl.java:requestVote(1251)) - 5d13066c-11e5-40aa-be9d-008405bad973@group-EB7B5BA8336E replies to ELECTION vote request: 7b6afef0-558a-4ad8-bcfc-b2255c7aee53<-5d13066c-11e5-40aa-be9d-008405bad973#0:OK-t2. Peer's state: 5d13066c-11e5-40aa-be9d-008405bad973@group-EB7B5BA8336E:t2, leader=null, voted=7b6afef0-558a-4ad8-bcfc-b2255c7aee53, raftlog=Memoized:5d13066c-11e5-40aa-be9d-008405bad973@group-EB7B5BA8336E-SegmentedRaftLog:OPENED:c-1, conf=-1: peers:[d5dd9084-02e9-4cbc-a1b0-4846343450b9|rpc:10.1.0.114:34363|dataStream:|priority:1|startupRole:FOLLOWER, 7b6afef0-558a-4ad8-bcfc-b2255c7aee53|rpc:10.1.0.114:46219|dataStream:|priority:0|startupRole:FOLLOWER, 5d13066c-11e5-40aa-be9d-008405bad973|rpc:10.1.0.114:35651|dataStream:|priority:0|startupRole:FOLLOWER]|listeners:[], old=null
2022-10-28 11:29:05,239 [5d13066c-11e5-40aa-be9d-008405bad973@group-55E06B2F269B-LeaderElection24] INFO  server.RaftServerConfigKeys (ConfUtils.java:logGet(46)) - raft.server.watch.timeout = 180s (custom)
2022-10-28 11:29:05,239 [5d13066c-11e5-40aa-be9d-008405bad973@group-55E06B2F269B-LeaderElection24] INFO  server.RaftServerConfigKeys (ConfUtils.java:logGet(46)) - raft.server.watch.timeout.denomination = 1s (default)
2022-10-28 11:29:05,239 [5d13066c-11e5-40aa-be9d-008405bad973@group-55E06B2F269B-LeaderElection24] INFO  server.RaftServerConfigKeys (ConfUtils.java:logGet(46)) - raft.server.watch.element-limit = 65536 (default)
2022-10-28 11:29:05,239 [5d13066c-11e5-40aa-be9d-008405bad973@group-55E06B2F269B-LeaderElection24] INFO  server.RaftServerConfigKeys (ConfUtils.java:logGet(46)) - raft.server.write.element-limit = 1024 (custom)
2022-10-28 11:29:05,239 [5d13066c-11e5-40aa-be9d-008405bad973@group-55E06B2F269B-LeaderElection24] INFO  server.RaftServerConfigKeys (ConfUtils.java:logGet(46)) - raft.server.write.follower.gap.ratio.max = -1.0 (default)
2022-10-28 11:29:05,240 [5d13066c-11e5-40aa-be9d-008405bad973@group-55E06B2F269B-LeaderElection24] INFO  server.RaftServerConfigKeys (ConfUtils.java:logGet(46)) - raft.server.log.appender.snapshot.chunk.size.max = 16MB (=16777216) (default)
2022-10-28 11:29:05,240 [5d13066c-11e5-40aa-be9d-008405bad973@group-55E06B2F269B-LeaderElection24] INFO  server.RaftServerConfigKeys (ConfUtils.java:logGet(46)) - raft.server.log.appender.buffer.byte-limit = 33554432 (custom)
2022-10-28 11:29:05,240 [5d13066c-11e5-40aa-be9d-008405bad973@group-55E06B2F269B-LeaderElection24] INFO  server.RaftServerConfigKeys (ConfUtils.java:logGet(46)) - raft.server.log.appender.buffer.element-limit = 1 (custom)
2022-10-28 11:29:05,240 [5d13066c-11e5-40aa-be9d-008405bad973@group-55E06B2F269B-LeaderElection24] INFO  grpc.GrpcConfigKeys (ConfUtils.java:logGet(46)) - raft.grpc.server.leader.outstanding.appends.max = 128 (default)
2022-10-28 11:29:05,240 [5d13066c-11e5-40aa-be9d-008405bad973@group-55E06B2F269B-LeaderElection24] INFO  server.RaftServerConfigKeys (ConfUtils.java:logGet(46)) - raft.server.rpc.request.timeout = 60s (custom)
2022-10-28 11:29:05,240 [5d13066c-11e5-40aa-be9d-008405bad973@group-55E06B2F269B-LeaderElection24] INFO  server.RaftServerConfigKeys (ConfUtils.java:logGet(46)) - raft.server.log.appender.install.snapshot.enabled = false (custom)
2022-10-28 11:29:05,240 [5d13066c-11e5-40aa-be9d-008405bad973@group-55E06B2F269B-LeaderElection24] INFO  grpc.GrpcConfigKeys (ConfUtils.java:logGet(46)) - raft.grpc.server.heartbeat.channel = true (default)
2022-10-28 11:29:05,240 [5d13066c-11e5-40aa-be9d-008405bad973@group-55E06B2F269B-LeaderElection24] INFO  server.RaftServerConfigKeys (ConfUtils.java:logGet(46)) - raft.server.log.appender.wait-time.min = 10ms (default)
2022-10-28 11:29:05,241 [5d13066c-11e5-40aa-be9d-008405bad973@group-55E06B2F269B-LeaderElection24] INFO  server.RaftServerConfigKeys (ConfUtils.java:logGet(46)) - raft.server.log.appender.snapshot.chunk.size.max = 16MB (=16777216) (default)
2022-10-28 11:29:05,241 [5d13066c-11e5-40aa-be9d-008405bad973@group-55E06B2F269B-LeaderElection24] INFO  server.RaftServerConfigKeys (ConfUtils.java:logGet(46)) - raft.server.log.appender.buffer.byte-limit = 33554432 (custom)
2022-10-28 11:29:05,241 [5d13066c-11e5-40aa-be9d-008405bad973@group-55E06B2F269B-LeaderElection24] INFO  server.RaftServerConfigKeys (ConfUtils.java:logGet(46)) - raft.server.log.appender.buffer.element-limit = 1 (custom)
2022-10-28 11:29:05,241 [5d13066c-11e5-40aa-be9d-008405bad973@group-55E06B2F269B-LeaderElection24] INFO  grpc.GrpcConfigKeys (ConfUtils.java:logGet(46)) - raft.grpc.server.leader.outstanding.appends.max = 128 (default)
2022-10-28 11:29:05,241 [5d13066c-11e5-40aa-be9d-008405bad973@group-55E06B2F269B-LeaderElection24] INFO  server.RaftServerConfigKeys (ConfUtils.java:logGet(46)) - raft.server.rpc.request.timeout = 60s (custom)
2022-10-28 11:29:05,241 [5d13066c-11e5-40aa-be9d-008405bad973@group-55E06B2F269B-LeaderElection24] INFO  server.RaftServerConfigKeys (ConfUtils.java:logGet(46)) - raft.server.log.appender.install.snapshot.enabled = false (custom)
2022-10-28 11:29:05,241 [5d13066c-11e5-40aa-be9d-008405bad973@group-55E06B2F269B-LeaderElection24] INFO  grpc.GrpcConfigKeys (ConfUtils.java:logGet(46)) - raft.grpc.server.heartbeat.channel = true (default)
2022-10-28 11:29:05,241 [5d13066c-11e5-40aa-be9d-008405bad973@group-55E06B2F269B-LeaderElection24] INFO  server.RaftServerConfigKeys (ConfUtils.java:logGet(46)) - raft.server.log.appender.wait-time.min = 10ms (default)
2022-10-28 11:29:05,248 [EventQueue-PipelineReportForPipelineReportHandler] INFO  pipeline.PipelineManagerImpl (PipelineManagerImpl.java:openPipeline(367)) - Pipeline Pipeline[ Id: 6874d656-b7b3-4fc2-8cf4-55e06b2f269b, Nodes: d5dd9084-02e9-4cbc-a1b0-4846343450b9{ip: 10.1.0.114, host: fv-az700-396.2bpskmoaobnu3eckqg1qau4u2h.cx.internal.cloudapp.net, ports: [REPLICATION=38303, RATIS=34363, RATIS_ADMIN=34363, RATIS_SERVER=34363, STANDALONE=42221], networkLocation: /default-rack, certSerialId: null, persistedOpState: IN_SERVICE, persistedOpStateExpiryEpochSec: 0}7b6afef0-558a-4ad8-bcfc-b2255c7aee53{ip: 10.1.0.114, host: fv-az700-396.2bpskmoaobnu3eckqg1qau4u2h.cx.internal.cloudapp.net, ports: [REPLICATION=33197, RATIS=46219, RATIS_ADMIN=46219, RATIS_SERVER=46219, STANDALONE=34013], networkLocation: /default-rack, certSerialId: null, persistedOpState: IN_SERVICE, persistedOpStateExpiryEpochSec: 0}5d13066c-11e5-40aa-be9d-008405bad973{ip: 10.1.0.114, host: fv-az700-396.2bpskmoaobnu3eckqg1qau4u2h.cx.internal.cloudapp.net, ports: [REPLICATION=42883, RATIS=35651, RATIS_ADMIN=35651, RATIS_SERVER=35651, STANDALONE=36655], networkLocation: /default-rack, certSerialId: null, persistedOpState: IN_SERVICE, persistedOpStateExpiryEpochSec: 0}, ReplicationConfig: RATIS/THREE, State:ALLOCATED, leaderId:5d13066c-11e5-40aa-be9d-008405bad973, CreationTimestamp2022-10-28T11:28:52.570Z[Etc/UTC]] moved to OPEN state
2022-10-28 11:29:05,250 [5d13066c-11e5-40aa-be9d-008405bad973@group-55E06B2F269B-LeaderElection24] INFO  impl.RoleInfo (RoleInfo.java:updateAndGet(139)) - 5d13066c-11e5-40aa-be9d-008405bad973: start 5d13066c-11e5-40aa-be9d-008405bad973@group-55E06B2F269B-LeaderStateImpl
2022-10-28 11:29:05,250 [5d13066c-11e5-40aa-be9d-008405bad973@group-55E06B2F269B-LeaderElection24] INFO  segmented.SegmentedRaftLogWorker (SegmentedRaftLogWorker.java:startLogSegment(452)) - 5d13066c-11e5-40aa-be9d-008405bad973@group-55E06B2F269B-SegmentedRaftLogWorker: Starting segment from index:0
2022-10-28 11:29:05,251 [d5dd9084-02e9-4cbc-a1b0-4846343450b9@group-55E06B2F269B-FollowerState] INFO  server.RaftServerConfigKeys (ConfUtils.java:logFallback(53)) - raft.server.rpc.first-election.timeout.min = 5s (fallback to raft.server.rpc.timeout.min)
2022-10-28 11:29:05,251 [d5dd9084-02e9-4cbc-a1b0-4846343450b9@group-55E06B2F269B-FollowerState] INFO  server.RaftServerConfigKeys (ConfUtils.java:logFallback(53)) - raft.server.rpc.first-election.timeout.max = 5200ms (fallback to raft.server.rpc.timeout.max)
2022-10-28 11:29:05,251 [5d13066c-11e5-40aa-be9d-008405bad973@group-55E06B2F269B-SegmentedRaftLogWorker] INFO  segmented.SegmentedRaftLogWorker (SegmentedRaftLogWorker.java:execute(656)) - 5d13066c-11e5-40aa-be9d-008405bad973@group-55E06B2F269B-SegmentedRaftLogWorker: created new log segment /home/runner/work/ozone/ozone/hadoop-ozone/integration-test/target/test-dir/MiniOzoneClusterImpl-6ee34448-fbd8-4951-8ae1-d137d06ced7b/datanode-7/data/ratis/6874d656-b7b3-4fc2-8cf4-55e06b2f269b/current/log_inprogress_0
2022-10-28 11:29:05,264 [5d13066c-11e5-40aa-be9d-008405bad973@group-55E06B2F269B-LeaderElection24] INFO  server.RaftServer$Division (ServerState.java:setRaftConf(430)) - 5d13066c-11e5-40aa-be9d-008405bad973@group-55E06B2F269B: set configuration 0: peers:[d5dd9084-02e9-4cbc-a1b0-4846343450b9|rpc:10.1.0.114:34363|dataStream:|priority:0|startupRole:FOLLOWER, 7b6afef0-558a-4ad8-bcfc-b2255c7aee53|rpc:10.1.0.114:46219|dataStream:|priority:0|startupRole:FOLLOWER, 5d13066c-11e5-40aa-be9d-008405bad973|rpc:10.1.0.114:35651|dataStream:|priority:1|startupRole:FOLLOWER]|listeners:[], old=null
2022-10-28 11:29:05,265 [5d13066c-11e5-40aa-be9d-008405bad973@group-EB7B5BA8336E-FollowerState] INFO  server.RaftServerConfigKeys (ConfUtils.java:logFallback(53)) - raft.server.rpc.first-election.timeout.min = 5s (fallback to raft.server.rpc.timeout.min)
2022-10-28 11:29:05,265 [5d13066c-11e5-40aa-be9d-008405bad973@group-EB7B5BA8336E-FollowerState] INFO  server.RaftServerConfigKeys (ConfUtils.java:logFallback(53)) - raft.server.rpc.first-election.timeout.max = 5200ms (fallback to raft.server.rpc.timeout.max)
2022-10-28 11:29:05,269 [d5dd9084-02e9-4cbc-a1b0-4846343450b9-server-thread1] INFO  ratis.XceiverServerRatis (XceiverServerRatis.java:handleLeaderChangedNotification(863)) - Leader change notification received for group: group-55E06B2F269B with new leaderId: 5d13066c-11e5-40aa-be9d-008405bad973
2022-10-28 11:29:05,269 [d5dd9084-02e9-4cbc-a1b0-4846343450b9-server-thread1] INFO  server.RaftServer$Division (ServerState.java:setLeader(313)) - d5dd9084-02e9-4cbc-a1b0-4846343450b9@group-55E06B2F269B: change Leader from null to 5d13066c-11e5-40aa-be9d-008405bad973 at term 2 for appendEntries, leader elected after 10370ms
2022-10-28 11:29:05,272 [d5dd9084-02e9-4cbc-a1b0-4846343450b9-server-thread2] INFO  server.RaftServer$Division (ServerState.java:setRaftConf(430)) - d5dd9084-02e9-4cbc-a1b0-4846343450b9@group-55E06B2F269B: set configuration 0: peers:[d5dd9084-02e9-4cbc-a1b0-4846343450b9|rpc:10.1.0.114:34363|dataStream:|priority:0|startupRole:FOLLOWER, 7b6afef0-558a-4ad8-bcfc-b2255c7aee53|rpc:10.1.0.114:46219|dataStream:|priority:0|startupRole:FOLLOWER, 5d13066c-11e5-40aa-be9d-008405bad973|rpc:10.1.0.114:35651|dataStream:|priority:1|startupRole:FOLLOWER]|listeners:[], old=null
2022-10-28 11:29:05,272 [d5dd9084-02e9-4cbc-a1b0-4846343450b9-server-thread2] INFO  segmented.SegmentedRaftLogWorker (SegmentedRaftLogWorker.java:startLogSegment(452)) - d5dd9084-02e9-4cbc-a1b0-4846343450b9@group-55E06B2F269B-SegmentedRaftLogWorker: Starting segment from index:0
2022-10-28 11:29:05,279 [d5dd9084-02e9-4cbc-a1b0-4846343450b9@group-55E06B2F269B-SegmentedRaftLogWorker] INFO  segmented.SegmentedRaftLogWorker (SegmentedRaftLogWorker.java:execute(656)) - d5dd9084-02e9-4cbc-a1b0-4846343450b9@group-55E06B2F269B-SegmentedRaftLogWorker: created new log segment /home/runner/work/ozone/ozone/hadoop-ozone/integration-test/target/test-dir/MiniOzoneClusterImpl-6ee34448-fbd8-4951-8ae1-d137d06ced7b/datanode-6/data/ratis/6874d656-b7b3-4fc2-8cf4-55e06b2f269b/current/log_inprogress_0
2022-10-28 11:29:05,281 [7b6afef0-558a-4ad8-bcfc-b2255c7aee53-server-thread1] INFO  ratis.XceiverServerRatis (XceiverServerRatis.java:handleLeaderChangedNotification(863)) - Leader change notification received for group: group-55E06B2F269B with new leaderId: 5d13066c-11e5-40aa-be9d-008405bad973
2022-10-28 11:29:05,281 [7b6afef0-558a-4ad8-bcfc-b2255c7aee53-server-thread1] INFO  server.RaftServer$Division (ServerState.java:setLeader(313)) - 7b6afef0-558a-4ad8-bcfc-b2255c7aee53@group-55E06B2F269B: change Leader from null to 5d13066c-11e5-40aa-be9d-008405bad973 at term 2 for appendEntries, leader elected after 10346ms
2022-10-28 11:29:05,288 [7b6afef0-558a-4ad8-bcfc-b2255c7aee53-server-thread2] INFO  server.RaftServer$Division (ServerState.java:setRaftConf(430)) - 7b6afef0-558a-4ad8-bcfc-b2255c7aee53@group-55E06B2F269B: set configuration 0: peers:[d5dd9084-02e9-4cbc-a1b0-4846343450b9|rpc:10.1.0.114:34363|dataStream:|priority:0|startupRole:FOLLOWER, 7b6afef0-558a-4ad8-bcfc-b2255c7aee53|rpc:10.1.0.114:46219|dataStream:|priority:0|startupRole:FOLLOWER, 5d13066c-11e5-40aa-be9d-008405bad973|rpc:10.1.0.114:35651|dataStream:|priority:1|startupRole:FOLLOWER]|listeners:[], old=null
2022-10-28 11:29:05,288 [7b6afef0-558a-4ad8-bcfc-b2255c7aee53-server-thread2] INFO  segmented.SegmentedRaftLogWorker (SegmentedRaftLogWorker.java:startLogSegment(452)) - 7b6afef0-558a-4ad8-bcfc-b2255c7aee53@group-55E06B2F269B-SegmentedRaftLogWorker: Starting segment from index:0
2022-10-28 11:29:05,293 [7b6afef0-558a-4ad8-bcfc-b2255c7aee53@group-55E06B2F269B-SegmentedRaftLogWorker] INFO  segmented.SegmentedRaftLogWorker (SegmentedRaftLogWorker.java:execute(656)) - 7b6afef0-558a-4ad8-bcfc-b2255c7aee53@group-55E06B2F269B-SegmentedRaftLogWorker: created new log segment /home/runner/work/ozone/ozone/hadoop-ozone/integration-test/target/test-dir/MiniOzoneClusterImpl-6ee34448-fbd8-4951-8ae1-d137d06ced7b/datanode-8/data/ratis/6874d656-b7b3-4fc2-8cf4-55e06b2f269b/current/log_inprogress_0
2022-10-28 11:29:05,740 [grpc-default-executor-0] WARN  server.GrpcLogAppender (LogUtils.java:warn(122)) - 0c9bf628-edfc-473a-824e-eb061e1afdb3@group-6EDC1BDBC3EA->1914ef14-e927-4aee-a78a-186b0a6a783b-AppendLogResponseHandler: Failed appendEntries: org.apache.ratis.thirdparty.io.grpc.StatusRuntimeException: UNAVAILABLE: io exception
2022-10-28 11:29:05,740 [grpc-default-executor-5] WARN  server.GrpcLogAppender (LogUtils.java:warn(122)) - 0c9bf628-edfc-473a-824e-eb061e1afdb3@group-6EDC1BDBC3EA->1914ef14-e927-4aee-a78a-186b0a6a783b-AppendLogResponseHandler: Failed appendEntries: org.apache.ratis.thirdparty.io.grpc.StatusRuntimeException: UNAVAILABLE: io exception
2022-10-28 11:29:05,741 [grpc-default-executor-0] WARN  server.GrpcLogAppender (GrpcLogAppender.java:resetClient(131)) - 0c9bf628-edfc-473a-824e-eb061e1afdb3@group-6EDC1BDBC3EA->1914ef14-e927-4aee-a78a-186b0a6a783b-GrpcLogAppender: Leader has not got in touch with Follower 0c9bf628-edfc-473a-824e-eb061e1afdb3@group-6EDC1BDBC3EA->1914ef14-e927-4aee-a78a-186b0a6a783b(c0,m0,n1, attendVote=true, lastRpcSendTime=1251, lastRpcResponseTime=7544) yet, just keep nextIndex unchanged and retry.
2022-10-28 11:29:05,742 [grpc-default-executor-5] WARN  server.GrpcLogAppender (GrpcLogAppender.java:resetClient(131)) - 0c9bf628-edfc-473a-824e-eb061e1afdb3@group-6EDC1BDBC3EA->1914ef14-e927-4aee-a78a-186b0a6a783b-GrpcLogAppender: Leader has not got in touch with Follower 0c9bf628-edfc-473a-824e-eb061e1afdb3@group-6EDC1BDBC3EA->1914ef14-e927-4aee-a78a-186b0a6a783b(c0,m0,n1, attendVote=true, lastRpcSendTime=1252, lastRpcResponseTime=7545) yet, just keep nextIndex unchanged and retry.
2022-10-28 11:29:05,743 [grpc-default-executor-0] WARN  server.GrpcLogAppender (LogUtils.java:warn(122)) - 0c9bf628-edfc-473a-824e-eb061e1afdb3@group-6EDC1BDBC3EA->1914ef14-e927-4aee-a78a-186b0a6a783b-AppendLogResponseHandler: Failed appendEntries: org.apache.ratis.thirdparty.io.grpc.StatusRuntimeException: UNAVAILABLE: io exception
2022-10-28 11:29:05,743 [grpc-default-executor-0] WARN  server.GrpcLogAppender (GrpcLogAppender.java:resetClient(131)) - 0c9bf628-edfc-473a-824e-eb061e1afdb3@group-6EDC1BDBC3EA->1914ef14-e927-4aee-a78a-186b0a6a783b-GrpcLogAppender: Leader has not got in touch with Follower 0c9bf628-edfc-473a-824e-eb061e1afdb3@group-6EDC1BDBC3EA->1914ef14-e927-4aee-a78a-186b0a6a783b(c0,m0,n1, attendVote=true, lastRpcSendTime=0, lastRpcResponseTime=7546) yet, just keep nextIndex unchanged and retry.
2022-10-28 11:29:05,744 [grpc-default-executor-5] WARN  server.GrpcLogAppender (LogUtils.java:warn(122)) - 0c9bf628-edfc-473a-824e-eb061e1afdb3@group-6EDC1BDBC3EA->1914ef14-e927-4aee-a78a-186b0a6a783b-AppendLogResponseHandler: Failed appendEntries: org.apache.ratis.thirdparty.io.grpc.StatusRuntimeException: UNAVAILABLE: io exception
2022-10-28 11:29:05,745 [grpc-default-executor-5] WARN  server.GrpcLogAppender (GrpcLogAppender.java:resetClient(131)) - 0c9bf628-edfc-473a-824e-eb061e1afdb3@group-6EDC1BDBC3EA->1914ef14-e927-4aee-a78a-186b0a6a783b-GrpcLogAppender: Leader has not got in touch with Follower 0c9bf628-edfc-473a-824e-eb061e1afdb3@group-6EDC1BDBC3EA->1914ef14-e927-4aee-a78a-186b0a6a783b(c0,m0,n1, attendVote=true, lastRpcSendTime=2, lastRpcResponseTime=7548) yet, just keep nextIndex unchanged and retry.
2022-10-28 11:29:06,147 [EventQueue-DeadNodeForDeadNodeHandler] INFO  node.DeadNodeHandler (DeadNodeHandler.java:onMessage(81)) - A dead datanode is detected. 1914ef14-e927-4aee-a78a-186b0a6a783b{ip: 10.1.0.114, host: fv-az700-396.2bpskmoaobnu3eckqg1qau4u2h.cx.internal.cloudapp.net, ports: [REPLICATION=35893, RATIS=45645, RATIS_ADMIN=45645, RATIS_SERVER=45645, STANDALONE=45051], networkLocation: /default-rack, certSerialId: null, persistedOpState: IN_SERVICE, persistedOpStateExpiryEpochSec: 0}
2022-10-28 11:29:06,148 [EventQueue-DeadNodeForDeadNodeHandler] INFO  pipeline.RatisPipelineProvider (RatisPipelineProvider.java:lambda$close$1(244)) - Send pipeline:PipelineID=7b572f3d-fa43-4e84-bbda-6edc1bdbc3ea close command to datanode 1914ef14-e927-4aee-a78a-186b0a6a783b
2022-10-28 11:29:06,149 [EventQueue-DeadNodeForDeadNodeHandler] INFO  pipeline.RatisPipelineProvider (RatisPipelineProvider.java:lambda$close$1(244)) - Send pipeline:PipelineID=7b572f3d-fa43-4e84-bbda-6edc1bdbc3ea close command to datanode 4117c80f-d61a-41ff-a958-d6b4139221af
2022-10-28 11:29:06,149 [EventQueue-DeadNodeForDeadNodeHandler] INFO  pipeline.RatisPipelineProvider (RatisPipelineProvider.java:lambda$close$1(244)) - Send pipeline:PipelineID=7b572f3d-fa43-4e84-bbda-6edc1bdbc3ea close command to datanode 0c9bf628-edfc-473a-824e-eb061e1afdb3
2022-10-28 11:29:06,151 [Command processor thread] INFO  keyvalue.KeyValueContainer (KeyValueContainer.java:flushAndSyncDB(437)) - Container 1 is synced with bcsId 0.
2022-10-28 11:29:06,151 [Command processor thread] INFO  keyvalue.KeyValueContainer (KeyValueContainer.java:flushAndSyncDB(437)) - Container 1 is synced with bcsId 0.
2022-10-28 11:29:06,151 [EventQueue-DeadNodeForDeadNodeHandler] INFO  pipeline.PipelineStateManagerImpl (PipelineStateManagerImpl.java:removePipeline(245)) - Pipeline Pipeline[ Id: 7b572f3d-fa43-4e84-bbda-6edc1bdbc3ea, Nodes: 1914ef14-e927-4aee-a78a-186b0a6a783b{ip: 10.1.0.114, host: fv-az700-396.2bpskmoaobnu3eckqg1qau4u2h.cx.internal.cloudapp.net, ports: [REPLICATION=35893, RATIS=45645, RATIS_ADMIN=45645, RATIS_SERVER=45645, STANDALONE=45051], networkLocation: /default-rack, certSerialId: null, persistedOpState: IN_SERVICE, persistedOpStateExpiryEpochSec: 0}4117c80f-d61a-41ff-a958-d6b4139221af{ip: 10.1.0.114, host: fv-az700-396.2bpskmoaobnu3eckqg1qau4u2h.cx.internal.cloudapp.net, ports: [REPLICATION=35693, RATIS=40159, RATIS_ADMIN=40159, RATIS_SERVER=40159, STANDALONE=37773], networkLocation: /default-rack, certSerialId: null, persistedOpState: IN_SERVICE, persistedOpStateExpiryEpochSec: 0}0c9bf628-edfc-473a-824e-eb061e1afdb3{ip: 10.1.0.114, host: fv-az700-396.2bpskmoaobnu3eckqg1qau4u2h.cx.internal.cloudapp.net, ports: [REPLICATION=41411, RATIS=43977, RATIS_ADMIN=43977, RATIS_SERVER=43977, STANDALONE=38459], networkLocation: /default-rack, certSerialId: null, persistedOpState: IN_SERVICE, persistedOpStateExpiryEpochSec: 0}, ReplicationConfig: RATIS/THREE, State:CLOSED, leaderId:0c9bf628-edfc-473a-824e-eb061e1afdb3, CreationTimestamp2022-10-28T11:28:50.585Z[Etc/UTC]] removed.
2022-10-28 11:29:06,151 [EventQueue-DeadNodeForDeadNodeHandler] INFO  pipeline.RatisPipelineProvider (RatisPipelineProvider.java:lambda$close$1(244)) - Send pipeline:PipelineID=5a3b75ed-3317-4e5a-8144-5fb5bb86da21 close command to datanode 1914ef14-e927-4aee-a78a-186b0a6a783b
2022-10-28 11:29:06,153 [EventQueue-DeadNodeForDeadNodeHandler] INFO  pipeline.PipelineStateManagerImpl (PipelineStateManagerImpl.java:removePipeline(245)) - Pipeline Pipeline[ Id: 5a3b75ed-3317-4e5a-8144-5fb5bb86da21, Nodes: 1914ef14-e927-4aee-a78a-186b0a6a783b{ip: 10.1.0.114, host: fv-az700-396.2bpskmoaobnu3eckqg1qau4u2h.cx.internal.cloudapp.net, ports: [REPLICATION=35893, RATIS=45645, RATIS_ADMIN=45645, RATIS_SERVER=45645, STANDALONE=45051], networkLocation: /default-rack, certSerialId: null, persistedOpState: IN_SERVICE, persistedOpStateExpiryEpochSec: 0}, ReplicationConfig: RATIS/ONE, State:CLOSED, leaderId:1914ef14-e927-4aee-a78a-186b0a6a783b, CreationTimestamp2022-10-28T11:28:50.180Z[Etc/UTC]] removed.
2022-10-28 11:29:06,154 [EventQueue-DeadNodeForDeadNodeHandler] INFO  pipeline.PipelineStateManagerImpl (PipelineStateManagerImpl.java:removePipeline(245)) - Pipeline Pipeline[ Id: b4fde80e-a0c3-4b83-b7a1-a78ad6744e82, Nodes: 1914ef14-e927-4aee-a78a-186b0a6a783b{ip: 10.1.0.114, host: fv-az700-396.2bpskmoaobnu3eckqg1qau4u2h.cx.internal.cloudapp.net, ports: [REPLICATION=35893, RATIS=45645, RATIS_ADMIN=45645, RATIS_SERVER=45645, STANDALONE=45051], networkLocation: /default-rack, certSerialId: null, persistedOpState: null, persistedOpStateExpiryEpochSec: 0}9d921ae2-dac8-442e-8311-fdc102c02170{ip: 10.1.0.114, host: fv-az700-396.2bpskmoaobnu3eckqg1qau4u2h.cx.internal.cloudapp.net, ports: [REPLICATION=43103, RATIS=43349, RATIS_ADMIN=43349, RATIS_SERVER=43349, STANDALONE=36881], networkLocation: /default-rack, certSerialId: null, persistedOpState: null, persistedOpStateExpiryEpochSec: 0}7b6afef0-558a-4ad8-bcfc-b2255c7aee53{ip: 10.1.0.114, host: fv-az700-396.2bpskmoaobnu3eckqg1qau4u2h.cx.internal.cloudapp.net, ports: [REPLICATION=33197, RATIS=46219, RATIS_ADMIN=46219, RATIS_SERVER=46219, STANDALONE=34013], networkLocation: /default-rack, certSerialId: null, persistedOpState: null, persistedOpStateExpiryEpochSec: 0}aa3e6641-ac34-45f8-85b4-6614ff527932{ip: 10.1.0.114, host: fv-az700-396.2bpskmoaobnu3eckqg1qau4u2h.cx.internal.cloudapp.net, ports: [REPLICATION=45831, RATIS=40629, RATIS_ADMIN=40629, RATIS_SERVER=40629, STANDALONE=33397], networkLocation: /default-rack, certSerialId: null, persistedOpState: null, persistedOpStateExpiryEpochSec: 0}4117c80f-d61a-41ff-a958-d6b4139221af{ip: 10.1.0.114, host: fv-az700-396.2bpskmoaobnu3eckqg1qau4u2h.cx.internal.cloudapp.net, ports: [REPLICATION=35693, RATIS=40159, RATIS_ADMIN=40159, RATIS_SERVER=40159, STANDALONE=37773], networkLocation: /default-rack, certSerialId: null, persistedOpState: null, persistedOpStateExpiryEpochSec: 0}, ReplicationConfig: EC/ECReplicationConfig{data=3, parity=2, ecChunkSize=1024, codec=rs}, State:CLOSED, leaderId:, CreationTimestamp2022-10-28T11:28:59.629Z[Etc/UTC]] removed.
2022-10-28 11:29:06,154 [EventQueue-DeadNodeForDeadNodeHandler] INFO  pipeline.RatisPipelineProvider (RatisPipelineProvider.java:lambda$close$1(244)) - Send pipeline:PipelineID=a4cea835-1fa5-4d69-8b7a-b457e25cd9b9 close command to datanode 4117c80f-d61a-41ff-a958-d6b4139221af
2022-10-28 11:29:06,154 [EventQueue-DeadNodeForDeadNodeHandler] INFO  pipeline.RatisPipelineProvider (RatisPipelineProvider.java:lambda$close$1(244)) - Send pipeline:PipelineID=a4cea835-1fa5-4d69-8b7a-b457e25cd9b9 close command to datanode 0c9bf628-edfc-473a-824e-eb061e1afdb3
2022-10-28 11:29:06,154 [EventQueue-DeadNodeForDeadNodeHandler] INFO  pipeline.RatisPipelineProvider (RatisPipelineProvider.java:lambda$close$1(244)) - Send pipeline:PipelineID=a4cea835-1fa5-4d69-8b7a-b457e25cd9b9 close command to datanode 1914ef14-e927-4aee-a78a-186b0a6a783b
2022-10-28 11:29:06,154 [EventQueue-DeadNodeForDeadNodeHandler] INFO  pipeline.PipelineStateManagerImpl (PipelineStateManagerImpl.java:removePipeline(245)) - Pipeline Pipeline[ Id: a4cea835-1fa5-4d69-8b7a-b457e25cd9b9, Nodes: 4117c80f-d61a-41ff-a958-d6b4139221af{ip: 10.1.0.114, host: fv-az700-396.2bpskmoaobnu3eckqg1qau4u2h.cx.internal.cloudapp.net, ports: [REPLICATION=35693, RATIS=40159, RATIS_ADMIN=40159, RATIS_SERVER=40159, STANDALONE=37773], networkLocation: /default-rack, certSerialId: null, persistedOpState: IN_SERVICE, persistedOpStateExpiryEpochSec: 0}0c9bf628-edfc-473a-824e-eb061e1afdb3{ip: 10.1.0.114, host: fv-az700-396.2bpskmoaobnu3eckqg1qau4u2h.cx.internal.cloudapp.net, ports: [REPLICATION=41411, RATIS=43977, RATIS_ADMIN=43977, RATIS_SERVER=43977, STANDALONE=38459], networkLocation: /default-rack, certSerialId: null, persistedOpState: IN_SERVICE, persistedOpStateExpiryEpochSec: 0}1914ef14-e927-4aee-a78a-186b0a6a783b{ip: 10.1.0.114, host: fv-az700-396.2bpskmoaobnu3eckqg1qau4u2h.cx.internal.cloudapp.net, ports: [REPLICATION=35893, RATIS=45645, RATIS_ADMIN=45645, RATIS_SERVER=45645, STANDALONE=45051], networkLocation: /default-rack, certSerialId: null, persistedOpState: IN_SERVICE, persistedOpStateExpiryEpochSec: 0}, ReplicationConfig: RATIS/THREE, State:CLOSED, leaderId:0c9bf628-edfc-473a-824e-eb061e1afdb3, CreationTimestamp2022-10-28T11:28:50.587Z[Etc/UTC]] removed.
2022-10-28 11:29:06,154 [Command processor thread] INFO  keyvalue.KeyValueContainer (KeyValueContainer.java:close(352)) - Container 1 is closed with bcsId 0.
2022-10-28 11:29:06,156 [EventQueue-DeadNodeForDeadNodeHandler] INFO  net.NetworkTopologyImpl (NetworkTopologyImpl.java:remove(190)) - Removed a node: /default-rack/1914ef14-e927-4aee-a78a-186b0a6a783b
2022-10-28 11:29:06,166 [Listener at 127.0.0.1/42141] INFO  replication.ReplicationManager (ReplicationManager.java:start(234)) - Starting Replication Monitor Thread.
2022-10-28 11:29:06,174 [Command processor thread] INFO  keyvalue.KeyValueContainer (KeyValueContainer.java:flushAndSyncDB(437)) - Container 1 is synced with bcsId 0.
2022-10-28 11:29:06,174 [Command processor thread] INFO  keyvalue.KeyValueContainer (KeyValueContainer.java:flushAndSyncDB(437)) - Container 1 is synced with bcsId 0.
2022-10-28 11:29:06,178 [Under Replicated Processor] INFO  replication.UnderReplicatedProcessor (UnderReplicatedProcessor.java:processAll(92)) - Processed 0 under replicated containers, failed processing 0
2022-10-28 11:29:06,182 [Over Replicated Processor] INFO  replication.OverReplicatedProcessor (OverReplicatedProcessor.java:processAll(90)) - Processed 0 over replicated containers, failed processing 0
2022-10-28 11:29:06,186 [Command processor thread] INFO  keyvalue.KeyValueContainer (KeyValueContainer.java:close(352)) - Container 1 is closed with bcsId 0.
2022-10-28 11:29:06,188 [ReplicationMonitor] INFO  replication.ReplicationManager (ReplicationManager.java:sendCloseContainerReplicaCommand(515)) - Sending close container command for container #1 to datanode 9d921ae2-dac8-442e-8311-fdc102c02170{ip: 10.1.0.114, host: fv-az700-396.2bpskmoaobnu3eckqg1qau4u2h.cx.internal.cloudapp.net, ports: [REPLICATION=43103, RATIS=43349, RATIS_ADMIN=43349, RATIS_SERVER=43349, STANDALONE=36881], networkLocation: /default-rack, certSerialId: null, persistedOpState: IN_SERVICE, persistedOpStateExpiryEpochSec: 0}.
2022-10-28 11:29:06,191 [ReplicationMonitor] INFO  replication.ReplicationManager (ReplicationManager.java:processAll(335)) - Replication Monitor Thread took 6 milliseconds for processing 1 containers.
2022-10-28 11:29:06,376 [grpc-default-executor-5] WARN  server.GrpcLogAppender (LogUtils.java:warn(122)) - 0c9bf628-edfc-473a-824e-eb061e1afdb3@group-B457E25CD9B9->1914ef14-e927-4aee-a78a-186b0a6a783b-AppendLogResponseHandler: Failed appendEntries: org.apache.ratis.thirdparty.io.grpc.StatusRuntimeException: UNAVAILABLE: io exception
2022-10-28 11:29:06,376 [grpc-default-executor-0] WARN  server.GrpcLogAppender (LogUtils.java:warn(122)) - 0c9bf628-edfc-473a-824e-eb061e1afdb3@group-B457E25CD9B9->1914ef14-e927-4aee-a78a-186b0a6a783b-AppendLogResponseHandler: Failed appendEntries: org.apache.ratis.thirdparty.io.grpc.StatusRuntimeException: UNAVAILABLE: io exception
2022-10-28 11:29:06,377 [grpc-default-executor-5] WARN  server.GrpcLogAppender (GrpcLogAppender.java:resetClient(131)) - 0c9bf628-edfc-473a-824e-eb061e1afdb3@group-B457E25CD9B9->1914ef14-e927-4aee-a78a-186b0a6a783b-GrpcLogAppender: Leader has not got in touch with Follower 0c9bf628-edfc-473a-824e-eb061e1afdb3@group-B457E25CD9B9->1914ef14-e927-4aee-a78a-186b0a6a783b(c-1,m0,n1, attendVote=true, lastRpcSendTime=0, lastRpcResponseTime=7730) yet, just keep nextIndex unchanged and retry.
2022-10-28 11:29:06,382 [grpc-default-executor-0] WARN  server.GrpcLogAppender (GrpcLogAppender.java:resetClient(131)) - 0c9bf628-edfc-473a-824e-eb061e1afdb3@group-B457E25CD9B9->1914ef14-e927-4aee-a78a-186b0a6a783b-GrpcLogAppender: Leader has not got in touch with Follower 0c9bf628-edfc-473a-824e-eb061e1afdb3@group-B457E25CD9B9->1914ef14-e927-4aee-a78a-186b0a6a783b(c-1,m0,n1, attendVote=true, lastRpcSendTime=5, lastRpcResponseTime=7735) yet, just keep nextIndex unchanged and retry.
2022-10-28 11:29:06,992 [grpc-default-executor-0] WARN  server.GrpcLogAppender (LogUtils.java:warn(122)) - 0c9bf628-edfc-473a-824e-eb061e1afdb3@group-6EDC1BDBC3EA->1914ef14-e927-4aee-a78a-186b0a6a783b-AppendLogResponseHandler: Failed appendEntries: org.apache.ratis.thirdparty.io.grpc.StatusRuntimeException: UNAVAILABLE: io exception
2022-10-28 11:29:06,993 [grpc-default-executor-5] WARN  server.GrpcLogAppender (LogUtils.java:warn(122)) - 0c9bf628-edfc-473a-824e-eb061e1afdb3@group-6EDC1BDBC3EA->1914ef14-e927-4aee-a78a-186b0a6a783b-AppendLogResponseHandler: Failed appendEntries: org.apache.ratis.thirdparty.io.grpc.StatusRuntimeException: UNAVAILABLE: io exception
2022-10-28 11:29:06,993 [grpc-default-executor-0] WARN  server.GrpcLogAppender (GrpcLogAppender.java:resetClient(131)) - 0c9bf628-edfc-473a-824e-eb061e1afdb3@group-6EDC1BDBC3EA->1914ef14-e927-4aee-a78a-186b0a6a783b-GrpcLogAppender: Leader has not got in touch with Follower 0c9bf628-edfc-473a-824e-eb061e1afdb3@group-6EDC1BDBC3EA->1914ef14-e927-4aee-a78a-186b0a6a783b(c0,m0,n1, attendVote=true, lastRpcSendTime=1251, lastRpcResponseTime=8796) yet, just keep nextIndex unchanged and retry.
2022-10-28 11:29:06,995 [grpc-default-executor-5] WARN  server.GrpcLogAppender (GrpcLogAppender.java:resetClient(131)) - 0c9bf628-edfc-473a-824e-eb061e1afdb3@group-6EDC1BDBC3EA->1914ef14-e927-4aee-a78a-186b0a6a783b-GrpcLogAppender: Leader has not got in touch with Follower 0c9bf628-edfc-473a-824e-eb061e1afdb3@group-6EDC1BDBC3EA->1914ef14-e927-4aee-a78a-186b0a6a783b(c0,m0,n1, attendVote=true, lastRpcSendTime=1252, lastRpcResponseTime=8798) yet, just keep nextIndex unchanged and retry.
2022-10-28 11:29:06,996 [grpc-default-executor-5] WARN  server.GrpcLogAppender (LogUtils.java:warn(122)) - 0c9bf628-edfc-473a-824e-eb061e1afdb3@group-6EDC1BDBC3EA->1914ef14-e927-4aee-a78a-186b0a6a783b-AppendLogResponseHandler: Failed appendEntries: org.apache.ratis.thirdparty.io.grpc.StatusRuntimeException: UNAVAILABLE: io exception
2022-10-28 11:29:06,997 [grpc-default-executor-0] WARN  server.GrpcLogAppender (LogUtils.java:warn(122)) - 0c9bf628-edfc-473a-824e-eb061e1afdb3@group-6EDC1BDBC3EA->1914ef14-e927-4aee-a78a-186b0a6a783b-AppendLogResponseHandler: Failed appendEntries: org.apache.ratis.thirdparty.io.grpc.StatusRuntimeException: UNAVAILABLE: io exception
2022-10-28 11:29:06,998 [grpc-default-executor-5] WARN  server.GrpcLogAppender (GrpcLogAppender.java:resetClient(131)) - 0c9bf628-edfc-473a-824e-eb061e1afdb3@group-6EDC1BDBC3EA->1914ef14-e927-4aee-a78a-186b0a6a783b-GrpcLogAppender: Leader has not got in touch with Follower 0c9bf628-edfc-473a-824e-eb061e1afdb3@group-6EDC1BDBC3EA->1914ef14-e927-4aee-a78a-186b0a6a783b(c0,m0,n1, attendVote=true, lastRpcSendTime=1256, lastRpcResponseTime=8801) yet, just keep nextIndex unchanged and retry.
2022-10-28 11:29:06,999 [grpc-default-executor-0] WARN  server.GrpcLogAppender (GrpcLogAppender.java:resetClient(131)) - 0c9bf628-edfc-473a-824e-eb061e1afdb3@group-6EDC1BDBC3EA->1914ef14-e927-4aee-a78a-186b0a6a783b-GrpcLogAppender: Leader has not got in touch with Follower 0c9bf628-edfc-473a-824e-eb061e1afdb3@group-6EDC1BDBC3EA->1914ef14-e927-4aee-a78a-186b0a6a783b(c0,m0,n1, attendVote=true, lastRpcSendTime=1257, lastRpcResponseTime=8802) yet, just keep nextIndex unchanged and retry.
2022-10-28 11:29:07,000 [grpc-default-executor-0] WARN  server.GrpcLogAppender (LogUtils.java:warn(122)) - 0c9bf628-edfc-473a-824e-eb061e1afdb3@group-6EDC1BDBC3EA->1914ef14-e927-4aee-a78a-186b0a6a783b-AppendLogResponseHandler: Failed appendEntries: org.apache.ratis.thirdparty.io.grpc.StatusRuntimeException: UNAVAILABLE: io exception
2022-10-28 11:29:07,000 [grpc-default-executor-5] WARN  server.GrpcLogAppender (LogUtils.java:warn(122)) - 0c9bf628-edfc-473a-824e-eb061e1afdb3@group-6EDC1BDBC3EA->1914ef14-e927-4aee-a78a-186b0a6a783b-AppendLogResponseHandler: Failed appendEntries: org.apache.ratis.thirdparty.io.grpc.StatusRuntimeException: UNAVAILABLE: io exception
2022-10-28 11:29:07,001 [grpc-default-executor-0] WARN  server.GrpcLogAppender (GrpcLogAppender.java:resetClient(131)) - 0c9bf628-edfc-473a-824e-eb061e1afdb3@group-6EDC1BDBC3EA->1914ef14-e927-4aee-a78a-186b0a6a783b-GrpcLogAppender: Leader has not got in touch with Follower 0c9bf628-edfc-473a-824e-eb061e1afdb3@group-6EDC1BDBC3EA->1914ef14-e927-4aee-a78a-186b0a6a783b(c0,m0,n1, attendVote=true, lastRpcSendTime=1258, lastRpcResponseTime=8804) yet, just keep nextIndex unchanged and retry.
2022-10-28 11:29:07,001 [grpc-default-executor-5] WARN  server.GrpcLogAppender (GrpcLogAppender.java:resetClient(131)) - 0c9bf628-edfc-473a-824e-eb061e1afdb3@group-6EDC1BDBC3EA->1914ef14-e927-4aee-a78a-186b0a6a783b-GrpcLogAppender: Leader has not got in touch with Follower 0c9bf628-edfc-473a-824e-eb061e1afdb3@group-6EDC1BDBC3EA->1914ef14-e927-4aee-a78a-186b0a6a783b(c0,m0,n1, attendVote=true, lastRpcSendTime=1259, lastRpcResponseTime=8804) yet, just keep nextIndex unchanged and retry.
2022-10-28 11:29:07,002 [grpc-default-executor-5] WARN  server.GrpcLogAppender (LogUtils.java:warn(122)) - 0c9bf628-edfc-473a-824e-eb061e1afdb3@group-6EDC1BDBC3EA->1914ef14-e927-4aee-a78a-186b0a6a783b-AppendLogResponseHandler: Failed appendEntries: org.apache.ratis.thirdparty.io.grpc.StatusRuntimeException: UNAVAILABLE: io exception
2022-10-28 11:29:07,002 [grpc-default-executor-0] WARN  server.GrpcLogAppender (LogUtils.java:warn(122)) - 0c9bf628-edfc-473a-824e-eb061e1afdb3@group-6EDC1BDBC3EA->1914ef14-e927-4aee-a78a-186b0a6a783b-AppendLogResponseHandler: Failed appendEntries: org.apache.ratis.thirdparty.io.grpc.StatusRuntimeException: UNAVAILABLE: io exception
2022-10-28 11:29:07,002 [grpc-default-executor-5] WARN  server.GrpcLogAppender (GrpcLogAppender.java:resetClient(131)) - 0c9bf628-edfc-473a-824e-eb061e1afdb3@group-6EDC1BDBC3EA->1914ef14-e927-4aee-a78a-186b0a6a783b-GrpcLogAppender: Leader has not got in touch with Follower 0c9bf628-edfc-473a-824e-eb061e1afdb3@group-6EDC1BDBC3EA->1914ef14-e927-4aee-a78a-186b0a6a783b(c0,m0,n1, attendVote=true, lastRpcSendTime=1260, lastRpcResponseTime=8806) yet, just keep nextIndex unchanged and retry.
2022-10-28 11:29:07,003 [grpc-default-executor-0] WARN  server.GrpcLogAppender (GrpcLogAppender.java:resetClient(131)) - 0c9bf628-edfc-473a-824e-eb061e1afdb3@group-6EDC1BDBC3EA->1914ef14-e927-4aee-a78a-186b0a6a783b-GrpcLogAppender: Leader has not got in touch with Follower 0c9bf628-edfc-473a-824e-eb061e1afdb3@group-6EDC1BDBC3EA->1914ef14-e927-4aee-a78a-186b0a6a783b(c0,m0,n1, attendVote=true, lastRpcSendTime=1261, lastRpcResponseTime=8807) yet, just keep nextIndex unchanged and retry.
2022-10-28 11:29:07,004 [grpc-default-executor-0] WARN  server.GrpcLogAppender (LogUtils.java:warn(122)) - 0c9bf628-edfc-473a-824e-eb061e1afdb3@group-6EDC1BDBC3EA->1914ef14-e927-4aee-a78a-186b0a6a783b-AppendLogResponseHandler: Failed appendEntries: org.apache.ratis.thirdparty.io.grpc.StatusRuntimeException: UNAVAILABLE: io exception
2022-10-28 11:29:07,004 [grpc-default-executor-5] WARN  server.GrpcLogAppender (LogUtils.java:warn(122)) - 0c9bf628-edfc-473a-824e-eb061e1afdb3@group-6EDC1BDBC3EA->1914ef14-e927-4aee-a78a-186b0a6a783b-AppendLogResponseHandler: Failed appendEntries: org.apache.ratis.thirdparty.io.grpc.StatusRuntimeException: UNAVAILABLE: io exception
2022-10-28 11:29:07,005 [grpc-default-executor-0] WARN  server.GrpcLogAppender (GrpcLogAppender.java:resetClient(131)) - 0c9bf628-edfc-473a-824e-eb061e1afdb3@group-6EDC1BDBC3EA->1914ef14-e927-4aee-a78a-186b0a6a783b-GrpcLogAppender: Leader has not got in touch with Follower 0c9bf628-edfc-473a-824e-eb061e1afdb3@group-6EDC1BDBC3EA->1914ef14-e927-4aee-a78a-186b0a6a783b(c0,m0,n1, attendVote=true, lastRpcSendTime=1262, lastRpcResponseTime=8808) yet, just keep nextIndex unchanged and retry.
2022-10-28 11:29:07,005 [grpc-default-executor-5] WARN  server.GrpcLogAppender (GrpcLogAppender.java:resetClient(131)) - 0c9bf628-edfc-473a-824e-eb061e1afdb3@group-6EDC1BDBC3EA->1914ef14-e927-4aee-a78a-186b0a6a783b-GrpcLogAppender: Leader has not got in touch with Follower 0c9bf628-edfc-473a-824e-eb061e1afdb3@group-6EDC1BDBC3EA->1914ef14-e927-4aee-a78a-186b0a6a783b(c0,m0,n1, attendVote=true, lastRpcSendTime=1262, lastRpcResponseTime=8808) yet, just keep nextIndex unchanged and retry.
2022-10-28 11:29:07,006 [grpc-default-executor-5] WARN  server.GrpcLogAppender (LogUtils.java:warn(122)) - 0c9bf628-edfc-473a-824e-eb061e1afdb3@group-6EDC1BDBC3EA->1914ef14-e927-4aee-a78a-186b0a6a783b-AppendLogResponseHandler: Failed appendEntries: org.apache.ratis.thirdparty.io.grpc.StatusRuntimeException: UNAVAILABLE: io exception
2022-10-28 11:29:07,006 [grpc-default-executor-0] WARN  server.GrpcLogAppender (LogUtils.java:warn(122)) - 0c9bf628-edfc-473a-824e-eb061e1afdb3@group-6EDC1BDBC3EA->1914ef14-e927-4aee-a78a-186b0a6a783b-AppendLogResponseHandler: Failed appendEntries: org.apache.ratis.thirdparty.io.grpc.StatusRuntimeException: UNAVAILABLE: io exception
2022-10-28 11:29:07,006 [grpc-default-executor-5] WARN  server.GrpcLogAppender (GrpcLogAppender.java:resetClient(131)) - 0c9bf628-edfc-473a-824e-eb061e1afdb3@group-6EDC1BDBC3EA->1914ef14-e927-4aee-a78a-186b0a6a783b-GrpcLogAppender: Leader has not got in touch with Follower 0c9bf628-edfc-473a-824e-eb061e1afdb3@group-6EDC1BDBC3EA->1914ef14-e927-4aee-a78a-186b0a6a783b(c0,m0,n1, attendVote=true, lastRpcSendTime=1264, lastRpcResponseTime=8809) yet, just keep nextIndex unchanged and retry.
2022-10-28 11:29:07,007 [grpc-default-executor-0] WARN  server.GrpcLogAppender (GrpcLogAppender.java:resetClient(131)) - 0c9bf628-edfc-473a-824e-eb061e1afdb3@group-6EDC1BDBC3EA->1914ef14-e927-4aee-a78a-186b0a6a783b-GrpcLogAppender: Leader has not got in touch with Follower 0c9bf628-edfc-473a-824e-eb061e1afdb3@group-6EDC1BDBC3EA->1914ef14-e927-4aee-a78a-186b0a6a783b(c0,m0,n1, attendVote=true, lastRpcSendTime=1264, lastRpcResponseTime=8810) yet, just keep nextIndex unchanged and retry.
2022-10-28 11:29:07,008 [grpc-default-executor-0] WARN  server.GrpcLogAppender (LogUtils.java:warn(122)) - 0c9bf628-edfc-473a-824e-eb061e1afdb3@group-6EDC1BDBC3EA->1914ef14-e927-4aee-a78a-186b0a6a783b-AppendLogResponseHandler: Failed appendEntries: org.apache.ratis.thirdparty.io.grpc.StatusRuntimeException: UNAVAILABLE: io exception
2022-10-28 11:29:07,008 [grpc-default-executor-5] WARN  server.GrpcLogAppender (LogUtils.java:warn(122)) - 0c9bf628-edfc-473a-824e-eb061e1afdb3@group-6EDC1BDBC3EA->1914ef14-e927-4aee-a78a-186b0a6a783b-AppendLogResponseHandler: Failed appendEntries: org.apache.ratis.thirdparty.io.grpc.StatusRuntimeException: UNAVAILABLE: io exception
2022-10-28 11:29:07,009 [grpc-default-executor-0] WARN  server.GrpcLogAppender (GrpcLogAppender.java:resetClient(131)) - 0c9bf628-edfc-473a-824e-eb061e1afdb3@group-6EDC1BDBC3EA->1914ef14-e927-4aee-a78a-186b0a6a783b-GrpcLogAppender: Leader has not got in touch with Follower 0c9bf628-edfc-473a-824e-eb061e1afdb3@group-6EDC1BDBC3EA->1914ef14-e927-4aee-a78a-186b0a6a783b(c0,m0,n1, attendVote=true, lastRpcSendTime=1266, lastRpcResponseTime=8812) yet, just keep nextIndex unchanged and retry.
2022-10-28 11:29:07,010 [grpc-default-executor-5] WARN  server.GrpcLogAppender (GrpcLogAppender.java:resetClient(131)) - 0c9bf628-edfc-473a-824e-eb061e1afdb3@group-6EDC1BDBC3EA->1914ef14-e927-4aee-a78a-186b0a6a783b-GrpcLogAppender: Leader has not got in touch with Follower 0c9bf628-edfc-473a-824e-eb061e1afdb3@group-6EDC1BDBC3EA->1914ef14-e927-4aee-a78a-186b0a6a783b(c0,m0,n1, attendVote=true, lastRpcSendTime=1267, lastRpcResponseTime=8813) yet, just keep nextIndex unchanged and retry.
2022-10-28 11:29:07,010 [grpc-default-executor-5] WARN  server.GrpcLogAppender (LogUtils.java:warn(122)) - 0c9bf628-edfc-473a-824e-eb061e1afdb3@group-6EDC1BDBC3EA->1914ef14-e927-4aee-a78a-186b0a6a783b-AppendLogResponseHandler: Failed appendEntries: org.apache.ratis.thirdparty.io.grpc.StatusRuntimeException: UNAVAILABLE: io exception
2022-10-28 11:29:07,011 [grpc-default-executor-0] WARN  server.GrpcLogAppender (LogUtils.java:warn(122)) - 0c9bf628-edfc-473a-824e-eb061e1afdb3@group-6EDC1BDBC3EA->1914ef14-e927-4aee-a78a-186b0a6a783b-AppendLogResponseHandler: Failed appendEntries: org.apache.ratis.thirdparty.io.grpc.StatusRuntimeException: UNAVAILABLE: io exception
2022-10-28 11:29:07,011 [grpc-default-executor-5] WARN  server.GrpcLogAppender (GrpcLogAppender.java:resetClient(131)) - 0c9bf628-edfc-473a-824e-eb061e1afdb3@group-6EDC1BDBC3EA->1914ef14-e927-4aee-a78a-186b0a6a783b-GrpcLogAppender: Leader has not got in touch with Follower 0c9bf628-edfc-473a-824e-eb061e1afdb3@group-6EDC1BDBC3EA->1914ef14-e927-4aee-a78a-186b0a6a783b(c0,m0,n1, attendVote=true, lastRpcSendTime=1268, lastRpcResponseTime=8814) yet, just keep nextIndex unchanged and retry.
2022-10-28 11:29:07,012 [grpc-default-executor-0] WARN  server.GrpcLogAppender (GrpcLogAppender.java:resetClient(131)) - 0c9bf628-edfc-473a-824e-eb061e1afdb3@group-6EDC1BDBC3EA->1914ef14-e927-4aee-a78a-186b0a6a783b-GrpcLogAppender: Leader has not got in touch with Follower 0c9bf628-edfc-473a-824e-eb061e1afdb3@group-6EDC1BDBC3EA->1914ef14-e927-4aee-a78a-186b0a6a783b(c0,m0,n1, attendVote=true, lastRpcSendTime=1269, lastRpcResponseTime=8815) yet, just keep nextIndex unchanged and retry.
2022-10-28 11:29:07,012 [grpc-default-executor-0] WARN  server.GrpcLogAppender (LogUtils.java:warn(122)) - 0c9bf628-edfc-473a-824e-eb061e1afdb3@group-6EDC1BDBC3EA->1914ef14-e927-4aee-a78a-186b0a6a783b-AppendLogResponseHandler: Failed appendEntries: org.apache.ratis.thirdparty.io.grpc.StatusRuntimeException: UNAVAILABLE: io exception
2022-10-28 11:29:07,012 [grpc-default-executor-5] WARN  server.GrpcLogAppender (LogUtils.java:warn(122)) - 0c9bf628-edfc-473a-824e-eb061e1afdb3@group-6EDC1BDBC3EA->1914ef14-e927-4aee-a78a-186b0a6a783b-AppendLogResponseHandler: Failed appendEntries: org.apache.ratis.thirdparty.io.grpc.StatusRuntimeException: UNAVAILABLE: io exception
2022-10-28 11:29:07,013 [grpc-default-executor-0] WARN  server.GrpcLogAppender (GrpcLogAppender.java:resetClient(131)) - 0c9bf628-edfc-473a-824e-eb061e1afdb3@group-6EDC1BDBC3EA->1914ef14-e927-4aee-a78a-186b0a6a783b-GrpcLogAppender: Leader has not got in touch with Follower 0c9bf628-edfc-473a-824e-eb061e1afdb3@group-6EDC1BDBC3EA->1914ef14-e927-4aee-a78a-186b0a6a783b(c0,m0,n1, attendVote=true, lastRpcSendTime=1270, lastRpcResponseTime=8816) yet, just keep nextIndex unchanged and retry.
2022-10-28 11:29:07,013 [grpc-default-executor-5] WARN  server.GrpcLogAppender (GrpcLogAppender.java:resetClient(131)) - 0c9bf628-edfc-473a-824e-eb061e1afdb3@group-6EDC1BDBC3EA->1914ef14-e927-4aee-a78a-186b0a6a783b-GrpcLogAppender: Leader has not got in touch with Follower 0c9bf628-edfc-473a-824e-eb061e1afdb3@group-6EDC1BDBC3EA->1914ef14-e927-4aee-a78a-186b0a6a783b(c0,m0,n1, attendVote=true, lastRpcSendTime=1271, lastRpcResponseTime=8816) yet, just keep nextIndex unchanged and retry.
2022-10-28 11:29:07,014 [grpc-default-executor-5] WARN  server.GrpcLogAppender (LogUtils.java:warn(122)) - 0c9bf628-edfc-473a-824e-eb061e1afdb3@group-6EDC1BDBC3EA->1914ef14-e927-4aee-a78a-186b0a6a783b-AppendLogResponseHandler: Failed appendEntries: org.apache.ratis.thirdparty.io.grpc.StatusRuntimeException: UNAVAILABLE: io exception
2022-10-28 11:29:07,014 [grpc-default-executor-0] WARN  server.GrpcLogAppender (LogUtils.java:warn(122)) - 0c9bf628-edfc-473a-824e-eb061e1afdb3@group-6EDC1BDBC3EA->1914ef14-e927-4aee-a78a-186b0a6a783b-AppendLogResponseHandler: Failed appendEntries: org.apache.ratis.thirdparty.io.grpc.StatusRuntimeException: UNAVAILABLE: io exception
2022-10-28 11:29:07,015 [grpc-default-executor-5] WARN  server.GrpcLogAppender (GrpcLogAppender.java:resetClient(131)) - 0c9bf628-edfc-473a-824e-eb061e1afdb3@group-6EDC1BDBC3EA->1914ef14-e927-4aee-a78a-186b0a6a783b-GrpcLogAppender: Leader has not got in touch with Follower 0c9bf628-edfc-473a-824e-eb061e1afdb3@group-6EDC1BDBC3EA->1914ef14-e927-4aee-a78a-186b0a6a783b(c0,m0,n1, attendVote=true, lastRpcSendTime=1272, lastRpcResponseTime=8818) yet, just keep nextIndex unchanged and retry.
2022-10-28 11:29:07,015 [grpc-default-executor-0] WARN  server.GrpcLogAppender (GrpcLogAppender.java:resetClient(131)) - 0c9bf628-edfc-473a-824e-eb061e1afdb3@group-6EDC1BDBC3EA->1914ef14-e927-4aee-a78a-186b0a6a783b-GrpcLogAppender: Leader has not got in touch with Follower 0c9bf628-edfc-473a-824e-eb061e1afdb3@group-6EDC1BDBC3EA->1914ef14-e927-4aee-a78a-186b0a6a783b(c0,m0,n1, attendVote=true, lastRpcSendTime=1272, lastRpcResponseTime=8818) yet, just keep nextIndex unchanged and retry.
2022-10-28 11:29:07,016 [grpc-default-executor-0] WARN  server.GrpcLogAppender (LogUtils.java:warn(122)) - 0c9bf628-edfc-473a-824e-eb061e1afdb3@group-6EDC1BDBC3EA->1914ef14-e927-4aee-a78a-186b0a6a783b-AppendLogResponseHandler: Failed appendEntries: org.apache.ratis.thirdparty.io.grpc.StatusRuntimeException: UNAVAILABLE: io exception
2022-10-28 11:29:07,016 [grpc-default-executor-5] WARN  server.GrpcLogAppender (LogUtils.java:warn(122)) - 0c9bf628-edfc-473a-824e-eb061e1afdb3@group-6EDC1BDBC3EA->1914ef14-e927-4aee-a78a-186b0a6a783b-AppendLogResponseHandler: Failed appendEntries: org.apache.ratis.thirdparty.io.grpc.StatusRuntimeException: UNAVAILABLE: io exception
2022-10-28 11:29:07,017 [grpc-default-executor-0] WARN  server.GrpcLogAppender (GrpcLogAppender.java:resetClient(131)) - 0c9bf628-edfc-473a-824e-eb061e1afdb3@group-6EDC1BDBC3EA->1914ef14-e927-4aee-a78a-186b0a6a783b-GrpcLogAppender: Leader has not got in touch with Follower 0c9bf628-edfc-473a-824e-eb061e1afdb3@group-6EDC1BDBC3EA->1914ef14-e927-4aee-a78a-186b0a6a783b(c0,m0,n1, attendVote=true, lastRpcSendTime=1274, lastRpcResponseTime=8820) yet, just keep nextIndex unchanged and retry.
2022-10-28 11:29:07,017 [grpc-default-executor-5] WARN  server.GrpcLogAppender (GrpcLogAppender.java:resetClient(131)) - 0c9bf628-edfc-473a-824e-eb061e1afdb3@group-6EDC1BDBC3EA->1914ef14-e927-4aee-a78a-186b0a6a783b-GrpcLogAppender: Leader has not got in touch with Follower 0c9bf628-edfc-473a-824e-eb061e1afdb3@group-6EDC1BDBC3EA->1914ef14-e927-4aee-a78a-186b0a6a783b(c0,m0,n1, attendVote=true, lastRpcSendTime=1274, lastRpcResponseTime=8820) yet, just keep nextIndex unchanged and retry.
2022-10-28 11:29:07,017 [grpc-default-executor-5] WARN  server.GrpcLogAppender (LogUtils.java:warn(122)) - 0c9bf628-edfc-473a-824e-eb061e1afdb3@group-6EDC1BDBC3EA->1914ef14-e927-4aee-a78a-186b0a6a783b-AppendLogResponseHandler: Failed appendEntries: org.apache.ratis.thirdparty.io.grpc.StatusRuntimeException: UNAVAILABLE: io exception
2022-10-28 11:29:07,018 [grpc-default-executor-0] WARN  server.GrpcLogAppender (LogUtils.java:warn(122)) - 0c9bf628-edfc-473a-824e-eb061e1afdb3@group-6EDC1BDBC3EA->1914ef14-e927-4aee-a78a-186b0a6a783b-AppendLogResponseHandler: Failed appendEntries: org.apache.ratis.thirdparty.io.grpc.StatusRuntimeException: UNAVAILABLE: io exception
2022-10-28 11:29:07,018 [grpc-default-executor-5] WARN  server.GrpcLogAppender (GrpcLogAppender.java:resetClient(131)) - 0c9bf628-edfc-473a-824e-eb061e1afdb3@group-6EDC1BDBC3EA->1914ef14-e927-4aee-a78a-186b0a6a783b-GrpcLogAppender: Leader has not got in touch with Follower 0c9bf628-edfc-473a-824e-eb061e1afdb3@group-6EDC1BDBC3EA->1914ef14-e927-4aee-a78a-186b0a6a783b(c0,m0,n1, attendVote=true, lastRpcSendTime=1275, lastRpcResponseTime=8821) yet, just keep nextIndex unchanged and retry.
2022-10-28 11:29:07,019 [grpc-default-executor-0] WARN  server.GrpcLogAppender (GrpcLogAppender.java:resetClient(131)) - 0c9bf628-edfc-473a-824e-eb061e1afdb3@group-6EDC1BDBC3EA->1914ef14-e927-4aee-a78a-186b0a6a783b-GrpcLogAppender: Leader has not got in touch with Follower 0c9bf628-edfc-473a-824e-eb061e1afdb3@group-6EDC1BDBC3EA->1914ef14-e927-4aee-a78a-186b0a6a783b(c0,m0,n1, attendVote=true, lastRpcSendTime=1276, lastRpcResponseTime=8822) yet, just keep nextIndex unchanged and retry.
2022-10-28 11:29:07,019 [grpc-default-executor-0] WARN  server.GrpcLogAppender (LogUtils.java:warn(122)) - 0c9bf628-edfc-473a-824e-eb061e1afdb3@group-6EDC1BDBC3EA->1914ef14-e927-4aee-a78a-186b0a6a783b-AppendLogResponseHandler: Failed appendEntries: org.apache.ratis.thirdparty.io.grpc.StatusRuntimeException: UNAVAILABLE: io exception
2022-10-28 11:29:07,019 [grpc-default-executor-5] WARN  server.GrpcLogAppender (LogUtils.java:warn(122)) - 0c9bf628-edfc-473a-824e-eb061e1afdb3@group-6EDC1BDBC3EA->1914ef14-e927-4aee-a78a-186b0a6a783b-AppendLogResponseHandler: Failed appendEntries: org.apache.ratis.thirdparty.io.grpc.StatusRuntimeException: UNAVAILABLE: io exception
2022-10-28 11:29:07,020 [grpc-default-executor-0] WARN  server.GrpcLogAppender (GrpcLogAppender.java:resetClient(131)) - 0c9bf628-edfc-473a-824e-eb061e1afdb3@group-6EDC1BDBC3EA->1914ef14-e927-4aee-a78a-186b0a6a783b-GrpcLogAppender: Leader has not got in touch with Follower 0c9bf628-edfc-473a-824e-eb061e1afdb3@group-6EDC1BDBC3EA->1914ef14-e927-4aee-a78a-186b0a6a783b(c0,m0,n1, attendVote=true, lastRpcSendTime=1277, lastRpcResponseTime=8823) yet, just keep nextIndex unchanged and retry.
2022-10-28 11:29:07,020 [grpc-default-executor-5] WARN  server.GrpcLogAppender (GrpcLogAppender.java:resetClient(131)) - 0c9bf628-edfc-473a-824e-eb061e1afdb3@group-6EDC1BDBC3EA->1914ef14-e927-4aee-a78a-186b0a6a783b-GrpcLogAppender: Leader has not got in touch with Follower 0c9bf628-edfc-473a-824e-eb061e1afdb3@group-6EDC1BDBC3EA->1914ef14-e927-4aee-a78a-186b0a6a783b(c0,m0,n1, attendVote=true, lastRpcSendTime=1277, lastRpcResponseTime=8823) yet, just keep nextIndex unchanged and retry.
2022-10-28 11:29:07,021 [grpc-default-executor-5] WARN  server.GrpcLogAppender (LogUtils.java:warn(122)) - 0c9bf628-edfc-473a-824e-eb061e1afdb3@group-6EDC1BDBC3EA->1914ef14-e927-4aee-a78a-186b0a6a783b-AppendLogResponseHandler: Failed appendEntries: org.apache.ratis.thirdparty.io.grpc.StatusRuntimeException: UNAVAILABLE: io exception
2022-10-28 11:29:07,021 [grpc-default-executor-0] WARN  server.GrpcLogAppender (LogUtils.java:warn(122)) - 0c9bf628-edfc-473a-824e-eb061e1afdb3@group-6EDC1BDBC3EA->1914ef14-e927-4aee-a78a-186b0a6a783b-AppendLogResponseHandler: Failed appendEntries: org.apache.ratis.thirdparty.io.grpc.StatusRuntimeException: UNAVAILABLE: io exception
2022-10-28 11:29:07,021 [grpc-default-executor-5] WARN  server.GrpcLogAppender (GrpcLogAppender.java:resetClient(131)) - 0c9bf628-edfc-473a-824e-eb061e1afdb3@group-6EDC1BDBC3EA->1914ef14-e927-4aee-a78a-186b0a6a783b-GrpcLogAppender: Leader has not got in touch with Follower 0c9bf628-edfc-473a-824e-eb061e1afdb3@group-6EDC1BDBC3EA->1914ef14-e927-4aee-a78a-186b0a6a783b(c0,m0,n1, attendVote=true, lastRpcSendTime=1279, lastRpcResponseTime=8824) yet, just keep nextIndex unchanged and retry.
2022-10-28 11:29:07,022 [grpc-default-executor-0] WARN  server.GrpcLogAppender (GrpcLogAppender.java:resetClient(131)) - 0c9bf628-edfc-473a-824e-eb061e1afdb3@group-6EDC1BDBC3EA->1914ef14-e927-4aee-a78a-186b0a6a783b-GrpcLogAppender: Leader has not got in touch with Follower 0c9bf628-edfc-473a-824e-eb061e1afdb3@group-6EDC1BDBC3EA->1914ef14-e927-4aee-a78a-186b0a6a783b(c0,m0,n1, attendVote=true, lastRpcSendTime=1279, lastRpcResponseTime=8825) yet, just keep nextIndex unchanged and retry.
2022-10-28 11:29:07,023 [grpc-default-executor-0] WARN  server.GrpcLogAppender (LogUtils.java:warn(122)) - 0c9bf628-edfc-473a-824e-eb061e1afdb3@group-6EDC1BDBC3EA->1914ef14-e927-4aee-a78a-186b0a6a783b-AppendLogResponseHandler: Failed appendEntries: org.apache.ratis.thirdparty.io.grpc.StatusRuntimeException: UNAVAILABLE: io exception
2022-10-28 11:29:07,023 [grpc-default-executor-5] WARN  server.GrpcLogAppender (LogUtils.java:warn(122)) - 0c9bf628-edfc-473a-824e-eb061e1afdb3@group-6EDC1BDBC3EA->1914ef14-e927-4aee-a78a-186b0a6a783b-AppendLogResponseHandler: Failed appendEntries: org.apache.ratis.thirdparty.io.grpc.StatusRuntimeException: UNAVAILABLE: io exception
2022-10-28 11:29:07,023 [grpc-default-executor-0] WARN  server.GrpcLogAppender (GrpcLogAppender.java:resetClient(131)) - 0c9bf628-edfc-473a-824e-eb061e1afdb3@group-6EDC1BDBC3EA->1914ef14-e927-4aee-a78a-186b0a6a783b-GrpcLogAppender: Leader has not got in touch with Follower 0c9bf628-edfc-473a-824e-eb061e1afdb3@group-6EDC1BDBC3EA->1914ef14-e927-4aee-a78a-186b0a6a783b(c0,m0,n1, attendVote=true, lastRpcSendTime=0, lastRpcResponseTime=8826) yet, just keep nextIndex unchanged and retry.
2022-10-28 11:29:07,023 [grpc-default-executor-5] WARN  server.GrpcLogAppender (GrpcLogAppender.java:resetClient(131)) - 0c9bf628-edfc-473a-824e-eb061e1afdb3@group-6EDC1BDBC3EA->1914ef14-e927-4aee-a78a-186b0a6a783b-GrpcLogAppender: Leader has not got in touch with Follower 0c9bf628-edfc-473a-824e-eb061e1afdb3@group-6EDC1BDBC3EA->1914ef14-e927-4aee-a78a-186b0a6a783b(c0,m0,n1, attendVote=true, lastRpcSendTime=0, lastRpcResponseTime=8826) yet, just keep nextIndex unchanged and retry.
2022-10-28 11:29:07,626 [grpc-default-executor-5] WARN  server.GrpcLogAppender (LogUtils.java:warn(122)) - 0c9bf628-edfc-473a-824e-eb061e1afdb3@group-B457E25CD9B9->1914ef14-e927-4aee-a78a-186b0a6a783b-AppendLogResponseHandler: Failed appendEntries: org.apache.ratis.thirdparty.io.grpc.StatusRuntimeException: UNAVAILABLE: io exception
2022-10-28 11:29:07,626 [grpc-default-executor-0] WARN  server.GrpcLogAppender (LogUtils.java:warn(122)) - 0c9bf628-edfc-473a-824e-eb061e1afdb3@group-B457E25CD9B9->1914ef14-e927-4aee-a78a-186b0a6a783b-AppendLogResponseHandler: Failed appendEntries: org.apache.ratis.thirdparty.io.grpc.StatusRuntimeException: UNAVAILABLE: io exception
2022-10-28 11:29:07,627 [grpc-default-executor-5] WARN  server.GrpcLogAppender (GrpcLogAppender.java:resetClient(131)) - 0c9bf628-edfc-473a-824e-eb061e1afdb3@group-B457E25CD9B9->1914ef14-e927-4aee-a78a-186b0a6a783b-GrpcLogAppender: Leader has not got in touch with Follower 0c9bf628-edfc-473a-824e-eb061e1afdb3@group-B457E25CD9B9->1914ef14-e927-4aee-a78a-186b0a6a783b(c-1,m0,n1, attendVote=true, lastRpcSendTime=1251, lastRpcResponseTime=8980) yet, just keep nextIndex unchanged and retry.
2022-10-28 11:29:07,630 [grpc-default-executor-0] WARN  server.GrpcLogAppender (GrpcLogAppender.java:resetClient(131)) - 0c9bf628-edfc-473a-824e-eb061e1afdb3@group-B457E25CD9B9->1914ef14-e927-4aee-a78a-186b0a6a783b-GrpcLogAppender: Leader has not got in touch with Follower 0c9bf628-edfc-473a-824e-eb061e1afdb3@group-B457E25CD9B9->1914ef14-e927-4aee-a78a-186b0a6a783b(c-1,m0,n1, attendVote=true, lastRpcSendTime=1253, lastRpcResponseTime=8983) yet, just keep nextIndex unchanged and retry.
2022-10-28 11:29:07,631 [grpc-default-executor-0] WARN  server.GrpcLogAppender (LogUtils.java:warn(122)) - 0c9bf628-edfc-473a-824e-eb061e1afdb3@group-B457E25CD9B9->1914ef14-e927-4aee-a78a-186b0a6a783b-AppendLogResponseHandler: Failed appendEntries: org.apache.ratis.thirdparty.io.grpc.StatusRuntimeException: UNAVAILABLE: io exception
2022-10-28 11:29:07,631 [grpc-default-executor-5] WARN  server.GrpcLogAppender (LogUtils.java:warn(122)) - 0c9bf628-edfc-473a-824e-eb061e1afdb3@group-B457E25CD9B9->1914ef14-e927-4aee-a78a-186b0a6a783b-AppendLogResponseHandler: Failed appendEntries: org.apache.ratis.thirdparty.io.grpc.StatusRuntimeException: UNAVAILABLE: io exception
2022-10-28 11:29:07,632 [grpc-default-executor-0] WARN  server.GrpcLogAppender (GrpcLogAppender.java:resetClient(131)) - 0c9bf628-edfc-473a-824e-eb061e1afdb3@group-B457E25CD9B9->1914ef14-e927-4aee-a78a-186b0a6a783b-GrpcLogAppender: Leader has not got in touch with Follower 0c9bf628-edfc-473a-824e-eb061e1afdb3@group-B457E25CD9B9->1914ef14-e927-4aee-a78a-186b0a6a783b(c-1,m0,n1, attendVote=true, lastRpcSendTime=1256, lastRpcResponseTime=8985) yet, just keep nextIndex unchanged and retry.
2022-10-28 11:29:07,633 [grpc-default-executor-5] WARN  server.GrpcLogAppender (GrpcLogAppender.java:resetClient(131)) - 0c9bf628-edfc-473a-824e-eb061e1afdb3@group-B457E25CD9B9->1914ef14-e927-4aee-a78a-186b0a6a783b-GrpcLogAppender: Leader has not got in touch with Follower 0c9bf628-edfc-473a-824e-eb061e1afdb3@group-B457E25CD9B9->1914ef14-e927-4aee-a78a-186b0a6a783b(c-1,m0,n1, attendVote=true, lastRpcSendTime=1257, lastRpcResponseTime=8986) yet, just keep nextIndex unchanged and retry.
2022-10-28 11:29:07,634 [grpc-default-executor-5] WARN  server.GrpcLogAppender (LogUtils.java:warn(122)) - 0c9bf628-edfc-473a-824e-eb061e1afdb3@group-B457E25CD9B9->1914ef14-e927-4aee-a78a-186b0a6a783b-AppendLogResponseHandler: Failed appendEntries: org.apache.ratis.thirdparty.io.grpc.StatusRuntimeException: UNAVAILABLE: io exception
2022-10-28 11:29:07,634 [grpc-default-executor-0] WARN  server.GrpcLogAppender (LogUtils.java:warn(122)) - 0c9bf628-edfc-473a-824e-eb061e1afdb3@group-B457E25CD9B9->1914ef14-e927-4aee-a78a-186b0a6a783b-AppendLogResponseHandler: Failed appendEntries: org.apache.ratis.thirdparty.io.grpc.StatusRuntimeException: UNAVAILABLE: io exception
2022-10-28 11:29:07,635 [grpc-default-executor-5] WARN  server.GrpcLogAppender (GrpcLogAppender.java:resetClient(131)) - 0c9bf628-edfc-473a-824e-eb061e1afdb3@group-B457E25CD9B9->1914ef14-e927-4aee-a78a-186b0a6a783b-GrpcLogAppender: Leader has not got in touch with Follower 0c9bf628-edfc-473a-824e-eb061e1afdb3@group-B457E25CD9B9->1914ef14-e927-4aee-a78a-186b0a6a783b(c-1,m0,n1, attendVote=true, lastRpcSendTime=1258, lastRpcResponseTime=8988) yet, just keep nextIndex unchanged and retry.
2022-10-28 11:29:07,635 [grpc-default-executor-0] WARN  server.GrpcLogAppender (GrpcLogAppender.java:resetClient(131)) - 0c9bf628-edfc-473a-824e-eb061e1afdb3@group-B457E25CD9B9->1914ef14-e927-4aee-a78a-186b0a6a783b-GrpcLogAppender: Leader has not got in touch with Follower 0c9bf628-edfc-473a-824e-eb061e1afdb3@group-B457E25CD9B9->1914ef14-e927-4aee-a78a-186b0a6a783b(c-1,m0,n1, attendVote=true, lastRpcSendTime=1259, lastRpcResponseTime=8988) yet, just keep nextIndex unchanged and retry.
2022-10-28 11:29:07,636 [grpc-default-executor-0] WARN  server.GrpcLogAppender (LogUtils.java:warn(122)) - 0c9bf628-edfc-473a-824e-eb061e1afdb3@group-B457E25CD9B9->1914ef14-e927-4aee-a78a-186b0a6a783b-AppendLogResponseHandler: Failed appendEntries: org.apache.ratis.thirdparty.io.grpc.StatusRuntimeException: UNAVAILABLE: io exception
2022-10-28 11:29:07,636 [grpc-default-executor-5] WARN  server.GrpcLogAppender (LogUtils.java:warn(122)) - 0c9bf628-edfc-473a-824e-eb061e1afdb3@group-B457E25CD9B9->1914ef14-e927-4aee-a78a-186b0a6a783b-AppendLogResponseHandler: Failed appendEntries: org.apache.ratis.thirdparty.io.grpc.StatusRuntimeException: UNAVAILABLE: io exception
2022-10-28 11:29:07,636 [grpc-default-executor-0] WARN  server.GrpcLogAppender (GrpcLogAppender.java:resetClient(131)) - 0c9bf628-edfc-473a-824e-eb061e1afdb3@group-B457E25CD9B9->1914ef14-e927-4aee-a78a-186b0a6a783b-GrpcLogAppender: Leader has not got in touch with Follower 0c9bf628-edfc-473a-824e-eb061e1afdb3@group-B457E25CD9B9->1914ef14-e927-4aee-a78a-186b0a6a783b(c-1,m0,n1, attendVote=true, lastRpcSendTime=1260, lastRpcResponseTime=8989) yet, just keep nextIndex unchanged and retry.
2022-10-28 11:29:07,637 [grpc-default-executor-5] WARN  server.GrpcLogAppender (GrpcLogAppender.java:resetClient(131)) - 0c9bf628-edfc-473a-824e-eb061e1afdb3@group-B457E25CD9B9->1914ef14-e927-4aee-a78a-186b0a6a783b-GrpcLogAppender: Leader has not got in touch with Follower 0c9bf628-edfc-473a-824e-eb061e1afdb3@group-B457E25CD9B9->1914ef14-e927-4aee-a78a-186b0a6a783b(c-1,m0,n1, attendVote=true, lastRpcSendTime=1261, lastRpcResponseTime=8990) yet, just keep nextIndex unchanged and retry.
2022-10-28 11:29:07,638 [grpc-default-executor-5] WARN  server.GrpcLogAppender (LogUtils.java:warn(122)) - 0c9bf628-edfc-473a-824e-eb061e1afdb3@group-B457E25CD9B9->1914ef14-e927-4aee-a78a-186b0a6a783b-AppendLogResponseHandler: Failed appendEntries: org.apache.ratis.thirdparty.io.grpc.StatusRuntimeException: UNAVAILABLE: io exception
2022-10-28 11:29:07,638 [grpc-default-executor-0] WARN  server.GrpcLogAppender (LogUtils.java:warn(122)) - 0c9bf628-edfc-473a-824e-eb061e1afdb3@group-B457E25CD9B9->1914ef14-e927-4aee-a78a-186b0a6a783b-AppendLogResponseHandler: Failed appendEntries: org.apache.ratis.thirdparty.io.grpc.StatusRuntimeException: UNAVAILABLE: io exception
2022-10-28 11:29:07,638 [grpc-default-executor-5] WARN  server.GrpcLogAppender (GrpcLogAppender.java:resetClient(131)) - 0c9bf628-edfc-473a-824e-eb061e1afdb3@group-B457E25CD9B9->1914ef14-e927-4aee-a78a-186b0a6a783b-GrpcLogAppender: Leader has not got in touch with Follower 0c9bf628-edfc-473a-824e-eb061e1afdb3@group-B457E25CD9B9->1914ef14-e927-4aee-a78a-186b0a6a783b(c-1,m0,n1, attendVote=true, lastRpcSendTime=1262, lastRpcResponseTime=8991) yet, just keep nextIndex unchanged and retry.
2022-10-28 11:29:07,638 [grpc-default-executor-0] WARN  server.GrpcLogAppender (GrpcLogAppender.java:resetClient(131)) - 0c9bf628-edfc-473a-824e-eb061e1afdb3@group-B457E25CD9B9->1914ef14-e927-4aee-a78a-186b0a6a783b-GrpcLogAppender: Leader has not got in touch with Follower 0c9bf628-edfc-473a-824e-eb061e1afdb3@group-B457E25CD9B9->1914ef14-e927-4aee-a78a-186b0a6a783b(c-1,m0,n1, attendVote=true, lastRpcSendTime=1262, lastRpcResponseTime=8991) yet, just keep nextIndex unchanged and retry.
2022-10-28 11:29:07,639 [grpc-default-executor-0] WARN  server.GrpcLogAppender (LogUtils.java:warn(122)) - 0c9bf628-edfc-473a-824e-eb061e1afdb3@group-B457E25CD9B9->1914ef14-e927-4aee-a78a-186b0a6a783b-AppendLogResponseHandler: Failed appendEntries: org.apache.ratis.thirdparty.io.grpc.StatusRuntimeException: UNAVAILABLE: io exception
2022-10-28 11:29:07,639 [grpc-default-executor-5] WARN  server.GrpcLogAppender (LogUtils.java:warn(122)) - 0c9bf628-edfc-473a-824e-eb061e1afdb3@group-B457E25CD9B9->1914ef14-e927-4aee-a78a-186b0a6a783b-AppendLogResponseHandler: Failed appendEntries: org.apache.ratis.thirdparty.io.grpc.StatusRuntimeException: UNAVAILABLE: io exception
2022-10-28 11:29:07,639 [grpc-default-executor-0] WARN  server.GrpcLogAppender (GrpcLogAppender.java:resetClient(131)) - 0c9bf628-edfc-473a-824e-eb061e1afdb3@group-B457E25CD9B9->1914ef14-e927-4aee-a78a-186b0a6a783b-GrpcLogAppender: Leader has not got in touch with Follower 0c9bf628-edfc-473a-824e-eb061e1afdb3@group-B457E25CD9B9->1914ef14-e927-4aee-a78a-186b0a6a783b(c-1,m0,n1, attendVote=true, lastRpcSendTime=1263, lastRpcResponseTime=8992) yet, just keep nextIndex unchanged and retry.
2022-10-28 11:29:07,640 [grpc-default-executor-5] WARN  server.GrpcLogAppender (GrpcLogAppender.java:resetClient(131)) - 0c9bf628-edfc-473a-824e-eb061e1afdb3@group-B457E25CD9B9->1914ef14-e927-4aee-a78a-186b0a6a783b-GrpcLogAppender: Leader has not got in touch with Follower 0c9bf628-edfc-473a-824e-eb061e1afdb3@group-B457E25CD9B9->1914ef14-e927-4aee-a78a-186b0a6a783b(c-1,m0,n1, attendVote=true, lastRpcSendTime=1264, lastRpcResponseTime=8993) yet, just keep nextIndex unchanged and retry.
2022-10-28 11:29:07,640 [grpc-default-executor-0] WARN  server.GrpcLogAppender (LogUtils.java:warn(122)) - 0c9bf628-edfc-473a-824e-eb061e1afdb3@group-B457E25CD9B9->1914ef14-e927-4aee-a78a-186b0a6a783b-AppendLogResponseHandler: Failed appendEntries: org.apache.ratis.thirdparty.io.grpc.StatusRuntimeException: UNAVAILABLE: io exception
2022-10-28 11:29:07,641 [grpc-default-executor-0] WARN  server.GrpcLogAppender (GrpcLogAppender.java:resetClient(131)) - 0c9bf628-edfc-473a-824e-eb061e1afdb3@group-B457E25CD9B9->1914ef14-e927-4aee-a78a-186b0a6a783b-GrpcLogAppender: Leader has not got in touch with Follower 0c9bf628-edfc-473a-824e-eb061e1afdb3@group-B457E25CD9B9->1914ef14-e927-4aee-a78a-186b0a6a783b(c-1,m0,n1, attendVote=true, lastRpcSendTime=0, lastRpcResponseTime=8994) yet, just keep nextIndex unchanged and retry.
2022-10-28 11:29:07,641 [grpc-default-executor-0] WARN  server.GrpcLogAppender (LogUtils.java:warn(122)) - 0c9bf628-edfc-473a-824e-eb061e1afdb3@group-B457E25CD9B9->1914ef14-e927-4aee-a78a-186b0a6a783b-AppendLogResponseHandler: Failed appendEntries: org.apache.ratis.thirdparty.io.grpc.StatusRuntimeException: UNAVAILABLE: io exception
2022-10-28 11:29:07,641 [grpc-default-executor-0] WARN  server.GrpcLogAppender (GrpcLogAppender.java:resetClient(131)) - 0c9bf628-edfc-473a-824e-eb061e1afdb3@group-B457E25CD9B9->1914ef14-e927-4aee-a78a-186b0a6a783b-GrpcLogAppender: Leader has not got in touch with Follower 0c9bf628-edfc-473a-824e-eb061e1afdb3@group-B457E25CD9B9->1914ef14-e927-4aee-a78a-186b0a6a783b(c-1,m0,n1, attendVote=true, lastRpcSendTime=1, lastRpcResponseTime=8994) yet, just keep nextIndex unchanged and retry.
2022-10-28 11:29:08,121 [Command processor thread] INFO  server.RaftServer (RaftServerProxy.java:remove(107)) - 4117c80f-d61a-41ff-a958-d6b4139221af: remove  FOLLOWER 4117c80f-d61a-41ff-a958-d6b4139221af@group-6EDC1BDBC3EA:t1, leader=0c9bf628-edfc-473a-824e-eb061e1afdb3, voted=0c9bf628-edfc-473a-824e-eb061e1afdb3, raftlog=Memoized:4117c80f-d61a-41ff-a958-d6b4139221af@group-6EDC1BDBC3EA-SegmentedRaftLog:OPENED:c0, conf=0: peers:[1914ef14-e927-4aee-a78a-186b0a6a783b|rpc:10.1.0.114:45645|dataStream:|priority:0|startupRole:FOLLOWER, 4117c80f-d61a-41ff-a958-d6b4139221af|rpc:10.1.0.114:40159|dataStream:|priority:0|startupRole:FOLLOWER, 0c9bf628-edfc-473a-824e-eb061e1afdb3|rpc:10.1.0.114:43977|dataStream:|priority:1|startupRole:FOLLOWER]|listeners:[], old=null RUNNING
2022-10-28 11:29:08,122 [Command processor thread] INFO  server.RaftServer$Division (RaftServerImpl.java:lambda$close$4(458)) - 4117c80f-d61a-41ff-a958-d6b4139221af@group-6EDC1BDBC3EA: shutdown
2022-10-28 11:29:08,122 [Command processor thread] INFO  util.JmxRegister (JmxRegister.java:unregister(73)) - Successfully un-registered JMX Bean with object name Ratis:service=RaftServer,group=group-6EDC1BDBC3EA,id=4117c80f-d61a-41ff-a958-d6b4139221af
2022-10-28 11:29:08,122 [Command processor thread] INFO  impl.RoleInfo (RoleInfo.java:shutdownFollowerState(110)) - 4117c80f-d61a-41ff-a958-d6b4139221af: shutdown 4117c80f-d61a-41ff-a958-d6b4139221af@group-6EDC1BDBC3EA-FollowerState
2022-10-28 11:29:08,122 [Command processor thread] INFO  impl.StateMachineUpdater (StateMachineUpdater.java:stopAndJoin(153)) - 4117c80f-d61a-41ff-a958-d6b4139221af@group-6EDC1BDBC3EA-StateMachineUpdater: set stopIndex = 0
2022-10-28 11:29:08,122 [4117c80f-d61a-41ff-a958-d6b4139221af@group-6EDC1BDBC3EA-FollowerState] INFO  impl.FollowerState (FollowerState.java:run(152)) - 4117c80f-d61a-41ff-a958-d6b4139221af@group-6EDC1BDBC3EA-FollowerState was interrupted
2022-10-28 11:29:08,123 [4117c80f-d61a-41ff-a958-d6b4139221af@group-6EDC1BDBC3EA-StateMachineUpdater] INFO  ratis.ContainerStateMachine (ContainerStateMachine.java:takeSnapshot(304)) - group-6EDC1BDBC3EA: Taking a snapshot at:(t:1, i:0) file /home/runner/work/ozone/ozone/hadoop-ozone/integration-test/target/test-dir/MiniOzoneClusterImpl-6ee34448-fbd8-4951-8ae1-d137d06ced7b/datanode-2/data/ratis/7b572f3d-fa43-4e84-bbda-6edc1bdbc3ea/sm/snapshot.1_0
2022-10-28 11:29:08,123 [4117c80f-d61a-41ff-a958-d6b4139221af@group-6EDC1BDBC3EA-StateMachineUpdater] INFO  ratis.ContainerStateMachine (ContainerStateMachine.java:takeSnapshot(315)) - group-6EDC1BDBC3EA: Finished taking a snapshot at:(t:1, i:0) file:/home/runner/work/ozone/ozone/hadoop-ozone/integration-test/target/test-dir/MiniOzoneClusterImpl-6ee34448-fbd8-4951-8ae1-d137d06ced7b/datanode-2/data/ratis/7b572f3d-fa43-4e84-bbda-6edc1bdbc3ea/sm/snapshot.1_0 took: 1 ms
2022-10-28 11:29:08,124 [4117c80f-d61a-41ff-a958-d6b4139221af@group-6EDC1BDBC3EA-StateMachineUpdater] INFO  impl.StateMachineUpdater (StateMachineUpdater.java:takeSnapshot(287)) - 4117c80f-d61a-41ff-a958-d6b4139221af@group-6EDC1BDBC3EA-StateMachineUpdater: Took a snapshot at index 0
2022-10-28 11:29:08,124 [4117c80f-d61a-41ff-a958-d6b4139221af@group-6EDC1BDBC3EA-StateMachineUpdater] INFO  impl.StateMachineUpdater (StateMachineUpdater.java:lambda$new$0(92)) - 4117c80f-d61a-41ff-a958-d6b4139221af@group-6EDC1BDBC3EA-StateMachineUpdater: snapshotIndex: updateIncreasingly -1 -> 0
2022-10-28 11:29:08,124 [Command processor thread] INFO  server.RaftServer$Division (ServerState.java:close(466)) - 4117c80f-d61a-41ff-a958-d6b4139221af@group-6EDC1BDBC3EA: closes. applyIndex: 0
2022-10-28 11:29:08,124 [4117c80f-d61a-41ff-a958-d6b4139221af@group-6EDC1BDBC3EA-SegmentedRaftLogWorker] INFO  segmented.SegmentedRaftLogWorker (SegmentedRaftLogWorker.java:run(345)) - 4117c80f-d61a-41ff-a958-d6b4139221af@group-6EDC1BDBC3EA-SegmentedRaftLogWorker was interrupted, exiting. There are 0 tasks remaining in the queue.
2022-10-28 11:29:08,130 [Command processor thread] INFO  segmented.SegmentedRaftLogWorker (SegmentedRaftLogWorker.java:close(255)) - 4117c80f-d61a-41ff-a958-d6b4139221af@group-6EDC1BDBC3EA-SegmentedRaftLogWorker close()
2022-10-28 11:29:08,141 [Command processor thread] INFO  server.RaftServer$Division (RaftServerImpl.java:groupRemove(428)) - 4117c80f-d61a-41ff-a958-d6b4139221af@group-6EDC1BDBC3EA: Succeed to remove RaftStorageDirectory Storage Directory /home/runner/work/ozone/ozone/hadoop-ozone/integration-test/target/test-dir/MiniOzoneClusterImpl-6ee34448-fbd8-4951-8ae1-d137d06ced7b/datanode-2/data/ratis/7b572f3d-fa43-4e84-bbda-6edc1bdbc3ea
2022-10-28 11:29:08,142 [Command processor thread] INFO  commandhandler.ClosePipelineCommandHandler (ClosePipelineCommandHandler.java:handle(78)) - Close Pipeline PipelineID=7b572f3d-fa43-4e84-bbda-6edc1bdbc3ea command on datanode 4117c80f-d61a-41ff-a958-d6b4139221af.
2022-10-28 11:29:08,142 [Command processor thread] INFO  server.RaftServer (RaftServerProxy.java:remove(107)) - 4117c80f-d61a-41ff-a958-d6b4139221af: remove  FOLLOWER 4117c80f-d61a-41ff-a958-d6b4139221af@group-B457E25CD9B9:t2, leader=0c9bf628-edfc-473a-824e-eb061e1afdb3, voted=0c9bf628-edfc-473a-824e-eb061e1afdb3, raftlog=Memoized:4117c80f-d61a-41ff-a958-d6b4139221af@group-B457E25CD9B9-SegmentedRaftLog:OPENED:c0, conf=0: peers:[1914ef14-e927-4aee-a78a-186b0a6a783b|rpc:10.1.0.114:45645|dataStream:|priority:1|startupRole:FOLLOWER, 4117c80f-d61a-41ff-a958-d6b4139221af|rpc:10.1.0.114:40159|dataStream:|priority:0|startupRole:FOLLOWER, 0c9bf628-edfc-473a-824e-eb061e1afdb3|rpc:10.1.0.114:43977|dataStream:|priority:0|startupRole:FOLLOWER]|listeners:[], old=null RUNNING
2022-10-28 11:29:08,142 [Command processor thread] INFO  server.RaftServer$Division (RaftServerImpl.java:lambda$close$4(458)) - 4117c80f-d61a-41ff-a958-d6b4139221af@group-B457E25CD9B9: shutdown
2022-10-28 11:29:08,142 [Command processor thread] INFO  util.JmxRegister (JmxRegister.java:unregister(73)) - Successfully un-registered JMX Bean with object name Ratis:service=RaftServer,group=group-B457E25CD9B9,id=4117c80f-d61a-41ff-a958-d6b4139221af
2022-10-28 11:29:08,142 [Command processor thread] INFO  impl.RoleInfo (RoleInfo.java:shutdownFollowerState(110)) - 4117c80f-d61a-41ff-a958-d6b4139221af: shutdown 4117c80f-d61a-41ff-a958-d6b4139221af@group-B457E25CD9B9-FollowerState
2022-10-28 11:29:08,142 [4117c80f-d61a-41ff-a958-d6b4139221af@group-B457E25CD9B9-FollowerState] INFO  impl.FollowerState (FollowerState.java:run(152)) - 4117c80f-d61a-41ff-a958-d6b4139221af@group-B457E25CD9B9-FollowerState was interrupted
2022-10-28 11:29:08,143 [4117c80f-d61a-41ff-a958-d6b4139221af@group-B457E25CD9B9-StateMachineUpdater] INFO  ratis.ContainerStateMachine (ContainerStateMachine.java:takeSnapshot(304)) - group-B457E25CD9B9: Taking a snapshot at:(t:2, i:0) file /home/runner/work/ozone/ozone/hadoop-ozone/integration-test/target/test-dir/MiniOzoneClusterImpl-6ee34448-fbd8-4951-8ae1-d137d06ced7b/datanode-2/data/ratis/a4cea835-1fa5-4d69-8b7a-b457e25cd9b9/sm/snapshot.2_0
2022-10-28 11:29:08,143 [4117c80f-d61a-41ff-a958-d6b4139221af@group-B457E25CD9B9-StateMachineUpdater] INFO  ratis.ContainerStateMachine (ContainerStateMachine.java:takeSnapshot(315)) - group-B457E25CD9B9: Finished taking a snapshot at:(t:2, i:0) file:/home/runner/work/ozone/ozone/hadoop-ozone/integration-test/target/test-dir/MiniOzoneClusterImpl-6ee34448-fbd8-4951-8ae1-d137d06ced7b/datanode-2/data/ratis/a4cea835-1fa5-4d69-8b7a-b457e25cd9b9/sm/snapshot.2_0 took: 1 ms
2022-10-28 11:29:08,143 [4117c80f-d61a-41ff-a958-d6b4139221af@group-B457E25CD9B9-StateMachineUpdater] INFO  impl.StateMachineUpdater (StateMachineUpdater.java:takeSnapshot(287)) - 4117c80f-d61a-41ff-a958-d6b4139221af@group-B457E25CD9B9-StateMachineUpdater: Took a snapshot at index 0
2022-10-28 11:29:08,143 [4117c80f-d61a-41ff-a958-d6b4139221af@group-B457E25CD9B9-StateMachineUpdater] INFO  impl.StateMachineUpdater (StateMachineUpdater.java:lambda$new$0(92)) - 4117c80f-d61a-41ff-a958-d6b4139221af@group-B457E25CD9B9-StateMachineUpdater: snapshotIndex: updateIncreasingly -1 -> 0
2022-10-28 11:29:08,144 [Command processor thread] INFO  impl.StateMachineUpdater (StateMachineUpdater.java:stopAndJoin(153)) - 4117c80f-d61a-41ff-a958-d6b4139221af@group-B457E25CD9B9-StateMachineUpdater: set stopIndex = 0
2022-10-28 11:29:08,145 [Command processor thread] INFO  server.RaftServer$Division (ServerState.java:close(466)) - 4117c80f-d61a-41ff-a958-d6b4139221af@group-B457E25CD9B9: closes. applyIndex: 0
2022-10-28 11:29:08,145 [4117c80f-d61a-41ff-a958-d6b4139221af@group-B457E25CD9B9-SegmentedRaftLogWorker] INFO  segmented.SegmentedRaftLogWorker (SegmentedRaftLogWorker.java:run(345)) - 4117c80f-d61a-41ff-a958-d6b4139221af@group-B457E25CD9B9-SegmentedRaftLogWorker was interrupted, exiting. There are 0 tasks remaining in the queue.
2022-10-28 11:29:08,165 [Command processor thread] INFO  segmented.SegmentedRaftLogWorker (SegmentedRaftLogWorker.java:close(255)) - 4117c80f-d61a-41ff-a958-d6b4139221af@group-B457E25CD9B9-SegmentedRaftLogWorker close()
2022-10-28 11:29:08,167 [Command processor thread] INFO  server.RaftServer$Division (RaftServerImpl.java:groupRemove(428)) - 4117c80f-d61a-41ff-a958-d6b4139221af@group-B457E25CD9B9: Succeed to remove RaftStorageDirectory Storage Directory /home/runner/work/ozone/ozone/hadoop-ozone/integration-test/target/test-dir/MiniOzoneClusterImpl-6ee34448-fbd8-4951-8ae1-d137d06ced7b/datanode-2/data/ratis/a4cea835-1fa5-4d69-8b7a-b457e25cd9b9
2022-10-28 11:29:08,167 [Command processor thread] INFO  commandhandler.ClosePipelineCommandHandler (ClosePipelineCommandHandler.java:handle(78)) - Close Pipeline PipelineID=a4cea835-1fa5-4d69-8b7a-b457e25cd9b9 command on datanode 4117c80f-d61a-41ff-a958-d6b4139221af.
2022-10-28 11:29:08,273 [grpc-default-executor-0] WARN  server.GrpcLogAppender (LogUtils.java:warn(122)) - 0c9bf628-edfc-473a-824e-eb061e1afdb3@group-6EDC1BDBC3EA->1914ef14-e927-4aee-a78a-186b0a6a783b-AppendLogResponseHandler: Failed appendEntries: org.apache.ratis.thirdparty.io.grpc.StatusRuntimeException: UNAVAILABLE: io exception
2022-10-28 11:29:08,274 [grpc-default-executor-0] WARN  server.GrpcLogAppender (GrpcLogAppender.java:resetClient(131)) - 0c9bf628-edfc-473a-824e-eb061e1afdb3@group-6EDC1BDBC3EA->1914ef14-e927-4aee-a78a-186b0a6a783b-GrpcLogAppender: Leader has not got in touch with Follower 0c9bf628-edfc-473a-824e-eb061e1afdb3@group-6EDC1BDBC3EA->1914ef14-e927-4aee-a78a-186b0a6a783b(c0,m0,n1, attendVote=true, lastRpcSendTime=0, lastRpcResponseTime=10077) yet, just keep nextIndex unchanged and retry.
2022-10-28 11:29:08,274 [grpc-default-executor-5] WARN  server.GrpcLogAppender (LogUtils.java:warn(122)) - 0c9bf628-edfc-473a-824e-eb061e1afdb3@group-6EDC1BDBC3EA->1914ef14-e927-4aee-a78a-186b0a6a783b-AppendLogResponseHandler: Failed appendEntries: org.apache.ratis.thirdparty.io.grpc.StatusRuntimeException: UNAVAILABLE: io exception
2022-10-28 11:29:08,274 [grpc-default-executor-5] WARN  server.GrpcLogAppender (GrpcLogAppender.java:resetClient(131)) - 0c9bf628-edfc-473a-824e-eb061e1afdb3@group-6EDC1BDBC3EA->1914ef14-e927-4aee-a78a-186b0a6a783b-GrpcLogAppender: Leader has not got in touch with Follower 0c9bf628-edfc-473a-824e-eb061e1afdb3@group-6EDC1BDBC3EA->1914ef14-e927-4aee-a78a-186b0a6a783b(c0,m0,n1, attendVote=true, lastRpcSendTime=1, lastRpcResponseTime=10077) yet, just keep nextIndex unchanged and retry.
2022-10-28 11:29:08,849 [Command processor thread] INFO  server.RaftServer (RaftServerProxy.java:remove(107)) - 0c9bf628-edfc-473a-824e-eb061e1afdb3: remove    LEADER 0c9bf628-edfc-473a-824e-eb061e1afdb3@group-6EDC1BDBC3EA:t1, leader=0c9bf628-edfc-473a-824e-eb061e1afdb3, voted=0c9bf628-edfc-473a-824e-eb061e1afdb3, raftlog=Memoized:0c9bf628-edfc-473a-824e-eb061e1afdb3@group-6EDC1BDBC3EA-SegmentedRaftLog:OPENED:c0, conf=0: peers:[1914ef14-e927-4aee-a78a-186b0a6a783b|rpc:10.1.0.114:45645|dataStream:|priority:0|startupRole:FOLLOWER, 4117c80f-d61a-41ff-a958-d6b4139221af|rpc:10.1.0.114:40159|dataStream:|priority:0|startupRole:FOLLOWER, 0c9bf628-edfc-473a-824e-eb061e1afdb3|rpc:10.1.0.114:43977|dataStream:|priority:1|startupRole:FOLLOWER]|listeners:[], old=null RUNNING
2022-10-28 11:29:08,849 [Command processor thread] INFO  server.RaftServer$Division (RaftServerImpl.java:lambda$close$4(458)) - 0c9bf628-edfc-473a-824e-eb061e1afdb3@group-6EDC1BDBC3EA: shutdown
2022-10-28 11:29:08,849 [Command processor thread] INFO  util.JmxRegister (JmxRegister.java:unregister(73)) - Successfully un-registered JMX Bean with object name Ratis:service=RaftServer,group=group-6EDC1BDBC3EA,id=0c9bf628-edfc-473a-824e-eb061e1afdb3
2022-10-28 11:29:08,849 [Command processor thread] INFO  impl.RoleInfo (RoleInfo.java:shutdownLeaderState(93)) - 0c9bf628-edfc-473a-824e-eb061e1afdb3: shutdown 0c9bf628-edfc-473a-824e-eb061e1afdb3@group-6EDC1BDBC3EA-LeaderStateImpl
2022-10-28 11:29:08,850 [0c9bf628-edfc-473a-824e-eb061e1afdb3@group-6EDC1BDBC3EA->4117c80f-d61a-41ff-a958-d6b4139221af-GrpcLogAppender-LogAppenderDaemon] WARN  server.GrpcLogAppender (GrpcLogAppender.java:mayWait(200)) - 0c9bf628-edfc-473a-824e-eb061e1afdb3@group-6EDC1BDBC3EA->4117c80f-d61a-41ff-a958-d6b4139221af-GrpcLogAppender: Wait interrupted by java.lang.InterruptedException
2022-10-28 11:29:08,850 [Command processor thread] INFO  impl.PendingRequests (PendingRequests.java:sendNotLeaderResponses(282)) - 0c9bf628-edfc-473a-824e-eb061e1afdb3@group-6EDC1BDBC3EA-PendingRequests: sendNotLeaderResponses
2022-10-28 11:29:08,852 [Command processor thread] INFO  impl.StateMachineUpdater (StateMachineUpdater.java:stopAndJoin(153)) - 0c9bf628-edfc-473a-824e-eb061e1afdb3@group-6EDC1BDBC3EA-StateMachineUpdater: set stopIndex = 0
2022-10-28 11:29:08,853 [0c9bf628-edfc-473a-824e-eb061e1afdb3@group-6EDC1BDBC3EA-StateMachineUpdater] INFO  ratis.ContainerStateMachine (ContainerStateMachine.java:takeSnapshot(304)) - group-6EDC1BDBC3EA: Taking a snapshot at:(t:1, i:0) file /home/runner/work/ozone/ozone/hadoop-ozone/integration-test/target/test-dir/MiniOzoneClusterImpl-6ee34448-fbd8-4951-8ae1-d137d06ced7b/datanode-0/data/ratis/7b572f3d-fa43-4e84-bbda-6edc1bdbc3ea/sm/snapshot.1_0
2022-10-28 11:29:08,853 [grpc-default-executor-0] INFO  server.GrpcServerProtocolService (GrpcServerProtocolService.java:onCompleted(145)) - 4117c80f-d61a-41ff-a958-d6b4139221af: Completed APPEND_ENTRIES, lastRequest: null
2022-10-28 11:29:08,854 [0c9bf628-edfc-473a-824e-eb061e1afdb3@group-6EDC1BDBC3EA-StateMachineUpdater] INFO  ratis.ContainerStateMachine (ContainerStateMachine.java:takeSnapshot(315)) - group-6EDC1BDBC3EA: Finished taking a snapshot at:(t:1, i:0) file:/home/runner/work/ozone/ozone/hadoop-ozone/integration-test/target/test-dir/MiniOzoneClusterImpl-6ee34448-fbd8-4951-8ae1-d137d06ced7b/datanode-0/data/ratis/7b572f3d-fa43-4e84-bbda-6edc1bdbc3ea/sm/snapshot.1_0 took: 1 ms
2022-10-28 11:29:08,854 [0c9bf628-edfc-473a-824e-eb061e1afdb3@group-6EDC1BDBC3EA-StateMachineUpdater] INFO  impl.StateMachineUpdater (StateMachineUpdater.java:takeSnapshot(287)) - 0c9bf628-edfc-473a-824e-eb061e1afdb3@group-6EDC1BDBC3EA-StateMachineUpdater: Took a snapshot at index 0
2022-10-28 11:29:08,854 [0c9bf628-edfc-473a-824e-eb061e1afdb3@group-6EDC1BDBC3EA-StateMachineUpdater] INFO  impl.StateMachineUpdater (StateMachineUpdater.java:lambda$new$0(92)) - 0c9bf628-edfc-473a-824e-eb061e1afdb3@group-6EDC1BDBC3EA-StateMachineUpdater: snapshotIndex: updateIncreasingly -1 -> 0
2022-10-28 11:29:08,854 [Command processor thread] INFO  server.RaftServer$Division (ServerState.java:close(466)) - 0c9bf628-edfc-473a-824e-eb061e1afdb3@group-6EDC1BDBC3EA: closes. applyIndex: 0
2022-10-28 11:29:08,855 [grpc-default-executor-5] INFO  server.GrpcServerProtocolService (GrpcServerProtocolService.java:onCompleted(145)) - 4117c80f-d61a-41ff-a958-d6b4139221af: Completed APPEND_ENTRIES, lastRequest: 0c9bf628-edfc-473a-824e-eb061e1afdb3->4117c80f-d61a-41ff-a958-d6b4139221af#1-t1,previous=(t:0, i:0),leaderCommit=0,initializing? true,entries: size=1, first=(t:1, i:0), CONFIGURATIONENTRY(current:id: "1914ef14-e927-4aee-a78a-186b0a6a783b"
address: "10.1.0.114:45645"
clientAddress: "10.1.0.114:45645"
adminAddress: "10.1.0.114:45645"
startupRole: FOLLOWER
,id: "4117c80f-d61a-41ff-a958-d6b4139221af"
address: "10.1.0.114:40159"
clientAddress: "10.1.0.114:40159"
adminAddress: "10.1.0.114:40159"
startupRole: FOLLOWER
,id: "0c9bf628-edfc-473a-824e-eb061e1afdb3"
address: "10.1.0.114:43977"
priority: 1
clientAddress: "10.1.0.114:43977"
adminAddress: "10.1.0.114:43977"
startupRole: FOLLOWER
, old:)
2022-10-28 11:29:08,855 [0c9bf628-edfc-473a-824e-eb061e1afdb3@group-6EDC1BDBC3EA-SegmentedRaftLogWorker] INFO  segmented.SegmentedRaftLogWorker (SegmentedRaftLogWorker.java:run(345)) - 0c9bf628-edfc-473a-824e-eb061e1afdb3@group-6EDC1BDBC3EA-SegmentedRaftLogWorker was interrupted, exiting. There are 0 tasks remaining in the queue.
2022-10-28 11:29:08,857 [grpc-default-executor-2] INFO  server.GrpcLogAppender (GrpcLogAppender.java:onCompleted(415)) - 0c9bf628-edfc-473a-824e-eb061e1afdb3@group-6EDC1BDBC3EA->4117c80f-d61a-41ff-a958-d6b4139221af-AppendLogResponseHandler: follower responses appendEntries COMPLETED
2022-10-28 11:29:08,857 [grpc-default-executor-2] INFO  leader.FollowerInfo (FollowerInfoImpl.java:lambda$new$0(48)) - 0c9bf628-edfc-473a-824e-eb061e1afdb3@group-6EDC1BDBC3EA->4117c80f-d61a-41ff-a958-d6b4139221af: nextIndex: updateUnconditionally 1 -> 0
2022-10-28 11:29:08,858 [grpc-default-executor-4] INFO  server.GrpcLogAppender (GrpcLogAppender.java:onCompleted(415)) - 0c9bf628-edfc-473a-824e-eb061e1afdb3@group-6EDC1BDBC3EA->4117c80f-d61a-41ff-a958-d6b4139221af-AppendLogResponseHandler: follower responses appendEntries COMPLETED
2022-10-28 11:29:08,859 [Command processor thread] INFO  segmented.SegmentedRaftLogWorker (SegmentedRaftLogWorker.java:close(255)) - 0c9bf628-edfc-473a-824e-eb061e1afdb3@group-6EDC1BDBC3EA-SegmentedRaftLogWorker close()
2022-10-28 11:29:08,859 [grpc-default-executor-4] INFO  leader.FollowerInfo (FollowerInfoImpl.java:lambda$new$0(48)) - 0c9bf628-edfc-473a-824e-eb061e1afdb3@group-6EDC1BDBC3EA->4117c80f-d61a-41ff-a958-d6b4139221af: nextIndex: updateUnconditionally 0 -> 0
2022-10-28 11:29:08,860 [Command processor thread] INFO  server.RaftServer$Division (RaftServerImpl.java:groupRemove(428)) - 0c9bf628-edfc-473a-824e-eb061e1afdb3@group-6EDC1BDBC3EA: Succeed to remove RaftStorageDirectory Storage Directory /home/runner/work/ozone/ozone/hadoop-ozone/integration-test/target/test-dir/MiniOzoneClusterImpl-6ee34448-fbd8-4951-8ae1-d137d06ced7b/datanode-0/data/ratis/7b572f3d-fa43-4e84-bbda-6edc1bdbc3ea
2022-10-28 11:29:08,860 [Command processor thread] INFO  commandhandler.ClosePipelineCommandHandler (ClosePipelineCommandHandler.java:handle(78)) - Close Pipeline PipelineID=7b572f3d-fa43-4e84-bbda-6edc1bdbc3ea command on datanode 0c9bf628-edfc-473a-824e-eb061e1afdb3.
2022-10-28 11:29:08,862 [Command processor thread] INFO  server.RaftServer (RaftServerProxy.java:remove(107)) - 0c9bf628-edfc-473a-824e-eb061e1afdb3: remove    LEADER 0c9bf628-edfc-473a-824e-eb061e1afdb3@group-B457E25CD9B9:t2, leader=0c9bf628-edfc-473a-824e-eb061e1afdb3, voted=0c9bf628-edfc-473a-824e-eb061e1afdb3, raftlog=Memoized:0c9bf628-edfc-473a-824e-eb061e1afdb3@group-B457E25CD9B9-SegmentedRaftLog:OPENED:c0, conf=0: peers:[1914ef14-e927-4aee-a78a-186b0a6a783b|rpc:10.1.0.114:45645|dataStream:|priority:1|startupRole:FOLLOWER, 4117c80f-d61a-41ff-a958-d6b4139221af|rpc:10.1.0.114:40159|dataStream:|priority:0|startupRole:FOLLOWER, 0c9bf628-edfc-473a-824e-eb061e1afdb3|rpc:10.1.0.114:43977|dataStream:|priority:0|startupRole:FOLLOWER]|listeners:[], old=null RUNNING
2022-10-28 11:29:08,862 [Command processor thread] INFO  server.RaftServer$Division (RaftServerImpl.java:lambda$close$4(458)) - 0c9bf628-edfc-473a-824e-eb061e1afdb3@group-B457E25CD9B9: shutdown
2022-10-28 11:29:08,862 [Command processor thread] INFO  util.JmxRegister (JmxRegister.java:unregister(73)) - Successfully un-registered JMX Bean with object name Ratis:service=RaftServer,group=group-B457E25CD9B9,id=0c9bf628-edfc-473a-824e-eb061e1afdb3
2022-10-28 11:29:08,862 [Command processor thread] INFO  impl.RoleInfo (RoleInfo.java:shutdownLeaderState(93)) - 0c9bf628-edfc-473a-824e-eb061e1afdb3: shutdown 0c9bf628-edfc-473a-824e-eb061e1afdb3@group-B457E25CD9B9-LeaderStateImpl
2022-10-28 11:29:08,862 [Command processor thread] INFO  impl.PendingRequests (PendingRequests.java:sendNotLeaderResponses(282)) - 0c9bf628-edfc-473a-824e-eb061e1afdb3@group-B457E25CD9B9-PendingRequests: sendNotLeaderResponses
2022-10-28 11:29:08,862 [0c9bf628-edfc-473a-824e-eb061e1afdb3@group-B457E25CD9B9->4117c80f-d61a-41ff-a958-d6b4139221af-GrpcLogAppender-LogAppenderDaemon] WARN  server.GrpcLogAppender (GrpcLogAppender.java:mayWait(200)) - 0c9bf628-edfc-473a-824e-eb061e1afdb3@group-B457E25CD9B9->4117c80f-d61a-41ff-a958-d6b4139221af-GrpcLogAppender: Wait interrupted by java.lang.InterruptedException
2022-10-28 11:29:08,862 [Command processor thread] INFO  impl.StateMachineUpdater (StateMachineUpdater.java:stopAndJoin(153)) - 0c9bf628-edfc-473a-824e-eb061e1afdb3@group-B457E25CD9B9-StateMachineUpdater: set stopIndex = 0
2022-10-28 11:29:08,862 [0c9bf628-edfc-473a-824e-eb061e1afdb3@group-B457E25CD9B9-StateMachineUpdater] INFO  ratis.ContainerStateMachine (ContainerStateMachine.java:takeSnapshot(304)) - group-B457E25CD9B9: Taking a snapshot at:(t:2, i:0) file /home/runner/work/ozone/ozone/hadoop-ozone/integration-test/target/test-dir/MiniOzoneClusterImpl-6ee34448-fbd8-4951-8ae1-d137d06ced7b/datanode-0/data/ratis/a4cea835-1fa5-4d69-8b7a-b457e25cd9b9/sm/snapshot.2_0
2022-10-28 11:29:08,863 [grpc-default-executor-2] INFO  server.GrpcServerProtocolService (GrpcServerProtocolService.java:onCompleted(145)) - 4117c80f-d61a-41ff-a958-d6b4139221af: Completed APPEND_ENTRIES, lastRequest: null
2022-10-28 11:29:08,863 [0c9bf628-edfc-473a-824e-eb061e1afdb3@group-B457E25CD9B9-StateMachineUpdater] INFO  ratis.ContainerStateMachine (ContainerStateMachine.java:takeSnapshot(315)) - group-B457E25CD9B9: Finished taking a snapshot at:(t:2, i:0) file:/home/runner/work/ozone/ozone/hadoop-ozone/integration-test/target/test-dir/MiniOzoneClusterImpl-6ee34448-fbd8-4951-8ae1-d137d06ced7b/datanode-0/data/ratis/a4cea835-1fa5-4d69-8b7a-b457e25cd9b9/sm/snapshot.2_0 took: 0 ms
2022-10-28 11:29:08,864 [grpc-default-executor-5] INFO  server.GrpcLogAppender (GrpcLogAppender.java:onCompleted(415)) - 0c9bf628-edfc-473a-824e-eb061e1afdb3@group-B457E25CD9B9->4117c80f-d61a-41ff-a958-d6b4139221af-AppendLogResponseHandler: follower responses appendEntries COMPLETED
2022-10-28 11:29:08,864 [grpc-default-executor-5] INFO  leader.FollowerInfo (FollowerInfoImpl.java:lambda$new$0(48)) - 0c9bf628-edfc-473a-824e-eb061e1afdb3@group-B457E25CD9B9->4117c80f-d61a-41ff-a958-d6b4139221af: nextIndex: updateUnconditionally 1 -> 0
2022-10-28 11:29:08,864 [0c9bf628-edfc-473a-824e-eb061e1afdb3@group-B457E25CD9B9-StateMachineUpdater] INFO  impl.StateMachineUpdater (StateMachineUpdater.java:takeSnapshot(287)) - 0c9bf628-edfc-473a-824e-eb061e1afdb3@group-B457E25CD9B9-StateMachineUpdater: Took a snapshot at index 0
2022-10-28 11:29:08,864 [0c9bf628-edfc-473a-824e-eb061e1afdb3@group-B457E25CD9B9-StateMachineUpdater] INFO  impl.StateMachineUpdater (StateMachineUpdater.java:lambda$new$0(92)) - 0c9bf628-edfc-473a-824e-eb061e1afdb3@group-B457E25CD9B9-StateMachineUpdater: snapshotIndex: updateIncreasingly -1 -> 0
2022-10-28 11:29:08,865 [Command processor thread] INFO  server.RaftServer$Division (ServerState.java:close(466)) - 0c9bf628-edfc-473a-824e-eb061e1afdb3@group-B457E25CD9B9: closes. applyIndex: 0
2022-10-28 11:29:08,865 [grpc-default-executor-4] INFO  server.GrpcServerProtocolService (GrpcServerProtocolService.java:onCompleted(145)) - 4117c80f-d61a-41ff-a958-d6b4139221af: Completed APPEND_ENTRIES, lastRequest: 0c9bf628-edfc-473a-824e-eb061e1afdb3->4117c80f-d61a-41ff-a958-d6b4139221af#1-t2,previous=(t:0, i:0),leaderCommit=0,initializing? true,entries: size=1, first=(t:2, i:0), CONFIGURATIONENTRY(current:id: "1914ef14-e927-4aee-a78a-186b0a6a783b"
address: "10.1.0.114:45645"
priority: 1
clientAddress: "10.1.0.114:45645"
adminAddress: "10.1.0.114:45645"
startupRole: FOLLOWER
,id: "4117c80f-d61a-41ff-a958-d6b4139221af"
address: "10.1.0.114:40159"
clientAddress: "10.1.0.114:40159"
adminAddress: "10.1.0.114:40159"
startupRole: FOLLOWER
,id: "0c9bf628-edfc-473a-824e-eb061e1afdb3"
address: "10.1.0.114:43977"
clientAddress: "10.1.0.114:43977"
adminAddress: "10.1.0.114:43977"
startupRole: FOLLOWER
, old:)
2022-10-28 11:29:08,865 [0c9bf628-edfc-473a-824e-eb061e1afdb3@group-B457E25CD9B9-SegmentedRaftLogWorker] INFO  segmented.SegmentedRaftLogWorker (SegmentedRaftLogWorker.java:run(345)) - 0c9bf628-edfc-473a-824e-eb061e1afdb3@group-B457E25CD9B9-SegmentedRaftLogWorker was interrupted, exiting. There are 0 tasks remaining in the queue.
2022-10-28 11:29:08,866 [grpc-default-executor-2] INFO  server.GrpcLogAppender (GrpcLogAppender.java:onCompleted(415)) - 0c9bf628-edfc-473a-824e-eb061e1afdb3@group-B457E25CD9B9->4117c80f-d61a-41ff-a958-d6b4139221af-AppendLogResponseHandler: follower responses appendEntries COMPLETED
2022-10-28 11:29:08,866 [grpc-default-executor-2] INFO  leader.FollowerInfo (FollowerInfoImpl.java:lambda$new$0(48)) - 0c9bf628-edfc-473a-824e-eb061e1afdb3@group-B457E25CD9B9->4117c80f-d61a-41ff-a958-d6b4139221af: nextIndex: updateUnconditionally 0 -> 0
2022-10-28 11:29:08,867 [Command processor thread] INFO  segmented.SegmentedRaftLogWorker (SegmentedRaftLogWorker.java:close(255)) - 0c9bf628-edfc-473a-824e-eb061e1afdb3@group-B457E25CD9B9-SegmentedRaftLogWorker close()
2022-10-28 11:29:08,869 [Command processor thread] INFO  server.RaftServer$Division (RaftServerImpl.java:groupRemove(428)) - 0c9bf628-edfc-473a-824e-eb061e1afdb3@group-B457E25CD9B9: Succeed to remove RaftStorageDirectory Storage Directory /home/runner/work/ozone/ozone/hadoop-ozone/integration-test/target/test-dir/MiniOzoneClusterImpl-6ee34448-fbd8-4951-8ae1-d137d06ced7b/datanode-0/data/ratis/a4cea835-1fa5-4d69-8b7a-b457e25cd9b9
2022-10-28 11:29:08,869 [Command processor thread] INFO  commandhandler.ClosePipelineCommandHandler (ClosePipelineCommandHandler.java:handle(78)) - Close Pipeline PipelineID=a4cea835-1fa5-4d69-8b7a-b457e25cd9b9 command on datanode 0c9bf628-edfc-473a-824e-eb061e1afdb3.
2022-10-28 11:29:10,304 [7b6afef0-558a-4ad8-bcfc-b2255c7aee53@group-EB7B5BA8336E-FollowerState] INFO  impl.FollowerState (FollowerState.java:run(143)) - 7b6afef0-558a-4ad8-bcfc-b2255c7aee53@group-EB7B5BA8336E-FollowerState: change to CANDIDATE, lastRpcElapsedTime:5080828183ns, electionTimeout:5075ms
2022-10-28 11:29:10,304 [7b6afef0-558a-4ad8-bcfc-b2255c7aee53@group-EB7B5BA8336E-FollowerState] INFO  impl.RoleInfo (RoleInfo.java:shutdownFollowerState(110)) - 7b6afef0-558a-4ad8-bcfc-b2255c7aee53: shutdown 7b6afef0-558a-4ad8-bcfc-b2255c7aee53@group-EB7B5BA8336E-FollowerState
2022-10-28 11:29:10,304 [7b6afef0-558a-4ad8-bcfc-b2255c7aee53@group-EB7B5BA8336E-FollowerState] INFO  server.RaftServer$Division (RaftServerImpl.java:setRole(321)) - 7b6afef0-558a-4ad8-bcfc-b2255c7aee53@group-EB7B5BA8336E: changes role from  FOLLOWER to CANDIDATE at term 2 for changeToCandidate
2022-10-28 11:29:10,304 [7b6afef0-558a-4ad8-bcfc-b2255c7aee53@group-EB7B5BA8336E-FollowerState] INFO  server.RaftServerConfigKeys (ConfUtils.java:logGet(46)) - raft.server.leaderelection.pre-vote = false (custom)
2022-10-28 11:29:10,304 [7b6afef0-558a-4ad8-bcfc-b2255c7aee53@group-EB7B5BA8336E-FollowerState] INFO  impl.RoleInfo (RoleInfo.java:updateAndGet(139)) - 7b6afef0-558a-4ad8-bcfc-b2255c7aee53: start 7b6afef0-558a-4ad8-bcfc-b2255c7aee53@group-EB7B5BA8336E-LeaderElection27
2022-10-28 11:29:10,309 [7b6afef0-558a-4ad8-bcfc-b2255c7aee53@group-EB7B5BA8336E-LeaderElection27] INFO  impl.LeaderElection (LeaderElection.java:askForVotes(312)) - 7b6afef0-558a-4ad8-bcfc-b2255c7aee53@group-EB7B5BA8336E-LeaderElection27 ELECTION round 0: submit vote requests at term 3 for -1: peers:[d5dd9084-02e9-4cbc-a1b0-4846343450b9|rpc:10.1.0.114:34363|dataStream:|priority:1|startupRole:FOLLOWER, 7b6afef0-558a-4ad8-bcfc-b2255c7aee53|rpc:10.1.0.114:46219|dataStream:|priority:0|startupRole:FOLLOWER, 5d13066c-11e5-40aa-be9d-008405bad973|rpc:10.1.0.114:35651|dataStream:|priority:0|startupRole:FOLLOWER]|listeners:[], old=null
2022-10-28 11:29:10,309 [7b6afef0-558a-4ad8-bcfc-b2255c7aee53@group-EB7B5BA8336E-LeaderElection27] INFO  server.RaftServerConfigKeys (ConfUtils.java:logFallback(53)) - raft.server.rpc.first-election.timeout.min = 5s (fallback to raft.server.rpc.timeout.min)
2022-10-28 11:29:10,309 [7b6afef0-558a-4ad8-bcfc-b2255c7aee53@group-EB7B5BA8336E-LeaderElection27] INFO  server.RaftServerConfigKeys (ConfUtils.java:logFallback(53)) - raft.server.rpc.first-election.timeout.max = 5200ms (fallback to raft.server.rpc.timeout.max)
2022-10-28 11:29:10,311 [grpc-default-executor-4] INFO  server.RaftServer$Division (RaftServerImpl.java:requestVote(1218)) - d5dd9084-02e9-4cbc-a1b0-4846343450b9@group-EB7B5BA8336E: receive requestVote(ELECTION, 7b6afef0-558a-4ad8-bcfc-b2255c7aee53, group-EB7B5BA8336E, 3, (t:0, i:0))
2022-10-28 11:29:10,311 [grpc-default-executor-4] INFO  impl.VoteContext (VoteContext.java:log(48)) - d5dd9084-02e9-4cbc-a1b0-4846343450b9@group-EB7B5BA8336E-FOLLOWER: reject ELECTION from 7b6afef0-558a-4ad8-bcfc-b2255c7aee53: our priority 1 > candidate's priority 0
2022-10-28 11:29:10,311 [grpc-default-executor-4] INFO  server.RaftServer$Division (RaftServerImpl.java:setRole(321)) - d5dd9084-02e9-4cbc-a1b0-4846343450b9@group-EB7B5BA8336E: changes role from  FOLLOWER to FOLLOWER at term 3 for candidate:7b6afef0-558a-4ad8-bcfc-b2255c7aee53
2022-10-28 11:29:10,311 [grpc-default-executor-4] INFO  impl.RoleInfo (RoleInfo.java:shutdownFollowerState(110)) - d5dd9084-02e9-4cbc-a1b0-4846343450b9: shutdown d5dd9084-02e9-4cbc-a1b0-4846343450b9@group-EB7B5BA8336E-FollowerState
2022-10-28 11:29:10,311 [grpc-default-executor-4] INFO  impl.RoleInfo (RoleInfo.java:updateAndGet(139)) - d5dd9084-02e9-4cbc-a1b0-4846343450b9: start d5dd9084-02e9-4cbc-a1b0-4846343450b9@group-EB7B5BA8336E-FollowerState
2022-10-28 11:29:10,311 [d5dd9084-02e9-4cbc-a1b0-4846343450b9@group-EB7B5BA8336E-FollowerState] INFO  impl.FollowerState (FollowerState.java:run(152)) - d5dd9084-02e9-4cbc-a1b0-4846343450b9@group-EB7B5BA8336E-FollowerState was interrupted
2022-10-28 11:29:10,311 [grpc-default-executor-2] INFO  server.RaftServer$Division (RaftServerImpl.java:requestVote(1218)) - 5d13066c-11e5-40aa-be9d-008405bad973@group-EB7B5BA8336E: receive requestVote(ELECTION, 7b6afef0-558a-4ad8-bcfc-b2255c7aee53, group-EB7B5BA8336E, 3, (t:0, i:0))
2022-10-28 11:29:10,312 [grpc-default-executor-2] INFO  impl.VoteContext (VoteContext.java:log(48)) - 5d13066c-11e5-40aa-be9d-008405bad973@group-EB7B5BA8336E-FOLLOWER: accept ELECTION from 7b6afef0-558a-4ad8-bcfc-b2255c7aee53: our priority 0 <= candidate's priority 0
2022-10-28 11:29:10,312 [grpc-default-executor-2] INFO  server.RaftServer$Division (RaftServerImpl.java:setRole(321)) - 5d13066c-11e5-40aa-be9d-008405bad973@group-EB7B5BA8336E: changes role from  FOLLOWER to FOLLOWER at term 3 for candidate:7b6afef0-558a-4ad8-bcfc-b2255c7aee53
2022-10-28 11:29:10,312 [grpc-default-executor-2] INFO  impl.RoleInfo (RoleInfo.java:shutdownFollowerState(110)) - 5d13066c-11e5-40aa-be9d-008405bad973: shutdown 5d13066c-11e5-40aa-be9d-008405bad973@group-EB7B5BA8336E-FollowerState
2022-10-28 11:29:10,313 [grpc-default-executor-2] INFO  impl.RoleInfo (RoleInfo.java:updateAndGet(139)) - 5d13066c-11e5-40aa-be9d-008405bad973: start 5d13066c-11e5-40aa-be9d-008405bad973@group-EB7B5BA8336E-FollowerState
2022-10-28 11:29:10,313 [5d13066c-11e5-40aa-be9d-008405bad973@group-EB7B5BA8336E-FollowerState] INFO  impl.FollowerState (FollowerState.java:run(152)) - 5d13066c-11e5-40aa-be9d-008405bad973@group-EB7B5BA8336E-FollowerState was interrupted
2022-10-28 11:29:10,315 [grpc-default-executor-4] INFO  server.RaftServer$Division (RaftServerImpl.java:requestVote(1251)) - d5dd9084-02e9-4cbc-a1b0-4846343450b9@group-EB7B5BA8336E replies to ELECTION vote request: 7b6afef0-558a-4ad8-bcfc-b2255c7aee53<-d5dd9084-02e9-4cbc-a1b0-4846343450b9#0:FAIL-t3. Peer's state: d5dd9084-02e9-4cbc-a1b0-4846343450b9@group-EB7B5BA8336E:t3, leader=null, voted=null, raftlog=Memoized:d5dd9084-02e9-4cbc-a1b0-4846343450b9@group-EB7B5BA8336E-SegmentedRaftLog:OPENED:c-1, conf=-1: peers:[d5dd9084-02e9-4cbc-a1b0-4846343450b9|rpc:10.1.0.114:34363|priority:1|startupRole:FOLLOWER, 7b6afef0-558a-4ad8-bcfc-b2255c7aee53|rpc:10.1.0.114:46219|priority:0|startupRole:FOLLOWER, 5d13066c-11e5-40aa-be9d-008405bad973|rpc:10.1.0.114:35651|priority:0|startupRole:FOLLOWER]|listeners:[], old=null
2022-10-28 11:29:10,316 [d5dd9084-02e9-4cbc-a1b0-4846343450b9@group-EB7B5BA8336E-FollowerState] INFO  server.RaftServerConfigKeys (ConfUtils.java:logFallback(53)) - raft.server.rpc.first-election.timeout.min = 5s (fallback to raft.server.rpc.timeout.min)
2022-10-28 11:29:10,316 [d5dd9084-02e9-4cbc-a1b0-4846343450b9@group-EB7B5BA8336E-FollowerState] INFO  server.RaftServerConfigKeys (ConfUtils.java:logFallback(53)) - raft.server.rpc.first-election.timeout.max = 5200ms (fallback to raft.server.rpc.timeout.max)
2022-10-28 11:29:10,318 [5d13066c-11e5-40aa-be9d-008405bad973@group-EB7B5BA8336E-FollowerState] INFO  server.RaftServerConfigKeys (ConfUtils.java:logFallback(53)) - raft.server.rpc.first-election.timeout.min = 5s (fallback to raft.server.rpc.timeout.min)
2022-10-28 11:29:10,318 [5d13066c-11e5-40aa-be9d-008405bad973@group-EB7B5BA8336E-FollowerState] INFO  server.RaftServerConfigKeys (ConfUtils.java:logFallback(53)) - raft.server.rpc.first-election.timeout.max = 5200ms (fallback to raft.server.rpc.timeout.max)
2022-10-28 11:29:10,319 [grpc-default-executor-2] INFO  server.RaftServer$Division (RaftServerImpl.java:requestVote(1251)) - 5d13066c-11e5-40aa-be9d-008405bad973@group-EB7B5BA8336E replies to ELECTION vote request: 7b6afef0-558a-4ad8-bcfc-b2255c7aee53<-5d13066c-11e5-40aa-be9d-008405bad973#0:OK-t3. Peer's state: 5d13066c-11e5-40aa-be9d-008405bad973@group-EB7B5BA8336E:t3, leader=null, voted=7b6afef0-558a-4ad8-bcfc-b2255c7aee53, raftlog=Memoized:5d13066c-11e5-40aa-be9d-008405bad973@group-EB7B5BA8336E-SegmentedRaftLog:OPENED:c-1, conf=-1: peers:[d5dd9084-02e9-4cbc-a1b0-4846343450b9|rpc:10.1.0.114:34363|dataStream:|priority:1|startupRole:FOLLOWER, 7b6afef0-558a-4ad8-bcfc-b2255c7aee53|rpc:10.1.0.114:46219|dataStream:|priority:0|startupRole:FOLLOWER, 5d13066c-11e5-40aa-be9d-008405bad973|rpc:10.1.0.114:35651|dataStream:|priority:0|startupRole:FOLLOWER]|listeners:[], old=null
2022-10-28 11:29:10,321 [7b6afef0-558a-4ad8-bcfc-b2255c7aee53@group-EB7B5BA8336E-LeaderElection27] INFO  impl.LeaderElection (LeaderElection.java:logAndReturn(90)) - 7b6afef0-558a-4ad8-bcfc-b2255c7aee53@group-EB7B5BA8336E-LeaderElection27: ELECTION REJECTED received 2 response(s) and 0 exception(s):
2022-10-28 11:29:10,321 [7b6afef0-558a-4ad8-bcfc-b2255c7aee53@group-EB7B5BA8336E-LeaderElection27] INFO  impl.LeaderElection (LeaderElection.java:logAndReturn(94)) -   Response 0: 7b6afef0-558a-4ad8-bcfc-b2255c7aee53<-d5dd9084-02e9-4cbc-a1b0-4846343450b9#0:FAIL-t3
2022-10-28 11:29:10,321 [7b6afef0-558a-4ad8-bcfc-b2255c7aee53@group-EB7B5BA8336E-LeaderElection27] INFO  impl.LeaderElection (LeaderElection.java:logAndReturn(94)) -   Response 1: 7b6afef0-558a-4ad8-bcfc-b2255c7aee53<-5d13066c-11e5-40aa-be9d-008405bad973#0:OK-t3
2022-10-28 11:29:10,322 [7b6afef0-558a-4ad8-bcfc-b2255c7aee53@group-EB7B5BA8336E-LeaderElection27] INFO  impl.LeaderElection (LeaderElection.java:askForVotes(314)) - 7b6afef0-558a-4ad8-bcfc-b2255c7aee53@group-EB7B5BA8336E-LeaderElection27 ELECTION round 0: result REJECTED
2022-10-28 11:29:10,322 [7b6afef0-558a-4ad8-bcfc-b2255c7aee53@group-EB7B5BA8336E-LeaderElection27] INFO  server.RaftServer$Division (RaftServerImpl.java:setRole(321)) - 7b6afef0-558a-4ad8-bcfc-b2255c7aee53@group-EB7B5BA8336E: changes role from CANDIDATE to FOLLOWER at term 3 for REJECTED
2022-10-28 11:29:10,322 [7b6afef0-558a-4ad8-bcfc-b2255c7aee53@group-EB7B5BA8336E-LeaderElection27] INFO  impl.RoleInfo (RoleInfo.java:shutdownLeaderElection(130)) - 7b6afef0-558a-4ad8-bcfc-b2255c7aee53: shutdown 7b6afef0-558a-4ad8-bcfc-b2255c7aee53@group-EB7B5BA8336E-LeaderElection27
2022-10-28 11:29:10,322 [7b6afef0-558a-4ad8-bcfc-b2255c7aee53@group-EB7B5BA8336E-LeaderElection27] INFO  impl.RoleInfo (RoleInfo.java:updateAndGet(139)) - 7b6afef0-558a-4ad8-bcfc-b2255c7aee53: start 7b6afef0-558a-4ad8-bcfc-b2255c7aee53@group-EB7B5BA8336E-FollowerState
2022-10-28 11:29:10,322 [7b6afef0-558a-4ad8-bcfc-b2255c7aee53@group-EB7B5BA8336E-FollowerState] INFO  server.RaftServerConfigKeys (ConfUtils.java:logFallback(53)) - raft.server.rpc.first-election.timeout.min = 5s (fallback to raft.server.rpc.timeout.min)
2022-10-28 11:29:10,322 [7b6afef0-558a-4ad8-bcfc-b2255c7aee53@group-EB7B5BA8336E-FollowerState] INFO  server.RaftServerConfigKeys (ConfUtils.java:logFallback(53)) - raft.server.rpc.first-election.timeout.max = 5200ms (fallback to raft.server.rpc.timeout.max)
2022-10-28 11:29:15,356 [5d13066c-11e5-40aa-be9d-008405bad973@group-EB7B5BA8336E-FollowerState] INFO  server.RaftServerConfigKeys (ConfUtils.java:logFallback(53)) - raft.server.rpc.first-election.timeout.min = 5s (fallback to raft.server.rpc.timeout.min)
2022-10-28 11:29:15,356 [5d13066c-11e5-40aa-be9d-008405bad973@group-EB7B5BA8336E-FollowerState] INFO  server.RaftServerConfigKeys (ConfUtils.java:logFallback(53)) - raft.server.rpc.first-election.timeout.max = 5200ms (fallback to raft.server.rpc.timeout.max)
2022-10-28 11:29:15,363 [7b6afef0-558a-4ad8-bcfc-b2255c7aee53@group-EB7B5BA8336E-FollowerState] INFO  impl.FollowerState (FollowerState.java:run(143)) - 7b6afef0-558a-4ad8-bcfc-b2255c7aee53@group-EB7B5BA8336E-FollowerState: change to CANDIDATE, lastRpcElapsedTime:5040873657ns, electionTimeout:5040ms
2022-10-28 11:29:15,363 [7b6afef0-558a-4ad8-bcfc-b2255c7aee53@group-EB7B5BA8336E-FollowerState] INFO  impl.RoleInfo (RoleInfo.java:shutdownFollowerState(110)) - 7b6afef0-558a-4ad8-bcfc-b2255c7aee53: shutdown 7b6afef0-558a-4ad8-bcfc-b2255c7aee53@group-EB7B5BA8336E-FollowerState
2022-10-28 11:29:15,363 [7b6afef0-558a-4ad8-bcfc-b2255c7aee53@group-EB7B5BA8336E-FollowerState] INFO  server.RaftServer$Division (RaftServerImpl.java:setRole(321)) - 7b6afef0-558a-4ad8-bcfc-b2255c7aee53@group-EB7B5BA8336E: changes role from  FOLLOWER to CANDIDATE at term 3 for changeToCandidate
2022-10-28 11:29:15,363 [7b6afef0-558a-4ad8-bcfc-b2255c7aee53@group-EB7B5BA8336E-FollowerState] INFO  server.RaftServerConfigKeys (ConfUtils.java:logGet(46)) - raft.server.leaderelection.pre-vote = false (custom)
2022-10-28 11:29:15,363 [7b6afef0-558a-4ad8-bcfc-b2255c7aee53@group-EB7B5BA8336E-FollowerState] INFO  impl.RoleInfo (RoleInfo.java:updateAndGet(139)) - 7b6afef0-558a-4ad8-bcfc-b2255c7aee53: start 7b6afef0-558a-4ad8-bcfc-b2255c7aee53@group-EB7B5BA8336E-LeaderElection28
2022-10-28 11:29:15,365 [7b6afef0-558a-4ad8-bcfc-b2255c7aee53@group-EB7B5BA8336E-LeaderElection28] INFO  impl.LeaderElection (LeaderElection.java:askForVotes(312)) - 7b6afef0-558a-4ad8-bcfc-b2255c7aee53@group-EB7B5BA8336E-LeaderElection28 ELECTION round 0: submit vote requests at term 4 for -1: peers:[d5dd9084-02e9-4cbc-a1b0-4846343450b9|rpc:10.1.0.114:34363|dataStream:|priority:1|startupRole:FOLLOWER, 7b6afef0-558a-4ad8-bcfc-b2255c7aee53|rpc:10.1.0.114:46219|dataStream:|priority:0|startupRole:FOLLOWER, 5d13066c-11e5-40aa-be9d-008405bad973|rpc:10.1.0.114:35651|dataStream:|priority:0|startupRole:FOLLOWER]|listeners:[], old=null
2022-10-28 11:29:15,366 [7b6afef0-558a-4ad8-bcfc-b2255c7aee53@group-EB7B5BA8336E-LeaderElection28] INFO  server.RaftServerConfigKeys (ConfUtils.java:logFallback(53)) - raft.server.rpc.first-election.timeout.min = 5s (fallback to raft.server.rpc.timeout.min)
2022-10-28 11:29:15,366 [7b6afef0-558a-4ad8-bcfc-b2255c7aee53@group-EB7B5BA8336E-LeaderElection28] INFO  server.RaftServerConfigKeys (ConfUtils.java:logFallback(53)) - raft.server.rpc.first-election.timeout.max = 5200ms (fallback to raft.server.rpc.timeout.max)
2022-10-28 11:29:15,367 [grpc-default-executor-2] INFO  server.RaftServer$Division (RaftServerImpl.java:requestVote(1218)) - d5dd9084-02e9-4cbc-a1b0-4846343450b9@group-EB7B5BA8336E: receive requestVote(ELECTION, 7b6afef0-558a-4ad8-bcfc-b2255c7aee53, group-EB7B5BA8336E, 4, (t:0, i:0))
2022-10-28 11:29:15,367 [grpc-default-executor-2] INFO  impl.VoteContext (VoteContext.java:log(48)) - d5dd9084-02e9-4cbc-a1b0-4846343450b9@group-EB7B5BA8336E-FOLLOWER: reject ELECTION from 7b6afef0-558a-4ad8-bcfc-b2255c7aee53: our priority 1 > candidate's priority 0
2022-10-28 11:29:15,367 [grpc-default-executor-2] INFO  server.RaftServer$Division (RaftServerImpl.java:setRole(321)) - d5dd9084-02e9-4cbc-a1b0-4846343450b9@group-EB7B5BA8336E: changes role from  FOLLOWER to FOLLOWER at term 4 for candidate:7b6afef0-558a-4ad8-bcfc-b2255c7aee53
2022-10-28 11:29:15,367 [grpc-default-executor-2] INFO  impl.RoleInfo (RoleInfo.java:shutdownFollowerState(110)) - d5dd9084-02e9-4cbc-a1b0-4846343450b9: shutdown d5dd9084-02e9-4cbc-a1b0-4846343450b9@group-EB7B5BA8336E-FollowerState
2022-10-28 11:29:15,367 [grpc-default-executor-4] INFO  server.RaftServer$Division (RaftServerImpl.java:requestVote(1218)) - 5d13066c-11e5-40aa-be9d-008405bad973@group-EB7B5BA8336E: receive requestVote(ELECTION, 7b6afef0-558a-4ad8-bcfc-b2255c7aee53, group-EB7B5BA8336E, 4, (t:0, i:0))
2022-10-28 11:29:15,367 [d5dd9084-02e9-4cbc-a1b0-4846343450b9@group-EB7B5BA8336E-FollowerState] INFO  impl.FollowerState (FollowerState.java:run(152)) - d5dd9084-02e9-4cbc-a1b0-4846343450b9@group-EB7B5BA8336E-FollowerState was interrupted
2022-10-28 11:29:15,367 [grpc-default-executor-4] INFO  impl.VoteContext (VoteContext.java:log(48)) - 5d13066c-11e5-40aa-be9d-008405bad973@group-EB7B5BA8336E-FOLLOWER: accept ELECTION from 7b6afef0-558a-4ad8-bcfc-b2255c7aee53: our priority 0 <= candidate's priority 0
2022-10-28 11:29:15,367 [grpc-default-executor-4] INFO  server.RaftServer$Division (RaftServerImpl.java:setRole(321)) - 5d13066c-11e5-40aa-be9d-008405bad973@group-EB7B5BA8336E: changes role from  FOLLOWER to FOLLOWER at term 4 for candidate:7b6afef0-558a-4ad8-bcfc-b2255c7aee53
2022-10-28 11:29:15,367 [grpc-default-executor-4] INFO  impl.RoleInfo (RoleInfo.java:shutdownFollowerState(110)) - 5d13066c-11e5-40aa-be9d-008405bad973: shutdown 5d13066c-11e5-40aa-be9d-008405bad973@group-EB7B5BA8336E-FollowerState
2022-10-28 11:29:15,368 [grpc-default-executor-4] INFO  impl.RoleInfo (RoleInfo.java:updateAndGet(139)) - 5d13066c-11e5-40aa-be9d-008405bad973: start 5d13066c-11e5-40aa-be9d-008405bad973@group-EB7B5BA8336E-FollowerState
2022-10-28 11:29:15,368 [5d13066c-11e5-40aa-be9d-008405bad973@group-EB7B5BA8336E-FollowerState] INFO  impl.FollowerState (FollowerState.java:run(152)) - 5d13066c-11e5-40aa-be9d-008405bad973@group-EB7B5BA8336E-FollowerState was interrupted
2022-10-28 11:29:15,367 [grpc-default-executor-2] INFO  impl.RoleInfo (RoleInfo.java:updateAndGet(139)) - d5dd9084-02e9-4cbc-a1b0-4846343450b9: start d5dd9084-02e9-4cbc-a1b0-4846343450b9@group-EB7B5BA8336E-FollowerState
2022-10-28 11:29:15,378 [grpc-default-executor-4] INFO  server.RaftServer$Division (RaftServerImpl.java:requestVote(1251)) - 5d13066c-11e5-40aa-be9d-008405bad973@group-EB7B5BA8336E replies to ELECTION vote request: 7b6afef0-558a-4ad8-bcfc-b2255c7aee53<-5d13066c-11e5-40aa-be9d-008405bad973#0:OK-t4. Peer's state: 5d13066c-11e5-40aa-be9d-008405bad973@group-EB7B5BA8336E:t4, leader=null, voted=7b6afef0-558a-4ad8-bcfc-b2255c7aee53, raftlog=Memoized:5d13066c-11e5-40aa-be9d-008405bad973@group-EB7B5BA8336E-SegmentedRaftLog:OPENED:c-1, conf=-1: peers:[d5dd9084-02e9-4cbc-a1b0-4846343450b9|rpc:10.1.0.114:34363|dataStream:|priority:1|startupRole:FOLLOWER, 7b6afef0-558a-4ad8-bcfc-b2255c7aee53|rpc:10.1.0.114:46219|dataStream:|priority:0|startupRole:FOLLOWER, 5d13066c-11e5-40aa-be9d-008405bad973|rpc:10.1.0.114:35651|dataStream:|priority:0|startupRole:FOLLOWER]|listeners:[], old=null
2022-10-28 11:29:15,379 [5d13066c-11e5-40aa-be9d-008405bad973@group-EB7B5BA8336E-FollowerState] INFO  server.RaftServerConfigKeys (ConfUtils.java:logFallback(53)) - raft.server.rpc.first-election.timeout.min = 5s (fallback to raft.server.rpc.timeout.min)
2022-10-28 11:29:15,379 [5d13066c-11e5-40aa-be9d-008405bad973@group-EB7B5BA8336E-FollowerState] INFO  server.RaftServerConfigKeys (ConfUtils.java:logFallback(53)) - raft.server.rpc.first-election.timeout.max = 5200ms (fallback to raft.server.rpc.timeout.max)
2022-10-28 11:29:15,379 [grpc-default-executor-2] INFO  server.RaftServer$Division (RaftServerImpl.java:requestVote(1251)) - d5dd9084-02e9-4cbc-a1b0-4846343450b9@group-EB7B5BA8336E replies to ELECTION vote request: 7b6afef0-558a-4ad8-bcfc-b2255c7aee53<-d5dd9084-02e9-4cbc-a1b0-4846343450b9#0:FAIL-t4. Peer's state: d5dd9084-02e9-4cbc-a1b0-4846343450b9@group-EB7B5BA8336E:t4, leader=null, voted=null, raftlog=Memoized:d5dd9084-02e9-4cbc-a1b0-4846343450b9@group-EB7B5BA8336E-SegmentedRaftLog:OPENED:c-1, conf=-1: peers:[d5dd9084-02e9-4cbc-a1b0-4846343450b9|rpc:10.1.0.114:34363|priority:1|startupRole:FOLLOWER, 7b6afef0-558a-4ad8-bcfc-b2255c7aee53|rpc:10.1.0.114:46219|priority:0|startupRole:FOLLOWER, 5d13066c-11e5-40aa-be9d-008405bad973|rpc:10.1.0.114:35651|priority:0|startupRole:FOLLOWER]|listeners:[], old=null
2022-10-28 11:29:15,380 [7b6afef0-558a-4ad8-bcfc-b2255c7aee53@group-EB7B5BA8336E-LeaderElection28] INFO  impl.LeaderElection (LeaderElection.java:logAndReturn(90)) - 7b6afef0-558a-4ad8-bcfc-b2255c7aee53@group-EB7B5BA8336E-LeaderElection28: ELECTION REJECTED received 1 response(s) and 0 exception(s):
2022-10-28 11:29:15,380 [7b6afef0-558a-4ad8-bcfc-b2255c7aee53@group-EB7B5BA8336E-LeaderElection28] INFO  impl.LeaderElection (LeaderElection.java:logAndReturn(94)) -   Response 0: 7b6afef0-558a-4ad8-bcfc-b2255c7aee53<-d5dd9084-02e9-4cbc-a1b0-4846343450b9#0:FAIL-t4
2022-10-28 11:29:15,380 [7b6afef0-558a-4ad8-bcfc-b2255c7aee53@group-EB7B5BA8336E-LeaderElection28] INFO  impl.LeaderElection (LeaderElection.java:askForVotes(314)) - 7b6afef0-558a-4ad8-bcfc-b2255c7aee53@group-EB7B5BA8336E-LeaderElection28 ELECTION round 0: result REJECTED
2022-10-28 11:29:15,380 [7b6afef0-558a-4ad8-bcfc-b2255c7aee53@group-EB7B5BA8336E-LeaderElection28] INFO  server.RaftServer$Division (RaftServerImpl.java:setRole(321)) - 7b6afef0-558a-4ad8-bcfc-b2255c7aee53@group-EB7B5BA8336E: changes role from CANDIDATE to FOLLOWER at term 4 for REJECTED
2022-10-28 11:29:15,380 [7b6afef0-558a-4ad8-bcfc-b2255c7aee53@group-EB7B5BA8336E-LeaderElection28] INFO  impl.RoleInfo (RoleInfo.java:shutdownLeaderElection(130)) - 7b6afef0-558a-4ad8-bcfc-b2255c7aee53: shutdown 7b6afef0-558a-4ad8-bcfc-b2255c7aee53@group-EB7B5BA8336E-LeaderElection28
2022-10-28 11:29:15,380 [7b6afef0-558a-4ad8-bcfc-b2255c7aee53@group-EB7B5BA8336E-LeaderElection28] INFO  impl.RoleInfo (RoleInfo.java:updateAndGet(139)) - 7b6afef0-558a-4ad8-bcfc-b2255c7aee53: start 7b6afef0-558a-4ad8-bcfc-b2255c7aee53@group-EB7B5BA8336E-FollowerState
2022-10-28 11:29:15,381 [d5dd9084-02e9-4cbc-a1b0-4846343450b9@group-EB7B5BA8336E-FollowerState] INFO  server.RaftServerConfigKeys (ConfUtils.java:logFallback(53)) - raft.server.rpc.first-election.timeout.min = 5s (fallback to raft.server.rpc.timeout.min)
2022-10-28 11:29:15,381 [d5dd9084-02e9-4cbc-a1b0-4846343450b9@group-EB7B5BA8336E-FollowerState] INFO  server.RaftServerConfigKeys (ConfUtils.java:logFallback(53)) - raft.server.rpc.first-election.timeout.max = 5200ms (fallback to raft.server.rpc.timeout.max)
2022-10-28 11:29:15,381 [7b6afef0-558a-4ad8-bcfc-b2255c7aee53@group-EB7B5BA8336E-FollowerState] INFO  server.RaftServerConfigKeys (ConfUtils.java:logFallback(53)) - raft.server.rpc.first-election.timeout.min = 5s (fallback to raft.server.rpc.timeout.min)
2022-10-28 11:29:15,381 [7b6afef0-558a-4ad8-bcfc-b2255c7aee53@group-EB7B5BA8336E-FollowerState] INFO  server.RaftServerConfigKeys (ConfUtils.java:logFallback(53)) - raft.server.rpc.first-election.timeout.max = 5200ms (fallback to raft.server.rpc.timeout.max)
2022-10-28 11:29:20,423 [7b6afef0-558a-4ad8-bcfc-b2255c7aee53@group-EB7B5BA8336E-FollowerState] INFO  impl.FollowerState (FollowerState.java:run(143)) - 7b6afef0-558a-4ad8-bcfc-b2255c7aee53@group-EB7B5BA8336E-FollowerState: change to CANDIDATE, lastRpcElapsedTime:5043025214ns, electionTimeout:5042ms
2022-10-28 11:29:20,423 [7b6afef0-558a-4ad8-bcfc-b2255c7aee53@group-EB7B5BA8336E-FollowerState] INFO  impl.RoleInfo (RoleInfo.java:shutdownFollowerState(110)) - 7b6afef0-558a-4ad8-bcfc-b2255c7aee53: shutdown 7b6afef0-558a-4ad8-bcfc-b2255c7aee53@group-EB7B5BA8336E-FollowerState
2022-10-28 11:29:20,424 [7b6afef0-558a-4ad8-bcfc-b2255c7aee53@group-EB7B5BA8336E-FollowerState] INFO  server.RaftServer$Division (RaftServerImpl.java:setRole(321)) - 7b6afef0-558a-4ad8-bcfc-b2255c7aee53@group-EB7B5BA8336E: changes role from  FOLLOWER to CANDIDATE at term 4 for changeToCandidate
2022-10-28 11:29:20,424 [7b6afef0-558a-4ad8-bcfc-b2255c7aee53@group-EB7B5BA8336E-FollowerState] INFO  server.RaftServerConfigKeys (ConfUtils.java:logGet(46)) - raft.server.leaderelection.pre-vote = false (custom)
2022-10-28 11:29:20,424 [7b6afef0-558a-4ad8-bcfc-b2255c7aee53@group-EB7B5BA8336E-FollowerState] INFO  impl.RoleInfo (RoleInfo.java:updateAndGet(139)) - 7b6afef0-558a-4ad8-bcfc-b2255c7aee53: start 7b6afef0-558a-4ad8-bcfc-b2255c7aee53@group-EB7B5BA8336E-LeaderElection29
2022-10-28 11:29:20,428 [7b6afef0-558a-4ad8-bcfc-b2255c7aee53@group-EB7B5BA8336E-LeaderElection29] INFO  impl.LeaderElection (LeaderElection.java:askForVotes(312)) - 7b6afef0-558a-4ad8-bcfc-b2255c7aee53@group-EB7B5BA8336E-LeaderElection29 ELECTION round 0: submit vote requests at term 5 for -1: peers:[d5dd9084-02e9-4cbc-a1b0-4846343450b9|rpc:10.1.0.114:34363|dataStream:|priority:1|startupRole:FOLLOWER, 7b6afef0-558a-4ad8-bcfc-b2255c7aee53|rpc:10.1.0.114:46219|dataStream:|priority:0|startupRole:FOLLOWER, 5d13066c-11e5-40aa-be9d-008405bad973|rpc:10.1.0.114:35651|dataStream:|priority:0|startupRole:FOLLOWER]|listeners:[], old=null
2022-10-28 11:29:20,428 [7b6afef0-558a-4ad8-bcfc-b2255c7aee53@group-EB7B5BA8336E-LeaderElection29] INFO  server.RaftServerConfigKeys (ConfUtils.java:logFallback(53)) - raft.server.rpc.first-election.timeout.min = 5s (fallback to raft.server.rpc.timeout.min)
2022-10-28 11:29:20,428 [7b6afef0-558a-4ad8-bcfc-b2255c7aee53@group-EB7B5BA8336E-LeaderElection29] INFO  server.RaftServerConfigKeys (ConfUtils.java:logFallback(53)) - raft.server.rpc.first-election.timeout.max = 5200ms (fallback to raft.server.rpc.timeout.max)
2022-10-28 11:29:20,430 [grpc-default-executor-4] INFO  server.RaftServer$Division (RaftServerImpl.java:requestVote(1218)) - d5dd9084-02e9-4cbc-a1b0-4846343450b9@group-EB7B5BA8336E: receive requestVote(ELECTION, 7b6afef0-558a-4ad8-bcfc-b2255c7aee53, group-EB7B5BA8336E, 5, (t:0, i:0))
2022-10-28 11:29:20,430 [grpc-default-executor-4] INFO  impl.VoteContext (VoteContext.java:log(48)) - d5dd9084-02e9-4cbc-a1b0-4846343450b9@group-EB7B5BA8336E-FOLLOWER: reject ELECTION from 7b6afef0-558a-4ad8-bcfc-b2255c7aee53: our priority 1 > candidate's priority 0
2022-10-28 11:29:20,430 [grpc-default-executor-4] INFO  server.RaftServer$Division (RaftServerImpl.java:setRole(321)) - d5dd9084-02e9-4cbc-a1b0-4846343450b9@group-EB7B5BA8336E: changes role from  FOLLOWER to FOLLOWER at term 5 for candidate:7b6afef0-558a-4ad8-bcfc-b2255c7aee53
2022-10-28 11:29:20,430 [grpc-default-executor-4] INFO  impl.RoleInfo (RoleInfo.java:shutdownFollowerState(110)) - d5dd9084-02e9-4cbc-a1b0-4846343450b9: shutdown d5dd9084-02e9-4cbc-a1b0-4846343450b9@group-EB7B5BA8336E-FollowerState
2022-10-28 11:29:20,430 [grpc-default-executor-4] INFO  impl.RoleInfo (RoleInfo.java:updateAndGet(139)) - d5dd9084-02e9-4cbc-a1b0-4846343450b9: start d5dd9084-02e9-4cbc-a1b0-4846343450b9@group-EB7B5BA8336E-FollowerState
2022-10-28 11:29:20,430 [d5dd9084-02e9-4cbc-a1b0-4846343450b9@group-EB7B5BA8336E-FollowerState] INFO  impl.FollowerState (FollowerState.java:run(152)) - d5dd9084-02e9-4cbc-a1b0-4846343450b9@group-EB7B5BA8336E-FollowerState was interrupted
2022-10-28 11:29:20,430 [grpc-default-executor-2] INFO  server.RaftServer$Division (RaftServerImpl.java:requestVote(1218)) - 5d13066c-11e5-40aa-be9d-008405bad973@group-EB7B5BA8336E: receive requestVote(ELECTION, 7b6afef0-558a-4ad8-bcfc-b2255c7aee53, group-EB7B5BA8336E, 5, (t:0, i:0))
2022-10-28 11:29:20,430 [grpc-default-executor-2] INFO  impl.VoteContext (VoteContext.java:log(48)) - 5d13066c-11e5-40aa-be9d-008405bad973@group-EB7B5BA8336E-FOLLOWER: accept ELECTION from 7b6afef0-558a-4ad8-bcfc-b2255c7aee53: our priority 0 <= candidate's priority 0
2022-10-28 11:29:20,430 [grpc-default-executor-2] INFO  server.RaftServer$Division (RaftServerImpl.java:setRole(321)) - 5d13066c-11e5-40aa-be9d-008405bad973@group-EB7B5BA8336E: changes role from  FOLLOWER to FOLLOWER at term 5 for candidate:7b6afef0-558a-4ad8-bcfc-b2255c7aee53
2022-10-28 11:29:20,431 [grpc-default-executor-2] INFO  impl.RoleInfo (RoleInfo.java:shutdownFollowerState(110)) - 5d13066c-11e5-40aa-be9d-008405bad973: shutdown 5d13066c-11e5-40aa-be9d-008405bad973@group-EB7B5BA8336E-FollowerState
2022-10-28 11:29:20,435 [grpc-default-executor-2] INFO  impl.RoleInfo (RoleInfo.java:updateAndGet(139)) - 5d13066c-11e5-40aa-be9d-008405bad973: start 5d13066c-11e5-40aa-be9d-008405bad973@group-EB7B5BA8336E-FollowerState
2022-10-28 11:29:20,435 [5d13066c-11e5-40aa-be9d-008405bad973@group-EB7B5BA8336E-FollowerState] INFO  impl.FollowerState (FollowerState.java:run(152)) - 5d13066c-11e5-40aa-be9d-008405bad973@group-EB7B5BA8336E-FollowerState was interrupted
2022-10-28 11:29:20,435 [d5dd9084-02e9-4cbc-a1b0-4846343450b9@group-EB7B5BA8336E-FollowerState] INFO  server.RaftServerConfigKeys (ConfUtils.java:logFallback(53)) - raft.server.rpc.first-election.timeout.min = 5s (fallback to raft.server.rpc.timeout.min)
2022-10-28 11:29:20,435 [d5dd9084-02e9-4cbc-a1b0-4846343450b9@group-EB7B5BA8336E-FollowerState] INFO  server.RaftServerConfigKeys (ConfUtils.java:logFallback(53)) - raft.server.rpc.first-election.timeout.max = 5200ms (fallback to raft.server.rpc.timeout.max)
2022-10-28 11:29:20,437 [grpc-default-executor-4] INFO  server.RaftServer$Division (RaftServerImpl.java:requestVote(1251)) - d5dd9084-02e9-4cbc-a1b0-4846343450b9@group-EB7B5BA8336E replies to ELECTION vote request: 7b6afef0-558a-4ad8-bcfc-b2255c7aee53<-d5dd9084-02e9-4cbc-a1b0-4846343450b9#0:FAIL-t5. Peer's state: d5dd9084-02e9-4cbc-a1b0-4846343450b9@group-EB7B5BA8336E:t5, leader=null, voted=null, raftlog=Memoized:d5dd9084-02e9-4cbc-a1b0-4846343450b9@group-EB7B5BA8336E-SegmentedRaftLog:OPENED:c-1, conf=-1: peers:[d5dd9084-02e9-4cbc-a1b0-4846343450b9|rpc:10.1.0.114:34363|priority:1|startupRole:FOLLOWER, 7b6afef0-558a-4ad8-bcfc-b2255c7aee53|rpc:10.1.0.114:46219|priority:0|startupRole:FOLLOWER, 5d13066c-11e5-40aa-be9d-008405bad973|rpc:10.1.0.114:35651|priority:0|startupRole:FOLLOWER]|listeners:[], old=null
2022-10-28 11:29:20,437 [5d13066c-11e5-40aa-be9d-008405bad973@group-EB7B5BA8336E-FollowerState] INFO  server.RaftServerConfigKeys (ConfUtils.java:logFallback(53)) - raft.server.rpc.first-election.timeout.min = 5s (fallback to raft.server.rpc.timeout.min)
2022-10-28 11:29:20,437 [5d13066c-11e5-40aa-be9d-008405bad973@group-EB7B5BA8336E-FollowerState] INFO  server.RaftServerConfigKeys (ConfUtils.java:logFallback(53)) - raft.server.rpc.first-election.timeout.max = 5200ms (fallback to raft.server.rpc.timeout.max)
2022-10-28 11:29:20,438 [grpc-default-executor-2] INFO  server.RaftServer$Division (RaftServerImpl.java:requestVote(1251)) - 5d13066c-11e5-40aa-be9d-008405bad973@group-EB7B5BA8336E replies to ELECTION vote request: 7b6afef0-558a-4ad8-bcfc-b2255c7aee53<-5d13066c-11e5-40aa-be9d-008405bad973#0:OK-t5. Peer's state: 5d13066c-11e5-40aa-be9d-008405bad973@group-EB7B5BA8336E:t5, leader=null, voted=7b6afef0-558a-4ad8-bcfc-b2255c7aee53, raftlog=Memoized:5d13066c-11e5-40aa-be9d-008405bad973@group-EB7B5BA8336E-SegmentedRaftLog:OPENED:c-1, conf=-1: peers:[d5dd9084-02e9-4cbc-a1b0-4846343450b9|rpc:10.1.0.114:34363|dataStream:|priority:1|startupRole:FOLLOWER, 7b6afef0-558a-4ad8-bcfc-b2255c7aee53|rpc:10.1.0.114:46219|dataStream:|priority:0|startupRole:FOLLOWER, 5d13066c-11e5-40aa-be9d-008405bad973|rpc:10.1.0.114:35651|dataStream:|priority:0|startupRole:FOLLOWER]|listeners:[], old=null
2022-10-28 11:29:20,439 [7b6afef0-558a-4ad8-bcfc-b2255c7aee53@group-EB7B5BA8336E-LeaderElection29] INFO  impl.LeaderElection (LeaderElection.java:logAndReturn(90)) - 7b6afef0-558a-4ad8-bcfc-b2255c7aee53@group-EB7B5BA8336E-LeaderElection29: ELECTION REJECTED received 2 response(s) and 0 exception(s):
2022-10-28 11:29:20,439 [7b6afef0-558a-4ad8-bcfc-b2255c7aee53@group-EB7B5BA8336E-LeaderElection29] INFO  impl.LeaderElection (LeaderElection.java:logAndReturn(94)) -   Response 0: 7b6afef0-558a-4ad8-bcfc-b2255c7aee53<-d5dd9084-02e9-4cbc-a1b0-4846343450b9#0:FAIL-t5
2022-10-28 11:29:20,439 [7b6afef0-558a-4ad8-bcfc-b2255c7aee53@group-EB7B5BA8336E-LeaderElection29] INFO  impl.LeaderElection (LeaderElection.java:logAndReturn(94)) -   Response 1: 7b6afef0-558a-4ad8-bcfc-b2255c7aee53<-5d13066c-11e5-40aa-be9d-008405bad973#0:OK-t5
2022-10-28 11:29:20,439 [7b6afef0-558a-4ad8-bcfc-b2255c7aee53@group-EB7B5BA8336E-LeaderElection29] INFO  impl.LeaderElection (LeaderElection.java:askForVotes(314)) - 7b6afef0-558a-4ad8-bcfc-b2255c7aee53@group-EB7B5BA8336E-LeaderElection29 ELECTION round 0: result REJECTED
2022-10-28 11:29:20,439 [7b6afef0-558a-4ad8-bcfc-b2255c7aee53@group-EB7B5BA8336E-LeaderElection29] INFO  server.RaftServer$Division (RaftServerImpl.java:setRole(321)) - 7b6afef0-558a-4ad8-bcfc-b2255c7aee53@group-EB7B5BA8336E: changes role from CANDIDATE to FOLLOWER at term 5 for REJECTED
2022-10-28 11:29:20,439 [7b6afef0-558a-4ad8-bcfc-b2255c7aee53@group-EB7B5BA8336E-LeaderElection29] INFO  impl.RoleInfo (RoleInfo.java:shutdownLeaderElection(130)) - 7b6afef0-558a-4ad8-bcfc-b2255c7aee53: shutdown 7b6afef0-558a-4ad8-bcfc-b2255c7aee53@group-EB7B5BA8336E-LeaderElection29
2022-10-28 11:29:20,439 [7b6afef0-558a-4ad8-bcfc-b2255c7aee53@group-EB7B5BA8336E-LeaderElection29] INFO  impl.RoleInfo (RoleInfo.java:updateAndGet(139)) - 7b6afef0-558a-4ad8-bcfc-b2255c7aee53: start 7b6afef0-558a-4ad8-bcfc-b2255c7aee53@group-EB7B5BA8336E-FollowerState
2022-10-28 11:29:20,440 [7b6afef0-558a-4ad8-bcfc-b2255c7aee53@group-EB7B5BA8336E-FollowerState] INFO  server.RaftServerConfigKeys (ConfUtils.java:logFallback(53)) - raft.server.rpc.first-election.timeout.min = 5s (fallback to raft.server.rpc.timeout.min)
2022-10-28 11:29:20,440 [7b6afef0-558a-4ad8-bcfc-b2255c7aee53@group-EB7B5BA8336E-FollowerState] INFO  server.RaftServerConfigKeys (ConfUtils.java:logFallback(53)) - raft.server.rpc.first-election.timeout.max = 5200ms (fallback to raft.server.rpc.timeout.max)
2022-10-28 11:29:25,516 [d5dd9084-02e9-4cbc-a1b0-4846343450b9@group-EB7B5BA8336E-FollowerState] INFO  impl.FollowerState (FollowerState.java:run(143)) - d5dd9084-02e9-4cbc-a1b0-4846343450b9@group-EB7B5BA8336E-FollowerState: change to CANDIDATE, lastRpcElapsedTime:5085703086ns, electionTimeout:5080ms
2022-10-28 11:29:25,516 [d5dd9084-02e9-4cbc-a1b0-4846343450b9@group-EB7B5BA8336E-FollowerState] INFO  impl.RoleInfo (RoleInfo.java:shutdownFollowerState(110)) - d5dd9084-02e9-4cbc-a1b0-4846343450b9: shutdown d5dd9084-02e9-4cbc-a1b0-4846343450b9@group-EB7B5BA8336E-FollowerState
2022-10-28 11:29:25,516 [d5dd9084-02e9-4cbc-a1b0-4846343450b9@group-EB7B5BA8336E-FollowerState] INFO  server.RaftServer$Division (RaftServerImpl.java:setRole(321)) - d5dd9084-02e9-4cbc-a1b0-4846343450b9@group-EB7B5BA8336E: changes role from  FOLLOWER to CANDIDATE at term 5 for changeToCandidate
2022-10-28 11:29:25,516 [d5dd9084-02e9-4cbc-a1b0-4846343450b9@group-EB7B5BA8336E-FollowerState] INFO  server.RaftServerConfigKeys (ConfUtils.java:logGet(46)) - raft.server.leaderelection.pre-vote = false (custom)
2022-10-28 11:29:25,516 [d5dd9084-02e9-4cbc-a1b0-4846343450b9@group-EB7B5BA8336E-FollowerState] INFO  impl.RoleInfo (RoleInfo.java:updateAndGet(139)) - d5dd9084-02e9-4cbc-a1b0-4846343450b9: start d5dd9084-02e9-4cbc-a1b0-4846343450b9@group-EB7B5BA8336E-LeaderElection30
2022-10-28 11:29:25,519 [d5dd9084-02e9-4cbc-a1b0-4846343450b9@group-EB7B5BA8336E-LeaderElection30] INFO  impl.LeaderElection (LeaderElection.java:askForVotes(312)) - d5dd9084-02e9-4cbc-a1b0-4846343450b9@group-EB7B5BA8336E-LeaderElection30 ELECTION round 0: submit vote requests at term 6 for -1: peers:[d5dd9084-02e9-4cbc-a1b0-4846343450b9|rpc:10.1.0.114:34363|priority:1|startupRole:FOLLOWER, 7b6afef0-558a-4ad8-bcfc-b2255c7aee53|rpc:10.1.0.114:46219|priority:0|startupRole:FOLLOWER, 5d13066c-11e5-40aa-be9d-008405bad973|rpc:10.1.0.114:35651|priority:0|startupRole:FOLLOWER]|listeners:[], old=null
2022-10-28 11:29:25,520 [d5dd9084-02e9-4cbc-a1b0-4846343450b9@group-EB7B5BA8336E-LeaderElection30] INFO  server.RaftServerConfigKeys (ConfUtils.java:logFallback(53)) - raft.server.rpc.first-election.timeout.min = 5s (fallback to raft.server.rpc.timeout.min)
2022-10-28 11:29:25,520 [d5dd9084-02e9-4cbc-a1b0-4846343450b9@group-EB7B5BA8336E-LeaderElection30] INFO  server.RaftServerConfigKeys (ConfUtils.java:logFallback(53)) - raft.server.rpc.first-election.timeout.max = 5200ms (fallback to raft.server.rpc.timeout.max)
2022-10-28 11:29:25,521 [grpc-default-executor-2] INFO  server.RaftServer$Division (RaftServerImpl.java:requestVote(1218)) - 7b6afef0-558a-4ad8-bcfc-b2255c7aee53@group-EB7B5BA8336E: receive requestVote(ELECTION, d5dd9084-02e9-4cbc-a1b0-4846343450b9, group-EB7B5BA8336E, 6, (t:0, i:0))
2022-10-28 11:29:25,521 [grpc-default-executor-2] INFO  impl.VoteContext (VoteContext.java:log(48)) - 7b6afef0-558a-4ad8-bcfc-b2255c7aee53@group-EB7B5BA8336E-FOLLOWER: accept ELECTION from d5dd9084-02e9-4cbc-a1b0-4846343450b9: our priority 0 <= candidate's priority 1
2022-10-28 11:29:25,521 [grpc-default-executor-2] INFO  server.RaftServer$Division (RaftServerImpl.java:setRole(321)) - 7b6afef0-558a-4ad8-bcfc-b2255c7aee53@group-EB7B5BA8336E: changes role from  FOLLOWER to FOLLOWER at term 6 for candidate:d5dd9084-02e9-4cbc-a1b0-4846343450b9
2022-10-28 11:29:25,521 [grpc-default-executor-2] INFO  impl.RoleInfo (RoleInfo.java:shutdownFollowerState(110)) - 7b6afef0-558a-4ad8-bcfc-b2255c7aee53: shutdown 7b6afef0-558a-4ad8-bcfc-b2255c7aee53@group-EB7B5BA8336E-FollowerState
2022-10-28 11:29:25,521 [grpc-default-executor-2] INFO  impl.RoleInfo (RoleInfo.java:updateAndGet(139)) - 7b6afef0-558a-4ad8-bcfc-b2255c7aee53: start 7b6afef0-558a-4ad8-bcfc-b2255c7aee53@group-EB7B5BA8336E-FollowerState
2022-10-28 11:29:25,521 [7b6afef0-558a-4ad8-bcfc-b2255c7aee53@group-EB7B5BA8336E-FollowerState] INFO  impl.FollowerState (FollowerState.java:run(152)) - 7b6afef0-558a-4ad8-bcfc-b2255c7aee53@group-EB7B5BA8336E-FollowerState was interrupted
2022-10-28 11:29:25,523 [7b6afef0-558a-4ad8-bcfc-b2255c7aee53@group-EB7B5BA8336E-FollowerState] INFO  server.RaftServerConfigKeys (ConfUtils.java:logFallback(53)) - raft.server.rpc.first-election.timeout.min = 5s (fallback to raft.server.rpc.timeout.min)
2022-10-28 11:29:25,523 [7b6afef0-558a-4ad8-bcfc-b2255c7aee53@group-EB7B5BA8336E-FollowerState] INFO  server.RaftServerConfigKeys (ConfUtils.java:logFallback(53)) - raft.server.rpc.first-election.timeout.max = 5200ms (fallback to raft.server.rpc.timeout.max)
2022-10-28 11:29:25,525 [grpc-default-executor-2] INFO  server.RaftServer$Division (RaftServerImpl.java:requestVote(1251)) - 7b6afef0-558a-4ad8-bcfc-b2255c7aee53@group-EB7B5BA8336E replies to ELECTION vote request: d5dd9084-02e9-4cbc-a1b0-4846343450b9<-7b6afef0-558a-4ad8-bcfc-b2255c7aee53#0:OK-t6. Peer's state: 7b6afef0-558a-4ad8-bcfc-b2255c7aee53@group-EB7B5BA8336E:t6, leader=null, voted=d5dd9084-02e9-4cbc-a1b0-4846343450b9, raftlog=Memoized:7b6afef0-558a-4ad8-bcfc-b2255c7aee53@group-EB7B5BA8336E-SegmentedRaftLog:OPENED:c-1, conf=-1: peers:[d5dd9084-02e9-4cbc-a1b0-4846343450b9|rpc:10.1.0.114:34363|dataStream:|priority:1|startupRole:FOLLOWER, 7b6afef0-558a-4ad8-bcfc-b2255c7aee53|rpc:10.1.0.114:46219|dataStream:|priority:0|startupRole:FOLLOWER, 5d13066c-11e5-40aa-be9d-008405bad973|rpc:10.1.0.114:35651|dataStream:|priority:0|startupRole:FOLLOWER]|listeners:[], old=null
2022-10-28 11:29:25,526 [grpc-default-executor-4] INFO  server.RaftServer$Division (RaftServerImpl.java:requestVote(1218)) - 5d13066c-11e5-40aa-be9d-008405bad973@group-EB7B5BA8336E: receive requestVote(ELECTION, d5dd9084-02e9-4cbc-a1b0-4846343450b9, group-EB7B5BA8336E, 6, (t:0, i:0))
2022-10-28 11:29:25,526 [grpc-default-executor-4] INFO  impl.VoteContext (VoteContext.java:log(48)) - 5d13066c-11e5-40aa-be9d-008405bad973@group-EB7B5BA8336E-FOLLOWER: accept ELECTION from d5dd9084-02e9-4cbc-a1b0-4846343450b9: our priority 0 <= candidate's priority 1
2022-10-28 11:29:25,526 [grpc-default-executor-4] INFO  server.RaftServer$Division (RaftServerImpl.java:setRole(321)) - 5d13066c-11e5-40aa-be9d-008405bad973@group-EB7B5BA8336E: changes role from  FOLLOWER to FOLLOWER at term 6 for candidate:d5dd9084-02e9-4cbc-a1b0-4846343450b9
2022-10-28 11:29:25,526 [grpc-default-executor-4] INFO  impl.RoleInfo (RoleInfo.java:shutdownFollowerState(110)) - 5d13066c-11e5-40aa-be9d-008405bad973: shutdown 5d13066c-11e5-40aa-be9d-008405bad973@group-EB7B5BA8336E-FollowerState
2022-10-28 11:29:25,526 [grpc-default-executor-4] INFO  impl.RoleInfo (RoleInfo.java:updateAndGet(139)) - 5d13066c-11e5-40aa-be9d-008405bad973: start 5d13066c-11e5-40aa-be9d-008405bad973@group-EB7B5BA8336E-FollowerState
2022-10-28 11:29:25,526 [5d13066c-11e5-40aa-be9d-008405bad973@group-EB7B5BA8336E-FollowerState] INFO  impl.FollowerState (FollowerState.java:run(152)) - 5d13066c-11e5-40aa-be9d-008405bad973@group-EB7B5BA8336E-FollowerState was interrupted
2022-10-28 11:29:25,530 [d5dd9084-02e9-4cbc-a1b0-4846343450b9@group-EB7B5BA8336E-LeaderElection30] INFO  impl.LeaderElection (LeaderElection.java:logAndReturn(90)) - d5dd9084-02e9-4cbc-a1b0-4846343450b9@group-EB7B5BA8336E-LeaderElection30: ELECTION PASSED received 1 response(s) and 0 exception(s):
2022-10-28 11:29:25,530 [d5dd9084-02e9-4cbc-a1b0-4846343450b9@group-EB7B5BA8336E-LeaderElection30] INFO  impl.LeaderElection (LeaderElection.java:logAndReturn(94)) -   Response 0: d5dd9084-02e9-4cbc-a1b0-4846343450b9<-7b6afef0-558a-4ad8-bcfc-b2255c7aee53#0:OK-t6
2022-10-28 11:29:25,530 [d5dd9084-02e9-4cbc-a1b0-4846343450b9@group-EB7B5BA8336E-LeaderElection30] INFO  impl.LeaderElection (LeaderElection.java:askForVotes(314)) - d5dd9084-02e9-4cbc-a1b0-4846343450b9@group-EB7B5BA8336E-LeaderElection30 ELECTION round 0: result PASSED
2022-10-28 11:29:25,530 [d5dd9084-02e9-4cbc-a1b0-4846343450b9@group-EB7B5BA8336E-LeaderElection30] INFO  impl.RoleInfo (RoleInfo.java:shutdownLeaderElection(130)) - d5dd9084-02e9-4cbc-a1b0-4846343450b9: shutdown d5dd9084-02e9-4cbc-a1b0-4846343450b9@group-EB7B5BA8336E-LeaderElection30
2022-10-28 11:29:25,530 [d5dd9084-02e9-4cbc-a1b0-4846343450b9@group-EB7B5BA8336E-LeaderElection30] INFO  server.RaftServer$Division (RaftServerImpl.java:setRole(321)) - d5dd9084-02e9-4cbc-a1b0-4846343450b9@group-EB7B5BA8336E: changes role from CANDIDATE to LEADER at term 6 for changeToLeader
2022-10-28 11:29:25,530 [d5dd9084-02e9-4cbc-a1b0-4846343450b9@group-EB7B5BA8336E-LeaderElection30] INFO  ratis.XceiverServerRatis (XceiverServerRatis.java:handleLeaderChangedNotification(863)) - Leader change notification received for group: group-EB7B5BA8336E with new leaderId: d5dd9084-02e9-4cbc-a1b0-4846343450b9
2022-10-28 11:29:25,530 [d5dd9084-02e9-4cbc-a1b0-4846343450b9@group-EB7B5BA8336E-LeaderElection30] INFO  server.RaftServer$Division (ServerState.java:setLeader(313)) - d5dd9084-02e9-4cbc-a1b0-4846343450b9@group-EB7B5BA8336E: change Leader from null to d5dd9084-02e9-4cbc-a1b0-4846343450b9 at term 6 for becomeLeader, leader elected after 30528ms
2022-10-28 11:29:25,530 [5d13066c-11e5-40aa-be9d-008405bad973@group-EB7B5BA8336E-FollowerState] INFO  server.RaftServerConfigKeys (ConfUtils.java:logFallback(53)) - raft.server.rpc.first-election.timeout.min = 5s (fallback to raft.server.rpc.timeout.min)
2022-10-28 11:29:25,531 [5d13066c-11e5-40aa-be9d-008405bad973@group-EB7B5BA8336E-FollowerState] INFO  server.RaftServerConfigKeys (ConfUtils.java:logFallback(53)) - raft.server.rpc.first-election.timeout.max = 5200ms (fallback to raft.server.rpc.timeout.max)
2022-10-28 11:29:25,531 [grpc-default-executor-4] INFO  server.RaftServer$Division (RaftServerImpl.java:requestVote(1251)) - 5d13066c-11e5-40aa-be9d-008405bad973@group-EB7B5BA8336E replies to ELECTION vote request: d5dd9084-02e9-4cbc-a1b0-4846343450b9<-5d13066c-11e5-40aa-be9d-008405bad973#0:OK-t6. Peer's state: 5d13066c-11e5-40aa-be9d-008405bad973@group-EB7B5BA8336E:t6, leader=null, voted=d5dd9084-02e9-4cbc-a1b0-4846343450b9, raftlog=Memoized:5d13066c-11e5-40aa-be9d-008405bad973@group-EB7B5BA8336E-SegmentedRaftLog:OPENED:c-1, conf=-1: peers:[d5dd9084-02e9-4cbc-a1b0-4846343450b9|rpc:10.1.0.114:34363|dataStream:|priority:1|startupRole:FOLLOWER, 7b6afef0-558a-4ad8-bcfc-b2255c7aee53|rpc:10.1.0.114:46219|dataStream:|priority:0|startupRole:FOLLOWER, 5d13066c-11e5-40aa-be9d-008405bad973|rpc:10.1.0.114:35651|dataStream:|priority:0|startupRole:FOLLOWER]|listeners:[], old=null
2022-10-28 11:29:25,530 [d5dd9084-02e9-4cbc-a1b0-4846343450b9@group-EB7B5BA8336E-LeaderElection30] INFO  server.RaftServerConfigKeys (ConfUtils.java:logGet(46)) - raft.server.staging.catchup.gap = 1000 (default)
2022-10-28 11:29:25,533 [d5dd9084-02e9-4cbc-a1b0-4846343450b9@group-EB7B5BA8336E-LeaderElection30] INFO  server.RaftServerConfigKeys (ConfUtils.java:logGet(46)) - raft.server.write.element-limit = 1024 (custom)
2022-10-28 11:29:25,533 [d5dd9084-02e9-4cbc-a1b0-4846343450b9@group-EB7B5BA8336E-LeaderElection30] INFO  server.RaftServerConfigKeys (ConfUtils.java:logGet(46)) - raft.server.write.byte-limit = 1024 M (=1073741824) (custom)
2022-10-28 11:29:25,534 [d5dd9084-02e9-4cbc-a1b0-4846343450b9@group-EB7B5BA8336E-LeaderElection30] INFO  server.RaftServerConfigKeys (ConfUtils.java:logGet(46)) - raft.server.watch.timeout = 180s (custom)
2022-10-28 11:29:25,534 [d5dd9084-02e9-4cbc-a1b0-4846343450b9@group-EB7B5BA8336E-LeaderElection30] INFO  server.RaftServerConfigKeys (ConfUtils.java:logGet(46)) - raft.server.watch.timeout.denomination = 1s (default)
2022-10-28 11:29:25,534 [d5dd9084-02e9-4cbc-a1b0-4846343450b9@group-EB7B5BA8336E-LeaderElection30] INFO  server.RaftServerConfigKeys (ConfUtils.java:logGet(46)) - raft.server.watch.element-limit = 65536 (default)
2022-10-28 11:29:25,534 [d5dd9084-02e9-4cbc-a1b0-4846343450b9@group-EB7B5BA8336E-LeaderElection30] INFO  server.RaftServerConfigKeys (ConfUtils.java:logGet(46)) - raft.server.write.element-limit = 1024 (custom)
2022-10-28 11:29:25,534 [d5dd9084-02e9-4cbc-a1b0-4846343450b9@group-EB7B5BA8336E-LeaderElection30] INFO  server.RaftServerConfigKeys (ConfUtils.java:logGet(46)) - raft.server.write.follower.gap.ratio.max = -1.0 (default)
2022-10-28 11:29:25,534 [d5dd9084-02e9-4cbc-a1b0-4846343450b9@group-EB7B5BA8336E-LeaderElection30] INFO  server.RaftServerConfigKeys (ConfUtils.java:logGet(46)) - raft.server.log.appender.snapshot.chunk.size.max = 16MB (=16777216) (default)
2022-10-28 11:29:25,534 [d5dd9084-02e9-4cbc-a1b0-4846343450b9@group-EB7B5BA8336E-LeaderElection30] INFO  server.RaftServerConfigKeys (ConfUtils.java:logGet(46)) - raft.server.log.appender.buffer.byte-limit = 33554432 (custom)
2022-10-28 11:29:25,534 [d5dd9084-02e9-4cbc-a1b0-4846343450b9@group-EB7B5BA8336E-LeaderElection30] INFO  server.RaftServerConfigKeys (ConfUtils.java:logGet(46)) - raft.server.log.appender.buffer.element-limit = 1 (custom)
2022-10-28 11:29:25,534 [d5dd9084-02e9-4cbc-a1b0-4846343450b9@group-EB7B5BA8336E-LeaderElection30] INFO  grpc.GrpcConfigKeys (ConfUtils.java:logGet(46)) - raft.grpc.server.leader.outstanding.appends.max = 128 (default)
2022-10-28 11:29:25,534 [d5dd9084-02e9-4cbc-a1b0-4846343450b9@group-EB7B5BA8336E-LeaderElection30] INFO  server.RaftServerConfigKeys (ConfUtils.java:logGet(46)) - raft.server.rpc.request.timeout = 60s (custom)
2022-10-28 11:29:25,534 [d5dd9084-02e9-4cbc-a1b0-4846343450b9@group-EB7B5BA8336E-LeaderElection30] INFO  server.RaftServerConfigKeys (ConfUtils.java:logGet(46)) - raft.server.log.appender.install.snapshot.enabled = false (custom)
2022-10-28 11:29:25,534 [d5dd9084-02e9-4cbc-a1b0-4846343450b9@group-EB7B5BA8336E-LeaderElection30] INFO  grpc.GrpcConfigKeys (ConfUtils.java:logGet(46)) - raft.grpc.server.heartbeat.channel = true (default)
2022-10-28 11:29:25,534 [d5dd9084-02e9-4cbc-a1b0-4846343450b9@group-EB7B5BA8336E-LeaderElection30] INFO  server.RaftServerConfigKeys (ConfUtils.java:logGet(46)) - raft.server.log.appender.wait-time.min = 10ms (default)
2022-10-28 11:29:25,535 [d5dd9084-02e9-4cbc-a1b0-4846343450b9@group-EB7B5BA8336E-LeaderElection30] INFO  server.RaftServerConfigKeys (ConfUtils.java:logGet(46)) - raft.server.log.appender.snapshot.chunk.size.max = 16MB (=16777216) (default)
2022-10-28 11:29:25,535 [d5dd9084-02e9-4cbc-a1b0-4846343450b9@group-EB7B5BA8336E-LeaderElection30] INFO  server.RaftServerConfigKeys (ConfUtils.java:logGet(46)) - raft.server.log.appender.buffer.byte-limit = 33554432 (custom)
2022-10-28 11:29:25,535 [d5dd9084-02e9-4cbc-a1b0-4846343450b9@group-EB7B5BA8336E-LeaderElection30] INFO  server.RaftServerConfigKeys (ConfUtils.java:logGet(46)) - raft.server.log.appender.buffer.element-limit = 1 (custom)
2022-10-28 11:29:25,535 [d5dd9084-02e9-4cbc-a1b0-4846343450b9@group-EB7B5BA8336E-LeaderElection30] INFO  grpc.GrpcConfigKeys (ConfUtils.java:logGet(46)) - raft.grpc.server.leader.outstanding.appends.max = 128 (default)
2022-10-28 11:29:25,535 [d5dd9084-02e9-4cbc-a1b0-4846343450b9@group-EB7B5BA8336E-LeaderElection30] INFO  server.RaftServerConfigKeys (ConfUtils.java:logGet(46)) - raft.server.rpc.request.timeout = 60s (custom)
2022-10-28 11:29:25,535 [d5dd9084-02e9-4cbc-a1b0-4846343450b9@group-EB7B5BA8336E-LeaderElection30] INFO  server.RaftServerConfigKeys (ConfUtils.java:logGet(46)) - raft.server.log.appender.install.snapshot.enabled = false (custom)
2022-10-28 11:29:25,535 [d5dd9084-02e9-4cbc-a1b0-4846343450b9@group-EB7B5BA8336E-LeaderElection30] INFO  grpc.GrpcConfigKeys (ConfUtils.java:logGet(46)) - raft.grpc.server.heartbeat.channel = true (default)
2022-10-28 11:29:25,535 [d5dd9084-02e9-4cbc-a1b0-4846343450b9@group-EB7B5BA8336E-LeaderElection30] INFO  server.RaftServerConfigKeys (ConfUtils.java:logGet(46)) - raft.server.log.appender.wait-time.min = 10ms (default)
2022-10-28 11:29:25,535 [d5dd9084-02e9-4cbc-a1b0-4846343450b9@group-EB7B5BA8336E-LeaderElection30] INFO  impl.RoleInfo (RoleInfo.java:updateAndGet(139)) - d5dd9084-02e9-4cbc-a1b0-4846343450b9: start d5dd9084-02e9-4cbc-a1b0-4846343450b9@group-EB7B5BA8336E-LeaderStateImpl
2022-10-28 11:29:25,536 [d5dd9084-02e9-4cbc-a1b0-4846343450b9@group-EB7B5BA8336E-LeaderElection30] INFO  segmented.SegmentedRaftLogWorker (SegmentedRaftLogWorker.java:startLogSegment(452)) - d5dd9084-02e9-4cbc-a1b0-4846343450b9@group-EB7B5BA8336E-SegmentedRaftLogWorker: Starting segment from index:0
2022-10-28 11:29:25,537 [d5dd9084-02e9-4cbc-a1b0-4846343450b9@group-EB7B5BA8336E-SegmentedRaftLogWorker] INFO  segmented.SegmentedRaftLogWorker (SegmentedRaftLogWorker.java:execute(656)) - d5dd9084-02e9-4cbc-a1b0-4846343450b9@group-EB7B5BA8336E-SegmentedRaftLogWorker: created new log segment /home/runner/work/ozone/ozone/hadoop-ozone/integration-test/target/test-dir/MiniOzoneClusterImpl-6ee34448-fbd8-4951-8ae1-d137d06ced7b/datanode-6/data/ratis/c4ab908c-09aa-415d-9044-eb7b5ba8336e/current/log_inprogress_0
2022-10-28 11:29:25,538 [EventQueue-PipelineReportForPipelineReportHandler] INFO  pipeline.PipelineManagerImpl (PipelineManagerImpl.java:openPipeline(367)) - Pipeline Pipeline[ Id: c4ab908c-09aa-415d-9044-eb7b5ba8336e, Nodes: 7b6afef0-558a-4ad8-bcfc-b2255c7aee53{ip: 10.1.0.114, host: fv-az700-396.2bpskmoaobnu3eckqg1qau4u2h.cx.internal.cloudapp.net, ports: [REPLICATION=33197, RATIS=46219, RATIS_ADMIN=46219, RATIS_SERVER=46219, STANDALONE=34013], networkLocation: /default-rack, certSerialId: null, persistedOpState: IN_SERVICE, persistedOpStateExpiryEpochSec: 0}d5dd9084-02e9-4cbc-a1b0-4846343450b9{ip: 10.1.0.114, host: fv-az700-396.2bpskmoaobnu3eckqg1qau4u2h.cx.internal.cloudapp.net, ports: [REPLICATION=38303, RATIS=34363, RATIS_ADMIN=34363, RATIS_SERVER=34363, STANDALONE=42221], networkLocation: /default-rack, certSerialId: null, persistedOpState: IN_SERVICE, persistedOpStateExpiryEpochSec: 0}5d13066c-11e5-40aa-be9d-008405bad973{ip: 10.1.0.114, host: fv-az700-396.2bpskmoaobnu3eckqg1qau4u2h.cx.internal.cloudapp.net, ports: [REPLICATION=42883, RATIS=35651, RATIS_ADMIN=35651, RATIS_SERVER=35651, STANDALONE=36655], networkLocation: /default-rack, certSerialId: null, persistedOpState: IN_SERVICE, persistedOpStateExpiryEpochSec: 0}, ReplicationConfig: RATIS/THREE, State:ALLOCATED, leaderId:d5dd9084-02e9-4cbc-a1b0-4846343450b9, CreationTimestamp2022-10-28T11:28:52.571Z[Etc/UTC]] moved to OPEN state
2022-10-28 11:29:25,544 [d5dd9084-02e9-4cbc-a1b0-4846343450b9@group-EB7B5BA8336E-LeaderElection30] INFO  server.RaftServer$Division (ServerState.java:setRaftConf(430)) - d5dd9084-02e9-4cbc-a1b0-4846343450b9@group-EB7B5BA8336E: set configuration 0: peers:[d5dd9084-02e9-4cbc-a1b0-4846343450b9|rpc:10.1.0.114:34363|dataStream:|priority:1|startupRole:FOLLOWER, 7b6afef0-558a-4ad8-bcfc-b2255c7aee53|rpc:10.1.0.114:46219|dataStream:|priority:0|startupRole:FOLLOWER, 5d13066c-11e5-40aa-be9d-008405bad973|rpc:10.1.0.114:35651|dataStream:|priority:0|startupRole:FOLLOWER]|listeners:[], old=null
2022-10-28 11:29:25,550 [7b6afef0-558a-4ad8-bcfc-b2255c7aee53-server-thread1] INFO  ratis.XceiverServerRatis (XceiverServerRatis.java:handleLeaderChangedNotification(863)) - Leader change notification received for group: group-EB7B5BA8336E with new leaderId: d5dd9084-02e9-4cbc-a1b0-4846343450b9
2022-10-28 11:29:25,550 [7b6afef0-558a-4ad8-bcfc-b2255c7aee53-server-thread1] INFO  server.RaftServer$Division (ServerState.java:setLeader(313)) - 7b6afef0-558a-4ad8-bcfc-b2255c7aee53@group-EB7B5BA8336E: change Leader from null to d5dd9084-02e9-4cbc-a1b0-4846343450b9 at term 6 for appendEntries, leader elected after 30527ms
2022-10-28 11:29:25,554 [5d13066c-11e5-40aa-be9d-008405bad973-server-thread1] INFO  ratis.XceiverServerRatis (XceiverServerRatis.java:handleLeaderChangedNotification(863)) - Leader change notification received for group: group-EB7B5BA8336E with new leaderId: d5dd9084-02e9-4cbc-a1b0-4846343450b9
2022-10-28 11:29:25,554 [5d13066c-11e5-40aa-be9d-008405bad973-server-thread1] INFO  server.RaftServer$Division (ServerState.java:setLeader(313)) - 5d13066c-11e5-40aa-be9d-008405bad973@group-EB7B5BA8336E: change Leader from null to d5dd9084-02e9-4cbc-a1b0-4846343450b9 at term 6 for appendEntries, leader elected after 30495ms
2022-10-28 11:29:25,555 [5d13066c-11e5-40aa-be9d-008405bad973-server-thread2] INFO  server.RaftServer$Division (ServerState.java:setRaftConf(430)) - 5d13066c-11e5-40aa-be9d-008405bad973@group-EB7B5BA8336E: set configuration 0: peers:[d5dd9084-02e9-4cbc-a1b0-4846343450b9|rpc:10.1.0.114:34363|dataStream:|priority:1|startupRole:FOLLOWER, 7b6afef0-558a-4ad8-bcfc-b2255c7aee53|rpc:10.1.0.114:46219|dataStream:|priority:0|startupRole:FOLLOWER, 5d13066c-11e5-40aa-be9d-008405bad973|rpc:10.1.0.114:35651|dataStream:|priority:0|startupRole:FOLLOWER]|listeners:[], old=null
2022-10-28 11:29:25,555 [5d13066c-11e5-40aa-be9d-008405bad973-server-thread2] INFO  segmented.SegmentedRaftLogWorker (SegmentedRaftLogWorker.java:startLogSegment(452)) - 5d13066c-11e5-40aa-be9d-008405bad973@group-EB7B5BA8336E-SegmentedRaftLogWorker: Starting segment from index:0
2022-10-28 11:29:25,555 [7b6afef0-558a-4ad8-bcfc-b2255c7aee53-server-thread3] INFO  server.RaftServer$Division (ServerState.java:setRaftConf(430)) - 7b6afef0-558a-4ad8-bcfc-b2255c7aee53@group-EB7B5BA8336E: set configuration 0: peers:[d5dd9084-02e9-4cbc-a1b0-4846343450b9|rpc:10.1.0.114:34363|dataStream:|priority:1|startupRole:FOLLOWER, 7b6afef0-558a-4ad8-bcfc-b2255c7aee53|rpc:10.1.0.114:46219|dataStream:|priority:0|startupRole:FOLLOWER, 5d13066c-11e5-40aa-be9d-008405bad973|rpc:10.1.0.114:35651|dataStream:|priority:0|startupRole:FOLLOWER]|listeners:[], old=null
2022-10-28 11:29:25,556 [7b6afef0-558a-4ad8-bcfc-b2255c7aee53-server-thread3] INFO  segmented.SegmentedRaftLogWorker (SegmentedRaftLogWorker.java:startLogSegment(452)) - 7b6afef0-558a-4ad8-bcfc-b2255c7aee53@group-EB7B5BA8336E-SegmentedRaftLogWorker: Starting segment from index:0
2022-10-28 11:29:25,557 [5d13066c-11e5-40aa-be9d-008405bad973@group-EB7B5BA8336E-SegmentedRaftLogWorker] INFO  segmented.SegmentedRaftLogWorker (SegmentedRaftLogWorker.java:execute(656)) - 5d13066c-11e5-40aa-be9d-008405bad973@group-EB7B5BA8336E-SegmentedRaftLogWorker: created new log segment /home/runner/work/ozone/ozone/hadoop-ozone/integration-test/target/test-dir/MiniOzoneClusterImpl-6ee34448-fbd8-4951-8ae1-d137d06ced7b/datanode-7/data/ratis/c4ab908c-09aa-415d-9044-eb7b5ba8336e/current/log_inprogress_0
2022-10-28 11:29:25,557 [7b6afef0-558a-4ad8-bcfc-b2255c7aee53@group-EB7B5BA8336E-SegmentedRaftLogWorker] INFO  segmented.SegmentedRaftLogWorker (SegmentedRaftLogWorker.java:execute(656)) - 7b6afef0-558a-4ad8-bcfc-b2255c7aee53@group-EB7B5BA8336E-SegmentedRaftLogWorker: created new log segment /home/runner/work/ozone/ozone/hadoop-ozone/integration-test/target/test-dir/MiniOzoneClusterImpl-6ee34448-fbd8-4951-8ae1-d137d06ced7b/datanode-8/data/ratis/c4ab908c-09aa-415d-9044-eb7b5ba8336e/current/log_inprogress_0
2022-10-28 11:29:36,178 [Under Replicated Processor] INFO  replication.UnderReplicatedProcessor (UnderReplicatedProcessor.java:processAll(92)) - Processed 0 under replicated containers, failed processing 0
2022-10-28 11:29:36,182 [Over Replicated Processor] INFO  replication.OverReplicatedProcessor (OverReplicatedProcessor.java:processAll(90)) - Processed 0 over replicated containers, failed processing 0
2022-10-28 11:30:06,178 [Under Replicated Processor] INFO  replication.UnderReplicatedProcessor (UnderReplicatedProcessor.java:processAll(92)) - Processed 0 under replicated containers, failed processing 0
2022-10-28 11:30:06,182 [Over Replicated Processor] INFO  replication.OverReplicatedProcessor (OverReplicatedProcessor.java:processAll(90)) - Processed 0 over replicated containers, failed processing 0
2022-10-28 11:30:36,178 [Under Replicated Processor] INFO  replication.UnderReplicatedProcessor (UnderReplicatedProcessor.java:processAll(92)) - Processed 0 under replicated containers, failed processing 0
2022-10-28 11:30:36,182 [Over Replicated Processor] INFO  replication.OverReplicatedProcessor (OverReplicatedProcessor.java:processAll(90)) - Processed 0 over replicated containers, failed processing 0
]]></system-out>
  </testcase>
</testsuite>