<?xml version="1.0" encoding="UTF-8"?>
<testsuite xmlns:xsi="http://www.w3.org/2001/XMLSchema-instance" xsi:noNamespaceSchemaLocation="https://maven.apache.org/surefire/maven-surefire-plugin/xsd/surefire-test-report-3.0.xsd" version="3.0" name="org.apache.hadoop.ozone.client.rpc.read.TestKeyInputStream" time="262.177" tests="6" errors="1" skipped="0" failures="0">
  <properties>
    <property name="awt.toolkit" value="sun.awt.X11.XToolkit"/>
    <property name="file.encoding.pkg" value="sun.io"/>
    <property name="java.specification.version" value="1.8"/>
    <property name="sun.cpu.isalist" value=""/>
    <property name="sun.jnu.encoding" value="UTF-8"/>
    <property name="java.class.path" value="/home/runner/work/ozone/ozone/hadoop-ozone/integration-test/target/test-classes:/home/runner/work/ozone/ozone/hadoop-ozone/integration-test/target/classes:/home/runner/.m2/repository/org/apache/ozone/ozone-common/1.3.0-SNAPSHOT/ozone-common-1.3.0-SNAPSHOT.jar:/home/runner/.m2/repository/io/grpc/grpc-netty/1.48.1/grpc-netty-1.48.1.jar:/home/runner/.m2/repository/io/grpc/grpc-core/1.48.1/grpc-core-1.48.1.jar:/home/runner/.m2/repository/com/google/android/annotations/4.1.1.4/annotations-4.1.1.4.jar:/home/runner/.m2/repository/org/codehaus/mojo/animal-sniffer-annotations/1.21/animal-sniffer-annotations-1.21.jar:/home/runner/.m2/repository/com/google/errorprone/error_prone_annotations/2.2.0/error_prone_annotations-2.2.0.jar:/home/runner/.m2/repository/io/perfmark/perfmark-api/0.25.0/perfmark-api-0.25.0.jar:/home/runner/.m2/repository/io/netty/netty-codec-http2/4.1.79.Final/netty-codec-http2-4.1.79.Final.jar:/home/runner/.m2/repository/io/netty/netty-common/4.1.79.Final/netty-common-4.1.79.Final.jar:/home/runner/.m2/repository/io/netty/netty-buffer/4.1.79.Final/netty-buffer-4.1.79.Final.jar:/home/runner/.m2/repository/io/netty/netty-codec-http/4.1.79.Final/netty-codec-http-4.1.79.Final.jar:/home/runner/.m2/repository/io/netty/netty-handler-proxy/4.1.79.Final/netty-handler-proxy-4.1.79.Final.jar:/home/runner/.m2/repository/io/netty/netty-codec-socks/4.1.79.Final/netty-codec-socks-4.1.79.Final.jar:/home/runner/.m2/repository/io/netty/netty-tcnative-boringssl-static/2.0.53.Final/netty-tcnative-boringssl-static-2.0.53.Final.jar:/home/runner/.m2/repository/io/netty/netty-tcnative-classes/2.0.53.Final/netty-tcnative-classes-2.0.53.Final.jar:/home/runner/.m2/repository/io/netty/netty-tcnative-boringssl-static/2.0.53.Final/netty-tcnative-boringssl-static-2.0.53.Final-linux-x86_64.jar:/home/runner/.m2/repository/io/netty/netty-tcnative-boringssl-static/2.0.53.Final/netty-tcnative-boringssl-static-2.0.53.Final-linux-aarch_64.jar:/home/runner/.m2/repository/io/netty/netty-tcnative-boringssl-static/2.0.53.Final/netty-tcnative-boringssl-static-2.0.53.Final-osx-x86_64.jar:/home/runner/.m2/repository/io/netty/netty-tcnative-boringssl-static/2.0.53.Final/netty-tcnative-boringssl-static-2.0.53.Final-osx-aarch_64.jar:/home/runner/.m2/repository/io/netty/netty-tcnative-boringssl-static/2.0.53.Final/netty-tcnative-boringssl-static-2.0.53.Final-windows-x86_64.jar:/home/runner/.m2/repository/org/apache/commons/commons-compress/1.21/commons-compress-1.21.jar:/home/runner/.m2/repository/org/apache/ozone/hdds-common/1.3.0-SNAPSHOT/hdds-common-1.3.0-SNAPSHOT.jar:/home/runner/.m2/repository/org/apache/ozone/hdds-client/1.3.0-SNAPSHOT/hdds-client-1.3.0-SNAPSHOT.jar:/home/runner/.m2/repository/org/apache/ozone/ozone-interface-client/1.3.0-SNAPSHOT/ozone-interface-client-1.3.0-SNAPSHOT.jar:/home/runner/.m2/repository/org/apache/ozone/hdds-test-utils/1.3.0-SNAPSHOT/hdds-test-utils-1.3.0-SNAPSHOT.jar:/home/runner/.m2/repository/com/google/guava/guava/31.1-jre/guava-31.1-jre.jar:/home/runner/.m2/repository/com/google/guava/failureaccess/1.0.1/failureaccess-1.0.1.jar:/home/runner/.m2/repository/com/google/guava/listenablefuture/9999.0-empty-to-avoid-conflict-with-guava/listenablefuture-9999.0-empty-to-avoid-conflict-with-guava.jar:/home/runner/.m2/repository/com/google/code/findbugs/jsr305/3.0.0/jsr305-3.0.0.jar:/home/runner/.m2/repository/org/checkerframework/checker-qual/3.12.0/checker-qual-3.12.0.jar:/home/runner/.m2/repository/com/google/j2objc/j2objc-annotations/1.3/j2objc-annotations-1.3.jar:/home/runner/.m2/repository/commons-io/commons-io/2.11.0/commons-io-2.11.0.jar:/home/runner/.m2/repository/commons-logging/commons-logging/1.2/commons-logging-1.2.jar:/home/runner/.m2/repository/ch/qos/reload4j/reload4j/1.2.22/reload4j-1.2.22.jar:/home/runner/.m2/repository/org/slf4j/slf4j-api/1.7.36/slf4j-api-1.7.36.jar:/home/runner/.m2/repository/org/apache/ozone/hdds-server-scm/1.3.0-SNAPSHOT/hdds-server-scm-1.3.0-SNAPSHOT.jar:/home/runner/.m2/repository/org/apache/ozone/hdds-container-service/1.3.0-SNAPSHOT/hdds-container-service-1.3.0-SNAPSHOT.jar:/home/runner/.m2/repository/org/apache/ozone/hdds-hadoop-dependency-server/1.3.0-SNAPSHOT/hdds-hadoop-dependency-server-1.3.0-SNAPSHOT.jar:/home/runner/.m2/repository/org/apache/hadoop/hadoop-hdfs/3.3.4/hadoop-hdfs-3.3.4.jar:/home/runner/.m2/repository/org/eclipse/jetty/jetty-util-ajax/9.4.43.v20210629/jetty-util-ajax-9.4.43.v20210629.jar:/home/runner/.m2/repository/commons-daemon/commons-daemon/1.0.13/commons-daemon-1.0.13.jar:/home/runner/.m2/repository/org/apache/ozone/hdds-server-framework/1.3.0-SNAPSHOT/hdds-server-framework-1.3.0-SNAPSHOT.jar:/home/runner/.m2/repository/org/apache/ozone/hdds-interface-server/1.3.0-SNAPSHOT/hdds-interface-server-1.3.0-SNAPSHOT.jar:/home/runner/.m2/repository/org/apache/logging/log4j/log4j-core/2.17.1/log4j-core-2.17.1.jar:/home/runner/.m2/repository/com/lmax/disruptor/3.4.2/disruptor-3.4.2.jar:/home/runner/.m2/repository/org/eclipse/jetty/jetty-servlet/9.4.43.v20210629/jetty-servlet-9.4.43.v20210629.jar:/home/runner/.m2/repository/org/eclipse/jetty/jetty-security/9.4.43.v20210629/jetty-security-9.4.43.v20210629.jar:/home/runner/.m2/repository/org/rocksdb/rocksdbjni/7.4.5/rocksdbjni-7.4.5.jar:/home/runner/.m2/repository/io/prometheus/simpleclient_dropwizard/0.7.0/simpleclient_dropwizard-0.7.0.jar:/home/runner/.m2/repository/io/prometheus/simpleclient/0.7.0/simpleclient-0.7.0.jar:/home/runner/.m2/repository/io/prometheus/simpleclient_common/0.7.0/simpleclient_common-0.7.0.jar:/home/runner/.m2/repository/io/dropwizard/metrics/metrics-core/3.2.4/metrics-core-3.2.4.jar:/home/runner/.m2/repository/org/apache/hadoop/hadoop-hdfs-client/3.3.4/hadoop-hdfs-client-3.3.4.jar:/home/runner/.m2/repository/com/squareup/okhttp3/okhttp/4.9.3/okhttp-4.9.3.jar:/home/runner/.m2/repository/com/squareup/okio/okio/2.8.0/okio-2.8.0.jar:/home/runner/.m2/repository/org/jetbrains/kotlin/kotlin-stdlib-common/1.4.10/kotlin-stdlib-common-1.4.10.jar:/home/runner/.m2/repository/org/bouncycastle/bcprov-jdk15on/1.67/bcprov-jdk15on-1.67.jar:/home/runner/.m2/repository/com/google/protobuf/protobuf-java/2.5.0/protobuf-java-2.5.0.jar:/home/runner/.m2/repository/org/apache/ozone/ozone-manager/1.3.0-SNAPSHOT/ozone-manager-1.3.0-SNAPSHOT.jar:/home/runner/.m2/repository/org/aspectj/aspectjrt/1.9.7/aspectjrt-1.9.7.jar:/home/runner/.m2/repository/org/aspectj/aspectjweaver/1.9.7/aspectjweaver-1.9.7.jar:/home/runner/.m2/repository/org/apache/ozone/hdds-interface-client/1.3.0-SNAPSHOT/hdds-interface-client-1.3.0-SNAPSHOT.jar:/home/runner/.m2/repository/org/apache/hadoop/thirdparty/hadoop-shaded-protobuf_3_7/1.1.1/hadoop-shaded-protobuf_3_7-1.1.1.jar:/home/runner/.m2/repository/org/apache/ozone/ozone-interface-storage/1.3.0-SNAPSHOT/ozone-interface-storage-1.3.0-SNAPSHOT.jar:/home/runner/.m2/repository/org/reflections/reflections/0.9.11/reflections-0.9.11.jar:/home/runner/.m2/repository/com/sun/jersey/jersey-client/1.19/jersey-client-1.19.jar:/home/runner/.m2/repository/org/apache/ranger/ranger-intg/2.3.0/ranger-intg-2.3.0.jar:/home/runner/.m2/repository/org/apache/ranger/ranger-plugins-common/2.3.0/ranger-plugins-common-2.3.0.jar:/home/runner/.m2/repository/commons-lang/commons-lang/2.6/commons-lang-2.6.jar:/home/runner/.m2/repository/org/codehaus/jackson/jackson-jaxrs/1.9.13/jackson-jaxrs-1.9.13.jar:/home/runner/.m2/repository/org/apache/ranger/ranger-plugins-cred/2.3.0/ranger-plugins-cred-2.3.0.jar:/home/runner/.m2/repository/org/apache/ranger/ranger-plugins-audit/2.3.0/ranger-plugins-audit-2.3.0.jar:/home/runner/.m2/repository/org/eclipse/jetty/jetty-client/9.4.31.v20200723/jetty-client-9.4.31.v20200723.jar:/home/runner/.m2/repository/org/apache/httpcomponents/httpmime/4.5.6/httpmime-4.5.6.jar:/home/runner/.m2/repository/org/apache/httpcomponents/httpcore-nio/4.4.6/httpcore-nio-4.4.6.jar:/home/runner/.m2/repository/org/apache/httpcomponents/httpasyncclient/4.1.3/httpasyncclient-4.1.3.jar:/home/runner/.m2/repository/com/carrotsearch/hppc/0.8.0/hppc-0.8.0.jar:/home/runner/.m2/repository/org/apache/orc/orc-core/1.5.8/orc-core-1.5.8.jar:/home/runner/.m2/repository/net/java/dev/jna/jna/5.2.0/jna-5.2.0.jar:/home/runner/.m2/repository/net/java/dev/jna/jna-platform/5.2.0/jna-platform-5.2.0.jar:/home/runner/.m2/repository/com/kstruct/gethostname4j/0.0.2/gethostname4j-0.0.2.jar:/home/runner/.m2/repository/org/apache/ranger/ranger-plugin-classloader/2.3.0/ranger-plugin-classloader-2.3.0.jar:/home/runner/.m2/repository/org/apache/hadoop/hadoop-minikdc/3.3.4/hadoop-minikdc-3.3.4.jar:/home/runner/.m2/repository/org/apache/kerby/kerb-simplekdc/1.0.1/kerb-simplekdc-1.0.1.jar:/home/runner/.m2/repository/org/apache/kerby/kerb-client/1.0.1/kerb-client-1.0.1.jar:/home/runner/.m2/repository/org/apache/kerby/kerby-config/1.0.1/kerby-config-1.0.1.jar:/home/runner/.m2/repository/org/apache/kerby/kerb-common/1.0.1/kerb-common-1.0.1.jar:/home/runner/.m2/repository/org/apache/kerby/kerb-crypto/1.0.1/kerb-crypto-1.0.1.jar:/home/runner/.m2/repository/org/apache/kerby/kerb-util/1.0.1/kerb-util-1.0.1.jar:/home/runner/.m2/repository/org/apache/kerby/token-provider/1.0.1/token-provider-1.0.1.jar:/home/runner/.m2/repository/org/apache/kerby/kerb-admin/1.0.1/kerb-admin-1.0.1.jar:/home/runner/.m2/repository/org/apache/kerby/kerb-server/1.0.1/kerb-server-1.0.1.jar:/home/runner/.m2/repository/org/apache/kerby/kerb-identity/1.0.1/kerb-identity-1.0.1.jar:/home/runner/.m2/repository/org/apache/kerby/kerby-xdr/1.0.1/kerby-xdr-1.0.1.jar:/home/runner/.m2/repository/org/apache/ozone/ozone-s3gateway/1.3.0-SNAPSHOT/ozone-s3gateway-1.3.0-SNAPSHOT.jar:/home/runner/.m2/repository/org/javassist/javassist/3.21.0-GA/javassist-3.21.0-GA.jar:/home/runner/.m2/repository/org/jboss/weld/servlet/weld-servlet/2.4.7.Final/weld-servlet-2.4.7.Final.jar:/home/runner/.m2/repository/org/glassfish/jersey/containers/jersey-container-servlet-core/2.34/jersey-container-servlet-core-2.34.jar:/home/runner/.m2/repository/org/glassfish/hk2/external/jakarta.inject/2.6.1/jakarta.inject-2.6.1.jar:/home/runner/.m2/repository/org/glassfish/jersey/core/jersey-common/2.34/jersey-common-2.34.jar:/home/runner/.m2/repository/jakarta/ws/rs/jakarta.ws.rs-api/2.1.6/jakarta.ws.rs-api-2.1.6.jar:/home/runner/.m2/repository/org/glassfish/jersey/ext/cdi/jersey-cdi1x/2.34/jersey-cdi1x-2.34.jar:/home/runner/.m2/repository/org/glassfish/jersey/inject/jersey-hk2/2.34/jersey-hk2-2.34.jar:/home/runner/.m2/repository/org/glassfish/hk2/hk2-locator/2.6.1/hk2-locator-2.6.1.jar:/home/runner/.m2/repository/org/glassfish/jersey/media/jersey-media-jaxb/2.34/jersey-media-jaxb-2.34.jar:/home/runner/.m2/repository/org/glassfish/hk2/osgi-resource-locator/1.0.3/osgi-resource-locator-1.0.3.jar:/home/runner/.m2/repository/org/glassfish/hk2/hk2-api/2.5.0/hk2-api-2.5.0.jar:/home/runner/.m2/repository/org/glassfish/hk2/hk2-utils/2.5.0/hk2-utils-2.5.0.jar:/home/runner/.m2/repository/org/glassfish/hk2/external/aopalliance-repackaged/2.5.0/aopalliance-repackaged-2.5.0.jar:/home/runner/.m2/repository/com/fasterxml/jackson/dataformat/jackson-dataformat-xml/2.13.4/jackson-dataformat-xml-2.13.4.jar:/home/runner/.m2/repository/com/fasterxml/jackson/core/jackson-core/2.13.4/jackson-core-2.13.4.jar:/home/runner/.m2/repository/org/codehaus/woodstox/stax2-api/3.1.4/stax2-api-3.1.4.jar:/home/runner/.m2/repository/com/fasterxml/woodstox/woodstox-core/5.0.3/woodstox-core-5.0.3.jar:/home/runner/.m2/repository/com/fasterxml/jackson/module/jackson-module-jaxb-annotations/2.13.4/jackson-module-jaxb-annotations-2.13.4.jar:/home/runner/.m2/repository/jakarta/xml/bind/jakarta.xml.bind-api/2.3.3/jakarta.xml.bind-api-2.3.3.jar:/home/runner/.m2/repository/jakarta/activation/jakarta.activation-api/1.2.1/jakarta.activation-api-1.2.1.jar:/home/runner/.m2/repository/javax/enterprise/cdi-api/1.2/cdi-api-1.2.jar:/home/runner/.m2/repository/javax/el/javax.el-api/3.0.0/javax.el-api-3.0.0.jar:/home/runner/.m2/repository/javax/interceptor/javax.interceptor-api/1.2/javax.interceptor-api-1.2.jar:/home/runner/.m2/repository/javax/inject/javax.inject/1/javax.inject-1.jar:/home/runner/.m2/repository/javax/xml/bind/jaxb-api/2.3.0/jaxb-api-2.3.0.jar:/home/runner/.m2/repository/org/glassfish/jaxb/jaxb-runtime/2.3.0.1/jaxb-runtime-2.3.0.1.jar:/home/runner/.m2/repository/org/glassfish/jaxb/jaxb-core/2.3.0.1/jaxb-core-2.3.0.1.jar:/home/runner/.m2/repository/org/glassfish/jaxb/txw2/2.3.0.1/txw2-2.3.0.1.jar:/home/runner/.m2/repository/com/sun/istack/istack-commons-runtime/3.0.5/istack-commons-runtime-3.0.5.jar:/home/runner/.m2/repository/org/jvnet/staxex/stax-ex/1.7.8/stax-ex-1.7.8.jar:/home/runner/.m2/repository/com/sun/xml/fastinfoset/FastInfoset/1.2.13/FastInfoset-1.2.13.jar:/home/runner/.m2/repository/javax/activation/activation/1.1.1/activation-1.1.1.jar:/home/runner/.m2/repository/io/grpc/grpc-protobuf/1.48.1/grpc-protobuf-1.48.1.jar:/home/runner/.m2/repository/io/grpc/grpc-api/1.48.1/grpc-api-1.48.1.jar:/home/runner/.m2/repository/io/grpc/grpc-context/1.48.1/grpc-context-1.48.1.jar:/home/runner/.m2/repository/com/google/api/grpc/proto-google-common-protos/2.9.0/proto-google-common-protos-2.9.0.jar:/home/runner/.m2/repository/io/grpc/grpc-protobuf-lite/1.48.1/grpc-protobuf-lite-1.48.1.jar:/home/runner/.m2/repository/io/grpc/grpc-stub/1.48.1/grpc-stub-1.48.1.jar:/home/runner/.m2/repository/io/netty/netty-transport/4.1.79.Final/netty-transport-4.1.79.Final.jar:/home/runner/.m2/repository/io/netty/netty-resolver/4.1.79.Final/netty-resolver-4.1.79.Final.jar:/home/runner/.m2/repository/org/apache/ozone/ozone-csi/1.3.0-SNAPSHOT/ozone-csi-1.3.0-SNAPSHOT.jar:/home/runner/.m2/repository/com/google/protobuf/protobuf-java-util/3.19.2/protobuf-java-util-3.19.2.jar:/home/runner/.m2/repository/com/google/code/gson/gson/2.9.0/gson-2.9.0.jar:/home/runner/.m2/repository/org/apache/ozone/hdds-config/1.3.0-SNAPSHOT/hdds-config-1.3.0-SNAPSHOT.jar:/home/runner/.m2/repository/io/netty/netty-transport-native-epoll/4.1.79.Final/netty-transport-native-epoll-4.1.79.Final-linux-x86_64.jar:/home/runner/.m2/repository/io/netty/netty-transport-classes-epoll/4.1.79.Final/netty-transport-classes-epoll-4.1.79.Final.jar:/home/runner/.m2/repository/io/netty/netty-transport-native-unix-common/4.1.79.Final/netty-transport-native-unix-common-4.1.79.Final.jar:/home/runner/.m2/repository/org/slf4j/slf4j-reload4j/1.7.36/slf4j-reload4j-1.7.36.jar:/home/runner/.m2/repository/org/apache/ozone/ozone-recon/1.3.0-SNAPSHOT/ozone-recon-1.3.0-SNAPSHOT.jar:/home/runner/.m2/repository/org/apache/ozone/ozone-reconcodegen/1.3.0-SNAPSHOT/ozone-reconcodegen-1.3.0-SNAPSHOT.jar:/home/runner/.m2/repository/com/google/inject/extensions/guice-multibindings/4.0/guice-multibindings-4.0.jar:/home/runner/.m2/repository/com/google/inject/guice/4.0/guice-4.0.jar:/home/runner/.m2/repository/aopalliance/aopalliance/1.0/aopalliance-1.0.jar:/home/runner/.m2/repository/com/google/inject/extensions/guice-assistedinject/4.0/guice-assistedinject-4.0.jar:/home/runner/.m2/repository/com/google/inject/extensions/guice-servlet/4.0/guice-servlet-4.0.jar:/home/runner/.m2/repository/org/glassfish/jersey/containers/jersey-container-servlet/2.34/jersey-container-servlet-2.34.jar:/home/runner/.m2/repository/org/glassfish/hk2/guice-bridge/2.5.0/guice-bridge-2.5.0.jar:/home/runner/.m2/repository/org/glassfish/jersey/core/jersey-server/2.34/jersey-server-2.34.jar:/home/runner/.m2/repository/org/glassfish/jersey/core/jersey-client/2.34/jersey-client-2.34.jar:/home/runner/.m2/repository/jakarta/annotation/jakarta.annotation-api/1.3.5/jakarta.annotation-api-1.3.5.jar:/home/runner/.m2/repository/jakarta/validation/jakarta.validation-api/2.0.2/jakarta.validation-api-2.0.2.jar:/home/runner/.m2/repository/org/glassfish/jersey/media/jersey-media-json-jackson/2.34/jersey-media-json-jackson-2.34.jar:/home/runner/.m2/repository/org/glassfish/jersey/ext/jersey-entity-filtering/2.34/jersey-entity-filtering-2.34.jar:/home/runner/.m2/repository/org/jooq/jooq/3.11.10/jooq-3.11.10.jar:/home/runner/.m2/repository/org/jooq/jooq-meta/3.11.10/jooq-meta-3.11.10.jar:/home/runner/.m2/repository/org/jooq/jooq-codegen/3.11.10/jooq-codegen-3.11.10.jar:/home/runner/.m2/repository/com/jolbox/bonecp/0.8.0.RELEASE/bonecp-0.8.0.RELEASE.jar:/home/runner/.m2/repository/org/apache/derby/derby/10.14.2.0/derby-10.14.2.0.jar:/home/runner/.m2/repository/org/xerial/sqlite-jdbc/3.25.2/sqlite-jdbc-3.25.2.jar:/home/runner/.m2/repository/org/springframework/spring-jdbc/5.2.20.RELEASE/spring-jdbc-5.2.20.RELEASE.jar:/home/runner/.m2/repository/org/springframework/spring-beans/5.2.20.RELEASE/spring-beans-5.2.20.RELEASE.jar:/home/runner/.m2/repository/org/springframework/spring-core/5.2.20.RELEASE/spring-core-5.2.20.RELEASE.jar:/home/runner/.m2/repository/org/springframework/spring-jcl/5.2.20.RELEASE/spring-jcl-5.2.20.RELEASE.jar:/home/runner/.m2/repository/org/springframework/spring-tx/5.2.20.RELEASE/spring-tx-5.2.20.RELEASE.jar:/home/runner/.m2/repository/org/apache/ozone/ozone-client/1.3.0-SNAPSHOT/ozone-client-1.3.0-SNAPSHOT.jar:/home/runner/.m2/repository/org/apache/ozone/hdds-erasurecode/1.3.0-SNAPSHOT/hdds-erasurecode-1.3.0-SNAPSHOT.jar:/home/runner/.m2/repository/com/github/spotbugs/spotbugs-annotations/3.1.12/spotbugs-annotations-3.1.12.jar:/home/runner/.m2/repository/org/apache/ozone/ozone-filesystem/1.3.0-SNAPSHOT/ozone-filesystem-1.3.0-SNAPSHOT.jar:/home/runner/.m2/repository/org/apache/ozone/ozone-filesystem-common/1.3.0-SNAPSHOT/ozone-filesystem-common-1.3.0-SNAPSHOT.jar:/home/runner/.m2/repository/org/apache/ozone/ozone-tools/1.3.0-SNAPSHOT/ozone-tools-1.3.0-SNAPSHOT.jar:/home/runner/.m2/repository/org/apache/ratis/ratis-tools/2.3.0/ratis-tools-2.3.0.jar:/home/runner/.m2/repository/com/amazonaws/aws-java-sdk-core/1.12.261/aws-java-sdk-core-1.12.261.jar:/home/runner/.m2/repository/org/apache/httpcomponents/httpclient/4.5.13/httpclient-4.5.13.jar:/home/runner/.m2/repository/org/apache/httpcomponents/httpcore/4.4.13/httpcore-4.4.13.jar:/home/runner/.m2/repository/software/amazon/ion/ion-java/1.0.2/ion-java-1.0.2.jar:/home/runner/.m2/repository/com/fasterxml/jackson/dataformat/jackson-dataformat-cbor/2.13.4/jackson-dataformat-cbor-2.13.4.jar:/home/runner/.m2/repository/joda-time/joda-time/2.8.1/joda-time-2.8.1.jar:/home/runner/.m2/repository/com/amazonaws/aws-java-sdk-s3/1.12.261/aws-java-sdk-s3-1.12.261.jar:/home/runner/.m2/repository/com/amazonaws/aws-java-sdk-kms/1.12.261/aws-java-sdk-kms-1.12.261.jar:/home/runner/.m2/repository/com/amazonaws/jmespath-java/1.12.261/jmespath-java-1.12.261.jar:/home/runner/.m2/repository/org/kohsuke/metainf-services/metainf-services/1.8/metainf-services-1.8.jar:/home/runner/.m2/repository/org/apache/ozone/hdds-tools/1.3.0-SNAPSHOT/hdds-tools-1.3.0-SNAPSHOT.jar:/home/runner/.m2/repository/commons-cli/commons-cli/1.2/commons-cli-1.2.jar:/home/runner/.m2/repository/org/apache/commons/commons-lang3/3.7/commons-lang3-3.7.jar:/home/runner/.m2/repository/org/apache/ozone/ozone-manager/1.3.0-SNAPSHOT/ozone-manager-1.3.0-SNAPSHOT-tests.jar:/home/runner/.m2/repository/org/apache/ozone/hdds-common/1.3.0-SNAPSHOT/hdds-common-1.3.0-SNAPSHOT-tests.jar:/home/runner/.m2/repository/org/apache/ozone/hdds-hadoop-dependency-client/1.3.0-SNAPSHOT/hdds-hadoop-dependency-client-1.3.0-SNAPSHOT.jar:/home/runner/.m2/repository/info/picocli/picocli/4.6.1/picocli-4.6.1.jar:/home/runner/.m2/repository/com/fasterxml/jackson/core/jackson-annotations/2.13.4/jackson-annotations-2.13.4.jar:/home/runner/.m2/repository/com/fasterxml/jackson/datatype/jackson-datatype-jsr310/2.13.4/jackson-datatype-jsr310-2.13.4.jar:/home/runner/.m2/repository/org/apache/ozone/hdds-annotation-processing/1.3.0-SNAPSHOT/hdds-annotation-processing-1.3.0-SNAPSHOT.jar:/home/runner/.m2/repository/javax/annotation/javax.annotation-api/1.2/javax.annotation-api-1.2.jar:/home/runner/.m2/repository/org/apache/ratis/ratis-server/2.3.0/ratis-server-2.3.0.jar:/home/runner/.m2/repository/org/apache/ratis/ratis-client/2.3.0/ratis-client-2.3.0.jar:/home/runner/.m2/repository/org/apache/ratis/ratis-server-api/2.3.0/ratis-server-api-2.3.0.jar:/home/runner/.m2/repository/org/apache/ratis/ratis-metrics/2.3.0/ratis-metrics-2.3.0.jar:/home/runner/.m2/repository/org/apache/ratis/ratis-netty/2.3.0/ratis-netty-2.3.0.jar:/home/runner/.m2/repository/org/apache/ratis/ratis-grpc/2.3.0/ratis-grpc-2.3.0.jar:/home/runner/.m2/repository/org/apache/logging/log4j/log4j-api/2.17.1/log4j-api-2.17.1.jar:/home/runner/.m2/repository/org/apache/commons/commons-pool2/2.6.0/commons-pool2-2.6.0.jar:/home/runner/.m2/repository/org/bouncycastle/bcpkix-jdk15on/1.67/bcpkix-jdk15on-1.67.jar:/home/runner/.m2/repository/commons-validator/commons-validator/1.6/commons-validator-1.6.jar:/home/runner/.m2/repository/commons-beanutils/commons-beanutils/1.9.4/commons-beanutils-1.9.4.jar:/home/runner/.m2/repository/commons-digester/commons-digester/1.8.1/commons-digester-1.8.1.jar:/home/runner/.m2/repository/commons-collections/commons-collections/3.2.2/commons-collections-3.2.2.jar:/home/runner/.m2/repository/io/jaegertracing/jaeger-client/1.6.0/jaeger-client-1.6.0.jar:/home/runner/.m2/repository/io/jaegertracing/jaeger-thrift/1.6.0/jaeger-thrift-1.6.0.jar:/home/runner/.m2/repository/org/apache/thrift/libthrift/0.14.1/libthrift-0.14.1.jar:/home/runner/.m2/repository/io/jaegertracing/jaeger-core/1.6.0/jaeger-core-1.6.0.jar:/home/runner/.m2/repository/io/jaegertracing/jaeger-tracerresolver/1.6.0/jaeger-tracerresolver-1.6.0.jar:/home/runner/.m2/repository/io/opentracing/contrib/opentracing-tracerresolver/0.1.8/opentracing-tracerresolver-0.1.8.jar:/home/runner/.m2/repository/org/jetbrains/kotlin/kotlin-stdlib/1.6.21/kotlin-stdlib-1.6.21.jar:/home/runner/.m2/repository/org/jetbrains/annotations/13.0/annotations-13.0.jar:/home/runner/.m2/repository/io/opentracing/opentracing-util/0.33.0/opentracing-util-0.33.0.jar:/home/runner/.m2/repository/io/opentracing/opentracing-api/0.33.0/opentracing-api-0.33.0.jar:/home/runner/.m2/repository/io/opentracing/opentracing-noop/0.33.0/opentracing-noop-0.33.0.jar:/home/runner/.m2/repository/org/yaml/snakeyaml/1.32/snakeyaml-1.32.jar:/home/runner/.m2/repository/org/apache/ozone/hdds-interface-admin/1.3.0-SNAPSHOT/hdds-interface-admin-1.3.0-SNAPSHOT.jar:/home/runner/.m2/repository/junit/junit/4.13.1/junit-4.13.1.jar:/home/runner/.m2/repository/org/hamcrest/hamcrest-core/1.3/hamcrest-core-1.3.jar:/home/runner/.m2/repository/org/junit/jupiter/junit-jupiter-api/5.8.2/junit-jupiter-api-5.8.2.jar:/home/runner/.m2/repository/org/opentest4j/opentest4j/1.2.0/opentest4j-1.2.0.jar:/home/runner/.m2/repository/org/junit/platform/junit-platform-commons/1.8.2/junit-platform-commons-1.8.2.jar:/home/runner/.m2/repository/org/apiguardian/apiguardian-api/1.1.2/apiguardian-api-1.1.2.jar:/home/runner/.m2/repository/org/junit/jupiter/junit-jupiter-params/5.8.2/junit-jupiter-params-5.8.2.jar:/home/runner/.m2/repository/org/junit/jupiter/junit-jupiter-migrationsupport/5.8.2/junit-jupiter-migrationsupport-5.8.2.jar:/home/runner/.m2/repository/org/junit/jupiter/junit-jupiter-engine/5.8.2/junit-jupiter-engine-5.8.2.jar:/home/runner/.m2/repository/org/junit/platform/junit-platform-engine/1.8.2/junit-platform-engine-1.8.2.jar:/home/runner/.m2/repository/org/junit/vintage/junit-vintage-engine/5.8.2/junit-vintage-engine-5.8.2.jar:/home/runner/.m2/repository/org/junit/platform/junit-platform-launcher/1.8.2/junit-platform-launcher-1.8.2.jar:/home/runner/.m2/repository/org/mockito/mockito-core/2.28.2/mockito-core-2.28.2.jar:/home/runner/.m2/repository/net/bytebuddy/byte-buddy/1.9.10/byte-buddy-1.9.10.jar:/home/runner/.m2/repository/net/bytebuddy/byte-buddy-agent/1.9.10/byte-buddy-agent-1.9.10.jar:/home/runner/.m2/repository/org/objenesis/objenesis/1.0/objenesis-1.0.jar:/home/runner/.m2/repository/org/apache/hadoop/hadoop-kms/3.3.4/hadoop-kms-3.3.4.jar:/home/runner/.m2/repository/org/apache/hadoop/hadoop-auth/3.3.4/hadoop-auth-3.3.4.jar:/home/runner/.m2/repository/com/nimbusds/nimbus-jose-jwt/7.9/nimbus-jose-jwt-7.9.jar:/home/runner/.m2/repository/com/github/stephenc/jcip/jcip-annotations/1.0-1/jcip-annotations-1.0-1.jar:/home/runner/.m2/repository/net/minidev/json-smart/2.4.7/json-smart-2.4.7.jar:/home/runner/.m2/repository/net/minidev/accessors-smart/2.4.7/accessors-smart-2.4.7.jar:/home/runner/.m2/repository/org/ow2/asm/asm/5.0.4/asm-5.0.4.jar:/home/runner/.m2/repository/org/apache/zookeeper/zookeeper/3.5.6/zookeeper-3.5.6.jar:/home/runner/.m2/repository/org/apache/zookeeper/zookeeper-jute/3.5.6/zookeeper-jute-3.5.6.jar:/home/runner/.m2/repository/org/apache/yetus/audience-annotations/0.5.0/audience-annotations-0.5.0.jar:/home/runner/.m2/repository/org/apache/curator/curator-framework/4.2.0/curator-framework-4.2.0.jar:/home/runner/.m2/repository/org/apache/hadoop/thirdparty/hadoop-shaded-guava/1.1.1/hadoop-shaded-guava-1.1.1.jar:/home/runner/.m2/repository/com/sun/jersey/jersey-core/1.19/jersey-core-1.19.jar:/home/runner/.m2/repository/javax/ws/rs/jsr311-api/1.1.1/jsr311-api-1.1.1.jar:/home/runner/.m2/repository/com/sun/jersey/jersey-server/1.19/jersey-server-1.19.jar:/home/runner/.m2/repository/javax/servlet/javax.servlet-api/3.1.0/javax.servlet-api-3.1.0.jar:/home/runner/.m2/repository/org/eclipse/jetty/jetty-server/9.4.43.v20210629/jetty-server-9.4.43.v20210629.jar:/home/runner/.m2/repository/org/eclipse/jetty/jetty-http/9.4.43.v20210629/jetty-http-9.4.43.v20210629.jar:/home/runner/.m2/repository/org/eclipse/jetty/jetty-io/9.4.43.v20210629/jetty-io-9.4.43.v20210629.jar:/home/runner/.m2/repository/org/eclipse/jetty/jetty-webapp/9.4.43.v20210629/jetty-webapp-9.4.43.v20210629.jar:/home/runner/.m2/repository/org/eclipse/jetty/jetty-xml/9.4.43.v20210629/jetty-xml-9.4.43.v20210629.jar:/home/runner/.m2/repository/org/apache/hadoop/hadoop-common/3.3.4/hadoop-common-3.3.4.jar:/home/runner/.m2/repository/org/apache/commons/commons-math3/3.1.1/commons-math3-3.1.1.jar:/home/runner/.m2/repository/commons-net/commons-net/3.6/commons-net-3.6.jar:/home/runner/.m2/repository/com/sun/jersey/jersey-servlet/1.19/jersey-servlet-1.19.jar:/home/runner/.m2/repository/com/sun/jersey/jersey-json/1.19/jersey-json-1.19.jar:/home/runner/.m2/repository/org/codehaus/jettison/jettison/1.1/jettison-1.1.jar:/home/runner/.m2/repository/com/sun/xml/bind/jaxb-impl/2.2.3-1/jaxb-impl-2.2.3-1.jar:/home/runner/.m2/repository/org/codehaus/jackson/jackson-xc/1.9.2/jackson-xc-1.9.2.jar:/home/runner/.m2/repository/org/apache/commons/commons-configuration2/2.1.1/commons-configuration2-2.1.1.jar:/home/runner/.m2/repository/org/apache/commons/commons-text/1.4/commons-text-1.4.jar:/home/runner/.m2/repository/com/google/re2j/re2j/1.1/re2j-1.1.jar:/home/runner/.m2/repository/com/jcraft/jsch/0.1.54/jsch-0.1.54.jar:/home/runner/.m2/repository/org/apache/curator/curator-client/4.2.0/curator-client-4.2.0.jar:/home/runner/.m2/repository/org/apache/curator/curator-recipes/4.2.0/curator-recipes-4.2.0.jar:/home/runner/.m2/repository/org/apache/kerby/kerb-core/1.0.1/kerb-core-1.0.1.jar:/home/runner/.m2/repository/org/apache/kerby/kerby-pkix/1.0.1/kerby-pkix-1.0.1.jar:/home/runner/.m2/repository/org/apache/kerby/kerby-asn1/1.0.1/kerby-asn1-1.0.1.jar:/home/runner/.m2/repository/org/apache/kerby/kerby-util/1.0.1/kerby-util-1.0.1.jar:/home/runner/.m2/repository/dnsjava/dnsjava/2.1.7/dnsjava-2.1.7.jar:/home/runner/.m2/repository/org/xerial/snappy/snappy-java/1.1.8.2/snappy-java-1.1.8.2.jar:/home/runner/.m2/repository/org/eclipse/jetty/jetty-util/9.4.43.v20210629/jetty-util-9.4.43.v20210629.jar:/home/runner/.m2/repository/com/fasterxml/jackson/core/jackson-databind/2.13.4/jackson-databind-2.13.4.jar:/home/runner/.m2/repository/org/apache/hadoop/hadoop-kms/3.3.4/hadoop-kms-3.3.4-tests.jar:/home/runner/.m2/repository/org/apache/ozone/hdds-server-scm/1.3.0-SNAPSHOT/hdds-server-scm-1.3.0-SNAPSHOT-tests.jar:/home/runner/.m2/repository/org/apache/ozone/hdds-container-service/1.3.0-SNAPSHOT/hdds-container-service-1.3.0-SNAPSHOT-tests.jar:/home/runner/.m2/repository/commons-codec/commons-codec/1.11/commons-codec-1.11.jar:/home/runner/.m2/repository/io/netty/netty-codec/4.1.79.Final/netty-codec-4.1.79.Final.jar:/home/runner/.m2/repository/io/netty/netty-handler/4.1.79.Final/netty-handler-4.1.79.Final.jar:/home/runner/.m2/repository/org/apache/ozone/hdds-hadoop-dependency-test/1.3.0-SNAPSHOT/hdds-hadoop-dependency-test-1.3.0-SNAPSHOT.jar:/home/runner/.m2/repository/org/apache/hadoop/hadoop-common/3.3.4/hadoop-common-3.3.4-tests.jar:/home/runner/.m2/repository/org/apache/hadoop/hadoop-hdfs/3.3.4/hadoop-hdfs-3.3.4-tests.jar:/home/runner/.m2/repository/org/assertj/assertj-core/3.12.2/assertj-core-3.12.2.jar:/home/runner/.m2/repository/org/apache/hadoop/hadoop-distcp/3.3.4/hadoop-distcp-3.3.4.jar:/home/runner/.m2/repository/org/apache/hadoop/hadoop-mapreduce-client-jobclient/3.3.4/hadoop-mapreduce-client-jobclient-3.3.4.jar:/home/runner/.m2/repository/org/apache/hadoop/hadoop-mapreduce-client-common/3.3.4/hadoop-mapreduce-client-common-3.3.4.jar:/home/runner/.m2/repository/org/apache/hadoop/hadoop-yarn-common/3.3.4/hadoop-yarn-common-3.3.4.jar:/home/runner/.m2/repository/org/apache/hadoop/hadoop-yarn-api/3.3.4/hadoop-yarn-api-3.3.4.jar:/home/runner/.m2/repository/com/sun/jersey/contribs/jersey-guice/1.19/jersey-guice-1.19.jar:/home/runner/.m2/repository/com/fasterxml/jackson/jaxrs/jackson-jaxrs-json-provider/2.13.4/jackson-jaxrs-json-provider-2.13.4.jar:/home/runner/.m2/repository/com/fasterxml/jackson/jaxrs/jackson-jaxrs-base/2.13.4/jackson-jaxrs-base-2.13.4.jar:/home/runner/.m2/repository/org/apache/hadoop/hadoop-yarn-client/3.3.4/hadoop-yarn-client-3.3.4.jar:/home/runner/.m2/repository/org/eclipse/jetty/websocket/websocket-client/9.4.43.v20210629/websocket-client-9.4.43.v20210629.jar:/home/runner/.m2/repository/org/eclipse/jetty/websocket/websocket-common/9.4.43.v20210629/websocket-common-9.4.43.v20210629.jar:/home/runner/.m2/repository/org/eclipse/jetty/websocket/websocket-api/9.4.43.v20210629/websocket-api-9.4.43.v20210629.jar:/home/runner/.m2/repository/org/jline/jline/3.9.0/jline-3.9.0.jar:/home/runner/.m2/repository/org/apache/hadoop/hadoop-mapreduce-client-core/3.3.4/hadoop-mapreduce-client-core-3.3.4.jar:/home/runner/.m2/repository/org/apache/avro/avro/1.7.7/avro-1.7.7.jar:/home/runner/.m2/repository/org/codehaus/jackson/jackson-core-asl/1.9.13/jackson-core-asl-1.9.13.jar:/home/runner/.m2/repository/org/codehaus/jackson/jackson-mapper-asl/1.9.13/jackson-mapper-asl-1.9.13.jar:/home/runner/.m2/repository/com/thoughtworks/paranamer/paranamer/2.3/paranamer-2.3.jar:/home/runner/.m2/repository/org/apache/hadoop/hadoop-annotations/3.3.4/hadoop-annotations-3.3.4.jar:/usr/lib/jvm/temurin-8-jdk-amd64/jre/../lib/tools.jar:/home/runner/.m2/repository/io/netty/netty/3.10.6.Final/netty-3.10.6.Final.jar:/home/runner/.m2/repository/org/apache/hadoop/hadoop-distcp/3.3.4/hadoop-distcp-3.3.4-tests.jar:/home/runner/.m2/repository/org/slf4j/jul-to-slf4j/1.7.36/jul-to-slf4j-1.7.36.jar:/home/runner/.m2/repository/org/apache/ratis/ratis-common/2.3.0/ratis-common-2.3.0.jar:/home/runner/.m2/repository/org/apache/ratis/ratis-thirdparty-misc/1.0.0/ratis-thirdparty-misc-1.0.0.jar:/home/runner/.m2/repository/org/apache/ratis/ratis-proto/2.3.0/ratis-proto-2.3.0.jar:"/>
    <property name="java.vm.vendor" value="Temurin"/>
    <property name="sun.arch.data.model" value="64"/>
    <property name="test.build.dir" value="/home/runner/work/ozone/ozone/hadoop-ozone/integration-test/target/test-dir"/>
    <property name="test.cache.data" value=""/>
    <property name="java.vendor.url" value="https://adoptium.net/"/>
    <property name="user.timezone" value="Etc/UTC"/>
    <property name="java.vm.specification.version" value="1.8"/>
    <property name="os.name" value="Linux"/>
    <property name="test.build.data" value="/home/runner/work/ozone/ozone/hadoop-ozone/integration-test/target/test-dir"/>
    <property name="sun.java.launcher" value="SUN_STANDARD"/>
    <property name="sun.boot.library.path" value="/usr/lib/jvm/temurin-8-jdk-amd64/jre/lib/amd64"/>
    <property name="sun.java.command" value="/home/runner/work/ozone/ozone/hadoop-ozone/integration-test/target/surefire/surefirebooter2673778563387572420.jar /home/runner/work/ozone/ozone/hadoop-ozone/integration-test/target/surefire 2022-10-16T12-53-46_983-jvmRun1 surefire1816613907083876938tmp surefire_206687284820920198931tmp"/>
    <property name="surefire.test.class.path" value="/home/runner/work/ozone/ozone/hadoop-ozone/integration-test/target/test-classes:/home/runner/work/ozone/ozone/hadoop-ozone/integration-test/target/classes:/home/runner/.m2/repository/org/apache/ozone/ozone-common/1.3.0-SNAPSHOT/ozone-common-1.3.0-SNAPSHOT.jar:/home/runner/.m2/repository/io/grpc/grpc-netty/1.48.1/grpc-netty-1.48.1.jar:/home/runner/.m2/repository/io/grpc/grpc-core/1.48.1/grpc-core-1.48.1.jar:/home/runner/.m2/repository/com/google/android/annotations/4.1.1.4/annotations-4.1.1.4.jar:/home/runner/.m2/repository/org/codehaus/mojo/animal-sniffer-annotations/1.21/animal-sniffer-annotations-1.21.jar:/home/runner/.m2/repository/com/google/errorprone/error_prone_annotations/2.2.0/error_prone_annotations-2.2.0.jar:/home/runner/.m2/repository/io/perfmark/perfmark-api/0.25.0/perfmark-api-0.25.0.jar:/home/runner/.m2/repository/io/netty/netty-codec-http2/4.1.79.Final/netty-codec-http2-4.1.79.Final.jar:/home/runner/.m2/repository/io/netty/netty-common/4.1.79.Final/netty-common-4.1.79.Final.jar:/home/runner/.m2/repository/io/netty/netty-buffer/4.1.79.Final/netty-buffer-4.1.79.Final.jar:/home/runner/.m2/repository/io/netty/netty-codec-http/4.1.79.Final/netty-codec-http-4.1.79.Final.jar:/home/runner/.m2/repository/io/netty/netty-handler-proxy/4.1.79.Final/netty-handler-proxy-4.1.79.Final.jar:/home/runner/.m2/repository/io/netty/netty-codec-socks/4.1.79.Final/netty-codec-socks-4.1.79.Final.jar:/home/runner/.m2/repository/io/netty/netty-tcnative-boringssl-static/2.0.53.Final/netty-tcnative-boringssl-static-2.0.53.Final.jar:/home/runner/.m2/repository/io/netty/netty-tcnative-classes/2.0.53.Final/netty-tcnative-classes-2.0.53.Final.jar:/home/runner/.m2/repository/io/netty/netty-tcnative-boringssl-static/2.0.53.Final/netty-tcnative-boringssl-static-2.0.53.Final-linux-x86_64.jar:/home/runner/.m2/repository/io/netty/netty-tcnative-boringssl-static/2.0.53.Final/netty-tcnative-boringssl-static-2.0.53.Final-linux-aarch_64.jar:/home/runner/.m2/repository/io/netty/netty-tcnative-boringssl-static/2.0.53.Final/netty-tcnative-boringssl-static-2.0.53.Final-osx-x86_64.jar:/home/runner/.m2/repository/io/netty/netty-tcnative-boringssl-static/2.0.53.Final/netty-tcnative-boringssl-static-2.0.53.Final-osx-aarch_64.jar:/home/runner/.m2/repository/io/netty/netty-tcnative-boringssl-static/2.0.53.Final/netty-tcnative-boringssl-static-2.0.53.Final-windows-x86_64.jar:/home/runner/.m2/repository/org/apache/commons/commons-compress/1.21/commons-compress-1.21.jar:/home/runner/.m2/repository/org/apache/ozone/hdds-common/1.3.0-SNAPSHOT/hdds-common-1.3.0-SNAPSHOT.jar:/home/runner/.m2/repository/org/apache/ozone/hdds-client/1.3.0-SNAPSHOT/hdds-client-1.3.0-SNAPSHOT.jar:/home/runner/.m2/repository/org/apache/ozone/ozone-interface-client/1.3.0-SNAPSHOT/ozone-interface-client-1.3.0-SNAPSHOT.jar:/home/runner/.m2/repository/org/apache/ozone/hdds-test-utils/1.3.0-SNAPSHOT/hdds-test-utils-1.3.0-SNAPSHOT.jar:/home/runner/.m2/repository/com/google/guava/guava/31.1-jre/guava-31.1-jre.jar:/home/runner/.m2/repository/com/google/guava/failureaccess/1.0.1/failureaccess-1.0.1.jar:/home/runner/.m2/repository/com/google/guava/listenablefuture/9999.0-empty-to-avoid-conflict-with-guava/listenablefuture-9999.0-empty-to-avoid-conflict-with-guava.jar:/home/runner/.m2/repository/com/google/code/findbugs/jsr305/3.0.0/jsr305-3.0.0.jar:/home/runner/.m2/repository/org/checkerframework/checker-qual/3.12.0/checker-qual-3.12.0.jar:/home/runner/.m2/repository/com/google/j2objc/j2objc-annotations/1.3/j2objc-annotations-1.3.jar:/home/runner/.m2/repository/commons-io/commons-io/2.11.0/commons-io-2.11.0.jar:/home/runner/.m2/repository/commons-logging/commons-logging/1.2/commons-logging-1.2.jar:/home/runner/.m2/repository/ch/qos/reload4j/reload4j/1.2.22/reload4j-1.2.22.jar:/home/runner/.m2/repository/org/slf4j/slf4j-api/1.7.36/slf4j-api-1.7.36.jar:/home/runner/.m2/repository/org/apache/ozone/hdds-server-scm/1.3.0-SNAPSHOT/hdds-server-scm-1.3.0-SNAPSHOT.jar:/home/runner/.m2/repository/org/apache/ozone/hdds-container-service/1.3.0-SNAPSHOT/hdds-container-service-1.3.0-SNAPSHOT.jar:/home/runner/.m2/repository/org/apache/ozone/hdds-hadoop-dependency-server/1.3.0-SNAPSHOT/hdds-hadoop-dependency-server-1.3.0-SNAPSHOT.jar:/home/runner/.m2/repository/org/apache/hadoop/hadoop-hdfs/3.3.4/hadoop-hdfs-3.3.4.jar:/home/runner/.m2/repository/org/eclipse/jetty/jetty-util-ajax/9.4.43.v20210629/jetty-util-ajax-9.4.43.v20210629.jar:/home/runner/.m2/repository/commons-daemon/commons-daemon/1.0.13/commons-daemon-1.0.13.jar:/home/runner/.m2/repository/org/apache/ozone/hdds-server-framework/1.3.0-SNAPSHOT/hdds-server-framework-1.3.0-SNAPSHOT.jar:/home/runner/.m2/repository/org/apache/ozone/hdds-interface-server/1.3.0-SNAPSHOT/hdds-interface-server-1.3.0-SNAPSHOT.jar:/home/runner/.m2/repository/org/apache/logging/log4j/log4j-core/2.17.1/log4j-core-2.17.1.jar:/home/runner/.m2/repository/com/lmax/disruptor/3.4.2/disruptor-3.4.2.jar:/home/runner/.m2/repository/org/eclipse/jetty/jetty-servlet/9.4.43.v20210629/jetty-servlet-9.4.43.v20210629.jar:/home/runner/.m2/repository/org/eclipse/jetty/jetty-security/9.4.43.v20210629/jetty-security-9.4.43.v20210629.jar:/home/runner/.m2/repository/org/rocksdb/rocksdbjni/7.4.5/rocksdbjni-7.4.5.jar:/home/runner/.m2/repository/io/prometheus/simpleclient_dropwizard/0.7.0/simpleclient_dropwizard-0.7.0.jar:/home/runner/.m2/repository/io/prometheus/simpleclient/0.7.0/simpleclient-0.7.0.jar:/home/runner/.m2/repository/io/prometheus/simpleclient_common/0.7.0/simpleclient_common-0.7.0.jar:/home/runner/.m2/repository/io/dropwizard/metrics/metrics-core/3.2.4/metrics-core-3.2.4.jar:/home/runner/.m2/repository/org/apache/hadoop/hadoop-hdfs-client/3.3.4/hadoop-hdfs-client-3.3.4.jar:/home/runner/.m2/repository/com/squareup/okhttp3/okhttp/4.9.3/okhttp-4.9.3.jar:/home/runner/.m2/repository/com/squareup/okio/okio/2.8.0/okio-2.8.0.jar:/home/runner/.m2/repository/org/jetbrains/kotlin/kotlin-stdlib-common/1.4.10/kotlin-stdlib-common-1.4.10.jar:/home/runner/.m2/repository/org/bouncycastle/bcprov-jdk15on/1.67/bcprov-jdk15on-1.67.jar:/home/runner/.m2/repository/com/google/protobuf/protobuf-java/2.5.0/protobuf-java-2.5.0.jar:/home/runner/.m2/repository/org/apache/ozone/ozone-manager/1.3.0-SNAPSHOT/ozone-manager-1.3.0-SNAPSHOT.jar:/home/runner/.m2/repository/org/aspectj/aspectjrt/1.9.7/aspectjrt-1.9.7.jar:/home/runner/.m2/repository/org/aspectj/aspectjweaver/1.9.7/aspectjweaver-1.9.7.jar:/home/runner/.m2/repository/org/apache/ozone/hdds-interface-client/1.3.0-SNAPSHOT/hdds-interface-client-1.3.0-SNAPSHOT.jar:/home/runner/.m2/repository/org/apache/hadoop/thirdparty/hadoop-shaded-protobuf_3_7/1.1.1/hadoop-shaded-protobuf_3_7-1.1.1.jar:/home/runner/.m2/repository/org/apache/ozone/ozone-interface-storage/1.3.0-SNAPSHOT/ozone-interface-storage-1.3.0-SNAPSHOT.jar:/home/runner/.m2/repository/org/reflections/reflections/0.9.11/reflections-0.9.11.jar:/home/runner/.m2/repository/com/sun/jersey/jersey-client/1.19/jersey-client-1.19.jar:/home/runner/.m2/repository/org/apache/ranger/ranger-intg/2.3.0/ranger-intg-2.3.0.jar:/home/runner/.m2/repository/org/apache/ranger/ranger-plugins-common/2.3.0/ranger-plugins-common-2.3.0.jar:/home/runner/.m2/repository/commons-lang/commons-lang/2.6/commons-lang-2.6.jar:/home/runner/.m2/repository/org/codehaus/jackson/jackson-jaxrs/1.9.13/jackson-jaxrs-1.9.13.jar:/home/runner/.m2/repository/org/apache/ranger/ranger-plugins-cred/2.3.0/ranger-plugins-cred-2.3.0.jar:/home/runner/.m2/repository/org/apache/ranger/ranger-plugins-audit/2.3.0/ranger-plugins-audit-2.3.0.jar:/home/runner/.m2/repository/org/eclipse/jetty/jetty-client/9.4.31.v20200723/jetty-client-9.4.31.v20200723.jar:/home/runner/.m2/repository/org/apache/httpcomponents/httpmime/4.5.6/httpmime-4.5.6.jar:/home/runner/.m2/repository/org/apache/httpcomponents/httpcore-nio/4.4.6/httpcore-nio-4.4.6.jar:/home/runner/.m2/repository/org/apache/httpcomponents/httpasyncclient/4.1.3/httpasyncclient-4.1.3.jar:/home/runner/.m2/repository/com/carrotsearch/hppc/0.8.0/hppc-0.8.0.jar:/home/runner/.m2/repository/org/apache/orc/orc-core/1.5.8/orc-core-1.5.8.jar:/home/runner/.m2/repository/net/java/dev/jna/jna/5.2.0/jna-5.2.0.jar:/home/runner/.m2/repository/net/java/dev/jna/jna-platform/5.2.0/jna-platform-5.2.0.jar:/home/runner/.m2/repository/com/kstruct/gethostname4j/0.0.2/gethostname4j-0.0.2.jar:/home/runner/.m2/repository/org/apache/ranger/ranger-plugin-classloader/2.3.0/ranger-plugin-classloader-2.3.0.jar:/home/runner/.m2/repository/org/apache/hadoop/hadoop-minikdc/3.3.4/hadoop-minikdc-3.3.4.jar:/home/runner/.m2/repository/org/apache/kerby/kerb-simplekdc/1.0.1/kerb-simplekdc-1.0.1.jar:/home/runner/.m2/repository/org/apache/kerby/kerb-client/1.0.1/kerb-client-1.0.1.jar:/home/runner/.m2/repository/org/apache/kerby/kerby-config/1.0.1/kerby-config-1.0.1.jar:/home/runner/.m2/repository/org/apache/kerby/kerb-common/1.0.1/kerb-common-1.0.1.jar:/home/runner/.m2/repository/org/apache/kerby/kerb-crypto/1.0.1/kerb-crypto-1.0.1.jar:/home/runner/.m2/repository/org/apache/kerby/kerb-util/1.0.1/kerb-util-1.0.1.jar:/home/runner/.m2/repository/org/apache/kerby/token-provider/1.0.1/token-provider-1.0.1.jar:/home/runner/.m2/repository/org/apache/kerby/kerb-admin/1.0.1/kerb-admin-1.0.1.jar:/home/runner/.m2/repository/org/apache/kerby/kerb-server/1.0.1/kerb-server-1.0.1.jar:/home/runner/.m2/repository/org/apache/kerby/kerb-identity/1.0.1/kerb-identity-1.0.1.jar:/home/runner/.m2/repository/org/apache/kerby/kerby-xdr/1.0.1/kerby-xdr-1.0.1.jar:/home/runner/.m2/repository/org/apache/ozone/ozone-s3gateway/1.3.0-SNAPSHOT/ozone-s3gateway-1.3.0-SNAPSHOT.jar:/home/runner/.m2/repository/org/javassist/javassist/3.21.0-GA/javassist-3.21.0-GA.jar:/home/runner/.m2/repository/org/jboss/weld/servlet/weld-servlet/2.4.7.Final/weld-servlet-2.4.7.Final.jar:/home/runner/.m2/repository/org/glassfish/jersey/containers/jersey-container-servlet-core/2.34/jersey-container-servlet-core-2.34.jar:/home/runner/.m2/repository/org/glassfish/hk2/external/jakarta.inject/2.6.1/jakarta.inject-2.6.1.jar:/home/runner/.m2/repository/org/glassfish/jersey/core/jersey-common/2.34/jersey-common-2.34.jar:/home/runner/.m2/repository/jakarta/ws/rs/jakarta.ws.rs-api/2.1.6/jakarta.ws.rs-api-2.1.6.jar:/home/runner/.m2/repository/org/glassfish/jersey/ext/cdi/jersey-cdi1x/2.34/jersey-cdi1x-2.34.jar:/home/runner/.m2/repository/org/glassfish/jersey/inject/jersey-hk2/2.34/jersey-hk2-2.34.jar:/home/runner/.m2/repository/org/glassfish/hk2/hk2-locator/2.6.1/hk2-locator-2.6.1.jar:/home/runner/.m2/repository/org/glassfish/jersey/media/jersey-media-jaxb/2.34/jersey-media-jaxb-2.34.jar:/home/runner/.m2/repository/org/glassfish/hk2/osgi-resource-locator/1.0.3/osgi-resource-locator-1.0.3.jar:/home/runner/.m2/repository/org/glassfish/hk2/hk2-api/2.5.0/hk2-api-2.5.0.jar:/home/runner/.m2/repository/org/glassfish/hk2/hk2-utils/2.5.0/hk2-utils-2.5.0.jar:/home/runner/.m2/repository/org/glassfish/hk2/external/aopalliance-repackaged/2.5.0/aopalliance-repackaged-2.5.0.jar:/home/runner/.m2/repository/com/fasterxml/jackson/dataformat/jackson-dataformat-xml/2.13.4/jackson-dataformat-xml-2.13.4.jar:/home/runner/.m2/repository/com/fasterxml/jackson/core/jackson-core/2.13.4/jackson-core-2.13.4.jar:/home/runner/.m2/repository/org/codehaus/woodstox/stax2-api/3.1.4/stax2-api-3.1.4.jar:/home/runner/.m2/repository/com/fasterxml/woodstox/woodstox-core/5.0.3/woodstox-core-5.0.3.jar:/home/runner/.m2/repository/com/fasterxml/jackson/module/jackson-module-jaxb-annotations/2.13.4/jackson-module-jaxb-annotations-2.13.4.jar:/home/runner/.m2/repository/jakarta/xml/bind/jakarta.xml.bind-api/2.3.3/jakarta.xml.bind-api-2.3.3.jar:/home/runner/.m2/repository/jakarta/activation/jakarta.activation-api/1.2.1/jakarta.activation-api-1.2.1.jar:/home/runner/.m2/repository/javax/enterprise/cdi-api/1.2/cdi-api-1.2.jar:/home/runner/.m2/repository/javax/el/javax.el-api/3.0.0/javax.el-api-3.0.0.jar:/home/runner/.m2/repository/javax/interceptor/javax.interceptor-api/1.2/javax.interceptor-api-1.2.jar:/home/runner/.m2/repository/javax/inject/javax.inject/1/javax.inject-1.jar:/home/runner/.m2/repository/javax/xml/bind/jaxb-api/2.3.0/jaxb-api-2.3.0.jar:/home/runner/.m2/repository/org/glassfish/jaxb/jaxb-runtime/2.3.0.1/jaxb-runtime-2.3.0.1.jar:/home/runner/.m2/repository/org/glassfish/jaxb/jaxb-core/2.3.0.1/jaxb-core-2.3.0.1.jar:/home/runner/.m2/repository/org/glassfish/jaxb/txw2/2.3.0.1/txw2-2.3.0.1.jar:/home/runner/.m2/repository/com/sun/istack/istack-commons-runtime/3.0.5/istack-commons-runtime-3.0.5.jar:/home/runner/.m2/repository/org/jvnet/staxex/stax-ex/1.7.8/stax-ex-1.7.8.jar:/home/runner/.m2/repository/com/sun/xml/fastinfoset/FastInfoset/1.2.13/FastInfoset-1.2.13.jar:/home/runner/.m2/repository/javax/activation/activation/1.1.1/activation-1.1.1.jar:/home/runner/.m2/repository/io/grpc/grpc-protobuf/1.48.1/grpc-protobuf-1.48.1.jar:/home/runner/.m2/repository/io/grpc/grpc-api/1.48.1/grpc-api-1.48.1.jar:/home/runner/.m2/repository/io/grpc/grpc-context/1.48.1/grpc-context-1.48.1.jar:/home/runner/.m2/repository/com/google/api/grpc/proto-google-common-protos/2.9.0/proto-google-common-protos-2.9.0.jar:/home/runner/.m2/repository/io/grpc/grpc-protobuf-lite/1.48.1/grpc-protobuf-lite-1.48.1.jar:/home/runner/.m2/repository/io/grpc/grpc-stub/1.48.1/grpc-stub-1.48.1.jar:/home/runner/.m2/repository/io/netty/netty-transport/4.1.79.Final/netty-transport-4.1.79.Final.jar:/home/runner/.m2/repository/io/netty/netty-resolver/4.1.79.Final/netty-resolver-4.1.79.Final.jar:/home/runner/.m2/repository/org/apache/ozone/ozone-csi/1.3.0-SNAPSHOT/ozone-csi-1.3.0-SNAPSHOT.jar:/home/runner/.m2/repository/com/google/protobuf/protobuf-java-util/3.19.2/protobuf-java-util-3.19.2.jar:/home/runner/.m2/repository/com/google/code/gson/gson/2.9.0/gson-2.9.0.jar:/home/runner/.m2/repository/org/apache/ozone/hdds-config/1.3.0-SNAPSHOT/hdds-config-1.3.0-SNAPSHOT.jar:/home/runner/.m2/repository/io/netty/netty-transport-native-epoll/4.1.79.Final/netty-transport-native-epoll-4.1.79.Final-linux-x86_64.jar:/home/runner/.m2/repository/io/netty/netty-transport-classes-epoll/4.1.79.Final/netty-transport-classes-epoll-4.1.79.Final.jar:/home/runner/.m2/repository/io/netty/netty-transport-native-unix-common/4.1.79.Final/netty-transport-native-unix-common-4.1.79.Final.jar:/home/runner/.m2/repository/org/slf4j/slf4j-reload4j/1.7.36/slf4j-reload4j-1.7.36.jar:/home/runner/.m2/repository/org/apache/ozone/ozone-recon/1.3.0-SNAPSHOT/ozone-recon-1.3.0-SNAPSHOT.jar:/home/runner/.m2/repository/org/apache/ozone/ozone-reconcodegen/1.3.0-SNAPSHOT/ozone-reconcodegen-1.3.0-SNAPSHOT.jar:/home/runner/.m2/repository/com/google/inject/extensions/guice-multibindings/4.0/guice-multibindings-4.0.jar:/home/runner/.m2/repository/com/google/inject/guice/4.0/guice-4.0.jar:/home/runner/.m2/repository/aopalliance/aopalliance/1.0/aopalliance-1.0.jar:/home/runner/.m2/repository/com/google/inject/extensions/guice-assistedinject/4.0/guice-assistedinject-4.0.jar:/home/runner/.m2/repository/com/google/inject/extensions/guice-servlet/4.0/guice-servlet-4.0.jar:/home/runner/.m2/repository/org/glassfish/jersey/containers/jersey-container-servlet/2.34/jersey-container-servlet-2.34.jar:/home/runner/.m2/repository/org/glassfish/hk2/guice-bridge/2.5.0/guice-bridge-2.5.0.jar:/home/runner/.m2/repository/org/glassfish/jersey/core/jersey-server/2.34/jersey-server-2.34.jar:/home/runner/.m2/repository/org/glassfish/jersey/core/jersey-client/2.34/jersey-client-2.34.jar:/home/runner/.m2/repository/jakarta/annotation/jakarta.annotation-api/1.3.5/jakarta.annotation-api-1.3.5.jar:/home/runner/.m2/repository/jakarta/validation/jakarta.validation-api/2.0.2/jakarta.validation-api-2.0.2.jar:/home/runner/.m2/repository/org/glassfish/jersey/media/jersey-media-json-jackson/2.34/jersey-media-json-jackson-2.34.jar:/home/runner/.m2/repository/org/glassfish/jersey/ext/jersey-entity-filtering/2.34/jersey-entity-filtering-2.34.jar:/home/runner/.m2/repository/org/jooq/jooq/3.11.10/jooq-3.11.10.jar:/home/runner/.m2/repository/org/jooq/jooq-meta/3.11.10/jooq-meta-3.11.10.jar:/home/runner/.m2/repository/org/jooq/jooq-codegen/3.11.10/jooq-codegen-3.11.10.jar:/home/runner/.m2/repository/com/jolbox/bonecp/0.8.0.RELEASE/bonecp-0.8.0.RELEASE.jar:/home/runner/.m2/repository/org/apache/derby/derby/10.14.2.0/derby-10.14.2.0.jar:/home/runner/.m2/repository/org/xerial/sqlite-jdbc/3.25.2/sqlite-jdbc-3.25.2.jar:/home/runner/.m2/repository/org/springframework/spring-jdbc/5.2.20.RELEASE/spring-jdbc-5.2.20.RELEASE.jar:/home/runner/.m2/repository/org/springframework/spring-beans/5.2.20.RELEASE/spring-beans-5.2.20.RELEASE.jar:/home/runner/.m2/repository/org/springframework/spring-core/5.2.20.RELEASE/spring-core-5.2.20.RELEASE.jar:/home/runner/.m2/repository/org/springframework/spring-jcl/5.2.20.RELEASE/spring-jcl-5.2.20.RELEASE.jar:/home/runner/.m2/repository/org/springframework/spring-tx/5.2.20.RELEASE/spring-tx-5.2.20.RELEASE.jar:/home/runner/.m2/repository/org/apache/ozone/ozone-client/1.3.0-SNAPSHOT/ozone-client-1.3.0-SNAPSHOT.jar:/home/runner/.m2/repository/org/apache/ozone/hdds-erasurecode/1.3.0-SNAPSHOT/hdds-erasurecode-1.3.0-SNAPSHOT.jar:/home/runner/.m2/repository/com/github/spotbugs/spotbugs-annotations/3.1.12/spotbugs-annotations-3.1.12.jar:/home/runner/.m2/repository/org/apache/ozone/ozone-filesystem/1.3.0-SNAPSHOT/ozone-filesystem-1.3.0-SNAPSHOT.jar:/home/runner/.m2/repository/org/apache/ozone/ozone-filesystem-common/1.3.0-SNAPSHOT/ozone-filesystem-common-1.3.0-SNAPSHOT.jar:/home/runner/.m2/repository/org/apache/ozone/ozone-tools/1.3.0-SNAPSHOT/ozone-tools-1.3.0-SNAPSHOT.jar:/home/runner/.m2/repository/org/apache/ratis/ratis-tools/2.3.0/ratis-tools-2.3.0.jar:/home/runner/.m2/repository/com/amazonaws/aws-java-sdk-core/1.12.261/aws-java-sdk-core-1.12.261.jar:/home/runner/.m2/repository/org/apache/httpcomponents/httpclient/4.5.13/httpclient-4.5.13.jar:/home/runner/.m2/repository/org/apache/httpcomponents/httpcore/4.4.13/httpcore-4.4.13.jar:/home/runner/.m2/repository/software/amazon/ion/ion-java/1.0.2/ion-java-1.0.2.jar:/home/runner/.m2/repository/com/fasterxml/jackson/dataformat/jackson-dataformat-cbor/2.13.4/jackson-dataformat-cbor-2.13.4.jar:/home/runner/.m2/repository/joda-time/joda-time/2.8.1/joda-time-2.8.1.jar:/home/runner/.m2/repository/com/amazonaws/aws-java-sdk-s3/1.12.261/aws-java-sdk-s3-1.12.261.jar:/home/runner/.m2/repository/com/amazonaws/aws-java-sdk-kms/1.12.261/aws-java-sdk-kms-1.12.261.jar:/home/runner/.m2/repository/com/amazonaws/jmespath-java/1.12.261/jmespath-java-1.12.261.jar:/home/runner/.m2/repository/org/kohsuke/metainf-services/metainf-services/1.8/metainf-services-1.8.jar:/home/runner/.m2/repository/org/apache/ozone/hdds-tools/1.3.0-SNAPSHOT/hdds-tools-1.3.0-SNAPSHOT.jar:/home/runner/.m2/repository/commons-cli/commons-cli/1.2/commons-cli-1.2.jar:/home/runner/.m2/repository/org/apache/commons/commons-lang3/3.7/commons-lang3-3.7.jar:/home/runner/.m2/repository/org/apache/ozone/ozone-manager/1.3.0-SNAPSHOT/ozone-manager-1.3.0-SNAPSHOT-tests.jar:/home/runner/.m2/repository/org/apache/ozone/hdds-common/1.3.0-SNAPSHOT/hdds-common-1.3.0-SNAPSHOT-tests.jar:/home/runner/.m2/repository/org/apache/ozone/hdds-hadoop-dependency-client/1.3.0-SNAPSHOT/hdds-hadoop-dependency-client-1.3.0-SNAPSHOT.jar:/home/runner/.m2/repository/info/picocli/picocli/4.6.1/picocli-4.6.1.jar:/home/runner/.m2/repository/com/fasterxml/jackson/core/jackson-annotations/2.13.4/jackson-annotations-2.13.4.jar:/home/runner/.m2/repository/com/fasterxml/jackson/datatype/jackson-datatype-jsr310/2.13.4/jackson-datatype-jsr310-2.13.4.jar:/home/runner/.m2/repository/org/apache/ozone/hdds-annotation-processing/1.3.0-SNAPSHOT/hdds-annotation-processing-1.3.0-SNAPSHOT.jar:/home/runner/.m2/repository/javax/annotation/javax.annotation-api/1.2/javax.annotation-api-1.2.jar:/home/runner/.m2/repository/org/apache/ratis/ratis-server/2.3.0/ratis-server-2.3.0.jar:/home/runner/.m2/repository/org/apache/ratis/ratis-client/2.3.0/ratis-client-2.3.0.jar:/home/runner/.m2/repository/org/apache/ratis/ratis-server-api/2.3.0/ratis-server-api-2.3.0.jar:/home/runner/.m2/repository/org/apache/ratis/ratis-metrics/2.3.0/ratis-metrics-2.3.0.jar:/home/runner/.m2/repository/org/apache/ratis/ratis-netty/2.3.0/ratis-netty-2.3.0.jar:/home/runner/.m2/repository/org/apache/ratis/ratis-grpc/2.3.0/ratis-grpc-2.3.0.jar:/home/runner/.m2/repository/org/apache/logging/log4j/log4j-api/2.17.1/log4j-api-2.17.1.jar:/home/runner/.m2/repository/org/apache/commons/commons-pool2/2.6.0/commons-pool2-2.6.0.jar:/home/runner/.m2/repository/org/bouncycastle/bcpkix-jdk15on/1.67/bcpkix-jdk15on-1.67.jar:/home/runner/.m2/repository/commons-validator/commons-validator/1.6/commons-validator-1.6.jar:/home/runner/.m2/repository/commons-beanutils/commons-beanutils/1.9.4/commons-beanutils-1.9.4.jar:/home/runner/.m2/repository/commons-digester/commons-digester/1.8.1/commons-digester-1.8.1.jar:/home/runner/.m2/repository/commons-collections/commons-collections/3.2.2/commons-collections-3.2.2.jar:/home/runner/.m2/repository/io/jaegertracing/jaeger-client/1.6.0/jaeger-client-1.6.0.jar:/home/runner/.m2/repository/io/jaegertracing/jaeger-thrift/1.6.0/jaeger-thrift-1.6.0.jar:/home/runner/.m2/repository/org/apache/thrift/libthrift/0.14.1/libthrift-0.14.1.jar:/home/runner/.m2/repository/io/jaegertracing/jaeger-core/1.6.0/jaeger-core-1.6.0.jar:/home/runner/.m2/repository/io/jaegertracing/jaeger-tracerresolver/1.6.0/jaeger-tracerresolver-1.6.0.jar:/home/runner/.m2/repository/io/opentracing/contrib/opentracing-tracerresolver/0.1.8/opentracing-tracerresolver-0.1.8.jar:/home/runner/.m2/repository/org/jetbrains/kotlin/kotlin-stdlib/1.6.21/kotlin-stdlib-1.6.21.jar:/home/runner/.m2/repository/org/jetbrains/annotations/13.0/annotations-13.0.jar:/home/runner/.m2/repository/io/opentracing/opentracing-util/0.33.0/opentracing-util-0.33.0.jar:/home/runner/.m2/repository/io/opentracing/opentracing-api/0.33.0/opentracing-api-0.33.0.jar:/home/runner/.m2/repository/io/opentracing/opentracing-noop/0.33.0/opentracing-noop-0.33.0.jar:/home/runner/.m2/repository/org/yaml/snakeyaml/1.32/snakeyaml-1.32.jar:/home/runner/.m2/repository/org/apache/ozone/hdds-interface-admin/1.3.0-SNAPSHOT/hdds-interface-admin-1.3.0-SNAPSHOT.jar:/home/runner/.m2/repository/junit/junit/4.13.1/junit-4.13.1.jar:/home/runner/.m2/repository/org/hamcrest/hamcrest-core/1.3/hamcrest-core-1.3.jar:/home/runner/.m2/repository/org/junit/jupiter/junit-jupiter-api/5.8.2/junit-jupiter-api-5.8.2.jar:/home/runner/.m2/repository/org/opentest4j/opentest4j/1.2.0/opentest4j-1.2.0.jar:/home/runner/.m2/repository/org/junit/platform/junit-platform-commons/1.8.2/junit-platform-commons-1.8.2.jar:/home/runner/.m2/repository/org/apiguardian/apiguardian-api/1.1.2/apiguardian-api-1.1.2.jar:/home/runner/.m2/repository/org/junit/jupiter/junit-jupiter-params/5.8.2/junit-jupiter-params-5.8.2.jar:/home/runner/.m2/repository/org/junit/jupiter/junit-jupiter-migrationsupport/5.8.2/junit-jupiter-migrationsupport-5.8.2.jar:/home/runner/.m2/repository/org/junit/jupiter/junit-jupiter-engine/5.8.2/junit-jupiter-engine-5.8.2.jar:/home/runner/.m2/repository/org/junit/platform/junit-platform-engine/1.8.2/junit-platform-engine-1.8.2.jar:/home/runner/.m2/repository/org/junit/vintage/junit-vintage-engine/5.8.2/junit-vintage-engine-5.8.2.jar:/home/runner/.m2/repository/org/junit/platform/junit-platform-launcher/1.8.2/junit-platform-launcher-1.8.2.jar:/home/runner/.m2/repository/org/mockito/mockito-core/2.28.2/mockito-core-2.28.2.jar:/home/runner/.m2/repository/net/bytebuddy/byte-buddy/1.9.10/byte-buddy-1.9.10.jar:/home/runner/.m2/repository/net/bytebuddy/byte-buddy-agent/1.9.10/byte-buddy-agent-1.9.10.jar:/home/runner/.m2/repository/org/objenesis/objenesis/1.0/objenesis-1.0.jar:/home/runner/.m2/repository/org/apache/hadoop/hadoop-kms/3.3.4/hadoop-kms-3.3.4.jar:/home/runner/.m2/repository/org/apache/hadoop/hadoop-auth/3.3.4/hadoop-auth-3.3.4.jar:/home/runner/.m2/repository/com/nimbusds/nimbus-jose-jwt/7.9/nimbus-jose-jwt-7.9.jar:/home/runner/.m2/repository/com/github/stephenc/jcip/jcip-annotations/1.0-1/jcip-annotations-1.0-1.jar:/home/runner/.m2/repository/net/minidev/json-smart/2.4.7/json-smart-2.4.7.jar:/home/runner/.m2/repository/net/minidev/accessors-smart/2.4.7/accessors-smart-2.4.7.jar:/home/runner/.m2/repository/org/ow2/asm/asm/5.0.4/asm-5.0.4.jar:/home/runner/.m2/repository/org/apache/zookeeper/zookeeper/3.5.6/zookeeper-3.5.6.jar:/home/runner/.m2/repository/org/apache/zookeeper/zookeeper-jute/3.5.6/zookeeper-jute-3.5.6.jar:/home/runner/.m2/repository/org/apache/yetus/audience-annotations/0.5.0/audience-annotations-0.5.0.jar:/home/runner/.m2/repository/org/apache/curator/curator-framework/4.2.0/curator-framework-4.2.0.jar:/home/runner/.m2/repository/org/apache/hadoop/thirdparty/hadoop-shaded-guava/1.1.1/hadoop-shaded-guava-1.1.1.jar:/home/runner/.m2/repository/com/sun/jersey/jersey-core/1.19/jersey-core-1.19.jar:/home/runner/.m2/repository/javax/ws/rs/jsr311-api/1.1.1/jsr311-api-1.1.1.jar:/home/runner/.m2/repository/com/sun/jersey/jersey-server/1.19/jersey-server-1.19.jar:/home/runner/.m2/repository/javax/servlet/javax.servlet-api/3.1.0/javax.servlet-api-3.1.0.jar:/home/runner/.m2/repository/org/eclipse/jetty/jetty-server/9.4.43.v20210629/jetty-server-9.4.43.v20210629.jar:/home/runner/.m2/repository/org/eclipse/jetty/jetty-http/9.4.43.v20210629/jetty-http-9.4.43.v20210629.jar:/home/runner/.m2/repository/org/eclipse/jetty/jetty-io/9.4.43.v20210629/jetty-io-9.4.43.v20210629.jar:/home/runner/.m2/repository/org/eclipse/jetty/jetty-webapp/9.4.43.v20210629/jetty-webapp-9.4.43.v20210629.jar:/home/runner/.m2/repository/org/eclipse/jetty/jetty-xml/9.4.43.v20210629/jetty-xml-9.4.43.v20210629.jar:/home/runner/.m2/repository/org/apache/hadoop/hadoop-common/3.3.4/hadoop-common-3.3.4.jar:/home/runner/.m2/repository/org/apache/commons/commons-math3/3.1.1/commons-math3-3.1.1.jar:/home/runner/.m2/repository/commons-net/commons-net/3.6/commons-net-3.6.jar:/home/runner/.m2/repository/com/sun/jersey/jersey-servlet/1.19/jersey-servlet-1.19.jar:/home/runner/.m2/repository/com/sun/jersey/jersey-json/1.19/jersey-json-1.19.jar:/home/runner/.m2/repository/org/codehaus/jettison/jettison/1.1/jettison-1.1.jar:/home/runner/.m2/repository/com/sun/xml/bind/jaxb-impl/2.2.3-1/jaxb-impl-2.2.3-1.jar:/home/runner/.m2/repository/org/codehaus/jackson/jackson-xc/1.9.2/jackson-xc-1.9.2.jar:/home/runner/.m2/repository/org/apache/commons/commons-configuration2/2.1.1/commons-configuration2-2.1.1.jar:/home/runner/.m2/repository/org/apache/commons/commons-text/1.4/commons-text-1.4.jar:/home/runner/.m2/repository/com/google/re2j/re2j/1.1/re2j-1.1.jar:/home/runner/.m2/repository/com/jcraft/jsch/0.1.54/jsch-0.1.54.jar:/home/runner/.m2/repository/org/apache/curator/curator-client/4.2.0/curator-client-4.2.0.jar:/home/runner/.m2/repository/org/apache/curator/curator-recipes/4.2.0/curator-recipes-4.2.0.jar:/home/runner/.m2/repository/org/apache/kerby/kerb-core/1.0.1/kerb-core-1.0.1.jar:/home/runner/.m2/repository/org/apache/kerby/kerby-pkix/1.0.1/kerby-pkix-1.0.1.jar:/home/runner/.m2/repository/org/apache/kerby/kerby-asn1/1.0.1/kerby-asn1-1.0.1.jar:/home/runner/.m2/repository/org/apache/kerby/kerby-util/1.0.1/kerby-util-1.0.1.jar:/home/runner/.m2/repository/dnsjava/dnsjava/2.1.7/dnsjava-2.1.7.jar:/home/runner/.m2/repository/org/xerial/snappy/snappy-java/1.1.8.2/snappy-java-1.1.8.2.jar:/home/runner/.m2/repository/org/eclipse/jetty/jetty-util/9.4.43.v20210629/jetty-util-9.4.43.v20210629.jar:/home/runner/.m2/repository/com/fasterxml/jackson/core/jackson-databind/2.13.4/jackson-databind-2.13.4.jar:/home/runner/.m2/repository/org/apache/hadoop/hadoop-kms/3.3.4/hadoop-kms-3.3.4-tests.jar:/home/runner/.m2/repository/org/apache/ozone/hdds-server-scm/1.3.0-SNAPSHOT/hdds-server-scm-1.3.0-SNAPSHOT-tests.jar:/home/runner/.m2/repository/org/apache/ozone/hdds-container-service/1.3.0-SNAPSHOT/hdds-container-service-1.3.0-SNAPSHOT-tests.jar:/home/runner/.m2/repository/commons-codec/commons-codec/1.11/commons-codec-1.11.jar:/home/runner/.m2/repository/io/netty/netty-codec/4.1.79.Final/netty-codec-4.1.79.Final.jar:/home/runner/.m2/repository/io/netty/netty-handler/4.1.79.Final/netty-handler-4.1.79.Final.jar:/home/runner/.m2/repository/org/apache/ozone/hdds-hadoop-dependency-test/1.3.0-SNAPSHOT/hdds-hadoop-dependency-test-1.3.0-SNAPSHOT.jar:/home/runner/.m2/repository/org/apache/hadoop/hadoop-common/3.3.4/hadoop-common-3.3.4-tests.jar:/home/runner/.m2/repository/org/apache/hadoop/hadoop-hdfs/3.3.4/hadoop-hdfs-3.3.4-tests.jar:/home/runner/.m2/repository/org/assertj/assertj-core/3.12.2/assertj-core-3.12.2.jar:/home/runner/.m2/repository/org/apache/hadoop/hadoop-distcp/3.3.4/hadoop-distcp-3.3.4.jar:/home/runner/.m2/repository/org/apache/hadoop/hadoop-mapreduce-client-jobclient/3.3.4/hadoop-mapreduce-client-jobclient-3.3.4.jar:/home/runner/.m2/repository/org/apache/hadoop/hadoop-mapreduce-client-common/3.3.4/hadoop-mapreduce-client-common-3.3.4.jar:/home/runner/.m2/repository/org/apache/hadoop/hadoop-yarn-common/3.3.4/hadoop-yarn-common-3.3.4.jar:/home/runner/.m2/repository/org/apache/hadoop/hadoop-yarn-api/3.3.4/hadoop-yarn-api-3.3.4.jar:/home/runner/.m2/repository/com/sun/jersey/contribs/jersey-guice/1.19/jersey-guice-1.19.jar:/home/runner/.m2/repository/com/fasterxml/jackson/jaxrs/jackson-jaxrs-json-provider/2.13.4/jackson-jaxrs-json-provider-2.13.4.jar:/home/runner/.m2/repository/com/fasterxml/jackson/jaxrs/jackson-jaxrs-base/2.13.4/jackson-jaxrs-base-2.13.4.jar:/home/runner/.m2/repository/org/apache/hadoop/hadoop-yarn-client/3.3.4/hadoop-yarn-client-3.3.4.jar:/home/runner/.m2/repository/org/eclipse/jetty/websocket/websocket-client/9.4.43.v20210629/websocket-client-9.4.43.v20210629.jar:/home/runner/.m2/repository/org/eclipse/jetty/websocket/websocket-common/9.4.43.v20210629/websocket-common-9.4.43.v20210629.jar:/home/runner/.m2/repository/org/eclipse/jetty/websocket/websocket-api/9.4.43.v20210629/websocket-api-9.4.43.v20210629.jar:/home/runner/.m2/repository/org/jline/jline/3.9.0/jline-3.9.0.jar:/home/runner/.m2/repository/org/apache/hadoop/hadoop-mapreduce-client-core/3.3.4/hadoop-mapreduce-client-core-3.3.4.jar:/home/runner/.m2/repository/org/apache/avro/avro/1.7.7/avro-1.7.7.jar:/home/runner/.m2/repository/org/codehaus/jackson/jackson-core-asl/1.9.13/jackson-core-asl-1.9.13.jar:/home/runner/.m2/repository/org/codehaus/jackson/jackson-mapper-asl/1.9.13/jackson-mapper-asl-1.9.13.jar:/home/runner/.m2/repository/com/thoughtworks/paranamer/paranamer/2.3/paranamer-2.3.jar:/home/runner/.m2/repository/org/apache/hadoop/hadoop-annotations/3.3.4/hadoop-annotations-3.3.4.jar:/usr/lib/jvm/temurin-8-jdk-amd64/jre/../lib/tools.jar:/home/runner/.m2/repository/io/netty/netty/3.10.6.Final/netty-3.10.6.Final.jar:/home/runner/.m2/repository/org/apache/hadoop/hadoop-distcp/3.3.4/hadoop-distcp-3.3.4-tests.jar:/home/runner/.m2/repository/org/slf4j/jul-to-slf4j/1.7.36/jul-to-slf4j-1.7.36.jar:/home/runner/.m2/repository/org/apache/ratis/ratis-common/2.3.0/ratis-common-2.3.0.jar:/home/runner/.m2/repository/org/apache/ratis/ratis-thirdparty-misc/1.0.0/ratis-thirdparty-misc-1.0.0.jar:/home/runner/.m2/repository/org/apache/ratis/ratis-proto/2.3.0/ratis-proto-2.3.0.jar:"/>
    <property name="sun.cpu.endian" value="little"/>
    <property name="user.home" value="/home/runner"/>
    <property name="user.language" value="en"/>
    <property name="java.specification.vendor" value="Oracle Corporation"/>
    <property name="java.home" value="/usr/lib/jvm/temurin-8-jdk-amd64/jre"/>
    <property name="java.security.krb5.conf" value="/home/runner/work/ozone/ozone/hadoop-ozone/integration-test/target/test-classes/krb5.conf"/>
    <property name="basedir" value="/home/runner/work/ozone/ozone/hadoop-ozone/integration-test"/>
    <property name="file.separator" value="/"/>
    <property name="line.separator" value="&#10;"/>
    <property name="java.vm.specification.vendor" value="Oracle Corporation"/>
    <property name="java.specification.name" value="Java Platform API Specification"/>
    <property name="java.awt.graphicsenv" value="sun.awt.X11GraphicsEnvironment"/>
    <property name="skip.installnpx" value="true"/>
    <property name="surefire.real.class.path" value="/home/runner/work/ozone/ozone/hadoop-ozone/integration-test/target/surefire/surefirebooter2673778563387572420.jar:/home/runner/.m2/repository/org/jacoco/org.jacoco.agent/0.8.5/org.jacoco.agent-0.8.5-runtime.jar"/>
    <property name="hadoop.log.dir" value="/home/runner/work/ozone/ozone/hadoop-ozone/integration-test/target/log"/>
    <property name="sun.boot.class.path" value="/usr/lib/jvm/temurin-8-jdk-amd64/jre/lib/resources.jar:/usr/lib/jvm/temurin-8-jdk-amd64/jre/lib/rt.jar:/usr/lib/jvm/temurin-8-jdk-amd64/jre/lib/sunrsasign.jar:/usr/lib/jvm/temurin-8-jdk-amd64/jre/lib/jsse.jar:/usr/lib/jvm/temurin-8-jdk-amd64/jre/lib/jce.jar:/usr/lib/jvm/temurin-8-jdk-amd64/jre/lib/charsets.jar:/usr/lib/jvm/temurin-8-jdk-amd64/jre/lib/jfr.jar:/usr/lib/jvm/temurin-8-jdk-amd64/jre/classes"/>
    <property name="sun.management.compiler" value="HotSpot 64-Bit Tiered Compilers"/>
    <property name="skip.npx" value="true"/>
    <property name="java.runtime.version" value="1.8.0_345-b01"/>
    <property name="java.net.preferIPv4Stack" value="true"/>
    <property name="user.name" value="runner"/>
    <property name="path.separator" value=":"/>
    <property name="java.security.egd" value="file:///dev/urandom"/>
    <property name="os.version" value="5.15.0-1020-azure"/>
    <property name="java.endorsed.dirs" value="/usr/lib/jvm/temurin-8-jdk-amd64/jre/lib/endorsed"/>
    <property name="java.runtime.name" value="OpenJDK Runtime Environment"/>
    <property name="file.encoding" value="UTF-8"/>
    <property name="java.vm.name" value="OpenJDK 64-Bit Server VM"/>
    <property name="test.build.webapps" value=""/>
    <property name="localRepository" value="/home/runner/.m2/repository"/>
    <property name="jetty.git.hash" value="526006ecfa3af7f1a27ef3a288e2bef7ea9dd7e8"/>
    <property name="java.vendor.url.bug" value="https://github.com/adoptium/adoptium-support/issues"/>
    <property name="java.io.tmpdir" value="/tmp"/>
    <property name="require.test.libhadoop" value=""/>
    <property name="java.version" value="1.8.0_345"/>
    <property name="user.dir" value="/home/runner/work/ozone/ozone/hadoop-ozone/integration-test"/>
    <property name="os.arch" value="amd64"/>
    <property name="java.vm.specification.name" value="Java Virtual Machine Specification"/>
    <property name="test.build.classes" value="/home/runner/work/ozone/ozone/hadoop-ozone/integration-test/target/test-classes"/>
    <property name="java.awt.printerjob" value="sun.print.PSPrinterJob"/>
    <property name="sun.os.patch.level" value="unknown"/>
    <property name="hadoop.tmp.dir" value="/home/runner/work/ozone/ozone/hadoop-ozone/integration-test/target/tmp"/>
    <property name="java.library.path" value="/usr/java/packages/lib/amd64:/usr/lib64:/lib64:/lib:/usr/lib"/>
    <property name="java.vm.info" value="mixed mode"/>
    <property name="java.vendor" value="Temurin"/>
    <property name="java.vm.version" value="25.345-b01"/>
    <property name="java.ext.dirs" value="/usr/lib/jvm/temurin-8-jdk-amd64/jre/lib/ext:/usr/java/packages/lib/ext"/>
    <property name="sun.io.unicode.encoding" value="UnicodeLittle"/>
    <property name="java.class.version" value="52.0"/>
  </properties>
  <testcase name="testNonReplicationReads" classname="TestKeyInputStream" time="65.209">
    <error type="java.lang.IllegalArgumentException"><![CDATA[java.lang.IllegalArgumentException: java.lang.IllegalArgumentException: refCount: [1]
	at sun.reflect.NativeConstructorAccessorImpl.newInstance0(Native Method)
	at sun.reflect.NativeConstructorAccessorImpl.newInstance(NativeConstructorAccessorImpl.java:62)
	at sun.reflect.DelegatingConstructorAccessorImpl.newInstance(DelegatingConstructorAccessorImpl.java:45)
	at java.lang.reflect.Constructor.newInstance(Constructor.java:423)
	at java.util.concurrent.ForkJoinTask.getThrowableException(ForkJoinTask.java:593)
	at java.util.concurrent.ForkJoinTask.reportException(ForkJoinTask.java:677)
	at java.util.concurrent.ForkJoinTask.invoke(ForkJoinTask.java:735)
	at java.util.stream.ForEachOps$ForEachOp.evaluateParallel(ForEachOps.java:159)
	at java.util.stream.ForEachOps$ForEachOp$OfRef.evaluateParallel(ForEachOps.java:173)
	at java.util.stream.AbstractPipeline.evaluate(AbstractPipeline.java:233)
	at java.util.stream.ReferencePipeline.forEach(ReferencePipeline.java:485)
	at java.util.stream.ReferencePipeline$Head.forEach(ReferencePipeline.java:650)
	at org.apache.hadoop.ozone.MiniOzoneClusterImpl.stopDatanodes(MiniOzoneClusterImpl.java:524)
	at org.apache.hadoop.ozone.MiniOzoneClusterImpl.stop(MiniOzoneClusterImpl.java:465)
	at org.apache.hadoop.ozone.MiniOzoneClusterImpl.shutdown(MiniOzoneClusterImpl.java:452)
	at org.apache.hadoop.ozone.client.rpc.read.TestInputStreamBase.shutdown(TestInputStreamBase.java:146)
	at sun.reflect.NativeMethodAccessorImpl.invoke0(Native Method)
	at sun.reflect.NativeMethodAccessorImpl.invoke(NativeMethodAccessorImpl.java:62)
	at sun.reflect.DelegatingMethodAccessorImpl.invoke(DelegatingMethodAccessorImpl.java:43)
	at java.lang.reflect.Method.invoke(Method.java:498)
	at org.junit.runners.model.FrameworkMethod$1.runReflectiveCall(FrameworkMethod.java:59)
	at org.junit.internal.runners.model.ReflectiveCallable.run(ReflectiveCallable.java:12)
	at org.junit.runners.model.FrameworkMethod.invokeExplosively(FrameworkMethod.java:56)
	at org.junit.internal.runners.statements.RunAfters.invokeMethod(RunAfters.java:46)
	at org.junit.internal.runners.statements.RunAfters.evaluate(RunAfters.java:33)
	at org.junit.internal.runners.statements.FailOnTimeout$CallableStatement.call(FailOnTimeout.java:288)
	at org.junit.internal.runners.statements.FailOnTimeout$CallableStatement.call(FailOnTimeout.java:282)
	at java.util.concurrent.FutureTask.run(FutureTask.java:266)
	at java.lang.Thread.run(Thread.java:750)
Caused by: java.lang.IllegalArgumentException: refCount: [1]
	at com.google.common.base.Preconditions.checkArgument(Preconditions.java:206)
	at org.apache.hadoop.ozone.container.common.utils.ContainerCache.shutdownCache(ContainerCache.java:96)
	at org.apache.hadoop.ozone.container.keyvalue.helpers.BlockUtils.shutdownCache(BlockUtils.java:172)
	at org.apache.hadoop.ozone.container.keyvalue.impl.BlockManagerImpl.shutdown(BlockManagerImpl.java:350)
	at org.apache.hadoop.ozone.container.keyvalue.KeyValueHandler.stop(KeyValueHandler.java:187)
	at java.util.HashMap$Values.forEach(HashMap.java:982)
	at org.apache.hadoop.ozone.container.ozoneimpl.OzoneContainer.stop(OzoneContainer.java:405)
	at org.apache.hadoop.ozone.container.common.statemachine.DatanodeStateMachine.close(DatanodeStateMachine.java:405)
	at org.apache.hadoop.ozone.container.common.statemachine.DatanodeStateMachine.stopDaemon(DatanodeStateMachine.java:579)
	at org.apache.hadoop.ozone.HddsDatanodeService.stop(HddsDatanodeService.java:571)
	at org.apache.hadoop.ozone.MiniOzoneClusterImpl.stopDatanode(MiniOzoneClusterImpl.java:530)
	at java.util.stream.ForEachOps$ForEachOp$OfRef.accept(ForEachOps.java:183)
	at java.util.ArrayList$ArrayListSpliterator.forEachRemaining(ArrayList.java:1384)
	at java.util.stream.AbstractPipeline.copyInto(AbstractPipeline.java:482)
	at java.util.stream.ForEachOps$ForEachTask.compute(ForEachOps.java:290)
	at java.util.concurrent.CountedCompleter.exec(CountedCompleter.java:731)
	at java.util.concurrent.ForkJoinTask.doExec(ForkJoinTask.java:289)
	at java.util.concurrent.ForkJoinPool$WorkQueue.execLocalTasks(ForkJoinPool.java:1040)
	at java.util.concurrent.ForkJoinPool$WorkQueue.runTask(ForkJoinPool.java:1058)
	at java.util.concurrent.ForkJoinPool.runWorker(ForkJoinPool.java:1692)
	at java.util.concurrent.ForkJoinWorkerThread.run(ForkJoinWorkerThread.java:175)
]]></error>
    <system-out><![CDATA[2022-10-16 13:13:40,167 [Time-limited test] WARN  server.ServerUtils (ServerUtils.java:getScmDbDir(148)) - ozone.scm.db.dirs is not configured. We recommend adding this setting. Falling back to ozone.metadata.dirs instead.
2022-10-16 13:13:40,274 [Time-limited test] WARN  server.ServerUtils (ServerUtils.java:getScmDbDir(148)) - ozone.scm.db.dirs is not configured. We recommend adding this setting. Falling back to ozone.metadata.dirs instead.
2022-10-16 13:13:40,277 [Time-limited test] INFO  ha.SCMHANodeDetails (SCMHANodeDetails.java:loadSCMHAConfig(209)) - ServiceID for StorageContainerManager is null
2022-10-16 13:13:40,284 [Time-limited test] WARN  ha.SCMHANodeDetails (SCMHANodeDetails.java:validateSCMHAConfig(182)) - Invalid config ozone.scm.ratis.enable. The config was not specified, but the default value true conflicts with the expected config value false. Falling back to the expected value. Current State of SCM: SCM is running in Non-HA without Ratis Ratis SCM -> Non Ratis SCM or Non HA SCM -> HA SCM is not supported
2022-10-16 13:13:40,284 [Time-limited test] INFO  ha.SCMHANodeDetails (SCMHANodeDetails.java:loadSCMHAConfig(214)) - ozone.scm.default.service.id is not defined, falling back to ozone.scm.service.ids to find serviceID for StorageContainerManager if it is HA enabled cluster
2022-10-16 13:13:40,769 [Time-limited test] WARN  utils.HAUtils (HAUtils.java:getMetaDir(342)) - ozone.scm.db.dirs is not configured. We recommend adding this setting. Falling back to ozone.metadata.dirs instead.
2022-10-16 13:13:40,913 [Time-limited test] WARN  db.DBStoreBuilder (DBStoreBuilder.java:applyDBDefinition(144)) - ozone.scm.db.dirs is not configured. We recommend adding this setting. Falling back to ozone.metadata.dirs instead.
2022-10-16 13:13:41,201 [Time-limited test] INFO  net.NodeSchemaLoader (NodeSchemaLoader.java:loadSchemaFromFile(129)) - Loading schema from [jar:file:/home/runner/.m2/repository/org/apache/ozone/hdds-common/1.3.0-SNAPSHOT/hdds-common-1.3.0-SNAPSHOT.jar!/network-topology-default.xml]
2022-10-16 13:13:41,203 [Time-limited test] INFO  net.NodeSchemaLoader (NodeSchemaLoader.java:loadSchema(176)) - Loading network topology layer schema file
2022-10-16 13:13:41,242 [Time-limited test] INFO  metrics.MetricRegistries (MetricRegistriesLoader.java:load(64)) - Loaded MetricRegistries class org.apache.ratis.metrics.impl.MetricRegistriesImpl
2022-10-16 13:13:41,248 [Time-limited test] INFO  upgrade.AbstractLayoutVersionManager (AbstractLayoutVersionManager.java:init(83)) - Initializing Layout version manager with metadata layout = DATANODE_SCHEMA_V3 (version = 4), software layout = DATANODE_SCHEMA_V3 (version = 4)
2022-10-16 13:13:41,486 [Time-limited test] INFO  reflections.Reflections (Reflections.java:scan(232)) - Reflections took 150 ms to scan 7 urls, producing 137 keys and 328 values 
2022-10-16 13:13:41,588 [Time-limited test] INFO  ha.SequenceIdGenerator (SequenceIdGenerator.java:upgradeToSequenceId(349)) - upgrade localId to 109611004723200000
2022-10-16 13:13:41,588 [Time-limited test] INFO  ha.SequenceIdGenerator (SequenceIdGenerator.java:upgradeToSequenceId(359)) - upgrade delTxnId to 0
2022-10-16 13:13:41,597 [Time-limited test] INFO  ha.SequenceIdGenerator (SequenceIdGenerator.java:upgradeToSequenceId(376)) - upgrade containerId to 0
2022-10-16 13:13:41,600 [Time-limited test] INFO  ha.SequenceIdGenerator (SequenceIdGenerator.java:<init>(220)) - Init the HA SequenceIdGenerator.
2022-10-16 13:13:41,638 [Time-limited test] INFO  node.SCMNodeManager (SCMNodeManager.java:<init>(149)) - Entering startup safe mode.
2022-10-16 13:13:41,708 [Time-limited test] INFO  algorithms.ContainerPlacementPolicyFactory (ContainerPlacementPolicyFactory.java:getPolicyInternal(86)) - Create container placement policy of type org.apache.hadoop.hdds.scm.container.placement.algorithms.SCMContainerPlacementRandom
2022-10-16 13:13:41,718 [Time-limited test] INFO  algorithms.ContainerPlacementPolicyFactory (ContainerPlacementPolicyFactory.java:getPolicyInternal(86)) - Create container placement policy of type org.apache.hadoop.hdds.scm.container.placement.algorithms.SCMContainerPlacementRackScatter
2022-10-16 13:13:41,726 [Time-limited test] INFO  pipeline.PipelineStateManagerImpl (PipelineStateManagerImpl.java:initialize(78)) - No pipeline exists in current db
2022-10-16 13:13:41,762 [Time-limited test] INFO  algorithms.LeaderChoosePolicyFactory (LeaderChoosePolicyFactory.java:getPolicy(57)) - Create leader choose policy of type org.apache.hadoop.hdds.scm.pipeline.leader.choose.algorithms.MinLeaderCountChoosePolicy
2022-10-16 13:13:41,763 [Time-limited test] INFO  algorithms.ContainerPlacementPolicyFactory (ContainerPlacementPolicyFactory.java:getPolicyInternal(86)) - Create container placement policy of type org.apache.hadoop.hdds.scm.container.placement.algorithms.SCMContainerPlacementRackScatter
2022-10-16 13:13:41,770 [Time-limited test] INFO  ha.SCMServiceManager (SCMServiceManager.java:register(42)) - Registering service BackgroundPipelineCreator.
2022-10-16 13:13:41,770 [Time-limited test] INFO  pipeline.BackgroundPipelineCreator (BackgroundPipelineCreator.java:start(124)) - Starting RatisPipelineUtilsThread.
2022-10-16 13:13:41,774 [Time-limited test] INFO  BackgroundPipelineScrubber (BackgroundSCMService.java:start(68)) - Starting BackgroundPipelineScrubber Service.
2022-10-16 13:13:41,779 [Time-limited test] INFO  ha.SCMServiceManager (SCMServiceManager.java:register(42)) - Registering service BackgroundPipelineScrubber.
2022-10-16 13:13:41,788 [Time-limited test] INFO  ExpiredContainerReplicaOpScrubber (BackgroundSCMService.java:start(68)) - Starting ExpiredContainerReplicaOpScrubber Service.
2022-10-16 13:13:41,789 [Time-limited test] INFO  ha.SCMServiceManager (SCMServiceManager.java:register(42)) - Registering service ExpiredContainerReplicaOpScrubber.
2022-10-16 13:13:41,832 [Time-limited test] INFO  algorithms.PipelineChoosePolicyFactory (PipelineChoosePolicyFactory.java:createPipelineChoosePolicyFromClass(73)) - Create pipeline choose policy of type org.apache.hadoop.hdds.scm.pipeline.choose.algorithms.RandomPipelineChoosePolicy
2022-10-16 13:13:41,850 [Time-limited test] INFO  ha.SCMServiceManager (SCMServiceManager.java:register(42)) - Registering service SCMBlockDeletingService.
2022-10-16 13:13:41,895 [Time-limited test] INFO  replication.ReplicationManager (ReplicationManager.java:start(223)) - Starting Replication Monitor Thread.
2022-10-16 13:13:41,901 [Time-limited test] INFO  ha.SCMServiceManager (SCMServiceManager.java:register(42)) - Registering service ReplicationManager.
2022-10-16 13:13:41,908 [ReplicationMonitor] INFO  replication.ReplicationManager (ReplicationManager.java:processAll(291)) - Replication Manager is not ready to run until 3000ms after safemode exit
2022-10-16 13:13:41,910 [Time-limited test] INFO  safemode.ContainerSafeModeRule (ContainerSafeModeRule.java:<init>(89)) - containers with one replica threshold count 0
2022-10-16 13:13:41,915 [Time-limited test] INFO  safemode.HealthyPipelineSafeModeRule (HealthyPipelineSafeModeRule.java:initializeRule(169)) - Total pipeline count is 0, healthy pipeline threshold count is 1
2022-10-16 13:13:41,917 [Time-limited test] INFO  safemode.OneReplicaPipelineSafeModeRule (OneReplicaPipelineSafeModeRule.java:initializeRule(180)) - Total pipeline count is 0, pipeline's with at least one datanode reported threshold count is 0
2022-10-16 13:13:42,185 [Time-limited test] INFO  audit.AuditLogger (AuditLogger.java:refreshDebugCmdSet(126)) - Refresh DebugCmdSet for SCMAudit to [].
2022-10-16 13:13:42,214 [Time-limited test] INFO  ipc.CallQueueManager (CallQueueManager.java:<init>(90)) - Using callQueue: class java.util.concurrent.LinkedBlockingQueue, queueCapacity: 2000, scheduler: class org.apache.hadoop.ipc.DefaultRpcScheduler, ipcBackoff: false.
2022-10-16 13:13:42,249 [Socket Reader #1 for port 0] INFO  ipc.Server (Server.java:run(1273)) - Starting Socket Reader #1 for port 0
2022-10-16 13:13:42,302 [Listener at 0.0.0.0/46513] INFO  audit.AuditLogger (AuditLogger.java:refreshDebugCmdSet(126)) - Refresh DebugCmdSet for SCMAudit to [].
2022-10-16 13:13:42,307 [Listener at 0.0.0.0/46513] INFO  ipc.CallQueueManager (CallQueueManager.java:<init>(90)) - Using callQueue: class java.util.concurrent.LinkedBlockingQueue, queueCapacity: 2000, scheduler: class org.apache.hadoop.ipc.DefaultRpcScheduler, ipcBackoff: false.
2022-10-16 13:13:42,309 [Socket Reader #1 for port 0] INFO  ipc.Server (Server.java:run(1273)) - Starting Socket Reader #1 for port 0
2022-10-16 13:13:42,339 [Listener at 0.0.0.0/36391] INFO  audit.AuditLogger (AuditLogger.java:refreshDebugCmdSet(126)) - Refresh DebugCmdSet for SCMAudit to [].
2022-10-16 13:13:42,349 [Listener at 0.0.0.0/36391] INFO  ipc.CallQueueManager (CallQueueManager.java:<init>(90)) - Using callQueue: class java.util.concurrent.LinkedBlockingQueue, queueCapacity: 2000, scheduler: class org.apache.hadoop.ipc.DefaultRpcScheduler, ipcBackoff: false.
2022-10-16 13:13:42,364 [Socket Reader #1 for port 0] INFO  ipc.Server (Server.java:run(1273)) - Starting Socket Reader #1 for port 0
2022-10-16 13:13:42,413 [Listener at 0.0.0.0/38403] INFO  ha.SCMServiceManager (SCMServiceManager.java:register(42)) - Registering service ContainerBalancer.
2022-10-16 13:13:42,413 [Listener at 0.0.0.0/38403] INFO  server.StorageContainerManager (StorageContainerManager.java:<init>(410)) - 
Container Balancer status:
Key                            Value
Running                        false
Container Balancer Configuration values:
Key                                                Value
Threshold                                          10
Max Datanodes to Involve per Iteration(percent)    20
Max Size to Move per Iteration                     500GB
Max Size Entering Target per Iteration             26GB
Max Size Leaving Source per Iteration              26GB

2022-10-16 13:13:42,414 [Listener at 0.0.0.0/38403] WARN  events.EventQueue (EventQueue.java:fireEvent(216)) - No event handler registered for event TypedEvent{payloadType=SafeModeStatus, name='Safe mode status'}
2022-10-16 13:13:42,414 [Listener at 0.0.0.0/38403] INFO  ha.SCMContext (SCMContext.java:updateSafeModeStatus(228)) - Update SafeModeStatus from SafeModeStatus{safeModeStatus=true, preCheckPassed=false} to SafeModeStatus{safeModeStatus=true, preCheckPassed=false}.
2022-10-16 13:13:42,416 [Listener at 0.0.0.0/38403] INFO  server.StorageContainerManager (StorageContainerManager.java:start(1436)) - StorageContainerLocationProtocol RPC server is listening at /0.0.0.0:38403
2022-10-16 13:13:42,477 [Listener at 0.0.0.0/38403] WARN  impl.MetricsConfig (MetricsConfig.java:loadFirst(136)) - Cannot locate configuration: tried hadoop-metrics2-storagecontainermanager.properties,hadoop-metrics2.properties
2022-10-16 13:13:42,546 [Listener at 0.0.0.0/38403] INFO  impl.MetricsSystemImpl (MetricsSystemImpl.java:startTimer(378)) - Scheduled Metric snapshot period at 10 second(s).
2022-10-16 13:13:42,546 [Listener at 0.0.0.0/38403] INFO  impl.MetricsSystemImpl (MetricsSystemImpl.java:start(191)) - StorageContainerManager metrics system started
2022-10-16 13:13:42,785 [Listener at 0.0.0.0/38403] INFO  server.SCMClientProtocolServer (SCMClientProtocolServer.java:start(170)) - RPC server for Client  is listening at /0.0.0.0:38403
2022-10-16 13:13:42,787 [IPC Server Responder] INFO  ipc.Server (Server.java:run(1512)) - IPC Server Responder: starting
2022-10-16 13:13:42,788 [IPC Server listener on 0] INFO  ipc.Server (Server.java:run(1352)) - IPC Server listener on 0: starting
2022-10-16 13:13:42,791 [Listener at 0.0.0.0/38403] INFO  server.StorageContainerManager (StorageContainerManager.java:start(1451)) - ScmBlockLocationProtocol RPC server is listening at /0.0.0.0:36391
2022-10-16 13:13:42,791 [Listener at 0.0.0.0/38403] INFO  server.SCMBlockProtocolServer (SCMBlockProtocolServer.java:start(152)) - RPC server for Block Protocol is listening at /0.0.0.0:36391
2022-10-16 13:13:42,792 [IPC Server Responder] INFO  ipc.Server (Server.java:run(1512)) - IPC Server Responder: starting
2022-10-16 13:13:42,792 [IPC Server listener on 0] INFO  ipc.Server (Server.java:run(1352)) - IPC Server listener on 0: starting
2022-10-16 13:13:42,795 [Listener at 0.0.0.0/38403] INFO  server.SCMDatanodeProtocolServer (SCMDatanodeProtocolServer.java:start(186)) - ScmDatanodeProtocol RPC server for DataNodes is listening at /0.0.0.0:46513
2022-10-16 13:13:42,795 [IPC Server Responder] INFO  ipc.Server (Server.java:run(1512)) - IPC Server Responder: starting
2022-10-16 13:13:42,796 [IPC Server listener on 0] INFO  ipc.Server (Server.java:run(1352)) - IPC Server listener on 0: starting
2022-10-16 13:13:42,817 [org.apache.hadoop.util.JvmPauseMonitor$Monitor@410aff0] INFO  util.JvmPauseMonitor (JvmPauseMonitor.java:run(188)) - Starting JVM pause monitor
2022-10-16 13:13:42,826 [Listener at 0.0.0.0/38403] INFO  http.BaseHttpServer (BaseHttpServer.java:newHttpServer2BuilderForOzone(213)) - Starting Web-server for scm at: http://0.0.0.0:0
2022-10-16 13:13:42,826 [Listener at 0.0.0.0/38403] INFO  http.BaseHttpServer (BaseHttpServer.java:<init>(108)) - Hadoop Security Enabled: false Ozone Security Enabled: false Ozone HTTP Security Enabled: false 
2022-10-16 13:13:42,850 [Listener at 0.0.0.0/38403] INFO  util.log (Log.java:initialized(170)) - Logging initialized @4062ms to org.eclipse.jetty.util.log.Slf4jLog
2022-10-16 13:13:42,908 [ReplicationMonitor] INFO  replication.ReplicationManager (ReplicationManager.java:processAll(291)) - Replication Manager is not ready to run until 3000ms after safemode exit
2022-10-16 13:13:42,949 [Listener at 0.0.0.0/38403] WARN  server.AuthenticationFilter (AuthenticationFilter.java:constructSecretProvider(240)) - Unable to initialize FileSignerSecretProvider, falling back to use random secrets. Reason: Could not read signature secret file: /home/runner/hadoop-http-auth-signature-secret
2022-10-16 13:13:42,955 [Listener at 0.0.0.0/38403] WARN  http.HttpRequestLog (HttpRequestLog.java:getRequestLog(103)) - Jetty request log can only be enabled using Log4j
2022-10-16 13:13:42,961 [Listener at 0.0.0.0/38403] INFO  http.HttpServer2 (HttpServer2.java:addGlobalFilter(1031)) - Added global filter 'safety' (class=org.apache.hadoop.hdds.server.http.HttpServer2$QuotingInputFilter)
2022-10-16 13:13:42,963 [Listener at 0.0.0.0/38403] INFO  http.HttpServer2 (HttpServer2.java:addFilter(1007)) - Added filter static_user_filter (class=org.apache.hadoop.http.lib.StaticUserWebFilter$StaticUserFilter) to context scm
2022-10-16 13:13:42,963 [Listener at 0.0.0.0/38403] INFO  http.HttpServer2 (HttpServer2.java:addFilter(1015)) - Added filter static_user_filter (class=org.apache.hadoop.http.lib.StaticUserWebFilter$StaticUserFilter) to context static
2022-10-16 13:13:42,963 [Listener at 0.0.0.0/38403] INFO  http.HttpServer2 (HttpServer2.java:addFilter(1015)) - Added filter static_user_filter (class=org.apache.hadoop.http.lib.StaticUserWebFilter$StaticUserFilter) to context logs
2022-10-16 13:13:43,001 [Listener at 0.0.0.0/38403] INFO  http.HttpServer2 (HttpServer2.java:bindListener(1250)) - Jetty bound to port 43455
2022-10-16 13:13:43,002 [Listener at 0.0.0.0/38403] INFO  server.Server (Server.java:doStart(375)) - jetty-9.4.43.v20210629; built: 2021-06-30T11:07:22.254Z; git: 526006ecfa3af7f1a27ef3a288e2bef7ea9dd7e8; jvm 1.8.0_345-b01
2022-10-16 13:13:43,039 [Listener at 0.0.0.0/38403] INFO  server.session (DefaultSessionIdManager.java:doStart(334)) - DefaultSessionIdManager workerName=node0
2022-10-16 13:13:43,039 [Listener at 0.0.0.0/38403] INFO  server.session (DefaultSessionIdManager.java:doStart(339)) - No SessionScavenger set, using defaults
2022-10-16 13:13:43,041 [Listener at 0.0.0.0/38403] INFO  server.session (HouseKeeper.java:startScavenging(132)) - node0 Scavenging every 660000ms
2022-10-16 13:13:43,056 [Listener at 0.0.0.0/38403] INFO  handler.ContextHandler (ContextHandler.java:doStart(915)) - Started o.e.j.s.ServletContextHandler@d92abf8{logs,/logs,file:///home/runner/work/ozone/ozone/hadoop-ozone/integration-test/target/log,AVAILABLE}
2022-10-16 13:13:43,057 [Listener at 0.0.0.0/38403] INFO  handler.ContextHandler (ContextHandler.java:doStart(915)) - Started o.e.j.s.ServletContextHandler@2b83e625{static,/static,file:///home/runner/work/ozone/ozone/hadoop-ozone/integration-test/target/test-classes/webapps/static,AVAILABLE}
2022-10-16 13:13:43,108 [Listener at 0.0.0.0/38403] INFO  handler.ContextHandler (ContextHandler.java:doStart(915)) - Started o.e.j.w.WebAppContext@fc71c46{scm,/,file:///home/runner/work/ozone/ozone/hadoop-ozone/integration-test/target/test-classes/webapps/scm/,AVAILABLE}{file:/home/runner/work/ozone/ozone/hadoop-ozone/integration-test/target/test-classes/webapps/scm}
2022-10-16 13:13:43,117 [Listener at 0.0.0.0/38403] INFO  server.AbstractConnector (AbstractConnector.java:doStart(331)) - Started ServerConnector@7ecb71fc{HTTP/1.1, (http/1.1)}{0.0.0.0:43455}
2022-10-16 13:13:43,117 [Listener at 0.0.0.0/38403] INFO  server.Server (Server.java:doStart(415)) - Started @4330ms
2022-10-16 13:13:43,119 [Listener at 0.0.0.0/38403] INFO  impl.MetricsSinkAdapter (MetricsSinkAdapter.java:start(204)) - Sink prometheus started
2022-10-16 13:13:43,119 [Listener at 0.0.0.0/38403] INFO  impl.MetricsSystemImpl (MetricsSystemImpl.java:registerSink(305)) - Registered sink prometheus
2022-10-16 13:13:43,122 [Listener at 0.0.0.0/38403] INFO  http.BaseHttpServer (BaseHttpServer.java:updateConnectorAddress(333)) - HTTP server of scm listening at http://0.0.0.0:43455
2022-10-16 13:13:43,123 [Listener at 0.0.0.0/38403] WARN  server.ServerUtils (ServerUtils.java:getDBPath(225)) - ozone.om.db.dirs is not configured. We recommend adding this setting. Falling back to ozone.metadata.dirs instead.
2022-10-16 13:13:43,194 [Listener at 0.0.0.0/38403] INFO  audit.AuditLogger (AuditLogger.java:refreshDebugCmdSet(126)) - Refresh DebugCmdSet for OMAudit to [].
2022-10-16 13:13:43,265 [Listener at 0.0.0.0/38403] INFO  ha.OMHANodeDetails (OMHANodeDetails.java:loadOMHAConfig(115)) - ozone.om.internal.service.id is not defined, falling back to ozone.om.service.ids to find serviceID for OzoneManager if it is HA enabled cluster
2022-10-16 13:13:43,268 [Listener at 0.0.0.0/38403] INFO  ha.OMHANodeDetails (OMHANodeDetails.java:loadOMHAConfig(226)) - Configuration does not have ozone.om.address set. Falling back to the default OM address /127.0.0.1:0
2022-10-16 13:13:43,268 [Listener at 0.0.0.0/38403] INFO  ha.OMHANodeDetails (OMHANodeDetails.java:getOMNodeDetailsForNonHA(254)) - OM Service ID is not set. Setting it to the default ID: omServiceIdDefault
2022-10-16 13:13:43,268 [Listener at 0.0.0.0/38403] INFO  ha.OMHANodeDetails (OMHANodeDetails.java:getOMNodeDetailsForNonHA(261)) - OM Node ID is not set. Setting it to the default ID: om1
2022-10-16 13:13:43,271 [Listener at 0.0.0.0/38403] WARN  server.ServerUtils (ServerUtils.java:getDBPath(225)) - ozone.om.db.dirs is not configured. We recommend adding this setting. Falling back to ozone.metadata.dirs instead.
2022-10-16 13:13:43,273 [Listener at 0.0.0.0/38403] INFO  upgrade.AbstractLayoutVersionManager (AbstractLayoutVersionManager.java:init(83)) - Initializing Layout version manager with metadata layout = MULTITENANCY_SCHEMA (version = 3), software layout = MULTITENANCY_SCHEMA (version = 3)
2022-10-16 13:13:43,373 [Listener at 0.0.0.0/38403] INFO  reflections.Reflections (Reflections.java:scan(232)) - Reflections took 91 ms to scan 2 urls, producing 154 keys and 428 values [using 2 cores]
2022-10-16 13:13:43,378 [Listener at 0.0.0.0/38403] INFO  upgrade.OMLayoutVersionManager (OMLayoutVersionManager.java:lambda$0(115)) - Skipping Upgrade Action MockOmUpgradeAction since it has been finalized.
2022-10-16 13:13:43,378 [Listener at 0.0.0.0/38403] WARN  server.ServerUtils (ServerUtils.java:getDBPath(225)) - ozone.om.db.dirs is not configured. We recommend adding this setting. Falling back to ozone.metadata.dirs instead.
2022-10-16 13:13:43,527 [Listener at 0.0.0.0/38403] INFO  proxy.SCMBlockLocationFailoverProxyProvider (SCMBlockLocationFailoverProxyProvider.java:<init>(114)) - Created block location fail-over proxy with 1 nodes: [nodeId=scmNodeId,nodeAddress=/0.0.0.0:36391]
2022-10-16 13:13:43,556 [Listener at 0.0.0.0/38403] INFO  proxy.SCMBlockLocationFailoverProxyProvider (SCMBlockLocationFailoverProxyProvider.java:<init>(114)) - Created block location fail-over proxy with 1 nodes: [nodeId=scmNodeId,nodeAddress=/0.0.0.0:36391]
2022-10-16 13:13:43,755 [Listener at 0.0.0.0/38403] WARN  server.ServerUtils (ServerUtils.java:getDBPath(225)) - ozone.om.db.dirs is not configured. We recommend adding this setting. Falling back to ozone.metadata.dirs instead.
2022-10-16 13:13:43,761 [Listener at 0.0.0.0/38403] INFO  codec.OmKeyInfoCodec (OmKeyInfoCodec.java:<init>(49)) - OmKeyInfoCodec ignorePipeline = true
2022-10-16 13:13:43,762 [Listener at 0.0.0.0/38403] INFO  codec.RepeatedOmKeyInfoCodec (RepeatedOmKeyInfoCodec.java:<init>(41)) - RepeatedOmKeyInfoCodec ignorePipeline = true
2022-10-16 13:13:43,908 [ReplicationMonitor] INFO  replication.ReplicationManager (ReplicationManager.java:processAll(291)) - Replication Manager is not ready to run until 3000ms after safemode exit
2022-10-16 13:13:43,927 [Listener at 0.0.0.0/38403] INFO  om.OzoneManager (OzoneManager.java:instantiateServices(712)) - S3 Multi-Tenancy is disabled
2022-10-16 13:13:44,026 [Listener at 0.0.0.0/38403] INFO  om.OzoneManager (OzoneManager.java:addS3GVolumeToDB(4386)) - Created Volume s3v With Owner runner required for S3Gateway operations.
2022-10-16 13:13:44,076 [Listener at 0.0.0.0/38403] WARN  server.ServerUtils (ServerUtils.java:getDefaultRatisDirectory(237)) - Storage directory for Ratis is not configured. It is a good idea to map this to an SSD disk. Falling back to ozone.metadata.dirs
2022-10-16 13:13:44,076 [Listener at 0.0.0.0/38403] WARN  utils.OzoneManagerRatisUtils (OzoneManagerRatisUtils.java:getOMRatisSnapshotDirectory(434)) - ozone.om.ratis.snapshot.dir is not configured. Falling back to ozone.metadata.dirs config
2022-10-16 13:13:44,095 [Listener at 0.0.0.0/38403] WARN  server.ServerUtils (ServerUtils.java:getDefaultRatisDirectory(237)) - Storage directory for Ratis is not configured. It is a good idea to map this to an SSD disk. Falling back to ozone.metadata.dirs
2022-10-16 13:13:44,122 [Listener at 0.0.0.0/38403] INFO  ratis.OzoneManagerRatisServer (OzoneManagerRatisServer.java:<init>(160)) - Instantiating OM Ratis server with groupID: omServiceIdDefault and peers: localhost:9872
2022-10-16 13:13:44,130 [Listener at 0.0.0.0/38403] INFO  ratis.OzoneManagerStateMachine (OzoneManagerStateMachine.java:loadSnapshotInfoFromDB(632)) - LastAppliedIndex is set from TransactionInfo from OM DB as (t:0, i:~)
2022-10-16 13:13:44,174 [Listener at 0.0.0.0/38403] INFO  server.RaftServer (ConfUtils.java:logGet(46)) - raft.rpc.type = GRPC (default)
2022-10-16 13:13:44,252 [Listener at 0.0.0.0/38403] INFO  grpc.GrpcFactory (GrpcFactory.java:checkPooledByteBufAllocatorUseCacheForAllThreads(48)) - PERFORMANCE WARNING: useCacheForAllThreads is true that may cause Netty to create a lot garbage objects and, as a result, trigger GC.
	It is recommended to disable useCacheForAllThreads by setting -Dorg.apache.ratis.thirdparty.io.netty.allocator.useCacheForAllThreads=false in command line.
2022-10-16 13:13:44,256 [Listener at 0.0.0.0/38403] INFO  grpc.GrpcConfigKeys (ConfUtils.java:logGet(46)) - raft.grpc.admin.port = -1 (default)
2022-10-16 13:13:44,256 [Listener at 0.0.0.0/38403] INFO  grpc.GrpcConfigKeys (ConfUtils.java:logGet(46)) - raft.grpc.server.port = 9872 (custom)
2022-10-16 13:13:44,257 [Listener at 0.0.0.0/38403] INFO  grpc.GrpcConfigKeys (ConfUtils.java:logGet(46)) - raft.grpc.client.port = -1 (default)
2022-10-16 13:13:44,257 [Listener at 0.0.0.0/38403] INFO  grpc.GrpcConfigKeys (ConfUtils.java:logGet(46)) - raft.grpc.server.port = 9872 (custom)
2022-10-16 13:13:44,257 [Listener at 0.0.0.0/38403] INFO  grpc.GrpcConfigKeys (ConfUtils.java:logGet(46)) - raft.grpc.server.port = 9872 (custom)
2022-10-16 13:13:44,258 [Listener at 0.0.0.0/38403] INFO  server.GrpcService (ConfUtils.java:logGet(46)) - raft.grpc.message.size.max = 33554432 (custom)
2022-10-16 13:13:44,259 [Listener at 0.0.0.0/38403] INFO  server.RaftServerConfigKeys (ConfUtils.java:logGet(46)) - raft.server.log.appender.buffer.byte-limit = 33554432 (custom)
2022-10-16 13:13:44,259 [Listener at 0.0.0.0/38403] INFO  server.GrpcService (ConfUtils.java:logGet(46)) - raft.grpc.flow.control.window = 1MB (=1048576) (default)
2022-10-16 13:13:44,260 [Listener at 0.0.0.0/38403] INFO  server.RaftServerConfigKeys (ConfUtils.java:logGet(46)) - raft.server.rpc.request.timeout = 3000ms (default)
2022-10-16 13:13:44,276 [Listener at 0.0.0.0/38403] INFO  grpc.GrpcConfigKeys (ConfUtils.java:logGet(46)) - raft.grpc.server.async.request.thread.pool.cached = true (default)
2022-10-16 13:13:44,276 [Listener at 0.0.0.0/38403] INFO  grpc.GrpcConfigKeys (ConfUtils.java:logGet(46)) - raft.grpc.server.async.request.thread.pool.size = 32 (default)
2022-10-16 13:13:44,564 [Listener at 0.0.0.0/38403] INFO  impl.DataStreamServerImpl (ConfUtils.java:logGet(46)) - raft.datastream.type = DISABLED (default)
2022-10-16 13:13:44,567 [Listener at 0.0.0.0/38403] INFO  server.RaftServerConfigKeys (ConfUtils.java:logGet(46)) - raft.server.threadpool.proxy.cached = true (default)
2022-10-16 13:13:44,568 [Listener at 0.0.0.0/38403] INFO  server.RaftServerConfigKeys (ConfUtils.java:logGet(46)) - raft.server.threadpool.proxy.size = 0 (default)
2022-10-16 13:13:44,568 [Listener at 0.0.0.0/38403] INFO  server.RaftServerConfigKeys (ConfUtils.java:logGet(46)) - raft.server.rpc.slowness.timeout = 120s (custom)
2022-10-16 13:13:44,568 [Listener at 0.0.0.0/38403] INFO  server.RaftServerConfigKeys (ConfUtils.java:logGet(46)) - raft.server.leaderelection.leader.step-down.wait-time = 10s (default)
2022-10-16 13:13:44,571 [Listener at 0.0.0.0/38403] INFO  server.RaftServerConfigKeys (ConfUtils.java:logGet(46)) - raft.server.storage.dir = [/home/runner/work/ozone/ozone/hadoop-ozone/integration-test/target/test-dir/MiniOzoneClusterImpl-57f5d021-d9de-4630-9dce-fc102de9b2f6/ozone-meta/ratis] (custom)
2022-10-16 13:13:44,578 [Listener at 0.0.0.0/38403] INFO  server.RaftServer (RaftServerProxy.java:addNew(96)) - om1: addNew group-C5BA1605619E:[om1|rpc:localhost:9872|priority:0] returns group-C5BA1605619E:java.util.concurrent.CompletableFuture@664b0410[Not completed]
2022-10-16 13:13:44,578 [Listener at 0.0.0.0/38403] INFO  om.OzoneManager (OzoneManager.java:initializeRatisServer(1975)) - OzoneManager Ratis server initialized at port 9872
2022-10-16 13:13:44,587 [Listener at 0.0.0.0/38403] INFO  om.OzoneManager (OzoneManager.java:getRpcServer(1101)) - Creating RPC Server
2022-10-16 13:13:44,620 [pool-55-thread-1] INFO  server.RaftServer$Division (RaftServerImpl.java:<init>(190)) - om1: new RaftServerImpl for group-C5BA1605619E:[om1|rpc:localhost:9872|priority:0] with OzoneManagerStateMachine:uninitialized
2022-10-16 13:13:44,629 [pool-55-thread-1] INFO  server.RaftServerConfigKeys (ConfUtils.java:logGet(46)) - raft.server.rpc.timeout.min = 1s (custom)
2022-10-16 13:13:44,630 [pool-55-thread-1] INFO  server.RaftServerConfigKeys (ConfUtils.java:logGet(46)) - raft.server.rpc.timeout.max = 1200ms (custom)
2022-10-16 13:13:44,630 [pool-55-thread-1] INFO  server.RaftServerConfigKeys (ConfUtils.java:logGet(46)) - raft.server.rpc.sleep.time = 25ms (default)
2022-10-16 13:13:44,630 [pool-55-thread-1] INFO  server.RaftServerConfigKeys (ConfUtils.java:logGet(46)) - raft.server.rpc.slowness.timeout = 120s (custom)
2022-10-16 13:13:44,630 [pool-55-thread-1] INFO  server.RaftServerConfigKeys (ConfUtils.java:logGet(46)) - raft.server.leaderelection.leader.step-down.wait-time = 10s (default)
2022-10-16 13:13:44,630 [pool-55-thread-1] INFO  server.RaftServerConfigKeys (ConfUtils.java:logGet(46)) - raft.server.sleep.deviation.threshold = 300ms (default)
2022-10-16 13:13:44,638 [pool-55-thread-1] INFO  server.RaftServer$Division (ServerState.java:<init>(107)) - om1@group-C5BA1605619E: ConfigurationManager, init=-1: [om1|rpc:localhost:9872|priority:0], old=null, confs=<EMPTY_MAP>
2022-10-16 13:13:44,638 [pool-55-thread-1] INFO  server.RaftServerConfigKeys (ConfUtils.java:logGet(46)) - raft.server.storage.dir = [/home/runner/work/ozone/ozone/hadoop-ozone/integration-test/target/test-dir/MiniOzoneClusterImpl-57f5d021-d9de-4630-9dce-fc102de9b2f6/ozone-meta/ratis] (custom)
2022-10-16 13:13:44,651 [pool-55-thread-1] INFO  server.RaftServerConfigKeys (ConfUtils.java:logGet(46)) - raft.server.log.corruption.policy = EXCEPTION (default)
2022-10-16 13:13:44,651 [pool-55-thread-1] INFO  server.RaftServerConfigKeys (ConfUtils.java:logGet(46)) - raft.server.storage.free-space.min = 0MB (=0) (default)
2022-10-16 13:13:44,653 [pool-55-thread-1] INFO  storage.RaftStorageDirectory (RaftStorageDirectoryImpl.java:analyzeStorage(135)) - The storage directory /home/runner/work/ozone/ozone/hadoop-ozone/integration-test/target/test-dir/MiniOzoneClusterImpl-57f5d021-d9de-4630-9dce-fc102de9b2f6/ozone-meta/ratis/bf265839-605b-3f16-9796-c5ba1605619e does not exist. Creating ...
2022-10-16 13:13:44,664 [pool-55-thread-1] INFO  storage.RaftStorageDirectory (RaftStorageDirectoryImpl.java:tryLock(230)) - Lock on /home/runner/work/ozone/ozone/hadoop-ozone/integration-test/target/test-dir/MiniOzoneClusterImpl-57f5d021-d9de-4630-9dce-fc102de9b2f6/ozone-meta/ratis/bf265839-605b-3f16-9796-c5ba1605619e/in_use.lock acquired by nodename 44550@fv-az308-250
2022-10-16 13:13:44,670 [pool-55-thread-1] INFO  storage.RaftStorage (RaftStorageImpl.java:format(89)) - Storage directory /home/runner/work/ozone/ozone/hadoop-ozone/integration-test/target/test-dir/MiniOzoneClusterImpl-57f5d021-d9de-4630-9dce-fc102de9b2f6/ozone-meta/ratis/bf265839-605b-3f16-9796-c5ba1605619e has been successfully formatted.
2022-10-16 13:13:44,673 [pool-55-thread-1] INFO  server.RaftServerConfigKeys (ConfUtils.java:logGet(46)) - raft.server.notification.no-leader.timeout = 120s (custom)
2022-10-16 13:13:44,675 [pool-55-thread-1] INFO  server.RaftServerConfigKeys (ConfUtils.java:logGet(46)) - raft.server.log.use.memory = false (default)
2022-10-16 13:13:44,683 [pool-55-thread-1] INFO  server.RaftServerConfigKeys (ConfUtils.java:logGet(46)) - raft.server.log.purge.gap = 1000000 (custom)
2022-10-16 13:13:44,683 [pool-55-thread-1] INFO  server.RaftServerConfigKeys (ConfUtils.java:logGet(46)) - raft.server.log.appender.buffer.byte-limit = 33554432 (custom)
2022-10-16 13:13:44,696 [pool-55-thread-1] INFO  server.RaftServerConfigKeys (ConfUtils.java:logGet(46)) - raft.server.log.statemachine.data.read.timeout = 1000ms (default)
2022-10-16 13:13:44,717 [pool-55-thread-1] INFO  server.RaftServerConfigKeys (ConfUtils.java:logGet(46)) - raft.server.log.segment.size.max = 4194304 (custom)
2022-10-16 13:13:44,763 [pool-55-thread-1] INFO  server.RaftServerConfigKeys (ConfUtils.java:logGet(46)) - raft.server.log.segment.cache.num.max = 2 (custom)
2022-10-16 13:13:44,764 [pool-55-thread-1] INFO  server.RaftServerConfigKeys (ConfUtils.java:logGet(46)) - raft.server.log.segment.cache.size.max = 200MB (=209715200) (default)
2022-10-16 13:13:44,786 [pool-55-thread-1] INFO  segmented.SegmentedRaftLogWorker (SegmentedRaftLogWorker.java:<init>(187)) - new om1@group-C5BA1605619E-SegmentedRaftLogWorker for RaftStorageImpl:Storage Directory /home/runner/work/ozone/ozone/hadoop-ozone/integration-test/target/test-dir/MiniOzoneClusterImpl-57f5d021-d9de-4630-9dce-fc102de9b2f6/ozone-meta/ratis/bf265839-605b-3f16-9796-c5ba1605619e
2022-10-16 13:13:44,787 [pool-55-thread-1] INFO  server.RaftServerConfigKeys (ConfUtils.java:logGet(46)) - raft.server.log.queue.byte-limit = 64MB (=67108864) (default)
2022-10-16 13:13:44,787 [pool-55-thread-1] INFO  server.RaftServerConfigKeys (ConfUtils.java:logGet(46)) - raft.server.log.queue.element-limit = 4096 (default)
2022-10-16 13:13:44,788 [pool-55-thread-1] INFO  server.RaftServerConfigKeys (ConfUtils.java:logGet(46)) - raft.server.log.segment.size.max = 4194304 (custom)
2022-10-16 13:13:44,788 [pool-55-thread-1] INFO  server.RaftServerConfigKeys (ConfUtils.java:logGet(46)) - raft.server.log.preallocated.size = 4194304 (custom)
2022-10-16 13:13:44,789 [pool-55-thread-1] INFO  server.RaftServerConfigKeys (ConfUtils.java:logGet(46)) - raft.server.log.force.sync.num = 128 (default)
2022-10-16 13:13:44,794 [pool-55-thread-1] INFO  server.RaftServerConfigKeys (ConfUtils.java:logGet(46)) - raft.server.log.statemachine.data.sync = true (default)
2022-10-16 13:13:44,794 [pool-55-thread-1] INFO  server.RaftServerConfigKeys (ConfUtils.java:logGet(46)) - raft.server.log.statemachine.data.sync.timeout = 10s (default)
2022-10-16 13:13:44,800 [pool-55-thread-1] INFO  server.RaftServerConfigKeys (ConfUtils.java:logGet(46)) - raft.server.log.statemachine.data.sync.timeout.retry = -1 (default)
2022-10-16 13:13:44,814 [pool-55-thread-1] INFO  server.RaftServerConfigKeys (ConfUtils.java:logGet(46)) - raft.server.log.write.buffer.size = 64KB (=65536) (default)
2022-10-16 13:13:44,815 [pool-55-thread-1] INFO  server.RaftServerConfigKeys (ConfUtils.java:logGet(46)) - raft.server.log.unsafe-flush.enabled = false (default)
2022-10-16 13:13:44,815 [pool-55-thread-1] INFO  server.RaftServerConfigKeys (ConfUtils.java:logGet(46)) - raft.server.log.statemachine.data.caching.enabled = false (default)
2022-10-16 13:13:44,827 [pool-55-thread-1] INFO  segmented.SegmentedRaftLogWorker (SegmentedRaftLogWorker.java:lambda$new$0(135)) - om1@group-C5BA1605619E-SegmentedRaftLogWorker: flushIndex: setUnconditionally 0 -> -1
2022-10-16 13:13:44,827 [pool-55-thread-1] INFO  segmented.SegmentedRaftLogWorker (SegmentedRaftLogWorker.java:lambda$new$0(135)) - om1@group-C5BA1605619E-SegmentedRaftLogWorker: safeCacheEvictIndex: setUnconditionally 0 -> -1
2022-10-16 13:13:44,851 [pool-55-thread-1] INFO  server.RaftServerConfigKeys (ConfUtils.java:logGet(46)) - raft.server.snapshot.auto.trigger.enabled = true (custom)
2022-10-16 13:13:44,856 [pool-55-thread-1] INFO  server.RaftServerConfigKeys (ConfUtils.java:logGet(46)) - raft.server.snapshot.auto.trigger.threshold = 400000 (default)
2022-10-16 13:13:44,856 [pool-55-thread-1] INFO  server.RaftServerConfigKeys (ConfUtils.java:logGet(46)) - raft.server.snapshot.retention.file.num = -1 (default)
2022-10-16 13:13:44,863 [pool-55-thread-1] INFO  server.RaftServerConfigKeys (ConfUtils.java:logGet(46)) - raft.server.log.purge.upto.snapshot.index = true (custom)
2022-10-16 13:13:44,864 [pool-55-thread-1] INFO  server.RaftServerConfigKeys (ConfUtils.java:logGet(46)) - raft.server.retrycache.expirytime = 300s (custom)
2022-10-16 13:13:44,865 [pool-55-thread-1] INFO  server.RaftServerConfigKeys (ConfUtils.java:logGet(46)) - raft.server.retrycache.statistics.expirytime = 100μs (default)
2022-10-16 13:13:44,909 [ReplicationMonitor] INFO  replication.ReplicationManager (ReplicationManager.java:processAll(291)) - Replication Manager is not ready to run until 3000ms after safemode exit
2022-10-16 13:13:44,978 [pool-55-thread-1] INFO  server.RaftServerConfigKeys (ConfUtils.java:logGet(46)) - raft.server.log.appender.install.snapshot.enabled = false (custom)
2022-10-16 13:13:44,978 [pool-55-thread-1] INFO  server.RaftServerConfigKeys (ConfUtils.java:logGet(46)) - raft.server.threadpool.server.cached = true (default)
2022-10-16 13:13:44,979 [pool-55-thread-1] INFO  server.RaftServerConfigKeys (ConfUtils.java:logGet(46)) - raft.server.threadpool.server.size = 0 (default)
2022-10-16 13:13:44,983 [pool-55-thread-1] INFO  server.RaftServerConfigKeys (ConfUtils.java:logGet(46)) - raft.server.threadpool.client.cached = true (default)
2022-10-16 13:13:44,983 [pool-55-thread-1] INFO  server.RaftServerConfigKeys (ConfUtils.java:logGet(46)) - raft.server.threadpool.client.size = 0 (default)
2022-10-16 13:13:45,305 [Listener at 0.0.0.0/38403] INFO  reflections.Reflections (Reflections.java:scan(232)) - Reflections took 636 ms to scan 19 urls, producing 67 keys and 4232 values [using 2 cores]
2022-10-16 13:13:45,593 [Listener at 0.0.0.0/38403] INFO  ipc.CallQueueManager (CallQueueManager.java:<init>(90)) - Using callQueue: class java.util.concurrent.LinkedBlockingQueue, queueCapacity: 2000, scheduler: class org.apache.hadoop.ipc.DefaultRpcScheduler, ipcBackoff: false.
2022-10-16 13:13:45,594 [Socket Reader #1 for port 0] INFO  ipc.Server (Server.java:run(1273)) - Starting Socket Reader #1 for port 0
2022-10-16 13:13:45,620 [Listener at 127.0.0.1/36155] INFO  impl.MetricsSystemImpl (MetricsSystemImpl.java:init(158)) - OzoneManager metrics system started (again)
2022-10-16 13:13:45,631 [Listener at 127.0.0.1/36155] INFO  om.OzoneManager (OzoneManager.java:start(1482)) - OzoneManager RPC server is listening at localhost/127.0.0.1:36155
2022-10-16 13:13:45,631 [Listener at 127.0.0.1/36155] INFO  ratis.OzoneManagerRatisServer (OzoneManagerRatisServer.java:start(555)) - Starting OzoneManagerRatisServer om1 at port 9872
2022-10-16 13:13:45,634 [om1-impl-thread1] INFO  server.RaftServer$Division (RaftServerImpl.java:start(310)) - om1@group-C5BA1605619E: start as a follower, conf=-1: [om1|rpc:localhost:9872|priority:0], old=null
2022-10-16 13:13:45,634 [om1-impl-thread1] INFO  server.RaftServer$Division (RaftServerImpl.java:setRole(299)) - om1@group-C5BA1605619E: changes role from      null to FOLLOWER at term 0 for startAsFollower
2022-10-16 13:13:45,635 [om1-impl-thread1] INFO  impl.RoleInfo (RoleInfo.java:updateAndGet(139)) - om1: start om1@group-C5BA1605619E-FollowerState
2022-10-16 13:13:45,636 [om1-impl-thread1] INFO  util.JmxRegister (JmxRegister.java:tryRegister(44)) - Successfully registered JMX Bean with object name Ratis:service=RaftServer,group=group-C5BA1605619E,id=om1
2022-10-16 13:13:45,640 [Listener at 127.0.0.1/36155] INFO  server.RaftServer (RaftServerProxy.java:lambda$start$6(382)) - om1: start RPC server
2022-10-16 13:13:45,697 [Listener at 127.0.0.1/36155] INFO  server.GrpcService (GrpcService.java:startImpl(260)) - om1: GrpcService started, listening on 9872
2022-10-16 13:13:45,700 [Listener at 127.0.0.1/36155] INFO  om.OzoneManager (OzoneManager.java:start(1498)) - Version File has different layout version (3) than OM DB (null). That is expected if this OM has never been finalized to a newer layout version.
2022-10-16 13:13:45,702 [org.apache.ratis.util.JvmPauseMonitor$$Lambda$639/339294883@705869d] INFO  util.JvmPauseMonitor (JvmPauseMonitor.java:run(103)) - JvmPauseMonitor-om1: Started
2022-10-16 13:13:45,718 [Listener at 127.0.0.1/36155] INFO  http.BaseHttpServer (BaseHttpServer.java:newHttpServer2BuilderForOzone(213)) - Starting Web-server for ozoneManager at: http://0.0.0.0:0
2022-10-16 13:13:45,719 [Listener at 127.0.0.1/36155] INFO  http.BaseHttpServer (BaseHttpServer.java:<init>(108)) - Hadoop Security Enabled: false Ozone Security Enabled: false Ozone HTTP Security Enabled: false 
2022-10-16 13:13:45,720 [Listener at 127.0.0.1/36155] WARN  server.AuthenticationFilter (AuthenticationFilter.java:constructSecretProvider(240)) - Unable to initialize FileSignerSecretProvider, falling back to use random secrets. Reason: Could not read signature secret file: /home/runner/hadoop-http-auth-signature-secret
2022-10-16 13:13:45,724 [Listener at 127.0.0.1/36155] WARN  http.HttpRequestLog (HttpRequestLog.java:getRequestLog(103)) - Jetty request log can only be enabled using Log4j
2022-10-16 13:13:45,726 [Listener at 127.0.0.1/36155] INFO  http.HttpServer2 (HttpServer2.java:addGlobalFilter(1031)) - Added global filter 'safety' (class=org.apache.hadoop.hdds.server.http.HttpServer2$QuotingInputFilter)
2022-10-16 13:13:45,727 [Listener at 127.0.0.1/36155] INFO  http.HttpServer2 (HttpServer2.java:addFilter(1007)) - Added filter static_user_filter (class=org.apache.hadoop.http.lib.StaticUserWebFilter$StaticUserFilter) to context ozoneManager
2022-10-16 13:13:45,727 [Listener at 127.0.0.1/36155] INFO  http.HttpServer2 (HttpServer2.java:addFilter(1015)) - Added filter static_user_filter (class=org.apache.hadoop.http.lib.StaticUserWebFilter$StaticUserFilter) to context static
2022-10-16 13:13:45,727 [Listener at 127.0.0.1/36155] INFO  http.HttpServer2 (HttpServer2.java:addFilter(1015)) - Added filter static_user_filter (class=org.apache.hadoop.http.lib.StaticUserWebFilter$StaticUserFilter) to context logs
2022-10-16 13:13:45,729 [Listener at 127.0.0.1/36155] INFO  http.HttpServer2 (HttpServer2.java:bindListener(1250)) - Jetty bound to port 40055
2022-10-16 13:13:45,729 [Listener at 127.0.0.1/36155] INFO  server.Server (Server.java:doStart(375)) - jetty-9.4.43.v20210629; built: 2021-06-30T11:07:22.254Z; git: 526006ecfa3af7f1a27ef3a288e2bef7ea9dd7e8; jvm 1.8.0_345-b01
2022-10-16 13:13:45,730 [Listener at 127.0.0.1/36155] INFO  server.session (DefaultSessionIdManager.java:doStart(334)) - DefaultSessionIdManager workerName=node0
2022-10-16 13:13:45,730 [Listener at 127.0.0.1/36155] INFO  server.session (DefaultSessionIdManager.java:doStart(339)) - No SessionScavenger set, using defaults
2022-10-16 13:13:45,731 [Listener at 127.0.0.1/36155] INFO  server.session (HouseKeeper.java:startScavenging(132)) - node0 Scavenging every 600000ms
2022-10-16 13:13:45,731 [Listener at 127.0.0.1/36155] INFO  handler.ContextHandler (ContextHandler.java:doStart(915)) - Started o.e.j.s.ServletContextHandler@69916e22{logs,/logs,file:///home/runner/work/ozone/ozone/hadoop-ozone/integration-test/target/log,AVAILABLE}
2022-10-16 13:13:45,732 [Listener at 127.0.0.1/36155] INFO  handler.ContextHandler (ContextHandler.java:doStart(915)) - Started o.e.j.s.ServletContextHandler@5a45f144{static,/static,file:///home/runner/work/ozone/ozone/hadoop-ozone/integration-test/target/test-classes/webapps/static,AVAILABLE}
2022-10-16 13:13:45,735 [Listener at 127.0.0.1/36155] INFO  handler.ContextHandler (ContextHandler.java:doStart(915)) - Started o.e.j.w.WebAppContext@388bd93a{ozoneManager,/,file:///home/runner/work/ozone/ozone/hadoop-ozone/integration-test/target/test-classes/webapps/ozoneManager/,AVAILABLE}{file:/home/runner/work/ozone/ozone/hadoop-ozone/integration-test/target/test-classes/webapps/ozoneManager}
2022-10-16 13:13:45,740 [Listener at 127.0.0.1/36155] INFO  server.AbstractConnector (AbstractConnector.java:doStart(331)) - Started ServerConnector@6b7eaa1{HTTP/1.1, (http/1.1)}{0.0.0.0:40055}
2022-10-16 13:13:45,740 [Listener at 127.0.0.1/36155] INFO  server.Server (Server.java:doStart(415)) - Started @6952ms
2022-10-16 13:13:45,740 [Listener at 127.0.0.1/36155] WARN  impl.MetricsSystemImpl (MetricsSystemImpl.java:register(279)) - Sink prometheus already exists!
2022-10-16 13:13:45,740 [Listener at 127.0.0.1/36155] INFO  http.BaseHttpServer (BaseHttpServer.java:updateConnectorAddress(333)) - HTTP server of ozoneManager listening at http://0.0.0.0:40055
2022-10-16 13:13:45,741 [IPC Server Responder] INFO  ipc.Server (Server.java:run(1512)) - IPC Server Responder: starting
2022-10-16 13:13:45,741 [IPC Server listener on 0] INFO  ipc.Server (Server.java:run(1352)) - IPC Server listener on 0: starting
2022-10-16 13:13:45,747 [Listener at 127.0.0.1/36155] INFO  om.OzoneManager (OzoneManager.java:startTrashEmptier(1919)) - Trash Interval set to 0. Files deleted won't move to trash
2022-10-16 13:13:45,748 [org.apache.hadoop.util.JvmPauseMonitor$Monitor@19ca8715] INFO  util.JvmPauseMonitor (JvmPauseMonitor.java:run(188)) - Starting JVM pause monitor
2022-10-16 13:13:45,885 [Listener at 127.0.0.1/36155] WARN  impl.MetricRegistriesImpl (MetricRegistriesImpl.java:addReporterRegistration(111)) - New reporters are added after registries were created. Some metrics will be missing from the reporter. Please add reporter before adding any new registry.
2022-10-16 13:13:45,885 [Listener at 127.0.0.1/36155] WARN  impl.MetricRegistriesImpl (MetricRegistriesImpl.java:addReporterRegistration(111)) - New reporters are added after registries were created. Some metrics will be missing from the reporter. Please add reporter before adding any new registry.
2022-10-16 13:13:45,885 [Listener at 127.0.0.1/36155] INFO  impl.MetricsSystemImpl (MetricsSystemImpl.java:init(158)) - HddsDatanode metrics system started (again)
2022-10-16 13:13:45,903 [Listener at 127.0.0.1/36155] INFO  ozone.HddsDatanodeService (HddsDatanodeService.java:start(236)) - HddsDatanodeService host:fv-az308-250.etcbaq1qs54eplwmrjlabigyle.cx.internal.cloudapp.net ip:10.1.0.60
2022-10-16 13:13:45,909 [ReplicationMonitor] INFO  replication.ReplicationManager (ReplicationManager.java:processAll(291)) - Replication Manager is not ready to run until 3000ms after safemode exit
2022-10-16 13:13:45,938 [Listener at 127.0.0.1/36155] INFO  upgrade.AbstractLayoutVersionManager (AbstractLayoutVersionManager.java:init(83)) - Initializing Layout version manager with metadata layout = DATANODE_SCHEMA_V3 (version = 4), software layout = DATANODE_SCHEMA_V3 (version = 4)
2022-10-16 13:13:45,984 [Listener at 127.0.0.1/36155] INFO  reflections.Reflections (Reflections.java:scan(232)) - Reflections took 45 ms to scan 7 urls, producing 137 keys and 328 values 
2022-10-16 13:13:45,990 [Listener at 127.0.0.1/36155] INFO  statemachine.DatanodeStateMachine (DatanodeStateMachine.java:getEndPointTaskThreadPoolSize(237)) - Datanode State Machine Task Thread Pool size 2
2022-10-16 13:13:46,053 [Listener at 127.0.0.1/36155] INFO  volume.HddsVolume (HddsVolume.java:<init>(117)) - Creating HddsVolume: /home/runner/work/ozone/ozone/hadoop-ozone/integration-test/target/test-dir/MiniOzoneClusterImpl-57f5d021-d9de-4630-9dce-fc102de9b2f6/datanode-0/data-0/containers/hdds of storage type : DISK capacity : 9223372036854775807
2022-10-16 13:13:46,056 [Listener at 127.0.0.1/36155] INFO  volume.MutableVolumeSet (MutableVolumeSet.java:initializeVolumeSet(174)) - Added Volume : /home/runner/work/ozone/ozone/hadoop-ozone/integration-test/target/test-dir/MiniOzoneClusterImpl-57f5d021-d9de-4630-9dce-fc102de9b2f6/datanode-0/data-0/containers/hdds to VolumeSet
2022-10-16 13:13:46,056 [Listener at 127.0.0.1/36155] INFO  volume.ThrottledAsyncChecker (ThrottledAsyncChecker.java:schedule(141)) - Scheduling a check for /home/runner/work/ozone/ozone/hadoop-ozone/integration-test/target/test-dir/MiniOzoneClusterImpl-57f5d021-d9de-4630-9dce-fc102de9b2f6/datanode-0/data-0/containers/hdds
2022-10-16 13:13:46,073 [Listener at 127.0.0.1/36155] INFO  volume.StorageVolumeChecker (StorageVolumeChecker.java:checkAllVolumes(202)) - Scheduled health check for volume /home/runner/work/ozone/ozone/hadoop-ozone/integration-test/target/test-dir/MiniOzoneClusterImpl-57f5d021-d9de-4630-9dce-fc102de9b2f6/datanode-0/data-0/containers/hdds
2022-10-16 13:13:46,090 [Listener at 127.0.0.1/36155] INFO  volume.MutableVolumeSet (MutableVolumeSet.java:initializeVolumeSet(174)) - Added Volume : /home/runner/work/ozone/ozone/hadoop-ozone/integration-test/target/test-dir/MiniOzoneClusterImpl-57f5d021-d9de-4630-9dce-fc102de9b2f6/datanode-0/data/ratis to VolumeSet
2022-10-16 13:13:46,091 [Listener at 127.0.0.1/36155] INFO  volume.ThrottledAsyncChecker (ThrottledAsyncChecker.java:schedule(141)) - Scheduling a check for /home/runner/work/ozone/ozone/hadoop-ozone/integration-test/target/test-dir/MiniOzoneClusterImpl-57f5d021-d9de-4630-9dce-fc102de9b2f6/datanode-0/data/ratis
2022-10-16 13:13:46,091 [Listener at 127.0.0.1/36155] INFO  volume.StorageVolumeChecker (StorageVolumeChecker.java:checkAllVolumes(202)) - Scheduled health check for volume /home/runner/work/ozone/ozone/hadoop-ozone/integration-test/target/test-dir/MiniOzoneClusterImpl-57f5d021-d9de-4630-9dce-fc102de9b2f6/datanode-0/data/ratis
2022-10-16 13:13:46,113 [Thread-136] INFO  ozoneimpl.ContainerReader (ContainerReader.java:readVolume(175)) - Finish verifying containers on volume /home/runner/work/ozone/ozone/hadoop-ozone/integration-test/target/test-dir/MiniOzoneClusterImpl-57f5d021-d9de-4630-9dce-fc102de9b2f6/datanode-0/data-0/containers/hdds
2022-10-16 13:13:46,113 [Listener at 127.0.0.1/36155] INFO  ozoneimpl.OzoneContainer (OzoneContainer.java:buildContainerSet(300)) - Build ContainerSet costs 0s
2022-10-16 13:13:46,160 [Listener at 127.0.0.1/36155] INFO  audit.AuditLogger (AuditLogger.java:refreshDebugCmdSet(126)) - Refresh DebugCmdSet for DNAudit to [].
2022-10-16 13:13:46,186 [Listener at 127.0.0.1/36155] INFO  server.RaftServer (ConfUtils.java:logGet(46)) - raft.rpc.type = GRPC (default)
2022-10-16 13:13:46,187 [Listener at 127.0.0.1/36155] INFO  grpc.GrpcFactory (GrpcFactory.java:checkPooledByteBufAllocatorUseCacheForAllThreads(48)) - PERFORMANCE WARNING: useCacheForAllThreads is true that may cause Netty to create a lot garbage objects and, as a result, trigger GC.
	It is recommended to disable useCacheForAllThreads by setting -Dorg.apache.ratis.thirdparty.io.netty.allocator.useCacheForAllThreads=false in command line.
2022-10-16 13:13:46,187 [Listener at 127.0.0.1/36155] INFO  grpc.GrpcConfigKeys (ConfUtils.java:logGet(46)) - raft.grpc.admin.port = 0 (custom)
2022-10-16 13:13:46,188 [Listener at 127.0.0.1/36155] INFO  grpc.GrpcConfigKeys (ConfUtils.java:logGet(46)) - raft.grpc.client.port = 0 (custom)
2022-10-16 13:13:46,188 [Listener at 127.0.0.1/36155] INFO  grpc.GrpcConfigKeys (ConfUtils.java:logGet(46)) - raft.grpc.server.port = 0 (default)
2022-10-16 13:13:46,188 [Listener at 127.0.0.1/36155] INFO  server.GrpcService (ConfUtils.java:logGet(46)) - raft.grpc.message.size.max = 32MB (=33554432) (custom)
2022-10-16 13:13:46,188 [Listener at 127.0.0.1/36155] INFO  server.RaftServerConfigKeys (ConfUtils.java:logGet(46)) - raft.server.log.appender.buffer.byte-limit = 33554432 (custom)
2022-10-16 13:13:46,189 [Listener at 127.0.0.1/36155] INFO  server.GrpcService (ConfUtils.java:logGet(46)) - raft.grpc.flow.control.window = 5MB (=5242880) (custom)
2022-10-16 13:13:46,190 [Listener at 127.0.0.1/36155] INFO  server.RaftServerConfigKeys (ConfUtils.java:logGet(46)) - raft.server.rpc.request.timeout = 60s (custom)
2022-10-16 13:13:46,190 [Listener at 127.0.0.1/36155] INFO  grpc.GrpcConfigKeys (ConfUtils.java:logGet(46)) - raft.grpc.server.async.request.thread.pool.cached = true (default)
2022-10-16 13:13:46,190 [Listener at 127.0.0.1/36155] INFO  grpc.GrpcConfigKeys (ConfUtils.java:logGet(46)) - raft.grpc.server.async.request.thread.pool.size = 32 (default)
2022-10-16 13:13:46,192 [Listener at 127.0.0.1/36155] INFO  impl.DataStreamServerImpl (ConfUtils.java:logGet(46)) - raft.datastream.type = DISABLED (default)
2022-10-16 13:13:46,193 [Listener at 127.0.0.1/36155] INFO  server.RaftServerConfigKeys (ConfUtils.java:logGet(46)) - raft.server.threadpool.proxy.cached = true (default)
2022-10-16 13:13:46,193 [Listener at 127.0.0.1/36155] INFO  server.RaftServerConfigKeys (ConfUtils.java:logGet(46)) - raft.server.threadpool.proxy.size = 0 (default)
2022-10-16 13:13:46,194 [Listener at 127.0.0.1/36155] INFO  server.RaftServerConfigKeys (ConfUtils.java:logGet(46)) - raft.server.rpc.slowness.timeout = 300s (custom)
2022-10-16 13:13:46,195 [Listener at 127.0.0.1/36155] INFO  server.RaftServerConfigKeys (ConfUtils.java:logGet(46)) - raft.server.leaderelection.leader.step-down.wait-time = 10s (default)
2022-10-16 13:13:46,195 [Listener at 127.0.0.1/36155] INFO  server.RaftServerConfigKeys (ConfUtils.java:logGet(46)) - raft.server.storage.dir = [/home/runner/work/ozone/ozone/hadoop-ozone/integration-test/target/test-dir/MiniOzoneClusterImpl-57f5d021-d9de-4630-9dce-fc102de9b2f6/datanode-0/data/ratis] (custom)
2022-10-16 13:13:46,213 [Listener at 127.0.0.1/36155] INFO  server.XceiverServerGrpc (XceiverServerGrpc.java:<init>(132)) - GrpcServer channel type EpollServerSocketChannel
2022-10-16 13:13:46,275 [Listener at 127.0.0.1/36155] INFO  http.BaseHttpServer (BaseHttpServer.java:newHttpServer2BuilderForOzone(213)) - Starting Web-server for hddsDatanode at: http://0.0.0.0:0
2022-10-16 13:13:46,275 [Listener at 127.0.0.1/36155] INFO  http.BaseHttpServer (BaseHttpServer.java:<init>(108)) - Hadoop Security Enabled: false Ozone Security Enabled: false Ozone HTTP Security Enabled: false 
2022-10-16 13:13:46,277 [Listener at 127.0.0.1/36155] WARN  server.AuthenticationFilter (AuthenticationFilter.java:constructSecretProvider(240)) - Unable to initialize FileSignerSecretProvider, falling back to use random secrets. Reason: Could not read signature secret file: /home/runner/hadoop-http-auth-signature-secret
2022-10-16 13:13:46,277 [Listener at 127.0.0.1/36155] WARN  http.HttpRequestLog (HttpRequestLog.java:getRequestLog(103)) - Jetty request log can only be enabled using Log4j
2022-10-16 13:13:46,279 [Listener at 127.0.0.1/36155] INFO  http.HttpServer2 (HttpServer2.java:addGlobalFilter(1031)) - Added global filter 'safety' (class=org.apache.hadoop.hdds.server.http.HttpServer2$QuotingInputFilter)
2022-10-16 13:13:46,280 [Listener at 127.0.0.1/36155] INFO  http.HttpServer2 (HttpServer2.java:addFilter(1007)) - Added filter static_user_filter (class=org.apache.hadoop.http.lib.StaticUserWebFilter$StaticUserFilter) to context hddsDatanode
2022-10-16 13:13:46,280 [Listener at 127.0.0.1/36155] INFO  http.HttpServer2 (HttpServer2.java:addFilter(1015)) - Added filter static_user_filter (class=org.apache.hadoop.http.lib.StaticUserWebFilter$StaticUserFilter) to context static
2022-10-16 13:13:46,280 [Listener at 127.0.0.1/36155] INFO  http.HttpServer2 (HttpServer2.java:addFilter(1015)) - Added filter static_user_filter (class=org.apache.hadoop.http.lib.StaticUserWebFilter$StaticUserFilter) to context logs
2022-10-16 13:13:46,280 [Listener at 127.0.0.1/36155] INFO  http.HttpServer2 (HttpServer2.java:bindListener(1250)) - Jetty bound to port 40463
2022-10-16 13:13:46,281 [Listener at 127.0.0.1/36155] INFO  server.Server (Server.java:doStart(375)) - jetty-9.4.43.v20210629; built: 2021-06-30T11:07:22.254Z; git: 526006ecfa3af7f1a27ef3a288e2bef7ea9dd7e8; jvm 1.8.0_345-b01
2022-10-16 13:13:46,286 [Listener at 127.0.0.1/36155] INFO  server.session (DefaultSessionIdManager.java:doStart(334)) - DefaultSessionIdManager workerName=node0
2022-10-16 13:13:46,287 [Listener at 127.0.0.1/36155] INFO  server.session (DefaultSessionIdManager.java:doStart(339)) - No SessionScavenger set, using defaults
2022-10-16 13:13:46,287 [Listener at 127.0.0.1/36155] INFO  server.session (HouseKeeper.java:startScavenging(132)) - node0 Scavenging every 600000ms
2022-10-16 13:13:46,287 [Listener at 127.0.0.1/36155] INFO  handler.ContextHandler (ContextHandler.java:doStart(915)) - Started o.e.j.s.ServletContextHandler@53965ac9{logs,/logs,file:///home/runner/work/ozone/ozone/hadoop-ozone/integration-test/target/log,AVAILABLE}
2022-10-16 13:13:46,288 [Listener at 127.0.0.1/36155] INFO  handler.ContextHandler (ContextHandler.java:doStart(915)) - Started o.e.j.s.ServletContextHandler@7d9b745c{static,/static,jar:file:/home/runner/.m2/repository/org/apache/ozone/hdds-container-service/1.3.0-SNAPSHOT/hdds-container-service-1.3.0-SNAPSHOT.jar!/webapps/static,AVAILABLE}
2022-10-16 13:13:46,463 [Listener at 127.0.0.1/36155] INFO  handler.ContextHandler (ContextHandler.java:doStart(915)) - Started o.e.j.w.WebAppContext@43e34f27{hddsDatanode,/,file:///tmp/jetty-0_0_0_0-40463-hdds-container-service-1_3_0-SNAPSHOT_jar-_-any-8408379664718941164/webapp/,AVAILABLE}{jar:file:/home/runner/.m2/repository/org/apache/ozone/hdds-container-service/1.3.0-SNAPSHOT/hdds-container-service-1.3.0-SNAPSHOT.jar!/webapps/hddsDatanode}
2022-10-16 13:13:46,464 [Listener at 127.0.0.1/36155] INFO  server.AbstractConnector (AbstractConnector.java:doStart(331)) - Started ServerConnector@666fc529{HTTP/1.1, (http/1.1)}{0.0.0.0:40463}
2022-10-16 13:13:46,464 [Listener at 127.0.0.1/36155] INFO  server.Server (Server.java:doStart(415)) - Started @7676ms
2022-10-16 13:13:46,464 [Listener at 127.0.0.1/36155] WARN  impl.MetricsSystemImpl (MetricsSystemImpl.java:register(279)) - Sink prometheus already exists!
2022-10-16 13:13:46,465 [Listener at 127.0.0.1/36155] INFO  http.BaseHttpServer (BaseHttpServer.java:updateConnectorAddress(333)) - HTTP server of hddsDatanode listening at http://0.0.0.0:40463
2022-10-16 13:13:46,466 [Listener at 127.0.0.1/36155] WARN  impl.MetricRegistriesImpl (MetricRegistriesImpl.java:addReporterRegistration(111)) - New reporters are added after registries were created. Some metrics will be missing from the reporter. Please add reporter before adding any new registry.
2022-10-16 13:13:46,467 [Listener at 127.0.0.1/36155] WARN  impl.MetricRegistriesImpl (MetricRegistriesImpl.java:addReporterRegistration(111)) - New reporters are added after registries were created. Some metrics will be missing from the reporter. Please add reporter before adding any new registry.
2022-10-16 13:13:46,467 [Listener at 127.0.0.1/36155] INFO  impl.MetricsSystemImpl (MetricsSystemImpl.java:init(158)) - HddsDatanode metrics system started (again)
2022-10-16 13:13:46,467 [Datanode State Machine Daemon Thread] INFO  statemachine.DatanodeStateMachine (DatanodeStateMachine.java:lambda$startDaemon$0(492)) - Ozone container server started.
2022-10-16 13:13:46,479 [Listener at 127.0.0.1/36155] INFO  ozone.HddsDatanodeService (HddsDatanodeService.java:start(236)) - HddsDatanodeService host:fv-az308-250.etcbaq1qs54eplwmrjlabigyle.cx.internal.cloudapp.net ip:10.1.0.60
2022-10-16 13:13:46,493 [org.apache.hadoop.util.JvmPauseMonitor$Monitor@85ec7ce] INFO  util.JvmPauseMonitor (JvmPauseMonitor.java:run(188)) - Starting JVM pause monitor
2022-10-16 13:13:46,507 [Listener at 127.0.0.1/36155] INFO  upgrade.AbstractLayoutVersionManager (AbstractLayoutVersionManager.java:init(83)) - Initializing Layout version manager with metadata layout = DATANODE_SCHEMA_V3 (version = 4), software layout = DATANODE_SCHEMA_V3 (version = 4)
2022-10-16 13:13:46,617 [Listener at 127.0.0.1/36155] INFO  reflections.Reflections (Reflections.java:scan(232)) - Reflections took 109 ms to scan 7 urls, producing 137 keys and 328 values 
2022-10-16 13:13:46,625 [Listener at 127.0.0.1/36155] INFO  statemachine.DatanodeStateMachine (DatanodeStateMachine.java:getEndPointTaskThreadPoolSize(237)) - Datanode State Machine Task Thread Pool size 2
2022-10-16 13:13:46,628 [Listener at 127.0.0.1/36155] INFO  volume.HddsVolume (HddsVolume.java:<init>(117)) - Creating HddsVolume: /home/runner/work/ozone/ozone/hadoop-ozone/integration-test/target/test-dir/MiniOzoneClusterImpl-57f5d021-d9de-4630-9dce-fc102de9b2f6/datanode-1/data-0/containers/hdds of storage type : DISK capacity : 9223372036854775807
2022-10-16 13:13:46,628 [Listener at 127.0.0.1/36155] INFO  volume.MutableVolumeSet (MutableVolumeSet.java:initializeVolumeSet(174)) - Added Volume : /home/runner/work/ozone/ozone/hadoop-ozone/integration-test/target/test-dir/MiniOzoneClusterImpl-57f5d021-d9de-4630-9dce-fc102de9b2f6/datanode-1/data-0/containers/hdds to VolumeSet
2022-10-16 13:13:46,628 [Listener at 127.0.0.1/36155] INFO  volume.ThrottledAsyncChecker (ThrottledAsyncChecker.java:schedule(141)) - Scheduling a check for /home/runner/work/ozone/ozone/hadoop-ozone/integration-test/target/test-dir/MiniOzoneClusterImpl-57f5d021-d9de-4630-9dce-fc102de9b2f6/datanode-1/data-0/containers/hdds
2022-10-16 13:13:46,629 [Listener at 127.0.0.1/36155] INFO  volume.StorageVolumeChecker (StorageVolumeChecker.java:checkAllVolumes(202)) - Scheduled health check for volume /home/runner/work/ozone/ozone/hadoop-ozone/integration-test/target/test-dir/MiniOzoneClusterImpl-57f5d021-d9de-4630-9dce-fc102de9b2f6/datanode-1/data-0/containers/hdds
2022-10-16 13:13:46,639 [Listener at 127.0.0.1/36155] INFO  volume.MutableVolumeSet (MutableVolumeSet.java:initializeVolumeSet(174)) - Added Volume : /home/runner/work/ozone/ozone/hadoop-ozone/integration-test/target/test-dir/MiniOzoneClusterImpl-57f5d021-d9de-4630-9dce-fc102de9b2f6/datanode-1/data/ratis to VolumeSet
2022-10-16 13:13:46,640 [Listener at 127.0.0.1/36155] INFO  volume.ThrottledAsyncChecker (ThrottledAsyncChecker.java:schedule(141)) - Scheduling a check for /home/runner/work/ozone/ozone/hadoop-ozone/integration-test/target/test-dir/MiniOzoneClusterImpl-57f5d021-d9de-4630-9dce-fc102de9b2f6/datanode-1/data/ratis
2022-10-16 13:13:46,640 [Listener at 127.0.0.1/36155] INFO  volume.StorageVolumeChecker (StorageVolumeChecker.java:checkAllVolumes(202)) - Scheduled health check for volume /home/runner/work/ozone/ozone/hadoop-ozone/integration-test/target/test-dir/MiniOzoneClusterImpl-57f5d021-d9de-4630-9dce-fc102de9b2f6/datanode-1/data/ratis
2022-10-16 13:13:46,650 [Thread-149] INFO  ozoneimpl.ContainerReader (ContainerReader.java:readVolume(175)) - Finish verifying containers on volume /home/runner/work/ozone/ozone/hadoop-ozone/integration-test/target/test-dir/MiniOzoneClusterImpl-57f5d021-d9de-4630-9dce-fc102de9b2f6/datanode-1/data-0/containers/hdds
2022-10-16 13:13:46,651 [Listener at 127.0.0.1/36155] INFO  ozoneimpl.OzoneContainer (OzoneContainer.java:buildContainerSet(300)) - Build ContainerSet costs 0s
2022-10-16 13:13:46,654 [Listener at 127.0.0.1/36155] INFO  server.RaftServer (ConfUtils.java:logGet(46)) - raft.rpc.type = GRPC (default)
2022-10-16 13:13:46,654 [Listener at 127.0.0.1/36155] INFO  grpc.GrpcFactory (GrpcFactory.java:checkPooledByteBufAllocatorUseCacheForAllThreads(48)) - PERFORMANCE WARNING: useCacheForAllThreads is true that may cause Netty to create a lot garbage objects and, as a result, trigger GC.
	It is recommended to disable useCacheForAllThreads by setting -Dorg.apache.ratis.thirdparty.io.netty.allocator.useCacheForAllThreads=false in command line.
2022-10-16 13:13:46,655 [Listener at 127.0.0.1/36155] INFO  grpc.GrpcConfigKeys (ConfUtils.java:logGet(46)) - raft.grpc.admin.port = 0 (custom)
2022-10-16 13:13:46,655 [Listener at 127.0.0.1/36155] INFO  grpc.GrpcConfigKeys (ConfUtils.java:logGet(46)) - raft.grpc.client.port = 0 (custom)
2022-10-16 13:13:46,655 [Listener at 127.0.0.1/36155] INFO  grpc.GrpcConfigKeys (ConfUtils.java:logGet(46)) - raft.grpc.server.port = 0 (default)
2022-10-16 13:13:46,655 [Listener at 127.0.0.1/36155] INFO  server.GrpcService (ConfUtils.java:logGet(46)) - raft.grpc.message.size.max = 32MB (=33554432) (custom)
2022-10-16 13:13:46,655 [Listener at 127.0.0.1/36155] INFO  server.RaftServerConfigKeys (ConfUtils.java:logGet(46)) - raft.server.log.appender.buffer.byte-limit = 33554432 (custom)
2022-10-16 13:13:46,655 [Listener at 127.0.0.1/36155] INFO  server.GrpcService (ConfUtils.java:logGet(46)) - raft.grpc.flow.control.window = 5MB (=5242880) (custom)
2022-10-16 13:13:46,655 [Listener at 127.0.0.1/36155] INFO  server.RaftServerConfigKeys (ConfUtils.java:logGet(46)) - raft.server.rpc.request.timeout = 60s (custom)
2022-10-16 13:13:46,655 [Listener at 127.0.0.1/36155] INFO  grpc.GrpcConfigKeys (ConfUtils.java:logGet(46)) - raft.grpc.server.async.request.thread.pool.cached = true (default)
2022-10-16 13:13:46,655 [Listener at 127.0.0.1/36155] INFO  grpc.GrpcConfigKeys (ConfUtils.java:logGet(46)) - raft.grpc.server.async.request.thread.pool.size = 32 (default)
2022-10-16 13:13:46,656 [Listener at 127.0.0.1/36155] INFO  impl.DataStreamServerImpl (ConfUtils.java:logGet(46)) - raft.datastream.type = DISABLED (default)
2022-10-16 13:13:46,657 [Listener at 127.0.0.1/36155] INFO  server.RaftServerConfigKeys (ConfUtils.java:logGet(46)) - raft.server.threadpool.proxy.cached = true (default)
2022-10-16 13:13:46,657 [Listener at 127.0.0.1/36155] INFO  server.RaftServerConfigKeys (ConfUtils.java:logGet(46)) - raft.server.threadpool.proxy.size = 0 (default)
2022-10-16 13:13:46,657 [Listener at 127.0.0.1/36155] INFO  server.RaftServerConfigKeys (ConfUtils.java:logGet(46)) - raft.server.rpc.slowness.timeout = 300s (custom)
2022-10-16 13:13:46,657 [Listener at 127.0.0.1/36155] INFO  server.RaftServerConfigKeys (ConfUtils.java:logGet(46)) - raft.server.leaderelection.leader.step-down.wait-time = 10s (default)
2022-10-16 13:13:46,657 [Listener at 127.0.0.1/36155] INFO  server.RaftServerConfigKeys (ConfUtils.java:logGet(46)) - raft.server.storage.dir = [/home/runner/work/ozone/ozone/hadoop-ozone/integration-test/target/test-dir/MiniOzoneClusterImpl-57f5d021-d9de-4630-9dce-fc102de9b2f6/datanode-1/data/ratis] (custom)
2022-10-16 13:13:46,669 [Listener at 127.0.0.1/36155] INFO  server.XceiverServerGrpc (XceiverServerGrpc.java:<init>(132)) - GrpcServer channel type EpollServerSocketChannel
2022-10-16 13:13:46,672 [Datanode State Machine Task Thread - 0] INFO  datanode.InitDatanodeState (InitDatanodeState.java:persistContainerDatanodeDetails(138)) - DatanodeDetails is persisted to /home/runner/work/ozone/ozone/hadoop-ozone/integration-test/target/test-dir/MiniOzoneClusterImpl-57f5d021-d9de-4630-9dce-fc102de9b2f6/datanode-0/meta/datanode.id
2022-10-16 13:13:46,674 [Listener at 127.0.0.1/36155] INFO  http.BaseHttpServer (BaseHttpServer.java:newHttpServer2BuilderForOzone(213)) - Starting Web-server for hddsDatanode at: http://0.0.0.0:0
2022-10-16 13:13:46,674 [Listener at 127.0.0.1/36155] INFO  http.BaseHttpServer (BaseHttpServer.java:<init>(108)) - Hadoop Security Enabled: false Ozone Security Enabled: false Ozone HTTP Security Enabled: false 
2022-10-16 13:13:46,675 [Listener at 127.0.0.1/36155] WARN  server.AuthenticationFilter (AuthenticationFilter.java:constructSecretProvider(240)) - Unable to initialize FileSignerSecretProvider, falling back to use random secrets. Reason: Could not read signature secret file: /home/runner/hadoop-http-auth-signature-secret
2022-10-16 13:13:46,676 [Listener at 127.0.0.1/36155] WARN  http.HttpRequestLog (HttpRequestLog.java:getRequestLog(103)) - Jetty request log can only be enabled using Log4j
2022-10-16 13:13:46,679 [Listener at 127.0.0.1/36155] INFO  http.HttpServer2 (HttpServer2.java:addGlobalFilter(1031)) - Added global filter 'safety' (class=org.apache.hadoop.hdds.server.http.HttpServer2$QuotingInputFilter)
2022-10-16 13:13:46,680 [Listener at 127.0.0.1/36155] INFO  http.HttpServer2 (HttpServer2.java:addFilter(1007)) - Added filter static_user_filter (class=org.apache.hadoop.http.lib.StaticUserWebFilter$StaticUserFilter) to context hddsDatanode
2022-10-16 13:13:46,680 [Listener at 127.0.0.1/36155] INFO  http.HttpServer2 (HttpServer2.java:addFilter(1015)) - Added filter static_user_filter (class=org.apache.hadoop.http.lib.StaticUserWebFilter$StaticUserFilter) to context logs
2022-10-16 13:13:46,680 [Listener at 127.0.0.1/36155] INFO  http.HttpServer2 (HttpServer2.java:addFilter(1015)) - Added filter static_user_filter (class=org.apache.hadoop.http.lib.StaticUserWebFilter$StaticUserFilter) to context static
2022-10-16 13:13:46,680 [Listener at 127.0.0.1/36155] INFO  http.HttpServer2 (HttpServer2.java:bindListener(1250)) - Jetty bound to port 45173
2022-10-16 13:13:46,680 [Listener at 127.0.0.1/36155] INFO  server.Server (Server.java:doStart(375)) - jetty-9.4.43.v20210629; built: 2021-06-30T11:07:22.254Z; git: 526006ecfa3af7f1a27ef3a288e2bef7ea9dd7e8; jvm 1.8.0_345-b01
2022-10-16 13:13:46,682 [Listener at 127.0.0.1/36155] INFO  server.session (DefaultSessionIdManager.java:doStart(334)) - DefaultSessionIdManager workerName=node0
2022-10-16 13:13:46,682 [Listener at 127.0.0.1/36155] INFO  server.session (DefaultSessionIdManager.java:doStart(339)) - No SessionScavenger set, using defaults
2022-10-16 13:13:46,682 [Listener at 127.0.0.1/36155] INFO  server.session (HouseKeeper.java:startScavenging(132)) - node0 Scavenging every 660000ms
2022-10-16 13:13:46,683 [Listener at 127.0.0.1/36155] INFO  handler.ContextHandler (ContextHandler.java:doStart(915)) - Started o.e.j.s.ServletContextHandler@e3c538c{logs,/logs,file:///home/runner/work/ozone/ozone/hadoop-ozone/integration-test/target/log,AVAILABLE}
2022-10-16 13:13:46,683 [Listener at 127.0.0.1/36155] INFO  handler.ContextHandler (ContextHandler.java:doStart(915)) - Started o.e.j.s.ServletContextHandler@fbd7fb0{static,/static,jar:file:/home/runner/.m2/repository/org/apache/ozone/hdds-container-service/1.3.0-SNAPSHOT/hdds-container-service-1.3.0-SNAPSHOT.jar!/webapps/static,AVAILABLE}
2022-10-16 13:13:46,759 [om1@group-C5BA1605619E-FollowerState] INFO  impl.FollowerState (FollowerState.java:run(143)) - om1@group-C5BA1605619E-FollowerState: change to CANDIDATE, lastRpcElapsedTime:1123674887ns, electionTimeout:1118ms
2022-10-16 13:13:46,760 [om1@group-C5BA1605619E-FollowerState] INFO  impl.RoleInfo (RoleInfo.java:shutdownFollowerState(110)) - om1: shutdown om1@group-C5BA1605619E-FollowerState
2022-10-16 13:13:46,761 [om1@group-C5BA1605619E-FollowerState] INFO  server.RaftServer$Division (RaftServerImpl.java:setRole(299)) - om1@group-C5BA1605619E: changes role from  FOLLOWER to CANDIDATE at term 0 for changeToCandidate
2022-10-16 13:13:46,763 [om1@group-C5BA1605619E-FollowerState] INFO  server.RaftServerConfigKeys (ConfUtils.java:logGet(46)) - raft.server.leaderelection.pre-vote = false (custom)
2022-10-16 13:13:46,763 [om1@group-C5BA1605619E-FollowerState] INFO  impl.RoleInfo (RoleInfo.java:updateAndGet(139)) - om1: start om1@group-C5BA1605619E-LeaderElection1
2022-10-16 13:13:46,773 [om1@group-C5BA1605619E-LeaderElection1] INFO  impl.LeaderElection (LeaderElection.java:askForVotes(310)) - om1@group-C5BA1605619E-LeaderElection1 ELECTION round 0: submit vote requests at term 1 for -1: [om1|rpc:localhost:9872|priority:0], old=null
2022-10-16 13:13:46,774 [om1@group-C5BA1605619E-LeaderElection1] INFO  impl.LeaderElection (LeaderElection.java:askForVotes(312)) - om1@group-C5BA1605619E-LeaderElection1 ELECTION round 0: result PASSED (term=1)
2022-10-16 13:13:46,775 [om1@group-C5BA1605619E-LeaderElection1] INFO  impl.RoleInfo (RoleInfo.java:shutdownLeaderElection(130)) - om1: shutdown om1@group-C5BA1605619E-LeaderElection1
2022-10-16 13:13:46,775 [om1@group-C5BA1605619E-LeaderElection1] INFO  server.RaftServer$Division (RaftServerImpl.java:setRole(299)) - om1@group-C5BA1605619E: changes role from CANDIDATE to LEADER at term 1 for changeToLeader
2022-10-16 13:13:46,775 [om1@group-C5BA1605619E-LeaderElection1] INFO  server.RaftServer$Division (ServerState.java:setLeader(287)) - om1@group-C5BA1605619E: change Leader from null to om1 at term 1 for becomeLeader, leader elected after 2102ms
2022-10-16 13:13:46,785 [om1@group-C5BA1605619E-LeaderElection1] INFO  server.RaftServerConfigKeys (ConfUtils.java:logGet(46)) - raft.server.staging.catchup.gap = 1000 (default)
2022-10-16 13:13:46,791 [om1@group-C5BA1605619E-LeaderElection1] INFO  server.RaftServerConfigKeys (ConfUtils.java:logGet(46)) - raft.server.write.element-limit = 4096 (default)
2022-10-16 13:13:46,791 [om1@group-C5BA1605619E-LeaderElection1] INFO  server.RaftServerConfigKeys (ConfUtils.java:logGet(46)) - raft.server.write.byte-limit = 64MB (=67108864) (default)
2022-10-16 13:13:46,802 [om1@group-C5BA1605619E-LeaderElection1] INFO  server.RaftServerConfigKeys (ConfUtils.java:logGet(46)) - raft.server.watch.timeout = 10s (default)
2022-10-16 13:13:46,804 [om1@group-C5BA1605619E-LeaderElection1] INFO  server.RaftServerConfigKeys (ConfUtils.java:logGet(46)) - raft.server.watch.timeout.denomination = 1s (default)
2022-10-16 13:13:46,808 [om1@group-C5BA1605619E-LeaderElection1] INFO  server.RaftServerConfigKeys (ConfUtils.java:logGet(46)) - raft.server.watch.element-limit = 65536 (default)
2022-10-16 13:13:46,821 [om1@group-C5BA1605619E-LeaderElection1] INFO  server.RaftServerConfigKeys (ConfUtils.java:logGet(46)) - raft.server.write.element-limit = 4096 (default)
2022-10-16 13:13:46,823 [om1@group-C5BA1605619E-LeaderElection1] INFO  server.RaftServerConfigKeys (ConfUtils.java:logGet(46)) - raft.server.write.follower.gap.ratio.max = -1.0 (default)
2022-10-16 13:13:46,825 [om1@group-C5BA1605619E-LeaderElection1] INFO  impl.RoleInfo (RoleInfo.java:updateAndGet(139)) - om1: start om1@group-C5BA1605619E-LeaderStateImpl
2022-10-16 13:13:46,858 [Listener at 127.0.0.1/36155] INFO  handler.ContextHandler (ContextHandler.java:doStart(915)) - Started o.e.j.w.WebAppContext@67a4294a{hddsDatanode,/,file:///tmp/jetty-0_0_0_0-45173-hdds-container-service-1_3_0-SNAPSHOT_jar-_-any-8491724456375899387/webapp/,AVAILABLE}{jar:file:/home/runner/.m2/repository/org/apache/ozone/hdds-container-service/1.3.0-SNAPSHOT/hdds-container-service-1.3.0-SNAPSHOT.jar!/webapps/hddsDatanode}
2022-10-16 13:13:46,860 [Listener at 127.0.0.1/36155] INFO  server.AbstractConnector (AbstractConnector.java:doStart(331)) - Started ServerConnector@3e4e6d8b{HTTP/1.1, (http/1.1)}{0.0.0.0:45173}
2022-10-16 13:13:46,861 [Listener at 127.0.0.1/36155] INFO  server.Server (Server.java:doStart(415)) - Started @8073ms
2022-10-16 13:13:46,861 [Listener at 127.0.0.1/36155] WARN  impl.MetricsSystemImpl (MetricsSystemImpl.java:register(279)) - Sink prometheus already exists!
2022-10-16 13:13:46,864 [om1@group-C5BA1605619E-LeaderElection1] INFO  segmented.SegmentedRaftLogWorker (SegmentedRaftLogWorker.java:startLogSegment(425)) - om1@group-C5BA1605619E-SegmentedRaftLogWorker: Starting segment from index:0
2022-10-16 13:13:46,864 [Listener at 127.0.0.1/36155] INFO  http.BaseHttpServer (BaseHttpServer.java:updateConnectorAddress(333)) - HTTP server of hddsDatanode listening at http://0.0.0.0:45173
2022-10-16 13:13:46,865 [Listener at 127.0.0.1/36155] WARN  impl.MetricRegistriesImpl (MetricRegistriesImpl.java:addReporterRegistration(111)) - New reporters are added after registries were created. Some metrics will be missing from the reporter. Please add reporter before adding any new registry.
2022-10-16 13:13:46,865 [Listener at 127.0.0.1/36155] WARN  impl.MetricRegistriesImpl (MetricRegistriesImpl.java:addReporterRegistration(111)) - New reporters are added after registries were created. Some metrics will be missing from the reporter. Please add reporter before adding any new registry.
2022-10-16 13:13:46,872 [Listener at 127.0.0.1/36155] INFO  impl.MetricsSystemImpl (MetricsSystemImpl.java:init(158)) - HddsDatanode metrics system started (again)
2022-10-16 13:13:46,888 [Datanode State Machine Daemon Thread] INFO  statemachine.DatanodeStateMachine (DatanodeStateMachine.java:lambda$startDaemon$0(492)) - Ozone container server started.
2022-10-16 13:13:46,900 [Listener at 127.0.0.1/36155] INFO  ozone.HddsDatanodeService (HddsDatanodeService.java:start(236)) - HddsDatanodeService host:fv-az308-250.etcbaq1qs54eplwmrjlabigyle.cx.internal.cloudapp.net ip:10.1.0.60
2022-10-16 13:13:46,910 [ReplicationMonitor] INFO  replication.ReplicationManager (ReplicationManager.java:processAll(291)) - Replication Manager is not ready to run until 3000ms after safemode exit
2022-10-16 13:13:46,911 [org.apache.hadoop.util.JvmPauseMonitor$Monitor@3d5775a5] INFO  util.JvmPauseMonitor (JvmPauseMonitor.java:run(188)) - Starting JVM pause monitor
2022-10-16 13:13:46,928 [Datanode State Machine Task Thread - 0] INFO  datanode.InitDatanodeState (InitDatanodeState.java:persistContainerDatanodeDetails(138)) - DatanodeDetails is persisted to /home/runner/work/ozone/ozone/hadoop-ozone/integration-test/target/test-dir/MiniOzoneClusterImpl-57f5d021-d9de-4630-9dce-fc102de9b2f6/datanode-1/meta/datanode.id
2022-10-16 13:13:46,938 [Listener at 127.0.0.1/36155] INFO  upgrade.AbstractLayoutVersionManager (AbstractLayoutVersionManager.java:init(83)) - Initializing Layout version manager with metadata layout = DATANODE_SCHEMA_V3 (version = 4), software layout = DATANODE_SCHEMA_V3 (version = 4)
2022-10-16 13:13:46,943 [om1@group-C5BA1605619E-LeaderElection1] INFO  server.RaftServer$Division (ServerState.java:setRaftConf(393)) - om1@group-C5BA1605619E: set configuration 0: [om1|rpc:localhost:9872|admin:|client:|dataStream:|priority:0], old=null
2022-10-16 13:13:47,032 [Listener at 127.0.0.1/36155] INFO  reflections.Reflections (Reflections.java:scan(232)) - Reflections took 91 ms to scan 7 urls, producing 137 keys and 328 values 
2022-10-16 13:13:47,033 [Listener at 127.0.0.1/36155] INFO  statemachine.DatanodeStateMachine (DatanodeStateMachine.java:getEndPointTaskThreadPoolSize(237)) - Datanode State Machine Task Thread Pool size 2
2022-10-16 13:13:47,048 [Listener at 127.0.0.1/36155] INFO  volume.HddsVolume (HddsVolume.java:<init>(117)) - Creating HddsVolume: /home/runner/work/ozone/ozone/hadoop-ozone/integration-test/target/test-dir/MiniOzoneClusterImpl-57f5d021-d9de-4630-9dce-fc102de9b2f6/datanode-2/data-0/containers/hdds of storage type : DISK capacity : 9223372036854775807
2022-10-16 13:13:47,049 [Listener at 127.0.0.1/36155] INFO  volume.MutableVolumeSet (MutableVolumeSet.java:initializeVolumeSet(174)) - Added Volume : /home/runner/work/ozone/ozone/hadoop-ozone/integration-test/target/test-dir/MiniOzoneClusterImpl-57f5d021-d9de-4630-9dce-fc102de9b2f6/datanode-2/data-0/containers/hdds to VolumeSet
2022-10-16 13:13:47,049 [Listener at 127.0.0.1/36155] INFO  volume.ThrottledAsyncChecker (ThrottledAsyncChecker.java:schedule(141)) - Scheduling a check for /home/runner/work/ozone/ozone/hadoop-ozone/integration-test/target/test-dir/MiniOzoneClusterImpl-57f5d021-d9de-4630-9dce-fc102de9b2f6/datanode-2/data-0/containers/hdds
2022-10-16 13:13:47,055 [Listener at 127.0.0.1/36155] INFO  volume.StorageVolumeChecker (StorageVolumeChecker.java:checkAllVolumes(202)) - Scheduled health check for volume /home/runner/work/ozone/ozone/hadoop-ozone/integration-test/target/test-dir/MiniOzoneClusterImpl-57f5d021-d9de-4630-9dce-fc102de9b2f6/datanode-2/data-0/containers/hdds
2022-10-16 13:13:47,062 [om1@group-C5BA1605619E-SegmentedRaftLogWorker] INFO  segmented.SegmentedRaftLogWorker (SegmentedRaftLogWorker.java:execute(629)) - om1@group-C5BA1605619E-SegmentedRaftLogWorker: created new log segment /home/runner/work/ozone/ozone/hadoop-ozone/integration-test/target/test-dir/MiniOzoneClusterImpl-57f5d021-d9de-4630-9dce-fc102de9b2f6/ozone-meta/ratis/bf265839-605b-3f16-9796-c5ba1605619e/current/log_inprogress_0
2022-10-16 13:13:47,067 [Listener at 127.0.0.1/36155] INFO  volume.MutableVolumeSet (MutableVolumeSet.java:initializeVolumeSet(174)) - Added Volume : /home/runner/work/ozone/ozone/hadoop-ozone/integration-test/target/test-dir/MiniOzoneClusterImpl-57f5d021-d9de-4630-9dce-fc102de9b2f6/datanode-2/data/ratis to VolumeSet
2022-10-16 13:13:47,067 [Listener at 127.0.0.1/36155] INFO  volume.ThrottledAsyncChecker (ThrottledAsyncChecker.java:schedule(141)) - Scheduling a check for /home/runner/work/ozone/ozone/hadoop-ozone/integration-test/target/test-dir/MiniOzoneClusterImpl-57f5d021-d9de-4630-9dce-fc102de9b2f6/datanode-2/data/ratis
2022-10-16 13:13:47,067 [Listener at 127.0.0.1/36155] INFO  volume.StorageVolumeChecker (StorageVolumeChecker.java:checkAllVolumes(202)) - Scheduled health check for volume /home/runner/work/ozone/ozone/hadoop-ozone/integration-test/target/test-dir/MiniOzoneClusterImpl-57f5d021-d9de-4630-9dce-fc102de9b2f6/datanode-2/data/ratis
2022-10-16 13:13:47,082 [Thread-164] INFO  ozoneimpl.ContainerReader (ContainerReader.java:readVolume(175)) - Finish verifying containers on volume /home/runner/work/ozone/ozone/hadoop-ozone/integration-test/target/test-dir/MiniOzoneClusterImpl-57f5d021-d9de-4630-9dce-fc102de9b2f6/datanode-2/data-0/containers/hdds
2022-10-16 13:13:47,082 [Listener at 127.0.0.1/36155] INFO  ozoneimpl.OzoneContainer (OzoneContainer.java:buildContainerSet(300)) - Build ContainerSet costs 0s
2022-10-16 13:13:47,085 [Listener at 127.0.0.1/36155] INFO  server.RaftServer (ConfUtils.java:logGet(46)) - raft.rpc.type = GRPC (default)
2022-10-16 13:13:47,085 [Listener at 127.0.0.1/36155] INFO  grpc.GrpcFactory (GrpcFactory.java:checkPooledByteBufAllocatorUseCacheForAllThreads(48)) - PERFORMANCE WARNING: useCacheForAllThreads is true that may cause Netty to create a lot garbage objects and, as a result, trigger GC.
	It is recommended to disable useCacheForAllThreads by setting -Dorg.apache.ratis.thirdparty.io.netty.allocator.useCacheForAllThreads=false in command line.
2022-10-16 13:13:47,085 [Listener at 127.0.0.1/36155] INFO  grpc.GrpcConfigKeys (ConfUtils.java:logGet(46)) - raft.grpc.admin.port = 0 (custom)
2022-10-16 13:13:47,085 [Listener at 127.0.0.1/36155] INFO  grpc.GrpcConfigKeys (ConfUtils.java:logGet(46)) - raft.grpc.client.port = 0 (custom)
2022-10-16 13:13:47,086 [Listener at 127.0.0.1/36155] INFO  grpc.GrpcConfigKeys (ConfUtils.java:logGet(46)) - raft.grpc.server.port = 0 (default)
2022-10-16 13:13:47,086 [Listener at 127.0.0.1/36155] INFO  server.GrpcService (ConfUtils.java:logGet(46)) - raft.grpc.message.size.max = 32MB (=33554432) (custom)
2022-10-16 13:13:47,086 [Listener at 127.0.0.1/36155] INFO  server.RaftServerConfigKeys (ConfUtils.java:logGet(46)) - raft.server.log.appender.buffer.byte-limit = 33554432 (custom)
2022-10-16 13:13:47,086 [Listener at 127.0.0.1/36155] INFO  server.GrpcService (ConfUtils.java:logGet(46)) - raft.grpc.flow.control.window = 5MB (=5242880) (custom)
2022-10-16 13:13:47,086 [Listener at 127.0.0.1/36155] INFO  server.RaftServerConfigKeys (ConfUtils.java:logGet(46)) - raft.server.rpc.request.timeout = 60s (custom)
2022-10-16 13:13:47,086 [Listener at 127.0.0.1/36155] INFO  grpc.GrpcConfigKeys (ConfUtils.java:logGet(46)) - raft.grpc.server.async.request.thread.pool.cached = true (default)
2022-10-16 13:13:47,086 [Listener at 127.0.0.1/36155] INFO  grpc.GrpcConfigKeys (ConfUtils.java:logGet(46)) - raft.grpc.server.async.request.thread.pool.size = 32 (default)
2022-10-16 13:13:47,087 [Listener at 127.0.0.1/36155] INFO  impl.DataStreamServerImpl (ConfUtils.java:logGet(46)) - raft.datastream.type = DISABLED (default)
2022-10-16 13:13:47,087 [Listener at 127.0.0.1/36155] INFO  server.RaftServerConfigKeys (ConfUtils.java:logGet(46)) - raft.server.threadpool.proxy.cached = true (default)
2022-10-16 13:13:47,087 [Listener at 127.0.0.1/36155] INFO  server.RaftServerConfigKeys (ConfUtils.java:logGet(46)) - raft.server.threadpool.proxy.size = 0 (default)
2022-10-16 13:13:47,088 [Listener at 127.0.0.1/36155] INFO  server.RaftServerConfigKeys (ConfUtils.java:logGet(46)) - raft.server.rpc.slowness.timeout = 300s (custom)
2022-10-16 13:13:47,090 [Listener at 127.0.0.1/36155] INFO  server.RaftServerConfigKeys (ConfUtils.java:logGet(46)) - raft.server.leaderelection.leader.step-down.wait-time = 10s (default)
2022-10-16 13:13:47,090 [Listener at 127.0.0.1/36155] INFO  server.RaftServerConfigKeys (ConfUtils.java:logGet(46)) - raft.server.storage.dir = [/home/runner/work/ozone/ozone/hadoop-ozone/integration-test/target/test-dir/MiniOzoneClusterImpl-57f5d021-d9de-4630-9dce-fc102de9b2f6/datanode-2/data/ratis] (custom)
2022-10-16 13:13:47,091 [Listener at 127.0.0.1/36155] INFO  server.XceiverServerGrpc (XceiverServerGrpc.java:<init>(132)) - GrpcServer channel type EpollServerSocketChannel
2022-10-16 13:13:47,104 [Listener at 127.0.0.1/36155] INFO  http.BaseHttpServer (BaseHttpServer.java:newHttpServer2BuilderForOzone(213)) - Starting Web-server for hddsDatanode at: http://0.0.0.0:0
2022-10-16 13:13:47,105 [Listener at 127.0.0.1/36155] INFO  http.BaseHttpServer (BaseHttpServer.java:<init>(108)) - Hadoop Security Enabled: false Ozone Security Enabled: false Ozone HTTP Security Enabled: false 
2022-10-16 13:13:47,106 [Listener at 127.0.0.1/36155] WARN  server.AuthenticationFilter (AuthenticationFilter.java:constructSecretProvider(240)) - Unable to initialize FileSignerSecretProvider, falling back to use random secrets. Reason: Could not read signature secret file: /home/runner/hadoop-http-auth-signature-secret
2022-10-16 13:13:47,112 [Listener at 127.0.0.1/36155] WARN  http.HttpRequestLog (HttpRequestLog.java:getRequestLog(103)) - Jetty request log can only be enabled using Log4j
2022-10-16 13:13:47,113 [Listener at 127.0.0.1/36155] INFO  http.HttpServer2 (HttpServer2.java:addGlobalFilter(1031)) - Added global filter 'safety' (class=org.apache.hadoop.hdds.server.http.HttpServer2$QuotingInputFilter)
2022-10-16 13:13:47,114 [Listener at 127.0.0.1/36155] INFO  http.HttpServer2 (HttpServer2.java:addFilter(1007)) - Added filter static_user_filter (class=org.apache.hadoop.http.lib.StaticUserWebFilter$StaticUserFilter) to context hddsDatanode
2022-10-16 13:13:47,114 [Listener at 127.0.0.1/36155] INFO  http.HttpServer2 (HttpServer2.java:addFilter(1015)) - Added filter static_user_filter (class=org.apache.hadoop.http.lib.StaticUserWebFilter$StaticUserFilter) to context static
2022-10-16 13:13:47,114 [Listener at 127.0.0.1/36155] INFO  http.HttpServer2 (HttpServer2.java:addFilter(1015)) - Added filter static_user_filter (class=org.apache.hadoop.http.lib.StaticUserWebFilter$StaticUserFilter) to context logs
2022-10-16 13:13:47,115 [Listener at 127.0.0.1/36155] INFO  http.HttpServer2 (HttpServer2.java:bindListener(1250)) - Jetty bound to port 36767
2022-10-16 13:13:47,115 [Listener at 127.0.0.1/36155] INFO  server.Server (Server.java:doStart(375)) - jetty-9.4.43.v20210629; built: 2021-06-30T11:07:22.254Z; git: 526006ecfa3af7f1a27ef3a288e2bef7ea9dd7e8; jvm 1.8.0_345-b01
2022-10-16 13:13:47,136 [Listener at 127.0.0.1/36155] INFO  server.session (DefaultSessionIdManager.java:doStart(334)) - DefaultSessionIdManager workerName=node0
2022-10-16 13:13:47,136 [Listener at 127.0.0.1/36155] INFO  server.session (DefaultSessionIdManager.java:doStart(339)) - No SessionScavenger set, using defaults
2022-10-16 13:13:47,136 [Listener at 127.0.0.1/36155] INFO  server.session (HouseKeeper.java:startScavenging(132)) - node0 Scavenging every 660000ms
2022-10-16 13:13:47,140 [Listener at 127.0.0.1/36155] INFO  handler.ContextHandler (ContextHandler.java:doStart(915)) - Started o.e.j.s.ServletContextHandler@5405594b{logs,/logs,file:///home/runner/work/ozone/ozone/hadoop-ozone/integration-test/target/log,AVAILABLE}
2022-10-16 13:13:47,141 [Listener at 127.0.0.1/36155] INFO  handler.ContextHandler (ContextHandler.java:doStart(915)) - Started o.e.j.s.ServletContextHandler@40ed0ce4{static,/static,jar:file:/home/runner/.m2/repository/org/apache/ozone/hdds-container-service/1.3.0-SNAPSHOT/hdds-container-service-1.3.0-SNAPSHOT.jar!/webapps/static,AVAILABLE}
2022-10-16 13:13:47,209 [om1@group-C5BA1605619E-StateMachineUpdater] INFO  ratis.OzoneManagerStateMachine (OzoneManagerStateMachine.java:notifyConfigurationChanged(192)) - Received Configuration change notification from Ratis. New Peer list:
[id: "om1"
address: "localhost:9872"
]
2022-10-16 13:13:47,345 [Listener at 127.0.0.1/36155] INFO  handler.ContextHandler (ContextHandler.java:doStart(915)) - Started o.e.j.w.WebAppContext@478048e2{hddsDatanode,/,file:///tmp/jetty-0_0_0_0-36767-hdds-container-service-1_3_0-SNAPSHOT_jar-_-any-8183168512966820480/webapp/,AVAILABLE}{jar:file:/home/runner/.m2/repository/org/apache/ozone/hdds-container-service/1.3.0-SNAPSHOT/hdds-container-service-1.3.0-SNAPSHOT.jar!/webapps/hddsDatanode}
2022-10-16 13:13:47,346 [Listener at 127.0.0.1/36155] INFO  server.AbstractConnector (AbstractConnector.java:doStart(331)) - Started ServerConnector@2e09ac49{HTTP/1.1, (http/1.1)}{0.0.0.0:36767}
2022-10-16 13:13:47,346 [Listener at 127.0.0.1/36155] INFO  server.Server (Server.java:doStart(415)) - Started @8558ms
2022-10-16 13:13:47,346 [Listener at 127.0.0.1/36155] WARN  impl.MetricsSystemImpl (MetricsSystemImpl.java:register(279)) - Sink prometheus already exists!
2022-10-16 13:13:47,347 [Listener at 127.0.0.1/36155] INFO  http.BaseHttpServer (BaseHttpServer.java:updateConnectorAddress(333)) - HTTP server of hddsDatanode listening at http://0.0.0.0:36767
2022-10-16 13:13:47,348 [Listener at 127.0.0.1/36155] WARN  impl.MetricRegistriesImpl (MetricRegistriesImpl.java:addReporterRegistration(111)) - New reporters are added after registries were created. Some metrics will be missing from the reporter. Please add reporter before adding any new registry.
2022-10-16 13:13:47,348 [Listener at 127.0.0.1/36155] WARN  impl.MetricRegistriesImpl (MetricRegistriesImpl.java:addReporterRegistration(111)) - New reporters are added after registries were created. Some metrics will be missing from the reporter. Please add reporter before adding any new registry.
2022-10-16 13:13:47,348 [Listener at 127.0.0.1/36155] INFO  impl.MetricsSystemImpl (MetricsSystemImpl.java:init(158)) - HddsDatanode metrics system started (again)
2022-10-16 13:13:47,356 [Datanode State Machine Daemon Thread] INFO  statemachine.DatanodeStateMachine (DatanodeStateMachine.java:lambda$startDaemon$0(492)) - Ozone container server started.
2022-10-16 13:13:47,363 [Listener at 127.0.0.1/36155] INFO  ozone.HddsDatanodeService (HddsDatanodeService.java:start(236)) - HddsDatanodeService host:fv-az308-250.etcbaq1qs54eplwmrjlabigyle.cx.internal.cloudapp.net ip:10.1.0.60
2022-10-16 13:13:47,384 [org.apache.hadoop.util.JvmPauseMonitor$Monitor@4cf98095] INFO  util.JvmPauseMonitor (JvmPauseMonitor.java:run(188)) - Starting JVM pause monitor
2022-10-16 13:13:47,390 [Datanode State Machine Task Thread - 0] INFO  datanode.InitDatanodeState (InitDatanodeState.java:persistContainerDatanodeDetails(138)) - DatanodeDetails is persisted to /home/runner/work/ozone/ozone/hadoop-ozone/integration-test/target/test-dir/MiniOzoneClusterImpl-57f5d021-d9de-4630-9dce-fc102de9b2f6/datanode-2/meta/datanode.id
2022-10-16 13:13:47,403 [Listener at 127.0.0.1/36155] INFO  upgrade.AbstractLayoutVersionManager (AbstractLayoutVersionManager.java:init(83)) - Initializing Layout version manager with metadata layout = DATANODE_SCHEMA_V3 (version = 4), software layout = DATANODE_SCHEMA_V3 (version = 4)
2022-10-16 13:13:47,450 [Listener at 127.0.0.1/36155] INFO  reflections.Reflections (Reflections.java:scan(232)) - Reflections took 45 ms to scan 7 urls, producing 137 keys and 328 values 
2022-10-16 13:13:47,451 [Listener at 127.0.0.1/36155] INFO  statemachine.DatanodeStateMachine (DatanodeStateMachine.java:getEndPointTaskThreadPoolSize(237)) - Datanode State Machine Task Thread Pool size 2
2022-10-16 13:13:47,453 [Listener at 127.0.0.1/36155] INFO  volume.HddsVolume (HddsVolume.java:<init>(117)) - Creating HddsVolume: /home/runner/work/ozone/ozone/hadoop-ozone/integration-test/target/test-dir/MiniOzoneClusterImpl-57f5d021-d9de-4630-9dce-fc102de9b2f6/datanode-3/data-0/containers/hdds of storage type : DISK capacity : 9223372036854775807
2022-10-16 13:13:47,454 [Listener at 127.0.0.1/36155] INFO  volume.MutableVolumeSet (MutableVolumeSet.java:initializeVolumeSet(174)) - Added Volume : /home/runner/work/ozone/ozone/hadoop-ozone/integration-test/target/test-dir/MiniOzoneClusterImpl-57f5d021-d9de-4630-9dce-fc102de9b2f6/datanode-3/data-0/containers/hdds to VolumeSet
2022-10-16 13:13:47,454 [Listener at 127.0.0.1/36155] INFO  volume.ThrottledAsyncChecker (ThrottledAsyncChecker.java:schedule(141)) - Scheduling a check for /home/runner/work/ozone/ozone/hadoop-ozone/integration-test/target/test-dir/MiniOzoneClusterImpl-57f5d021-d9de-4630-9dce-fc102de9b2f6/datanode-3/data-0/containers/hdds
2022-10-16 13:13:47,455 [Listener at 127.0.0.1/36155] INFO  volume.StorageVolumeChecker (StorageVolumeChecker.java:checkAllVolumes(202)) - Scheduled health check for volume /home/runner/work/ozone/ozone/hadoop-ozone/integration-test/target/test-dir/MiniOzoneClusterImpl-57f5d021-d9de-4630-9dce-fc102de9b2f6/datanode-3/data-0/containers/hdds
2022-10-16 13:13:47,465 [Listener at 127.0.0.1/36155] INFO  volume.MutableVolumeSet (MutableVolumeSet.java:initializeVolumeSet(174)) - Added Volume : /home/runner/work/ozone/ozone/hadoop-ozone/integration-test/target/test-dir/MiniOzoneClusterImpl-57f5d021-d9de-4630-9dce-fc102de9b2f6/datanode-3/data/ratis to VolumeSet
2022-10-16 13:13:47,466 [Listener at 127.0.0.1/36155] INFO  volume.ThrottledAsyncChecker (ThrottledAsyncChecker.java:schedule(141)) - Scheduling a check for /home/runner/work/ozone/ozone/hadoop-ozone/integration-test/target/test-dir/MiniOzoneClusterImpl-57f5d021-d9de-4630-9dce-fc102de9b2f6/datanode-3/data/ratis
2022-10-16 13:13:47,466 [Listener at 127.0.0.1/36155] INFO  volume.StorageVolumeChecker (StorageVolumeChecker.java:checkAllVolumes(202)) - Scheduled health check for volume /home/runner/work/ozone/ozone/hadoop-ozone/integration-test/target/test-dir/MiniOzoneClusterImpl-57f5d021-d9de-4630-9dce-fc102de9b2f6/datanode-3/data/ratis
2022-10-16 13:13:47,476 [Thread-177] INFO  ozoneimpl.ContainerReader (ContainerReader.java:readVolume(175)) - Finish verifying containers on volume /home/runner/work/ozone/ozone/hadoop-ozone/integration-test/target/test-dir/MiniOzoneClusterImpl-57f5d021-d9de-4630-9dce-fc102de9b2f6/datanode-3/data-0/containers/hdds
2022-10-16 13:13:47,476 [Listener at 127.0.0.1/36155] INFO  ozoneimpl.OzoneContainer (OzoneContainer.java:buildContainerSet(300)) - Build ContainerSet costs 0s
2022-10-16 13:13:47,479 [Listener at 127.0.0.1/36155] INFO  server.RaftServer (ConfUtils.java:logGet(46)) - raft.rpc.type = GRPC (default)
2022-10-16 13:13:47,479 [Listener at 127.0.0.1/36155] INFO  grpc.GrpcFactory (GrpcFactory.java:checkPooledByteBufAllocatorUseCacheForAllThreads(48)) - PERFORMANCE WARNING: useCacheForAllThreads is true that may cause Netty to create a lot garbage objects and, as a result, trigger GC.
	It is recommended to disable useCacheForAllThreads by setting -Dorg.apache.ratis.thirdparty.io.netty.allocator.useCacheForAllThreads=false in command line.
2022-10-16 13:13:47,479 [Listener at 127.0.0.1/36155] INFO  grpc.GrpcConfigKeys (ConfUtils.java:logGet(46)) - raft.grpc.admin.port = 0 (custom)
2022-10-16 13:13:47,479 [Listener at 127.0.0.1/36155] INFO  grpc.GrpcConfigKeys (ConfUtils.java:logGet(46)) - raft.grpc.client.port = 0 (custom)
2022-10-16 13:13:47,479 [Listener at 127.0.0.1/36155] INFO  grpc.GrpcConfigKeys (ConfUtils.java:logGet(46)) - raft.grpc.server.port = 0 (default)
2022-10-16 13:13:47,479 [Listener at 127.0.0.1/36155] INFO  server.GrpcService (ConfUtils.java:logGet(46)) - raft.grpc.message.size.max = 32MB (=33554432) (custom)
2022-10-16 13:13:47,479 [Listener at 127.0.0.1/36155] INFO  server.RaftServerConfigKeys (ConfUtils.java:logGet(46)) - raft.server.log.appender.buffer.byte-limit = 33554432 (custom)
2022-10-16 13:13:47,479 [Listener at 127.0.0.1/36155] INFO  server.GrpcService (ConfUtils.java:logGet(46)) - raft.grpc.flow.control.window = 5MB (=5242880) (custom)
2022-10-16 13:13:47,480 [Listener at 127.0.0.1/36155] INFO  server.RaftServerConfigKeys (ConfUtils.java:logGet(46)) - raft.server.rpc.request.timeout = 60s (custom)
2022-10-16 13:13:47,480 [Listener at 127.0.0.1/36155] INFO  grpc.GrpcConfigKeys (ConfUtils.java:logGet(46)) - raft.grpc.server.async.request.thread.pool.cached = true (default)
2022-10-16 13:13:47,480 [Listener at 127.0.0.1/36155] INFO  grpc.GrpcConfigKeys (ConfUtils.java:logGet(46)) - raft.grpc.server.async.request.thread.pool.size = 32 (default)
2022-10-16 13:13:47,481 [Listener at 127.0.0.1/36155] INFO  impl.DataStreamServerImpl (ConfUtils.java:logGet(46)) - raft.datastream.type = DISABLED (default)
2022-10-16 13:13:47,481 [Listener at 127.0.0.1/36155] INFO  server.RaftServerConfigKeys (ConfUtils.java:logGet(46)) - raft.server.threadpool.proxy.cached = true (default)
2022-10-16 13:13:47,481 [Listener at 127.0.0.1/36155] INFO  server.RaftServerConfigKeys (ConfUtils.java:logGet(46)) - raft.server.threadpool.proxy.size = 0 (default)
2022-10-16 13:13:47,481 [Listener at 127.0.0.1/36155] INFO  server.RaftServerConfigKeys (ConfUtils.java:logGet(46)) - raft.server.rpc.slowness.timeout = 300s (custom)
2022-10-16 13:13:47,481 [Listener at 127.0.0.1/36155] INFO  server.RaftServerConfigKeys (ConfUtils.java:logGet(46)) - raft.server.leaderelection.leader.step-down.wait-time = 10s (default)
2022-10-16 13:13:47,481 [Listener at 127.0.0.1/36155] INFO  server.RaftServerConfigKeys (ConfUtils.java:logGet(46)) - raft.server.storage.dir = [/home/runner/work/ozone/ozone/hadoop-ozone/integration-test/target/test-dir/MiniOzoneClusterImpl-57f5d021-d9de-4630-9dce-fc102de9b2f6/datanode-3/data/ratis] (custom)
2022-10-16 13:13:47,485 [Listener at 127.0.0.1/36155] INFO  server.XceiverServerGrpc (XceiverServerGrpc.java:<init>(132)) - GrpcServer channel type EpollServerSocketChannel
2022-10-16 13:13:47,492 [Listener at 127.0.0.1/36155] INFO  http.BaseHttpServer (BaseHttpServer.java:newHttpServer2BuilderForOzone(213)) - Starting Web-server for hddsDatanode at: http://0.0.0.0:0
2022-10-16 13:13:47,493 [Listener at 127.0.0.1/36155] INFO  http.BaseHttpServer (BaseHttpServer.java:<init>(108)) - Hadoop Security Enabled: false Ozone Security Enabled: false Ozone HTTP Security Enabled: false 
2022-10-16 13:13:47,494 [Listener at 127.0.0.1/36155] WARN  server.AuthenticationFilter (AuthenticationFilter.java:constructSecretProvider(240)) - Unable to initialize FileSignerSecretProvider, falling back to use random secrets. Reason: Could not read signature secret file: /home/runner/hadoop-http-auth-signature-secret
2022-10-16 13:13:47,500 [Listener at 127.0.0.1/36155] WARN  http.HttpRequestLog (HttpRequestLog.java:getRequestLog(103)) - Jetty request log can only be enabled using Log4j
2022-10-16 13:13:47,501 [Listener at 127.0.0.1/36155] INFO  http.HttpServer2 (HttpServer2.java:addGlobalFilter(1031)) - Added global filter 'safety' (class=org.apache.hadoop.hdds.server.http.HttpServer2$QuotingInputFilter)
2022-10-16 13:13:47,502 [Listener at 127.0.0.1/36155] INFO  http.HttpServer2 (HttpServer2.java:addFilter(1007)) - Added filter static_user_filter (class=org.apache.hadoop.http.lib.StaticUserWebFilter$StaticUserFilter) to context hddsDatanode
2022-10-16 13:13:47,502 [Listener at 127.0.0.1/36155] INFO  http.HttpServer2 (HttpServer2.java:addFilter(1015)) - Added filter static_user_filter (class=org.apache.hadoop.http.lib.StaticUserWebFilter$StaticUserFilter) to context logs
2022-10-16 13:13:47,502 [Listener at 127.0.0.1/36155] INFO  http.HttpServer2 (HttpServer2.java:addFilter(1015)) - Added filter static_user_filter (class=org.apache.hadoop.http.lib.StaticUserWebFilter$StaticUserFilter) to context static
2022-10-16 13:13:47,503 [Listener at 127.0.0.1/36155] INFO  http.HttpServer2 (HttpServer2.java:bindListener(1250)) - Jetty bound to port 38575
2022-10-16 13:13:47,503 [Listener at 127.0.0.1/36155] INFO  server.Server (Server.java:doStart(375)) - jetty-9.4.43.v20210629; built: 2021-06-30T11:07:22.254Z; git: 526006ecfa3af7f1a27ef3a288e2bef7ea9dd7e8; jvm 1.8.0_345-b01
2022-10-16 13:13:47,505 [Listener at 127.0.0.1/36155] INFO  server.session (DefaultSessionIdManager.java:doStart(334)) - DefaultSessionIdManager workerName=node0
2022-10-16 13:13:47,505 [Listener at 127.0.0.1/36155] INFO  server.session (DefaultSessionIdManager.java:doStart(339)) - No SessionScavenger set, using defaults
2022-10-16 13:13:47,505 [Listener at 127.0.0.1/36155] INFO  server.session (HouseKeeper.java:startScavenging(132)) - node0 Scavenging every 600000ms
2022-10-16 13:13:47,506 [Listener at 127.0.0.1/36155] INFO  handler.ContextHandler (ContextHandler.java:doStart(915)) - Started o.e.j.s.ServletContextHandler@1655a512{logs,/logs,file:///home/runner/work/ozone/ozone/hadoop-ozone/integration-test/target/log,AVAILABLE}
2022-10-16 13:13:47,506 [Listener at 127.0.0.1/36155] INFO  handler.ContextHandler (ContextHandler.java:doStart(915)) - Started o.e.j.s.ServletContextHandler@2ef425be{static,/static,jar:file:/home/runner/.m2/repository/org/apache/ozone/hdds-container-service/1.3.0-SNAPSHOT/hdds-container-service-1.3.0-SNAPSHOT.jar!/webapps/static,AVAILABLE}
2022-10-16 13:13:47,669 [Listener at 127.0.0.1/36155] INFO  handler.ContextHandler (ContextHandler.java:doStart(915)) - Started o.e.j.w.WebAppContext@5c77137b{hddsDatanode,/,file:///tmp/jetty-0_0_0_0-38575-hdds-container-service-1_3_0-SNAPSHOT_jar-_-any-1509958558594008718/webapp/,AVAILABLE}{jar:file:/home/runner/.m2/repository/org/apache/ozone/hdds-container-service/1.3.0-SNAPSHOT/hdds-container-service-1.3.0-SNAPSHOT.jar!/webapps/hddsDatanode}
2022-10-16 13:13:47,670 [Listener at 127.0.0.1/36155] INFO  server.AbstractConnector (AbstractConnector.java:doStart(331)) - Started ServerConnector@217f7da4{HTTP/1.1, (http/1.1)}{0.0.0.0:38575}
2022-10-16 13:13:47,670 [Listener at 127.0.0.1/36155] INFO  server.Server (Server.java:doStart(415)) - Started @8882ms
2022-10-16 13:13:47,670 [Listener at 127.0.0.1/36155] WARN  impl.MetricsSystemImpl (MetricsSystemImpl.java:register(279)) - Sink prometheus already exists!
2022-10-16 13:13:47,671 [Listener at 127.0.0.1/36155] INFO  http.BaseHttpServer (BaseHttpServer.java:updateConnectorAddress(333)) - HTTP server of hddsDatanode listening at http://0.0.0.0:38575
2022-10-16 13:13:47,672 [Listener at 127.0.0.1/36155] WARN  impl.MetricRegistriesImpl (MetricRegistriesImpl.java:addReporterRegistration(111)) - New reporters are added after registries were created. Some metrics will be missing from the reporter. Please add reporter before adding any new registry.
2022-10-16 13:13:47,672 [Listener at 127.0.0.1/36155] WARN  impl.MetricRegistriesImpl (MetricRegistriesImpl.java:addReporterRegistration(111)) - New reporters are added after registries were created. Some metrics will be missing from the reporter. Please add reporter before adding any new registry.
2022-10-16 13:13:47,672 [Listener at 127.0.0.1/36155] INFO  impl.MetricsSystemImpl (MetricsSystemImpl.java:init(158)) - HddsDatanode metrics system started (again)
2022-10-16 13:13:47,672 [Datanode State Machine Daemon Thread] INFO  statemachine.DatanodeStateMachine (DatanodeStateMachine.java:lambda$startDaemon$0(492)) - Ozone container server started.
2022-10-16 13:13:47,684 [org.apache.hadoop.util.JvmPauseMonitor$Monitor@5c24831a] INFO  util.JvmPauseMonitor (JvmPauseMonitor.java:run(188)) - Starting JVM pause monitor
2022-10-16 13:13:47,685 [Listener at 127.0.0.1/36155] INFO  ozone.HddsDatanodeService (HddsDatanodeService.java:start(236)) - HddsDatanodeService host:fv-az308-250.etcbaq1qs54eplwmrjlabigyle.cx.internal.cloudapp.net ip:10.1.0.60
2022-10-16 13:13:47,689 [Datanode State Machine Task Thread - 0] INFO  datanode.InitDatanodeState (InitDatanodeState.java:persistContainerDatanodeDetails(138)) - DatanodeDetails is persisted to /home/runner/work/ozone/ozone/hadoop-ozone/integration-test/target/test-dir/MiniOzoneClusterImpl-57f5d021-d9de-4630-9dce-fc102de9b2f6/datanode-3/meta/datanode.id
2022-10-16 13:13:47,710 [Listener at 127.0.0.1/36155] INFO  upgrade.AbstractLayoutVersionManager (AbstractLayoutVersionManager.java:init(83)) - Initializing Layout version manager with metadata layout = DATANODE_SCHEMA_V3 (version = 4), software layout = DATANODE_SCHEMA_V3 (version = 4)
2022-10-16 13:13:47,754 [Listener at 127.0.0.1/36155] INFO  reflections.Reflections (Reflections.java:scan(232)) - Reflections took 43 ms to scan 7 urls, producing 137 keys and 328 values 
2022-10-16 13:13:47,756 [Listener at 127.0.0.1/36155] INFO  statemachine.DatanodeStateMachine (DatanodeStateMachine.java:getEndPointTaskThreadPoolSize(237)) - Datanode State Machine Task Thread Pool size 2
2022-10-16 13:13:47,764 [Listener at 127.0.0.1/36155] INFO  volume.HddsVolume (HddsVolume.java:<init>(117)) - Creating HddsVolume: /home/runner/work/ozone/ozone/hadoop-ozone/integration-test/target/test-dir/MiniOzoneClusterImpl-57f5d021-d9de-4630-9dce-fc102de9b2f6/datanode-4/data-0/containers/hdds of storage type : DISK capacity : 9223372036854775807
2022-10-16 13:13:47,764 [Listener at 127.0.0.1/36155] INFO  volume.MutableVolumeSet (MutableVolumeSet.java:initializeVolumeSet(174)) - Added Volume : /home/runner/work/ozone/ozone/hadoop-ozone/integration-test/target/test-dir/MiniOzoneClusterImpl-57f5d021-d9de-4630-9dce-fc102de9b2f6/datanode-4/data-0/containers/hdds to VolumeSet
2022-10-16 13:13:47,764 [Listener at 127.0.0.1/36155] INFO  volume.ThrottledAsyncChecker (ThrottledAsyncChecker.java:schedule(141)) - Scheduling a check for /home/runner/work/ozone/ozone/hadoop-ozone/integration-test/target/test-dir/MiniOzoneClusterImpl-57f5d021-d9de-4630-9dce-fc102de9b2f6/datanode-4/data-0/containers/hdds
2022-10-16 13:13:47,768 [Listener at 127.0.0.1/36155] INFO  volume.StorageVolumeChecker (StorageVolumeChecker.java:checkAllVolumes(202)) - Scheduled health check for volume /home/runner/work/ozone/ozone/hadoop-ozone/integration-test/target/test-dir/MiniOzoneClusterImpl-57f5d021-d9de-4630-9dce-fc102de9b2f6/datanode-4/data-0/containers/hdds
2022-10-16 13:13:47,779 [Listener at 127.0.0.1/36155] INFO  volume.MutableVolumeSet (MutableVolumeSet.java:initializeVolumeSet(174)) - Added Volume : /home/runner/work/ozone/ozone/hadoop-ozone/integration-test/target/test-dir/MiniOzoneClusterImpl-57f5d021-d9de-4630-9dce-fc102de9b2f6/datanode-4/data/ratis to VolumeSet
2022-10-16 13:13:47,779 [Listener at 127.0.0.1/36155] INFO  volume.ThrottledAsyncChecker (ThrottledAsyncChecker.java:schedule(141)) - Scheduling a check for /home/runner/work/ozone/ozone/hadoop-ozone/integration-test/target/test-dir/MiniOzoneClusterImpl-57f5d021-d9de-4630-9dce-fc102de9b2f6/datanode-4/data/ratis
2022-10-16 13:13:47,779 [Listener at 127.0.0.1/36155] INFO  volume.StorageVolumeChecker (StorageVolumeChecker.java:checkAllVolumes(202)) - Scheduled health check for volume /home/runner/work/ozone/ozone/hadoop-ozone/integration-test/target/test-dir/MiniOzoneClusterImpl-57f5d021-d9de-4630-9dce-fc102de9b2f6/datanode-4/data/ratis
2022-10-16 13:13:47,789 [Thread-190] INFO  ozoneimpl.ContainerReader (ContainerReader.java:readVolume(175)) - Finish verifying containers on volume /home/runner/work/ozone/ozone/hadoop-ozone/integration-test/target/test-dir/MiniOzoneClusterImpl-57f5d021-d9de-4630-9dce-fc102de9b2f6/datanode-4/data-0/containers/hdds
2022-10-16 13:13:47,789 [Listener at 127.0.0.1/36155] INFO  ozoneimpl.OzoneContainer (OzoneContainer.java:buildContainerSet(300)) - Build ContainerSet costs 0s
2022-10-16 13:13:47,792 [Listener at 127.0.0.1/36155] INFO  server.RaftServer (ConfUtils.java:logGet(46)) - raft.rpc.type = GRPC (default)
2022-10-16 13:13:47,792 [Listener at 127.0.0.1/36155] INFO  grpc.GrpcFactory (GrpcFactory.java:checkPooledByteBufAllocatorUseCacheForAllThreads(48)) - PERFORMANCE WARNING: useCacheForAllThreads is true that may cause Netty to create a lot garbage objects and, as a result, trigger GC.
	It is recommended to disable useCacheForAllThreads by setting -Dorg.apache.ratis.thirdparty.io.netty.allocator.useCacheForAllThreads=false in command line.
2022-10-16 13:13:47,792 [Listener at 127.0.0.1/36155] INFO  grpc.GrpcConfigKeys (ConfUtils.java:logGet(46)) - raft.grpc.admin.port = 0 (custom)
2022-10-16 13:13:47,792 [Listener at 127.0.0.1/36155] INFO  grpc.GrpcConfigKeys (ConfUtils.java:logGet(46)) - raft.grpc.client.port = 0 (custom)
2022-10-16 13:13:47,792 [Listener at 127.0.0.1/36155] INFO  grpc.GrpcConfigKeys (ConfUtils.java:logGet(46)) - raft.grpc.server.port = 0 (default)
2022-10-16 13:13:47,792 [Listener at 127.0.0.1/36155] INFO  server.GrpcService (ConfUtils.java:logGet(46)) - raft.grpc.message.size.max = 32MB (=33554432) (custom)
2022-10-16 13:13:47,792 [Listener at 127.0.0.1/36155] INFO  server.RaftServerConfigKeys (ConfUtils.java:logGet(46)) - raft.server.log.appender.buffer.byte-limit = 33554432 (custom)
2022-10-16 13:13:47,792 [Listener at 127.0.0.1/36155] INFO  server.GrpcService (ConfUtils.java:logGet(46)) - raft.grpc.flow.control.window = 5MB (=5242880) (custom)
2022-10-16 13:13:47,792 [Listener at 127.0.0.1/36155] INFO  server.RaftServerConfigKeys (ConfUtils.java:logGet(46)) - raft.server.rpc.request.timeout = 60s (custom)
2022-10-16 13:13:47,793 [Listener at 127.0.0.1/36155] INFO  grpc.GrpcConfigKeys (ConfUtils.java:logGet(46)) - raft.grpc.server.async.request.thread.pool.cached = true (default)
2022-10-16 13:13:47,793 [Listener at 127.0.0.1/36155] INFO  grpc.GrpcConfigKeys (ConfUtils.java:logGet(46)) - raft.grpc.server.async.request.thread.pool.size = 32 (default)
2022-10-16 13:13:47,794 [Listener at 127.0.0.1/36155] INFO  impl.DataStreamServerImpl (ConfUtils.java:logGet(46)) - raft.datastream.type = DISABLED (default)
2022-10-16 13:13:47,794 [Listener at 127.0.0.1/36155] INFO  server.RaftServerConfigKeys (ConfUtils.java:logGet(46)) - raft.server.threadpool.proxy.cached = true (default)
2022-10-16 13:13:47,794 [Listener at 127.0.0.1/36155] INFO  server.RaftServerConfigKeys (ConfUtils.java:logGet(46)) - raft.server.threadpool.proxy.size = 0 (default)
2022-10-16 13:13:47,794 [Listener at 127.0.0.1/36155] INFO  server.RaftServerConfigKeys (ConfUtils.java:logGet(46)) - raft.server.rpc.slowness.timeout = 300s (custom)
2022-10-16 13:13:47,794 [Listener at 127.0.0.1/36155] INFO  server.RaftServerConfigKeys (ConfUtils.java:logGet(46)) - raft.server.leaderelection.leader.step-down.wait-time = 10s (default)
2022-10-16 13:13:47,794 [Listener at 127.0.0.1/36155] INFO  server.RaftServerConfigKeys (ConfUtils.java:logGet(46)) - raft.server.storage.dir = [/home/runner/work/ozone/ozone/hadoop-ozone/integration-test/target/test-dir/MiniOzoneClusterImpl-57f5d021-d9de-4630-9dce-fc102de9b2f6/datanode-4/data/ratis] (custom)
2022-10-16 13:13:47,796 [Listener at 127.0.0.1/36155] INFO  server.XceiverServerGrpc (XceiverServerGrpc.java:<init>(132)) - GrpcServer channel type EpollServerSocketChannel
2022-10-16 13:13:47,799 [Listener at 127.0.0.1/36155] INFO  http.BaseHttpServer (BaseHttpServer.java:newHttpServer2BuilderForOzone(213)) - Starting Web-server for hddsDatanode at: http://0.0.0.0:0
2022-10-16 13:13:47,799 [Listener at 127.0.0.1/36155] INFO  http.BaseHttpServer (BaseHttpServer.java:<init>(108)) - Hadoop Security Enabled: false Ozone Security Enabled: false Ozone HTTP Security Enabled: false 
2022-10-16 13:13:47,800 [Listener at 127.0.0.1/36155] WARN  server.AuthenticationFilter (AuthenticationFilter.java:constructSecretProvider(240)) - Unable to initialize FileSignerSecretProvider, falling back to use random secrets. Reason: Could not read signature secret file: /home/runner/hadoop-http-auth-signature-secret
2022-10-16 13:13:47,800 [Listener at 127.0.0.1/36155] WARN  http.HttpRequestLog (HttpRequestLog.java:getRequestLog(103)) - Jetty request log can only be enabled using Log4j
2022-10-16 13:13:47,802 [Listener at 127.0.0.1/36155] INFO  http.HttpServer2 (HttpServer2.java:addGlobalFilter(1031)) - Added global filter 'safety' (class=org.apache.hadoop.hdds.server.http.HttpServer2$QuotingInputFilter)
2022-10-16 13:13:47,803 [Listener at 127.0.0.1/36155] INFO  http.HttpServer2 (HttpServer2.java:addFilter(1007)) - Added filter static_user_filter (class=org.apache.hadoop.http.lib.StaticUserWebFilter$StaticUserFilter) to context hddsDatanode
2022-10-16 13:13:47,803 [Listener at 127.0.0.1/36155] INFO  http.HttpServer2 (HttpServer2.java:addFilter(1015)) - Added filter static_user_filter (class=org.apache.hadoop.http.lib.StaticUserWebFilter$StaticUserFilter) to context static
2022-10-16 13:13:47,803 [Listener at 127.0.0.1/36155] INFO  http.HttpServer2 (HttpServer2.java:addFilter(1015)) - Added filter static_user_filter (class=org.apache.hadoop.http.lib.StaticUserWebFilter$StaticUserFilter) to context logs
2022-10-16 13:13:47,803 [Listener at 127.0.0.1/36155] INFO  http.HttpServer2 (HttpServer2.java:bindListener(1250)) - Jetty bound to port 32995
2022-10-16 13:13:47,803 [Listener at 127.0.0.1/36155] INFO  server.Server (Server.java:doStart(375)) - jetty-9.4.43.v20210629; built: 2021-06-30T11:07:22.254Z; git: 526006ecfa3af7f1a27ef3a288e2bef7ea9dd7e8; jvm 1.8.0_345-b01
2022-10-16 13:13:47,809 [Listener at 127.0.0.1/36155] INFO  server.session (DefaultSessionIdManager.java:doStart(334)) - DefaultSessionIdManager workerName=node0
2022-10-16 13:13:47,809 [Listener at 127.0.0.1/36155] INFO  server.session (DefaultSessionIdManager.java:doStart(339)) - No SessionScavenger set, using defaults
2022-10-16 13:13:47,809 [Listener at 127.0.0.1/36155] INFO  server.session (HouseKeeper.java:startScavenging(132)) - node0 Scavenging every 600000ms
2022-10-16 13:13:47,810 [Listener at 127.0.0.1/36155] INFO  handler.ContextHandler (ContextHandler.java:doStart(915)) - Started o.e.j.s.ServletContextHandler@326d5528{logs,/logs,file:///home/runner/work/ozone/ozone/hadoop-ozone/integration-test/target/log,AVAILABLE}
2022-10-16 13:13:47,810 [Listener at 127.0.0.1/36155] INFO  handler.ContextHandler (ContextHandler.java:doStart(915)) - Started o.e.j.s.ServletContextHandler@70c5db85{static,/static,jar:file:/home/runner/.m2/repository/org/apache/ozone/hdds-container-service/1.3.0-SNAPSHOT/hdds-container-service-1.3.0-SNAPSHOT.jar!/webapps/static,AVAILABLE}
2022-10-16 13:13:47,910 [ReplicationMonitor] INFO  replication.ReplicationManager (ReplicationManager.java:processAll(291)) - Replication Manager is not ready to run until 3000ms after safemode exit
2022-10-16 13:13:47,973 [Listener at 127.0.0.1/36155] INFO  handler.ContextHandler (ContextHandler.java:doStart(915)) - Started o.e.j.w.WebAppContext@71acd20d{hddsDatanode,/,file:///tmp/jetty-0_0_0_0-32995-hdds-container-service-1_3_0-SNAPSHOT_jar-_-any-4227167242380125247/webapp/,AVAILABLE}{jar:file:/home/runner/.m2/repository/org/apache/ozone/hdds-container-service/1.3.0-SNAPSHOT/hdds-container-service-1.3.0-SNAPSHOT.jar!/webapps/hddsDatanode}
2022-10-16 13:13:47,974 [Listener at 127.0.0.1/36155] INFO  server.AbstractConnector (AbstractConnector.java:doStart(331)) - Started ServerConnector@3a674745{HTTP/1.1, (http/1.1)}{0.0.0.0:32995}
2022-10-16 13:13:47,974 [Listener at 127.0.0.1/36155] INFO  server.Server (Server.java:doStart(415)) - Started @9186ms
2022-10-16 13:13:47,974 [Listener at 127.0.0.1/36155] WARN  impl.MetricsSystemImpl (MetricsSystemImpl.java:register(279)) - Sink prometheus already exists!
2022-10-16 13:13:47,975 [Listener at 127.0.0.1/36155] INFO  http.BaseHttpServer (BaseHttpServer.java:updateConnectorAddress(333)) - HTTP server of hddsDatanode listening at http://0.0.0.0:32995
2022-10-16 13:13:47,975 [Datanode State Machine Daemon Thread] INFO  statemachine.DatanodeStateMachine (DatanodeStateMachine.java:lambda$startDaemon$0(492)) - Ozone container server started.
2022-10-16 13:13:47,976 [Listener at 127.0.0.1/36155] INFO  ozone.MiniOzoneClusterImpl (MiniOzoneClusterImpl.java:lambda$waitForClusterToBeReady$0(216)) - Waiting for nodes to be ready. Got 0 of 5 DN Heartbeats.
2022-10-16 13:13:47,981 [Listener at 127.0.0.1/36155] INFO  ozone.MiniOzoneClusterImpl (MiniOzoneClusterImpl.java:lambda$waitForClusterToBeReady$0(219)) - Waiting for cluster to exit safe mode
2022-10-16 13:13:47,981 [Listener at 127.0.0.1/36155] INFO  ozone.MiniOzoneClusterImpl (MiniOzoneClusterImpl.java:lambda$waitForClusterToBeReady$0(221)) - SCM became leader
2022-10-16 13:13:47,991 [org.apache.hadoop.util.JvmPauseMonitor$Monitor@6c5b5538] INFO  util.JvmPauseMonitor (JvmPauseMonitor.java:run(188)) - Starting JVM pause monitor
2022-10-16 13:13:47,994 [Datanode State Machine Task Thread - 0] INFO  datanode.InitDatanodeState (InitDatanodeState.java:persistContainerDatanodeDetails(138)) - DatanodeDetails is persisted to /home/runner/work/ozone/ozone/hadoop-ozone/integration-test/target/test-dir/MiniOzoneClusterImpl-57f5d021-d9de-4630-9dce-fc102de9b2f6/datanode-4/meta/datanode.id
2022-10-16 13:13:48,605 [EndpointStateMachine task thread for /0.0.0.0:46513 - 0 ] INFO  volume.HddsVolume (HddsVolume.java:createDbStore(307)) - SchemaV3 db is created and loaded at /home/runner/work/ozone/ozone/hadoop-ozone/integration-test/target/test-dir/MiniOzoneClusterImpl-57f5d021-d9de-4630-9dce-fc102de9b2f6/datanode-0/data-0/containers/hdds/57f5d021-d9de-4630-9dce-fc102de9b2f6/DS-689a2c5b-35e5-4571-a8b5-6b91ec6c16ca/container.db for volume DS-689a2c5b-35e5-4571-a8b5-6b91ec6c16ca
2022-10-16 13:13:48,611 [EndpointStateMachine task thread for /0.0.0.0:46513 - 0 ] INFO  volume.HddsVolume (HddsVolume.java:closeDbStore(338)) - SchemaV3 db is stopped at /home/runner/work/ozone/ozone/hadoop-ozone/integration-test/target/test-dir/MiniOzoneClusterImpl-57f5d021-d9de-4630-9dce-fc102de9b2f6/datanode-0/data-0/containers/hdds/57f5d021-d9de-4630-9dce-fc102de9b2f6/DS-689a2c5b-35e5-4571-a8b5-6b91ec6c16ca/container.db for volume DS-689a2c5b-35e5-4571-a8b5-6b91ec6c16ca
2022-10-16 13:13:48,611 [EndpointStateMachine task thread for /0.0.0.0:46513 - 0 ] INFO  ozoneimpl.OzoneContainer (OzoneContainer.java:start(378)) - Attempting to start container services.
2022-10-16 13:13:48,613 [EndpointStateMachine task thread for /0.0.0.0:46513 - 0 ] INFO  ozoneimpl.OzoneContainer (OzoneContainer.java:startContainerScrub(313)) - Background container scanner has been disabled.
2022-10-16 13:13:48,614 [EndpointStateMachine task thread for /0.0.0.0:46513 - 0 ] INFO  replication.ReplicationServer (ReplicationServer.java:start(111)) - ReplicationServer is started using port 33567
2022-10-16 13:13:48,617 [EndpointStateMachine task thread for /0.0.0.0:46513 - 0 ] INFO  ratis.XceiverServerRatis (XceiverServerRatis.java:start(481)) - Starting XceiverServerRatis 56a38eed-0cc2-4715-835e-d068c92ebf74
2022-10-16 13:13:48,620 [EndpointStateMachine task thread for /0.0.0.0:46513 - 0 ] INFO  server.RaftServer (RaftServerProxy.java:lambda$start$6(382)) - 56a38eed-0cc2-4715-835e-d068c92ebf74: start RPC server
2022-10-16 13:13:48,622 [EndpointStateMachine task thread for /0.0.0.0:46513 - 0 ] INFO  server.GrpcService (GrpcService.java:startImpl(260)) - 56a38eed-0cc2-4715-835e-d068c92ebf74: GrpcService started, listening on 40671
2022-10-16 13:13:48,622 [EndpointStateMachine task thread for /0.0.0.0:46513 - 0 ] INFO  ratis.XceiverServerRatis (XceiverServerRatis.java:getRealPort(502)) - XceiverServerRatis 56a38eed-0cc2-4715-835e-d068c92ebf74 is started using port 40671 for RATIS
2022-10-16 13:13:48,622 [EndpointStateMachine task thread for /0.0.0.0:46513 - 0 ] INFO  ratis.XceiverServerRatis (XceiverServerRatis.java:getRealPort(502)) - XceiverServerRatis 56a38eed-0cc2-4715-835e-d068c92ebf74 is started using port 40671 for RATIS_ADMIN
2022-10-16 13:13:48,622 [EndpointStateMachine task thread for /0.0.0.0:46513 - 0 ] INFO  ratis.XceiverServerRatis (XceiverServerRatis.java:getRealPort(502)) - XceiverServerRatis 56a38eed-0cc2-4715-835e-d068c92ebf74 is started using port 40671 for RATIS_SERVER
2022-10-16 13:13:48,622 [org.apache.ratis.util.JvmPauseMonitor$$Lambda$639/339294883@207b7703] INFO  util.JvmPauseMonitor (JvmPauseMonitor.java:run(103)) - JvmPauseMonitor-56a38eed-0cc2-4715-835e-d068c92ebf74: Started
2022-10-16 13:13:48,626 [EndpointStateMachine task thread for /0.0.0.0:46513 - 0 ] INFO  server.XceiverServerGrpc (XceiverServerGrpc.java:start(180)) - XceiverServerGrpc 56a38eed-0cc2-4715-835e-d068c92ebf74 is started using port 37693
2022-10-16 13:13:48,910 [ReplicationMonitor] INFO  replication.ReplicationManager (ReplicationManager.java:processAll(291)) - Replication Manager is not ready to run until 3000ms after safemode exit
2022-10-16 13:13:48,944 [EndpointStateMachine task thread for /0.0.0.0:46513 - 0 ] INFO  volume.HddsVolume (HddsVolume.java:createDbStore(307)) - SchemaV3 db is created and loaded at /home/runner/work/ozone/ozone/hadoop-ozone/integration-test/target/test-dir/MiniOzoneClusterImpl-57f5d021-d9de-4630-9dce-fc102de9b2f6/datanode-1/data-0/containers/hdds/57f5d021-d9de-4630-9dce-fc102de9b2f6/DS-433f7bcf-f30b-4b2a-809c-0334bc67b162/container.db for volume DS-433f7bcf-f30b-4b2a-809c-0334bc67b162
2022-10-16 13:13:48,946 [EndpointStateMachine task thread for /0.0.0.0:46513 - 0 ] INFO  volume.HddsVolume (HddsVolume.java:closeDbStore(338)) - SchemaV3 db is stopped at /home/runner/work/ozone/ozone/hadoop-ozone/integration-test/target/test-dir/MiniOzoneClusterImpl-57f5d021-d9de-4630-9dce-fc102de9b2f6/datanode-1/data-0/containers/hdds/57f5d021-d9de-4630-9dce-fc102de9b2f6/DS-433f7bcf-f30b-4b2a-809c-0334bc67b162/container.db for volume DS-433f7bcf-f30b-4b2a-809c-0334bc67b162
2022-10-16 13:13:48,946 [EndpointStateMachine task thread for /0.0.0.0:46513 - 0 ] INFO  ozoneimpl.OzoneContainer (OzoneContainer.java:start(378)) - Attempting to start container services.
2022-10-16 13:13:48,946 [EndpointStateMachine task thread for /0.0.0.0:46513 - 0 ] INFO  ozoneimpl.OzoneContainer (OzoneContainer.java:startContainerScrub(313)) - Background container scanner has been disabled.
2022-10-16 13:13:48,948 [EndpointStateMachine task thread for /0.0.0.0:46513 - 0 ] INFO  replication.ReplicationServer (ReplicationServer.java:start(111)) - ReplicationServer is started using port 37885
2022-10-16 13:13:48,948 [EndpointStateMachine task thread for /0.0.0.0:46513 - 0 ] INFO  ratis.XceiverServerRatis (XceiverServerRatis.java:start(481)) - Starting XceiverServerRatis 19c5685d-7faf-4816-a074-b6158b4e61e2
2022-10-16 13:13:48,949 [EndpointStateMachine task thread for /0.0.0.0:46513 - 0 ] INFO  server.RaftServer (RaftServerProxy.java:lambda$start$6(382)) - 19c5685d-7faf-4816-a074-b6158b4e61e2: start RPC server
2022-10-16 13:13:48,951 [EndpointStateMachine task thread for /0.0.0.0:46513 - 0 ] INFO  server.GrpcService (GrpcService.java:startImpl(260)) - 19c5685d-7faf-4816-a074-b6158b4e61e2: GrpcService started, listening on 41227
2022-10-16 13:13:48,951 [EndpointStateMachine task thread for /0.0.0.0:46513 - 0 ] INFO  ratis.XceiverServerRatis (XceiverServerRatis.java:getRealPort(502)) - XceiverServerRatis 19c5685d-7faf-4816-a074-b6158b4e61e2 is started using port 41227 for RATIS
2022-10-16 13:13:48,951 [org.apache.ratis.util.JvmPauseMonitor$$Lambda$639/339294883@7b02cdb4] INFO  util.JvmPauseMonitor (JvmPauseMonitor.java:run(103)) - JvmPauseMonitor-19c5685d-7faf-4816-a074-b6158b4e61e2: Started
2022-10-16 13:13:48,951 [EndpointStateMachine task thread for /0.0.0.0:46513 - 0 ] INFO  ratis.XceiverServerRatis (XceiverServerRatis.java:getRealPort(502)) - XceiverServerRatis 19c5685d-7faf-4816-a074-b6158b4e61e2 is started using port 41227 for RATIS_ADMIN
2022-10-16 13:13:48,951 [EndpointStateMachine task thread for /0.0.0.0:46513 - 0 ] INFO  ratis.XceiverServerRatis (XceiverServerRatis.java:getRealPort(502)) - XceiverServerRatis 19c5685d-7faf-4816-a074-b6158b4e61e2 is started using port 41227 for RATIS_SERVER
2022-10-16 13:13:48,953 [EndpointStateMachine task thread for /0.0.0.0:46513 - 0 ] INFO  server.XceiverServerGrpc (XceiverServerGrpc.java:start(180)) - XceiverServerGrpc 19c5685d-7faf-4816-a074-b6158b4e61e2 is started using port 41075
2022-10-16 13:13:48,981 [Listener at 127.0.0.1/36155] INFO  ozone.MiniOzoneClusterImpl (MiniOzoneClusterImpl.java:lambda$waitForClusterToBeReady$0(216)) - Waiting for nodes to be ready. Got 0 of 5 DN Heartbeats.
2022-10-16 13:13:48,981 [Listener at 127.0.0.1/36155] INFO  ozone.MiniOzoneClusterImpl (MiniOzoneClusterImpl.java:lambda$waitForClusterToBeReady$0(219)) - Waiting for cluster to exit safe mode
2022-10-16 13:13:48,981 [Listener at 127.0.0.1/36155] INFO  ozone.MiniOzoneClusterImpl (MiniOzoneClusterImpl.java:lambda$waitForClusterToBeReady$0(221)) - SCM became leader
2022-10-16 13:13:49,426 [EndpointStateMachine task thread for /0.0.0.0:46513 - 0 ] INFO  volume.HddsVolume (HddsVolume.java:createDbStore(307)) - SchemaV3 db is created and loaded at /home/runner/work/ozone/ozone/hadoop-ozone/integration-test/target/test-dir/MiniOzoneClusterImpl-57f5d021-d9de-4630-9dce-fc102de9b2f6/datanode-2/data-0/containers/hdds/57f5d021-d9de-4630-9dce-fc102de9b2f6/DS-89547920-0722-4e46-a19f-c7f7bd306915/container.db for volume DS-89547920-0722-4e46-a19f-c7f7bd306915
2022-10-16 13:13:49,427 [EndpointStateMachine task thread for /0.0.0.0:46513 - 0 ] INFO  volume.HddsVolume (HddsVolume.java:closeDbStore(338)) - SchemaV3 db is stopped at /home/runner/work/ozone/ozone/hadoop-ozone/integration-test/target/test-dir/MiniOzoneClusterImpl-57f5d021-d9de-4630-9dce-fc102de9b2f6/datanode-2/data-0/containers/hdds/57f5d021-d9de-4630-9dce-fc102de9b2f6/DS-89547920-0722-4e46-a19f-c7f7bd306915/container.db for volume DS-89547920-0722-4e46-a19f-c7f7bd306915
2022-10-16 13:13:49,427 [EndpointStateMachine task thread for /0.0.0.0:46513 - 0 ] INFO  ozoneimpl.OzoneContainer (OzoneContainer.java:start(378)) - Attempting to start container services.
2022-10-16 13:13:49,428 [EndpointStateMachine task thread for /0.0.0.0:46513 - 0 ] INFO  ozoneimpl.OzoneContainer (OzoneContainer.java:startContainerScrub(313)) - Background container scanner has been disabled.
2022-10-16 13:13:49,430 [EndpointStateMachine task thread for /0.0.0.0:46513 - 0 ] INFO  replication.ReplicationServer (ReplicationServer.java:start(111)) - ReplicationServer is started using port 43039
2022-10-16 13:13:49,430 [EndpointStateMachine task thread for /0.0.0.0:46513 - 0 ] INFO  ratis.XceiverServerRatis (XceiverServerRatis.java:start(481)) - Starting XceiverServerRatis 15f04113-e53c-48b5-ac4f-c6d0b16f8f23
2022-10-16 13:13:49,430 [EndpointStateMachine task thread for /0.0.0.0:46513 - 0 ] INFO  server.RaftServer (RaftServerProxy.java:lambda$start$6(382)) - 15f04113-e53c-48b5-ac4f-c6d0b16f8f23: start RPC server
2022-10-16 13:13:49,432 [EndpointStateMachine task thread for /0.0.0.0:46513 - 0 ] INFO  server.GrpcService (GrpcService.java:startImpl(260)) - 15f04113-e53c-48b5-ac4f-c6d0b16f8f23: GrpcService started, listening on 33623
2022-10-16 13:13:49,432 [EndpointStateMachine task thread for /0.0.0.0:46513 - 0 ] INFO  ratis.XceiverServerRatis (XceiverServerRatis.java:getRealPort(502)) - XceiverServerRatis 15f04113-e53c-48b5-ac4f-c6d0b16f8f23 is started using port 33623 for RATIS
2022-10-16 13:13:49,432 [org.apache.ratis.util.JvmPauseMonitor$$Lambda$639/339294883@1c36e88a] INFO  util.JvmPauseMonitor (JvmPauseMonitor.java:run(103)) - JvmPauseMonitor-15f04113-e53c-48b5-ac4f-c6d0b16f8f23: Started
2022-10-16 13:13:49,432 [EndpointStateMachine task thread for /0.0.0.0:46513 - 0 ] INFO  ratis.XceiverServerRatis (XceiverServerRatis.java:getRealPort(502)) - XceiverServerRatis 15f04113-e53c-48b5-ac4f-c6d0b16f8f23 is started using port 33623 for RATIS_ADMIN
2022-10-16 13:13:49,433 [EndpointStateMachine task thread for /0.0.0.0:46513 - 0 ] INFO  ratis.XceiverServerRatis (XceiverServerRatis.java:getRealPort(502)) - XceiverServerRatis 15f04113-e53c-48b5-ac4f-c6d0b16f8f23 is started using port 33623 for RATIS_SERVER
2022-10-16 13:13:49,436 [EndpointStateMachine task thread for /0.0.0.0:46513 - 0 ] INFO  server.XceiverServerGrpc (XceiverServerGrpc.java:start(180)) - XceiverServerGrpc 15f04113-e53c-48b5-ac4f-c6d0b16f8f23 is started using port 44287
2022-10-16 13:13:49,717 [EndpointStateMachine task thread for /0.0.0.0:46513 - 0 ] INFO  volume.HddsVolume (HddsVolume.java:createDbStore(307)) - SchemaV3 db is created and loaded at /home/runner/work/ozone/ozone/hadoop-ozone/integration-test/target/test-dir/MiniOzoneClusterImpl-57f5d021-d9de-4630-9dce-fc102de9b2f6/datanode-3/data-0/containers/hdds/57f5d021-d9de-4630-9dce-fc102de9b2f6/DS-05c8d182-b9a9-44b4-b01b-da55fc7fd6d4/container.db for volume DS-05c8d182-b9a9-44b4-b01b-da55fc7fd6d4
2022-10-16 13:13:49,717 [EndpointStateMachine task thread for /0.0.0.0:46513 - 0 ] INFO  volume.HddsVolume (HddsVolume.java:closeDbStore(338)) - SchemaV3 db is stopped at /home/runner/work/ozone/ozone/hadoop-ozone/integration-test/target/test-dir/MiniOzoneClusterImpl-57f5d021-d9de-4630-9dce-fc102de9b2f6/datanode-3/data-0/containers/hdds/57f5d021-d9de-4630-9dce-fc102de9b2f6/DS-05c8d182-b9a9-44b4-b01b-da55fc7fd6d4/container.db for volume DS-05c8d182-b9a9-44b4-b01b-da55fc7fd6d4
2022-10-16 13:13:49,718 [EndpointStateMachine task thread for /0.0.0.0:46513 - 0 ] INFO  ozoneimpl.OzoneContainer (OzoneContainer.java:start(378)) - Attempting to start container services.
2022-10-16 13:13:49,718 [EndpointStateMachine task thread for /0.0.0.0:46513 - 0 ] INFO  ozoneimpl.OzoneContainer (OzoneContainer.java:startContainerScrub(313)) - Background container scanner has been disabled.
2022-10-16 13:13:49,720 [EndpointStateMachine task thread for /0.0.0.0:46513 - 0 ] INFO  replication.ReplicationServer (ReplicationServer.java:start(111)) - ReplicationServer is started using port 33315
2022-10-16 13:13:49,721 [EndpointStateMachine task thread for /0.0.0.0:46513 - 0 ] INFO  ratis.XceiverServerRatis (XceiverServerRatis.java:start(481)) - Starting XceiverServerRatis d6bb9e09-7a5d-4d11-b65a-7cc5dc53b33d
2022-10-16 13:13:49,721 [EndpointStateMachine task thread for /0.0.0.0:46513 - 0 ] INFO  server.RaftServer (RaftServerProxy.java:lambda$start$6(382)) - d6bb9e09-7a5d-4d11-b65a-7cc5dc53b33d: start RPC server
2022-10-16 13:13:49,722 [EndpointStateMachine task thread for /0.0.0.0:46513 - 0 ] INFO  server.GrpcService (GrpcService.java:startImpl(260)) - d6bb9e09-7a5d-4d11-b65a-7cc5dc53b33d: GrpcService started, listening on 35493
2022-10-16 13:13:49,723 [EndpointStateMachine task thread for /0.0.0.0:46513 - 0 ] INFO  ratis.XceiverServerRatis (XceiverServerRatis.java:getRealPort(502)) - XceiverServerRatis d6bb9e09-7a5d-4d11-b65a-7cc5dc53b33d is started using port 35493 for RATIS
2022-10-16 13:13:49,723 [org.apache.ratis.util.JvmPauseMonitor$$Lambda$639/339294883@263377c5] INFO  util.JvmPauseMonitor (JvmPauseMonitor.java:run(103)) - JvmPauseMonitor-d6bb9e09-7a5d-4d11-b65a-7cc5dc53b33d: Started
2022-10-16 13:13:49,723 [EndpointStateMachine task thread for /0.0.0.0:46513 - 0 ] INFO  ratis.XceiverServerRatis (XceiverServerRatis.java:getRealPort(502)) - XceiverServerRatis d6bb9e09-7a5d-4d11-b65a-7cc5dc53b33d is started using port 35493 for RATIS_ADMIN
2022-10-16 13:13:49,723 [EndpointStateMachine task thread for /0.0.0.0:46513 - 0 ] INFO  ratis.XceiverServerRatis (XceiverServerRatis.java:getRealPort(502)) - XceiverServerRatis d6bb9e09-7a5d-4d11-b65a-7cc5dc53b33d is started using port 35493 for RATIS_SERVER
2022-10-16 13:13:49,729 [EndpointStateMachine task thread for /0.0.0.0:46513 - 0 ] INFO  server.XceiverServerGrpc (XceiverServerGrpc.java:start(180)) - XceiverServerGrpc d6bb9e09-7a5d-4d11-b65a-7cc5dc53b33d is started using port 43787
2022-10-16 13:13:49,910 [ReplicationMonitor] INFO  replication.ReplicationManager (ReplicationManager.java:processAll(291)) - Replication Manager is not ready to run until 3000ms after safemode exit
2022-10-16 13:13:49,981 [Listener at 127.0.0.1/36155] INFO  ozone.MiniOzoneClusterImpl (MiniOzoneClusterImpl.java:lambda$waitForClusterToBeReady$0(216)) - Waiting for nodes to be ready. Got 0 of 5 DN Heartbeats.
2022-10-16 13:13:49,982 [Listener at 127.0.0.1/36155] INFO  ozone.MiniOzoneClusterImpl (MiniOzoneClusterImpl.java:lambda$waitForClusterToBeReady$0(219)) - Waiting for cluster to exit safe mode
2022-10-16 13:13:49,982 [Listener at 127.0.0.1/36155] INFO  ozone.MiniOzoneClusterImpl (MiniOzoneClusterImpl.java:lambda$waitForClusterToBeReady$0(221)) - SCM became leader
2022-10-16 13:13:50,026 [EndpointStateMachine task thread for /0.0.0.0:46513 - 0 ] INFO  volume.HddsVolume (HddsVolume.java:createDbStore(307)) - SchemaV3 db is created and loaded at /home/runner/work/ozone/ozone/hadoop-ozone/integration-test/target/test-dir/MiniOzoneClusterImpl-57f5d021-d9de-4630-9dce-fc102de9b2f6/datanode-4/data-0/containers/hdds/57f5d021-d9de-4630-9dce-fc102de9b2f6/DS-5263dfbd-a0be-438a-81d0-4eab420bd3c0/container.db for volume DS-5263dfbd-a0be-438a-81d0-4eab420bd3c0
2022-10-16 13:13:50,027 [EndpointStateMachine task thread for /0.0.0.0:46513 - 0 ] INFO  volume.HddsVolume (HddsVolume.java:closeDbStore(338)) - SchemaV3 db is stopped at /home/runner/work/ozone/ozone/hadoop-ozone/integration-test/target/test-dir/MiniOzoneClusterImpl-57f5d021-d9de-4630-9dce-fc102de9b2f6/datanode-4/data-0/containers/hdds/57f5d021-d9de-4630-9dce-fc102de9b2f6/DS-5263dfbd-a0be-438a-81d0-4eab420bd3c0/container.db for volume DS-5263dfbd-a0be-438a-81d0-4eab420bd3c0
2022-10-16 13:13:50,027 [EndpointStateMachine task thread for /0.0.0.0:46513 - 0 ] INFO  ozoneimpl.OzoneContainer (OzoneContainer.java:start(378)) - Attempting to start container services.
2022-10-16 13:13:50,027 [EndpointStateMachine task thread for /0.0.0.0:46513 - 0 ] INFO  ozoneimpl.OzoneContainer (OzoneContainer.java:startContainerScrub(313)) - Background container scanner has been disabled.
2022-10-16 13:13:50,029 [EndpointStateMachine task thread for /0.0.0.0:46513 - 0 ] INFO  replication.ReplicationServer (ReplicationServer.java:start(111)) - ReplicationServer is started using port 37823
2022-10-16 13:13:50,030 [EndpointStateMachine task thread for /0.0.0.0:46513 - 0 ] INFO  ratis.XceiverServerRatis (XceiverServerRatis.java:start(481)) - Starting XceiverServerRatis 38a9bf41-2224-4aa1-adc3-26a20af34a93
2022-10-16 13:13:50,030 [EndpointStateMachine task thread for /0.0.0.0:46513 - 0 ] INFO  server.RaftServer (RaftServerProxy.java:lambda$start$6(382)) - 38a9bf41-2224-4aa1-adc3-26a20af34a93: start RPC server
2022-10-16 13:13:50,032 [EndpointStateMachine task thread for /0.0.0.0:46513 - 0 ] INFO  server.GrpcService (GrpcService.java:startImpl(260)) - 38a9bf41-2224-4aa1-adc3-26a20af34a93: GrpcService started, listening on 37671
2022-10-16 13:13:50,033 [EndpointStateMachine task thread for /0.0.0.0:46513 - 0 ] INFO  ratis.XceiverServerRatis (XceiverServerRatis.java:getRealPort(502)) - XceiverServerRatis 38a9bf41-2224-4aa1-adc3-26a20af34a93 is started using port 37671 for RATIS
2022-10-16 13:13:50,033 [org.apache.ratis.util.JvmPauseMonitor$$Lambda$639/339294883@7596e47b] INFO  util.JvmPauseMonitor (JvmPauseMonitor.java:run(103)) - JvmPauseMonitor-38a9bf41-2224-4aa1-adc3-26a20af34a93: Started
2022-10-16 13:13:50,033 [EndpointStateMachine task thread for /0.0.0.0:46513 - 0 ] INFO  ratis.XceiverServerRatis (XceiverServerRatis.java:getRealPort(502)) - XceiverServerRatis 38a9bf41-2224-4aa1-adc3-26a20af34a93 is started using port 37671 for RATIS_ADMIN
2022-10-16 13:13:50,033 [EndpointStateMachine task thread for /0.0.0.0:46513 - 0 ] INFO  ratis.XceiverServerRatis (XceiverServerRatis.java:getRealPort(502)) - XceiverServerRatis 38a9bf41-2224-4aa1-adc3-26a20af34a93 is started using port 37671 for RATIS_SERVER
2022-10-16 13:13:50,037 [EndpointStateMachine task thread for /0.0.0.0:46513 - 0 ] INFO  server.XceiverServerGrpc (XceiverServerGrpc.java:start(180)) - XceiverServerGrpc 38a9bf41-2224-4aa1-adc3-26a20af34a93 is started using port 34011
2022-10-16 13:13:50,528 [IPC Server handler 1 on default port 46513] INFO  net.NetworkTopologyImpl (NetworkTopologyImpl.java:add(112)) - Added a new node: /default-rack/56a38eed-0cc2-4715-835e-d068c92ebf74
2022-10-16 13:13:50,529 [IPC Server handler 1 on default port 46513] INFO  node.SCMNodeManager (SCMNodeManager.java:register(397)) - Registered Data node : 56a38eed-0cc2-4715-835e-d068c92ebf74{ip: 10.1.0.60, host: fv-az308-250.etcbaq1qs54eplwmrjlabigyle.cx.internal.cloudapp.net, ports: [REPLICATION=33567, RATIS=40671, RATIS_ADMIN=40671, RATIS_SERVER=40671, STANDALONE=37693], networkLocation: /default-rack, certSerialId: null, persistedOpState: null, persistedOpStateExpiryEpochSec: 0}
2022-10-16 13:13:50,532 [EventQueue-NewNodeForNewNodeHandler] INFO  pipeline.BackgroundPipelineCreator (BackgroundPipelineCreator.java:notifyEventTriggered(276)) - trigger a one-shot run on RatisPipelineUtilsThread.
2022-10-16 13:13:50,539 [RatisPipelineUtilsThread - 0] INFO  pipeline.RatisPipelineProvider (RatisPipelineProvider.java:lambda$create$0(195)) - Sending CreatePipelineCommand for pipeline:PipelineID=303cd470-5518-4f98-a976-876fee44ed6c to datanode:56a38eed-0cc2-4715-835e-d068c92ebf74
2022-10-16 13:13:50,539 [EventQueue-NodeRegistrationContainerReportForContainerSafeModeRule] INFO  safemode.SCMSafeModeManager (SCMSafeModeManager.java:validateSafeModeExitRules(204)) - ContainerSafeModeRule rule is successfully validated
2022-10-16 13:13:50,547 [RatisPipelineUtilsThread - 0] INFO  pipeline.PipelineStateManagerImpl (PipelineStateManagerImpl.java:addPipeline(103)) - Created pipeline Pipeline[ Id: 303cd470-5518-4f98-a976-876fee44ed6c, Nodes: 56a38eed-0cc2-4715-835e-d068c92ebf74{ip: 10.1.0.60, host: fv-az308-250.etcbaq1qs54eplwmrjlabigyle.cx.internal.cloudapp.net, ports: [REPLICATION=33567, RATIS=40671, RATIS_ADMIN=40671, RATIS_SERVER=40671, STANDALONE=37693], networkLocation: /default-rack, certSerialId: null, persistedOpState: IN_SERVICE, persistedOpStateExpiryEpochSec: 0}, ReplicationConfig: RATIS/ONE, State:ALLOCATED, leaderId:, CreationTimestamp2022-10-16T13:13:50.538Z[Etc/UTC]].
2022-10-16 13:13:50,548 [EventQueue-NodeRegistrationContainerReportForDataNodeSafeModeRule] INFO  safemode.SCMSafeModeManager (DataNodeSafeModeRule.java:process(71)) - SCM in safe mode. 1 DataNodes registered, 3 required.
2022-10-16 13:13:50,551 [EventQueue-PipelineReportForOneReplicaPipelineSafeModeRule] INFO  safemode.SCMSafeModeManager (SCMSafeModeManager.java:validateSafeModeExitRules(204)) - AtleastOneDatanodeReportedRule rule is successfully validated
2022-10-16 13:13:50,911 [ReplicationMonitor] INFO  replication.ReplicationManager (ReplicationManager.java:processAll(291)) - Replication Manager is not ready to run until 3000ms after safemode exit
2022-10-16 13:13:50,911 [IPC Server handler 0 on default port 46513] INFO  net.NetworkTopologyImpl (NetworkTopologyImpl.java:add(112)) - Added a new node: /default-rack/19c5685d-7faf-4816-a074-b6158b4e61e2
2022-10-16 13:13:50,911 [IPC Server handler 0 on default port 46513] INFO  node.SCMNodeManager (SCMNodeManager.java:register(397)) - Registered Data node : 19c5685d-7faf-4816-a074-b6158b4e61e2{ip: 10.1.0.60, host: fv-az308-250.etcbaq1qs54eplwmrjlabigyle.cx.internal.cloudapp.net, ports: [REPLICATION=37885, RATIS=41227, RATIS_ADMIN=41227, RATIS_SERVER=41227, STANDALONE=41075], networkLocation: /default-rack, certSerialId: null, persistedOpState: null, persistedOpStateExpiryEpochSec: 0}
2022-10-16 13:13:50,912 [EventQueue-NodeRegistrationContainerReportForDataNodeSafeModeRule] INFO  safemode.SCMSafeModeManager (DataNodeSafeModeRule.java:process(71)) - SCM in safe mode. 2 DataNodes registered, 3 required.
2022-10-16 13:13:50,912 [EventQueue-NewNodeForNewNodeHandler] INFO  pipeline.BackgroundPipelineCreator (BackgroundPipelineCreator.java:notifyEventTriggered(276)) - trigger a one-shot run on RatisPipelineUtilsThread.
2022-10-16 13:13:50,913 [RatisPipelineUtilsThread - 0] INFO  pipeline.RatisPipelineProvider (RatisPipelineProvider.java:lambda$create$0(195)) - Sending CreatePipelineCommand for pipeline:PipelineID=5850687a-a38c-49db-b1b7-d501797e6531 to datanode:19c5685d-7faf-4816-a074-b6158b4e61e2
2022-10-16 13:13:50,914 [RatisPipelineUtilsThread - 0] INFO  pipeline.PipelineStateManagerImpl (PipelineStateManagerImpl.java:addPipeline(103)) - Created pipeline Pipeline[ Id: 5850687a-a38c-49db-b1b7-d501797e6531, Nodes: 19c5685d-7faf-4816-a074-b6158b4e61e2{ip: 10.1.0.60, host: fv-az308-250.etcbaq1qs54eplwmrjlabigyle.cx.internal.cloudapp.net, ports: [REPLICATION=37885, RATIS=41227, RATIS_ADMIN=41227, RATIS_SERVER=41227, STANDALONE=41075], networkLocation: /default-rack, certSerialId: null, persistedOpState: IN_SERVICE, persistedOpStateExpiryEpochSec: 0}, ReplicationConfig: RATIS/ONE, State:ALLOCATED, leaderId:, CreationTimestamp2022-10-16T13:13:50.913Z[Etc/UTC]].
2022-10-16 13:13:50,982 [Listener at 127.0.0.1/36155] INFO  ozone.MiniOzoneClusterImpl (MiniOzoneClusterImpl.java:lambda$waitForClusterToBeReady$0(216)) - Waiting for nodes to be ready. Got 2 of 5 DN Heartbeats.
2022-10-16 13:13:50,982 [Listener at 127.0.0.1/36155] INFO  ozone.MiniOzoneClusterImpl (MiniOzoneClusterImpl.java:lambda$waitForClusterToBeReady$0(219)) - Waiting for cluster to exit safe mode
2022-10-16 13:13:50,982 [Listener at 127.0.0.1/36155] INFO  ozone.MiniOzoneClusterImpl (MiniOzoneClusterImpl.java:lambda$waitForClusterToBeReady$0(221)) - SCM became leader
2022-10-16 13:13:51,386 [IPC Server handler 1 on default port 46513] INFO  net.NetworkTopologyImpl (NetworkTopologyImpl.java:add(112)) - Added a new node: /default-rack/15f04113-e53c-48b5-ac4f-c6d0b16f8f23
2022-10-16 13:13:51,387 [IPC Server handler 1 on default port 46513] INFO  node.SCMNodeManager (SCMNodeManager.java:register(397)) - Registered Data node : 15f04113-e53c-48b5-ac4f-c6d0b16f8f23{ip: 10.1.0.60, host: fv-az308-250.etcbaq1qs54eplwmrjlabigyle.cx.internal.cloudapp.net, ports: [REPLICATION=43039, RATIS=33623, RATIS_ADMIN=33623, RATIS_SERVER=33623, STANDALONE=44287], networkLocation: /default-rack, certSerialId: null, persistedOpState: null, persistedOpStateExpiryEpochSec: 0}
2022-10-16 13:13:51,387 [EventQueue-NewNodeForNewNodeHandler] INFO  pipeline.BackgroundPipelineCreator (BackgroundPipelineCreator.java:notifyEventTriggered(276)) - trigger a one-shot run on RatisPipelineUtilsThread.
2022-10-16 13:13:51,387 [RatisPipelineUtilsThread - 0] INFO  pipeline.RatisPipelineProvider (RatisPipelineProvider.java:lambda$create$0(195)) - Sending CreatePipelineCommand for pipeline:PipelineID=568b7d33-1fb5-4bd3-b88d-bbc814ab74aa to datanode:15f04113-e53c-48b5-ac4f-c6d0b16f8f23
2022-10-16 13:13:51,388 [EventQueue-NodeRegistrationContainerReportForDataNodeSafeModeRule] INFO  safemode.SCMSafeModeManager (DataNodeSafeModeRule.java:process(71)) - SCM in safe mode. 3 DataNodes registered, 3 required.
2022-10-16 13:13:51,388 [EventQueue-NodeRegistrationContainerReportForDataNodeSafeModeRule] INFO  safemode.SCMSafeModeManager (SCMSafeModeManager.java:validateSafeModeExitRules(204)) - DataNodeSafeModeRule rule is successfully validated
2022-10-16 13:13:51,388 [EventQueue-NodeRegistrationContainerReportForDataNodeSafeModeRule] INFO  safemode.SCMSafeModeManager (SCMSafeModeManager.java:completePreCheck(233)) - All SCM safe mode pre check rules have passed
2022-10-16 13:13:51,388 [EventQueue-NodeRegistrationContainerReportForDataNodeSafeModeRule] WARN  events.EventQueue (EventQueue.java:fireEvent(216)) - No event handler registered for event TypedEvent{payloadType=SafeModeStatus, name='Safe mode status'}
2022-10-16 13:13:51,388 [EventQueue-NodeRegistrationContainerReportForDataNodeSafeModeRule] INFO  ha.SCMContext (SCMContext.java:updateSafeModeStatus(228)) - Update SafeModeStatus from SafeModeStatus{safeModeStatus=true, preCheckPassed=false} to SafeModeStatus{safeModeStatus=true, preCheckPassed=true}.
2022-10-16 13:13:51,388 [EventQueue-NodeRegistrationContainerReportForDataNodeSafeModeRule] INFO  pipeline.BackgroundPipelineCreator (BackgroundPipelineCreator.java:notifyEventTriggered(276)) - trigger a one-shot run on RatisPipelineUtilsThread.
2022-10-16 13:13:51,389 [RatisPipelineUtilsThread - 0] INFO  pipeline.PipelineStateManagerImpl (PipelineStateManagerImpl.java:addPipeline(103)) - Created pipeline Pipeline[ Id: 568b7d33-1fb5-4bd3-b88d-bbc814ab74aa, Nodes: 15f04113-e53c-48b5-ac4f-c6d0b16f8f23{ip: 10.1.0.60, host: fv-az308-250.etcbaq1qs54eplwmrjlabigyle.cx.internal.cloudapp.net, ports: [REPLICATION=43039, RATIS=33623, RATIS_ADMIN=33623, RATIS_SERVER=33623, STANDALONE=44287], networkLocation: /default-rack, certSerialId: null, persistedOpState: IN_SERVICE, persistedOpStateExpiryEpochSec: 0}, ReplicationConfig: RATIS/ONE, State:ALLOCATED, leaderId:, CreationTimestamp2022-10-16T13:13:51.387Z[Etc/UTC]].
2022-10-16 13:13:51,392 [RatisPipelineUtilsThread - 0] INFO  pipeline.RatisPipelineProvider (RatisPipelineProvider.java:lambda$create$0(195)) - Sending CreatePipelineCommand for pipeline:PipelineID=913966db-1625-4a54-8764-0ee3829b0ef9 to datanode:56a38eed-0cc2-4715-835e-d068c92ebf74
2022-10-16 13:13:51,393 [RatisPipelineUtilsThread - 0] INFO  pipeline.RatisPipelineProvider (RatisPipelineProvider.java:lambda$create$0(195)) - Sending CreatePipelineCommand for pipeline:PipelineID=913966db-1625-4a54-8764-0ee3829b0ef9 to datanode:15f04113-e53c-48b5-ac4f-c6d0b16f8f23
2022-10-16 13:13:51,393 [RatisPipelineUtilsThread - 0] INFO  pipeline.RatisPipelineProvider (RatisPipelineProvider.java:lambda$create$0(195)) - Sending CreatePipelineCommand for pipeline:PipelineID=913966db-1625-4a54-8764-0ee3829b0ef9 to datanode:19c5685d-7faf-4816-a074-b6158b4e61e2
2022-10-16 13:13:51,393 [RatisPipelineUtilsThread - 0] INFO  pipeline.PipelineStateManagerImpl (PipelineStateManagerImpl.java:addPipeline(103)) - Created pipeline Pipeline[ Id: 913966db-1625-4a54-8764-0ee3829b0ef9, Nodes: 56a38eed-0cc2-4715-835e-d068c92ebf74{ip: 10.1.0.60, host: fv-az308-250.etcbaq1qs54eplwmrjlabigyle.cx.internal.cloudapp.net, ports: [REPLICATION=33567, RATIS=40671, RATIS_ADMIN=40671, RATIS_SERVER=40671, STANDALONE=37693], networkLocation: /default-rack, certSerialId: null, persistedOpState: IN_SERVICE, persistedOpStateExpiryEpochSec: 0}15f04113-e53c-48b5-ac4f-c6d0b16f8f23{ip: 10.1.0.60, host: fv-az308-250.etcbaq1qs54eplwmrjlabigyle.cx.internal.cloudapp.net, ports: [REPLICATION=43039, RATIS=33623, RATIS_ADMIN=33623, RATIS_SERVER=33623, STANDALONE=44287], networkLocation: /default-rack, certSerialId: null, persistedOpState: IN_SERVICE, persistedOpStateExpiryEpochSec: 0}19c5685d-7faf-4816-a074-b6158b4e61e2{ip: 10.1.0.60, host: fv-az308-250.etcbaq1qs54eplwmrjlabigyle.cx.internal.cloudapp.net, ports: [REPLICATION=37885, RATIS=41227, RATIS_ADMIN=41227, RATIS_SERVER=41227, STANDALONE=41075], networkLocation: /default-rack, certSerialId: null, persistedOpState: IN_SERVICE, persistedOpStateExpiryEpochSec: 0}, ReplicationConfig: RATIS/THREE, State:ALLOCATED, leaderId:, CreationTimestamp2022-10-16T13:13:51.392Z[Etc/UTC]].
2022-10-16 13:13:51,686 [IPC Server handler 3 on default port 46513] INFO  net.NetworkTopologyImpl (NetworkTopologyImpl.java:add(112)) - Added a new node: /default-rack/d6bb9e09-7a5d-4d11-b65a-7cc5dc53b33d
2022-10-16 13:13:51,687 [IPC Server handler 3 on default port 46513] INFO  node.SCMNodeManager (SCMNodeManager.java:register(397)) - Registered Data node : d6bb9e09-7a5d-4d11-b65a-7cc5dc53b33d{ip: 10.1.0.60, host: fv-az308-250.etcbaq1qs54eplwmrjlabigyle.cx.internal.cloudapp.net, ports: [REPLICATION=33315, RATIS=35493, RATIS_ADMIN=35493, RATIS_SERVER=35493, STANDALONE=43787], networkLocation: /default-rack, certSerialId: null, persistedOpState: null, persistedOpStateExpiryEpochSec: 0}
2022-10-16 13:13:51,687 [EventQueue-NewNodeForNewNodeHandler] INFO  pipeline.BackgroundPipelineCreator (BackgroundPipelineCreator.java:notifyEventTriggered(276)) - trigger a one-shot run on RatisPipelineUtilsThread.
2022-10-16 13:13:51,688 [RatisPipelineUtilsThread - 0] INFO  pipeline.RatisPipelineProvider (RatisPipelineProvider.java:lambda$create$0(195)) - Sending CreatePipelineCommand for pipeline:PipelineID=6cd84686-a9da-4b28-b289-25894138464c to datanode:d6bb9e09-7a5d-4d11-b65a-7cc5dc53b33d
2022-10-16 13:13:51,689 [RatisPipelineUtilsThread - 0] INFO  pipeline.PipelineStateManagerImpl (PipelineStateManagerImpl.java:addPipeline(103)) - Created pipeline Pipeline[ Id: 6cd84686-a9da-4b28-b289-25894138464c, Nodes: d6bb9e09-7a5d-4d11-b65a-7cc5dc53b33d{ip: 10.1.0.60, host: fv-az308-250.etcbaq1qs54eplwmrjlabigyle.cx.internal.cloudapp.net, ports: [REPLICATION=33315, RATIS=35493, RATIS_ADMIN=35493, RATIS_SERVER=35493, STANDALONE=43787], networkLocation: /default-rack, certSerialId: null, persistedOpState: IN_SERVICE, persistedOpStateExpiryEpochSec: 0}, ReplicationConfig: RATIS/ONE, State:ALLOCATED, leaderId:, CreationTimestamp2022-10-16T13:13:51.688Z[Etc/UTC]].
2022-10-16 13:13:51,911 [ReplicationMonitor] INFO  replication.ReplicationManager (ReplicationManager.java:processAll(291)) - Replication Manager is not ready to run until 3000ms after safemode exit
2022-10-16 13:13:51,982 [Listener at 127.0.0.1/36155] INFO  ozone.MiniOzoneClusterImpl (MiniOzoneClusterImpl.java:lambda$waitForClusterToBeReady$0(216)) - Waiting for nodes to be ready. Got 4 of 5 DN Heartbeats.
2022-10-16 13:13:51,983 [Listener at 127.0.0.1/36155] INFO  ozone.MiniOzoneClusterImpl (MiniOzoneClusterImpl.java:lambda$waitForClusterToBeReady$0(219)) - Waiting for cluster to exit safe mode
2022-10-16 13:13:51,983 [Listener at 127.0.0.1/36155] INFO  ozone.MiniOzoneClusterImpl (MiniOzoneClusterImpl.java:lambda$waitForClusterToBeReady$0(221)) - SCM became leader
2022-10-16 13:13:51,993 [IPC Server handler 2 on default port 46513] INFO  net.NetworkTopologyImpl (NetworkTopologyImpl.java:add(112)) - Added a new node: /default-rack/38a9bf41-2224-4aa1-adc3-26a20af34a93
2022-10-16 13:13:51,993 [IPC Server handler 2 on default port 46513] INFO  node.SCMNodeManager (SCMNodeManager.java:register(397)) - Registered Data node : 38a9bf41-2224-4aa1-adc3-26a20af34a93{ip: 10.1.0.60, host: fv-az308-250.etcbaq1qs54eplwmrjlabigyle.cx.internal.cloudapp.net, ports: [REPLICATION=37823, RATIS=37671, RATIS_ADMIN=37671, RATIS_SERVER=37671, STANDALONE=34011], networkLocation: /default-rack, certSerialId: null, persistedOpState: null, persistedOpStateExpiryEpochSec: 0}
2022-10-16 13:13:51,994 [EventQueue-NewNodeForNewNodeHandler] INFO  pipeline.BackgroundPipelineCreator (BackgroundPipelineCreator.java:notifyEventTriggered(276)) - trigger a one-shot run on RatisPipelineUtilsThread.
2022-10-16 13:13:51,995 [RatisPipelineUtilsThread - 0] INFO  pipeline.RatisPipelineProvider (RatisPipelineProvider.java:lambda$create$0(195)) - Sending CreatePipelineCommand for pipeline:PipelineID=3ef6c476-1ca6-41ac-93d8-4457fecf7044 to datanode:38a9bf41-2224-4aa1-adc3-26a20af34a93
2022-10-16 13:13:51,996 [RatisPipelineUtilsThread - 0] INFO  pipeline.PipelineStateManagerImpl (PipelineStateManagerImpl.java:addPipeline(103)) - Created pipeline Pipeline[ Id: 3ef6c476-1ca6-41ac-93d8-4457fecf7044, Nodes: 38a9bf41-2224-4aa1-adc3-26a20af34a93{ip: 10.1.0.60, host: fv-az308-250.etcbaq1qs54eplwmrjlabigyle.cx.internal.cloudapp.net, ports: [REPLICATION=37823, RATIS=37671, RATIS_ADMIN=37671, RATIS_SERVER=37671, STANDALONE=34011], networkLocation: /default-rack, certSerialId: null, persistedOpState: IN_SERVICE, persistedOpStateExpiryEpochSec: 0}, ReplicationConfig: RATIS/ONE, State:ALLOCATED, leaderId:, CreationTimestamp2022-10-16T13:13:51.995Z[Etc/UTC]].
2022-10-16 13:13:52,911 [ReplicationMonitor] INFO  replication.ReplicationManager (ReplicationManager.java:processAll(291)) - Replication Manager is not ready to run until 3000ms after safemode exit
2022-10-16 13:13:52,984 [Listener at 127.0.0.1/36155] INFO  ozone.MiniOzoneClusterImpl (MiniOzoneClusterImpl.java:lambda$waitForClusterToBeReady$0(216)) - Nodes are ready. Got 5 of 5 DN Heartbeats.
2022-10-16 13:13:52,985 [Listener at 127.0.0.1/36155] INFO  ozone.MiniOzoneClusterImpl (MiniOzoneClusterImpl.java:lambda$waitForClusterToBeReady$0(219)) - Waiting for cluster to exit safe mode
2022-10-16 13:13:52,985 [Listener at 127.0.0.1/36155] INFO  ozone.MiniOzoneClusterImpl (MiniOzoneClusterImpl.java:lambda$waitForClusterToBeReady$0(221)) - SCM became leader
2022-10-16 13:13:53,528 [Command processor thread] INFO  server.RaftServer (RaftServerProxy.java:addNew(96)) - 56a38eed-0cc2-4715-835e-d068c92ebf74: addNew group-876FEE44ED6C:[56a38eed-0cc2-4715-835e-d068c92ebf74|rpc:10.1.0.60:40671|priority:1] returns group-876FEE44ED6C:java.util.concurrent.CompletableFuture@3399c224[Not completed]
2022-10-16 13:13:53,538 [pool-72-thread-1] INFO  server.RaftServer$Division (RaftServerImpl.java:<init>(190)) - 56a38eed-0cc2-4715-835e-d068c92ebf74: new RaftServerImpl for group-876FEE44ED6C:[56a38eed-0cc2-4715-835e-d068c92ebf74|rpc:10.1.0.60:40671|priority:1] with ContainerStateMachine:uninitialized
2022-10-16 13:13:53,538 [pool-72-thread-1] INFO  server.RaftServerConfigKeys (ConfUtils.java:logGet(46)) - raft.server.rpc.timeout.min = 5s (custom)
2022-10-16 13:13:53,538 [pool-72-thread-1] INFO  server.RaftServerConfigKeys (ConfUtils.java:logGet(46)) - raft.server.rpc.timeout.max = 5200ms (custom)
2022-10-16 13:13:53,538 [pool-72-thread-1] INFO  server.RaftServerConfigKeys (ConfUtils.java:logGet(46)) - raft.server.rpc.sleep.time = 25ms (default)
2022-10-16 13:13:53,539 [pool-72-thread-1] INFO  server.RaftServerConfigKeys (ConfUtils.java:logGet(46)) - raft.server.rpc.slowness.timeout = 300s (custom)
2022-10-16 13:13:53,539 [pool-72-thread-1] INFO  server.RaftServerConfigKeys (ConfUtils.java:logGet(46)) - raft.server.leaderelection.leader.step-down.wait-time = 10s (default)
2022-10-16 13:13:53,539 [pool-72-thread-1] INFO  server.RaftServerConfigKeys (ConfUtils.java:logGet(46)) - raft.server.sleep.deviation.threshold = 300ms (default)
2022-10-16 13:13:53,539 [pool-72-thread-1] INFO  server.RaftServer$Division (ServerState.java:<init>(107)) - 56a38eed-0cc2-4715-835e-d068c92ebf74@group-876FEE44ED6C: ConfigurationManager, init=-1: [56a38eed-0cc2-4715-835e-d068c92ebf74|rpc:10.1.0.60:40671|priority:1], old=null, confs=<EMPTY_MAP>
2022-10-16 13:13:53,539 [pool-72-thread-1] INFO  server.RaftServerConfigKeys (ConfUtils.java:logGet(46)) - raft.server.storage.dir = [/home/runner/work/ozone/ozone/hadoop-ozone/integration-test/target/test-dir/MiniOzoneClusterImpl-57f5d021-d9de-4630-9dce-fc102de9b2f6/datanode-0/data/ratis] (custom)
2022-10-16 13:13:53,539 [pool-72-thread-1] INFO  server.RaftServerConfigKeys (ConfUtils.java:logGet(46)) - raft.server.log.corruption.policy = EXCEPTION (default)
2022-10-16 13:13:53,539 [pool-72-thread-1] INFO  server.RaftServerConfigKeys (ConfUtils.java:logGet(46)) - raft.server.storage.free-space.min = 0MB (=0) (default)
2022-10-16 13:13:53,539 [pool-72-thread-1] INFO  storage.RaftStorageDirectory (RaftStorageDirectoryImpl.java:analyzeStorage(135)) - The storage directory /home/runner/work/ozone/ozone/hadoop-ozone/integration-test/target/test-dir/MiniOzoneClusterImpl-57f5d021-d9de-4630-9dce-fc102de9b2f6/datanode-0/data/ratis/303cd470-5518-4f98-a976-876fee44ed6c does not exist. Creating ...
2022-10-16 13:13:53,541 [pool-72-thread-1] INFO  storage.RaftStorageDirectory (RaftStorageDirectoryImpl.java:tryLock(230)) - Lock on /home/runner/work/ozone/ozone/hadoop-ozone/integration-test/target/test-dir/MiniOzoneClusterImpl-57f5d021-d9de-4630-9dce-fc102de9b2f6/datanode-0/data/ratis/303cd470-5518-4f98-a976-876fee44ed6c/in_use.lock acquired by nodename 44550@fv-az308-250
2022-10-16 13:13:53,542 [pool-72-thread-1] INFO  storage.RaftStorage (RaftStorageImpl.java:format(89)) - Storage directory /home/runner/work/ozone/ozone/hadoop-ozone/integration-test/target/test-dir/MiniOzoneClusterImpl-57f5d021-d9de-4630-9dce-fc102de9b2f6/datanode-0/data/ratis/303cd470-5518-4f98-a976-876fee44ed6c has been successfully formatted.
2022-10-16 13:13:53,545 [pool-72-thread-1] INFO  ratis.ContainerStateMachine (ContainerStateMachine.java:loadSnapshot(236)) - group-876FEE44ED6C: The snapshot info is null. Setting the last applied indexto:(t:0, i:~)
2022-10-16 13:13:53,552 [pool-72-thread-1] INFO  server.RaftServerConfigKeys (ConfUtils.java:logGet(46)) - raft.server.notification.no-leader.timeout = 300s (custom)
2022-10-16 13:13:53,552 [pool-72-thread-1] INFO  server.RaftServerConfigKeys (ConfUtils.java:logGet(46)) - raft.server.log.use.memory = false (default)
2022-10-16 13:13:53,552 [pool-72-thread-1] INFO  server.RaftServerConfigKeys (ConfUtils.java:logGet(46)) - raft.server.log.purge.gap = 1000000 (custom)
2022-10-16 13:13:53,552 [pool-72-thread-1] INFO  server.RaftServerConfigKeys (ConfUtils.java:logGet(46)) - raft.server.log.appender.buffer.byte-limit = 33554432 (custom)
2022-10-16 13:13:53,553 [pool-72-thread-1] INFO  server.RaftServerConfigKeys (ConfUtils.java:logGet(46)) - raft.server.log.statemachine.data.read.timeout = 1000ms (default)
2022-10-16 13:13:53,553 [pool-72-thread-1] INFO  server.RaftServerConfigKeys (ConfUtils.java:logGet(46)) - raft.server.log.segment.size.max = 1048576 (custom)
2022-10-16 13:13:53,554 [pool-72-thread-1] INFO  server.RaftServerConfigKeys (ConfUtils.java:logGet(46)) - raft.server.log.segment.cache.num.max = 2 (custom)
2022-10-16 13:13:53,554 [pool-72-thread-1] INFO  server.RaftServerConfigKeys (ConfUtils.java:logGet(46)) - raft.server.log.segment.cache.size.max = 200MB (=209715200) (default)
2022-10-16 13:13:53,554 [pool-72-thread-1] INFO  segmented.SegmentedRaftLogWorker (SegmentedRaftLogWorker.java:<init>(187)) - new 56a38eed-0cc2-4715-835e-d068c92ebf74@group-876FEE44ED6C-SegmentedRaftLogWorker for RaftStorageImpl:Storage Directory /home/runner/work/ozone/ozone/hadoop-ozone/integration-test/target/test-dir/MiniOzoneClusterImpl-57f5d021-d9de-4630-9dce-fc102de9b2f6/datanode-0/data/ratis/303cd470-5518-4f98-a976-876fee44ed6c
2022-10-16 13:13:53,554 [pool-72-thread-1] INFO  server.RaftServerConfigKeys (ConfUtils.java:logGet(46)) - raft.server.log.queue.byte-limit = 4294967296 (custom)
2022-10-16 13:13:53,554 [pool-72-thread-1] INFO  server.RaftServerConfigKeys (ConfUtils.java:logGet(46)) - raft.server.log.queue.element-limit = 1024 (custom)
2022-10-16 13:13:53,554 [pool-72-thread-1] INFO  server.RaftServerConfigKeys (ConfUtils.java:logGet(46)) - raft.server.log.segment.size.max = 1048576 (custom)
2022-10-16 13:13:53,554 [pool-72-thread-1] INFO  server.RaftServerConfigKeys (ConfUtils.java:logGet(46)) - raft.server.log.preallocated.size = 16384 (custom)
2022-10-16 13:13:53,554 [pool-72-thread-1] INFO  server.RaftServerConfigKeys (ConfUtils.java:logGet(46)) - raft.server.log.force.sync.num = 128 (default)
2022-10-16 13:13:53,554 [pool-72-thread-1] INFO  server.RaftServerConfigKeys (ConfUtils.java:logGet(46)) - raft.server.log.statemachine.data.sync = true (default)
2022-10-16 13:13:53,554 [pool-72-thread-1] INFO  server.RaftServerConfigKeys (ConfUtils.java:logGet(46)) - raft.server.log.statemachine.data.sync.timeout = 10s (default)
2022-10-16 13:13:53,554 [pool-72-thread-1] INFO  server.RaftServerConfigKeys (ConfUtils.java:logGet(46)) - raft.server.log.statemachine.data.sync.timeout.retry = -1 (default)
2022-10-16 13:13:53,562 [pool-72-thread-1] INFO  server.RaftServerConfigKeys (ConfUtils.java:logGet(46)) - raft.server.log.write.buffer.size = 1048576 (custom)
2022-10-16 13:13:53,562 [pool-72-thread-1] INFO  server.RaftServerConfigKeys (ConfUtils.java:logGet(46)) - raft.server.log.unsafe-flush.enabled = false (default)
2022-10-16 13:13:53,562 [pool-72-thread-1] INFO  server.RaftServerConfigKeys (ConfUtils.java:logGet(46)) - raft.server.log.statemachine.data.caching.enabled = true (custom)
2022-10-16 13:13:53,562 [pool-72-thread-1] INFO  segmented.SegmentedRaftLogWorker (SegmentedRaftLogWorker.java:lambda$new$0(135)) - 56a38eed-0cc2-4715-835e-d068c92ebf74@group-876FEE44ED6C-SegmentedRaftLogWorker: flushIndex: setUnconditionally 0 -> -1
2022-10-16 13:13:53,562 [pool-72-thread-1] INFO  segmented.SegmentedRaftLogWorker (SegmentedRaftLogWorker.java:lambda$new$0(135)) - 56a38eed-0cc2-4715-835e-d068c92ebf74@group-876FEE44ED6C-SegmentedRaftLogWorker: safeCacheEvictIndex: setUnconditionally 0 -> -1
2022-10-16 13:13:53,570 [pool-72-thread-1] INFO  server.RaftServerConfigKeys (ConfUtils.java:logGet(46)) - raft.server.snapshot.auto.trigger.enabled = true (custom)
2022-10-16 13:13:53,570 [pool-72-thread-1] INFO  server.RaftServerConfigKeys (ConfUtils.java:logGet(46)) - raft.server.snapshot.auto.trigger.threshold = 10000 (custom)
2022-10-16 13:13:53,570 [pool-72-thread-1] INFO  server.RaftServerConfigKeys (ConfUtils.java:logGet(46)) - raft.server.snapshot.retention.file.num = 5 (custom)
2022-10-16 13:13:53,570 [pool-72-thread-1] INFO  server.RaftServerConfigKeys (ConfUtils.java:logGet(46)) - raft.server.log.purge.upto.snapshot.index = false (default)
2022-10-16 13:13:53,571 [pool-72-thread-1] INFO  server.RaftServerConfigKeys (ConfUtils.java:logGet(46)) - raft.server.retrycache.expirytime = 600000ms (custom)
2022-10-16 13:13:53,571 [pool-72-thread-1] INFO  server.RaftServerConfigKeys (ConfUtils.java:logGet(46)) - raft.server.retrycache.statistics.expirytime = 100μs (default)
2022-10-16 13:13:53,576 [pool-72-thread-1] INFO  server.RaftServerConfigKeys (ConfUtils.java:logGet(46)) - raft.server.log.appender.install.snapshot.enabled = false (custom)
2022-10-16 13:13:53,576 [pool-72-thread-1] INFO  server.RaftServerConfigKeys (ConfUtils.java:logGet(46)) - raft.server.threadpool.server.cached = true (default)
2022-10-16 13:13:53,576 [pool-72-thread-1] INFO  server.RaftServerConfigKeys (ConfUtils.java:logGet(46)) - raft.server.threadpool.server.size = 0 (default)
2022-10-16 13:13:53,576 [pool-72-thread-1] INFO  server.RaftServerConfigKeys (ConfUtils.java:logGet(46)) - raft.server.threadpool.client.cached = true (default)
2022-10-16 13:13:53,576 [pool-72-thread-1] INFO  server.RaftServerConfigKeys (ConfUtils.java:logGet(46)) - raft.server.threadpool.client.size = 0 (default)
2022-10-16 13:13:53,577 [pool-72-thread-1] INFO  server.RaftServer$Division (RaftServerImpl.java:start(310)) - 56a38eed-0cc2-4715-835e-d068c92ebf74@group-876FEE44ED6C: start as a follower, conf=-1: [56a38eed-0cc2-4715-835e-d068c92ebf74|rpc:10.1.0.60:40671|priority:1], old=null
2022-10-16 13:13:53,577 [pool-72-thread-1] INFO  server.RaftServer$Division (RaftServerImpl.java:setRole(299)) - 56a38eed-0cc2-4715-835e-d068c92ebf74@group-876FEE44ED6C: changes role from      null to FOLLOWER at term 0 for startAsFollower
2022-10-16 13:13:53,577 [pool-72-thread-1] INFO  impl.RoleInfo (RoleInfo.java:updateAndGet(139)) - 56a38eed-0cc2-4715-835e-d068c92ebf74: start 56a38eed-0cc2-4715-835e-d068c92ebf74@group-876FEE44ED6C-FollowerState
2022-10-16 13:13:53,580 [pool-72-thread-1] INFO  util.JmxRegister (JmxRegister.java:tryRegister(44)) - Successfully registered JMX Bean with object name Ratis:service=RaftServer,group=group-876FEE44ED6C,id=56a38eed-0cc2-4715-835e-d068c92ebf74
2022-10-16 13:13:53,586 [EventQueue-PipelineReportForPipelineReportHandler] INFO  pipeline.PipelineManagerImpl (PipelineManagerImpl.java:openPipeline(367)) - Pipeline Pipeline[ Id: 303cd470-5518-4f98-a976-876fee44ed6c, Nodes: 56a38eed-0cc2-4715-835e-d068c92ebf74{ip: 10.1.0.60, host: fv-az308-250.etcbaq1qs54eplwmrjlabigyle.cx.internal.cloudapp.net, ports: [REPLICATION=33567, RATIS=40671, RATIS_ADMIN=40671, RATIS_SERVER=40671, STANDALONE=37693], networkLocation: /default-rack, certSerialId: null, persistedOpState: IN_SERVICE, persistedOpStateExpiryEpochSec: 0}, ReplicationConfig: RATIS/ONE, State:ALLOCATED, leaderId:56a38eed-0cc2-4715-835e-d068c92ebf74, CreationTimestamp2022-10-16T13:13:50.538Z[Etc/UTC]] moved to OPEN state
2022-10-16 13:13:53,602 [Command processor thread] INFO  ratis.XceiverServerRatis (XceiverServerRatis.java:addGroup(765)) - Created group PipelineID=303cd470-5518-4f98-a976-876fee44ed6c
2022-10-16 13:13:53,603 [Command processor thread] INFO  commandhandler.CreatePipelineCommandHandler (CreatePipelineCommandHandler.java:handle(113)) - Created Pipeline RATIS ONE PipelineID=303cd470-5518-4f98-a976-876fee44ed6c.
2022-10-16 13:13:53,603 [Command processor thread] INFO  server.RaftServer (RaftServerProxy.java:addNew(96)) - 56a38eed-0cc2-4715-835e-d068c92ebf74: addNew group-0EE3829B0EF9:[56a38eed-0cc2-4715-835e-d068c92ebf74|rpc:10.1.0.60:40671|priority:1, 15f04113-e53c-48b5-ac4f-c6d0b16f8f23|rpc:10.1.0.60:33623|priority:0, 19c5685d-7faf-4816-a074-b6158b4e61e2|rpc:10.1.0.60:41227|priority:0] returns group-0EE3829B0EF9:java.util.concurrent.CompletableFuture@360bcf69[Not completed]
2022-10-16 13:13:53,605 [pool-72-thread-1] INFO  server.RaftServer$Division (RaftServerImpl.java:<init>(190)) - 56a38eed-0cc2-4715-835e-d068c92ebf74: new RaftServerImpl for group-0EE3829B0EF9:[56a38eed-0cc2-4715-835e-d068c92ebf74|rpc:10.1.0.60:40671|priority:1, 15f04113-e53c-48b5-ac4f-c6d0b16f8f23|rpc:10.1.0.60:33623|priority:0, 19c5685d-7faf-4816-a074-b6158b4e61e2|rpc:10.1.0.60:41227|priority:0] with ContainerStateMachine:uninitialized
2022-10-16 13:13:53,612 [pool-72-thread-1] INFO  server.RaftServerConfigKeys (ConfUtils.java:logGet(46)) - raft.server.rpc.timeout.min = 5s (custom)
2022-10-16 13:13:53,612 [pool-72-thread-1] INFO  server.RaftServerConfigKeys (ConfUtils.java:logGet(46)) - raft.server.rpc.timeout.max = 5200ms (custom)
2022-10-16 13:13:53,612 [pool-72-thread-1] INFO  server.RaftServerConfigKeys (ConfUtils.java:logGet(46)) - raft.server.rpc.sleep.time = 25ms (default)
2022-10-16 13:13:53,612 [pool-72-thread-1] INFO  server.RaftServerConfigKeys (ConfUtils.java:logGet(46)) - raft.server.rpc.slowness.timeout = 300s (custom)
2022-10-16 13:13:53,612 [pool-72-thread-1] INFO  server.RaftServerConfigKeys (ConfUtils.java:logGet(46)) - raft.server.leaderelection.leader.step-down.wait-time = 10s (default)
2022-10-16 13:13:53,612 [pool-72-thread-1] INFO  server.RaftServerConfigKeys (ConfUtils.java:logGet(46)) - raft.server.sleep.deviation.threshold = 300ms (default)
2022-10-16 13:13:53,612 [pool-72-thread-1] INFO  server.RaftServer$Division (ServerState.java:<init>(107)) - 56a38eed-0cc2-4715-835e-d068c92ebf74@group-0EE3829B0EF9: ConfigurationManager, init=-1: [56a38eed-0cc2-4715-835e-d068c92ebf74|rpc:10.1.0.60:40671|priority:1, 15f04113-e53c-48b5-ac4f-c6d0b16f8f23|rpc:10.1.0.60:33623|priority:0, 19c5685d-7faf-4816-a074-b6158b4e61e2|rpc:10.1.0.60:41227|priority:0], old=null, confs=<EMPTY_MAP>
2022-10-16 13:13:53,612 [pool-72-thread-1] INFO  server.RaftServerConfigKeys (ConfUtils.java:logGet(46)) - raft.server.storage.dir = [/home/runner/work/ozone/ozone/hadoop-ozone/integration-test/target/test-dir/MiniOzoneClusterImpl-57f5d021-d9de-4630-9dce-fc102de9b2f6/datanode-0/data/ratis] (custom)
2022-10-16 13:13:53,612 [pool-72-thread-1] INFO  server.RaftServerConfigKeys (ConfUtils.java:logGet(46)) - raft.server.log.corruption.policy = EXCEPTION (default)
2022-10-16 13:13:53,612 [pool-72-thread-1] INFO  server.RaftServerConfigKeys (ConfUtils.java:logGet(46)) - raft.server.storage.free-space.min = 0MB (=0) (default)
2022-10-16 13:13:53,613 [pool-72-thread-1] INFO  storage.RaftStorageDirectory (RaftStorageDirectoryImpl.java:analyzeStorage(135)) - The storage directory /home/runner/work/ozone/ozone/hadoop-ozone/integration-test/target/test-dir/MiniOzoneClusterImpl-57f5d021-d9de-4630-9dce-fc102de9b2f6/datanode-0/data/ratis/913966db-1625-4a54-8764-0ee3829b0ef9 does not exist. Creating ...
2022-10-16 13:13:53,612 [EventQueue-OpenPipelineForHealthyPipelineSafeModeRule] INFO  safemode.SCMSafeModeManager (HealthyPipelineSafeModeRule.java:process(137)) - SCM in safe mode. Healthy pipelines reported count is 0, required healthy pipeline reported count is 1
2022-10-16 13:13:53,615 [pool-72-thread-1] INFO  storage.RaftStorageDirectory (RaftStorageDirectoryImpl.java:tryLock(230)) - Lock on /home/runner/work/ozone/ozone/hadoop-ozone/integration-test/target/test-dir/MiniOzoneClusterImpl-57f5d021-d9de-4630-9dce-fc102de9b2f6/datanode-0/data/ratis/913966db-1625-4a54-8764-0ee3829b0ef9/in_use.lock acquired by nodename 44550@fv-az308-250
2022-10-16 13:13:53,616 [pool-72-thread-1] INFO  storage.RaftStorage (RaftStorageImpl.java:format(89)) - Storage directory /home/runner/work/ozone/ozone/hadoop-ozone/integration-test/target/test-dir/MiniOzoneClusterImpl-57f5d021-d9de-4630-9dce-fc102de9b2f6/datanode-0/data/ratis/913966db-1625-4a54-8764-0ee3829b0ef9 has been successfully formatted.
2022-10-16 13:13:53,617 [pool-72-thread-1] INFO  ratis.ContainerStateMachine (ContainerStateMachine.java:loadSnapshot(236)) - group-0EE3829B0EF9: The snapshot info is null. Setting the last applied indexto:(t:0, i:~)
2022-10-16 13:13:53,617 [pool-72-thread-1] INFO  server.RaftServerConfigKeys (ConfUtils.java:logGet(46)) - raft.server.notification.no-leader.timeout = 300s (custom)
2022-10-16 13:13:53,617 [pool-72-thread-1] INFO  server.RaftServerConfigKeys (ConfUtils.java:logGet(46)) - raft.server.log.use.memory = false (default)
2022-10-16 13:13:53,617 [pool-72-thread-1] INFO  server.RaftServerConfigKeys (ConfUtils.java:logGet(46)) - raft.server.log.purge.gap = 1000000 (custom)
2022-10-16 13:13:53,617 [pool-72-thread-1] INFO  server.RaftServerConfigKeys (ConfUtils.java:logGet(46)) - raft.server.log.appender.buffer.byte-limit = 33554432 (custom)
2022-10-16 13:13:53,617 [pool-72-thread-1] INFO  server.RaftServerConfigKeys (ConfUtils.java:logGet(46)) - raft.server.log.statemachine.data.read.timeout = 1000ms (default)
2022-10-16 13:13:53,617 [pool-72-thread-1] INFO  server.RaftServerConfigKeys (ConfUtils.java:logGet(46)) - raft.server.log.segment.size.max = 1048576 (custom)
2022-10-16 13:13:53,619 [pool-72-thread-1] INFO  server.RaftServerConfigKeys (ConfUtils.java:logGet(46)) - raft.server.log.segment.cache.num.max = 2 (custom)
2022-10-16 13:13:53,619 [pool-72-thread-1] INFO  server.RaftServerConfigKeys (ConfUtils.java:logGet(46)) - raft.server.log.segment.cache.size.max = 200MB (=209715200) (default)
2022-10-16 13:13:53,619 [pool-72-thread-1] INFO  segmented.SegmentedRaftLogWorker (SegmentedRaftLogWorker.java:<init>(187)) - new 56a38eed-0cc2-4715-835e-d068c92ebf74@group-0EE3829B0EF9-SegmentedRaftLogWorker for RaftStorageImpl:Storage Directory /home/runner/work/ozone/ozone/hadoop-ozone/integration-test/target/test-dir/MiniOzoneClusterImpl-57f5d021-d9de-4630-9dce-fc102de9b2f6/datanode-0/data/ratis/913966db-1625-4a54-8764-0ee3829b0ef9
2022-10-16 13:13:53,620 [pool-72-thread-1] INFO  server.RaftServerConfigKeys (ConfUtils.java:logGet(46)) - raft.server.log.queue.byte-limit = 4294967296 (custom)
2022-10-16 13:13:53,622 [pool-72-thread-1] INFO  server.RaftServerConfigKeys (ConfUtils.java:logGet(46)) - raft.server.log.queue.element-limit = 1024 (custom)
2022-10-16 13:13:53,622 [pool-72-thread-1] INFO  server.RaftServerConfigKeys (ConfUtils.java:logGet(46)) - raft.server.log.segment.size.max = 1048576 (custom)
2022-10-16 13:13:53,622 [pool-72-thread-1] INFO  server.RaftServerConfigKeys (ConfUtils.java:logGet(46)) - raft.server.log.preallocated.size = 16384 (custom)
2022-10-16 13:13:53,622 [pool-72-thread-1] INFO  server.RaftServerConfigKeys (ConfUtils.java:logGet(46)) - raft.server.log.force.sync.num = 128 (default)
2022-10-16 13:13:53,622 [pool-72-thread-1] INFO  server.RaftServerConfigKeys (ConfUtils.java:logGet(46)) - raft.server.log.statemachine.data.sync = true (default)
2022-10-16 13:13:53,622 [pool-72-thread-1] INFO  server.RaftServerConfigKeys (ConfUtils.java:logGet(46)) - raft.server.log.statemachine.data.sync.timeout = 10s (default)
2022-10-16 13:13:53,622 [pool-72-thread-1] INFO  server.RaftServerConfigKeys (ConfUtils.java:logGet(46)) - raft.server.log.statemachine.data.sync.timeout.retry = -1 (default)
2022-10-16 13:13:53,624 [pool-72-thread-1] INFO  server.RaftServerConfigKeys (ConfUtils.java:logGet(46)) - raft.server.log.write.buffer.size = 1048576 (custom)
2022-10-16 13:13:53,625 [pool-72-thread-1] INFO  server.RaftServerConfigKeys (ConfUtils.java:logGet(46)) - raft.server.log.unsafe-flush.enabled = false (default)
2022-10-16 13:13:53,625 [pool-72-thread-1] INFO  server.RaftServerConfigKeys (ConfUtils.java:logGet(46)) - raft.server.log.statemachine.data.caching.enabled = true (custom)
2022-10-16 13:13:53,625 [pool-72-thread-1] INFO  segmented.SegmentedRaftLogWorker (SegmentedRaftLogWorker.java:lambda$new$0(135)) - 56a38eed-0cc2-4715-835e-d068c92ebf74@group-0EE3829B0EF9-SegmentedRaftLogWorker: flushIndex: setUnconditionally 0 -> -1
2022-10-16 13:13:53,625 [pool-72-thread-1] INFO  segmented.SegmentedRaftLogWorker (SegmentedRaftLogWorker.java:lambda$new$0(135)) - 56a38eed-0cc2-4715-835e-d068c92ebf74@group-0EE3829B0EF9-SegmentedRaftLogWorker: safeCacheEvictIndex: setUnconditionally 0 -> -1
2022-10-16 13:13:53,632 [pool-72-thread-1] INFO  server.RaftServerConfigKeys (ConfUtils.java:logGet(46)) - raft.server.snapshot.auto.trigger.enabled = true (custom)
2022-10-16 13:13:53,632 [pool-72-thread-1] INFO  server.RaftServerConfigKeys (ConfUtils.java:logGet(46)) - raft.server.snapshot.auto.trigger.threshold = 10000 (custom)
2022-10-16 13:13:53,632 [pool-72-thread-1] INFO  server.RaftServerConfigKeys (ConfUtils.java:logGet(46)) - raft.server.snapshot.retention.file.num = 5 (custom)
2022-10-16 13:13:53,632 [pool-72-thread-1] INFO  server.RaftServerConfigKeys (ConfUtils.java:logGet(46)) - raft.server.log.purge.upto.snapshot.index = false (default)
2022-10-16 13:13:53,632 [pool-72-thread-1] INFO  server.RaftServerConfigKeys (ConfUtils.java:logGet(46)) - raft.server.retrycache.expirytime = 600000ms (custom)
2022-10-16 13:13:53,632 [pool-72-thread-1] INFO  server.RaftServerConfigKeys (ConfUtils.java:logGet(46)) - raft.server.retrycache.statistics.expirytime = 100μs (default)
2022-10-16 13:13:53,634 [pool-72-thread-1] INFO  server.RaftServerConfigKeys (ConfUtils.java:logGet(46)) - raft.server.log.appender.install.snapshot.enabled = false (custom)
2022-10-16 13:13:53,634 [pool-72-thread-1] INFO  server.RaftServerConfigKeys (ConfUtils.java:logGet(46)) - raft.server.threadpool.server.cached = true (default)
2022-10-16 13:13:53,634 [pool-72-thread-1] INFO  server.RaftServerConfigKeys (ConfUtils.java:logGet(46)) - raft.server.threadpool.server.size = 0 (default)
2022-10-16 13:13:53,634 [pool-72-thread-1] INFO  server.RaftServerConfigKeys (ConfUtils.java:logGet(46)) - raft.server.threadpool.client.cached = true (default)
2022-10-16 13:13:53,634 [pool-72-thread-1] INFO  server.RaftServerConfigKeys (ConfUtils.java:logGet(46)) - raft.server.threadpool.client.size = 0 (default)
2022-10-16 13:13:53,634 [pool-72-thread-1] INFO  server.RaftServer$Division (RaftServerImpl.java:start(310)) - 56a38eed-0cc2-4715-835e-d068c92ebf74@group-0EE3829B0EF9: start as a follower, conf=-1: [56a38eed-0cc2-4715-835e-d068c92ebf74|rpc:10.1.0.60:40671|priority:1, 15f04113-e53c-48b5-ac4f-c6d0b16f8f23|rpc:10.1.0.60:33623|priority:0, 19c5685d-7faf-4816-a074-b6158b4e61e2|rpc:10.1.0.60:41227|priority:0], old=null
2022-10-16 13:13:53,634 [pool-72-thread-1] INFO  server.RaftServer$Division (RaftServerImpl.java:setRole(299)) - 56a38eed-0cc2-4715-835e-d068c92ebf74@group-0EE3829B0EF9: changes role from      null to FOLLOWER at term 0 for startAsFollower
2022-10-16 13:13:53,634 [pool-72-thread-1] INFO  impl.RoleInfo (RoleInfo.java:updateAndGet(139)) - 56a38eed-0cc2-4715-835e-d068c92ebf74: start 56a38eed-0cc2-4715-835e-d068c92ebf74@group-0EE3829B0EF9-FollowerState
2022-10-16 13:13:53,638 [pool-72-thread-1] INFO  util.JmxRegister (JmxRegister.java:tryRegister(44)) - Successfully registered JMX Bean with object name Ratis:service=RaftServer,group=group-0EE3829B0EF9,id=56a38eed-0cc2-4715-835e-d068c92ebf74
2022-10-16 13:13:53,639 [EventQueue-OpenPipelineForHealthyPipelineSafeModeRule] INFO  safemode.SCMSafeModeManager (HealthyPipelineSafeModeRule.java:process(137)) - SCM in safe mode. Healthy pipelines reported count is 0, required healthy pipeline reported count is 1
2022-10-16 13:13:53,648 [Command processor thread] INFO  ratis.XceiverServerRatis (XceiverServerRatis.java:addGroup(765)) - Created group PipelineID=913966db-1625-4a54-8764-0ee3829b0ef9
2022-10-16 13:13:53,911 [Command processor thread] INFO  server.RaftServer (RaftServerProxy.java:addNew(96)) - 19c5685d-7faf-4816-a074-b6158b4e61e2: addNew group-D501797E6531:[19c5685d-7faf-4816-a074-b6158b4e61e2|rpc:10.1.0.60:41227|priority:1] returns group-D501797E6531:java.util.concurrent.CompletableFuture@4c8c714e[Not completed]
2022-10-16 13:13:53,915 [ReplicationMonitor] INFO  replication.ReplicationManager (ReplicationManager.java:processAll(291)) - Replication Manager is not ready to run until 3000ms after safemode exit
2022-10-16 13:13:53,919 [pool-95-thread-1] INFO  server.RaftServer$Division (RaftServerImpl.java:<init>(190)) - 19c5685d-7faf-4816-a074-b6158b4e61e2: new RaftServerImpl for group-D501797E6531:[19c5685d-7faf-4816-a074-b6158b4e61e2|rpc:10.1.0.60:41227|priority:1] with ContainerStateMachine:uninitialized
2022-10-16 13:13:53,919 [pool-95-thread-1] INFO  server.RaftServerConfigKeys (ConfUtils.java:logGet(46)) - raft.server.rpc.timeout.min = 5s (custom)
2022-10-16 13:13:53,919 [pool-95-thread-1] INFO  server.RaftServerConfigKeys (ConfUtils.java:logGet(46)) - raft.server.rpc.timeout.max = 5200ms (custom)
2022-10-16 13:13:53,919 [pool-95-thread-1] INFO  server.RaftServerConfigKeys (ConfUtils.java:logGet(46)) - raft.server.rpc.sleep.time = 25ms (default)
2022-10-16 13:13:53,919 [pool-95-thread-1] INFO  server.RaftServerConfigKeys (ConfUtils.java:logGet(46)) - raft.server.rpc.slowness.timeout = 300s (custom)
2022-10-16 13:13:53,919 [pool-95-thread-1] INFO  server.RaftServerConfigKeys (ConfUtils.java:logGet(46)) - raft.server.leaderelection.leader.step-down.wait-time = 10s (default)
2022-10-16 13:13:53,919 [pool-95-thread-1] INFO  server.RaftServerConfigKeys (ConfUtils.java:logGet(46)) - raft.server.sleep.deviation.threshold = 300ms (default)
2022-10-16 13:13:53,920 [pool-95-thread-1] INFO  server.RaftServer$Division (ServerState.java:<init>(107)) - 19c5685d-7faf-4816-a074-b6158b4e61e2@group-D501797E6531: ConfigurationManager, init=-1: [19c5685d-7faf-4816-a074-b6158b4e61e2|rpc:10.1.0.60:41227|priority:1], old=null, confs=<EMPTY_MAP>
2022-10-16 13:13:53,923 [pool-95-thread-1] INFO  server.RaftServerConfigKeys (ConfUtils.java:logGet(46)) - raft.server.storage.dir = [/home/runner/work/ozone/ozone/hadoop-ozone/integration-test/target/test-dir/MiniOzoneClusterImpl-57f5d021-d9de-4630-9dce-fc102de9b2f6/datanode-1/data/ratis] (custom)
2022-10-16 13:13:53,923 [pool-95-thread-1] INFO  server.RaftServerConfigKeys (ConfUtils.java:logGet(46)) - raft.server.log.corruption.policy = EXCEPTION (default)
2022-10-16 13:13:53,923 [pool-95-thread-1] INFO  server.RaftServerConfigKeys (ConfUtils.java:logGet(46)) - raft.server.storage.free-space.min = 0MB (=0) (default)
2022-10-16 13:13:53,923 [pool-95-thread-1] INFO  storage.RaftStorageDirectory (RaftStorageDirectoryImpl.java:analyzeStorage(135)) - The storage directory /home/runner/work/ozone/ozone/hadoop-ozone/integration-test/target/test-dir/MiniOzoneClusterImpl-57f5d021-d9de-4630-9dce-fc102de9b2f6/datanode-1/data/ratis/5850687a-a38c-49db-b1b7-d501797e6531 does not exist. Creating ...
2022-10-16 13:13:53,928 [pool-95-thread-1] INFO  storage.RaftStorageDirectory (RaftStorageDirectoryImpl.java:tryLock(230)) - Lock on /home/runner/work/ozone/ozone/hadoop-ozone/integration-test/target/test-dir/MiniOzoneClusterImpl-57f5d021-d9de-4630-9dce-fc102de9b2f6/datanode-1/data/ratis/5850687a-a38c-49db-b1b7-d501797e6531/in_use.lock acquired by nodename 44550@fv-az308-250
2022-10-16 13:13:53,929 [pool-95-thread-1] INFO  storage.RaftStorage (RaftStorageImpl.java:format(89)) - Storage directory /home/runner/work/ozone/ozone/hadoop-ozone/integration-test/target/test-dir/MiniOzoneClusterImpl-57f5d021-d9de-4630-9dce-fc102de9b2f6/datanode-1/data/ratis/5850687a-a38c-49db-b1b7-d501797e6531 has been successfully formatted.
2022-10-16 13:13:53,935 [EventQueue-PipelineReportForPipelineReportHandler] INFO  pipeline.PipelineManagerImpl (PipelineManagerImpl.java:openPipeline(367)) - Pipeline Pipeline[ Id: 5850687a-a38c-49db-b1b7-d501797e6531, Nodes: 19c5685d-7faf-4816-a074-b6158b4e61e2{ip: 10.1.0.60, host: fv-az308-250.etcbaq1qs54eplwmrjlabigyle.cx.internal.cloudapp.net, ports: [REPLICATION=37885, RATIS=41227, RATIS_ADMIN=41227, RATIS_SERVER=41227, STANDALONE=41075], networkLocation: /default-rack, certSerialId: null, persistedOpState: IN_SERVICE, persistedOpStateExpiryEpochSec: 0}, ReplicationConfig: RATIS/ONE, State:ALLOCATED, leaderId:19c5685d-7faf-4816-a074-b6158b4e61e2, CreationTimestamp2022-10-16T13:13:50.913Z[Etc/UTC]] moved to OPEN state
2022-10-16 13:13:53,935 [EventQueue-OpenPipelineForHealthyPipelineSafeModeRule] INFO  safemode.SCMSafeModeManager (HealthyPipelineSafeModeRule.java:process(137)) - SCM in safe mode. Healthy pipelines reported count is 0, required healthy pipeline reported count is 1
2022-10-16 13:13:53,933 [pool-95-thread-1] INFO  ratis.ContainerStateMachine (ContainerStateMachine.java:loadSnapshot(236)) - group-D501797E6531: The snapshot info is null. Setting the last applied indexto:(t:0, i:~)
2022-10-16 13:13:53,936 [pool-95-thread-1] INFO  server.RaftServerConfigKeys (ConfUtils.java:logGet(46)) - raft.server.notification.no-leader.timeout = 300s (custom)
2022-10-16 13:13:53,936 [pool-95-thread-1] INFO  server.RaftServerConfigKeys (ConfUtils.java:logGet(46)) - raft.server.log.use.memory = false (default)
2022-10-16 13:13:53,936 [pool-95-thread-1] INFO  server.RaftServerConfigKeys (ConfUtils.java:logGet(46)) - raft.server.log.purge.gap = 1000000 (custom)
2022-10-16 13:13:53,936 [pool-95-thread-1] INFO  server.RaftServerConfigKeys (ConfUtils.java:logGet(46)) - raft.server.log.appender.buffer.byte-limit = 33554432 (custom)
2022-10-16 13:13:53,936 [pool-95-thread-1] INFO  server.RaftServerConfigKeys (ConfUtils.java:logGet(46)) - raft.server.log.statemachine.data.read.timeout = 1000ms (default)
2022-10-16 13:13:53,937 [pool-95-thread-1] INFO  server.RaftServerConfigKeys (ConfUtils.java:logGet(46)) - raft.server.log.segment.size.max = 1048576 (custom)
2022-10-16 13:13:53,937 [pool-95-thread-1] INFO  server.RaftServerConfigKeys (ConfUtils.java:logGet(46)) - raft.server.log.segment.cache.num.max = 2 (custom)
2022-10-16 13:13:53,937 [pool-95-thread-1] INFO  server.RaftServerConfigKeys (ConfUtils.java:logGet(46)) - raft.server.log.segment.cache.size.max = 200MB (=209715200) (default)
2022-10-16 13:13:53,937 [pool-95-thread-1] INFO  segmented.SegmentedRaftLogWorker (SegmentedRaftLogWorker.java:<init>(187)) - new 19c5685d-7faf-4816-a074-b6158b4e61e2@group-D501797E6531-SegmentedRaftLogWorker for RaftStorageImpl:Storage Directory /home/runner/work/ozone/ozone/hadoop-ozone/integration-test/target/test-dir/MiniOzoneClusterImpl-57f5d021-d9de-4630-9dce-fc102de9b2f6/datanode-1/data/ratis/5850687a-a38c-49db-b1b7-d501797e6531
2022-10-16 13:13:53,937 [pool-95-thread-1] INFO  server.RaftServerConfigKeys (ConfUtils.java:logGet(46)) - raft.server.log.queue.byte-limit = 4294967296 (custom)
2022-10-16 13:13:53,937 [pool-95-thread-1] INFO  server.RaftServerConfigKeys (ConfUtils.java:logGet(46)) - raft.server.log.queue.element-limit = 1024 (custom)
2022-10-16 13:13:53,937 [pool-95-thread-1] INFO  server.RaftServerConfigKeys (ConfUtils.java:logGet(46)) - raft.server.log.segment.size.max = 1048576 (custom)
2022-10-16 13:13:53,937 [pool-95-thread-1] INFO  server.RaftServerConfigKeys (ConfUtils.java:logGet(46)) - raft.server.log.preallocated.size = 16384 (custom)
2022-10-16 13:13:53,938 [pool-95-thread-1] INFO  server.RaftServerConfigKeys (ConfUtils.java:logGet(46)) - raft.server.log.force.sync.num = 128 (default)
2022-10-16 13:13:53,938 [pool-95-thread-1] INFO  server.RaftServerConfigKeys (ConfUtils.java:logGet(46)) - raft.server.log.statemachine.data.sync = true (default)
2022-10-16 13:13:53,938 [pool-95-thread-1] INFO  server.RaftServerConfigKeys (ConfUtils.java:logGet(46)) - raft.server.log.statemachine.data.sync.timeout = 10s (default)
2022-10-16 13:13:53,938 [pool-95-thread-1] INFO  server.RaftServerConfigKeys (ConfUtils.java:logGet(46)) - raft.server.log.statemachine.data.sync.timeout.retry = -1 (default)
2022-10-16 13:13:53,939 [pool-95-thread-1] INFO  server.RaftServerConfigKeys (ConfUtils.java:logGet(46)) - raft.server.log.write.buffer.size = 1048576 (custom)
2022-10-16 13:13:53,939 [pool-95-thread-1] INFO  server.RaftServerConfigKeys (ConfUtils.java:logGet(46)) - raft.server.log.unsafe-flush.enabled = false (default)
2022-10-16 13:13:53,939 [pool-95-thread-1] INFO  server.RaftServerConfigKeys (ConfUtils.java:logGet(46)) - raft.server.log.statemachine.data.caching.enabled = true (custom)
2022-10-16 13:13:53,940 [pool-95-thread-1] INFO  segmented.SegmentedRaftLogWorker (SegmentedRaftLogWorker.java:lambda$new$0(135)) - 19c5685d-7faf-4816-a074-b6158b4e61e2@group-D501797E6531-SegmentedRaftLogWorker: flushIndex: setUnconditionally 0 -> -1
2022-10-16 13:13:53,940 [pool-95-thread-1] INFO  segmented.SegmentedRaftLogWorker (SegmentedRaftLogWorker.java:lambda$new$0(135)) - 19c5685d-7faf-4816-a074-b6158b4e61e2@group-D501797E6531-SegmentedRaftLogWorker: safeCacheEvictIndex: setUnconditionally 0 -> -1
2022-10-16 13:13:53,940 [pool-95-thread-1] INFO  server.RaftServerConfigKeys (ConfUtils.java:logGet(46)) - raft.server.snapshot.auto.trigger.enabled = true (custom)
2022-10-16 13:13:53,940 [pool-95-thread-1] INFO  server.RaftServerConfigKeys (ConfUtils.java:logGet(46)) - raft.server.snapshot.auto.trigger.threshold = 10000 (custom)
2022-10-16 13:13:53,940 [pool-95-thread-1] INFO  server.RaftServerConfigKeys (ConfUtils.java:logGet(46)) - raft.server.snapshot.retention.file.num = 5 (custom)
2022-10-16 13:13:53,940 [pool-95-thread-1] INFO  server.RaftServerConfigKeys (ConfUtils.java:logGet(46)) - raft.server.log.purge.upto.snapshot.index = false (default)
2022-10-16 13:13:53,940 [pool-95-thread-1] INFO  server.RaftServerConfigKeys (ConfUtils.java:logGet(46)) - raft.server.retrycache.expirytime = 600000ms (custom)
2022-10-16 13:13:53,940 [pool-95-thread-1] INFO  server.RaftServerConfigKeys (ConfUtils.java:logGet(46)) - raft.server.retrycache.statistics.expirytime = 100μs (default)
2022-10-16 13:13:53,941 [pool-95-thread-1] INFO  server.RaftServerConfigKeys (ConfUtils.java:logGet(46)) - raft.server.log.appender.install.snapshot.enabled = false (custom)
2022-10-16 13:13:53,941 [pool-95-thread-1] INFO  server.RaftServerConfigKeys (ConfUtils.java:logGet(46)) - raft.server.threadpool.server.cached = true (default)
2022-10-16 13:13:53,941 [pool-95-thread-1] INFO  server.RaftServerConfigKeys (ConfUtils.java:logGet(46)) - raft.server.threadpool.server.size = 0 (default)
2022-10-16 13:13:53,941 [pool-95-thread-1] INFO  server.RaftServerConfigKeys (ConfUtils.java:logGet(46)) - raft.server.threadpool.client.cached = true (default)
2022-10-16 13:13:53,941 [pool-95-thread-1] INFO  server.RaftServerConfigKeys (ConfUtils.java:logGet(46)) - raft.server.threadpool.client.size = 0 (default)
2022-10-16 13:13:53,942 [pool-95-thread-1] INFO  server.RaftServer$Division (RaftServerImpl.java:start(310)) - 19c5685d-7faf-4816-a074-b6158b4e61e2@group-D501797E6531: start as a follower, conf=-1: [19c5685d-7faf-4816-a074-b6158b4e61e2|rpc:10.1.0.60:41227|priority:1], old=null
2022-10-16 13:13:53,942 [pool-95-thread-1] INFO  server.RaftServer$Division (RaftServerImpl.java:setRole(299)) - 19c5685d-7faf-4816-a074-b6158b4e61e2@group-D501797E6531: changes role from      null to FOLLOWER at term 0 for startAsFollower
2022-10-16 13:13:53,942 [pool-95-thread-1] INFO  impl.RoleInfo (RoleInfo.java:updateAndGet(139)) - 19c5685d-7faf-4816-a074-b6158b4e61e2: start 19c5685d-7faf-4816-a074-b6158b4e61e2@group-D501797E6531-FollowerState
2022-10-16 13:13:53,942 [pool-95-thread-1] INFO  util.JmxRegister (JmxRegister.java:tryRegister(44)) - Successfully registered JMX Bean with object name Ratis:service=RaftServer,group=group-D501797E6531,id=19c5685d-7faf-4816-a074-b6158b4e61e2
2022-10-16 13:13:53,943 [Command processor thread] INFO  ratis.XceiverServerRatis (XceiverServerRatis.java:addGroup(765)) - Created group PipelineID=5850687a-a38c-49db-b1b7-d501797e6531
2022-10-16 13:13:53,943 [Command processor thread] INFO  commandhandler.CreatePipelineCommandHandler (CreatePipelineCommandHandler.java:handle(113)) - Created Pipeline RATIS ONE PipelineID=5850687a-a38c-49db-b1b7-d501797e6531.
2022-10-16 13:13:53,943 [Command processor thread] INFO  server.RaftServer (RaftServerProxy.java:addNew(96)) - 19c5685d-7faf-4816-a074-b6158b4e61e2: addNew group-0EE3829B0EF9:[56a38eed-0cc2-4715-835e-d068c92ebf74|rpc:10.1.0.60:40671|priority:1, 15f04113-e53c-48b5-ac4f-c6d0b16f8f23|rpc:10.1.0.60:33623|priority:0, 19c5685d-7faf-4816-a074-b6158b4e61e2|rpc:10.1.0.60:41227|priority:0] returns group-0EE3829B0EF9:java.util.concurrent.CompletableFuture@48b3ec07[Not completed]
2022-10-16 13:13:53,944 [pool-95-thread-1] INFO  server.RaftServer$Division (RaftServerImpl.java:<init>(190)) - 19c5685d-7faf-4816-a074-b6158b4e61e2: new RaftServerImpl for group-0EE3829B0EF9:[56a38eed-0cc2-4715-835e-d068c92ebf74|rpc:10.1.0.60:40671|priority:1, 15f04113-e53c-48b5-ac4f-c6d0b16f8f23|rpc:10.1.0.60:33623|priority:0, 19c5685d-7faf-4816-a074-b6158b4e61e2|rpc:10.1.0.60:41227|priority:0] with ContainerStateMachine:uninitialized
2022-10-16 13:13:53,944 [pool-95-thread-1] INFO  server.RaftServerConfigKeys (ConfUtils.java:logGet(46)) - raft.server.rpc.timeout.min = 5s (custom)
2022-10-16 13:13:53,944 [pool-95-thread-1] INFO  server.RaftServerConfigKeys (ConfUtils.java:logGet(46)) - raft.server.rpc.timeout.max = 5200ms (custom)
2022-10-16 13:13:53,944 [pool-95-thread-1] INFO  server.RaftServerConfigKeys (ConfUtils.java:logGet(46)) - raft.server.rpc.sleep.time = 25ms (default)
2022-10-16 13:13:53,944 [pool-95-thread-1] INFO  server.RaftServerConfigKeys (ConfUtils.java:logGet(46)) - raft.server.rpc.slowness.timeout = 300s (custom)
2022-10-16 13:13:53,944 [pool-95-thread-1] INFO  server.RaftServerConfigKeys (ConfUtils.java:logGet(46)) - raft.server.leaderelection.leader.step-down.wait-time = 10s (default)
2022-10-16 13:13:53,945 [pool-95-thread-1] INFO  server.RaftServerConfigKeys (ConfUtils.java:logGet(46)) - raft.server.sleep.deviation.threshold = 300ms (default)
2022-10-16 13:13:53,945 [pool-95-thread-1] INFO  server.RaftServer$Division (ServerState.java:<init>(107)) - 19c5685d-7faf-4816-a074-b6158b4e61e2@group-0EE3829B0EF9: ConfigurationManager, init=-1: [56a38eed-0cc2-4715-835e-d068c92ebf74|rpc:10.1.0.60:40671|priority:1, 15f04113-e53c-48b5-ac4f-c6d0b16f8f23|rpc:10.1.0.60:33623|priority:0, 19c5685d-7faf-4816-a074-b6158b4e61e2|rpc:10.1.0.60:41227|priority:0], old=null, confs=<EMPTY_MAP>
2022-10-16 13:13:53,945 [pool-95-thread-1] INFO  server.RaftServerConfigKeys (ConfUtils.java:logGet(46)) - raft.server.storage.dir = [/home/runner/work/ozone/ozone/hadoop-ozone/integration-test/target/test-dir/MiniOzoneClusterImpl-57f5d021-d9de-4630-9dce-fc102de9b2f6/datanode-1/data/ratis] (custom)
2022-10-16 13:13:53,945 [pool-95-thread-1] INFO  server.RaftServerConfigKeys (ConfUtils.java:logGet(46)) - raft.server.log.corruption.policy = EXCEPTION (default)
2022-10-16 13:13:53,945 [pool-95-thread-1] INFO  server.RaftServerConfigKeys (ConfUtils.java:logGet(46)) - raft.server.storage.free-space.min = 0MB (=0) (default)
2022-10-16 13:13:53,945 [pool-95-thread-1] INFO  storage.RaftStorageDirectory (RaftStorageDirectoryImpl.java:analyzeStorage(135)) - The storage directory /home/runner/work/ozone/ozone/hadoop-ozone/integration-test/target/test-dir/MiniOzoneClusterImpl-57f5d021-d9de-4630-9dce-fc102de9b2f6/datanode-1/data/ratis/913966db-1625-4a54-8764-0ee3829b0ef9 does not exist. Creating ...
2022-10-16 13:13:53,946 [pool-95-thread-1] INFO  storage.RaftStorageDirectory (RaftStorageDirectoryImpl.java:tryLock(230)) - Lock on /home/runner/work/ozone/ozone/hadoop-ozone/integration-test/target/test-dir/MiniOzoneClusterImpl-57f5d021-d9de-4630-9dce-fc102de9b2f6/datanode-1/data/ratis/913966db-1625-4a54-8764-0ee3829b0ef9/in_use.lock acquired by nodename 44550@fv-az308-250
2022-10-16 13:13:53,947 [pool-95-thread-1] INFO  storage.RaftStorage (RaftStorageImpl.java:format(89)) - Storage directory /home/runner/work/ozone/ozone/hadoop-ozone/integration-test/target/test-dir/MiniOzoneClusterImpl-57f5d021-d9de-4630-9dce-fc102de9b2f6/datanode-1/data/ratis/913966db-1625-4a54-8764-0ee3829b0ef9 has been successfully formatted.
2022-10-16 13:13:53,947 [pool-95-thread-1] INFO  ratis.ContainerStateMachine (ContainerStateMachine.java:loadSnapshot(236)) - group-0EE3829B0EF9: The snapshot info is null. Setting the last applied indexto:(t:0, i:~)
2022-10-16 13:13:53,947 [pool-95-thread-1] INFO  server.RaftServerConfigKeys (ConfUtils.java:logGet(46)) - raft.server.notification.no-leader.timeout = 300s (custom)
2022-10-16 13:13:53,947 [pool-95-thread-1] INFO  server.RaftServerConfigKeys (ConfUtils.java:logGet(46)) - raft.server.log.use.memory = false (default)
2022-10-16 13:13:53,947 [pool-95-thread-1] INFO  server.RaftServerConfigKeys (ConfUtils.java:logGet(46)) - raft.server.log.purge.gap = 1000000 (custom)
2022-10-16 13:13:53,948 [pool-95-thread-1] INFO  server.RaftServerConfigKeys (ConfUtils.java:logGet(46)) - raft.server.log.appender.buffer.byte-limit = 33554432 (custom)
2022-10-16 13:13:53,948 [pool-95-thread-1] INFO  server.RaftServerConfigKeys (ConfUtils.java:logGet(46)) - raft.server.log.statemachine.data.read.timeout = 1000ms (default)
2022-10-16 13:13:53,949 [EventQueue-OpenPipelineForHealthyPipelineSafeModeRule] INFO  safemode.SCMSafeModeManager (HealthyPipelineSafeModeRule.java:process(137)) - SCM in safe mode. Healthy pipelines reported count is 0, required healthy pipeline reported count is 1
2022-10-16 13:13:53,949 [pool-95-thread-1] INFO  server.RaftServerConfigKeys (ConfUtils.java:logGet(46)) - raft.server.log.segment.size.max = 1048576 (custom)
2022-10-16 13:13:53,950 [pool-95-thread-1] INFO  server.RaftServerConfigKeys (ConfUtils.java:logGet(46)) - raft.server.log.segment.cache.num.max = 2 (custom)
2022-10-16 13:13:53,950 [pool-95-thread-1] INFO  server.RaftServerConfigKeys (ConfUtils.java:logGet(46)) - raft.server.log.segment.cache.size.max = 200MB (=209715200) (default)
2022-10-16 13:13:53,950 [pool-95-thread-1] INFO  segmented.SegmentedRaftLogWorker (SegmentedRaftLogWorker.java:<init>(187)) - new 19c5685d-7faf-4816-a074-b6158b4e61e2@group-0EE3829B0EF9-SegmentedRaftLogWorker for RaftStorageImpl:Storage Directory /home/runner/work/ozone/ozone/hadoop-ozone/integration-test/target/test-dir/MiniOzoneClusterImpl-57f5d021-d9de-4630-9dce-fc102de9b2f6/datanode-1/data/ratis/913966db-1625-4a54-8764-0ee3829b0ef9
2022-10-16 13:13:53,950 [pool-95-thread-1] INFO  server.RaftServerConfigKeys (ConfUtils.java:logGet(46)) - raft.server.log.queue.byte-limit = 4294967296 (custom)
2022-10-16 13:13:53,950 [pool-95-thread-1] INFO  server.RaftServerConfigKeys (ConfUtils.java:logGet(46)) - raft.server.log.queue.element-limit = 1024 (custom)
2022-10-16 13:13:53,950 [pool-95-thread-1] INFO  server.RaftServerConfigKeys (ConfUtils.java:logGet(46)) - raft.server.log.segment.size.max = 1048576 (custom)
2022-10-16 13:13:53,950 [pool-95-thread-1] INFO  server.RaftServerConfigKeys (ConfUtils.java:logGet(46)) - raft.server.log.preallocated.size = 16384 (custom)
2022-10-16 13:13:53,950 [pool-95-thread-1] INFO  server.RaftServerConfigKeys (ConfUtils.java:logGet(46)) - raft.server.log.force.sync.num = 128 (default)
2022-10-16 13:13:53,950 [pool-95-thread-1] INFO  server.RaftServerConfigKeys (ConfUtils.java:logGet(46)) - raft.server.log.statemachine.data.sync = true (default)
2022-10-16 13:13:53,950 [pool-95-thread-1] INFO  server.RaftServerConfigKeys (ConfUtils.java:logGet(46)) - raft.server.log.statemachine.data.sync.timeout = 10s (default)
2022-10-16 13:13:53,950 [pool-95-thread-1] INFO  server.RaftServerConfigKeys (ConfUtils.java:logGet(46)) - raft.server.log.statemachine.data.sync.timeout.retry = -1 (default)
2022-10-16 13:13:53,951 [pool-95-thread-1] INFO  server.RaftServerConfigKeys (ConfUtils.java:logGet(46)) - raft.server.log.write.buffer.size = 1048576 (custom)
2022-10-16 13:13:53,958 [pool-95-thread-1] INFO  server.RaftServerConfigKeys (ConfUtils.java:logGet(46)) - raft.server.log.unsafe-flush.enabled = false (default)
2022-10-16 13:13:53,958 [pool-95-thread-1] INFO  server.RaftServerConfigKeys (ConfUtils.java:logGet(46)) - raft.server.log.statemachine.data.caching.enabled = true (custom)
2022-10-16 13:13:53,959 [pool-95-thread-1] INFO  segmented.SegmentedRaftLogWorker (SegmentedRaftLogWorker.java:lambda$new$0(135)) - 19c5685d-7faf-4816-a074-b6158b4e61e2@group-0EE3829B0EF9-SegmentedRaftLogWorker: flushIndex: setUnconditionally 0 -> -1
2022-10-16 13:13:53,959 [pool-95-thread-1] INFO  segmented.SegmentedRaftLogWorker (SegmentedRaftLogWorker.java:lambda$new$0(135)) - 19c5685d-7faf-4816-a074-b6158b4e61e2@group-0EE3829B0EF9-SegmentedRaftLogWorker: safeCacheEvictIndex: setUnconditionally 0 -> -1
2022-10-16 13:13:53,959 [pool-95-thread-1] INFO  server.RaftServerConfigKeys (ConfUtils.java:logGet(46)) - raft.server.snapshot.auto.trigger.enabled = true (custom)
2022-10-16 13:13:53,959 [pool-95-thread-1] INFO  server.RaftServerConfigKeys (ConfUtils.java:logGet(46)) - raft.server.snapshot.auto.trigger.threshold = 10000 (custom)
2022-10-16 13:13:53,959 [pool-95-thread-1] INFO  server.RaftServerConfigKeys (ConfUtils.java:logGet(46)) - raft.server.snapshot.retention.file.num = 5 (custom)
2022-10-16 13:13:53,959 [pool-95-thread-1] INFO  server.RaftServerConfigKeys (ConfUtils.java:logGet(46)) - raft.server.log.purge.upto.snapshot.index = false (default)
2022-10-16 13:13:53,959 [pool-95-thread-1] INFO  server.RaftServerConfigKeys (ConfUtils.java:logGet(46)) - raft.server.retrycache.expirytime = 600000ms (custom)
2022-10-16 13:13:53,959 [pool-95-thread-1] INFO  server.RaftServerConfigKeys (ConfUtils.java:logGet(46)) - raft.server.retrycache.statistics.expirytime = 100μs (default)
2022-10-16 13:13:53,960 [pool-95-thread-1] INFO  server.RaftServerConfigKeys (ConfUtils.java:logGet(46)) - raft.server.log.appender.install.snapshot.enabled = false (custom)
2022-10-16 13:13:53,960 [pool-95-thread-1] INFO  server.RaftServerConfigKeys (ConfUtils.java:logGet(46)) - raft.server.threadpool.server.cached = true (default)
2022-10-16 13:13:53,960 [pool-95-thread-1] INFO  server.RaftServerConfigKeys (ConfUtils.java:logGet(46)) - raft.server.threadpool.server.size = 0 (default)
2022-10-16 13:13:53,960 [pool-95-thread-1] INFO  server.RaftServerConfigKeys (ConfUtils.java:logGet(46)) - raft.server.threadpool.client.cached = true (default)
2022-10-16 13:13:53,960 [pool-95-thread-1] INFO  server.RaftServerConfigKeys (ConfUtils.java:logGet(46)) - raft.server.threadpool.client.size = 0 (default)
2022-10-16 13:13:53,961 [pool-95-thread-1] INFO  server.RaftServer$Division (RaftServerImpl.java:start(310)) - 19c5685d-7faf-4816-a074-b6158b4e61e2@group-0EE3829B0EF9: start as a follower, conf=-1: [56a38eed-0cc2-4715-835e-d068c92ebf74|rpc:10.1.0.60:40671|priority:1, 15f04113-e53c-48b5-ac4f-c6d0b16f8f23|rpc:10.1.0.60:33623|priority:0, 19c5685d-7faf-4816-a074-b6158b4e61e2|rpc:10.1.0.60:41227|priority:0], old=null
2022-10-16 13:13:53,961 [pool-95-thread-1] INFO  server.RaftServer$Division (RaftServerImpl.java:setRole(299)) - 19c5685d-7faf-4816-a074-b6158b4e61e2@group-0EE3829B0EF9: changes role from      null to FOLLOWER at term 0 for startAsFollower
2022-10-16 13:13:53,961 [pool-95-thread-1] INFO  impl.RoleInfo (RoleInfo.java:updateAndGet(139)) - 19c5685d-7faf-4816-a074-b6158b4e61e2: start 19c5685d-7faf-4816-a074-b6158b4e61e2@group-0EE3829B0EF9-FollowerState
2022-10-16 13:13:53,961 [pool-95-thread-1] INFO  util.JmxRegister (JmxRegister.java:tryRegister(44)) - Successfully registered JMX Bean with object name Ratis:service=RaftServer,group=group-0EE3829B0EF9,id=19c5685d-7faf-4816-a074-b6158b4e61e2
2022-10-16 13:13:53,962 [Command processor thread] INFO  ratis.XceiverServerRatis (XceiverServerRatis.java:addGroup(765)) - Created group PipelineID=913966db-1625-4a54-8764-0ee3829b0ef9
2022-10-16 13:13:53,985 [Listener at 127.0.0.1/36155] INFO  ozone.MiniOzoneClusterImpl (MiniOzoneClusterImpl.java:lambda$waitForClusterToBeReady$0(216)) - Nodes are ready. Got 5 of 5 DN Heartbeats.
2022-10-16 13:13:53,985 [Listener at 127.0.0.1/36155] INFO  ozone.MiniOzoneClusterImpl (MiniOzoneClusterImpl.java:lambda$waitForClusterToBeReady$0(219)) - Waiting for cluster to exit safe mode
2022-10-16 13:13:53,985 [Listener at 127.0.0.1/36155] INFO  ozone.MiniOzoneClusterImpl (MiniOzoneClusterImpl.java:lambda$waitForClusterToBeReady$0(221)) - SCM became leader
2022-10-16 13:13:54,200 [grpc-default-executor-1] INFO  server.RaftServer (RaftServerProxy.java:addNew(96)) - 15f04113-e53c-48b5-ac4f-c6d0b16f8f23: addNew group-0EE3829B0EF9:[56a38eed-0cc2-4715-835e-d068c92ebf74|rpc:10.1.0.60:40671|dataStream:|priority:1, 15f04113-e53c-48b5-ac4f-c6d0b16f8f23|rpc:10.1.0.60:33623|dataStream:|priority:0, 19c5685d-7faf-4816-a074-b6158b4e61e2|rpc:10.1.0.60:41227|dataStream:|priority:0] returns group-0EE3829B0EF9:java.util.concurrent.CompletableFuture@5c7fa9c3[Not completed]
2022-10-16 13:13:54,208 [pool-118-thread-1] INFO  server.RaftServer$Division (RaftServerImpl.java:<init>(190)) - 15f04113-e53c-48b5-ac4f-c6d0b16f8f23: new RaftServerImpl for group-0EE3829B0EF9:[56a38eed-0cc2-4715-835e-d068c92ebf74|rpc:10.1.0.60:40671|dataStream:|priority:1, 15f04113-e53c-48b5-ac4f-c6d0b16f8f23|rpc:10.1.0.60:33623|dataStream:|priority:0, 19c5685d-7faf-4816-a074-b6158b4e61e2|rpc:10.1.0.60:41227|dataStream:|priority:0] with ContainerStateMachine:uninitialized
2022-10-16 13:13:54,208 [pool-118-thread-1] INFO  server.RaftServerConfigKeys (ConfUtils.java:logGet(46)) - raft.server.rpc.timeout.min = 5s (custom)
2022-10-16 13:13:54,208 [pool-118-thread-1] INFO  server.RaftServerConfigKeys (ConfUtils.java:logGet(46)) - raft.server.rpc.timeout.max = 5200ms (custom)
2022-10-16 13:13:54,208 [pool-118-thread-1] INFO  server.RaftServerConfigKeys (ConfUtils.java:logGet(46)) - raft.server.rpc.sleep.time = 25ms (default)
2022-10-16 13:13:54,208 [pool-118-thread-1] INFO  server.RaftServerConfigKeys (ConfUtils.java:logGet(46)) - raft.server.rpc.slowness.timeout = 300s (custom)
2022-10-16 13:13:54,208 [pool-118-thread-1] INFO  server.RaftServerConfigKeys (ConfUtils.java:logGet(46)) - raft.server.leaderelection.leader.step-down.wait-time = 10s (default)
2022-10-16 13:13:54,208 [pool-118-thread-1] INFO  server.RaftServerConfigKeys (ConfUtils.java:logGet(46)) - raft.server.sleep.deviation.threshold = 300ms (default)
2022-10-16 13:13:54,208 [pool-118-thread-1] INFO  server.RaftServer$Division (ServerState.java:<init>(107)) - 15f04113-e53c-48b5-ac4f-c6d0b16f8f23@group-0EE3829B0EF9: ConfigurationManager, init=-1: [56a38eed-0cc2-4715-835e-d068c92ebf74|rpc:10.1.0.60:40671|dataStream:|priority:1, 15f04113-e53c-48b5-ac4f-c6d0b16f8f23|rpc:10.1.0.60:33623|dataStream:|priority:0, 19c5685d-7faf-4816-a074-b6158b4e61e2|rpc:10.1.0.60:41227|dataStream:|priority:0], old=null, confs=<EMPTY_MAP>
2022-10-16 13:13:54,208 [pool-118-thread-1] INFO  server.RaftServerConfigKeys (ConfUtils.java:logGet(46)) - raft.server.storage.dir = [/home/runner/work/ozone/ozone/hadoop-ozone/integration-test/target/test-dir/MiniOzoneClusterImpl-57f5d021-d9de-4630-9dce-fc102de9b2f6/datanode-2/data/ratis] (custom)
2022-10-16 13:13:54,208 [pool-118-thread-1] INFO  server.RaftServerConfigKeys (ConfUtils.java:logGet(46)) - raft.server.log.corruption.policy = EXCEPTION (default)
2022-10-16 13:13:54,209 [pool-118-thread-1] INFO  server.RaftServerConfigKeys (ConfUtils.java:logGet(46)) - raft.server.storage.free-space.min = 0MB (=0) (default)
2022-10-16 13:13:54,209 [pool-118-thread-1] INFO  storage.RaftStorageDirectory (RaftStorageDirectoryImpl.java:analyzeStorage(135)) - The storage directory /home/runner/work/ozone/ozone/hadoop-ozone/integration-test/target/test-dir/MiniOzoneClusterImpl-57f5d021-d9de-4630-9dce-fc102de9b2f6/datanode-2/data/ratis/913966db-1625-4a54-8764-0ee3829b0ef9 does not exist. Creating ...
2022-10-16 13:13:54,213 [pool-118-thread-1] INFO  storage.RaftStorageDirectory (RaftStorageDirectoryImpl.java:tryLock(230)) - Lock on /home/runner/work/ozone/ozone/hadoop-ozone/integration-test/target/test-dir/MiniOzoneClusterImpl-57f5d021-d9de-4630-9dce-fc102de9b2f6/datanode-2/data/ratis/913966db-1625-4a54-8764-0ee3829b0ef9/in_use.lock acquired by nodename 44550@fv-az308-250
2022-10-16 13:13:54,217 [pool-118-thread-1] INFO  storage.RaftStorage (RaftStorageImpl.java:format(89)) - Storage directory /home/runner/work/ozone/ozone/hadoop-ozone/integration-test/target/test-dir/MiniOzoneClusterImpl-57f5d021-d9de-4630-9dce-fc102de9b2f6/datanode-2/data/ratis/913966db-1625-4a54-8764-0ee3829b0ef9 has been successfully formatted.
2022-10-16 13:13:54,218 [pool-118-thread-1] INFO  ratis.ContainerStateMachine (ContainerStateMachine.java:loadSnapshot(236)) - group-0EE3829B0EF9: The snapshot info is null. Setting the last applied indexto:(t:0, i:~)
2022-10-16 13:13:54,219 [pool-118-thread-1] INFO  server.RaftServerConfigKeys (ConfUtils.java:logGet(46)) - raft.server.notification.no-leader.timeout = 300s (custom)
2022-10-16 13:13:54,219 [pool-118-thread-1] INFO  server.RaftServerConfigKeys (ConfUtils.java:logGet(46)) - raft.server.log.use.memory = false (default)
2022-10-16 13:13:54,219 [pool-118-thread-1] INFO  server.RaftServerConfigKeys (ConfUtils.java:logGet(46)) - raft.server.log.purge.gap = 1000000 (custom)
2022-10-16 13:13:54,219 [pool-118-thread-1] INFO  server.RaftServerConfigKeys (ConfUtils.java:logGet(46)) - raft.server.log.appender.buffer.byte-limit = 33554432 (custom)
2022-10-16 13:13:54,219 [pool-118-thread-1] INFO  server.RaftServerConfigKeys (ConfUtils.java:logGet(46)) - raft.server.log.statemachine.data.read.timeout = 1000ms (default)
2022-10-16 13:13:54,219 [pool-118-thread-1] INFO  server.RaftServerConfigKeys (ConfUtils.java:logGet(46)) - raft.server.log.segment.size.max = 1048576 (custom)
2022-10-16 13:13:54,219 [pool-118-thread-1] INFO  server.RaftServerConfigKeys (ConfUtils.java:logGet(46)) - raft.server.log.segment.cache.num.max = 2 (custom)
2022-10-16 13:13:54,219 [pool-118-thread-1] INFO  server.RaftServerConfigKeys (ConfUtils.java:logGet(46)) - raft.server.log.segment.cache.size.max = 200MB (=209715200) (default)
2022-10-16 13:13:54,220 [pool-118-thread-1] INFO  segmented.SegmentedRaftLogWorker (SegmentedRaftLogWorker.java:<init>(187)) - new 15f04113-e53c-48b5-ac4f-c6d0b16f8f23@group-0EE3829B0EF9-SegmentedRaftLogWorker for RaftStorageImpl:Storage Directory /home/runner/work/ozone/ozone/hadoop-ozone/integration-test/target/test-dir/MiniOzoneClusterImpl-57f5d021-d9de-4630-9dce-fc102de9b2f6/datanode-2/data/ratis/913966db-1625-4a54-8764-0ee3829b0ef9
2022-10-16 13:13:54,220 [pool-118-thread-1] INFO  server.RaftServerConfigKeys (ConfUtils.java:logGet(46)) - raft.server.log.queue.byte-limit = 4294967296 (custom)
2022-10-16 13:13:54,220 [pool-118-thread-1] INFO  server.RaftServerConfigKeys (ConfUtils.java:logGet(46)) - raft.server.log.queue.element-limit = 1024 (custom)
2022-10-16 13:13:54,220 [pool-118-thread-1] INFO  server.RaftServerConfigKeys (ConfUtils.java:logGet(46)) - raft.server.log.segment.size.max = 1048576 (custom)
2022-10-16 13:13:54,220 [pool-118-thread-1] INFO  server.RaftServerConfigKeys (ConfUtils.java:logGet(46)) - raft.server.log.preallocated.size = 16384 (custom)
2022-10-16 13:13:54,220 [pool-118-thread-1] INFO  server.RaftServerConfigKeys (ConfUtils.java:logGet(46)) - raft.server.log.force.sync.num = 128 (default)
2022-10-16 13:13:54,221 [pool-118-thread-1] INFO  server.RaftServerConfigKeys (ConfUtils.java:logGet(46)) - raft.server.log.statemachine.data.sync = true (default)
2022-10-16 13:13:54,221 [pool-118-thread-1] INFO  server.RaftServerConfigKeys (ConfUtils.java:logGet(46)) - raft.server.log.statemachine.data.sync.timeout = 10s (default)
2022-10-16 13:13:54,221 [pool-118-thread-1] INFO  server.RaftServerConfigKeys (ConfUtils.java:logGet(46)) - raft.server.log.statemachine.data.sync.timeout.retry = -1 (default)
2022-10-16 13:13:54,221 [pool-118-thread-1] INFO  server.RaftServerConfigKeys (ConfUtils.java:logGet(46)) - raft.server.log.write.buffer.size = 1048576 (custom)
2022-10-16 13:13:54,222 [pool-118-thread-1] INFO  server.RaftServerConfigKeys (ConfUtils.java:logGet(46)) - raft.server.log.unsafe-flush.enabled = false (default)
2022-10-16 13:13:54,225 [pool-118-thread-1] INFO  server.RaftServerConfigKeys (ConfUtils.java:logGet(46)) - raft.server.log.statemachine.data.caching.enabled = true (custom)
2022-10-16 13:13:54,225 [pool-118-thread-1] INFO  segmented.SegmentedRaftLogWorker (SegmentedRaftLogWorker.java:lambda$new$0(135)) - 15f04113-e53c-48b5-ac4f-c6d0b16f8f23@group-0EE3829B0EF9-SegmentedRaftLogWorker: flushIndex: setUnconditionally 0 -> -1
2022-10-16 13:13:54,226 [pool-118-thread-1] INFO  segmented.SegmentedRaftLogWorker (SegmentedRaftLogWorker.java:lambda$new$0(135)) - 15f04113-e53c-48b5-ac4f-c6d0b16f8f23@group-0EE3829B0EF9-SegmentedRaftLogWorker: safeCacheEvictIndex: setUnconditionally 0 -> -1
2022-10-16 13:13:54,226 [pool-118-thread-1] INFO  server.RaftServerConfigKeys (ConfUtils.java:logGet(46)) - raft.server.snapshot.auto.trigger.enabled = true (custom)
2022-10-16 13:13:54,226 [pool-118-thread-1] INFO  server.RaftServerConfigKeys (ConfUtils.java:logGet(46)) - raft.server.snapshot.auto.trigger.threshold = 10000 (custom)
2022-10-16 13:13:54,226 [pool-118-thread-1] INFO  server.RaftServerConfigKeys (ConfUtils.java:logGet(46)) - raft.server.snapshot.retention.file.num = 5 (custom)
2022-10-16 13:13:54,226 [pool-118-thread-1] INFO  server.RaftServerConfigKeys (ConfUtils.java:logGet(46)) - raft.server.log.purge.upto.snapshot.index = false (default)
2022-10-16 13:13:54,226 [pool-118-thread-1] INFO  server.RaftServerConfigKeys (ConfUtils.java:logGet(46)) - raft.server.retrycache.expirytime = 600000ms (custom)
2022-10-16 13:13:54,226 [pool-118-thread-1] INFO  server.RaftServerConfigKeys (ConfUtils.java:logGet(46)) - raft.server.retrycache.statistics.expirytime = 100μs (default)
2022-10-16 13:13:54,227 [pool-118-thread-1] INFO  server.RaftServerConfigKeys (ConfUtils.java:logGet(46)) - raft.server.log.appender.install.snapshot.enabled = false (custom)
2022-10-16 13:13:54,227 [pool-118-thread-1] INFO  server.RaftServerConfigKeys (ConfUtils.java:logGet(46)) - raft.server.threadpool.server.cached = true (default)
2022-10-16 13:13:54,227 [pool-118-thread-1] INFO  server.RaftServerConfigKeys (ConfUtils.java:logGet(46)) - raft.server.threadpool.server.size = 0 (default)
2022-10-16 13:13:54,227 [pool-118-thread-1] INFO  server.RaftServerConfigKeys (ConfUtils.java:logGet(46)) - raft.server.threadpool.client.cached = true (default)
2022-10-16 13:13:54,227 [pool-118-thread-1] INFO  server.RaftServerConfigKeys (ConfUtils.java:logGet(46)) - raft.server.threadpool.client.size = 0 (default)
2022-10-16 13:13:54,227 [pool-118-thread-1] INFO  server.RaftServer$Division (RaftServerImpl.java:start(310)) - 15f04113-e53c-48b5-ac4f-c6d0b16f8f23@group-0EE3829B0EF9: start as a follower, conf=-1: [56a38eed-0cc2-4715-835e-d068c92ebf74|rpc:10.1.0.60:40671|dataStream:|priority:1, 15f04113-e53c-48b5-ac4f-c6d0b16f8f23|rpc:10.1.0.60:33623|dataStream:|priority:0, 19c5685d-7faf-4816-a074-b6158b4e61e2|rpc:10.1.0.60:41227|dataStream:|priority:0], old=null
2022-10-16 13:13:54,227 [pool-118-thread-1] INFO  server.RaftServer$Division (RaftServerImpl.java:setRole(299)) - 15f04113-e53c-48b5-ac4f-c6d0b16f8f23@group-0EE3829B0EF9: changes role from      null to FOLLOWER at term 0 for startAsFollower
2022-10-16 13:13:54,227 [pool-118-thread-1] INFO  impl.RoleInfo (RoleInfo.java:updateAndGet(139)) - 15f04113-e53c-48b5-ac4f-c6d0b16f8f23: start 15f04113-e53c-48b5-ac4f-c6d0b16f8f23@group-0EE3829B0EF9-FollowerState
2022-10-16 13:13:54,228 [pool-118-thread-1] INFO  util.JmxRegister (JmxRegister.java:tryRegister(44)) - Successfully registered JMX Bean with object name Ratis:service=RaftServer,group=group-0EE3829B0EF9,id=15f04113-e53c-48b5-ac4f-c6d0b16f8f23
2022-10-16 13:13:54,344 [Command processor thread] INFO  commandhandler.CreatePipelineCommandHandler (CreatePipelineCommandHandler.java:handle(113)) - Created Pipeline RATIS THREE PipelineID=913966db-1625-4a54-8764-0ee3829b0ef9.
2022-10-16 13:13:54,354 [Command processor thread] INFO  commandhandler.CreatePipelineCommandHandler (CreatePipelineCommandHandler.java:handle(113)) - Created Pipeline RATIS THREE PipelineID=913966db-1625-4a54-8764-0ee3829b0ef9.
2022-10-16 13:13:54,384 [Command processor thread] INFO  server.RaftServer (RaftServerProxy.java:addNew(96)) - 15f04113-e53c-48b5-ac4f-c6d0b16f8f23: addNew group-BBC814AB74AA:[15f04113-e53c-48b5-ac4f-c6d0b16f8f23|rpc:10.1.0.60:33623|priority:1] returns group-BBC814AB74AA:java.util.concurrent.CompletableFuture@2404740d[Not completed]
2022-10-16 13:13:54,385 [pool-118-thread-1] INFO  server.RaftServer$Division (RaftServerImpl.java:<init>(190)) - 15f04113-e53c-48b5-ac4f-c6d0b16f8f23: new RaftServerImpl for group-BBC814AB74AA:[15f04113-e53c-48b5-ac4f-c6d0b16f8f23|rpc:10.1.0.60:33623|priority:1] with ContainerStateMachine:uninitialized
2022-10-16 13:13:54,385 [pool-118-thread-1] INFO  server.RaftServerConfigKeys (ConfUtils.java:logGet(46)) - raft.server.rpc.timeout.min = 5s (custom)
2022-10-16 13:13:54,385 [pool-118-thread-1] INFO  server.RaftServerConfigKeys (ConfUtils.java:logGet(46)) - raft.server.rpc.timeout.max = 5200ms (custom)
2022-10-16 13:13:54,385 [pool-118-thread-1] INFO  server.RaftServerConfigKeys (ConfUtils.java:logGet(46)) - raft.server.rpc.sleep.time = 25ms (default)
2022-10-16 13:13:54,385 [pool-118-thread-1] INFO  server.RaftServerConfigKeys (ConfUtils.java:logGet(46)) - raft.server.rpc.slowness.timeout = 300s (custom)
2022-10-16 13:13:54,385 [pool-118-thread-1] INFO  server.RaftServerConfigKeys (ConfUtils.java:logGet(46)) - raft.server.leaderelection.leader.step-down.wait-time = 10s (default)
2022-10-16 13:13:54,385 [pool-118-thread-1] INFO  server.RaftServerConfigKeys (ConfUtils.java:logGet(46)) - raft.server.sleep.deviation.threshold = 300ms (default)
2022-10-16 13:13:54,385 [pool-118-thread-1] INFO  server.RaftServer$Division (ServerState.java:<init>(107)) - 15f04113-e53c-48b5-ac4f-c6d0b16f8f23@group-BBC814AB74AA: ConfigurationManager, init=-1: [15f04113-e53c-48b5-ac4f-c6d0b16f8f23|rpc:10.1.0.60:33623|priority:1], old=null, confs=<EMPTY_MAP>
2022-10-16 13:13:54,385 [pool-118-thread-1] INFO  server.RaftServerConfigKeys (ConfUtils.java:logGet(46)) - raft.server.storage.dir = [/home/runner/work/ozone/ozone/hadoop-ozone/integration-test/target/test-dir/MiniOzoneClusterImpl-57f5d021-d9de-4630-9dce-fc102de9b2f6/datanode-2/data/ratis] (custom)
2022-10-16 13:13:54,385 [pool-118-thread-1] INFO  server.RaftServerConfigKeys (ConfUtils.java:logGet(46)) - raft.server.log.corruption.policy = EXCEPTION (default)
2022-10-16 13:13:54,385 [pool-118-thread-1] INFO  server.RaftServerConfigKeys (ConfUtils.java:logGet(46)) - raft.server.storage.free-space.min = 0MB (=0) (default)
2022-10-16 13:13:54,386 [pool-118-thread-1] INFO  storage.RaftStorageDirectory (RaftStorageDirectoryImpl.java:analyzeStorage(135)) - The storage directory /home/runner/work/ozone/ozone/hadoop-ozone/integration-test/target/test-dir/MiniOzoneClusterImpl-57f5d021-d9de-4630-9dce-fc102de9b2f6/datanode-2/data/ratis/568b7d33-1fb5-4bd3-b88d-bbc814ab74aa does not exist. Creating ...
2022-10-16 13:13:54,387 [pool-118-thread-1] INFO  storage.RaftStorageDirectory (RaftStorageDirectoryImpl.java:tryLock(230)) - Lock on /home/runner/work/ozone/ozone/hadoop-ozone/integration-test/target/test-dir/MiniOzoneClusterImpl-57f5d021-d9de-4630-9dce-fc102de9b2f6/datanode-2/data/ratis/568b7d33-1fb5-4bd3-b88d-bbc814ab74aa/in_use.lock acquired by nodename 44550@fv-az308-250
2022-10-16 13:13:54,389 [pool-118-thread-1] INFO  storage.RaftStorage (RaftStorageImpl.java:format(89)) - Storage directory /home/runner/work/ozone/ozone/hadoop-ozone/integration-test/target/test-dir/MiniOzoneClusterImpl-57f5d021-d9de-4630-9dce-fc102de9b2f6/datanode-2/data/ratis/568b7d33-1fb5-4bd3-b88d-bbc814ab74aa has been successfully formatted.
2022-10-16 13:13:54,390 [pool-118-thread-1] INFO  ratis.ContainerStateMachine (ContainerStateMachine.java:loadSnapshot(236)) - group-BBC814AB74AA: The snapshot info is null. Setting the last applied indexto:(t:0, i:~)
2022-10-16 13:13:54,390 [pool-118-thread-1] INFO  server.RaftServerConfigKeys (ConfUtils.java:logGet(46)) - raft.server.notification.no-leader.timeout = 300s (custom)
2022-10-16 13:13:54,390 [pool-118-thread-1] INFO  server.RaftServerConfigKeys (ConfUtils.java:logGet(46)) - raft.server.log.use.memory = false (default)
2022-10-16 13:13:54,390 [pool-118-thread-1] INFO  server.RaftServerConfigKeys (ConfUtils.java:logGet(46)) - raft.server.log.purge.gap = 1000000 (custom)
2022-10-16 13:13:54,390 [pool-118-thread-1] INFO  server.RaftServerConfigKeys (ConfUtils.java:logGet(46)) - raft.server.log.appender.buffer.byte-limit = 33554432 (custom)
2022-10-16 13:13:54,390 [pool-118-thread-1] INFO  server.RaftServerConfigKeys (ConfUtils.java:logGet(46)) - raft.server.log.statemachine.data.read.timeout = 1000ms (default)
2022-10-16 13:13:54,390 [pool-118-thread-1] INFO  server.RaftServerConfigKeys (ConfUtils.java:logGet(46)) - raft.server.log.segment.size.max = 1048576 (custom)
2022-10-16 13:13:54,391 [pool-118-thread-1] INFO  server.RaftServerConfigKeys (ConfUtils.java:logGet(46)) - raft.server.log.segment.cache.num.max = 2 (custom)
2022-10-16 13:13:54,391 [pool-118-thread-1] INFO  server.RaftServerConfigKeys (ConfUtils.java:logGet(46)) - raft.server.log.segment.cache.size.max = 200MB (=209715200) (default)
2022-10-16 13:13:54,391 [pool-118-thread-1] INFO  segmented.SegmentedRaftLogWorker (SegmentedRaftLogWorker.java:<init>(187)) - new 15f04113-e53c-48b5-ac4f-c6d0b16f8f23@group-BBC814AB74AA-SegmentedRaftLogWorker for RaftStorageImpl:Storage Directory /home/runner/work/ozone/ozone/hadoop-ozone/integration-test/target/test-dir/MiniOzoneClusterImpl-57f5d021-d9de-4630-9dce-fc102de9b2f6/datanode-2/data/ratis/568b7d33-1fb5-4bd3-b88d-bbc814ab74aa
2022-10-16 13:13:54,391 [pool-118-thread-1] INFO  server.RaftServerConfigKeys (ConfUtils.java:logGet(46)) - raft.server.log.queue.byte-limit = 4294967296 (custom)
2022-10-16 13:13:54,392 [EventQueue-PipelineReportForPipelineReportHandler] INFO  pipeline.PipelineManagerImpl (PipelineManagerImpl.java:openPipeline(367)) - Pipeline Pipeline[ Id: 568b7d33-1fb5-4bd3-b88d-bbc814ab74aa, Nodes: 15f04113-e53c-48b5-ac4f-c6d0b16f8f23{ip: 10.1.0.60, host: fv-az308-250.etcbaq1qs54eplwmrjlabigyle.cx.internal.cloudapp.net, ports: [REPLICATION=43039, RATIS=33623, RATIS_ADMIN=33623, RATIS_SERVER=33623, STANDALONE=44287], networkLocation: /default-rack, certSerialId: null, persistedOpState: IN_SERVICE, persistedOpStateExpiryEpochSec: 0}, ReplicationConfig: RATIS/ONE, State:ALLOCATED, leaderId:15f04113-e53c-48b5-ac4f-c6d0b16f8f23, CreationTimestamp2022-10-16T13:13:51.387Z[Etc/UTC]] moved to OPEN state
2022-10-16 13:13:54,393 [EventQueue-OpenPipelineForHealthyPipelineSafeModeRule] INFO  safemode.SCMSafeModeManager (HealthyPipelineSafeModeRule.java:process(137)) - SCM in safe mode. Healthy pipelines reported count is 0, required healthy pipeline reported count is 1
2022-10-16 13:13:54,393 [pool-118-thread-1] INFO  server.RaftServerConfigKeys (ConfUtils.java:logGet(46)) - raft.server.log.queue.element-limit = 1024 (custom)
2022-10-16 13:13:54,394 [pool-118-thread-1] INFO  server.RaftServerConfigKeys (ConfUtils.java:logGet(46)) - raft.server.log.segment.size.max = 1048576 (custom)
2022-10-16 13:13:54,394 [pool-118-thread-1] INFO  server.RaftServerConfigKeys (ConfUtils.java:logGet(46)) - raft.server.log.preallocated.size = 16384 (custom)
2022-10-16 13:13:54,394 [pool-118-thread-1] INFO  server.RaftServerConfigKeys (ConfUtils.java:logGet(46)) - raft.server.log.force.sync.num = 128 (default)
2022-10-16 13:13:54,394 [pool-118-thread-1] INFO  server.RaftServerConfigKeys (ConfUtils.java:logGet(46)) - raft.server.log.statemachine.data.sync = true (default)
2022-10-16 13:13:54,394 [pool-118-thread-1] INFO  server.RaftServerConfigKeys (ConfUtils.java:logGet(46)) - raft.server.log.statemachine.data.sync.timeout = 10s (default)
2022-10-16 13:13:54,394 [pool-118-thread-1] INFO  server.RaftServerConfigKeys (ConfUtils.java:logGet(46)) - raft.server.log.statemachine.data.sync.timeout.retry = -1 (default)
2022-10-16 13:13:54,395 [pool-118-thread-1] INFO  server.RaftServerConfigKeys (ConfUtils.java:logGet(46)) - raft.server.log.write.buffer.size = 1048576 (custom)
2022-10-16 13:13:54,396 [pool-118-thread-1] INFO  server.RaftServerConfigKeys (ConfUtils.java:logGet(46)) - raft.server.log.unsafe-flush.enabled = false (default)
2022-10-16 13:13:54,396 [pool-118-thread-1] INFO  server.RaftServerConfigKeys (ConfUtils.java:logGet(46)) - raft.server.log.statemachine.data.caching.enabled = true (custom)
2022-10-16 13:13:54,396 [pool-118-thread-1] INFO  segmented.SegmentedRaftLogWorker (SegmentedRaftLogWorker.java:lambda$new$0(135)) - 15f04113-e53c-48b5-ac4f-c6d0b16f8f23@group-BBC814AB74AA-SegmentedRaftLogWorker: flushIndex: setUnconditionally 0 -> -1
2022-10-16 13:13:54,396 [pool-118-thread-1] INFO  segmented.SegmentedRaftLogWorker (SegmentedRaftLogWorker.java:lambda$new$0(135)) - 15f04113-e53c-48b5-ac4f-c6d0b16f8f23@group-BBC814AB74AA-SegmentedRaftLogWorker: safeCacheEvictIndex: setUnconditionally 0 -> -1
2022-10-16 13:13:54,396 [pool-118-thread-1] INFO  server.RaftServerConfigKeys (ConfUtils.java:logGet(46)) - raft.server.snapshot.auto.trigger.enabled = true (custom)
2022-10-16 13:13:54,396 [pool-118-thread-1] INFO  server.RaftServerConfigKeys (ConfUtils.java:logGet(46)) - raft.server.snapshot.auto.trigger.threshold = 10000 (custom)
2022-10-16 13:13:54,396 [pool-118-thread-1] INFO  server.RaftServerConfigKeys (ConfUtils.java:logGet(46)) - raft.server.snapshot.retention.file.num = 5 (custom)
2022-10-16 13:13:54,396 [pool-118-thread-1] INFO  server.RaftServerConfigKeys (ConfUtils.java:logGet(46)) - raft.server.log.purge.upto.snapshot.index = false (default)
2022-10-16 13:13:54,396 [pool-118-thread-1] INFO  server.RaftServerConfigKeys (ConfUtils.java:logGet(46)) - raft.server.retrycache.expirytime = 600000ms (custom)
2022-10-16 13:13:54,396 [pool-118-thread-1] INFO  server.RaftServerConfigKeys (ConfUtils.java:logGet(46)) - raft.server.retrycache.statistics.expirytime = 100μs (default)
2022-10-16 13:13:54,397 [pool-118-thread-1] INFO  server.RaftServerConfigKeys (ConfUtils.java:logGet(46)) - raft.server.log.appender.install.snapshot.enabled = false (custom)
2022-10-16 13:13:54,397 [pool-118-thread-1] INFO  server.RaftServerConfigKeys (ConfUtils.java:logGet(46)) - raft.server.threadpool.server.cached = true (default)
2022-10-16 13:13:54,397 [pool-118-thread-1] INFO  server.RaftServerConfigKeys (ConfUtils.java:logGet(46)) - raft.server.threadpool.server.size = 0 (default)
2022-10-16 13:13:54,397 [pool-118-thread-1] INFO  server.RaftServerConfigKeys (ConfUtils.java:logGet(46)) - raft.server.threadpool.client.cached = true (default)
2022-10-16 13:13:54,397 [pool-118-thread-1] INFO  server.RaftServerConfigKeys (ConfUtils.java:logGet(46)) - raft.server.threadpool.client.size = 0 (default)
2022-10-16 13:13:54,397 [pool-118-thread-1] INFO  server.RaftServer$Division (RaftServerImpl.java:start(310)) - 15f04113-e53c-48b5-ac4f-c6d0b16f8f23@group-BBC814AB74AA: start as a follower, conf=-1: [15f04113-e53c-48b5-ac4f-c6d0b16f8f23|rpc:10.1.0.60:33623|priority:1], old=null
2022-10-16 13:13:54,398 [pool-118-thread-1] INFO  server.RaftServer$Division (RaftServerImpl.java:setRole(299)) - 15f04113-e53c-48b5-ac4f-c6d0b16f8f23@group-BBC814AB74AA: changes role from      null to FOLLOWER at term 0 for startAsFollower
2022-10-16 13:13:54,398 [pool-118-thread-1] INFO  impl.RoleInfo (RoleInfo.java:updateAndGet(139)) - 15f04113-e53c-48b5-ac4f-c6d0b16f8f23: start 15f04113-e53c-48b5-ac4f-c6d0b16f8f23@group-BBC814AB74AA-FollowerState
2022-10-16 13:13:54,399 [pool-118-thread-1] INFO  util.JmxRegister (JmxRegister.java:tryRegister(44)) - Successfully registered JMX Bean with object name Ratis:service=RaftServer,group=group-BBC814AB74AA,id=15f04113-e53c-48b5-ac4f-c6d0b16f8f23
2022-10-16 13:13:54,399 [Command processor thread] INFO  ratis.XceiverServerRatis (XceiverServerRatis.java:addGroup(765)) - Created group PipelineID=568b7d33-1fb5-4bd3-b88d-bbc814ab74aa
2022-10-16 13:13:54,399 [Command processor thread] INFO  commandhandler.CreatePipelineCommandHandler (CreatePipelineCommandHandler.java:handle(113)) - Created Pipeline RATIS ONE PipelineID=568b7d33-1fb5-4bd3-b88d-bbc814ab74aa.
2022-10-16 13:13:54,684 [Command processor thread] INFO  server.RaftServer (RaftServerProxy.java:addNew(96)) - d6bb9e09-7a5d-4d11-b65a-7cc5dc53b33d: addNew group-25894138464C:[d6bb9e09-7a5d-4d11-b65a-7cc5dc53b33d|rpc:10.1.0.60:35493|priority:1] returns group-25894138464C:java.util.concurrent.CompletableFuture@56877d14[Not completed]
2022-10-16 13:13:54,688 [pool-141-thread-1] INFO  server.RaftServer$Division (RaftServerImpl.java:<init>(190)) - d6bb9e09-7a5d-4d11-b65a-7cc5dc53b33d: new RaftServerImpl for group-25894138464C:[d6bb9e09-7a5d-4d11-b65a-7cc5dc53b33d|rpc:10.1.0.60:35493|priority:1] with ContainerStateMachine:uninitialized
2022-10-16 13:13:54,688 [pool-141-thread-1] INFO  server.RaftServerConfigKeys (ConfUtils.java:logGet(46)) - raft.server.rpc.timeout.min = 5s (custom)
2022-10-16 13:13:54,688 [pool-141-thread-1] INFO  server.RaftServerConfigKeys (ConfUtils.java:logGet(46)) - raft.server.rpc.timeout.max = 5200ms (custom)
2022-10-16 13:13:54,688 [pool-141-thread-1] INFO  server.RaftServerConfigKeys (ConfUtils.java:logGet(46)) - raft.server.rpc.sleep.time = 25ms (default)
2022-10-16 13:13:54,688 [pool-141-thread-1] INFO  server.RaftServerConfigKeys (ConfUtils.java:logGet(46)) - raft.server.rpc.slowness.timeout = 300s (custom)
2022-10-16 13:13:54,688 [pool-141-thread-1] INFO  server.RaftServerConfigKeys (ConfUtils.java:logGet(46)) - raft.server.leaderelection.leader.step-down.wait-time = 10s (default)
2022-10-16 13:13:54,688 [pool-141-thread-1] INFO  server.RaftServerConfigKeys (ConfUtils.java:logGet(46)) - raft.server.sleep.deviation.threshold = 300ms (default)
2022-10-16 13:13:54,688 [pool-141-thread-1] INFO  server.RaftServer$Division (ServerState.java:<init>(107)) - d6bb9e09-7a5d-4d11-b65a-7cc5dc53b33d@group-25894138464C: ConfigurationManager, init=-1: [d6bb9e09-7a5d-4d11-b65a-7cc5dc53b33d|rpc:10.1.0.60:35493|priority:1], old=null, confs=<EMPTY_MAP>
2022-10-16 13:13:54,688 [pool-141-thread-1] INFO  server.RaftServerConfigKeys (ConfUtils.java:logGet(46)) - raft.server.storage.dir = [/home/runner/work/ozone/ozone/hadoop-ozone/integration-test/target/test-dir/MiniOzoneClusterImpl-57f5d021-d9de-4630-9dce-fc102de9b2f6/datanode-3/data/ratis] (custom)
2022-10-16 13:13:54,689 [pool-141-thread-1] INFO  server.RaftServerConfigKeys (ConfUtils.java:logGet(46)) - raft.server.log.corruption.policy = EXCEPTION (default)
2022-10-16 13:13:54,689 [pool-141-thread-1] INFO  server.RaftServerConfigKeys (ConfUtils.java:logGet(46)) - raft.server.storage.free-space.min = 0MB (=0) (default)
2022-10-16 13:13:54,689 [pool-141-thread-1] INFO  storage.RaftStorageDirectory (RaftStorageDirectoryImpl.java:analyzeStorage(135)) - The storage directory /home/runner/work/ozone/ozone/hadoop-ozone/integration-test/target/test-dir/MiniOzoneClusterImpl-57f5d021-d9de-4630-9dce-fc102de9b2f6/datanode-3/data/ratis/6cd84686-a9da-4b28-b289-25894138464c does not exist. Creating ...
2022-10-16 13:13:54,691 [pool-141-thread-1] INFO  storage.RaftStorageDirectory (RaftStorageDirectoryImpl.java:tryLock(230)) - Lock on /home/runner/work/ozone/ozone/hadoop-ozone/integration-test/target/test-dir/MiniOzoneClusterImpl-57f5d021-d9de-4630-9dce-fc102de9b2f6/datanode-3/data/ratis/6cd84686-a9da-4b28-b289-25894138464c/in_use.lock acquired by nodename 44550@fv-az308-250
2022-10-16 13:13:54,692 [pool-141-thread-1] INFO  storage.RaftStorage (RaftStorageImpl.java:format(89)) - Storage directory /home/runner/work/ozone/ozone/hadoop-ozone/integration-test/target/test-dir/MiniOzoneClusterImpl-57f5d021-d9de-4630-9dce-fc102de9b2f6/datanode-3/data/ratis/6cd84686-a9da-4b28-b289-25894138464c has been successfully formatted.
2022-10-16 13:13:54,693 [pool-141-thread-1] INFO  ratis.ContainerStateMachine (ContainerStateMachine.java:loadSnapshot(236)) - group-25894138464C: The snapshot info is null. Setting the last applied indexto:(t:0, i:~)
2022-10-16 13:13:54,693 [pool-141-thread-1] INFO  server.RaftServerConfigKeys (ConfUtils.java:logGet(46)) - raft.server.notification.no-leader.timeout = 300s (custom)
2022-10-16 13:13:54,693 [pool-141-thread-1] INFO  server.RaftServerConfigKeys (ConfUtils.java:logGet(46)) - raft.server.log.use.memory = false (default)
2022-10-16 13:13:54,693 [pool-141-thread-1] INFO  server.RaftServerConfigKeys (ConfUtils.java:logGet(46)) - raft.server.log.purge.gap = 1000000 (custom)
2022-10-16 13:13:54,693 [pool-141-thread-1] INFO  server.RaftServerConfigKeys (ConfUtils.java:logGet(46)) - raft.server.log.appender.buffer.byte-limit = 33554432 (custom)
2022-10-16 13:13:54,693 [pool-141-thread-1] INFO  server.RaftServerConfigKeys (ConfUtils.java:logGet(46)) - raft.server.log.statemachine.data.read.timeout = 1000ms (default)
2022-10-16 13:13:54,693 [pool-141-thread-1] INFO  server.RaftServerConfigKeys (ConfUtils.java:logGet(46)) - raft.server.log.segment.size.max = 1048576 (custom)
2022-10-16 13:13:54,694 [pool-141-thread-1] INFO  server.RaftServerConfigKeys (ConfUtils.java:logGet(46)) - raft.server.log.segment.cache.num.max = 2 (custom)
2022-10-16 13:13:54,694 [pool-141-thread-1] INFO  server.RaftServerConfigKeys (ConfUtils.java:logGet(46)) - raft.server.log.segment.cache.size.max = 200MB (=209715200) (default)
2022-10-16 13:13:54,694 [pool-141-thread-1] INFO  segmented.SegmentedRaftLogWorker (SegmentedRaftLogWorker.java:<init>(187)) - new d6bb9e09-7a5d-4d11-b65a-7cc5dc53b33d@group-25894138464C-SegmentedRaftLogWorker for RaftStorageImpl:Storage Directory /home/runner/work/ozone/ozone/hadoop-ozone/integration-test/target/test-dir/MiniOzoneClusterImpl-57f5d021-d9de-4630-9dce-fc102de9b2f6/datanode-3/data/ratis/6cd84686-a9da-4b28-b289-25894138464c
2022-10-16 13:13:54,694 [pool-141-thread-1] INFO  server.RaftServerConfigKeys (ConfUtils.java:logGet(46)) - raft.server.log.queue.byte-limit = 4294967296 (custom)
2022-10-16 13:13:54,694 [pool-141-thread-1] INFO  server.RaftServerConfigKeys (ConfUtils.java:logGet(46)) - raft.server.log.queue.element-limit = 1024 (custom)
2022-10-16 13:13:54,694 [pool-141-thread-1] INFO  server.RaftServerConfigKeys (ConfUtils.java:logGet(46)) - raft.server.log.segment.size.max = 1048576 (custom)
2022-10-16 13:13:54,694 [pool-141-thread-1] INFO  server.RaftServerConfigKeys (ConfUtils.java:logGet(46)) - raft.server.log.preallocated.size = 16384 (custom)
2022-10-16 13:13:54,694 [pool-141-thread-1] INFO  server.RaftServerConfigKeys (ConfUtils.java:logGet(46)) - raft.server.log.force.sync.num = 128 (default)
2022-10-16 13:13:54,694 [pool-141-thread-1] INFO  server.RaftServerConfigKeys (ConfUtils.java:logGet(46)) - raft.server.log.statemachine.data.sync = true (default)
2022-10-16 13:13:54,694 [pool-141-thread-1] INFO  server.RaftServerConfigKeys (ConfUtils.java:logGet(46)) - raft.server.log.statemachine.data.sync.timeout = 10s (default)
2022-10-16 13:13:54,694 [pool-141-thread-1] INFO  server.RaftServerConfigKeys (ConfUtils.java:logGet(46)) - raft.server.log.statemachine.data.sync.timeout.retry = -1 (default)
2022-10-16 13:13:54,695 [pool-141-thread-1] INFO  server.RaftServerConfigKeys (ConfUtils.java:logGet(46)) - raft.server.log.write.buffer.size = 1048576 (custom)
2022-10-16 13:13:54,696 [pool-141-thread-1] INFO  server.RaftServerConfigKeys (ConfUtils.java:logGet(46)) - raft.server.log.unsafe-flush.enabled = false (default)
2022-10-16 13:13:54,696 [pool-141-thread-1] INFO  server.RaftServerConfigKeys (ConfUtils.java:logGet(46)) - raft.server.log.statemachine.data.caching.enabled = true (custom)
2022-10-16 13:13:54,696 [pool-141-thread-1] INFO  segmented.SegmentedRaftLogWorker (SegmentedRaftLogWorker.java:lambda$new$0(135)) - d6bb9e09-7a5d-4d11-b65a-7cc5dc53b33d@group-25894138464C-SegmentedRaftLogWorker: flushIndex: setUnconditionally 0 -> -1
2022-10-16 13:13:54,696 [pool-141-thread-1] INFO  segmented.SegmentedRaftLogWorker (SegmentedRaftLogWorker.java:lambda$new$0(135)) - d6bb9e09-7a5d-4d11-b65a-7cc5dc53b33d@group-25894138464C-SegmentedRaftLogWorker: safeCacheEvictIndex: setUnconditionally 0 -> -1
2022-10-16 13:13:54,697 [EventQueue-PipelineReportForPipelineReportHandler] INFO  pipeline.PipelineManagerImpl (PipelineManagerImpl.java:openPipeline(367)) - Pipeline Pipeline[ Id: 6cd84686-a9da-4b28-b289-25894138464c, Nodes: d6bb9e09-7a5d-4d11-b65a-7cc5dc53b33d{ip: 10.1.0.60, host: fv-az308-250.etcbaq1qs54eplwmrjlabigyle.cx.internal.cloudapp.net, ports: [REPLICATION=33315, RATIS=35493, RATIS_ADMIN=35493, RATIS_SERVER=35493, STANDALONE=43787], networkLocation: /default-rack, certSerialId: null, persistedOpState: IN_SERVICE, persistedOpStateExpiryEpochSec: 0}, ReplicationConfig: RATIS/ONE, State:ALLOCATED, leaderId:d6bb9e09-7a5d-4d11-b65a-7cc5dc53b33d, CreationTimestamp2022-10-16T13:13:51.688Z[Etc/UTC]] moved to OPEN state
2022-10-16 13:13:54,698 [EventQueue-OpenPipelineForHealthyPipelineSafeModeRule] INFO  safemode.SCMSafeModeManager (HealthyPipelineSafeModeRule.java:process(137)) - SCM in safe mode. Healthy pipelines reported count is 0, required healthy pipeline reported count is 1
2022-10-16 13:13:54,703 [pool-141-thread-1] INFO  server.RaftServerConfigKeys (ConfUtils.java:logGet(46)) - raft.server.snapshot.auto.trigger.enabled = true (custom)
2022-10-16 13:13:54,708 [pool-141-thread-1] INFO  server.RaftServerConfigKeys (ConfUtils.java:logGet(46)) - raft.server.snapshot.auto.trigger.threshold = 10000 (custom)
2022-10-16 13:13:54,708 [pool-141-thread-1] INFO  server.RaftServerConfigKeys (ConfUtils.java:logGet(46)) - raft.server.snapshot.retention.file.num = 5 (custom)
2022-10-16 13:13:54,708 [pool-141-thread-1] INFO  server.RaftServerConfigKeys (ConfUtils.java:logGet(46)) - raft.server.log.purge.upto.snapshot.index = false (default)
2022-10-16 13:13:54,708 [pool-141-thread-1] INFO  server.RaftServerConfigKeys (ConfUtils.java:logGet(46)) - raft.server.retrycache.expirytime = 600000ms (custom)
2022-10-16 13:13:54,708 [pool-141-thread-1] INFO  server.RaftServerConfigKeys (ConfUtils.java:logGet(46)) - raft.server.retrycache.statistics.expirytime = 100μs (default)
2022-10-16 13:13:54,709 [pool-141-thread-1] INFO  server.RaftServerConfigKeys (ConfUtils.java:logGet(46)) - raft.server.log.appender.install.snapshot.enabled = false (custom)
2022-10-16 13:13:54,709 [pool-141-thread-1] INFO  server.RaftServerConfigKeys (ConfUtils.java:logGet(46)) - raft.server.threadpool.server.cached = true (default)
2022-10-16 13:13:54,709 [pool-141-thread-1] INFO  server.RaftServerConfigKeys (ConfUtils.java:logGet(46)) - raft.server.threadpool.server.size = 0 (default)
2022-10-16 13:13:54,709 [pool-141-thread-1] INFO  server.RaftServerConfigKeys (ConfUtils.java:logGet(46)) - raft.server.threadpool.client.cached = true (default)
2022-10-16 13:13:54,709 [pool-141-thread-1] INFO  server.RaftServerConfigKeys (ConfUtils.java:logGet(46)) - raft.server.threadpool.client.size = 0 (default)
2022-10-16 13:13:54,710 [pool-141-thread-1] INFO  server.RaftServer$Division (RaftServerImpl.java:start(310)) - d6bb9e09-7a5d-4d11-b65a-7cc5dc53b33d@group-25894138464C: start as a follower, conf=-1: [d6bb9e09-7a5d-4d11-b65a-7cc5dc53b33d|rpc:10.1.0.60:35493|priority:1], old=null
2022-10-16 13:13:54,710 [pool-141-thread-1] INFO  server.RaftServer$Division (RaftServerImpl.java:setRole(299)) - d6bb9e09-7a5d-4d11-b65a-7cc5dc53b33d@group-25894138464C: changes role from      null to FOLLOWER at term 0 for startAsFollower
2022-10-16 13:13:54,710 [pool-141-thread-1] INFO  impl.RoleInfo (RoleInfo.java:updateAndGet(139)) - d6bb9e09-7a5d-4d11-b65a-7cc5dc53b33d: start d6bb9e09-7a5d-4d11-b65a-7cc5dc53b33d@group-25894138464C-FollowerState
2022-10-16 13:13:54,710 [pool-141-thread-1] INFO  util.JmxRegister (JmxRegister.java:tryRegister(44)) - Successfully registered JMX Bean with object name Ratis:service=RaftServer,group=group-25894138464C,id=d6bb9e09-7a5d-4d11-b65a-7cc5dc53b33d
2022-10-16 13:13:54,711 [Command processor thread] INFO  ratis.XceiverServerRatis (XceiverServerRatis.java:addGroup(765)) - Created group PipelineID=6cd84686-a9da-4b28-b289-25894138464c
2022-10-16 13:13:54,711 [Command processor thread] INFO  commandhandler.CreatePipelineCommandHandler (CreatePipelineCommandHandler.java:handle(113)) - Created Pipeline RATIS ONE PipelineID=6cd84686-a9da-4b28-b289-25894138464c.
2022-10-16 13:13:54,915 [ReplicationMonitor] INFO  replication.ReplicationManager (ReplicationManager.java:processAll(291)) - Replication Manager is not ready to run until 3000ms after safemode exit
2022-10-16 13:13:54,986 [Listener at 127.0.0.1/36155] INFO  ozone.MiniOzoneClusterImpl (MiniOzoneClusterImpl.java:lambda$waitForClusterToBeReady$0(216)) - Nodes are ready. Got 5 of 5 DN Heartbeats.
2022-10-16 13:13:54,986 [Listener at 127.0.0.1/36155] INFO  ozone.MiniOzoneClusterImpl (MiniOzoneClusterImpl.java:lambda$waitForClusterToBeReady$0(219)) - Waiting for cluster to exit safe mode
2022-10-16 13:13:54,986 [Listener at 127.0.0.1/36155] INFO  ozone.MiniOzoneClusterImpl (MiniOzoneClusterImpl.java:lambda$waitForClusterToBeReady$0(221)) - SCM became leader
2022-10-16 13:13:54,993 [Command processor thread] INFO  server.RaftServer (RaftServerProxy.java:addNew(96)) - 38a9bf41-2224-4aa1-adc3-26a20af34a93: addNew group-4457FECF7044:[38a9bf41-2224-4aa1-adc3-26a20af34a93|rpc:10.1.0.60:37671|priority:1] returns group-4457FECF7044:java.util.concurrent.CompletableFuture@1f69ddc1[Not completed]
2022-10-16 13:13:54,995 [pool-164-thread-1] INFO  server.RaftServer$Division (RaftServerImpl.java:<init>(190)) - 38a9bf41-2224-4aa1-adc3-26a20af34a93: new RaftServerImpl for group-4457FECF7044:[38a9bf41-2224-4aa1-adc3-26a20af34a93|rpc:10.1.0.60:37671|priority:1] with ContainerStateMachine:uninitialized
2022-10-16 13:13:54,995 [pool-164-thread-1] INFO  server.RaftServerConfigKeys (ConfUtils.java:logGet(46)) - raft.server.rpc.timeout.min = 5s (custom)
2022-10-16 13:13:54,995 [pool-164-thread-1] INFO  server.RaftServerConfigKeys (ConfUtils.java:logGet(46)) - raft.server.rpc.timeout.max = 5200ms (custom)
2022-10-16 13:13:54,995 [pool-164-thread-1] INFO  server.RaftServerConfigKeys (ConfUtils.java:logGet(46)) - raft.server.rpc.sleep.time = 25ms (default)
2022-10-16 13:13:54,995 [pool-164-thread-1] INFO  server.RaftServerConfigKeys (ConfUtils.java:logGet(46)) - raft.server.rpc.slowness.timeout = 300s (custom)
2022-10-16 13:13:54,995 [pool-164-thread-1] INFO  server.RaftServerConfigKeys (ConfUtils.java:logGet(46)) - raft.server.leaderelection.leader.step-down.wait-time = 10s (default)
2022-10-16 13:13:54,995 [pool-164-thread-1] INFO  server.RaftServerConfigKeys (ConfUtils.java:logGet(46)) - raft.server.sleep.deviation.threshold = 300ms (default)
2022-10-16 13:13:54,995 [pool-164-thread-1] INFO  server.RaftServer$Division (ServerState.java:<init>(107)) - 38a9bf41-2224-4aa1-adc3-26a20af34a93@group-4457FECF7044: ConfigurationManager, init=-1: [38a9bf41-2224-4aa1-adc3-26a20af34a93|rpc:10.1.0.60:37671|priority:1], old=null, confs=<EMPTY_MAP>
2022-10-16 13:13:54,995 [pool-164-thread-1] INFO  server.RaftServerConfigKeys (ConfUtils.java:logGet(46)) - raft.server.storage.dir = [/home/runner/work/ozone/ozone/hadoop-ozone/integration-test/target/test-dir/MiniOzoneClusterImpl-57f5d021-d9de-4630-9dce-fc102de9b2f6/datanode-4/data/ratis] (custom)
2022-10-16 13:13:54,996 [pool-164-thread-1] INFO  server.RaftServerConfigKeys (ConfUtils.java:logGet(46)) - raft.server.log.corruption.policy = EXCEPTION (default)
2022-10-16 13:13:54,996 [pool-164-thread-1] INFO  server.RaftServerConfigKeys (ConfUtils.java:logGet(46)) - raft.server.storage.free-space.min = 0MB (=0) (default)
2022-10-16 13:13:54,996 [pool-164-thread-1] INFO  storage.RaftStorageDirectory (RaftStorageDirectoryImpl.java:analyzeStorage(135)) - The storage directory /home/runner/work/ozone/ozone/hadoop-ozone/integration-test/target/test-dir/MiniOzoneClusterImpl-57f5d021-d9de-4630-9dce-fc102de9b2f6/datanode-4/data/ratis/3ef6c476-1ca6-41ac-93d8-4457fecf7044 does not exist. Creating ...
2022-10-16 13:13:54,998 [pool-164-thread-1] INFO  storage.RaftStorageDirectory (RaftStorageDirectoryImpl.java:tryLock(230)) - Lock on /home/runner/work/ozone/ozone/hadoop-ozone/integration-test/target/test-dir/MiniOzoneClusterImpl-57f5d021-d9de-4630-9dce-fc102de9b2f6/datanode-4/data/ratis/3ef6c476-1ca6-41ac-93d8-4457fecf7044/in_use.lock acquired by nodename 44550@fv-az308-250
2022-10-16 13:13:55,000 [pool-164-thread-1] INFO  storage.RaftStorage (RaftStorageImpl.java:format(89)) - Storage directory /home/runner/work/ozone/ozone/hadoop-ozone/integration-test/target/test-dir/MiniOzoneClusterImpl-57f5d021-d9de-4630-9dce-fc102de9b2f6/datanode-4/data/ratis/3ef6c476-1ca6-41ac-93d8-4457fecf7044 has been successfully formatted.
2022-10-16 13:13:55,001 [pool-164-thread-1] INFO  ratis.ContainerStateMachine (ContainerStateMachine.java:loadSnapshot(236)) - group-4457FECF7044: The snapshot info is null. Setting the last applied indexto:(t:0, i:~)
2022-10-16 13:13:55,002 [pool-164-thread-1] INFO  server.RaftServerConfigKeys (ConfUtils.java:logGet(46)) - raft.server.notification.no-leader.timeout = 300s (custom)
2022-10-16 13:13:55,003 [EventQueue-PipelineReportForPipelineReportHandler] INFO  pipeline.PipelineManagerImpl (PipelineManagerImpl.java:openPipeline(367)) - Pipeline Pipeline[ Id: 3ef6c476-1ca6-41ac-93d8-4457fecf7044, Nodes: 38a9bf41-2224-4aa1-adc3-26a20af34a93{ip: 10.1.0.60, host: fv-az308-250.etcbaq1qs54eplwmrjlabigyle.cx.internal.cloudapp.net, ports: [REPLICATION=37823, RATIS=37671, RATIS_ADMIN=37671, RATIS_SERVER=37671, STANDALONE=34011], networkLocation: /default-rack, certSerialId: null, persistedOpState: IN_SERVICE, persistedOpStateExpiryEpochSec: 0}, ReplicationConfig: RATIS/ONE, State:ALLOCATED, leaderId:38a9bf41-2224-4aa1-adc3-26a20af34a93, CreationTimestamp2022-10-16T13:13:51.995Z[Etc/UTC]] moved to OPEN state
2022-10-16 13:13:55,003 [EventQueue-OpenPipelineForHealthyPipelineSafeModeRule] INFO  safemode.SCMSafeModeManager (HealthyPipelineSafeModeRule.java:process(137)) - SCM in safe mode. Healthy pipelines reported count is 0, required healthy pipeline reported count is 1
2022-10-16 13:13:55,003 [pool-164-thread-1] INFO  server.RaftServerConfigKeys (ConfUtils.java:logGet(46)) - raft.server.log.use.memory = false (default)
2022-10-16 13:13:55,004 [pool-164-thread-1] INFO  server.RaftServerConfigKeys (ConfUtils.java:logGet(46)) - raft.server.log.purge.gap = 1000000 (custom)
2022-10-16 13:13:55,004 [pool-164-thread-1] INFO  server.RaftServerConfigKeys (ConfUtils.java:logGet(46)) - raft.server.log.appender.buffer.byte-limit = 33554432 (custom)
2022-10-16 13:13:55,004 [pool-164-thread-1] INFO  server.RaftServerConfigKeys (ConfUtils.java:logGet(46)) - raft.server.log.statemachine.data.read.timeout = 1000ms (default)
2022-10-16 13:13:55,004 [pool-164-thread-1] INFO  server.RaftServerConfigKeys (ConfUtils.java:logGet(46)) - raft.server.log.segment.size.max = 1048576 (custom)
2022-10-16 13:13:55,005 [pool-164-thread-1] INFO  server.RaftServerConfigKeys (ConfUtils.java:logGet(46)) - raft.server.log.segment.cache.num.max = 2 (custom)
2022-10-16 13:13:55,005 [pool-164-thread-1] INFO  server.RaftServerConfigKeys (ConfUtils.java:logGet(46)) - raft.server.log.segment.cache.size.max = 200MB (=209715200) (default)
2022-10-16 13:13:55,005 [pool-164-thread-1] INFO  segmented.SegmentedRaftLogWorker (SegmentedRaftLogWorker.java:<init>(187)) - new 38a9bf41-2224-4aa1-adc3-26a20af34a93@group-4457FECF7044-SegmentedRaftLogWorker for RaftStorageImpl:Storage Directory /home/runner/work/ozone/ozone/hadoop-ozone/integration-test/target/test-dir/MiniOzoneClusterImpl-57f5d021-d9de-4630-9dce-fc102de9b2f6/datanode-4/data/ratis/3ef6c476-1ca6-41ac-93d8-4457fecf7044
2022-10-16 13:13:55,005 [pool-164-thread-1] INFO  server.RaftServerConfigKeys (ConfUtils.java:logGet(46)) - raft.server.log.queue.byte-limit = 4294967296 (custom)
2022-10-16 13:13:55,005 [pool-164-thread-1] INFO  server.RaftServerConfigKeys (ConfUtils.java:logGet(46)) - raft.server.log.queue.element-limit = 1024 (custom)
2022-10-16 13:13:55,005 [pool-164-thread-1] INFO  server.RaftServerConfigKeys (ConfUtils.java:logGet(46)) - raft.server.log.segment.size.max = 1048576 (custom)
2022-10-16 13:13:55,005 [pool-164-thread-1] INFO  server.RaftServerConfigKeys (ConfUtils.java:logGet(46)) - raft.server.log.preallocated.size = 16384 (custom)
2022-10-16 13:13:55,005 [pool-164-thread-1] INFO  server.RaftServerConfigKeys (ConfUtils.java:logGet(46)) - raft.server.log.force.sync.num = 128 (default)
2022-10-16 13:13:55,005 [pool-164-thread-1] INFO  server.RaftServerConfigKeys (ConfUtils.java:logGet(46)) - raft.server.log.statemachine.data.sync = true (default)
2022-10-16 13:13:55,005 [pool-164-thread-1] INFO  server.RaftServerConfigKeys (ConfUtils.java:logGet(46)) - raft.server.log.statemachine.data.sync.timeout = 10s (default)
2022-10-16 13:13:55,005 [pool-164-thread-1] INFO  server.RaftServerConfigKeys (ConfUtils.java:logGet(46)) - raft.server.log.statemachine.data.sync.timeout.retry = -1 (default)
2022-10-16 13:13:55,006 [pool-164-thread-1] INFO  server.RaftServerConfigKeys (ConfUtils.java:logGet(46)) - raft.server.log.write.buffer.size = 1048576 (custom)
2022-10-16 13:13:55,006 [pool-164-thread-1] INFO  server.RaftServerConfigKeys (ConfUtils.java:logGet(46)) - raft.server.log.unsafe-flush.enabled = false (default)
2022-10-16 13:13:55,006 [pool-164-thread-1] INFO  server.RaftServerConfigKeys (ConfUtils.java:logGet(46)) - raft.server.log.statemachine.data.caching.enabled = true (custom)
2022-10-16 13:13:55,007 [pool-164-thread-1] INFO  segmented.SegmentedRaftLogWorker (SegmentedRaftLogWorker.java:lambda$new$0(135)) - 38a9bf41-2224-4aa1-adc3-26a20af34a93@group-4457FECF7044-SegmentedRaftLogWorker: flushIndex: setUnconditionally 0 -> -1
2022-10-16 13:13:55,007 [pool-164-thread-1] INFO  segmented.SegmentedRaftLogWorker (SegmentedRaftLogWorker.java:lambda$new$0(135)) - 38a9bf41-2224-4aa1-adc3-26a20af34a93@group-4457FECF7044-SegmentedRaftLogWorker: safeCacheEvictIndex: setUnconditionally 0 -> -1
2022-10-16 13:13:55,007 [pool-164-thread-1] INFO  server.RaftServerConfigKeys (ConfUtils.java:logGet(46)) - raft.server.snapshot.auto.trigger.enabled = true (custom)
2022-10-16 13:13:55,007 [pool-164-thread-1] INFO  server.RaftServerConfigKeys (ConfUtils.java:logGet(46)) - raft.server.snapshot.auto.trigger.threshold = 10000 (custom)
2022-10-16 13:13:55,007 [pool-164-thread-1] INFO  server.RaftServerConfigKeys (ConfUtils.java:logGet(46)) - raft.server.snapshot.retention.file.num = 5 (custom)
2022-10-16 13:13:55,007 [pool-164-thread-1] INFO  server.RaftServerConfigKeys (ConfUtils.java:logGet(46)) - raft.server.log.purge.upto.snapshot.index = false (default)
2022-10-16 13:13:55,007 [pool-164-thread-1] INFO  server.RaftServerConfigKeys (ConfUtils.java:logGet(46)) - raft.server.retrycache.expirytime = 600000ms (custom)
2022-10-16 13:13:55,007 [pool-164-thread-1] INFO  server.RaftServerConfigKeys (ConfUtils.java:logGet(46)) - raft.server.retrycache.statistics.expirytime = 100μs (default)
2022-10-16 13:13:55,008 [pool-164-thread-1] INFO  server.RaftServerConfigKeys (ConfUtils.java:logGet(46)) - raft.server.log.appender.install.snapshot.enabled = false (custom)
2022-10-16 13:13:55,008 [pool-164-thread-1] INFO  server.RaftServerConfigKeys (ConfUtils.java:logGet(46)) - raft.server.threadpool.server.cached = true (default)
2022-10-16 13:13:55,008 [pool-164-thread-1] INFO  server.RaftServerConfigKeys (ConfUtils.java:logGet(46)) - raft.server.threadpool.server.size = 0 (default)
2022-10-16 13:13:55,008 [pool-164-thread-1] INFO  server.RaftServerConfigKeys (ConfUtils.java:logGet(46)) - raft.server.threadpool.client.cached = true (default)
2022-10-16 13:13:55,008 [pool-164-thread-1] INFO  server.RaftServerConfigKeys (ConfUtils.java:logGet(46)) - raft.server.threadpool.client.size = 0 (default)
2022-10-16 13:13:55,008 [pool-164-thread-1] INFO  server.RaftServer$Division (RaftServerImpl.java:start(310)) - 38a9bf41-2224-4aa1-adc3-26a20af34a93@group-4457FECF7044: start as a follower, conf=-1: [38a9bf41-2224-4aa1-adc3-26a20af34a93|rpc:10.1.0.60:37671|priority:1], old=null
2022-10-16 13:13:55,008 [pool-164-thread-1] INFO  server.RaftServer$Division (RaftServerImpl.java:setRole(299)) - 38a9bf41-2224-4aa1-adc3-26a20af34a93@group-4457FECF7044: changes role from      null to FOLLOWER at term 0 for startAsFollower
2022-10-16 13:13:55,008 [pool-164-thread-1] INFO  impl.RoleInfo (RoleInfo.java:updateAndGet(139)) - 38a9bf41-2224-4aa1-adc3-26a20af34a93: start 38a9bf41-2224-4aa1-adc3-26a20af34a93@group-4457FECF7044-FollowerState
2022-10-16 13:13:55,009 [pool-164-thread-1] INFO  util.JmxRegister (JmxRegister.java:tryRegister(44)) - Successfully registered JMX Bean with object name Ratis:service=RaftServer,group=group-4457FECF7044,id=38a9bf41-2224-4aa1-adc3-26a20af34a93
2022-10-16 13:13:55,011 [Command processor thread] INFO  ratis.XceiverServerRatis (XceiverServerRatis.java:addGroup(765)) - Created group PipelineID=3ef6c476-1ca6-41ac-93d8-4457fecf7044
2022-10-16 13:13:55,011 [Command processor thread] INFO  commandhandler.CreatePipelineCommandHandler (CreatePipelineCommandHandler.java:handle(113)) - Created Pipeline RATIS ONE PipelineID=3ef6c476-1ca6-41ac-93d8-4457fecf7044.
2022-10-16 13:13:55,916 [ReplicationMonitor] INFO  replication.ReplicationManager (ReplicationManager.java:processAll(291)) - Replication Manager is not ready to run until 3000ms after safemode exit
2022-10-16 13:13:55,986 [Listener at 127.0.0.1/36155] INFO  ozone.MiniOzoneClusterImpl (MiniOzoneClusterImpl.java:lambda$waitForClusterToBeReady$0(216)) - Nodes are ready. Got 5 of 5 DN Heartbeats.
2022-10-16 13:13:55,986 [Listener at 127.0.0.1/36155] INFO  ozone.MiniOzoneClusterImpl (MiniOzoneClusterImpl.java:lambda$waitForClusterToBeReady$0(219)) - Waiting for cluster to exit safe mode
2022-10-16 13:13:55,986 [Listener at 127.0.0.1/36155] INFO  ozone.MiniOzoneClusterImpl (MiniOzoneClusterImpl.java:lambda$waitForClusterToBeReady$0(221)) - SCM became leader
2022-10-16 13:13:56,916 [ReplicationMonitor] INFO  replication.ReplicationManager (ReplicationManager.java:processAll(291)) - Replication Manager is not ready to run until 3000ms after safemode exit
2022-10-16 13:13:56,987 [Listener at 127.0.0.1/36155] INFO  ozone.MiniOzoneClusterImpl (MiniOzoneClusterImpl.java:lambda$waitForClusterToBeReady$0(216)) - Nodes are ready. Got 5 of 5 DN Heartbeats.
2022-10-16 13:13:56,987 [Listener at 127.0.0.1/36155] INFO  ozone.MiniOzoneClusterImpl (MiniOzoneClusterImpl.java:lambda$waitForClusterToBeReady$0(219)) - Waiting for cluster to exit safe mode
2022-10-16 13:13:56,987 [Listener at 127.0.0.1/36155] INFO  ozone.MiniOzoneClusterImpl (MiniOzoneClusterImpl.java:lambda$waitForClusterToBeReady$0(221)) - SCM became leader
2022-10-16 13:13:57,917 [ReplicationMonitor] INFO  replication.ReplicationManager (ReplicationManager.java:processAll(291)) - Replication Manager is not ready to run until 3000ms after safemode exit
2022-10-16 13:13:57,987 [Listener at 127.0.0.1/36155] INFO  ozone.MiniOzoneClusterImpl (MiniOzoneClusterImpl.java:lambda$waitForClusterToBeReady$0(216)) - Nodes are ready. Got 5 of 5 DN Heartbeats.
2022-10-16 13:13:57,987 [Listener at 127.0.0.1/36155] INFO  ozone.MiniOzoneClusterImpl (MiniOzoneClusterImpl.java:lambda$waitForClusterToBeReady$0(219)) - Waiting for cluster to exit safe mode
2022-10-16 13:13:57,987 [Listener at 127.0.0.1/36155] INFO  ozone.MiniOzoneClusterImpl (MiniOzoneClusterImpl.java:lambda$waitForClusterToBeReady$0(221)) - SCM became leader
2022-10-16 13:13:58,640 [56a38eed-0cc2-4715-835e-d068c92ebf74@group-0EE3829B0EF9-FollowerState] INFO  impl.FollowerState (FollowerState.java:run(143)) - 56a38eed-0cc2-4715-835e-d068c92ebf74@group-0EE3829B0EF9-FollowerState: change to CANDIDATE, lastRpcElapsedTime:5006359545ns, electionTimeout:5002ms
2022-10-16 13:13:58,641 [56a38eed-0cc2-4715-835e-d068c92ebf74@group-0EE3829B0EF9-FollowerState] INFO  impl.RoleInfo (RoleInfo.java:shutdownFollowerState(110)) - 56a38eed-0cc2-4715-835e-d068c92ebf74: shutdown 56a38eed-0cc2-4715-835e-d068c92ebf74@group-0EE3829B0EF9-FollowerState
2022-10-16 13:13:58,641 [56a38eed-0cc2-4715-835e-d068c92ebf74@group-0EE3829B0EF9-FollowerState] INFO  server.RaftServer$Division (RaftServerImpl.java:setRole(299)) - 56a38eed-0cc2-4715-835e-d068c92ebf74@group-0EE3829B0EF9: changes role from  FOLLOWER to CANDIDATE at term 0 for changeToCandidate
2022-10-16 13:13:58,641 [56a38eed-0cc2-4715-835e-d068c92ebf74@group-0EE3829B0EF9-FollowerState] INFO  server.RaftServerConfigKeys (ConfUtils.java:logGet(46)) - raft.server.leaderelection.pre-vote = false (custom)
2022-10-16 13:13:58,641 [56a38eed-0cc2-4715-835e-d068c92ebf74@group-0EE3829B0EF9-FollowerState] INFO  impl.RoleInfo (RoleInfo.java:updateAndGet(139)) - 56a38eed-0cc2-4715-835e-d068c92ebf74: start 56a38eed-0cc2-4715-835e-d068c92ebf74@group-0EE3829B0EF9-LeaderElection2
2022-10-16 13:13:58,645 [56a38eed-0cc2-4715-835e-d068c92ebf74@group-0EE3829B0EF9-LeaderElection2] INFO  impl.LeaderElection (LeaderElection.java:askForVotes(310)) - 56a38eed-0cc2-4715-835e-d068c92ebf74@group-0EE3829B0EF9-LeaderElection2 ELECTION round 0: submit vote requests at term 1 for -1: [56a38eed-0cc2-4715-835e-d068c92ebf74|rpc:10.1.0.60:40671|priority:1, 15f04113-e53c-48b5-ac4f-c6d0b16f8f23|rpc:10.1.0.60:33623|priority:0, 19c5685d-7faf-4816-a074-b6158b4e61e2|rpc:10.1.0.60:41227|priority:0], old=null
2022-10-16 13:13:58,653 [56a38eed-0cc2-4715-835e-d068c92ebf74@group-876FEE44ED6C-FollowerState] INFO  impl.FollowerState (FollowerState.java:run(143)) - 56a38eed-0cc2-4715-835e-d068c92ebf74@group-876FEE44ED6C-FollowerState: change to CANDIDATE, lastRpcElapsedTime:5076561556ns, electionTimeout:5068ms
2022-10-16 13:13:58,654 [56a38eed-0cc2-4715-835e-d068c92ebf74@group-876FEE44ED6C-FollowerState] INFO  impl.RoleInfo (RoleInfo.java:shutdownFollowerState(110)) - 56a38eed-0cc2-4715-835e-d068c92ebf74: shutdown 56a38eed-0cc2-4715-835e-d068c92ebf74@group-876FEE44ED6C-FollowerState
2022-10-16 13:13:58,654 [56a38eed-0cc2-4715-835e-d068c92ebf74@group-876FEE44ED6C-FollowerState] INFO  server.RaftServer$Division (RaftServerImpl.java:setRole(299)) - 56a38eed-0cc2-4715-835e-d068c92ebf74@group-876FEE44ED6C: changes role from  FOLLOWER to CANDIDATE at term 0 for changeToCandidate
2022-10-16 13:13:58,654 [56a38eed-0cc2-4715-835e-d068c92ebf74@group-876FEE44ED6C-FollowerState] INFO  server.RaftServerConfigKeys (ConfUtils.java:logGet(46)) - raft.server.leaderelection.pre-vote = false (custom)
2022-10-16 13:13:58,654 [56a38eed-0cc2-4715-835e-d068c92ebf74@group-876FEE44ED6C-FollowerState] INFO  impl.RoleInfo (RoleInfo.java:updateAndGet(139)) - 56a38eed-0cc2-4715-835e-d068c92ebf74: start 56a38eed-0cc2-4715-835e-d068c92ebf74@group-876FEE44ED6C-LeaderElection3
2022-10-16 13:13:58,659 [56a38eed-0cc2-4715-835e-d068c92ebf74@group-876FEE44ED6C-LeaderElection3] INFO  impl.LeaderElection (LeaderElection.java:askForVotes(310)) - 56a38eed-0cc2-4715-835e-d068c92ebf74@group-876FEE44ED6C-LeaderElection3 ELECTION round 0: submit vote requests at term 1 for -1: [56a38eed-0cc2-4715-835e-d068c92ebf74|rpc:10.1.0.60:40671|priority:1], old=null
2022-10-16 13:13:58,664 [56a38eed-0cc2-4715-835e-d068c92ebf74@group-876FEE44ED6C-LeaderElection3] INFO  impl.LeaderElection (LeaderElection.java:askForVotes(312)) - 56a38eed-0cc2-4715-835e-d068c92ebf74@group-876FEE44ED6C-LeaderElection3 ELECTION round 0: result PASSED (term=1)
2022-10-16 13:13:58,664 [56a38eed-0cc2-4715-835e-d068c92ebf74@group-876FEE44ED6C-LeaderElection3] INFO  impl.RoleInfo (RoleInfo.java:shutdownLeaderElection(130)) - 56a38eed-0cc2-4715-835e-d068c92ebf74: shutdown 56a38eed-0cc2-4715-835e-d068c92ebf74@group-876FEE44ED6C-LeaderElection3
2022-10-16 13:13:58,665 [56a38eed-0cc2-4715-835e-d068c92ebf74@group-876FEE44ED6C-LeaderElection3] INFO  server.RaftServer$Division (RaftServerImpl.java:setRole(299)) - 56a38eed-0cc2-4715-835e-d068c92ebf74@group-876FEE44ED6C: changes role from CANDIDATE to LEADER at term 1 for changeToLeader
2022-10-16 13:13:58,665 [56a38eed-0cc2-4715-835e-d068c92ebf74@group-876FEE44ED6C-LeaderElection3] INFO  ratis.XceiverServerRatis (XceiverServerRatis.java:handleLeaderChangedNotification(863)) - Leader change notification received for group: group-876FEE44ED6C with new leaderId: 56a38eed-0cc2-4715-835e-d068c92ebf74
2022-10-16 13:13:58,675 [56a38eed-0cc2-4715-835e-d068c92ebf74@group-876FEE44ED6C-LeaderElection3] INFO  server.RaftServer$Division (ServerState.java:setLeader(287)) - 56a38eed-0cc2-4715-835e-d068c92ebf74@group-876FEE44ED6C: change Leader from null to 56a38eed-0cc2-4715-835e-d068c92ebf74 at term 1 for becomeLeader, leader elected after 5119ms
2022-10-16 13:13:58,675 [56a38eed-0cc2-4715-835e-d068c92ebf74@group-876FEE44ED6C-LeaderElection3] INFO  server.RaftServerConfigKeys (ConfUtils.java:logGet(46)) - raft.server.staging.catchup.gap = 1000 (default)
2022-10-16 13:13:58,675 [grpc-default-executor-1] INFO  server.RaftServer$Division (RaftServerImpl.java:requestVote(1152)) - 19c5685d-7faf-4816-a074-b6158b4e61e2@group-0EE3829B0EF9: receive requestVote(ELECTION, 56a38eed-0cc2-4715-835e-d068c92ebf74, group-0EE3829B0EF9, 1, (t:0, i:0))
2022-10-16 13:13:58,675 [56a38eed-0cc2-4715-835e-d068c92ebf74@group-876FEE44ED6C-LeaderElection3] INFO  server.RaftServerConfigKeys (ConfUtils.java:logGet(46)) - raft.server.write.element-limit = 1024 (custom)
2022-10-16 13:13:58,675 [56a38eed-0cc2-4715-835e-d068c92ebf74@group-876FEE44ED6C-LeaderElection3] INFO  server.RaftServerConfigKeys (ConfUtils.java:logGet(46)) - raft.server.write.byte-limit = 1024 M (=1073741824) (custom)
2022-10-16 13:13:58,676 [56a38eed-0cc2-4715-835e-d068c92ebf74@group-876FEE44ED6C-LeaderElection3] INFO  server.RaftServerConfigKeys (ConfUtils.java:logGet(46)) - raft.server.watch.timeout = 180s (custom)
2022-10-16 13:13:58,676 [56a38eed-0cc2-4715-835e-d068c92ebf74@group-876FEE44ED6C-LeaderElection3] INFO  server.RaftServerConfigKeys (ConfUtils.java:logGet(46)) - raft.server.watch.timeout.denomination = 1s (default)
2022-10-16 13:13:58,676 [56a38eed-0cc2-4715-835e-d068c92ebf74@group-876FEE44ED6C-LeaderElection3] INFO  server.RaftServerConfigKeys (ConfUtils.java:logGet(46)) - raft.server.watch.element-limit = 65536 (default)
2022-10-16 13:13:58,676 [56a38eed-0cc2-4715-835e-d068c92ebf74@group-876FEE44ED6C-LeaderElection3] INFO  server.RaftServerConfigKeys (ConfUtils.java:logGet(46)) - raft.server.write.element-limit = 1024 (custom)
2022-10-16 13:13:58,676 [56a38eed-0cc2-4715-835e-d068c92ebf74@group-876FEE44ED6C-LeaderElection3] INFO  server.RaftServerConfigKeys (ConfUtils.java:logGet(46)) - raft.server.write.follower.gap.ratio.max = -1.0 (default)
2022-10-16 13:13:58,676 [56a38eed-0cc2-4715-835e-d068c92ebf74@group-876FEE44ED6C-LeaderElection3] INFO  impl.RoleInfo (RoleInfo.java:updateAndGet(139)) - 56a38eed-0cc2-4715-835e-d068c92ebf74: start 56a38eed-0cc2-4715-835e-d068c92ebf74@group-876FEE44ED6C-LeaderStateImpl
2022-10-16 13:13:58,676 [56a38eed-0cc2-4715-835e-d068c92ebf74@group-876FEE44ED6C-LeaderElection3] INFO  segmented.SegmentedRaftLogWorker (SegmentedRaftLogWorker.java:startLogSegment(425)) - 56a38eed-0cc2-4715-835e-d068c92ebf74@group-876FEE44ED6C-SegmentedRaftLogWorker: Starting segment from index:0
2022-10-16 13:13:58,678 [grpc-default-executor-1] INFO  impl.VoteContext (VoteContext.java:log(48)) - 19c5685d-7faf-4816-a074-b6158b4e61e2@group-0EE3829B0EF9-FOLLOWER: accept ELECTION from 56a38eed-0cc2-4715-835e-d068c92ebf74: our priority 0 <= candidate's priority 1
2022-10-16 13:13:58,678 [grpc-default-executor-1] INFO  server.RaftServer$Division (RaftServerImpl.java:setRole(299)) - 19c5685d-7faf-4816-a074-b6158b4e61e2@group-0EE3829B0EF9: changes role from  FOLLOWER to FOLLOWER at term 1 for candidate:56a38eed-0cc2-4715-835e-d068c92ebf74
2022-10-16 13:13:58,678 [grpc-default-executor-1] INFO  impl.RoleInfo (RoleInfo.java:shutdownFollowerState(110)) - 19c5685d-7faf-4816-a074-b6158b4e61e2: shutdown 19c5685d-7faf-4816-a074-b6158b4e61e2@group-0EE3829B0EF9-FollowerState
2022-10-16 13:13:58,678 [19c5685d-7faf-4816-a074-b6158b4e61e2@group-0EE3829B0EF9-FollowerState] INFO  impl.FollowerState (FollowerState.java:run(152)) - 19c5685d-7faf-4816-a074-b6158b4e61e2@group-0EE3829B0EF9-FollowerState was interrupted
2022-10-16 13:13:58,679 [grpc-default-executor-1] INFO  impl.RoleInfo (RoleInfo.java:updateAndGet(139)) - 19c5685d-7faf-4816-a074-b6158b4e61e2: start 19c5685d-7faf-4816-a074-b6158b4e61e2@group-0EE3829B0EF9-FollowerState
2022-10-16 13:13:58,679 [56a38eed-0cc2-4715-835e-d068c92ebf74@group-876FEE44ED6C-SegmentedRaftLogWorker] INFO  segmented.SegmentedRaftLogWorker (SegmentedRaftLogWorker.java:execute(629)) - 56a38eed-0cc2-4715-835e-d068c92ebf74@group-876FEE44ED6C-SegmentedRaftLogWorker: created new log segment /home/runner/work/ozone/ozone/hadoop-ozone/integration-test/target/test-dir/MiniOzoneClusterImpl-57f5d021-d9de-4630-9dce-fc102de9b2f6/datanode-0/data/ratis/303cd470-5518-4f98-a976-876fee44ed6c/current/log_inprogress_0
2022-10-16 13:13:58,681 [EventQueue-OpenPipelineForHealthyPipelineSafeModeRule] INFO  safemode.SCMSafeModeManager (HealthyPipelineSafeModeRule.java:process(137)) - SCM in safe mode. Healthy pipelines reported count is 0, required healthy pipeline reported count is 1
2022-10-16 13:13:58,684 [grpc-default-executor-1] INFO  server.RaftServer$Division (RaftServerImpl.java:requestVote(1184)) - 19c5685d-7faf-4816-a074-b6158b4e61e2@group-0EE3829B0EF9 replies to ELECTION vote request: 56a38eed-0cc2-4715-835e-d068c92ebf74<-19c5685d-7faf-4816-a074-b6158b4e61e2#0:OK-t1. Peer's state: 19c5685d-7faf-4816-a074-b6158b4e61e2@group-0EE3829B0EF9:t1, leader=null, voted=56a38eed-0cc2-4715-835e-d068c92ebf74, raftlog=19c5685d-7faf-4816-a074-b6158b4e61e2@group-0EE3829B0EF9-SegmentedRaftLog:OPENED:c-1, conf=-1: [56a38eed-0cc2-4715-835e-d068c92ebf74|rpc:10.1.0.60:40671|priority:1, 15f04113-e53c-48b5-ac4f-c6d0b16f8f23|rpc:10.1.0.60:33623|priority:0, 19c5685d-7faf-4816-a074-b6158b4e61e2|rpc:10.1.0.60:41227|priority:0], old=null
2022-10-16 13:13:58,689 [56a38eed-0cc2-4715-835e-d068c92ebf74@group-876FEE44ED6C-LeaderElection3] INFO  server.RaftServer$Division (ServerState.java:setRaftConf(393)) - 56a38eed-0cc2-4715-835e-d068c92ebf74@group-876FEE44ED6C: set configuration 0: [56a38eed-0cc2-4715-835e-d068c92ebf74|rpc:10.1.0.60:40671|dataStream:|priority:1], old=null
2022-10-16 13:13:58,696 [56a38eed-0cc2-4715-835e-d068c92ebf74@group-0EE3829B0EF9-LeaderElection2] INFO  impl.LeaderElection (LeaderElection.java:logAndReturn(90)) - 56a38eed-0cc2-4715-835e-d068c92ebf74@group-0EE3829B0EF9-LeaderElection2: ELECTION PASSED received 1 response(s) and 0 exception(s):
2022-10-16 13:13:58,700 [56a38eed-0cc2-4715-835e-d068c92ebf74@group-0EE3829B0EF9-LeaderElection2] INFO  impl.LeaderElection (LeaderElection.java:logAndReturn(94)) -   Response 0: 56a38eed-0cc2-4715-835e-d068c92ebf74<-19c5685d-7faf-4816-a074-b6158b4e61e2#0:OK-t1
2022-10-16 13:13:58,700 [grpc-default-executor-1] INFO  server.RaftServer$Division (RaftServerImpl.java:requestVote(1152)) - 15f04113-e53c-48b5-ac4f-c6d0b16f8f23@group-0EE3829B0EF9: receive requestVote(ELECTION, 56a38eed-0cc2-4715-835e-d068c92ebf74, group-0EE3829B0EF9, 1, (t:0, i:0))
2022-10-16 13:13:58,700 [56a38eed-0cc2-4715-835e-d068c92ebf74@group-0EE3829B0EF9-LeaderElection2] INFO  impl.LeaderElection (LeaderElection.java:askForVotes(312)) - 56a38eed-0cc2-4715-835e-d068c92ebf74@group-0EE3829B0EF9-LeaderElection2 ELECTION round 0: result PASSED
2022-10-16 13:13:58,700 [grpc-default-executor-1] INFO  impl.VoteContext (VoteContext.java:log(48)) - 15f04113-e53c-48b5-ac4f-c6d0b16f8f23@group-0EE3829B0EF9-FOLLOWER: accept ELECTION from 56a38eed-0cc2-4715-835e-d068c92ebf74: our priority 0 <= candidate's priority 1
2022-10-16 13:13:58,700 [56a38eed-0cc2-4715-835e-d068c92ebf74@group-0EE3829B0EF9-LeaderElection2] INFO  impl.RoleInfo (RoleInfo.java:shutdownLeaderElection(130)) - 56a38eed-0cc2-4715-835e-d068c92ebf74: shutdown 56a38eed-0cc2-4715-835e-d068c92ebf74@group-0EE3829B0EF9-LeaderElection2
2022-10-16 13:13:58,700 [grpc-default-executor-1] INFO  server.RaftServer$Division (RaftServerImpl.java:setRole(299)) - 15f04113-e53c-48b5-ac4f-c6d0b16f8f23@group-0EE3829B0EF9: changes role from  FOLLOWER to FOLLOWER at term 1 for candidate:56a38eed-0cc2-4715-835e-d068c92ebf74
2022-10-16 13:13:58,700 [56a38eed-0cc2-4715-835e-d068c92ebf74@group-0EE3829B0EF9-LeaderElection2] INFO  server.RaftServer$Division (RaftServerImpl.java:setRole(299)) - 56a38eed-0cc2-4715-835e-d068c92ebf74@group-0EE3829B0EF9: changes role from CANDIDATE to LEADER at term 1 for changeToLeader
2022-10-16 13:13:58,701 [grpc-default-executor-1] INFO  impl.RoleInfo (RoleInfo.java:shutdownFollowerState(110)) - 15f04113-e53c-48b5-ac4f-c6d0b16f8f23: shutdown 15f04113-e53c-48b5-ac4f-c6d0b16f8f23@group-0EE3829B0EF9-FollowerState
2022-10-16 13:13:58,701 [56a38eed-0cc2-4715-835e-d068c92ebf74@group-0EE3829B0EF9-LeaderElection2] INFO  ratis.XceiverServerRatis (XceiverServerRatis.java:handleLeaderChangedNotification(863)) - Leader change notification received for group: group-0EE3829B0EF9 with new leaderId: 56a38eed-0cc2-4715-835e-d068c92ebf74
2022-10-16 13:13:58,701 [15f04113-e53c-48b5-ac4f-c6d0b16f8f23@group-0EE3829B0EF9-FollowerState] INFO  impl.FollowerState (FollowerState.java:run(152)) - 15f04113-e53c-48b5-ac4f-c6d0b16f8f23@group-0EE3829B0EF9-FollowerState was interrupted
2022-10-16 13:13:58,701 [grpc-default-executor-1] INFO  impl.RoleInfo (RoleInfo.java:updateAndGet(139)) - 15f04113-e53c-48b5-ac4f-c6d0b16f8f23: start 15f04113-e53c-48b5-ac4f-c6d0b16f8f23@group-0EE3829B0EF9-FollowerState
2022-10-16 13:13:58,701 [56a38eed-0cc2-4715-835e-d068c92ebf74@group-0EE3829B0EF9-LeaderElection2] INFO  server.RaftServer$Division (ServerState.java:setLeader(287)) - 56a38eed-0cc2-4715-835e-d068c92ebf74@group-0EE3829B0EF9: change Leader from null to 56a38eed-0cc2-4715-835e-d068c92ebf74 at term 1 for becomeLeader, leader elected after 5083ms
2022-10-16 13:13:58,701 [56a38eed-0cc2-4715-835e-d068c92ebf74@group-0EE3829B0EF9-LeaderElection2] INFO  server.RaftServerConfigKeys (ConfUtils.java:logGet(46)) - raft.server.staging.catchup.gap = 1000 (default)
2022-10-16 13:13:58,702 [56a38eed-0cc2-4715-835e-d068c92ebf74@group-0EE3829B0EF9-LeaderElection2] INFO  server.RaftServerConfigKeys (ConfUtils.java:logGet(46)) - raft.server.write.element-limit = 1024 (custom)
2022-10-16 13:13:58,702 [56a38eed-0cc2-4715-835e-d068c92ebf74@group-0EE3829B0EF9-LeaderElection2] INFO  server.RaftServerConfigKeys (ConfUtils.java:logGet(46)) - raft.server.write.byte-limit = 1024 M (=1073741824) (custom)
2022-10-16 13:13:58,702 [56a38eed-0cc2-4715-835e-d068c92ebf74@group-0EE3829B0EF9-LeaderElection2] INFO  server.RaftServerConfigKeys (ConfUtils.java:logGet(46)) - raft.server.watch.timeout = 180s (custom)
2022-10-16 13:13:58,702 [56a38eed-0cc2-4715-835e-d068c92ebf74@group-0EE3829B0EF9-LeaderElection2] INFO  server.RaftServerConfigKeys (ConfUtils.java:logGet(46)) - raft.server.watch.timeout.denomination = 1s (default)
2022-10-16 13:13:58,702 [56a38eed-0cc2-4715-835e-d068c92ebf74@group-0EE3829B0EF9-LeaderElection2] INFO  server.RaftServerConfigKeys (ConfUtils.java:logGet(46)) - raft.server.watch.element-limit = 65536 (default)
2022-10-16 13:13:58,702 [56a38eed-0cc2-4715-835e-d068c92ebf74@group-0EE3829B0EF9-LeaderElection2] INFO  server.RaftServerConfigKeys (ConfUtils.java:logGet(46)) - raft.server.write.element-limit = 1024 (custom)
2022-10-16 13:13:58,702 [56a38eed-0cc2-4715-835e-d068c92ebf74@group-0EE3829B0EF9-LeaderElection2] INFO  server.RaftServerConfigKeys (ConfUtils.java:logGet(46)) - raft.server.write.follower.gap.ratio.max = -1.0 (default)
2022-10-16 13:13:58,704 [EventQueue-PipelineReportForPipelineReportHandler] INFO  pipeline.PipelineManagerImpl (PipelineManagerImpl.java:openPipeline(367)) - Pipeline Pipeline[ Id: 913966db-1625-4a54-8764-0ee3829b0ef9, Nodes: 56a38eed-0cc2-4715-835e-d068c92ebf74{ip: 10.1.0.60, host: fv-az308-250.etcbaq1qs54eplwmrjlabigyle.cx.internal.cloudapp.net, ports: [REPLICATION=33567, RATIS=40671, RATIS_ADMIN=40671, RATIS_SERVER=40671, STANDALONE=37693], networkLocation: /default-rack, certSerialId: null, persistedOpState: IN_SERVICE, persistedOpStateExpiryEpochSec: 0}15f04113-e53c-48b5-ac4f-c6d0b16f8f23{ip: 10.1.0.60, host: fv-az308-250.etcbaq1qs54eplwmrjlabigyle.cx.internal.cloudapp.net, ports: [REPLICATION=43039, RATIS=33623, RATIS_ADMIN=33623, RATIS_SERVER=33623, STANDALONE=44287], networkLocation: /default-rack, certSerialId: null, persistedOpState: IN_SERVICE, persistedOpStateExpiryEpochSec: 0}19c5685d-7faf-4816-a074-b6158b4e61e2{ip: 10.1.0.60, host: fv-az308-250.etcbaq1qs54eplwmrjlabigyle.cx.internal.cloudapp.net, ports: [REPLICATION=37885, RATIS=41227, RATIS_ADMIN=41227, RATIS_SERVER=41227, STANDALONE=41075], networkLocation: /default-rack, certSerialId: null, persistedOpState: IN_SERVICE, persistedOpStateExpiryEpochSec: 0}, ReplicationConfig: RATIS/THREE, State:ALLOCATED, leaderId:56a38eed-0cc2-4715-835e-d068c92ebf74, CreationTimestamp2022-10-16T13:13:51.392Z[Etc/UTC]] moved to OPEN state
2022-10-16 13:13:58,705 [EventQueue-OpenPipelineForHealthyPipelineSafeModeRule] INFO  safemode.SCMSafeModeManager (HealthyPipelineSafeModeRule.java:process(137)) - SCM in safe mode. Healthy pipelines reported count is 1, required healthy pipeline reported count is 1
2022-10-16 13:13:58,705 [EventQueue-OpenPipelineForHealthyPipelineSafeModeRule] INFO  safemode.SCMSafeModeManager (SCMSafeModeManager.java:validateSafeModeExitRules(204)) - HealthyPipelineSafeModeRule rule is successfully validated
2022-10-16 13:13:58,705 [EventQueue-OpenPipelineForHealthyPipelineSafeModeRule] INFO  safemode.SCMSafeModeManager (SCMSafeModeManager.java:validateSafeModeExitRules(219)) - ScmSafeModeManager, all rules are successfully validated
2022-10-16 13:13:58,705 [EventQueue-OpenPipelineForHealthyPipelineSafeModeRule] INFO  safemode.SCMSafeModeManager (SCMSafeModeManager.java:exitSafeMode(248)) - SCM exiting safe mode.
2022-10-16 13:13:58,705 [EventQueue-OpenPipelineForHealthyPipelineSafeModeRule] WARN  events.EventQueue (EventQueue.java:fireEvent(216)) - No event handler registered for event TypedEvent{payloadType=SafeModeStatus, name='Safe mode status'}
2022-10-16 13:13:58,705 [EventQueue-OpenPipelineForHealthyPipelineSafeModeRule] INFO  ha.SCMContext (SCMContext.java:updateSafeModeStatus(228)) - Update SafeModeStatus from SafeModeStatus{safeModeStatus=true, preCheckPassed=true} to SafeModeStatus{safeModeStatus=false, preCheckPassed=true}.
2022-10-16 13:13:58,705 [EventQueue-OpenPipelineForHealthyPipelineSafeModeRule] INFO  pipeline.BackgroundPipelineCreator (BackgroundPipelineCreator.java:notifyStatusChanged(254)) - Service BackgroundPipelineCreator transitions to RUNNING.
2022-10-16 13:13:58,705 [EventQueue-OpenPipelineForHealthyPipelineSafeModeRule] INFO  BackgroundPipelineScrubber (BackgroundSCMService.java:notifyStatusChanged(82)) - Service BackgroundPipelineScrubber transitions to RUNNING.
2022-10-16 13:13:58,705 [EventQueue-OpenPipelineForHealthyPipelineSafeModeRule] INFO  ExpiredContainerReplicaOpScrubber (BackgroundSCMService.java:notifyStatusChanged(82)) - Service ExpiredContainerReplicaOpScrubber transitions to RUNNING.
2022-10-16 13:13:58,705 [EventQueue-OpenPipelineForHealthyPipelineSafeModeRule] INFO  replication.ReplicationManager (ReplicationManager.java:notifyStatusChanged(728)) - Service ReplicationManager transitions to RUNNING.
2022-10-16 13:13:58,708 [EventQueue-OpenPipelineForHealthyPipelineSafeModeRule] WARN  balancer.ContainerBalancer (ContainerBalancer.java:shouldRun(936)) - Could not find persisted configuration for ContainerBalancer when checking if ContainerBalancer should run. ContainerBalancer should not run now.
2022-10-16 13:13:58,717 [grpc-default-executor-1] INFO  server.RaftServer$Division (RaftServerImpl.java:requestVote(1184)) - 15f04113-e53c-48b5-ac4f-c6d0b16f8f23@group-0EE3829B0EF9 replies to ELECTION vote request: 56a38eed-0cc2-4715-835e-d068c92ebf74<-15f04113-e53c-48b5-ac4f-c6d0b16f8f23#0:OK-t1. Peer's state: 15f04113-e53c-48b5-ac4f-c6d0b16f8f23@group-0EE3829B0EF9:t1, leader=null, voted=56a38eed-0cc2-4715-835e-d068c92ebf74, raftlog=15f04113-e53c-48b5-ac4f-c6d0b16f8f23@group-0EE3829B0EF9-SegmentedRaftLog:OPENED:c-1, conf=-1: [56a38eed-0cc2-4715-835e-d068c92ebf74|rpc:10.1.0.60:40671|dataStream:|priority:1, 15f04113-e53c-48b5-ac4f-c6d0b16f8f23|rpc:10.1.0.60:33623|dataStream:|priority:0, 19c5685d-7faf-4816-a074-b6158b4e61e2|rpc:10.1.0.60:41227|dataStream:|priority:0], old=null
2022-10-16 13:13:58,720 [56a38eed-0cc2-4715-835e-d068c92ebf74@group-0EE3829B0EF9-LeaderElection2] INFO  server.RaftServerConfigKeys (ConfUtils.java:logGet(46)) - raft.server.log.appender.snapshot.chunk.size.max = 16MB (=16777216) (default)
2022-10-16 13:13:58,722 [56a38eed-0cc2-4715-835e-d068c92ebf74@group-0EE3829B0EF9-LeaderElection2] INFO  server.RaftServerConfigKeys (ConfUtils.java:logGet(46)) - raft.server.log.appender.buffer.byte-limit = 33554432 (custom)
2022-10-16 13:13:58,722 [56a38eed-0cc2-4715-835e-d068c92ebf74@group-0EE3829B0EF9-LeaderElection2] INFO  server.RaftServerConfigKeys (ConfUtils.java:logGet(46)) - raft.server.log.appender.buffer.element-limit = 1 (custom)
2022-10-16 13:13:58,730 [56a38eed-0cc2-4715-835e-d068c92ebf74@group-0EE3829B0EF9-LeaderElection2] INFO  grpc.GrpcConfigKeys (ConfUtils.java:logGet(46)) - raft.grpc.server.leader.outstanding.appends.max = 128 (default)
2022-10-16 13:13:58,730 [56a38eed-0cc2-4715-835e-d068c92ebf74@group-0EE3829B0EF9-LeaderElection2] INFO  server.RaftServerConfigKeys (ConfUtils.java:logGet(46)) - raft.server.rpc.request.timeout = 60s (custom)
2022-10-16 13:13:58,730 [56a38eed-0cc2-4715-835e-d068c92ebf74@group-0EE3829B0EF9-LeaderElection2] INFO  server.RaftServerConfigKeys (ConfUtils.java:logGet(46)) - raft.server.log.appender.install.snapshot.enabled = false (custom)
2022-10-16 13:13:58,732 [56a38eed-0cc2-4715-835e-d068c92ebf74@group-0EE3829B0EF9-LeaderElection2] INFO  server.RaftServerConfigKeys (ConfUtils.java:logGet(46)) - raft.server.log.appender.snapshot.chunk.size.max = 16MB (=16777216) (default)
2022-10-16 13:13:58,732 [56a38eed-0cc2-4715-835e-d068c92ebf74@group-0EE3829B0EF9-LeaderElection2] INFO  server.RaftServerConfigKeys (ConfUtils.java:logGet(46)) - raft.server.log.appender.buffer.byte-limit = 33554432 (custom)
2022-10-16 13:13:58,732 [56a38eed-0cc2-4715-835e-d068c92ebf74@group-0EE3829B0EF9-LeaderElection2] INFO  server.RaftServerConfigKeys (ConfUtils.java:logGet(46)) - raft.server.log.appender.buffer.element-limit = 1 (custom)
2022-10-16 13:13:58,732 [56a38eed-0cc2-4715-835e-d068c92ebf74@group-0EE3829B0EF9-LeaderElection2] INFO  grpc.GrpcConfigKeys (ConfUtils.java:logGet(46)) - raft.grpc.server.leader.outstanding.appends.max = 128 (default)
2022-10-16 13:13:58,732 [56a38eed-0cc2-4715-835e-d068c92ebf74@group-0EE3829B0EF9-LeaderElection2] INFO  server.RaftServerConfigKeys (ConfUtils.java:logGet(46)) - raft.server.rpc.request.timeout = 60s (custom)
2022-10-16 13:13:58,732 [56a38eed-0cc2-4715-835e-d068c92ebf74@group-0EE3829B0EF9-LeaderElection2] INFO  server.RaftServerConfigKeys (ConfUtils.java:logGet(46)) - raft.server.log.appender.install.snapshot.enabled = false (custom)
2022-10-16 13:13:58,734 [56a38eed-0cc2-4715-835e-d068c92ebf74@group-0EE3829B0EF9-LeaderElection2] INFO  impl.RoleInfo (RoleInfo.java:updateAndGet(139)) - 56a38eed-0cc2-4715-835e-d068c92ebf74: start 56a38eed-0cc2-4715-835e-d068c92ebf74@group-0EE3829B0EF9-LeaderStateImpl
2022-10-16 13:13:58,734 [56a38eed-0cc2-4715-835e-d068c92ebf74@group-0EE3829B0EF9-LeaderElection2] INFO  segmented.SegmentedRaftLogWorker (SegmentedRaftLogWorker.java:startLogSegment(425)) - 56a38eed-0cc2-4715-835e-d068c92ebf74@group-0EE3829B0EF9-SegmentedRaftLogWorker: Starting segment from index:0
2022-10-16 13:13:58,736 [56a38eed-0cc2-4715-835e-d068c92ebf74@group-0EE3829B0EF9-SegmentedRaftLogWorker] INFO  segmented.SegmentedRaftLogWorker (SegmentedRaftLogWorker.java:execute(629)) - 56a38eed-0cc2-4715-835e-d068c92ebf74@group-0EE3829B0EF9-SegmentedRaftLogWorker: created new log segment /home/runner/work/ozone/ozone/hadoop-ozone/integration-test/target/test-dir/MiniOzoneClusterImpl-57f5d021-d9de-4630-9dce-fc102de9b2f6/datanode-0/data/ratis/913966db-1625-4a54-8764-0ee3829b0ef9/current/log_inprogress_0
2022-10-16 13:13:58,741 [56a38eed-0cc2-4715-835e-d068c92ebf74@group-0EE3829B0EF9-LeaderElection2] INFO  server.RaftServer$Division (ServerState.java:setRaftConf(393)) - 56a38eed-0cc2-4715-835e-d068c92ebf74@group-0EE3829B0EF9: set configuration 0: [56a38eed-0cc2-4715-835e-d068c92ebf74|rpc:10.1.0.60:40671|dataStream:|priority:1, 15f04113-e53c-48b5-ac4f-c6d0b16f8f23|rpc:10.1.0.60:33623|dataStream:|priority:0, 19c5685d-7faf-4816-a074-b6158b4e61e2|rpc:10.1.0.60:41227|dataStream:|priority:0], old=null
2022-10-16 13:13:58,771 [19c5685d-7faf-4816-a074-b6158b4e61e2-server-thread1] INFO  ratis.XceiverServerRatis (XceiverServerRatis.java:handleLeaderChangedNotification(863)) - Leader change notification received for group: group-0EE3829B0EF9 with new leaderId: 56a38eed-0cc2-4715-835e-d068c92ebf74
2022-10-16 13:13:58,771 [19c5685d-7faf-4816-a074-b6158b4e61e2-server-thread1] INFO  server.RaftServer$Division (ServerState.java:setLeader(287)) - 19c5685d-7faf-4816-a074-b6158b4e61e2@group-0EE3829B0EF9: change Leader from null to 56a38eed-0cc2-4715-835e-d068c92ebf74 at term 1 for appendEntries, leader elected after 4823ms
2022-10-16 13:13:58,804 [15f04113-e53c-48b5-ac4f-c6d0b16f8f23-server-thread1] INFO  ratis.XceiverServerRatis (XceiverServerRatis.java:handleLeaderChangedNotification(863)) - Leader change notification received for group: group-0EE3829B0EF9 with new leaderId: 56a38eed-0cc2-4715-835e-d068c92ebf74
2022-10-16 13:13:58,804 [15f04113-e53c-48b5-ac4f-c6d0b16f8f23-server-thread1] INFO  server.RaftServer$Division (ServerState.java:setLeader(287)) - 15f04113-e53c-48b5-ac4f-c6d0b16f8f23@group-0EE3829B0EF9: change Leader from null to 56a38eed-0cc2-4715-835e-d068c92ebf74 at term 1 for appendEntries, leader elected after 4585ms
2022-10-16 13:13:58,810 [15f04113-e53c-48b5-ac4f-c6d0b16f8f23-server-thread1] INFO  server.RaftServer$Division (ServerState.java:setRaftConf(393)) - 15f04113-e53c-48b5-ac4f-c6d0b16f8f23@group-0EE3829B0EF9: set configuration 0: [56a38eed-0cc2-4715-835e-d068c92ebf74|rpc:10.1.0.60:40671|dataStream:|priority:1, 15f04113-e53c-48b5-ac4f-c6d0b16f8f23|rpc:10.1.0.60:33623|dataStream:|priority:0, 19c5685d-7faf-4816-a074-b6158b4e61e2|rpc:10.1.0.60:41227|dataStream:|priority:0], old=null
2022-10-16 13:13:58,810 [15f04113-e53c-48b5-ac4f-c6d0b16f8f23-server-thread1] INFO  segmented.SegmentedRaftLogWorker (SegmentedRaftLogWorker.java:startLogSegment(425)) - 15f04113-e53c-48b5-ac4f-c6d0b16f8f23@group-0EE3829B0EF9-SegmentedRaftLogWorker: Starting segment from index:0
2022-10-16 13:13:58,810 [19c5685d-7faf-4816-a074-b6158b4e61e2-server-thread1] INFO  server.RaftServer$Division (ServerState.java:setRaftConf(393)) - 19c5685d-7faf-4816-a074-b6158b4e61e2@group-0EE3829B0EF9: set configuration 0: [56a38eed-0cc2-4715-835e-d068c92ebf74|rpc:10.1.0.60:40671|dataStream:|priority:1, 15f04113-e53c-48b5-ac4f-c6d0b16f8f23|rpc:10.1.0.60:33623|dataStream:|priority:0, 19c5685d-7faf-4816-a074-b6158b4e61e2|rpc:10.1.0.60:41227|dataStream:|priority:0], old=null
2022-10-16 13:13:58,812 [15f04113-e53c-48b5-ac4f-c6d0b16f8f23@group-0EE3829B0EF9-SegmentedRaftLogWorker] INFO  segmented.SegmentedRaftLogWorker (SegmentedRaftLogWorker.java:execute(629)) - 15f04113-e53c-48b5-ac4f-c6d0b16f8f23@group-0EE3829B0EF9-SegmentedRaftLogWorker: created new log segment /home/runner/work/ozone/ozone/hadoop-ozone/integration-test/target/test-dir/MiniOzoneClusterImpl-57f5d021-d9de-4630-9dce-fc102de9b2f6/datanode-2/data/ratis/913966db-1625-4a54-8764-0ee3829b0ef9/current/log_inprogress_0
2022-10-16 13:13:58,812 [19c5685d-7faf-4816-a074-b6158b4e61e2-server-thread1] INFO  segmented.SegmentedRaftLogWorker (SegmentedRaftLogWorker.java:startLogSegment(425)) - 19c5685d-7faf-4816-a074-b6158b4e61e2@group-0EE3829B0EF9-SegmentedRaftLogWorker: Starting segment from index:0
2022-10-16 13:13:58,814 [19c5685d-7faf-4816-a074-b6158b4e61e2@group-0EE3829B0EF9-SegmentedRaftLogWorker] INFO  segmented.SegmentedRaftLogWorker (SegmentedRaftLogWorker.java:execute(629)) - 19c5685d-7faf-4816-a074-b6158b4e61e2@group-0EE3829B0EF9-SegmentedRaftLogWorker: created new log segment /home/runner/work/ozone/ozone/hadoop-ozone/integration-test/target/test-dir/MiniOzoneClusterImpl-57f5d021-d9de-4630-9dce-fc102de9b2f6/datanode-1/data/ratis/913966db-1625-4a54-8764-0ee3829b0ef9/current/log_inprogress_0
2022-10-16 13:13:58,917 [ReplicationMonitor] INFO  replication.ReplicationManager (ReplicationManager.java:processAll(291)) - Replication Manager is not ready to run until 3000ms after safemode exit
2022-10-16 13:13:58,950 [19c5685d-7faf-4816-a074-b6158b4e61e2@group-D501797E6531-FollowerState] INFO  impl.FollowerState (FollowerState.java:run(143)) - 19c5685d-7faf-4816-a074-b6158b4e61e2@group-D501797E6531-FollowerState: change to CANDIDATE, lastRpcElapsedTime:5008050200ns, electionTimeout:5007ms
2022-10-16 13:13:58,950 [19c5685d-7faf-4816-a074-b6158b4e61e2@group-D501797E6531-FollowerState] INFO  impl.RoleInfo (RoleInfo.java:shutdownFollowerState(110)) - 19c5685d-7faf-4816-a074-b6158b4e61e2: shutdown 19c5685d-7faf-4816-a074-b6158b4e61e2@group-D501797E6531-FollowerState
2022-10-16 13:13:58,950 [19c5685d-7faf-4816-a074-b6158b4e61e2@group-D501797E6531-FollowerState] INFO  server.RaftServer$Division (RaftServerImpl.java:setRole(299)) - 19c5685d-7faf-4816-a074-b6158b4e61e2@group-D501797E6531: changes role from  FOLLOWER to CANDIDATE at term 0 for changeToCandidate
2022-10-16 13:13:58,950 [19c5685d-7faf-4816-a074-b6158b4e61e2@group-D501797E6531-FollowerState] INFO  server.RaftServerConfigKeys (ConfUtils.java:logGet(46)) - raft.server.leaderelection.pre-vote = false (custom)
2022-10-16 13:13:58,950 [19c5685d-7faf-4816-a074-b6158b4e61e2@group-D501797E6531-FollowerState] INFO  impl.RoleInfo (RoleInfo.java:updateAndGet(139)) - 19c5685d-7faf-4816-a074-b6158b4e61e2: start 19c5685d-7faf-4816-a074-b6158b4e61e2@group-D501797E6531-LeaderElection4
2022-10-16 13:13:58,954 [19c5685d-7faf-4816-a074-b6158b4e61e2@group-D501797E6531-LeaderElection4] INFO  impl.LeaderElection (LeaderElection.java:askForVotes(310)) - 19c5685d-7faf-4816-a074-b6158b4e61e2@group-D501797E6531-LeaderElection4 ELECTION round 0: submit vote requests at term 1 for -1: [19c5685d-7faf-4816-a074-b6158b4e61e2|rpc:10.1.0.60:41227|priority:1], old=null
2022-10-16 13:13:58,954 [19c5685d-7faf-4816-a074-b6158b4e61e2@group-D501797E6531-LeaderElection4] INFO  impl.LeaderElection (LeaderElection.java:askForVotes(312)) - 19c5685d-7faf-4816-a074-b6158b4e61e2@group-D501797E6531-LeaderElection4 ELECTION round 0: result PASSED (term=1)
2022-10-16 13:13:58,954 [19c5685d-7faf-4816-a074-b6158b4e61e2@group-D501797E6531-LeaderElection4] INFO  impl.RoleInfo (RoleInfo.java:shutdownLeaderElection(130)) - 19c5685d-7faf-4816-a074-b6158b4e61e2: shutdown 19c5685d-7faf-4816-a074-b6158b4e61e2@group-D501797E6531-LeaderElection4
2022-10-16 13:13:58,954 [19c5685d-7faf-4816-a074-b6158b4e61e2@group-D501797E6531-LeaderElection4] INFO  server.RaftServer$Division (RaftServerImpl.java:setRole(299)) - 19c5685d-7faf-4816-a074-b6158b4e61e2@group-D501797E6531: changes role from CANDIDATE to LEADER at term 1 for changeToLeader
2022-10-16 13:13:58,954 [19c5685d-7faf-4816-a074-b6158b4e61e2@group-D501797E6531-LeaderElection4] INFO  ratis.XceiverServerRatis (XceiverServerRatis.java:handleLeaderChangedNotification(863)) - Leader change notification received for group: group-D501797E6531 with new leaderId: 19c5685d-7faf-4816-a074-b6158b4e61e2
2022-10-16 13:13:58,954 [19c5685d-7faf-4816-a074-b6158b4e61e2@group-D501797E6531-LeaderElection4] INFO  server.RaftServer$Division (ServerState.java:setLeader(287)) - 19c5685d-7faf-4816-a074-b6158b4e61e2@group-D501797E6531: change Leader from null to 19c5685d-7faf-4816-a074-b6158b4e61e2 at term 1 for becomeLeader, leader elected after 5018ms
2022-10-16 13:13:58,954 [19c5685d-7faf-4816-a074-b6158b4e61e2@group-D501797E6531-LeaderElection4] INFO  server.RaftServerConfigKeys (ConfUtils.java:logGet(46)) - raft.server.staging.catchup.gap = 1000 (default)
2022-10-16 13:13:58,955 [19c5685d-7faf-4816-a074-b6158b4e61e2@group-D501797E6531-LeaderElection4] INFO  server.RaftServerConfigKeys (ConfUtils.java:logGet(46)) - raft.server.write.element-limit = 1024 (custom)
2022-10-16 13:13:58,955 [19c5685d-7faf-4816-a074-b6158b4e61e2@group-D501797E6531-LeaderElection4] INFO  server.RaftServerConfigKeys (ConfUtils.java:logGet(46)) - raft.server.write.byte-limit = 1024 M (=1073741824) (custom)
2022-10-16 13:13:58,955 [19c5685d-7faf-4816-a074-b6158b4e61e2@group-D501797E6531-LeaderElection4] INFO  server.RaftServerConfigKeys (ConfUtils.java:logGet(46)) - raft.server.watch.timeout = 180s (custom)
2022-10-16 13:13:58,955 [19c5685d-7faf-4816-a074-b6158b4e61e2@group-D501797E6531-LeaderElection4] INFO  server.RaftServerConfigKeys (ConfUtils.java:logGet(46)) - raft.server.watch.timeout.denomination = 1s (default)
2022-10-16 13:13:58,955 [19c5685d-7faf-4816-a074-b6158b4e61e2@group-D501797E6531-LeaderElection4] INFO  server.RaftServerConfigKeys (ConfUtils.java:logGet(46)) - raft.server.watch.element-limit = 65536 (default)
2022-10-16 13:13:58,955 [19c5685d-7faf-4816-a074-b6158b4e61e2@group-D501797E6531-LeaderElection4] INFO  server.RaftServerConfigKeys (ConfUtils.java:logGet(46)) - raft.server.write.element-limit = 1024 (custom)
2022-10-16 13:13:58,956 [19c5685d-7faf-4816-a074-b6158b4e61e2@group-D501797E6531-LeaderElection4] INFO  server.RaftServerConfigKeys (ConfUtils.java:logGet(46)) - raft.server.write.follower.gap.ratio.max = -1.0 (default)
2022-10-16 13:13:58,956 [19c5685d-7faf-4816-a074-b6158b4e61e2@group-D501797E6531-LeaderElection4] INFO  impl.RoleInfo (RoleInfo.java:updateAndGet(139)) - 19c5685d-7faf-4816-a074-b6158b4e61e2: start 19c5685d-7faf-4816-a074-b6158b4e61e2@group-D501797E6531-LeaderStateImpl
2022-10-16 13:13:58,956 [19c5685d-7faf-4816-a074-b6158b4e61e2@group-D501797E6531-LeaderElection4] INFO  segmented.SegmentedRaftLogWorker (SegmentedRaftLogWorker.java:startLogSegment(425)) - 19c5685d-7faf-4816-a074-b6158b4e61e2@group-D501797E6531-SegmentedRaftLogWorker: Starting segment from index:0
2022-10-16 13:13:58,957 [19c5685d-7faf-4816-a074-b6158b4e61e2@group-D501797E6531-LeaderElection4] INFO  server.RaftServer$Division (ServerState.java:setRaftConf(393)) - 19c5685d-7faf-4816-a074-b6158b4e61e2@group-D501797E6531: set configuration 0: [19c5685d-7faf-4816-a074-b6158b4e61e2|rpc:10.1.0.60:41227|dataStream:|priority:1], old=null
2022-10-16 13:13:58,958 [19c5685d-7faf-4816-a074-b6158b4e61e2@group-D501797E6531-SegmentedRaftLogWorker] INFO  segmented.SegmentedRaftLogWorker (SegmentedRaftLogWorker.java:execute(629)) - 19c5685d-7faf-4816-a074-b6158b4e61e2@group-D501797E6531-SegmentedRaftLogWorker: created new log segment /home/runner/work/ozone/ozone/hadoop-ozone/integration-test/target/test-dir/MiniOzoneClusterImpl-57f5d021-d9de-4630-9dce-fc102de9b2f6/datanode-1/data/ratis/5850687a-a38c-49db-b1b7-d501797e6531/current/log_inprogress_0
2022-10-16 13:13:58,988 [Listener at 127.0.0.1/36155] INFO  ozone.MiniOzoneClusterImpl (MiniOzoneClusterImpl.java:lambda$waitForClusterToBeReady$0(216)) - Nodes are ready. Got 5 of 5 DN Heartbeats.
2022-10-16 13:13:58,988 [Listener at 127.0.0.1/36155] INFO  ozone.MiniOzoneClusterImpl (MiniOzoneClusterImpl.java:lambda$waitForClusterToBeReady$0(219)) - Cluster exits safe mode
2022-10-16 13:13:58,988 [Listener at 127.0.0.1/36155] INFO  ozone.MiniOzoneClusterImpl (MiniOzoneClusterImpl.java:lambda$waitForClusterToBeReady$0(221)) - SCM became leader
2022-10-16 13:13:59,425 [Listener at 127.0.0.1/36155] INFO  rpc.RpcClient (RpcClient.java:createVolume(471)) - Creating Volume: 96e8b03f-1b76-4bb5-92c6-4825a1ff35bb, with runner as owner and space quota set to -1 bytes, counts quota set to -1
2022-10-16 13:13:59,464 [OM StateMachine ApplyTransaction Thread - 0] INFO  volume.OMVolumeCreateRequest (OMVolumeCreateRequest.java:validateAndUpdateCache(195)) - created volume:96e8b03f-1b76-4bb5-92c6-4825a1ff35bb for user:runner
2022-10-16 13:13:59,485 [Listener at 127.0.0.1/36155] INFO  rpc.RpcClient (RpcClient.java:createBucket(674)) - Creating Bucket: 96e8b03f-1b76-4bb5-92c6-4825a1ff35bb/b512bfb4-0f8c-4ec3-8306-fd29c3f85913, with server-side default bucket layout, runner as owner, Versioning false, Storage Type set to DISK and Encryption set to false 
2022-10-16 13:13:59,498 [OM StateMachine ApplyTransaction Thread - 0] INFO  bucket.OMBucketCreateRequest (OMBucketCreateRequest.java:validateAndUpdateCache(260)) - created bucket: b512bfb4-0f8c-4ec3-8306-fd29c3f85913 of layout LEGACY in volume: 96e8b03f-1b76-4bb5-92c6-4825a1ff35bb
2022-10-16 13:13:59,550 [IPC Server handler 0 on default port 36391] INFO  ha.SequenceIdGenerator (SequenceIdGenerator.java:getNextId(128)) - Allocate a batch for containerId, change lastId from 0 to 1000.
2022-10-16 13:13:59,559 [IPC Server handler 0 on default port 36391] WARN  ha.SequenceIdGenerator (SequenceIdGenerator.java:allocateBatch(237)) - Failed to allocate a batch for localId, expected lastId is 0, actual lastId is 109611004723200000.
2022-10-16 13:13:59,559 [IPC Server handler 0 on default port 36391] INFO  ha.SequenceIdGenerator (SequenceIdGenerator.java:getNextId(128)) - Allocate a batch for localId, change lastId from 109611004723200000 to 109611004723201000.
2022-10-16 13:13:59,598 [15f04113-e53c-48b5-ac4f-c6d0b16f8f23@group-BBC814AB74AA-FollowerState] INFO  impl.FollowerState (FollowerState.java:run(143)) - 15f04113-e53c-48b5-ac4f-c6d0b16f8f23@group-BBC814AB74AA-FollowerState: change to CANDIDATE, lastRpcElapsedTime:5200501634ns, electionTimeout:5199ms
2022-10-16 13:13:59,598 [15f04113-e53c-48b5-ac4f-c6d0b16f8f23@group-BBC814AB74AA-FollowerState] INFO  impl.RoleInfo (RoleInfo.java:shutdownFollowerState(110)) - 15f04113-e53c-48b5-ac4f-c6d0b16f8f23: shutdown 15f04113-e53c-48b5-ac4f-c6d0b16f8f23@group-BBC814AB74AA-FollowerState
2022-10-16 13:13:59,598 [15f04113-e53c-48b5-ac4f-c6d0b16f8f23@group-BBC814AB74AA-FollowerState] INFO  server.RaftServer$Division (RaftServerImpl.java:setRole(299)) - 15f04113-e53c-48b5-ac4f-c6d0b16f8f23@group-BBC814AB74AA: changes role from  FOLLOWER to CANDIDATE at term 0 for changeToCandidate
2022-10-16 13:13:59,600 [15f04113-e53c-48b5-ac4f-c6d0b16f8f23@group-BBC814AB74AA-FollowerState] INFO  server.RaftServerConfigKeys (ConfUtils.java:logGet(46)) - raft.server.leaderelection.pre-vote = false (custom)
2022-10-16 13:13:59,600 [15f04113-e53c-48b5-ac4f-c6d0b16f8f23@group-BBC814AB74AA-FollowerState] INFO  impl.RoleInfo (RoleInfo.java:updateAndGet(139)) - 15f04113-e53c-48b5-ac4f-c6d0b16f8f23: start 15f04113-e53c-48b5-ac4f-c6d0b16f8f23@group-BBC814AB74AA-LeaderElection5
2022-10-16 13:13:59,603 [15f04113-e53c-48b5-ac4f-c6d0b16f8f23@group-BBC814AB74AA-LeaderElection5] INFO  impl.LeaderElection (LeaderElection.java:askForVotes(310)) - 15f04113-e53c-48b5-ac4f-c6d0b16f8f23@group-BBC814AB74AA-LeaderElection5 ELECTION round 0: submit vote requests at term 1 for -1: [15f04113-e53c-48b5-ac4f-c6d0b16f8f23|rpc:10.1.0.60:33623|priority:1], old=null
2022-10-16 13:13:59,603 [15f04113-e53c-48b5-ac4f-c6d0b16f8f23@group-BBC814AB74AA-LeaderElection5] INFO  impl.LeaderElection (LeaderElection.java:askForVotes(312)) - 15f04113-e53c-48b5-ac4f-c6d0b16f8f23@group-BBC814AB74AA-LeaderElection5 ELECTION round 0: result PASSED (term=1)
2022-10-16 13:13:59,605 [15f04113-e53c-48b5-ac4f-c6d0b16f8f23@group-BBC814AB74AA-LeaderElection5] INFO  impl.RoleInfo (RoleInfo.java:shutdownLeaderElection(130)) - 15f04113-e53c-48b5-ac4f-c6d0b16f8f23: shutdown 15f04113-e53c-48b5-ac4f-c6d0b16f8f23@group-BBC814AB74AA-LeaderElection5
2022-10-16 13:13:59,605 [15f04113-e53c-48b5-ac4f-c6d0b16f8f23@group-BBC814AB74AA-LeaderElection5] INFO  server.RaftServer$Division (RaftServerImpl.java:setRole(299)) - 15f04113-e53c-48b5-ac4f-c6d0b16f8f23@group-BBC814AB74AA: changes role from CANDIDATE to LEADER at term 1 for changeToLeader
2022-10-16 13:13:59,605 [15f04113-e53c-48b5-ac4f-c6d0b16f8f23@group-BBC814AB74AA-LeaderElection5] INFO  ratis.XceiverServerRatis (XceiverServerRatis.java:handleLeaderChangedNotification(863)) - Leader change notification received for group: group-BBC814AB74AA with new leaderId: 15f04113-e53c-48b5-ac4f-c6d0b16f8f23
2022-10-16 13:13:59,605 [15f04113-e53c-48b5-ac4f-c6d0b16f8f23@group-BBC814AB74AA-LeaderElection5] INFO  server.RaftServer$Division (ServerState.java:setLeader(287)) - 15f04113-e53c-48b5-ac4f-c6d0b16f8f23@group-BBC814AB74AA: change Leader from null to 15f04113-e53c-48b5-ac4f-c6d0b16f8f23 at term 1 for becomeLeader, leader elected after 5215ms
2022-10-16 13:13:59,605 [15f04113-e53c-48b5-ac4f-c6d0b16f8f23@group-BBC814AB74AA-LeaderElection5] INFO  server.RaftServerConfigKeys (ConfUtils.java:logGet(46)) - raft.server.staging.catchup.gap = 1000 (default)
2022-10-16 13:13:59,606 [15f04113-e53c-48b5-ac4f-c6d0b16f8f23@group-BBC814AB74AA-LeaderElection5] INFO  server.RaftServerConfigKeys (ConfUtils.java:logGet(46)) - raft.server.write.element-limit = 1024 (custom)
2022-10-16 13:13:59,606 [15f04113-e53c-48b5-ac4f-c6d0b16f8f23@group-BBC814AB74AA-LeaderElection5] INFO  server.RaftServerConfigKeys (ConfUtils.java:logGet(46)) - raft.server.write.byte-limit = 1024 M (=1073741824) (custom)
2022-10-16 13:13:59,606 [15f04113-e53c-48b5-ac4f-c6d0b16f8f23@group-BBC814AB74AA-LeaderElection5] INFO  server.RaftServerConfigKeys (ConfUtils.java:logGet(46)) - raft.server.watch.timeout = 180s (custom)
2022-10-16 13:13:59,606 [15f04113-e53c-48b5-ac4f-c6d0b16f8f23@group-BBC814AB74AA-LeaderElection5] INFO  server.RaftServerConfigKeys (ConfUtils.java:logGet(46)) - raft.server.watch.timeout.denomination = 1s (default)
2022-10-16 13:13:59,606 [15f04113-e53c-48b5-ac4f-c6d0b16f8f23@group-BBC814AB74AA-LeaderElection5] INFO  server.RaftServerConfigKeys (ConfUtils.java:logGet(46)) - raft.server.watch.element-limit = 65536 (default)
2022-10-16 13:13:59,606 [15f04113-e53c-48b5-ac4f-c6d0b16f8f23@group-BBC814AB74AA-LeaderElection5] INFO  server.RaftServerConfigKeys (ConfUtils.java:logGet(46)) - raft.server.write.element-limit = 1024 (custom)
2022-10-16 13:13:59,606 [15f04113-e53c-48b5-ac4f-c6d0b16f8f23@group-BBC814AB74AA-LeaderElection5] INFO  server.RaftServerConfigKeys (ConfUtils.java:logGet(46)) - raft.server.write.follower.gap.ratio.max = -1.0 (default)
2022-10-16 13:13:59,607 [15f04113-e53c-48b5-ac4f-c6d0b16f8f23@group-BBC814AB74AA-LeaderElection5] INFO  impl.RoleInfo (RoleInfo.java:updateAndGet(139)) - 15f04113-e53c-48b5-ac4f-c6d0b16f8f23: start 15f04113-e53c-48b5-ac4f-c6d0b16f8f23@group-BBC814AB74AA-LeaderStateImpl
2022-10-16 13:13:59,607 [15f04113-e53c-48b5-ac4f-c6d0b16f8f23@group-BBC814AB74AA-LeaderElection5] INFO  segmented.SegmentedRaftLogWorker (SegmentedRaftLogWorker.java:startLogSegment(425)) - 15f04113-e53c-48b5-ac4f-c6d0b16f8f23@group-BBC814AB74AA-SegmentedRaftLogWorker: Starting segment from index:0
2022-10-16 13:13:59,609 [15f04113-e53c-48b5-ac4f-c6d0b16f8f23@group-BBC814AB74AA-LeaderElection5] INFO  server.RaftServer$Division (ServerState.java:setRaftConf(393)) - 15f04113-e53c-48b5-ac4f-c6d0b16f8f23@group-BBC814AB74AA: set configuration 0: [15f04113-e53c-48b5-ac4f-c6d0b16f8f23|rpc:10.1.0.60:33623|dataStream:|priority:1], old=null
2022-10-16 13:13:59,609 [15f04113-e53c-48b5-ac4f-c6d0b16f8f23@group-BBC814AB74AA-SegmentedRaftLogWorker] INFO  segmented.SegmentedRaftLogWorker (SegmentedRaftLogWorker.java:execute(629)) - 15f04113-e53c-48b5-ac4f-c6d0b16f8f23@group-BBC814AB74AA-SegmentedRaftLogWorker: created new log segment /home/runner/work/ozone/ozone/hadoop-ozone/integration-test/target/test-dir/MiniOzoneClusterImpl-57f5d021-d9de-4630-9dce-fc102de9b2f6/datanode-2/data/ratis/568b7d33-1fb5-4bd3-b88d-bbc814ab74aa/current/log_inprogress_0
2022-10-16 13:13:59,707 [Listener at 127.0.0.1/36155] INFO  impl.MetricsSystemImpl (MetricsSystemImpl.java:init(158)) - XceiverClientMetrics metrics system started (again)
2022-10-16 13:13:59,843 [d6bb9e09-7a5d-4d11-b65a-7cc5dc53b33d@group-25894138464C-FollowerState] INFO  impl.FollowerState (FollowerState.java:run(143)) - d6bb9e09-7a5d-4d11-b65a-7cc5dc53b33d@group-25894138464C-FollowerState: change to CANDIDATE, lastRpcElapsedTime:5133677789ns, electionTimeout:5132ms
2022-10-16 13:13:59,844 [d6bb9e09-7a5d-4d11-b65a-7cc5dc53b33d@group-25894138464C-FollowerState] INFO  impl.RoleInfo (RoleInfo.java:shutdownFollowerState(110)) - d6bb9e09-7a5d-4d11-b65a-7cc5dc53b33d: shutdown d6bb9e09-7a5d-4d11-b65a-7cc5dc53b33d@group-25894138464C-FollowerState
2022-10-16 13:13:59,844 [d6bb9e09-7a5d-4d11-b65a-7cc5dc53b33d@group-25894138464C-FollowerState] INFO  server.RaftServer$Division (RaftServerImpl.java:setRole(299)) - d6bb9e09-7a5d-4d11-b65a-7cc5dc53b33d@group-25894138464C: changes role from  FOLLOWER to CANDIDATE at term 0 for changeToCandidate
2022-10-16 13:13:59,844 [d6bb9e09-7a5d-4d11-b65a-7cc5dc53b33d@group-25894138464C-FollowerState] INFO  server.RaftServerConfigKeys (ConfUtils.java:logGet(46)) - raft.server.leaderelection.pre-vote = false (custom)
2022-10-16 13:13:59,844 [d6bb9e09-7a5d-4d11-b65a-7cc5dc53b33d@group-25894138464C-FollowerState] INFO  impl.RoleInfo (RoleInfo.java:updateAndGet(139)) - d6bb9e09-7a5d-4d11-b65a-7cc5dc53b33d: start d6bb9e09-7a5d-4d11-b65a-7cc5dc53b33d@group-25894138464C-LeaderElection6
2022-10-16 13:13:59,874 [d6bb9e09-7a5d-4d11-b65a-7cc5dc53b33d@group-25894138464C-LeaderElection6] INFO  impl.LeaderElection (LeaderElection.java:askForVotes(310)) - d6bb9e09-7a5d-4d11-b65a-7cc5dc53b33d@group-25894138464C-LeaderElection6 ELECTION round 0: submit vote requests at term 1 for -1: [d6bb9e09-7a5d-4d11-b65a-7cc5dc53b33d|rpc:10.1.0.60:35493|priority:1], old=null
2022-10-16 13:13:59,874 [d6bb9e09-7a5d-4d11-b65a-7cc5dc53b33d@group-25894138464C-LeaderElection6] INFO  impl.LeaderElection (LeaderElection.java:askForVotes(312)) - d6bb9e09-7a5d-4d11-b65a-7cc5dc53b33d@group-25894138464C-LeaderElection6 ELECTION round 0: result PASSED (term=1)
2022-10-16 13:13:59,874 [d6bb9e09-7a5d-4d11-b65a-7cc5dc53b33d@group-25894138464C-LeaderElection6] INFO  impl.RoleInfo (RoleInfo.java:shutdownLeaderElection(130)) - d6bb9e09-7a5d-4d11-b65a-7cc5dc53b33d: shutdown d6bb9e09-7a5d-4d11-b65a-7cc5dc53b33d@group-25894138464C-LeaderElection6
2022-10-16 13:13:59,875 [d6bb9e09-7a5d-4d11-b65a-7cc5dc53b33d@group-25894138464C-LeaderElection6] INFO  server.RaftServer$Division (RaftServerImpl.java:setRole(299)) - d6bb9e09-7a5d-4d11-b65a-7cc5dc53b33d@group-25894138464C: changes role from CANDIDATE to LEADER at term 1 for changeToLeader
2022-10-16 13:13:59,875 [d6bb9e09-7a5d-4d11-b65a-7cc5dc53b33d@group-25894138464C-LeaderElection6] INFO  ratis.XceiverServerRatis (XceiverServerRatis.java:handleLeaderChangedNotification(863)) - Leader change notification received for group: group-25894138464C with new leaderId: d6bb9e09-7a5d-4d11-b65a-7cc5dc53b33d
2022-10-16 13:13:59,875 [d6bb9e09-7a5d-4d11-b65a-7cc5dc53b33d@group-25894138464C-LeaderElection6] INFO  server.RaftServer$Division (ServerState.java:setLeader(287)) - d6bb9e09-7a5d-4d11-b65a-7cc5dc53b33d@group-25894138464C: change Leader from null to d6bb9e09-7a5d-4d11-b65a-7cc5dc53b33d at term 1 for becomeLeader, leader elected after 5181ms
2022-10-16 13:13:59,875 [d6bb9e09-7a5d-4d11-b65a-7cc5dc53b33d@group-25894138464C-LeaderElection6] INFO  server.RaftServerConfigKeys (ConfUtils.java:logGet(46)) - raft.server.staging.catchup.gap = 1000 (default)
2022-10-16 13:13:59,875 [d6bb9e09-7a5d-4d11-b65a-7cc5dc53b33d@group-25894138464C-LeaderElection6] INFO  server.RaftServerConfigKeys (ConfUtils.java:logGet(46)) - raft.server.write.element-limit = 1024 (custom)
2022-10-16 13:13:59,875 [d6bb9e09-7a5d-4d11-b65a-7cc5dc53b33d@group-25894138464C-LeaderElection6] INFO  server.RaftServerConfigKeys (ConfUtils.java:logGet(46)) - raft.server.write.byte-limit = 1024 M (=1073741824) (custom)
2022-10-16 13:13:59,875 [d6bb9e09-7a5d-4d11-b65a-7cc5dc53b33d@group-25894138464C-LeaderElection6] INFO  server.RaftServerConfigKeys (ConfUtils.java:logGet(46)) - raft.server.watch.timeout = 180s (custom)
2022-10-16 13:13:59,875 [d6bb9e09-7a5d-4d11-b65a-7cc5dc53b33d@group-25894138464C-LeaderElection6] INFO  server.RaftServerConfigKeys (ConfUtils.java:logGet(46)) - raft.server.watch.timeout.denomination = 1s (default)
2022-10-16 13:13:59,875 [d6bb9e09-7a5d-4d11-b65a-7cc5dc53b33d@group-25894138464C-LeaderElection6] INFO  server.RaftServerConfigKeys (ConfUtils.java:logGet(46)) - raft.server.watch.element-limit = 65536 (default)
2022-10-16 13:13:59,876 [d6bb9e09-7a5d-4d11-b65a-7cc5dc53b33d@group-25894138464C-LeaderElection6] INFO  server.RaftServerConfigKeys (ConfUtils.java:logGet(46)) - raft.server.write.element-limit = 1024 (custom)
2022-10-16 13:13:59,876 [d6bb9e09-7a5d-4d11-b65a-7cc5dc53b33d@group-25894138464C-LeaderElection6] INFO  server.RaftServerConfigKeys (ConfUtils.java:logGet(46)) - raft.server.write.follower.gap.ratio.max = -1.0 (default)
2022-10-16 13:13:59,876 [d6bb9e09-7a5d-4d11-b65a-7cc5dc53b33d@group-25894138464C-LeaderElection6] INFO  impl.RoleInfo (RoleInfo.java:updateAndGet(139)) - d6bb9e09-7a5d-4d11-b65a-7cc5dc53b33d: start d6bb9e09-7a5d-4d11-b65a-7cc5dc53b33d@group-25894138464C-LeaderStateImpl
2022-10-16 13:13:59,876 [d6bb9e09-7a5d-4d11-b65a-7cc5dc53b33d@group-25894138464C-LeaderElection6] INFO  segmented.SegmentedRaftLogWorker (SegmentedRaftLogWorker.java:startLogSegment(425)) - d6bb9e09-7a5d-4d11-b65a-7cc5dc53b33d@group-25894138464C-SegmentedRaftLogWorker: Starting segment from index:0
2022-10-16 13:13:59,880 [d6bb9e09-7a5d-4d11-b65a-7cc5dc53b33d@group-25894138464C-SegmentedRaftLogWorker] INFO  segmented.SegmentedRaftLogWorker (SegmentedRaftLogWorker.java:execute(629)) - d6bb9e09-7a5d-4d11-b65a-7cc5dc53b33d@group-25894138464C-SegmentedRaftLogWorker: created new log segment /home/runner/work/ozone/ozone/hadoop-ozone/integration-test/target/test-dir/MiniOzoneClusterImpl-57f5d021-d9de-4630-9dce-fc102de9b2f6/datanode-3/data/ratis/6cd84686-a9da-4b28-b289-25894138464c/current/log_inprogress_0
2022-10-16 13:13:59,901 [d6bb9e09-7a5d-4d11-b65a-7cc5dc53b33d@group-25894138464C-LeaderElection6] INFO  server.RaftServer$Division (ServerState.java:setRaftConf(393)) - d6bb9e09-7a5d-4d11-b65a-7cc5dc53b33d@group-25894138464C: set configuration 0: [d6bb9e09-7a5d-4d11-b65a-7cc5dc53b33d|rpc:10.1.0.60:35493|dataStream:|priority:1], old=null
2022-10-16 13:13:59,917 [ReplicationMonitor] INFO  replication.ReplicationManager (ReplicationManager.java:processAll(291)) - Replication Manager is not ready to run until 3000ms after safemode exit
2022-10-16 13:14:00,181 [38a9bf41-2224-4aa1-adc3-26a20af34a93@group-4457FECF7044-FollowerState] INFO  impl.FollowerState (FollowerState.java:run(143)) - 38a9bf41-2224-4aa1-adc3-26a20af34a93@group-4457FECF7044-FollowerState: change to CANDIDATE, lastRpcElapsedTime:5172973584ns, electionTimeout:5172ms
2022-10-16 13:14:00,182 [38a9bf41-2224-4aa1-adc3-26a20af34a93@group-4457FECF7044-FollowerState] INFO  impl.RoleInfo (RoleInfo.java:shutdownFollowerState(110)) - 38a9bf41-2224-4aa1-adc3-26a20af34a93: shutdown 38a9bf41-2224-4aa1-adc3-26a20af34a93@group-4457FECF7044-FollowerState
2022-10-16 13:14:00,182 [38a9bf41-2224-4aa1-adc3-26a20af34a93@group-4457FECF7044-FollowerState] INFO  server.RaftServer$Division (RaftServerImpl.java:setRole(299)) - 38a9bf41-2224-4aa1-adc3-26a20af34a93@group-4457FECF7044: changes role from  FOLLOWER to CANDIDATE at term 0 for changeToCandidate
2022-10-16 13:14:00,183 [38a9bf41-2224-4aa1-adc3-26a20af34a93@group-4457FECF7044-FollowerState] INFO  server.RaftServerConfigKeys (ConfUtils.java:logGet(46)) - raft.server.leaderelection.pre-vote = false (custom)
2022-10-16 13:14:00,183 [38a9bf41-2224-4aa1-adc3-26a20af34a93@group-4457FECF7044-FollowerState] INFO  impl.RoleInfo (RoleInfo.java:updateAndGet(139)) - 38a9bf41-2224-4aa1-adc3-26a20af34a93: start 38a9bf41-2224-4aa1-adc3-26a20af34a93@group-4457FECF7044-LeaderElection7
2022-10-16 13:14:00,193 [38a9bf41-2224-4aa1-adc3-26a20af34a93@group-4457FECF7044-LeaderElection7] INFO  impl.LeaderElection (LeaderElection.java:askForVotes(310)) - 38a9bf41-2224-4aa1-adc3-26a20af34a93@group-4457FECF7044-LeaderElection7 ELECTION round 0: submit vote requests at term 1 for -1: [38a9bf41-2224-4aa1-adc3-26a20af34a93|rpc:10.1.0.60:37671|priority:1], old=null
2022-10-16 13:14:00,194 [38a9bf41-2224-4aa1-adc3-26a20af34a93@group-4457FECF7044-LeaderElection7] INFO  impl.LeaderElection (LeaderElection.java:askForVotes(312)) - 38a9bf41-2224-4aa1-adc3-26a20af34a93@group-4457FECF7044-LeaderElection7 ELECTION round 0: result PASSED (term=1)
2022-10-16 13:14:00,194 [38a9bf41-2224-4aa1-adc3-26a20af34a93@group-4457FECF7044-LeaderElection7] INFO  impl.RoleInfo (RoleInfo.java:shutdownLeaderElection(130)) - 38a9bf41-2224-4aa1-adc3-26a20af34a93: shutdown 38a9bf41-2224-4aa1-adc3-26a20af34a93@group-4457FECF7044-LeaderElection7
2022-10-16 13:14:00,194 [38a9bf41-2224-4aa1-adc3-26a20af34a93@group-4457FECF7044-LeaderElection7] INFO  server.RaftServer$Division (RaftServerImpl.java:setRole(299)) - 38a9bf41-2224-4aa1-adc3-26a20af34a93@group-4457FECF7044: changes role from CANDIDATE to LEADER at term 1 for changeToLeader
2022-10-16 13:14:00,194 [38a9bf41-2224-4aa1-adc3-26a20af34a93@group-4457FECF7044-LeaderElection7] INFO  ratis.XceiverServerRatis (XceiverServerRatis.java:handleLeaderChangedNotification(863)) - Leader change notification received for group: group-4457FECF7044 with new leaderId: 38a9bf41-2224-4aa1-adc3-26a20af34a93
2022-10-16 13:14:00,197 [38a9bf41-2224-4aa1-adc3-26a20af34a93@group-4457FECF7044-LeaderElection7] INFO  server.RaftServer$Division (ServerState.java:setLeader(287)) - 38a9bf41-2224-4aa1-adc3-26a20af34a93@group-4457FECF7044: change Leader from null to 38a9bf41-2224-4aa1-adc3-26a20af34a93 at term 1 for becomeLeader, leader elected after 5191ms
2022-10-16 13:14:00,197 [38a9bf41-2224-4aa1-adc3-26a20af34a93@group-4457FECF7044-LeaderElection7] INFO  server.RaftServerConfigKeys (ConfUtils.java:logGet(46)) - raft.server.staging.catchup.gap = 1000 (default)
2022-10-16 13:14:00,197 [38a9bf41-2224-4aa1-adc3-26a20af34a93@group-4457FECF7044-LeaderElection7] INFO  server.RaftServerConfigKeys (ConfUtils.java:logGet(46)) - raft.server.write.element-limit = 1024 (custom)
2022-10-16 13:14:00,197 [38a9bf41-2224-4aa1-adc3-26a20af34a93@group-4457FECF7044-LeaderElection7] INFO  server.RaftServerConfigKeys (ConfUtils.java:logGet(46)) - raft.server.write.byte-limit = 1024 M (=1073741824) (custom)
2022-10-16 13:14:00,198 [38a9bf41-2224-4aa1-adc3-26a20af34a93@group-4457FECF7044-LeaderElection7] INFO  server.RaftServerConfigKeys (ConfUtils.java:logGet(46)) - raft.server.watch.timeout = 180s (custom)
2022-10-16 13:14:00,198 [38a9bf41-2224-4aa1-adc3-26a20af34a93@group-4457FECF7044-LeaderElection7] INFO  server.RaftServerConfigKeys (ConfUtils.java:logGet(46)) - raft.server.watch.timeout.denomination = 1s (default)
2022-10-16 13:14:00,198 [38a9bf41-2224-4aa1-adc3-26a20af34a93@group-4457FECF7044-LeaderElection7] INFO  server.RaftServerConfigKeys (ConfUtils.java:logGet(46)) - raft.server.watch.element-limit = 65536 (default)
2022-10-16 13:14:00,198 [38a9bf41-2224-4aa1-adc3-26a20af34a93@group-4457FECF7044-LeaderElection7] INFO  server.RaftServerConfigKeys (ConfUtils.java:logGet(46)) - raft.server.write.element-limit = 1024 (custom)
2022-10-16 13:14:00,198 [38a9bf41-2224-4aa1-adc3-26a20af34a93@group-4457FECF7044-LeaderElection7] INFO  server.RaftServerConfigKeys (ConfUtils.java:logGet(46)) - raft.server.write.follower.gap.ratio.max = -1.0 (default)
2022-10-16 13:14:00,198 [38a9bf41-2224-4aa1-adc3-26a20af34a93@group-4457FECF7044-LeaderElection7] INFO  impl.RoleInfo (RoleInfo.java:updateAndGet(139)) - 38a9bf41-2224-4aa1-adc3-26a20af34a93: start 38a9bf41-2224-4aa1-adc3-26a20af34a93@group-4457FECF7044-LeaderStateImpl
2022-10-16 13:14:00,198 [38a9bf41-2224-4aa1-adc3-26a20af34a93@group-4457FECF7044-LeaderElection7] INFO  segmented.SegmentedRaftLogWorker (SegmentedRaftLogWorker.java:startLogSegment(425)) - 38a9bf41-2224-4aa1-adc3-26a20af34a93@group-4457FECF7044-SegmentedRaftLogWorker: Starting segment from index:0
2022-10-16 13:14:00,201 [38a9bf41-2224-4aa1-adc3-26a20af34a93@group-4457FECF7044-SegmentedRaftLogWorker] INFO  segmented.SegmentedRaftLogWorker (SegmentedRaftLogWorker.java:execute(629)) - 38a9bf41-2224-4aa1-adc3-26a20af34a93@group-4457FECF7044-SegmentedRaftLogWorker: created new log segment /home/runner/work/ozone/ozone/hadoop-ozone/integration-test/target/test-dir/MiniOzoneClusterImpl-57f5d021-d9de-4630-9dce-fc102de9b2f6/datanode-4/data/ratis/3ef6c476-1ca6-41ac-93d8-4457fecf7044/current/log_inprogress_0
2022-10-16 13:14:00,202 [38a9bf41-2224-4aa1-adc3-26a20af34a93@group-4457FECF7044-LeaderElection7] INFO  server.RaftServer$Division (ServerState.java:setRaftConf(393)) - 38a9bf41-2224-4aa1-adc3-26a20af34a93@group-4457FECF7044: set configuration 0: [38a9bf41-2224-4aa1-adc3-26a20af34a93|rpc:10.1.0.60:37671|dataStream:|priority:1], old=null
2022-10-16 13:14:00,917 [ReplicationMonitor] INFO  replication.ReplicationManager (ReplicationManager.java:processAll(291)) - Replication Manager is not ready to run until 3000ms after safemode exit
2022-10-16 13:14:01,920 [ReplicationMonitor] INFO  replication.ReplicationManager (ReplicationManager.java:processAll(324)) - Replication Monitor Thread took 1 milliseconds for processing 3 containers.
2022-10-16 13:14:02,921 [ReplicationMonitor] INFO  replication.ReplicationManager (ReplicationManager.java:processAll(324)) - Replication Monitor Thread took 1 milliseconds for processing 3 containers.
2022-10-16 13:14:03,922 [ReplicationMonitor] INFO  replication.ReplicationManager (ReplicationManager.java:processAll(324)) - Replication Monitor Thread took 1 milliseconds for processing 3 containers.
2022-10-16 13:14:04,923 [ReplicationMonitor] INFO  replication.ReplicationManager (ReplicationManager.java:processAll(324)) - Replication Monitor Thread took 0 milliseconds for processing 3 containers.
2022-10-16 13:14:05,923 [ReplicationMonitor] INFO  replication.ReplicationManager (ReplicationManager.java:processAll(324)) - Replication Monitor Thread took 0 milliseconds for processing 3 containers.
2022-10-16 13:14:06,929 [ReplicationMonitor] INFO  replication.ReplicationManager (ReplicationManager.java:processAll(324)) - Replication Monitor Thread took 0 milliseconds for processing 3 containers.
2022-10-16 13:14:07,929 [ReplicationMonitor] INFO  replication.ReplicationManager (ReplicationManager.java:processAll(324)) - Replication Monitor Thread took 0 milliseconds for processing 3 containers.
2022-10-16 13:14:08,930 [ReplicationMonitor] INFO  replication.ReplicationManager (ReplicationManager.java:processAll(324)) - Replication Monitor Thread took 1 milliseconds for processing 3 containers.
2022-10-16 13:14:09,931 [ReplicationMonitor] INFO  replication.ReplicationManager (ReplicationManager.java:processAll(324)) - Replication Monitor Thread took 0 milliseconds for processing 3 containers.
2022-10-16 13:14:10,931 [ReplicationMonitor] INFO  replication.ReplicationManager (ReplicationManager.java:processAll(324)) - Replication Monitor Thread took 0 milliseconds for processing 3 containers.
2022-10-16 13:14:11,901 [Under Replicated Processor] INFO  replication.UnderReplicatedProcessor (UnderReplicatedProcessor.java:processAll(92)) - Processed 0 under replicated containers, failed processing 0
2022-10-16 13:14:11,909 [Over Replicated Processor] INFO  replication.OverReplicatedProcessor (OverReplicatedProcessor.java:processAll(90)) - Processed 0 over replicated containers, failed processing 0
2022-10-16 13:14:11,932 [ReplicationMonitor] INFO  replication.ReplicationManager (ReplicationManager.java:processAll(324)) - Replication Monitor Thread took 0 milliseconds for processing 3 containers.
2022-10-16 13:14:12,932 [ReplicationMonitor] INFO  replication.ReplicationManager (ReplicationManager.java:processAll(324)) - Replication Monitor Thread took 0 milliseconds for processing 3 containers.
2022-10-16 13:14:13,933 [ReplicationMonitor] INFO  replication.ReplicationManager (ReplicationManager.java:processAll(324)) - Replication Monitor Thread took 1 milliseconds for processing 3 containers.
2022-10-16 13:14:14,933 [ReplicationMonitor] INFO  replication.ReplicationManager (ReplicationManager.java:processAll(324)) - Replication Monitor Thread took 0 milliseconds for processing 3 containers.
2022-10-16 13:14:15,411 [org.apache.ratis.util.JvmPauseMonitor$$Lambda$639/339294883@263377c5] WARN  util.JvmPauseMonitor (JvmPauseMonitor.java:detectPause(124)) - JvmPauseMonitor-d6bb9e09-7a5d-4d11-b65a-7cc5dc53b33d: Detected pause in JVM or host machine (eg GC): pause of approximately 135308616ns.
GC pool 'PS MarkSweep' had collection(s): count=1 time=141ms
GC pool 'PS Scavenge' had collection(s): count=3 time=28ms
2022-10-16 13:14:15,934 [ReplicationMonitor] INFO  replication.ReplicationManager (ReplicationManager.java:processAll(324)) - Replication Monitor Thread took 1 milliseconds for processing 3 containers.
2022-10-16 13:14:16,935 [ReplicationMonitor] INFO  replication.ReplicationManager (ReplicationManager.java:processAll(324)) - Replication Monitor Thread took 1 milliseconds for processing 3 containers.
2022-10-16 13:14:17,936 [ReplicationMonitor] INFO  replication.ReplicationManager (ReplicationManager.java:processAll(324)) - Replication Monitor Thread took 0 milliseconds for processing 3 containers.
2022-10-16 13:14:18,936 [ReplicationMonitor] INFO  replication.ReplicationManager (ReplicationManager.java:processAll(324)) - Replication Monitor Thread took 0 milliseconds for processing 3 containers.
2022-10-16 13:14:19,937 [ReplicationMonitor] INFO  replication.ReplicationManager (ReplicationManager.java:processAll(324)) - Replication Monitor Thread took 1 milliseconds for processing 3 containers.
2022-10-16 13:14:20,937 [ReplicationMonitor] INFO  replication.ReplicationManager (ReplicationManager.java:processAll(324)) - Replication Monitor Thread took 0 milliseconds for processing 3 containers.
2022-10-16 13:14:21,938 [ReplicationMonitor] INFO  replication.ReplicationManager (ReplicationManager.java:processAll(324)) - Replication Monitor Thread took 1 milliseconds for processing 3 containers.
2022-10-16 13:14:22,939 [ReplicationMonitor] INFO  replication.ReplicationManager (ReplicationManager.java:processAll(324)) - Replication Monitor Thread took 0 milliseconds for processing 3 containers.
2022-10-16 13:14:23,939 [ReplicationMonitor] INFO  replication.ReplicationManager (ReplicationManager.java:processAll(324)) - Replication Monitor Thread took 0 milliseconds for processing 3 containers.
2022-10-16 13:14:24,940 [ReplicationMonitor] INFO  replication.ReplicationManager (ReplicationManager.java:processAll(324)) - Replication Monitor Thread took 1 milliseconds for processing 3 containers.
2022-10-16 13:14:25,940 [ReplicationMonitor] INFO  replication.ReplicationManager (ReplicationManager.java:processAll(324)) - Replication Monitor Thread took 0 milliseconds for processing 3 containers.
2022-10-16 13:14:26,941 [ReplicationMonitor] INFO  replication.ReplicationManager (ReplicationManager.java:processAll(324)) - Replication Monitor Thread took 1 milliseconds for processing 3 containers.
2022-10-16 13:14:27,942 [ReplicationMonitor] INFO  replication.ReplicationManager (ReplicationManager.java:processAll(324)) - Replication Monitor Thread took 0 milliseconds for processing 3 containers.
2022-10-16 13:14:28,942 [ReplicationMonitor] INFO  replication.ReplicationManager (ReplicationManager.java:processAll(324)) - Replication Monitor Thread took 0 milliseconds for processing 3 containers.
2022-10-16 13:14:29,943 [ReplicationMonitor] INFO  replication.ReplicationManager (ReplicationManager.java:processAll(324)) - Replication Monitor Thread took 1 milliseconds for processing 3 containers.
2022-10-16 13:14:30,953 [ReplicationMonitor] INFO  replication.ReplicationManager (ReplicationManager.java:processAll(324)) - Replication Monitor Thread took 1 milliseconds for processing 3 containers.
2022-10-16 13:14:31,676 [IPC Server handler 11 on default port 36391] INFO  pipeline.PipelineStateManagerImpl (PipelineStateManagerImpl.java:addPipeline(103)) - Created pipeline Pipeline[ Id: 7446e2fd-c933-4fa1-98f7-d1c6cb956b50, Nodes: d6bb9e09-7a5d-4d11-b65a-7cc5dc53b33d{ip: 10.1.0.60, host: fv-az308-250.etcbaq1qs54eplwmrjlabigyle.cx.internal.cloudapp.net, ports: [REPLICATION=33315, RATIS=35493, RATIS_ADMIN=35493, RATIS_SERVER=35493, STANDALONE=43787], networkLocation: /default-rack, certSerialId: null, persistedOpState: null, persistedOpStateExpiryEpochSec: 0}15f04113-e53c-48b5-ac4f-c6d0b16f8f23{ip: 10.1.0.60, host: fv-az308-250.etcbaq1qs54eplwmrjlabigyle.cx.internal.cloudapp.net, ports: [REPLICATION=43039, RATIS=33623, RATIS_ADMIN=33623, RATIS_SERVER=33623, STANDALONE=44287], networkLocation: /default-rack, certSerialId: null, persistedOpState: null, persistedOpStateExpiryEpochSec: 0}56a38eed-0cc2-4715-835e-d068c92ebf74{ip: 10.1.0.60, host: fv-az308-250.etcbaq1qs54eplwmrjlabigyle.cx.internal.cloudapp.net, ports: [REPLICATION=33567, RATIS=40671, RATIS_ADMIN=40671, RATIS_SERVER=40671, STANDALONE=37693], networkLocation: /default-rack, certSerialId: null, persistedOpState: null, persistedOpStateExpiryEpochSec: 0}19c5685d-7faf-4816-a074-b6158b4e61e2{ip: 10.1.0.60, host: fv-az308-250.etcbaq1qs54eplwmrjlabigyle.cx.internal.cloudapp.net, ports: [REPLICATION=37885, RATIS=41227, RATIS_ADMIN=41227, RATIS_SERVER=41227, STANDALONE=41075], networkLocation: /default-rack, certSerialId: null, persistedOpState: null, persistedOpStateExpiryEpochSec: 0}38a9bf41-2224-4aa1-adc3-26a20af34a93{ip: 10.1.0.60, host: fv-az308-250.etcbaq1qs54eplwmrjlabigyle.cx.internal.cloudapp.net, ports: [REPLICATION=37823, RATIS=37671, RATIS_ADMIN=37671, RATIS_SERVER=37671, STANDALONE=34011], networkLocation: /default-rack, certSerialId: null, persistedOpState: null, persistedOpStateExpiryEpochSec: 0}, ReplicationConfig: EC/ECReplicationConfig{data=3, parity=2, ecChunkSize=1048576, codec=rs}, State:ALLOCATED, leaderId:, CreationTimestamp2022-10-16T13:14:31.675Z[Etc/UTC]].
2022-10-16 13:14:31,677 [IPC Server handler 11 on default port 36391] INFO  pipeline.PipelineManagerImpl (PipelineManagerImpl.java:openPipeline(367)) - Pipeline Pipeline[ Id: 7446e2fd-c933-4fa1-98f7-d1c6cb956b50, Nodes: d6bb9e09-7a5d-4d11-b65a-7cc5dc53b33d{ip: 10.1.0.60, host: fv-az308-250.etcbaq1qs54eplwmrjlabigyle.cx.internal.cloudapp.net, ports: [REPLICATION=33315, RATIS=35493, RATIS_ADMIN=35493, RATIS_SERVER=35493, STANDALONE=43787], networkLocation: /default-rack, certSerialId: null, persistedOpState: null, persistedOpStateExpiryEpochSec: 0}15f04113-e53c-48b5-ac4f-c6d0b16f8f23{ip: 10.1.0.60, host: fv-az308-250.etcbaq1qs54eplwmrjlabigyle.cx.internal.cloudapp.net, ports: [REPLICATION=43039, RATIS=33623, RATIS_ADMIN=33623, RATIS_SERVER=33623, STANDALONE=44287], networkLocation: /default-rack, certSerialId: null, persistedOpState: null, persistedOpStateExpiryEpochSec: 0}56a38eed-0cc2-4715-835e-d068c92ebf74{ip: 10.1.0.60, host: fv-az308-250.etcbaq1qs54eplwmrjlabigyle.cx.internal.cloudapp.net, ports: [REPLICATION=33567, RATIS=40671, RATIS_ADMIN=40671, RATIS_SERVER=40671, STANDALONE=37693], networkLocation: /default-rack, certSerialId: null, persistedOpState: null, persistedOpStateExpiryEpochSec: 0}19c5685d-7faf-4816-a074-b6158b4e61e2{ip: 10.1.0.60, host: fv-az308-250.etcbaq1qs54eplwmrjlabigyle.cx.internal.cloudapp.net, ports: [REPLICATION=37885, RATIS=41227, RATIS_ADMIN=41227, RATIS_SERVER=41227, STANDALONE=41075], networkLocation: /default-rack, certSerialId: null, persistedOpState: null, persistedOpStateExpiryEpochSec: 0}38a9bf41-2224-4aa1-adc3-26a20af34a93{ip: 10.1.0.60, host: fv-az308-250.etcbaq1qs54eplwmrjlabigyle.cx.internal.cloudapp.net, ports: [REPLICATION=37823, RATIS=37671, RATIS_ADMIN=37671, RATIS_SERVER=37671, STANDALONE=34011], networkLocation: /default-rack, certSerialId: null, persistedOpState: null, persistedOpStateExpiryEpochSec: 0}, ReplicationConfig: EC/ECReplicationConfig{data=3, parity=2, ecChunkSize=1048576, codec=rs}, State:ALLOCATED, leaderId:, CreationTimestamp2022-10-16T13:14:31.675Z[Etc/UTC]] moved to OPEN state
2022-10-16 13:14:31,714 [Listener at 127.0.0.1/36155] WARN  erasurecode.ErasureCodeNative (ErasureCodeNative.java:<clinit>(55)) - ISA-L support is not available in your platform... using builtin-java codec where applicable
2022-10-16 13:14:31,956 [ReplicationMonitor] INFO  replication.ReplicationManager (ReplicationManager.java:processAll(324)) - Replication Monitor Thread took 2 milliseconds for processing 4 containers.
2022-10-16 13:14:32,523 [IPC Server handler 0 on default port 36391] INFO  pipeline.PipelineStateManagerImpl (PipelineStateManagerImpl.java:addPipeline(103)) - Created pipeline Pipeline[ Id: 440ec147-ee29-450d-a3ab-134bc341bcd8, Nodes: 15f04113-e53c-48b5-ac4f-c6d0b16f8f23{ip: 10.1.0.60, host: fv-az308-250.etcbaq1qs54eplwmrjlabigyle.cx.internal.cloudapp.net, ports: [REPLICATION=43039, RATIS=33623, RATIS_ADMIN=33623, RATIS_SERVER=33623, STANDALONE=44287], networkLocation: /default-rack, certSerialId: null, persistedOpState: null, persistedOpStateExpiryEpochSec: 0}38a9bf41-2224-4aa1-adc3-26a20af34a93{ip: 10.1.0.60, host: fv-az308-250.etcbaq1qs54eplwmrjlabigyle.cx.internal.cloudapp.net, ports: [REPLICATION=37823, RATIS=37671, RATIS_ADMIN=37671, RATIS_SERVER=37671, STANDALONE=34011], networkLocation: /default-rack, certSerialId: null, persistedOpState: null, persistedOpStateExpiryEpochSec: 0}19c5685d-7faf-4816-a074-b6158b4e61e2{ip: 10.1.0.60, host: fv-az308-250.etcbaq1qs54eplwmrjlabigyle.cx.internal.cloudapp.net, ports: [REPLICATION=37885, RATIS=41227, RATIS_ADMIN=41227, RATIS_SERVER=41227, STANDALONE=41075], networkLocation: /default-rack, certSerialId: null, persistedOpState: null, persistedOpStateExpiryEpochSec: 0}d6bb9e09-7a5d-4d11-b65a-7cc5dc53b33d{ip: 10.1.0.60, host: fv-az308-250.etcbaq1qs54eplwmrjlabigyle.cx.internal.cloudapp.net, ports: [REPLICATION=33315, RATIS=35493, RATIS_ADMIN=35493, RATIS_SERVER=35493, STANDALONE=43787], networkLocation: /default-rack, certSerialId: null, persistedOpState: null, persistedOpStateExpiryEpochSec: 0}56a38eed-0cc2-4715-835e-d068c92ebf74{ip: 10.1.0.60, host: fv-az308-250.etcbaq1qs54eplwmrjlabigyle.cx.internal.cloudapp.net, ports: [REPLICATION=33567, RATIS=40671, RATIS_ADMIN=40671, RATIS_SERVER=40671, STANDALONE=37693], networkLocation: /default-rack, certSerialId: null, persistedOpState: null, persistedOpStateExpiryEpochSec: 0}, ReplicationConfig: EC/ECReplicationConfig{data=3, parity=2, ecChunkSize=1048576, codec=rs}, State:ALLOCATED, leaderId:, CreationTimestamp2022-10-16T13:14:32.522Z[Etc/UTC]].
2022-10-16 13:14:32,524 [IPC Server handler 0 on default port 36391] INFO  pipeline.PipelineManagerImpl (PipelineManagerImpl.java:openPipeline(367)) - Pipeline Pipeline[ Id: 440ec147-ee29-450d-a3ab-134bc341bcd8, Nodes: 15f04113-e53c-48b5-ac4f-c6d0b16f8f23{ip: 10.1.0.60, host: fv-az308-250.etcbaq1qs54eplwmrjlabigyle.cx.internal.cloudapp.net, ports: [REPLICATION=43039, RATIS=33623, RATIS_ADMIN=33623, RATIS_SERVER=33623, STANDALONE=44287], networkLocation: /default-rack, certSerialId: null, persistedOpState: null, persistedOpStateExpiryEpochSec: 0}38a9bf41-2224-4aa1-adc3-26a20af34a93{ip: 10.1.0.60, host: fv-az308-250.etcbaq1qs54eplwmrjlabigyle.cx.internal.cloudapp.net, ports: [REPLICATION=37823, RATIS=37671, RATIS_ADMIN=37671, RATIS_SERVER=37671, STANDALONE=34011], networkLocation: /default-rack, certSerialId: null, persistedOpState: null, persistedOpStateExpiryEpochSec: 0}19c5685d-7faf-4816-a074-b6158b4e61e2{ip: 10.1.0.60, host: fv-az308-250.etcbaq1qs54eplwmrjlabigyle.cx.internal.cloudapp.net, ports: [REPLICATION=37885, RATIS=41227, RATIS_ADMIN=41227, RATIS_SERVER=41227, STANDALONE=41075], networkLocation: /default-rack, certSerialId: null, persistedOpState: null, persistedOpStateExpiryEpochSec: 0}d6bb9e09-7a5d-4d11-b65a-7cc5dc53b33d{ip: 10.1.0.60, host: fv-az308-250.etcbaq1qs54eplwmrjlabigyle.cx.internal.cloudapp.net, ports: [REPLICATION=33315, RATIS=35493, RATIS_ADMIN=35493, RATIS_SERVER=35493, STANDALONE=43787], networkLocation: /default-rack, certSerialId: null, persistedOpState: null, persistedOpStateExpiryEpochSec: 0}56a38eed-0cc2-4715-835e-d068c92ebf74{ip: 10.1.0.60, host: fv-az308-250.etcbaq1qs54eplwmrjlabigyle.cx.internal.cloudapp.net, ports: [REPLICATION=33567, RATIS=40671, RATIS_ADMIN=40671, RATIS_SERVER=40671, STANDALONE=37693], networkLocation: /default-rack, certSerialId: null, persistedOpState: null, persistedOpStateExpiryEpochSec: 0}, ReplicationConfig: EC/ECReplicationConfig{data=3, parity=2, ecChunkSize=1048576, codec=rs}, State:ALLOCATED, leaderId:, CreationTimestamp2022-10-16T13:14:32.522Z[Etc/UTC]] moved to OPEN state
2022-10-16 13:14:32,881 [IPC Server handler 18 on default port 36391] INFO  pipeline.PipelineStateManagerImpl (PipelineStateManagerImpl.java:addPipeline(103)) - Created pipeline Pipeline[ Id: 772bd27d-22e0-4842-9807-466baa98b65f, Nodes: 19c5685d-7faf-4816-a074-b6158b4e61e2{ip: 10.1.0.60, host: fv-az308-250.etcbaq1qs54eplwmrjlabigyle.cx.internal.cloudapp.net, ports: [REPLICATION=37885, RATIS=41227, RATIS_ADMIN=41227, RATIS_SERVER=41227, STANDALONE=41075], networkLocation: /default-rack, certSerialId: null, persistedOpState: null, persistedOpStateExpiryEpochSec: 0}38a9bf41-2224-4aa1-adc3-26a20af34a93{ip: 10.1.0.60, host: fv-az308-250.etcbaq1qs54eplwmrjlabigyle.cx.internal.cloudapp.net, ports: [REPLICATION=37823, RATIS=37671, RATIS_ADMIN=37671, RATIS_SERVER=37671, STANDALONE=34011], networkLocation: /default-rack, certSerialId: null, persistedOpState: null, persistedOpStateExpiryEpochSec: 0}d6bb9e09-7a5d-4d11-b65a-7cc5dc53b33d{ip: 10.1.0.60, host: fv-az308-250.etcbaq1qs54eplwmrjlabigyle.cx.internal.cloudapp.net, ports: [REPLICATION=33315, RATIS=35493, RATIS_ADMIN=35493, RATIS_SERVER=35493, STANDALONE=43787], networkLocation: /default-rack, certSerialId: null, persistedOpState: null, persistedOpStateExpiryEpochSec: 0}56a38eed-0cc2-4715-835e-d068c92ebf74{ip: 10.1.0.60, host: fv-az308-250.etcbaq1qs54eplwmrjlabigyle.cx.internal.cloudapp.net, ports: [REPLICATION=33567, RATIS=40671, RATIS_ADMIN=40671, RATIS_SERVER=40671, STANDALONE=37693], networkLocation: /default-rack, certSerialId: null, persistedOpState: null, persistedOpStateExpiryEpochSec: 0}15f04113-e53c-48b5-ac4f-c6d0b16f8f23{ip: 10.1.0.60, host: fv-az308-250.etcbaq1qs54eplwmrjlabigyle.cx.internal.cloudapp.net, ports: [REPLICATION=43039, RATIS=33623, RATIS_ADMIN=33623, RATIS_SERVER=33623, STANDALONE=44287], networkLocation: /default-rack, certSerialId: null, persistedOpState: null, persistedOpStateExpiryEpochSec: 0}, ReplicationConfig: EC/ECReplicationConfig{data=3, parity=2, ecChunkSize=1048576, codec=rs}, State:ALLOCATED, leaderId:, CreationTimestamp2022-10-16T13:14:32.880Z[Etc/UTC]].
2022-10-16 13:14:32,883 [IPC Server handler 18 on default port 36391] INFO  pipeline.PipelineManagerImpl (PipelineManagerImpl.java:openPipeline(367)) - Pipeline Pipeline[ Id: 772bd27d-22e0-4842-9807-466baa98b65f, Nodes: 19c5685d-7faf-4816-a074-b6158b4e61e2{ip: 10.1.0.60, host: fv-az308-250.etcbaq1qs54eplwmrjlabigyle.cx.internal.cloudapp.net, ports: [REPLICATION=37885, RATIS=41227, RATIS_ADMIN=41227, RATIS_SERVER=41227, STANDALONE=41075], networkLocation: /default-rack, certSerialId: null, persistedOpState: null, persistedOpStateExpiryEpochSec: 0}38a9bf41-2224-4aa1-adc3-26a20af34a93{ip: 10.1.0.60, host: fv-az308-250.etcbaq1qs54eplwmrjlabigyle.cx.internal.cloudapp.net, ports: [REPLICATION=37823, RATIS=37671, RATIS_ADMIN=37671, RATIS_SERVER=37671, STANDALONE=34011], networkLocation: /default-rack, certSerialId: null, persistedOpState: null, persistedOpStateExpiryEpochSec: 0}d6bb9e09-7a5d-4d11-b65a-7cc5dc53b33d{ip: 10.1.0.60, host: fv-az308-250.etcbaq1qs54eplwmrjlabigyle.cx.internal.cloudapp.net, ports: [REPLICATION=33315, RATIS=35493, RATIS_ADMIN=35493, RATIS_SERVER=35493, STANDALONE=43787], networkLocation: /default-rack, certSerialId: null, persistedOpState: null, persistedOpStateExpiryEpochSec: 0}56a38eed-0cc2-4715-835e-d068c92ebf74{ip: 10.1.0.60, host: fv-az308-250.etcbaq1qs54eplwmrjlabigyle.cx.internal.cloudapp.net, ports: [REPLICATION=33567, RATIS=40671, RATIS_ADMIN=40671, RATIS_SERVER=40671, STANDALONE=37693], networkLocation: /default-rack, certSerialId: null, persistedOpState: null, persistedOpStateExpiryEpochSec: 0}15f04113-e53c-48b5-ac4f-c6d0b16f8f23{ip: 10.1.0.60, host: fv-az308-250.etcbaq1qs54eplwmrjlabigyle.cx.internal.cloudapp.net, ports: [REPLICATION=43039, RATIS=33623, RATIS_ADMIN=33623, RATIS_SERVER=33623, STANDALONE=44287], networkLocation: /default-rack, certSerialId: null, persistedOpState: null, persistedOpStateExpiryEpochSec: 0}, ReplicationConfig: EC/ECReplicationConfig{data=3, parity=2, ecChunkSize=1048576, codec=rs}, State:ALLOCATED, leaderId:, CreationTimestamp2022-10-16T13:14:32.880Z[Etc/UTC]] moved to OPEN state
2022-10-16 13:14:32,958 [ReplicationMonitor] INFO  replication.ReplicationManager (ReplicationManager.java:processAll(324)) - Replication Monitor Thread took 1 milliseconds for processing 6 containers.
2022-10-16 13:14:33,274 [IPC Server handler 3 on default port 36391] INFO  pipeline.PipelineStateManagerImpl (PipelineStateManagerImpl.java:addPipeline(103)) - Created pipeline Pipeline[ Id: 45611cc1-d40b-47d0-9c66-33150e078bbc, Nodes: 19c5685d-7faf-4816-a074-b6158b4e61e2{ip: 10.1.0.60, host: fv-az308-250.etcbaq1qs54eplwmrjlabigyle.cx.internal.cloudapp.net, ports: [REPLICATION=37885, RATIS=41227, RATIS_ADMIN=41227, RATIS_SERVER=41227, STANDALONE=41075], networkLocation: /default-rack, certSerialId: null, persistedOpState: null, persistedOpStateExpiryEpochSec: 0}15f04113-e53c-48b5-ac4f-c6d0b16f8f23{ip: 10.1.0.60, host: fv-az308-250.etcbaq1qs54eplwmrjlabigyle.cx.internal.cloudapp.net, ports: [REPLICATION=43039, RATIS=33623, RATIS_ADMIN=33623, RATIS_SERVER=33623, STANDALONE=44287], networkLocation: /default-rack, certSerialId: null, persistedOpState: null, persistedOpStateExpiryEpochSec: 0}d6bb9e09-7a5d-4d11-b65a-7cc5dc53b33d{ip: 10.1.0.60, host: fv-az308-250.etcbaq1qs54eplwmrjlabigyle.cx.internal.cloudapp.net, ports: [REPLICATION=33315, RATIS=35493, RATIS_ADMIN=35493, RATIS_SERVER=35493, STANDALONE=43787], networkLocation: /default-rack, certSerialId: null, persistedOpState: null, persistedOpStateExpiryEpochSec: 0}38a9bf41-2224-4aa1-adc3-26a20af34a93{ip: 10.1.0.60, host: fv-az308-250.etcbaq1qs54eplwmrjlabigyle.cx.internal.cloudapp.net, ports: [REPLICATION=37823, RATIS=37671, RATIS_ADMIN=37671, RATIS_SERVER=37671, STANDALONE=34011], networkLocation: /default-rack, certSerialId: null, persistedOpState: null, persistedOpStateExpiryEpochSec: 0}56a38eed-0cc2-4715-835e-d068c92ebf74{ip: 10.1.0.60, host: fv-az308-250.etcbaq1qs54eplwmrjlabigyle.cx.internal.cloudapp.net, ports: [REPLICATION=33567, RATIS=40671, RATIS_ADMIN=40671, RATIS_SERVER=40671, STANDALONE=37693], networkLocation: /default-rack, certSerialId: null, persistedOpState: null, persistedOpStateExpiryEpochSec: 0}, ReplicationConfig: EC/ECReplicationConfig{data=3, parity=2, ecChunkSize=1048576, codec=rs}, State:ALLOCATED, leaderId:, CreationTimestamp2022-10-16T13:14:33.273Z[Etc/UTC]].
2022-10-16 13:14:33,275 [IPC Server handler 3 on default port 36391] INFO  pipeline.PipelineManagerImpl (PipelineManagerImpl.java:openPipeline(367)) - Pipeline Pipeline[ Id: 45611cc1-d40b-47d0-9c66-33150e078bbc, Nodes: 19c5685d-7faf-4816-a074-b6158b4e61e2{ip: 10.1.0.60, host: fv-az308-250.etcbaq1qs54eplwmrjlabigyle.cx.internal.cloudapp.net, ports: [REPLICATION=37885, RATIS=41227, RATIS_ADMIN=41227, RATIS_SERVER=41227, STANDALONE=41075], networkLocation: /default-rack, certSerialId: null, persistedOpState: null, persistedOpStateExpiryEpochSec: 0}15f04113-e53c-48b5-ac4f-c6d0b16f8f23{ip: 10.1.0.60, host: fv-az308-250.etcbaq1qs54eplwmrjlabigyle.cx.internal.cloudapp.net, ports: [REPLICATION=43039, RATIS=33623, RATIS_ADMIN=33623, RATIS_SERVER=33623, STANDALONE=44287], networkLocation: /default-rack, certSerialId: null, persistedOpState: null, persistedOpStateExpiryEpochSec: 0}d6bb9e09-7a5d-4d11-b65a-7cc5dc53b33d{ip: 10.1.0.60, host: fv-az308-250.etcbaq1qs54eplwmrjlabigyle.cx.internal.cloudapp.net, ports: [REPLICATION=33315, RATIS=35493, RATIS_ADMIN=35493, RATIS_SERVER=35493, STANDALONE=43787], networkLocation: /default-rack, certSerialId: null, persistedOpState: null, persistedOpStateExpiryEpochSec: 0}38a9bf41-2224-4aa1-adc3-26a20af34a93{ip: 10.1.0.60, host: fv-az308-250.etcbaq1qs54eplwmrjlabigyle.cx.internal.cloudapp.net, ports: [REPLICATION=37823, RATIS=37671, RATIS_ADMIN=37671, RATIS_SERVER=37671, STANDALONE=34011], networkLocation: /default-rack, certSerialId: null, persistedOpState: null, persistedOpStateExpiryEpochSec: 0}56a38eed-0cc2-4715-835e-d068c92ebf74{ip: 10.1.0.60, host: fv-az308-250.etcbaq1qs54eplwmrjlabigyle.cx.internal.cloudapp.net, ports: [REPLICATION=33567, RATIS=40671, RATIS_ADMIN=40671, RATIS_SERVER=40671, STANDALONE=37693], networkLocation: /default-rack, certSerialId: null, persistedOpState: null, persistedOpStateExpiryEpochSec: 0}, ReplicationConfig: EC/ECReplicationConfig{data=3, parity=2, ecChunkSize=1048576, codec=rs}, State:ALLOCATED, leaderId:, CreationTimestamp2022-10-16T13:14:33.273Z[Etc/UTC]] moved to OPEN state
2022-10-16 13:14:33,986 [ReplicationMonitor] INFO  replication.ReplicationManager (ReplicationManager.java:processAll(324)) - Replication Monitor Thread took 26 milliseconds for processing 7 containers.
2022-10-16 13:14:34,998 [ReplicationMonitor] INFO  replication.ReplicationManager (ReplicationManager.java:processAll(324)) - Replication Monitor Thread took 10 milliseconds for processing 7 containers.
2022-10-16 13:14:35,999 [ReplicationMonitor] INFO  replication.ReplicationManager (ReplicationManager.java:processAll(324)) - Replication Monitor Thread took 1 milliseconds for processing 7 containers.
2022-10-16 13:14:37,000 [ReplicationMonitor] INFO  replication.ReplicationManager (ReplicationManager.java:processAll(324)) - Replication Monitor Thread took 0 milliseconds for processing 7 containers.
2022-10-16 13:14:38,001 [ReplicationMonitor] INFO  replication.ReplicationManager (ReplicationManager.java:processAll(324)) - Replication Monitor Thread took 0 milliseconds for processing 7 containers.
2022-10-16 13:14:39,002 [ReplicationMonitor] INFO  replication.ReplicationManager (ReplicationManager.java:processAll(324)) - Replication Monitor Thread took 0 milliseconds for processing 7 containers.
2022-10-16 13:14:40,002 [ReplicationMonitor] INFO  replication.ReplicationManager (ReplicationManager.java:processAll(324)) - Replication Monitor Thread took 0 milliseconds for processing 7 containers.
2022-10-16 13:14:40,790 [Listener at 127.0.0.1/36155] INFO  ozone.MiniOzoneClusterImpl (MiniOzoneClusterImpl.java:shutdown(448)) - Shutting down the Mini Ozone Cluster
2022-10-16 13:14:40,792 [Listener at 127.0.0.1/36155] INFO  ozone.MiniOzoneClusterImpl (MiniOzoneClusterImpl.java:stop(463)) - Stopping the Mini Ozone Cluster
2022-10-16 13:14:40,792 [Listener at 127.0.0.1/36155] INFO  ozone.MiniOzoneClusterImpl (MiniOzoneClusterImpl.java:stopOM(545)) - Stopping the OzoneManager
2022-10-16 13:14:40,792 [Listener at 127.0.0.1/36155] INFO  om.OzoneManager (OzoneManager.java:stop(2034)) - om1[localhost:0]: Stopping Ozone Manager
2022-10-16 13:14:40,792 [Listener at 127.0.0.1/36155] INFO  ipc.Server (Server.java:stop(3428)) - Stopping server on 36155
2022-10-16 13:14:40,798 [IPC Server listener on 0] INFO  ipc.Server (Server.java:run(1384)) - Stopping IPC Server listener on 0
2022-10-16 13:14:40,799 [IPC Server Responder] INFO  ipc.Server (Server.java:run(1517)) - Stopping IPC Server Responder
2022-10-16 13:14:40,800 [Listener at 127.0.0.1/36155] INFO  server.RaftServer (RaftServerProxy.java:lambda$close$7(398)) - om1: close
2022-10-16 13:14:40,801 [Listener at 127.0.0.1/36155] INFO  server.RaftServer$Division (RaftServerImpl.java:lambda$close$4(434)) - om1@group-C5BA1605619E: shutdown
2022-10-16 13:14:40,801 [Listener at 127.0.0.1/36155] INFO  util.JmxRegister (JmxRegister.java:unregister(73)) - Successfully un-registered JMX Bean with object name Ratis:service=RaftServer,group=group-C5BA1605619E,id=om1
2022-10-16 13:14:40,801 [Listener at 127.0.0.1/36155] INFO  impl.RoleInfo (RoleInfo.java:shutdownLeaderState(93)) - om1: shutdown om1@group-C5BA1605619E-LeaderStateImpl
2022-10-16 13:14:40,802 [Listener at 127.0.0.1/36155] INFO  impl.PendingRequests (PendingRequests.java:sendNotLeaderResponses(282)) - om1@group-C5BA1605619E-PendingRequests: sendNotLeaderResponses
2022-10-16 13:14:40,805 [om1@group-C5BA1605619E-StateMachineUpdater] INFO  ratis.OzoneManagerStateMachine (OzoneManagerStateMachine.java:takeSnapshot(441)) - Current Snapshot Index (t:1, i:54)
2022-10-16 13:14:40,809 [Listener at 127.0.0.1/36155] INFO  impl.StateMachineUpdater (StateMachineUpdater.java:stopAndJoin(153)) - om1@group-C5BA1605619E-StateMachineUpdater: set stopIndex = 54
2022-10-16 13:14:40,809 [om1@group-C5BA1605619E-StateMachineUpdater] INFO  impl.StateMachineUpdater (StateMachineUpdater.java:takeSnapshot(287)) - om1@group-C5BA1605619E-StateMachineUpdater: Took a snapshot at index 54
2022-10-16 13:14:40,809 [om1@group-C5BA1605619E-StateMachineUpdater] INFO  impl.StateMachineUpdater (StateMachineUpdater.java:lambda$new$0(92)) - om1@group-C5BA1605619E-StateMachineUpdater: snapshotIndex: updateIncreasingly -1 -> 54
2022-10-16 13:14:40,809 [om1@group-C5BA1605619E-StateMachineUpdater] INFO  ratis.OzoneManagerStateMachine (OzoneManagerStateMachine.java:close(495)) - StateMachine has shutdown. Shutdown OzoneManager if not already shutdown.
2022-10-16 13:14:40,810 [om1@group-C5BA1605619E-StateMachineUpdater] INFO  ratis.OzoneManagerDoubleBuffer (OzoneManagerDoubleBuffer.java:stop(466)) - Stopping OMDoubleBuffer flush thread
2022-10-16 13:14:40,810 [OMDoubleBufferFlushThread] INFO  ratis.OzoneManagerDoubleBuffer (OzoneManagerDoubleBuffer.java:flushTransactions(385)) - OMDoubleBuffer flush thread OMDoubleBufferFlushThread is interrupted and will exit.
2022-10-16 13:14:40,812 [Listener at 127.0.0.1/36155] INFO  server.RaftServer$Division (ServerState.java:close(429)) - om1@group-C5BA1605619E: closes. applyIndex: 54
2022-10-16 13:14:40,812 [om1@group-C5BA1605619E-SegmentedRaftLogWorker] INFO  segmented.SegmentedRaftLogWorker (SegmentedRaftLogWorker.java:run(336)) - om1@group-C5BA1605619E-SegmentedRaftLogWorker was interrupted, exiting. There are 0 tasks remaining in the queue.
2022-10-16 13:14:40,815 [Listener at 127.0.0.1/36155] INFO  segmented.SegmentedRaftLogWorker (SegmentedRaftLogWorker.java:close(246)) - om1@group-C5BA1605619E-SegmentedRaftLogWorker close()
2022-10-16 13:14:40,816 [Listener at 127.0.0.1/36155] INFO  server.GrpcService (GrpcService.java:closeImpl(269)) - om1: shutdown server with port 9872 now
2022-10-16 13:14:40,823 [Listener at 127.0.0.1/36155] INFO  server.GrpcService (GrpcService.java:closeImpl(278)) - om1: shutdown server with port 9872 successfully
2022-10-16 13:14:40,823 [org.apache.ratis.util.JvmPauseMonitor$$Lambda$639/339294883@705869d] INFO  util.JvmPauseMonitor (JvmPauseMonitor.java:run(109)) - JvmPauseMonitor-om1: Stopped
2022-10-16 13:14:40,824 [Listener at 127.0.0.1/36155] INFO  ratis.OzoneManagerStateMachine (OzoneManagerStateMachine.java:close(495)) - StateMachine has shutdown. Shutdown OzoneManager if not already shutdown.
2022-10-16 13:14:40,824 [Listener at 127.0.0.1/36155] INFO  ratis.OzoneManagerDoubleBuffer (OzoneManagerDoubleBuffer.java:stop(478)) - OMDoubleBuffer flush thread is not running.
2022-10-16 13:14:40,824 [Listener at 127.0.0.1/36155] INFO  utils.BackgroundService (BackgroundService.java:shutdown(141)) - Shutting down service KeyDeletingService
2022-10-16 13:14:40,824 [Listener at 127.0.0.1/36155] INFO  utils.BackgroundService (BackgroundService.java:shutdown(141)) - Shutting down service DirectoryDeletingService
2022-10-16 13:14:40,824 [Listener at 127.0.0.1/36155] INFO  utils.BackgroundService (BackgroundService.java:shutdown(141)) - Shutting down service OpenKeyCleanupService
2022-10-16 13:14:40,825 [Listener at 127.0.0.1/36155] INFO  handler.ContextHandler (ContextHandler.java:doStop(1153)) - Stopped o.e.j.w.WebAppContext@388bd93a{ozoneManager,/,null,STOPPED}{file:/home/runner/work/ozone/ozone/hadoop-ozone/integration-test/target/test-classes/webapps/ozoneManager}
2022-10-16 13:14:40,829 [Listener at 127.0.0.1/36155] INFO  server.AbstractConnector (AbstractConnector.java:doStop(381)) - Stopped ServerConnector@6b7eaa1{HTTP/1.1, (http/1.1)}{0.0.0.0:0}
2022-10-16 13:14:40,829 [Listener at 127.0.0.1/36155] INFO  server.session (HouseKeeper.java:stopScavenging(149)) - node0 Stopped scavenging
2022-10-16 13:14:40,829 [Listener at 127.0.0.1/36155] INFO  handler.ContextHandler (ContextHandler.java:doStop(1153)) - Stopped o.e.j.s.ServletContextHandler@5a45f144{static,/static,file:///home/runner/work/ozone/ozone/hadoop-ozone/integration-test/target/test-classes/webapps/static,STOPPED}
2022-10-16 13:14:40,829 [Listener at 127.0.0.1/36155] INFO  handler.ContextHandler (ContextHandler.java:doStop(1153)) - Stopped o.e.j.s.ServletContextHandler@69916e22{logs,/logs,file:///home/runner/work/ozone/ozone/hadoop-ozone/integration-test/target/log,STOPPED}
2022-10-16 13:14:40,833 [Listener at 127.0.0.1/36155] INFO  ozone.MiniOzoneClusterImpl (MiniOzoneClusterImpl.java:stopDatanodes(522)) - Stopping the HddsDatanodes
2022-10-16 13:14:40,836 [Listener at 127.0.0.1/36155] INFO  ozoneimpl.OzoneContainer (OzoneContainer.java:stop(400)) - Attempting to stop container services.
2022-10-16 13:14:40,838 [ForkJoinPool.commonPool-worker-0] INFO  ozoneimpl.OzoneContainer (OzoneContainer.java:stop(400)) - Attempting to stop container services.
2022-10-16 13:14:40,839 [ForkJoinPool.commonPool-worker-0] INFO  server.RaftServer (RaftServerProxy.java:lambda$close$7(398)) - 19c5685d-7faf-4816-a074-b6158b4e61e2: close
2022-10-16 13:14:40,839 [ForkJoinPool.commonPool-worker-0] INFO  server.RaftServer$Division (RaftServerImpl.java:lambda$close$4(434)) - 19c5685d-7faf-4816-a074-b6158b4e61e2@group-D501797E6531: shutdown
2022-10-16 13:14:40,839 [ForkJoinPool.commonPool-worker-0] INFO  util.JmxRegister (JmxRegister.java:unregister(73)) - Successfully un-registered JMX Bean with object name Ratis:service=RaftServer,group=group-D501797E6531,id=19c5685d-7faf-4816-a074-b6158b4e61e2
2022-10-16 13:14:40,839 [Listener at 127.0.0.1/36155] INFO  server.RaftServer (RaftServerProxy.java:lambda$close$7(398)) - 15f04113-e53c-48b5-ac4f-c6d0b16f8f23: close
2022-10-16 13:14:40,839 [ForkJoinPool.commonPool-worker-0] INFO  impl.RoleInfo (RoleInfo.java:shutdownLeaderState(93)) - 19c5685d-7faf-4816-a074-b6158b4e61e2: shutdown 19c5685d-7faf-4816-a074-b6158b4e61e2@group-D501797E6531-LeaderStateImpl
2022-10-16 13:14:40,840 [Listener at 127.0.0.1/36155] INFO  server.RaftServer$Division (RaftServerImpl.java:lambda$close$4(434)) - 15f04113-e53c-48b5-ac4f-c6d0b16f8f23@group-0EE3829B0EF9: shutdown
2022-10-16 13:14:40,840 [ForkJoinPool.commonPool-worker-0] INFO  impl.PendingRequests (PendingRequests.java:sendNotLeaderResponses(282)) - 19c5685d-7faf-4816-a074-b6158b4e61e2@group-D501797E6531-PendingRequests: sendNotLeaderResponses
2022-10-16 13:14:40,840 [Listener at 127.0.0.1/36155] INFO  util.JmxRegister (JmxRegister.java:unregister(73)) - Successfully un-registered JMX Bean with object name Ratis:service=RaftServer,group=group-0EE3829B0EF9,id=15f04113-e53c-48b5-ac4f-c6d0b16f8f23
2022-10-16 13:14:40,841 [Listener at 127.0.0.1/36155] INFO  impl.RoleInfo (RoleInfo.java:shutdownFollowerState(110)) - 15f04113-e53c-48b5-ac4f-c6d0b16f8f23: shutdown 15f04113-e53c-48b5-ac4f-c6d0b16f8f23@group-0EE3829B0EF9-FollowerState
2022-10-16 13:14:40,841 [15f04113-e53c-48b5-ac4f-c6d0b16f8f23@group-0EE3829B0EF9-FollowerState] INFO  impl.FollowerState (FollowerState.java:run(152)) - 15f04113-e53c-48b5-ac4f-c6d0b16f8f23@group-0EE3829B0EF9-FollowerState was interrupted
2022-10-16 13:14:40,841 [ForkJoinPool.commonPool-worker-0] INFO  impl.StateMachineUpdater (StateMachineUpdater.java:stopAndJoin(153)) - 19c5685d-7faf-4816-a074-b6158b4e61e2@group-D501797E6531-StateMachineUpdater: set stopIndex = 0
2022-10-16 13:14:40,841 [19c5685d-7faf-4816-a074-b6158b4e61e2@group-D501797E6531-StateMachineUpdater] INFO  ratis.ContainerStateMachine (ContainerStateMachine.java:takeSnapshot(304)) - group-D501797E6531: Taking a snapshot at:(t:1, i:0) file /home/runner/work/ozone/ozone/hadoop-ozone/integration-test/target/test-dir/MiniOzoneClusterImpl-57f5d021-d9de-4630-9dce-fc102de9b2f6/datanode-1/data/ratis/5850687a-a38c-49db-b1b7-d501797e6531/sm/snapshot.1_0
2022-10-16 13:14:40,844 [Listener at 127.0.0.1/36155] INFO  impl.StateMachineUpdater (StateMachineUpdater.java:stopAndJoin(153)) - 15f04113-e53c-48b5-ac4f-c6d0b16f8f23@group-0EE3829B0EF9-StateMachineUpdater: set stopIndex = 254
2022-10-16 13:14:40,844 [15f04113-e53c-48b5-ac4f-c6d0b16f8f23@group-0EE3829B0EF9-StateMachineUpdater] INFO  ratis.ContainerStateMachine (ContainerStateMachine.java:takeSnapshot(304)) - group-0EE3829B0EF9: Taking a snapshot at:(t:1, i:254) file /home/runner/work/ozone/ozone/hadoop-ozone/integration-test/target/test-dir/MiniOzoneClusterImpl-57f5d021-d9de-4630-9dce-fc102de9b2f6/datanode-2/data/ratis/913966db-1625-4a54-8764-0ee3829b0ef9/sm/snapshot.1_254
2022-10-16 13:14:40,855 [19c5685d-7faf-4816-a074-b6158b4e61e2@group-D501797E6531-StateMachineUpdater] INFO  ratis.ContainerStateMachine (ContainerStateMachine.java:takeSnapshot(315)) - group-D501797E6531: Finished taking a snapshot at:(t:1, i:0) file:/home/runner/work/ozone/ozone/hadoop-ozone/integration-test/target/test-dir/MiniOzoneClusterImpl-57f5d021-d9de-4630-9dce-fc102de9b2f6/datanode-1/data/ratis/5850687a-a38c-49db-b1b7-d501797e6531/sm/snapshot.1_0 took: 14 ms
2022-10-16 13:14:40,857 [19c5685d-7faf-4816-a074-b6158b4e61e2@group-D501797E6531-StateMachineUpdater] INFO  impl.StateMachineUpdater (StateMachineUpdater.java:takeSnapshot(287)) - 19c5685d-7faf-4816-a074-b6158b4e61e2@group-D501797E6531-StateMachineUpdater: Took a snapshot at index 0
2022-10-16 13:14:40,857 [19c5685d-7faf-4816-a074-b6158b4e61e2@group-D501797E6531-StateMachineUpdater] INFO  impl.StateMachineUpdater (StateMachineUpdater.java:lambda$new$0(92)) - 19c5685d-7faf-4816-a074-b6158b4e61e2@group-D501797E6531-StateMachineUpdater: snapshotIndex: updateIncreasingly -1 -> 0
2022-10-16 13:14:40,859 [15f04113-e53c-48b5-ac4f-c6d0b16f8f23@group-0EE3829B0EF9-StateMachineUpdater] INFO  ratis.ContainerStateMachine (ContainerStateMachine.java:takeSnapshot(315)) - group-0EE3829B0EF9: Finished taking a snapshot at:(t:1, i:254) file:/home/runner/work/ozone/ozone/hadoop-ozone/integration-test/target/test-dir/MiniOzoneClusterImpl-57f5d021-d9de-4630-9dce-fc102de9b2f6/datanode-2/data/ratis/913966db-1625-4a54-8764-0ee3829b0ef9/sm/snapshot.1_254 took: 15 ms
2022-10-16 13:14:40,860 [15f04113-e53c-48b5-ac4f-c6d0b16f8f23@group-0EE3829B0EF9-StateMachineUpdater] INFO  impl.StateMachineUpdater (StateMachineUpdater.java:takeSnapshot(287)) - 15f04113-e53c-48b5-ac4f-c6d0b16f8f23@group-0EE3829B0EF9-StateMachineUpdater: Took a snapshot at index 254
2022-10-16 13:14:40,860 [15f04113-e53c-48b5-ac4f-c6d0b16f8f23@group-0EE3829B0EF9-StateMachineUpdater] INFO  impl.StateMachineUpdater (StateMachineUpdater.java:lambda$new$0(92)) - 15f04113-e53c-48b5-ac4f-c6d0b16f8f23@group-0EE3829B0EF9-StateMachineUpdater: snapshotIndex: updateIncreasingly -1 -> 254
2022-10-16 13:14:40,860 [ForkJoinPool.commonPool-worker-0] INFO  server.RaftServer$Division (ServerState.java:close(429)) - 19c5685d-7faf-4816-a074-b6158b4e61e2@group-D501797E6531: closes. applyIndex: 0
2022-10-16 13:14:40,861 [19c5685d-7faf-4816-a074-b6158b4e61e2@group-D501797E6531-SegmentedRaftLogWorker] INFO  segmented.SegmentedRaftLogWorker (SegmentedRaftLogWorker.java:run(336)) - 19c5685d-7faf-4816-a074-b6158b4e61e2@group-D501797E6531-SegmentedRaftLogWorker was interrupted, exiting. There are 0 tasks remaining in the queue.
2022-10-16 13:14:40,861 [ForkJoinPool.commonPool-worker-0] INFO  segmented.SegmentedRaftLogWorker (SegmentedRaftLogWorker.java:close(246)) - 19c5685d-7faf-4816-a074-b6158b4e61e2@group-D501797E6531-SegmentedRaftLogWorker close()
2022-10-16 13:14:40,861 [Listener at 127.0.0.1/36155] INFO  server.RaftServer$Division (ServerState.java:close(429)) - 15f04113-e53c-48b5-ac4f-c6d0b16f8f23@group-0EE3829B0EF9: closes. applyIndex: 254
2022-10-16 13:14:40,862 [15f04113-e53c-48b5-ac4f-c6d0b16f8f23@group-0EE3829B0EF9-SegmentedRaftLogWorker] INFO  segmented.SegmentedRaftLogWorker (SegmentedRaftLogWorker.java:run(336)) - 15f04113-e53c-48b5-ac4f-c6d0b16f8f23@group-0EE3829B0EF9-SegmentedRaftLogWorker was interrupted, exiting. There are 0 tasks remaining in the queue.
2022-10-16 13:14:40,863 [Listener at 127.0.0.1/36155] INFO  segmented.SegmentedRaftLogWorker (SegmentedRaftLogWorker.java:close(246)) - 15f04113-e53c-48b5-ac4f-c6d0b16f8f23@group-0EE3829B0EF9-SegmentedRaftLogWorker close()
2022-10-16 13:14:40,862 [ForkJoinPool.commonPool-worker-0] INFO  server.RaftServer$Division (RaftServerImpl.java:lambda$close$4(434)) - 19c5685d-7faf-4816-a074-b6158b4e61e2@group-0EE3829B0EF9: shutdown
2022-10-16 13:14:40,863 [ForkJoinPool.commonPool-worker-0] INFO  util.JmxRegister (JmxRegister.java:unregister(73)) - Successfully un-registered JMX Bean with object name Ratis:service=RaftServer,group=group-0EE3829B0EF9,id=19c5685d-7faf-4816-a074-b6158b4e61e2
2022-10-16 13:14:40,863 [ForkJoinPool.commonPool-worker-0] INFO  impl.RoleInfo (RoleInfo.java:shutdownFollowerState(110)) - 19c5685d-7faf-4816-a074-b6158b4e61e2: shutdown 19c5685d-7faf-4816-a074-b6158b4e61e2@group-0EE3829B0EF9-FollowerState
2022-10-16 13:14:40,863 [ForkJoinPool.commonPool-worker-0] INFO  impl.StateMachineUpdater (StateMachineUpdater.java:stopAndJoin(153)) - 19c5685d-7faf-4816-a074-b6158b4e61e2@group-0EE3829B0EF9-StateMachineUpdater: set stopIndex = 254
2022-10-16 13:14:40,864 [19c5685d-7faf-4816-a074-b6158b4e61e2@group-0EE3829B0EF9-FollowerState] INFO  impl.FollowerState (FollowerState.java:run(152)) - 19c5685d-7faf-4816-a074-b6158b4e61e2@group-0EE3829B0EF9-FollowerState was interrupted
2022-10-16 13:14:40,864 [19c5685d-7faf-4816-a074-b6158b4e61e2@group-0EE3829B0EF9-StateMachineUpdater] INFO  ratis.ContainerStateMachine (ContainerStateMachine.java:takeSnapshot(304)) - group-0EE3829B0EF9: Taking a snapshot at:(t:1, i:254) file /home/runner/work/ozone/ozone/hadoop-ozone/integration-test/target/test-dir/MiniOzoneClusterImpl-57f5d021-d9de-4630-9dce-fc102de9b2f6/datanode-1/data/ratis/913966db-1625-4a54-8764-0ee3829b0ef9/sm/snapshot.1_254
2022-10-16 13:14:40,870 [19c5685d-7faf-4816-a074-b6158b4e61e2@group-0EE3829B0EF9-StateMachineUpdater] INFO  ratis.ContainerStateMachine (ContainerStateMachine.java:takeSnapshot(315)) - group-0EE3829B0EF9: Finished taking a snapshot at:(t:1, i:254) file:/home/runner/work/ozone/ozone/hadoop-ozone/integration-test/target/test-dir/MiniOzoneClusterImpl-57f5d021-d9de-4630-9dce-fc102de9b2f6/datanode-1/data/ratis/913966db-1625-4a54-8764-0ee3829b0ef9/sm/snapshot.1_254 took: 5 ms
2022-10-16 13:14:40,870 [19c5685d-7faf-4816-a074-b6158b4e61e2@group-0EE3829B0EF9-StateMachineUpdater] INFO  impl.StateMachineUpdater (StateMachineUpdater.java:takeSnapshot(287)) - 19c5685d-7faf-4816-a074-b6158b4e61e2@group-0EE3829B0EF9-StateMachineUpdater: Took a snapshot at index 254
2022-10-16 13:14:40,870 [19c5685d-7faf-4816-a074-b6158b4e61e2@group-0EE3829B0EF9-StateMachineUpdater] INFO  impl.StateMachineUpdater (StateMachineUpdater.java:lambda$new$0(92)) - 19c5685d-7faf-4816-a074-b6158b4e61e2@group-0EE3829B0EF9-StateMachineUpdater: snapshotIndex: updateIncreasingly -1 -> 254
2022-10-16 13:14:40,872 [Listener at 127.0.0.1/36155] INFO  server.RaftServer$Division (RaftServerImpl.java:lambda$close$4(434)) - 15f04113-e53c-48b5-ac4f-c6d0b16f8f23@group-BBC814AB74AA: shutdown
2022-10-16 13:14:40,872 [Listener at 127.0.0.1/36155] INFO  util.JmxRegister (JmxRegister.java:unregister(73)) - Successfully un-registered JMX Bean with object name Ratis:service=RaftServer,group=group-BBC814AB74AA,id=15f04113-e53c-48b5-ac4f-c6d0b16f8f23
2022-10-16 13:14:40,872 [Listener at 127.0.0.1/36155] INFO  impl.RoleInfo (RoleInfo.java:shutdownLeaderState(93)) - 15f04113-e53c-48b5-ac4f-c6d0b16f8f23: shutdown 15f04113-e53c-48b5-ac4f-c6d0b16f8f23@group-BBC814AB74AA-LeaderStateImpl
2022-10-16 13:14:40,872 [Listener at 127.0.0.1/36155] INFO  impl.PendingRequests (PendingRequests.java:sendNotLeaderResponses(282)) - 15f04113-e53c-48b5-ac4f-c6d0b16f8f23@group-BBC814AB74AA-PendingRequests: sendNotLeaderResponses
2022-10-16 13:14:40,873 [Listener at 127.0.0.1/36155] INFO  impl.StateMachineUpdater (StateMachineUpdater.java:stopAndJoin(153)) - 15f04113-e53c-48b5-ac4f-c6d0b16f8f23@group-BBC814AB74AA-StateMachineUpdater: set stopIndex = 0
2022-10-16 13:14:40,873 [15f04113-e53c-48b5-ac4f-c6d0b16f8f23@group-BBC814AB74AA-StateMachineUpdater] INFO  ratis.ContainerStateMachine (ContainerStateMachine.java:takeSnapshot(304)) - group-BBC814AB74AA: Taking a snapshot at:(t:1, i:0) file /home/runner/work/ozone/ozone/hadoop-ozone/integration-test/target/test-dir/MiniOzoneClusterImpl-57f5d021-d9de-4630-9dce-fc102de9b2f6/datanode-2/data/ratis/568b7d33-1fb5-4bd3-b88d-bbc814ab74aa/sm/snapshot.1_0
2022-10-16 13:14:40,873 [ForkJoinPool.commonPool-worker-0] INFO  server.RaftServer$Division (ServerState.java:close(429)) - 19c5685d-7faf-4816-a074-b6158b4e61e2@group-0EE3829B0EF9: closes. applyIndex: 254
2022-10-16 13:14:40,874 [15f04113-e53c-48b5-ac4f-c6d0b16f8f23@group-BBC814AB74AA-StateMachineUpdater] INFO  ratis.ContainerStateMachine (ContainerStateMachine.java:takeSnapshot(315)) - group-BBC814AB74AA: Finished taking a snapshot at:(t:1, i:0) file:/home/runner/work/ozone/ozone/hadoop-ozone/integration-test/target/test-dir/MiniOzoneClusterImpl-57f5d021-d9de-4630-9dce-fc102de9b2f6/datanode-2/data/ratis/568b7d33-1fb5-4bd3-b88d-bbc814ab74aa/sm/snapshot.1_0 took: 1 ms
2022-10-16 13:14:40,874 [15f04113-e53c-48b5-ac4f-c6d0b16f8f23@group-BBC814AB74AA-StateMachineUpdater] INFO  impl.StateMachineUpdater (StateMachineUpdater.java:takeSnapshot(287)) - 15f04113-e53c-48b5-ac4f-c6d0b16f8f23@group-BBC814AB74AA-StateMachineUpdater: Took a snapshot at index 0
2022-10-16 13:14:40,874 [15f04113-e53c-48b5-ac4f-c6d0b16f8f23@group-BBC814AB74AA-StateMachineUpdater] INFO  impl.StateMachineUpdater (StateMachineUpdater.java:lambda$new$0(92)) - 15f04113-e53c-48b5-ac4f-c6d0b16f8f23@group-BBC814AB74AA-StateMachineUpdater: snapshotIndex: updateIncreasingly -1 -> 0
2022-10-16 13:14:40,874 [Listener at 127.0.0.1/36155] INFO  server.RaftServer$Division (ServerState.java:close(429)) - 15f04113-e53c-48b5-ac4f-c6d0b16f8f23@group-BBC814AB74AA: closes. applyIndex: 0
2022-10-16 13:14:40,874 [19c5685d-7faf-4816-a074-b6158b4e61e2@group-0EE3829B0EF9-SegmentedRaftLogWorker] INFO  segmented.SegmentedRaftLogWorker (SegmentedRaftLogWorker.java:run(336)) - 19c5685d-7faf-4816-a074-b6158b4e61e2@group-0EE3829B0EF9-SegmentedRaftLogWorker was interrupted, exiting. There are 0 tasks remaining in the queue.
2022-10-16 13:14:40,875 [15f04113-e53c-48b5-ac4f-c6d0b16f8f23@group-BBC814AB74AA-SegmentedRaftLogWorker] INFO  segmented.SegmentedRaftLogWorker (SegmentedRaftLogWorker.java:run(336)) - 15f04113-e53c-48b5-ac4f-c6d0b16f8f23@group-BBC814AB74AA-SegmentedRaftLogWorker was interrupted, exiting. There are 0 tasks remaining in the queue.
2022-10-16 13:14:40,875 [ForkJoinPool.commonPool-worker-0] INFO  segmented.SegmentedRaftLogWorker (SegmentedRaftLogWorker.java:close(246)) - 19c5685d-7faf-4816-a074-b6158b4e61e2@group-0EE3829B0EF9-SegmentedRaftLogWorker close()
2022-10-16 13:14:40,876 [ForkJoinPool.commonPool-worker-0] INFO  server.GrpcService (GrpcService.java:closeImpl(269)) - 19c5685d-7faf-4816-a074-b6158b4e61e2: shutdown server with port 41227 now
2022-10-16 13:14:40,877 [Listener at 127.0.0.1/36155] INFO  segmented.SegmentedRaftLogWorker (SegmentedRaftLogWorker.java:close(246)) - 15f04113-e53c-48b5-ac4f-c6d0b16f8f23@group-BBC814AB74AA-SegmentedRaftLogWorker close()
2022-10-16 13:14:40,879 [Listener at 127.0.0.1/36155] INFO  server.GrpcService (GrpcService.java:closeImpl(269)) - 15f04113-e53c-48b5-ac4f-c6d0b16f8f23: shutdown server with port 33623 now
2022-10-16 13:14:40,885 [grpc-default-executor-0] WARN  server.GrpcServerProtocolService (LogUtils.java:warn(122)) - 19c5685d-7faf-4816-a074-b6158b4e61e2: installSnapshot onError, lastRequest: 56a38eed-0cc2-4715-835e-d068c92ebf74->19c5685d-7faf-4816-a074-b6158b4e61e2#1148-t1,previous=(t:1, i:253),leaderCommit=249,initializing? true,entries: size=1, first=(t:1, i:254), METADATAENTRY(c:249): org.apache.ratis.thirdparty.io.grpc.StatusRuntimeException: CANCELLED: client cancelled
2022-10-16 13:14:40,887 [grpc-default-executor-0] WARN  server.GrpcLogAppender (LogUtils.java:warn(122)) - 56a38eed-0cc2-4715-835e-d068c92ebf74@group-0EE3829B0EF9->19c5685d-7faf-4816-a074-b6158b4e61e2-AppendLogResponseHandler: Failed appendEntries: org.apache.ratis.thirdparty.io.grpc.StatusRuntimeException: CANCELLED: RST_STREAM closed stream. HTTP/2 error code: CANCEL
2022-10-16 13:14:40,891 [ForkJoinPool.commonPool-worker-0] INFO  server.GrpcService (GrpcService.java:closeImpl(278)) - 19c5685d-7faf-4816-a074-b6158b4e61e2: shutdown server with port 41227 successfully
2022-10-16 13:14:40,892 [org.apache.ratis.util.JvmPauseMonitor$$Lambda$639/339294883@7b02cdb4] INFO  util.JvmPauseMonitor (JvmPauseMonitor.java:run(109)) - JvmPauseMonitor-19c5685d-7faf-4816-a074-b6158b4e61e2: Stopped
2022-10-16 13:14:40,894 [grpc-default-executor-0] INFO  leader.FollowerInfo (FollowerInfoImpl.java:lambda$new$0(48)) - 56a38eed-0cc2-4715-835e-d068c92ebf74@group-0EE3829B0EF9->19c5685d-7faf-4816-a074-b6158b4e61e2: nextIndex: updateUnconditionally 255 -> 254
2022-10-16 13:14:40,896 [Listener at 127.0.0.1/36155] INFO  server.GrpcService (GrpcService.java:closeImpl(278)) - 15f04113-e53c-48b5-ac4f-c6d0b16f8f23: shutdown server with port 33623 successfully
2022-10-16 13:14:40,896 [org.apache.ratis.util.JvmPauseMonitor$$Lambda$639/339294883@1c36e88a] INFO  util.JvmPauseMonitor (JvmPauseMonitor.java:run(109)) - JvmPauseMonitor-15f04113-e53c-48b5-ac4f-c6d0b16f8f23: Stopped
2022-10-16 13:14:40,895 [grpc-default-executor-4] WARN  server.GrpcServerProtocolService (LogUtils.java:warn(122)) - 15f04113-e53c-48b5-ac4f-c6d0b16f8f23: installSnapshot onError, lastRequest: 56a38eed-0cc2-4715-835e-d068c92ebf74->15f04113-e53c-48b5-ac4f-c6d0b16f8f23#1171-t1,previous=(t:1, i:253),leaderCommit=249,initializing? true,entries: size=1, first=(t:1, i:254), METADATAENTRY(c:249): org.apache.ratis.thirdparty.io.grpc.StatusRuntimeException: CANCELLED: client cancelled
2022-10-16 13:14:40,900 [grpc-default-executor-4] WARN  server.GrpcLogAppender (LogUtils.java:warn(122)) - 56a38eed-0cc2-4715-835e-d068c92ebf74@group-0EE3829B0EF9->15f04113-e53c-48b5-ac4f-c6d0b16f8f23-AppendLogResponseHandler: Failed appendEntries: org.apache.ratis.thirdparty.io.grpc.StatusRuntimeException: CANCELLED: RST_STREAM closed stream. HTTP/2 error code: CANCEL
2022-10-16 13:14:40,902 [grpc-default-executor-4] INFO  leader.FollowerInfo (FollowerInfoImpl.java:lambda$new$0(48)) - 56a38eed-0cc2-4715-835e-d068c92ebf74@group-0EE3829B0EF9->15f04113-e53c-48b5-ac4f-c6d0b16f8f23: nextIndex: updateUnconditionally 255 -> 254
2022-10-16 13:14:40,913 [grpc-default-executor-4] WARN  server.GrpcLogAppender (LogUtils.java:warn(122)) - 56a38eed-0cc2-4715-835e-d068c92ebf74@group-0EE3829B0EF9->19c5685d-7faf-4816-a074-b6158b4e61e2-AppendLogResponseHandler: Failed appendEntries: org.apache.ratis.thirdparty.io.grpc.StatusRuntimeException: UNAVAILABLE: io exception
2022-10-16 13:14:40,914 [grpc-default-executor-4] INFO  leader.FollowerInfo (FollowerInfoImpl.java:lambda$new$0(48)) - 56a38eed-0cc2-4715-835e-d068c92ebf74@group-0EE3829B0EF9->19c5685d-7faf-4816-a074-b6158b4e61e2: nextIndex: updateUnconditionally 255 -> 254
2022-10-16 13:14:40,918 [grpc-default-executor-4] WARN  server.GrpcLogAppender (LogUtils.java:warn(122)) - 56a38eed-0cc2-4715-835e-d068c92ebf74@group-0EE3829B0EF9->15f04113-e53c-48b5-ac4f-c6d0b16f8f23-AppendLogResponseHandler: Failed appendEntries: org.apache.ratis.thirdparty.io.grpc.StatusRuntimeException: UNAVAILABLE: io exception
2022-10-16 13:14:40,918 [grpc-default-executor-4] INFO  leader.FollowerInfo (FollowerInfoImpl.java:lambda$new$0(48)) - 56a38eed-0cc2-4715-835e-d068c92ebf74@group-0EE3829B0EF9->15f04113-e53c-48b5-ac4f-c6d0b16f8f23: nextIndex: updateUnconditionally 255 -> 254
2022-10-16 13:14:41,003 [ReplicationMonitor] INFO  replication.ReplicationManager (ReplicationManager.java:processAll(324)) - Replication Monitor Thread took 1 milliseconds for processing 7 containers.
2022-10-16 13:14:41,645 [grpc-default-executor-0] WARN  server.GrpcLogAppender (LogUtils.java:warn(122)) - 56a38eed-0cc2-4715-835e-d068c92ebf74@group-0EE3829B0EF9->19c5685d-7faf-4816-a074-b6158b4e61e2-AppendLogResponseHandler: Failed appendEntries: org.apache.ratis.thirdparty.io.grpc.StatusRuntimeException: UNAVAILABLE: io exception
2022-10-16 13:14:41,645 [grpc-default-executor-4] WARN  server.GrpcLogAppender (LogUtils.java:warn(122)) - 56a38eed-0cc2-4715-835e-d068c92ebf74@group-0EE3829B0EF9->15f04113-e53c-48b5-ac4f-c6d0b16f8f23-AppendLogResponseHandler: Failed appendEntries: org.apache.ratis.thirdparty.io.grpc.StatusRuntimeException: UNAVAILABLE: io exception
2022-10-16 13:14:41,646 [grpc-default-executor-0] INFO  leader.FollowerInfo (FollowerInfoImpl.java:lambda$new$0(48)) - 56a38eed-0cc2-4715-835e-d068c92ebf74@group-0EE3829B0EF9->19c5685d-7faf-4816-a074-b6158b4e61e2: nextIndex: updateUnconditionally 255 -> 254
2022-10-16 13:14:41,646 [grpc-default-executor-4] INFO  leader.FollowerInfo (FollowerInfoImpl.java:lambda$new$0(48)) - 56a38eed-0cc2-4715-835e-d068c92ebf74@group-0EE3829B0EF9->15f04113-e53c-48b5-ac4f-c6d0b16f8f23: nextIndex: updateUnconditionally 254 -> 253
2022-10-16 13:14:41,647 [grpc-default-executor-0] WARN  server.GrpcLogAppender (LogUtils.java:warn(122)) - 56a38eed-0cc2-4715-835e-d068c92ebf74@group-0EE3829B0EF9->15f04113-e53c-48b5-ac4f-c6d0b16f8f23-AppendLogResponseHandler: Failed appendEntries: org.apache.ratis.thirdparty.io.grpc.StatusRuntimeException: UNAVAILABLE: io exception
2022-10-16 13:14:41,648 [grpc-default-executor-0] INFO  leader.FollowerInfo (FollowerInfoImpl.java:lambda$new$0(48)) - 56a38eed-0cc2-4715-835e-d068c92ebf74@group-0EE3829B0EF9->15f04113-e53c-48b5-ac4f-c6d0b16f8f23: nextIndex: updateUnconditionally 254 -> 253
2022-10-16 13:14:41,901 [Under Replicated Processor] INFO  replication.UnderReplicatedProcessor (UnderReplicatedProcessor.java:processAll(92)) - Processed 0 under replicated containers, failed processing 0
2022-10-16 13:14:41,910 [Over Replicated Processor] INFO  replication.OverReplicatedProcessor (OverReplicatedProcessor.java:processAll(90)) - Processed 0 over replicated containers, failed processing 0
2022-10-16 13:14:42,004 [ReplicationMonitor] INFO  replication.ReplicationManager (ReplicationManager.java:processAll(324)) - Replication Monitor Thread took 1 milliseconds for processing 7 containers.
2022-10-16 13:14:42,895 [grpc-default-executor-0] WARN  server.GrpcLogAppender (LogUtils.java:warn(122)) - 56a38eed-0cc2-4715-835e-d068c92ebf74@group-0EE3829B0EF9->19c5685d-7faf-4816-a074-b6158b4e61e2-AppendLogResponseHandler: Failed appendEntries: org.apache.ratis.thirdparty.io.grpc.StatusRuntimeException: UNAVAILABLE: io exception
2022-10-16 13:14:42,896 [grpc-default-executor-0] INFO  leader.FollowerInfo (FollowerInfoImpl.java:lambda$new$0(48)) - 56a38eed-0cc2-4715-835e-d068c92ebf74@group-0EE3829B0EF9->19c5685d-7faf-4816-a074-b6158b4e61e2: nextIndex: updateUnconditionally 255 -> 254
2022-10-16 13:14:42,897 [grpc-default-executor-0] WARN  server.GrpcLogAppender (LogUtils.java:warn(122)) - 56a38eed-0cc2-4715-835e-d068c92ebf74@group-0EE3829B0EF9->15f04113-e53c-48b5-ac4f-c6d0b16f8f23-AppendLogResponseHandler: Failed appendEntries: org.apache.ratis.thirdparty.io.grpc.StatusRuntimeException: UNAVAILABLE: io exception
2022-10-16 13:14:42,897 [grpc-default-executor-0] INFO  leader.FollowerInfo (FollowerInfoImpl.java:lambda$new$0(48)) - 56a38eed-0cc2-4715-835e-d068c92ebf74@group-0EE3829B0EF9->15f04113-e53c-48b5-ac4f-c6d0b16f8f23: nextIndex: updateUnconditionally 254 -> 253
2022-10-16 13:14:42,911 [EventQueue-StaleNodeForStaleNodeHandler] INFO  node.StaleNodeHandler (StaleNodeHandler.java:onMessage(59)) - Datanode 15f04113-e53c-48b5-ac4f-c6d0b16f8f23{ip: 10.1.0.60, host: fv-az308-250.etcbaq1qs54eplwmrjlabigyle.cx.internal.cloudapp.net, ports: [REPLICATION=43039, RATIS=33623, RATIS_ADMIN=33623, RATIS_SERVER=33623, STANDALONE=44287], networkLocation: /default-rack, certSerialId: null, persistedOpState: IN_SERVICE, persistedOpStateExpiryEpochSec: 0} moved to stale state. Finalizing its pipelines [PipelineID=45611cc1-d40b-47d0-9c66-33150e078bbc, PipelineID=440ec147-ee29-450d-a3ab-134bc341bcd8, PipelineID=913966db-1625-4a54-8764-0ee3829b0ef9, PipelineID=568b7d33-1fb5-4bd3-b88d-bbc814ab74aa, PipelineID=7446e2fd-c933-4fa1-98f7-d1c6cb956b50, PipelineID=772bd27d-22e0-4842-9807-466baa98b65f]
2022-10-16 13:14:42,915 [EventQueue-StaleNodeForStaleNodeHandler] INFO  pipeline.PipelineManagerImpl (PipelineManagerImpl.java:closeContainersForPipeline(421)) - Container #7 closed for pipeline=PipelineID=45611cc1-d40b-47d0-9c66-33150e078bbc
2022-10-16 13:14:42,915 [EventQueue-StaleNodeForStaleNodeHandler] INFO  pipeline.PipelineManagerImpl (PipelineManagerImpl.java:closePipeline(442)) - Pipeline Pipeline[ Id: 45611cc1-d40b-47d0-9c66-33150e078bbc, Nodes: 19c5685d-7faf-4816-a074-b6158b4e61e2{ip: 10.1.0.60, host: fv-az308-250.etcbaq1qs54eplwmrjlabigyle.cx.internal.cloudapp.net, ports: [REPLICATION=37885, RATIS=41227, RATIS_ADMIN=41227, RATIS_SERVER=41227, STANDALONE=41075], networkLocation: /default-rack, certSerialId: null, persistedOpState: null, persistedOpStateExpiryEpochSec: 0}15f04113-e53c-48b5-ac4f-c6d0b16f8f23{ip: 10.1.0.60, host: fv-az308-250.etcbaq1qs54eplwmrjlabigyle.cx.internal.cloudapp.net, ports: [REPLICATION=43039, RATIS=33623, RATIS_ADMIN=33623, RATIS_SERVER=33623, STANDALONE=44287], networkLocation: /default-rack, certSerialId: null, persistedOpState: null, persistedOpStateExpiryEpochSec: 0}d6bb9e09-7a5d-4d11-b65a-7cc5dc53b33d{ip: 10.1.0.60, host: fv-az308-250.etcbaq1qs54eplwmrjlabigyle.cx.internal.cloudapp.net, ports: [REPLICATION=33315, RATIS=35493, RATIS_ADMIN=35493, RATIS_SERVER=35493, STANDALONE=43787], networkLocation: /default-rack, certSerialId: null, persistedOpState: null, persistedOpStateExpiryEpochSec: 0}38a9bf41-2224-4aa1-adc3-26a20af34a93{ip: 10.1.0.60, host: fv-az308-250.etcbaq1qs54eplwmrjlabigyle.cx.internal.cloudapp.net, ports: [REPLICATION=37823, RATIS=37671, RATIS_ADMIN=37671, RATIS_SERVER=37671, STANDALONE=34011], networkLocation: /default-rack, certSerialId: null, persistedOpState: null, persistedOpStateExpiryEpochSec: 0}56a38eed-0cc2-4715-835e-d068c92ebf74{ip: 10.1.0.60, host: fv-az308-250.etcbaq1qs54eplwmrjlabigyle.cx.internal.cloudapp.net, ports: [REPLICATION=33567, RATIS=40671, RATIS_ADMIN=40671, RATIS_SERVER=40671, STANDALONE=37693], networkLocation: /default-rack, certSerialId: null, persistedOpState: null, persistedOpStateExpiryEpochSec: 0}, ReplicationConfig: EC/ECReplicationConfig{data=3, parity=2, ecChunkSize=1048576, codec=rs}, State:OPEN, leaderId:, CreationTimestamp2022-10-16T13:14:33.273Z[Etc/UTC]] moved to CLOSED state
2022-10-16 13:14:42,916 [EventQueue-StaleNodeForStaleNodeHandler] INFO  pipeline.PipelineManagerImpl (PipelineManagerImpl.java:closeContainersForPipeline(421)) - Container #5 closed for pipeline=PipelineID=440ec147-ee29-450d-a3ab-134bc341bcd8
2022-10-16 13:14:42,917 [EventQueue-StaleNodeForStaleNodeHandler] INFO  pipeline.PipelineManagerImpl (PipelineManagerImpl.java:closePipeline(442)) - Pipeline Pipeline[ Id: 440ec147-ee29-450d-a3ab-134bc341bcd8, Nodes: 15f04113-e53c-48b5-ac4f-c6d0b16f8f23{ip: 10.1.0.60, host: fv-az308-250.etcbaq1qs54eplwmrjlabigyle.cx.internal.cloudapp.net, ports: [REPLICATION=43039, RATIS=33623, RATIS_ADMIN=33623, RATIS_SERVER=33623, STANDALONE=44287], networkLocation: /default-rack, certSerialId: null, persistedOpState: null, persistedOpStateExpiryEpochSec: 0}38a9bf41-2224-4aa1-adc3-26a20af34a93{ip: 10.1.0.60, host: fv-az308-250.etcbaq1qs54eplwmrjlabigyle.cx.internal.cloudapp.net, ports: [REPLICATION=37823, RATIS=37671, RATIS_ADMIN=37671, RATIS_SERVER=37671, STANDALONE=34011], networkLocation: /default-rack, certSerialId: null, persistedOpState: null, persistedOpStateExpiryEpochSec: 0}19c5685d-7faf-4816-a074-b6158b4e61e2{ip: 10.1.0.60, host: fv-az308-250.etcbaq1qs54eplwmrjlabigyle.cx.internal.cloudapp.net, ports: [REPLICATION=37885, RATIS=41227, RATIS_ADMIN=41227, RATIS_SERVER=41227, STANDALONE=41075], networkLocation: /default-rack, certSerialId: null, persistedOpState: null, persistedOpStateExpiryEpochSec: 0}d6bb9e09-7a5d-4d11-b65a-7cc5dc53b33d{ip: 10.1.0.60, host: fv-az308-250.etcbaq1qs54eplwmrjlabigyle.cx.internal.cloudapp.net, ports: [REPLICATION=33315, RATIS=35493, RATIS_ADMIN=35493, RATIS_SERVER=35493, STANDALONE=43787], networkLocation: /default-rack, certSerialId: null, persistedOpState: null, persistedOpStateExpiryEpochSec: 0}56a38eed-0cc2-4715-835e-d068c92ebf74{ip: 10.1.0.60, host: fv-az308-250.etcbaq1qs54eplwmrjlabigyle.cx.internal.cloudapp.net, ports: [REPLICATION=33567, RATIS=40671, RATIS_ADMIN=40671, RATIS_SERVER=40671, STANDALONE=37693], networkLocation: /default-rack, certSerialId: null, persistedOpState: null, persistedOpStateExpiryEpochSec: 0}, ReplicationConfig: EC/ECReplicationConfig{data=3, parity=2, ecChunkSize=1048576, codec=rs}, State:OPEN, leaderId:, CreationTimestamp2022-10-16T13:14:32.522Z[Etc/UTC]] moved to CLOSED state
2022-10-16 13:14:42,917 [EventQueue-StaleNodeForStaleNodeHandler] INFO  pipeline.PipelineManagerImpl (PipelineManagerImpl.java:closeContainersForPipeline(421)) - Container #1 closed for pipeline=PipelineID=913966db-1625-4a54-8764-0ee3829b0ef9
2022-10-16 13:14:42,917 [EventQueue-StaleNodeForStaleNodeHandler] INFO  pipeline.PipelineManagerImpl (PipelineManagerImpl.java:closeContainersForPipeline(421)) - Container #2 closed for pipeline=PipelineID=913966db-1625-4a54-8764-0ee3829b0ef9
2022-10-16 13:14:42,917 [EventQueue-StaleNodeForStaleNodeHandler] INFO  pipeline.PipelineManagerImpl (PipelineManagerImpl.java:closeContainersForPipeline(421)) - Container #3 closed for pipeline=PipelineID=913966db-1625-4a54-8764-0ee3829b0ef9
2022-10-16 13:14:42,919 [EventQueue-StaleNodeForStaleNodeHandler] INFO  pipeline.PipelineManagerImpl (PipelineManagerImpl.java:closePipeline(442)) - Pipeline Pipeline[ Id: 913966db-1625-4a54-8764-0ee3829b0ef9, Nodes: 56a38eed-0cc2-4715-835e-d068c92ebf74{ip: 10.1.0.60, host: fv-az308-250.etcbaq1qs54eplwmrjlabigyle.cx.internal.cloudapp.net, ports: [REPLICATION=33567, RATIS=40671, RATIS_ADMIN=40671, RATIS_SERVER=40671, STANDALONE=37693], networkLocation: /default-rack, certSerialId: null, persistedOpState: IN_SERVICE, persistedOpStateExpiryEpochSec: 0}15f04113-e53c-48b5-ac4f-c6d0b16f8f23{ip: 10.1.0.60, host: fv-az308-250.etcbaq1qs54eplwmrjlabigyle.cx.internal.cloudapp.net, ports: [REPLICATION=43039, RATIS=33623, RATIS_ADMIN=33623, RATIS_SERVER=33623, STANDALONE=44287], networkLocation: /default-rack, certSerialId: null, persistedOpState: IN_SERVICE, persistedOpStateExpiryEpochSec: 0}19c5685d-7faf-4816-a074-b6158b4e61e2{ip: 10.1.0.60, host: fv-az308-250.etcbaq1qs54eplwmrjlabigyle.cx.internal.cloudapp.net, ports: [REPLICATION=37885, RATIS=41227, RATIS_ADMIN=41227, RATIS_SERVER=41227, STANDALONE=41075], networkLocation: /default-rack, certSerialId: null, persistedOpState: IN_SERVICE, persistedOpStateExpiryEpochSec: 0}, ReplicationConfig: RATIS/THREE, State:OPEN, leaderId:56a38eed-0cc2-4715-835e-d068c92ebf74, CreationTimestamp2022-10-16T13:13:51.392Z[Etc/UTC]] moved to CLOSED state
2022-10-16 13:14:42,920 [EventQueue-StaleNodeForStaleNodeHandler] INFO  pipeline.PipelineManagerImpl (PipelineManagerImpl.java:closePipeline(442)) - Pipeline Pipeline[ Id: 568b7d33-1fb5-4bd3-b88d-bbc814ab74aa, Nodes: 15f04113-e53c-48b5-ac4f-c6d0b16f8f23{ip: 10.1.0.60, host: fv-az308-250.etcbaq1qs54eplwmrjlabigyle.cx.internal.cloudapp.net, ports: [REPLICATION=43039, RATIS=33623, RATIS_ADMIN=33623, RATIS_SERVER=33623, STANDALONE=44287], networkLocation: /default-rack, certSerialId: null, persistedOpState: IN_SERVICE, persistedOpStateExpiryEpochSec: 0}, ReplicationConfig: RATIS/ONE, State:OPEN, leaderId:15f04113-e53c-48b5-ac4f-c6d0b16f8f23, CreationTimestamp2022-10-16T13:13:51.387Z[Etc/UTC]] moved to CLOSED state
2022-10-16 13:14:42,921 [EventQueue-StaleNodeForStaleNodeHandler] INFO  pipeline.PipelineManagerImpl (PipelineManagerImpl.java:closeContainersForPipeline(421)) - Container #4 closed for pipeline=PipelineID=7446e2fd-c933-4fa1-98f7-d1c6cb956b50
2022-10-16 13:14:42,921 [EventQueue-StaleNodeForStaleNodeHandler] INFO  pipeline.PipelineManagerImpl (PipelineManagerImpl.java:closePipeline(442)) - Pipeline Pipeline[ Id: 7446e2fd-c933-4fa1-98f7-d1c6cb956b50, Nodes: d6bb9e09-7a5d-4d11-b65a-7cc5dc53b33d{ip: 10.1.0.60, host: fv-az308-250.etcbaq1qs54eplwmrjlabigyle.cx.internal.cloudapp.net, ports: [REPLICATION=33315, RATIS=35493, RATIS_ADMIN=35493, RATIS_SERVER=35493, STANDALONE=43787], networkLocation: /default-rack, certSerialId: null, persistedOpState: null, persistedOpStateExpiryEpochSec: 0}15f04113-e53c-48b5-ac4f-c6d0b16f8f23{ip: 10.1.0.60, host: fv-az308-250.etcbaq1qs54eplwmrjlabigyle.cx.internal.cloudapp.net, ports: [REPLICATION=43039, RATIS=33623, RATIS_ADMIN=33623, RATIS_SERVER=33623, STANDALONE=44287], networkLocation: /default-rack, certSerialId: null, persistedOpState: null, persistedOpStateExpiryEpochSec: 0}56a38eed-0cc2-4715-835e-d068c92ebf74{ip: 10.1.0.60, host: fv-az308-250.etcbaq1qs54eplwmrjlabigyle.cx.internal.cloudapp.net, ports: [REPLICATION=33567, RATIS=40671, RATIS_ADMIN=40671, RATIS_SERVER=40671, STANDALONE=37693], networkLocation: /default-rack, certSerialId: null, persistedOpState: null, persistedOpStateExpiryEpochSec: 0}19c5685d-7faf-4816-a074-b6158b4e61e2{ip: 10.1.0.60, host: fv-az308-250.etcbaq1qs54eplwmrjlabigyle.cx.internal.cloudapp.net, ports: [REPLICATION=37885, RATIS=41227, RATIS_ADMIN=41227, RATIS_SERVER=41227, STANDALONE=41075], networkLocation: /default-rack, certSerialId: null, persistedOpState: null, persistedOpStateExpiryEpochSec: 0}38a9bf41-2224-4aa1-adc3-26a20af34a93{ip: 10.1.0.60, host: fv-az308-250.etcbaq1qs54eplwmrjlabigyle.cx.internal.cloudapp.net, ports: [REPLICATION=37823, RATIS=37671, RATIS_ADMIN=37671, RATIS_SERVER=37671, STANDALONE=34011], networkLocation: /default-rack, certSerialId: null, persistedOpState: null, persistedOpStateExpiryEpochSec: 0}, ReplicationConfig: EC/ECReplicationConfig{data=3, parity=2, ecChunkSize=1048576, codec=rs}, State:OPEN, leaderId:, CreationTimestamp2022-10-16T13:14:31.675Z[Etc/UTC]] moved to CLOSED state
2022-10-16 13:14:42,922 [EventQueue-StaleNodeForStaleNodeHandler] INFO  pipeline.PipelineManagerImpl (PipelineManagerImpl.java:closeContainersForPipeline(421)) - Container #6 closed for pipeline=PipelineID=772bd27d-22e0-4842-9807-466baa98b65f
2022-10-16 13:14:42,922 [EventQueue-StaleNodeForStaleNodeHandler] INFO  pipeline.PipelineManagerImpl (PipelineManagerImpl.java:closePipeline(442)) - Pipeline Pipeline[ Id: 772bd27d-22e0-4842-9807-466baa98b65f, Nodes: 19c5685d-7faf-4816-a074-b6158b4e61e2{ip: 10.1.0.60, host: fv-az308-250.etcbaq1qs54eplwmrjlabigyle.cx.internal.cloudapp.net, ports: [REPLICATION=37885, RATIS=41227, RATIS_ADMIN=41227, RATIS_SERVER=41227, STANDALONE=41075], networkLocation: /default-rack, certSerialId: null, persistedOpState: null, persistedOpStateExpiryEpochSec: 0}38a9bf41-2224-4aa1-adc3-26a20af34a93{ip: 10.1.0.60, host: fv-az308-250.etcbaq1qs54eplwmrjlabigyle.cx.internal.cloudapp.net, ports: [REPLICATION=37823, RATIS=37671, RATIS_ADMIN=37671, RATIS_SERVER=37671, STANDALONE=34011], networkLocation: /default-rack, certSerialId: null, persistedOpState: null, persistedOpStateExpiryEpochSec: 0}d6bb9e09-7a5d-4d11-b65a-7cc5dc53b33d{ip: 10.1.0.60, host: fv-az308-250.etcbaq1qs54eplwmrjlabigyle.cx.internal.cloudapp.net, ports: [REPLICATION=33315, RATIS=35493, RATIS_ADMIN=35493, RATIS_SERVER=35493, STANDALONE=43787], networkLocation: /default-rack, certSerialId: null, persistedOpState: null, persistedOpStateExpiryEpochSec: 0}56a38eed-0cc2-4715-835e-d068c92ebf74{ip: 10.1.0.60, host: fv-az308-250.etcbaq1qs54eplwmrjlabigyle.cx.internal.cloudapp.net, ports: [REPLICATION=33567, RATIS=40671, RATIS_ADMIN=40671, RATIS_SERVER=40671, STANDALONE=37693], networkLocation: /default-rack, certSerialId: null, persistedOpState: null, persistedOpStateExpiryEpochSec: 0}15f04113-e53c-48b5-ac4f-c6d0b16f8f23{ip: 10.1.0.60, host: fv-az308-250.etcbaq1qs54eplwmrjlabigyle.cx.internal.cloudapp.net, ports: [REPLICATION=43039, RATIS=33623, RATIS_ADMIN=33623, RATIS_SERVER=33623, STANDALONE=44287], networkLocation: /default-rack, certSerialId: null, persistedOpState: null, persistedOpStateExpiryEpochSec: 0}, ReplicationConfig: EC/ECReplicationConfig{data=3, parity=2, ecChunkSize=1048576, codec=rs}, State:OPEN, leaderId:, CreationTimestamp2022-10-16T13:14:32.880Z[Etc/UTC]] moved to CLOSED state
2022-10-16 13:14:42,922 [EventQueue-CloseContainerForCloseContainerEventHandler] INFO  container.CloseContainerEventHandler (CloseContainerEventHandler.java:onMessage(71)) - Close container Event triggered for container : #7
2022-10-16 13:14:42,926 [EventQueue-CloseContainerForCloseContainerEventHandler] INFO  container.CloseContainerEventHandler (CloseContainerEventHandler.java:onMessage(71)) - Close container Event triggered for container : #5
2022-10-16 13:14:42,926 [EventQueue-CloseContainerForCloseContainerEventHandler] INFO  container.CloseContainerEventHandler (CloseContainerEventHandler.java:onMessage(71)) - Close container Event triggered for container : #1
2022-10-16 13:14:42,926 [EventQueue-CloseContainerForCloseContainerEventHandler] INFO  container.CloseContainerEventHandler (CloseContainerEventHandler.java:onMessage(71)) - Close container Event triggered for container : #2
2022-10-16 13:14:42,926 [EventQueue-CloseContainerForCloseContainerEventHandler] INFO  container.CloseContainerEventHandler (CloseContainerEventHandler.java:onMessage(71)) - Close container Event triggered for container : #3
2022-10-16 13:14:42,926 [EventQueue-CloseContainerForCloseContainerEventHandler] INFO  container.CloseContainerEventHandler (CloseContainerEventHandler.java:onMessage(71)) - Close container Event triggered for container : #4
2022-10-16 13:14:42,926 [EventQueue-CloseContainerForCloseContainerEventHandler] INFO  container.CloseContainerEventHandler (CloseContainerEventHandler.java:onMessage(71)) - Close container Event triggered for container : #6
2022-10-16 13:14:42,936 [Listener at 127.0.0.1/36155] INFO  utils.BackgroundService (BackgroundService.java:shutdown(141)) - Shutting down service BlockDeletingService
2022-10-16 13:14:42,937 [Listener at 127.0.0.1/36155] INFO  utils.BackgroundService (BackgroundService.java:shutdown(141)) - Shutting down service StaleRecoveringContainerScrubbingService
2022-10-16 13:14:42,940 [Listener at 127.0.0.1/36155] INFO  statemachine.DatanodeStateMachine (DatanodeStateMachine.java:stopDaemon(580)) - Ozone container server stopped.
2022-10-16 13:14:42,953 [ForkJoinPool.commonPool-worker-0] INFO  utils.BackgroundService (BackgroundService.java:shutdown(141)) - Shutting down service BlockDeletingService
2022-10-16 13:14:42,953 [Listener at 127.0.0.1/36155] INFO  handler.ContextHandler (ContextHandler.java:doStop(1153)) - Stopped o.e.j.w.WebAppContext@478048e2{hddsDatanode,/,null,STOPPED}{jar:file:/home/runner/.m2/repository/org/apache/ozone/hdds-container-service/1.3.0-SNAPSHOT/hdds-container-service-1.3.0-SNAPSHOT.jar!/webapps/hddsDatanode}
2022-10-16 13:14:42,954 [ForkJoinPool.commonPool-worker-0] INFO  utils.BackgroundService (BackgroundService.java:shutdown(141)) - Shutting down service StaleRecoveringContainerScrubbingService
2022-10-16 13:14:42,959 [ForkJoinPool.commonPool-worker-0] INFO  statemachine.DatanodeStateMachine (DatanodeStateMachine.java:stopDaemon(580)) - Ozone container server stopped.
2022-10-16 13:14:42,964 [Listener at 127.0.0.1/36155] INFO  server.AbstractConnector (AbstractConnector.java:doStop(381)) - Stopped ServerConnector@2e09ac49{HTTP/1.1, (http/1.1)}{0.0.0.0:0}
2022-10-16 13:14:42,964 [Listener at 127.0.0.1/36155] INFO  server.session (HouseKeeper.java:stopScavenging(149)) - node0 Stopped scavenging
2022-10-16 13:14:42,964 [Listener at 127.0.0.1/36155] INFO  handler.ContextHandler (ContextHandler.java:doStop(1153)) - Stopped o.e.j.s.ServletContextHandler@40ed0ce4{static,/static,jar:file:/home/runner/.m2/repository/org/apache/ozone/hdds-container-service/1.3.0-SNAPSHOT/hdds-container-service-1.3.0-SNAPSHOT.jar!/webapps/static,STOPPED}
2022-10-16 13:14:42,965 [Listener at 127.0.0.1/36155] INFO  handler.ContextHandler (ContextHandler.java:doStop(1153)) - Stopped o.e.j.s.ServletContextHandler@5405594b{logs,/logs,file:///home/runner/work/ozone/ozone/hadoop-ozone/integration-test/target/log,STOPPED}
2022-10-16 13:14:42,967 [Listener at 127.0.0.1/36155] INFO  ozoneimpl.OzoneContainer (OzoneContainer.java:stop(400)) - Attempting to stop container services.
2022-10-16 13:14:42,970 [Listener at 127.0.0.1/36155] INFO  server.RaftServer (RaftServerProxy.java:lambda$close$7(398)) - 38a9bf41-2224-4aa1-adc3-26a20af34a93: close
2022-10-16 13:14:42,970 [Listener at 127.0.0.1/36155] INFO  server.RaftServer$Division (RaftServerImpl.java:lambda$close$4(434)) - 38a9bf41-2224-4aa1-adc3-26a20af34a93@group-4457FECF7044: shutdown
2022-10-16 13:14:42,970 [Listener at 127.0.0.1/36155] INFO  util.JmxRegister (JmxRegister.java:unregister(73)) - Successfully un-registered JMX Bean with object name Ratis:service=RaftServer,group=group-4457FECF7044,id=38a9bf41-2224-4aa1-adc3-26a20af34a93
2022-10-16 13:14:42,970 [Listener at 127.0.0.1/36155] INFO  impl.RoleInfo (RoleInfo.java:shutdownLeaderState(93)) - 38a9bf41-2224-4aa1-adc3-26a20af34a93: shutdown 38a9bf41-2224-4aa1-adc3-26a20af34a93@group-4457FECF7044-LeaderStateImpl
2022-10-16 13:14:42,971 [Listener at 127.0.0.1/36155] INFO  impl.PendingRequests (PendingRequests.java:sendNotLeaderResponses(282)) - 38a9bf41-2224-4aa1-adc3-26a20af34a93@group-4457FECF7044-PendingRequests: sendNotLeaderResponses
2022-10-16 13:14:42,971 [Listener at 127.0.0.1/36155] INFO  impl.StateMachineUpdater (StateMachineUpdater.java:stopAndJoin(153)) - 38a9bf41-2224-4aa1-adc3-26a20af34a93@group-4457FECF7044-StateMachineUpdater: set stopIndex = 0
2022-10-16 13:14:42,971 [38a9bf41-2224-4aa1-adc3-26a20af34a93@group-4457FECF7044-StateMachineUpdater] INFO  ratis.ContainerStateMachine (ContainerStateMachine.java:takeSnapshot(304)) - group-4457FECF7044: Taking a snapshot at:(t:1, i:0) file /home/runner/work/ozone/ozone/hadoop-ozone/integration-test/target/test-dir/MiniOzoneClusterImpl-57f5d021-d9de-4630-9dce-fc102de9b2f6/datanode-4/data/ratis/3ef6c476-1ca6-41ac-93d8-4457fecf7044/sm/snapshot.1_0
2022-10-16 13:14:42,972 [ForkJoinPool.commonPool-worker-0] INFO  handler.ContextHandler (ContextHandler.java:doStop(1153)) - Stopped o.e.j.w.WebAppContext@67a4294a{hddsDatanode,/,null,STOPPED}{jar:file:/home/runner/.m2/repository/org/apache/ozone/hdds-container-service/1.3.0-SNAPSHOT/hdds-container-service-1.3.0-SNAPSHOT.jar!/webapps/hddsDatanode}
2022-10-16 13:14:42,973 [ForkJoinPool.commonPool-worker-0] INFO  server.AbstractConnector (AbstractConnector.java:doStop(381)) - Stopped ServerConnector@3e4e6d8b{HTTP/1.1, (http/1.1)}{0.0.0.0:0}
2022-10-16 13:14:42,973 [ForkJoinPool.commonPool-worker-0] INFO  server.session (HouseKeeper.java:stopScavenging(149)) - node0 Stopped scavenging
2022-10-16 13:14:42,974 [ForkJoinPool.commonPool-worker-0] INFO  handler.ContextHandler (ContextHandler.java:doStop(1153)) - Stopped o.e.j.s.ServletContextHandler@fbd7fb0{static,/static,jar:file:/home/runner/.m2/repository/org/apache/ozone/hdds-container-service/1.3.0-SNAPSHOT/hdds-container-service-1.3.0-SNAPSHOT.jar!/webapps/static,STOPPED}
2022-10-16 13:14:42,974 [ForkJoinPool.commonPool-worker-0] INFO  handler.ContextHandler (ContextHandler.java:doStop(1153)) - Stopped o.e.j.s.ServletContextHandler@e3c538c{logs,/logs,file:///home/runner/work/ozone/ozone/hadoop-ozone/integration-test/target/log,STOPPED}
2022-10-16 13:14:42,975 [38a9bf41-2224-4aa1-adc3-26a20af34a93@group-4457FECF7044-StateMachineUpdater] INFO  ratis.ContainerStateMachine (ContainerStateMachine.java:takeSnapshot(315)) - group-4457FECF7044: Finished taking a snapshot at:(t:1, i:0) file:/home/runner/work/ozone/ozone/hadoop-ozone/integration-test/target/test-dir/MiniOzoneClusterImpl-57f5d021-d9de-4630-9dce-fc102de9b2f6/datanode-4/data/ratis/3ef6c476-1ca6-41ac-93d8-4457fecf7044/sm/snapshot.1_0 took: 4 ms
2022-10-16 13:14:42,976 [38a9bf41-2224-4aa1-adc3-26a20af34a93@group-4457FECF7044-StateMachineUpdater] INFO  impl.StateMachineUpdater (StateMachineUpdater.java:takeSnapshot(287)) - 38a9bf41-2224-4aa1-adc3-26a20af34a93@group-4457FECF7044-StateMachineUpdater: Took a snapshot at index 0
2022-10-16 13:14:42,976 [38a9bf41-2224-4aa1-adc3-26a20af34a93@group-4457FECF7044-StateMachineUpdater] INFO  impl.StateMachineUpdater (StateMachineUpdater.java:lambda$new$0(92)) - 38a9bf41-2224-4aa1-adc3-26a20af34a93@group-4457FECF7044-StateMachineUpdater: snapshotIndex: updateIncreasingly -1 -> 0
2022-10-16 13:14:42,977 [Listener at 127.0.0.1/36155] INFO  server.RaftServer$Division (ServerState.java:close(429)) - 38a9bf41-2224-4aa1-adc3-26a20af34a93@group-4457FECF7044: closes. applyIndex: 0
2022-10-16 13:14:42,977 [38a9bf41-2224-4aa1-adc3-26a20af34a93@group-4457FECF7044-SegmentedRaftLogWorker] INFO  segmented.SegmentedRaftLogWorker (SegmentedRaftLogWorker.java:run(336)) - 38a9bf41-2224-4aa1-adc3-26a20af34a93@group-4457FECF7044-SegmentedRaftLogWorker was interrupted, exiting. There are 0 tasks remaining in the queue.
2022-10-16 13:14:42,977 [Listener at 127.0.0.1/36155] INFO  segmented.SegmentedRaftLogWorker (SegmentedRaftLogWorker.java:close(246)) - 38a9bf41-2224-4aa1-adc3-26a20af34a93@group-4457FECF7044-SegmentedRaftLogWorker close()
2022-10-16 13:14:42,979 [Listener at 127.0.0.1/36155] INFO  server.GrpcService (GrpcService.java:closeImpl(269)) - 38a9bf41-2224-4aa1-adc3-26a20af34a93: shutdown server with port 37671 now
2022-10-16 13:14:42,979 [Listener at 127.0.0.1/36155] INFO  server.GrpcService (GrpcService.java:closeImpl(278)) - 38a9bf41-2224-4aa1-adc3-26a20af34a93: shutdown server with port 37671 successfully
2022-10-16 13:14:42,979 [org.apache.ratis.util.JvmPauseMonitor$$Lambda$639/339294883@7596e47b] INFO  util.JvmPauseMonitor (JvmPauseMonitor.java:run(109)) - JvmPauseMonitor-38a9bf41-2224-4aa1-adc3-26a20af34a93: Stopped
2022-10-16 13:14:42,981 [ForkJoinPool.commonPool-worker-0] INFO  ozoneimpl.OzoneContainer (OzoneContainer.java:stop(400)) - Attempting to stop container services.
2022-10-16 13:14:42,983 [ForkJoinPool.commonPool-worker-0] INFO  server.RaftServer (RaftServerProxy.java:lambda$close$7(398)) - 56a38eed-0cc2-4715-835e-d068c92ebf74: close
2022-10-16 13:14:42,983 [ForkJoinPool.commonPool-worker-0] INFO  server.RaftServer$Division (RaftServerImpl.java:lambda$close$4(434)) - 56a38eed-0cc2-4715-835e-d068c92ebf74@group-0EE3829B0EF9: shutdown
2022-10-16 13:14:42,983 [ForkJoinPool.commonPool-worker-0] INFO  util.JmxRegister (JmxRegister.java:unregister(73)) - Successfully un-registered JMX Bean with object name Ratis:service=RaftServer,group=group-0EE3829B0EF9,id=56a38eed-0cc2-4715-835e-d068c92ebf74
2022-10-16 13:14:42,983 [ForkJoinPool.commonPool-worker-0] INFO  impl.RoleInfo (RoleInfo.java:shutdownLeaderState(93)) - 56a38eed-0cc2-4715-835e-d068c92ebf74: shutdown 56a38eed-0cc2-4715-835e-d068c92ebf74@group-0EE3829B0EF9-LeaderStateImpl
2022-10-16 13:14:42,983 [ForkJoinPool.commonPool-worker-0] INFO  impl.PendingRequests (PendingRequests.java:sendNotLeaderResponses(282)) - 56a38eed-0cc2-4715-835e-d068c92ebf74@group-0EE3829B0EF9-PendingRequests: sendNotLeaderResponses
2022-10-16 13:14:42,984 [56a38eed-0cc2-4715-835e-d068c92ebf74@group-0EE3829B0EF9->19c5685d-7faf-4816-a074-b6158b4e61e2-GrpcLogAppender-LogAppenderDaemon] WARN  server.GrpcLogAppender (GrpcLogAppender.java:mayWait(171)) - 56a38eed-0cc2-4715-835e-d068c92ebf74@group-0EE3829B0EF9->19c5685d-7faf-4816-a074-b6158b4e61e2-GrpcLogAppender: Wait interrupted by java.lang.InterruptedException
2022-10-16 13:14:42,985 [56a38eed-0cc2-4715-835e-d068c92ebf74@group-0EE3829B0EF9->15f04113-e53c-48b5-ac4f-c6d0b16f8f23-GrpcLogAppender-LogAppenderDaemon] WARN  server.GrpcLogAppender (GrpcLogAppender.java:mayWait(171)) - 56a38eed-0cc2-4715-835e-d068c92ebf74@group-0EE3829B0EF9->15f04113-e53c-48b5-ac4f-c6d0b16f8f23-GrpcLogAppender: Wait interrupted by java.lang.InterruptedException
2022-10-16 13:14:42,991 [56a38eed-0cc2-4715-835e-d068c92ebf74@group-0EE3829B0EF9-StateMachineUpdater] INFO  ratis.ContainerStateMachine (ContainerStateMachine.java:takeSnapshot(304)) - group-0EE3829B0EF9: Taking a snapshot at:(t:1, i:254) file /home/runner/work/ozone/ozone/hadoop-ozone/integration-test/target/test-dir/MiniOzoneClusterImpl-57f5d021-d9de-4630-9dce-fc102de9b2f6/datanode-0/data/ratis/913966db-1625-4a54-8764-0ee3829b0ef9/sm/snapshot.1_254
2022-10-16 13:14:42,991 [ForkJoinPool.commonPool-worker-0] INFO  impl.StateMachineUpdater (StateMachineUpdater.java:stopAndJoin(153)) - 56a38eed-0cc2-4715-835e-d068c92ebf74@group-0EE3829B0EF9-StateMachineUpdater: set stopIndex = 254
2022-10-16 13:14:42,992 [56a38eed-0cc2-4715-835e-d068c92ebf74@group-0EE3829B0EF9-StateMachineUpdater] INFO  ratis.ContainerStateMachine (ContainerStateMachine.java:takeSnapshot(315)) - group-0EE3829B0EF9: Finished taking a snapshot at:(t:1, i:254) file:/home/runner/work/ozone/ozone/hadoop-ozone/integration-test/target/test-dir/MiniOzoneClusterImpl-57f5d021-d9de-4630-9dce-fc102de9b2f6/datanode-0/data/ratis/913966db-1625-4a54-8764-0ee3829b0ef9/sm/snapshot.1_254 took: 1 ms
2022-10-16 13:14:42,992 [56a38eed-0cc2-4715-835e-d068c92ebf74@group-0EE3829B0EF9-StateMachineUpdater] INFO  impl.StateMachineUpdater (StateMachineUpdater.java:takeSnapshot(287)) - 56a38eed-0cc2-4715-835e-d068c92ebf74@group-0EE3829B0EF9-StateMachineUpdater: Took a snapshot at index 254
2022-10-16 13:14:42,992 [56a38eed-0cc2-4715-835e-d068c92ebf74@group-0EE3829B0EF9-StateMachineUpdater] INFO  impl.StateMachineUpdater (StateMachineUpdater.java:lambda$new$0(92)) - 56a38eed-0cc2-4715-835e-d068c92ebf74@group-0EE3829B0EF9-StateMachineUpdater: snapshotIndex: updateIncreasingly -1 -> 254
2022-10-16 13:14:42,994 [ForkJoinPool.commonPool-worker-0] INFO  server.RaftServer$Division (ServerState.java:close(429)) - 56a38eed-0cc2-4715-835e-d068c92ebf74@group-0EE3829B0EF9: closes. applyIndex: 254
2022-10-16 13:14:42,994 [56a38eed-0cc2-4715-835e-d068c92ebf74@group-0EE3829B0EF9-SegmentedRaftLogWorker] INFO  segmented.SegmentedRaftLogWorker (SegmentedRaftLogWorker.java:run(336)) - 56a38eed-0cc2-4715-835e-d068c92ebf74@group-0EE3829B0EF9-SegmentedRaftLogWorker was interrupted, exiting. There are 0 tasks remaining in the queue.
2022-10-16 13:14:42,994 [ForkJoinPool.commonPool-worker-0] INFO  segmented.SegmentedRaftLogWorker (SegmentedRaftLogWorker.java:close(246)) - 56a38eed-0cc2-4715-835e-d068c92ebf74@group-0EE3829B0EF9-SegmentedRaftLogWorker close()
2022-10-16 13:14:42,995 [ForkJoinPool.commonPool-worker-0] INFO  server.RaftServer$Division (RaftServerImpl.java:lambda$close$4(434)) - 56a38eed-0cc2-4715-835e-d068c92ebf74@group-876FEE44ED6C: shutdown
2022-10-16 13:14:42,995 [ForkJoinPool.commonPool-worker-0] INFO  util.JmxRegister (JmxRegister.java:unregister(73)) - Successfully un-registered JMX Bean with object name Ratis:service=RaftServer,group=group-876FEE44ED6C,id=56a38eed-0cc2-4715-835e-d068c92ebf74
2022-10-16 13:14:42,995 [ForkJoinPool.commonPool-worker-0] INFO  impl.RoleInfo (RoleInfo.java:shutdownLeaderState(93)) - 56a38eed-0cc2-4715-835e-d068c92ebf74: shutdown 56a38eed-0cc2-4715-835e-d068c92ebf74@group-876FEE44ED6C-LeaderStateImpl
2022-10-16 13:14:42,995 [ForkJoinPool.commonPool-worker-0] INFO  impl.PendingRequests (PendingRequests.java:sendNotLeaderResponses(282)) - 56a38eed-0cc2-4715-835e-d068c92ebf74@group-876FEE44ED6C-PendingRequests: sendNotLeaderResponses
2022-10-16 13:14:42,995 [56a38eed-0cc2-4715-835e-d068c92ebf74@group-876FEE44ED6C-StateMachineUpdater] INFO  ratis.ContainerStateMachine (ContainerStateMachine.java:takeSnapshot(304)) - group-876FEE44ED6C: Taking a snapshot at:(t:1, i:0) file /home/runner/work/ozone/ozone/hadoop-ozone/integration-test/target/test-dir/MiniOzoneClusterImpl-57f5d021-d9de-4630-9dce-fc102de9b2f6/datanode-0/data/ratis/303cd470-5518-4f98-a976-876fee44ed6c/sm/snapshot.1_0
2022-10-16 13:14:42,996 [ForkJoinPool.commonPool-worker-0] INFO  impl.StateMachineUpdater (StateMachineUpdater.java:stopAndJoin(153)) - 56a38eed-0cc2-4715-835e-d068c92ebf74@group-876FEE44ED6C-StateMachineUpdater: set stopIndex = 0
2022-10-16 13:14:42,996 [56a38eed-0cc2-4715-835e-d068c92ebf74@group-876FEE44ED6C-StateMachineUpdater] INFO  ratis.ContainerStateMachine (ContainerStateMachine.java:takeSnapshot(315)) - group-876FEE44ED6C: Finished taking a snapshot at:(t:1, i:0) file:/home/runner/work/ozone/ozone/hadoop-ozone/integration-test/target/test-dir/MiniOzoneClusterImpl-57f5d021-d9de-4630-9dce-fc102de9b2f6/datanode-0/data/ratis/303cd470-5518-4f98-a976-876fee44ed6c/sm/snapshot.1_0 took: 1 ms
2022-10-16 13:14:42,996 [56a38eed-0cc2-4715-835e-d068c92ebf74@group-876FEE44ED6C-StateMachineUpdater] INFO  impl.StateMachineUpdater (StateMachineUpdater.java:takeSnapshot(287)) - 56a38eed-0cc2-4715-835e-d068c92ebf74@group-876FEE44ED6C-StateMachineUpdater: Took a snapshot at index 0
2022-10-16 13:14:42,996 [56a38eed-0cc2-4715-835e-d068c92ebf74@group-876FEE44ED6C-StateMachineUpdater] INFO  impl.StateMachineUpdater (StateMachineUpdater.java:lambda$new$0(92)) - 56a38eed-0cc2-4715-835e-d068c92ebf74@group-876FEE44ED6C-StateMachineUpdater: snapshotIndex: updateIncreasingly -1 -> 0
2022-10-16 13:14:42,997 [ForkJoinPool.commonPool-worker-0] INFO  server.RaftServer$Division (ServerState.java:close(429)) - 56a38eed-0cc2-4715-835e-d068c92ebf74@group-876FEE44ED6C: closes. applyIndex: 0
2022-10-16 13:14:42,997 [56a38eed-0cc2-4715-835e-d068c92ebf74@group-876FEE44ED6C-SegmentedRaftLogWorker] INFO  segmented.SegmentedRaftLogWorker (SegmentedRaftLogWorker.java:run(336)) - 56a38eed-0cc2-4715-835e-d068c92ebf74@group-876FEE44ED6C-SegmentedRaftLogWorker was interrupted, exiting. There are 0 tasks remaining in the queue.
2022-10-16 13:14:42,997 [ForkJoinPool.commonPool-worker-0] INFO  segmented.SegmentedRaftLogWorker (SegmentedRaftLogWorker.java:close(246)) - 56a38eed-0cc2-4715-835e-d068c92ebf74@group-876FEE44ED6C-SegmentedRaftLogWorker close()
2022-10-16 13:14:42,997 [ForkJoinPool.commonPool-worker-0] INFO  server.GrpcService (GrpcService.java:closeImpl(269)) - 56a38eed-0cc2-4715-835e-d068c92ebf74: shutdown server with port 40671 now
2022-10-16 13:14:42,998 [grpc-default-executor-4] WARN  server.GrpcClientProtocolService (LogUtils.java:warn(122)) - 3-UnorderedRequestStreamObserver3: onError: org.apache.ratis.thirdparty.io.grpc.StatusRuntimeException: CANCELLED: client cancelled
2022-10-16 13:14:43,000 [ForkJoinPool.commonPool-worker-0] INFO  server.GrpcService (GrpcService.java:closeImpl(278)) - 56a38eed-0cc2-4715-835e-d068c92ebf74: shutdown server with port 40671 successfully
2022-10-16 13:14:43,000 [org.apache.ratis.util.JvmPauseMonitor$$Lambda$639/339294883@207b7703] INFO  util.JvmPauseMonitor (JvmPauseMonitor.java:run(109)) - JvmPauseMonitor-56a38eed-0cc2-4715-835e-d068c92ebf74: Stopped
2022-10-16 13:14:43,005 [ReplicationMonitor] INFO  replication.LegacyReplicationManager (LegacyReplicationManager.java:sendCloseCommand(1512)) - Sending close container command for container #1 to datanode 15f04113-e53c-48b5-ac4f-c6d0b16f8f23{ip: 10.1.0.60, host: fv-az308-250.etcbaq1qs54eplwmrjlabigyle.cx.internal.cloudapp.net, ports: [REPLICATION=43039, RATIS=33623, RATIS_ADMIN=33623, RATIS_SERVER=33623, STANDALONE=44287], networkLocation: /default-rack, certSerialId: null, persistedOpState: IN_SERVICE, persistedOpStateExpiryEpochSec: 0}.
2022-10-16 13:14:43,006 [ReplicationMonitor] INFO  replication.LegacyReplicationManager (LegacyReplicationManager.java:sendCloseCommand(1512)) - Sending close container command for container #1 to datanode 19c5685d-7faf-4816-a074-b6158b4e61e2{ip: 10.1.0.60, host: fv-az308-250.etcbaq1qs54eplwmrjlabigyle.cx.internal.cloudapp.net, ports: [REPLICATION=37885, RATIS=41227, RATIS_ADMIN=41227, RATIS_SERVER=41227, STANDALONE=41075], networkLocation: /default-rack, certSerialId: null, persistedOpState: IN_SERVICE, persistedOpStateExpiryEpochSec: 0}.
2022-10-16 13:14:43,006 [ReplicationMonitor] INFO  replication.LegacyReplicationManager (LegacyReplicationManager.java:sendCloseCommand(1512)) - Sending close container command for container #1 to datanode 56a38eed-0cc2-4715-835e-d068c92ebf74{ip: 10.1.0.60, host: fv-az308-250.etcbaq1qs54eplwmrjlabigyle.cx.internal.cloudapp.net, ports: [REPLICATION=33567, RATIS=40671, RATIS_ADMIN=40671, RATIS_SERVER=40671, STANDALONE=37693], networkLocation: /default-rack, certSerialId: null, persistedOpState: IN_SERVICE, persistedOpStateExpiryEpochSec: 0}.
2022-10-16 13:14:43,006 [ReplicationMonitor] INFO  replication.LegacyReplicationManager (LegacyReplicationManager.java:sendCloseCommand(1512)) - Sending close container command for container #2 to datanode 56a38eed-0cc2-4715-835e-d068c92ebf74{ip: 10.1.0.60, host: fv-az308-250.etcbaq1qs54eplwmrjlabigyle.cx.internal.cloudapp.net, ports: [REPLICATION=33567, RATIS=40671, RATIS_ADMIN=40671, RATIS_SERVER=40671, STANDALONE=37693], networkLocation: /default-rack, certSerialId: null, persistedOpState: IN_SERVICE, persistedOpStateExpiryEpochSec: 0}.
2022-10-16 13:14:43,006 [ReplicationMonitor] INFO  replication.LegacyReplicationManager (LegacyReplicationManager.java:sendCloseCommand(1512)) - Sending close container command for container #2 to datanode 15f04113-e53c-48b5-ac4f-c6d0b16f8f23{ip: 10.1.0.60, host: fv-az308-250.etcbaq1qs54eplwmrjlabigyle.cx.internal.cloudapp.net, ports: [REPLICATION=43039, RATIS=33623, RATIS_ADMIN=33623, RATIS_SERVER=33623, STANDALONE=44287], networkLocation: /default-rack, certSerialId: null, persistedOpState: IN_SERVICE, persistedOpStateExpiryEpochSec: 0}.
2022-10-16 13:14:43,006 [ReplicationMonitor] INFO  replication.LegacyReplicationManager (LegacyReplicationManager.java:sendCloseCommand(1512)) - Sending close container command for container #2 to datanode 19c5685d-7faf-4816-a074-b6158b4e61e2{ip: 10.1.0.60, host: fv-az308-250.etcbaq1qs54eplwmrjlabigyle.cx.internal.cloudapp.net, ports: [REPLICATION=37885, RATIS=41227, RATIS_ADMIN=41227, RATIS_SERVER=41227, STANDALONE=41075], networkLocation: /default-rack, certSerialId: null, persistedOpState: IN_SERVICE, persistedOpStateExpiryEpochSec: 0}.
2022-10-16 13:14:43,006 [ReplicationMonitor] INFO  replication.LegacyReplicationManager (LegacyReplicationManager.java:sendCloseCommand(1512)) - Sending close container command for container #3 to datanode 19c5685d-7faf-4816-a074-b6158b4e61e2{ip: 10.1.0.60, host: fv-az308-250.etcbaq1qs54eplwmrjlabigyle.cx.internal.cloudapp.net, ports: [REPLICATION=37885, RATIS=41227, RATIS_ADMIN=41227, RATIS_SERVER=41227, STANDALONE=41075], networkLocation: /default-rack, certSerialId: null, persistedOpState: IN_SERVICE, persistedOpStateExpiryEpochSec: 0}.
2022-10-16 13:14:43,006 [ReplicationMonitor] INFO  replication.LegacyReplicationManager (LegacyReplicationManager.java:sendCloseCommand(1512)) - Sending close container command for container #3 to datanode 15f04113-e53c-48b5-ac4f-c6d0b16f8f23{ip: 10.1.0.60, host: fv-az308-250.etcbaq1qs54eplwmrjlabigyle.cx.internal.cloudapp.net, ports: [REPLICATION=43039, RATIS=33623, RATIS_ADMIN=33623, RATIS_SERVER=33623, STANDALONE=44287], networkLocation: /default-rack, certSerialId: null, persistedOpState: IN_SERVICE, persistedOpStateExpiryEpochSec: 0}.
2022-10-16 13:14:43,006 [ReplicationMonitor] INFO  replication.LegacyReplicationManager (LegacyReplicationManager.java:sendCloseCommand(1512)) - Sending close container command for container #3 to datanode 56a38eed-0cc2-4715-835e-d068c92ebf74{ip: 10.1.0.60, host: fv-az308-250.etcbaq1qs54eplwmrjlabigyle.cx.internal.cloudapp.net, ports: [REPLICATION=33567, RATIS=40671, RATIS_ADMIN=40671, RATIS_SERVER=40671, STANDALONE=37693], networkLocation: /default-rack, certSerialId: null, persistedOpState: IN_SERVICE, persistedOpStateExpiryEpochSec: 0}.
2022-10-16 13:14:43,006 [ReplicationMonitor] INFO  replication.ReplicationManager (ReplicationManager.java:sendCloseContainerReplicaCommand(467)) - Sending close container command for container #4 to datanode 56a38eed-0cc2-4715-835e-d068c92ebf74{ip: 10.1.0.60, host: fv-az308-250.etcbaq1qs54eplwmrjlabigyle.cx.internal.cloudapp.net, ports: [REPLICATION=33567, RATIS=40671, RATIS_ADMIN=40671, RATIS_SERVER=40671, STANDALONE=37693], networkLocation: /default-rack, certSerialId: null, persistedOpState: IN_SERVICE, persistedOpStateExpiryEpochSec: 0}.
2022-10-16 13:14:43,006 [ReplicationMonitor] INFO  replication.ReplicationManager (ReplicationManager.java:sendCloseContainerReplicaCommand(467)) - Sending close container command for container #4 to datanode 38a9bf41-2224-4aa1-adc3-26a20af34a93{ip: 10.1.0.60, host: fv-az308-250.etcbaq1qs54eplwmrjlabigyle.cx.internal.cloudapp.net, ports: [REPLICATION=37823, RATIS=37671, RATIS_ADMIN=37671, RATIS_SERVER=37671, STANDALONE=34011], networkLocation: /default-rack, certSerialId: null, persistedOpState: IN_SERVICE, persistedOpStateExpiryEpochSec: 0}.
2022-10-16 13:14:43,006 [ReplicationMonitor] INFO  replication.ReplicationManager (ReplicationManager.java:sendCloseContainerReplicaCommand(467)) - Sending close container command for container #4 to datanode 19c5685d-7faf-4816-a074-b6158b4e61e2{ip: 10.1.0.60, host: fv-az308-250.etcbaq1qs54eplwmrjlabigyle.cx.internal.cloudapp.net, ports: [REPLICATION=37885, RATIS=41227, RATIS_ADMIN=41227, RATIS_SERVER=41227, STANDALONE=41075], networkLocation: /default-rack, certSerialId: null, persistedOpState: IN_SERVICE, persistedOpStateExpiryEpochSec: 0}.
2022-10-16 13:14:43,006 [ReplicationMonitor] INFO  replication.ReplicationManager (ReplicationManager.java:sendCloseContainerReplicaCommand(467)) - Sending close container command for container #4 to datanode 15f04113-e53c-48b5-ac4f-c6d0b16f8f23{ip: 10.1.0.60, host: fv-az308-250.etcbaq1qs54eplwmrjlabigyle.cx.internal.cloudapp.net, ports: [REPLICATION=43039, RATIS=33623, RATIS_ADMIN=33623, RATIS_SERVER=33623, STANDALONE=44287], networkLocation: /default-rack, certSerialId: null, persistedOpState: IN_SERVICE, persistedOpStateExpiryEpochSec: 0}.
2022-10-16 13:14:43,006 [ReplicationMonitor] INFO  replication.ReplicationManager (ReplicationManager.java:sendCloseContainerReplicaCommand(467)) - Sending close container command for container #4 to datanode d6bb9e09-7a5d-4d11-b65a-7cc5dc53b33d{ip: 10.1.0.60, host: fv-az308-250.etcbaq1qs54eplwmrjlabigyle.cx.internal.cloudapp.net, ports: [REPLICATION=33315, RATIS=35493, RATIS_ADMIN=35493, RATIS_SERVER=35493, STANDALONE=43787], networkLocation: /default-rack, certSerialId: null, persistedOpState: IN_SERVICE, persistedOpStateExpiryEpochSec: 0}.
2022-10-16 13:14:43,007 [ReplicationMonitor] INFO  replication.ReplicationManager (ReplicationManager.java:sendCloseContainerReplicaCommand(467)) - Sending close container command for container #5 to datanode 19c5685d-7faf-4816-a074-b6158b4e61e2{ip: 10.1.0.60, host: fv-az308-250.etcbaq1qs54eplwmrjlabigyle.cx.internal.cloudapp.net, ports: [REPLICATION=37885, RATIS=41227, RATIS_ADMIN=41227, RATIS_SERVER=41227, STANDALONE=41075], networkLocation: /default-rack, certSerialId: null, persistedOpState: IN_SERVICE, persistedOpStateExpiryEpochSec: 0}.
2022-10-16 13:14:43,007 [ReplicationMonitor] INFO  replication.ReplicationManager (ReplicationManager.java:sendCloseContainerReplicaCommand(467)) - Sending close container command for container #5 to datanode d6bb9e09-7a5d-4d11-b65a-7cc5dc53b33d{ip: 10.1.0.60, host: fv-az308-250.etcbaq1qs54eplwmrjlabigyle.cx.internal.cloudapp.net, ports: [REPLICATION=33315, RATIS=35493, RATIS_ADMIN=35493, RATIS_SERVER=35493, STANDALONE=43787], networkLocation: /default-rack, certSerialId: null, persistedOpState: IN_SERVICE, persistedOpStateExpiryEpochSec: 0}.
2022-10-16 13:14:43,007 [ReplicationMonitor] INFO  replication.ReplicationManager (ReplicationManager.java:sendCloseContainerReplicaCommand(467)) - Sending close container command for container #5 to datanode 15f04113-e53c-48b5-ac4f-c6d0b16f8f23{ip: 10.1.0.60, host: fv-az308-250.etcbaq1qs54eplwmrjlabigyle.cx.internal.cloudapp.net, ports: [REPLICATION=43039, RATIS=33623, RATIS_ADMIN=33623, RATIS_SERVER=33623, STANDALONE=44287], networkLocation: /default-rack, certSerialId: null, persistedOpState: IN_SERVICE, persistedOpStateExpiryEpochSec: 0}.
2022-10-16 13:14:43,007 [ReplicationMonitor] INFO  replication.ReplicationManager (ReplicationManager.java:sendCloseContainerReplicaCommand(467)) - Sending close container command for container #5 to datanode 38a9bf41-2224-4aa1-adc3-26a20af34a93{ip: 10.1.0.60, host: fv-az308-250.etcbaq1qs54eplwmrjlabigyle.cx.internal.cloudapp.net, ports: [REPLICATION=37823, RATIS=37671, RATIS_ADMIN=37671, RATIS_SERVER=37671, STANDALONE=34011], networkLocation: /default-rack, certSerialId: null, persistedOpState: IN_SERVICE, persistedOpStateExpiryEpochSec: 0}.
2022-10-16 13:14:43,007 [ReplicationMonitor] INFO  replication.ReplicationManager (ReplicationManager.java:sendCloseContainerReplicaCommand(467)) - Sending close container command for container #5 to datanode 56a38eed-0cc2-4715-835e-d068c92ebf74{ip: 10.1.0.60, host: fv-az308-250.etcbaq1qs54eplwmrjlabigyle.cx.internal.cloudapp.net, ports: [REPLICATION=33567, RATIS=40671, RATIS_ADMIN=40671, RATIS_SERVER=40671, STANDALONE=37693], networkLocation: /default-rack, certSerialId: null, persistedOpState: IN_SERVICE, persistedOpStateExpiryEpochSec: 0}.
2022-10-16 13:14:43,007 [ReplicationMonitor] INFO  replication.ReplicationManager (ReplicationManager.java:sendCloseContainerReplicaCommand(467)) - Sending close container command for container #6 to datanode 38a9bf41-2224-4aa1-adc3-26a20af34a93{ip: 10.1.0.60, host: fv-az308-250.etcbaq1qs54eplwmrjlabigyle.cx.internal.cloudapp.net, ports: [REPLICATION=37823, RATIS=37671, RATIS_ADMIN=37671, RATIS_SERVER=37671, STANDALONE=34011], networkLocation: /default-rack, certSerialId: null, persistedOpState: IN_SERVICE, persistedOpStateExpiryEpochSec: 0}.
2022-10-16 13:14:43,007 [ReplicationMonitor] INFO  replication.ReplicationManager (ReplicationManager.java:sendCloseContainerReplicaCommand(467)) - Sending close container command for container #6 to datanode 56a38eed-0cc2-4715-835e-d068c92ebf74{ip: 10.1.0.60, host: fv-az308-250.etcbaq1qs54eplwmrjlabigyle.cx.internal.cloudapp.net, ports: [REPLICATION=33567, RATIS=40671, RATIS_ADMIN=40671, RATIS_SERVER=40671, STANDALONE=37693], networkLocation: /default-rack, certSerialId: null, persistedOpState: IN_SERVICE, persistedOpStateExpiryEpochSec: 0}.
2022-10-16 13:14:43,007 [ReplicationMonitor] INFO  replication.ReplicationManager (ReplicationManager.java:sendCloseContainerReplicaCommand(467)) - Sending close container command for container #6 to datanode 19c5685d-7faf-4816-a074-b6158b4e61e2{ip: 10.1.0.60, host: fv-az308-250.etcbaq1qs54eplwmrjlabigyle.cx.internal.cloudapp.net, ports: [REPLICATION=37885, RATIS=41227, RATIS_ADMIN=41227, RATIS_SERVER=41227, STANDALONE=41075], networkLocation: /default-rack, certSerialId: null, persistedOpState: IN_SERVICE, persistedOpStateExpiryEpochSec: 0}.
2022-10-16 13:14:43,007 [ReplicationMonitor] INFO  replication.ReplicationManager (ReplicationManager.java:sendCloseContainerReplicaCommand(467)) - Sending close container command for container #6 to datanode d6bb9e09-7a5d-4d11-b65a-7cc5dc53b33d{ip: 10.1.0.60, host: fv-az308-250.etcbaq1qs54eplwmrjlabigyle.cx.internal.cloudapp.net, ports: [REPLICATION=33315, RATIS=35493, RATIS_ADMIN=35493, RATIS_SERVER=35493, STANDALONE=43787], networkLocation: /default-rack, certSerialId: null, persistedOpState: IN_SERVICE, persistedOpStateExpiryEpochSec: 0}.
2022-10-16 13:14:43,007 [ReplicationMonitor] INFO  replication.ReplicationManager (ReplicationManager.java:sendCloseContainerReplicaCommand(467)) - Sending close container command for container #6 to datanode 15f04113-e53c-48b5-ac4f-c6d0b16f8f23{ip: 10.1.0.60, host: fv-az308-250.etcbaq1qs54eplwmrjlabigyle.cx.internal.cloudapp.net, ports: [REPLICATION=43039, RATIS=33623, RATIS_ADMIN=33623, RATIS_SERVER=33623, STANDALONE=44287], networkLocation: /default-rack, certSerialId: null, persistedOpState: IN_SERVICE, persistedOpStateExpiryEpochSec: 0}.
2022-10-16 13:14:43,007 [ReplicationMonitor] INFO  replication.ReplicationManager (ReplicationManager.java:sendCloseContainerReplicaCommand(467)) - Sending close container command for container #7 to datanode d6bb9e09-7a5d-4d11-b65a-7cc5dc53b33d{ip: 10.1.0.60, host: fv-az308-250.etcbaq1qs54eplwmrjlabigyle.cx.internal.cloudapp.net, ports: [REPLICATION=33315, RATIS=35493, RATIS_ADMIN=35493, RATIS_SERVER=35493, STANDALONE=43787], networkLocation: /default-rack, certSerialId: null, persistedOpState: IN_SERVICE, persistedOpStateExpiryEpochSec: 0}.
2022-10-16 13:14:43,007 [ReplicationMonitor] INFO  replication.ReplicationManager (ReplicationManager.java:sendCloseContainerReplicaCommand(467)) - Sending close container command for container #7 to datanode 56a38eed-0cc2-4715-835e-d068c92ebf74{ip: 10.1.0.60, host: fv-az308-250.etcbaq1qs54eplwmrjlabigyle.cx.internal.cloudapp.net, ports: [REPLICATION=33567, RATIS=40671, RATIS_ADMIN=40671, RATIS_SERVER=40671, STANDALONE=37693], networkLocation: /default-rack, certSerialId: null, persistedOpState: IN_SERVICE, persistedOpStateExpiryEpochSec: 0}.
2022-10-16 13:14:43,007 [ReplicationMonitor] INFO  replication.ReplicationManager (ReplicationManager.java:sendCloseContainerReplicaCommand(467)) - Sending close container command for container #7 to datanode 15f04113-e53c-48b5-ac4f-c6d0b16f8f23{ip: 10.1.0.60, host: fv-az308-250.etcbaq1qs54eplwmrjlabigyle.cx.internal.cloudapp.net, ports: [REPLICATION=43039, RATIS=33623, RATIS_ADMIN=33623, RATIS_SERVER=33623, STANDALONE=44287], networkLocation: /default-rack, certSerialId: null, persistedOpState: IN_SERVICE, persistedOpStateExpiryEpochSec: 0}.
2022-10-16 13:14:43,007 [ReplicationMonitor] INFO  replication.ReplicationManager (ReplicationManager.java:sendCloseContainerReplicaCommand(467)) - Sending close container command for container #7 to datanode 38a9bf41-2224-4aa1-adc3-26a20af34a93{ip: 10.1.0.60, host: fv-az308-250.etcbaq1qs54eplwmrjlabigyle.cx.internal.cloudapp.net, ports: [REPLICATION=37823, RATIS=37671, RATIS_ADMIN=37671, RATIS_SERVER=37671, STANDALONE=34011], networkLocation: /default-rack, certSerialId: null, persistedOpState: IN_SERVICE, persistedOpStateExpiryEpochSec: 0}.
2022-10-16 13:14:43,007 [ReplicationMonitor] INFO  replication.ReplicationManager (ReplicationManager.java:sendCloseContainerReplicaCommand(467)) - Sending close container command for container #7 to datanode 19c5685d-7faf-4816-a074-b6158b4e61e2{ip: 10.1.0.60, host: fv-az308-250.etcbaq1qs54eplwmrjlabigyle.cx.internal.cloudapp.net, ports: [REPLICATION=37885, RATIS=41227, RATIS_ADMIN=41227, RATIS_SERVER=41227, STANDALONE=41075], networkLocation: /default-rack, certSerialId: null, persistedOpState: IN_SERVICE, persistedOpStateExpiryEpochSec: 0}.
2022-10-16 13:14:43,007 [ReplicationMonitor] INFO  replication.ReplicationManager (ReplicationManager.java:processAll(324)) - Replication Monitor Thread took 2 milliseconds for processing 7 containers.
2022-10-16 13:14:43,813 [EventQueue-StaleNodeForStaleNodeHandler] INFO  node.StaleNodeHandler (StaleNodeHandler.java:onMessage(59)) - Datanode 19c5685d-7faf-4816-a074-b6158b4e61e2{ip: 10.1.0.60, host: fv-az308-250.etcbaq1qs54eplwmrjlabigyle.cx.internal.cloudapp.net, ports: [REPLICATION=37885, RATIS=41227, RATIS_ADMIN=41227, RATIS_SERVER=41227, STANDALONE=41075], networkLocation: /default-rack, certSerialId: null, persistedOpState: IN_SERVICE, persistedOpStateExpiryEpochSec: 0} moved to stale state. Finalizing its pipelines [PipelineID=45611cc1-d40b-47d0-9c66-33150e078bbc, PipelineID=5850687a-a38c-49db-b1b7-d501797e6531, PipelineID=440ec147-ee29-450d-a3ab-134bc341bcd8, PipelineID=913966db-1625-4a54-8764-0ee3829b0ef9, PipelineID=7446e2fd-c933-4fa1-98f7-d1c6cb956b50, PipelineID=772bd27d-22e0-4842-9807-466baa98b65f]
2022-10-16 13:14:43,814 [EventQueue-StaleNodeForStaleNodeHandler] INFO  pipeline.PipelineManagerImpl (PipelineManagerImpl.java:closePipeline(442)) - Pipeline Pipeline[ Id: 5850687a-a38c-49db-b1b7-d501797e6531, Nodes: 19c5685d-7faf-4816-a074-b6158b4e61e2{ip: 10.1.0.60, host: fv-az308-250.etcbaq1qs54eplwmrjlabigyle.cx.internal.cloudapp.net, ports: [REPLICATION=37885, RATIS=41227, RATIS_ADMIN=41227, RATIS_SERVER=41227, STANDALONE=41075], networkLocation: /default-rack, certSerialId: null, persistedOpState: IN_SERVICE, persistedOpStateExpiryEpochSec: 0}, ReplicationConfig: RATIS/ONE, State:OPEN, leaderId:19c5685d-7faf-4816-a074-b6158b4e61e2, CreationTimestamp2022-10-16T13:13:50.913Z[Etc/UTC]] moved to CLOSED state
2022-10-16 13:14:44,008 [ReplicationMonitor] INFO  replication.LegacyReplicationManager (LegacyReplicationManager.java:sendCloseCommand(1512)) - Sending close container command for container #1 to datanode 15f04113-e53c-48b5-ac4f-c6d0b16f8f23{ip: 10.1.0.60, host: fv-az308-250.etcbaq1qs54eplwmrjlabigyle.cx.internal.cloudapp.net, ports: [REPLICATION=43039, RATIS=33623, RATIS_ADMIN=33623, RATIS_SERVER=33623, STANDALONE=44287], networkLocation: /default-rack, certSerialId: null, persistedOpState: IN_SERVICE, persistedOpStateExpiryEpochSec: 0}.
2022-10-16 13:14:44,009 [ReplicationMonitor] INFO  replication.LegacyReplicationManager (LegacyReplicationManager.java:sendCloseCommand(1512)) - Sending close container command for container #1 to datanode 19c5685d-7faf-4816-a074-b6158b4e61e2{ip: 10.1.0.60, host: fv-az308-250.etcbaq1qs54eplwmrjlabigyle.cx.internal.cloudapp.net, ports: [REPLICATION=37885, RATIS=41227, RATIS_ADMIN=41227, RATIS_SERVER=41227, STANDALONE=41075], networkLocation: /default-rack, certSerialId: null, persistedOpState: IN_SERVICE, persistedOpStateExpiryEpochSec: 0}.
2022-10-16 13:14:44,009 [ReplicationMonitor] INFO  replication.LegacyReplicationManager (LegacyReplicationManager.java:sendCloseCommand(1512)) - Sending close container command for container #1 to datanode 56a38eed-0cc2-4715-835e-d068c92ebf74{ip: 10.1.0.60, host: fv-az308-250.etcbaq1qs54eplwmrjlabigyle.cx.internal.cloudapp.net, ports: [REPLICATION=33567, RATIS=40671, RATIS_ADMIN=40671, RATIS_SERVER=40671, STANDALONE=37693], networkLocation: /default-rack, certSerialId: null, persistedOpState: IN_SERVICE, persistedOpStateExpiryEpochSec: 0}.
2022-10-16 13:14:44,009 [ReplicationMonitor] INFO  replication.LegacyReplicationManager (LegacyReplicationManager.java:sendCloseCommand(1512)) - Sending close container command for container #2 to datanode 56a38eed-0cc2-4715-835e-d068c92ebf74{ip: 10.1.0.60, host: fv-az308-250.etcbaq1qs54eplwmrjlabigyle.cx.internal.cloudapp.net, ports: [REPLICATION=33567, RATIS=40671, RATIS_ADMIN=40671, RATIS_SERVER=40671, STANDALONE=37693], networkLocation: /default-rack, certSerialId: null, persistedOpState: IN_SERVICE, persistedOpStateExpiryEpochSec: 0}.
2022-10-16 13:14:44,011 [ReplicationMonitor] INFO  replication.LegacyReplicationManager (LegacyReplicationManager.java:sendCloseCommand(1512)) - Sending close container command for container #2 to datanode 15f04113-e53c-48b5-ac4f-c6d0b16f8f23{ip: 10.1.0.60, host: fv-az308-250.etcbaq1qs54eplwmrjlabigyle.cx.internal.cloudapp.net, ports: [REPLICATION=43039, RATIS=33623, RATIS_ADMIN=33623, RATIS_SERVER=33623, STANDALONE=44287], networkLocation: /default-rack, certSerialId: null, persistedOpState: IN_SERVICE, persistedOpStateExpiryEpochSec: 0}.
2022-10-16 13:14:44,011 [ReplicationMonitor] INFO  replication.LegacyReplicationManager (LegacyReplicationManager.java:sendCloseCommand(1512)) - Sending close container command for container #2 to datanode 19c5685d-7faf-4816-a074-b6158b4e61e2{ip: 10.1.0.60, host: fv-az308-250.etcbaq1qs54eplwmrjlabigyle.cx.internal.cloudapp.net, ports: [REPLICATION=37885, RATIS=41227, RATIS_ADMIN=41227, RATIS_SERVER=41227, STANDALONE=41075], networkLocation: /default-rack, certSerialId: null, persistedOpState: IN_SERVICE, persistedOpStateExpiryEpochSec: 0}.
2022-10-16 13:14:44,011 [ReplicationMonitor] INFO  replication.LegacyReplicationManager (LegacyReplicationManager.java:sendCloseCommand(1512)) - Sending close container command for container #3 to datanode 19c5685d-7faf-4816-a074-b6158b4e61e2{ip: 10.1.0.60, host: fv-az308-250.etcbaq1qs54eplwmrjlabigyle.cx.internal.cloudapp.net, ports: [REPLICATION=37885, RATIS=41227, RATIS_ADMIN=41227, RATIS_SERVER=41227, STANDALONE=41075], networkLocation: /default-rack, certSerialId: null, persistedOpState: IN_SERVICE, persistedOpStateExpiryEpochSec: 0}.
2022-10-16 13:14:44,011 [ReplicationMonitor] INFO  replication.LegacyReplicationManager (LegacyReplicationManager.java:sendCloseCommand(1512)) - Sending close container command for container #3 to datanode 15f04113-e53c-48b5-ac4f-c6d0b16f8f23{ip: 10.1.0.60, host: fv-az308-250.etcbaq1qs54eplwmrjlabigyle.cx.internal.cloudapp.net, ports: [REPLICATION=43039, RATIS=33623, RATIS_ADMIN=33623, RATIS_SERVER=33623, STANDALONE=44287], networkLocation: /default-rack, certSerialId: null, persistedOpState: IN_SERVICE, persistedOpStateExpiryEpochSec: 0}.
2022-10-16 13:14:44,011 [ReplicationMonitor] INFO  replication.LegacyReplicationManager (LegacyReplicationManager.java:sendCloseCommand(1512)) - Sending close container command for container #3 to datanode 56a38eed-0cc2-4715-835e-d068c92ebf74{ip: 10.1.0.60, host: fv-az308-250.etcbaq1qs54eplwmrjlabigyle.cx.internal.cloudapp.net, ports: [REPLICATION=33567, RATIS=40671, RATIS_ADMIN=40671, RATIS_SERVER=40671, STANDALONE=37693], networkLocation: /default-rack, certSerialId: null, persistedOpState: IN_SERVICE, persistedOpStateExpiryEpochSec: 0}.
2022-10-16 13:14:44,011 [ReplicationMonitor] INFO  replication.ReplicationManager (ReplicationManager.java:sendCloseContainerReplicaCommand(467)) - Sending close container command for container #4 to datanode 56a38eed-0cc2-4715-835e-d068c92ebf74{ip: 10.1.0.60, host: fv-az308-250.etcbaq1qs54eplwmrjlabigyle.cx.internal.cloudapp.net, ports: [REPLICATION=33567, RATIS=40671, RATIS_ADMIN=40671, RATIS_SERVER=40671, STANDALONE=37693], networkLocation: /default-rack, certSerialId: null, persistedOpState: IN_SERVICE, persistedOpStateExpiryEpochSec: 0}.
2022-10-16 13:14:44,011 [ReplicationMonitor] INFO  replication.ReplicationManager (ReplicationManager.java:sendCloseContainerReplicaCommand(467)) - Sending close container command for container #4 to datanode 38a9bf41-2224-4aa1-adc3-26a20af34a93{ip: 10.1.0.60, host: fv-az308-250.etcbaq1qs54eplwmrjlabigyle.cx.internal.cloudapp.net, ports: [REPLICATION=37823, RATIS=37671, RATIS_ADMIN=37671, RATIS_SERVER=37671, STANDALONE=34011], networkLocation: /default-rack, certSerialId: null, persistedOpState: IN_SERVICE, persistedOpStateExpiryEpochSec: 0}.
2022-10-16 13:14:44,011 [ReplicationMonitor] INFO  replication.ReplicationManager (ReplicationManager.java:sendCloseContainerReplicaCommand(467)) - Sending close container command for container #4 to datanode 19c5685d-7faf-4816-a074-b6158b4e61e2{ip: 10.1.0.60, host: fv-az308-250.etcbaq1qs54eplwmrjlabigyle.cx.internal.cloudapp.net, ports: [REPLICATION=37885, RATIS=41227, RATIS_ADMIN=41227, RATIS_SERVER=41227, STANDALONE=41075], networkLocation: /default-rack, certSerialId: null, persistedOpState: IN_SERVICE, persistedOpStateExpiryEpochSec: 0}.
2022-10-16 13:14:44,011 [ReplicationMonitor] INFO  replication.ReplicationManager (ReplicationManager.java:sendCloseContainerReplicaCommand(467)) - Sending close container command for container #4 to datanode 15f04113-e53c-48b5-ac4f-c6d0b16f8f23{ip: 10.1.0.60, host: fv-az308-250.etcbaq1qs54eplwmrjlabigyle.cx.internal.cloudapp.net, ports: [REPLICATION=43039, RATIS=33623, RATIS_ADMIN=33623, RATIS_SERVER=33623, STANDALONE=44287], networkLocation: /default-rack, certSerialId: null, persistedOpState: IN_SERVICE, persistedOpStateExpiryEpochSec: 0}.
2022-10-16 13:14:44,011 [ReplicationMonitor] INFO  replication.ReplicationManager (ReplicationManager.java:sendCloseContainerReplicaCommand(467)) - Sending close container command for container #4 to datanode d6bb9e09-7a5d-4d11-b65a-7cc5dc53b33d{ip: 10.1.0.60, host: fv-az308-250.etcbaq1qs54eplwmrjlabigyle.cx.internal.cloudapp.net, ports: [REPLICATION=33315, RATIS=35493, RATIS_ADMIN=35493, RATIS_SERVER=35493, STANDALONE=43787], networkLocation: /default-rack, certSerialId: null, persistedOpState: IN_SERVICE, persistedOpStateExpiryEpochSec: 0}.
2022-10-16 13:14:44,012 [ReplicationMonitor] INFO  replication.ReplicationManager (ReplicationManager.java:sendCloseContainerReplicaCommand(467)) - Sending close container command for container #5 to datanode 19c5685d-7faf-4816-a074-b6158b4e61e2{ip: 10.1.0.60, host: fv-az308-250.etcbaq1qs54eplwmrjlabigyle.cx.internal.cloudapp.net, ports: [REPLICATION=37885, RATIS=41227, RATIS_ADMIN=41227, RATIS_SERVER=41227, STANDALONE=41075], networkLocation: /default-rack, certSerialId: null, persistedOpState: IN_SERVICE, persistedOpStateExpiryEpochSec: 0}.
2022-10-16 13:14:44,012 [ReplicationMonitor] INFO  replication.ReplicationManager (ReplicationManager.java:sendCloseContainerReplicaCommand(467)) - Sending close container command for container #5 to datanode d6bb9e09-7a5d-4d11-b65a-7cc5dc53b33d{ip: 10.1.0.60, host: fv-az308-250.etcbaq1qs54eplwmrjlabigyle.cx.internal.cloudapp.net, ports: [REPLICATION=33315, RATIS=35493, RATIS_ADMIN=35493, RATIS_SERVER=35493, STANDALONE=43787], networkLocation: /default-rack, certSerialId: null, persistedOpState: IN_SERVICE, persistedOpStateExpiryEpochSec: 0}.
2022-10-16 13:14:44,012 [ReplicationMonitor] INFO  replication.ReplicationManager (ReplicationManager.java:sendCloseContainerReplicaCommand(467)) - Sending close container command for container #5 to datanode 15f04113-e53c-48b5-ac4f-c6d0b16f8f23{ip: 10.1.0.60, host: fv-az308-250.etcbaq1qs54eplwmrjlabigyle.cx.internal.cloudapp.net, ports: [REPLICATION=43039, RATIS=33623, RATIS_ADMIN=33623, RATIS_SERVER=33623, STANDALONE=44287], networkLocation: /default-rack, certSerialId: null, persistedOpState: IN_SERVICE, persistedOpStateExpiryEpochSec: 0}.
2022-10-16 13:14:44,012 [ReplicationMonitor] INFO  replication.ReplicationManager (ReplicationManager.java:sendCloseContainerReplicaCommand(467)) - Sending close container command for container #5 to datanode 38a9bf41-2224-4aa1-adc3-26a20af34a93{ip: 10.1.0.60, host: fv-az308-250.etcbaq1qs54eplwmrjlabigyle.cx.internal.cloudapp.net, ports: [REPLICATION=37823, RATIS=37671, RATIS_ADMIN=37671, RATIS_SERVER=37671, STANDALONE=34011], networkLocation: /default-rack, certSerialId: null, persistedOpState: IN_SERVICE, persistedOpStateExpiryEpochSec: 0}.
2022-10-16 13:14:44,012 [ReplicationMonitor] INFO  replication.ReplicationManager (ReplicationManager.java:sendCloseContainerReplicaCommand(467)) - Sending close container command for container #5 to datanode 56a38eed-0cc2-4715-835e-d068c92ebf74{ip: 10.1.0.60, host: fv-az308-250.etcbaq1qs54eplwmrjlabigyle.cx.internal.cloudapp.net, ports: [REPLICATION=33567, RATIS=40671, RATIS_ADMIN=40671, RATIS_SERVER=40671, STANDALONE=37693], networkLocation: /default-rack, certSerialId: null, persistedOpState: IN_SERVICE, persistedOpStateExpiryEpochSec: 0}.
2022-10-16 13:14:44,012 [ReplicationMonitor] INFO  replication.ReplicationManager (ReplicationManager.java:sendCloseContainerReplicaCommand(467)) - Sending close container command for container #6 to datanode 38a9bf41-2224-4aa1-adc3-26a20af34a93{ip: 10.1.0.60, host: fv-az308-250.etcbaq1qs54eplwmrjlabigyle.cx.internal.cloudapp.net, ports: [REPLICATION=37823, RATIS=37671, RATIS_ADMIN=37671, RATIS_SERVER=37671, STANDALONE=34011], networkLocation: /default-rack, certSerialId: null, persistedOpState: IN_SERVICE, persistedOpStateExpiryEpochSec: 0}.
2022-10-16 13:14:44,012 [ReplicationMonitor] INFO  replication.ReplicationManager (ReplicationManager.java:sendCloseContainerReplicaCommand(467)) - Sending close container command for container #6 to datanode 56a38eed-0cc2-4715-835e-d068c92ebf74{ip: 10.1.0.60, host: fv-az308-250.etcbaq1qs54eplwmrjlabigyle.cx.internal.cloudapp.net, ports: [REPLICATION=33567, RATIS=40671, RATIS_ADMIN=40671, RATIS_SERVER=40671, STANDALONE=37693], networkLocation: /default-rack, certSerialId: null, persistedOpState: IN_SERVICE, persistedOpStateExpiryEpochSec: 0}.
2022-10-16 13:14:44,012 [ReplicationMonitor] INFO  replication.ReplicationManager (ReplicationManager.java:sendCloseContainerReplicaCommand(467)) - Sending close container command for container #6 to datanode 19c5685d-7faf-4816-a074-b6158b4e61e2{ip: 10.1.0.60, host: fv-az308-250.etcbaq1qs54eplwmrjlabigyle.cx.internal.cloudapp.net, ports: [REPLICATION=37885, RATIS=41227, RATIS_ADMIN=41227, RATIS_SERVER=41227, STANDALONE=41075], networkLocation: /default-rack, certSerialId: null, persistedOpState: IN_SERVICE, persistedOpStateExpiryEpochSec: 0}.
2022-10-16 13:14:44,012 [ReplicationMonitor] INFO  replication.ReplicationManager (ReplicationManager.java:sendCloseContainerReplicaCommand(467)) - Sending close container command for container #6 to datanode d6bb9e09-7a5d-4d11-b65a-7cc5dc53b33d{ip: 10.1.0.60, host: fv-az308-250.etcbaq1qs54eplwmrjlabigyle.cx.internal.cloudapp.net, ports: [REPLICATION=33315, RATIS=35493, RATIS_ADMIN=35493, RATIS_SERVER=35493, STANDALONE=43787], networkLocation: /default-rack, certSerialId: null, persistedOpState: IN_SERVICE, persistedOpStateExpiryEpochSec: 0}.
2022-10-16 13:14:44,012 [ReplicationMonitor] INFO  replication.ReplicationManager (ReplicationManager.java:sendCloseContainerReplicaCommand(467)) - Sending close container command for container #6 to datanode 15f04113-e53c-48b5-ac4f-c6d0b16f8f23{ip: 10.1.0.60, host: fv-az308-250.etcbaq1qs54eplwmrjlabigyle.cx.internal.cloudapp.net, ports: [REPLICATION=43039, RATIS=33623, RATIS_ADMIN=33623, RATIS_SERVER=33623, STANDALONE=44287], networkLocation: /default-rack, certSerialId: null, persistedOpState: IN_SERVICE, persistedOpStateExpiryEpochSec: 0}.
2022-10-16 13:14:44,012 [ReplicationMonitor] INFO  replication.ReplicationManager (ReplicationManager.java:sendCloseContainerReplicaCommand(467)) - Sending close container command for container #7 to datanode d6bb9e09-7a5d-4d11-b65a-7cc5dc53b33d{ip: 10.1.0.60, host: fv-az308-250.etcbaq1qs54eplwmrjlabigyle.cx.internal.cloudapp.net, ports: [REPLICATION=33315, RATIS=35493, RATIS_ADMIN=35493, RATIS_SERVER=35493, STANDALONE=43787], networkLocation: /default-rack, certSerialId: null, persistedOpState: IN_SERVICE, persistedOpStateExpiryEpochSec: 0}.
2022-10-16 13:14:44,012 [ReplicationMonitor] INFO  replication.ReplicationManager (ReplicationManager.java:sendCloseContainerReplicaCommand(467)) - Sending close container command for container #7 to datanode 56a38eed-0cc2-4715-835e-d068c92ebf74{ip: 10.1.0.60, host: fv-az308-250.etcbaq1qs54eplwmrjlabigyle.cx.internal.cloudapp.net, ports: [REPLICATION=33567, RATIS=40671, RATIS_ADMIN=40671, RATIS_SERVER=40671, STANDALONE=37693], networkLocation: /default-rack, certSerialId: null, persistedOpState: IN_SERVICE, persistedOpStateExpiryEpochSec: 0}.
2022-10-16 13:14:44,012 [ReplicationMonitor] INFO  replication.ReplicationManager (ReplicationManager.java:sendCloseContainerReplicaCommand(467)) - Sending close container command for container #7 to datanode 15f04113-e53c-48b5-ac4f-c6d0b16f8f23{ip: 10.1.0.60, host: fv-az308-250.etcbaq1qs54eplwmrjlabigyle.cx.internal.cloudapp.net, ports: [REPLICATION=43039, RATIS=33623, RATIS_ADMIN=33623, RATIS_SERVER=33623, STANDALONE=44287], networkLocation: /default-rack, certSerialId: null, persistedOpState: IN_SERVICE, persistedOpStateExpiryEpochSec: 0}.
2022-10-16 13:14:44,013 [ReplicationMonitor] INFO  replication.ReplicationManager (ReplicationManager.java:sendCloseContainerReplicaCommand(467)) - Sending close container command for container #7 to datanode 38a9bf41-2224-4aa1-adc3-26a20af34a93{ip: 10.1.0.60, host: fv-az308-250.etcbaq1qs54eplwmrjlabigyle.cx.internal.cloudapp.net, ports: [REPLICATION=37823, RATIS=37671, RATIS_ADMIN=37671, RATIS_SERVER=37671, STANDALONE=34011], networkLocation: /default-rack, certSerialId: null, persistedOpState: IN_SERVICE, persistedOpStateExpiryEpochSec: 0}.
2022-10-16 13:14:44,013 [ReplicationMonitor] INFO  replication.ReplicationManager (ReplicationManager.java:sendCloseContainerReplicaCommand(467)) - Sending close container command for container #7 to datanode 19c5685d-7faf-4816-a074-b6158b4e61e2{ip: 10.1.0.60, host: fv-az308-250.etcbaq1qs54eplwmrjlabigyle.cx.internal.cloudapp.net, ports: [REPLICATION=37885, RATIS=41227, RATIS_ADMIN=41227, RATIS_SERVER=41227, STANDALONE=41075], networkLocation: /default-rack, certSerialId: null, persistedOpState: IN_SERVICE, persistedOpStateExpiryEpochSec: 0}.
2022-10-16 13:14:44,013 [ReplicationMonitor] INFO  replication.ReplicationManager (ReplicationManager.java:processAll(324)) - Replication Monitor Thread took 5 milliseconds for processing 7 containers.
2022-10-16 13:14:44,919 [Command processor thread] INFO  keyvalue.KeyValueContainer (KeyValueContainer.java:flushAndSyncDB(436)) - Container 7 is synced with bcsId 0.
2022-10-16 13:14:44,920 [Command processor thread] INFO  keyvalue.KeyValueContainer (KeyValueContainer.java:flushAndSyncDB(436)) - Container 7 is synced with bcsId 0.
2022-10-16 13:14:44,923 [Command processor thread] INFO  keyvalue.KeyValueContainer (KeyValueContainer.java:close(351)) - Container 7 is closed with bcsId 0.
2022-10-16 13:14:44,925 [FixedThreadPoolWithAffinityExecutor-8-0] INFO  container.IncrementalContainerReportHandler (AbstractContainerReportHandler.java:updateContainerState(292)) - Moving container #7 to CLOSED state, datanode d6bb9e09-7a5d-4d11-b65a-7cc5dc53b33d{ip: 10.1.0.60, host: fv-az308-250.etcbaq1qs54eplwmrjlabigyle.cx.internal.cloudapp.net, ports: [REPLICATION=33315, RATIS=35493, RATIS_ADMIN=35493, RATIS_SERVER=35493, STANDALONE=43787], networkLocation: /default-rack, certSerialId: null, persistedOpState: IN_SERVICE, persistedOpStateExpiryEpochSec: 0} reported CLOSED replica.
2022-10-16 13:14:44,950 [Command processor thread] INFO  keyvalue.KeyValueContainer (KeyValueContainer.java:flushAndSyncDB(436)) - Container 5 is synced with bcsId 0.
2022-10-16 13:14:44,950 [Command processor thread] INFO  keyvalue.KeyValueContainer (KeyValueContainer.java:flushAndSyncDB(436)) - Container 5 is synced with bcsId 0.
2022-10-16 13:14:44,952 [Command processor thread] INFO  keyvalue.KeyValueContainer (KeyValueContainer.java:close(351)) - Container 5 is closed with bcsId 0.
2022-10-16 13:14:44,953 [FixedThreadPoolWithAffinityExecutor-1-0] INFO  container.IncrementalContainerReportHandler (AbstractContainerReportHandler.java:updateContainerState(292)) - Moving container #5 to CLOSED state, datanode d6bb9e09-7a5d-4d11-b65a-7cc5dc53b33d{ip: 10.1.0.60, host: fv-az308-250.etcbaq1qs54eplwmrjlabigyle.cx.internal.cloudapp.net, ports: [REPLICATION=33315, RATIS=35493, RATIS_ADMIN=35493, RATIS_SERVER=35493, STANDALONE=43787], networkLocation: /default-rack, certSerialId: null, persistedOpState: IN_SERVICE, persistedOpStateExpiryEpochSec: 0} reported CLOSED replica.
2022-10-16 13:14:44,976 [Command processor thread] INFO  keyvalue.KeyValueContainer (KeyValueContainer.java:flushAndSyncDB(436)) - Container 4 is synced with bcsId 0.
2022-10-16 13:14:44,976 [Command processor thread] INFO  keyvalue.KeyValueContainer (KeyValueContainer.java:flushAndSyncDB(436)) - Container 4 is synced with bcsId 0.
2022-10-16 13:14:44,978 [Command processor thread] INFO  keyvalue.KeyValueContainer (KeyValueContainer.java:close(351)) - Container 4 is closed with bcsId 0.
2022-10-16 13:14:44,979 [FixedThreadPoolWithAffinityExecutor-0-0] INFO  container.IncrementalContainerReportHandler (AbstractContainerReportHandler.java:updateContainerState(292)) - Moving container #4 to CLOSED state, datanode d6bb9e09-7a5d-4d11-b65a-7cc5dc53b33d{ip: 10.1.0.60, host: fv-az308-250.etcbaq1qs54eplwmrjlabigyle.cx.internal.cloudapp.net, ports: [REPLICATION=33315, RATIS=35493, RATIS_ADMIN=35493, RATIS_SERVER=35493, STANDALONE=43787], networkLocation: /default-rack, certSerialId: null, persistedOpState: IN_SERVICE, persistedOpStateExpiryEpochSec: 0} reported CLOSED replica.
2022-10-16 13:14:44,998 [Listener at 127.0.0.1/36155] INFO  utils.BackgroundService (BackgroundService.java:shutdown(141)) - Shutting down service BlockDeletingService
2022-10-16 13:14:44,999 [Listener at 127.0.0.1/36155] INFO  utils.BackgroundService (BackgroundService.java:shutdown(141)) - Shutting down service StaleRecoveringContainerScrubbingService
2022-10-16 13:14:45,001 [Listener at 127.0.0.1/36155] INFO  statemachine.DatanodeStateMachine (DatanodeStateMachine.java:stopDaemon(580)) - Ozone container server stopped.
2022-10-16 13:14:45,013 [Listener at 127.0.0.1/36155] INFO  handler.ContextHandler (ContextHandler.java:doStop(1153)) - Stopped o.e.j.w.WebAppContext@71acd20d{hddsDatanode,/,null,STOPPED}{jar:file:/home/runner/.m2/repository/org/apache/ozone/hdds-container-service/1.3.0-SNAPSHOT/hdds-container-service-1.3.0-SNAPSHOT.jar!/webapps/hddsDatanode}
2022-10-16 13:14:45,013 [ReplicationMonitor] INFO  replication.LegacyReplicationManager (LegacyReplicationManager.java:sendCloseCommand(1512)) - Sending close container command for container #1 to datanode 15f04113-e53c-48b5-ac4f-c6d0b16f8f23{ip: 10.1.0.60, host: fv-az308-250.etcbaq1qs54eplwmrjlabigyle.cx.internal.cloudapp.net, ports: [REPLICATION=43039, RATIS=33623, RATIS_ADMIN=33623, RATIS_SERVER=33623, STANDALONE=44287], networkLocation: /default-rack, certSerialId: null, persistedOpState: IN_SERVICE, persistedOpStateExpiryEpochSec: 0}.
2022-10-16 13:14:45,015 [ReplicationMonitor] INFO  replication.LegacyReplicationManager (LegacyReplicationManager.java:sendCloseCommand(1512)) - Sending close container command for container #1 to datanode 19c5685d-7faf-4816-a074-b6158b4e61e2{ip: 10.1.0.60, host: fv-az308-250.etcbaq1qs54eplwmrjlabigyle.cx.internal.cloudapp.net, ports: [REPLICATION=37885, RATIS=41227, RATIS_ADMIN=41227, RATIS_SERVER=41227, STANDALONE=41075], networkLocation: /default-rack, certSerialId: null, persistedOpState: IN_SERVICE, persistedOpStateExpiryEpochSec: 0}.
2022-10-16 13:14:45,015 [ReplicationMonitor] INFO  replication.LegacyReplicationManager (LegacyReplicationManager.java:sendCloseCommand(1512)) - Sending close container command for container #1 to datanode 56a38eed-0cc2-4715-835e-d068c92ebf74{ip: 10.1.0.60, host: fv-az308-250.etcbaq1qs54eplwmrjlabigyle.cx.internal.cloudapp.net, ports: [REPLICATION=33567, RATIS=40671, RATIS_ADMIN=40671, RATIS_SERVER=40671, STANDALONE=37693], networkLocation: /default-rack, certSerialId: null, persistedOpState: IN_SERVICE, persistedOpStateExpiryEpochSec: 0}.
2022-10-16 13:14:45,015 [Listener at 127.0.0.1/36155] INFO  server.AbstractConnector (AbstractConnector.java:doStop(381)) - Stopped ServerConnector@3a674745{HTTP/1.1, (http/1.1)}{0.0.0.0:0}
2022-10-16 13:14:45,018 [ForkJoinPool.commonPool-worker-0] INFO  ozoneimpl.OzoneContainer (OzoneContainer.java:stop(400)) - Attempting to stop container services.
2022-10-16 13:14:45,017 [Command processor thread] INFO  keyvalue.KeyValueContainer (KeyValueContainer.java:flushAndSyncDB(436)) - Container 6 is synced with bcsId 0.
2022-10-16 13:14:45,016 [ReplicationMonitor] INFO  replication.LegacyReplicationManager (LegacyReplicationManager.java:sendCloseCommand(1512)) - Sending close container command for container #2 to datanode 56a38eed-0cc2-4715-835e-d068c92ebf74{ip: 10.1.0.60, host: fv-az308-250.etcbaq1qs54eplwmrjlabigyle.cx.internal.cloudapp.net, ports: [REPLICATION=33567, RATIS=40671, RATIS_ADMIN=40671, RATIS_SERVER=40671, STANDALONE=37693], networkLocation: /default-rack, certSerialId: null, persistedOpState: IN_SERVICE, persistedOpStateExpiryEpochSec: 0}.
2022-10-16 13:14:45,022 [ReplicationMonitor] INFO  replication.LegacyReplicationManager (LegacyReplicationManager.java:sendCloseCommand(1512)) - Sending close container command for container #2 to datanode 15f04113-e53c-48b5-ac4f-c6d0b16f8f23{ip: 10.1.0.60, host: fv-az308-250.etcbaq1qs54eplwmrjlabigyle.cx.internal.cloudapp.net, ports: [REPLICATION=43039, RATIS=33623, RATIS_ADMIN=33623, RATIS_SERVER=33623, STANDALONE=44287], networkLocation: /default-rack, certSerialId: null, persistedOpState: IN_SERVICE, persistedOpStateExpiryEpochSec: 0}.
2022-10-16 13:14:45,022 [ReplicationMonitor] INFO  replication.LegacyReplicationManager (LegacyReplicationManager.java:sendCloseCommand(1512)) - Sending close container command for container #2 to datanode 19c5685d-7faf-4816-a074-b6158b4e61e2{ip: 10.1.0.60, host: fv-az308-250.etcbaq1qs54eplwmrjlabigyle.cx.internal.cloudapp.net, ports: [REPLICATION=37885, RATIS=41227, RATIS_ADMIN=41227, RATIS_SERVER=41227, STANDALONE=41075], networkLocation: /default-rack, certSerialId: null, persistedOpState: IN_SERVICE, persistedOpStateExpiryEpochSec: 0}.
2022-10-16 13:14:45,022 [Listener at 127.0.0.1/36155] INFO  server.session (HouseKeeper.java:stopScavenging(149)) - node0 Stopped scavenging
2022-10-16 13:14:45,025 [Command processor thread] INFO  keyvalue.KeyValueContainer (KeyValueContainer.java:flushAndSyncDB(436)) - Container 6 is synced with bcsId 0.
2022-10-16 13:14:45,023 [ForkJoinPool.commonPool-worker-0] INFO  server.RaftServer (RaftServerProxy.java:lambda$close$7(398)) - d6bb9e09-7a5d-4d11-b65a-7cc5dc53b33d: close
2022-10-16 13:14:45,028 [ForkJoinPool.commonPool-worker-0] INFO  server.RaftServer$Division (RaftServerImpl.java:lambda$close$4(434)) - d6bb9e09-7a5d-4d11-b65a-7cc5dc53b33d@group-25894138464C: shutdown
2022-10-16 13:14:45,028 [ForkJoinPool.commonPool-worker-0] INFO  util.JmxRegister (JmxRegister.java:unregister(73)) - Successfully un-registered JMX Bean with object name Ratis:service=RaftServer,group=group-25894138464C,id=d6bb9e09-7a5d-4d11-b65a-7cc5dc53b33d
2022-10-16 13:14:45,028 [ForkJoinPool.commonPool-worker-0] INFO  impl.RoleInfo (RoleInfo.java:shutdownLeaderState(93)) - d6bb9e09-7a5d-4d11-b65a-7cc5dc53b33d: shutdown d6bb9e09-7a5d-4d11-b65a-7cc5dc53b33d@group-25894138464C-LeaderStateImpl
2022-10-16 13:14:45,028 [ForkJoinPool.commonPool-worker-0] INFO  impl.PendingRequests (PendingRequests.java:sendNotLeaderResponses(282)) - d6bb9e09-7a5d-4d11-b65a-7cc5dc53b33d@group-25894138464C-PendingRequests: sendNotLeaderResponses
2022-10-16 13:14:45,029 [ForkJoinPool.commonPool-worker-0] INFO  impl.StateMachineUpdater (StateMachineUpdater.java:stopAndJoin(153)) - d6bb9e09-7a5d-4d11-b65a-7cc5dc53b33d@group-25894138464C-StateMachineUpdater: set stopIndex = 0
2022-10-16 13:14:45,023 [ReplicationMonitor] INFO  replication.LegacyReplicationManager (LegacyReplicationManager.java:sendCloseCommand(1512)) - Sending close container command for container #3 to datanode 19c5685d-7faf-4816-a074-b6158b4e61e2{ip: 10.1.0.60, host: fv-az308-250.etcbaq1qs54eplwmrjlabigyle.cx.internal.cloudapp.net, ports: [REPLICATION=37885, RATIS=41227, RATIS_ADMIN=41227, RATIS_SERVER=41227, STANDALONE=41075], networkLocation: /default-rack, certSerialId: null, persistedOpState: IN_SERVICE, persistedOpStateExpiryEpochSec: 0}.
2022-10-16 13:14:45,029 [d6bb9e09-7a5d-4d11-b65a-7cc5dc53b33d@group-25894138464C-StateMachineUpdater] INFO  ratis.ContainerStateMachine (ContainerStateMachine.java:takeSnapshot(304)) - group-25894138464C: Taking a snapshot at:(t:1, i:0) file /home/runner/work/ozone/ozone/hadoop-ozone/integration-test/target/test-dir/MiniOzoneClusterImpl-57f5d021-d9de-4630-9dce-fc102de9b2f6/datanode-3/data/ratis/6cd84686-a9da-4b28-b289-25894138464c/sm/snapshot.1_0
2022-10-16 13:14:45,025 [Listener at 127.0.0.1/36155] INFO  handler.ContextHandler (ContextHandler.java:doStop(1153)) - Stopped o.e.j.s.ServletContextHandler@70c5db85{static,/static,jar:file:/home/runner/.m2/repository/org/apache/ozone/hdds-container-service/1.3.0-SNAPSHOT/hdds-container-service-1.3.0-SNAPSHOT.jar!/webapps/static,STOPPED}
2022-10-16 13:14:45,030 [d6bb9e09-7a5d-4d11-b65a-7cc5dc53b33d@group-25894138464C-StateMachineUpdater] INFO  ratis.ContainerStateMachine (ContainerStateMachine.java:takeSnapshot(315)) - group-25894138464C: Finished taking a snapshot at:(t:1, i:0) file:/home/runner/work/ozone/ozone/hadoop-ozone/integration-test/target/test-dir/MiniOzoneClusterImpl-57f5d021-d9de-4630-9dce-fc102de9b2f6/datanode-3/data/ratis/6cd84686-a9da-4b28-b289-25894138464c/sm/snapshot.1_0 took: 0 ms
2022-10-16 13:14:45,029 [ReplicationMonitor] INFO  replication.LegacyReplicationManager (LegacyReplicationManager.java:sendCloseCommand(1512)) - Sending close container command for container #3 to datanode 15f04113-e53c-48b5-ac4f-c6d0b16f8f23{ip: 10.1.0.60, host: fv-az308-250.etcbaq1qs54eplwmrjlabigyle.cx.internal.cloudapp.net, ports: [REPLICATION=43039, RATIS=33623, RATIS_ADMIN=33623, RATIS_SERVER=33623, STANDALONE=44287], networkLocation: /default-rack, certSerialId: null, persistedOpState: IN_SERVICE, persistedOpStateExpiryEpochSec: 0}.
2022-10-16 13:14:45,030 [ReplicationMonitor] INFO  replication.LegacyReplicationManager (LegacyReplicationManager.java:sendCloseCommand(1512)) - Sending close container command for container #3 to datanode 56a38eed-0cc2-4715-835e-d068c92ebf74{ip: 10.1.0.60, host: fv-az308-250.etcbaq1qs54eplwmrjlabigyle.cx.internal.cloudapp.net, ports: [REPLICATION=33567, RATIS=40671, RATIS_ADMIN=40671, RATIS_SERVER=40671, STANDALONE=37693], networkLocation: /default-rack, certSerialId: null, persistedOpState: IN_SERVICE, persistedOpStateExpiryEpochSec: 0}.
2022-10-16 13:14:45,030 [d6bb9e09-7a5d-4d11-b65a-7cc5dc53b33d@group-25894138464C-StateMachineUpdater] INFO  impl.StateMachineUpdater (StateMachineUpdater.java:takeSnapshot(287)) - d6bb9e09-7a5d-4d11-b65a-7cc5dc53b33d@group-25894138464C-StateMachineUpdater: Took a snapshot at index 0
2022-10-16 13:14:45,033 [d6bb9e09-7a5d-4d11-b65a-7cc5dc53b33d@group-25894138464C-StateMachineUpdater] INFO  impl.StateMachineUpdater (StateMachineUpdater.java:lambda$new$0(92)) - d6bb9e09-7a5d-4d11-b65a-7cc5dc53b33d@group-25894138464C-StateMachineUpdater: snapshotIndex: updateIncreasingly -1 -> 0
2022-10-16 13:14:45,033 [ForkJoinPool.commonPool-worker-0] INFO  server.RaftServer$Division (ServerState.java:close(429)) - d6bb9e09-7a5d-4d11-b65a-7cc5dc53b33d@group-25894138464C: closes. applyIndex: 0
2022-10-16 13:14:45,032 [ReplicationMonitor] INFO  replication.ReplicationManager (ReplicationManager.java:sendCloseContainerReplicaCommand(467)) - Sending close container command for container #4 to datanode 56a38eed-0cc2-4715-835e-d068c92ebf74{ip: 10.1.0.60, host: fv-az308-250.etcbaq1qs54eplwmrjlabigyle.cx.internal.cloudapp.net, ports: [REPLICATION=33567, RATIS=40671, RATIS_ADMIN=40671, RATIS_SERVER=40671, STANDALONE=37693], networkLocation: /default-rack, certSerialId: null, persistedOpState: IN_SERVICE, persistedOpStateExpiryEpochSec: 0}.
2022-10-16 13:14:45,044 [ReplicationMonitor] INFO  replication.ReplicationManager (ReplicationManager.java:sendCloseContainerReplicaCommand(467)) - Sending close container command for container #4 to datanode 38a9bf41-2224-4aa1-adc3-26a20af34a93{ip: 10.1.0.60, host: fv-az308-250.etcbaq1qs54eplwmrjlabigyle.cx.internal.cloudapp.net, ports: [REPLICATION=37823, RATIS=37671, RATIS_ADMIN=37671, RATIS_SERVER=37671, STANDALONE=34011], networkLocation: /default-rack, certSerialId: null, persistedOpState: IN_SERVICE, persistedOpStateExpiryEpochSec: 0}.
2022-10-16 13:14:45,044 [ReplicationMonitor] INFO  replication.ReplicationManager (ReplicationManager.java:sendCloseContainerReplicaCommand(467)) - Sending close container command for container #4 to datanode 19c5685d-7faf-4816-a074-b6158b4e61e2{ip: 10.1.0.60, host: fv-az308-250.etcbaq1qs54eplwmrjlabigyle.cx.internal.cloudapp.net, ports: [REPLICATION=37885, RATIS=41227, RATIS_ADMIN=41227, RATIS_SERVER=41227, STANDALONE=41075], networkLocation: /default-rack, certSerialId: null, persistedOpState: IN_SERVICE, persistedOpStateExpiryEpochSec: 0}.
2022-10-16 13:14:45,044 [ReplicationMonitor] INFO  replication.ReplicationManager (ReplicationManager.java:sendCloseContainerReplicaCommand(467)) - Sending close container command for container #4 to datanode 15f04113-e53c-48b5-ac4f-c6d0b16f8f23{ip: 10.1.0.60, host: fv-az308-250.etcbaq1qs54eplwmrjlabigyle.cx.internal.cloudapp.net, ports: [REPLICATION=43039, RATIS=33623, RATIS_ADMIN=33623, RATIS_SERVER=33623, STANDALONE=44287], networkLocation: /default-rack, certSerialId: null, persistedOpState: IN_SERVICE, persistedOpStateExpiryEpochSec: 0}.
2022-10-16 13:14:45,044 [ReplicationMonitor] INFO  replication.ReplicationManager (ReplicationManager.java:sendCloseContainerReplicaCommand(467)) - Sending close container command for container #5 to datanode 19c5685d-7faf-4816-a074-b6158b4e61e2{ip: 10.1.0.60, host: fv-az308-250.etcbaq1qs54eplwmrjlabigyle.cx.internal.cloudapp.net, ports: [REPLICATION=37885, RATIS=41227, RATIS_ADMIN=41227, RATIS_SERVER=41227, STANDALONE=41075], networkLocation: /default-rack, certSerialId: null, persistedOpState: IN_SERVICE, persistedOpStateExpiryEpochSec: 0}.
2022-10-16 13:14:45,045 [ReplicationMonitor] INFO  replication.ReplicationManager (ReplicationManager.java:sendCloseContainerReplicaCommand(467)) - Sending close container command for container #5 to datanode 15f04113-e53c-48b5-ac4f-c6d0b16f8f23{ip: 10.1.0.60, host: fv-az308-250.etcbaq1qs54eplwmrjlabigyle.cx.internal.cloudapp.net, ports: [REPLICATION=43039, RATIS=33623, RATIS_ADMIN=33623, RATIS_SERVER=33623, STANDALONE=44287], networkLocation: /default-rack, certSerialId: null, persistedOpState: IN_SERVICE, persistedOpStateExpiryEpochSec: 0}.
2022-10-16 13:14:45,045 [ReplicationMonitor] INFO  replication.ReplicationManager (ReplicationManager.java:sendCloseContainerReplicaCommand(467)) - Sending close container command for container #5 to datanode 38a9bf41-2224-4aa1-adc3-26a20af34a93{ip: 10.1.0.60, host: fv-az308-250.etcbaq1qs54eplwmrjlabigyle.cx.internal.cloudapp.net, ports: [REPLICATION=37823, RATIS=37671, RATIS_ADMIN=37671, RATIS_SERVER=37671, STANDALONE=34011], networkLocation: /default-rack, certSerialId: null, persistedOpState: IN_SERVICE, persistedOpStateExpiryEpochSec: 0}.
2022-10-16 13:14:45,045 [ReplicationMonitor] INFO  replication.ReplicationManager (ReplicationManager.java:sendCloseContainerReplicaCommand(467)) - Sending close container command for container #5 to datanode 56a38eed-0cc2-4715-835e-d068c92ebf74{ip: 10.1.0.60, host: fv-az308-250.etcbaq1qs54eplwmrjlabigyle.cx.internal.cloudapp.net, ports: [REPLICATION=33567, RATIS=40671, RATIS_ADMIN=40671, RATIS_SERVER=40671, STANDALONE=37693], networkLocation: /default-rack, certSerialId: null, persistedOpState: IN_SERVICE, persistedOpStateExpiryEpochSec: 0}.
2022-10-16 13:14:45,045 [ReplicationMonitor] INFO  replication.ReplicationManager (ReplicationManager.java:sendCloseContainerReplicaCommand(467)) - Sending close container command for container #6 to datanode 38a9bf41-2224-4aa1-adc3-26a20af34a93{ip: 10.1.0.60, host: fv-az308-250.etcbaq1qs54eplwmrjlabigyle.cx.internal.cloudapp.net, ports: [REPLICATION=37823, RATIS=37671, RATIS_ADMIN=37671, RATIS_SERVER=37671, STANDALONE=34011], networkLocation: /default-rack, certSerialId: null, persistedOpState: IN_SERVICE, persistedOpStateExpiryEpochSec: 0}.
2022-10-16 13:14:45,045 [ReplicationMonitor] INFO  replication.ReplicationManager (ReplicationManager.java:sendCloseContainerReplicaCommand(467)) - Sending close container command for container #6 to datanode 56a38eed-0cc2-4715-835e-d068c92ebf74{ip: 10.1.0.60, host: fv-az308-250.etcbaq1qs54eplwmrjlabigyle.cx.internal.cloudapp.net, ports: [REPLICATION=33567, RATIS=40671, RATIS_ADMIN=40671, RATIS_SERVER=40671, STANDALONE=37693], networkLocation: /default-rack, certSerialId: null, persistedOpState: IN_SERVICE, persistedOpStateExpiryEpochSec: 0}.
2022-10-16 13:14:45,045 [ReplicationMonitor] INFO  replication.ReplicationManager (ReplicationManager.java:sendCloseContainerReplicaCommand(467)) - Sending close container command for container #6 to datanode 19c5685d-7faf-4816-a074-b6158b4e61e2{ip: 10.1.0.60, host: fv-az308-250.etcbaq1qs54eplwmrjlabigyle.cx.internal.cloudapp.net, ports: [REPLICATION=37885, RATIS=41227, RATIS_ADMIN=41227, RATIS_SERVER=41227, STANDALONE=41075], networkLocation: /default-rack, certSerialId: null, persistedOpState: IN_SERVICE, persistedOpStateExpiryEpochSec: 0}.
2022-10-16 13:14:45,045 [ReplicationMonitor] INFO  replication.ReplicationManager (ReplicationManager.java:sendCloseContainerReplicaCommand(467)) - Sending close container command for container #6 to datanode 15f04113-e53c-48b5-ac4f-c6d0b16f8f23{ip: 10.1.0.60, host: fv-az308-250.etcbaq1qs54eplwmrjlabigyle.cx.internal.cloudapp.net, ports: [REPLICATION=43039, RATIS=33623, RATIS_ADMIN=33623, RATIS_SERVER=33623, STANDALONE=44287], networkLocation: /default-rack, certSerialId: null, persistedOpState: IN_SERVICE, persistedOpStateExpiryEpochSec: 0}.
2022-10-16 13:14:45,045 [ReplicationMonitor] INFO  replication.ReplicationManager (ReplicationManager.java:sendCloseContainerReplicaCommand(467)) - Sending close container command for container #6 to datanode d6bb9e09-7a5d-4d11-b65a-7cc5dc53b33d{ip: 10.1.0.60, host: fv-az308-250.etcbaq1qs54eplwmrjlabigyle.cx.internal.cloudapp.net, ports: [REPLICATION=33315, RATIS=35493, RATIS_ADMIN=35493, RATIS_SERVER=35493, STANDALONE=43787], networkLocation: /default-rack, certSerialId: null, persistedOpState: IN_SERVICE, persistedOpStateExpiryEpochSec: 0}.
2022-10-16 13:14:45,045 [ReplicationMonitor] INFO  replication.ReplicationManager (ReplicationManager.java:sendCloseContainerReplicaCommand(467)) - Sending close container command for container #7 to datanode 56a38eed-0cc2-4715-835e-d068c92ebf74{ip: 10.1.0.60, host: fv-az308-250.etcbaq1qs54eplwmrjlabigyle.cx.internal.cloudapp.net, ports: [REPLICATION=33567, RATIS=40671, RATIS_ADMIN=40671, RATIS_SERVER=40671, STANDALONE=37693], networkLocation: /default-rack, certSerialId: null, persistedOpState: IN_SERVICE, persistedOpStateExpiryEpochSec: 0}.
2022-10-16 13:14:45,045 [ReplicationMonitor] INFO  replication.ReplicationManager (ReplicationManager.java:sendCloseContainerReplicaCommand(467)) - Sending close container command for container #7 to datanode 15f04113-e53c-48b5-ac4f-c6d0b16f8f23{ip: 10.1.0.60, host: fv-az308-250.etcbaq1qs54eplwmrjlabigyle.cx.internal.cloudapp.net, ports: [REPLICATION=43039, RATIS=33623, RATIS_ADMIN=33623, RATIS_SERVER=33623, STANDALONE=44287], networkLocation: /default-rack, certSerialId: null, persistedOpState: IN_SERVICE, persistedOpStateExpiryEpochSec: 0}.
2022-10-16 13:14:45,045 [ReplicationMonitor] INFO  replication.ReplicationManager (ReplicationManager.java:sendCloseContainerReplicaCommand(467)) - Sending close container command for container #7 to datanode 38a9bf41-2224-4aa1-adc3-26a20af34a93{ip: 10.1.0.60, host: fv-az308-250.etcbaq1qs54eplwmrjlabigyle.cx.internal.cloudapp.net, ports: [REPLICATION=37823, RATIS=37671, RATIS_ADMIN=37671, RATIS_SERVER=37671, STANDALONE=34011], networkLocation: /default-rack, certSerialId: null, persistedOpState: IN_SERVICE, persistedOpStateExpiryEpochSec: 0}.
2022-10-16 13:14:45,045 [ReplicationMonitor] INFO  replication.ReplicationManager (ReplicationManager.java:sendCloseContainerReplicaCommand(467)) - Sending close container command for container #7 to datanode 19c5685d-7faf-4816-a074-b6158b4e61e2{ip: 10.1.0.60, host: fv-az308-250.etcbaq1qs54eplwmrjlabigyle.cx.internal.cloudapp.net, ports: [REPLICATION=37885, RATIS=41227, RATIS_ADMIN=41227, RATIS_SERVER=41227, STANDALONE=41075], networkLocation: /default-rack, certSerialId: null, persistedOpState: IN_SERVICE, persistedOpStateExpiryEpochSec: 0}.
2022-10-16 13:14:45,045 [ReplicationMonitor] INFO  replication.ReplicationManager (ReplicationManager.java:processAll(324)) - Replication Monitor Thread took 33 milliseconds for processing 7 containers.
2022-10-16 13:14:45,032 [Command processor thread] INFO  keyvalue.KeyValueContainer (KeyValueContainer.java:close(351)) - Container 6 is closed with bcsId 0.
2022-10-16 13:14:45,044 [d6bb9e09-7a5d-4d11-b65a-7cc5dc53b33d@group-25894138464C-SegmentedRaftLogWorker] INFO  segmented.SegmentedRaftLogWorker (SegmentedRaftLogWorker.java:run(336)) - d6bb9e09-7a5d-4d11-b65a-7cc5dc53b33d@group-25894138464C-SegmentedRaftLogWorker was interrupted, exiting. There are 0 tasks remaining in the queue.
2022-10-16 13:14:45,047 [ForkJoinPool.commonPool-worker-0] INFO  segmented.SegmentedRaftLogWorker (SegmentedRaftLogWorker.java:close(246)) - d6bb9e09-7a5d-4d11-b65a-7cc5dc53b33d@group-25894138464C-SegmentedRaftLogWorker close()
2022-10-16 13:14:45,036 [Listener at 127.0.0.1/36155] INFO  handler.ContextHandler (ContextHandler.java:doStop(1153)) - Stopped o.e.j.s.ServletContextHandler@326d5528{logs,/logs,file:///home/runner/work/ozone/ozone/hadoop-ozone/integration-test/target/log,STOPPED}
2022-10-16 13:14:45,048 [ForkJoinPool.commonPool-worker-0] INFO  server.GrpcService (GrpcService.java:closeImpl(269)) - d6bb9e09-7a5d-4d11-b65a-7cc5dc53b33d: shutdown server with port 35493 now
2022-10-16 13:14:45,052 [ForkJoinPool.commonPool-worker-0] INFO  server.GrpcService (GrpcService.java:closeImpl(278)) - d6bb9e09-7a5d-4d11-b65a-7cc5dc53b33d: shutdown server with port 35493 successfully
2022-10-16 13:14:45,052 [org.apache.ratis.util.JvmPauseMonitor$$Lambda$639/339294883@263377c5] INFO  util.JvmPauseMonitor (JvmPauseMonitor.java:run(109)) - JvmPauseMonitor-d6bb9e09-7a5d-4d11-b65a-7cc5dc53b33d: Stopped
]]></system-out>
    <system-err><![CDATA[Oct 16, 2022 1:14:32 PM org.apache.ratis.thirdparty.io.grpc.internal.ManagedChannelOrphanWrapper$ManagedChannelReference cleanQueue
SEVERE: *~*~*~ Channel ManagedChannelImpl{logId=84, target=10.1.0.60:37693} was not shutdown properly!!! ~*~*~*
    Make sure to call shutdown()/shutdownNow() and wait until awaitTermination() returns true.
java.lang.RuntimeException: ManagedChannel allocation site
	at org.apache.ratis.thirdparty.io.grpc.internal.ManagedChannelOrphanWrapper$ManagedChannelReference.<init>(ManagedChannelOrphanWrapper.java:93)
	at org.apache.ratis.thirdparty.io.grpc.internal.ManagedChannelOrphanWrapper.<init>(ManagedChannelOrphanWrapper.java:53)
	at org.apache.ratis.thirdparty.io.grpc.internal.ManagedChannelOrphanWrapper.<init>(ManagedChannelOrphanWrapper.java:44)
	at org.apache.ratis.thirdparty.io.grpc.internal.ManagedChannelImplBuilder.build(ManagedChannelImplBuilder.java:630)
	at org.apache.ratis.thirdparty.io.grpc.internal.AbstractManagedChannelImplBuilder.build(AbstractManagedChannelImplBuilder.java:297)
	at org.apache.hadoop.hdds.scm.XceiverClientGrpc.connectToDatanode(XceiverClientGrpc.java:205)
	at org.apache.hadoop.hdds.scm.XceiverClientGrpc.connect(XceiverClientGrpc.java:158)
	at org.apache.hadoop.hdds.scm.XceiverClientManager$2.call(XceiverClientManager.java:243)
	at org.apache.hadoop.hdds.scm.XceiverClientManager$2.call(XceiverClientManager.java:224)
	at com.google.common.cache.LocalCache$LocalManualCache$1.load(LocalCache.java:4868)
	at com.google.common.cache.LocalCache$LoadingValueReference.loadFuture(LocalCache.java:3533)
	at com.google.common.cache.LocalCache$Segment.loadSync(LocalCache.java:2282)
	at com.google.common.cache.LocalCache$Segment.lockedGetOrLoad(LocalCache.java:2159)
	at com.google.common.cache.LocalCache$Segment.get(LocalCache.java:2049)
	at com.google.common.cache.LocalCache.get(LocalCache.java:3966)
	at com.google.common.cache.LocalCache$LocalManualCache.get(LocalCache.java:4863)
	at org.apache.hadoop.hdds.scm.XceiverClientManager.getClient(XceiverClientManager.java:224)
	at org.apache.hadoop.hdds.scm.XceiverClientManager.acquireClient(XceiverClientManager.java:168)
	at org.apache.hadoop.hdds.scm.XceiverClientManager.acquireClientForReadData(XceiverClientManager.java:157)
	at org.apache.hadoop.hdds.scm.storage.BlockInputStream.acquireClient(BlockInputStream.java:256)
	at org.apache.hadoop.hdds.scm.storage.BlockInputStream.getChunkInfos(BlockInputStream.java:223)
	at org.apache.hadoop.hdds.scm.storage.BlockInputStream.initialize(BlockInputStream.java:146)
	at org.apache.hadoop.ozone.client.rpc.read.TestKeyInputStream.testInputStreams(TestKeyInputStream.java:176)
	at org.apache.hadoop.ozone.client.rpc.read.TestKeyInputStream.testNonReplicationReads(TestKeyInputStream.java:144)
	at sun.reflect.NativeMethodAccessorImpl.invoke0(Native Method)
	at sun.reflect.NativeMethodAccessorImpl.invoke(NativeMethodAccessorImpl.java:62)
	at sun.reflect.DelegatingMethodAccessorImpl.invoke(DelegatingMethodAccessorImpl.java:43)
	at java.lang.reflect.Method.invoke(Method.java:498)
	at org.junit.runners.model.FrameworkMethod$1.runReflectiveCall(FrameworkMethod.java:59)
	at org.junit.internal.runners.model.ReflectiveCallable.run(ReflectiveCallable.java:12)
	at org.junit.runners.model.FrameworkMethod.invokeExplosively(FrameworkMethod.java:56)
	at org.junit.internal.runners.statements.InvokeMethod.evaluate(InvokeMethod.java:17)
	at org.junit.internal.runners.statements.RunBefores.evaluate(RunBefores.java:26)
	at org.junit.internal.runners.statements.RunAfters.evaluate(RunAfters.java:27)
	at org.junit.internal.runners.statements.FailOnTimeout$CallableStatement.call(FailOnTimeout.java:288)
	at org.junit.internal.runners.statements.FailOnTimeout$CallableStatement.call(FailOnTimeout.java:282)
	at java.util.concurrent.FutureTask.run(FutureTask.java:266)
	at java.lang.Thread.run(Thread.java:750)

Oct 16, 2022 1:14:32 PM org.apache.ratis.thirdparty.io.grpc.internal.ManagedChannelOrphanWrapper$ManagedChannelReference cleanQueue
SEVERE: *~*~*~ Channel ManagedChannelImpl{logId=86, target=10.1.0.60:44287} was not shutdown properly!!! ~*~*~*
    Make sure to call shutdown()/shutdownNow() and wait until awaitTermination() returns true.
java.lang.RuntimeException: ManagedChannel allocation site
	at org.apache.ratis.thirdparty.io.grpc.internal.ManagedChannelOrphanWrapper$ManagedChannelReference.<init>(ManagedChannelOrphanWrapper.java:93)
	at org.apache.ratis.thirdparty.io.grpc.internal.ManagedChannelOrphanWrapper.<init>(ManagedChannelOrphanWrapper.java:53)
	at org.apache.ratis.thirdparty.io.grpc.internal.ManagedChannelOrphanWrapper.<init>(ManagedChannelOrphanWrapper.java:44)
	at org.apache.ratis.thirdparty.io.grpc.internal.ManagedChannelImplBuilder.build(ManagedChannelImplBuilder.java:630)
	at org.apache.ratis.thirdparty.io.grpc.internal.AbstractManagedChannelImplBuilder.build(AbstractManagedChannelImplBuilder.java:297)
	at org.apache.hadoop.hdds.scm.XceiverClientGrpc.connectToDatanode(XceiverClientGrpc.java:205)
	at org.apache.hadoop.hdds.scm.XceiverClientGrpc.reconnect(XceiverClientGrpc.java:579)
	at org.apache.hadoop.hdds.scm.XceiverClientGrpc.checkOpen(XceiverClientGrpc.java:570)
	at org.apache.hadoop.hdds.scm.XceiverClientGrpc.sendCommandAsync(XceiverClientGrpc.java:500)
	at org.apache.hadoop.hdds.scm.XceiverClientGrpc.sendCommandWithRetry(XceiverClientGrpc.java:402)
	at org.apache.hadoop.hdds.scm.XceiverClientGrpc.lambda$sendCommandWithTraceIDAndRetry$0(XceiverClientGrpc.java:344)
	at org.apache.hadoop.hdds.tracing.TracingUtil.executeInSpan(TracingUtil.java:177)
	at org.apache.hadoop.hdds.tracing.TracingUtil.executeInNewSpan(TracingUtil.java:151)
	at org.apache.hadoop.hdds.scm.XceiverClientGrpc.sendCommandWithTraceIDAndRetry(XceiverClientGrpc.java:338)
	at org.apache.hadoop.hdds.scm.XceiverClientGrpc.sendCommand(XceiverClientGrpc.java:319)
	at org.apache.hadoop.hdds.scm.storage.ContainerProtocolCalls.getBlock(ContainerProtocolCalls.java:152)
	at org.apache.hadoop.hdds.scm.storage.BlockInputStream.getChunkInfos(BlockInputStream.java:242)
	at org.apache.hadoop.hdds.scm.storage.BlockInputStream.initialize(BlockInputStream.java:146)
	at org.apache.hadoop.ozone.client.rpc.read.TestKeyInputStream.testInputStreams(TestKeyInputStream.java:176)
	at org.apache.hadoop.ozone.client.rpc.read.TestKeyInputStream.testNonReplicationReads(TestKeyInputStream.java:144)
	at sun.reflect.NativeMethodAccessorImpl.invoke0(Native Method)
	at sun.reflect.NativeMethodAccessorImpl.invoke(NativeMethodAccessorImpl.java:62)
	at sun.reflect.DelegatingMethodAccessorImpl.invoke(DelegatingMethodAccessorImpl.java:43)
	at java.lang.reflect.Method.invoke(Method.java:498)
	at org.junit.runners.model.FrameworkMethod$1.runReflectiveCall(FrameworkMethod.java:59)
	at org.junit.internal.runners.model.ReflectiveCallable.run(ReflectiveCallable.java:12)
	at org.junit.runners.model.FrameworkMethod.invokeExplosively(FrameworkMethod.java:56)
	at org.junit.internal.runners.statements.InvokeMethod.evaluate(InvokeMethod.java:17)
	at org.junit.internal.runners.statements.RunBefores.evaluate(RunBefores.java:26)
	at org.junit.internal.runners.statements.RunAfters.evaluate(RunAfters.java:27)
	at org.junit.internal.runners.statements.FailOnTimeout$CallableStatement.call(FailOnTimeout.java:288)
	at org.junit.internal.runners.statements.FailOnTimeout$CallableStatement.call(FailOnTimeout.java:282)
	at java.util.concurrent.FutureTask.run(FutureTask.java:266)
	at java.lang.Thread.run(Thread.java:750)

]]></system-err>
  </testcase>
  <testcase name="testNonReplicationReads" classname="TestKeyInputStream" time="56.137">
    <system-out><![CDATA[2022-10-16 13:15:50,554 [Time-limited test] WARN  server.ServerUtils (ServerUtils.java:getScmDbDir(148)) - ozone.scm.db.dirs is not configured. We recommend adding this setting. Falling back to ozone.metadata.dirs instead.
2022-10-16 13:15:50,559 [Time-limited test] WARN  server.ServerUtils (ServerUtils.java:getScmDbDir(148)) - ozone.scm.db.dirs is not configured. We recommend adding this setting. Falling back to ozone.metadata.dirs instead.
2022-10-16 13:15:50,559 [Time-limited test] INFO  ha.SCMHANodeDetails (SCMHANodeDetails.java:loadSCMHAConfig(209)) - ServiceID for StorageContainerManager is null
2022-10-16 13:15:50,559 [Time-limited test] INFO  ha.SCMHANodeDetails (SCMHANodeDetails.java:loadSCMHAConfig(214)) - ozone.scm.default.service.id is not defined, falling back to ozone.scm.service.ids to find serviceID for StorageContainerManager if it is HA enabled cluster
2022-10-16 13:15:50,560 [Time-limited test] WARN  utils.HAUtils (HAUtils.java:getMetaDir(342)) - ozone.scm.db.dirs is not configured. We recommend adding this setting. Falling back to ozone.metadata.dirs instead.
2022-10-16 13:15:50,568 [Time-limited test] WARN  db.DBStoreBuilder (DBStoreBuilder.java:applyDBDefinition(144)) - ozone.scm.db.dirs is not configured. We recommend adding this setting. Falling back to ozone.metadata.dirs instead.
2022-10-16 13:15:50,691 [Time-limited test] INFO  net.NodeSchemaLoader (NodeSchemaLoader.java:loadSchemaFromFile(129)) - Loading schema from [jar:file:/home/runner/.m2/repository/org/apache/ozone/hdds-common/1.3.0-SNAPSHOT/hdds-common-1.3.0-SNAPSHOT.jar!/network-topology-default.xml]
2022-10-16 13:15:50,691 [Time-limited test] INFO  net.NodeSchemaLoader (NodeSchemaLoader.java:loadSchema(176)) - Loading network topology layer schema file
2022-10-16 13:15:50,694 [Time-limited test] INFO  upgrade.AbstractLayoutVersionManager (AbstractLayoutVersionManager.java:init(83)) - Initializing Layout version manager with metadata layout = DATANODE_SCHEMA_V3 (version = 4), software layout = DATANODE_SCHEMA_V3 (version = 4)
2022-10-16 13:15:50,756 [Time-limited test] INFO  reflections.Reflections (Reflections.java:scan(232)) - Reflections took 61 ms to scan 7 urls, producing 137 keys and 328 values 
2022-10-16 13:15:50,757 [Time-limited test] INFO  ha.SequenceIdGenerator (SequenceIdGenerator.java:upgradeToSequenceId(349)) - upgrade localId to 109611004723200000
2022-10-16 13:15:50,757 [Time-limited test] INFO  ha.SequenceIdGenerator (SequenceIdGenerator.java:upgradeToSequenceId(359)) - upgrade delTxnId to 0
2022-10-16 13:15:50,757 [Time-limited test] INFO  ha.SequenceIdGenerator (SequenceIdGenerator.java:upgradeToSequenceId(376)) - upgrade containerId to 0
2022-10-16 13:15:50,757 [Time-limited test] INFO  ha.SequenceIdGenerator (SequenceIdGenerator.java:<init>(220)) - Init the HA SequenceIdGenerator.
2022-10-16 13:15:50,759 [Time-limited test] INFO  node.SCMNodeManager (SCMNodeManager.java:<init>(149)) - Entering startup safe mode.
2022-10-16 13:15:50,759 [Time-limited test] INFO  algorithms.ContainerPlacementPolicyFactory (ContainerPlacementPolicyFactory.java:getPolicyInternal(86)) - Create container placement policy of type org.apache.hadoop.hdds.scm.container.placement.algorithms.SCMContainerPlacementRandom
2022-10-16 13:15:50,759 [Time-limited test] INFO  algorithms.ContainerPlacementPolicyFactory (ContainerPlacementPolicyFactory.java:getPolicyInternal(86)) - Create container placement policy of type org.apache.hadoop.hdds.scm.container.placement.algorithms.SCMContainerPlacementRackScatter
2022-10-16 13:15:50,759 [Time-limited test] INFO  pipeline.PipelineStateManagerImpl (PipelineStateManagerImpl.java:initialize(78)) - No pipeline exists in current db
2022-10-16 13:15:50,759 [Time-limited test] INFO  algorithms.LeaderChoosePolicyFactory (LeaderChoosePolicyFactory.java:getPolicy(57)) - Create leader choose policy of type org.apache.hadoop.hdds.scm.pipeline.leader.choose.algorithms.MinLeaderCountChoosePolicy
2022-10-16 13:15:50,760 [Time-limited test] INFO  algorithms.ContainerPlacementPolicyFactory (ContainerPlacementPolicyFactory.java:getPolicyInternal(86)) - Create container placement policy of type org.apache.hadoop.hdds.scm.container.placement.algorithms.SCMContainerPlacementRackScatter
2022-10-16 13:15:50,760 [Time-limited test] INFO  ha.SCMServiceManager (SCMServiceManager.java:register(42)) - Registering service BackgroundPipelineCreator.
2022-10-16 13:15:50,760 [Time-limited test] INFO  pipeline.BackgroundPipelineCreator (BackgroundPipelineCreator.java:start(124)) - Starting RatisPipelineUtilsThread.
2022-10-16 13:15:50,760 [Time-limited test] INFO  BackgroundPipelineScrubber (BackgroundSCMService.java:start(68)) - Starting BackgroundPipelineScrubber Service.
2022-10-16 13:15:50,760 [Time-limited test] INFO  ha.SCMServiceManager (SCMServiceManager.java:register(42)) - Registering service BackgroundPipelineScrubber.
2022-10-16 13:15:50,760 [Time-limited test] INFO  ExpiredContainerReplicaOpScrubber (BackgroundSCMService.java:start(68)) - Starting ExpiredContainerReplicaOpScrubber Service.
2022-10-16 13:15:50,761 [Time-limited test] INFO  ha.SCMServiceManager (SCMServiceManager.java:register(42)) - Registering service ExpiredContainerReplicaOpScrubber.
2022-10-16 13:15:50,762 [Time-limited test] INFO  algorithms.PipelineChoosePolicyFactory (PipelineChoosePolicyFactory.java:createPipelineChoosePolicyFromClass(73)) - Create pipeline choose policy of type org.apache.hadoop.hdds.scm.pipeline.choose.algorithms.RandomPipelineChoosePolicy
2022-10-16 13:15:50,762 [Time-limited test] INFO  ha.SCMServiceManager (SCMServiceManager.java:register(42)) - Registering service SCMBlockDeletingService.
2022-10-16 13:15:50,762 [Time-limited test] INFO  replication.ReplicationManager (ReplicationManager.java:start(223)) - Starting Replication Monitor Thread.
2022-10-16 13:15:50,764 [Time-limited test] INFO  ha.SCMServiceManager (SCMServiceManager.java:register(42)) - Registering service ReplicationManager.
2022-10-16 13:15:50,764 [Time-limited test] INFO  safemode.ContainerSafeModeRule (ContainerSafeModeRule.java:<init>(89)) - containers with one replica threshold count 0
2022-10-16 13:15:50,764 [Time-limited test] INFO  safemode.HealthyPipelineSafeModeRule (HealthyPipelineSafeModeRule.java:initializeRule(169)) - Total pipeline count is 0, healthy pipeline threshold count is 1
2022-10-16 13:15:50,764 [Time-limited test] INFO  safemode.OneReplicaPipelineSafeModeRule (OneReplicaPipelineSafeModeRule.java:initializeRule(180)) - Total pipeline count is 0, pipeline's with at least one datanode reported threshold count is 0
2022-10-16 13:15:50,765 [Time-limited test] INFO  ipc.CallQueueManager (CallQueueManager.java:<init>(90)) - Using callQueue: class java.util.concurrent.LinkedBlockingQueue, queueCapacity: 2000, scheduler: class org.apache.hadoop.ipc.DefaultRpcScheduler, ipcBackoff: false.
2022-10-16 13:15:50,766 [ReplicationMonitor] INFO  replication.ReplicationManager (ReplicationManager.java:processAll(291)) - Replication Manager is not ready to run until 3000ms after safemode exit
2022-10-16 13:15:50,768 [Socket Reader #1 for port 0] INFO  ipc.Server (Server.java:run(1273)) - Starting Socket Reader #1 for port 0
2022-10-16 13:15:50,769 [Listener at 0.0.0.0/45223] INFO  ipc.CallQueueManager (CallQueueManager.java:<init>(90)) - Using callQueue: class java.util.concurrent.LinkedBlockingQueue, queueCapacity: 2000, scheduler: class org.apache.hadoop.ipc.DefaultRpcScheduler, ipcBackoff: false.
2022-10-16 13:15:50,769 [Socket Reader #1 for port 0] INFO  ipc.Server (Server.java:run(1273)) - Starting Socket Reader #1 for port 0
2022-10-16 13:15:50,770 [Listener at 0.0.0.0/39249] INFO  ipc.CallQueueManager (CallQueueManager.java:<init>(90)) - Using callQueue: class java.util.concurrent.LinkedBlockingQueue, queueCapacity: 2000, scheduler: class org.apache.hadoop.ipc.DefaultRpcScheduler, ipcBackoff: false.
2022-10-16 13:15:50,770 [Socket Reader #1 for port 0] INFO  ipc.Server (Server.java:run(1273)) - Starting Socket Reader #1 for port 0
2022-10-16 13:15:50,796 [Listener at 0.0.0.0/41113] INFO  ha.SCMServiceManager (SCMServiceManager.java:register(42)) - Registering service ContainerBalancer.
2022-10-16 13:15:50,796 [Listener at 0.0.0.0/41113] INFO  server.StorageContainerManager (StorageContainerManager.java:<init>(410)) - 
Container Balancer status:
Key                            Value
Running                        false
Container Balancer Configuration values:
Key                                                Value
Threshold                                          10
Max Datanodes to Involve per Iteration(percent)    20
Max Size to Move per Iteration                     500GB
Max Size Entering Target per Iteration             26GB
Max Size Leaving Source per Iteration              26GB

2022-10-16 13:15:50,796 [Listener at 0.0.0.0/41113] WARN  events.EventQueue (EventQueue.java:fireEvent(216)) - No event handler registered for event TypedEvent{payloadType=SafeModeStatus, name='Safe mode status'}
2022-10-16 13:15:50,796 [Listener at 0.0.0.0/41113] INFO  ha.SCMContext (SCMContext.java:updateSafeModeStatus(228)) - Update SafeModeStatus from SafeModeStatus{safeModeStatus=true, preCheckPassed=false} to SafeModeStatus{safeModeStatus=true, preCheckPassed=false}.
2022-10-16 13:15:50,797 [Listener at 0.0.0.0/41113] INFO  server.StorageContainerManager (StorageContainerManager.java:start(1436)) - StorageContainerLocationProtocol RPC server is listening at /0.0.0.0:41113
2022-10-16 13:15:50,799 [Listener at 0.0.0.0/41113] WARN  impl.MetricsConfig (MetricsConfig.java:loadFirst(136)) - Cannot locate configuration: tried hadoop-metrics2-storagecontainermanager.properties,hadoop-metrics2.properties
2022-10-16 13:15:50,800 [Listener at 0.0.0.0/41113] INFO  impl.MetricsSystemImpl (MetricsSystemImpl.java:startTimer(378)) - Scheduled Metric snapshot period at 10 second(s).
2022-10-16 13:15:50,800 [Listener at 0.0.0.0/41113] INFO  impl.MetricsSystemImpl (MetricsSystemImpl.java:start(191)) - StorageContainerManager metrics system started
2022-10-16 13:15:50,806 [Listener at 0.0.0.0/41113] INFO  impl.MetricsSinkAdapter (MetricsSinkAdapter.java:start(204)) - Sink prometheus started
2022-10-16 13:15:50,806 [Listener at 0.0.0.0/41113] INFO  impl.MetricsSystemImpl (MetricsSystemImpl.java:registerSink(305)) - Registered sink prometheus
2022-10-16 13:15:50,827 [Listener at 0.0.0.0/41113] INFO  server.SCMClientProtocolServer (SCMClientProtocolServer.java:start(170)) - RPC server for Client  is listening at /0.0.0.0:41113
2022-10-16 13:15:50,828 [IPC Server Responder] INFO  ipc.Server (Server.java:run(1512)) - IPC Server Responder: starting
2022-10-16 13:15:50,828 [IPC Server listener on 0] INFO  ipc.Server (Server.java:run(1352)) - IPC Server listener on 0: starting
2022-10-16 13:15:50,837 [Listener at 0.0.0.0/41113] INFO  server.StorageContainerManager (StorageContainerManager.java:start(1451)) - ScmBlockLocationProtocol RPC server is listening at /0.0.0.0:39249
2022-10-16 13:15:50,837 [Listener at 0.0.0.0/41113] INFO  server.SCMBlockProtocolServer (SCMBlockProtocolServer.java:start(152)) - RPC server for Block Protocol is listening at /0.0.0.0:39249
2022-10-16 13:15:50,838 [IPC Server Responder] INFO  ipc.Server (Server.java:run(1512)) - IPC Server Responder: starting
2022-10-16 13:15:50,838 [IPC Server listener on 0] INFO  ipc.Server (Server.java:run(1352)) - IPC Server listener on 0: starting
2022-10-16 13:15:50,840 [Listener at 0.0.0.0/41113] INFO  server.SCMDatanodeProtocolServer (SCMDatanodeProtocolServer.java:start(186)) - ScmDatanodeProtocol RPC server for DataNodes is listening at /0.0.0.0:45223
2022-10-16 13:15:50,840 [IPC Server Responder] INFO  ipc.Server (Server.java:run(1512)) - IPC Server Responder: starting
2022-10-16 13:15:50,840 [IPC Server listener on 0] INFO  ipc.Server (Server.java:run(1352)) - IPC Server listener on 0: starting
2022-10-16 13:15:50,847 [Listener at 0.0.0.0/41113] INFO  http.BaseHttpServer (BaseHttpServer.java:newHttpServer2BuilderForOzone(213)) - Starting Web-server for scm at: http://0.0.0.0:0
2022-10-16 13:15:50,847 [Listener at 0.0.0.0/41113] INFO  http.BaseHttpServer (BaseHttpServer.java:<init>(108)) - Hadoop Security Enabled: false Ozone Security Enabled: false Ozone HTTP Security Enabled: false 
2022-10-16 13:15:50,848 [Listener at 0.0.0.0/41113] WARN  server.AuthenticationFilter (AuthenticationFilter.java:constructSecretProvider(240)) - Unable to initialize FileSignerSecretProvider, falling back to use random secrets. Reason: Could not read signature secret file: /home/runner/hadoop-http-auth-signature-secret
2022-10-16 13:15:50,850 [Listener at 0.0.0.0/41113] WARN  http.HttpRequestLog (HttpRequestLog.java:getRequestLog(103)) - Jetty request log can only be enabled using Log4j
2022-10-16 13:15:50,851 [Listener at 0.0.0.0/41113] INFO  http.HttpServer2 (HttpServer2.java:addGlobalFilter(1031)) - Added global filter 'safety' (class=org.apache.hadoop.hdds.server.http.HttpServer2$QuotingInputFilter)
2022-10-16 13:15:50,851 [Listener at 0.0.0.0/41113] INFO  http.HttpServer2 (HttpServer2.java:addFilter(1007)) - Added filter static_user_filter (class=org.apache.hadoop.http.lib.StaticUserWebFilter$StaticUserFilter) to context scm
2022-10-16 13:15:50,851 [Listener at 0.0.0.0/41113] INFO  http.HttpServer2 (HttpServer2.java:addFilter(1015)) - Added filter static_user_filter (class=org.apache.hadoop.http.lib.StaticUserWebFilter$StaticUserFilter) to context static
2022-10-16 13:15:50,851 [Listener at 0.0.0.0/41113] INFO  http.HttpServer2 (HttpServer2.java:addFilter(1015)) - Added filter static_user_filter (class=org.apache.hadoop.http.lib.StaticUserWebFilter$StaticUserFilter) to context logs
2022-10-16 13:15:50,852 [Listener at 0.0.0.0/41113] INFO  http.HttpServer2 (HttpServer2.java:bindListener(1250)) - Jetty bound to port 39071
2022-10-16 13:15:50,852 [Listener at 0.0.0.0/41113] INFO  server.Server (Server.java:doStart(375)) - jetty-9.4.43.v20210629; built: 2021-06-30T11:07:22.254Z; git: 526006ecfa3af7f1a27ef3a288e2bef7ea9dd7e8; jvm 1.8.0_345-b01
2022-10-16 13:15:50,854 [Listener at 0.0.0.0/41113] INFO  server.session (DefaultSessionIdManager.java:doStart(334)) - DefaultSessionIdManager workerName=node0
2022-10-16 13:15:50,854 [Listener at 0.0.0.0/41113] INFO  server.session (DefaultSessionIdManager.java:doStart(339)) - No SessionScavenger set, using defaults
2022-10-16 13:15:50,854 [Listener at 0.0.0.0/41113] INFO  server.session (HouseKeeper.java:startScavenging(132)) - node0 Scavenging every 660000ms
2022-10-16 13:15:50,855 [Listener at 0.0.0.0/41113] INFO  handler.ContextHandler (ContextHandler.java:doStart(915)) - Started o.e.j.s.ServletContextHandler@4d00568d{logs,/logs,file:///home/runner/work/ozone/ozone/hadoop-ozone/integration-test/target/log,AVAILABLE}
2022-10-16 13:15:50,855 [Listener at 0.0.0.0/41113] INFO  handler.ContextHandler (ContextHandler.java:doStart(915)) - Started o.e.j.s.ServletContextHandler@53b3f0c8{static,/static,file:///home/runner/work/ozone/ozone/hadoop-ozone/integration-test/target/test-classes/webapps/static,AVAILABLE}
2022-10-16 13:15:50,858 [Listener at 0.0.0.0/41113] INFO  handler.ContextHandler (ContextHandler.java:doStart(915)) - Started o.e.j.w.WebAppContext@529612f9{scm,/,file:///home/runner/work/ozone/ozone/hadoop-ozone/integration-test/target/test-classes/webapps/scm/,AVAILABLE}{file:/home/runner/work/ozone/ozone/hadoop-ozone/integration-test/target/test-classes/webapps/scm}
2022-10-16 13:15:50,858 [org.apache.hadoop.util.JvmPauseMonitor$Monitor@122a084d] INFO  util.JvmPauseMonitor (JvmPauseMonitor.java:run(188)) - Starting JVM pause monitor
2022-10-16 13:15:50,866 [Listener at 0.0.0.0/41113] INFO  server.AbstractConnector (AbstractConnector.java:doStart(331)) - Started ServerConnector@54f11300{HTTP/1.1, (http/1.1)}{0.0.0.0:39071}
2022-10-16 13:15:50,867 [Listener at 0.0.0.0/41113] INFO  server.Server (Server.java:doStart(415)) - Started @132079ms
2022-10-16 13:15:50,867 [Listener at 0.0.0.0/41113] WARN  impl.MetricsSystemImpl (MetricsSystemImpl.java:register(279)) - Sink prometheus already exists!
2022-10-16 13:15:50,867 [Listener at 0.0.0.0/41113] INFO  http.BaseHttpServer (BaseHttpServer.java:updateConnectorAddress(333)) - HTTP server of scm listening at http://0.0.0.0:39071
2022-10-16 13:15:50,867 [Listener at 0.0.0.0/41113] WARN  server.ServerUtils (ServerUtils.java:getDBPath(225)) - ozone.om.db.dirs is not configured. We recommend adding this setting. Falling back to ozone.metadata.dirs instead.
2022-10-16 13:15:50,869 [Listener at 0.0.0.0/41113] INFO  ha.OMHANodeDetails (OMHANodeDetails.java:loadOMHAConfig(115)) - ozone.om.internal.service.id is not defined, falling back to ozone.om.service.ids to find serviceID for OzoneManager if it is HA enabled cluster
2022-10-16 13:15:50,869 [Listener at 0.0.0.0/41113] INFO  ha.OMHANodeDetails (OMHANodeDetails.java:loadOMHAConfig(226)) - Configuration does not have ozone.om.address set. Falling back to the default OM address /127.0.0.1:0
2022-10-16 13:15:50,869 [Listener at 0.0.0.0/41113] INFO  ha.OMHANodeDetails (OMHANodeDetails.java:getOMNodeDetailsForNonHA(254)) - OM Service ID is not set. Setting it to the default ID: omServiceIdDefault
2022-10-16 13:15:50,869 [Listener at 0.0.0.0/41113] INFO  ha.OMHANodeDetails (OMHANodeDetails.java:getOMNodeDetailsForNonHA(261)) - OM Node ID is not set. Setting it to the default ID: om1
2022-10-16 13:15:50,869 [Listener at 0.0.0.0/41113] WARN  server.ServerUtils (ServerUtils.java:getDBPath(225)) - ozone.om.db.dirs is not configured. We recommend adding this setting. Falling back to ozone.metadata.dirs instead.
2022-10-16 13:15:50,869 [Listener at 0.0.0.0/41113] INFO  upgrade.AbstractLayoutVersionManager (AbstractLayoutVersionManager.java:init(83)) - Initializing Layout version manager with metadata layout = MULTITENANCY_SCHEMA (version = 3), software layout = MULTITENANCY_SCHEMA (version = 3)
2022-10-16 13:15:50,936 [Listener at 0.0.0.0/41113] INFO  reflections.Reflections (Reflections.java:scan(232)) - Reflections took 66 ms to scan 2 urls, producing 154 keys and 428 values [using 2 cores]
2022-10-16 13:15:50,937 [Listener at 0.0.0.0/41113] INFO  upgrade.OMLayoutVersionManager (OMLayoutVersionManager.java:lambda$0(115)) - Skipping Upgrade Action MockOmUpgradeAction since it has been finalized.
2022-10-16 13:15:50,937 [Listener at 0.0.0.0/41113] WARN  server.ServerUtils (ServerUtils.java:getDBPath(225)) - ozone.om.db.dirs is not configured. We recommend adding this setting. Falling back to ozone.metadata.dirs instead.
2022-10-16 13:15:50,937 [Listener at 0.0.0.0/41113] INFO  proxy.SCMBlockLocationFailoverProxyProvider (SCMBlockLocationFailoverProxyProvider.java:<init>(114)) - Created block location fail-over proxy with 1 nodes: [nodeId=scmNodeId,nodeAddress=/0.0.0.0:39249]
2022-10-16 13:15:50,938 [Listener at 0.0.0.0/41113] INFO  proxy.SCMBlockLocationFailoverProxyProvider (SCMBlockLocationFailoverProxyProvider.java:<init>(114)) - Created block location fail-over proxy with 1 nodes: [nodeId=scmNodeId,nodeAddress=/0.0.0.0:39249]
2022-10-16 13:15:50,955 [Listener at 0.0.0.0/41113] WARN  server.ServerUtils (ServerUtils.java:getDBPath(225)) - ozone.om.db.dirs is not configured. We recommend adding this setting. Falling back to ozone.metadata.dirs instead.
2022-10-16 13:15:50,955 [Listener at 0.0.0.0/41113] INFO  codec.OmKeyInfoCodec (OmKeyInfoCodec.java:<init>(49)) - OmKeyInfoCodec ignorePipeline = true
2022-10-16 13:15:50,955 [Listener at 0.0.0.0/41113] INFO  codec.RepeatedOmKeyInfoCodec (RepeatedOmKeyInfoCodec.java:<init>(41)) - RepeatedOmKeyInfoCodec ignorePipeline = true
2022-10-16 13:15:51,100 [ReplicationMonitor] INFO  replication.ReplicationManager (ReplicationManager.java:processAll(324)) - Replication Monitor Thread took 1 milliseconds for processing 7 containers.
2022-10-16 13:15:51,113 [Listener at 0.0.0.0/41113] INFO  om.OzoneManager (OzoneManager.java:instantiateServices(712)) - S3 Multi-Tenancy is disabled
2022-10-16 13:15:51,114 [Listener at 0.0.0.0/41113] INFO  om.OzoneManager (OzoneManager.java:addS3GVolumeToDB(4386)) - Created Volume s3v With Owner runner required for S3Gateway operations.
2022-10-16 13:15:51,114 [Listener at 0.0.0.0/41113] WARN  server.ServerUtils (ServerUtils.java:getDefaultRatisDirectory(237)) - Storage directory for Ratis is not configured. It is a good idea to map this to an SSD disk. Falling back to ozone.metadata.dirs
2022-10-16 13:15:51,115 [Listener at 0.0.0.0/41113] WARN  utils.OzoneManagerRatisUtils (OzoneManagerRatisUtils.java:getOMRatisSnapshotDirectory(434)) - ozone.om.ratis.snapshot.dir is not configured. Falling back to ozone.metadata.dirs config
2022-10-16 13:15:51,115 [Listener at 0.0.0.0/41113] WARN  server.ServerUtils (ServerUtils.java:getDefaultRatisDirectory(237)) - Storage directory for Ratis is not configured. It is a good idea to map this to an SSD disk. Falling back to ozone.metadata.dirs
2022-10-16 13:15:51,116 [Listener at 0.0.0.0/41113] INFO  ratis.OzoneManagerRatisServer (OzoneManagerRatisServer.java:<init>(160)) - Instantiating OM Ratis server with groupID: omServiceIdDefault and peers: localhost:9872
2022-10-16 13:15:51,116 [Listener at 0.0.0.0/41113] INFO  ratis.OzoneManagerStateMachine (OzoneManagerStateMachine.java:loadSnapshotInfoFromDB(632)) - LastAppliedIndex is set from TransactionInfo from OM DB as (t:0, i:~)
2022-10-16 13:15:51,116 [Listener at 0.0.0.0/41113] INFO  server.RaftServer (ConfUtils.java:logGet(46)) - raft.rpc.type = GRPC (default)
2022-10-16 13:15:51,116 [Listener at 0.0.0.0/41113] INFO  grpc.GrpcFactory (GrpcFactory.java:checkPooledByteBufAllocatorUseCacheForAllThreads(48)) - PERFORMANCE WARNING: useCacheForAllThreads is true that may cause Netty to create a lot garbage objects and, as a result, trigger GC.
	It is recommended to disable useCacheForAllThreads by setting -Dorg.apache.ratis.thirdparty.io.netty.allocator.useCacheForAllThreads=false in command line.
2022-10-16 13:15:51,116 [Listener at 0.0.0.0/41113] INFO  grpc.GrpcConfigKeys (ConfUtils.java:logGet(46)) - raft.grpc.admin.port = -1 (default)
2022-10-16 13:15:51,116 [Listener at 0.0.0.0/41113] INFO  grpc.GrpcConfigKeys (ConfUtils.java:logGet(46)) - raft.grpc.server.port = 9872 (custom)
2022-10-16 13:15:51,117 [Listener at 0.0.0.0/41113] INFO  grpc.GrpcConfigKeys (ConfUtils.java:logGet(46)) - raft.grpc.client.port = -1 (default)
2022-10-16 13:15:51,117 [Listener at 0.0.0.0/41113] INFO  grpc.GrpcConfigKeys (ConfUtils.java:logGet(46)) - raft.grpc.server.port = 9872 (custom)
2022-10-16 13:15:51,117 [Listener at 0.0.0.0/41113] INFO  grpc.GrpcConfigKeys (ConfUtils.java:logGet(46)) - raft.grpc.server.port = 9872 (custom)
2022-10-16 13:15:51,117 [Listener at 0.0.0.0/41113] INFO  server.GrpcService (ConfUtils.java:logGet(46)) - raft.grpc.message.size.max = 33554432 (custom)
2022-10-16 13:15:51,117 [Listener at 0.0.0.0/41113] INFO  server.RaftServerConfigKeys (ConfUtils.java:logGet(46)) - raft.server.log.appender.buffer.byte-limit = 33554432 (custom)
2022-10-16 13:15:51,117 [Listener at 0.0.0.0/41113] INFO  server.GrpcService (ConfUtils.java:logGet(46)) - raft.grpc.flow.control.window = 1MB (=1048576) (default)
2022-10-16 13:15:51,117 [Listener at 0.0.0.0/41113] INFO  server.RaftServerConfigKeys (ConfUtils.java:logGet(46)) - raft.server.rpc.request.timeout = 3000ms (default)
2022-10-16 13:15:51,117 [Listener at 0.0.0.0/41113] INFO  grpc.GrpcConfigKeys (ConfUtils.java:logGet(46)) - raft.grpc.server.async.request.thread.pool.cached = true (default)
2022-10-16 13:15:51,117 [Listener at 0.0.0.0/41113] INFO  grpc.GrpcConfigKeys (ConfUtils.java:logGet(46)) - raft.grpc.server.async.request.thread.pool.size = 32 (default)
2022-10-16 13:15:51,118 [Listener at 0.0.0.0/41113] INFO  impl.DataStreamServerImpl (ConfUtils.java:logGet(46)) - raft.datastream.type = DISABLED (default)
2022-10-16 13:15:51,119 [Listener at 0.0.0.0/41113] INFO  server.RaftServerConfigKeys (ConfUtils.java:logGet(46)) - raft.server.threadpool.proxy.cached = true (default)
2022-10-16 13:15:51,119 [Listener at 0.0.0.0/41113] INFO  server.RaftServerConfigKeys (ConfUtils.java:logGet(46)) - raft.server.threadpool.proxy.size = 0 (default)
2022-10-16 13:15:51,119 [Listener at 0.0.0.0/41113] INFO  server.RaftServerConfigKeys (ConfUtils.java:logGet(46)) - raft.server.rpc.slowness.timeout = 120s (custom)
2022-10-16 13:15:51,119 [Listener at 0.0.0.0/41113] INFO  server.RaftServerConfigKeys (ConfUtils.java:logGet(46)) - raft.server.leaderelection.leader.step-down.wait-time = 10s (default)
2022-10-16 13:15:51,119 [Listener at 0.0.0.0/41113] INFO  server.RaftServerConfigKeys (ConfUtils.java:logGet(46)) - raft.server.storage.dir = [/home/runner/work/ozone/ozone/hadoop-ozone/integration-test/target/test-dir/MiniOzoneClusterImpl-8ac818d4-2e27-4bb1-a0ba-6e8ee7a049a2/ozone-meta/ratis] (custom)
2022-10-16 13:15:51,120 [Listener at 0.0.0.0/41113] INFO  server.RaftServer (RaftServerProxy.java:addNew(96)) - om1: addNew group-C5BA1605619E:[om1|rpc:localhost:9872|priority:0] returns group-C5BA1605619E:java.util.concurrent.CompletableFuture@19fa60e9[Not completed]
2022-10-16 13:15:51,120 [pool-850-thread-1] INFO  server.RaftServer$Division (RaftServerImpl.java:<init>(190)) - om1: new RaftServerImpl for group-C5BA1605619E:[om1|rpc:localhost:9872|priority:0] with OzoneManagerStateMachine:uninitialized
2022-10-16 13:15:51,120 [Listener at 0.0.0.0/41113] INFO  om.OzoneManager (OzoneManager.java:initializeRatisServer(1975)) - OzoneManager Ratis server initialized at port 9872
2022-10-16 13:15:51,121 [Listener at 0.0.0.0/41113] INFO  om.OzoneManager (OzoneManager.java:getRpcServer(1101)) - Creating RPC Server
2022-10-16 13:15:51,123 [pool-850-thread-1] INFO  server.RaftServerConfigKeys (ConfUtils.java:logGet(46)) - raft.server.rpc.timeout.min = 1s (custom)
2022-10-16 13:15:51,123 [pool-850-thread-1] INFO  server.RaftServerConfigKeys (ConfUtils.java:logGet(46)) - raft.server.rpc.timeout.max = 1200ms (custom)
2022-10-16 13:15:51,123 [pool-850-thread-1] INFO  server.RaftServerConfigKeys (ConfUtils.java:logGet(46)) - raft.server.rpc.sleep.time = 25ms (default)
2022-10-16 13:15:51,130 [pool-850-thread-1] INFO  server.RaftServerConfigKeys (ConfUtils.java:logGet(46)) - raft.server.rpc.slowness.timeout = 120s (custom)
2022-10-16 13:15:51,130 [pool-850-thread-1] INFO  server.RaftServerConfigKeys (ConfUtils.java:logGet(46)) - raft.server.leaderelection.leader.step-down.wait-time = 10s (default)
2022-10-16 13:15:51,130 [pool-850-thread-1] INFO  server.RaftServerConfigKeys (ConfUtils.java:logGet(46)) - raft.server.sleep.deviation.threshold = 300ms (default)
2022-10-16 13:15:51,131 [pool-850-thread-1] INFO  server.RaftServer$Division (ServerState.java:<init>(107)) - om1@group-C5BA1605619E: ConfigurationManager, init=-1: [om1|rpc:localhost:9872|priority:0], old=null, confs=<EMPTY_MAP>
2022-10-16 13:15:51,131 [pool-850-thread-1] INFO  server.RaftServerConfigKeys (ConfUtils.java:logGet(46)) - raft.server.storage.dir = [/home/runner/work/ozone/ozone/hadoop-ozone/integration-test/target/test-dir/MiniOzoneClusterImpl-8ac818d4-2e27-4bb1-a0ba-6e8ee7a049a2/ozone-meta/ratis] (custom)
2022-10-16 13:15:51,131 [pool-850-thread-1] INFO  server.RaftServerConfigKeys (ConfUtils.java:logGet(46)) - raft.server.log.corruption.policy = EXCEPTION (default)
2022-10-16 13:15:51,131 [pool-850-thread-1] INFO  server.RaftServerConfigKeys (ConfUtils.java:logGet(46)) - raft.server.storage.free-space.min = 0MB (=0) (default)
2022-10-16 13:15:51,131 [pool-850-thread-1] INFO  storage.RaftStorageDirectory (RaftStorageDirectoryImpl.java:analyzeStorage(135)) - The storage directory /home/runner/work/ozone/ozone/hadoop-ozone/integration-test/target/test-dir/MiniOzoneClusterImpl-8ac818d4-2e27-4bb1-a0ba-6e8ee7a049a2/ozone-meta/ratis/bf265839-605b-3f16-9796-c5ba1605619e does not exist. Creating ...
2022-10-16 13:15:51,132 [pool-850-thread-1] INFO  storage.RaftStorageDirectory (RaftStorageDirectoryImpl.java:tryLock(230)) - Lock on /home/runner/work/ozone/ozone/hadoop-ozone/integration-test/target/test-dir/MiniOzoneClusterImpl-8ac818d4-2e27-4bb1-a0ba-6e8ee7a049a2/ozone-meta/ratis/bf265839-605b-3f16-9796-c5ba1605619e/in_use.lock acquired by nodename 44550@fv-az308-250
2022-10-16 13:15:51,133 [pool-850-thread-1] INFO  storage.RaftStorage (RaftStorageImpl.java:format(89)) - Storage directory /home/runner/work/ozone/ozone/hadoop-ozone/integration-test/target/test-dir/MiniOzoneClusterImpl-8ac818d4-2e27-4bb1-a0ba-6e8ee7a049a2/ozone-meta/ratis/bf265839-605b-3f16-9796-c5ba1605619e has been successfully formatted.
2022-10-16 13:15:51,134 [pool-850-thread-1] INFO  server.RaftServerConfigKeys (ConfUtils.java:logGet(46)) - raft.server.notification.no-leader.timeout = 120s (custom)
2022-10-16 13:15:51,134 [pool-850-thread-1] INFO  server.RaftServerConfigKeys (ConfUtils.java:logGet(46)) - raft.server.log.use.memory = false (default)
2022-10-16 13:15:51,134 [pool-850-thread-1] INFO  server.RaftServerConfigKeys (ConfUtils.java:logGet(46)) - raft.server.log.purge.gap = 1000000 (custom)
2022-10-16 13:15:51,134 [pool-850-thread-1] INFO  server.RaftServerConfigKeys (ConfUtils.java:logGet(46)) - raft.server.log.appender.buffer.byte-limit = 33554432 (custom)
2022-10-16 13:15:51,134 [pool-850-thread-1] INFO  server.RaftServerConfigKeys (ConfUtils.java:logGet(46)) - raft.server.log.statemachine.data.read.timeout = 1000ms (default)
2022-10-16 13:15:51,134 [pool-850-thread-1] INFO  server.RaftServerConfigKeys (ConfUtils.java:logGet(46)) - raft.server.log.segment.size.max = 4194304 (custom)
2022-10-16 13:15:51,134 [pool-850-thread-1] INFO  server.RaftServerConfigKeys (ConfUtils.java:logGet(46)) - raft.server.log.segment.cache.num.max = 2 (custom)
2022-10-16 13:15:51,134 [pool-850-thread-1] INFO  server.RaftServerConfigKeys (ConfUtils.java:logGet(46)) - raft.server.log.segment.cache.size.max = 200MB (=209715200) (default)
2022-10-16 13:15:51,134 [pool-850-thread-1] INFO  segmented.SegmentedRaftLogWorker (SegmentedRaftLogWorker.java:<init>(187)) - new om1@group-C5BA1605619E-SegmentedRaftLogWorker for RaftStorageImpl:Storage Directory /home/runner/work/ozone/ozone/hadoop-ozone/integration-test/target/test-dir/MiniOzoneClusterImpl-8ac818d4-2e27-4bb1-a0ba-6e8ee7a049a2/ozone-meta/ratis/bf265839-605b-3f16-9796-c5ba1605619e
2022-10-16 13:15:51,134 [pool-850-thread-1] INFO  server.RaftServerConfigKeys (ConfUtils.java:logGet(46)) - raft.server.log.queue.byte-limit = 64MB (=67108864) (default)
2022-10-16 13:15:51,134 [pool-850-thread-1] INFO  server.RaftServerConfigKeys (ConfUtils.java:logGet(46)) - raft.server.log.queue.element-limit = 4096 (default)
2022-10-16 13:15:51,134 [pool-850-thread-1] INFO  server.RaftServerConfigKeys (ConfUtils.java:logGet(46)) - raft.server.log.segment.size.max = 4194304 (custom)
2022-10-16 13:15:51,135 [pool-850-thread-1] INFO  server.RaftServerConfigKeys (ConfUtils.java:logGet(46)) - raft.server.log.preallocated.size = 4194304 (custom)
2022-10-16 13:15:51,135 [pool-850-thread-1] INFO  server.RaftServerConfigKeys (ConfUtils.java:logGet(46)) - raft.server.log.force.sync.num = 128 (default)
2022-10-16 13:15:51,135 [pool-850-thread-1] INFO  server.RaftServerConfigKeys (ConfUtils.java:logGet(46)) - raft.server.log.statemachine.data.sync = true (default)
2022-10-16 13:15:51,135 [pool-850-thread-1] INFO  server.RaftServerConfigKeys (ConfUtils.java:logGet(46)) - raft.server.log.statemachine.data.sync.timeout = 10s (default)
2022-10-16 13:15:51,135 [pool-850-thread-1] INFO  server.RaftServerConfigKeys (ConfUtils.java:logGet(46)) - raft.server.log.statemachine.data.sync.timeout.retry = -1 (default)
2022-10-16 13:15:51,135 [pool-850-thread-1] INFO  server.RaftServerConfigKeys (ConfUtils.java:logGet(46)) - raft.server.log.write.buffer.size = 64KB (=65536) (default)
2022-10-16 13:15:51,136 [pool-850-thread-1] INFO  server.RaftServerConfigKeys (ConfUtils.java:logGet(46)) - raft.server.log.unsafe-flush.enabled = false (default)
2022-10-16 13:15:51,136 [pool-850-thread-1] INFO  server.RaftServerConfigKeys (ConfUtils.java:logGet(46)) - raft.server.log.statemachine.data.caching.enabled = false (default)
2022-10-16 13:15:51,136 [pool-850-thread-1] INFO  segmented.SegmentedRaftLogWorker (SegmentedRaftLogWorker.java:lambda$new$0(135)) - om1@group-C5BA1605619E-SegmentedRaftLogWorker: flushIndex: setUnconditionally 0 -> -1
2022-10-16 13:15:51,136 [pool-850-thread-1] INFO  segmented.SegmentedRaftLogWorker (SegmentedRaftLogWorker.java:lambda$new$0(135)) - om1@group-C5BA1605619E-SegmentedRaftLogWorker: safeCacheEvictIndex: setUnconditionally 0 -> -1
2022-10-16 13:15:51,136 [pool-850-thread-1] INFO  server.RaftServerConfigKeys (ConfUtils.java:logGet(46)) - raft.server.snapshot.auto.trigger.enabled = true (custom)
2022-10-16 13:15:51,136 [pool-850-thread-1] INFO  server.RaftServerConfigKeys (ConfUtils.java:logGet(46)) - raft.server.snapshot.auto.trigger.threshold = 400000 (default)
2022-10-16 13:15:51,136 [pool-850-thread-1] INFO  server.RaftServerConfigKeys (ConfUtils.java:logGet(46)) - raft.server.snapshot.retention.file.num = -1 (default)
2022-10-16 13:15:51,136 [pool-850-thread-1] INFO  server.RaftServerConfigKeys (ConfUtils.java:logGet(46)) - raft.server.log.purge.upto.snapshot.index = true (custom)
2022-10-16 13:15:51,136 [pool-850-thread-1] INFO  server.RaftServerConfigKeys (ConfUtils.java:logGet(46)) - raft.server.retrycache.expirytime = 300s (custom)
2022-10-16 13:15:51,136 [pool-850-thread-1] INFO  server.RaftServerConfigKeys (ConfUtils.java:logGet(46)) - raft.server.retrycache.statistics.expirytime = 100μs (default)
2022-10-16 13:15:51,137 [pool-850-thread-1] INFO  server.RaftServerConfigKeys (ConfUtils.java:logGet(46)) - raft.server.log.appender.install.snapshot.enabled = false (custom)
2022-10-16 13:15:51,137 [pool-850-thread-1] INFO  server.RaftServerConfigKeys (ConfUtils.java:logGet(46)) - raft.server.threadpool.server.cached = true (default)
2022-10-16 13:15:51,137 [pool-850-thread-1] INFO  server.RaftServerConfigKeys (ConfUtils.java:logGet(46)) - raft.server.threadpool.server.size = 0 (default)
2022-10-16 13:15:51,137 [pool-850-thread-1] INFO  server.RaftServerConfigKeys (ConfUtils.java:logGet(46)) - raft.server.threadpool.client.cached = true (default)
2022-10-16 13:15:51,137 [pool-850-thread-1] INFO  server.RaftServerConfigKeys (ConfUtils.java:logGet(46)) - raft.server.threadpool.client.size = 0 (default)
2022-10-16 13:15:51,417 [Listener at 0.0.0.0/41113] INFO  reflections.Reflections (Reflections.java:scan(232)) - Reflections took 295 ms to scan 19 urls, producing 67 keys and 4232 values [using 2 cores]
2022-10-16 13:15:51,419 [Listener at 0.0.0.0/41113] INFO  ipc.CallQueueManager (CallQueueManager.java:<init>(90)) - Using callQueue: class java.util.concurrent.LinkedBlockingQueue, queueCapacity: 2000, scheduler: class org.apache.hadoop.ipc.DefaultRpcScheduler, ipcBackoff: false.
2022-10-16 13:15:51,424 [Socket Reader #1 for port 0] INFO  ipc.Server (Server.java:run(1273)) - Starting Socket Reader #1 for port 0
2022-10-16 13:15:51,440 [Listener at 127.0.0.1/38707] INFO  impl.MetricsSystemImpl (MetricsSystemImpl.java:init(158)) - OzoneManager metrics system started (again)
2022-10-16 13:15:51,449 [Listener at 127.0.0.1/38707] INFO  om.OzoneManager (OzoneManager.java:start(1482)) - OzoneManager RPC server is listening at localhost/127.0.0.1:38707
2022-10-16 13:15:51,449 [Listener at 127.0.0.1/38707] INFO  ratis.OzoneManagerRatisServer (OzoneManagerRatisServer.java:start(555)) - Starting OzoneManagerRatisServer om1 at port 9872
2022-10-16 13:15:51,449 [om1-impl-thread1] INFO  server.RaftServer$Division (RaftServerImpl.java:start(310)) - om1@group-C5BA1605619E: start as a follower, conf=-1: [om1|rpc:localhost:9872|priority:0], old=null
2022-10-16 13:15:51,449 [om1-impl-thread1] INFO  server.RaftServer$Division (RaftServerImpl.java:setRole(299)) - om1@group-C5BA1605619E: changes role from      null to FOLLOWER at term 0 for startAsFollower
2022-10-16 13:15:51,450 [om1-impl-thread1] INFO  impl.RoleInfo (RoleInfo.java:updateAndGet(139)) - om1: start om1@group-C5BA1605619E-FollowerState
2022-10-16 13:15:51,450 [om1-impl-thread1] INFO  util.JmxRegister (JmxRegister.java:tryRegister(44)) - Successfully registered JMX Bean with object name Ratis:service=RaftServer,group=group-C5BA1605619E,id=om1
2022-10-16 13:15:51,451 [Listener at 127.0.0.1/38707] INFO  server.RaftServer (RaftServerProxy.java:lambda$start$6(382)) - om1: start RPC server
2022-10-16 13:15:51,453 [Listener at 127.0.0.1/38707] INFO  server.GrpcService (GrpcService.java:startImpl(260)) - om1: GrpcService started, listening on 9872
2022-10-16 13:15:51,455 [Listener at 127.0.0.1/38707] INFO  om.OzoneManager (OzoneManager.java:start(1498)) - Version File has different layout version (3) than OM DB (null). That is expected if this OM has never been finalized to a newer layout version.
2022-10-16 13:15:51,455 [org.apache.ratis.util.JvmPauseMonitor$$Lambda$639/339294883@9ff002c] INFO  util.JvmPauseMonitor (JvmPauseMonitor.java:run(103)) - JvmPauseMonitor-om1: Started
2022-10-16 13:15:51,456 [Listener at 127.0.0.1/38707] INFO  http.BaseHttpServer (BaseHttpServer.java:newHttpServer2BuilderForOzone(213)) - Starting Web-server for ozoneManager at: http://0.0.0.0:0
2022-10-16 13:15:51,456 [Listener at 127.0.0.1/38707] INFO  http.BaseHttpServer (BaseHttpServer.java:<init>(108)) - Hadoop Security Enabled: false Ozone Security Enabled: false Ozone HTTP Security Enabled: false 
2022-10-16 13:15:51,457 [Listener at 127.0.0.1/38707] WARN  server.AuthenticationFilter (AuthenticationFilter.java:constructSecretProvider(240)) - Unable to initialize FileSignerSecretProvider, falling back to use random secrets. Reason: Could not read signature secret file: /home/runner/hadoop-http-auth-signature-secret
2022-10-16 13:15:51,458 [Listener at 127.0.0.1/38707] WARN  http.HttpRequestLog (HttpRequestLog.java:getRequestLog(103)) - Jetty request log can only be enabled using Log4j
2022-10-16 13:15:51,459 [Listener at 127.0.0.1/38707] INFO  http.HttpServer2 (HttpServer2.java:addGlobalFilter(1031)) - Added global filter 'safety' (class=org.apache.hadoop.hdds.server.http.HttpServer2$QuotingInputFilter)
2022-10-16 13:15:51,459 [Listener at 127.0.0.1/38707] INFO  http.HttpServer2 (HttpServer2.java:addFilter(1007)) - Added filter static_user_filter (class=org.apache.hadoop.http.lib.StaticUserWebFilter$StaticUserFilter) to context ozoneManager
2022-10-16 13:15:51,459 [Listener at 127.0.0.1/38707] INFO  http.HttpServer2 (HttpServer2.java:addFilter(1015)) - Added filter static_user_filter (class=org.apache.hadoop.http.lib.StaticUserWebFilter$StaticUserFilter) to context static
2022-10-16 13:15:51,459 [Listener at 127.0.0.1/38707] INFO  http.HttpServer2 (HttpServer2.java:addFilter(1015)) - Added filter static_user_filter (class=org.apache.hadoop.http.lib.StaticUserWebFilter$StaticUserFilter) to context logs
2022-10-16 13:15:51,460 [Listener at 127.0.0.1/38707] INFO  http.HttpServer2 (HttpServer2.java:bindListener(1250)) - Jetty bound to port 44857
2022-10-16 13:15:51,460 [Listener at 127.0.0.1/38707] INFO  server.Server (Server.java:doStart(375)) - jetty-9.4.43.v20210629; built: 2021-06-30T11:07:22.254Z; git: 526006ecfa3af7f1a27ef3a288e2bef7ea9dd7e8; jvm 1.8.0_345-b01
2022-10-16 13:15:51,461 [Listener at 127.0.0.1/38707] INFO  server.session (DefaultSessionIdManager.java:doStart(334)) - DefaultSessionIdManager workerName=node0
2022-10-16 13:15:51,461 [Listener at 127.0.0.1/38707] INFO  server.session (DefaultSessionIdManager.java:doStart(339)) - No SessionScavenger set, using defaults
2022-10-16 13:15:51,461 [Listener at 127.0.0.1/38707] INFO  server.session (HouseKeeper.java:startScavenging(132)) - node0 Scavenging every 600000ms
2022-10-16 13:15:51,461 [Listener at 127.0.0.1/38707] INFO  handler.ContextHandler (ContextHandler.java:doStart(915)) - Started o.e.j.s.ServletContextHandler@5d4693a{logs,/logs,file:///home/runner/work/ozone/ozone/hadoop-ozone/integration-test/target/log,AVAILABLE}
2022-10-16 13:15:51,462 [Listener at 127.0.0.1/38707] INFO  handler.ContextHandler (ContextHandler.java:doStart(915)) - Started o.e.j.s.ServletContextHandler@626cd6d8{static,/static,file:///home/runner/work/ozone/ozone/hadoop-ozone/integration-test/target/test-classes/webapps/static,AVAILABLE}
2022-10-16 13:15:51,464 [Listener at 127.0.0.1/38707] INFO  handler.ContextHandler (ContextHandler.java:doStart(915)) - Started o.e.j.w.WebAppContext@1fb4c3ce{ozoneManager,/,file:///home/runner/work/ozone/ozone/hadoop-ozone/integration-test/target/test-classes/webapps/ozoneManager/,AVAILABLE}{file:/home/runner/work/ozone/ozone/hadoop-ozone/integration-test/target/test-classes/webapps/ozoneManager}
2022-10-16 13:15:51,466 [Listener at 127.0.0.1/38707] INFO  server.AbstractConnector (AbstractConnector.java:doStart(331)) - Started ServerConnector@7458ef30{HTTP/1.1, (http/1.1)}{0.0.0.0:44857}
2022-10-16 13:15:51,466 [Listener at 127.0.0.1/38707] INFO  server.Server (Server.java:doStart(415)) - Started @132678ms
2022-10-16 13:15:51,466 [Listener at 127.0.0.1/38707] WARN  impl.MetricsSystemImpl (MetricsSystemImpl.java:register(279)) - Sink prometheus already exists!
2022-10-16 13:15:51,467 [Listener at 127.0.0.1/38707] INFO  http.BaseHttpServer (BaseHttpServer.java:updateConnectorAddress(333)) - HTTP server of ozoneManager listening at http://0.0.0.0:44857
2022-10-16 13:15:51,467 [IPC Server Responder] INFO  ipc.Server (Server.java:run(1512)) - IPC Server Responder: starting
2022-10-16 13:15:51,471 [IPC Server listener on 0] INFO  ipc.Server (Server.java:run(1352)) - IPC Server listener on 0: starting
2022-10-16 13:15:51,478 [Listener at 127.0.0.1/38707] INFO  om.OzoneManager (OzoneManager.java:startTrashEmptier(1919)) - Trash Interval set to 0. Files deleted won't move to trash
2022-10-16 13:15:51,479 [org.apache.hadoop.util.JvmPauseMonitor$Monitor@b62f829] INFO  util.JvmPauseMonitor (JvmPauseMonitor.java:run(188)) - Starting JVM pause monitor
2022-10-16 13:15:51,488 [Listener at 127.0.0.1/38707] WARN  impl.MetricRegistriesImpl (MetricRegistriesImpl.java:addReporterRegistration(111)) - New reporters are added after registries were created. Some metrics will be missing from the reporter. Please add reporter before adding any new registry.
2022-10-16 13:15:51,488 [Listener at 127.0.0.1/38707] WARN  impl.MetricRegistriesImpl (MetricRegistriesImpl.java:addReporterRegistration(111)) - New reporters are added after registries were created. Some metrics will be missing from the reporter. Please add reporter before adding any new registry.
2022-10-16 13:15:51,488 [Listener at 127.0.0.1/38707] INFO  impl.MetricsSystemImpl (MetricsSystemImpl.java:init(158)) - HddsDatanode metrics system started (again)
2022-10-16 13:15:51,498 [Listener at 127.0.0.1/38707] INFO  ozone.HddsDatanodeService (HddsDatanodeService.java:start(236)) - HddsDatanodeService host:fv-az308-250.etcbaq1qs54eplwmrjlabigyle.cx.internal.cloudapp.net ip:10.1.0.60
2022-10-16 13:15:51,527 [Listener at 127.0.0.1/38707] INFO  upgrade.AbstractLayoutVersionManager (AbstractLayoutVersionManager.java:init(83)) - Initializing Layout version manager with metadata layout = DATANODE_SCHEMA_V3 (version = 4), software layout = DATANODE_SCHEMA_V3 (version = 4)
2022-10-16 13:15:51,567 [Listener at 127.0.0.1/38707] INFO  reflections.Reflections (Reflections.java:scan(232)) - Reflections took 39 ms to scan 7 urls, producing 137 keys and 328 values 
2022-10-16 13:15:51,568 [Listener at 127.0.0.1/38707] INFO  statemachine.DatanodeStateMachine (DatanodeStateMachine.java:getEndPointTaskThreadPoolSize(237)) - Datanode State Machine Task Thread Pool size 2
2022-10-16 13:15:51,572 [Listener at 127.0.0.1/38707] INFO  volume.HddsVolume (HddsVolume.java:<init>(117)) - Creating HddsVolume: /home/runner/work/ozone/ozone/hadoop-ozone/integration-test/target/test-dir/MiniOzoneClusterImpl-8ac818d4-2e27-4bb1-a0ba-6e8ee7a049a2/datanode-0/data-0/containers/hdds of storage type : DISK capacity : 9223372036854775807
2022-10-16 13:15:51,572 [Listener at 127.0.0.1/38707] INFO  volume.MutableVolumeSet (MutableVolumeSet.java:initializeVolumeSet(174)) - Added Volume : /home/runner/work/ozone/ozone/hadoop-ozone/integration-test/target/test-dir/MiniOzoneClusterImpl-8ac818d4-2e27-4bb1-a0ba-6e8ee7a049a2/datanode-0/data-0/containers/hdds to VolumeSet
2022-10-16 13:15:51,573 [Listener at 127.0.0.1/38707] INFO  volume.ThrottledAsyncChecker (ThrottledAsyncChecker.java:schedule(141)) - Scheduling a check for /home/runner/work/ozone/ozone/hadoop-ozone/integration-test/target/test-dir/MiniOzoneClusterImpl-8ac818d4-2e27-4bb1-a0ba-6e8ee7a049a2/datanode-0/data-0/containers/hdds
2022-10-16 13:15:51,576 [Listener at 127.0.0.1/38707] INFO  volume.StorageVolumeChecker (StorageVolumeChecker.java:checkAllVolumes(202)) - Scheduled health check for volume /home/runner/work/ozone/ozone/hadoop-ozone/integration-test/target/test-dir/MiniOzoneClusterImpl-8ac818d4-2e27-4bb1-a0ba-6e8ee7a049a2/datanode-0/data-0/containers/hdds
2022-10-16 13:15:51,589 [Listener at 127.0.0.1/38707] INFO  volume.MutableVolumeSet (MutableVolumeSet.java:initializeVolumeSet(174)) - Added Volume : /home/runner/work/ozone/ozone/hadoop-ozone/integration-test/target/test-dir/MiniOzoneClusterImpl-8ac818d4-2e27-4bb1-a0ba-6e8ee7a049a2/datanode-0/data/ratis to VolumeSet
2022-10-16 13:15:51,589 [Listener at 127.0.0.1/38707] INFO  volume.ThrottledAsyncChecker (ThrottledAsyncChecker.java:schedule(141)) - Scheduling a check for /home/runner/work/ozone/ozone/hadoop-ozone/integration-test/target/test-dir/MiniOzoneClusterImpl-8ac818d4-2e27-4bb1-a0ba-6e8ee7a049a2/datanode-0/data/ratis
2022-10-16 13:15:51,589 [Listener at 127.0.0.1/38707] INFO  volume.StorageVolumeChecker (StorageVolumeChecker.java:checkAllVolumes(202)) - Scheduled health check for volume /home/runner/work/ozone/ozone/hadoop-ozone/integration-test/target/test-dir/MiniOzoneClusterImpl-8ac818d4-2e27-4bb1-a0ba-6e8ee7a049a2/datanode-0/data/ratis
2022-10-16 13:15:51,599 [Thread-1608] INFO  ozoneimpl.ContainerReader (ContainerReader.java:readVolume(175)) - Finish verifying containers on volume /home/runner/work/ozone/ozone/hadoop-ozone/integration-test/target/test-dir/MiniOzoneClusterImpl-8ac818d4-2e27-4bb1-a0ba-6e8ee7a049a2/datanode-0/data-0/containers/hdds
2022-10-16 13:15:51,599 [Listener at 127.0.0.1/38707] INFO  ozoneimpl.OzoneContainer (OzoneContainer.java:buildContainerSet(300)) - Build ContainerSet costs 0s
2022-10-16 13:15:51,602 [Listener at 127.0.0.1/38707] INFO  server.RaftServer (ConfUtils.java:logGet(46)) - raft.rpc.type = GRPC (default)
2022-10-16 13:15:51,602 [Listener at 127.0.0.1/38707] INFO  grpc.GrpcFactory (GrpcFactory.java:checkPooledByteBufAllocatorUseCacheForAllThreads(48)) - PERFORMANCE WARNING: useCacheForAllThreads is true that may cause Netty to create a lot garbage objects and, as a result, trigger GC.
	It is recommended to disable useCacheForAllThreads by setting -Dorg.apache.ratis.thirdparty.io.netty.allocator.useCacheForAllThreads=false in command line.
2022-10-16 13:15:51,602 [Listener at 127.0.0.1/38707] INFO  grpc.GrpcConfigKeys (ConfUtils.java:logGet(46)) - raft.grpc.admin.port = 0 (custom)
2022-10-16 13:15:51,602 [Listener at 127.0.0.1/38707] INFO  grpc.GrpcConfigKeys (ConfUtils.java:logGet(46)) - raft.grpc.client.port = 0 (custom)
2022-10-16 13:15:51,602 [Listener at 127.0.0.1/38707] INFO  grpc.GrpcConfigKeys (ConfUtils.java:logGet(46)) - raft.grpc.server.port = 0 (default)
2022-10-16 13:15:51,602 [Listener at 127.0.0.1/38707] INFO  server.GrpcService (ConfUtils.java:logGet(46)) - raft.grpc.message.size.max = 32MB (=33554432) (custom)
2022-10-16 13:15:51,602 [Listener at 127.0.0.1/38707] INFO  server.RaftServerConfigKeys (ConfUtils.java:logGet(46)) - raft.server.log.appender.buffer.byte-limit = 33554432 (custom)
2022-10-16 13:15:51,602 [Listener at 127.0.0.1/38707] INFO  server.GrpcService (ConfUtils.java:logGet(46)) - raft.grpc.flow.control.window = 5MB (=5242880) (custom)
2022-10-16 13:15:51,602 [Listener at 127.0.0.1/38707] INFO  server.RaftServerConfigKeys (ConfUtils.java:logGet(46)) - raft.server.rpc.request.timeout = 60s (custom)
2022-10-16 13:15:51,602 [Listener at 127.0.0.1/38707] INFO  grpc.GrpcConfigKeys (ConfUtils.java:logGet(46)) - raft.grpc.server.async.request.thread.pool.cached = true (default)
2022-10-16 13:15:51,602 [Listener at 127.0.0.1/38707] INFO  grpc.GrpcConfigKeys (ConfUtils.java:logGet(46)) - raft.grpc.server.async.request.thread.pool.size = 32 (default)
2022-10-16 13:15:51,603 [Listener at 127.0.0.1/38707] INFO  impl.DataStreamServerImpl (ConfUtils.java:logGet(46)) - raft.datastream.type = DISABLED (default)
2022-10-16 13:15:51,603 [Listener at 127.0.0.1/38707] INFO  server.RaftServerConfigKeys (ConfUtils.java:logGet(46)) - raft.server.threadpool.proxy.cached = true (default)
2022-10-16 13:15:51,603 [Listener at 127.0.0.1/38707] INFO  server.RaftServerConfigKeys (ConfUtils.java:logGet(46)) - raft.server.threadpool.proxy.size = 0 (default)
2022-10-16 13:15:51,603 [Listener at 127.0.0.1/38707] INFO  server.RaftServerConfigKeys (ConfUtils.java:logGet(46)) - raft.server.rpc.slowness.timeout = 300s (custom)
2022-10-16 13:15:51,603 [Listener at 127.0.0.1/38707] INFO  server.RaftServerConfigKeys (ConfUtils.java:logGet(46)) - raft.server.leaderelection.leader.step-down.wait-time = 10s (default)
2022-10-16 13:15:51,604 [Listener at 127.0.0.1/38707] INFO  server.RaftServerConfigKeys (ConfUtils.java:logGet(46)) - raft.server.storage.dir = [/home/runner/work/ozone/ozone/hadoop-ozone/integration-test/target/test-dir/MiniOzoneClusterImpl-8ac818d4-2e27-4bb1-a0ba-6e8ee7a049a2/datanode-0/data/ratis] (custom)
2022-10-16 13:15:51,605 [Listener at 127.0.0.1/38707] INFO  server.XceiverServerGrpc (XceiverServerGrpc.java:<init>(132)) - GrpcServer channel type EpollServerSocketChannel
2022-10-16 13:15:51,609 [Listener at 127.0.0.1/38707] INFO  http.BaseHttpServer (BaseHttpServer.java:newHttpServer2BuilderForOzone(213)) - Starting Web-server for hddsDatanode at: http://0.0.0.0:0
2022-10-16 13:15:51,609 [Listener at 127.0.0.1/38707] INFO  http.BaseHttpServer (BaseHttpServer.java:<init>(108)) - Hadoop Security Enabled: false Ozone Security Enabled: false Ozone HTTP Security Enabled: false 
2022-10-16 13:15:51,610 [Listener at 127.0.0.1/38707] WARN  server.AuthenticationFilter (AuthenticationFilter.java:constructSecretProvider(240)) - Unable to initialize FileSignerSecretProvider, falling back to use random secrets. Reason: Could not read signature secret file: /home/runner/hadoop-http-auth-signature-secret
2022-10-16 13:15:51,612 [Listener at 127.0.0.1/38707] WARN  http.HttpRequestLog (HttpRequestLog.java:getRequestLog(103)) - Jetty request log can only be enabled using Log4j
2022-10-16 13:15:51,613 [Listener at 127.0.0.1/38707] INFO  http.HttpServer2 (HttpServer2.java:addGlobalFilter(1031)) - Added global filter 'safety' (class=org.apache.hadoop.hdds.server.http.HttpServer2$QuotingInputFilter)
2022-10-16 13:15:51,613 [Listener at 127.0.0.1/38707] INFO  http.HttpServer2 (HttpServer2.java:addFilter(1007)) - Added filter static_user_filter (class=org.apache.hadoop.http.lib.StaticUserWebFilter$StaticUserFilter) to context hddsDatanode
2022-10-16 13:15:51,613 [Listener at 127.0.0.1/38707] INFO  http.HttpServer2 (HttpServer2.java:addFilter(1015)) - Added filter static_user_filter (class=org.apache.hadoop.http.lib.StaticUserWebFilter$StaticUserFilter) to context static
2022-10-16 13:15:51,613 [Listener at 127.0.0.1/38707] INFO  http.HttpServer2 (HttpServer2.java:addFilter(1015)) - Added filter static_user_filter (class=org.apache.hadoop.http.lib.StaticUserWebFilter$StaticUserFilter) to context logs
2022-10-16 13:15:51,614 [Listener at 127.0.0.1/38707] INFO  http.HttpServer2 (HttpServer2.java:bindListener(1250)) - Jetty bound to port 43179
2022-10-16 13:15:51,614 [Listener at 127.0.0.1/38707] INFO  server.Server (Server.java:doStart(375)) - jetty-9.4.43.v20210629; built: 2021-06-30T11:07:22.254Z; git: 526006ecfa3af7f1a27ef3a288e2bef7ea9dd7e8; jvm 1.8.0_345-b01
2022-10-16 13:15:51,615 [Listener at 127.0.0.1/38707] INFO  server.session (DefaultSessionIdManager.java:doStart(334)) - DefaultSessionIdManager workerName=node0
2022-10-16 13:15:51,615 [Listener at 127.0.0.1/38707] INFO  server.session (DefaultSessionIdManager.java:doStart(339)) - No SessionScavenger set, using defaults
2022-10-16 13:15:51,615 [Listener at 127.0.0.1/38707] INFO  server.session (HouseKeeper.java:startScavenging(132)) - node0 Scavenging every 600000ms
2022-10-16 13:15:51,616 [Listener at 127.0.0.1/38707] INFO  handler.ContextHandler (ContextHandler.java:doStart(915)) - Started o.e.j.s.ServletContextHandler@3eb64bac{logs,/logs,file:///home/runner/work/ozone/ozone/hadoop-ozone/integration-test/target/log,AVAILABLE}
2022-10-16 13:15:51,616 [Listener at 127.0.0.1/38707] INFO  handler.ContextHandler (ContextHandler.java:doStart(915)) - Started o.e.j.s.ServletContextHandler@99bdabc{static,/static,jar:file:/home/runner/.m2/repository/org/apache/ozone/hdds-container-service/1.3.0-SNAPSHOT/hdds-container-service-1.3.0-SNAPSHOT.jar!/webapps/static,AVAILABLE}
2022-10-16 13:15:51,766 [ReplicationMonitor] INFO  replication.ReplicationManager (ReplicationManager.java:processAll(291)) - Replication Manager is not ready to run until 3000ms after safemode exit
2022-10-16 13:15:51,775 [Listener at 127.0.0.1/38707] INFO  handler.ContextHandler (ContextHandler.java:doStart(915)) - Started o.e.j.w.WebAppContext@17e43e6a{hddsDatanode,/,file:///tmp/jetty-0_0_0_0-43179-hdds-container-service-1_3_0-SNAPSHOT_jar-_-any-4843760935026900394/webapp/,AVAILABLE}{jar:file:/home/runner/.m2/repository/org/apache/ozone/hdds-container-service/1.3.0-SNAPSHOT/hdds-container-service-1.3.0-SNAPSHOT.jar!/webapps/hddsDatanode}
2022-10-16 13:15:51,777 [Listener at 127.0.0.1/38707] INFO  server.AbstractConnector (AbstractConnector.java:doStart(331)) - Started ServerConnector@3974d8e4{HTTP/1.1, (http/1.1)}{0.0.0.0:43179}
2022-10-16 13:15:51,777 [Listener at 127.0.0.1/38707] INFO  server.Server (Server.java:doStart(415)) - Started @132989ms
2022-10-16 13:15:51,777 [Listener at 127.0.0.1/38707] WARN  impl.MetricsSystemImpl (MetricsSystemImpl.java:register(279)) - Sink prometheus already exists!
2022-10-16 13:15:51,777 [Listener at 127.0.0.1/38707] INFO  http.BaseHttpServer (BaseHttpServer.java:updateConnectorAddress(333)) - HTTP server of hddsDatanode listening at http://0.0.0.0:43179
2022-10-16 13:15:51,778 [Listener at 127.0.0.1/38707] WARN  impl.MetricRegistriesImpl (MetricRegistriesImpl.java:addReporterRegistration(111)) - New reporters are added after registries were created. Some metrics will be missing from the reporter. Please add reporter before adding any new registry.
2022-10-16 13:15:51,778 [Listener at 127.0.0.1/38707] WARN  impl.MetricRegistriesImpl (MetricRegistriesImpl.java:addReporterRegistration(111)) - New reporters are added after registries were created. Some metrics will be missing from the reporter. Please add reporter before adding any new registry.
2022-10-16 13:15:51,778 [Listener at 127.0.0.1/38707] INFO  impl.MetricsSystemImpl (MetricsSystemImpl.java:init(158)) - HddsDatanode metrics system started (again)
2022-10-16 13:15:51,779 [Datanode State Machine Daemon Thread] INFO  statemachine.DatanodeStateMachine (DatanodeStateMachine.java:lambda$startDaemon$0(492)) - Ozone container server started.
2022-10-16 13:15:51,789 [Listener at 127.0.0.1/38707] INFO  ozone.HddsDatanodeService (HddsDatanodeService.java:start(236)) - HddsDatanodeService host:fv-az308-250.etcbaq1qs54eplwmrjlabigyle.cx.internal.cloudapp.net ip:10.1.0.60
2022-10-16 13:15:51,790 [org.apache.hadoop.util.JvmPauseMonitor$Monitor@6f268c5a] INFO  util.JvmPauseMonitor (JvmPauseMonitor.java:run(188)) - Starting JVM pause monitor
2022-10-16 13:15:51,795 [Datanode State Machine Task Thread - 0] INFO  datanode.InitDatanodeState (InitDatanodeState.java:persistContainerDatanodeDetails(138)) - DatanodeDetails is persisted to /home/runner/work/ozone/ozone/hadoop-ozone/integration-test/target/test-dir/MiniOzoneClusterImpl-8ac818d4-2e27-4bb1-a0ba-6e8ee7a049a2/datanode-0/meta/datanode.id
2022-10-16 13:15:51,817 [Listener at 127.0.0.1/38707] INFO  upgrade.AbstractLayoutVersionManager (AbstractLayoutVersionManager.java:init(83)) - Initializing Layout version manager with metadata layout = DATANODE_SCHEMA_V3 (version = 4), software layout = DATANODE_SCHEMA_V3 (version = 4)
2022-10-16 13:15:51,858 [Listener at 127.0.0.1/38707] INFO  reflections.Reflections (Reflections.java:scan(232)) - Reflections took 39 ms to scan 7 urls, producing 137 keys and 328 values 
2022-10-16 13:15:51,859 [Listener at 127.0.0.1/38707] INFO  statemachine.DatanodeStateMachine (DatanodeStateMachine.java:getEndPointTaskThreadPoolSize(237)) - Datanode State Machine Task Thread Pool size 2
2022-10-16 13:15:51,863 [Listener at 127.0.0.1/38707] INFO  volume.HddsVolume (HddsVolume.java:<init>(117)) - Creating HddsVolume: /home/runner/work/ozone/ozone/hadoop-ozone/integration-test/target/test-dir/MiniOzoneClusterImpl-8ac818d4-2e27-4bb1-a0ba-6e8ee7a049a2/datanode-1/data-0/containers/hdds of storage type : DISK capacity : 9223372036854775807
2022-10-16 13:15:51,863 [Listener at 127.0.0.1/38707] INFO  volume.MutableVolumeSet (MutableVolumeSet.java:initializeVolumeSet(174)) - Added Volume : /home/runner/work/ozone/ozone/hadoop-ozone/integration-test/target/test-dir/MiniOzoneClusterImpl-8ac818d4-2e27-4bb1-a0ba-6e8ee7a049a2/datanode-1/data-0/containers/hdds to VolumeSet
2022-10-16 13:15:51,863 [Listener at 127.0.0.1/38707] INFO  volume.ThrottledAsyncChecker (ThrottledAsyncChecker.java:schedule(141)) - Scheduling a check for /home/runner/work/ozone/ozone/hadoop-ozone/integration-test/target/test-dir/MiniOzoneClusterImpl-8ac818d4-2e27-4bb1-a0ba-6e8ee7a049a2/datanode-1/data-0/containers/hdds
2022-10-16 13:15:51,864 [Listener at 127.0.0.1/38707] INFO  volume.StorageVolumeChecker (StorageVolumeChecker.java:checkAllVolumes(202)) - Scheduled health check for volume /home/runner/work/ozone/ozone/hadoop-ozone/integration-test/target/test-dir/MiniOzoneClusterImpl-8ac818d4-2e27-4bb1-a0ba-6e8ee7a049a2/datanode-1/data-0/containers/hdds
2022-10-16 13:15:51,874 [Listener at 127.0.0.1/38707] INFO  volume.MutableVolumeSet (MutableVolumeSet.java:initializeVolumeSet(174)) - Added Volume : /home/runner/work/ozone/ozone/hadoop-ozone/integration-test/target/test-dir/MiniOzoneClusterImpl-8ac818d4-2e27-4bb1-a0ba-6e8ee7a049a2/datanode-1/data/ratis to VolumeSet
2022-10-16 13:15:51,874 [Listener at 127.0.0.1/38707] INFO  volume.ThrottledAsyncChecker (ThrottledAsyncChecker.java:schedule(141)) - Scheduling a check for /home/runner/work/ozone/ozone/hadoop-ozone/integration-test/target/test-dir/MiniOzoneClusterImpl-8ac818d4-2e27-4bb1-a0ba-6e8ee7a049a2/datanode-1/data/ratis
2022-10-16 13:15:51,874 [Listener at 127.0.0.1/38707] INFO  volume.StorageVolumeChecker (StorageVolumeChecker.java:checkAllVolumes(202)) - Scheduled health check for volume /home/runner/work/ozone/ozone/hadoop-ozone/integration-test/target/test-dir/MiniOzoneClusterImpl-8ac818d4-2e27-4bb1-a0ba-6e8ee7a049a2/datanode-1/data/ratis
2022-10-16 13:15:51,884 [Thread-1621] INFO  ozoneimpl.ContainerReader (ContainerReader.java:readVolume(175)) - Finish verifying containers on volume /home/runner/work/ozone/ozone/hadoop-ozone/integration-test/target/test-dir/MiniOzoneClusterImpl-8ac818d4-2e27-4bb1-a0ba-6e8ee7a049a2/datanode-1/data-0/containers/hdds
2022-10-16 13:15:51,884 [Listener at 127.0.0.1/38707] INFO  ozoneimpl.OzoneContainer (OzoneContainer.java:buildContainerSet(300)) - Build ContainerSet costs 0s
2022-10-16 13:15:51,886 [Listener at 127.0.0.1/38707] INFO  server.RaftServer (ConfUtils.java:logGet(46)) - raft.rpc.type = GRPC (default)
2022-10-16 13:15:51,886 [Listener at 127.0.0.1/38707] INFO  grpc.GrpcFactory (GrpcFactory.java:checkPooledByteBufAllocatorUseCacheForAllThreads(48)) - PERFORMANCE WARNING: useCacheForAllThreads is true that may cause Netty to create a lot garbage objects and, as a result, trigger GC.
	It is recommended to disable useCacheForAllThreads by setting -Dorg.apache.ratis.thirdparty.io.netty.allocator.useCacheForAllThreads=false in command line.
2022-10-16 13:15:51,886 [Listener at 127.0.0.1/38707] INFO  grpc.GrpcConfigKeys (ConfUtils.java:logGet(46)) - raft.grpc.admin.port = 0 (custom)
2022-10-16 13:15:51,886 [Listener at 127.0.0.1/38707] INFO  grpc.GrpcConfigKeys (ConfUtils.java:logGet(46)) - raft.grpc.client.port = 0 (custom)
2022-10-16 13:15:51,886 [Listener at 127.0.0.1/38707] INFO  grpc.GrpcConfigKeys (ConfUtils.java:logGet(46)) - raft.grpc.server.port = 0 (default)
2022-10-16 13:15:51,886 [Listener at 127.0.0.1/38707] INFO  server.GrpcService (ConfUtils.java:logGet(46)) - raft.grpc.message.size.max = 32MB (=33554432) (custom)
2022-10-16 13:15:51,886 [Listener at 127.0.0.1/38707] INFO  server.RaftServerConfigKeys (ConfUtils.java:logGet(46)) - raft.server.log.appender.buffer.byte-limit = 33554432 (custom)
2022-10-16 13:15:51,886 [Listener at 127.0.0.1/38707] INFO  server.GrpcService (ConfUtils.java:logGet(46)) - raft.grpc.flow.control.window = 5MB (=5242880) (custom)
2022-10-16 13:15:51,886 [Listener at 127.0.0.1/38707] INFO  server.RaftServerConfigKeys (ConfUtils.java:logGet(46)) - raft.server.rpc.request.timeout = 60s (custom)
2022-10-16 13:15:51,886 [Listener at 127.0.0.1/38707] INFO  grpc.GrpcConfigKeys (ConfUtils.java:logGet(46)) - raft.grpc.server.async.request.thread.pool.cached = true (default)
2022-10-16 13:15:51,886 [Listener at 127.0.0.1/38707] INFO  grpc.GrpcConfigKeys (ConfUtils.java:logGet(46)) - raft.grpc.server.async.request.thread.pool.size = 32 (default)
2022-10-16 13:15:51,887 [Listener at 127.0.0.1/38707] INFO  impl.DataStreamServerImpl (ConfUtils.java:logGet(46)) - raft.datastream.type = DISABLED (default)
2022-10-16 13:15:51,887 [Listener at 127.0.0.1/38707] INFO  server.RaftServerConfigKeys (ConfUtils.java:logGet(46)) - raft.server.threadpool.proxy.cached = true (default)
2022-10-16 13:15:51,887 [Listener at 127.0.0.1/38707] INFO  server.RaftServerConfigKeys (ConfUtils.java:logGet(46)) - raft.server.threadpool.proxy.size = 0 (default)
2022-10-16 13:15:51,887 [Listener at 127.0.0.1/38707] INFO  server.RaftServerConfigKeys (ConfUtils.java:logGet(46)) - raft.server.rpc.slowness.timeout = 300s (custom)
2022-10-16 13:15:51,888 [Listener at 127.0.0.1/38707] INFO  server.RaftServerConfigKeys (ConfUtils.java:logGet(46)) - raft.server.leaderelection.leader.step-down.wait-time = 10s (default)
2022-10-16 13:15:51,888 [Listener at 127.0.0.1/38707] INFO  server.RaftServerConfigKeys (ConfUtils.java:logGet(46)) - raft.server.storage.dir = [/home/runner/work/ozone/ozone/hadoop-ozone/integration-test/target/test-dir/MiniOzoneClusterImpl-8ac818d4-2e27-4bb1-a0ba-6e8ee7a049a2/datanode-1/data/ratis] (custom)
2022-10-16 13:15:51,892 [Listener at 127.0.0.1/38707] INFO  server.XceiverServerGrpc (XceiverServerGrpc.java:<init>(132)) - GrpcServer channel type EpollServerSocketChannel
2022-10-16 13:15:51,898 [Listener at 127.0.0.1/38707] INFO  http.BaseHttpServer (BaseHttpServer.java:newHttpServer2BuilderForOzone(213)) - Starting Web-server for hddsDatanode at: http://0.0.0.0:0
2022-10-16 13:15:51,898 [Listener at 127.0.0.1/38707] INFO  http.BaseHttpServer (BaseHttpServer.java:<init>(108)) - Hadoop Security Enabled: false Ozone Security Enabled: false Ozone HTTP Security Enabled: false 
2022-10-16 13:15:51,899 [Listener at 127.0.0.1/38707] WARN  server.AuthenticationFilter (AuthenticationFilter.java:constructSecretProvider(240)) - Unable to initialize FileSignerSecretProvider, falling back to use random secrets. Reason: Could not read signature secret file: /home/runner/hadoop-http-auth-signature-secret
2022-10-16 13:15:51,899 [Listener at 127.0.0.1/38707] WARN  http.HttpRequestLog (HttpRequestLog.java:getRequestLog(103)) - Jetty request log can only be enabled using Log4j
2022-10-16 13:15:51,900 [Listener at 127.0.0.1/38707] INFO  http.HttpServer2 (HttpServer2.java:addGlobalFilter(1031)) - Added global filter 'safety' (class=org.apache.hadoop.hdds.server.http.HttpServer2$QuotingInputFilter)
2022-10-16 13:15:51,900 [Listener at 127.0.0.1/38707] INFO  http.HttpServer2 (HttpServer2.java:addFilter(1007)) - Added filter static_user_filter (class=org.apache.hadoop.http.lib.StaticUserWebFilter$StaticUserFilter) to context hddsDatanode
2022-10-16 13:15:51,900 [Listener at 127.0.0.1/38707] INFO  http.HttpServer2 (HttpServer2.java:addFilter(1015)) - Added filter static_user_filter (class=org.apache.hadoop.http.lib.StaticUserWebFilter$StaticUserFilter) to context logs
2022-10-16 13:15:51,900 [Listener at 127.0.0.1/38707] INFO  http.HttpServer2 (HttpServer2.java:addFilter(1015)) - Added filter static_user_filter (class=org.apache.hadoop.http.lib.StaticUserWebFilter$StaticUserFilter) to context static
2022-10-16 13:15:51,901 [Listener at 127.0.0.1/38707] INFO  http.HttpServer2 (HttpServer2.java:bindListener(1250)) - Jetty bound to port 35387
2022-10-16 13:15:51,901 [Listener at 127.0.0.1/38707] INFO  server.Server (Server.java:doStart(375)) - jetty-9.4.43.v20210629; built: 2021-06-30T11:07:22.254Z; git: 526006ecfa3af7f1a27ef3a288e2bef7ea9dd7e8; jvm 1.8.0_345-b01
2022-10-16 13:15:51,905 [Listener at 127.0.0.1/38707] INFO  server.session (DefaultSessionIdManager.java:doStart(334)) - DefaultSessionIdManager workerName=node0
2022-10-16 13:15:51,905 [Listener at 127.0.0.1/38707] INFO  server.session (DefaultSessionIdManager.java:doStart(339)) - No SessionScavenger set, using defaults
2022-10-16 13:15:51,905 [Listener at 127.0.0.1/38707] INFO  server.session (HouseKeeper.java:startScavenging(132)) - node0 Scavenging every 600000ms
2022-10-16 13:15:51,906 [Listener at 127.0.0.1/38707] INFO  handler.ContextHandler (ContextHandler.java:doStart(915)) - Started o.e.j.s.ServletContextHandler@55f8938d{logs,/logs,file:///home/runner/work/ozone/ozone/hadoop-ozone/integration-test/target/log,AVAILABLE}
2022-10-16 13:15:51,906 [Listener at 127.0.0.1/38707] INFO  handler.ContextHandler (ContextHandler.java:doStart(915)) - Started o.e.j.s.ServletContextHandler@50109bcd{static,/static,jar:file:/home/runner/.m2/repository/org/apache/ozone/hdds-container-service/1.3.0-SNAPSHOT/hdds-container-service-1.3.0-SNAPSHOT.jar!/webapps/static,AVAILABLE}
2022-10-16 13:15:51,997 [RatisPipelineUtilsThread - 0] ERROR scm.SCMCommonPlacementPolicy (SCMCommonPlacementPolicy.java:filterNodesWithSpace(239)) - Unable to find enough nodes that meet the space requirement of 1073741824 bytes for metadata and 5368709120 bytes for data in healthy node set. Required 3. Found 0.
2022-10-16 13:15:52,066 [Listener at 127.0.0.1/38707] INFO  handler.ContextHandler (ContextHandler.java:doStart(915)) - Started o.e.j.w.WebAppContext@3ecaf4aa{hddsDatanode,/,file:///tmp/jetty-0_0_0_0-35387-hdds-container-service-1_3_0-SNAPSHOT_jar-_-any-1904425632371550907/webapp/,AVAILABLE}{jar:file:/home/runner/.m2/repository/org/apache/ozone/hdds-container-service/1.3.0-SNAPSHOT/hdds-container-service-1.3.0-SNAPSHOT.jar!/webapps/hddsDatanode}
2022-10-16 13:15:52,067 [Listener at 127.0.0.1/38707] INFO  server.AbstractConnector (AbstractConnector.java:doStart(331)) - Started ServerConnector@5f37d15e{HTTP/1.1, (http/1.1)}{0.0.0.0:35387}
2022-10-16 13:15:52,067 [Listener at 127.0.0.1/38707] INFO  server.Server (Server.java:doStart(415)) - Started @133279ms
2022-10-16 13:15:52,067 [Listener at 127.0.0.1/38707] WARN  impl.MetricsSystemImpl (MetricsSystemImpl.java:register(279)) - Sink prometheus already exists!
2022-10-16 13:15:52,068 [Listener at 127.0.0.1/38707] INFO  http.BaseHttpServer (BaseHttpServer.java:updateConnectorAddress(333)) - HTTP server of hddsDatanode listening at http://0.0.0.0:35387
2022-10-16 13:15:52,070 [Datanode State Machine Daemon Thread] INFO  statemachine.DatanodeStateMachine (DatanodeStateMachine.java:lambda$startDaemon$0(492)) - Ozone container server started.
2022-10-16 13:15:52,070 [Listener at 127.0.0.1/38707] WARN  impl.MetricRegistriesImpl (MetricRegistriesImpl.java:addReporterRegistration(111)) - New reporters are added after registries were created. Some metrics will be missing from the reporter. Please add reporter before adding any new registry.
2022-10-16 13:15:52,072 [Listener at 127.0.0.1/38707] WARN  impl.MetricRegistriesImpl (MetricRegistriesImpl.java:addReporterRegistration(111)) - New reporters are added after registries were created. Some metrics will be missing from the reporter. Please add reporter before adding any new registry.
2022-10-16 13:15:52,072 [Listener at 127.0.0.1/38707] INFO  impl.MetricsSystemImpl (MetricsSystemImpl.java:init(158)) - HddsDatanode metrics system started (again)
2022-10-16 13:15:52,082 [Listener at 127.0.0.1/38707] INFO  ozone.HddsDatanodeService (HddsDatanodeService.java:start(236)) - HddsDatanodeService host:fv-az308-250.etcbaq1qs54eplwmrjlabigyle.cx.internal.cloudapp.net ip:10.1.0.60
2022-10-16 13:15:52,083 [org.apache.hadoop.util.JvmPauseMonitor$Monitor@14640b5a] INFO  util.JvmPauseMonitor (JvmPauseMonitor.java:run(188)) - Starting JVM pause monitor
2022-10-16 13:15:52,091 [Datanode State Machine Task Thread - 0] INFO  datanode.InitDatanodeState (InitDatanodeState.java:persistContainerDatanodeDetails(138)) - DatanodeDetails is persisted to /home/runner/work/ozone/ozone/hadoop-ozone/integration-test/target/test-dir/MiniOzoneClusterImpl-8ac818d4-2e27-4bb1-a0ba-6e8ee7a049a2/datanode-1/meta/datanode.id
2022-10-16 13:15:52,100 [ReplicationMonitor] INFO  replication.ReplicationManager (ReplicationManager.java:processAll(324)) - Replication Monitor Thread took 0 milliseconds for processing 7 containers.
2022-10-16 13:15:52,105 [Listener at 127.0.0.1/38707] INFO  upgrade.AbstractLayoutVersionManager (AbstractLayoutVersionManager.java:init(83)) - Initializing Layout version manager with metadata layout = DATANODE_SCHEMA_V3 (version = 4), software layout = DATANODE_SCHEMA_V3 (version = 4)
2022-10-16 13:15:52,144 [Listener at 127.0.0.1/38707] INFO  reflections.Reflections (Reflections.java:scan(232)) - Reflections took 38 ms to scan 7 urls, producing 137 keys and 328 values 
2022-10-16 13:15:52,146 [Listener at 127.0.0.1/38707] INFO  statemachine.DatanodeStateMachine (DatanodeStateMachine.java:getEndPointTaskThreadPoolSize(237)) - Datanode State Machine Task Thread Pool size 2
2022-10-16 13:15:52,149 [Listener at 127.0.0.1/38707] INFO  volume.HddsVolume (HddsVolume.java:<init>(117)) - Creating HddsVolume: /home/runner/work/ozone/ozone/hadoop-ozone/integration-test/target/test-dir/MiniOzoneClusterImpl-8ac818d4-2e27-4bb1-a0ba-6e8ee7a049a2/datanode-2/data-0/containers/hdds of storage type : DISK capacity : 9223372036854775807
2022-10-16 13:15:52,149 [Listener at 127.0.0.1/38707] INFO  volume.MutableVolumeSet (MutableVolumeSet.java:initializeVolumeSet(174)) - Added Volume : /home/runner/work/ozone/ozone/hadoop-ozone/integration-test/target/test-dir/MiniOzoneClusterImpl-8ac818d4-2e27-4bb1-a0ba-6e8ee7a049a2/datanode-2/data-0/containers/hdds to VolumeSet
2022-10-16 13:15:52,149 [Listener at 127.0.0.1/38707] INFO  volume.ThrottledAsyncChecker (ThrottledAsyncChecker.java:schedule(141)) - Scheduling a check for /home/runner/work/ozone/ozone/hadoop-ozone/integration-test/target/test-dir/MiniOzoneClusterImpl-8ac818d4-2e27-4bb1-a0ba-6e8ee7a049a2/datanode-2/data-0/containers/hdds
2022-10-16 13:15:52,150 [Listener at 127.0.0.1/38707] INFO  volume.StorageVolumeChecker (StorageVolumeChecker.java:checkAllVolumes(202)) - Scheduled health check for volume /home/runner/work/ozone/ozone/hadoop-ozone/integration-test/target/test-dir/MiniOzoneClusterImpl-8ac818d4-2e27-4bb1-a0ba-6e8ee7a049a2/datanode-2/data-0/containers/hdds
2022-10-16 13:15:52,160 [Listener at 127.0.0.1/38707] INFO  volume.MutableVolumeSet (MutableVolumeSet.java:initializeVolumeSet(174)) - Added Volume : /home/runner/work/ozone/ozone/hadoop-ozone/integration-test/target/test-dir/MiniOzoneClusterImpl-8ac818d4-2e27-4bb1-a0ba-6e8ee7a049a2/datanode-2/data/ratis to VolumeSet
2022-10-16 13:15:52,160 [Listener at 127.0.0.1/38707] INFO  volume.ThrottledAsyncChecker (ThrottledAsyncChecker.java:schedule(141)) - Scheduling a check for /home/runner/work/ozone/ozone/hadoop-ozone/integration-test/target/test-dir/MiniOzoneClusterImpl-8ac818d4-2e27-4bb1-a0ba-6e8ee7a049a2/datanode-2/data/ratis
2022-10-16 13:15:52,160 [Listener at 127.0.0.1/38707] INFO  volume.StorageVolumeChecker (StorageVolumeChecker.java:checkAllVolumes(202)) - Scheduled health check for volume /home/runner/work/ozone/ozone/hadoop-ozone/integration-test/target/test-dir/MiniOzoneClusterImpl-8ac818d4-2e27-4bb1-a0ba-6e8ee7a049a2/datanode-2/data/ratis
2022-10-16 13:15:52,170 [Thread-1634] INFO  ozoneimpl.ContainerReader (ContainerReader.java:readVolume(175)) - Finish verifying containers on volume /home/runner/work/ozone/ozone/hadoop-ozone/integration-test/target/test-dir/MiniOzoneClusterImpl-8ac818d4-2e27-4bb1-a0ba-6e8ee7a049a2/datanode-2/data-0/containers/hdds
2022-10-16 13:15:52,170 [Listener at 127.0.0.1/38707] INFO  ozoneimpl.OzoneContainer (OzoneContainer.java:buildContainerSet(300)) - Build ContainerSet costs 0s
2022-10-16 13:15:52,172 [Listener at 127.0.0.1/38707] INFO  server.RaftServer (ConfUtils.java:logGet(46)) - raft.rpc.type = GRPC (default)
2022-10-16 13:15:52,172 [Listener at 127.0.0.1/38707] INFO  grpc.GrpcFactory (GrpcFactory.java:checkPooledByteBufAllocatorUseCacheForAllThreads(48)) - PERFORMANCE WARNING: useCacheForAllThreads is true that may cause Netty to create a lot garbage objects and, as a result, trigger GC.
	It is recommended to disable useCacheForAllThreads by setting -Dorg.apache.ratis.thirdparty.io.netty.allocator.useCacheForAllThreads=false in command line.
2022-10-16 13:15:52,172 [Listener at 127.0.0.1/38707] INFO  grpc.GrpcConfigKeys (ConfUtils.java:logGet(46)) - raft.grpc.admin.port = 0 (custom)
2022-10-16 13:15:52,172 [Listener at 127.0.0.1/38707] INFO  grpc.GrpcConfigKeys (ConfUtils.java:logGet(46)) - raft.grpc.client.port = 0 (custom)
2022-10-16 13:15:52,172 [Listener at 127.0.0.1/38707] INFO  grpc.GrpcConfigKeys (ConfUtils.java:logGet(46)) - raft.grpc.server.port = 0 (default)
2022-10-16 13:15:52,172 [Listener at 127.0.0.1/38707] INFO  server.GrpcService (ConfUtils.java:logGet(46)) - raft.grpc.message.size.max = 32MB (=33554432) (custom)
2022-10-16 13:15:52,172 [Listener at 127.0.0.1/38707] INFO  server.RaftServerConfigKeys (ConfUtils.java:logGet(46)) - raft.server.log.appender.buffer.byte-limit = 33554432 (custom)
2022-10-16 13:15:52,172 [Listener at 127.0.0.1/38707] INFO  server.GrpcService (ConfUtils.java:logGet(46)) - raft.grpc.flow.control.window = 5MB (=5242880) (custom)
2022-10-16 13:15:52,172 [Listener at 127.0.0.1/38707] INFO  server.RaftServerConfigKeys (ConfUtils.java:logGet(46)) - raft.server.rpc.request.timeout = 60s (custom)
2022-10-16 13:15:52,172 [Listener at 127.0.0.1/38707] INFO  grpc.GrpcConfigKeys (ConfUtils.java:logGet(46)) - raft.grpc.server.async.request.thread.pool.cached = true (default)
2022-10-16 13:15:52,172 [Listener at 127.0.0.1/38707] INFO  grpc.GrpcConfigKeys (ConfUtils.java:logGet(46)) - raft.grpc.server.async.request.thread.pool.size = 32 (default)
2022-10-16 13:15:52,173 [Listener at 127.0.0.1/38707] INFO  impl.DataStreamServerImpl (ConfUtils.java:logGet(46)) - raft.datastream.type = DISABLED (default)
2022-10-16 13:15:52,173 [Listener at 127.0.0.1/38707] INFO  server.RaftServerConfigKeys (ConfUtils.java:logGet(46)) - raft.server.threadpool.proxy.cached = true (default)
2022-10-16 13:15:52,174 [Listener at 127.0.0.1/38707] INFO  server.RaftServerConfigKeys (ConfUtils.java:logGet(46)) - raft.server.threadpool.proxy.size = 0 (default)
2022-10-16 13:15:52,174 [Listener at 127.0.0.1/38707] INFO  server.RaftServerConfigKeys (ConfUtils.java:logGet(46)) - raft.server.rpc.slowness.timeout = 300s (custom)
2022-10-16 13:15:52,174 [Listener at 127.0.0.1/38707] INFO  server.RaftServerConfigKeys (ConfUtils.java:logGet(46)) - raft.server.leaderelection.leader.step-down.wait-time = 10s (default)
2022-10-16 13:15:52,174 [Listener at 127.0.0.1/38707] INFO  server.RaftServerConfigKeys (ConfUtils.java:logGet(46)) - raft.server.storage.dir = [/home/runner/work/ozone/ozone/hadoop-ozone/integration-test/target/test-dir/MiniOzoneClusterImpl-8ac818d4-2e27-4bb1-a0ba-6e8ee7a049a2/datanode-2/data/ratis] (custom)
2022-10-16 13:15:52,177 [Listener at 127.0.0.1/38707] INFO  server.XceiverServerGrpc (XceiverServerGrpc.java:<init>(132)) - GrpcServer channel type EpollServerSocketChannel
2022-10-16 13:15:52,179 [Listener at 127.0.0.1/38707] INFO  http.BaseHttpServer (BaseHttpServer.java:newHttpServer2BuilderForOzone(213)) - Starting Web-server for hddsDatanode at: http://0.0.0.0:0
2022-10-16 13:15:52,179 [Listener at 127.0.0.1/38707] INFO  http.BaseHttpServer (BaseHttpServer.java:<init>(108)) - Hadoop Security Enabled: false Ozone Security Enabled: false Ozone HTTP Security Enabled: false 
2022-10-16 13:15:52,180 [Listener at 127.0.0.1/38707] WARN  server.AuthenticationFilter (AuthenticationFilter.java:constructSecretProvider(240)) - Unable to initialize FileSignerSecretProvider, falling back to use random secrets. Reason: Could not read signature secret file: /home/runner/hadoop-http-auth-signature-secret
2022-10-16 13:15:52,180 [Listener at 127.0.0.1/38707] WARN  http.HttpRequestLog (HttpRequestLog.java:getRequestLog(103)) - Jetty request log can only be enabled using Log4j
2022-10-16 13:15:52,181 [Listener at 127.0.0.1/38707] INFO  http.HttpServer2 (HttpServer2.java:addGlobalFilter(1031)) - Added global filter 'safety' (class=org.apache.hadoop.hdds.server.http.HttpServer2$QuotingInputFilter)
2022-10-16 13:15:52,181 [Listener at 127.0.0.1/38707] INFO  http.HttpServer2 (HttpServer2.java:addFilter(1007)) - Added filter static_user_filter (class=org.apache.hadoop.http.lib.StaticUserWebFilter$StaticUserFilter) to context hddsDatanode
2022-10-16 13:15:52,181 [Listener at 127.0.0.1/38707] INFO  http.HttpServer2 (HttpServer2.java:addFilter(1015)) - Added filter static_user_filter (class=org.apache.hadoop.http.lib.StaticUserWebFilter$StaticUserFilter) to context logs
2022-10-16 13:15:52,181 [Listener at 127.0.0.1/38707] INFO  http.HttpServer2 (HttpServer2.java:addFilter(1015)) - Added filter static_user_filter (class=org.apache.hadoop.http.lib.StaticUserWebFilter$StaticUserFilter) to context static
2022-10-16 13:15:52,182 [Listener at 127.0.0.1/38707] INFO  http.HttpServer2 (HttpServer2.java:bindListener(1250)) - Jetty bound to port 33131
2022-10-16 13:15:52,182 [Listener at 127.0.0.1/38707] INFO  server.Server (Server.java:doStart(375)) - jetty-9.4.43.v20210629; built: 2021-06-30T11:07:22.254Z; git: 526006ecfa3af7f1a27ef3a288e2bef7ea9dd7e8; jvm 1.8.0_345-b01
2022-10-16 13:15:52,183 [Listener at 127.0.0.1/38707] INFO  server.session (DefaultSessionIdManager.java:doStart(334)) - DefaultSessionIdManager workerName=node0
2022-10-16 13:15:52,183 [Listener at 127.0.0.1/38707] INFO  server.session (DefaultSessionIdManager.java:doStart(339)) - No SessionScavenger set, using defaults
2022-10-16 13:15:52,183 [Listener at 127.0.0.1/38707] INFO  server.session (HouseKeeper.java:startScavenging(132)) - node0 Scavenging every 600000ms
2022-10-16 13:15:52,184 [Listener at 127.0.0.1/38707] INFO  handler.ContextHandler (ContextHandler.java:doStart(915)) - Started o.e.j.s.ServletContextHandler@55f596ed{logs,/logs,file:///home/runner/work/ozone/ozone/hadoop-ozone/integration-test/target/log,AVAILABLE}
2022-10-16 13:15:52,184 [Listener at 127.0.0.1/38707] INFO  handler.ContextHandler (ContextHandler.java:doStart(915)) - Started o.e.j.s.ServletContextHandler@4f143519{static,/static,jar:file:/home/runner/.m2/repository/org/apache/ozone/hdds-container-service/1.3.0-SNAPSHOT/hdds-container-service-1.3.0-SNAPSHOT.jar!/webapps/static,AVAILABLE}
2022-10-16 13:15:52,388 [Listener at 127.0.0.1/38707] INFO  handler.ContextHandler (ContextHandler.java:doStart(915)) - Started o.e.j.w.WebAppContext@2571c201{hddsDatanode,/,file:///tmp/jetty-0_0_0_0-33131-hdds-container-service-1_3_0-SNAPSHOT_jar-_-any-5629273729412104444/webapp/,AVAILABLE}{jar:file:/home/runner/.m2/repository/org/apache/ozone/hdds-container-service/1.3.0-SNAPSHOT/hdds-container-service-1.3.0-SNAPSHOT.jar!/webapps/hddsDatanode}
2022-10-16 13:15:52,389 [Listener at 127.0.0.1/38707] INFO  server.AbstractConnector (AbstractConnector.java:doStart(331)) - Started ServerConnector@48a15803{HTTP/1.1, (http/1.1)}{0.0.0.0:33131}
2022-10-16 13:15:52,389 [Listener at 127.0.0.1/38707] INFO  server.Server (Server.java:doStart(415)) - Started @133601ms
2022-10-16 13:15:52,389 [Listener at 127.0.0.1/38707] WARN  impl.MetricsSystemImpl (MetricsSystemImpl.java:register(279)) - Sink prometheus already exists!
2022-10-16 13:15:52,390 [Listener at 127.0.0.1/38707] INFO  http.BaseHttpServer (BaseHttpServer.java:updateConnectorAddress(333)) - HTTP server of hddsDatanode listening at http://0.0.0.0:33131
2022-10-16 13:15:52,390 [Datanode State Machine Daemon Thread] INFO  statemachine.DatanodeStateMachine (DatanodeStateMachine.java:lambda$startDaemon$0(492)) - Ozone container server started.
2022-10-16 13:15:52,390 [Listener at 127.0.0.1/38707] WARN  impl.MetricRegistriesImpl (MetricRegistriesImpl.java:addReporterRegistration(111)) - New reporters are added after registries were created. Some metrics will be missing from the reporter. Please add reporter before adding any new registry.
2022-10-16 13:15:52,391 [Listener at 127.0.0.1/38707] WARN  impl.MetricRegistriesImpl (MetricRegistriesImpl.java:addReporterRegistration(111)) - New reporters are added after registries were created. Some metrics will be missing from the reporter. Please add reporter before adding any new registry.
2022-10-16 13:15:52,393 [Listener at 127.0.0.1/38707] INFO  impl.MetricsSystemImpl (MetricsSystemImpl.java:init(158)) - HddsDatanode metrics system started (again)
2022-10-16 13:15:52,403 [Listener at 127.0.0.1/38707] INFO  ozone.HddsDatanodeService (HddsDatanodeService.java:start(236)) - HddsDatanodeService host:fv-az308-250.etcbaq1qs54eplwmrjlabigyle.cx.internal.cloudapp.net ip:10.1.0.60
2022-10-16 13:15:52,404 [org.apache.hadoop.util.JvmPauseMonitor$Monitor@6caed921] INFO  util.JvmPauseMonitor (JvmPauseMonitor.java:run(188)) - Starting JVM pause monitor
2022-10-16 13:15:52,408 [Datanode State Machine Task Thread - 0] INFO  datanode.InitDatanodeState (InitDatanodeState.java:persistContainerDatanodeDetails(138)) - DatanodeDetails is persisted to /home/runner/work/ozone/ozone/hadoop-ozone/integration-test/target/test-dir/MiniOzoneClusterImpl-8ac818d4-2e27-4bb1-a0ba-6e8ee7a049a2/datanode-2/meta/datanode.id
2022-10-16 13:15:52,423 [Listener at 127.0.0.1/38707] INFO  upgrade.AbstractLayoutVersionManager (AbstractLayoutVersionManager.java:init(83)) - Initializing Layout version manager with metadata layout = DATANODE_SCHEMA_V3 (version = 4), software layout = DATANODE_SCHEMA_V3 (version = 4)
2022-10-16 13:15:52,462 [Listener at 127.0.0.1/38707] INFO  reflections.Reflections (Reflections.java:scan(232)) - Reflections took 38 ms to scan 7 urls, producing 137 keys and 328 values 
2022-10-16 13:15:52,463 [Listener at 127.0.0.1/38707] INFO  statemachine.DatanodeStateMachine (DatanodeStateMachine.java:getEndPointTaskThreadPoolSize(237)) - Datanode State Machine Task Thread Pool size 2
2022-10-16 13:15:52,468 [Listener at 127.0.0.1/38707] INFO  volume.HddsVolume (HddsVolume.java:<init>(117)) - Creating HddsVolume: /home/runner/work/ozone/ozone/hadoop-ozone/integration-test/target/test-dir/MiniOzoneClusterImpl-8ac818d4-2e27-4bb1-a0ba-6e8ee7a049a2/datanode-3/data-0/containers/hdds of storage type : DISK capacity : 9223372036854775807
2022-10-16 13:15:52,468 [Listener at 127.0.0.1/38707] INFO  volume.MutableVolumeSet (MutableVolumeSet.java:initializeVolumeSet(174)) - Added Volume : /home/runner/work/ozone/ozone/hadoop-ozone/integration-test/target/test-dir/MiniOzoneClusterImpl-8ac818d4-2e27-4bb1-a0ba-6e8ee7a049a2/datanode-3/data-0/containers/hdds to VolumeSet
2022-10-16 13:15:52,468 [Listener at 127.0.0.1/38707] INFO  volume.ThrottledAsyncChecker (ThrottledAsyncChecker.java:schedule(141)) - Scheduling a check for /home/runner/work/ozone/ozone/hadoop-ozone/integration-test/target/test-dir/MiniOzoneClusterImpl-8ac818d4-2e27-4bb1-a0ba-6e8ee7a049a2/datanode-3/data-0/containers/hdds
2022-10-16 13:15:52,469 [Listener at 127.0.0.1/38707] INFO  volume.StorageVolumeChecker (StorageVolumeChecker.java:checkAllVolumes(202)) - Scheduled health check for volume /home/runner/work/ozone/ozone/hadoop-ozone/integration-test/target/test-dir/MiniOzoneClusterImpl-8ac818d4-2e27-4bb1-a0ba-6e8ee7a049a2/datanode-3/data-0/containers/hdds
2022-10-16 13:15:52,479 [Listener at 127.0.0.1/38707] INFO  volume.MutableVolumeSet (MutableVolumeSet.java:initializeVolumeSet(174)) - Added Volume : /home/runner/work/ozone/ozone/hadoop-ozone/integration-test/target/test-dir/MiniOzoneClusterImpl-8ac818d4-2e27-4bb1-a0ba-6e8ee7a049a2/datanode-3/data/ratis to VolumeSet
2022-10-16 13:15:52,479 [Listener at 127.0.0.1/38707] INFO  volume.ThrottledAsyncChecker (ThrottledAsyncChecker.java:schedule(141)) - Scheduling a check for /home/runner/work/ozone/ozone/hadoop-ozone/integration-test/target/test-dir/MiniOzoneClusterImpl-8ac818d4-2e27-4bb1-a0ba-6e8ee7a049a2/datanode-3/data/ratis
2022-10-16 13:15:52,479 [Listener at 127.0.0.1/38707] INFO  volume.StorageVolumeChecker (StorageVolumeChecker.java:checkAllVolumes(202)) - Scheduled health check for volume /home/runner/work/ozone/ozone/hadoop-ozone/integration-test/target/test-dir/MiniOzoneClusterImpl-8ac818d4-2e27-4bb1-a0ba-6e8ee7a049a2/datanode-3/data/ratis
2022-10-16 13:15:52,489 [Thread-1647] INFO  ozoneimpl.ContainerReader (ContainerReader.java:readVolume(175)) - Finish verifying containers on volume /home/runner/work/ozone/ozone/hadoop-ozone/integration-test/target/test-dir/MiniOzoneClusterImpl-8ac818d4-2e27-4bb1-a0ba-6e8ee7a049a2/datanode-3/data-0/containers/hdds
2022-10-16 13:15:52,489 [Listener at 127.0.0.1/38707] INFO  ozoneimpl.OzoneContainer (OzoneContainer.java:buildContainerSet(300)) - Build ContainerSet costs 0s
2022-10-16 13:15:52,491 [Listener at 127.0.0.1/38707] INFO  server.RaftServer (ConfUtils.java:logGet(46)) - raft.rpc.type = GRPC (default)
2022-10-16 13:15:52,491 [Listener at 127.0.0.1/38707] INFO  grpc.GrpcFactory (GrpcFactory.java:checkPooledByteBufAllocatorUseCacheForAllThreads(48)) - PERFORMANCE WARNING: useCacheForAllThreads is true that may cause Netty to create a lot garbage objects and, as a result, trigger GC.
	It is recommended to disable useCacheForAllThreads by setting -Dorg.apache.ratis.thirdparty.io.netty.allocator.useCacheForAllThreads=false in command line.
2022-10-16 13:15:52,491 [Listener at 127.0.0.1/38707] INFO  grpc.GrpcConfigKeys (ConfUtils.java:logGet(46)) - raft.grpc.admin.port = 0 (custom)
2022-10-16 13:15:52,491 [Listener at 127.0.0.1/38707] INFO  grpc.GrpcConfigKeys (ConfUtils.java:logGet(46)) - raft.grpc.client.port = 0 (custom)
2022-10-16 13:15:52,491 [Listener at 127.0.0.1/38707] INFO  grpc.GrpcConfigKeys (ConfUtils.java:logGet(46)) - raft.grpc.server.port = 0 (default)
2022-10-16 13:15:52,491 [Listener at 127.0.0.1/38707] INFO  server.GrpcService (ConfUtils.java:logGet(46)) - raft.grpc.message.size.max = 32MB (=33554432) (custom)
2022-10-16 13:15:52,491 [Listener at 127.0.0.1/38707] INFO  server.RaftServerConfigKeys (ConfUtils.java:logGet(46)) - raft.server.log.appender.buffer.byte-limit = 33554432 (custom)
2022-10-16 13:15:52,492 [Listener at 127.0.0.1/38707] INFO  server.GrpcService (ConfUtils.java:logGet(46)) - raft.grpc.flow.control.window = 5MB (=5242880) (custom)
2022-10-16 13:15:52,493 [Listener at 127.0.0.1/38707] INFO  server.RaftServerConfigKeys (ConfUtils.java:logGet(46)) - raft.server.rpc.request.timeout = 60s (custom)
2022-10-16 13:15:52,493 [Listener at 127.0.0.1/38707] INFO  grpc.GrpcConfigKeys (ConfUtils.java:logGet(46)) - raft.grpc.server.async.request.thread.pool.cached = true (default)
2022-10-16 13:15:52,493 [Listener at 127.0.0.1/38707] INFO  grpc.GrpcConfigKeys (ConfUtils.java:logGet(46)) - raft.grpc.server.async.request.thread.pool.size = 32 (default)
2022-10-16 13:15:52,494 [Listener at 127.0.0.1/38707] INFO  impl.DataStreamServerImpl (ConfUtils.java:logGet(46)) - raft.datastream.type = DISABLED (default)
2022-10-16 13:15:52,494 [Listener at 127.0.0.1/38707] INFO  server.RaftServerConfigKeys (ConfUtils.java:logGet(46)) - raft.server.threadpool.proxy.cached = true (default)
2022-10-16 13:15:52,494 [Listener at 127.0.0.1/38707] INFO  server.RaftServerConfigKeys (ConfUtils.java:logGet(46)) - raft.server.threadpool.proxy.size = 0 (default)
2022-10-16 13:15:52,494 [Listener at 127.0.0.1/38707] INFO  server.RaftServerConfigKeys (ConfUtils.java:logGet(46)) - raft.server.rpc.slowness.timeout = 300s (custom)
2022-10-16 13:15:52,494 [Listener at 127.0.0.1/38707] INFO  server.RaftServerConfigKeys (ConfUtils.java:logGet(46)) - raft.server.leaderelection.leader.step-down.wait-time = 10s (default)
2022-10-16 13:15:52,494 [Listener at 127.0.0.1/38707] INFO  server.RaftServerConfigKeys (ConfUtils.java:logGet(46)) - raft.server.storage.dir = [/home/runner/work/ozone/ozone/hadoop-ozone/integration-test/target/test-dir/MiniOzoneClusterImpl-8ac818d4-2e27-4bb1-a0ba-6e8ee7a049a2/datanode-3/data/ratis] (custom)
2022-10-16 13:15:52,496 [Listener at 127.0.0.1/38707] INFO  server.XceiverServerGrpc (XceiverServerGrpc.java:<init>(132)) - GrpcServer channel type EpollServerSocketChannel
2022-10-16 13:15:52,498 [Listener at 127.0.0.1/38707] INFO  http.BaseHttpServer (BaseHttpServer.java:newHttpServer2BuilderForOzone(213)) - Starting Web-server for hddsDatanode at: http://0.0.0.0:0
2022-10-16 13:15:52,498 [Listener at 127.0.0.1/38707] INFO  http.BaseHttpServer (BaseHttpServer.java:<init>(108)) - Hadoop Security Enabled: false Ozone Security Enabled: false Ozone HTTP Security Enabled: false 
2022-10-16 13:15:52,499 [Listener at 127.0.0.1/38707] WARN  server.AuthenticationFilter (AuthenticationFilter.java:constructSecretProvider(240)) - Unable to initialize FileSignerSecretProvider, falling back to use random secrets. Reason: Could not read signature secret file: /home/runner/hadoop-http-auth-signature-secret
2022-10-16 13:15:52,504 [Listener at 127.0.0.1/38707] WARN  http.HttpRequestLog (HttpRequestLog.java:getRequestLog(103)) - Jetty request log can only be enabled using Log4j
2022-10-16 13:15:52,505 [Listener at 127.0.0.1/38707] INFO  http.HttpServer2 (HttpServer2.java:addGlobalFilter(1031)) - Added global filter 'safety' (class=org.apache.hadoop.hdds.server.http.HttpServer2$QuotingInputFilter)
2022-10-16 13:15:52,505 [Listener at 127.0.0.1/38707] INFO  http.HttpServer2 (HttpServer2.java:addFilter(1007)) - Added filter static_user_filter (class=org.apache.hadoop.http.lib.StaticUserWebFilter$StaticUserFilter) to context hddsDatanode
2022-10-16 13:15:52,505 [Listener at 127.0.0.1/38707] INFO  http.HttpServer2 (HttpServer2.java:addFilter(1015)) - Added filter static_user_filter (class=org.apache.hadoop.http.lib.StaticUserWebFilter$StaticUserFilter) to context logs
2022-10-16 13:15:52,505 [Listener at 127.0.0.1/38707] INFO  http.HttpServer2 (HttpServer2.java:addFilter(1015)) - Added filter static_user_filter (class=org.apache.hadoop.http.lib.StaticUserWebFilter$StaticUserFilter) to context static
2022-10-16 13:15:52,506 [Listener at 127.0.0.1/38707] INFO  http.HttpServer2 (HttpServer2.java:bindListener(1250)) - Jetty bound to port 40829
2022-10-16 13:15:52,506 [Listener at 127.0.0.1/38707] INFO  server.Server (Server.java:doStart(375)) - jetty-9.4.43.v20210629; built: 2021-06-30T11:07:22.254Z; git: 526006ecfa3af7f1a27ef3a288e2bef7ea9dd7e8; jvm 1.8.0_345-b01
2022-10-16 13:15:52,507 [Listener at 127.0.0.1/38707] INFO  server.session (DefaultSessionIdManager.java:doStart(334)) - DefaultSessionIdManager workerName=node0
2022-10-16 13:15:52,507 [Listener at 127.0.0.1/38707] INFO  server.session (DefaultSessionIdManager.java:doStart(339)) - No SessionScavenger set, using defaults
2022-10-16 13:15:52,507 [Listener at 127.0.0.1/38707] INFO  server.session (HouseKeeper.java:startScavenging(132)) - node0 Scavenging every 600000ms
2022-10-16 13:15:52,509 [Listener at 127.0.0.1/38707] INFO  handler.ContextHandler (ContextHandler.java:doStart(915)) - Started o.e.j.s.ServletContextHandler@1e0ddd1d{logs,/logs,file:///home/runner/work/ozone/ozone/hadoop-ozone/integration-test/target/log,AVAILABLE}
2022-10-16 13:15:52,510 [Listener at 127.0.0.1/38707] INFO  handler.ContextHandler (ContextHandler.java:doStart(915)) - Started o.e.j.s.ServletContextHandler@39233c8b{static,/static,jar:file:/home/runner/.m2/repository/org/apache/ozone/hdds-container-service/1.3.0-SNAPSHOT/hdds-container-service-1.3.0-SNAPSHOT.jar!/webapps/static,AVAILABLE}
2022-10-16 13:15:52,577 [om1@group-C5BA1605619E-FollowerState] INFO  impl.FollowerState (FollowerState.java:run(143)) - om1@group-C5BA1605619E-FollowerState: change to CANDIDATE, lastRpcElapsedTime:1127210701ns, electionTimeout:1126ms
2022-10-16 13:15:52,577 [om1@group-C5BA1605619E-FollowerState] INFO  impl.RoleInfo (RoleInfo.java:shutdownFollowerState(110)) - om1: shutdown om1@group-C5BA1605619E-FollowerState
2022-10-16 13:15:52,577 [om1@group-C5BA1605619E-FollowerState] INFO  server.RaftServer$Division (RaftServerImpl.java:setRole(299)) - om1@group-C5BA1605619E: changes role from  FOLLOWER to CANDIDATE at term 0 for changeToCandidate
2022-10-16 13:15:52,577 [om1@group-C5BA1605619E-FollowerState] INFO  server.RaftServerConfigKeys (ConfUtils.java:logGet(46)) - raft.server.leaderelection.pre-vote = false (custom)
2022-10-16 13:15:52,577 [om1@group-C5BA1605619E-FollowerState] INFO  impl.RoleInfo (RoleInfo.java:updateAndGet(139)) - om1: start om1@group-C5BA1605619E-LeaderElection26
2022-10-16 13:15:52,583 [om1@group-C5BA1605619E-LeaderElection26] INFO  impl.LeaderElection (LeaderElection.java:askForVotes(310)) - om1@group-C5BA1605619E-LeaderElection26 ELECTION round 0: submit vote requests at term 1 for -1: [om1|rpc:localhost:9872|priority:0], old=null
2022-10-16 13:15:52,583 [om1@group-C5BA1605619E-LeaderElection26] INFO  impl.LeaderElection (LeaderElection.java:askForVotes(312)) - om1@group-C5BA1605619E-LeaderElection26 ELECTION round 0: result PASSED (term=1)
2022-10-16 13:15:52,583 [om1@group-C5BA1605619E-LeaderElection26] INFO  impl.RoleInfo (RoleInfo.java:shutdownLeaderElection(130)) - om1: shutdown om1@group-C5BA1605619E-LeaderElection26
2022-10-16 13:15:52,583 [om1@group-C5BA1605619E-LeaderElection26] INFO  server.RaftServer$Division (RaftServerImpl.java:setRole(299)) - om1@group-C5BA1605619E: changes role from CANDIDATE to LEADER at term 1 for changeToLeader
2022-10-16 13:15:52,583 [om1@group-C5BA1605619E-LeaderElection26] INFO  server.RaftServer$Division (ServerState.java:setLeader(287)) - om1@group-C5BA1605619E: change Leader from null to om1 at term 1 for becomeLeader, leader elected after 1449ms
2022-10-16 13:15:52,583 [om1@group-C5BA1605619E-LeaderElection26] INFO  server.RaftServerConfigKeys (ConfUtils.java:logGet(46)) - raft.server.staging.catchup.gap = 1000 (default)
2022-10-16 13:15:52,583 [om1@group-C5BA1605619E-LeaderElection26] INFO  server.RaftServerConfigKeys (ConfUtils.java:logGet(46)) - raft.server.write.element-limit = 4096 (default)
2022-10-16 13:15:52,583 [om1@group-C5BA1605619E-LeaderElection26] INFO  server.RaftServerConfigKeys (ConfUtils.java:logGet(46)) - raft.server.write.byte-limit = 64MB (=67108864) (default)
2022-10-16 13:15:52,584 [om1@group-C5BA1605619E-LeaderElection26] INFO  server.RaftServerConfigKeys (ConfUtils.java:logGet(46)) - raft.server.watch.timeout = 10s (default)
2022-10-16 13:15:52,584 [om1@group-C5BA1605619E-LeaderElection26] INFO  server.RaftServerConfigKeys (ConfUtils.java:logGet(46)) - raft.server.watch.timeout.denomination = 1s (default)
2022-10-16 13:15:52,584 [om1@group-C5BA1605619E-LeaderElection26] INFO  server.RaftServerConfigKeys (ConfUtils.java:logGet(46)) - raft.server.watch.element-limit = 65536 (default)
2022-10-16 13:15:52,584 [om1@group-C5BA1605619E-LeaderElection26] INFO  server.RaftServerConfigKeys (ConfUtils.java:logGet(46)) - raft.server.write.element-limit = 4096 (default)
2022-10-16 13:15:52,584 [om1@group-C5BA1605619E-LeaderElection26] INFO  server.RaftServerConfigKeys (ConfUtils.java:logGet(46)) - raft.server.write.follower.gap.ratio.max = -1.0 (default)
2022-10-16 13:15:52,584 [om1@group-C5BA1605619E-LeaderElection26] INFO  impl.RoleInfo (RoleInfo.java:updateAndGet(139)) - om1: start om1@group-C5BA1605619E-LeaderStateImpl
2022-10-16 13:15:52,584 [om1@group-C5BA1605619E-LeaderElection26] INFO  segmented.SegmentedRaftLogWorker (SegmentedRaftLogWorker.java:startLogSegment(425)) - om1@group-C5BA1605619E-SegmentedRaftLogWorker: Starting segment from index:0
2022-10-16 13:15:52,592 [om1@group-C5BA1605619E-LeaderElection26] INFO  server.RaftServer$Division (ServerState.java:setRaftConf(393)) - om1@group-C5BA1605619E: set configuration 0: [om1|rpc:localhost:9872|admin:|client:|dataStream:|priority:0], old=null
2022-10-16 13:15:52,595 [om1@group-C5BA1605619E-SegmentedRaftLogWorker] INFO  segmented.SegmentedRaftLogWorker (SegmentedRaftLogWorker.java:execute(629)) - om1@group-C5BA1605619E-SegmentedRaftLogWorker: created new log segment /home/runner/work/ozone/ozone/hadoop-ozone/integration-test/target/test-dir/MiniOzoneClusterImpl-8ac818d4-2e27-4bb1-a0ba-6e8ee7a049a2/ozone-meta/ratis/bf265839-605b-3f16-9796-c5ba1605619e/current/log_inprogress_0
2022-10-16 13:15:52,596 [om1@group-C5BA1605619E-StateMachineUpdater] INFO  ratis.OzoneManagerStateMachine (OzoneManagerStateMachine.java:notifyConfigurationChanged(192)) - Received Configuration change notification from Ratis. New Peer list:
[id: "om1"
address: "localhost:9872"
]
2022-10-16 13:15:52,677 [Listener at 127.0.0.1/38707] INFO  handler.ContextHandler (ContextHandler.java:doStart(915)) - Started o.e.j.w.WebAppContext@2e76969d{hddsDatanode,/,file:///tmp/jetty-0_0_0_0-40829-hdds-container-service-1_3_0-SNAPSHOT_jar-_-any-5377218890456522059/webapp/,AVAILABLE}{jar:file:/home/runner/.m2/repository/org/apache/ozone/hdds-container-service/1.3.0-SNAPSHOT/hdds-container-service-1.3.0-SNAPSHOT.jar!/webapps/hddsDatanode}
2022-10-16 13:15:52,679 [Listener at 127.0.0.1/38707] INFO  server.AbstractConnector (AbstractConnector.java:doStart(331)) - Started ServerConnector@395e0045{HTTP/1.1, (http/1.1)}{0.0.0.0:40829}
2022-10-16 13:15:52,679 [Listener at 127.0.0.1/38707] INFO  server.Server (Server.java:doStart(415)) - Started @133891ms
2022-10-16 13:15:52,679 [Listener at 127.0.0.1/38707] WARN  impl.MetricsSystemImpl (MetricsSystemImpl.java:register(279)) - Sink prometheus already exists!
2022-10-16 13:15:52,679 [Listener at 127.0.0.1/38707] INFO  http.BaseHttpServer (BaseHttpServer.java:updateConnectorAddress(333)) - HTTP server of hddsDatanode listening at http://0.0.0.0:40829
2022-10-16 13:15:52,680 [Listener at 127.0.0.1/38707] WARN  impl.MetricRegistriesImpl (MetricRegistriesImpl.java:addReporterRegistration(111)) - New reporters are added after registries were created. Some metrics will be missing from the reporter. Please add reporter before adding any new registry.
2022-10-16 13:15:52,680 [Listener at 127.0.0.1/38707] WARN  impl.MetricRegistriesImpl (MetricRegistriesImpl.java:addReporterRegistration(111)) - New reporters are added after registries were created. Some metrics will be missing from the reporter. Please add reporter before adding any new registry.
2022-10-16 13:15:52,680 [Listener at 127.0.0.1/38707] INFO  impl.MetricsSystemImpl (MetricsSystemImpl.java:init(158)) - HddsDatanode metrics system started (again)
2022-10-16 13:15:52,682 [Datanode State Machine Daemon Thread] INFO  statemachine.DatanodeStateMachine (DatanodeStateMachine.java:lambda$startDaemon$0(492)) - Ozone container server started.
2022-10-16 13:15:52,695 [Listener at 127.0.0.1/38707] INFO  ozone.HddsDatanodeService (HddsDatanodeService.java:start(236)) - HddsDatanodeService host:fv-az308-250.etcbaq1qs54eplwmrjlabigyle.cx.internal.cloudapp.net ip:10.1.0.60
2022-10-16 13:15:52,695 [org.apache.hadoop.util.JvmPauseMonitor$Monitor@4aa39195] INFO  util.JvmPauseMonitor (JvmPauseMonitor.java:run(188)) - Starting JVM pause monitor
2022-10-16 13:15:52,697 [Datanode State Machine Task Thread - 0] INFO  datanode.InitDatanodeState (InitDatanodeState.java:persistContainerDatanodeDetails(138)) - DatanodeDetails is persisted to /home/runner/work/ozone/ozone/hadoop-ozone/integration-test/target/test-dir/MiniOzoneClusterImpl-8ac818d4-2e27-4bb1-a0ba-6e8ee7a049a2/datanode-3/meta/datanode.id
2022-10-16 13:15:52,721 [Listener at 127.0.0.1/38707] INFO  upgrade.AbstractLayoutVersionManager (AbstractLayoutVersionManager.java:init(83)) - Initializing Layout version manager with metadata layout = DATANODE_SCHEMA_V3 (version = 4), software layout = DATANODE_SCHEMA_V3 (version = 4)
2022-10-16 13:15:52,760 [Listener at 127.0.0.1/38707] INFO  reflections.Reflections (Reflections.java:scan(232)) - Reflections took 38 ms to scan 7 urls, producing 137 keys and 328 values 
2022-10-16 13:15:52,761 [Listener at 127.0.0.1/38707] INFO  statemachine.DatanodeStateMachine (DatanodeStateMachine.java:getEndPointTaskThreadPoolSize(237)) - Datanode State Machine Task Thread Pool size 2
2022-10-16 13:15:52,765 [Listener at 127.0.0.1/38707] INFO  volume.HddsVolume (HddsVolume.java:<init>(117)) - Creating HddsVolume: /home/runner/work/ozone/ozone/hadoop-ozone/integration-test/target/test-dir/MiniOzoneClusterImpl-8ac818d4-2e27-4bb1-a0ba-6e8ee7a049a2/datanode-4/data-0/containers/hdds of storage type : DISK capacity : 9223372036854775807
2022-10-16 13:15:52,765 [Listener at 127.0.0.1/38707] INFO  volume.MutableVolumeSet (MutableVolumeSet.java:initializeVolumeSet(174)) - Added Volume : /home/runner/work/ozone/ozone/hadoop-ozone/integration-test/target/test-dir/MiniOzoneClusterImpl-8ac818d4-2e27-4bb1-a0ba-6e8ee7a049a2/datanode-4/data-0/containers/hdds to VolumeSet
2022-10-16 13:15:52,765 [Listener at 127.0.0.1/38707] INFO  volume.ThrottledAsyncChecker (ThrottledAsyncChecker.java:schedule(141)) - Scheduling a check for /home/runner/work/ozone/ozone/hadoop-ozone/integration-test/target/test-dir/MiniOzoneClusterImpl-8ac818d4-2e27-4bb1-a0ba-6e8ee7a049a2/datanode-4/data-0/containers/hdds
2022-10-16 13:15:52,765 [Listener at 127.0.0.1/38707] INFO  volume.StorageVolumeChecker (StorageVolumeChecker.java:checkAllVolumes(202)) - Scheduled health check for volume /home/runner/work/ozone/ozone/hadoop-ozone/integration-test/target/test-dir/MiniOzoneClusterImpl-8ac818d4-2e27-4bb1-a0ba-6e8ee7a049a2/datanode-4/data-0/containers/hdds
2022-10-16 13:15:52,766 [ReplicationMonitor] INFO  replication.ReplicationManager (ReplicationManager.java:processAll(291)) - Replication Manager is not ready to run until 3000ms after safemode exit
2022-10-16 13:15:52,775 [Listener at 127.0.0.1/38707] INFO  volume.MutableVolumeSet (MutableVolumeSet.java:initializeVolumeSet(174)) - Added Volume : /home/runner/work/ozone/ozone/hadoop-ozone/integration-test/target/test-dir/MiniOzoneClusterImpl-8ac818d4-2e27-4bb1-a0ba-6e8ee7a049a2/datanode-4/data/ratis to VolumeSet
2022-10-16 13:15:52,776 [Listener at 127.0.0.1/38707] INFO  volume.ThrottledAsyncChecker (ThrottledAsyncChecker.java:schedule(141)) - Scheduling a check for /home/runner/work/ozone/ozone/hadoop-ozone/integration-test/target/test-dir/MiniOzoneClusterImpl-8ac818d4-2e27-4bb1-a0ba-6e8ee7a049a2/datanode-4/data/ratis
2022-10-16 13:15:52,776 [Listener at 127.0.0.1/38707] INFO  volume.StorageVolumeChecker (StorageVolumeChecker.java:checkAllVolumes(202)) - Scheduled health check for volume /home/runner/work/ozone/ozone/hadoop-ozone/integration-test/target/test-dir/MiniOzoneClusterImpl-8ac818d4-2e27-4bb1-a0ba-6e8ee7a049a2/datanode-4/data/ratis
2022-10-16 13:15:52,786 [Thread-1662] INFO  ozoneimpl.ContainerReader (ContainerReader.java:readVolume(175)) - Finish verifying containers on volume /home/runner/work/ozone/ozone/hadoop-ozone/integration-test/target/test-dir/MiniOzoneClusterImpl-8ac818d4-2e27-4bb1-a0ba-6e8ee7a049a2/datanode-4/data-0/containers/hdds
2022-10-16 13:15:52,786 [Listener at 127.0.0.1/38707] INFO  ozoneimpl.OzoneContainer (OzoneContainer.java:buildContainerSet(300)) - Build ContainerSet costs 0s
2022-10-16 13:15:52,788 [Listener at 127.0.0.1/38707] INFO  server.RaftServer (ConfUtils.java:logGet(46)) - raft.rpc.type = GRPC (default)
2022-10-16 13:15:52,788 [Listener at 127.0.0.1/38707] INFO  grpc.GrpcFactory (GrpcFactory.java:checkPooledByteBufAllocatorUseCacheForAllThreads(48)) - PERFORMANCE WARNING: useCacheForAllThreads is true that may cause Netty to create a lot garbage objects and, as a result, trigger GC.
	It is recommended to disable useCacheForAllThreads by setting -Dorg.apache.ratis.thirdparty.io.netty.allocator.useCacheForAllThreads=false in command line.
2022-10-16 13:15:52,788 [Listener at 127.0.0.1/38707] INFO  grpc.GrpcConfigKeys (ConfUtils.java:logGet(46)) - raft.grpc.admin.port = 0 (custom)
2022-10-16 13:15:52,788 [Listener at 127.0.0.1/38707] INFO  grpc.GrpcConfigKeys (ConfUtils.java:logGet(46)) - raft.grpc.client.port = 0 (custom)
2022-10-16 13:15:52,788 [Listener at 127.0.0.1/38707] INFO  grpc.GrpcConfigKeys (ConfUtils.java:logGet(46)) - raft.grpc.server.port = 0 (default)
2022-10-16 13:15:52,788 [Listener at 127.0.0.1/38707] INFO  server.GrpcService (ConfUtils.java:logGet(46)) - raft.grpc.message.size.max = 32MB (=33554432) (custom)
2022-10-16 13:15:52,788 [Listener at 127.0.0.1/38707] INFO  server.RaftServerConfigKeys (ConfUtils.java:logGet(46)) - raft.server.log.appender.buffer.byte-limit = 33554432 (custom)
2022-10-16 13:15:52,788 [Listener at 127.0.0.1/38707] INFO  server.GrpcService (ConfUtils.java:logGet(46)) - raft.grpc.flow.control.window = 5MB (=5242880) (custom)
2022-10-16 13:15:52,788 [Listener at 127.0.0.1/38707] INFO  server.RaftServerConfigKeys (ConfUtils.java:logGet(46)) - raft.server.rpc.request.timeout = 60s (custom)
2022-10-16 13:15:52,788 [Listener at 127.0.0.1/38707] INFO  grpc.GrpcConfigKeys (ConfUtils.java:logGet(46)) - raft.grpc.server.async.request.thread.pool.cached = true (default)
2022-10-16 13:15:52,788 [Listener at 127.0.0.1/38707] INFO  grpc.GrpcConfigKeys (ConfUtils.java:logGet(46)) - raft.grpc.server.async.request.thread.pool.size = 32 (default)
2022-10-16 13:15:52,789 [Listener at 127.0.0.1/38707] INFO  impl.DataStreamServerImpl (ConfUtils.java:logGet(46)) - raft.datastream.type = DISABLED (default)
2022-10-16 13:15:52,789 [Listener at 127.0.0.1/38707] INFO  server.RaftServerConfigKeys (ConfUtils.java:logGet(46)) - raft.server.threadpool.proxy.cached = true (default)
2022-10-16 13:15:52,789 [Listener at 127.0.0.1/38707] INFO  server.RaftServerConfigKeys (ConfUtils.java:logGet(46)) - raft.server.threadpool.proxy.size = 0 (default)
2022-10-16 13:15:52,789 [Listener at 127.0.0.1/38707] INFO  server.RaftServerConfigKeys (ConfUtils.java:logGet(46)) - raft.server.rpc.slowness.timeout = 300s (custom)
2022-10-16 13:15:52,789 [Listener at 127.0.0.1/38707] INFO  server.RaftServerConfigKeys (ConfUtils.java:logGet(46)) - raft.server.leaderelection.leader.step-down.wait-time = 10s (default)
2022-10-16 13:15:52,790 [Listener at 127.0.0.1/38707] INFO  server.RaftServerConfigKeys (ConfUtils.java:logGet(46)) - raft.server.storage.dir = [/home/runner/work/ozone/ozone/hadoop-ozone/integration-test/target/test-dir/MiniOzoneClusterImpl-8ac818d4-2e27-4bb1-a0ba-6e8ee7a049a2/datanode-4/data/ratis] (custom)
2022-10-16 13:15:52,793 [Listener at 127.0.0.1/38707] INFO  server.XceiverServerGrpc (XceiverServerGrpc.java:<init>(132)) - GrpcServer channel type EpollServerSocketChannel
2022-10-16 13:15:52,796 [Listener at 127.0.0.1/38707] INFO  http.BaseHttpServer (BaseHttpServer.java:newHttpServer2BuilderForOzone(213)) - Starting Web-server for hddsDatanode at: http://0.0.0.0:0
2022-10-16 13:15:52,796 [Listener at 127.0.0.1/38707] INFO  http.BaseHttpServer (BaseHttpServer.java:<init>(108)) - Hadoop Security Enabled: false Ozone Security Enabled: false Ozone HTTP Security Enabled: false 
2022-10-16 13:15:52,796 [Listener at 127.0.0.1/38707] WARN  server.AuthenticationFilter (AuthenticationFilter.java:constructSecretProvider(240)) - Unable to initialize FileSignerSecretProvider, falling back to use random secrets. Reason: Could not read signature secret file: /home/runner/hadoop-http-auth-signature-secret
2022-10-16 13:15:52,797 [Listener at 127.0.0.1/38707] WARN  http.HttpRequestLog (HttpRequestLog.java:getRequestLog(103)) - Jetty request log can only be enabled using Log4j
2022-10-16 13:15:52,798 [Listener at 127.0.0.1/38707] INFO  http.HttpServer2 (HttpServer2.java:addGlobalFilter(1031)) - Added global filter 'safety' (class=org.apache.hadoop.hdds.server.http.HttpServer2$QuotingInputFilter)
2022-10-16 13:15:52,798 [Listener at 127.0.0.1/38707] INFO  http.HttpServer2 (HttpServer2.java:addFilter(1007)) - Added filter static_user_filter (class=org.apache.hadoop.http.lib.StaticUserWebFilter$StaticUserFilter) to context hddsDatanode
2022-10-16 13:15:52,798 [Listener at 127.0.0.1/38707] INFO  http.HttpServer2 (HttpServer2.java:addFilter(1015)) - Added filter static_user_filter (class=org.apache.hadoop.http.lib.StaticUserWebFilter$StaticUserFilter) to context static
2022-10-16 13:15:52,798 [Listener at 127.0.0.1/38707] INFO  http.HttpServer2 (HttpServer2.java:addFilter(1015)) - Added filter static_user_filter (class=org.apache.hadoop.http.lib.StaticUserWebFilter$StaticUserFilter) to context logs
2022-10-16 13:15:52,799 [Listener at 127.0.0.1/38707] INFO  http.HttpServer2 (HttpServer2.java:bindListener(1250)) - Jetty bound to port 41927
2022-10-16 13:15:52,799 [Listener at 127.0.0.1/38707] INFO  server.Server (Server.java:doStart(375)) - jetty-9.4.43.v20210629; built: 2021-06-30T11:07:22.254Z; git: 526006ecfa3af7f1a27ef3a288e2bef7ea9dd7e8; jvm 1.8.0_345-b01
2022-10-16 13:15:52,800 [Listener at 127.0.0.1/38707] INFO  server.session (DefaultSessionIdManager.java:doStart(334)) - DefaultSessionIdManager workerName=node0
2022-10-16 13:15:52,800 [Listener at 127.0.0.1/38707] INFO  server.session (DefaultSessionIdManager.java:doStart(339)) - No SessionScavenger set, using defaults
2022-10-16 13:15:52,800 [Listener at 127.0.0.1/38707] INFO  server.session (HouseKeeper.java:startScavenging(132)) - node0 Scavenging every 660000ms
2022-10-16 13:15:52,801 [Listener at 127.0.0.1/38707] INFO  handler.ContextHandler (ContextHandler.java:doStart(915)) - Started o.e.j.s.ServletContextHandler@1ae36d7{logs,/logs,file:///home/runner/work/ozone/ozone/hadoop-ozone/integration-test/target/log,AVAILABLE}
2022-10-16 13:15:52,801 [Listener at 127.0.0.1/38707] INFO  handler.ContextHandler (ContextHandler.java:doStart(915)) - Started o.e.j.s.ServletContextHandler@7f337864{static,/static,jar:file:/home/runner/.m2/repository/org/apache/ozone/hdds-container-service/1.3.0-SNAPSHOT/hdds-container-service-1.3.0-SNAPSHOT.jar!/webapps/static,AVAILABLE}
2022-10-16 13:15:52,960 [Listener at 127.0.0.1/38707] INFO  handler.ContextHandler (ContextHandler.java:doStart(915)) - Started o.e.j.w.WebAppContext@77083a65{hddsDatanode,/,file:///tmp/jetty-0_0_0_0-41927-hdds-container-service-1_3_0-SNAPSHOT_jar-_-any-709325471295883348/webapp/,AVAILABLE}{jar:file:/home/runner/.m2/repository/org/apache/ozone/hdds-container-service/1.3.0-SNAPSHOT/hdds-container-service-1.3.0-SNAPSHOT.jar!/webapps/hddsDatanode}
2022-10-16 13:15:52,961 [Listener at 127.0.0.1/38707] INFO  server.AbstractConnector (AbstractConnector.java:doStart(331)) - Started ServerConnector@2ca1f2c8{HTTP/1.1, (http/1.1)}{0.0.0.0:41927}
2022-10-16 13:15:52,961 [Listener at 127.0.0.1/38707] INFO  server.Server (Server.java:doStart(415)) - Started @134173ms
2022-10-16 13:15:52,961 [Listener at 127.0.0.1/38707] WARN  impl.MetricsSystemImpl (MetricsSystemImpl.java:register(279)) - Sink prometheus already exists!
2022-10-16 13:15:52,962 [Listener at 127.0.0.1/38707] INFO  http.BaseHttpServer (BaseHttpServer.java:updateConnectorAddress(333)) - HTTP server of hddsDatanode listening at http://0.0.0.0:41927
2022-10-16 13:15:52,962 [Datanode State Machine Daemon Thread] INFO  statemachine.DatanodeStateMachine (DatanodeStateMachine.java:lambda$startDaemon$0(492)) - Ozone container server started.
2022-10-16 13:15:52,962 [Listener at 127.0.0.1/38707] INFO  ozone.MiniOzoneClusterImpl (MiniOzoneClusterImpl.java:lambda$waitForClusterToBeReady$0(216)) - Waiting for nodes to be ready. Got 0 of 5 DN Heartbeats.
2022-10-16 13:15:52,964 [Listener at 127.0.0.1/38707] INFO  ozone.MiniOzoneClusterImpl (MiniOzoneClusterImpl.java:lambda$waitForClusterToBeReady$0(219)) - Waiting for cluster to exit safe mode
2022-10-16 13:15:52,964 [Listener at 127.0.0.1/38707] INFO  ozone.MiniOzoneClusterImpl (MiniOzoneClusterImpl.java:lambda$waitForClusterToBeReady$0(221)) - SCM became leader
2022-10-16 13:15:52,965 [org.apache.hadoop.util.JvmPauseMonitor$Monitor@52e96761] INFO  util.JvmPauseMonitor (JvmPauseMonitor.java:run(188)) - Starting JVM pause monitor
2022-10-16 13:15:52,965 [Datanode State Machine Task Thread - 0] INFO  datanode.InitDatanodeState (InitDatanodeState.java:persistContainerDatanodeDetails(138)) - DatanodeDetails is persisted to /home/runner/work/ozone/ozone/hadoop-ozone/integration-test/target/test-dir/MiniOzoneClusterImpl-8ac818d4-2e27-4bb1-a0ba-6e8ee7a049a2/datanode-4/meta/datanode.id
2022-10-16 13:15:53,101 [ReplicationMonitor] INFO  replication.ReplicationManager (ReplicationManager.java:processAll(324)) - Replication Monitor Thread took 1 milliseconds for processing 7 containers.
2022-10-16 13:15:53,767 [ReplicationMonitor] INFO  replication.ReplicationManager (ReplicationManager.java:processAll(291)) - Replication Manager is not ready to run until 3000ms after safemode exit
2022-10-16 13:15:53,832 [EndpointStateMachine task thread for /0.0.0.0:45223 - 0 ] INFO  volume.HddsVolume (HddsVolume.java:createDbStore(307)) - SchemaV3 db is created and loaded at /home/runner/work/ozone/ozone/hadoop-ozone/integration-test/target/test-dir/MiniOzoneClusterImpl-8ac818d4-2e27-4bb1-a0ba-6e8ee7a049a2/datanode-0/data-0/containers/hdds/8ac818d4-2e27-4bb1-a0ba-6e8ee7a049a2/DS-2296cd58-cd0b-4490-bf6d-c8eeab7017cf/container.db for volume DS-2296cd58-cd0b-4490-bf6d-c8eeab7017cf
2022-10-16 13:15:53,832 [EndpointStateMachine task thread for /0.0.0.0:45223 - 0 ] INFO  volume.HddsVolume (HddsVolume.java:closeDbStore(338)) - SchemaV3 db is stopped at /home/runner/work/ozone/ozone/hadoop-ozone/integration-test/target/test-dir/MiniOzoneClusterImpl-8ac818d4-2e27-4bb1-a0ba-6e8ee7a049a2/datanode-0/data-0/containers/hdds/8ac818d4-2e27-4bb1-a0ba-6e8ee7a049a2/DS-2296cd58-cd0b-4490-bf6d-c8eeab7017cf/container.db for volume DS-2296cd58-cd0b-4490-bf6d-c8eeab7017cf
2022-10-16 13:15:53,833 [EndpointStateMachine task thread for /0.0.0.0:45223 - 0 ] INFO  ozoneimpl.OzoneContainer (OzoneContainer.java:start(378)) - Attempting to start container services.
2022-10-16 13:15:53,833 [EndpointStateMachine task thread for /0.0.0.0:45223 - 0 ] INFO  ozoneimpl.OzoneContainer (OzoneContainer.java:startContainerScrub(313)) - Background container scanner has been disabled.
2022-10-16 13:15:53,835 [EndpointStateMachine task thread for /0.0.0.0:45223 - 0 ] INFO  replication.ReplicationServer (ReplicationServer.java:start(111)) - ReplicationServer is started using port 38839
2022-10-16 13:15:53,836 [EndpointStateMachine task thread for /0.0.0.0:45223 - 0 ] INFO  ratis.XceiverServerRatis (XceiverServerRatis.java:start(481)) - Starting XceiverServerRatis c13247a4-8e58-4a93-a398-acd85f127862
2022-10-16 13:15:53,836 [EndpointStateMachine task thread for /0.0.0.0:45223 - 0 ] INFO  server.RaftServer (RaftServerProxy.java:lambda$start$6(382)) - c13247a4-8e58-4a93-a398-acd85f127862: start RPC server
2022-10-16 13:15:53,840 [EndpointStateMachine task thread for /0.0.0.0:45223 - 0 ] INFO  server.GrpcService (GrpcService.java:startImpl(260)) - c13247a4-8e58-4a93-a398-acd85f127862: GrpcService started, listening on 41199
2022-10-16 13:15:53,840 [EndpointStateMachine task thread for /0.0.0.0:45223 - 0 ] INFO  ratis.XceiverServerRatis (XceiverServerRatis.java:getRealPort(502)) - XceiverServerRatis c13247a4-8e58-4a93-a398-acd85f127862 is started using port 41199 for RATIS
2022-10-16 13:15:53,840 [EndpointStateMachine task thread for /0.0.0.0:45223 - 0 ] INFO  ratis.XceiverServerRatis (XceiverServerRatis.java:getRealPort(502)) - XceiverServerRatis c13247a4-8e58-4a93-a398-acd85f127862 is started using port 41199 for RATIS_ADMIN
2022-10-16 13:15:53,840 [org.apache.ratis.util.JvmPauseMonitor$$Lambda$639/339294883@12206dc] INFO  util.JvmPauseMonitor (JvmPauseMonitor.java:run(103)) - JvmPauseMonitor-c13247a4-8e58-4a93-a398-acd85f127862: Started
2022-10-16 13:15:53,840 [EndpointStateMachine task thread for /0.0.0.0:45223 - 0 ] INFO  ratis.XceiverServerRatis (XceiverServerRatis.java:getRealPort(502)) - XceiverServerRatis c13247a4-8e58-4a93-a398-acd85f127862 is started using port 41199 for RATIS_SERVER
2022-10-16 13:15:53,844 [EndpointStateMachine task thread for /0.0.0.0:45223 - 0 ] INFO  server.XceiverServerGrpc (XceiverServerGrpc.java:start(180)) - XceiverServerGrpc c13247a4-8e58-4a93-a398-acd85f127862 is started using port 42871
2022-10-16 13:15:53,964 [Listener at 127.0.0.1/38707] INFO  ozone.MiniOzoneClusterImpl (MiniOzoneClusterImpl.java:lambda$waitForClusterToBeReady$0(216)) - Waiting for nodes to be ready. Got 0 of 5 DN Heartbeats.
2022-10-16 13:15:53,964 [Listener at 127.0.0.1/38707] INFO  ozone.MiniOzoneClusterImpl (MiniOzoneClusterImpl.java:lambda$waitForClusterToBeReady$0(219)) - Waiting for cluster to exit safe mode
2022-10-16 13:15:53,964 [Listener at 127.0.0.1/38707] INFO  ozone.MiniOzoneClusterImpl (MiniOzoneClusterImpl.java:lambda$waitForClusterToBeReady$0(221)) - SCM became leader
2022-10-16 13:15:54,102 [ReplicationMonitor] INFO  replication.ReplicationManager (ReplicationManager.java:processAll(324)) - Replication Monitor Thread took 1 milliseconds for processing 7 containers.
2022-10-16 13:15:54,119 [EndpointStateMachine task thread for /0.0.0.0:45223 - 0 ] INFO  volume.HddsVolume (HddsVolume.java:createDbStore(307)) - SchemaV3 db is created and loaded at /home/runner/work/ozone/ozone/hadoop-ozone/integration-test/target/test-dir/MiniOzoneClusterImpl-8ac818d4-2e27-4bb1-a0ba-6e8ee7a049a2/datanode-1/data-0/containers/hdds/8ac818d4-2e27-4bb1-a0ba-6e8ee7a049a2/DS-d4d8b177-910a-4128-bb84-6552bf30e064/container.db for volume DS-d4d8b177-910a-4128-bb84-6552bf30e064
2022-10-16 13:15:54,120 [EndpointStateMachine task thread for /0.0.0.0:45223 - 0 ] INFO  volume.HddsVolume (HddsVolume.java:closeDbStore(338)) - SchemaV3 db is stopped at /home/runner/work/ozone/ozone/hadoop-ozone/integration-test/target/test-dir/MiniOzoneClusterImpl-8ac818d4-2e27-4bb1-a0ba-6e8ee7a049a2/datanode-1/data-0/containers/hdds/8ac818d4-2e27-4bb1-a0ba-6e8ee7a049a2/DS-d4d8b177-910a-4128-bb84-6552bf30e064/container.db for volume DS-d4d8b177-910a-4128-bb84-6552bf30e064
2022-10-16 13:15:54,120 [EndpointStateMachine task thread for /0.0.0.0:45223 - 0 ] INFO  ozoneimpl.OzoneContainer (OzoneContainer.java:start(378)) - Attempting to start container services.
2022-10-16 13:15:54,120 [EndpointStateMachine task thread for /0.0.0.0:45223 - 0 ] INFO  ozoneimpl.OzoneContainer (OzoneContainer.java:startContainerScrub(313)) - Background container scanner has been disabled.
2022-10-16 13:15:54,122 [EndpointStateMachine task thread for /0.0.0.0:45223 - 0 ] INFO  replication.ReplicationServer (ReplicationServer.java:start(111)) - ReplicationServer is started using port 34549
2022-10-16 13:15:54,122 [EndpointStateMachine task thread for /0.0.0.0:45223 - 0 ] INFO  ratis.XceiverServerRatis (XceiverServerRatis.java:start(481)) - Starting XceiverServerRatis b8b2a255-a0eb-4cad-abf7-f6bde47128f5
2022-10-16 13:15:54,123 [EndpointStateMachine task thread for /0.0.0.0:45223 - 0 ] INFO  server.RaftServer (RaftServerProxy.java:lambda$start$6(382)) - b8b2a255-a0eb-4cad-abf7-f6bde47128f5: start RPC server
2022-10-16 13:15:54,127 [EndpointStateMachine task thread for /0.0.0.0:45223 - 0 ] INFO  server.GrpcService (GrpcService.java:startImpl(260)) - b8b2a255-a0eb-4cad-abf7-f6bde47128f5: GrpcService started, listening on 36501
2022-10-16 13:15:54,127 [EndpointStateMachine task thread for /0.0.0.0:45223 - 0 ] INFO  ratis.XceiverServerRatis (XceiverServerRatis.java:getRealPort(502)) - XceiverServerRatis b8b2a255-a0eb-4cad-abf7-f6bde47128f5 is started using port 36501 for RATIS
2022-10-16 13:15:54,127 [EndpointStateMachine task thread for /0.0.0.0:45223 - 0 ] INFO  ratis.XceiverServerRatis (XceiverServerRatis.java:getRealPort(502)) - XceiverServerRatis b8b2a255-a0eb-4cad-abf7-f6bde47128f5 is started using port 36501 for RATIS_ADMIN
2022-10-16 13:15:54,127 [org.apache.ratis.util.JvmPauseMonitor$$Lambda$639/339294883@23953c45] INFO  util.JvmPauseMonitor (JvmPauseMonitor.java:run(103)) - JvmPauseMonitor-b8b2a255-a0eb-4cad-abf7-f6bde47128f5: Started
2022-10-16 13:15:54,127 [EndpointStateMachine task thread for /0.0.0.0:45223 - 0 ] INFO  ratis.XceiverServerRatis (XceiverServerRatis.java:getRealPort(502)) - XceiverServerRatis b8b2a255-a0eb-4cad-abf7-f6bde47128f5 is started using port 36501 for RATIS_SERVER
2022-10-16 13:15:54,128 [EndpointStateMachine task thread for /0.0.0.0:45223 - 0 ] INFO  server.XceiverServerGrpc (XceiverServerGrpc.java:start(180)) - XceiverServerGrpc b8b2a255-a0eb-4cad-abf7-f6bde47128f5 is started using port 39119
2022-10-16 13:15:54,442 [EndpointStateMachine task thread for /0.0.0.0:45223 - 0 ] INFO  volume.HddsVolume (HddsVolume.java:createDbStore(307)) - SchemaV3 db is created and loaded at /home/runner/work/ozone/ozone/hadoop-ozone/integration-test/target/test-dir/MiniOzoneClusterImpl-8ac818d4-2e27-4bb1-a0ba-6e8ee7a049a2/datanode-2/data-0/containers/hdds/8ac818d4-2e27-4bb1-a0ba-6e8ee7a049a2/DS-63ff35ff-e180-4f6a-b546-97cc3551d65f/container.db for volume DS-63ff35ff-e180-4f6a-b546-97cc3551d65f
2022-10-16 13:15:54,443 [EndpointStateMachine task thread for /0.0.0.0:45223 - 0 ] INFO  volume.HddsVolume (HddsVolume.java:closeDbStore(338)) - SchemaV3 db is stopped at /home/runner/work/ozone/ozone/hadoop-ozone/integration-test/target/test-dir/MiniOzoneClusterImpl-8ac818d4-2e27-4bb1-a0ba-6e8ee7a049a2/datanode-2/data-0/containers/hdds/8ac818d4-2e27-4bb1-a0ba-6e8ee7a049a2/DS-63ff35ff-e180-4f6a-b546-97cc3551d65f/container.db for volume DS-63ff35ff-e180-4f6a-b546-97cc3551d65f
2022-10-16 13:15:54,443 [EndpointStateMachine task thread for /0.0.0.0:45223 - 0 ] INFO  ozoneimpl.OzoneContainer (OzoneContainer.java:start(378)) - Attempting to start container services.
2022-10-16 13:15:54,443 [EndpointStateMachine task thread for /0.0.0.0:45223 - 0 ] INFO  ozoneimpl.OzoneContainer (OzoneContainer.java:startContainerScrub(313)) - Background container scanner has been disabled.
2022-10-16 13:15:54,444 [EndpointStateMachine task thread for /0.0.0.0:45223 - 0 ] INFO  replication.ReplicationServer (ReplicationServer.java:start(111)) - ReplicationServer is started using port 41811
2022-10-16 13:15:54,448 [EndpointStateMachine task thread for /0.0.0.0:45223 - 0 ] INFO  ratis.XceiverServerRatis (XceiverServerRatis.java:start(481)) - Starting XceiverServerRatis da0f6498-aa9b-4e55-90ad-9a1857b2ba5a
2022-10-16 13:15:54,448 [EndpointStateMachine task thread for /0.0.0.0:45223 - 0 ] INFO  server.RaftServer (RaftServerProxy.java:lambda$start$6(382)) - da0f6498-aa9b-4e55-90ad-9a1857b2ba5a: start RPC server
2022-10-16 13:15:54,449 [EndpointStateMachine task thread for /0.0.0.0:45223 - 0 ] INFO  server.GrpcService (GrpcService.java:startImpl(260)) - da0f6498-aa9b-4e55-90ad-9a1857b2ba5a: GrpcService started, listening on 33475
2022-10-16 13:15:54,449 [EndpointStateMachine task thread for /0.0.0.0:45223 - 0 ] INFO  ratis.XceiverServerRatis (XceiverServerRatis.java:getRealPort(502)) - XceiverServerRatis da0f6498-aa9b-4e55-90ad-9a1857b2ba5a is started using port 33475 for RATIS
2022-10-16 13:15:54,449 [EndpointStateMachine task thread for /0.0.0.0:45223 - 0 ] INFO  ratis.XceiverServerRatis (XceiverServerRatis.java:getRealPort(502)) - XceiverServerRatis da0f6498-aa9b-4e55-90ad-9a1857b2ba5a is started using port 33475 for RATIS_ADMIN
2022-10-16 13:15:54,449 [org.apache.ratis.util.JvmPauseMonitor$$Lambda$639/339294883@73ab9e1d] INFO  util.JvmPauseMonitor (JvmPauseMonitor.java:run(103)) - JvmPauseMonitor-da0f6498-aa9b-4e55-90ad-9a1857b2ba5a: Started
2022-10-16 13:15:54,449 [EndpointStateMachine task thread for /0.0.0.0:45223 - 0 ] INFO  ratis.XceiverServerRatis (XceiverServerRatis.java:getRealPort(502)) - XceiverServerRatis da0f6498-aa9b-4e55-90ad-9a1857b2ba5a is started using port 33475 for RATIS_SERVER
2022-10-16 13:15:54,451 [EndpointStateMachine task thread for /0.0.0.0:45223 - 0 ] INFO  server.XceiverServerGrpc (XceiverServerGrpc.java:start(180)) - XceiverServerGrpc da0f6498-aa9b-4e55-90ad-9a1857b2ba5a is started using port 41297
2022-10-16 13:15:54,742 [EndpointStateMachine task thread for /0.0.0.0:45223 - 0 ] INFO  volume.HddsVolume (HddsVolume.java:createDbStore(307)) - SchemaV3 db is created and loaded at /home/runner/work/ozone/ozone/hadoop-ozone/integration-test/target/test-dir/MiniOzoneClusterImpl-8ac818d4-2e27-4bb1-a0ba-6e8ee7a049a2/datanode-3/data-0/containers/hdds/8ac818d4-2e27-4bb1-a0ba-6e8ee7a049a2/DS-0bcf4ac0-88ee-4612-b152-8879a4dbf57c/container.db for volume DS-0bcf4ac0-88ee-4612-b152-8879a4dbf57c
2022-10-16 13:15:54,743 [EndpointStateMachine task thread for /0.0.0.0:45223 - 0 ] INFO  volume.HddsVolume (HddsVolume.java:closeDbStore(338)) - SchemaV3 db is stopped at /home/runner/work/ozone/ozone/hadoop-ozone/integration-test/target/test-dir/MiniOzoneClusterImpl-8ac818d4-2e27-4bb1-a0ba-6e8ee7a049a2/datanode-3/data-0/containers/hdds/8ac818d4-2e27-4bb1-a0ba-6e8ee7a049a2/DS-0bcf4ac0-88ee-4612-b152-8879a4dbf57c/container.db for volume DS-0bcf4ac0-88ee-4612-b152-8879a4dbf57c
2022-10-16 13:15:54,743 [EndpointStateMachine task thread for /0.0.0.0:45223 - 0 ] INFO  ozoneimpl.OzoneContainer (OzoneContainer.java:start(378)) - Attempting to start container services.
2022-10-16 13:15:54,743 [EndpointStateMachine task thread for /0.0.0.0:45223 - 0 ] INFO  ozoneimpl.OzoneContainer (OzoneContainer.java:startContainerScrub(313)) - Background container scanner has been disabled.
2022-10-16 13:15:54,744 [EndpointStateMachine task thread for /0.0.0.0:45223 - 0 ] INFO  replication.ReplicationServer (ReplicationServer.java:start(111)) - ReplicationServer is started using port 38955
2022-10-16 13:15:54,745 [EndpointStateMachine task thread for /0.0.0.0:45223 - 0 ] INFO  ratis.XceiverServerRatis (XceiverServerRatis.java:start(481)) - Starting XceiverServerRatis dbe7118b-6463-4c1b-8250-64d2251ba697
2022-10-16 13:15:54,748 [EndpointStateMachine task thread for /0.0.0.0:45223 - 0 ] INFO  server.RaftServer (RaftServerProxy.java:lambda$start$6(382)) - dbe7118b-6463-4c1b-8250-64d2251ba697: start RPC server
2022-10-16 13:15:54,749 [EndpointStateMachine task thread for /0.0.0.0:45223 - 0 ] INFO  server.GrpcService (GrpcService.java:startImpl(260)) - dbe7118b-6463-4c1b-8250-64d2251ba697: GrpcService started, listening on 43799
2022-10-16 13:15:54,749 [EndpointStateMachine task thread for /0.0.0.0:45223 - 0 ] INFO  ratis.XceiverServerRatis (XceiverServerRatis.java:getRealPort(502)) - XceiverServerRatis dbe7118b-6463-4c1b-8250-64d2251ba697 is started using port 43799 for RATIS
2022-10-16 13:15:54,749 [EndpointStateMachine task thread for /0.0.0.0:45223 - 0 ] INFO  ratis.XceiverServerRatis (XceiverServerRatis.java:getRealPort(502)) - XceiverServerRatis dbe7118b-6463-4c1b-8250-64d2251ba697 is started using port 43799 for RATIS_ADMIN
2022-10-16 13:15:54,749 [org.apache.ratis.util.JvmPauseMonitor$$Lambda$639/339294883@7bd1ddb] INFO  util.JvmPauseMonitor (JvmPauseMonitor.java:run(103)) - JvmPauseMonitor-dbe7118b-6463-4c1b-8250-64d2251ba697: Started
2022-10-16 13:15:54,750 [EndpointStateMachine task thread for /0.0.0.0:45223 - 0 ] INFO  ratis.XceiverServerRatis (XceiverServerRatis.java:getRealPort(502)) - XceiverServerRatis dbe7118b-6463-4c1b-8250-64d2251ba697 is started using port 43799 for RATIS_SERVER
2022-10-16 13:15:54,751 [EndpointStateMachine task thread for /0.0.0.0:45223 - 0 ] INFO  server.XceiverServerGrpc (XceiverServerGrpc.java:start(180)) - XceiverServerGrpc dbe7118b-6463-4c1b-8250-64d2251ba697 is started using port 39749
2022-10-16 13:15:54,767 [ReplicationMonitor] INFO  replication.ReplicationManager (ReplicationManager.java:processAll(291)) - Replication Manager is not ready to run until 3000ms after safemode exit
2022-10-16 13:15:54,965 [Listener at 127.0.0.1/38707] INFO  ozone.MiniOzoneClusterImpl (MiniOzoneClusterImpl.java:lambda$waitForClusterToBeReady$0(216)) - Waiting for nodes to be ready. Got 0 of 5 DN Heartbeats.
2022-10-16 13:15:54,965 [Listener at 127.0.0.1/38707] INFO  ozone.MiniOzoneClusterImpl (MiniOzoneClusterImpl.java:lambda$waitForClusterToBeReady$0(219)) - Waiting for cluster to exit safe mode
2022-10-16 13:15:54,965 [Listener at 127.0.0.1/38707] INFO  ozone.MiniOzoneClusterImpl (MiniOzoneClusterImpl.java:lambda$waitForClusterToBeReady$0(221)) - SCM became leader
2022-10-16 13:15:55,008 [EndpointStateMachine task thread for /0.0.0.0:45223 - 0 ] INFO  volume.HddsVolume (HddsVolume.java:createDbStore(307)) - SchemaV3 db is created and loaded at /home/runner/work/ozone/ozone/hadoop-ozone/integration-test/target/test-dir/MiniOzoneClusterImpl-8ac818d4-2e27-4bb1-a0ba-6e8ee7a049a2/datanode-4/data-0/containers/hdds/8ac818d4-2e27-4bb1-a0ba-6e8ee7a049a2/DS-8fb62daa-4853-4091-bf5e-2a5efb8e0e8c/container.db for volume DS-8fb62daa-4853-4091-bf5e-2a5efb8e0e8c
2022-10-16 13:15:55,009 [EndpointStateMachine task thread for /0.0.0.0:45223 - 0 ] INFO  volume.HddsVolume (HddsVolume.java:closeDbStore(338)) - SchemaV3 db is stopped at /home/runner/work/ozone/ozone/hadoop-ozone/integration-test/target/test-dir/MiniOzoneClusterImpl-8ac818d4-2e27-4bb1-a0ba-6e8ee7a049a2/datanode-4/data-0/containers/hdds/8ac818d4-2e27-4bb1-a0ba-6e8ee7a049a2/DS-8fb62daa-4853-4091-bf5e-2a5efb8e0e8c/container.db for volume DS-8fb62daa-4853-4091-bf5e-2a5efb8e0e8c
2022-10-16 13:15:55,009 [EndpointStateMachine task thread for /0.0.0.0:45223 - 0 ] INFO  ozoneimpl.OzoneContainer (OzoneContainer.java:start(378)) - Attempting to start container services.
2022-10-16 13:15:55,009 [EndpointStateMachine task thread for /0.0.0.0:45223 - 0 ] INFO  ozoneimpl.OzoneContainer (OzoneContainer.java:startContainerScrub(313)) - Background container scanner has been disabled.
2022-10-16 13:15:55,010 [EndpointStateMachine task thread for /0.0.0.0:45223 - 0 ] INFO  replication.ReplicationServer (ReplicationServer.java:start(111)) - ReplicationServer is started using port 34995
2022-10-16 13:15:55,012 [EndpointStateMachine task thread for /0.0.0.0:45223 - 0 ] INFO  ratis.XceiverServerRatis (XceiverServerRatis.java:start(481)) - Starting XceiverServerRatis d22513a5-5bbc-4be9-9acc-f8c8ca7a35e4
2022-10-16 13:15:55,013 [EndpointStateMachine task thread for /0.0.0.0:45223 - 0 ] INFO  server.RaftServer (RaftServerProxy.java:lambda$start$6(382)) - d22513a5-5bbc-4be9-9acc-f8c8ca7a35e4: start RPC server
2022-10-16 13:15:55,014 [EndpointStateMachine task thread for /0.0.0.0:45223 - 0 ] INFO  server.GrpcService (GrpcService.java:startImpl(260)) - d22513a5-5bbc-4be9-9acc-f8c8ca7a35e4: GrpcService started, listening on 36935
2022-10-16 13:15:55,014 [EndpointStateMachine task thread for /0.0.0.0:45223 - 0 ] INFO  ratis.XceiverServerRatis (XceiverServerRatis.java:getRealPort(502)) - XceiverServerRatis d22513a5-5bbc-4be9-9acc-f8c8ca7a35e4 is started using port 36935 for RATIS
2022-10-16 13:15:55,014 [EndpointStateMachine task thread for /0.0.0.0:45223 - 0 ] INFO  ratis.XceiverServerRatis (XceiverServerRatis.java:getRealPort(502)) - XceiverServerRatis d22513a5-5bbc-4be9-9acc-f8c8ca7a35e4 is started using port 36935 for RATIS_ADMIN
2022-10-16 13:15:55,014 [org.apache.ratis.util.JvmPauseMonitor$$Lambda$639/339294883@606c93e0] INFO  util.JvmPauseMonitor (JvmPauseMonitor.java:run(103)) - JvmPauseMonitor-d22513a5-5bbc-4be9-9acc-f8c8ca7a35e4: Started
2022-10-16 13:15:55,014 [EndpointStateMachine task thread for /0.0.0.0:45223 - 0 ] INFO  ratis.XceiverServerRatis (XceiverServerRatis.java:getRealPort(502)) - XceiverServerRatis d22513a5-5bbc-4be9-9acc-f8c8ca7a35e4 is started using port 36935 for RATIS_SERVER
2022-10-16 13:15:55,015 [EndpointStateMachine task thread for /0.0.0.0:45223 - 0 ] INFO  server.XceiverServerGrpc (XceiverServerGrpc.java:start(180)) - XceiverServerGrpc d22513a5-5bbc-4be9-9acc-f8c8ca7a35e4 is started using port 45309
2022-10-16 13:15:55,103 [ReplicationMonitor] INFO  replication.ReplicationManager (ReplicationManager.java:processAll(324)) - Replication Monitor Thread took 0 milliseconds for processing 7 containers.
2022-10-16 13:15:55,767 [ReplicationMonitor] INFO  replication.ReplicationManager (ReplicationManager.java:processAll(291)) - Replication Manager is not ready to run until 3000ms after safemode exit
2022-10-16 13:15:55,791 [IPC Server handler 4 on default port 45223] INFO  net.NetworkTopologyImpl (NetworkTopologyImpl.java:add(112)) - Added a new node: /default-rack/c13247a4-8e58-4a93-a398-acd85f127862
2022-10-16 13:15:55,791 [IPC Server handler 4 on default port 45223] INFO  node.SCMNodeManager (SCMNodeManager.java:register(397)) - Registered Data node : c13247a4-8e58-4a93-a398-acd85f127862{ip: 10.1.0.60, host: fv-az308-250.etcbaq1qs54eplwmrjlabigyle.cx.internal.cloudapp.net, ports: [REPLICATION=38839, RATIS=41199, RATIS_ADMIN=41199, RATIS_SERVER=41199, STANDALONE=42871], networkLocation: /default-rack, certSerialId: null, persistedOpState: null, persistedOpStateExpiryEpochSec: 0}
2022-10-16 13:15:55,793 [EventQueue-NodeRegistrationContainerReportForContainerSafeModeRule] INFO  safemode.SCMSafeModeManager (SCMSafeModeManager.java:validateSafeModeExitRules(204)) - ContainerSafeModeRule rule is successfully validated
2022-10-16 13:15:55,795 [EventQueue-NewNodeForNewNodeHandler] INFO  pipeline.BackgroundPipelineCreator (BackgroundPipelineCreator.java:notifyEventTriggered(276)) - trigger a one-shot run on RatisPipelineUtilsThread.
2022-10-16 13:15:55,795 [RatisPipelineUtilsThread - 0] INFO  pipeline.RatisPipelineProvider (RatisPipelineProvider.java:lambda$create$0(195)) - Sending CreatePipelineCommand for pipeline:PipelineID=c739a4e5-f93f-4327-81ff-305d96b529bc to datanode:c13247a4-8e58-4a93-a398-acd85f127862
2022-10-16 13:15:55,795 [EventQueue-NodeRegistrationContainerReportForDataNodeSafeModeRule] INFO  safemode.SCMSafeModeManager (DataNodeSafeModeRule.java:process(71)) - SCM in safe mode. 1 DataNodes registered, 3 required.
2022-10-16 13:15:55,795 [RatisPipelineUtilsThread - 0] INFO  pipeline.PipelineStateManagerImpl (PipelineStateManagerImpl.java:addPipeline(103)) - Created pipeline Pipeline[ Id: c739a4e5-f93f-4327-81ff-305d96b529bc, Nodes: c13247a4-8e58-4a93-a398-acd85f127862{ip: 10.1.0.60, host: fv-az308-250.etcbaq1qs54eplwmrjlabigyle.cx.internal.cloudapp.net, ports: [REPLICATION=38839, RATIS=41199, RATIS_ADMIN=41199, RATIS_SERVER=41199, STANDALONE=42871], networkLocation: /default-rack, certSerialId: null, persistedOpState: IN_SERVICE, persistedOpStateExpiryEpochSec: 0}, ReplicationConfig: RATIS/ONE, State:ALLOCATED, leaderId:, CreationTimestamp2022-10-16T13:15:55.795Z[Etc/UTC]].
2022-10-16 13:15:55,796 [EventQueue-PipelineReportForOneReplicaPipelineSafeModeRule] INFO  safemode.SCMSafeModeManager (SCMSafeModeManager.java:validateSafeModeExitRules(204)) - AtleastOneDatanodeReportedRule rule is successfully validated
2022-10-16 13:15:55,965 [Listener at 127.0.0.1/38707] INFO  ozone.MiniOzoneClusterImpl (MiniOzoneClusterImpl.java:lambda$waitForClusterToBeReady$0(216)) - Waiting for nodes to be ready. Got 1 of 5 DN Heartbeats.
2022-10-16 13:15:55,965 [Listener at 127.0.0.1/38707] INFO  ozone.MiniOzoneClusterImpl (MiniOzoneClusterImpl.java:lambda$waitForClusterToBeReady$0(219)) - Waiting for cluster to exit safe mode
2022-10-16 13:15:55,965 [Listener at 127.0.0.1/38707] INFO  ozone.MiniOzoneClusterImpl (MiniOzoneClusterImpl.java:lambda$waitForClusterToBeReady$0(221)) - SCM became leader
2022-10-16 13:15:56,085 [IPC Server handler 6 on default port 45223] INFO  net.NetworkTopologyImpl (NetworkTopologyImpl.java:add(112)) - Added a new node: /default-rack/b8b2a255-a0eb-4cad-abf7-f6bde47128f5
2022-10-16 13:15:56,085 [IPC Server handler 6 on default port 45223] INFO  node.SCMNodeManager (SCMNodeManager.java:register(397)) - Registered Data node : b8b2a255-a0eb-4cad-abf7-f6bde47128f5{ip: 10.1.0.60, host: fv-az308-250.etcbaq1qs54eplwmrjlabigyle.cx.internal.cloudapp.net, ports: [REPLICATION=34549, RATIS=36501, RATIS_ADMIN=36501, RATIS_SERVER=36501, STANDALONE=39119], networkLocation: /default-rack, certSerialId: null, persistedOpState: null, persistedOpStateExpiryEpochSec: 0}
2022-10-16 13:15:56,085 [EventQueue-NewNodeForNewNodeHandler] INFO  pipeline.BackgroundPipelineCreator (BackgroundPipelineCreator.java:notifyEventTriggered(276)) - trigger a one-shot run on RatisPipelineUtilsThread.
2022-10-16 13:15:56,086 [EventQueue-NodeRegistrationContainerReportForDataNodeSafeModeRule] INFO  safemode.SCMSafeModeManager (DataNodeSafeModeRule.java:process(71)) - SCM in safe mode. 2 DataNodes registered, 3 required.
2022-10-16 13:15:56,086 [RatisPipelineUtilsThread - 0] INFO  pipeline.RatisPipelineProvider (RatisPipelineProvider.java:lambda$create$0(195)) - Sending CreatePipelineCommand for pipeline:PipelineID=58026da3-cfdb-4aac-ac70-0ec035ab3e7e to datanode:b8b2a255-a0eb-4cad-abf7-f6bde47128f5
2022-10-16 13:15:56,086 [RatisPipelineUtilsThread - 0] INFO  pipeline.PipelineStateManagerImpl (PipelineStateManagerImpl.java:addPipeline(103)) - Created pipeline Pipeline[ Id: 58026da3-cfdb-4aac-ac70-0ec035ab3e7e, Nodes: b8b2a255-a0eb-4cad-abf7-f6bde47128f5{ip: 10.1.0.60, host: fv-az308-250.etcbaq1qs54eplwmrjlabigyle.cx.internal.cloudapp.net, ports: [REPLICATION=34549, RATIS=36501, RATIS_ADMIN=36501, RATIS_SERVER=36501, STANDALONE=39119], networkLocation: /default-rack, certSerialId: null, persistedOpState: IN_SERVICE, persistedOpStateExpiryEpochSec: 0}, ReplicationConfig: RATIS/ONE, State:ALLOCATED, leaderId:, CreationTimestamp2022-10-16T13:15:56.086Z[Etc/UTC]].
2022-10-16 13:15:56,103 [ReplicationMonitor] INFO  replication.ReplicationManager (ReplicationManager.java:processAll(324)) - Replication Monitor Thread took 0 milliseconds for processing 7 containers.
2022-10-16 13:15:56,406 [IPC Server handler 5 on default port 45223] INFO  net.NetworkTopologyImpl (NetworkTopologyImpl.java:add(112)) - Added a new node: /default-rack/da0f6498-aa9b-4e55-90ad-9a1857b2ba5a
2022-10-16 13:15:56,406 [IPC Server handler 5 on default port 45223] INFO  node.SCMNodeManager (SCMNodeManager.java:register(397)) - Registered Data node : da0f6498-aa9b-4e55-90ad-9a1857b2ba5a{ip: 10.1.0.60, host: fv-az308-250.etcbaq1qs54eplwmrjlabigyle.cx.internal.cloudapp.net, ports: [REPLICATION=41811, RATIS=33475, RATIS_ADMIN=33475, RATIS_SERVER=33475, STANDALONE=41297], networkLocation: /default-rack, certSerialId: null, persistedOpState: null, persistedOpStateExpiryEpochSec: 0}
2022-10-16 13:15:56,406 [EventQueue-NewNodeForNewNodeHandler] INFO  pipeline.BackgroundPipelineCreator (BackgroundPipelineCreator.java:notifyEventTriggered(276)) - trigger a one-shot run on RatisPipelineUtilsThread.
2022-10-16 13:15:56,406 [EventQueue-NodeRegistrationContainerReportForDataNodeSafeModeRule] INFO  safemode.SCMSafeModeManager (DataNodeSafeModeRule.java:process(71)) - SCM in safe mode. 3 DataNodes registered, 3 required.
2022-10-16 13:15:56,406 [EventQueue-NodeRegistrationContainerReportForDataNodeSafeModeRule] INFO  safemode.SCMSafeModeManager (SCMSafeModeManager.java:validateSafeModeExitRules(204)) - DataNodeSafeModeRule rule is successfully validated
2022-10-16 13:15:56,406 [RatisPipelineUtilsThread - 0] INFO  pipeline.RatisPipelineProvider (RatisPipelineProvider.java:lambda$create$0(195)) - Sending CreatePipelineCommand for pipeline:PipelineID=76cc6a30-bb2e-4c16-b469-bcb117069f46 to datanode:da0f6498-aa9b-4e55-90ad-9a1857b2ba5a
2022-10-16 13:15:56,406 [EventQueue-NodeRegistrationContainerReportForDataNodeSafeModeRule] INFO  safemode.SCMSafeModeManager (SCMSafeModeManager.java:completePreCheck(233)) - All SCM safe mode pre check rules have passed
2022-10-16 13:15:56,407 [EventQueue-NodeRegistrationContainerReportForDataNodeSafeModeRule] WARN  events.EventQueue (EventQueue.java:fireEvent(216)) - No event handler registered for event TypedEvent{payloadType=SafeModeStatus, name='Safe mode status'}
2022-10-16 13:15:56,407 [EventQueue-NodeRegistrationContainerReportForDataNodeSafeModeRule] INFO  ha.SCMContext (SCMContext.java:updateSafeModeStatus(228)) - Update SafeModeStatus from SafeModeStatus{safeModeStatus=true, preCheckPassed=false} to SafeModeStatus{safeModeStatus=true, preCheckPassed=true}.
2022-10-16 13:15:56,407 [EventQueue-NodeRegistrationContainerReportForDataNodeSafeModeRule] INFO  pipeline.BackgroundPipelineCreator (BackgroundPipelineCreator.java:notifyEventTriggered(276)) - trigger a one-shot run on RatisPipelineUtilsThread.
2022-10-16 13:15:56,407 [RatisPipelineUtilsThread - 0] INFO  pipeline.PipelineStateManagerImpl (PipelineStateManagerImpl.java:addPipeline(103)) - Created pipeline Pipeline[ Id: 76cc6a30-bb2e-4c16-b469-bcb117069f46, Nodes: da0f6498-aa9b-4e55-90ad-9a1857b2ba5a{ip: 10.1.0.60, host: fv-az308-250.etcbaq1qs54eplwmrjlabigyle.cx.internal.cloudapp.net, ports: [REPLICATION=41811, RATIS=33475, RATIS_ADMIN=33475, RATIS_SERVER=33475, STANDALONE=41297], networkLocation: /default-rack, certSerialId: null, persistedOpState: IN_SERVICE, persistedOpStateExpiryEpochSec: 0}, ReplicationConfig: RATIS/ONE, State:ALLOCATED, leaderId:, CreationTimestamp2022-10-16T13:15:56.406Z[Etc/UTC]].
2022-10-16 13:15:56,407 [RatisPipelineUtilsThread - 0] INFO  pipeline.RatisPipelineProvider (RatisPipelineProvider.java:lambda$create$0(195)) - Sending CreatePipelineCommand for pipeline:PipelineID=321977d6-50ac-47de-8248-dba6d1cda772 to datanode:c13247a4-8e58-4a93-a398-acd85f127862
2022-10-16 13:15:56,407 [RatisPipelineUtilsThread - 0] INFO  pipeline.RatisPipelineProvider (RatisPipelineProvider.java:lambda$create$0(195)) - Sending CreatePipelineCommand for pipeline:PipelineID=321977d6-50ac-47de-8248-dba6d1cda772 to datanode:da0f6498-aa9b-4e55-90ad-9a1857b2ba5a
2022-10-16 13:15:56,407 [RatisPipelineUtilsThread - 0] INFO  pipeline.RatisPipelineProvider (RatisPipelineProvider.java:lambda$create$0(195)) - Sending CreatePipelineCommand for pipeline:PipelineID=321977d6-50ac-47de-8248-dba6d1cda772 to datanode:b8b2a255-a0eb-4cad-abf7-f6bde47128f5
2022-10-16 13:15:56,408 [RatisPipelineUtilsThread - 0] INFO  pipeline.PipelineStateManagerImpl (PipelineStateManagerImpl.java:addPipeline(103)) - Created pipeline Pipeline[ Id: 321977d6-50ac-47de-8248-dba6d1cda772, Nodes: c13247a4-8e58-4a93-a398-acd85f127862{ip: 10.1.0.60, host: fv-az308-250.etcbaq1qs54eplwmrjlabigyle.cx.internal.cloudapp.net, ports: [REPLICATION=38839, RATIS=41199, RATIS_ADMIN=41199, RATIS_SERVER=41199, STANDALONE=42871], networkLocation: /default-rack, certSerialId: null, persistedOpState: IN_SERVICE, persistedOpStateExpiryEpochSec: 0}da0f6498-aa9b-4e55-90ad-9a1857b2ba5a{ip: 10.1.0.60, host: fv-az308-250.etcbaq1qs54eplwmrjlabigyle.cx.internal.cloudapp.net, ports: [REPLICATION=41811, RATIS=33475, RATIS_ADMIN=33475, RATIS_SERVER=33475, STANDALONE=41297], networkLocation: /default-rack, certSerialId: null, persistedOpState: IN_SERVICE, persistedOpStateExpiryEpochSec: 0}b8b2a255-a0eb-4cad-abf7-f6bde47128f5{ip: 10.1.0.60, host: fv-az308-250.etcbaq1qs54eplwmrjlabigyle.cx.internal.cloudapp.net, ports: [REPLICATION=34549, RATIS=36501, RATIS_ADMIN=36501, RATIS_SERVER=36501, STANDALONE=39119], networkLocation: /default-rack, certSerialId: null, persistedOpState: IN_SERVICE, persistedOpStateExpiryEpochSec: 0}, ReplicationConfig: RATIS/THREE, State:ALLOCATED, leaderId:, CreationTimestamp2022-10-16T13:15:56.407Z[Etc/UTC]].
2022-10-16 13:15:56,697 [IPC Server handler 4 on default port 45223] INFO  net.NetworkTopologyImpl (NetworkTopologyImpl.java:add(112)) - Added a new node: /default-rack/dbe7118b-6463-4c1b-8250-64d2251ba697
2022-10-16 13:15:56,697 [IPC Server handler 4 on default port 45223] INFO  node.SCMNodeManager (SCMNodeManager.java:register(397)) - Registered Data node : dbe7118b-6463-4c1b-8250-64d2251ba697{ip: 10.1.0.60, host: fv-az308-250.etcbaq1qs54eplwmrjlabigyle.cx.internal.cloudapp.net, ports: [REPLICATION=38955, RATIS=43799, RATIS_ADMIN=43799, RATIS_SERVER=43799, STANDALONE=39749], networkLocation: /default-rack, certSerialId: null, persistedOpState: null, persistedOpStateExpiryEpochSec: 0}
2022-10-16 13:15:56,697 [EventQueue-NewNodeForNewNodeHandler] INFO  pipeline.BackgroundPipelineCreator (BackgroundPipelineCreator.java:notifyEventTriggered(276)) - trigger a one-shot run on RatisPipelineUtilsThread.
2022-10-16 13:15:56,698 [RatisPipelineUtilsThread - 0] INFO  pipeline.RatisPipelineProvider (RatisPipelineProvider.java:lambda$create$0(195)) - Sending CreatePipelineCommand for pipeline:PipelineID=17f861ef-beab-4aaa-921a-84e5e5f6a3ae to datanode:dbe7118b-6463-4c1b-8250-64d2251ba697
2022-10-16 13:15:56,700 [RatisPipelineUtilsThread - 0] INFO  pipeline.PipelineStateManagerImpl (PipelineStateManagerImpl.java:addPipeline(103)) - Created pipeline Pipeline[ Id: 17f861ef-beab-4aaa-921a-84e5e5f6a3ae, Nodes: dbe7118b-6463-4c1b-8250-64d2251ba697{ip: 10.1.0.60, host: fv-az308-250.etcbaq1qs54eplwmrjlabigyle.cx.internal.cloudapp.net, ports: [REPLICATION=38955, RATIS=43799, RATIS_ADMIN=43799, RATIS_SERVER=43799, STANDALONE=39749], networkLocation: /default-rack, certSerialId: null, persistedOpState: IN_SERVICE, persistedOpStateExpiryEpochSec: 0}, ReplicationConfig: RATIS/ONE, State:ALLOCATED, leaderId:, CreationTimestamp2022-10-16T13:15:56.698Z[Etc/UTC]].
2022-10-16 13:15:56,768 [ReplicationMonitor] INFO  replication.ReplicationManager (ReplicationManager.java:processAll(291)) - Replication Manager is not ready to run until 3000ms after safemode exit
2022-10-16 13:15:56,965 [IPC Server handler 0 on default port 45223] INFO  net.NetworkTopologyImpl (NetworkTopologyImpl.java:add(112)) - Added a new node: /default-rack/d22513a5-5bbc-4be9-9acc-f8c8ca7a35e4
2022-10-16 13:15:56,965 [IPC Server handler 0 on default port 45223] INFO  node.SCMNodeManager (SCMNodeManager.java:register(397)) - Registered Data node : d22513a5-5bbc-4be9-9acc-f8c8ca7a35e4{ip: 10.1.0.60, host: fv-az308-250.etcbaq1qs54eplwmrjlabigyle.cx.internal.cloudapp.net, ports: [REPLICATION=34995, RATIS=36935, RATIS_ADMIN=36935, RATIS_SERVER=36935, STANDALONE=45309], networkLocation: /default-rack, certSerialId: null, persistedOpState: null, persistedOpStateExpiryEpochSec: 0}
2022-10-16 13:15:56,966 [Listener at 127.0.0.1/38707] INFO  ozone.MiniOzoneClusterImpl (MiniOzoneClusterImpl.java:lambda$waitForClusterToBeReady$0(216)) - Nodes are ready. Got 5 of 5 DN Heartbeats.
2022-10-16 13:15:56,966 [Listener at 127.0.0.1/38707] INFO  ozone.MiniOzoneClusterImpl (MiniOzoneClusterImpl.java:lambda$waitForClusterToBeReady$0(219)) - Waiting for cluster to exit safe mode
2022-10-16 13:15:56,966 [Listener at 127.0.0.1/38707] INFO  ozone.MiniOzoneClusterImpl (MiniOzoneClusterImpl.java:lambda$waitForClusterToBeReady$0(221)) - SCM became leader
2022-10-16 13:15:56,966 [EventQueue-NewNodeForNewNodeHandler] INFO  pipeline.BackgroundPipelineCreator (BackgroundPipelineCreator.java:notifyEventTriggered(276)) - trigger a one-shot run on RatisPipelineUtilsThread.
2022-10-16 13:15:56,966 [RatisPipelineUtilsThread - 0] INFO  pipeline.RatisPipelineProvider (RatisPipelineProvider.java:lambda$create$0(195)) - Sending CreatePipelineCommand for pipeline:PipelineID=156b64aa-9fbf-496a-9ff1-2ff5621e237e to datanode:d22513a5-5bbc-4be9-9acc-f8c8ca7a35e4
2022-10-16 13:15:56,966 [RatisPipelineUtilsThread - 0] INFO  pipeline.PipelineStateManagerImpl (PipelineStateManagerImpl.java:addPipeline(103)) - Created pipeline Pipeline[ Id: 156b64aa-9fbf-496a-9ff1-2ff5621e237e, Nodes: d22513a5-5bbc-4be9-9acc-f8c8ca7a35e4{ip: 10.1.0.60, host: fv-az308-250.etcbaq1qs54eplwmrjlabigyle.cx.internal.cloudapp.net, ports: [REPLICATION=34995, RATIS=36935, RATIS_ADMIN=36935, RATIS_SERVER=36935, STANDALONE=45309], networkLocation: /default-rack, certSerialId: null, persistedOpState: IN_SERVICE, persistedOpStateExpiryEpochSec: 0}, ReplicationConfig: RATIS/ONE, State:ALLOCATED, leaderId:, CreationTimestamp2022-10-16T13:15:56.966Z[Etc/UTC]].
2022-10-16 13:15:57,104 [ReplicationMonitor] INFO  replication.ReplicationManager (ReplicationManager.java:processAll(324)) - Replication Monitor Thread took 1 milliseconds for processing 7 containers.
2022-10-16 13:15:57,768 [ReplicationMonitor] INFO  replication.ReplicationManager (ReplicationManager.java:processAll(291)) - Replication Manager is not ready to run until 3000ms after safemode exit
2022-10-16 13:15:57,966 [Listener at 127.0.0.1/38707] INFO  ozone.MiniOzoneClusterImpl (MiniOzoneClusterImpl.java:lambda$waitForClusterToBeReady$0(216)) - Nodes are ready. Got 5 of 5 DN Heartbeats.
2022-10-16 13:15:57,966 [Listener at 127.0.0.1/38707] INFO  ozone.MiniOzoneClusterImpl (MiniOzoneClusterImpl.java:lambda$waitForClusterToBeReady$0(219)) - Waiting for cluster to exit safe mode
2022-10-16 13:15:57,966 [Listener at 127.0.0.1/38707] INFO  ozone.MiniOzoneClusterImpl (MiniOzoneClusterImpl.java:lambda$waitForClusterToBeReady$0(221)) - SCM became leader
2022-10-16 13:15:58,105 [ReplicationMonitor] INFO  replication.ReplicationManager (ReplicationManager.java:processAll(324)) - Replication Monitor Thread took 0 milliseconds for processing 7 containers.
2022-10-16 13:15:58,768 [ReplicationMonitor] INFO  replication.ReplicationManager (ReplicationManager.java:processAll(291)) - Replication Manager is not ready to run until 3000ms after safemode exit
2022-10-16 13:15:58,792 [Command processor thread] INFO  server.RaftServer (RaftServerProxy.java:addNew(96)) - c13247a4-8e58-4a93-a398-acd85f127862: addNew group-305D96B529BC:[c13247a4-8e58-4a93-a398-acd85f127862|rpc:10.1.0.60:41199|priority:1] returns group-305D96B529BC:java.util.concurrent.CompletableFuture@3f2b92cb[Not completed]
2022-10-16 13:15:58,793 [pool-864-thread-1] INFO  server.RaftServer$Division (RaftServerImpl.java:<init>(190)) - c13247a4-8e58-4a93-a398-acd85f127862: new RaftServerImpl for group-305D96B529BC:[c13247a4-8e58-4a93-a398-acd85f127862|rpc:10.1.0.60:41199|priority:1] with ContainerStateMachine:uninitialized
2022-10-16 13:15:58,793 [pool-864-thread-1] INFO  server.RaftServerConfigKeys (ConfUtils.java:logGet(46)) - raft.server.rpc.timeout.min = 5s (custom)
2022-10-16 13:15:58,793 [pool-864-thread-1] INFO  server.RaftServerConfigKeys (ConfUtils.java:logGet(46)) - raft.server.rpc.timeout.max = 5200ms (custom)
2022-10-16 13:15:58,793 [pool-864-thread-1] INFO  server.RaftServerConfigKeys (ConfUtils.java:logGet(46)) - raft.server.rpc.sleep.time = 25ms (default)
2022-10-16 13:15:58,793 [pool-864-thread-1] INFO  server.RaftServerConfigKeys (ConfUtils.java:logGet(46)) - raft.server.rpc.slowness.timeout = 300s (custom)
2022-10-16 13:15:58,793 [pool-864-thread-1] INFO  server.RaftServerConfigKeys (ConfUtils.java:logGet(46)) - raft.server.leaderelection.leader.step-down.wait-time = 10s (default)
2022-10-16 13:15:58,794 [pool-864-thread-1] INFO  server.RaftServerConfigKeys (ConfUtils.java:logGet(46)) - raft.server.sleep.deviation.threshold = 300ms (default)
2022-10-16 13:15:58,794 [pool-864-thread-1] INFO  server.RaftServer$Division (ServerState.java:<init>(107)) - c13247a4-8e58-4a93-a398-acd85f127862@group-305D96B529BC: ConfigurationManager, init=-1: [c13247a4-8e58-4a93-a398-acd85f127862|rpc:10.1.0.60:41199|priority:1], old=null, confs=<EMPTY_MAP>
2022-10-16 13:15:58,794 [pool-864-thread-1] INFO  server.RaftServerConfigKeys (ConfUtils.java:logGet(46)) - raft.server.storage.dir = [/home/runner/work/ozone/ozone/hadoop-ozone/integration-test/target/test-dir/MiniOzoneClusterImpl-8ac818d4-2e27-4bb1-a0ba-6e8ee7a049a2/datanode-0/data/ratis] (custom)
2022-10-16 13:15:58,794 [pool-864-thread-1] INFO  server.RaftServerConfigKeys (ConfUtils.java:logGet(46)) - raft.server.log.corruption.policy = EXCEPTION (default)
2022-10-16 13:15:58,794 [pool-864-thread-1] INFO  server.RaftServerConfigKeys (ConfUtils.java:logGet(46)) - raft.server.storage.free-space.min = 0MB (=0) (default)
2022-10-16 13:15:58,794 [pool-864-thread-1] INFO  storage.RaftStorageDirectory (RaftStorageDirectoryImpl.java:analyzeStorage(135)) - The storage directory /home/runner/work/ozone/ozone/hadoop-ozone/integration-test/target/test-dir/MiniOzoneClusterImpl-8ac818d4-2e27-4bb1-a0ba-6e8ee7a049a2/datanode-0/data/ratis/c739a4e5-f93f-4327-81ff-305d96b529bc does not exist. Creating ...
2022-10-16 13:15:58,795 [pool-864-thread-1] INFO  storage.RaftStorageDirectory (RaftStorageDirectoryImpl.java:tryLock(230)) - Lock on /home/runner/work/ozone/ozone/hadoop-ozone/integration-test/target/test-dir/MiniOzoneClusterImpl-8ac818d4-2e27-4bb1-a0ba-6e8ee7a049a2/datanode-0/data/ratis/c739a4e5-f93f-4327-81ff-305d96b529bc/in_use.lock acquired by nodename 44550@fv-az308-250
2022-10-16 13:15:58,797 [pool-864-thread-1] INFO  storage.RaftStorage (RaftStorageImpl.java:format(89)) - Storage directory /home/runner/work/ozone/ozone/hadoop-ozone/integration-test/target/test-dir/MiniOzoneClusterImpl-8ac818d4-2e27-4bb1-a0ba-6e8ee7a049a2/datanode-0/data/ratis/c739a4e5-f93f-4327-81ff-305d96b529bc has been successfully formatted.
2022-10-16 13:15:58,798 [pool-864-thread-1] INFO  ratis.ContainerStateMachine (ContainerStateMachine.java:loadSnapshot(236)) - group-305D96B529BC: The snapshot info is null. Setting the last applied indexto:(t:0, i:~)
2022-10-16 13:15:58,798 [pool-864-thread-1] INFO  server.RaftServerConfigKeys (ConfUtils.java:logGet(46)) - raft.server.notification.no-leader.timeout = 300s (custom)
2022-10-16 13:15:58,799 [pool-864-thread-1] INFO  server.RaftServerConfigKeys (ConfUtils.java:logGet(46)) - raft.server.log.use.memory = false (default)
2022-10-16 13:15:58,799 [pool-864-thread-1] INFO  server.RaftServerConfigKeys (ConfUtils.java:logGet(46)) - raft.server.log.purge.gap = 1000000 (custom)
2022-10-16 13:15:58,799 [pool-864-thread-1] INFO  server.RaftServerConfigKeys (ConfUtils.java:logGet(46)) - raft.server.log.appender.buffer.byte-limit = 33554432 (custom)
2022-10-16 13:15:58,799 [pool-864-thread-1] INFO  server.RaftServerConfigKeys (ConfUtils.java:logGet(46)) - raft.server.log.statemachine.data.read.timeout = 1000ms (default)
2022-10-16 13:15:58,799 [pool-864-thread-1] INFO  server.RaftServerConfigKeys (ConfUtils.java:logGet(46)) - raft.server.log.segment.size.max = 1048576 (custom)
2022-10-16 13:15:58,799 [EventQueue-PipelineReportForPipelineReportHandler] INFO  pipeline.PipelineManagerImpl (PipelineManagerImpl.java:openPipeline(367)) - Pipeline Pipeline[ Id: c739a4e5-f93f-4327-81ff-305d96b529bc, Nodes: c13247a4-8e58-4a93-a398-acd85f127862{ip: 10.1.0.60, host: fv-az308-250.etcbaq1qs54eplwmrjlabigyle.cx.internal.cloudapp.net, ports: [REPLICATION=38839, RATIS=41199, RATIS_ADMIN=41199, RATIS_SERVER=41199, STANDALONE=42871], networkLocation: /default-rack, certSerialId: null, persistedOpState: IN_SERVICE, persistedOpStateExpiryEpochSec: 0}, ReplicationConfig: RATIS/ONE, State:ALLOCATED, leaderId:c13247a4-8e58-4a93-a398-acd85f127862, CreationTimestamp2022-10-16T13:15:55.795Z[Etc/UTC]] moved to OPEN state
2022-10-16 13:15:58,799 [pool-864-thread-1] INFO  server.RaftServerConfigKeys (ConfUtils.java:logGet(46)) - raft.server.log.segment.cache.num.max = 2 (custom)
2022-10-16 13:15:58,800 [pool-864-thread-1] INFO  server.RaftServerConfigKeys (ConfUtils.java:logGet(46)) - raft.server.log.segment.cache.size.max = 200MB (=209715200) (default)
2022-10-16 13:15:58,800 [pool-864-thread-1] INFO  segmented.SegmentedRaftLogWorker (SegmentedRaftLogWorker.java:<init>(187)) - new c13247a4-8e58-4a93-a398-acd85f127862@group-305D96B529BC-SegmentedRaftLogWorker for RaftStorageImpl:Storage Directory /home/runner/work/ozone/ozone/hadoop-ozone/integration-test/target/test-dir/MiniOzoneClusterImpl-8ac818d4-2e27-4bb1-a0ba-6e8ee7a049a2/datanode-0/data/ratis/c739a4e5-f93f-4327-81ff-305d96b529bc
2022-10-16 13:15:58,800 [pool-864-thread-1] INFO  server.RaftServerConfigKeys (ConfUtils.java:logGet(46)) - raft.server.log.queue.byte-limit = 4294967296 (custom)
2022-10-16 13:15:58,800 [pool-864-thread-1] INFO  server.RaftServerConfigKeys (ConfUtils.java:logGet(46)) - raft.server.log.queue.element-limit = 1024 (custom)
2022-10-16 13:15:58,800 [pool-864-thread-1] INFO  server.RaftServerConfigKeys (ConfUtils.java:logGet(46)) - raft.server.log.segment.size.max = 1048576 (custom)
2022-10-16 13:15:58,800 [pool-864-thread-1] INFO  server.RaftServerConfigKeys (ConfUtils.java:logGet(46)) - raft.server.log.preallocated.size = 16384 (custom)
2022-10-16 13:15:58,800 [pool-864-thread-1] INFO  server.RaftServerConfigKeys (ConfUtils.java:logGet(46)) - raft.server.log.force.sync.num = 128 (default)
2022-10-16 13:15:58,800 [pool-864-thread-1] INFO  server.RaftServerConfigKeys (ConfUtils.java:logGet(46)) - raft.server.log.statemachine.data.sync = true (default)
2022-10-16 13:15:58,800 [pool-864-thread-1] INFO  server.RaftServerConfigKeys (ConfUtils.java:logGet(46)) - raft.server.log.statemachine.data.sync.timeout = 10s (default)
2022-10-16 13:15:58,800 [pool-864-thread-1] INFO  server.RaftServerConfigKeys (ConfUtils.java:logGet(46)) - raft.server.log.statemachine.data.sync.timeout.retry = -1 (default)
2022-10-16 13:15:58,802 [EventQueue-OpenPipelineForHealthyPipelineSafeModeRule] INFO  safemode.SCMSafeModeManager (HealthyPipelineSafeModeRule.java:process(137)) - SCM in safe mode. Healthy pipelines reported count is 0, required healthy pipeline reported count is 1
2022-10-16 13:15:58,802 [pool-864-thread-1] INFO  server.RaftServerConfigKeys (ConfUtils.java:logGet(46)) - raft.server.log.write.buffer.size = 1048576 (custom)
2022-10-16 13:15:58,803 [pool-864-thread-1] INFO  server.RaftServerConfigKeys (ConfUtils.java:logGet(46)) - raft.server.log.unsafe-flush.enabled = false (default)
2022-10-16 13:15:58,803 [pool-864-thread-1] INFO  server.RaftServerConfigKeys (ConfUtils.java:logGet(46)) - raft.server.log.statemachine.data.caching.enabled = true (custom)
2022-10-16 13:15:58,803 [pool-864-thread-1] INFO  segmented.SegmentedRaftLogWorker (SegmentedRaftLogWorker.java:lambda$new$0(135)) - c13247a4-8e58-4a93-a398-acd85f127862@group-305D96B529BC-SegmentedRaftLogWorker: flushIndex: setUnconditionally 0 -> -1
2022-10-16 13:15:58,803 [pool-864-thread-1] INFO  segmented.SegmentedRaftLogWorker (SegmentedRaftLogWorker.java:lambda$new$0(135)) - c13247a4-8e58-4a93-a398-acd85f127862@group-305D96B529BC-SegmentedRaftLogWorker: safeCacheEvictIndex: setUnconditionally 0 -> -1
2022-10-16 13:15:58,803 [pool-864-thread-1] INFO  server.RaftServerConfigKeys (ConfUtils.java:logGet(46)) - raft.server.snapshot.auto.trigger.enabled = true (custom)
2022-10-16 13:15:58,803 [pool-864-thread-1] INFO  server.RaftServerConfigKeys (ConfUtils.java:logGet(46)) - raft.server.snapshot.auto.trigger.threshold = 10000 (custom)
2022-10-16 13:15:58,803 [pool-864-thread-1] INFO  server.RaftServerConfigKeys (ConfUtils.java:logGet(46)) - raft.server.snapshot.retention.file.num = 5 (custom)
2022-10-16 13:15:58,803 [pool-864-thread-1] INFO  server.RaftServerConfigKeys (ConfUtils.java:logGet(46)) - raft.server.log.purge.upto.snapshot.index = false (default)
2022-10-16 13:15:58,803 [pool-864-thread-1] INFO  server.RaftServerConfigKeys (ConfUtils.java:logGet(46)) - raft.server.retrycache.expirytime = 600000ms (custom)
2022-10-16 13:15:58,803 [pool-864-thread-1] INFO  server.RaftServerConfigKeys (ConfUtils.java:logGet(46)) - raft.server.retrycache.statistics.expirytime = 100μs (default)
2022-10-16 13:15:58,805 [pool-864-thread-1] INFO  server.RaftServerConfigKeys (ConfUtils.java:logGet(46)) - raft.server.log.appender.install.snapshot.enabled = false (custom)
2022-10-16 13:15:58,805 [pool-864-thread-1] INFO  server.RaftServerConfigKeys (ConfUtils.java:logGet(46)) - raft.server.threadpool.server.cached = true (default)
2022-10-16 13:15:58,805 [pool-864-thread-1] INFO  server.RaftServerConfigKeys (ConfUtils.java:logGet(46)) - raft.server.threadpool.server.size = 0 (default)
2022-10-16 13:15:58,805 [pool-864-thread-1] INFO  server.RaftServerConfigKeys (ConfUtils.java:logGet(46)) - raft.server.threadpool.client.cached = true (default)
2022-10-16 13:15:58,805 [pool-864-thread-1] INFO  server.RaftServerConfigKeys (ConfUtils.java:logGet(46)) - raft.server.threadpool.client.size = 0 (default)
2022-10-16 13:15:58,805 [pool-864-thread-1] INFO  server.RaftServer$Division (RaftServerImpl.java:start(310)) - c13247a4-8e58-4a93-a398-acd85f127862@group-305D96B529BC: start as a follower, conf=-1: [c13247a4-8e58-4a93-a398-acd85f127862|rpc:10.1.0.60:41199|priority:1], old=null
2022-10-16 13:15:58,805 [pool-864-thread-1] INFO  server.RaftServer$Division (RaftServerImpl.java:setRole(299)) - c13247a4-8e58-4a93-a398-acd85f127862@group-305D96B529BC: changes role from      null to FOLLOWER at term 0 for startAsFollower
2022-10-16 13:15:58,805 [pool-864-thread-1] INFO  impl.RoleInfo (RoleInfo.java:updateAndGet(139)) - c13247a4-8e58-4a93-a398-acd85f127862: start c13247a4-8e58-4a93-a398-acd85f127862@group-305D96B529BC-FollowerState
2022-10-16 13:15:58,805 [pool-864-thread-1] INFO  util.JmxRegister (JmxRegister.java:tryRegister(44)) - Successfully registered JMX Bean with object name Ratis:service=RaftServer,group=group-305D96B529BC,id=c13247a4-8e58-4a93-a398-acd85f127862
2022-10-16 13:15:58,806 [Command processor thread] INFO  ratis.XceiverServerRatis (XceiverServerRatis.java:addGroup(765)) - Created group PipelineID=c739a4e5-f93f-4327-81ff-305d96b529bc
2022-10-16 13:15:58,806 [Command processor thread] INFO  commandhandler.CreatePipelineCommandHandler (CreatePipelineCommandHandler.java:handle(113)) - Created Pipeline RATIS ONE PipelineID=c739a4e5-f93f-4327-81ff-305d96b529bc.
2022-10-16 13:15:58,806 [Command processor thread] INFO  server.RaftServer (RaftServerProxy.java:addNew(96)) - c13247a4-8e58-4a93-a398-acd85f127862: addNew group-DBA6D1CDA772:[b8b2a255-a0eb-4cad-abf7-f6bde47128f5|rpc:10.1.0.60:36501|priority:0, da0f6498-aa9b-4e55-90ad-9a1857b2ba5a|rpc:10.1.0.60:33475|priority:1, c13247a4-8e58-4a93-a398-acd85f127862|rpc:10.1.0.60:41199|priority:0] returns group-DBA6D1CDA772:java.util.concurrent.CompletableFuture@3b1411f6[Not completed]
2022-10-16 13:15:58,808 [pool-864-thread-1] INFO  server.RaftServer$Division (RaftServerImpl.java:<init>(190)) - c13247a4-8e58-4a93-a398-acd85f127862: new RaftServerImpl for group-DBA6D1CDA772:[b8b2a255-a0eb-4cad-abf7-f6bde47128f5|rpc:10.1.0.60:36501|priority:0, da0f6498-aa9b-4e55-90ad-9a1857b2ba5a|rpc:10.1.0.60:33475|priority:1, c13247a4-8e58-4a93-a398-acd85f127862|rpc:10.1.0.60:41199|priority:0] with ContainerStateMachine:uninitialized
2022-10-16 13:15:58,808 [pool-864-thread-1] INFO  server.RaftServerConfigKeys (ConfUtils.java:logGet(46)) - raft.server.rpc.timeout.min = 5s (custom)
2022-10-16 13:15:58,808 [pool-864-thread-1] INFO  server.RaftServerConfigKeys (ConfUtils.java:logGet(46)) - raft.server.rpc.timeout.max = 5200ms (custom)
2022-10-16 13:15:58,808 [pool-864-thread-1] INFO  server.RaftServerConfigKeys (ConfUtils.java:logGet(46)) - raft.server.rpc.sleep.time = 25ms (default)
2022-10-16 13:15:58,808 [pool-864-thread-1] INFO  server.RaftServerConfigKeys (ConfUtils.java:logGet(46)) - raft.server.rpc.slowness.timeout = 300s (custom)
2022-10-16 13:15:58,808 [pool-864-thread-1] INFO  server.RaftServerConfigKeys (ConfUtils.java:logGet(46)) - raft.server.leaderelection.leader.step-down.wait-time = 10s (default)
2022-10-16 13:15:58,808 [pool-864-thread-1] INFO  server.RaftServerConfigKeys (ConfUtils.java:logGet(46)) - raft.server.sleep.deviation.threshold = 300ms (default)
2022-10-16 13:15:58,808 [pool-864-thread-1] INFO  server.RaftServer$Division (ServerState.java:<init>(107)) - c13247a4-8e58-4a93-a398-acd85f127862@group-DBA6D1CDA772: ConfigurationManager, init=-1: [b8b2a255-a0eb-4cad-abf7-f6bde47128f5|rpc:10.1.0.60:36501|priority:0, da0f6498-aa9b-4e55-90ad-9a1857b2ba5a|rpc:10.1.0.60:33475|priority:1, c13247a4-8e58-4a93-a398-acd85f127862|rpc:10.1.0.60:41199|priority:0], old=null, confs=<EMPTY_MAP>
2022-10-16 13:15:58,808 [pool-864-thread-1] INFO  server.RaftServerConfigKeys (ConfUtils.java:logGet(46)) - raft.server.storage.dir = [/home/runner/work/ozone/ozone/hadoop-ozone/integration-test/target/test-dir/MiniOzoneClusterImpl-8ac818d4-2e27-4bb1-a0ba-6e8ee7a049a2/datanode-0/data/ratis] (custom)
2022-10-16 13:15:58,808 [pool-864-thread-1] INFO  server.RaftServerConfigKeys (ConfUtils.java:logGet(46)) - raft.server.log.corruption.policy = EXCEPTION (default)
2022-10-16 13:15:58,808 [pool-864-thread-1] INFO  server.RaftServerConfigKeys (ConfUtils.java:logGet(46)) - raft.server.storage.free-space.min = 0MB (=0) (default)
2022-10-16 13:15:58,808 [pool-864-thread-1] INFO  storage.RaftStorageDirectory (RaftStorageDirectoryImpl.java:analyzeStorage(135)) - The storage directory /home/runner/work/ozone/ozone/hadoop-ozone/integration-test/target/test-dir/MiniOzoneClusterImpl-8ac818d4-2e27-4bb1-a0ba-6e8ee7a049a2/datanode-0/data/ratis/321977d6-50ac-47de-8248-dba6d1cda772 does not exist. Creating ...
2022-10-16 13:15:58,812 [pool-864-thread-1] INFO  storage.RaftStorageDirectory (RaftStorageDirectoryImpl.java:tryLock(230)) - Lock on /home/runner/work/ozone/ozone/hadoop-ozone/integration-test/target/test-dir/MiniOzoneClusterImpl-8ac818d4-2e27-4bb1-a0ba-6e8ee7a049a2/datanode-0/data/ratis/321977d6-50ac-47de-8248-dba6d1cda772/in_use.lock acquired by nodename 44550@fv-az308-250
2022-10-16 13:15:58,814 [pool-864-thread-1] INFO  storage.RaftStorage (RaftStorageImpl.java:format(89)) - Storage directory /home/runner/work/ozone/ozone/hadoop-ozone/integration-test/target/test-dir/MiniOzoneClusterImpl-8ac818d4-2e27-4bb1-a0ba-6e8ee7a049a2/datanode-0/data/ratis/321977d6-50ac-47de-8248-dba6d1cda772 has been successfully formatted.
2022-10-16 13:15:58,814 [pool-864-thread-1] INFO  ratis.ContainerStateMachine (ContainerStateMachine.java:loadSnapshot(236)) - group-DBA6D1CDA772: The snapshot info is null. Setting the last applied indexto:(t:0, i:~)
2022-10-16 13:15:58,814 [pool-864-thread-1] INFO  server.RaftServerConfigKeys (ConfUtils.java:logGet(46)) - raft.server.notification.no-leader.timeout = 300s (custom)
2022-10-16 13:15:58,814 [pool-864-thread-1] INFO  server.RaftServerConfigKeys (ConfUtils.java:logGet(46)) - raft.server.log.use.memory = false (default)
2022-10-16 13:15:58,814 [pool-864-thread-1] INFO  server.RaftServerConfigKeys (ConfUtils.java:logGet(46)) - raft.server.log.purge.gap = 1000000 (custom)
2022-10-16 13:15:58,814 [pool-864-thread-1] INFO  server.RaftServerConfigKeys (ConfUtils.java:logGet(46)) - raft.server.log.appender.buffer.byte-limit = 33554432 (custom)
2022-10-16 13:15:58,814 [pool-864-thread-1] INFO  server.RaftServerConfigKeys (ConfUtils.java:logGet(46)) - raft.server.log.statemachine.data.read.timeout = 1000ms (default)
2022-10-16 13:15:58,814 [pool-864-thread-1] INFO  server.RaftServerConfigKeys (ConfUtils.java:logGet(46)) - raft.server.log.segment.size.max = 1048576 (custom)
2022-10-16 13:15:58,815 [pool-864-thread-1] INFO  server.RaftServerConfigKeys (ConfUtils.java:logGet(46)) - raft.server.log.segment.cache.num.max = 2 (custom)
2022-10-16 13:15:58,815 [pool-864-thread-1] INFO  server.RaftServerConfigKeys (ConfUtils.java:logGet(46)) - raft.server.log.segment.cache.size.max = 200MB (=209715200) (default)
2022-10-16 13:15:58,815 [pool-864-thread-1] INFO  segmented.SegmentedRaftLogWorker (SegmentedRaftLogWorker.java:<init>(187)) - new c13247a4-8e58-4a93-a398-acd85f127862@group-DBA6D1CDA772-SegmentedRaftLogWorker for RaftStorageImpl:Storage Directory /home/runner/work/ozone/ozone/hadoop-ozone/integration-test/target/test-dir/MiniOzoneClusterImpl-8ac818d4-2e27-4bb1-a0ba-6e8ee7a049a2/datanode-0/data/ratis/321977d6-50ac-47de-8248-dba6d1cda772
2022-10-16 13:15:58,815 [pool-864-thread-1] INFO  server.RaftServerConfigKeys (ConfUtils.java:logGet(46)) - raft.server.log.queue.byte-limit = 4294967296 (custom)
2022-10-16 13:15:58,815 [EventQueue-OpenPipelineForHealthyPipelineSafeModeRule] INFO  safemode.SCMSafeModeManager (HealthyPipelineSafeModeRule.java:process(137)) - SCM in safe mode. Healthy pipelines reported count is 0, required healthy pipeline reported count is 1
2022-10-16 13:15:58,815 [pool-864-thread-1] INFO  server.RaftServerConfigKeys (ConfUtils.java:logGet(46)) - raft.server.log.queue.element-limit = 1024 (custom)
2022-10-16 13:15:58,816 [pool-864-thread-1] INFO  server.RaftServerConfigKeys (ConfUtils.java:logGet(46)) - raft.server.log.segment.size.max = 1048576 (custom)
2022-10-16 13:15:58,816 [pool-864-thread-1] INFO  server.RaftServerConfigKeys (ConfUtils.java:logGet(46)) - raft.server.log.preallocated.size = 16384 (custom)
2022-10-16 13:15:58,816 [pool-864-thread-1] INFO  server.RaftServerConfigKeys (ConfUtils.java:logGet(46)) - raft.server.log.force.sync.num = 128 (default)
2022-10-16 13:15:58,816 [pool-864-thread-1] INFO  server.RaftServerConfigKeys (ConfUtils.java:logGet(46)) - raft.server.log.statemachine.data.sync = true (default)
2022-10-16 13:15:58,816 [pool-864-thread-1] INFO  server.RaftServerConfigKeys (ConfUtils.java:logGet(46)) - raft.server.log.statemachine.data.sync.timeout = 10s (default)
2022-10-16 13:15:58,816 [pool-864-thread-1] INFO  server.RaftServerConfigKeys (ConfUtils.java:logGet(46)) - raft.server.log.statemachine.data.sync.timeout.retry = -1 (default)
2022-10-16 13:15:58,817 [pool-864-thread-1] INFO  server.RaftServerConfigKeys (ConfUtils.java:logGet(46)) - raft.server.log.write.buffer.size = 1048576 (custom)
2022-10-16 13:15:58,818 [pool-864-thread-1] INFO  server.RaftServerConfigKeys (ConfUtils.java:logGet(46)) - raft.server.log.unsafe-flush.enabled = false (default)
2022-10-16 13:15:58,818 [pool-864-thread-1] INFO  server.RaftServerConfigKeys (ConfUtils.java:logGet(46)) - raft.server.log.statemachine.data.caching.enabled = true (custom)
2022-10-16 13:15:58,818 [pool-864-thread-1] INFO  segmented.SegmentedRaftLogWorker (SegmentedRaftLogWorker.java:lambda$new$0(135)) - c13247a4-8e58-4a93-a398-acd85f127862@group-DBA6D1CDA772-SegmentedRaftLogWorker: flushIndex: setUnconditionally 0 -> -1
2022-10-16 13:15:58,818 [pool-864-thread-1] INFO  segmented.SegmentedRaftLogWorker (SegmentedRaftLogWorker.java:lambda$new$0(135)) - c13247a4-8e58-4a93-a398-acd85f127862@group-DBA6D1CDA772-SegmentedRaftLogWorker: safeCacheEvictIndex: setUnconditionally 0 -> -1
2022-10-16 13:15:58,820 [pool-864-thread-1] INFO  server.RaftServerConfigKeys (ConfUtils.java:logGet(46)) - raft.server.snapshot.auto.trigger.enabled = true (custom)
2022-10-16 13:15:58,820 [pool-864-thread-1] INFO  server.RaftServerConfigKeys (ConfUtils.java:logGet(46)) - raft.server.snapshot.auto.trigger.threshold = 10000 (custom)
2022-10-16 13:15:58,820 [pool-864-thread-1] INFO  server.RaftServerConfigKeys (ConfUtils.java:logGet(46)) - raft.server.snapshot.retention.file.num = 5 (custom)
2022-10-16 13:15:58,820 [pool-864-thread-1] INFO  server.RaftServerConfigKeys (ConfUtils.java:logGet(46)) - raft.server.log.purge.upto.snapshot.index = false (default)
2022-10-16 13:15:58,820 [pool-864-thread-1] INFO  server.RaftServerConfigKeys (ConfUtils.java:logGet(46)) - raft.server.retrycache.expirytime = 600000ms (custom)
2022-10-16 13:15:58,820 [pool-864-thread-1] INFO  server.RaftServerConfigKeys (ConfUtils.java:logGet(46)) - raft.server.retrycache.statistics.expirytime = 100μs (default)
2022-10-16 13:15:58,821 [pool-864-thread-1] INFO  server.RaftServerConfigKeys (ConfUtils.java:logGet(46)) - raft.server.log.appender.install.snapshot.enabled = false (custom)
2022-10-16 13:15:58,821 [pool-864-thread-1] INFO  server.RaftServerConfigKeys (ConfUtils.java:logGet(46)) - raft.server.threadpool.server.cached = true (default)
2022-10-16 13:15:58,821 [pool-864-thread-1] INFO  server.RaftServerConfigKeys (ConfUtils.java:logGet(46)) - raft.server.threadpool.server.size = 0 (default)
2022-10-16 13:15:58,821 [pool-864-thread-1] INFO  server.RaftServerConfigKeys (ConfUtils.java:logGet(46)) - raft.server.threadpool.client.cached = true (default)
2022-10-16 13:15:58,821 [pool-864-thread-1] INFO  server.RaftServerConfigKeys (ConfUtils.java:logGet(46)) - raft.server.threadpool.client.size = 0 (default)
2022-10-16 13:15:58,822 [pool-864-thread-1] INFO  server.RaftServer$Division (RaftServerImpl.java:start(310)) - c13247a4-8e58-4a93-a398-acd85f127862@group-DBA6D1CDA772: start as a follower, conf=-1: [b8b2a255-a0eb-4cad-abf7-f6bde47128f5|rpc:10.1.0.60:36501|priority:0, da0f6498-aa9b-4e55-90ad-9a1857b2ba5a|rpc:10.1.0.60:33475|priority:1, c13247a4-8e58-4a93-a398-acd85f127862|rpc:10.1.0.60:41199|priority:0], old=null
2022-10-16 13:15:58,822 [pool-864-thread-1] INFO  server.RaftServer$Division (RaftServerImpl.java:setRole(299)) - c13247a4-8e58-4a93-a398-acd85f127862@group-DBA6D1CDA772: changes role from      null to FOLLOWER at term 0 for startAsFollower
2022-10-16 13:15:58,822 [pool-864-thread-1] INFO  impl.RoleInfo (RoleInfo.java:updateAndGet(139)) - c13247a4-8e58-4a93-a398-acd85f127862: start c13247a4-8e58-4a93-a398-acd85f127862@group-DBA6D1CDA772-FollowerState
2022-10-16 13:15:58,822 [pool-864-thread-1] INFO  util.JmxRegister (JmxRegister.java:tryRegister(44)) - Successfully registered JMX Bean with object name Ratis:service=RaftServer,group=group-DBA6D1CDA772,id=c13247a4-8e58-4a93-a398-acd85f127862
2022-10-16 13:15:58,823 [Command processor thread] INFO  ratis.XceiverServerRatis (XceiverServerRatis.java:addGroup(765)) - Created group PipelineID=321977d6-50ac-47de-8248-dba6d1cda772
2022-10-16 13:15:58,836 [grpc-default-executor-1] INFO  server.RaftServer (RaftServerProxy.java:addNew(96)) - da0f6498-aa9b-4e55-90ad-9a1857b2ba5a: addNew group-DBA6D1CDA772:[b8b2a255-a0eb-4cad-abf7-f6bde47128f5|rpc:10.1.0.60:36501|dataStream:|priority:0, da0f6498-aa9b-4e55-90ad-9a1857b2ba5a|rpc:10.1.0.60:33475|dataStream:|priority:1, c13247a4-8e58-4a93-a398-acd85f127862|rpc:10.1.0.60:41199|dataStream:|priority:0] returns group-DBA6D1CDA772:java.util.concurrent.CompletableFuture@453a2bb2[Not completed]
2022-10-16 13:15:58,837 [pool-910-thread-1] INFO  server.RaftServer$Division (RaftServerImpl.java:<init>(190)) - da0f6498-aa9b-4e55-90ad-9a1857b2ba5a: new RaftServerImpl for group-DBA6D1CDA772:[b8b2a255-a0eb-4cad-abf7-f6bde47128f5|rpc:10.1.0.60:36501|dataStream:|priority:0, da0f6498-aa9b-4e55-90ad-9a1857b2ba5a|rpc:10.1.0.60:33475|dataStream:|priority:1, c13247a4-8e58-4a93-a398-acd85f127862|rpc:10.1.0.60:41199|dataStream:|priority:0] with ContainerStateMachine:uninitialized
2022-10-16 13:15:58,837 [pool-910-thread-1] INFO  server.RaftServerConfigKeys (ConfUtils.java:logGet(46)) - raft.server.rpc.timeout.min = 5s (custom)
2022-10-16 13:15:58,837 [pool-910-thread-1] INFO  server.RaftServerConfigKeys (ConfUtils.java:logGet(46)) - raft.server.rpc.timeout.max = 5200ms (custom)
2022-10-16 13:15:58,837 [pool-910-thread-1] INFO  server.RaftServerConfigKeys (ConfUtils.java:logGet(46)) - raft.server.rpc.sleep.time = 25ms (default)
2022-10-16 13:15:58,837 [pool-910-thread-1] INFO  server.RaftServerConfigKeys (ConfUtils.java:logGet(46)) - raft.server.rpc.slowness.timeout = 300s (custom)
2022-10-16 13:15:58,837 [pool-910-thread-1] INFO  server.RaftServerConfigKeys (ConfUtils.java:logGet(46)) - raft.server.leaderelection.leader.step-down.wait-time = 10s (default)
2022-10-16 13:15:58,837 [pool-910-thread-1] INFO  server.RaftServerConfigKeys (ConfUtils.java:logGet(46)) - raft.server.sleep.deviation.threshold = 300ms (default)
2022-10-16 13:15:58,837 [pool-910-thread-1] INFO  server.RaftServer$Division (ServerState.java:<init>(107)) - da0f6498-aa9b-4e55-90ad-9a1857b2ba5a@group-DBA6D1CDA772: ConfigurationManager, init=-1: [b8b2a255-a0eb-4cad-abf7-f6bde47128f5|rpc:10.1.0.60:36501|dataStream:|priority:0, da0f6498-aa9b-4e55-90ad-9a1857b2ba5a|rpc:10.1.0.60:33475|dataStream:|priority:1, c13247a4-8e58-4a93-a398-acd85f127862|rpc:10.1.0.60:41199|dataStream:|priority:0], old=null, confs=<EMPTY_MAP>
2022-10-16 13:15:58,837 [pool-910-thread-1] INFO  server.RaftServerConfigKeys (ConfUtils.java:logGet(46)) - raft.server.storage.dir = [/home/runner/work/ozone/ozone/hadoop-ozone/integration-test/target/test-dir/MiniOzoneClusterImpl-8ac818d4-2e27-4bb1-a0ba-6e8ee7a049a2/datanode-2/data/ratis] (custom)
2022-10-16 13:15:58,837 [pool-910-thread-1] INFO  server.RaftServerConfigKeys (ConfUtils.java:logGet(46)) - raft.server.log.corruption.policy = EXCEPTION (default)
2022-10-16 13:15:58,838 [pool-910-thread-1] INFO  server.RaftServerConfigKeys (ConfUtils.java:logGet(46)) - raft.server.storage.free-space.min = 0MB (=0) (default)
2022-10-16 13:15:58,838 [pool-910-thread-1] INFO  storage.RaftStorageDirectory (RaftStorageDirectoryImpl.java:analyzeStorage(135)) - The storage directory /home/runner/work/ozone/ozone/hadoop-ozone/integration-test/target/test-dir/MiniOzoneClusterImpl-8ac818d4-2e27-4bb1-a0ba-6e8ee7a049a2/datanode-2/data/ratis/321977d6-50ac-47de-8248-dba6d1cda772 does not exist. Creating ...
2022-10-16 13:15:58,839 [pool-910-thread-1] INFO  storage.RaftStorageDirectory (RaftStorageDirectoryImpl.java:tryLock(230)) - Lock on /home/runner/work/ozone/ozone/hadoop-ozone/integration-test/target/test-dir/MiniOzoneClusterImpl-8ac818d4-2e27-4bb1-a0ba-6e8ee7a049a2/datanode-2/data/ratis/321977d6-50ac-47de-8248-dba6d1cda772/in_use.lock acquired by nodename 44550@fv-az308-250
2022-10-16 13:15:58,840 [pool-910-thread-1] INFO  storage.RaftStorage (RaftStorageImpl.java:format(89)) - Storage directory /home/runner/work/ozone/ozone/hadoop-ozone/integration-test/target/test-dir/MiniOzoneClusterImpl-8ac818d4-2e27-4bb1-a0ba-6e8ee7a049a2/datanode-2/data/ratis/321977d6-50ac-47de-8248-dba6d1cda772 has been successfully formatted.
2022-10-16 13:15:58,842 [pool-910-thread-1] INFO  ratis.ContainerStateMachine (ContainerStateMachine.java:loadSnapshot(236)) - group-DBA6D1CDA772: The snapshot info is null. Setting the last applied indexto:(t:0, i:~)
2022-10-16 13:15:58,842 [pool-910-thread-1] INFO  server.RaftServerConfigKeys (ConfUtils.java:logGet(46)) - raft.server.notification.no-leader.timeout = 300s (custom)
2022-10-16 13:15:58,842 [pool-910-thread-1] INFO  server.RaftServerConfigKeys (ConfUtils.java:logGet(46)) - raft.server.log.use.memory = false (default)
2022-10-16 13:15:58,842 [pool-910-thread-1] INFO  server.RaftServerConfigKeys (ConfUtils.java:logGet(46)) - raft.server.log.purge.gap = 1000000 (custom)
2022-10-16 13:15:58,842 [pool-910-thread-1] INFO  server.RaftServerConfigKeys (ConfUtils.java:logGet(46)) - raft.server.log.appender.buffer.byte-limit = 33554432 (custom)
2022-10-16 13:15:58,842 [pool-910-thread-1] INFO  server.RaftServerConfigKeys (ConfUtils.java:logGet(46)) - raft.server.log.statemachine.data.read.timeout = 1000ms (default)
2022-10-16 13:15:58,842 [pool-910-thread-1] INFO  server.RaftServerConfigKeys (ConfUtils.java:logGet(46)) - raft.server.log.segment.size.max = 1048576 (custom)
2022-10-16 13:15:58,843 [pool-910-thread-1] INFO  server.RaftServerConfigKeys (ConfUtils.java:logGet(46)) - raft.server.log.segment.cache.num.max = 2 (custom)
2022-10-16 13:15:58,843 [pool-910-thread-1] INFO  server.RaftServerConfigKeys (ConfUtils.java:logGet(46)) - raft.server.log.segment.cache.size.max = 200MB (=209715200) (default)
2022-10-16 13:15:58,843 [pool-910-thread-1] INFO  segmented.SegmentedRaftLogWorker (SegmentedRaftLogWorker.java:<init>(187)) - new da0f6498-aa9b-4e55-90ad-9a1857b2ba5a@group-DBA6D1CDA772-SegmentedRaftLogWorker for RaftStorageImpl:Storage Directory /home/runner/work/ozone/ozone/hadoop-ozone/integration-test/target/test-dir/MiniOzoneClusterImpl-8ac818d4-2e27-4bb1-a0ba-6e8ee7a049a2/datanode-2/data/ratis/321977d6-50ac-47de-8248-dba6d1cda772
2022-10-16 13:15:58,843 [pool-910-thread-1] INFO  server.RaftServerConfigKeys (ConfUtils.java:logGet(46)) - raft.server.log.queue.byte-limit = 4294967296 (custom)
2022-10-16 13:15:58,843 [pool-910-thread-1] INFO  server.RaftServerConfigKeys (ConfUtils.java:logGet(46)) - raft.server.log.queue.element-limit = 1024 (custom)
2022-10-16 13:15:58,843 [pool-910-thread-1] INFO  server.RaftServerConfigKeys (ConfUtils.java:logGet(46)) - raft.server.log.segment.size.max = 1048576 (custom)
2022-10-16 13:15:58,843 [pool-910-thread-1] INFO  server.RaftServerConfigKeys (ConfUtils.java:logGet(46)) - raft.server.log.preallocated.size = 16384 (custom)
2022-10-16 13:15:58,843 [pool-910-thread-1] INFO  server.RaftServerConfigKeys (ConfUtils.java:logGet(46)) - raft.server.log.force.sync.num = 128 (default)
2022-10-16 13:15:58,843 [pool-910-thread-1] INFO  server.RaftServerConfigKeys (ConfUtils.java:logGet(46)) - raft.server.log.statemachine.data.sync = true (default)
2022-10-16 13:15:58,843 [pool-910-thread-1] INFO  server.RaftServerConfigKeys (ConfUtils.java:logGet(46)) - raft.server.log.statemachine.data.sync.timeout = 10s (default)
2022-10-16 13:15:58,843 [pool-910-thread-1] INFO  server.RaftServerConfigKeys (ConfUtils.java:logGet(46)) - raft.server.log.statemachine.data.sync.timeout.retry = -1 (default)
2022-10-16 13:15:58,845 [pool-910-thread-1] INFO  server.RaftServerConfigKeys (ConfUtils.java:logGet(46)) - raft.server.log.write.buffer.size = 1048576 (custom)
2022-10-16 13:15:58,845 [pool-910-thread-1] INFO  server.RaftServerConfigKeys (ConfUtils.java:logGet(46)) - raft.server.log.unsafe-flush.enabled = false (default)
2022-10-16 13:15:58,845 [pool-910-thread-1] INFO  server.RaftServerConfigKeys (ConfUtils.java:logGet(46)) - raft.server.log.statemachine.data.caching.enabled = true (custom)
2022-10-16 13:15:58,845 [pool-910-thread-1] INFO  segmented.SegmentedRaftLogWorker (SegmentedRaftLogWorker.java:lambda$new$0(135)) - da0f6498-aa9b-4e55-90ad-9a1857b2ba5a@group-DBA6D1CDA772-SegmentedRaftLogWorker: flushIndex: setUnconditionally 0 -> -1
2022-10-16 13:15:58,845 [pool-910-thread-1] INFO  segmented.SegmentedRaftLogWorker (SegmentedRaftLogWorker.java:lambda$new$0(135)) - da0f6498-aa9b-4e55-90ad-9a1857b2ba5a@group-DBA6D1CDA772-SegmentedRaftLogWorker: safeCacheEvictIndex: setUnconditionally 0 -> -1
2022-10-16 13:15:58,845 [pool-910-thread-1] INFO  server.RaftServerConfigKeys (ConfUtils.java:logGet(46)) - raft.server.snapshot.auto.trigger.enabled = true (custom)
2022-10-16 13:15:58,845 [pool-910-thread-1] INFO  server.RaftServerConfigKeys (ConfUtils.java:logGet(46)) - raft.server.snapshot.auto.trigger.threshold = 10000 (custom)
2022-10-16 13:15:58,845 [pool-910-thread-1] INFO  server.RaftServerConfigKeys (ConfUtils.java:logGet(46)) - raft.server.snapshot.retention.file.num = 5 (custom)
2022-10-16 13:15:58,845 [pool-910-thread-1] INFO  server.RaftServerConfigKeys (ConfUtils.java:logGet(46)) - raft.server.log.purge.upto.snapshot.index = false (default)
2022-10-16 13:15:58,845 [pool-910-thread-1] INFO  server.RaftServerConfigKeys (ConfUtils.java:logGet(46)) - raft.server.retrycache.expirytime = 600000ms (custom)
2022-10-16 13:15:58,845 [pool-910-thread-1] INFO  server.RaftServerConfigKeys (ConfUtils.java:logGet(46)) - raft.server.retrycache.statistics.expirytime = 100μs (default)
2022-10-16 13:15:58,847 [pool-910-thread-1] INFO  server.RaftServerConfigKeys (ConfUtils.java:logGet(46)) - raft.server.log.appender.install.snapshot.enabled = false (custom)
2022-10-16 13:15:58,847 [pool-910-thread-1] INFO  server.RaftServerConfigKeys (ConfUtils.java:logGet(46)) - raft.server.threadpool.server.cached = true (default)
2022-10-16 13:15:58,847 [pool-910-thread-1] INFO  server.RaftServerConfigKeys (ConfUtils.java:logGet(46)) - raft.server.threadpool.server.size = 0 (default)
2022-10-16 13:15:58,847 [pool-910-thread-1] INFO  server.RaftServerConfigKeys (ConfUtils.java:logGet(46)) - raft.server.threadpool.client.cached = true (default)
2022-10-16 13:15:58,847 [pool-910-thread-1] INFO  server.RaftServerConfigKeys (ConfUtils.java:logGet(46)) - raft.server.threadpool.client.size = 0 (default)
2022-10-16 13:15:58,847 [pool-910-thread-1] INFO  server.RaftServer$Division (RaftServerImpl.java:start(310)) - da0f6498-aa9b-4e55-90ad-9a1857b2ba5a@group-DBA6D1CDA772: start as a follower, conf=-1: [b8b2a255-a0eb-4cad-abf7-f6bde47128f5|rpc:10.1.0.60:36501|dataStream:|priority:0, da0f6498-aa9b-4e55-90ad-9a1857b2ba5a|rpc:10.1.0.60:33475|dataStream:|priority:1, c13247a4-8e58-4a93-a398-acd85f127862|rpc:10.1.0.60:41199|dataStream:|priority:0], old=null
2022-10-16 13:15:58,847 [pool-910-thread-1] INFO  server.RaftServer$Division (RaftServerImpl.java:setRole(299)) - da0f6498-aa9b-4e55-90ad-9a1857b2ba5a@group-DBA6D1CDA772: changes role from      null to FOLLOWER at term 0 for startAsFollower
2022-10-16 13:15:58,847 [pool-910-thread-1] INFO  impl.RoleInfo (RoleInfo.java:updateAndGet(139)) - da0f6498-aa9b-4e55-90ad-9a1857b2ba5a: start da0f6498-aa9b-4e55-90ad-9a1857b2ba5a@group-DBA6D1CDA772-FollowerState
2022-10-16 13:15:58,847 [pool-910-thread-1] INFO  util.JmxRegister (JmxRegister.java:tryRegister(44)) - Successfully registered JMX Bean with object name Ratis:service=RaftServer,group=group-DBA6D1CDA772,id=da0f6498-aa9b-4e55-90ad-9a1857b2ba5a
2022-10-16 13:15:58,862 [grpc-default-executor-1] INFO  server.RaftServer (RaftServerProxy.java:addNew(96)) - b8b2a255-a0eb-4cad-abf7-f6bde47128f5: addNew group-DBA6D1CDA772:[b8b2a255-a0eb-4cad-abf7-f6bde47128f5|rpc:10.1.0.60:36501|dataStream:|priority:0, da0f6498-aa9b-4e55-90ad-9a1857b2ba5a|rpc:10.1.0.60:33475|dataStream:|priority:1, c13247a4-8e58-4a93-a398-acd85f127862|rpc:10.1.0.60:41199|dataStream:|priority:0] returns group-DBA6D1CDA772:java.util.concurrent.CompletableFuture@45c60dca[Not completed]
2022-10-16 13:15:58,863 [pool-887-thread-1] INFO  server.RaftServer$Division (RaftServerImpl.java:<init>(190)) - b8b2a255-a0eb-4cad-abf7-f6bde47128f5: new RaftServerImpl for group-DBA6D1CDA772:[b8b2a255-a0eb-4cad-abf7-f6bde47128f5|rpc:10.1.0.60:36501|dataStream:|priority:0, da0f6498-aa9b-4e55-90ad-9a1857b2ba5a|rpc:10.1.0.60:33475|dataStream:|priority:1, c13247a4-8e58-4a93-a398-acd85f127862|rpc:10.1.0.60:41199|dataStream:|priority:0] with ContainerStateMachine:uninitialized
2022-10-16 13:15:58,863 [pool-887-thread-1] INFO  server.RaftServerConfigKeys (ConfUtils.java:logGet(46)) - raft.server.rpc.timeout.min = 5s (custom)
2022-10-16 13:15:58,863 [pool-887-thread-1] INFO  server.RaftServerConfigKeys (ConfUtils.java:logGet(46)) - raft.server.rpc.timeout.max = 5200ms (custom)
2022-10-16 13:15:58,863 [pool-887-thread-1] INFO  server.RaftServerConfigKeys (ConfUtils.java:logGet(46)) - raft.server.rpc.sleep.time = 25ms (default)
2022-10-16 13:15:58,863 [pool-887-thread-1] INFO  server.RaftServerConfigKeys (ConfUtils.java:logGet(46)) - raft.server.rpc.slowness.timeout = 300s (custom)
2022-10-16 13:15:58,864 [pool-887-thread-1] INFO  server.RaftServerConfigKeys (ConfUtils.java:logGet(46)) - raft.server.leaderelection.leader.step-down.wait-time = 10s (default)
2022-10-16 13:15:58,864 [pool-887-thread-1] INFO  server.RaftServerConfigKeys (ConfUtils.java:logGet(46)) - raft.server.sleep.deviation.threshold = 300ms (default)
2022-10-16 13:15:58,864 [pool-887-thread-1] INFO  server.RaftServer$Division (ServerState.java:<init>(107)) - b8b2a255-a0eb-4cad-abf7-f6bde47128f5@group-DBA6D1CDA772: ConfigurationManager, init=-1: [b8b2a255-a0eb-4cad-abf7-f6bde47128f5|rpc:10.1.0.60:36501|dataStream:|priority:0, da0f6498-aa9b-4e55-90ad-9a1857b2ba5a|rpc:10.1.0.60:33475|dataStream:|priority:1, c13247a4-8e58-4a93-a398-acd85f127862|rpc:10.1.0.60:41199|dataStream:|priority:0], old=null, confs=<EMPTY_MAP>
2022-10-16 13:15:58,864 [pool-887-thread-1] INFO  server.RaftServerConfigKeys (ConfUtils.java:logGet(46)) - raft.server.storage.dir = [/home/runner/work/ozone/ozone/hadoop-ozone/integration-test/target/test-dir/MiniOzoneClusterImpl-8ac818d4-2e27-4bb1-a0ba-6e8ee7a049a2/datanode-1/data/ratis] (custom)
2022-10-16 13:15:58,864 [pool-887-thread-1] INFO  server.RaftServerConfigKeys (ConfUtils.java:logGet(46)) - raft.server.log.corruption.policy = EXCEPTION (default)
2022-10-16 13:15:58,864 [pool-887-thread-1] INFO  server.RaftServerConfigKeys (ConfUtils.java:logGet(46)) - raft.server.storage.free-space.min = 0MB (=0) (default)
2022-10-16 13:15:58,864 [pool-887-thread-1] INFO  storage.RaftStorageDirectory (RaftStorageDirectoryImpl.java:analyzeStorage(135)) - The storage directory /home/runner/work/ozone/ozone/hadoop-ozone/integration-test/target/test-dir/MiniOzoneClusterImpl-8ac818d4-2e27-4bb1-a0ba-6e8ee7a049a2/datanode-1/data/ratis/321977d6-50ac-47de-8248-dba6d1cda772 does not exist. Creating ...
2022-10-16 13:15:58,866 [pool-887-thread-1] INFO  storage.RaftStorageDirectory (RaftStorageDirectoryImpl.java:tryLock(230)) - Lock on /home/runner/work/ozone/ozone/hadoop-ozone/integration-test/target/test-dir/MiniOzoneClusterImpl-8ac818d4-2e27-4bb1-a0ba-6e8ee7a049a2/datanode-1/data/ratis/321977d6-50ac-47de-8248-dba6d1cda772/in_use.lock acquired by nodename 44550@fv-az308-250
2022-10-16 13:15:58,868 [pool-887-thread-1] INFO  storage.RaftStorage (RaftStorageImpl.java:format(89)) - Storage directory /home/runner/work/ozone/ozone/hadoop-ozone/integration-test/target/test-dir/MiniOzoneClusterImpl-8ac818d4-2e27-4bb1-a0ba-6e8ee7a049a2/datanode-1/data/ratis/321977d6-50ac-47de-8248-dba6d1cda772 has been successfully formatted.
2022-10-16 13:15:58,869 [pool-887-thread-1] INFO  ratis.ContainerStateMachine (ContainerStateMachine.java:loadSnapshot(236)) - group-DBA6D1CDA772: The snapshot info is null. Setting the last applied indexto:(t:0, i:~)
2022-10-16 13:15:58,870 [pool-887-thread-1] INFO  server.RaftServerConfigKeys (ConfUtils.java:logGet(46)) - raft.server.notification.no-leader.timeout = 300s (custom)
2022-10-16 13:15:58,870 [pool-887-thread-1] INFO  server.RaftServerConfigKeys (ConfUtils.java:logGet(46)) - raft.server.log.use.memory = false (default)
2022-10-16 13:15:58,870 [pool-887-thread-1] INFO  server.RaftServerConfigKeys (ConfUtils.java:logGet(46)) - raft.server.log.purge.gap = 1000000 (custom)
2022-10-16 13:15:58,870 [pool-887-thread-1] INFO  server.RaftServerConfigKeys (ConfUtils.java:logGet(46)) - raft.server.log.appender.buffer.byte-limit = 33554432 (custom)
2022-10-16 13:15:58,870 [pool-887-thread-1] INFO  server.RaftServerConfigKeys (ConfUtils.java:logGet(46)) - raft.server.log.statemachine.data.read.timeout = 1000ms (default)
2022-10-16 13:15:58,870 [pool-887-thread-1] INFO  server.RaftServerConfigKeys (ConfUtils.java:logGet(46)) - raft.server.log.segment.size.max = 1048576 (custom)
2022-10-16 13:15:58,871 [pool-887-thread-1] INFO  server.RaftServerConfigKeys (ConfUtils.java:logGet(46)) - raft.server.log.segment.cache.num.max = 2 (custom)
2022-10-16 13:15:58,871 [pool-887-thread-1] INFO  server.RaftServerConfigKeys (ConfUtils.java:logGet(46)) - raft.server.log.segment.cache.size.max = 200MB (=209715200) (default)
2022-10-16 13:15:58,871 [pool-887-thread-1] INFO  segmented.SegmentedRaftLogWorker (SegmentedRaftLogWorker.java:<init>(187)) - new b8b2a255-a0eb-4cad-abf7-f6bde47128f5@group-DBA6D1CDA772-SegmentedRaftLogWorker for RaftStorageImpl:Storage Directory /home/runner/work/ozone/ozone/hadoop-ozone/integration-test/target/test-dir/MiniOzoneClusterImpl-8ac818d4-2e27-4bb1-a0ba-6e8ee7a049a2/datanode-1/data/ratis/321977d6-50ac-47de-8248-dba6d1cda772
2022-10-16 13:15:58,871 [pool-887-thread-1] INFO  server.RaftServerConfigKeys (ConfUtils.java:logGet(46)) - raft.server.log.queue.byte-limit = 4294967296 (custom)
2022-10-16 13:15:58,871 [pool-887-thread-1] INFO  server.RaftServerConfigKeys (ConfUtils.java:logGet(46)) - raft.server.log.queue.element-limit = 1024 (custom)
2022-10-16 13:15:58,871 [pool-887-thread-1] INFO  server.RaftServerConfigKeys (ConfUtils.java:logGet(46)) - raft.server.log.segment.size.max = 1048576 (custom)
2022-10-16 13:15:58,871 [pool-887-thread-1] INFO  server.RaftServerConfigKeys (ConfUtils.java:logGet(46)) - raft.server.log.preallocated.size = 16384 (custom)
2022-10-16 13:15:58,871 [pool-887-thread-1] INFO  server.RaftServerConfigKeys (ConfUtils.java:logGet(46)) - raft.server.log.force.sync.num = 128 (default)
2022-10-16 13:15:58,871 [pool-887-thread-1] INFO  server.RaftServerConfigKeys (ConfUtils.java:logGet(46)) - raft.server.log.statemachine.data.sync = true (default)
2022-10-16 13:15:58,871 [pool-887-thread-1] INFO  server.RaftServerConfigKeys (ConfUtils.java:logGet(46)) - raft.server.log.statemachine.data.sync.timeout = 10s (default)
2022-10-16 13:15:58,871 [pool-887-thread-1] INFO  server.RaftServerConfigKeys (ConfUtils.java:logGet(46)) - raft.server.log.statemachine.data.sync.timeout.retry = -1 (default)
2022-10-16 13:15:58,872 [pool-887-thread-1] INFO  server.RaftServerConfigKeys (ConfUtils.java:logGet(46)) - raft.server.log.write.buffer.size = 1048576 (custom)
2022-10-16 13:15:58,872 [pool-887-thread-1] INFO  server.RaftServerConfigKeys (ConfUtils.java:logGet(46)) - raft.server.log.unsafe-flush.enabled = false (default)
2022-10-16 13:15:58,872 [pool-887-thread-1] INFO  server.RaftServerConfigKeys (ConfUtils.java:logGet(46)) - raft.server.log.statemachine.data.caching.enabled = true (custom)
2022-10-16 13:15:58,873 [pool-887-thread-1] INFO  segmented.SegmentedRaftLogWorker (SegmentedRaftLogWorker.java:lambda$new$0(135)) - b8b2a255-a0eb-4cad-abf7-f6bde47128f5@group-DBA6D1CDA772-SegmentedRaftLogWorker: flushIndex: setUnconditionally 0 -> -1
2022-10-16 13:15:58,873 [pool-887-thread-1] INFO  segmented.SegmentedRaftLogWorker (SegmentedRaftLogWorker.java:lambda$new$0(135)) - b8b2a255-a0eb-4cad-abf7-f6bde47128f5@group-DBA6D1CDA772-SegmentedRaftLogWorker: safeCacheEvictIndex: setUnconditionally 0 -> -1
2022-10-16 13:15:58,873 [pool-887-thread-1] INFO  server.RaftServerConfigKeys (ConfUtils.java:logGet(46)) - raft.server.snapshot.auto.trigger.enabled = true (custom)
2022-10-16 13:15:58,873 [pool-887-thread-1] INFO  server.RaftServerConfigKeys (ConfUtils.java:logGet(46)) - raft.server.snapshot.auto.trigger.threshold = 10000 (custom)
2022-10-16 13:15:58,873 [pool-887-thread-1] INFO  server.RaftServerConfigKeys (ConfUtils.java:logGet(46)) - raft.server.snapshot.retention.file.num = 5 (custom)
2022-10-16 13:15:58,873 [pool-887-thread-1] INFO  server.RaftServerConfigKeys (ConfUtils.java:logGet(46)) - raft.server.log.purge.upto.snapshot.index = false (default)
2022-10-16 13:15:58,873 [pool-887-thread-1] INFO  server.RaftServerConfigKeys (ConfUtils.java:logGet(46)) - raft.server.retrycache.expirytime = 600000ms (custom)
2022-10-16 13:15:58,873 [pool-887-thread-1] INFO  server.RaftServerConfigKeys (ConfUtils.java:logGet(46)) - raft.server.retrycache.statistics.expirytime = 100μs (default)
2022-10-16 13:15:58,874 [pool-887-thread-1] INFO  server.RaftServerConfigKeys (ConfUtils.java:logGet(46)) - raft.server.log.appender.install.snapshot.enabled = false (custom)
2022-10-16 13:15:58,874 [pool-887-thread-1] INFO  server.RaftServerConfigKeys (ConfUtils.java:logGet(46)) - raft.server.threadpool.server.cached = true (default)
2022-10-16 13:15:58,874 [pool-887-thread-1] INFO  server.RaftServerConfigKeys (ConfUtils.java:logGet(46)) - raft.server.threadpool.server.size = 0 (default)
2022-10-16 13:15:58,874 [pool-887-thread-1] INFO  server.RaftServerConfigKeys (ConfUtils.java:logGet(46)) - raft.server.threadpool.client.cached = true (default)
2022-10-16 13:15:58,875 [pool-887-thread-1] INFO  server.RaftServerConfigKeys (ConfUtils.java:logGet(46)) - raft.server.threadpool.client.size = 0 (default)
2022-10-16 13:15:58,875 [pool-887-thread-1] INFO  server.RaftServer$Division (RaftServerImpl.java:start(310)) - b8b2a255-a0eb-4cad-abf7-f6bde47128f5@group-DBA6D1CDA772: start as a follower, conf=-1: [b8b2a255-a0eb-4cad-abf7-f6bde47128f5|rpc:10.1.0.60:36501|dataStream:|priority:0, da0f6498-aa9b-4e55-90ad-9a1857b2ba5a|rpc:10.1.0.60:33475|dataStream:|priority:1, c13247a4-8e58-4a93-a398-acd85f127862|rpc:10.1.0.60:41199|dataStream:|priority:0], old=null
2022-10-16 13:15:58,875 [pool-887-thread-1] INFO  server.RaftServer$Division (RaftServerImpl.java:setRole(299)) - b8b2a255-a0eb-4cad-abf7-f6bde47128f5@group-DBA6D1CDA772: changes role from      null to FOLLOWER at term 0 for startAsFollower
2022-10-16 13:15:58,875 [pool-887-thread-1] INFO  impl.RoleInfo (RoleInfo.java:updateAndGet(139)) - b8b2a255-a0eb-4cad-abf7-f6bde47128f5: start b8b2a255-a0eb-4cad-abf7-f6bde47128f5@group-DBA6D1CDA772-FollowerState
2022-10-16 13:15:58,876 [pool-887-thread-1] INFO  util.JmxRegister (JmxRegister.java:tryRegister(44)) - Successfully registered JMX Bean with object name Ratis:service=RaftServer,group=group-DBA6D1CDA772,id=b8b2a255-a0eb-4cad-abf7-f6bde47128f5
2022-10-16 13:15:58,879 [Command processor thread] INFO  commandhandler.CreatePipelineCommandHandler (CreatePipelineCommandHandler.java:handle(113)) - Created Pipeline RATIS THREE PipelineID=321977d6-50ac-47de-8248-dba6d1cda772.
2022-10-16 13:15:58,966 [Listener at 127.0.0.1/38707] INFO  ozone.MiniOzoneClusterImpl (MiniOzoneClusterImpl.java:lambda$waitForClusterToBeReady$0(216)) - Nodes are ready. Got 5 of 5 DN Heartbeats.
2022-10-16 13:15:58,966 [Listener at 127.0.0.1/38707] INFO  ozone.MiniOzoneClusterImpl (MiniOzoneClusterImpl.java:lambda$waitForClusterToBeReady$0(219)) - Waiting for cluster to exit safe mode
2022-10-16 13:15:58,966 [Listener at 127.0.0.1/38707] INFO  ozone.MiniOzoneClusterImpl (MiniOzoneClusterImpl.java:lambda$waitForClusterToBeReady$0(221)) - SCM became leader
2022-10-16 13:15:59,084 [Command processor thread] INFO  server.RaftServer (RaftServerProxy.java:addNew(96)) - b8b2a255-a0eb-4cad-abf7-f6bde47128f5: addNew group-0EC035AB3E7E:[b8b2a255-a0eb-4cad-abf7-f6bde47128f5|rpc:10.1.0.60:36501|priority:1] returns group-0EC035AB3E7E:java.util.concurrent.CompletableFuture@6fb0de62[Not completed]
2022-10-16 13:15:59,084 [pool-887-thread-1] INFO  server.RaftServer$Division (RaftServerImpl.java:<init>(190)) - b8b2a255-a0eb-4cad-abf7-f6bde47128f5: new RaftServerImpl for group-0EC035AB3E7E:[b8b2a255-a0eb-4cad-abf7-f6bde47128f5|rpc:10.1.0.60:36501|priority:1] with ContainerStateMachine:uninitialized
2022-10-16 13:15:59,084 [pool-887-thread-1] INFO  server.RaftServerConfigKeys (ConfUtils.java:logGet(46)) - raft.server.rpc.timeout.min = 5s (custom)
2022-10-16 13:15:59,085 [pool-887-thread-1] INFO  server.RaftServerConfigKeys (ConfUtils.java:logGet(46)) - raft.server.rpc.timeout.max = 5200ms (custom)
2022-10-16 13:15:59,085 [pool-887-thread-1] INFO  server.RaftServerConfigKeys (ConfUtils.java:logGet(46)) - raft.server.rpc.sleep.time = 25ms (default)
2022-10-16 13:15:59,085 [pool-887-thread-1] INFO  server.RaftServerConfigKeys (ConfUtils.java:logGet(46)) - raft.server.rpc.slowness.timeout = 300s (custom)
2022-10-16 13:15:59,085 [pool-887-thread-1] INFO  server.RaftServerConfigKeys (ConfUtils.java:logGet(46)) - raft.server.leaderelection.leader.step-down.wait-time = 10s (default)
2022-10-16 13:15:59,085 [pool-887-thread-1] INFO  server.RaftServerConfigKeys (ConfUtils.java:logGet(46)) - raft.server.sleep.deviation.threshold = 300ms (default)
2022-10-16 13:15:59,085 [pool-887-thread-1] INFO  server.RaftServer$Division (ServerState.java:<init>(107)) - b8b2a255-a0eb-4cad-abf7-f6bde47128f5@group-0EC035AB3E7E: ConfigurationManager, init=-1: [b8b2a255-a0eb-4cad-abf7-f6bde47128f5|rpc:10.1.0.60:36501|priority:1], old=null, confs=<EMPTY_MAP>
2022-10-16 13:15:59,085 [pool-887-thread-1] INFO  server.RaftServerConfigKeys (ConfUtils.java:logGet(46)) - raft.server.storage.dir = [/home/runner/work/ozone/ozone/hadoop-ozone/integration-test/target/test-dir/MiniOzoneClusterImpl-8ac818d4-2e27-4bb1-a0ba-6e8ee7a049a2/datanode-1/data/ratis] (custom)
2022-10-16 13:15:59,085 [pool-887-thread-1] INFO  server.RaftServerConfigKeys (ConfUtils.java:logGet(46)) - raft.server.log.corruption.policy = EXCEPTION (default)
2022-10-16 13:15:59,085 [pool-887-thread-1] INFO  server.RaftServerConfigKeys (ConfUtils.java:logGet(46)) - raft.server.storage.free-space.min = 0MB (=0) (default)
2022-10-16 13:15:59,085 [pool-887-thread-1] INFO  storage.RaftStorageDirectory (RaftStorageDirectoryImpl.java:analyzeStorage(135)) - The storage directory /home/runner/work/ozone/ozone/hadoop-ozone/integration-test/target/test-dir/MiniOzoneClusterImpl-8ac818d4-2e27-4bb1-a0ba-6e8ee7a049a2/datanode-1/data/ratis/58026da3-cfdb-4aac-ac70-0ec035ab3e7e does not exist. Creating ...
2022-10-16 13:15:59,087 [pool-887-thread-1] INFO  storage.RaftStorageDirectory (RaftStorageDirectoryImpl.java:tryLock(230)) - Lock on /home/runner/work/ozone/ozone/hadoop-ozone/integration-test/target/test-dir/MiniOzoneClusterImpl-8ac818d4-2e27-4bb1-a0ba-6e8ee7a049a2/datanode-1/data/ratis/58026da3-cfdb-4aac-ac70-0ec035ab3e7e/in_use.lock acquired by nodename 44550@fv-az308-250
2022-10-16 13:15:59,090 [pool-887-thread-1] INFO  storage.RaftStorage (RaftStorageImpl.java:format(89)) - Storage directory /home/runner/work/ozone/ozone/hadoop-ozone/integration-test/target/test-dir/MiniOzoneClusterImpl-8ac818d4-2e27-4bb1-a0ba-6e8ee7a049a2/datanode-1/data/ratis/58026da3-cfdb-4aac-ac70-0ec035ab3e7e has been successfully formatted.
2022-10-16 13:15:59,090 [pool-887-thread-1] INFO  ratis.ContainerStateMachine (ContainerStateMachine.java:loadSnapshot(236)) - group-0EC035AB3E7E: The snapshot info is null. Setting the last applied indexto:(t:0, i:~)
2022-10-16 13:15:59,090 [pool-887-thread-1] INFO  server.RaftServerConfigKeys (ConfUtils.java:logGet(46)) - raft.server.notification.no-leader.timeout = 300s (custom)
2022-10-16 13:15:59,090 [pool-887-thread-1] INFO  server.RaftServerConfigKeys (ConfUtils.java:logGet(46)) - raft.server.log.use.memory = false (default)
2022-10-16 13:15:59,090 [pool-887-thread-1] INFO  server.RaftServerConfigKeys (ConfUtils.java:logGet(46)) - raft.server.log.purge.gap = 1000000 (custom)
2022-10-16 13:15:59,090 [pool-887-thread-1] INFO  server.RaftServerConfigKeys (ConfUtils.java:logGet(46)) - raft.server.log.appender.buffer.byte-limit = 33554432 (custom)
2022-10-16 13:15:59,091 [pool-887-thread-1] INFO  server.RaftServerConfigKeys (ConfUtils.java:logGet(46)) - raft.server.log.statemachine.data.read.timeout = 1000ms (default)
2022-10-16 13:15:59,091 [pool-887-thread-1] INFO  server.RaftServerConfigKeys (ConfUtils.java:logGet(46)) - raft.server.log.segment.size.max = 1048576 (custom)
2022-10-16 13:15:59,091 [pool-887-thread-1] INFO  server.RaftServerConfigKeys (ConfUtils.java:logGet(46)) - raft.server.log.segment.cache.num.max = 2 (custom)
2022-10-16 13:15:59,091 [pool-887-thread-1] INFO  server.RaftServerConfigKeys (ConfUtils.java:logGet(46)) - raft.server.log.segment.cache.size.max = 200MB (=209715200) (default)
2022-10-16 13:15:59,091 [pool-887-thread-1] INFO  segmented.SegmentedRaftLogWorker (SegmentedRaftLogWorker.java:<init>(187)) - new b8b2a255-a0eb-4cad-abf7-f6bde47128f5@group-0EC035AB3E7E-SegmentedRaftLogWorker for RaftStorageImpl:Storage Directory /home/runner/work/ozone/ozone/hadoop-ozone/integration-test/target/test-dir/MiniOzoneClusterImpl-8ac818d4-2e27-4bb1-a0ba-6e8ee7a049a2/datanode-1/data/ratis/58026da3-cfdb-4aac-ac70-0ec035ab3e7e
2022-10-16 13:15:59,091 [pool-887-thread-1] INFO  server.RaftServerConfigKeys (ConfUtils.java:logGet(46)) - raft.server.log.queue.byte-limit = 4294967296 (custom)
2022-10-16 13:15:59,091 [pool-887-thread-1] INFO  server.RaftServerConfigKeys (ConfUtils.java:logGet(46)) - raft.server.log.queue.element-limit = 1024 (custom)
2022-10-16 13:15:59,091 [EventQueue-PipelineReportForPipelineReportHandler] INFO  pipeline.PipelineManagerImpl (PipelineManagerImpl.java:openPipeline(367)) - Pipeline Pipeline[ Id: 58026da3-cfdb-4aac-ac70-0ec035ab3e7e, Nodes: b8b2a255-a0eb-4cad-abf7-f6bde47128f5{ip: 10.1.0.60, host: fv-az308-250.etcbaq1qs54eplwmrjlabigyle.cx.internal.cloudapp.net, ports: [REPLICATION=34549, RATIS=36501, RATIS_ADMIN=36501, RATIS_SERVER=36501, STANDALONE=39119], networkLocation: /default-rack, certSerialId: null, persistedOpState: IN_SERVICE, persistedOpStateExpiryEpochSec: 0}, ReplicationConfig: RATIS/ONE, State:ALLOCATED, leaderId:b8b2a255-a0eb-4cad-abf7-f6bde47128f5, CreationTimestamp2022-10-16T13:15:56.086Z[Etc/UTC]] moved to OPEN state
2022-10-16 13:15:59,092 [EventQueue-OpenPipelineForHealthyPipelineSafeModeRule] INFO  safemode.SCMSafeModeManager (HealthyPipelineSafeModeRule.java:process(137)) - SCM in safe mode. Healthy pipelines reported count is 0, required healthy pipeline reported count is 1
2022-10-16 13:15:59,091 [pool-887-thread-1] INFO  server.RaftServerConfigKeys (ConfUtils.java:logGet(46)) - raft.server.log.segment.size.max = 1048576 (custom)
2022-10-16 13:15:59,092 [pool-887-thread-1] INFO  server.RaftServerConfigKeys (ConfUtils.java:logGet(46)) - raft.server.log.preallocated.size = 16384 (custom)
2022-10-16 13:15:59,092 [pool-887-thread-1] INFO  server.RaftServerConfigKeys (ConfUtils.java:logGet(46)) - raft.server.log.force.sync.num = 128 (default)
2022-10-16 13:15:59,092 [pool-887-thread-1] INFO  server.RaftServerConfigKeys (ConfUtils.java:logGet(46)) - raft.server.log.statemachine.data.sync = true (default)
2022-10-16 13:15:59,092 [pool-887-thread-1] INFO  server.RaftServerConfigKeys (ConfUtils.java:logGet(46)) - raft.server.log.statemachine.data.sync.timeout = 10s (default)
2022-10-16 13:15:59,092 [pool-887-thread-1] INFO  server.RaftServerConfigKeys (ConfUtils.java:logGet(46)) - raft.server.log.statemachine.data.sync.timeout.retry = -1 (default)
2022-10-16 13:15:59,093 [pool-887-thread-1] INFO  server.RaftServerConfigKeys (ConfUtils.java:logGet(46)) - raft.server.log.write.buffer.size = 1048576 (custom)
2022-10-16 13:15:59,093 [pool-887-thread-1] INFO  server.RaftServerConfigKeys (ConfUtils.java:logGet(46)) - raft.server.log.unsafe-flush.enabled = false (default)
2022-10-16 13:15:59,093 [pool-887-thread-1] INFO  server.RaftServerConfigKeys (ConfUtils.java:logGet(46)) - raft.server.log.statemachine.data.caching.enabled = true (custom)
2022-10-16 13:15:59,094 [pool-887-thread-1] INFO  segmented.SegmentedRaftLogWorker (SegmentedRaftLogWorker.java:lambda$new$0(135)) - b8b2a255-a0eb-4cad-abf7-f6bde47128f5@group-0EC035AB3E7E-SegmentedRaftLogWorker: flushIndex: setUnconditionally 0 -> -1
2022-10-16 13:15:59,095 [pool-887-thread-1] INFO  segmented.SegmentedRaftLogWorker (SegmentedRaftLogWorker.java:lambda$new$0(135)) - b8b2a255-a0eb-4cad-abf7-f6bde47128f5@group-0EC035AB3E7E-SegmentedRaftLogWorker: safeCacheEvictIndex: setUnconditionally 0 -> -1
2022-10-16 13:15:59,095 [pool-887-thread-1] INFO  server.RaftServerConfigKeys (ConfUtils.java:logGet(46)) - raft.server.snapshot.auto.trigger.enabled = true (custom)
2022-10-16 13:15:59,095 [pool-887-thread-1] INFO  server.RaftServerConfigKeys (ConfUtils.java:logGet(46)) - raft.server.snapshot.auto.trigger.threshold = 10000 (custom)
2022-10-16 13:15:59,096 [pool-887-thread-1] INFO  server.RaftServerConfigKeys (ConfUtils.java:logGet(46)) - raft.server.snapshot.retention.file.num = 5 (custom)
2022-10-16 13:15:59,096 [pool-887-thread-1] INFO  server.RaftServerConfigKeys (ConfUtils.java:logGet(46)) - raft.server.log.purge.upto.snapshot.index = false (default)
2022-10-16 13:15:59,096 [pool-887-thread-1] INFO  server.RaftServerConfigKeys (ConfUtils.java:logGet(46)) - raft.server.retrycache.expirytime = 600000ms (custom)
2022-10-16 13:15:59,096 [pool-887-thread-1] INFO  server.RaftServerConfigKeys (ConfUtils.java:logGet(46)) - raft.server.retrycache.statistics.expirytime = 100μs (default)
2022-10-16 13:15:59,097 [pool-887-thread-1] INFO  server.RaftServerConfigKeys (ConfUtils.java:logGet(46)) - raft.server.log.appender.install.snapshot.enabled = false (custom)
2022-10-16 13:15:59,097 [pool-887-thread-1] INFO  server.RaftServerConfigKeys (ConfUtils.java:logGet(46)) - raft.server.threadpool.server.cached = true (default)
2022-10-16 13:15:59,097 [pool-887-thread-1] INFO  server.RaftServerConfigKeys (ConfUtils.java:logGet(46)) - raft.server.threadpool.server.size = 0 (default)
2022-10-16 13:15:59,097 [pool-887-thread-1] INFO  server.RaftServerConfigKeys (ConfUtils.java:logGet(46)) - raft.server.threadpool.client.cached = true (default)
2022-10-16 13:15:59,097 [pool-887-thread-1] INFO  server.RaftServerConfigKeys (ConfUtils.java:logGet(46)) - raft.server.threadpool.client.size = 0 (default)
2022-10-16 13:15:59,097 [pool-887-thread-1] INFO  server.RaftServer$Division (RaftServerImpl.java:start(310)) - b8b2a255-a0eb-4cad-abf7-f6bde47128f5@group-0EC035AB3E7E: start as a follower, conf=-1: [b8b2a255-a0eb-4cad-abf7-f6bde47128f5|rpc:10.1.0.60:36501|priority:1], old=null
2022-10-16 13:15:59,097 [pool-887-thread-1] INFO  server.RaftServer$Division (RaftServerImpl.java:setRole(299)) - b8b2a255-a0eb-4cad-abf7-f6bde47128f5@group-0EC035AB3E7E: changes role from      null to FOLLOWER at term 0 for startAsFollower
2022-10-16 13:15:59,097 [pool-887-thread-1] INFO  impl.RoleInfo (RoleInfo.java:updateAndGet(139)) - b8b2a255-a0eb-4cad-abf7-f6bde47128f5: start b8b2a255-a0eb-4cad-abf7-f6bde47128f5@group-0EC035AB3E7E-FollowerState
2022-10-16 13:15:59,098 [pool-887-thread-1] INFO  util.JmxRegister (JmxRegister.java:tryRegister(44)) - Successfully registered JMX Bean with object name Ratis:service=RaftServer,group=group-0EC035AB3E7E,id=b8b2a255-a0eb-4cad-abf7-f6bde47128f5
2022-10-16 13:15:59,099 [Command processor thread] INFO  ratis.XceiverServerRatis (XceiverServerRatis.java:addGroup(765)) - Created group PipelineID=58026da3-cfdb-4aac-ac70-0ec035ab3e7e
2022-10-16 13:15:59,099 [Command processor thread] INFO  commandhandler.CreatePipelineCommandHandler (CreatePipelineCommandHandler.java:handle(113)) - Created Pipeline RATIS ONE PipelineID=58026da3-cfdb-4aac-ac70-0ec035ab3e7e.
2022-10-16 13:15:59,105 [ReplicationMonitor] INFO  replication.ReplicationManager (ReplicationManager.java:processAll(324)) - Replication Monitor Thread took 0 milliseconds for processing 7 containers.
2022-10-16 13:15:59,404 [Command processor thread] INFO  server.RaftServer (RaftServerProxy.java:addNew(96)) - da0f6498-aa9b-4e55-90ad-9a1857b2ba5a: addNew group-BCB117069F46:[da0f6498-aa9b-4e55-90ad-9a1857b2ba5a|rpc:10.1.0.60:33475|priority:1] returns group-BCB117069F46:java.util.concurrent.CompletableFuture@18d632c2[Not completed]
2022-10-16 13:15:59,405 [pool-910-thread-1] INFO  server.RaftServer$Division (RaftServerImpl.java:<init>(190)) - da0f6498-aa9b-4e55-90ad-9a1857b2ba5a: new RaftServerImpl for group-BCB117069F46:[da0f6498-aa9b-4e55-90ad-9a1857b2ba5a|rpc:10.1.0.60:33475|priority:1] with ContainerStateMachine:uninitialized
2022-10-16 13:15:59,406 [pool-910-thread-1] INFO  server.RaftServerConfigKeys (ConfUtils.java:logGet(46)) - raft.server.rpc.timeout.min = 5s (custom)
2022-10-16 13:15:59,406 [pool-910-thread-1] INFO  server.RaftServerConfigKeys (ConfUtils.java:logGet(46)) - raft.server.rpc.timeout.max = 5200ms (custom)
2022-10-16 13:15:59,406 [pool-910-thread-1] INFO  server.RaftServerConfigKeys (ConfUtils.java:logGet(46)) - raft.server.rpc.sleep.time = 25ms (default)
2022-10-16 13:15:59,406 [pool-910-thread-1] INFO  server.RaftServerConfigKeys (ConfUtils.java:logGet(46)) - raft.server.rpc.slowness.timeout = 300s (custom)
2022-10-16 13:15:59,406 [pool-910-thread-1] INFO  server.RaftServerConfigKeys (ConfUtils.java:logGet(46)) - raft.server.leaderelection.leader.step-down.wait-time = 10s (default)
2022-10-16 13:15:59,406 [pool-910-thread-1] INFO  server.RaftServerConfigKeys (ConfUtils.java:logGet(46)) - raft.server.sleep.deviation.threshold = 300ms (default)
2022-10-16 13:15:59,406 [pool-910-thread-1] INFO  server.RaftServer$Division (ServerState.java:<init>(107)) - da0f6498-aa9b-4e55-90ad-9a1857b2ba5a@group-BCB117069F46: ConfigurationManager, init=-1: [da0f6498-aa9b-4e55-90ad-9a1857b2ba5a|rpc:10.1.0.60:33475|priority:1], old=null, confs=<EMPTY_MAP>
2022-10-16 13:15:59,406 [pool-910-thread-1] INFO  server.RaftServerConfigKeys (ConfUtils.java:logGet(46)) - raft.server.storage.dir = [/home/runner/work/ozone/ozone/hadoop-ozone/integration-test/target/test-dir/MiniOzoneClusterImpl-8ac818d4-2e27-4bb1-a0ba-6e8ee7a049a2/datanode-2/data/ratis] (custom)
2022-10-16 13:15:59,406 [pool-910-thread-1] INFO  server.RaftServerConfigKeys (ConfUtils.java:logGet(46)) - raft.server.log.corruption.policy = EXCEPTION (default)
2022-10-16 13:15:59,406 [pool-910-thread-1] INFO  server.RaftServerConfigKeys (ConfUtils.java:logGet(46)) - raft.server.storage.free-space.min = 0MB (=0) (default)
2022-10-16 13:15:59,406 [pool-910-thread-1] INFO  storage.RaftStorageDirectory (RaftStorageDirectoryImpl.java:analyzeStorage(135)) - The storage directory /home/runner/work/ozone/ozone/hadoop-ozone/integration-test/target/test-dir/MiniOzoneClusterImpl-8ac818d4-2e27-4bb1-a0ba-6e8ee7a049a2/datanode-2/data/ratis/76cc6a30-bb2e-4c16-b469-bcb117069f46 does not exist. Creating ...
2022-10-16 13:15:59,408 [pool-910-thread-1] INFO  storage.RaftStorageDirectory (RaftStorageDirectoryImpl.java:tryLock(230)) - Lock on /home/runner/work/ozone/ozone/hadoop-ozone/integration-test/target/test-dir/MiniOzoneClusterImpl-8ac818d4-2e27-4bb1-a0ba-6e8ee7a049a2/datanode-2/data/ratis/76cc6a30-bb2e-4c16-b469-bcb117069f46/in_use.lock acquired by nodename 44550@fv-az308-250
2022-10-16 13:15:59,410 [pool-910-thread-1] INFO  storage.RaftStorage (RaftStorageImpl.java:format(89)) - Storage directory /home/runner/work/ozone/ozone/hadoop-ozone/integration-test/target/test-dir/MiniOzoneClusterImpl-8ac818d4-2e27-4bb1-a0ba-6e8ee7a049a2/datanode-2/data/ratis/76cc6a30-bb2e-4c16-b469-bcb117069f46 has been successfully formatted.
2022-10-16 13:15:59,411 [pool-910-thread-1] INFO  ratis.ContainerStateMachine (ContainerStateMachine.java:loadSnapshot(236)) - group-BCB117069F46: The snapshot info is null. Setting the last applied indexto:(t:0, i:~)
2022-10-16 13:15:59,411 [pool-910-thread-1] INFO  server.RaftServerConfigKeys (ConfUtils.java:logGet(46)) - raft.server.notification.no-leader.timeout = 300s (custom)
2022-10-16 13:15:59,411 [pool-910-thread-1] INFO  server.RaftServerConfigKeys (ConfUtils.java:logGet(46)) - raft.server.log.use.memory = false (default)
2022-10-16 13:15:59,411 [pool-910-thread-1] INFO  server.RaftServerConfigKeys (ConfUtils.java:logGet(46)) - raft.server.log.purge.gap = 1000000 (custom)
2022-10-16 13:15:59,411 [pool-910-thread-1] INFO  server.RaftServerConfigKeys (ConfUtils.java:logGet(46)) - raft.server.log.appender.buffer.byte-limit = 33554432 (custom)
2022-10-16 13:15:59,411 [pool-910-thread-1] INFO  server.RaftServerConfigKeys (ConfUtils.java:logGet(46)) - raft.server.log.statemachine.data.read.timeout = 1000ms (default)
2022-10-16 13:15:59,411 [pool-910-thread-1] INFO  server.RaftServerConfigKeys (ConfUtils.java:logGet(46)) - raft.server.log.segment.size.max = 1048576 (custom)
2022-10-16 13:15:59,412 [pool-910-thread-1] INFO  server.RaftServerConfigKeys (ConfUtils.java:logGet(46)) - raft.server.log.segment.cache.num.max = 2 (custom)
2022-10-16 13:15:59,412 [pool-910-thread-1] INFO  server.RaftServerConfigKeys (ConfUtils.java:logGet(46)) - raft.server.log.segment.cache.size.max = 200MB (=209715200) (default)
2022-10-16 13:15:59,412 [EventQueue-PipelineReportForPipelineReportHandler] INFO  pipeline.PipelineManagerImpl (PipelineManagerImpl.java:openPipeline(367)) - Pipeline Pipeline[ Id: 76cc6a30-bb2e-4c16-b469-bcb117069f46, Nodes: da0f6498-aa9b-4e55-90ad-9a1857b2ba5a{ip: 10.1.0.60, host: fv-az308-250.etcbaq1qs54eplwmrjlabigyle.cx.internal.cloudapp.net, ports: [REPLICATION=41811, RATIS=33475, RATIS_ADMIN=33475, RATIS_SERVER=33475, STANDALONE=41297], networkLocation: /default-rack, certSerialId: null, persistedOpState: IN_SERVICE, persistedOpStateExpiryEpochSec: 0}, ReplicationConfig: RATIS/ONE, State:ALLOCATED, leaderId:da0f6498-aa9b-4e55-90ad-9a1857b2ba5a, CreationTimestamp2022-10-16T13:15:56.406Z[Etc/UTC]] moved to OPEN state
2022-10-16 13:15:59,412 [pool-910-thread-1] INFO  segmented.SegmentedRaftLogWorker (SegmentedRaftLogWorker.java:<init>(187)) - new da0f6498-aa9b-4e55-90ad-9a1857b2ba5a@group-BCB117069F46-SegmentedRaftLogWorker for RaftStorageImpl:Storage Directory /home/runner/work/ozone/ozone/hadoop-ozone/integration-test/target/test-dir/MiniOzoneClusterImpl-8ac818d4-2e27-4bb1-a0ba-6e8ee7a049a2/datanode-2/data/ratis/76cc6a30-bb2e-4c16-b469-bcb117069f46
2022-10-16 13:15:59,412 [pool-910-thread-1] INFO  server.RaftServerConfigKeys (ConfUtils.java:logGet(46)) - raft.server.log.queue.byte-limit = 4294967296 (custom)
2022-10-16 13:15:59,412 [pool-910-thread-1] INFO  server.RaftServerConfigKeys (ConfUtils.java:logGet(46)) - raft.server.log.queue.element-limit = 1024 (custom)
2022-10-16 13:15:59,412 [pool-910-thread-1] INFO  server.RaftServerConfigKeys (ConfUtils.java:logGet(46)) - raft.server.log.segment.size.max = 1048576 (custom)
2022-10-16 13:15:59,412 [pool-910-thread-1] INFO  server.RaftServerConfigKeys (ConfUtils.java:logGet(46)) - raft.server.log.preallocated.size = 16384 (custom)
2022-10-16 13:15:59,412 [pool-910-thread-1] INFO  server.RaftServerConfigKeys (ConfUtils.java:logGet(46)) - raft.server.log.force.sync.num = 128 (default)
2022-10-16 13:15:59,412 [pool-910-thread-1] INFO  server.RaftServerConfigKeys (ConfUtils.java:logGet(46)) - raft.server.log.statemachine.data.sync = true (default)
2022-10-16 13:15:59,412 [EventQueue-OpenPipelineForHealthyPipelineSafeModeRule] INFO  safemode.SCMSafeModeManager (HealthyPipelineSafeModeRule.java:process(137)) - SCM in safe mode. Healthy pipelines reported count is 0, required healthy pipeline reported count is 1
2022-10-16 13:15:59,412 [pool-910-thread-1] INFO  server.RaftServerConfigKeys (ConfUtils.java:logGet(46)) - raft.server.log.statemachine.data.sync.timeout = 10s (default)
2022-10-16 13:15:59,413 [pool-910-thread-1] INFO  server.RaftServerConfigKeys (ConfUtils.java:logGet(46)) - raft.server.log.statemachine.data.sync.timeout.retry = -1 (default)
2022-10-16 13:15:59,414 [pool-910-thread-1] INFO  server.RaftServerConfigKeys (ConfUtils.java:logGet(46)) - raft.server.log.write.buffer.size = 1048576 (custom)
2022-10-16 13:15:59,414 [pool-910-thread-1] INFO  server.RaftServerConfigKeys (ConfUtils.java:logGet(46)) - raft.server.log.unsafe-flush.enabled = false (default)
2022-10-16 13:15:59,414 [pool-910-thread-1] INFO  server.RaftServerConfigKeys (ConfUtils.java:logGet(46)) - raft.server.log.statemachine.data.caching.enabled = true (custom)
2022-10-16 13:15:59,414 [pool-910-thread-1] INFO  segmented.SegmentedRaftLogWorker (SegmentedRaftLogWorker.java:lambda$new$0(135)) - da0f6498-aa9b-4e55-90ad-9a1857b2ba5a@group-BCB117069F46-SegmentedRaftLogWorker: flushIndex: setUnconditionally 0 -> -1
2022-10-16 13:15:59,414 [pool-910-thread-1] INFO  segmented.SegmentedRaftLogWorker (SegmentedRaftLogWorker.java:lambda$new$0(135)) - da0f6498-aa9b-4e55-90ad-9a1857b2ba5a@group-BCB117069F46-SegmentedRaftLogWorker: safeCacheEvictIndex: setUnconditionally 0 -> -1
2022-10-16 13:15:59,414 [pool-910-thread-1] INFO  server.RaftServerConfigKeys (ConfUtils.java:logGet(46)) - raft.server.snapshot.auto.trigger.enabled = true (custom)
2022-10-16 13:15:59,414 [pool-910-thread-1] INFO  server.RaftServerConfigKeys (ConfUtils.java:logGet(46)) - raft.server.snapshot.auto.trigger.threshold = 10000 (custom)
2022-10-16 13:15:59,414 [pool-910-thread-1] INFO  server.RaftServerConfigKeys (ConfUtils.java:logGet(46)) - raft.server.snapshot.retention.file.num = 5 (custom)
2022-10-16 13:15:59,414 [pool-910-thread-1] INFO  server.RaftServerConfigKeys (ConfUtils.java:logGet(46)) - raft.server.log.purge.upto.snapshot.index = false (default)
2022-10-16 13:15:59,414 [pool-910-thread-1] INFO  server.RaftServerConfigKeys (ConfUtils.java:logGet(46)) - raft.server.retrycache.expirytime = 600000ms (custom)
2022-10-16 13:15:59,414 [pool-910-thread-1] INFO  server.RaftServerConfigKeys (ConfUtils.java:logGet(46)) - raft.server.retrycache.statistics.expirytime = 100μs (default)
2022-10-16 13:15:59,416 [pool-910-thread-1] INFO  server.RaftServerConfigKeys (ConfUtils.java:logGet(46)) - raft.server.log.appender.install.snapshot.enabled = false (custom)
2022-10-16 13:15:59,416 [pool-910-thread-1] INFO  server.RaftServerConfigKeys (ConfUtils.java:logGet(46)) - raft.server.threadpool.server.cached = true (default)
2022-10-16 13:15:59,416 [pool-910-thread-1] INFO  server.RaftServerConfigKeys (ConfUtils.java:logGet(46)) - raft.server.threadpool.server.size = 0 (default)
2022-10-16 13:15:59,416 [pool-910-thread-1] INFO  server.RaftServerConfigKeys (ConfUtils.java:logGet(46)) - raft.server.threadpool.client.cached = true (default)
2022-10-16 13:15:59,416 [pool-910-thread-1] INFO  server.RaftServerConfigKeys (ConfUtils.java:logGet(46)) - raft.server.threadpool.client.size = 0 (default)
2022-10-16 13:15:59,416 [pool-910-thread-1] INFO  server.RaftServer$Division (RaftServerImpl.java:start(310)) - da0f6498-aa9b-4e55-90ad-9a1857b2ba5a@group-BCB117069F46: start as a follower, conf=-1: [da0f6498-aa9b-4e55-90ad-9a1857b2ba5a|rpc:10.1.0.60:33475|priority:1], old=null
2022-10-16 13:15:59,416 [pool-910-thread-1] INFO  server.RaftServer$Division (RaftServerImpl.java:setRole(299)) - da0f6498-aa9b-4e55-90ad-9a1857b2ba5a@group-BCB117069F46: changes role from      null to FOLLOWER at term 0 for startAsFollower
2022-10-16 13:15:59,416 [pool-910-thread-1] INFO  impl.RoleInfo (RoleInfo.java:updateAndGet(139)) - da0f6498-aa9b-4e55-90ad-9a1857b2ba5a: start da0f6498-aa9b-4e55-90ad-9a1857b2ba5a@group-BCB117069F46-FollowerState
2022-10-16 13:15:59,416 [pool-910-thread-1] INFO  util.JmxRegister (JmxRegister.java:tryRegister(44)) - Successfully registered JMX Bean with object name Ratis:service=RaftServer,group=group-BCB117069F46,id=da0f6498-aa9b-4e55-90ad-9a1857b2ba5a
2022-10-16 13:15:59,417 [Command processor thread] INFO  ratis.XceiverServerRatis (XceiverServerRatis.java:addGroup(765)) - Created group PipelineID=76cc6a30-bb2e-4c16-b469-bcb117069f46
2022-10-16 13:15:59,417 [Command processor thread] INFO  commandhandler.CreatePipelineCommandHandler (CreatePipelineCommandHandler.java:handle(113)) - Created Pipeline RATIS ONE PipelineID=76cc6a30-bb2e-4c16-b469-bcb117069f46.
2022-10-16 13:15:59,697 [Command processor thread] INFO  server.RaftServer (RaftServerProxy.java:addNew(96)) - dbe7118b-6463-4c1b-8250-64d2251ba697: addNew group-84E5E5F6A3AE:[dbe7118b-6463-4c1b-8250-64d2251ba697|rpc:10.1.0.60:43799|priority:1] returns group-84E5E5F6A3AE:java.util.concurrent.CompletableFuture@46a5aae8[Not completed]
2022-10-16 13:15:59,699 [pool-933-thread-1] INFO  server.RaftServer$Division (RaftServerImpl.java:<init>(190)) - dbe7118b-6463-4c1b-8250-64d2251ba697: new RaftServerImpl for group-84E5E5F6A3AE:[dbe7118b-6463-4c1b-8250-64d2251ba697|rpc:10.1.0.60:43799|priority:1] with ContainerStateMachine:uninitialized
2022-10-16 13:15:59,700 [pool-933-thread-1] INFO  server.RaftServerConfigKeys (ConfUtils.java:logGet(46)) - raft.server.rpc.timeout.min = 5s (custom)
2022-10-16 13:15:59,700 [pool-933-thread-1] INFO  server.RaftServerConfigKeys (ConfUtils.java:logGet(46)) - raft.server.rpc.timeout.max = 5200ms (custom)
2022-10-16 13:15:59,700 [pool-933-thread-1] INFO  server.RaftServerConfigKeys (ConfUtils.java:logGet(46)) - raft.server.rpc.sleep.time = 25ms (default)
2022-10-16 13:15:59,700 [pool-933-thread-1] INFO  server.RaftServerConfigKeys (ConfUtils.java:logGet(46)) - raft.server.rpc.slowness.timeout = 300s (custom)
2022-10-16 13:15:59,700 [pool-933-thread-1] INFO  server.RaftServerConfigKeys (ConfUtils.java:logGet(46)) - raft.server.leaderelection.leader.step-down.wait-time = 10s (default)
2022-10-16 13:15:59,700 [pool-933-thread-1] INFO  server.RaftServerConfigKeys (ConfUtils.java:logGet(46)) - raft.server.sleep.deviation.threshold = 300ms (default)
2022-10-16 13:15:59,700 [pool-933-thread-1] INFO  server.RaftServer$Division (ServerState.java:<init>(107)) - dbe7118b-6463-4c1b-8250-64d2251ba697@group-84E5E5F6A3AE: ConfigurationManager, init=-1: [dbe7118b-6463-4c1b-8250-64d2251ba697|rpc:10.1.0.60:43799|priority:1], old=null, confs=<EMPTY_MAP>
2022-10-16 13:15:59,700 [pool-933-thread-1] INFO  server.RaftServerConfigKeys (ConfUtils.java:logGet(46)) - raft.server.storage.dir = [/home/runner/work/ozone/ozone/hadoop-ozone/integration-test/target/test-dir/MiniOzoneClusterImpl-8ac818d4-2e27-4bb1-a0ba-6e8ee7a049a2/datanode-3/data/ratis] (custom)
2022-10-16 13:15:59,700 [pool-933-thread-1] INFO  server.RaftServerConfigKeys (ConfUtils.java:logGet(46)) - raft.server.log.corruption.policy = EXCEPTION (default)
2022-10-16 13:15:59,700 [pool-933-thread-1] INFO  server.RaftServerConfigKeys (ConfUtils.java:logGet(46)) - raft.server.storage.free-space.min = 0MB (=0) (default)
2022-10-16 13:15:59,700 [pool-933-thread-1] INFO  storage.RaftStorageDirectory (RaftStorageDirectoryImpl.java:analyzeStorage(135)) - The storage directory /home/runner/work/ozone/ozone/hadoop-ozone/integration-test/target/test-dir/MiniOzoneClusterImpl-8ac818d4-2e27-4bb1-a0ba-6e8ee7a049a2/datanode-3/data/ratis/17f861ef-beab-4aaa-921a-84e5e5f6a3ae does not exist. Creating ...
2022-10-16 13:15:59,701 [pool-933-thread-1] INFO  storage.RaftStorageDirectory (RaftStorageDirectoryImpl.java:tryLock(230)) - Lock on /home/runner/work/ozone/ozone/hadoop-ozone/integration-test/target/test-dir/MiniOzoneClusterImpl-8ac818d4-2e27-4bb1-a0ba-6e8ee7a049a2/datanode-3/data/ratis/17f861ef-beab-4aaa-921a-84e5e5f6a3ae/in_use.lock acquired by nodename 44550@fv-az308-250
2022-10-16 13:15:59,702 [pool-933-thread-1] INFO  storage.RaftStorage (RaftStorageImpl.java:format(89)) - Storage directory /home/runner/work/ozone/ozone/hadoop-ozone/integration-test/target/test-dir/MiniOzoneClusterImpl-8ac818d4-2e27-4bb1-a0ba-6e8ee7a049a2/datanode-3/data/ratis/17f861ef-beab-4aaa-921a-84e5e5f6a3ae has been successfully formatted.
2022-10-16 13:15:59,704 [pool-933-thread-1] INFO  ratis.ContainerStateMachine (ContainerStateMachine.java:loadSnapshot(236)) - group-84E5E5F6A3AE: The snapshot info is null. Setting the last applied indexto:(t:0, i:~)
2022-10-16 13:15:59,704 [pool-933-thread-1] INFO  server.RaftServerConfigKeys (ConfUtils.java:logGet(46)) - raft.server.notification.no-leader.timeout = 300s (custom)
2022-10-16 13:15:59,704 [pool-933-thread-1] INFO  server.RaftServerConfigKeys (ConfUtils.java:logGet(46)) - raft.server.log.use.memory = false (default)
2022-10-16 13:15:59,704 [pool-933-thread-1] INFO  server.RaftServerConfigKeys (ConfUtils.java:logGet(46)) - raft.server.log.purge.gap = 1000000 (custom)
2022-10-16 13:15:59,704 [pool-933-thread-1] INFO  server.RaftServerConfigKeys (ConfUtils.java:logGet(46)) - raft.server.log.appender.buffer.byte-limit = 33554432 (custom)
2022-10-16 13:15:59,704 [pool-933-thread-1] INFO  server.RaftServerConfigKeys (ConfUtils.java:logGet(46)) - raft.server.log.statemachine.data.read.timeout = 1000ms (default)
2022-10-16 13:15:59,704 [pool-933-thread-1] INFO  server.RaftServerConfigKeys (ConfUtils.java:logGet(46)) - raft.server.log.segment.size.max = 1048576 (custom)
2022-10-16 13:15:59,704 [EventQueue-PipelineReportForPipelineReportHandler] INFO  pipeline.PipelineManagerImpl (PipelineManagerImpl.java:openPipeline(367)) - Pipeline Pipeline[ Id: 17f861ef-beab-4aaa-921a-84e5e5f6a3ae, Nodes: dbe7118b-6463-4c1b-8250-64d2251ba697{ip: 10.1.0.60, host: fv-az308-250.etcbaq1qs54eplwmrjlabigyle.cx.internal.cloudapp.net, ports: [REPLICATION=38955, RATIS=43799, RATIS_ADMIN=43799, RATIS_SERVER=43799, STANDALONE=39749], networkLocation: /default-rack, certSerialId: null, persistedOpState: IN_SERVICE, persistedOpStateExpiryEpochSec: 0}, ReplicationConfig: RATIS/ONE, State:ALLOCATED, leaderId:dbe7118b-6463-4c1b-8250-64d2251ba697, CreationTimestamp2022-10-16T13:15:56.698Z[Etc/UTC]] moved to OPEN state
2022-10-16 13:15:59,705 [pool-933-thread-1] INFO  server.RaftServerConfigKeys (ConfUtils.java:logGet(46)) - raft.server.log.segment.cache.num.max = 2 (custom)
2022-10-16 13:15:59,705 [pool-933-thread-1] INFO  server.RaftServerConfigKeys (ConfUtils.java:logGet(46)) - raft.server.log.segment.cache.size.max = 200MB (=209715200) (default)
2022-10-16 13:15:59,705 [pool-933-thread-1] INFO  segmented.SegmentedRaftLogWorker (SegmentedRaftLogWorker.java:<init>(187)) - new dbe7118b-6463-4c1b-8250-64d2251ba697@group-84E5E5F6A3AE-SegmentedRaftLogWorker for RaftStorageImpl:Storage Directory /home/runner/work/ozone/ozone/hadoop-ozone/integration-test/target/test-dir/MiniOzoneClusterImpl-8ac818d4-2e27-4bb1-a0ba-6e8ee7a049a2/datanode-3/data/ratis/17f861ef-beab-4aaa-921a-84e5e5f6a3ae
2022-10-16 13:15:59,705 [pool-933-thread-1] INFO  server.RaftServerConfigKeys (ConfUtils.java:logGet(46)) - raft.server.log.queue.byte-limit = 4294967296 (custom)
2022-10-16 13:15:59,705 [pool-933-thread-1] INFO  server.RaftServerConfigKeys (ConfUtils.java:logGet(46)) - raft.server.log.queue.element-limit = 1024 (custom)
2022-10-16 13:15:59,705 [pool-933-thread-1] INFO  server.RaftServerConfigKeys (ConfUtils.java:logGet(46)) - raft.server.log.segment.size.max = 1048576 (custom)
2022-10-16 13:15:59,705 [pool-933-thread-1] INFO  server.RaftServerConfigKeys (ConfUtils.java:logGet(46)) - raft.server.log.preallocated.size = 16384 (custom)
2022-10-16 13:15:59,705 [EventQueue-OpenPipelineForHealthyPipelineSafeModeRule] INFO  safemode.SCMSafeModeManager (HealthyPipelineSafeModeRule.java:process(137)) - SCM in safe mode. Healthy pipelines reported count is 0, required healthy pipeline reported count is 1
2022-10-16 13:15:59,705 [pool-933-thread-1] INFO  server.RaftServerConfigKeys (ConfUtils.java:logGet(46)) - raft.server.log.force.sync.num = 128 (default)
2022-10-16 13:15:59,705 [pool-933-thread-1] INFO  server.RaftServerConfigKeys (ConfUtils.java:logGet(46)) - raft.server.log.statemachine.data.sync = true (default)
2022-10-16 13:15:59,705 [pool-933-thread-1] INFO  server.RaftServerConfigKeys (ConfUtils.java:logGet(46)) - raft.server.log.statemachine.data.sync.timeout = 10s (default)
2022-10-16 13:15:59,705 [pool-933-thread-1] INFO  server.RaftServerConfigKeys (ConfUtils.java:logGet(46)) - raft.server.log.statemachine.data.sync.timeout.retry = -1 (default)
2022-10-16 13:15:59,706 [pool-933-thread-1] INFO  server.RaftServerConfigKeys (ConfUtils.java:logGet(46)) - raft.server.log.write.buffer.size = 1048576 (custom)
2022-10-16 13:15:59,706 [pool-933-thread-1] INFO  server.RaftServerConfigKeys (ConfUtils.java:logGet(46)) - raft.server.log.unsafe-flush.enabled = false (default)
2022-10-16 13:15:59,706 [pool-933-thread-1] INFO  server.RaftServerConfigKeys (ConfUtils.java:logGet(46)) - raft.server.log.statemachine.data.caching.enabled = true (custom)
2022-10-16 13:15:59,706 [pool-933-thread-1] INFO  segmented.SegmentedRaftLogWorker (SegmentedRaftLogWorker.java:lambda$new$0(135)) - dbe7118b-6463-4c1b-8250-64d2251ba697@group-84E5E5F6A3AE-SegmentedRaftLogWorker: flushIndex: setUnconditionally 0 -> -1
2022-10-16 13:15:59,707 [pool-933-thread-1] INFO  segmented.SegmentedRaftLogWorker (SegmentedRaftLogWorker.java:lambda$new$0(135)) - dbe7118b-6463-4c1b-8250-64d2251ba697@group-84E5E5F6A3AE-SegmentedRaftLogWorker: safeCacheEvictIndex: setUnconditionally 0 -> -1
2022-10-16 13:15:59,707 [pool-933-thread-1] INFO  server.RaftServerConfigKeys (ConfUtils.java:logGet(46)) - raft.server.snapshot.auto.trigger.enabled = true (custom)
2022-10-16 13:15:59,707 [pool-933-thread-1] INFO  server.RaftServerConfigKeys (ConfUtils.java:logGet(46)) - raft.server.snapshot.auto.trigger.threshold = 10000 (custom)
2022-10-16 13:15:59,707 [pool-933-thread-1] INFO  server.RaftServerConfigKeys (ConfUtils.java:logGet(46)) - raft.server.snapshot.retention.file.num = 5 (custom)
2022-10-16 13:15:59,707 [pool-933-thread-1] INFO  server.RaftServerConfigKeys (ConfUtils.java:logGet(46)) - raft.server.log.purge.upto.snapshot.index = false (default)
2022-10-16 13:15:59,707 [pool-933-thread-1] INFO  server.RaftServerConfigKeys (ConfUtils.java:logGet(46)) - raft.server.retrycache.expirytime = 600000ms (custom)
2022-10-16 13:15:59,707 [pool-933-thread-1] INFO  server.RaftServerConfigKeys (ConfUtils.java:logGet(46)) - raft.server.retrycache.statistics.expirytime = 100μs (default)
2022-10-16 13:15:59,708 [pool-933-thread-1] INFO  server.RaftServerConfigKeys (ConfUtils.java:logGet(46)) - raft.server.log.appender.install.snapshot.enabled = false (custom)
2022-10-16 13:15:59,708 [pool-933-thread-1] INFO  server.RaftServerConfigKeys (ConfUtils.java:logGet(46)) - raft.server.threadpool.server.cached = true (default)
2022-10-16 13:15:59,708 [pool-933-thread-1] INFO  server.RaftServerConfigKeys (ConfUtils.java:logGet(46)) - raft.server.threadpool.server.size = 0 (default)
2022-10-16 13:15:59,708 [pool-933-thread-1] INFO  server.RaftServerConfigKeys (ConfUtils.java:logGet(46)) - raft.server.threadpool.client.cached = true (default)
2022-10-16 13:15:59,708 [pool-933-thread-1] INFO  server.RaftServerConfigKeys (ConfUtils.java:logGet(46)) - raft.server.threadpool.client.size = 0 (default)
2022-10-16 13:15:59,708 [pool-933-thread-1] INFO  server.RaftServer$Division (RaftServerImpl.java:start(310)) - dbe7118b-6463-4c1b-8250-64d2251ba697@group-84E5E5F6A3AE: start as a follower, conf=-1: [dbe7118b-6463-4c1b-8250-64d2251ba697|rpc:10.1.0.60:43799|priority:1], old=null
2022-10-16 13:15:59,709 [pool-933-thread-1] INFO  server.RaftServer$Division (RaftServerImpl.java:setRole(299)) - dbe7118b-6463-4c1b-8250-64d2251ba697@group-84E5E5F6A3AE: changes role from      null to FOLLOWER at term 0 for startAsFollower
2022-10-16 13:15:59,709 [pool-933-thread-1] INFO  impl.RoleInfo (RoleInfo.java:updateAndGet(139)) - dbe7118b-6463-4c1b-8250-64d2251ba697: start dbe7118b-6463-4c1b-8250-64d2251ba697@group-84E5E5F6A3AE-FollowerState
2022-10-16 13:15:59,709 [pool-933-thread-1] INFO  util.JmxRegister (JmxRegister.java:tryRegister(44)) - Successfully registered JMX Bean with object name Ratis:service=RaftServer,group=group-84E5E5F6A3AE,id=dbe7118b-6463-4c1b-8250-64d2251ba697
2022-10-16 13:15:59,709 [Command processor thread] INFO  ratis.XceiverServerRatis (XceiverServerRatis.java:addGroup(765)) - Created group PipelineID=17f861ef-beab-4aaa-921a-84e5e5f6a3ae
2022-10-16 13:15:59,709 [Command processor thread] INFO  commandhandler.CreatePipelineCommandHandler (CreatePipelineCommandHandler.java:handle(113)) - Created Pipeline RATIS ONE PipelineID=17f861ef-beab-4aaa-921a-84e5e5f6a3ae.
2022-10-16 13:15:59,768 [ReplicationMonitor] INFO  replication.ReplicationManager (ReplicationManager.java:processAll(291)) - Replication Manager is not ready to run until 3000ms after safemode exit
2022-10-16 13:15:59,968 [Listener at 127.0.0.1/38707] INFO  ozone.MiniOzoneClusterImpl (MiniOzoneClusterImpl.java:lambda$waitForClusterToBeReady$0(216)) - Nodes are ready. Got 5 of 5 DN Heartbeats.
2022-10-16 13:15:59,968 [Listener at 127.0.0.1/38707] INFO  ozone.MiniOzoneClusterImpl (MiniOzoneClusterImpl.java:lambda$waitForClusterToBeReady$0(219)) - Waiting for cluster to exit safe mode
2022-10-16 13:15:59,968 [Listener at 127.0.0.1/38707] INFO  ozone.MiniOzoneClusterImpl (MiniOzoneClusterImpl.java:lambda$waitForClusterToBeReady$0(221)) - SCM became leader
2022-10-16 13:15:59,968 [Command processor thread] INFO  server.RaftServer (RaftServerProxy.java:addNew(96)) - d22513a5-5bbc-4be9-9acc-f8c8ca7a35e4: addNew group-2FF5621E237E:[d22513a5-5bbc-4be9-9acc-f8c8ca7a35e4|rpc:10.1.0.60:36935|priority:1] returns group-2FF5621E237E:java.util.concurrent.CompletableFuture@c9166ab[Not completed]
2022-10-16 13:15:59,970 [pool-956-thread-1] INFO  server.RaftServer$Division (RaftServerImpl.java:<init>(190)) - d22513a5-5bbc-4be9-9acc-f8c8ca7a35e4: new RaftServerImpl for group-2FF5621E237E:[d22513a5-5bbc-4be9-9acc-f8c8ca7a35e4|rpc:10.1.0.60:36935|priority:1] with ContainerStateMachine:uninitialized
2022-10-16 13:15:59,970 [pool-956-thread-1] INFO  server.RaftServerConfigKeys (ConfUtils.java:logGet(46)) - raft.server.rpc.timeout.min = 5s (custom)
2022-10-16 13:15:59,970 [pool-956-thread-1] INFO  server.RaftServerConfigKeys (ConfUtils.java:logGet(46)) - raft.server.rpc.timeout.max = 5200ms (custom)
2022-10-16 13:15:59,970 [pool-956-thread-1] INFO  server.RaftServerConfigKeys (ConfUtils.java:logGet(46)) - raft.server.rpc.sleep.time = 25ms (default)
2022-10-16 13:15:59,970 [pool-956-thread-1] INFO  server.RaftServerConfigKeys (ConfUtils.java:logGet(46)) - raft.server.rpc.slowness.timeout = 300s (custom)
2022-10-16 13:15:59,970 [pool-956-thread-1] INFO  server.RaftServerConfigKeys (ConfUtils.java:logGet(46)) - raft.server.leaderelection.leader.step-down.wait-time = 10s (default)
2022-10-16 13:15:59,970 [pool-956-thread-1] INFO  server.RaftServerConfigKeys (ConfUtils.java:logGet(46)) - raft.server.sleep.deviation.threshold = 300ms (default)
2022-10-16 13:15:59,970 [pool-956-thread-1] INFO  server.RaftServer$Division (ServerState.java:<init>(107)) - d22513a5-5bbc-4be9-9acc-f8c8ca7a35e4@group-2FF5621E237E: ConfigurationManager, init=-1: [d22513a5-5bbc-4be9-9acc-f8c8ca7a35e4|rpc:10.1.0.60:36935|priority:1], old=null, confs=<EMPTY_MAP>
2022-10-16 13:15:59,970 [pool-956-thread-1] INFO  server.RaftServerConfigKeys (ConfUtils.java:logGet(46)) - raft.server.storage.dir = [/home/runner/work/ozone/ozone/hadoop-ozone/integration-test/target/test-dir/MiniOzoneClusterImpl-8ac818d4-2e27-4bb1-a0ba-6e8ee7a049a2/datanode-4/data/ratis] (custom)
2022-10-16 13:15:59,970 [pool-956-thread-1] INFO  server.RaftServerConfigKeys (ConfUtils.java:logGet(46)) - raft.server.log.corruption.policy = EXCEPTION (default)
2022-10-16 13:15:59,970 [pool-956-thread-1] INFO  server.RaftServerConfigKeys (ConfUtils.java:logGet(46)) - raft.server.storage.free-space.min = 0MB (=0) (default)
2022-10-16 13:15:59,970 [pool-956-thread-1] INFO  storage.RaftStorageDirectory (RaftStorageDirectoryImpl.java:analyzeStorage(135)) - The storage directory /home/runner/work/ozone/ozone/hadoop-ozone/integration-test/target/test-dir/MiniOzoneClusterImpl-8ac818d4-2e27-4bb1-a0ba-6e8ee7a049a2/datanode-4/data/ratis/156b64aa-9fbf-496a-9ff1-2ff5621e237e does not exist. Creating ...
2022-10-16 13:15:59,971 [pool-956-thread-1] INFO  storage.RaftStorageDirectory (RaftStorageDirectoryImpl.java:tryLock(230)) - Lock on /home/runner/work/ozone/ozone/hadoop-ozone/integration-test/target/test-dir/MiniOzoneClusterImpl-8ac818d4-2e27-4bb1-a0ba-6e8ee7a049a2/datanode-4/data/ratis/156b64aa-9fbf-496a-9ff1-2ff5621e237e/in_use.lock acquired by nodename 44550@fv-az308-250
2022-10-16 13:15:59,973 [pool-956-thread-1] INFO  storage.RaftStorage (RaftStorageImpl.java:format(89)) - Storage directory /home/runner/work/ozone/ozone/hadoop-ozone/integration-test/target/test-dir/MiniOzoneClusterImpl-8ac818d4-2e27-4bb1-a0ba-6e8ee7a049a2/datanode-4/data/ratis/156b64aa-9fbf-496a-9ff1-2ff5621e237e has been successfully formatted.
2022-10-16 13:15:59,976 [pool-956-thread-1] INFO  ratis.ContainerStateMachine (ContainerStateMachine.java:loadSnapshot(236)) - group-2FF5621E237E: The snapshot info is null. Setting the last applied indexto:(t:0, i:~)
2022-10-16 13:15:59,977 [pool-956-thread-1] INFO  server.RaftServerConfigKeys (ConfUtils.java:logGet(46)) - raft.server.notification.no-leader.timeout = 300s (custom)
2022-10-16 13:15:59,977 [pool-956-thread-1] INFO  server.RaftServerConfigKeys (ConfUtils.java:logGet(46)) - raft.server.log.use.memory = false (default)
2022-10-16 13:15:59,977 [pool-956-thread-1] INFO  server.RaftServerConfigKeys (ConfUtils.java:logGet(46)) - raft.server.log.purge.gap = 1000000 (custom)
2022-10-16 13:15:59,977 [EventQueue-PipelineReportForPipelineReportHandler] INFO  pipeline.PipelineManagerImpl (PipelineManagerImpl.java:openPipeline(367)) - Pipeline Pipeline[ Id: 156b64aa-9fbf-496a-9ff1-2ff5621e237e, Nodes: d22513a5-5bbc-4be9-9acc-f8c8ca7a35e4{ip: 10.1.0.60, host: fv-az308-250.etcbaq1qs54eplwmrjlabigyle.cx.internal.cloudapp.net, ports: [REPLICATION=34995, RATIS=36935, RATIS_ADMIN=36935, RATIS_SERVER=36935, STANDALONE=45309], networkLocation: /default-rack, certSerialId: null, persistedOpState: IN_SERVICE, persistedOpStateExpiryEpochSec: 0}, ReplicationConfig: RATIS/ONE, State:ALLOCATED, leaderId:d22513a5-5bbc-4be9-9acc-f8c8ca7a35e4, CreationTimestamp2022-10-16T13:15:56.966Z[Etc/UTC]] moved to OPEN state
2022-10-16 13:15:59,977 [pool-956-thread-1] INFO  server.RaftServerConfigKeys (ConfUtils.java:logGet(46)) - raft.server.log.appender.buffer.byte-limit = 33554432 (custom)
2022-10-16 13:15:59,978 [pool-956-thread-1] INFO  server.RaftServerConfigKeys (ConfUtils.java:logGet(46)) - raft.server.log.statemachine.data.read.timeout = 1000ms (default)
2022-10-16 13:15:59,978 [pool-956-thread-1] INFO  server.RaftServerConfigKeys (ConfUtils.java:logGet(46)) - raft.server.log.segment.size.max = 1048576 (custom)
2022-10-16 13:15:59,978 [EventQueue-OpenPipelineForHealthyPipelineSafeModeRule] INFO  safemode.SCMSafeModeManager (HealthyPipelineSafeModeRule.java:process(137)) - SCM in safe mode. Healthy pipelines reported count is 0, required healthy pipeline reported count is 1
2022-10-16 13:15:59,978 [pool-956-thread-1] INFO  server.RaftServerConfigKeys (ConfUtils.java:logGet(46)) - raft.server.log.segment.cache.num.max = 2 (custom)
2022-10-16 13:15:59,978 [pool-956-thread-1] INFO  server.RaftServerConfigKeys (ConfUtils.java:logGet(46)) - raft.server.log.segment.cache.size.max = 200MB (=209715200) (default)
2022-10-16 13:15:59,978 [pool-956-thread-1] INFO  segmented.SegmentedRaftLogWorker (SegmentedRaftLogWorker.java:<init>(187)) - new d22513a5-5bbc-4be9-9acc-f8c8ca7a35e4@group-2FF5621E237E-SegmentedRaftLogWorker for RaftStorageImpl:Storage Directory /home/runner/work/ozone/ozone/hadoop-ozone/integration-test/target/test-dir/MiniOzoneClusterImpl-8ac818d4-2e27-4bb1-a0ba-6e8ee7a049a2/datanode-4/data/ratis/156b64aa-9fbf-496a-9ff1-2ff5621e237e
2022-10-16 13:15:59,978 [pool-956-thread-1] INFO  server.RaftServerConfigKeys (ConfUtils.java:logGet(46)) - raft.server.log.queue.byte-limit = 4294967296 (custom)
2022-10-16 13:15:59,978 [pool-956-thread-1] INFO  server.RaftServerConfigKeys (ConfUtils.java:logGet(46)) - raft.server.log.queue.element-limit = 1024 (custom)
2022-10-16 13:15:59,978 [pool-956-thread-1] INFO  server.RaftServerConfigKeys (ConfUtils.java:logGet(46)) - raft.server.log.segment.size.max = 1048576 (custom)
2022-10-16 13:15:59,978 [pool-956-thread-1] INFO  server.RaftServerConfigKeys (ConfUtils.java:logGet(46)) - raft.server.log.preallocated.size = 16384 (custom)
2022-10-16 13:15:59,978 [pool-956-thread-1] INFO  server.RaftServerConfigKeys (ConfUtils.java:logGet(46)) - raft.server.log.force.sync.num = 128 (default)
2022-10-16 13:15:59,979 [pool-956-thread-1] INFO  server.RaftServerConfigKeys (ConfUtils.java:logGet(46)) - raft.server.log.statemachine.data.sync = true (default)
2022-10-16 13:15:59,979 [pool-956-thread-1] INFO  server.RaftServerConfigKeys (ConfUtils.java:logGet(46)) - raft.server.log.statemachine.data.sync.timeout = 10s (default)
2022-10-16 13:15:59,979 [pool-956-thread-1] INFO  server.RaftServerConfigKeys (ConfUtils.java:logGet(46)) - raft.server.log.statemachine.data.sync.timeout.retry = -1 (default)
2022-10-16 13:15:59,980 [pool-956-thread-1] INFO  server.RaftServerConfigKeys (ConfUtils.java:logGet(46)) - raft.server.log.write.buffer.size = 1048576 (custom)
2022-10-16 13:15:59,980 [pool-956-thread-1] INFO  server.RaftServerConfigKeys (ConfUtils.java:logGet(46)) - raft.server.log.unsafe-flush.enabled = false (default)
2022-10-16 13:15:59,980 [pool-956-thread-1] INFO  server.RaftServerConfigKeys (ConfUtils.java:logGet(46)) - raft.server.log.statemachine.data.caching.enabled = true (custom)
2022-10-16 13:15:59,980 [pool-956-thread-1] INFO  segmented.SegmentedRaftLogWorker (SegmentedRaftLogWorker.java:lambda$new$0(135)) - d22513a5-5bbc-4be9-9acc-f8c8ca7a35e4@group-2FF5621E237E-SegmentedRaftLogWorker: flushIndex: setUnconditionally 0 -> -1
2022-10-16 13:15:59,980 [pool-956-thread-1] INFO  segmented.SegmentedRaftLogWorker (SegmentedRaftLogWorker.java:lambda$new$0(135)) - d22513a5-5bbc-4be9-9acc-f8c8ca7a35e4@group-2FF5621E237E-SegmentedRaftLogWorker: safeCacheEvictIndex: setUnconditionally 0 -> -1
2022-10-16 13:15:59,980 [pool-956-thread-1] INFO  server.RaftServerConfigKeys (ConfUtils.java:logGet(46)) - raft.server.snapshot.auto.trigger.enabled = true (custom)
2022-10-16 13:15:59,980 [pool-956-thread-1] INFO  server.RaftServerConfigKeys (ConfUtils.java:logGet(46)) - raft.server.snapshot.auto.trigger.threshold = 10000 (custom)
2022-10-16 13:15:59,980 [pool-956-thread-1] INFO  server.RaftServerConfigKeys (ConfUtils.java:logGet(46)) - raft.server.snapshot.retention.file.num = 5 (custom)
2022-10-16 13:15:59,980 [pool-956-thread-1] INFO  server.RaftServerConfigKeys (ConfUtils.java:logGet(46)) - raft.server.log.purge.upto.snapshot.index = false (default)
2022-10-16 13:15:59,980 [pool-956-thread-1] INFO  server.RaftServerConfigKeys (ConfUtils.java:logGet(46)) - raft.server.retrycache.expirytime = 600000ms (custom)
2022-10-16 13:15:59,980 [pool-956-thread-1] INFO  server.RaftServerConfigKeys (ConfUtils.java:logGet(46)) - raft.server.retrycache.statistics.expirytime = 100μs (default)
2022-10-16 13:15:59,982 [pool-956-thread-1] INFO  server.RaftServerConfigKeys (ConfUtils.java:logGet(46)) - raft.server.log.appender.install.snapshot.enabled = false (custom)
2022-10-16 13:15:59,982 [pool-956-thread-1] INFO  server.RaftServerConfigKeys (ConfUtils.java:logGet(46)) - raft.server.threadpool.server.cached = true (default)
2022-10-16 13:15:59,982 [pool-956-thread-1] INFO  server.RaftServerConfigKeys (ConfUtils.java:logGet(46)) - raft.server.threadpool.server.size = 0 (default)
2022-10-16 13:15:59,982 [pool-956-thread-1] INFO  server.RaftServerConfigKeys (ConfUtils.java:logGet(46)) - raft.server.threadpool.client.cached = true (default)
2022-10-16 13:15:59,982 [pool-956-thread-1] INFO  server.RaftServerConfigKeys (ConfUtils.java:logGet(46)) - raft.server.threadpool.client.size = 0 (default)
2022-10-16 13:15:59,982 [pool-956-thread-1] INFO  server.RaftServer$Division (RaftServerImpl.java:start(310)) - d22513a5-5bbc-4be9-9acc-f8c8ca7a35e4@group-2FF5621E237E: start as a follower, conf=-1: [d22513a5-5bbc-4be9-9acc-f8c8ca7a35e4|rpc:10.1.0.60:36935|priority:1], old=null
2022-10-16 13:15:59,982 [pool-956-thread-1] INFO  server.RaftServer$Division (RaftServerImpl.java:setRole(299)) - d22513a5-5bbc-4be9-9acc-f8c8ca7a35e4@group-2FF5621E237E: changes role from      null to FOLLOWER at term 0 for startAsFollower
2022-10-16 13:15:59,982 [pool-956-thread-1] INFO  impl.RoleInfo (RoleInfo.java:updateAndGet(139)) - d22513a5-5bbc-4be9-9acc-f8c8ca7a35e4: start d22513a5-5bbc-4be9-9acc-f8c8ca7a35e4@group-2FF5621E237E-FollowerState
2022-10-16 13:15:59,982 [pool-956-thread-1] INFO  util.JmxRegister (JmxRegister.java:tryRegister(44)) - Successfully registered JMX Bean with object name Ratis:service=RaftServer,group=group-2FF5621E237E,id=d22513a5-5bbc-4be9-9acc-f8c8ca7a35e4
2022-10-16 13:15:59,983 [Command processor thread] INFO  ratis.XceiverServerRatis (XceiverServerRatis.java:addGroup(765)) - Created group PipelineID=156b64aa-9fbf-496a-9ff1-2ff5621e237e
2022-10-16 13:15:59,983 [Command processor thread] INFO  commandhandler.CreatePipelineCommandHandler (CreatePipelineCommandHandler.java:handle(113)) - Created Pipeline RATIS ONE PipelineID=156b64aa-9fbf-496a-9ff1-2ff5621e237e.
2022-10-16 13:16:00,106 [ReplicationMonitor] INFO  replication.ReplicationManager (ReplicationManager.java:processAll(324)) - Replication Monitor Thread took 0 milliseconds for processing 7 containers.
2022-10-16 13:16:00,769 [ReplicationMonitor] INFO  replication.ReplicationManager (ReplicationManager.java:processAll(291)) - Replication Manager is not ready to run until 3000ms after safemode exit
2022-10-16 13:16:00,968 [Listener at 127.0.0.1/38707] INFO  ozone.MiniOzoneClusterImpl (MiniOzoneClusterImpl.java:lambda$waitForClusterToBeReady$0(216)) - Nodes are ready. Got 5 of 5 DN Heartbeats.
2022-10-16 13:16:00,968 [Listener at 127.0.0.1/38707] INFO  ozone.MiniOzoneClusterImpl (MiniOzoneClusterImpl.java:lambda$waitForClusterToBeReady$0(219)) - Waiting for cluster to exit safe mode
2022-10-16 13:16:00,968 [Listener at 127.0.0.1/38707] INFO  ozone.MiniOzoneClusterImpl (MiniOzoneClusterImpl.java:lambda$waitForClusterToBeReady$0(221)) - SCM became leader
2022-10-16 13:16:01,106 [ReplicationMonitor] INFO  replication.ReplicationManager (ReplicationManager.java:processAll(324)) - Replication Monitor Thread took 0 milliseconds for processing 7 containers.
2022-10-16 13:16:01,769 [ReplicationMonitor] INFO  replication.ReplicationManager (ReplicationManager.java:processAll(291)) - Replication Manager is not ready to run until 3000ms after safemode exit
2022-10-16 13:16:01,969 [Listener at 127.0.0.1/38707] INFO  ozone.MiniOzoneClusterImpl (MiniOzoneClusterImpl.java:lambda$waitForClusterToBeReady$0(216)) - Nodes are ready. Got 5 of 5 DN Heartbeats.
2022-10-16 13:16:01,969 [Listener at 127.0.0.1/38707] INFO  ozone.MiniOzoneClusterImpl (MiniOzoneClusterImpl.java:lambda$waitForClusterToBeReady$0(219)) - Waiting for cluster to exit safe mode
2022-10-16 13:16:01,969 [Listener at 127.0.0.1/38707] INFO  ozone.MiniOzoneClusterImpl (MiniOzoneClusterImpl.java:lambda$waitForClusterToBeReady$0(221)) - SCM became leader
2022-10-16 13:16:02,107 [ReplicationMonitor] INFO  replication.ReplicationManager (ReplicationManager.java:processAll(324)) - Replication Monitor Thread took 0 milliseconds for processing 7 containers.
2022-10-16 13:16:02,769 [ReplicationMonitor] INFO  replication.ReplicationManager (ReplicationManager.java:processAll(291)) - Replication Manager is not ready to run until 3000ms after safemode exit
2022-10-16 13:16:02,969 [Listener at 127.0.0.1/38707] INFO  ozone.MiniOzoneClusterImpl (MiniOzoneClusterImpl.java:lambda$waitForClusterToBeReady$0(216)) - Nodes are ready. Got 5 of 5 DN Heartbeats.
2022-10-16 13:16:02,969 [Listener at 127.0.0.1/38707] INFO  ozone.MiniOzoneClusterImpl (MiniOzoneClusterImpl.java:lambda$waitForClusterToBeReady$0(219)) - Waiting for cluster to exit safe mode
2022-10-16 13:16:02,969 [Listener at 127.0.0.1/38707] INFO  ozone.MiniOzoneClusterImpl (MiniOzoneClusterImpl.java:lambda$waitForClusterToBeReady$0(221)) - SCM became leader
2022-10-16 13:16:03,107 [ReplicationMonitor] INFO  replication.ReplicationManager (ReplicationManager.java:processAll(324)) - Replication Monitor Thread took 0 milliseconds for processing 7 containers.
2022-10-16 13:16:03,769 [ReplicationMonitor] INFO  replication.ReplicationManager (ReplicationManager.java:processAll(291)) - Replication Manager is not ready to run until 3000ms after safemode exit
2022-10-16 13:16:03,825 [c13247a4-8e58-4a93-a398-acd85f127862@group-305D96B529BC-FollowerState] INFO  impl.FollowerState (FollowerState.java:run(143)) - c13247a4-8e58-4a93-a398-acd85f127862@group-305D96B529BC-FollowerState: change to CANDIDATE, lastRpcElapsedTime:5019827626ns, electionTimeout:5019ms
2022-10-16 13:16:03,825 [c13247a4-8e58-4a93-a398-acd85f127862@group-305D96B529BC-FollowerState] INFO  impl.RoleInfo (RoleInfo.java:shutdownFollowerState(110)) - c13247a4-8e58-4a93-a398-acd85f127862: shutdown c13247a4-8e58-4a93-a398-acd85f127862@group-305D96B529BC-FollowerState
2022-10-16 13:16:03,825 [c13247a4-8e58-4a93-a398-acd85f127862@group-305D96B529BC-FollowerState] INFO  server.RaftServer$Division (RaftServerImpl.java:setRole(299)) - c13247a4-8e58-4a93-a398-acd85f127862@group-305D96B529BC: changes role from  FOLLOWER to CANDIDATE at term 0 for changeToCandidate
2022-10-16 13:16:03,825 [c13247a4-8e58-4a93-a398-acd85f127862@group-305D96B529BC-FollowerState] INFO  server.RaftServerConfigKeys (ConfUtils.java:logGet(46)) - raft.server.leaderelection.pre-vote = false (custom)
2022-10-16 13:16:03,825 [c13247a4-8e58-4a93-a398-acd85f127862@group-305D96B529BC-FollowerState] INFO  impl.RoleInfo (RoleInfo.java:updateAndGet(139)) - c13247a4-8e58-4a93-a398-acd85f127862: start c13247a4-8e58-4a93-a398-acd85f127862@group-305D96B529BC-LeaderElection27
2022-10-16 13:16:03,830 [c13247a4-8e58-4a93-a398-acd85f127862@group-305D96B529BC-LeaderElection27] INFO  impl.LeaderElection (LeaderElection.java:askForVotes(310)) - c13247a4-8e58-4a93-a398-acd85f127862@group-305D96B529BC-LeaderElection27 ELECTION round 0: submit vote requests at term 1 for -1: [c13247a4-8e58-4a93-a398-acd85f127862|rpc:10.1.0.60:41199|priority:1], old=null
2022-10-16 13:16:03,830 [c13247a4-8e58-4a93-a398-acd85f127862@group-305D96B529BC-LeaderElection27] INFO  impl.LeaderElection (LeaderElection.java:askForVotes(312)) - c13247a4-8e58-4a93-a398-acd85f127862@group-305D96B529BC-LeaderElection27 ELECTION round 0: result PASSED (term=1)
2022-10-16 13:16:03,830 [c13247a4-8e58-4a93-a398-acd85f127862@group-305D96B529BC-LeaderElection27] INFO  impl.RoleInfo (RoleInfo.java:shutdownLeaderElection(130)) - c13247a4-8e58-4a93-a398-acd85f127862: shutdown c13247a4-8e58-4a93-a398-acd85f127862@group-305D96B529BC-LeaderElection27
2022-10-16 13:16:03,830 [c13247a4-8e58-4a93-a398-acd85f127862@group-305D96B529BC-LeaderElection27] INFO  server.RaftServer$Division (RaftServerImpl.java:setRole(299)) - c13247a4-8e58-4a93-a398-acd85f127862@group-305D96B529BC: changes role from CANDIDATE to LEADER at term 1 for changeToLeader
2022-10-16 13:16:03,830 [c13247a4-8e58-4a93-a398-acd85f127862@group-305D96B529BC-LeaderElection27] INFO  ratis.XceiverServerRatis (XceiverServerRatis.java:handleLeaderChangedNotification(863)) - Leader change notification received for group: group-305D96B529BC with new leaderId: c13247a4-8e58-4a93-a398-acd85f127862
2022-10-16 13:16:03,830 [c13247a4-8e58-4a93-a398-acd85f127862@group-305D96B529BC-LeaderElection27] INFO  server.RaftServer$Division (ServerState.java:setLeader(287)) - c13247a4-8e58-4a93-a398-acd85f127862@group-305D96B529BC: change Leader from null to c13247a4-8e58-4a93-a398-acd85f127862 at term 1 for becomeLeader, leader elected after 5031ms
2022-10-16 13:16:03,831 [c13247a4-8e58-4a93-a398-acd85f127862@group-305D96B529BC-LeaderElection27] INFO  server.RaftServerConfigKeys (ConfUtils.java:logGet(46)) - raft.server.staging.catchup.gap = 1000 (default)
2022-10-16 13:16:03,831 [c13247a4-8e58-4a93-a398-acd85f127862@group-305D96B529BC-LeaderElection27] INFO  server.RaftServerConfigKeys (ConfUtils.java:logGet(46)) - raft.server.write.element-limit = 1024 (custom)
2022-10-16 13:16:03,831 [c13247a4-8e58-4a93-a398-acd85f127862@group-305D96B529BC-LeaderElection27] INFO  server.RaftServerConfigKeys (ConfUtils.java:logGet(46)) - raft.server.write.byte-limit = 1024 M (=1073741824) (custom)
2022-10-16 13:16:03,831 [EventQueue-OpenPipelineForHealthyPipelineSafeModeRule] INFO  safemode.SCMSafeModeManager (HealthyPipelineSafeModeRule.java:process(137)) - SCM in safe mode. Healthy pipelines reported count is 0, required healthy pipeline reported count is 1
2022-10-16 13:16:03,832 [c13247a4-8e58-4a93-a398-acd85f127862@group-305D96B529BC-LeaderElection27] INFO  server.RaftServerConfigKeys (ConfUtils.java:logGet(46)) - raft.server.watch.timeout = 180s (custom)
2022-10-16 13:16:03,832 [c13247a4-8e58-4a93-a398-acd85f127862@group-305D96B529BC-LeaderElection27] INFO  server.RaftServerConfigKeys (ConfUtils.java:logGet(46)) - raft.server.watch.timeout.denomination = 1s (default)
2022-10-16 13:16:03,832 [c13247a4-8e58-4a93-a398-acd85f127862@group-305D96B529BC-LeaderElection27] INFO  server.RaftServerConfigKeys (ConfUtils.java:logGet(46)) - raft.server.watch.element-limit = 65536 (default)
2022-10-16 13:16:03,833 [c13247a4-8e58-4a93-a398-acd85f127862@group-305D96B529BC-LeaderElection27] INFO  server.RaftServerConfigKeys (ConfUtils.java:logGet(46)) - raft.server.write.element-limit = 1024 (custom)
2022-10-16 13:16:03,833 [c13247a4-8e58-4a93-a398-acd85f127862@group-305D96B529BC-LeaderElection27] INFO  server.RaftServerConfigKeys (ConfUtils.java:logGet(46)) - raft.server.write.follower.gap.ratio.max = -1.0 (default)
2022-10-16 13:16:03,833 [c13247a4-8e58-4a93-a398-acd85f127862@group-305D96B529BC-LeaderElection27] INFO  impl.RoleInfo (RoleInfo.java:updateAndGet(139)) - c13247a4-8e58-4a93-a398-acd85f127862: start c13247a4-8e58-4a93-a398-acd85f127862@group-305D96B529BC-LeaderStateImpl
2022-10-16 13:16:03,833 [c13247a4-8e58-4a93-a398-acd85f127862@group-305D96B529BC-LeaderElection27] INFO  segmented.SegmentedRaftLogWorker (SegmentedRaftLogWorker.java:startLogSegment(425)) - c13247a4-8e58-4a93-a398-acd85f127862@group-305D96B529BC-SegmentedRaftLogWorker: Starting segment from index:0
2022-10-16 13:16:03,836 [c13247a4-8e58-4a93-a398-acd85f127862@group-305D96B529BC-LeaderElection27] INFO  server.RaftServer$Division (ServerState.java:setRaftConf(393)) - c13247a4-8e58-4a93-a398-acd85f127862@group-305D96B529BC: set configuration 0: [c13247a4-8e58-4a93-a398-acd85f127862|rpc:10.1.0.60:41199|dataStream:|priority:1], old=null
2022-10-16 13:16:03,837 [c13247a4-8e58-4a93-a398-acd85f127862@group-305D96B529BC-SegmentedRaftLogWorker] INFO  segmented.SegmentedRaftLogWorker (SegmentedRaftLogWorker.java:execute(629)) - c13247a4-8e58-4a93-a398-acd85f127862@group-305D96B529BC-SegmentedRaftLogWorker: created new log segment /home/runner/work/ozone/ozone/hadoop-ozone/integration-test/target/test-dir/MiniOzoneClusterImpl-8ac818d4-2e27-4bb1-a0ba-6e8ee7a049a2/datanode-0/data/ratis/c739a4e5-f93f-4327-81ff-305d96b529bc/current/log_inprogress_0
2022-10-16 13:16:03,924 [da0f6498-aa9b-4e55-90ad-9a1857b2ba5a@group-DBA6D1CDA772-FollowerState] INFO  impl.FollowerState (FollowerState.java:run(143)) - da0f6498-aa9b-4e55-90ad-9a1857b2ba5a@group-DBA6D1CDA772-FollowerState: change to CANDIDATE, lastRpcElapsedTime:5076570593ns, electionTimeout:5076ms
2022-10-16 13:16:03,924 [da0f6498-aa9b-4e55-90ad-9a1857b2ba5a@group-DBA6D1CDA772-FollowerState] INFO  impl.RoleInfo (RoleInfo.java:shutdownFollowerState(110)) - da0f6498-aa9b-4e55-90ad-9a1857b2ba5a: shutdown da0f6498-aa9b-4e55-90ad-9a1857b2ba5a@group-DBA6D1CDA772-FollowerState
2022-10-16 13:16:03,924 [da0f6498-aa9b-4e55-90ad-9a1857b2ba5a@group-DBA6D1CDA772-FollowerState] INFO  server.RaftServer$Division (RaftServerImpl.java:setRole(299)) - da0f6498-aa9b-4e55-90ad-9a1857b2ba5a@group-DBA6D1CDA772: changes role from  FOLLOWER to CANDIDATE at term 0 for changeToCandidate
2022-10-16 13:16:03,924 [da0f6498-aa9b-4e55-90ad-9a1857b2ba5a@group-DBA6D1CDA772-FollowerState] INFO  server.RaftServerConfigKeys (ConfUtils.java:logGet(46)) - raft.server.leaderelection.pre-vote = false (custom)
2022-10-16 13:16:03,924 [da0f6498-aa9b-4e55-90ad-9a1857b2ba5a@group-DBA6D1CDA772-FollowerState] INFO  impl.RoleInfo (RoleInfo.java:updateAndGet(139)) - da0f6498-aa9b-4e55-90ad-9a1857b2ba5a: start da0f6498-aa9b-4e55-90ad-9a1857b2ba5a@group-DBA6D1CDA772-LeaderElection28
2022-10-16 13:16:03,929 [da0f6498-aa9b-4e55-90ad-9a1857b2ba5a@group-DBA6D1CDA772-LeaderElection28] INFO  impl.LeaderElection (LeaderElection.java:askForVotes(310)) - da0f6498-aa9b-4e55-90ad-9a1857b2ba5a@group-DBA6D1CDA772-LeaderElection28 ELECTION round 0: submit vote requests at term 1 for -1: [b8b2a255-a0eb-4cad-abf7-f6bde47128f5|rpc:10.1.0.60:36501|dataStream:|priority:0, da0f6498-aa9b-4e55-90ad-9a1857b2ba5a|rpc:10.1.0.60:33475|dataStream:|priority:1, c13247a4-8e58-4a93-a398-acd85f127862|rpc:10.1.0.60:41199|dataStream:|priority:0], old=null
2022-10-16 13:16:03,941 [grpc-default-executor-1] INFO  server.RaftServer$Division (RaftServerImpl.java:requestVote(1152)) - b8b2a255-a0eb-4cad-abf7-f6bde47128f5@group-DBA6D1CDA772: receive requestVote(ELECTION, da0f6498-aa9b-4e55-90ad-9a1857b2ba5a, group-DBA6D1CDA772, 1, (t:0, i:0))
2022-10-16 13:16:03,941 [grpc-default-executor-0] INFO  server.RaftServer$Division (RaftServerImpl.java:requestVote(1152)) - c13247a4-8e58-4a93-a398-acd85f127862@group-DBA6D1CDA772: receive requestVote(ELECTION, da0f6498-aa9b-4e55-90ad-9a1857b2ba5a, group-DBA6D1CDA772, 1, (t:0, i:0))
2022-10-16 13:16:03,941 [grpc-default-executor-1] INFO  impl.VoteContext (VoteContext.java:log(48)) - b8b2a255-a0eb-4cad-abf7-f6bde47128f5@group-DBA6D1CDA772-FOLLOWER: accept ELECTION from da0f6498-aa9b-4e55-90ad-9a1857b2ba5a: our priority 0 <= candidate's priority 1
2022-10-16 13:16:03,942 [grpc-default-executor-0] INFO  impl.VoteContext (VoteContext.java:log(48)) - c13247a4-8e58-4a93-a398-acd85f127862@group-DBA6D1CDA772-FOLLOWER: accept ELECTION from da0f6498-aa9b-4e55-90ad-9a1857b2ba5a: our priority 0 <= candidate's priority 1
2022-10-16 13:16:03,942 [grpc-default-executor-1] INFO  server.RaftServer$Division (RaftServerImpl.java:setRole(299)) - b8b2a255-a0eb-4cad-abf7-f6bde47128f5@group-DBA6D1CDA772: changes role from  FOLLOWER to FOLLOWER at term 1 for candidate:da0f6498-aa9b-4e55-90ad-9a1857b2ba5a
2022-10-16 13:16:03,942 [grpc-default-executor-1] INFO  impl.RoleInfo (RoleInfo.java:shutdownFollowerState(110)) - b8b2a255-a0eb-4cad-abf7-f6bde47128f5: shutdown b8b2a255-a0eb-4cad-abf7-f6bde47128f5@group-DBA6D1CDA772-FollowerState
2022-10-16 13:16:03,942 [grpc-default-executor-0] INFO  server.RaftServer$Division (RaftServerImpl.java:setRole(299)) - c13247a4-8e58-4a93-a398-acd85f127862@group-DBA6D1CDA772: changes role from  FOLLOWER to FOLLOWER at term 1 for candidate:da0f6498-aa9b-4e55-90ad-9a1857b2ba5a
2022-10-16 13:16:03,942 [grpc-default-executor-0] INFO  impl.RoleInfo (RoleInfo.java:shutdownFollowerState(110)) - c13247a4-8e58-4a93-a398-acd85f127862: shutdown c13247a4-8e58-4a93-a398-acd85f127862@group-DBA6D1CDA772-FollowerState
2022-10-16 13:16:03,942 [grpc-default-executor-1] INFO  impl.RoleInfo (RoleInfo.java:updateAndGet(139)) - b8b2a255-a0eb-4cad-abf7-f6bde47128f5: start b8b2a255-a0eb-4cad-abf7-f6bde47128f5@group-DBA6D1CDA772-FollowerState
2022-10-16 13:16:03,942 [grpc-default-executor-0] INFO  impl.RoleInfo (RoleInfo.java:updateAndGet(139)) - c13247a4-8e58-4a93-a398-acd85f127862: start c13247a4-8e58-4a93-a398-acd85f127862@group-DBA6D1CDA772-FollowerState
2022-10-16 13:16:03,942 [b8b2a255-a0eb-4cad-abf7-f6bde47128f5@group-DBA6D1CDA772-FollowerState] INFO  impl.FollowerState (FollowerState.java:run(152)) - b8b2a255-a0eb-4cad-abf7-f6bde47128f5@group-DBA6D1CDA772-FollowerState was interrupted
2022-10-16 13:16:03,942 [c13247a4-8e58-4a93-a398-acd85f127862@group-DBA6D1CDA772-FollowerState] INFO  impl.FollowerState (FollowerState.java:run(152)) - c13247a4-8e58-4a93-a398-acd85f127862@group-DBA6D1CDA772-FollowerState was interrupted
2022-10-16 13:16:03,945 [grpc-default-executor-1] INFO  server.RaftServer$Division (RaftServerImpl.java:requestVote(1184)) - b8b2a255-a0eb-4cad-abf7-f6bde47128f5@group-DBA6D1CDA772 replies to ELECTION vote request: da0f6498-aa9b-4e55-90ad-9a1857b2ba5a<-b8b2a255-a0eb-4cad-abf7-f6bde47128f5#0:OK-t1. Peer's state: b8b2a255-a0eb-4cad-abf7-f6bde47128f5@group-DBA6D1CDA772:t1, leader=null, voted=da0f6498-aa9b-4e55-90ad-9a1857b2ba5a, raftlog=b8b2a255-a0eb-4cad-abf7-f6bde47128f5@group-DBA6D1CDA772-SegmentedRaftLog:OPENED:c-1, conf=-1: [b8b2a255-a0eb-4cad-abf7-f6bde47128f5|rpc:10.1.0.60:36501|dataStream:|priority:0, da0f6498-aa9b-4e55-90ad-9a1857b2ba5a|rpc:10.1.0.60:33475|dataStream:|priority:1, c13247a4-8e58-4a93-a398-acd85f127862|rpc:10.1.0.60:41199|dataStream:|priority:0], old=null
2022-10-16 13:16:03,945 [grpc-default-executor-0] INFO  server.RaftServer$Division (RaftServerImpl.java:requestVote(1184)) - c13247a4-8e58-4a93-a398-acd85f127862@group-DBA6D1CDA772 replies to ELECTION vote request: da0f6498-aa9b-4e55-90ad-9a1857b2ba5a<-c13247a4-8e58-4a93-a398-acd85f127862#0:OK-t1. Peer's state: c13247a4-8e58-4a93-a398-acd85f127862@group-DBA6D1CDA772:t1, leader=null, voted=da0f6498-aa9b-4e55-90ad-9a1857b2ba5a, raftlog=c13247a4-8e58-4a93-a398-acd85f127862@group-DBA6D1CDA772-SegmentedRaftLog:OPENED:c-1, conf=-1: [b8b2a255-a0eb-4cad-abf7-f6bde47128f5|rpc:10.1.0.60:36501|priority:0, da0f6498-aa9b-4e55-90ad-9a1857b2ba5a|rpc:10.1.0.60:33475|priority:1, c13247a4-8e58-4a93-a398-acd85f127862|rpc:10.1.0.60:41199|priority:0], old=null
2022-10-16 13:16:03,946 [da0f6498-aa9b-4e55-90ad-9a1857b2ba5a@group-DBA6D1CDA772-LeaderElection28] INFO  impl.LeaderElection (LeaderElection.java:logAndReturn(90)) - da0f6498-aa9b-4e55-90ad-9a1857b2ba5a@group-DBA6D1CDA772-LeaderElection28: ELECTION PASSED received 1 response(s) and 0 exception(s):
2022-10-16 13:16:03,946 [da0f6498-aa9b-4e55-90ad-9a1857b2ba5a@group-DBA6D1CDA772-LeaderElection28] INFO  impl.LeaderElection (LeaderElection.java:logAndReturn(94)) -   Response 0: da0f6498-aa9b-4e55-90ad-9a1857b2ba5a<-b8b2a255-a0eb-4cad-abf7-f6bde47128f5#0:OK-t1
2022-10-16 13:16:03,946 [da0f6498-aa9b-4e55-90ad-9a1857b2ba5a@group-DBA6D1CDA772-LeaderElection28] INFO  impl.LeaderElection (LeaderElection.java:askForVotes(312)) - da0f6498-aa9b-4e55-90ad-9a1857b2ba5a@group-DBA6D1CDA772-LeaderElection28 ELECTION round 0: result PASSED
2022-10-16 13:16:03,946 [da0f6498-aa9b-4e55-90ad-9a1857b2ba5a@group-DBA6D1CDA772-LeaderElection28] INFO  impl.RoleInfo (RoleInfo.java:shutdownLeaderElection(130)) - da0f6498-aa9b-4e55-90ad-9a1857b2ba5a: shutdown da0f6498-aa9b-4e55-90ad-9a1857b2ba5a@group-DBA6D1CDA772-LeaderElection28
2022-10-16 13:16:03,946 [da0f6498-aa9b-4e55-90ad-9a1857b2ba5a@group-DBA6D1CDA772-LeaderElection28] INFO  server.RaftServer$Division (RaftServerImpl.java:setRole(299)) - da0f6498-aa9b-4e55-90ad-9a1857b2ba5a@group-DBA6D1CDA772: changes role from CANDIDATE to LEADER at term 1 for changeToLeader
2022-10-16 13:16:03,946 [da0f6498-aa9b-4e55-90ad-9a1857b2ba5a@group-DBA6D1CDA772-LeaderElection28] INFO  ratis.XceiverServerRatis (XceiverServerRatis.java:handleLeaderChangedNotification(863)) - Leader change notification received for group: group-DBA6D1CDA772 with new leaderId: da0f6498-aa9b-4e55-90ad-9a1857b2ba5a
2022-10-16 13:16:03,946 [da0f6498-aa9b-4e55-90ad-9a1857b2ba5a@group-DBA6D1CDA772-LeaderElection28] INFO  server.RaftServer$Division (ServerState.java:setLeader(287)) - da0f6498-aa9b-4e55-90ad-9a1857b2ba5a@group-DBA6D1CDA772: change Leader from null to da0f6498-aa9b-4e55-90ad-9a1857b2ba5a at term 1 for becomeLeader, leader elected after 5104ms
2022-10-16 13:16:03,946 [da0f6498-aa9b-4e55-90ad-9a1857b2ba5a@group-DBA6D1CDA772-LeaderElection28] INFO  server.RaftServerConfigKeys (ConfUtils.java:logGet(46)) - raft.server.staging.catchup.gap = 1000 (default)
2022-10-16 13:16:03,946 [da0f6498-aa9b-4e55-90ad-9a1857b2ba5a@group-DBA6D1CDA772-LeaderElection28] INFO  server.RaftServerConfigKeys (ConfUtils.java:logGet(46)) - raft.server.write.element-limit = 1024 (custom)
2022-10-16 13:16:03,946 [da0f6498-aa9b-4e55-90ad-9a1857b2ba5a@group-DBA6D1CDA772-LeaderElection28] INFO  server.RaftServerConfigKeys (ConfUtils.java:logGet(46)) - raft.server.write.byte-limit = 1024 M (=1073741824) (custom)
2022-10-16 13:16:03,947 [da0f6498-aa9b-4e55-90ad-9a1857b2ba5a@group-DBA6D1CDA772-LeaderElection28] INFO  server.RaftServerConfigKeys (ConfUtils.java:logGet(46)) - raft.server.watch.timeout = 180s (custom)
2022-10-16 13:16:03,947 [da0f6498-aa9b-4e55-90ad-9a1857b2ba5a@group-DBA6D1CDA772-LeaderElection28] INFO  server.RaftServerConfigKeys (ConfUtils.java:logGet(46)) - raft.server.watch.timeout.denomination = 1s (default)
2022-10-16 13:16:03,947 [da0f6498-aa9b-4e55-90ad-9a1857b2ba5a@group-DBA6D1CDA772-LeaderElection28] INFO  server.RaftServerConfigKeys (ConfUtils.java:logGet(46)) - raft.server.watch.element-limit = 65536 (default)
2022-10-16 13:16:03,947 [da0f6498-aa9b-4e55-90ad-9a1857b2ba5a@group-DBA6D1CDA772-LeaderElection28] INFO  server.RaftServerConfigKeys (ConfUtils.java:logGet(46)) - raft.server.write.element-limit = 1024 (custom)
2022-10-16 13:16:03,947 [da0f6498-aa9b-4e55-90ad-9a1857b2ba5a@group-DBA6D1CDA772-LeaderElection28] INFO  server.RaftServerConfigKeys (ConfUtils.java:logGet(46)) - raft.server.write.follower.gap.ratio.max = -1.0 (default)
2022-10-16 13:16:03,948 [da0f6498-aa9b-4e55-90ad-9a1857b2ba5a@group-DBA6D1CDA772-LeaderElection28] INFO  server.RaftServerConfigKeys (ConfUtils.java:logGet(46)) - raft.server.log.appender.snapshot.chunk.size.max = 16MB (=16777216) (default)
2022-10-16 13:16:03,948 [da0f6498-aa9b-4e55-90ad-9a1857b2ba5a@group-DBA6D1CDA772-LeaderElection28] INFO  server.RaftServerConfigKeys (ConfUtils.java:logGet(46)) - raft.server.log.appender.buffer.byte-limit = 33554432 (custom)
2022-10-16 13:16:03,948 [da0f6498-aa9b-4e55-90ad-9a1857b2ba5a@group-DBA6D1CDA772-LeaderElection28] INFO  server.RaftServerConfigKeys (ConfUtils.java:logGet(46)) - raft.server.log.appender.buffer.element-limit = 1 (custom)
2022-10-16 13:16:03,948 [da0f6498-aa9b-4e55-90ad-9a1857b2ba5a@group-DBA6D1CDA772-LeaderElection28] INFO  grpc.GrpcConfigKeys (ConfUtils.java:logGet(46)) - raft.grpc.server.leader.outstanding.appends.max = 128 (default)
2022-10-16 13:16:03,948 [da0f6498-aa9b-4e55-90ad-9a1857b2ba5a@group-DBA6D1CDA772-LeaderElection28] INFO  server.RaftServerConfigKeys (ConfUtils.java:logGet(46)) - raft.server.rpc.request.timeout = 60s (custom)
2022-10-16 13:16:03,948 [da0f6498-aa9b-4e55-90ad-9a1857b2ba5a@group-DBA6D1CDA772-LeaderElection28] INFO  server.RaftServerConfigKeys (ConfUtils.java:logGet(46)) - raft.server.log.appender.install.snapshot.enabled = false (custom)
2022-10-16 13:16:03,949 [da0f6498-aa9b-4e55-90ad-9a1857b2ba5a@group-DBA6D1CDA772-LeaderElection28] INFO  server.RaftServerConfigKeys (ConfUtils.java:logGet(46)) - raft.server.log.appender.snapshot.chunk.size.max = 16MB (=16777216) (default)
2022-10-16 13:16:03,949 [da0f6498-aa9b-4e55-90ad-9a1857b2ba5a@group-DBA6D1CDA772-LeaderElection28] INFO  server.RaftServerConfigKeys (ConfUtils.java:logGet(46)) - raft.server.log.appender.buffer.byte-limit = 33554432 (custom)
2022-10-16 13:16:03,949 [da0f6498-aa9b-4e55-90ad-9a1857b2ba5a@group-DBA6D1CDA772-LeaderElection28] INFO  server.RaftServerConfigKeys (ConfUtils.java:logGet(46)) - raft.server.log.appender.buffer.element-limit = 1 (custom)
2022-10-16 13:16:03,949 [da0f6498-aa9b-4e55-90ad-9a1857b2ba5a@group-DBA6D1CDA772-LeaderElection28] INFO  grpc.GrpcConfigKeys (ConfUtils.java:logGet(46)) - raft.grpc.server.leader.outstanding.appends.max = 128 (default)
2022-10-16 13:16:03,949 [da0f6498-aa9b-4e55-90ad-9a1857b2ba5a@group-DBA6D1CDA772-LeaderElection28] INFO  server.RaftServerConfigKeys (ConfUtils.java:logGet(46)) - raft.server.rpc.request.timeout = 60s (custom)
2022-10-16 13:16:03,949 [da0f6498-aa9b-4e55-90ad-9a1857b2ba5a@group-DBA6D1CDA772-LeaderElection28] INFO  server.RaftServerConfigKeys (ConfUtils.java:logGet(46)) - raft.server.log.appender.install.snapshot.enabled = false (custom)
2022-10-16 13:16:03,950 [da0f6498-aa9b-4e55-90ad-9a1857b2ba5a@group-DBA6D1CDA772-LeaderElection28] INFO  impl.RoleInfo (RoleInfo.java:updateAndGet(139)) - da0f6498-aa9b-4e55-90ad-9a1857b2ba5a: start da0f6498-aa9b-4e55-90ad-9a1857b2ba5a@group-DBA6D1CDA772-LeaderStateImpl
2022-10-16 13:16:03,950 [da0f6498-aa9b-4e55-90ad-9a1857b2ba5a@group-DBA6D1CDA772-LeaderElection28] INFO  segmented.SegmentedRaftLogWorker (SegmentedRaftLogWorker.java:startLogSegment(425)) - da0f6498-aa9b-4e55-90ad-9a1857b2ba5a@group-DBA6D1CDA772-SegmentedRaftLogWorker: Starting segment from index:0
2022-10-16 13:16:03,951 [EventQueue-PipelineReportForPipelineReportHandler] INFO  pipeline.PipelineManagerImpl (PipelineManagerImpl.java:openPipeline(367)) - Pipeline Pipeline[ Id: 321977d6-50ac-47de-8248-dba6d1cda772, Nodes: c13247a4-8e58-4a93-a398-acd85f127862{ip: 10.1.0.60, host: fv-az308-250.etcbaq1qs54eplwmrjlabigyle.cx.internal.cloudapp.net, ports: [REPLICATION=38839, RATIS=41199, RATIS_ADMIN=41199, RATIS_SERVER=41199, STANDALONE=42871], networkLocation: /default-rack, certSerialId: null, persistedOpState: IN_SERVICE, persistedOpStateExpiryEpochSec: 0}da0f6498-aa9b-4e55-90ad-9a1857b2ba5a{ip: 10.1.0.60, host: fv-az308-250.etcbaq1qs54eplwmrjlabigyle.cx.internal.cloudapp.net, ports: [REPLICATION=41811, RATIS=33475, RATIS_ADMIN=33475, RATIS_SERVER=33475, STANDALONE=41297], networkLocation: /default-rack, certSerialId: null, persistedOpState: IN_SERVICE, persistedOpStateExpiryEpochSec: 0}b8b2a255-a0eb-4cad-abf7-f6bde47128f5{ip: 10.1.0.60, host: fv-az308-250.etcbaq1qs54eplwmrjlabigyle.cx.internal.cloudapp.net, ports: [REPLICATION=34549, RATIS=36501, RATIS_ADMIN=36501, RATIS_SERVER=36501, STANDALONE=39119], networkLocation: /default-rack, certSerialId: null, persistedOpState: IN_SERVICE, persistedOpStateExpiryEpochSec: 0}, ReplicationConfig: RATIS/THREE, State:ALLOCATED, leaderId:da0f6498-aa9b-4e55-90ad-9a1857b2ba5a, CreationTimestamp2022-10-16T13:15:56.407Z[Etc/UTC]] moved to OPEN state
2022-10-16 13:16:03,952 [EventQueue-OpenPipelineForHealthyPipelineSafeModeRule] INFO  safemode.SCMSafeModeManager (HealthyPipelineSafeModeRule.java:process(137)) - SCM in safe mode. Healthy pipelines reported count is 1, required healthy pipeline reported count is 1
2022-10-16 13:16:03,952 [EventQueue-OpenPipelineForHealthyPipelineSafeModeRule] INFO  safemode.SCMSafeModeManager (SCMSafeModeManager.java:validateSafeModeExitRules(204)) - HealthyPipelineSafeModeRule rule is successfully validated
2022-10-16 13:16:03,952 [EventQueue-OpenPipelineForHealthyPipelineSafeModeRule] INFO  safemode.SCMSafeModeManager (SCMSafeModeManager.java:validateSafeModeExitRules(219)) - ScmSafeModeManager, all rules are successfully validated
2022-10-16 13:16:03,952 [EventQueue-OpenPipelineForHealthyPipelineSafeModeRule] INFO  safemode.SCMSafeModeManager (SCMSafeModeManager.java:exitSafeMode(248)) - SCM exiting safe mode.
2022-10-16 13:16:03,952 [EventQueue-OpenPipelineForHealthyPipelineSafeModeRule] WARN  events.EventQueue (EventQueue.java:fireEvent(216)) - No event handler registered for event TypedEvent{payloadType=SafeModeStatus, name='Safe mode status'}
2022-10-16 13:16:03,952 [EventQueue-OpenPipelineForHealthyPipelineSafeModeRule] INFO  ha.SCMContext (SCMContext.java:updateSafeModeStatus(228)) - Update SafeModeStatus from SafeModeStatus{safeModeStatus=true, preCheckPassed=true} to SafeModeStatus{safeModeStatus=false, preCheckPassed=true}.
2022-10-16 13:16:03,952 [EventQueue-OpenPipelineForHealthyPipelineSafeModeRule] INFO  pipeline.BackgroundPipelineCreator (BackgroundPipelineCreator.java:notifyStatusChanged(254)) - Service BackgroundPipelineCreator transitions to RUNNING.
2022-10-16 13:16:03,952 [EventQueue-OpenPipelineForHealthyPipelineSafeModeRule] INFO  BackgroundPipelineScrubber (BackgroundSCMService.java:notifyStatusChanged(82)) - Service BackgroundPipelineScrubber transitions to RUNNING.
2022-10-16 13:16:03,952 [EventQueue-OpenPipelineForHealthyPipelineSafeModeRule] INFO  ExpiredContainerReplicaOpScrubber (BackgroundSCMService.java:notifyStatusChanged(82)) - Service ExpiredContainerReplicaOpScrubber transitions to RUNNING.
2022-10-16 13:16:03,952 [EventQueue-OpenPipelineForHealthyPipelineSafeModeRule] INFO  replication.ReplicationManager (ReplicationManager.java:notifyStatusChanged(728)) - Service ReplicationManager transitions to RUNNING.
2022-10-16 13:16:03,953 [EventQueue-OpenPipelineForHealthyPipelineSafeModeRule] WARN  balancer.ContainerBalancer (ContainerBalancer.java:shouldRun(936)) - Could not find persisted configuration for ContainerBalancer when checking if ContainerBalancer should run. ContainerBalancer should not run now.
2022-10-16 13:16:03,953 [da0f6498-aa9b-4e55-90ad-9a1857b2ba5a@group-DBA6D1CDA772-SegmentedRaftLogWorker] INFO  segmented.SegmentedRaftLogWorker (SegmentedRaftLogWorker.java:execute(629)) - da0f6498-aa9b-4e55-90ad-9a1857b2ba5a@group-DBA6D1CDA772-SegmentedRaftLogWorker: created new log segment /home/runner/work/ozone/ozone/hadoop-ozone/integration-test/target/test-dir/MiniOzoneClusterImpl-8ac818d4-2e27-4bb1-a0ba-6e8ee7a049a2/datanode-2/data/ratis/321977d6-50ac-47de-8248-dba6d1cda772/current/log_inprogress_0
2022-10-16 13:16:03,962 [da0f6498-aa9b-4e55-90ad-9a1857b2ba5a@group-DBA6D1CDA772-LeaderElection28] INFO  server.RaftServer$Division (ServerState.java:setRaftConf(393)) - da0f6498-aa9b-4e55-90ad-9a1857b2ba5a@group-DBA6D1CDA772: set configuration 0: [b8b2a255-a0eb-4cad-abf7-f6bde47128f5|rpc:10.1.0.60:36501|dataStream:|priority:0, da0f6498-aa9b-4e55-90ad-9a1857b2ba5a|rpc:10.1.0.60:33475|dataStream:|priority:1, c13247a4-8e58-4a93-a398-acd85f127862|rpc:10.1.0.60:41199|dataStream:|priority:0], old=null
2022-10-16 13:16:03,968 [b8b2a255-a0eb-4cad-abf7-f6bde47128f5-server-thread1] INFO  ratis.XceiverServerRatis (XceiverServerRatis.java:handleLeaderChangedNotification(863)) - Leader change notification received for group: group-DBA6D1CDA772 with new leaderId: da0f6498-aa9b-4e55-90ad-9a1857b2ba5a
2022-10-16 13:16:03,968 [b8b2a255-a0eb-4cad-abf7-f6bde47128f5-server-thread1] INFO  server.RaftServer$Division (ServerState.java:setLeader(287)) - b8b2a255-a0eb-4cad-abf7-f6bde47128f5@group-DBA6D1CDA772: change Leader from null to da0f6498-aa9b-4e55-90ad-9a1857b2ba5a at term 1 for appendEntries, leader elected after 5098ms
2022-10-16 13:16:03,969 [Listener at 127.0.0.1/38707] INFO  ozone.MiniOzoneClusterImpl (MiniOzoneClusterImpl.java:lambda$waitForClusterToBeReady$0(216)) - Nodes are ready. Got 5 of 5 DN Heartbeats.
2022-10-16 13:16:03,970 [Listener at 127.0.0.1/38707] INFO  ozone.MiniOzoneClusterImpl (MiniOzoneClusterImpl.java:lambda$waitForClusterToBeReady$0(219)) - Cluster exits safe mode
2022-10-16 13:16:03,970 [Listener at 127.0.0.1/38707] INFO  ozone.MiniOzoneClusterImpl (MiniOzoneClusterImpl.java:lambda$waitForClusterToBeReady$0(221)) - SCM became leader
2022-10-16 13:16:04,001 [c13247a4-8e58-4a93-a398-acd85f127862-server-thread1] INFO  ratis.XceiverServerRatis (XceiverServerRatis.java:handleLeaderChangedNotification(863)) - Leader change notification received for group: group-DBA6D1CDA772 with new leaderId: da0f6498-aa9b-4e55-90ad-9a1857b2ba5a
2022-10-16 13:16:04,001 [c13247a4-8e58-4a93-a398-acd85f127862-server-thread1] INFO  server.RaftServer$Division (ServerState.java:setLeader(287)) - c13247a4-8e58-4a93-a398-acd85f127862@group-DBA6D1CDA772: change Leader from null to da0f6498-aa9b-4e55-90ad-9a1857b2ba5a at term 1 for appendEntries, leader elected after 5187ms
2022-10-16 13:16:04,001 [b8b2a255-a0eb-4cad-abf7-f6bde47128f5-server-thread1] INFO  server.RaftServer$Division (ServerState.java:setRaftConf(393)) - b8b2a255-a0eb-4cad-abf7-f6bde47128f5@group-DBA6D1CDA772: set configuration 0: [b8b2a255-a0eb-4cad-abf7-f6bde47128f5|rpc:10.1.0.60:36501|dataStream:|priority:0, da0f6498-aa9b-4e55-90ad-9a1857b2ba5a|rpc:10.1.0.60:33475|dataStream:|priority:1, c13247a4-8e58-4a93-a398-acd85f127862|rpc:10.1.0.60:41199|dataStream:|priority:0], old=null
2022-10-16 13:16:04,002 [b8b2a255-a0eb-4cad-abf7-f6bde47128f5-server-thread1] INFO  segmented.SegmentedRaftLogWorker (SegmentedRaftLogWorker.java:startLogSegment(425)) - b8b2a255-a0eb-4cad-abf7-f6bde47128f5@group-DBA6D1CDA772-SegmentedRaftLogWorker: Starting segment from index:0
2022-10-16 13:16:04,013 [b8b2a255-a0eb-4cad-abf7-f6bde47128f5@group-DBA6D1CDA772-SegmentedRaftLogWorker] INFO  segmented.SegmentedRaftLogWorker (SegmentedRaftLogWorker.java:execute(629)) - b8b2a255-a0eb-4cad-abf7-f6bde47128f5@group-DBA6D1CDA772-SegmentedRaftLogWorker: created new log segment /home/runner/work/ozone/ozone/hadoop-ozone/integration-test/target/test-dir/MiniOzoneClusterImpl-8ac818d4-2e27-4bb1-a0ba-6e8ee7a049a2/datanode-1/data/ratis/321977d6-50ac-47de-8248-dba6d1cda772/current/log_inprogress_0
2022-10-16 13:16:04,013 [Listener at 127.0.0.1/38707] INFO  rpc.RpcClient (RpcClient.java:createVolume(471)) - Creating Volume: 0a94b2fc-9ab9-4e86-986a-30777370ac62, with runner as owner and space quota set to -1 bytes, counts quota set to -1
2022-10-16 13:16:04,020 [c13247a4-8e58-4a93-a398-acd85f127862-server-thread1] INFO  server.RaftServer$Division (ServerState.java:setRaftConf(393)) - c13247a4-8e58-4a93-a398-acd85f127862@group-DBA6D1CDA772: set configuration 0: [b8b2a255-a0eb-4cad-abf7-f6bde47128f5|rpc:10.1.0.60:36501|dataStream:|priority:0, da0f6498-aa9b-4e55-90ad-9a1857b2ba5a|rpc:10.1.0.60:33475|dataStream:|priority:1, c13247a4-8e58-4a93-a398-acd85f127862|rpc:10.1.0.60:41199|dataStream:|priority:0], old=null
2022-10-16 13:16:04,020 [c13247a4-8e58-4a93-a398-acd85f127862-server-thread1] INFO  segmented.SegmentedRaftLogWorker (SegmentedRaftLogWorker.java:startLogSegment(425)) - c13247a4-8e58-4a93-a398-acd85f127862@group-DBA6D1CDA772-SegmentedRaftLogWorker: Starting segment from index:0
2022-10-16 13:16:04,025 [c13247a4-8e58-4a93-a398-acd85f127862@group-DBA6D1CDA772-SegmentedRaftLogWorker] INFO  segmented.SegmentedRaftLogWorker (SegmentedRaftLogWorker.java:execute(629)) - c13247a4-8e58-4a93-a398-acd85f127862@group-DBA6D1CDA772-SegmentedRaftLogWorker: created new log segment /home/runner/work/ozone/ozone/hadoop-ozone/integration-test/target/test-dir/MiniOzoneClusterImpl-8ac818d4-2e27-4bb1-a0ba-6e8ee7a049a2/datanode-0/data/ratis/321977d6-50ac-47de-8248-dba6d1cda772/current/log_inprogress_0
2022-10-16 13:16:04,049 [OM StateMachine ApplyTransaction Thread - 0] INFO  volume.OMVolumeCreateRequest (OMVolumeCreateRequest.java:validateAndUpdateCache(195)) - created volume:0a94b2fc-9ab9-4e86-986a-30777370ac62 for user:runner
2022-10-16 13:16:04,062 [Listener at 127.0.0.1/38707] INFO  rpc.RpcClient (RpcClient.java:createBucket(674)) - Creating Bucket: 0a94b2fc-9ab9-4e86-986a-30777370ac62/0cbca4b1-424c-4934-82aa-e0fdf34e5567, with server-side default bucket layout, runner as owner, Versioning false, Storage Type set to DISK and Encryption set to false 
2022-10-16 13:16:04,064 [OM StateMachine ApplyTransaction Thread - 0] INFO  bucket.OMBucketCreateRequest (OMBucketCreateRequest.java:validateAndUpdateCache(260)) - created bucket: 0cbca4b1-424c-4934-82aa-e0fdf34e5567 of layout LEGACY in volume: 0a94b2fc-9ab9-4e86-986a-30777370ac62
2022-10-16 13:16:04,080 [IPC Server handler 15 on default port 39249] INFO  ha.SequenceIdGenerator (SequenceIdGenerator.java:getNextId(128)) - Allocate a batch for containerId, change lastId from 0 to 1000.
2022-10-16 13:16:04,081 [IPC Server handler 15 on default port 39249] WARN  ha.SequenceIdGenerator (SequenceIdGenerator.java:allocateBatch(237)) - Failed to allocate a batch for localId, expected lastId is 0, actual lastId is 109611004723200000.
2022-10-16 13:16:04,081 [IPC Server handler 15 on default port 39249] INFO  ha.SequenceIdGenerator (SequenceIdGenerator.java:getNextId(128)) - Allocate a batch for localId, change lastId from 109611004723200000 to 109611004723201000.
2022-10-16 13:16:04,108 [ReplicationMonitor] INFO  replication.ReplicationManager (ReplicationManager.java:processAll(324)) - Replication Monitor Thread took 0 milliseconds for processing 7 containers.
2022-10-16 13:16:04,178 [b8b2a255-a0eb-4cad-abf7-f6bde47128f5@group-0EC035AB3E7E-FollowerState] INFO  impl.FollowerState (FollowerState.java:run(143)) - b8b2a255-a0eb-4cad-abf7-f6bde47128f5@group-0EC035AB3E7E-FollowerState: change to CANDIDATE, lastRpcElapsedTime:5080312117ns, electionTimeout:5078ms
2022-10-16 13:16:04,178 [b8b2a255-a0eb-4cad-abf7-f6bde47128f5@group-0EC035AB3E7E-FollowerState] INFO  impl.RoleInfo (RoleInfo.java:shutdownFollowerState(110)) - b8b2a255-a0eb-4cad-abf7-f6bde47128f5: shutdown b8b2a255-a0eb-4cad-abf7-f6bde47128f5@group-0EC035AB3E7E-FollowerState
2022-10-16 13:16:04,178 [b8b2a255-a0eb-4cad-abf7-f6bde47128f5@group-0EC035AB3E7E-FollowerState] INFO  server.RaftServer$Division (RaftServerImpl.java:setRole(299)) - b8b2a255-a0eb-4cad-abf7-f6bde47128f5@group-0EC035AB3E7E: changes role from  FOLLOWER to CANDIDATE at term 0 for changeToCandidate
2022-10-16 13:16:04,183 [b8b2a255-a0eb-4cad-abf7-f6bde47128f5@group-0EC035AB3E7E-FollowerState] INFO  server.RaftServerConfigKeys (ConfUtils.java:logGet(46)) - raft.server.leaderelection.pre-vote = false (custom)
2022-10-16 13:16:04,183 [b8b2a255-a0eb-4cad-abf7-f6bde47128f5@group-0EC035AB3E7E-FollowerState] INFO  impl.RoleInfo (RoleInfo.java:updateAndGet(139)) - b8b2a255-a0eb-4cad-abf7-f6bde47128f5: start b8b2a255-a0eb-4cad-abf7-f6bde47128f5@group-0EC035AB3E7E-LeaderElection29
2022-10-16 13:16:04,193 [b8b2a255-a0eb-4cad-abf7-f6bde47128f5@group-0EC035AB3E7E-LeaderElection29] INFO  impl.LeaderElection (LeaderElection.java:askForVotes(310)) - b8b2a255-a0eb-4cad-abf7-f6bde47128f5@group-0EC035AB3E7E-LeaderElection29 ELECTION round 0: submit vote requests at term 1 for -1: [b8b2a255-a0eb-4cad-abf7-f6bde47128f5|rpc:10.1.0.60:36501|priority:1], old=null
2022-10-16 13:16:04,193 [b8b2a255-a0eb-4cad-abf7-f6bde47128f5@group-0EC035AB3E7E-LeaderElection29] INFO  impl.LeaderElection (LeaderElection.java:askForVotes(312)) - b8b2a255-a0eb-4cad-abf7-f6bde47128f5@group-0EC035AB3E7E-LeaderElection29 ELECTION round 0: result PASSED (term=1)
2022-10-16 13:16:04,193 [b8b2a255-a0eb-4cad-abf7-f6bde47128f5@group-0EC035AB3E7E-LeaderElection29] INFO  impl.RoleInfo (RoleInfo.java:shutdownLeaderElection(130)) - b8b2a255-a0eb-4cad-abf7-f6bde47128f5: shutdown b8b2a255-a0eb-4cad-abf7-f6bde47128f5@group-0EC035AB3E7E-LeaderElection29
2022-10-16 13:16:04,193 [b8b2a255-a0eb-4cad-abf7-f6bde47128f5@group-0EC035AB3E7E-LeaderElection29] INFO  server.RaftServer$Division (RaftServerImpl.java:setRole(299)) - b8b2a255-a0eb-4cad-abf7-f6bde47128f5@group-0EC035AB3E7E: changes role from CANDIDATE to LEADER at term 1 for changeToLeader
2022-10-16 13:16:04,193 [b8b2a255-a0eb-4cad-abf7-f6bde47128f5@group-0EC035AB3E7E-LeaderElection29] INFO  ratis.XceiverServerRatis (XceiverServerRatis.java:handleLeaderChangedNotification(863)) - Leader change notification received for group: group-0EC035AB3E7E with new leaderId: b8b2a255-a0eb-4cad-abf7-f6bde47128f5
2022-10-16 13:16:04,193 [b8b2a255-a0eb-4cad-abf7-f6bde47128f5@group-0EC035AB3E7E-LeaderElection29] INFO  server.RaftServer$Division (ServerState.java:setLeader(287)) - b8b2a255-a0eb-4cad-abf7-f6bde47128f5@group-0EC035AB3E7E: change Leader from null to b8b2a255-a0eb-4cad-abf7-f6bde47128f5 at term 1 for becomeLeader, leader elected after 5102ms
2022-10-16 13:16:04,193 [b8b2a255-a0eb-4cad-abf7-f6bde47128f5@group-0EC035AB3E7E-LeaderElection29] INFO  server.RaftServerConfigKeys (ConfUtils.java:logGet(46)) - raft.server.staging.catchup.gap = 1000 (default)
2022-10-16 13:16:04,193 [b8b2a255-a0eb-4cad-abf7-f6bde47128f5@group-0EC035AB3E7E-LeaderElection29] INFO  server.RaftServerConfigKeys (ConfUtils.java:logGet(46)) - raft.server.write.element-limit = 1024 (custom)
2022-10-16 13:16:04,193 [b8b2a255-a0eb-4cad-abf7-f6bde47128f5@group-0EC035AB3E7E-LeaderElection29] INFO  server.RaftServerConfigKeys (ConfUtils.java:logGet(46)) - raft.server.write.byte-limit = 1024 M (=1073741824) (custom)
2022-10-16 13:16:04,195 [b8b2a255-a0eb-4cad-abf7-f6bde47128f5@group-0EC035AB3E7E-LeaderElection29] INFO  server.RaftServerConfigKeys (ConfUtils.java:logGet(46)) - raft.server.watch.timeout = 180s (custom)
2022-10-16 13:16:04,195 [b8b2a255-a0eb-4cad-abf7-f6bde47128f5@group-0EC035AB3E7E-LeaderElection29] INFO  server.RaftServerConfigKeys (ConfUtils.java:logGet(46)) - raft.server.watch.timeout.denomination = 1s (default)
2022-10-16 13:16:04,195 [b8b2a255-a0eb-4cad-abf7-f6bde47128f5@group-0EC035AB3E7E-LeaderElection29] INFO  server.RaftServerConfigKeys (ConfUtils.java:logGet(46)) - raft.server.watch.element-limit = 65536 (default)
2022-10-16 13:16:04,195 [b8b2a255-a0eb-4cad-abf7-f6bde47128f5@group-0EC035AB3E7E-LeaderElection29] INFO  server.RaftServerConfigKeys (ConfUtils.java:logGet(46)) - raft.server.write.element-limit = 1024 (custom)
2022-10-16 13:16:04,195 [b8b2a255-a0eb-4cad-abf7-f6bde47128f5@group-0EC035AB3E7E-LeaderElection29] INFO  server.RaftServerConfigKeys (ConfUtils.java:logGet(46)) - raft.server.write.follower.gap.ratio.max = -1.0 (default)
2022-10-16 13:16:04,195 [b8b2a255-a0eb-4cad-abf7-f6bde47128f5@group-0EC035AB3E7E-LeaderElection29] INFO  impl.RoleInfo (RoleInfo.java:updateAndGet(139)) - b8b2a255-a0eb-4cad-abf7-f6bde47128f5: start b8b2a255-a0eb-4cad-abf7-f6bde47128f5@group-0EC035AB3E7E-LeaderStateImpl
2022-10-16 13:16:04,196 [b8b2a255-a0eb-4cad-abf7-f6bde47128f5@group-0EC035AB3E7E-LeaderElection29] INFO  segmented.SegmentedRaftLogWorker (SegmentedRaftLogWorker.java:startLogSegment(425)) - b8b2a255-a0eb-4cad-abf7-f6bde47128f5@group-0EC035AB3E7E-SegmentedRaftLogWorker: Starting segment from index:0
2022-10-16 13:16:04,197 [b8b2a255-a0eb-4cad-abf7-f6bde47128f5@group-0EC035AB3E7E-SegmentedRaftLogWorker] INFO  segmented.SegmentedRaftLogWorker (SegmentedRaftLogWorker.java:execute(629)) - b8b2a255-a0eb-4cad-abf7-f6bde47128f5@group-0EC035AB3E7E-SegmentedRaftLogWorker: created new log segment /home/runner/work/ozone/ozone/hadoop-ozone/integration-test/target/test-dir/MiniOzoneClusterImpl-8ac818d4-2e27-4bb1-a0ba-6e8ee7a049a2/datanode-1/data/ratis/58026da3-cfdb-4aac-ac70-0ec035ab3e7e/current/log_inprogress_0
2022-10-16 13:16:04,211 [b8b2a255-a0eb-4cad-abf7-f6bde47128f5@group-0EC035AB3E7E-LeaderElection29] INFO  server.RaftServer$Division (ServerState.java:setRaftConf(393)) - b8b2a255-a0eb-4cad-abf7-f6bde47128f5@group-0EC035AB3E7E: set configuration 0: [b8b2a255-a0eb-4cad-abf7-f6bde47128f5|rpc:10.1.0.60:36501|dataStream:|priority:1], old=null
2022-10-16 13:16:04,581 [da0f6498-aa9b-4e55-90ad-9a1857b2ba5a@group-BCB117069F46-FollowerState] INFO  impl.FollowerState (FollowerState.java:run(143)) - da0f6498-aa9b-4e55-90ad-9a1857b2ba5a@group-BCB117069F46-FollowerState: change to CANDIDATE, lastRpcElapsedTime:5165202168ns, electionTimeout:5164ms
2022-10-16 13:16:04,582 [da0f6498-aa9b-4e55-90ad-9a1857b2ba5a@group-BCB117069F46-FollowerState] INFO  impl.RoleInfo (RoleInfo.java:shutdownFollowerState(110)) - da0f6498-aa9b-4e55-90ad-9a1857b2ba5a: shutdown da0f6498-aa9b-4e55-90ad-9a1857b2ba5a@group-BCB117069F46-FollowerState
2022-10-16 13:16:04,582 [da0f6498-aa9b-4e55-90ad-9a1857b2ba5a@group-BCB117069F46-FollowerState] INFO  server.RaftServer$Division (RaftServerImpl.java:setRole(299)) - da0f6498-aa9b-4e55-90ad-9a1857b2ba5a@group-BCB117069F46: changes role from  FOLLOWER to CANDIDATE at term 0 for changeToCandidate
2022-10-16 13:16:04,582 [da0f6498-aa9b-4e55-90ad-9a1857b2ba5a@group-BCB117069F46-FollowerState] INFO  server.RaftServerConfigKeys (ConfUtils.java:logGet(46)) - raft.server.leaderelection.pre-vote = false (custom)
2022-10-16 13:16:04,582 [da0f6498-aa9b-4e55-90ad-9a1857b2ba5a@group-BCB117069F46-FollowerState] INFO  impl.RoleInfo (RoleInfo.java:updateAndGet(139)) - da0f6498-aa9b-4e55-90ad-9a1857b2ba5a: start da0f6498-aa9b-4e55-90ad-9a1857b2ba5a@group-BCB117069F46-LeaderElection30
2022-10-16 13:16:04,602 [da0f6498-aa9b-4e55-90ad-9a1857b2ba5a@group-BCB117069F46-LeaderElection30] INFO  impl.LeaderElection (LeaderElection.java:askForVotes(310)) - da0f6498-aa9b-4e55-90ad-9a1857b2ba5a@group-BCB117069F46-LeaderElection30 ELECTION round 0: submit vote requests at term 1 for -1: [da0f6498-aa9b-4e55-90ad-9a1857b2ba5a|rpc:10.1.0.60:33475|priority:1], old=null
2022-10-16 13:16:04,602 [da0f6498-aa9b-4e55-90ad-9a1857b2ba5a@group-BCB117069F46-LeaderElection30] INFO  impl.LeaderElection (LeaderElection.java:askForVotes(312)) - da0f6498-aa9b-4e55-90ad-9a1857b2ba5a@group-BCB117069F46-LeaderElection30 ELECTION round 0: result PASSED (term=1)
2022-10-16 13:16:04,602 [da0f6498-aa9b-4e55-90ad-9a1857b2ba5a@group-BCB117069F46-LeaderElection30] INFO  impl.RoleInfo (RoleInfo.java:shutdownLeaderElection(130)) - da0f6498-aa9b-4e55-90ad-9a1857b2ba5a: shutdown da0f6498-aa9b-4e55-90ad-9a1857b2ba5a@group-BCB117069F46-LeaderElection30
2022-10-16 13:16:04,603 [da0f6498-aa9b-4e55-90ad-9a1857b2ba5a@group-BCB117069F46-LeaderElection30] INFO  server.RaftServer$Division (RaftServerImpl.java:setRole(299)) - da0f6498-aa9b-4e55-90ad-9a1857b2ba5a@group-BCB117069F46: changes role from CANDIDATE to LEADER at term 1 for changeToLeader
2022-10-16 13:16:04,603 [da0f6498-aa9b-4e55-90ad-9a1857b2ba5a@group-BCB117069F46-LeaderElection30] INFO  ratis.XceiverServerRatis (XceiverServerRatis.java:handleLeaderChangedNotification(863)) - Leader change notification received for group: group-BCB117069F46 with new leaderId: da0f6498-aa9b-4e55-90ad-9a1857b2ba5a
2022-10-16 13:16:04,603 [da0f6498-aa9b-4e55-90ad-9a1857b2ba5a@group-BCB117069F46-LeaderElection30] INFO  server.RaftServer$Division (ServerState.java:setLeader(287)) - da0f6498-aa9b-4e55-90ad-9a1857b2ba5a@group-BCB117069F46: change Leader from null to da0f6498-aa9b-4e55-90ad-9a1857b2ba5a at term 1 for becomeLeader, leader elected after 5191ms
2022-10-16 13:16:04,603 [da0f6498-aa9b-4e55-90ad-9a1857b2ba5a@group-BCB117069F46-LeaderElection30] INFO  server.RaftServerConfigKeys (ConfUtils.java:logGet(46)) - raft.server.staging.catchup.gap = 1000 (default)
2022-10-16 13:16:04,603 [da0f6498-aa9b-4e55-90ad-9a1857b2ba5a@group-BCB117069F46-LeaderElection30] INFO  server.RaftServerConfigKeys (ConfUtils.java:logGet(46)) - raft.server.write.element-limit = 1024 (custom)
2022-10-16 13:16:04,603 [da0f6498-aa9b-4e55-90ad-9a1857b2ba5a@group-BCB117069F46-LeaderElection30] INFO  server.RaftServerConfigKeys (ConfUtils.java:logGet(46)) - raft.server.write.byte-limit = 1024 M (=1073741824) (custom)
2022-10-16 13:16:04,603 [da0f6498-aa9b-4e55-90ad-9a1857b2ba5a@group-BCB117069F46-LeaderElection30] INFO  server.RaftServerConfigKeys (ConfUtils.java:logGet(46)) - raft.server.watch.timeout = 180s (custom)
2022-10-16 13:16:04,603 [da0f6498-aa9b-4e55-90ad-9a1857b2ba5a@group-BCB117069F46-LeaderElection30] INFO  server.RaftServerConfigKeys (ConfUtils.java:logGet(46)) - raft.server.watch.timeout.denomination = 1s (default)
2022-10-16 13:16:04,603 [da0f6498-aa9b-4e55-90ad-9a1857b2ba5a@group-BCB117069F46-LeaderElection30] INFO  server.RaftServerConfigKeys (ConfUtils.java:logGet(46)) - raft.server.watch.element-limit = 65536 (default)
2022-10-16 13:16:04,603 [da0f6498-aa9b-4e55-90ad-9a1857b2ba5a@group-BCB117069F46-LeaderElection30] INFO  server.RaftServerConfigKeys (ConfUtils.java:logGet(46)) - raft.server.write.element-limit = 1024 (custom)
2022-10-16 13:16:04,604 [da0f6498-aa9b-4e55-90ad-9a1857b2ba5a@group-BCB117069F46-LeaderElection30] INFO  server.RaftServerConfigKeys (ConfUtils.java:logGet(46)) - raft.server.write.follower.gap.ratio.max = -1.0 (default)
2022-10-16 13:16:04,604 [da0f6498-aa9b-4e55-90ad-9a1857b2ba5a@group-BCB117069F46-LeaderElection30] INFO  impl.RoleInfo (RoleInfo.java:updateAndGet(139)) - da0f6498-aa9b-4e55-90ad-9a1857b2ba5a: start da0f6498-aa9b-4e55-90ad-9a1857b2ba5a@group-BCB117069F46-LeaderStateImpl
2022-10-16 13:16:04,604 [da0f6498-aa9b-4e55-90ad-9a1857b2ba5a@group-BCB117069F46-LeaderElection30] INFO  segmented.SegmentedRaftLogWorker (SegmentedRaftLogWorker.java:startLogSegment(425)) - da0f6498-aa9b-4e55-90ad-9a1857b2ba5a@group-BCB117069F46-SegmentedRaftLogWorker: Starting segment from index:0
2022-10-16 13:16:04,605 [da0f6498-aa9b-4e55-90ad-9a1857b2ba5a@group-BCB117069F46-SegmentedRaftLogWorker] INFO  segmented.SegmentedRaftLogWorker (SegmentedRaftLogWorker.java:execute(629)) - da0f6498-aa9b-4e55-90ad-9a1857b2ba5a@group-BCB117069F46-SegmentedRaftLogWorker: created new log segment /home/runner/work/ozone/ozone/hadoop-ozone/integration-test/target/test-dir/MiniOzoneClusterImpl-8ac818d4-2e27-4bb1-a0ba-6e8ee7a049a2/datanode-2/data/ratis/76cc6a30-bb2e-4c16-b469-bcb117069f46/current/log_inprogress_0
2022-10-16 13:16:04,611 [da0f6498-aa9b-4e55-90ad-9a1857b2ba5a@group-BCB117069F46-LeaderElection30] INFO  server.RaftServer$Division (ServerState.java:setRaftConf(393)) - da0f6498-aa9b-4e55-90ad-9a1857b2ba5a@group-BCB117069F46: set configuration 0: [da0f6498-aa9b-4e55-90ad-9a1857b2ba5a|rpc:10.1.0.60:33475|dataStream:|priority:1], old=null
2022-10-16 13:16:04,770 [ReplicationMonitor] INFO  replication.ReplicationManager (ReplicationManager.java:processAll(291)) - Replication Manager is not ready to run until 3000ms after safemode exit
2022-10-16 13:16:04,861 [dbe7118b-6463-4c1b-8250-64d2251ba697@group-84E5E5F6A3AE-FollowerState] INFO  impl.FollowerState (FollowerState.java:run(143)) - dbe7118b-6463-4c1b-8250-64d2251ba697@group-84E5E5F6A3AE-FollowerState: change to CANDIDATE, lastRpcElapsedTime:5152135883ns, electionTimeout:5151ms
2022-10-16 13:16:04,861 [dbe7118b-6463-4c1b-8250-64d2251ba697@group-84E5E5F6A3AE-FollowerState] INFO  impl.RoleInfo (RoleInfo.java:shutdownFollowerState(110)) - dbe7118b-6463-4c1b-8250-64d2251ba697: shutdown dbe7118b-6463-4c1b-8250-64d2251ba697@group-84E5E5F6A3AE-FollowerState
2022-10-16 13:16:04,861 [dbe7118b-6463-4c1b-8250-64d2251ba697@group-84E5E5F6A3AE-FollowerState] INFO  server.RaftServer$Division (RaftServerImpl.java:setRole(299)) - dbe7118b-6463-4c1b-8250-64d2251ba697@group-84E5E5F6A3AE: changes role from  FOLLOWER to CANDIDATE at term 0 for changeToCandidate
2022-10-16 13:16:04,861 [dbe7118b-6463-4c1b-8250-64d2251ba697@group-84E5E5F6A3AE-FollowerState] INFO  server.RaftServerConfigKeys (ConfUtils.java:logGet(46)) - raft.server.leaderelection.pre-vote = false (custom)
2022-10-16 13:16:04,861 [dbe7118b-6463-4c1b-8250-64d2251ba697@group-84E5E5F6A3AE-FollowerState] INFO  impl.RoleInfo (RoleInfo.java:updateAndGet(139)) - dbe7118b-6463-4c1b-8250-64d2251ba697: start dbe7118b-6463-4c1b-8250-64d2251ba697@group-84E5E5F6A3AE-LeaderElection31
2022-10-16 13:16:04,867 [dbe7118b-6463-4c1b-8250-64d2251ba697@group-84E5E5F6A3AE-LeaderElection31] INFO  impl.LeaderElection (LeaderElection.java:askForVotes(310)) - dbe7118b-6463-4c1b-8250-64d2251ba697@group-84E5E5F6A3AE-LeaderElection31 ELECTION round 0: submit vote requests at term 1 for -1: [dbe7118b-6463-4c1b-8250-64d2251ba697|rpc:10.1.0.60:43799|priority:1], old=null
2022-10-16 13:16:04,867 [dbe7118b-6463-4c1b-8250-64d2251ba697@group-84E5E5F6A3AE-LeaderElection31] INFO  impl.LeaderElection (LeaderElection.java:askForVotes(312)) - dbe7118b-6463-4c1b-8250-64d2251ba697@group-84E5E5F6A3AE-LeaderElection31 ELECTION round 0: result PASSED (term=1)
2022-10-16 13:16:04,867 [dbe7118b-6463-4c1b-8250-64d2251ba697@group-84E5E5F6A3AE-LeaderElection31] INFO  impl.RoleInfo (RoleInfo.java:shutdownLeaderElection(130)) - dbe7118b-6463-4c1b-8250-64d2251ba697: shutdown dbe7118b-6463-4c1b-8250-64d2251ba697@group-84E5E5F6A3AE-LeaderElection31
2022-10-16 13:16:04,867 [dbe7118b-6463-4c1b-8250-64d2251ba697@group-84E5E5F6A3AE-LeaderElection31] INFO  server.RaftServer$Division (RaftServerImpl.java:setRole(299)) - dbe7118b-6463-4c1b-8250-64d2251ba697@group-84E5E5F6A3AE: changes role from CANDIDATE to LEADER at term 1 for changeToLeader
2022-10-16 13:16:04,867 [dbe7118b-6463-4c1b-8250-64d2251ba697@group-84E5E5F6A3AE-LeaderElection31] INFO  ratis.XceiverServerRatis (XceiverServerRatis.java:handleLeaderChangedNotification(863)) - Leader change notification received for group: group-84E5E5F6A3AE with new leaderId: dbe7118b-6463-4c1b-8250-64d2251ba697
2022-10-16 13:16:04,867 [dbe7118b-6463-4c1b-8250-64d2251ba697@group-84E5E5F6A3AE-LeaderElection31] INFO  server.RaftServer$Division (ServerState.java:setLeader(287)) - dbe7118b-6463-4c1b-8250-64d2251ba697@group-84E5E5F6A3AE: change Leader from null to dbe7118b-6463-4c1b-8250-64d2251ba697 at term 1 for becomeLeader, leader elected after 5163ms
2022-10-16 13:16:04,867 [dbe7118b-6463-4c1b-8250-64d2251ba697@group-84E5E5F6A3AE-LeaderElection31] INFO  server.RaftServerConfigKeys (ConfUtils.java:logGet(46)) - raft.server.staging.catchup.gap = 1000 (default)
2022-10-16 13:16:04,867 [dbe7118b-6463-4c1b-8250-64d2251ba697@group-84E5E5F6A3AE-LeaderElection31] INFO  server.RaftServerConfigKeys (ConfUtils.java:logGet(46)) - raft.server.write.element-limit = 1024 (custom)
2022-10-16 13:16:04,867 [dbe7118b-6463-4c1b-8250-64d2251ba697@group-84E5E5F6A3AE-LeaderElection31] INFO  server.RaftServerConfigKeys (ConfUtils.java:logGet(46)) - raft.server.write.byte-limit = 1024 M (=1073741824) (custom)
2022-10-16 13:16:04,868 [dbe7118b-6463-4c1b-8250-64d2251ba697@group-84E5E5F6A3AE-LeaderElection31] INFO  server.RaftServerConfigKeys (ConfUtils.java:logGet(46)) - raft.server.watch.timeout = 180s (custom)
2022-10-16 13:16:04,868 [dbe7118b-6463-4c1b-8250-64d2251ba697@group-84E5E5F6A3AE-LeaderElection31] INFO  server.RaftServerConfigKeys (ConfUtils.java:logGet(46)) - raft.server.watch.timeout.denomination = 1s (default)
2022-10-16 13:16:04,868 [dbe7118b-6463-4c1b-8250-64d2251ba697@group-84E5E5F6A3AE-LeaderElection31] INFO  server.RaftServerConfigKeys (ConfUtils.java:logGet(46)) - raft.server.watch.element-limit = 65536 (default)
2022-10-16 13:16:04,868 [dbe7118b-6463-4c1b-8250-64d2251ba697@group-84E5E5F6A3AE-LeaderElection31] INFO  server.RaftServerConfigKeys (ConfUtils.java:logGet(46)) - raft.server.write.element-limit = 1024 (custom)
2022-10-16 13:16:04,868 [dbe7118b-6463-4c1b-8250-64d2251ba697@group-84E5E5F6A3AE-LeaderElection31] INFO  server.RaftServerConfigKeys (ConfUtils.java:logGet(46)) - raft.server.write.follower.gap.ratio.max = -1.0 (default)
2022-10-16 13:16:04,868 [dbe7118b-6463-4c1b-8250-64d2251ba697@group-84E5E5F6A3AE-LeaderElection31] INFO  impl.RoleInfo (RoleInfo.java:updateAndGet(139)) - dbe7118b-6463-4c1b-8250-64d2251ba697: start dbe7118b-6463-4c1b-8250-64d2251ba697@group-84E5E5F6A3AE-LeaderStateImpl
2022-10-16 13:16:04,868 [dbe7118b-6463-4c1b-8250-64d2251ba697@group-84E5E5F6A3AE-LeaderElection31] INFO  segmented.SegmentedRaftLogWorker (SegmentedRaftLogWorker.java:startLogSegment(425)) - dbe7118b-6463-4c1b-8250-64d2251ba697@group-84E5E5F6A3AE-SegmentedRaftLogWorker: Starting segment from index:0
2022-10-16 13:16:04,874 [dbe7118b-6463-4c1b-8250-64d2251ba697@group-84E5E5F6A3AE-SegmentedRaftLogWorker] INFO  segmented.SegmentedRaftLogWorker (SegmentedRaftLogWorker.java:execute(629)) - dbe7118b-6463-4c1b-8250-64d2251ba697@group-84E5E5F6A3AE-SegmentedRaftLogWorker: created new log segment /home/runner/work/ozone/ozone/hadoop-ozone/integration-test/target/test-dir/MiniOzoneClusterImpl-8ac818d4-2e27-4bb1-a0ba-6e8ee7a049a2/datanode-3/data/ratis/17f861ef-beab-4aaa-921a-84e5e5f6a3ae/current/log_inprogress_0
2022-10-16 13:16:04,878 [dbe7118b-6463-4c1b-8250-64d2251ba697@group-84E5E5F6A3AE-LeaderElection31] INFO  server.RaftServer$Division (ServerState.java:setRaftConf(393)) - dbe7118b-6463-4c1b-8250-64d2251ba697@group-84E5E5F6A3AE: set configuration 0: [dbe7118b-6463-4c1b-8250-64d2251ba697|rpc:10.1.0.60:43799|dataStream:|priority:1], old=null
2022-10-16 13:16:05,070 [d22513a5-5bbc-4be9-9acc-f8c8ca7a35e4@group-2FF5621E237E-FollowerState] INFO  impl.FollowerState (FollowerState.java:run(143)) - d22513a5-5bbc-4be9-9acc-f8c8ca7a35e4@group-2FF5621E237E-FollowerState: change to CANDIDATE, lastRpcElapsedTime:5087834066ns, electionTimeout:5087ms
2022-10-16 13:16:05,070 [d22513a5-5bbc-4be9-9acc-f8c8ca7a35e4@group-2FF5621E237E-FollowerState] INFO  impl.RoleInfo (RoleInfo.java:shutdownFollowerState(110)) - d22513a5-5bbc-4be9-9acc-f8c8ca7a35e4: shutdown d22513a5-5bbc-4be9-9acc-f8c8ca7a35e4@group-2FF5621E237E-FollowerState
2022-10-16 13:16:05,070 [d22513a5-5bbc-4be9-9acc-f8c8ca7a35e4@group-2FF5621E237E-FollowerState] INFO  server.RaftServer$Division (RaftServerImpl.java:setRole(299)) - d22513a5-5bbc-4be9-9acc-f8c8ca7a35e4@group-2FF5621E237E: changes role from  FOLLOWER to CANDIDATE at term 0 for changeToCandidate
2022-10-16 13:16:05,070 [d22513a5-5bbc-4be9-9acc-f8c8ca7a35e4@group-2FF5621E237E-FollowerState] INFO  server.RaftServerConfigKeys (ConfUtils.java:logGet(46)) - raft.server.leaderelection.pre-vote = false (custom)
2022-10-16 13:16:05,070 [d22513a5-5bbc-4be9-9acc-f8c8ca7a35e4@group-2FF5621E237E-FollowerState] INFO  impl.RoleInfo (RoleInfo.java:updateAndGet(139)) - d22513a5-5bbc-4be9-9acc-f8c8ca7a35e4: start d22513a5-5bbc-4be9-9acc-f8c8ca7a35e4@group-2FF5621E237E-LeaderElection32
2022-10-16 13:16:05,093 [d22513a5-5bbc-4be9-9acc-f8c8ca7a35e4@group-2FF5621E237E-LeaderElection32] INFO  impl.LeaderElection (LeaderElection.java:askForVotes(310)) - d22513a5-5bbc-4be9-9acc-f8c8ca7a35e4@group-2FF5621E237E-LeaderElection32 ELECTION round 0: submit vote requests at term 1 for -1: [d22513a5-5bbc-4be9-9acc-f8c8ca7a35e4|rpc:10.1.0.60:36935|priority:1], old=null
2022-10-16 13:16:05,093 [d22513a5-5bbc-4be9-9acc-f8c8ca7a35e4@group-2FF5621E237E-LeaderElection32] INFO  impl.LeaderElection (LeaderElection.java:askForVotes(312)) - d22513a5-5bbc-4be9-9acc-f8c8ca7a35e4@group-2FF5621E237E-LeaderElection32 ELECTION round 0: result PASSED (term=1)
2022-10-16 13:16:05,093 [d22513a5-5bbc-4be9-9acc-f8c8ca7a35e4@group-2FF5621E237E-LeaderElection32] INFO  impl.RoleInfo (RoleInfo.java:shutdownLeaderElection(130)) - d22513a5-5bbc-4be9-9acc-f8c8ca7a35e4: shutdown d22513a5-5bbc-4be9-9acc-f8c8ca7a35e4@group-2FF5621E237E-LeaderElection32
2022-10-16 13:16:05,093 [d22513a5-5bbc-4be9-9acc-f8c8ca7a35e4@group-2FF5621E237E-LeaderElection32] INFO  server.RaftServer$Division (RaftServerImpl.java:setRole(299)) - d22513a5-5bbc-4be9-9acc-f8c8ca7a35e4@group-2FF5621E237E: changes role from CANDIDATE to LEADER at term 1 for changeToLeader
2022-10-16 13:16:05,093 [d22513a5-5bbc-4be9-9acc-f8c8ca7a35e4@group-2FF5621E237E-LeaderElection32] INFO  ratis.XceiverServerRatis (XceiverServerRatis.java:handleLeaderChangedNotification(863)) - Leader change notification received for group: group-2FF5621E237E with new leaderId: d22513a5-5bbc-4be9-9acc-f8c8ca7a35e4
2022-10-16 13:16:05,093 [d22513a5-5bbc-4be9-9acc-f8c8ca7a35e4@group-2FF5621E237E-LeaderElection32] INFO  server.RaftServer$Division (ServerState.java:setLeader(287)) - d22513a5-5bbc-4be9-9acc-f8c8ca7a35e4@group-2FF5621E237E: change Leader from null to d22513a5-5bbc-4be9-9acc-f8c8ca7a35e4 at term 1 for becomeLeader, leader elected after 5116ms
2022-10-16 13:16:05,093 [d22513a5-5bbc-4be9-9acc-f8c8ca7a35e4@group-2FF5621E237E-LeaderElection32] INFO  server.RaftServerConfigKeys (ConfUtils.java:logGet(46)) - raft.server.staging.catchup.gap = 1000 (default)
2022-10-16 13:16:05,093 [d22513a5-5bbc-4be9-9acc-f8c8ca7a35e4@group-2FF5621E237E-LeaderElection32] INFO  server.RaftServerConfigKeys (ConfUtils.java:logGet(46)) - raft.server.write.element-limit = 1024 (custom)
2022-10-16 13:16:05,094 [d22513a5-5bbc-4be9-9acc-f8c8ca7a35e4@group-2FF5621E237E-LeaderElection32] INFO  server.RaftServerConfigKeys (ConfUtils.java:logGet(46)) - raft.server.write.byte-limit = 1024 M (=1073741824) (custom)
2022-10-16 13:16:05,094 [d22513a5-5bbc-4be9-9acc-f8c8ca7a35e4@group-2FF5621E237E-LeaderElection32] INFO  server.RaftServerConfigKeys (ConfUtils.java:logGet(46)) - raft.server.watch.timeout = 180s (custom)
2022-10-16 13:16:05,094 [d22513a5-5bbc-4be9-9acc-f8c8ca7a35e4@group-2FF5621E237E-LeaderElection32] INFO  server.RaftServerConfigKeys (ConfUtils.java:logGet(46)) - raft.server.watch.timeout.denomination = 1s (default)
2022-10-16 13:16:05,094 [d22513a5-5bbc-4be9-9acc-f8c8ca7a35e4@group-2FF5621E237E-LeaderElection32] INFO  server.RaftServerConfigKeys (ConfUtils.java:logGet(46)) - raft.server.watch.element-limit = 65536 (default)
2022-10-16 13:16:05,094 [d22513a5-5bbc-4be9-9acc-f8c8ca7a35e4@group-2FF5621E237E-LeaderElection32] INFO  server.RaftServerConfigKeys (ConfUtils.java:logGet(46)) - raft.server.write.element-limit = 1024 (custom)
2022-10-16 13:16:05,094 [d22513a5-5bbc-4be9-9acc-f8c8ca7a35e4@group-2FF5621E237E-LeaderElection32] INFO  server.RaftServerConfigKeys (ConfUtils.java:logGet(46)) - raft.server.write.follower.gap.ratio.max = -1.0 (default)
2022-10-16 13:16:05,094 [d22513a5-5bbc-4be9-9acc-f8c8ca7a35e4@group-2FF5621E237E-LeaderElection32] INFO  impl.RoleInfo (RoleInfo.java:updateAndGet(139)) - d22513a5-5bbc-4be9-9acc-f8c8ca7a35e4: start d22513a5-5bbc-4be9-9acc-f8c8ca7a35e4@group-2FF5621E237E-LeaderStateImpl
2022-10-16 13:16:05,094 [d22513a5-5bbc-4be9-9acc-f8c8ca7a35e4@group-2FF5621E237E-LeaderElection32] INFO  segmented.SegmentedRaftLogWorker (SegmentedRaftLogWorker.java:startLogSegment(425)) - d22513a5-5bbc-4be9-9acc-f8c8ca7a35e4@group-2FF5621E237E-SegmentedRaftLogWorker: Starting segment from index:0
2022-10-16 13:16:05,104 [d22513a5-5bbc-4be9-9acc-f8c8ca7a35e4@group-2FF5621E237E-SegmentedRaftLogWorker] INFO  segmented.SegmentedRaftLogWorker (SegmentedRaftLogWorker.java:execute(629)) - d22513a5-5bbc-4be9-9acc-f8c8ca7a35e4@group-2FF5621E237E-SegmentedRaftLogWorker: created new log segment /home/runner/work/ozone/ozone/hadoop-ozone/integration-test/target/test-dir/MiniOzoneClusterImpl-8ac818d4-2e27-4bb1-a0ba-6e8ee7a049a2/datanode-4/data/ratis/156b64aa-9fbf-496a-9ff1-2ff5621e237e/current/log_inprogress_0
2022-10-16 13:16:05,104 [d22513a5-5bbc-4be9-9acc-f8c8ca7a35e4@group-2FF5621E237E-LeaderElection32] INFO  server.RaftServer$Division (ServerState.java:setRaftConf(393)) - d22513a5-5bbc-4be9-9acc-f8c8ca7a35e4@group-2FF5621E237E: set configuration 0: [d22513a5-5bbc-4be9-9acc-f8c8ca7a35e4|rpc:10.1.0.60:36935|dataStream:|priority:1], old=null
2022-10-16 13:16:05,108 [ReplicationMonitor] INFO  replication.ReplicationManager (ReplicationManager.java:processAll(324)) - Replication Monitor Thread took 0 milliseconds for processing 7 containers.
2022-10-16 13:16:05,770 [ReplicationMonitor] INFO  replication.ReplicationManager (ReplicationManager.java:processAll(291)) - Replication Manager is not ready to run until 3000ms after safemode exit
2022-10-16 13:16:06,109 [ReplicationMonitor] INFO  replication.ReplicationManager (ReplicationManager.java:processAll(324)) - Replication Monitor Thread took 0 milliseconds for processing 7 containers.
2022-10-16 13:16:06,770 [ReplicationMonitor] INFO  replication.ReplicationManager (ReplicationManager.java:processAll(291)) - Replication Manager is not ready to run until 3000ms after safemode exit
2022-10-16 13:16:07,109 [ReplicationMonitor] INFO  replication.ReplicationManager (ReplicationManager.java:processAll(324)) - Replication Monitor Thread took 1 milliseconds for processing 7 containers.
2022-10-16 13:16:07,771 [ReplicationMonitor] INFO  replication.ReplicationManager (ReplicationManager.java:processAll(324)) - Replication Monitor Thread took 0 milliseconds for processing 3 containers.
2022-10-16 13:16:08,110 [ReplicationMonitor] INFO  replication.ReplicationManager (ReplicationManager.java:processAll(324)) - Replication Monitor Thread took 0 milliseconds for processing 7 containers.
2022-10-16 13:16:08,771 [ReplicationMonitor] INFO  replication.ReplicationManager (ReplicationManager.java:processAll(324)) - Replication Monitor Thread took 0 milliseconds for processing 3 containers.
2022-10-16 13:16:09,110 [ReplicationMonitor] INFO  replication.ReplicationManager (ReplicationManager.java:processAll(324)) - Replication Monitor Thread took 0 milliseconds for processing 7 containers.
2022-10-16 13:16:09,771 [ReplicationMonitor] INFO  replication.ReplicationManager (ReplicationManager.java:processAll(324)) - Replication Monitor Thread took 0 milliseconds for processing 3 containers.
2022-10-16 13:16:10,119 [ReplicationMonitor] INFO  replication.ReplicationManager (ReplicationManager.java:processAll(324)) - Replication Monitor Thread took 9 milliseconds for processing 7 containers.
2022-10-16 13:16:10,772 [ReplicationMonitor] INFO  replication.ReplicationManager (ReplicationManager.java:processAll(324)) - Replication Monitor Thread took 1 milliseconds for processing 3 containers.
2022-10-16 13:16:11,120 [ReplicationMonitor] INFO  replication.ReplicationManager (ReplicationManager.java:processAll(324)) - Replication Monitor Thread took 1 milliseconds for processing 7 containers.
2022-10-16 13:16:11,772 [ReplicationMonitor] INFO  replication.ReplicationManager (ReplicationManager.java:processAll(324)) - Replication Monitor Thread took 0 milliseconds for processing 3 containers.
2022-10-16 13:16:11,902 [Under Replicated Processor] INFO  replication.UnderReplicatedProcessor (UnderReplicatedProcessor.java:processAll(92)) - Processed 0 under replicated containers, failed processing 0
2022-10-16 13:16:11,910 [Over Replicated Processor] INFO  replication.OverReplicatedProcessor (OverReplicatedProcessor.java:processAll(90)) - Processed 0 over replicated containers, failed processing 0
2022-10-16 13:16:12,120 [ReplicationMonitor] INFO  replication.ReplicationManager (ReplicationManager.java:processAll(324)) - Replication Monitor Thread took 0 milliseconds for processing 7 containers.
2022-10-16 13:16:12,773 [ReplicationMonitor] INFO  replication.ReplicationManager (ReplicationManager.java:processAll(324)) - Replication Monitor Thread took 0 milliseconds for processing 3 containers.
2022-10-16 13:16:13,121 [ReplicationMonitor] INFO  replication.ReplicationManager (ReplicationManager.java:processAll(324)) - Replication Monitor Thread took 1 milliseconds for processing 7 containers.
2022-10-16 13:16:13,773 [ReplicationMonitor] INFO  replication.ReplicationManager (ReplicationManager.java:processAll(324)) - Replication Monitor Thread took 0 milliseconds for processing 3 containers.
2022-10-16 13:16:14,121 [ReplicationMonitor] INFO  replication.ReplicationManager (ReplicationManager.java:processAll(324)) - Replication Monitor Thread took 0 milliseconds for processing 7 containers.
2022-10-16 13:16:14,773 [ReplicationMonitor] INFO  replication.ReplicationManager (ReplicationManager.java:processAll(324)) - Replication Monitor Thread took 0 milliseconds for processing 3 containers.
2022-10-16 13:16:15,122 [ReplicationMonitor] INFO  replication.ReplicationManager (ReplicationManager.java:processAll(324)) - Replication Monitor Thread took 1 milliseconds for processing 7 containers.
2022-10-16 13:16:15,774 [ReplicationMonitor] INFO  replication.ReplicationManager (ReplicationManager.java:processAll(324)) - Replication Monitor Thread took 1 milliseconds for processing 3 containers.
2022-10-16 13:16:16,122 [ReplicationMonitor] INFO  replication.ReplicationManager (ReplicationManager.java:processAll(324)) - Replication Monitor Thread took 0 milliseconds for processing 7 containers.
2022-10-16 13:16:16,774 [ReplicationMonitor] INFO  replication.ReplicationManager (ReplicationManager.java:processAll(324)) - Replication Monitor Thread took 0 milliseconds for processing 3 containers.
2022-10-16 13:16:17,123 [ReplicationMonitor] INFO  replication.ReplicationManager (ReplicationManager.java:processAll(324)) - Replication Monitor Thread took 1 milliseconds for processing 7 containers.
2022-10-16 13:16:17,775 [ReplicationMonitor] INFO  replication.ReplicationManager (ReplicationManager.java:processAll(324)) - Replication Monitor Thread took 0 milliseconds for processing 3 containers.
2022-10-16 13:16:18,123 [ReplicationMonitor] INFO  replication.ReplicationManager (ReplicationManager.java:processAll(324)) - Replication Monitor Thread took 0 milliseconds for processing 7 containers.
2022-10-16 13:16:18,775 [ReplicationMonitor] INFO  replication.ReplicationManager (ReplicationManager.java:processAll(324)) - Replication Monitor Thread took 0 milliseconds for processing 3 containers.
2022-10-16 13:16:19,124 [ReplicationMonitor] INFO  replication.ReplicationManager (ReplicationManager.java:processAll(324)) - Replication Monitor Thread took 1 milliseconds for processing 7 containers.
2022-10-16 13:16:19,776 [ReplicationMonitor] INFO  replication.ReplicationManager (ReplicationManager.java:processAll(324)) - Replication Monitor Thread took 0 milliseconds for processing 3 containers.
2022-10-16 13:16:20,124 [ReplicationMonitor] INFO  replication.ReplicationManager (ReplicationManager.java:processAll(324)) - Replication Monitor Thread took 0 milliseconds for processing 7 containers.
2022-10-16 13:16:20,764 [Under Replicated Processor] INFO  replication.UnderReplicatedProcessor (UnderReplicatedProcessor.java:processAll(92)) - Processed 0 under replicated containers, failed processing 0
2022-10-16 13:16:20,766 [Over Replicated Processor] INFO  replication.OverReplicatedProcessor (OverReplicatedProcessor.java:processAll(90)) - Processed 0 over replicated containers, failed processing 0
2022-10-16 13:16:20,776 [ReplicationMonitor] INFO  replication.ReplicationManager (ReplicationManager.java:processAll(324)) - Replication Monitor Thread took 0 milliseconds for processing 3 containers.
2022-10-16 13:16:21,125 [ReplicationMonitor] INFO  replication.ReplicationManager (ReplicationManager.java:processAll(324)) - Replication Monitor Thread took 1 milliseconds for processing 7 containers.
2022-10-16 13:16:21,776 [ReplicationMonitor] INFO  replication.ReplicationManager (ReplicationManager.java:processAll(324)) - Replication Monitor Thread took 0 milliseconds for processing 3 containers.
2022-10-16 13:16:22,125 [ReplicationMonitor] INFO  replication.ReplicationManager (ReplicationManager.java:processAll(324)) - Replication Monitor Thread took 0 milliseconds for processing 7 containers.
2022-10-16 13:16:22,777 [ReplicationMonitor] INFO  replication.ReplicationManager (ReplicationManager.java:processAll(324)) - Replication Monitor Thread took 1 milliseconds for processing 3 containers.
2022-10-16 13:16:23,126 [ReplicationMonitor] INFO  replication.ReplicationManager (ReplicationManager.java:processAll(324)) - Replication Monitor Thread took 1 milliseconds for processing 7 containers.
2022-10-16 13:16:23,777 [ReplicationMonitor] INFO  replication.ReplicationManager (ReplicationManager.java:processAll(324)) - Replication Monitor Thread took 0 milliseconds for processing 3 containers.
2022-10-16 13:16:24,126 [ReplicationMonitor] INFO  replication.ReplicationManager (ReplicationManager.java:processAll(324)) - Replication Monitor Thread took 0 milliseconds for processing 7 containers.
2022-10-16 13:16:24,778 [ReplicationMonitor] INFO  replication.ReplicationManager (ReplicationManager.java:processAll(324)) - Replication Monitor Thread took 0 milliseconds for processing 3 containers.
2022-10-16 13:16:25,127 [ReplicationMonitor] INFO  replication.ReplicationManager (ReplicationManager.java:processAll(324)) - Replication Monitor Thread took 0 milliseconds for processing 7 containers.
2022-10-16 13:16:25,778 [ReplicationMonitor] INFO  replication.ReplicationManager (ReplicationManager.java:processAll(324)) - Replication Monitor Thread took 0 milliseconds for processing 3 containers.
2022-10-16 13:16:26,127 [ReplicationMonitor] INFO  replication.ReplicationManager (ReplicationManager.java:processAll(324)) - Replication Monitor Thread took 0 milliseconds for processing 7 containers.
2022-10-16 13:16:26,778 [ReplicationMonitor] INFO  replication.ReplicationManager (ReplicationManager.java:processAll(324)) - Replication Monitor Thread took 0 milliseconds for processing 3 containers.
2022-10-16 13:16:27,128 [ReplicationMonitor] INFO  replication.ReplicationManager (ReplicationManager.java:processAll(324)) - Replication Monitor Thread took 0 milliseconds for processing 7 containers.
2022-10-16 13:16:27,779 [ReplicationMonitor] INFO  replication.ReplicationManager (ReplicationManager.java:processAll(324)) - Replication Monitor Thread took 0 milliseconds for processing 3 containers.
2022-10-16 13:16:28,128 [ReplicationMonitor] INFO  replication.ReplicationManager (ReplicationManager.java:processAll(324)) - Replication Monitor Thread took 0 milliseconds for processing 7 containers.
2022-10-16 13:16:28,779 [ReplicationMonitor] INFO  replication.ReplicationManager (ReplicationManager.java:processAll(324)) - Replication Monitor Thread took 0 milliseconds for processing 3 containers.
2022-10-16 13:16:29,128 [ReplicationMonitor] INFO  replication.ReplicationManager (ReplicationManager.java:processAll(324)) - Replication Monitor Thread took 0 milliseconds for processing 7 containers.
2022-10-16 13:16:29,779 [ReplicationMonitor] INFO  replication.ReplicationManager (ReplicationManager.java:processAll(324)) - Replication Monitor Thread took 0 milliseconds for processing 3 containers.
2022-10-16 13:16:30,129 [ReplicationMonitor] INFO  replication.ReplicationManager (ReplicationManager.java:processAll(324)) - Replication Monitor Thread took 1 milliseconds for processing 7 containers.
2022-10-16 13:16:30,521 [org.apache.ratis.util.JvmPauseMonitor$$Lambda$639/339294883@12206dc] WARN  util.JvmPauseMonitor (JvmPauseMonitor.java:detectPause(124)) - JvmPauseMonitor-c13247a4-8e58-4a93-a398-acd85f127862: Detected pause in JVM or host machine (eg GC): pause of approximately 165993282ns.
GC pool 'PS MarkSweep' had collection(s): count=1 time=206ms
GC pool 'PS Scavenge' had collection(s): count=1 time=10ms
2022-10-16 13:16:30,780 [ReplicationMonitor] INFO  replication.ReplicationManager (ReplicationManager.java:processAll(324)) - Replication Monitor Thread took 1 milliseconds for processing 3 containers.
2022-10-16 13:16:31,129 [ReplicationMonitor] INFO  replication.ReplicationManager (ReplicationManager.java:processAll(324)) - Replication Monitor Thread took 0 milliseconds for processing 7 containers.
2022-10-16 13:16:31,780 [ReplicationMonitor] INFO  replication.ReplicationManager (ReplicationManager.java:processAll(324)) - Replication Monitor Thread took 0 milliseconds for processing 3 containers.
2022-10-16 13:16:32,027 [IPC Server handler 14 on default port 39249] INFO  pipeline.PipelineStateManagerImpl (PipelineStateManagerImpl.java:addPipeline(103)) - Created pipeline Pipeline[ Id: d4a7b49f-34b0-4a47-979a-4b4034cac1ce, Nodes: d22513a5-5bbc-4be9-9acc-f8c8ca7a35e4{ip: 10.1.0.60, host: fv-az308-250.etcbaq1qs54eplwmrjlabigyle.cx.internal.cloudapp.net, ports: [REPLICATION=34995, RATIS=36935, RATIS_ADMIN=36935, RATIS_SERVER=36935, STANDALONE=45309], networkLocation: /default-rack, certSerialId: null, persistedOpState: null, persistedOpStateExpiryEpochSec: 0}b8b2a255-a0eb-4cad-abf7-f6bde47128f5{ip: 10.1.0.60, host: fv-az308-250.etcbaq1qs54eplwmrjlabigyle.cx.internal.cloudapp.net, ports: [REPLICATION=34549, RATIS=36501, RATIS_ADMIN=36501, RATIS_SERVER=36501, STANDALONE=39119], networkLocation: /default-rack, certSerialId: null, persistedOpState: null, persistedOpStateExpiryEpochSec: 0}da0f6498-aa9b-4e55-90ad-9a1857b2ba5a{ip: 10.1.0.60, host: fv-az308-250.etcbaq1qs54eplwmrjlabigyle.cx.internal.cloudapp.net, ports: [REPLICATION=41811, RATIS=33475, RATIS_ADMIN=33475, RATIS_SERVER=33475, STANDALONE=41297], networkLocation: /default-rack, certSerialId: null, persistedOpState: null, persistedOpStateExpiryEpochSec: 0}c13247a4-8e58-4a93-a398-acd85f127862{ip: 10.1.0.60, host: fv-az308-250.etcbaq1qs54eplwmrjlabigyle.cx.internal.cloudapp.net, ports: [REPLICATION=38839, RATIS=41199, RATIS_ADMIN=41199, RATIS_SERVER=41199, STANDALONE=42871], networkLocation: /default-rack, certSerialId: null, persistedOpState: null, persistedOpStateExpiryEpochSec: 0}dbe7118b-6463-4c1b-8250-64d2251ba697{ip: 10.1.0.60, host: fv-az308-250.etcbaq1qs54eplwmrjlabigyle.cx.internal.cloudapp.net, ports: [REPLICATION=38955, RATIS=43799, RATIS_ADMIN=43799, RATIS_SERVER=43799, STANDALONE=39749], networkLocation: /default-rack, certSerialId: null, persistedOpState: null, persistedOpStateExpiryEpochSec: 0}, ReplicationConfig: EC/ECReplicationConfig{data=3, parity=2, ecChunkSize=1048576, codec=rs}, State:ALLOCATED, leaderId:, CreationTimestamp2022-10-16T13:16:32.025Z[Etc/UTC]].
2022-10-16 13:16:32,027 [IPC Server handler 14 on default port 39249] INFO  pipeline.PipelineManagerImpl (PipelineManagerImpl.java:openPipeline(367)) - Pipeline Pipeline[ Id: d4a7b49f-34b0-4a47-979a-4b4034cac1ce, Nodes: d22513a5-5bbc-4be9-9acc-f8c8ca7a35e4{ip: 10.1.0.60, host: fv-az308-250.etcbaq1qs54eplwmrjlabigyle.cx.internal.cloudapp.net, ports: [REPLICATION=34995, RATIS=36935, RATIS_ADMIN=36935, RATIS_SERVER=36935, STANDALONE=45309], networkLocation: /default-rack, certSerialId: null, persistedOpState: null, persistedOpStateExpiryEpochSec: 0}b8b2a255-a0eb-4cad-abf7-f6bde47128f5{ip: 10.1.0.60, host: fv-az308-250.etcbaq1qs54eplwmrjlabigyle.cx.internal.cloudapp.net, ports: [REPLICATION=34549, RATIS=36501, RATIS_ADMIN=36501, RATIS_SERVER=36501, STANDALONE=39119], networkLocation: /default-rack, certSerialId: null, persistedOpState: null, persistedOpStateExpiryEpochSec: 0}da0f6498-aa9b-4e55-90ad-9a1857b2ba5a{ip: 10.1.0.60, host: fv-az308-250.etcbaq1qs54eplwmrjlabigyle.cx.internal.cloudapp.net, ports: [REPLICATION=41811, RATIS=33475, RATIS_ADMIN=33475, RATIS_SERVER=33475, STANDALONE=41297], networkLocation: /default-rack, certSerialId: null, persistedOpState: null, persistedOpStateExpiryEpochSec: 0}c13247a4-8e58-4a93-a398-acd85f127862{ip: 10.1.0.60, host: fv-az308-250.etcbaq1qs54eplwmrjlabigyle.cx.internal.cloudapp.net, ports: [REPLICATION=38839, RATIS=41199, RATIS_ADMIN=41199, RATIS_SERVER=41199, STANDALONE=42871], networkLocation: /default-rack, certSerialId: null, persistedOpState: null, persistedOpStateExpiryEpochSec: 0}dbe7118b-6463-4c1b-8250-64d2251ba697{ip: 10.1.0.60, host: fv-az308-250.etcbaq1qs54eplwmrjlabigyle.cx.internal.cloudapp.net, ports: [REPLICATION=38955, RATIS=43799, RATIS_ADMIN=43799, RATIS_SERVER=43799, STANDALONE=39749], networkLocation: /default-rack, certSerialId: null, persistedOpState: null, persistedOpStateExpiryEpochSec: 0}, ReplicationConfig: EC/ECReplicationConfig{data=3, parity=2, ecChunkSize=1048576, codec=rs}, State:ALLOCATED, leaderId:, CreationTimestamp2022-10-16T13:16:32.025Z[Etc/UTC]] moved to OPEN state
2022-10-16 13:16:32,130 [ReplicationMonitor] INFO  replication.ReplicationManager (ReplicationManager.java:processAll(324)) - Replication Monitor Thread took 0 milliseconds for processing 7 containers.
2022-10-16 13:16:32,649 [IPC Server handler 2 on default port 39249] INFO  pipeline.PipelineStateManagerImpl (PipelineStateManagerImpl.java:addPipeline(103)) - Created pipeline Pipeline[ Id: 5a4f5031-ccc7-4ad8-a65b-aea35909ee83, Nodes: d22513a5-5bbc-4be9-9acc-f8c8ca7a35e4{ip: 10.1.0.60, host: fv-az308-250.etcbaq1qs54eplwmrjlabigyle.cx.internal.cloudapp.net, ports: [REPLICATION=34995, RATIS=36935, RATIS_ADMIN=36935, RATIS_SERVER=36935, STANDALONE=45309], networkLocation: /default-rack, certSerialId: null, persistedOpState: null, persistedOpStateExpiryEpochSec: 0}c13247a4-8e58-4a93-a398-acd85f127862{ip: 10.1.0.60, host: fv-az308-250.etcbaq1qs54eplwmrjlabigyle.cx.internal.cloudapp.net, ports: [REPLICATION=38839, RATIS=41199, RATIS_ADMIN=41199, RATIS_SERVER=41199, STANDALONE=42871], networkLocation: /default-rack, certSerialId: null, persistedOpState: null, persistedOpStateExpiryEpochSec: 0}da0f6498-aa9b-4e55-90ad-9a1857b2ba5a{ip: 10.1.0.60, host: fv-az308-250.etcbaq1qs54eplwmrjlabigyle.cx.internal.cloudapp.net, ports: [REPLICATION=41811, RATIS=33475, RATIS_ADMIN=33475, RATIS_SERVER=33475, STANDALONE=41297], networkLocation: /default-rack, certSerialId: null, persistedOpState: null, persistedOpStateExpiryEpochSec: 0}b8b2a255-a0eb-4cad-abf7-f6bde47128f5{ip: 10.1.0.60, host: fv-az308-250.etcbaq1qs54eplwmrjlabigyle.cx.internal.cloudapp.net, ports: [REPLICATION=34549, RATIS=36501, RATIS_ADMIN=36501, RATIS_SERVER=36501, STANDALONE=39119], networkLocation: /default-rack, certSerialId: null, persistedOpState: null, persistedOpStateExpiryEpochSec: 0}dbe7118b-6463-4c1b-8250-64d2251ba697{ip: 10.1.0.60, host: fv-az308-250.etcbaq1qs54eplwmrjlabigyle.cx.internal.cloudapp.net, ports: [REPLICATION=38955, RATIS=43799, RATIS_ADMIN=43799, RATIS_SERVER=43799, STANDALONE=39749], networkLocation: /default-rack, certSerialId: null, persistedOpState: null, persistedOpStateExpiryEpochSec: 0}, ReplicationConfig: EC/ECReplicationConfig{data=3, parity=2, ecChunkSize=1048576, codec=rs}, State:ALLOCATED, leaderId:, CreationTimestamp2022-10-16T13:16:32.649Z[Etc/UTC]].
2022-10-16 13:16:32,650 [IPC Server handler 2 on default port 39249] INFO  pipeline.PipelineManagerImpl (PipelineManagerImpl.java:openPipeline(367)) - Pipeline Pipeline[ Id: 5a4f5031-ccc7-4ad8-a65b-aea35909ee83, Nodes: d22513a5-5bbc-4be9-9acc-f8c8ca7a35e4{ip: 10.1.0.60, host: fv-az308-250.etcbaq1qs54eplwmrjlabigyle.cx.internal.cloudapp.net, ports: [REPLICATION=34995, RATIS=36935, RATIS_ADMIN=36935, RATIS_SERVER=36935, STANDALONE=45309], networkLocation: /default-rack, certSerialId: null, persistedOpState: null, persistedOpStateExpiryEpochSec: 0}c13247a4-8e58-4a93-a398-acd85f127862{ip: 10.1.0.60, host: fv-az308-250.etcbaq1qs54eplwmrjlabigyle.cx.internal.cloudapp.net, ports: [REPLICATION=38839, RATIS=41199, RATIS_ADMIN=41199, RATIS_SERVER=41199, STANDALONE=42871], networkLocation: /default-rack, certSerialId: null, persistedOpState: null, persistedOpStateExpiryEpochSec: 0}da0f6498-aa9b-4e55-90ad-9a1857b2ba5a{ip: 10.1.0.60, host: fv-az308-250.etcbaq1qs54eplwmrjlabigyle.cx.internal.cloudapp.net, ports: [REPLICATION=41811, RATIS=33475, RATIS_ADMIN=33475, RATIS_SERVER=33475, STANDALONE=41297], networkLocation: /default-rack, certSerialId: null, persistedOpState: null, persistedOpStateExpiryEpochSec: 0}b8b2a255-a0eb-4cad-abf7-f6bde47128f5{ip: 10.1.0.60, host: fv-az308-250.etcbaq1qs54eplwmrjlabigyle.cx.internal.cloudapp.net, ports: [REPLICATION=34549, RATIS=36501, RATIS_ADMIN=36501, RATIS_SERVER=36501, STANDALONE=39119], networkLocation: /default-rack, certSerialId: null, persistedOpState: null, persistedOpStateExpiryEpochSec: 0}dbe7118b-6463-4c1b-8250-64d2251ba697{ip: 10.1.0.60, host: fv-az308-250.etcbaq1qs54eplwmrjlabigyle.cx.internal.cloudapp.net, ports: [REPLICATION=38955, RATIS=43799, RATIS_ADMIN=43799, RATIS_SERVER=43799, STANDALONE=39749], networkLocation: /default-rack, certSerialId: null, persistedOpState: null, persistedOpStateExpiryEpochSec: 0}, ReplicationConfig: EC/ECReplicationConfig{data=3, parity=2, ecChunkSize=1048576, codec=rs}, State:ALLOCATED, leaderId:, CreationTimestamp2022-10-16T13:16:32.649Z[Etc/UTC]] moved to OPEN state
2022-10-16 13:16:32,781 [ReplicationMonitor] INFO  replication.ReplicationManager (ReplicationManager.java:processAll(324)) - Replication Monitor Thread took 0 milliseconds for processing 5 containers.
2022-10-16 13:16:32,916 [IPC Server handler 15 on default port 39249] INFO  pipeline.PipelineStateManagerImpl (PipelineStateManagerImpl.java:addPipeline(103)) - Created pipeline Pipeline[ Id: 67eec3a7-bca5-4b01-81e9-4a8c9c154f3b, Nodes: d22513a5-5bbc-4be9-9acc-f8c8ca7a35e4{ip: 10.1.0.60, host: fv-az308-250.etcbaq1qs54eplwmrjlabigyle.cx.internal.cloudapp.net, ports: [REPLICATION=34995, RATIS=36935, RATIS_ADMIN=36935, RATIS_SERVER=36935, STANDALONE=45309], networkLocation: /default-rack, certSerialId: null, persistedOpState: null, persistedOpStateExpiryEpochSec: 0}da0f6498-aa9b-4e55-90ad-9a1857b2ba5a{ip: 10.1.0.60, host: fv-az308-250.etcbaq1qs54eplwmrjlabigyle.cx.internal.cloudapp.net, ports: [REPLICATION=41811, RATIS=33475, RATIS_ADMIN=33475, RATIS_SERVER=33475, STANDALONE=41297], networkLocation: /default-rack, certSerialId: null, persistedOpState: null, persistedOpStateExpiryEpochSec: 0}dbe7118b-6463-4c1b-8250-64d2251ba697{ip: 10.1.0.60, host: fv-az308-250.etcbaq1qs54eplwmrjlabigyle.cx.internal.cloudapp.net, ports: [REPLICATION=38955, RATIS=43799, RATIS_ADMIN=43799, RATIS_SERVER=43799, STANDALONE=39749], networkLocation: /default-rack, certSerialId: null, persistedOpState: null, persistedOpStateExpiryEpochSec: 0}c13247a4-8e58-4a93-a398-acd85f127862{ip: 10.1.0.60, host: fv-az308-250.etcbaq1qs54eplwmrjlabigyle.cx.internal.cloudapp.net, ports: [REPLICATION=38839, RATIS=41199, RATIS_ADMIN=41199, RATIS_SERVER=41199, STANDALONE=42871], networkLocation: /default-rack, certSerialId: null, persistedOpState: null, persistedOpStateExpiryEpochSec: 0}b8b2a255-a0eb-4cad-abf7-f6bde47128f5{ip: 10.1.0.60, host: fv-az308-250.etcbaq1qs54eplwmrjlabigyle.cx.internal.cloudapp.net, ports: [REPLICATION=34549, RATIS=36501, RATIS_ADMIN=36501, RATIS_SERVER=36501, STANDALONE=39119], networkLocation: /default-rack, certSerialId: null, persistedOpState: null, persistedOpStateExpiryEpochSec: 0}, ReplicationConfig: EC/ECReplicationConfig{data=3, parity=2, ecChunkSize=1048576, codec=rs}, State:ALLOCATED, leaderId:, CreationTimestamp2022-10-16T13:16:32.916Z[Etc/UTC]].
2022-10-16 13:16:32,917 [IPC Server handler 15 on default port 39249] INFO  pipeline.PipelineManagerImpl (PipelineManagerImpl.java:openPipeline(367)) - Pipeline Pipeline[ Id: 67eec3a7-bca5-4b01-81e9-4a8c9c154f3b, Nodes: d22513a5-5bbc-4be9-9acc-f8c8ca7a35e4{ip: 10.1.0.60, host: fv-az308-250.etcbaq1qs54eplwmrjlabigyle.cx.internal.cloudapp.net, ports: [REPLICATION=34995, RATIS=36935, RATIS_ADMIN=36935, RATIS_SERVER=36935, STANDALONE=45309], networkLocation: /default-rack, certSerialId: null, persistedOpState: null, persistedOpStateExpiryEpochSec: 0}da0f6498-aa9b-4e55-90ad-9a1857b2ba5a{ip: 10.1.0.60, host: fv-az308-250.etcbaq1qs54eplwmrjlabigyle.cx.internal.cloudapp.net, ports: [REPLICATION=41811, RATIS=33475, RATIS_ADMIN=33475, RATIS_SERVER=33475, STANDALONE=41297], networkLocation: /default-rack, certSerialId: null, persistedOpState: null, persistedOpStateExpiryEpochSec: 0}dbe7118b-6463-4c1b-8250-64d2251ba697{ip: 10.1.0.60, host: fv-az308-250.etcbaq1qs54eplwmrjlabigyle.cx.internal.cloudapp.net, ports: [REPLICATION=38955, RATIS=43799, RATIS_ADMIN=43799, RATIS_SERVER=43799, STANDALONE=39749], networkLocation: /default-rack, certSerialId: null, persistedOpState: null, persistedOpStateExpiryEpochSec: 0}c13247a4-8e58-4a93-a398-acd85f127862{ip: 10.1.0.60, host: fv-az308-250.etcbaq1qs54eplwmrjlabigyle.cx.internal.cloudapp.net, ports: [REPLICATION=38839, RATIS=41199, RATIS_ADMIN=41199, RATIS_SERVER=41199, STANDALONE=42871], networkLocation: /default-rack, certSerialId: null, persistedOpState: null, persistedOpStateExpiryEpochSec: 0}b8b2a255-a0eb-4cad-abf7-f6bde47128f5{ip: 10.1.0.60, host: fv-az308-250.etcbaq1qs54eplwmrjlabigyle.cx.internal.cloudapp.net, ports: [REPLICATION=34549, RATIS=36501, RATIS_ADMIN=36501, RATIS_SERVER=36501, STANDALONE=39119], networkLocation: /default-rack, certSerialId: null, persistedOpState: null, persistedOpStateExpiryEpochSec: 0}, ReplicationConfig: EC/ECReplicationConfig{data=3, parity=2, ecChunkSize=1048576, codec=rs}, State:ALLOCATED, leaderId:, CreationTimestamp2022-10-16T13:16:32.916Z[Etc/UTC]] moved to OPEN state
2022-10-16 13:16:33,130 [ReplicationMonitor] INFO  replication.ReplicationManager (ReplicationManager.java:processAll(324)) - Replication Monitor Thread took 0 milliseconds for processing 7 containers.
2022-10-16 13:16:33,262 [IPC Server handler 18 on default port 39249] INFO  pipeline.PipelineStateManagerImpl (PipelineStateManagerImpl.java:addPipeline(103)) - Created pipeline Pipeline[ Id: 43bc9902-73de-45f8-8cac-e3851c07d36f, Nodes: dbe7118b-6463-4c1b-8250-64d2251ba697{ip: 10.1.0.60, host: fv-az308-250.etcbaq1qs54eplwmrjlabigyle.cx.internal.cloudapp.net, ports: [REPLICATION=38955, RATIS=43799, RATIS_ADMIN=43799, RATIS_SERVER=43799, STANDALONE=39749], networkLocation: /default-rack, certSerialId: null, persistedOpState: null, persistedOpStateExpiryEpochSec: 0}b8b2a255-a0eb-4cad-abf7-f6bde47128f5{ip: 10.1.0.60, host: fv-az308-250.etcbaq1qs54eplwmrjlabigyle.cx.internal.cloudapp.net, ports: [REPLICATION=34549, RATIS=36501, RATIS_ADMIN=36501, RATIS_SERVER=36501, STANDALONE=39119], networkLocation: /default-rack, certSerialId: null, persistedOpState: null, persistedOpStateExpiryEpochSec: 0}da0f6498-aa9b-4e55-90ad-9a1857b2ba5a{ip: 10.1.0.60, host: fv-az308-250.etcbaq1qs54eplwmrjlabigyle.cx.internal.cloudapp.net, ports: [REPLICATION=41811, RATIS=33475, RATIS_ADMIN=33475, RATIS_SERVER=33475, STANDALONE=41297], networkLocation: /default-rack, certSerialId: null, persistedOpState: null, persistedOpStateExpiryEpochSec: 0}d22513a5-5bbc-4be9-9acc-f8c8ca7a35e4{ip: 10.1.0.60, host: fv-az308-250.etcbaq1qs54eplwmrjlabigyle.cx.internal.cloudapp.net, ports: [REPLICATION=34995, RATIS=36935, RATIS_ADMIN=36935, RATIS_SERVER=36935, STANDALONE=45309], networkLocation: /default-rack, certSerialId: null, persistedOpState: null, persistedOpStateExpiryEpochSec: 0}c13247a4-8e58-4a93-a398-acd85f127862{ip: 10.1.0.60, host: fv-az308-250.etcbaq1qs54eplwmrjlabigyle.cx.internal.cloudapp.net, ports: [REPLICATION=38839, RATIS=41199, RATIS_ADMIN=41199, RATIS_SERVER=41199, STANDALONE=42871], networkLocation: /default-rack, certSerialId: null, persistedOpState: null, persistedOpStateExpiryEpochSec: 0}, ReplicationConfig: EC/ECReplicationConfig{data=3, parity=2, ecChunkSize=1048576, codec=rs}, State:ALLOCATED, leaderId:, CreationTimestamp2022-10-16T13:16:33.262Z[Etc/UTC]].
2022-10-16 13:16:33,263 [IPC Server handler 18 on default port 39249] INFO  pipeline.PipelineManagerImpl (PipelineManagerImpl.java:openPipeline(367)) - Pipeline Pipeline[ Id: 43bc9902-73de-45f8-8cac-e3851c07d36f, Nodes: dbe7118b-6463-4c1b-8250-64d2251ba697{ip: 10.1.0.60, host: fv-az308-250.etcbaq1qs54eplwmrjlabigyle.cx.internal.cloudapp.net, ports: [REPLICATION=38955, RATIS=43799, RATIS_ADMIN=43799, RATIS_SERVER=43799, STANDALONE=39749], networkLocation: /default-rack, certSerialId: null, persistedOpState: null, persistedOpStateExpiryEpochSec: 0}b8b2a255-a0eb-4cad-abf7-f6bde47128f5{ip: 10.1.0.60, host: fv-az308-250.etcbaq1qs54eplwmrjlabigyle.cx.internal.cloudapp.net, ports: [REPLICATION=34549, RATIS=36501, RATIS_ADMIN=36501, RATIS_SERVER=36501, STANDALONE=39119], networkLocation: /default-rack, certSerialId: null, persistedOpState: null, persistedOpStateExpiryEpochSec: 0}da0f6498-aa9b-4e55-90ad-9a1857b2ba5a{ip: 10.1.0.60, host: fv-az308-250.etcbaq1qs54eplwmrjlabigyle.cx.internal.cloudapp.net, ports: [REPLICATION=41811, RATIS=33475, RATIS_ADMIN=33475, RATIS_SERVER=33475, STANDALONE=41297], networkLocation: /default-rack, certSerialId: null, persistedOpState: null, persistedOpStateExpiryEpochSec: 0}d22513a5-5bbc-4be9-9acc-f8c8ca7a35e4{ip: 10.1.0.60, host: fv-az308-250.etcbaq1qs54eplwmrjlabigyle.cx.internal.cloudapp.net, ports: [REPLICATION=34995, RATIS=36935, RATIS_ADMIN=36935, RATIS_SERVER=36935, STANDALONE=45309], networkLocation: /default-rack, certSerialId: null, persistedOpState: null, persistedOpStateExpiryEpochSec: 0}c13247a4-8e58-4a93-a398-acd85f127862{ip: 10.1.0.60, host: fv-az308-250.etcbaq1qs54eplwmrjlabigyle.cx.internal.cloudapp.net, ports: [REPLICATION=38839, RATIS=41199, RATIS_ADMIN=41199, RATIS_SERVER=41199, STANDALONE=42871], networkLocation: /default-rack, certSerialId: null, persistedOpState: null, persistedOpStateExpiryEpochSec: 0}, ReplicationConfig: EC/ECReplicationConfig{data=3, parity=2, ecChunkSize=1048576, codec=rs}, State:ALLOCATED, leaderId:, CreationTimestamp2022-10-16T13:16:33.262Z[Etc/UTC]] moved to OPEN state
2022-10-16 13:16:33,781 [ReplicationMonitor] INFO  replication.ReplicationManager (ReplicationManager.java:processAll(324)) - Replication Monitor Thread took 1 milliseconds for processing 7 containers.
2022-10-16 13:16:34,131 [ReplicationMonitor] INFO  replication.ReplicationManager (ReplicationManager.java:processAll(324)) - Replication Monitor Thread took 1 milliseconds for processing 7 containers.
2022-10-16 13:16:34,781 [ReplicationMonitor] INFO  replication.ReplicationManager (ReplicationManager.java:processAll(324)) - Replication Monitor Thread took 0 milliseconds for processing 7 containers.
2022-10-16 13:16:35,131 [ReplicationMonitor] INFO  replication.ReplicationManager (ReplicationManager.java:processAll(324)) - Replication Monitor Thread took 0 milliseconds for processing 7 containers.
2022-10-16 13:16:35,782 [ReplicationMonitor] INFO  replication.ReplicationManager (ReplicationManager.java:processAll(324)) - Replication Monitor Thread took 0 milliseconds for processing 7 containers.
2022-10-16 13:16:36,132 [ReplicationMonitor] INFO  replication.ReplicationManager (ReplicationManager.java:processAll(324)) - Replication Monitor Thread took 1 milliseconds for processing 7 containers.
2022-10-16 13:16:36,782 [ReplicationMonitor] INFO  replication.ReplicationManager (ReplicationManager.java:processAll(324)) - Replication Monitor Thread took 0 milliseconds for processing 7 containers.
2022-10-16 13:16:37,132 [ReplicationMonitor] INFO  replication.ReplicationManager (ReplicationManager.java:processAll(324)) - Replication Monitor Thread took 0 milliseconds for processing 7 containers.
2022-10-16 13:16:37,783 [ReplicationMonitor] INFO  replication.ReplicationManager (ReplicationManager.java:processAll(324)) - Replication Monitor Thread took 0 milliseconds for processing 7 containers.
2022-10-16 13:16:38,133 [ReplicationMonitor] INFO  replication.ReplicationManager (ReplicationManager.java:processAll(324)) - Replication Monitor Thread took 1 milliseconds for processing 7 containers.
2022-10-16 13:16:38,783 [ReplicationMonitor] INFO  replication.ReplicationManager (ReplicationManager.java:processAll(324)) - Replication Monitor Thread took 1 milliseconds for processing 7 containers.
2022-10-16 13:16:39,134 [ReplicationMonitor] INFO  replication.ReplicationManager (ReplicationManager.java:processAll(324)) - Replication Monitor Thread took 0 milliseconds for processing 7 containers.
2022-10-16 13:16:39,783 [ReplicationMonitor] INFO  replication.ReplicationManager (ReplicationManager.java:processAll(324)) - Replication Monitor Thread took 0 milliseconds for processing 7 containers.
2022-10-16 13:16:40,134 [ReplicationMonitor] INFO  replication.ReplicationManager (ReplicationManager.java:processAll(324)) - Replication Monitor Thread took 0 milliseconds for processing 7 containers.
2022-10-16 13:16:40,330 [Listener at 127.0.0.1/38707] INFO  ozone.MiniOzoneClusterImpl (MiniOzoneClusterImpl.java:shutdown(448)) - Shutting down the Mini Ozone Cluster
2022-10-16 13:16:40,330 [Listener at 127.0.0.1/38707] INFO  ozone.MiniOzoneClusterImpl (MiniOzoneClusterImpl.java:stop(463)) - Stopping the Mini Ozone Cluster
2022-10-16 13:16:40,330 [Listener at 127.0.0.1/38707] INFO  ozone.MiniOzoneClusterImpl (MiniOzoneClusterImpl.java:stopOM(545)) - Stopping the OzoneManager
2022-10-16 13:16:40,331 [Listener at 127.0.0.1/38707] INFO  om.OzoneManager (OzoneManager.java:stop(2034)) - om1[localhost:0]: Stopping Ozone Manager
2022-10-16 13:16:40,331 [Listener at 127.0.0.1/38707] INFO  ipc.Server (Server.java:stop(3428)) - Stopping server on 38707
2022-10-16 13:16:40,331 [IPC Server listener on 0] INFO  ipc.Server (Server.java:run(1384)) - Stopping IPC Server listener on 0
2022-10-16 13:16:40,340 [IPC Server Responder] INFO  ipc.Server (Server.java:run(1517)) - Stopping IPC Server Responder
2022-10-16 13:16:40,340 [Listener at 127.0.0.1/38707] INFO  server.RaftServer (RaftServerProxy.java:lambda$close$7(398)) - om1: close
2022-10-16 13:16:40,340 [Listener at 127.0.0.1/38707] INFO  server.RaftServer$Division (RaftServerImpl.java:lambda$close$4(434)) - om1@group-C5BA1605619E: shutdown
2022-10-16 13:16:40,340 [Listener at 127.0.0.1/38707] INFO  util.JmxRegister (JmxRegister.java:unregister(73)) - Successfully un-registered JMX Bean with object name Ratis:service=RaftServer,group=group-C5BA1605619E,id=om1
2022-10-16 13:16:40,340 [Listener at 127.0.0.1/38707] INFO  impl.RoleInfo (RoleInfo.java:shutdownLeaderState(93)) - om1: shutdown om1@group-C5BA1605619E-LeaderStateImpl
2022-10-16 13:16:40,340 [Listener at 127.0.0.1/38707] INFO  impl.PendingRequests (PendingRequests.java:sendNotLeaderResponses(282)) - om1@group-C5BA1605619E-PendingRequests: sendNotLeaderResponses
2022-10-16 13:16:40,344 [Listener at 127.0.0.1/38707] INFO  impl.StateMachineUpdater (StateMachineUpdater.java:stopAndJoin(153)) - om1@group-C5BA1605619E-StateMachineUpdater: set stopIndex = 54
2022-10-16 13:16:40,345 [om1@group-C5BA1605619E-StateMachineUpdater] INFO  ratis.OzoneManagerStateMachine (OzoneManagerStateMachine.java:takeSnapshot(441)) - Current Snapshot Index (t:1, i:54)
2022-10-16 13:16:40,345 [om1@group-C5BA1605619E-StateMachineUpdater] INFO  impl.StateMachineUpdater (StateMachineUpdater.java:takeSnapshot(287)) - om1@group-C5BA1605619E-StateMachineUpdater: Took a snapshot at index 54
2022-10-16 13:16:40,345 [om1@group-C5BA1605619E-StateMachineUpdater] INFO  impl.StateMachineUpdater (StateMachineUpdater.java:lambda$new$0(92)) - om1@group-C5BA1605619E-StateMachineUpdater: snapshotIndex: updateIncreasingly -1 -> 54
2022-10-16 13:16:40,345 [om1@group-C5BA1605619E-StateMachineUpdater] INFO  ratis.OzoneManagerStateMachine (OzoneManagerStateMachine.java:close(495)) - StateMachine has shutdown. Shutdown OzoneManager if not already shutdown.
2022-10-16 13:16:40,345 [om1@group-C5BA1605619E-StateMachineUpdater] INFO  ratis.OzoneManagerDoubleBuffer (OzoneManagerDoubleBuffer.java:stop(466)) - Stopping OMDoubleBuffer flush thread
2022-10-16 13:16:40,345 [OMDoubleBufferFlushThread] INFO  ratis.OzoneManagerDoubleBuffer (OzoneManagerDoubleBuffer.java:flushTransactions(385)) - OMDoubleBuffer flush thread OMDoubleBufferFlushThread is interrupted and will exit.
2022-10-16 13:16:40,345 [Listener at 127.0.0.1/38707] INFO  server.RaftServer$Division (ServerState.java:close(429)) - om1@group-C5BA1605619E: closes. applyIndex: 54
2022-10-16 13:16:40,346 [om1@group-C5BA1605619E-SegmentedRaftLogWorker] INFO  segmented.SegmentedRaftLogWorker (SegmentedRaftLogWorker.java:run(336)) - om1@group-C5BA1605619E-SegmentedRaftLogWorker was interrupted, exiting. There are 0 tasks remaining in the queue.
2022-10-16 13:16:40,346 [Listener at 127.0.0.1/38707] INFO  segmented.SegmentedRaftLogWorker (SegmentedRaftLogWorker.java:close(246)) - om1@group-C5BA1605619E-SegmentedRaftLogWorker close()
2022-10-16 13:16:40,347 [Listener at 127.0.0.1/38707] INFO  server.GrpcService (GrpcService.java:closeImpl(269)) - om1: shutdown server with port 9872 now
2022-10-16 13:16:40,348 [Listener at 127.0.0.1/38707] INFO  server.GrpcService (GrpcService.java:closeImpl(278)) - om1: shutdown server with port 9872 successfully
2022-10-16 13:16:40,349 [org.apache.ratis.util.JvmPauseMonitor$$Lambda$639/339294883@9ff002c] INFO  util.JvmPauseMonitor (JvmPauseMonitor.java:run(109)) - JvmPauseMonitor-om1: Stopped
2022-10-16 13:16:40,349 [Listener at 127.0.0.1/38707] INFO  ratis.OzoneManagerStateMachine (OzoneManagerStateMachine.java:close(495)) - StateMachine has shutdown. Shutdown OzoneManager if not already shutdown.
2022-10-16 13:16:40,349 [Listener at 127.0.0.1/38707] INFO  ratis.OzoneManagerDoubleBuffer (OzoneManagerDoubleBuffer.java:stop(478)) - OMDoubleBuffer flush thread is not running.
2022-10-16 13:16:40,349 [Listener at 127.0.0.1/38707] INFO  utils.BackgroundService (BackgroundService.java:shutdown(141)) - Shutting down service KeyDeletingService
2022-10-16 13:16:40,349 [Listener at 127.0.0.1/38707] INFO  utils.BackgroundService (BackgroundService.java:shutdown(141)) - Shutting down service DirectoryDeletingService
2022-10-16 13:16:40,349 [Listener at 127.0.0.1/38707] INFO  utils.BackgroundService (BackgroundService.java:shutdown(141)) - Shutting down service OpenKeyCleanupService
2022-10-16 13:16:40,350 [Listener at 127.0.0.1/38707] INFO  handler.ContextHandler (ContextHandler.java:doStop(1153)) - Stopped o.e.j.w.WebAppContext@1fb4c3ce{ozoneManager,/,null,STOPPED}{file:/home/runner/work/ozone/ozone/hadoop-ozone/integration-test/target/test-classes/webapps/ozoneManager}
2022-10-16 13:16:40,350 [Listener at 127.0.0.1/38707] INFO  server.AbstractConnector (AbstractConnector.java:doStop(381)) - Stopped ServerConnector@7458ef30{HTTP/1.1, (http/1.1)}{0.0.0.0:0}
2022-10-16 13:16:40,350 [Listener at 127.0.0.1/38707] INFO  server.session (HouseKeeper.java:stopScavenging(149)) - node0 Stopped scavenging
2022-10-16 13:16:40,351 [Listener at 127.0.0.1/38707] INFO  handler.ContextHandler (ContextHandler.java:doStop(1153)) - Stopped o.e.j.s.ServletContextHandler@626cd6d8{static,/static,file:///home/runner/work/ozone/ozone/hadoop-ozone/integration-test/target/test-classes/webapps/static,STOPPED}
2022-10-16 13:16:40,351 [Listener at 127.0.0.1/38707] INFO  handler.ContextHandler (ContextHandler.java:doStop(1153)) - Stopped o.e.j.s.ServletContextHandler@5d4693a{logs,/logs,file:///home/runner/work/ozone/ozone/hadoop-ozone/integration-test/target/log,STOPPED}
2022-10-16 13:16:40,355 [Listener at 127.0.0.1/38707] INFO  ozone.MiniOzoneClusterImpl (MiniOzoneClusterImpl.java:stopDatanodes(522)) - Stopping the HddsDatanodes
2022-10-16 13:16:40,357 [Listener at 127.0.0.1/38707] INFO  ozoneimpl.OzoneContainer (OzoneContainer.java:stop(400)) - Attempting to stop container services.
2022-10-16 13:16:40,357 [Listener at 127.0.0.1/38707] INFO  server.RaftServer (RaftServerProxy.java:lambda$close$7(398)) - da0f6498-aa9b-4e55-90ad-9a1857b2ba5a: close
2022-10-16 13:16:40,357 [Listener at 127.0.0.1/38707] INFO  server.RaftServer$Division (RaftServerImpl.java:lambda$close$4(434)) - da0f6498-aa9b-4e55-90ad-9a1857b2ba5a@group-DBA6D1CDA772: shutdown
2022-10-16 13:16:40,357 [Listener at 127.0.0.1/38707] INFO  util.JmxRegister (JmxRegister.java:unregister(73)) - Successfully un-registered JMX Bean with object name Ratis:service=RaftServer,group=group-DBA6D1CDA772,id=da0f6498-aa9b-4e55-90ad-9a1857b2ba5a
2022-10-16 13:16:40,357 [Listener at 127.0.0.1/38707] INFO  impl.RoleInfo (RoleInfo.java:shutdownLeaderState(93)) - da0f6498-aa9b-4e55-90ad-9a1857b2ba5a: shutdown da0f6498-aa9b-4e55-90ad-9a1857b2ba5a@group-DBA6D1CDA772-LeaderStateImpl
2022-10-16 13:16:40,358 [Listener at 127.0.0.1/38707] INFO  impl.PendingRequests (PendingRequests.java:sendNotLeaderResponses(282)) - da0f6498-aa9b-4e55-90ad-9a1857b2ba5a@group-DBA6D1CDA772-PendingRequests: sendNotLeaderResponses
2022-10-16 13:16:40,358 [da0f6498-aa9b-4e55-90ad-9a1857b2ba5a@group-DBA6D1CDA772->c13247a4-8e58-4a93-a398-acd85f127862-GrpcLogAppender-LogAppenderDaemon] WARN  server.GrpcLogAppender (GrpcLogAppender.java:mayWait(171)) - da0f6498-aa9b-4e55-90ad-9a1857b2ba5a@group-DBA6D1CDA772->c13247a4-8e58-4a93-a398-acd85f127862-GrpcLogAppender: Wait interrupted by java.lang.InterruptedException
2022-10-16 13:16:40,358 [da0f6498-aa9b-4e55-90ad-9a1857b2ba5a@group-DBA6D1CDA772->b8b2a255-a0eb-4cad-abf7-f6bde47128f5-GrpcLogAppender-LogAppenderDaemon] WARN  server.GrpcLogAppender (GrpcLogAppender.java:mayWait(171)) - da0f6498-aa9b-4e55-90ad-9a1857b2ba5a@group-DBA6D1CDA772->b8b2a255-a0eb-4cad-abf7-f6bde47128f5-GrpcLogAppender: Wait interrupted by java.lang.InterruptedException
2022-10-16 13:16:40,359 [grpc-default-executor-8] INFO  server.GrpcServerProtocolService (GrpcServerProtocolService.java:onCompleted(140)) - c13247a4-8e58-4a93-a398-acd85f127862: Completed APPEND_ENTRIES, lastRequest: da0f6498-aa9b-4e55-90ad-9a1857b2ba5a->c13247a4-8e58-4a93-a398-acd85f127862#1123-t1,previous=(t:1, i:253),leaderCommit=250,initializing? true,entries: size=1, first=(t:1, i:254), METADATAENTRY(c:250)
2022-10-16 13:16:40,359 [ForkJoinPool.commonPool-worker-1] INFO  ozoneimpl.OzoneContainer (OzoneContainer.java:stop(400)) - Attempting to stop container services.
2022-10-16 13:16:40,359 [grpc-default-executor-6] INFO  server.GrpcLogAppender (GrpcLogAppender.java:onCompleted(339)) - da0f6498-aa9b-4e55-90ad-9a1857b2ba5a@group-DBA6D1CDA772->c13247a4-8e58-4a93-a398-acd85f127862-AppendLogResponseHandler: follower responses appendEntries COMPLETED
2022-10-16 13:16:40,359 [grpc-default-executor-8] INFO  server.GrpcServerProtocolService (GrpcServerProtocolService.java:onCompleted(140)) - b8b2a255-a0eb-4cad-abf7-f6bde47128f5: Completed APPEND_ENTRIES, lastRequest: da0f6498-aa9b-4e55-90ad-9a1857b2ba5a->b8b2a255-a0eb-4cad-abf7-f6bde47128f5#1121-t1,previous=(t:1, i:253),leaderCommit=250,initializing? true,entries: size=1, first=(t:1, i:254), METADATAENTRY(c:250)
2022-10-16 13:16:40,359 [grpc-default-executor-6] INFO  leader.FollowerInfo (FollowerInfoImpl.java:lambda$new$0(48)) - da0f6498-aa9b-4e55-90ad-9a1857b2ba5a@group-DBA6D1CDA772->c13247a4-8e58-4a93-a398-acd85f127862: nextIndex: updateUnconditionally 255 -> 254
2022-10-16 13:16:40,359 [grpc-default-executor-6] INFO  server.GrpcLogAppender (GrpcLogAppender.java:onCompleted(339)) - da0f6498-aa9b-4e55-90ad-9a1857b2ba5a@group-DBA6D1CDA772->b8b2a255-a0eb-4cad-abf7-f6bde47128f5-AppendLogResponseHandler: follower responses appendEntries COMPLETED
2022-10-16 13:16:40,360 [grpc-default-executor-6] INFO  leader.FollowerInfo (FollowerInfoImpl.java:lambda$new$0(48)) - da0f6498-aa9b-4e55-90ad-9a1857b2ba5a@group-DBA6D1CDA772->b8b2a255-a0eb-4cad-abf7-f6bde47128f5: nextIndex: updateUnconditionally 255 -> 254
2022-10-16 13:16:40,360 [ForkJoinPool.commonPool-worker-1] INFO  server.RaftServer (RaftServerProxy.java:lambda$close$7(398)) - b8b2a255-a0eb-4cad-abf7-f6bde47128f5: close
2022-10-16 13:16:40,360 [ForkJoinPool.commonPool-worker-1] INFO  server.RaftServer$Division (RaftServerImpl.java:lambda$close$4(434)) - b8b2a255-a0eb-4cad-abf7-f6bde47128f5@group-0EC035AB3E7E: shutdown
2022-10-16 13:16:40,360 [ForkJoinPool.commonPool-worker-1] INFO  util.JmxRegister (JmxRegister.java:unregister(73)) - Successfully un-registered JMX Bean with object name Ratis:service=RaftServer,group=group-0EC035AB3E7E,id=b8b2a255-a0eb-4cad-abf7-f6bde47128f5
2022-10-16 13:16:40,361 [ForkJoinPool.commonPool-worker-1] INFO  impl.RoleInfo (RoleInfo.java:shutdownLeaderState(93)) - b8b2a255-a0eb-4cad-abf7-f6bde47128f5: shutdown b8b2a255-a0eb-4cad-abf7-f6bde47128f5@group-0EC035AB3E7E-LeaderStateImpl
2022-10-16 13:16:40,361 [ForkJoinPool.commonPool-worker-1] INFO  impl.PendingRequests (PendingRequests.java:sendNotLeaderResponses(282)) - b8b2a255-a0eb-4cad-abf7-f6bde47128f5@group-0EC035AB3E7E-PendingRequests: sendNotLeaderResponses
2022-10-16 13:16:40,361 [ForkJoinPool.commonPool-worker-1] INFO  impl.StateMachineUpdater (StateMachineUpdater.java:stopAndJoin(153)) - b8b2a255-a0eb-4cad-abf7-f6bde47128f5@group-0EC035AB3E7E-StateMachineUpdater: set stopIndex = 0
2022-10-16 13:16:40,362 [da0f6498-aa9b-4e55-90ad-9a1857b2ba5a@group-DBA6D1CDA772-StateMachineUpdater] INFO  ratis.ContainerStateMachine (ContainerStateMachine.java:takeSnapshot(304)) - group-DBA6D1CDA772: Taking a snapshot at:(t:1, i:254) file /home/runner/work/ozone/ozone/hadoop-ozone/integration-test/target/test-dir/MiniOzoneClusterImpl-8ac818d4-2e27-4bb1-a0ba-6e8ee7a049a2/datanode-2/data/ratis/321977d6-50ac-47de-8248-dba6d1cda772/sm/snapshot.1_254
2022-10-16 13:16:40,361 [b8b2a255-a0eb-4cad-abf7-f6bde47128f5@group-0EC035AB3E7E-StateMachineUpdater] INFO  ratis.ContainerStateMachine (ContainerStateMachine.java:takeSnapshot(304)) - group-0EC035AB3E7E: Taking a snapshot at:(t:1, i:0) file /home/runner/work/ozone/ozone/hadoop-ozone/integration-test/target/test-dir/MiniOzoneClusterImpl-8ac818d4-2e27-4bb1-a0ba-6e8ee7a049a2/datanode-1/data/ratis/58026da3-cfdb-4aac-ac70-0ec035ab3e7e/sm/snapshot.1_0
2022-10-16 13:16:40,361 [Listener at 127.0.0.1/38707] INFO  impl.StateMachineUpdater (StateMachineUpdater.java:stopAndJoin(153)) - da0f6498-aa9b-4e55-90ad-9a1857b2ba5a@group-DBA6D1CDA772-StateMachineUpdater: set stopIndex = 254
2022-10-16 13:16:40,363 [b8b2a255-a0eb-4cad-abf7-f6bde47128f5@group-0EC035AB3E7E-StateMachineUpdater] INFO  ratis.ContainerStateMachine (ContainerStateMachine.java:takeSnapshot(315)) - group-0EC035AB3E7E: Finished taking a snapshot at:(t:1, i:0) file:/home/runner/work/ozone/ozone/hadoop-ozone/integration-test/target/test-dir/MiniOzoneClusterImpl-8ac818d4-2e27-4bb1-a0ba-6e8ee7a049a2/datanode-1/data/ratis/58026da3-cfdb-4aac-ac70-0ec035ab3e7e/sm/snapshot.1_0 took: 2 ms
2022-10-16 13:16:40,363 [b8b2a255-a0eb-4cad-abf7-f6bde47128f5@group-0EC035AB3E7E-StateMachineUpdater] INFO  impl.StateMachineUpdater (StateMachineUpdater.java:takeSnapshot(287)) - b8b2a255-a0eb-4cad-abf7-f6bde47128f5@group-0EC035AB3E7E-StateMachineUpdater: Took a snapshot at index 0
2022-10-16 13:16:40,363 [b8b2a255-a0eb-4cad-abf7-f6bde47128f5@group-0EC035AB3E7E-StateMachineUpdater] INFO  impl.StateMachineUpdater (StateMachineUpdater.java:lambda$new$0(92)) - b8b2a255-a0eb-4cad-abf7-f6bde47128f5@group-0EC035AB3E7E-StateMachineUpdater: snapshotIndex: updateIncreasingly -1 -> 0
2022-10-16 13:16:40,364 [ForkJoinPool.commonPool-worker-1] INFO  server.RaftServer$Division (ServerState.java:close(429)) - b8b2a255-a0eb-4cad-abf7-f6bde47128f5@group-0EC035AB3E7E: closes. applyIndex: 0
2022-10-16 13:16:40,364 [b8b2a255-a0eb-4cad-abf7-f6bde47128f5@group-0EC035AB3E7E-SegmentedRaftLogWorker] INFO  segmented.SegmentedRaftLogWorker (SegmentedRaftLogWorker.java:run(336)) - b8b2a255-a0eb-4cad-abf7-f6bde47128f5@group-0EC035AB3E7E-SegmentedRaftLogWorker was interrupted, exiting. There are 0 tasks remaining in the queue.
2022-10-16 13:16:40,364 [ForkJoinPool.commonPool-worker-1] INFO  segmented.SegmentedRaftLogWorker (SegmentedRaftLogWorker.java:close(246)) - b8b2a255-a0eb-4cad-abf7-f6bde47128f5@group-0EC035AB3E7E-SegmentedRaftLogWorker close()
2022-10-16 13:16:40,364 [da0f6498-aa9b-4e55-90ad-9a1857b2ba5a@group-DBA6D1CDA772-StateMachineUpdater] INFO  ratis.ContainerStateMachine (ContainerStateMachine.java:takeSnapshot(315)) - group-DBA6D1CDA772: Finished taking a snapshot at:(t:1, i:254) file:/home/runner/work/ozone/ozone/hadoop-ozone/integration-test/target/test-dir/MiniOzoneClusterImpl-8ac818d4-2e27-4bb1-a0ba-6e8ee7a049a2/datanode-2/data/ratis/321977d6-50ac-47de-8248-dba6d1cda772/sm/snapshot.1_254 took: 3 ms
2022-10-16 13:16:40,365 [ForkJoinPool.commonPool-worker-1] INFO  server.RaftServer$Division (RaftServerImpl.java:lambda$close$4(434)) - b8b2a255-a0eb-4cad-abf7-f6bde47128f5@group-DBA6D1CDA772: shutdown
2022-10-16 13:16:40,365 [da0f6498-aa9b-4e55-90ad-9a1857b2ba5a@group-DBA6D1CDA772-StateMachineUpdater] INFO  impl.StateMachineUpdater (StateMachineUpdater.java:takeSnapshot(287)) - da0f6498-aa9b-4e55-90ad-9a1857b2ba5a@group-DBA6D1CDA772-StateMachineUpdater: Took a snapshot at index 254
2022-10-16 13:16:40,365 [da0f6498-aa9b-4e55-90ad-9a1857b2ba5a@group-DBA6D1CDA772-StateMachineUpdater] INFO  impl.StateMachineUpdater (StateMachineUpdater.java:lambda$new$0(92)) - da0f6498-aa9b-4e55-90ad-9a1857b2ba5a@group-DBA6D1CDA772-StateMachineUpdater: snapshotIndex: updateIncreasingly -1 -> 254
2022-10-16 13:16:40,366 [Listener at 127.0.0.1/38707] INFO  server.RaftServer$Division (ServerState.java:close(429)) - da0f6498-aa9b-4e55-90ad-9a1857b2ba5a@group-DBA6D1CDA772: closes. applyIndex: 254
2022-10-16 13:16:40,367 [da0f6498-aa9b-4e55-90ad-9a1857b2ba5a@group-DBA6D1CDA772-SegmentedRaftLogWorker] INFO  segmented.SegmentedRaftLogWorker (SegmentedRaftLogWorker.java:run(336)) - da0f6498-aa9b-4e55-90ad-9a1857b2ba5a@group-DBA6D1CDA772-SegmentedRaftLogWorker was interrupted, exiting. There are 0 tasks remaining in the queue.
2022-10-16 13:16:40,367 [Listener at 127.0.0.1/38707] INFO  segmented.SegmentedRaftLogWorker (SegmentedRaftLogWorker.java:close(246)) - da0f6498-aa9b-4e55-90ad-9a1857b2ba5a@group-DBA6D1CDA772-SegmentedRaftLogWorker close()
2022-10-16 13:16:40,365 [ForkJoinPool.commonPool-worker-1] INFO  util.JmxRegister (JmxRegister.java:unregister(73)) - Successfully un-registered JMX Bean with object name Ratis:service=RaftServer,group=group-DBA6D1CDA772,id=b8b2a255-a0eb-4cad-abf7-f6bde47128f5
2022-10-16 13:16:40,368 [ForkJoinPool.commonPool-worker-1] INFO  impl.RoleInfo (RoleInfo.java:shutdownFollowerState(110)) - b8b2a255-a0eb-4cad-abf7-f6bde47128f5: shutdown b8b2a255-a0eb-4cad-abf7-f6bde47128f5@group-DBA6D1CDA772-FollowerState
2022-10-16 13:16:40,368 [b8b2a255-a0eb-4cad-abf7-f6bde47128f5@group-DBA6D1CDA772-FollowerState] INFO  impl.FollowerState (FollowerState.java:run(152)) - b8b2a255-a0eb-4cad-abf7-f6bde47128f5@group-DBA6D1CDA772-FollowerState was interrupted
2022-10-16 13:16:40,368 [ForkJoinPool.commonPool-worker-1] INFO  impl.StateMachineUpdater (StateMachineUpdater.java:stopAndJoin(153)) - b8b2a255-a0eb-4cad-abf7-f6bde47128f5@group-DBA6D1CDA772-StateMachineUpdater: set stopIndex = 254
2022-10-16 13:16:40,372 [b8b2a255-a0eb-4cad-abf7-f6bde47128f5@group-DBA6D1CDA772-StateMachineUpdater] INFO  ratis.ContainerStateMachine (ContainerStateMachine.java:takeSnapshot(304)) - group-DBA6D1CDA772: Taking a snapshot at:(t:1, i:254) file /home/runner/work/ozone/ozone/hadoop-ozone/integration-test/target/test-dir/MiniOzoneClusterImpl-8ac818d4-2e27-4bb1-a0ba-6e8ee7a049a2/datanode-1/data/ratis/321977d6-50ac-47de-8248-dba6d1cda772/sm/snapshot.1_254
2022-10-16 13:16:40,372 [Listener at 127.0.0.1/38707] INFO  server.RaftServer$Division (RaftServerImpl.java:lambda$close$4(434)) - da0f6498-aa9b-4e55-90ad-9a1857b2ba5a@group-BCB117069F46: shutdown
2022-10-16 13:16:40,373 [Listener at 127.0.0.1/38707] INFO  util.JmxRegister (JmxRegister.java:unregister(73)) - Successfully un-registered JMX Bean with object name Ratis:service=RaftServer,group=group-BCB117069F46,id=da0f6498-aa9b-4e55-90ad-9a1857b2ba5a
2022-10-16 13:16:40,373 [Listener at 127.0.0.1/38707] INFO  impl.RoleInfo (RoleInfo.java:shutdownLeaderState(93)) - da0f6498-aa9b-4e55-90ad-9a1857b2ba5a: shutdown da0f6498-aa9b-4e55-90ad-9a1857b2ba5a@group-BCB117069F46-LeaderStateImpl
2022-10-16 13:16:40,373 [Listener at 127.0.0.1/38707] INFO  impl.PendingRequests (PendingRequests.java:sendNotLeaderResponses(282)) - da0f6498-aa9b-4e55-90ad-9a1857b2ba5a@group-BCB117069F46-PendingRequests: sendNotLeaderResponses
2022-10-16 13:16:40,374 [da0f6498-aa9b-4e55-90ad-9a1857b2ba5a@group-BCB117069F46-StateMachineUpdater] INFO  ratis.ContainerStateMachine (ContainerStateMachine.java:takeSnapshot(304)) - group-BCB117069F46: Taking a snapshot at:(t:1, i:0) file /home/runner/work/ozone/ozone/hadoop-ozone/integration-test/target/test-dir/MiniOzoneClusterImpl-8ac818d4-2e27-4bb1-a0ba-6e8ee7a049a2/datanode-2/data/ratis/76cc6a30-bb2e-4c16-b469-bcb117069f46/sm/snapshot.1_0
2022-10-16 13:16:40,374 [Listener at 127.0.0.1/38707] INFO  impl.StateMachineUpdater (StateMachineUpdater.java:stopAndJoin(153)) - da0f6498-aa9b-4e55-90ad-9a1857b2ba5a@group-BCB117069F46-StateMachineUpdater: set stopIndex = 0
2022-10-16 13:16:40,374 [b8b2a255-a0eb-4cad-abf7-f6bde47128f5@group-DBA6D1CDA772-StateMachineUpdater] INFO  ratis.ContainerStateMachine (ContainerStateMachine.java:takeSnapshot(315)) - group-DBA6D1CDA772: Finished taking a snapshot at:(t:1, i:254) file:/home/runner/work/ozone/ozone/hadoop-ozone/integration-test/target/test-dir/MiniOzoneClusterImpl-8ac818d4-2e27-4bb1-a0ba-6e8ee7a049a2/datanode-1/data/ratis/321977d6-50ac-47de-8248-dba6d1cda772/sm/snapshot.1_254 took: 2 ms
2022-10-16 13:16:40,374 [b8b2a255-a0eb-4cad-abf7-f6bde47128f5@group-DBA6D1CDA772-StateMachineUpdater] INFO  impl.StateMachineUpdater (StateMachineUpdater.java:takeSnapshot(287)) - b8b2a255-a0eb-4cad-abf7-f6bde47128f5@group-DBA6D1CDA772-StateMachineUpdater: Took a snapshot at index 254
2022-10-16 13:16:40,374 [b8b2a255-a0eb-4cad-abf7-f6bde47128f5@group-DBA6D1CDA772-StateMachineUpdater] INFO  impl.StateMachineUpdater (StateMachineUpdater.java:lambda$new$0(92)) - b8b2a255-a0eb-4cad-abf7-f6bde47128f5@group-DBA6D1CDA772-StateMachineUpdater: snapshotIndex: updateIncreasingly -1 -> 254
2022-10-16 13:16:40,374 [da0f6498-aa9b-4e55-90ad-9a1857b2ba5a@group-BCB117069F46-StateMachineUpdater] INFO  ratis.ContainerStateMachine (ContainerStateMachine.java:takeSnapshot(315)) - group-BCB117069F46: Finished taking a snapshot at:(t:1, i:0) file:/home/runner/work/ozone/ozone/hadoop-ozone/integration-test/target/test-dir/MiniOzoneClusterImpl-8ac818d4-2e27-4bb1-a0ba-6e8ee7a049a2/datanode-2/data/ratis/76cc6a30-bb2e-4c16-b469-bcb117069f46/sm/snapshot.1_0 took: 1 ms
2022-10-16 13:16:40,374 [da0f6498-aa9b-4e55-90ad-9a1857b2ba5a@group-BCB117069F46-StateMachineUpdater] INFO  impl.StateMachineUpdater (StateMachineUpdater.java:takeSnapshot(287)) - da0f6498-aa9b-4e55-90ad-9a1857b2ba5a@group-BCB117069F46-StateMachineUpdater: Took a snapshot at index 0
2022-10-16 13:16:40,374 [da0f6498-aa9b-4e55-90ad-9a1857b2ba5a@group-BCB117069F46-StateMachineUpdater] INFO  impl.StateMachineUpdater (StateMachineUpdater.java:lambda$new$0(92)) - da0f6498-aa9b-4e55-90ad-9a1857b2ba5a@group-BCB117069F46-StateMachineUpdater: snapshotIndex: updateIncreasingly -1 -> 0
2022-10-16 13:16:40,375 [ForkJoinPool.commonPool-worker-1] INFO  server.RaftServer$Division (ServerState.java:close(429)) - b8b2a255-a0eb-4cad-abf7-f6bde47128f5@group-DBA6D1CDA772: closes. applyIndex: 254
2022-10-16 13:16:40,375 [b8b2a255-a0eb-4cad-abf7-f6bde47128f5@group-DBA6D1CDA772-SegmentedRaftLogWorker] INFO  segmented.SegmentedRaftLogWorker (SegmentedRaftLogWorker.java:run(336)) - b8b2a255-a0eb-4cad-abf7-f6bde47128f5@group-DBA6D1CDA772-SegmentedRaftLogWorker was interrupted, exiting. There are 0 tasks remaining in the queue.
2022-10-16 13:16:40,375 [ForkJoinPool.commonPool-worker-1] INFO  segmented.SegmentedRaftLogWorker (SegmentedRaftLogWorker.java:close(246)) - b8b2a255-a0eb-4cad-abf7-f6bde47128f5@group-DBA6D1CDA772-SegmentedRaftLogWorker close()
2022-10-16 13:16:40,376 [ForkJoinPool.commonPool-worker-1] INFO  server.GrpcService (GrpcService.java:closeImpl(269)) - b8b2a255-a0eb-4cad-abf7-f6bde47128f5: shutdown server with port 36501 now
2022-10-16 13:16:40,376 [Listener at 127.0.0.1/38707] INFO  server.RaftServer$Division (ServerState.java:close(429)) - da0f6498-aa9b-4e55-90ad-9a1857b2ba5a@group-BCB117069F46: closes. applyIndex: 0
2022-10-16 13:16:40,377 [da0f6498-aa9b-4e55-90ad-9a1857b2ba5a@group-BCB117069F46-SegmentedRaftLogWorker] INFO  segmented.SegmentedRaftLogWorker (SegmentedRaftLogWorker.java:run(336)) - da0f6498-aa9b-4e55-90ad-9a1857b2ba5a@group-BCB117069F46-SegmentedRaftLogWorker was interrupted, exiting. There are 0 tasks remaining in the queue.
2022-10-16 13:16:40,387 [ForkJoinPool.commonPool-worker-1] INFO  server.GrpcService (GrpcService.java:closeImpl(278)) - b8b2a255-a0eb-4cad-abf7-f6bde47128f5: shutdown server with port 36501 successfully
2022-10-16 13:16:40,387 [org.apache.ratis.util.JvmPauseMonitor$$Lambda$639/339294883@23953c45] INFO  util.JvmPauseMonitor (JvmPauseMonitor.java:run(109)) - JvmPauseMonitor-b8b2a255-a0eb-4cad-abf7-f6bde47128f5: Stopped
2022-10-16 13:16:40,387 [Listener at 127.0.0.1/38707] INFO  segmented.SegmentedRaftLogWorker (SegmentedRaftLogWorker.java:close(246)) - da0f6498-aa9b-4e55-90ad-9a1857b2ba5a@group-BCB117069F46-SegmentedRaftLogWorker close()
2022-10-16 13:16:40,391 [Listener at 127.0.0.1/38707] INFO  server.GrpcService (GrpcService.java:closeImpl(269)) - da0f6498-aa9b-4e55-90ad-9a1857b2ba5a: shutdown server with port 33475 now
2022-10-16 13:16:40,392 [grpc-default-executor-6] WARN  server.GrpcClientProtocolService (LogUtils.java:warn(122)) - 3-UnorderedRequestStreamObserver3: onError: org.apache.ratis.thirdparty.io.grpc.StatusRuntimeException: CANCELLED: client cancelled
2022-10-16 13:16:40,395 [Listener at 127.0.0.1/38707] INFO  server.GrpcService (GrpcService.java:closeImpl(278)) - da0f6498-aa9b-4e55-90ad-9a1857b2ba5a: shutdown server with port 33475 successfully
2022-10-16 13:16:40,395 [org.apache.ratis.util.JvmPauseMonitor$$Lambda$639/339294883@73ab9e1d] INFO  util.JvmPauseMonitor (JvmPauseMonitor.java:run(109)) - JvmPauseMonitor-da0f6498-aa9b-4e55-90ad-9a1857b2ba5a: Stopped
2022-10-16 13:16:40,784 [ReplicationMonitor] INFO  replication.ReplicationManager (ReplicationManager.java:processAll(324)) - Replication Monitor Thread took 1 milliseconds for processing 7 containers.
2022-10-16 13:16:41,135 [ReplicationMonitor] INFO  replication.ReplicationManager (ReplicationManager.java:processAll(324)) - Replication Monitor Thread took 0 milliseconds for processing 7 containers.
2022-10-16 13:16:41,784 [ReplicationMonitor] INFO  replication.ReplicationManager (ReplicationManager.java:processAll(324)) - Replication Monitor Thread took 0 milliseconds for processing 7 containers.
2022-10-16 13:16:41,902 [Under Replicated Processor] INFO  replication.UnderReplicatedProcessor (UnderReplicatedProcessor.java:processAll(92)) - Processed 0 under replicated containers, failed processing 0
2022-10-16 13:16:41,910 [Over Replicated Processor] INFO  replication.OverReplicatedProcessor (OverReplicatedProcessor.java:processAll(90)) - Processed 0 over replicated containers, failed processing 0
2022-10-16 13:16:42,135 [ReplicationMonitor] INFO  replication.ReplicationManager (ReplicationManager.java:processAll(324)) - Replication Monitor Thread took 0 milliseconds for processing 7 containers.
2022-10-16 13:16:42,411 [Listener at 127.0.0.1/38707] INFO  utils.BackgroundService (BackgroundService.java:shutdown(141)) - Shutting down service BlockDeletingService
2022-10-16 13:16:42,412 [Listener at 127.0.0.1/38707] INFO  utils.BackgroundService (BackgroundService.java:shutdown(141)) - Shutting down service StaleRecoveringContainerScrubbingService
2022-10-16 13:16:42,413 [ForkJoinPool.commonPool-worker-1] INFO  utils.BackgroundService (BackgroundService.java:shutdown(141)) - Shutting down service BlockDeletingService
2022-10-16 13:16:42,414 [Listener at 127.0.0.1/38707] INFO  statemachine.DatanodeStateMachine (DatanodeStateMachine.java:stopDaemon(580)) - Ozone container server stopped.
2022-10-16 13:16:42,420 [ForkJoinPool.commonPool-worker-1] INFO  utils.BackgroundService (BackgroundService.java:shutdown(141)) - Shutting down service StaleRecoveringContainerScrubbingService
2022-10-16 13:16:42,421 [ForkJoinPool.commonPool-worker-1] INFO  statemachine.DatanodeStateMachine (DatanodeStateMachine.java:stopDaemon(580)) - Ozone container server stopped.
2022-10-16 13:16:42,425 [Listener at 127.0.0.1/38707] INFO  handler.ContextHandler (ContextHandler.java:doStop(1153)) - Stopped o.e.j.w.WebAppContext@2571c201{hddsDatanode,/,null,STOPPED}{jar:file:/home/runner/.m2/repository/org/apache/ozone/hdds-container-service/1.3.0-SNAPSHOT/hdds-container-service-1.3.0-SNAPSHOT.jar!/webapps/hddsDatanode}
2022-10-16 13:16:42,425 [Listener at 127.0.0.1/38707] INFO  server.AbstractConnector (AbstractConnector.java:doStop(381)) - Stopped ServerConnector@48a15803{HTTP/1.1, (http/1.1)}{0.0.0.0:0}
2022-10-16 13:16:42,425 [Listener at 127.0.0.1/38707] INFO  server.session (HouseKeeper.java:stopScavenging(149)) - node0 Stopped scavenging
2022-10-16 13:16:42,426 [Listener at 127.0.0.1/38707] INFO  handler.ContextHandler (ContextHandler.java:doStop(1153)) - Stopped o.e.j.s.ServletContextHandler@4f143519{static,/static,jar:file:/home/runner/.m2/repository/org/apache/ozone/hdds-container-service/1.3.0-SNAPSHOT/hdds-container-service-1.3.0-SNAPSHOT.jar!/webapps/static,STOPPED}
2022-10-16 13:16:42,426 [Listener at 127.0.0.1/38707] INFO  handler.ContextHandler (ContextHandler.java:doStop(1153)) - Stopped o.e.j.s.ServletContextHandler@55f596ed{logs,/logs,file:///home/runner/work/ozone/ozone/hadoop-ozone/integration-test/target/log,STOPPED}
2022-10-16 13:16:42,428 [Listener at 127.0.0.1/38707] INFO  ozoneimpl.OzoneContainer (OzoneContainer.java:stop(400)) - Attempting to stop container services.
2022-10-16 13:16:42,428 [Listener at 127.0.0.1/38707] INFO  server.RaftServer (RaftServerProxy.java:lambda$close$7(398)) - d22513a5-5bbc-4be9-9acc-f8c8ca7a35e4: close
2022-10-16 13:16:42,429 [Listener at 127.0.0.1/38707] INFO  server.RaftServer$Division (RaftServerImpl.java:lambda$close$4(434)) - d22513a5-5bbc-4be9-9acc-f8c8ca7a35e4@group-2FF5621E237E: shutdown
2022-10-16 13:16:42,429 [Listener at 127.0.0.1/38707] INFO  util.JmxRegister (JmxRegister.java:unregister(73)) - Successfully un-registered JMX Bean with object name Ratis:service=RaftServer,group=group-2FF5621E237E,id=d22513a5-5bbc-4be9-9acc-f8c8ca7a35e4
2022-10-16 13:16:42,429 [Listener at 127.0.0.1/38707] INFO  impl.RoleInfo (RoleInfo.java:shutdownLeaderState(93)) - d22513a5-5bbc-4be9-9acc-f8c8ca7a35e4: shutdown d22513a5-5bbc-4be9-9acc-f8c8ca7a35e4@group-2FF5621E237E-LeaderStateImpl
2022-10-16 13:16:42,429 [Listener at 127.0.0.1/38707] INFO  impl.PendingRequests (PendingRequests.java:sendNotLeaderResponses(282)) - d22513a5-5bbc-4be9-9acc-f8c8ca7a35e4@group-2FF5621E237E-PendingRequests: sendNotLeaderResponses
2022-10-16 13:16:42,430 [d22513a5-5bbc-4be9-9acc-f8c8ca7a35e4@group-2FF5621E237E-StateMachineUpdater] INFO  ratis.ContainerStateMachine (ContainerStateMachine.java:takeSnapshot(304)) - group-2FF5621E237E: Taking a snapshot at:(t:1, i:0) file /home/runner/work/ozone/ozone/hadoop-ozone/integration-test/target/test-dir/MiniOzoneClusterImpl-8ac818d4-2e27-4bb1-a0ba-6e8ee7a049a2/datanode-4/data/ratis/156b64aa-9fbf-496a-9ff1-2ff5621e237e/sm/snapshot.1_0
2022-10-16 13:16:42,430 [Listener at 127.0.0.1/38707] INFO  impl.StateMachineUpdater (StateMachineUpdater.java:stopAndJoin(153)) - d22513a5-5bbc-4be9-9acc-f8c8ca7a35e4@group-2FF5621E237E-StateMachineUpdater: set stopIndex = 0
2022-10-16 13:16:42,434 [d22513a5-5bbc-4be9-9acc-f8c8ca7a35e4@group-2FF5621E237E-StateMachineUpdater] INFO  ratis.ContainerStateMachine (ContainerStateMachine.java:takeSnapshot(315)) - group-2FF5621E237E: Finished taking a snapshot at:(t:1, i:0) file:/home/runner/work/ozone/ozone/hadoop-ozone/integration-test/target/test-dir/MiniOzoneClusterImpl-8ac818d4-2e27-4bb1-a0ba-6e8ee7a049a2/datanode-4/data/ratis/156b64aa-9fbf-496a-9ff1-2ff5621e237e/sm/snapshot.1_0 took: 4 ms
2022-10-16 13:16:42,434 [d22513a5-5bbc-4be9-9acc-f8c8ca7a35e4@group-2FF5621E237E-StateMachineUpdater] INFO  impl.StateMachineUpdater (StateMachineUpdater.java:takeSnapshot(287)) - d22513a5-5bbc-4be9-9acc-f8c8ca7a35e4@group-2FF5621E237E-StateMachineUpdater: Took a snapshot at index 0
2022-10-16 13:16:42,434 [d22513a5-5bbc-4be9-9acc-f8c8ca7a35e4@group-2FF5621E237E-StateMachineUpdater] INFO  impl.StateMachineUpdater (StateMachineUpdater.java:lambda$new$0(92)) - d22513a5-5bbc-4be9-9acc-f8c8ca7a35e4@group-2FF5621E237E-StateMachineUpdater: snapshotIndex: updateIncreasingly -1 -> 0
2022-10-16 13:16:42,434 [Listener at 127.0.0.1/38707] INFO  server.RaftServer$Division (ServerState.java:close(429)) - d22513a5-5bbc-4be9-9acc-f8c8ca7a35e4@group-2FF5621E237E: closes. applyIndex: 0
2022-10-16 13:16:42,436 [d22513a5-5bbc-4be9-9acc-f8c8ca7a35e4@group-2FF5621E237E-SegmentedRaftLogWorker] INFO  segmented.SegmentedRaftLogWorker (SegmentedRaftLogWorker.java:run(336)) - d22513a5-5bbc-4be9-9acc-f8c8ca7a35e4@group-2FF5621E237E-SegmentedRaftLogWorker was interrupted, exiting. There are 0 tasks remaining in the queue.
2022-10-16 13:16:42,436 [Listener at 127.0.0.1/38707] INFO  segmented.SegmentedRaftLogWorker (SegmentedRaftLogWorker.java:close(246)) - d22513a5-5bbc-4be9-9acc-f8c8ca7a35e4@group-2FF5621E237E-SegmentedRaftLogWorker close()
2022-10-16 13:16:42,437 [Listener at 127.0.0.1/38707] INFO  server.GrpcService (GrpcService.java:closeImpl(269)) - d22513a5-5bbc-4be9-9acc-f8c8ca7a35e4: shutdown server with port 36935 now
2022-10-16 13:16:42,437 [Listener at 127.0.0.1/38707] INFO  server.GrpcService (GrpcService.java:closeImpl(278)) - d22513a5-5bbc-4be9-9acc-f8c8ca7a35e4: shutdown server with port 36935 successfully
2022-10-16 13:16:42,437 [org.apache.ratis.util.JvmPauseMonitor$$Lambda$639/339294883@606c93e0] INFO  util.JvmPauseMonitor (JvmPauseMonitor.java:run(109)) - JvmPauseMonitor-d22513a5-5bbc-4be9-9acc-f8c8ca7a35e4: Stopped
2022-10-16 13:16:42,447 [ForkJoinPool.commonPool-worker-1] INFO  handler.ContextHandler (ContextHandler.java:doStop(1153)) - Stopped o.e.j.w.WebAppContext@3ecaf4aa{hddsDatanode,/,null,STOPPED}{jar:file:/home/runner/.m2/repository/org/apache/ozone/hdds-container-service/1.3.0-SNAPSHOT/hdds-container-service-1.3.0-SNAPSHOT.jar!/webapps/hddsDatanode}
2022-10-16 13:16:42,447 [ForkJoinPool.commonPool-worker-1] INFO  server.AbstractConnector (AbstractConnector.java:doStop(381)) - Stopped ServerConnector@5f37d15e{HTTP/1.1, (http/1.1)}{0.0.0.0:0}
2022-10-16 13:16:42,447 [ForkJoinPool.commonPool-worker-1] INFO  server.session (HouseKeeper.java:stopScavenging(149)) - node0 Stopped scavenging
2022-10-16 13:16:42,450 [ForkJoinPool.commonPool-worker-1] INFO  handler.ContextHandler (ContextHandler.java:doStop(1153)) - Stopped o.e.j.s.ServletContextHandler@50109bcd{static,/static,jar:file:/home/runner/.m2/repository/org/apache/ozone/hdds-container-service/1.3.0-SNAPSHOT/hdds-container-service-1.3.0-SNAPSHOT.jar!/webapps/static,STOPPED}
2022-10-16 13:16:42,450 [ForkJoinPool.commonPool-worker-1] INFO  handler.ContextHandler (ContextHandler.java:doStop(1153)) - Stopped o.e.j.s.ServletContextHandler@55f8938d{logs,/logs,file:///home/runner/work/ozone/ozone/hadoop-ozone/integration-test/target/log,STOPPED}
2022-10-16 13:16:42,452 [ForkJoinPool.commonPool-worker-1] INFO  ozoneimpl.OzoneContainer (OzoneContainer.java:stop(400)) - Attempting to stop container services.
2022-10-16 13:16:42,453 [ForkJoinPool.commonPool-worker-1] INFO  server.RaftServer (RaftServerProxy.java:lambda$close$7(398)) - c13247a4-8e58-4a93-a398-acd85f127862: close
2022-10-16 13:16:42,453 [ForkJoinPool.commonPool-worker-1] INFO  server.RaftServer$Division (RaftServerImpl.java:lambda$close$4(434)) - c13247a4-8e58-4a93-a398-acd85f127862@group-DBA6D1CDA772: shutdown
2022-10-16 13:16:42,453 [ForkJoinPool.commonPool-worker-1] INFO  util.JmxRegister (JmxRegister.java:unregister(73)) - Successfully un-registered JMX Bean with object name Ratis:service=RaftServer,group=group-DBA6D1CDA772,id=c13247a4-8e58-4a93-a398-acd85f127862
2022-10-16 13:16:42,453 [ForkJoinPool.commonPool-worker-1] INFO  impl.RoleInfo (RoleInfo.java:shutdownFollowerState(110)) - c13247a4-8e58-4a93-a398-acd85f127862: shutdown c13247a4-8e58-4a93-a398-acd85f127862@group-DBA6D1CDA772-FollowerState
2022-10-16 13:16:42,453 [c13247a4-8e58-4a93-a398-acd85f127862@group-DBA6D1CDA772-FollowerState] INFO  impl.FollowerState (FollowerState.java:run(152)) - c13247a4-8e58-4a93-a398-acd85f127862@group-DBA6D1CDA772-FollowerState was interrupted
2022-10-16 13:16:42,453 [ForkJoinPool.commonPool-worker-1] INFO  impl.StateMachineUpdater (StateMachineUpdater.java:stopAndJoin(153)) - c13247a4-8e58-4a93-a398-acd85f127862@group-DBA6D1CDA772-StateMachineUpdater: set stopIndex = 254
2022-10-16 13:16:42,454 [c13247a4-8e58-4a93-a398-acd85f127862@group-DBA6D1CDA772-StateMachineUpdater] INFO  ratis.ContainerStateMachine (ContainerStateMachine.java:takeSnapshot(304)) - group-DBA6D1CDA772: Taking a snapshot at:(t:1, i:254) file /home/runner/work/ozone/ozone/hadoop-ozone/integration-test/target/test-dir/MiniOzoneClusterImpl-8ac818d4-2e27-4bb1-a0ba-6e8ee7a049a2/datanode-0/data/ratis/321977d6-50ac-47de-8248-dba6d1cda772/sm/snapshot.1_254
2022-10-16 13:16:42,456 [c13247a4-8e58-4a93-a398-acd85f127862@group-DBA6D1CDA772-StateMachineUpdater] INFO  ratis.ContainerStateMachine (ContainerStateMachine.java:takeSnapshot(315)) - group-DBA6D1CDA772: Finished taking a snapshot at:(t:1, i:254) file:/home/runner/work/ozone/ozone/hadoop-ozone/integration-test/target/test-dir/MiniOzoneClusterImpl-8ac818d4-2e27-4bb1-a0ba-6e8ee7a049a2/datanode-0/data/ratis/321977d6-50ac-47de-8248-dba6d1cda772/sm/snapshot.1_254 took: 2 ms
2022-10-16 13:16:42,456 [c13247a4-8e58-4a93-a398-acd85f127862@group-DBA6D1CDA772-StateMachineUpdater] INFO  impl.StateMachineUpdater (StateMachineUpdater.java:takeSnapshot(287)) - c13247a4-8e58-4a93-a398-acd85f127862@group-DBA6D1CDA772-StateMachineUpdater: Took a snapshot at index 254
2022-10-16 13:16:42,456 [c13247a4-8e58-4a93-a398-acd85f127862@group-DBA6D1CDA772-StateMachineUpdater] INFO  impl.StateMachineUpdater (StateMachineUpdater.java:lambda$new$0(92)) - c13247a4-8e58-4a93-a398-acd85f127862@group-DBA6D1CDA772-StateMachineUpdater: snapshotIndex: updateIncreasingly -1 -> 254
2022-10-16 13:16:42,457 [ForkJoinPool.commonPool-worker-1] INFO  server.RaftServer$Division (ServerState.java:close(429)) - c13247a4-8e58-4a93-a398-acd85f127862@group-DBA6D1CDA772: closes. applyIndex: 254
2022-10-16 13:16:42,457 [c13247a4-8e58-4a93-a398-acd85f127862@group-DBA6D1CDA772-SegmentedRaftLogWorker] INFO  segmented.SegmentedRaftLogWorker (SegmentedRaftLogWorker.java:run(336)) - c13247a4-8e58-4a93-a398-acd85f127862@group-DBA6D1CDA772-SegmentedRaftLogWorker was interrupted, exiting. There are 0 tasks remaining in the queue.
2022-10-16 13:16:42,458 [ForkJoinPool.commonPool-worker-1] INFO  segmented.SegmentedRaftLogWorker (SegmentedRaftLogWorker.java:close(246)) - c13247a4-8e58-4a93-a398-acd85f127862@group-DBA6D1CDA772-SegmentedRaftLogWorker close()
2022-10-16 13:16:42,458 [ForkJoinPool.commonPool-worker-1] INFO  server.RaftServer$Division (RaftServerImpl.java:lambda$close$4(434)) - c13247a4-8e58-4a93-a398-acd85f127862@group-305D96B529BC: shutdown
2022-10-16 13:16:42,458 [ForkJoinPool.commonPool-worker-1] INFO  util.JmxRegister (JmxRegister.java:unregister(73)) - Successfully un-registered JMX Bean with object name Ratis:service=RaftServer,group=group-305D96B529BC,id=c13247a4-8e58-4a93-a398-acd85f127862
2022-10-16 13:16:42,459 [ForkJoinPool.commonPool-worker-1] INFO  impl.RoleInfo (RoleInfo.java:shutdownLeaderState(93)) - c13247a4-8e58-4a93-a398-acd85f127862: shutdown c13247a4-8e58-4a93-a398-acd85f127862@group-305D96B529BC-LeaderStateImpl
2022-10-16 13:16:42,459 [ForkJoinPool.commonPool-worker-1] INFO  impl.PendingRequests (PendingRequests.java:sendNotLeaderResponses(282)) - c13247a4-8e58-4a93-a398-acd85f127862@group-305D96B529BC-PendingRequests: sendNotLeaderResponses
2022-10-16 13:16:42,459 [ForkJoinPool.commonPool-worker-1] INFO  impl.StateMachineUpdater (StateMachineUpdater.java:stopAndJoin(153)) - c13247a4-8e58-4a93-a398-acd85f127862@group-305D96B529BC-StateMachineUpdater: set stopIndex = 0
2022-10-16 13:16:42,460 [c13247a4-8e58-4a93-a398-acd85f127862@group-305D96B529BC-StateMachineUpdater] INFO  ratis.ContainerStateMachine (ContainerStateMachine.java:takeSnapshot(304)) - group-305D96B529BC: Taking a snapshot at:(t:1, i:0) file /home/runner/work/ozone/ozone/hadoop-ozone/integration-test/target/test-dir/MiniOzoneClusterImpl-8ac818d4-2e27-4bb1-a0ba-6e8ee7a049a2/datanode-0/data/ratis/c739a4e5-f93f-4327-81ff-305d96b529bc/sm/snapshot.1_0
2022-10-16 13:16:42,461 [c13247a4-8e58-4a93-a398-acd85f127862@group-305D96B529BC-StateMachineUpdater] INFO  ratis.ContainerStateMachine (ContainerStateMachine.java:takeSnapshot(315)) - group-305D96B529BC: Finished taking a snapshot at:(t:1, i:0) file:/home/runner/work/ozone/ozone/hadoop-ozone/integration-test/target/test-dir/MiniOzoneClusterImpl-8ac818d4-2e27-4bb1-a0ba-6e8ee7a049a2/datanode-0/data/ratis/c739a4e5-f93f-4327-81ff-305d96b529bc/sm/snapshot.1_0 took: 2 ms
2022-10-16 13:16:42,461 [c13247a4-8e58-4a93-a398-acd85f127862@group-305D96B529BC-StateMachineUpdater] INFO  impl.StateMachineUpdater (StateMachineUpdater.java:takeSnapshot(287)) - c13247a4-8e58-4a93-a398-acd85f127862@group-305D96B529BC-StateMachineUpdater: Took a snapshot at index 0
2022-10-16 13:16:42,461 [c13247a4-8e58-4a93-a398-acd85f127862@group-305D96B529BC-StateMachineUpdater] INFO  impl.StateMachineUpdater (StateMachineUpdater.java:lambda$new$0(92)) - c13247a4-8e58-4a93-a398-acd85f127862@group-305D96B529BC-StateMachineUpdater: snapshotIndex: updateIncreasingly -1 -> 0
2022-10-16 13:16:42,462 [ForkJoinPool.commonPool-worker-1] INFO  server.RaftServer$Division (ServerState.java:close(429)) - c13247a4-8e58-4a93-a398-acd85f127862@group-305D96B529BC: closes. applyIndex: 0
2022-10-16 13:16:42,462 [c13247a4-8e58-4a93-a398-acd85f127862@group-305D96B529BC-SegmentedRaftLogWorker] INFO  segmented.SegmentedRaftLogWorker (SegmentedRaftLogWorker.java:run(336)) - c13247a4-8e58-4a93-a398-acd85f127862@group-305D96B529BC-SegmentedRaftLogWorker was interrupted, exiting. There are 0 tasks remaining in the queue.
2022-10-16 13:16:42,462 [ForkJoinPool.commonPool-worker-1] INFO  segmented.SegmentedRaftLogWorker (SegmentedRaftLogWorker.java:close(246)) - c13247a4-8e58-4a93-a398-acd85f127862@group-305D96B529BC-SegmentedRaftLogWorker close()
2022-10-16 13:16:42,463 [ForkJoinPool.commonPool-worker-1] INFO  server.GrpcService (GrpcService.java:closeImpl(269)) - c13247a4-8e58-4a93-a398-acd85f127862: shutdown server with port 41199 now
2022-10-16 13:16:42,468 [ForkJoinPool.commonPool-worker-1] INFO  server.GrpcService (GrpcService.java:closeImpl(278)) - c13247a4-8e58-4a93-a398-acd85f127862: shutdown server with port 41199 successfully
2022-10-16 13:16:42,468 [org.apache.ratis.util.JvmPauseMonitor$$Lambda$639/339294883@12206dc] INFO  util.JvmPauseMonitor (JvmPauseMonitor.java:run(109)) - JvmPauseMonitor-c13247a4-8e58-4a93-a398-acd85f127862: Stopped
2022-10-16 13:16:42,760 [EventQueue-StaleNodeForStaleNodeHandler] INFO  node.StaleNodeHandler (StaleNodeHandler.java:onMessage(59)) - Datanode da0f6498-aa9b-4e55-90ad-9a1857b2ba5a{ip: 10.1.0.60, host: fv-az308-250.etcbaq1qs54eplwmrjlabigyle.cx.internal.cloudapp.net, ports: [REPLICATION=41811, RATIS=33475, RATIS_ADMIN=33475, RATIS_SERVER=33475, STANDALONE=41297], networkLocation: /default-rack, certSerialId: null, persistedOpState: IN_SERVICE, persistedOpStateExpiryEpochSec: 0} moved to stale state. Finalizing its pipelines [PipelineID=d4a7b49f-34b0-4a47-979a-4b4034cac1ce, PipelineID=5a4f5031-ccc7-4ad8-a65b-aea35909ee83, PipelineID=67eec3a7-bca5-4b01-81e9-4a8c9c154f3b, PipelineID=43bc9902-73de-45f8-8cac-e3851c07d36f, PipelineID=76cc6a30-bb2e-4c16-b469-bcb117069f46, PipelineID=321977d6-50ac-47de-8248-dba6d1cda772]
2022-10-16 13:16:42,761 [EventQueue-StaleNodeForStaleNodeHandler] INFO  pipeline.PipelineManagerImpl (PipelineManagerImpl.java:closeContainersForPipeline(421)) - Container #4 closed for pipeline=PipelineID=d4a7b49f-34b0-4a47-979a-4b4034cac1ce
2022-10-16 13:16:42,761 [EventQueue-CloseContainerForCloseContainerEventHandler] INFO  container.CloseContainerEventHandler (CloseContainerEventHandler.java:onMessage(71)) - Close container Event triggered for container : #4
2022-10-16 13:16:42,761 [EventQueue-StaleNodeForStaleNodeHandler] INFO  pipeline.PipelineManagerImpl (PipelineManagerImpl.java:closePipeline(442)) - Pipeline Pipeline[ Id: d4a7b49f-34b0-4a47-979a-4b4034cac1ce, Nodes: d22513a5-5bbc-4be9-9acc-f8c8ca7a35e4{ip: 10.1.0.60, host: fv-az308-250.etcbaq1qs54eplwmrjlabigyle.cx.internal.cloudapp.net, ports: [REPLICATION=34995, RATIS=36935, RATIS_ADMIN=36935, RATIS_SERVER=36935, STANDALONE=45309], networkLocation: /default-rack, certSerialId: null, persistedOpState: null, persistedOpStateExpiryEpochSec: 0}b8b2a255-a0eb-4cad-abf7-f6bde47128f5{ip: 10.1.0.60, host: fv-az308-250.etcbaq1qs54eplwmrjlabigyle.cx.internal.cloudapp.net, ports: [REPLICATION=34549, RATIS=36501, RATIS_ADMIN=36501, RATIS_SERVER=36501, STANDALONE=39119], networkLocation: /default-rack, certSerialId: null, persistedOpState: null, persistedOpStateExpiryEpochSec: 0}da0f6498-aa9b-4e55-90ad-9a1857b2ba5a{ip: 10.1.0.60, host: fv-az308-250.etcbaq1qs54eplwmrjlabigyle.cx.internal.cloudapp.net, ports: [REPLICATION=41811, RATIS=33475, RATIS_ADMIN=33475, RATIS_SERVER=33475, STANDALONE=41297], networkLocation: /default-rack, certSerialId: null, persistedOpState: null, persistedOpStateExpiryEpochSec: 0}c13247a4-8e58-4a93-a398-acd85f127862{ip: 10.1.0.60, host: fv-az308-250.etcbaq1qs54eplwmrjlabigyle.cx.internal.cloudapp.net, ports: [REPLICATION=38839, RATIS=41199, RATIS_ADMIN=41199, RATIS_SERVER=41199, STANDALONE=42871], networkLocation: /default-rack, certSerialId: null, persistedOpState: null, persistedOpStateExpiryEpochSec: 0}dbe7118b-6463-4c1b-8250-64d2251ba697{ip: 10.1.0.60, host: fv-az308-250.etcbaq1qs54eplwmrjlabigyle.cx.internal.cloudapp.net, ports: [REPLICATION=38955, RATIS=43799, RATIS_ADMIN=43799, RATIS_SERVER=43799, STANDALONE=39749], networkLocation: /default-rack, certSerialId: null, persistedOpState: null, persistedOpStateExpiryEpochSec: 0}, ReplicationConfig: EC/ECReplicationConfig{data=3, parity=2, ecChunkSize=1048576, codec=rs}, State:OPEN, leaderId:, CreationTimestamp2022-10-16T13:16:32.025Z[Etc/UTC]] moved to CLOSED state
2022-10-16 13:16:42,764 [EventQueue-StaleNodeForStaleNodeHandler] INFO  pipeline.PipelineManagerImpl (PipelineManagerImpl.java:closeContainersForPipeline(421)) - Container #5 closed for pipeline=PipelineID=5a4f5031-ccc7-4ad8-a65b-aea35909ee83
2022-10-16 13:16:42,764 [EventQueue-CloseContainerForCloseContainerEventHandler] INFO  container.CloseContainerEventHandler (CloseContainerEventHandler.java:onMessage(71)) - Close container Event triggered for container : #5
2022-10-16 13:16:42,764 [EventQueue-StaleNodeForStaleNodeHandler] INFO  pipeline.PipelineManagerImpl (PipelineManagerImpl.java:closePipeline(442)) - Pipeline Pipeline[ Id: 5a4f5031-ccc7-4ad8-a65b-aea35909ee83, Nodes: d22513a5-5bbc-4be9-9acc-f8c8ca7a35e4{ip: 10.1.0.60, host: fv-az308-250.etcbaq1qs54eplwmrjlabigyle.cx.internal.cloudapp.net, ports: [REPLICATION=34995, RATIS=36935, RATIS_ADMIN=36935, RATIS_SERVER=36935, STANDALONE=45309], networkLocation: /default-rack, certSerialId: null, persistedOpState: null, persistedOpStateExpiryEpochSec: 0}c13247a4-8e58-4a93-a398-acd85f127862{ip: 10.1.0.60, host: fv-az308-250.etcbaq1qs54eplwmrjlabigyle.cx.internal.cloudapp.net, ports: [REPLICATION=38839, RATIS=41199, RATIS_ADMIN=41199, RATIS_SERVER=41199, STANDALONE=42871], networkLocation: /default-rack, certSerialId: null, persistedOpState: null, persistedOpStateExpiryEpochSec: 0}da0f6498-aa9b-4e55-90ad-9a1857b2ba5a{ip: 10.1.0.60, host: fv-az308-250.etcbaq1qs54eplwmrjlabigyle.cx.internal.cloudapp.net, ports: [REPLICATION=41811, RATIS=33475, RATIS_ADMIN=33475, RATIS_SERVER=33475, STANDALONE=41297], networkLocation: /default-rack, certSerialId: null, persistedOpState: null, persistedOpStateExpiryEpochSec: 0}b8b2a255-a0eb-4cad-abf7-f6bde47128f5{ip: 10.1.0.60, host: fv-az308-250.etcbaq1qs54eplwmrjlabigyle.cx.internal.cloudapp.net, ports: [REPLICATION=34549, RATIS=36501, RATIS_ADMIN=36501, RATIS_SERVER=36501, STANDALONE=39119], networkLocation: /default-rack, certSerialId: null, persistedOpState: null, persistedOpStateExpiryEpochSec: 0}dbe7118b-6463-4c1b-8250-64d2251ba697{ip: 10.1.0.60, host: fv-az308-250.etcbaq1qs54eplwmrjlabigyle.cx.internal.cloudapp.net, ports: [REPLICATION=38955, RATIS=43799, RATIS_ADMIN=43799, RATIS_SERVER=43799, STANDALONE=39749], networkLocation: /default-rack, certSerialId: null, persistedOpState: null, persistedOpStateExpiryEpochSec: 0}, ReplicationConfig: EC/ECReplicationConfig{data=3, parity=2, ecChunkSize=1048576, codec=rs}, State:OPEN, leaderId:, CreationTimestamp2022-10-16T13:16:32.649Z[Etc/UTC]] moved to CLOSED state
2022-10-16 13:16:42,764 [EventQueue-StaleNodeForStaleNodeHandler] INFO  pipeline.PipelineManagerImpl (PipelineManagerImpl.java:closeContainersForPipeline(421)) - Container #6 closed for pipeline=PipelineID=67eec3a7-bca5-4b01-81e9-4a8c9c154f3b
2022-10-16 13:16:42,764 [EventQueue-CloseContainerForCloseContainerEventHandler] INFO  container.CloseContainerEventHandler (CloseContainerEventHandler.java:onMessage(71)) - Close container Event triggered for container : #6
2022-10-16 13:16:42,765 [EventQueue-StaleNodeForStaleNodeHandler] INFO  pipeline.PipelineManagerImpl (PipelineManagerImpl.java:closePipeline(442)) - Pipeline Pipeline[ Id: 67eec3a7-bca5-4b01-81e9-4a8c9c154f3b, Nodes: d22513a5-5bbc-4be9-9acc-f8c8ca7a35e4{ip: 10.1.0.60, host: fv-az308-250.etcbaq1qs54eplwmrjlabigyle.cx.internal.cloudapp.net, ports: [REPLICATION=34995, RATIS=36935, RATIS_ADMIN=36935, RATIS_SERVER=36935, STANDALONE=45309], networkLocation: /default-rack, certSerialId: null, persistedOpState: null, persistedOpStateExpiryEpochSec: 0}da0f6498-aa9b-4e55-90ad-9a1857b2ba5a{ip: 10.1.0.60, host: fv-az308-250.etcbaq1qs54eplwmrjlabigyle.cx.internal.cloudapp.net, ports: [REPLICATION=41811, RATIS=33475, RATIS_ADMIN=33475, RATIS_SERVER=33475, STANDALONE=41297], networkLocation: /default-rack, certSerialId: null, persistedOpState: null, persistedOpStateExpiryEpochSec: 0}dbe7118b-6463-4c1b-8250-64d2251ba697{ip: 10.1.0.60, host: fv-az308-250.etcbaq1qs54eplwmrjlabigyle.cx.internal.cloudapp.net, ports: [REPLICATION=38955, RATIS=43799, RATIS_ADMIN=43799, RATIS_SERVER=43799, STANDALONE=39749], networkLocation: /default-rack, certSerialId: null, persistedOpState: null, persistedOpStateExpiryEpochSec: 0}c13247a4-8e58-4a93-a398-acd85f127862{ip: 10.1.0.60, host: fv-az308-250.etcbaq1qs54eplwmrjlabigyle.cx.internal.cloudapp.net, ports: [REPLICATION=38839, RATIS=41199, RATIS_ADMIN=41199, RATIS_SERVER=41199, STANDALONE=42871], networkLocation: /default-rack, certSerialId: null, persistedOpState: null, persistedOpStateExpiryEpochSec: 0}b8b2a255-a0eb-4cad-abf7-f6bde47128f5{ip: 10.1.0.60, host: fv-az308-250.etcbaq1qs54eplwmrjlabigyle.cx.internal.cloudapp.net, ports: [REPLICATION=34549, RATIS=36501, RATIS_ADMIN=36501, RATIS_SERVER=36501, STANDALONE=39119], networkLocation: /default-rack, certSerialId: null, persistedOpState: null, persistedOpStateExpiryEpochSec: 0}, ReplicationConfig: EC/ECReplicationConfig{data=3, parity=2, ecChunkSize=1048576, codec=rs}, State:OPEN, leaderId:, CreationTimestamp2022-10-16T13:16:32.916Z[Etc/UTC]] moved to CLOSED state
2022-10-16 13:16:42,765 [EventQueue-StaleNodeForStaleNodeHandler] INFO  pipeline.PipelineManagerImpl (PipelineManagerImpl.java:closeContainersForPipeline(421)) - Container #7 closed for pipeline=PipelineID=43bc9902-73de-45f8-8cac-e3851c07d36f
2022-10-16 13:16:42,765 [EventQueue-StaleNodeForStaleNodeHandler] INFO  pipeline.PipelineManagerImpl (PipelineManagerImpl.java:closePipeline(442)) - Pipeline Pipeline[ Id: 43bc9902-73de-45f8-8cac-e3851c07d36f, Nodes: dbe7118b-6463-4c1b-8250-64d2251ba697{ip: 10.1.0.60, host: fv-az308-250.etcbaq1qs54eplwmrjlabigyle.cx.internal.cloudapp.net, ports: [REPLICATION=38955, RATIS=43799, RATIS_ADMIN=43799, RATIS_SERVER=43799, STANDALONE=39749], networkLocation: /default-rack, certSerialId: null, persistedOpState: null, persistedOpStateExpiryEpochSec: 0}b8b2a255-a0eb-4cad-abf7-f6bde47128f5{ip: 10.1.0.60, host: fv-az308-250.etcbaq1qs54eplwmrjlabigyle.cx.internal.cloudapp.net, ports: [REPLICATION=34549, RATIS=36501, RATIS_ADMIN=36501, RATIS_SERVER=36501, STANDALONE=39119], networkLocation: /default-rack, certSerialId: null, persistedOpState: null, persistedOpStateExpiryEpochSec: 0}da0f6498-aa9b-4e55-90ad-9a1857b2ba5a{ip: 10.1.0.60, host: fv-az308-250.etcbaq1qs54eplwmrjlabigyle.cx.internal.cloudapp.net, ports: [REPLICATION=41811, RATIS=33475, RATIS_ADMIN=33475, RATIS_SERVER=33475, STANDALONE=41297], networkLocation: /default-rack, certSerialId: null, persistedOpState: null, persistedOpStateExpiryEpochSec: 0}d22513a5-5bbc-4be9-9acc-f8c8ca7a35e4{ip: 10.1.0.60, host: fv-az308-250.etcbaq1qs54eplwmrjlabigyle.cx.internal.cloudapp.net, ports: [REPLICATION=34995, RATIS=36935, RATIS_ADMIN=36935, RATIS_SERVER=36935, STANDALONE=45309], networkLocation: /default-rack, certSerialId: null, persistedOpState: null, persistedOpStateExpiryEpochSec: 0}c13247a4-8e58-4a93-a398-acd85f127862{ip: 10.1.0.60, host: fv-az308-250.etcbaq1qs54eplwmrjlabigyle.cx.internal.cloudapp.net, ports: [REPLICATION=38839, RATIS=41199, RATIS_ADMIN=41199, RATIS_SERVER=41199, STANDALONE=42871], networkLocation: /default-rack, certSerialId: null, persistedOpState: null, persistedOpStateExpiryEpochSec: 0}, ReplicationConfig: EC/ECReplicationConfig{data=3, parity=2, ecChunkSize=1048576, codec=rs}, State:OPEN, leaderId:, CreationTimestamp2022-10-16T13:16:33.262Z[Etc/UTC]] moved to CLOSED state
2022-10-16 13:16:42,766 [EventQueue-CloseContainerForCloseContainerEventHandler] INFO  container.CloseContainerEventHandler (CloseContainerEventHandler.java:onMessage(71)) - Close container Event triggered for container : #7
2022-10-16 13:16:42,766 [EventQueue-StaleNodeForStaleNodeHandler] INFO  pipeline.PipelineManagerImpl (PipelineManagerImpl.java:closePipeline(442)) - Pipeline Pipeline[ Id: 76cc6a30-bb2e-4c16-b469-bcb117069f46, Nodes: da0f6498-aa9b-4e55-90ad-9a1857b2ba5a{ip: 10.1.0.60, host: fv-az308-250.etcbaq1qs54eplwmrjlabigyle.cx.internal.cloudapp.net, ports: [REPLICATION=41811, RATIS=33475, RATIS_ADMIN=33475, RATIS_SERVER=33475, STANDALONE=41297], networkLocation: /default-rack, certSerialId: null, persistedOpState: IN_SERVICE, persistedOpStateExpiryEpochSec: 0}, ReplicationConfig: RATIS/ONE, State:OPEN, leaderId:da0f6498-aa9b-4e55-90ad-9a1857b2ba5a, CreationTimestamp2022-10-16T13:15:56.406Z[Etc/UTC]] moved to CLOSED state
2022-10-16 13:16:42,766 [EventQueue-StaleNodeForStaleNodeHandler] INFO  pipeline.PipelineManagerImpl (PipelineManagerImpl.java:closeContainersForPipeline(421)) - Container #1 closed for pipeline=PipelineID=321977d6-50ac-47de-8248-dba6d1cda772
2022-10-16 13:16:42,766 [EventQueue-StaleNodeForStaleNodeHandler] INFO  pipeline.PipelineManagerImpl (PipelineManagerImpl.java:closeContainersForPipeline(421)) - Container #2 closed for pipeline=PipelineID=321977d6-50ac-47de-8248-dba6d1cda772
2022-10-16 13:16:42,766 [EventQueue-CloseContainerForCloseContainerEventHandler] INFO  container.CloseContainerEventHandler (CloseContainerEventHandler.java:onMessage(71)) - Close container Event triggered for container : #1
2022-10-16 13:16:42,767 [EventQueue-CloseContainerForCloseContainerEventHandler] INFO  container.CloseContainerEventHandler (CloseContainerEventHandler.java:onMessage(71)) - Close container Event triggered for container : #2
2022-10-16 13:16:42,767 [EventQueue-StaleNodeForStaleNodeHandler] INFO  pipeline.PipelineManagerImpl (PipelineManagerImpl.java:closeContainersForPipeline(421)) - Container #3 closed for pipeline=PipelineID=321977d6-50ac-47de-8248-dba6d1cda772
2022-10-16 13:16:42,767 [EventQueue-StaleNodeForStaleNodeHandler] INFO  pipeline.PipelineManagerImpl (PipelineManagerImpl.java:closePipeline(442)) - Pipeline Pipeline[ Id: 321977d6-50ac-47de-8248-dba6d1cda772, Nodes: c13247a4-8e58-4a93-a398-acd85f127862{ip: 10.1.0.60, host: fv-az308-250.etcbaq1qs54eplwmrjlabigyle.cx.internal.cloudapp.net, ports: [REPLICATION=38839, RATIS=41199, RATIS_ADMIN=41199, RATIS_SERVER=41199, STANDALONE=42871], networkLocation: /default-rack, certSerialId: null, persistedOpState: IN_SERVICE, persistedOpStateExpiryEpochSec: 0}da0f6498-aa9b-4e55-90ad-9a1857b2ba5a{ip: 10.1.0.60, host: fv-az308-250.etcbaq1qs54eplwmrjlabigyle.cx.internal.cloudapp.net, ports: [REPLICATION=41811, RATIS=33475, RATIS_ADMIN=33475, RATIS_SERVER=33475, STANDALONE=41297], networkLocation: /default-rack, certSerialId: null, persistedOpState: IN_SERVICE, persistedOpStateExpiryEpochSec: 0}b8b2a255-a0eb-4cad-abf7-f6bde47128f5{ip: 10.1.0.60, host: fv-az308-250.etcbaq1qs54eplwmrjlabigyle.cx.internal.cloudapp.net, ports: [REPLICATION=34549, RATIS=36501, RATIS_ADMIN=36501, RATIS_SERVER=36501, STANDALONE=39119], networkLocation: /default-rack, certSerialId: null, persistedOpState: IN_SERVICE, persistedOpStateExpiryEpochSec: 0}, ReplicationConfig: RATIS/THREE, State:OPEN, leaderId:da0f6498-aa9b-4e55-90ad-9a1857b2ba5a, CreationTimestamp2022-10-16T13:15:56.407Z[Etc/UTC]] moved to CLOSED state
2022-10-16 13:16:42,767 [EventQueue-StaleNodeForStaleNodeHandler] INFO  node.StaleNodeHandler (StaleNodeHandler.java:onMessage(59)) - Datanode b8b2a255-a0eb-4cad-abf7-f6bde47128f5{ip: 10.1.0.60, host: fv-az308-250.etcbaq1qs54eplwmrjlabigyle.cx.internal.cloudapp.net, ports: [REPLICATION=34549, RATIS=36501, RATIS_ADMIN=36501, RATIS_SERVER=36501, STANDALONE=39119], networkLocation: /default-rack, certSerialId: null, persistedOpState: IN_SERVICE, persistedOpStateExpiryEpochSec: 0} moved to stale state. Finalizing its pipelines [PipelineID=d4a7b49f-34b0-4a47-979a-4b4034cac1ce, PipelineID=58026da3-cfdb-4aac-ac70-0ec035ab3e7e, PipelineID=5a4f5031-ccc7-4ad8-a65b-aea35909ee83, PipelineID=67eec3a7-bca5-4b01-81e9-4a8c9c154f3b, PipelineID=43bc9902-73de-45f8-8cac-e3851c07d36f, PipelineID=321977d6-50ac-47de-8248-dba6d1cda772]
2022-10-16 13:16:42,767 [EventQueue-StaleNodeForStaleNodeHandler] INFO  pipeline.PipelineManagerImpl (PipelineManagerImpl.java:closePipeline(442)) - Pipeline Pipeline[ Id: 58026da3-cfdb-4aac-ac70-0ec035ab3e7e, Nodes: b8b2a255-a0eb-4cad-abf7-f6bde47128f5{ip: 10.1.0.60, host: fv-az308-250.etcbaq1qs54eplwmrjlabigyle.cx.internal.cloudapp.net, ports: [REPLICATION=34549, RATIS=36501, RATIS_ADMIN=36501, RATIS_SERVER=36501, STANDALONE=39119], networkLocation: /default-rack, certSerialId: null, persistedOpState: IN_SERVICE, persistedOpStateExpiryEpochSec: 0}, ReplicationConfig: RATIS/ONE, State:OPEN, leaderId:b8b2a255-a0eb-4cad-abf7-f6bde47128f5, CreationTimestamp2022-10-16T13:15:56.086Z[Etc/UTC]] moved to CLOSED state
2022-10-16 13:16:42,768 [EventQueue-CloseContainerForCloseContainerEventHandler] INFO  container.CloseContainerEventHandler (CloseContainerEventHandler.java:onMessage(71)) - Close container Event triggered for container : #3
2022-10-16 13:16:42,785 [ReplicationMonitor] INFO  replication.LegacyReplicationManager (LegacyReplicationManager.java:sendCloseCommand(1512)) - Sending close container command for container #1 to datanode c13247a4-8e58-4a93-a398-acd85f127862{ip: 10.1.0.60, host: fv-az308-250.etcbaq1qs54eplwmrjlabigyle.cx.internal.cloudapp.net, ports: [REPLICATION=38839, RATIS=41199, RATIS_ADMIN=41199, RATIS_SERVER=41199, STANDALONE=42871], networkLocation: /default-rack, certSerialId: null, persistedOpState: IN_SERVICE, persistedOpStateExpiryEpochSec: 0}.
2022-10-16 13:16:42,785 [ReplicationMonitor] INFO  replication.LegacyReplicationManager (LegacyReplicationManager.java:sendCloseCommand(1512)) - Sending close container command for container #1 to datanode da0f6498-aa9b-4e55-90ad-9a1857b2ba5a{ip: 10.1.0.60, host: fv-az308-250.etcbaq1qs54eplwmrjlabigyle.cx.internal.cloudapp.net, ports: [REPLICATION=41811, RATIS=33475, RATIS_ADMIN=33475, RATIS_SERVER=33475, STANDALONE=41297], networkLocation: /default-rack, certSerialId: null, persistedOpState: IN_SERVICE, persistedOpStateExpiryEpochSec: 0}.
2022-10-16 13:16:42,785 [ReplicationMonitor] INFO  replication.LegacyReplicationManager (LegacyReplicationManager.java:sendCloseCommand(1512)) - Sending close container command for container #1 to datanode b8b2a255-a0eb-4cad-abf7-f6bde47128f5{ip: 10.1.0.60, host: fv-az308-250.etcbaq1qs54eplwmrjlabigyle.cx.internal.cloudapp.net, ports: [REPLICATION=34549, RATIS=36501, RATIS_ADMIN=36501, RATIS_SERVER=36501, STANDALONE=39119], networkLocation: /default-rack, certSerialId: null, persistedOpState: IN_SERVICE, persistedOpStateExpiryEpochSec: 0}.
2022-10-16 13:16:42,785 [ReplicationMonitor] INFO  replication.LegacyReplicationManager (LegacyReplicationManager.java:sendCloseCommand(1512)) - Sending close container command for container #2 to datanode b8b2a255-a0eb-4cad-abf7-f6bde47128f5{ip: 10.1.0.60, host: fv-az308-250.etcbaq1qs54eplwmrjlabigyle.cx.internal.cloudapp.net, ports: [REPLICATION=34549, RATIS=36501, RATIS_ADMIN=36501, RATIS_SERVER=36501, STANDALONE=39119], networkLocation: /default-rack, certSerialId: null, persistedOpState: IN_SERVICE, persistedOpStateExpiryEpochSec: 0}.
2022-10-16 13:16:42,785 [ReplicationMonitor] INFO  replication.LegacyReplicationManager (LegacyReplicationManager.java:sendCloseCommand(1512)) - Sending close container command for container #2 to datanode da0f6498-aa9b-4e55-90ad-9a1857b2ba5a{ip: 10.1.0.60, host: fv-az308-250.etcbaq1qs54eplwmrjlabigyle.cx.internal.cloudapp.net, ports: [REPLICATION=41811, RATIS=33475, RATIS_ADMIN=33475, RATIS_SERVER=33475, STANDALONE=41297], networkLocation: /default-rack, certSerialId: null, persistedOpState: IN_SERVICE, persistedOpStateExpiryEpochSec: 0}.
2022-10-16 13:16:42,785 [ReplicationMonitor] INFO  replication.LegacyReplicationManager (LegacyReplicationManager.java:sendCloseCommand(1512)) - Sending close container command for container #2 to datanode c13247a4-8e58-4a93-a398-acd85f127862{ip: 10.1.0.60, host: fv-az308-250.etcbaq1qs54eplwmrjlabigyle.cx.internal.cloudapp.net, ports: [REPLICATION=38839, RATIS=41199, RATIS_ADMIN=41199, RATIS_SERVER=41199, STANDALONE=42871], networkLocation: /default-rack, certSerialId: null, persistedOpState: IN_SERVICE, persistedOpStateExpiryEpochSec: 0}.
2022-10-16 13:16:42,785 [ReplicationMonitor] INFO  replication.LegacyReplicationManager (LegacyReplicationManager.java:sendCloseCommand(1512)) - Sending close container command for container #3 to datanode c13247a4-8e58-4a93-a398-acd85f127862{ip: 10.1.0.60, host: fv-az308-250.etcbaq1qs54eplwmrjlabigyle.cx.internal.cloudapp.net, ports: [REPLICATION=38839, RATIS=41199, RATIS_ADMIN=41199, RATIS_SERVER=41199, STANDALONE=42871], networkLocation: /default-rack, certSerialId: null, persistedOpState: IN_SERVICE, persistedOpStateExpiryEpochSec: 0}.
2022-10-16 13:16:42,785 [ReplicationMonitor] INFO  replication.LegacyReplicationManager (LegacyReplicationManager.java:sendCloseCommand(1512)) - Sending close container command for container #3 to datanode b8b2a255-a0eb-4cad-abf7-f6bde47128f5{ip: 10.1.0.60, host: fv-az308-250.etcbaq1qs54eplwmrjlabigyle.cx.internal.cloudapp.net, ports: [REPLICATION=34549, RATIS=36501, RATIS_ADMIN=36501, RATIS_SERVER=36501, STANDALONE=39119], networkLocation: /default-rack, certSerialId: null, persistedOpState: IN_SERVICE, persistedOpStateExpiryEpochSec: 0}.
2022-10-16 13:16:42,785 [ReplicationMonitor] INFO  replication.LegacyReplicationManager (LegacyReplicationManager.java:sendCloseCommand(1512)) - Sending close container command for container #3 to datanode da0f6498-aa9b-4e55-90ad-9a1857b2ba5a{ip: 10.1.0.60, host: fv-az308-250.etcbaq1qs54eplwmrjlabigyle.cx.internal.cloudapp.net, ports: [REPLICATION=41811, RATIS=33475, RATIS_ADMIN=33475, RATIS_SERVER=33475, STANDALONE=41297], networkLocation: /default-rack, certSerialId: null, persistedOpState: IN_SERVICE, persistedOpStateExpiryEpochSec: 0}.
2022-10-16 13:16:42,785 [ReplicationMonitor] INFO  replication.ReplicationManager (ReplicationManager.java:sendCloseContainerReplicaCommand(467)) - Sending close container command for container #4 to datanode da0f6498-aa9b-4e55-90ad-9a1857b2ba5a{ip: 10.1.0.60, host: fv-az308-250.etcbaq1qs54eplwmrjlabigyle.cx.internal.cloudapp.net, ports: [REPLICATION=41811, RATIS=33475, RATIS_ADMIN=33475, RATIS_SERVER=33475, STANDALONE=41297], networkLocation: /default-rack, certSerialId: null, persistedOpState: IN_SERVICE, persistedOpStateExpiryEpochSec: 0}.
2022-10-16 13:16:42,786 [ReplicationMonitor] INFO  replication.ReplicationManager (ReplicationManager.java:sendCloseContainerReplicaCommand(467)) - Sending close container command for container #4 to datanode dbe7118b-6463-4c1b-8250-64d2251ba697{ip: 10.1.0.60, host: fv-az308-250.etcbaq1qs54eplwmrjlabigyle.cx.internal.cloudapp.net, ports: [REPLICATION=38955, RATIS=43799, RATIS_ADMIN=43799, RATIS_SERVER=43799, STANDALONE=39749], networkLocation: /default-rack, certSerialId: null, persistedOpState: IN_SERVICE, persistedOpStateExpiryEpochSec: 0}.
2022-10-16 13:16:42,786 [ReplicationMonitor] INFO  replication.ReplicationManager (ReplicationManager.java:sendCloseContainerReplicaCommand(467)) - Sending close container command for container #4 to datanode c13247a4-8e58-4a93-a398-acd85f127862{ip: 10.1.0.60, host: fv-az308-250.etcbaq1qs54eplwmrjlabigyle.cx.internal.cloudapp.net, ports: [REPLICATION=38839, RATIS=41199, RATIS_ADMIN=41199, RATIS_SERVER=41199, STANDALONE=42871], networkLocation: /default-rack, certSerialId: null, persistedOpState: IN_SERVICE, persistedOpStateExpiryEpochSec: 0}.
2022-10-16 13:16:42,786 [ReplicationMonitor] INFO  replication.ReplicationManager (ReplicationManager.java:sendCloseContainerReplicaCommand(467)) - Sending close container command for container #4 to datanode b8b2a255-a0eb-4cad-abf7-f6bde47128f5{ip: 10.1.0.60, host: fv-az308-250.etcbaq1qs54eplwmrjlabigyle.cx.internal.cloudapp.net, ports: [REPLICATION=34549, RATIS=36501, RATIS_ADMIN=36501, RATIS_SERVER=36501, STANDALONE=39119], networkLocation: /default-rack, certSerialId: null, persistedOpState: IN_SERVICE, persistedOpStateExpiryEpochSec: 0}.
2022-10-16 13:16:42,786 [ReplicationMonitor] INFO  replication.ReplicationManager (ReplicationManager.java:sendCloseContainerReplicaCommand(467)) - Sending close container command for container #4 to datanode d22513a5-5bbc-4be9-9acc-f8c8ca7a35e4{ip: 10.1.0.60, host: fv-az308-250.etcbaq1qs54eplwmrjlabigyle.cx.internal.cloudapp.net, ports: [REPLICATION=34995, RATIS=36935, RATIS_ADMIN=36935, RATIS_SERVER=36935, STANDALONE=45309], networkLocation: /default-rack, certSerialId: null, persistedOpState: IN_SERVICE, persistedOpStateExpiryEpochSec: 0}.
2022-10-16 13:16:42,786 [ReplicationMonitor] INFO  replication.ReplicationManager (ReplicationManager.java:sendCloseContainerReplicaCommand(467)) - Sending close container command for container #5 to datanode c13247a4-8e58-4a93-a398-acd85f127862{ip: 10.1.0.60, host: fv-az308-250.etcbaq1qs54eplwmrjlabigyle.cx.internal.cloudapp.net, ports: [REPLICATION=38839, RATIS=41199, RATIS_ADMIN=41199, RATIS_SERVER=41199, STANDALONE=42871], networkLocation: /default-rack, certSerialId: null, persistedOpState: IN_SERVICE, persistedOpStateExpiryEpochSec: 0}.
2022-10-16 13:16:42,786 [ReplicationMonitor] INFO  replication.ReplicationManager (ReplicationManager.java:sendCloseContainerReplicaCommand(467)) - Sending close container command for container #5 to datanode d22513a5-5bbc-4be9-9acc-f8c8ca7a35e4{ip: 10.1.0.60, host: fv-az308-250.etcbaq1qs54eplwmrjlabigyle.cx.internal.cloudapp.net, ports: [REPLICATION=34995, RATIS=36935, RATIS_ADMIN=36935, RATIS_SERVER=36935, STANDALONE=45309], networkLocation: /default-rack, certSerialId: null, persistedOpState: IN_SERVICE, persistedOpStateExpiryEpochSec: 0}.
2022-10-16 13:16:42,786 [ReplicationMonitor] INFO  replication.ReplicationManager (ReplicationManager.java:sendCloseContainerReplicaCommand(467)) - Sending close container command for container #5 to datanode b8b2a255-a0eb-4cad-abf7-f6bde47128f5{ip: 10.1.0.60, host: fv-az308-250.etcbaq1qs54eplwmrjlabigyle.cx.internal.cloudapp.net, ports: [REPLICATION=34549, RATIS=36501, RATIS_ADMIN=36501, RATIS_SERVER=36501, STANDALONE=39119], networkLocation: /default-rack, certSerialId: null, persistedOpState: IN_SERVICE, persistedOpStateExpiryEpochSec: 0}.
2022-10-16 13:16:42,786 [ReplicationMonitor] INFO  replication.ReplicationManager (ReplicationManager.java:sendCloseContainerReplicaCommand(467)) - Sending close container command for container #5 to datanode da0f6498-aa9b-4e55-90ad-9a1857b2ba5a{ip: 10.1.0.60, host: fv-az308-250.etcbaq1qs54eplwmrjlabigyle.cx.internal.cloudapp.net, ports: [REPLICATION=41811, RATIS=33475, RATIS_ADMIN=33475, RATIS_SERVER=33475, STANDALONE=41297], networkLocation: /default-rack, certSerialId: null, persistedOpState: IN_SERVICE, persistedOpStateExpiryEpochSec: 0}.
2022-10-16 13:16:42,786 [ReplicationMonitor] INFO  replication.ReplicationManager (ReplicationManager.java:sendCloseContainerReplicaCommand(467)) - Sending close container command for container #5 to datanode dbe7118b-6463-4c1b-8250-64d2251ba697{ip: 10.1.0.60, host: fv-az308-250.etcbaq1qs54eplwmrjlabigyle.cx.internal.cloudapp.net, ports: [REPLICATION=38955, RATIS=43799, RATIS_ADMIN=43799, RATIS_SERVER=43799, STANDALONE=39749], networkLocation: /default-rack, certSerialId: null, persistedOpState: IN_SERVICE, persistedOpStateExpiryEpochSec: 0}.
2022-10-16 13:16:42,786 [ReplicationMonitor] INFO  replication.ReplicationManager (ReplicationManager.java:sendCloseContainerReplicaCommand(467)) - Sending close container command for container #6 to datanode dbe7118b-6463-4c1b-8250-64d2251ba697{ip: 10.1.0.60, host: fv-az308-250.etcbaq1qs54eplwmrjlabigyle.cx.internal.cloudapp.net, ports: [REPLICATION=38955, RATIS=43799, RATIS_ADMIN=43799, RATIS_SERVER=43799, STANDALONE=39749], networkLocation: /default-rack, certSerialId: null, persistedOpState: IN_SERVICE, persistedOpStateExpiryEpochSec: 0}.
2022-10-16 13:16:42,786 [ReplicationMonitor] INFO  replication.ReplicationManager (ReplicationManager.java:sendCloseContainerReplicaCommand(467)) - Sending close container command for container #6 to datanode da0f6498-aa9b-4e55-90ad-9a1857b2ba5a{ip: 10.1.0.60, host: fv-az308-250.etcbaq1qs54eplwmrjlabigyle.cx.internal.cloudapp.net, ports: [REPLICATION=41811, RATIS=33475, RATIS_ADMIN=33475, RATIS_SERVER=33475, STANDALONE=41297], networkLocation: /default-rack, certSerialId: null, persistedOpState: IN_SERVICE, persistedOpStateExpiryEpochSec: 0}.
2022-10-16 13:16:42,786 [ReplicationMonitor] INFO  replication.ReplicationManager (ReplicationManager.java:sendCloseContainerReplicaCommand(467)) - Sending close container command for container #6 to datanode c13247a4-8e58-4a93-a398-acd85f127862{ip: 10.1.0.60, host: fv-az308-250.etcbaq1qs54eplwmrjlabigyle.cx.internal.cloudapp.net, ports: [REPLICATION=38839, RATIS=41199, RATIS_ADMIN=41199, RATIS_SERVER=41199, STANDALONE=42871], networkLocation: /default-rack, certSerialId: null, persistedOpState: IN_SERVICE, persistedOpStateExpiryEpochSec: 0}.
2022-10-16 13:16:42,786 [ReplicationMonitor] INFO  replication.ReplicationManager (ReplicationManager.java:sendCloseContainerReplicaCommand(467)) - Sending close container command for container #6 to datanode d22513a5-5bbc-4be9-9acc-f8c8ca7a35e4{ip: 10.1.0.60, host: fv-az308-250.etcbaq1qs54eplwmrjlabigyle.cx.internal.cloudapp.net, ports: [REPLICATION=34995, RATIS=36935, RATIS_ADMIN=36935, RATIS_SERVER=36935, STANDALONE=45309], networkLocation: /default-rack, certSerialId: null, persistedOpState: IN_SERVICE, persistedOpStateExpiryEpochSec: 0}.
2022-10-16 13:16:42,786 [ReplicationMonitor] INFO  replication.ReplicationManager (ReplicationManager.java:sendCloseContainerReplicaCommand(467)) - Sending close container command for container #6 to datanode b8b2a255-a0eb-4cad-abf7-f6bde47128f5{ip: 10.1.0.60, host: fv-az308-250.etcbaq1qs54eplwmrjlabigyle.cx.internal.cloudapp.net, ports: [REPLICATION=34549, RATIS=36501, RATIS_ADMIN=36501, RATIS_SERVER=36501, STANDALONE=39119], networkLocation: /default-rack, certSerialId: null, persistedOpState: IN_SERVICE, persistedOpStateExpiryEpochSec: 0}.
2022-10-16 13:16:42,786 [ReplicationMonitor] INFO  replication.ReplicationManager (ReplicationManager.java:sendCloseContainerReplicaCommand(467)) - Sending close container command for container #7 to datanode c13247a4-8e58-4a93-a398-acd85f127862{ip: 10.1.0.60, host: fv-az308-250.etcbaq1qs54eplwmrjlabigyle.cx.internal.cloudapp.net, ports: [REPLICATION=38839, RATIS=41199, RATIS_ADMIN=41199, RATIS_SERVER=41199, STANDALONE=42871], networkLocation: /default-rack, certSerialId: null, persistedOpState: IN_SERVICE, persistedOpStateExpiryEpochSec: 0}.
2022-10-16 13:16:42,786 [ReplicationMonitor] INFO  replication.ReplicationManager (ReplicationManager.java:sendCloseContainerReplicaCommand(467)) - Sending close container command for container #7 to datanode d22513a5-5bbc-4be9-9acc-f8c8ca7a35e4{ip: 10.1.0.60, host: fv-az308-250.etcbaq1qs54eplwmrjlabigyle.cx.internal.cloudapp.net, ports: [REPLICATION=34995, RATIS=36935, RATIS_ADMIN=36935, RATIS_SERVER=36935, STANDALONE=45309], networkLocation: /default-rack, certSerialId: null, persistedOpState: IN_SERVICE, persistedOpStateExpiryEpochSec: 0}.
2022-10-16 13:16:42,786 [ReplicationMonitor] INFO  replication.ReplicationManager (ReplicationManager.java:sendCloseContainerReplicaCommand(467)) - Sending close container command for container #7 to datanode b8b2a255-a0eb-4cad-abf7-f6bde47128f5{ip: 10.1.0.60, host: fv-az308-250.etcbaq1qs54eplwmrjlabigyle.cx.internal.cloudapp.net, ports: [REPLICATION=34549, RATIS=36501, RATIS_ADMIN=36501, RATIS_SERVER=36501, STANDALONE=39119], networkLocation: /default-rack, certSerialId: null, persistedOpState: IN_SERVICE, persistedOpStateExpiryEpochSec: 0}.
2022-10-16 13:16:42,786 [ReplicationMonitor] INFO  replication.ReplicationManager (ReplicationManager.java:sendCloseContainerReplicaCommand(467)) - Sending close container command for container #7 to datanode dbe7118b-6463-4c1b-8250-64d2251ba697{ip: 10.1.0.60, host: fv-az308-250.etcbaq1qs54eplwmrjlabigyle.cx.internal.cloudapp.net, ports: [REPLICATION=38955, RATIS=43799, RATIS_ADMIN=43799, RATIS_SERVER=43799, STANDALONE=39749], networkLocation: /default-rack, certSerialId: null, persistedOpState: IN_SERVICE, persistedOpStateExpiryEpochSec: 0}.
2022-10-16 13:16:42,786 [ReplicationMonitor] INFO  replication.ReplicationManager (ReplicationManager.java:sendCloseContainerReplicaCommand(467)) - Sending close container command for container #7 to datanode da0f6498-aa9b-4e55-90ad-9a1857b2ba5a{ip: 10.1.0.60, host: fv-az308-250.etcbaq1qs54eplwmrjlabigyle.cx.internal.cloudapp.net, ports: [REPLICATION=41811, RATIS=33475, RATIS_ADMIN=33475, RATIS_SERVER=33475, STANDALONE=41297], networkLocation: /default-rack, certSerialId: null, persistedOpState: IN_SERVICE, persistedOpStateExpiryEpochSec: 0}.
2022-10-16 13:16:42,786 [ReplicationMonitor] INFO  replication.ReplicationManager (ReplicationManager.java:processAll(324)) - Replication Monitor Thread took 2 milliseconds for processing 7 containers.
2022-10-16 13:16:43,136 [ReplicationMonitor] INFO  replication.ReplicationManager (ReplicationManager.java:processAll(324)) - Replication Monitor Thread took 1 milliseconds for processing 7 containers.
2022-10-16 13:16:43,787 [ReplicationMonitor] INFO  replication.LegacyReplicationManager (LegacyReplicationManager.java:sendCloseCommand(1512)) - Sending close container command for container #1 to datanode c13247a4-8e58-4a93-a398-acd85f127862{ip: 10.1.0.60, host: fv-az308-250.etcbaq1qs54eplwmrjlabigyle.cx.internal.cloudapp.net, ports: [REPLICATION=38839, RATIS=41199, RATIS_ADMIN=41199, RATIS_SERVER=41199, STANDALONE=42871], networkLocation: /default-rack, certSerialId: null, persistedOpState: IN_SERVICE, persistedOpStateExpiryEpochSec: 0}.
2022-10-16 13:16:43,787 [ReplicationMonitor] INFO  replication.LegacyReplicationManager (LegacyReplicationManager.java:sendCloseCommand(1512)) - Sending close container command for container #1 to datanode da0f6498-aa9b-4e55-90ad-9a1857b2ba5a{ip: 10.1.0.60, host: fv-az308-250.etcbaq1qs54eplwmrjlabigyle.cx.internal.cloudapp.net, ports: [REPLICATION=41811, RATIS=33475, RATIS_ADMIN=33475, RATIS_SERVER=33475, STANDALONE=41297], networkLocation: /default-rack, certSerialId: null, persistedOpState: IN_SERVICE, persistedOpStateExpiryEpochSec: 0}.
2022-10-16 13:16:43,787 [ReplicationMonitor] INFO  replication.LegacyReplicationManager (LegacyReplicationManager.java:sendCloseCommand(1512)) - Sending close container command for container #1 to datanode b8b2a255-a0eb-4cad-abf7-f6bde47128f5{ip: 10.1.0.60, host: fv-az308-250.etcbaq1qs54eplwmrjlabigyle.cx.internal.cloudapp.net, ports: [REPLICATION=34549, RATIS=36501, RATIS_ADMIN=36501, RATIS_SERVER=36501, STANDALONE=39119], networkLocation: /default-rack, certSerialId: null, persistedOpState: IN_SERVICE, persistedOpStateExpiryEpochSec: 0}.
2022-10-16 13:16:43,787 [ReplicationMonitor] INFO  replication.LegacyReplicationManager (LegacyReplicationManager.java:sendCloseCommand(1512)) - Sending close container command for container #2 to datanode b8b2a255-a0eb-4cad-abf7-f6bde47128f5{ip: 10.1.0.60, host: fv-az308-250.etcbaq1qs54eplwmrjlabigyle.cx.internal.cloudapp.net, ports: [REPLICATION=34549, RATIS=36501, RATIS_ADMIN=36501, RATIS_SERVER=36501, STANDALONE=39119], networkLocation: /default-rack, certSerialId: null, persistedOpState: IN_SERVICE, persistedOpStateExpiryEpochSec: 0}.
2022-10-16 13:16:43,787 [ReplicationMonitor] INFO  replication.LegacyReplicationManager (LegacyReplicationManager.java:sendCloseCommand(1512)) - Sending close container command for container #2 to datanode da0f6498-aa9b-4e55-90ad-9a1857b2ba5a{ip: 10.1.0.60, host: fv-az308-250.etcbaq1qs54eplwmrjlabigyle.cx.internal.cloudapp.net, ports: [REPLICATION=41811, RATIS=33475, RATIS_ADMIN=33475, RATIS_SERVER=33475, STANDALONE=41297], networkLocation: /default-rack, certSerialId: null, persistedOpState: IN_SERVICE, persistedOpStateExpiryEpochSec: 0}.
2022-10-16 13:16:43,787 [ReplicationMonitor] INFO  replication.LegacyReplicationManager (LegacyReplicationManager.java:sendCloseCommand(1512)) - Sending close container command for container #2 to datanode c13247a4-8e58-4a93-a398-acd85f127862{ip: 10.1.0.60, host: fv-az308-250.etcbaq1qs54eplwmrjlabigyle.cx.internal.cloudapp.net, ports: [REPLICATION=38839, RATIS=41199, RATIS_ADMIN=41199, RATIS_SERVER=41199, STANDALONE=42871], networkLocation: /default-rack, certSerialId: null, persistedOpState: IN_SERVICE, persistedOpStateExpiryEpochSec: 0}.
2022-10-16 13:16:43,787 [ReplicationMonitor] INFO  replication.LegacyReplicationManager (LegacyReplicationManager.java:sendCloseCommand(1512)) - Sending close container command for container #3 to datanode c13247a4-8e58-4a93-a398-acd85f127862{ip: 10.1.0.60, host: fv-az308-250.etcbaq1qs54eplwmrjlabigyle.cx.internal.cloudapp.net, ports: [REPLICATION=38839, RATIS=41199, RATIS_ADMIN=41199, RATIS_SERVER=41199, STANDALONE=42871], networkLocation: /default-rack, certSerialId: null, persistedOpState: IN_SERVICE, persistedOpStateExpiryEpochSec: 0}.
2022-10-16 13:16:43,787 [ReplicationMonitor] INFO  replication.LegacyReplicationManager (LegacyReplicationManager.java:sendCloseCommand(1512)) - Sending close container command for container #3 to datanode b8b2a255-a0eb-4cad-abf7-f6bde47128f5{ip: 10.1.0.60, host: fv-az308-250.etcbaq1qs54eplwmrjlabigyle.cx.internal.cloudapp.net, ports: [REPLICATION=34549, RATIS=36501, RATIS_ADMIN=36501, RATIS_SERVER=36501, STANDALONE=39119], networkLocation: /default-rack, certSerialId: null, persistedOpState: IN_SERVICE, persistedOpStateExpiryEpochSec: 0}.
2022-10-16 13:16:43,787 [ReplicationMonitor] INFO  replication.LegacyReplicationManager (LegacyReplicationManager.java:sendCloseCommand(1512)) - Sending close container command for container #3 to datanode da0f6498-aa9b-4e55-90ad-9a1857b2ba5a{ip: 10.1.0.60, host: fv-az308-250.etcbaq1qs54eplwmrjlabigyle.cx.internal.cloudapp.net, ports: [REPLICATION=41811, RATIS=33475, RATIS_ADMIN=33475, RATIS_SERVER=33475, STANDALONE=41297], networkLocation: /default-rack, certSerialId: null, persistedOpState: IN_SERVICE, persistedOpStateExpiryEpochSec: 0}.
2022-10-16 13:16:43,787 [ReplicationMonitor] INFO  replication.ReplicationManager (ReplicationManager.java:sendCloseContainerReplicaCommand(467)) - Sending close container command for container #4 to datanode da0f6498-aa9b-4e55-90ad-9a1857b2ba5a{ip: 10.1.0.60, host: fv-az308-250.etcbaq1qs54eplwmrjlabigyle.cx.internal.cloudapp.net, ports: [REPLICATION=41811, RATIS=33475, RATIS_ADMIN=33475, RATIS_SERVER=33475, STANDALONE=41297], networkLocation: /default-rack, certSerialId: null, persistedOpState: IN_SERVICE, persistedOpStateExpiryEpochSec: 0}.
2022-10-16 13:16:43,788 [ReplicationMonitor] INFO  replication.ReplicationManager (ReplicationManager.java:sendCloseContainerReplicaCommand(467)) - Sending close container command for container #4 to datanode dbe7118b-6463-4c1b-8250-64d2251ba697{ip: 10.1.0.60, host: fv-az308-250.etcbaq1qs54eplwmrjlabigyle.cx.internal.cloudapp.net, ports: [REPLICATION=38955, RATIS=43799, RATIS_ADMIN=43799, RATIS_SERVER=43799, STANDALONE=39749], networkLocation: /default-rack, certSerialId: null, persistedOpState: IN_SERVICE, persistedOpStateExpiryEpochSec: 0}.
2022-10-16 13:16:43,788 [ReplicationMonitor] INFO  replication.ReplicationManager (ReplicationManager.java:sendCloseContainerReplicaCommand(467)) - Sending close container command for container #4 to datanode c13247a4-8e58-4a93-a398-acd85f127862{ip: 10.1.0.60, host: fv-az308-250.etcbaq1qs54eplwmrjlabigyle.cx.internal.cloudapp.net, ports: [REPLICATION=38839, RATIS=41199, RATIS_ADMIN=41199, RATIS_SERVER=41199, STANDALONE=42871], networkLocation: /default-rack, certSerialId: null, persistedOpState: IN_SERVICE, persistedOpStateExpiryEpochSec: 0}.
2022-10-16 13:16:43,788 [ReplicationMonitor] INFO  replication.ReplicationManager (ReplicationManager.java:sendCloseContainerReplicaCommand(467)) - Sending close container command for container #4 to datanode b8b2a255-a0eb-4cad-abf7-f6bde47128f5{ip: 10.1.0.60, host: fv-az308-250.etcbaq1qs54eplwmrjlabigyle.cx.internal.cloudapp.net, ports: [REPLICATION=34549, RATIS=36501, RATIS_ADMIN=36501, RATIS_SERVER=36501, STANDALONE=39119], networkLocation: /default-rack, certSerialId: null, persistedOpState: IN_SERVICE, persistedOpStateExpiryEpochSec: 0}.
2022-10-16 13:16:43,788 [ReplicationMonitor] INFO  replication.ReplicationManager (ReplicationManager.java:sendCloseContainerReplicaCommand(467)) - Sending close container command for container #4 to datanode d22513a5-5bbc-4be9-9acc-f8c8ca7a35e4{ip: 10.1.0.60, host: fv-az308-250.etcbaq1qs54eplwmrjlabigyle.cx.internal.cloudapp.net, ports: [REPLICATION=34995, RATIS=36935, RATIS_ADMIN=36935, RATIS_SERVER=36935, STANDALONE=45309], networkLocation: /default-rack, certSerialId: null, persistedOpState: IN_SERVICE, persistedOpStateExpiryEpochSec: 0}.
2022-10-16 13:16:43,788 [ReplicationMonitor] INFO  replication.ReplicationManager (ReplicationManager.java:sendCloseContainerReplicaCommand(467)) - Sending close container command for container #5 to datanode c13247a4-8e58-4a93-a398-acd85f127862{ip: 10.1.0.60, host: fv-az308-250.etcbaq1qs54eplwmrjlabigyle.cx.internal.cloudapp.net, ports: [REPLICATION=38839, RATIS=41199, RATIS_ADMIN=41199, RATIS_SERVER=41199, STANDALONE=42871], networkLocation: /default-rack, certSerialId: null, persistedOpState: IN_SERVICE, persistedOpStateExpiryEpochSec: 0}.
2022-10-16 13:16:43,788 [ReplicationMonitor] INFO  replication.ReplicationManager (ReplicationManager.java:sendCloseContainerReplicaCommand(467)) - Sending close container command for container #5 to datanode d22513a5-5bbc-4be9-9acc-f8c8ca7a35e4{ip: 10.1.0.60, host: fv-az308-250.etcbaq1qs54eplwmrjlabigyle.cx.internal.cloudapp.net, ports: [REPLICATION=34995, RATIS=36935, RATIS_ADMIN=36935, RATIS_SERVER=36935, STANDALONE=45309], networkLocation: /default-rack, certSerialId: null, persistedOpState: IN_SERVICE, persistedOpStateExpiryEpochSec: 0}.
2022-10-16 13:16:43,788 [ReplicationMonitor] INFO  replication.ReplicationManager (ReplicationManager.java:sendCloseContainerReplicaCommand(467)) - Sending close container command for container #5 to datanode b8b2a255-a0eb-4cad-abf7-f6bde47128f5{ip: 10.1.0.60, host: fv-az308-250.etcbaq1qs54eplwmrjlabigyle.cx.internal.cloudapp.net, ports: [REPLICATION=34549, RATIS=36501, RATIS_ADMIN=36501, RATIS_SERVER=36501, STANDALONE=39119], networkLocation: /default-rack, certSerialId: null, persistedOpState: IN_SERVICE, persistedOpStateExpiryEpochSec: 0}.
2022-10-16 13:16:43,788 [ReplicationMonitor] INFO  replication.ReplicationManager (ReplicationManager.java:sendCloseContainerReplicaCommand(467)) - Sending close container command for container #5 to datanode da0f6498-aa9b-4e55-90ad-9a1857b2ba5a{ip: 10.1.0.60, host: fv-az308-250.etcbaq1qs54eplwmrjlabigyle.cx.internal.cloudapp.net, ports: [REPLICATION=41811, RATIS=33475, RATIS_ADMIN=33475, RATIS_SERVER=33475, STANDALONE=41297], networkLocation: /default-rack, certSerialId: null, persistedOpState: IN_SERVICE, persistedOpStateExpiryEpochSec: 0}.
2022-10-16 13:16:43,788 [ReplicationMonitor] INFO  replication.ReplicationManager (ReplicationManager.java:sendCloseContainerReplicaCommand(467)) - Sending close container command for container #5 to datanode dbe7118b-6463-4c1b-8250-64d2251ba697{ip: 10.1.0.60, host: fv-az308-250.etcbaq1qs54eplwmrjlabigyle.cx.internal.cloudapp.net, ports: [REPLICATION=38955, RATIS=43799, RATIS_ADMIN=43799, RATIS_SERVER=43799, STANDALONE=39749], networkLocation: /default-rack, certSerialId: null, persistedOpState: IN_SERVICE, persistedOpStateExpiryEpochSec: 0}.
2022-10-16 13:16:43,788 [ReplicationMonitor] INFO  replication.ReplicationManager (ReplicationManager.java:sendCloseContainerReplicaCommand(467)) - Sending close container command for container #6 to datanode dbe7118b-6463-4c1b-8250-64d2251ba697{ip: 10.1.0.60, host: fv-az308-250.etcbaq1qs54eplwmrjlabigyle.cx.internal.cloudapp.net, ports: [REPLICATION=38955, RATIS=43799, RATIS_ADMIN=43799, RATIS_SERVER=43799, STANDALONE=39749], networkLocation: /default-rack, certSerialId: null, persistedOpState: IN_SERVICE, persistedOpStateExpiryEpochSec: 0}.
2022-10-16 13:16:43,788 [ReplicationMonitor] INFO  replication.ReplicationManager (ReplicationManager.java:sendCloseContainerReplicaCommand(467)) - Sending close container command for container #6 to datanode da0f6498-aa9b-4e55-90ad-9a1857b2ba5a{ip: 10.1.0.60, host: fv-az308-250.etcbaq1qs54eplwmrjlabigyle.cx.internal.cloudapp.net, ports: [REPLICATION=41811, RATIS=33475, RATIS_ADMIN=33475, RATIS_SERVER=33475, STANDALONE=41297], networkLocation: /default-rack, certSerialId: null, persistedOpState: IN_SERVICE, persistedOpStateExpiryEpochSec: 0}.
2022-10-16 13:16:43,788 [ReplicationMonitor] INFO  replication.ReplicationManager (ReplicationManager.java:sendCloseContainerReplicaCommand(467)) - Sending close container command for container #6 to datanode c13247a4-8e58-4a93-a398-acd85f127862{ip: 10.1.0.60, host: fv-az308-250.etcbaq1qs54eplwmrjlabigyle.cx.internal.cloudapp.net, ports: [REPLICATION=38839, RATIS=41199, RATIS_ADMIN=41199, RATIS_SERVER=41199, STANDALONE=42871], networkLocation: /default-rack, certSerialId: null, persistedOpState: IN_SERVICE, persistedOpStateExpiryEpochSec: 0}.
2022-10-16 13:16:43,788 [ReplicationMonitor] INFO  replication.ReplicationManager (ReplicationManager.java:sendCloseContainerReplicaCommand(467)) - Sending close container command for container #6 to datanode d22513a5-5bbc-4be9-9acc-f8c8ca7a35e4{ip: 10.1.0.60, host: fv-az308-250.etcbaq1qs54eplwmrjlabigyle.cx.internal.cloudapp.net, ports: [REPLICATION=34995, RATIS=36935, RATIS_ADMIN=36935, RATIS_SERVER=36935, STANDALONE=45309], networkLocation: /default-rack, certSerialId: null, persistedOpState: IN_SERVICE, persistedOpStateExpiryEpochSec: 0}.
2022-10-16 13:16:43,788 [ReplicationMonitor] INFO  replication.ReplicationManager (ReplicationManager.java:sendCloseContainerReplicaCommand(467)) - Sending close container command for container #6 to datanode b8b2a255-a0eb-4cad-abf7-f6bde47128f5{ip: 10.1.0.60, host: fv-az308-250.etcbaq1qs54eplwmrjlabigyle.cx.internal.cloudapp.net, ports: [REPLICATION=34549, RATIS=36501, RATIS_ADMIN=36501, RATIS_SERVER=36501, STANDALONE=39119], networkLocation: /default-rack, certSerialId: null, persistedOpState: IN_SERVICE, persistedOpStateExpiryEpochSec: 0}.
2022-10-16 13:16:43,788 [ReplicationMonitor] INFO  replication.ReplicationManager (ReplicationManager.java:sendCloseContainerReplicaCommand(467)) - Sending close container command for container #7 to datanode c13247a4-8e58-4a93-a398-acd85f127862{ip: 10.1.0.60, host: fv-az308-250.etcbaq1qs54eplwmrjlabigyle.cx.internal.cloudapp.net, ports: [REPLICATION=38839, RATIS=41199, RATIS_ADMIN=41199, RATIS_SERVER=41199, STANDALONE=42871], networkLocation: /default-rack, certSerialId: null, persistedOpState: IN_SERVICE, persistedOpStateExpiryEpochSec: 0}.
2022-10-16 13:16:43,788 [ReplicationMonitor] INFO  replication.ReplicationManager (ReplicationManager.java:sendCloseContainerReplicaCommand(467)) - Sending close container command for container #7 to datanode d22513a5-5bbc-4be9-9acc-f8c8ca7a35e4{ip: 10.1.0.60, host: fv-az308-250.etcbaq1qs54eplwmrjlabigyle.cx.internal.cloudapp.net, ports: [REPLICATION=34995, RATIS=36935, RATIS_ADMIN=36935, RATIS_SERVER=36935, STANDALONE=45309], networkLocation: /default-rack, certSerialId: null, persistedOpState: IN_SERVICE, persistedOpStateExpiryEpochSec: 0}.
2022-10-16 13:16:43,788 [ReplicationMonitor] INFO  replication.ReplicationManager (ReplicationManager.java:sendCloseContainerReplicaCommand(467)) - Sending close container command for container #7 to datanode b8b2a255-a0eb-4cad-abf7-f6bde47128f5{ip: 10.1.0.60, host: fv-az308-250.etcbaq1qs54eplwmrjlabigyle.cx.internal.cloudapp.net, ports: [REPLICATION=34549, RATIS=36501, RATIS_ADMIN=36501, RATIS_SERVER=36501, STANDALONE=39119], networkLocation: /default-rack, certSerialId: null, persistedOpState: IN_SERVICE, persistedOpStateExpiryEpochSec: 0}.
2022-10-16 13:16:43,788 [ReplicationMonitor] INFO  replication.ReplicationManager (ReplicationManager.java:sendCloseContainerReplicaCommand(467)) - Sending close container command for container #7 to datanode dbe7118b-6463-4c1b-8250-64d2251ba697{ip: 10.1.0.60, host: fv-az308-250.etcbaq1qs54eplwmrjlabigyle.cx.internal.cloudapp.net, ports: [REPLICATION=38955, RATIS=43799, RATIS_ADMIN=43799, RATIS_SERVER=43799, STANDALONE=39749], networkLocation: /default-rack, certSerialId: null, persistedOpState: IN_SERVICE, persistedOpStateExpiryEpochSec: 0}.
2022-10-16 13:16:43,789 [ReplicationMonitor] INFO  replication.ReplicationManager (ReplicationManager.java:sendCloseContainerReplicaCommand(467)) - Sending close container command for container #7 to datanode da0f6498-aa9b-4e55-90ad-9a1857b2ba5a{ip: 10.1.0.60, host: fv-az308-250.etcbaq1qs54eplwmrjlabigyle.cx.internal.cloudapp.net, ports: [REPLICATION=41811, RATIS=33475, RATIS_ADMIN=33475, RATIS_SERVER=33475, STANDALONE=41297], networkLocation: /default-rack, certSerialId: null, persistedOpState: IN_SERVICE, persistedOpStateExpiryEpochSec: 0}.
2022-10-16 13:16:43,789 [ReplicationMonitor] INFO  replication.ReplicationManager (ReplicationManager.java:processAll(324)) - Replication Monitor Thread took 2 milliseconds for processing 7 containers.
2022-10-16 13:16:44,136 [ReplicationMonitor] INFO  replication.ReplicationManager (ReplicationManager.java:processAll(324)) - Replication Monitor Thread took 0 milliseconds for processing 7 containers.
2022-10-16 13:16:44,451 [Listener at 127.0.0.1/38707] INFO  utils.BackgroundService (BackgroundService.java:shutdown(141)) - Shutting down service BlockDeletingService
2022-10-16 13:16:44,451 [Listener at 127.0.0.1/38707] INFO  utils.BackgroundService (BackgroundService.java:shutdown(141)) - Shutting down service StaleRecoveringContainerScrubbingService
2022-10-16 13:16:44,452 [Listener at 127.0.0.1/38707] INFO  statemachine.DatanodeStateMachine (DatanodeStateMachine.java:stopDaemon(580)) - Ozone container server stopped.
2022-10-16 13:16:44,461 [Listener at 127.0.0.1/38707] INFO  handler.ContextHandler (ContextHandler.java:doStop(1153)) - Stopped o.e.j.w.WebAppContext@77083a65{hddsDatanode,/,null,STOPPED}{jar:file:/home/runner/.m2/repository/org/apache/ozone/hdds-container-service/1.3.0-SNAPSHOT/hdds-container-service-1.3.0-SNAPSHOT.jar!/webapps/hddsDatanode}
2022-10-16 13:16:44,462 [Listener at 127.0.0.1/38707] INFO  server.AbstractConnector (AbstractConnector.java:doStop(381)) - Stopped ServerConnector@2ca1f2c8{HTTP/1.1, (http/1.1)}{0.0.0.0:0}
2022-10-16 13:16:44,462 [Listener at 127.0.0.1/38707] INFO  server.session (HouseKeeper.java:stopScavenging(149)) - node0 Stopped scavenging
2022-10-16 13:16:44,462 [Listener at 127.0.0.1/38707] INFO  handler.ContextHandler (ContextHandler.java:doStop(1153)) - Stopped o.e.j.s.ServletContextHandler@7f337864{static,/static,jar:file:/home/runner/.m2/repository/org/apache/ozone/hdds-container-service/1.3.0-SNAPSHOT/hdds-container-service-1.3.0-SNAPSHOT.jar!/webapps/static,STOPPED}
2022-10-16 13:16:44,463 [Listener at 127.0.0.1/38707] INFO  handler.ContextHandler (ContextHandler.java:doStop(1153)) - Stopped o.e.j.s.ServletContextHandler@1ae36d7{logs,/logs,file:///home/runner/work/ozone/ozone/hadoop-ozone/integration-test/target/log,STOPPED}
2022-10-16 13:16:44,465 [Listener at 127.0.0.1/38707] INFO  ozoneimpl.OzoneContainer (OzoneContainer.java:stop(400)) - Attempting to stop container services.
2022-10-16 13:16:44,465 [Listener at 127.0.0.1/38707] INFO  server.RaftServer (RaftServerProxy.java:lambda$close$7(398)) - dbe7118b-6463-4c1b-8250-64d2251ba697: close
2022-10-16 13:16:44,465 [Listener at 127.0.0.1/38707] INFO  server.RaftServer$Division (RaftServerImpl.java:lambda$close$4(434)) - dbe7118b-6463-4c1b-8250-64d2251ba697@group-84E5E5F6A3AE: shutdown
2022-10-16 13:16:44,465 [Listener at 127.0.0.1/38707] INFO  util.JmxRegister (JmxRegister.java:unregister(73)) - Successfully un-registered JMX Bean with object name Ratis:service=RaftServer,group=group-84E5E5F6A3AE,id=dbe7118b-6463-4c1b-8250-64d2251ba697
2022-10-16 13:16:44,465 [Listener at 127.0.0.1/38707] INFO  impl.RoleInfo (RoleInfo.java:shutdownLeaderState(93)) - dbe7118b-6463-4c1b-8250-64d2251ba697: shutdown dbe7118b-6463-4c1b-8250-64d2251ba697@group-84E5E5F6A3AE-LeaderStateImpl
2022-10-16 13:16:44,465 [Listener at 127.0.0.1/38707] INFO  impl.PendingRequests (PendingRequests.java:sendNotLeaderResponses(282)) - dbe7118b-6463-4c1b-8250-64d2251ba697@group-84E5E5F6A3AE-PendingRequests: sendNotLeaderResponses
2022-10-16 13:16:44,466 [Listener at 127.0.0.1/38707] INFO  impl.StateMachineUpdater (StateMachineUpdater.java:stopAndJoin(153)) - dbe7118b-6463-4c1b-8250-64d2251ba697@group-84E5E5F6A3AE-StateMachineUpdater: set stopIndex = 0
2022-10-16 13:16:44,466 [dbe7118b-6463-4c1b-8250-64d2251ba697@group-84E5E5F6A3AE-StateMachineUpdater] INFO  ratis.ContainerStateMachine (ContainerStateMachine.java:takeSnapshot(304)) - group-84E5E5F6A3AE: Taking a snapshot at:(t:1, i:0) file /home/runner/work/ozone/ozone/hadoop-ozone/integration-test/target/test-dir/MiniOzoneClusterImpl-8ac818d4-2e27-4bb1-a0ba-6e8ee7a049a2/datanode-3/data/ratis/17f861ef-beab-4aaa-921a-84e5e5f6a3ae/sm/snapshot.1_0
2022-10-16 13:16:44,468 [dbe7118b-6463-4c1b-8250-64d2251ba697@group-84E5E5F6A3AE-StateMachineUpdater] INFO  ratis.ContainerStateMachine (ContainerStateMachine.java:takeSnapshot(315)) - group-84E5E5F6A3AE: Finished taking a snapshot at:(t:1, i:0) file:/home/runner/work/ozone/ozone/hadoop-ozone/integration-test/target/test-dir/MiniOzoneClusterImpl-8ac818d4-2e27-4bb1-a0ba-6e8ee7a049a2/datanode-3/data/ratis/17f861ef-beab-4aaa-921a-84e5e5f6a3ae/sm/snapshot.1_0 took: 2 ms
2022-10-16 13:16:44,469 [dbe7118b-6463-4c1b-8250-64d2251ba697@group-84E5E5F6A3AE-StateMachineUpdater] INFO  impl.StateMachineUpdater (StateMachineUpdater.java:takeSnapshot(287)) - dbe7118b-6463-4c1b-8250-64d2251ba697@group-84E5E5F6A3AE-StateMachineUpdater: Took a snapshot at index 0
2022-10-16 13:16:44,469 [dbe7118b-6463-4c1b-8250-64d2251ba697@group-84E5E5F6A3AE-StateMachineUpdater] INFO  impl.StateMachineUpdater (StateMachineUpdater.java:lambda$new$0(92)) - dbe7118b-6463-4c1b-8250-64d2251ba697@group-84E5E5F6A3AE-StateMachineUpdater: snapshotIndex: updateIncreasingly -1 -> 0
2022-10-16 13:16:44,469 [Listener at 127.0.0.1/38707] INFO  server.RaftServer$Division (ServerState.java:close(429)) - dbe7118b-6463-4c1b-8250-64d2251ba697@group-84E5E5F6A3AE: closes. applyIndex: 0
2022-10-16 13:16:44,469 [dbe7118b-6463-4c1b-8250-64d2251ba697@group-84E5E5F6A3AE-SegmentedRaftLogWorker] INFO  segmented.SegmentedRaftLogWorker (SegmentedRaftLogWorker.java:run(336)) - dbe7118b-6463-4c1b-8250-64d2251ba697@group-84E5E5F6A3AE-SegmentedRaftLogWorker was interrupted, exiting. There are 0 tasks remaining in the queue.
2022-10-16 13:16:44,469 [Listener at 127.0.0.1/38707] INFO  segmented.SegmentedRaftLogWorker (SegmentedRaftLogWorker.java:close(246)) - dbe7118b-6463-4c1b-8250-64d2251ba697@group-84E5E5F6A3AE-SegmentedRaftLogWorker close()
2022-10-16 13:16:44,470 [Listener at 127.0.0.1/38707] INFO  server.GrpcService (GrpcService.java:closeImpl(269)) - dbe7118b-6463-4c1b-8250-64d2251ba697: shutdown server with port 43799 now
2022-10-16 13:16:44,470 [Listener at 127.0.0.1/38707] INFO  server.GrpcService (GrpcService.java:closeImpl(278)) - dbe7118b-6463-4c1b-8250-64d2251ba697: shutdown server with port 43799 successfully
2022-10-16 13:16:44,470 [org.apache.ratis.util.JvmPauseMonitor$$Lambda$639/339294883@7bd1ddb] INFO  util.JvmPauseMonitor (JvmPauseMonitor.java:run(109)) - JvmPauseMonitor-dbe7118b-6463-4c1b-8250-64d2251ba697: Stopped
2022-10-16 13:16:44,480 [ForkJoinPool.commonPool-worker-1] INFO  utils.BackgroundService (BackgroundService.java:shutdown(141)) - Shutting down service BlockDeletingService
2022-10-16 13:16:44,480 [ForkJoinPool.commonPool-worker-1] INFO  utils.BackgroundService (BackgroundService.java:shutdown(141)) - Shutting down service StaleRecoveringContainerScrubbingService
2022-10-16 13:16:44,481 [ForkJoinPool.commonPool-worker-1] INFO  statemachine.DatanodeStateMachine (DatanodeStateMachine.java:stopDaemon(580)) - Ozone container server stopped.
2022-10-16 13:16:44,490 [ForkJoinPool.commonPool-worker-1] INFO  handler.ContextHandler (ContextHandler.java:doStop(1153)) - Stopped o.e.j.w.WebAppContext@17e43e6a{hddsDatanode,/,null,STOPPED}{jar:file:/home/runner/.m2/repository/org/apache/ozone/hdds-container-service/1.3.0-SNAPSHOT/hdds-container-service-1.3.0-SNAPSHOT.jar!/webapps/hddsDatanode}
2022-10-16 13:16:44,491 [ForkJoinPool.commonPool-worker-1] INFO  server.AbstractConnector (AbstractConnector.java:doStop(381)) - Stopped ServerConnector@3974d8e4{HTTP/1.1, (http/1.1)}{0.0.0.0:0}
2022-10-16 13:16:44,491 [ForkJoinPool.commonPool-worker-1] INFO  server.session (HouseKeeper.java:stopScavenging(149)) - node0 Stopped scavenging
2022-10-16 13:16:44,491 [ForkJoinPool.commonPool-worker-1] INFO  handler.ContextHandler (ContextHandler.java:doStop(1153)) - Stopped o.e.j.s.ServletContextHandler@99bdabc{static,/static,jar:file:/home/runner/.m2/repository/org/apache/ozone/hdds-container-service/1.3.0-SNAPSHOT/hdds-container-service-1.3.0-SNAPSHOT.jar!/webapps/static,STOPPED}
2022-10-16 13:16:44,491 [ForkJoinPool.commonPool-worker-1] INFO  handler.ContextHandler (ContextHandler.java:doStop(1153)) - Stopped o.e.j.s.ServletContextHandler@3eb64bac{logs,/logs,file:///home/runner/work/ozone/ozone/hadoop-ozone/integration-test/target/log,STOPPED}
2022-10-16 13:16:44,663 [EventQueue-StaleNodeForStaleNodeHandler] INFO  node.StaleNodeHandler (StaleNodeHandler.java:onMessage(59)) - Datanode c13247a4-8e58-4a93-a398-acd85f127862{ip: 10.1.0.60, host: fv-az308-250.etcbaq1qs54eplwmrjlabigyle.cx.internal.cloudapp.net, ports: [REPLICATION=38839, RATIS=41199, RATIS_ADMIN=41199, RATIS_SERVER=41199, STANDALONE=42871], networkLocation: /default-rack, certSerialId: null, persistedOpState: IN_SERVICE, persistedOpStateExpiryEpochSec: 0} moved to stale state. Finalizing its pipelines [PipelineID=d4a7b49f-34b0-4a47-979a-4b4034cac1ce, PipelineID=5a4f5031-ccc7-4ad8-a65b-aea35909ee83, PipelineID=67eec3a7-bca5-4b01-81e9-4a8c9c154f3b, PipelineID=43bc9902-73de-45f8-8cac-e3851c07d36f, PipelineID=321977d6-50ac-47de-8248-dba6d1cda772, PipelineID=c739a4e5-f93f-4327-81ff-305d96b529bc]
2022-10-16 13:16:44,663 [EventQueue-StaleNodeForStaleNodeHandler] INFO  pipeline.PipelineManagerImpl (PipelineManagerImpl.java:closePipeline(442)) - Pipeline Pipeline[ Id: c739a4e5-f93f-4327-81ff-305d96b529bc, Nodes: c13247a4-8e58-4a93-a398-acd85f127862{ip: 10.1.0.60, host: fv-az308-250.etcbaq1qs54eplwmrjlabigyle.cx.internal.cloudapp.net, ports: [REPLICATION=38839, RATIS=41199, RATIS_ADMIN=41199, RATIS_SERVER=41199, STANDALONE=42871], networkLocation: /default-rack, certSerialId: null, persistedOpState: IN_SERVICE, persistedOpStateExpiryEpochSec: 0}, ReplicationConfig: RATIS/ONE, State:OPEN, leaderId:c13247a4-8e58-4a93-a398-acd85f127862, CreationTimestamp2022-10-16T13:15:55.795Z[Etc/UTC]] moved to CLOSED state
2022-10-16 13:16:44,664 [EventQueue-StaleNodeForStaleNodeHandler] INFO  node.StaleNodeHandler (StaleNodeHandler.java:onMessage(59)) - Datanode d22513a5-5bbc-4be9-9acc-f8c8ca7a35e4{ip: 10.1.0.60, host: fv-az308-250.etcbaq1qs54eplwmrjlabigyle.cx.internal.cloudapp.net, ports: [REPLICATION=34995, RATIS=36935, RATIS_ADMIN=36935, RATIS_SERVER=36935, STANDALONE=45309], networkLocation: /default-rack, certSerialId: null, persistedOpState: IN_SERVICE, persistedOpStateExpiryEpochSec: 0} moved to stale state. Finalizing its pipelines [PipelineID=156b64aa-9fbf-496a-9ff1-2ff5621e237e, PipelineID=d4a7b49f-34b0-4a47-979a-4b4034cac1ce, PipelineID=5a4f5031-ccc7-4ad8-a65b-aea35909ee83, PipelineID=67eec3a7-bca5-4b01-81e9-4a8c9c154f3b, PipelineID=43bc9902-73de-45f8-8cac-e3851c07d36f]
2022-10-16 13:16:44,664 [EventQueue-StaleNodeForStaleNodeHandler] INFO  pipeline.PipelineManagerImpl (PipelineManagerImpl.java:closePipeline(442)) - Pipeline Pipeline[ Id: 156b64aa-9fbf-496a-9ff1-2ff5621e237e, Nodes: d22513a5-5bbc-4be9-9acc-f8c8ca7a35e4{ip: 10.1.0.60, host: fv-az308-250.etcbaq1qs54eplwmrjlabigyle.cx.internal.cloudapp.net, ports: [REPLICATION=34995, RATIS=36935, RATIS_ADMIN=36935, RATIS_SERVER=36935, STANDALONE=45309], networkLocation: /default-rack, certSerialId: null, persistedOpState: IN_SERVICE, persistedOpStateExpiryEpochSec: 0}, ReplicationConfig: RATIS/ONE, State:OPEN, leaderId:d22513a5-5bbc-4be9-9acc-f8c8ca7a35e4, CreationTimestamp2022-10-16T13:15:56.966Z[Etc/UTC]] moved to CLOSED state
2022-10-16 13:16:44,789 [ReplicationMonitor] INFO  replication.LegacyReplicationManager (LegacyReplicationManager.java:sendCloseCommand(1512)) - Sending close container command for container #1 to datanode c13247a4-8e58-4a93-a398-acd85f127862{ip: 10.1.0.60, host: fv-az308-250.etcbaq1qs54eplwmrjlabigyle.cx.internal.cloudapp.net, ports: [REPLICATION=38839, RATIS=41199, RATIS_ADMIN=41199, RATIS_SERVER=41199, STANDALONE=42871], networkLocation: /default-rack, certSerialId: null, persistedOpState: IN_SERVICE, persistedOpStateExpiryEpochSec: 0}.
2022-10-16 13:16:44,789 [ReplicationMonitor] INFO  replication.LegacyReplicationManager (LegacyReplicationManager.java:sendCloseCommand(1512)) - Sending close container command for container #1 to datanode da0f6498-aa9b-4e55-90ad-9a1857b2ba5a{ip: 10.1.0.60, host: fv-az308-250.etcbaq1qs54eplwmrjlabigyle.cx.internal.cloudapp.net, ports: [REPLICATION=41811, RATIS=33475, RATIS_ADMIN=33475, RATIS_SERVER=33475, STANDALONE=41297], networkLocation: /default-rack, certSerialId: null, persistedOpState: IN_SERVICE, persistedOpStateExpiryEpochSec: 0}.
2022-10-16 13:16:44,789 [ReplicationMonitor] INFO  replication.LegacyReplicationManager (LegacyReplicationManager.java:sendCloseCommand(1512)) - Sending close container command for container #1 to datanode b8b2a255-a0eb-4cad-abf7-f6bde47128f5{ip: 10.1.0.60, host: fv-az308-250.etcbaq1qs54eplwmrjlabigyle.cx.internal.cloudapp.net, ports: [REPLICATION=34549, RATIS=36501, RATIS_ADMIN=36501, RATIS_SERVER=36501, STANDALONE=39119], networkLocation: /default-rack, certSerialId: null, persistedOpState: IN_SERVICE, persistedOpStateExpiryEpochSec: 0}.
2022-10-16 13:16:44,789 [ReplicationMonitor] INFO  replication.LegacyReplicationManager (LegacyReplicationManager.java:sendCloseCommand(1512)) - Sending close container command for container #2 to datanode b8b2a255-a0eb-4cad-abf7-f6bde47128f5{ip: 10.1.0.60, host: fv-az308-250.etcbaq1qs54eplwmrjlabigyle.cx.internal.cloudapp.net, ports: [REPLICATION=34549, RATIS=36501, RATIS_ADMIN=36501, RATIS_SERVER=36501, STANDALONE=39119], networkLocation: /default-rack, certSerialId: null, persistedOpState: IN_SERVICE, persistedOpStateExpiryEpochSec: 0}.
2022-10-16 13:16:44,789 [ReplicationMonitor] INFO  replication.LegacyReplicationManager (LegacyReplicationManager.java:sendCloseCommand(1512)) - Sending close container command for container #2 to datanode da0f6498-aa9b-4e55-90ad-9a1857b2ba5a{ip: 10.1.0.60, host: fv-az308-250.etcbaq1qs54eplwmrjlabigyle.cx.internal.cloudapp.net, ports: [REPLICATION=41811, RATIS=33475, RATIS_ADMIN=33475, RATIS_SERVER=33475, STANDALONE=41297], networkLocation: /default-rack, certSerialId: null, persistedOpState: IN_SERVICE, persistedOpStateExpiryEpochSec: 0}.
2022-10-16 13:16:44,789 [ReplicationMonitor] INFO  replication.LegacyReplicationManager (LegacyReplicationManager.java:sendCloseCommand(1512)) - Sending close container command for container #2 to datanode c13247a4-8e58-4a93-a398-acd85f127862{ip: 10.1.0.60, host: fv-az308-250.etcbaq1qs54eplwmrjlabigyle.cx.internal.cloudapp.net, ports: [REPLICATION=38839, RATIS=41199, RATIS_ADMIN=41199, RATIS_SERVER=41199, STANDALONE=42871], networkLocation: /default-rack, certSerialId: null, persistedOpState: IN_SERVICE, persistedOpStateExpiryEpochSec: 0}.
2022-10-16 13:16:44,790 [ReplicationMonitor] INFO  replication.LegacyReplicationManager (LegacyReplicationManager.java:sendCloseCommand(1512)) - Sending close container command for container #3 to datanode c13247a4-8e58-4a93-a398-acd85f127862{ip: 10.1.0.60, host: fv-az308-250.etcbaq1qs54eplwmrjlabigyle.cx.internal.cloudapp.net, ports: [REPLICATION=38839, RATIS=41199, RATIS_ADMIN=41199, RATIS_SERVER=41199, STANDALONE=42871], networkLocation: /default-rack, certSerialId: null, persistedOpState: IN_SERVICE, persistedOpStateExpiryEpochSec: 0}.
2022-10-16 13:16:44,790 [ReplicationMonitor] INFO  replication.LegacyReplicationManager (LegacyReplicationManager.java:sendCloseCommand(1512)) - Sending close container command for container #3 to datanode b8b2a255-a0eb-4cad-abf7-f6bde47128f5{ip: 10.1.0.60, host: fv-az308-250.etcbaq1qs54eplwmrjlabigyle.cx.internal.cloudapp.net, ports: [REPLICATION=34549, RATIS=36501, RATIS_ADMIN=36501, RATIS_SERVER=36501, STANDALONE=39119], networkLocation: /default-rack, certSerialId: null, persistedOpState: IN_SERVICE, persistedOpStateExpiryEpochSec: 0}.
2022-10-16 13:16:44,790 [ReplicationMonitor] INFO  replication.LegacyReplicationManager (LegacyReplicationManager.java:sendCloseCommand(1512)) - Sending close container command for container #3 to datanode da0f6498-aa9b-4e55-90ad-9a1857b2ba5a{ip: 10.1.0.60, host: fv-az308-250.etcbaq1qs54eplwmrjlabigyle.cx.internal.cloudapp.net, ports: [REPLICATION=41811, RATIS=33475, RATIS_ADMIN=33475, RATIS_SERVER=33475, STANDALONE=41297], networkLocation: /default-rack, certSerialId: null, persistedOpState: IN_SERVICE, persistedOpStateExpiryEpochSec: 0}.
2022-10-16 13:16:44,790 [ReplicationMonitor] INFO  replication.ReplicationManager (ReplicationManager.java:sendCloseContainerReplicaCommand(467)) - Sending close container command for container #4 to datanode da0f6498-aa9b-4e55-90ad-9a1857b2ba5a{ip: 10.1.0.60, host: fv-az308-250.etcbaq1qs54eplwmrjlabigyle.cx.internal.cloudapp.net, ports: [REPLICATION=41811, RATIS=33475, RATIS_ADMIN=33475, RATIS_SERVER=33475, STANDALONE=41297], networkLocation: /default-rack, certSerialId: null, persistedOpState: IN_SERVICE, persistedOpStateExpiryEpochSec: 0}.
2022-10-16 13:16:44,790 [ReplicationMonitor] INFO  replication.ReplicationManager (ReplicationManager.java:sendCloseContainerReplicaCommand(467)) - Sending close container command for container #4 to datanode dbe7118b-6463-4c1b-8250-64d2251ba697{ip: 10.1.0.60, host: fv-az308-250.etcbaq1qs54eplwmrjlabigyle.cx.internal.cloudapp.net, ports: [REPLICATION=38955, RATIS=43799, RATIS_ADMIN=43799, RATIS_SERVER=43799, STANDALONE=39749], networkLocation: /default-rack, certSerialId: null, persistedOpState: IN_SERVICE, persistedOpStateExpiryEpochSec: 0}.
2022-10-16 13:16:44,790 [ReplicationMonitor] INFO  replication.ReplicationManager (ReplicationManager.java:sendCloseContainerReplicaCommand(467)) - Sending close container command for container #4 to datanode c13247a4-8e58-4a93-a398-acd85f127862{ip: 10.1.0.60, host: fv-az308-250.etcbaq1qs54eplwmrjlabigyle.cx.internal.cloudapp.net, ports: [REPLICATION=38839, RATIS=41199, RATIS_ADMIN=41199, RATIS_SERVER=41199, STANDALONE=42871], networkLocation: /default-rack, certSerialId: null, persistedOpState: IN_SERVICE, persistedOpStateExpiryEpochSec: 0}.
2022-10-16 13:16:44,790 [ReplicationMonitor] INFO  replication.ReplicationManager (ReplicationManager.java:sendCloseContainerReplicaCommand(467)) - Sending close container command for container #4 to datanode b8b2a255-a0eb-4cad-abf7-f6bde47128f5{ip: 10.1.0.60, host: fv-az308-250.etcbaq1qs54eplwmrjlabigyle.cx.internal.cloudapp.net, ports: [REPLICATION=34549, RATIS=36501, RATIS_ADMIN=36501, RATIS_SERVER=36501, STANDALONE=39119], networkLocation: /default-rack, certSerialId: null, persistedOpState: IN_SERVICE, persistedOpStateExpiryEpochSec: 0}.
2022-10-16 13:16:44,790 [ReplicationMonitor] INFO  replication.ReplicationManager (ReplicationManager.java:sendCloseContainerReplicaCommand(467)) - Sending close container command for container #4 to datanode d22513a5-5bbc-4be9-9acc-f8c8ca7a35e4{ip: 10.1.0.60, host: fv-az308-250.etcbaq1qs54eplwmrjlabigyle.cx.internal.cloudapp.net, ports: [REPLICATION=34995, RATIS=36935, RATIS_ADMIN=36935, RATIS_SERVER=36935, STANDALONE=45309], networkLocation: /default-rack, certSerialId: null, persistedOpState: IN_SERVICE, persistedOpStateExpiryEpochSec: 0}.
2022-10-16 13:16:44,790 [ReplicationMonitor] INFO  replication.ReplicationManager (ReplicationManager.java:sendCloseContainerReplicaCommand(467)) - Sending close container command for container #5 to datanode c13247a4-8e58-4a93-a398-acd85f127862{ip: 10.1.0.60, host: fv-az308-250.etcbaq1qs54eplwmrjlabigyle.cx.internal.cloudapp.net, ports: [REPLICATION=38839, RATIS=41199, RATIS_ADMIN=41199, RATIS_SERVER=41199, STANDALONE=42871], networkLocation: /default-rack, certSerialId: null, persistedOpState: IN_SERVICE, persistedOpStateExpiryEpochSec: 0}.
2022-10-16 13:16:44,790 [ReplicationMonitor] INFO  replication.ReplicationManager (ReplicationManager.java:sendCloseContainerReplicaCommand(467)) - Sending close container command for container #5 to datanode d22513a5-5bbc-4be9-9acc-f8c8ca7a35e4{ip: 10.1.0.60, host: fv-az308-250.etcbaq1qs54eplwmrjlabigyle.cx.internal.cloudapp.net, ports: [REPLICATION=34995, RATIS=36935, RATIS_ADMIN=36935, RATIS_SERVER=36935, STANDALONE=45309], networkLocation: /default-rack, certSerialId: null, persistedOpState: IN_SERVICE, persistedOpStateExpiryEpochSec: 0}.
2022-10-16 13:16:44,790 [ReplicationMonitor] INFO  replication.ReplicationManager (ReplicationManager.java:sendCloseContainerReplicaCommand(467)) - Sending close container command for container #5 to datanode b8b2a255-a0eb-4cad-abf7-f6bde47128f5{ip: 10.1.0.60, host: fv-az308-250.etcbaq1qs54eplwmrjlabigyle.cx.internal.cloudapp.net, ports: [REPLICATION=34549, RATIS=36501, RATIS_ADMIN=36501, RATIS_SERVER=36501, STANDALONE=39119], networkLocation: /default-rack, certSerialId: null, persistedOpState: IN_SERVICE, persistedOpStateExpiryEpochSec: 0}.
2022-10-16 13:16:44,790 [ReplicationMonitor] INFO  replication.ReplicationManager (ReplicationManager.java:sendCloseContainerReplicaCommand(467)) - Sending close container command for container #5 to datanode da0f6498-aa9b-4e55-90ad-9a1857b2ba5a{ip: 10.1.0.60, host: fv-az308-250.etcbaq1qs54eplwmrjlabigyle.cx.internal.cloudapp.net, ports: [REPLICATION=41811, RATIS=33475, RATIS_ADMIN=33475, RATIS_SERVER=33475, STANDALONE=41297], networkLocation: /default-rack, certSerialId: null, persistedOpState: IN_SERVICE, persistedOpStateExpiryEpochSec: 0}.
2022-10-16 13:16:44,790 [ReplicationMonitor] INFO  replication.ReplicationManager (ReplicationManager.java:sendCloseContainerReplicaCommand(467)) - Sending close container command for container #5 to datanode dbe7118b-6463-4c1b-8250-64d2251ba697{ip: 10.1.0.60, host: fv-az308-250.etcbaq1qs54eplwmrjlabigyle.cx.internal.cloudapp.net, ports: [REPLICATION=38955, RATIS=43799, RATIS_ADMIN=43799, RATIS_SERVER=43799, STANDALONE=39749], networkLocation: /default-rack, certSerialId: null, persistedOpState: IN_SERVICE, persistedOpStateExpiryEpochSec: 0}.
2022-10-16 13:16:44,790 [ReplicationMonitor] INFO  replication.ReplicationManager (ReplicationManager.java:sendCloseContainerReplicaCommand(467)) - Sending close container command for container #6 to datanode dbe7118b-6463-4c1b-8250-64d2251ba697{ip: 10.1.0.60, host: fv-az308-250.etcbaq1qs54eplwmrjlabigyle.cx.internal.cloudapp.net, ports: [REPLICATION=38955, RATIS=43799, RATIS_ADMIN=43799, RATIS_SERVER=43799, STANDALONE=39749], networkLocation: /default-rack, certSerialId: null, persistedOpState: IN_SERVICE, persistedOpStateExpiryEpochSec: 0}.
2022-10-16 13:16:44,790 [ReplicationMonitor] INFO  replication.ReplicationManager (ReplicationManager.java:sendCloseContainerReplicaCommand(467)) - Sending close container command for container #6 to datanode da0f6498-aa9b-4e55-90ad-9a1857b2ba5a{ip: 10.1.0.60, host: fv-az308-250.etcbaq1qs54eplwmrjlabigyle.cx.internal.cloudapp.net, ports: [REPLICATION=41811, RATIS=33475, RATIS_ADMIN=33475, RATIS_SERVER=33475, STANDALONE=41297], networkLocation: /default-rack, certSerialId: null, persistedOpState: IN_SERVICE, persistedOpStateExpiryEpochSec: 0}.
2022-10-16 13:16:44,790 [ReplicationMonitor] INFO  replication.ReplicationManager (ReplicationManager.java:sendCloseContainerReplicaCommand(467)) - Sending close container command for container #6 to datanode c13247a4-8e58-4a93-a398-acd85f127862{ip: 10.1.0.60, host: fv-az308-250.etcbaq1qs54eplwmrjlabigyle.cx.internal.cloudapp.net, ports: [REPLICATION=38839, RATIS=41199, RATIS_ADMIN=41199, RATIS_SERVER=41199, STANDALONE=42871], networkLocation: /default-rack, certSerialId: null, persistedOpState: IN_SERVICE, persistedOpStateExpiryEpochSec: 0}.
2022-10-16 13:16:44,790 [ReplicationMonitor] INFO  replication.ReplicationManager (ReplicationManager.java:sendCloseContainerReplicaCommand(467)) - Sending close container command for container #6 to datanode d22513a5-5bbc-4be9-9acc-f8c8ca7a35e4{ip: 10.1.0.60, host: fv-az308-250.etcbaq1qs54eplwmrjlabigyle.cx.internal.cloudapp.net, ports: [REPLICATION=34995, RATIS=36935, RATIS_ADMIN=36935, RATIS_SERVER=36935, STANDALONE=45309], networkLocation: /default-rack, certSerialId: null, persistedOpState: IN_SERVICE, persistedOpStateExpiryEpochSec: 0}.
2022-10-16 13:16:44,790 [ReplicationMonitor] INFO  replication.ReplicationManager (ReplicationManager.java:sendCloseContainerReplicaCommand(467)) - Sending close container command for container #6 to datanode b8b2a255-a0eb-4cad-abf7-f6bde47128f5{ip: 10.1.0.60, host: fv-az308-250.etcbaq1qs54eplwmrjlabigyle.cx.internal.cloudapp.net, ports: [REPLICATION=34549, RATIS=36501, RATIS_ADMIN=36501, RATIS_SERVER=36501, STANDALONE=39119], networkLocation: /default-rack, certSerialId: null, persistedOpState: IN_SERVICE, persistedOpStateExpiryEpochSec: 0}.
2022-10-16 13:16:44,790 [ReplicationMonitor] INFO  replication.ReplicationManager (ReplicationManager.java:sendCloseContainerReplicaCommand(467)) - Sending close container command for container #7 to datanode c13247a4-8e58-4a93-a398-acd85f127862{ip: 10.1.0.60, host: fv-az308-250.etcbaq1qs54eplwmrjlabigyle.cx.internal.cloudapp.net, ports: [REPLICATION=38839, RATIS=41199, RATIS_ADMIN=41199, RATIS_SERVER=41199, STANDALONE=42871], networkLocation: /default-rack, certSerialId: null, persistedOpState: IN_SERVICE, persistedOpStateExpiryEpochSec: 0}.
2022-10-16 13:16:44,790 [ReplicationMonitor] INFO  replication.ReplicationManager (ReplicationManager.java:sendCloseContainerReplicaCommand(467)) - Sending close container command for container #7 to datanode d22513a5-5bbc-4be9-9acc-f8c8ca7a35e4{ip: 10.1.0.60, host: fv-az308-250.etcbaq1qs54eplwmrjlabigyle.cx.internal.cloudapp.net, ports: [REPLICATION=34995, RATIS=36935, RATIS_ADMIN=36935, RATIS_SERVER=36935, STANDALONE=45309], networkLocation: /default-rack, certSerialId: null, persistedOpState: IN_SERVICE, persistedOpStateExpiryEpochSec: 0}.
2022-10-16 13:16:44,791 [ReplicationMonitor] INFO  replication.ReplicationManager (ReplicationManager.java:sendCloseContainerReplicaCommand(467)) - Sending close container command for container #7 to datanode b8b2a255-a0eb-4cad-abf7-f6bde47128f5{ip: 10.1.0.60, host: fv-az308-250.etcbaq1qs54eplwmrjlabigyle.cx.internal.cloudapp.net, ports: [REPLICATION=34549, RATIS=36501, RATIS_ADMIN=36501, RATIS_SERVER=36501, STANDALONE=39119], networkLocation: /default-rack, certSerialId: null, persistedOpState: IN_SERVICE, persistedOpStateExpiryEpochSec: 0}.
2022-10-16 13:16:44,791 [ReplicationMonitor] INFO  replication.ReplicationManager (ReplicationManager.java:sendCloseContainerReplicaCommand(467)) - Sending close container command for container #7 to datanode dbe7118b-6463-4c1b-8250-64d2251ba697{ip: 10.1.0.60, host: fv-az308-250.etcbaq1qs54eplwmrjlabigyle.cx.internal.cloudapp.net, ports: [REPLICATION=38955, RATIS=43799, RATIS_ADMIN=43799, RATIS_SERVER=43799, STANDALONE=39749], networkLocation: /default-rack, certSerialId: null, persistedOpState: IN_SERVICE, persistedOpStateExpiryEpochSec: 0}.
2022-10-16 13:16:44,791 [ReplicationMonitor] INFO  replication.ReplicationManager (ReplicationManager.java:sendCloseContainerReplicaCommand(467)) - Sending close container command for container #7 to datanode da0f6498-aa9b-4e55-90ad-9a1857b2ba5a{ip: 10.1.0.60, host: fv-az308-250.etcbaq1qs54eplwmrjlabigyle.cx.internal.cloudapp.net, ports: [REPLICATION=41811, RATIS=33475, RATIS_ADMIN=33475, RATIS_SERVER=33475, STANDALONE=41297], networkLocation: /default-rack, certSerialId: null, persistedOpState: IN_SERVICE, persistedOpStateExpiryEpochSec: 0}.
2022-10-16 13:16:44,791 [ReplicationMonitor] INFO  replication.ReplicationManager (ReplicationManager.java:processAll(324)) - Replication Monitor Thread took 2 milliseconds for processing 7 containers.
2022-10-16 13:16:45,137 [ReplicationMonitor] INFO  replication.ReplicationManager (ReplicationManager.java:processAll(324)) - Replication Monitor Thread took 1 milliseconds for processing 7 containers.
2022-10-16 13:16:45,765 [EventQueue-DeadNodeForDeadNodeHandler] INFO  node.DeadNodeHandler (DeadNodeHandler.java:onMessage(81)) - A dead datanode is detected. da0f6498-aa9b-4e55-90ad-9a1857b2ba5a{ip: 10.1.0.60, host: fv-az308-250.etcbaq1qs54eplwmrjlabigyle.cx.internal.cloudapp.net, ports: [REPLICATION=41811, RATIS=33475, RATIS_ADMIN=33475, RATIS_SERVER=33475, STANDALONE=41297], networkLocation: /default-rack, certSerialId: null, persistedOpState: IN_SERVICE, persistedOpStateExpiryEpochSec: 0}
2022-10-16 13:16:45,766 [EventQueue-DeadNodeForDeadNodeHandler] INFO  pipeline.PipelineStateManagerImpl (PipelineStateManagerImpl.java:removePipeline(245)) - Pipeline Pipeline[ Id: d4a7b49f-34b0-4a47-979a-4b4034cac1ce, Nodes: d22513a5-5bbc-4be9-9acc-f8c8ca7a35e4{ip: 10.1.0.60, host: fv-az308-250.etcbaq1qs54eplwmrjlabigyle.cx.internal.cloudapp.net, ports: [REPLICATION=34995, RATIS=36935, RATIS_ADMIN=36935, RATIS_SERVER=36935, STANDALONE=45309], networkLocation: /default-rack, certSerialId: null, persistedOpState: null, persistedOpStateExpiryEpochSec: 0}b8b2a255-a0eb-4cad-abf7-f6bde47128f5{ip: 10.1.0.60, host: fv-az308-250.etcbaq1qs54eplwmrjlabigyle.cx.internal.cloudapp.net, ports: [REPLICATION=34549, RATIS=36501, RATIS_ADMIN=36501, RATIS_SERVER=36501, STANDALONE=39119], networkLocation: /default-rack, certSerialId: null, persistedOpState: null, persistedOpStateExpiryEpochSec: 0}da0f6498-aa9b-4e55-90ad-9a1857b2ba5a{ip: 10.1.0.60, host: fv-az308-250.etcbaq1qs54eplwmrjlabigyle.cx.internal.cloudapp.net, ports: [REPLICATION=41811, RATIS=33475, RATIS_ADMIN=33475, RATIS_SERVER=33475, STANDALONE=41297], networkLocation: /default-rack, certSerialId: null, persistedOpState: null, persistedOpStateExpiryEpochSec: 0}c13247a4-8e58-4a93-a398-acd85f127862{ip: 10.1.0.60, host: fv-az308-250.etcbaq1qs54eplwmrjlabigyle.cx.internal.cloudapp.net, ports: [REPLICATION=38839, RATIS=41199, RATIS_ADMIN=41199, RATIS_SERVER=41199, STANDALONE=42871], networkLocation: /default-rack, certSerialId: null, persistedOpState: null, persistedOpStateExpiryEpochSec: 0}dbe7118b-6463-4c1b-8250-64d2251ba697{ip: 10.1.0.60, host: fv-az308-250.etcbaq1qs54eplwmrjlabigyle.cx.internal.cloudapp.net, ports: [REPLICATION=38955, RATIS=43799, RATIS_ADMIN=43799, RATIS_SERVER=43799, STANDALONE=39749], networkLocation: /default-rack, certSerialId: null, persistedOpState: null, persistedOpStateExpiryEpochSec: 0}, ReplicationConfig: EC/ECReplicationConfig{data=3, parity=2, ecChunkSize=1048576, codec=rs}, State:CLOSED, leaderId:, CreationTimestamp2022-10-16T13:16:32.025Z[Etc/UTC]] removed.
2022-10-16 13:16:45,766 [EventQueue-DeadNodeForDeadNodeHandler] INFO  pipeline.PipelineStateManagerImpl (PipelineStateManagerImpl.java:removePipeline(245)) - Pipeline Pipeline[ Id: 5a4f5031-ccc7-4ad8-a65b-aea35909ee83, Nodes: d22513a5-5bbc-4be9-9acc-f8c8ca7a35e4{ip: 10.1.0.60, host: fv-az308-250.etcbaq1qs54eplwmrjlabigyle.cx.internal.cloudapp.net, ports: [REPLICATION=34995, RATIS=36935, RATIS_ADMIN=36935, RATIS_SERVER=36935, STANDALONE=45309], networkLocation: /default-rack, certSerialId: null, persistedOpState: null, persistedOpStateExpiryEpochSec: 0}c13247a4-8e58-4a93-a398-acd85f127862{ip: 10.1.0.60, host: fv-az308-250.etcbaq1qs54eplwmrjlabigyle.cx.internal.cloudapp.net, ports: [REPLICATION=38839, RATIS=41199, RATIS_ADMIN=41199, RATIS_SERVER=41199, STANDALONE=42871], networkLocation: /default-rack, certSerialId: null, persistedOpState: null, persistedOpStateExpiryEpochSec: 0}da0f6498-aa9b-4e55-90ad-9a1857b2ba5a{ip: 10.1.0.60, host: fv-az308-250.etcbaq1qs54eplwmrjlabigyle.cx.internal.cloudapp.net, ports: [REPLICATION=41811, RATIS=33475, RATIS_ADMIN=33475, RATIS_SERVER=33475, STANDALONE=41297], networkLocation: /default-rack, certSerialId: null, persistedOpState: null, persistedOpStateExpiryEpochSec: 0}b8b2a255-a0eb-4cad-abf7-f6bde47128f5{ip: 10.1.0.60, host: fv-az308-250.etcbaq1qs54eplwmrjlabigyle.cx.internal.cloudapp.net, ports: [REPLICATION=34549, RATIS=36501, RATIS_ADMIN=36501, RATIS_SERVER=36501, STANDALONE=39119], networkLocation: /default-rack, certSerialId: null, persistedOpState: null, persistedOpStateExpiryEpochSec: 0}dbe7118b-6463-4c1b-8250-64d2251ba697{ip: 10.1.0.60, host: fv-az308-250.etcbaq1qs54eplwmrjlabigyle.cx.internal.cloudapp.net, ports: [REPLICATION=38955, RATIS=43799, RATIS_ADMIN=43799, RATIS_SERVER=43799, STANDALONE=39749], networkLocation: /default-rack, certSerialId: null, persistedOpState: null, persistedOpStateExpiryEpochSec: 0}, ReplicationConfig: EC/ECReplicationConfig{data=3, parity=2, ecChunkSize=1048576, codec=rs}, State:CLOSED, leaderId:, CreationTimestamp2022-10-16T13:16:32.649Z[Etc/UTC]] removed.
2022-10-16 13:16:45,767 [EventQueue-DeadNodeForDeadNodeHandler] INFO  pipeline.PipelineStateManagerImpl (PipelineStateManagerImpl.java:removePipeline(245)) - Pipeline Pipeline[ Id: 67eec3a7-bca5-4b01-81e9-4a8c9c154f3b, Nodes: d22513a5-5bbc-4be9-9acc-f8c8ca7a35e4{ip: 10.1.0.60, host: fv-az308-250.etcbaq1qs54eplwmrjlabigyle.cx.internal.cloudapp.net, ports: [REPLICATION=34995, RATIS=36935, RATIS_ADMIN=36935, RATIS_SERVER=36935, STANDALONE=45309], networkLocation: /default-rack, certSerialId: null, persistedOpState: null, persistedOpStateExpiryEpochSec: 0}da0f6498-aa9b-4e55-90ad-9a1857b2ba5a{ip: 10.1.0.60, host: fv-az308-250.etcbaq1qs54eplwmrjlabigyle.cx.internal.cloudapp.net, ports: [REPLICATION=41811, RATIS=33475, RATIS_ADMIN=33475, RATIS_SERVER=33475, STANDALONE=41297], networkLocation: /default-rack, certSerialId: null, persistedOpState: null, persistedOpStateExpiryEpochSec: 0}dbe7118b-6463-4c1b-8250-64d2251ba697{ip: 10.1.0.60, host: fv-az308-250.etcbaq1qs54eplwmrjlabigyle.cx.internal.cloudapp.net, ports: [REPLICATION=38955, RATIS=43799, RATIS_ADMIN=43799, RATIS_SERVER=43799, STANDALONE=39749], networkLocation: /default-rack, certSerialId: null, persistedOpState: null, persistedOpStateExpiryEpochSec: 0}c13247a4-8e58-4a93-a398-acd85f127862{ip: 10.1.0.60, host: fv-az308-250.etcbaq1qs54eplwmrjlabigyle.cx.internal.cloudapp.net, ports: [REPLICATION=38839, RATIS=41199, RATIS_ADMIN=41199, RATIS_SERVER=41199, STANDALONE=42871], networkLocation: /default-rack, certSerialId: null, persistedOpState: null, persistedOpStateExpiryEpochSec: 0}b8b2a255-a0eb-4cad-abf7-f6bde47128f5{ip: 10.1.0.60, host: fv-az308-250.etcbaq1qs54eplwmrjlabigyle.cx.internal.cloudapp.net, ports: [REPLICATION=34549, RATIS=36501, RATIS_ADMIN=36501, RATIS_SERVER=36501, STANDALONE=39119], networkLocation: /default-rack, certSerialId: null, persistedOpState: null, persistedOpStateExpiryEpochSec: 0}, ReplicationConfig: EC/ECReplicationConfig{data=3, parity=2, ecChunkSize=1048576, codec=rs}, State:CLOSED, leaderId:, CreationTimestamp2022-10-16T13:16:32.916Z[Etc/UTC]] removed.
2022-10-16 13:16:45,767 [EventQueue-DeadNodeForDeadNodeHandler] INFO  pipeline.PipelineStateManagerImpl (PipelineStateManagerImpl.java:removePipeline(245)) - Pipeline Pipeline[ Id: 43bc9902-73de-45f8-8cac-e3851c07d36f, Nodes: dbe7118b-6463-4c1b-8250-64d2251ba697{ip: 10.1.0.60, host: fv-az308-250.etcbaq1qs54eplwmrjlabigyle.cx.internal.cloudapp.net, ports: [REPLICATION=38955, RATIS=43799, RATIS_ADMIN=43799, RATIS_SERVER=43799, STANDALONE=39749], networkLocation: /default-rack, certSerialId: null, persistedOpState: null, persistedOpStateExpiryEpochSec: 0}b8b2a255-a0eb-4cad-abf7-f6bde47128f5{ip: 10.1.0.60, host: fv-az308-250.etcbaq1qs54eplwmrjlabigyle.cx.internal.cloudapp.net, ports: [REPLICATION=34549, RATIS=36501, RATIS_ADMIN=36501, RATIS_SERVER=36501, STANDALONE=39119], networkLocation: /default-rack, certSerialId: null, persistedOpState: null, persistedOpStateExpiryEpochSec: 0}da0f6498-aa9b-4e55-90ad-9a1857b2ba5a{ip: 10.1.0.60, host: fv-az308-250.etcbaq1qs54eplwmrjlabigyle.cx.internal.cloudapp.net, ports: [REPLICATION=41811, RATIS=33475, RATIS_ADMIN=33475, RATIS_SERVER=33475, STANDALONE=41297], networkLocation: /default-rack, certSerialId: null, persistedOpState: null, persistedOpStateExpiryEpochSec: 0}d22513a5-5bbc-4be9-9acc-f8c8ca7a35e4{ip: 10.1.0.60, host: fv-az308-250.etcbaq1qs54eplwmrjlabigyle.cx.internal.cloudapp.net, ports: [REPLICATION=34995, RATIS=36935, RATIS_ADMIN=36935, RATIS_SERVER=36935, STANDALONE=45309], networkLocation: /default-rack, certSerialId: null, persistedOpState: null, persistedOpStateExpiryEpochSec: 0}c13247a4-8e58-4a93-a398-acd85f127862{ip: 10.1.0.60, host: fv-az308-250.etcbaq1qs54eplwmrjlabigyle.cx.internal.cloudapp.net, ports: [REPLICATION=38839, RATIS=41199, RATIS_ADMIN=41199, RATIS_SERVER=41199, STANDALONE=42871], networkLocation: /default-rack, certSerialId: null, persistedOpState: null, persistedOpStateExpiryEpochSec: 0}, ReplicationConfig: EC/ECReplicationConfig{data=3, parity=2, ecChunkSize=1048576, codec=rs}, State:CLOSED, leaderId:, CreationTimestamp2022-10-16T13:16:33.262Z[Etc/UTC]] removed.
2022-10-16 13:16:45,767 [EventQueue-DeadNodeForDeadNodeHandler] INFO  pipeline.RatisPipelineProvider (RatisPipelineProvider.java:lambda$close$1(244)) - Send pipeline:PipelineID=76cc6a30-bb2e-4c16-b469-bcb117069f46 close command to datanode da0f6498-aa9b-4e55-90ad-9a1857b2ba5a
2022-10-16 13:16:45,767 [EventQueue-DeadNodeForDeadNodeHandler] INFO  pipeline.PipelineStateManagerImpl (PipelineStateManagerImpl.java:removePipeline(245)) - Pipeline Pipeline[ Id: 76cc6a30-bb2e-4c16-b469-bcb117069f46, Nodes: da0f6498-aa9b-4e55-90ad-9a1857b2ba5a{ip: 10.1.0.60, host: fv-az308-250.etcbaq1qs54eplwmrjlabigyle.cx.internal.cloudapp.net, ports: [REPLICATION=41811, RATIS=33475, RATIS_ADMIN=33475, RATIS_SERVER=33475, STANDALONE=41297], networkLocation: /default-rack, certSerialId: null, persistedOpState: IN_SERVICE, persistedOpStateExpiryEpochSec: 0}, ReplicationConfig: RATIS/ONE, State:CLOSED, leaderId:da0f6498-aa9b-4e55-90ad-9a1857b2ba5a, CreationTimestamp2022-10-16T13:15:56.406Z[Etc/UTC]] removed.
2022-10-16 13:16:45,767 [EventQueue-DeadNodeForDeadNodeHandler] INFO  pipeline.RatisPipelineProvider (RatisPipelineProvider.java:lambda$close$1(244)) - Send pipeline:PipelineID=321977d6-50ac-47de-8248-dba6d1cda772 close command to datanode c13247a4-8e58-4a93-a398-acd85f127862
2022-10-16 13:16:45,768 [EventQueue-DeadNodeForDeadNodeHandler] INFO  pipeline.RatisPipelineProvider (RatisPipelineProvider.java:lambda$close$1(244)) - Send pipeline:PipelineID=321977d6-50ac-47de-8248-dba6d1cda772 close command to datanode da0f6498-aa9b-4e55-90ad-9a1857b2ba5a
2022-10-16 13:16:45,768 [EventQueue-DeadNodeForDeadNodeHandler] INFO  pipeline.RatisPipelineProvider (RatisPipelineProvider.java:lambda$close$1(244)) - Send pipeline:PipelineID=321977d6-50ac-47de-8248-dba6d1cda772 close command to datanode b8b2a255-a0eb-4cad-abf7-f6bde47128f5
2022-10-16 13:16:45,768 [EventQueue-DeadNodeForDeadNodeHandler] INFO  pipeline.PipelineStateManagerImpl (PipelineStateManagerImpl.java:removePipeline(245)) - Pipeline Pipeline[ Id: 321977d6-50ac-47de-8248-dba6d1cda772, Nodes: c13247a4-8e58-4a93-a398-acd85f127862{ip: 10.1.0.60, host: fv-az308-250.etcbaq1qs54eplwmrjlabigyle.cx.internal.cloudapp.net, ports: [REPLICATION=38839, RATIS=41199, RATIS_ADMIN=41199, RATIS_SERVER=41199, STANDALONE=42871], networkLocation: /default-rack, certSerialId: null, persistedOpState: IN_SERVICE, persistedOpStateExpiryEpochSec: 0}da0f6498-aa9b-4e55-90ad-9a1857b2ba5a{ip: 10.1.0.60, host: fv-az308-250.etcbaq1qs54eplwmrjlabigyle.cx.internal.cloudapp.net, ports: [REPLICATION=41811, RATIS=33475, RATIS_ADMIN=33475, RATIS_SERVER=33475, STANDALONE=41297], networkLocation: /default-rack, certSerialId: null, persistedOpState: IN_SERVICE, persistedOpStateExpiryEpochSec: 0}b8b2a255-a0eb-4cad-abf7-f6bde47128f5{ip: 10.1.0.60, host: fv-az308-250.etcbaq1qs54eplwmrjlabigyle.cx.internal.cloudapp.net, ports: [REPLICATION=34549, RATIS=36501, RATIS_ADMIN=36501, RATIS_SERVER=36501, STANDALONE=39119], networkLocation: /default-rack, certSerialId: null, persistedOpState: IN_SERVICE, persistedOpStateExpiryEpochSec: 0}, ReplicationConfig: RATIS/THREE, State:CLOSED, leaderId:da0f6498-aa9b-4e55-90ad-9a1857b2ba5a, CreationTimestamp2022-10-16T13:15:56.407Z[Etc/UTC]] removed.
2022-10-16 13:16:45,768 [EventQueue-DeadNodeForDeadNodeHandler] INFO  net.NetworkTopologyImpl (NetworkTopologyImpl.java:remove(190)) - Removed a node: /default-rack/da0f6498-aa9b-4e55-90ad-9a1857b2ba5a
2022-10-16 13:16:45,768 [EventQueue-DeadNodeForDeadNodeHandler] INFO  node.DeadNodeHandler (DeadNodeHandler.java:onMessage(81)) - A dead datanode is detected. b8b2a255-a0eb-4cad-abf7-f6bde47128f5{ip: 10.1.0.60, host: fv-az308-250.etcbaq1qs54eplwmrjlabigyle.cx.internal.cloudapp.net, ports: [REPLICATION=34549, RATIS=36501, RATIS_ADMIN=36501, RATIS_SERVER=36501, STANDALONE=39119], networkLocation: /default-rack, certSerialId: null, persistedOpState: IN_SERVICE, persistedOpStateExpiryEpochSec: 0}
2022-10-16 13:16:45,768 [EventQueue-DeadNodeForDeadNodeHandler] INFO  pipeline.RatisPipelineProvider (RatisPipelineProvider.java:lambda$close$1(244)) - Send pipeline:PipelineID=58026da3-cfdb-4aac-ac70-0ec035ab3e7e close command to datanode b8b2a255-a0eb-4cad-abf7-f6bde47128f5
2022-10-16 13:16:45,769 [EventQueue-DeadNodeForDeadNodeHandler] INFO  pipeline.PipelineStateManagerImpl (PipelineStateManagerImpl.java:removePipeline(245)) - Pipeline Pipeline[ Id: 58026da3-cfdb-4aac-ac70-0ec035ab3e7e, Nodes: b8b2a255-a0eb-4cad-abf7-f6bde47128f5{ip: 10.1.0.60, host: fv-az308-250.etcbaq1qs54eplwmrjlabigyle.cx.internal.cloudapp.net, ports: [REPLICATION=34549, RATIS=36501, RATIS_ADMIN=36501, RATIS_SERVER=36501, STANDALONE=39119], networkLocation: /default-rack, certSerialId: null, persistedOpState: IN_SERVICE, persistedOpStateExpiryEpochSec: 0}, ReplicationConfig: RATIS/ONE, State:CLOSED, leaderId:b8b2a255-a0eb-4cad-abf7-f6bde47128f5, CreationTimestamp2022-10-16T13:15:56.086Z[Etc/UTC]] removed.
2022-10-16 13:16:45,769 [EventQueue-DeadNodeForDeadNodeHandler] INFO  net.NetworkTopologyImpl (NetworkTopologyImpl.java:remove(190)) - Removed a node: /default-rack/b8b2a255-a0eb-4cad-abf7-f6bde47128f5
2022-10-16 13:16:45,791 [ReplicationMonitor] INFO  replication.LegacyReplicationManager (LegacyReplicationManager.java:sendCloseCommand(1512)) - Sending close container command for container #1 to datanode c13247a4-8e58-4a93-a398-acd85f127862{ip: 10.1.0.60, host: fv-az308-250.etcbaq1qs54eplwmrjlabigyle.cx.internal.cloudapp.net, ports: [REPLICATION=38839, RATIS=41199, RATIS_ADMIN=41199, RATIS_SERVER=41199, STANDALONE=42871], networkLocation: /default-rack, certSerialId: null, persistedOpState: IN_SERVICE, persistedOpStateExpiryEpochSec: 0}.
2022-10-16 13:16:45,791 [ReplicationMonitor] INFO  replication.LegacyReplicationManager (LegacyReplicationManager.java:sendCloseCommand(1512)) - Sending close container command for container #2 to datanode c13247a4-8e58-4a93-a398-acd85f127862{ip: 10.1.0.60, host: fv-az308-250.etcbaq1qs54eplwmrjlabigyle.cx.internal.cloudapp.net, ports: [REPLICATION=38839, RATIS=41199, RATIS_ADMIN=41199, RATIS_SERVER=41199, STANDALONE=42871], networkLocation: /default-rack, certSerialId: null, persistedOpState: IN_SERVICE, persistedOpStateExpiryEpochSec: 0}.
2022-10-16 13:16:45,791 [ReplicationMonitor] INFO  replication.LegacyReplicationManager (LegacyReplicationManager.java:sendCloseCommand(1512)) - Sending close container command for container #3 to datanode c13247a4-8e58-4a93-a398-acd85f127862{ip: 10.1.0.60, host: fv-az308-250.etcbaq1qs54eplwmrjlabigyle.cx.internal.cloudapp.net, ports: [REPLICATION=38839, RATIS=41199, RATIS_ADMIN=41199, RATIS_SERVER=41199, STANDALONE=42871], networkLocation: /default-rack, certSerialId: null, persistedOpState: IN_SERVICE, persistedOpStateExpiryEpochSec: 0}.
2022-10-16 13:16:45,791 [ReplicationMonitor] INFO  replication.ReplicationManager (ReplicationManager.java:sendCloseContainerReplicaCommand(467)) - Sending close container command for container #4 to datanode dbe7118b-6463-4c1b-8250-64d2251ba697{ip: 10.1.0.60, host: fv-az308-250.etcbaq1qs54eplwmrjlabigyle.cx.internal.cloudapp.net, ports: [REPLICATION=38955, RATIS=43799, RATIS_ADMIN=43799, RATIS_SERVER=43799, STANDALONE=39749], networkLocation: /default-rack, certSerialId: null, persistedOpState: IN_SERVICE, persistedOpStateExpiryEpochSec: 0}.
2022-10-16 13:16:45,791 [ReplicationMonitor] INFO  replication.ReplicationManager (ReplicationManager.java:sendCloseContainerReplicaCommand(467)) - Sending close container command for container #4 to datanode c13247a4-8e58-4a93-a398-acd85f127862{ip: 10.1.0.60, host: fv-az308-250.etcbaq1qs54eplwmrjlabigyle.cx.internal.cloudapp.net, ports: [REPLICATION=38839, RATIS=41199, RATIS_ADMIN=41199, RATIS_SERVER=41199, STANDALONE=42871], networkLocation: /default-rack, certSerialId: null, persistedOpState: IN_SERVICE, persistedOpStateExpiryEpochSec: 0}.
2022-10-16 13:16:45,791 [ReplicationMonitor] INFO  replication.ReplicationManager (ReplicationManager.java:sendCloseContainerReplicaCommand(467)) - Sending close container command for container #4 to datanode d22513a5-5bbc-4be9-9acc-f8c8ca7a35e4{ip: 10.1.0.60, host: fv-az308-250.etcbaq1qs54eplwmrjlabigyle.cx.internal.cloudapp.net, ports: [REPLICATION=34995, RATIS=36935, RATIS_ADMIN=36935, RATIS_SERVER=36935, STANDALONE=45309], networkLocation: /default-rack, certSerialId: null, persistedOpState: IN_SERVICE, persistedOpStateExpiryEpochSec: 0}.
2022-10-16 13:16:45,791 [ReplicationMonitor] INFO  replication.ReplicationManager (ReplicationManager.java:sendCloseContainerReplicaCommand(467)) - Sending close container command for container #5 to datanode c13247a4-8e58-4a93-a398-acd85f127862{ip: 10.1.0.60, host: fv-az308-250.etcbaq1qs54eplwmrjlabigyle.cx.internal.cloudapp.net, ports: [REPLICATION=38839, RATIS=41199, RATIS_ADMIN=41199, RATIS_SERVER=41199, STANDALONE=42871], networkLocation: /default-rack, certSerialId: null, persistedOpState: IN_SERVICE, persistedOpStateExpiryEpochSec: 0}.
2022-10-16 13:16:45,791 [ReplicationMonitor] INFO  replication.ReplicationManager (ReplicationManager.java:sendCloseContainerReplicaCommand(467)) - Sending close container command for container #5 to datanode d22513a5-5bbc-4be9-9acc-f8c8ca7a35e4{ip: 10.1.0.60, host: fv-az308-250.etcbaq1qs54eplwmrjlabigyle.cx.internal.cloudapp.net, ports: [REPLICATION=34995, RATIS=36935, RATIS_ADMIN=36935, RATIS_SERVER=36935, STANDALONE=45309], networkLocation: /default-rack, certSerialId: null, persistedOpState: IN_SERVICE, persistedOpStateExpiryEpochSec: 0}.
2022-10-16 13:16:45,791 [ReplicationMonitor] INFO  replication.ReplicationManager (ReplicationManager.java:sendCloseContainerReplicaCommand(467)) - Sending close container command for container #5 to datanode dbe7118b-6463-4c1b-8250-64d2251ba697{ip: 10.1.0.60, host: fv-az308-250.etcbaq1qs54eplwmrjlabigyle.cx.internal.cloudapp.net, ports: [REPLICATION=38955, RATIS=43799, RATIS_ADMIN=43799, RATIS_SERVER=43799, STANDALONE=39749], networkLocation: /default-rack, certSerialId: null, persistedOpState: IN_SERVICE, persistedOpStateExpiryEpochSec: 0}.
2022-10-16 13:16:45,792 [ReplicationMonitor] INFO  replication.ReplicationManager (ReplicationManager.java:sendCloseContainerReplicaCommand(467)) - Sending close container command for container #6 to datanode dbe7118b-6463-4c1b-8250-64d2251ba697{ip: 10.1.0.60, host: fv-az308-250.etcbaq1qs54eplwmrjlabigyle.cx.internal.cloudapp.net, ports: [REPLICATION=38955, RATIS=43799, RATIS_ADMIN=43799, RATIS_SERVER=43799, STANDALONE=39749], networkLocation: /default-rack, certSerialId: null, persistedOpState: IN_SERVICE, persistedOpStateExpiryEpochSec: 0}.
2022-10-16 13:16:45,792 [ReplicationMonitor] INFO  replication.ReplicationManager (ReplicationManager.java:sendCloseContainerReplicaCommand(467)) - Sending close container command for container #6 to datanode c13247a4-8e58-4a93-a398-acd85f127862{ip: 10.1.0.60, host: fv-az308-250.etcbaq1qs54eplwmrjlabigyle.cx.internal.cloudapp.net, ports: [REPLICATION=38839, RATIS=41199, RATIS_ADMIN=41199, RATIS_SERVER=41199, STANDALONE=42871], networkLocation: /default-rack, certSerialId: null, persistedOpState: IN_SERVICE, persistedOpStateExpiryEpochSec: 0}.
2022-10-16 13:16:45,792 [ReplicationMonitor] INFO  replication.ReplicationManager (ReplicationManager.java:sendCloseContainerReplicaCommand(467)) - Sending close container command for container #6 to datanode d22513a5-5bbc-4be9-9acc-f8c8ca7a35e4{ip: 10.1.0.60, host: fv-az308-250.etcbaq1qs54eplwmrjlabigyle.cx.internal.cloudapp.net, ports: [REPLICATION=34995, RATIS=36935, RATIS_ADMIN=36935, RATIS_SERVER=36935, STANDALONE=45309], networkLocation: /default-rack, certSerialId: null, persistedOpState: IN_SERVICE, persistedOpStateExpiryEpochSec: 0}.
2022-10-16 13:16:45,792 [ReplicationMonitor] INFO  replication.ReplicationManager (ReplicationManager.java:sendCloseContainerReplicaCommand(467)) - Sending close container command for container #7 to datanode c13247a4-8e58-4a93-a398-acd85f127862{ip: 10.1.0.60, host: fv-az308-250.etcbaq1qs54eplwmrjlabigyle.cx.internal.cloudapp.net, ports: [REPLICATION=38839, RATIS=41199, RATIS_ADMIN=41199, RATIS_SERVER=41199, STANDALONE=42871], networkLocation: /default-rack, certSerialId: null, persistedOpState: IN_SERVICE, persistedOpStateExpiryEpochSec: 0}.
2022-10-16 13:16:45,792 [ReplicationMonitor] INFO  replication.ReplicationManager (ReplicationManager.java:sendCloseContainerReplicaCommand(467)) - Sending close container command for container #7 to datanode d22513a5-5bbc-4be9-9acc-f8c8ca7a35e4{ip: 10.1.0.60, host: fv-az308-250.etcbaq1qs54eplwmrjlabigyle.cx.internal.cloudapp.net, ports: [REPLICATION=34995, RATIS=36935, RATIS_ADMIN=36935, RATIS_SERVER=36935, STANDALONE=45309], networkLocation: /default-rack, certSerialId: null, persistedOpState: IN_SERVICE, persistedOpStateExpiryEpochSec: 0}.
2022-10-16 13:16:45,792 [ReplicationMonitor] INFO  replication.ReplicationManager (ReplicationManager.java:sendCloseContainerReplicaCommand(467)) - Sending close container command for container #7 to datanode dbe7118b-6463-4c1b-8250-64d2251ba697{ip: 10.1.0.60, host: fv-az308-250.etcbaq1qs54eplwmrjlabigyle.cx.internal.cloudapp.net, ports: [REPLICATION=38955, RATIS=43799, RATIS_ADMIN=43799, RATIS_SERVER=43799, STANDALONE=39749], networkLocation: /default-rack, certSerialId: null, persistedOpState: IN_SERVICE, persistedOpStateExpiryEpochSec: 0}.
2022-10-16 13:16:45,792 [ReplicationMonitor] INFO  replication.ReplicationManager (ReplicationManager.java:processAll(324)) - Replication Monitor Thread took 1 milliseconds for processing 7 containers.
2022-10-16 13:16:46,138 [ReplicationMonitor] INFO  replication.ReplicationManager (ReplicationManager.java:processAll(324)) - Replication Monitor Thread took 0 milliseconds for processing 7 containers.
2022-10-16 13:16:46,480 [Listener at 127.0.0.1/38707] INFO  utils.BackgroundService (BackgroundService.java:shutdown(141)) - Shutting down service BlockDeletingService
2022-10-16 13:16:46,481 [Listener at 127.0.0.1/38707] INFO  utils.BackgroundService (BackgroundService.java:shutdown(141)) - Shutting down service StaleRecoveringContainerScrubbingService
2022-10-16 13:16:46,483 [Listener at 127.0.0.1/38707] INFO  statemachine.DatanodeStateMachine (DatanodeStateMachine.java:stopDaemon(580)) - Ozone container server stopped.
2022-10-16 13:16:46,491 [Listener at 127.0.0.1/38707] INFO  handler.ContextHandler (ContextHandler.java:doStop(1153)) - Stopped o.e.j.w.WebAppContext@2e76969d{hddsDatanode,/,null,STOPPED}{jar:file:/home/runner/.m2/repository/org/apache/ozone/hdds-container-service/1.3.0-SNAPSHOT/hdds-container-service-1.3.0-SNAPSHOT.jar!/webapps/hddsDatanode}
2022-10-16 13:16:46,492 [Listener at 127.0.0.1/38707] INFO  server.AbstractConnector (AbstractConnector.java:doStop(381)) - Stopped ServerConnector@395e0045{HTTP/1.1, (http/1.1)}{0.0.0.0:0}
2022-10-16 13:16:46,492 [Listener at 127.0.0.1/38707] INFO  server.session (HouseKeeper.java:stopScavenging(149)) - node0 Stopped scavenging
2022-10-16 13:16:46,492 [Listener at 127.0.0.1/38707] INFO  handler.ContextHandler (ContextHandler.java:doStop(1153)) - Stopped o.e.j.s.ServletContextHandler@39233c8b{static,/static,jar:file:/home/runner/.m2/repository/org/apache/ozone/hdds-container-service/1.3.0-SNAPSHOT/hdds-container-service-1.3.0-SNAPSHOT.jar!/webapps/static,STOPPED}
2022-10-16 13:16:46,492 [Listener at 127.0.0.1/38707] INFO  handler.ContextHandler (ContextHandler.java:doStop(1153)) - Stopped o.e.j.s.ServletContextHandler@1e0ddd1d{logs,/logs,file:///home/runner/work/ozone/ozone/hadoop-ozone/integration-test/target/log,STOPPED}
2022-10-16 13:16:46,496 [Listener at 127.0.0.1/38707] INFO  ozone.MiniOzoneClusterImpl (MiniOzoneClusterImpl.java:stopSCM(537)) - Stopping the StorageContainerManager
2022-10-16 13:16:46,496 [Listener at 127.0.0.1/38707] INFO  server.StorageContainerManager (StorageContainerManager.java:stop(1528)) - Container Balancer is not running.
2022-10-16 13:16:46,496 [Listener at 127.0.0.1/38707] INFO  server.StorageContainerManager (StorageContainerManager.java:stop(1535)) - Stopping Replication Manager Service.
2022-10-16 13:16:46,496 [Listener at 127.0.0.1/38707] INFO  replication.ReplicationManager (ReplicationManager.java:stop(257)) - Stopping Replication Monitor Thread.
2022-10-16 13:16:46,496 [Under Replicated Processor] WARN  replication.UnderReplicatedProcessor (UnderReplicatedProcessor.java:run(148)) - Under Replicated Processor interrupted. Exiting...
2022-10-16 13:16:46,496 [Over Replicated Processor] WARN  replication.OverReplicatedProcessor (OverReplicatedProcessor.java:run(137)) - Over Replicated Processor interrupted. Exiting...
2022-10-16 13:16:46,496 [ReplicationMonitor] INFO  replication.ReplicationManager (ReplicationManager.java:run(509)) - Replication Monitor Thread is stopped
2022-10-16 13:16:46,496 [Listener at 127.0.0.1/38707] INFO  server.StorageContainerManager (StorageContainerManager.java:stop(1542)) - Stopping the Datanode Admin Monitor.
2022-10-16 13:16:46,497 [Listener at 127.0.0.1/38707] INFO  server.StorageContainerManager (StorageContainerManager.java:stop(1549)) - Stopping Lease Manager of the command watchers
2022-10-16 13:16:46,497 [Listener at 127.0.0.1/38707] INFO  server.StorageContainerManager (StorageContainerManager.java:stop(1556)) - Stopping datanode service RPC server
2022-10-16 13:16:46,497 [Listener at 127.0.0.1/38707] INFO  server.SCMDatanodeProtocolServer (SCMDatanodeProtocolServer.java:stop(414)) - Stopping the RPC server for DataNodes
2022-10-16 13:16:46,497 [Listener at 127.0.0.1/38707] INFO  ipc.Server (Server.java:stop(3428)) - Stopping server on 45223
2022-10-16 13:16:46,498 [IPC Server listener on 0] INFO  ipc.Server (Server.java:run(1384)) - Stopping IPC Server listener on 0
2022-10-16 13:16:46,500 [IPC Server Responder] INFO  ipc.Server (Server.java:run(1517)) - Stopping IPC Server Responder
2022-10-16 13:16:46,566 [SCM Heartbeat Processing Thread - 0] WARN  node.NodeStateManager (NodeStateManager.java:scheduleNextHealthCheck(870)) - Current Thread is interrupted, shutting down HB processing thread for Node Manager.
2022-10-16 13:16:46,567 [Listener at 127.0.0.1/38707] INFO  server.StorageContainerManager (StorageContainerManager.java:stop(1564)) - Stopping block service RPC server
2022-10-16 13:16:46,567 [Listener at 127.0.0.1/38707] INFO  server.SCMBlockProtocolServer (SCMBlockProtocolServer.java:stop(161)) - Stopping the RPC server for Block Protocol
2022-10-16 13:16:46,567 [Listener at 127.0.0.1/38707] INFO  ipc.Server (Server.java:stop(3428)) - Stopping server on 39249
2022-10-16 13:16:46,568 [IPC Server listener on 0] INFO  ipc.Server (Server.java:run(1384)) - Stopping IPC Server listener on 0
2022-10-16 13:16:46,569 [IPC Server Responder] INFO  ipc.Server (Server.java:run(1517)) - Stopping IPC Server Responder
2022-10-16 13:16:46,569 [Listener at 127.0.0.1/38707] INFO  server.StorageContainerManager (StorageContainerManager.java:stop(1571)) - Stopping the StorageContainerLocationProtocol RPC server
2022-10-16 13:16:46,569 [Listener at 127.0.0.1/38707] INFO  server.SCMClientProtocolServer (SCMClientProtocolServer.java:stop(179)) - Stopping the RPC server for Client Protocol
2022-10-16 13:16:46,569 [Listener at 127.0.0.1/38707] INFO  ipc.Server (Server.java:stop(3428)) - Stopping server on 41113
2022-10-16 13:16:46,573 [IPC Server Responder] INFO  ipc.Server (Server.java:run(1517)) - Stopping IPC Server Responder
2022-10-16 13:16:46,573 [Listener at 127.0.0.1/38707] INFO  server.StorageContainerManager (StorageContainerManager.java:stop(1578)) - Stopping Storage Container Manager HTTP server.
2022-10-16 13:16:46,573 [IPC Server listener on 0] INFO  ipc.Server (Server.java:run(1384)) - Stopping IPC Server listener on 0
2022-10-16 13:16:46,574 [Listener at 127.0.0.1/38707] INFO  handler.ContextHandler (ContextHandler.java:doStop(1153)) - Stopped o.e.j.w.WebAppContext@529612f9{scm,/,null,STOPPED}{file:/home/runner/work/ozone/ozone/hadoop-ozone/integration-test/target/test-classes/webapps/scm}
2022-10-16 13:16:46,575 [Listener at 127.0.0.1/38707] INFO  server.AbstractConnector (AbstractConnector.java:doStop(381)) - Stopped ServerConnector@54f11300{HTTP/1.1, (http/1.1)}{0.0.0.0:0}
2022-10-16 13:16:46,575 [Listener at 127.0.0.1/38707] INFO  server.session (HouseKeeper.java:stopScavenging(149)) - node0 Stopped scavenging
2022-10-16 13:16:46,575 [Listener at 127.0.0.1/38707] INFO  handler.ContextHandler (ContextHandler.java:doStop(1153)) - Stopped o.e.j.s.ServletContextHandler@53b3f0c8{static,/static,file:///home/runner/work/ozone/ozone/hadoop-ozone/integration-test/target/test-classes/webapps/static,STOPPED}
2022-10-16 13:16:46,575 [Listener at 127.0.0.1/38707] INFO  handler.ContextHandler (ContextHandler.java:doStop(1153)) - Stopped o.e.j.s.ServletContextHandler@4d00568d{logs,/logs,file:///home/runner/work/ozone/ozone/hadoop-ozone/integration-test/target/log,STOPPED}
2022-10-16 13:16:46,576 [Listener at 127.0.0.1/38707] INFO  server.StorageContainerManager (StorageContainerManager.java:stop(1584)) - Stopping SCM LayoutVersionManager Service.
2022-10-16 13:16:46,576 [Listener at 127.0.0.1/38707] INFO  server.StorageContainerManager (StorageContainerManager.java:stop(1592)) - Stopping Block Manager Service.
2022-10-16 13:16:46,576 [Listener at 127.0.0.1/38707] INFO  utils.BackgroundService (BackgroundService.java:shutdown(141)) - Shutting down service SCMBlockDeletingService
2022-10-16 13:16:46,576 [Listener at 127.0.0.1/38707] INFO  utils.BackgroundService (BackgroundService.java:shutdown(141)) - Shutting down service SCMBlockDeletingService
2022-10-16 13:16:46,576 [Listener at 127.0.0.1/38707] INFO  server.StorageContainerManager (StorageContainerManager.java:stop(1619)) - Stopping SCM Event Queue.
2022-10-16 13:16:46,577 [Listener at 127.0.0.1/38707] INFO  server.StorageContainerManager (StorageContainerManager.java:stop(1630)) - Stopping SCM HA services.
2022-10-16 13:16:46,579 [Listener at 127.0.0.1/38707] INFO  pipeline.BackgroundPipelineCreator (BackgroundPipelineCreator.java:stop(149)) - Stopping RatisPipelineUtilsThread.
2022-10-16 13:16:46,579 [RatisPipelineUtilsThread - 0] WARN  pipeline.BackgroundPipelineCreator (BackgroundPipelineCreator.java:run(180)) - RatisPipelineUtilsThread is interrupted.
2022-10-16 13:16:46,580 [Listener at 127.0.0.1/38707] INFO  BackgroundPipelineScrubber (BackgroundSCMService.java:stop(131)) - Stopping BackgroundPipelineScrubber Service.
2022-10-16 13:16:46,580 [BackgroundPipelineScrubberThread] WARN  BackgroundPipelineScrubber (BackgroundSCMService.java:run(115)) - BackgroundPipelineScrubber is interrupted, exit
2022-10-16 13:16:46,580 [Listener at 127.0.0.1/38707] INFO  impl.MetricsSystemImpl (MetricsSystemImpl.java:stop(210)) - Stopping HddsDatanode metrics system...
2022-10-16 13:16:46,581 [prometheus] INFO  impl.MetricsSinkAdapter (MetricsSinkAdapter.java:publishMetricsFromQueue(141)) - prometheus thread interrupted.
2022-10-16 13:16:46,581 [Listener at 127.0.0.1/38707] INFO  impl.MetricsSystemImpl (MetricsSystemImpl.java:stop(216)) - HddsDatanode metrics system stopped.
2022-10-16 13:16:46,581 [Listener at 127.0.0.1/38707] WARN  pipeline.BackgroundPipelineCreator (BackgroundPipelineCreator.java:stop(145)) - RatisPipelineUtilsThread is not running, just ignore.
2022-10-16 13:16:46,582 [Listener at 127.0.0.1/38707] INFO  BackgroundPipelineScrubber (BackgroundSCMService.java:stop(126)) - BackgroundPipelineScrubber Service is not running, skip stop.
2022-10-16 13:16:46,582 [Listener at 127.0.0.1/38707] INFO  ExpiredContainerReplicaOpScrubber (BackgroundSCMService.java:stop(131)) - Stopping ExpiredContainerReplicaOpScrubber Service.
2022-10-16 13:16:46,582 [ExpiredContainerReplicaOpScrubberThread] WARN  ExpiredContainerReplicaOpScrubber (BackgroundSCMService.java:run(115)) - ExpiredContainerReplicaOpScrubber is interrupted, exit
2022-10-16 13:16:46,582 [Listener at 127.0.0.1/38707] INFO  utils.BackgroundService (BackgroundService.java:shutdown(141)) - Shutting down service SCMBlockDeletingService
2022-10-16 13:16:46,582 [Listener at 127.0.0.1/38707] INFO  replication.ReplicationManager (ReplicationManager.java:stop(265)) - Replication Monitor Thread is not running.
2022-10-16 13:16:46,582 [Listener at 127.0.0.1/38707] WARN  balancer.ContainerBalancer (ContainerBalancer.java:stop(1096)) - Cannot stop Container Balancer because it's not running
2022-10-16 13:16:46,582 [Listener at 127.0.0.1/38707] INFO  server.StorageContainerManager (StorageContainerManager.java:stop(1648)) - Stopping SCM MetadataStore.
]]></system-out>
    <system-err><![CDATA[Oct 16, 2022 1:16:31 PM org.apache.ratis.thirdparty.io.grpc.internal.ManagedChannelOrphanWrapper$ManagedChannelReference cleanQueue
SEVERE: *~*~*~ Channel ManagedChannelImpl{logId=566, target=10.1.0.60:39119} was not shutdown properly!!! ~*~*~*
    Make sure to call shutdown()/shutdownNow() and wait until awaitTermination() returns true.
java.lang.RuntimeException: ManagedChannel allocation site
	at org.apache.ratis.thirdparty.io.grpc.internal.ManagedChannelOrphanWrapper$ManagedChannelReference.<init>(ManagedChannelOrphanWrapper.java:93)
	at org.apache.ratis.thirdparty.io.grpc.internal.ManagedChannelOrphanWrapper.<init>(ManagedChannelOrphanWrapper.java:53)
	at org.apache.ratis.thirdparty.io.grpc.internal.ManagedChannelOrphanWrapper.<init>(ManagedChannelOrphanWrapper.java:44)
	at org.apache.ratis.thirdparty.io.grpc.internal.ManagedChannelImplBuilder.build(ManagedChannelImplBuilder.java:630)
	at org.apache.ratis.thirdparty.io.grpc.internal.AbstractManagedChannelImplBuilder.build(AbstractManagedChannelImplBuilder.java:297)
	at org.apache.hadoop.hdds.scm.XceiverClientGrpc.connectToDatanode(XceiverClientGrpc.java:205)
	at org.apache.hadoop.hdds.scm.XceiverClientGrpc.reconnect(XceiverClientGrpc.java:579)
	at org.apache.hadoop.hdds.scm.XceiverClientGrpc.checkOpen(XceiverClientGrpc.java:570)
	at org.apache.hadoop.hdds.scm.XceiverClientGrpc.sendCommandAsync(XceiverClientGrpc.java:500)
	at org.apache.hadoop.hdds.scm.XceiverClientGrpc.sendCommandWithRetry(XceiverClientGrpc.java:402)
	at org.apache.hadoop.hdds.scm.XceiverClientGrpc.lambda$sendCommandWithTraceIDAndRetry$0(XceiverClientGrpc.java:344)
	at org.apache.hadoop.hdds.tracing.TracingUtil.executeInSpan(TracingUtil.java:177)
	at org.apache.hadoop.hdds.tracing.TracingUtil.executeInNewSpan(TracingUtil.java:151)
	at org.apache.hadoop.hdds.scm.XceiverClientGrpc.sendCommandWithTraceIDAndRetry(XceiverClientGrpc.java:338)
	at org.apache.hadoop.hdds.scm.XceiverClientGrpc.sendCommand(XceiverClientGrpc.java:319)
	at org.apache.hadoop.hdds.scm.storage.ContainerProtocolCalls.getBlock(ContainerProtocolCalls.java:152)
	at org.apache.hadoop.hdds.scm.storage.BlockInputStream.getChunkInfos(BlockInputStream.java:242)
	at org.apache.hadoop.hdds.scm.storage.BlockInputStream.initialize(BlockInputStream.java:146)
	at org.apache.hadoop.ozone.client.rpc.read.TestKeyInputStream.testInputStreams(TestKeyInputStream.java:176)
	at org.apache.hadoop.ozone.client.rpc.read.TestKeyInputStream.testNonReplicationReads(TestKeyInputStream.java:144)
	at sun.reflect.NativeMethodAccessorImpl.invoke0(Native Method)
	at sun.reflect.NativeMethodAccessorImpl.invoke(NativeMethodAccessorImpl.java:62)
	at sun.reflect.DelegatingMethodAccessorImpl.invoke(DelegatingMethodAccessorImpl.java:43)
	at java.lang.reflect.Method.invoke(Method.java:498)
	at org.junit.runners.model.FrameworkMethod$1.runReflectiveCall(FrameworkMethod.java:59)
	at org.junit.internal.runners.model.ReflectiveCallable.run(ReflectiveCallable.java:12)
	at org.junit.runners.model.FrameworkMethod.invokeExplosively(FrameworkMethod.java:56)
	at org.junit.internal.runners.statements.InvokeMethod.evaluate(InvokeMethod.java:17)
	at org.junit.internal.runners.statements.RunBefores.evaluate(RunBefores.java:26)
	at org.junit.internal.runners.statements.RunAfters.evaluate(RunAfters.java:27)
	at org.junit.internal.runners.statements.FailOnTimeout$CallableStatement.call(FailOnTimeout.java:288)
	at org.junit.internal.runners.statements.FailOnTimeout$CallableStatement.call(FailOnTimeout.java:282)
	at java.util.concurrent.FutureTask.run(FutureTask.java:266)
	at java.lang.Thread.run(Thread.java:750)

Oct 16, 2022 1:16:31 PM org.apache.ratis.thirdparty.io.grpc.internal.ManagedChannelOrphanWrapper$ManagedChannelReference cleanQueue
SEVERE: *~*~*~ Channel ManagedChannelImpl{logId=564, target=10.1.0.60:42871} was not shutdown properly!!! ~*~*~*
    Make sure to call shutdown()/shutdownNow() and wait until awaitTermination() returns true.
java.lang.RuntimeException: ManagedChannel allocation site
	at org.apache.ratis.thirdparty.io.grpc.internal.ManagedChannelOrphanWrapper$ManagedChannelReference.<init>(ManagedChannelOrphanWrapper.java:93)
	at org.apache.ratis.thirdparty.io.grpc.internal.ManagedChannelOrphanWrapper.<init>(ManagedChannelOrphanWrapper.java:53)
	at org.apache.ratis.thirdparty.io.grpc.internal.ManagedChannelOrphanWrapper.<init>(ManagedChannelOrphanWrapper.java:44)
	at org.apache.ratis.thirdparty.io.grpc.internal.ManagedChannelImplBuilder.build(ManagedChannelImplBuilder.java:630)
	at org.apache.ratis.thirdparty.io.grpc.internal.AbstractManagedChannelImplBuilder.build(AbstractManagedChannelImplBuilder.java:297)
	at org.apache.hadoop.hdds.scm.XceiverClientGrpc.connectToDatanode(XceiverClientGrpc.java:205)
	at org.apache.hadoop.hdds.scm.XceiverClientGrpc.connect(XceiverClientGrpc.java:158)
	at org.apache.hadoop.hdds.scm.XceiverClientManager$2.call(XceiverClientManager.java:243)
	at org.apache.hadoop.hdds.scm.XceiverClientManager$2.call(XceiverClientManager.java:224)
	at com.google.common.cache.LocalCache$LocalManualCache$1.load(LocalCache.java:4868)
	at com.google.common.cache.LocalCache$LoadingValueReference.loadFuture(LocalCache.java:3533)
	at com.google.common.cache.LocalCache$Segment.loadSync(LocalCache.java:2282)
	at com.google.common.cache.LocalCache$Segment.lockedGetOrLoad(LocalCache.java:2159)
	at com.google.common.cache.LocalCache$Segment.get(LocalCache.java:2049)
	at com.google.common.cache.LocalCache.get(LocalCache.java:3966)
	at com.google.common.cache.LocalCache$LocalManualCache.get(LocalCache.java:4863)
	at org.apache.hadoop.hdds.scm.XceiverClientManager.getClient(XceiverClientManager.java:224)
	at org.apache.hadoop.hdds.scm.XceiverClientManager.acquireClient(XceiverClientManager.java:168)
	at org.apache.hadoop.hdds.scm.XceiverClientManager.acquireClientForReadData(XceiverClientManager.java:157)
	at org.apache.hadoop.hdds.scm.storage.BlockInputStream.acquireClient(BlockInputStream.java:256)
	at org.apache.hadoop.hdds.scm.storage.BlockInputStream.getChunkInfos(BlockInputStream.java:223)
	at org.apache.hadoop.hdds.scm.storage.BlockInputStream.initialize(BlockInputStream.java:146)
	at org.apache.hadoop.ozone.client.rpc.read.TestKeyInputStream.testInputStreams(TestKeyInputStream.java:176)
	at org.apache.hadoop.ozone.client.rpc.read.TestKeyInputStream.testNonReplicationReads(TestKeyInputStream.java:144)
	at sun.reflect.NativeMethodAccessorImpl.invoke0(Native Method)
	at sun.reflect.NativeMethodAccessorImpl.invoke(NativeMethodAccessorImpl.java:62)
	at sun.reflect.DelegatingMethodAccessorImpl.invoke(DelegatingMethodAccessorImpl.java:43)
	at java.lang.reflect.Method.invoke(Method.java:498)
	at org.junit.runners.model.FrameworkMethod$1.runReflectiveCall(FrameworkMethod.java:59)
	at org.junit.internal.runners.model.ReflectiveCallable.run(ReflectiveCallable.java:12)
	at org.junit.runners.model.FrameworkMethod.invokeExplosively(FrameworkMethod.java:56)
	at org.junit.internal.runners.statements.InvokeMethod.evaluate(InvokeMethod.java:17)
	at org.junit.internal.runners.statements.RunBefores.evaluate(RunBefores.java:26)
	at org.junit.internal.runners.statements.RunAfters.evaluate(RunAfters.java:27)
	at org.junit.internal.runners.statements.FailOnTimeout$CallableStatement.call(FailOnTimeout.java:288)
	at org.junit.internal.runners.statements.FailOnTimeout$CallableStatement.call(FailOnTimeout.java:282)
	at java.util.concurrent.FutureTask.run(FutureTask.java:266)
	at java.lang.Thread.run(Thread.java:750)

Oct 16, 2022 1:16:31 PM org.apache.ratis.thirdparty.io.grpc.internal.ManagedChannelOrphanWrapper$ManagedChannelReference cleanQueue
SEVERE: *~*~*~ Channel ManagedChannelImpl{logId=475, target=10.1.0.60:42523} was not shutdown properly!!! ~*~*~*
    Make sure to call shutdown()/shutdownNow() and wait until awaitTermination() returns true.
java.lang.RuntimeException: ManagedChannel allocation site
	at org.apache.ratis.thirdparty.io.grpc.internal.ManagedChannelOrphanWrapper$ManagedChannelReference.<init>(ManagedChannelOrphanWrapper.java:93)
	at org.apache.ratis.thirdparty.io.grpc.internal.ManagedChannelOrphanWrapper.<init>(ManagedChannelOrphanWrapper.java:53)
	at org.apache.ratis.thirdparty.io.grpc.internal.ManagedChannelOrphanWrapper.<init>(ManagedChannelOrphanWrapper.java:44)
	at org.apache.ratis.thirdparty.io.grpc.internal.ManagedChannelImplBuilder.build(ManagedChannelImplBuilder.java:630)
	at org.apache.ratis.thirdparty.io.grpc.internal.AbstractManagedChannelImplBuilder.build(AbstractManagedChannelImplBuilder.java:297)
	at org.apache.hadoop.hdds.scm.XceiverClientGrpc.connectToDatanode(XceiverClientGrpc.java:205)
	at org.apache.hadoop.hdds.scm.XceiverClientGrpc.connect(XceiverClientGrpc.java:158)
	at org.apache.hadoop.hdds.scm.XceiverClientManager$2.call(XceiverClientManager.java:243)
	at org.apache.hadoop.hdds.scm.XceiverClientManager$2.call(XceiverClientManager.java:224)
	at com.google.common.cache.LocalCache$LocalManualCache$1.load(LocalCache.java:4868)
	at com.google.common.cache.LocalCache$LoadingValueReference.loadFuture(LocalCache.java:3533)
	at com.google.common.cache.LocalCache$Segment.loadSync(LocalCache.java:2282)
	at com.google.common.cache.LocalCache$Segment.lockedGetOrLoad(LocalCache.java:2159)
	at com.google.common.cache.LocalCache$Segment.get(LocalCache.java:2049)
	at com.google.common.cache.LocalCache.get(LocalCache.java:3966)
	at com.google.common.cache.LocalCache$LocalManualCache.get(LocalCache.java:4863)
	at org.apache.hadoop.hdds.scm.XceiverClientManager.getClient(XceiverClientManager.java:224)
	at org.apache.hadoop.hdds.scm.XceiverClientManager.acquireClient(XceiverClientManager.java:168)
	at org.apache.hadoop.hdds.scm.XceiverClientManager.acquireClientForReadData(XceiverClientManager.java:157)
	at org.apache.hadoop.hdds.scm.storage.BlockInputStream.acquireClient(BlockInputStream.java:256)
	at org.apache.hadoop.hdds.scm.storage.BlockInputStream.getChunkInfos(BlockInputStream.java:223)
	at org.apache.hadoop.hdds.scm.storage.BlockInputStream.initialize(BlockInputStream.java:146)
	at org.apache.hadoop.hdds.scm.storage.BlockInputStream.readWithStrategy(BlockInputStream.java:283)
	at org.apache.hadoop.hdds.scm.storage.ExtendedInputStream.read(ExtendedInputStream.java:54)
	at org.apache.hadoop.hdds.scm.storage.ByteArrayReader.readFromBlock(ByteArrayReader.java:57)
	at org.apache.hadoop.ozone.client.io.KeyInputStream.readWithStrategy(KeyInputStream.java:273)
	at org.apache.hadoop.ozone.client.io.KeyInputStream.read(KeyInputStream.java:240)
	at org.apache.hadoop.ozone.client.io.KeyInputStream.read(KeyInputStream.java:224)
	at org.apache.hadoop.ozone.client.rpc.read.TestKeyInputStream.testReadAfterReplication(TestKeyInputStream.java:441)
	at org.apache.hadoop.ozone.client.rpc.read.TestKeyInputStream.readAfterReplication(TestKeyInputStream.java:393)
	at sun.reflect.NativeMethodAccessorImpl.invoke0(Native Method)
	at sun.reflect.NativeMethodAccessorImpl.invoke(NativeMethodAccessorImpl.java:62)
	at sun.reflect.DelegatingMethodAccessorImpl.invoke(DelegatingMethodAccessorImpl.java:43)
	at java.lang.reflect.Method.invoke(Method.java:498)
	at org.junit.runners.model.FrameworkMethod$1.runReflectiveCall(FrameworkMethod.java:59)
	at org.junit.internal.runners.model.ReflectiveCallable.run(ReflectiveCallable.java:12)
	at org.junit.runners.model.FrameworkMethod.invokeExplosively(FrameworkMethod.java:56)
	at org.junit.internal.runners.statements.InvokeMethod.evaluate(InvokeMethod.java:17)
	at org.junit.internal.runners.statements.RunBefores.evaluate(RunBefores.java:26)
	at org.junit.internal.runners.statements.RunAfters.evaluate(RunAfters.java:27)
	at org.junit.internal.runners.statements.FailOnTimeout$CallableStatement.call(FailOnTimeout.java:288)
	at org.junit.internal.runners.statements.FailOnTimeout$CallableStatement.call(FailOnTimeout.java:282)
	at java.util.concurrent.FutureTask.run(FutureTask.java:266)
	at java.lang.Thread.run(Thread.java:750)

Oct 16, 2022 1:16:31 PM org.apache.ratis.thirdparty.io.grpc.internal.ManagedChannelOrphanWrapper$ManagedChannelReference cleanQueue
SEVERE: *~*~*~ Channel ManagedChannelImpl{logId=477, target=10.1.0.60:37941} was not shutdown properly!!! ~*~*~*
    Make sure to call shutdown()/shutdownNow() and wait until awaitTermination() returns true.
java.lang.RuntimeException: ManagedChannel allocation site
	at org.apache.ratis.thirdparty.io.grpc.internal.ManagedChannelOrphanWrapper$ManagedChannelReference.<init>(ManagedChannelOrphanWrapper.java:93)
	at org.apache.ratis.thirdparty.io.grpc.internal.ManagedChannelOrphanWrapper.<init>(ManagedChannelOrphanWrapper.java:53)
	at org.apache.ratis.thirdparty.io.grpc.internal.ManagedChannelOrphanWrapper.<init>(ManagedChannelOrphanWrapper.java:44)
	at org.apache.ratis.thirdparty.io.grpc.internal.ManagedChannelImplBuilder.build(ManagedChannelImplBuilder.java:630)
	at org.apache.ratis.thirdparty.io.grpc.internal.AbstractManagedChannelImplBuilder.build(AbstractManagedChannelImplBuilder.java:297)
	at org.apache.hadoop.hdds.scm.XceiverClientGrpc.connectToDatanode(XceiverClientGrpc.java:205)
	at org.apache.hadoop.hdds.scm.XceiverClientGrpc.reconnect(XceiverClientGrpc.java:579)
	at org.apache.hadoop.hdds.scm.XceiverClientGrpc.checkOpen(XceiverClientGrpc.java:570)
	at org.apache.hadoop.hdds.scm.XceiverClientGrpc.sendCommandAsync(XceiverClientGrpc.java:500)
	at org.apache.hadoop.hdds.scm.XceiverClientGrpc.sendCommandWithRetry(XceiverClientGrpc.java:402)
	at org.apache.hadoop.hdds.scm.XceiverClientGrpc.lambda$sendCommandWithTraceIDAndRetry$0(XceiverClientGrpc.java:344)
	at org.apache.hadoop.hdds.tracing.TracingUtil.executeInSpan(TracingUtil.java:177)
	at org.apache.hadoop.hdds.tracing.TracingUtil.executeInNewSpan(TracingUtil.java:151)
	at org.apache.hadoop.hdds.scm.XceiverClientGrpc.sendCommandWithTraceIDAndRetry(XceiverClientGrpc.java:338)
	at org.apache.hadoop.hdds.scm.XceiverClientGrpc.sendCommand(XceiverClientGrpc.java:319)
	at org.apache.hadoop.hdds.scm.storage.ContainerProtocolCalls.getBlock(ContainerProtocolCalls.java:152)
	at org.apache.hadoop.hdds.scm.storage.BlockInputStream.getChunkInfos(BlockInputStream.java:242)
	at org.apache.hadoop.hdds.scm.storage.BlockInputStream.initialize(BlockInputStream.java:146)
	at org.apache.hadoop.hdds.scm.storage.BlockInputStream.readWithStrategy(BlockInputStream.java:283)
	at org.apache.hadoop.hdds.scm.storage.ExtendedInputStream.read(ExtendedInputStream.java:54)
	at org.apache.hadoop.hdds.scm.storage.ByteArrayReader.readFromBlock(ByteArrayReader.java:57)
	at org.apache.hadoop.ozone.client.io.KeyInputStream.readWithStrategy(KeyInputStream.java:273)
	at org.apache.hadoop.ozone.client.io.KeyInputStream.read(KeyInputStream.java:240)
	at org.apache.hadoop.ozone.client.io.KeyInputStream.read(KeyInputStream.java:224)
	at org.apache.hadoop.ozone.client.rpc.read.TestKeyInputStream.testReadAfterReplication(TestKeyInputStream.java:441)
	at org.apache.hadoop.ozone.client.rpc.read.TestKeyInputStream.readAfterReplication(TestKeyInputStream.java:393)
	at sun.reflect.NativeMethodAccessorImpl.invoke0(Native Method)
	at sun.reflect.NativeMethodAccessorImpl.invoke(NativeMethodAccessorImpl.java:62)
	at sun.reflect.DelegatingMethodAccessorImpl.invoke(DelegatingMethodAccessorImpl.java:43)
	at java.lang.reflect.Method.invoke(Method.java:498)
	at org.junit.runners.model.FrameworkMethod$1.runReflectiveCall(FrameworkMethod.java:59)
	at org.junit.internal.runners.model.ReflectiveCallable.run(ReflectiveCallable.java:12)
	at org.junit.runners.model.FrameworkMethod.invokeExplosively(FrameworkMethod.java:56)
	at org.junit.internal.runners.statements.InvokeMethod.evaluate(InvokeMethod.java:17)
	at org.junit.internal.runners.statements.RunBefores.evaluate(RunBefores.java:26)
	at org.junit.internal.runners.statements.RunAfters.evaluate(RunAfters.java:27)
	at org.junit.internal.runners.statements.FailOnTimeout$CallableStatement.call(FailOnTimeout.java:288)
	at org.junit.internal.runners.statements.FailOnTimeout$CallableStatement.call(FailOnTimeout.java:282)
	at java.util.concurrent.FutureTask.run(FutureTask.java:266)
	at java.lang.Thread.run(Thread.java:750)

Oct 16, 2022 1:16:31 PM org.apache.ratis.thirdparty.io.grpc.internal.ManagedChannelOrphanWrapper$ManagedChannelReference cleanQueue
SEVERE: *~*~*~ Channel ManagedChannelImpl{logId=467, target=10.1.0.60:42523} was not shutdown properly!!! ~*~*~*
    Make sure to call shutdown()/shutdownNow() and wait until awaitTermination() returns true.
java.lang.RuntimeException: ManagedChannel allocation site
	at org.apache.ratis.thirdparty.io.grpc.internal.ManagedChannelOrphanWrapper$ManagedChannelReference.<init>(ManagedChannelOrphanWrapper.java:93)
	at org.apache.ratis.thirdparty.io.grpc.internal.ManagedChannelOrphanWrapper.<init>(ManagedChannelOrphanWrapper.java:53)
	at org.apache.ratis.thirdparty.io.grpc.internal.ManagedChannelOrphanWrapper.<init>(ManagedChannelOrphanWrapper.java:44)
	at org.apache.ratis.thirdparty.io.grpc.internal.ManagedChannelImplBuilder.build(ManagedChannelImplBuilder.java:630)
	at org.apache.ratis.thirdparty.io.grpc.internal.AbstractManagedChannelImplBuilder.build(AbstractManagedChannelImplBuilder.java:297)
	at org.apache.hadoop.hdds.scm.XceiverClientGrpc.connectToDatanode(XceiverClientGrpc.java:205)
	at org.apache.hadoop.hdds.scm.XceiverClientGrpc.connect(XceiverClientGrpc.java:158)
	at org.apache.hadoop.hdds.scm.XceiverClientManager$2.call(XceiverClientManager.java:243)
	at org.apache.hadoop.hdds.scm.XceiverClientManager$2.call(XceiverClientManager.java:224)
	at com.google.common.cache.LocalCache$LocalManualCache$1.load(LocalCache.java:4868)
	at com.google.common.cache.LocalCache$LoadingValueReference.loadFuture(LocalCache.java:3533)
	at com.google.common.cache.LocalCache$Segment.loadSync(LocalCache.java:2282)
	at com.google.common.cache.LocalCache$Segment.lockedGetOrLoad(LocalCache.java:2159)
	at com.google.common.cache.LocalCache$Segment.get(LocalCache.java:2049)
	at com.google.common.cache.LocalCache.get(LocalCache.java:3966)
	at com.google.common.cache.LocalCache$LocalManualCache.get(LocalCache.java:4863)
	at org.apache.hadoop.hdds.scm.XceiverClientManager.getClient(XceiverClientManager.java:224)
	at org.apache.hadoop.hdds.scm.XceiverClientManager.acquireClient(XceiverClientManager.java:168)
	at org.apache.hadoop.hdds.scm.XceiverClientManager.acquireClientForReadData(XceiverClientManager.java:157)
	at org.apache.hadoop.hdds.scm.storage.BlockInputStream.acquireClient(BlockInputStream.java:256)
	at org.apache.hadoop.hdds.scm.storage.BlockInputStream.getChunkInfos(BlockInputStream.java:223)
	at org.apache.hadoop.hdds.scm.storage.BlockInputStream.initialize(BlockInputStream.java:146)
	at org.apache.hadoop.hdds.scm.storage.BlockInputStream.readWithStrategy(BlockInputStream.java:283)
	at org.apache.hadoop.hdds.scm.storage.ExtendedInputStream.read(ExtendedInputStream.java:54)
	at org.apache.hadoop.hdds.scm.storage.ByteArrayReader.readFromBlock(ByteArrayReader.java:57)
	at org.apache.hadoop.ozone.client.io.KeyInputStream.readWithStrategy(KeyInputStream.java:273)
	at org.apache.hadoop.ozone.client.io.KeyInputStream.read(KeyInputStream.java:240)
	at org.apache.hadoop.ozone.client.io.KeyInputStream.read(KeyInputStream.java:224)
	at org.apache.hadoop.ozone.client.rpc.read.TestKeyInputStream.testReadAfterReplication(TestKeyInputStream.java:429)
	at org.apache.hadoop.ozone.client.rpc.read.TestKeyInputStream.readAfterReplication(TestKeyInputStream.java:393)
	at sun.reflect.NativeMethodAccessorImpl.invoke0(Native Method)
	at sun.reflect.NativeMethodAccessorImpl.invoke(NativeMethodAccessorImpl.java:62)
	at sun.reflect.DelegatingMethodAccessorImpl.invoke(DelegatingMethodAccessorImpl.java:43)
	at java.lang.reflect.Method.invoke(Method.java:498)
	at org.junit.runners.model.FrameworkMethod$1.runReflectiveCall(FrameworkMethod.java:59)
	at org.junit.internal.runners.model.ReflectiveCallable.run(ReflectiveCallable.java:12)
	at org.junit.runners.model.FrameworkMethod.invokeExplosively(FrameworkMethod.java:56)
	at org.junit.internal.runners.statements.InvokeMethod.evaluate(InvokeMethod.java:17)
	at org.junit.internal.runners.statements.RunBefores.evaluate(RunBefores.java:26)
	at org.junit.internal.runners.statements.RunAfters.evaluate(RunAfters.java:27)
	at org.junit.internal.runners.statements.FailOnTimeout$CallableStatement.call(FailOnTimeout.java:288)
	at org.junit.internal.runners.statements.FailOnTimeout$CallableStatement.call(FailOnTimeout.java:282)
	at java.util.concurrent.FutureTask.run(FutureTask.java:266)
	at java.lang.Thread.run(Thread.java:750)

]]></system-err>
  </testcase>
  <testcase name="readAfterReplicationWithUnbuffering" classname="TestKeyInputStream" time="43.283">
    <system-out><![CDATA[2022-10-16 13:14:45,091 [Time-limited test] WARN  server.ServerUtils (ServerUtils.java:getScmDbDir(148)) - ozone.scm.db.dirs is not configured. We recommend adding this setting. Falling back to ozone.metadata.dirs instead.
2022-10-16 13:14:45,094 [Time-limited test] WARN  server.ServerUtils (ServerUtils.java:getScmDbDir(148)) - ozone.scm.db.dirs is not configured. We recommend adding this setting. Falling back to ozone.metadata.dirs instead.
2022-10-16 13:14:45,094 [Time-limited test] INFO  ha.SCMHANodeDetails (SCMHANodeDetails.java:loadSCMHAConfig(209)) - ServiceID for StorageContainerManager is null
2022-10-16 13:14:45,094 [Time-limited test] INFO  ha.SCMHANodeDetails (SCMHANodeDetails.java:loadSCMHAConfig(214)) - ozone.scm.default.service.id is not defined, falling back to ozone.scm.service.ids to find serviceID for StorageContainerManager if it is HA enabled cluster
2022-10-16 13:14:45,097 [Time-limited test] WARN  utils.HAUtils (HAUtils.java:getMetaDir(342)) - ozone.scm.db.dirs is not configured. We recommend adding this setting. Falling back to ozone.metadata.dirs instead.
2022-10-16 13:14:45,098 [Time-limited test] WARN  db.DBStoreBuilder (DBStoreBuilder.java:applyDBDefinition(144)) - ozone.scm.db.dirs is not configured. We recommend adding this setting. Falling back to ozone.metadata.dirs instead.
2022-10-16 13:14:45,223 [Time-limited test] INFO  net.NodeSchemaLoader (NodeSchemaLoader.java:loadSchemaFromFile(129)) - Loading schema from [jar:file:/home/runner/.m2/repository/org/apache/ozone/hdds-common/1.3.0-SNAPSHOT/hdds-common-1.3.0-SNAPSHOT.jar!/network-topology-default.xml]
2022-10-16 13:14:45,223 [Time-limited test] INFO  net.NodeSchemaLoader (NodeSchemaLoader.java:loadSchema(176)) - Loading network topology layer schema file
2022-10-16 13:14:45,226 [Time-limited test] INFO  upgrade.AbstractLayoutVersionManager (AbstractLayoutVersionManager.java:init(83)) - Initializing Layout version manager with metadata layout = DATANODE_SCHEMA_V3 (version = 4), software layout = DATANODE_SCHEMA_V3 (version = 4)
2022-10-16 13:14:45,267 [Time-limited test] INFO  reflections.Reflections (Reflections.java:scan(232)) - Reflections took 40 ms to scan 7 urls, producing 137 keys and 328 values 
2022-10-16 13:14:45,269 [Time-limited test] INFO  ha.SequenceIdGenerator (SequenceIdGenerator.java:upgradeToSequenceId(349)) - upgrade localId to 109611004723200000
2022-10-16 13:14:45,269 [Time-limited test] INFO  ha.SequenceIdGenerator (SequenceIdGenerator.java:upgradeToSequenceId(359)) - upgrade delTxnId to 0
2022-10-16 13:14:45,269 [Time-limited test] INFO  ha.SequenceIdGenerator (SequenceIdGenerator.java:upgradeToSequenceId(376)) - upgrade containerId to 0
2022-10-16 13:14:45,269 [Time-limited test] INFO  ha.SequenceIdGenerator (SequenceIdGenerator.java:<init>(220)) - Init the HA SequenceIdGenerator.
2022-10-16 13:14:45,270 [Time-limited test] INFO  node.SCMNodeManager (SCMNodeManager.java:<init>(149)) - Entering startup safe mode.
2022-10-16 13:14:45,271 [Time-limited test] INFO  algorithms.ContainerPlacementPolicyFactory (ContainerPlacementPolicyFactory.java:getPolicyInternal(86)) - Create container placement policy of type org.apache.hadoop.hdds.scm.container.placement.algorithms.SCMContainerPlacementRandom
2022-10-16 13:14:45,271 [Time-limited test] INFO  algorithms.ContainerPlacementPolicyFactory (ContainerPlacementPolicyFactory.java:getPolicyInternal(86)) - Create container placement policy of type org.apache.hadoop.hdds.scm.container.placement.algorithms.SCMContainerPlacementRackScatter
2022-10-16 13:14:45,271 [Time-limited test] INFO  pipeline.PipelineStateManagerImpl (PipelineStateManagerImpl.java:initialize(78)) - No pipeline exists in current db
2022-10-16 13:14:45,272 [Time-limited test] INFO  algorithms.LeaderChoosePolicyFactory (LeaderChoosePolicyFactory.java:getPolicy(57)) - Create leader choose policy of type org.apache.hadoop.hdds.scm.pipeline.leader.choose.algorithms.MinLeaderCountChoosePolicy
2022-10-16 13:14:45,272 [Time-limited test] INFO  algorithms.ContainerPlacementPolicyFactory (ContainerPlacementPolicyFactory.java:getPolicyInternal(86)) - Create container placement policy of type org.apache.hadoop.hdds.scm.container.placement.algorithms.SCMContainerPlacementRackScatter
2022-10-16 13:14:45,272 [Time-limited test] INFO  ha.SCMServiceManager (SCMServiceManager.java:register(42)) - Registering service BackgroundPipelineCreator.
2022-10-16 13:14:45,272 [Time-limited test] INFO  pipeline.BackgroundPipelineCreator (BackgroundPipelineCreator.java:start(124)) - Starting RatisPipelineUtilsThread.
2022-10-16 13:14:45,272 [Time-limited test] INFO  BackgroundPipelineScrubber (BackgroundSCMService.java:start(68)) - Starting BackgroundPipelineScrubber Service.
2022-10-16 13:14:45,277 [Time-limited test] INFO  ha.SCMServiceManager (SCMServiceManager.java:register(42)) - Registering service BackgroundPipelineScrubber.
2022-10-16 13:14:45,277 [Time-limited test] INFO  ExpiredContainerReplicaOpScrubber (BackgroundSCMService.java:start(68)) - Starting ExpiredContainerReplicaOpScrubber Service.
2022-10-16 13:14:45,279 [Time-limited test] INFO  ha.SCMServiceManager (SCMServiceManager.java:register(42)) - Registering service ExpiredContainerReplicaOpScrubber.
2022-10-16 13:14:45,280 [Time-limited test] INFO  algorithms.PipelineChoosePolicyFactory (PipelineChoosePolicyFactory.java:createPipelineChoosePolicyFromClass(73)) - Create pipeline choose policy of type org.apache.hadoop.hdds.scm.pipeline.choose.algorithms.RandomPipelineChoosePolicy
2022-10-16 13:14:45,280 [Time-limited test] INFO  ha.SCMServiceManager (SCMServiceManager.java:register(42)) - Registering service SCMBlockDeletingService.
2022-10-16 13:14:45,280 [Time-limited test] INFO  replication.ReplicationManager (ReplicationManager.java:start(223)) - Starting Replication Monitor Thread.
2022-10-16 13:14:45,289 [Time-limited test] INFO  ha.SCMServiceManager (SCMServiceManager.java:register(42)) - Registering service ReplicationManager.
2022-10-16 13:14:45,290 [Time-limited test] INFO  safemode.ContainerSafeModeRule (ContainerSafeModeRule.java:<init>(89)) - containers with one replica threshold count 0
2022-10-16 13:14:45,290 [Time-limited test] INFO  safemode.HealthyPipelineSafeModeRule (HealthyPipelineSafeModeRule.java:initializeRule(169)) - Total pipeline count is 0, healthy pipeline threshold count is 1
2022-10-16 13:14:45,290 [Time-limited test] INFO  safemode.OneReplicaPipelineSafeModeRule (OneReplicaPipelineSafeModeRule.java:initializeRule(180)) - Total pipeline count is 0, pipeline's with at least one datanode reported threshold count is 0
2022-10-16 13:14:45,291 [Time-limited test] INFO  ipc.CallQueueManager (CallQueueManager.java:<init>(90)) - Using callQueue: class java.util.concurrent.LinkedBlockingQueue, queueCapacity: 2000, scheduler: class org.apache.hadoop.ipc.DefaultRpcScheduler, ipcBackoff: false.
2022-10-16 13:14:45,292 [Socket Reader #1 for port 0] INFO  ipc.Server (Server.java:run(1273)) - Starting Socket Reader #1 for port 0
2022-10-16 13:14:45,293 [Listener at 0.0.0.0/36793] INFO  ipc.CallQueueManager (CallQueueManager.java:<init>(90)) - Using callQueue: class java.util.concurrent.LinkedBlockingQueue, queueCapacity: 2000, scheduler: class org.apache.hadoop.ipc.DefaultRpcScheduler, ipcBackoff: false.
2022-10-16 13:14:45,293 [Socket Reader #1 for port 0] INFO  ipc.Server (Server.java:run(1273)) - Starting Socket Reader #1 for port 0
2022-10-16 13:14:45,294 [Listener at 0.0.0.0/40267] INFO  ipc.CallQueueManager (CallQueueManager.java:<init>(90)) - Using callQueue: class java.util.concurrent.LinkedBlockingQueue, queueCapacity: 2000, scheduler: class org.apache.hadoop.ipc.DefaultRpcScheduler, ipcBackoff: false.
2022-10-16 13:14:45,295 [Socket Reader #1 for port 0] INFO  ipc.Server (Server.java:run(1273)) - Starting Socket Reader #1 for port 0
2022-10-16 13:14:45,303 [ReplicationMonitor] INFO  replication.ReplicationManager (ReplicationManager.java:processAll(291)) - Replication Manager is not ready to run until 3000ms after safemode exit
2022-10-16 13:14:45,318 [Listener at 0.0.0.0/42605] INFO  ha.SCMServiceManager (SCMServiceManager.java:register(42)) - Registering service ContainerBalancer.
2022-10-16 13:14:45,318 [Listener at 0.0.0.0/42605] INFO  server.StorageContainerManager (StorageContainerManager.java:<init>(410)) - 
Container Balancer status:
Key                            Value
Running                        false
Container Balancer Configuration values:
Key                                                Value
Threshold                                          10
Max Datanodes to Involve per Iteration(percent)    20
Max Size to Move per Iteration                     500GB
Max Size Entering Target per Iteration             26GB
Max Size Leaving Source per Iteration              26GB

2022-10-16 13:14:45,318 [Listener at 0.0.0.0/42605] WARN  events.EventQueue (EventQueue.java:fireEvent(216)) - No event handler registered for event TypedEvent{payloadType=SafeModeStatus, name='Safe mode status'}
2022-10-16 13:14:45,318 [Listener at 0.0.0.0/42605] INFO  ha.SCMContext (SCMContext.java:updateSafeModeStatus(228)) - Update SafeModeStatus from SafeModeStatus{safeModeStatus=true, preCheckPassed=false} to SafeModeStatus{safeModeStatus=true, preCheckPassed=false}.
2022-10-16 13:14:45,319 [Listener at 0.0.0.0/42605] INFO  server.StorageContainerManager (StorageContainerManager.java:start(1436)) - StorageContainerLocationProtocol RPC server is listening at /0.0.0.0:42605
2022-10-16 13:14:45,319 [Listener at 0.0.0.0/42605] INFO  impl.MetricsSystemImpl (MetricsSystemImpl.java:init(158)) - StorageContainerManager metrics system started (again)
2022-10-16 13:14:45,329 [Listener at 0.0.0.0/42605] INFO  server.SCMClientProtocolServer (SCMClientProtocolServer.java:start(170)) - RPC server for Client  is listening at /0.0.0.0:42605
2022-10-16 13:14:45,332 [IPC Server Responder] INFO  ipc.Server (Server.java:run(1512)) - IPC Server Responder: starting
2022-10-16 13:14:45,338 [Listener at 0.0.0.0/42605] INFO  server.StorageContainerManager (StorageContainerManager.java:start(1451)) - ScmBlockLocationProtocol RPC server is listening at /0.0.0.0:40267
2022-10-16 13:14:45,343 [Listener at 0.0.0.0/42605] INFO  server.SCMBlockProtocolServer (SCMBlockProtocolServer.java:start(152)) - RPC server for Block Protocol is listening at /0.0.0.0:40267
2022-10-16 13:14:45,336 [IPC Server listener on 0] INFO  ipc.Server (Server.java:run(1352)) - IPC Server listener on 0: starting
2022-10-16 13:14:45,343 [IPC Server Responder] INFO  ipc.Server (Server.java:run(1512)) - IPC Server Responder: starting
2022-10-16 13:14:45,343 [IPC Server listener on 0] INFO  ipc.Server (Server.java:run(1352)) - IPC Server listener on 0: starting
2022-10-16 13:14:45,345 [Listener at 0.0.0.0/42605] INFO  server.SCMDatanodeProtocolServer (SCMDatanodeProtocolServer.java:start(186)) - ScmDatanodeProtocol RPC server for DataNodes is listening at /0.0.0.0:36793
2022-10-16 13:14:45,346 [IPC Server Responder] INFO  ipc.Server (Server.java:run(1512)) - IPC Server Responder: starting
2022-10-16 13:14:45,346 [IPC Server listener on 0] INFO  ipc.Server (Server.java:run(1352)) - IPC Server listener on 0: starting
2022-10-16 13:14:45,356 [Listener at 0.0.0.0/42605] INFO  http.BaseHttpServer (BaseHttpServer.java:newHttpServer2BuilderForOzone(213)) - Starting Web-server for scm at: http://0.0.0.0:0
2022-10-16 13:14:45,356 [org.apache.hadoop.util.JvmPauseMonitor$Monitor@764a4825] INFO  util.JvmPauseMonitor (JvmPauseMonitor.java:run(188)) - Starting JVM pause monitor
2022-10-16 13:14:45,356 [Listener at 0.0.0.0/42605] INFO  http.BaseHttpServer (BaseHttpServer.java:<init>(108)) - Hadoop Security Enabled: false Ozone Security Enabled: false Ozone HTTP Security Enabled: false 
2022-10-16 13:14:45,358 [Listener at 0.0.0.0/42605] WARN  server.AuthenticationFilter (AuthenticationFilter.java:constructSecretProvider(240)) - Unable to initialize FileSignerSecretProvider, falling back to use random secrets. Reason: Could not read signature secret file: /home/runner/hadoop-http-auth-signature-secret
2022-10-16 13:14:45,358 [Listener at 0.0.0.0/42605] WARN  http.HttpRequestLog (HttpRequestLog.java:getRequestLog(103)) - Jetty request log can only be enabled using Log4j
2022-10-16 13:14:45,360 [Listener at 0.0.0.0/42605] INFO  http.HttpServer2 (HttpServer2.java:addGlobalFilter(1031)) - Added global filter 'safety' (class=org.apache.hadoop.hdds.server.http.HttpServer2$QuotingInputFilter)
2022-10-16 13:14:45,360 [Listener at 0.0.0.0/42605] INFO  http.HttpServer2 (HttpServer2.java:addFilter(1007)) - Added filter static_user_filter (class=org.apache.hadoop.http.lib.StaticUserWebFilter$StaticUserFilter) to context scm
2022-10-16 13:14:45,360 [Listener at 0.0.0.0/42605] INFO  http.HttpServer2 (HttpServer2.java:addFilter(1015)) - Added filter static_user_filter (class=org.apache.hadoop.http.lib.StaticUserWebFilter$StaticUserFilter) to context logs
2022-10-16 13:14:45,360 [Listener at 0.0.0.0/42605] INFO  http.HttpServer2 (HttpServer2.java:addFilter(1015)) - Added filter static_user_filter (class=org.apache.hadoop.http.lib.StaticUserWebFilter$StaticUserFilter) to context static
2022-10-16 13:14:45,361 [Listener at 0.0.0.0/42605] INFO  http.HttpServer2 (HttpServer2.java:bindListener(1250)) - Jetty bound to port 42637
2022-10-16 13:14:45,361 [Listener at 0.0.0.0/42605] INFO  server.Server (Server.java:doStart(375)) - jetty-9.4.43.v20210629; built: 2021-06-30T11:07:22.254Z; git: 526006ecfa3af7f1a27ef3a288e2bef7ea9dd7e8; jvm 1.8.0_345-b01
2022-10-16 13:14:45,362 [Listener at 0.0.0.0/42605] INFO  server.session (DefaultSessionIdManager.java:doStart(334)) - DefaultSessionIdManager workerName=node0
2022-10-16 13:14:45,363 [Listener at 0.0.0.0/42605] INFO  server.session (DefaultSessionIdManager.java:doStart(339)) - No SessionScavenger set, using defaults
2022-10-16 13:14:45,363 [Listener at 0.0.0.0/42605] INFO  server.session (HouseKeeper.java:startScavenging(132)) - node0 Scavenging every 600000ms
2022-10-16 13:14:45,364 [Listener at 0.0.0.0/42605] INFO  handler.ContextHandler (ContextHandler.java:doStart(915)) - Started o.e.j.s.ServletContextHandler@5b6241e5{logs,/logs,file:///home/runner/work/ozone/ozone/hadoop-ozone/integration-test/target/log,AVAILABLE}
2022-10-16 13:14:45,364 [Listener at 0.0.0.0/42605] INFO  handler.ContextHandler (ContextHandler.java:doStart(915)) - Started o.e.j.s.ServletContextHandler@98b5155{static,/static,file:///home/runner/work/ozone/ozone/hadoop-ozone/integration-test/target/test-classes/webapps/static,AVAILABLE}
2022-10-16 13:14:45,368 [Listener at 0.0.0.0/42605] INFO  handler.ContextHandler (ContextHandler.java:doStart(915)) - Started o.e.j.w.WebAppContext@5c20e35b{scm,/,file:///home/runner/work/ozone/ozone/hadoop-ozone/integration-test/target/test-classes/webapps/scm/,AVAILABLE}{file:/home/runner/work/ozone/ozone/hadoop-ozone/integration-test/target/test-classes/webapps/scm}
2022-10-16 13:14:45,370 [Listener at 0.0.0.0/42605] INFO  server.AbstractConnector (AbstractConnector.java:doStart(331)) - Started ServerConnector@62cc5527{HTTP/1.1, (http/1.1)}{0.0.0.0:42637}
2022-10-16 13:14:45,370 [Listener at 0.0.0.0/42605] INFO  server.Server (Server.java:doStart(415)) - Started @66582ms
2022-10-16 13:14:45,370 [Listener at 0.0.0.0/42605] WARN  impl.MetricsSystemImpl (MetricsSystemImpl.java:register(279)) - Sink prometheus already exists!
2022-10-16 13:14:45,370 [Listener at 0.0.0.0/42605] INFO  http.BaseHttpServer (BaseHttpServer.java:updateConnectorAddress(333)) - HTTP server of scm listening at http://0.0.0.0:42637
2022-10-16 13:14:45,370 [Listener at 0.0.0.0/42605] WARN  server.ServerUtils (ServerUtils.java:getDBPath(225)) - ozone.om.db.dirs is not configured. We recommend adding this setting. Falling back to ozone.metadata.dirs instead.
2022-10-16 13:14:45,372 [Listener at 0.0.0.0/42605] INFO  ha.OMHANodeDetails (OMHANodeDetails.java:loadOMHAConfig(115)) - ozone.om.internal.service.id is not defined, falling back to ozone.om.service.ids to find serviceID for OzoneManager if it is HA enabled cluster
2022-10-16 13:14:45,372 [Listener at 0.0.0.0/42605] INFO  ha.OMHANodeDetails (OMHANodeDetails.java:loadOMHAConfig(226)) - Configuration does not have ozone.om.address set. Falling back to the default OM address /127.0.0.1:0
2022-10-16 13:14:45,372 [Listener at 0.0.0.0/42605] INFO  ha.OMHANodeDetails (OMHANodeDetails.java:getOMNodeDetailsForNonHA(254)) - OM Service ID is not set. Setting it to the default ID: omServiceIdDefault
2022-10-16 13:14:45,372 [Listener at 0.0.0.0/42605] INFO  ha.OMHANodeDetails (OMHANodeDetails.java:getOMNodeDetailsForNonHA(261)) - OM Node ID is not set. Setting it to the default ID: om1
2022-10-16 13:14:45,373 [Listener at 0.0.0.0/42605] WARN  server.ServerUtils (ServerUtils.java:getDBPath(225)) - ozone.om.db.dirs is not configured. We recommend adding this setting. Falling back to ozone.metadata.dirs instead.
2022-10-16 13:14:45,373 [Listener at 0.0.0.0/42605] INFO  upgrade.AbstractLayoutVersionManager (AbstractLayoutVersionManager.java:init(83)) - Initializing Layout version manager with metadata layout = MULTITENANCY_SCHEMA (version = 3), software layout = MULTITENANCY_SCHEMA (version = 3)
2022-10-16 13:14:45,445 [Listener at 0.0.0.0/42605] INFO  reflections.Reflections (Reflections.java:scan(232)) - Reflections took 71 ms to scan 2 urls, producing 154 keys and 428 values [using 2 cores]
2022-10-16 13:14:45,445 [Listener at 0.0.0.0/42605] INFO  upgrade.OMLayoutVersionManager (OMLayoutVersionManager.java:lambda$0(115)) - Skipping Upgrade Action MockOmUpgradeAction since it has been finalized.
2022-10-16 13:14:45,445 [Listener at 0.0.0.0/42605] WARN  server.ServerUtils (ServerUtils.java:getDBPath(225)) - ozone.om.db.dirs is not configured. We recommend adding this setting. Falling back to ozone.metadata.dirs instead.
2022-10-16 13:14:45,446 [Listener at 0.0.0.0/42605] INFO  proxy.SCMBlockLocationFailoverProxyProvider (SCMBlockLocationFailoverProxyProvider.java:<init>(114)) - Created block location fail-over proxy with 1 nodes: [nodeId=scmNodeId,nodeAddress=/0.0.0.0:40267]
2022-10-16 13:14:45,447 [Listener at 0.0.0.0/42605] INFO  proxy.SCMBlockLocationFailoverProxyProvider (SCMBlockLocationFailoverProxyProvider.java:<init>(114)) - Created block location fail-over proxy with 1 nodes: [nodeId=scmNodeId,nodeAddress=/0.0.0.0:40267]
2022-10-16 13:14:45,457 [Listener at 0.0.0.0/42605] WARN  server.ServerUtils (ServerUtils.java:getDBPath(225)) - ozone.om.db.dirs is not configured. We recommend adding this setting. Falling back to ozone.metadata.dirs instead.
2022-10-16 13:14:45,458 [Listener at 0.0.0.0/42605] INFO  codec.OmKeyInfoCodec (OmKeyInfoCodec.java:<init>(49)) - OmKeyInfoCodec ignorePipeline = true
2022-10-16 13:14:45,458 [Listener at 0.0.0.0/42605] INFO  codec.RepeatedOmKeyInfoCodec (RepeatedOmKeyInfoCodec.java:<init>(41)) - RepeatedOmKeyInfoCodec ignorePipeline = true
2022-10-16 13:14:45,648 [Listener at 0.0.0.0/42605] INFO  om.OzoneManager (OzoneManager.java:instantiateServices(712)) - S3 Multi-Tenancy is disabled
2022-10-16 13:14:45,649 [Listener at 0.0.0.0/42605] INFO  om.OzoneManager (OzoneManager.java:addS3GVolumeToDB(4386)) - Created Volume s3v With Owner runner required for S3Gateway operations.
2022-10-16 13:14:45,649 [Listener at 0.0.0.0/42605] WARN  server.ServerUtils (ServerUtils.java:getDefaultRatisDirectory(237)) - Storage directory for Ratis is not configured. It is a good idea to map this to an SSD disk. Falling back to ozone.metadata.dirs
2022-10-16 13:14:45,649 [Listener at 0.0.0.0/42605] WARN  utils.OzoneManagerRatisUtils (OzoneManagerRatisUtils.java:getOMRatisSnapshotDirectory(434)) - ozone.om.ratis.snapshot.dir is not configured. Falling back to ozone.metadata.dirs config
2022-10-16 13:14:45,650 [Listener at 0.0.0.0/42605] WARN  server.ServerUtils (ServerUtils.java:getDefaultRatisDirectory(237)) - Storage directory for Ratis is not configured. It is a good idea to map this to an SSD disk. Falling back to ozone.metadata.dirs
2022-10-16 13:14:45,651 [Listener at 0.0.0.0/42605] INFO  ratis.OzoneManagerRatisServer (OzoneManagerRatisServer.java:<init>(160)) - Instantiating OM Ratis server with groupID: omServiceIdDefault and peers: localhost:9872
2022-10-16 13:14:45,651 [Listener at 0.0.0.0/42605] INFO  ratis.OzoneManagerStateMachine (OzoneManagerStateMachine.java:loadSnapshotInfoFromDB(632)) - LastAppliedIndex is set from TransactionInfo from OM DB as (t:0, i:~)
2022-10-16 13:14:45,651 [Listener at 0.0.0.0/42605] INFO  server.RaftServer (ConfUtils.java:logGet(46)) - raft.rpc.type = GRPC (default)
2022-10-16 13:14:45,651 [Listener at 0.0.0.0/42605] INFO  grpc.GrpcFactory (GrpcFactory.java:checkPooledByteBufAllocatorUseCacheForAllThreads(48)) - PERFORMANCE WARNING: useCacheForAllThreads is true that may cause Netty to create a lot garbage objects and, as a result, trigger GC.
	It is recommended to disable useCacheForAllThreads by setting -Dorg.apache.ratis.thirdparty.io.netty.allocator.useCacheForAllThreads=false in command line.
2022-10-16 13:14:45,652 [Listener at 0.0.0.0/42605] INFO  grpc.GrpcConfigKeys (ConfUtils.java:logGet(46)) - raft.grpc.admin.port = -1 (default)
2022-10-16 13:14:45,652 [Listener at 0.0.0.0/42605] INFO  grpc.GrpcConfigKeys (ConfUtils.java:logGet(46)) - raft.grpc.server.port = 9872 (custom)
2022-10-16 13:14:45,652 [Listener at 0.0.0.0/42605] INFO  grpc.GrpcConfigKeys (ConfUtils.java:logGet(46)) - raft.grpc.client.port = -1 (default)
2022-10-16 13:14:45,652 [Listener at 0.0.0.0/42605] INFO  grpc.GrpcConfigKeys (ConfUtils.java:logGet(46)) - raft.grpc.server.port = 9872 (custom)
2022-10-16 13:14:45,652 [Listener at 0.0.0.0/42605] INFO  grpc.GrpcConfigKeys (ConfUtils.java:logGet(46)) - raft.grpc.server.port = 9872 (custom)
2022-10-16 13:14:45,653 [Listener at 0.0.0.0/42605] INFO  server.GrpcService (ConfUtils.java:logGet(46)) - raft.grpc.message.size.max = 33554432 (custom)
2022-10-16 13:14:45,653 [Listener at 0.0.0.0/42605] INFO  server.RaftServerConfigKeys (ConfUtils.java:logGet(46)) - raft.server.log.appender.buffer.byte-limit = 33554432 (custom)
2022-10-16 13:14:45,653 [Listener at 0.0.0.0/42605] INFO  server.GrpcService (ConfUtils.java:logGet(46)) - raft.grpc.flow.control.window = 1MB (=1048576) (default)
2022-10-16 13:14:45,653 [Listener at 0.0.0.0/42605] INFO  server.RaftServerConfigKeys (ConfUtils.java:logGet(46)) - raft.server.rpc.request.timeout = 3000ms (default)
2022-10-16 13:14:45,653 [Listener at 0.0.0.0/42605] INFO  grpc.GrpcConfigKeys (ConfUtils.java:logGet(46)) - raft.grpc.server.async.request.thread.pool.cached = true (default)
2022-10-16 13:14:45,653 [Listener at 0.0.0.0/42605] INFO  grpc.GrpcConfigKeys (ConfUtils.java:logGet(46)) - raft.grpc.server.async.request.thread.pool.size = 32 (default)
2022-10-16 13:14:45,654 [Listener at 0.0.0.0/42605] INFO  impl.DataStreamServerImpl (ConfUtils.java:logGet(46)) - raft.datastream.type = DISABLED (default)
2022-10-16 13:14:45,654 [Listener at 0.0.0.0/42605] INFO  server.RaftServerConfigKeys (ConfUtils.java:logGet(46)) - raft.server.threadpool.proxy.cached = true (default)
2022-10-16 13:14:45,654 [Listener at 0.0.0.0/42605] INFO  server.RaftServerConfigKeys (ConfUtils.java:logGet(46)) - raft.server.threadpool.proxy.size = 0 (default)
2022-10-16 13:14:45,654 [Listener at 0.0.0.0/42605] INFO  server.RaftServerConfigKeys (ConfUtils.java:logGet(46)) - raft.server.rpc.slowness.timeout = 120s (custom)
2022-10-16 13:14:45,654 [Listener at 0.0.0.0/42605] INFO  server.RaftServerConfigKeys (ConfUtils.java:logGet(46)) - raft.server.leaderelection.leader.step-down.wait-time = 10s (default)
2022-10-16 13:14:45,654 [Listener at 0.0.0.0/42605] INFO  server.RaftServerConfigKeys (ConfUtils.java:logGet(46)) - raft.server.storage.dir = [/home/runner/work/ozone/ozone/hadoop-ozone/integration-test/target/test-dir/MiniOzoneClusterImpl-1260e40a-66d4-47e7-b895-29d827f4fcd0/ozone-meta/ratis] (custom)
2022-10-16 13:14:45,655 [Listener at 0.0.0.0/42605] INFO  server.RaftServer (RaftServerProxy.java:addNew(96)) - om1: addNew group-C5BA1605619E:[om1|rpc:localhost:9872|priority:0] returns group-C5BA1605619E:java.util.concurrent.CompletableFuture@70c43f87[Not completed]
2022-10-16 13:14:45,655 [Listener at 0.0.0.0/42605] INFO  om.OzoneManager (OzoneManager.java:initializeRatisServer(1975)) - OzoneManager Ratis server initialized at port 9872
2022-10-16 13:14:45,655 [pool-422-thread-1] INFO  server.RaftServer$Division (RaftServerImpl.java:<init>(190)) - om1: new RaftServerImpl for group-C5BA1605619E:[om1|rpc:localhost:9872|priority:0] with OzoneManagerStateMachine:uninitialized
2022-10-16 13:14:45,656 [pool-422-thread-1] INFO  server.RaftServerConfigKeys (ConfUtils.java:logGet(46)) - raft.server.rpc.timeout.min = 1s (custom)
2022-10-16 13:14:45,656 [pool-422-thread-1] INFO  server.RaftServerConfigKeys (ConfUtils.java:logGet(46)) - raft.server.rpc.timeout.max = 1200ms (custom)
2022-10-16 13:14:45,656 [pool-422-thread-1] INFO  server.RaftServerConfigKeys (ConfUtils.java:logGet(46)) - raft.server.rpc.sleep.time = 25ms (default)
2022-10-16 13:14:45,656 [pool-422-thread-1] INFO  server.RaftServerConfigKeys (ConfUtils.java:logGet(46)) - raft.server.rpc.slowness.timeout = 120s (custom)
2022-10-16 13:14:45,656 [pool-422-thread-1] INFO  server.RaftServerConfigKeys (ConfUtils.java:logGet(46)) - raft.server.leaderelection.leader.step-down.wait-time = 10s (default)
2022-10-16 13:14:45,656 [pool-422-thread-1] INFO  server.RaftServerConfigKeys (ConfUtils.java:logGet(46)) - raft.server.sleep.deviation.threshold = 300ms (default)
2022-10-16 13:14:45,656 [pool-422-thread-1] INFO  server.RaftServer$Division (ServerState.java:<init>(107)) - om1@group-C5BA1605619E: ConfigurationManager, init=-1: [om1|rpc:localhost:9872|priority:0], old=null, confs=<EMPTY_MAP>
2022-10-16 13:14:45,656 [pool-422-thread-1] INFO  server.RaftServerConfigKeys (ConfUtils.java:logGet(46)) - raft.server.storage.dir = [/home/runner/work/ozone/ozone/hadoop-ozone/integration-test/target/test-dir/MiniOzoneClusterImpl-1260e40a-66d4-47e7-b895-29d827f4fcd0/ozone-meta/ratis] (custom)
2022-10-16 13:14:45,656 [pool-422-thread-1] INFO  server.RaftServerConfigKeys (ConfUtils.java:logGet(46)) - raft.server.log.corruption.policy = EXCEPTION (default)
2022-10-16 13:14:45,656 [pool-422-thread-1] INFO  server.RaftServerConfigKeys (ConfUtils.java:logGet(46)) - raft.server.storage.free-space.min = 0MB (=0) (default)
2022-10-16 13:14:45,656 [Listener at 0.0.0.0/42605] INFO  om.OzoneManager (OzoneManager.java:getRpcServer(1101)) - Creating RPC Server
2022-10-16 13:14:45,656 [pool-422-thread-1] INFO  storage.RaftStorageDirectory (RaftStorageDirectoryImpl.java:analyzeStorage(135)) - The storage directory /home/runner/work/ozone/ozone/hadoop-ozone/integration-test/target/test-dir/MiniOzoneClusterImpl-1260e40a-66d4-47e7-b895-29d827f4fcd0/ozone-meta/ratis/bf265839-605b-3f16-9796-c5ba1605619e does not exist. Creating ...
2022-10-16 13:14:45,659 [pool-422-thread-1] INFO  storage.RaftStorageDirectory (RaftStorageDirectoryImpl.java:tryLock(230)) - Lock on /home/runner/work/ozone/ozone/hadoop-ozone/integration-test/target/test-dir/MiniOzoneClusterImpl-1260e40a-66d4-47e7-b895-29d827f4fcd0/ozone-meta/ratis/bf265839-605b-3f16-9796-c5ba1605619e/in_use.lock acquired by nodename 44550@fv-az308-250
2022-10-16 13:14:45,663 [pool-422-thread-1] INFO  storage.RaftStorage (RaftStorageImpl.java:format(89)) - Storage directory /home/runner/work/ozone/ozone/hadoop-ozone/integration-test/target/test-dir/MiniOzoneClusterImpl-1260e40a-66d4-47e7-b895-29d827f4fcd0/ozone-meta/ratis/bf265839-605b-3f16-9796-c5ba1605619e has been successfully formatted.
2022-10-16 13:14:45,663 [pool-422-thread-1] INFO  server.RaftServerConfigKeys (ConfUtils.java:logGet(46)) - raft.server.notification.no-leader.timeout = 120s (custom)
2022-10-16 13:14:45,664 [pool-422-thread-1] INFO  server.RaftServerConfigKeys (ConfUtils.java:logGet(46)) - raft.server.log.use.memory = false (default)
2022-10-16 13:14:45,664 [pool-422-thread-1] INFO  server.RaftServerConfigKeys (ConfUtils.java:logGet(46)) - raft.server.log.purge.gap = 1000000 (custom)
2022-10-16 13:14:45,664 [pool-422-thread-1] INFO  server.RaftServerConfigKeys (ConfUtils.java:logGet(46)) - raft.server.log.appender.buffer.byte-limit = 33554432 (custom)
2022-10-16 13:14:45,664 [pool-422-thread-1] INFO  server.RaftServerConfigKeys (ConfUtils.java:logGet(46)) - raft.server.log.statemachine.data.read.timeout = 1000ms (default)
2022-10-16 13:14:45,664 [pool-422-thread-1] INFO  server.RaftServerConfigKeys (ConfUtils.java:logGet(46)) - raft.server.log.segment.size.max = 4194304 (custom)
2022-10-16 13:14:45,664 [pool-422-thread-1] INFO  server.RaftServerConfigKeys (ConfUtils.java:logGet(46)) - raft.server.log.segment.cache.num.max = 2 (custom)
2022-10-16 13:14:45,664 [pool-422-thread-1] INFO  server.RaftServerConfigKeys (ConfUtils.java:logGet(46)) - raft.server.log.segment.cache.size.max = 200MB (=209715200) (default)
2022-10-16 13:14:45,664 [pool-422-thread-1] INFO  segmented.SegmentedRaftLogWorker (SegmentedRaftLogWorker.java:<init>(187)) - new om1@group-C5BA1605619E-SegmentedRaftLogWorker for RaftStorageImpl:Storage Directory /home/runner/work/ozone/ozone/hadoop-ozone/integration-test/target/test-dir/MiniOzoneClusterImpl-1260e40a-66d4-47e7-b895-29d827f4fcd0/ozone-meta/ratis/bf265839-605b-3f16-9796-c5ba1605619e
2022-10-16 13:14:45,664 [pool-422-thread-1] INFO  server.RaftServerConfigKeys (ConfUtils.java:logGet(46)) - raft.server.log.queue.byte-limit = 64MB (=67108864) (default)
2022-10-16 13:14:45,664 [pool-422-thread-1] INFO  server.RaftServerConfigKeys (ConfUtils.java:logGet(46)) - raft.server.log.queue.element-limit = 4096 (default)
2022-10-16 13:14:45,664 [pool-422-thread-1] INFO  server.RaftServerConfigKeys (ConfUtils.java:logGet(46)) - raft.server.log.segment.size.max = 4194304 (custom)
2022-10-16 13:14:45,665 [pool-422-thread-1] INFO  server.RaftServerConfigKeys (ConfUtils.java:logGet(46)) - raft.server.log.preallocated.size = 4194304 (custom)
2022-10-16 13:14:45,665 [pool-422-thread-1] INFO  server.RaftServerConfigKeys (ConfUtils.java:logGet(46)) - raft.server.log.force.sync.num = 128 (default)
2022-10-16 13:14:45,665 [pool-422-thread-1] INFO  server.RaftServerConfigKeys (ConfUtils.java:logGet(46)) - raft.server.log.statemachine.data.sync = true (default)
2022-10-16 13:14:45,665 [pool-422-thread-1] INFO  server.RaftServerConfigKeys (ConfUtils.java:logGet(46)) - raft.server.log.statemachine.data.sync.timeout = 10s (default)
2022-10-16 13:14:45,665 [pool-422-thread-1] INFO  server.RaftServerConfigKeys (ConfUtils.java:logGet(46)) - raft.server.log.statemachine.data.sync.timeout.retry = -1 (default)
2022-10-16 13:14:45,665 [pool-422-thread-1] INFO  server.RaftServerConfigKeys (ConfUtils.java:logGet(46)) - raft.server.log.write.buffer.size = 64KB (=65536) (default)
2022-10-16 13:14:45,665 [pool-422-thread-1] INFO  server.RaftServerConfigKeys (ConfUtils.java:logGet(46)) - raft.server.log.unsafe-flush.enabled = false (default)
2022-10-16 13:14:45,665 [pool-422-thread-1] INFO  server.RaftServerConfigKeys (ConfUtils.java:logGet(46)) - raft.server.log.statemachine.data.caching.enabled = false (default)
2022-10-16 13:14:45,666 [pool-422-thread-1] INFO  segmented.SegmentedRaftLogWorker (SegmentedRaftLogWorker.java:lambda$new$0(135)) - om1@group-C5BA1605619E-SegmentedRaftLogWorker: flushIndex: setUnconditionally 0 -> -1
2022-10-16 13:14:45,666 [pool-422-thread-1] INFO  segmented.SegmentedRaftLogWorker (SegmentedRaftLogWorker.java:lambda$new$0(135)) - om1@group-C5BA1605619E-SegmentedRaftLogWorker: safeCacheEvictIndex: setUnconditionally 0 -> -1
2022-10-16 13:14:45,676 [pool-422-thread-1] INFO  server.RaftServerConfigKeys (ConfUtils.java:logGet(46)) - raft.server.snapshot.auto.trigger.enabled = true (custom)
2022-10-16 13:14:45,676 [pool-422-thread-1] INFO  server.RaftServerConfigKeys (ConfUtils.java:logGet(46)) - raft.server.snapshot.auto.trigger.threshold = 400000 (default)
2022-10-16 13:14:45,676 [pool-422-thread-1] INFO  server.RaftServerConfigKeys (ConfUtils.java:logGet(46)) - raft.server.snapshot.retention.file.num = -1 (default)
2022-10-16 13:14:45,676 [pool-422-thread-1] INFO  server.RaftServerConfigKeys (ConfUtils.java:logGet(46)) - raft.server.log.purge.upto.snapshot.index = true (custom)
2022-10-16 13:14:45,676 [pool-422-thread-1] INFO  server.RaftServerConfigKeys (ConfUtils.java:logGet(46)) - raft.server.retrycache.expirytime = 300s (custom)
2022-10-16 13:14:45,676 [pool-422-thread-1] INFO  server.RaftServerConfigKeys (ConfUtils.java:logGet(46)) - raft.server.retrycache.statistics.expirytime = 100μs (default)
2022-10-16 13:14:45,677 [pool-422-thread-1] INFO  server.RaftServerConfigKeys (ConfUtils.java:logGet(46)) - raft.server.log.appender.install.snapshot.enabled = false (custom)
2022-10-16 13:14:45,677 [pool-422-thread-1] INFO  server.RaftServerConfigKeys (ConfUtils.java:logGet(46)) - raft.server.threadpool.server.cached = true (default)
2022-10-16 13:14:45,677 [pool-422-thread-1] INFO  server.RaftServerConfigKeys (ConfUtils.java:logGet(46)) - raft.server.threadpool.server.size = 0 (default)
2022-10-16 13:14:45,677 [pool-422-thread-1] INFO  server.RaftServerConfigKeys (ConfUtils.java:logGet(46)) - raft.server.threadpool.client.cached = true (default)
2022-10-16 13:14:45,677 [pool-422-thread-1] INFO  server.RaftServerConfigKeys (ConfUtils.java:logGet(46)) - raft.server.threadpool.client.size = 0 (default)
2022-10-16 13:14:45,816 [EventQueue-StaleNodeForStaleNodeHandler] INFO  node.StaleNodeHandler (StaleNodeHandler.java:onMessage(59)) - Datanode 56a38eed-0cc2-4715-835e-d068c92ebf74{ip: 10.1.0.60, host: fv-az308-250.etcbaq1qs54eplwmrjlabigyle.cx.internal.cloudapp.net, ports: [REPLICATION=33567, RATIS=40671, RATIS_ADMIN=40671, RATIS_SERVER=40671, STANDALONE=37693], networkLocation: /default-rack, certSerialId: null, persistedOpState: IN_SERVICE, persistedOpStateExpiryEpochSec: 0} moved to stale state. Finalizing its pipelines [PipelineID=45611cc1-d40b-47d0-9c66-33150e078bbc, PipelineID=440ec147-ee29-450d-a3ab-134bc341bcd8, PipelineID=913966db-1625-4a54-8764-0ee3829b0ef9, PipelineID=303cd470-5518-4f98-a976-876fee44ed6c, PipelineID=7446e2fd-c933-4fa1-98f7-d1c6cb956b50, PipelineID=772bd27d-22e0-4842-9807-466baa98b65f]
2022-10-16 13:14:45,816 [EventQueue-StaleNodeForStaleNodeHandler] INFO  pipeline.PipelineManagerImpl (PipelineManagerImpl.java:closePipeline(442)) - Pipeline Pipeline[ Id: 303cd470-5518-4f98-a976-876fee44ed6c, Nodes: 56a38eed-0cc2-4715-835e-d068c92ebf74{ip: 10.1.0.60, host: fv-az308-250.etcbaq1qs54eplwmrjlabigyle.cx.internal.cloudapp.net, ports: [REPLICATION=33567, RATIS=40671, RATIS_ADMIN=40671, RATIS_SERVER=40671, STANDALONE=37693], networkLocation: /default-rack, certSerialId: null, persistedOpState: IN_SERVICE, persistedOpStateExpiryEpochSec: 0}, ReplicationConfig: RATIS/ONE, State:OPEN, leaderId:56a38eed-0cc2-4715-835e-d068c92ebf74, CreationTimestamp2022-10-16T13:13:50.538Z[Etc/UTC]] moved to CLOSED state
2022-10-16 13:14:45,817 [EventQueue-StaleNodeForStaleNodeHandler] INFO  node.StaleNodeHandler (StaleNodeHandler.java:onMessage(59)) - Datanode 38a9bf41-2224-4aa1-adc3-26a20af34a93{ip: 10.1.0.60, host: fv-az308-250.etcbaq1qs54eplwmrjlabigyle.cx.internal.cloudapp.net, ports: [REPLICATION=37823, RATIS=37671, RATIS_ADMIN=37671, RATIS_SERVER=37671, STANDALONE=34011], networkLocation: /default-rack, certSerialId: null, persistedOpState: IN_SERVICE, persistedOpStateExpiryEpochSec: 0} moved to stale state. Finalizing its pipelines [PipelineID=45611cc1-d40b-47d0-9c66-33150e078bbc, PipelineID=440ec147-ee29-450d-a3ab-134bc341bcd8, PipelineID=7446e2fd-c933-4fa1-98f7-d1c6cb956b50, PipelineID=3ef6c476-1ca6-41ac-93d8-4457fecf7044, PipelineID=772bd27d-22e0-4842-9807-466baa98b65f]
2022-10-16 13:14:45,817 [EventQueue-StaleNodeForStaleNodeHandler] INFO  pipeline.PipelineManagerImpl (PipelineManagerImpl.java:closePipeline(442)) - Pipeline Pipeline[ Id: 3ef6c476-1ca6-41ac-93d8-4457fecf7044, Nodes: 38a9bf41-2224-4aa1-adc3-26a20af34a93{ip: 10.1.0.60, host: fv-az308-250.etcbaq1qs54eplwmrjlabigyle.cx.internal.cloudapp.net, ports: [REPLICATION=37823, RATIS=37671, RATIS_ADMIN=37671, RATIS_SERVER=37671, STANDALONE=34011], networkLocation: /default-rack, certSerialId: null, persistedOpState: IN_SERVICE, persistedOpStateExpiryEpochSec: 0}, ReplicationConfig: RATIS/ONE, State:OPEN, leaderId:38a9bf41-2224-4aa1-adc3-26a20af34a93, CreationTimestamp2022-10-16T13:13:51.995Z[Etc/UTC]] moved to CLOSED state
2022-10-16 13:14:45,924 [EventQueue-DeadNodeForDeadNodeHandler] INFO  node.DeadNodeHandler (DeadNodeHandler.java:onMessage(81)) - A dead datanode is detected. 15f04113-e53c-48b5-ac4f-c6d0b16f8f23{ip: 10.1.0.60, host: fv-az308-250.etcbaq1qs54eplwmrjlabigyle.cx.internal.cloudapp.net, ports: [REPLICATION=43039, RATIS=33623, RATIS_ADMIN=33623, RATIS_SERVER=33623, STANDALONE=44287], networkLocation: /default-rack, certSerialId: null, persistedOpState: IN_SERVICE, persistedOpStateExpiryEpochSec: 0}
2022-10-16 13:14:45,931 [EventQueue-DeadNodeForDeadNodeHandler] INFO  pipeline.PipelineStateManagerImpl (PipelineStateManagerImpl.java:removePipeline(245)) - Pipeline Pipeline[ Id: 45611cc1-d40b-47d0-9c66-33150e078bbc, Nodes: 19c5685d-7faf-4816-a074-b6158b4e61e2{ip: 10.1.0.60, host: fv-az308-250.etcbaq1qs54eplwmrjlabigyle.cx.internal.cloudapp.net, ports: [REPLICATION=37885, RATIS=41227, RATIS_ADMIN=41227, RATIS_SERVER=41227, STANDALONE=41075], networkLocation: /default-rack, certSerialId: null, persistedOpState: null, persistedOpStateExpiryEpochSec: 0}15f04113-e53c-48b5-ac4f-c6d0b16f8f23{ip: 10.1.0.60, host: fv-az308-250.etcbaq1qs54eplwmrjlabigyle.cx.internal.cloudapp.net, ports: [REPLICATION=43039, RATIS=33623, RATIS_ADMIN=33623, RATIS_SERVER=33623, STANDALONE=44287], networkLocation: /default-rack, certSerialId: null, persistedOpState: null, persistedOpStateExpiryEpochSec: 0}d6bb9e09-7a5d-4d11-b65a-7cc5dc53b33d{ip: 10.1.0.60, host: fv-az308-250.etcbaq1qs54eplwmrjlabigyle.cx.internal.cloudapp.net, ports: [REPLICATION=33315, RATIS=35493, RATIS_ADMIN=35493, RATIS_SERVER=35493, STANDALONE=43787], networkLocation: /default-rack, certSerialId: null, persistedOpState: null, persistedOpStateExpiryEpochSec: 0}38a9bf41-2224-4aa1-adc3-26a20af34a93{ip: 10.1.0.60, host: fv-az308-250.etcbaq1qs54eplwmrjlabigyle.cx.internal.cloudapp.net, ports: [REPLICATION=37823, RATIS=37671, RATIS_ADMIN=37671, RATIS_SERVER=37671, STANDALONE=34011], networkLocation: /default-rack, certSerialId: null, persistedOpState: null, persistedOpStateExpiryEpochSec: 0}56a38eed-0cc2-4715-835e-d068c92ebf74{ip: 10.1.0.60, host: fv-az308-250.etcbaq1qs54eplwmrjlabigyle.cx.internal.cloudapp.net, ports: [REPLICATION=33567, RATIS=40671, RATIS_ADMIN=40671, RATIS_SERVER=40671, STANDALONE=37693], networkLocation: /default-rack, certSerialId: null, persistedOpState: null, persistedOpStateExpiryEpochSec: 0}, ReplicationConfig: EC/ECReplicationConfig{data=3, parity=2, ecChunkSize=1048576, codec=rs}, State:CLOSED, leaderId:, CreationTimestamp2022-10-16T13:14:33.273Z[Etc/UTC]] removed.
2022-10-16 13:14:45,931 [EventQueue-DeadNodeForDeadNodeHandler] INFO  pipeline.PipelineStateManagerImpl (PipelineStateManagerImpl.java:removePipeline(245)) - Pipeline Pipeline[ Id: 440ec147-ee29-450d-a3ab-134bc341bcd8, Nodes: 15f04113-e53c-48b5-ac4f-c6d0b16f8f23{ip: 10.1.0.60, host: fv-az308-250.etcbaq1qs54eplwmrjlabigyle.cx.internal.cloudapp.net, ports: [REPLICATION=43039, RATIS=33623, RATIS_ADMIN=33623, RATIS_SERVER=33623, STANDALONE=44287], networkLocation: /default-rack, certSerialId: null, persistedOpState: null, persistedOpStateExpiryEpochSec: 0}38a9bf41-2224-4aa1-adc3-26a20af34a93{ip: 10.1.0.60, host: fv-az308-250.etcbaq1qs54eplwmrjlabigyle.cx.internal.cloudapp.net, ports: [REPLICATION=37823, RATIS=37671, RATIS_ADMIN=37671, RATIS_SERVER=37671, STANDALONE=34011], networkLocation: /default-rack, certSerialId: null, persistedOpState: null, persistedOpStateExpiryEpochSec: 0}19c5685d-7faf-4816-a074-b6158b4e61e2{ip: 10.1.0.60, host: fv-az308-250.etcbaq1qs54eplwmrjlabigyle.cx.internal.cloudapp.net, ports: [REPLICATION=37885, RATIS=41227, RATIS_ADMIN=41227, RATIS_SERVER=41227, STANDALONE=41075], networkLocation: /default-rack, certSerialId: null, persistedOpState: null, persistedOpStateExpiryEpochSec: 0}d6bb9e09-7a5d-4d11-b65a-7cc5dc53b33d{ip: 10.1.0.60, host: fv-az308-250.etcbaq1qs54eplwmrjlabigyle.cx.internal.cloudapp.net, ports: [REPLICATION=33315, RATIS=35493, RATIS_ADMIN=35493, RATIS_SERVER=35493, STANDALONE=43787], networkLocation: /default-rack, certSerialId: null, persistedOpState: null, persistedOpStateExpiryEpochSec: 0}56a38eed-0cc2-4715-835e-d068c92ebf74{ip: 10.1.0.60, host: fv-az308-250.etcbaq1qs54eplwmrjlabigyle.cx.internal.cloudapp.net, ports: [REPLICATION=33567, RATIS=40671, RATIS_ADMIN=40671, RATIS_SERVER=40671, STANDALONE=37693], networkLocation: /default-rack, certSerialId: null, persistedOpState: null, persistedOpStateExpiryEpochSec: 0}, ReplicationConfig: EC/ECReplicationConfig{data=3, parity=2, ecChunkSize=1048576, codec=rs}, State:CLOSED, leaderId:, CreationTimestamp2022-10-16T13:14:32.522Z[Etc/UTC]] removed.
2022-10-16 13:14:45,932 [EventQueue-DeadNodeForDeadNodeHandler] INFO  pipeline.RatisPipelineProvider (RatisPipelineProvider.java:lambda$close$1(244)) - Send pipeline:PipelineID=913966db-1625-4a54-8764-0ee3829b0ef9 close command to datanode 56a38eed-0cc2-4715-835e-d068c92ebf74
2022-10-16 13:14:45,932 [EventQueue-DeadNodeForDeadNodeHandler] INFO  pipeline.RatisPipelineProvider (RatisPipelineProvider.java:lambda$close$1(244)) - Send pipeline:PipelineID=913966db-1625-4a54-8764-0ee3829b0ef9 close command to datanode 15f04113-e53c-48b5-ac4f-c6d0b16f8f23
2022-10-16 13:14:45,941 [EventQueue-DeadNodeForDeadNodeHandler] INFO  pipeline.RatisPipelineProvider (RatisPipelineProvider.java:lambda$close$1(244)) - Send pipeline:PipelineID=913966db-1625-4a54-8764-0ee3829b0ef9 close command to datanode 19c5685d-7faf-4816-a074-b6158b4e61e2
2022-10-16 13:14:45,941 [EventQueue-DeadNodeForDeadNodeHandler] INFO  pipeline.PipelineStateManagerImpl (PipelineStateManagerImpl.java:removePipeline(245)) - Pipeline Pipeline[ Id: 913966db-1625-4a54-8764-0ee3829b0ef9, Nodes: 56a38eed-0cc2-4715-835e-d068c92ebf74{ip: 10.1.0.60, host: fv-az308-250.etcbaq1qs54eplwmrjlabigyle.cx.internal.cloudapp.net, ports: [REPLICATION=33567, RATIS=40671, RATIS_ADMIN=40671, RATIS_SERVER=40671, STANDALONE=37693], networkLocation: /default-rack, certSerialId: null, persistedOpState: IN_SERVICE, persistedOpStateExpiryEpochSec: 0}15f04113-e53c-48b5-ac4f-c6d0b16f8f23{ip: 10.1.0.60, host: fv-az308-250.etcbaq1qs54eplwmrjlabigyle.cx.internal.cloudapp.net, ports: [REPLICATION=43039, RATIS=33623, RATIS_ADMIN=33623, RATIS_SERVER=33623, STANDALONE=44287], networkLocation: /default-rack, certSerialId: null, persistedOpState: IN_SERVICE, persistedOpStateExpiryEpochSec: 0}19c5685d-7faf-4816-a074-b6158b4e61e2{ip: 10.1.0.60, host: fv-az308-250.etcbaq1qs54eplwmrjlabigyle.cx.internal.cloudapp.net, ports: [REPLICATION=37885, RATIS=41227, RATIS_ADMIN=41227, RATIS_SERVER=41227, STANDALONE=41075], networkLocation: /default-rack, certSerialId: null, persistedOpState: IN_SERVICE, persistedOpStateExpiryEpochSec: 0}, ReplicationConfig: RATIS/THREE, State:CLOSED, leaderId:56a38eed-0cc2-4715-835e-d068c92ebf74, CreationTimestamp2022-10-16T13:13:51.392Z[Etc/UTC]] removed.
2022-10-16 13:14:45,941 [EventQueue-DeadNodeForDeadNodeHandler] INFO  pipeline.RatisPipelineProvider (RatisPipelineProvider.java:lambda$close$1(244)) - Send pipeline:PipelineID=568b7d33-1fb5-4bd3-b88d-bbc814ab74aa close command to datanode 15f04113-e53c-48b5-ac4f-c6d0b16f8f23
2022-10-16 13:14:45,942 [EventQueue-DeadNodeForDeadNodeHandler] INFO  pipeline.PipelineStateManagerImpl (PipelineStateManagerImpl.java:removePipeline(245)) - Pipeline Pipeline[ Id: 568b7d33-1fb5-4bd3-b88d-bbc814ab74aa, Nodes: 15f04113-e53c-48b5-ac4f-c6d0b16f8f23{ip: 10.1.0.60, host: fv-az308-250.etcbaq1qs54eplwmrjlabigyle.cx.internal.cloudapp.net, ports: [REPLICATION=43039, RATIS=33623, RATIS_ADMIN=33623, RATIS_SERVER=33623, STANDALONE=44287], networkLocation: /default-rack, certSerialId: null, persistedOpState: IN_SERVICE, persistedOpStateExpiryEpochSec: 0}, ReplicationConfig: RATIS/ONE, State:CLOSED, leaderId:15f04113-e53c-48b5-ac4f-c6d0b16f8f23, CreationTimestamp2022-10-16T13:13:51.387Z[Etc/UTC]] removed.
2022-10-16 13:14:45,942 [EventQueue-DeadNodeForDeadNodeHandler] INFO  pipeline.PipelineStateManagerImpl (PipelineStateManagerImpl.java:removePipeline(245)) - Pipeline Pipeline[ Id: 7446e2fd-c933-4fa1-98f7-d1c6cb956b50, Nodes: d6bb9e09-7a5d-4d11-b65a-7cc5dc53b33d{ip: 10.1.0.60, host: fv-az308-250.etcbaq1qs54eplwmrjlabigyle.cx.internal.cloudapp.net, ports: [REPLICATION=33315, RATIS=35493, RATIS_ADMIN=35493, RATIS_SERVER=35493, STANDALONE=43787], networkLocation: /default-rack, certSerialId: null, persistedOpState: null, persistedOpStateExpiryEpochSec: 0}15f04113-e53c-48b5-ac4f-c6d0b16f8f23{ip: 10.1.0.60, host: fv-az308-250.etcbaq1qs54eplwmrjlabigyle.cx.internal.cloudapp.net, ports: [REPLICATION=43039, RATIS=33623, RATIS_ADMIN=33623, RATIS_SERVER=33623, STANDALONE=44287], networkLocation: /default-rack, certSerialId: null, persistedOpState: null, persistedOpStateExpiryEpochSec: 0}56a38eed-0cc2-4715-835e-d068c92ebf74{ip: 10.1.0.60, host: fv-az308-250.etcbaq1qs54eplwmrjlabigyle.cx.internal.cloudapp.net, ports: [REPLICATION=33567, RATIS=40671, RATIS_ADMIN=40671, RATIS_SERVER=40671, STANDALONE=37693], networkLocation: /default-rack, certSerialId: null, persistedOpState: null, persistedOpStateExpiryEpochSec: 0}19c5685d-7faf-4816-a074-b6158b4e61e2{ip: 10.1.0.60, host: fv-az308-250.etcbaq1qs54eplwmrjlabigyle.cx.internal.cloudapp.net, ports: [REPLICATION=37885, RATIS=41227, RATIS_ADMIN=41227, RATIS_SERVER=41227, STANDALONE=41075], networkLocation: /default-rack, certSerialId: null, persistedOpState: null, persistedOpStateExpiryEpochSec: 0}38a9bf41-2224-4aa1-adc3-26a20af34a93{ip: 10.1.0.60, host: fv-az308-250.etcbaq1qs54eplwmrjlabigyle.cx.internal.cloudapp.net, ports: [REPLICATION=37823, RATIS=37671, RATIS_ADMIN=37671, RATIS_SERVER=37671, STANDALONE=34011], networkLocation: /default-rack, certSerialId: null, persistedOpState: null, persistedOpStateExpiryEpochSec: 0}, ReplicationConfig: EC/ECReplicationConfig{data=3, parity=2, ecChunkSize=1048576, codec=rs}, State:CLOSED, leaderId:, CreationTimestamp2022-10-16T13:14:31.675Z[Etc/UTC]] removed.
2022-10-16 13:14:45,943 [EventQueue-DeadNodeForDeadNodeHandler] INFO  pipeline.PipelineStateManagerImpl (PipelineStateManagerImpl.java:removePipeline(245)) - Pipeline Pipeline[ Id: 772bd27d-22e0-4842-9807-466baa98b65f, Nodes: 19c5685d-7faf-4816-a074-b6158b4e61e2{ip: 10.1.0.60, host: fv-az308-250.etcbaq1qs54eplwmrjlabigyle.cx.internal.cloudapp.net, ports: [REPLICATION=37885, RATIS=41227, RATIS_ADMIN=41227, RATIS_SERVER=41227, STANDALONE=41075], networkLocation: /default-rack, certSerialId: null, persistedOpState: null, persistedOpStateExpiryEpochSec: 0}38a9bf41-2224-4aa1-adc3-26a20af34a93{ip: 10.1.0.60, host: fv-az308-250.etcbaq1qs54eplwmrjlabigyle.cx.internal.cloudapp.net, ports: [REPLICATION=37823, RATIS=37671, RATIS_ADMIN=37671, RATIS_SERVER=37671, STANDALONE=34011], networkLocation: /default-rack, certSerialId: null, persistedOpState: null, persistedOpStateExpiryEpochSec: 0}d6bb9e09-7a5d-4d11-b65a-7cc5dc53b33d{ip: 10.1.0.60, host: fv-az308-250.etcbaq1qs54eplwmrjlabigyle.cx.internal.cloudapp.net, ports: [REPLICATION=33315, RATIS=35493, RATIS_ADMIN=35493, RATIS_SERVER=35493, STANDALONE=43787], networkLocation: /default-rack, certSerialId: null, persistedOpState: null, persistedOpStateExpiryEpochSec: 0}56a38eed-0cc2-4715-835e-d068c92ebf74{ip: 10.1.0.60, host: fv-az308-250.etcbaq1qs54eplwmrjlabigyle.cx.internal.cloudapp.net, ports: [REPLICATION=33567, RATIS=40671, RATIS_ADMIN=40671, RATIS_SERVER=40671, STANDALONE=37693], networkLocation: /default-rack, certSerialId: null, persistedOpState: null, persistedOpStateExpiryEpochSec: 0}15f04113-e53c-48b5-ac4f-c6d0b16f8f23{ip: 10.1.0.60, host: fv-az308-250.etcbaq1qs54eplwmrjlabigyle.cx.internal.cloudapp.net, ports: [REPLICATION=43039, RATIS=33623, RATIS_ADMIN=33623, RATIS_SERVER=33623, STANDALONE=44287], networkLocation: /default-rack, certSerialId: null, persistedOpState: null, persistedOpStateExpiryEpochSec: 0}, ReplicationConfig: EC/ECReplicationConfig{data=3, parity=2, ecChunkSize=1048576, codec=rs}, State:CLOSED, leaderId:, CreationTimestamp2022-10-16T13:14:32.880Z[Etc/UTC]] removed.
2022-10-16 13:14:45,945 [EventQueue-DeadNodeForDeadNodeHandler] INFO  net.NetworkTopologyImpl (NetworkTopologyImpl.java:remove(190)) - Removed a node: /default-rack/15f04113-e53c-48b5-ac4f-c6d0b16f8f23
2022-10-16 13:14:46,027 [Listener at 0.0.0.0/42605] INFO  reflections.Reflections (Reflections.java:scan(232)) - Reflections took 370 ms to scan 19 urls, producing 67 keys and 4232 values [using 2 cores]
2022-10-16 13:14:46,030 [Listener at 0.0.0.0/42605] INFO  ipc.CallQueueManager (CallQueueManager.java:<init>(90)) - Using callQueue: class java.util.concurrent.LinkedBlockingQueue, queueCapacity: 2000, scheduler: class org.apache.hadoop.ipc.DefaultRpcScheduler, ipcBackoff: false.
2022-10-16 13:14:46,031 [Socket Reader #1 for port 0] INFO  ipc.Server (Server.java:run(1273)) - Starting Socket Reader #1 for port 0
2022-10-16 13:14:46,046 [ReplicationMonitor] INFO  replication.LegacyReplicationManager (LegacyReplicationManager.java:sendCloseCommand(1512)) - Sending close container command for container #1 to datanode 19c5685d-7faf-4816-a074-b6158b4e61e2{ip: 10.1.0.60, host: fv-az308-250.etcbaq1qs54eplwmrjlabigyle.cx.internal.cloudapp.net, ports: [REPLICATION=37885, RATIS=41227, RATIS_ADMIN=41227, RATIS_SERVER=41227, STANDALONE=41075], networkLocation: /default-rack, certSerialId: null, persistedOpState: IN_SERVICE, persistedOpStateExpiryEpochSec: 0}.
2022-10-16 13:14:46,046 [ReplicationMonitor] INFO  replication.LegacyReplicationManager (LegacyReplicationManager.java:sendCloseCommand(1512)) - Sending close container command for container #1 to datanode 56a38eed-0cc2-4715-835e-d068c92ebf74{ip: 10.1.0.60, host: fv-az308-250.etcbaq1qs54eplwmrjlabigyle.cx.internal.cloudapp.net, ports: [REPLICATION=33567, RATIS=40671, RATIS_ADMIN=40671, RATIS_SERVER=40671, STANDALONE=37693], networkLocation: /default-rack, certSerialId: null, persistedOpState: IN_SERVICE, persistedOpStateExpiryEpochSec: 0}.
2022-10-16 13:14:46,046 [ReplicationMonitor] INFO  replication.LegacyReplicationManager (LegacyReplicationManager.java:sendCloseCommand(1512)) - Sending close container command for container #2 to datanode 56a38eed-0cc2-4715-835e-d068c92ebf74{ip: 10.1.0.60, host: fv-az308-250.etcbaq1qs54eplwmrjlabigyle.cx.internal.cloudapp.net, ports: [REPLICATION=33567, RATIS=40671, RATIS_ADMIN=40671, RATIS_SERVER=40671, STANDALONE=37693], networkLocation: /default-rack, certSerialId: null, persistedOpState: IN_SERVICE, persistedOpStateExpiryEpochSec: 0}.
2022-10-16 13:14:46,046 [ReplicationMonitor] INFO  replication.LegacyReplicationManager (LegacyReplicationManager.java:sendCloseCommand(1512)) - Sending close container command for container #2 to datanode 19c5685d-7faf-4816-a074-b6158b4e61e2{ip: 10.1.0.60, host: fv-az308-250.etcbaq1qs54eplwmrjlabigyle.cx.internal.cloudapp.net, ports: [REPLICATION=37885, RATIS=41227, RATIS_ADMIN=41227, RATIS_SERVER=41227, STANDALONE=41075], networkLocation: /default-rack, certSerialId: null, persistedOpState: IN_SERVICE, persistedOpStateExpiryEpochSec: 0}.
2022-10-16 13:14:46,046 [ReplicationMonitor] INFO  replication.LegacyReplicationManager (LegacyReplicationManager.java:sendCloseCommand(1512)) - Sending close container command for container #3 to datanode 19c5685d-7faf-4816-a074-b6158b4e61e2{ip: 10.1.0.60, host: fv-az308-250.etcbaq1qs54eplwmrjlabigyle.cx.internal.cloudapp.net, ports: [REPLICATION=37885, RATIS=41227, RATIS_ADMIN=41227, RATIS_SERVER=41227, STANDALONE=41075], networkLocation: /default-rack, certSerialId: null, persistedOpState: IN_SERVICE, persistedOpStateExpiryEpochSec: 0}.
2022-10-16 13:14:46,046 [ReplicationMonitor] INFO  replication.LegacyReplicationManager (LegacyReplicationManager.java:sendCloseCommand(1512)) - Sending close container command for container #3 to datanode 56a38eed-0cc2-4715-835e-d068c92ebf74{ip: 10.1.0.60, host: fv-az308-250.etcbaq1qs54eplwmrjlabigyle.cx.internal.cloudapp.net, ports: [REPLICATION=33567, RATIS=40671, RATIS_ADMIN=40671, RATIS_SERVER=40671, STANDALONE=37693], networkLocation: /default-rack, certSerialId: null, persistedOpState: IN_SERVICE, persistedOpStateExpiryEpochSec: 0}.
2022-10-16 13:14:46,046 [ReplicationMonitor] INFO  replication.ReplicationManager (ReplicationManager.java:sendCloseContainerReplicaCommand(467)) - Sending close container command for container #4 to datanode 56a38eed-0cc2-4715-835e-d068c92ebf74{ip: 10.1.0.60, host: fv-az308-250.etcbaq1qs54eplwmrjlabigyle.cx.internal.cloudapp.net, ports: [REPLICATION=33567, RATIS=40671, RATIS_ADMIN=40671, RATIS_SERVER=40671, STANDALONE=37693], networkLocation: /default-rack, certSerialId: null, persistedOpState: IN_SERVICE, persistedOpStateExpiryEpochSec: 0}.
2022-10-16 13:14:46,046 [ReplicationMonitor] INFO  replication.ReplicationManager (ReplicationManager.java:sendCloseContainerReplicaCommand(467)) - Sending close container command for container #4 to datanode 38a9bf41-2224-4aa1-adc3-26a20af34a93{ip: 10.1.0.60, host: fv-az308-250.etcbaq1qs54eplwmrjlabigyle.cx.internal.cloudapp.net, ports: [REPLICATION=37823, RATIS=37671, RATIS_ADMIN=37671, RATIS_SERVER=37671, STANDALONE=34011], networkLocation: /default-rack, certSerialId: null, persistedOpState: IN_SERVICE, persistedOpStateExpiryEpochSec: 0}.
2022-10-16 13:14:46,046 [ReplicationMonitor] INFO  replication.ReplicationManager (ReplicationManager.java:sendCloseContainerReplicaCommand(467)) - Sending close container command for container #4 to datanode 19c5685d-7faf-4816-a074-b6158b4e61e2{ip: 10.1.0.60, host: fv-az308-250.etcbaq1qs54eplwmrjlabigyle.cx.internal.cloudapp.net, ports: [REPLICATION=37885, RATIS=41227, RATIS_ADMIN=41227, RATIS_SERVER=41227, STANDALONE=41075], networkLocation: /default-rack, certSerialId: null, persistedOpState: IN_SERVICE, persistedOpStateExpiryEpochSec: 0}.
2022-10-16 13:14:46,046 [ReplicationMonitor] INFO  replication.ReplicationManager (ReplicationManager.java:sendCloseContainerReplicaCommand(467)) - Sending close container command for container #5 to datanode 19c5685d-7faf-4816-a074-b6158b4e61e2{ip: 10.1.0.60, host: fv-az308-250.etcbaq1qs54eplwmrjlabigyle.cx.internal.cloudapp.net, ports: [REPLICATION=37885, RATIS=41227, RATIS_ADMIN=41227, RATIS_SERVER=41227, STANDALONE=41075], networkLocation: /default-rack, certSerialId: null, persistedOpState: IN_SERVICE, persistedOpStateExpiryEpochSec: 0}.
2022-10-16 13:14:46,047 [ReplicationMonitor] INFO  replication.ReplicationManager (ReplicationManager.java:sendCloseContainerReplicaCommand(467)) - Sending close container command for container #5 to datanode 38a9bf41-2224-4aa1-adc3-26a20af34a93{ip: 10.1.0.60, host: fv-az308-250.etcbaq1qs54eplwmrjlabigyle.cx.internal.cloudapp.net, ports: [REPLICATION=37823, RATIS=37671, RATIS_ADMIN=37671, RATIS_SERVER=37671, STANDALONE=34011], networkLocation: /default-rack, certSerialId: null, persistedOpState: IN_SERVICE, persistedOpStateExpiryEpochSec: 0}.
2022-10-16 13:14:46,047 [ReplicationMonitor] INFO  replication.ReplicationManager (ReplicationManager.java:sendCloseContainerReplicaCommand(467)) - Sending close container command for container #5 to datanode 56a38eed-0cc2-4715-835e-d068c92ebf74{ip: 10.1.0.60, host: fv-az308-250.etcbaq1qs54eplwmrjlabigyle.cx.internal.cloudapp.net, ports: [REPLICATION=33567, RATIS=40671, RATIS_ADMIN=40671, RATIS_SERVER=40671, STANDALONE=37693], networkLocation: /default-rack, certSerialId: null, persistedOpState: IN_SERVICE, persistedOpStateExpiryEpochSec: 0}.
2022-10-16 13:14:46,047 [ReplicationMonitor] INFO  replication.ReplicationManager (ReplicationManager.java:sendCloseContainerReplicaCommand(467)) - Sending close container command for container #6 to datanode 38a9bf41-2224-4aa1-adc3-26a20af34a93{ip: 10.1.0.60, host: fv-az308-250.etcbaq1qs54eplwmrjlabigyle.cx.internal.cloudapp.net, ports: [REPLICATION=37823, RATIS=37671, RATIS_ADMIN=37671, RATIS_SERVER=37671, STANDALONE=34011], networkLocation: /default-rack, certSerialId: null, persistedOpState: IN_SERVICE, persistedOpStateExpiryEpochSec: 0}.
2022-10-16 13:14:46,047 [ReplicationMonitor] INFO  replication.ReplicationManager (ReplicationManager.java:sendCloseContainerReplicaCommand(467)) - Sending close container command for container #6 to datanode 56a38eed-0cc2-4715-835e-d068c92ebf74{ip: 10.1.0.60, host: fv-az308-250.etcbaq1qs54eplwmrjlabigyle.cx.internal.cloudapp.net, ports: [REPLICATION=33567, RATIS=40671, RATIS_ADMIN=40671, RATIS_SERVER=40671, STANDALONE=37693], networkLocation: /default-rack, certSerialId: null, persistedOpState: IN_SERVICE, persistedOpStateExpiryEpochSec: 0}.
2022-10-16 13:14:46,047 [ReplicationMonitor] INFO  replication.ReplicationManager (ReplicationManager.java:sendCloseContainerReplicaCommand(467)) - Sending close container command for container #6 to datanode 19c5685d-7faf-4816-a074-b6158b4e61e2{ip: 10.1.0.60, host: fv-az308-250.etcbaq1qs54eplwmrjlabigyle.cx.internal.cloudapp.net, ports: [REPLICATION=37885, RATIS=41227, RATIS_ADMIN=41227, RATIS_SERVER=41227, STANDALONE=41075], networkLocation: /default-rack, certSerialId: null, persistedOpState: IN_SERVICE, persistedOpStateExpiryEpochSec: 0}.
2022-10-16 13:14:46,047 [ReplicationMonitor] INFO  replication.ReplicationManager (ReplicationManager.java:sendCloseContainerReplicaCommand(467)) - Sending close container command for container #6 to datanode d6bb9e09-7a5d-4d11-b65a-7cc5dc53b33d{ip: 10.1.0.60, host: fv-az308-250.etcbaq1qs54eplwmrjlabigyle.cx.internal.cloudapp.net, ports: [REPLICATION=33315, RATIS=35493, RATIS_ADMIN=35493, RATIS_SERVER=35493, STANDALONE=43787], networkLocation: /default-rack, certSerialId: null, persistedOpState: IN_SERVICE, persistedOpStateExpiryEpochSec: 0}.
2022-10-16 13:14:46,047 [ReplicationMonitor] INFO  replication.ReplicationManager (ReplicationManager.java:sendCloseContainerReplicaCommand(467)) - Sending close container command for container #7 to datanode 56a38eed-0cc2-4715-835e-d068c92ebf74{ip: 10.1.0.60, host: fv-az308-250.etcbaq1qs54eplwmrjlabigyle.cx.internal.cloudapp.net, ports: [REPLICATION=33567, RATIS=40671, RATIS_ADMIN=40671, RATIS_SERVER=40671, STANDALONE=37693], networkLocation: /default-rack, certSerialId: null, persistedOpState: IN_SERVICE, persistedOpStateExpiryEpochSec: 0}.
2022-10-16 13:14:46,047 [ReplicationMonitor] INFO  replication.ReplicationManager (ReplicationManager.java:sendCloseContainerReplicaCommand(467)) - Sending close container command for container #7 to datanode 38a9bf41-2224-4aa1-adc3-26a20af34a93{ip: 10.1.0.60, host: fv-az308-250.etcbaq1qs54eplwmrjlabigyle.cx.internal.cloudapp.net, ports: [REPLICATION=37823, RATIS=37671, RATIS_ADMIN=37671, RATIS_SERVER=37671, STANDALONE=34011], networkLocation: /default-rack, certSerialId: null, persistedOpState: IN_SERVICE, persistedOpStateExpiryEpochSec: 0}.
2022-10-16 13:14:46,047 [ReplicationMonitor] INFO  replication.ReplicationManager (ReplicationManager.java:sendCloseContainerReplicaCommand(467)) - Sending close container command for container #7 to datanode 19c5685d-7faf-4816-a074-b6158b4e61e2{ip: 10.1.0.60, host: fv-az308-250.etcbaq1qs54eplwmrjlabigyle.cx.internal.cloudapp.net, ports: [REPLICATION=37885, RATIS=41227, RATIS_ADMIN=41227, RATIS_SERVER=41227, STANDALONE=41075], networkLocation: /default-rack, certSerialId: null, persistedOpState: IN_SERVICE, persistedOpStateExpiryEpochSec: 0}.
2022-10-16 13:14:46,047 [ReplicationMonitor] INFO  replication.ReplicationManager (ReplicationManager.java:processAll(324)) - Replication Monitor Thread took 2 milliseconds for processing 7 containers.
2022-10-16 13:14:46,048 [Listener at 127.0.0.1/37791] INFO  impl.MetricsSystemImpl (MetricsSystemImpl.java:init(158)) - OzoneManager metrics system started (again)
2022-10-16 13:14:46,058 [Listener at 127.0.0.1/37791] INFO  om.OzoneManager (OzoneManager.java:start(1482)) - OzoneManager RPC server is listening at localhost/127.0.0.1:37791
2022-10-16 13:14:46,058 [Listener at 127.0.0.1/37791] INFO  ratis.OzoneManagerRatisServer (OzoneManagerRatisServer.java:start(555)) - Starting OzoneManagerRatisServer om1 at port 9872
2022-10-16 13:14:46,058 [om1-impl-thread1] INFO  server.RaftServer$Division (RaftServerImpl.java:start(310)) - om1@group-C5BA1605619E: start as a follower, conf=-1: [om1|rpc:localhost:9872|priority:0], old=null
2022-10-16 13:14:46,058 [om1-impl-thread1] INFO  server.RaftServer$Division (RaftServerImpl.java:setRole(299)) - om1@group-C5BA1605619E: changes role from      null to FOLLOWER at term 0 for startAsFollower
2022-10-16 13:14:46,058 [om1-impl-thread1] INFO  impl.RoleInfo (RoleInfo.java:updateAndGet(139)) - om1: start om1@group-C5BA1605619E-FollowerState
2022-10-16 13:14:46,059 [om1-impl-thread1] INFO  util.JmxRegister (JmxRegister.java:tryRegister(44)) - Successfully registered JMX Bean with object name Ratis:service=RaftServer,group=group-C5BA1605619E,id=om1
2022-10-16 13:14:46,059 [Listener at 127.0.0.1/37791] INFO  server.RaftServer (RaftServerProxy.java:lambda$start$6(382)) - om1: start RPC server
2022-10-16 13:14:46,061 [Listener at 127.0.0.1/37791] INFO  server.GrpcService (GrpcService.java:startImpl(260)) - om1: GrpcService started, listening on 9872
2022-10-16 13:14:46,064 [Listener at 127.0.0.1/37791] INFO  om.OzoneManager (OzoneManager.java:start(1498)) - Version File has different layout version (3) than OM DB (null). That is expected if this OM has never been finalized to a newer layout version.
2022-10-16 13:14:46,064 [org.apache.ratis.util.JvmPauseMonitor$$Lambda$639/339294883@498a495a] INFO  util.JvmPauseMonitor (JvmPauseMonitor.java:run(103)) - JvmPauseMonitor-om1: Started
2022-10-16 13:14:46,070 [Listener at 127.0.0.1/37791] INFO  http.BaseHttpServer (BaseHttpServer.java:newHttpServer2BuilderForOzone(213)) - Starting Web-server for ozoneManager at: http://0.0.0.0:0
2022-10-16 13:14:46,070 [Listener at 127.0.0.1/37791] INFO  http.BaseHttpServer (BaseHttpServer.java:<init>(108)) - Hadoop Security Enabled: false Ozone Security Enabled: false Ozone HTTP Security Enabled: false 
2022-10-16 13:14:46,071 [Listener at 127.0.0.1/37791] WARN  server.AuthenticationFilter (AuthenticationFilter.java:constructSecretProvider(240)) - Unable to initialize FileSignerSecretProvider, falling back to use random secrets. Reason: Could not read signature secret file: /home/runner/hadoop-http-auth-signature-secret
2022-10-16 13:14:46,072 [Listener at 127.0.0.1/37791] WARN  http.HttpRequestLog (HttpRequestLog.java:getRequestLog(103)) - Jetty request log can only be enabled using Log4j
2022-10-16 13:14:46,073 [Listener at 127.0.0.1/37791] INFO  http.HttpServer2 (HttpServer2.java:addGlobalFilter(1031)) - Added global filter 'safety' (class=org.apache.hadoop.hdds.server.http.HttpServer2$QuotingInputFilter)
2022-10-16 13:14:46,074 [Listener at 127.0.0.1/37791] INFO  http.HttpServer2 (HttpServer2.java:addFilter(1007)) - Added filter static_user_filter (class=org.apache.hadoop.http.lib.StaticUserWebFilter$StaticUserFilter) to context ozoneManager
2022-10-16 13:14:46,074 [Listener at 127.0.0.1/37791] INFO  http.HttpServer2 (HttpServer2.java:addFilter(1015)) - Added filter static_user_filter (class=org.apache.hadoop.http.lib.StaticUserWebFilter$StaticUserFilter) to context static
2022-10-16 13:14:46,074 [Listener at 127.0.0.1/37791] INFO  http.HttpServer2 (HttpServer2.java:addFilter(1015)) - Added filter static_user_filter (class=org.apache.hadoop.http.lib.StaticUserWebFilter$StaticUserFilter) to context logs
2022-10-16 13:14:46,078 [Listener at 127.0.0.1/37791] INFO  http.HttpServer2 (HttpServer2.java:bindListener(1250)) - Jetty bound to port 38225
2022-10-16 13:14:46,078 [Listener at 127.0.0.1/37791] INFO  server.Server (Server.java:doStart(375)) - jetty-9.4.43.v20210629; built: 2021-06-30T11:07:22.254Z; git: 526006ecfa3af7f1a27ef3a288e2bef7ea9dd7e8; jvm 1.8.0_345-b01
2022-10-16 13:14:46,080 [Listener at 127.0.0.1/37791] INFO  server.session (DefaultSessionIdManager.java:doStart(334)) - DefaultSessionIdManager workerName=node0
2022-10-16 13:14:46,080 [Listener at 127.0.0.1/37791] INFO  server.session (DefaultSessionIdManager.java:doStart(339)) - No SessionScavenger set, using defaults
2022-10-16 13:14:46,080 [Listener at 127.0.0.1/37791] INFO  server.session (HouseKeeper.java:startScavenging(132)) - node0 Scavenging every 660000ms
2022-10-16 13:14:46,080 [Listener at 127.0.0.1/37791] INFO  handler.ContextHandler (ContextHandler.java:doStart(915)) - Started o.e.j.s.ServletContextHandler@755d92a3{logs,/logs,file:///home/runner/work/ozone/ozone/hadoop-ozone/integration-test/target/log,AVAILABLE}
2022-10-16 13:14:46,081 [Listener at 127.0.0.1/37791] INFO  handler.ContextHandler (ContextHandler.java:doStart(915)) - Started o.e.j.s.ServletContextHandler@6c751555{static,/static,file:///home/runner/work/ozone/ozone/hadoop-ozone/integration-test/target/test-classes/webapps/static,AVAILABLE}
2022-10-16 13:14:46,084 [Listener at 127.0.0.1/37791] INFO  handler.ContextHandler (ContextHandler.java:doStart(915)) - Started o.e.j.w.WebAppContext@4c06b1ed{ozoneManager,/,file:///home/runner/work/ozone/ozone/hadoop-ozone/integration-test/target/test-classes/webapps/ozoneManager/,AVAILABLE}{file:/home/runner/work/ozone/ozone/hadoop-ozone/integration-test/target/test-classes/webapps/ozoneManager}
2022-10-16 13:14:46,085 [Listener at 127.0.0.1/37791] INFO  server.AbstractConnector (AbstractConnector.java:doStart(331)) - Started ServerConnector@77e12c31{HTTP/1.1, (http/1.1)}{0.0.0.0:38225}
2022-10-16 13:14:46,085 [Listener at 127.0.0.1/37791] INFO  server.Server (Server.java:doStart(415)) - Started @67297ms
2022-10-16 13:14:46,085 [Listener at 127.0.0.1/37791] WARN  impl.MetricsSystemImpl (MetricsSystemImpl.java:register(279)) - Sink prometheus already exists!
2022-10-16 13:14:46,085 [Listener at 127.0.0.1/37791] INFO  http.BaseHttpServer (BaseHttpServer.java:updateConnectorAddress(333)) - HTTP server of ozoneManager listening at http://0.0.0.0:38225
2022-10-16 13:14:46,086 [IPC Server Responder] INFO  ipc.Server (Server.java:run(1512)) - IPC Server Responder: starting
2022-10-16 13:14:46,088 [IPC Server listener on 0] INFO  ipc.Server (Server.java:run(1352)) - IPC Server listener on 0: starting
2022-10-16 13:14:46,092 [Listener at 127.0.0.1/37791] INFO  om.OzoneManager (OzoneManager.java:startTrashEmptier(1919)) - Trash Interval set to 0. Files deleted won't move to trash
2022-10-16 13:14:46,100 [org.apache.hadoop.util.JvmPauseMonitor$Monitor@3234aaee] INFO  util.JvmPauseMonitor (JvmPauseMonitor.java:run(188)) - Starting JVM pause monitor
2022-10-16 13:14:46,104 [Listener at 127.0.0.1/37791] WARN  impl.MetricRegistriesImpl (MetricRegistriesImpl.java:addReporterRegistration(111)) - New reporters are added after registries were created. Some metrics will be missing from the reporter. Please add reporter before adding any new registry.
2022-10-16 13:14:46,104 [Listener at 127.0.0.1/37791] WARN  impl.MetricRegistriesImpl (MetricRegistriesImpl.java:addReporterRegistration(111)) - New reporters are added after registries were created. Some metrics will be missing from the reporter. Please add reporter before adding any new registry.
2022-10-16 13:14:46,104 [Listener at 127.0.0.1/37791] INFO  impl.MetricsSystemImpl (MetricsSystemImpl.java:init(158)) - HddsDatanode metrics system started (again)
2022-10-16 13:14:46,114 [Listener at 127.0.0.1/37791] INFO  ozone.HddsDatanodeService (HddsDatanodeService.java:start(236)) - HddsDatanodeService host:fv-az308-250.etcbaq1qs54eplwmrjlabigyle.cx.internal.cloudapp.net ip:10.1.0.60
2022-10-16 13:14:46,142 [Listener at 127.0.0.1/37791] INFO  upgrade.AbstractLayoutVersionManager (AbstractLayoutVersionManager.java:init(83)) - Initializing Layout version manager with metadata layout = DATANODE_SCHEMA_V3 (version = 4), software layout = DATANODE_SCHEMA_V3 (version = 4)
2022-10-16 13:14:46,183 [Listener at 127.0.0.1/37791] INFO  reflections.Reflections (Reflections.java:scan(232)) - Reflections took 40 ms to scan 7 urls, producing 137 keys and 328 values 
2022-10-16 13:14:46,184 [Listener at 127.0.0.1/37791] INFO  statemachine.DatanodeStateMachine (DatanodeStateMachine.java:getEndPointTaskThreadPoolSize(237)) - Datanode State Machine Task Thread Pool size 2
2022-10-16 13:14:46,186 [Listener at 127.0.0.1/37791] INFO  volume.HddsVolume (HddsVolume.java:<init>(117)) - Creating HddsVolume: /home/runner/work/ozone/ozone/hadoop-ozone/integration-test/target/test-dir/MiniOzoneClusterImpl-1260e40a-66d4-47e7-b895-29d827f4fcd0/datanode-0/data-0/containers/hdds of storage type : DISK capacity : 9223372036854775807
2022-10-16 13:14:46,186 [Listener at 127.0.0.1/37791] INFO  volume.MutableVolumeSet (MutableVolumeSet.java:initializeVolumeSet(174)) - Added Volume : /home/runner/work/ozone/ozone/hadoop-ozone/integration-test/target/test-dir/MiniOzoneClusterImpl-1260e40a-66d4-47e7-b895-29d827f4fcd0/datanode-0/data-0/containers/hdds to VolumeSet
2022-10-16 13:14:46,186 [Listener at 127.0.0.1/37791] INFO  volume.ThrottledAsyncChecker (ThrottledAsyncChecker.java:schedule(141)) - Scheduling a check for /home/runner/work/ozone/ozone/hadoop-ozone/integration-test/target/test-dir/MiniOzoneClusterImpl-1260e40a-66d4-47e7-b895-29d827f4fcd0/datanode-0/data-0/containers/hdds
2022-10-16 13:14:46,190 [Listener at 127.0.0.1/37791] INFO  volume.StorageVolumeChecker (StorageVolumeChecker.java:checkAllVolumes(202)) - Scheduled health check for volume /home/runner/work/ozone/ozone/hadoop-ozone/integration-test/target/test-dir/MiniOzoneClusterImpl-1260e40a-66d4-47e7-b895-29d827f4fcd0/datanode-0/data-0/containers/hdds
2022-10-16 13:14:46,202 [Listener at 127.0.0.1/37791] INFO  volume.MutableVolumeSet (MutableVolumeSet.java:initializeVolumeSet(174)) - Added Volume : /home/runner/work/ozone/ozone/hadoop-ozone/integration-test/target/test-dir/MiniOzoneClusterImpl-1260e40a-66d4-47e7-b895-29d827f4fcd0/datanode-0/data/ratis to VolumeSet
2022-10-16 13:14:46,202 [Listener at 127.0.0.1/37791] INFO  volume.ThrottledAsyncChecker (ThrottledAsyncChecker.java:schedule(141)) - Scheduling a check for /home/runner/work/ozone/ozone/hadoop-ozone/integration-test/target/test-dir/MiniOzoneClusterImpl-1260e40a-66d4-47e7-b895-29d827f4fcd0/datanode-0/data/ratis
2022-10-16 13:14:46,202 [Listener at 127.0.0.1/37791] INFO  volume.StorageVolumeChecker (StorageVolumeChecker.java:checkAllVolumes(202)) - Scheduled health check for volume /home/runner/work/ozone/ozone/hadoop-ozone/integration-test/target/test-dir/MiniOzoneClusterImpl-1260e40a-66d4-47e7-b895-29d827f4fcd0/datanode-0/data/ratis
2022-10-16 13:14:46,212 [Thread-971] INFO  ozoneimpl.ContainerReader (ContainerReader.java:readVolume(175)) - Finish verifying containers on volume /home/runner/work/ozone/ozone/hadoop-ozone/integration-test/target/test-dir/MiniOzoneClusterImpl-1260e40a-66d4-47e7-b895-29d827f4fcd0/datanode-0/data-0/containers/hdds
2022-10-16 13:14:46,212 [Listener at 127.0.0.1/37791] INFO  ozoneimpl.OzoneContainer (OzoneContainer.java:buildContainerSet(300)) - Build ContainerSet costs 0s
2022-10-16 13:14:46,214 [Listener at 127.0.0.1/37791] INFO  server.RaftServer (ConfUtils.java:logGet(46)) - raft.rpc.type = GRPC (default)
2022-10-16 13:14:46,214 [Listener at 127.0.0.1/37791] INFO  grpc.GrpcFactory (GrpcFactory.java:checkPooledByteBufAllocatorUseCacheForAllThreads(48)) - PERFORMANCE WARNING: useCacheForAllThreads is true that may cause Netty to create a lot garbage objects and, as a result, trigger GC.
	It is recommended to disable useCacheForAllThreads by setting -Dorg.apache.ratis.thirdparty.io.netty.allocator.useCacheForAllThreads=false in command line.
2022-10-16 13:14:46,214 [Listener at 127.0.0.1/37791] INFO  grpc.GrpcConfigKeys (ConfUtils.java:logGet(46)) - raft.grpc.admin.port = 0 (custom)
2022-10-16 13:14:46,214 [Listener at 127.0.0.1/37791] INFO  grpc.GrpcConfigKeys (ConfUtils.java:logGet(46)) - raft.grpc.client.port = 0 (custom)
2022-10-16 13:14:46,214 [Listener at 127.0.0.1/37791] INFO  grpc.GrpcConfigKeys (ConfUtils.java:logGet(46)) - raft.grpc.server.port = 0 (default)
2022-10-16 13:14:46,214 [Listener at 127.0.0.1/37791] INFO  server.GrpcService (ConfUtils.java:logGet(46)) - raft.grpc.message.size.max = 32MB (=33554432) (custom)
2022-10-16 13:14:46,214 [Listener at 127.0.0.1/37791] INFO  server.RaftServerConfigKeys (ConfUtils.java:logGet(46)) - raft.server.log.appender.buffer.byte-limit = 33554432 (custom)
2022-10-16 13:14:46,214 [Listener at 127.0.0.1/37791] INFO  server.GrpcService (ConfUtils.java:logGet(46)) - raft.grpc.flow.control.window = 5MB (=5242880) (custom)
2022-10-16 13:14:46,214 [Listener at 127.0.0.1/37791] INFO  server.RaftServerConfigKeys (ConfUtils.java:logGet(46)) - raft.server.rpc.request.timeout = 60s (custom)
2022-10-16 13:14:46,215 [Listener at 127.0.0.1/37791] INFO  grpc.GrpcConfigKeys (ConfUtils.java:logGet(46)) - raft.grpc.server.async.request.thread.pool.cached = true (default)
2022-10-16 13:14:46,215 [Listener at 127.0.0.1/37791] INFO  grpc.GrpcConfigKeys (ConfUtils.java:logGet(46)) - raft.grpc.server.async.request.thread.pool.size = 32 (default)
2022-10-16 13:14:46,216 [Listener at 127.0.0.1/37791] INFO  impl.DataStreamServerImpl (ConfUtils.java:logGet(46)) - raft.datastream.type = DISABLED (default)
2022-10-16 13:14:46,216 [Listener at 127.0.0.1/37791] INFO  server.RaftServerConfigKeys (ConfUtils.java:logGet(46)) - raft.server.threadpool.proxy.cached = true (default)
2022-10-16 13:14:46,216 [Listener at 127.0.0.1/37791] INFO  server.RaftServerConfigKeys (ConfUtils.java:logGet(46)) - raft.server.threadpool.proxy.size = 0 (default)
2022-10-16 13:14:46,216 [Listener at 127.0.0.1/37791] INFO  server.RaftServerConfigKeys (ConfUtils.java:logGet(46)) - raft.server.rpc.slowness.timeout = 300s (custom)
2022-10-16 13:14:46,216 [Listener at 127.0.0.1/37791] INFO  server.RaftServerConfigKeys (ConfUtils.java:logGet(46)) - raft.server.leaderelection.leader.step-down.wait-time = 10s (default)
2022-10-16 13:14:46,216 [Listener at 127.0.0.1/37791] INFO  server.RaftServerConfigKeys (ConfUtils.java:logGet(46)) - raft.server.storage.dir = [/home/runner/work/ozone/ozone/hadoop-ozone/integration-test/target/test-dir/MiniOzoneClusterImpl-1260e40a-66d4-47e7-b895-29d827f4fcd0/datanode-0/data/ratis] (custom)
2022-10-16 13:14:46,217 [Listener at 127.0.0.1/37791] INFO  server.XceiverServerGrpc (XceiverServerGrpc.java:<init>(132)) - GrpcServer channel type EpollServerSocketChannel
2022-10-16 13:14:46,220 [Listener at 127.0.0.1/37791] INFO  http.BaseHttpServer (BaseHttpServer.java:newHttpServer2BuilderForOzone(213)) - Starting Web-server for hddsDatanode at: http://0.0.0.0:0
2022-10-16 13:14:46,220 [Listener at 127.0.0.1/37791] INFO  http.BaseHttpServer (BaseHttpServer.java:<init>(108)) - Hadoop Security Enabled: false Ozone Security Enabled: false Ozone HTTP Security Enabled: false 
2022-10-16 13:14:46,222 [Listener at 127.0.0.1/37791] WARN  server.AuthenticationFilter (AuthenticationFilter.java:constructSecretProvider(240)) - Unable to initialize FileSignerSecretProvider, falling back to use random secrets. Reason: Could not read signature secret file: /home/runner/hadoop-http-auth-signature-secret
2022-10-16 13:14:46,222 [Listener at 127.0.0.1/37791] WARN  http.HttpRequestLog (HttpRequestLog.java:getRequestLog(103)) - Jetty request log can only be enabled using Log4j
2022-10-16 13:14:46,223 [Listener at 127.0.0.1/37791] INFO  http.HttpServer2 (HttpServer2.java:addGlobalFilter(1031)) - Added global filter 'safety' (class=org.apache.hadoop.hdds.server.http.HttpServer2$QuotingInputFilter)
2022-10-16 13:14:46,224 [Listener at 127.0.0.1/37791] INFO  http.HttpServer2 (HttpServer2.java:addFilter(1007)) - Added filter static_user_filter (class=org.apache.hadoop.http.lib.StaticUserWebFilter$StaticUserFilter) to context hddsDatanode
2022-10-16 13:14:46,224 [Listener at 127.0.0.1/37791] INFO  http.HttpServer2 (HttpServer2.java:addFilter(1015)) - Added filter static_user_filter (class=org.apache.hadoop.http.lib.StaticUserWebFilter$StaticUserFilter) to context logs
2022-10-16 13:14:46,224 [Listener at 127.0.0.1/37791] INFO  http.HttpServer2 (HttpServer2.java:addFilter(1015)) - Added filter static_user_filter (class=org.apache.hadoop.http.lib.StaticUserWebFilter$StaticUserFilter) to context static
2022-10-16 13:14:46,225 [Listener at 127.0.0.1/37791] INFO  http.HttpServer2 (HttpServer2.java:bindListener(1250)) - Jetty bound to port 46799
2022-10-16 13:14:46,225 [Listener at 127.0.0.1/37791] INFO  server.Server (Server.java:doStart(375)) - jetty-9.4.43.v20210629; built: 2021-06-30T11:07:22.254Z; git: 526006ecfa3af7f1a27ef3a288e2bef7ea9dd7e8; jvm 1.8.0_345-b01
2022-10-16 13:14:46,226 [Listener at 127.0.0.1/37791] INFO  server.session (DefaultSessionIdManager.java:doStart(334)) - DefaultSessionIdManager workerName=node0
2022-10-16 13:14:46,226 [Listener at 127.0.0.1/37791] INFO  server.session (DefaultSessionIdManager.java:doStart(339)) - No SessionScavenger set, using defaults
2022-10-16 13:14:46,226 [Listener at 127.0.0.1/37791] INFO  server.session (HouseKeeper.java:startScavenging(132)) - node0 Scavenging every 660000ms
2022-10-16 13:14:46,227 [Listener at 127.0.0.1/37791] INFO  handler.ContextHandler (ContextHandler.java:doStart(915)) - Started o.e.j.s.ServletContextHandler@70a8e167{logs,/logs,file:///home/runner/work/ozone/ozone/hadoop-ozone/integration-test/target/log,AVAILABLE}
2022-10-16 13:14:46,227 [Listener at 127.0.0.1/37791] INFO  handler.ContextHandler (ContextHandler.java:doStart(915)) - Started o.e.j.s.ServletContextHandler@5a9cb073{static,/static,jar:file:/home/runner/.m2/repository/org/apache/ozone/hdds-container-service/1.3.0-SNAPSHOT/hdds-container-service-1.3.0-SNAPSHOT.jar!/webapps/static,AVAILABLE}
2022-10-16 13:14:46,304 [ReplicationMonitor] INFO  replication.ReplicationManager (ReplicationManager.java:processAll(291)) - Replication Manager is not ready to run until 3000ms after safemode exit
2022-10-16 13:14:46,389 [Listener at 127.0.0.1/37791] INFO  handler.ContextHandler (ContextHandler.java:doStart(915)) - Started o.e.j.w.WebAppContext@94fee02{hddsDatanode,/,file:///tmp/jetty-0_0_0_0-46799-hdds-container-service-1_3_0-SNAPSHOT_jar-_-any-545411702878721242/webapp/,AVAILABLE}{jar:file:/home/runner/.m2/repository/org/apache/ozone/hdds-container-service/1.3.0-SNAPSHOT/hdds-container-service-1.3.0-SNAPSHOT.jar!/webapps/hddsDatanode}
2022-10-16 13:14:46,391 [Listener at 127.0.0.1/37791] INFO  server.AbstractConnector (AbstractConnector.java:doStart(331)) - Started ServerConnector@771ca7e{HTTP/1.1, (http/1.1)}{0.0.0.0:46799}
2022-10-16 13:14:46,391 [Listener at 127.0.0.1/37791] INFO  server.Server (Server.java:doStart(415)) - Started @67603ms
2022-10-16 13:14:46,391 [Listener at 127.0.0.1/37791] WARN  impl.MetricsSystemImpl (MetricsSystemImpl.java:register(279)) - Sink prometheus already exists!
2022-10-16 13:14:46,392 [Listener at 127.0.0.1/37791] INFO  http.BaseHttpServer (BaseHttpServer.java:updateConnectorAddress(333)) - HTTP server of hddsDatanode listening at http://0.0.0.0:46799
2022-10-16 13:14:46,392 [Datanode State Machine Daemon Thread] INFO  statemachine.DatanodeStateMachine (DatanodeStateMachine.java:lambda$startDaemon$0(492)) - Ozone container server started.
2022-10-16 13:14:46,392 [Listener at 127.0.0.1/37791] WARN  impl.MetricRegistriesImpl (MetricRegistriesImpl.java:addReporterRegistration(111)) - New reporters are added after registries were created. Some metrics will be missing from the reporter. Please add reporter before adding any new registry.
2022-10-16 13:14:46,393 [Listener at 127.0.0.1/37791] WARN  impl.MetricRegistriesImpl (MetricRegistriesImpl.java:addReporterRegistration(111)) - New reporters are added after registries were created. Some metrics will be missing from the reporter. Please add reporter before adding any new registry.
2022-10-16 13:14:46,393 [Listener at 127.0.0.1/37791] INFO  impl.MetricsSystemImpl (MetricsSystemImpl.java:init(158)) - HddsDatanode metrics system started (again)
2022-10-16 13:14:46,395 [org.apache.hadoop.util.JvmPauseMonitor$Monitor@55b6b733] INFO  util.JvmPauseMonitor (JvmPauseMonitor.java:run(188)) - Starting JVM pause monitor
2022-10-16 13:14:46,406 [Datanode State Machine Task Thread - 0] INFO  datanode.InitDatanodeState (InitDatanodeState.java:persistContainerDatanodeDetails(138)) - DatanodeDetails is persisted to /home/runner/work/ozone/ozone/hadoop-ozone/integration-test/target/test-dir/MiniOzoneClusterImpl-1260e40a-66d4-47e7-b895-29d827f4fcd0/datanode-0/meta/datanode.id
2022-10-16 13:14:46,409 [Listener at 127.0.0.1/37791] INFO  ozone.HddsDatanodeService (HddsDatanodeService.java:start(236)) - HddsDatanodeService host:fv-az308-250.etcbaq1qs54eplwmrjlabigyle.cx.internal.cloudapp.net ip:10.1.0.60
2022-10-16 13:14:46,432 [Listener at 127.0.0.1/37791] INFO  upgrade.AbstractLayoutVersionManager (AbstractLayoutVersionManager.java:init(83)) - Initializing Layout version manager with metadata layout = DATANODE_SCHEMA_V3 (version = 4), software layout = DATANODE_SCHEMA_V3 (version = 4)
2022-10-16 13:14:46,473 [Listener at 127.0.0.1/37791] INFO  reflections.Reflections (Reflections.java:scan(232)) - Reflections took 40 ms to scan 7 urls, producing 137 keys and 328 values 
2022-10-16 13:14:46,474 [Listener at 127.0.0.1/37791] INFO  statemachine.DatanodeStateMachine (DatanodeStateMachine.java:getEndPointTaskThreadPoolSize(237)) - Datanode State Machine Task Thread Pool size 2
2022-10-16 13:14:46,477 [Listener at 127.0.0.1/37791] INFO  volume.HddsVolume (HddsVolume.java:<init>(117)) - Creating HddsVolume: /home/runner/work/ozone/ozone/hadoop-ozone/integration-test/target/test-dir/MiniOzoneClusterImpl-1260e40a-66d4-47e7-b895-29d827f4fcd0/datanode-1/data-0/containers/hdds of storage type : DISK capacity : 9223372036854775807
2022-10-16 13:14:46,477 [Listener at 127.0.0.1/37791] INFO  volume.MutableVolumeSet (MutableVolumeSet.java:initializeVolumeSet(174)) - Added Volume : /home/runner/work/ozone/ozone/hadoop-ozone/integration-test/target/test-dir/MiniOzoneClusterImpl-1260e40a-66d4-47e7-b895-29d827f4fcd0/datanode-1/data-0/containers/hdds to VolumeSet
2022-10-16 13:14:46,477 [Listener at 127.0.0.1/37791] INFO  volume.ThrottledAsyncChecker (ThrottledAsyncChecker.java:schedule(141)) - Scheduling a check for /home/runner/work/ozone/ozone/hadoop-ozone/integration-test/target/test-dir/MiniOzoneClusterImpl-1260e40a-66d4-47e7-b895-29d827f4fcd0/datanode-1/data-0/containers/hdds
2022-10-16 13:14:46,480 [Listener at 127.0.0.1/37791] INFO  volume.StorageVolumeChecker (StorageVolumeChecker.java:checkAllVolumes(202)) - Scheduled health check for volume /home/runner/work/ozone/ozone/hadoop-ozone/integration-test/target/test-dir/MiniOzoneClusterImpl-1260e40a-66d4-47e7-b895-29d827f4fcd0/datanode-1/data-0/containers/hdds
2022-10-16 13:14:46,490 [Listener at 127.0.0.1/37791] INFO  volume.MutableVolumeSet (MutableVolumeSet.java:initializeVolumeSet(174)) - Added Volume : /home/runner/work/ozone/ozone/hadoop-ozone/integration-test/target/test-dir/MiniOzoneClusterImpl-1260e40a-66d4-47e7-b895-29d827f4fcd0/datanode-1/data/ratis to VolumeSet
2022-10-16 13:14:46,490 [Listener at 127.0.0.1/37791] INFO  volume.ThrottledAsyncChecker (ThrottledAsyncChecker.java:schedule(141)) - Scheduling a check for /home/runner/work/ozone/ozone/hadoop-ozone/integration-test/target/test-dir/MiniOzoneClusterImpl-1260e40a-66d4-47e7-b895-29d827f4fcd0/datanode-1/data/ratis
2022-10-16 13:14:46,490 [Listener at 127.0.0.1/37791] INFO  volume.StorageVolumeChecker (StorageVolumeChecker.java:checkAllVolumes(202)) - Scheduled health check for volume /home/runner/work/ozone/ozone/hadoop-ozone/integration-test/target/test-dir/MiniOzoneClusterImpl-1260e40a-66d4-47e7-b895-29d827f4fcd0/datanode-1/data/ratis
2022-10-16 13:14:46,500 [Thread-984] INFO  ozoneimpl.ContainerReader (ContainerReader.java:readVolume(175)) - Finish verifying containers on volume /home/runner/work/ozone/ozone/hadoop-ozone/integration-test/target/test-dir/MiniOzoneClusterImpl-1260e40a-66d4-47e7-b895-29d827f4fcd0/datanode-1/data-0/containers/hdds
2022-10-16 13:14:46,500 [Listener at 127.0.0.1/37791] INFO  ozoneimpl.OzoneContainer (OzoneContainer.java:buildContainerSet(300)) - Build ContainerSet costs 0s
2022-10-16 13:14:46,502 [Listener at 127.0.0.1/37791] INFO  server.RaftServer (ConfUtils.java:logGet(46)) - raft.rpc.type = GRPC (default)
2022-10-16 13:14:46,504 [Listener at 127.0.0.1/37791] INFO  grpc.GrpcFactory (GrpcFactory.java:checkPooledByteBufAllocatorUseCacheForAllThreads(48)) - PERFORMANCE WARNING: useCacheForAllThreads is true that may cause Netty to create a lot garbage objects and, as a result, trigger GC.
	It is recommended to disable useCacheForAllThreads by setting -Dorg.apache.ratis.thirdparty.io.netty.allocator.useCacheForAllThreads=false in command line.
2022-10-16 13:14:46,504 [Listener at 127.0.0.1/37791] INFO  grpc.GrpcConfigKeys (ConfUtils.java:logGet(46)) - raft.grpc.admin.port = 0 (custom)
2022-10-16 13:14:46,504 [Listener at 127.0.0.1/37791] INFO  grpc.GrpcConfigKeys (ConfUtils.java:logGet(46)) - raft.grpc.client.port = 0 (custom)
2022-10-16 13:14:46,504 [Listener at 127.0.0.1/37791] INFO  grpc.GrpcConfigKeys (ConfUtils.java:logGet(46)) - raft.grpc.server.port = 0 (default)
2022-10-16 13:14:46,504 [Listener at 127.0.0.1/37791] INFO  server.GrpcService (ConfUtils.java:logGet(46)) - raft.grpc.message.size.max = 32MB (=33554432) (custom)
2022-10-16 13:14:46,504 [Listener at 127.0.0.1/37791] INFO  server.RaftServerConfigKeys (ConfUtils.java:logGet(46)) - raft.server.log.appender.buffer.byte-limit = 33554432 (custom)
2022-10-16 13:14:46,505 [Listener at 127.0.0.1/37791] INFO  server.GrpcService (ConfUtils.java:logGet(46)) - raft.grpc.flow.control.window = 5MB (=5242880) (custom)
2022-10-16 13:14:46,505 [Listener at 127.0.0.1/37791] INFO  server.RaftServerConfigKeys (ConfUtils.java:logGet(46)) - raft.server.rpc.request.timeout = 60s (custom)
2022-10-16 13:14:46,505 [Listener at 127.0.0.1/37791] INFO  grpc.GrpcConfigKeys (ConfUtils.java:logGet(46)) - raft.grpc.server.async.request.thread.pool.cached = true (default)
2022-10-16 13:14:46,505 [Listener at 127.0.0.1/37791] INFO  grpc.GrpcConfigKeys (ConfUtils.java:logGet(46)) - raft.grpc.server.async.request.thread.pool.size = 32 (default)
2022-10-16 13:14:46,506 [Listener at 127.0.0.1/37791] INFO  impl.DataStreamServerImpl (ConfUtils.java:logGet(46)) - raft.datastream.type = DISABLED (default)
2022-10-16 13:14:46,506 [Listener at 127.0.0.1/37791] INFO  server.RaftServerConfigKeys (ConfUtils.java:logGet(46)) - raft.server.threadpool.proxy.cached = true (default)
2022-10-16 13:14:46,506 [Listener at 127.0.0.1/37791] INFO  server.RaftServerConfigKeys (ConfUtils.java:logGet(46)) - raft.server.threadpool.proxy.size = 0 (default)
2022-10-16 13:14:46,506 [Listener at 127.0.0.1/37791] INFO  server.RaftServerConfigKeys (ConfUtils.java:logGet(46)) - raft.server.rpc.slowness.timeout = 300s (custom)
2022-10-16 13:14:46,506 [Listener at 127.0.0.1/37791] INFO  server.RaftServerConfigKeys (ConfUtils.java:logGet(46)) - raft.server.leaderelection.leader.step-down.wait-time = 10s (default)
2022-10-16 13:14:46,506 [Listener at 127.0.0.1/37791] INFO  server.RaftServerConfigKeys (ConfUtils.java:logGet(46)) - raft.server.storage.dir = [/home/runner/work/ozone/ozone/hadoop-ozone/integration-test/target/test-dir/MiniOzoneClusterImpl-1260e40a-66d4-47e7-b895-29d827f4fcd0/datanode-1/data/ratis] (custom)
2022-10-16 13:14:46,509 [Listener at 127.0.0.1/37791] INFO  server.XceiverServerGrpc (XceiverServerGrpc.java:<init>(132)) - GrpcServer channel type EpollServerSocketChannel
2022-10-16 13:14:46,513 [Listener at 127.0.0.1/37791] INFO  http.BaseHttpServer (BaseHttpServer.java:newHttpServer2BuilderForOzone(213)) - Starting Web-server for hddsDatanode at: http://0.0.0.0:0
2022-10-16 13:14:46,513 [Listener at 127.0.0.1/37791] INFO  http.BaseHttpServer (BaseHttpServer.java:<init>(108)) - Hadoop Security Enabled: false Ozone Security Enabled: false Ozone HTTP Security Enabled: false 
2022-10-16 13:14:46,514 [Listener at 127.0.0.1/37791] WARN  server.AuthenticationFilter (AuthenticationFilter.java:constructSecretProvider(240)) - Unable to initialize FileSignerSecretProvider, falling back to use random secrets. Reason: Could not read signature secret file: /home/runner/hadoop-http-auth-signature-secret
2022-10-16 13:14:46,514 [Listener at 127.0.0.1/37791] WARN  http.HttpRequestLog (HttpRequestLog.java:getRequestLog(103)) - Jetty request log can only be enabled using Log4j
2022-10-16 13:14:46,515 [Listener at 127.0.0.1/37791] INFO  http.HttpServer2 (HttpServer2.java:addGlobalFilter(1031)) - Added global filter 'safety' (class=org.apache.hadoop.hdds.server.http.HttpServer2$QuotingInputFilter)
2022-10-16 13:14:46,517 [Listener at 127.0.0.1/37791] INFO  http.HttpServer2 (HttpServer2.java:addFilter(1007)) - Added filter static_user_filter (class=org.apache.hadoop.http.lib.StaticUserWebFilter$StaticUserFilter) to context hddsDatanode
2022-10-16 13:14:46,517 [Listener at 127.0.0.1/37791] INFO  http.HttpServer2 (HttpServer2.java:addFilter(1015)) - Added filter static_user_filter (class=org.apache.hadoop.http.lib.StaticUserWebFilter$StaticUserFilter) to context logs
2022-10-16 13:14:46,517 [Listener at 127.0.0.1/37791] INFO  http.HttpServer2 (HttpServer2.java:addFilter(1015)) - Added filter static_user_filter (class=org.apache.hadoop.http.lib.StaticUserWebFilter$StaticUserFilter) to context static
2022-10-16 13:14:46,518 [Listener at 127.0.0.1/37791] INFO  http.HttpServer2 (HttpServer2.java:bindListener(1250)) - Jetty bound to port 41331
2022-10-16 13:14:46,518 [Listener at 127.0.0.1/37791] INFO  server.Server (Server.java:doStart(375)) - jetty-9.4.43.v20210629; built: 2021-06-30T11:07:22.254Z; git: 526006ecfa3af7f1a27ef3a288e2bef7ea9dd7e8; jvm 1.8.0_345-b01
2022-10-16 13:14:46,519 [Listener at 127.0.0.1/37791] INFO  server.session (DefaultSessionIdManager.java:doStart(334)) - DefaultSessionIdManager workerName=node0
2022-10-16 13:14:46,519 [Listener at 127.0.0.1/37791] INFO  server.session (DefaultSessionIdManager.java:doStart(339)) - No SessionScavenger set, using defaults
2022-10-16 13:14:46,519 [Listener at 127.0.0.1/37791] INFO  server.session (HouseKeeper.java:startScavenging(132)) - node0 Scavenging every 600000ms
2022-10-16 13:14:46,520 [Listener at 127.0.0.1/37791] INFO  handler.ContextHandler (ContextHandler.java:doStart(915)) - Started o.e.j.s.ServletContextHandler@78afc70b{logs,/logs,file:///home/runner/work/ozone/ozone/hadoop-ozone/integration-test/target/log,AVAILABLE}
2022-10-16 13:14:46,520 [Listener at 127.0.0.1/37791] INFO  handler.ContextHandler (ContextHandler.java:doStart(915)) - Started o.e.j.s.ServletContextHandler@2b51ab37{static,/static,jar:file:/home/runner/.m2/repository/org/apache/ozone/hdds-container-service/1.3.0-SNAPSHOT/hdds-container-service-1.3.0-SNAPSHOT.jar!/webapps/static,AVAILABLE}
2022-10-16 13:14:46,683 [Listener at 127.0.0.1/37791] INFO  handler.ContextHandler (ContextHandler.java:doStart(915)) - Started o.e.j.w.WebAppContext@3a4a2ad2{hddsDatanode,/,file:///tmp/jetty-0_0_0_0-41331-hdds-container-service-1_3_0-SNAPSHOT_jar-_-any-7157388164491269375/webapp/,AVAILABLE}{jar:file:/home/runner/.m2/repository/org/apache/ozone/hdds-container-service/1.3.0-SNAPSHOT/hdds-container-service-1.3.0-SNAPSHOT.jar!/webapps/hddsDatanode}
2022-10-16 13:14:46,684 [Listener at 127.0.0.1/37791] INFO  server.AbstractConnector (AbstractConnector.java:doStart(331)) - Started ServerConnector@4acfcb98{HTTP/1.1, (http/1.1)}{0.0.0.0:41331}
2022-10-16 13:14:46,684 [Listener at 127.0.0.1/37791] INFO  server.Server (Server.java:doStart(415)) - Started @67897ms
2022-10-16 13:14:46,685 [Listener at 127.0.0.1/37791] WARN  impl.MetricsSystemImpl (MetricsSystemImpl.java:register(279)) - Sink prometheus already exists!
2022-10-16 13:14:46,685 [Listener at 127.0.0.1/37791] INFO  http.BaseHttpServer (BaseHttpServer.java:updateConnectorAddress(333)) - HTTP server of hddsDatanode listening at http://0.0.0.0:41331
2022-10-16 13:14:46,685 [Listener at 127.0.0.1/37791] WARN  impl.MetricRegistriesImpl (MetricRegistriesImpl.java:addReporterRegistration(111)) - New reporters are added after registries were created. Some metrics will be missing from the reporter. Please add reporter before adding any new registry.
2022-10-16 13:14:46,686 [Listener at 127.0.0.1/37791] WARN  impl.MetricRegistriesImpl (MetricRegistriesImpl.java:addReporterRegistration(111)) - New reporters are added after registries were created. Some metrics will be missing from the reporter. Please add reporter before adding any new registry.
2022-10-16 13:14:46,686 [Listener at 127.0.0.1/37791] INFO  impl.MetricsSystemImpl (MetricsSystemImpl.java:init(158)) - HddsDatanode metrics system started (again)
2022-10-16 13:14:46,692 [Datanode State Machine Daemon Thread] INFO  statemachine.DatanodeStateMachine (DatanodeStateMachine.java:lambda$startDaemon$0(492)) - Ozone container server started.
2022-10-16 13:14:46,702 [Listener at 127.0.0.1/37791] INFO  ozone.HddsDatanodeService (HddsDatanodeService.java:start(236)) - HddsDatanodeService host:fv-az308-250.etcbaq1qs54eplwmrjlabigyle.cx.internal.cloudapp.net ip:10.1.0.60
2022-10-16 13:14:46,706 [org.apache.hadoop.util.JvmPauseMonitor$Monitor@2e5fcd4d] INFO  util.JvmPauseMonitor (JvmPauseMonitor.java:run(188)) - Starting JVM pause monitor
2022-10-16 13:14:46,712 [Datanode State Machine Task Thread - 0] INFO  datanode.InitDatanodeState (InitDatanodeState.java:persistContainerDatanodeDetails(138)) - DatanodeDetails is persisted to /home/runner/work/ozone/ozone/hadoop-ozone/integration-test/target/test-dir/MiniOzoneClusterImpl-1260e40a-66d4-47e7-b895-29d827f4fcd0/datanode-1/meta/datanode.id
2022-10-16 13:14:46,724 [Listener at 127.0.0.1/37791] INFO  upgrade.AbstractLayoutVersionManager (AbstractLayoutVersionManager.java:init(83)) - Initializing Layout version manager with metadata layout = DATANODE_SCHEMA_V3 (version = 4), software layout = DATANODE_SCHEMA_V3 (version = 4)
2022-10-16 13:14:46,764 [Listener at 127.0.0.1/37791] INFO  reflections.Reflections (Reflections.java:scan(232)) - Reflections took 39 ms to scan 7 urls, producing 137 keys and 328 values 
2022-10-16 13:14:46,766 [Listener at 127.0.0.1/37791] INFO  statemachine.DatanodeStateMachine (DatanodeStateMachine.java:getEndPointTaskThreadPoolSize(237)) - Datanode State Machine Task Thread Pool size 2
2022-10-16 13:14:46,769 [Listener at 127.0.0.1/37791] INFO  volume.HddsVolume (HddsVolume.java:<init>(117)) - Creating HddsVolume: /home/runner/work/ozone/ozone/hadoop-ozone/integration-test/target/test-dir/MiniOzoneClusterImpl-1260e40a-66d4-47e7-b895-29d827f4fcd0/datanode-2/data-0/containers/hdds of storage type : DISK capacity : 9223372036854775807
2022-10-16 13:14:46,769 [Listener at 127.0.0.1/37791] INFO  volume.MutableVolumeSet (MutableVolumeSet.java:initializeVolumeSet(174)) - Added Volume : /home/runner/work/ozone/ozone/hadoop-ozone/integration-test/target/test-dir/MiniOzoneClusterImpl-1260e40a-66d4-47e7-b895-29d827f4fcd0/datanode-2/data-0/containers/hdds to VolumeSet
2022-10-16 13:14:46,769 [Listener at 127.0.0.1/37791] INFO  volume.ThrottledAsyncChecker (ThrottledAsyncChecker.java:schedule(141)) - Scheduling a check for /home/runner/work/ozone/ozone/hadoop-ozone/integration-test/target/test-dir/MiniOzoneClusterImpl-1260e40a-66d4-47e7-b895-29d827f4fcd0/datanode-2/data-0/containers/hdds
2022-10-16 13:14:46,773 [Listener at 127.0.0.1/37791] INFO  volume.StorageVolumeChecker (StorageVolumeChecker.java:checkAllVolumes(202)) - Scheduled health check for volume /home/runner/work/ozone/ozone/hadoop-ozone/integration-test/target/test-dir/MiniOzoneClusterImpl-1260e40a-66d4-47e7-b895-29d827f4fcd0/datanode-2/data-0/containers/hdds
2022-10-16 13:14:46,787 [Listener at 127.0.0.1/37791] INFO  volume.MutableVolumeSet (MutableVolumeSet.java:initializeVolumeSet(174)) - Added Volume : /home/runner/work/ozone/ozone/hadoop-ozone/integration-test/target/test-dir/MiniOzoneClusterImpl-1260e40a-66d4-47e7-b895-29d827f4fcd0/datanode-2/data/ratis to VolumeSet
2022-10-16 13:14:46,787 [Listener at 127.0.0.1/37791] INFO  volume.ThrottledAsyncChecker (ThrottledAsyncChecker.java:schedule(141)) - Scheduling a check for /home/runner/work/ozone/ozone/hadoop-ozone/integration-test/target/test-dir/MiniOzoneClusterImpl-1260e40a-66d4-47e7-b895-29d827f4fcd0/datanode-2/data/ratis
2022-10-16 13:14:46,787 [Listener at 127.0.0.1/37791] INFO  volume.StorageVolumeChecker (StorageVolumeChecker.java:checkAllVolumes(202)) - Scheduled health check for volume /home/runner/work/ozone/ozone/hadoop-ozone/integration-test/target/test-dir/MiniOzoneClusterImpl-1260e40a-66d4-47e7-b895-29d827f4fcd0/datanode-2/data/ratis
2022-10-16 13:14:46,797 [Thread-997] INFO  ozoneimpl.ContainerReader (ContainerReader.java:readVolume(175)) - Finish verifying containers on volume /home/runner/work/ozone/ozone/hadoop-ozone/integration-test/target/test-dir/MiniOzoneClusterImpl-1260e40a-66d4-47e7-b895-29d827f4fcd0/datanode-2/data-0/containers/hdds
2022-10-16 13:14:46,797 [Listener at 127.0.0.1/37791] INFO  ozoneimpl.OzoneContainer (OzoneContainer.java:buildContainerSet(300)) - Build ContainerSet costs 0s
2022-10-16 13:14:46,799 [Listener at 127.0.0.1/37791] INFO  server.RaftServer (ConfUtils.java:logGet(46)) - raft.rpc.type = GRPC (default)
2022-10-16 13:14:46,799 [Listener at 127.0.0.1/37791] INFO  grpc.GrpcFactory (GrpcFactory.java:checkPooledByteBufAllocatorUseCacheForAllThreads(48)) - PERFORMANCE WARNING: useCacheForAllThreads is true that may cause Netty to create a lot garbage objects and, as a result, trigger GC.
	It is recommended to disable useCacheForAllThreads by setting -Dorg.apache.ratis.thirdparty.io.netty.allocator.useCacheForAllThreads=false in command line.
2022-10-16 13:14:46,800 [Listener at 127.0.0.1/37791] INFO  grpc.GrpcConfigKeys (ConfUtils.java:logGet(46)) - raft.grpc.admin.port = 0 (custom)
2022-10-16 13:14:46,800 [Listener at 127.0.0.1/37791] INFO  grpc.GrpcConfigKeys (ConfUtils.java:logGet(46)) - raft.grpc.client.port = 0 (custom)
2022-10-16 13:14:46,800 [Listener at 127.0.0.1/37791] INFO  grpc.GrpcConfigKeys (ConfUtils.java:logGet(46)) - raft.grpc.server.port = 0 (default)
2022-10-16 13:14:46,800 [Listener at 127.0.0.1/37791] INFO  server.GrpcService (ConfUtils.java:logGet(46)) - raft.grpc.message.size.max = 32MB (=33554432) (custom)
2022-10-16 13:14:46,800 [Listener at 127.0.0.1/37791] INFO  server.RaftServerConfigKeys (ConfUtils.java:logGet(46)) - raft.server.log.appender.buffer.byte-limit = 33554432 (custom)
2022-10-16 13:14:46,800 [Listener at 127.0.0.1/37791] INFO  server.GrpcService (ConfUtils.java:logGet(46)) - raft.grpc.flow.control.window = 5MB (=5242880) (custom)
2022-10-16 13:14:46,800 [Listener at 127.0.0.1/37791] INFO  server.RaftServerConfigKeys (ConfUtils.java:logGet(46)) - raft.server.rpc.request.timeout = 60s (custom)
2022-10-16 13:14:46,800 [Listener at 127.0.0.1/37791] INFO  grpc.GrpcConfigKeys (ConfUtils.java:logGet(46)) - raft.grpc.server.async.request.thread.pool.cached = true (default)
2022-10-16 13:14:46,800 [Listener at 127.0.0.1/37791] INFO  grpc.GrpcConfigKeys (ConfUtils.java:logGet(46)) - raft.grpc.server.async.request.thread.pool.size = 32 (default)
2022-10-16 13:14:46,804 [Listener at 127.0.0.1/37791] INFO  impl.DataStreamServerImpl (ConfUtils.java:logGet(46)) - raft.datastream.type = DISABLED (default)
2022-10-16 13:14:46,804 [Listener at 127.0.0.1/37791] INFO  server.RaftServerConfigKeys (ConfUtils.java:logGet(46)) - raft.server.threadpool.proxy.cached = true (default)
2022-10-16 13:14:46,804 [Listener at 127.0.0.1/37791] INFO  server.RaftServerConfigKeys (ConfUtils.java:logGet(46)) - raft.server.threadpool.proxy.size = 0 (default)
2022-10-16 13:14:46,804 [Listener at 127.0.0.1/37791] INFO  server.RaftServerConfigKeys (ConfUtils.java:logGet(46)) - raft.server.rpc.slowness.timeout = 300s (custom)
2022-10-16 13:14:46,804 [Listener at 127.0.0.1/37791] INFO  server.RaftServerConfigKeys (ConfUtils.java:logGet(46)) - raft.server.leaderelection.leader.step-down.wait-time = 10s (default)
2022-10-16 13:14:46,804 [Listener at 127.0.0.1/37791] INFO  server.RaftServerConfigKeys (ConfUtils.java:logGet(46)) - raft.server.storage.dir = [/home/runner/work/ozone/ozone/hadoop-ozone/integration-test/target/test-dir/MiniOzoneClusterImpl-1260e40a-66d4-47e7-b895-29d827f4fcd0/datanode-2/data/ratis] (custom)
2022-10-16 13:14:46,806 [Listener at 127.0.0.1/37791] INFO  server.XceiverServerGrpc (XceiverServerGrpc.java:<init>(132)) - GrpcServer channel type EpollServerSocketChannel
2022-10-16 13:14:46,810 [Listener at 127.0.0.1/37791] INFO  http.BaseHttpServer (BaseHttpServer.java:newHttpServer2BuilderForOzone(213)) - Starting Web-server for hddsDatanode at: http://0.0.0.0:0
2022-10-16 13:14:46,810 [Listener at 127.0.0.1/37791] INFO  http.BaseHttpServer (BaseHttpServer.java:<init>(108)) - Hadoop Security Enabled: false Ozone Security Enabled: false Ozone HTTP Security Enabled: false 
2022-10-16 13:14:46,811 [Listener at 127.0.0.1/37791] WARN  server.AuthenticationFilter (AuthenticationFilter.java:constructSecretProvider(240)) - Unable to initialize FileSignerSecretProvider, falling back to use random secrets. Reason: Could not read signature secret file: /home/runner/hadoop-http-auth-signature-secret
2022-10-16 13:14:46,814 [Listener at 127.0.0.1/37791] WARN  http.HttpRequestLog (HttpRequestLog.java:getRequestLog(103)) - Jetty request log can only be enabled using Log4j
2022-10-16 13:14:46,816 [Listener at 127.0.0.1/37791] INFO  http.HttpServer2 (HttpServer2.java:addGlobalFilter(1031)) - Added global filter 'safety' (class=org.apache.hadoop.hdds.server.http.HttpServer2$QuotingInputFilter)
2022-10-16 13:14:46,816 [Listener at 127.0.0.1/37791] INFO  http.HttpServer2 (HttpServer2.java:addFilter(1007)) - Added filter static_user_filter (class=org.apache.hadoop.http.lib.StaticUserWebFilter$StaticUserFilter) to context hddsDatanode
2022-10-16 13:14:46,816 [Listener at 127.0.0.1/37791] INFO  http.HttpServer2 (HttpServer2.java:addFilter(1015)) - Added filter static_user_filter (class=org.apache.hadoop.http.lib.StaticUserWebFilter$StaticUserFilter) to context static
2022-10-16 13:14:46,816 [Listener at 127.0.0.1/37791] INFO  http.HttpServer2 (HttpServer2.java:addFilter(1015)) - Added filter static_user_filter (class=org.apache.hadoop.http.lib.StaticUserWebFilter$StaticUserFilter) to context logs
2022-10-16 13:14:46,817 [Listener at 127.0.0.1/37791] INFO  http.HttpServer2 (HttpServer2.java:bindListener(1250)) - Jetty bound to port 37019
2022-10-16 13:14:46,817 [Listener at 127.0.0.1/37791] INFO  server.Server (Server.java:doStart(375)) - jetty-9.4.43.v20210629; built: 2021-06-30T11:07:22.254Z; git: 526006ecfa3af7f1a27ef3a288e2bef7ea9dd7e8; jvm 1.8.0_345-b01
2022-10-16 13:14:46,819 [Listener at 127.0.0.1/37791] INFO  server.session (DefaultSessionIdManager.java:doStart(334)) - DefaultSessionIdManager workerName=node0
2022-10-16 13:14:46,819 [Listener at 127.0.0.1/37791] INFO  server.session (DefaultSessionIdManager.java:doStart(339)) - No SessionScavenger set, using defaults
2022-10-16 13:14:46,819 [Listener at 127.0.0.1/37791] INFO  server.session (HouseKeeper.java:startScavenging(132)) - node0 Scavenging every 600000ms
2022-10-16 13:14:46,820 [Listener at 127.0.0.1/37791] INFO  handler.ContextHandler (ContextHandler.java:doStart(915)) - Started o.e.j.s.ServletContextHandler@175e6078{logs,/logs,file:///home/runner/work/ozone/ozone/hadoop-ozone/integration-test/target/log,AVAILABLE}
2022-10-16 13:14:46,821 [Listener at 127.0.0.1/37791] INFO  handler.ContextHandler (ContextHandler.java:doStart(915)) - Started o.e.j.s.ServletContextHandler@720fba3b{static,/static,jar:file:/home/runner/.m2/repository/org/apache/ozone/hdds-container-service/1.3.0-SNAPSHOT/hdds-container-service-1.3.0-SNAPSHOT.jar!/webapps/static,AVAILABLE}
2022-10-16 13:14:46,827 [EventQueue-DeadNodeForDeadNodeHandler] INFO  node.DeadNodeHandler (DeadNodeHandler.java:onMessage(81)) - A dead datanode is detected. 19c5685d-7faf-4816-a074-b6158b4e61e2{ip: 10.1.0.60, host: fv-az308-250.etcbaq1qs54eplwmrjlabigyle.cx.internal.cloudapp.net, ports: [REPLICATION=37885, RATIS=41227, RATIS_ADMIN=41227, RATIS_SERVER=41227, STANDALONE=41075], networkLocation: /default-rack, certSerialId: null, persistedOpState: IN_SERVICE, persistedOpStateExpiryEpochSec: 0}
2022-10-16 13:14:46,827 [EventQueue-DeadNodeForDeadNodeHandler] INFO  pipeline.RatisPipelineProvider (RatisPipelineProvider.java:lambda$close$1(244)) - Send pipeline:PipelineID=5850687a-a38c-49db-b1b7-d501797e6531 close command to datanode 19c5685d-7faf-4816-a074-b6158b4e61e2
2022-10-16 13:14:46,828 [EventQueue-DeadNodeForDeadNodeHandler] INFO  pipeline.PipelineStateManagerImpl (PipelineStateManagerImpl.java:removePipeline(245)) - Pipeline Pipeline[ Id: 5850687a-a38c-49db-b1b7-d501797e6531, Nodes: 19c5685d-7faf-4816-a074-b6158b4e61e2{ip: 10.1.0.60, host: fv-az308-250.etcbaq1qs54eplwmrjlabigyle.cx.internal.cloudapp.net, ports: [REPLICATION=37885, RATIS=41227, RATIS_ADMIN=41227, RATIS_SERVER=41227, STANDALONE=41075], networkLocation: /default-rack, certSerialId: null, persistedOpState: IN_SERVICE, persistedOpStateExpiryEpochSec: 0}, ReplicationConfig: RATIS/ONE, State:CLOSED, leaderId:19c5685d-7faf-4816-a074-b6158b4e61e2, CreationTimestamp2022-10-16T13:13:50.913Z[Etc/UTC]] removed.
2022-10-16 13:14:46,828 [EventQueue-DeadNodeForDeadNodeHandler] INFO  net.NetworkTopologyImpl (NetworkTopologyImpl.java:remove(190)) - Removed a node: /default-rack/19c5685d-7faf-4816-a074-b6158b4e61e2
2022-10-16 13:14:46,986 [Listener at 127.0.0.1/37791] INFO  handler.ContextHandler (ContextHandler.java:doStart(915)) - Started o.e.j.w.WebAppContext@2dbe4260{hddsDatanode,/,file:///tmp/jetty-0_0_0_0-37019-hdds-container-service-1_3_0-SNAPSHOT_jar-_-any-834260040913171346/webapp/,AVAILABLE}{jar:file:/home/runner/.m2/repository/org/apache/ozone/hdds-container-service/1.3.0-SNAPSHOT/hdds-container-service-1.3.0-SNAPSHOT.jar!/webapps/hddsDatanode}
2022-10-16 13:14:46,988 [Listener at 127.0.0.1/37791] INFO  server.AbstractConnector (AbstractConnector.java:doStart(331)) - Started ServerConnector@428ee15b{HTTP/1.1, (http/1.1)}{0.0.0.0:37019}
2022-10-16 13:14:46,988 [Listener at 127.0.0.1/37791] INFO  server.Server (Server.java:doStart(415)) - Started @68200ms
2022-10-16 13:14:46,988 [Listener at 127.0.0.1/37791] WARN  impl.MetricsSystemImpl (MetricsSystemImpl.java:register(279)) - Sink prometheus already exists!
2022-10-16 13:14:46,989 [Listener at 127.0.0.1/37791] INFO  http.BaseHttpServer (BaseHttpServer.java:updateConnectorAddress(333)) - HTTP server of hddsDatanode listening at http://0.0.0.0:37019
2022-10-16 13:14:46,989 [Listener at 127.0.0.1/37791] WARN  impl.MetricRegistriesImpl (MetricRegistriesImpl.java:addReporterRegistration(111)) - New reporters are added after registries were created. Some metrics will be missing from the reporter. Please add reporter before adding any new registry.
2022-10-16 13:14:46,989 [Listener at 127.0.0.1/37791] WARN  impl.MetricRegistriesImpl (MetricRegistriesImpl.java:addReporterRegistration(111)) - New reporters are added after registries were created. Some metrics will be missing from the reporter. Please add reporter before adding any new registry.
2022-10-16 13:14:46,989 [Listener at 127.0.0.1/37791] INFO  impl.MetricsSystemImpl (MetricsSystemImpl.java:init(158)) - HddsDatanode metrics system started (again)
2022-10-16 13:14:46,992 [Datanode State Machine Daemon Thread] INFO  statemachine.DatanodeStateMachine (DatanodeStateMachine.java:lambda$startDaemon$0(492)) - Ozone container server started.
2022-10-16 13:14:47,008 [org.apache.hadoop.util.JvmPauseMonitor$Monitor@28091f04] INFO  util.JvmPauseMonitor (JvmPauseMonitor.java:run(188)) - Starting JVM pause monitor
2022-10-16 13:14:47,010 [Listener at 127.0.0.1/37791] INFO  ozone.HddsDatanodeService (HddsDatanodeService.java:start(236)) - HddsDatanodeService host:fv-az308-250.etcbaq1qs54eplwmrjlabigyle.cx.internal.cloudapp.net ip:10.1.0.60
2022-10-16 13:14:47,011 [Datanode State Machine Task Thread - 0] INFO  datanode.InitDatanodeState (InitDatanodeState.java:persistContainerDatanodeDetails(138)) - DatanodeDetails is persisted to /home/runner/work/ozone/ozone/hadoop-ozone/integration-test/target/test-dir/MiniOzoneClusterImpl-1260e40a-66d4-47e7-b895-29d827f4fcd0/datanode-2/meta/datanode.id
2022-10-16 13:14:47,030 [Listener at 127.0.0.1/37791] INFO  upgrade.AbstractLayoutVersionManager (AbstractLayoutVersionManager.java:init(83)) - Initializing Layout version manager with metadata layout = DATANODE_SCHEMA_V3 (version = 4), software layout = DATANODE_SCHEMA_V3 (version = 4)
2022-10-16 13:14:47,047 [ReplicationMonitor] INFO  replication.LegacyReplicationManager (LegacyReplicationManager.java:sendCloseCommand(1512)) - Sending close container command for container #1 to datanode 56a38eed-0cc2-4715-835e-d068c92ebf74{ip: 10.1.0.60, host: fv-az308-250.etcbaq1qs54eplwmrjlabigyle.cx.internal.cloudapp.net, ports: [REPLICATION=33567, RATIS=40671, RATIS_ADMIN=40671, RATIS_SERVER=40671, STANDALONE=37693], networkLocation: /default-rack, certSerialId: null, persistedOpState: IN_SERVICE, persistedOpStateExpiryEpochSec: 0}.
2022-10-16 13:14:47,047 [ReplicationMonitor] INFO  replication.LegacyReplicationManager (LegacyReplicationManager.java:sendCloseCommand(1512)) - Sending close container command for container #2 to datanode 56a38eed-0cc2-4715-835e-d068c92ebf74{ip: 10.1.0.60, host: fv-az308-250.etcbaq1qs54eplwmrjlabigyle.cx.internal.cloudapp.net, ports: [REPLICATION=33567, RATIS=40671, RATIS_ADMIN=40671, RATIS_SERVER=40671, STANDALONE=37693], networkLocation: /default-rack, certSerialId: null, persistedOpState: IN_SERVICE, persistedOpStateExpiryEpochSec: 0}.
2022-10-16 13:14:47,047 [ReplicationMonitor] INFO  replication.LegacyReplicationManager (LegacyReplicationManager.java:sendCloseCommand(1512)) - Sending close container command for container #3 to datanode 56a38eed-0cc2-4715-835e-d068c92ebf74{ip: 10.1.0.60, host: fv-az308-250.etcbaq1qs54eplwmrjlabigyle.cx.internal.cloudapp.net, ports: [REPLICATION=33567, RATIS=40671, RATIS_ADMIN=40671, RATIS_SERVER=40671, STANDALONE=37693], networkLocation: /default-rack, certSerialId: null, persistedOpState: IN_SERVICE, persistedOpStateExpiryEpochSec: 0}.
2022-10-16 13:14:47,048 [ReplicationMonitor] INFO  replication.ReplicationManager (ReplicationManager.java:sendCloseContainerReplicaCommand(467)) - Sending close container command for container #4 to datanode 56a38eed-0cc2-4715-835e-d068c92ebf74{ip: 10.1.0.60, host: fv-az308-250.etcbaq1qs54eplwmrjlabigyle.cx.internal.cloudapp.net, ports: [REPLICATION=33567, RATIS=40671, RATIS_ADMIN=40671, RATIS_SERVER=40671, STANDALONE=37693], networkLocation: /default-rack, certSerialId: null, persistedOpState: IN_SERVICE, persistedOpStateExpiryEpochSec: 0}.
2022-10-16 13:14:47,048 [ReplicationMonitor] INFO  replication.ReplicationManager (ReplicationManager.java:sendCloseContainerReplicaCommand(467)) - Sending close container command for container #4 to datanode 38a9bf41-2224-4aa1-adc3-26a20af34a93{ip: 10.1.0.60, host: fv-az308-250.etcbaq1qs54eplwmrjlabigyle.cx.internal.cloudapp.net, ports: [REPLICATION=37823, RATIS=37671, RATIS_ADMIN=37671, RATIS_SERVER=37671, STANDALONE=34011], networkLocation: /default-rack, certSerialId: null, persistedOpState: IN_SERVICE, persistedOpStateExpiryEpochSec: 0}.
2022-10-16 13:14:47,048 [ReplicationMonitor] INFO  replication.ReplicationManager (ReplicationManager.java:sendCloseContainerReplicaCommand(467)) - Sending close container command for container #5 to datanode 38a9bf41-2224-4aa1-adc3-26a20af34a93{ip: 10.1.0.60, host: fv-az308-250.etcbaq1qs54eplwmrjlabigyle.cx.internal.cloudapp.net, ports: [REPLICATION=37823, RATIS=37671, RATIS_ADMIN=37671, RATIS_SERVER=37671, STANDALONE=34011], networkLocation: /default-rack, certSerialId: null, persistedOpState: IN_SERVICE, persistedOpStateExpiryEpochSec: 0}.
2022-10-16 13:14:47,048 [ReplicationMonitor] INFO  replication.ReplicationManager (ReplicationManager.java:sendCloseContainerReplicaCommand(467)) - Sending close container command for container #5 to datanode 56a38eed-0cc2-4715-835e-d068c92ebf74{ip: 10.1.0.60, host: fv-az308-250.etcbaq1qs54eplwmrjlabigyle.cx.internal.cloudapp.net, ports: [REPLICATION=33567, RATIS=40671, RATIS_ADMIN=40671, RATIS_SERVER=40671, STANDALONE=37693], networkLocation: /default-rack, certSerialId: null, persistedOpState: IN_SERVICE, persistedOpStateExpiryEpochSec: 0}.
2022-10-16 13:14:47,048 [ReplicationMonitor] INFO  replication.ReplicationManager (ReplicationManager.java:sendCloseContainerReplicaCommand(467)) - Sending close container command for container #6 to datanode 38a9bf41-2224-4aa1-adc3-26a20af34a93{ip: 10.1.0.60, host: fv-az308-250.etcbaq1qs54eplwmrjlabigyle.cx.internal.cloudapp.net, ports: [REPLICATION=37823, RATIS=37671, RATIS_ADMIN=37671, RATIS_SERVER=37671, STANDALONE=34011], networkLocation: /default-rack, certSerialId: null, persistedOpState: IN_SERVICE, persistedOpStateExpiryEpochSec: 0}.
2022-10-16 13:14:47,048 [ReplicationMonitor] INFO  replication.ReplicationManager (ReplicationManager.java:sendCloseContainerReplicaCommand(467)) - Sending close container command for container #6 to datanode 56a38eed-0cc2-4715-835e-d068c92ebf74{ip: 10.1.0.60, host: fv-az308-250.etcbaq1qs54eplwmrjlabigyle.cx.internal.cloudapp.net, ports: [REPLICATION=33567, RATIS=40671, RATIS_ADMIN=40671, RATIS_SERVER=40671, STANDALONE=37693], networkLocation: /default-rack, certSerialId: null, persistedOpState: IN_SERVICE, persistedOpStateExpiryEpochSec: 0}.
2022-10-16 13:14:47,048 [ReplicationMonitor] INFO  replication.ReplicationManager (ReplicationManager.java:sendCloseContainerReplicaCommand(467)) - Sending close container command for container #6 to datanode d6bb9e09-7a5d-4d11-b65a-7cc5dc53b33d{ip: 10.1.0.60, host: fv-az308-250.etcbaq1qs54eplwmrjlabigyle.cx.internal.cloudapp.net, ports: [REPLICATION=33315, RATIS=35493, RATIS_ADMIN=35493, RATIS_SERVER=35493, STANDALONE=43787], networkLocation: /default-rack, certSerialId: null, persistedOpState: IN_SERVICE, persistedOpStateExpiryEpochSec: 0}.
2022-10-16 13:14:47,048 [ReplicationMonitor] INFO  replication.ReplicationManager (ReplicationManager.java:sendCloseContainerReplicaCommand(467)) - Sending close container command for container #7 to datanode 56a38eed-0cc2-4715-835e-d068c92ebf74{ip: 10.1.0.60, host: fv-az308-250.etcbaq1qs54eplwmrjlabigyle.cx.internal.cloudapp.net, ports: [REPLICATION=33567, RATIS=40671, RATIS_ADMIN=40671, RATIS_SERVER=40671, STANDALONE=37693], networkLocation: /default-rack, certSerialId: null, persistedOpState: IN_SERVICE, persistedOpStateExpiryEpochSec: 0}.
2022-10-16 13:14:47,048 [ReplicationMonitor] INFO  replication.ReplicationManager (ReplicationManager.java:sendCloseContainerReplicaCommand(467)) - Sending close container command for container #7 to datanode 38a9bf41-2224-4aa1-adc3-26a20af34a93{ip: 10.1.0.60, host: fv-az308-250.etcbaq1qs54eplwmrjlabigyle.cx.internal.cloudapp.net, ports: [REPLICATION=37823, RATIS=37671, RATIS_ADMIN=37671, RATIS_SERVER=37671, STANDALONE=34011], networkLocation: /default-rack, certSerialId: null, persistedOpState: IN_SERVICE, persistedOpStateExpiryEpochSec: 0}.
2022-10-16 13:14:47,048 [ReplicationMonitor] INFO  replication.ReplicationManager (ReplicationManager.java:processAll(324)) - Replication Monitor Thread took 1 milliseconds for processing 7 containers.
2022-10-16 13:14:47,067 [ForkJoinPool.commonPool-worker-0] INFO  utils.BackgroundService (BackgroundService.java:shutdown(141)) - Shutting down service BlockDeletingService
2022-10-16 13:14:47,067 [ForkJoinPool.commonPool-worker-0] INFO  utils.BackgroundService (BackgroundService.java:shutdown(141)) - Shutting down service StaleRecoveringContainerScrubbingService
2022-10-16 13:14:47,070 [ForkJoinPool.commonPool-worker-0] INFO  statemachine.DatanodeStateMachine (DatanodeStateMachine.java:stopDaemon(580)) - Ozone container server stopped.
2022-10-16 13:14:47,077 [Listener at 127.0.0.1/37791] INFO  reflections.Reflections (Reflections.java:scan(232)) - Reflections took 46 ms to scan 7 urls, producing 137 keys and 328 values 
2022-10-16 13:14:47,078 [ForkJoinPool.commonPool-worker-0] INFO  handler.ContextHandler (ContextHandler.java:doStop(1153)) - Stopped o.e.j.w.WebAppContext@5c77137b{hddsDatanode,/,null,STOPPED}{jar:file:/home/runner/.m2/repository/org/apache/ozone/hdds-container-service/1.3.0-SNAPSHOT/hdds-container-service-1.3.0-SNAPSHOT.jar!/webapps/hddsDatanode}
2022-10-16 13:14:47,079 [Listener at 127.0.0.1/37791] INFO  statemachine.DatanodeStateMachine (DatanodeStateMachine.java:getEndPointTaskThreadPoolSize(237)) - Datanode State Machine Task Thread Pool size 2
2022-10-16 13:14:47,080 [ForkJoinPool.commonPool-worker-0] INFO  server.AbstractConnector (AbstractConnector.java:doStop(381)) - Stopped ServerConnector@217f7da4{HTTP/1.1, (http/1.1)}{0.0.0.0:0}
2022-10-16 13:14:47,080 [ForkJoinPool.commonPool-worker-0] INFO  server.session (HouseKeeper.java:stopScavenging(149)) - node0 Stopped scavenging
2022-10-16 13:14:47,081 [ForkJoinPool.commonPool-worker-0] INFO  handler.ContextHandler (ContextHandler.java:doStop(1153)) - Stopped o.e.j.s.ServletContextHandler@2ef425be{static,/static,jar:file:/home/runner/.m2/repository/org/apache/ozone/hdds-container-service/1.3.0-SNAPSHOT/hdds-container-service-1.3.0-SNAPSHOT.jar!/webapps/static,STOPPED}
2022-10-16 13:14:47,082 [Listener at 127.0.0.1/37791] INFO  volume.HddsVolume (HddsVolume.java:<init>(117)) - Creating HddsVolume: /home/runner/work/ozone/ozone/hadoop-ozone/integration-test/target/test-dir/MiniOzoneClusterImpl-1260e40a-66d4-47e7-b895-29d827f4fcd0/datanode-3/data-0/containers/hdds of storage type : DISK capacity : 9223372036854775807
2022-10-16 13:14:47,082 [Listener at 127.0.0.1/37791] INFO  volume.MutableVolumeSet (MutableVolumeSet.java:initializeVolumeSet(174)) - Added Volume : /home/runner/work/ozone/ozone/hadoop-ozone/integration-test/target/test-dir/MiniOzoneClusterImpl-1260e40a-66d4-47e7-b895-29d827f4fcd0/datanode-3/data-0/containers/hdds to VolumeSet
2022-10-16 13:14:47,082 [Listener at 127.0.0.1/37791] INFO  volume.ThrottledAsyncChecker (ThrottledAsyncChecker.java:schedule(141)) - Scheduling a check for /home/runner/work/ozone/ozone/hadoop-ozone/integration-test/target/test-dir/MiniOzoneClusterImpl-1260e40a-66d4-47e7-b895-29d827f4fcd0/datanode-3/data-0/containers/hdds
2022-10-16 13:14:47,082 [Listener at 127.0.0.1/37791] INFO  volume.StorageVolumeChecker (StorageVolumeChecker.java:checkAllVolumes(202)) - Scheduled health check for volume /home/runner/work/ozone/ozone/hadoop-ozone/integration-test/target/test-dir/MiniOzoneClusterImpl-1260e40a-66d4-47e7-b895-29d827f4fcd0/datanode-3/data-0/containers/hdds
2022-10-16 13:14:47,083 [ForkJoinPool.commonPool-worker-0] INFO  handler.ContextHandler (ContextHandler.java:doStop(1153)) - Stopped o.e.j.s.ServletContextHandler@1655a512{logs,/logs,file:///home/runner/work/ozone/ozone/hadoop-ozone/integration-test/target/log,STOPPED}
2022-10-16 13:14:47,094 [Listener at 127.0.0.1/37791] INFO  volume.MutableVolumeSet (MutableVolumeSet.java:initializeVolumeSet(174)) - Added Volume : /home/runner/work/ozone/ozone/hadoop-ozone/integration-test/target/test-dir/MiniOzoneClusterImpl-1260e40a-66d4-47e7-b895-29d827f4fcd0/datanode-3/data/ratis to VolumeSet
2022-10-16 13:14:47,094 [Listener at 127.0.0.1/37791] INFO  volume.ThrottledAsyncChecker (ThrottledAsyncChecker.java:schedule(141)) - Scheduling a check for /home/runner/work/ozone/ozone/hadoop-ozone/integration-test/target/test-dir/MiniOzoneClusterImpl-1260e40a-66d4-47e7-b895-29d827f4fcd0/datanode-3/data/ratis
2022-10-16 13:14:47,094 [Listener at 127.0.0.1/37791] INFO  volume.StorageVolumeChecker (StorageVolumeChecker.java:checkAllVolumes(202)) - Scheduled health check for volume /home/runner/work/ozone/ozone/hadoop-ozone/integration-test/target/test-dir/MiniOzoneClusterImpl-1260e40a-66d4-47e7-b895-29d827f4fcd0/datanode-3/data/ratis
2022-10-16 13:14:47,112 [Thread-1010] INFO  ozoneimpl.ContainerReader (ContainerReader.java:readVolume(175)) - Finish verifying containers on volume /home/runner/work/ozone/ozone/hadoop-ozone/integration-test/target/test-dir/MiniOzoneClusterImpl-1260e40a-66d4-47e7-b895-29d827f4fcd0/datanode-3/data-0/containers/hdds
2022-10-16 13:14:47,112 [Listener at 127.0.0.1/37791] INFO  ozoneimpl.OzoneContainer (OzoneContainer.java:buildContainerSet(300)) - Build ContainerSet costs 0s
2022-10-16 13:14:47,115 [Listener at 127.0.0.1/37791] INFO  server.RaftServer (ConfUtils.java:logGet(46)) - raft.rpc.type = GRPC (default)
2022-10-16 13:14:47,115 [Listener at 127.0.0.1/37791] INFO  grpc.GrpcFactory (GrpcFactory.java:checkPooledByteBufAllocatorUseCacheForAllThreads(48)) - PERFORMANCE WARNING: useCacheForAllThreads is true that may cause Netty to create a lot garbage objects and, as a result, trigger GC.
	It is recommended to disable useCacheForAllThreads by setting -Dorg.apache.ratis.thirdparty.io.netty.allocator.useCacheForAllThreads=false in command line.
2022-10-16 13:14:47,116 [Listener at 127.0.0.1/37791] INFO  grpc.GrpcConfigKeys (ConfUtils.java:logGet(46)) - raft.grpc.admin.port = 0 (custom)
2022-10-16 13:14:47,116 [Listener at 127.0.0.1/37791] INFO  grpc.GrpcConfigKeys (ConfUtils.java:logGet(46)) - raft.grpc.client.port = 0 (custom)
2022-10-16 13:14:47,116 [Listener at 127.0.0.1/37791] INFO  grpc.GrpcConfigKeys (ConfUtils.java:logGet(46)) - raft.grpc.server.port = 0 (default)
2022-10-16 13:14:47,116 [Listener at 127.0.0.1/37791] INFO  server.GrpcService (ConfUtils.java:logGet(46)) - raft.grpc.message.size.max = 32MB (=33554432) (custom)
2022-10-16 13:14:47,116 [Listener at 127.0.0.1/37791] INFO  server.RaftServerConfigKeys (ConfUtils.java:logGet(46)) - raft.server.log.appender.buffer.byte-limit = 33554432 (custom)
2022-10-16 13:14:47,116 [Listener at 127.0.0.1/37791] INFO  server.GrpcService (ConfUtils.java:logGet(46)) - raft.grpc.flow.control.window = 5MB (=5242880) (custom)
2022-10-16 13:14:47,116 [Listener at 127.0.0.1/37791] INFO  server.RaftServerConfigKeys (ConfUtils.java:logGet(46)) - raft.server.rpc.request.timeout = 60s (custom)
2022-10-16 13:14:47,116 [Listener at 127.0.0.1/37791] INFO  grpc.GrpcConfigKeys (ConfUtils.java:logGet(46)) - raft.grpc.server.async.request.thread.pool.cached = true (default)
2022-10-16 13:14:47,116 [Listener at 127.0.0.1/37791] INFO  grpc.GrpcConfigKeys (ConfUtils.java:logGet(46)) - raft.grpc.server.async.request.thread.pool.size = 32 (default)
2022-10-16 13:14:47,117 [Listener at 127.0.0.1/37791] INFO  impl.DataStreamServerImpl (ConfUtils.java:logGet(46)) - raft.datastream.type = DISABLED (default)
2022-10-16 13:14:47,117 [Listener at 127.0.0.1/37791] INFO  server.RaftServerConfigKeys (ConfUtils.java:logGet(46)) - raft.server.threadpool.proxy.cached = true (default)
2022-10-16 13:14:47,117 [Listener at 127.0.0.1/37791] INFO  server.RaftServerConfigKeys (ConfUtils.java:logGet(46)) - raft.server.threadpool.proxy.size = 0 (default)
2022-10-16 13:14:47,117 [Listener at 127.0.0.1/37791] INFO  server.RaftServerConfigKeys (ConfUtils.java:logGet(46)) - raft.server.rpc.slowness.timeout = 300s (custom)
2022-10-16 13:14:47,118 [Listener at 127.0.0.1/37791] INFO  server.RaftServerConfigKeys (ConfUtils.java:logGet(46)) - raft.server.leaderelection.leader.step-down.wait-time = 10s (default)
2022-10-16 13:14:47,118 [Listener at 127.0.0.1/37791] INFO  server.RaftServerConfigKeys (ConfUtils.java:logGet(46)) - raft.server.storage.dir = [/home/runner/work/ozone/ozone/hadoop-ozone/integration-test/target/test-dir/MiniOzoneClusterImpl-1260e40a-66d4-47e7-b895-29d827f4fcd0/datanode-3/data/ratis] (custom)
2022-10-16 13:14:47,127 [Listener at 127.0.0.1/37791] INFO  server.XceiverServerGrpc (XceiverServerGrpc.java:<init>(132)) - GrpcServer channel type EpollServerSocketChannel
2022-10-16 13:14:47,130 [Listener at 127.0.0.1/37791] INFO  http.BaseHttpServer (BaseHttpServer.java:newHttpServer2BuilderForOzone(213)) - Starting Web-server for hddsDatanode at: http://0.0.0.0:0
2022-10-16 13:14:47,130 [Listener at 127.0.0.1/37791] INFO  http.BaseHttpServer (BaseHttpServer.java:<init>(108)) - Hadoop Security Enabled: false Ozone Security Enabled: false Ozone HTTP Security Enabled: false 
2022-10-16 13:14:47,131 [Listener at 127.0.0.1/37791] WARN  server.AuthenticationFilter (AuthenticationFilter.java:constructSecretProvider(240)) - Unable to initialize FileSignerSecretProvider, falling back to use random secrets. Reason: Could not read signature secret file: /home/runner/hadoop-http-auth-signature-secret
2022-10-16 13:14:47,132 [Listener at 127.0.0.1/37791] WARN  http.HttpRequestLog (HttpRequestLog.java:getRequestLog(103)) - Jetty request log can only be enabled using Log4j
2022-10-16 13:14:47,133 [Listener at 127.0.0.1/37791] INFO  http.HttpServer2 (HttpServer2.java:addGlobalFilter(1031)) - Added global filter 'safety' (class=org.apache.hadoop.hdds.server.http.HttpServer2$QuotingInputFilter)
2022-10-16 13:14:47,133 [Listener at 127.0.0.1/37791] INFO  http.HttpServer2 (HttpServer2.java:addFilter(1007)) - Added filter static_user_filter (class=org.apache.hadoop.http.lib.StaticUserWebFilter$StaticUserFilter) to context hddsDatanode
2022-10-16 13:14:47,133 [Listener at 127.0.0.1/37791] INFO  http.HttpServer2 (HttpServer2.java:addFilter(1015)) - Added filter static_user_filter (class=org.apache.hadoop.http.lib.StaticUserWebFilter$StaticUserFilter) to context logs
2022-10-16 13:14:47,133 [Listener at 127.0.0.1/37791] INFO  http.HttpServer2 (HttpServer2.java:addFilter(1015)) - Added filter static_user_filter (class=org.apache.hadoop.http.lib.StaticUserWebFilter$StaticUserFilter) to context static
2022-10-16 13:14:47,134 [Listener at 127.0.0.1/37791] INFO  http.HttpServer2 (HttpServer2.java:bindListener(1250)) - Jetty bound to port 35047
2022-10-16 13:14:47,134 [Listener at 127.0.0.1/37791] INFO  server.Server (Server.java:doStart(375)) - jetty-9.4.43.v20210629; built: 2021-06-30T11:07:22.254Z; git: 526006ecfa3af7f1a27ef3a288e2bef7ea9dd7e8; jvm 1.8.0_345-b01
2022-10-16 13:14:47,135 [Listener at 127.0.0.1/37791] INFO  server.session (DefaultSessionIdManager.java:doStart(334)) - DefaultSessionIdManager workerName=node0
2022-10-16 13:14:47,135 [Listener at 127.0.0.1/37791] INFO  server.session (DefaultSessionIdManager.java:doStart(339)) - No SessionScavenger set, using defaults
2022-10-16 13:14:47,135 [Listener at 127.0.0.1/37791] INFO  server.session (HouseKeeper.java:startScavenging(132)) - node0 Scavenging every 600000ms
2022-10-16 13:14:47,137 [Listener at 127.0.0.1/37791] INFO  handler.ContextHandler (ContextHandler.java:doStart(915)) - Started o.e.j.s.ServletContextHandler@7d89744e{logs,/logs,file:///home/runner/work/ozone/ozone/hadoop-ozone/integration-test/target/log,AVAILABLE}
2022-10-16 13:14:47,138 [Listener at 127.0.0.1/37791] INFO  handler.ContextHandler (ContextHandler.java:doStart(915)) - Started o.e.j.s.ServletContextHandler@1957f07c{static,/static,jar:file:/home/runner/.m2/repository/org/apache/ozone/hdds-container-service/1.3.0-SNAPSHOT/hdds-container-service-1.3.0-SNAPSHOT.jar!/webapps/static,AVAILABLE}
2022-10-16 13:14:47,223 [om1@group-C5BA1605619E-FollowerState] INFO  impl.FollowerState (FollowerState.java:run(143)) - om1@group-C5BA1605619E-FollowerState: change to CANDIDATE, lastRpcElapsedTime:1164412803ns, electionTimeout:1164ms
2022-10-16 13:14:47,223 [om1@group-C5BA1605619E-FollowerState] INFO  impl.RoleInfo (RoleInfo.java:shutdownFollowerState(110)) - om1: shutdown om1@group-C5BA1605619E-FollowerState
2022-10-16 13:14:47,223 [om1@group-C5BA1605619E-FollowerState] INFO  server.RaftServer$Division (RaftServerImpl.java:setRole(299)) - om1@group-C5BA1605619E: changes role from  FOLLOWER to CANDIDATE at term 0 for changeToCandidate
2022-10-16 13:14:47,223 [om1@group-C5BA1605619E-FollowerState] INFO  server.RaftServerConfigKeys (ConfUtils.java:logGet(46)) - raft.server.leaderelection.pre-vote = false (custom)
2022-10-16 13:14:47,223 [om1@group-C5BA1605619E-FollowerState] INFO  impl.RoleInfo (RoleInfo.java:updateAndGet(139)) - om1: start om1@group-C5BA1605619E-LeaderElection8
2022-10-16 13:14:47,233 [om1@group-C5BA1605619E-LeaderElection8] INFO  impl.LeaderElection (LeaderElection.java:askForVotes(310)) - om1@group-C5BA1605619E-LeaderElection8 ELECTION round 0: submit vote requests at term 1 for -1: [om1|rpc:localhost:9872|priority:0], old=null
2022-10-16 13:14:47,233 [om1@group-C5BA1605619E-LeaderElection8] INFO  impl.LeaderElection (LeaderElection.java:askForVotes(312)) - om1@group-C5BA1605619E-LeaderElection8 ELECTION round 0: result PASSED (term=1)
2022-10-16 13:14:47,233 [om1@group-C5BA1605619E-LeaderElection8] INFO  impl.RoleInfo (RoleInfo.java:shutdownLeaderElection(130)) - om1: shutdown om1@group-C5BA1605619E-LeaderElection8
2022-10-16 13:14:47,233 [om1@group-C5BA1605619E-LeaderElection8] INFO  server.RaftServer$Division (RaftServerImpl.java:setRole(299)) - om1@group-C5BA1605619E: changes role from CANDIDATE to LEADER at term 1 for changeToLeader
2022-10-16 13:14:47,233 [om1@group-C5BA1605619E-LeaderElection8] INFO  server.RaftServer$Division (ServerState.java:setLeader(287)) - om1@group-C5BA1605619E: change Leader from null to om1 at term 1 for becomeLeader, leader elected after 1569ms
2022-10-16 13:14:47,233 [om1@group-C5BA1605619E-LeaderElection8] INFO  server.RaftServerConfigKeys (ConfUtils.java:logGet(46)) - raft.server.staging.catchup.gap = 1000 (default)
2022-10-16 13:14:47,236 [om1@group-C5BA1605619E-LeaderElection8] INFO  server.RaftServerConfigKeys (ConfUtils.java:logGet(46)) - raft.server.write.element-limit = 4096 (default)
2022-10-16 13:14:47,237 [om1@group-C5BA1605619E-LeaderElection8] INFO  server.RaftServerConfigKeys (ConfUtils.java:logGet(46)) - raft.server.write.byte-limit = 64MB (=67108864) (default)
2022-10-16 13:14:47,241 [om1@group-C5BA1605619E-LeaderElection8] INFO  server.RaftServerConfigKeys (ConfUtils.java:logGet(46)) - raft.server.watch.timeout = 10s (default)
2022-10-16 13:14:47,241 [om1@group-C5BA1605619E-LeaderElection8] INFO  server.RaftServerConfigKeys (ConfUtils.java:logGet(46)) - raft.server.watch.timeout.denomination = 1s (default)
2022-10-16 13:14:47,241 [om1@group-C5BA1605619E-LeaderElection8] INFO  server.RaftServerConfigKeys (ConfUtils.java:logGet(46)) - raft.server.watch.element-limit = 65536 (default)
2022-10-16 13:14:47,241 [om1@group-C5BA1605619E-LeaderElection8] INFO  server.RaftServerConfigKeys (ConfUtils.java:logGet(46)) - raft.server.write.element-limit = 4096 (default)
2022-10-16 13:14:47,241 [om1@group-C5BA1605619E-LeaderElection8] INFO  server.RaftServerConfigKeys (ConfUtils.java:logGet(46)) - raft.server.write.follower.gap.ratio.max = -1.0 (default)
2022-10-16 13:14:47,241 [om1@group-C5BA1605619E-LeaderElection8] INFO  impl.RoleInfo (RoleInfo.java:updateAndGet(139)) - om1: start om1@group-C5BA1605619E-LeaderStateImpl
2022-10-16 13:14:47,244 [om1@group-C5BA1605619E-LeaderElection8] INFO  segmented.SegmentedRaftLogWorker (SegmentedRaftLogWorker.java:startLogSegment(425)) - om1@group-C5BA1605619E-SegmentedRaftLogWorker: Starting segment from index:0
2022-10-16 13:14:47,256 [om1@group-C5BA1605619E-LeaderElection8] INFO  server.RaftServer$Division (ServerState.java:setRaftConf(393)) - om1@group-C5BA1605619E: set configuration 0: [om1|rpc:localhost:9872|admin:|client:|dataStream:|priority:0], old=null
2022-10-16 13:14:47,257 [om1@group-C5BA1605619E-SegmentedRaftLogWorker] INFO  segmented.SegmentedRaftLogWorker (SegmentedRaftLogWorker.java:execute(629)) - om1@group-C5BA1605619E-SegmentedRaftLogWorker: created new log segment /home/runner/work/ozone/ozone/hadoop-ozone/integration-test/target/test-dir/MiniOzoneClusterImpl-1260e40a-66d4-47e7-b895-29d827f4fcd0/ozone-meta/ratis/bf265839-605b-3f16-9796-c5ba1605619e/current/log_inprogress_0
2022-10-16 13:14:47,259 [om1@group-C5BA1605619E-StateMachineUpdater] INFO  ratis.OzoneManagerStateMachine (OzoneManagerStateMachine.java:notifyConfigurationChanged(192)) - Received Configuration change notification from Ratis. New Peer list:
[id: "om1"
address: "localhost:9872"
]
2022-10-16 13:14:47,304 [ReplicationMonitor] INFO  replication.ReplicationManager (ReplicationManager.java:processAll(291)) - Replication Manager is not ready to run until 3000ms after safemode exit
2022-10-16 13:14:47,308 [Listener at 127.0.0.1/37791] INFO  handler.ContextHandler (ContextHandler.java:doStart(915)) - Started o.e.j.w.WebAppContext@3abea099{hddsDatanode,/,file:///tmp/jetty-0_0_0_0-35047-hdds-container-service-1_3_0-SNAPSHOT_jar-_-any-2459279749848334069/webapp/,AVAILABLE}{jar:file:/home/runner/.m2/repository/org/apache/ozone/hdds-container-service/1.3.0-SNAPSHOT/hdds-container-service-1.3.0-SNAPSHOT.jar!/webapps/hddsDatanode}
2022-10-16 13:14:47,309 [Listener at 127.0.0.1/37791] INFO  server.AbstractConnector (AbstractConnector.java:doStart(331)) - Started ServerConnector@4907e456{HTTP/1.1, (http/1.1)}{0.0.0.0:35047}
2022-10-16 13:14:47,309 [Listener at 127.0.0.1/37791] INFO  server.Server (Server.java:doStart(415)) - Started @68521ms
2022-10-16 13:14:47,309 [Listener at 127.0.0.1/37791] WARN  impl.MetricsSystemImpl (MetricsSystemImpl.java:register(279)) - Sink prometheus already exists!
2022-10-16 13:14:47,309 [Listener at 127.0.0.1/37791] INFO  http.BaseHttpServer (BaseHttpServer.java:updateConnectorAddress(333)) - HTTP server of hddsDatanode listening at http://0.0.0.0:35047
2022-10-16 13:14:47,310 [Datanode State Machine Daemon Thread] INFO  statemachine.DatanodeStateMachine (DatanodeStateMachine.java:lambda$startDaemon$0(492)) - Ozone container server started.
2022-10-16 13:14:47,310 [Listener at 127.0.0.1/37791] WARN  impl.MetricRegistriesImpl (MetricRegistriesImpl.java:addReporterRegistration(111)) - New reporters are added after registries were created. Some metrics will be missing from the reporter. Please add reporter before adding any new registry.
2022-10-16 13:14:47,313 [Listener at 127.0.0.1/37791] WARN  impl.MetricRegistriesImpl (MetricRegistriesImpl.java:addReporterRegistration(111)) - New reporters are added after registries were created. Some metrics will be missing from the reporter. Please add reporter before adding any new registry.
2022-10-16 13:14:47,313 [Listener at 127.0.0.1/37791] INFO  impl.MetricsSystemImpl (MetricsSystemImpl.java:init(158)) - HddsDatanode metrics system started (again)
2022-10-16 13:14:47,321 [org.apache.hadoop.util.JvmPauseMonitor$Monitor@b2995c0] INFO  util.JvmPauseMonitor (JvmPauseMonitor.java:run(188)) - Starting JVM pause monitor
2022-10-16 13:14:47,324 [Listener at 127.0.0.1/37791] INFO  ozone.HddsDatanodeService (HddsDatanodeService.java:start(236)) - HddsDatanodeService host:fv-az308-250.etcbaq1qs54eplwmrjlabigyle.cx.internal.cloudapp.net ip:10.1.0.60
2022-10-16 13:14:47,326 [Datanode State Machine Task Thread - 0] INFO  datanode.InitDatanodeState (InitDatanodeState.java:persistContainerDatanodeDetails(138)) - DatanodeDetails is persisted to /home/runner/work/ozone/ozone/hadoop-ozone/integration-test/target/test-dir/MiniOzoneClusterImpl-1260e40a-66d4-47e7-b895-29d827f4fcd0/datanode-3/meta/datanode.id
2022-10-16 13:14:47,350 [Listener at 127.0.0.1/37791] INFO  upgrade.AbstractLayoutVersionManager (AbstractLayoutVersionManager.java:init(83)) - Initializing Layout version manager with metadata layout = DATANODE_SCHEMA_V3 (version = 4), software layout = DATANODE_SCHEMA_V3 (version = 4)
2022-10-16 13:14:47,428 [Listener at 127.0.0.1/37791] INFO  reflections.Reflections (Reflections.java:scan(232)) - Reflections took 77 ms to scan 7 urls, producing 137 keys and 328 values 
2022-10-16 13:14:47,429 [Listener at 127.0.0.1/37791] INFO  statemachine.DatanodeStateMachine (DatanodeStateMachine.java:getEndPointTaskThreadPoolSize(237)) - Datanode State Machine Task Thread Pool size 2
2022-10-16 13:14:47,431 [Listener at 127.0.0.1/37791] INFO  volume.HddsVolume (HddsVolume.java:<init>(117)) - Creating HddsVolume: /home/runner/work/ozone/ozone/hadoop-ozone/integration-test/target/test-dir/MiniOzoneClusterImpl-1260e40a-66d4-47e7-b895-29d827f4fcd0/datanode-4/data-0/containers/hdds of storage type : DISK capacity : 9223372036854775807
2022-10-16 13:14:47,431 [Listener at 127.0.0.1/37791] INFO  volume.MutableVolumeSet (MutableVolumeSet.java:initializeVolumeSet(174)) - Added Volume : /home/runner/work/ozone/ozone/hadoop-ozone/integration-test/target/test-dir/MiniOzoneClusterImpl-1260e40a-66d4-47e7-b895-29d827f4fcd0/datanode-4/data-0/containers/hdds to VolumeSet
2022-10-16 13:14:47,431 [Listener at 127.0.0.1/37791] INFO  volume.ThrottledAsyncChecker (ThrottledAsyncChecker.java:schedule(141)) - Scheduling a check for /home/runner/work/ozone/ozone/hadoop-ozone/integration-test/target/test-dir/MiniOzoneClusterImpl-1260e40a-66d4-47e7-b895-29d827f4fcd0/datanode-4/data-0/containers/hdds
2022-10-16 13:14:47,432 [Listener at 127.0.0.1/37791] INFO  volume.StorageVolumeChecker (StorageVolumeChecker.java:checkAllVolumes(202)) - Scheduled health check for volume /home/runner/work/ozone/ozone/hadoop-ozone/integration-test/target/test-dir/MiniOzoneClusterImpl-1260e40a-66d4-47e7-b895-29d827f4fcd0/datanode-4/data-0/containers/hdds
2022-10-16 13:14:47,442 [Listener at 127.0.0.1/37791] INFO  volume.MutableVolumeSet (MutableVolumeSet.java:initializeVolumeSet(174)) - Added Volume : /home/runner/work/ozone/ozone/hadoop-ozone/integration-test/target/test-dir/MiniOzoneClusterImpl-1260e40a-66d4-47e7-b895-29d827f4fcd0/datanode-4/data/ratis to VolumeSet
2022-10-16 13:14:47,442 [Listener at 127.0.0.1/37791] INFO  volume.ThrottledAsyncChecker (ThrottledAsyncChecker.java:schedule(141)) - Scheduling a check for /home/runner/work/ozone/ozone/hadoop-ozone/integration-test/target/test-dir/MiniOzoneClusterImpl-1260e40a-66d4-47e7-b895-29d827f4fcd0/datanode-4/data/ratis
2022-10-16 13:14:47,442 [Listener at 127.0.0.1/37791] INFO  volume.StorageVolumeChecker (StorageVolumeChecker.java:checkAllVolumes(202)) - Scheduled health check for volume /home/runner/work/ozone/ozone/hadoop-ozone/integration-test/target/test-dir/MiniOzoneClusterImpl-1260e40a-66d4-47e7-b895-29d827f4fcd0/datanode-4/data/ratis
2022-10-16 13:14:47,452 [Thread-1025] INFO  ozoneimpl.ContainerReader (ContainerReader.java:readVolume(175)) - Finish verifying containers on volume /home/runner/work/ozone/ozone/hadoop-ozone/integration-test/target/test-dir/MiniOzoneClusterImpl-1260e40a-66d4-47e7-b895-29d827f4fcd0/datanode-4/data-0/containers/hdds
2022-10-16 13:14:47,452 [Listener at 127.0.0.1/37791] INFO  ozoneimpl.OzoneContainer (OzoneContainer.java:buildContainerSet(300)) - Build ContainerSet costs 0s
2022-10-16 13:14:47,455 [Listener at 127.0.0.1/37791] INFO  server.RaftServer (ConfUtils.java:logGet(46)) - raft.rpc.type = GRPC (default)
2022-10-16 13:14:47,456 [Listener at 127.0.0.1/37791] INFO  grpc.GrpcFactory (GrpcFactory.java:checkPooledByteBufAllocatorUseCacheForAllThreads(48)) - PERFORMANCE WARNING: useCacheForAllThreads is true that may cause Netty to create a lot garbage objects and, as a result, trigger GC.
	It is recommended to disable useCacheForAllThreads by setting -Dorg.apache.ratis.thirdparty.io.netty.allocator.useCacheForAllThreads=false in command line.
2022-10-16 13:14:47,456 [Listener at 127.0.0.1/37791] INFO  grpc.GrpcConfigKeys (ConfUtils.java:logGet(46)) - raft.grpc.admin.port = 0 (custom)
2022-10-16 13:14:47,456 [Listener at 127.0.0.1/37791] INFO  grpc.GrpcConfigKeys (ConfUtils.java:logGet(46)) - raft.grpc.client.port = 0 (custom)
2022-10-16 13:14:47,456 [Listener at 127.0.0.1/37791] INFO  grpc.GrpcConfigKeys (ConfUtils.java:logGet(46)) - raft.grpc.server.port = 0 (default)
2022-10-16 13:14:47,456 [Listener at 127.0.0.1/37791] INFO  server.GrpcService (ConfUtils.java:logGet(46)) - raft.grpc.message.size.max = 32MB (=33554432) (custom)
2022-10-16 13:14:47,456 [Listener at 127.0.0.1/37791] INFO  server.RaftServerConfigKeys (ConfUtils.java:logGet(46)) - raft.server.log.appender.buffer.byte-limit = 33554432 (custom)
2022-10-16 13:14:47,456 [Listener at 127.0.0.1/37791] INFO  server.GrpcService (ConfUtils.java:logGet(46)) - raft.grpc.flow.control.window = 5MB (=5242880) (custom)
2022-10-16 13:14:47,456 [Listener at 127.0.0.1/37791] INFO  server.RaftServerConfigKeys (ConfUtils.java:logGet(46)) - raft.server.rpc.request.timeout = 60s (custom)
2022-10-16 13:14:47,456 [Listener at 127.0.0.1/37791] INFO  grpc.GrpcConfigKeys (ConfUtils.java:logGet(46)) - raft.grpc.server.async.request.thread.pool.cached = true (default)
2022-10-16 13:14:47,456 [Listener at 127.0.0.1/37791] INFO  grpc.GrpcConfigKeys (ConfUtils.java:logGet(46)) - raft.grpc.server.async.request.thread.pool.size = 32 (default)
2022-10-16 13:14:47,457 [Listener at 127.0.0.1/37791] INFO  impl.DataStreamServerImpl (ConfUtils.java:logGet(46)) - raft.datastream.type = DISABLED (default)
2022-10-16 13:14:47,457 [Listener at 127.0.0.1/37791] INFO  server.RaftServerConfigKeys (ConfUtils.java:logGet(46)) - raft.server.threadpool.proxy.cached = true (default)
2022-10-16 13:14:47,457 [Listener at 127.0.0.1/37791] INFO  server.RaftServerConfigKeys (ConfUtils.java:logGet(46)) - raft.server.threadpool.proxy.size = 0 (default)
2022-10-16 13:14:47,457 [Listener at 127.0.0.1/37791] INFO  server.RaftServerConfigKeys (ConfUtils.java:logGet(46)) - raft.server.rpc.slowness.timeout = 300s (custom)
2022-10-16 13:14:47,457 [Listener at 127.0.0.1/37791] INFO  server.RaftServerConfigKeys (ConfUtils.java:logGet(46)) - raft.server.leaderelection.leader.step-down.wait-time = 10s (default)
2022-10-16 13:14:47,458 [Listener at 127.0.0.1/37791] INFO  server.RaftServerConfigKeys (ConfUtils.java:logGet(46)) - raft.server.storage.dir = [/home/runner/work/ozone/ozone/hadoop-ozone/integration-test/target/test-dir/MiniOzoneClusterImpl-1260e40a-66d4-47e7-b895-29d827f4fcd0/datanode-4/data/ratis] (custom)
2022-10-16 13:14:47,461 [Listener at 127.0.0.1/37791] INFO  server.XceiverServerGrpc (XceiverServerGrpc.java:<init>(132)) - GrpcServer channel type EpollServerSocketChannel
2022-10-16 13:14:47,468 [Listener at 127.0.0.1/37791] INFO  http.BaseHttpServer (BaseHttpServer.java:newHttpServer2BuilderForOzone(213)) - Starting Web-server for hddsDatanode at: http://0.0.0.0:0
2022-10-16 13:14:47,468 [Listener at 127.0.0.1/37791] INFO  http.BaseHttpServer (BaseHttpServer.java:<init>(108)) - Hadoop Security Enabled: false Ozone Security Enabled: false Ozone HTTP Security Enabled: false 
2022-10-16 13:14:47,469 [Listener at 127.0.0.1/37791] WARN  server.AuthenticationFilter (AuthenticationFilter.java:constructSecretProvider(240)) - Unable to initialize FileSignerSecretProvider, falling back to use random secrets. Reason: Could not read signature secret file: /home/runner/hadoop-http-auth-signature-secret
2022-10-16 13:14:47,470 [Listener at 127.0.0.1/37791] WARN  http.HttpRequestLog (HttpRequestLog.java:getRequestLog(103)) - Jetty request log can only be enabled using Log4j
2022-10-16 13:14:47,471 [Listener at 127.0.0.1/37791] INFO  http.HttpServer2 (HttpServer2.java:addGlobalFilter(1031)) - Added global filter 'safety' (class=org.apache.hadoop.hdds.server.http.HttpServer2$QuotingInputFilter)
2022-10-16 13:14:47,472 [Listener at 127.0.0.1/37791] INFO  http.HttpServer2 (HttpServer2.java:addFilter(1007)) - Added filter static_user_filter (class=org.apache.hadoop.http.lib.StaticUserWebFilter$StaticUserFilter) to context hddsDatanode
2022-10-16 13:14:47,472 [Listener at 127.0.0.1/37791] INFO  http.HttpServer2 (HttpServer2.java:addFilter(1015)) - Added filter static_user_filter (class=org.apache.hadoop.http.lib.StaticUserWebFilter$StaticUserFilter) to context static
2022-10-16 13:14:47,472 [Listener at 127.0.0.1/37791] INFO  http.HttpServer2 (HttpServer2.java:addFilter(1015)) - Added filter static_user_filter (class=org.apache.hadoop.http.lib.StaticUserWebFilter$StaticUserFilter) to context logs
2022-10-16 13:14:47,472 [Listener at 127.0.0.1/37791] INFO  http.HttpServer2 (HttpServer2.java:bindListener(1250)) - Jetty bound to port 39233
2022-10-16 13:14:47,472 [Listener at 127.0.0.1/37791] INFO  server.Server (Server.java:doStart(375)) - jetty-9.4.43.v20210629; built: 2021-06-30T11:07:22.254Z; git: 526006ecfa3af7f1a27ef3a288e2bef7ea9dd7e8; jvm 1.8.0_345-b01
2022-10-16 13:14:47,474 [Listener at 127.0.0.1/37791] INFO  server.session (DefaultSessionIdManager.java:doStart(334)) - DefaultSessionIdManager workerName=node0
2022-10-16 13:14:47,474 [Listener at 127.0.0.1/37791] INFO  server.session (DefaultSessionIdManager.java:doStart(339)) - No SessionScavenger set, using defaults
2022-10-16 13:14:47,474 [Listener at 127.0.0.1/37791] INFO  server.session (HouseKeeper.java:startScavenging(132)) - node0 Scavenging every 660000ms
2022-10-16 13:14:47,475 [Listener at 127.0.0.1/37791] INFO  handler.ContextHandler (ContextHandler.java:doStart(915)) - Started o.e.j.s.ServletContextHandler@7eff8f97{logs,/logs,file:///home/runner/work/ozone/ozone/hadoop-ozone/integration-test/target/log,AVAILABLE}
2022-10-16 13:14:47,475 [Listener at 127.0.0.1/37791] INFO  handler.ContextHandler (ContextHandler.java:doStart(915)) - Started o.e.j.s.ServletContextHandler@2b660b65{static,/static,jar:file:/home/runner/.m2/repository/org/apache/ozone/hdds-container-service/1.3.0-SNAPSHOT/hdds-container-service-1.3.0-SNAPSHOT.jar!/webapps/static,AVAILABLE}
2022-10-16 13:14:47,636 [Listener at 127.0.0.1/37791] INFO  handler.ContextHandler (ContextHandler.java:doStart(915)) - Started o.e.j.w.WebAppContext@3d626d7a{hddsDatanode,/,file:///tmp/jetty-0_0_0_0-39233-hdds-container-service-1_3_0-SNAPSHOT_jar-_-any-354637404671686007/webapp/,AVAILABLE}{jar:file:/home/runner/.m2/repository/org/apache/ozone/hdds-container-service/1.3.0-SNAPSHOT/hdds-container-service-1.3.0-SNAPSHOT.jar!/webapps/hddsDatanode}
2022-10-16 13:14:47,637 [Listener at 127.0.0.1/37791] INFO  server.AbstractConnector (AbstractConnector.java:doStart(331)) - Started ServerConnector@383fd5ca{HTTP/1.1, (http/1.1)}{0.0.0.0:39233}
2022-10-16 13:14:47,638 [Listener at 127.0.0.1/37791] INFO  server.Server (Server.java:doStart(415)) - Started @68850ms
2022-10-16 13:14:47,638 [Listener at 127.0.0.1/37791] WARN  impl.MetricsSystemImpl (MetricsSystemImpl.java:register(279)) - Sink prometheus already exists!
2022-10-16 13:14:47,638 [Listener at 127.0.0.1/37791] INFO  http.BaseHttpServer (BaseHttpServer.java:updateConnectorAddress(333)) - HTTP server of hddsDatanode listening at http://0.0.0.0:39233
2022-10-16 13:14:47,639 [Datanode State Machine Daemon Thread] INFO  statemachine.DatanodeStateMachine (DatanodeStateMachine.java:lambda$startDaemon$0(492)) - Ozone container server started.
2022-10-16 13:14:47,639 [Listener at 127.0.0.1/37791] INFO  ozone.MiniOzoneClusterImpl (MiniOzoneClusterImpl.java:lambda$waitForClusterToBeReady$0(216)) - Waiting for nodes to be ready. Got 0 of 5 DN Heartbeats.
2022-10-16 13:14:47,641 [Listener at 127.0.0.1/37791] INFO  ozone.MiniOzoneClusterImpl (MiniOzoneClusterImpl.java:lambda$waitForClusterToBeReady$0(219)) - Waiting for cluster to exit safe mode
2022-10-16 13:14:47,641 [Listener at 127.0.0.1/37791] INFO  ozone.MiniOzoneClusterImpl (MiniOzoneClusterImpl.java:lambda$waitForClusterToBeReady$0(221)) - SCM became leader
2022-10-16 13:14:47,647 [org.apache.hadoop.util.JvmPauseMonitor$Monitor@5cfde22f] INFO  util.JvmPauseMonitor (JvmPauseMonitor.java:run(188)) - Starting JVM pause monitor
2022-10-16 13:14:47,648 [Datanode State Machine Task Thread - 0] INFO  datanode.InitDatanodeState (InitDatanodeState.java:persistContainerDatanodeDetails(138)) - DatanodeDetails is persisted to /home/runner/work/ozone/ozone/hadoop-ozone/integration-test/target/test-dir/MiniOzoneClusterImpl-1260e40a-66d4-47e7-b895-29d827f4fcd0/datanode-4/meta/datanode.id
2022-10-16 13:14:48,028 [EventQueue-StaleNodeForStaleNodeHandler] INFO  node.StaleNodeHandler (StaleNodeHandler.java:onMessage(59)) - Datanode d6bb9e09-7a5d-4d11-b65a-7cc5dc53b33d{ip: 10.1.0.60, host: fv-az308-250.etcbaq1qs54eplwmrjlabigyle.cx.internal.cloudapp.net, ports: [REPLICATION=33315, RATIS=35493, RATIS_ADMIN=35493, RATIS_SERVER=35493, STANDALONE=43787], networkLocation: /default-rack, certSerialId: null, persistedOpState: IN_SERVICE, persistedOpStateExpiryEpochSec: 0} moved to stale state. Finalizing its pipelines [PipelineID=6cd84686-a9da-4b28-b289-25894138464c]
2022-10-16 13:14:48,029 [EventQueue-StaleNodeForStaleNodeHandler] INFO  pipeline.PipelineManagerImpl (PipelineManagerImpl.java:closePipeline(442)) - Pipeline Pipeline[ Id: 6cd84686-a9da-4b28-b289-25894138464c, Nodes: d6bb9e09-7a5d-4d11-b65a-7cc5dc53b33d{ip: 10.1.0.60, host: fv-az308-250.etcbaq1qs54eplwmrjlabigyle.cx.internal.cloudapp.net, ports: [REPLICATION=33315, RATIS=35493, RATIS_ADMIN=35493, RATIS_SERVER=35493, STANDALONE=43787], networkLocation: /default-rack, certSerialId: null, persistedOpState: IN_SERVICE, persistedOpStateExpiryEpochSec: 0}, ReplicationConfig: RATIS/ONE, State:OPEN, leaderId:d6bb9e09-7a5d-4d11-b65a-7cc5dc53b33d, CreationTimestamp2022-10-16T13:13:51.688Z[Etc/UTC]] moved to CLOSED state
2022-10-16 13:14:48,049 [ReplicationMonitor] INFO  replication.LegacyReplicationManager (LegacyReplicationManager.java:sendCloseCommand(1512)) - Sending close container command for container #1 to datanode 56a38eed-0cc2-4715-835e-d068c92ebf74{ip: 10.1.0.60, host: fv-az308-250.etcbaq1qs54eplwmrjlabigyle.cx.internal.cloudapp.net, ports: [REPLICATION=33567, RATIS=40671, RATIS_ADMIN=40671, RATIS_SERVER=40671, STANDALONE=37693], networkLocation: /default-rack, certSerialId: null, persistedOpState: IN_SERVICE, persistedOpStateExpiryEpochSec: 0}.
2022-10-16 13:14:48,049 [ReplicationMonitor] INFO  replication.LegacyReplicationManager (LegacyReplicationManager.java:sendCloseCommand(1512)) - Sending close container command for container #2 to datanode 56a38eed-0cc2-4715-835e-d068c92ebf74{ip: 10.1.0.60, host: fv-az308-250.etcbaq1qs54eplwmrjlabigyle.cx.internal.cloudapp.net, ports: [REPLICATION=33567, RATIS=40671, RATIS_ADMIN=40671, RATIS_SERVER=40671, STANDALONE=37693], networkLocation: /default-rack, certSerialId: null, persistedOpState: IN_SERVICE, persistedOpStateExpiryEpochSec: 0}.
2022-10-16 13:14:48,049 [ReplicationMonitor] INFO  replication.LegacyReplicationManager (LegacyReplicationManager.java:sendCloseCommand(1512)) - Sending close container command for container #3 to datanode 56a38eed-0cc2-4715-835e-d068c92ebf74{ip: 10.1.0.60, host: fv-az308-250.etcbaq1qs54eplwmrjlabigyle.cx.internal.cloudapp.net, ports: [REPLICATION=33567, RATIS=40671, RATIS_ADMIN=40671, RATIS_SERVER=40671, STANDALONE=37693], networkLocation: /default-rack, certSerialId: null, persistedOpState: IN_SERVICE, persistedOpStateExpiryEpochSec: 0}.
2022-10-16 13:14:48,049 [ReplicationMonitor] INFO  replication.ReplicationManager (ReplicationManager.java:sendCloseContainerReplicaCommand(467)) - Sending close container command for container #4 to datanode 56a38eed-0cc2-4715-835e-d068c92ebf74{ip: 10.1.0.60, host: fv-az308-250.etcbaq1qs54eplwmrjlabigyle.cx.internal.cloudapp.net, ports: [REPLICATION=33567, RATIS=40671, RATIS_ADMIN=40671, RATIS_SERVER=40671, STANDALONE=37693], networkLocation: /default-rack, certSerialId: null, persistedOpState: IN_SERVICE, persistedOpStateExpiryEpochSec: 0}.
2022-10-16 13:14:48,049 [ReplicationMonitor] INFO  replication.ReplicationManager (ReplicationManager.java:sendCloseContainerReplicaCommand(467)) - Sending close container command for container #4 to datanode 38a9bf41-2224-4aa1-adc3-26a20af34a93{ip: 10.1.0.60, host: fv-az308-250.etcbaq1qs54eplwmrjlabigyle.cx.internal.cloudapp.net, ports: [REPLICATION=37823, RATIS=37671, RATIS_ADMIN=37671, RATIS_SERVER=37671, STANDALONE=34011], networkLocation: /default-rack, certSerialId: null, persistedOpState: IN_SERVICE, persistedOpStateExpiryEpochSec: 0}.
2022-10-16 13:14:48,049 [ReplicationMonitor] INFO  replication.ReplicationManager (ReplicationManager.java:sendCloseContainerReplicaCommand(467)) - Sending close container command for container #5 to datanode 38a9bf41-2224-4aa1-adc3-26a20af34a93{ip: 10.1.0.60, host: fv-az308-250.etcbaq1qs54eplwmrjlabigyle.cx.internal.cloudapp.net, ports: [REPLICATION=37823, RATIS=37671, RATIS_ADMIN=37671, RATIS_SERVER=37671, STANDALONE=34011], networkLocation: /default-rack, certSerialId: null, persistedOpState: IN_SERVICE, persistedOpStateExpiryEpochSec: 0}.
2022-10-16 13:14:48,049 [ReplicationMonitor] INFO  replication.ReplicationManager (ReplicationManager.java:sendCloseContainerReplicaCommand(467)) - Sending close container command for container #5 to datanode 56a38eed-0cc2-4715-835e-d068c92ebf74{ip: 10.1.0.60, host: fv-az308-250.etcbaq1qs54eplwmrjlabigyle.cx.internal.cloudapp.net, ports: [REPLICATION=33567, RATIS=40671, RATIS_ADMIN=40671, RATIS_SERVER=40671, STANDALONE=37693], networkLocation: /default-rack, certSerialId: null, persistedOpState: IN_SERVICE, persistedOpStateExpiryEpochSec: 0}.
2022-10-16 13:14:48,049 [ReplicationMonitor] INFO  replication.ReplicationManager (ReplicationManager.java:sendCloseContainerReplicaCommand(467)) - Sending close container command for container #6 to datanode 38a9bf41-2224-4aa1-adc3-26a20af34a93{ip: 10.1.0.60, host: fv-az308-250.etcbaq1qs54eplwmrjlabigyle.cx.internal.cloudapp.net, ports: [REPLICATION=37823, RATIS=37671, RATIS_ADMIN=37671, RATIS_SERVER=37671, STANDALONE=34011], networkLocation: /default-rack, certSerialId: null, persistedOpState: IN_SERVICE, persistedOpStateExpiryEpochSec: 0}.
2022-10-16 13:14:48,049 [ReplicationMonitor] INFO  replication.ReplicationManager (ReplicationManager.java:sendCloseContainerReplicaCommand(467)) - Sending close container command for container #6 to datanode 56a38eed-0cc2-4715-835e-d068c92ebf74{ip: 10.1.0.60, host: fv-az308-250.etcbaq1qs54eplwmrjlabigyle.cx.internal.cloudapp.net, ports: [REPLICATION=33567, RATIS=40671, RATIS_ADMIN=40671, RATIS_SERVER=40671, STANDALONE=37693], networkLocation: /default-rack, certSerialId: null, persistedOpState: IN_SERVICE, persistedOpStateExpiryEpochSec: 0}.
2022-10-16 13:14:48,049 [ReplicationMonitor] INFO  replication.ReplicationManager (ReplicationManager.java:sendCloseContainerReplicaCommand(467)) - Sending close container command for container #6 to datanode d6bb9e09-7a5d-4d11-b65a-7cc5dc53b33d{ip: 10.1.0.60, host: fv-az308-250.etcbaq1qs54eplwmrjlabigyle.cx.internal.cloudapp.net, ports: [REPLICATION=33315, RATIS=35493, RATIS_ADMIN=35493, RATIS_SERVER=35493, STANDALONE=43787], networkLocation: /default-rack, certSerialId: null, persistedOpState: IN_SERVICE, persistedOpStateExpiryEpochSec: 0}.
2022-10-16 13:14:48,049 [ReplicationMonitor] INFO  replication.ReplicationManager (ReplicationManager.java:sendCloseContainerReplicaCommand(467)) - Sending close container command for container #7 to datanode 56a38eed-0cc2-4715-835e-d068c92ebf74{ip: 10.1.0.60, host: fv-az308-250.etcbaq1qs54eplwmrjlabigyle.cx.internal.cloudapp.net, ports: [REPLICATION=33567, RATIS=40671, RATIS_ADMIN=40671, RATIS_SERVER=40671, STANDALONE=37693], networkLocation: /default-rack, certSerialId: null, persistedOpState: IN_SERVICE, persistedOpStateExpiryEpochSec: 0}.
2022-10-16 13:14:48,049 [ReplicationMonitor] INFO  replication.ReplicationManager (ReplicationManager.java:sendCloseContainerReplicaCommand(467)) - Sending close container command for container #7 to datanode 38a9bf41-2224-4aa1-adc3-26a20af34a93{ip: 10.1.0.60, host: fv-az308-250.etcbaq1qs54eplwmrjlabigyle.cx.internal.cloudapp.net, ports: [REPLICATION=37823, RATIS=37671, RATIS_ADMIN=37671, RATIS_SERVER=37671, STANDALONE=34011], networkLocation: /default-rack, certSerialId: null, persistedOpState: IN_SERVICE, persistedOpStateExpiryEpochSec: 0}.
2022-10-16 13:14:48,049 [ReplicationMonitor] INFO  replication.ReplicationManager (ReplicationManager.java:processAll(324)) - Replication Monitor Thread took 1 milliseconds for processing 7 containers.
2022-10-16 13:14:48,304 [ReplicationMonitor] INFO  replication.ReplicationManager (ReplicationManager.java:processAll(291)) - Replication Manager is not ready to run until 3000ms after safemode exit
2022-10-16 13:14:48,451 [EndpointStateMachine task thread for /0.0.0.0:36793 - 0 ] INFO  volume.HddsVolume (HddsVolume.java:createDbStore(307)) - SchemaV3 db is created and loaded at /home/runner/work/ozone/ozone/hadoop-ozone/integration-test/target/test-dir/MiniOzoneClusterImpl-1260e40a-66d4-47e7-b895-29d827f4fcd0/datanode-0/data-0/containers/hdds/1260e40a-66d4-47e7-b895-29d827f4fcd0/DS-1f76ac57-6303-4a80-bc3e-d2b99dc7a6ff/container.db for volume DS-1f76ac57-6303-4a80-bc3e-d2b99dc7a6ff
2022-10-16 13:14:48,452 [EndpointStateMachine task thread for /0.0.0.0:36793 - 0 ] INFO  volume.HddsVolume (HddsVolume.java:closeDbStore(338)) - SchemaV3 db is stopped at /home/runner/work/ozone/ozone/hadoop-ozone/integration-test/target/test-dir/MiniOzoneClusterImpl-1260e40a-66d4-47e7-b895-29d827f4fcd0/datanode-0/data-0/containers/hdds/1260e40a-66d4-47e7-b895-29d827f4fcd0/DS-1f76ac57-6303-4a80-bc3e-d2b99dc7a6ff/container.db for volume DS-1f76ac57-6303-4a80-bc3e-d2b99dc7a6ff
2022-10-16 13:14:48,452 [EndpointStateMachine task thread for /0.0.0.0:36793 - 0 ] INFO  ozoneimpl.OzoneContainer (OzoneContainer.java:start(378)) - Attempting to start container services.
2022-10-16 13:14:48,452 [EndpointStateMachine task thread for /0.0.0.0:36793 - 0 ] INFO  ozoneimpl.OzoneContainer (OzoneContainer.java:startContainerScrub(313)) - Background container scanner has been disabled.
2022-10-16 13:14:48,454 [EndpointStateMachine task thread for /0.0.0.0:36793 - 0 ] INFO  replication.ReplicationServer (ReplicationServer.java:start(111)) - ReplicationServer is started using port 39613
2022-10-16 13:14:48,455 [EndpointStateMachine task thread for /0.0.0.0:36793 - 0 ] INFO  ratis.XceiverServerRatis (XceiverServerRatis.java:start(481)) - Starting XceiverServerRatis 48438861-3901-41c2-841c-a6894bcecd85
2022-10-16 13:14:48,455 [EndpointStateMachine task thread for /0.0.0.0:36793 - 0 ] INFO  server.RaftServer (RaftServerProxy.java:lambda$start$6(382)) - 48438861-3901-41c2-841c-a6894bcecd85: start RPC server
2022-10-16 13:14:48,459 [EndpointStateMachine task thread for /0.0.0.0:36793 - 0 ] INFO  server.GrpcService (GrpcService.java:startImpl(260)) - 48438861-3901-41c2-841c-a6894bcecd85: GrpcService started, listening on 38415
2022-10-16 13:14:48,459 [EndpointStateMachine task thread for /0.0.0.0:36793 - 0 ] INFO  ratis.XceiverServerRatis (XceiverServerRatis.java:getRealPort(502)) - XceiverServerRatis 48438861-3901-41c2-841c-a6894bcecd85 is started using port 38415 for RATIS
2022-10-16 13:14:48,459 [org.apache.ratis.util.JvmPauseMonitor$$Lambda$639/339294883@6bf87e9e] INFO  util.JvmPauseMonitor (JvmPauseMonitor.java:run(103)) - JvmPauseMonitor-48438861-3901-41c2-841c-a6894bcecd85: Started
2022-10-16 13:14:48,459 [EndpointStateMachine task thread for /0.0.0.0:36793 - 0 ] INFO  ratis.XceiverServerRatis (XceiverServerRatis.java:getRealPort(502)) - XceiverServerRatis 48438861-3901-41c2-841c-a6894bcecd85 is started using port 38415 for RATIS_ADMIN
2022-10-16 13:14:48,459 [EndpointStateMachine task thread for /0.0.0.0:36793 - 0 ] INFO  ratis.XceiverServerRatis (XceiverServerRatis.java:getRealPort(502)) - XceiverServerRatis 48438861-3901-41c2-841c-a6894bcecd85 is started using port 38415 for RATIS_SERVER
2022-10-16 13:14:48,462 [EndpointStateMachine task thread for /0.0.0.0:36793 - 0 ] INFO  server.XceiverServerGrpc (XceiverServerGrpc.java:start(180)) - XceiverServerGrpc 48438861-3901-41c2-841c-a6894bcecd85 is started using port 43943
2022-10-16 13:14:48,641 [Listener at 127.0.0.1/37791] INFO  ozone.MiniOzoneClusterImpl (MiniOzoneClusterImpl.java:lambda$waitForClusterToBeReady$0(216)) - Waiting for nodes to be ready. Got 0 of 5 DN Heartbeats.
2022-10-16 13:14:48,641 [Listener at 127.0.0.1/37791] INFO  ozone.MiniOzoneClusterImpl (MiniOzoneClusterImpl.java:lambda$waitForClusterToBeReady$0(219)) - Waiting for cluster to exit safe mode
2022-10-16 13:14:48,641 [Listener at 127.0.0.1/37791] INFO  ozone.MiniOzoneClusterImpl (MiniOzoneClusterImpl.java:lambda$waitForClusterToBeReady$0(221)) - SCM became leader
2022-10-16 13:14:48,750 [EndpointStateMachine task thread for /0.0.0.0:36793 - 0 ] INFO  volume.HddsVolume (HddsVolume.java:createDbStore(307)) - SchemaV3 db is created and loaded at /home/runner/work/ozone/ozone/hadoop-ozone/integration-test/target/test-dir/MiniOzoneClusterImpl-1260e40a-66d4-47e7-b895-29d827f4fcd0/datanode-1/data-0/containers/hdds/1260e40a-66d4-47e7-b895-29d827f4fcd0/DS-6516e10e-d5c6-4638-9e5d-c1a04797355f/container.db for volume DS-6516e10e-d5c6-4638-9e5d-c1a04797355f
2022-10-16 13:14:48,750 [EndpointStateMachine task thread for /0.0.0.0:36793 - 0 ] INFO  volume.HddsVolume (HddsVolume.java:closeDbStore(338)) - SchemaV3 db is stopped at /home/runner/work/ozone/ozone/hadoop-ozone/integration-test/target/test-dir/MiniOzoneClusterImpl-1260e40a-66d4-47e7-b895-29d827f4fcd0/datanode-1/data-0/containers/hdds/1260e40a-66d4-47e7-b895-29d827f4fcd0/DS-6516e10e-d5c6-4638-9e5d-c1a04797355f/container.db for volume DS-6516e10e-d5c6-4638-9e5d-c1a04797355f
2022-10-16 13:14:48,750 [EndpointStateMachine task thread for /0.0.0.0:36793 - 0 ] INFO  ozoneimpl.OzoneContainer (OzoneContainer.java:start(378)) - Attempting to start container services.
2022-10-16 13:14:48,751 [EndpointStateMachine task thread for /0.0.0.0:36793 - 0 ] INFO  ozoneimpl.OzoneContainer (OzoneContainer.java:startContainerScrub(313)) - Background container scanner has been disabled.
2022-10-16 13:14:48,755 [EndpointStateMachine task thread for /0.0.0.0:36793 - 0 ] INFO  replication.ReplicationServer (ReplicationServer.java:start(111)) - ReplicationServer is started using port 43397
2022-10-16 13:14:48,756 [EndpointStateMachine task thread for /0.0.0.0:36793 - 0 ] INFO  ratis.XceiverServerRatis (XceiverServerRatis.java:start(481)) - Starting XceiverServerRatis 6ff47f3f-d87f-42dc-9b9d-4568dd026d85
2022-10-16 13:14:48,756 [EndpointStateMachine task thread for /0.0.0.0:36793 - 0 ] INFO  server.RaftServer (RaftServerProxy.java:lambda$start$6(382)) - 6ff47f3f-d87f-42dc-9b9d-4568dd026d85: start RPC server
2022-10-16 13:14:48,758 [EndpointStateMachine task thread for /0.0.0.0:36793 - 0 ] INFO  server.GrpcService (GrpcService.java:startImpl(260)) - 6ff47f3f-d87f-42dc-9b9d-4568dd026d85: GrpcService started, listening on 42999
2022-10-16 13:14:48,758 [EndpointStateMachine task thread for /0.0.0.0:36793 - 0 ] INFO  ratis.XceiverServerRatis (XceiverServerRatis.java:getRealPort(502)) - XceiverServerRatis 6ff47f3f-d87f-42dc-9b9d-4568dd026d85 is started using port 42999 for RATIS
2022-10-16 13:14:48,758 [EndpointStateMachine task thread for /0.0.0.0:36793 - 0 ] INFO  ratis.XceiverServerRatis (XceiverServerRatis.java:getRealPort(502)) - XceiverServerRatis 6ff47f3f-d87f-42dc-9b9d-4568dd026d85 is started using port 42999 for RATIS_ADMIN
2022-10-16 13:14:48,758 [org.apache.ratis.util.JvmPauseMonitor$$Lambda$639/339294883@50e9659a] INFO  util.JvmPauseMonitor (JvmPauseMonitor.java:run(103)) - JvmPauseMonitor-6ff47f3f-d87f-42dc-9b9d-4568dd026d85: Started
2022-10-16 13:14:48,758 [EndpointStateMachine task thread for /0.0.0.0:36793 - 0 ] INFO  ratis.XceiverServerRatis (XceiverServerRatis.java:getRealPort(502)) - XceiverServerRatis 6ff47f3f-d87f-42dc-9b9d-4568dd026d85 is started using port 42999 for RATIS_SERVER
2022-10-16 13:14:48,761 [EndpointStateMachine task thread for /0.0.0.0:36793 - 0 ] INFO  server.XceiverServerGrpc (XceiverServerGrpc.java:start(180)) - XceiverServerGrpc 6ff47f3f-d87f-42dc-9b9d-4568dd026d85 is started using port 45749
2022-10-16 13:14:48,830 [EventQueue-DeadNodeForDeadNodeHandler] INFO  node.DeadNodeHandler (DeadNodeHandler.java:onMessage(81)) - A dead datanode is detected. 56a38eed-0cc2-4715-835e-d068c92ebf74{ip: 10.1.0.60, host: fv-az308-250.etcbaq1qs54eplwmrjlabigyle.cx.internal.cloudapp.net, ports: [REPLICATION=33567, RATIS=40671, RATIS_ADMIN=40671, RATIS_SERVER=40671, STANDALONE=37693], networkLocation: /default-rack, certSerialId: null, persistedOpState: IN_SERVICE, persistedOpStateExpiryEpochSec: 0}
2022-10-16 13:14:48,830 [EventQueue-DeadNodeForDeadNodeHandler] INFO  pipeline.RatisPipelineProvider (RatisPipelineProvider.java:lambda$close$1(244)) - Send pipeline:PipelineID=303cd470-5518-4f98-a976-876fee44ed6c close command to datanode 56a38eed-0cc2-4715-835e-d068c92ebf74
2022-10-16 13:14:48,830 [EventQueue-DeadNodeForDeadNodeHandler] INFO  pipeline.PipelineStateManagerImpl (PipelineStateManagerImpl.java:removePipeline(245)) - Pipeline Pipeline[ Id: 303cd470-5518-4f98-a976-876fee44ed6c, Nodes: 56a38eed-0cc2-4715-835e-d068c92ebf74{ip: 10.1.0.60, host: fv-az308-250.etcbaq1qs54eplwmrjlabigyle.cx.internal.cloudapp.net, ports: [REPLICATION=33567, RATIS=40671, RATIS_ADMIN=40671, RATIS_SERVER=40671, STANDALONE=37693], networkLocation: /default-rack, certSerialId: null, persistedOpState: IN_SERVICE, persistedOpStateExpiryEpochSec: 0}, ReplicationConfig: RATIS/ONE, State:CLOSED, leaderId:56a38eed-0cc2-4715-835e-d068c92ebf74, CreationTimestamp2022-10-16T13:13:50.538Z[Etc/UTC]] removed.
2022-10-16 13:14:48,831 [EventQueue-DeadNodeForDeadNodeHandler] INFO  net.NetworkTopologyImpl (NetworkTopologyImpl.java:remove(190)) - Removed a node: /default-rack/56a38eed-0cc2-4715-835e-d068c92ebf74
2022-10-16 13:14:48,832 [EventQueue-DeadNodeForDeadNodeHandler] INFO  node.DeadNodeHandler (DeadNodeHandler.java:onMessage(81)) - A dead datanode is detected. 38a9bf41-2224-4aa1-adc3-26a20af34a93{ip: 10.1.0.60, host: fv-az308-250.etcbaq1qs54eplwmrjlabigyle.cx.internal.cloudapp.net, ports: [REPLICATION=37823, RATIS=37671, RATIS_ADMIN=37671, RATIS_SERVER=37671, STANDALONE=34011], networkLocation: /default-rack, certSerialId: null, persistedOpState: IN_SERVICE, persistedOpStateExpiryEpochSec: 0}
2022-10-16 13:14:48,832 [EventQueue-DeadNodeForDeadNodeHandler] INFO  pipeline.RatisPipelineProvider (RatisPipelineProvider.java:lambda$close$1(244)) - Send pipeline:PipelineID=3ef6c476-1ca6-41ac-93d8-4457fecf7044 close command to datanode 38a9bf41-2224-4aa1-adc3-26a20af34a93
2022-10-16 13:14:48,832 [EventQueue-DeadNodeForDeadNodeHandler] INFO  pipeline.PipelineStateManagerImpl (PipelineStateManagerImpl.java:removePipeline(245)) - Pipeline Pipeline[ Id: 3ef6c476-1ca6-41ac-93d8-4457fecf7044, Nodes: 38a9bf41-2224-4aa1-adc3-26a20af34a93{ip: 10.1.0.60, host: fv-az308-250.etcbaq1qs54eplwmrjlabigyle.cx.internal.cloudapp.net, ports: [REPLICATION=37823, RATIS=37671, RATIS_ADMIN=37671, RATIS_SERVER=37671, STANDALONE=34011], networkLocation: /default-rack, certSerialId: null, persistedOpState: IN_SERVICE, persistedOpStateExpiryEpochSec: 0}, ReplicationConfig: RATIS/ONE, State:CLOSED, leaderId:38a9bf41-2224-4aa1-adc3-26a20af34a93, CreationTimestamp2022-10-16T13:13:51.995Z[Etc/UTC]] removed.
2022-10-16 13:14:48,832 [EventQueue-DeadNodeForDeadNodeHandler] INFO  net.NetworkTopologyImpl (NetworkTopologyImpl.java:remove(190)) - Removed a node: /default-rack/38a9bf41-2224-4aa1-adc3-26a20af34a93
2022-10-16 13:14:49,052 [EndpointStateMachine task thread for /0.0.0.0:36793 - 0 ] INFO  volume.HddsVolume (HddsVolume.java:createDbStore(307)) - SchemaV3 db is created and loaded at /home/runner/work/ozone/ozone/hadoop-ozone/integration-test/target/test-dir/MiniOzoneClusterImpl-1260e40a-66d4-47e7-b895-29d827f4fcd0/datanode-2/data-0/containers/hdds/1260e40a-66d4-47e7-b895-29d827f4fcd0/DS-03da2504-ba45-4544-af2d-35ac1ade71ea/container.db for volume DS-03da2504-ba45-4544-af2d-35ac1ade71ea
2022-10-16 13:14:49,053 [EndpointStateMachine task thread for /0.0.0.0:36793 - 0 ] INFO  volume.HddsVolume (HddsVolume.java:closeDbStore(338)) - SchemaV3 db is stopped at /home/runner/work/ozone/ozone/hadoop-ozone/integration-test/target/test-dir/MiniOzoneClusterImpl-1260e40a-66d4-47e7-b895-29d827f4fcd0/datanode-2/data-0/containers/hdds/1260e40a-66d4-47e7-b895-29d827f4fcd0/DS-03da2504-ba45-4544-af2d-35ac1ade71ea/container.db for volume DS-03da2504-ba45-4544-af2d-35ac1ade71ea
2022-10-16 13:14:49,053 [EndpointStateMachine task thread for /0.0.0.0:36793 - 0 ] INFO  ozoneimpl.OzoneContainer (OzoneContainer.java:start(378)) - Attempting to start container services.
2022-10-16 13:14:49,053 [EndpointStateMachine task thread for /0.0.0.0:36793 - 0 ] INFO  ozoneimpl.OzoneContainer (OzoneContainer.java:startContainerScrub(313)) - Background container scanner has been disabled.
2022-10-16 13:14:49,055 [ReplicationMonitor] INFO  replication.ReplicationManager (ReplicationManager.java:sendCloseContainerReplicaCommand(467)) - Sending close container command for container #6 to datanode d6bb9e09-7a5d-4d11-b65a-7cc5dc53b33d{ip: 10.1.0.60, host: fv-az308-250.etcbaq1qs54eplwmrjlabigyle.cx.internal.cloudapp.net, ports: [REPLICATION=33315, RATIS=35493, RATIS_ADMIN=35493, RATIS_SERVER=35493, STANDALONE=43787], networkLocation: /default-rack, certSerialId: null, persistedOpState: IN_SERVICE, persistedOpStateExpiryEpochSec: 0}.
2022-10-16 13:14:49,057 [ReplicationMonitor] INFO  replication.ReplicationManager (ReplicationManager.java:processAll(324)) - Replication Monitor Thread took 8 milliseconds for processing 7 containers.
2022-10-16 13:14:49,058 [EndpointStateMachine task thread for /0.0.0.0:36793 - 0 ] INFO  replication.ReplicationServer (ReplicationServer.java:start(111)) - ReplicationServer is started using port 38455
2022-10-16 13:14:49,058 [EndpointStateMachine task thread for /0.0.0.0:36793 - 0 ] INFO  ratis.XceiverServerRatis (XceiverServerRatis.java:start(481)) - Starting XceiverServerRatis e49c2e86-d777-4cdf-94d6-56177341a9ef
2022-10-16 13:14:49,060 [EndpointStateMachine task thread for /0.0.0.0:36793 - 0 ] INFO  server.RaftServer (RaftServerProxy.java:lambda$start$6(382)) - e49c2e86-d777-4cdf-94d6-56177341a9ef: start RPC server
2022-10-16 13:14:49,062 [EndpointStateMachine task thread for /0.0.0.0:36793 - 0 ] INFO  server.GrpcService (GrpcService.java:startImpl(260)) - e49c2e86-d777-4cdf-94d6-56177341a9ef: GrpcService started, listening on 37353
2022-10-16 13:14:49,062 [EndpointStateMachine task thread for /0.0.0.0:36793 - 0 ] INFO  ratis.XceiverServerRatis (XceiverServerRatis.java:getRealPort(502)) - XceiverServerRatis e49c2e86-d777-4cdf-94d6-56177341a9ef is started using port 37353 for RATIS
2022-10-16 13:14:49,062 [org.apache.ratis.util.JvmPauseMonitor$$Lambda$639/339294883@6a19afe4] INFO  util.JvmPauseMonitor (JvmPauseMonitor.java:run(103)) - JvmPauseMonitor-e49c2e86-d777-4cdf-94d6-56177341a9ef: Started
2022-10-16 13:14:49,062 [EndpointStateMachine task thread for /0.0.0.0:36793 - 0 ] INFO  ratis.XceiverServerRatis (XceiverServerRatis.java:getRealPort(502)) - XceiverServerRatis e49c2e86-d777-4cdf-94d6-56177341a9ef is started using port 37353 for RATIS_ADMIN
2022-10-16 13:14:49,062 [EndpointStateMachine task thread for /0.0.0.0:36793 - 0 ] INFO  ratis.XceiverServerRatis (XceiverServerRatis.java:getRealPort(502)) - XceiverServerRatis e49c2e86-d777-4cdf-94d6-56177341a9ef is started using port 37353 for RATIS_SERVER
2022-10-16 13:14:49,065 [EndpointStateMachine task thread for /0.0.0.0:36793 - 0 ] INFO  server.XceiverServerGrpc (XceiverServerGrpc.java:start(180)) - XceiverServerGrpc e49c2e86-d777-4cdf-94d6-56177341a9ef is started using port 35831
2022-10-16 13:14:49,304 [ReplicationMonitor] INFO  replication.ReplicationManager (ReplicationManager.java:processAll(291)) - Replication Manager is not ready to run until 3000ms after safemode exit
2022-10-16 13:14:49,363 [EndpointStateMachine task thread for /0.0.0.0:36793 - 0 ] INFO  volume.HddsVolume (HddsVolume.java:createDbStore(307)) - SchemaV3 db is created and loaded at /home/runner/work/ozone/ozone/hadoop-ozone/integration-test/target/test-dir/MiniOzoneClusterImpl-1260e40a-66d4-47e7-b895-29d827f4fcd0/datanode-3/data-0/containers/hdds/1260e40a-66d4-47e7-b895-29d827f4fcd0/DS-48c209b0-878a-4c17-813a-f7de39d40e1c/container.db for volume DS-48c209b0-878a-4c17-813a-f7de39d40e1c
2022-10-16 13:14:49,363 [EndpointStateMachine task thread for /0.0.0.0:36793 - 0 ] INFO  volume.HddsVolume (HddsVolume.java:closeDbStore(338)) - SchemaV3 db is stopped at /home/runner/work/ozone/ozone/hadoop-ozone/integration-test/target/test-dir/MiniOzoneClusterImpl-1260e40a-66d4-47e7-b895-29d827f4fcd0/datanode-3/data-0/containers/hdds/1260e40a-66d4-47e7-b895-29d827f4fcd0/DS-48c209b0-878a-4c17-813a-f7de39d40e1c/container.db for volume DS-48c209b0-878a-4c17-813a-f7de39d40e1c
2022-10-16 13:14:49,363 [EndpointStateMachine task thread for /0.0.0.0:36793 - 0 ] INFO  ozoneimpl.OzoneContainer (OzoneContainer.java:start(378)) - Attempting to start container services.
2022-10-16 13:14:49,364 [EndpointStateMachine task thread for /0.0.0.0:36793 - 0 ] INFO  ozoneimpl.OzoneContainer (OzoneContainer.java:startContainerScrub(313)) - Background container scanner has been disabled.
2022-10-16 13:14:49,366 [EndpointStateMachine task thread for /0.0.0.0:36793 - 0 ] INFO  replication.ReplicationServer (ReplicationServer.java:start(111)) - ReplicationServer is started using port 42071
2022-10-16 13:14:49,367 [EndpointStateMachine task thread for /0.0.0.0:36793 - 0 ] INFO  ratis.XceiverServerRatis (XceiverServerRatis.java:start(481)) - Starting XceiverServerRatis 7704b6cf-04ea-412c-9988-60e4a7617a5b
2022-10-16 13:14:49,367 [EndpointStateMachine task thread for /0.0.0.0:36793 - 0 ] INFO  server.RaftServer (RaftServerProxy.java:lambda$start$6(382)) - 7704b6cf-04ea-412c-9988-60e4a7617a5b: start RPC server
2022-10-16 13:14:49,371 [EndpointStateMachine task thread for /0.0.0.0:36793 - 0 ] INFO  server.GrpcService (GrpcService.java:startImpl(260)) - 7704b6cf-04ea-412c-9988-60e4a7617a5b: GrpcService started, listening on 39033
2022-10-16 13:14:49,371 [EndpointStateMachine task thread for /0.0.0.0:36793 - 0 ] INFO  ratis.XceiverServerRatis (XceiverServerRatis.java:getRealPort(502)) - XceiverServerRatis 7704b6cf-04ea-412c-9988-60e4a7617a5b is started using port 39033 for RATIS
2022-10-16 13:14:49,371 [org.apache.ratis.util.JvmPauseMonitor$$Lambda$639/339294883@55e62ce7] INFO  util.JvmPauseMonitor (JvmPauseMonitor.java:run(103)) - JvmPauseMonitor-7704b6cf-04ea-412c-9988-60e4a7617a5b: Started
2022-10-16 13:14:49,371 [EndpointStateMachine task thread for /0.0.0.0:36793 - 0 ] INFO  ratis.XceiverServerRatis (XceiverServerRatis.java:getRealPort(502)) - XceiverServerRatis 7704b6cf-04ea-412c-9988-60e4a7617a5b is started using port 39033 for RATIS_ADMIN
2022-10-16 13:14:49,371 [EndpointStateMachine task thread for /0.0.0.0:36793 - 0 ] INFO  ratis.XceiverServerRatis (XceiverServerRatis.java:getRealPort(502)) - XceiverServerRatis 7704b6cf-04ea-412c-9988-60e4a7617a5b is started using port 39033 for RATIS_SERVER
2022-10-16 13:14:49,373 [EndpointStateMachine task thread for /0.0.0.0:36793 - 0 ] INFO  server.XceiverServerGrpc (XceiverServerGrpc.java:start(180)) - XceiverServerGrpc 7704b6cf-04ea-412c-9988-60e4a7617a5b is started using port 34409
2022-10-16 13:14:49,642 [Listener at 127.0.0.1/37791] INFO  ozone.MiniOzoneClusterImpl (MiniOzoneClusterImpl.java:lambda$waitForClusterToBeReady$0(216)) - Waiting for nodes to be ready. Got 0 of 5 DN Heartbeats.
2022-10-16 13:14:49,642 [Listener at 127.0.0.1/37791] INFO  ozone.MiniOzoneClusterImpl (MiniOzoneClusterImpl.java:lambda$waitForClusterToBeReady$0(219)) - Waiting for cluster to exit safe mode
2022-10-16 13:14:49,642 [Listener at 127.0.0.1/37791] INFO  ozone.MiniOzoneClusterImpl (MiniOzoneClusterImpl.java:lambda$waitForClusterToBeReady$0(221)) - SCM became leader
2022-10-16 13:14:49,686 [EndpointStateMachine task thread for /0.0.0.0:36793 - 0 ] INFO  volume.HddsVolume (HddsVolume.java:createDbStore(307)) - SchemaV3 db is created and loaded at /home/runner/work/ozone/ozone/hadoop-ozone/integration-test/target/test-dir/MiniOzoneClusterImpl-1260e40a-66d4-47e7-b895-29d827f4fcd0/datanode-4/data-0/containers/hdds/1260e40a-66d4-47e7-b895-29d827f4fcd0/DS-ec18bffd-1d7b-4bfa-9651-76845a6018c7/container.db for volume DS-ec18bffd-1d7b-4bfa-9651-76845a6018c7
2022-10-16 13:14:49,687 [EndpointStateMachine task thread for /0.0.0.0:36793 - 0 ] INFO  volume.HddsVolume (HddsVolume.java:closeDbStore(338)) - SchemaV3 db is stopped at /home/runner/work/ozone/ozone/hadoop-ozone/integration-test/target/test-dir/MiniOzoneClusterImpl-1260e40a-66d4-47e7-b895-29d827f4fcd0/datanode-4/data-0/containers/hdds/1260e40a-66d4-47e7-b895-29d827f4fcd0/DS-ec18bffd-1d7b-4bfa-9651-76845a6018c7/container.db for volume DS-ec18bffd-1d7b-4bfa-9651-76845a6018c7
2022-10-16 13:14:49,687 [EndpointStateMachine task thread for /0.0.0.0:36793 - 0 ] INFO  ozoneimpl.OzoneContainer (OzoneContainer.java:start(378)) - Attempting to start container services.
2022-10-16 13:14:49,687 [EndpointStateMachine task thread for /0.0.0.0:36793 - 0 ] INFO  ozoneimpl.OzoneContainer (OzoneContainer.java:startContainerScrub(313)) - Background container scanner has been disabled.
2022-10-16 13:14:49,691 [EndpointStateMachine task thread for /0.0.0.0:36793 - 0 ] INFO  replication.ReplicationServer (ReplicationServer.java:start(111)) - ReplicationServer is started using port 41065
2022-10-16 13:14:49,692 [EndpointStateMachine task thread for /0.0.0.0:36793 - 0 ] INFO  ratis.XceiverServerRatis (XceiverServerRatis.java:start(481)) - Starting XceiverServerRatis 8d79e7e8-c2f6-4eb1-a315-880b099444cd
2022-10-16 13:14:49,692 [EndpointStateMachine task thread for /0.0.0.0:36793 - 0 ] INFO  server.RaftServer (RaftServerProxy.java:lambda$start$6(382)) - 8d79e7e8-c2f6-4eb1-a315-880b099444cd: start RPC server
2022-10-16 13:14:49,696 [EndpointStateMachine task thread for /0.0.0.0:36793 - 0 ] INFO  server.GrpcService (GrpcService.java:startImpl(260)) - 8d79e7e8-c2f6-4eb1-a315-880b099444cd: GrpcService started, listening on 34385
2022-10-16 13:14:49,696 [EndpointStateMachine task thread for /0.0.0.0:36793 - 0 ] INFO  ratis.XceiverServerRatis (XceiverServerRatis.java:getRealPort(502)) - XceiverServerRatis 8d79e7e8-c2f6-4eb1-a315-880b099444cd is started using port 34385 for RATIS
2022-10-16 13:14:49,696 [org.apache.ratis.util.JvmPauseMonitor$$Lambda$639/339294883@56157668] INFO  util.JvmPauseMonitor (JvmPauseMonitor.java:run(103)) - JvmPauseMonitor-8d79e7e8-c2f6-4eb1-a315-880b099444cd: Started
2022-10-16 13:14:49,696 [EndpointStateMachine task thread for /0.0.0.0:36793 - 0 ] INFO  ratis.XceiverServerRatis (XceiverServerRatis.java:getRealPort(502)) - XceiverServerRatis 8d79e7e8-c2f6-4eb1-a315-880b099444cd is started using port 34385 for RATIS_ADMIN
2022-10-16 13:14:49,696 [EndpointStateMachine task thread for /0.0.0.0:36793 - 0 ] INFO  ratis.XceiverServerRatis (XceiverServerRatis.java:getRealPort(502)) - XceiverServerRatis 8d79e7e8-c2f6-4eb1-a315-880b099444cd is started using port 34385 for RATIS_SERVER
2022-10-16 13:14:49,698 [EndpointStateMachine task thread for /0.0.0.0:36793 - 0 ] INFO  server.XceiverServerGrpc (XceiverServerGrpc.java:start(180)) - XceiverServerGrpc 8d79e7e8-c2f6-4eb1-a315-880b099444cd is started using port 35785
2022-10-16 13:14:50,058 [ReplicationMonitor] INFO  replication.ReplicationManager (ReplicationManager.java:sendCloseContainerReplicaCommand(467)) - Sending close container command for container #6 to datanode d6bb9e09-7a5d-4d11-b65a-7cc5dc53b33d{ip: 10.1.0.60, host: fv-az308-250.etcbaq1qs54eplwmrjlabigyle.cx.internal.cloudapp.net, ports: [REPLICATION=33315, RATIS=35493, RATIS_ADMIN=35493, RATIS_SERVER=35493, STANDALONE=43787], networkLocation: /default-rack, certSerialId: null, persistedOpState: IN_SERVICE, persistedOpStateExpiryEpochSec: 0}.
2022-10-16 13:14:50,058 [ReplicationMonitor] INFO  replication.ReplicationManager (ReplicationManager.java:processAll(324)) - Replication Monitor Thread took 1 milliseconds for processing 7 containers.
2022-10-16 13:14:50,305 [ReplicationMonitor] INFO  replication.ReplicationManager (ReplicationManager.java:processAll(291)) - Replication Manager is not ready to run until 3000ms after safemode exit
2022-10-16 13:14:50,397 [IPC Server handler 0 on default port 36793] INFO  net.NetworkTopologyImpl (NetworkTopologyImpl.java:add(112)) - Added a new node: /default-rack/48438861-3901-41c2-841c-a6894bcecd85
2022-10-16 13:14:50,397 [IPC Server handler 0 on default port 36793] INFO  node.SCMNodeManager (SCMNodeManager.java:register(397)) - Registered Data node : 48438861-3901-41c2-841c-a6894bcecd85{ip: 10.1.0.60, host: fv-az308-250.etcbaq1qs54eplwmrjlabigyle.cx.internal.cloudapp.net, ports: [REPLICATION=39613, RATIS=38415, RATIS_ADMIN=38415, RATIS_SERVER=38415, STANDALONE=43943], networkLocation: /default-rack, certSerialId: null, persistedOpState: null, persistedOpStateExpiryEpochSec: 0}
2022-10-16 13:14:50,400 [EventQueue-NewNodeForNewNodeHandler] INFO  pipeline.BackgroundPipelineCreator (BackgroundPipelineCreator.java:notifyEventTriggered(276)) - trigger a one-shot run on RatisPipelineUtilsThread.
2022-10-16 13:14:50,400 [RatisPipelineUtilsThread - 0] INFO  pipeline.RatisPipelineProvider (RatisPipelineProvider.java:lambda$create$0(195)) - Sending CreatePipelineCommand for pipeline:PipelineID=e23ea0e2-8f73-4371-a038-fbbb64c110bb to datanode:48438861-3901-41c2-841c-a6894bcecd85
2022-10-16 13:14:50,401 [EventQueue-NodeRegistrationContainerReportForDataNodeSafeModeRule] INFO  safemode.SCMSafeModeManager (DataNodeSafeModeRule.java:process(71)) - SCM in safe mode. 1 DataNodes registered, 3 required.
2022-10-16 13:14:50,402 [EventQueue-NodeRegistrationContainerReportForContainerSafeModeRule] INFO  safemode.SCMSafeModeManager (SCMSafeModeManager.java:validateSafeModeExitRules(204)) - ContainerSafeModeRule rule is successfully validated
2022-10-16 13:14:50,402 [RatisPipelineUtilsThread - 0] INFO  pipeline.PipelineStateManagerImpl (PipelineStateManagerImpl.java:addPipeline(103)) - Created pipeline Pipeline[ Id: e23ea0e2-8f73-4371-a038-fbbb64c110bb, Nodes: 48438861-3901-41c2-841c-a6894bcecd85{ip: 10.1.0.60, host: fv-az308-250.etcbaq1qs54eplwmrjlabigyle.cx.internal.cloudapp.net, ports: [REPLICATION=39613, RATIS=38415, RATIS_ADMIN=38415, RATIS_SERVER=38415, STANDALONE=43943], networkLocation: /default-rack, certSerialId: null, persistedOpState: IN_SERVICE, persistedOpStateExpiryEpochSec: 0}, ReplicationConfig: RATIS/ONE, State:ALLOCATED, leaderId:, CreationTimestamp2022-10-16T13:14:50.400Z[Etc/UTC]].
2022-10-16 13:14:50,404 [EventQueue-PipelineReportForOneReplicaPipelineSafeModeRule] INFO  safemode.SCMSafeModeManager (SCMSafeModeManager.java:validateSafeModeExitRules(204)) - AtleastOneDatanodeReportedRule rule is successfully validated
2022-10-16 13:14:50,643 [Listener at 127.0.0.1/37791] INFO  ozone.MiniOzoneClusterImpl (MiniOzoneClusterImpl.java:lambda$waitForClusterToBeReady$0(216)) - Waiting for nodes to be ready. Got 1 of 5 DN Heartbeats.
2022-10-16 13:14:50,643 [Listener at 127.0.0.1/37791] INFO  ozone.MiniOzoneClusterImpl (MiniOzoneClusterImpl.java:lambda$waitForClusterToBeReady$0(219)) - Waiting for cluster to exit safe mode
2022-10-16 13:14:50,643 [Listener at 127.0.0.1/37791] INFO  ozone.MiniOzoneClusterImpl (MiniOzoneClusterImpl.java:lambda$waitForClusterToBeReady$0(221)) - SCM became leader
2022-10-16 13:14:50,707 [IPC Server handler 2 on default port 36793] INFO  net.NetworkTopologyImpl (NetworkTopologyImpl.java:add(112)) - Added a new node: /default-rack/6ff47f3f-d87f-42dc-9b9d-4568dd026d85
2022-10-16 13:14:50,707 [IPC Server handler 2 on default port 36793] INFO  node.SCMNodeManager (SCMNodeManager.java:register(397)) - Registered Data node : 6ff47f3f-d87f-42dc-9b9d-4568dd026d85{ip: 10.1.0.60, host: fv-az308-250.etcbaq1qs54eplwmrjlabigyle.cx.internal.cloudapp.net, ports: [REPLICATION=43397, RATIS=42999, RATIS_ADMIN=42999, RATIS_SERVER=42999, STANDALONE=45749], networkLocation: /default-rack, certSerialId: null, persistedOpState: null, persistedOpStateExpiryEpochSec: 0}
2022-10-16 13:14:50,708 [EventQueue-NewNodeForNewNodeHandler] INFO  pipeline.BackgroundPipelineCreator (BackgroundPipelineCreator.java:notifyEventTriggered(276)) - trigger a one-shot run on RatisPipelineUtilsThread.
2022-10-16 13:14:50,708 [EventQueue-NodeRegistrationContainerReportForDataNodeSafeModeRule] INFO  safemode.SCMSafeModeManager (DataNodeSafeModeRule.java:process(71)) - SCM in safe mode. 2 DataNodes registered, 3 required.
2022-10-16 13:14:50,709 [RatisPipelineUtilsThread - 0] INFO  pipeline.RatisPipelineProvider (RatisPipelineProvider.java:lambda$create$0(195)) - Sending CreatePipelineCommand for pipeline:PipelineID=57e8a5d9-5899-4d57-9014-c436125bffad to datanode:6ff47f3f-d87f-42dc-9b9d-4568dd026d85
2022-10-16 13:14:50,709 [RatisPipelineUtilsThread - 0] INFO  pipeline.PipelineStateManagerImpl (PipelineStateManagerImpl.java:addPipeline(103)) - Created pipeline Pipeline[ Id: 57e8a5d9-5899-4d57-9014-c436125bffad, Nodes: 6ff47f3f-d87f-42dc-9b9d-4568dd026d85{ip: 10.1.0.60, host: fv-az308-250.etcbaq1qs54eplwmrjlabigyle.cx.internal.cloudapp.net, ports: [REPLICATION=43397, RATIS=42999, RATIS_ADMIN=42999, RATIS_SERVER=42999, STANDALONE=45749], networkLocation: /default-rack, certSerialId: null, persistedOpState: IN_SERVICE, persistedOpStateExpiryEpochSec: 0}, ReplicationConfig: RATIS/ONE, State:ALLOCATED, leaderId:, CreationTimestamp2022-10-16T13:14:50.709Z[Etc/UTC]].
2022-10-16 13:14:51,008 [IPC Server handler 3 on default port 36793] INFO  net.NetworkTopologyImpl (NetworkTopologyImpl.java:add(112)) - Added a new node: /default-rack/e49c2e86-d777-4cdf-94d6-56177341a9ef
2022-10-16 13:14:51,008 [IPC Server handler 3 on default port 36793] INFO  node.SCMNodeManager (SCMNodeManager.java:register(397)) - Registered Data node : e49c2e86-d777-4cdf-94d6-56177341a9ef{ip: 10.1.0.60, host: fv-az308-250.etcbaq1qs54eplwmrjlabigyle.cx.internal.cloudapp.net, ports: [REPLICATION=38455, RATIS=37353, RATIS_ADMIN=37353, RATIS_SERVER=37353, STANDALONE=35831], networkLocation: /default-rack, certSerialId: null, persistedOpState: null, persistedOpStateExpiryEpochSec: 0}
2022-10-16 13:14:51,008 [EventQueue-NewNodeForNewNodeHandler] INFO  pipeline.BackgroundPipelineCreator (BackgroundPipelineCreator.java:notifyEventTriggered(276)) - trigger a one-shot run on RatisPipelineUtilsThread.
2022-10-16 13:14:51,009 [RatisPipelineUtilsThread - 0] INFO  pipeline.RatisPipelineProvider (RatisPipelineProvider.java:lambda$create$0(195)) - Sending CreatePipelineCommand for pipeline:PipelineID=3d4020c1-39db-46f6-bca8-f7874b355057 to datanode:e49c2e86-d777-4cdf-94d6-56177341a9ef
2022-10-16 13:14:51,009 [RatisPipelineUtilsThread - 0] INFO  pipeline.PipelineStateManagerImpl (PipelineStateManagerImpl.java:addPipeline(103)) - Created pipeline Pipeline[ Id: 3d4020c1-39db-46f6-bca8-f7874b355057, Nodes: e49c2e86-d777-4cdf-94d6-56177341a9ef{ip: 10.1.0.60, host: fv-az308-250.etcbaq1qs54eplwmrjlabigyle.cx.internal.cloudapp.net, ports: [REPLICATION=38455, RATIS=37353, RATIS_ADMIN=37353, RATIS_SERVER=37353, STANDALONE=35831], networkLocation: /default-rack, certSerialId: null, persistedOpState: IN_SERVICE, persistedOpStateExpiryEpochSec: 0}, ReplicationConfig: RATIS/ONE, State:ALLOCATED, leaderId:, CreationTimestamp2022-10-16T13:14:51.009Z[Etc/UTC]].
2022-10-16 13:14:51,010 [EventQueue-NodeRegistrationContainerReportForDataNodeSafeModeRule] INFO  safemode.SCMSafeModeManager (DataNodeSafeModeRule.java:process(71)) - SCM in safe mode. 3 DataNodes registered, 3 required.
2022-10-16 13:14:51,010 [EventQueue-NodeRegistrationContainerReportForDataNodeSafeModeRule] INFO  safemode.SCMSafeModeManager (SCMSafeModeManager.java:validateSafeModeExitRules(204)) - DataNodeSafeModeRule rule is successfully validated
2022-10-16 13:14:51,010 [EventQueue-NodeRegistrationContainerReportForDataNodeSafeModeRule] INFO  safemode.SCMSafeModeManager (SCMSafeModeManager.java:completePreCheck(233)) - All SCM safe mode pre check rules have passed
2022-10-16 13:14:51,010 [EventQueue-NodeRegistrationContainerReportForDataNodeSafeModeRule] WARN  events.EventQueue (EventQueue.java:fireEvent(216)) - No event handler registered for event TypedEvent{payloadType=SafeModeStatus, name='Safe mode status'}
2022-10-16 13:14:51,010 [EventQueue-NodeRegistrationContainerReportForDataNodeSafeModeRule] INFO  ha.SCMContext (SCMContext.java:updateSafeModeStatus(228)) - Update SafeModeStatus from SafeModeStatus{safeModeStatus=true, preCheckPassed=false} to SafeModeStatus{safeModeStatus=true, preCheckPassed=true}.
2022-10-16 13:14:51,010 [EventQueue-NodeRegistrationContainerReportForDataNodeSafeModeRule] INFO  pipeline.BackgroundPipelineCreator (BackgroundPipelineCreator.java:notifyEventTriggered(276)) - trigger a one-shot run on RatisPipelineUtilsThread.
2022-10-16 13:14:51,011 [RatisPipelineUtilsThread - 0] INFO  pipeline.RatisPipelineProvider (RatisPipelineProvider.java:lambda$create$0(195)) - Sending CreatePipelineCommand for pipeline:PipelineID=e7c045af-1790-48c2-bcba-6d99d335dbf7 to datanode:48438861-3901-41c2-841c-a6894bcecd85
2022-10-16 13:14:51,011 [RatisPipelineUtilsThread - 0] INFO  pipeline.RatisPipelineProvider (RatisPipelineProvider.java:lambda$create$0(195)) - Sending CreatePipelineCommand for pipeline:PipelineID=e7c045af-1790-48c2-bcba-6d99d335dbf7 to datanode:6ff47f3f-d87f-42dc-9b9d-4568dd026d85
2022-10-16 13:14:51,011 [RatisPipelineUtilsThread - 0] INFO  pipeline.RatisPipelineProvider (RatisPipelineProvider.java:lambda$create$0(195)) - Sending CreatePipelineCommand for pipeline:PipelineID=e7c045af-1790-48c2-bcba-6d99d335dbf7 to datanode:e49c2e86-d777-4cdf-94d6-56177341a9ef
2022-10-16 13:14:51,011 [RatisPipelineUtilsThread - 0] INFO  pipeline.PipelineStateManagerImpl (PipelineStateManagerImpl.java:addPipeline(103)) - Created pipeline Pipeline[ Id: e7c045af-1790-48c2-bcba-6d99d335dbf7, Nodes: 48438861-3901-41c2-841c-a6894bcecd85{ip: 10.1.0.60, host: fv-az308-250.etcbaq1qs54eplwmrjlabigyle.cx.internal.cloudapp.net, ports: [REPLICATION=39613, RATIS=38415, RATIS_ADMIN=38415, RATIS_SERVER=38415, STANDALONE=43943], networkLocation: /default-rack, certSerialId: null, persistedOpState: IN_SERVICE, persistedOpStateExpiryEpochSec: 0}6ff47f3f-d87f-42dc-9b9d-4568dd026d85{ip: 10.1.0.60, host: fv-az308-250.etcbaq1qs54eplwmrjlabigyle.cx.internal.cloudapp.net, ports: [REPLICATION=43397, RATIS=42999, RATIS_ADMIN=42999, RATIS_SERVER=42999, STANDALONE=45749], networkLocation: /default-rack, certSerialId: null, persistedOpState: IN_SERVICE, persistedOpStateExpiryEpochSec: 0}e49c2e86-d777-4cdf-94d6-56177341a9ef{ip: 10.1.0.60, host: fv-az308-250.etcbaq1qs54eplwmrjlabigyle.cx.internal.cloudapp.net, ports: [REPLICATION=38455, RATIS=37353, RATIS_ADMIN=37353, RATIS_SERVER=37353, STANDALONE=35831], networkLocation: /default-rack, certSerialId: null, persistedOpState: IN_SERVICE, persistedOpStateExpiryEpochSec: 0}, ReplicationConfig: RATIS/THREE, State:ALLOCATED, leaderId:, CreationTimestamp2022-10-16T13:14:51.011Z[Etc/UTC]].
2022-10-16 13:14:51,034 [EventQueue-DeadNodeForDeadNodeHandler] INFO  node.DeadNodeHandler (DeadNodeHandler.java:onMessage(81)) - A dead datanode is detected. d6bb9e09-7a5d-4d11-b65a-7cc5dc53b33d{ip: 10.1.0.60, host: fv-az308-250.etcbaq1qs54eplwmrjlabigyle.cx.internal.cloudapp.net, ports: [REPLICATION=33315, RATIS=35493, RATIS_ADMIN=35493, RATIS_SERVER=35493, STANDALONE=43787], networkLocation: /default-rack, certSerialId: null, persistedOpState: IN_SERVICE, persistedOpStateExpiryEpochSec: 0}
2022-10-16 13:14:51,034 [EventQueue-DeadNodeForDeadNodeHandler] INFO  pipeline.RatisPipelineProvider (RatisPipelineProvider.java:lambda$close$1(244)) - Send pipeline:PipelineID=6cd84686-a9da-4b28-b289-25894138464c close command to datanode d6bb9e09-7a5d-4d11-b65a-7cc5dc53b33d
2022-10-16 13:14:51,034 [EventQueue-DeadNodeForDeadNodeHandler] INFO  pipeline.PipelineStateManagerImpl (PipelineStateManagerImpl.java:removePipeline(245)) - Pipeline Pipeline[ Id: 6cd84686-a9da-4b28-b289-25894138464c, Nodes: d6bb9e09-7a5d-4d11-b65a-7cc5dc53b33d{ip: 10.1.0.60, host: fv-az308-250.etcbaq1qs54eplwmrjlabigyle.cx.internal.cloudapp.net, ports: [REPLICATION=33315, RATIS=35493, RATIS_ADMIN=35493, RATIS_SERVER=35493, STANDALONE=43787], networkLocation: /default-rack, certSerialId: null, persistedOpState: IN_SERVICE, persistedOpStateExpiryEpochSec: 0}, ReplicationConfig: RATIS/ONE, State:CLOSED, leaderId:d6bb9e09-7a5d-4d11-b65a-7cc5dc53b33d, CreationTimestamp2022-10-16T13:13:51.688Z[Etc/UTC]] removed.
2022-10-16 13:14:51,035 [EventQueue-DeadNodeForDeadNodeHandler] INFO  net.NetworkTopologyImpl (NetworkTopologyImpl.java:remove(190)) - Removed a node: /default-rack/d6bb9e09-7a5d-4d11-b65a-7cc5dc53b33d
2022-10-16 13:14:51,059 [ReplicationMonitor] INFO  replication.ReplicationManager (ReplicationManager.java:processAll(324)) - Replication Monitor Thread took 1 milliseconds for processing 7 containers.
2022-10-16 13:14:51,305 [ReplicationMonitor] INFO  replication.ReplicationManager (ReplicationManager.java:processAll(291)) - Replication Manager is not ready to run until 3000ms after safemode exit
2022-10-16 13:14:51,322 [IPC Server handler 4 on default port 36793] INFO  net.NetworkTopologyImpl (NetworkTopologyImpl.java:add(112)) - Added a new node: /default-rack/7704b6cf-04ea-412c-9988-60e4a7617a5b
2022-10-16 13:14:51,322 [IPC Server handler 4 on default port 36793] INFO  node.SCMNodeManager (SCMNodeManager.java:register(397)) - Registered Data node : 7704b6cf-04ea-412c-9988-60e4a7617a5b{ip: 10.1.0.60, host: fv-az308-250.etcbaq1qs54eplwmrjlabigyle.cx.internal.cloudapp.net, ports: [REPLICATION=42071, RATIS=39033, RATIS_ADMIN=39033, RATIS_SERVER=39033, STANDALONE=34409], networkLocation: /default-rack, certSerialId: null, persistedOpState: null, persistedOpStateExpiryEpochSec: 0}
2022-10-16 13:14:51,323 [EventQueue-NewNodeForNewNodeHandler] INFO  pipeline.BackgroundPipelineCreator (BackgroundPipelineCreator.java:notifyEventTriggered(276)) - trigger a one-shot run on RatisPipelineUtilsThread.
2022-10-16 13:14:51,323 [RatisPipelineUtilsThread - 0] INFO  pipeline.RatisPipelineProvider (RatisPipelineProvider.java:lambda$create$0(195)) - Sending CreatePipelineCommand for pipeline:PipelineID=989d4264-0e1d-4dc6-bef1-5a52921969d5 to datanode:7704b6cf-04ea-412c-9988-60e4a7617a5b
2022-10-16 13:14:51,323 [RatisPipelineUtilsThread - 0] INFO  pipeline.PipelineStateManagerImpl (PipelineStateManagerImpl.java:addPipeline(103)) - Created pipeline Pipeline[ Id: 989d4264-0e1d-4dc6-bef1-5a52921969d5, Nodes: 7704b6cf-04ea-412c-9988-60e4a7617a5b{ip: 10.1.0.60, host: fv-az308-250.etcbaq1qs54eplwmrjlabigyle.cx.internal.cloudapp.net, ports: [REPLICATION=42071, RATIS=39033, RATIS_ADMIN=39033, RATIS_SERVER=39033, STANDALONE=34409], networkLocation: /default-rack, certSerialId: null, persistedOpState: IN_SERVICE, persistedOpStateExpiryEpochSec: 0}, ReplicationConfig: RATIS/ONE, State:ALLOCATED, leaderId:, CreationTimestamp2022-10-16T13:14:51.323Z[Etc/UTC]].
2022-10-16 13:14:51,643 [Listener at 127.0.0.1/37791] INFO  ozone.MiniOzoneClusterImpl (MiniOzoneClusterImpl.java:lambda$waitForClusterToBeReady$0(216)) - Waiting for nodes to be ready. Got 4 of 5 DN Heartbeats.
2022-10-16 13:14:51,643 [Listener at 127.0.0.1/37791] INFO  ozone.MiniOzoneClusterImpl (MiniOzoneClusterImpl.java:lambda$waitForClusterToBeReady$0(219)) - Waiting for cluster to exit safe mode
2022-10-16 13:14:51,643 [Listener at 127.0.0.1/37791] INFO  ozone.MiniOzoneClusterImpl (MiniOzoneClusterImpl.java:lambda$waitForClusterToBeReady$0(221)) - SCM became leader
2022-10-16 13:14:51,649 [IPC Server handler 1 on default port 36793] INFO  net.NetworkTopologyImpl (NetworkTopologyImpl.java:add(112)) - Added a new node: /default-rack/8d79e7e8-c2f6-4eb1-a315-880b099444cd
2022-10-16 13:14:51,649 [IPC Server handler 1 on default port 36793] INFO  node.SCMNodeManager (SCMNodeManager.java:register(397)) - Registered Data node : 8d79e7e8-c2f6-4eb1-a315-880b099444cd{ip: 10.1.0.60, host: fv-az308-250.etcbaq1qs54eplwmrjlabigyle.cx.internal.cloudapp.net, ports: [REPLICATION=41065, RATIS=34385, RATIS_ADMIN=34385, RATIS_SERVER=34385, STANDALONE=35785], networkLocation: /default-rack, certSerialId: null, persistedOpState: null, persistedOpStateExpiryEpochSec: 0}
2022-10-16 13:14:51,650 [EventQueue-NewNodeForNewNodeHandler] INFO  pipeline.BackgroundPipelineCreator (BackgroundPipelineCreator.java:notifyEventTriggered(276)) - trigger a one-shot run on RatisPipelineUtilsThread.
2022-10-16 13:14:51,650 [RatisPipelineUtilsThread - 0] INFO  pipeline.RatisPipelineProvider (RatisPipelineProvider.java:lambda$create$0(195)) - Sending CreatePipelineCommand for pipeline:PipelineID=4d07a0d0-1287-4001-b3a6-8ac5794793ba to datanode:8d79e7e8-c2f6-4eb1-a315-880b099444cd
2022-10-16 13:14:51,651 [RatisPipelineUtilsThread - 0] INFO  pipeline.PipelineStateManagerImpl (PipelineStateManagerImpl.java:addPipeline(103)) - Created pipeline Pipeline[ Id: 4d07a0d0-1287-4001-b3a6-8ac5794793ba, Nodes: 8d79e7e8-c2f6-4eb1-a315-880b099444cd{ip: 10.1.0.60, host: fv-az308-250.etcbaq1qs54eplwmrjlabigyle.cx.internal.cloudapp.net, ports: [REPLICATION=41065, RATIS=34385, RATIS_ADMIN=34385, RATIS_SERVER=34385, STANDALONE=35785], networkLocation: /default-rack, certSerialId: null, persistedOpState: IN_SERVICE, persistedOpStateExpiryEpochSec: 0}, ReplicationConfig: RATIS/ONE, State:ALLOCATED, leaderId:, CreationTimestamp2022-10-16T13:14:51.650Z[Etc/UTC]].
2022-10-16 13:14:52,059 [ReplicationMonitor] INFO  replication.ReplicationManager (ReplicationManager.java:processAll(324)) - Replication Monitor Thread took 0 milliseconds for processing 7 containers.
2022-10-16 13:14:52,305 [ReplicationMonitor] INFO  replication.ReplicationManager (ReplicationManager.java:processAll(291)) - Replication Manager is not ready to run until 3000ms after safemode exit
2022-10-16 13:14:52,644 [Listener at 127.0.0.1/37791] INFO  ozone.MiniOzoneClusterImpl (MiniOzoneClusterImpl.java:lambda$waitForClusterToBeReady$0(216)) - Nodes are ready. Got 5 of 5 DN Heartbeats.
2022-10-16 13:14:52,644 [Listener at 127.0.0.1/37791] INFO  ozone.MiniOzoneClusterImpl (MiniOzoneClusterImpl.java:lambda$waitForClusterToBeReady$0(219)) - Waiting for cluster to exit safe mode
2022-10-16 13:14:52,644 [Listener at 127.0.0.1/37791] INFO  ozone.MiniOzoneClusterImpl (MiniOzoneClusterImpl.java:lambda$waitForClusterToBeReady$0(221)) - SCM became leader
2022-10-16 13:14:53,060 [ReplicationMonitor] INFO  replication.ReplicationManager (ReplicationManager.java:processAll(324)) - Replication Monitor Thread took 0 milliseconds for processing 7 containers.
2022-10-16 13:14:53,306 [ReplicationMonitor] INFO  replication.ReplicationManager (ReplicationManager.java:processAll(291)) - Replication Manager is not ready to run until 3000ms after safemode exit
2022-10-16 13:14:53,397 [Command processor thread] INFO  server.RaftServer (RaftServerProxy.java:addNew(96)) - 48438861-3901-41c2-841c-a6894bcecd85: addNew group-FBBB64C110BB:[48438861-3901-41c2-841c-a6894bcecd85|rpc:10.1.0.60:38415|priority:1] returns group-FBBB64C110BB:java.util.concurrent.CompletableFuture@2a632ee6[Not completed]
2022-10-16 13:14:53,398 [pool-436-thread-1] INFO  server.RaftServer$Division (RaftServerImpl.java:<init>(190)) - 48438861-3901-41c2-841c-a6894bcecd85: new RaftServerImpl for group-FBBB64C110BB:[48438861-3901-41c2-841c-a6894bcecd85|rpc:10.1.0.60:38415|priority:1] with ContainerStateMachine:uninitialized
2022-10-16 13:14:53,398 [pool-436-thread-1] INFO  server.RaftServerConfigKeys (ConfUtils.java:logGet(46)) - raft.server.rpc.timeout.min = 5s (custom)
2022-10-16 13:14:53,398 [pool-436-thread-1] INFO  server.RaftServerConfigKeys (ConfUtils.java:logGet(46)) - raft.server.rpc.timeout.max = 5200ms (custom)
2022-10-16 13:14:53,398 [pool-436-thread-1] INFO  server.RaftServerConfigKeys (ConfUtils.java:logGet(46)) - raft.server.rpc.sleep.time = 25ms (default)
2022-10-16 13:14:53,398 [pool-436-thread-1] INFO  server.RaftServerConfigKeys (ConfUtils.java:logGet(46)) - raft.server.rpc.slowness.timeout = 300s (custom)
2022-10-16 13:14:53,398 [pool-436-thread-1] INFO  server.RaftServerConfigKeys (ConfUtils.java:logGet(46)) - raft.server.leaderelection.leader.step-down.wait-time = 10s (default)
2022-10-16 13:14:53,399 [pool-436-thread-1] INFO  server.RaftServerConfigKeys (ConfUtils.java:logGet(46)) - raft.server.sleep.deviation.threshold = 300ms (default)
2022-10-16 13:14:53,399 [pool-436-thread-1] INFO  server.RaftServer$Division (ServerState.java:<init>(107)) - 48438861-3901-41c2-841c-a6894bcecd85@group-FBBB64C110BB: ConfigurationManager, init=-1: [48438861-3901-41c2-841c-a6894bcecd85|rpc:10.1.0.60:38415|priority:1], old=null, confs=<EMPTY_MAP>
2022-10-16 13:14:53,399 [pool-436-thread-1] INFO  server.RaftServerConfigKeys (ConfUtils.java:logGet(46)) - raft.server.storage.dir = [/home/runner/work/ozone/ozone/hadoop-ozone/integration-test/target/test-dir/MiniOzoneClusterImpl-1260e40a-66d4-47e7-b895-29d827f4fcd0/datanode-0/data/ratis] (custom)
2022-10-16 13:14:53,399 [pool-436-thread-1] INFO  server.RaftServerConfigKeys (ConfUtils.java:logGet(46)) - raft.server.log.corruption.policy = EXCEPTION (default)
2022-10-16 13:14:53,399 [pool-436-thread-1] INFO  server.RaftServerConfigKeys (ConfUtils.java:logGet(46)) - raft.server.storage.free-space.min = 0MB (=0) (default)
2022-10-16 13:14:53,399 [pool-436-thread-1] INFO  storage.RaftStorageDirectory (RaftStorageDirectoryImpl.java:analyzeStorage(135)) - The storage directory /home/runner/work/ozone/ozone/hadoop-ozone/integration-test/target/test-dir/MiniOzoneClusterImpl-1260e40a-66d4-47e7-b895-29d827f4fcd0/datanode-0/data/ratis/e23ea0e2-8f73-4371-a038-fbbb64c110bb does not exist. Creating ...
2022-10-16 13:14:53,400 [pool-436-thread-1] INFO  storage.RaftStorageDirectory (RaftStorageDirectoryImpl.java:tryLock(230)) - Lock on /home/runner/work/ozone/ozone/hadoop-ozone/integration-test/target/test-dir/MiniOzoneClusterImpl-1260e40a-66d4-47e7-b895-29d827f4fcd0/datanode-0/data/ratis/e23ea0e2-8f73-4371-a038-fbbb64c110bb/in_use.lock acquired by nodename 44550@fv-az308-250
2022-10-16 13:14:53,401 [pool-436-thread-1] INFO  storage.RaftStorage (RaftStorageImpl.java:format(89)) - Storage directory /home/runner/work/ozone/ozone/hadoop-ozone/integration-test/target/test-dir/MiniOzoneClusterImpl-1260e40a-66d4-47e7-b895-29d827f4fcd0/datanode-0/data/ratis/e23ea0e2-8f73-4371-a038-fbbb64c110bb has been successfully formatted.
2022-10-16 13:14:53,403 [pool-436-thread-1] INFO  ratis.ContainerStateMachine (ContainerStateMachine.java:loadSnapshot(236)) - group-FBBB64C110BB: The snapshot info is null. Setting the last applied indexto:(t:0, i:~)
2022-10-16 13:14:53,403 [pool-436-thread-1] INFO  server.RaftServerConfigKeys (ConfUtils.java:logGet(46)) - raft.server.notification.no-leader.timeout = 300s (custom)
2022-10-16 13:14:53,403 [pool-436-thread-1] INFO  server.RaftServerConfigKeys (ConfUtils.java:logGet(46)) - raft.server.log.use.memory = false (default)
2022-10-16 13:14:53,403 [pool-436-thread-1] INFO  server.RaftServerConfigKeys (ConfUtils.java:logGet(46)) - raft.server.log.purge.gap = 1000000 (custom)
2022-10-16 13:14:53,403 [pool-436-thread-1] INFO  server.RaftServerConfigKeys (ConfUtils.java:logGet(46)) - raft.server.log.appender.buffer.byte-limit = 33554432 (custom)
2022-10-16 13:14:53,403 [pool-436-thread-1] INFO  server.RaftServerConfigKeys (ConfUtils.java:logGet(46)) - raft.server.log.statemachine.data.read.timeout = 1000ms (default)
2022-10-16 13:14:53,404 [EventQueue-PipelineReportForPipelineReportHandler] INFO  pipeline.PipelineManagerImpl (PipelineManagerImpl.java:openPipeline(367)) - Pipeline Pipeline[ Id: e23ea0e2-8f73-4371-a038-fbbb64c110bb, Nodes: 48438861-3901-41c2-841c-a6894bcecd85{ip: 10.1.0.60, host: fv-az308-250.etcbaq1qs54eplwmrjlabigyle.cx.internal.cloudapp.net, ports: [REPLICATION=39613, RATIS=38415, RATIS_ADMIN=38415, RATIS_SERVER=38415, STANDALONE=43943], networkLocation: /default-rack, certSerialId: null, persistedOpState: IN_SERVICE, persistedOpStateExpiryEpochSec: 0}, ReplicationConfig: RATIS/ONE, State:ALLOCATED, leaderId:48438861-3901-41c2-841c-a6894bcecd85, CreationTimestamp2022-10-16T13:14:50.400Z[Etc/UTC]] moved to OPEN state
2022-10-16 13:14:53,404 [pool-436-thread-1] INFO  server.RaftServerConfigKeys (ConfUtils.java:logGet(46)) - raft.server.log.segment.size.max = 1048576 (custom)
2022-10-16 13:14:53,404 [pool-436-thread-1] INFO  server.RaftServerConfigKeys (ConfUtils.java:logGet(46)) - raft.server.log.segment.cache.num.max = 2 (custom)
2022-10-16 13:14:53,405 [pool-436-thread-1] INFO  server.RaftServerConfigKeys (ConfUtils.java:logGet(46)) - raft.server.log.segment.cache.size.max = 200MB (=209715200) (default)
2022-10-16 13:14:53,405 [pool-436-thread-1] INFO  segmented.SegmentedRaftLogWorker (SegmentedRaftLogWorker.java:<init>(187)) - new 48438861-3901-41c2-841c-a6894bcecd85@group-FBBB64C110BB-SegmentedRaftLogWorker for RaftStorageImpl:Storage Directory /home/runner/work/ozone/ozone/hadoop-ozone/integration-test/target/test-dir/MiniOzoneClusterImpl-1260e40a-66d4-47e7-b895-29d827f4fcd0/datanode-0/data/ratis/e23ea0e2-8f73-4371-a038-fbbb64c110bb
2022-10-16 13:14:53,405 [pool-436-thread-1] INFO  server.RaftServerConfigKeys (ConfUtils.java:logGet(46)) - raft.server.log.queue.byte-limit = 4294967296 (custom)
2022-10-16 13:14:53,405 [pool-436-thread-1] INFO  server.RaftServerConfigKeys (ConfUtils.java:logGet(46)) - raft.server.log.queue.element-limit = 1024 (custom)
2022-10-16 13:14:53,405 [pool-436-thread-1] INFO  server.RaftServerConfigKeys (ConfUtils.java:logGet(46)) - raft.server.log.segment.size.max = 1048576 (custom)
2022-10-16 13:14:53,405 [pool-436-thread-1] INFO  server.RaftServerConfigKeys (ConfUtils.java:logGet(46)) - raft.server.log.preallocated.size = 16384 (custom)
2022-10-16 13:14:53,405 [pool-436-thread-1] INFO  server.RaftServerConfigKeys (ConfUtils.java:logGet(46)) - raft.server.log.force.sync.num = 128 (default)
2022-10-16 13:14:53,405 [pool-436-thread-1] INFO  server.RaftServerConfigKeys (ConfUtils.java:logGet(46)) - raft.server.log.statemachine.data.sync = true (default)
2022-10-16 13:14:53,405 [pool-436-thread-1] INFO  server.RaftServerConfigKeys (ConfUtils.java:logGet(46)) - raft.server.log.statemachine.data.sync.timeout = 10s (default)
2022-10-16 13:14:53,405 [pool-436-thread-1] INFO  server.RaftServerConfigKeys (ConfUtils.java:logGet(46)) - raft.server.log.statemachine.data.sync.timeout.retry = -1 (default)
2022-10-16 13:14:53,408 [pool-436-thread-1] INFO  server.RaftServerConfigKeys (ConfUtils.java:logGet(46)) - raft.server.log.write.buffer.size = 1048576 (custom)
2022-10-16 13:14:53,409 [pool-436-thread-1] INFO  server.RaftServerConfigKeys (ConfUtils.java:logGet(46)) - raft.server.log.unsafe-flush.enabled = false (default)
2022-10-16 13:14:53,409 [pool-436-thread-1] INFO  server.RaftServerConfigKeys (ConfUtils.java:logGet(46)) - raft.server.log.statemachine.data.caching.enabled = true (custom)
2022-10-16 13:14:53,409 [pool-436-thread-1] INFO  segmented.SegmentedRaftLogWorker (SegmentedRaftLogWorker.java:lambda$new$0(135)) - 48438861-3901-41c2-841c-a6894bcecd85@group-FBBB64C110BB-SegmentedRaftLogWorker: flushIndex: setUnconditionally 0 -> -1
2022-10-16 13:14:53,409 [pool-436-thread-1] INFO  segmented.SegmentedRaftLogWorker (SegmentedRaftLogWorker.java:lambda$new$0(135)) - 48438861-3901-41c2-841c-a6894bcecd85@group-FBBB64C110BB-SegmentedRaftLogWorker: safeCacheEvictIndex: setUnconditionally 0 -> -1
2022-10-16 13:14:53,409 [pool-436-thread-1] INFO  server.RaftServerConfigKeys (ConfUtils.java:logGet(46)) - raft.server.snapshot.auto.trigger.enabled = true (custom)
2022-10-16 13:14:53,409 [pool-436-thread-1] INFO  server.RaftServerConfigKeys (ConfUtils.java:logGet(46)) - raft.server.snapshot.auto.trigger.threshold = 10000 (custom)
2022-10-16 13:14:53,409 [pool-436-thread-1] INFO  server.RaftServerConfigKeys (ConfUtils.java:logGet(46)) - raft.server.snapshot.retention.file.num = 5 (custom)
2022-10-16 13:14:53,409 [pool-436-thread-1] INFO  server.RaftServerConfigKeys (ConfUtils.java:logGet(46)) - raft.server.log.purge.upto.snapshot.index = false (default)
2022-10-16 13:14:53,409 [pool-436-thread-1] INFO  server.RaftServerConfigKeys (ConfUtils.java:logGet(46)) - raft.server.retrycache.expirytime = 600000ms (custom)
2022-10-16 13:14:53,409 [pool-436-thread-1] INFO  server.RaftServerConfigKeys (ConfUtils.java:logGet(46)) - raft.server.retrycache.statistics.expirytime = 100μs (default)
2022-10-16 13:14:53,411 [pool-436-thread-1] INFO  server.RaftServerConfigKeys (ConfUtils.java:logGet(46)) - raft.server.log.appender.install.snapshot.enabled = false (custom)
2022-10-16 13:14:53,411 [pool-436-thread-1] INFO  server.RaftServerConfigKeys (ConfUtils.java:logGet(46)) - raft.server.threadpool.server.cached = true (default)
2022-10-16 13:14:53,411 [pool-436-thread-1] INFO  server.RaftServerConfigKeys (ConfUtils.java:logGet(46)) - raft.server.threadpool.server.size = 0 (default)
2022-10-16 13:14:53,411 [pool-436-thread-1] INFO  server.RaftServerConfigKeys (ConfUtils.java:logGet(46)) - raft.server.threadpool.client.cached = true (default)
2022-10-16 13:14:53,411 [pool-436-thread-1] INFO  server.RaftServerConfigKeys (ConfUtils.java:logGet(46)) - raft.server.threadpool.client.size = 0 (default)
2022-10-16 13:14:53,411 [pool-436-thread-1] INFO  server.RaftServer$Division (RaftServerImpl.java:start(310)) - 48438861-3901-41c2-841c-a6894bcecd85@group-FBBB64C110BB: start as a follower, conf=-1: [48438861-3901-41c2-841c-a6894bcecd85|rpc:10.1.0.60:38415|priority:1], old=null
2022-10-16 13:14:53,411 [pool-436-thread-1] INFO  server.RaftServer$Division (RaftServerImpl.java:setRole(299)) - 48438861-3901-41c2-841c-a6894bcecd85@group-FBBB64C110BB: changes role from      null to FOLLOWER at term 0 for startAsFollower
2022-10-16 13:14:53,411 [pool-436-thread-1] INFO  impl.RoleInfo (RoleInfo.java:updateAndGet(139)) - 48438861-3901-41c2-841c-a6894bcecd85: start 48438861-3901-41c2-841c-a6894bcecd85@group-FBBB64C110BB-FollowerState
2022-10-16 13:14:53,413 [pool-436-thread-1] INFO  util.JmxRegister (JmxRegister.java:tryRegister(44)) - Successfully registered JMX Bean with object name Ratis:service=RaftServer,group=group-FBBB64C110BB,id=48438861-3901-41c2-841c-a6894bcecd85
2022-10-16 13:14:53,414 [EventQueue-OpenPipelineForHealthyPipelineSafeModeRule] INFO  safemode.SCMSafeModeManager (HealthyPipelineSafeModeRule.java:process(137)) - SCM in safe mode. Healthy pipelines reported count is 0, required healthy pipeline reported count is 1
2022-10-16 13:14:53,414 [Command processor thread] INFO  ratis.XceiverServerRatis (XceiverServerRatis.java:addGroup(765)) - Created group PipelineID=e23ea0e2-8f73-4371-a038-fbbb64c110bb
2022-10-16 13:14:53,414 [Command processor thread] INFO  commandhandler.CreatePipelineCommandHandler (CreatePipelineCommandHandler.java:handle(113)) - Created Pipeline RATIS ONE PipelineID=e23ea0e2-8f73-4371-a038-fbbb64c110bb.
2022-10-16 13:14:53,414 [Command processor thread] INFO  server.RaftServer (RaftServerProxy.java:addNew(96)) - 48438861-3901-41c2-841c-a6894bcecd85: addNew group-6D99D335DBF7:[6ff47f3f-d87f-42dc-9b9d-4568dd026d85|rpc:10.1.0.60:42999|priority:1, 48438861-3901-41c2-841c-a6894bcecd85|rpc:10.1.0.60:38415|priority:0, e49c2e86-d777-4cdf-94d6-56177341a9ef|rpc:10.1.0.60:37353|priority:0] returns group-6D99D335DBF7:java.util.concurrent.CompletableFuture@2e5caf72[Not completed]
2022-10-16 13:14:53,416 [pool-436-thread-1] INFO  server.RaftServer$Division (RaftServerImpl.java:<init>(190)) - 48438861-3901-41c2-841c-a6894bcecd85: new RaftServerImpl for group-6D99D335DBF7:[6ff47f3f-d87f-42dc-9b9d-4568dd026d85|rpc:10.1.0.60:42999|priority:1, 48438861-3901-41c2-841c-a6894bcecd85|rpc:10.1.0.60:38415|priority:0, e49c2e86-d777-4cdf-94d6-56177341a9ef|rpc:10.1.0.60:37353|priority:0] with ContainerStateMachine:uninitialized
2022-10-16 13:14:53,416 [pool-436-thread-1] INFO  server.RaftServerConfigKeys (ConfUtils.java:logGet(46)) - raft.server.rpc.timeout.min = 5s (custom)
2022-10-16 13:14:53,416 [pool-436-thread-1] INFO  server.RaftServerConfigKeys (ConfUtils.java:logGet(46)) - raft.server.rpc.timeout.max = 5200ms (custom)
2022-10-16 13:14:53,416 [pool-436-thread-1] INFO  server.RaftServerConfigKeys (ConfUtils.java:logGet(46)) - raft.server.rpc.sleep.time = 25ms (default)
2022-10-16 13:14:53,416 [pool-436-thread-1] INFO  server.RaftServerConfigKeys (ConfUtils.java:logGet(46)) - raft.server.rpc.slowness.timeout = 300s (custom)
2022-10-16 13:14:53,416 [pool-436-thread-1] INFO  server.RaftServerConfigKeys (ConfUtils.java:logGet(46)) - raft.server.leaderelection.leader.step-down.wait-time = 10s (default)
2022-10-16 13:14:53,416 [pool-436-thread-1] INFO  server.RaftServerConfigKeys (ConfUtils.java:logGet(46)) - raft.server.sleep.deviation.threshold = 300ms (default)
2022-10-16 13:14:53,416 [pool-436-thread-1] INFO  server.RaftServer$Division (ServerState.java:<init>(107)) - 48438861-3901-41c2-841c-a6894bcecd85@group-6D99D335DBF7: ConfigurationManager, init=-1: [6ff47f3f-d87f-42dc-9b9d-4568dd026d85|rpc:10.1.0.60:42999|priority:1, 48438861-3901-41c2-841c-a6894bcecd85|rpc:10.1.0.60:38415|priority:0, e49c2e86-d777-4cdf-94d6-56177341a9ef|rpc:10.1.0.60:37353|priority:0], old=null, confs=<EMPTY_MAP>
2022-10-16 13:14:53,416 [pool-436-thread-1] INFO  server.RaftServerConfigKeys (ConfUtils.java:logGet(46)) - raft.server.storage.dir = [/home/runner/work/ozone/ozone/hadoop-ozone/integration-test/target/test-dir/MiniOzoneClusterImpl-1260e40a-66d4-47e7-b895-29d827f4fcd0/datanode-0/data/ratis] (custom)
2022-10-16 13:14:53,416 [pool-436-thread-1] INFO  server.RaftServerConfigKeys (ConfUtils.java:logGet(46)) - raft.server.log.corruption.policy = EXCEPTION (default)
2022-10-16 13:14:53,416 [pool-436-thread-1] INFO  server.RaftServerConfigKeys (ConfUtils.java:logGet(46)) - raft.server.storage.free-space.min = 0MB (=0) (default)
2022-10-16 13:14:53,416 [pool-436-thread-1] INFO  storage.RaftStorageDirectory (RaftStorageDirectoryImpl.java:analyzeStorage(135)) - The storage directory /home/runner/work/ozone/ozone/hadoop-ozone/integration-test/target/test-dir/MiniOzoneClusterImpl-1260e40a-66d4-47e7-b895-29d827f4fcd0/datanode-0/data/ratis/e7c045af-1790-48c2-bcba-6d99d335dbf7 does not exist. Creating ...
2022-10-16 13:14:53,418 [pool-436-thread-1] INFO  storage.RaftStorageDirectory (RaftStorageDirectoryImpl.java:tryLock(230)) - Lock on /home/runner/work/ozone/ozone/hadoop-ozone/integration-test/target/test-dir/MiniOzoneClusterImpl-1260e40a-66d4-47e7-b895-29d827f4fcd0/datanode-0/data/ratis/e7c045af-1790-48c2-bcba-6d99d335dbf7/in_use.lock acquired by nodename 44550@fv-az308-250
2022-10-16 13:14:53,419 [pool-436-thread-1] INFO  storage.RaftStorage (RaftStorageImpl.java:format(89)) - Storage directory /home/runner/work/ozone/ozone/hadoop-ozone/integration-test/target/test-dir/MiniOzoneClusterImpl-1260e40a-66d4-47e7-b895-29d827f4fcd0/datanode-0/data/ratis/e7c045af-1790-48c2-bcba-6d99d335dbf7 has been successfully formatted.
2022-10-16 13:14:53,421 [pool-436-thread-1] INFO  ratis.ContainerStateMachine (ContainerStateMachine.java:loadSnapshot(236)) - group-6D99D335DBF7: The snapshot info is null. Setting the last applied indexto:(t:0, i:~)
2022-10-16 13:14:53,421 [EventQueue-OpenPipelineForHealthyPipelineSafeModeRule] INFO  safemode.SCMSafeModeManager (HealthyPipelineSafeModeRule.java:process(137)) - SCM in safe mode. Healthy pipelines reported count is 0, required healthy pipeline reported count is 1
2022-10-16 13:14:53,421 [pool-436-thread-1] INFO  server.RaftServerConfigKeys (ConfUtils.java:logGet(46)) - raft.server.notification.no-leader.timeout = 300s (custom)
2022-10-16 13:14:53,421 [pool-436-thread-1] INFO  server.RaftServerConfigKeys (ConfUtils.java:logGet(46)) - raft.server.log.use.memory = false (default)
2022-10-16 13:14:53,421 [pool-436-thread-1] INFO  server.RaftServerConfigKeys (ConfUtils.java:logGet(46)) - raft.server.log.purge.gap = 1000000 (custom)
2022-10-16 13:14:53,421 [pool-436-thread-1] INFO  server.RaftServerConfigKeys (ConfUtils.java:logGet(46)) - raft.server.log.appender.buffer.byte-limit = 33554432 (custom)
2022-10-16 13:14:53,421 [pool-436-thread-1] INFO  server.RaftServerConfigKeys (ConfUtils.java:logGet(46)) - raft.server.log.statemachine.data.read.timeout = 1000ms (default)
2022-10-16 13:14:53,421 [pool-436-thread-1] INFO  server.RaftServerConfigKeys (ConfUtils.java:logGet(46)) - raft.server.log.segment.size.max = 1048576 (custom)
2022-10-16 13:14:53,422 [pool-436-thread-1] INFO  server.RaftServerConfigKeys (ConfUtils.java:logGet(46)) - raft.server.log.segment.cache.num.max = 2 (custom)
2022-10-16 13:14:53,422 [pool-436-thread-1] INFO  server.RaftServerConfigKeys (ConfUtils.java:logGet(46)) - raft.server.log.segment.cache.size.max = 200MB (=209715200) (default)
2022-10-16 13:14:53,422 [pool-436-thread-1] INFO  segmented.SegmentedRaftLogWorker (SegmentedRaftLogWorker.java:<init>(187)) - new 48438861-3901-41c2-841c-a6894bcecd85@group-6D99D335DBF7-SegmentedRaftLogWorker for RaftStorageImpl:Storage Directory /home/runner/work/ozone/ozone/hadoop-ozone/integration-test/target/test-dir/MiniOzoneClusterImpl-1260e40a-66d4-47e7-b895-29d827f4fcd0/datanode-0/data/ratis/e7c045af-1790-48c2-bcba-6d99d335dbf7
2022-10-16 13:14:53,422 [pool-436-thread-1] INFO  server.RaftServerConfigKeys (ConfUtils.java:logGet(46)) - raft.server.log.queue.byte-limit = 4294967296 (custom)
2022-10-16 13:14:53,422 [pool-436-thread-1] INFO  server.RaftServerConfigKeys (ConfUtils.java:logGet(46)) - raft.server.log.queue.element-limit = 1024 (custom)
2022-10-16 13:14:53,422 [pool-436-thread-1] INFO  server.RaftServerConfigKeys (ConfUtils.java:logGet(46)) - raft.server.log.segment.size.max = 1048576 (custom)
2022-10-16 13:14:53,422 [pool-436-thread-1] INFO  server.RaftServerConfigKeys (ConfUtils.java:logGet(46)) - raft.server.log.preallocated.size = 16384 (custom)
2022-10-16 13:14:53,422 [pool-436-thread-1] INFO  server.RaftServerConfigKeys (ConfUtils.java:logGet(46)) - raft.server.log.force.sync.num = 128 (default)
2022-10-16 13:14:53,422 [pool-436-thread-1] INFO  server.RaftServerConfigKeys (ConfUtils.java:logGet(46)) - raft.server.log.statemachine.data.sync = true (default)
2022-10-16 13:14:53,422 [pool-436-thread-1] INFO  server.RaftServerConfigKeys (ConfUtils.java:logGet(46)) - raft.server.log.statemachine.data.sync.timeout = 10s (default)
2022-10-16 13:14:53,422 [pool-436-thread-1] INFO  server.RaftServerConfigKeys (ConfUtils.java:logGet(46)) - raft.server.log.statemachine.data.sync.timeout.retry = -1 (default)
2022-10-16 13:14:53,423 [pool-436-thread-1] INFO  server.RaftServerConfigKeys (ConfUtils.java:logGet(46)) - raft.server.log.write.buffer.size = 1048576 (custom)
2022-10-16 13:14:53,423 [pool-436-thread-1] INFO  server.RaftServerConfigKeys (ConfUtils.java:logGet(46)) - raft.server.log.unsafe-flush.enabled = false (default)
2022-10-16 13:14:53,424 [pool-436-thread-1] INFO  server.RaftServerConfigKeys (ConfUtils.java:logGet(46)) - raft.server.log.statemachine.data.caching.enabled = true (custom)
2022-10-16 13:14:53,424 [pool-436-thread-1] INFO  segmented.SegmentedRaftLogWorker (SegmentedRaftLogWorker.java:lambda$new$0(135)) - 48438861-3901-41c2-841c-a6894bcecd85@group-6D99D335DBF7-SegmentedRaftLogWorker: flushIndex: setUnconditionally 0 -> -1
2022-10-16 13:14:53,424 [pool-436-thread-1] INFO  segmented.SegmentedRaftLogWorker (SegmentedRaftLogWorker.java:lambda$new$0(135)) - 48438861-3901-41c2-841c-a6894bcecd85@group-6D99D335DBF7-SegmentedRaftLogWorker: safeCacheEvictIndex: setUnconditionally 0 -> -1
2022-10-16 13:14:53,424 [pool-436-thread-1] INFO  server.RaftServerConfigKeys (ConfUtils.java:logGet(46)) - raft.server.snapshot.auto.trigger.enabled = true (custom)
2022-10-16 13:14:53,424 [pool-436-thread-1] INFO  server.RaftServerConfigKeys (ConfUtils.java:logGet(46)) - raft.server.snapshot.auto.trigger.threshold = 10000 (custom)
2022-10-16 13:14:53,424 [pool-436-thread-1] INFO  server.RaftServerConfigKeys (ConfUtils.java:logGet(46)) - raft.server.snapshot.retention.file.num = 5 (custom)
2022-10-16 13:14:53,424 [pool-436-thread-1] INFO  server.RaftServerConfigKeys (ConfUtils.java:logGet(46)) - raft.server.log.purge.upto.snapshot.index = false (default)
2022-10-16 13:14:53,424 [pool-436-thread-1] INFO  server.RaftServerConfigKeys (ConfUtils.java:logGet(46)) - raft.server.retrycache.expirytime = 600000ms (custom)
2022-10-16 13:14:53,424 [pool-436-thread-1] INFO  server.RaftServerConfigKeys (ConfUtils.java:logGet(46)) - raft.server.retrycache.statistics.expirytime = 100μs (default)
2022-10-16 13:14:53,425 [pool-436-thread-1] INFO  server.RaftServerConfigKeys (ConfUtils.java:logGet(46)) - raft.server.log.appender.install.snapshot.enabled = false (custom)
2022-10-16 13:14:53,425 [pool-436-thread-1] INFO  server.RaftServerConfigKeys (ConfUtils.java:logGet(46)) - raft.server.threadpool.server.cached = true (default)
2022-10-16 13:14:53,425 [pool-436-thread-1] INFO  server.RaftServerConfigKeys (ConfUtils.java:logGet(46)) - raft.server.threadpool.server.size = 0 (default)
2022-10-16 13:14:53,425 [pool-436-thread-1] INFO  server.RaftServerConfigKeys (ConfUtils.java:logGet(46)) - raft.server.threadpool.client.cached = true (default)
2022-10-16 13:14:53,426 [pool-436-thread-1] INFO  server.RaftServerConfigKeys (ConfUtils.java:logGet(46)) - raft.server.threadpool.client.size = 0 (default)
2022-10-16 13:14:53,426 [pool-436-thread-1] INFO  server.RaftServer$Division (RaftServerImpl.java:start(310)) - 48438861-3901-41c2-841c-a6894bcecd85@group-6D99D335DBF7: start as a follower, conf=-1: [6ff47f3f-d87f-42dc-9b9d-4568dd026d85|rpc:10.1.0.60:42999|priority:1, 48438861-3901-41c2-841c-a6894bcecd85|rpc:10.1.0.60:38415|priority:0, e49c2e86-d777-4cdf-94d6-56177341a9ef|rpc:10.1.0.60:37353|priority:0], old=null
2022-10-16 13:14:53,426 [pool-436-thread-1] INFO  server.RaftServer$Division (RaftServerImpl.java:setRole(299)) - 48438861-3901-41c2-841c-a6894bcecd85@group-6D99D335DBF7: changes role from      null to FOLLOWER at term 0 for startAsFollower
2022-10-16 13:14:53,426 [pool-436-thread-1] INFO  impl.RoleInfo (RoleInfo.java:updateAndGet(139)) - 48438861-3901-41c2-841c-a6894bcecd85: start 48438861-3901-41c2-841c-a6894bcecd85@group-6D99D335DBF7-FollowerState
2022-10-16 13:14:53,427 [pool-436-thread-1] INFO  util.JmxRegister (JmxRegister.java:tryRegister(44)) - Successfully registered JMX Bean with object name Ratis:service=RaftServer,group=group-6D99D335DBF7,id=48438861-3901-41c2-841c-a6894bcecd85
2022-10-16 13:14:53,428 [Command processor thread] INFO  ratis.XceiverServerRatis (XceiverServerRatis.java:addGroup(765)) - Created group PipelineID=e7c045af-1790-48c2-bcba-6d99d335dbf7
2022-10-16 13:14:53,436 [grpc-default-executor-5] INFO  server.RaftServer (RaftServerProxy.java:addNew(96)) - 6ff47f3f-d87f-42dc-9b9d-4568dd026d85: addNew group-6D99D335DBF7:[6ff47f3f-d87f-42dc-9b9d-4568dd026d85|rpc:10.1.0.60:42999|dataStream:|priority:1, 48438861-3901-41c2-841c-a6894bcecd85|rpc:10.1.0.60:38415|dataStream:|priority:0, e49c2e86-d777-4cdf-94d6-56177341a9ef|rpc:10.1.0.60:37353|dataStream:|priority:0] returns group-6D99D335DBF7:java.util.concurrent.CompletableFuture@9229347[Not completed]
2022-10-16 13:14:53,438 [pool-459-thread-1] INFO  server.RaftServer$Division (RaftServerImpl.java:<init>(190)) - 6ff47f3f-d87f-42dc-9b9d-4568dd026d85: new RaftServerImpl for group-6D99D335DBF7:[6ff47f3f-d87f-42dc-9b9d-4568dd026d85|rpc:10.1.0.60:42999|dataStream:|priority:1, 48438861-3901-41c2-841c-a6894bcecd85|rpc:10.1.0.60:38415|dataStream:|priority:0, e49c2e86-d777-4cdf-94d6-56177341a9ef|rpc:10.1.0.60:37353|dataStream:|priority:0] with ContainerStateMachine:uninitialized
2022-10-16 13:14:53,438 [pool-459-thread-1] INFO  server.RaftServerConfigKeys (ConfUtils.java:logGet(46)) - raft.server.rpc.timeout.min = 5s (custom)
2022-10-16 13:14:53,438 [pool-459-thread-1] INFO  server.RaftServerConfigKeys (ConfUtils.java:logGet(46)) - raft.server.rpc.timeout.max = 5200ms (custom)
2022-10-16 13:14:53,438 [pool-459-thread-1] INFO  server.RaftServerConfigKeys (ConfUtils.java:logGet(46)) - raft.server.rpc.sleep.time = 25ms (default)
2022-10-16 13:14:53,438 [pool-459-thread-1] INFO  server.RaftServerConfigKeys (ConfUtils.java:logGet(46)) - raft.server.rpc.slowness.timeout = 300s (custom)
2022-10-16 13:14:53,438 [pool-459-thread-1] INFO  server.RaftServerConfigKeys (ConfUtils.java:logGet(46)) - raft.server.leaderelection.leader.step-down.wait-time = 10s (default)
2022-10-16 13:14:53,438 [pool-459-thread-1] INFO  server.RaftServerConfigKeys (ConfUtils.java:logGet(46)) - raft.server.sleep.deviation.threshold = 300ms (default)
2022-10-16 13:14:53,438 [pool-459-thread-1] INFO  server.RaftServer$Division (ServerState.java:<init>(107)) - 6ff47f3f-d87f-42dc-9b9d-4568dd026d85@group-6D99D335DBF7: ConfigurationManager, init=-1: [6ff47f3f-d87f-42dc-9b9d-4568dd026d85|rpc:10.1.0.60:42999|dataStream:|priority:1, 48438861-3901-41c2-841c-a6894bcecd85|rpc:10.1.0.60:38415|dataStream:|priority:0, e49c2e86-d777-4cdf-94d6-56177341a9ef|rpc:10.1.0.60:37353|dataStream:|priority:0], old=null, confs=<EMPTY_MAP>
2022-10-16 13:14:53,438 [pool-459-thread-1] INFO  server.RaftServerConfigKeys (ConfUtils.java:logGet(46)) - raft.server.storage.dir = [/home/runner/work/ozone/ozone/hadoop-ozone/integration-test/target/test-dir/MiniOzoneClusterImpl-1260e40a-66d4-47e7-b895-29d827f4fcd0/datanode-1/data/ratis] (custom)
2022-10-16 13:14:53,439 [pool-459-thread-1] INFO  server.RaftServerConfigKeys (ConfUtils.java:logGet(46)) - raft.server.log.corruption.policy = EXCEPTION (default)
2022-10-16 13:14:53,439 [pool-459-thread-1] INFO  server.RaftServerConfigKeys (ConfUtils.java:logGet(46)) - raft.server.storage.free-space.min = 0MB (=0) (default)
2022-10-16 13:14:53,439 [pool-459-thread-1] INFO  storage.RaftStorageDirectory (RaftStorageDirectoryImpl.java:analyzeStorage(135)) - The storage directory /home/runner/work/ozone/ozone/hadoop-ozone/integration-test/target/test-dir/MiniOzoneClusterImpl-1260e40a-66d4-47e7-b895-29d827f4fcd0/datanode-1/data/ratis/e7c045af-1790-48c2-bcba-6d99d335dbf7 does not exist. Creating ...
2022-10-16 13:14:53,441 [pool-459-thread-1] INFO  storage.RaftStorageDirectory (RaftStorageDirectoryImpl.java:tryLock(230)) - Lock on /home/runner/work/ozone/ozone/hadoop-ozone/integration-test/target/test-dir/MiniOzoneClusterImpl-1260e40a-66d4-47e7-b895-29d827f4fcd0/datanode-1/data/ratis/e7c045af-1790-48c2-bcba-6d99d335dbf7/in_use.lock acquired by nodename 44550@fv-az308-250
2022-10-16 13:14:53,442 [pool-459-thread-1] INFO  storage.RaftStorage (RaftStorageImpl.java:format(89)) - Storage directory /home/runner/work/ozone/ozone/hadoop-ozone/integration-test/target/test-dir/MiniOzoneClusterImpl-1260e40a-66d4-47e7-b895-29d827f4fcd0/datanode-1/data/ratis/e7c045af-1790-48c2-bcba-6d99d335dbf7 has been successfully formatted.
2022-10-16 13:14:53,443 [pool-459-thread-1] INFO  ratis.ContainerStateMachine (ContainerStateMachine.java:loadSnapshot(236)) - group-6D99D335DBF7: The snapshot info is null. Setting the last applied indexto:(t:0, i:~)
2022-10-16 13:14:53,443 [pool-459-thread-1] INFO  server.RaftServerConfigKeys (ConfUtils.java:logGet(46)) - raft.server.notification.no-leader.timeout = 300s (custom)
2022-10-16 13:14:53,443 [pool-459-thread-1] INFO  server.RaftServerConfigKeys (ConfUtils.java:logGet(46)) - raft.server.log.use.memory = false (default)
2022-10-16 13:14:53,444 [pool-459-thread-1] INFO  server.RaftServerConfigKeys (ConfUtils.java:logGet(46)) - raft.server.log.purge.gap = 1000000 (custom)
2022-10-16 13:14:53,444 [pool-459-thread-1] INFO  server.RaftServerConfigKeys (ConfUtils.java:logGet(46)) - raft.server.log.appender.buffer.byte-limit = 33554432 (custom)
2022-10-16 13:14:53,444 [pool-459-thread-1] INFO  server.RaftServerConfigKeys (ConfUtils.java:logGet(46)) - raft.server.log.statemachine.data.read.timeout = 1000ms (default)
2022-10-16 13:14:53,445 [pool-459-thread-1] INFO  server.RaftServerConfigKeys (ConfUtils.java:logGet(46)) - raft.server.log.segment.size.max = 1048576 (custom)
2022-10-16 13:14:53,445 [pool-459-thread-1] INFO  server.RaftServerConfigKeys (ConfUtils.java:logGet(46)) - raft.server.log.segment.cache.num.max = 2 (custom)
2022-10-16 13:14:53,445 [pool-459-thread-1] INFO  server.RaftServerConfigKeys (ConfUtils.java:logGet(46)) - raft.server.log.segment.cache.size.max = 200MB (=209715200) (default)
2022-10-16 13:14:53,445 [pool-459-thread-1] INFO  segmented.SegmentedRaftLogWorker (SegmentedRaftLogWorker.java:<init>(187)) - new 6ff47f3f-d87f-42dc-9b9d-4568dd026d85@group-6D99D335DBF7-SegmentedRaftLogWorker for RaftStorageImpl:Storage Directory /home/runner/work/ozone/ozone/hadoop-ozone/integration-test/target/test-dir/MiniOzoneClusterImpl-1260e40a-66d4-47e7-b895-29d827f4fcd0/datanode-1/data/ratis/e7c045af-1790-48c2-bcba-6d99d335dbf7
2022-10-16 13:14:53,445 [pool-459-thread-1] INFO  server.RaftServerConfigKeys (ConfUtils.java:logGet(46)) - raft.server.log.queue.byte-limit = 4294967296 (custom)
2022-10-16 13:14:53,445 [pool-459-thread-1] INFO  server.RaftServerConfigKeys (ConfUtils.java:logGet(46)) - raft.server.log.queue.element-limit = 1024 (custom)
2022-10-16 13:14:53,445 [pool-459-thread-1] INFO  server.RaftServerConfigKeys (ConfUtils.java:logGet(46)) - raft.server.log.segment.size.max = 1048576 (custom)
2022-10-16 13:14:53,445 [pool-459-thread-1] INFO  server.RaftServerConfigKeys (ConfUtils.java:logGet(46)) - raft.server.log.preallocated.size = 16384 (custom)
2022-10-16 13:14:53,445 [pool-459-thread-1] INFO  server.RaftServerConfigKeys (ConfUtils.java:logGet(46)) - raft.server.log.force.sync.num = 128 (default)
2022-10-16 13:14:53,445 [pool-459-thread-1] INFO  server.RaftServerConfigKeys (ConfUtils.java:logGet(46)) - raft.server.log.statemachine.data.sync = true (default)
2022-10-16 13:14:53,445 [pool-459-thread-1] INFO  server.RaftServerConfigKeys (ConfUtils.java:logGet(46)) - raft.server.log.statemachine.data.sync.timeout = 10s (default)
2022-10-16 13:14:53,445 [pool-459-thread-1] INFO  server.RaftServerConfigKeys (ConfUtils.java:logGet(46)) - raft.server.log.statemachine.data.sync.timeout.retry = -1 (default)
2022-10-16 13:14:53,446 [pool-459-thread-1] INFO  server.RaftServerConfigKeys (ConfUtils.java:logGet(46)) - raft.server.log.write.buffer.size = 1048576 (custom)
2022-10-16 13:14:53,447 [pool-459-thread-1] INFO  server.RaftServerConfigKeys (ConfUtils.java:logGet(46)) - raft.server.log.unsafe-flush.enabled = false (default)
2022-10-16 13:14:53,447 [pool-459-thread-1] INFO  server.RaftServerConfigKeys (ConfUtils.java:logGet(46)) - raft.server.log.statemachine.data.caching.enabled = true (custom)
2022-10-16 13:14:53,447 [pool-459-thread-1] INFO  segmented.SegmentedRaftLogWorker (SegmentedRaftLogWorker.java:lambda$new$0(135)) - 6ff47f3f-d87f-42dc-9b9d-4568dd026d85@group-6D99D335DBF7-SegmentedRaftLogWorker: flushIndex: setUnconditionally 0 -> -1
2022-10-16 13:14:53,447 [pool-459-thread-1] INFO  segmented.SegmentedRaftLogWorker (SegmentedRaftLogWorker.java:lambda$new$0(135)) - 6ff47f3f-d87f-42dc-9b9d-4568dd026d85@group-6D99D335DBF7-SegmentedRaftLogWorker: safeCacheEvictIndex: setUnconditionally 0 -> -1
2022-10-16 13:14:53,448 [pool-459-thread-1] INFO  server.RaftServerConfigKeys (ConfUtils.java:logGet(46)) - raft.server.snapshot.auto.trigger.enabled = true (custom)
2022-10-16 13:14:53,448 [pool-459-thread-1] INFO  server.RaftServerConfigKeys (ConfUtils.java:logGet(46)) - raft.server.snapshot.auto.trigger.threshold = 10000 (custom)
2022-10-16 13:14:53,448 [pool-459-thread-1] INFO  server.RaftServerConfigKeys (ConfUtils.java:logGet(46)) - raft.server.snapshot.retention.file.num = 5 (custom)
2022-10-16 13:14:53,448 [pool-459-thread-1] INFO  server.RaftServerConfigKeys (ConfUtils.java:logGet(46)) - raft.server.log.purge.upto.snapshot.index = false (default)
2022-10-16 13:14:53,448 [pool-459-thread-1] INFO  server.RaftServerConfigKeys (ConfUtils.java:logGet(46)) - raft.server.retrycache.expirytime = 600000ms (custom)
2022-10-16 13:14:53,448 [pool-459-thread-1] INFO  server.RaftServerConfigKeys (ConfUtils.java:logGet(46)) - raft.server.retrycache.statistics.expirytime = 100μs (default)
2022-10-16 13:14:53,449 [pool-459-thread-1] INFO  server.RaftServerConfigKeys (ConfUtils.java:logGet(46)) - raft.server.log.appender.install.snapshot.enabled = false (custom)
2022-10-16 13:14:53,449 [pool-459-thread-1] INFO  server.RaftServerConfigKeys (ConfUtils.java:logGet(46)) - raft.server.threadpool.server.cached = true (default)
2022-10-16 13:14:53,449 [pool-459-thread-1] INFO  server.RaftServerConfigKeys (ConfUtils.java:logGet(46)) - raft.server.threadpool.server.size = 0 (default)
2022-10-16 13:14:53,449 [pool-459-thread-1] INFO  server.RaftServerConfigKeys (ConfUtils.java:logGet(46)) - raft.server.threadpool.client.cached = true (default)
2022-10-16 13:14:53,449 [pool-459-thread-1] INFO  server.RaftServerConfigKeys (ConfUtils.java:logGet(46)) - raft.server.threadpool.client.size = 0 (default)
2022-10-16 13:14:53,449 [pool-459-thread-1] INFO  server.RaftServer$Division (RaftServerImpl.java:start(310)) - 6ff47f3f-d87f-42dc-9b9d-4568dd026d85@group-6D99D335DBF7: start as a follower, conf=-1: [6ff47f3f-d87f-42dc-9b9d-4568dd026d85|rpc:10.1.0.60:42999|dataStream:|priority:1, 48438861-3901-41c2-841c-a6894bcecd85|rpc:10.1.0.60:38415|dataStream:|priority:0, e49c2e86-d777-4cdf-94d6-56177341a9ef|rpc:10.1.0.60:37353|dataStream:|priority:0], old=null
2022-10-16 13:14:53,449 [pool-459-thread-1] INFO  server.RaftServer$Division (RaftServerImpl.java:setRole(299)) - 6ff47f3f-d87f-42dc-9b9d-4568dd026d85@group-6D99D335DBF7: changes role from      null to FOLLOWER at term 0 for startAsFollower
2022-10-16 13:14:53,449 [pool-459-thread-1] INFO  impl.RoleInfo (RoleInfo.java:updateAndGet(139)) - 6ff47f3f-d87f-42dc-9b9d-4568dd026d85: start 6ff47f3f-d87f-42dc-9b9d-4568dd026d85@group-6D99D335DBF7-FollowerState
2022-10-16 13:14:53,452 [pool-459-thread-1] INFO  util.JmxRegister (JmxRegister.java:tryRegister(44)) - Successfully registered JMX Bean with object name Ratis:service=RaftServer,group=group-6D99D335DBF7,id=6ff47f3f-d87f-42dc-9b9d-4568dd026d85
2022-10-16 13:14:53,465 [grpc-default-executor-5] INFO  server.RaftServer (RaftServerProxy.java:addNew(96)) - e49c2e86-d777-4cdf-94d6-56177341a9ef: addNew group-6D99D335DBF7:[6ff47f3f-d87f-42dc-9b9d-4568dd026d85|rpc:10.1.0.60:42999|dataStream:|priority:1, 48438861-3901-41c2-841c-a6894bcecd85|rpc:10.1.0.60:38415|dataStream:|priority:0, e49c2e86-d777-4cdf-94d6-56177341a9ef|rpc:10.1.0.60:37353|dataStream:|priority:0] returns group-6D99D335DBF7:java.util.concurrent.CompletableFuture@40ef167e[Not completed]
2022-10-16 13:14:53,466 [pool-482-thread-1] INFO  server.RaftServer$Division (RaftServerImpl.java:<init>(190)) - e49c2e86-d777-4cdf-94d6-56177341a9ef: new RaftServerImpl for group-6D99D335DBF7:[6ff47f3f-d87f-42dc-9b9d-4568dd026d85|rpc:10.1.0.60:42999|dataStream:|priority:1, 48438861-3901-41c2-841c-a6894bcecd85|rpc:10.1.0.60:38415|dataStream:|priority:0, e49c2e86-d777-4cdf-94d6-56177341a9ef|rpc:10.1.0.60:37353|dataStream:|priority:0] with ContainerStateMachine:uninitialized
2022-10-16 13:14:53,466 [pool-482-thread-1] INFO  server.RaftServerConfigKeys (ConfUtils.java:logGet(46)) - raft.server.rpc.timeout.min = 5s (custom)
2022-10-16 13:14:53,466 [pool-482-thread-1] INFO  server.RaftServerConfigKeys (ConfUtils.java:logGet(46)) - raft.server.rpc.timeout.max = 5200ms (custom)
2022-10-16 13:14:53,466 [pool-482-thread-1] INFO  server.RaftServerConfigKeys (ConfUtils.java:logGet(46)) - raft.server.rpc.sleep.time = 25ms (default)
2022-10-16 13:14:53,466 [pool-482-thread-1] INFO  server.RaftServerConfigKeys (ConfUtils.java:logGet(46)) - raft.server.rpc.slowness.timeout = 300s (custom)
2022-10-16 13:14:53,466 [pool-482-thread-1] INFO  server.RaftServerConfigKeys (ConfUtils.java:logGet(46)) - raft.server.leaderelection.leader.step-down.wait-time = 10s (default)
2022-10-16 13:14:53,466 [pool-482-thread-1] INFO  server.RaftServerConfigKeys (ConfUtils.java:logGet(46)) - raft.server.sleep.deviation.threshold = 300ms (default)
2022-10-16 13:14:53,466 [pool-482-thread-1] INFO  server.RaftServer$Division (ServerState.java:<init>(107)) - e49c2e86-d777-4cdf-94d6-56177341a9ef@group-6D99D335DBF7: ConfigurationManager, init=-1: [6ff47f3f-d87f-42dc-9b9d-4568dd026d85|rpc:10.1.0.60:42999|dataStream:|priority:1, 48438861-3901-41c2-841c-a6894bcecd85|rpc:10.1.0.60:38415|dataStream:|priority:0, e49c2e86-d777-4cdf-94d6-56177341a9ef|rpc:10.1.0.60:37353|dataStream:|priority:0], old=null, confs=<EMPTY_MAP>
2022-10-16 13:14:53,466 [pool-482-thread-1] INFO  server.RaftServerConfigKeys (ConfUtils.java:logGet(46)) - raft.server.storage.dir = [/home/runner/work/ozone/ozone/hadoop-ozone/integration-test/target/test-dir/MiniOzoneClusterImpl-1260e40a-66d4-47e7-b895-29d827f4fcd0/datanode-2/data/ratis] (custom)
2022-10-16 13:14:53,466 [pool-482-thread-1] INFO  server.RaftServerConfigKeys (ConfUtils.java:logGet(46)) - raft.server.log.corruption.policy = EXCEPTION (default)
2022-10-16 13:14:53,466 [pool-482-thread-1] INFO  server.RaftServerConfigKeys (ConfUtils.java:logGet(46)) - raft.server.storage.free-space.min = 0MB (=0) (default)
2022-10-16 13:14:53,466 [pool-482-thread-1] INFO  storage.RaftStorageDirectory (RaftStorageDirectoryImpl.java:analyzeStorage(135)) - The storage directory /home/runner/work/ozone/ozone/hadoop-ozone/integration-test/target/test-dir/MiniOzoneClusterImpl-1260e40a-66d4-47e7-b895-29d827f4fcd0/datanode-2/data/ratis/e7c045af-1790-48c2-bcba-6d99d335dbf7 does not exist. Creating ...
2022-10-16 13:14:53,467 [pool-482-thread-1] INFO  storage.RaftStorageDirectory (RaftStorageDirectoryImpl.java:tryLock(230)) - Lock on /home/runner/work/ozone/ozone/hadoop-ozone/integration-test/target/test-dir/MiniOzoneClusterImpl-1260e40a-66d4-47e7-b895-29d827f4fcd0/datanode-2/data/ratis/e7c045af-1790-48c2-bcba-6d99d335dbf7/in_use.lock acquired by nodename 44550@fv-az308-250
2022-10-16 13:14:53,468 [pool-482-thread-1] INFO  storage.RaftStorage (RaftStorageImpl.java:format(89)) - Storage directory /home/runner/work/ozone/ozone/hadoop-ozone/integration-test/target/test-dir/MiniOzoneClusterImpl-1260e40a-66d4-47e7-b895-29d827f4fcd0/datanode-2/data/ratis/e7c045af-1790-48c2-bcba-6d99d335dbf7 has been successfully formatted.
2022-10-16 13:14:53,471 [pool-482-thread-1] INFO  ratis.ContainerStateMachine (ContainerStateMachine.java:loadSnapshot(236)) - group-6D99D335DBF7: The snapshot info is null. Setting the last applied indexto:(t:0, i:~)
2022-10-16 13:14:53,471 [pool-482-thread-1] INFO  server.RaftServerConfigKeys (ConfUtils.java:logGet(46)) - raft.server.notification.no-leader.timeout = 300s (custom)
2022-10-16 13:14:53,471 [pool-482-thread-1] INFO  server.RaftServerConfigKeys (ConfUtils.java:logGet(46)) - raft.server.log.use.memory = false (default)
2022-10-16 13:14:53,471 [pool-482-thread-1] INFO  server.RaftServerConfigKeys (ConfUtils.java:logGet(46)) - raft.server.log.purge.gap = 1000000 (custom)
2022-10-16 13:14:53,472 [pool-482-thread-1] INFO  server.RaftServerConfigKeys (ConfUtils.java:logGet(46)) - raft.server.log.appender.buffer.byte-limit = 33554432 (custom)
2022-10-16 13:14:53,472 [pool-482-thread-1] INFO  server.RaftServerConfigKeys (ConfUtils.java:logGet(46)) - raft.server.log.statemachine.data.read.timeout = 1000ms (default)
2022-10-16 13:14:53,472 [pool-482-thread-1] INFO  server.RaftServerConfigKeys (ConfUtils.java:logGet(46)) - raft.server.log.segment.size.max = 1048576 (custom)
2022-10-16 13:14:53,473 [pool-482-thread-1] INFO  server.RaftServerConfigKeys (ConfUtils.java:logGet(46)) - raft.server.log.segment.cache.num.max = 2 (custom)
2022-10-16 13:14:53,473 [pool-482-thread-1] INFO  server.RaftServerConfigKeys (ConfUtils.java:logGet(46)) - raft.server.log.segment.cache.size.max = 200MB (=209715200) (default)
2022-10-16 13:14:53,473 [pool-482-thread-1] INFO  segmented.SegmentedRaftLogWorker (SegmentedRaftLogWorker.java:<init>(187)) - new e49c2e86-d777-4cdf-94d6-56177341a9ef@group-6D99D335DBF7-SegmentedRaftLogWorker for RaftStorageImpl:Storage Directory /home/runner/work/ozone/ozone/hadoop-ozone/integration-test/target/test-dir/MiniOzoneClusterImpl-1260e40a-66d4-47e7-b895-29d827f4fcd0/datanode-2/data/ratis/e7c045af-1790-48c2-bcba-6d99d335dbf7
2022-10-16 13:14:53,473 [pool-482-thread-1] INFO  server.RaftServerConfigKeys (ConfUtils.java:logGet(46)) - raft.server.log.queue.byte-limit = 4294967296 (custom)
2022-10-16 13:14:53,473 [pool-482-thread-1] INFO  server.RaftServerConfigKeys (ConfUtils.java:logGet(46)) - raft.server.log.queue.element-limit = 1024 (custom)
2022-10-16 13:14:53,473 [pool-482-thread-1] INFO  server.RaftServerConfigKeys (ConfUtils.java:logGet(46)) - raft.server.log.segment.size.max = 1048576 (custom)
2022-10-16 13:14:53,473 [pool-482-thread-1] INFO  server.RaftServerConfigKeys (ConfUtils.java:logGet(46)) - raft.server.log.preallocated.size = 16384 (custom)
2022-10-16 13:14:53,473 [pool-482-thread-1] INFO  server.RaftServerConfigKeys (ConfUtils.java:logGet(46)) - raft.server.log.force.sync.num = 128 (default)
2022-10-16 13:14:53,473 [pool-482-thread-1] INFO  server.RaftServerConfigKeys (ConfUtils.java:logGet(46)) - raft.server.log.statemachine.data.sync = true (default)
2022-10-16 13:14:53,473 [pool-482-thread-1] INFO  server.RaftServerConfigKeys (ConfUtils.java:logGet(46)) - raft.server.log.statemachine.data.sync.timeout = 10s (default)
2022-10-16 13:14:53,473 [pool-482-thread-1] INFO  server.RaftServerConfigKeys (ConfUtils.java:logGet(46)) - raft.server.log.statemachine.data.sync.timeout.retry = -1 (default)
2022-10-16 13:14:53,474 [pool-482-thread-1] INFO  server.RaftServerConfigKeys (ConfUtils.java:logGet(46)) - raft.server.log.write.buffer.size = 1048576 (custom)
2022-10-16 13:14:53,474 [pool-482-thread-1] INFO  server.RaftServerConfigKeys (ConfUtils.java:logGet(46)) - raft.server.log.unsafe-flush.enabled = false (default)
2022-10-16 13:14:53,474 [pool-482-thread-1] INFO  server.RaftServerConfigKeys (ConfUtils.java:logGet(46)) - raft.server.log.statemachine.data.caching.enabled = true (custom)
2022-10-16 13:14:53,474 [pool-482-thread-1] INFO  segmented.SegmentedRaftLogWorker (SegmentedRaftLogWorker.java:lambda$new$0(135)) - e49c2e86-d777-4cdf-94d6-56177341a9ef@group-6D99D335DBF7-SegmentedRaftLogWorker: flushIndex: setUnconditionally 0 -> -1
2022-10-16 13:14:53,474 [pool-482-thread-1] INFO  segmented.SegmentedRaftLogWorker (SegmentedRaftLogWorker.java:lambda$new$0(135)) - e49c2e86-d777-4cdf-94d6-56177341a9ef@group-6D99D335DBF7-SegmentedRaftLogWorker: safeCacheEvictIndex: setUnconditionally 0 -> -1
2022-10-16 13:14:53,474 [pool-482-thread-1] INFO  server.RaftServerConfigKeys (ConfUtils.java:logGet(46)) - raft.server.snapshot.auto.trigger.enabled = true (custom)
2022-10-16 13:14:53,474 [pool-482-thread-1] INFO  server.RaftServerConfigKeys (ConfUtils.java:logGet(46)) - raft.server.snapshot.auto.trigger.threshold = 10000 (custom)
2022-10-16 13:14:53,474 [pool-482-thread-1] INFO  server.RaftServerConfigKeys (ConfUtils.java:logGet(46)) - raft.server.snapshot.retention.file.num = 5 (custom)
2022-10-16 13:14:53,474 [pool-482-thread-1] INFO  server.RaftServerConfigKeys (ConfUtils.java:logGet(46)) - raft.server.log.purge.upto.snapshot.index = false (default)
2022-10-16 13:14:53,474 [pool-482-thread-1] INFO  server.RaftServerConfigKeys (ConfUtils.java:logGet(46)) - raft.server.retrycache.expirytime = 600000ms (custom)
2022-10-16 13:14:53,474 [pool-482-thread-1] INFO  server.RaftServerConfigKeys (ConfUtils.java:logGet(46)) - raft.server.retrycache.statistics.expirytime = 100μs (default)
2022-10-16 13:14:53,476 [pool-482-thread-1] INFO  server.RaftServerConfigKeys (ConfUtils.java:logGet(46)) - raft.server.log.appender.install.snapshot.enabled = false (custom)
2022-10-16 13:14:53,476 [pool-482-thread-1] INFO  server.RaftServerConfigKeys (ConfUtils.java:logGet(46)) - raft.server.threadpool.server.cached = true (default)
2022-10-16 13:14:53,476 [pool-482-thread-1] INFO  server.RaftServerConfigKeys (ConfUtils.java:logGet(46)) - raft.server.threadpool.server.size = 0 (default)
2022-10-16 13:14:53,476 [pool-482-thread-1] INFO  server.RaftServerConfigKeys (ConfUtils.java:logGet(46)) - raft.server.threadpool.client.cached = true (default)
2022-10-16 13:14:53,476 [pool-482-thread-1] INFO  server.RaftServerConfigKeys (ConfUtils.java:logGet(46)) - raft.server.threadpool.client.size = 0 (default)
2022-10-16 13:14:53,476 [pool-482-thread-1] INFO  server.RaftServer$Division (RaftServerImpl.java:start(310)) - e49c2e86-d777-4cdf-94d6-56177341a9ef@group-6D99D335DBF7: start as a follower, conf=-1: [6ff47f3f-d87f-42dc-9b9d-4568dd026d85|rpc:10.1.0.60:42999|dataStream:|priority:1, 48438861-3901-41c2-841c-a6894bcecd85|rpc:10.1.0.60:38415|dataStream:|priority:0, e49c2e86-d777-4cdf-94d6-56177341a9ef|rpc:10.1.0.60:37353|dataStream:|priority:0], old=null
2022-10-16 13:14:53,476 [pool-482-thread-1] INFO  server.RaftServer$Division (RaftServerImpl.java:setRole(299)) - e49c2e86-d777-4cdf-94d6-56177341a9ef@group-6D99D335DBF7: changes role from      null to FOLLOWER at term 0 for startAsFollower
2022-10-16 13:14:53,480 [pool-482-thread-1] INFO  impl.RoleInfo (RoleInfo.java:updateAndGet(139)) - e49c2e86-d777-4cdf-94d6-56177341a9ef: start e49c2e86-d777-4cdf-94d6-56177341a9ef@group-6D99D335DBF7-FollowerState
2022-10-16 13:14:53,480 [pool-482-thread-1] INFO  util.JmxRegister (JmxRegister.java:tryRegister(44)) - Successfully registered JMX Bean with object name Ratis:service=RaftServer,group=group-6D99D335DBF7,id=e49c2e86-d777-4cdf-94d6-56177341a9ef
2022-10-16 13:14:53,483 [Command processor thread] INFO  commandhandler.CreatePipelineCommandHandler (CreatePipelineCommandHandler.java:handle(113)) - Created Pipeline RATIS THREE PipelineID=e7c045af-1790-48c2-bcba-6d99d335dbf7.
2022-10-16 13:14:53,644 [Listener at 127.0.0.1/37791] INFO  ozone.MiniOzoneClusterImpl (MiniOzoneClusterImpl.java:lambda$waitForClusterToBeReady$0(216)) - Nodes are ready. Got 5 of 5 DN Heartbeats.
2022-10-16 13:14:53,644 [Listener at 127.0.0.1/37791] INFO  ozone.MiniOzoneClusterImpl (MiniOzoneClusterImpl.java:lambda$waitForClusterToBeReady$0(219)) - Waiting for cluster to exit safe mode
2022-10-16 13:14:53,644 [Listener at 127.0.0.1/37791] INFO  ozone.MiniOzoneClusterImpl (MiniOzoneClusterImpl.java:lambda$waitForClusterToBeReady$0(221)) - SCM became leader
2022-10-16 13:14:53,707 [Command processor thread] INFO  server.RaftServer (RaftServerProxy.java:addNew(96)) - 6ff47f3f-d87f-42dc-9b9d-4568dd026d85: addNew group-C436125BFFAD:[6ff47f3f-d87f-42dc-9b9d-4568dd026d85|rpc:10.1.0.60:42999|priority:1] returns group-C436125BFFAD:java.util.concurrent.CompletableFuture@4587bfbd[Not completed]
2022-10-16 13:14:53,708 [pool-459-thread-1] INFO  server.RaftServer$Division (RaftServerImpl.java:<init>(190)) - 6ff47f3f-d87f-42dc-9b9d-4568dd026d85: new RaftServerImpl for group-C436125BFFAD:[6ff47f3f-d87f-42dc-9b9d-4568dd026d85|rpc:10.1.0.60:42999|priority:1] with ContainerStateMachine:uninitialized
2022-10-16 13:14:53,708 [pool-459-thread-1] INFO  server.RaftServerConfigKeys (ConfUtils.java:logGet(46)) - raft.server.rpc.timeout.min = 5s (custom)
2022-10-16 13:14:53,708 [pool-459-thread-1] INFO  server.RaftServerConfigKeys (ConfUtils.java:logGet(46)) - raft.server.rpc.timeout.max = 5200ms (custom)
2022-10-16 13:14:53,708 [pool-459-thread-1] INFO  server.RaftServerConfigKeys (ConfUtils.java:logGet(46)) - raft.server.rpc.sleep.time = 25ms (default)
2022-10-16 13:14:53,708 [pool-459-thread-1] INFO  server.RaftServerConfigKeys (ConfUtils.java:logGet(46)) - raft.server.rpc.slowness.timeout = 300s (custom)
2022-10-16 13:14:53,708 [pool-459-thread-1] INFO  server.RaftServerConfigKeys (ConfUtils.java:logGet(46)) - raft.server.leaderelection.leader.step-down.wait-time = 10s (default)
2022-10-16 13:14:53,708 [pool-459-thread-1] INFO  server.RaftServerConfigKeys (ConfUtils.java:logGet(46)) - raft.server.sleep.deviation.threshold = 300ms (default)
2022-10-16 13:14:53,708 [pool-459-thread-1] INFO  server.RaftServer$Division (ServerState.java:<init>(107)) - 6ff47f3f-d87f-42dc-9b9d-4568dd026d85@group-C436125BFFAD: ConfigurationManager, init=-1: [6ff47f3f-d87f-42dc-9b9d-4568dd026d85|rpc:10.1.0.60:42999|priority:1], old=null, confs=<EMPTY_MAP>
2022-10-16 13:14:53,708 [pool-459-thread-1] INFO  server.RaftServerConfigKeys (ConfUtils.java:logGet(46)) - raft.server.storage.dir = [/home/runner/work/ozone/ozone/hadoop-ozone/integration-test/target/test-dir/MiniOzoneClusterImpl-1260e40a-66d4-47e7-b895-29d827f4fcd0/datanode-1/data/ratis] (custom)
2022-10-16 13:14:53,708 [pool-459-thread-1] INFO  server.RaftServerConfigKeys (ConfUtils.java:logGet(46)) - raft.server.log.corruption.policy = EXCEPTION (default)
2022-10-16 13:14:53,709 [pool-459-thread-1] INFO  server.RaftServerConfigKeys (ConfUtils.java:logGet(46)) - raft.server.storage.free-space.min = 0MB (=0) (default)
2022-10-16 13:14:53,709 [pool-459-thread-1] INFO  storage.RaftStorageDirectory (RaftStorageDirectoryImpl.java:analyzeStorage(135)) - The storage directory /home/runner/work/ozone/ozone/hadoop-ozone/integration-test/target/test-dir/MiniOzoneClusterImpl-1260e40a-66d4-47e7-b895-29d827f4fcd0/datanode-1/data/ratis/57e8a5d9-5899-4d57-9014-c436125bffad does not exist. Creating ...
2022-10-16 13:14:53,711 [pool-459-thread-1] INFO  storage.RaftStorageDirectory (RaftStorageDirectoryImpl.java:tryLock(230)) - Lock on /home/runner/work/ozone/ozone/hadoop-ozone/integration-test/target/test-dir/MiniOzoneClusterImpl-1260e40a-66d4-47e7-b895-29d827f4fcd0/datanode-1/data/ratis/57e8a5d9-5899-4d57-9014-c436125bffad/in_use.lock acquired by nodename 44550@fv-az308-250
2022-10-16 13:14:53,713 [pool-459-thread-1] INFO  storage.RaftStorage (RaftStorageImpl.java:format(89)) - Storage directory /home/runner/work/ozone/ozone/hadoop-ozone/integration-test/target/test-dir/MiniOzoneClusterImpl-1260e40a-66d4-47e7-b895-29d827f4fcd0/datanode-1/data/ratis/57e8a5d9-5899-4d57-9014-c436125bffad has been successfully formatted.
2022-10-16 13:14:53,713 [pool-459-thread-1] INFO  ratis.ContainerStateMachine (ContainerStateMachine.java:loadSnapshot(236)) - group-C436125BFFAD: The snapshot info is null. Setting the last applied indexto:(t:0, i:~)
2022-10-16 13:14:53,714 [pool-459-thread-1] INFO  server.RaftServerConfigKeys (ConfUtils.java:logGet(46)) - raft.server.notification.no-leader.timeout = 300s (custom)
2022-10-16 13:14:53,714 [pool-459-thread-1] INFO  server.RaftServerConfigKeys (ConfUtils.java:logGet(46)) - raft.server.log.use.memory = false (default)
2022-10-16 13:14:53,714 [pool-459-thread-1] INFO  server.RaftServerConfigKeys (ConfUtils.java:logGet(46)) - raft.server.log.purge.gap = 1000000 (custom)
2022-10-16 13:14:53,714 [pool-459-thread-1] INFO  server.RaftServerConfigKeys (ConfUtils.java:logGet(46)) - raft.server.log.appender.buffer.byte-limit = 33554432 (custom)
2022-10-16 13:14:53,714 [pool-459-thread-1] INFO  server.RaftServerConfigKeys (ConfUtils.java:logGet(46)) - raft.server.log.statemachine.data.read.timeout = 1000ms (default)
2022-10-16 13:14:53,714 [EventQueue-PipelineReportForPipelineReportHandler] INFO  pipeline.PipelineManagerImpl (PipelineManagerImpl.java:openPipeline(367)) - Pipeline Pipeline[ Id: 57e8a5d9-5899-4d57-9014-c436125bffad, Nodes: 6ff47f3f-d87f-42dc-9b9d-4568dd026d85{ip: 10.1.0.60, host: fv-az308-250.etcbaq1qs54eplwmrjlabigyle.cx.internal.cloudapp.net, ports: [REPLICATION=43397, RATIS=42999, RATIS_ADMIN=42999, RATIS_SERVER=42999, STANDALONE=45749], networkLocation: /default-rack, certSerialId: null, persistedOpState: IN_SERVICE, persistedOpStateExpiryEpochSec: 0}, ReplicationConfig: RATIS/ONE, State:ALLOCATED, leaderId:6ff47f3f-d87f-42dc-9b9d-4568dd026d85, CreationTimestamp2022-10-16T13:14:50.709Z[Etc/UTC]] moved to OPEN state
2022-10-16 13:14:53,715 [EventQueue-OpenPipelineForHealthyPipelineSafeModeRule] INFO  safemode.SCMSafeModeManager (HealthyPipelineSafeModeRule.java:process(137)) - SCM in safe mode. Healthy pipelines reported count is 0, required healthy pipeline reported count is 1
2022-10-16 13:14:53,715 [pool-459-thread-1] INFO  server.RaftServerConfigKeys (ConfUtils.java:logGet(46)) - raft.server.log.segment.size.max = 1048576 (custom)
2022-10-16 13:14:53,717 [pool-459-thread-1] INFO  server.RaftServerConfigKeys (ConfUtils.java:logGet(46)) - raft.server.log.segment.cache.num.max = 2 (custom)
2022-10-16 13:14:53,717 [pool-459-thread-1] INFO  server.RaftServerConfigKeys (ConfUtils.java:logGet(46)) - raft.server.log.segment.cache.size.max = 200MB (=209715200) (default)
2022-10-16 13:14:53,717 [pool-459-thread-1] INFO  segmented.SegmentedRaftLogWorker (SegmentedRaftLogWorker.java:<init>(187)) - new 6ff47f3f-d87f-42dc-9b9d-4568dd026d85@group-C436125BFFAD-SegmentedRaftLogWorker for RaftStorageImpl:Storage Directory /home/runner/work/ozone/ozone/hadoop-ozone/integration-test/target/test-dir/MiniOzoneClusterImpl-1260e40a-66d4-47e7-b895-29d827f4fcd0/datanode-1/data/ratis/57e8a5d9-5899-4d57-9014-c436125bffad
2022-10-16 13:14:53,717 [pool-459-thread-1] INFO  server.RaftServerConfigKeys (ConfUtils.java:logGet(46)) - raft.server.log.queue.byte-limit = 4294967296 (custom)
2022-10-16 13:14:53,717 [pool-459-thread-1] INFO  server.RaftServerConfigKeys (ConfUtils.java:logGet(46)) - raft.server.log.queue.element-limit = 1024 (custom)
2022-10-16 13:14:53,717 [pool-459-thread-1] INFO  server.RaftServerConfigKeys (ConfUtils.java:logGet(46)) - raft.server.log.segment.size.max = 1048576 (custom)
2022-10-16 13:14:53,717 [pool-459-thread-1] INFO  server.RaftServerConfigKeys (ConfUtils.java:logGet(46)) - raft.server.log.preallocated.size = 16384 (custom)
2022-10-16 13:14:53,717 [pool-459-thread-1] INFO  server.RaftServerConfigKeys (ConfUtils.java:logGet(46)) - raft.server.log.force.sync.num = 128 (default)
2022-10-16 13:14:53,717 [pool-459-thread-1] INFO  server.RaftServerConfigKeys (ConfUtils.java:logGet(46)) - raft.server.log.statemachine.data.sync = true (default)
2022-10-16 13:14:53,717 [pool-459-thread-1] INFO  server.RaftServerConfigKeys (ConfUtils.java:logGet(46)) - raft.server.log.statemachine.data.sync.timeout = 10s (default)
2022-10-16 13:14:53,717 [pool-459-thread-1] INFO  server.RaftServerConfigKeys (ConfUtils.java:logGet(46)) - raft.server.log.statemachine.data.sync.timeout.retry = -1 (default)
2022-10-16 13:14:53,718 [pool-459-thread-1] INFO  server.RaftServerConfigKeys (ConfUtils.java:logGet(46)) - raft.server.log.write.buffer.size = 1048576 (custom)
2022-10-16 13:14:53,718 [pool-459-thread-1] INFO  server.RaftServerConfigKeys (ConfUtils.java:logGet(46)) - raft.server.log.unsafe-flush.enabled = false (default)
2022-10-16 13:14:53,718 [pool-459-thread-1] INFO  server.RaftServerConfigKeys (ConfUtils.java:logGet(46)) - raft.server.log.statemachine.data.caching.enabled = true (custom)
2022-10-16 13:14:53,719 [pool-459-thread-1] INFO  segmented.SegmentedRaftLogWorker (SegmentedRaftLogWorker.java:lambda$new$0(135)) - 6ff47f3f-d87f-42dc-9b9d-4568dd026d85@group-C436125BFFAD-SegmentedRaftLogWorker: flushIndex: setUnconditionally 0 -> -1
2022-10-16 13:14:53,719 [pool-459-thread-1] INFO  segmented.SegmentedRaftLogWorker (SegmentedRaftLogWorker.java:lambda$new$0(135)) - 6ff47f3f-d87f-42dc-9b9d-4568dd026d85@group-C436125BFFAD-SegmentedRaftLogWorker: safeCacheEvictIndex: setUnconditionally 0 -> -1
2022-10-16 13:14:53,719 [pool-459-thread-1] INFO  server.RaftServerConfigKeys (ConfUtils.java:logGet(46)) - raft.server.snapshot.auto.trigger.enabled = true (custom)
2022-10-16 13:14:53,719 [pool-459-thread-1] INFO  server.RaftServerConfigKeys (ConfUtils.java:logGet(46)) - raft.server.snapshot.auto.trigger.threshold = 10000 (custom)
2022-10-16 13:14:53,719 [pool-459-thread-1] INFO  server.RaftServerConfigKeys (ConfUtils.java:logGet(46)) - raft.server.snapshot.retention.file.num = 5 (custom)
2022-10-16 13:14:53,719 [pool-459-thread-1] INFO  server.RaftServerConfigKeys (ConfUtils.java:logGet(46)) - raft.server.log.purge.upto.snapshot.index = false (default)
2022-10-16 13:14:53,719 [pool-459-thread-1] INFO  server.RaftServerConfigKeys (ConfUtils.java:logGet(46)) - raft.server.retrycache.expirytime = 600000ms (custom)
2022-10-16 13:14:53,719 [pool-459-thread-1] INFO  server.RaftServerConfigKeys (ConfUtils.java:logGet(46)) - raft.server.retrycache.statistics.expirytime = 100μs (default)
2022-10-16 13:14:53,720 [pool-459-thread-1] INFO  server.RaftServerConfigKeys (ConfUtils.java:logGet(46)) - raft.server.log.appender.install.snapshot.enabled = false (custom)
2022-10-16 13:14:53,720 [pool-459-thread-1] INFO  server.RaftServerConfigKeys (ConfUtils.java:logGet(46)) - raft.server.threadpool.server.cached = true (default)
2022-10-16 13:14:53,720 [pool-459-thread-1] INFO  server.RaftServerConfigKeys (ConfUtils.java:logGet(46)) - raft.server.threadpool.server.size = 0 (default)
2022-10-16 13:14:53,720 [pool-459-thread-1] INFO  server.RaftServerConfigKeys (ConfUtils.java:logGet(46)) - raft.server.threadpool.client.cached = true (default)
2022-10-16 13:14:53,720 [pool-459-thread-1] INFO  server.RaftServerConfigKeys (ConfUtils.java:logGet(46)) - raft.server.threadpool.client.size = 0 (default)
2022-10-16 13:14:53,720 [pool-459-thread-1] INFO  server.RaftServer$Division (RaftServerImpl.java:start(310)) - 6ff47f3f-d87f-42dc-9b9d-4568dd026d85@group-C436125BFFAD: start as a follower, conf=-1: [6ff47f3f-d87f-42dc-9b9d-4568dd026d85|rpc:10.1.0.60:42999|priority:1], old=null
2022-10-16 13:14:53,720 [pool-459-thread-1] INFO  server.RaftServer$Division (RaftServerImpl.java:setRole(299)) - 6ff47f3f-d87f-42dc-9b9d-4568dd026d85@group-C436125BFFAD: changes role from      null to FOLLOWER at term 0 for startAsFollower
2022-10-16 13:14:53,721 [pool-459-thread-1] INFO  impl.RoleInfo (RoleInfo.java:updateAndGet(139)) - 6ff47f3f-d87f-42dc-9b9d-4568dd026d85: start 6ff47f3f-d87f-42dc-9b9d-4568dd026d85@group-C436125BFFAD-FollowerState
2022-10-16 13:14:53,721 [pool-459-thread-1] INFO  util.JmxRegister (JmxRegister.java:tryRegister(44)) - Successfully registered JMX Bean with object name Ratis:service=RaftServer,group=group-C436125BFFAD,id=6ff47f3f-d87f-42dc-9b9d-4568dd026d85
2022-10-16 13:14:53,721 [Command processor thread] INFO  ratis.XceiverServerRatis (XceiverServerRatis.java:addGroup(765)) - Created group PipelineID=57e8a5d9-5899-4d57-9014-c436125bffad
2022-10-16 13:14:53,721 [Command processor thread] INFO  commandhandler.CreatePipelineCommandHandler (CreatePipelineCommandHandler.java:handle(113)) - Created Pipeline RATIS ONE PipelineID=57e8a5d9-5899-4d57-9014-c436125bffad.
2022-10-16 13:14:54,007 [Command processor thread] INFO  server.RaftServer (RaftServerProxy.java:addNew(96)) - e49c2e86-d777-4cdf-94d6-56177341a9ef: addNew group-F7874B355057:[e49c2e86-d777-4cdf-94d6-56177341a9ef|rpc:10.1.0.60:37353|priority:1] returns group-F7874B355057:java.util.concurrent.CompletableFuture@1b704e0a[Not completed]
2022-10-16 13:14:54,008 [pool-482-thread-1] INFO  server.RaftServer$Division (RaftServerImpl.java:<init>(190)) - e49c2e86-d777-4cdf-94d6-56177341a9ef: new RaftServerImpl for group-F7874B355057:[e49c2e86-d777-4cdf-94d6-56177341a9ef|rpc:10.1.0.60:37353|priority:1] with ContainerStateMachine:uninitialized
2022-10-16 13:14:54,008 [pool-482-thread-1] INFO  server.RaftServerConfigKeys (ConfUtils.java:logGet(46)) - raft.server.rpc.timeout.min = 5s (custom)
2022-10-16 13:14:54,008 [pool-482-thread-1] INFO  server.RaftServerConfigKeys (ConfUtils.java:logGet(46)) - raft.server.rpc.timeout.max = 5200ms (custom)
2022-10-16 13:14:54,008 [pool-482-thread-1] INFO  server.RaftServerConfigKeys (ConfUtils.java:logGet(46)) - raft.server.rpc.sleep.time = 25ms (default)
2022-10-16 13:14:54,008 [pool-482-thread-1] INFO  server.RaftServerConfigKeys (ConfUtils.java:logGet(46)) - raft.server.rpc.slowness.timeout = 300s (custom)
2022-10-16 13:14:54,008 [pool-482-thread-1] INFO  server.RaftServerConfigKeys (ConfUtils.java:logGet(46)) - raft.server.leaderelection.leader.step-down.wait-time = 10s (default)
2022-10-16 13:14:54,008 [pool-482-thread-1] INFO  server.RaftServerConfigKeys (ConfUtils.java:logGet(46)) - raft.server.sleep.deviation.threshold = 300ms (default)
2022-10-16 13:14:54,008 [pool-482-thread-1] INFO  server.RaftServer$Division (ServerState.java:<init>(107)) - e49c2e86-d777-4cdf-94d6-56177341a9ef@group-F7874B355057: ConfigurationManager, init=-1: [e49c2e86-d777-4cdf-94d6-56177341a9ef|rpc:10.1.0.60:37353|priority:1], old=null, confs=<EMPTY_MAP>
2022-10-16 13:14:54,008 [pool-482-thread-1] INFO  server.RaftServerConfigKeys (ConfUtils.java:logGet(46)) - raft.server.storage.dir = [/home/runner/work/ozone/ozone/hadoop-ozone/integration-test/target/test-dir/MiniOzoneClusterImpl-1260e40a-66d4-47e7-b895-29d827f4fcd0/datanode-2/data/ratis] (custom)
2022-10-16 13:14:54,008 [pool-482-thread-1] INFO  server.RaftServerConfigKeys (ConfUtils.java:logGet(46)) - raft.server.log.corruption.policy = EXCEPTION (default)
2022-10-16 13:14:54,008 [pool-482-thread-1] INFO  server.RaftServerConfigKeys (ConfUtils.java:logGet(46)) - raft.server.storage.free-space.min = 0MB (=0) (default)
2022-10-16 13:14:54,009 [pool-482-thread-1] INFO  storage.RaftStorageDirectory (RaftStorageDirectoryImpl.java:analyzeStorage(135)) - The storage directory /home/runner/work/ozone/ozone/hadoop-ozone/integration-test/target/test-dir/MiniOzoneClusterImpl-1260e40a-66d4-47e7-b895-29d827f4fcd0/datanode-2/data/ratis/3d4020c1-39db-46f6-bca8-f7874b355057 does not exist. Creating ...
2022-10-16 13:14:54,010 [pool-482-thread-1] INFO  storage.RaftStorageDirectory (RaftStorageDirectoryImpl.java:tryLock(230)) - Lock on /home/runner/work/ozone/ozone/hadoop-ozone/integration-test/target/test-dir/MiniOzoneClusterImpl-1260e40a-66d4-47e7-b895-29d827f4fcd0/datanode-2/data/ratis/3d4020c1-39db-46f6-bca8-f7874b355057/in_use.lock acquired by nodename 44550@fv-az308-250
2022-10-16 13:14:54,011 [pool-482-thread-1] INFO  storage.RaftStorage (RaftStorageImpl.java:format(89)) - Storage directory /home/runner/work/ozone/ozone/hadoop-ozone/integration-test/target/test-dir/MiniOzoneClusterImpl-1260e40a-66d4-47e7-b895-29d827f4fcd0/datanode-2/data/ratis/3d4020c1-39db-46f6-bca8-f7874b355057 has been successfully formatted.
2022-10-16 13:14:54,012 [pool-482-thread-1] INFO  ratis.ContainerStateMachine (ContainerStateMachine.java:loadSnapshot(236)) - group-F7874B355057: The snapshot info is null. Setting the last applied indexto:(t:0, i:~)
2022-10-16 13:14:54,012 [pool-482-thread-1] INFO  server.RaftServerConfigKeys (ConfUtils.java:logGet(46)) - raft.server.notification.no-leader.timeout = 300s (custom)
2022-10-16 13:14:54,012 [pool-482-thread-1] INFO  server.RaftServerConfigKeys (ConfUtils.java:logGet(46)) - raft.server.log.use.memory = false (default)
2022-10-16 13:14:54,012 [pool-482-thread-1] INFO  server.RaftServerConfigKeys (ConfUtils.java:logGet(46)) - raft.server.log.purge.gap = 1000000 (custom)
2022-10-16 13:14:54,012 [pool-482-thread-1] INFO  server.RaftServerConfigKeys (ConfUtils.java:logGet(46)) - raft.server.log.appender.buffer.byte-limit = 33554432 (custom)
2022-10-16 13:14:54,012 [pool-482-thread-1] INFO  server.RaftServerConfigKeys (ConfUtils.java:logGet(46)) - raft.server.log.statemachine.data.read.timeout = 1000ms (default)
2022-10-16 13:14:54,013 [pool-482-thread-1] INFO  server.RaftServerConfigKeys (ConfUtils.java:logGet(46)) - raft.server.log.segment.size.max = 1048576 (custom)
2022-10-16 13:14:54,013 [pool-482-thread-1] INFO  server.RaftServerConfigKeys (ConfUtils.java:logGet(46)) - raft.server.log.segment.cache.num.max = 2 (custom)
2022-10-16 13:14:54,013 [pool-482-thread-1] INFO  server.RaftServerConfigKeys (ConfUtils.java:logGet(46)) - raft.server.log.segment.cache.size.max = 200MB (=209715200) (default)
2022-10-16 13:14:54,013 [pool-482-thread-1] INFO  segmented.SegmentedRaftLogWorker (SegmentedRaftLogWorker.java:<init>(187)) - new e49c2e86-d777-4cdf-94d6-56177341a9ef@group-F7874B355057-SegmentedRaftLogWorker for RaftStorageImpl:Storage Directory /home/runner/work/ozone/ozone/hadoop-ozone/integration-test/target/test-dir/MiniOzoneClusterImpl-1260e40a-66d4-47e7-b895-29d827f4fcd0/datanode-2/data/ratis/3d4020c1-39db-46f6-bca8-f7874b355057
2022-10-16 13:14:54,013 [pool-482-thread-1] INFO  server.RaftServerConfigKeys (ConfUtils.java:logGet(46)) - raft.server.log.queue.byte-limit = 4294967296 (custom)
2022-10-16 13:14:54,013 [pool-482-thread-1] INFO  server.RaftServerConfigKeys (ConfUtils.java:logGet(46)) - raft.server.log.queue.element-limit = 1024 (custom)
2022-10-16 13:14:54,013 [pool-482-thread-1] INFO  server.RaftServerConfigKeys (ConfUtils.java:logGet(46)) - raft.server.log.segment.size.max = 1048576 (custom)
2022-10-16 13:14:54,013 [pool-482-thread-1] INFO  server.RaftServerConfigKeys (ConfUtils.java:logGet(46)) - raft.server.log.preallocated.size = 16384 (custom)
2022-10-16 13:14:54,014 [pool-482-thread-1] INFO  server.RaftServerConfigKeys (ConfUtils.java:logGet(46)) - raft.server.log.force.sync.num = 128 (default)
2022-10-16 13:14:54,014 [pool-482-thread-1] INFO  server.RaftServerConfigKeys (ConfUtils.java:logGet(46)) - raft.server.log.statemachine.data.sync = true (default)
2022-10-16 13:14:54,014 [pool-482-thread-1] INFO  server.RaftServerConfigKeys (ConfUtils.java:logGet(46)) - raft.server.log.statemachine.data.sync.timeout = 10s (default)
2022-10-16 13:14:54,014 [pool-482-thread-1] INFO  server.RaftServerConfigKeys (ConfUtils.java:logGet(46)) - raft.server.log.statemachine.data.sync.timeout.retry = -1 (default)
2022-10-16 13:14:54,014 [pool-482-thread-1] INFO  server.RaftServerConfigKeys (ConfUtils.java:logGet(46)) - raft.server.log.write.buffer.size = 1048576 (custom)
2022-10-16 13:14:54,015 [pool-482-thread-1] INFO  server.RaftServerConfigKeys (ConfUtils.java:logGet(46)) - raft.server.log.unsafe-flush.enabled = false (default)
2022-10-16 13:14:54,015 [pool-482-thread-1] INFO  server.RaftServerConfigKeys (ConfUtils.java:logGet(46)) - raft.server.log.statemachine.data.caching.enabled = true (custom)
2022-10-16 13:14:54,015 [pool-482-thread-1] INFO  segmented.SegmentedRaftLogWorker (SegmentedRaftLogWorker.java:lambda$new$0(135)) - e49c2e86-d777-4cdf-94d6-56177341a9ef@group-F7874B355057-SegmentedRaftLogWorker: flushIndex: setUnconditionally 0 -> -1
2022-10-16 13:14:54,015 [pool-482-thread-1] INFO  segmented.SegmentedRaftLogWorker (SegmentedRaftLogWorker.java:lambda$new$0(135)) - e49c2e86-d777-4cdf-94d6-56177341a9ef@group-F7874B355057-SegmentedRaftLogWorker: safeCacheEvictIndex: setUnconditionally 0 -> -1
2022-10-16 13:14:54,015 [pool-482-thread-1] INFO  server.RaftServerConfigKeys (ConfUtils.java:logGet(46)) - raft.server.snapshot.auto.trigger.enabled = true (custom)
2022-10-16 13:14:54,015 [pool-482-thread-1] INFO  server.RaftServerConfigKeys (ConfUtils.java:logGet(46)) - raft.server.snapshot.auto.trigger.threshold = 10000 (custom)
2022-10-16 13:14:54,015 [pool-482-thread-1] INFO  server.RaftServerConfigKeys (ConfUtils.java:logGet(46)) - raft.server.snapshot.retention.file.num = 5 (custom)
2022-10-16 13:14:54,015 [pool-482-thread-1] INFO  server.RaftServerConfigKeys (ConfUtils.java:logGet(46)) - raft.server.log.purge.upto.snapshot.index = false (default)
2022-10-16 13:14:54,015 [pool-482-thread-1] INFO  server.RaftServerConfigKeys (ConfUtils.java:logGet(46)) - raft.server.retrycache.expirytime = 600000ms (custom)
2022-10-16 13:14:54,015 [pool-482-thread-1] INFO  server.RaftServerConfigKeys (ConfUtils.java:logGet(46)) - raft.server.retrycache.statistics.expirytime = 100μs (default)
2022-10-16 13:14:54,016 [pool-482-thread-1] INFO  server.RaftServerConfigKeys (ConfUtils.java:logGet(46)) - raft.server.log.appender.install.snapshot.enabled = false (custom)
2022-10-16 13:14:54,016 [pool-482-thread-1] INFO  server.RaftServerConfigKeys (ConfUtils.java:logGet(46)) - raft.server.threadpool.server.cached = true (default)
2022-10-16 13:14:54,016 [pool-482-thread-1] INFO  server.RaftServerConfigKeys (ConfUtils.java:logGet(46)) - raft.server.threadpool.server.size = 0 (default)
2022-10-16 13:14:54,017 [pool-482-thread-1] INFO  server.RaftServerConfigKeys (ConfUtils.java:logGet(46)) - raft.server.threadpool.client.cached = true (default)
2022-10-16 13:14:54,017 [pool-482-thread-1] INFO  server.RaftServerConfigKeys (ConfUtils.java:logGet(46)) - raft.server.threadpool.client.size = 0 (default)
2022-10-16 13:14:54,017 [pool-482-thread-1] INFO  server.RaftServer$Division (RaftServerImpl.java:start(310)) - e49c2e86-d777-4cdf-94d6-56177341a9ef@group-F7874B355057: start as a follower, conf=-1: [e49c2e86-d777-4cdf-94d6-56177341a9ef|rpc:10.1.0.60:37353|priority:1], old=null
2022-10-16 13:14:54,017 [pool-482-thread-1] INFO  server.RaftServer$Division (RaftServerImpl.java:setRole(299)) - e49c2e86-d777-4cdf-94d6-56177341a9ef@group-F7874B355057: changes role from      null to FOLLOWER at term 0 for startAsFollower
2022-10-16 13:14:54,017 [pool-482-thread-1] INFO  impl.RoleInfo (RoleInfo.java:updateAndGet(139)) - e49c2e86-d777-4cdf-94d6-56177341a9ef: start e49c2e86-d777-4cdf-94d6-56177341a9ef@group-F7874B355057-FollowerState
2022-10-16 13:14:54,017 [EventQueue-PipelineReportForPipelineReportHandler] INFO  pipeline.PipelineManagerImpl (PipelineManagerImpl.java:openPipeline(367)) - Pipeline Pipeline[ Id: 3d4020c1-39db-46f6-bca8-f7874b355057, Nodes: e49c2e86-d777-4cdf-94d6-56177341a9ef{ip: 10.1.0.60, host: fv-az308-250.etcbaq1qs54eplwmrjlabigyle.cx.internal.cloudapp.net, ports: [REPLICATION=38455, RATIS=37353, RATIS_ADMIN=37353, RATIS_SERVER=37353, STANDALONE=35831], networkLocation: /default-rack, certSerialId: null, persistedOpState: IN_SERVICE, persistedOpStateExpiryEpochSec: 0}, ReplicationConfig: RATIS/ONE, State:ALLOCATED, leaderId:e49c2e86-d777-4cdf-94d6-56177341a9ef, CreationTimestamp2022-10-16T13:14:51.009Z[Etc/UTC]] moved to OPEN state
2022-10-16 13:14:54,017 [EventQueue-OpenPipelineForHealthyPipelineSafeModeRule] INFO  safemode.SCMSafeModeManager (HealthyPipelineSafeModeRule.java:process(137)) - SCM in safe mode. Healthy pipelines reported count is 0, required healthy pipeline reported count is 1
2022-10-16 13:14:54,018 [pool-482-thread-1] INFO  util.JmxRegister (JmxRegister.java:tryRegister(44)) - Successfully registered JMX Bean with object name Ratis:service=RaftServer,group=group-F7874B355057,id=e49c2e86-d777-4cdf-94d6-56177341a9ef
2022-10-16 13:14:54,018 [Command processor thread] INFO  ratis.XceiverServerRatis (XceiverServerRatis.java:addGroup(765)) - Created group PipelineID=3d4020c1-39db-46f6-bca8-f7874b355057
2022-10-16 13:14:54,018 [Command processor thread] INFO  commandhandler.CreatePipelineCommandHandler (CreatePipelineCommandHandler.java:handle(113)) - Created Pipeline RATIS ONE PipelineID=3d4020c1-39db-46f6-bca8-f7874b355057.
2022-10-16 13:14:54,061 [ReplicationMonitor] INFO  replication.ReplicationManager (ReplicationManager.java:processAll(324)) - Replication Monitor Thread took 1 milliseconds for processing 7 containers.
2022-10-16 13:14:54,306 [ReplicationMonitor] INFO  replication.ReplicationManager (ReplicationManager.java:processAll(291)) - Replication Manager is not ready to run until 3000ms after safemode exit
2022-10-16 13:14:54,322 [Command processor thread] INFO  server.RaftServer (RaftServerProxy.java:addNew(96)) - 7704b6cf-04ea-412c-9988-60e4a7617a5b: addNew group-5A52921969D5:[7704b6cf-04ea-412c-9988-60e4a7617a5b|rpc:10.1.0.60:39033|priority:1] returns group-5A52921969D5:java.util.concurrent.CompletableFuture@4ae4ec02[Not completed]
2022-10-16 13:14:54,324 [pool-505-thread-1] INFO  server.RaftServer$Division (RaftServerImpl.java:<init>(190)) - 7704b6cf-04ea-412c-9988-60e4a7617a5b: new RaftServerImpl for group-5A52921969D5:[7704b6cf-04ea-412c-9988-60e4a7617a5b|rpc:10.1.0.60:39033|priority:1] with ContainerStateMachine:uninitialized
2022-10-16 13:14:54,324 [pool-505-thread-1] INFO  server.RaftServerConfigKeys (ConfUtils.java:logGet(46)) - raft.server.rpc.timeout.min = 5s (custom)
2022-10-16 13:14:54,324 [pool-505-thread-1] INFO  server.RaftServerConfigKeys (ConfUtils.java:logGet(46)) - raft.server.rpc.timeout.max = 5200ms (custom)
2022-10-16 13:14:54,324 [pool-505-thread-1] INFO  server.RaftServerConfigKeys (ConfUtils.java:logGet(46)) - raft.server.rpc.sleep.time = 25ms (default)
2022-10-16 13:14:54,324 [pool-505-thread-1] INFO  server.RaftServerConfigKeys (ConfUtils.java:logGet(46)) - raft.server.rpc.slowness.timeout = 300s (custom)
2022-10-16 13:14:54,324 [pool-505-thread-1] INFO  server.RaftServerConfigKeys (ConfUtils.java:logGet(46)) - raft.server.leaderelection.leader.step-down.wait-time = 10s (default)
2022-10-16 13:14:54,324 [pool-505-thread-1] INFO  server.RaftServerConfigKeys (ConfUtils.java:logGet(46)) - raft.server.sleep.deviation.threshold = 300ms (default)
2022-10-16 13:14:54,324 [pool-505-thread-1] INFO  server.RaftServer$Division (ServerState.java:<init>(107)) - 7704b6cf-04ea-412c-9988-60e4a7617a5b@group-5A52921969D5: ConfigurationManager, init=-1: [7704b6cf-04ea-412c-9988-60e4a7617a5b|rpc:10.1.0.60:39033|priority:1], old=null, confs=<EMPTY_MAP>
2022-10-16 13:14:54,324 [pool-505-thread-1] INFO  server.RaftServerConfigKeys (ConfUtils.java:logGet(46)) - raft.server.storage.dir = [/home/runner/work/ozone/ozone/hadoop-ozone/integration-test/target/test-dir/MiniOzoneClusterImpl-1260e40a-66d4-47e7-b895-29d827f4fcd0/datanode-3/data/ratis] (custom)
2022-10-16 13:14:54,324 [pool-505-thread-1] INFO  server.RaftServerConfigKeys (ConfUtils.java:logGet(46)) - raft.server.log.corruption.policy = EXCEPTION (default)
2022-10-16 13:14:54,325 [pool-505-thread-1] INFO  server.RaftServerConfigKeys (ConfUtils.java:logGet(46)) - raft.server.storage.free-space.min = 0MB (=0) (default)
2022-10-16 13:14:54,325 [pool-505-thread-1] INFO  storage.RaftStorageDirectory (RaftStorageDirectoryImpl.java:analyzeStorage(135)) - The storage directory /home/runner/work/ozone/ozone/hadoop-ozone/integration-test/target/test-dir/MiniOzoneClusterImpl-1260e40a-66d4-47e7-b895-29d827f4fcd0/datanode-3/data/ratis/989d4264-0e1d-4dc6-bef1-5a52921969d5 does not exist. Creating ...
2022-10-16 13:14:54,326 [pool-505-thread-1] INFO  storage.RaftStorageDirectory (RaftStorageDirectoryImpl.java:tryLock(230)) - Lock on /home/runner/work/ozone/ozone/hadoop-ozone/integration-test/target/test-dir/MiniOzoneClusterImpl-1260e40a-66d4-47e7-b895-29d827f4fcd0/datanode-3/data/ratis/989d4264-0e1d-4dc6-bef1-5a52921969d5/in_use.lock acquired by nodename 44550@fv-az308-250
2022-10-16 13:14:54,328 [pool-505-thread-1] INFO  storage.RaftStorage (RaftStorageImpl.java:format(89)) - Storage directory /home/runner/work/ozone/ozone/hadoop-ozone/integration-test/target/test-dir/MiniOzoneClusterImpl-1260e40a-66d4-47e7-b895-29d827f4fcd0/datanode-3/data/ratis/989d4264-0e1d-4dc6-bef1-5a52921969d5 has been successfully formatted.
2022-10-16 13:14:54,329 [pool-505-thread-1] INFO  ratis.ContainerStateMachine (ContainerStateMachine.java:loadSnapshot(236)) - group-5A52921969D5: The snapshot info is null. Setting the last applied indexto:(t:0, i:~)
2022-10-16 13:14:54,329 [pool-505-thread-1] INFO  server.RaftServerConfigKeys (ConfUtils.java:logGet(46)) - raft.server.notification.no-leader.timeout = 300s (custom)
2022-10-16 13:14:54,329 [pool-505-thread-1] INFO  server.RaftServerConfigKeys (ConfUtils.java:logGet(46)) - raft.server.log.use.memory = false (default)
2022-10-16 13:14:54,330 [pool-505-thread-1] INFO  server.RaftServerConfigKeys (ConfUtils.java:logGet(46)) - raft.server.log.purge.gap = 1000000 (custom)
2022-10-16 13:14:54,330 [pool-505-thread-1] INFO  server.RaftServerConfigKeys (ConfUtils.java:logGet(46)) - raft.server.log.appender.buffer.byte-limit = 33554432 (custom)
2022-10-16 13:14:54,330 [pool-505-thread-1] INFO  server.RaftServerConfigKeys (ConfUtils.java:logGet(46)) - raft.server.log.statemachine.data.read.timeout = 1000ms (default)
2022-10-16 13:14:54,330 [EventQueue-PipelineReportForPipelineReportHandler] INFO  pipeline.PipelineManagerImpl (PipelineManagerImpl.java:openPipeline(367)) - Pipeline Pipeline[ Id: 989d4264-0e1d-4dc6-bef1-5a52921969d5, Nodes: 7704b6cf-04ea-412c-9988-60e4a7617a5b{ip: 10.1.0.60, host: fv-az308-250.etcbaq1qs54eplwmrjlabigyle.cx.internal.cloudapp.net, ports: [REPLICATION=42071, RATIS=39033, RATIS_ADMIN=39033, RATIS_SERVER=39033, STANDALONE=34409], networkLocation: /default-rack, certSerialId: null, persistedOpState: IN_SERVICE, persistedOpStateExpiryEpochSec: 0}, ReplicationConfig: RATIS/ONE, State:ALLOCATED, leaderId:7704b6cf-04ea-412c-9988-60e4a7617a5b, CreationTimestamp2022-10-16T13:14:51.323Z[Etc/UTC]] moved to OPEN state
2022-10-16 13:14:54,331 [EventQueue-OpenPipelineForHealthyPipelineSafeModeRule] INFO  safemode.SCMSafeModeManager (HealthyPipelineSafeModeRule.java:process(137)) - SCM in safe mode. Healthy pipelines reported count is 0, required healthy pipeline reported count is 1
2022-10-16 13:14:54,331 [pool-505-thread-1] INFO  server.RaftServerConfigKeys (ConfUtils.java:logGet(46)) - raft.server.log.segment.size.max = 1048576 (custom)
2022-10-16 13:14:54,331 [pool-505-thread-1] INFO  server.RaftServerConfigKeys (ConfUtils.java:logGet(46)) - raft.server.log.segment.cache.num.max = 2 (custom)
2022-10-16 13:14:54,331 [pool-505-thread-1] INFO  server.RaftServerConfigKeys (ConfUtils.java:logGet(46)) - raft.server.log.segment.cache.size.max = 200MB (=209715200) (default)
2022-10-16 13:14:54,331 [pool-505-thread-1] INFO  segmented.SegmentedRaftLogWorker (SegmentedRaftLogWorker.java:<init>(187)) - new 7704b6cf-04ea-412c-9988-60e4a7617a5b@group-5A52921969D5-SegmentedRaftLogWorker for RaftStorageImpl:Storage Directory /home/runner/work/ozone/ozone/hadoop-ozone/integration-test/target/test-dir/MiniOzoneClusterImpl-1260e40a-66d4-47e7-b895-29d827f4fcd0/datanode-3/data/ratis/989d4264-0e1d-4dc6-bef1-5a52921969d5
2022-10-16 13:14:54,331 [pool-505-thread-1] INFO  server.RaftServerConfigKeys (ConfUtils.java:logGet(46)) - raft.server.log.queue.byte-limit = 4294967296 (custom)
2022-10-16 13:14:54,332 [pool-505-thread-1] INFO  server.RaftServerConfigKeys (ConfUtils.java:logGet(46)) - raft.server.log.queue.element-limit = 1024 (custom)
2022-10-16 13:14:54,332 [pool-505-thread-1] INFO  server.RaftServerConfigKeys (ConfUtils.java:logGet(46)) - raft.server.log.segment.size.max = 1048576 (custom)
2022-10-16 13:14:54,332 [pool-505-thread-1] INFO  server.RaftServerConfigKeys (ConfUtils.java:logGet(46)) - raft.server.log.preallocated.size = 16384 (custom)
2022-10-16 13:14:54,332 [pool-505-thread-1] INFO  server.RaftServerConfigKeys (ConfUtils.java:logGet(46)) - raft.server.log.force.sync.num = 128 (default)
2022-10-16 13:14:54,332 [pool-505-thread-1] INFO  server.RaftServerConfigKeys (ConfUtils.java:logGet(46)) - raft.server.log.statemachine.data.sync = true (default)
2022-10-16 13:14:54,332 [pool-505-thread-1] INFO  server.RaftServerConfigKeys (ConfUtils.java:logGet(46)) - raft.server.log.statemachine.data.sync.timeout = 10s (default)
2022-10-16 13:14:54,332 [pool-505-thread-1] INFO  server.RaftServerConfigKeys (ConfUtils.java:logGet(46)) - raft.server.log.statemachine.data.sync.timeout.retry = -1 (default)
2022-10-16 13:14:54,333 [pool-505-thread-1] INFO  server.RaftServerConfigKeys (ConfUtils.java:logGet(46)) - raft.server.log.write.buffer.size = 1048576 (custom)
2022-10-16 13:14:54,333 [pool-505-thread-1] INFO  server.RaftServerConfigKeys (ConfUtils.java:logGet(46)) - raft.server.log.unsafe-flush.enabled = false (default)
2022-10-16 13:14:54,333 [pool-505-thread-1] INFO  server.RaftServerConfigKeys (ConfUtils.java:logGet(46)) - raft.server.log.statemachine.data.caching.enabled = true (custom)
2022-10-16 13:14:54,333 [pool-505-thread-1] INFO  segmented.SegmentedRaftLogWorker (SegmentedRaftLogWorker.java:lambda$new$0(135)) - 7704b6cf-04ea-412c-9988-60e4a7617a5b@group-5A52921969D5-SegmentedRaftLogWorker: flushIndex: setUnconditionally 0 -> -1
2022-10-16 13:14:54,333 [pool-505-thread-1] INFO  segmented.SegmentedRaftLogWorker (SegmentedRaftLogWorker.java:lambda$new$0(135)) - 7704b6cf-04ea-412c-9988-60e4a7617a5b@group-5A52921969D5-SegmentedRaftLogWorker: safeCacheEvictIndex: setUnconditionally 0 -> -1
2022-10-16 13:14:54,333 [pool-505-thread-1] INFO  server.RaftServerConfigKeys (ConfUtils.java:logGet(46)) - raft.server.snapshot.auto.trigger.enabled = true (custom)
2022-10-16 13:14:54,333 [pool-505-thread-1] INFO  server.RaftServerConfigKeys (ConfUtils.java:logGet(46)) - raft.server.snapshot.auto.trigger.threshold = 10000 (custom)
2022-10-16 13:14:54,333 [pool-505-thread-1] INFO  server.RaftServerConfigKeys (ConfUtils.java:logGet(46)) - raft.server.snapshot.retention.file.num = 5 (custom)
2022-10-16 13:14:54,333 [pool-505-thread-1] INFO  server.RaftServerConfigKeys (ConfUtils.java:logGet(46)) - raft.server.log.purge.upto.snapshot.index = false (default)
2022-10-16 13:14:54,333 [pool-505-thread-1] INFO  server.RaftServerConfigKeys (ConfUtils.java:logGet(46)) - raft.server.retrycache.expirytime = 600000ms (custom)
2022-10-16 13:14:54,333 [pool-505-thread-1] INFO  server.RaftServerConfigKeys (ConfUtils.java:logGet(46)) - raft.server.retrycache.statistics.expirytime = 100μs (default)
2022-10-16 13:14:54,334 [pool-505-thread-1] INFO  server.RaftServerConfigKeys (ConfUtils.java:logGet(46)) - raft.server.log.appender.install.snapshot.enabled = false (custom)
2022-10-16 13:14:54,335 [pool-505-thread-1] INFO  server.RaftServerConfigKeys (ConfUtils.java:logGet(46)) - raft.server.threadpool.server.cached = true (default)
2022-10-16 13:14:54,335 [pool-505-thread-1] INFO  server.RaftServerConfigKeys (ConfUtils.java:logGet(46)) - raft.server.threadpool.server.size = 0 (default)
2022-10-16 13:14:54,335 [pool-505-thread-1] INFO  server.RaftServerConfigKeys (ConfUtils.java:logGet(46)) - raft.server.threadpool.client.cached = true (default)
2022-10-16 13:14:54,335 [pool-505-thread-1] INFO  server.RaftServerConfigKeys (ConfUtils.java:logGet(46)) - raft.server.threadpool.client.size = 0 (default)
2022-10-16 13:14:54,335 [pool-505-thread-1] INFO  server.RaftServer$Division (RaftServerImpl.java:start(310)) - 7704b6cf-04ea-412c-9988-60e4a7617a5b@group-5A52921969D5: start as a follower, conf=-1: [7704b6cf-04ea-412c-9988-60e4a7617a5b|rpc:10.1.0.60:39033|priority:1], old=null
2022-10-16 13:14:54,335 [pool-505-thread-1] INFO  server.RaftServer$Division (RaftServerImpl.java:setRole(299)) - 7704b6cf-04ea-412c-9988-60e4a7617a5b@group-5A52921969D5: changes role from      null to FOLLOWER at term 0 for startAsFollower
2022-10-16 13:14:54,335 [pool-505-thread-1] INFO  impl.RoleInfo (RoleInfo.java:updateAndGet(139)) - 7704b6cf-04ea-412c-9988-60e4a7617a5b: start 7704b6cf-04ea-412c-9988-60e4a7617a5b@group-5A52921969D5-FollowerState
2022-10-16 13:14:54,335 [pool-505-thread-1] INFO  util.JmxRegister (JmxRegister.java:tryRegister(44)) - Successfully registered JMX Bean with object name Ratis:service=RaftServer,group=group-5A52921969D5,id=7704b6cf-04ea-412c-9988-60e4a7617a5b
2022-10-16 13:14:54,336 [Command processor thread] INFO  ratis.XceiverServerRatis (XceiverServerRatis.java:addGroup(765)) - Created group PipelineID=989d4264-0e1d-4dc6-bef1-5a52921969d5
2022-10-16 13:14:54,336 [Command processor thread] INFO  commandhandler.CreatePipelineCommandHandler (CreatePipelineCommandHandler.java:handle(113)) - Created Pipeline RATIS ONE PipelineID=989d4264-0e1d-4dc6-bef1-5a52921969d5.
2022-10-16 13:14:54,644 [Listener at 127.0.0.1/37791] INFO  ozone.MiniOzoneClusterImpl (MiniOzoneClusterImpl.java:lambda$waitForClusterToBeReady$0(216)) - Nodes are ready. Got 5 of 5 DN Heartbeats.
2022-10-16 13:14:54,645 [Listener at 127.0.0.1/37791] INFO  ozone.MiniOzoneClusterImpl (MiniOzoneClusterImpl.java:lambda$waitForClusterToBeReady$0(219)) - Waiting for cluster to exit safe mode
2022-10-16 13:14:54,645 [Listener at 127.0.0.1/37791] INFO  ozone.MiniOzoneClusterImpl (MiniOzoneClusterImpl.java:lambda$waitForClusterToBeReady$0(221)) - SCM became leader
2022-10-16 13:14:54,649 [Command processor thread] INFO  server.RaftServer (RaftServerProxy.java:addNew(96)) - 8d79e7e8-c2f6-4eb1-a315-880b099444cd: addNew group-8AC5794793BA:[8d79e7e8-c2f6-4eb1-a315-880b099444cd|rpc:10.1.0.60:34385|priority:1] returns group-8AC5794793BA:java.util.concurrent.CompletableFuture@4fa6bc5c[Not completed]
2022-10-16 13:14:54,650 [pool-528-thread-1] INFO  server.RaftServer$Division (RaftServerImpl.java:<init>(190)) - 8d79e7e8-c2f6-4eb1-a315-880b099444cd: new RaftServerImpl for group-8AC5794793BA:[8d79e7e8-c2f6-4eb1-a315-880b099444cd|rpc:10.1.0.60:34385|priority:1] with ContainerStateMachine:uninitialized
2022-10-16 13:14:54,651 [pool-528-thread-1] INFO  server.RaftServerConfigKeys (ConfUtils.java:logGet(46)) - raft.server.rpc.timeout.min = 5s (custom)
2022-10-16 13:14:54,651 [pool-528-thread-1] INFO  server.RaftServerConfigKeys (ConfUtils.java:logGet(46)) - raft.server.rpc.timeout.max = 5200ms (custom)
2022-10-16 13:14:54,651 [pool-528-thread-1] INFO  server.RaftServerConfigKeys (ConfUtils.java:logGet(46)) - raft.server.rpc.sleep.time = 25ms (default)
2022-10-16 13:14:54,651 [pool-528-thread-1] INFO  server.RaftServerConfigKeys (ConfUtils.java:logGet(46)) - raft.server.rpc.slowness.timeout = 300s (custom)
2022-10-16 13:14:54,651 [pool-528-thread-1] INFO  server.RaftServerConfigKeys (ConfUtils.java:logGet(46)) - raft.server.leaderelection.leader.step-down.wait-time = 10s (default)
2022-10-16 13:14:54,651 [pool-528-thread-1] INFO  server.RaftServerConfigKeys (ConfUtils.java:logGet(46)) - raft.server.sleep.deviation.threshold = 300ms (default)
2022-10-16 13:14:54,651 [pool-528-thread-1] INFO  server.RaftServer$Division (ServerState.java:<init>(107)) - 8d79e7e8-c2f6-4eb1-a315-880b099444cd@group-8AC5794793BA: ConfigurationManager, init=-1: [8d79e7e8-c2f6-4eb1-a315-880b099444cd|rpc:10.1.0.60:34385|priority:1], old=null, confs=<EMPTY_MAP>
2022-10-16 13:14:54,651 [pool-528-thread-1] INFO  server.RaftServerConfigKeys (ConfUtils.java:logGet(46)) - raft.server.storage.dir = [/home/runner/work/ozone/ozone/hadoop-ozone/integration-test/target/test-dir/MiniOzoneClusterImpl-1260e40a-66d4-47e7-b895-29d827f4fcd0/datanode-4/data/ratis] (custom)
2022-10-16 13:14:54,651 [pool-528-thread-1] INFO  server.RaftServerConfigKeys (ConfUtils.java:logGet(46)) - raft.server.log.corruption.policy = EXCEPTION (default)
2022-10-16 13:14:54,651 [pool-528-thread-1] INFO  server.RaftServerConfigKeys (ConfUtils.java:logGet(46)) - raft.server.storage.free-space.min = 0MB (=0) (default)
2022-10-16 13:14:54,651 [pool-528-thread-1] INFO  storage.RaftStorageDirectory (RaftStorageDirectoryImpl.java:analyzeStorage(135)) - The storage directory /home/runner/work/ozone/ozone/hadoop-ozone/integration-test/target/test-dir/MiniOzoneClusterImpl-1260e40a-66d4-47e7-b895-29d827f4fcd0/datanode-4/data/ratis/4d07a0d0-1287-4001-b3a6-8ac5794793ba does not exist. Creating ...
2022-10-16 13:14:54,653 [pool-528-thread-1] INFO  storage.RaftStorageDirectory (RaftStorageDirectoryImpl.java:tryLock(230)) - Lock on /home/runner/work/ozone/ozone/hadoop-ozone/integration-test/target/test-dir/MiniOzoneClusterImpl-1260e40a-66d4-47e7-b895-29d827f4fcd0/datanode-4/data/ratis/4d07a0d0-1287-4001-b3a6-8ac5794793ba/in_use.lock acquired by nodename 44550@fv-az308-250
2022-10-16 13:14:54,656 [pool-528-thread-1] INFO  storage.RaftStorage (RaftStorageImpl.java:format(89)) - Storage directory /home/runner/work/ozone/ozone/hadoop-ozone/integration-test/target/test-dir/MiniOzoneClusterImpl-1260e40a-66d4-47e7-b895-29d827f4fcd0/datanode-4/data/ratis/4d07a0d0-1287-4001-b3a6-8ac5794793ba has been successfully formatted.
2022-10-16 13:14:54,658 [pool-528-thread-1] INFO  ratis.ContainerStateMachine (ContainerStateMachine.java:loadSnapshot(236)) - group-8AC5794793BA: The snapshot info is null. Setting the last applied indexto:(t:0, i:~)
2022-10-16 13:14:54,658 [pool-528-thread-1] INFO  server.RaftServerConfigKeys (ConfUtils.java:logGet(46)) - raft.server.notification.no-leader.timeout = 300s (custom)
2022-10-16 13:14:54,658 [pool-528-thread-1] INFO  server.RaftServerConfigKeys (ConfUtils.java:logGet(46)) - raft.server.log.use.memory = false (default)
2022-10-16 13:14:54,658 [pool-528-thread-1] INFO  server.RaftServerConfigKeys (ConfUtils.java:logGet(46)) - raft.server.log.purge.gap = 1000000 (custom)
2022-10-16 13:14:54,659 [pool-528-thread-1] INFO  server.RaftServerConfigKeys (ConfUtils.java:logGet(46)) - raft.server.log.appender.buffer.byte-limit = 33554432 (custom)
2022-10-16 13:14:54,659 [pool-528-thread-1] INFO  server.RaftServerConfigKeys (ConfUtils.java:logGet(46)) - raft.server.log.statemachine.data.read.timeout = 1000ms (default)
2022-10-16 13:14:54,659 [pool-528-thread-1] INFO  server.RaftServerConfigKeys (ConfUtils.java:logGet(46)) - raft.server.log.segment.size.max = 1048576 (custom)
2022-10-16 13:14:54,659 [pool-528-thread-1] INFO  server.RaftServerConfigKeys (ConfUtils.java:logGet(46)) - raft.server.log.segment.cache.num.max = 2 (custom)
2022-10-16 13:14:54,659 [pool-528-thread-1] INFO  server.RaftServerConfigKeys (ConfUtils.java:logGet(46)) - raft.server.log.segment.cache.size.max = 200MB (=209715200) (default)
2022-10-16 13:14:54,659 [pool-528-thread-1] INFO  segmented.SegmentedRaftLogWorker (SegmentedRaftLogWorker.java:<init>(187)) - new 8d79e7e8-c2f6-4eb1-a315-880b099444cd@group-8AC5794793BA-SegmentedRaftLogWorker for RaftStorageImpl:Storage Directory /home/runner/work/ozone/ozone/hadoop-ozone/integration-test/target/test-dir/MiniOzoneClusterImpl-1260e40a-66d4-47e7-b895-29d827f4fcd0/datanode-4/data/ratis/4d07a0d0-1287-4001-b3a6-8ac5794793ba
2022-10-16 13:14:54,659 [pool-528-thread-1] INFO  server.RaftServerConfigKeys (ConfUtils.java:logGet(46)) - raft.server.log.queue.byte-limit = 4294967296 (custom)
2022-10-16 13:14:54,659 [pool-528-thread-1] INFO  server.RaftServerConfigKeys (ConfUtils.java:logGet(46)) - raft.server.log.queue.element-limit = 1024 (custom)
2022-10-16 13:14:54,659 [pool-528-thread-1] INFO  server.RaftServerConfigKeys (ConfUtils.java:logGet(46)) - raft.server.log.segment.size.max = 1048576 (custom)
2022-10-16 13:14:54,659 [pool-528-thread-1] INFO  server.RaftServerConfigKeys (ConfUtils.java:logGet(46)) - raft.server.log.preallocated.size = 16384 (custom)
2022-10-16 13:14:54,659 [pool-528-thread-1] INFO  server.RaftServerConfigKeys (ConfUtils.java:logGet(46)) - raft.server.log.force.sync.num = 128 (default)
2022-10-16 13:14:54,659 [pool-528-thread-1] INFO  server.RaftServerConfigKeys (ConfUtils.java:logGet(46)) - raft.server.log.statemachine.data.sync = true (default)
2022-10-16 13:14:54,660 [pool-528-thread-1] INFO  server.RaftServerConfigKeys (ConfUtils.java:logGet(46)) - raft.server.log.statemachine.data.sync.timeout = 10s (default)
2022-10-16 13:14:54,660 [pool-528-thread-1] INFO  server.RaftServerConfigKeys (ConfUtils.java:logGet(46)) - raft.server.log.statemachine.data.sync.timeout.retry = -1 (default)
2022-10-16 13:14:54,661 [EventQueue-PipelineReportForPipelineReportHandler] INFO  pipeline.PipelineManagerImpl (PipelineManagerImpl.java:openPipeline(367)) - Pipeline Pipeline[ Id: 4d07a0d0-1287-4001-b3a6-8ac5794793ba, Nodes: 8d79e7e8-c2f6-4eb1-a315-880b099444cd{ip: 10.1.0.60, host: fv-az308-250.etcbaq1qs54eplwmrjlabigyle.cx.internal.cloudapp.net, ports: [REPLICATION=41065, RATIS=34385, RATIS_ADMIN=34385, RATIS_SERVER=34385, STANDALONE=35785], networkLocation: /default-rack, certSerialId: null, persistedOpState: IN_SERVICE, persistedOpStateExpiryEpochSec: 0}, ReplicationConfig: RATIS/ONE, State:ALLOCATED, leaderId:8d79e7e8-c2f6-4eb1-a315-880b099444cd, CreationTimestamp2022-10-16T13:14:51.650Z[Etc/UTC]] moved to OPEN state
2022-10-16 13:14:54,661 [pool-528-thread-1] INFO  server.RaftServerConfigKeys (ConfUtils.java:logGet(46)) - raft.server.log.write.buffer.size = 1048576 (custom)
2022-10-16 13:14:54,661 [EventQueue-OpenPipelineForHealthyPipelineSafeModeRule] INFO  safemode.SCMSafeModeManager (HealthyPipelineSafeModeRule.java:process(137)) - SCM in safe mode. Healthy pipelines reported count is 0, required healthy pipeline reported count is 1
2022-10-16 13:14:54,661 [pool-528-thread-1] INFO  server.RaftServerConfigKeys (ConfUtils.java:logGet(46)) - raft.server.log.unsafe-flush.enabled = false (default)
2022-10-16 13:14:54,661 [pool-528-thread-1] INFO  server.RaftServerConfigKeys (ConfUtils.java:logGet(46)) - raft.server.log.statemachine.data.caching.enabled = true (custom)
2022-10-16 13:14:54,662 [pool-528-thread-1] INFO  segmented.SegmentedRaftLogWorker (SegmentedRaftLogWorker.java:lambda$new$0(135)) - 8d79e7e8-c2f6-4eb1-a315-880b099444cd@group-8AC5794793BA-SegmentedRaftLogWorker: flushIndex: setUnconditionally 0 -> -1
2022-10-16 13:14:54,662 [pool-528-thread-1] INFO  segmented.SegmentedRaftLogWorker (SegmentedRaftLogWorker.java:lambda$new$0(135)) - 8d79e7e8-c2f6-4eb1-a315-880b099444cd@group-8AC5794793BA-SegmentedRaftLogWorker: safeCacheEvictIndex: setUnconditionally 0 -> -1
2022-10-16 13:14:54,662 [pool-528-thread-1] INFO  server.RaftServerConfigKeys (ConfUtils.java:logGet(46)) - raft.server.snapshot.auto.trigger.enabled = true (custom)
2022-10-16 13:14:54,662 [pool-528-thread-1] INFO  server.RaftServerConfigKeys (ConfUtils.java:logGet(46)) - raft.server.snapshot.auto.trigger.threshold = 10000 (custom)
2022-10-16 13:14:54,662 [pool-528-thread-1] INFO  server.RaftServerConfigKeys (ConfUtils.java:logGet(46)) - raft.server.snapshot.retention.file.num = 5 (custom)
2022-10-16 13:14:54,662 [pool-528-thread-1] INFO  server.RaftServerConfigKeys (ConfUtils.java:logGet(46)) - raft.server.log.purge.upto.snapshot.index = false (default)
2022-10-16 13:14:54,662 [pool-528-thread-1] INFO  server.RaftServerConfigKeys (ConfUtils.java:logGet(46)) - raft.server.retrycache.expirytime = 600000ms (custom)
2022-10-16 13:14:54,662 [pool-528-thread-1] INFO  server.RaftServerConfigKeys (ConfUtils.java:logGet(46)) - raft.server.retrycache.statistics.expirytime = 100μs (default)
2022-10-16 13:14:54,663 [pool-528-thread-1] INFO  server.RaftServerConfigKeys (ConfUtils.java:logGet(46)) - raft.server.log.appender.install.snapshot.enabled = false (custom)
2022-10-16 13:14:54,663 [pool-528-thread-1] INFO  server.RaftServerConfigKeys (ConfUtils.java:logGet(46)) - raft.server.threadpool.server.cached = true (default)
2022-10-16 13:14:54,663 [pool-528-thread-1] INFO  server.RaftServerConfigKeys (ConfUtils.java:logGet(46)) - raft.server.threadpool.server.size = 0 (default)
2022-10-16 13:14:54,663 [pool-528-thread-1] INFO  server.RaftServerConfigKeys (ConfUtils.java:logGet(46)) - raft.server.threadpool.client.cached = true (default)
2022-10-16 13:14:54,663 [pool-528-thread-1] INFO  server.RaftServerConfigKeys (ConfUtils.java:logGet(46)) - raft.server.threadpool.client.size = 0 (default)
2022-10-16 13:14:54,663 [pool-528-thread-1] INFO  server.RaftServer$Division (RaftServerImpl.java:start(310)) - 8d79e7e8-c2f6-4eb1-a315-880b099444cd@group-8AC5794793BA: start as a follower, conf=-1: [8d79e7e8-c2f6-4eb1-a315-880b099444cd|rpc:10.1.0.60:34385|priority:1], old=null
2022-10-16 13:14:54,663 [pool-528-thread-1] INFO  server.RaftServer$Division (RaftServerImpl.java:setRole(299)) - 8d79e7e8-c2f6-4eb1-a315-880b099444cd@group-8AC5794793BA: changes role from      null to FOLLOWER at term 0 for startAsFollower
2022-10-16 13:14:54,663 [pool-528-thread-1] INFO  impl.RoleInfo (RoleInfo.java:updateAndGet(139)) - 8d79e7e8-c2f6-4eb1-a315-880b099444cd: start 8d79e7e8-c2f6-4eb1-a315-880b099444cd@group-8AC5794793BA-FollowerState
2022-10-16 13:14:54,665 [pool-528-thread-1] INFO  util.JmxRegister (JmxRegister.java:tryRegister(44)) - Successfully registered JMX Bean with object name Ratis:service=RaftServer,group=group-8AC5794793BA,id=8d79e7e8-c2f6-4eb1-a315-880b099444cd
2022-10-16 13:14:54,668 [Command processor thread] INFO  ratis.XceiverServerRatis (XceiverServerRatis.java:addGroup(765)) - Created group PipelineID=4d07a0d0-1287-4001-b3a6-8ac5794793ba
2022-10-16 13:14:54,668 [Command processor thread] INFO  commandhandler.CreatePipelineCommandHandler (CreatePipelineCommandHandler.java:handle(113)) - Created Pipeline RATIS ONE PipelineID=4d07a0d0-1287-4001-b3a6-8ac5794793ba.
2022-10-16 13:14:55,062 [ReplicationMonitor] INFO  replication.ReplicationManager (ReplicationManager.java:processAll(324)) - Replication Monitor Thread took 1 milliseconds for processing 7 containers.
2022-10-16 13:14:55,306 [ReplicationMonitor] INFO  replication.ReplicationManager (ReplicationManager.java:processAll(291)) - Replication Manager is not ready to run until 3000ms after safemode exit
2022-10-16 13:14:55,645 [Listener at 127.0.0.1/37791] INFO  ozone.MiniOzoneClusterImpl (MiniOzoneClusterImpl.java:lambda$waitForClusterToBeReady$0(216)) - Nodes are ready. Got 5 of 5 DN Heartbeats.
2022-10-16 13:14:55,645 [Listener at 127.0.0.1/37791] INFO  ozone.MiniOzoneClusterImpl (MiniOzoneClusterImpl.java:lambda$waitForClusterToBeReady$0(219)) - Waiting for cluster to exit safe mode
2022-10-16 13:14:55,645 [Listener at 127.0.0.1/37791] INFO  ozone.MiniOzoneClusterImpl (MiniOzoneClusterImpl.java:lambda$waitForClusterToBeReady$0(221)) - SCM became leader
2022-10-16 13:14:56,063 [ReplicationMonitor] INFO  replication.ReplicationManager (ReplicationManager.java:processAll(324)) - Replication Monitor Thread took 0 milliseconds for processing 7 containers.
2022-10-16 13:14:56,307 [ReplicationMonitor] INFO  replication.ReplicationManager (ReplicationManager.java:processAll(291)) - Replication Manager is not ready to run until 3000ms after safemode exit
2022-10-16 13:14:56,646 [Listener at 127.0.0.1/37791] INFO  ozone.MiniOzoneClusterImpl (MiniOzoneClusterImpl.java:lambda$waitForClusterToBeReady$0(216)) - Nodes are ready. Got 5 of 5 DN Heartbeats.
2022-10-16 13:14:56,646 [Listener at 127.0.0.1/37791] INFO  ozone.MiniOzoneClusterImpl (MiniOzoneClusterImpl.java:lambda$waitForClusterToBeReady$0(219)) - Waiting for cluster to exit safe mode
2022-10-16 13:14:56,646 [Listener at 127.0.0.1/37791] INFO  ozone.MiniOzoneClusterImpl (MiniOzoneClusterImpl.java:lambda$waitForClusterToBeReady$0(221)) - SCM became leader
2022-10-16 13:14:57,064 [ReplicationMonitor] INFO  replication.ReplicationManager (ReplicationManager.java:processAll(324)) - Replication Monitor Thread took 0 milliseconds for processing 7 containers.
2022-10-16 13:14:57,307 [ReplicationMonitor] INFO  replication.ReplicationManager (ReplicationManager.java:processAll(291)) - Replication Manager is not ready to run until 3000ms after safemode exit
2022-10-16 13:14:57,646 [Listener at 127.0.0.1/37791] INFO  ozone.MiniOzoneClusterImpl (MiniOzoneClusterImpl.java:lambda$waitForClusterToBeReady$0(216)) - Nodes are ready. Got 5 of 5 DN Heartbeats.
2022-10-16 13:14:57,647 [Listener at 127.0.0.1/37791] INFO  ozone.MiniOzoneClusterImpl (MiniOzoneClusterImpl.java:lambda$waitForClusterToBeReady$0(219)) - Waiting for cluster to exit safe mode
2022-10-16 13:14:57,647 [Listener at 127.0.0.1/37791] INFO  ozone.MiniOzoneClusterImpl (MiniOzoneClusterImpl.java:lambda$waitForClusterToBeReady$0(221)) - SCM became leader
2022-10-16 13:14:58,064 [ReplicationMonitor] INFO  replication.ReplicationManager (ReplicationManager.java:processAll(324)) - Replication Monitor Thread took 0 milliseconds for processing 7 containers.
2022-10-16 13:14:58,307 [ReplicationMonitor] INFO  replication.ReplicationManager (ReplicationManager.java:processAll(291)) - Replication Manager is not ready to run until 3000ms after safemode exit
2022-10-16 13:14:58,439 [48438861-3901-41c2-841c-a6894bcecd85@group-6D99D335DBF7-FollowerState] INFO  impl.FollowerState (FollowerState.java:run(143)) - 48438861-3901-41c2-841c-a6894bcecd85@group-6D99D335DBF7-FollowerState: change to CANDIDATE, lastRpcElapsedTime:5013799103ns, electionTimeout:5012ms
2022-10-16 13:14:58,440 [48438861-3901-41c2-841c-a6894bcecd85@group-6D99D335DBF7-FollowerState] INFO  impl.RoleInfo (RoleInfo.java:shutdownFollowerState(110)) - 48438861-3901-41c2-841c-a6894bcecd85: shutdown 48438861-3901-41c2-841c-a6894bcecd85@group-6D99D335DBF7-FollowerState
2022-10-16 13:14:58,440 [48438861-3901-41c2-841c-a6894bcecd85@group-6D99D335DBF7-FollowerState] INFO  server.RaftServer$Division (RaftServerImpl.java:setRole(299)) - 48438861-3901-41c2-841c-a6894bcecd85@group-6D99D335DBF7: changes role from  FOLLOWER to CANDIDATE at term 0 for changeToCandidate
2022-10-16 13:14:58,440 [48438861-3901-41c2-841c-a6894bcecd85@group-6D99D335DBF7-FollowerState] INFO  server.RaftServerConfigKeys (ConfUtils.java:logGet(46)) - raft.server.leaderelection.pre-vote = false (custom)
2022-10-16 13:14:58,440 [48438861-3901-41c2-841c-a6894bcecd85@group-6D99D335DBF7-FollowerState] INFO  impl.RoleInfo (RoleInfo.java:updateAndGet(139)) - 48438861-3901-41c2-841c-a6894bcecd85: start 48438861-3901-41c2-841c-a6894bcecd85@group-6D99D335DBF7-LeaderElection9
2022-10-16 13:14:58,444 [48438861-3901-41c2-841c-a6894bcecd85@group-6D99D335DBF7-LeaderElection9] INFO  impl.LeaderElection (LeaderElection.java:askForVotes(310)) - 48438861-3901-41c2-841c-a6894bcecd85@group-6D99D335DBF7-LeaderElection9 ELECTION round 0: submit vote requests at term 1 for -1: [6ff47f3f-d87f-42dc-9b9d-4568dd026d85|rpc:10.1.0.60:42999|priority:1, 48438861-3901-41c2-841c-a6894bcecd85|rpc:10.1.0.60:38415|priority:0, e49c2e86-d777-4cdf-94d6-56177341a9ef|rpc:10.1.0.60:37353|priority:0], old=null
2022-10-16 13:14:58,454 [grpc-default-executor-4] INFO  server.RaftServer$Division (RaftServerImpl.java:requestVote(1152)) - 6ff47f3f-d87f-42dc-9b9d-4568dd026d85@group-6D99D335DBF7: receive requestVote(ELECTION, 48438861-3901-41c2-841c-a6894bcecd85, group-6D99D335DBF7, 1, (t:0, i:0))
2022-10-16 13:14:58,455 [grpc-default-executor-5] INFO  server.RaftServer$Division (RaftServerImpl.java:requestVote(1152)) - e49c2e86-d777-4cdf-94d6-56177341a9ef@group-6D99D335DBF7: receive requestVote(ELECTION, 48438861-3901-41c2-841c-a6894bcecd85, group-6D99D335DBF7, 1, (t:0, i:0))
2022-10-16 13:14:58,455 [grpc-default-executor-4] INFO  impl.VoteContext (VoteContext.java:log(48)) - 6ff47f3f-d87f-42dc-9b9d-4568dd026d85@group-6D99D335DBF7-FOLLOWER: reject ELECTION from 48438861-3901-41c2-841c-a6894bcecd85: our priority 1 > candidate's priority 0
2022-10-16 13:14:58,456 [grpc-default-executor-4] INFO  server.RaftServer$Division (RaftServerImpl.java:setRole(299)) - 6ff47f3f-d87f-42dc-9b9d-4568dd026d85@group-6D99D335DBF7: changes role from  FOLLOWER to FOLLOWER at term 1 for candidate:48438861-3901-41c2-841c-a6894bcecd85
2022-10-16 13:14:58,455 [grpc-default-executor-5] INFO  impl.VoteContext (VoteContext.java:log(48)) - e49c2e86-d777-4cdf-94d6-56177341a9ef@group-6D99D335DBF7-FOLLOWER: accept ELECTION from 48438861-3901-41c2-841c-a6894bcecd85: our priority 0 <= candidate's priority 0
2022-10-16 13:14:58,456 [grpc-default-executor-4] INFO  impl.RoleInfo (RoleInfo.java:shutdownFollowerState(110)) - 6ff47f3f-d87f-42dc-9b9d-4568dd026d85: shutdown 6ff47f3f-d87f-42dc-9b9d-4568dd026d85@group-6D99D335DBF7-FollowerState
2022-10-16 13:14:58,456 [grpc-default-executor-5] INFO  server.RaftServer$Division (RaftServerImpl.java:setRole(299)) - e49c2e86-d777-4cdf-94d6-56177341a9ef@group-6D99D335DBF7: changes role from  FOLLOWER to FOLLOWER at term 1 for candidate:48438861-3901-41c2-841c-a6894bcecd85
2022-10-16 13:14:58,456 [grpc-default-executor-4] INFO  impl.RoleInfo (RoleInfo.java:updateAndGet(139)) - 6ff47f3f-d87f-42dc-9b9d-4568dd026d85: start 6ff47f3f-d87f-42dc-9b9d-4568dd026d85@group-6D99D335DBF7-FollowerState
2022-10-16 13:14:58,456 [6ff47f3f-d87f-42dc-9b9d-4568dd026d85@group-6D99D335DBF7-FollowerState] INFO  impl.FollowerState (FollowerState.java:run(152)) - 6ff47f3f-d87f-42dc-9b9d-4568dd026d85@group-6D99D335DBF7-FollowerState was interrupted
2022-10-16 13:14:58,456 [grpc-default-executor-5] INFO  impl.RoleInfo (RoleInfo.java:shutdownFollowerState(110)) - e49c2e86-d777-4cdf-94d6-56177341a9ef: shutdown e49c2e86-d777-4cdf-94d6-56177341a9ef@group-6D99D335DBF7-FollowerState
2022-10-16 13:14:58,458 [grpc-default-executor-5] INFO  impl.RoleInfo (RoleInfo.java:updateAndGet(139)) - e49c2e86-d777-4cdf-94d6-56177341a9ef: start e49c2e86-d777-4cdf-94d6-56177341a9ef@group-6D99D335DBF7-FollowerState
2022-10-16 13:14:58,458 [e49c2e86-d777-4cdf-94d6-56177341a9ef@group-6D99D335DBF7-FollowerState] INFO  impl.FollowerState (FollowerState.java:run(152)) - e49c2e86-d777-4cdf-94d6-56177341a9ef@group-6D99D335DBF7-FollowerState was interrupted
2022-10-16 13:14:58,459 [grpc-default-executor-4] INFO  server.RaftServer$Division (RaftServerImpl.java:requestVote(1184)) - 6ff47f3f-d87f-42dc-9b9d-4568dd026d85@group-6D99D335DBF7 replies to ELECTION vote request: 48438861-3901-41c2-841c-a6894bcecd85<-6ff47f3f-d87f-42dc-9b9d-4568dd026d85#0:FAIL-t1. Peer's state: 6ff47f3f-d87f-42dc-9b9d-4568dd026d85@group-6D99D335DBF7:t1, leader=null, voted=null, raftlog=6ff47f3f-d87f-42dc-9b9d-4568dd026d85@group-6D99D335DBF7-SegmentedRaftLog:OPENED:c-1, conf=-1: [6ff47f3f-d87f-42dc-9b9d-4568dd026d85|rpc:10.1.0.60:42999|dataStream:|priority:1, 48438861-3901-41c2-841c-a6894bcecd85|rpc:10.1.0.60:38415|dataStream:|priority:0, e49c2e86-d777-4cdf-94d6-56177341a9ef|rpc:10.1.0.60:37353|dataStream:|priority:0], old=null
2022-10-16 13:14:58,465 [48438861-3901-41c2-841c-a6894bcecd85@group-6D99D335DBF7-LeaderElection9] INFO  impl.LeaderElection (LeaderElection.java:logAndReturn(90)) - 48438861-3901-41c2-841c-a6894bcecd85@group-6D99D335DBF7-LeaderElection9: ELECTION REJECTED received 1 response(s) and 0 exception(s):
2022-10-16 13:14:58,465 [48438861-3901-41c2-841c-a6894bcecd85@group-6D99D335DBF7-LeaderElection9] INFO  impl.LeaderElection (LeaderElection.java:logAndReturn(94)) -   Response 0: 48438861-3901-41c2-841c-a6894bcecd85<-6ff47f3f-d87f-42dc-9b9d-4568dd026d85#0:FAIL-t1
2022-10-16 13:14:58,465 [48438861-3901-41c2-841c-a6894bcecd85@group-6D99D335DBF7-LeaderElection9] INFO  impl.LeaderElection (LeaderElection.java:askForVotes(312)) - 48438861-3901-41c2-841c-a6894bcecd85@group-6D99D335DBF7-LeaderElection9 ELECTION round 0: result REJECTED
2022-10-16 13:14:58,465 [48438861-3901-41c2-841c-a6894bcecd85@group-6D99D335DBF7-LeaderElection9] INFO  server.RaftServer$Division (RaftServerImpl.java:setRole(299)) - 48438861-3901-41c2-841c-a6894bcecd85@group-6D99D335DBF7: changes role from CANDIDATE to FOLLOWER at term 1 for REJECTED
2022-10-16 13:14:58,465 [48438861-3901-41c2-841c-a6894bcecd85@group-6D99D335DBF7-LeaderElection9] INFO  impl.RoleInfo (RoleInfo.java:shutdownLeaderElection(130)) - 48438861-3901-41c2-841c-a6894bcecd85: shutdown 48438861-3901-41c2-841c-a6894bcecd85@group-6D99D335DBF7-LeaderElection9
2022-10-16 13:14:58,465 [48438861-3901-41c2-841c-a6894bcecd85@group-6D99D335DBF7-LeaderElection9] INFO  impl.RoleInfo (RoleInfo.java:updateAndGet(139)) - 48438861-3901-41c2-841c-a6894bcecd85: start 48438861-3901-41c2-841c-a6894bcecd85@group-6D99D335DBF7-FollowerState
2022-10-16 13:14:58,466 [grpc-default-executor-5] INFO  server.RaftServer$Division (RaftServerImpl.java:requestVote(1184)) - e49c2e86-d777-4cdf-94d6-56177341a9ef@group-6D99D335DBF7 replies to ELECTION vote request: 48438861-3901-41c2-841c-a6894bcecd85<-e49c2e86-d777-4cdf-94d6-56177341a9ef#0:OK-t1. Peer's state: e49c2e86-d777-4cdf-94d6-56177341a9ef@group-6D99D335DBF7:t1, leader=null, voted=48438861-3901-41c2-841c-a6894bcecd85, raftlog=e49c2e86-d777-4cdf-94d6-56177341a9ef@group-6D99D335DBF7-SegmentedRaftLog:OPENED:c-1, conf=-1: [6ff47f3f-d87f-42dc-9b9d-4568dd026d85|rpc:10.1.0.60:42999|dataStream:|priority:1, 48438861-3901-41c2-841c-a6894bcecd85|rpc:10.1.0.60:38415|dataStream:|priority:0, e49c2e86-d777-4cdf-94d6-56177341a9ef|rpc:10.1.0.60:37353|dataStream:|priority:0], old=null
2022-10-16 13:14:58,539 [48438861-3901-41c2-841c-a6894bcecd85@group-FBBB64C110BB-FollowerState] INFO  impl.FollowerState (FollowerState.java:run(143)) - 48438861-3901-41c2-841c-a6894bcecd85@group-FBBB64C110BB-FollowerState: change to CANDIDATE, lastRpcElapsedTime:5128172411ns, electionTimeout:5125ms
2022-10-16 13:14:58,539 [48438861-3901-41c2-841c-a6894bcecd85@group-FBBB64C110BB-FollowerState] INFO  impl.RoleInfo (RoleInfo.java:shutdownFollowerState(110)) - 48438861-3901-41c2-841c-a6894bcecd85: shutdown 48438861-3901-41c2-841c-a6894bcecd85@group-FBBB64C110BB-FollowerState
2022-10-16 13:14:58,539 [48438861-3901-41c2-841c-a6894bcecd85@group-FBBB64C110BB-FollowerState] INFO  server.RaftServer$Division (RaftServerImpl.java:setRole(299)) - 48438861-3901-41c2-841c-a6894bcecd85@group-FBBB64C110BB: changes role from  FOLLOWER to CANDIDATE at term 0 for changeToCandidate
2022-10-16 13:14:58,540 [48438861-3901-41c2-841c-a6894bcecd85@group-FBBB64C110BB-FollowerState] INFO  server.RaftServerConfigKeys (ConfUtils.java:logGet(46)) - raft.server.leaderelection.pre-vote = false (custom)
2022-10-16 13:14:58,540 [48438861-3901-41c2-841c-a6894bcecd85@group-FBBB64C110BB-FollowerState] INFO  impl.RoleInfo (RoleInfo.java:updateAndGet(139)) - 48438861-3901-41c2-841c-a6894bcecd85: start 48438861-3901-41c2-841c-a6894bcecd85@group-FBBB64C110BB-LeaderElection10
2022-10-16 13:14:58,546 [48438861-3901-41c2-841c-a6894bcecd85@group-FBBB64C110BB-LeaderElection10] INFO  impl.LeaderElection (LeaderElection.java:askForVotes(310)) - 48438861-3901-41c2-841c-a6894bcecd85@group-FBBB64C110BB-LeaderElection10 ELECTION round 0: submit vote requests at term 1 for -1: [48438861-3901-41c2-841c-a6894bcecd85|rpc:10.1.0.60:38415|priority:1], old=null
2022-10-16 13:14:58,547 [48438861-3901-41c2-841c-a6894bcecd85@group-FBBB64C110BB-LeaderElection10] INFO  impl.LeaderElection (LeaderElection.java:askForVotes(312)) - 48438861-3901-41c2-841c-a6894bcecd85@group-FBBB64C110BB-LeaderElection10 ELECTION round 0: result PASSED (term=1)
2022-10-16 13:14:58,547 [48438861-3901-41c2-841c-a6894bcecd85@group-FBBB64C110BB-LeaderElection10] INFO  impl.RoleInfo (RoleInfo.java:shutdownLeaderElection(130)) - 48438861-3901-41c2-841c-a6894bcecd85: shutdown 48438861-3901-41c2-841c-a6894bcecd85@group-FBBB64C110BB-LeaderElection10
2022-10-16 13:14:58,547 [48438861-3901-41c2-841c-a6894bcecd85@group-FBBB64C110BB-LeaderElection10] INFO  server.RaftServer$Division (RaftServerImpl.java:setRole(299)) - 48438861-3901-41c2-841c-a6894bcecd85@group-FBBB64C110BB: changes role from CANDIDATE to LEADER at term 1 for changeToLeader
2022-10-16 13:14:58,547 [48438861-3901-41c2-841c-a6894bcecd85@group-FBBB64C110BB-LeaderElection10] INFO  ratis.XceiverServerRatis (XceiverServerRatis.java:handleLeaderChangedNotification(863)) - Leader change notification received for group: group-FBBB64C110BB with new leaderId: 48438861-3901-41c2-841c-a6894bcecd85
2022-10-16 13:14:58,547 [48438861-3901-41c2-841c-a6894bcecd85@group-FBBB64C110BB-LeaderElection10] INFO  server.RaftServer$Division (ServerState.java:setLeader(287)) - 48438861-3901-41c2-841c-a6894bcecd85@group-FBBB64C110BB: change Leader from null to 48438861-3901-41c2-841c-a6894bcecd85 at term 1 for becomeLeader, leader elected after 5143ms
2022-10-16 13:14:58,547 [48438861-3901-41c2-841c-a6894bcecd85@group-FBBB64C110BB-LeaderElection10] INFO  server.RaftServerConfigKeys (ConfUtils.java:logGet(46)) - raft.server.staging.catchup.gap = 1000 (default)
2022-10-16 13:14:58,547 [48438861-3901-41c2-841c-a6894bcecd85@group-FBBB64C110BB-LeaderElection10] INFO  server.RaftServerConfigKeys (ConfUtils.java:logGet(46)) - raft.server.write.element-limit = 1024 (custom)
2022-10-16 13:14:58,547 [48438861-3901-41c2-841c-a6894bcecd85@group-FBBB64C110BB-LeaderElection10] INFO  server.RaftServerConfigKeys (ConfUtils.java:logGet(46)) - raft.server.write.byte-limit = 1024 M (=1073741824) (custom)
2022-10-16 13:14:58,548 [48438861-3901-41c2-841c-a6894bcecd85@group-FBBB64C110BB-LeaderElection10] INFO  server.RaftServerConfigKeys (ConfUtils.java:logGet(46)) - raft.server.watch.timeout = 180s (custom)
2022-10-16 13:14:58,548 [48438861-3901-41c2-841c-a6894bcecd85@group-FBBB64C110BB-LeaderElection10] INFO  server.RaftServerConfigKeys (ConfUtils.java:logGet(46)) - raft.server.watch.timeout.denomination = 1s (default)
2022-10-16 13:14:58,548 [48438861-3901-41c2-841c-a6894bcecd85@group-FBBB64C110BB-LeaderElection10] INFO  server.RaftServerConfigKeys (ConfUtils.java:logGet(46)) - raft.server.watch.element-limit = 65536 (default)
2022-10-16 13:14:58,548 [48438861-3901-41c2-841c-a6894bcecd85@group-FBBB64C110BB-LeaderElection10] INFO  server.RaftServerConfigKeys (ConfUtils.java:logGet(46)) - raft.server.write.element-limit = 1024 (custom)
2022-10-16 13:14:58,548 [48438861-3901-41c2-841c-a6894bcecd85@group-FBBB64C110BB-LeaderElection10] INFO  server.RaftServerConfigKeys (ConfUtils.java:logGet(46)) - raft.server.write.follower.gap.ratio.max = -1.0 (default)
2022-10-16 13:14:58,548 [EventQueue-OpenPipelineForHealthyPipelineSafeModeRule] INFO  safemode.SCMSafeModeManager (HealthyPipelineSafeModeRule.java:process(137)) - SCM in safe mode. Healthy pipelines reported count is 0, required healthy pipeline reported count is 1
2022-10-16 13:14:58,548 [48438861-3901-41c2-841c-a6894bcecd85@group-FBBB64C110BB-LeaderElection10] INFO  impl.RoleInfo (RoleInfo.java:updateAndGet(139)) - 48438861-3901-41c2-841c-a6894bcecd85: start 48438861-3901-41c2-841c-a6894bcecd85@group-FBBB64C110BB-LeaderStateImpl
2022-10-16 13:14:58,549 [48438861-3901-41c2-841c-a6894bcecd85@group-FBBB64C110BB-LeaderElection10] INFO  segmented.SegmentedRaftLogWorker (SegmentedRaftLogWorker.java:startLogSegment(425)) - 48438861-3901-41c2-841c-a6894bcecd85@group-FBBB64C110BB-SegmentedRaftLogWorker: Starting segment from index:0
2022-10-16 13:14:58,552 [48438861-3901-41c2-841c-a6894bcecd85@group-FBBB64C110BB-LeaderElection10] INFO  server.RaftServer$Division (ServerState.java:setRaftConf(393)) - 48438861-3901-41c2-841c-a6894bcecd85@group-FBBB64C110BB: set configuration 0: [48438861-3901-41c2-841c-a6894bcecd85|rpc:10.1.0.60:38415|dataStream:|priority:1], old=null
2022-10-16 13:14:58,552 [48438861-3901-41c2-841c-a6894bcecd85@group-FBBB64C110BB-SegmentedRaftLogWorker] INFO  segmented.SegmentedRaftLogWorker (SegmentedRaftLogWorker.java:execute(629)) - 48438861-3901-41c2-841c-a6894bcecd85@group-FBBB64C110BB-SegmentedRaftLogWorker: created new log segment /home/runner/work/ozone/ozone/hadoop-ozone/integration-test/target/test-dir/MiniOzoneClusterImpl-1260e40a-66d4-47e7-b895-29d827f4fcd0/datanode-0/data/ratis/e23ea0e2-8f73-4371-a038-fbbb64c110bb/current/log_inprogress_0
2022-10-16 13:14:58,647 [Listener at 127.0.0.1/37791] INFO  ozone.MiniOzoneClusterImpl (MiniOzoneClusterImpl.java:lambda$waitForClusterToBeReady$0(216)) - Nodes are ready. Got 5 of 5 DN Heartbeats.
2022-10-16 13:14:58,647 [Listener at 127.0.0.1/37791] INFO  ozone.MiniOzoneClusterImpl (MiniOzoneClusterImpl.java:lambda$waitForClusterToBeReady$0(219)) - Waiting for cluster to exit safe mode
2022-10-16 13:14:58,647 [Listener at 127.0.0.1/37791] INFO  ozone.MiniOzoneClusterImpl (MiniOzoneClusterImpl.java:lambda$waitForClusterToBeReady$0(221)) - SCM became leader
2022-10-16 13:14:58,819 [6ff47f3f-d87f-42dc-9b9d-4568dd026d85@group-C436125BFFAD-FollowerState] INFO  impl.FollowerState (FollowerState.java:run(143)) - 6ff47f3f-d87f-42dc-9b9d-4568dd026d85@group-C436125BFFAD-FollowerState: change to CANDIDATE, lastRpcElapsedTime:5098114095ns, electionTimeout:5097ms
2022-10-16 13:14:58,819 [6ff47f3f-d87f-42dc-9b9d-4568dd026d85@group-C436125BFFAD-FollowerState] INFO  impl.RoleInfo (RoleInfo.java:shutdownFollowerState(110)) - 6ff47f3f-d87f-42dc-9b9d-4568dd026d85: shutdown 6ff47f3f-d87f-42dc-9b9d-4568dd026d85@group-C436125BFFAD-FollowerState
2022-10-16 13:14:58,819 [6ff47f3f-d87f-42dc-9b9d-4568dd026d85@group-C436125BFFAD-FollowerState] INFO  server.RaftServer$Division (RaftServerImpl.java:setRole(299)) - 6ff47f3f-d87f-42dc-9b9d-4568dd026d85@group-C436125BFFAD: changes role from  FOLLOWER to CANDIDATE at term 0 for changeToCandidate
2022-10-16 13:14:58,819 [6ff47f3f-d87f-42dc-9b9d-4568dd026d85@group-C436125BFFAD-FollowerState] INFO  server.RaftServerConfigKeys (ConfUtils.java:logGet(46)) - raft.server.leaderelection.pre-vote = false (custom)
2022-10-16 13:14:58,819 [6ff47f3f-d87f-42dc-9b9d-4568dd026d85@group-C436125BFFAD-FollowerState] INFO  impl.RoleInfo (RoleInfo.java:updateAndGet(139)) - 6ff47f3f-d87f-42dc-9b9d-4568dd026d85: start 6ff47f3f-d87f-42dc-9b9d-4568dd026d85@group-C436125BFFAD-LeaderElection11
2022-10-16 13:14:58,826 [6ff47f3f-d87f-42dc-9b9d-4568dd026d85@group-C436125BFFAD-LeaderElection11] INFO  impl.LeaderElection (LeaderElection.java:askForVotes(310)) - 6ff47f3f-d87f-42dc-9b9d-4568dd026d85@group-C436125BFFAD-LeaderElection11 ELECTION round 0: submit vote requests at term 1 for -1: [6ff47f3f-d87f-42dc-9b9d-4568dd026d85|rpc:10.1.0.60:42999|priority:1], old=null
2022-10-16 13:14:58,826 [6ff47f3f-d87f-42dc-9b9d-4568dd026d85@group-C436125BFFAD-LeaderElection11] INFO  impl.LeaderElection (LeaderElection.java:askForVotes(312)) - 6ff47f3f-d87f-42dc-9b9d-4568dd026d85@group-C436125BFFAD-LeaderElection11 ELECTION round 0: result PASSED (term=1)
2022-10-16 13:14:58,826 [6ff47f3f-d87f-42dc-9b9d-4568dd026d85@group-C436125BFFAD-LeaderElection11] INFO  impl.RoleInfo (RoleInfo.java:shutdownLeaderElection(130)) - 6ff47f3f-d87f-42dc-9b9d-4568dd026d85: shutdown 6ff47f3f-d87f-42dc-9b9d-4568dd026d85@group-C436125BFFAD-LeaderElection11
2022-10-16 13:14:58,826 [6ff47f3f-d87f-42dc-9b9d-4568dd026d85@group-C436125BFFAD-LeaderElection11] INFO  server.RaftServer$Division (RaftServerImpl.java:setRole(299)) - 6ff47f3f-d87f-42dc-9b9d-4568dd026d85@group-C436125BFFAD: changes role from CANDIDATE to LEADER at term 1 for changeToLeader
2022-10-16 13:14:58,826 [6ff47f3f-d87f-42dc-9b9d-4568dd026d85@group-C436125BFFAD-LeaderElection11] INFO  ratis.XceiverServerRatis (XceiverServerRatis.java:handleLeaderChangedNotification(863)) - Leader change notification received for group: group-C436125BFFAD with new leaderId: 6ff47f3f-d87f-42dc-9b9d-4568dd026d85
2022-10-16 13:14:58,826 [6ff47f3f-d87f-42dc-9b9d-4568dd026d85@group-C436125BFFAD-LeaderElection11] INFO  server.RaftServer$Division (ServerState.java:setLeader(287)) - 6ff47f3f-d87f-42dc-9b9d-4568dd026d85@group-C436125BFFAD: change Leader from null to 6ff47f3f-d87f-42dc-9b9d-4568dd026d85 at term 1 for becomeLeader, leader elected after 5112ms
2022-10-16 13:14:58,826 [6ff47f3f-d87f-42dc-9b9d-4568dd026d85@group-C436125BFFAD-LeaderElection11] INFO  server.RaftServerConfigKeys (ConfUtils.java:logGet(46)) - raft.server.staging.catchup.gap = 1000 (default)
2022-10-16 13:14:58,827 [6ff47f3f-d87f-42dc-9b9d-4568dd026d85@group-C436125BFFAD-LeaderElection11] INFO  server.RaftServerConfigKeys (ConfUtils.java:logGet(46)) - raft.server.write.element-limit = 1024 (custom)
2022-10-16 13:14:58,827 [6ff47f3f-d87f-42dc-9b9d-4568dd026d85@group-C436125BFFAD-LeaderElection11] INFO  server.RaftServerConfigKeys (ConfUtils.java:logGet(46)) - raft.server.write.byte-limit = 1024 M (=1073741824) (custom)
2022-10-16 13:14:58,827 [6ff47f3f-d87f-42dc-9b9d-4568dd026d85@group-C436125BFFAD-LeaderElection11] INFO  server.RaftServerConfigKeys (ConfUtils.java:logGet(46)) - raft.server.watch.timeout = 180s (custom)
2022-10-16 13:14:58,827 [6ff47f3f-d87f-42dc-9b9d-4568dd026d85@group-C436125BFFAD-LeaderElection11] INFO  server.RaftServerConfigKeys (ConfUtils.java:logGet(46)) - raft.server.watch.timeout.denomination = 1s (default)
2022-10-16 13:14:58,827 [6ff47f3f-d87f-42dc-9b9d-4568dd026d85@group-C436125BFFAD-LeaderElection11] INFO  server.RaftServerConfigKeys (ConfUtils.java:logGet(46)) - raft.server.watch.element-limit = 65536 (default)
2022-10-16 13:14:58,827 [6ff47f3f-d87f-42dc-9b9d-4568dd026d85@group-C436125BFFAD-LeaderElection11] INFO  server.RaftServerConfigKeys (ConfUtils.java:logGet(46)) - raft.server.write.element-limit = 1024 (custom)
2022-10-16 13:14:58,827 [6ff47f3f-d87f-42dc-9b9d-4568dd026d85@group-C436125BFFAD-LeaderElection11] INFO  server.RaftServerConfigKeys (ConfUtils.java:logGet(46)) - raft.server.write.follower.gap.ratio.max = -1.0 (default)
2022-10-16 13:14:58,828 [6ff47f3f-d87f-42dc-9b9d-4568dd026d85@group-C436125BFFAD-LeaderElection11] INFO  impl.RoleInfo (RoleInfo.java:updateAndGet(139)) - 6ff47f3f-d87f-42dc-9b9d-4568dd026d85: start 6ff47f3f-d87f-42dc-9b9d-4568dd026d85@group-C436125BFFAD-LeaderStateImpl
2022-10-16 13:14:58,828 [EventQueue-OpenPipelineForHealthyPipelineSafeModeRule] INFO  safemode.SCMSafeModeManager (HealthyPipelineSafeModeRule.java:process(137)) - SCM in safe mode. Healthy pipelines reported count is 0, required healthy pipeline reported count is 1
2022-10-16 13:14:58,829 [6ff47f3f-d87f-42dc-9b9d-4568dd026d85@group-C436125BFFAD-LeaderElection11] INFO  segmented.SegmentedRaftLogWorker (SegmentedRaftLogWorker.java:startLogSegment(425)) - 6ff47f3f-d87f-42dc-9b9d-4568dd026d85@group-C436125BFFAD-SegmentedRaftLogWorker: Starting segment from index:0
2022-10-16 13:14:58,831 [6ff47f3f-d87f-42dc-9b9d-4568dd026d85@group-C436125BFFAD-SegmentedRaftLogWorker] INFO  segmented.SegmentedRaftLogWorker (SegmentedRaftLogWorker.java:execute(629)) - 6ff47f3f-d87f-42dc-9b9d-4568dd026d85@group-C436125BFFAD-SegmentedRaftLogWorker: created new log segment /home/runner/work/ozone/ozone/hadoop-ozone/integration-test/target/test-dir/MiniOzoneClusterImpl-1260e40a-66d4-47e7-b895-29d827f4fcd0/datanode-1/data/ratis/57e8a5d9-5899-4d57-9014-c436125bffad/current/log_inprogress_0
2022-10-16 13:14:58,831 [6ff47f3f-d87f-42dc-9b9d-4568dd026d85@group-C436125BFFAD-LeaderElection11] INFO  server.RaftServer$Division (ServerState.java:setRaftConf(393)) - 6ff47f3f-d87f-42dc-9b9d-4568dd026d85@group-C436125BFFAD: set configuration 0: [6ff47f3f-d87f-42dc-9b9d-4568dd026d85|rpc:10.1.0.60:42999|dataStream:|priority:1], old=null
2022-10-16 13:14:59,047 [e49c2e86-d777-4cdf-94d6-56177341a9ef@group-F7874B355057-FollowerState] INFO  impl.FollowerState (FollowerState.java:run(143)) - e49c2e86-d777-4cdf-94d6-56177341a9ef@group-F7874B355057-FollowerState: change to CANDIDATE, lastRpcElapsedTime:5030519597ns, electionTimeout:5029ms
2022-10-16 13:14:59,048 [e49c2e86-d777-4cdf-94d6-56177341a9ef@group-F7874B355057-FollowerState] INFO  impl.RoleInfo (RoleInfo.java:shutdownFollowerState(110)) - e49c2e86-d777-4cdf-94d6-56177341a9ef: shutdown e49c2e86-d777-4cdf-94d6-56177341a9ef@group-F7874B355057-FollowerState
2022-10-16 13:14:59,048 [e49c2e86-d777-4cdf-94d6-56177341a9ef@group-F7874B355057-FollowerState] INFO  server.RaftServer$Division (RaftServerImpl.java:setRole(299)) - e49c2e86-d777-4cdf-94d6-56177341a9ef@group-F7874B355057: changes role from  FOLLOWER to CANDIDATE at term 0 for changeToCandidate
2022-10-16 13:14:59,048 [e49c2e86-d777-4cdf-94d6-56177341a9ef@group-F7874B355057-FollowerState] INFO  server.RaftServerConfigKeys (ConfUtils.java:logGet(46)) - raft.server.leaderelection.pre-vote = false (custom)
2022-10-16 13:14:59,048 [e49c2e86-d777-4cdf-94d6-56177341a9ef@group-F7874B355057-FollowerState] INFO  impl.RoleInfo (RoleInfo.java:updateAndGet(139)) - e49c2e86-d777-4cdf-94d6-56177341a9ef: start e49c2e86-d777-4cdf-94d6-56177341a9ef@group-F7874B355057-LeaderElection12
2022-10-16 13:14:59,053 [e49c2e86-d777-4cdf-94d6-56177341a9ef@group-F7874B355057-LeaderElection12] INFO  impl.LeaderElection (LeaderElection.java:askForVotes(310)) - e49c2e86-d777-4cdf-94d6-56177341a9ef@group-F7874B355057-LeaderElection12 ELECTION round 0: submit vote requests at term 1 for -1: [e49c2e86-d777-4cdf-94d6-56177341a9ef|rpc:10.1.0.60:37353|priority:1], old=null
2022-10-16 13:14:59,053 [e49c2e86-d777-4cdf-94d6-56177341a9ef@group-F7874B355057-LeaderElection12] INFO  impl.LeaderElection (LeaderElection.java:askForVotes(312)) - e49c2e86-d777-4cdf-94d6-56177341a9ef@group-F7874B355057-LeaderElection12 ELECTION round 0: result PASSED (term=1)
2022-10-16 13:14:59,053 [e49c2e86-d777-4cdf-94d6-56177341a9ef@group-F7874B355057-LeaderElection12] INFO  impl.RoleInfo (RoleInfo.java:shutdownLeaderElection(130)) - e49c2e86-d777-4cdf-94d6-56177341a9ef: shutdown e49c2e86-d777-4cdf-94d6-56177341a9ef@group-F7874B355057-LeaderElection12
2022-10-16 13:14:59,053 [e49c2e86-d777-4cdf-94d6-56177341a9ef@group-F7874B355057-LeaderElection12] INFO  server.RaftServer$Division (RaftServerImpl.java:setRole(299)) - e49c2e86-d777-4cdf-94d6-56177341a9ef@group-F7874B355057: changes role from CANDIDATE to LEADER at term 1 for changeToLeader
2022-10-16 13:14:59,053 [e49c2e86-d777-4cdf-94d6-56177341a9ef@group-F7874B355057-LeaderElection12] INFO  ratis.XceiverServerRatis (XceiverServerRatis.java:handleLeaderChangedNotification(863)) - Leader change notification received for group: group-F7874B355057 with new leaderId: e49c2e86-d777-4cdf-94d6-56177341a9ef
2022-10-16 13:14:59,053 [e49c2e86-d777-4cdf-94d6-56177341a9ef@group-F7874B355057-LeaderElection12] INFO  server.RaftServer$Division (ServerState.java:setLeader(287)) - e49c2e86-d777-4cdf-94d6-56177341a9ef@group-F7874B355057: change Leader from null to e49c2e86-d777-4cdf-94d6-56177341a9ef at term 1 for becomeLeader, leader elected after 5041ms
2022-10-16 13:14:59,053 [e49c2e86-d777-4cdf-94d6-56177341a9ef@group-F7874B355057-LeaderElection12] INFO  server.RaftServerConfigKeys (ConfUtils.java:logGet(46)) - raft.server.staging.catchup.gap = 1000 (default)
2022-10-16 13:14:59,053 [e49c2e86-d777-4cdf-94d6-56177341a9ef@group-F7874B355057-LeaderElection12] INFO  server.RaftServerConfigKeys (ConfUtils.java:logGet(46)) - raft.server.write.element-limit = 1024 (custom)
2022-10-16 13:14:59,054 [e49c2e86-d777-4cdf-94d6-56177341a9ef@group-F7874B355057-LeaderElection12] INFO  server.RaftServerConfigKeys (ConfUtils.java:logGet(46)) - raft.server.write.byte-limit = 1024 M (=1073741824) (custom)
2022-10-16 13:14:59,055 [EventQueue-OpenPipelineForHealthyPipelineSafeModeRule] INFO  safemode.SCMSafeModeManager (HealthyPipelineSafeModeRule.java:process(137)) - SCM in safe mode. Healthy pipelines reported count is 0, required healthy pipeline reported count is 1
2022-10-16 13:14:59,055 [e49c2e86-d777-4cdf-94d6-56177341a9ef@group-F7874B355057-LeaderElection12] INFO  server.RaftServerConfigKeys (ConfUtils.java:logGet(46)) - raft.server.watch.timeout = 180s (custom)
2022-10-16 13:14:59,055 [e49c2e86-d777-4cdf-94d6-56177341a9ef@group-F7874B355057-LeaderElection12] INFO  server.RaftServerConfigKeys (ConfUtils.java:logGet(46)) - raft.server.watch.timeout.denomination = 1s (default)
2022-10-16 13:14:59,055 [e49c2e86-d777-4cdf-94d6-56177341a9ef@group-F7874B355057-LeaderElection12] INFO  server.RaftServerConfigKeys (ConfUtils.java:logGet(46)) - raft.server.watch.element-limit = 65536 (default)
2022-10-16 13:14:59,055 [e49c2e86-d777-4cdf-94d6-56177341a9ef@group-F7874B355057-LeaderElection12] INFO  server.RaftServerConfigKeys (ConfUtils.java:logGet(46)) - raft.server.write.element-limit = 1024 (custom)
2022-10-16 13:14:59,055 [e49c2e86-d777-4cdf-94d6-56177341a9ef@group-F7874B355057-LeaderElection12] INFO  server.RaftServerConfigKeys (ConfUtils.java:logGet(46)) - raft.server.write.follower.gap.ratio.max = -1.0 (default)
2022-10-16 13:14:59,056 [e49c2e86-d777-4cdf-94d6-56177341a9ef@group-F7874B355057-LeaderElection12] INFO  impl.RoleInfo (RoleInfo.java:updateAndGet(139)) - e49c2e86-d777-4cdf-94d6-56177341a9ef: start e49c2e86-d777-4cdf-94d6-56177341a9ef@group-F7874B355057-LeaderStateImpl
2022-10-16 13:14:59,057 [e49c2e86-d777-4cdf-94d6-56177341a9ef@group-F7874B355057-LeaderElection12] INFO  segmented.SegmentedRaftLogWorker (SegmentedRaftLogWorker.java:startLogSegment(425)) - e49c2e86-d777-4cdf-94d6-56177341a9ef@group-F7874B355057-SegmentedRaftLogWorker: Starting segment from index:0
2022-10-16 13:14:59,058 [e49c2e86-d777-4cdf-94d6-56177341a9ef@group-F7874B355057-LeaderElection12] INFO  server.RaftServer$Division (ServerState.java:setRaftConf(393)) - e49c2e86-d777-4cdf-94d6-56177341a9ef@group-F7874B355057: set configuration 0: [e49c2e86-d777-4cdf-94d6-56177341a9ef|rpc:10.1.0.60:37353|dataStream:|priority:1], old=null
2022-10-16 13:14:59,059 [e49c2e86-d777-4cdf-94d6-56177341a9ef@group-F7874B355057-SegmentedRaftLogWorker] INFO  segmented.SegmentedRaftLogWorker (SegmentedRaftLogWorker.java:execute(629)) - e49c2e86-d777-4cdf-94d6-56177341a9ef@group-F7874B355057-SegmentedRaftLogWorker: created new log segment /home/runner/work/ozone/ozone/hadoop-ozone/integration-test/target/test-dir/MiniOzoneClusterImpl-1260e40a-66d4-47e7-b895-29d827f4fcd0/datanode-2/data/ratis/3d4020c1-39db-46f6-bca8-f7874b355057/current/log_inprogress_0
2022-10-16 13:14:59,065 [ReplicationMonitor] INFO  replication.ReplicationManager (ReplicationManager.java:processAll(324)) - Replication Monitor Thread took 1 milliseconds for processing 7 containers.
2022-10-16 13:14:59,308 [ReplicationMonitor] INFO  replication.ReplicationManager (ReplicationManager.java:processAll(291)) - Replication Manager is not ready to run until 3000ms after safemode exit
2022-10-16 13:14:59,517 [7704b6cf-04ea-412c-9988-60e4a7617a5b@group-5A52921969D5-FollowerState] INFO  impl.FollowerState (FollowerState.java:run(143)) - 7704b6cf-04ea-412c-9988-60e4a7617a5b@group-5A52921969D5-FollowerState: change to CANDIDATE, lastRpcElapsedTime:5182028272ns, electionTimeout:5181ms
2022-10-16 13:14:59,517 [7704b6cf-04ea-412c-9988-60e4a7617a5b@group-5A52921969D5-FollowerState] INFO  impl.RoleInfo (RoleInfo.java:shutdownFollowerState(110)) - 7704b6cf-04ea-412c-9988-60e4a7617a5b: shutdown 7704b6cf-04ea-412c-9988-60e4a7617a5b@group-5A52921969D5-FollowerState
2022-10-16 13:14:59,518 [7704b6cf-04ea-412c-9988-60e4a7617a5b@group-5A52921969D5-FollowerState] INFO  server.RaftServer$Division (RaftServerImpl.java:setRole(299)) - 7704b6cf-04ea-412c-9988-60e4a7617a5b@group-5A52921969D5: changes role from  FOLLOWER to CANDIDATE at term 0 for changeToCandidate
2022-10-16 13:14:59,518 [7704b6cf-04ea-412c-9988-60e4a7617a5b@group-5A52921969D5-FollowerState] INFO  server.RaftServerConfigKeys (ConfUtils.java:logGet(46)) - raft.server.leaderelection.pre-vote = false (custom)
2022-10-16 13:14:59,518 [7704b6cf-04ea-412c-9988-60e4a7617a5b@group-5A52921969D5-FollowerState] INFO  impl.RoleInfo (RoleInfo.java:updateAndGet(139)) - 7704b6cf-04ea-412c-9988-60e4a7617a5b: start 7704b6cf-04ea-412c-9988-60e4a7617a5b@group-5A52921969D5-LeaderElection13
2022-10-16 13:14:59,522 [7704b6cf-04ea-412c-9988-60e4a7617a5b@group-5A52921969D5-LeaderElection13] INFO  impl.LeaderElection (LeaderElection.java:askForVotes(310)) - 7704b6cf-04ea-412c-9988-60e4a7617a5b@group-5A52921969D5-LeaderElection13 ELECTION round 0: submit vote requests at term 1 for -1: [7704b6cf-04ea-412c-9988-60e4a7617a5b|rpc:10.1.0.60:39033|priority:1], old=null
2022-10-16 13:14:59,522 [7704b6cf-04ea-412c-9988-60e4a7617a5b@group-5A52921969D5-LeaderElection13] INFO  impl.LeaderElection (LeaderElection.java:askForVotes(312)) - 7704b6cf-04ea-412c-9988-60e4a7617a5b@group-5A52921969D5-LeaderElection13 ELECTION round 0: result PASSED (term=1)
2022-10-16 13:14:59,522 [7704b6cf-04ea-412c-9988-60e4a7617a5b@group-5A52921969D5-LeaderElection13] INFO  impl.RoleInfo (RoleInfo.java:shutdownLeaderElection(130)) - 7704b6cf-04ea-412c-9988-60e4a7617a5b: shutdown 7704b6cf-04ea-412c-9988-60e4a7617a5b@group-5A52921969D5-LeaderElection13
2022-10-16 13:14:59,522 [7704b6cf-04ea-412c-9988-60e4a7617a5b@group-5A52921969D5-LeaderElection13] INFO  server.RaftServer$Division (RaftServerImpl.java:setRole(299)) - 7704b6cf-04ea-412c-9988-60e4a7617a5b@group-5A52921969D5: changes role from CANDIDATE to LEADER at term 1 for changeToLeader
2022-10-16 13:14:59,522 [7704b6cf-04ea-412c-9988-60e4a7617a5b@group-5A52921969D5-LeaderElection13] INFO  ratis.XceiverServerRatis (XceiverServerRatis.java:handleLeaderChangedNotification(863)) - Leader change notification received for group: group-5A52921969D5 with new leaderId: 7704b6cf-04ea-412c-9988-60e4a7617a5b
2022-10-16 13:14:59,522 [7704b6cf-04ea-412c-9988-60e4a7617a5b@group-5A52921969D5-LeaderElection13] INFO  server.RaftServer$Division (ServerState.java:setLeader(287)) - 7704b6cf-04ea-412c-9988-60e4a7617a5b@group-5A52921969D5: change Leader from null to 7704b6cf-04ea-412c-9988-60e4a7617a5b at term 1 for becomeLeader, leader elected after 5192ms
2022-10-16 13:14:59,522 [7704b6cf-04ea-412c-9988-60e4a7617a5b@group-5A52921969D5-LeaderElection13] INFO  server.RaftServerConfigKeys (ConfUtils.java:logGet(46)) - raft.server.staging.catchup.gap = 1000 (default)
2022-10-16 13:14:59,522 [7704b6cf-04ea-412c-9988-60e4a7617a5b@group-5A52921969D5-LeaderElection13] INFO  server.RaftServerConfigKeys (ConfUtils.java:logGet(46)) - raft.server.write.element-limit = 1024 (custom)
2022-10-16 13:14:59,522 [7704b6cf-04ea-412c-9988-60e4a7617a5b@group-5A52921969D5-LeaderElection13] INFO  server.RaftServerConfigKeys (ConfUtils.java:logGet(46)) - raft.server.write.byte-limit = 1024 M (=1073741824) (custom)
2022-10-16 13:14:59,523 [EventQueue-OpenPipelineForHealthyPipelineSafeModeRule] INFO  safemode.SCMSafeModeManager (HealthyPipelineSafeModeRule.java:process(137)) - SCM in safe mode. Healthy pipelines reported count is 0, required healthy pipeline reported count is 1
2022-10-16 13:14:59,523 [7704b6cf-04ea-412c-9988-60e4a7617a5b@group-5A52921969D5-LeaderElection13] INFO  server.RaftServerConfigKeys (ConfUtils.java:logGet(46)) - raft.server.watch.timeout = 180s (custom)
2022-10-16 13:14:59,524 [7704b6cf-04ea-412c-9988-60e4a7617a5b@group-5A52921969D5-LeaderElection13] INFO  server.RaftServerConfigKeys (ConfUtils.java:logGet(46)) - raft.server.watch.timeout.denomination = 1s (default)
2022-10-16 13:14:59,524 [7704b6cf-04ea-412c-9988-60e4a7617a5b@group-5A52921969D5-LeaderElection13] INFO  server.RaftServerConfigKeys (ConfUtils.java:logGet(46)) - raft.server.watch.element-limit = 65536 (default)
2022-10-16 13:14:59,524 [7704b6cf-04ea-412c-9988-60e4a7617a5b@group-5A52921969D5-LeaderElection13] INFO  server.RaftServerConfigKeys (ConfUtils.java:logGet(46)) - raft.server.write.element-limit = 1024 (custom)
2022-10-16 13:14:59,524 [7704b6cf-04ea-412c-9988-60e4a7617a5b@group-5A52921969D5-LeaderElection13] INFO  server.RaftServerConfigKeys (ConfUtils.java:logGet(46)) - raft.server.write.follower.gap.ratio.max = -1.0 (default)
2022-10-16 13:14:59,524 [7704b6cf-04ea-412c-9988-60e4a7617a5b@group-5A52921969D5-LeaderElection13] INFO  impl.RoleInfo (RoleInfo.java:updateAndGet(139)) - 7704b6cf-04ea-412c-9988-60e4a7617a5b: start 7704b6cf-04ea-412c-9988-60e4a7617a5b@group-5A52921969D5-LeaderStateImpl
2022-10-16 13:14:59,524 [7704b6cf-04ea-412c-9988-60e4a7617a5b@group-5A52921969D5-LeaderElection13] INFO  segmented.SegmentedRaftLogWorker (SegmentedRaftLogWorker.java:startLogSegment(425)) - 7704b6cf-04ea-412c-9988-60e4a7617a5b@group-5A52921969D5-SegmentedRaftLogWorker: Starting segment from index:0
2022-10-16 13:14:59,525 [7704b6cf-04ea-412c-9988-60e4a7617a5b@group-5A52921969D5-LeaderElection13] INFO  server.RaftServer$Division (ServerState.java:setRaftConf(393)) - 7704b6cf-04ea-412c-9988-60e4a7617a5b@group-5A52921969D5: set configuration 0: [7704b6cf-04ea-412c-9988-60e4a7617a5b|rpc:10.1.0.60:39033|dataStream:|priority:1], old=null
2022-10-16 13:14:59,526 [7704b6cf-04ea-412c-9988-60e4a7617a5b@group-5A52921969D5-SegmentedRaftLogWorker] INFO  segmented.SegmentedRaftLogWorker (SegmentedRaftLogWorker.java:execute(629)) - 7704b6cf-04ea-412c-9988-60e4a7617a5b@group-5A52921969D5-SegmentedRaftLogWorker: created new log segment /home/runner/work/ozone/ozone/hadoop-ozone/integration-test/target/test-dir/MiniOzoneClusterImpl-1260e40a-66d4-47e7-b895-29d827f4fcd0/datanode-3/data/ratis/989d4264-0e1d-4dc6-bef1-5a52921969d5/current/log_inprogress_0
2022-10-16 13:14:59,648 [Listener at 127.0.0.1/37791] INFO  ozone.MiniOzoneClusterImpl (MiniOzoneClusterImpl.java:lambda$waitForClusterToBeReady$0(216)) - Nodes are ready. Got 5 of 5 DN Heartbeats.
2022-10-16 13:14:59,648 [Listener at 127.0.0.1/37791] INFO  ozone.MiniOzoneClusterImpl (MiniOzoneClusterImpl.java:lambda$waitForClusterToBeReady$0(219)) - Waiting for cluster to exit safe mode
2022-10-16 13:14:59,648 [Listener at 127.0.0.1/37791] INFO  ozone.MiniOzoneClusterImpl (MiniOzoneClusterImpl.java:lambda$waitForClusterToBeReady$0(221)) - SCM became leader
2022-10-16 13:14:59,819 [8d79e7e8-c2f6-4eb1-a315-880b099444cd@group-8AC5794793BA-FollowerState] INFO  impl.FollowerState (FollowerState.java:run(143)) - 8d79e7e8-c2f6-4eb1-a315-880b099444cd@group-8AC5794793BA-FollowerState: change to CANDIDATE, lastRpcElapsedTime:5155334508ns, electionTimeout:5153ms
2022-10-16 13:14:59,819 [8d79e7e8-c2f6-4eb1-a315-880b099444cd@group-8AC5794793BA-FollowerState] INFO  impl.RoleInfo (RoleInfo.java:shutdownFollowerState(110)) - 8d79e7e8-c2f6-4eb1-a315-880b099444cd: shutdown 8d79e7e8-c2f6-4eb1-a315-880b099444cd@group-8AC5794793BA-FollowerState
2022-10-16 13:14:59,819 [8d79e7e8-c2f6-4eb1-a315-880b099444cd@group-8AC5794793BA-FollowerState] INFO  server.RaftServer$Division (RaftServerImpl.java:setRole(299)) - 8d79e7e8-c2f6-4eb1-a315-880b099444cd@group-8AC5794793BA: changes role from  FOLLOWER to CANDIDATE at term 0 for changeToCandidate
2022-10-16 13:14:59,819 [8d79e7e8-c2f6-4eb1-a315-880b099444cd@group-8AC5794793BA-FollowerState] INFO  server.RaftServerConfigKeys (ConfUtils.java:logGet(46)) - raft.server.leaderelection.pre-vote = false (custom)
2022-10-16 13:14:59,819 [8d79e7e8-c2f6-4eb1-a315-880b099444cd@group-8AC5794793BA-FollowerState] INFO  impl.RoleInfo (RoleInfo.java:updateAndGet(139)) - 8d79e7e8-c2f6-4eb1-a315-880b099444cd: start 8d79e7e8-c2f6-4eb1-a315-880b099444cd@group-8AC5794793BA-LeaderElection14
2022-10-16 13:14:59,830 [8d79e7e8-c2f6-4eb1-a315-880b099444cd@group-8AC5794793BA-LeaderElection14] INFO  impl.LeaderElection (LeaderElection.java:askForVotes(310)) - 8d79e7e8-c2f6-4eb1-a315-880b099444cd@group-8AC5794793BA-LeaderElection14 ELECTION round 0: submit vote requests at term 1 for -1: [8d79e7e8-c2f6-4eb1-a315-880b099444cd|rpc:10.1.0.60:34385|priority:1], old=null
2022-10-16 13:14:59,830 [8d79e7e8-c2f6-4eb1-a315-880b099444cd@group-8AC5794793BA-LeaderElection14] INFO  impl.LeaderElection (LeaderElection.java:askForVotes(312)) - 8d79e7e8-c2f6-4eb1-a315-880b099444cd@group-8AC5794793BA-LeaderElection14 ELECTION round 0: result PASSED (term=1)
2022-10-16 13:14:59,830 [8d79e7e8-c2f6-4eb1-a315-880b099444cd@group-8AC5794793BA-LeaderElection14] INFO  impl.RoleInfo (RoleInfo.java:shutdownLeaderElection(130)) - 8d79e7e8-c2f6-4eb1-a315-880b099444cd: shutdown 8d79e7e8-c2f6-4eb1-a315-880b099444cd@group-8AC5794793BA-LeaderElection14
2022-10-16 13:14:59,830 [8d79e7e8-c2f6-4eb1-a315-880b099444cd@group-8AC5794793BA-LeaderElection14] INFO  server.RaftServer$Division (RaftServerImpl.java:setRole(299)) - 8d79e7e8-c2f6-4eb1-a315-880b099444cd@group-8AC5794793BA: changes role from CANDIDATE to LEADER at term 1 for changeToLeader
2022-10-16 13:14:59,830 [8d79e7e8-c2f6-4eb1-a315-880b099444cd@group-8AC5794793BA-LeaderElection14] INFO  ratis.XceiverServerRatis (XceiverServerRatis.java:handleLeaderChangedNotification(863)) - Leader change notification received for group: group-8AC5794793BA with new leaderId: 8d79e7e8-c2f6-4eb1-a315-880b099444cd
2022-10-16 13:14:59,830 [8d79e7e8-c2f6-4eb1-a315-880b099444cd@group-8AC5794793BA-LeaderElection14] INFO  server.RaftServer$Division (ServerState.java:setLeader(287)) - 8d79e7e8-c2f6-4eb1-a315-880b099444cd@group-8AC5794793BA: change Leader from null to 8d79e7e8-c2f6-4eb1-a315-880b099444cd at term 1 for becomeLeader, leader elected after 5171ms
2022-10-16 13:14:59,830 [8d79e7e8-c2f6-4eb1-a315-880b099444cd@group-8AC5794793BA-LeaderElection14] INFO  server.RaftServerConfigKeys (ConfUtils.java:logGet(46)) - raft.server.staging.catchup.gap = 1000 (default)
2022-10-16 13:14:59,830 [8d79e7e8-c2f6-4eb1-a315-880b099444cd@group-8AC5794793BA-LeaderElection14] INFO  server.RaftServerConfigKeys (ConfUtils.java:logGet(46)) - raft.server.write.element-limit = 1024 (custom)
2022-10-16 13:14:59,830 [8d79e7e8-c2f6-4eb1-a315-880b099444cd@group-8AC5794793BA-LeaderElection14] INFO  server.RaftServerConfigKeys (ConfUtils.java:logGet(46)) - raft.server.write.byte-limit = 1024 M (=1073741824) (custom)
2022-10-16 13:14:59,831 [8d79e7e8-c2f6-4eb1-a315-880b099444cd@group-8AC5794793BA-LeaderElection14] INFO  server.RaftServerConfigKeys (ConfUtils.java:logGet(46)) - raft.server.watch.timeout = 180s (custom)
2022-10-16 13:14:59,831 [8d79e7e8-c2f6-4eb1-a315-880b099444cd@group-8AC5794793BA-LeaderElection14] INFO  server.RaftServerConfigKeys (ConfUtils.java:logGet(46)) - raft.server.watch.timeout.denomination = 1s (default)
2022-10-16 13:14:59,831 [EventQueue-OpenPipelineForHealthyPipelineSafeModeRule] INFO  safemode.SCMSafeModeManager (HealthyPipelineSafeModeRule.java:process(137)) - SCM in safe mode. Healthy pipelines reported count is 0, required healthy pipeline reported count is 1
2022-10-16 13:14:59,831 [8d79e7e8-c2f6-4eb1-a315-880b099444cd@group-8AC5794793BA-LeaderElection14] INFO  server.RaftServerConfigKeys (ConfUtils.java:logGet(46)) - raft.server.watch.element-limit = 65536 (default)
2022-10-16 13:14:59,831 [8d79e7e8-c2f6-4eb1-a315-880b099444cd@group-8AC5794793BA-LeaderElection14] INFO  server.RaftServerConfigKeys (ConfUtils.java:logGet(46)) - raft.server.write.element-limit = 1024 (custom)
2022-10-16 13:14:59,831 [8d79e7e8-c2f6-4eb1-a315-880b099444cd@group-8AC5794793BA-LeaderElection14] INFO  server.RaftServerConfigKeys (ConfUtils.java:logGet(46)) - raft.server.write.follower.gap.ratio.max = -1.0 (default)
2022-10-16 13:14:59,831 [8d79e7e8-c2f6-4eb1-a315-880b099444cd@group-8AC5794793BA-LeaderElection14] INFO  impl.RoleInfo (RoleInfo.java:updateAndGet(139)) - 8d79e7e8-c2f6-4eb1-a315-880b099444cd: start 8d79e7e8-c2f6-4eb1-a315-880b099444cd@group-8AC5794793BA-LeaderStateImpl
2022-10-16 13:14:59,832 [8d79e7e8-c2f6-4eb1-a315-880b099444cd@group-8AC5794793BA-LeaderElection14] INFO  segmented.SegmentedRaftLogWorker (SegmentedRaftLogWorker.java:startLogSegment(425)) - 8d79e7e8-c2f6-4eb1-a315-880b099444cd@group-8AC5794793BA-SegmentedRaftLogWorker: Starting segment from index:0
2022-10-16 13:14:59,836 [8d79e7e8-c2f6-4eb1-a315-880b099444cd@group-8AC5794793BA-SegmentedRaftLogWorker] INFO  segmented.SegmentedRaftLogWorker (SegmentedRaftLogWorker.java:execute(629)) - 8d79e7e8-c2f6-4eb1-a315-880b099444cd@group-8AC5794793BA-SegmentedRaftLogWorker: created new log segment /home/runner/work/ozone/ozone/hadoop-ozone/integration-test/target/test-dir/MiniOzoneClusterImpl-1260e40a-66d4-47e7-b895-29d827f4fcd0/datanode-4/data/ratis/4d07a0d0-1287-4001-b3a6-8ac5794793ba/current/log_inprogress_0
2022-10-16 13:14:59,836 [8d79e7e8-c2f6-4eb1-a315-880b099444cd@group-8AC5794793BA-LeaderElection14] INFO  server.RaftServer$Division (ServerState.java:setRaftConf(393)) - 8d79e7e8-c2f6-4eb1-a315-880b099444cd@group-8AC5794793BA: set configuration 0: [8d79e7e8-c2f6-4eb1-a315-880b099444cd|rpc:10.1.0.60:34385|dataStream:|priority:1], old=null
2022-10-16 13:15:00,066 [ReplicationMonitor] INFO  replication.ReplicationManager (ReplicationManager.java:processAll(324)) - Replication Monitor Thread took 0 milliseconds for processing 7 containers.
2022-10-16 13:15:00,308 [ReplicationMonitor] INFO  replication.ReplicationManager (ReplicationManager.java:processAll(291)) - Replication Manager is not ready to run until 3000ms after safemode exit
2022-10-16 13:15:00,648 [Listener at 127.0.0.1/37791] INFO  ozone.MiniOzoneClusterImpl (MiniOzoneClusterImpl.java:lambda$waitForClusterToBeReady$0(216)) - Nodes are ready. Got 5 of 5 DN Heartbeats.
2022-10-16 13:15:00,648 [Listener at 127.0.0.1/37791] INFO  ozone.MiniOzoneClusterImpl (MiniOzoneClusterImpl.java:lambda$waitForClusterToBeReady$0(219)) - Waiting for cluster to exit safe mode
2022-10-16 13:15:00,648 [Listener at 127.0.0.1/37791] INFO  ozone.MiniOzoneClusterImpl (MiniOzoneClusterImpl.java:lambda$waitForClusterToBeReady$0(221)) - SCM became leader
2022-10-16 13:15:01,066 [ReplicationMonitor] INFO  replication.ReplicationManager (ReplicationManager.java:processAll(324)) - Replication Monitor Thread took 0 milliseconds for processing 7 containers.
2022-10-16 13:15:01,308 [ReplicationMonitor] INFO  replication.ReplicationManager (ReplicationManager.java:processAll(291)) - Replication Manager is not ready to run until 3000ms after safemode exit
2022-10-16 13:15:01,649 [Listener at 127.0.0.1/37791] INFO  ozone.MiniOzoneClusterImpl (MiniOzoneClusterImpl.java:lambda$waitForClusterToBeReady$0(216)) - Nodes are ready. Got 5 of 5 DN Heartbeats.
2022-10-16 13:15:01,649 [Listener at 127.0.0.1/37791] INFO  ozone.MiniOzoneClusterImpl (MiniOzoneClusterImpl.java:lambda$waitForClusterToBeReady$0(219)) - Waiting for cluster to exit safe mode
2022-10-16 13:15:01,649 [Listener at 127.0.0.1/37791] INFO  ozone.MiniOzoneClusterImpl (MiniOzoneClusterImpl.java:lambda$waitForClusterToBeReady$0(221)) - SCM became leader
2022-10-16 13:15:02,067 [ReplicationMonitor] INFO  replication.ReplicationManager (ReplicationManager.java:processAll(324)) - Replication Monitor Thread took 1 milliseconds for processing 7 containers.
2022-10-16 13:15:02,309 [ReplicationMonitor] INFO  replication.ReplicationManager (ReplicationManager.java:processAll(291)) - Replication Manager is not ready to run until 3000ms after safemode exit
2022-10-16 13:15:02,649 [Listener at 127.0.0.1/37791] INFO  ozone.MiniOzoneClusterImpl (MiniOzoneClusterImpl.java:lambda$waitForClusterToBeReady$0(216)) - Nodes are ready. Got 5 of 5 DN Heartbeats.
2022-10-16 13:15:02,649 [Listener at 127.0.0.1/37791] INFO  ozone.MiniOzoneClusterImpl (MiniOzoneClusterImpl.java:lambda$waitForClusterToBeReady$0(219)) - Waiting for cluster to exit safe mode
2022-10-16 13:15:02,649 [Listener at 127.0.0.1/37791] INFO  ozone.MiniOzoneClusterImpl (MiniOzoneClusterImpl.java:lambda$waitForClusterToBeReady$0(221)) - SCM became leader
2022-10-16 13:15:03,067 [ReplicationMonitor] INFO  replication.ReplicationManager (ReplicationManager.java:processAll(324)) - Replication Monitor Thread took 0 milliseconds for processing 7 containers.
2022-10-16 13:15:03,309 [ReplicationMonitor] INFO  replication.ReplicationManager (ReplicationManager.java:processAll(291)) - Replication Manager is not ready to run until 3000ms after safemode exit
2022-10-16 13:15:03,495 [48438861-3901-41c2-841c-a6894bcecd85@group-6D99D335DBF7-FollowerState] INFO  impl.FollowerState (FollowerState.java:run(143)) - 48438861-3901-41c2-841c-a6894bcecd85@group-6D99D335DBF7-FollowerState: change to CANDIDATE, lastRpcElapsedTime:5029522188ns, electionTimeout:5022ms
2022-10-16 13:15:03,495 [48438861-3901-41c2-841c-a6894bcecd85@group-6D99D335DBF7-FollowerState] INFO  impl.RoleInfo (RoleInfo.java:shutdownFollowerState(110)) - 48438861-3901-41c2-841c-a6894bcecd85: shutdown 48438861-3901-41c2-841c-a6894bcecd85@group-6D99D335DBF7-FollowerState
2022-10-16 13:15:03,495 [48438861-3901-41c2-841c-a6894bcecd85@group-6D99D335DBF7-FollowerState] INFO  server.RaftServer$Division (RaftServerImpl.java:setRole(299)) - 48438861-3901-41c2-841c-a6894bcecd85@group-6D99D335DBF7: changes role from  FOLLOWER to CANDIDATE at term 1 for changeToCandidate
2022-10-16 13:15:03,495 [48438861-3901-41c2-841c-a6894bcecd85@group-6D99D335DBF7-FollowerState] INFO  server.RaftServerConfigKeys (ConfUtils.java:logGet(46)) - raft.server.leaderelection.pre-vote = false (custom)
2022-10-16 13:15:03,495 [48438861-3901-41c2-841c-a6894bcecd85@group-6D99D335DBF7-FollowerState] INFO  impl.RoleInfo (RoleInfo.java:updateAndGet(139)) - 48438861-3901-41c2-841c-a6894bcecd85: start 48438861-3901-41c2-841c-a6894bcecd85@group-6D99D335DBF7-LeaderElection15
2022-10-16 13:15:03,498 [48438861-3901-41c2-841c-a6894bcecd85@group-6D99D335DBF7-LeaderElection15] INFO  impl.LeaderElection (LeaderElection.java:askForVotes(310)) - 48438861-3901-41c2-841c-a6894bcecd85@group-6D99D335DBF7-LeaderElection15 ELECTION round 0: submit vote requests at term 2 for -1: [6ff47f3f-d87f-42dc-9b9d-4568dd026d85|rpc:10.1.0.60:42999|priority:1, 48438861-3901-41c2-841c-a6894bcecd85|rpc:10.1.0.60:38415|priority:0, e49c2e86-d777-4cdf-94d6-56177341a9ef|rpc:10.1.0.60:37353|priority:0], old=null
2022-10-16 13:15:03,499 [grpc-default-executor-4] INFO  server.RaftServer$Division (RaftServerImpl.java:requestVote(1152)) - 6ff47f3f-d87f-42dc-9b9d-4568dd026d85@group-6D99D335DBF7: receive requestVote(ELECTION, 48438861-3901-41c2-841c-a6894bcecd85, group-6D99D335DBF7, 2, (t:0, i:0))
2022-10-16 13:15:03,499 [grpc-default-executor-5] INFO  server.RaftServer$Division (RaftServerImpl.java:requestVote(1152)) - e49c2e86-d777-4cdf-94d6-56177341a9ef@group-6D99D335DBF7: receive requestVote(ELECTION, 48438861-3901-41c2-841c-a6894bcecd85, group-6D99D335DBF7, 2, (t:0, i:0))
2022-10-16 13:15:03,500 [grpc-default-executor-4] INFO  impl.VoteContext (VoteContext.java:log(48)) - 6ff47f3f-d87f-42dc-9b9d-4568dd026d85@group-6D99D335DBF7-FOLLOWER: reject ELECTION from 48438861-3901-41c2-841c-a6894bcecd85: our priority 1 > candidate's priority 0
2022-10-16 13:15:03,500 [grpc-default-executor-5] INFO  impl.VoteContext (VoteContext.java:log(48)) - e49c2e86-d777-4cdf-94d6-56177341a9ef@group-6D99D335DBF7-FOLLOWER: accept ELECTION from 48438861-3901-41c2-841c-a6894bcecd85: our priority 0 <= candidate's priority 0
2022-10-16 13:15:03,500 [grpc-default-executor-4] INFO  server.RaftServer$Division (RaftServerImpl.java:setRole(299)) - 6ff47f3f-d87f-42dc-9b9d-4568dd026d85@group-6D99D335DBF7: changes role from  FOLLOWER to FOLLOWER at term 2 for candidate:48438861-3901-41c2-841c-a6894bcecd85
2022-10-16 13:15:03,500 [grpc-default-executor-4] INFO  impl.RoleInfo (RoleInfo.java:shutdownFollowerState(110)) - 6ff47f3f-d87f-42dc-9b9d-4568dd026d85: shutdown 6ff47f3f-d87f-42dc-9b9d-4568dd026d85@group-6D99D335DBF7-FollowerState
2022-10-16 13:15:03,500 [grpc-default-executor-5] INFO  server.RaftServer$Division (RaftServerImpl.java:setRole(299)) - e49c2e86-d777-4cdf-94d6-56177341a9ef@group-6D99D335DBF7: changes role from  FOLLOWER to FOLLOWER at term 2 for candidate:48438861-3901-41c2-841c-a6894bcecd85
2022-10-16 13:15:03,500 [grpc-default-executor-4] INFO  impl.RoleInfo (RoleInfo.java:updateAndGet(139)) - 6ff47f3f-d87f-42dc-9b9d-4568dd026d85: start 6ff47f3f-d87f-42dc-9b9d-4568dd026d85@group-6D99D335DBF7-FollowerState
2022-10-16 13:15:03,500 [6ff47f3f-d87f-42dc-9b9d-4568dd026d85@group-6D99D335DBF7-FollowerState] INFO  impl.FollowerState (FollowerState.java:run(152)) - 6ff47f3f-d87f-42dc-9b9d-4568dd026d85@group-6D99D335DBF7-FollowerState was interrupted
2022-10-16 13:15:03,500 [grpc-default-executor-5] INFO  impl.RoleInfo (RoleInfo.java:shutdownFollowerState(110)) - e49c2e86-d777-4cdf-94d6-56177341a9ef: shutdown e49c2e86-d777-4cdf-94d6-56177341a9ef@group-6D99D335DBF7-FollowerState
2022-10-16 13:15:03,500 [grpc-default-executor-5] INFO  impl.RoleInfo (RoleInfo.java:updateAndGet(139)) - e49c2e86-d777-4cdf-94d6-56177341a9ef: start e49c2e86-d777-4cdf-94d6-56177341a9ef@group-6D99D335DBF7-FollowerState
2022-10-16 13:15:03,500 [e49c2e86-d777-4cdf-94d6-56177341a9ef@group-6D99D335DBF7-FollowerState] INFO  impl.FollowerState (FollowerState.java:run(152)) - e49c2e86-d777-4cdf-94d6-56177341a9ef@group-6D99D335DBF7-FollowerState was interrupted
2022-10-16 13:15:03,503 [grpc-default-executor-4] INFO  server.RaftServer$Division (RaftServerImpl.java:requestVote(1184)) - 6ff47f3f-d87f-42dc-9b9d-4568dd026d85@group-6D99D335DBF7 replies to ELECTION vote request: 48438861-3901-41c2-841c-a6894bcecd85<-6ff47f3f-d87f-42dc-9b9d-4568dd026d85#0:FAIL-t2. Peer's state: 6ff47f3f-d87f-42dc-9b9d-4568dd026d85@group-6D99D335DBF7:t2, leader=null, voted=null, raftlog=6ff47f3f-d87f-42dc-9b9d-4568dd026d85@group-6D99D335DBF7-SegmentedRaftLog:OPENED:c-1, conf=-1: [6ff47f3f-d87f-42dc-9b9d-4568dd026d85|rpc:10.1.0.60:42999|dataStream:|priority:1, 48438861-3901-41c2-841c-a6894bcecd85|rpc:10.1.0.60:38415|dataStream:|priority:0, e49c2e86-d777-4cdf-94d6-56177341a9ef|rpc:10.1.0.60:37353|dataStream:|priority:0], old=null
2022-10-16 13:15:03,503 [grpc-default-executor-5] INFO  server.RaftServer$Division (RaftServerImpl.java:requestVote(1184)) - e49c2e86-d777-4cdf-94d6-56177341a9ef@group-6D99D335DBF7 replies to ELECTION vote request: 48438861-3901-41c2-841c-a6894bcecd85<-e49c2e86-d777-4cdf-94d6-56177341a9ef#0:OK-t2. Peer's state: e49c2e86-d777-4cdf-94d6-56177341a9ef@group-6D99D335DBF7:t2, leader=null, voted=48438861-3901-41c2-841c-a6894bcecd85, raftlog=e49c2e86-d777-4cdf-94d6-56177341a9ef@group-6D99D335DBF7-SegmentedRaftLog:OPENED:c-1, conf=-1: [6ff47f3f-d87f-42dc-9b9d-4568dd026d85|rpc:10.1.0.60:42999|dataStream:|priority:1, 48438861-3901-41c2-841c-a6894bcecd85|rpc:10.1.0.60:38415|dataStream:|priority:0, e49c2e86-d777-4cdf-94d6-56177341a9ef|rpc:10.1.0.60:37353|dataStream:|priority:0], old=null
2022-10-16 13:15:03,503 [48438861-3901-41c2-841c-a6894bcecd85@group-6D99D335DBF7-LeaderElection15] INFO  impl.LeaderElection (LeaderElection.java:logAndReturn(90)) - 48438861-3901-41c2-841c-a6894bcecd85@group-6D99D335DBF7-LeaderElection15: ELECTION REJECTED received 2 response(s) and 0 exception(s):
2022-10-16 13:15:03,504 [48438861-3901-41c2-841c-a6894bcecd85@group-6D99D335DBF7-LeaderElection15] INFO  impl.LeaderElection (LeaderElection.java:logAndReturn(94)) -   Response 0: 48438861-3901-41c2-841c-a6894bcecd85<-6ff47f3f-d87f-42dc-9b9d-4568dd026d85#0:FAIL-t2
2022-10-16 13:15:03,504 [48438861-3901-41c2-841c-a6894bcecd85@group-6D99D335DBF7-LeaderElection15] INFO  impl.LeaderElection (LeaderElection.java:logAndReturn(94)) -   Response 1: 48438861-3901-41c2-841c-a6894bcecd85<-e49c2e86-d777-4cdf-94d6-56177341a9ef#0:OK-t2
2022-10-16 13:15:03,504 [48438861-3901-41c2-841c-a6894bcecd85@group-6D99D335DBF7-LeaderElection15] INFO  impl.LeaderElection (LeaderElection.java:askForVotes(312)) - 48438861-3901-41c2-841c-a6894bcecd85@group-6D99D335DBF7-LeaderElection15 ELECTION round 0: result REJECTED
2022-10-16 13:15:03,505 [48438861-3901-41c2-841c-a6894bcecd85@group-6D99D335DBF7-LeaderElection15] INFO  server.RaftServer$Division (RaftServerImpl.java:setRole(299)) - 48438861-3901-41c2-841c-a6894bcecd85@group-6D99D335DBF7: changes role from CANDIDATE to FOLLOWER at term 2 for REJECTED
2022-10-16 13:15:03,506 [48438861-3901-41c2-841c-a6894bcecd85@group-6D99D335DBF7-LeaderElection15] INFO  impl.RoleInfo (RoleInfo.java:shutdownLeaderElection(130)) - 48438861-3901-41c2-841c-a6894bcecd85: shutdown 48438861-3901-41c2-841c-a6894bcecd85@group-6D99D335DBF7-LeaderElection15
2022-10-16 13:15:03,506 [48438861-3901-41c2-841c-a6894bcecd85@group-6D99D335DBF7-LeaderElection15] INFO  impl.RoleInfo (RoleInfo.java:updateAndGet(139)) - 48438861-3901-41c2-841c-a6894bcecd85: start 48438861-3901-41c2-841c-a6894bcecd85@group-6D99D335DBF7-FollowerState
2022-10-16 13:15:03,649 [Listener at 127.0.0.1/37791] INFO  ozone.MiniOzoneClusterImpl (MiniOzoneClusterImpl.java:lambda$waitForClusterToBeReady$0(216)) - Nodes are ready. Got 5 of 5 DN Heartbeats.
2022-10-16 13:15:03,650 [Listener at 127.0.0.1/37791] INFO  ozone.MiniOzoneClusterImpl (MiniOzoneClusterImpl.java:lambda$waitForClusterToBeReady$0(219)) - Waiting for cluster to exit safe mode
2022-10-16 13:15:03,650 [Listener at 127.0.0.1/37791] INFO  ozone.MiniOzoneClusterImpl (MiniOzoneClusterImpl.java:lambda$waitForClusterToBeReady$0(221)) - SCM became leader
2022-10-16 13:15:04,068 [ReplicationMonitor] INFO  replication.ReplicationManager (ReplicationManager.java:processAll(324)) - Replication Monitor Thread took 1 milliseconds for processing 7 containers.
2022-10-16 13:15:04,309 [ReplicationMonitor] INFO  replication.ReplicationManager (ReplicationManager.java:processAll(291)) - Replication Manager is not ready to run until 3000ms after safemode exit
2022-10-16 13:15:04,650 [Listener at 127.0.0.1/37791] INFO  ozone.MiniOzoneClusterImpl (MiniOzoneClusterImpl.java:lambda$waitForClusterToBeReady$0(216)) - Nodes are ready. Got 5 of 5 DN Heartbeats.
2022-10-16 13:15:04,650 [Listener at 127.0.0.1/37791] INFO  ozone.MiniOzoneClusterImpl (MiniOzoneClusterImpl.java:lambda$waitForClusterToBeReady$0(219)) - Waiting for cluster to exit safe mode
2022-10-16 13:15:04,650 [Listener at 127.0.0.1/37791] INFO  ozone.MiniOzoneClusterImpl (MiniOzoneClusterImpl.java:lambda$waitForClusterToBeReady$0(221)) - SCM became leader
2022-10-16 13:15:05,069 [ReplicationMonitor] INFO  replication.ReplicationManager (ReplicationManager.java:processAll(324)) - Replication Monitor Thread took 0 milliseconds for processing 7 containers.
2022-10-16 13:15:05,310 [ReplicationMonitor] INFO  replication.ReplicationManager (ReplicationManager.java:processAll(291)) - Replication Manager is not ready to run until 3000ms after safemode exit
2022-10-16 13:15:05,650 [Listener at 127.0.0.1/37791] INFO  ozone.MiniOzoneClusterImpl (MiniOzoneClusterImpl.java:lambda$waitForClusterToBeReady$0(216)) - Nodes are ready. Got 5 of 5 DN Heartbeats.
2022-10-16 13:15:05,651 [Listener at 127.0.0.1/37791] INFO  ozone.MiniOzoneClusterImpl (MiniOzoneClusterImpl.java:lambda$waitForClusterToBeReady$0(219)) - Waiting for cluster to exit safe mode
2022-10-16 13:15:05,651 [Listener at 127.0.0.1/37791] INFO  ozone.MiniOzoneClusterImpl (MiniOzoneClusterImpl.java:lambda$waitForClusterToBeReady$0(221)) - SCM became leader
2022-10-16 13:15:06,069 [ReplicationMonitor] INFO  replication.ReplicationManager (ReplicationManager.java:processAll(324)) - Replication Monitor Thread took 0 milliseconds for processing 7 containers.
2022-10-16 13:15:06,310 [ReplicationMonitor] INFO  replication.ReplicationManager (ReplicationManager.java:processAll(291)) - Replication Manager is not ready to run until 3000ms after safemode exit
2022-10-16 13:15:06,651 [Listener at 127.0.0.1/37791] INFO  ozone.MiniOzoneClusterImpl (MiniOzoneClusterImpl.java:lambda$waitForClusterToBeReady$0(216)) - Nodes are ready. Got 5 of 5 DN Heartbeats.
2022-10-16 13:15:06,651 [Listener at 127.0.0.1/37791] INFO  ozone.MiniOzoneClusterImpl (MiniOzoneClusterImpl.java:lambda$waitForClusterToBeReady$0(219)) - Waiting for cluster to exit safe mode
2022-10-16 13:15:06,651 [Listener at 127.0.0.1/37791] INFO  ozone.MiniOzoneClusterImpl (MiniOzoneClusterImpl.java:lambda$waitForClusterToBeReady$0(221)) - SCM became leader
2022-10-16 13:15:07,070 [ReplicationMonitor] INFO  replication.ReplicationManager (ReplicationManager.java:processAll(324)) - Replication Monitor Thread took 1 milliseconds for processing 7 containers.
2022-10-16 13:15:07,310 [ReplicationMonitor] INFO  replication.ReplicationManager (ReplicationManager.java:processAll(291)) - Replication Manager is not ready to run until 3000ms after safemode exit
2022-10-16 13:15:07,651 [Listener at 127.0.0.1/37791] INFO  ozone.MiniOzoneClusterImpl (MiniOzoneClusterImpl.java:lambda$waitForClusterToBeReady$0(216)) - Nodes are ready. Got 5 of 5 DN Heartbeats.
2022-10-16 13:15:07,652 [Listener at 127.0.0.1/37791] INFO  ozone.MiniOzoneClusterImpl (MiniOzoneClusterImpl.java:lambda$waitForClusterToBeReady$0(219)) - Waiting for cluster to exit safe mode
2022-10-16 13:15:07,652 [Listener at 127.0.0.1/37791] INFO  ozone.MiniOzoneClusterImpl (MiniOzoneClusterImpl.java:lambda$waitForClusterToBeReady$0(221)) - SCM became leader
2022-10-16 13:15:08,071 [ReplicationMonitor] INFO  replication.ReplicationManager (ReplicationManager.java:processAll(324)) - Replication Monitor Thread took 0 milliseconds for processing 7 containers.
2022-10-16 13:15:08,311 [ReplicationMonitor] INFO  replication.ReplicationManager (ReplicationManager.java:processAll(291)) - Replication Manager is not ready to run until 3000ms after safemode exit
2022-10-16 13:15:08,522 [48438861-3901-41c2-841c-a6894bcecd85@group-6D99D335DBF7-FollowerState] INFO  impl.FollowerState (FollowerState.java:run(143)) - 48438861-3901-41c2-841c-a6894bcecd85@group-6D99D335DBF7-FollowerState: change to CANDIDATE, lastRpcElapsedTime:5016528795ns, electionTimeout:5008ms
2022-10-16 13:15:08,522 [48438861-3901-41c2-841c-a6894bcecd85@group-6D99D335DBF7-FollowerState] INFO  impl.RoleInfo (RoleInfo.java:shutdownFollowerState(110)) - 48438861-3901-41c2-841c-a6894bcecd85: shutdown 48438861-3901-41c2-841c-a6894bcecd85@group-6D99D335DBF7-FollowerState
2022-10-16 13:15:08,523 [48438861-3901-41c2-841c-a6894bcecd85@group-6D99D335DBF7-FollowerState] INFO  server.RaftServer$Division (RaftServerImpl.java:setRole(299)) - 48438861-3901-41c2-841c-a6894bcecd85@group-6D99D335DBF7: changes role from  FOLLOWER to CANDIDATE at term 2 for changeToCandidate
2022-10-16 13:15:08,523 [48438861-3901-41c2-841c-a6894bcecd85@group-6D99D335DBF7-FollowerState] INFO  server.RaftServerConfigKeys (ConfUtils.java:logGet(46)) - raft.server.leaderelection.pre-vote = false (custom)
2022-10-16 13:15:08,523 [48438861-3901-41c2-841c-a6894bcecd85@group-6D99D335DBF7-FollowerState] INFO  impl.RoleInfo (RoleInfo.java:updateAndGet(139)) - 48438861-3901-41c2-841c-a6894bcecd85: start 48438861-3901-41c2-841c-a6894bcecd85@group-6D99D335DBF7-LeaderElection16
2022-10-16 13:15:08,527 [48438861-3901-41c2-841c-a6894bcecd85@group-6D99D335DBF7-LeaderElection16] INFO  impl.LeaderElection (LeaderElection.java:askForVotes(310)) - 48438861-3901-41c2-841c-a6894bcecd85@group-6D99D335DBF7-LeaderElection16 ELECTION round 0: submit vote requests at term 3 for -1: [6ff47f3f-d87f-42dc-9b9d-4568dd026d85|rpc:10.1.0.60:42999|priority:1, 48438861-3901-41c2-841c-a6894bcecd85|rpc:10.1.0.60:38415|priority:0, e49c2e86-d777-4cdf-94d6-56177341a9ef|rpc:10.1.0.60:37353|priority:0], old=null
2022-10-16 13:15:08,528 [grpc-default-executor-5] INFO  server.RaftServer$Division (RaftServerImpl.java:requestVote(1152)) - e49c2e86-d777-4cdf-94d6-56177341a9ef@group-6D99D335DBF7: receive requestVote(ELECTION, 48438861-3901-41c2-841c-a6894bcecd85, group-6D99D335DBF7, 3, (t:0, i:0))
2022-10-16 13:15:08,528 [grpc-default-executor-4] INFO  server.RaftServer$Division (RaftServerImpl.java:requestVote(1152)) - 6ff47f3f-d87f-42dc-9b9d-4568dd026d85@group-6D99D335DBF7: receive requestVote(ELECTION, 48438861-3901-41c2-841c-a6894bcecd85, group-6D99D335DBF7, 3, (t:0, i:0))
2022-10-16 13:15:08,528 [grpc-default-executor-5] INFO  impl.VoteContext (VoteContext.java:log(48)) - e49c2e86-d777-4cdf-94d6-56177341a9ef@group-6D99D335DBF7-FOLLOWER: accept ELECTION from 48438861-3901-41c2-841c-a6894bcecd85: our priority 0 <= candidate's priority 0
2022-10-16 13:15:08,529 [grpc-default-executor-4] INFO  impl.VoteContext (VoteContext.java:log(48)) - 6ff47f3f-d87f-42dc-9b9d-4568dd026d85@group-6D99D335DBF7-FOLLOWER: reject ELECTION from 48438861-3901-41c2-841c-a6894bcecd85: our priority 1 > candidate's priority 0
2022-10-16 13:15:08,529 [grpc-default-executor-5] INFO  server.RaftServer$Division (RaftServerImpl.java:setRole(299)) - e49c2e86-d777-4cdf-94d6-56177341a9ef@group-6D99D335DBF7: changes role from  FOLLOWER to FOLLOWER at term 3 for candidate:48438861-3901-41c2-841c-a6894bcecd85
2022-10-16 13:15:08,529 [grpc-default-executor-4] INFO  server.RaftServer$Division (RaftServerImpl.java:setRole(299)) - 6ff47f3f-d87f-42dc-9b9d-4568dd026d85@group-6D99D335DBF7: changes role from  FOLLOWER to FOLLOWER at term 3 for candidate:48438861-3901-41c2-841c-a6894bcecd85
2022-10-16 13:15:08,529 [grpc-default-executor-5] INFO  impl.RoleInfo (RoleInfo.java:shutdownFollowerState(110)) - e49c2e86-d777-4cdf-94d6-56177341a9ef: shutdown e49c2e86-d777-4cdf-94d6-56177341a9ef@group-6D99D335DBF7-FollowerState
2022-10-16 13:15:08,529 [grpc-default-executor-4] INFO  impl.RoleInfo (RoleInfo.java:shutdownFollowerState(110)) - 6ff47f3f-d87f-42dc-9b9d-4568dd026d85: shutdown 6ff47f3f-d87f-42dc-9b9d-4568dd026d85@group-6D99D335DBF7-FollowerState
2022-10-16 13:15:08,529 [e49c2e86-d777-4cdf-94d6-56177341a9ef@group-6D99D335DBF7-FollowerState] INFO  impl.FollowerState (FollowerState.java:run(152)) - e49c2e86-d777-4cdf-94d6-56177341a9ef@group-6D99D335DBF7-FollowerState was interrupted
2022-10-16 13:15:08,529 [grpc-default-executor-4] INFO  impl.RoleInfo (RoleInfo.java:updateAndGet(139)) - 6ff47f3f-d87f-42dc-9b9d-4568dd026d85: start 6ff47f3f-d87f-42dc-9b9d-4568dd026d85@group-6D99D335DBF7-FollowerState
2022-10-16 13:15:08,529 [grpc-default-executor-5] INFO  impl.RoleInfo (RoleInfo.java:updateAndGet(139)) - e49c2e86-d777-4cdf-94d6-56177341a9ef: start e49c2e86-d777-4cdf-94d6-56177341a9ef@group-6D99D335DBF7-FollowerState
2022-10-16 13:15:08,530 [6ff47f3f-d87f-42dc-9b9d-4568dd026d85@group-6D99D335DBF7-FollowerState] INFO  impl.FollowerState (FollowerState.java:run(152)) - 6ff47f3f-d87f-42dc-9b9d-4568dd026d85@group-6D99D335DBF7-FollowerState was interrupted
2022-10-16 13:15:08,533 [grpc-default-executor-4] INFO  server.RaftServer$Division (RaftServerImpl.java:requestVote(1184)) - 6ff47f3f-d87f-42dc-9b9d-4568dd026d85@group-6D99D335DBF7 replies to ELECTION vote request: 48438861-3901-41c2-841c-a6894bcecd85<-6ff47f3f-d87f-42dc-9b9d-4568dd026d85#0:FAIL-t3. Peer's state: 6ff47f3f-d87f-42dc-9b9d-4568dd026d85@group-6D99D335DBF7:t3, leader=null, voted=null, raftlog=6ff47f3f-d87f-42dc-9b9d-4568dd026d85@group-6D99D335DBF7-SegmentedRaftLog:OPENED:c-1, conf=-1: [6ff47f3f-d87f-42dc-9b9d-4568dd026d85|rpc:10.1.0.60:42999|dataStream:|priority:1, 48438861-3901-41c2-841c-a6894bcecd85|rpc:10.1.0.60:38415|dataStream:|priority:0, e49c2e86-d777-4cdf-94d6-56177341a9ef|rpc:10.1.0.60:37353|dataStream:|priority:0], old=null
2022-10-16 13:15:08,533 [48438861-3901-41c2-841c-a6894bcecd85@group-6D99D335DBF7-LeaderElection16] INFO  impl.LeaderElection (LeaderElection.java:logAndReturn(90)) - 48438861-3901-41c2-841c-a6894bcecd85@group-6D99D335DBF7-LeaderElection16: ELECTION REJECTED received 1 response(s) and 0 exception(s):
2022-10-16 13:15:08,534 [48438861-3901-41c2-841c-a6894bcecd85@group-6D99D335DBF7-LeaderElection16] INFO  impl.LeaderElection (LeaderElection.java:logAndReturn(94)) -   Response 0: 48438861-3901-41c2-841c-a6894bcecd85<-6ff47f3f-d87f-42dc-9b9d-4568dd026d85#0:FAIL-t3
2022-10-16 13:15:08,534 [48438861-3901-41c2-841c-a6894bcecd85@group-6D99D335DBF7-LeaderElection16] INFO  impl.LeaderElection (LeaderElection.java:askForVotes(312)) - 48438861-3901-41c2-841c-a6894bcecd85@group-6D99D335DBF7-LeaderElection16 ELECTION round 0: result REJECTED
2022-10-16 13:15:08,534 [grpc-default-executor-5] INFO  server.RaftServer$Division (RaftServerImpl.java:requestVote(1184)) - e49c2e86-d777-4cdf-94d6-56177341a9ef@group-6D99D335DBF7 replies to ELECTION vote request: 48438861-3901-41c2-841c-a6894bcecd85<-e49c2e86-d777-4cdf-94d6-56177341a9ef#0:OK-t3. Peer's state: e49c2e86-d777-4cdf-94d6-56177341a9ef@group-6D99D335DBF7:t3, leader=null, voted=48438861-3901-41c2-841c-a6894bcecd85, raftlog=e49c2e86-d777-4cdf-94d6-56177341a9ef@group-6D99D335DBF7-SegmentedRaftLog:OPENED:c-1, conf=-1: [6ff47f3f-d87f-42dc-9b9d-4568dd026d85|rpc:10.1.0.60:42999|dataStream:|priority:1, 48438861-3901-41c2-841c-a6894bcecd85|rpc:10.1.0.60:38415|dataStream:|priority:0, e49c2e86-d777-4cdf-94d6-56177341a9ef|rpc:10.1.0.60:37353|dataStream:|priority:0], old=null
2022-10-16 13:15:08,534 [48438861-3901-41c2-841c-a6894bcecd85@group-6D99D335DBF7-LeaderElection16] INFO  server.RaftServer$Division (RaftServerImpl.java:setRole(299)) - 48438861-3901-41c2-841c-a6894bcecd85@group-6D99D335DBF7: changes role from CANDIDATE to FOLLOWER at term 3 for REJECTED
2022-10-16 13:15:08,534 [48438861-3901-41c2-841c-a6894bcecd85@group-6D99D335DBF7-LeaderElection16] INFO  impl.RoleInfo (RoleInfo.java:shutdownLeaderElection(130)) - 48438861-3901-41c2-841c-a6894bcecd85: shutdown 48438861-3901-41c2-841c-a6894bcecd85@group-6D99D335DBF7-LeaderElection16
2022-10-16 13:15:08,534 [48438861-3901-41c2-841c-a6894bcecd85@group-6D99D335DBF7-LeaderElection16] INFO  impl.RoleInfo (RoleInfo.java:updateAndGet(139)) - 48438861-3901-41c2-841c-a6894bcecd85: start 48438861-3901-41c2-841c-a6894bcecd85@group-6D99D335DBF7-FollowerState
2022-10-16 13:15:08,652 [Listener at 127.0.0.1/37791] INFO  ozone.MiniOzoneClusterImpl (MiniOzoneClusterImpl.java:lambda$waitForClusterToBeReady$0(216)) - Nodes are ready. Got 5 of 5 DN Heartbeats.
2022-10-16 13:15:08,652 [Listener at 127.0.0.1/37791] INFO  ozone.MiniOzoneClusterImpl (MiniOzoneClusterImpl.java:lambda$waitForClusterToBeReady$0(219)) - Waiting for cluster to exit safe mode
2022-10-16 13:15:08,652 [Listener at 127.0.0.1/37791] INFO  ozone.MiniOzoneClusterImpl (MiniOzoneClusterImpl.java:lambda$waitForClusterToBeReady$0(221)) - SCM became leader
2022-10-16 13:15:09,071 [ReplicationMonitor] INFO  replication.ReplicationManager (ReplicationManager.java:processAll(324)) - Replication Monitor Thread took 0 milliseconds for processing 7 containers.
2022-10-16 13:15:09,311 [ReplicationMonitor] INFO  replication.ReplicationManager (ReplicationManager.java:processAll(291)) - Replication Manager is not ready to run until 3000ms after safemode exit
2022-10-16 13:15:09,653 [Listener at 127.0.0.1/37791] INFO  ozone.MiniOzoneClusterImpl (MiniOzoneClusterImpl.java:lambda$waitForClusterToBeReady$0(216)) - Nodes are ready. Got 5 of 5 DN Heartbeats.
2022-10-16 13:15:09,653 [Listener at 127.0.0.1/37791] INFO  ozone.MiniOzoneClusterImpl (MiniOzoneClusterImpl.java:lambda$waitForClusterToBeReady$0(219)) - Waiting for cluster to exit safe mode
2022-10-16 13:15:09,653 [Listener at 127.0.0.1/37791] INFO  ozone.MiniOzoneClusterImpl (MiniOzoneClusterImpl.java:lambda$waitForClusterToBeReady$0(221)) - SCM became leader
2022-10-16 13:15:10,072 [ReplicationMonitor] INFO  replication.ReplicationManager (ReplicationManager.java:processAll(324)) - Replication Monitor Thread took 1 milliseconds for processing 7 containers.
2022-10-16 13:15:10,312 [ReplicationMonitor] INFO  replication.ReplicationManager (ReplicationManager.java:processAll(291)) - Replication Manager is not ready to run until 3000ms after safemode exit
2022-10-16 13:15:10,653 [Listener at 127.0.0.1/37791] INFO  ozone.MiniOzoneClusterImpl (MiniOzoneClusterImpl.java:lambda$waitForClusterToBeReady$0(216)) - Nodes are ready. Got 5 of 5 DN Heartbeats.
2022-10-16 13:15:10,654 [Listener at 127.0.0.1/37791] INFO  ozone.MiniOzoneClusterImpl (MiniOzoneClusterImpl.java:lambda$waitForClusterToBeReady$0(219)) - Waiting for cluster to exit safe mode
2022-10-16 13:15:10,654 [Listener at 127.0.0.1/37791] INFO  ozone.MiniOzoneClusterImpl (MiniOzoneClusterImpl.java:lambda$waitForClusterToBeReady$0(221)) - SCM became leader
2022-10-16 13:15:11,072 [ReplicationMonitor] INFO  replication.ReplicationManager (ReplicationManager.java:processAll(324)) - Replication Monitor Thread took 0 milliseconds for processing 7 containers.
2022-10-16 13:15:11,312 [ReplicationMonitor] INFO  replication.ReplicationManager (ReplicationManager.java:processAll(291)) - Replication Manager is not ready to run until 3000ms after safemode exit
2022-10-16 13:15:11,654 [Listener at 127.0.0.1/37791] INFO  ozone.MiniOzoneClusterImpl (MiniOzoneClusterImpl.java:lambda$waitForClusterToBeReady$0(216)) - Nodes are ready. Got 5 of 5 DN Heartbeats.
2022-10-16 13:15:11,654 [Listener at 127.0.0.1/37791] INFO  ozone.MiniOzoneClusterImpl (MiniOzoneClusterImpl.java:lambda$waitForClusterToBeReady$0(219)) - Waiting for cluster to exit safe mode
2022-10-16 13:15:11,654 [Listener at 127.0.0.1/37791] INFO  ozone.MiniOzoneClusterImpl (MiniOzoneClusterImpl.java:lambda$waitForClusterToBeReady$0(221)) - SCM became leader
2022-10-16 13:15:11,902 [Under Replicated Processor] INFO  replication.UnderReplicatedProcessor (UnderReplicatedProcessor.java:processAll(92)) - Processed 0 under replicated containers, failed processing 0
2022-10-16 13:15:11,910 [Over Replicated Processor] INFO  replication.OverReplicatedProcessor (OverReplicatedProcessor.java:processAll(90)) - Processed 0 over replicated containers, failed processing 0
2022-10-16 13:15:12,073 [ReplicationMonitor] INFO  replication.ReplicationManager (ReplicationManager.java:processAll(324)) - Replication Monitor Thread took 0 milliseconds for processing 7 containers.
2022-10-16 13:15:12,312 [ReplicationMonitor] INFO  replication.ReplicationManager (ReplicationManager.java:processAll(291)) - Replication Manager is not ready to run until 3000ms after safemode exit
2022-10-16 13:15:12,654 [Listener at 127.0.0.1/37791] INFO  ozone.MiniOzoneClusterImpl (MiniOzoneClusterImpl.java:lambda$waitForClusterToBeReady$0(216)) - Nodes are ready. Got 5 of 5 DN Heartbeats.
2022-10-16 13:15:12,655 [Listener at 127.0.0.1/37791] INFO  ozone.MiniOzoneClusterImpl (MiniOzoneClusterImpl.java:lambda$waitForClusterToBeReady$0(219)) - Waiting for cluster to exit safe mode
2022-10-16 13:15:12,655 [Listener at 127.0.0.1/37791] INFO  ozone.MiniOzoneClusterImpl (MiniOzoneClusterImpl.java:lambda$waitForClusterToBeReady$0(221)) - SCM became leader
2022-10-16 13:15:13,074 [ReplicationMonitor] INFO  replication.ReplicationManager (ReplicationManager.java:processAll(324)) - Replication Monitor Thread took 0 milliseconds for processing 7 containers.
2022-10-16 13:15:13,313 [ReplicationMonitor] INFO  replication.ReplicationManager (ReplicationManager.java:processAll(291)) - Replication Manager is not ready to run until 3000ms after safemode exit
2022-10-16 13:15:13,537 [e49c2e86-d777-4cdf-94d6-56177341a9ef@group-6D99D335DBF7-FollowerState] INFO  impl.FollowerState (FollowerState.java:run(143)) - e49c2e86-d777-4cdf-94d6-56177341a9ef@group-6D99D335DBF7-FollowerState: change to CANDIDATE, lastRpcElapsedTime:5003315608ns, electionTimeout:5003ms
2022-10-16 13:15:13,537 [e49c2e86-d777-4cdf-94d6-56177341a9ef@group-6D99D335DBF7-FollowerState] INFO  impl.RoleInfo (RoleInfo.java:shutdownFollowerState(110)) - e49c2e86-d777-4cdf-94d6-56177341a9ef: shutdown e49c2e86-d777-4cdf-94d6-56177341a9ef@group-6D99D335DBF7-FollowerState
2022-10-16 13:15:13,537 [e49c2e86-d777-4cdf-94d6-56177341a9ef@group-6D99D335DBF7-FollowerState] INFO  server.RaftServer$Division (RaftServerImpl.java:setRole(299)) - e49c2e86-d777-4cdf-94d6-56177341a9ef@group-6D99D335DBF7: changes role from  FOLLOWER to CANDIDATE at term 3 for changeToCandidate
2022-10-16 13:15:13,537 [e49c2e86-d777-4cdf-94d6-56177341a9ef@group-6D99D335DBF7-FollowerState] INFO  server.RaftServerConfigKeys (ConfUtils.java:logGet(46)) - raft.server.leaderelection.pre-vote = false (custom)
2022-10-16 13:15:13,537 [e49c2e86-d777-4cdf-94d6-56177341a9ef@group-6D99D335DBF7-FollowerState] INFO  impl.RoleInfo (RoleInfo.java:updateAndGet(139)) - e49c2e86-d777-4cdf-94d6-56177341a9ef: start e49c2e86-d777-4cdf-94d6-56177341a9ef@group-6D99D335DBF7-LeaderElection17
2022-10-16 13:15:13,540 [e49c2e86-d777-4cdf-94d6-56177341a9ef@group-6D99D335DBF7-LeaderElection17] INFO  impl.LeaderElection (LeaderElection.java:askForVotes(310)) - e49c2e86-d777-4cdf-94d6-56177341a9ef@group-6D99D335DBF7-LeaderElection17 ELECTION round 0: submit vote requests at term 4 for -1: [6ff47f3f-d87f-42dc-9b9d-4568dd026d85|rpc:10.1.0.60:42999|dataStream:|priority:1, 48438861-3901-41c2-841c-a6894bcecd85|rpc:10.1.0.60:38415|dataStream:|priority:0, e49c2e86-d777-4cdf-94d6-56177341a9ef|rpc:10.1.0.60:37353|dataStream:|priority:0], old=null
2022-10-16 13:15:13,549 [grpc-default-executor-5] INFO  server.RaftServer$Division (RaftServerImpl.java:requestVote(1152)) - 6ff47f3f-d87f-42dc-9b9d-4568dd026d85@group-6D99D335DBF7: receive requestVote(ELECTION, e49c2e86-d777-4cdf-94d6-56177341a9ef, group-6D99D335DBF7, 4, (t:0, i:0))
2022-10-16 13:15:13,550 [grpc-default-executor-5] INFO  impl.VoteContext (VoteContext.java:log(48)) - 6ff47f3f-d87f-42dc-9b9d-4568dd026d85@group-6D99D335DBF7-FOLLOWER: reject ELECTION from e49c2e86-d777-4cdf-94d6-56177341a9ef: our priority 1 > candidate's priority 0
2022-10-16 13:15:13,550 [grpc-default-executor-5] INFO  server.RaftServer$Division (RaftServerImpl.java:setRole(299)) - 6ff47f3f-d87f-42dc-9b9d-4568dd026d85@group-6D99D335DBF7: changes role from  FOLLOWER to FOLLOWER at term 4 for candidate:e49c2e86-d777-4cdf-94d6-56177341a9ef
2022-10-16 13:15:13,550 [grpc-default-executor-5] INFO  impl.RoleInfo (RoleInfo.java:shutdownFollowerState(110)) - 6ff47f3f-d87f-42dc-9b9d-4568dd026d85: shutdown 6ff47f3f-d87f-42dc-9b9d-4568dd026d85@group-6D99D335DBF7-FollowerState
2022-10-16 13:15:13,550 [grpc-default-executor-5] INFO  impl.RoleInfo (RoleInfo.java:updateAndGet(139)) - 6ff47f3f-d87f-42dc-9b9d-4568dd026d85: start 6ff47f3f-d87f-42dc-9b9d-4568dd026d85@group-6D99D335DBF7-FollowerState
2022-10-16 13:15:13,550 [6ff47f3f-d87f-42dc-9b9d-4568dd026d85@group-6D99D335DBF7-FollowerState] INFO  impl.FollowerState (FollowerState.java:run(152)) - 6ff47f3f-d87f-42dc-9b9d-4568dd026d85@group-6D99D335DBF7-FollowerState was interrupted
2022-10-16 13:15:13,556 [grpc-default-executor-5] INFO  server.RaftServer$Division (RaftServerImpl.java:requestVote(1184)) - 6ff47f3f-d87f-42dc-9b9d-4568dd026d85@group-6D99D335DBF7 replies to ELECTION vote request: e49c2e86-d777-4cdf-94d6-56177341a9ef<-6ff47f3f-d87f-42dc-9b9d-4568dd026d85#0:FAIL-t4. Peer's state: 6ff47f3f-d87f-42dc-9b9d-4568dd026d85@group-6D99D335DBF7:t4, leader=null, voted=null, raftlog=6ff47f3f-d87f-42dc-9b9d-4568dd026d85@group-6D99D335DBF7-SegmentedRaftLog:OPENED:c-1, conf=-1: [6ff47f3f-d87f-42dc-9b9d-4568dd026d85|rpc:10.1.0.60:42999|dataStream:|priority:1, 48438861-3901-41c2-841c-a6894bcecd85|rpc:10.1.0.60:38415|dataStream:|priority:0, e49c2e86-d777-4cdf-94d6-56177341a9ef|rpc:10.1.0.60:37353|dataStream:|priority:0], old=null
2022-10-16 13:15:13,557 [e49c2e86-d777-4cdf-94d6-56177341a9ef@group-6D99D335DBF7-LeaderElection17] INFO  impl.LeaderElection (LeaderElection.java:logAndReturn(90)) - e49c2e86-d777-4cdf-94d6-56177341a9ef@group-6D99D335DBF7-LeaderElection17: ELECTION REJECTED received 1 response(s) and 0 exception(s):
2022-10-16 13:15:13,557 [e49c2e86-d777-4cdf-94d6-56177341a9ef@group-6D99D335DBF7-LeaderElection17] INFO  impl.LeaderElection (LeaderElection.java:logAndReturn(94)) -   Response 0: e49c2e86-d777-4cdf-94d6-56177341a9ef<-6ff47f3f-d87f-42dc-9b9d-4568dd026d85#0:FAIL-t4
2022-10-16 13:15:13,557 [e49c2e86-d777-4cdf-94d6-56177341a9ef@group-6D99D335DBF7-LeaderElection17] INFO  impl.LeaderElection (LeaderElection.java:askForVotes(312)) - e49c2e86-d777-4cdf-94d6-56177341a9ef@group-6D99D335DBF7-LeaderElection17 ELECTION round 0: result REJECTED
2022-10-16 13:15:13,557 [e49c2e86-d777-4cdf-94d6-56177341a9ef@group-6D99D335DBF7-LeaderElection17] INFO  server.RaftServer$Division (RaftServerImpl.java:setRole(299)) - e49c2e86-d777-4cdf-94d6-56177341a9ef@group-6D99D335DBF7: changes role from CANDIDATE to FOLLOWER at term 4 for REJECTED
2022-10-16 13:15:13,557 [e49c2e86-d777-4cdf-94d6-56177341a9ef@group-6D99D335DBF7-LeaderElection17] INFO  impl.RoleInfo (RoleInfo.java:shutdownLeaderElection(130)) - e49c2e86-d777-4cdf-94d6-56177341a9ef: shutdown e49c2e86-d777-4cdf-94d6-56177341a9ef@group-6D99D335DBF7-LeaderElection17
2022-10-16 13:15:13,557 [e49c2e86-d777-4cdf-94d6-56177341a9ef@group-6D99D335DBF7-LeaderElection17] INFO  impl.RoleInfo (RoleInfo.java:updateAndGet(139)) - e49c2e86-d777-4cdf-94d6-56177341a9ef: start e49c2e86-d777-4cdf-94d6-56177341a9ef@group-6D99D335DBF7-FollowerState
2022-10-16 13:15:13,561 [grpc-default-executor-5] INFO  server.RaftServer$Division (RaftServerImpl.java:requestVote(1152)) - 48438861-3901-41c2-841c-a6894bcecd85@group-6D99D335DBF7: receive requestVote(ELECTION, e49c2e86-d777-4cdf-94d6-56177341a9ef, group-6D99D335DBF7, 4, (t:0, i:0))
2022-10-16 13:15:13,561 [grpc-default-executor-5] INFO  impl.VoteContext (VoteContext.java:log(48)) - 48438861-3901-41c2-841c-a6894bcecd85@group-6D99D335DBF7-FOLLOWER: accept ELECTION from e49c2e86-d777-4cdf-94d6-56177341a9ef: our priority 0 <= candidate's priority 0
2022-10-16 13:15:13,561 [grpc-default-executor-5] INFO  server.RaftServer$Division (RaftServerImpl.java:setRole(299)) - 48438861-3901-41c2-841c-a6894bcecd85@group-6D99D335DBF7: changes role from  FOLLOWER to FOLLOWER at term 4 for candidate:e49c2e86-d777-4cdf-94d6-56177341a9ef
2022-10-16 13:15:13,561 [grpc-default-executor-5] INFO  impl.RoleInfo (RoleInfo.java:shutdownFollowerState(110)) - 48438861-3901-41c2-841c-a6894bcecd85: shutdown 48438861-3901-41c2-841c-a6894bcecd85@group-6D99D335DBF7-FollowerState
2022-10-16 13:15:13,561 [grpc-default-executor-5] INFO  impl.RoleInfo (RoleInfo.java:updateAndGet(139)) - 48438861-3901-41c2-841c-a6894bcecd85: start 48438861-3901-41c2-841c-a6894bcecd85@group-6D99D335DBF7-FollowerState
2022-10-16 13:15:13,561 [48438861-3901-41c2-841c-a6894bcecd85@group-6D99D335DBF7-FollowerState] INFO  impl.FollowerState (FollowerState.java:run(152)) - 48438861-3901-41c2-841c-a6894bcecd85@group-6D99D335DBF7-FollowerState was interrupted
2022-10-16 13:15:13,566 [grpc-default-executor-5] INFO  server.RaftServer$Division (RaftServerImpl.java:requestVote(1184)) - 48438861-3901-41c2-841c-a6894bcecd85@group-6D99D335DBF7 replies to ELECTION vote request: e49c2e86-d777-4cdf-94d6-56177341a9ef<-48438861-3901-41c2-841c-a6894bcecd85#0:OK-t4. Peer's state: 48438861-3901-41c2-841c-a6894bcecd85@group-6D99D335DBF7:t4, leader=null, voted=e49c2e86-d777-4cdf-94d6-56177341a9ef, raftlog=48438861-3901-41c2-841c-a6894bcecd85@group-6D99D335DBF7-SegmentedRaftLog:OPENED:c-1, conf=-1: [6ff47f3f-d87f-42dc-9b9d-4568dd026d85|rpc:10.1.0.60:42999|priority:1, 48438861-3901-41c2-841c-a6894bcecd85|rpc:10.1.0.60:38415|priority:0, e49c2e86-d777-4cdf-94d6-56177341a9ef|rpc:10.1.0.60:37353|priority:0], old=null
2022-10-16 13:15:13,655 [Listener at 127.0.0.1/37791] INFO  ozone.MiniOzoneClusterImpl (MiniOzoneClusterImpl.java:lambda$waitForClusterToBeReady$0(216)) - Nodes are ready. Got 5 of 5 DN Heartbeats.
2022-10-16 13:15:13,655 [Listener at 127.0.0.1/37791] INFO  ozone.MiniOzoneClusterImpl (MiniOzoneClusterImpl.java:lambda$waitForClusterToBeReady$0(219)) - Waiting for cluster to exit safe mode
2022-10-16 13:15:13,655 [Listener at 127.0.0.1/37791] INFO  ozone.MiniOzoneClusterImpl (MiniOzoneClusterImpl.java:lambda$waitForClusterToBeReady$0(221)) - SCM became leader
2022-10-16 13:15:14,074 [ReplicationMonitor] INFO  replication.ReplicationManager (ReplicationManager.java:processAll(324)) - Replication Monitor Thread took 0 milliseconds for processing 7 containers.
2022-10-16 13:15:14,313 [ReplicationMonitor] INFO  replication.ReplicationManager (ReplicationManager.java:processAll(291)) - Replication Manager is not ready to run until 3000ms after safemode exit
2022-10-16 13:15:14,655 [Listener at 127.0.0.1/37791] INFO  ozone.MiniOzoneClusterImpl (MiniOzoneClusterImpl.java:lambda$waitForClusterToBeReady$0(216)) - Nodes are ready. Got 5 of 5 DN Heartbeats.
2022-10-16 13:15:14,656 [Listener at 127.0.0.1/37791] INFO  ozone.MiniOzoneClusterImpl (MiniOzoneClusterImpl.java:lambda$waitForClusterToBeReady$0(219)) - Waiting for cluster to exit safe mode
2022-10-16 13:15:14,656 [Listener at 127.0.0.1/37791] INFO  ozone.MiniOzoneClusterImpl (MiniOzoneClusterImpl.java:lambda$waitForClusterToBeReady$0(221)) - SCM became leader
2022-10-16 13:15:15,075 [ReplicationMonitor] INFO  replication.ReplicationManager (ReplicationManager.java:processAll(324)) - Replication Monitor Thread took 1 milliseconds for processing 7 containers.
2022-10-16 13:15:15,313 [ReplicationMonitor] INFO  replication.ReplicationManager (ReplicationManager.java:processAll(291)) - Replication Manager is not ready to run until 3000ms after safemode exit
2022-10-16 13:15:15,656 [Listener at 127.0.0.1/37791] INFO  ozone.MiniOzoneClusterImpl (MiniOzoneClusterImpl.java:lambda$waitForClusterToBeReady$0(216)) - Nodes are ready. Got 5 of 5 DN Heartbeats.
2022-10-16 13:15:15,656 [Listener at 127.0.0.1/37791] INFO  ozone.MiniOzoneClusterImpl (MiniOzoneClusterImpl.java:lambda$waitForClusterToBeReady$0(219)) - Waiting for cluster to exit safe mode
2022-10-16 13:15:15,656 [Listener at 127.0.0.1/37791] INFO  ozone.MiniOzoneClusterImpl (MiniOzoneClusterImpl.java:lambda$waitForClusterToBeReady$0(221)) - SCM became leader
2022-10-16 13:15:16,076 [ReplicationMonitor] INFO  replication.ReplicationManager (ReplicationManager.java:processAll(324)) - Replication Monitor Thread took 1 milliseconds for processing 7 containers.
2022-10-16 13:15:16,314 [ReplicationMonitor] INFO  replication.ReplicationManager (ReplicationManager.java:processAll(291)) - Replication Manager is not ready to run until 3000ms after safemode exit
2022-10-16 13:15:16,656 [Listener at 127.0.0.1/37791] INFO  ozone.MiniOzoneClusterImpl (MiniOzoneClusterImpl.java:lambda$waitForClusterToBeReady$0(216)) - Nodes are ready. Got 5 of 5 DN Heartbeats.
2022-10-16 13:15:16,657 [Listener at 127.0.0.1/37791] INFO  ozone.MiniOzoneClusterImpl (MiniOzoneClusterImpl.java:lambda$waitForClusterToBeReady$0(219)) - Waiting for cluster to exit safe mode
2022-10-16 13:15:16,657 [Listener at 127.0.0.1/37791] INFO  ozone.MiniOzoneClusterImpl (MiniOzoneClusterImpl.java:lambda$waitForClusterToBeReady$0(221)) - SCM became leader
2022-10-16 13:15:17,077 [ReplicationMonitor] INFO  replication.ReplicationManager (ReplicationManager.java:processAll(324)) - Replication Monitor Thread took 1 milliseconds for processing 7 containers.
2022-10-16 13:15:17,314 [ReplicationMonitor] INFO  replication.ReplicationManager (ReplicationManager.java:processAll(291)) - Replication Manager is not ready to run until 3000ms after safemode exit
2022-10-16 13:15:17,657 [Listener at 127.0.0.1/37791] INFO  ozone.MiniOzoneClusterImpl (MiniOzoneClusterImpl.java:lambda$waitForClusterToBeReady$0(216)) - Nodes are ready. Got 5 of 5 DN Heartbeats.
2022-10-16 13:15:17,657 [Listener at 127.0.0.1/37791] INFO  ozone.MiniOzoneClusterImpl (MiniOzoneClusterImpl.java:lambda$waitForClusterToBeReady$0(219)) - Waiting for cluster to exit safe mode
2022-10-16 13:15:17,657 [Listener at 127.0.0.1/37791] INFO  ozone.MiniOzoneClusterImpl (MiniOzoneClusterImpl.java:lambda$waitForClusterToBeReady$0(221)) - SCM became leader
2022-10-16 13:15:18,078 [ReplicationMonitor] INFO  replication.ReplicationManager (ReplicationManager.java:processAll(324)) - Replication Monitor Thread took 0 milliseconds for processing 7 containers.
2022-10-16 13:15:18,314 [ReplicationMonitor] INFO  replication.ReplicationManager (ReplicationManager.java:processAll(291)) - Replication Manager is not ready to run until 3000ms after safemode exit
2022-10-16 13:15:18,657 [Listener at 127.0.0.1/37791] INFO  ozone.MiniOzoneClusterImpl (MiniOzoneClusterImpl.java:lambda$waitForClusterToBeReady$0(216)) - Nodes are ready. Got 5 of 5 DN Heartbeats.
2022-10-16 13:15:18,658 [Listener at 127.0.0.1/37791] INFO  ozone.MiniOzoneClusterImpl (MiniOzoneClusterImpl.java:lambda$waitForClusterToBeReady$0(219)) - Waiting for cluster to exit safe mode
2022-10-16 13:15:18,658 [Listener at 127.0.0.1/37791] INFO  ozone.MiniOzoneClusterImpl (MiniOzoneClusterImpl.java:lambda$waitForClusterToBeReady$0(221)) - SCM became leader
2022-10-16 13:15:18,677 [6ff47f3f-d87f-42dc-9b9d-4568dd026d85@group-6D99D335DBF7-FollowerState] INFO  impl.FollowerState (FollowerState.java:run(143)) - 6ff47f3f-d87f-42dc-9b9d-4568dd026d85@group-6D99D335DBF7-FollowerState: change to CANDIDATE, lastRpcElapsedTime:5126553454ns, electionTimeout:5113ms
2022-10-16 13:15:18,677 [6ff47f3f-d87f-42dc-9b9d-4568dd026d85@group-6D99D335DBF7-FollowerState] INFO  impl.RoleInfo (RoleInfo.java:shutdownFollowerState(110)) - 6ff47f3f-d87f-42dc-9b9d-4568dd026d85: shutdown 6ff47f3f-d87f-42dc-9b9d-4568dd026d85@group-6D99D335DBF7-FollowerState
2022-10-16 13:15:18,677 [6ff47f3f-d87f-42dc-9b9d-4568dd026d85@group-6D99D335DBF7-FollowerState] INFO  server.RaftServer$Division (RaftServerImpl.java:setRole(299)) - 6ff47f3f-d87f-42dc-9b9d-4568dd026d85@group-6D99D335DBF7: changes role from  FOLLOWER to CANDIDATE at term 4 for changeToCandidate
2022-10-16 13:15:18,677 [6ff47f3f-d87f-42dc-9b9d-4568dd026d85@group-6D99D335DBF7-FollowerState] INFO  server.RaftServerConfigKeys (ConfUtils.java:logGet(46)) - raft.server.leaderelection.pre-vote = false (custom)
2022-10-16 13:15:18,677 [6ff47f3f-d87f-42dc-9b9d-4568dd026d85@group-6D99D335DBF7-FollowerState] INFO  impl.RoleInfo (RoleInfo.java:updateAndGet(139)) - 6ff47f3f-d87f-42dc-9b9d-4568dd026d85: start 6ff47f3f-d87f-42dc-9b9d-4568dd026d85@group-6D99D335DBF7-LeaderElection18
2022-10-16 13:15:18,681 [6ff47f3f-d87f-42dc-9b9d-4568dd026d85@group-6D99D335DBF7-LeaderElection18] INFO  impl.LeaderElection (LeaderElection.java:askForVotes(310)) - 6ff47f3f-d87f-42dc-9b9d-4568dd026d85@group-6D99D335DBF7-LeaderElection18 ELECTION round 0: submit vote requests at term 5 for -1: [6ff47f3f-d87f-42dc-9b9d-4568dd026d85|rpc:10.1.0.60:42999|dataStream:|priority:1, 48438861-3901-41c2-841c-a6894bcecd85|rpc:10.1.0.60:38415|dataStream:|priority:0, e49c2e86-d777-4cdf-94d6-56177341a9ef|rpc:10.1.0.60:37353|dataStream:|priority:0], old=null
2022-10-16 13:15:18,686 [grpc-default-executor-5] INFO  server.RaftServer$Division (RaftServerImpl.java:requestVote(1152)) - 48438861-3901-41c2-841c-a6894bcecd85@group-6D99D335DBF7: receive requestVote(ELECTION, 6ff47f3f-d87f-42dc-9b9d-4568dd026d85, group-6D99D335DBF7, 5, (t:0, i:0))
2022-10-16 13:15:18,687 [grpc-default-executor-5] INFO  impl.VoteContext (VoteContext.java:log(48)) - 48438861-3901-41c2-841c-a6894bcecd85@group-6D99D335DBF7-FOLLOWER: accept ELECTION from 6ff47f3f-d87f-42dc-9b9d-4568dd026d85: our priority 0 <= candidate's priority 1
2022-10-16 13:15:18,687 [grpc-default-executor-5] INFO  server.RaftServer$Division (RaftServerImpl.java:setRole(299)) - 48438861-3901-41c2-841c-a6894bcecd85@group-6D99D335DBF7: changes role from  FOLLOWER to FOLLOWER at term 5 for candidate:6ff47f3f-d87f-42dc-9b9d-4568dd026d85
2022-10-16 13:15:18,687 [grpc-default-executor-5] INFO  impl.RoleInfo (RoleInfo.java:shutdownFollowerState(110)) - 48438861-3901-41c2-841c-a6894bcecd85: shutdown 48438861-3901-41c2-841c-a6894bcecd85@group-6D99D335DBF7-FollowerState
2022-10-16 13:15:18,687 [grpc-default-executor-5] INFO  impl.RoleInfo (RoleInfo.java:updateAndGet(139)) - 48438861-3901-41c2-841c-a6894bcecd85: start 48438861-3901-41c2-841c-a6894bcecd85@group-6D99D335DBF7-FollowerState
2022-10-16 13:15:18,687 [48438861-3901-41c2-841c-a6894bcecd85@group-6D99D335DBF7-FollowerState] INFO  impl.FollowerState (FollowerState.java:run(152)) - 48438861-3901-41c2-841c-a6894bcecd85@group-6D99D335DBF7-FollowerState was interrupted
2022-10-16 13:15:18,689 [grpc-default-executor-5] INFO  server.RaftServer$Division (RaftServerImpl.java:requestVote(1184)) - 48438861-3901-41c2-841c-a6894bcecd85@group-6D99D335DBF7 replies to ELECTION vote request: 6ff47f3f-d87f-42dc-9b9d-4568dd026d85<-48438861-3901-41c2-841c-a6894bcecd85#0:OK-t5. Peer's state: 48438861-3901-41c2-841c-a6894bcecd85@group-6D99D335DBF7:t5, leader=null, voted=6ff47f3f-d87f-42dc-9b9d-4568dd026d85, raftlog=48438861-3901-41c2-841c-a6894bcecd85@group-6D99D335DBF7-SegmentedRaftLog:OPENED:c-1, conf=-1: [6ff47f3f-d87f-42dc-9b9d-4568dd026d85|rpc:10.1.0.60:42999|priority:1, 48438861-3901-41c2-841c-a6894bcecd85|rpc:10.1.0.60:38415|priority:0, e49c2e86-d777-4cdf-94d6-56177341a9ef|rpc:10.1.0.60:37353|priority:0], old=null
2022-10-16 13:15:18,691 [6ff47f3f-d87f-42dc-9b9d-4568dd026d85@group-6D99D335DBF7-LeaderElection18] INFO  impl.LeaderElection (LeaderElection.java:logAndReturn(90)) - 6ff47f3f-d87f-42dc-9b9d-4568dd026d85@group-6D99D335DBF7-LeaderElection18: ELECTION PASSED received 1 response(s) and 0 exception(s):
2022-10-16 13:15:18,691 [6ff47f3f-d87f-42dc-9b9d-4568dd026d85@group-6D99D335DBF7-LeaderElection18] INFO  impl.LeaderElection (LeaderElection.java:logAndReturn(94)) -   Response 0: 6ff47f3f-d87f-42dc-9b9d-4568dd026d85<-48438861-3901-41c2-841c-a6894bcecd85#0:OK-t5
2022-10-16 13:15:18,691 [6ff47f3f-d87f-42dc-9b9d-4568dd026d85@group-6D99D335DBF7-LeaderElection18] INFO  impl.LeaderElection (LeaderElection.java:askForVotes(312)) - 6ff47f3f-d87f-42dc-9b9d-4568dd026d85@group-6D99D335DBF7-LeaderElection18 ELECTION round 0: result PASSED
2022-10-16 13:15:18,691 [6ff47f3f-d87f-42dc-9b9d-4568dd026d85@group-6D99D335DBF7-LeaderElection18] INFO  impl.RoleInfo (RoleInfo.java:shutdownLeaderElection(130)) - 6ff47f3f-d87f-42dc-9b9d-4568dd026d85: shutdown 6ff47f3f-d87f-42dc-9b9d-4568dd026d85@group-6D99D335DBF7-LeaderElection18
2022-10-16 13:15:18,691 [6ff47f3f-d87f-42dc-9b9d-4568dd026d85@group-6D99D335DBF7-LeaderElection18] INFO  server.RaftServer$Division (RaftServerImpl.java:setRole(299)) - 6ff47f3f-d87f-42dc-9b9d-4568dd026d85@group-6D99D335DBF7: changes role from CANDIDATE to LEADER at term 5 for changeToLeader
2022-10-16 13:15:18,691 [6ff47f3f-d87f-42dc-9b9d-4568dd026d85@group-6D99D335DBF7-LeaderElection18] INFO  ratis.XceiverServerRatis (XceiverServerRatis.java:handleLeaderChangedNotification(863)) - Leader change notification received for group: group-6D99D335DBF7 with new leaderId: 6ff47f3f-d87f-42dc-9b9d-4568dd026d85
2022-10-16 13:15:18,691 [6ff47f3f-d87f-42dc-9b9d-4568dd026d85@group-6D99D335DBF7-LeaderElection18] INFO  server.RaftServer$Division (ServerState.java:setLeader(287)) - 6ff47f3f-d87f-42dc-9b9d-4568dd026d85@group-6D99D335DBF7: change Leader from null to 6ff47f3f-d87f-42dc-9b9d-4568dd026d85 at term 5 for becomeLeader, leader elected after 25247ms
2022-10-16 13:15:18,691 [6ff47f3f-d87f-42dc-9b9d-4568dd026d85@group-6D99D335DBF7-LeaderElection18] INFO  server.RaftServerConfigKeys (ConfUtils.java:logGet(46)) - raft.server.staging.catchup.gap = 1000 (default)
2022-10-16 13:15:18,691 [6ff47f3f-d87f-42dc-9b9d-4568dd026d85@group-6D99D335DBF7-LeaderElection18] INFO  server.RaftServerConfigKeys (ConfUtils.java:logGet(46)) - raft.server.write.element-limit = 1024 (custom)
2022-10-16 13:15:18,691 [6ff47f3f-d87f-42dc-9b9d-4568dd026d85@group-6D99D335DBF7-LeaderElection18] INFO  server.RaftServerConfigKeys (ConfUtils.java:logGet(46)) - raft.server.write.byte-limit = 1024 M (=1073741824) (custom)
2022-10-16 13:15:18,692 [6ff47f3f-d87f-42dc-9b9d-4568dd026d85@group-6D99D335DBF7-LeaderElection18] INFO  server.RaftServerConfigKeys (ConfUtils.java:logGet(46)) - raft.server.watch.timeout = 180s (custom)
2022-10-16 13:15:18,692 [6ff47f3f-d87f-42dc-9b9d-4568dd026d85@group-6D99D335DBF7-LeaderElection18] INFO  server.RaftServerConfigKeys (ConfUtils.java:logGet(46)) - raft.server.watch.timeout.denomination = 1s (default)
2022-10-16 13:15:18,692 [6ff47f3f-d87f-42dc-9b9d-4568dd026d85@group-6D99D335DBF7-LeaderElection18] INFO  server.RaftServerConfigKeys (ConfUtils.java:logGet(46)) - raft.server.watch.element-limit = 65536 (default)
2022-10-16 13:15:18,692 [6ff47f3f-d87f-42dc-9b9d-4568dd026d85@group-6D99D335DBF7-LeaderElection18] INFO  server.RaftServerConfigKeys (ConfUtils.java:logGet(46)) - raft.server.write.element-limit = 1024 (custom)
2022-10-16 13:15:18,692 [6ff47f3f-d87f-42dc-9b9d-4568dd026d85@group-6D99D335DBF7-LeaderElection18] INFO  server.RaftServerConfigKeys (ConfUtils.java:logGet(46)) - raft.server.write.follower.gap.ratio.max = -1.0 (default)
2022-10-16 13:15:18,693 [6ff47f3f-d87f-42dc-9b9d-4568dd026d85@group-6D99D335DBF7-LeaderElection18] INFO  server.RaftServerConfigKeys (ConfUtils.java:logGet(46)) - raft.server.log.appender.snapshot.chunk.size.max = 16MB (=16777216) (default)
2022-10-16 13:15:18,693 [6ff47f3f-d87f-42dc-9b9d-4568dd026d85@group-6D99D335DBF7-LeaderElection18] INFO  server.RaftServerConfigKeys (ConfUtils.java:logGet(46)) - raft.server.log.appender.buffer.byte-limit = 33554432 (custom)
2022-10-16 13:15:18,693 [6ff47f3f-d87f-42dc-9b9d-4568dd026d85@group-6D99D335DBF7-LeaderElection18] INFO  server.RaftServerConfigKeys (ConfUtils.java:logGet(46)) - raft.server.log.appender.buffer.element-limit = 1 (custom)
2022-10-16 13:15:18,693 [6ff47f3f-d87f-42dc-9b9d-4568dd026d85@group-6D99D335DBF7-LeaderElection18] INFO  grpc.GrpcConfigKeys (ConfUtils.java:logGet(46)) - raft.grpc.server.leader.outstanding.appends.max = 128 (default)
2022-10-16 13:15:18,693 [6ff47f3f-d87f-42dc-9b9d-4568dd026d85@group-6D99D335DBF7-LeaderElection18] INFO  server.RaftServerConfigKeys (ConfUtils.java:logGet(46)) - raft.server.rpc.request.timeout = 60s (custom)
2022-10-16 13:15:18,693 [6ff47f3f-d87f-42dc-9b9d-4568dd026d85@group-6D99D335DBF7-LeaderElection18] INFO  server.RaftServerConfigKeys (ConfUtils.java:logGet(46)) - raft.server.log.appender.install.snapshot.enabled = false (custom)
2022-10-16 13:15:18,694 [6ff47f3f-d87f-42dc-9b9d-4568dd026d85@group-6D99D335DBF7-LeaderElection18] INFO  server.RaftServerConfigKeys (ConfUtils.java:logGet(46)) - raft.server.log.appender.snapshot.chunk.size.max = 16MB (=16777216) (default)
2022-10-16 13:15:18,694 [grpc-default-executor-5] INFO  server.RaftServer$Division (RaftServerImpl.java:requestVote(1152)) - e49c2e86-d777-4cdf-94d6-56177341a9ef@group-6D99D335DBF7: receive requestVote(ELECTION, 6ff47f3f-d87f-42dc-9b9d-4568dd026d85, group-6D99D335DBF7, 5, (t:0, i:0))
2022-10-16 13:15:18,694 [grpc-default-executor-5] INFO  impl.VoteContext (VoteContext.java:log(48)) - e49c2e86-d777-4cdf-94d6-56177341a9ef@group-6D99D335DBF7-FOLLOWER: accept ELECTION from 6ff47f3f-d87f-42dc-9b9d-4568dd026d85: our priority 0 <= candidate's priority 1
2022-10-16 13:15:18,694 [grpc-default-executor-5] INFO  server.RaftServer$Division (RaftServerImpl.java:setRole(299)) - e49c2e86-d777-4cdf-94d6-56177341a9ef@group-6D99D335DBF7: changes role from  FOLLOWER to FOLLOWER at term 5 for candidate:6ff47f3f-d87f-42dc-9b9d-4568dd026d85
2022-10-16 13:15:18,694 [grpc-default-executor-5] INFO  impl.RoleInfo (RoleInfo.java:shutdownFollowerState(110)) - e49c2e86-d777-4cdf-94d6-56177341a9ef: shutdown e49c2e86-d777-4cdf-94d6-56177341a9ef@group-6D99D335DBF7-FollowerState
2022-10-16 13:15:18,694 [6ff47f3f-d87f-42dc-9b9d-4568dd026d85@group-6D99D335DBF7-LeaderElection18] INFO  server.RaftServerConfigKeys (ConfUtils.java:logGet(46)) - raft.server.log.appender.buffer.byte-limit = 33554432 (custom)
2022-10-16 13:15:18,694 [grpc-default-executor-5] INFO  impl.RoleInfo (RoleInfo.java:updateAndGet(139)) - e49c2e86-d777-4cdf-94d6-56177341a9ef: start e49c2e86-d777-4cdf-94d6-56177341a9ef@group-6D99D335DBF7-FollowerState
2022-10-16 13:15:18,694 [e49c2e86-d777-4cdf-94d6-56177341a9ef@group-6D99D335DBF7-FollowerState] INFO  impl.FollowerState (FollowerState.java:run(152)) - e49c2e86-d777-4cdf-94d6-56177341a9ef@group-6D99D335DBF7-FollowerState was interrupted
2022-10-16 13:15:18,694 [6ff47f3f-d87f-42dc-9b9d-4568dd026d85@group-6D99D335DBF7-LeaderElection18] INFO  server.RaftServerConfigKeys (ConfUtils.java:logGet(46)) - raft.server.log.appender.buffer.element-limit = 1 (custom)
2022-10-16 13:15:18,695 [EventQueue-PipelineReportForPipelineReportHandler] INFO  pipeline.PipelineManagerImpl (PipelineManagerImpl.java:openPipeline(367)) - Pipeline Pipeline[ Id: e7c045af-1790-48c2-bcba-6d99d335dbf7, Nodes: 48438861-3901-41c2-841c-a6894bcecd85{ip: 10.1.0.60, host: fv-az308-250.etcbaq1qs54eplwmrjlabigyle.cx.internal.cloudapp.net, ports: [REPLICATION=39613, RATIS=38415, RATIS_ADMIN=38415, RATIS_SERVER=38415, STANDALONE=43943], networkLocation: /default-rack, certSerialId: null, persistedOpState: IN_SERVICE, persistedOpStateExpiryEpochSec: 0}6ff47f3f-d87f-42dc-9b9d-4568dd026d85{ip: 10.1.0.60, host: fv-az308-250.etcbaq1qs54eplwmrjlabigyle.cx.internal.cloudapp.net, ports: [REPLICATION=43397, RATIS=42999, RATIS_ADMIN=42999, RATIS_SERVER=42999, STANDALONE=45749], networkLocation: /default-rack, certSerialId: null, persistedOpState: IN_SERVICE, persistedOpStateExpiryEpochSec: 0}e49c2e86-d777-4cdf-94d6-56177341a9ef{ip: 10.1.0.60, host: fv-az308-250.etcbaq1qs54eplwmrjlabigyle.cx.internal.cloudapp.net, ports: [REPLICATION=38455, RATIS=37353, RATIS_ADMIN=37353, RATIS_SERVER=37353, STANDALONE=35831], networkLocation: /default-rack, certSerialId: null, persistedOpState: IN_SERVICE, persistedOpStateExpiryEpochSec: 0}, ReplicationConfig: RATIS/THREE, State:ALLOCATED, leaderId:6ff47f3f-d87f-42dc-9b9d-4568dd026d85, CreationTimestamp2022-10-16T13:14:51.011Z[Etc/UTC]] moved to OPEN state
2022-10-16 13:15:18,695 [EventQueue-OpenPipelineForHealthyPipelineSafeModeRule] INFO  safemode.SCMSafeModeManager (HealthyPipelineSafeModeRule.java:process(137)) - SCM in safe mode. Healthy pipelines reported count is 0, required healthy pipeline reported count is 1
2022-10-16 13:15:18,695 [EventQueue-OpenPipelineForHealthyPipelineSafeModeRule] INFO  safemode.SCMSafeModeManager (HealthyPipelineSafeModeRule.java:process(137)) - SCM in safe mode. Healthy pipelines reported count is 1, required healthy pipeline reported count is 1
2022-10-16 13:15:18,695 [EventQueue-OpenPipelineForHealthyPipelineSafeModeRule] INFO  safemode.SCMSafeModeManager (SCMSafeModeManager.java:validateSafeModeExitRules(204)) - HealthyPipelineSafeModeRule rule is successfully validated
2022-10-16 13:15:18,695 [EventQueue-OpenPipelineForHealthyPipelineSafeModeRule] INFO  safemode.SCMSafeModeManager (SCMSafeModeManager.java:validateSafeModeExitRules(219)) - ScmSafeModeManager, all rules are successfully validated
2022-10-16 13:15:18,695 [EventQueue-OpenPipelineForHealthyPipelineSafeModeRule] INFO  safemode.SCMSafeModeManager (SCMSafeModeManager.java:exitSafeMode(248)) - SCM exiting safe mode.
2022-10-16 13:15:18,695 [EventQueue-OpenPipelineForHealthyPipelineSafeModeRule] WARN  events.EventQueue (EventQueue.java:fireEvent(216)) - No event handler registered for event TypedEvent{payloadType=SafeModeStatus, name='Safe mode status'}
2022-10-16 13:15:18,695 [EventQueue-OpenPipelineForHealthyPipelineSafeModeRule] INFO  ha.SCMContext (SCMContext.java:updateSafeModeStatus(228)) - Update SafeModeStatus from SafeModeStatus{safeModeStatus=true, preCheckPassed=true} to SafeModeStatus{safeModeStatus=false, preCheckPassed=true}.
2022-10-16 13:15:18,695 [EventQueue-OpenPipelineForHealthyPipelineSafeModeRule] INFO  pipeline.BackgroundPipelineCreator (BackgroundPipelineCreator.java:notifyStatusChanged(254)) - Service BackgroundPipelineCreator transitions to RUNNING.
2022-10-16 13:15:18,695 [EventQueue-OpenPipelineForHealthyPipelineSafeModeRule] INFO  BackgroundPipelineScrubber (BackgroundSCMService.java:notifyStatusChanged(82)) - Service BackgroundPipelineScrubber transitions to RUNNING.
2022-10-16 13:15:18,695 [EventQueue-OpenPipelineForHealthyPipelineSafeModeRule] INFO  ExpiredContainerReplicaOpScrubber (BackgroundSCMService.java:notifyStatusChanged(82)) - Service ExpiredContainerReplicaOpScrubber transitions to RUNNING.
2022-10-16 13:15:18,695 [EventQueue-OpenPipelineForHealthyPipelineSafeModeRule] INFO  replication.ReplicationManager (ReplicationManager.java:notifyStatusChanged(728)) - Service ReplicationManager transitions to RUNNING.
2022-10-16 13:15:18,696 [EventQueue-OpenPipelineForHealthyPipelineSafeModeRule] WARN  balancer.ContainerBalancer (ContainerBalancer.java:shouldRun(936)) - Could not find persisted configuration for ContainerBalancer when checking if ContainerBalancer should run. ContainerBalancer should not run now.
2022-10-16 13:15:18,700 [6ff47f3f-d87f-42dc-9b9d-4568dd026d85@group-6D99D335DBF7-LeaderElection18] INFO  grpc.GrpcConfigKeys (ConfUtils.java:logGet(46)) - raft.grpc.server.leader.outstanding.appends.max = 128 (default)
2022-10-16 13:15:18,700 [6ff47f3f-d87f-42dc-9b9d-4568dd026d85@group-6D99D335DBF7-LeaderElection18] INFO  server.RaftServerConfigKeys (ConfUtils.java:logGet(46)) - raft.server.rpc.request.timeout = 60s (custom)
2022-10-16 13:15:18,700 [6ff47f3f-d87f-42dc-9b9d-4568dd026d85@group-6D99D335DBF7-LeaderElection18] INFO  server.RaftServerConfigKeys (ConfUtils.java:logGet(46)) - raft.server.log.appender.install.snapshot.enabled = false (custom)
2022-10-16 13:15:18,701 [6ff47f3f-d87f-42dc-9b9d-4568dd026d85@group-6D99D335DBF7-LeaderElection18] INFO  impl.RoleInfo (RoleInfo.java:updateAndGet(139)) - 6ff47f3f-d87f-42dc-9b9d-4568dd026d85: start 6ff47f3f-d87f-42dc-9b9d-4568dd026d85@group-6D99D335DBF7-LeaderStateImpl
2022-10-16 13:15:18,701 [6ff47f3f-d87f-42dc-9b9d-4568dd026d85@group-6D99D335DBF7-LeaderElection18] INFO  segmented.SegmentedRaftLogWorker (SegmentedRaftLogWorker.java:startLogSegment(425)) - 6ff47f3f-d87f-42dc-9b9d-4568dd026d85@group-6D99D335DBF7-SegmentedRaftLogWorker: Starting segment from index:0
2022-10-16 13:15:18,703 [6ff47f3f-d87f-42dc-9b9d-4568dd026d85@group-6D99D335DBF7-LeaderElection18] INFO  server.RaftServer$Division (ServerState.java:setRaftConf(393)) - 6ff47f3f-d87f-42dc-9b9d-4568dd026d85@group-6D99D335DBF7: set configuration 0: [6ff47f3f-d87f-42dc-9b9d-4568dd026d85|rpc:10.1.0.60:42999|dataStream:|priority:1, 48438861-3901-41c2-841c-a6894bcecd85|rpc:10.1.0.60:38415|dataStream:|priority:0, e49c2e86-d777-4cdf-94d6-56177341a9ef|rpc:10.1.0.60:37353|dataStream:|priority:0], old=null
2022-10-16 13:15:18,703 [grpc-default-executor-5] INFO  server.RaftServer$Division (RaftServerImpl.java:requestVote(1184)) - e49c2e86-d777-4cdf-94d6-56177341a9ef@group-6D99D335DBF7 replies to ELECTION vote request: 6ff47f3f-d87f-42dc-9b9d-4568dd026d85<-e49c2e86-d777-4cdf-94d6-56177341a9ef#0:OK-t5. Peer's state: e49c2e86-d777-4cdf-94d6-56177341a9ef@group-6D99D335DBF7:t5, leader=null, voted=6ff47f3f-d87f-42dc-9b9d-4568dd026d85, raftlog=e49c2e86-d777-4cdf-94d6-56177341a9ef@group-6D99D335DBF7-SegmentedRaftLog:OPENED:c-1, conf=-1: [6ff47f3f-d87f-42dc-9b9d-4568dd026d85|rpc:10.1.0.60:42999|dataStream:|priority:1, 48438861-3901-41c2-841c-a6894bcecd85|rpc:10.1.0.60:38415|dataStream:|priority:0, e49c2e86-d777-4cdf-94d6-56177341a9ef|rpc:10.1.0.60:37353|dataStream:|priority:0], old=null
2022-10-16 13:15:18,703 [6ff47f3f-d87f-42dc-9b9d-4568dd026d85@group-6D99D335DBF7-SegmentedRaftLogWorker] INFO  segmented.SegmentedRaftLogWorker (SegmentedRaftLogWorker.java:execute(629)) - 6ff47f3f-d87f-42dc-9b9d-4568dd026d85@group-6D99D335DBF7-SegmentedRaftLogWorker: created new log segment /home/runner/work/ozone/ozone/hadoop-ozone/integration-test/target/test-dir/MiniOzoneClusterImpl-1260e40a-66d4-47e7-b895-29d827f4fcd0/datanode-1/data/ratis/e7c045af-1790-48c2-bcba-6d99d335dbf7/current/log_inprogress_0
2022-10-16 13:15:18,708 [48438861-3901-41c2-841c-a6894bcecd85-server-thread1] INFO  ratis.XceiverServerRatis (XceiverServerRatis.java:handleLeaderChangedNotification(863)) - Leader change notification received for group: group-6D99D335DBF7 with new leaderId: 6ff47f3f-d87f-42dc-9b9d-4568dd026d85
2022-10-16 13:15:18,708 [48438861-3901-41c2-841c-a6894bcecd85-server-thread1] INFO  server.RaftServer$Division (ServerState.java:setLeader(287)) - 48438861-3901-41c2-841c-a6894bcecd85@group-6D99D335DBF7: change Leader from null to 6ff47f3f-d87f-42dc-9b9d-4568dd026d85 at term 5 for appendEntries, leader elected after 25287ms
2022-10-16 13:15:18,710 [e49c2e86-d777-4cdf-94d6-56177341a9ef-server-thread1] INFO  ratis.XceiverServerRatis (XceiverServerRatis.java:handleLeaderChangedNotification(863)) - Leader change notification received for group: group-6D99D335DBF7 with new leaderId: 6ff47f3f-d87f-42dc-9b9d-4568dd026d85
2022-10-16 13:15:18,710 [e49c2e86-d777-4cdf-94d6-56177341a9ef-server-thread1] INFO  server.RaftServer$Division (ServerState.java:setLeader(287)) - e49c2e86-d777-4cdf-94d6-56177341a9ef@group-6D99D335DBF7: change Leader from null to 6ff47f3f-d87f-42dc-9b9d-4568dd026d85 at term 5 for appendEntries, leader elected after 25238ms
2022-10-16 13:15:18,712 [48438861-3901-41c2-841c-a6894bcecd85-server-thread1] INFO  server.RaftServer$Division (ServerState.java:setRaftConf(393)) - 48438861-3901-41c2-841c-a6894bcecd85@group-6D99D335DBF7: set configuration 0: [6ff47f3f-d87f-42dc-9b9d-4568dd026d85|rpc:10.1.0.60:42999|dataStream:|priority:1, 48438861-3901-41c2-841c-a6894bcecd85|rpc:10.1.0.60:38415|dataStream:|priority:0, e49c2e86-d777-4cdf-94d6-56177341a9ef|rpc:10.1.0.60:37353|dataStream:|priority:0], old=null
2022-10-16 13:15:18,712 [48438861-3901-41c2-841c-a6894bcecd85-server-thread1] INFO  segmented.SegmentedRaftLogWorker (SegmentedRaftLogWorker.java:startLogSegment(425)) - 48438861-3901-41c2-841c-a6894bcecd85@group-6D99D335DBF7-SegmentedRaftLogWorker: Starting segment from index:0
2022-10-16 13:15:18,713 [48438861-3901-41c2-841c-a6894bcecd85@group-6D99D335DBF7-SegmentedRaftLogWorker] INFO  segmented.SegmentedRaftLogWorker (SegmentedRaftLogWorker.java:execute(629)) - 48438861-3901-41c2-841c-a6894bcecd85@group-6D99D335DBF7-SegmentedRaftLogWorker: created new log segment /home/runner/work/ozone/ozone/hadoop-ozone/integration-test/target/test-dir/MiniOzoneClusterImpl-1260e40a-66d4-47e7-b895-29d827f4fcd0/datanode-0/data/ratis/e7c045af-1790-48c2-bcba-6d99d335dbf7/current/log_inprogress_0
2022-10-16 13:15:18,713 [e49c2e86-d777-4cdf-94d6-56177341a9ef-server-thread1] INFO  server.RaftServer$Division (ServerState.java:setRaftConf(393)) - e49c2e86-d777-4cdf-94d6-56177341a9ef@group-6D99D335DBF7: set configuration 0: [6ff47f3f-d87f-42dc-9b9d-4568dd026d85|rpc:10.1.0.60:42999|dataStream:|priority:1, 48438861-3901-41c2-841c-a6894bcecd85|rpc:10.1.0.60:38415|dataStream:|priority:0, e49c2e86-d777-4cdf-94d6-56177341a9ef|rpc:10.1.0.60:37353|dataStream:|priority:0], old=null
2022-10-16 13:15:18,715 [e49c2e86-d777-4cdf-94d6-56177341a9ef-server-thread1] INFO  segmented.SegmentedRaftLogWorker (SegmentedRaftLogWorker.java:startLogSegment(425)) - e49c2e86-d777-4cdf-94d6-56177341a9ef@group-6D99D335DBF7-SegmentedRaftLogWorker: Starting segment from index:0
2022-10-16 13:15:18,717 [e49c2e86-d777-4cdf-94d6-56177341a9ef@group-6D99D335DBF7-SegmentedRaftLogWorker] INFO  segmented.SegmentedRaftLogWorker (SegmentedRaftLogWorker.java:execute(629)) - e49c2e86-d777-4cdf-94d6-56177341a9ef@group-6D99D335DBF7-SegmentedRaftLogWorker: created new log segment /home/runner/work/ozone/ozone/hadoop-ozone/integration-test/target/test-dir/MiniOzoneClusterImpl-1260e40a-66d4-47e7-b895-29d827f4fcd0/datanode-2/data/ratis/e7c045af-1790-48c2-bcba-6d99d335dbf7/current/log_inprogress_0
2022-10-16 13:15:19,078 [ReplicationMonitor] INFO  replication.ReplicationManager (ReplicationManager.java:processAll(324)) - Replication Monitor Thread took 0 milliseconds for processing 7 containers.
2022-10-16 13:15:19,314 [ReplicationMonitor] INFO  replication.ReplicationManager (ReplicationManager.java:processAll(291)) - Replication Manager is not ready to run until 3000ms after safemode exit
2022-10-16 13:15:19,658 [Listener at 127.0.0.1/37791] INFO  ozone.MiniOzoneClusterImpl (MiniOzoneClusterImpl.java:lambda$waitForClusterToBeReady$0(216)) - Nodes are ready. Got 5 of 5 DN Heartbeats.
2022-10-16 13:15:19,658 [Listener at 127.0.0.1/37791] INFO  ozone.MiniOzoneClusterImpl (MiniOzoneClusterImpl.java:lambda$waitForClusterToBeReady$0(219)) - Cluster exits safe mode
2022-10-16 13:15:19,658 [Listener at 127.0.0.1/37791] INFO  ozone.MiniOzoneClusterImpl (MiniOzoneClusterImpl.java:lambda$waitForClusterToBeReady$0(221)) - SCM became leader
2022-10-16 13:15:19,666 [Listener at 127.0.0.1/37791] INFO  rpc.RpcClient (RpcClient.java:createVolume(471)) - Creating Volume: 98e0a0f1-25fb-494f-926c-9cf6b54047c5, with runner as owner and space quota set to -1 bytes, counts quota set to -1
2022-10-16 13:15:19,672 [OM StateMachine ApplyTransaction Thread - 0] INFO  volume.OMVolumeCreateRequest (OMVolumeCreateRequest.java:validateAndUpdateCache(195)) - created volume:98e0a0f1-25fb-494f-926c-9cf6b54047c5 for user:runner
2022-10-16 13:15:19,680 [Listener at 127.0.0.1/37791] INFO  rpc.RpcClient (RpcClient.java:createBucket(674)) - Creating Bucket: 98e0a0f1-25fb-494f-926c-9cf6b54047c5/1ea45693-6178-4e14-8c78-92f8846a000a, with server-side default bucket layout, runner as owner, Versioning false, Storage Type set to DISK and Encryption set to false 
2022-10-16 13:15:19,684 [OM StateMachine ApplyTransaction Thread - 0] INFO  bucket.OMBucketCreateRequest (OMBucketCreateRequest.java:validateAndUpdateCache(260)) - created bucket: 1ea45693-6178-4e14-8c78-92f8846a000a of layout LEGACY in volume: 98e0a0f1-25fb-494f-926c-9cf6b54047c5
2022-10-16 13:15:19,701 [IPC Server handler 15 on default port 40267] INFO  ha.SequenceIdGenerator (SequenceIdGenerator.java:getNextId(128)) - Allocate a batch for containerId, change lastId from 0 to 1000.
2022-10-16 13:15:19,701 [IPC Server handler 15 on default port 40267] WARN  ha.SequenceIdGenerator (SequenceIdGenerator.java:allocateBatch(237)) - Failed to allocate a batch for localId, expected lastId is 0, actual lastId is 109611004723200000.
2022-10-16 13:15:19,701 [IPC Server handler 15 on default port 40267] INFO  ha.SequenceIdGenerator (SequenceIdGenerator.java:getNextId(128)) - Allocate a batch for localId, change lastId from 109611004723200000 to 109611004723201000.
2022-10-16 13:15:19,940 [Listener at 127.0.0.1/37791] INFO  container.TestHelper (TestHelper.java:countReplicas(385)) - Container 1 has 3 replicas on [48438861-3901-41c2-841c-a6894bcecd85, 6ff47f3f-d87f-42dc-9b9d-4568dd026d85, e49c2e86-d777-4cdf-94d6-56177341a9ef]
2022-10-16 13:15:19,943 [EventQueue-CloseContainerForCloseContainerEventHandler] INFO  container.CloseContainerEventHandler (CloseContainerEventHandler.java:onMessage(71)) - Close container Event triggered for container : #1
2022-10-16 13:15:19,944 [EventQueue-CloseContainerForCloseContainerEventHandler] INFO  container.CloseContainerEventHandler (CloseContainerEventHandler.java:onMessage(71)) - Close container Event triggered for container : #1
2022-10-16 13:15:19,944 [EventQueue-CloseContainerForCloseContainerEventHandler] INFO  container.CloseContainerEventHandler (CloseContainerEventHandler.java:onMessage(71)) - Close container Event triggered for container : #1
2022-10-16 13:15:20,079 [ReplicationMonitor] INFO  replication.ReplicationManager (ReplicationManager.java:processAll(324)) - Replication Monitor Thread took 1 milliseconds for processing 7 containers.
2022-10-16 13:15:20,315 [ReplicationMonitor] INFO  replication.ReplicationManager (ReplicationManager.java:processAll(291)) - Replication Manager is not ready to run until 3000ms after safemode exit
2022-10-16 13:15:21,080 [ReplicationMonitor] INFO  replication.ReplicationManager (ReplicationManager.java:processAll(324)) - Replication Monitor Thread took 1 milliseconds for processing 7 containers.
2022-10-16 13:15:21,315 [ReplicationMonitor] INFO  replication.ReplicationManager (ReplicationManager.java:processAll(291)) - Replication Manager is not ready to run until 3000ms after safemode exit
2022-10-16 13:15:21,813 [ContainerOp-e7c045af-1790-48c2-bcba-6d99d335dbf7-4] INFO  keyvalue.KeyValueContainer (KeyValueContainer.java:flushAndSyncDB(436)) - Container 1 is synced with bcsId 4.
2022-10-16 13:15:21,815 [ContainerOp-e7c045af-1790-48c2-bcba-6d99d335dbf7-4] INFO  keyvalue.KeyValueContainer (KeyValueContainer.java:flushAndSyncDB(436)) - Container 1 is synced with bcsId 4.
2022-10-16 13:15:21,817 [ContainerOp-e7c045af-1790-48c2-bcba-6d99d335dbf7-4] INFO  keyvalue.KeyValueContainer (KeyValueContainer.java:close(351)) - Container 1 is closed with bcsId 4.
2022-10-16 13:15:21,819 [FixedThreadPoolWithAffinityExecutor-8-0] INFO  container.IncrementalContainerReportHandler (AbstractContainerReportHandler.java:updateContainerState(292)) - Moving container #1 to CLOSED state, datanode 6ff47f3f-d87f-42dc-9b9d-4568dd026d85{ip: 10.1.0.60, host: fv-az308-250.etcbaq1qs54eplwmrjlabigyle.cx.internal.cloudapp.net, ports: [REPLICATION=43397, RATIS=42999, RATIS_ADMIN=42999, RATIS_SERVER=42999, STANDALONE=45749], networkLocation: /default-rack, certSerialId: null, persistedOpState: IN_SERVICE, persistedOpStateExpiryEpochSec: 0} reported CLOSED replica.
2022-10-16 13:15:21,821 [ContainerOp-e7c045af-1790-48c2-bcba-6d99d335dbf7-4] INFO  keyvalue.KeyValueContainer (KeyValueContainer.java:flushAndSyncDB(436)) - Container 1 is synced with bcsId 4.
2022-10-16 13:15:21,821 [ContainerOp-e7c045af-1790-48c2-bcba-6d99d335dbf7-4] INFO  keyvalue.KeyValueContainer (KeyValueContainer.java:flushAndSyncDB(436)) - Container 1 is synced with bcsId 4.
2022-10-16 13:15:21,824 [ContainerOp-e7c045af-1790-48c2-bcba-6d99d335dbf7-4] INFO  keyvalue.KeyValueContainer (KeyValueContainer.java:close(351)) - Container 1 is closed with bcsId 4.
2022-10-16 13:15:21,824 [ContainerOp-e7c045af-1790-48c2-bcba-6d99d335dbf7-4] INFO  keyvalue.KeyValueContainer (KeyValueContainer.java:flushAndSyncDB(436)) - Container 1 is synced with bcsId 4.
2022-10-16 13:15:21,824 [ContainerOp-e7c045af-1790-48c2-bcba-6d99d335dbf7-4] INFO  keyvalue.KeyValueContainer (KeyValueContainer.java:flushAndSyncDB(436)) - Container 1 is synced with bcsId 4.
2022-10-16 13:15:21,828 [ContainerOp-e7c045af-1790-48c2-bcba-6d99d335dbf7-4] INFO  keyvalue.KeyValueContainer (KeyValueContainer.java:close(351)) - Container 1 is closed with bcsId 4.
2022-10-16 13:15:21,969 [Listener at 127.0.0.1/37791] INFO  ozoneimpl.OzoneContainer (OzoneContainer.java:stop(400)) - Attempting to stop container services.
2022-10-16 13:15:21,969 [Listener at 127.0.0.1/37791] INFO  server.RaftServer (RaftServerProxy.java:lambda$close$7(398)) - 48438861-3901-41c2-841c-a6894bcecd85: close
2022-10-16 13:15:21,970 [Listener at 127.0.0.1/37791] INFO  server.RaftServer$Division (RaftServerImpl.java:lambda$close$4(434)) - 48438861-3901-41c2-841c-a6894bcecd85@group-FBBB64C110BB: shutdown
2022-10-16 13:15:21,970 [ForkJoinPool.commonPool-worker-1] INFO  server.RaftServer$Division (RaftServerImpl.java:lambda$close$4(434)) - 48438861-3901-41c2-841c-a6894bcecd85@group-6D99D335DBF7: shutdown
2022-10-16 13:15:21,970 [Listener at 127.0.0.1/37791] INFO  util.JmxRegister (JmxRegister.java:unregister(73)) - Successfully un-registered JMX Bean with object name Ratis:service=RaftServer,group=group-FBBB64C110BB,id=48438861-3901-41c2-841c-a6894bcecd85
2022-10-16 13:15:21,970 [Listener at 127.0.0.1/37791] INFO  impl.RoleInfo (RoleInfo.java:shutdownLeaderState(93)) - 48438861-3901-41c2-841c-a6894bcecd85: shutdown 48438861-3901-41c2-841c-a6894bcecd85@group-FBBB64C110BB-LeaderStateImpl
2022-10-16 13:15:21,970 [Listener at 127.0.0.1/37791] INFO  impl.PendingRequests (PendingRequests.java:sendNotLeaderResponses(282)) - 48438861-3901-41c2-841c-a6894bcecd85@group-FBBB64C110BB-PendingRequests: sendNotLeaderResponses
2022-10-16 13:15:21,970 [ForkJoinPool.commonPool-worker-1] INFO  util.JmxRegister (JmxRegister.java:unregister(73)) - Successfully un-registered JMX Bean with object name Ratis:service=RaftServer,group=group-6D99D335DBF7,id=48438861-3901-41c2-841c-a6894bcecd85
2022-10-16 13:15:21,970 [ForkJoinPool.commonPool-worker-1] INFO  impl.RoleInfo (RoleInfo.java:shutdownFollowerState(110)) - 48438861-3901-41c2-841c-a6894bcecd85: shutdown 48438861-3901-41c2-841c-a6894bcecd85@group-6D99D335DBF7-FollowerState
2022-10-16 13:15:21,970 [ForkJoinPool.commonPool-worker-1] INFO  impl.StateMachineUpdater (StateMachineUpdater.java:stopAndJoin(153)) - 48438861-3901-41c2-841c-a6894bcecd85@group-6D99D335DBF7-StateMachineUpdater: set stopIndex = 9
2022-10-16 13:15:21,971 [Listener at 127.0.0.1/37791] INFO  impl.StateMachineUpdater (StateMachineUpdater.java:stopAndJoin(153)) - 48438861-3901-41c2-841c-a6894bcecd85@group-FBBB64C110BB-StateMachineUpdater: set stopIndex = 0
2022-10-16 13:15:21,971 [48438861-3901-41c2-841c-a6894bcecd85@group-6D99D335DBF7-FollowerState] INFO  impl.FollowerState (FollowerState.java:run(152)) - 48438861-3901-41c2-841c-a6894bcecd85@group-6D99D335DBF7-FollowerState was interrupted
2022-10-16 13:15:21,971 [48438861-3901-41c2-841c-a6894bcecd85@group-6D99D335DBF7-StateMachineUpdater] INFO  ratis.ContainerStateMachine (ContainerStateMachine.java:takeSnapshot(304)) - group-6D99D335DBF7: Taking a snapshot at:(t:5, i:9) file /home/runner/work/ozone/ozone/hadoop-ozone/integration-test/target/test-dir/MiniOzoneClusterImpl-1260e40a-66d4-47e7-b895-29d827f4fcd0/datanode-0/data/ratis/e7c045af-1790-48c2-bcba-6d99d335dbf7/sm/snapshot.5_9
2022-10-16 13:15:21,971 [48438861-3901-41c2-841c-a6894bcecd85@group-FBBB64C110BB-StateMachineUpdater] INFO  ratis.ContainerStateMachine (ContainerStateMachine.java:takeSnapshot(304)) - group-FBBB64C110BB: Taking a snapshot at:(t:1, i:0) file /home/runner/work/ozone/ozone/hadoop-ozone/integration-test/target/test-dir/MiniOzoneClusterImpl-1260e40a-66d4-47e7-b895-29d827f4fcd0/datanode-0/data/ratis/e23ea0e2-8f73-4371-a038-fbbb64c110bb/sm/snapshot.1_0
2022-10-16 13:15:21,977 [48438861-3901-41c2-841c-a6894bcecd85@group-FBBB64C110BB-StateMachineUpdater] INFO  ratis.ContainerStateMachine (ContainerStateMachine.java:takeSnapshot(315)) - group-FBBB64C110BB: Finished taking a snapshot at:(t:1, i:0) file:/home/runner/work/ozone/ozone/hadoop-ozone/integration-test/target/test-dir/MiniOzoneClusterImpl-1260e40a-66d4-47e7-b895-29d827f4fcd0/datanode-0/data/ratis/e23ea0e2-8f73-4371-a038-fbbb64c110bb/sm/snapshot.1_0 took: 5 ms
2022-10-16 13:15:21,977 [48438861-3901-41c2-841c-a6894bcecd85@group-FBBB64C110BB-StateMachineUpdater] INFO  impl.StateMachineUpdater (StateMachineUpdater.java:takeSnapshot(287)) - 48438861-3901-41c2-841c-a6894bcecd85@group-FBBB64C110BB-StateMachineUpdater: Took a snapshot at index 0
2022-10-16 13:15:21,977 [48438861-3901-41c2-841c-a6894bcecd85@group-FBBB64C110BB-StateMachineUpdater] INFO  impl.StateMachineUpdater (StateMachineUpdater.java:lambda$new$0(92)) - 48438861-3901-41c2-841c-a6894bcecd85@group-FBBB64C110BB-StateMachineUpdater: snapshotIndex: updateIncreasingly -1 -> 0
2022-10-16 13:15:21,977 [48438861-3901-41c2-841c-a6894bcecd85@group-6D99D335DBF7-StateMachineUpdater] INFO  ratis.ContainerStateMachine (ContainerStateMachine.java:takeSnapshot(315)) - group-6D99D335DBF7: Finished taking a snapshot at:(t:5, i:9) file:/home/runner/work/ozone/ozone/hadoop-ozone/integration-test/target/test-dir/MiniOzoneClusterImpl-1260e40a-66d4-47e7-b895-29d827f4fcd0/datanode-0/data/ratis/e7c045af-1790-48c2-bcba-6d99d335dbf7/sm/snapshot.5_9 took: 6 ms
2022-10-16 13:15:21,978 [48438861-3901-41c2-841c-a6894bcecd85@group-6D99D335DBF7-StateMachineUpdater] INFO  impl.StateMachineUpdater (StateMachineUpdater.java:takeSnapshot(287)) - 48438861-3901-41c2-841c-a6894bcecd85@group-6D99D335DBF7-StateMachineUpdater: Took a snapshot at index 9
2022-10-16 13:15:21,978 [48438861-3901-41c2-841c-a6894bcecd85@group-6D99D335DBF7-StateMachineUpdater] INFO  impl.StateMachineUpdater (StateMachineUpdater.java:lambda$new$0(92)) - 48438861-3901-41c2-841c-a6894bcecd85@group-6D99D335DBF7-StateMachineUpdater: snapshotIndex: updateIncreasingly -1 -> 9
2022-10-16 13:15:21,978 [Listener at 127.0.0.1/37791] INFO  server.RaftServer$Division (ServerState.java:close(429)) - 48438861-3901-41c2-841c-a6894bcecd85@group-FBBB64C110BB: closes. applyIndex: 0
2022-10-16 13:15:21,978 [48438861-3901-41c2-841c-a6894bcecd85@group-FBBB64C110BB-SegmentedRaftLogWorker] INFO  segmented.SegmentedRaftLogWorker (SegmentedRaftLogWorker.java:run(336)) - 48438861-3901-41c2-841c-a6894bcecd85@group-FBBB64C110BB-SegmentedRaftLogWorker was interrupted, exiting. There are 0 tasks remaining in the queue.
2022-10-16 13:15:21,979 [Listener at 127.0.0.1/37791] INFO  segmented.SegmentedRaftLogWorker (SegmentedRaftLogWorker.java:close(246)) - 48438861-3901-41c2-841c-a6894bcecd85@group-FBBB64C110BB-SegmentedRaftLogWorker close()
2022-10-16 13:15:21,980 [ForkJoinPool.commonPool-worker-1] INFO  server.RaftServer$Division (ServerState.java:close(429)) - 48438861-3901-41c2-841c-a6894bcecd85@group-6D99D335DBF7: closes. applyIndex: 9
2022-10-16 13:15:21,980 [48438861-3901-41c2-841c-a6894bcecd85@group-6D99D335DBF7-SegmentedRaftLogWorker] INFO  segmented.SegmentedRaftLogWorker (SegmentedRaftLogWorker.java:run(336)) - 48438861-3901-41c2-841c-a6894bcecd85@group-6D99D335DBF7-SegmentedRaftLogWorker was interrupted, exiting. There are 0 tasks remaining in the queue.
2022-10-16 13:15:21,980 [ForkJoinPool.commonPool-worker-1] INFO  segmented.SegmentedRaftLogWorker (SegmentedRaftLogWorker.java:close(246)) - 48438861-3901-41c2-841c-a6894bcecd85@group-6D99D335DBF7-SegmentedRaftLogWorker close()
2022-10-16 13:15:21,981 [Listener at 127.0.0.1/37791] INFO  server.GrpcService (GrpcService.java:closeImpl(269)) - 48438861-3901-41c2-841c-a6894bcecd85: shutdown server with port 38415 now
2022-10-16 13:15:21,984 [grpc-default-executor-4] WARN  server.GrpcServerProtocolService (LogUtils.java:warn(122)) - 48438861-3901-41c2-841c-a6894bcecd85: installSnapshot onError, lastRequest: 6ff47f3f-d87f-42dc-9b9d-4568dd026d85->48438861-3901-41c2-841c-a6894bcecd85#220-t5,previous=(t:5, i:9),leaderCommit=9,initializing? true,entries: size=1, first=(t:5, i:10), METADATAENTRY(c:9): org.apache.ratis.thirdparty.io.grpc.StatusRuntimeException: CANCELLED: client cancelled
2022-10-16 13:15:21,984 [grpc-default-executor-1] WARN  server.GrpcLogAppender (LogUtils.java:warn(122)) - 6ff47f3f-d87f-42dc-9b9d-4568dd026d85@group-6D99D335DBF7->48438861-3901-41c2-841c-a6894bcecd85-AppendLogResponseHandler: Failed appendEntries: org.apache.ratis.thirdparty.io.grpc.StatusRuntimeException: CANCELLED: RST_STREAM closed stream. HTTP/2 error code: CANCEL
2022-10-16 13:15:21,984 [grpc-default-executor-1] INFO  leader.FollowerInfo (FollowerInfoImpl.java:lambda$new$0(48)) - 6ff47f3f-d87f-42dc-9b9d-4568dd026d85@group-6D99D335DBF7->48438861-3901-41c2-841c-a6894bcecd85: nextIndex: updateUnconditionally 11 -> 10
2022-10-16 13:15:21,989 [Listener at 127.0.0.1/37791] INFO  server.GrpcService (GrpcService.java:closeImpl(278)) - 48438861-3901-41c2-841c-a6894bcecd85: shutdown server with port 38415 successfully
2022-10-16 13:15:21,989 [org.apache.ratis.util.JvmPauseMonitor$$Lambda$639/339294883@6bf87e9e] INFO  util.JvmPauseMonitor (JvmPauseMonitor.java:run(109)) - JvmPauseMonitor-48438861-3901-41c2-841c-a6894bcecd85: Stopped
2022-10-16 13:15:21,991 [grpc-default-executor-4] WARN  server.GrpcLogAppender (LogUtils.java:warn(122)) - 6ff47f3f-d87f-42dc-9b9d-4568dd026d85@group-6D99D335DBF7->48438861-3901-41c2-841c-a6894bcecd85-AppendLogResponseHandler: Failed appendEntries: org.apache.ratis.thirdparty.io.grpc.StatusRuntimeException: UNAVAILABLE: io exception
2022-10-16 13:15:21,991 [grpc-default-executor-4] INFO  leader.FollowerInfo (FollowerInfoImpl.java:lambda$new$0(48)) - 6ff47f3f-d87f-42dc-9b9d-4568dd026d85@group-6D99D335DBF7->48438861-3901-41c2-841c-a6894bcecd85: nextIndex: updateUnconditionally 11 -> 10
2022-10-16 13:15:22,080 [ReplicationMonitor] INFO  replication.ReplicationManager (ReplicationManager.java:processAll(324)) - Replication Monitor Thread took 0 milliseconds for processing 7 containers.
2022-10-16 13:15:22,323 [ReplicationMonitor] INFO  replication.ReplicationManager (ReplicationManager.java:processAll(324)) - Replication Monitor Thread took 8 milliseconds for processing 1 containers.
2022-10-16 13:15:23,081 [ReplicationMonitor] INFO  replication.ReplicationManager (ReplicationManager.java:processAll(324)) - Replication Monitor Thread took 1 milliseconds for processing 7 containers.
2022-10-16 13:15:23,324 [ReplicationMonitor] INFO  replication.ReplicationManager (ReplicationManager.java:processAll(324)) - Replication Monitor Thread took 1 milliseconds for processing 1 containers.
2022-10-16 13:15:24,000 [Listener at 127.0.0.1/37791] INFO  utils.BackgroundService (BackgroundService.java:shutdown(141)) - Shutting down service BlockDeletingService
2022-10-16 13:15:24,001 [Listener at 127.0.0.1/37791] INFO  utils.BackgroundService (BackgroundService.java:shutdown(141)) - Shutting down service StaleRecoveringContainerScrubbingService
2022-10-16 13:15:24,003 [Listener at 127.0.0.1/37791] INFO  statemachine.DatanodeStateMachine (DatanodeStateMachine.java:stopDaemon(580)) - Ozone container server stopped.
2022-10-16 13:15:24,011 [Listener at 127.0.0.1/37791] INFO  handler.ContextHandler (ContextHandler.java:doStop(1153)) - Stopped o.e.j.w.WebAppContext@94fee02{hddsDatanode,/,null,STOPPED}{jar:file:/home/runner/.m2/repository/org/apache/ozone/hdds-container-service/1.3.0-SNAPSHOT/hdds-container-service-1.3.0-SNAPSHOT.jar!/webapps/hddsDatanode}
2022-10-16 13:15:24,012 [Listener at 127.0.0.1/37791] INFO  server.AbstractConnector (AbstractConnector.java:doStop(381)) - Stopped ServerConnector@771ca7e{HTTP/1.1, (http/1.1)}{0.0.0.0:0}
2022-10-16 13:15:24,012 [Listener at 127.0.0.1/37791] INFO  server.session (HouseKeeper.java:stopScavenging(149)) - node0 Stopped scavenging
2022-10-16 13:15:24,012 [Listener at 127.0.0.1/37791] INFO  handler.ContextHandler (ContextHandler.java:doStop(1153)) - Stopped o.e.j.s.ServletContextHandler@5a9cb073{static,/static,jar:file:/home/runner/.m2/repository/org/apache/ozone/hdds-container-service/1.3.0-SNAPSHOT/hdds-container-service-1.3.0-SNAPSHOT.jar!/webapps/static,STOPPED}
2022-10-16 13:15:24,012 [Listener at 127.0.0.1/37791] INFO  handler.ContextHandler (ContextHandler.java:doStop(1153)) - Stopped o.e.j.s.ServletContextHandler@70a8e167{logs,/logs,file:///home/runner/work/ozone/ozone/hadoop-ozone/integration-test/target/log,STOPPED}
2022-10-16 13:15:24,069 [Listener at 127.0.0.1/37791] INFO  ozone.MiniOzoneClusterImpl (MiniOzoneClusterImpl.java:shutdown(448)) - Shutting down the Mini Ozone Cluster
2022-10-16 13:15:24,069 [Listener at 127.0.0.1/37791] INFO  ozone.MiniOzoneClusterImpl (MiniOzoneClusterImpl.java:stop(463)) - Stopping the Mini Ozone Cluster
2022-10-16 13:15:24,069 [Listener at 127.0.0.1/37791] INFO  ozone.MiniOzoneClusterImpl (MiniOzoneClusterImpl.java:stopOM(545)) - Stopping the OzoneManager
2022-10-16 13:15:24,069 [Listener at 127.0.0.1/37791] INFO  om.OzoneManager (OzoneManager.java:stop(2034)) - om1[localhost:0]: Stopping Ozone Manager
2022-10-16 13:15:24,071 [Listener at 127.0.0.1/37791] INFO  ipc.Server (Server.java:stop(3428)) - Stopping server on 37791
2022-10-16 13:15:24,071 [IPC Server listener on 0] INFO  ipc.Server (Server.java:run(1384)) - Stopping IPC Server listener on 0
2022-10-16 13:15:24,075 [IPC Server Responder] INFO  ipc.Server (Server.java:run(1517)) - Stopping IPC Server Responder
2022-10-16 13:15:24,076 [Listener at 127.0.0.1/37791] INFO  server.RaftServer (RaftServerProxy.java:lambda$close$7(398)) - om1: close
2022-10-16 13:15:24,076 [Listener at 127.0.0.1/37791] INFO  server.RaftServer$Division (RaftServerImpl.java:lambda$close$4(434)) - om1@group-C5BA1605619E: shutdown
2022-10-16 13:15:24,076 [Listener at 127.0.0.1/37791] INFO  util.JmxRegister (JmxRegister.java:unregister(73)) - Successfully un-registered JMX Bean with object name Ratis:service=RaftServer,group=group-C5BA1605619E,id=om1
2022-10-16 13:15:24,076 [Listener at 127.0.0.1/37791] INFO  impl.RoleInfo (RoleInfo.java:shutdownLeaderState(93)) - om1: shutdown om1@group-C5BA1605619E-LeaderStateImpl
2022-10-16 13:15:24,076 [Listener at 127.0.0.1/37791] INFO  impl.PendingRequests (PendingRequests.java:sendNotLeaderResponses(282)) - om1@group-C5BA1605619E-PendingRequests: sendNotLeaderResponses
2022-10-16 13:15:24,079 [Listener at 127.0.0.1/37791] INFO  impl.StateMachineUpdater (StateMachineUpdater.java:stopAndJoin(153)) - om1@group-C5BA1605619E-StateMachineUpdater: set stopIndex = 8
2022-10-16 13:15:24,079 [om1@group-C5BA1605619E-StateMachineUpdater] INFO  ratis.OzoneManagerStateMachine (OzoneManagerStateMachine.java:takeSnapshot(441)) - Current Snapshot Index (t:1, i:8)
2022-10-16 13:15:24,079 [om1@group-C5BA1605619E-StateMachineUpdater] INFO  impl.StateMachineUpdater (StateMachineUpdater.java:takeSnapshot(287)) - om1@group-C5BA1605619E-StateMachineUpdater: Took a snapshot at index 8
2022-10-16 13:15:24,080 [om1@group-C5BA1605619E-StateMachineUpdater] INFO  impl.StateMachineUpdater (StateMachineUpdater.java:lambda$new$0(92)) - om1@group-C5BA1605619E-StateMachineUpdater: snapshotIndex: updateIncreasingly -1 -> 8
2022-10-16 13:15:24,080 [om1@group-C5BA1605619E-StateMachineUpdater] INFO  ratis.OzoneManagerStateMachine (OzoneManagerStateMachine.java:close(495)) - StateMachine has shutdown. Shutdown OzoneManager if not already shutdown.
2022-10-16 13:15:24,080 [om1@group-C5BA1605619E-StateMachineUpdater] INFO  ratis.OzoneManagerDoubleBuffer (OzoneManagerDoubleBuffer.java:stop(466)) - Stopping OMDoubleBuffer flush thread
2022-10-16 13:15:24,080 [OMDoubleBufferFlushThread] INFO  ratis.OzoneManagerDoubleBuffer (OzoneManagerDoubleBuffer.java:flushTransactions(385)) - OMDoubleBuffer flush thread OMDoubleBufferFlushThread is interrupted and will exit.
2022-10-16 13:15:24,080 [Listener at 127.0.0.1/37791] INFO  server.RaftServer$Division (ServerState.java:close(429)) - om1@group-C5BA1605619E: closes. applyIndex: 8
2022-10-16 13:15:24,081 [om1@group-C5BA1605619E-SegmentedRaftLogWorker] INFO  segmented.SegmentedRaftLogWorker (SegmentedRaftLogWorker.java:run(336)) - om1@group-C5BA1605619E-SegmentedRaftLogWorker was interrupted, exiting. There are 0 tasks remaining in the queue.
2022-10-16 13:15:24,081 [Listener at 127.0.0.1/37791] INFO  segmented.SegmentedRaftLogWorker (SegmentedRaftLogWorker.java:close(246)) - om1@group-C5BA1605619E-SegmentedRaftLogWorker close()
2022-10-16 13:15:24,082 [ReplicationMonitor] INFO  replication.ReplicationManager (ReplicationManager.java:processAll(324)) - Replication Monitor Thread took 0 milliseconds for processing 7 containers.
2022-10-16 13:15:24,082 [Listener at 127.0.0.1/37791] INFO  server.GrpcService (GrpcService.java:closeImpl(269)) - om1: shutdown server with port 9872 now
2022-10-16 13:15:24,083 [Listener at 127.0.0.1/37791] INFO  server.GrpcService (GrpcService.java:closeImpl(278)) - om1: shutdown server with port 9872 successfully
2022-10-16 13:15:24,083 [org.apache.ratis.util.JvmPauseMonitor$$Lambda$639/339294883@498a495a] INFO  util.JvmPauseMonitor (JvmPauseMonitor.java:run(109)) - JvmPauseMonitor-om1: Stopped
2022-10-16 13:15:24,083 [Listener at 127.0.0.1/37791] INFO  ratis.OzoneManagerStateMachine (OzoneManagerStateMachine.java:close(495)) - StateMachine has shutdown. Shutdown OzoneManager if not already shutdown.
2022-10-16 13:15:24,083 [Listener at 127.0.0.1/37791] INFO  ratis.OzoneManagerDoubleBuffer (OzoneManagerDoubleBuffer.java:stop(478)) - OMDoubleBuffer flush thread is not running.
2022-10-16 13:15:24,083 [Listener at 127.0.0.1/37791] INFO  utils.BackgroundService (BackgroundService.java:shutdown(141)) - Shutting down service KeyDeletingService
2022-10-16 13:15:24,083 [Listener at 127.0.0.1/37791] INFO  utils.BackgroundService (BackgroundService.java:shutdown(141)) - Shutting down service DirectoryDeletingService
2022-10-16 13:15:24,083 [Listener at 127.0.0.1/37791] INFO  utils.BackgroundService (BackgroundService.java:shutdown(141)) - Shutting down service OpenKeyCleanupService
2022-10-16 13:15:24,085 [Listener at 127.0.0.1/37791] INFO  handler.ContextHandler (ContextHandler.java:doStop(1153)) - Stopped o.e.j.w.WebAppContext@4c06b1ed{ozoneManager,/,null,STOPPED}{file:/home/runner/work/ozone/ozone/hadoop-ozone/integration-test/target/test-classes/webapps/ozoneManager}
2022-10-16 13:15:24,089 [Listener at 127.0.0.1/37791] INFO  server.AbstractConnector (AbstractConnector.java:doStop(381)) - Stopped ServerConnector@77e12c31{HTTP/1.1, (http/1.1)}{0.0.0.0:0}
2022-10-16 13:15:24,089 [Listener at 127.0.0.1/37791] INFO  server.session (HouseKeeper.java:stopScavenging(149)) - node0 Stopped scavenging
2022-10-16 13:15:24,089 [Listener at 127.0.0.1/37791] INFO  handler.ContextHandler (ContextHandler.java:doStop(1153)) - Stopped o.e.j.s.ServletContextHandler@6c751555{static,/static,file:///home/runner/work/ozone/ozone/hadoop-ozone/integration-test/target/test-classes/webapps/static,STOPPED}
2022-10-16 13:15:24,089 [Listener at 127.0.0.1/37791] INFO  handler.ContextHandler (ContextHandler.java:doStop(1153)) - Stopped o.e.j.s.ServletContextHandler@755d92a3{logs,/logs,file:///home/runner/work/ozone/ozone/hadoop-ozone/integration-test/target/log,STOPPED}
2022-10-16 13:15:24,092 [Listener at 127.0.0.1/37791] INFO  ozone.MiniOzoneClusterImpl (MiniOzoneClusterImpl.java:stopDatanodes(522)) - Stopping the HddsDatanodes
2022-10-16 13:15:24,093 [ForkJoinPool.commonPool-worker-0] INFO  ozoneimpl.OzoneContainer (OzoneContainer.java:stop(400)) - Attempting to stop container services.
2022-10-16 13:15:24,093 [ForkJoinPool.commonPool-worker-0] INFO  server.RaftServer (RaftServerProxy.java:lambda$close$7(398)) - 6ff47f3f-d87f-42dc-9b9d-4568dd026d85: close
2022-10-16 13:15:24,094 [ForkJoinPool.commonPool-worker-0] INFO  server.RaftServer$Division (RaftServerImpl.java:lambda$close$4(434)) - 6ff47f3f-d87f-42dc-9b9d-4568dd026d85@group-C436125BFFAD: shutdown
2022-10-16 13:15:24,094 [ForkJoinPool.commonPool-worker-0] INFO  util.JmxRegister (JmxRegister.java:unregister(73)) - Successfully un-registered JMX Bean with object name Ratis:service=RaftServer,group=group-C436125BFFAD,id=6ff47f3f-d87f-42dc-9b9d-4568dd026d85
2022-10-16 13:15:24,094 [ForkJoinPool.commonPool-worker-0] INFO  impl.RoleInfo (RoleInfo.java:shutdownLeaderState(93)) - 6ff47f3f-d87f-42dc-9b9d-4568dd026d85: shutdown 6ff47f3f-d87f-42dc-9b9d-4568dd026d85@group-C436125BFFAD-LeaderStateImpl
2022-10-16 13:15:24,094 [ForkJoinPool.commonPool-worker-0] INFO  impl.PendingRequests (PendingRequests.java:sendNotLeaderResponses(282)) - 6ff47f3f-d87f-42dc-9b9d-4568dd026d85@group-C436125BFFAD-PendingRequests: sendNotLeaderResponses
2022-10-16 13:15:24,094 [ForkJoinPool.commonPool-worker-0] INFO  impl.StateMachineUpdater (StateMachineUpdater.java:stopAndJoin(153)) - 6ff47f3f-d87f-42dc-9b9d-4568dd026d85@group-C436125BFFAD-StateMachineUpdater: set stopIndex = 0
2022-10-16 13:15:24,094 [6ff47f3f-d87f-42dc-9b9d-4568dd026d85@group-C436125BFFAD-StateMachineUpdater] INFO  ratis.ContainerStateMachine (ContainerStateMachine.java:takeSnapshot(304)) - group-C436125BFFAD: Taking a snapshot at:(t:1, i:0) file /home/runner/work/ozone/ozone/hadoop-ozone/integration-test/target/test-dir/MiniOzoneClusterImpl-1260e40a-66d4-47e7-b895-29d827f4fcd0/datanode-1/data/ratis/57e8a5d9-5899-4d57-9014-c436125bffad/sm/snapshot.1_0
2022-10-16 13:15:24,095 [Listener at 127.0.0.1/37791] INFO  ozoneimpl.OzoneContainer (OzoneContainer.java:stop(400)) - Attempting to stop container services.
2022-10-16 13:15:24,095 [Listener at 127.0.0.1/37791] INFO  server.RaftServer (RaftServerProxy.java:lambda$close$7(398)) - e49c2e86-d777-4cdf-94d6-56177341a9ef: close
2022-10-16 13:15:24,095 [6ff47f3f-d87f-42dc-9b9d-4568dd026d85@group-C436125BFFAD-StateMachineUpdater] INFO  ratis.ContainerStateMachine (ContainerStateMachine.java:takeSnapshot(315)) - group-C436125BFFAD: Finished taking a snapshot at:(t:1, i:0) file:/home/runner/work/ozone/ozone/hadoop-ozone/integration-test/target/test-dir/MiniOzoneClusterImpl-1260e40a-66d4-47e7-b895-29d827f4fcd0/datanode-1/data/ratis/57e8a5d9-5899-4d57-9014-c436125bffad/sm/snapshot.1_0 took: 1 ms
2022-10-16 13:15:24,096 [6ff47f3f-d87f-42dc-9b9d-4568dd026d85@group-C436125BFFAD-StateMachineUpdater] INFO  impl.StateMachineUpdater (StateMachineUpdater.java:takeSnapshot(287)) - 6ff47f3f-d87f-42dc-9b9d-4568dd026d85@group-C436125BFFAD-StateMachineUpdater: Took a snapshot at index 0
2022-10-16 13:15:24,096 [6ff47f3f-d87f-42dc-9b9d-4568dd026d85@group-C436125BFFAD-StateMachineUpdater] INFO  impl.StateMachineUpdater (StateMachineUpdater.java:lambda$new$0(92)) - 6ff47f3f-d87f-42dc-9b9d-4568dd026d85@group-C436125BFFAD-StateMachineUpdater: snapshotIndex: updateIncreasingly -1 -> 0
2022-10-16 13:15:24,096 [ForkJoinPool.commonPool-worker-0] INFO  server.RaftServer$Division (ServerState.java:close(429)) - 6ff47f3f-d87f-42dc-9b9d-4568dd026d85@group-C436125BFFAD: closes. applyIndex: 0
2022-10-16 13:15:24,096 [Listener at 127.0.0.1/37791] INFO  server.RaftServer$Division (RaftServerImpl.java:lambda$close$4(434)) - e49c2e86-d777-4cdf-94d6-56177341a9ef@group-F7874B355057: shutdown
2022-10-16 13:15:24,096 [6ff47f3f-d87f-42dc-9b9d-4568dd026d85@group-C436125BFFAD-SegmentedRaftLogWorker] INFO  segmented.SegmentedRaftLogWorker (SegmentedRaftLogWorker.java:run(336)) - 6ff47f3f-d87f-42dc-9b9d-4568dd026d85@group-C436125BFFAD-SegmentedRaftLogWorker was interrupted, exiting. There are 0 tasks remaining in the queue.
2022-10-16 13:15:24,096 [ForkJoinPool.commonPool-worker-0] INFO  segmented.SegmentedRaftLogWorker (SegmentedRaftLogWorker.java:close(246)) - 6ff47f3f-d87f-42dc-9b9d-4568dd026d85@group-C436125BFFAD-SegmentedRaftLogWorker close()
2022-10-16 13:15:24,097 [ForkJoinPool.commonPool-worker-0] INFO  server.RaftServer$Division (RaftServerImpl.java:lambda$close$4(434)) - 6ff47f3f-d87f-42dc-9b9d-4568dd026d85@group-6D99D335DBF7: shutdown
2022-10-16 13:15:24,097 [Listener at 127.0.0.1/37791] INFO  util.JmxRegister (JmxRegister.java:unregister(73)) - Successfully un-registered JMX Bean with object name Ratis:service=RaftServer,group=group-F7874B355057,id=e49c2e86-d777-4cdf-94d6-56177341a9ef
2022-10-16 13:15:24,097 [ForkJoinPool.commonPool-worker-0] INFO  util.JmxRegister (JmxRegister.java:unregister(73)) - Successfully un-registered JMX Bean with object name Ratis:service=RaftServer,group=group-6D99D335DBF7,id=6ff47f3f-d87f-42dc-9b9d-4568dd026d85
2022-10-16 13:15:24,098 [ForkJoinPool.commonPool-worker-0] INFO  impl.RoleInfo (RoleInfo.java:shutdownLeaderState(93)) - 6ff47f3f-d87f-42dc-9b9d-4568dd026d85: shutdown 6ff47f3f-d87f-42dc-9b9d-4568dd026d85@group-6D99D335DBF7-LeaderStateImpl
2022-10-16 13:15:24,097 [Listener at 127.0.0.1/37791] INFO  impl.RoleInfo (RoleInfo.java:shutdownLeaderState(93)) - e49c2e86-d777-4cdf-94d6-56177341a9ef: shutdown e49c2e86-d777-4cdf-94d6-56177341a9ef@group-F7874B355057-LeaderStateImpl
2022-10-16 13:15:24,098 [6ff47f3f-d87f-42dc-9b9d-4568dd026d85@group-6D99D335DBF7->48438861-3901-41c2-841c-a6894bcecd85-GrpcLogAppender-LogAppenderDaemon] WARN  server.GrpcLogAppender (GrpcLogAppender.java:mayWait(171)) - 6ff47f3f-d87f-42dc-9b9d-4568dd026d85@group-6D99D335DBF7->48438861-3901-41c2-841c-a6894bcecd85-GrpcLogAppender: Wait interrupted by java.lang.InterruptedException
2022-10-16 13:15:24,098 [6ff47f3f-d87f-42dc-9b9d-4568dd026d85@group-6D99D335DBF7->e49c2e86-d777-4cdf-94d6-56177341a9ef-GrpcLogAppender-LogAppenderDaemon] WARN  server.GrpcLogAppender (GrpcLogAppender.java:mayWait(171)) - 6ff47f3f-d87f-42dc-9b9d-4568dd026d85@group-6D99D335DBF7->e49c2e86-d777-4cdf-94d6-56177341a9ef-GrpcLogAppender: Wait interrupted by java.lang.InterruptedException
2022-10-16 13:15:24,098 [ForkJoinPool.commonPool-worker-0] INFO  impl.PendingRequests (PendingRequests.java:sendNotLeaderResponses(282)) - 6ff47f3f-d87f-42dc-9b9d-4568dd026d85@group-6D99D335DBF7-PendingRequests: sendNotLeaderResponses
2022-10-16 13:15:24,098 [grpc-default-executor-1] INFO  server.GrpcServerProtocolService (GrpcServerProtocolService.java:onCompleted(140)) - e49c2e86-d777-4cdf-94d6-56177341a9ef: Completed APPEND_ENTRIES, lastRequest: 6ff47f3f-d87f-42dc-9b9d-4568dd026d85->e49c2e86-d777-4cdf-94d6-56177341a9ef#218-t5,previous=(t:5, i:9),leaderCommit=9,initializing? true,entries: size=1, first=(t:5, i:10), METADATAENTRY(c:9)
2022-10-16 13:15:24,099 [grpc-default-executor-0] INFO  server.GrpcLogAppender (GrpcLogAppender.java:onCompleted(339)) - 6ff47f3f-d87f-42dc-9b9d-4568dd026d85@group-6D99D335DBF7->e49c2e86-d777-4cdf-94d6-56177341a9ef-AppendLogResponseHandler: follower responses appendEntries COMPLETED
2022-10-16 13:15:24,100 [grpc-default-executor-0] INFO  leader.FollowerInfo (FollowerInfoImpl.java:lambda$new$0(48)) - 6ff47f3f-d87f-42dc-9b9d-4568dd026d85@group-6D99D335DBF7->e49c2e86-d777-4cdf-94d6-56177341a9ef: nextIndex: updateUnconditionally 11 -> 10
2022-10-16 13:15:24,100 [Listener at 127.0.0.1/37791] INFO  impl.PendingRequests (PendingRequests.java:sendNotLeaderResponses(282)) - e49c2e86-d777-4cdf-94d6-56177341a9ef@group-F7874B355057-PendingRequests: sendNotLeaderResponses
2022-10-16 13:15:24,101 [e49c2e86-d777-4cdf-94d6-56177341a9ef@group-F7874B355057-StateMachineUpdater] INFO  ratis.ContainerStateMachine (ContainerStateMachine.java:takeSnapshot(304)) - group-F7874B355057: Taking a snapshot at:(t:1, i:0) file /home/runner/work/ozone/ozone/hadoop-ozone/integration-test/target/test-dir/MiniOzoneClusterImpl-1260e40a-66d4-47e7-b895-29d827f4fcd0/datanode-2/data/ratis/3d4020c1-39db-46f6-bca8-f7874b355057/sm/snapshot.1_0
2022-10-16 13:15:24,101 [Listener at 127.0.0.1/37791] INFO  impl.StateMachineUpdater (StateMachineUpdater.java:stopAndJoin(153)) - e49c2e86-d777-4cdf-94d6-56177341a9ef@group-F7874B355057-StateMachineUpdater: set stopIndex = 0
2022-10-16 13:15:24,103 [e49c2e86-d777-4cdf-94d6-56177341a9ef@group-F7874B355057-StateMachineUpdater] INFO  ratis.ContainerStateMachine (ContainerStateMachine.java:takeSnapshot(315)) - group-F7874B355057: Finished taking a snapshot at:(t:1, i:0) file:/home/runner/work/ozone/ozone/hadoop-ozone/integration-test/target/test-dir/MiniOzoneClusterImpl-1260e40a-66d4-47e7-b895-29d827f4fcd0/datanode-2/data/ratis/3d4020c1-39db-46f6-bca8-f7874b355057/sm/snapshot.1_0 took: 0 ms
2022-10-16 13:15:24,104 [e49c2e86-d777-4cdf-94d6-56177341a9ef@group-F7874B355057-StateMachineUpdater] INFO  impl.StateMachineUpdater (StateMachineUpdater.java:takeSnapshot(287)) - e49c2e86-d777-4cdf-94d6-56177341a9ef@group-F7874B355057-StateMachineUpdater: Took a snapshot at index 0
2022-10-16 13:15:24,104 [e49c2e86-d777-4cdf-94d6-56177341a9ef@group-F7874B355057-StateMachineUpdater] INFO  impl.StateMachineUpdater (StateMachineUpdater.java:lambda$new$0(92)) - e49c2e86-d777-4cdf-94d6-56177341a9ef@group-F7874B355057-StateMachineUpdater: snapshotIndex: updateIncreasingly -1 -> 0
2022-10-16 13:15:24,104 [ForkJoinPool.commonPool-worker-0] INFO  impl.StateMachineUpdater (StateMachineUpdater.java:stopAndJoin(153)) - 6ff47f3f-d87f-42dc-9b9d-4568dd026d85@group-6D99D335DBF7-StateMachineUpdater: set stopIndex = 10
2022-10-16 13:15:24,105 [Listener at 127.0.0.1/37791] INFO  server.RaftServer$Division (ServerState.java:close(429)) - e49c2e86-d777-4cdf-94d6-56177341a9ef@group-F7874B355057: closes. applyIndex: 0
2022-10-16 13:15:24,112 [e49c2e86-d777-4cdf-94d6-56177341a9ef@group-F7874B355057-SegmentedRaftLogWorker] INFO  segmented.SegmentedRaftLogWorker (SegmentedRaftLogWorker.java:run(336)) - e49c2e86-d777-4cdf-94d6-56177341a9ef@group-F7874B355057-SegmentedRaftLogWorker was interrupted, exiting. There are 0 tasks remaining in the queue.
2022-10-16 13:15:24,105 [6ff47f3f-d87f-42dc-9b9d-4568dd026d85@group-6D99D335DBF7-StateMachineUpdater] INFO  ratis.ContainerStateMachine (ContainerStateMachine.java:takeSnapshot(304)) - group-6D99D335DBF7: Taking a snapshot at:(t:5, i:10) file /home/runner/work/ozone/ozone/hadoop-ozone/integration-test/target/test-dir/MiniOzoneClusterImpl-1260e40a-66d4-47e7-b895-29d827f4fcd0/datanode-1/data/ratis/e7c045af-1790-48c2-bcba-6d99d335dbf7/sm/snapshot.5_10
2022-10-16 13:15:24,112 [Listener at 127.0.0.1/37791] INFO  segmented.SegmentedRaftLogWorker (SegmentedRaftLogWorker.java:close(246)) - e49c2e86-d777-4cdf-94d6-56177341a9ef@group-F7874B355057-SegmentedRaftLogWorker close()
2022-10-16 13:15:24,113 [6ff47f3f-d87f-42dc-9b9d-4568dd026d85@group-6D99D335DBF7-StateMachineUpdater] INFO  ratis.ContainerStateMachine (ContainerStateMachine.java:takeSnapshot(315)) - group-6D99D335DBF7: Finished taking a snapshot at:(t:5, i:10) file:/home/runner/work/ozone/ozone/hadoop-ozone/integration-test/target/test-dir/MiniOzoneClusterImpl-1260e40a-66d4-47e7-b895-29d827f4fcd0/datanode-1/data/ratis/e7c045af-1790-48c2-bcba-6d99d335dbf7/sm/snapshot.5_10 took: 7 ms
2022-10-16 13:15:24,113 [6ff47f3f-d87f-42dc-9b9d-4568dd026d85@group-6D99D335DBF7-StateMachineUpdater] INFO  impl.StateMachineUpdater (StateMachineUpdater.java:takeSnapshot(287)) - 6ff47f3f-d87f-42dc-9b9d-4568dd026d85@group-6D99D335DBF7-StateMachineUpdater: Took a snapshot at index 10
2022-10-16 13:15:24,113 [6ff47f3f-d87f-42dc-9b9d-4568dd026d85@group-6D99D335DBF7-StateMachineUpdater] INFO  impl.StateMachineUpdater (StateMachineUpdater.java:lambda$new$0(92)) - 6ff47f3f-d87f-42dc-9b9d-4568dd026d85@group-6D99D335DBF7-StateMachineUpdater: snapshotIndex: updateIncreasingly -1 -> 10
2022-10-16 13:15:24,113 [ForkJoinPool.commonPool-worker-0] INFO  server.RaftServer$Division (ServerState.java:close(429)) - 6ff47f3f-d87f-42dc-9b9d-4568dd026d85@group-6D99D335DBF7: closes. applyIndex: 10
2022-10-16 13:15:24,113 [6ff47f3f-d87f-42dc-9b9d-4568dd026d85@group-6D99D335DBF7-SegmentedRaftLogWorker] INFO  segmented.SegmentedRaftLogWorker (SegmentedRaftLogWorker.java:run(336)) - 6ff47f3f-d87f-42dc-9b9d-4568dd026d85@group-6D99D335DBF7-SegmentedRaftLogWorker was interrupted, exiting. There are 0 tasks remaining in the queue.
2022-10-16 13:15:24,113 [Listener at 127.0.0.1/37791] INFO  server.RaftServer$Division (RaftServerImpl.java:lambda$close$4(434)) - e49c2e86-d777-4cdf-94d6-56177341a9ef@group-6D99D335DBF7: shutdown
2022-10-16 13:15:24,113 [ForkJoinPool.commonPool-worker-0] INFO  segmented.SegmentedRaftLogWorker (SegmentedRaftLogWorker.java:close(246)) - 6ff47f3f-d87f-42dc-9b9d-4568dd026d85@group-6D99D335DBF7-SegmentedRaftLogWorker close()
2022-10-16 13:15:24,114 [Listener at 127.0.0.1/37791] INFO  util.JmxRegister (JmxRegister.java:unregister(73)) - Successfully un-registered JMX Bean with object name Ratis:service=RaftServer,group=group-6D99D335DBF7,id=e49c2e86-d777-4cdf-94d6-56177341a9ef
2022-10-16 13:15:24,114 [Listener at 127.0.0.1/37791] INFO  impl.RoleInfo (RoleInfo.java:shutdownFollowerState(110)) - e49c2e86-d777-4cdf-94d6-56177341a9ef: shutdown e49c2e86-d777-4cdf-94d6-56177341a9ef@group-6D99D335DBF7-FollowerState
2022-10-16 13:15:24,114 [ForkJoinPool.commonPool-worker-0] INFO  server.GrpcService (GrpcService.java:closeImpl(269)) - 6ff47f3f-d87f-42dc-9b9d-4568dd026d85: shutdown server with port 42999 now
2022-10-16 13:15:24,115 [Listener at 127.0.0.1/37791] INFO  impl.StateMachineUpdater (StateMachineUpdater.java:stopAndJoin(153)) - e49c2e86-d777-4cdf-94d6-56177341a9ef@group-6D99D335DBF7-StateMachineUpdater: set stopIndex = 9
2022-10-16 13:15:24,115 [e49c2e86-d777-4cdf-94d6-56177341a9ef@group-6D99D335DBF7-FollowerState] INFO  impl.FollowerState (FollowerState.java:run(152)) - e49c2e86-d777-4cdf-94d6-56177341a9ef@group-6D99D335DBF7-FollowerState was interrupted
2022-10-16 13:15:24,115 [e49c2e86-d777-4cdf-94d6-56177341a9ef@group-6D99D335DBF7-StateMachineUpdater] INFO  ratis.ContainerStateMachine (ContainerStateMachine.java:takeSnapshot(304)) - group-6D99D335DBF7: Taking a snapshot at:(t:5, i:9) file /home/runner/work/ozone/ozone/hadoop-ozone/integration-test/target/test-dir/MiniOzoneClusterImpl-1260e40a-66d4-47e7-b895-29d827f4fcd0/datanode-2/data/ratis/e7c045af-1790-48c2-bcba-6d99d335dbf7/sm/snapshot.5_9
2022-10-16 13:15:24,117 [e49c2e86-d777-4cdf-94d6-56177341a9ef@group-6D99D335DBF7-StateMachineUpdater] INFO  ratis.ContainerStateMachine (ContainerStateMachine.java:takeSnapshot(315)) - group-6D99D335DBF7: Finished taking a snapshot at:(t:5, i:9) file:/home/runner/work/ozone/ozone/hadoop-ozone/integration-test/target/test-dir/MiniOzoneClusterImpl-1260e40a-66d4-47e7-b895-29d827f4fcd0/datanode-2/data/ratis/e7c045af-1790-48c2-bcba-6d99d335dbf7/sm/snapshot.5_9 took: 2 ms
2022-10-16 13:15:24,117 [e49c2e86-d777-4cdf-94d6-56177341a9ef@group-6D99D335DBF7-StateMachineUpdater] INFO  impl.StateMachineUpdater (StateMachineUpdater.java:takeSnapshot(287)) - e49c2e86-d777-4cdf-94d6-56177341a9ef@group-6D99D335DBF7-StateMachineUpdater: Took a snapshot at index 9
2022-10-16 13:15:24,117 [e49c2e86-d777-4cdf-94d6-56177341a9ef@group-6D99D335DBF7-StateMachineUpdater] INFO  impl.StateMachineUpdater (StateMachineUpdater.java:lambda$new$0(92)) - e49c2e86-d777-4cdf-94d6-56177341a9ef@group-6D99D335DBF7-StateMachineUpdater: snapshotIndex: updateIncreasingly -1 -> 9
2022-10-16 13:15:24,120 [Listener at 127.0.0.1/37791] INFO  server.RaftServer$Division (ServerState.java:close(429)) - e49c2e86-d777-4cdf-94d6-56177341a9ef@group-6D99D335DBF7: closes. applyIndex: 9
2022-10-16 13:15:24,120 [e49c2e86-d777-4cdf-94d6-56177341a9ef@group-6D99D335DBF7-SegmentedRaftLogWorker] INFO  segmented.SegmentedRaftLogWorker (SegmentedRaftLogWorker.java:run(336)) - e49c2e86-d777-4cdf-94d6-56177341a9ef@group-6D99D335DBF7-SegmentedRaftLogWorker was interrupted, exiting. There are 0 tasks remaining in the queue.
2022-10-16 13:15:24,120 [Listener at 127.0.0.1/37791] INFO  segmented.SegmentedRaftLogWorker (SegmentedRaftLogWorker.java:close(246)) - e49c2e86-d777-4cdf-94d6-56177341a9ef@group-6D99D335DBF7-SegmentedRaftLogWorker close()
2022-10-16 13:15:24,121 [ForkJoinPool.commonPool-worker-0] INFO  server.GrpcService (GrpcService.java:closeImpl(278)) - 6ff47f3f-d87f-42dc-9b9d-4568dd026d85: shutdown server with port 42999 successfully
2022-10-16 13:15:24,121 [org.apache.ratis.util.JvmPauseMonitor$$Lambda$639/339294883@50e9659a] INFO  util.JvmPauseMonitor (JvmPauseMonitor.java:run(109)) - JvmPauseMonitor-6ff47f3f-d87f-42dc-9b9d-4568dd026d85: Stopped
2022-10-16 13:15:24,121 [Listener at 127.0.0.1/37791] INFO  server.GrpcService (GrpcService.java:closeImpl(269)) - e49c2e86-d777-4cdf-94d6-56177341a9ef: shutdown server with port 37353 now
2022-10-16 13:15:24,124 [Listener at 127.0.0.1/37791] INFO  server.GrpcService (GrpcService.java:closeImpl(278)) - e49c2e86-d777-4cdf-94d6-56177341a9ef: shutdown server with port 37353 successfully
2022-10-16 13:15:24,124 [org.apache.ratis.util.JvmPauseMonitor$$Lambda$639/339294883@6a19afe4] INFO  util.JvmPauseMonitor (JvmPauseMonitor.java:run(109)) - JvmPauseMonitor-e49c2e86-d777-4cdf-94d6-56177341a9ef: Stopped
2022-10-16 13:15:24,325 [ReplicationMonitor] INFO  replication.ReplicationManager (ReplicationManager.java:processAll(324)) - Replication Monitor Thread took 0 milliseconds for processing 1 containers.
2022-10-16 13:15:24,882 [EventQueue-StaleNodeForStaleNodeHandler] INFO  node.StaleNodeHandler (StaleNodeHandler.java:onMessage(59)) - Datanode 48438861-3901-41c2-841c-a6894bcecd85{ip: 10.1.0.60, host: fv-az308-250.etcbaq1qs54eplwmrjlabigyle.cx.internal.cloudapp.net, ports: [REPLICATION=39613, RATIS=38415, RATIS_ADMIN=38415, RATIS_SERVER=38415, STANDALONE=43943], networkLocation: /default-rack, certSerialId: null, persistedOpState: IN_SERVICE, persistedOpStateExpiryEpochSec: 0} moved to stale state. Finalizing its pipelines [PipelineID=e23ea0e2-8f73-4371-a038-fbbb64c110bb, PipelineID=e7c045af-1790-48c2-bcba-6d99d335dbf7]
2022-10-16 13:15:24,882 [EventQueue-StaleNodeForStaleNodeHandler] INFO  pipeline.PipelineManagerImpl (PipelineManagerImpl.java:closePipeline(442)) - Pipeline Pipeline[ Id: e23ea0e2-8f73-4371-a038-fbbb64c110bb, Nodes: 48438861-3901-41c2-841c-a6894bcecd85{ip: 10.1.0.60, host: fv-az308-250.etcbaq1qs54eplwmrjlabigyle.cx.internal.cloudapp.net, ports: [REPLICATION=39613, RATIS=38415, RATIS_ADMIN=38415, RATIS_SERVER=38415, STANDALONE=43943], networkLocation: /default-rack, certSerialId: null, persistedOpState: IN_SERVICE, persistedOpStateExpiryEpochSec: 0}, ReplicationConfig: RATIS/ONE, State:OPEN, leaderId:48438861-3901-41c2-841c-a6894bcecd85, CreationTimestamp2022-10-16T13:14:50.400Z[Etc/UTC]] moved to CLOSED state
2022-10-16 13:15:24,883 [EventQueue-StaleNodeForStaleNodeHandler] INFO  pipeline.PipelineManagerImpl (PipelineManagerImpl.java:closePipeline(442)) - Pipeline Pipeline[ Id: e7c045af-1790-48c2-bcba-6d99d335dbf7, Nodes: 48438861-3901-41c2-841c-a6894bcecd85{ip: 10.1.0.60, host: fv-az308-250.etcbaq1qs54eplwmrjlabigyle.cx.internal.cloudapp.net, ports: [REPLICATION=39613, RATIS=38415, RATIS_ADMIN=38415, RATIS_SERVER=38415, STANDALONE=43943], networkLocation: /default-rack, certSerialId: null, persistedOpState: IN_SERVICE, persistedOpStateExpiryEpochSec: 0}6ff47f3f-d87f-42dc-9b9d-4568dd026d85{ip: 10.1.0.60, host: fv-az308-250.etcbaq1qs54eplwmrjlabigyle.cx.internal.cloudapp.net, ports: [REPLICATION=43397, RATIS=42999, RATIS_ADMIN=42999, RATIS_SERVER=42999, STANDALONE=45749], networkLocation: /default-rack, certSerialId: null, persistedOpState: IN_SERVICE, persistedOpStateExpiryEpochSec: 0}e49c2e86-d777-4cdf-94d6-56177341a9ef{ip: 10.1.0.60, host: fv-az308-250.etcbaq1qs54eplwmrjlabigyle.cx.internal.cloudapp.net, ports: [REPLICATION=38455, RATIS=37353, RATIS_ADMIN=37353, RATIS_SERVER=37353, STANDALONE=35831], networkLocation: /default-rack, certSerialId: null, persistedOpState: IN_SERVICE, persistedOpStateExpiryEpochSec: 0}, ReplicationConfig: RATIS/THREE, State:OPEN, leaderId:6ff47f3f-d87f-42dc-9b9d-4568dd026d85, CreationTimestamp2022-10-16T13:14:51.011Z[Etc/UTC]] moved to CLOSED state
2022-10-16 13:15:25,082 [ReplicationMonitor] INFO  replication.ReplicationManager (ReplicationManager.java:processAll(324)) - Replication Monitor Thread took 0 milliseconds for processing 7 containers.
2022-10-16 13:15:25,325 [ReplicationMonitor] INFO  replication.ReplicationManager (ReplicationManager.java:processAll(324)) - Replication Monitor Thread took 1 milliseconds for processing 1 containers.
2022-10-16 13:15:26,083 [ReplicationMonitor] INFO  replication.ReplicationManager (ReplicationManager.java:processAll(324)) - Replication Monitor Thread took 1 milliseconds for processing 7 containers.
2022-10-16 13:15:26,131 [ForkJoinPool.commonPool-worker-0] INFO  utils.BackgroundService (BackgroundService.java:shutdown(141)) - Shutting down service BlockDeletingService
2022-10-16 13:15:26,131 [ForkJoinPool.commonPool-worker-0] INFO  utils.BackgroundService (BackgroundService.java:shutdown(141)) - Shutting down service StaleRecoveringContainerScrubbingService
2022-10-16 13:15:26,132 [Listener at 127.0.0.1/37791] INFO  utils.BackgroundService (BackgroundService.java:shutdown(141)) - Shutting down service BlockDeletingService
2022-10-16 13:15:26,132 [Listener at 127.0.0.1/37791] INFO  utils.BackgroundService (BackgroundService.java:shutdown(141)) - Shutting down service StaleRecoveringContainerScrubbingService
2022-10-16 13:15:26,136 [ForkJoinPool.commonPool-worker-0] INFO  statemachine.DatanodeStateMachine (DatanodeStateMachine.java:stopDaemon(580)) - Ozone container server stopped.
2022-10-16 13:15:26,137 [Listener at 127.0.0.1/37791] INFO  statemachine.DatanodeStateMachine (DatanodeStateMachine.java:stopDaemon(580)) - Ozone container server stopped.
2022-10-16 13:15:26,148 [Listener at 127.0.0.1/37791] INFO  handler.ContextHandler (ContextHandler.java:doStop(1153)) - Stopped o.e.j.w.WebAppContext@2dbe4260{hddsDatanode,/,null,STOPPED}{jar:file:/home/runner/.m2/repository/org/apache/ozone/hdds-container-service/1.3.0-SNAPSHOT/hdds-container-service-1.3.0-SNAPSHOT.jar!/webapps/hddsDatanode}
2022-10-16 13:15:26,149 [ForkJoinPool.commonPool-worker-0] INFO  handler.ContextHandler (ContextHandler.java:doStop(1153)) - Stopped o.e.j.w.WebAppContext@3a4a2ad2{hddsDatanode,/,null,STOPPED}{jar:file:/home/runner/.m2/repository/org/apache/ozone/hdds-container-service/1.3.0-SNAPSHOT/hdds-container-service-1.3.0-SNAPSHOT.jar!/webapps/hddsDatanode}
2022-10-16 13:15:26,149 [ForkJoinPool.commonPool-worker-0] INFO  server.AbstractConnector (AbstractConnector.java:doStop(381)) - Stopped ServerConnector@4acfcb98{HTTP/1.1, (http/1.1)}{0.0.0.0:0}
2022-10-16 13:15:26,149 [ForkJoinPool.commonPool-worker-0] INFO  server.session (HouseKeeper.java:stopScavenging(149)) - node0 Stopped scavenging
2022-10-16 13:15:26,150 [Listener at 127.0.0.1/37791] INFO  server.AbstractConnector (AbstractConnector.java:doStop(381)) - Stopped ServerConnector@428ee15b{HTTP/1.1, (http/1.1)}{0.0.0.0:0}
2022-10-16 13:15:26,150 [Listener at 127.0.0.1/37791] INFO  server.session (HouseKeeper.java:stopScavenging(149)) - node0 Stopped scavenging
2022-10-16 13:15:26,150 [Listener at 127.0.0.1/37791] INFO  handler.ContextHandler (ContextHandler.java:doStop(1153)) - Stopped o.e.j.s.ServletContextHandler@720fba3b{static,/static,jar:file:/home/runner/.m2/repository/org/apache/ozone/hdds-container-service/1.3.0-SNAPSHOT/hdds-container-service-1.3.0-SNAPSHOT.jar!/webapps/static,STOPPED}
2022-10-16 13:15:26,151 [Listener at 127.0.0.1/37791] INFO  handler.ContextHandler (ContextHandler.java:doStop(1153)) - Stopped o.e.j.s.ServletContextHandler@175e6078{logs,/logs,file:///home/runner/work/ozone/ozone/hadoop-ozone/integration-test/target/log,STOPPED}
2022-10-16 13:15:26,152 [ForkJoinPool.commonPool-worker-0] INFO  handler.ContextHandler (ContextHandler.java:doStop(1153)) - Stopped o.e.j.s.ServletContextHandler@2b51ab37{static,/static,jar:file:/home/runner/.m2/repository/org/apache/ozone/hdds-container-service/1.3.0-SNAPSHOT/hdds-container-service-1.3.0-SNAPSHOT.jar!/webapps/static,STOPPED}
2022-10-16 13:15:26,153 [ForkJoinPool.commonPool-worker-0] INFO  handler.ContextHandler (ContextHandler.java:doStop(1153)) - Stopped o.e.j.s.ServletContextHandler@78afc70b{logs,/logs,file:///home/runner/work/ozone/ozone/hadoop-ozone/integration-test/target/log,STOPPED}
2022-10-16 13:15:26,158 [ForkJoinPool.commonPool-worker-0] INFO  ozoneimpl.OzoneContainer (OzoneContainer.java:stop(400)) - Attempting to stop container services.
2022-10-16 13:15:26,158 [ForkJoinPool.commonPool-worker-0] INFO  server.RaftServer (RaftServerProxy.java:lambda$close$7(398)) - 8d79e7e8-c2f6-4eb1-a315-880b099444cd: close
2022-10-16 13:15:26,158 [ForkJoinPool.commonPool-worker-0] INFO  server.RaftServer$Division (RaftServerImpl.java:lambda$close$4(434)) - 8d79e7e8-c2f6-4eb1-a315-880b099444cd@group-8AC5794793BA: shutdown
2022-10-16 13:15:26,158 [ForkJoinPool.commonPool-worker-0] INFO  util.JmxRegister (JmxRegister.java:unregister(73)) - Successfully un-registered JMX Bean with object name Ratis:service=RaftServer,group=group-8AC5794793BA,id=8d79e7e8-c2f6-4eb1-a315-880b099444cd
2022-10-16 13:15:26,158 [ForkJoinPool.commonPool-worker-0] INFO  impl.RoleInfo (RoleInfo.java:shutdownLeaderState(93)) - 8d79e7e8-c2f6-4eb1-a315-880b099444cd: shutdown 8d79e7e8-c2f6-4eb1-a315-880b099444cd@group-8AC5794793BA-LeaderStateImpl
2022-10-16 13:15:26,159 [ForkJoinPool.commonPool-worker-0] INFO  impl.PendingRequests (PendingRequests.java:sendNotLeaderResponses(282)) - 8d79e7e8-c2f6-4eb1-a315-880b099444cd@group-8AC5794793BA-PendingRequests: sendNotLeaderResponses
2022-10-16 13:15:26,159 [ForkJoinPool.commonPool-worker-0] INFO  impl.StateMachineUpdater (StateMachineUpdater.java:stopAndJoin(153)) - 8d79e7e8-c2f6-4eb1-a315-880b099444cd@group-8AC5794793BA-StateMachineUpdater: set stopIndex = 0
2022-10-16 13:15:26,159 [8d79e7e8-c2f6-4eb1-a315-880b099444cd@group-8AC5794793BA-StateMachineUpdater] INFO  ratis.ContainerStateMachine (ContainerStateMachine.java:takeSnapshot(304)) - group-8AC5794793BA: Taking a snapshot at:(t:1, i:0) file /home/runner/work/ozone/ozone/hadoop-ozone/integration-test/target/test-dir/MiniOzoneClusterImpl-1260e40a-66d4-47e7-b895-29d827f4fcd0/datanode-4/data/ratis/4d07a0d0-1287-4001-b3a6-8ac5794793ba/sm/snapshot.1_0
2022-10-16 13:15:26,160 [Listener at 127.0.0.1/37791] INFO  ozoneimpl.OzoneContainer (OzoneContainer.java:stop(400)) - Attempting to stop container services.
2022-10-16 13:15:26,161 [Listener at 127.0.0.1/37791] INFO  server.RaftServer (RaftServerProxy.java:lambda$close$7(398)) - 7704b6cf-04ea-412c-9988-60e4a7617a5b: close
2022-10-16 13:15:26,161 [Listener at 127.0.0.1/37791] INFO  server.RaftServer$Division (RaftServerImpl.java:lambda$close$4(434)) - 7704b6cf-04ea-412c-9988-60e4a7617a5b@group-5A52921969D5: shutdown
2022-10-16 13:15:26,161 [Listener at 127.0.0.1/37791] INFO  util.JmxRegister (JmxRegister.java:unregister(73)) - Successfully un-registered JMX Bean with object name Ratis:service=RaftServer,group=group-5A52921969D5,id=7704b6cf-04ea-412c-9988-60e4a7617a5b
2022-10-16 13:15:26,163 [Listener at 127.0.0.1/37791] INFO  impl.RoleInfo (RoleInfo.java:shutdownLeaderState(93)) - 7704b6cf-04ea-412c-9988-60e4a7617a5b: shutdown 7704b6cf-04ea-412c-9988-60e4a7617a5b@group-5A52921969D5-LeaderStateImpl
2022-10-16 13:15:26,163 [Listener at 127.0.0.1/37791] INFO  impl.PendingRequests (PendingRequests.java:sendNotLeaderResponses(282)) - 7704b6cf-04ea-412c-9988-60e4a7617a5b@group-5A52921969D5-PendingRequests: sendNotLeaderResponses
2022-10-16 13:15:26,164 [7704b6cf-04ea-412c-9988-60e4a7617a5b@group-5A52921969D5-StateMachineUpdater] INFO  ratis.ContainerStateMachine (ContainerStateMachine.java:takeSnapshot(304)) - group-5A52921969D5: Taking a snapshot at:(t:1, i:0) file /home/runner/work/ozone/ozone/hadoop-ozone/integration-test/target/test-dir/MiniOzoneClusterImpl-1260e40a-66d4-47e7-b895-29d827f4fcd0/datanode-3/data/ratis/989d4264-0e1d-4dc6-bef1-5a52921969d5/sm/snapshot.1_0
2022-10-16 13:15:26,164 [Listener at 127.0.0.1/37791] INFO  impl.StateMachineUpdater (StateMachineUpdater.java:stopAndJoin(153)) - 7704b6cf-04ea-412c-9988-60e4a7617a5b@group-5A52921969D5-StateMachineUpdater: set stopIndex = 0
2022-10-16 13:15:26,168 [8d79e7e8-c2f6-4eb1-a315-880b099444cd@group-8AC5794793BA-StateMachineUpdater] INFO  ratis.ContainerStateMachine (ContainerStateMachine.java:takeSnapshot(315)) - group-8AC5794793BA: Finished taking a snapshot at:(t:1, i:0) file:/home/runner/work/ozone/ozone/hadoop-ozone/integration-test/target/test-dir/MiniOzoneClusterImpl-1260e40a-66d4-47e7-b895-29d827f4fcd0/datanode-4/data/ratis/4d07a0d0-1287-4001-b3a6-8ac5794793ba/sm/snapshot.1_0 took: 9 ms
2022-10-16 13:15:26,168 [8d79e7e8-c2f6-4eb1-a315-880b099444cd@group-8AC5794793BA-StateMachineUpdater] INFO  impl.StateMachineUpdater (StateMachineUpdater.java:takeSnapshot(287)) - 8d79e7e8-c2f6-4eb1-a315-880b099444cd@group-8AC5794793BA-StateMachineUpdater: Took a snapshot at index 0
2022-10-16 13:15:26,168 [7704b6cf-04ea-412c-9988-60e4a7617a5b@group-5A52921969D5-StateMachineUpdater] INFO  ratis.ContainerStateMachine (ContainerStateMachine.java:takeSnapshot(315)) - group-5A52921969D5: Finished taking a snapshot at:(t:1, i:0) file:/home/runner/work/ozone/ozone/hadoop-ozone/integration-test/target/test-dir/MiniOzoneClusterImpl-1260e40a-66d4-47e7-b895-29d827f4fcd0/datanode-3/data/ratis/989d4264-0e1d-4dc6-bef1-5a52921969d5/sm/snapshot.1_0 took: 5 ms
2022-10-16 13:15:26,168 [8d79e7e8-c2f6-4eb1-a315-880b099444cd@group-8AC5794793BA-StateMachineUpdater] INFO  impl.StateMachineUpdater (StateMachineUpdater.java:lambda$new$0(92)) - 8d79e7e8-c2f6-4eb1-a315-880b099444cd@group-8AC5794793BA-StateMachineUpdater: snapshotIndex: updateIncreasingly -1 -> 0
2022-10-16 13:15:26,168 [7704b6cf-04ea-412c-9988-60e4a7617a5b@group-5A52921969D5-StateMachineUpdater] INFO  impl.StateMachineUpdater (StateMachineUpdater.java:takeSnapshot(287)) - 7704b6cf-04ea-412c-9988-60e4a7617a5b@group-5A52921969D5-StateMachineUpdater: Took a snapshot at index 0
2022-10-16 13:15:26,168 [7704b6cf-04ea-412c-9988-60e4a7617a5b@group-5A52921969D5-StateMachineUpdater] INFO  impl.StateMachineUpdater (StateMachineUpdater.java:lambda$new$0(92)) - 7704b6cf-04ea-412c-9988-60e4a7617a5b@group-5A52921969D5-StateMachineUpdater: snapshotIndex: updateIncreasingly -1 -> 0
2022-10-16 13:15:26,169 [Listener at 127.0.0.1/37791] INFO  server.RaftServer$Division (ServerState.java:close(429)) - 7704b6cf-04ea-412c-9988-60e4a7617a5b@group-5A52921969D5: closes. applyIndex: 0
2022-10-16 13:15:26,169 [ForkJoinPool.commonPool-worker-0] INFO  server.RaftServer$Division (ServerState.java:close(429)) - 8d79e7e8-c2f6-4eb1-a315-880b099444cd@group-8AC5794793BA: closes. applyIndex: 0
2022-10-16 13:15:26,169 [7704b6cf-04ea-412c-9988-60e4a7617a5b@group-5A52921969D5-SegmentedRaftLogWorker] INFO  segmented.SegmentedRaftLogWorker (SegmentedRaftLogWorker.java:run(336)) - 7704b6cf-04ea-412c-9988-60e4a7617a5b@group-5A52921969D5-SegmentedRaftLogWorker was interrupted, exiting. There are 0 tasks remaining in the queue.
2022-10-16 13:15:26,169 [8d79e7e8-c2f6-4eb1-a315-880b099444cd@group-8AC5794793BA-SegmentedRaftLogWorker] INFO  segmented.SegmentedRaftLogWorker (SegmentedRaftLogWorker.java:run(336)) - 8d79e7e8-c2f6-4eb1-a315-880b099444cd@group-8AC5794793BA-SegmentedRaftLogWorker was interrupted, exiting. There are 0 tasks remaining in the queue.
2022-10-16 13:15:26,169 [Listener at 127.0.0.1/37791] INFO  segmented.SegmentedRaftLogWorker (SegmentedRaftLogWorker.java:close(246)) - 7704b6cf-04ea-412c-9988-60e4a7617a5b@group-5A52921969D5-SegmentedRaftLogWorker close()
2022-10-16 13:15:26,169 [ForkJoinPool.commonPool-worker-0] INFO  segmented.SegmentedRaftLogWorker (SegmentedRaftLogWorker.java:close(246)) - 8d79e7e8-c2f6-4eb1-a315-880b099444cd@group-8AC5794793BA-SegmentedRaftLogWorker close()
2022-10-16 13:15:26,170 [ForkJoinPool.commonPool-worker-0] INFO  server.GrpcService (GrpcService.java:closeImpl(269)) - 8d79e7e8-c2f6-4eb1-a315-880b099444cd: shutdown server with port 34385 now
2022-10-16 13:15:26,171 [Listener at 127.0.0.1/37791] INFO  server.GrpcService (GrpcService.java:closeImpl(269)) - 7704b6cf-04ea-412c-9988-60e4a7617a5b: shutdown server with port 39033 now
2022-10-16 13:15:26,171 [ForkJoinPool.commonPool-worker-0] INFO  server.GrpcService (GrpcService.java:closeImpl(278)) - 8d79e7e8-c2f6-4eb1-a315-880b099444cd: shutdown server with port 34385 successfully
2022-10-16 13:15:26,172 [org.apache.ratis.util.JvmPauseMonitor$$Lambda$639/339294883@56157668] INFO  util.JvmPauseMonitor (JvmPauseMonitor.java:run(109)) - JvmPauseMonitor-8d79e7e8-c2f6-4eb1-a315-880b099444cd: Stopped
2022-10-16 13:15:26,173 [Listener at 127.0.0.1/37791] INFO  server.GrpcService (GrpcService.java:closeImpl(278)) - 7704b6cf-04ea-412c-9988-60e4a7617a5b: shutdown server with port 39033 successfully
2022-10-16 13:15:26,173 [org.apache.ratis.util.JvmPauseMonitor$$Lambda$639/339294883@55e62ce7] INFO  util.JvmPauseMonitor (JvmPauseMonitor.java:run(109)) - JvmPauseMonitor-7704b6cf-04ea-412c-9988-60e4a7617a5b: Stopped
2022-10-16 13:15:26,326 [ReplicationMonitor] INFO  replication.ReplicationManager (ReplicationManager.java:processAll(324)) - Replication Monitor Thread took 0 milliseconds for processing 1 containers.
2022-10-16 13:15:26,885 [EventQueue-StaleNodeForStaleNodeHandler] INFO  node.StaleNodeHandler (StaleNodeHandler.java:onMessage(59)) - Datanode 6ff47f3f-d87f-42dc-9b9d-4568dd026d85{ip: 10.1.0.60, host: fv-az308-250.etcbaq1qs54eplwmrjlabigyle.cx.internal.cloudapp.net, ports: [REPLICATION=43397, RATIS=42999, RATIS_ADMIN=42999, RATIS_SERVER=42999, STANDALONE=45749], networkLocation: /default-rack, certSerialId: null, persistedOpState: IN_SERVICE, persistedOpStateExpiryEpochSec: 0} moved to stale state. Finalizing its pipelines [PipelineID=57e8a5d9-5899-4d57-9014-c436125bffad, PipelineID=e7c045af-1790-48c2-bcba-6d99d335dbf7]
2022-10-16 13:15:26,886 [EventQueue-StaleNodeForStaleNodeHandler] INFO  pipeline.PipelineManagerImpl (PipelineManagerImpl.java:closePipeline(442)) - Pipeline Pipeline[ Id: 57e8a5d9-5899-4d57-9014-c436125bffad, Nodes: 6ff47f3f-d87f-42dc-9b9d-4568dd026d85{ip: 10.1.0.60, host: fv-az308-250.etcbaq1qs54eplwmrjlabigyle.cx.internal.cloudapp.net, ports: [REPLICATION=43397, RATIS=42999, RATIS_ADMIN=42999, RATIS_SERVER=42999, STANDALONE=45749], networkLocation: /default-rack, certSerialId: null, persistedOpState: IN_SERVICE, persistedOpStateExpiryEpochSec: 0}, ReplicationConfig: RATIS/ONE, State:OPEN, leaderId:6ff47f3f-d87f-42dc-9b9d-4568dd026d85, CreationTimestamp2022-10-16T13:14:50.709Z[Etc/UTC]] moved to CLOSED state
2022-10-16 13:15:26,886 [EventQueue-StaleNodeForStaleNodeHandler] INFO  node.StaleNodeHandler (StaleNodeHandler.java:onMessage(59)) - Datanode e49c2e86-d777-4cdf-94d6-56177341a9ef{ip: 10.1.0.60, host: fv-az308-250.etcbaq1qs54eplwmrjlabigyle.cx.internal.cloudapp.net, ports: [REPLICATION=38455, RATIS=37353, RATIS_ADMIN=37353, RATIS_SERVER=37353, STANDALONE=35831], networkLocation: /default-rack, certSerialId: null, persistedOpState: IN_SERVICE, persistedOpStateExpiryEpochSec: 0} moved to stale state. Finalizing its pipelines [PipelineID=3d4020c1-39db-46f6-bca8-f7874b355057, PipelineID=e7c045af-1790-48c2-bcba-6d99d335dbf7]
2022-10-16 13:15:26,886 [EventQueue-StaleNodeForStaleNodeHandler] INFO  pipeline.PipelineManagerImpl (PipelineManagerImpl.java:closePipeline(442)) - Pipeline Pipeline[ Id: 3d4020c1-39db-46f6-bca8-f7874b355057, Nodes: e49c2e86-d777-4cdf-94d6-56177341a9ef{ip: 10.1.0.60, host: fv-az308-250.etcbaq1qs54eplwmrjlabigyle.cx.internal.cloudapp.net, ports: [REPLICATION=38455, RATIS=37353, RATIS_ADMIN=37353, RATIS_SERVER=37353, STANDALONE=35831], networkLocation: /default-rack, certSerialId: null, persistedOpState: IN_SERVICE, persistedOpStateExpiryEpochSec: 0}, ReplicationConfig: RATIS/ONE, State:OPEN, leaderId:e49c2e86-d777-4cdf-94d6-56177341a9ef, CreationTimestamp2022-10-16T13:14:51.009Z[Etc/UTC]] moved to CLOSED state
2022-10-16 13:15:27,083 [ReplicationMonitor] INFO  replication.ReplicationManager (ReplicationManager.java:processAll(324)) - Replication Monitor Thread took 0 milliseconds for processing 7 containers.
2022-10-16 13:15:27,326 [ReplicationMonitor] INFO  replication.ReplicationManager (ReplicationManager.java:processAll(324)) - Replication Monitor Thread took 0 milliseconds for processing 1 containers.
2022-10-16 13:15:27,887 [EventQueue-DeadNodeForDeadNodeHandler] INFO  node.DeadNodeHandler (DeadNodeHandler.java:onMessage(81)) - A dead datanode is detected. 48438861-3901-41c2-841c-a6894bcecd85{ip: 10.1.0.60, host: fv-az308-250.etcbaq1qs54eplwmrjlabigyle.cx.internal.cloudapp.net, ports: [REPLICATION=39613, RATIS=38415, RATIS_ADMIN=38415, RATIS_SERVER=38415, STANDALONE=43943], networkLocation: /default-rack, certSerialId: null, persistedOpState: IN_SERVICE, persistedOpStateExpiryEpochSec: 0}
2022-10-16 13:15:27,888 [EventQueue-DeadNodeForDeadNodeHandler] INFO  pipeline.RatisPipelineProvider (RatisPipelineProvider.java:lambda$close$1(244)) - Send pipeline:PipelineID=e23ea0e2-8f73-4371-a038-fbbb64c110bb close command to datanode 48438861-3901-41c2-841c-a6894bcecd85
2022-10-16 13:15:27,889 [EventQueue-DeadNodeForDeadNodeHandler] INFO  pipeline.PipelineStateManagerImpl (PipelineStateManagerImpl.java:removePipeline(245)) - Pipeline Pipeline[ Id: e23ea0e2-8f73-4371-a038-fbbb64c110bb, Nodes: 48438861-3901-41c2-841c-a6894bcecd85{ip: 10.1.0.60, host: fv-az308-250.etcbaq1qs54eplwmrjlabigyle.cx.internal.cloudapp.net, ports: [REPLICATION=39613, RATIS=38415, RATIS_ADMIN=38415, RATIS_SERVER=38415, STANDALONE=43943], networkLocation: /default-rack, certSerialId: null, persistedOpState: IN_SERVICE, persistedOpStateExpiryEpochSec: 0}, ReplicationConfig: RATIS/ONE, State:CLOSED, leaderId:48438861-3901-41c2-841c-a6894bcecd85, CreationTimestamp2022-10-16T13:14:50.400Z[Etc/UTC]] removed.
2022-10-16 13:15:27,889 [EventQueue-DeadNodeForDeadNodeHandler] INFO  pipeline.RatisPipelineProvider (RatisPipelineProvider.java:lambda$close$1(244)) - Send pipeline:PipelineID=e7c045af-1790-48c2-bcba-6d99d335dbf7 close command to datanode 48438861-3901-41c2-841c-a6894bcecd85
2022-10-16 13:15:27,889 [EventQueue-DeadNodeForDeadNodeHandler] INFO  pipeline.RatisPipelineProvider (RatisPipelineProvider.java:lambda$close$1(244)) - Send pipeline:PipelineID=e7c045af-1790-48c2-bcba-6d99d335dbf7 close command to datanode 6ff47f3f-d87f-42dc-9b9d-4568dd026d85
2022-10-16 13:15:27,889 [EventQueue-DeadNodeForDeadNodeHandler] INFO  pipeline.RatisPipelineProvider (RatisPipelineProvider.java:lambda$close$1(244)) - Send pipeline:PipelineID=e7c045af-1790-48c2-bcba-6d99d335dbf7 close command to datanode e49c2e86-d777-4cdf-94d6-56177341a9ef
2022-10-16 13:15:27,889 [EventQueue-DeadNodeForDeadNodeHandler] INFO  pipeline.PipelineStateManagerImpl (PipelineStateManagerImpl.java:removePipeline(245)) - Pipeline Pipeline[ Id: e7c045af-1790-48c2-bcba-6d99d335dbf7, Nodes: 48438861-3901-41c2-841c-a6894bcecd85{ip: 10.1.0.60, host: fv-az308-250.etcbaq1qs54eplwmrjlabigyle.cx.internal.cloudapp.net, ports: [REPLICATION=39613, RATIS=38415, RATIS_ADMIN=38415, RATIS_SERVER=38415, STANDALONE=43943], networkLocation: /default-rack, certSerialId: null, persistedOpState: IN_SERVICE, persistedOpStateExpiryEpochSec: 0}6ff47f3f-d87f-42dc-9b9d-4568dd026d85{ip: 10.1.0.60, host: fv-az308-250.etcbaq1qs54eplwmrjlabigyle.cx.internal.cloudapp.net, ports: [REPLICATION=43397, RATIS=42999, RATIS_ADMIN=42999, RATIS_SERVER=42999, STANDALONE=45749], networkLocation: /default-rack, certSerialId: null, persistedOpState: IN_SERVICE, persistedOpStateExpiryEpochSec: 0}e49c2e86-d777-4cdf-94d6-56177341a9ef{ip: 10.1.0.60, host: fv-az308-250.etcbaq1qs54eplwmrjlabigyle.cx.internal.cloudapp.net, ports: [REPLICATION=38455, RATIS=37353, RATIS_ADMIN=37353, RATIS_SERVER=37353, STANDALONE=35831], networkLocation: /default-rack, certSerialId: null, persistedOpState: IN_SERVICE, persistedOpStateExpiryEpochSec: 0}, ReplicationConfig: RATIS/THREE, State:CLOSED, leaderId:6ff47f3f-d87f-42dc-9b9d-4568dd026d85, CreationTimestamp2022-10-16T13:14:51.011Z[Etc/UTC]] removed.
2022-10-16 13:15:27,890 [EventQueue-DeadNodeForDeadNodeHandler] INFO  net.NetworkTopologyImpl (NetworkTopologyImpl.java:remove(190)) - Removed a node: /default-rack/48438861-3901-41c2-841c-a6894bcecd85
2022-10-16 13:15:28,084 [ReplicationMonitor] INFO  replication.ReplicationManager (ReplicationManager.java:processAll(324)) - Replication Monitor Thread took 0 milliseconds for processing 7 containers.
2022-10-16 13:15:28,182 [Listener at 127.0.0.1/37791] INFO  utils.BackgroundService (BackgroundService.java:shutdown(141)) - Shutting down service BlockDeletingService
2022-10-16 13:15:28,183 [Listener at 127.0.0.1/37791] INFO  utils.BackgroundService (BackgroundService.java:shutdown(141)) - Shutting down service StaleRecoveringContainerScrubbingService
2022-10-16 13:15:28,185 [ForkJoinPool.commonPool-worker-0] INFO  utils.BackgroundService (BackgroundService.java:shutdown(141)) - Shutting down service BlockDeletingService
2022-10-16 13:15:28,186 [ForkJoinPool.commonPool-worker-0] INFO  utils.BackgroundService (BackgroundService.java:shutdown(141)) - Shutting down service StaleRecoveringContainerScrubbingService
2022-10-16 13:15:28,187 [Listener at 127.0.0.1/37791] INFO  statemachine.DatanodeStateMachine (DatanodeStateMachine.java:stopDaemon(580)) - Ozone container server stopped.
2022-10-16 13:15:28,188 [ForkJoinPool.commonPool-worker-0] INFO  statemachine.DatanodeStateMachine (DatanodeStateMachine.java:stopDaemon(580)) - Ozone container server stopped.
2022-10-16 13:15:28,200 [Listener at 127.0.0.1/37791] INFO  handler.ContextHandler (ContextHandler.java:doStop(1153)) - Stopped o.e.j.w.WebAppContext@3abea099{hddsDatanode,/,null,STOPPED}{jar:file:/home/runner/.m2/repository/org/apache/ozone/hdds-container-service/1.3.0-SNAPSHOT/hdds-container-service-1.3.0-SNAPSHOT.jar!/webapps/hddsDatanode}
2022-10-16 13:15:28,200 [Listener at 127.0.0.1/37791] INFO  server.AbstractConnector (AbstractConnector.java:doStop(381)) - Stopped ServerConnector@4907e456{HTTP/1.1, (http/1.1)}{0.0.0.0:0}
2022-10-16 13:15:28,200 [Listener at 127.0.0.1/37791] INFO  server.session (HouseKeeper.java:stopScavenging(149)) - node0 Stopped scavenging
2022-10-16 13:15:28,201 [Listener at 127.0.0.1/37791] INFO  handler.ContextHandler (ContextHandler.java:doStop(1153)) - Stopped o.e.j.s.ServletContextHandler@1957f07c{static,/static,jar:file:/home/runner/.m2/repository/org/apache/ozone/hdds-container-service/1.3.0-SNAPSHOT/hdds-container-service-1.3.0-SNAPSHOT.jar!/webapps/static,STOPPED}
2022-10-16 13:15:28,202 [Listener at 127.0.0.1/37791] INFO  handler.ContextHandler (ContextHandler.java:doStop(1153)) - Stopped o.e.j.s.ServletContextHandler@7d89744e{logs,/logs,file:///home/runner/work/ozone/ozone/hadoop-ozone/integration-test/target/log,STOPPED}
2022-10-16 13:15:28,205 [ForkJoinPool.commonPool-worker-0] INFO  handler.ContextHandler (ContextHandler.java:doStop(1153)) - Stopped o.e.j.w.WebAppContext@3d626d7a{hddsDatanode,/,null,STOPPED}{jar:file:/home/runner/.m2/repository/org/apache/ozone/hdds-container-service/1.3.0-SNAPSHOT/hdds-container-service-1.3.0-SNAPSHOT.jar!/webapps/hddsDatanode}
2022-10-16 13:15:28,205 [ForkJoinPool.commonPool-worker-0] INFO  server.AbstractConnector (AbstractConnector.java:doStop(381)) - Stopped ServerConnector@383fd5ca{HTTP/1.1, (http/1.1)}{0.0.0.0:0}
2022-10-16 13:15:28,205 [ForkJoinPool.commonPool-worker-0] INFO  server.session (HouseKeeper.java:stopScavenging(149)) - node0 Stopped scavenging
2022-10-16 13:15:28,206 [ForkJoinPool.commonPool-worker-0] INFO  handler.ContextHandler (ContextHandler.java:doStop(1153)) - Stopped o.e.j.s.ServletContextHandler@2b660b65{static,/static,jar:file:/home/runner/.m2/repository/org/apache/ozone/hdds-container-service/1.3.0-SNAPSHOT/hdds-container-service-1.3.0-SNAPSHOT.jar!/webapps/static,STOPPED}
2022-10-16 13:15:28,207 [ForkJoinPool.commonPool-worker-0] INFO  handler.ContextHandler (ContextHandler.java:doStop(1153)) - Stopped o.e.j.s.ServletContextHandler@7eff8f97{logs,/logs,file:///home/runner/work/ozone/ozone/hadoop-ozone/integration-test/target/log,STOPPED}
2022-10-16 13:15:28,208 [Listener at 127.0.0.1/37791] INFO  ozone.MiniOzoneClusterImpl (MiniOzoneClusterImpl.java:stopSCM(537)) - Stopping the StorageContainerManager
2022-10-16 13:15:28,208 [Listener at 127.0.0.1/37791] INFO  server.StorageContainerManager (StorageContainerManager.java:stop(1528)) - Container Balancer is not running.
2022-10-16 13:15:28,208 [Listener at 127.0.0.1/37791] INFO  server.StorageContainerManager (StorageContainerManager.java:stop(1535)) - Stopping Replication Manager Service.
2022-10-16 13:15:28,208 [Listener at 127.0.0.1/37791] INFO  replication.ReplicationManager (ReplicationManager.java:stop(257)) - Stopping Replication Monitor Thread.
2022-10-16 13:15:28,208 [Over Replicated Processor] WARN  replication.OverReplicatedProcessor (OverReplicatedProcessor.java:run(137)) - Over Replicated Processor interrupted. Exiting...
2022-10-16 13:15:28,208 [Under Replicated Processor] WARN  replication.UnderReplicatedProcessor (UnderReplicatedProcessor.java:run(148)) - Under Replicated Processor interrupted. Exiting...
2022-10-16 13:15:28,208 [Listener at 127.0.0.1/37791] INFO  server.StorageContainerManager (StorageContainerManager.java:stop(1542)) - Stopping the Datanode Admin Monitor.
2022-10-16 13:15:28,208 [ReplicationMonitor] INFO  replication.ReplicationManager (ReplicationManager.java:run(509)) - Replication Monitor Thread is stopped
2022-10-16 13:15:28,208 [Listener at 127.0.0.1/37791] INFO  server.StorageContainerManager (StorageContainerManager.java:stop(1549)) - Stopping Lease Manager of the command watchers
2022-10-16 13:15:28,208 [Listener at 127.0.0.1/37791] INFO  server.StorageContainerManager (StorageContainerManager.java:stop(1556)) - Stopping datanode service RPC server
2022-10-16 13:15:28,209 [Listener at 127.0.0.1/37791] INFO  server.SCMDatanodeProtocolServer (SCMDatanodeProtocolServer.java:stop(414)) - Stopping the RPC server for DataNodes
2022-10-16 13:15:28,209 [Listener at 127.0.0.1/37791] INFO  ipc.Server (Server.java:stop(3428)) - Stopping server on 36793
2022-10-16 13:15:28,211 [IPC Server listener on 0] INFO  ipc.Server (Server.java:run(1384)) - Stopping IPC Server listener on 0
2022-10-16 13:15:28,211 [IPC Server Responder] INFO  ipc.Server (Server.java:run(1517)) - Stopping IPC Server Responder
2022-10-16 13:15:28,289 [SCM Heartbeat Processing Thread - 0] WARN  node.NodeStateManager (NodeStateManager.java:scheduleNextHealthCheck(870)) - Current Thread is interrupted, shutting down HB processing thread for Node Manager.
2022-10-16 13:15:28,290 [Listener at 127.0.0.1/37791] INFO  server.StorageContainerManager (StorageContainerManager.java:stop(1564)) - Stopping block service RPC server
2022-10-16 13:15:28,290 [Listener at 127.0.0.1/37791] INFO  server.SCMBlockProtocolServer (SCMBlockProtocolServer.java:stop(161)) - Stopping the RPC server for Block Protocol
2022-10-16 13:15:28,290 [Listener at 127.0.0.1/37791] INFO  ipc.Server (Server.java:stop(3428)) - Stopping server on 40267
2022-10-16 13:15:28,292 [IPC Server Responder] INFO  ipc.Server (Server.java:run(1517)) - Stopping IPC Server Responder
2022-10-16 13:15:28,292 [Listener at 127.0.0.1/37791] INFO  server.StorageContainerManager (StorageContainerManager.java:stop(1571)) - Stopping the StorageContainerLocationProtocol RPC server
2022-10-16 13:15:28,292 [Listener at 127.0.0.1/37791] INFO  server.SCMClientProtocolServer (SCMClientProtocolServer.java:stop(179)) - Stopping the RPC server for Client Protocol
2022-10-16 13:15:28,292 [Listener at 127.0.0.1/37791] INFO  ipc.Server (Server.java:stop(3428)) - Stopping server on 42605
2022-10-16 13:15:28,292 [IPC Server listener on 0] INFO  ipc.Server (Server.java:run(1384)) - Stopping IPC Server listener on 0
2022-10-16 13:15:28,294 [IPC Server listener on 0] INFO  ipc.Server (Server.java:run(1384)) - Stopping IPC Server listener on 0
2022-10-16 13:15:28,296 [IPC Server Responder] INFO  ipc.Server (Server.java:run(1517)) - Stopping IPC Server Responder
2022-10-16 13:15:28,296 [Listener at 127.0.0.1/37791] INFO  server.StorageContainerManager (StorageContainerManager.java:stop(1578)) - Stopping Storage Container Manager HTTP server.
2022-10-16 13:15:28,297 [Listener at 127.0.0.1/37791] INFO  handler.ContextHandler (ContextHandler.java:doStop(1153)) - Stopped o.e.j.w.WebAppContext@5c20e35b{scm,/,null,STOPPED}{file:/home/runner/work/ozone/ozone/hadoop-ozone/integration-test/target/test-classes/webapps/scm}
2022-10-16 13:15:28,299 [Listener at 127.0.0.1/37791] INFO  server.AbstractConnector (AbstractConnector.java:doStop(381)) - Stopped ServerConnector@62cc5527{HTTP/1.1, (http/1.1)}{0.0.0.0:0}
2022-10-16 13:15:28,299 [Listener at 127.0.0.1/37791] INFO  server.session (HouseKeeper.java:stopScavenging(149)) - node0 Stopped scavenging
2022-10-16 13:15:28,299 [Listener at 127.0.0.1/37791] INFO  handler.ContextHandler (ContextHandler.java:doStop(1153)) - Stopped o.e.j.s.ServletContextHandler@98b5155{static,/static,file:///home/runner/work/ozone/ozone/hadoop-ozone/integration-test/target/test-classes/webapps/static,STOPPED}
2022-10-16 13:15:28,299 [Listener at 127.0.0.1/37791] INFO  handler.ContextHandler (ContextHandler.java:doStop(1153)) - Stopped o.e.j.s.ServletContextHandler@5b6241e5{logs,/logs,file:///home/runner/work/ozone/ozone/hadoop-ozone/integration-test/target/log,STOPPED}
2022-10-16 13:15:28,301 [Listener at 127.0.0.1/37791] INFO  server.StorageContainerManager (StorageContainerManager.java:stop(1584)) - Stopping SCM LayoutVersionManager Service.
2022-10-16 13:15:28,301 [Listener at 127.0.0.1/37791] INFO  server.StorageContainerManager (StorageContainerManager.java:stop(1592)) - Stopping Block Manager Service.
2022-10-16 13:15:28,301 [Listener at 127.0.0.1/37791] INFO  utils.BackgroundService (BackgroundService.java:shutdown(141)) - Shutting down service SCMBlockDeletingService
2022-10-16 13:15:28,301 [Listener at 127.0.0.1/37791] INFO  utils.BackgroundService (BackgroundService.java:shutdown(141)) - Shutting down service SCMBlockDeletingService
2022-10-16 13:15:28,301 [Listener at 127.0.0.1/37791] INFO  server.StorageContainerManager (StorageContainerManager.java:stop(1619)) - Stopping SCM Event Queue.
2022-10-16 13:15:28,303 [Listener at 127.0.0.1/37791] INFO  server.StorageContainerManager (StorageContainerManager.java:stop(1630)) - Stopping SCM HA services.
2022-10-16 13:15:28,303 [Listener at 127.0.0.1/37791] INFO  pipeline.BackgroundPipelineCreator (BackgroundPipelineCreator.java:stop(149)) - Stopping RatisPipelineUtilsThread.
2022-10-16 13:15:28,303 [RatisPipelineUtilsThread - 0] WARN  pipeline.BackgroundPipelineCreator (BackgroundPipelineCreator.java:run(180)) - RatisPipelineUtilsThread is interrupted.
2022-10-16 13:15:28,303 [BackgroundPipelineScrubberThread] WARN  BackgroundPipelineScrubber (BackgroundSCMService.java:run(115)) - BackgroundPipelineScrubber is interrupted, exit
2022-10-16 13:15:28,304 [Listener at 127.0.0.1/37791] INFO  BackgroundPipelineScrubber (BackgroundSCMService.java:stop(131)) - Stopping BackgroundPipelineScrubber Service.
2022-10-16 13:15:28,304 [Listener at 127.0.0.1/37791] INFO  impl.MetricsSystemImpl (MetricsSystemImpl.java:stop(210)) - Stopping HddsDatanode metrics system...
2022-10-16 13:15:28,305 [prometheus] INFO  impl.MetricsSinkAdapter (MetricsSinkAdapter.java:publishMetricsFromQueue(141)) - prometheus thread interrupted.
2022-10-16 13:15:28,311 [Listener at 127.0.0.1/37791] INFO  impl.MetricsSystemImpl (MetricsSystemImpl.java:stop(216)) - HddsDatanode metrics system stopped.
2022-10-16 13:15:28,312 [Listener at 127.0.0.1/37791] WARN  pipeline.BackgroundPipelineCreator (BackgroundPipelineCreator.java:stop(145)) - RatisPipelineUtilsThread is not running, just ignore.
2022-10-16 13:15:28,312 [Listener at 127.0.0.1/37791] INFO  BackgroundPipelineScrubber (BackgroundSCMService.java:stop(126)) - BackgroundPipelineScrubber Service is not running, skip stop.
2022-10-16 13:15:28,312 [Listener at 127.0.0.1/37791] INFO  ExpiredContainerReplicaOpScrubber (BackgroundSCMService.java:stop(131)) - Stopping ExpiredContainerReplicaOpScrubber Service.
2022-10-16 13:15:28,312 [ExpiredContainerReplicaOpScrubberThread] WARN  ExpiredContainerReplicaOpScrubber (BackgroundSCMService.java:run(115)) - ExpiredContainerReplicaOpScrubber is interrupted, exit
2022-10-16 13:15:28,312 [Listener at 127.0.0.1/37791] INFO  utils.BackgroundService (BackgroundService.java:shutdown(141)) - Shutting down service SCMBlockDeletingService
2022-10-16 13:15:28,312 [Listener at 127.0.0.1/37791] INFO  replication.ReplicationManager (ReplicationManager.java:stop(265)) - Replication Monitor Thread is not running.
2022-10-16 13:15:28,312 [Listener at 127.0.0.1/37791] WARN  balancer.ContainerBalancer (ContainerBalancer.java:stop(1096)) - Cannot stop Container Balancer because it's not running
2022-10-16 13:15:28,312 [Listener at 127.0.0.1/37791] INFO  server.StorageContainerManager (StorageContainerManager.java:stop(1648)) - Stopping SCM MetadataStore.
]]></system-out>
  </testcase>
  <testcase name="readAfterReplicationWithUnbuffering" classname="TestKeyInputStream" time="47.479">
    <system-out><![CDATA[2022-10-16 13:16:46,694 [Time-limited test] WARN  server.ServerUtils (ServerUtils.java:getScmDbDir(148)) - ozone.scm.db.dirs is not configured. We recommend adding this setting. Falling back to ozone.metadata.dirs instead.
2022-10-16 13:16:46,698 [Time-limited test] WARN  server.ServerUtils (ServerUtils.java:getScmDbDir(148)) - ozone.scm.db.dirs is not configured. We recommend adding this setting. Falling back to ozone.metadata.dirs instead.
2022-10-16 13:16:46,699 [Time-limited test] INFO  ha.SCMHANodeDetails (SCMHANodeDetails.java:loadSCMHAConfig(209)) - ServiceID for StorageContainerManager is null
2022-10-16 13:16:46,699 [Time-limited test] INFO  ha.SCMHANodeDetails (SCMHANodeDetails.java:loadSCMHAConfig(214)) - ozone.scm.default.service.id is not defined, falling back to ozone.scm.service.ids to find serviceID for StorageContainerManager if it is HA enabled cluster
2022-10-16 13:16:46,699 [Time-limited test] WARN  utils.HAUtils (HAUtils.java:getMetaDir(342)) - ozone.scm.db.dirs is not configured. We recommend adding this setting. Falling back to ozone.metadata.dirs instead.
2022-10-16 13:16:46,699 [Time-limited test] WARN  db.DBStoreBuilder (DBStoreBuilder.java:applyDBDefinition(144)) - ozone.scm.db.dirs is not configured. We recommend adding this setting. Falling back to ozone.metadata.dirs instead.
2022-10-16 13:16:46,796 [Time-limited test] INFO  net.NodeSchemaLoader (NodeSchemaLoader.java:loadSchemaFromFile(129)) - Loading schema from [jar:file:/home/runner/.m2/repository/org/apache/ozone/hdds-common/1.3.0-SNAPSHOT/hdds-common-1.3.0-SNAPSHOT.jar!/network-topology-default.xml]
2022-10-16 13:16:46,796 [Time-limited test] INFO  net.NodeSchemaLoader (NodeSchemaLoader.java:loadSchema(176)) - Loading network topology layer schema file
2022-10-16 13:16:46,799 [Time-limited test] INFO  upgrade.AbstractLayoutVersionManager (AbstractLayoutVersionManager.java:init(83)) - Initializing Layout version manager with metadata layout = DATANODE_SCHEMA_V3 (version = 4), software layout = DATANODE_SCHEMA_V3 (version = 4)
2022-10-16 13:16:46,838 [Time-limited test] INFO  reflections.Reflections (Reflections.java:scan(232)) - Reflections took 38 ms to scan 7 urls, producing 137 keys and 328 values 
2022-10-16 13:16:46,840 [Time-limited test] INFO  ha.SequenceIdGenerator (SequenceIdGenerator.java:upgradeToSequenceId(349)) - upgrade localId to 109611004723200000
2022-10-16 13:16:46,840 [Time-limited test] INFO  ha.SequenceIdGenerator (SequenceIdGenerator.java:upgradeToSequenceId(359)) - upgrade delTxnId to 0
2022-10-16 13:16:46,840 [Time-limited test] INFO  ha.SequenceIdGenerator (SequenceIdGenerator.java:upgradeToSequenceId(376)) - upgrade containerId to 0
2022-10-16 13:16:46,840 [Time-limited test] INFO  ha.SequenceIdGenerator (SequenceIdGenerator.java:<init>(220)) - Init the HA SequenceIdGenerator.
2022-10-16 13:16:46,841 [Time-limited test] INFO  node.SCMNodeManager (SCMNodeManager.java:<init>(149)) - Entering startup safe mode.
2022-10-16 13:16:46,842 [Time-limited test] INFO  algorithms.ContainerPlacementPolicyFactory (ContainerPlacementPolicyFactory.java:getPolicyInternal(86)) - Create container placement policy of type org.apache.hadoop.hdds.scm.container.placement.algorithms.SCMContainerPlacementRandom
2022-10-16 13:16:46,842 [Time-limited test] INFO  algorithms.ContainerPlacementPolicyFactory (ContainerPlacementPolicyFactory.java:getPolicyInternal(86)) - Create container placement policy of type org.apache.hadoop.hdds.scm.container.placement.algorithms.SCMContainerPlacementRackScatter
2022-10-16 13:16:46,842 [Time-limited test] INFO  pipeline.PipelineStateManagerImpl (PipelineStateManagerImpl.java:initialize(78)) - No pipeline exists in current db
2022-10-16 13:16:46,842 [Time-limited test] INFO  algorithms.LeaderChoosePolicyFactory (LeaderChoosePolicyFactory.java:getPolicy(57)) - Create leader choose policy of type org.apache.hadoop.hdds.scm.pipeline.leader.choose.algorithms.MinLeaderCountChoosePolicy
2022-10-16 13:16:46,842 [Time-limited test] INFO  algorithms.ContainerPlacementPolicyFactory (ContainerPlacementPolicyFactory.java:getPolicyInternal(86)) - Create container placement policy of type org.apache.hadoop.hdds.scm.container.placement.algorithms.SCMContainerPlacementRackScatter
2022-10-16 13:16:46,842 [Time-limited test] INFO  ha.SCMServiceManager (SCMServiceManager.java:register(42)) - Registering service BackgroundPipelineCreator.
2022-10-16 13:16:46,843 [Time-limited test] INFO  pipeline.BackgroundPipelineCreator (BackgroundPipelineCreator.java:start(124)) - Starting RatisPipelineUtilsThread.
2022-10-16 13:16:46,843 [Time-limited test] INFO  BackgroundPipelineScrubber (BackgroundSCMService.java:start(68)) - Starting BackgroundPipelineScrubber Service.
2022-10-16 13:16:46,843 [Time-limited test] INFO  ha.SCMServiceManager (SCMServiceManager.java:register(42)) - Registering service BackgroundPipelineScrubber.
2022-10-16 13:16:46,843 [Time-limited test] INFO  ExpiredContainerReplicaOpScrubber (BackgroundSCMService.java:start(68)) - Starting ExpiredContainerReplicaOpScrubber Service.
2022-10-16 13:16:46,843 [Time-limited test] INFO  ha.SCMServiceManager (SCMServiceManager.java:register(42)) - Registering service ExpiredContainerReplicaOpScrubber.
2022-10-16 13:16:46,844 [Time-limited test] INFO  algorithms.PipelineChoosePolicyFactory (PipelineChoosePolicyFactory.java:createPipelineChoosePolicyFromClass(73)) - Create pipeline choose policy of type org.apache.hadoop.hdds.scm.pipeline.choose.algorithms.RandomPipelineChoosePolicy
2022-10-16 13:16:46,845 [Time-limited test] INFO  ha.SCMServiceManager (SCMServiceManager.java:register(42)) - Registering service SCMBlockDeletingService.
2022-10-16 13:16:46,845 [Time-limited test] INFO  replication.ReplicationManager (ReplicationManager.java:start(223)) - Starting Replication Monitor Thread.
2022-10-16 13:16:46,845 [Time-limited test] INFO  ha.SCMServiceManager (SCMServiceManager.java:register(42)) - Registering service ReplicationManager.
2022-10-16 13:16:46,846 [Time-limited test] INFO  safemode.ContainerSafeModeRule (ContainerSafeModeRule.java:<init>(89)) - containers with one replica threshold count 0
2022-10-16 13:16:46,846 [Time-limited test] INFO  safemode.HealthyPipelineSafeModeRule (HealthyPipelineSafeModeRule.java:initializeRule(169)) - Total pipeline count is 0, healthy pipeline threshold count is 1
2022-10-16 13:16:46,846 [Time-limited test] INFO  safemode.OneReplicaPipelineSafeModeRule (OneReplicaPipelineSafeModeRule.java:initializeRule(180)) - Total pipeline count is 0, pipeline's with at least one datanode reported threshold count is 0
2022-10-16 13:16:46,846 [Time-limited test] INFO  ipc.CallQueueManager (CallQueueManager.java:<init>(90)) - Using callQueue: class java.util.concurrent.LinkedBlockingQueue, queueCapacity: 2000, scheduler: class org.apache.hadoop.ipc.DefaultRpcScheduler, ipcBackoff: false.
2022-10-16 13:16:46,847 [Socket Reader #1 for port 0] INFO  ipc.Server (Server.java:run(1273)) - Starting Socket Reader #1 for port 0
2022-10-16 13:16:46,847 [Listener at 0.0.0.0/41499] INFO  ipc.CallQueueManager (CallQueueManager.java:<init>(90)) - Using callQueue: class java.util.concurrent.LinkedBlockingQueue, queueCapacity: 2000, scheduler: class org.apache.hadoop.ipc.DefaultRpcScheduler, ipcBackoff: false.
2022-10-16 13:16:46,848 [Socket Reader #1 for port 0] INFO  ipc.Server (Server.java:run(1273)) - Starting Socket Reader #1 for port 0
2022-10-16 13:16:46,848 [Listener at 0.0.0.0/38017] INFO  ipc.CallQueueManager (CallQueueManager.java:<init>(90)) - Using callQueue: class java.util.concurrent.LinkedBlockingQueue, queueCapacity: 2000, scheduler: class org.apache.hadoop.ipc.DefaultRpcScheduler, ipcBackoff: false.
2022-10-16 13:16:46,849 [Socket Reader #1 for port 0] INFO  ipc.Server (Server.java:run(1273)) - Starting Socket Reader #1 for port 0
2022-10-16 13:16:46,861 [ReplicationMonitor] INFO  replication.ReplicationManager (ReplicationManager.java:processAll(291)) - Replication Manager is not ready to run until 3000ms after safemode exit
2022-10-16 13:16:46,869 [Listener at 0.0.0.0/46027] INFO  ha.SCMServiceManager (SCMServiceManager.java:register(42)) - Registering service ContainerBalancer.
2022-10-16 13:16:46,869 [Listener at 0.0.0.0/46027] INFO  server.StorageContainerManager (StorageContainerManager.java:<init>(410)) - 
Container Balancer status:
Key                            Value
Running                        false
Container Balancer Configuration values:
Key                                                Value
Threshold                                          10
Max Datanodes to Involve per Iteration(percent)    20
Max Size to Move per Iteration                     500GB
Max Size Entering Target per Iteration             26GB
Max Size Leaving Source per Iteration              26GB

2022-10-16 13:16:46,869 [Listener at 0.0.0.0/46027] WARN  events.EventQueue (EventQueue.java:fireEvent(216)) - No event handler registered for event TypedEvent{payloadType=SafeModeStatus, name='Safe mode status'}
2022-10-16 13:16:46,869 [Listener at 0.0.0.0/46027] INFO  ha.SCMContext (SCMContext.java:updateSafeModeStatus(228)) - Update SafeModeStatus from SafeModeStatus{safeModeStatus=true, preCheckPassed=false} to SafeModeStatus{safeModeStatus=true, preCheckPassed=false}.
2022-10-16 13:16:46,870 [Listener at 0.0.0.0/46027] INFO  server.StorageContainerManager (StorageContainerManager.java:start(1436)) - StorageContainerLocationProtocol RPC server is listening at /0.0.0.0:46027
2022-10-16 13:16:46,872 [Listener at 0.0.0.0/46027] WARN  impl.MetricsConfig (MetricsConfig.java:loadFirst(136)) - Cannot locate configuration: tried hadoop-metrics2-storagecontainermanager.properties,hadoop-metrics2.properties
2022-10-16 13:16:46,876 [Listener at 0.0.0.0/46027] INFO  impl.MetricsSystemImpl (MetricsSystemImpl.java:startTimer(378)) - Scheduled Metric snapshot period at 10 second(s).
2022-10-16 13:16:46,876 [Listener at 0.0.0.0/46027] INFO  impl.MetricsSystemImpl (MetricsSystemImpl.java:start(191)) - StorageContainerManager metrics system started
2022-10-16 13:16:46,882 [Listener at 0.0.0.0/46027] INFO  impl.MetricsSinkAdapter (MetricsSinkAdapter.java:start(204)) - Sink prometheus started
2022-10-16 13:16:46,882 [Listener at 0.0.0.0/46027] INFO  impl.MetricsSystemImpl (MetricsSystemImpl.java:registerSink(305)) - Registered sink prometheus
2022-10-16 13:16:46,898 [Listener at 0.0.0.0/46027] INFO  server.SCMClientProtocolServer (SCMClientProtocolServer.java:start(170)) - RPC server for Client  is listening at /0.0.0.0:46027
2022-10-16 13:16:46,898 [IPC Server Responder] INFO  ipc.Server (Server.java:run(1512)) - IPC Server Responder: starting
2022-10-16 13:16:46,899 [IPC Server listener on 0] INFO  ipc.Server (Server.java:run(1352)) - IPC Server listener on 0: starting
2022-10-16 13:16:46,901 [Listener at 0.0.0.0/46027] INFO  server.StorageContainerManager (StorageContainerManager.java:start(1451)) - ScmBlockLocationProtocol RPC server is listening at /0.0.0.0:38017
2022-10-16 13:16:46,901 [Listener at 0.0.0.0/46027] INFO  server.SCMBlockProtocolServer (SCMBlockProtocolServer.java:start(152)) - RPC server for Block Protocol is listening at /0.0.0.0:38017
2022-10-16 13:16:46,902 [IPC Server Responder] INFO  ipc.Server (Server.java:run(1512)) - IPC Server Responder: starting
2022-10-16 13:16:46,902 [IPC Server listener on 0] INFO  ipc.Server (Server.java:run(1352)) - IPC Server listener on 0: starting
2022-10-16 13:16:46,903 [Listener at 0.0.0.0/46027] INFO  server.SCMDatanodeProtocolServer (SCMDatanodeProtocolServer.java:start(186)) - ScmDatanodeProtocol RPC server for DataNodes is listening at /0.0.0.0:41499
2022-10-16 13:16:46,903 [IPC Server Responder] INFO  ipc.Server (Server.java:run(1512)) - IPC Server Responder: starting
2022-10-16 13:16:46,904 [IPC Server listener on 0] INFO  ipc.Server (Server.java:run(1352)) - IPC Server listener on 0: starting
2022-10-16 13:16:46,908 [org.apache.hadoop.util.JvmPauseMonitor$Monitor@130983be] INFO  util.JvmPauseMonitor (JvmPauseMonitor.java:run(188)) - Starting JVM pause monitor
2022-10-16 13:16:46,908 [Listener at 0.0.0.0/46027] INFO  http.BaseHttpServer (BaseHttpServer.java:newHttpServer2BuilderForOzone(213)) - Starting Web-server for scm at: http://0.0.0.0:0
2022-10-16 13:16:46,908 [Listener at 0.0.0.0/46027] INFO  http.BaseHttpServer (BaseHttpServer.java:<init>(108)) - Hadoop Security Enabled: false Ozone Security Enabled: false Ozone HTTP Security Enabled: false 
2022-10-16 13:16:46,909 [Listener at 0.0.0.0/46027] WARN  server.AuthenticationFilter (AuthenticationFilter.java:constructSecretProvider(240)) - Unable to initialize FileSignerSecretProvider, falling back to use random secrets. Reason: Could not read signature secret file: /home/runner/hadoop-http-auth-signature-secret
2022-10-16 13:16:46,909 [Listener at 0.0.0.0/46027] WARN  http.HttpRequestLog (HttpRequestLog.java:getRequestLog(103)) - Jetty request log can only be enabled using Log4j
2022-10-16 13:16:46,910 [Listener at 0.0.0.0/46027] INFO  http.HttpServer2 (HttpServer2.java:addGlobalFilter(1031)) - Added global filter 'safety' (class=org.apache.hadoop.hdds.server.http.HttpServer2$QuotingInputFilter)
2022-10-16 13:16:46,911 [Listener at 0.0.0.0/46027] INFO  http.HttpServer2 (HttpServer2.java:addFilter(1007)) - Added filter static_user_filter (class=org.apache.hadoop.http.lib.StaticUserWebFilter$StaticUserFilter) to context scm
2022-10-16 13:16:46,911 [Listener at 0.0.0.0/46027] INFO  http.HttpServer2 (HttpServer2.java:addFilter(1015)) - Added filter static_user_filter (class=org.apache.hadoop.http.lib.StaticUserWebFilter$StaticUserFilter) to context logs
2022-10-16 13:16:46,911 [Listener at 0.0.0.0/46027] INFO  http.HttpServer2 (HttpServer2.java:addFilter(1015)) - Added filter static_user_filter (class=org.apache.hadoop.http.lib.StaticUserWebFilter$StaticUserFilter) to context static
2022-10-16 13:16:46,911 [Listener at 0.0.0.0/46027] INFO  http.HttpServer2 (HttpServer2.java:bindListener(1250)) - Jetty bound to port 42449
2022-10-16 13:16:46,911 [Listener at 0.0.0.0/46027] INFO  server.Server (Server.java:doStart(375)) - jetty-9.4.43.v20210629; built: 2021-06-30T11:07:22.254Z; git: 526006ecfa3af7f1a27ef3a288e2bef7ea9dd7e8; jvm 1.8.0_345-b01
2022-10-16 13:16:46,913 [Listener at 0.0.0.0/46027] INFO  server.session (DefaultSessionIdManager.java:doStart(334)) - DefaultSessionIdManager workerName=node0
2022-10-16 13:16:46,913 [Listener at 0.0.0.0/46027] INFO  server.session (DefaultSessionIdManager.java:doStart(339)) - No SessionScavenger set, using defaults
2022-10-16 13:16:46,913 [Listener at 0.0.0.0/46027] INFO  server.session (HouseKeeper.java:startScavenging(132)) - node0 Scavenging every 600000ms
2022-10-16 13:16:46,913 [Listener at 0.0.0.0/46027] INFO  handler.ContextHandler (ContextHandler.java:doStart(915)) - Started o.e.j.s.ServletContextHandler@57157c02{logs,/logs,file:///home/runner/work/ozone/ozone/hadoop-ozone/integration-test/target/log,AVAILABLE}
2022-10-16 13:16:46,914 [Listener at 0.0.0.0/46027] INFO  handler.ContextHandler (ContextHandler.java:doStart(915)) - Started o.e.j.s.ServletContextHandler@2599d551{static,/static,file:///home/runner/work/ozone/ozone/hadoop-ozone/integration-test/target/test-classes/webapps/static,AVAILABLE}
2022-10-16 13:16:46,916 [Listener at 0.0.0.0/46027] INFO  handler.ContextHandler (ContextHandler.java:doStart(915)) - Started o.e.j.w.WebAppContext@3ef30e55{scm,/,file:///home/runner/work/ozone/ozone/hadoop-ozone/integration-test/target/test-classes/webapps/scm/,AVAILABLE}{file:/home/runner/work/ozone/ozone/hadoop-ozone/integration-test/target/test-classes/webapps/scm}
2022-10-16 13:16:46,921 [Listener at 0.0.0.0/46027] INFO  server.AbstractConnector (AbstractConnector.java:doStart(331)) - Started ServerConnector@419248eb{HTTP/1.1, (http/1.1)}{0.0.0.0:42449}
2022-10-16 13:16:46,921 [Listener at 0.0.0.0/46027] INFO  server.Server (Server.java:doStart(415)) - Started @188133ms
2022-10-16 13:16:46,921 [Listener at 0.0.0.0/46027] WARN  impl.MetricsSystemImpl (MetricsSystemImpl.java:register(279)) - Sink prometheus already exists!
2022-10-16 13:16:46,922 [Listener at 0.0.0.0/46027] INFO  http.BaseHttpServer (BaseHttpServer.java:updateConnectorAddress(333)) - HTTP server of scm listening at http://0.0.0.0:42449
2022-10-16 13:16:46,922 [Listener at 0.0.0.0/46027] WARN  server.ServerUtils (ServerUtils.java:getDBPath(225)) - ozone.om.db.dirs is not configured. We recommend adding this setting. Falling back to ozone.metadata.dirs instead.
2022-10-16 13:16:46,924 [Listener at 0.0.0.0/46027] INFO  ha.OMHANodeDetails (OMHANodeDetails.java:loadOMHAConfig(115)) - ozone.om.internal.service.id is not defined, falling back to ozone.om.service.ids to find serviceID for OzoneManager if it is HA enabled cluster
2022-10-16 13:16:46,924 [Listener at 0.0.0.0/46027] INFO  ha.OMHANodeDetails (OMHANodeDetails.java:loadOMHAConfig(226)) - Configuration does not have ozone.om.address set. Falling back to the default OM address /127.0.0.1:0
2022-10-16 13:16:46,924 [Listener at 0.0.0.0/46027] INFO  ha.OMHANodeDetails (OMHANodeDetails.java:getOMNodeDetailsForNonHA(254)) - OM Service ID is not set. Setting it to the default ID: omServiceIdDefault
2022-10-16 13:16:46,924 [Listener at 0.0.0.0/46027] INFO  ha.OMHANodeDetails (OMHANodeDetails.java:getOMNodeDetailsForNonHA(261)) - OM Node ID is not set. Setting it to the default ID: om1
2022-10-16 13:16:46,924 [Listener at 0.0.0.0/46027] WARN  server.ServerUtils (ServerUtils.java:getDBPath(225)) - ozone.om.db.dirs is not configured. We recommend adding this setting. Falling back to ozone.metadata.dirs instead.
2022-10-16 13:16:46,925 [Listener at 0.0.0.0/46027] INFO  upgrade.AbstractLayoutVersionManager (AbstractLayoutVersionManager.java:init(83)) - Initializing Layout version manager with metadata layout = MULTITENANCY_SCHEMA (version = 3), software layout = MULTITENANCY_SCHEMA (version = 3)
2022-10-16 13:16:46,993 [Listener at 0.0.0.0/46027] INFO  reflections.Reflections (Reflections.java:scan(232)) - Reflections took 68 ms to scan 2 urls, producing 154 keys and 428 values [using 2 cores]
2022-10-16 13:16:46,993 [Listener at 0.0.0.0/46027] INFO  upgrade.OMLayoutVersionManager (OMLayoutVersionManager.java:lambda$0(115)) - Skipping Upgrade Action MockOmUpgradeAction since it has been finalized.
2022-10-16 13:16:46,993 [Listener at 0.0.0.0/46027] WARN  server.ServerUtils (ServerUtils.java:getDBPath(225)) - ozone.om.db.dirs is not configured. We recommend adding this setting. Falling back to ozone.metadata.dirs instead.
2022-10-16 13:16:46,994 [Listener at 0.0.0.0/46027] INFO  proxy.SCMBlockLocationFailoverProxyProvider (SCMBlockLocationFailoverProxyProvider.java:<init>(114)) - Created block location fail-over proxy with 1 nodes: [nodeId=scmNodeId,nodeAddress=/0.0.0.0:38017]
2022-10-16 13:16:46,997 [Listener at 0.0.0.0/46027] INFO  proxy.SCMBlockLocationFailoverProxyProvider (SCMBlockLocationFailoverProxyProvider.java:<init>(114)) - Created block location fail-over proxy with 1 nodes: [nodeId=scmNodeId,nodeAddress=/0.0.0.0:38017]
2022-10-16 13:16:47,010 [Listener at 0.0.0.0/46027] WARN  server.ServerUtils (ServerUtils.java:getDBPath(225)) - ozone.om.db.dirs is not configured. We recommend adding this setting. Falling back to ozone.metadata.dirs instead.
2022-10-16 13:16:47,010 [Listener at 0.0.0.0/46027] INFO  codec.OmKeyInfoCodec (OmKeyInfoCodec.java:<init>(49)) - OmKeyInfoCodec ignorePipeline = true
2022-10-16 13:16:47,010 [Listener at 0.0.0.0/46027] INFO  codec.RepeatedOmKeyInfoCodec (RepeatedOmKeyInfoCodec.java:<init>(41)) - RepeatedOmKeyInfoCodec ignorePipeline = true
2022-10-16 13:16:47,138 [ReplicationMonitor] INFO  replication.ReplicationManager (ReplicationManager.java:processAll(324)) - Replication Monitor Thread took 0 milliseconds for processing 7 containers.
2022-10-16 13:16:47,142 [Listener at 0.0.0.0/46027] INFO  om.OzoneManager (OzoneManager.java:instantiateServices(712)) - S3 Multi-Tenancy is disabled
2022-10-16 13:16:47,143 [Listener at 0.0.0.0/46027] INFO  om.OzoneManager (OzoneManager.java:addS3GVolumeToDB(4386)) - Created Volume s3v With Owner runner required for S3Gateway operations.
2022-10-16 13:16:47,143 [Listener at 0.0.0.0/46027] WARN  server.ServerUtils (ServerUtils.java:getDefaultRatisDirectory(237)) - Storage directory for Ratis is not configured. It is a good idea to map this to an SSD disk. Falling back to ozone.metadata.dirs
2022-10-16 13:16:47,143 [Listener at 0.0.0.0/46027] WARN  utils.OzoneManagerRatisUtils (OzoneManagerRatisUtils.java:getOMRatisSnapshotDirectory(434)) - ozone.om.ratis.snapshot.dir is not configured. Falling back to ozone.metadata.dirs config
2022-10-16 13:16:47,144 [Listener at 0.0.0.0/46027] WARN  server.ServerUtils (ServerUtils.java:getDefaultRatisDirectory(237)) - Storage directory for Ratis is not configured. It is a good idea to map this to an SSD disk. Falling back to ozone.metadata.dirs
2022-10-16 13:16:47,144 [Listener at 0.0.0.0/46027] INFO  ratis.OzoneManagerRatisServer (OzoneManagerRatisServer.java:<init>(160)) - Instantiating OM Ratis server with groupID: omServiceIdDefault and peers: localhost:9872
2022-10-16 13:16:47,144 [Listener at 0.0.0.0/46027] INFO  ratis.OzoneManagerStateMachine (OzoneManagerStateMachine.java:loadSnapshotInfoFromDB(632)) - LastAppliedIndex is set from TransactionInfo from OM DB as (t:0, i:~)
2022-10-16 13:16:47,145 [Listener at 0.0.0.0/46027] INFO  server.RaftServer (ConfUtils.java:logGet(46)) - raft.rpc.type = GRPC (default)
2022-10-16 13:16:47,145 [Listener at 0.0.0.0/46027] INFO  grpc.GrpcFactory (GrpcFactory.java:checkPooledByteBufAllocatorUseCacheForAllThreads(48)) - PERFORMANCE WARNING: useCacheForAllThreads is true that may cause Netty to create a lot garbage objects and, as a result, trigger GC.
	It is recommended to disable useCacheForAllThreads by setting -Dorg.apache.ratis.thirdparty.io.netty.allocator.useCacheForAllThreads=false in command line.
2022-10-16 13:16:47,145 [Listener at 0.0.0.0/46027] INFO  grpc.GrpcConfigKeys (ConfUtils.java:logGet(46)) - raft.grpc.admin.port = -1 (default)
2022-10-16 13:16:47,145 [Listener at 0.0.0.0/46027] INFO  grpc.GrpcConfigKeys (ConfUtils.java:logGet(46)) - raft.grpc.server.port = 9872 (custom)
2022-10-16 13:16:47,145 [Listener at 0.0.0.0/46027] INFO  grpc.GrpcConfigKeys (ConfUtils.java:logGet(46)) - raft.grpc.client.port = -1 (default)
2022-10-16 13:16:47,145 [Listener at 0.0.0.0/46027] INFO  grpc.GrpcConfigKeys (ConfUtils.java:logGet(46)) - raft.grpc.server.port = 9872 (custom)
2022-10-16 13:16:47,145 [Listener at 0.0.0.0/46027] INFO  grpc.GrpcConfigKeys (ConfUtils.java:logGet(46)) - raft.grpc.server.port = 9872 (custom)
2022-10-16 13:16:47,145 [Listener at 0.0.0.0/46027] INFO  server.GrpcService (ConfUtils.java:logGet(46)) - raft.grpc.message.size.max = 33554432 (custom)
2022-10-16 13:16:47,145 [Listener at 0.0.0.0/46027] INFO  server.RaftServerConfigKeys (ConfUtils.java:logGet(46)) - raft.server.log.appender.buffer.byte-limit = 33554432 (custom)
2022-10-16 13:16:47,145 [Listener at 0.0.0.0/46027] INFO  server.GrpcService (ConfUtils.java:logGet(46)) - raft.grpc.flow.control.window = 1MB (=1048576) (default)
2022-10-16 13:16:47,145 [Listener at 0.0.0.0/46027] INFO  server.RaftServerConfigKeys (ConfUtils.java:logGet(46)) - raft.server.rpc.request.timeout = 3000ms (default)
2022-10-16 13:16:47,146 [Listener at 0.0.0.0/46027] INFO  grpc.GrpcConfigKeys (ConfUtils.java:logGet(46)) - raft.grpc.server.async.request.thread.pool.cached = true (default)
2022-10-16 13:16:47,146 [Listener at 0.0.0.0/46027] INFO  grpc.GrpcConfigKeys (ConfUtils.java:logGet(46)) - raft.grpc.server.async.request.thread.pool.size = 32 (default)
2022-10-16 13:16:47,147 [Listener at 0.0.0.0/46027] INFO  impl.DataStreamServerImpl (ConfUtils.java:logGet(46)) - raft.datastream.type = DISABLED (default)
2022-10-16 13:16:47,147 [Listener at 0.0.0.0/46027] INFO  server.RaftServerConfigKeys (ConfUtils.java:logGet(46)) - raft.server.threadpool.proxy.cached = true (default)
2022-10-16 13:16:47,147 [Listener at 0.0.0.0/46027] INFO  server.RaftServerConfigKeys (ConfUtils.java:logGet(46)) - raft.server.threadpool.proxy.size = 0 (default)
2022-10-16 13:16:47,147 [Listener at 0.0.0.0/46027] INFO  server.RaftServerConfigKeys (ConfUtils.java:logGet(46)) - raft.server.rpc.slowness.timeout = 120s (custom)
2022-10-16 13:16:47,147 [Listener at 0.0.0.0/46027] INFO  server.RaftServerConfigKeys (ConfUtils.java:logGet(46)) - raft.server.leaderelection.leader.step-down.wait-time = 10s (default)
2022-10-16 13:16:47,147 [Listener at 0.0.0.0/46027] INFO  server.RaftServerConfigKeys (ConfUtils.java:logGet(46)) - raft.server.storage.dir = [/home/runner/work/ozone/ozone/hadoop-ozone/integration-test/target/test-dir/MiniOzoneClusterImpl-5315970d-89dc-4906-bf44-ab8df33b815f/ozone-meta/ratis] (custom)
2022-10-16 13:16:47,148 [Listener at 0.0.0.0/46027] INFO  server.RaftServer (RaftServerProxy.java:addNew(96)) - om1: addNew group-C5BA1605619E:[om1|rpc:localhost:9872|priority:0] returns group-C5BA1605619E:java.util.concurrent.CompletableFuture@6ef380a[Not completed]
2022-10-16 13:16:47,148 [Listener at 0.0.0.0/46027] INFO  om.OzoneManager (OzoneManager.java:initializeRatisServer(1975)) - OzoneManager Ratis server initialized at port 9872
2022-10-16 13:16:47,148 [pool-1197-thread-1] INFO  server.RaftServer$Division (RaftServerImpl.java:<init>(190)) - om1: new RaftServerImpl for group-C5BA1605619E:[om1|rpc:localhost:9872|priority:0] with OzoneManagerStateMachine:uninitialized
2022-10-16 13:16:47,148 [pool-1197-thread-1] INFO  server.RaftServerConfigKeys (ConfUtils.java:logGet(46)) - raft.server.rpc.timeout.min = 1s (custom)
2022-10-16 13:16:47,148 [pool-1197-thread-1] INFO  server.RaftServerConfigKeys (ConfUtils.java:logGet(46)) - raft.server.rpc.timeout.max = 1200ms (custom)
2022-10-16 13:16:47,148 [pool-1197-thread-1] INFO  server.RaftServerConfigKeys (ConfUtils.java:logGet(46)) - raft.server.rpc.sleep.time = 25ms (default)
2022-10-16 13:16:47,148 [pool-1197-thread-1] INFO  server.RaftServerConfigKeys (ConfUtils.java:logGet(46)) - raft.server.rpc.slowness.timeout = 120s (custom)
2022-10-16 13:16:47,148 [pool-1197-thread-1] INFO  server.RaftServerConfigKeys (ConfUtils.java:logGet(46)) - raft.server.leaderelection.leader.step-down.wait-time = 10s (default)
2022-10-16 13:16:47,148 [pool-1197-thread-1] INFO  server.RaftServerConfigKeys (ConfUtils.java:logGet(46)) - raft.server.sleep.deviation.threshold = 300ms (default)
2022-10-16 13:16:47,148 [pool-1197-thread-1] INFO  server.RaftServer$Division (ServerState.java:<init>(107)) - om1@group-C5BA1605619E: ConfigurationManager, init=-1: [om1|rpc:localhost:9872|priority:0], old=null, confs=<EMPTY_MAP>
2022-10-16 13:16:47,148 [pool-1197-thread-1] INFO  server.RaftServerConfigKeys (ConfUtils.java:logGet(46)) - raft.server.storage.dir = [/home/runner/work/ozone/ozone/hadoop-ozone/integration-test/target/test-dir/MiniOzoneClusterImpl-5315970d-89dc-4906-bf44-ab8df33b815f/ozone-meta/ratis] (custom)
2022-10-16 13:16:47,148 [pool-1197-thread-1] INFO  server.RaftServerConfigKeys (ConfUtils.java:logGet(46)) - raft.server.log.corruption.policy = EXCEPTION (default)
2022-10-16 13:16:47,148 [pool-1197-thread-1] INFO  server.RaftServerConfigKeys (ConfUtils.java:logGet(46)) - raft.server.storage.free-space.min = 0MB (=0) (default)
2022-10-16 13:16:47,149 [Listener at 0.0.0.0/46027] INFO  om.OzoneManager (OzoneManager.java:getRpcServer(1101)) - Creating RPC Server
2022-10-16 13:16:47,149 [pool-1197-thread-1] INFO  storage.RaftStorageDirectory (RaftStorageDirectoryImpl.java:analyzeStorage(135)) - The storage directory /home/runner/work/ozone/ozone/hadoop-ozone/integration-test/target/test-dir/MiniOzoneClusterImpl-5315970d-89dc-4906-bf44-ab8df33b815f/ozone-meta/ratis/bf265839-605b-3f16-9796-c5ba1605619e does not exist. Creating ...
2022-10-16 13:16:47,151 [pool-1197-thread-1] INFO  storage.RaftStorageDirectory (RaftStorageDirectoryImpl.java:tryLock(230)) - Lock on /home/runner/work/ozone/ozone/hadoop-ozone/integration-test/target/test-dir/MiniOzoneClusterImpl-5315970d-89dc-4906-bf44-ab8df33b815f/ozone-meta/ratis/bf265839-605b-3f16-9796-c5ba1605619e/in_use.lock acquired by nodename 44550@fv-az308-250
2022-10-16 13:16:47,153 [pool-1197-thread-1] INFO  storage.RaftStorage (RaftStorageImpl.java:format(89)) - Storage directory /home/runner/work/ozone/ozone/hadoop-ozone/integration-test/target/test-dir/MiniOzoneClusterImpl-5315970d-89dc-4906-bf44-ab8df33b815f/ozone-meta/ratis/bf265839-605b-3f16-9796-c5ba1605619e has been successfully formatted.
2022-10-16 13:16:47,153 [pool-1197-thread-1] INFO  server.RaftServerConfigKeys (ConfUtils.java:logGet(46)) - raft.server.notification.no-leader.timeout = 120s (custom)
2022-10-16 13:16:47,153 [pool-1197-thread-1] INFO  server.RaftServerConfigKeys (ConfUtils.java:logGet(46)) - raft.server.log.use.memory = false (default)
2022-10-16 13:16:47,153 [pool-1197-thread-1] INFO  server.RaftServerConfigKeys (ConfUtils.java:logGet(46)) - raft.server.log.purge.gap = 1000000 (custom)
2022-10-16 13:16:47,153 [pool-1197-thread-1] INFO  server.RaftServerConfigKeys (ConfUtils.java:logGet(46)) - raft.server.log.appender.buffer.byte-limit = 33554432 (custom)
2022-10-16 13:16:47,153 [pool-1197-thread-1] INFO  server.RaftServerConfigKeys (ConfUtils.java:logGet(46)) - raft.server.log.statemachine.data.read.timeout = 1000ms (default)
2022-10-16 13:16:47,153 [pool-1197-thread-1] INFO  server.RaftServerConfigKeys (ConfUtils.java:logGet(46)) - raft.server.log.segment.size.max = 4194304 (custom)
2022-10-16 13:16:47,154 [pool-1197-thread-1] INFO  server.RaftServerConfigKeys (ConfUtils.java:logGet(46)) - raft.server.log.segment.cache.num.max = 2 (custom)
2022-10-16 13:16:47,154 [pool-1197-thread-1] INFO  server.RaftServerConfigKeys (ConfUtils.java:logGet(46)) - raft.server.log.segment.cache.size.max = 200MB (=209715200) (default)
2022-10-16 13:16:47,154 [pool-1197-thread-1] INFO  segmented.SegmentedRaftLogWorker (SegmentedRaftLogWorker.java:<init>(187)) - new om1@group-C5BA1605619E-SegmentedRaftLogWorker for RaftStorageImpl:Storage Directory /home/runner/work/ozone/ozone/hadoop-ozone/integration-test/target/test-dir/MiniOzoneClusterImpl-5315970d-89dc-4906-bf44-ab8df33b815f/ozone-meta/ratis/bf265839-605b-3f16-9796-c5ba1605619e
2022-10-16 13:16:47,154 [pool-1197-thread-1] INFO  server.RaftServerConfigKeys (ConfUtils.java:logGet(46)) - raft.server.log.queue.byte-limit = 64MB (=67108864) (default)
2022-10-16 13:16:47,154 [pool-1197-thread-1] INFO  server.RaftServerConfigKeys (ConfUtils.java:logGet(46)) - raft.server.log.queue.element-limit = 4096 (default)
2022-10-16 13:16:47,154 [pool-1197-thread-1] INFO  server.RaftServerConfigKeys (ConfUtils.java:logGet(46)) - raft.server.log.segment.size.max = 4194304 (custom)
2022-10-16 13:16:47,154 [pool-1197-thread-1] INFO  server.RaftServerConfigKeys (ConfUtils.java:logGet(46)) - raft.server.log.preallocated.size = 4194304 (custom)
2022-10-16 13:16:47,154 [pool-1197-thread-1] INFO  server.RaftServerConfigKeys (ConfUtils.java:logGet(46)) - raft.server.log.force.sync.num = 128 (default)
2022-10-16 13:16:47,154 [pool-1197-thread-1] INFO  server.RaftServerConfigKeys (ConfUtils.java:logGet(46)) - raft.server.log.statemachine.data.sync = true (default)
2022-10-16 13:16:47,154 [pool-1197-thread-1] INFO  server.RaftServerConfigKeys (ConfUtils.java:logGet(46)) - raft.server.log.statemachine.data.sync.timeout = 10s (default)
2022-10-16 13:16:47,154 [pool-1197-thread-1] INFO  server.RaftServerConfigKeys (ConfUtils.java:logGet(46)) - raft.server.log.statemachine.data.sync.timeout.retry = -1 (default)
2022-10-16 13:16:47,155 [pool-1197-thread-1] INFO  server.RaftServerConfigKeys (ConfUtils.java:logGet(46)) - raft.server.log.write.buffer.size = 64KB (=65536) (default)
2022-10-16 13:16:47,155 [pool-1197-thread-1] INFO  server.RaftServerConfigKeys (ConfUtils.java:logGet(46)) - raft.server.log.unsafe-flush.enabled = false (default)
2022-10-16 13:16:47,155 [pool-1197-thread-1] INFO  server.RaftServerConfigKeys (ConfUtils.java:logGet(46)) - raft.server.log.statemachine.data.caching.enabled = false (default)
2022-10-16 13:16:47,155 [pool-1197-thread-1] INFO  segmented.SegmentedRaftLogWorker (SegmentedRaftLogWorker.java:lambda$new$0(135)) - om1@group-C5BA1605619E-SegmentedRaftLogWorker: flushIndex: setUnconditionally 0 -> -1
2022-10-16 13:16:47,155 [pool-1197-thread-1] INFO  segmented.SegmentedRaftLogWorker (SegmentedRaftLogWorker.java:lambda$new$0(135)) - om1@group-C5BA1605619E-SegmentedRaftLogWorker: safeCacheEvictIndex: setUnconditionally 0 -> -1
2022-10-16 13:16:47,155 [pool-1197-thread-1] INFO  server.RaftServerConfigKeys (ConfUtils.java:logGet(46)) - raft.server.snapshot.auto.trigger.enabled = true (custom)
2022-10-16 13:16:47,155 [pool-1197-thread-1] INFO  server.RaftServerConfigKeys (ConfUtils.java:logGet(46)) - raft.server.snapshot.auto.trigger.threshold = 400000 (default)
2022-10-16 13:16:47,155 [pool-1197-thread-1] INFO  server.RaftServerConfigKeys (ConfUtils.java:logGet(46)) - raft.server.snapshot.retention.file.num = -1 (default)
2022-10-16 13:16:47,155 [pool-1197-thread-1] INFO  server.RaftServerConfigKeys (ConfUtils.java:logGet(46)) - raft.server.log.purge.upto.snapshot.index = true (custom)
2022-10-16 13:16:47,156 [pool-1197-thread-1] INFO  server.RaftServerConfigKeys (ConfUtils.java:logGet(46)) - raft.server.retrycache.expirytime = 300s (custom)
2022-10-16 13:16:47,156 [pool-1197-thread-1] INFO  server.RaftServerConfigKeys (ConfUtils.java:logGet(46)) - raft.server.retrycache.statistics.expirytime = 100μs (default)
2022-10-16 13:16:47,157 [pool-1197-thread-1] INFO  server.RaftServerConfigKeys (ConfUtils.java:logGet(46)) - raft.server.log.appender.install.snapshot.enabled = false (custom)
2022-10-16 13:16:47,157 [pool-1197-thread-1] INFO  server.RaftServerConfigKeys (ConfUtils.java:logGet(46)) - raft.server.threadpool.server.cached = true (default)
2022-10-16 13:16:47,157 [pool-1197-thread-1] INFO  server.RaftServerConfigKeys (ConfUtils.java:logGet(46)) - raft.server.threadpool.server.size = 0 (default)
2022-10-16 13:16:47,157 [pool-1197-thread-1] INFO  server.RaftServerConfigKeys (ConfUtils.java:logGet(46)) - raft.server.threadpool.client.cached = true (default)
2022-10-16 13:16:47,157 [pool-1197-thread-1] INFO  server.RaftServerConfigKeys (ConfUtils.java:logGet(46)) - raft.server.threadpool.client.size = 0 (default)
2022-10-16 13:16:47,650 [Listener at 0.0.0.0/46027] INFO  reflections.Reflections (Reflections.java:scan(232)) - Reflections took 501 ms to scan 19 urls, producing 67 keys and 4232 values [using 2 cores]
2022-10-16 13:16:47,651 [Listener at 0.0.0.0/46027] INFO  ipc.CallQueueManager (CallQueueManager.java:<init>(90)) - Using callQueue: class java.util.concurrent.LinkedBlockingQueue, queueCapacity: 2000, scheduler: class org.apache.hadoop.ipc.DefaultRpcScheduler, ipcBackoff: false.
2022-10-16 13:16:47,652 [Socket Reader #1 for port 0] INFO  ipc.Server (Server.java:run(1273)) - Starting Socket Reader #1 for port 0
2022-10-16 13:16:47,668 [Listener at 127.0.0.1/38953] INFO  impl.MetricsSystemImpl (MetricsSystemImpl.java:init(158)) - OzoneManager metrics system started (again)
2022-10-16 13:16:47,677 [Listener at 127.0.0.1/38953] INFO  om.OzoneManager (OzoneManager.java:start(1482)) - OzoneManager RPC server is listening at localhost/127.0.0.1:38953
2022-10-16 13:16:47,678 [Listener at 127.0.0.1/38953] INFO  ratis.OzoneManagerRatisServer (OzoneManagerRatisServer.java:start(555)) - Starting OzoneManagerRatisServer om1 at port 9872
2022-10-16 13:16:47,678 [om1-impl-thread1] INFO  server.RaftServer$Division (RaftServerImpl.java:start(310)) - om1@group-C5BA1605619E: start as a follower, conf=-1: [om1|rpc:localhost:9872|priority:0], old=null
2022-10-16 13:16:47,678 [om1-impl-thread1] INFO  server.RaftServer$Division (RaftServerImpl.java:setRole(299)) - om1@group-C5BA1605619E: changes role from      null to FOLLOWER at term 0 for startAsFollower
2022-10-16 13:16:47,678 [om1-impl-thread1] INFO  impl.RoleInfo (RoleInfo.java:updateAndGet(139)) - om1: start om1@group-C5BA1605619E-FollowerState
2022-10-16 13:16:47,678 [om1-impl-thread1] INFO  util.JmxRegister (JmxRegister.java:tryRegister(44)) - Successfully registered JMX Bean with object name Ratis:service=RaftServer,group=group-C5BA1605619E,id=om1
2022-10-16 13:16:47,679 [Listener at 127.0.0.1/38953] INFO  server.RaftServer (RaftServerProxy.java:lambda$start$6(382)) - om1: start RPC server
2022-10-16 13:16:47,680 [Listener at 127.0.0.1/38953] INFO  server.GrpcService (GrpcService.java:startImpl(260)) - om1: GrpcService started, listening on 9872
2022-10-16 13:16:47,681 [Listener at 127.0.0.1/38953] INFO  om.OzoneManager (OzoneManager.java:start(1498)) - Version File has different layout version (3) than OM DB (null). That is expected if this OM has never been finalized to a newer layout version.
2022-10-16 13:16:47,681 [org.apache.ratis.util.JvmPauseMonitor$$Lambda$639/339294883@765b7509] INFO  util.JvmPauseMonitor (JvmPauseMonitor.java:run(103)) - JvmPauseMonitor-om1: Started
2022-10-16 13:16:47,683 [Listener at 127.0.0.1/38953] INFO  http.BaseHttpServer (BaseHttpServer.java:newHttpServer2BuilderForOzone(213)) - Starting Web-server for ozoneManager at: http://0.0.0.0:0
2022-10-16 13:16:47,683 [Listener at 127.0.0.1/38953] INFO  http.BaseHttpServer (BaseHttpServer.java:<init>(108)) - Hadoop Security Enabled: false Ozone Security Enabled: false Ozone HTTP Security Enabled: false 
2022-10-16 13:16:47,684 [Listener at 127.0.0.1/38953] WARN  server.AuthenticationFilter (AuthenticationFilter.java:constructSecretProvider(240)) - Unable to initialize FileSignerSecretProvider, falling back to use random secrets. Reason: Could not read signature secret file: /home/runner/hadoop-http-auth-signature-secret
2022-10-16 13:16:47,684 [Listener at 127.0.0.1/38953] WARN  http.HttpRequestLog (HttpRequestLog.java:getRequestLog(103)) - Jetty request log can only be enabled using Log4j
2022-10-16 13:16:47,685 [Listener at 127.0.0.1/38953] INFO  http.HttpServer2 (HttpServer2.java:addGlobalFilter(1031)) - Added global filter 'safety' (class=org.apache.hadoop.hdds.server.http.HttpServer2$QuotingInputFilter)
2022-10-16 13:16:47,685 [Listener at 127.0.0.1/38953] INFO  http.HttpServer2 (HttpServer2.java:addFilter(1007)) - Added filter static_user_filter (class=org.apache.hadoop.http.lib.StaticUserWebFilter$StaticUserFilter) to context ozoneManager
2022-10-16 13:16:47,685 [Listener at 127.0.0.1/38953] INFO  http.HttpServer2 (HttpServer2.java:addFilter(1015)) - Added filter static_user_filter (class=org.apache.hadoop.http.lib.StaticUserWebFilter$StaticUserFilter) to context logs
2022-10-16 13:16:47,686 [Listener at 127.0.0.1/38953] INFO  http.HttpServer2 (HttpServer2.java:addFilter(1015)) - Added filter static_user_filter (class=org.apache.hadoop.http.lib.StaticUserWebFilter$StaticUserFilter) to context static
2022-10-16 13:16:47,686 [Listener at 127.0.0.1/38953] INFO  http.HttpServer2 (HttpServer2.java:bindListener(1250)) - Jetty bound to port 36959
2022-10-16 13:16:47,686 [Listener at 127.0.0.1/38953] INFO  server.Server (Server.java:doStart(375)) - jetty-9.4.43.v20210629; built: 2021-06-30T11:07:22.254Z; git: 526006ecfa3af7f1a27ef3a288e2bef7ea9dd7e8; jvm 1.8.0_345-b01
2022-10-16 13:16:47,687 [Listener at 127.0.0.1/38953] INFO  server.session (DefaultSessionIdManager.java:doStart(334)) - DefaultSessionIdManager workerName=node0
2022-10-16 13:16:47,687 [Listener at 127.0.0.1/38953] INFO  server.session (DefaultSessionIdManager.java:doStart(339)) - No SessionScavenger set, using defaults
2022-10-16 13:16:47,687 [Listener at 127.0.0.1/38953] INFO  server.session (HouseKeeper.java:startScavenging(132)) - node0 Scavenging every 600000ms
2022-10-16 13:16:47,688 [Listener at 127.0.0.1/38953] INFO  handler.ContextHandler (ContextHandler.java:doStart(915)) - Started o.e.j.s.ServletContextHandler@7acf5e7{logs,/logs,file:///home/runner/work/ozone/ozone/hadoop-ozone/integration-test/target/log,AVAILABLE}
2022-10-16 13:16:47,688 [Listener at 127.0.0.1/38953] INFO  handler.ContextHandler (ContextHandler.java:doStart(915)) - Started o.e.j.s.ServletContextHandler@2d6b5f54{static,/static,file:///home/runner/work/ozone/ozone/hadoop-ozone/integration-test/target/test-classes/webapps/static,AVAILABLE}
2022-10-16 13:16:47,690 [Listener at 127.0.0.1/38953] INFO  handler.ContextHandler (ContextHandler.java:doStart(915)) - Started o.e.j.w.WebAppContext@2daaee0a{ozoneManager,/,file:///home/runner/work/ozone/ozone/hadoop-ozone/integration-test/target/test-classes/webapps/ozoneManager/,AVAILABLE}{file:/home/runner/work/ozone/ozone/hadoop-ozone/integration-test/target/test-classes/webapps/ozoneManager}
2022-10-16 13:16:47,692 [Listener at 127.0.0.1/38953] INFO  server.AbstractConnector (AbstractConnector.java:doStart(331)) - Started ServerConnector@b9521d{HTTP/1.1, (http/1.1)}{0.0.0.0:36959}
2022-10-16 13:16:47,692 [Listener at 127.0.0.1/38953] INFO  server.Server (Server.java:doStart(415)) - Started @188904ms
2022-10-16 13:16:47,692 [Listener at 127.0.0.1/38953] WARN  impl.MetricsSystemImpl (MetricsSystemImpl.java:register(279)) - Sink prometheus already exists!
2022-10-16 13:16:47,693 [Listener at 127.0.0.1/38953] INFO  http.BaseHttpServer (BaseHttpServer.java:updateConnectorAddress(333)) - HTTP server of ozoneManager listening at http://0.0.0.0:36959
2022-10-16 13:16:47,693 [IPC Server Responder] INFO  ipc.Server (Server.java:run(1512)) - IPC Server Responder: starting
2022-10-16 13:16:47,693 [IPC Server listener on 0] INFO  ipc.Server (Server.java:run(1352)) - IPC Server listener on 0: starting
2022-10-16 13:16:47,694 [Listener at 127.0.0.1/38953] INFO  om.OzoneManager (OzoneManager.java:startTrashEmptier(1919)) - Trash Interval set to 0. Files deleted won't move to trash
2022-10-16 13:16:47,704 [org.apache.hadoop.util.JvmPauseMonitor$Monitor@16ab0644] INFO  util.JvmPauseMonitor (JvmPauseMonitor.java:run(188)) - Starting JVM pause monitor
2022-10-16 13:16:47,711 [Listener at 127.0.0.1/38953] WARN  impl.MetricRegistriesImpl (MetricRegistriesImpl.java:addReporterRegistration(111)) - New reporters are added after registries were created. Some metrics will be missing from the reporter. Please add reporter before adding any new registry.
2022-10-16 13:16:47,712 [Listener at 127.0.0.1/38953] WARN  impl.MetricRegistriesImpl (MetricRegistriesImpl.java:addReporterRegistration(111)) - New reporters are added after registries were created. Some metrics will be missing from the reporter. Please add reporter before adding any new registry.
2022-10-16 13:16:47,712 [Listener at 127.0.0.1/38953] INFO  impl.MetricsSystemImpl (MetricsSystemImpl.java:init(158)) - HddsDatanode metrics system started (again)
2022-10-16 13:16:47,723 [Listener at 127.0.0.1/38953] INFO  ozone.HddsDatanodeService (HddsDatanodeService.java:start(236)) - HddsDatanodeService host:fv-az308-250.etcbaq1qs54eplwmrjlabigyle.cx.internal.cloudapp.net ip:10.1.0.60
2022-10-16 13:16:47,744 [Listener at 127.0.0.1/38953] INFO  upgrade.AbstractLayoutVersionManager (AbstractLayoutVersionManager.java:init(83)) - Initializing Layout version manager with metadata layout = DATANODE_SCHEMA_V3 (version = 4), software layout = DATANODE_SCHEMA_V3 (version = 4)
2022-10-16 13:16:47,785 [Listener at 127.0.0.1/38953] INFO  reflections.Reflections (Reflections.java:scan(232)) - Reflections took 38 ms to scan 7 urls, producing 137 keys and 328 values 
2022-10-16 13:16:47,786 [Listener at 127.0.0.1/38953] INFO  statemachine.DatanodeStateMachine (DatanodeStateMachine.java:getEndPointTaskThreadPoolSize(237)) - Datanode State Machine Task Thread Pool size 2
2022-10-16 13:16:47,787 [Listener at 127.0.0.1/38953] INFO  volume.HddsVolume (HddsVolume.java:<init>(117)) - Creating HddsVolume: /home/runner/work/ozone/ozone/hadoop-ozone/integration-test/target/test-dir/MiniOzoneClusterImpl-5315970d-89dc-4906-bf44-ab8df33b815f/datanode-0/data-0/containers/hdds of storage type : DISK capacity : 9223372036854775807
2022-10-16 13:16:47,787 [Listener at 127.0.0.1/38953] INFO  volume.MutableVolumeSet (MutableVolumeSet.java:initializeVolumeSet(174)) - Added Volume : /home/runner/work/ozone/ozone/hadoop-ozone/integration-test/target/test-dir/MiniOzoneClusterImpl-5315970d-89dc-4906-bf44-ab8df33b815f/datanode-0/data-0/containers/hdds to VolumeSet
2022-10-16 13:16:47,787 [Listener at 127.0.0.1/38953] INFO  volume.ThrottledAsyncChecker (ThrottledAsyncChecker.java:schedule(141)) - Scheduling a check for /home/runner/work/ozone/ozone/hadoop-ozone/integration-test/target/test-dir/MiniOzoneClusterImpl-5315970d-89dc-4906-bf44-ab8df33b815f/datanode-0/data-0/containers/hdds
2022-10-16 13:16:47,788 [Listener at 127.0.0.1/38953] INFO  volume.StorageVolumeChecker (StorageVolumeChecker.java:checkAllVolumes(202)) - Scheduled health check for volume /home/runner/work/ozone/ozone/hadoop-ozone/integration-test/target/test-dir/MiniOzoneClusterImpl-5315970d-89dc-4906-bf44-ab8df33b815f/datanode-0/data-0/containers/hdds
2022-10-16 13:16:47,798 [Listener at 127.0.0.1/38953] INFO  volume.MutableVolumeSet (MutableVolumeSet.java:initializeVolumeSet(174)) - Added Volume : /home/runner/work/ozone/ozone/hadoop-ozone/integration-test/target/test-dir/MiniOzoneClusterImpl-5315970d-89dc-4906-bf44-ab8df33b815f/datanode-0/data/ratis to VolumeSet
2022-10-16 13:16:47,798 [Listener at 127.0.0.1/38953] INFO  volume.ThrottledAsyncChecker (ThrottledAsyncChecker.java:schedule(141)) - Scheduling a check for /home/runner/work/ozone/ozone/hadoop-ozone/integration-test/target/test-dir/MiniOzoneClusterImpl-5315970d-89dc-4906-bf44-ab8df33b815f/datanode-0/data/ratis
2022-10-16 13:16:47,798 [Listener at 127.0.0.1/38953] INFO  volume.StorageVolumeChecker (StorageVolumeChecker.java:checkAllVolumes(202)) - Scheduled health check for volume /home/runner/work/ozone/ozone/hadoop-ozone/integration-test/target/test-dir/MiniOzoneClusterImpl-5315970d-89dc-4906-bf44-ab8df33b815f/datanode-0/data/ratis
2022-10-16 13:16:47,807 [Thread-2446] INFO  ozoneimpl.ContainerReader (ContainerReader.java:readVolume(175)) - Finish verifying containers on volume /home/runner/work/ozone/ozone/hadoop-ozone/integration-test/target/test-dir/MiniOzoneClusterImpl-5315970d-89dc-4906-bf44-ab8df33b815f/datanode-0/data-0/containers/hdds
2022-10-16 13:16:47,807 [Listener at 127.0.0.1/38953] INFO  ozoneimpl.OzoneContainer (OzoneContainer.java:buildContainerSet(300)) - Build ContainerSet costs 0s
2022-10-16 13:16:47,809 [Listener at 127.0.0.1/38953] INFO  server.RaftServer (ConfUtils.java:logGet(46)) - raft.rpc.type = GRPC (default)
2022-10-16 13:16:47,809 [Listener at 127.0.0.1/38953] INFO  grpc.GrpcFactory (GrpcFactory.java:checkPooledByteBufAllocatorUseCacheForAllThreads(48)) - PERFORMANCE WARNING: useCacheForAllThreads is true that may cause Netty to create a lot garbage objects and, as a result, trigger GC.
	It is recommended to disable useCacheForAllThreads by setting -Dorg.apache.ratis.thirdparty.io.netty.allocator.useCacheForAllThreads=false in command line.
2022-10-16 13:16:47,809 [Listener at 127.0.0.1/38953] INFO  grpc.GrpcConfigKeys (ConfUtils.java:logGet(46)) - raft.grpc.admin.port = 0 (custom)
2022-10-16 13:16:47,809 [Listener at 127.0.0.1/38953] INFO  grpc.GrpcConfigKeys (ConfUtils.java:logGet(46)) - raft.grpc.client.port = 0 (custom)
2022-10-16 13:16:47,809 [Listener at 127.0.0.1/38953] INFO  grpc.GrpcConfigKeys (ConfUtils.java:logGet(46)) - raft.grpc.server.port = 0 (default)
2022-10-16 13:16:47,809 [Listener at 127.0.0.1/38953] INFO  server.GrpcService (ConfUtils.java:logGet(46)) - raft.grpc.message.size.max = 32MB (=33554432) (custom)
2022-10-16 13:16:47,809 [Listener at 127.0.0.1/38953] INFO  server.RaftServerConfigKeys (ConfUtils.java:logGet(46)) - raft.server.log.appender.buffer.byte-limit = 33554432 (custom)
2022-10-16 13:16:47,809 [Listener at 127.0.0.1/38953] INFO  server.GrpcService (ConfUtils.java:logGet(46)) - raft.grpc.flow.control.window = 5MB (=5242880) (custom)
2022-10-16 13:16:47,809 [Listener at 127.0.0.1/38953] INFO  server.RaftServerConfigKeys (ConfUtils.java:logGet(46)) - raft.server.rpc.request.timeout = 60s (custom)
2022-10-16 13:16:47,809 [Listener at 127.0.0.1/38953] INFO  grpc.GrpcConfigKeys (ConfUtils.java:logGet(46)) - raft.grpc.server.async.request.thread.pool.cached = true (default)
2022-10-16 13:16:47,809 [Listener at 127.0.0.1/38953] INFO  grpc.GrpcConfigKeys (ConfUtils.java:logGet(46)) - raft.grpc.server.async.request.thread.pool.size = 32 (default)
2022-10-16 13:16:47,810 [Listener at 127.0.0.1/38953] INFO  impl.DataStreamServerImpl (ConfUtils.java:logGet(46)) - raft.datastream.type = DISABLED (default)
2022-10-16 13:16:47,810 [Listener at 127.0.0.1/38953] INFO  server.RaftServerConfigKeys (ConfUtils.java:logGet(46)) - raft.server.threadpool.proxy.cached = true (default)
2022-10-16 13:16:47,810 [Listener at 127.0.0.1/38953] INFO  server.RaftServerConfigKeys (ConfUtils.java:logGet(46)) - raft.server.threadpool.proxy.size = 0 (default)
2022-10-16 13:16:47,810 [Listener at 127.0.0.1/38953] INFO  server.RaftServerConfigKeys (ConfUtils.java:logGet(46)) - raft.server.rpc.slowness.timeout = 300s (custom)
2022-10-16 13:16:47,810 [Listener at 127.0.0.1/38953] INFO  server.RaftServerConfigKeys (ConfUtils.java:logGet(46)) - raft.server.leaderelection.leader.step-down.wait-time = 10s (default)
2022-10-16 13:16:47,811 [Listener at 127.0.0.1/38953] INFO  server.RaftServerConfigKeys (ConfUtils.java:logGet(46)) - raft.server.storage.dir = [/home/runner/work/ozone/ozone/hadoop-ozone/integration-test/target/test-dir/MiniOzoneClusterImpl-5315970d-89dc-4906-bf44-ab8df33b815f/datanode-0/data/ratis] (custom)
2022-10-16 13:16:47,812 [Listener at 127.0.0.1/38953] INFO  server.XceiverServerGrpc (XceiverServerGrpc.java:<init>(132)) - GrpcServer channel type EpollServerSocketChannel
2022-10-16 13:16:47,814 [Listener at 127.0.0.1/38953] INFO  http.BaseHttpServer (BaseHttpServer.java:newHttpServer2BuilderForOzone(213)) - Starting Web-server for hddsDatanode at: http://0.0.0.0:0
2022-10-16 13:16:47,814 [Listener at 127.0.0.1/38953] INFO  http.BaseHttpServer (BaseHttpServer.java:<init>(108)) - Hadoop Security Enabled: false Ozone Security Enabled: false Ozone HTTP Security Enabled: false 
2022-10-16 13:16:47,815 [Listener at 127.0.0.1/38953] WARN  server.AuthenticationFilter (AuthenticationFilter.java:constructSecretProvider(240)) - Unable to initialize FileSignerSecretProvider, falling back to use random secrets. Reason: Could not read signature secret file: /home/runner/hadoop-http-auth-signature-secret
2022-10-16 13:16:47,815 [Listener at 127.0.0.1/38953] WARN  http.HttpRequestLog (HttpRequestLog.java:getRequestLog(103)) - Jetty request log can only be enabled using Log4j
2022-10-16 13:16:47,816 [Listener at 127.0.0.1/38953] INFO  http.HttpServer2 (HttpServer2.java:addGlobalFilter(1031)) - Added global filter 'safety' (class=org.apache.hadoop.hdds.server.http.HttpServer2$QuotingInputFilter)
2022-10-16 13:16:47,816 [Listener at 127.0.0.1/38953] INFO  http.HttpServer2 (HttpServer2.java:addFilter(1007)) - Added filter static_user_filter (class=org.apache.hadoop.http.lib.StaticUserWebFilter$StaticUserFilter) to context hddsDatanode
2022-10-16 13:16:47,816 [Listener at 127.0.0.1/38953] INFO  http.HttpServer2 (HttpServer2.java:addFilter(1015)) - Added filter static_user_filter (class=org.apache.hadoop.http.lib.StaticUserWebFilter$StaticUserFilter) to context logs
2022-10-16 13:16:47,816 [Listener at 127.0.0.1/38953] INFO  http.HttpServer2 (HttpServer2.java:addFilter(1015)) - Added filter static_user_filter (class=org.apache.hadoop.http.lib.StaticUserWebFilter$StaticUserFilter) to context static
2022-10-16 13:16:47,817 [Listener at 127.0.0.1/38953] INFO  http.HttpServer2 (HttpServer2.java:bindListener(1250)) - Jetty bound to port 32777
2022-10-16 13:16:47,817 [Listener at 127.0.0.1/38953] INFO  server.Server (Server.java:doStart(375)) - jetty-9.4.43.v20210629; built: 2021-06-30T11:07:22.254Z; git: 526006ecfa3af7f1a27ef3a288e2bef7ea9dd7e8; jvm 1.8.0_345-b01
2022-10-16 13:16:47,818 [Listener at 127.0.0.1/38953] INFO  server.session (DefaultSessionIdManager.java:doStart(334)) - DefaultSessionIdManager workerName=node0
2022-10-16 13:16:47,818 [Listener at 127.0.0.1/38953] INFO  server.session (DefaultSessionIdManager.java:doStart(339)) - No SessionScavenger set, using defaults
2022-10-16 13:16:47,818 [Listener at 127.0.0.1/38953] INFO  server.session (HouseKeeper.java:startScavenging(132)) - node0 Scavenging every 660000ms
2022-10-16 13:16:47,819 [Listener at 127.0.0.1/38953] INFO  handler.ContextHandler (ContextHandler.java:doStart(915)) - Started o.e.j.s.ServletContextHandler@6978c1f8{logs,/logs,file:///home/runner/work/ozone/ozone/hadoop-ozone/integration-test/target/log,AVAILABLE}
2022-10-16 13:16:47,819 [Listener at 127.0.0.1/38953] INFO  handler.ContextHandler (ContextHandler.java:doStart(915)) - Started o.e.j.s.ServletContextHandler@33c16011{static,/static,jar:file:/home/runner/.m2/repository/org/apache/ozone/hdds-container-service/1.3.0-SNAPSHOT/hdds-container-service-1.3.0-SNAPSHOT.jar!/webapps/static,AVAILABLE}
2022-10-16 13:16:47,861 [ReplicationMonitor] INFO  replication.ReplicationManager (ReplicationManager.java:processAll(291)) - Replication Manager is not ready to run until 3000ms after safemode exit
2022-10-16 13:16:47,979 [Listener at 127.0.0.1/38953] INFO  handler.ContextHandler (ContextHandler.java:doStart(915)) - Started o.e.j.w.WebAppContext@37418e3b{hddsDatanode,/,file:///tmp/jetty-0_0_0_0-32777-hdds-container-service-1_3_0-SNAPSHOT_jar-_-any-4307846637755796821/webapp/,AVAILABLE}{jar:file:/home/runner/.m2/repository/org/apache/ozone/hdds-container-service/1.3.0-SNAPSHOT/hdds-container-service-1.3.0-SNAPSHOT.jar!/webapps/hddsDatanode}
2022-10-16 13:16:47,982 [Listener at 127.0.0.1/38953] INFO  server.AbstractConnector (AbstractConnector.java:doStart(331)) - Started ServerConnector@1a7d48fc{HTTP/1.1, (http/1.1)}{0.0.0.0:32777}
2022-10-16 13:16:47,982 [Listener at 127.0.0.1/38953] INFO  server.Server (Server.java:doStart(415)) - Started @189194ms
2022-10-16 13:16:47,982 [Listener at 127.0.0.1/38953] WARN  impl.MetricsSystemImpl (MetricsSystemImpl.java:register(279)) - Sink prometheus already exists!
2022-10-16 13:16:47,983 [Listener at 127.0.0.1/38953] INFO  http.BaseHttpServer (BaseHttpServer.java:updateConnectorAddress(333)) - HTTP server of hddsDatanode listening at http://0.0.0.0:32777
2022-10-16 13:16:47,983 [Datanode State Machine Daemon Thread] INFO  statemachine.DatanodeStateMachine (DatanodeStateMachine.java:lambda$startDaemon$0(492)) - Ozone container server started.
2022-10-16 13:16:47,983 [Listener at 127.0.0.1/38953] WARN  impl.MetricRegistriesImpl (MetricRegistriesImpl.java:addReporterRegistration(111)) - New reporters are added after registries were created. Some metrics will be missing from the reporter. Please add reporter before adding any new registry.
2022-10-16 13:16:47,984 [Listener at 127.0.0.1/38953] WARN  impl.MetricRegistriesImpl (MetricRegistriesImpl.java:addReporterRegistration(111)) - New reporters are added after registries were created. Some metrics will be missing from the reporter. Please add reporter before adding any new registry.
2022-10-16 13:16:47,984 [Listener at 127.0.0.1/38953] INFO  impl.MetricsSystemImpl (MetricsSystemImpl.java:init(158)) - HddsDatanode metrics system started (again)
2022-10-16 13:16:47,995 [Listener at 127.0.0.1/38953] INFO  ozone.HddsDatanodeService (HddsDatanodeService.java:start(236)) - HddsDatanodeService host:fv-az308-250.etcbaq1qs54eplwmrjlabigyle.cx.internal.cloudapp.net ip:10.1.0.60
2022-10-16 13:16:47,995 [org.apache.hadoop.util.JvmPauseMonitor$Monitor@26b247b6] INFO  util.JvmPauseMonitor (JvmPauseMonitor.java:run(188)) - Starting JVM pause monitor
2022-10-16 13:16:48,001 [Datanode State Machine Task Thread - 0] INFO  datanode.InitDatanodeState (InitDatanodeState.java:persistContainerDatanodeDetails(138)) - DatanodeDetails is persisted to /home/runner/work/ozone/ozone/hadoop-ozone/integration-test/target/test-dir/MiniOzoneClusterImpl-5315970d-89dc-4906-bf44-ab8df33b815f/datanode-0/meta/datanode.id
2022-10-16 13:16:48,015 [Listener at 127.0.0.1/38953] INFO  upgrade.AbstractLayoutVersionManager (AbstractLayoutVersionManager.java:init(83)) - Initializing Layout version manager with metadata layout = DATANODE_SCHEMA_V3 (version = 4), software layout = DATANODE_SCHEMA_V3 (version = 4)
2022-10-16 13:16:48,055 [Listener at 127.0.0.1/38953] INFO  reflections.Reflections (Reflections.java:scan(232)) - Reflections took 39 ms to scan 7 urls, producing 137 keys and 328 values 
2022-10-16 13:16:48,056 [Listener at 127.0.0.1/38953] INFO  statemachine.DatanodeStateMachine (DatanodeStateMachine.java:getEndPointTaskThreadPoolSize(237)) - Datanode State Machine Task Thread Pool size 2
2022-10-16 13:16:48,058 [Listener at 127.0.0.1/38953] INFO  volume.HddsVolume (HddsVolume.java:<init>(117)) - Creating HddsVolume: /home/runner/work/ozone/ozone/hadoop-ozone/integration-test/target/test-dir/MiniOzoneClusterImpl-5315970d-89dc-4906-bf44-ab8df33b815f/datanode-1/data-0/containers/hdds of storage type : DISK capacity : 9223372036854775807
2022-10-16 13:16:48,058 [Listener at 127.0.0.1/38953] INFO  volume.MutableVolumeSet (MutableVolumeSet.java:initializeVolumeSet(174)) - Added Volume : /home/runner/work/ozone/ozone/hadoop-ozone/integration-test/target/test-dir/MiniOzoneClusterImpl-5315970d-89dc-4906-bf44-ab8df33b815f/datanode-1/data-0/containers/hdds to VolumeSet
2022-10-16 13:16:48,058 [Listener at 127.0.0.1/38953] INFO  volume.ThrottledAsyncChecker (ThrottledAsyncChecker.java:schedule(141)) - Scheduling a check for /home/runner/work/ozone/ozone/hadoop-ozone/integration-test/target/test-dir/MiniOzoneClusterImpl-5315970d-89dc-4906-bf44-ab8df33b815f/datanode-1/data-0/containers/hdds
2022-10-16 13:16:48,059 [Listener at 127.0.0.1/38953] INFO  volume.StorageVolumeChecker (StorageVolumeChecker.java:checkAllVolumes(202)) - Scheduled health check for volume /home/runner/work/ozone/ozone/hadoop-ozone/integration-test/target/test-dir/MiniOzoneClusterImpl-5315970d-89dc-4906-bf44-ab8df33b815f/datanode-1/data-0/containers/hdds
2022-10-16 13:16:48,069 [Listener at 127.0.0.1/38953] INFO  volume.MutableVolumeSet (MutableVolumeSet.java:initializeVolumeSet(174)) - Added Volume : /home/runner/work/ozone/ozone/hadoop-ozone/integration-test/target/test-dir/MiniOzoneClusterImpl-5315970d-89dc-4906-bf44-ab8df33b815f/datanode-1/data/ratis to VolumeSet
2022-10-16 13:16:48,070 [Listener at 127.0.0.1/38953] INFO  volume.ThrottledAsyncChecker (ThrottledAsyncChecker.java:schedule(141)) - Scheduling a check for /home/runner/work/ozone/ozone/hadoop-ozone/integration-test/target/test-dir/MiniOzoneClusterImpl-5315970d-89dc-4906-bf44-ab8df33b815f/datanode-1/data/ratis
2022-10-16 13:16:48,070 [Listener at 127.0.0.1/38953] INFO  volume.StorageVolumeChecker (StorageVolumeChecker.java:checkAllVolumes(202)) - Scheduled health check for volume /home/runner/work/ozone/ozone/hadoop-ozone/integration-test/target/test-dir/MiniOzoneClusterImpl-5315970d-89dc-4906-bf44-ab8df33b815f/datanode-1/data/ratis
2022-10-16 13:16:48,079 [Thread-2459] INFO  ozoneimpl.ContainerReader (ContainerReader.java:readVolume(175)) - Finish verifying containers on volume /home/runner/work/ozone/ozone/hadoop-ozone/integration-test/target/test-dir/MiniOzoneClusterImpl-5315970d-89dc-4906-bf44-ab8df33b815f/datanode-1/data-0/containers/hdds
2022-10-16 13:16:48,079 [Listener at 127.0.0.1/38953] INFO  ozoneimpl.OzoneContainer (OzoneContainer.java:buildContainerSet(300)) - Build ContainerSet costs 0s
2022-10-16 13:16:48,081 [Listener at 127.0.0.1/38953] INFO  server.RaftServer (ConfUtils.java:logGet(46)) - raft.rpc.type = GRPC (default)
2022-10-16 13:16:48,081 [Listener at 127.0.0.1/38953] INFO  grpc.GrpcFactory (GrpcFactory.java:checkPooledByteBufAllocatorUseCacheForAllThreads(48)) - PERFORMANCE WARNING: useCacheForAllThreads is true that may cause Netty to create a lot garbage objects and, as a result, trigger GC.
	It is recommended to disable useCacheForAllThreads by setting -Dorg.apache.ratis.thirdparty.io.netty.allocator.useCacheForAllThreads=false in command line.
2022-10-16 13:16:48,081 [Listener at 127.0.0.1/38953] INFO  grpc.GrpcConfigKeys (ConfUtils.java:logGet(46)) - raft.grpc.admin.port = 0 (custom)
2022-10-16 13:16:48,081 [Listener at 127.0.0.1/38953] INFO  grpc.GrpcConfigKeys (ConfUtils.java:logGet(46)) - raft.grpc.client.port = 0 (custom)
2022-10-16 13:16:48,081 [Listener at 127.0.0.1/38953] INFO  grpc.GrpcConfigKeys (ConfUtils.java:logGet(46)) - raft.grpc.server.port = 0 (default)
2022-10-16 13:16:48,081 [Listener at 127.0.0.1/38953] INFO  server.GrpcService (ConfUtils.java:logGet(46)) - raft.grpc.message.size.max = 32MB (=33554432) (custom)
2022-10-16 13:16:48,081 [Listener at 127.0.0.1/38953] INFO  server.RaftServerConfigKeys (ConfUtils.java:logGet(46)) - raft.server.log.appender.buffer.byte-limit = 33554432 (custom)
2022-10-16 13:16:48,081 [Listener at 127.0.0.1/38953] INFO  server.GrpcService (ConfUtils.java:logGet(46)) - raft.grpc.flow.control.window = 5MB (=5242880) (custom)
2022-10-16 13:16:48,081 [Listener at 127.0.0.1/38953] INFO  server.RaftServerConfigKeys (ConfUtils.java:logGet(46)) - raft.server.rpc.request.timeout = 60s (custom)
2022-10-16 13:16:48,082 [Listener at 127.0.0.1/38953] INFO  grpc.GrpcConfigKeys (ConfUtils.java:logGet(46)) - raft.grpc.server.async.request.thread.pool.cached = true (default)
2022-10-16 13:16:48,082 [Listener at 127.0.0.1/38953] INFO  grpc.GrpcConfigKeys (ConfUtils.java:logGet(46)) - raft.grpc.server.async.request.thread.pool.size = 32 (default)
2022-10-16 13:16:48,083 [Listener at 127.0.0.1/38953] INFO  impl.DataStreamServerImpl (ConfUtils.java:logGet(46)) - raft.datastream.type = DISABLED (default)
2022-10-16 13:16:48,083 [Listener at 127.0.0.1/38953] INFO  server.RaftServerConfigKeys (ConfUtils.java:logGet(46)) - raft.server.threadpool.proxy.cached = true (default)
2022-10-16 13:16:48,083 [Listener at 127.0.0.1/38953] INFO  server.RaftServerConfigKeys (ConfUtils.java:logGet(46)) - raft.server.threadpool.proxy.size = 0 (default)
2022-10-16 13:16:48,083 [Listener at 127.0.0.1/38953] INFO  server.RaftServerConfigKeys (ConfUtils.java:logGet(46)) - raft.server.rpc.slowness.timeout = 300s (custom)
2022-10-16 13:16:48,083 [Listener at 127.0.0.1/38953] INFO  server.RaftServerConfigKeys (ConfUtils.java:logGet(46)) - raft.server.leaderelection.leader.step-down.wait-time = 10s (default)
2022-10-16 13:16:48,083 [Listener at 127.0.0.1/38953] INFO  server.RaftServerConfigKeys (ConfUtils.java:logGet(46)) - raft.server.storage.dir = [/home/runner/work/ozone/ozone/hadoop-ozone/integration-test/target/test-dir/MiniOzoneClusterImpl-5315970d-89dc-4906-bf44-ab8df33b815f/datanode-1/data/ratis] (custom)
2022-10-16 13:16:48,084 [Listener at 127.0.0.1/38953] INFO  server.XceiverServerGrpc (XceiverServerGrpc.java:<init>(132)) - GrpcServer channel type EpollServerSocketChannel
2022-10-16 13:16:48,088 [Listener at 127.0.0.1/38953] INFO  http.BaseHttpServer (BaseHttpServer.java:newHttpServer2BuilderForOzone(213)) - Starting Web-server for hddsDatanode at: http://0.0.0.0:0
2022-10-16 13:16:48,088 [Listener at 127.0.0.1/38953] INFO  http.BaseHttpServer (BaseHttpServer.java:<init>(108)) - Hadoop Security Enabled: false Ozone Security Enabled: false Ozone HTTP Security Enabled: false 
2022-10-16 13:16:48,089 [Listener at 127.0.0.1/38953] WARN  server.AuthenticationFilter (AuthenticationFilter.java:constructSecretProvider(240)) - Unable to initialize FileSignerSecretProvider, falling back to use random secrets. Reason: Could not read signature secret file: /home/runner/hadoop-http-auth-signature-secret
2022-10-16 13:16:48,089 [Listener at 127.0.0.1/38953] WARN  http.HttpRequestLog (HttpRequestLog.java:getRequestLog(103)) - Jetty request log can only be enabled using Log4j
2022-10-16 13:16:48,090 [Listener at 127.0.0.1/38953] INFO  http.HttpServer2 (HttpServer2.java:addGlobalFilter(1031)) - Added global filter 'safety' (class=org.apache.hadoop.hdds.server.http.HttpServer2$QuotingInputFilter)
2022-10-16 13:16:48,090 [Listener at 127.0.0.1/38953] INFO  http.HttpServer2 (HttpServer2.java:addFilter(1007)) - Added filter static_user_filter (class=org.apache.hadoop.http.lib.StaticUserWebFilter$StaticUserFilter) to context hddsDatanode
2022-10-16 13:16:48,091 [Listener at 127.0.0.1/38953] INFO  http.HttpServer2 (HttpServer2.java:addFilter(1015)) - Added filter static_user_filter (class=org.apache.hadoop.http.lib.StaticUserWebFilter$StaticUserFilter) to context logs
2022-10-16 13:16:48,091 [Listener at 127.0.0.1/38953] INFO  http.HttpServer2 (HttpServer2.java:addFilter(1015)) - Added filter static_user_filter (class=org.apache.hadoop.http.lib.StaticUserWebFilter$StaticUserFilter) to context static
2022-10-16 13:16:48,091 [Listener at 127.0.0.1/38953] INFO  http.HttpServer2 (HttpServer2.java:bindListener(1250)) - Jetty bound to port 43051
2022-10-16 13:16:48,091 [Listener at 127.0.0.1/38953] INFO  server.Server (Server.java:doStart(375)) - jetty-9.4.43.v20210629; built: 2021-06-30T11:07:22.254Z; git: 526006ecfa3af7f1a27ef3a288e2bef7ea9dd7e8; jvm 1.8.0_345-b01
2022-10-16 13:16:48,096 [Listener at 127.0.0.1/38953] INFO  server.session (DefaultSessionIdManager.java:doStart(334)) - DefaultSessionIdManager workerName=node0
2022-10-16 13:16:48,096 [Listener at 127.0.0.1/38953] INFO  server.session (DefaultSessionIdManager.java:doStart(339)) - No SessionScavenger set, using defaults
2022-10-16 13:16:48,096 [Listener at 127.0.0.1/38953] INFO  server.session (HouseKeeper.java:startScavenging(132)) - node0 Scavenging every 660000ms
2022-10-16 13:16:48,100 [Listener at 127.0.0.1/38953] INFO  handler.ContextHandler (ContextHandler.java:doStart(915)) - Started o.e.j.s.ServletContextHandler@5161614b{logs,/logs,file:///home/runner/work/ozone/ozone/hadoop-ozone/integration-test/target/log,AVAILABLE}
2022-10-16 13:16:48,100 [Listener at 127.0.0.1/38953] INFO  handler.ContextHandler (ContextHandler.java:doStart(915)) - Started o.e.j.s.ServletContextHandler@6aca4c40{static,/static,jar:file:/home/runner/.m2/repository/org/apache/ozone/hdds-container-service/1.3.0-SNAPSHOT/hdds-container-service-1.3.0-SNAPSHOT.jar!/webapps/static,AVAILABLE}
2022-10-16 13:16:48,139 [ReplicationMonitor] INFO  replication.ReplicationManager (ReplicationManager.java:processAll(324)) - Replication Monitor Thread took 0 milliseconds for processing 7 containers.
2022-10-16 13:16:48,261 [Listener at 127.0.0.1/38953] INFO  handler.ContextHandler (ContextHandler.java:doStart(915)) - Started o.e.j.w.WebAppContext@6940b4b{hddsDatanode,/,file:///tmp/jetty-0_0_0_0-43051-hdds-container-service-1_3_0-SNAPSHOT_jar-_-any-3157836082753787986/webapp/,AVAILABLE}{jar:file:/home/runner/.m2/repository/org/apache/ozone/hdds-container-service/1.3.0-SNAPSHOT/hdds-container-service-1.3.0-SNAPSHOT.jar!/webapps/hddsDatanode}
2022-10-16 13:16:48,262 [Listener at 127.0.0.1/38953] INFO  server.AbstractConnector (AbstractConnector.java:doStart(331)) - Started ServerConnector@76ed063a{HTTP/1.1, (http/1.1)}{0.0.0.0:43051}
2022-10-16 13:16:48,262 [Listener at 127.0.0.1/38953] INFO  server.Server (Server.java:doStart(415)) - Started @189474ms
2022-10-16 13:16:48,262 [Listener at 127.0.0.1/38953] WARN  impl.MetricsSystemImpl (MetricsSystemImpl.java:register(279)) - Sink prometheus already exists!
2022-10-16 13:16:48,263 [Listener at 127.0.0.1/38953] INFO  http.BaseHttpServer (BaseHttpServer.java:updateConnectorAddress(333)) - HTTP server of hddsDatanode listening at http://0.0.0.0:43051
2022-10-16 13:16:48,264 [Listener at 127.0.0.1/38953] WARN  impl.MetricRegistriesImpl (MetricRegistriesImpl.java:addReporterRegistration(111)) - New reporters are added after registries were created. Some metrics will be missing from the reporter. Please add reporter before adding any new registry.
2022-10-16 13:16:48,264 [Listener at 127.0.0.1/38953] WARN  impl.MetricRegistriesImpl (MetricRegistriesImpl.java:addReporterRegistration(111)) - New reporters are added after registries were created. Some metrics will be missing from the reporter. Please add reporter before adding any new registry.
2022-10-16 13:16:48,264 [Listener at 127.0.0.1/38953] INFO  impl.MetricsSystemImpl (MetricsSystemImpl.java:init(158)) - HddsDatanode metrics system started (again)
2022-10-16 13:16:48,267 [Datanode State Machine Daemon Thread] INFO  statemachine.DatanodeStateMachine (DatanodeStateMachine.java:lambda$startDaemon$0(492)) - Ozone container server started.
2022-10-16 13:16:48,281 [Listener at 127.0.0.1/38953] INFO  ozone.HddsDatanodeService (HddsDatanodeService.java:start(236)) - HddsDatanodeService host:fv-az308-250.etcbaq1qs54eplwmrjlabigyle.cx.internal.cloudapp.net ip:10.1.0.60
2022-10-16 13:16:48,282 [org.apache.hadoop.util.JvmPauseMonitor$Monitor@4479a9e7] INFO  util.JvmPauseMonitor (JvmPauseMonitor.java:run(188)) - Starting JVM pause monitor
2022-10-16 13:16:48,294 [Datanode State Machine Task Thread - 0] INFO  datanode.InitDatanodeState (InitDatanodeState.java:persistContainerDatanodeDetails(138)) - DatanodeDetails is persisted to /home/runner/work/ozone/ozone/hadoop-ozone/integration-test/target/test-dir/MiniOzoneClusterImpl-5315970d-89dc-4906-bf44-ab8df33b815f/datanode-1/meta/datanode.id
2022-10-16 13:16:48,321 [Listener at 127.0.0.1/38953] INFO  upgrade.AbstractLayoutVersionManager (AbstractLayoutVersionManager.java:init(83)) - Initializing Layout version manager with metadata layout = DATANODE_SCHEMA_V3 (version = 4), software layout = DATANODE_SCHEMA_V3 (version = 4)
2022-10-16 13:16:48,360 [Listener at 127.0.0.1/38953] INFO  reflections.Reflections (Reflections.java:scan(232)) - Reflections took 38 ms to scan 7 urls, producing 137 keys and 328 values 
2022-10-16 13:16:48,361 [Listener at 127.0.0.1/38953] INFO  statemachine.DatanodeStateMachine (DatanodeStateMachine.java:getEndPointTaskThreadPoolSize(237)) - Datanode State Machine Task Thread Pool size 2
2022-10-16 13:16:48,363 [Listener at 127.0.0.1/38953] INFO  volume.HddsVolume (HddsVolume.java:<init>(117)) - Creating HddsVolume: /home/runner/work/ozone/ozone/hadoop-ozone/integration-test/target/test-dir/MiniOzoneClusterImpl-5315970d-89dc-4906-bf44-ab8df33b815f/datanode-2/data-0/containers/hdds of storage type : DISK capacity : 9223372036854775807
2022-10-16 13:16:48,363 [Listener at 127.0.0.1/38953] INFO  volume.MutableVolumeSet (MutableVolumeSet.java:initializeVolumeSet(174)) - Added Volume : /home/runner/work/ozone/ozone/hadoop-ozone/integration-test/target/test-dir/MiniOzoneClusterImpl-5315970d-89dc-4906-bf44-ab8df33b815f/datanode-2/data-0/containers/hdds to VolumeSet
2022-10-16 13:16:48,363 [Listener at 127.0.0.1/38953] INFO  volume.ThrottledAsyncChecker (ThrottledAsyncChecker.java:schedule(141)) - Scheduling a check for /home/runner/work/ozone/ozone/hadoop-ozone/integration-test/target/test-dir/MiniOzoneClusterImpl-5315970d-89dc-4906-bf44-ab8df33b815f/datanode-2/data-0/containers/hdds
2022-10-16 13:16:48,363 [Listener at 127.0.0.1/38953] INFO  volume.StorageVolumeChecker (StorageVolumeChecker.java:checkAllVolumes(202)) - Scheduled health check for volume /home/runner/work/ozone/ozone/hadoop-ozone/integration-test/target/test-dir/MiniOzoneClusterImpl-5315970d-89dc-4906-bf44-ab8df33b815f/datanode-2/data-0/containers/hdds
2022-10-16 13:16:48,373 [Listener at 127.0.0.1/38953] INFO  volume.MutableVolumeSet (MutableVolumeSet.java:initializeVolumeSet(174)) - Added Volume : /home/runner/work/ozone/ozone/hadoop-ozone/integration-test/target/test-dir/MiniOzoneClusterImpl-5315970d-89dc-4906-bf44-ab8df33b815f/datanode-2/data/ratis to VolumeSet
2022-10-16 13:16:48,374 [Listener at 127.0.0.1/38953] INFO  volume.ThrottledAsyncChecker (ThrottledAsyncChecker.java:schedule(141)) - Scheduling a check for /home/runner/work/ozone/ozone/hadoop-ozone/integration-test/target/test-dir/MiniOzoneClusterImpl-5315970d-89dc-4906-bf44-ab8df33b815f/datanode-2/data/ratis
2022-10-16 13:16:48,374 [Listener at 127.0.0.1/38953] INFO  volume.StorageVolumeChecker (StorageVolumeChecker.java:checkAllVolumes(202)) - Scheduled health check for volume /home/runner/work/ozone/ozone/hadoop-ozone/integration-test/target/test-dir/MiniOzoneClusterImpl-5315970d-89dc-4906-bf44-ab8df33b815f/datanode-2/data/ratis
2022-10-16 13:16:48,383 [Thread-2472] INFO  ozoneimpl.ContainerReader (ContainerReader.java:readVolume(175)) - Finish verifying containers on volume /home/runner/work/ozone/ozone/hadoop-ozone/integration-test/target/test-dir/MiniOzoneClusterImpl-5315970d-89dc-4906-bf44-ab8df33b815f/datanode-2/data-0/containers/hdds
2022-10-16 13:16:48,383 [Listener at 127.0.0.1/38953] INFO  ozoneimpl.OzoneContainer (OzoneContainer.java:buildContainerSet(300)) - Build ContainerSet costs 0s
2022-10-16 13:16:48,385 [Listener at 127.0.0.1/38953] INFO  server.RaftServer (ConfUtils.java:logGet(46)) - raft.rpc.type = GRPC (default)
2022-10-16 13:16:48,385 [Listener at 127.0.0.1/38953] INFO  grpc.GrpcFactory (GrpcFactory.java:checkPooledByteBufAllocatorUseCacheForAllThreads(48)) - PERFORMANCE WARNING: useCacheForAllThreads is true that may cause Netty to create a lot garbage objects and, as a result, trigger GC.
	It is recommended to disable useCacheForAllThreads by setting -Dorg.apache.ratis.thirdparty.io.netty.allocator.useCacheForAllThreads=false in command line.
2022-10-16 13:16:48,385 [Listener at 127.0.0.1/38953] INFO  grpc.GrpcConfigKeys (ConfUtils.java:logGet(46)) - raft.grpc.admin.port = 0 (custom)
2022-10-16 13:16:48,385 [Listener at 127.0.0.1/38953] INFO  grpc.GrpcConfigKeys (ConfUtils.java:logGet(46)) - raft.grpc.client.port = 0 (custom)
2022-10-16 13:16:48,385 [Listener at 127.0.0.1/38953] INFO  grpc.GrpcConfigKeys (ConfUtils.java:logGet(46)) - raft.grpc.server.port = 0 (default)
2022-10-16 13:16:48,385 [Listener at 127.0.0.1/38953] INFO  server.GrpcService (ConfUtils.java:logGet(46)) - raft.grpc.message.size.max = 32MB (=33554432) (custom)
2022-10-16 13:16:48,385 [Listener at 127.0.0.1/38953] INFO  server.RaftServerConfigKeys (ConfUtils.java:logGet(46)) - raft.server.log.appender.buffer.byte-limit = 33554432 (custom)
2022-10-16 13:16:48,385 [Listener at 127.0.0.1/38953] INFO  server.GrpcService (ConfUtils.java:logGet(46)) - raft.grpc.flow.control.window = 5MB (=5242880) (custom)
2022-10-16 13:16:48,385 [Listener at 127.0.0.1/38953] INFO  server.RaftServerConfigKeys (ConfUtils.java:logGet(46)) - raft.server.rpc.request.timeout = 60s (custom)
2022-10-16 13:16:48,385 [Listener at 127.0.0.1/38953] INFO  grpc.GrpcConfigKeys (ConfUtils.java:logGet(46)) - raft.grpc.server.async.request.thread.pool.cached = true (default)
2022-10-16 13:16:48,385 [Listener at 127.0.0.1/38953] INFO  grpc.GrpcConfigKeys (ConfUtils.java:logGet(46)) - raft.grpc.server.async.request.thread.pool.size = 32 (default)
2022-10-16 13:16:48,388 [Listener at 127.0.0.1/38953] INFO  impl.DataStreamServerImpl (ConfUtils.java:logGet(46)) - raft.datastream.type = DISABLED (default)
2022-10-16 13:16:48,388 [Listener at 127.0.0.1/38953] INFO  server.RaftServerConfigKeys (ConfUtils.java:logGet(46)) - raft.server.threadpool.proxy.cached = true (default)
2022-10-16 13:16:48,388 [Listener at 127.0.0.1/38953] INFO  server.RaftServerConfigKeys (ConfUtils.java:logGet(46)) - raft.server.threadpool.proxy.size = 0 (default)
2022-10-16 13:16:48,388 [Listener at 127.0.0.1/38953] INFO  server.RaftServerConfigKeys (ConfUtils.java:logGet(46)) - raft.server.rpc.slowness.timeout = 300s (custom)
2022-10-16 13:16:48,388 [Listener at 127.0.0.1/38953] INFO  server.RaftServerConfigKeys (ConfUtils.java:logGet(46)) - raft.server.leaderelection.leader.step-down.wait-time = 10s (default)
2022-10-16 13:16:48,388 [Listener at 127.0.0.1/38953] INFO  server.RaftServerConfigKeys (ConfUtils.java:logGet(46)) - raft.server.storage.dir = [/home/runner/work/ozone/ozone/hadoop-ozone/integration-test/target/test-dir/MiniOzoneClusterImpl-5315970d-89dc-4906-bf44-ab8df33b815f/datanode-2/data/ratis] (custom)
2022-10-16 13:16:48,394 [Listener at 127.0.0.1/38953] INFO  server.XceiverServerGrpc (XceiverServerGrpc.java:<init>(132)) - GrpcServer channel type EpollServerSocketChannel
2022-10-16 13:16:48,396 [Listener at 127.0.0.1/38953] INFO  http.BaseHttpServer (BaseHttpServer.java:newHttpServer2BuilderForOzone(213)) - Starting Web-server for hddsDatanode at: http://0.0.0.0:0
2022-10-16 13:16:48,396 [Listener at 127.0.0.1/38953] INFO  http.BaseHttpServer (BaseHttpServer.java:<init>(108)) - Hadoop Security Enabled: false Ozone Security Enabled: false Ozone HTTP Security Enabled: false 
2022-10-16 13:16:48,397 [Listener at 127.0.0.1/38953] WARN  server.AuthenticationFilter (AuthenticationFilter.java:constructSecretProvider(240)) - Unable to initialize FileSignerSecretProvider, falling back to use random secrets. Reason: Could not read signature secret file: /home/runner/hadoop-http-auth-signature-secret
2022-10-16 13:16:48,397 [Listener at 127.0.0.1/38953] WARN  http.HttpRequestLog (HttpRequestLog.java:getRequestLog(103)) - Jetty request log can only be enabled using Log4j
2022-10-16 13:16:48,398 [Listener at 127.0.0.1/38953] INFO  http.HttpServer2 (HttpServer2.java:addGlobalFilter(1031)) - Added global filter 'safety' (class=org.apache.hadoop.hdds.server.http.HttpServer2$QuotingInputFilter)
2022-10-16 13:16:48,399 [Listener at 127.0.0.1/38953] INFO  http.HttpServer2 (HttpServer2.java:addFilter(1007)) - Added filter static_user_filter (class=org.apache.hadoop.http.lib.StaticUserWebFilter$StaticUserFilter) to context hddsDatanode
2022-10-16 13:16:48,399 [Listener at 127.0.0.1/38953] INFO  http.HttpServer2 (HttpServer2.java:addFilter(1015)) - Added filter static_user_filter (class=org.apache.hadoop.http.lib.StaticUserWebFilter$StaticUserFilter) to context static
2022-10-16 13:16:48,399 [Listener at 127.0.0.1/38953] INFO  http.HttpServer2 (HttpServer2.java:addFilter(1015)) - Added filter static_user_filter (class=org.apache.hadoop.http.lib.StaticUserWebFilter$StaticUserFilter) to context logs
2022-10-16 13:16:48,399 [Listener at 127.0.0.1/38953] INFO  http.HttpServer2 (HttpServer2.java:bindListener(1250)) - Jetty bound to port 33467
2022-10-16 13:16:48,399 [Listener at 127.0.0.1/38953] INFO  server.Server (Server.java:doStart(375)) - jetty-9.4.43.v20210629; built: 2021-06-30T11:07:22.254Z; git: 526006ecfa3af7f1a27ef3a288e2bef7ea9dd7e8; jvm 1.8.0_345-b01
2022-10-16 13:16:48,402 [Listener at 127.0.0.1/38953] INFO  server.session (DefaultSessionIdManager.java:doStart(334)) - DefaultSessionIdManager workerName=node0
2022-10-16 13:16:48,402 [Listener at 127.0.0.1/38953] INFO  server.session (DefaultSessionIdManager.java:doStart(339)) - No SessionScavenger set, using defaults
2022-10-16 13:16:48,402 [Listener at 127.0.0.1/38953] INFO  server.session (HouseKeeper.java:startScavenging(132)) - node0 Scavenging every 660000ms
2022-10-16 13:16:48,402 [Listener at 127.0.0.1/38953] INFO  handler.ContextHandler (ContextHandler.java:doStart(915)) - Started o.e.j.s.ServletContextHandler@633e3782{logs,/logs,file:///home/runner/work/ozone/ozone/hadoop-ozone/integration-test/target/log,AVAILABLE}
2022-10-16 13:16:48,402 [Listener at 127.0.0.1/38953] INFO  handler.ContextHandler (ContextHandler.java:doStart(915)) - Started o.e.j.s.ServletContextHandler@31608190{static,/static,jar:file:/home/runner/.m2/repository/org/apache/ozone/hdds-container-service/1.3.0-SNAPSHOT/hdds-container-service-1.3.0-SNAPSHOT.jar!/webapps/static,AVAILABLE}
2022-10-16 13:16:48,562 [Listener at 127.0.0.1/38953] INFO  handler.ContextHandler (ContextHandler.java:doStart(915)) - Started o.e.j.w.WebAppContext@30b4d2a5{hddsDatanode,/,file:///tmp/jetty-0_0_0_0-33467-hdds-container-service-1_3_0-SNAPSHOT_jar-_-any-9083561627327878955/webapp/,AVAILABLE}{jar:file:/home/runner/.m2/repository/org/apache/ozone/hdds-container-service/1.3.0-SNAPSHOT/hdds-container-service-1.3.0-SNAPSHOT.jar!/webapps/hddsDatanode}
2022-10-16 13:16:48,564 [Listener at 127.0.0.1/38953] INFO  server.AbstractConnector (AbstractConnector.java:doStart(331)) - Started ServerConnector@4a92a525{HTTP/1.1, (http/1.1)}{0.0.0.0:33467}
2022-10-16 13:16:48,564 [Listener at 127.0.0.1/38953] INFO  server.Server (Server.java:doStart(415)) - Started @189776ms
2022-10-16 13:16:48,564 [Listener at 127.0.0.1/38953] WARN  impl.MetricsSystemImpl (MetricsSystemImpl.java:register(279)) - Sink prometheus already exists!
2022-10-16 13:16:48,564 [Listener at 127.0.0.1/38953] INFO  http.BaseHttpServer (BaseHttpServer.java:updateConnectorAddress(333)) - HTTP server of hddsDatanode listening at http://0.0.0.0:33467
2022-10-16 13:16:48,565 [Listener at 127.0.0.1/38953] WARN  impl.MetricRegistriesImpl (MetricRegistriesImpl.java:addReporterRegistration(111)) - New reporters are added after registries were created. Some metrics will be missing from the reporter. Please add reporter before adding any new registry.
2022-10-16 13:16:48,565 [Listener at 127.0.0.1/38953] WARN  impl.MetricRegistriesImpl (MetricRegistriesImpl.java:addReporterRegistration(111)) - New reporters are added after registries were created. Some metrics will be missing from the reporter. Please add reporter before adding any new registry.
2022-10-16 13:16:48,565 [Listener at 127.0.0.1/38953] INFO  impl.MetricsSystemImpl (MetricsSystemImpl.java:init(158)) - HddsDatanode metrics system started (again)
2022-10-16 13:16:48,572 [Datanode State Machine Daemon Thread] INFO  statemachine.DatanodeStateMachine (DatanodeStateMachine.java:lambda$startDaemon$0(492)) - Ozone container server started.
2022-10-16 13:16:48,577 [Listener at 127.0.0.1/38953] INFO  ozone.HddsDatanodeService (HddsDatanodeService.java:start(236)) - HddsDatanodeService host:fv-az308-250.etcbaq1qs54eplwmrjlabigyle.cx.internal.cloudapp.net ip:10.1.0.60
2022-10-16 13:16:48,587 [org.apache.hadoop.util.JvmPauseMonitor$Monitor@74e795d8] INFO  util.JvmPauseMonitor (JvmPauseMonitor.java:run(188)) - Starting JVM pause monitor
2022-10-16 13:16:48,588 [Datanode State Machine Task Thread - 0] INFO  datanode.InitDatanodeState (InitDatanodeState.java:persistContainerDatanodeDetails(138)) - DatanodeDetails is persisted to /home/runner/work/ozone/ozone/hadoop-ozone/integration-test/target/test-dir/MiniOzoneClusterImpl-5315970d-89dc-4906-bf44-ab8df33b815f/datanode-2/meta/datanode.id
2022-10-16 13:16:48,602 [Listener at 127.0.0.1/38953] INFO  upgrade.AbstractLayoutVersionManager (AbstractLayoutVersionManager.java:init(83)) - Initializing Layout version manager with metadata layout = DATANODE_SCHEMA_V3 (version = 4), software layout = DATANODE_SCHEMA_V3 (version = 4)
2022-10-16 13:16:48,641 [Listener at 127.0.0.1/38953] INFO  reflections.Reflections (Reflections.java:scan(232)) - Reflections took 38 ms to scan 7 urls, producing 137 keys and 328 values 
2022-10-16 13:16:48,642 [Listener at 127.0.0.1/38953] INFO  statemachine.DatanodeStateMachine (DatanodeStateMachine.java:getEndPointTaskThreadPoolSize(237)) - Datanode State Machine Task Thread Pool size 2
2022-10-16 13:16:48,643 [Listener at 127.0.0.1/38953] INFO  volume.HddsVolume (HddsVolume.java:<init>(117)) - Creating HddsVolume: /home/runner/work/ozone/ozone/hadoop-ozone/integration-test/target/test-dir/MiniOzoneClusterImpl-5315970d-89dc-4906-bf44-ab8df33b815f/datanode-3/data-0/containers/hdds of storage type : DISK capacity : 9223372036854775807
2022-10-16 13:16:48,643 [Listener at 127.0.0.1/38953] INFO  volume.MutableVolumeSet (MutableVolumeSet.java:initializeVolumeSet(174)) - Added Volume : /home/runner/work/ozone/ozone/hadoop-ozone/integration-test/target/test-dir/MiniOzoneClusterImpl-5315970d-89dc-4906-bf44-ab8df33b815f/datanode-3/data-0/containers/hdds to VolumeSet
2022-10-16 13:16:48,643 [Listener at 127.0.0.1/38953] INFO  volume.ThrottledAsyncChecker (ThrottledAsyncChecker.java:schedule(141)) - Scheduling a check for /home/runner/work/ozone/ozone/hadoop-ozone/integration-test/target/test-dir/MiniOzoneClusterImpl-5315970d-89dc-4906-bf44-ab8df33b815f/datanode-3/data-0/containers/hdds
2022-10-16 13:16:48,644 [Listener at 127.0.0.1/38953] INFO  volume.StorageVolumeChecker (StorageVolumeChecker.java:checkAllVolumes(202)) - Scheduled health check for volume /home/runner/work/ozone/ozone/hadoop-ozone/integration-test/target/test-dir/MiniOzoneClusterImpl-5315970d-89dc-4906-bf44-ab8df33b815f/datanode-3/data-0/containers/hdds
2022-10-16 13:16:48,654 [Listener at 127.0.0.1/38953] INFO  volume.MutableVolumeSet (MutableVolumeSet.java:initializeVolumeSet(174)) - Added Volume : /home/runner/work/ozone/ozone/hadoop-ozone/integration-test/target/test-dir/MiniOzoneClusterImpl-5315970d-89dc-4906-bf44-ab8df33b815f/datanode-3/data/ratis to VolumeSet
2022-10-16 13:16:48,654 [Listener at 127.0.0.1/38953] INFO  volume.ThrottledAsyncChecker (ThrottledAsyncChecker.java:schedule(141)) - Scheduling a check for /home/runner/work/ozone/ozone/hadoop-ozone/integration-test/target/test-dir/MiniOzoneClusterImpl-5315970d-89dc-4906-bf44-ab8df33b815f/datanode-3/data/ratis
2022-10-16 13:16:48,654 [Listener at 127.0.0.1/38953] INFO  volume.StorageVolumeChecker (StorageVolumeChecker.java:checkAllVolumes(202)) - Scheduled health check for volume /home/runner/work/ozone/ozone/hadoop-ozone/integration-test/target/test-dir/MiniOzoneClusterImpl-5315970d-89dc-4906-bf44-ab8df33b815f/datanode-3/data/ratis
2022-10-16 13:16:48,664 [Thread-2487] INFO  ozoneimpl.ContainerReader (ContainerReader.java:readVolume(175)) - Finish verifying containers on volume /home/runner/work/ozone/ozone/hadoop-ozone/integration-test/target/test-dir/MiniOzoneClusterImpl-5315970d-89dc-4906-bf44-ab8df33b815f/datanode-3/data-0/containers/hdds
2022-10-16 13:16:48,664 [Listener at 127.0.0.1/38953] INFO  ozoneimpl.OzoneContainer (OzoneContainer.java:buildContainerSet(300)) - Build ContainerSet costs 0s
2022-10-16 13:16:48,665 [Listener at 127.0.0.1/38953] INFO  server.RaftServer (ConfUtils.java:logGet(46)) - raft.rpc.type = GRPC (default)
2022-10-16 13:16:48,665 [Listener at 127.0.0.1/38953] INFO  grpc.GrpcFactory (GrpcFactory.java:checkPooledByteBufAllocatorUseCacheForAllThreads(48)) - PERFORMANCE WARNING: useCacheForAllThreads is true that may cause Netty to create a lot garbage objects and, as a result, trigger GC.
	It is recommended to disable useCacheForAllThreads by setting -Dorg.apache.ratis.thirdparty.io.netty.allocator.useCacheForAllThreads=false in command line.
2022-10-16 13:16:48,665 [Listener at 127.0.0.1/38953] INFO  grpc.GrpcConfigKeys (ConfUtils.java:logGet(46)) - raft.grpc.admin.port = 0 (custom)
2022-10-16 13:16:48,665 [Listener at 127.0.0.1/38953] INFO  grpc.GrpcConfigKeys (ConfUtils.java:logGet(46)) - raft.grpc.client.port = 0 (custom)
2022-10-16 13:16:48,665 [Listener at 127.0.0.1/38953] INFO  grpc.GrpcConfigKeys (ConfUtils.java:logGet(46)) - raft.grpc.server.port = 0 (default)
2022-10-16 13:16:48,666 [Listener at 127.0.0.1/38953] INFO  server.GrpcService (ConfUtils.java:logGet(46)) - raft.grpc.message.size.max = 32MB (=33554432) (custom)
2022-10-16 13:16:48,666 [Listener at 127.0.0.1/38953] INFO  server.RaftServerConfigKeys (ConfUtils.java:logGet(46)) - raft.server.log.appender.buffer.byte-limit = 33554432 (custom)
2022-10-16 13:16:48,666 [Listener at 127.0.0.1/38953] INFO  server.GrpcService (ConfUtils.java:logGet(46)) - raft.grpc.flow.control.window = 5MB (=5242880) (custom)
2022-10-16 13:16:48,666 [Listener at 127.0.0.1/38953] INFO  server.RaftServerConfigKeys (ConfUtils.java:logGet(46)) - raft.server.rpc.request.timeout = 60s (custom)
2022-10-16 13:16:48,666 [Listener at 127.0.0.1/38953] INFO  grpc.GrpcConfigKeys (ConfUtils.java:logGet(46)) - raft.grpc.server.async.request.thread.pool.cached = true (default)
2022-10-16 13:16:48,666 [Listener at 127.0.0.1/38953] INFO  grpc.GrpcConfigKeys (ConfUtils.java:logGet(46)) - raft.grpc.server.async.request.thread.pool.size = 32 (default)
2022-10-16 13:16:48,667 [Listener at 127.0.0.1/38953] INFO  impl.DataStreamServerImpl (ConfUtils.java:logGet(46)) - raft.datastream.type = DISABLED (default)
2022-10-16 13:16:48,667 [Listener at 127.0.0.1/38953] INFO  server.RaftServerConfigKeys (ConfUtils.java:logGet(46)) - raft.server.threadpool.proxy.cached = true (default)
2022-10-16 13:16:48,667 [Listener at 127.0.0.1/38953] INFO  server.RaftServerConfigKeys (ConfUtils.java:logGet(46)) - raft.server.threadpool.proxy.size = 0 (default)
2022-10-16 13:16:48,667 [Listener at 127.0.0.1/38953] INFO  server.RaftServerConfigKeys (ConfUtils.java:logGet(46)) - raft.server.rpc.slowness.timeout = 300s (custom)
2022-10-16 13:16:48,667 [Listener at 127.0.0.1/38953] INFO  server.RaftServerConfigKeys (ConfUtils.java:logGet(46)) - raft.server.leaderelection.leader.step-down.wait-time = 10s (default)
2022-10-16 13:16:48,667 [Listener at 127.0.0.1/38953] INFO  server.RaftServerConfigKeys (ConfUtils.java:logGet(46)) - raft.server.storage.dir = [/home/runner/work/ozone/ozone/hadoop-ozone/integration-test/target/test-dir/MiniOzoneClusterImpl-5315970d-89dc-4906-bf44-ab8df33b815f/datanode-3/data/ratis] (custom)
2022-10-16 13:16:48,668 [Listener at 127.0.0.1/38953] INFO  server.XceiverServerGrpc (XceiverServerGrpc.java:<init>(132)) - GrpcServer channel type EpollServerSocketChannel
2022-10-16 13:16:48,670 [Listener at 127.0.0.1/38953] INFO  http.BaseHttpServer (BaseHttpServer.java:newHttpServer2BuilderForOzone(213)) - Starting Web-server for hddsDatanode at: http://0.0.0.0:0
2022-10-16 13:16:48,670 [Listener at 127.0.0.1/38953] INFO  http.BaseHttpServer (BaseHttpServer.java:<init>(108)) - Hadoop Security Enabled: false Ozone Security Enabled: false Ozone HTTP Security Enabled: false 
2022-10-16 13:16:48,671 [Listener at 127.0.0.1/38953] WARN  server.AuthenticationFilter (AuthenticationFilter.java:constructSecretProvider(240)) - Unable to initialize FileSignerSecretProvider, falling back to use random secrets. Reason: Could not read signature secret file: /home/runner/hadoop-http-auth-signature-secret
2022-10-16 13:16:48,671 [Listener at 127.0.0.1/38953] WARN  http.HttpRequestLog (HttpRequestLog.java:getRequestLog(103)) - Jetty request log can only be enabled using Log4j
2022-10-16 13:16:48,672 [Listener at 127.0.0.1/38953] INFO  http.HttpServer2 (HttpServer2.java:addGlobalFilter(1031)) - Added global filter 'safety' (class=org.apache.hadoop.hdds.server.http.HttpServer2$QuotingInputFilter)
2022-10-16 13:16:48,672 [Listener at 127.0.0.1/38953] INFO  http.HttpServer2 (HttpServer2.java:addFilter(1007)) - Added filter static_user_filter (class=org.apache.hadoop.http.lib.StaticUserWebFilter$StaticUserFilter) to context hddsDatanode
2022-10-16 13:16:48,672 [Listener at 127.0.0.1/38953] INFO  http.HttpServer2 (HttpServer2.java:addFilter(1015)) - Added filter static_user_filter (class=org.apache.hadoop.http.lib.StaticUserWebFilter$StaticUserFilter) to context logs
2022-10-16 13:16:48,673 [Listener at 127.0.0.1/38953] INFO  http.HttpServer2 (HttpServer2.java:addFilter(1015)) - Added filter static_user_filter (class=org.apache.hadoop.http.lib.StaticUserWebFilter$StaticUserFilter) to context static
2022-10-16 13:16:48,673 [Listener at 127.0.0.1/38953] INFO  http.HttpServer2 (HttpServer2.java:bindListener(1250)) - Jetty bound to port 38361
2022-10-16 13:16:48,673 [Listener at 127.0.0.1/38953] INFO  server.Server (Server.java:doStart(375)) - jetty-9.4.43.v20210629; built: 2021-06-30T11:07:22.254Z; git: 526006ecfa3af7f1a27ef3a288e2bef7ea9dd7e8; jvm 1.8.0_345-b01
2022-10-16 13:16:48,674 [Listener at 127.0.0.1/38953] INFO  server.session (DefaultSessionIdManager.java:doStart(334)) - DefaultSessionIdManager workerName=node0
2022-10-16 13:16:48,674 [Listener at 127.0.0.1/38953] INFO  server.session (DefaultSessionIdManager.java:doStart(339)) - No SessionScavenger set, using defaults
2022-10-16 13:16:48,674 [Listener at 127.0.0.1/38953] INFO  server.session (HouseKeeper.java:startScavenging(132)) - node0 Scavenging every 660000ms
2022-10-16 13:16:48,674 [Listener at 127.0.0.1/38953] INFO  handler.ContextHandler (ContextHandler.java:doStart(915)) - Started o.e.j.s.ServletContextHandler@478b07f2{logs,/logs,file:///home/runner/work/ozone/ozone/hadoop-ozone/integration-test/target/log,AVAILABLE}
2022-10-16 13:16:48,675 [Listener at 127.0.0.1/38953] INFO  handler.ContextHandler (ContextHandler.java:doStart(915)) - Started o.e.j.s.ServletContextHandler@57bb8b55{static,/static,jar:file:/home/runner/.m2/repository/org/apache/ozone/hdds-container-service/1.3.0-SNAPSHOT/hdds-container-service-1.3.0-SNAPSHOT.jar!/webapps/static,AVAILABLE}
2022-10-16 13:16:48,816 [om1@group-C5BA1605619E-FollowerState] INFO  impl.FollowerState (FollowerState.java:run(143)) - om1@group-C5BA1605619E-FollowerState: change to CANDIDATE, lastRpcElapsedTime:1138176353ns, electionTimeout:1137ms
2022-10-16 13:16:48,816 [om1@group-C5BA1605619E-FollowerState] INFO  impl.RoleInfo (RoleInfo.java:shutdownFollowerState(110)) - om1: shutdown om1@group-C5BA1605619E-FollowerState
2022-10-16 13:16:48,816 [om1@group-C5BA1605619E-FollowerState] INFO  server.RaftServer$Division (RaftServerImpl.java:setRole(299)) - om1@group-C5BA1605619E: changes role from  FOLLOWER to CANDIDATE at term 0 for changeToCandidate
2022-10-16 13:16:48,816 [om1@group-C5BA1605619E-FollowerState] INFO  server.RaftServerConfigKeys (ConfUtils.java:logGet(46)) - raft.server.leaderelection.pre-vote = false (custom)
2022-10-16 13:16:48,816 [om1@group-C5BA1605619E-FollowerState] INFO  impl.RoleInfo (RoleInfo.java:updateAndGet(139)) - om1: start om1@group-C5BA1605619E-LeaderElection33
2022-10-16 13:16:48,829 [om1@group-C5BA1605619E-LeaderElection33] INFO  impl.LeaderElection (LeaderElection.java:askForVotes(310)) - om1@group-C5BA1605619E-LeaderElection33 ELECTION round 0: submit vote requests at term 1 for -1: [om1|rpc:localhost:9872|priority:0], old=null
2022-10-16 13:16:48,829 [om1@group-C5BA1605619E-LeaderElection33] INFO  impl.LeaderElection (LeaderElection.java:askForVotes(312)) - om1@group-C5BA1605619E-LeaderElection33 ELECTION round 0: result PASSED (term=1)
2022-10-16 13:16:48,829 [om1@group-C5BA1605619E-LeaderElection33] INFO  impl.RoleInfo (RoleInfo.java:shutdownLeaderElection(130)) - om1: shutdown om1@group-C5BA1605619E-LeaderElection33
2022-10-16 13:16:48,829 [om1@group-C5BA1605619E-LeaderElection33] INFO  server.RaftServer$Division (RaftServerImpl.java:setRole(299)) - om1@group-C5BA1605619E: changes role from CANDIDATE to LEADER at term 1 for changeToLeader
2022-10-16 13:16:48,829 [om1@group-C5BA1605619E-LeaderElection33] INFO  server.RaftServer$Division (ServerState.java:setLeader(287)) - om1@group-C5BA1605619E: change Leader from null to om1 at term 1 for becomeLeader, leader elected after 1676ms
2022-10-16 13:16:48,829 [om1@group-C5BA1605619E-LeaderElection33] INFO  server.RaftServerConfigKeys (ConfUtils.java:logGet(46)) - raft.server.staging.catchup.gap = 1000 (default)
2022-10-16 13:16:48,830 [om1@group-C5BA1605619E-LeaderElection33] INFO  server.RaftServerConfigKeys (ConfUtils.java:logGet(46)) - raft.server.write.element-limit = 4096 (default)
2022-10-16 13:16:48,830 [om1@group-C5BA1605619E-LeaderElection33] INFO  server.RaftServerConfigKeys (ConfUtils.java:logGet(46)) - raft.server.write.byte-limit = 64MB (=67108864) (default)
2022-10-16 13:16:48,830 [om1@group-C5BA1605619E-LeaderElection33] INFO  server.RaftServerConfigKeys (ConfUtils.java:logGet(46)) - raft.server.watch.timeout = 10s (default)
2022-10-16 13:16:48,830 [om1@group-C5BA1605619E-LeaderElection33] INFO  server.RaftServerConfigKeys (ConfUtils.java:logGet(46)) - raft.server.watch.timeout.denomination = 1s (default)
2022-10-16 13:16:48,830 [om1@group-C5BA1605619E-LeaderElection33] INFO  server.RaftServerConfigKeys (ConfUtils.java:logGet(46)) - raft.server.watch.element-limit = 65536 (default)
2022-10-16 13:16:48,830 [om1@group-C5BA1605619E-LeaderElection33] INFO  server.RaftServerConfigKeys (ConfUtils.java:logGet(46)) - raft.server.write.element-limit = 4096 (default)
2022-10-16 13:16:48,830 [om1@group-C5BA1605619E-LeaderElection33] INFO  server.RaftServerConfigKeys (ConfUtils.java:logGet(46)) - raft.server.write.follower.gap.ratio.max = -1.0 (default)
2022-10-16 13:16:48,830 [om1@group-C5BA1605619E-LeaderElection33] INFO  impl.RoleInfo (RoleInfo.java:updateAndGet(139)) - om1: start om1@group-C5BA1605619E-LeaderStateImpl
2022-10-16 13:16:48,831 [om1@group-C5BA1605619E-LeaderElection33] INFO  segmented.SegmentedRaftLogWorker (SegmentedRaftLogWorker.java:startLogSegment(425)) - om1@group-C5BA1605619E-SegmentedRaftLogWorker: Starting segment from index:0
2022-10-16 13:16:48,836 [om1@group-C5BA1605619E-LeaderElection33] INFO  server.RaftServer$Division (ServerState.java:setRaftConf(393)) - om1@group-C5BA1605619E: set configuration 0: [om1|rpc:localhost:9872|admin:|client:|dataStream:|priority:0], old=null
2022-10-16 13:16:48,841 [om1@group-C5BA1605619E-SegmentedRaftLogWorker] INFO  segmented.SegmentedRaftLogWorker (SegmentedRaftLogWorker.java:execute(629)) - om1@group-C5BA1605619E-SegmentedRaftLogWorker: created new log segment /home/runner/work/ozone/ozone/hadoop-ozone/integration-test/target/test-dir/MiniOzoneClusterImpl-5315970d-89dc-4906-bf44-ab8df33b815f/ozone-meta/ratis/bf265839-605b-3f16-9796-c5ba1605619e/current/log_inprogress_0
2022-10-16 13:16:48,841 [Listener at 127.0.0.1/38953] INFO  handler.ContextHandler (ContextHandler.java:doStart(915)) - Started o.e.j.w.WebAppContext@2aead01e{hddsDatanode,/,file:///tmp/jetty-0_0_0_0-38361-hdds-container-service-1_3_0-SNAPSHOT_jar-_-any-5127800472142790616/webapp/,AVAILABLE}{jar:file:/home/runner/.m2/repository/org/apache/ozone/hdds-container-service/1.3.0-SNAPSHOT/hdds-container-service-1.3.0-SNAPSHOT.jar!/webapps/hddsDatanode}
2022-10-16 13:16:48,843 [Listener at 127.0.0.1/38953] INFO  server.AbstractConnector (AbstractConnector.java:doStart(331)) - Started ServerConnector@3f1a191c{HTTP/1.1, (http/1.1)}{0.0.0.0:38361}
2022-10-16 13:16:48,843 [Listener at 127.0.0.1/38953] INFO  server.Server (Server.java:doStart(415)) - Started @190055ms
2022-10-16 13:16:48,843 [Listener at 127.0.0.1/38953] WARN  impl.MetricsSystemImpl (MetricsSystemImpl.java:register(279)) - Sink prometheus already exists!
2022-10-16 13:16:48,843 [om1@group-C5BA1605619E-StateMachineUpdater] INFO  ratis.OzoneManagerStateMachine (OzoneManagerStateMachine.java:notifyConfigurationChanged(192)) - Received Configuration change notification from Ratis. New Peer list:
[id: "om1"
address: "localhost:9872"
]
2022-10-16 13:16:48,844 [Listener at 127.0.0.1/38953] INFO  http.BaseHttpServer (BaseHttpServer.java:updateConnectorAddress(333)) - HTTP server of hddsDatanode listening at http://0.0.0.0:38361
2022-10-16 13:16:48,845 [Datanode State Machine Daemon Thread] INFO  statemachine.DatanodeStateMachine (DatanodeStateMachine.java:lambda$startDaemon$0(492)) - Ozone container server started.
2022-10-16 13:16:48,845 [Listener at 127.0.0.1/38953] WARN  impl.MetricRegistriesImpl (MetricRegistriesImpl.java:addReporterRegistration(111)) - New reporters are added after registries were created. Some metrics will be missing from the reporter. Please add reporter before adding any new registry.
2022-10-16 13:16:48,846 [Listener at 127.0.0.1/38953] WARN  impl.MetricRegistriesImpl (MetricRegistriesImpl.java:addReporterRegistration(111)) - New reporters are added after registries were created. Some metrics will be missing from the reporter. Please add reporter before adding any new registry.
2022-10-16 13:16:48,846 [Listener at 127.0.0.1/38953] INFO  impl.MetricsSystemImpl (MetricsSystemImpl.java:init(158)) - HddsDatanode metrics system started (again)
2022-10-16 13:16:48,854 [org.apache.hadoop.util.JvmPauseMonitor$Monitor@6c030518] INFO  util.JvmPauseMonitor (JvmPauseMonitor.java:run(188)) - Starting JVM pause monitor
2022-10-16 13:16:48,857 [Datanode State Machine Task Thread - 0] INFO  datanode.InitDatanodeState (InitDatanodeState.java:persistContainerDatanodeDetails(138)) - DatanodeDetails is persisted to /home/runner/work/ozone/ozone/hadoop-ozone/integration-test/target/test-dir/MiniOzoneClusterImpl-5315970d-89dc-4906-bf44-ab8df33b815f/datanode-3/meta/datanode.id
2022-10-16 13:16:48,860 [Listener at 127.0.0.1/38953] INFO  ozone.HddsDatanodeService (HddsDatanodeService.java:start(236)) - HddsDatanodeService host:fv-az308-250.etcbaq1qs54eplwmrjlabigyle.cx.internal.cloudapp.net ip:10.1.0.60
2022-10-16 13:16:48,861 [ReplicationMonitor] INFO  replication.ReplicationManager (ReplicationManager.java:processAll(291)) - Replication Manager is not ready to run until 3000ms after safemode exit
2022-10-16 13:16:48,877 [Listener at 127.0.0.1/38953] INFO  upgrade.AbstractLayoutVersionManager (AbstractLayoutVersionManager.java:init(83)) - Initializing Layout version manager with metadata layout = DATANODE_SCHEMA_V3 (version = 4), software layout = DATANODE_SCHEMA_V3 (version = 4)
2022-10-16 13:16:48,917 [Listener at 127.0.0.1/38953] INFO  reflections.Reflections (Reflections.java:scan(232)) - Reflections took 39 ms to scan 7 urls, producing 137 keys and 328 values 
2022-10-16 13:16:48,918 [Listener at 127.0.0.1/38953] INFO  statemachine.DatanodeStateMachine (DatanodeStateMachine.java:getEndPointTaskThreadPoolSize(237)) - Datanode State Machine Task Thread Pool size 2
2022-10-16 13:16:48,919 [Listener at 127.0.0.1/38953] INFO  volume.HddsVolume (HddsVolume.java:<init>(117)) - Creating HddsVolume: /home/runner/work/ozone/ozone/hadoop-ozone/integration-test/target/test-dir/MiniOzoneClusterImpl-5315970d-89dc-4906-bf44-ab8df33b815f/datanode-4/data-0/containers/hdds of storage type : DISK capacity : 9223372036854775807
2022-10-16 13:16:48,919 [Listener at 127.0.0.1/38953] INFO  volume.MutableVolumeSet (MutableVolumeSet.java:initializeVolumeSet(174)) - Added Volume : /home/runner/work/ozone/ozone/hadoop-ozone/integration-test/target/test-dir/MiniOzoneClusterImpl-5315970d-89dc-4906-bf44-ab8df33b815f/datanode-4/data-0/containers/hdds to VolumeSet
2022-10-16 13:16:48,919 [Listener at 127.0.0.1/38953] INFO  volume.ThrottledAsyncChecker (ThrottledAsyncChecker.java:schedule(141)) - Scheduling a check for /home/runner/work/ozone/ozone/hadoop-ozone/integration-test/target/test-dir/MiniOzoneClusterImpl-5315970d-89dc-4906-bf44-ab8df33b815f/datanode-4/data-0/containers/hdds
2022-10-16 13:16:48,920 [Listener at 127.0.0.1/38953] INFO  volume.StorageVolumeChecker (StorageVolumeChecker.java:checkAllVolumes(202)) - Scheduled health check for volume /home/runner/work/ozone/ozone/hadoop-ozone/integration-test/target/test-dir/MiniOzoneClusterImpl-5315970d-89dc-4906-bf44-ab8df33b815f/datanode-4/data-0/containers/hdds
2022-10-16 13:16:48,930 [Listener at 127.0.0.1/38953] INFO  volume.MutableVolumeSet (MutableVolumeSet.java:initializeVolumeSet(174)) - Added Volume : /home/runner/work/ozone/ozone/hadoop-ozone/integration-test/target/test-dir/MiniOzoneClusterImpl-5315970d-89dc-4906-bf44-ab8df33b815f/datanode-4/data/ratis to VolumeSet
2022-10-16 13:16:48,931 [Listener at 127.0.0.1/38953] INFO  volume.ThrottledAsyncChecker (ThrottledAsyncChecker.java:schedule(141)) - Scheduling a check for /home/runner/work/ozone/ozone/hadoop-ozone/integration-test/target/test-dir/MiniOzoneClusterImpl-5315970d-89dc-4906-bf44-ab8df33b815f/datanode-4/data/ratis
2022-10-16 13:16:48,931 [Listener at 127.0.0.1/38953] INFO  volume.StorageVolumeChecker (StorageVolumeChecker.java:checkAllVolumes(202)) - Scheduled health check for volume /home/runner/work/ozone/ozone/hadoop-ozone/integration-test/target/test-dir/MiniOzoneClusterImpl-5315970d-89dc-4906-bf44-ab8df33b815f/datanode-4/data/ratis
2022-10-16 13:16:48,941 [Thread-2502] INFO  ozoneimpl.ContainerReader (ContainerReader.java:readVolume(175)) - Finish verifying containers on volume /home/runner/work/ozone/ozone/hadoop-ozone/integration-test/target/test-dir/MiniOzoneClusterImpl-5315970d-89dc-4906-bf44-ab8df33b815f/datanode-4/data-0/containers/hdds
2022-10-16 13:16:48,941 [Listener at 127.0.0.1/38953] INFO  ozoneimpl.OzoneContainer (OzoneContainer.java:buildContainerSet(300)) - Build ContainerSet costs 0s
2022-10-16 13:16:48,943 [Listener at 127.0.0.1/38953] INFO  server.RaftServer (ConfUtils.java:logGet(46)) - raft.rpc.type = GRPC (default)
2022-10-16 13:16:48,943 [Listener at 127.0.0.1/38953] INFO  grpc.GrpcFactory (GrpcFactory.java:checkPooledByteBufAllocatorUseCacheForAllThreads(48)) - PERFORMANCE WARNING: useCacheForAllThreads is true that may cause Netty to create a lot garbage objects and, as a result, trigger GC.
	It is recommended to disable useCacheForAllThreads by setting -Dorg.apache.ratis.thirdparty.io.netty.allocator.useCacheForAllThreads=false in command line.
2022-10-16 13:16:48,943 [Listener at 127.0.0.1/38953] INFO  grpc.GrpcConfigKeys (ConfUtils.java:logGet(46)) - raft.grpc.admin.port = 0 (custom)
2022-10-16 13:16:48,943 [Listener at 127.0.0.1/38953] INFO  grpc.GrpcConfigKeys (ConfUtils.java:logGet(46)) - raft.grpc.client.port = 0 (custom)
2022-10-16 13:16:48,943 [Listener at 127.0.0.1/38953] INFO  grpc.GrpcConfigKeys (ConfUtils.java:logGet(46)) - raft.grpc.server.port = 0 (default)
2022-10-16 13:16:48,943 [Listener at 127.0.0.1/38953] INFO  server.GrpcService (ConfUtils.java:logGet(46)) - raft.grpc.message.size.max = 32MB (=33554432) (custom)
2022-10-16 13:16:48,943 [Listener at 127.0.0.1/38953] INFO  server.RaftServerConfigKeys (ConfUtils.java:logGet(46)) - raft.server.log.appender.buffer.byte-limit = 33554432 (custom)
2022-10-16 13:16:48,943 [Listener at 127.0.0.1/38953] INFO  server.GrpcService (ConfUtils.java:logGet(46)) - raft.grpc.flow.control.window = 5MB (=5242880) (custom)
2022-10-16 13:16:48,943 [Listener at 127.0.0.1/38953] INFO  server.RaftServerConfigKeys (ConfUtils.java:logGet(46)) - raft.server.rpc.request.timeout = 60s (custom)
2022-10-16 13:16:48,943 [Listener at 127.0.0.1/38953] INFO  grpc.GrpcConfigKeys (ConfUtils.java:logGet(46)) - raft.grpc.server.async.request.thread.pool.cached = true (default)
2022-10-16 13:16:48,943 [Listener at 127.0.0.1/38953] INFO  grpc.GrpcConfigKeys (ConfUtils.java:logGet(46)) - raft.grpc.server.async.request.thread.pool.size = 32 (default)
2022-10-16 13:16:48,944 [Listener at 127.0.0.1/38953] INFO  impl.DataStreamServerImpl (ConfUtils.java:logGet(46)) - raft.datastream.type = DISABLED (default)
2022-10-16 13:16:48,944 [Listener at 127.0.0.1/38953] INFO  server.RaftServerConfigKeys (ConfUtils.java:logGet(46)) - raft.server.threadpool.proxy.cached = true (default)
2022-10-16 13:16:48,944 [Listener at 127.0.0.1/38953] INFO  server.RaftServerConfigKeys (ConfUtils.java:logGet(46)) - raft.server.threadpool.proxy.size = 0 (default)
2022-10-16 13:16:48,944 [Listener at 127.0.0.1/38953] INFO  server.RaftServerConfigKeys (ConfUtils.java:logGet(46)) - raft.server.rpc.slowness.timeout = 300s (custom)
2022-10-16 13:16:48,944 [Listener at 127.0.0.1/38953] INFO  server.RaftServerConfigKeys (ConfUtils.java:logGet(46)) - raft.server.leaderelection.leader.step-down.wait-time = 10s (default)
2022-10-16 13:16:48,945 [Listener at 127.0.0.1/38953] INFO  server.RaftServerConfigKeys (ConfUtils.java:logGet(46)) - raft.server.storage.dir = [/home/runner/work/ozone/ozone/hadoop-ozone/integration-test/target/test-dir/MiniOzoneClusterImpl-5315970d-89dc-4906-bf44-ab8df33b815f/datanode-4/data/ratis] (custom)
2022-10-16 13:16:48,946 [Listener at 127.0.0.1/38953] INFO  server.XceiverServerGrpc (XceiverServerGrpc.java:<init>(132)) - GrpcServer channel type EpollServerSocketChannel
2022-10-16 13:16:48,948 [Listener at 127.0.0.1/38953] INFO  http.BaseHttpServer (BaseHttpServer.java:newHttpServer2BuilderForOzone(213)) - Starting Web-server for hddsDatanode at: http://0.0.0.0:0
2022-10-16 13:16:48,948 [Listener at 127.0.0.1/38953] INFO  http.BaseHttpServer (BaseHttpServer.java:<init>(108)) - Hadoop Security Enabled: false Ozone Security Enabled: false Ozone HTTP Security Enabled: false 
2022-10-16 13:16:48,949 [Listener at 127.0.0.1/38953] WARN  server.AuthenticationFilter (AuthenticationFilter.java:constructSecretProvider(240)) - Unable to initialize FileSignerSecretProvider, falling back to use random secrets. Reason: Could not read signature secret file: /home/runner/hadoop-http-auth-signature-secret
2022-10-16 13:16:48,952 [Listener at 127.0.0.1/38953] WARN  http.HttpRequestLog (HttpRequestLog.java:getRequestLog(103)) - Jetty request log can only be enabled using Log4j
2022-10-16 13:16:48,953 [Listener at 127.0.0.1/38953] INFO  http.HttpServer2 (HttpServer2.java:addGlobalFilter(1031)) - Added global filter 'safety' (class=org.apache.hadoop.hdds.server.http.HttpServer2$QuotingInputFilter)
2022-10-16 13:16:48,953 [Listener at 127.0.0.1/38953] INFO  http.HttpServer2 (HttpServer2.java:addFilter(1007)) - Added filter static_user_filter (class=org.apache.hadoop.http.lib.StaticUserWebFilter$StaticUserFilter) to context hddsDatanode
2022-10-16 13:16:48,953 [Listener at 127.0.0.1/38953] INFO  http.HttpServer2 (HttpServer2.java:addFilter(1015)) - Added filter static_user_filter (class=org.apache.hadoop.http.lib.StaticUserWebFilter$StaticUserFilter) to context logs
2022-10-16 13:16:48,953 [Listener at 127.0.0.1/38953] INFO  http.HttpServer2 (HttpServer2.java:addFilter(1015)) - Added filter static_user_filter (class=org.apache.hadoop.http.lib.StaticUserWebFilter$StaticUserFilter) to context static
2022-10-16 13:16:48,953 [Listener at 127.0.0.1/38953] INFO  http.HttpServer2 (HttpServer2.java:bindListener(1250)) - Jetty bound to port 39179
2022-10-16 13:16:48,953 [Listener at 127.0.0.1/38953] INFO  server.Server (Server.java:doStart(375)) - jetty-9.4.43.v20210629; built: 2021-06-30T11:07:22.254Z; git: 526006ecfa3af7f1a27ef3a288e2bef7ea9dd7e8; jvm 1.8.0_345-b01
2022-10-16 13:16:48,957 [Listener at 127.0.0.1/38953] INFO  server.session (DefaultSessionIdManager.java:doStart(334)) - DefaultSessionIdManager workerName=node0
2022-10-16 13:16:48,958 [Listener at 127.0.0.1/38953] INFO  server.session (DefaultSessionIdManager.java:doStart(339)) - No SessionScavenger set, using defaults
2022-10-16 13:16:48,958 [Listener at 127.0.0.1/38953] INFO  server.session (HouseKeeper.java:startScavenging(132)) - node0 Scavenging every 660000ms
2022-10-16 13:16:48,958 [Listener at 127.0.0.1/38953] INFO  handler.ContextHandler (ContextHandler.java:doStart(915)) - Started o.e.j.s.ServletContextHandler@639c4b9d{logs,/logs,file:///home/runner/work/ozone/ozone/hadoop-ozone/integration-test/target/log,AVAILABLE}
2022-10-16 13:16:48,958 [Listener at 127.0.0.1/38953] INFO  handler.ContextHandler (ContextHandler.java:doStart(915)) - Started o.e.j.s.ServletContextHandler@44f88ce4{static,/static,jar:file:/home/runner/.m2/repository/org/apache/ozone/hdds-container-service/1.3.0-SNAPSHOT/hdds-container-service-1.3.0-SNAPSHOT.jar!/webapps/static,AVAILABLE}
2022-10-16 13:16:49,118 [Listener at 127.0.0.1/38953] INFO  handler.ContextHandler (ContextHandler.java:doStart(915)) - Started o.e.j.w.WebAppContext@cb786ad{hddsDatanode,/,file:///tmp/jetty-0_0_0_0-39179-hdds-container-service-1_3_0-SNAPSHOT_jar-_-any-4194126386269058662/webapp/,AVAILABLE}{jar:file:/home/runner/.m2/repository/org/apache/ozone/hdds-container-service/1.3.0-SNAPSHOT/hdds-container-service-1.3.0-SNAPSHOT.jar!/webapps/hddsDatanode}
2022-10-16 13:16:49,119 [Listener at 127.0.0.1/38953] INFO  server.AbstractConnector (AbstractConnector.java:doStart(331)) - Started ServerConnector@edfef67{HTTP/1.1, (http/1.1)}{0.0.0.0:39179}
2022-10-16 13:16:49,120 [Listener at 127.0.0.1/38953] INFO  server.Server (Server.java:doStart(415)) - Started @190332ms
2022-10-16 13:16:49,120 [Listener at 127.0.0.1/38953] WARN  impl.MetricsSystemImpl (MetricsSystemImpl.java:register(279)) - Sink prometheus already exists!
2022-10-16 13:16:49,120 [Listener at 127.0.0.1/38953] INFO  http.BaseHttpServer (BaseHttpServer.java:updateConnectorAddress(333)) - HTTP server of hddsDatanode listening at http://0.0.0.0:39179
2022-10-16 13:16:49,121 [Datanode State Machine Daemon Thread] INFO  statemachine.DatanodeStateMachine (DatanodeStateMachine.java:lambda$startDaemon$0(492)) - Ozone container server started.
2022-10-16 13:16:49,121 [Listener at 127.0.0.1/38953] INFO  ozone.MiniOzoneClusterImpl (MiniOzoneClusterImpl.java:lambda$waitForClusterToBeReady$0(216)) - Waiting for nodes to be ready. Got 0 of 5 DN Heartbeats.
2022-10-16 13:16:49,125 [Listener at 127.0.0.1/38953] INFO  ozone.MiniOzoneClusterImpl (MiniOzoneClusterImpl.java:lambda$waitForClusterToBeReady$0(219)) - Waiting for cluster to exit safe mode
2022-10-16 13:16:49,125 [Listener at 127.0.0.1/38953] INFO  ozone.MiniOzoneClusterImpl (MiniOzoneClusterImpl.java:lambda$waitForClusterToBeReady$0(221)) - SCM became leader
2022-10-16 13:16:49,126 [org.apache.hadoop.util.JvmPauseMonitor$Monitor@4db8b351] INFO  util.JvmPauseMonitor (JvmPauseMonitor.java:run(188)) - Starting JVM pause monitor
2022-10-16 13:16:49,127 [Datanode State Machine Task Thread - 0] INFO  datanode.InitDatanodeState (InitDatanodeState.java:persistContainerDatanodeDetails(138)) - DatanodeDetails is persisted to /home/runner/work/ozone/ozone/hadoop-ozone/integration-test/target/test-dir/MiniOzoneClusterImpl-5315970d-89dc-4906-bf44-ab8df33b815f/datanode-4/meta/datanode.id
2022-10-16 13:16:49,139 [ReplicationMonitor] INFO  replication.ReplicationManager (ReplicationManager.java:processAll(324)) - Replication Monitor Thread took 1 milliseconds for processing 7 containers.
2022-10-16 13:16:49,861 [ReplicationMonitor] INFO  replication.ReplicationManager (ReplicationManager.java:processAll(291)) - Replication Manager is not ready to run until 3000ms after safemode exit
2022-10-16 13:16:50,044 [EndpointStateMachine task thread for /0.0.0.0:41499 - 0 ] INFO  volume.HddsVolume (HddsVolume.java:createDbStore(307)) - SchemaV3 db is created and loaded at /home/runner/work/ozone/ozone/hadoop-ozone/integration-test/target/test-dir/MiniOzoneClusterImpl-5315970d-89dc-4906-bf44-ab8df33b815f/datanode-0/data-0/containers/hdds/5315970d-89dc-4906-bf44-ab8df33b815f/DS-47b2c25d-404a-4de4-80b2-30728c523a92/container.db for volume DS-47b2c25d-404a-4de4-80b2-30728c523a92
2022-10-16 13:16:50,045 [EndpointStateMachine task thread for /0.0.0.0:41499 - 0 ] INFO  volume.HddsVolume (HddsVolume.java:closeDbStore(338)) - SchemaV3 db is stopped at /home/runner/work/ozone/ozone/hadoop-ozone/integration-test/target/test-dir/MiniOzoneClusterImpl-5315970d-89dc-4906-bf44-ab8df33b815f/datanode-0/data-0/containers/hdds/5315970d-89dc-4906-bf44-ab8df33b815f/DS-47b2c25d-404a-4de4-80b2-30728c523a92/container.db for volume DS-47b2c25d-404a-4de4-80b2-30728c523a92
2022-10-16 13:16:50,045 [EndpointStateMachine task thread for /0.0.0.0:41499 - 0 ] INFO  ozoneimpl.OzoneContainer (OzoneContainer.java:start(378)) - Attempting to start container services.
2022-10-16 13:16:50,045 [EndpointStateMachine task thread for /0.0.0.0:41499 - 0 ] INFO  ozoneimpl.OzoneContainer (OzoneContainer.java:startContainerScrub(313)) - Background container scanner has been disabled.
2022-10-16 13:16:50,046 [EndpointStateMachine task thread for /0.0.0.0:41499 - 0 ] INFO  replication.ReplicationServer (ReplicationServer.java:start(111)) - ReplicationServer is started using port 34623
2022-10-16 13:16:50,047 [EndpointStateMachine task thread for /0.0.0.0:41499 - 0 ] INFO  ratis.XceiverServerRatis (XceiverServerRatis.java:start(481)) - Starting XceiverServerRatis 21c95474-1f17-4861-8a2e-c716fe1b7093
2022-10-16 13:16:50,047 [EndpointStateMachine task thread for /0.0.0.0:41499 - 0 ] INFO  server.RaftServer (RaftServerProxy.java:lambda$start$6(382)) - 21c95474-1f17-4861-8a2e-c716fe1b7093: start RPC server
2022-10-16 13:16:50,048 [EndpointStateMachine task thread for /0.0.0.0:41499 - 0 ] INFO  server.GrpcService (GrpcService.java:startImpl(260)) - 21c95474-1f17-4861-8a2e-c716fe1b7093: GrpcService started, listening on 37539
2022-10-16 13:16:50,048 [EndpointStateMachine task thread for /0.0.0.0:41499 - 0 ] INFO  ratis.XceiverServerRatis (XceiverServerRatis.java:getRealPort(502)) - XceiverServerRatis 21c95474-1f17-4861-8a2e-c716fe1b7093 is started using port 37539 for RATIS
2022-10-16 13:16:50,048 [EndpointStateMachine task thread for /0.0.0.0:41499 - 0 ] INFO  ratis.XceiverServerRatis (XceiverServerRatis.java:getRealPort(502)) - XceiverServerRatis 21c95474-1f17-4861-8a2e-c716fe1b7093 is started using port 37539 for RATIS_ADMIN
2022-10-16 13:16:50,048 [org.apache.ratis.util.JvmPauseMonitor$$Lambda$639/339294883@7b34a7e] INFO  util.JvmPauseMonitor (JvmPauseMonitor.java:run(103)) - JvmPauseMonitor-21c95474-1f17-4861-8a2e-c716fe1b7093: Started
2022-10-16 13:16:50,048 [EndpointStateMachine task thread for /0.0.0.0:41499 - 0 ] INFO  ratis.XceiverServerRatis (XceiverServerRatis.java:getRealPort(502)) - XceiverServerRatis 21c95474-1f17-4861-8a2e-c716fe1b7093 is started using port 37539 for RATIS_SERVER
2022-10-16 13:16:50,049 [EndpointStateMachine task thread for /0.0.0.0:41499 - 0 ] INFO  server.XceiverServerGrpc (XceiverServerGrpc.java:start(180)) - XceiverServerGrpc 21c95474-1f17-4861-8a2e-c716fe1b7093 is started using port 34945
2022-10-16 13:16:50,125 [Listener at 127.0.0.1/38953] INFO  ozone.MiniOzoneClusterImpl (MiniOzoneClusterImpl.java:lambda$waitForClusterToBeReady$0(216)) - Waiting for nodes to be ready. Got 0 of 5 DN Heartbeats.
2022-10-16 13:16:50,126 [Listener at 127.0.0.1/38953] INFO  ozone.MiniOzoneClusterImpl (MiniOzoneClusterImpl.java:lambda$waitForClusterToBeReady$0(219)) - Waiting for cluster to exit safe mode
2022-10-16 13:16:50,126 [Listener at 127.0.0.1/38953] INFO  ozone.MiniOzoneClusterImpl (MiniOzoneClusterImpl.java:lambda$waitForClusterToBeReady$0(221)) - SCM became leader
2022-10-16 13:16:50,139 [ReplicationMonitor] INFO  replication.ReplicationManager (ReplicationManager.java:processAll(324)) - Replication Monitor Thread took 0 milliseconds for processing 7 containers.
2022-10-16 13:16:50,317 [EndpointStateMachine task thread for /0.0.0.0:41499 - 0 ] INFO  volume.HddsVolume (HddsVolume.java:createDbStore(307)) - SchemaV3 db is created and loaded at /home/runner/work/ozone/ozone/hadoop-ozone/integration-test/target/test-dir/MiniOzoneClusterImpl-5315970d-89dc-4906-bf44-ab8df33b815f/datanode-1/data-0/containers/hdds/5315970d-89dc-4906-bf44-ab8df33b815f/DS-c74f080d-2c1f-4d60-85f0-7705cc999d63/container.db for volume DS-c74f080d-2c1f-4d60-85f0-7705cc999d63
2022-10-16 13:16:50,318 [EndpointStateMachine task thread for /0.0.0.0:41499 - 0 ] INFO  volume.HddsVolume (HddsVolume.java:closeDbStore(338)) - SchemaV3 db is stopped at /home/runner/work/ozone/ozone/hadoop-ozone/integration-test/target/test-dir/MiniOzoneClusterImpl-5315970d-89dc-4906-bf44-ab8df33b815f/datanode-1/data-0/containers/hdds/5315970d-89dc-4906-bf44-ab8df33b815f/DS-c74f080d-2c1f-4d60-85f0-7705cc999d63/container.db for volume DS-c74f080d-2c1f-4d60-85f0-7705cc999d63
2022-10-16 13:16:50,318 [EndpointStateMachine task thread for /0.0.0.0:41499 - 0 ] INFO  ozoneimpl.OzoneContainer (OzoneContainer.java:start(378)) - Attempting to start container services.
2022-10-16 13:16:50,318 [EndpointStateMachine task thread for /0.0.0.0:41499 - 0 ] INFO  ozoneimpl.OzoneContainer (OzoneContainer.java:startContainerScrub(313)) - Background container scanner has been disabled.
2022-10-16 13:16:50,319 [EndpointStateMachine task thread for /0.0.0.0:41499 - 0 ] INFO  replication.ReplicationServer (ReplicationServer.java:start(111)) - ReplicationServer is started using port 35757
2022-10-16 13:16:50,320 [EndpointStateMachine task thread for /0.0.0.0:41499 - 0 ] INFO  ratis.XceiverServerRatis (XceiverServerRatis.java:start(481)) - Starting XceiverServerRatis cae8df96-28f8-48f4-971d-f081efd69332
2022-10-16 13:16:50,321 [EndpointStateMachine task thread for /0.0.0.0:41499 - 0 ] INFO  server.RaftServer (RaftServerProxy.java:lambda$start$6(382)) - cae8df96-28f8-48f4-971d-f081efd69332: start RPC server
2022-10-16 13:16:50,321 [EndpointStateMachine task thread for /0.0.0.0:41499 - 0 ] INFO  server.GrpcService (GrpcService.java:startImpl(260)) - cae8df96-28f8-48f4-971d-f081efd69332: GrpcService started, listening on 44437
2022-10-16 13:16:50,322 [EndpointStateMachine task thread for /0.0.0.0:41499 - 0 ] INFO  ratis.XceiverServerRatis (XceiverServerRatis.java:getRealPort(502)) - XceiverServerRatis cae8df96-28f8-48f4-971d-f081efd69332 is started using port 44437 for RATIS
2022-10-16 13:16:50,322 [EndpointStateMachine task thread for /0.0.0.0:41499 - 0 ] INFO  ratis.XceiverServerRatis (XceiverServerRatis.java:getRealPort(502)) - XceiverServerRatis cae8df96-28f8-48f4-971d-f081efd69332 is started using port 44437 for RATIS_ADMIN
2022-10-16 13:16:50,322 [org.apache.ratis.util.JvmPauseMonitor$$Lambda$639/339294883@6b371542] INFO  util.JvmPauseMonitor (JvmPauseMonitor.java:run(103)) - JvmPauseMonitor-cae8df96-28f8-48f4-971d-f081efd69332: Started
2022-10-16 13:16:50,322 [EndpointStateMachine task thread for /0.0.0.0:41499 - 0 ] INFO  ratis.XceiverServerRatis (XceiverServerRatis.java:getRealPort(502)) - XceiverServerRatis cae8df96-28f8-48f4-971d-f081efd69332 is started using port 44437 for RATIS_SERVER
2022-10-16 13:16:50,323 [EndpointStateMachine task thread for /0.0.0.0:41499 - 0 ] INFO  server.XceiverServerGrpc (XceiverServerGrpc.java:start(180)) - XceiverServerGrpc cae8df96-28f8-48f4-971d-f081efd69332 is started using port 32801
2022-10-16 13:16:50,617 [EndpointStateMachine task thread for /0.0.0.0:41499 - 0 ] INFO  volume.HddsVolume (HddsVolume.java:createDbStore(307)) - SchemaV3 db is created and loaded at /home/runner/work/ozone/ozone/hadoop-ozone/integration-test/target/test-dir/MiniOzoneClusterImpl-5315970d-89dc-4906-bf44-ab8df33b815f/datanode-2/data-0/containers/hdds/5315970d-89dc-4906-bf44-ab8df33b815f/DS-72f74cba-be79-4f39-8224-b880b43d0470/container.db for volume DS-72f74cba-be79-4f39-8224-b880b43d0470
2022-10-16 13:16:50,621 [EndpointStateMachine task thread for /0.0.0.0:41499 - 0 ] INFO  volume.HddsVolume (HddsVolume.java:closeDbStore(338)) - SchemaV3 db is stopped at /home/runner/work/ozone/ozone/hadoop-ozone/integration-test/target/test-dir/MiniOzoneClusterImpl-5315970d-89dc-4906-bf44-ab8df33b815f/datanode-2/data-0/containers/hdds/5315970d-89dc-4906-bf44-ab8df33b815f/DS-72f74cba-be79-4f39-8224-b880b43d0470/container.db for volume DS-72f74cba-be79-4f39-8224-b880b43d0470
2022-10-16 13:16:50,621 [EndpointStateMachine task thread for /0.0.0.0:41499 - 0 ] INFO  ozoneimpl.OzoneContainer (OzoneContainer.java:start(378)) - Attempting to start container services.
2022-10-16 13:16:50,621 [EndpointStateMachine task thread for /0.0.0.0:41499 - 0 ] INFO  ozoneimpl.OzoneContainer (OzoneContainer.java:startContainerScrub(313)) - Background container scanner has been disabled.
2022-10-16 13:16:50,622 [EndpointStateMachine task thread for /0.0.0.0:41499 - 0 ] INFO  replication.ReplicationServer (ReplicationServer.java:start(111)) - ReplicationServer is started using port 41301
2022-10-16 13:16:50,623 [EndpointStateMachine task thread for /0.0.0.0:41499 - 0 ] INFO  ratis.XceiverServerRatis (XceiverServerRatis.java:start(481)) - Starting XceiverServerRatis 268c6115-4458-4e34-8b6d-1bd6823028ea
2022-10-16 13:16:50,623 [EndpointStateMachine task thread for /0.0.0.0:41499 - 0 ] INFO  server.RaftServer (RaftServerProxy.java:lambda$start$6(382)) - 268c6115-4458-4e34-8b6d-1bd6823028ea: start RPC server
2022-10-16 13:16:50,626 [EndpointStateMachine task thread for /0.0.0.0:41499 - 0 ] INFO  server.GrpcService (GrpcService.java:startImpl(260)) - 268c6115-4458-4e34-8b6d-1bd6823028ea: GrpcService started, listening on 33559
2022-10-16 13:16:50,626 [EndpointStateMachine task thread for /0.0.0.0:41499 - 0 ] INFO  ratis.XceiverServerRatis (XceiverServerRatis.java:getRealPort(502)) - XceiverServerRatis 268c6115-4458-4e34-8b6d-1bd6823028ea is started using port 33559 for RATIS
2022-10-16 13:16:50,626 [EndpointStateMachine task thread for /0.0.0.0:41499 - 0 ] INFO  ratis.XceiverServerRatis (XceiverServerRatis.java:getRealPort(502)) - XceiverServerRatis 268c6115-4458-4e34-8b6d-1bd6823028ea is started using port 33559 for RATIS_ADMIN
2022-10-16 13:16:50,626 [EndpointStateMachine task thread for /0.0.0.0:41499 - 0 ] INFO  ratis.XceiverServerRatis (XceiverServerRatis.java:getRealPort(502)) - XceiverServerRatis 268c6115-4458-4e34-8b6d-1bd6823028ea is started using port 33559 for RATIS_SERVER
2022-10-16 13:16:50,626 [org.apache.ratis.util.JvmPauseMonitor$$Lambda$639/339294883@57821739] INFO  util.JvmPauseMonitor (JvmPauseMonitor.java:run(103)) - JvmPauseMonitor-268c6115-4458-4e34-8b6d-1bd6823028ea: Started
2022-10-16 13:16:50,632 [EndpointStateMachine task thread for /0.0.0.0:41499 - 0 ] INFO  server.XceiverServerGrpc (XceiverServerGrpc.java:start(180)) - XceiverServerGrpc 268c6115-4458-4e34-8b6d-1bd6823028ea is started using port 38573
2022-10-16 13:16:50,861 [ReplicationMonitor] INFO  replication.ReplicationManager (ReplicationManager.java:processAll(291)) - Replication Manager is not ready to run until 3000ms after safemode exit
2022-10-16 13:16:50,880 [EndpointStateMachine task thread for /0.0.0.0:41499 - 0 ] INFO  volume.HddsVolume (HddsVolume.java:createDbStore(307)) - SchemaV3 db is created and loaded at /home/runner/work/ozone/ozone/hadoop-ozone/integration-test/target/test-dir/MiniOzoneClusterImpl-5315970d-89dc-4906-bf44-ab8df33b815f/datanode-3/data-0/containers/hdds/5315970d-89dc-4906-bf44-ab8df33b815f/DS-7fa34a6e-11f7-495b-88c0-45871dba8d37/container.db for volume DS-7fa34a6e-11f7-495b-88c0-45871dba8d37
2022-10-16 13:16:50,881 [EndpointStateMachine task thread for /0.0.0.0:41499 - 0 ] INFO  volume.HddsVolume (HddsVolume.java:closeDbStore(338)) - SchemaV3 db is stopped at /home/runner/work/ozone/ozone/hadoop-ozone/integration-test/target/test-dir/MiniOzoneClusterImpl-5315970d-89dc-4906-bf44-ab8df33b815f/datanode-3/data-0/containers/hdds/5315970d-89dc-4906-bf44-ab8df33b815f/DS-7fa34a6e-11f7-495b-88c0-45871dba8d37/container.db for volume DS-7fa34a6e-11f7-495b-88c0-45871dba8d37
2022-10-16 13:16:50,881 [EndpointStateMachine task thread for /0.0.0.0:41499 - 0 ] INFO  ozoneimpl.OzoneContainer (OzoneContainer.java:start(378)) - Attempting to start container services.
2022-10-16 13:16:50,881 [EndpointStateMachine task thread for /0.0.0.0:41499 - 0 ] INFO  ozoneimpl.OzoneContainer (OzoneContainer.java:startContainerScrub(313)) - Background container scanner has been disabled.
2022-10-16 13:16:50,882 [EndpointStateMachine task thread for /0.0.0.0:41499 - 0 ] INFO  replication.ReplicationServer (ReplicationServer.java:start(111)) - ReplicationServer is started using port 33321
2022-10-16 13:16:50,883 [EndpointStateMachine task thread for /0.0.0.0:41499 - 0 ] INFO  ratis.XceiverServerRatis (XceiverServerRatis.java:start(481)) - Starting XceiverServerRatis f6802d45-866a-4aa1-bdcc-5bed762fdecb
2022-10-16 13:16:50,884 [EndpointStateMachine task thread for /0.0.0.0:41499 - 0 ] INFO  server.RaftServer (RaftServerProxy.java:lambda$start$6(382)) - f6802d45-866a-4aa1-bdcc-5bed762fdecb: start RPC server
2022-10-16 13:16:50,885 [EndpointStateMachine task thread for /0.0.0.0:41499 - 0 ] INFO  server.GrpcService (GrpcService.java:startImpl(260)) - f6802d45-866a-4aa1-bdcc-5bed762fdecb: GrpcService started, listening on 45493
2022-10-16 13:16:50,885 [EndpointStateMachine task thread for /0.0.0.0:41499 - 0 ] INFO  ratis.XceiverServerRatis (XceiverServerRatis.java:getRealPort(502)) - XceiverServerRatis f6802d45-866a-4aa1-bdcc-5bed762fdecb is started using port 45493 for RATIS
2022-10-16 13:16:50,885 [EndpointStateMachine task thread for /0.0.0.0:41499 - 0 ] INFO  ratis.XceiverServerRatis (XceiverServerRatis.java:getRealPort(502)) - XceiverServerRatis f6802d45-866a-4aa1-bdcc-5bed762fdecb is started using port 45493 for RATIS_ADMIN
2022-10-16 13:16:50,885 [org.apache.ratis.util.JvmPauseMonitor$$Lambda$639/339294883@7aeec333] INFO  util.JvmPauseMonitor (JvmPauseMonitor.java:run(103)) - JvmPauseMonitor-f6802d45-866a-4aa1-bdcc-5bed762fdecb: Started
2022-10-16 13:16:50,885 [EndpointStateMachine task thread for /0.0.0.0:41499 - 0 ] INFO  ratis.XceiverServerRatis (XceiverServerRatis.java:getRealPort(502)) - XceiverServerRatis f6802d45-866a-4aa1-bdcc-5bed762fdecb is started using port 45493 for RATIS_SERVER
2022-10-16 13:16:50,886 [EndpointStateMachine task thread for /0.0.0.0:41499 - 0 ] INFO  server.XceiverServerGrpc (XceiverServerGrpc.java:start(180)) - XceiverServerGrpc f6802d45-866a-4aa1-bdcc-5bed762fdecb is started using port 44431
2022-10-16 13:16:51,126 [Listener at 127.0.0.1/38953] INFO  ozone.MiniOzoneClusterImpl (MiniOzoneClusterImpl.java:lambda$waitForClusterToBeReady$0(216)) - Waiting for nodes to be ready. Got 0 of 5 DN Heartbeats.
2022-10-16 13:16:51,126 [Listener at 127.0.0.1/38953] INFO  ozone.MiniOzoneClusterImpl (MiniOzoneClusterImpl.java:lambda$waitForClusterToBeReady$0(219)) - Waiting for cluster to exit safe mode
2022-10-16 13:16:51,126 [Listener at 127.0.0.1/38953] INFO  ozone.MiniOzoneClusterImpl (MiniOzoneClusterImpl.java:lambda$waitForClusterToBeReady$0(221)) - SCM became leader
2022-10-16 13:16:51,140 [ReplicationMonitor] INFO  replication.ReplicationManager (ReplicationManager.java:processAll(324)) - Replication Monitor Thread took 1 milliseconds for processing 7 containers.
2022-10-16 13:16:51,155 [EndpointStateMachine task thread for /0.0.0.0:41499 - 0 ] INFO  volume.HddsVolume (HddsVolume.java:createDbStore(307)) - SchemaV3 db is created and loaded at /home/runner/work/ozone/ozone/hadoop-ozone/integration-test/target/test-dir/MiniOzoneClusterImpl-5315970d-89dc-4906-bf44-ab8df33b815f/datanode-4/data-0/containers/hdds/5315970d-89dc-4906-bf44-ab8df33b815f/DS-f4efc1af-462f-42fd-a7f1-fd78b5a29ce1/container.db for volume DS-f4efc1af-462f-42fd-a7f1-fd78b5a29ce1
2022-10-16 13:16:51,155 [EndpointStateMachine task thread for /0.0.0.0:41499 - 0 ] INFO  volume.HddsVolume (HddsVolume.java:closeDbStore(338)) - SchemaV3 db is stopped at /home/runner/work/ozone/ozone/hadoop-ozone/integration-test/target/test-dir/MiniOzoneClusterImpl-5315970d-89dc-4906-bf44-ab8df33b815f/datanode-4/data-0/containers/hdds/5315970d-89dc-4906-bf44-ab8df33b815f/DS-f4efc1af-462f-42fd-a7f1-fd78b5a29ce1/container.db for volume DS-f4efc1af-462f-42fd-a7f1-fd78b5a29ce1
2022-10-16 13:16:51,155 [EndpointStateMachine task thread for /0.0.0.0:41499 - 0 ] INFO  ozoneimpl.OzoneContainer (OzoneContainer.java:start(378)) - Attempting to start container services.
2022-10-16 13:16:51,155 [EndpointStateMachine task thread for /0.0.0.0:41499 - 0 ] INFO  ozoneimpl.OzoneContainer (OzoneContainer.java:startContainerScrub(313)) - Background container scanner has been disabled.
2022-10-16 13:16:51,161 [EndpointStateMachine task thread for /0.0.0.0:41499 - 0 ] INFO  replication.ReplicationServer (ReplicationServer.java:start(111)) - ReplicationServer is started using port 39019
2022-10-16 13:16:51,165 [EndpointStateMachine task thread for /0.0.0.0:41499 - 0 ] INFO  ratis.XceiverServerRatis (XceiverServerRatis.java:start(481)) - Starting XceiverServerRatis efd91ef8-0566-4c2a-a86b-b52e3738f18d
2022-10-16 13:16:51,165 [EndpointStateMachine task thread for /0.0.0.0:41499 - 0 ] INFO  server.RaftServer (RaftServerProxy.java:lambda$start$6(382)) - efd91ef8-0566-4c2a-a86b-b52e3738f18d: start RPC server
2022-10-16 13:16:51,166 [EndpointStateMachine task thread for /0.0.0.0:41499 - 0 ] INFO  server.GrpcService (GrpcService.java:startImpl(260)) - efd91ef8-0566-4c2a-a86b-b52e3738f18d: GrpcService started, listening on 43933
2022-10-16 13:16:51,167 [EndpointStateMachine task thread for /0.0.0.0:41499 - 0 ] INFO  ratis.XceiverServerRatis (XceiverServerRatis.java:getRealPort(502)) - XceiverServerRatis efd91ef8-0566-4c2a-a86b-b52e3738f18d is started using port 43933 for RATIS
2022-10-16 13:16:51,167 [EndpointStateMachine task thread for /0.0.0.0:41499 - 0 ] INFO  ratis.XceiverServerRatis (XceiverServerRatis.java:getRealPort(502)) - XceiverServerRatis efd91ef8-0566-4c2a-a86b-b52e3738f18d is started using port 43933 for RATIS_ADMIN
2022-10-16 13:16:51,167 [org.apache.ratis.util.JvmPauseMonitor$$Lambda$639/339294883@7a0be993] INFO  util.JvmPauseMonitor (JvmPauseMonitor.java:run(103)) - JvmPauseMonitor-efd91ef8-0566-4c2a-a86b-b52e3738f18d: Started
2022-10-16 13:16:51,167 [EndpointStateMachine task thread for /0.0.0.0:41499 - 0 ] INFO  ratis.XceiverServerRatis (XceiverServerRatis.java:getRealPort(502)) - XceiverServerRatis efd91ef8-0566-4c2a-a86b-b52e3738f18d is started using port 43933 for RATIS_SERVER
2022-10-16 13:16:51,172 [EndpointStateMachine task thread for /0.0.0.0:41499 - 0 ] INFO  server.XceiverServerGrpc (XceiverServerGrpc.java:start(180)) - XceiverServerGrpc efd91ef8-0566-4c2a-a86b-b52e3738f18d is started using port 42765
2022-10-16 13:16:51,862 [ReplicationMonitor] INFO  replication.ReplicationManager (ReplicationManager.java:processAll(291)) - Replication Manager is not ready to run until 3000ms after safemode exit
2022-10-16 13:16:51,997 [IPC Server handler 0 on default port 41499] INFO  net.NetworkTopologyImpl (NetworkTopologyImpl.java:add(112)) - Added a new node: /default-rack/21c95474-1f17-4861-8a2e-c716fe1b7093
2022-10-16 13:16:51,997 [IPC Server handler 0 on default port 41499] INFO  node.SCMNodeManager (SCMNodeManager.java:register(397)) - Registered Data node : 21c95474-1f17-4861-8a2e-c716fe1b7093{ip: 10.1.0.60, host: fv-az308-250.etcbaq1qs54eplwmrjlabigyle.cx.internal.cloudapp.net, ports: [REPLICATION=34623, RATIS=37539, RATIS_ADMIN=37539, RATIS_SERVER=37539, STANDALONE=34945], networkLocation: /default-rack, certSerialId: null, persistedOpState: null, persistedOpStateExpiryEpochSec: 0}
2022-10-16 13:16:52,000 [EventQueue-NewNodeForNewNodeHandler] INFO  pipeline.BackgroundPipelineCreator (BackgroundPipelineCreator.java:notifyEventTriggered(276)) - trigger a one-shot run on RatisPipelineUtilsThread.
2022-10-16 13:16:52,001 [RatisPipelineUtilsThread - 0] INFO  pipeline.RatisPipelineProvider (RatisPipelineProvider.java:lambda$create$0(195)) - Sending CreatePipelineCommand for pipeline:PipelineID=32fbd61d-8336-4e76-b23c-e4e75ccdf3fb to datanode:21c95474-1f17-4861-8a2e-c716fe1b7093
2022-10-16 13:16:52,001 [EventQueue-NodeRegistrationContainerReportForDataNodeSafeModeRule] INFO  safemode.SCMSafeModeManager (DataNodeSafeModeRule.java:process(71)) - SCM in safe mode. 1 DataNodes registered, 3 required.
2022-10-16 13:16:52,001 [RatisPipelineUtilsThread - 0] INFO  pipeline.PipelineStateManagerImpl (PipelineStateManagerImpl.java:addPipeline(103)) - Created pipeline Pipeline[ Id: 32fbd61d-8336-4e76-b23c-e4e75ccdf3fb, Nodes: 21c95474-1f17-4861-8a2e-c716fe1b7093{ip: 10.1.0.60, host: fv-az308-250.etcbaq1qs54eplwmrjlabigyle.cx.internal.cloudapp.net, ports: [REPLICATION=34623, RATIS=37539, RATIS_ADMIN=37539, RATIS_SERVER=37539, STANDALONE=34945], networkLocation: /default-rack, certSerialId: null, persistedOpState: IN_SERVICE, persistedOpStateExpiryEpochSec: 0}, ReplicationConfig: RATIS/ONE, State:ALLOCATED, leaderId:, CreationTimestamp2022-10-16T13:16:52.001Z[Etc/UTC]].
2022-10-16 13:16:52,002 [EventQueue-PipelineReportForOneReplicaPipelineSafeModeRule] INFO  safemode.SCMSafeModeManager (SCMSafeModeManager.java:validateSafeModeExitRules(204)) - AtleastOneDatanodeReportedRule rule is successfully validated
2022-10-16 13:16:52,008 [EventQueue-NodeRegistrationContainerReportForContainerSafeModeRule] INFO  safemode.SCMSafeModeManager (SCMSafeModeManager.java:validateSafeModeExitRules(204)) - ContainerSafeModeRule rule is successfully validated
2022-10-16 13:16:52,126 [Listener at 127.0.0.1/38953] INFO  ozone.MiniOzoneClusterImpl (MiniOzoneClusterImpl.java:lambda$waitForClusterToBeReady$0(216)) - Waiting for nodes to be ready. Got 1 of 5 DN Heartbeats.
2022-10-16 13:16:52,127 [Listener at 127.0.0.1/38953] INFO  ozone.MiniOzoneClusterImpl (MiniOzoneClusterImpl.java:lambda$waitForClusterToBeReady$0(219)) - Waiting for cluster to exit safe mode
2022-10-16 13:16:52,127 [Listener at 127.0.0.1/38953] INFO  ozone.MiniOzoneClusterImpl (MiniOzoneClusterImpl.java:lambda$waitForClusterToBeReady$0(221)) - SCM became leader
2022-10-16 13:16:52,140 [ReplicationMonitor] INFO  replication.ReplicationManager (ReplicationManager.java:processAll(324)) - Replication Monitor Thread took 0 milliseconds for processing 7 containers.
2022-10-16 13:16:52,284 [IPC Server handler 2 on default port 41499] INFO  net.NetworkTopologyImpl (NetworkTopologyImpl.java:add(112)) - Added a new node: /default-rack/cae8df96-28f8-48f4-971d-f081efd69332
2022-10-16 13:16:52,284 [IPC Server handler 2 on default port 41499] INFO  node.SCMNodeManager (SCMNodeManager.java:register(397)) - Registered Data node : cae8df96-28f8-48f4-971d-f081efd69332{ip: 10.1.0.60, host: fv-az308-250.etcbaq1qs54eplwmrjlabigyle.cx.internal.cloudapp.net, ports: [REPLICATION=35757, RATIS=44437, RATIS_ADMIN=44437, RATIS_SERVER=44437, STANDALONE=32801], networkLocation: /default-rack, certSerialId: null, persistedOpState: null, persistedOpStateExpiryEpochSec: 0}
2022-10-16 13:16:52,285 [EventQueue-NodeRegistrationContainerReportForDataNodeSafeModeRule] INFO  safemode.SCMSafeModeManager (DataNodeSafeModeRule.java:process(71)) - SCM in safe mode. 2 DataNodes registered, 3 required.
2022-10-16 13:16:52,285 [EventQueue-NewNodeForNewNodeHandler] INFO  pipeline.BackgroundPipelineCreator (BackgroundPipelineCreator.java:notifyEventTriggered(276)) - trigger a one-shot run on RatisPipelineUtilsThread.
2022-10-16 13:16:52,286 [RatisPipelineUtilsThread - 0] INFO  pipeline.RatisPipelineProvider (RatisPipelineProvider.java:lambda$create$0(195)) - Sending CreatePipelineCommand for pipeline:PipelineID=e644d672-043c-41d5-b3e0-785fb67216d7 to datanode:cae8df96-28f8-48f4-971d-f081efd69332
2022-10-16 13:16:52,286 [RatisPipelineUtilsThread - 0] INFO  pipeline.PipelineStateManagerImpl (PipelineStateManagerImpl.java:addPipeline(103)) - Created pipeline Pipeline[ Id: e644d672-043c-41d5-b3e0-785fb67216d7, Nodes: cae8df96-28f8-48f4-971d-f081efd69332{ip: 10.1.0.60, host: fv-az308-250.etcbaq1qs54eplwmrjlabigyle.cx.internal.cloudapp.net, ports: [REPLICATION=35757, RATIS=44437, RATIS_ADMIN=44437, RATIS_SERVER=44437, STANDALONE=32801], networkLocation: /default-rack, certSerialId: null, persistedOpState: IN_SERVICE, persistedOpStateExpiryEpochSec: 0}, ReplicationConfig: RATIS/ONE, State:ALLOCATED, leaderId:, CreationTimestamp2022-10-16T13:16:52.286Z[Etc/UTC]].
2022-10-16 13:16:52,584 [IPC Server handler 3 on default port 41499] INFO  net.NetworkTopologyImpl (NetworkTopologyImpl.java:add(112)) - Added a new node: /default-rack/268c6115-4458-4e34-8b6d-1bd6823028ea
2022-10-16 13:16:52,584 [IPC Server handler 3 on default port 41499] INFO  node.SCMNodeManager (SCMNodeManager.java:register(397)) - Registered Data node : 268c6115-4458-4e34-8b6d-1bd6823028ea{ip: 10.1.0.60, host: fv-az308-250.etcbaq1qs54eplwmrjlabigyle.cx.internal.cloudapp.net, ports: [REPLICATION=41301, RATIS=33559, RATIS_ADMIN=33559, RATIS_SERVER=33559, STANDALONE=38573], networkLocation: /default-rack, certSerialId: null, persistedOpState: null, persistedOpStateExpiryEpochSec: 0}
2022-10-16 13:16:52,585 [EventQueue-NewNodeForNewNodeHandler] INFO  pipeline.BackgroundPipelineCreator (BackgroundPipelineCreator.java:notifyEventTriggered(276)) - trigger a one-shot run on RatisPipelineUtilsThread.
2022-10-16 13:16:52,585 [RatisPipelineUtilsThread - 0] INFO  pipeline.RatisPipelineProvider (RatisPipelineProvider.java:lambda$create$0(195)) - Sending CreatePipelineCommand for pipeline:PipelineID=40499f5d-baa0-4e80-8607-d901732df4d1 to datanode:268c6115-4458-4e34-8b6d-1bd6823028ea
2022-10-16 13:16:52,585 [EventQueue-NodeRegistrationContainerReportForDataNodeSafeModeRule] INFO  safemode.SCMSafeModeManager (DataNodeSafeModeRule.java:process(71)) - SCM in safe mode. 3 DataNodes registered, 3 required.
2022-10-16 13:16:52,585 [EventQueue-NodeRegistrationContainerReportForDataNodeSafeModeRule] INFO  safemode.SCMSafeModeManager (SCMSafeModeManager.java:validateSafeModeExitRules(204)) - DataNodeSafeModeRule rule is successfully validated
2022-10-16 13:16:52,585 [EventQueue-NodeRegistrationContainerReportForDataNodeSafeModeRule] INFO  safemode.SCMSafeModeManager (SCMSafeModeManager.java:completePreCheck(233)) - All SCM safe mode pre check rules have passed
2022-10-16 13:16:52,585 [RatisPipelineUtilsThread - 0] INFO  pipeline.PipelineStateManagerImpl (PipelineStateManagerImpl.java:addPipeline(103)) - Created pipeline Pipeline[ Id: 40499f5d-baa0-4e80-8607-d901732df4d1, Nodes: 268c6115-4458-4e34-8b6d-1bd6823028ea{ip: 10.1.0.60, host: fv-az308-250.etcbaq1qs54eplwmrjlabigyle.cx.internal.cloudapp.net, ports: [REPLICATION=41301, RATIS=33559, RATIS_ADMIN=33559, RATIS_SERVER=33559, STANDALONE=38573], networkLocation: /default-rack, certSerialId: null, persistedOpState: IN_SERVICE, persistedOpStateExpiryEpochSec: 0}, ReplicationConfig: RATIS/ONE, State:ALLOCATED, leaderId:, CreationTimestamp2022-10-16T13:16:52.585Z[Etc/UTC]].
2022-10-16 13:16:52,585 [EventQueue-NodeRegistrationContainerReportForDataNodeSafeModeRule] WARN  events.EventQueue (EventQueue.java:fireEvent(216)) - No event handler registered for event TypedEvent{payloadType=SafeModeStatus, name='Safe mode status'}
2022-10-16 13:16:52,586 [EventQueue-NodeRegistrationContainerReportForDataNodeSafeModeRule] INFO  ha.SCMContext (SCMContext.java:updateSafeModeStatus(228)) - Update SafeModeStatus from SafeModeStatus{safeModeStatus=true, preCheckPassed=false} to SafeModeStatus{safeModeStatus=true, preCheckPassed=true}.
2022-10-16 13:16:52,586 [EventQueue-NodeRegistrationContainerReportForDataNodeSafeModeRule] INFO  pipeline.BackgroundPipelineCreator (BackgroundPipelineCreator.java:notifyEventTriggered(276)) - trigger a one-shot run on RatisPipelineUtilsThread.
2022-10-16 13:16:52,586 [RatisPipelineUtilsThread - 0] INFO  pipeline.RatisPipelineProvider (RatisPipelineProvider.java:lambda$create$0(195)) - Sending CreatePipelineCommand for pipeline:PipelineID=f060db0b-b8ed-47d7-b2f1-05735183b7a5 to datanode:21c95474-1f17-4861-8a2e-c716fe1b7093
2022-10-16 13:16:52,586 [RatisPipelineUtilsThread - 0] INFO  pipeline.RatisPipelineProvider (RatisPipelineProvider.java:lambda$create$0(195)) - Sending CreatePipelineCommand for pipeline:PipelineID=f060db0b-b8ed-47d7-b2f1-05735183b7a5 to datanode:cae8df96-28f8-48f4-971d-f081efd69332
2022-10-16 13:16:52,586 [RatisPipelineUtilsThread - 0] INFO  pipeline.RatisPipelineProvider (RatisPipelineProvider.java:lambda$create$0(195)) - Sending CreatePipelineCommand for pipeline:PipelineID=f060db0b-b8ed-47d7-b2f1-05735183b7a5 to datanode:268c6115-4458-4e34-8b6d-1bd6823028ea
2022-10-16 13:16:52,586 [RatisPipelineUtilsThread - 0] INFO  pipeline.PipelineStateManagerImpl (PipelineStateManagerImpl.java:addPipeline(103)) - Created pipeline Pipeline[ Id: f060db0b-b8ed-47d7-b2f1-05735183b7a5, Nodes: 21c95474-1f17-4861-8a2e-c716fe1b7093{ip: 10.1.0.60, host: fv-az308-250.etcbaq1qs54eplwmrjlabigyle.cx.internal.cloudapp.net, ports: [REPLICATION=34623, RATIS=37539, RATIS_ADMIN=37539, RATIS_SERVER=37539, STANDALONE=34945], networkLocation: /default-rack, certSerialId: null, persistedOpState: IN_SERVICE, persistedOpStateExpiryEpochSec: 0}cae8df96-28f8-48f4-971d-f081efd69332{ip: 10.1.0.60, host: fv-az308-250.etcbaq1qs54eplwmrjlabigyle.cx.internal.cloudapp.net, ports: [REPLICATION=35757, RATIS=44437, RATIS_ADMIN=44437, RATIS_SERVER=44437, STANDALONE=32801], networkLocation: /default-rack, certSerialId: null, persistedOpState: IN_SERVICE, persistedOpStateExpiryEpochSec: 0}268c6115-4458-4e34-8b6d-1bd6823028ea{ip: 10.1.0.60, host: fv-az308-250.etcbaq1qs54eplwmrjlabigyle.cx.internal.cloudapp.net, ports: [REPLICATION=41301, RATIS=33559, RATIS_ADMIN=33559, RATIS_SERVER=33559, STANDALONE=38573], networkLocation: /default-rack, certSerialId: null, persistedOpState: IN_SERVICE, persistedOpStateExpiryEpochSec: 0}, ReplicationConfig: RATIS/THREE, State:ALLOCATED, leaderId:, CreationTimestamp2022-10-16T13:16:52.586Z[Etc/UTC]].
2022-10-16 13:16:52,855 [IPC Server handler 4 on default port 41499] INFO  net.NetworkTopologyImpl (NetworkTopologyImpl.java:add(112)) - Added a new node: /default-rack/f6802d45-866a-4aa1-bdcc-5bed762fdecb
2022-10-16 13:16:52,855 [IPC Server handler 4 on default port 41499] INFO  node.SCMNodeManager (SCMNodeManager.java:register(397)) - Registered Data node : f6802d45-866a-4aa1-bdcc-5bed762fdecb{ip: 10.1.0.60, host: fv-az308-250.etcbaq1qs54eplwmrjlabigyle.cx.internal.cloudapp.net, ports: [REPLICATION=33321, RATIS=45493, RATIS_ADMIN=45493, RATIS_SERVER=45493, STANDALONE=44431], networkLocation: /default-rack, certSerialId: null, persistedOpState: null, persistedOpStateExpiryEpochSec: 0}
2022-10-16 13:16:52,856 [EventQueue-NewNodeForNewNodeHandler] INFO  pipeline.BackgroundPipelineCreator (BackgroundPipelineCreator.java:notifyEventTriggered(276)) - trigger a one-shot run on RatisPipelineUtilsThread.
2022-10-16 13:16:52,856 [RatisPipelineUtilsThread - 0] INFO  pipeline.RatisPipelineProvider (RatisPipelineProvider.java:lambda$create$0(195)) - Sending CreatePipelineCommand for pipeline:PipelineID=d9c161e6-d812-4fd2-9dd0-4b72848717ee to datanode:f6802d45-866a-4aa1-bdcc-5bed762fdecb
2022-10-16 13:16:52,856 [RatisPipelineUtilsThread - 0] INFO  pipeline.PipelineStateManagerImpl (PipelineStateManagerImpl.java:addPipeline(103)) - Created pipeline Pipeline[ Id: d9c161e6-d812-4fd2-9dd0-4b72848717ee, Nodes: f6802d45-866a-4aa1-bdcc-5bed762fdecb{ip: 10.1.0.60, host: fv-az308-250.etcbaq1qs54eplwmrjlabigyle.cx.internal.cloudapp.net, ports: [REPLICATION=33321, RATIS=45493, RATIS_ADMIN=45493, RATIS_SERVER=45493, STANDALONE=44431], networkLocation: /default-rack, certSerialId: null, persistedOpState: IN_SERVICE, persistedOpStateExpiryEpochSec: 0}, ReplicationConfig: RATIS/ONE, State:ALLOCATED, leaderId:, CreationTimestamp2022-10-16T13:16:52.856Z[Etc/UTC]].
2022-10-16 13:16:52,862 [ReplicationMonitor] INFO  replication.ReplicationManager (ReplicationManager.java:processAll(291)) - Replication Manager is not ready to run until 3000ms after safemode exit
2022-10-16 13:16:53,127 [Listener at 127.0.0.1/38953] INFO  ozone.MiniOzoneClusterImpl (MiniOzoneClusterImpl.java:lambda$waitForClusterToBeReady$0(216)) - Waiting for nodes to be ready. Got 4 of 5 DN Heartbeats.
2022-10-16 13:16:53,127 [Listener at 127.0.0.1/38953] INFO  ozone.MiniOzoneClusterImpl (MiniOzoneClusterImpl.java:lambda$waitForClusterToBeReady$0(219)) - Waiting for cluster to exit safe mode
2022-10-16 13:16:53,127 [Listener at 127.0.0.1/38953] INFO  ozone.MiniOzoneClusterImpl (MiniOzoneClusterImpl.java:lambda$waitForClusterToBeReady$0(221)) - SCM became leader
2022-10-16 13:16:53,127 [IPC Server handler 1 on default port 41499] INFO  net.NetworkTopologyImpl (NetworkTopologyImpl.java:add(112)) - Added a new node: /default-rack/efd91ef8-0566-4c2a-a86b-b52e3738f18d
2022-10-16 13:16:53,127 [IPC Server handler 1 on default port 41499] INFO  node.SCMNodeManager (SCMNodeManager.java:register(397)) - Registered Data node : efd91ef8-0566-4c2a-a86b-b52e3738f18d{ip: 10.1.0.60, host: fv-az308-250.etcbaq1qs54eplwmrjlabigyle.cx.internal.cloudapp.net, ports: [REPLICATION=39019, RATIS=43933, RATIS_ADMIN=43933, RATIS_SERVER=43933, STANDALONE=42765], networkLocation: /default-rack, certSerialId: null, persistedOpState: null, persistedOpStateExpiryEpochSec: 0}
2022-10-16 13:16:53,127 [EventQueue-NewNodeForNewNodeHandler] INFO  pipeline.BackgroundPipelineCreator (BackgroundPipelineCreator.java:notifyEventTriggered(276)) - trigger a one-shot run on RatisPipelineUtilsThread.
2022-10-16 13:16:53,128 [RatisPipelineUtilsThread - 0] INFO  pipeline.RatisPipelineProvider (RatisPipelineProvider.java:lambda$create$0(195)) - Sending CreatePipelineCommand for pipeline:PipelineID=45b11789-0e11-42a1-b847-289a443a126a to datanode:efd91ef8-0566-4c2a-a86b-b52e3738f18d
2022-10-16 13:16:53,128 [RatisPipelineUtilsThread - 0] INFO  pipeline.PipelineStateManagerImpl (PipelineStateManagerImpl.java:addPipeline(103)) - Created pipeline Pipeline[ Id: 45b11789-0e11-42a1-b847-289a443a126a, Nodes: efd91ef8-0566-4c2a-a86b-b52e3738f18d{ip: 10.1.0.60, host: fv-az308-250.etcbaq1qs54eplwmrjlabigyle.cx.internal.cloudapp.net, ports: [REPLICATION=39019, RATIS=43933, RATIS_ADMIN=43933, RATIS_SERVER=43933, STANDALONE=42765], networkLocation: /default-rack, certSerialId: null, persistedOpState: IN_SERVICE, persistedOpStateExpiryEpochSec: 0}, ReplicationConfig: RATIS/ONE, State:ALLOCATED, leaderId:, CreationTimestamp2022-10-16T13:16:53.128Z[Etc/UTC]].
2022-10-16 13:16:53,141 [ReplicationMonitor] INFO  replication.ReplicationManager (ReplicationManager.java:processAll(324)) - Replication Monitor Thread took 1 milliseconds for processing 7 containers.
2022-10-16 13:16:53,862 [ReplicationMonitor] INFO  replication.ReplicationManager (ReplicationManager.java:processAll(291)) - Replication Manager is not ready to run until 3000ms after safemode exit
2022-10-16 13:16:54,127 [Listener at 127.0.0.1/38953] INFO  ozone.MiniOzoneClusterImpl (MiniOzoneClusterImpl.java:lambda$waitForClusterToBeReady$0(216)) - Nodes are ready. Got 5 of 5 DN Heartbeats.
2022-10-16 13:16:54,128 [Listener at 127.0.0.1/38953] INFO  ozone.MiniOzoneClusterImpl (MiniOzoneClusterImpl.java:lambda$waitForClusterToBeReady$0(219)) - Waiting for cluster to exit safe mode
2022-10-16 13:16:54,128 [Listener at 127.0.0.1/38953] INFO  ozone.MiniOzoneClusterImpl (MiniOzoneClusterImpl.java:lambda$waitForClusterToBeReady$0(221)) - SCM became leader
2022-10-16 13:16:54,141 [ReplicationMonitor] INFO  replication.ReplicationManager (ReplicationManager.java:processAll(324)) - Replication Monitor Thread took 0 milliseconds for processing 7 containers.
2022-10-16 13:16:54,862 [ReplicationMonitor] INFO  replication.ReplicationManager (ReplicationManager.java:processAll(291)) - Replication Manager is not ready to run until 3000ms after safemode exit
2022-10-16 13:16:54,998 [Command processor thread] INFO  server.RaftServer (RaftServerProxy.java:addNew(96)) - 21c95474-1f17-4861-8a2e-c716fe1b7093: addNew group-E4E75CCDF3FB:[21c95474-1f17-4861-8a2e-c716fe1b7093|rpc:10.1.0.60:37539|priority:1] returns group-E4E75CCDF3FB:java.util.concurrent.CompletableFuture@4837a132[Not completed]
2022-10-16 13:16:54,999 [pool-1211-thread-1] INFO  server.RaftServer$Division (RaftServerImpl.java:<init>(190)) - 21c95474-1f17-4861-8a2e-c716fe1b7093: new RaftServerImpl for group-E4E75CCDF3FB:[21c95474-1f17-4861-8a2e-c716fe1b7093|rpc:10.1.0.60:37539|priority:1] with ContainerStateMachine:uninitialized
2022-10-16 13:16:54,999 [pool-1211-thread-1] INFO  server.RaftServerConfigKeys (ConfUtils.java:logGet(46)) - raft.server.rpc.timeout.min = 5s (custom)
2022-10-16 13:16:54,999 [pool-1211-thread-1] INFO  server.RaftServerConfigKeys (ConfUtils.java:logGet(46)) - raft.server.rpc.timeout.max = 5200ms (custom)
2022-10-16 13:16:54,999 [pool-1211-thread-1] INFO  server.RaftServerConfigKeys (ConfUtils.java:logGet(46)) - raft.server.rpc.sleep.time = 25ms (default)
2022-10-16 13:16:54,999 [pool-1211-thread-1] INFO  server.RaftServerConfigKeys (ConfUtils.java:logGet(46)) - raft.server.rpc.slowness.timeout = 300s (custom)
2022-10-16 13:16:54,999 [pool-1211-thread-1] INFO  server.RaftServerConfigKeys (ConfUtils.java:logGet(46)) - raft.server.leaderelection.leader.step-down.wait-time = 10s (default)
2022-10-16 13:16:54,999 [pool-1211-thread-1] INFO  server.RaftServerConfigKeys (ConfUtils.java:logGet(46)) - raft.server.sleep.deviation.threshold = 300ms (default)
2022-10-16 13:16:54,999 [pool-1211-thread-1] INFO  server.RaftServer$Division (ServerState.java:<init>(107)) - 21c95474-1f17-4861-8a2e-c716fe1b7093@group-E4E75CCDF3FB: ConfigurationManager, init=-1: [21c95474-1f17-4861-8a2e-c716fe1b7093|rpc:10.1.0.60:37539|priority:1], old=null, confs=<EMPTY_MAP>
2022-10-16 13:16:54,999 [pool-1211-thread-1] INFO  server.RaftServerConfigKeys (ConfUtils.java:logGet(46)) - raft.server.storage.dir = [/home/runner/work/ozone/ozone/hadoop-ozone/integration-test/target/test-dir/MiniOzoneClusterImpl-5315970d-89dc-4906-bf44-ab8df33b815f/datanode-0/data/ratis] (custom)
2022-10-16 13:16:54,999 [pool-1211-thread-1] INFO  server.RaftServerConfigKeys (ConfUtils.java:logGet(46)) - raft.server.log.corruption.policy = EXCEPTION (default)
2022-10-16 13:16:54,999 [pool-1211-thread-1] INFO  server.RaftServerConfigKeys (ConfUtils.java:logGet(46)) - raft.server.storage.free-space.min = 0MB (=0) (default)
2022-10-16 13:16:54,999 [pool-1211-thread-1] INFO  storage.RaftStorageDirectory (RaftStorageDirectoryImpl.java:analyzeStorage(135)) - The storage directory /home/runner/work/ozone/ozone/hadoop-ozone/integration-test/target/test-dir/MiniOzoneClusterImpl-5315970d-89dc-4906-bf44-ab8df33b815f/datanode-0/data/ratis/32fbd61d-8336-4e76-b23c-e4e75ccdf3fb does not exist. Creating ...
2022-10-16 13:16:55,001 [pool-1211-thread-1] INFO  storage.RaftStorageDirectory (RaftStorageDirectoryImpl.java:tryLock(230)) - Lock on /home/runner/work/ozone/ozone/hadoop-ozone/integration-test/target/test-dir/MiniOzoneClusterImpl-5315970d-89dc-4906-bf44-ab8df33b815f/datanode-0/data/ratis/32fbd61d-8336-4e76-b23c-e4e75ccdf3fb/in_use.lock acquired by nodename 44550@fv-az308-250
2022-10-16 13:16:55,002 [pool-1211-thread-1] INFO  storage.RaftStorage (RaftStorageImpl.java:format(89)) - Storage directory /home/runner/work/ozone/ozone/hadoop-ozone/integration-test/target/test-dir/MiniOzoneClusterImpl-5315970d-89dc-4906-bf44-ab8df33b815f/datanode-0/data/ratis/32fbd61d-8336-4e76-b23c-e4e75ccdf3fb has been successfully formatted.
2022-10-16 13:16:55,003 [pool-1211-thread-1] INFO  ratis.ContainerStateMachine (ContainerStateMachine.java:loadSnapshot(236)) - group-E4E75CCDF3FB: The snapshot info is null. Setting the last applied indexto:(t:0, i:~)
2022-10-16 13:16:55,003 [pool-1211-thread-1] INFO  server.RaftServerConfigKeys (ConfUtils.java:logGet(46)) - raft.server.notification.no-leader.timeout = 300s (custom)
2022-10-16 13:16:55,003 [pool-1211-thread-1] INFO  server.RaftServerConfigKeys (ConfUtils.java:logGet(46)) - raft.server.log.use.memory = false (default)
2022-10-16 13:16:55,004 [pool-1211-thread-1] INFO  server.RaftServerConfigKeys (ConfUtils.java:logGet(46)) - raft.server.log.purge.gap = 1000000 (custom)
2022-10-16 13:16:55,004 [pool-1211-thread-1] INFO  server.RaftServerConfigKeys (ConfUtils.java:logGet(46)) - raft.server.log.appender.buffer.byte-limit = 33554432 (custom)
2022-10-16 13:16:55,004 [pool-1211-thread-1] INFO  server.RaftServerConfigKeys (ConfUtils.java:logGet(46)) - raft.server.log.statemachine.data.read.timeout = 1000ms (default)
2022-10-16 13:16:55,004 [EventQueue-PipelineReportForPipelineReportHandler] INFO  pipeline.PipelineManagerImpl (PipelineManagerImpl.java:openPipeline(367)) - Pipeline Pipeline[ Id: 32fbd61d-8336-4e76-b23c-e4e75ccdf3fb, Nodes: 21c95474-1f17-4861-8a2e-c716fe1b7093{ip: 10.1.0.60, host: fv-az308-250.etcbaq1qs54eplwmrjlabigyle.cx.internal.cloudapp.net, ports: [REPLICATION=34623, RATIS=37539, RATIS_ADMIN=37539, RATIS_SERVER=37539, STANDALONE=34945], networkLocation: /default-rack, certSerialId: null, persistedOpState: IN_SERVICE, persistedOpStateExpiryEpochSec: 0}, ReplicationConfig: RATIS/ONE, State:ALLOCATED, leaderId:21c95474-1f17-4861-8a2e-c716fe1b7093, CreationTimestamp2022-10-16T13:16:52.001Z[Etc/UTC]] moved to OPEN state
2022-10-16 13:16:55,005 [pool-1211-thread-1] INFO  server.RaftServerConfigKeys (ConfUtils.java:logGet(46)) - raft.server.log.segment.size.max = 1048576 (custom)
2022-10-16 13:16:55,006 [pool-1211-thread-1] INFO  server.RaftServerConfigKeys (ConfUtils.java:logGet(46)) - raft.server.log.segment.cache.num.max = 2 (custom)
2022-10-16 13:16:55,006 [pool-1211-thread-1] INFO  server.RaftServerConfigKeys (ConfUtils.java:logGet(46)) - raft.server.log.segment.cache.size.max = 200MB (=209715200) (default)
2022-10-16 13:16:55,006 [pool-1211-thread-1] INFO  segmented.SegmentedRaftLogWorker (SegmentedRaftLogWorker.java:<init>(187)) - new 21c95474-1f17-4861-8a2e-c716fe1b7093@group-E4E75CCDF3FB-SegmentedRaftLogWorker for RaftStorageImpl:Storage Directory /home/runner/work/ozone/ozone/hadoop-ozone/integration-test/target/test-dir/MiniOzoneClusterImpl-5315970d-89dc-4906-bf44-ab8df33b815f/datanode-0/data/ratis/32fbd61d-8336-4e76-b23c-e4e75ccdf3fb
2022-10-16 13:16:55,006 [pool-1211-thread-1] INFO  server.RaftServerConfigKeys (ConfUtils.java:logGet(46)) - raft.server.log.queue.byte-limit = 4294967296 (custom)
2022-10-16 13:16:55,006 [pool-1211-thread-1] INFO  server.RaftServerConfigKeys (ConfUtils.java:logGet(46)) - raft.server.log.queue.element-limit = 1024 (custom)
2022-10-16 13:16:55,006 [pool-1211-thread-1] INFO  server.RaftServerConfigKeys (ConfUtils.java:logGet(46)) - raft.server.log.segment.size.max = 1048576 (custom)
2022-10-16 13:16:55,006 [pool-1211-thread-1] INFO  server.RaftServerConfigKeys (ConfUtils.java:logGet(46)) - raft.server.log.preallocated.size = 16384 (custom)
2022-10-16 13:16:55,006 [pool-1211-thread-1] INFO  server.RaftServerConfigKeys (ConfUtils.java:logGet(46)) - raft.server.log.force.sync.num = 128 (default)
2022-10-16 13:16:55,006 [pool-1211-thread-1] INFO  server.RaftServerConfigKeys (ConfUtils.java:logGet(46)) - raft.server.log.statemachine.data.sync = true (default)
2022-10-16 13:16:55,006 [pool-1211-thread-1] INFO  server.RaftServerConfigKeys (ConfUtils.java:logGet(46)) - raft.server.log.statemachine.data.sync.timeout = 10s (default)
2022-10-16 13:16:55,006 [pool-1211-thread-1] INFO  server.RaftServerConfigKeys (ConfUtils.java:logGet(46)) - raft.server.log.statemachine.data.sync.timeout.retry = -1 (default)
2022-10-16 13:16:55,007 [pool-1211-thread-1] INFO  server.RaftServerConfigKeys (ConfUtils.java:logGet(46)) - raft.server.log.write.buffer.size = 1048576 (custom)
2022-10-16 13:16:55,008 [pool-1211-thread-1] INFO  server.RaftServerConfigKeys (ConfUtils.java:logGet(46)) - raft.server.log.unsafe-flush.enabled = false (default)
2022-10-16 13:16:55,008 [pool-1211-thread-1] INFO  server.RaftServerConfigKeys (ConfUtils.java:logGet(46)) - raft.server.log.statemachine.data.caching.enabled = true (custom)
2022-10-16 13:16:55,008 [pool-1211-thread-1] INFO  segmented.SegmentedRaftLogWorker (SegmentedRaftLogWorker.java:lambda$new$0(135)) - 21c95474-1f17-4861-8a2e-c716fe1b7093@group-E4E75CCDF3FB-SegmentedRaftLogWorker: flushIndex: setUnconditionally 0 -> -1
2022-10-16 13:16:55,008 [EventQueue-OpenPipelineForHealthyPipelineSafeModeRule] INFO  safemode.SCMSafeModeManager (HealthyPipelineSafeModeRule.java:process(137)) - SCM in safe mode. Healthy pipelines reported count is 0, required healthy pipeline reported count is 1
2022-10-16 13:16:55,008 [pool-1211-thread-1] INFO  segmented.SegmentedRaftLogWorker (SegmentedRaftLogWorker.java:lambda$new$0(135)) - 21c95474-1f17-4861-8a2e-c716fe1b7093@group-E4E75CCDF3FB-SegmentedRaftLogWorker: safeCacheEvictIndex: setUnconditionally 0 -> -1
2022-10-16 13:16:55,009 [pool-1211-thread-1] INFO  server.RaftServerConfigKeys (ConfUtils.java:logGet(46)) - raft.server.snapshot.auto.trigger.enabled = true (custom)
2022-10-16 13:16:55,009 [pool-1211-thread-1] INFO  server.RaftServerConfigKeys (ConfUtils.java:logGet(46)) - raft.server.snapshot.auto.trigger.threshold = 10000 (custom)
2022-10-16 13:16:55,009 [pool-1211-thread-1] INFO  server.RaftServerConfigKeys (ConfUtils.java:logGet(46)) - raft.server.snapshot.retention.file.num = 5 (custom)
2022-10-16 13:16:55,009 [pool-1211-thread-1] INFO  server.RaftServerConfigKeys (ConfUtils.java:logGet(46)) - raft.server.log.purge.upto.snapshot.index = false (default)
2022-10-16 13:16:55,009 [pool-1211-thread-1] INFO  server.RaftServerConfigKeys (ConfUtils.java:logGet(46)) - raft.server.retrycache.expirytime = 600000ms (custom)
2022-10-16 13:16:55,009 [pool-1211-thread-1] INFO  server.RaftServerConfigKeys (ConfUtils.java:logGet(46)) - raft.server.retrycache.statistics.expirytime = 100μs (default)
2022-10-16 13:16:55,011 [pool-1211-thread-1] INFO  server.RaftServerConfigKeys (ConfUtils.java:logGet(46)) - raft.server.log.appender.install.snapshot.enabled = false (custom)
2022-10-16 13:16:55,011 [pool-1211-thread-1] INFO  server.RaftServerConfigKeys (ConfUtils.java:logGet(46)) - raft.server.threadpool.server.cached = true (default)
2022-10-16 13:16:55,011 [pool-1211-thread-1] INFO  server.RaftServerConfigKeys (ConfUtils.java:logGet(46)) - raft.server.threadpool.server.size = 0 (default)
2022-10-16 13:16:55,011 [pool-1211-thread-1] INFO  server.RaftServerConfigKeys (ConfUtils.java:logGet(46)) - raft.server.threadpool.client.cached = true (default)
2022-10-16 13:16:55,011 [pool-1211-thread-1] INFO  server.RaftServerConfigKeys (ConfUtils.java:logGet(46)) - raft.server.threadpool.client.size = 0 (default)
2022-10-16 13:16:55,011 [pool-1211-thread-1] INFO  server.RaftServer$Division (RaftServerImpl.java:start(310)) - 21c95474-1f17-4861-8a2e-c716fe1b7093@group-E4E75CCDF3FB: start as a follower, conf=-1: [21c95474-1f17-4861-8a2e-c716fe1b7093|rpc:10.1.0.60:37539|priority:1], old=null
2022-10-16 13:16:55,011 [pool-1211-thread-1] INFO  server.RaftServer$Division (RaftServerImpl.java:setRole(299)) - 21c95474-1f17-4861-8a2e-c716fe1b7093@group-E4E75CCDF3FB: changes role from      null to FOLLOWER at term 0 for startAsFollower
2022-10-16 13:16:55,011 [pool-1211-thread-1] INFO  impl.RoleInfo (RoleInfo.java:updateAndGet(139)) - 21c95474-1f17-4861-8a2e-c716fe1b7093: start 21c95474-1f17-4861-8a2e-c716fe1b7093@group-E4E75CCDF3FB-FollowerState
2022-10-16 13:16:55,011 [pool-1211-thread-1] INFO  util.JmxRegister (JmxRegister.java:tryRegister(44)) - Successfully registered JMX Bean with object name Ratis:service=RaftServer,group=group-E4E75CCDF3FB,id=21c95474-1f17-4861-8a2e-c716fe1b7093
2022-10-16 13:16:55,012 [Command processor thread] INFO  ratis.XceiverServerRatis (XceiverServerRatis.java:addGroup(765)) - Created group PipelineID=32fbd61d-8336-4e76-b23c-e4e75ccdf3fb
2022-10-16 13:16:55,012 [Command processor thread] INFO  commandhandler.CreatePipelineCommandHandler (CreatePipelineCommandHandler.java:handle(113)) - Created Pipeline RATIS ONE PipelineID=32fbd61d-8336-4e76-b23c-e4e75ccdf3fb.
2022-10-16 13:16:55,012 [Command processor thread] INFO  server.RaftServer (RaftServerProxy.java:addNew(96)) - 21c95474-1f17-4861-8a2e-c716fe1b7093: addNew group-05735183B7A5:[cae8df96-28f8-48f4-971d-f081efd69332|rpc:10.1.0.60:44437|priority:0, 268c6115-4458-4e34-8b6d-1bd6823028ea|rpc:10.1.0.60:33559|priority:1, 21c95474-1f17-4861-8a2e-c716fe1b7093|rpc:10.1.0.60:37539|priority:0] returns group-05735183B7A5:java.util.concurrent.CompletableFuture@4c083cec[Not completed]
2022-10-16 13:16:55,013 [pool-1211-thread-1] INFO  server.RaftServer$Division (RaftServerImpl.java:<init>(190)) - 21c95474-1f17-4861-8a2e-c716fe1b7093: new RaftServerImpl for group-05735183B7A5:[cae8df96-28f8-48f4-971d-f081efd69332|rpc:10.1.0.60:44437|priority:0, 268c6115-4458-4e34-8b6d-1bd6823028ea|rpc:10.1.0.60:33559|priority:1, 21c95474-1f17-4861-8a2e-c716fe1b7093|rpc:10.1.0.60:37539|priority:0] with ContainerStateMachine:uninitialized
2022-10-16 13:16:55,013 [pool-1211-thread-1] INFO  server.RaftServerConfigKeys (ConfUtils.java:logGet(46)) - raft.server.rpc.timeout.min = 5s (custom)
2022-10-16 13:16:55,013 [pool-1211-thread-1] INFO  server.RaftServerConfigKeys (ConfUtils.java:logGet(46)) - raft.server.rpc.timeout.max = 5200ms (custom)
2022-10-16 13:16:55,013 [pool-1211-thread-1] INFO  server.RaftServerConfigKeys (ConfUtils.java:logGet(46)) - raft.server.rpc.sleep.time = 25ms (default)
2022-10-16 13:16:55,013 [pool-1211-thread-1] INFO  server.RaftServerConfigKeys (ConfUtils.java:logGet(46)) - raft.server.rpc.slowness.timeout = 300s (custom)
2022-10-16 13:16:55,013 [pool-1211-thread-1] INFO  server.RaftServerConfigKeys (ConfUtils.java:logGet(46)) - raft.server.leaderelection.leader.step-down.wait-time = 10s (default)
2022-10-16 13:16:55,013 [pool-1211-thread-1] INFO  server.RaftServerConfigKeys (ConfUtils.java:logGet(46)) - raft.server.sleep.deviation.threshold = 300ms (default)
2022-10-16 13:16:55,013 [pool-1211-thread-1] INFO  server.RaftServer$Division (ServerState.java:<init>(107)) - 21c95474-1f17-4861-8a2e-c716fe1b7093@group-05735183B7A5: ConfigurationManager, init=-1: [cae8df96-28f8-48f4-971d-f081efd69332|rpc:10.1.0.60:44437|priority:0, 268c6115-4458-4e34-8b6d-1bd6823028ea|rpc:10.1.0.60:33559|priority:1, 21c95474-1f17-4861-8a2e-c716fe1b7093|rpc:10.1.0.60:37539|priority:0], old=null, confs=<EMPTY_MAP>
2022-10-16 13:16:55,013 [pool-1211-thread-1] INFO  server.RaftServerConfigKeys (ConfUtils.java:logGet(46)) - raft.server.storage.dir = [/home/runner/work/ozone/ozone/hadoop-ozone/integration-test/target/test-dir/MiniOzoneClusterImpl-5315970d-89dc-4906-bf44-ab8df33b815f/datanode-0/data/ratis] (custom)
2022-10-16 13:16:55,013 [pool-1211-thread-1] INFO  server.RaftServerConfigKeys (ConfUtils.java:logGet(46)) - raft.server.log.corruption.policy = EXCEPTION (default)
2022-10-16 13:16:55,013 [pool-1211-thread-1] INFO  server.RaftServerConfigKeys (ConfUtils.java:logGet(46)) - raft.server.storage.free-space.min = 0MB (=0) (default)
2022-10-16 13:16:55,013 [pool-1211-thread-1] INFO  storage.RaftStorageDirectory (RaftStorageDirectoryImpl.java:analyzeStorage(135)) - The storage directory /home/runner/work/ozone/ozone/hadoop-ozone/integration-test/target/test-dir/MiniOzoneClusterImpl-5315970d-89dc-4906-bf44-ab8df33b815f/datanode-0/data/ratis/f060db0b-b8ed-47d7-b2f1-05735183b7a5 does not exist. Creating ...
2022-10-16 13:16:55,014 [pool-1211-thread-1] INFO  storage.RaftStorageDirectory (RaftStorageDirectoryImpl.java:tryLock(230)) - Lock on /home/runner/work/ozone/ozone/hadoop-ozone/integration-test/target/test-dir/MiniOzoneClusterImpl-5315970d-89dc-4906-bf44-ab8df33b815f/datanode-0/data/ratis/f060db0b-b8ed-47d7-b2f1-05735183b7a5/in_use.lock acquired by nodename 44550@fv-az308-250
2022-10-16 13:16:55,016 [pool-1211-thread-1] INFO  storage.RaftStorage (RaftStorageImpl.java:format(89)) - Storage directory /home/runner/work/ozone/ozone/hadoop-ozone/integration-test/target/test-dir/MiniOzoneClusterImpl-5315970d-89dc-4906-bf44-ab8df33b815f/datanode-0/data/ratis/f060db0b-b8ed-47d7-b2f1-05735183b7a5 has been successfully formatted.
2022-10-16 13:16:55,017 [pool-1211-thread-1] INFO  ratis.ContainerStateMachine (ContainerStateMachine.java:loadSnapshot(236)) - group-05735183B7A5: The snapshot info is null. Setting the last applied indexto:(t:0, i:~)
2022-10-16 13:16:55,018 [EventQueue-OpenPipelineForHealthyPipelineSafeModeRule] INFO  safemode.SCMSafeModeManager (HealthyPipelineSafeModeRule.java:process(137)) - SCM in safe mode. Healthy pipelines reported count is 0, required healthy pipeline reported count is 1
2022-10-16 13:16:55,018 [pool-1211-thread-1] INFO  server.RaftServerConfigKeys (ConfUtils.java:logGet(46)) - raft.server.notification.no-leader.timeout = 300s (custom)
2022-10-16 13:16:55,018 [pool-1211-thread-1] INFO  server.RaftServerConfigKeys (ConfUtils.java:logGet(46)) - raft.server.log.use.memory = false (default)
2022-10-16 13:16:55,018 [pool-1211-thread-1] INFO  server.RaftServerConfigKeys (ConfUtils.java:logGet(46)) - raft.server.log.purge.gap = 1000000 (custom)
2022-10-16 13:16:55,018 [pool-1211-thread-1] INFO  server.RaftServerConfigKeys (ConfUtils.java:logGet(46)) - raft.server.log.appender.buffer.byte-limit = 33554432 (custom)
2022-10-16 13:16:55,018 [pool-1211-thread-1] INFO  server.RaftServerConfigKeys (ConfUtils.java:logGet(46)) - raft.server.log.statemachine.data.read.timeout = 1000ms (default)
2022-10-16 13:16:55,018 [pool-1211-thread-1] INFO  server.RaftServerConfigKeys (ConfUtils.java:logGet(46)) - raft.server.log.segment.size.max = 1048576 (custom)
2022-10-16 13:16:55,019 [pool-1211-thread-1] INFO  server.RaftServerConfigKeys (ConfUtils.java:logGet(46)) - raft.server.log.segment.cache.num.max = 2 (custom)
2022-10-16 13:16:55,019 [pool-1211-thread-1] INFO  server.RaftServerConfigKeys (ConfUtils.java:logGet(46)) - raft.server.log.segment.cache.size.max = 200MB (=209715200) (default)
2022-10-16 13:16:55,019 [pool-1211-thread-1] INFO  segmented.SegmentedRaftLogWorker (SegmentedRaftLogWorker.java:<init>(187)) - new 21c95474-1f17-4861-8a2e-c716fe1b7093@group-05735183B7A5-SegmentedRaftLogWorker for RaftStorageImpl:Storage Directory /home/runner/work/ozone/ozone/hadoop-ozone/integration-test/target/test-dir/MiniOzoneClusterImpl-5315970d-89dc-4906-bf44-ab8df33b815f/datanode-0/data/ratis/f060db0b-b8ed-47d7-b2f1-05735183b7a5
2022-10-16 13:16:55,019 [pool-1211-thread-1] INFO  server.RaftServerConfigKeys (ConfUtils.java:logGet(46)) - raft.server.log.queue.byte-limit = 4294967296 (custom)
2022-10-16 13:16:55,019 [pool-1211-thread-1] INFO  server.RaftServerConfigKeys (ConfUtils.java:logGet(46)) - raft.server.log.queue.element-limit = 1024 (custom)
2022-10-16 13:16:55,019 [pool-1211-thread-1] INFO  server.RaftServerConfigKeys (ConfUtils.java:logGet(46)) - raft.server.log.segment.size.max = 1048576 (custom)
2022-10-16 13:16:55,019 [pool-1211-thread-1] INFO  server.RaftServerConfigKeys (ConfUtils.java:logGet(46)) - raft.server.log.preallocated.size = 16384 (custom)
2022-10-16 13:16:55,019 [pool-1211-thread-1] INFO  server.RaftServerConfigKeys (ConfUtils.java:logGet(46)) - raft.server.log.force.sync.num = 128 (default)
2022-10-16 13:16:55,019 [pool-1211-thread-1] INFO  server.RaftServerConfigKeys (ConfUtils.java:logGet(46)) - raft.server.log.statemachine.data.sync = true (default)
2022-10-16 13:16:55,019 [pool-1211-thread-1] INFO  server.RaftServerConfigKeys (ConfUtils.java:logGet(46)) - raft.server.log.statemachine.data.sync.timeout = 10s (default)
2022-10-16 13:16:55,019 [pool-1211-thread-1] INFO  server.RaftServerConfigKeys (ConfUtils.java:logGet(46)) - raft.server.log.statemachine.data.sync.timeout.retry = -1 (default)
2022-10-16 13:16:55,022 [pool-1211-thread-1] INFO  server.RaftServerConfigKeys (ConfUtils.java:logGet(46)) - raft.server.log.write.buffer.size = 1048576 (custom)
2022-10-16 13:16:55,023 [pool-1211-thread-1] INFO  server.RaftServerConfigKeys (ConfUtils.java:logGet(46)) - raft.server.log.unsafe-flush.enabled = false (default)
2022-10-16 13:16:55,023 [pool-1211-thread-1] INFO  server.RaftServerConfigKeys (ConfUtils.java:logGet(46)) - raft.server.log.statemachine.data.caching.enabled = true (custom)
2022-10-16 13:16:55,023 [pool-1211-thread-1] INFO  segmented.SegmentedRaftLogWorker (SegmentedRaftLogWorker.java:lambda$new$0(135)) - 21c95474-1f17-4861-8a2e-c716fe1b7093@group-05735183B7A5-SegmentedRaftLogWorker: flushIndex: setUnconditionally 0 -> -1
2022-10-16 13:16:55,023 [pool-1211-thread-1] INFO  segmented.SegmentedRaftLogWorker (SegmentedRaftLogWorker.java:lambda$new$0(135)) - 21c95474-1f17-4861-8a2e-c716fe1b7093@group-05735183B7A5-SegmentedRaftLogWorker: safeCacheEvictIndex: setUnconditionally 0 -> -1
2022-10-16 13:16:55,023 [pool-1211-thread-1] INFO  server.RaftServerConfigKeys (ConfUtils.java:logGet(46)) - raft.server.snapshot.auto.trigger.enabled = true (custom)
2022-10-16 13:16:55,023 [pool-1211-thread-1] INFO  server.RaftServerConfigKeys (ConfUtils.java:logGet(46)) - raft.server.snapshot.auto.trigger.threshold = 10000 (custom)
2022-10-16 13:16:55,023 [pool-1211-thread-1] INFO  server.RaftServerConfigKeys (ConfUtils.java:logGet(46)) - raft.server.snapshot.retention.file.num = 5 (custom)
2022-10-16 13:16:55,023 [pool-1211-thread-1] INFO  server.RaftServerConfigKeys (ConfUtils.java:logGet(46)) - raft.server.log.purge.upto.snapshot.index = false (default)
2022-10-16 13:16:55,023 [pool-1211-thread-1] INFO  server.RaftServerConfigKeys (ConfUtils.java:logGet(46)) - raft.server.retrycache.expirytime = 600000ms (custom)
2022-10-16 13:16:55,023 [pool-1211-thread-1] INFO  server.RaftServerConfigKeys (ConfUtils.java:logGet(46)) - raft.server.retrycache.statistics.expirytime = 100μs (default)
2022-10-16 13:16:55,025 [pool-1211-thread-1] INFO  server.RaftServerConfigKeys (ConfUtils.java:logGet(46)) - raft.server.log.appender.install.snapshot.enabled = false (custom)
2022-10-16 13:16:55,025 [pool-1211-thread-1] INFO  server.RaftServerConfigKeys (ConfUtils.java:logGet(46)) - raft.server.threadpool.server.cached = true (default)
2022-10-16 13:16:55,025 [pool-1211-thread-1] INFO  server.RaftServerConfigKeys (ConfUtils.java:logGet(46)) - raft.server.threadpool.server.size = 0 (default)
2022-10-16 13:16:55,025 [pool-1211-thread-1] INFO  server.RaftServerConfigKeys (ConfUtils.java:logGet(46)) - raft.server.threadpool.client.cached = true (default)
2022-10-16 13:16:55,025 [pool-1211-thread-1] INFO  server.RaftServerConfigKeys (ConfUtils.java:logGet(46)) - raft.server.threadpool.client.size = 0 (default)
2022-10-16 13:16:55,025 [pool-1211-thread-1] INFO  server.RaftServer$Division (RaftServerImpl.java:start(310)) - 21c95474-1f17-4861-8a2e-c716fe1b7093@group-05735183B7A5: start as a follower, conf=-1: [cae8df96-28f8-48f4-971d-f081efd69332|rpc:10.1.0.60:44437|priority:0, 268c6115-4458-4e34-8b6d-1bd6823028ea|rpc:10.1.0.60:33559|priority:1, 21c95474-1f17-4861-8a2e-c716fe1b7093|rpc:10.1.0.60:37539|priority:0], old=null
2022-10-16 13:16:55,025 [pool-1211-thread-1] INFO  server.RaftServer$Division (RaftServerImpl.java:setRole(299)) - 21c95474-1f17-4861-8a2e-c716fe1b7093@group-05735183B7A5: changes role from      null to FOLLOWER at term 0 for startAsFollower
2022-10-16 13:16:55,025 [pool-1211-thread-1] INFO  impl.RoleInfo (RoleInfo.java:updateAndGet(139)) - 21c95474-1f17-4861-8a2e-c716fe1b7093: start 21c95474-1f17-4861-8a2e-c716fe1b7093@group-05735183B7A5-FollowerState
2022-10-16 13:16:55,025 [pool-1211-thread-1] INFO  util.JmxRegister (JmxRegister.java:tryRegister(44)) - Successfully registered JMX Bean with object name Ratis:service=RaftServer,group=group-05735183B7A5,id=21c95474-1f17-4861-8a2e-c716fe1b7093
2022-10-16 13:16:55,026 [Command processor thread] INFO  ratis.XceiverServerRatis (XceiverServerRatis.java:addGroup(765)) - Created group PipelineID=f060db0b-b8ed-47d7-b2f1-05735183b7a5
2022-10-16 13:16:55,074 [grpc-default-executor-8] INFO  server.RaftServer (RaftServerProxy.java:addNew(96)) - cae8df96-28f8-48f4-971d-f081efd69332: addNew group-05735183B7A5:[cae8df96-28f8-48f4-971d-f081efd69332|rpc:10.1.0.60:44437|dataStream:|priority:0, 268c6115-4458-4e34-8b6d-1bd6823028ea|rpc:10.1.0.60:33559|dataStream:|priority:1, 21c95474-1f17-4861-8a2e-c716fe1b7093|rpc:10.1.0.60:37539|dataStream:|priority:0] returns group-05735183B7A5:java.util.concurrent.CompletableFuture@3a029fae[Not completed]
2022-10-16 13:16:55,075 [pool-1234-thread-1] INFO  server.RaftServer$Division (RaftServerImpl.java:<init>(190)) - cae8df96-28f8-48f4-971d-f081efd69332: new RaftServerImpl for group-05735183B7A5:[cae8df96-28f8-48f4-971d-f081efd69332|rpc:10.1.0.60:44437|dataStream:|priority:0, 268c6115-4458-4e34-8b6d-1bd6823028ea|rpc:10.1.0.60:33559|dataStream:|priority:1, 21c95474-1f17-4861-8a2e-c716fe1b7093|rpc:10.1.0.60:37539|dataStream:|priority:0] with ContainerStateMachine:uninitialized
2022-10-16 13:16:55,075 [pool-1234-thread-1] INFO  server.RaftServerConfigKeys (ConfUtils.java:logGet(46)) - raft.server.rpc.timeout.min = 5s (custom)
2022-10-16 13:16:55,075 [pool-1234-thread-1] INFO  server.RaftServerConfigKeys (ConfUtils.java:logGet(46)) - raft.server.rpc.timeout.max = 5200ms (custom)
2022-10-16 13:16:55,075 [pool-1234-thread-1] INFO  server.RaftServerConfigKeys (ConfUtils.java:logGet(46)) - raft.server.rpc.sleep.time = 25ms (default)
2022-10-16 13:16:55,075 [pool-1234-thread-1] INFO  server.RaftServerConfigKeys (ConfUtils.java:logGet(46)) - raft.server.rpc.slowness.timeout = 300s (custom)
2022-10-16 13:16:55,075 [pool-1234-thread-1] INFO  server.RaftServerConfigKeys (ConfUtils.java:logGet(46)) - raft.server.leaderelection.leader.step-down.wait-time = 10s (default)
2022-10-16 13:16:55,075 [pool-1234-thread-1] INFO  server.RaftServerConfigKeys (ConfUtils.java:logGet(46)) - raft.server.sleep.deviation.threshold = 300ms (default)
2022-10-16 13:16:55,075 [pool-1234-thread-1] INFO  server.RaftServer$Division (ServerState.java:<init>(107)) - cae8df96-28f8-48f4-971d-f081efd69332@group-05735183B7A5: ConfigurationManager, init=-1: [cae8df96-28f8-48f4-971d-f081efd69332|rpc:10.1.0.60:44437|dataStream:|priority:0, 268c6115-4458-4e34-8b6d-1bd6823028ea|rpc:10.1.0.60:33559|dataStream:|priority:1, 21c95474-1f17-4861-8a2e-c716fe1b7093|rpc:10.1.0.60:37539|dataStream:|priority:0], old=null, confs=<EMPTY_MAP>
2022-10-16 13:16:55,075 [pool-1234-thread-1] INFO  server.RaftServerConfigKeys (ConfUtils.java:logGet(46)) - raft.server.storage.dir = [/home/runner/work/ozone/ozone/hadoop-ozone/integration-test/target/test-dir/MiniOzoneClusterImpl-5315970d-89dc-4906-bf44-ab8df33b815f/datanode-1/data/ratis] (custom)
2022-10-16 13:16:55,076 [pool-1234-thread-1] INFO  server.RaftServerConfigKeys (ConfUtils.java:logGet(46)) - raft.server.log.corruption.policy = EXCEPTION (default)
2022-10-16 13:16:55,076 [pool-1234-thread-1] INFO  server.RaftServerConfigKeys (ConfUtils.java:logGet(46)) - raft.server.storage.free-space.min = 0MB (=0) (default)
2022-10-16 13:16:55,076 [pool-1234-thread-1] INFO  storage.RaftStorageDirectory (RaftStorageDirectoryImpl.java:analyzeStorage(135)) - The storage directory /home/runner/work/ozone/ozone/hadoop-ozone/integration-test/target/test-dir/MiniOzoneClusterImpl-5315970d-89dc-4906-bf44-ab8df33b815f/datanode-1/data/ratis/f060db0b-b8ed-47d7-b2f1-05735183b7a5 does not exist. Creating ...
2022-10-16 13:16:55,077 [pool-1234-thread-1] INFO  storage.RaftStorageDirectory (RaftStorageDirectoryImpl.java:tryLock(230)) - Lock on /home/runner/work/ozone/ozone/hadoop-ozone/integration-test/target/test-dir/MiniOzoneClusterImpl-5315970d-89dc-4906-bf44-ab8df33b815f/datanode-1/data/ratis/f060db0b-b8ed-47d7-b2f1-05735183b7a5/in_use.lock acquired by nodename 44550@fv-az308-250
2022-10-16 13:16:55,078 [pool-1234-thread-1] INFO  storage.RaftStorage (RaftStorageImpl.java:format(89)) - Storage directory /home/runner/work/ozone/ozone/hadoop-ozone/integration-test/target/test-dir/MiniOzoneClusterImpl-5315970d-89dc-4906-bf44-ab8df33b815f/datanode-1/data/ratis/f060db0b-b8ed-47d7-b2f1-05735183b7a5 has been successfully formatted.
2022-10-16 13:16:55,079 [pool-1234-thread-1] INFO  ratis.ContainerStateMachine (ContainerStateMachine.java:loadSnapshot(236)) - group-05735183B7A5: The snapshot info is null. Setting the last applied indexto:(t:0, i:~)
2022-10-16 13:16:55,079 [pool-1234-thread-1] INFO  server.RaftServerConfigKeys (ConfUtils.java:logGet(46)) - raft.server.notification.no-leader.timeout = 300s (custom)
2022-10-16 13:16:55,079 [pool-1234-thread-1] INFO  server.RaftServerConfigKeys (ConfUtils.java:logGet(46)) - raft.server.log.use.memory = false (default)
2022-10-16 13:16:55,080 [pool-1234-thread-1] INFO  server.RaftServerConfigKeys (ConfUtils.java:logGet(46)) - raft.server.log.purge.gap = 1000000 (custom)
2022-10-16 13:16:55,080 [pool-1234-thread-1] INFO  server.RaftServerConfigKeys (ConfUtils.java:logGet(46)) - raft.server.log.appender.buffer.byte-limit = 33554432 (custom)
2022-10-16 13:16:55,080 [pool-1234-thread-1] INFO  server.RaftServerConfigKeys (ConfUtils.java:logGet(46)) - raft.server.log.statemachine.data.read.timeout = 1000ms (default)
2022-10-16 13:16:55,080 [pool-1234-thread-1] INFO  server.RaftServerConfigKeys (ConfUtils.java:logGet(46)) - raft.server.log.segment.size.max = 1048576 (custom)
2022-10-16 13:16:55,080 [pool-1234-thread-1] INFO  server.RaftServerConfigKeys (ConfUtils.java:logGet(46)) - raft.server.log.segment.cache.num.max = 2 (custom)
2022-10-16 13:16:55,080 [pool-1234-thread-1] INFO  server.RaftServerConfigKeys (ConfUtils.java:logGet(46)) - raft.server.log.segment.cache.size.max = 200MB (=209715200) (default)
2022-10-16 13:16:55,080 [pool-1234-thread-1] INFO  segmented.SegmentedRaftLogWorker (SegmentedRaftLogWorker.java:<init>(187)) - new cae8df96-28f8-48f4-971d-f081efd69332@group-05735183B7A5-SegmentedRaftLogWorker for RaftStorageImpl:Storage Directory /home/runner/work/ozone/ozone/hadoop-ozone/integration-test/target/test-dir/MiniOzoneClusterImpl-5315970d-89dc-4906-bf44-ab8df33b815f/datanode-1/data/ratis/f060db0b-b8ed-47d7-b2f1-05735183b7a5
2022-10-16 13:16:55,080 [pool-1234-thread-1] INFO  server.RaftServerConfigKeys (ConfUtils.java:logGet(46)) - raft.server.log.queue.byte-limit = 4294967296 (custom)
2022-10-16 13:16:55,080 [pool-1234-thread-1] INFO  server.RaftServerConfigKeys (ConfUtils.java:logGet(46)) - raft.server.log.queue.element-limit = 1024 (custom)
2022-10-16 13:16:55,081 [pool-1234-thread-1] INFO  server.RaftServerConfigKeys (ConfUtils.java:logGet(46)) - raft.server.log.segment.size.max = 1048576 (custom)
2022-10-16 13:16:55,081 [pool-1234-thread-1] INFO  server.RaftServerConfigKeys (ConfUtils.java:logGet(46)) - raft.server.log.preallocated.size = 16384 (custom)
2022-10-16 13:16:55,081 [pool-1234-thread-1] INFO  server.RaftServerConfigKeys (ConfUtils.java:logGet(46)) - raft.server.log.force.sync.num = 128 (default)
2022-10-16 13:16:55,081 [pool-1234-thread-1] INFO  server.RaftServerConfigKeys (ConfUtils.java:logGet(46)) - raft.server.log.statemachine.data.sync = true (default)
2022-10-16 13:16:55,081 [pool-1234-thread-1] INFO  server.RaftServerConfigKeys (ConfUtils.java:logGet(46)) - raft.server.log.statemachine.data.sync.timeout = 10s (default)
2022-10-16 13:16:55,081 [pool-1234-thread-1] INFO  server.RaftServerConfigKeys (ConfUtils.java:logGet(46)) - raft.server.log.statemachine.data.sync.timeout.retry = -1 (default)
2022-10-16 13:16:55,082 [pool-1234-thread-1] INFO  server.RaftServerConfigKeys (ConfUtils.java:logGet(46)) - raft.server.log.write.buffer.size = 1048576 (custom)
2022-10-16 13:16:55,082 [pool-1234-thread-1] INFO  server.RaftServerConfigKeys (ConfUtils.java:logGet(46)) - raft.server.log.unsafe-flush.enabled = false (default)
2022-10-16 13:16:55,082 [pool-1234-thread-1] INFO  server.RaftServerConfigKeys (ConfUtils.java:logGet(46)) - raft.server.log.statemachine.data.caching.enabled = true (custom)
2022-10-16 13:16:55,082 [pool-1234-thread-1] INFO  segmented.SegmentedRaftLogWorker (SegmentedRaftLogWorker.java:lambda$new$0(135)) - cae8df96-28f8-48f4-971d-f081efd69332@group-05735183B7A5-SegmentedRaftLogWorker: flushIndex: setUnconditionally 0 -> -1
2022-10-16 13:16:55,082 [pool-1234-thread-1] INFO  segmented.SegmentedRaftLogWorker (SegmentedRaftLogWorker.java:lambda$new$0(135)) - cae8df96-28f8-48f4-971d-f081efd69332@group-05735183B7A5-SegmentedRaftLogWorker: safeCacheEvictIndex: setUnconditionally 0 -> -1
2022-10-16 13:16:55,082 [pool-1234-thread-1] INFO  server.RaftServerConfigKeys (ConfUtils.java:logGet(46)) - raft.server.snapshot.auto.trigger.enabled = true (custom)
2022-10-16 13:16:55,082 [pool-1234-thread-1] INFO  server.RaftServerConfigKeys (ConfUtils.java:logGet(46)) - raft.server.snapshot.auto.trigger.threshold = 10000 (custom)
2022-10-16 13:16:55,082 [pool-1234-thread-1] INFO  server.RaftServerConfigKeys (ConfUtils.java:logGet(46)) - raft.server.snapshot.retention.file.num = 5 (custom)
2022-10-16 13:16:55,082 [pool-1234-thread-1] INFO  server.RaftServerConfigKeys (ConfUtils.java:logGet(46)) - raft.server.log.purge.upto.snapshot.index = false (default)
2022-10-16 13:16:55,083 [pool-1234-thread-1] INFO  server.RaftServerConfigKeys (ConfUtils.java:logGet(46)) - raft.server.retrycache.expirytime = 600000ms (custom)
2022-10-16 13:16:55,083 [pool-1234-thread-1] INFO  server.RaftServerConfigKeys (ConfUtils.java:logGet(46)) - raft.server.retrycache.statistics.expirytime = 100μs (default)
2022-10-16 13:16:55,084 [pool-1234-thread-1] INFO  server.RaftServerConfigKeys (ConfUtils.java:logGet(46)) - raft.server.log.appender.install.snapshot.enabled = false (custom)
2022-10-16 13:16:55,084 [pool-1234-thread-1] INFO  server.RaftServerConfigKeys (ConfUtils.java:logGet(46)) - raft.server.threadpool.server.cached = true (default)
2022-10-16 13:16:55,084 [pool-1234-thread-1] INFO  server.RaftServerConfigKeys (ConfUtils.java:logGet(46)) - raft.server.threadpool.server.size = 0 (default)
2022-10-16 13:16:55,084 [pool-1234-thread-1] INFO  server.RaftServerConfigKeys (ConfUtils.java:logGet(46)) - raft.server.threadpool.client.cached = true (default)
2022-10-16 13:16:55,084 [pool-1234-thread-1] INFO  server.RaftServerConfigKeys (ConfUtils.java:logGet(46)) - raft.server.threadpool.client.size = 0 (default)
2022-10-16 13:16:55,084 [pool-1234-thread-1] INFO  server.RaftServer$Division (RaftServerImpl.java:start(310)) - cae8df96-28f8-48f4-971d-f081efd69332@group-05735183B7A5: start as a follower, conf=-1: [cae8df96-28f8-48f4-971d-f081efd69332|rpc:10.1.0.60:44437|dataStream:|priority:0, 268c6115-4458-4e34-8b6d-1bd6823028ea|rpc:10.1.0.60:33559|dataStream:|priority:1, 21c95474-1f17-4861-8a2e-c716fe1b7093|rpc:10.1.0.60:37539|dataStream:|priority:0], old=null
2022-10-16 13:16:55,084 [pool-1234-thread-1] INFO  server.RaftServer$Division (RaftServerImpl.java:setRole(299)) - cae8df96-28f8-48f4-971d-f081efd69332@group-05735183B7A5: changes role from      null to FOLLOWER at term 0 for startAsFollower
2022-10-16 13:16:55,084 [pool-1234-thread-1] INFO  impl.RoleInfo (RoleInfo.java:updateAndGet(139)) - cae8df96-28f8-48f4-971d-f081efd69332: start cae8df96-28f8-48f4-971d-f081efd69332@group-05735183B7A5-FollowerState
2022-10-16 13:16:55,085 [pool-1234-thread-1] INFO  util.JmxRegister (JmxRegister.java:tryRegister(44)) - Successfully registered JMX Bean with object name Ratis:service=RaftServer,group=group-05735183B7A5,id=cae8df96-28f8-48f4-971d-f081efd69332
2022-10-16 13:16:55,095 [grpc-default-executor-8] INFO  server.RaftServer (RaftServerProxy.java:addNew(96)) - 268c6115-4458-4e34-8b6d-1bd6823028ea: addNew group-05735183B7A5:[cae8df96-28f8-48f4-971d-f081efd69332|rpc:10.1.0.60:44437|dataStream:|priority:0, 268c6115-4458-4e34-8b6d-1bd6823028ea|rpc:10.1.0.60:33559|dataStream:|priority:1, 21c95474-1f17-4861-8a2e-c716fe1b7093|rpc:10.1.0.60:37539|dataStream:|priority:0] returns group-05735183B7A5:java.util.concurrent.CompletableFuture@1b6f66bc[Not completed]
2022-10-16 13:16:55,096 [pool-1257-thread-1] INFO  server.RaftServer$Division (RaftServerImpl.java:<init>(190)) - 268c6115-4458-4e34-8b6d-1bd6823028ea: new RaftServerImpl for group-05735183B7A5:[cae8df96-28f8-48f4-971d-f081efd69332|rpc:10.1.0.60:44437|dataStream:|priority:0, 268c6115-4458-4e34-8b6d-1bd6823028ea|rpc:10.1.0.60:33559|dataStream:|priority:1, 21c95474-1f17-4861-8a2e-c716fe1b7093|rpc:10.1.0.60:37539|dataStream:|priority:0] with ContainerStateMachine:uninitialized
2022-10-16 13:16:55,096 [pool-1257-thread-1] INFO  server.RaftServerConfigKeys (ConfUtils.java:logGet(46)) - raft.server.rpc.timeout.min = 5s (custom)
2022-10-16 13:16:55,096 [pool-1257-thread-1] INFO  server.RaftServerConfigKeys (ConfUtils.java:logGet(46)) - raft.server.rpc.timeout.max = 5200ms (custom)
2022-10-16 13:16:55,096 [pool-1257-thread-1] INFO  server.RaftServerConfigKeys (ConfUtils.java:logGet(46)) - raft.server.rpc.sleep.time = 25ms (default)
2022-10-16 13:16:55,096 [pool-1257-thread-1] INFO  server.RaftServerConfigKeys (ConfUtils.java:logGet(46)) - raft.server.rpc.slowness.timeout = 300s (custom)
2022-10-16 13:16:55,096 [pool-1257-thread-1] INFO  server.RaftServerConfigKeys (ConfUtils.java:logGet(46)) - raft.server.leaderelection.leader.step-down.wait-time = 10s (default)
2022-10-16 13:16:55,096 [pool-1257-thread-1] INFO  server.RaftServerConfigKeys (ConfUtils.java:logGet(46)) - raft.server.sleep.deviation.threshold = 300ms (default)
2022-10-16 13:16:55,096 [pool-1257-thread-1] INFO  server.RaftServer$Division (ServerState.java:<init>(107)) - 268c6115-4458-4e34-8b6d-1bd6823028ea@group-05735183B7A5: ConfigurationManager, init=-1: [cae8df96-28f8-48f4-971d-f081efd69332|rpc:10.1.0.60:44437|dataStream:|priority:0, 268c6115-4458-4e34-8b6d-1bd6823028ea|rpc:10.1.0.60:33559|dataStream:|priority:1, 21c95474-1f17-4861-8a2e-c716fe1b7093|rpc:10.1.0.60:37539|dataStream:|priority:0], old=null, confs=<EMPTY_MAP>
2022-10-16 13:16:55,096 [pool-1257-thread-1] INFO  server.RaftServerConfigKeys (ConfUtils.java:logGet(46)) - raft.server.storage.dir = [/home/runner/work/ozone/ozone/hadoop-ozone/integration-test/target/test-dir/MiniOzoneClusterImpl-5315970d-89dc-4906-bf44-ab8df33b815f/datanode-2/data/ratis] (custom)
2022-10-16 13:16:55,096 [pool-1257-thread-1] INFO  server.RaftServerConfigKeys (ConfUtils.java:logGet(46)) - raft.server.log.corruption.policy = EXCEPTION (default)
2022-10-16 13:16:55,096 [pool-1257-thread-1] INFO  server.RaftServerConfigKeys (ConfUtils.java:logGet(46)) - raft.server.storage.free-space.min = 0MB (=0) (default)
2022-10-16 13:16:55,096 [pool-1257-thread-1] INFO  storage.RaftStorageDirectory (RaftStorageDirectoryImpl.java:analyzeStorage(135)) - The storage directory /home/runner/work/ozone/ozone/hadoop-ozone/integration-test/target/test-dir/MiniOzoneClusterImpl-5315970d-89dc-4906-bf44-ab8df33b815f/datanode-2/data/ratis/f060db0b-b8ed-47d7-b2f1-05735183b7a5 does not exist. Creating ...
2022-10-16 13:16:55,097 [pool-1257-thread-1] INFO  storage.RaftStorageDirectory (RaftStorageDirectoryImpl.java:tryLock(230)) - Lock on /home/runner/work/ozone/ozone/hadoop-ozone/integration-test/target/test-dir/MiniOzoneClusterImpl-5315970d-89dc-4906-bf44-ab8df33b815f/datanode-2/data/ratis/f060db0b-b8ed-47d7-b2f1-05735183b7a5/in_use.lock acquired by nodename 44550@fv-az308-250
2022-10-16 13:16:55,099 [pool-1257-thread-1] INFO  storage.RaftStorage (RaftStorageImpl.java:format(89)) - Storage directory /home/runner/work/ozone/ozone/hadoop-ozone/integration-test/target/test-dir/MiniOzoneClusterImpl-5315970d-89dc-4906-bf44-ab8df33b815f/datanode-2/data/ratis/f060db0b-b8ed-47d7-b2f1-05735183b7a5 has been successfully formatted.
2022-10-16 13:16:55,099 [pool-1257-thread-1] INFO  ratis.ContainerStateMachine (ContainerStateMachine.java:loadSnapshot(236)) - group-05735183B7A5: The snapshot info is null. Setting the last applied indexto:(t:0, i:~)
2022-10-16 13:16:55,100 [pool-1257-thread-1] INFO  server.RaftServerConfigKeys (ConfUtils.java:logGet(46)) - raft.server.notification.no-leader.timeout = 300s (custom)
2022-10-16 13:16:55,100 [pool-1257-thread-1] INFO  server.RaftServerConfigKeys (ConfUtils.java:logGet(46)) - raft.server.log.use.memory = false (default)
2022-10-16 13:16:55,100 [pool-1257-thread-1] INFO  server.RaftServerConfigKeys (ConfUtils.java:logGet(46)) - raft.server.log.purge.gap = 1000000 (custom)
2022-10-16 13:16:55,100 [pool-1257-thread-1] INFO  server.RaftServerConfigKeys (ConfUtils.java:logGet(46)) - raft.server.log.appender.buffer.byte-limit = 33554432 (custom)
2022-10-16 13:16:55,100 [pool-1257-thread-1] INFO  server.RaftServerConfigKeys (ConfUtils.java:logGet(46)) - raft.server.log.statemachine.data.read.timeout = 1000ms (default)
2022-10-16 13:16:55,101 [pool-1257-thread-1] INFO  server.RaftServerConfigKeys (ConfUtils.java:logGet(46)) - raft.server.log.segment.size.max = 1048576 (custom)
2022-10-16 13:16:55,101 [pool-1257-thread-1] INFO  server.RaftServerConfigKeys (ConfUtils.java:logGet(46)) - raft.server.log.segment.cache.num.max = 2 (custom)
2022-10-16 13:16:55,101 [pool-1257-thread-1] INFO  server.RaftServerConfigKeys (ConfUtils.java:logGet(46)) - raft.server.log.segment.cache.size.max = 200MB (=209715200) (default)
2022-10-16 13:16:55,101 [pool-1257-thread-1] INFO  segmented.SegmentedRaftLogWorker (SegmentedRaftLogWorker.java:<init>(187)) - new 268c6115-4458-4e34-8b6d-1bd6823028ea@group-05735183B7A5-SegmentedRaftLogWorker for RaftStorageImpl:Storage Directory /home/runner/work/ozone/ozone/hadoop-ozone/integration-test/target/test-dir/MiniOzoneClusterImpl-5315970d-89dc-4906-bf44-ab8df33b815f/datanode-2/data/ratis/f060db0b-b8ed-47d7-b2f1-05735183b7a5
2022-10-16 13:16:55,101 [pool-1257-thread-1] INFO  server.RaftServerConfigKeys (ConfUtils.java:logGet(46)) - raft.server.log.queue.byte-limit = 4294967296 (custom)
2022-10-16 13:16:55,101 [pool-1257-thread-1] INFO  server.RaftServerConfigKeys (ConfUtils.java:logGet(46)) - raft.server.log.queue.element-limit = 1024 (custom)
2022-10-16 13:16:55,101 [pool-1257-thread-1] INFO  server.RaftServerConfigKeys (ConfUtils.java:logGet(46)) - raft.server.log.segment.size.max = 1048576 (custom)
2022-10-16 13:16:55,101 [pool-1257-thread-1] INFO  server.RaftServerConfigKeys (ConfUtils.java:logGet(46)) - raft.server.log.preallocated.size = 16384 (custom)
2022-10-16 13:16:55,101 [pool-1257-thread-1] INFO  server.RaftServerConfigKeys (ConfUtils.java:logGet(46)) - raft.server.log.force.sync.num = 128 (default)
2022-10-16 13:16:55,101 [pool-1257-thread-1] INFO  server.RaftServerConfigKeys (ConfUtils.java:logGet(46)) - raft.server.log.statemachine.data.sync = true (default)
2022-10-16 13:16:55,101 [pool-1257-thread-1] INFO  server.RaftServerConfigKeys (ConfUtils.java:logGet(46)) - raft.server.log.statemachine.data.sync.timeout = 10s (default)
2022-10-16 13:16:55,102 [pool-1257-thread-1] INFO  server.RaftServerConfigKeys (ConfUtils.java:logGet(46)) - raft.server.log.statemachine.data.sync.timeout.retry = -1 (default)
2022-10-16 13:16:55,103 [pool-1257-thread-1] INFO  server.RaftServerConfigKeys (ConfUtils.java:logGet(46)) - raft.server.log.write.buffer.size = 1048576 (custom)
2022-10-16 13:16:55,103 [pool-1257-thread-1] INFO  server.RaftServerConfigKeys (ConfUtils.java:logGet(46)) - raft.server.log.unsafe-flush.enabled = false (default)
2022-10-16 13:16:55,103 [pool-1257-thread-1] INFO  server.RaftServerConfigKeys (ConfUtils.java:logGet(46)) - raft.server.log.statemachine.data.caching.enabled = true (custom)
2022-10-16 13:16:55,103 [pool-1257-thread-1] INFO  segmented.SegmentedRaftLogWorker (SegmentedRaftLogWorker.java:lambda$new$0(135)) - 268c6115-4458-4e34-8b6d-1bd6823028ea@group-05735183B7A5-SegmentedRaftLogWorker: flushIndex: setUnconditionally 0 -> -1
2022-10-16 13:16:55,103 [pool-1257-thread-1] INFO  segmented.SegmentedRaftLogWorker (SegmentedRaftLogWorker.java:lambda$new$0(135)) - 268c6115-4458-4e34-8b6d-1bd6823028ea@group-05735183B7A5-SegmentedRaftLogWorker: safeCacheEvictIndex: setUnconditionally 0 -> -1
2022-10-16 13:16:55,103 [pool-1257-thread-1] INFO  server.RaftServerConfigKeys (ConfUtils.java:logGet(46)) - raft.server.snapshot.auto.trigger.enabled = true (custom)
2022-10-16 13:16:55,103 [pool-1257-thread-1] INFO  server.RaftServerConfigKeys (ConfUtils.java:logGet(46)) - raft.server.snapshot.auto.trigger.threshold = 10000 (custom)
2022-10-16 13:16:55,103 [pool-1257-thread-1] INFO  server.RaftServerConfigKeys (ConfUtils.java:logGet(46)) - raft.server.snapshot.retention.file.num = 5 (custom)
2022-10-16 13:16:55,103 [pool-1257-thread-1] INFO  server.RaftServerConfigKeys (ConfUtils.java:logGet(46)) - raft.server.log.purge.upto.snapshot.index = false (default)
2022-10-16 13:16:55,103 [pool-1257-thread-1] INFO  server.RaftServerConfigKeys (ConfUtils.java:logGet(46)) - raft.server.retrycache.expirytime = 600000ms (custom)
2022-10-16 13:16:55,103 [pool-1257-thread-1] INFO  server.RaftServerConfigKeys (ConfUtils.java:logGet(46)) - raft.server.retrycache.statistics.expirytime = 100μs (default)
2022-10-16 13:16:55,105 [pool-1257-thread-1] INFO  server.RaftServerConfigKeys (ConfUtils.java:logGet(46)) - raft.server.log.appender.install.snapshot.enabled = false (custom)
2022-10-16 13:16:55,105 [pool-1257-thread-1] INFO  server.RaftServerConfigKeys (ConfUtils.java:logGet(46)) - raft.server.threadpool.server.cached = true (default)
2022-10-16 13:16:55,105 [pool-1257-thread-1] INFO  server.RaftServerConfigKeys (ConfUtils.java:logGet(46)) - raft.server.threadpool.server.size = 0 (default)
2022-10-16 13:16:55,105 [pool-1257-thread-1] INFO  server.RaftServerConfigKeys (ConfUtils.java:logGet(46)) - raft.server.threadpool.client.cached = true (default)
2022-10-16 13:16:55,105 [pool-1257-thread-1] INFO  server.RaftServerConfigKeys (ConfUtils.java:logGet(46)) - raft.server.threadpool.client.size = 0 (default)
2022-10-16 13:16:55,105 [pool-1257-thread-1] INFO  server.RaftServer$Division (RaftServerImpl.java:start(310)) - 268c6115-4458-4e34-8b6d-1bd6823028ea@group-05735183B7A5: start as a follower, conf=-1: [cae8df96-28f8-48f4-971d-f081efd69332|rpc:10.1.0.60:44437|dataStream:|priority:0, 268c6115-4458-4e34-8b6d-1bd6823028ea|rpc:10.1.0.60:33559|dataStream:|priority:1, 21c95474-1f17-4861-8a2e-c716fe1b7093|rpc:10.1.0.60:37539|dataStream:|priority:0], old=null
2022-10-16 13:16:55,105 [pool-1257-thread-1] INFO  server.RaftServer$Division (RaftServerImpl.java:setRole(299)) - 268c6115-4458-4e34-8b6d-1bd6823028ea@group-05735183B7A5: changes role from      null to FOLLOWER at term 0 for startAsFollower
2022-10-16 13:16:55,105 [pool-1257-thread-1] INFO  impl.RoleInfo (RoleInfo.java:updateAndGet(139)) - 268c6115-4458-4e34-8b6d-1bd6823028ea: start 268c6115-4458-4e34-8b6d-1bd6823028ea@group-05735183B7A5-FollowerState
2022-10-16 13:16:55,106 [pool-1257-thread-1] INFO  util.JmxRegister (JmxRegister.java:tryRegister(44)) - Successfully registered JMX Bean with object name Ratis:service=RaftServer,group=group-05735183B7A5,id=268c6115-4458-4e34-8b6d-1bd6823028ea
2022-10-16 13:16:55,112 [Command processor thread] INFO  commandhandler.CreatePipelineCommandHandler (CreatePipelineCommandHandler.java:handle(113)) - Created Pipeline RATIS THREE PipelineID=f060db0b-b8ed-47d7-b2f1-05735183b7a5.
2022-10-16 13:16:55,128 [Listener at 127.0.0.1/38953] INFO  ozone.MiniOzoneClusterImpl (MiniOzoneClusterImpl.java:lambda$waitForClusterToBeReady$0(216)) - Nodes are ready. Got 5 of 5 DN Heartbeats.
2022-10-16 13:16:55,128 [Listener at 127.0.0.1/38953] INFO  ozone.MiniOzoneClusterImpl (MiniOzoneClusterImpl.java:lambda$waitForClusterToBeReady$0(219)) - Waiting for cluster to exit safe mode
2022-10-16 13:16:55,128 [Listener at 127.0.0.1/38953] INFO  ozone.MiniOzoneClusterImpl (MiniOzoneClusterImpl.java:lambda$waitForClusterToBeReady$0(221)) - SCM became leader
2022-10-16 13:16:55,142 [ReplicationMonitor] INFO  replication.ReplicationManager (ReplicationManager.java:processAll(324)) - Replication Monitor Thread took 0 milliseconds for processing 7 containers.
2022-10-16 13:16:55,282 [Command processor thread] INFO  server.RaftServer (RaftServerProxy.java:addNew(96)) - cae8df96-28f8-48f4-971d-f081efd69332: addNew group-785FB67216D7:[cae8df96-28f8-48f4-971d-f081efd69332|rpc:10.1.0.60:44437|priority:1] returns group-785FB67216D7:java.util.concurrent.CompletableFuture@72be71ff[Not completed]
2022-10-16 13:16:55,283 [pool-1234-thread-1] INFO  server.RaftServer$Division (RaftServerImpl.java:<init>(190)) - cae8df96-28f8-48f4-971d-f081efd69332: new RaftServerImpl for group-785FB67216D7:[cae8df96-28f8-48f4-971d-f081efd69332|rpc:10.1.0.60:44437|priority:1] with ContainerStateMachine:uninitialized
2022-10-16 13:16:55,283 [pool-1234-thread-1] INFO  server.RaftServerConfigKeys (ConfUtils.java:logGet(46)) - raft.server.rpc.timeout.min = 5s (custom)
2022-10-16 13:16:55,283 [pool-1234-thread-1] INFO  server.RaftServerConfigKeys (ConfUtils.java:logGet(46)) - raft.server.rpc.timeout.max = 5200ms (custom)
2022-10-16 13:16:55,283 [pool-1234-thread-1] INFO  server.RaftServerConfigKeys (ConfUtils.java:logGet(46)) - raft.server.rpc.sleep.time = 25ms (default)
2022-10-16 13:16:55,283 [pool-1234-thread-1] INFO  server.RaftServerConfigKeys (ConfUtils.java:logGet(46)) - raft.server.rpc.slowness.timeout = 300s (custom)
2022-10-16 13:16:55,283 [pool-1234-thread-1] INFO  server.RaftServerConfigKeys (ConfUtils.java:logGet(46)) - raft.server.leaderelection.leader.step-down.wait-time = 10s (default)
2022-10-16 13:16:55,283 [pool-1234-thread-1] INFO  server.RaftServerConfigKeys (ConfUtils.java:logGet(46)) - raft.server.sleep.deviation.threshold = 300ms (default)
2022-10-16 13:16:55,283 [pool-1234-thread-1] INFO  server.RaftServer$Division (ServerState.java:<init>(107)) - cae8df96-28f8-48f4-971d-f081efd69332@group-785FB67216D7: ConfigurationManager, init=-1: [cae8df96-28f8-48f4-971d-f081efd69332|rpc:10.1.0.60:44437|priority:1], old=null, confs=<EMPTY_MAP>
2022-10-16 13:16:55,284 [pool-1234-thread-1] INFO  server.RaftServerConfigKeys (ConfUtils.java:logGet(46)) - raft.server.storage.dir = [/home/runner/work/ozone/ozone/hadoop-ozone/integration-test/target/test-dir/MiniOzoneClusterImpl-5315970d-89dc-4906-bf44-ab8df33b815f/datanode-1/data/ratis] (custom)
2022-10-16 13:16:55,284 [pool-1234-thread-1] INFO  server.RaftServerConfigKeys (ConfUtils.java:logGet(46)) - raft.server.log.corruption.policy = EXCEPTION (default)
2022-10-16 13:16:55,284 [pool-1234-thread-1] INFO  server.RaftServerConfigKeys (ConfUtils.java:logGet(46)) - raft.server.storage.free-space.min = 0MB (=0) (default)
2022-10-16 13:16:55,284 [pool-1234-thread-1] INFO  storage.RaftStorageDirectory (RaftStorageDirectoryImpl.java:analyzeStorage(135)) - The storage directory /home/runner/work/ozone/ozone/hadoop-ozone/integration-test/target/test-dir/MiniOzoneClusterImpl-5315970d-89dc-4906-bf44-ab8df33b815f/datanode-1/data/ratis/e644d672-043c-41d5-b3e0-785fb67216d7 does not exist. Creating ...
2022-10-16 13:16:55,286 [pool-1234-thread-1] INFO  storage.RaftStorageDirectory (RaftStorageDirectoryImpl.java:tryLock(230)) - Lock on /home/runner/work/ozone/ozone/hadoop-ozone/integration-test/target/test-dir/MiniOzoneClusterImpl-5315970d-89dc-4906-bf44-ab8df33b815f/datanode-1/data/ratis/e644d672-043c-41d5-b3e0-785fb67216d7/in_use.lock acquired by nodename 44550@fv-az308-250
2022-10-16 13:16:55,287 [pool-1234-thread-1] INFO  storage.RaftStorage (RaftStorageImpl.java:format(89)) - Storage directory /home/runner/work/ozone/ozone/hadoop-ozone/integration-test/target/test-dir/MiniOzoneClusterImpl-5315970d-89dc-4906-bf44-ab8df33b815f/datanode-1/data/ratis/e644d672-043c-41d5-b3e0-785fb67216d7 has been successfully formatted.
2022-10-16 13:16:55,288 [pool-1234-thread-1] INFO  ratis.ContainerStateMachine (ContainerStateMachine.java:loadSnapshot(236)) - group-785FB67216D7: The snapshot info is null. Setting the last applied indexto:(t:0, i:~)
2022-10-16 13:16:55,288 [pool-1234-thread-1] INFO  server.RaftServerConfigKeys (ConfUtils.java:logGet(46)) - raft.server.notification.no-leader.timeout = 300s (custom)
2022-10-16 13:16:55,288 [pool-1234-thread-1] INFO  server.RaftServerConfigKeys (ConfUtils.java:logGet(46)) - raft.server.log.use.memory = false (default)
2022-10-16 13:16:55,288 [pool-1234-thread-1] INFO  server.RaftServerConfigKeys (ConfUtils.java:logGet(46)) - raft.server.log.purge.gap = 1000000 (custom)
2022-10-16 13:16:55,288 [pool-1234-thread-1] INFO  server.RaftServerConfigKeys (ConfUtils.java:logGet(46)) - raft.server.log.appender.buffer.byte-limit = 33554432 (custom)
2022-10-16 13:16:55,288 [pool-1234-thread-1] INFO  server.RaftServerConfigKeys (ConfUtils.java:logGet(46)) - raft.server.log.statemachine.data.read.timeout = 1000ms (default)
2022-10-16 13:16:55,288 [pool-1234-thread-1] INFO  server.RaftServerConfigKeys (ConfUtils.java:logGet(46)) - raft.server.log.segment.size.max = 1048576 (custom)
2022-10-16 13:16:55,289 [EventQueue-PipelineReportForPipelineReportHandler] INFO  pipeline.PipelineManagerImpl (PipelineManagerImpl.java:openPipeline(367)) - Pipeline Pipeline[ Id: e644d672-043c-41d5-b3e0-785fb67216d7, Nodes: cae8df96-28f8-48f4-971d-f081efd69332{ip: 10.1.0.60, host: fv-az308-250.etcbaq1qs54eplwmrjlabigyle.cx.internal.cloudapp.net, ports: [REPLICATION=35757, RATIS=44437, RATIS_ADMIN=44437, RATIS_SERVER=44437, STANDALONE=32801], networkLocation: /default-rack, certSerialId: null, persistedOpState: IN_SERVICE, persistedOpStateExpiryEpochSec: 0}, ReplicationConfig: RATIS/ONE, State:ALLOCATED, leaderId:cae8df96-28f8-48f4-971d-f081efd69332, CreationTimestamp2022-10-16T13:16:52.286Z[Etc/UTC]] moved to OPEN state
2022-10-16 13:16:55,289 [pool-1234-thread-1] INFO  server.RaftServerConfigKeys (ConfUtils.java:logGet(46)) - raft.server.log.segment.cache.num.max = 2 (custom)
2022-10-16 13:16:55,289 [pool-1234-thread-1] INFO  server.RaftServerConfigKeys (ConfUtils.java:logGet(46)) - raft.server.log.segment.cache.size.max = 200MB (=209715200) (default)
2022-10-16 13:16:55,289 [pool-1234-thread-1] INFO  segmented.SegmentedRaftLogWorker (SegmentedRaftLogWorker.java:<init>(187)) - new cae8df96-28f8-48f4-971d-f081efd69332@group-785FB67216D7-SegmentedRaftLogWorker for RaftStorageImpl:Storage Directory /home/runner/work/ozone/ozone/hadoop-ozone/integration-test/target/test-dir/MiniOzoneClusterImpl-5315970d-89dc-4906-bf44-ab8df33b815f/datanode-1/data/ratis/e644d672-043c-41d5-b3e0-785fb67216d7
2022-10-16 13:16:55,289 [pool-1234-thread-1] INFO  server.RaftServerConfigKeys (ConfUtils.java:logGet(46)) - raft.server.log.queue.byte-limit = 4294967296 (custom)
2022-10-16 13:16:55,289 [pool-1234-thread-1] INFO  server.RaftServerConfigKeys (ConfUtils.java:logGet(46)) - raft.server.log.queue.element-limit = 1024 (custom)
2022-10-16 13:16:55,289 [pool-1234-thread-1] INFO  server.RaftServerConfigKeys (ConfUtils.java:logGet(46)) - raft.server.log.segment.size.max = 1048576 (custom)
2022-10-16 13:16:55,289 [pool-1234-thread-1] INFO  server.RaftServerConfigKeys (ConfUtils.java:logGet(46)) - raft.server.log.preallocated.size = 16384 (custom)
2022-10-16 13:16:55,289 [pool-1234-thread-1] INFO  server.RaftServerConfigKeys (ConfUtils.java:logGet(46)) - raft.server.log.force.sync.num = 128 (default)
2022-10-16 13:16:55,289 [pool-1234-thread-1] INFO  server.RaftServerConfigKeys (ConfUtils.java:logGet(46)) - raft.server.log.statemachine.data.sync = true (default)
2022-10-16 13:16:55,289 [pool-1234-thread-1] INFO  server.RaftServerConfigKeys (ConfUtils.java:logGet(46)) - raft.server.log.statemachine.data.sync.timeout = 10s (default)
2022-10-16 13:16:55,289 [pool-1234-thread-1] INFO  server.RaftServerConfigKeys (ConfUtils.java:logGet(46)) - raft.server.log.statemachine.data.sync.timeout.retry = -1 (default)
2022-10-16 13:16:55,289 [EventQueue-OpenPipelineForHealthyPipelineSafeModeRule] INFO  safemode.SCMSafeModeManager (HealthyPipelineSafeModeRule.java:process(137)) - SCM in safe mode. Healthy pipelines reported count is 0, required healthy pipeline reported count is 1
2022-10-16 13:16:55,290 [pool-1234-thread-1] INFO  server.RaftServerConfigKeys (ConfUtils.java:logGet(46)) - raft.server.log.write.buffer.size = 1048576 (custom)
2022-10-16 13:16:55,291 [pool-1234-thread-1] INFO  server.RaftServerConfigKeys (ConfUtils.java:logGet(46)) - raft.server.log.unsafe-flush.enabled = false (default)
2022-10-16 13:16:55,291 [pool-1234-thread-1] INFO  server.RaftServerConfigKeys (ConfUtils.java:logGet(46)) - raft.server.log.statemachine.data.caching.enabled = true (custom)
2022-10-16 13:16:55,291 [pool-1234-thread-1] INFO  segmented.SegmentedRaftLogWorker (SegmentedRaftLogWorker.java:lambda$new$0(135)) - cae8df96-28f8-48f4-971d-f081efd69332@group-785FB67216D7-SegmentedRaftLogWorker: flushIndex: setUnconditionally 0 -> -1
2022-10-16 13:16:55,291 [pool-1234-thread-1] INFO  segmented.SegmentedRaftLogWorker (SegmentedRaftLogWorker.java:lambda$new$0(135)) - cae8df96-28f8-48f4-971d-f081efd69332@group-785FB67216D7-SegmentedRaftLogWorker: safeCacheEvictIndex: setUnconditionally 0 -> -1
2022-10-16 13:16:55,291 [pool-1234-thread-1] INFO  server.RaftServerConfigKeys (ConfUtils.java:logGet(46)) - raft.server.snapshot.auto.trigger.enabled = true (custom)
2022-10-16 13:16:55,291 [pool-1234-thread-1] INFO  server.RaftServerConfigKeys (ConfUtils.java:logGet(46)) - raft.server.snapshot.auto.trigger.threshold = 10000 (custom)
2022-10-16 13:16:55,291 [pool-1234-thread-1] INFO  server.RaftServerConfigKeys (ConfUtils.java:logGet(46)) - raft.server.snapshot.retention.file.num = 5 (custom)
2022-10-16 13:16:55,291 [pool-1234-thread-1] INFO  server.RaftServerConfigKeys (ConfUtils.java:logGet(46)) - raft.server.log.purge.upto.snapshot.index = false (default)
2022-10-16 13:16:55,291 [pool-1234-thread-1] INFO  server.RaftServerConfigKeys (ConfUtils.java:logGet(46)) - raft.server.retrycache.expirytime = 600000ms (custom)
2022-10-16 13:16:55,291 [pool-1234-thread-1] INFO  server.RaftServerConfigKeys (ConfUtils.java:logGet(46)) - raft.server.retrycache.statistics.expirytime = 100μs (default)
2022-10-16 13:16:55,293 [pool-1234-thread-1] INFO  server.RaftServerConfigKeys (ConfUtils.java:logGet(46)) - raft.server.log.appender.install.snapshot.enabled = false (custom)
2022-10-16 13:16:55,293 [pool-1234-thread-1] INFO  server.RaftServerConfigKeys (ConfUtils.java:logGet(46)) - raft.server.threadpool.server.cached = true (default)
2022-10-16 13:16:55,293 [pool-1234-thread-1] INFO  server.RaftServerConfigKeys (ConfUtils.java:logGet(46)) - raft.server.threadpool.server.size = 0 (default)
2022-10-16 13:16:55,293 [pool-1234-thread-1] INFO  server.RaftServerConfigKeys (ConfUtils.java:logGet(46)) - raft.server.threadpool.client.cached = true (default)
2022-10-16 13:16:55,293 [pool-1234-thread-1] INFO  server.RaftServerConfigKeys (ConfUtils.java:logGet(46)) - raft.server.threadpool.client.size = 0 (default)
2022-10-16 13:16:55,293 [pool-1234-thread-1] INFO  server.RaftServer$Division (RaftServerImpl.java:start(310)) - cae8df96-28f8-48f4-971d-f081efd69332@group-785FB67216D7: start as a follower, conf=-1: [cae8df96-28f8-48f4-971d-f081efd69332|rpc:10.1.0.60:44437|priority:1], old=null
2022-10-16 13:16:55,293 [pool-1234-thread-1] INFO  server.RaftServer$Division (RaftServerImpl.java:setRole(299)) - cae8df96-28f8-48f4-971d-f081efd69332@group-785FB67216D7: changes role from      null to FOLLOWER at term 0 for startAsFollower
2022-10-16 13:16:55,293 [pool-1234-thread-1] INFO  impl.RoleInfo (RoleInfo.java:updateAndGet(139)) - cae8df96-28f8-48f4-971d-f081efd69332: start cae8df96-28f8-48f4-971d-f081efd69332@group-785FB67216D7-FollowerState
2022-10-16 13:16:55,293 [pool-1234-thread-1] INFO  util.JmxRegister (JmxRegister.java:tryRegister(44)) - Successfully registered JMX Bean with object name Ratis:service=RaftServer,group=group-785FB67216D7,id=cae8df96-28f8-48f4-971d-f081efd69332
2022-10-16 13:16:55,294 [Command processor thread] INFO  ratis.XceiverServerRatis (XceiverServerRatis.java:addGroup(765)) - Created group PipelineID=e644d672-043c-41d5-b3e0-785fb67216d7
2022-10-16 13:16:55,294 [Command processor thread] INFO  commandhandler.CreatePipelineCommandHandler (CreatePipelineCommandHandler.java:handle(113)) - Created Pipeline RATIS ONE PipelineID=e644d672-043c-41d5-b3e0-785fb67216d7.
2022-10-16 13:16:55,584 [Command processor thread] INFO  server.RaftServer (RaftServerProxy.java:addNew(96)) - 268c6115-4458-4e34-8b6d-1bd6823028ea: addNew group-D901732DF4D1:[268c6115-4458-4e34-8b6d-1bd6823028ea|rpc:10.1.0.60:33559|priority:1] returns group-D901732DF4D1:java.util.concurrent.CompletableFuture@f0279a[Not completed]
2022-10-16 13:16:55,585 [pool-1257-thread-1] INFO  server.RaftServer$Division (RaftServerImpl.java:<init>(190)) - 268c6115-4458-4e34-8b6d-1bd6823028ea: new RaftServerImpl for group-D901732DF4D1:[268c6115-4458-4e34-8b6d-1bd6823028ea|rpc:10.1.0.60:33559|priority:1] with ContainerStateMachine:uninitialized
2022-10-16 13:16:55,585 [pool-1257-thread-1] INFO  server.RaftServerConfigKeys (ConfUtils.java:logGet(46)) - raft.server.rpc.timeout.min = 5s (custom)
2022-10-16 13:16:55,585 [pool-1257-thread-1] INFO  server.RaftServerConfigKeys (ConfUtils.java:logGet(46)) - raft.server.rpc.timeout.max = 5200ms (custom)
2022-10-16 13:16:55,585 [pool-1257-thread-1] INFO  server.RaftServerConfigKeys (ConfUtils.java:logGet(46)) - raft.server.rpc.sleep.time = 25ms (default)
2022-10-16 13:16:55,585 [pool-1257-thread-1] INFO  server.RaftServerConfigKeys (ConfUtils.java:logGet(46)) - raft.server.rpc.slowness.timeout = 300s (custom)
2022-10-16 13:16:55,585 [pool-1257-thread-1] INFO  server.RaftServerConfigKeys (ConfUtils.java:logGet(46)) - raft.server.leaderelection.leader.step-down.wait-time = 10s (default)
2022-10-16 13:16:55,585 [pool-1257-thread-1] INFO  server.RaftServerConfigKeys (ConfUtils.java:logGet(46)) - raft.server.sleep.deviation.threshold = 300ms (default)
2022-10-16 13:16:55,585 [pool-1257-thread-1] INFO  server.RaftServer$Division (ServerState.java:<init>(107)) - 268c6115-4458-4e34-8b6d-1bd6823028ea@group-D901732DF4D1: ConfigurationManager, init=-1: [268c6115-4458-4e34-8b6d-1bd6823028ea|rpc:10.1.0.60:33559|priority:1], old=null, confs=<EMPTY_MAP>
2022-10-16 13:16:55,585 [pool-1257-thread-1] INFO  server.RaftServerConfigKeys (ConfUtils.java:logGet(46)) - raft.server.storage.dir = [/home/runner/work/ozone/ozone/hadoop-ozone/integration-test/target/test-dir/MiniOzoneClusterImpl-5315970d-89dc-4906-bf44-ab8df33b815f/datanode-2/data/ratis] (custom)
2022-10-16 13:16:55,585 [pool-1257-thread-1] INFO  server.RaftServerConfigKeys (ConfUtils.java:logGet(46)) - raft.server.log.corruption.policy = EXCEPTION (default)
2022-10-16 13:16:55,585 [pool-1257-thread-1] INFO  server.RaftServerConfigKeys (ConfUtils.java:logGet(46)) - raft.server.storage.free-space.min = 0MB (=0) (default)
2022-10-16 13:16:55,586 [pool-1257-thread-1] INFO  storage.RaftStorageDirectory (RaftStorageDirectoryImpl.java:analyzeStorage(135)) - The storage directory /home/runner/work/ozone/ozone/hadoop-ozone/integration-test/target/test-dir/MiniOzoneClusterImpl-5315970d-89dc-4906-bf44-ab8df33b815f/datanode-2/data/ratis/40499f5d-baa0-4e80-8607-d901732df4d1 does not exist. Creating ...
2022-10-16 13:16:55,587 [pool-1257-thread-1] INFO  storage.RaftStorageDirectory (RaftStorageDirectoryImpl.java:tryLock(230)) - Lock on /home/runner/work/ozone/ozone/hadoop-ozone/integration-test/target/test-dir/MiniOzoneClusterImpl-5315970d-89dc-4906-bf44-ab8df33b815f/datanode-2/data/ratis/40499f5d-baa0-4e80-8607-d901732df4d1/in_use.lock acquired by nodename 44550@fv-az308-250
2022-10-16 13:16:55,588 [pool-1257-thread-1] INFO  storage.RaftStorage (RaftStorageImpl.java:format(89)) - Storage directory /home/runner/work/ozone/ozone/hadoop-ozone/integration-test/target/test-dir/MiniOzoneClusterImpl-5315970d-89dc-4906-bf44-ab8df33b815f/datanode-2/data/ratis/40499f5d-baa0-4e80-8607-d901732df4d1 has been successfully formatted.
2022-10-16 13:16:55,588 [pool-1257-thread-1] INFO  ratis.ContainerStateMachine (ContainerStateMachine.java:loadSnapshot(236)) - group-D901732DF4D1: The snapshot info is null. Setting the last applied indexto:(t:0, i:~)
2022-10-16 13:16:55,589 [pool-1257-thread-1] INFO  server.RaftServerConfigKeys (ConfUtils.java:logGet(46)) - raft.server.notification.no-leader.timeout = 300s (custom)
2022-10-16 13:16:55,589 [pool-1257-thread-1] INFO  server.RaftServerConfigKeys (ConfUtils.java:logGet(46)) - raft.server.log.use.memory = false (default)
2022-10-16 13:16:55,589 [pool-1257-thread-1] INFO  server.RaftServerConfigKeys (ConfUtils.java:logGet(46)) - raft.server.log.purge.gap = 1000000 (custom)
2022-10-16 13:16:55,589 [pool-1257-thread-1] INFO  server.RaftServerConfigKeys (ConfUtils.java:logGet(46)) - raft.server.log.appender.buffer.byte-limit = 33554432 (custom)
2022-10-16 13:16:55,589 [pool-1257-thread-1] INFO  server.RaftServerConfigKeys (ConfUtils.java:logGet(46)) - raft.server.log.statemachine.data.read.timeout = 1000ms (default)
2022-10-16 13:16:55,589 [pool-1257-thread-1] INFO  server.RaftServerConfigKeys (ConfUtils.java:logGet(46)) - raft.server.log.segment.size.max = 1048576 (custom)
2022-10-16 13:16:55,590 [EventQueue-PipelineReportForPipelineReportHandler] INFO  pipeline.PipelineManagerImpl (PipelineManagerImpl.java:openPipeline(367)) - Pipeline Pipeline[ Id: 40499f5d-baa0-4e80-8607-d901732df4d1, Nodes: 268c6115-4458-4e34-8b6d-1bd6823028ea{ip: 10.1.0.60, host: fv-az308-250.etcbaq1qs54eplwmrjlabigyle.cx.internal.cloudapp.net, ports: [REPLICATION=41301, RATIS=33559, RATIS_ADMIN=33559, RATIS_SERVER=33559, STANDALONE=38573], networkLocation: /default-rack, certSerialId: null, persistedOpState: IN_SERVICE, persistedOpStateExpiryEpochSec: 0}, ReplicationConfig: RATIS/ONE, State:ALLOCATED, leaderId:268c6115-4458-4e34-8b6d-1bd6823028ea, CreationTimestamp2022-10-16T13:16:52.585Z[Etc/UTC]] moved to OPEN state
2022-10-16 13:16:55,590 [pool-1257-thread-1] INFO  server.RaftServerConfigKeys (ConfUtils.java:logGet(46)) - raft.server.log.segment.cache.num.max = 2 (custom)
2022-10-16 13:16:55,590 [pool-1257-thread-1] INFO  server.RaftServerConfigKeys (ConfUtils.java:logGet(46)) - raft.server.log.segment.cache.size.max = 200MB (=209715200) (default)
2022-10-16 13:16:55,590 [pool-1257-thread-1] INFO  segmented.SegmentedRaftLogWorker (SegmentedRaftLogWorker.java:<init>(187)) - new 268c6115-4458-4e34-8b6d-1bd6823028ea@group-D901732DF4D1-SegmentedRaftLogWorker for RaftStorageImpl:Storage Directory /home/runner/work/ozone/ozone/hadoop-ozone/integration-test/target/test-dir/MiniOzoneClusterImpl-5315970d-89dc-4906-bf44-ab8df33b815f/datanode-2/data/ratis/40499f5d-baa0-4e80-8607-d901732df4d1
2022-10-16 13:16:55,590 [pool-1257-thread-1] INFO  server.RaftServerConfigKeys (ConfUtils.java:logGet(46)) - raft.server.log.queue.byte-limit = 4294967296 (custom)
2022-10-16 13:16:55,590 [pool-1257-thread-1] INFO  server.RaftServerConfigKeys (ConfUtils.java:logGet(46)) - raft.server.log.queue.element-limit = 1024 (custom)
2022-10-16 13:16:55,590 [pool-1257-thread-1] INFO  server.RaftServerConfigKeys (ConfUtils.java:logGet(46)) - raft.server.log.segment.size.max = 1048576 (custom)
2022-10-16 13:16:55,590 [EventQueue-OpenPipelineForHealthyPipelineSafeModeRule] INFO  safemode.SCMSafeModeManager (HealthyPipelineSafeModeRule.java:process(137)) - SCM in safe mode. Healthy pipelines reported count is 0, required healthy pipeline reported count is 1
2022-10-16 13:16:55,590 [pool-1257-thread-1] INFO  server.RaftServerConfigKeys (ConfUtils.java:logGet(46)) - raft.server.log.preallocated.size = 16384 (custom)
2022-10-16 13:16:55,590 [pool-1257-thread-1] INFO  server.RaftServerConfigKeys (ConfUtils.java:logGet(46)) - raft.server.log.force.sync.num = 128 (default)
2022-10-16 13:16:55,590 [pool-1257-thread-1] INFO  server.RaftServerConfigKeys (ConfUtils.java:logGet(46)) - raft.server.log.statemachine.data.sync = true (default)
2022-10-16 13:16:55,590 [pool-1257-thread-1] INFO  server.RaftServerConfigKeys (ConfUtils.java:logGet(46)) - raft.server.log.statemachine.data.sync.timeout = 10s (default)
2022-10-16 13:16:55,590 [pool-1257-thread-1] INFO  server.RaftServerConfigKeys (ConfUtils.java:logGet(46)) - raft.server.log.statemachine.data.sync.timeout.retry = -1 (default)
2022-10-16 13:16:55,592 [pool-1257-thread-1] INFO  server.RaftServerConfigKeys (ConfUtils.java:logGet(46)) - raft.server.log.write.buffer.size = 1048576 (custom)
2022-10-16 13:16:55,592 [pool-1257-thread-1] INFO  server.RaftServerConfigKeys (ConfUtils.java:logGet(46)) - raft.server.log.unsafe-flush.enabled = false (default)
2022-10-16 13:16:55,592 [pool-1257-thread-1] INFO  server.RaftServerConfigKeys (ConfUtils.java:logGet(46)) - raft.server.log.statemachine.data.caching.enabled = true (custom)
2022-10-16 13:16:55,592 [pool-1257-thread-1] INFO  segmented.SegmentedRaftLogWorker (SegmentedRaftLogWorker.java:lambda$new$0(135)) - 268c6115-4458-4e34-8b6d-1bd6823028ea@group-D901732DF4D1-SegmentedRaftLogWorker: flushIndex: setUnconditionally 0 -> -1
2022-10-16 13:16:55,592 [pool-1257-thread-1] INFO  segmented.SegmentedRaftLogWorker (SegmentedRaftLogWorker.java:lambda$new$0(135)) - 268c6115-4458-4e34-8b6d-1bd6823028ea@group-D901732DF4D1-SegmentedRaftLogWorker: safeCacheEvictIndex: setUnconditionally 0 -> -1
2022-10-16 13:16:55,592 [pool-1257-thread-1] INFO  server.RaftServerConfigKeys (ConfUtils.java:logGet(46)) - raft.server.snapshot.auto.trigger.enabled = true (custom)
2022-10-16 13:16:55,592 [pool-1257-thread-1] INFO  server.RaftServerConfigKeys (ConfUtils.java:logGet(46)) - raft.server.snapshot.auto.trigger.threshold = 10000 (custom)
2022-10-16 13:16:55,592 [pool-1257-thread-1] INFO  server.RaftServerConfigKeys (ConfUtils.java:logGet(46)) - raft.server.snapshot.retention.file.num = 5 (custom)
2022-10-16 13:16:55,592 [pool-1257-thread-1] INFO  server.RaftServerConfigKeys (ConfUtils.java:logGet(46)) - raft.server.log.purge.upto.snapshot.index = false (default)
2022-10-16 13:16:55,592 [pool-1257-thread-1] INFO  server.RaftServerConfigKeys (ConfUtils.java:logGet(46)) - raft.server.retrycache.expirytime = 600000ms (custom)
2022-10-16 13:16:55,592 [pool-1257-thread-1] INFO  server.RaftServerConfigKeys (ConfUtils.java:logGet(46)) - raft.server.retrycache.statistics.expirytime = 100μs (default)
2022-10-16 13:16:55,594 [pool-1257-thread-1] INFO  server.RaftServerConfigKeys (ConfUtils.java:logGet(46)) - raft.server.log.appender.install.snapshot.enabled = false (custom)
2022-10-16 13:16:55,594 [pool-1257-thread-1] INFO  server.RaftServerConfigKeys (ConfUtils.java:logGet(46)) - raft.server.threadpool.server.cached = true (default)
2022-10-16 13:16:55,594 [pool-1257-thread-1] INFO  server.RaftServerConfigKeys (ConfUtils.java:logGet(46)) - raft.server.threadpool.server.size = 0 (default)
2022-10-16 13:16:55,594 [pool-1257-thread-1] INFO  server.RaftServerConfigKeys (ConfUtils.java:logGet(46)) - raft.server.threadpool.client.cached = true (default)
2022-10-16 13:16:55,594 [pool-1257-thread-1] INFO  server.RaftServerConfigKeys (ConfUtils.java:logGet(46)) - raft.server.threadpool.client.size = 0 (default)
2022-10-16 13:16:55,594 [pool-1257-thread-1] INFO  server.RaftServer$Division (RaftServerImpl.java:start(310)) - 268c6115-4458-4e34-8b6d-1bd6823028ea@group-D901732DF4D1: start as a follower, conf=-1: [268c6115-4458-4e34-8b6d-1bd6823028ea|rpc:10.1.0.60:33559|priority:1], old=null
2022-10-16 13:16:55,594 [pool-1257-thread-1] INFO  server.RaftServer$Division (RaftServerImpl.java:setRole(299)) - 268c6115-4458-4e34-8b6d-1bd6823028ea@group-D901732DF4D1: changes role from      null to FOLLOWER at term 0 for startAsFollower
2022-10-16 13:16:55,594 [pool-1257-thread-1] INFO  impl.RoleInfo (RoleInfo.java:updateAndGet(139)) - 268c6115-4458-4e34-8b6d-1bd6823028ea: start 268c6115-4458-4e34-8b6d-1bd6823028ea@group-D901732DF4D1-FollowerState
2022-10-16 13:16:55,595 [pool-1257-thread-1] INFO  util.JmxRegister (JmxRegister.java:tryRegister(44)) - Successfully registered JMX Bean with object name Ratis:service=RaftServer,group=group-D901732DF4D1,id=268c6115-4458-4e34-8b6d-1bd6823028ea
2022-10-16 13:16:55,595 [Command processor thread] INFO  ratis.XceiverServerRatis (XceiverServerRatis.java:addGroup(765)) - Created group PipelineID=40499f5d-baa0-4e80-8607-d901732df4d1
2022-10-16 13:16:55,595 [Command processor thread] INFO  commandhandler.CreatePipelineCommandHandler (CreatePipelineCommandHandler.java:handle(113)) - Created Pipeline RATIS ONE PipelineID=40499f5d-baa0-4e80-8607-d901732df4d1.
2022-10-16 13:16:55,856 [Command processor thread] INFO  server.RaftServer (RaftServerProxy.java:addNew(96)) - f6802d45-866a-4aa1-bdcc-5bed762fdecb: addNew group-4B72848717EE:[f6802d45-866a-4aa1-bdcc-5bed762fdecb|rpc:10.1.0.60:45493|priority:1] returns group-4B72848717EE:java.util.concurrent.CompletableFuture@17c488b4[Not completed]
2022-10-16 13:16:55,858 [pool-1280-thread-1] INFO  server.RaftServer$Division (RaftServerImpl.java:<init>(190)) - f6802d45-866a-4aa1-bdcc-5bed762fdecb: new RaftServerImpl for group-4B72848717EE:[f6802d45-866a-4aa1-bdcc-5bed762fdecb|rpc:10.1.0.60:45493|priority:1] with ContainerStateMachine:uninitialized
2022-10-16 13:16:55,858 [pool-1280-thread-1] INFO  server.RaftServerConfigKeys (ConfUtils.java:logGet(46)) - raft.server.rpc.timeout.min = 5s (custom)
2022-10-16 13:16:55,858 [pool-1280-thread-1] INFO  server.RaftServerConfigKeys (ConfUtils.java:logGet(46)) - raft.server.rpc.timeout.max = 5200ms (custom)
2022-10-16 13:16:55,858 [pool-1280-thread-1] INFO  server.RaftServerConfigKeys (ConfUtils.java:logGet(46)) - raft.server.rpc.sleep.time = 25ms (default)
2022-10-16 13:16:55,858 [pool-1280-thread-1] INFO  server.RaftServerConfigKeys (ConfUtils.java:logGet(46)) - raft.server.rpc.slowness.timeout = 300s (custom)
2022-10-16 13:16:55,858 [pool-1280-thread-1] INFO  server.RaftServerConfigKeys (ConfUtils.java:logGet(46)) - raft.server.leaderelection.leader.step-down.wait-time = 10s (default)
2022-10-16 13:16:55,858 [pool-1280-thread-1] INFO  server.RaftServerConfigKeys (ConfUtils.java:logGet(46)) - raft.server.sleep.deviation.threshold = 300ms (default)
2022-10-16 13:16:55,858 [pool-1280-thread-1] INFO  server.RaftServer$Division (ServerState.java:<init>(107)) - f6802d45-866a-4aa1-bdcc-5bed762fdecb@group-4B72848717EE: ConfigurationManager, init=-1: [f6802d45-866a-4aa1-bdcc-5bed762fdecb|rpc:10.1.0.60:45493|priority:1], old=null, confs=<EMPTY_MAP>
2022-10-16 13:16:55,858 [pool-1280-thread-1] INFO  server.RaftServerConfigKeys (ConfUtils.java:logGet(46)) - raft.server.storage.dir = [/home/runner/work/ozone/ozone/hadoop-ozone/integration-test/target/test-dir/MiniOzoneClusterImpl-5315970d-89dc-4906-bf44-ab8df33b815f/datanode-3/data/ratis] (custom)
2022-10-16 13:16:55,858 [pool-1280-thread-1] INFO  server.RaftServerConfigKeys (ConfUtils.java:logGet(46)) - raft.server.log.corruption.policy = EXCEPTION (default)
2022-10-16 13:16:55,858 [pool-1280-thread-1] INFO  server.RaftServerConfigKeys (ConfUtils.java:logGet(46)) - raft.server.storage.free-space.min = 0MB (=0) (default)
2022-10-16 13:16:55,858 [pool-1280-thread-1] INFO  storage.RaftStorageDirectory (RaftStorageDirectoryImpl.java:analyzeStorage(135)) - The storage directory /home/runner/work/ozone/ozone/hadoop-ozone/integration-test/target/test-dir/MiniOzoneClusterImpl-5315970d-89dc-4906-bf44-ab8df33b815f/datanode-3/data/ratis/d9c161e6-d812-4fd2-9dd0-4b72848717ee does not exist. Creating ...
2022-10-16 13:16:55,859 [pool-1280-thread-1] INFO  storage.RaftStorageDirectory (RaftStorageDirectoryImpl.java:tryLock(230)) - Lock on /home/runner/work/ozone/ozone/hadoop-ozone/integration-test/target/test-dir/MiniOzoneClusterImpl-5315970d-89dc-4906-bf44-ab8df33b815f/datanode-3/data/ratis/d9c161e6-d812-4fd2-9dd0-4b72848717ee/in_use.lock acquired by nodename 44550@fv-az308-250
2022-10-16 13:16:55,862 [pool-1280-thread-1] INFO  storage.RaftStorage (RaftStorageImpl.java:format(89)) - Storage directory /home/runner/work/ozone/ozone/hadoop-ozone/integration-test/target/test-dir/MiniOzoneClusterImpl-5315970d-89dc-4906-bf44-ab8df33b815f/datanode-3/data/ratis/d9c161e6-d812-4fd2-9dd0-4b72848717ee has been successfully formatted.
2022-10-16 13:16:55,863 [ReplicationMonitor] INFO  replication.ReplicationManager (ReplicationManager.java:processAll(291)) - Replication Manager is not ready to run until 3000ms after safemode exit
2022-10-16 13:16:55,863 [pool-1280-thread-1] INFO  ratis.ContainerStateMachine (ContainerStateMachine.java:loadSnapshot(236)) - group-4B72848717EE: The snapshot info is null. Setting the last applied indexto:(t:0, i:~)
2022-10-16 13:16:55,863 [pool-1280-thread-1] INFO  server.RaftServerConfigKeys (ConfUtils.java:logGet(46)) - raft.server.notification.no-leader.timeout = 300s (custom)
2022-10-16 13:16:55,863 [pool-1280-thread-1] INFO  server.RaftServerConfigKeys (ConfUtils.java:logGet(46)) - raft.server.log.use.memory = false (default)
2022-10-16 13:16:55,863 [pool-1280-thread-1] INFO  server.RaftServerConfigKeys (ConfUtils.java:logGet(46)) - raft.server.log.purge.gap = 1000000 (custom)
2022-10-16 13:16:55,863 [pool-1280-thread-1] INFO  server.RaftServerConfigKeys (ConfUtils.java:logGet(46)) - raft.server.log.appender.buffer.byte-limit = 33554432 (custom)
2022-10-16 13:16:55,863 [pool-1280-thread-1] INFO  server.RaftServerConfigKeys (ConfUtils.java:logGet(46)) - raft.server.log.statemachine.data.read.timeout = 1000ms (default)
2022-10-16 13:16:55,863 [pool-1280-thread-1] INFO  server.RaftServerConfigKeys (ConfUtils.java:logGet(46)) - raft.server.log.segment.size.max = 1048576 (custom)
2022-10-16 13:16:55,864 [EventQueue-PipelineReportForPipelineReportHandler] INFO  pipeline.PipelineManagerImpl (PipelineManagerImpl.java:openPipeline(367)) - Pipeline Pipeline[ Id: d9c161e6-d812-4fd2-9dd0-4b72848717ee, Nodes: f6802d45-866a-4aa1-bdcc-5bed762fdecb{ip: 10.1.0.60, host: fv-az308-250.etcbaq1qs54eplwmrjlabigyle.cx.internal.cloudapp.net, ports: [REPLICATION=33321, RATIS=45493, RATIS_ADMIN=45493, RATIS_SERVER=45493, STANDALONE=44431], networkLocation: /default-rack, certSerialId: null, persistedOpState: IN_SERVICE, persistedOpStateExpiryEpochSec: 0}, ReplicationConfig: RATIS/ONE, State:ALLOCATED, leaderId:f6802d45-866a-4aa1-bdcc-5bed762fdecb, CreationTimestamp2022-10-16T13:16:52.856Z[Etc/UTC]] moved to OPEN state
2022-10-16 13:16:55,864 [pool-1280-thread-1] INFO  server.RaftServerConfigKeys (ConfUtils.java:logGet(46)) - raft.server.log.segment.cache.num.max = 2 (custom)
2022-10-16 13:16:55,864 [pool-1280-thread-1] INFO  server.RaftServerConfigKeys (ConfUtils.java:logGet(46)) - raft.server.log.segment.cache.size.max = 200MB (=209715200) (default)
2022-10-16 13:16:55,864 [pool-1280-thread-1] INFO  segmented.SegmentedRaftLogWorker (SegmentedRaftLogWorker.java:<init>(187)) - new f6802d45-866a-4aa1-bdcc-5bed762fdecb@group-4B72848717EE-SegmentedRaftLogWorker for RaftStorageImpl:Storage Directory /home/runner/work/ozone/ozone/hadoop-ozone/integration-test/target/test-dir/MiniOzoneClusterImpl-5315970d-89dc-4906-bf44-ab8df33b815f/datanode-3/data/ratis/d9c161e6-d812-4fd2-9dd0-4b72848717ee
2022-10-16 13:16:55,864 [pool-1280-thread-1] INFO  server.RaftServerConfigKeys (ConfUtils.java:logGet(46)) - raft.server.log.queue.byte-limit = 4294967296 (custom)
2022-10-16 13:16:55,864 [pool-1280-thread-1] INFO  server.RaftServerConfigKeys (ConfUtils.java:logGet(46)) - raft.server.log.queue.element-limit = 1024 (custom)
2022-10-16 13:16:55,864 [pool-1280-thread-1] INFO  server.RaftServerConfigKeys (ConfUtils.java:logGet(46)) - raft.server.log.segment.size.max = 1048576 (custom)
2022-10-16 13:16:55,864 [pool-1280-thread-1] INFO  server.RaftServerConfigKeys (ConfUtils.java:logGet(46)) - raft.server.log.preallocated.size = 16384 (custom)
2022-10-16 13:16:55,864 [EventQueue-OpenPipelineForHealthyPipelineSafeModeRule] INFO  safemode.SCMSafeModeManager (HealthyPipelineSafeModeRule.java:process(137)) - SCM in safe mode. Healthy pipelines reported count is 0, required healthy pipeline reported count is 1
2022-10-16 13:16:55,864 [pool-1280-thread-1] INFO  server.RaftServerConfigKeys (ConfUtils.java:logGet(46)) - raft.server.log.force.sync.num = 128 (default)
2022-10-16 13:16:55,865 [pool-1280-thread-1] INFO  server.RaftServerConfigKeys (ConfUtils.java:logGet(46)) - raft.server.log.statemachine.data.sync = true (default)
2022-10-16 13:16:55,865 [pool-1280-thread-1] INFO  server.RaftServerConfigKeys (ConfUtils.java:logGet(46)) - raft.server.log.statemachine.data.sync.timeout = 10s (default)
2022-10-16 13:16:55,865 [pool-1280-thread-1] INFO  server.RaftServerConfigKeys (ConfUtils.java:logGet(46)) - raft.server.log.statemachine.data.sync.timeout.retry = -1 (default)
2022-10-16 13:16:55,866 [pool-1280-thread-1] INFO  server.RaftServerConfigKeys (ConfUtils.java:logGet(46)) - raft.server.log.write.buffer.size = 1048576 (custom)
2022-10-16 13:16:55,866 [pool-1280-thread-1] INFO  server.RaftServerConfigKeys (ConfUtils.java:logGet(46)) - raft.server.log.unsafe-flush.enabled = false (default)
2022-10-16 13:16:55,866 [pool-1280-thread-1] INFO  server.RaftServerConfigKeys (ConfUtils.java:logGet(46)) - raft.server.log.statemachine.data.caching.enabled = true (custom)
2022-10-16 13:16:55,866 [pool-1280-thread-1] INFO  segmented.SegmentedRaftLogWorker (SegmentedRaftLogWorker.java:lambda$new$0(135)) - f6802d45-866a-4aa1-bdcc-5bed762fdecb@group-4B72848717EE-SegmentedRaftLogWorker: flushIndex: setUnconditionally 0 -> -1
2022-10-16 13:16:55,866 [pool-1280-thread-1] INFO  segmented.SegmentedRaftLogWorker (SegmentedRaftLogWorker.java:lambda$new$0(135)) - f6802d45-866a-4aa1-bdcc-5bed762fdecb@group-4B72848717EE-SegmentedRaftLogWorker: safeCacheEvictIndex: setUnconditionally 0 -> -1
2022-10-16 13:16:55,867 [pool-1280-thread-1] INFO  server.RaftServerConfigKeys (ConfUtils.java:logGet(46)) - raft.server.snapshot.auto.trigger.enabled = true (custom)
2022-10-16 13:16:55,867 [pool-1280-thread-1] INFO  server.RaftServerConfigKeys (ConfUtils.java:logGet(46)) - raft.server.snapshot.auto.trigger.threshold = 10000 (custom)
2022-10-16 13:16:55,867 [pool-1280-thread-1] INFO  server.RaftServerConfigKeys (ConfUtils.java:logGet(46)) - raft.server.snapshot.retention.file.num = 5 (custom)
2022-10-16 13:16:55,867 [pool-1280-thread-1] INFO  server.RaftServerConfigKeys (ConfUtils.java:logGet(46)) - raft.server.log.purge.upto.snapshot.index = false (default)
2022-10-16 13:16:55,867 [pool-1280-thread-1] INFO  server.RaftServerConfigKeys (ConfUtils.java:logGet(46)) - raft.server.retrycache.expirytime = 600000ms (custom)
2022-10-16 13:16:55,867 [pool-1280-thread-1] INFO  server.RaftServerConfigKeys (ConfUtils.java:logGet(46)) - raft.server.retrycache.statistics.expirytime = 100μs (default)
2022-10-16 13:16:55,870 [pool-1280-thread-1] INFO  server.RaftServerConfigKeys (ConfUtils.java:logGet(46)) - raft.server.log.appender.install.snapshot.enabled = false (custom)
2022-10-16 13:16:55,870 [pool-1280-thread-1] INFO  server.RaftServerConfigKeys (ConfUtils.java:logGet(46)) - raft.server.threadpool.server.cached = true (default)
2022-10-16 13:16:55,870 [pool-1280-thread-1] INFO  server.RaftServerConfigKeys (ConfUtils.java:logGet(46)) - raft.server.threadpool.server.size = 0 (default)
2022-10-16 13:16:55,870 [pool-1280-thread-1] INFO  server.RaftServerConfigKeys (ConfUtils.java:logGet(46)) - raft.server.threadpool.client.cached = true (default)
2022-10-16 13:16:55,870 [pool-1280-thread-1] INFO  server.RaftServerConfigKeys (ConfUtils.java:logGet(46)) - raft.server.threadpool.client.size = 0 (default)
2022-10-16 13:16:55,870 [pool-1280-thread-1] INFO  server.RaftServer$Division (RaftServerImpl.java:start(310)) - f6802d45-866a-4aa1-bdcc-5bed762fdecb@group-4B72848717EE: start as a follower, conf=-1: [f6802d45-866a-4aa1-bdcc-5bed762fdecb|rpc:10.1.0.60:45493|priority:1], old=null
2022-10-16 13:16:55,870 [pool-1280-thread-1] INFO  server.RaftServer$Division (RaftServerImpl.java:setRole(299)) - f6802d45-866a-4aa1-bdcc-5bed762fdecb@group-4B72848717EE: changes role from      null to FOLLOWER at term 0 for startAsFollower
2022-10-16 13:16:55,870 [pool-1280-thread-1] INFO  impl.RoleInfo (RoleInfo.java:updateAndGet(139)) - f6802d45-866a-4aa1-bdcc-5bed762fdecb: start f6802d45-866a-4aa1-bdcc-5bed762fdecb@group-4B72848717EE-FollowerState
2022-10-16 13:16:55,871 [pool-1280-thread-1] INFO  util.JmxRegister (JmxRegister.java:tryRegister(44)) - Successfully registered JMX Bean with object name Ratis:service=RaftServer,group=group-4B72848717EE,id=f6802d45-866a-4aa1-bdcc-5bed762fdecb
2022-10-16 13:16:55,871 [Command processor thread] INFO  ratis.XceiverServerRatis (XceiverServerRatis.java:addGroup(765)) - Created group PipelineID=d9c161e6-d812-4fd2-9dd0-4b72848717ee
2022-10-16 13:16:55,871 [Command processor thread] INFO  commandhandler.CreatePipelineCommandHandler (CreatePipelineCommandHandler.java:handle(113)) - Created Pipeline RATIS ONE PipelineID=d9c161e6-d812-4fd2-9dd0-4b72848717ee.
2022-10-16 13:16:56,128 [Listener at 127.0.0.1/38953] INFO  ozone.MiniOzoneClusterImpl (MiniOzoneClusterImpl.java:lambda$waitForClusterToBeReady$0(216)) - Nodes are ready. Got 5 of 5 DN Heartbeats.
2022-10-16 13:16:56,128 [Listener at 127.0.0.1/38953] INFO  ozone.MiniOzoneClusterImpl (MiniOzoneClusterImpl.java:lambda$waitForClusterToBeReady$0(219)) - Waiting for cluster to exit safe mode
2022-10-16 13:16:56,128 [Listener at 127.0.0.1/38953] INFO  ozone.MiniOzoneClusterImpl (MiniOzoneClusterImpl.java:lambda$waitForClusterToBeReady$0(221)) - SCM became leader
2022-10-16 13:16:56,128 [Command processor thread] INFO  server.RaftServer (RaftServerProxy.java:addNew(96)) - efd91ef8-0566-4c2a-a86b-b52e3738f18d: addNew group-289A443A126A:[efd91ef8-0566-4c2a-a86b-b52e3738f18d|rpc:10.1.0.60:43933|priority:1] returns group-289A443A126A:java.util.concurrent.CompletableFuture@f95041d[Not completed]
2022-10-16 13:16:56,131 [pool-1303-thread-1] INFO  server.RaftServer$Division (RaftServerImpl.java:<init>(190)) - efd91ef8-0566-4c2a-a86b-b52e3738f18d: new RaftServerImpl for group-289A443A126A:[efd91ef8-0566-4c2a-a86b-b52e3738f18d|rpc:10.1.0.60:43933|priority:1] with ContainerStateMachine:uninitialized
2022-10-16 13:16:56,131 [pool-1303-thread-1] INFO  server.RaftServerConfigKeys (ConfUtils.java:logGet(46)) - raft.server.rpc.timeout.min = 5s (custom)
2022-10-16 13:16:56,131 [pool-1303-thread-1] INFO  server.RaftServerConfigKeys (ConfUtils.java:logGet(46)) - raft.server.rpc.timeout.max = 5200ms (custom)
2022-10-16 13:16:56,131 [pool-1303-thread-1] INFO  server.RaftServerConfigKeys (ConfUtils.java:logGet(46)) - raft.server.rpc.sleep.time = 25ms (default)
2022-10-16 13:16:56,131 [pool-1303-thread-1] INFO  server.RaftServerConfigKeys (ConfUtils.java:logGet(46)) - raft.server.rpc.slowness.timeout = 300s (custom)
2022-10-16 13:16:56,131 [pool-1303-thread-1] INFO  server.RaftServerConfigKeys (ConfUtils.java:logGet(46)) - raft.server.leaderelection.leader.step-down.wait-time = 10s (default)
2022-10-16 13:16:56,131 [pool-1303-thread-1] INFO  server.RaftServerConfigKeys (ConfUtils.java:logGet(46)) - raft.server.sleep.deviation.threshold = 300ms (default)
2022-10-16 13:16:56,131 [pool-1303-thread-1] INFO  server.RaftServer$Division (ServerState.java:<init>(107)) - efd91ef8-0566-4c2a-a86b-b52e3738f18d@group-289A443A126A: ConfigurationManager, init=-1: [efd91ef8-0566-4c2a-a86b-b52e3738f18d|rpc:10.1.0.60:43933|priority:1], old=null, confs=<EMPTY_MAP>
2022-10-16 13:16:56,131 [pool-1303-thread-1] INFO  server.RaftServerConfigKeys (ConfUtils.java:logGet(46)) - raft.server.storage.dir = [/home/runner/work/ozone/ozone/hadoop-ozone/integration-test/target/test-dir/MiniOzoneClusterImpl-5315970d-89dc-4906-bf44-ab8df33b815f/datanode-4/data/ratis] (custom)
2022-10-16 13:16:56,131 [pool-1303-thread-1] INFO  server.RaftServerConfigKeys (ConfUtils.java:logGet(46)) - raft.server.log.corruption.policy = EXCEPTION (default)
2022-10-16 13:16:56,131 [pool-1303-thread-1] INFO  server.RaftServerConfigKeys (ConfUtils.java:logGet(46)) - raft.server.storage.free-space.min = 0MB (=0) (default)
2022-10-16 13:16:56,131 [pool-1303-thread-1] INFO  storage.RaftStorageDirectory (RaftStorageDirectoryImpl.java:analyzeStorage(135)) - The storage directory /home/runner/work/ozone/ozone/hadoop-ozone/integration-test/target/test-dir/MiniOzoneClusterImpl-5315970d-89dc-4906-bf44-ab8df33b815f/datanode-4/data/ratis/45b11789-0e11-42a1-b847-289a443a126a does not exist. Creating ...
2022-10-16 13:16:56,133 [pool-1303-thread-1] INFO  storage.RaftStorageDirectory (RaftStorageDirectoryImpl.java:tryLock(230)) - Lock on /home/runner/work/ozone/ozone/hadoop-ozone/integration-test/target/test-dir/MiniOzoneClusterImpl-5315970d-89dc-4906-bf44-ab8df33b815f/datanode-4/data/ratis/45b11789-0e11-42a1-b847-289a443a126a/in_use.lock acquired by nodename 44550@fv-az308-250
2022-10-16 13:16:56,134 [pool-1303-thread-1] INFO  storage.RaftStorage (RaftStorageImpl.java:format(89)) - Storage directory /home/runner/work/ozone/ozone/hadoop-ozone/integration-test/target/test-dir/MiniOzoneClusterImpl-5315970d-89dc-4906-bf44-ab8df33b815f/datanode-4/data/ratis/45b11789-0e11-42a1-b847-289a443a126a has been successfully formatted.
2022-10-16 13:16:56,136 [pool-1303-thread-1] INFO  ratis.ContainerStateMachine (ContainerStateMachine.java:loadSnapshot(236)) - group-289A443A126A: The snapshot info is null. Setting the last applied indexto:(t:0, i:~)
2022-10-16 13:16:56,136 [pool-1303-thread-1] INFO  server.RaftServerConfigKeys (ConfUtils.java:logGet(46)) - raft.server.notification.no-leader.timeout = 300s (custom)
2022-10-16 13:16:56,136 [pool-1303-thread-1] INFO  server.RaftServerConfigKeys (ConfUtils.java:logGet(46)) - raft.server.log.use.memory = false (default)
2022-10-16 13:16:56,136 [pool-1303-thread-1] INFO  server.RaftServerConfigKeys (ConfUtils.java:logGet(46)) - raft.server.log.purge.gap = 1000000 (custom)
2022-10-16 13:16:56,136 [pool-1303-thread-1] INFO  server.RaftServerConfigKeys (ConfUtils.java:logGet(46)) - raft.server.log.appender.buffer.byte-limit = 33554432 (custom)
2022-10-16 13:16:56,136 [pool-1303-thread-1] INFO  server.RaftServerConfigKeys (ConfUtils.java:logGet(46)) - raft.server.log.statemachine.data.read.timeout = 1000ms (default)
2022-10-16 13:16:56,136 [pool-1303-thread-1] INFO  server.RaftServerConfigKeys (ConfUtils.java:logGet(46)) - raft.server.log.segment.size.max = 1048576 (custom)
2022-10-16 13:16:56,136 [EventQueue-PipelineReportForPipelineReportHandler] INFO  pipeline.PipelineManagerImpl (PipelineManagerImpl.java:openPipeline(367)) - Pipeline Pipeline[ Id: 45b11789-0e11-42a1-b847-289a443a126a, Nodes: efd91ef8-0566-4c2a-a86b-b52e3738f18d{ip: 10.1.0.60, host: fv-az308-250.etcbaq1qs54eplwmrjlabigyle.cx.internal.cloudapp.net, ports: [REPLICATION=39019, RATIS=43933, RATIS_ADMIN=43933, RATIS_SERVER=43933, STANDALONE=42765], networkLocation: /default-rack, certSerialId: null, persistedOpState: IN_SERVICE, persistedOpStateExpiryEpochSec: 0}, ReplicationConfig: RATIS/ONE, State:ALLOCATED, leaderId:efd91ef8-0566-4c2a-a86b-b52e3738f18d, CreationTimestamp2022-10-16T13:16:53.128Z[Etc/UTC]] moved to OPEN state
2022-10-16 13:16:56,137 [pool-1303-thread-1] INFO  server.RaftServerConfigKeys (ConfUtils.java:logGet(46)) - raft.server.log.segment.cache.num.max = 2 (custom)
2022-10-16 13:16:56,137 [EventQueue-OpenPipelineForHealthyPipelineSafeModeRule] INFO  safemode.SCMSafeModeManager (HealthyPipelineSafeModeRule.java:process(137)) - SCM in safe mode. Healthy pipelines reported count is 0, required healthy pipeline reported count is 1
2022-10-16 13:16:56,137 [pool-1303-thread-1] INFO  server.RaftServerConfigKeys (ConfUtils.java:logGet(46)) - raft.server.log.segment.cache.size.max = 200MB (=209715200) (default)
2022-10-16 13:16:56,137 [pool-1303-thread-1] INFO  segmented.SegmentedRaftLogWorker (SegmentedRaftLogWorker.java:<init>(187)) - new efd91ef8-0566-4c2a-a86b-b52e3738f18d@group-289A443A126A-SegmentedRaftLogWorker for RaftStorageImpl:Storage Directory /home/runner/work/ozone/ozone/hadoop-ozone/integration-test/target/test-dir/MiniOzoneClusterImpl-5315970d-89dc-4906-bf44-ab8df33b815f/datanode-4/data/ratis/45b11789-0e11-42a1-b847-289a443a126a
2022-10-16 13:16:56,137 [pool-1303-thread-1] INFO  server.RaftServerConfigKeys (ConfUtils.java:logGet(46)) - raft.server.log.queue.byte-limit = 4294967296 (custom)
2022-10-16 13:16:56,137 [pool-1303-thread-1] INFO  server.RaftServerConfigKeys (ConfUtils.java:logGet(46)) - raft.server.log.queue.element-limit = 1024 (custom)
2022-10-16 13:16:56,137 [pool-1303-thread-1] INFO  server.RaftServerConfigKeys (ConfUtils.java:logGet(46)) - raft.server.log.segment.size.max = 1048576 (custom)
2022-10-16 13:16:56,137 [pool-1303-thread-1] INFO  server.RaftServerConfigKeys (ConfUtils.java:logGet(46)) - raft.server.log.preallocated.size = 16384 (custom)
2022-10-16 13:16:56,137 [pool-1303-thread-1] INFO  server.RaftServerConfigKeys (ConfUtils.java:logGet(46)) - raft.server.log.force.sync.num = 128 (default)
2022-10-16 13:16:56,137 [pool-1303-thread-1] INFO  server.RaftServerConfigKeys (ConfUtils.java:logGet(46)) - raft.server.log.statemachine.data.sync = true (default)
2022-10-16 13:16:56,137 [pool-1303-thread-1] INFO  server.RaftServerConfigKeys (ConfUtils.java:logGet(46)) - raft.server.log.statemachine.data.sync.timeout = 10s (default)
2022-10-16 13:16:56,137 [pool-1303-thread-1] INFO  server.RaftServerConfigKeys (ConfUtils.java:logGet(46)) - raft.server.log.statemachine.data.sync.timeout.retry = -1 (default)
2022-10-16 13:16:56,138 [pool-1303-thread-1] INFO  server.RaftServerConfigKeys (ConfUtils.java:logGet(46)) - raft.server.log.write.buffer.size = 1048576 (custom)
2022-10-16 13:16:56,139 [pool-1303-thread-1] INFO  server.RaftServerConfigKeys (ConfUtils.java:logGet(46)) - raft.server.log.unsafe-flush.enabled = false (default)
2022-10-16 13:16:56,139 [pool-1303-thread-1] INFO  server.RaftServerConfigKeys (ConfUtils.java:logGet(46)) - raft.server.log.statemachine.data.caching.enabled = true (custom)
2022-10-16 13:16:56,139 [pool-1303-thread-1] INFO  segmented.SegmentedRaftLogWorker (SegmentedRaftLogWorker.java:lambda$new$0(135)) - efd91ef8-0566-4c2a-a86b-b52e3738f18d@group-289A443A126A-SegmentedRaftLogWorker: flushIndex: setUnconditionally 0 -> -1
2022-10-16 13:16:56,139 [pool-1303-thread-1] INFO  segmented.SegmentedRaftLogWorker (SegmentedRaftLogWorker.java:lambda$new$0(135)) - efd91ef8-0566-4c2a-a86b-b52e3738f18d@group-289A443A126A-SegmentedRaftLogWorker: safeCacheEvictIndex: setUnconditionally 0 -> -1
2022-10-16 13:16:56,139 [pool-1303-thread-1] INFO  server.RaftServerConfigKeys (ConfUtils.java:logGet(46)) - raft.server.snapshot.auto.trigger.enabled = true (custom)
2022-10-16 13:16:56,139 [pool-1303-thread-1] INFO  server.RaftServerConfigKeys (ConfUtils.java:logGet(46)) - raft.server.snapshot.auto.trigger.threshold = 10000 (custom)
2022-10-16 13:16:56,139 [pool-1303-thread-1] INFO  server.RaftServerConfigKeys (ConfUtils.java:logGet(46)) - raft.server.snapshot.retention.file.num = 5 (custom)
2022-10-16 13:16:56,139 [pool-1303-thread-1] INFO  server.RaftServerConfigKeys (ConfUtils.java:logGet(46)) - raft.server.log.purge.upto.snapshot.index = false (default)
2022-10-16 13:16:56,139 [pool-1303-thread-1] INFO  server.RaftServerConfigKeys (ConfUtils.java:logGet(46)) - raft.server.retrycache.expirytime = 600000ms (custom)
2022-10-16 13:16:56,139 [pool-1303-thread-1] INFO  server.RaftServerConfigKeys (ConfUtils.java:logGet(46)) - raft.server.retrycache.statistics.expirytime = 100μs (default)
2022-10-16 13:16:56,141 [pool-1303-thread-1] INFO  server.RaftServerConfigKeys (ConfUtils.java:logGet(46)) - raft.server.log.appender.install.snapshot.enabled = false (custom)
2022-10-16 13:16:56,141 [pool-1303-thread-1] INFO  server.RaftServerConfigKeys (ConfUtils.java:logGet(46)) - raft.server.threadpool.server.cached = true (default)
2022-10-16 13:16:56,141 [pool-1303-thread-1] INFO  server.RaftServerConfigKeys (ConfUtils.java:logGet(46)) - raft.server.threadpool.server.size = 0 (default)
2022-10-16 13:16:56,141 [pool-1303-thread-1] INFO  server.RaftServerConfigKeys (ConfUtils.java:logGet(46)) - raft.server.threadpool.client.cached = true (default)
2022-10-16 13:16:56,141 [pool-1303-thread-1] INFO  server.RaftServerConfigKeys (ConfUtils.java:logGet(46)) - raft.server.threadpool.client.size = 0 (default)
2022-10-16 13:16:56,141 [pool-1303-thread-1] INFO  server.RaftServer$Division (RaftServerImpl.java:start(310)) - efd91ef8-0566-4c2a-a86b-b52e3738f18d@group-289A443A126A: start as a follower, conf=-1: [efd91ef8-0566-4c2a-a86b-b52e3738f18d|rpc:10.1.0.60:43933|priority:1], old=null
2022-10-16 13:16:56,141 [pool-1303-thread-1] INFO  server.RaftServer$Division (RaftServerImpl.java:setRole(299)) - efd91ef8-0566-4c2a-a86b-b52e3738f18d@group-289A443A126A: changes role from      null to FOLLOWER at term 0 for startAsFollower
2022-10-16 13:16:56,141 [pool-1303-thread-1] INFO  impl.RoleInfo (RoleInfo.java:updateAndGet(139)) - efd91ef8-0566-4c2a-a86b-b52e3738f18d: start efd91ef8-0566-4c2a-a86b-b52e3738f18d@group-289A443A126A-FollowerState
2022-10-16 13:16:56,142 [pool-1303-thread-1] INFO  util.JmxRegister (JmxRegister.java:tryRegister(44)) - Successfully registered JMX Bean with object name Ratis:service=RaftServer,group=group-289A443A126A,id=efd91ef8-0566-4c2a-a86b-b52e3738f18d
2022-10-16 13:16:56,142 [ReplicationMonitor] INFO  replication.ReplicationManager (ReplicationManager.java:processAll(324)) - Replication Monitor Thread took 1 milliseconds for processing 7 containers.
2022-10-16 13:16:56,143 [Command processor thread] INFO  ratis.XceiverServerRatis (XceiverServerRatis.java:addGroup(765)) - Created group PipelineID=45b11789-0e11-42a1-b847-289a443a126a
2022-10-16 13:16:56,143 [Command processor thread] INFO  commandhandler.CreatePipelineCommandHandler (CreatePipelineCommandHandler.java:handle(113)) - Created Pipeline RATIS ONE PipelineID=45b11789-0e11-42a1-b847-289a443a126a.
2022-10-16 13:16:56,863 [ReplicationMonitor] INFO  replication.ReplicationManager (ReplicationManager.java:processAll(291)) - Replication Manager is not ready to run until 3000ms after safemode exit
2022-10-16 13:16:57,128 [Listener at 127.0.0.1/38953] INFO  ozone.MiniOzoneClusterImpl (MiniOzoneClusterImpl.java:lambda$waitForClusterToBeReady$0(216)) - Nodes are ready. Got 5 of 5 DN Heartbeats.
2022-10-16 13:16:57,129 [Listener at 127.0.0.1/38953] INFO  ozone.MiniOzoneClusterImpl (MiniOzoneClusterImpl.java:lambda$waitForClusterToBeReady$0(219)) - Waiting for cluster to exit safe mode
2022-10-16 13:16:57,129 [Listener at 127.0.0.1/38953] INFO  ozone.MiniOzoneClusterImpl (MiniOzoneClusterImpl.java:lambda$waitForClusterToBeReady$0(221)) - SCM became leader
2022-10-16 13:16:57,142 [ReplicationMonitor] INFO  replication.ReplicationManager (ReplicationManager.java:processAll(324)) - Replication Monitor Thread took 0 milliseconds for processing 7 containers.
2022-10-16 13:16:57,863 [ReplicationMonitor] INFO  replication.ReplicationManager (ReplicationManager.java:processAll(291)) - Replication Manager is not ready to run until 3000ms after safemode exit
2022-10-16 13:16:58,129 [Listener at 127.0.0.1/38953] INFO  ozone.MiniOzoneClusterImpl (MiniOzoneClusterImpl.java:lambda$waitForClusterToBeReady$0(216)) - Nodes are ready. Got 5 of 5 DN Heartbeats.
2022-10-16 13:16:58,129 [Listener at 127.0.0.1/38953] INFO  ozone.MiniOzoneClusterImpl (MiniOzoneClusterImpl.java:lambda$waitForClusterToBeReady$0(219)) - Waiting for cluster to exit safe mode
2022-10-16 13:16:58,129 [Listener at 127.0.0.1/38953] INFO  ozone.MiniOzoneClusterImpl (MiniOzoneClusterImpl.java:lambda$waitForClusterToBeReady$0(221)) - SCM became leader
2022-10-16 13:16:58,143 [ReplicationMonitor] INFO  replication.ReplicationManager (ReplicationManager.java:processAll(324)) - Replication Monitor Thread took 1 milliseconds for processing 7 containers.
2022-10-16 13:16:58,864 [ReplicationMonitor] INFO  replication.ReplicationManager (ReplicationManager.java:processAll(291)) - Replication Manager is not ready to run until 3000ms after safemode exit
2022-10-16 13:16:59,129 [Listener at 127.0.0.1/38953] INFO  ozone.MiniOzoneClusterImpl (MiniOzoneClusterImpl.java:lambda$waitForClusterToBeReady$0(216)) - Nodes are ready. Got 5 of 5 DN Heartbeats.
2022-10-16 13:16:59,129 [Listener at 127.0.0.1/38953] INFO  ozone.MiniOzoneClusterImpl (MiniOzoneClusterImpl.java:lambda$waitForClusterToBeReady$0(219)) - Waiting for cluster to exit safe mode
2022-10-16 13:16:59,129 [Listener at 127.0.0.1/38953] INFO  ozone.MiniOzoneClusterImpl (MiniOzoneClusterImpl.java:lambda$waitForClusterToBeReady$0(221)) - SCM became leader
2022-10-16 13:16:59,143 [ReplicationMonitor] INFO  replication.ReplicationManager (ReplicationManager.java:processAll(324)) - Replication Monitor Thread took 0 milliseconds for processing 7 containers.
2022-10-16 13:16:59,864 [ReplicationMonitor] INFO  replication.ReplicationManager (ReplicationManager.java:processAll(291)) - Replication Manager is not ready to run until 3000ms after safemode exit
2022-10-16 13:17:00,112 [21c95474-1f17-4861-8a2e-c716fe1b7093@group-05735183B7A5-FollowerState] INFO  impl.FollowerState (FollowerState.java:run(143)) - 21c95474-1f17-4861-8a2e-c716fe1b7093@group-05735183B7A5-FollowerState: change to CANDIDATE, lastRpcElapsedTime:5086707268ns, electionTimeout:5084ms
2022-10-16 13:17:00,112 [21c95474-1f17-4861-8a2e-c716fe1b7093@group-05735183B7A5-FollowerState] INFO  impl.RoleInfo (RoleInfo.java:shutdownFollowerState(110)) - 21c95474-1f17-4861-8a2e-c716fe1b7093: shutdown 21c95474-1f17-4861-8a2e-c716fe1b7093@group-05735183B7A5-FollowerState
2022-10-16 13:17:00,112 [21c95474-1f17-4861-8a2e-c716fe1b7093@group-05735183B7A5-FollowerState] INFO  server.RaftServer$Division (RaftServerImpl.java:setRole(299)) - 21c95474-1f17-4861-8a2e-c716fe1b7093@group-05735183B7A5: changes role from  FOLLOWER to CANDIDATE at term 0 for changeToCandidate
2022-10-16 13:17:00,112 [21c95474-1f17-4861-8a2e-c716fe1b7093@group-05735183B7A5-FollowerState] INFO  server.RaftServerConfigKeys (ConfUtils.java:logGet(46)) - raft.server.leaderelection.pre-vote = false (custom)
2022-10-16 13:17:00,112 [21c95474-1f17-4861-8a2e-c716fe1b7093@group-05735183B7A5-FollowerState] INFO  impl.RoleInfo (RoleInfo.java:updateAndGet(139)) - 21c95474-1f17-4861-8a2e-c716fe1b7093: start 21c95474-1f17-4861-8a2e-c716fe1b7093@group-05735183B7A5-LeaderElection34
2022-10-16 13:17:00,116 [21c95474-1f17-4861-8a2e-c716fe1b7093@group-05735183B7A5-LeaderElection34] INFO  impl.LeaderElection (LeaderElection.java:askForVotes(310)) - 21c95474-1f17-4861-8a2e-c716fe1b7093@group-05735183B7A5-LeaderElection34 ELECTION round 0: submit vote requests at term 1 for -1: [cae8df96-28f8-48f4-971d-f081efd69332|rpc:10.1.0.60:44437|priority:0, 268c6115-4458-4e34-8b6d-1bd6823028ea|rpc:10.1.0.60:33559|priority:1, 21c95474-1f17-4861-8a2e-c716fe1b7093|rpc:10.1.0.60:37539|priority:0], old=null
2022-10-16 13:17:00,117 [21c95474-1f17-4861-8a2e-c716fe1b7093@group-E4E75CCDF3FB-FollowerState] INFO  impl.FollowerState (FollowerState.java:run(143)) - 21c95474-1f17-4861-8a2e-c716fe1b7093@group-E4E75CCDF3FB-FollowerState: change to CANDIDATE, lastRpcElapsedTime:5106404308ns, electionTimeout:5106ms
2022-10-16 13:17:00,117 [21c95474-1f17-4861-8a2e-c716fe1b7093@group-E4E75CCDF3FB-FollowerState] INFO  impl.RoleInfo (RoleInfo.java:shutdownFollowerState(110)) - 21c95474-1f17-4861-8a2e-c716fe1b7093: shutdown 21c95474-1f17-4861-8a2e-c716fe1b7093@group-E4E75CCDF3FB-FollowerState
2022-10-16 13:17:00,117 [21c95474-1f17-4861-8a2e-c716fe1b7093@group-E4E75CCDF3FB-FollowerState] INFO  server.RaftServer$Division (RaftServerImpl.java:setRole(299)) - 21c95474-1f17-4861-8a2e-c716fe1b7093@group-E4E75CCDF3FB: changes role from  FOLLOWER to CANDIDATE at term 0 for changeToCandidate
2022-10-16 13:17:00,118 [21c95474-1f17-4861-8a2e-c716fe1b7093@group-E4E75CCDF3FB-FollowerState] INFO  server.RaftServerConfigKeys (ConfUtils.java:logGet(46)) - raft.server.leaderelection.pre-vote = false (custom)
2022-10-16 13:17:00,118 [21c95474-1f17-4861-8a2e-c716fe1b7093@group-E4E75CCDF3FB-FollowerState] INFO  impl.RoleInfo (RoleInfo.java:updateAndGet(139)) - 21c95474-1f17-4861-8a2e-c716fe1b7093: start 21c95474-1f17-4861-8a2e-c716fe1b7093@group-E4E75CCDF3FB-LeaderElection35
2022-10-16 13:17:00,125 [21c95474-1f17-4861-8a2e-c716fe1b7093@group-E4E75CCDF3FB-LeaderElection35] INFO  impl.LeaderElection (LeaderElection.java:askForVotes(310)) - 21c95474-1f17-4861-8a2e-c716fe1b7093@group-E4E75CCDF3FB-LeaderElection35 ELECTION round 0: submit vote requests at term 1 for -1: [21c95474-1f17-4861-8a2e-c716fe1b7093|rpc:10.1.0.60:37539|priority:1], old=null
2022-10-16 13:17:00,125 [21c95474-1f17-4861-8a2e-c716fe1b7093@group-E4E75CCDF3FB-LeaderElection35] INFO  impl.LeaderElection (LeaderElection.java:askForVotes(312)) - 21c95474-1f17-4861-8a2e-c716fe1b7093@group-E4E75CCDF3FB-LeaderElection35 ELECTION round 0: result PASSED (term=1)
2022-10-16 13:17:00,125 [21c95474-1f17-4861-8a2e-c716fe1b7093@group-E4E75CCDF3FB-LeaderElection35] INFO  impl.RoleInfo (RoleInfo.java:shutdownLeaderElection(130)) - 21c95474-1f17-4861-8a2e-c716fe1b7093: shutdown 21c95474-1f17-4861-8a2e-c716fe1b7093@group-E4E75CCDF3FB-LeaderElection35
2022-10-16 13:17:00,125 [21c95474-1f17-4861-8a2e-c716fe1b7093@group-E4E75CCDF3FB-LeaderElection35] INFO  server.RaftServer$Division (RaftServerImpl.java:setRole(299)) - 21c95474-1f17-4861-8a2e-c716fe1b7093@group-E4E75CCDF3FB: changes role from CANDIDATE to LEADER at term 1 for changeToLeader
2022-10-16 13:17:00,125 [21c95474-1f17-4861-8a2e-c716fe1b7093@group-E4E75CCDF3FB-LeaderElection35] INFO  ratis.XceiverServerRatis (XceiverServerRatis.java:handleLeaderChangedNotification(863)) - Leader change notification received for group: group-E4E75CCDF3FB with new leaderId: 21c95474-1f17-4861-8a2e-c716fe1b7093
2022-10-16 13:17:00,125 [21c95474-1f17-4861-8a2e-c716fe1b7093@group-E4E75CCDF3FB-LeaderElection35] INFO  server.RaftServer$Division (ServerState.java:setLeader(287)) - 21c95474-1f17-4861-8a2e-c716fe1b7093@group-E4E75CCDF3FB: change Leader from null to 21c95474-1f17-4861-8a2e-c716fe1b7093 at term 1 for becomeLeader, leader elected after 5121ms
2022-10-16 13:17:00,125 [21c95474-1f17-4861-8a2e-c716fe1b7093@group-E4E75CCDF3FB-LeaderElection35] INFO  server.RaftServerConfigKeys (ConfUtils.java:logGet(46)) - raft.server.staging.catchup.gap = 1000 (default)
2022-10-16 13:17:00,125 [21c95474-1f17-4861-8a2e-c716fe1b7093@group-E4E75CCDF3FB-LeaderElection35] INFO  server.RaftServerConfigKeys (ConfUtils.java:logGet(46)) - raft.server.write.element-limit = 1024 (custom)
2022-10-16 13:17:00,125 [21c95474-1f17-4861-8a2e-c716fe1b7093@group-E4E75CCDF3FB-LeaderElection35] INFO  server.RaftServerConfigKeys (ConfUtils.java:logGet(46)) - raft.server.write.byte-limit = 1024 M (=1073741824) (custom)
2022-10-16 13:17:00,126 [21c95474-1f17-4861-8a2e-c716fe1b7093@group-E4E75CCDF3FB-LeaderElection35] INFO  server.RaftServerConfigKeys (ConfUtils.java:logGet(46)) - raft.server.watch.timeout = 180s (custom)
2022-10-16 13:17:00,126 [21c95474-1f17-4861-8a2e-c716fe1b7093@group-E4E75CCDF3FB-LeaderElection35] INFO  server.RaftServerConfigKeys (ConfUtils.java:logGet(46)) - raft.server.watch.timeout.denomination = 1s (default)
2022-10-16 13:17:00,126 [21c95474-1f17-4861-8a2e-c716fe1b7093@group-E4E75CCDF3FB-LeaderElection35] INFO  server.RaftServerConfigKeys (ConfUtils.java:logGet(46)) - raft.server.watch.element-limit = 65536 (default)
2022-10-16 13:17:00,126 [21c95474-1f17-4861-8a2e-c716fe1b7093@group-E4E75CCDF3FB-LeaderElection35] INFO  server.RaftServerConfigKeys (ConfUtils.java:logGet(46)) - raft.server.write.element-limit = 1024 (custom)
2022-10-16 13:17:00,126 [21c95474-1f17-4861-8a2e-c716fe1b7093@group-E4E75CCDF3FB-LeaderElection35] INFO  server.RaftServerConfigKeys (ConfUtils.java:logGet(46)) - raft.server.write.follower.gap.ratio.max = -1.0 (default)
2022-10-16 13:17:00,126 [21c95474-1f17-4861-8a2e-c716fe1b7093@group-E4E75CCDF3FB-LeaderElection35] INFO  impl.RoleInfo (RoleInfo.java:updateAndGet(139)) - 21c95474-1f17-4861-8a2e-c716fe1b7093: start 21c95474-1f17-4861-8a2e-c716fe1b7093@group-E4E75CCDF3FB-LeaderStateImpl
2022-10-16 13:17:00,126 [grpc-default-executor-8] INFO  server.RaftServer$Division (RaftServerImpl.java:requestVote(1152)) - 268c6115-4458-4e34-8b6d-1bd6823028ea@group-05735183B7A5: receive requestVote(ELECTION, 21c95474-1f17-4861-8a2e-c716fe1b7093, group-05735183B7A5, 1, (t:0, i:0))
2022-10-16 13:17:00,126 [grpc-default-executor-8] INFO  impl.VoteContext (VoteContext.java:log(48)) - 268c6115-4458-4e34-8b6d-1bd6823028ea@group-05735183B7A5-FOLLOWER: reject ELECTION from 21c95474-1f17-4861-8a2e-c716fe1b7093: our priority 1 > candidate's priority 0
2022-10-16 13:17:00,127 [grpc-default-executor-8] INFO  server.RaftServer$Division (RaftServerImpl.java:setRole(299)) - 268c6115-4458-4e34-8b6d-1bd6823028ea@group-05735183B7A5: changes role from  FOLLOWER to FOLLOWER at term 1 for candidate:21c95474-1f17-4861-8a2e-c716fe1b7093
2022-10-16 13:17:00,127 [grpc-default-executor-8] INFO  impl.RoleInfo (RoleInfo.java:shutdownFollowerState(110)) - 268c6115-4458-4e34-8b6d-1bd6823028ea: shutdown 268c6115-4458-4e34-8b6d-1bd6823028ea@group-05735183B7A5-FollowerState
2022-10-16 13:17:00,127 [grpc-default-executor-8] INFO  impl.RoleInfo (RoleInfo.java:updateAndGet(139)) - 268c6115-4458-4e34-8b6d-1bd6823028ea: start 268c6115-4458-4e34-8b6d-1bd6823028ea@group-05735183B7A5-FollowerState
2022-10-16 13:17:00,127 [EventQueue-OpenPipelineForHealthyPipelineSafeModeRule] INFO  safemode.SCMSafeModeManager (HealthyPipelineSafeModeRule.java:process(137)) - SCM in safe mode. Healthy pipelines reported count is 0, required healthy pipeline reported count is 1
2022-10-16 13:17:00,127 [268c6115-4458-4e34-8b6d-1bd6823028ea@group-05735183B7A5-FollowerState] INFO  impl.FollowerState (FollowerState.java:run(152)) - 268c6115-4458-4e34-8b6d-1bd6823028ea@group-05735183B7A5-FollowerState was interrupted
2022-10-16 13:17:00,127 [21c95474-1f17-4861-8a2e-c716fe1b7093@group-E4E75CCDF3FB-LeaderElection35] INFO  segmented.SegmentedRaftLogWorker (SegmentedRaftLogWorker.java:startLogSegment(425)) - 21c95474-1f17-4861-8a2e-c716fe1b7093@group-E4E75CCDF3FB-SegmentedRaftLogWorker: Starting segment from index:0
2022-10-16 13:17:00,127 [grpc-default-executor-6] INFO  server.RaftServer$Division (RaftServerImpl.java:requestVote(1152)) - cae8df96-28f8-48f4-971d-f081efd69332@group-05735183B7A5: receive requestVote(ELECTION, 21c95474-1f17-4861-8a2e-c716fe1b7093, group-05735183B7A5, 1, (t:0, i:0))
2022-10-16 13:17:00,128 [grpc-default-executor-6] INFO  impl.VoteContext (VoteContext.java:log(48)) - cae8df96-28f8-48f4-971d-f081efd69332@group-05735183B7A5-FOLLOWER: accept ELECTION from 21c95474-1f17-4861-8a2e-c716fe1b7093: our priority 0 <= candidate's priority 0
2022-10-16 13:17:00,128 [grpc-default-executor-6] INFO  server.RaftServer$Division (RaftServerImpl.java:setRole(299)) - cae8df96-28f8-48f4-971d-f081efd69332@group-05735183B7A5: changes role from  FOLLOWER to FOLLOWER at term 1 for candidate:21c95474-1f17-4861-8a2e-c716fe1b7093
2022-10-16 13:17:00,128 [grpc-default-executor-6] INFO  impl.RoleInfo (RoleInfo.java:shutdownFollowerState(110)) - cae8df96-28f8-48f4-971d-f081efd69332: shutdown cae8df96-28f8-48f4-971d-f081efd69332@group-05735183B7A5-FollowerState
2022-10-16 13:17:00,128 [grpc-default-executor-6] INFO  impl.RoleInfo (RoleInfo.java:updateAndGet(139)) - cae8df96-28f8-48f4-971d-f081efd69332: start cae8df96-28f8-48f4-971d-f081efd69332@group-05735183B7A5-FollowerState
2022-10-16 13:17:00,128 [cae8df96-28f8-48f4-971d-f081efd69332@group-05735183B7A5-FollowerState] INFO  impl.FollowerState (FollowerState.java:run(152)) - cae8df96-28f8-48f4-971d-f081efd69332@group-05735183B7A5-FollowerState was interrupted
2022-10-16 13:17:00,133 [grpc-default-executor-8] INFO  server.RaftServer$Division (RaftServerImpl.java:requestVote(1184)) - 268c6115-4458-4e34-8b6d-1bd6823028ea@group-05735183B7A5 replies to ELECTION vote request: 21c95474-1f17-4861-8a2e-c716fe1b7093<-268c6115-4458-4e34-8b6d-1bd6823028ea#0:FAIL-t1. Peer's state: 268c6115-4458-4e34-8b6d-1bd6823028ea@group-05735183B7A5:t1, leader=null, voted=null, raftlog=268c6115-4458-4e34-8b6d-1bd6823028ea@group-05735183B7A5-SegmentedRaftLog:OPENED:c-1, conf=-1: [cae8df96-28f8-48f4-971d-f081efd69332|rpc:10.1.0.60:44437|dataStream:|priority:0, 268c6115-4458-4e34-8b6d-1bd6823028ea|rpc:10.1.0.60:33559|dataStream:|priority:1, 21c95474-1f17-4861-8a2e-c716fe1b7093|rpc:10.1.0.60:37539|dataStream:|priority:0], old=null
2022-10-16 13:17:00,136 [21c95474-1f17-4861-8a2e-c716fe1b7093@group-E4E75CCDF3FB-SegmentedRaftLogWorker] INFO  segmented.SegmentedRaftLogWorker (SegmentedRaftLogWorker.java:execute(629)) - 21c95474-1f17-4861-8a2e-c716fe1b7093@group-E4E75CCDF3FB-SegmentedRaftLogWorker: created new log segment /home/runner/work/ozone/ozone/hadoop-ozone/integration-test/target/test-dir/MiniOzoneClusterImpl-5315970d-89dc-4906-bf44-ab8df33b815f/datanode-0/data/ratis/32fbd61d-8336-4e76-b23c-e4e75ccdf3fb/current/log_inprogress_0
2022-10-16 13:17:00,137 [Listener at 127.0.0.1/38953] INFO  ozone.MiniOzoneClusterImpl (MiniOzoneClusterImpl.java:lambda$waitForClusterToBeReady$0(216)) - Nodes are ready. Got 5 of 5 DN Heartbeats.
2022-10-16 13:17:00,137 [Listener at 127.0.0.1/38953] INFO  ozone.MiniOzoneClusterImpl (MiniOzoneClusterImpl.java:lambda$waitForClusterToBeReady$0(219)) - Waiting for cluster to exit safe mode
2022-10-16 13:17:00,137 [Listener at 127.0.0.1/38953] INFO  ozone.MiniOzoneClusterImpl (MiniOzoneClusterImpl.java:lambda$waitForClusterToBeReady$0(221)) - SCM became leader
2022-10-16 13:17:00,137 [21c95474-1f17-4861-8a2e-c716fe1b7093@group-E4E75CCDF3FB-LeaderElection35] INFO  server.RaftServer$Division (ServerState.java:setRaftConf(393)) - 21c95474-1f17-4861-8a2e-c716fe1b7093@group-E4E75CCDF3FB: set configuration 0: [21c95474-1f17-4861-8a2e-c716fe1b7093|rpc:10.1.0.60:37539|dataStream:|priority:1], old=null
2022-10-16 13:17:00,139 [grpc-default-executor-6] INFO  server.RaftServer$Division (RaftServerImpl.java:requestVote(1184)) - cae8df96-28f8-48f4-971d-f081efd69332@group-05735183B7A5 replies to ELECTION vote request: 21c95474-1f17-4861-8a2e-c716fe1b7093<-cae8df96-28f8-48f4-971d-f081efd69332#0:OK-t1. Peer's state: cae8df96-28f8-48f4-971d-f081efd69332@group-05735183B7A5:t1, leader=null, voted=21c95474-1f17-4861-8a2e-c716fe1b7093, raftlog=cae8df96-28f8-48f4-971d-f081efd69332@group-05735183B7A5-SegmentedRaftLog:OPENED:c-1, conf=-1: [cae8df96-28f8-48f4-971d-f081efd69332|rpc:10.1.0.60:44437|dataStream:|priority:0, 268c6115-4458-4e34-8b6d-1bd6823028ea|rpc:10.1.0.60:33559|dataStream:|priority:1, 21c95474-1f17-4861-8a2e-c716fe1b7093|rpc:10.1.0.60:37539|dataStream:|priority:0], old=null
2022-10-16 13:17:00,140 [21c95474-1f17-4861-8a2e-c716fe1b7093@group-05735183B7A5-LeaderElection34] INFO  impl.LeaderElection (LeaderElection.java:logAndReturn(90)) - 21c95474-1f17-4861-8a2e-c716fe1b7093@group-05735183B7A5-LeaderElection34: ELECTION REJECTED received 1 response(s) and 0 exception(s):
2022-10-16 13:17:00,140 [21c95474-1f17-4861-8a2e-c716fe1b7093@group-05735183B7A5-LeaderElection34] INFO  impl.LeaderElection (LeaderElection.java:logAndReturn(94)) -   Response 0: 21c95474-1f17-4861-8a2e-c716fe1b7093<-268c6115-4458-4e34-8b6d-1bd6823028ea#0:FAIL-t1
2022-10-16 13:17:00,140 [21c95474-1f17-4861-8a2e-c716fe1b7093@group-05735183B7A5-LeaderElection34] INFO  impl.LeaderElection (LeaderElection.java:askForVotes(312)) - 21c95474-1f17-4861-8a2e-c716fe1b7093@group-05735183B7A5-LeaderElection34 ELECTION round 0: result REJECTED
2022-10-16 13:17:00,140 [21c95474-1f17-4861-8a2e-c716fe1b7093@group-05735183B7A5-LeaderElection34] INFO  server.RaftServer$Division (RaftServerImpl.java:setRole(299)) - 21c95474-1f17-4861-8a2e-c716fe1b7093@group-05735183B7A5: changes role from CANDIDATE to FOLLOWER at term 1 for REJECTED
2022-10-16 13:17:00,140 [21c95474-1f17-4861-8a2e-c716fe1b7093@group-05735183B7A5-LeaderElection34] INFO  impl.RoleInfo (RoleInfo.java:shutdownLeaderElection(130)) - 21c95474-1f17-4861-8a2e-c716fe1b7093: shutdown 21c95474-1f17-4861-8a2e-c716fe1b7093@group-05735183B7A5-LeaderElection34
2022-10-16 13:17:00,140 [21c95474-1f17-4861-8a2e-c716fe1b7093@group-05735183B7A5-LeaderElection34] INFO  impl.RoleInfo (RoleInfo.java:updateAndGet(139)) - 21c95474-1f17-4861-8a2e-c716fe1b7093: start 21c95474-1f17-4861-8a2e-c716fe1b7093@group-05735183B7A5-FollowerState
2022-10-16 13:17:00,144 [ReplicationMonitor] INFO  replication.ReplicationManager (ReplicationManager.java:processAll(324)) - Replication Monitor Thread took 1 milliseconds for processing 7 containers.
2022-10-16 13:17:00,338 [cae8df96-28f8-48f4-971d-f081efd69332@group-785FB67216D7-FollowerState] INFO  impl.FollowerState (FollowerState.java:run(143)) - cae8df96-28f8-48f4-971d-f081efd69332@group-785FB67216D7-FollowerState: change to CANDIDATE, lastRpcElapsedTime:5044453367ns, electionTimeout:5044ms
2022-10-16 13:17:00,338 [cae8df96-28f8-48f4-971d-f081efd69332@group-785FB67216D7-FollowerState] INFO  impl.RoleInfo (RoleInfo.java:shutdownFollowerState(110)) - cae8df96-28f8-48f4-971d-f081efd69332: shutdown cae8df96-28f8-48f4-971d-f081efd69332@group-785FB67216D7-FollowerState
2022-10-16 13:17:00,338 [cae8df96-28f8-48f4-971d-f081efd69332@group-785FB67216D7-FollowerState] INFO  server.RaftServer$Division (RaftServerImpl.java:setRole(299)) - cae8df96-28f8-48f4-971d-f081efd69332@group-785FB67216D7: changes role from  FOLLOWER to CANDIDATE at term 0 for changeToCandidate
2022-10-16 13:17:00,338 [cae8df96-28f8-48f4-971d-f081efd69332@group-785FB67216D7-FollowerState] INFO  server.RaftServerConfigKeys (ConfUtils.java:logGet(46)) - raft.server.leaderelection.pre-vote = false (custom)
2022-10-16 13:17:00,338 [cae8df96-28f8-48f4-971d-f081efd69332@group-785FB67216D7-FollowerState] INFO  impl.RoleInfo (RoleInfo.java:updateAndGet(139)) - cae8df96-28f8-48f4-971d-f081efd69332: start cae8df96-28f8-48f4-971d-f081efd69332@group-785FB67216D7-LeaderElection36
2022-10-16 13:17:00,343 [cae8df96-28f8-48f4-971d-f081efd69332@group-785FB67216D7-LeaderElection36] INFO  impl.LeaderElection (LeaderElection.java:askForVotes(310)) - cae8df96-28f8-48f4-971d-f081efd69332@group-785FB67216D7-LeaderElection36 ELECTION round 0: submit vote requests at term 1 for -1: [cae8df96-28f8-48f4-971d-f081efd69332|rpc:10.1.0.60:44437|priority:1], old=null
2022-10-16 13:17:00,343 [cae8df96-28f8-48f4-971d-f081efd69332@group-785FB67216D7-LeaderElection36] INFO  impl.LeaderElection (LeaderElection.java:askForVotes(312)) - cae8df96-28f8-48f4-971d-f081efd69332@group-785FB67216D7-LeaderElection36 ELECTION round 0: result PASSED (term=1)
2022-10-16 13:17:00,343 [cae8df96-28f8-48f4-971d-f081efd69332@group-785FB67216D7-LeaderElection36] INFO  impl.RoleInfo (RoleInfo.java:shutdownLeaderElection(130)) - cae8df96-28f8-48f4-971d-f081efd69332: shutdown cae8df96-28f8-48f4-971d-f081efd69332@group-785FB67216D7-LeaderElection36
2022-10-16 13:17:00,343 [cae8df96-28f8-48f4-971d-f081efd69332@group-785FB67216D7-LeaderElection36] INFO  server.RaftServer$Division (RaftServerImpl.java:setRole(299)) - cae8df96-28f8-48f4-971d-f081efd69332@group-785FB67216D7: changes role from CANDIDATE to LEADER at term 1 for changeToLeader
2022-10-16 13:17:00,343 [cae8df96-28f8-48f4-971d-f081efd69332@group-785FB67216D7-LeaderElection36] INFO  ratis.XceiverServerRatis (XceiverServerRatis.java:handleLeaderChangedNotification(863)) - Leader change notification received for group: group-785FB67216D7 with new leaderId: cae8df96-28f8-48f4-971d-f081efd69332
2022-10-16 13:17:00,343 [cae8df96-28f8-48f4-971d-f081efd69332@group-785FB67216D7-LeaderElection36] INFO  server.RaftServer$Division (ServerState.java:setLeader(287)) - cae8df96-28f8-48f4-971d-f081efd69332@group-785FB67216D7: change Leader from null to cae8df96-28f8-48f4-971d-f081efd69332 at term 1 for becomeLeader, leader elected after 5055ms
2022-10-16 13:17:00,344 [cae8df96-28f8-48f4-971d-f081efd69332@group-785FB67216D7-LeaderElection36] INFO  server.RaftServerConfigKeys (ConfUtils.java:logGet(46)) - raft.server.staging.catchup.gap = 1000 (default)
2022-10-16 13:17:00,344 [EventQueue-OpenPipelineForHealthyPipelineSafeModeRule] INFO  safemode.SCMSafeModeManager (HealthyPipelineSafeModeRule.java:process(137)) - SCM in safe mode. Healthy pipelines reported count is 0, required healthy pipeline reported count is 1
2022-10-16 13:17:00,344 [cae8df96-28f8-48f4-971d-f081efd69332@group-785FB67216D7-LeaderElection36] INFO  server.RaftServerConfigKeys (ConfUtils.java:logGet(46)) - raft.server.write.element-limit = 1024 (custom)
2022-10-16 13:17:00,344 [cae8df96-28f8-48f4-971d-f081efd69332@group-785FB67216D7-LeaderElection36] INFO  server.RaftServerConfigKeys (ConfUtils.java:logGet(46)) - raft.server.write.byte-limit = 1024 M (=1073741824) (custom)
2022-10-16 13:17:00,345 [cae8df96-28f8-48f4-971d-f081efd69332@group-785FB67216D7-LeaderElection36] INFO  server.RaftServerConfigKeys (ConfUtils.java:logGet(46)) - raft.server.watch.timeout = 180s (custom)
2022-10-16 13:17:00,345 [cae8df96-28f8-48f4-971d-f081efd69332@group-785FB67216D7-LeaderElection36] INFO  server.RaftServerConfigKeys (ConfUtils.java:logGet(46)) - raft.server.watch.timeout.denomination = 1s (default)
2022-10-16 13:17:00,345 [cae8df96-28f8-48f4-971d-f081efd69332@group-785FB67216D7-LeaderElection36] INFO  server.RaftServerConfigKeys (ConfUtils.java:logGet(46)) - raft.server.watch.element-limit = 65536 (default)
2022-10-16 13:17:00,345 [cae8df96-28f8-48f4-971d-f081efd69332@group-785FB67216D7-LeaderElection36] INFO  server.RaftServerConfigKeys (ConfUtils.java:logGet(46)) - raft.server.write.element-limit = 1024 (custom)
2022-10-16 13:17:00,345 [cae8df96-28f8-48f4-971d-f081efd69332@group-785FB67216D7-LeaderElection36] INFO  server.RaftServerConfigKeys (ConfUtils.java:logGet(46)) - raft.server.write.follower.gap.ratio.max = -1.0 (default)
2022-10-16 13:17:00,345 [cae8df96-28f8-48f4-971d-f081efd69332@group-785FB67216D7-LeaderElection36] INFO  impl.RoleInfo (RoleInfo.java:updateAndGet(139)) - cae8df96-28f8-48f4-971d-f081efd69332: start cae8df96-28f8-48f4-971d-f081efd69332@group-785FB67216D7-LeaderStateImpl
2022-10-16 13:17:00,345 [cae8df96-28f8-48f4-971d-f081efd69332@group-785FB67216D7-LeaderElection36] INFO  segmented.SegmentedRaftLogWorker (SegmentedRaftLogWorker.java:startLogSegment(425)) - cae8df96-28f8-48f4-971d-f081efd69332@group-785FB67216D7-SegmentedRaftLogWorker: Starting segment from index:0
2022-10-16 13:17:00,346 [cae8df96-28f8-48f4-971d-f081efd69332@group-785FB67216D7-LeaderElection36] INFO  server.RaftServer$Division (ServerState.java:setRaftConf(393)) - cae8df96-28f8-48f4-971d-f081efd69332@group-785FB67216D7: set configuration 0: [cae8df96-28f8-48f4-971d-f081efd69332|rpc:10.1.0.60:44437|dataStream:|priority:1], old=null
2022-10-16 13:17:00,350 [cae8df96-28f8-48f4-971d-f081efd69332@group-785FB67216D7-SegmentedRaftLogWorker] INFO  segmented.SegmentedRaftLogWorker (SegmentedRaftLogWorker.java:execute(629)) - cae8df96-28f8-48f4-971d-f081efd69332@group-785FB67216D7-SegmentedRaftLogWorker: created new log segment /home/runner/work/ozone/ozone/hadoop-ozone/integration-test/target/test-dir/MiniOzoneClusterImpl-5315970d-89dc-4906-bf44-ab8df33b815f/datanode-1/data/ratis/e644d672-043c-41d5-b3e0-785fb67216d7/current/log_inprogress_0
2022-10-16 13:17:00,716 [268c6115-4458-4e34-8b6d-1bd6823028ea@group-D901732DF4D1-FollowerState] INFO  impl.FollowerState (FollowerState.java:run(143)) - 268c6115-4458-4e34-8b6d-1bd6823028ea@group-D901732DF4D1-FollowerState: change to CANDIDATE, lastRpcElapsedTime:5121417014ns, electionTimeout:5121ms
2022-10-16 13:17:00,716 [268c6115-4458-4e34-8b6d-1bd6823028ea@group-D901732DF4D1-FollowerState] INFO  impl.RoleInfo (RoleInfo.java:shutdownFollowerState(110)) - 268c6115-4458-4e34-8b6d-1bd6823028ea: shutdown 268c6115-4458-4e34-8b6d-1bd6823028ea@group-D901732DF4D1-FollowerState
2022-10-16 13:17:00,716 [268c6115-4458-4e34-8b6d-1bd6823028ea@group-D901732DF4D1-FollowerState] INFO  server.RaftServer$Division (RaftServerImpl.java:setRole(299)) - 268c6115-4458-4e34-8b6d-1bd6823028ea@group-D901732DF4D1: changes role from  FOLLOWER to CANDIDATE at term 0 for changeToCandidate
2022-10-16 13:17:00,717 [268c6115-4458-4e34-8b6d-1bd6823028ea@group-D901732DF4D1-FollowerState] INFO  server.RaftServerConfigKeys (ConfUtils.java:logGet(46)) - raft.server.leaderelection.pre-vote = false (custom)
2022-10-16 13:17:00,717 [268c6115-4458-4e34-8b6d-1bd6823028ea@group-D901732DF4D1-FollowerState] INFO  impl.RoleInfo (RoleInfo.java:updateAndGet(139)) - 268c6115-4458-4e34-8b6d-1bd6823028ea: start 268c6115-4458-4e34-8b6d-1bd6823028ea@group-D901732DF4D1-LeaderElection37
2022-10-16 13:17:00,723 [268c6115-4458-4e34-8b6d-1bd6823028ea@group-D901732DF4D1-LeaderElection37] INFO  impl.LeaderElection (LeaderElection.java:askForVotes(310)) - 268c6115-4458-4e34-8b6d-1bd6823028ea@group-D901732DF4D1-LeaderElection37 ELECTION round 0: submit vote requests at term 1 for -1: [268c6115-4458-4e34-8b6d-1bd6823028ea|rpc:10.1.0.60:33559|priority:1], old=null
2022-10-16 13:17:00,723 [268c6115-4458-4e34-8b6d-1bd6823028ea@group-D901732DF4D1-LeaderElection37] INFO  impl.LeaderElection (LeaderElection.java:askForVotes(312)) - 268c6115-4458-4e34-8b6d-1bd6823028ea@group-D901732DF4D1-LeaderElection37 ELECTION round 0: result PASSED (term=1)
2022-10-16 13:17:00,723 [268c6115-4458-4e34-8b6d-1bd6823028ea@group-D901732DF4D1-LeaderElection37] INFO  impl.RoleInfo (RoleInfo.java:shutdownLeaderElection(130)) - 268c6115-4458-4e34-8b6d-1bd6823028ea: shutdown 268c6115-4458-4e34-8b6d-1bd6823028ea@group-D901732DF4D1-LeaderElection37
2022-10-16 13:17:00,723 [268c6115-4458-4e34-8b6d-1bd6823028ea@group-D901732DF4D1-LeaderElection37] INFO  server.RaftServer$Division (RaftServerImpl.java:setRole(299)) - 268c6115-4458-4e34-8b6d-1bd6823028ea@group-D901732DF4D1: changes role from CANDIDATE to LEADER at term 1 for changeToLeader
2022-10-16 13:17:00,723 [268c6115-4458-4e34-8b6d-1bd6823028ea@group-D901732DF4D1-LeaderElection37] INFO  ratis.XceiverServerRatis (XceiverServerRatis.java:handleLeaderChangedNotification(863)) - Leader change notification received for group: group-D901732DF4D1 with new leaderId: 268c6115-4458-4e34-8b6d-1bd6823028ea
2022-10-16 13:17:00,723 [268c6115-4458-4e34-8b6d-1bd6823028ea@group-D901732DF4D1-LeaderElection37] INFO  server.RaftServer$Division (ServerState.java:setLeader(287)) - 268c6115-4458-4e34-8b6d-1bd6823028ea@group-D901732DF4D1: change Leader from null to 268c6115-4458-4e34-8b6d-1bd6823028ea at term 1 for becomeLeader, leader elected after 5134ms
2022-10-16 13:17:00,723 [268c6115-4458-4e34-8b6d-1bd6823028ea@group-D901732DF4D1-LeaderElection37] INFO  server.RaftServerConfigKeys (ConfUtils.java:logGet(46)) - raft.server.staging.catchup.gap = 1000 (default)
2022-10-16 13:17:00,724 [268c6115-4458-4e34-8b6d-1bd6823028ea@group-D901732DF4D1-LeaderElection37] INFO  server.RaftServerConfigKeys (ConfUtils.java:logGet(46)) - raft.server.write.element-limit = 1024 (custom)
2022-10-16 13:17:00,724 [268c6115-4458-4e34-8b6d-1bd6823028ea@group-D901732DF4D1-LeaderElection37] INFO  server.RaftServerConfigKeys (ConfUtils.java:logGet(46)) - raft.server.write.byte-limit = 1024 M (=1073741824) (custom)
2022-10-16 13:17:00,724 [268c6115-4458-4e34-8b6d-1bd6823028ea@group-D901732DF4D1-LeaderElection37] INFO  server.RaftServerConfigKeys (ConfUtils.java:logGet(46)) - raft.server.watch.timeout = 180s (custom)
2022-10-16 13:17:00,724 [268c6115-4458-4e34-8b6d-1bd6823028ea@group-D901732DF4D1-LeaderElection37] INFO  server.RaftServerConfigKeys (ConfUtils.java:logGet(46)) - raft.server.watch.timeout.denomination = 1s (default)
2022-10-16 13:17:00,724 [268c6115-4458-4e34-8b6d-1bd6823028ea@group-D901732DF4D1-LeaderElection37] INFO  server.RaftServerConfigKeys (ConfUtils.java:logGet(46)) - raft.server.watch.element-limit = 65536 (default)
2022-10-16 13:17:00,724 [EventQueue-OpenPipelineForHealthyPipelineSafeModeRule] INFO  safemode.SCMSafeModeManager (HealthyPipelineSafeModeRule.java:process(137)) - SCM in safe mode. Healthy pipelines reported count is 0, required healthy pipeline reported count is 1
2022-10-16 13:17:00,724 [268c6115-4458-4e34-8b6d-1bd6823028ea@group-D901732DF4D1-LeaderElection37] INFO  server.RaftServerConfigKeys (ConfUtils.java:logGet(46)) - raft.server.write.element-limit = 1024 (custom)
2022-10-16 13:17:00,725 [268c6115-4458-4e34-8b6d-1bd6823028ea@group-D901732DF4D1-LeaderElection37] INFO  server.RaftServerConfigKeys (ConfUtils.java:logGet(46)) - raft.server.write.follower.gap.ratio.max = -1.0 (default)
2022-10-16 13:17:00,725 [268c6115-4458-4e34-8b6d-1bd6823028ea@group-D901732DF4D1-LeaderElection37] INFO  impl.RoleInfo (RoleInfo.java:updateAndGet(139)) - 268c6115-4458-4e34-8b6d-1bd6823028ea: start 268c6115-4458-4e34-8b6d-1bd6823028ea@group-D901732DF4D1-LeaderStateImpl
2022-10-16 13:17:00,725 [268c6115-4458-4e34-8b6d-1bd6823028ea@group-D901732DF4D1-LeaderElection37] INFO  segmented.SegmentedRaftLogWorker (SegmentedRaftLogWorker.java:startLogSegment(425)) - 268c6115-4458-4e34-8b6d-1bd6823028ea@group-D901732DF4D1-SegmentedRaftLogWorker: Starting segment from index:0
2022-10-16 13:17:00,726 [268c6115-4458-4e34-8b6d-1bd6823028ea@group-D901732DF4D1-LeaderElection37] INFO  server.RaftServer$Division (ServerState.java:setRaftConf(393)) - 268c6115-4458-4e34-8b6d-1bd6823028ea@group-D901732DF4D1: set configuration 0: [268c6115-4458-4e34-8b6d-1bd6823028ea|rpc:10.1.0.60:33559|dataStream:|priority:1], old=null
2022-10-16 13:17:00,728 [268c6115-4458-4e34-8b6d-1bd6823028ea@group-D901732DF4D1-SegmentedRaftLogWorker] INFO  segmented.SegmentedRaftLogWorker (SegmentedRaftLogWorker.java:execute(629)) - 268c6115-4458-4e34-8b6d-1bd6823028ea@group-D901732DF4D1-SegmentedRaftLogWorker: created new log segment /home/runner/work/ozone/ozone/hadoop-ozone/integration-test/target/test-dir/MiniOzoneClusterImpl-5315970d-89dc-4906-bf44-ab8df33b815f/datanode-2/data/ratis/40499f5d-baa0-4e80-8607-d901732df4d1/current/log_inprogress_0
2022-10-16 13:17:00,864 [ReplicationMonitor] INFO  replication.ReplicationManager (ReplicationManager.java:processAll(291)) - Replication Manager is not ready to run until 3000ms after safemode exit
2022-10-16 13:17:00,887 [f6802d45-866a-4aa1-bdcc-5bed762fdecb@group-4B72848717EE-FollowerState] INFO  impl.FollowerState (FollowerState.java:run(143)) - f6802d45-866a-4aa1-bdcc-5bed762fdecb@group-4B72848717EE-FollowerState: change to CANDIDATE, lastRpcElapsedTime:5016919372ns, electionTimeout:5016ms
2022-10-16 13:17:00,888 [f6802d45-866a-4aa1-bdcc-5bed762fdecb@group-4B72848717EE-FollowerState] INFO  impl.RoleInfo (RoleInfo.java:shutdownFollowerState(110)) - f6802d45-866a-4aa1-bdcc-5bed762fdecb: shutdown f6802d45-866a-4aa1-bdcc-5bed762fdecb@group-4B72848717EE-FollowerState
2022-10-16 13:17:00,888 [f6802d45-866a-4aa1-bdcc-5bed762fdecb@group-4B72848717EE-FollowerState] INFO  server.RaftServer$Division (RaftServerImpl.java:setRole(299)) - f6802d45-866a-4aa1-bdcc-5bed762fdecb@group-4B72848717EE: changes role from  FOLLOWER to CANDIDATE at term 0 for changeToCandidate
2022-10-16 13:17:00,888 [f6802d45-866a-4aa1-bdcc-5bed762fdecb@group-4B72848717EE-FollowerState] INFO  server.RaftServerConfigKeys (ConfUtils.java:logGet(46)) - raft.server.leaderelection.pre-vote = false (custom)
2022-10-16 13:17:00,888 [f6802d45-866a-4aa1-bdcc-5bed762fdecb@group-4B72848717EE-FollowerState] INFO  impl.RoleInfo (RoleInfo.java:updateAndGet(139)) - f6802d45-866a-4aa1-bdcc-5bed762fdecb: start f6802d45-866a-4aa1-bdcc-5bed762fdecb@group-4B72848717EE-LeaderElection38
2022-10-16 13:17:00,892 [f6802d45-866a-4aa1-bdcc-5bed762fdecb@group-4B72848717EE-LeaderElection38] INFO  impl.LeaderElection (LeaderElection.java:askForVotes(310)) - f6802d45-866a-4aa1-bdcc-5bed762fdecb@group-4B72848717EE-LeaderElection38 ELECTION round 0: submit vote requests at term 1 for -1: [f6802d45-866a-4aa1-bdcc-5bed762fdecb|rpc:10.1.0.60:45493|priority:1], old=null
2022-10-16 13:17:00,892 [f6802d45-866a-4aa1-bdcc-5bed762fdecb@group-4B72848717EE-LeaderElection38] INFO  impl.LeaderElection (LeaderElection.java:askForVotes(312)) - f6802d45-866a-4aa1-bdcc-5bed762fdecb@group-4B72848717EE-LeaderElection38 ELECTION round 0: result PASSED (term=1)
2022-10-16 13:17:00,892 [f6802d45-866a-4aa1-bdcc-5bed762fdecb@group-4B72848717EE-LeaderElection38] INFO  impl.RoleInfo (RoleInfo.java:shutdownLeaderElection(130)) - f6802d45-866a-4aa1-bdcc-5bed762fdecb: shutdown f6802d45-866a-4aa1-bdcc-5bed762fdecb@group-4B72848717EE-LeaderElection38
2022-10-16 13:17:00,892 [f6802d45-866a-4aa1-bdcc-5bed762fdecb@group-4B72848717EE-LeaderElection38] INFO  server.RaftServer$Division (RaftServerImpl.java:setRole(299)) - f6802d45-866a-4aa1-bdcc-5bed762fdecb@group-4B72848717EE: changes role from CANDIDATE to LEADER at term 1 for changeToLeader
2022-10-16 13:17:00,892 [f6802d45-866a-4aa1-bdcc-5bed762fdecb@group-4B72848717EE-LeaderElection38] INFO  ratis.XceiverServerRatis (XceiverServerRatis.java:handleLeaderChangedNotification(863)) - Leader change notification received for group: group-4B72848717EE with new leaderId: f6802d45-866a-4aa1-bdcc-5bed762fdecb
2022-10-16 13:17:00,892 [f6802d45-866a-4aa1-bdcc-5bed762fdecb@group-4B72848717EE-LeaderElection38] INFO  server.RaftServer$Division (ServerState.java:setLeader(287)) - f6802d45-866a-4aa1-bdcc-5bed762fdecb@group-4B72848717EE: change Leader from null to f6802d45-866a-4aa1-bdcc-5bed762fdecb at term 1 for becomeLeader, leader elected after 5029ms
2022-10-16 13:17:00,892 [f6802d45-866a-4aa1-bdcc-5bed762fdecb@group-4B72848717EE-LeaderElection38] INFO  server.RaftServerConfigKeys (ConfUtils.java:logGet(46)) - raft.server.staging.catchup.gap = 1000 (default)
2022-10-16 13:17:00,893 [f6802d45-866a-4aa1-bdcc-5bed762fdecb@group-4B72848717EE-LeaderElection38] INFO  server.RaftServerConfigKeys (ConfUtils.java:logGet(46)) - raft.server.write.element-limit = 1024 (custom)
2022-10-16 13:17:00,893 [f6802d45-866a-4aa1-bdcc-5bed762fdecb@group-4B72848717EE-LeaderElection38] INFO  server.RaftServerConfigKeys (ConfUtils.java:logGet(46)) - raft.server.write.byte-limit = 1024 M (=1073741824) (custom)
2022-10-16 13:17:00,893 [f6802d45-866a-4aa1-bdcc-5bed762fdecb@group-4B72848717EE-LeaderElection38] INFO  server.RaftServerConfigKeys (ConfUtils.java:logGet(46)) - raft.server.watch.timeout = 180s (custom)
2022-10-16 13:17:00,893 [f6802d45-866a-4aa1-bdcc-5bed762fdecb@group-4B72848717EE-LeaderElection38] INFO  server.RaftServerConfigKeys (ConfUtils.java:logGet(46)) - raft.server.watch.timeout.denomination = 1s (default)
2022-10-16 13:17:00,893 [f6802d45-866a-4aa1-bdcc-5bed762fdecb@group-4B72848717EE-LeaderElection38] INFO  server.RaftServerConfigKeys (ConfUtils.java:logGet(46)) - raft.server.watch.element-limit = 65536 (default)
2022-10-16 13:17:00,893 [f6802d45-866a-4aa1-bdcc-5bed762fdecb@group-4B72848717EE-LeaderElection38] INFO  server.RaftServerConfigKeys (ConfUtils.java:logGet(46)) - raft.server.write.element-limit = 1024 (custom)
2022-10-16 13:17:00,893 [f6802d45-866a-4aa1-bdcc-5bed762fdecb@group-4B72848717EE-LeaderElection38] INFO  server.RaftServerConfigKeys (ConfUtils.java:logGet(46)) - raft.server.write.follower.gap.ratio.max = -1.0 (default)
2022-10-16 13:17:00,893 [EventQueue-OpenPipelineForHealthyPipelineSafeModeRule] INFO  safemode.SCMSafeModeManager (HealthyPipelineSafeModeRule.java:process(137)) - SCM in safe mode. Healthy pipelines reported count is 0, required healthy pipeline reported count is 1
2022-10-16 13:17:00,893 [f6802d45-866a-4aa1-bdcc-5bed762fdecb@group-4B72848717EE-LeaderElection38] INFO  impl.RoleInfo (RoleInfo.java:updateAndGet(139)) - f6802d45-866a-4aa1-bdcc-5bed762fdecb: start f6802d45-866a-4aa1-bdcc-5bed762fdecb@group-4B72848717EE-LeaderStateImpl
2022-10-16 13:17:00,894 [f6802d45-866a-4aa1-bdcc-5bed762fdecb@group-4B72848717EE-LeaderElection38] INFO  segmented.SegmentedRaftLogWorker (SegmentedRaftLogWorker.java:startLogSegment(425)) - f6802d45-866a-4aa1-bdcc-5bed762fdecb@group-4B72848717EE-SegmentedRaftLogWorker: Starting segment from index:0
2022-10-16 13:17:00,895 [f6802d45-866a-4aa1-bdcc-5bed762fdecb@group-4B72848717EE-LeaderElection38] INFO  server.RaftServer$Division (ServerState.java:setRaftConf(393)) - f6802d45-866a-4aa1-bdcc-5bed762fdecb@group-4B72848717EE: set configuration 0: [f6802d45-866a-4aa1-bdcc-5bed762fdecb|rpc:10.1.0.60:45493|dataStream:|priority:1], old=null
2022-10-16 13:17:00,895 [f6802d45-866a-4aa1-bdcc-5bed762fdecb@group-4B72848717EE-SegmentedRaftLogWorker] INFO  segmented.SegmentedRaftLogWorker (SegmentedRaftLogWorker.java:execute(629)) - f6802d45-866a-4aa1-bdcc-5bed762fdecb@group-4B72848717EE-SegmentedRaftLogWorker: created new log segment /home/runner/work/ozone/ozone/hadoop-ozone/integration-test/target/test-dir/MiniOzoneClusterImpl-5315970d-89dc-4906-bf44-ab8df33b815f/datanode-3/data/ratis/d9c161e6-d812-4fd2-9dd0-4b72848717ee/current/log_inprogress_0
2022-10-16 13:17:01,137 [Listener at 127.0.0.1/38953] INFO  ozone.MiniOzoneClusterImpl (MiniOzoneClusterImpl.java:lambda$waitForClusterToBeReady$0(216)) - Nodes are ready. Got 5 of 5 DN Heartbeats.
2022-10-16 13:17:01,138 [Listener at 127.0.0.1/38953] INFO  ozone.MiniOzoneClusterImpl (MiniOzoneClusterImpl.java:lambda$waitForClusterToBeReady$0(219)) - Waiting for cluster to exit safe mode
2022-10-16 13:17:01,138 [Listener at 127.0.0.1/38953] INFO  ozone.MiniOzoneClusterImpl (MiniOzoneClusterImpl.java:lambda$waitForClusterToBeReady$0(221)) - SCM became leader
2022-10-16 13:17:01,144 [ReplicationMonitor] INFO  replication.ReplicationManager (ReplicationManager.java:processAll(324)) - Replication Monitor Thread took 0 milliseconds for processing 7 containers.
2022-10-16 13:17:01,284 [efd91ef8-0566-4c2a-a86b-b52e3738f18d@group-289A443A126A-FollowerState] INFO  impl.FollowerState (FollowerState.java:run(143)) - efd91ef8-0566-4c2a-a86b-b52e3738f18d@group-289A443A126A-FollowerState: change to CANDIDATE, lastRpcElapsedTime:5142529265ns, electionTimeout:5142ms
2022-10-16 13:17:01,284 [efd91ef8-0566-4c2a-a86b-b52e3738f18d@group-289A443A126A-FollowerState] INFO  impl.RoleInfo (RoleInfo.java:shutdownFollowerState(110)) - efd91ef8-0566-4c2a-a86b-b52e3738f18d: shutdown efd91ef8-0566-4c2a-a86b-b52e3738f18d@group-289A443A126A-FollowerState
2022-10-16 13:17:01,284 [efd91ef8-0566-4c2a-a86b-b52e3738f18d@group-289A443A126A-FollowerState] INFO  server.RaftServer$Division (RaftServerImpl.java:setRole(299)) - efd91ef8-0566-4c2a-a86b-b52e3738f18d@group-289A443A126A: changes role from  FOLLOWER to CANDIDATE at term 0 for changeToCandidate
2022-10-16 13:17:01,284 [efd91ef8-0566-4c2a-a86b-b52e3738f18d@group-289A443A126A-FollowerState] INFO  server.RaftServerConfigKeys (ConfUtils.java:logGet(46)) - raft.server.leaderelection.pre-vote = false (custom)
2022-10-16 13:17:01,284 [efd91ef8-0566-4c2a-a86b-b52e3738f18d@group-289A443A126A-FollowerState] INFO  impl.RoleInfo (RoleInfo.java:updateAndGet(139)) - efd91ef8-0566-4c2a-a86b-b52e3738f18d: start efd91ef8-0566-4c2a-a86b-b52e3738f18d@group-289A443A126A-LeaderElection39
2022-10-16 13:17:01,289 [efd91ef8-0566-4c2a-a86b-b52e3738f18d@group-289A443A126A-LeaderElection39] INFO  impl.LeaderElection (LeaderElection.java:askForVotes(310)) - efd91ef8-0566-4c2a-a86b-b52e3738f18d@group-289A443A126A-LeaderElection39 ELECTION round 0: submit vote requests at term 1 for -1: [efd91ef8-0566-4c2a-a86b-b52e3738f18d|rpc:10.1.0.60:43933|priority:1], old=null
2022-10-16 13:17:01,289 [efd91ef8-0566-4c2a-a86b-b52e3738f18d@group-289A443A126A-LeaderElection39] INFO  impl.LeaderElection (LeaderElection.java:askForVotes(312)) - efd91ef8-0566-4c2a-a86b-b52e3738f18d@group-289A443A126A-LeaderElection39 ELECTION round 0: result PASSED (term=1)
2022-10-16 13:17:01,289 [efd91ef8-0566-4c2a-a86b-b52e3738f18d@group-289A443A126A-LeaderElection39] INFO  impl.RoleInfo (RoleInfo.java:shutdownLeaderElection(130)) - efd91ef8-0566-4c2a-a86b-b52e3738f18d: shutdown efd91ef8-0566-4c2a-a86b-b52e3738f18d@group-289A443A126A-LeaderElection39
2022-10-16 13:17:01,290 [efd91ef8-0566-4c2a-a86b-b52e3738f18d@group-289A443A126A-LeaderElection39] INFO  server.RaftServer$Division (RaftServerImpl.java:setRole(299)) - efd91ef8-0566-4c2a-a86b-b52e3738f18d@group-289A443A126A: changes role from CANDIDATE to LEADER at term 1 for changeToLeader
2022-10-16 13:17:01,290 [efd91ef8-0566-4c2a-a86b-b52e3738f18d@group-289A443A126A-LeaderElection39] INFO  ratis.XceiverServerRatis (XceiverServerRatis.java:handleLeaderChangedNotification(863)) - Leader change notification received for group: group-289A443A126A with new leaderId: efd91ef8-0566-4c2a-a86b-b52e3738f18d
2022-10-16 13:17:01,290 [efd91ef8-0566-4c2a-a86b-b52e3738f18d@group-289A443A126A-LeaderElection39] INFO  server.RaftServer$Division (ServerState.java:setLeader(287)) - efd91ef8-0566-4c2a-a86b-b52e3738f18d@group-289A443A126A: change Leader from null to efd91ef8-0566-4c2a-a86b-b52e3738f18d at term 1 for becomeLeader, leader elected after 5153ms
2022-10-16 13:17:01,290 [efd91ef8-0566-4c2a-a86b-b52e3738f18d@group-289A443A126A-LeaderElection39] INFO  server.RaftServerConfigKeys (ConfUtils.java:logGet(46)) - raft.server.staging.catchup.gap = 1000 (default)
2022-10-16 13:17:01,290 [efd91ef8-0566-4c2a-a86b-b52e3738f18d@group-289A443A126A-LeaderElection39] INFO  server.RaftServerConfigKeys (ConfUtils.java:logGet(46)) - raft.server.write.element-limit = 1024 (custom)
2022-10-16 13:17:01,290 [efd91ef8-0566-4c2a-a86b-b52e3738f18d@group-289A443A126A-LeaderElection39] INFO  server.RaftServerConfigKeys (ConfUtils.java:logGet(46)) - raft.server.write.byte-limit = 1024 M (=1073741824) (custom)
2022-10-16 13:17:01,291 [efd91ef8-0566-4c2a-a86b-b52e3738f18d@group-289A443A126A-LeaderElection39] INFO  server.RaftServerConfigKeys (ConfUtils.java:logGet(46)) - raft.server.watch.timeout = 180s (custom)
2022-10-16 13:17:01,291 [efd91ef8-0566-4c2a-a86b-b52e3738f18d@group-289A443A126A-LeaderElection39] INFO  server.RaftServerConfigKeys (ConfUtils.java:logGet(46)) - raft.server.watch.timeout.denomination = 1s (default)
2022-10-16 13:17:01,291 [efd91ef8-0566-4c2a-a86b-b52e3738f18d@group-289A443A126A-LeaderElection39] INFO  server.RaftServerConfigKeys (ConfUtils.java:logGet(46)) - raft.server.watch.element-limit = 65536 (default)
2022-10-16 13:17:01,291 [efd91ef8-0566-4c2a-a86b-b52e3738f18d@group-289A443A126A-LeaderElection39] INFO  server.RaftServerConfigKeys (ConfUtils.java:logGet(46)) - raft.server.write.element-limit = 1024 (custom)
2022-10-16 13:17:01,291 [efd91ef8-0566-4c2a-a86b-b52e3738f18d@group-289A443A126A-LeaderElection39] INFO  server.RaftServerConfigKeys (ConfUtils.java:logGet(46)) - raft.server.write.follower.gap.ratio.max = -1.0 (default)
2022-10-16 13:17:01,291 [efd91ef8-0566-4c2a-a86b-b52e3738f18d@group-289A443A126A-LeaderElection39] INFO  impl.RoleInfo (RoleInfo.java:updateAndGet(139)) - efd91ef8-0566-4c2a-a86b-b52e3738f18d: start efd91ef8-0566-4c2a-a86b-b52e3738f18d@group-289A443A126A-LeaderStateImpl
2022-10-16 13:17:01,291 [efd91ef8-0566-4c2a-a86b-b52e3738f18d@group-289A443A126A-LeaderElection39] INFO  segmented.SegmentedRaftLogWorker (SegmentedRaftLogWorker.java:startLogSegment(425)) - efd91ef8-0566-4c2a-a86b-b52e3738f18d@group-289A443A126A-SegmentedRaftLogWorker: Starting segment from index:0
2022-10-16 13:17:01,291 [EventQueue-OpenPipelineForHealthyPipelineSafeModeRule] INFO  safemode.SCMSafeModeManager (HealthyPipelineSafeModeRule.java:process(137)) - SCM in safe mode. Healthy pipelines reported count is 0, required healthy pipeline reported count is 1
2022-10-16 13:17:01,296 [efd91ef8-0566-4c2a-a86b-b52e3738f18d@group-289A443A126A-LeaderElection39] INFO  server.RaftServer$Division (ServerState.java:setRaftConf(393)) - efd91ef8-0566-4c2a-a86b-b52e3738f18d@group-289A443A126A: set configuration 0: [efd91ef8-0566-4c2a-a86b-b52e3738f18d|rpc:10.1.0.60:43933|dataStream:|priority:1], old=null
2022-10-16 13:17:01,297 [efd91ef8-0566-4c2a-a86b-b52e3738f18d@group-289A443A126A-SegmentedRaftLogWorker] INFO  segmented.SegmentedRaftLogWorker (SegmentedRaftLogWorker.java:execute(629)) - efd91ef8-0566-4c2a-a86b-b52e3738f18d@group-289A443A126A-SegmentedRaftLogWorker: created new log segment /home/runner/work/ozone/ozone/hadoop-ozone/integration-test/target/test-dir/MiniOzoneClusterImpl-5315970d-89dc-4906-bf44-ab8df33b815f/datanode-4/data/ratis/45b11789-0e11-42a1-b847-289a443a126a/current/log_inprogress_0
2022-10-16 13:17:01,864 [ReplicationMonitor] INFO  replication.ReplicationManager (ReplicationManager.java:processAll(291)) - Replication Manager is not ready to run until 3000ms after safemode exit
2022-10-16 13:17:02,138 [Listener at 127.0.0.1/38953] INFO  ozone.MiniOzoneClusterImpl (MiniOzoneClusterImpl.java:lambda$waitForClusterToBeReady$0(216)) - Nodes are ready. Got 5 of 5 DN Heartbeats.
2022-10-16 13:17:02,138 [Listener at 127.0.0.1/38953] INFO  ozone.MiniOzoneClusterImpl (MiniOzoneClusterImpl.java:lambda$waitForClusterToBeReady$0(219)) - Waiting for cluster to exit safe mode
2022-10-16 13:17:02,138 [Listener at 127.0.0.1/38953] INFO  ozone.MiniOzoneClusterImpl (MiniOzoneClusterImpl.java:lambda$waitForClusterToBeReady$0(221)) - SCM became leader
2022-10-16 13:17:02,145 [ReplicationMonitor] INFO  replication.ReplicationManager (ReplicationManager.java:processAll(324)) - Replication Monitor Thread took 1 milliseconds for processing 7 containers.
2022-10-16 13:17:02,865 [ReplicationMonitor] INFO  replication.ReplicationManager (ReplicationManager.java:processAll(291)) - Replication Manager is not ready to run until 3000ms after safemode exit
2022-10-16 13:17:03,138 [Listener at 127.0.0.1/38953] INFO  ozone.MiniOzoneClusterImpl (MiniOzoneClusterImpl.java:lambda$waitForClusterToBeReady$0(216)) - Nodes are ready. Got 5 of 5 DN Heartbeats.
2022-10-16 13:17:03,138 [Listener at 127.0.0.1/38953] INFO  ozone.MiniOzoneClusterImpl (MiniOzoneClusterImpl.java:lambda$waitForClusterToBeReady$0(219)) - Waiting for cluster to exit safe mode
2022-10-16 13:17:03,139 [Listener at 127.0.0.1/38953] INFO  ozone.MiniOzoneClusterImpl (MiniOzoneClusterImpl.java:lambda$waitForClusterToBeReady$0(221)) - SCM became leader
2022-10-16 13:17:03,145 [ReplicationMonitor] INFO  replication.ReplicationManager (ReplicationManager.java:processAll(324)) - Replication Monitor Thread took 0 milliseconds for processing 7 containers.
2022-10-16 13:17:03,865 [ReplicationMonitor] INFO  replication.ReplicationManager (ReplicationManager.java:processAll(291)) - Replication Manager is not ready to run until 3000ms after safemode exit
2022-10-16 13:17:04,139 [Listener at 127.0.0.1/38953] INFO  ozone.MiniOzoneClusterImpl (MiniOzoneClusterImpl.java:lambda$waitForClusterToBeReady$0(216)) - Nodes are ready. Got 5 of 5 DN Heartbeats.
2022-10-16 13:17:04,139 [Listener at 127.0.0.1/38953] INFO  ozone.MiniOzoneClusterImpl (MiniOzoneClusterImpl.java:lambda$waitForClusterToBeReady$0(219)) - Waiting for cluster to exit safe mode
2022-10-16 13:17:04,139 [Listener at 127.0.0.1/38953] INFO  ozone.MiniOzoneClusterImpl (MiniOzoneClusterImpl.java:lambda$waitForClusterToBeReady$0(221)) - SCM became leader
2022-10-16 13:17:04,146 [ReplicationMonitor] INFO  replication.ReplicationManager (ReplicationManager.java:processAll(324)) - Replication Monitor Thread took 0 milliseconds for processing 7 containers.
2022-10-16 13:17:04,865 [ReplicationMonitor] INFO  replication.ReplicationManager (ReplicationManager.java:processAll(291)) - Replication Manager is not ready to run until 3000ms after safemode exit
2022-10-16 13:17:05,139 [Listener at 127.0.0.1/38953] INFO  ozone.MiniOzoneClusterImpl (MiniOzoneClusterImpl.java:lambda$waitForClusterToBeReady$0(216)) - Nodes are ready. Got 5 of 5 DN Heartbeats.
2022-10-16 13:17:05,139 [Listener at 127.0.0.1/38953] INFO  ozone.MiniOzoneClusterImpl (MiniOzoneClusterImpl.java:lambda$waitForClusterToBeReady$0(219)) - Waiting for cluster to exit safe mode
2022-10-16 13:17:05,139 [Listener at 127.0.0.1/38953] INFO  ozone.MiniOzoneClusterImpl (MiniOzoneClusterImpl.java:lambda$waitForClusterToBeReady$0(221)) - SCM became leader
2022-10-16 13:17:05,146 [ReplicationMonitor] INFO  replication.ReplicationManager (ReplicationManager.java:processAll(324)) - Replication Monitor Thread took 0 milliseconds for processing 7 containers.
2022-10-16 13:17:05,160 [cae8df96-28f8-48f4-971d-f081efd69332@group-05735183B7A5-FollowerState] INFO  impl.FollowerState (FollowerState.java:run(143)) - cae8df96-28f8-48f4-971d-f081efd69332@group-05735183B7A5-FollowerState: change to CANDIDATE, lastRpcElapsedTime:5021068785ns, electionTimeout:5020ms
2022-10-16 13:17:05,160 [cae8df96-28f8-48f4-971d-f081efd69332@group-05735183B7A5-FollowerState] INFO  impl.RoleInfo (RoleInfo.java:shutdownFollowerState(110)) - cae8df96-28f8-48f4-971d-f081efd69332: shutdown cae8df96-28f8-48f4-971d-f081efd69332@group-05735183B7A5-FollowerState
2022-10-16 13:17:05,160 [cae8df96-28f8-48f4-971d-f081efd69332@group-05735183B7A5-FollowerState] INFO  server.RaftServer$Division (RaftServerImpl.java:setRole(299)) - cae8df96-28f8-48f4-971d-f081efd69332@group-05735183B7A5: changes role from  FOLLOWER to CANDIDATE at term 1 for changeToCandidate
2022-10-16 13:17:05,160 [cae8df96-28f8-48f4-971d-f081efd69332@group-05735183B7A5-FollowerState] INFO  server.RaftServerConfigKeys (ConfUtils.java:logGet(46)) - raft.server.leaderelection.pre-vote = false (custom)
2022-10-16 13:17:05,160 [cae8df96-28f8-48f4-971d-f081efd69332@group-05735183B7A5-FollowerState] INFO  impl.RoleInfo (RoleInfo.java:updateAndGet(139)) - cae8df96-28f8-48f4-971d-f081efd69332: start cae8df96-28f8-48f4-971d-f081efd69332@group-05735183B7A5-LeaderElection40
2022-10-16 13:17:05,163 [cae8df96-28f8-48f4-971d-f081efd69332@group-05735183B7A5-LeaderElection40] INFO  impl.LeaderElection (LeaderElection.java:askForVotes(310)) - cae8df96-28f8-48f4-971d-f081efd69332@group-05735183B7A5-LeaderElection40 ELECTION round 0: submit vote requests at term 2 for -1: [cae8df96-28f8-48f4-971d-f081efd69332|rpc:10.1.0.60:44437|dataStream:|priority:0, 268c6115-4458-4e34-8b6d-1bd6823028ea|rpc:10.1.0.60:33559|dataStream:|priority:1, 21c95474-1f17-4861-8a2e-c716fe1b7093|rpc:10.1.0.60:37539|dataStream:|priority:0], old=null
2022-10-16 13:17:05,169 [grpc-default-executor-6] INFO  server.RaftServer$Division (RaftServerImpl.java:requestVote(1152)) - 21c95474-1f17-4861-8a2e-c716fe1b7093@group-05735183B7A5: receive requestVote(ELECTION, cae8df96-28f8-48f4-971d-f081efd69332, group-05735183B7A5, 2, (t:0, i:0))
2022-10-16 13:17:05,169 [grpc-default-executor-6] INFO  impl.VoteContext (VoteContext.java:log(48)) - 21c95474-1f17-4861-8a2e-c716fe1b7093@group-05735183B7A5-FOLLOWER: accept ELECTION from cae8df96-28f8-48f4-971d-f081efd69332: our priority 0 <= candidate's priority 0
2022-10-16 13:17:05,169 [grpc-default-executor-6] INFO  server.RaftServer$Division (RaftServerImpl.java:setRole(299)) - 21c95474-1f17-4861-8a2e-c716fe1b7093@group-05735183B7A5: changes role from  FOLLOWER to FOLLOWER at term 2 for candidate:cae8df96-28f8-48f4-971d-f081efd69332
2022-10-16 13:17:05,169 [grpc-default-executor-6] INFO  impl.RoleInfo (RoleInfo.java:shutdownFollowerState(110)) - 21c95474-1f17-4861-8a2e-c716fe1b7093: shutdown 21c95474-1f17-4861-8a2e-c716fe1b7093@group-05735183B7A5-FollowerState
2022-10-16 13:17:05,170 [grpc-default-executor-6] INFO  impl.RoleInfo (RoleInfo.java:updateAndGet(139)) - 21c95474-1f17-4861-8a2e-c716fe1b7093: start 21c95474-1f17-4861-8a2e-c716fe1b7093@group-05735183B7A5-FollowerState
2022-10-16 13:17:05,170 [21c95474-1f17-4861-8a2e-c716fe1b7093@group-05735183B7A5-FollowerState] INFO  impl.FollowerState (FollowerState.java:run(152)) - 21c95474-1f17-4861-8a2e-c716fe1b7093@group-05735183B7A5-FollowerState was interrupted
2022-10-16 13:17:05,172 [grpc-default-executor-6] INFO  server.RaftServer$Division (RaftServerImpl.java:requestVote(1184)) - 21c95474-1f17-4861-8a2e-c716fe1b7093@group-05735183B7A5 replies to ELECTION vote request: cae8df96-28f8-48f4-971d-f081efd69332<-21c95474-1f17-4861-8a2e-c716fe1b7093#0:OK-t2. Peer's state: 21c95474-1f17-4861-8a2e-c716fe1b7093@group-05735183B7A5:t2, leader=null, voted=cae8df96-28f8-48f4-971d-f081efd69332, raftlog=21c95474-1f17-4861-8a2e-c716fe1b7093@group-05735183B7A5-SegmentedRaftLog:OPENED:c-1, conf=-1: [cae8df96-28f8-48f4-971d-f081efd69332|rpc:10.1.0.60:44437|priority:0, 268c6115-4458-4e34-8b6d-1bd6823028ea|rpc:10.1.0.60:33559|priority:1, 21c95474-1f17-4861-8a2e-c716fe1b7093|rpc:10.1.0.60:37539|priority:0], old=null
2022-10-16 13:17:05,175 [grpc-default-executor-6] INFO  server.RaftServer$Division (RaftServerImpl.java:requestVote(1152)) - 268c6115-4458-4e34-8b6d-1bd6823028ea@group-05735183B7A5: receive requestVote(ELECTION, cae8df96-28f8-48f4-971d-f081efd69332, group-05735183B7A5, 2, (t:0, i:0))
2022-10-16 13:17:05,176 [grpc-default-executor-6] INFO  impl.VoteContext (VoteContext.java:log(48)) - 268c6115-4458-4e34-8b6d-1bd6823028ea@group-05735183B7A5-FOLLOWER: reject ELECTION from cae8df96-28f8-48f4-971d-f081efd69332: our priority 1 > candidate's priority 0
2022-10-16 13:17:05,176 [grpc-default-executor-6] INFO  server.RaftServer$Division (RaftServerImpl.java:setRole(299)) - 268c6115-4458-4e34-8b6d-1bd6823028ea@group-05735183B7A5: changes role from  FOLLOWER to FOLLOWER at term 2 for candidate:cae8df96-28f8-48f4-971d-f081efd69332
2022-10-16 13:17:05,176 [grpc-default-executor-6] INFO  impl.RoleInfo (RoleInfo.java:shutdownFollowerState(110)) - 268c6115-4458-4e34-8b6d-1bd6823028ea: shutdown 268c6115-4458-4e34-8b6d-1bd6823028ea@group-05735183B7A5-FollowerState
2022-10-16 13:17:05,176 [grpc-default-executor-6] INFO  impl.RoleInfo (RoleInfo.java:updateAndGet(139)) - 268c6115-4458-4e34-8b6d-1bd6823028ea: start 268c6115-4458-4e34-8b6d-1bd6823028ea@group-05735183B7A5-FollowerState
2022-10-16 13:17:05,176 [268c6115-4458-4e34-8b6d-1bd6823028ea@group-05735183B7A5-FollowerState] INFO  impl.FollowerState (FollowerState.java:run(152)) - 268c6115-4458-4e34-8b6d-1bd6823028ea@group-05735183B7A5-FollowerState was interrupted
2022-10-16 13:17:05,182 [grpc-default-executor-6] INFO  server.RaftServer$Division (RaftServerImpl.java:requestVote(1184)) - 268c6115-4458-4e34-8b6d-1bd6823028ea@group-05735183B7A5 replies to ELECTION vote request: cae8df96-28f8-48f4-971d-f081efd69332<-268c6115-4458-4e34-8b6d-1bd6823028ea#0:FAIL-t2. Peer's state: 268c6115-4458-4e34-8b6d-1bd6823028ea@group-05735183B7A5:t2, leader=null, voted=null, raftlog=268c6115-4458-4e34-8b6d-1bd6823028ea@group-05735183B7A5-SegmentedRaftLog:OPENED:c-1, conf=-1: [cae8df96-28f8-48f4-971d-f081efd69332|rpc:10.1.0.60:44437|dataStream:|priority:0, 268c6115-4458-4e34-8b6d-1bd6823028ea|rpc:10.1.0.60:33559|dataStream:|priority:1, 21c95474-1f17-4861-8a2e-c716fe1b7093|rpc:10.1.0.60:37539|dataStream:|priority:0], old=null
2022-10-16 13:17:05,182 [cae8df96-28f8-48f4-971d-f081efd69332@group-05735183B7A5-LeaderElection40] INFO  impl.LeaderElection (LeaderElection.java:logAndReturn(90)) - cae8df96-28f8-48f4-971d-f081efd69332@group-05735183B7A5-LeaderElection40: ELECTION REJECTED received 2 response(s) and 0 exception(s):
2022-10-16 13:17:05,182 [cae8df96-28f8-48f4-971d-f081efd69332@group-05735183B7A5-LeaderElection40] INFO  impl.LeaderElection (LeaderElection.java:logAndReturn(94)) -   Response 0: cae8df96-28f8-48f4-971d-f081efd69332<-268c6115-4458-4e34-8b6d-1bd6823028ea#0:FAIL-t2
2022-10-16 13:17:05,182 [cae8df96-28f8-48f4-971d-f081efd69332@group-05735183B7A5-LeaderElection40] INFO  impl.LeaderElection (LeaderElection.java:logAndReturn(94)) -   Response 1: cae8df96-28f8-48f4-971d-f081efd69332<-21c95474-1f17-4861-8a2e-c716fe1b7093#0:OK-t2
2022-10-16 13:17:05,182 [cae8df96-28f8-48f4-971d-f081efd69332@group-05735183B7A5-LeaderElection40] INFO  impl.LeaderElection (LeaderElection.java:askForVotes(312)) - cae8df96-28f8-48f4-971d-f081efd69332@group-05735183B7A5-LeaderElection40 ELECTION round 0: result REJECTED
2022-10-16 13:17:05,182 [cae8df96-28f8-48f4-971d-f081efd69332@group-05735183B7A5-LeaderElection40] INFO  server.RaftServer$Division (RaftServerImpl.java:setRole(299)) - cae8df96-28f8-48f4-971d-f081efd69332@group-05735183B7A5: changes role from CANDIDATE to FOLLOWER at term 2 for REJECTED
2022-10-16 13:17:05,182 [cae8df96-28f8-48f4-971d-f081efd69332@group-05735183B7A5-LeaderElection40] INFO  impl.RoleInfo (RoleInfo.java:shutdownLeaderElection(130)) - cae8df96-28f8-48f4-971d-f081efd69332: shutdown cae8df96-28f8-48f4-971d-f081efd69332@group-05735183B7A5-LeaderElection40
2022-10-16 13:17:05,182 [cae8df96-28f8-48f4-971d-f081efd69332@group-05735183B7A5-LeaderElection40] INFO  impl.RoleInfo (RoleInfo.java:updateAndGet(139)) - cae8df96-28f8-48f4-971d-f081efd69332: start cae8df96-28f8-48f4-971d-f081efd69332@group-05735183B7A5-FollowerState
2022-10-16 13:17:05,865 [ReplicationMonitor] INFO  replication.ReplicationManager (ReplicationManager.java:processAll(291)) - Replication Manager is not ready to run until 3000ms after safemode exit
2022-10-16 13:17:06,140 [Listener at 127.0.0.1/38953] INFO  ozone.MiniOzoneClusterImpl (MiniOzoneClusterImpl.java:lambda$waitForClusterToBeReady$0(216)) - Nodes are ready. Got 5 of 5 DN Heartbeats.
2022-10-16 13:17:06,140 [Listener at 127.0.0.1/38953] INFO  ozone.MiniOzoneClusterImpl (MiniOzoneClusterImpl.java:lambda$waitForClusterToBeReady$0(219)) - Waiting for cluster to exit safe mode
2022-10-16 13:17:06,140 [Listener at 127.0.0.1/38953] INFO  ozone.MiniOzoneClusterImpl (MiniOzoneClusterImpl.java:lambda$waitForClusterToBeReady$0(221)) - SCM became leader
2022-10-16 13:17:06,146 [ReplicationMonitor] INFO  replication.ReplicationManager (ReplicationManager.java:processAll(324)) - Replication Monitor Thread took 0 milliseconds for processing 7 containers.
2022-10-16 13:17:06,866 [ReplicationMonitor] INFO  replication.ReplicationManager (ReplicationManager.java:processAll(291)) - Replication Manager is not ready to run until 3000ms after safemode exit
2022-10-16 13:17:07,140 [Listener at 127.0.0.1/38953] INFO  ozone.MiniOzoneClusterImpl (MiniOzoneClusterImpl.java:lambda$waitForClusterToBeReady$0(216)) - Nodes are ready. Got 5 of 5 DN Heartbeats.
2022-10-16 13:17:07,140 [Listener at 127.0.0.1/38953] INFO  ozone.MiniOzoneClusterImpl (MiniOzoneClusterImpl.java:lambda$waitForClusterToBeReady$0(219)) - Waiting for cluster to exit safe mode
2022-10-16 13:17:07,140 [Listener at 127.0.0.1/38953] INFO  ozone.MiniOzoneClusterImpl (MiniOzoneClusterImpl.java:lambda$waitForClusterToBeReady$0(221)) - SCM became leader
2022-10-16 13:17:07,147 [ReplicationMonitor] INFO  replication.ReplicationManager (ReplicationManager.java:processAll(324)) - Replication Monitor Thread took 1 milliseconds for processing 7 containers.
2022-10-16 13:17:07,866 [ReplicationMonitor] INFO  replication.ReplicationManager (ReplicationManager.java:processAll(291)) - Replication Manager is not ready to run until 3000ms after safemode exit
2022-10-16 13:17:08,141 [Listener at 127.0.0.1/38953] INFO  ozone.MiniOzoneClusterImpl (MiniOzoneClusterImpl.java:lambda$waitForClusterToBeReady$0(216)) - Nodes are ready. Got 5 of 5 DN Heartbeats.
2022-10-16 13:17:08,141 [Listener at 127.0.0.1/38953] INFO  ozone.MiniOzoneClusterImpl (MiniOzoneClusterImpl.java:lambda$waitForClusterToBeReady$0(219)) - Waiting for cluster to exit safe mode
2022-10-16 13:17:08,141 [Listener at 127.0.0.1/38953] INFO  ozone.MiniOzoneClusterImpl (MiniOzoneClusterImpl.java:lambda$waitForClusterToBeReady$0(221)) - SCM became leader
2022-10-16 13:17:08,148 [ReplicationMonitor] INFO  replication.ReplicationManager (ReplicationManager.java:processAll(324)) - Replication Monitor Thread took 0 milliseconds for processing 7 containers.
2022-10-16 13:17:08,866 [ReplicationMonitor] INFO  replication.ReplicationManager (ReplicationManager.java:processAll(291)) - Replication Manager is not ready to run until 3000ms after safemode exit
2022-10-16 13:17:09,141 [Listener at 127.0.0.1/38953] INFO  ozone.MiniOzoneClusterImpl (MiniOzoneClusterImpl.java:lambda$waitForClusterToBeReady$0(216)) - Nodes are ready. Got 5 of 5 DN Heartbeats.
2022-10-16 13:17:09,141 [Listener at 127.0.0.1/38953] INFO  ozone.MiniOzoneClusterImpl (MiniOzoneClusterImpl.java:lambda$waitForClusterToBeReady$0(219)) - Waiting for cluster to exit safe mode
2022-10-16 13:17:09,141 [Listener at 127.0.0.1/38953] INFO  ozone.MiniOzoneClusterImpl (MiniOzoneClusterImpl.java:lambda$waitForClusterToBeReady$0(221)) - SCM became leader
2022-10-16 13:17:09,148 [ReplicationMonitor] INFO  replication.ReplicationManager (ReplicationManager.java:processAll(324)) - Replication Monitor Thread took 0 milliseconds for processing 7 containers.
2022-10-16 13:17:09,867 [ReplicationMonitor] INFO  replication.ReplicationManager (ReplicationManager.java:processAll(291)) - Replication Manager is not ready to run until 3000ms after safemode exit
2022-10-16 13:17:10,141 [Listener at 127.0.0.1/38953] INFO  ozone.MiniOzoneClusterImpl (MiniOzoneClusterImpl.java:lambda$waitForClusterToBeReady$0(216)) - Nodes are ready. Got 5 of 5 DN Heartbeats.
2022-10-16 13:17:10,142 [Listener at 127.0.0.1/38953] INFO  ozone.MiniOzoneClusterImpl (MiniOzoneClusterImpl.java:lambda$waitForClusterToBeReady$0(219)) - Waiting for cluster to exit safe mode
2022-10-16 13:17:10,142 [Listener at 127.0.0.1/38953] INFO  ozone.MiniOzoneClusterImpl (MiniOzoneClusterImpl.java:lambda$waitForClusterToBeReady$0(221)) - SCM became leader
2022-10-16 13:17:10,149 [ReplicationMonitor] INFO  replication.ReplicationManager (ReplicationManager.java:processAll(324)) - Replication Monitor Thread took 0 milliseconds for processing 7 containers.
2022-10-16 13:17:10,218 [21c95474-1f17-4861-8a2e-c716fe1b7093@group-05735183B7A5-FollowerState] INFO  impl.FollowerState (FollowerState.java:run(143)) - 21c95474-1f17-4861-8a2e-c716fe1b7093@group-05735183B7A5-FollowerState: change to CANDIDATE, lastRpcElapsedTime:5046374337ns, electionTimeout:5044ms
2022-10-16 13:17:10,218 [21c95474-1f17-4861-8a2e-c716fe1b7093@group-05735183B7A5-FollowerState] INFO  impl.RoleInfo (RoleInfo.java:shutdownFollowerState(110)) - 21c95474-1f17-4861-8a2e-c716fe1b7093: shutdown 21c95474-1f17-4861-8a2e-c716fe1b7093@group-05735183B7A5-FollowerState
2022-10-16 13:17:10,218 [21c95474-1f17-4861-8a2e-c716fe1b7093@group-05735183B7A5-FollowerState] INFO  server.RaftServer$Division (RaftServerImpl.java:setRole(299)) - 21c95474-1f17-4861-8a2e-c716fe1b7093@group-05735183B7A5: changes role from  FOLLOWER to CANDIDATE at term 2 for changeToCandidate
2022-10-16 13:17:10,219 [21c95474-1f17-4861-8a2e-c716fe1b7093@group-05735183B7A5-FollowerState] INFO  server.RaftServerConfigKeys (ConfUtils.java:logGet(46)) - raft.server.leaderelection.pre-vote = false (custom)
2022-10-16 13:17:10,219 [21c95474-1f17-4861-8a2e-c716fe1b7093@group-05735183B7A5-FollowerState] INFO  impl.RoleInfo (RoleInfo.java:updateAndGet(139)) - 21c95474-1f17-4861-8a2e-c716fe1b7093: start 21c95474-1f17-4861-8a2e-c716fe1b7093@group-05735183B7A5-LeaderElection41
2022-10-16 13:17:10,222 [21c95474-1f17-4861-8a2e-c716fe1b7093@group-05735183B7A5-LeaderElection41] INFO  impl.LeaderElection (LeaderElection.java:askForVotes(310)) - 21c95474-1f17-4861-8a2e-c716fe1b7093@group-05735183B7A5-LeaderElection41 ELECTION round 0: submit vote requests at term 3 for -1: [cae8df96-28f8-48f4-971d-f081efd69332|rpc:10.1.0.60:44437|priority:0, 268c6115-4458-4e34-8b6d-1bd6823028ea|rpc:10.1.0.60:33559|priority:1, 21c95474-1f17-4861-8a2e-c716fe1b7093|rpc:10.1.0.60:37539|priority:0], old=null
2022-10-16 13:17:10,223 [grpc-default-executor-8] INFO  server.RaftServer$Division (RaftServerImpl.java:requestVote(1152)) - 268c6115-4458-4e34-8b6d-1bd6823028ea@group-05735183B7A5: receive requestVote(ELECTION, 21c95474-1f17-4861-8a2e-c716fe1b7093, group-05735183B7A5, 3, (t:0, i:0))
2022-10-16 13:17:10,223 [grpc-default-executor-6] INFO  server.RaftServer$Division (RaftServerImpl.java:requestVote(1152)) - cae8df96-28f8-48f4-971d-f081efd69332@group-05735183B7A5: receive requestVote(ELECTION, 21c95474-1f17-4861-8a2e-c716fe1b7093, group-05735183B7A5, 3, (t:0, i:0))
2022-10-16 13:17:10,223 [grpc-default-executor-8] INFO  impl.VoteContext (VoteContext.java:log(48)) - 268c6115-4458-4e34-8b6d-1bd6823028ea@group-05735183B7A5-FOLLOWER: reject ELECTION from 21c95474-1f17-4861-8a2e-c716fe1b7093: our priority 1 > candidate's priority 0
2022-10-16 13:17:10,223 [grpc-default-executor-6] INFO  impl.VoteContext (VoteContext.java:log(48)) - cae8df96-28f8-48f4-971d-f081efd69332@group-05735183B7A5-FOLLOWER: accept ELECTION from 21c95474-1f17-4861-8a2e-c716fe1b7093: our priority 0 <= candidate's priority 0
2022-10-16 13:17:10,223 [grpc-default-executor-8] INFO  server.RaftServer$Division (RaftServerImpl.java:setRole(299)) - 268c6115-4458-4e34-8b6d-1bd6823028ea@group-05735183B7A5: changes role from  FOLLOWER to FOLLOWER at term 3 for candidate:21c95474-1f17-4861-8a2e-c716fe1b7093
2022-10-16 13:17:10,223 [grpc-default-executor-8] INFO  impl.RoleInfo (RoleInfo.java:shutdownFollowerState(110)) - 268c6115-4458-4e34-8b6d-1bd6823028ea: shutdown 268c6115-4458-4e34-8b6d-1bd6823028ea@group-05735183B7A5-FollowerState
2022-10-16 13:17:10,223 [grpc-default-executor-8] INFO  impl.RoleInfo (RoleInfo.java:updateAndGet(139)) - 268c6115-4458-4e34-8b6d-1bd6823028ea: start 268c6115-4458-4e34-8b6d-1bd6823028ea@group-05735183B7A5-FollowerState
2022-10-16 13:17:10,223 [grpc-default-executor-6] INFO  server.RaftServer$Division (RaftServerImpl.java:setRole(299)) - cae8df96-28f8-48f4-971d-f081efd69332@group-05735183B7A5: changes role from  FOLLOWER to FOLLOWER at term 3 for candidate:21c95474-1f17-4861-8a2e-c716fe1b7093
2022-10-16 13:17:10,223 [grpc-default-executor-6] INFO  impl.RoleInfo (RoleInfo.java:shutdownFollowerState(110)) - cae8df96-28f8-48f4-971d-f081efd69332: shutdown cae8df96-28f8-48f4-971d-f081efd69332@group-05735183B7A5-FollowerState
2022-10-16 13:17:10,224 [grpc-default-executor-6] INFO  impl.RoleInfo (RoleInfo.java:updateAndGet(139)) - cae8df96-28f8-48f4-971d-f081efd69332: start cae8df96-28f8-48f4-971d-f081efd69332@group-05735183B7A5-FollowerState
2022-10-16 13:17:10,224 [cae8df96-28f8-48f4-971d-f081efd69332@group-05735183B7A5-FollowerState] INFO  impl.FollowerState (FollowerState.java:run(152)) - cae8df96-28f8-48f4-971d-f081efd69332@group-05735183B7A5-FollowerState was interrupted
2022-10-16 13:17:10,223 [268c6115-4458-4e34-8b6d-1bd6823028ea@group-05735183B7A5-FollowerState] INFO  impl.FollowerState (FollowerState.java:run(152)) - 268c6115-4458-4e34-8b6d-1bd6823028ea@group-05735183B7A5-FollowerState was interrupted
2022-10-16 13:17:10,229 [grpc-default-executor-8] INFO  server.RaftServer$Division (RaftServerImpl.java:requestVote(1184)) - 268c6115-4458-4e34-8b6d-1bd6823028ea@group-05735183B7A5 replies to ELECTION vote request: 21c95474-1f17-4861-8a2e-c716fe1b7093<-268c6115-4458-4e34-8b6d-1bd6823028ea#0:FAIL-t3. Peer's state: 268c6115-4458-4e34-8b6d-1bd6823028ea@group-05735183B7A5:t3, leader=null, voted=null, raftlog=268c6115-4458-4e34-8b6d-1bd6823028ea@group-05735183B7A5-SegmentedRaftLog:OPENED:c-1, conf=-1: [cae8df96-28f8-48f4-971d-f081efd69332|rpc:10.1.0.60:44437|dataStream:|priority:0, 268c6115-4458-4e34-8b6d-1bd6823028ea|rpc:10.1.0.60:33559|dataStream:|priority:1, 21c95474-1f17-4861-8a2e-c716fe1b7093|rpc:10.1.0.60:37539|dataStream:|priority:0], old=null
2022-10-16 13:17:10,229 [grpc-default-executor-6] INFO  server.RaftServer$Division (RaftServerImpl.java:requestVote(1184)) - cae8df96-28f8-48f4-971d-f081efd69332@group-05735183B7A5 replies to ELECTION vote request: 21c95474-1f17-4861-8a2e-c716fe1b7093<-cae8df96-28f8-48f4-971d-f081efd69332#0:OK-t3. Peer's state: cae8df96-28f8-48f4-971d-f081efd69332@group-05735183B7A5:t3, leader=null, voted=21c95474-1f17-4861-8a2e-c716fe1b7093, raftlog=cae8df96-28f8-48f4-971d-f081efd69332@group-05735183B7A5-SegmentedRaftLog:OPENED:c-1, conf=-1: [cae8df96-28f8-48f4-971d-f081efd69332|rpc:10.1.0.60:44437|dataStream:|priority:0, 268c6115-4458-4e34-8b6d-1bd6823028ea|rpc:10.1.0.60:33559|dataStream:|priority:1, 21c95474-1f17-4861-8a2e-c716fe1b7093|rpc:10.1.0.60:37539|dataStream:|priority:0], old=null
2022-10-16 13:17:10,231 [21c95474-1f17-4861-8a2e-c716fe1b7093@group-05735183B7A5-LeaderElection41] INFO  impl.LeaderElection (LeaderElection.java:logAndReturn(90)) - 21c95474-1f17-4861-8a2e-c716fe1b7093@group-05735183B7A5-LeaderElection41: ELECTION REJECTED received 2 response(s) and 0 exception(s):
2022-10-16 13:17:10,231 [21c95474-1f17-4861-8a2e-c716fe1b7093@group-05735183B7A5-LeaderElection41] INFO  impl.LeaderElection (LeaderElection.java:logAndReturn(94)) -   Response 0: 21c95474-1f17-4861-8a2e-c716fe1b7093<-cae8df96-28f8-48f4-971d-f081efd69332#0:OK-t3
2022-10-16 13:17:10,231 [21c95474-1f17-4861-8a2e-c716fe1b7093@group-05735183B7A5-LeaderElection41] INFO  impl.LeaderElection (LeaderElection.java:logAndReturn(94)) -   Response 1: 21c95474-1f17-4861-8a2e-c716fe1b7093<-268c6115-4458-4e34-8b6d-1bd6823028ea#0:FAIL-t3
2022-10-16 13:17:10,231 [21c95474-1f17-4861-8a2e-c716fe1b7093@group-05735183B7A5-LeaderElection41] INFO  impl.LeaderElection (LeaderElection.java:askForVotes(312)) - 21c95474-1f17-4861-8a2e-c716fe1b7093@group-05735183B7A5-LeaderElection41 ELECTION round 0: result REJECTED
2022-10-16 13:17:10,231 [21c95474-1f17-4861-8a2e-c716fe1b7093@group-05735183B7A5-LeaderElection41] INFO  server.RaftServer$Division (RaftServerImpl.java:setRole(299)) - 21c95474-1f17-4861-8a2e-c716fe1b7093@group-05735183B7A5: changes role from CANDIDATE to FOLLOWER at term 3 for REJECTED
2022-10-16 13:17:10,231 [21c95474-1f17-4861-8a2e-c716fe1b7093@group-05735183B7A5-LeaderElection41] INFO  impl.RoleInfo (RoleInfo.java:shutdownLeaderElection(130)) - 21c95474-1f17-4861-8a2e-c716fe1b7093: shutdown 21c95474-1f17-4861-8a2e-c716fe1b7093@group-05735183B7A5-LeaderElection41
2022-10-16 13:17:10,231 [21c95474-1f17-4861-8a2e-c716fe1b7093@group-05735183B7A5-LeaderElection41] INFO  impl.RoleInfo (RoleInfo.java:updateAndGet(139)) - 21c95474-1f17-4861-8a2e-c716fe1b7093: start 21c95474-1f17-4861-8a2e-c716fe1b7093@group-05735183B7A5-FollowerState
2022-10-16 13:17:10,867 [ReplicationMonitor] INFO  replication.ReplicationManager (ReplicationManager.java:processAll(291)) - Replication Manager is not ready to run until 3000ms after safemode exit
2022-10-16 13:17:11,142 [Listener at 127.0.0.1/38953] INFO  ozone.MiniOzoneClusterImpl (MiniOzoneClusterImpl.java:lambda$waitForClusterToBeReady$0(216)) - Nodes are ready. Got 5 of 5 DN Heartbeats.
2022-10-16 13:17:11,142 [Listener at 127.0.0.1/38953] INFO  ozone.MiniOzoneClusterImpl (MiniOzoneClusterImpl.java:lambda$waitForClusterToBeReady$0(219)) - Waiting for cluster to exit safe mode
2022-10-16 13:17:11,142 [Listener at 127.0.0.1/38953] INFO  ozone.MiniOzoneClusterImpl (MiniOzoneClusterImpl.java:lambda$waitForClusterToBeReady$0(221)) - SCM became leader
2022-10-16 13:17:11,149 [ReplicationMonitor] INFO  replication.ReplicationManager (ReplicationManager.java:processAll(324)) - Replication Monitor Thread took 1 milliseconds for processing 7 containers.
2022-10-16 13:17:11,867 [ReplicationMonitor] INFO  replication.ReplicationManager (ReplicationManager.java:processAll(291)) - Replication Manager is not ready to run until 3000ms after safemode exit
2022-10-16 13:17:11,903 [Under Replicated Processor] INFO  replication.UnderReplicatedProcessor (UnderReplicatedProcessor.java:processAll(92)) - Processed 0 under replicated containers, failed processing 0
2022-10-16 13:17:11,911 [Over Replicated Processor] INFO  replication.OverReplicatedProcessor (OverReplicatedProcessor.java:processAll(90)) - Processed 0 over replicated containers, failed processing 0
2022-10-16 13:17:12,142 [Listener at 127.0.0.1/38953] INFO  ozone.MiniOzoneClusterImpl (MiniOzoneClusterImpl.java:lambda$waitForClusterToBeReady$0(216)) - Nodes are ready. Got 5 of 5 DN Heartbeats.
2022-10-16 13:17:12,143 [Listener at 127.0.0.1/38953] INFO  ozone.MiniOzoneClusterImpl (MiniOzoneClusterImpl.java:lambda$waitForClusterToBeReady$0(219)) - Waiting for cluster to exit safe mode
2022-10-16 13:17:12,143 [Listener at 127.0.0.1/38953] INFO  ozone.MiniOzoneClusterImpl (MiniOzoneClusterImpl.java:lambda$waitForClusterToBeReady$0(221)) - SCM became leader
2022-10-16 13:17:12,149 [ReplicationMonitor] INFO  replication.ReplicationManager (ReplicationManager.java:processAll(324)) - Replication Monitor Thread took 0 milliseconds for processing 7 containers.
2022-10-16 13:17:12,867 [ReplicationMonitor] INFO  replication.ReplicationManager (ReplicationManager.java:processAll(291)) - Replication Manager is not ready to run until 3000ms after safemode exit
2022-10-16 13:17:13,143 [Listener at 127.0.0.1/38953] INFO  ozone.MiniOzoneClusterImpl (MiniOzoneClusterImpl.java:lambda$waitForClusterToBeReady$0(216)) - Nodes are ready. Got 5 of 5 DN Heartbeats.
2022-10-16 13:17:13,143 [Listener at 127.0.0.1/38953] INFO  ozone.MiniOzoneClusterImpl (MiniOzoneClusterImpl.java:lambda$waitForClusterToBeReady$0(219)) - Waiting for cluster to exit safe mode
2022-10-16 13:17:13,143 [Listener at 127.0.0.1/38953] INFO  ozone.MiniOzoneClusterImpl (MiniOzoneClusterImpl.java:lambda$waitForClusterToBeReady$0(221)) - SCM became leader
2022-10-16 13:17:13,150 [ReplicationMonitor] INFO  replication.ReplicationManager (ReplicationManager.java:processAll(324)) - Replication Monitor Thread took 0 milliseconds for processing 7 containers.
2022-10-16 13:17:13,868 [ReplicationMonitor] INFO  replication.ReplicationManager (ReplicationManager.java:processAll(291)) - Replication Manager is not ready to run until 3000ms after safemode exit
2022-10-16 13:17:14,144 [Listener at 127.0.0.1/38953] INFO  ozone.MiniOzoneClusterImpl (MiniOzoneClusterImpl.java:lambda$waitForClusterToBeReady$0(216)) - Nodes are ready. Got 5 of 5 DN Heartbeats.
2022-10-16 13:17:14,144 [Listener at 127.0.0.1/38953] INFO  ozone.MiniOzoneClusterImpl (MiniOzoneClusterImpl.java:lambda$waitForClusterToBeReady$0(219)) - Waiting for cluster to exit safe mode
2022-10-16 13:17:14,144 [Listener at 127.0.0.1/38953] INFO  ozone.MiniOzoneClusterImpl (MiniOzoneClusterImpl.java:lambda$waitForClusterToBeReady$0(221)) - SCM became leader
2022-10-16 13:17:14,150 [ReplicationMonitor] INFO  replication.ReplicationManager (ReplicationManager.java:processAll(324)) - Replication Monitor Thread took 0 milliseconds for processing 7 containers.
2022-10-16 13:17:14,868 [ReplicationMonitor] INFO  replication.ReplicationManager (ReplicationManager.java:processAll(291)) - Replication Manager is not ready to run until 3000ms after safemode exit
2022-10-16 13:17:15,144 [Listener at 127.0.0.1/38953] INFO  ozone.MiniOzoneClusterImpl (MiniOzoneClusterImpl.java:lambda$waitForClusterToBeReady$0(216)) - Nodes are ready. Got 5 of 5 DN Heartbeats.
2022-10-16 13:17:15,144 [Listener at 127.0.0.1/38953] INFO  ozone.MiniOzoneClusterImpl (MiniOzoneClusterImpl.java:lambda$waitForClusterToBeReady$0(219)) - Waiting for cluster to exit safe mode
2022-10-16 13:17:15,144 [Listener at 127.0.0.1/38953] INFO  ozone.MiniOzoneClusterImpl (MiniOzoneClusterImpl.java:lambda$waitForClusterToBeReady$0(221)) - SCM became leader
2022-10-16 13:17:15,151 [ReplicationMonitor] INFO  replication.ReplicationManager (ReplicationManager.java:processAll(324)) - Replication Monitor Thread took 1 milliseconds for processing 7 containers.
2022-10-16 13:17:15,256 [21c95474-1f17-4861-8a2e-c716fe1b7093@group-05735183B7A5-FollowerState] INFO  impl.FollowerState (FollowerState.java:run(143)) - 21c95474-1f17-4861-8a2e-c716fe1b7093@group-05735183B7A5-FollowerState: change to CANDIDATE, lastRpcElapsedTime:5025350278ns, electionTimeout:5025ms
2022-10-16 13:17:15,256 [21c95474-1f17-4861-8a2e-c716fe1b7093@group-05735183B7A5-FollowerState] INFO  impl.RoleInfo (RoleInfo.java:shutdownFollowerState(110)) - 21c95474-1f17-4861-8a2e-c716fe1b7093: shutdown 21c95474-1f17-4861-8a2e-c716fe1b7093@group-05735183B7A5-FollowerState
2022-10-16 13:17:15,257 [21c95474-1f17-4861-8a2e-c716fe1b7093@group-05735183B7A5-FollowerState] INFO  server.RaftServer$Division (RaftServerImpl.java:setRole(299)) - 21c95474-1f17-4861-8a2e-c716fe1b7093@group-05735183B7A5: changes role from  FOLLOWER to CANDIDATE at term 3 for changeToCandidate
2022-10-16 13:17:15,257 [21c95474-1f17-4861-8a2e-c716fe1b7093@group-05735183B7A5-FollowerState] INFO  server.RaftServerConfigKeys (ConfUtils.java:logGet(46)) - raft.server.leaderelection.pre-vote = false (custom)
2022-10-16 13:17:15,257 [21c95474-1f17-4861-8a2e-c716fe1b7093@group-05735183B7A5-FollowerState] INFO  impl.RoleInfo (RoleInfo.java:updateAndGet(139)) - 21c95474-1f17-4861-8a2e-c716fe1b7093: start 21c95474-1f17-4861-8a2e-c716fe1b7093@group-05735183B7A5-LeaderElection42
2022-10-16 13:17:15,260 [21c95474-1f17-4861-8a2e-c716fe1b7093@group-05735183B7A5-LeaderElection42] INFO  impl.LeaderElection (LeaderElection.java:askForVotes(310)) - 21c95474-1f17-4861-8a2e-c716fe1b7093@group-05735183B7A5-LeaderElection42 ELECTION round 0: submit vote requests at term 4 for -1: [cae8df96-28f8-48f4-971d-f081efd69332|rpc:10.1.0.60:44437|priority:0, 268c6115-4458-4e34-8b6d-1bd6823028ea|rpc:10.1.0.60:33559|priority:1, 21c95474-1f17-4861-8a2e-c716fe1b7093|rpc:10.1.0.60:37539|priority:0], old=null
2022-10-16 13:17:15,292 [grpc-default-executor-6] INFO  server.RaftServer$Division (RaftServerImpl.java:requestVote(1152)) - cae8df96-28f8-48f4-971d-f081efd69332@group-05735183B7A5: receive requestVote(ELECTION, 21c95474-1f17-4861-8a2e-c716fe1b7093, group-05735183B7A5, 4, (t:0, i:0))
2022-10-16 13:17:15,292 [grpc-default-executor-6] INFO  impl.VoteContext (VoteContext.java:log(48)) - cae8df96-28f8-48f4-971d-f081efd69332@group-05735183B7A5-FOLLOWER: accept ELECTION from 21c95474-1f17-4861-8a2e-c716fe1b7093: our priority 0 <= candidate's priority 0
2022-10-16 13:17:15,292 [grpc-default-executor-6] INFO  server.RaftServer$Division (RaftServerImpl.java:setRole(299)) - cae8df96-28f8-48f4-971d-f081efd69332@group-05735183B7A5: changes role from  FOLLOWER to FOLLOWER at term 4 for candidate:21c95474-1f17-4861-8a2e-c716fe1b7093
2022-10-16 13:17:15,292 [grpc-default-executor-6] INFO  impl.RoleInfo (RoleInfo.java:shutdownFollowerState(110)) - cae8df96-28f8-48f4-971d-f081efd69332: shutdown cae8df96-28f8-48f4-971d-f081efd69332@group-05735183B7A5-FollowerState
2022-10-16 13:17:15,292 [grpc-default-executor-8] INFO  server.RaftServer$Division (RaftServerImpl.java:requestVote(1152)) - 268c6115-4458-4e34-8b6d-1bd6823028ea@group-05735183B7A5: receive requestVote(ELECTION, 21c95474-1f17-4861-8a2e-c716fe1b7093, group-05735183B7A5, 4, (t:0, i:0))
2022-10-16 13:17:15,292 [grpc-default-executor-8] INFO  impl.VoteContext (VoteContext.java:log(48)) - 268c6115-4458-4e34-8b6d-1bd6823028ea@group-05735183B7A5-FOLLOWER: reject ELECTION from 21c95474-1f17-4861-8a2e-c716fe1b7093: our priority 1 > candidate's priority 0
2022-10-16 13:17:15,292 [grpc-default-executor-8] INFO  server.RaftServer$Division (RaftServerImpl.java:setRole(299)) - 268c6115-4458-4e34-8b6d-1bd6823028ea@group-05735183B7A5: changes role from  FOLLOWER to FOLLOWER at term 4 for candidate:21c95474-1f17-4861-8a2e-c716fe1b7093
2022-10-16 13:17:15,292 [grpc-default-executor-8] INFO  impl.RoleInfo (RoleInfo.java:shutdownFollowerState(110)) - 268c6115-4458-4e34-8b6d-1bd6823028ea: shutdown 268c6115-4458-4e34-8b6d-1bd6823028ea@group-05735183B7A5-FollowerState
2022-10-16 13:17:15,292 [grpc-default-executor-8] INFO  impl.RoleInfo (RoleInfo.java:updateAndGet(139)) - 268c6115-4458-4e34-8b6d-1bd6823028ea: start 268c6115-4458-4e34-8b6d-1bd6823028ea@group-05735183B7A5-FollowerState
2022-10-16 13:17:15,293 [cae8df96-28f8-48f4-971d-f081efd69332@group-05735183B7A5-FollowerState] INFO  impl.FollowerState (FollowerState.java:run(152)) - cae8df96-28f8-48f4-971d-f081efd69332@group-05735183B7A5-FollowerState was interrupted
2022-10-16 13:17:15,293 [268c6115-4458-4e34-8b6d-1bd6823028ea@group-05735183B7A5-FollowerState] INFO  impl.FollowerState (FollowerState.java:run(152)) - 268c6115-4458-4e34-8b6d-1bd6823028ea@group-05735183B7A5-FollowerState was interrupted
2022-10-16 13:17:15,292 [grpc-default-executor-6] INFO  impl.RoleInfo (RoleInfo.java:updateAndGet(139)) - cae8df96-28f8-48f4-971d-f081efd69332: start cae8df96-28f8-48f4-971d-f081efd69332@group-05735183B7A5-FollowerState
2022-10-16 13:17:15,297 [grpc-default-executor-8] INFO  server.RaftServer$Division (RaftServerImpl.java:requestVote(1184)) - 268c6115-4458-4e34-8b6d-1bd6823028ea@group-05735183B7A5 replies to ELECTION vote request: 21c95474-1f17-4861-8a2e-c716fe1b7093<-268c6115-4458-4e34-8b6d-1bd6823028ea#0:FAIL-t4. Peer's state: 268c6115-4458-4e34-8b6d-1bd6823028ea@group-05735183B7A5:t4, leader=null, voted=null, raftlog=268c6115-4458-4e34-8b6d-1bd6823028ea@group-05735183B7A5-SegmentedRaftLog:OPENED:c-1, conf=-1: [cae8df96-28f8-48f4-971d-f081efd69332|rpc:10.1.0.60:44437|dataStream:|priority:0, 268c6115-4458-4e34-8b6d-1bd6823028ea|rpc:10.1.0.60:33559|dataStream:|priority:1, 21c95474-1f17-4861-8a2e-c716fe1b7093|rpc:10.1.0.60:37539|dataStream:|priority:0], old=null
2022-10-16 13:17:15,298 [21c95474-1f17-4861-8a2e-c716fe1b7093@group-05735183B7A5-LeaderElection42] INFO  impl.LeaderElection (LeaderElection.java:logAndReturn(90)) - 21c95474-1f17-4861-8a2e-c716fe1b7093@group-05735183B7A5-LeaderElection42: ELECTION REJECTED received 1 response(s) and 0 exception(s):
2022-10-16 13:17:15,298 [21c95474-1f17-4861-8a2e-c716fe1b7093@group-05735183B7A5-LeaderElection42] INFO  impl.LeaderElection (LeaderElection.java:logAndReturn(94)) -   Response 0: 21c95474-1f17-4861-8a2e-c716fe1b7093<-268c6115-4458-4e34-8b6d-1bd6823028ea#0:FAIL-t4
2022-10-16 13:17:15,299 [grpc-default-executor-6] INFO  server.RaftServer$Division (RaftServerImpl.java:requestVote(1184)) - cae8df96-28f8-48f4-971d-f081efd69332@group-05735183B7A5 replies to ELECTION vote request: 21c95474-1f17-4861-8a2e-c716fe1b7093<-cae8df96-28f8-48f4-971d-f081efd69332#0:OK-t4. Peer's state: cae8df96-28f8-48f4-971d-f081efd69332@group-05735183B7A5:t4, leader=null, voted=21c95474-1f17-4861-8a2e-c716fe1b7093, raftlog=cae8df96-28f8-48f4-971d-f081efd69332@group-05735183B7A5-SegmentedRaftLog:OPENED:c-1, conf=-1: [cae8df96-28f8-48f4-971d-f081efd69332|rpc:10.1.0.60:44437|dataStream:|priority:0, 268c6115-4458-4e34-8b6d-1bd6823028ea|rpc:10.1.0.60:33559|dataStream:|priority:1, 21c95474-1f17-4861-8a2e-c716fe1b7093|rpc:10.1.0.60:37539|dataStream:|priority:0], old=null
2022-10-16 13:17:15,299 [21c95474-1f17-4861-8a2e-c716fe1b7093@group-05735183B7A5-LeaderElection42] INFO  impl.LeaderElection (LeaderElection.java:askForVotes(312)) - 21c95474-1f17-4861-8a2e-c716fe1b7093@group-05735183B7A5-LeaderElection42 ELECTION round 0: result REJECTED
2022-10-16 13:17:15,299 [21c95474-1f17-4861-8a2e-c716fe1b7093@group-05735183B7A5-LeaderElection42] INFO  server.RaftServer$Division (RaftServerImpl.java:setRole(299)) - 21c95474-1f17-4861-8a2e-c716fe1b7093@group-05735183B7A5: changes role from CANDIDATE to FOLLOWER at term 4 for REJECTED
2022-10-16 13:17:15,299 [21c95474-1f17-4861-8a2e-c716fe1b7093@group-05735183B7A5-LeaderElection42] INFO  impl.RoleInfo (RoleInfo.java:shutdownLeaderElection(130)) - 21c95474-1f17-4861-8a2e-c716fe1b7093: shutdown 21c95474-1f17-4861-8a2e-c716fe1b7093@group-05735183B7A5-LeaderElection42
2022-10-16 13:17:15,299 [21c95474-1f17-4861-8a2e-c716fe1b7093@group-05735183B7A5-LeaderElection42] INFO  impl.RoleInfo (RoleInfo.java:updateAndGet(139)) - 21c95474-1f17-4861-8a2e-c716fe1b7093: start 21c95474-1f17-4861-8a2e-c716fe1b7093@group-05735183B7A5-FollowerState
2022-10-16 13:17:15,868 [ReplicationMonitor] INFO  replication.ReplicationManager (ReplicationManager.java:processAll(291)) - Replication Manager is not ready to run until 3000ms after safemode exit
2022-10-16 13:17:16,145 [Listener at 127.0.0.1/38953] INFO  ozone.MiniOzoneClusterImpl (MiniOzoneClusterImpl.java:lambda$waitForClusterToBeReady$0(216)) - Nodes are ready. Got 5 of 5 DN Heartbeats.
2022-10-16 13:17:16,145 [Listener at 127.0.0.1/38953] INFO  ozone.MiniOzoneClusterImpl (MiniOzoneClusterImpl.java:lambda$waitForClusterToBeReady$0(219)) - Waiting for cluster to exit safe mode
2022-10-16 13:17:16,145 [Listener at 127.0.0.1/38953] INFO  ozone.MiniOzoneClusterImpl (MiniOzoneClusterImpl.java:lambda$waitForClusterToBeReady$0(221)) - SCM became leader
2022-10-16 13:17:16,151 [ReplicationMonitor] INFO  replication.ReplicationManager (ReplicationManager.java:processAll(324)) - Replication Monitor Thread took 0 milliseconds for processing 7 containers.
2022-10-16 13:17:16,869 [ReplicationMonitor] INFO  replication.ReplicationManager (ReplicationManager.java:processAll(291)) - Replication Manager is not ready to run until 3000ms after safemode exit
2022-10-16 13:17:17,145 [Listener at 127.0.0.1/38953] INFO  ozone.MiniOzoneClusterImpl (MiniOzoneClusterImpl.java:lambda$waitForClusterToBeReady$0(216)) - Nodes are ready. Got 5 of 5 DN Heartbeats.
2022-10-16 13:17:17,145 [Listener at 127.0.0.1/38953] INFO  ozone.MiniOzoneClusterImpl (MiniOzoneClusterImpl.java:lambda$waitForClusterToBeReady$0(219)) - Waiting for cluster to exit safe mode
2022-10-16 13:17:17,145 [Listener at 127.0.0.1/38953] INFO  ozone.MiniOzoneClusterImpl (MiniOzoneClusterImpl.java:lambda$waitForClusterToBeReady$0(221)) - SCM became leader
2022-10-16 13:17:17,152 [ReplicationMonitor] INFO  replication.ReplicationManager (ReplicationManager.java:processAll(324)) - Replication Monitor Thread took 1 milliseconds for processing 7 containers.
2022-10-16 13:17:17,869 [ReplicationMonitor] INFO  replication.ReplicationManager (ReplicationManager.java:processAll(291)) - Replication Manager is not ready to run until 3000ms after safemode exit
2022-10-16 13:17:18,146 [Listener at 127.0.0.1/38953] INFO  ozone.MiniOzoneClusterImpl (MiniOzoneClusterImpl.java:lambda$waitForClusterToBeReady$0(216)) - Nodes are ready. Got 5 of 5 DN Heartbeats.
2022-10-16 13:17:18,146 [Listener at 127.0.0.1/38953] INFO  ozone.MiniOzoneClusterImpl (MiniOzoneClusterImpl.java:lambda$waitForClusterToBeReady$0(219)) - Waiting for cluster to exit safe mode
2022-10-16 13:17:18,146 [Listener at 127.0.0.1/38953] INFO  ozone.MiniOzoneClusterImpl (MiniOzoneClusterImpl.java:lambda$waitForClusterToBeReady$0(221)) - SCM became leader
2022-10-16 13:17:18,152 [ReplicationMonitor] INFO  replication.ReplicationManager (ReplicationManager.java:processAll(324)) - Replication Monitor Thread took 0 milliseconds for processing 7 containers.
2022-10-16 13:17:18,869 [ReplicationMonitor] INFO  replication.ReplicationManager (ReplicationManager.java:processAll(291)) - Replication Manager is not ready to run until 3000ms after safemode exit
2022-10-16 13:17:19,146 [Listener at 127.0.0.1/38953] INFO  ozone.MiniOzoneClusterImpl (MiniOzoneClusterImpl.java:lambda$waitForClusterToBeReady$0(216)) - Nodes are ready. Got 5 of 5 DN Heartbeats.
2022-10-16 13:17:19,146 [Listener at 127.0.0.1/38953] INFO  ozone.MiniOzoneClusterImpl (MiniOzoneClusterImpl.java:lambda$waitForClusterToBeReady$0(219)) - Waiting for cluster to exit safe mode
2022-10-16 13:17:19,146 [Listener at 127.0.0.1/38953] INFO  ozone.MiniOzoneClusterImpl (MiniOzoneClusterImpl.java:lambda$waitForClusterToBeReady$0(221)) - SCM became leader
2022-10-16 13:17:19,153 [ReplicationMonitor] INFO  replication.ReplicationManager (ReplicationManager.java:processAll(324)) - Replication Monitor Thread took 0 milliseconds for processing 7 containers.
2022-10-16 13:17:19,869 [ReplicationMonitor] INFO  replication.ReplicationManager (ReplicationManager.java:processAll(291)) - Replication Manager is not ready to run until 3000ms after safemode exit
2022-10-16 13:17:20,147 [Listener at 127.0.0.1/38953] INFO  ozone.MiniOzoneClusterImpl (MiniOzoneClusterImpl.java:lambda$waitForClusterToBeReady$0(216)) - Nodes are ready. Got 5 of 5 DN Heartbeats.
2022-10-16 13:17:20,147 [Listener at 127.0.0.1/38953] INFO  ozone.MiniOzoneClusterImpl (MiniOzoneClusterImpl.java:lambda$waitForClusterToBeReady$0(219)) - Waiting for cluster to exit safe mode
2022-10-16 13:17:20,147 [Listener at 127.0.0.1/38953] INFO  ozone.MiniOzoneClusterImpl (MiniOzoneClusterImpl.java:lambda$waitForClusterToBeReady$0(221)) - SCM became leader
2022-10-16 13:17:20,153 [ReplicationMonitor] INFO  replication.ReplicationManager (ReplicationManager.java:processAll(324)) - Replication Monitor Thread took 0 milliseconds for processing 7 containers.
2022-10-16 13:17:20,358 [21c95474-1f17-4861-8a2e-c716fe1b7093@group-05735183B7A5-FollowerState] INFO  impl.FollowerState (FollowerState.java:run(143)) - 21c95474-1f17-4861-8a2e-c716fe1b7093@group-05735183B7A5-FollowerState: change to CANDIDATE, lastRpcElapsedTime:5058448714ns, electionTimeout:5058ms
2022-10-16 13:17:20,358 [21c95474-1f17-4861-8a2e-c716fe1b7093@group-05735183B7A5-FollowerState] INFO  impl.RoleInfo (RoleInfo.java:shutdownFollowerState(110)) - 21c95474-1f17-4861-8a2e-c716fe1b7093: shutdown 21c95474-1f17-4861-8a2e-c716fe1b7093@group-05735183B7A5-FollowerState
2022-10-16 13:17:20,358 [21c95474-1f17-4861-8a2e-c716fe1b7093@group-05735183B7A5-FollowerState] INFO  server.RaftServer$Division (RaftServerImpl.java:setRole(299)) - 21c95474-1f17-4861-8a2e-c716fe1b7093@group-05735183B7A5: changes role from  FOLLOWER to CANDIDATE at term 4 for changeToCandidate
2022-10-16 13:17:20,358 [21c95474-1f17-4861-8a2e-c716fe1b7093@group-05735183B7A5-FollowerState] INFO  server.RaftServerConfigKeys (ConfUtils.java:logGet(46)) - raft.server.leaderelection.pre-vote = false (custom)
2022-10-16 13:17:20,358 [21c95474-1f17-4861-8a2e-c716fe1b7093@group-05735183B7A5-FollowerState] INFO  impl.RoleInfo (RoleInfo.java:updateAndGet(139)) - 21c95474-1f17-4861-8a2e-c716fe1b7093: start 21c95474-1f17-4861-8a2e-c716fe1b7093@group-05735183B7A5-LeaderElection43
2022-10-16 13:17:20,362 [21c95474-1f17-4861-8a2e-c716fe1b7093@group-05735183B7A5-LeaderElection43] INFO  impl.LeaderElection (LeaderElection.java:askForVotes(310)) - 21c95474-1f17-4861-8a2e-c716fe1b7093@group-05735183B7A5-LeaderElection43 ELECTION round 0: submit vote requests at term 5 for -1: [cae8df96-28f8-48f4-971d-f081efd69332|rpc:10.1.0.60:44437|priority:0, 268c6115-4458-4e34-8b6d-1bd6823028ea|rpc:10.1.0.60:33559|priority:1, 21c95474-1f17-4861-8a2e-c716fe1b7093|rpc:10.1.0.60:37539|priority:0], old=null
2022-10-16 13:17:20,363 [grpc-default-executor-6] INFO  server.RaftServer$Division (RaftServerImpl.java:requestVote(1152)) - cae8df96-28f8-48f4-971d-f081efd69332@group-05735183B7A5: receive requestVote(ELECTION, 21c95474-1f17-4861-8a2e-c716fe1b7093, group-05735183B7A5, 5, (t:0, i:0))
2022-10-16 13:17:20,363 [grpc-default-executor-8] INFO  server.RaftServer$Division (RaftServerImpl.java:requestVote(1152)) - 268c6115-4458-4e34-8b6d-1bd6823028ea@group-05735183B7A5: receive requestVote(ELECTION, 21c95474-1f17-4861-8a2e-c716fe1b7093, group-05735183B7A5, 5, (t:0, i:0))
2022-10-16 13:17:20,363 [grpc-default-executor-6] INFO  impl.VoteContext (VoteContext.java:log(48)) - cae8df96-28f8-48f4-971d-f081efd69332@group-05735183B7A5-FOLLOWER: accept ELECTION from 21c95474-1f17-4861-8a2e-c716fe1b7093: our priority 0 <= candidate's priority 0
2022-10-16 13:17:20,363 [grpc-default-executor-6] INFO  server.RaftServer$Division (RaftServerImpl.java:setRole(299)) - cae8df96-28f8-48f4-971d-f081efd69332@group-05735183B7A5: changes role from  FOLLOWER to FOLLOWER at term 5 for candidate:21c95474-1f17-4861-8a2e-c716fe1b7093
2022-10-16 13:17:20,364 [grpc-default-executor-6] INFO  impl.RoleInfo (RoleInfo.java:shutdownFollowerState(110)) - cae8df96-28f8-48f4-971d-f081efd69332: shutdown cae8df96-28f8-48f4-971d-f081efd69332@group-05735183B7A5-FollowerState
2022-10-16 13:17:20,363 [grpc-default-executor-8] INFO  impl.VoteContext (VoteContext.java:log(48)) - 268c6115-4458-4e34-8b6d-1bd6823028ea@group-05735183B7A5-FOLLOWER: reject ELECTION from 21c95474-1f17-4861-8a2e-c716fe1b7093: our priority 1 > candidate's priority 0
2022-10-16 13:17:20,364 [cae8df96-28f8-48f4-971d-f081efd69332@group-05735183B7A5-FollowerState] INFO  impl.FollowerState (FollowerState.java:run(152)) - cae8df96-28f8-48f4-971d-f081efd69332@group-05735183B7A5-FollowerState was interrupted
2022-10-16 13:17:20,364 [grpc-default-executor-6] INFO  impl.RoleInfo (RoleInfo.java:updateAndGet(139)) - cae8df96-28f8-48f4-971d-f081efd69332: start cae8df96-28f8-48f4-971d-f081efd69332@group-05735183B7A5-FollowerState
2022-10-16 13:17:20,364 [grpc-default-executor-8] INFO  server.RaftServer$Division (RaftServerImpl.java:setRole(299)) - 268c6115-4458-4e34-8b6d-1bd6823028ea@group-05735183B7A5: changes role from  FOLLOWER to FOLLOWER at term 5 for candidate:21c95474-1f17-4861-8a2e-c716fe1b7093
2022-10-16 13:17:20,364 [grpc-default-executor-8] INFO  impl.RoleInfo (RoleInfo.java:shutdownFollowerState(110)) - 268c6115-4458-4e34-8b6d-1bd6823028ea: shutdown 268c6115-4458-4e34-8b6d-1bd6823028ea@group-05735183B7A5-FollowerState
2022-10-16 13:17:20,364 [grpc-default-executor-8] INFO  impl.RoleInfo (RoleInfo.java:updateAndGet(139)) - 268c6115-4458-4e34-8b6d-1bd6823028ea: start 268c6115-4458-4e34-8b6d-1bd6823028ea@group-05735183B7A5-FollowerState
2022-10-16 13:17:20,364 [268c6115-4458-4e34-8b6d-1bd6823028ea@group-05735183B7A5-FollowerState] INFO  impl.FollowerState (FollowerState.java:run(152)) - 268c6115-4458-4e34-8b6d-1bd6823028ea@group-05735183B7A5-FollowerState was interrupted
2022-10-16 13:17:20,371 [grpc-default-executor-6] INFO  server.RaftServer$Division (RaftServerImpl.java:requestVote(1184)) - cae8df96-28f8-48f4-971d-f081efd69332@group-05735183B7A5 replies to ELECTION vote request: 21c95474-1f17-4861-8a2e-c716fe1b7093<-cae8df96-28f8-48f4-971d-f081efd69332#0:OK-t5. Peer's state: cae8df96-28f8-48f4-971d-f081efd69332@group-05735183B7A5:t5, leader=null, voted=21c95474-1f17-4861-8a2e-c716fe1b7093, raftlog=cae8df96-28f8-48f4-971d-f081efd69332@group-05735183B7A5-SegmentedRaftLog:OPENED:c-1, conf=-1: [cae8df96-28f8-48f4-971d-f081efd69332|rpc:10.1.0.60:44437|dataStream:|priority:0, 268c6115-4458-4e34-8b6d-1bd6823028ea|rpc:10.1.0.60:33559|dataStream:|priority:1, 21c95474-1f17-4861-8a2e-c716fe1b7093|rpc:10.1.0.60:37539|dataStream:|priority:0], old=null
2022-10-16 13:17:20,372 [grpc-default-executor-8] INFO  server.RaftServer$Division (RaftServerImpl.java:requestVote(1184)) - 268c6115-4458-4e34-8b6d-1bd6823028ea@group-05735183B7A5 replies to ELECTION vote request: 21c95474-1f17-4861-8a2e-c716fe1b7093<-268c6115-4458-4e34-8b6d-1bd6823028ea#0:FAIL-t5. Peer's state: 268c6115-4458-4e34-8b6d-1bd6823028ea@group-05735183B7A5:t5, leader=null, voted=null, raftlog=268c6115-4458-4e34-8b6d-1bd6823028ea@group-05735183B7A5-SegmentedRaftLog:OPENED:c-1, conf=-1: [cae8df96-28f8-48f4-971d-f081efd69332|rpc:10.1.0.60:44437|dataStream:|priority:0, 268c6115-4458-4e34-8b6d-1bd6823028ea|rpc:10.1.0.60:33559|dataStream:|priority:1, 21c95474-1f17-4861-8a2e-c716fe1b7093|rpc:10.1.0.60:37539|dataStream:|priority:0], old=null
2022-10-16 13:17:20,372 [21c95474-1f17-4861-8a2e-c716fe1b7093@group-05735183B7A5-LeaderElection43] INFO  impl.LeaderElection (LeaderElection.java:logAndReturn(90)) - 21c95474-1f17-4861-8a2e-c716fe1b7093@group-05735183B7A5-LeaderElection43: ELECTION REJECTED received 2 response(s) and 0 exception(s):
2022-10-16 13:17:20,373 [21c95474-1f17-4861-8a2e-c716fe1b7093@group-05735183B7A5-LeaderElection43] INFO  impl.LeaderElection (LeaderElection.java:logAndReturn(94)) -   Response 0: 21c95474-1f17-4861-8a2e-c716fe1b7093<-cae8df96-28f8-48f4-971d-f081efd69332#0:OK-t5
2022-10-16 13:17:20,373 [21c95474-1f17-4861-8a2e-c716fe1b7093@group-05735183B7A5-LeaderElection43] INFO  impl.LeaderElection (LeaderElection.java:logAndReturn(94)) -   Response 1: 21c95474-1f17-4861-8a2e-c716fe1b7093<-268c6115-4458-4e34-8b6d-1bd6823028ea#0:FAIL-t5
2022-10-16 13:17:20,373 [21c95474-1f17-4861-8a2e-c716fe1b7093@group-05735183B7A5-LeaderElection43] INFO  impl.LeaderElection (LeaderElection.java:askForVotes(312)) - 21c95474-1f17-4861-8a2e-c716fe1b7093@group-05735183B7A5-LeaderElection43 ELECTION round 0: result REJECTED
2022-10-16 13:17:20,373 [21c95474-1f17-4861-8a2e-c716fe1b7093@group-05735183B7A5-LeaderElection43] INFO  server.RaftServer$Division (RaftServerImpl.java:setRole(299)) - 21c95474-1f17-4861-8a2e-c716fe1b7093@group-05735183B7A5: changes role from CANDIDATE to FOLLOWER at term 5 for REJECTED
2022-10-16 13:17:20,373 [21c95474-1f17-4861-8a2e-c716fe1b7093@group-05735183B7A5-LeaderElection43] INFO  impl.RoleInfo (RoleInfo.java:shutdownLeaderElection(130)) - 21c95474-1f17-4861-8a2e-c716fe1b7093: shutdown 21c95474-1f17-4861-8a2e-c716fe1b7093@group-05735183B7A5-LeaderElection43
2022-10-16 13:17:20,373 [21c95474-1f17-4861-8a2e-c716fe1b7093@group-05735183B7A5-LeaderElection43] INFO  impl.RoleInfo (RoleInfo.java:updateAndGet(139)) - 21c95474-1f17-4861-8a2e-c716fe1b7093: start 21c95474-1f17-4861-8a2e-c716fe1b7093@group-05735183B7A5-FollowerState
2022-10-16 13:17:20,870 [ReplicationMonitor] INFO  replication.ReplicationManager (ReplicationManager.java:processAll(291)) - Replication Manager is not ready to run until 3000ms after safemode exit
2022-10-16 13:17:21,147 [Listener at 127.0.0.1/38953] INFO  ozone.MiniOzoneClusterImpl (MiniOzoneClusterImpl.java:lambda$waitForClusterToBeReady$0(216)) - Nodes are ready. Got 5 of 5 DN Heartbeats.
2022-10-16 13:17:21,147 [Listener at 127.0.0.1/38953] INFO  ozone.MiniOzoneClusterImpl (MiniOzoneClusterImpl.java:lambda$waitForClusterToBeReady$0(219)) - Waiting for cluster to exit safe mode
2022-10-16 13:17:21,147 [Listener at 127.0.0.1/38953] INFO  ozone.MiniOzoneClusterImpl (MiniOzoneClusterImpl.java:lambda$waitForClusterToBeReady$0(221)) - SCM became leader
2022-10-16 13:17:21,153 [ReplicationMonitor] INFO  replication.ReplicationManager (ReplicationManager.java:processAll(324)) - Replication Monitor Thread took 0 milliseconds for processing 7 containers.
2022-10-16 13:17:21,870 [ReplicationMonitor] INFO  replication.ReplicationManager (ReplicationManager.java:processAll(291)) - Replication Manager is not ready to run until 3000ms after safemode exit
2022-10-16 13:17:22,147 [Listener at 127.0.0.1/38953] INFO  ozone.MiniOzoneClusterImpl (MiniOzoneClusterImpl.java:lambda$waitForClusterToBeReady$0(216)) - Nodes are ready. Got 5 of 5 DN Heartbeats.
2022-10-16 13:17:22,148 [Listener at 127.0.0.1/38953] INFO  ozone.MiniOzoneClusterImpl (MiniOzoneClusterImpl.java:lambda$waitForClusterToBeReady$0(219)) - Waiting for cluster to exit safe mode
2022-10-16 13:17:22,148 [Listener at 127.0.0.1/38953] INFO  ozone.MiniOzoneClusterImpl (MiniOzoneClusterImpl.java:lambda$waitForClusterToBeReady$0(221)) - SCM became leader
2022-10-16 13:17:22,154 [ReplicationMonitor] INFO  replication.ReplicationManager (ReplicationManager.java:processAll(324)) - Replication Monitor Thread took 1 milliseconds for processing 7 containers.
2022-10-16 13:17:22,870 [ReplicationMonitor] INFO  replication.ReplicationManager (ReplicationManager.java:processAll(291)) - Replication Manager is not ready to run until 3000ms after safemode exit
2022-10-16 13:17:23,148 [Listener at 127.0.0.1/38953] INFO  ozone.MiniOzoneClusterImpl (MiniOzoneClusterImpl.java:lambda$waitForClusterToBeReady$0(216)) - Nodes are ready. Got 5 of 5 DN Heartbeats.
2022-10-16 13:17:23,148 [Listener at 127.0.0.1/38953] INFO  ozone.MiniOzoneClusterImpl (MiniOzoneClusterImpl.java:lambda$waitForClusterToBeReady$0(219)) - Waiting for cluster to exit safe mode
2022-10-16 13:17:23,148 [Listener at 127.0.0.1/38953] INFO  ozone.MiniOzoneClusterImpl (MiniOzoneClusterImpl.java:lambda$waitForClusterToBeReady$0(221)) - SCM became leader
2022-10-16 13:17:23,155 [ReplicationMonitor] INFO  replication.ReplicationManager (ReplicationManager.java:processAll(324)) - Replication Monitor Thread took 0 milliseconds for processing 7 containers.
2022-10-16 13:17:23,871 [ReplicationMonitor] INFO  replication.ReplicationManager (ReplicationManager.java:processAll(291)) - Replication Manager is not ready to run until 3000ms after safemode exit
2022-10-16 13:17:24,148 [Listener at 127.0.0.1/38953] INFO  ozone.MiniOzoneClusterImpl (MiniOzoneClusterImpl.java:lambda$waitForClusterToBeReady$0(216)) - Nodes are ready. Got 5 of 5 DN Heartbeats.
2022-10-16 13:17:24,148 [Listener at 127.0.0.1/38953] INFO  ozone.MiniOzoneClusterImpl (MiniOzoneClusterImpl.java:lambda$waitForClusterToBeReady$0(219)) - Waiting for cluster to exit safe mode
2022-10-16 13:17:24,149 [Listener at 127.0.0.1/38953] INFO  ozone.MiniOzoneClusterImpl (MiniOzoneClusterImpl.java:lambda$waitForClusterToBeReady$0(221)) - SCM became leader
2022-10-16 13:17:24,155 [ReplicationMonitor] INFO  replication.ReplicationManager (ReplicationManager.java:processAll(324)) - Replication Monitor Thread took 0 milliseconds for processing 7 containers.
2022-10-16 13:17:24,871 [ReplicationMonitor] INFO  replication.ReplicationManager (ReplicationManager.java:processAll(291)) - Replication Manager is not ready to run until 3000ms after safemode exit
2022-10-16 13:17:25,149 [Listener at 127.0.0.1/38953] INFO  ozone.MiniOzoneClusterImpl (MiniOzoneClusterImpl.java:lambda$waitForClusterToBeReady$0(216)) - Nodes are ready. Got 5 of 5 DN Heartbeats.
2022-10-16 13:17:25,149 [Listener at 127.0.0.1/38953] INFO  ozone.MiniOzoneClusterImpl (MiniOzoneClusterImpl.java:lambda$waitForClusterToBeReady$0(219)) - Waiting for cluster to exit safe mode
2022-10-16 13:17:25,149 [Listener at 127.0.0.1/38953] INFO  ozone.MiniOzoneClusterImpl (MiniOzoneClusterImpl.java:lambda$waitForClusterToBeReady$0(221)) - SCM became leader
2022-10-16 13:17:25,156 [ReplicationMonitor] INFO  replication.ReplicationManager (ReplicationManager.java:processAll(324)) - Replication Monitor Thread took 0 milliseconds for processing 7 containers.
2022-10-16 13:17:25,498 [268c6115-4458-4e34-8b6d-1bd6823028ea@group-05735183B7A5-FollowerState] INFO  impl.FollowerState (FollowerState.java:run(143)) - 268c6115-4458-4e34-8b6d-1bd6823028ea@group-05735183B7A5-FollowerState: change to CANDIDATE, lastRpcElapsedTime:5134011501ns, electionTimeout:5127ms
2022-10-16 13:17:25,498 [268c6115-4458-4e34-8b6d-1bd6823028ea@group-05735183B7A5-FollowerState] INFO  impl.RoleInfo (RoleInfo.java:shutdownFollowerState(110)) - 268c6115-4458-4e34-8b6d-1bd6823028ea: shutdown 268c6115-4458-4e34-8b6d-1bd6823028ea@group-05735183B7A5-FollowerState
2022-10-16 13:17:25,498 [268c6115-4458-4e34-8b6d-1bd6823028ea@group-05735183B7A5-FollowerState] INFO  server.RaftServer$Division (RaftServerImpl.java:setRole(299)) - 268c6115-4458-4e34-8b6d-1bd6823028ea@group-05735183B7A5: changes role from  FOLLOWER to CANDIDATE at term 5 for changeToCandidate
2022-10-16 13:17:25,498 [268c6115-4458-4e34-8b6d-1bd6823028ea@group-05735183B7A5-FollowerState] INFO  server.RaftServerConfigKeys (ConfUtils.java:logGet(46)) - raft.server.leaderelection.pre-vote = false (custom)
2022-10-16 13:17:25,498 [268c6115-4458-4e34-8b6d-1bd6823028ea@group-05735183B7A5-FollowerState] INFO  impl.RoleInfo (RoleInfo.java:updateAndGet(139)) - 268c6115-4458-4e34-8b6d-1bd6823028ea: start 268c6115-4458-4e34-8b6d-1bd6823028ea@group-05735183B7A5-LeaderElection44
2022-10-16 13:17:25,501 [268c6115-4458-4e34-8b6d-1bd6823028ea@group-05735183B7A5-LeaderElection44] INFO  impl.LeaderElection (LeaderElection.java:askForVotes(310)) - 268c6115-4458-4e34-8b6d-1bd6823028ea@group-05735183B7A5-LeaderElection44 ELECTION round 0: submit vote requests at term 6 for -1: [cae8df96-28f8-48f4-971d-f081efd69332|rpc:10.1.0.60:44437|dataStream:|priority:0, 268c6115-4458-4e34-8b6d-1bd6823028ea|rpc:10.1.0.60:33559|dataStream:|priority:1, 21c95474-1f17-4861-8a2e-c716fe1b7093|rpc:10.1.0.60:37539|dataStream:|priority:0], old=null
2022-10-16 13:17:25,512 [grpc-default-executor-8] INFO  server.RaftServer$Division (RaftServerImpl.java:requestVote(1152)) - 21c95474-1f17-4861-8a2e-c716fe1b7093@group-05735183B7A5: receive requestVote(ELECTION, 268c6115-4458-4e34-8b6d-1bd6823028ea, group-05735183B7A5, 6, (t:0, i:0))
2022-10-16 13:17:25,512 [grpc-default-executor-8] INFO  impl.VoteContext (VoteContext.java:log(48)) - 21c95474-1f17-4861-8a2e-c716fe1b7093@group-05735183B7A5-FOLLOWER: accept ELECTION from 268c6115-4458-4e34-8b6d-1bd6823028ea: our priority 0 <= candidate's priority 1
2022-10-16 13:17:25,512 [grpc-default-executor-8] INFO  server.RaftServer$Division (RaftServerImpl.java:setRole(299)) - 21c95474-1f17-4861-8a2e-c716fe1b7093@group-05735183B7A5: changes role from  FOLLOWER to FOLLOWER at term 6 for candidate:268c6115-4458-4e34-8b6d-1bd6823028ea
2022-10-16 13:17:25,512 [grpc-default-executor-8] INFO  impl.RoleInfo (RoleInfo.java:shutdownFollowerState(110)) - 21c95474-1f17-4861-8a2e-c716fe1b7093: shutdown 21c95474-1f17-4861-8a2e-c716fe1b7093@group-05735183B7A5-FollowerState
2022-10-16 13:17:25,512 [grpc-default-executor-8] INFO  impl.RoleInfo (RoleInfo.java:updateAndGet(139)) - 21c95474-1f17-4861-8a2e-c716fe1b7093: start 21c95474-1f17-4861-8a2e-c716fe1b7093@group-05735183B7A5-FollowerState
2022-10-16 13:17:25,512 [21c95474-1f17-4861-8a2e-c716fe1b7093@group-05735183B7A5-FollowerState] INFO  impl.FollowerState (FollowerState.java:run(152)) - 21c95474-1f17-4861-8a2e-c716fe1b7093@group-05735183B7A5-FollowerState was interrupted
2022-10-16 13:17:25,513 [grpc-default-executor-6] INFO  server.RaftServer$Division (RaftServerImpl.java:requestVote(1152)) - cae8df96-28f8-48f4-971d-f081efd69332@group-05735183B7A5: receive requestVote(ELECTION, 268c6115-4458-4e34-8b6d-1bd6823028ea, group-05735183B7A5, 6, (t:0, i:0))
2022-10-16 13:17:25,513 [grpc-default-executor-6] INFO  impl.VoteContext (VoteContext.java:log(48)) - cae8df96-28f8-48f4-971d-f081efd69332@group-05735183B7A5-FOLLOWER: accept ELECTION from 268c6115-4458-4e34-8b6d-1bd6823028ea: our priority 0 <= candidate's priority 1
2022-10-16 13:17:25,513 [grpc-default-executor-6] INFO  server.RaftServer$Division (RaftServerImpl.java:setRole(299)) - cae8df96-28f8-48f4-971d-f081efd69332@group-05735183B7A5: changes role from  FOLLOWER to FOLLOWER at term 6 for candidate:268c6115-4458-4e34-8b6d-1bd6823028ea
2022-10-16 13:17:25,513 [grpc-default-executor-6] INFO  impl.RoleInfo (RoleInfo.java:shutdownFollowerState(110)) - cae8df96-28f8-48f4-971d-f081efd69332: shutdown cae8df96-28f8-48f4-971d-f081efd69332@group-05735183B7A5-FollowerState
2022-10-16 13:17:25,513 [grpc-default-executor-6] INFO  impl.RoleInfo (RoleInfo.java:updateAndGet(139)) - cae8df96-28f8-48f4-971d-f081efd69332: start cae8df96-28f8-48f4-971d-f081efd69332@group-05735183B7A5-FollowerState
2022-10-16 13:17:25,514 [cae8df96-28f8-48f4-971d-f081efd69332@group-05735183B7A5-FollowerState] INFO  impl.FollowerState (FollowerState.java:run(152)) - cae8df96-28f8-48f4-971d-f081efd69332@group-05735183B7A5-FollowerState was interrupted
2022-10-16 13:17:25,514 [grpc-default-executor-8] INFO  server.RaftServer$Division (RaftServerImpl.java:requestVote(1184)) - 21c95474-1f17-4861-8a2e-c716fe1b7093@group-05735183B7A5 replies to ELECTION vote request: 268c6115-4458-4e34-8b6d-1bd6823028ea<-21c95474-1f17-4861-8a2e-c716fe1b7093#0:OK-t6. Peer's state: 21c95474-1f17-4861-8a2e-c716fe1b7093@group-05735183B7A5:t6, leader=null, voted=268c6115-4458-4e34-8b6d-1bd6823028ea, raftlog=21c95474-1f17-4861-8a2e-c716fe1b7093@group-05735183B7A5-SegmentedRaftLog:OPENED:c-1, conf=-1: [cae8df96-28f8-48f4-971d-f081efd69332|rpc:10.1.0.60:44437|priority:0, 268c6115-4458-4e34-8b6d-1bd6823028ea|rpc:10.1.0.60:33559|priority:1, 21c95474-1f17-4861-8a2e-c716fe1b7093|rpc:10.1.0.60:37539|priority:0], old=null
2022-10-16 13:17:25,515 [268c6115-4458-4e34-8b6d-1bd6823028ea@group-05735183B7A5-LeaderElection44] INFO  impl.LeaderElection (LeaderElection.java:logAndReturn(90)) - 268c6115-4458-4e34-8b6d-1bd6823028ea@group-05735183B7A5-LeaderElection44: ELECTION PASSED received 1 response(s) and 0 exception(s):
2022-10-16 13:17:25,515 [268c6115-4458-4e34-8b6d-1bd6823028ea@group-05735183B7A5-LeaderElection44] INFO  impl.LeaderElection (LeaderElection.java:logAndReturn(94)) -   Response 0: 268c6115-4458-4e34-8b6d-1bd6823028ea<-21c95474-1f17-4861-8a2e-c716fe1b7093#0:OK-t6
2022-10-16 13:17:25,515 [268c6115-4458-4e34-8b6d-1bd6823028ea@group-05735183B7A5-LeaderElection44] INFO  impl.LeaderElection (LeaderElection.java:askForVotes(312)) - 268c6115-4458-4e34-8b6d-1bd6823028ea@group-05735183B7A5-LeaderElection44 ELECTION round 0: result PASSED
2022-10-16 13:17:25,515 [268c6115-4458-4e34-8b6d-1bd6823028ea@group-05735183B7A5-LeaderElection44] INFO  impl.RoleInfo (RoleInfo.java:shutdownLeaderElection(130)) - 268c6115-4458-4e34-8b6d-1bd6823028ea: shutdown 268c6115-4458-4e34-8b6d-1bd6823028ea@group-05735183B7A5-LeaderElection44
2022-10-16 13:17:25,515 [268c6115-4458-4e34-8b6d-1bd6823028ea@group-05735183B7A5-LeaderElection44] INFO  server.RaftServer$Division (RaftServerImpl.java:setRole(299)) - 268c6115-4458-4e34-8b6d-1bd6823028ea@group-05735183B7A5: changes role from CANDIDATE to LEADER at term 6 for changeToLeader
2022-10-16 13:17:25,515 [268c6115-4458-4e34-8b6d-1bd6823028ea@group-05735183B7A5-LeaderElection44] INFO  ratis.XceiverServerRatis (XceiverServerRatis.java:handleLeaderChangedNotification(863)) - Leader change notification received for group: group-05735183B7A5 with new leaderId: 268c6115-4458-4e34-8b6d-1bd6823028ea
2022-10-16 13:17:25,515 [268c6115-4458-4e34-8b6d-1bd6823028ea@group-05735183B7A5-LeaderElection44] INFO  server.RaftServer$Division (ServerState.java:setLeader(287)) - 268c6115-4458-4e34-8b6d-1bd6823028ea@group-05735183B7A5: change Leader from null to 268c6115-4458-4e34-8b6d-1bd6823028ea at term 6 for becomeLeader, leader elected after 30415ms
2022-10-16 13:17:25,515 [268c6115-4458-4e34-8b6d-1bd6823028ea@group-05735183B7A5-LeaderElection44] INFO  server.RaftServerConfigKeys (ConfUtils.java:logGet(46)) - raft.server.staging.catchup.gap = 1000 (default)
2022-10-16 13:17:25,515 [268c6115-4458-4e34-8b6d-1bd6823028ea@group-05735183B7A5-LeaderElection44] INFO  server.RaftServerConfigKeys (ConfUtils.java:logGet(46)) - raft.server.write.element-limit = 1024 (custom)
2022-10-16 13:17:25,515 [268c6115-4458-4e34-8b6d-1bd6823028ea@group-05735183B7A5-LeaderElection44] INFO  server.RaftServerConfigKeys (ConfUtils.java:logGet(46)) - raft.server.write.byte-limit = 1024 M (=1073741824) (custom)
2022-10-16 13:17:25,516 [268c6115-4458-4e34-8b6d-1bd6823028ea@group-05735183B7A5-LeaderElection44] INFO  server.RaftServerConfigKeys (ConfUtils.java:logGet(46)) - raft.server.watch.timeout = 180s (custom)
2022-10-16 13:17:25,516 [268c6115-4458-4e34-8b6d-1bd6823028ea@group-05735183B7A5-LeaderElection44] INFO  server.RaftServerConfigKeys (ConfUtils.java:logGet(46)) - raft.server.watch.timeout.denomination = 1s (default)
2022-10-16 13:17:25,516 [268c6115-4458-4e34-8b6d-1bd6823028ea@group-05735183B7A5-LeaderElection44] INFO  server.RaftServerConfigKeys (ConfUtils.java:logGet(46)) - raft.server.watch.element-limit = 65536 (default)
2022-10-16 13:17:25,516 [268c6115-4458-4e34-8b6d-1bd6823028ea@group-05735183B7A5-LeaderElection44] INFO  server.RaftServerConfigKeys (ConfUtils.java:logGet(46)) - raft.server.write.element-limit = 1024 (custom)
2022-10-16 13:17:25,516 [268c6115-4458-4e34-8b6d-1bd6823028ea@group-05735183B7A5-LeaderElection44] INFO  server.RaftServerConfigKeys (ConfUtils.java:logGet(46)) - raft.server.write.follower.gap.ratio.max = -1.0 (default)
2022-10-16 13:17:25,517 [EventQueue-PipelineReportForPipelineReportHandler] INFO  pipeline.PipelineManagerImpl (PipelineManagerImpl.java:openPipeline(367)) - Pipeline Pipeline[ Id: f060db0b-b8ed-47d7-b2f1-05735183b7a5, Nodes: 21c95474-1f17-4861-8a2e-c716fe1b7093{ip: 10.1.0.60, host: fv-az308-250.etcbaq1qs54eplwmrjlabigyle.cx.internal.cloudapp.net, ports: [REPLICATION=34623, RATIS=37539, RATIS_ADMIN=37539, RATIS_SERVER=37539, STANDALONE=34945], networkLocation: /default-rack, certSerialId: null, persistedOpState: IN_SERVICE, persistedOpStateExpiryEpochSec: 0}cae8df96-28f8-48f4-971d-f081efd69332{ip: 10.1.0.60, host: fv-az308-250.etcbaq1qs54eplwmrjlabigyle.cx.internal.cloudapp.net, ports: [REPLICATION=35757, RATIS=44437, RATIS_ADMIN=44437, RATIS_SERVER=44437, STANDALONE=32801], networkLocation: /default-rack, certSerialId: null, persistedOpState: IN_SERVICE, persistedOpStateExpiryEpochSec: 0}268c6115-4458-4e34-8b6d-1bd6823028ea{ip: 10.1.0.60, host: fv-az308-250.etcbaq1qs54eplwmrjlabigyle.cx.internal.cloudapp.net, ports: [REPLICATION=41301, RATIS=33559, RATIS_ADMIN=33559, RATIS_SERVER=33559, STANDALONE=38573], networkLocation: /default-rack, certSerialId: null, persistedOpState: IN_SERVICE, persistedOpStateExpiryEpochSec: 0}, ReplicationConfig: RATIS/THREE, State:ALLOCATED, leaderId:268c6115-4458-4e34-8b6d-1bd6823028ea, CreationTimestamp2022-10-16T13:16:52.586Z[Etc/UTC]] moved to OPEN state
2022-10-16 13:17:25,517 [268c6115-4458-4e34-8b6d-1bd6823028ea@group-05735183B7A5-LeaderElection44] INFO  server.RaftServerConfigKeys (ConfUtils.java:logGet(46)) - raft.server.log.appender.snapshot.chunk.size.max = 16MB (=16777216) (default)
2022-10-16 13:17:25,517 [268c6115-4458-4e34-8b6d-1bd6823028ea@group-05735183B7A5-LeaderElection44] INFO  server.RaftServerConfigKeys (ConfUtils.java:logGet(46)) - raft.server.log.appender.buffer.byte-limit = 33554432 (custom)
2022-10-16 13:17:25,517 [268c6115-4458-4e34-8b6d-1bd6823028ea@group-05735183B7A5-LeaderElection44] INFO  server.RaftServerConfigKeys (ConfUtils.java:logGet(46)) - raft.server.log.appender.buffer.element-limit = 1 (custom)
2022-10-16 13:17:25,517 [268c6115-4458-4e34-8b6d-1bd6823028ea@group-05735183B7A5-LeaderElection44] INFO  grpc.GrpcConfigKeys (ConfUtils.java:logGet(46)) - raft.grpc.server.leader.outstanding.appends.max = 128 (default)
2022-10-16 13:17:25,517 [268c6115-4458-4e34-8b6d-1bd6823028ea@group-05735183B7A5-LeaderElection44] INFO  server.RaftServerConfigKeys (ConfUtils.java:logGet(46)) - raft.server.rpc.request.timeout = 60s (custom)
2022-10-16 13:17:25,517 [EventQueue-OpenPipelineForHealthyPipelineSafeModeRule] INFO  safemode.SCMSafeModeManager (HealthyPipelineSafeModeRule.java:process(137)) - SCM in safe mode. Healthy pipelines reported count is 1, required healthy pipeline reported count is 1
2022-10-16 13:17:25,517 [EventQueue-OpenPipelineForHealthyPipelineSafeModeRule] INFO  safemode.SCMSafeModeManager (SCMSafeModeManager.java:validateSafeModeExitRules(204)) - HealthyPipelineSafeModeRule rule is successfully validated
2022-10-16 13:17:25,517 [EventQueue-OpenPipelineForHealthyPipelineSafeModeRule] INFO  safemode.SCMSafeModeManager (SCMSafeModeManager.java:validateSafeModeExitRules(219)) - ScmSafeModeManager, all rules are successfully validated
2022-10-16 13:17:25,517 [EventQueue-OpenPipelineForHealthyPipelineSafeModeRule] INFO  safemode.SCMSafeModeManager (SCMSafeModeManager.java:exitSafeMode(248)) - SCM exiting safe mode.
2022-10-16 13:17:25,517 [EventQueue-OpenPipelineForHealthyPipelineSafeModeRule] WARN  events.EventQueue (EventQueue.java:fireEvent(216)) - No event handler registered for event TypedEvent{payloadType=SafeModeStatus, name='Safe mode status'}
2022-10-16 13:17:25,517 [EventQueue-OpenPipelineForHealthyPipelineSafeModeRule] INFO  ha.SCMContext (SCMContext.java:updateSafeModeStatus(228)) - Update SafeModeStatus from SafeModeStatus{safeModeStatus=true, preCheckPassed=true} to SafeModeStatus{safeModeStatus=false, preCheckPassed=true}.
2022-10-16 13:17:25,517 [EventQueue-OpenPipelineForHealthyPipelineSafeModeRule] INFO  pipeline.BackgroundPipelineCreator (BackgroundPipelineCreator.java:notifyStatusChanged(254)) - Service BackgroundPipelineCreator transitions to RUNNING.
2022-10-16 13:17:25,517 [EventQueue-OpenPipelineForHealthyPipelineSafeModeRule] INFO  BackgroundPipelineScrubber (BackgroundSCMService.java:notifyStatusChanged(82)) - Service BackgroundPipelineScrubber transitions to RUNNING.
2022-10-16 13:17:25,517 [EventQueue-OpenPipelineForHealthyPipelineSafeModeRule] INFO  ExpiredContainerReplicaOpScrubber (BackgroundSCMService.java:notifyStatusChanged(82)) - Service ExpiredContainerReplicaOpScrubber transitions to RUNNING.
2022-10-16 13:17:25,517 [EventQueue-OpenPipelineForHealthyPipelineSafeModeRule] INFO  replication.ReplicationManager (ReplicationManager.java:notifyStatusChanged(728)) - Service ReplicationManager transitions to RUNNING.
2022-10-16 13:17:25,518 [EventQueue-OpenPipelineForHealthyPipelineSafeModeRule] WARN  balancer.ContainerBalancer (ContainerBalancer.java:shouldRun(936)) - Could not find persisted configuration for ContainerBalancer when checking if ContainerBalancer should run. ContainerBalancer should not run now.
2022-10-16 13:17:25,517 [268c6115-4458-4e34-8b6d-1bd6823028ea@group-05735183B7A5-LeaderElection44] INFO  server.RaftServerConfigKeys (ConfUtils.java:logGet(46)) - raft.server.log.appender.install.snapshot.enabled = false (custom)
2022-10-16 13:17:25,520 [268c6115-4458-4e34-8b6d-1bd6823028ea@group-05735183B7A5-LeaderElection44] INFO  server.RaftServerConfigKeys (ConfUtils.java:logGet(46)) - raft.server.log.appender.snapshot.chunk.size.max = 16MB (=16777216) (default)
2022-10-16 13:17:25,520 [268c6115-4458-4e34-8b6d-1bd6823028ea@group-05735183B7A5-LeaderElection44] INFO  server.RaftServerConfigKeys (ConfUtils.java:logGet(46)) - raft.server.log.appender.buffer.byte-limit = 33554432 (custom)
2022-10-16 13:17:25,520 [268c6115-4458-4e34-8b6d-1bd6823028ea@group-05735183B7A5-LeaderElection44] INFO  server.RaftServerConfigKeys (ConfUtils.java:logGet(46)) - raft.server.log.appender.buffer.element-limit = 1 (custom)
2022-10-16 13:17:25,520 [268c6115-4458-4e34-8b6d-1bd6823028ea@group-05735183B7A5-LeaderElection44] INFO  grpc.GrpcConfigKeys (ConfUtils.java:logGet(46)) - raft.grpc.server.leader.outstanding.appends.max = 128 (default)
2022-10-16 13:17:25,520 [268c6115-4458-4e34-8b6d-1bd6823028ea@group-05735183B7A5-LeaderElection44] INFO  server.RaftServerConfigKeys (ConfUtils.java:logGet(46)) - raft.server.rpc.request.timeout = 60s (custom)
2022-10-16 13:17:25,520 [268c6115-4458-4e34-8b6d-1bd6823028ea@group-05735183B7A5-LeaderElection44] INFO  server.RaftServerConfigKeys (ConfUtils.java:logGet(46)) - raft.server.log.appender.install.snapshot.enabled = false (custom)
2022-10-16 13:17:25,521 [268c6115-4458-4e34-8b6d-1bd6823028ea@group-05735183B7A5-LeaderElection44] INFO  impl.RoleInfo (RoleInfo.java:updateAndGet(139)) - 268c6115-4458-4e34-8b6d-1bd6823028ea: start 268c6115-4458-4e34-8b6d-1bd6823028ea@group-05735183B7A5-LeaderStateImpl
2022-10-16 13:17:25,521 [268c6115-4458-4e34-8b6d-1bd6823028ea@group-05735183B7A5-LeaderElection44] INFO  segmented.SegmentedRaftLogWorker (SegmentedRaftLogWorker.java:startLogSegment(425)) - 268c6115-4458-4e34-8b6d-1bd6823028ea@group-05735183B7A5-SegmentedRaftLogWorker: Starting segment from index:0
2022-10-16 13:17:25,529 [268c6115-4458-4e34-8b6d-1bd6823028ea@group-05735183B7A5-SegmentedRaftLogWorker] INFO  segmented.SegmentedRaftLogWorker (SegmentedRaftLogWorker.java:execute(629)) - 268c6115-4458-4e34-8b6d-1bd6823028ea@group-05735183B7A5-SegmentedRaftLogWorker: created new log segment /home/runner/work/ozone/ozone/hadoop-ozone/integration-test/target/test-dir/MiniOzoneClusterImpl-5315970d-89dc-4906-bf44-ab8df33b815f/datanode-2/data/ratis/f060db0b-b8ed-47d7-b2f1-05735183b7a5/current/log_inprogress_0
2022-10-16 13:17:25,529 [268c6115-4458-4e34-8b6d-1bd6823028ea@group-05735183B7A5-LeaderElection44] INFO  server.RaftServer$Division (ServerState.java:setRaftConf(393)) - 268c6115-4458-4e34-8b6d-1bd6823028ea@group-05735183B7A5: set configuration 0: [cae8df96-28f8-48f4-971d-f081efd69332|rpc:10.1.0.60:44437|dataStream:|priority:0, 268c6115-4458-4e34-8b6d-1bd6823028ea|rpc:10.1.0.60:33559|dataStream:|priority:1, 21c95474-1f17-4861-8a2e-c716fe1b7093|rpc:10.1.0.60:37539|dataStream:|priority:0], old=null
2022-10-16 13:17:25,530 [grpc-default-executor-6] INFO  server.RaftServer$Division (RaftServerImpl.java:requestVote(1184)) - cae8df96-28f8-48f4-971d-f081efd69332@group-05735183B7A5 replies to ELECTION vote request: 268c6115-4458-4e34-8b6d-1bd6823028ea<-cae8df96-28f8-48f4-971d-f081efd69332#0:OK-t6. Peer's state: cae8df96-28f8-48f4-971d-f081efd69332@group-05735183B7A5:t6, leader=null, voted=268c6115-4458-4e34-8b6d-1bd6823028ea, raftlog=cae8df96-28f8-48f4-971d-f081efd69332@group-05735183B7A5-SegmentedRaftLog:OPENED:c-1, conf=-1: [cae8df96-28f8-48f4-971d-f081efd69332|rpc:10.1.0.60:44437|dataStream:|priority:0, 268c6115-4458-4e34-8b6d-1bd6823028ea|rpc:10.1.0.60:33559|dataStream:|priority:1, 21c95474-1f17-4861-8a2e-c716fe1b7093|rpc:10.1.0.60:37539|dataStream:|priority:0], old=null
2022-10-16 13:17:25,533 [21c95474-1f17-4861-8a2e-c716fe1b7093-server-thread1] INFO  ratis.XceiverServerRatis (XceiverServerRatis.java:handleLeaderChangedNotification(863)) - Leader change notification received for group: group-05735183B7A5 with new leaderId: 268c6115-4458-4e34-8b6d-1bd6823028ea
2022-10-16 13:17:25,533 [21c95474-1f17-4861-8a2e-c716fe1b7093-server-thread1] INFO  server.RaftServer$Division (ServerState.java:setLeader(287)) - 21c95474-1f17-4861-8a2e-c716fe1b7093@group-05735183B7A5: change Leader from null to 268c6115-4458-4e34-8b6d-1bd6823028ea at term 6 for appendEntries, leader elected after 30514ms
2022-10-16 13:17:25,536 [cae8df96-28f8-48f4-971d-f081efd69332-server-thread1] INFO  ratis.XceiverServerRatis (XceiverServerRatis.java:handleLeaderChangedNotification(863)) - Leader change notification received for group: group-05735183B7A5 with new leaderId: 268c6115-4458-4e34-8b6d-1bd6823028ea
2022-10-16 13:17:25,536 [cae8df96-28f8-48f4-971d-f081efd69332-server-thread1] INFO  server.RaftServer$Division (ServerState.java:setLeader(287)) - cae8df96-28f8-48f4-971d-f081efd69332@group-05735183B7A5: change Leader from null to 268c6115-4458-4e34-8b6d-1bd6823028ea at term 6 for appendEntries, leader elected after 30457ms
2022-10-16 13:17:25,538 [21c95474-1f17-4861-8a2e-c716fe1b7093-server-thread1] INFO  server.RaftServer$Division (ServerState.java:setRaftConf(393)) - 21c95474-1f17-4861-8a2e-c716fe1b7093@group-05735183B7A5: set configuration 0: [cae8df96-28f8-48f4-971d-f081efd69332|rpc:10.1.0.60:44437|dataStream:|priority:0, 268c6115-4458-4e34-8b6d-1bd6823028ea|rpc:10.1.0.60:33559|dataStream:|priority:1, 21c95474-1f17-4861-8a2e-c716fe1b7093|rpc:10.1.0.60:37539|dataStream:|priority:0], old=null
2022-10-16 13:17:25,545 [21c95474-1f17-4861-8a2e-c716fe1b7093-server-thread1] INFO  segmented.SegmentedRaftLogWorker (SegmentedRaftLogWorker.java:startLogSegment(425)) - 21c95474-1f17-4861-8a2e-c716fe1b7093@group-05735183B7A5-SegmentedRaftLogWorker: Starting segment from index:0
2022-10-16 13:17:25,545 [cae8df96-28f8-48f4-971d-f081efd69332-server-thread1] INFO  server.RaftServer$Division (ServerState.java:setRaftConf(393)) - cae8df96-28f8-48f4-971d-f081efd69332@group-05735183B7A5: set configuration 0: [cae8df96-28f8-48f4-971d-f081efd69332|rpc:10.1.0.60:44437|dataStream:|priority:0, 268c6115-4458-4e34-8b6d-1bd6823028ea|rpc:10.1.0.60:33559|dataStream:|priority:1, 21c95474-1f17-4861-8a2e-c716fe1b7093|rpc:10.1.0.60:37539|dataStream:|priority:0], old=null
2022-10-16 13:17:25,546 [cae8df96-28f8-48f4-971d-f081efd69332-server-thread1] INFO  segmented.SegmentedRaftLogWorker (SegmentedRaftLogWorker.java:startLogSegment(425)) - cae8df96-28f8-48f4-971d-f081efd69332@group-05735183B7A5-SegmentedRaftLogWorker: Starting segment from index:0
2022-10-16 13:17:25,547 [21c95474-1f17-4861-8a2e-c716fe1b7093@group-05735183B7A5-SegmentedRaftLogWorker] INFO  segmented.SegmentedRaftLogWorker (SegmentedRaftLogWorker.java:execute(629)) - 21c95474-1f17-4861-8a2e-c716fe1b7093@group-05735183B7A5-SegmentedRaftLogWorker: created new log segment /home/runner/work/ozone/ozone/hadoop-ozone/integration-test/target/test-dir/MiniOzoneClusterImpl-5315970d-89dc-4906-bf44-ab8df33b815f/datanode-0/data/ratis/f060db0b-b8ed-47d7-b2f1-05735183b7a5/current/log_inprogress_0
2022-10-16 13:17:25,548 [cae8df96-28f8-48f4-971d-f081efd69332@group-05735183B7A5-SegmentedRaftLogWorker] INFO  segmented.SegmentedRaftLogWorker (SegmentedRaftLogWorker.java:execute(629)) - cae8df96-28f8-48f4-971d-f081efd69332@group-05735183B7A5-SegmentedRaftLogWorker: created new log segment /home/runner/work/ozone/ozone/hadoop-ozone/integration-test/target/test-dir/MiniOzoneClusterImpl-5315970d-89dc-4906-bf44-ab8df33b815f/datanode-1/data/ratis/f060db0b-b8ed-47d7-b2f1-05735183b7a5/current/log_inprogress_0
2022-10-16 13:17:25,871 [ReplicationMonitor] INFO  replication.ReplicationManager (ReplicationManager.java:processAll(291)) - Replication Manager is not ready to run until 3000ms after safemode exit
2022-10-16 13:17:26,149 [Listener at 127.0.0.1/38953] INFO  ozone.MiniOzoneClusterImpl (MiniOzoneClusterImpl.java:lambda$waitForClusterToBeReady$0(216)) - Nodes are ready. Got 5 of 5 DN Heartbeats.
2022-10-16 13:17:26,149 [Listener at 127.0.0.1/38953] INFO  ozone.MiniOzoneClusterImpl (MiniOzoneClusterImpl.java:lambda$waitForClusterToBeReady$0(219)) - Cluster exits safe mode
2022-10-16 13:17:26,149 [Listener at 127.0.0.1/38953] INFO  ozone.MiniOzoneClusterImpl (MiniOzoneClusterImpl.java:lambda$waitForClusterToBeReady$0(221)) - SCM became leader
2022-10-16 13:17:26,156 [ReplicationMonitor] INFO  replication.ReplicationManager (ReplicationManager.java:processAll(324)) - Replication Monitor Thread took 0 milliseconds for processing 7 containers.
2022-10-16 13:17:26,156 [Listener at 127.0.0.1/38953] INFO  rpc.RpcClient (RpcClient.java:createVolume(471)) - Creating Volume: b4b7365e-c21a-4101-8383-cb5f8ec56d34, with runner as owner and space quota set to -1 bytes, counts quota set to -1
2022-10-16 13:17:26,168 [OM StateMachine ApplyTransaction Thread - 0] INFO  volume.OMVolumeCreateRequest (OMVolumeCreateRequest.java:validateAndUpdateCache(195)) - created volume:b4b7365e-c21a-4101-8383-cb5f8ec56d34 for user:runner
2022-10-16 13:17:26,173 [Listener at 127.0.0.1/38953] INFO  rpc.RpcClient (RpcClient.java:createBucket(674)) - Creating Bucket: b4b7365e-c21a-4101-8383-cb5f8ec56d34/cdadc40a-0715-4893-8984-9d7efb47bcef, with server-side default bucket layout, runner as owner, Versioning false, Storage Type set to DISK and Encryption set to false 
2022-10-16 13:17:26,181 [OM StateMachine ApplyTransaction Thread - 0] INFO  bucket.OMBucketCreateRequest (OMBucketCreateRequest.java:validateAndUpdateCache(260)) - created bucket: cdadc40a-0715-4893-8984-9d7efb47bcef of layout LEGACY in volume: b4b7365e-c21a-4101-8383-cb5f8ec56d34
2022-10-16 13:17:26,190 [IPC Server handler 4 on default port 38017] INFO  ha.SequenceIdGenerator (SequenceIdGenerator.java:getNextId(128)) - Allocate a batch for containerId, change lastId from 0 to 1000.
2022-10-16 13:17:26,190 [IPC Server handler 4 on default port 38017] WARN  ha.SequenceIdGenerator (SequenceIdGenerator.java:allocateBatch(237)) - Failed to allocate a batch for localId, expected lastId is 0, actual lastId is 109611004723200000.
2022-10-16 13:17:26,191 [IPC Server handler 4 on default port 38017] INFO  ha.SequenceIdGenerator (SequenceIdGenerator.java:getNextId(128)) - Allocate a batch for localId, change lastId from 109611004723200000 to 109611004723201000.
2022-10-16 13:17:26,320 [Listener at 127.0.0.1/38953] INFO  container.TestHelper (TestHelper.java:countReplicas(385)) - Container 1 has 3 replicas on [21c95474-1f17-4861-8a2e-c716fe1b7093, 268c6115-4458-4e34-8b6d-1bd6823028ea, cae8df96-28f8-48f4-971d-f081efd69332]
2022-10-16 13:17:26,321 [EventQueue-CloseContainerForCloseContainerEventHandler] INFO  container.CloseContainerEventHandler (CloseContainerEventHandler.java:onMessage(71)) - Close container Event triggered for container : #1
2022-10-16 13:17:26,321 [EventQueue-CloseContainerForCloseContainerEventHandler] INFO  container.CloseContainerEventHandler (CloseContainerEventHandler.java:onMessage(71)) - Close container Event triggered for container : #1
2022-10-16 13:17:26,322 [EventQueue-CloseContainerForCloseContainerEventHandler] INFO  container.CloseContainerEventHandler (CloseContainerEventHandler.java:onMessage(71)) - Close container Event triggered for container : #1
2022-10-16 13:17:26,871 [ReplicationMonitor] INFO  replication.ReplicationManager (ReplicationManager.java:processAll(291)) - Replication Manager is not ready to run until 3000ms after safemode exit
2022-10-16 13:17:27,156 [ReplicationMonitor] INFO  replication.ReplicationManager (ReplicationManager.java:processAll(324)) - Replication Monitor Thread took 0 milliseconds for processing 7 containers.
2022-10-16 13:17:27,542 [ContainerOp-f060db0b-b8ed-47d7-b2f1-05735183b7a5-4] INFO  keyvalue.KeyValueContainer (KeyValueContainer.java:flushAndSyncDB(436)) - Container 1 is synced with bcsId 4.
2022-10-16 13:17:27,542 [ContainerOp-f060db0b-b8ed-47d7-b2f1-05735183b7a5-4] INFO  keyvalue.KeyValueContainer (KeyValueContainer.java:flushAndSyncDB(436)) - Container 1 is synced with bcsId 4.
2022-10-16 13:17:27,543 [ContainerOp-f060db0b-b8ed-47d7-b2f1-05735183b7a5-4] INFO  keyvalue.KeyValueContainer (KeyValueContainer.java:flushAndSyncDB(436)) - Container 1 is synced with bcsId 4.
2022-10-16 13:17:27,543 [ContainerOp-f060db0b-b8ed-47d7-b2f1-05735183b7a5-4] INFO  keyvalue.KeyValueContainer (KeyValueContainer.java:flushAndSyncDB(436)) - Container 1 is synced with bcsId 4.
2022-10-16 13:17:27,545 [ContainerOp-f060db0b-b8ed-47d7-b2f1-05735183b7a5-4] INFO  keyvalue.KeyValueContainer (KeyValueContainer.java:close(351)) - Container 1 is closed with bcsId 4.
2022-10-16 13:17:27,546 [FixedThreadPoolWithAffinityExecutor-1-0] INFO  container.IncrementalContainerReportHandler (AbstractContainerReportHandler.java:updateContainerState(292)) - Moving container #1 to CLOSED state, datanode 268c6115-4458-4e34-8b6d-1bd6823028ea{ip: 10.1.0.60, host: fv-az308-250.etcbaq1qs54eplwmrjlabigyle.cx.internal.cloudapp.net, ports: [REPLICATION=41301, RATIS=33559, RATIS_ADMIN=33559, RATIS_SERVER=33559, STANDALONE=38573], networkLocation: /default-rack, certSerialId: null, persistedOpState: IN_SERVICE, persistedOpStateExpiryEpochSec: 0} reported CLOSED replica.
2022-10-16 13:17:27,547 [ContainerOp-f060db0b-b8ed-47d7-b2f1-05735183b7a5-4] INFO  keyvalue.KeyValueContainer (KeyValueContainer.java:close(351)) - Container 1 is closed with bcsId 4.
2022-10-16 13:17:27,548 [ContainerOp-f060db0b-b8ed-47d7-b2f1-05735183b7a5-4] INFO  keyvalue.KeyValueContainer (KeyValueContainer.java:flushAndSyncDB(436)) - Container 1 is synced with bcsId 4.
2022-10-16 13:17:27,548 [ContainerOp-f060db0b-b8ed-47d7-b2f1-05735183b7a5-4] INFO  keyvalue.KeyValueContainer (KeyValueContainer.java:flushAndSyncDB(436)) - Container 1 is synced with bcsId 4.
2022-10-16 13:17:27,550 [ContainerOp-f060db0b-b8ed-47d7-b2f1-05735183b7a5-4] INFO  keyvalue.KeyValueContainer (KeyValueContainer.java:close(351)) - Container 1 is closed with bcsId 4.
2022-10-16 13:17:27,853 [Listener at 127.0.0.1/38953] INFO  ozoneimpl.OzoneContainer (OzoneContainer.java:stop(400)) - Attempting to stop container services.
2022-10-16 13:17:27,853 [Listener at 127.0.0.1/38953] INFO  server.RaftServer (RaftServerProxy.java:lambda$close$7(398)) - 21c95474-1f17-4861-8a2e-c716fe1b7093: close
2022-10-16 13:17:27,853 [Listener at 127.0.0.1/38953] INFO  server.RaftServer$Division (RaftServerImpl.java:lambda$close$4(434)) - 21c95474-1f17-4861-8a2e-c716fe1b7093@group-05735183B7A5: shutdown
2022-10-16 13:17:27,853 [Listener at 127.0.0.1/38953] INFO  util.JmxRegister (JmxRegister.java:unregister(73)) - Successfully un-registered JMX Bean with object name Ratis:service=RaftServer,group=group-05735183B7A5,id=21c95474-1f17-4861-8a2e-c716fe1b7093
2022-10-16 13:17:27,853 [Listener at 127.0.0.1/38953] INFO  impl.RoleInfo (RoleInfo.java:shutdownFollowerState(110)) - 21c95474-1f17-4861-8a2e-c716fe1b7093: shutdown 21c95474-1f17-4861-8a2e-c716fe1b7093@group-05735183B7A5-FollowerState
2022-10-16 13:17:27,853 [Listener at 127.0.0.1/38953] INFO  impl.StateMachineUpdater (StateMachineUpdater.java:stopAndJoin(153)) - 21c95474-1f17-4861-8a2e-c716fe1b7093@group-05735183B7A5-StateMachineUpdater: set stopIndex = 7
2022-10-16 13:17:27,853 [21c95474-1f17-4861-8a2e-c716fe1b7093@group-05735183B7A5-FollowerState] INFO  impl.FollowerState (FollowerState.java:run(152)) - 21c95474-1f17-4861-8a2e-c716fe1b7093@group-05735183B7A5-FollowerState was interrupted
2022-10-16 13:17:27,854 [ForkJoinPool.commonPool-worker-1] INFO  server.RaftServer$Division (RaftServerImpl.java:lambda$close$4(434)) - 21c95474-1f17-4861-8a2e-c716fe1b7093@group-E4E75CCDF3FB: shutdown
2022-10-16 13:17:27,855 [ForkJoinPool.commonPool-worker-1] INFO  util.JmxRegister (JmxRegister.java:unregister(73)) - Successfully un-registered JMX Bean with object name Ratis:service=RaftServer,group=group-E4E75CCDF3FB,id=21c95474-1f17-4861-8a2e-c716fe1b7093
2022-10-16 13:17:27,855 [ForkJoinPool.commonPool-worker-1] INFO  impl.RoleInfo (RoleInfo.java:shutdownLeaderState(93)) - 21c95474-1f17-4861-8a2e-c716fe1b7093: shutdown 21c95474-1f17-4861-8a2e-c716fe1b7093@group-E4E75CCDF3FB-LeaderStateImpl
2022-10-16 13:17:27,855 [ForkJoinPool.commonPool-worker-1] INFO  impl.PendingRequests (PendingRequests.java:sendNotLeaderResponses(282)) - 21c95474-1f17-4861-8a2e-c716fe1b7093@group-E4E75CCDF3FB-PendingRequests: sendNotLeaderResponses
2022-10-16 13:17:27,855 [21c95474-1f17-4861-8a2e-c716fe1b7093@group-05735183B7A5-StateMachineUpdater] INFO  ratis.ContainerStateMachine (ContainerStateMachine.java:takeSnapshot(304)) - group-05735183B7A5: Taking a snapshot at:(t:6, i:7) file /home/runner/work/ozone/ozone/hadoop-ozone/integration-test/target/test-dir/MiniOzoneClusterImpl-5315970d-89dc-4906-bf44-ab8df33b815f/datanode-0/data/ratis/f060db0b-b8ed-47d7-b2f1-05735183b7a5/sm/snapshot.6_7
2022-10-16 13:17:27,855 [ForkJoinPool.commonPool-worker-1] INFO  impl.StateMachineUpdater (StateMachineUpdater.java:stopAndJoin(153)) - 21c95474-1f17-4861-8a2e-c716fe1b7093@group-E4E75CCDF3FB-StateMachineUpdater: set stopIndex = 0
2022-10-16 13:17:27,856 [21c95474-1f17-4861-8a2e-c716fe1b7093@group-E4E75CCDF3FB-StateMachineUpdater] INFO  ratis.ContainerStateMachine (ContainerStateMachine.java:takeSnapshot(304)) - group-E4E75CCDF3FB: Taking a snapshot at:(t:1, i:0) file /home/runner/work/ozone/ozone/hadoop-ozone/integration-test/target/test-dir/MiniOzoneClusterImpl-5315970d-89dc-4906-bf44-ab8df33b815f/datanode-0/data/ratis/32fbd61d-8336-4e76-b23c-e4e75ccdf3fb/sm/snapshot.1_0
2022-10-16 13:17:27,856 [21c95474-1f17-4861-8a2e-c716fe1b7093@group-E4E75CCDF3FB-StateMachineUpdater] INFO  ratis.ContainerStateMachine (ContainerStateMachine.java:takeSnapshot(315)) - group-E4E75CCDF3FB: Finished taking a snapshot at:(t:1, i:0) file:/home/runner/work/ozone/ozone/hadoop-ozone/integration-test/target/test-dir/MiniOzoneClusterImpl-5315970d-89dc-4906-bf44-ab8df33b815f/datanode-0/data/ratis/32fbd61d-8336-4e76-b23c-e4e75ccdf3fb/sm/snapshot.1_0 took: 1 ms
2022-10-16 13:17:27,856 [21c95474-1f17-4861-8a2e-c716fe1b7093@group-E4E75CCDF3FB-StateMachineUpdater] INFO  impl.StateMachineUpdater (StateMachineUpdater.java:takeSnapshot(287)) - 21c95474-1f17-4861-8a2e-c716fe1b7093@group-E4E75CCDF3FB-StateMachineUpdater: Took a snapshot at index 0
2022-10-16 13:17:27,856 [21c95474-1f17-4861-8a2e-c716fe1b7093@group-E4E75CCDF3FB-StateMachineUpdater] INFO  impl.StateMachineUpdater (StateMachineUpdater.java:lambda$new$0(92)) - 21c95474-1f17-4861-8a2e-c716fe1b7093@group-E4E75CCDF3FB-StateMachineUpdater: snapshotIndex: updateIncreasingly -1 -> 0
2022-10-16 13:17:27,857 [ForkJoinPool.commonPool-worker-1] INFO  server.RaftServer$Division (ServerState.java:close(429)) - 21c95474-1f17-4861-8a2e-c716fe1b7093@group-E4E75CCDF3FB: closes. applyIndex: 0
2022-10-16 13:17:27,857 [21c95474-1f17-4861-8a2e-c716fe1b7093@group-E4E75CCDF3FB-SegmentedRaftLogWorker] INFO  segmented.SegmentedRaftLogWorker (SegmentedRaftLogWorker.java:run(336)) - 21c95474-1f17-4861-8a2e-c716fe1b7093@group-E4E75CCDF3FB-SegmentedRaftLogWorker was interrupted, exiting. There are 0 tasks remaining in the queue.
2022-10-16 13:17:27,857 [21c95474-1f17-4861-8a2e-c716fe1b7093@group-05735183B7A5-StateMachineUpdater] INFO  ratis.ContainerStateMachine (ContainerStateMachine.java:takeSnapshot(315)) - group-05735183B7A5: Finished taking a snapshot at:(t:6, i:7) file:/home/runner/work/ozone/ozone/hadoop-ozone/integration-test/target/test-dir/MiniOzoneClusterImpl-5315970d-89dc-4906-bf44-ab8df33b815f/datanode-0/data/ratis/f060db0b-b8ed-47d7-b2f1-05735183b7a5/sm/snapshot.6_7 took: 3 ms
2022-10-16 13:17:27,857 [ForkJoinPool.commonPool-worker-1] INFO  segmented.SegmentedRaftLogWorker (SegmentedRaftLogWorker.java:close(246)) - 21c95474-1f17-4861-8a2e-c716fe1b7093@group-E4E75CCDF3FB-SegmentedRaftLogWorker close()
2022-10-16 13:17:27,857 [21c95474-1f17-4861-8a2e-c716fe1b7093@group-05735183B7A5-StateMachineUpdater] INFO  impl.StateMachineUpdater (StateMachineUpdater.java:takeSnapshot(287)) - 21c95474-1f17-4861-8a2e-c716fe1b7093@group-05735183B7A5-StateMachineUpdater: Took a snapshot at index 7
2022-10-16 13:17:27,857 [21c95474-1f17-4861-8a2e-c716fe1b7093@group-05735183B7A5-StateMachineUpdater] INFO  impl.StateMachineUpdater (StateMachineUpdater.java:lambda$new$0(92)) - 21c95474-1f17-4861-8a2e-c716fe1b7093@group-05735183B7A5-StateMachineUpdater: snapshotIndex: updateIncreasingly -1 -> 7
2022-10-16 13:17:27,857 [Listener at 127.0.0.1/38953] INFO  server.RaftServer$Division (ServerState.java:close(429)) - 21c95474-1f17-4861-8a2e-c716fe1b7093@group-05735183B7A5: closes. applyIndex: 7
2022-10-16 13:17:27,857 [21c95474-1f17-4861-8a2e-c716fe1b7093@group-05735183B7A5-SegmentedRaftLogWorker] INFO  segmented.SegmentedRaftLogWorker (SegmentedRaftLogWorker.java:run(336)) - 21c95474-1f17-4861-8a2e-c716fe1b7093@group-05735183B7A5-SegmentedRaftLogWorker was interrupted, exiting. There are 0 tasks remaining in the queue.
2022-10-16 13:17:27,858 [Listener at 127.0.0.1/38953] INFO  segmented.SegmentedRaftLogWorker (SegmentedRaftLogWorker.java:close(246)) - 21c95474-1f17-4861-8a2e-c716fe1b7093@group-05735183B7A5-SegmentedRaftLogWorker close()
2022-10-16 13:17:27,861 [Listener at 127.0.0.1/38953] INFO  server.GrpcService (GrpcService.java:closeImpl(269)) - 21c95474-1f17-4861-8a2e-c716fe1b7093: shutdown server with port 37539 now
2022-10-16 13:17:27,862 [grpc-default-executor-6] WARN  server.GrpcServerProtocolService (LogUtils.java:warn(122)) - 21c95474-1f17-4861-8a2e-c716fe1b7093: installSnapshot onError, lastRequest: 268c6115-4458-4e34-8b6d-1bd6823028ea->21c95474-1f17-4861-8a2e-c716fe1b7093#137-t6,previous=(t:6, i:7),leaderCommit=7,initializing? true,entries: size=1, first=(t:6, i:8), METADATAENTRY(c:7): org.apache.ratis.thirdparty.io.grpc.StatusRuntimeException: CANCELLED: client cancelled
2022-10-16 13:17:27,863 [grpc-default-executor-6] WARN  server.GrpcLogAppender (LogUtils.java:warn(122)) - 268c6115-4458-4e34-8b6d-1bd6823028ea@group-05735183B7A5->21c95474-1f17-4861-8a2e-c716fe1b7093-AppendLogResponseHandler: Failed appendEntries: org.apache.ratis.thirdparty.io.grpc.StatusRuntimeException: CANCELLED: RST_STREAM closed stream. HTTP/2 error code: CANCEL
2022-10-16 13:17:27,864 [grpc-default-executor-6] INFO  leader.FollowerInfo (FollowerInfoImpl.java:lambda$new$0(48)) - 268c6115-4458-4e34-8b6d-1bd6823028ea@group-05735183B7A5->21c95474-1f17-4861-8a2e-c716fe1b7093: nextIndex: updateUnconditionally 9 -> 8
2022-10-16 13:17:27,864 [Listener at 127.0.0.1/38953] INFO  server.GrpcService (GrpcService.java:closeImpl(278)) - 21c95474-1f17-4861-8a2e-c716fe1b7093: shutdown server with port 37539 successfully
2022-10-16 13:17:27,865 [org.apache.ratis.util.JvmPauseMonitor$$Lambda$639/339294883@7b34a7e] INFO  util.JvmPauseMonitor (JvmPauseMonitor.java:run(109)) - JvmPauseMonitor-21c95474-1f17-4861-8a2e-c716fe1b7093: Stopped
2022-10-16 13:17:27,867 [grpc-default-executor-0] WARN  server.GrpcLogAppender (LogUtils.java:warn(122)) - 268c6115-4458-4e34-8b6d-1bd6823028ea@group-05735183B7A5->21c95474-1f17-4861-8a2e-c716fe1b7093-AppendLogResponseHandler: Failed appendEntries: org.apache.ratis.thirdparty.io.grpc.StatusRuntimeException: UNAVAILABLE: io exception
2022-10-16 13:17:27,868 [grpc-default-executor-0] INFO  leader.FollowerInfo (FollowerInfoImpl.java:lambda$new$0(48)) - 268c6115-4458-4e34-8b6d-1bd6823028ea@group-05735183B7A5->21c95474-1f17-4861-8a2e-c716fe1b7093: nextIndex: updateUnconditionally 9 -> 8
2022-10-16 13:17:27,872 [ReplicationMonitor] INFO  replication.ReplicationManager (ReplicationManager.java:processAll(291)) - Replication Manager is not ready to run until 3000ms after safemode exit
2022-10-16 13:17:28,157 [ReplicationMonitor] INFO  replication.ReplicationManager (ReplicationManager.java:processAll(324)) - Replication Monitor Thread took 1 milliseconds for processing 7 containers.
2022-10-16 13:17:28,872 [ReplicationMonitor] INFO  replication.ReplicationManager (ReplicationManager.java:processAll(324)) - Replication Monitor Thread took 1 milliseconds for processing 1 containers.
2022-10-16 13:17:29,157 [ReplicationMonitor] INFO  replication.ReplicationManager (ReplicationManager.java:processAll(324)) - Replication Monitor Thread took 0 milliseconds for processing 7 containers.
2022-10-16 13:17:29,872 [Listener at 127.0.0.1/38953] INFO  utils.BackgroundService (BackgroundService.java:shutdown(141)) - Shutting down service BlockDeletingService
2022-10-16 13:17:29,872 [Listener at 127.0.0.1/38953] INFO  utils.BackgroundService (BackgroundService.java:shutdown(141)) - Shutting down service StaleRecoveringContainerScrubbingService
2022-10-16 13:17:29,873 [ReplicationMonitor] INFO  replication.ReplicationManager (ReplicationManager.java:processAll(324)) - Replication Monitor Thread took 0 milliseconds for processing 1 containers.
2022-10-16 13:17:29,879 [Listener at 127.0.0.1/38953] INFO  statemachine.DatanodeStateMachine (DatanodeStateMachine.java:stopDaemon(580)) - Ozone container server stopped.
2022-10-16 13:17:29,886 [Listener at 127.0.0.1/38953] INFO  handler.ContextHandler (ContextHandler.java:doStop(1153)) - Stopped o.e.j.w.WebAppContext@37418e3b{hddsDatanode,/,null,STOPPED}{jar:file:/home/runner/.m2/repository/org/apache/ozone/hdds-container-service/1.3.0-SNAPSHOT/hdds-container-service-1.3.0-SNAPSHOT.jar!/webapps/hddsDatanode}
2022-10-16 13:17:29,887 [Listener at 127.0.0.1/38953] INFO  server.AbstractConnector (AbstractConnector.java:doStop(381)) - Stopped ServerConnector@1a7d48fc{HTTP/1.1, (http/1.1)}{0.0.0.0:0}
2022-10-16 13:17:29,887 [Listener at 127.0.0.1/38953] INFO  server.session (HouseKeeper.java:stopScavenging(149)) - node0 Stopped scavenging
2022-10-16 13:17:29,887 [Listener at 127.0.0.1/38953] INFO  handler.ContextHandler (ContextHandler.java:doStop(1153)) - Stopped o.e.j.s.ServletContextHandler@33c16011{static,/static,jar:file:/home/runner/.m2/repository/org/apache/ozone/hdds-container-service/1.3.0-SNAPSHOT/hdds-container-service-1.3.0-SNAPSHOT.jar!/webapps/static,STOPPED}
2022-10-16 13:17:29,887 [Listener at 127.0.0.1/38953] INFO  handler.ContextHandler (ContextHandler.java:doStop(1153)) - Stopped o.e.j.s.ServletContextHandler@6978c1f8{logs,/logs,file:///home/runner/work/ozone/ozone/hadoop-ozone/integration-test/target/log,STOPPED}
2022-10-16 13:17:29,938 [Listener at 127.0.0.1/38953] INFO  ozone.MiniOzoneClusterImpl (MiniOzoneClusterImpl.java:shutdown(448)) - Shutting down the Mini Ozone Cluster
2022-10-16 13:17:29,938 [Listener at 127.0.0.1/38953] INFO  ozone.MiniOzoneClusterImpl (MiniOzoneClusterImpl.java:stop(463)) - Stopping the Mini Ozone Cluster
2022-10-16 13:17:29,938 [Listener at 127.0.0.1/38953] INFO  ozone.MiniOzoneClusterImpl (MiniOzoneClusterImpl.java:stopOM(545)) - Stopping the OzoneManager
2022-10-16 13:17:29,938 [Listener at 127.0.0.1/38953] INFO  om.OzoneManager (OzoneManager.java:stop(2034)) - om1[localhost:0]: Stopping Ozone Manager
2022-10-16 13:17:29,938 [Listener at 127.0.0.1/38953] INFO  ipc.Server (Server.java:stop(3428)) - Stopping server on 38953
2022-10-16 13:17:29,944 [IPC Server listener on 0] INFO  ipc.Server (Server.java:run(1384)) - Stopping IPC Server listener on 0
2022-10-16 13:17:29,944 [IPC Server Responder] INFO  ipc.Server (Server.java:run(1517)) - Stopping IPC Server Responder
2022-10-16 13:17:29,944 [Listener at 127.0.0.1/38953] INFO  server.RaftServer (RaftServerProxy.java:lambda$close$7(398)) - om1: close
2022-10-16 13:17:29,944 [Listener at 127.0.0.1/38953] INFO  server.RaftServer$Division (RaftServerImpl.java:lambda$close$4(434)) - om1@group-C5BA1605619E: shutdown
2022-10-16 13:17:29,944 [Listener at 127.0.0.1/38953] INFO  util.JmxRegister (JmxRegister.java:unregister(73)) - Successfully un-registered JMX Bean with object name Ratis:service=RaftServer,group=group-C5BA1605619E,id=om1
2022-10-16 13:17:29,945 [Listener at 127.0.0.1/38953] INFO  impl.RoleInfo (RoleInfo.java:shutdownLeaderState(93)) - om1: shutdown om1@group-C5BA1605619E-LeaderStateImpl
2022-10-16 13:17:29,945 [Listener at 127.0.0.1/38953] INFO  impl.PendingRequests (PendingRequests.java:sendNotLeaderResponses(282)) - om1@group-C5BA1605619E-PendingRequests: sendNotLeaderResponses
2022-10-16 13:17:29,948 [Listener at 127.0.0.1/38953] INFO  impl.StateMachineUpdater (StateMachineUpdater.java:stopAndJoin(153)) - om1@group-C5BA1605619E-StateMachineUpdater: set stopIndex = 8
2022-10-16 13:17:29,948 [om1@group-C5BA1605619E-StateMachineUpdater] INFO  ratis.OzoneManagerStateMachine (OzoneManagerStateMachine.java:takeSnapshot(441)) - Current Snapshot Index (t:1, i:8)
2022-10-16 13:17:29,948 [om1@group-C5BA1605619E-StateMachineUpdater] INFO  impl.StateMachineUpdater (StateMachineUpdater.java:takeSnapshot(287)) - om1@group-C5BA1605619E-StateMachineUpdater: Took a snapshot at index 8
2022-10-16 13:17:29,948 [om1@group-C5BA1605619E-StateMachineUpdater] INFO  impl.StateMachineUpdater (StateMachineUpdater.java:lambda$new$0(92)) - om1@group-C5BA1605619E-StateMachineUpdater: snapshotIndex: updateIncreasingly -1 -> 8
2022-10-16 13:17:29,948 [om1@group-C5BA1605619E-StateMachineUpdater] INFO  ratis.OzoneManagerStateMachine (OzoneManagerStateMachine.java:close(495)) - StateMachine has shutdown. Shutdown OzoneManager if not already shutdown.
2022-10-16 13:17:29,948 [om1@group-C5BA1605619E-StateMachineUpdater] INFO  ratis.OzoneManagerDoubleBuffer (OzoneManagerDoubleBuffer.java:stop(466)) - Stopping OMDoubleBuffer flush thread
2022-10-16 13:17:29,948 [OMDoubleBufferFlushThread] INFO  ratis.OzoneManagerDoubleBuffer (OzoneManagerDoubleBuffer.java:flushTransactions(385)) - OMDoubleBuffer flush thread OMDoubleBufferFlushThread is interrupted and will exit.
2022-10-16 13:17:29,949 [Listener at 127.0.0.1/38953] INFO  server.RaftServer$Division (ServerState.java:close(429)) - om1@group-C5BA1605619E: closes. applyIndex: 8
2022-10-16 13:17:29,949 [om1@group-C5BA1605619E-SegmentedRaftLogWorker] INFO  segmented.SegmentedRaftLogWorker (SegmentedRaftLogWorker.java:run(336)) - om1@group-C5BA1605619E-SegmentedRaftLogWorker was interrupted, exiting. There are 0 tasks remaining in the queue.
2022-10-16 13:17:29,950 [Listener at 127.0.0.1/38953] INFO  segmented.SegmentedRaftLogWorker (SegmentedRaftLogWorker.java:close(246)) - om1@group-C5BA1605619E-SegmentedRaftLogWorker close()
2022-10-16 13:17:29,950 [Listener at 127.0.0.1/38953] INFO  server.GrpcService (GrpcService.java:closeImpl(269)) - om1: shutdown server with port 9872 now
2022-10-16 13:17:29,951 [Listener at 127.0.0.1/38953] INFO  server.GrpcService (GrpcService.java:closeImpl(278)) - om1: shutdown server with port 9872 successfully
2022-10-16 13:17:29,951 [org.apache.ratis.util.JvmPauseMonitor$$Lambda$639/339294883@765b7509] INFO  util.JvmPauseMonitor (JvmPauseMonitor.java:run(109)) - JvmPauseMonitor-om1: Stopped
2022-10-16 13:17:29,951 [Listener at 127.0.0.1/38953] INFO  ratis.OzoneManagerStateMachine (OzoneManagerStateMachine.java:close(495)) - StateMachine has shutdown. Shutdown OzoneManager if not already shutdown.
2022-10-16 13:17:29,951 [Listener at 127.0.0.1/38953] INFO  ratis.OzoneManagerDoubleBuffer (OzoneManagerDoubleBuffer.java:stop(478)) - OMDoubleBuffer flush thread is not running.
2022-10-16 13:17:29,951 [Listener at 127.0.0.1/38953] INFO  utils.BackgroundService (BackgroundService.java:shutdown(141)) - Shutting down service KeyDeletingService
2022-10-16 13:17:29,951 [Listener at 127.0.0.1/38953] INFO  utils.BackgroundService (BackgroundService.java:shutdown(141)) - Shutting down service DirectoryDeletingService
2022-10-16 13:17:29,951 [Listener at 127.0.0.1/38953] INFO  utils.BackgroundService (BackgroundService.java:shutdown(141)) - Shutting down service OpenKeyCleanupService
2022-10-16 13:17:29,952 [Listener at 127.0.0.1/38953] INFO  handler.ContextHandler (ContextHandler.java:doStop(1153)) - Stopped o.e.j.w.WebAppContext@2daaee0a{ozoneManager,/,null,STOPPED}{file:/home/runner/work/ozone/ozone/hadoop-ozone/integration-test/target/test-classes/webapps/ozoneManager}
2022-10-16 13:17:29,952 [Listener at 127.0.0.1/38953] INFO  server.AbstractConnector (AbstractConnector.java:doStop(381)) - Stopped ServerConnector@b9521d{HTTP/1.1, (http/1.1)}{0.0.0.0:0}
2022-10-16 13:17:29,952 [Listener at 127.0.0.1/38953] INFO  server.session (HouseKeeper.java:stopScavenging(149)) - node0 Stopped scavenging
2022-10-16 13:17:29,952 [Listener at 127.0.0.1/38953] INFO  handler.ContextHandler (ContextHandler.java:doStop(1153)) - Stopped o.e.j.s.ServletContextHandler@2d6b5f54{static,/static,file:///home/runner/work/ozone/ozone/hadoop-ozone/integration-test/target/test-classes/webapps/static,STOPPED}
2022-10-16 13:17:29,952 [Listener at 127.0.0.1/38953] INFO  handler.ContextHandler (ContextHandler.java:doStop(1153)) - Stopped o.e.j.s.ServletContextHandler@7acf5e7{logs,/logs,file:///home/runner/work/ozone/ozone/hadoop-ozone/integration-test/target/log,STOPPED}
2022-10-16 13:17:29,954 [Listener at 127.0.0.1/38953] INFO  ozone.MiniOzoneClusterImpl (MiniOzoneClusterImpl.java:stopDatanodes(522)) - Stopping the HddsDatanodes
2022-10-16 13:17:29,955 [Listener at 127.0.0.1/38953] INFO  ozoneimpl.OzoneContainer (OzoneContainer.java:stop(400)) - Attempting to stop container services.
2022-10-16 13:17:29,955 [ForkJoinPool.commonPool-worker-0] INFO  ozoneimpl.OzoneContainer (OzoneContainer.java:stop(400)) - Attempting to stop container services.
2022-10-16 13:17:29,956 [Listener at 127.0.0.1/38953] INFO  server.RaftServer (RaftServerProxy.java:lambda$close$7(398)) - 268c6115-4458-4e34-8b6d-1bd6823028ea: close
2022-10-16 13:17:29,956 [ForkJoinPool.commonPool-worker-0] INFO  server.RaftServer (RaftServerProxy.java:lambda$close$7(398)) - cae8df96-28f8-48f4-971d-f081efd69332: close
2022-10-16 13:17:29,956 [Listener at 127.0.0.1/38953] INFO  server.RaftServer$Division (RaftServerImpl.java:lambda$close$4(434)) - 268c6115-4458-4e34-8b6d-1bd6823028ea@group-05735183B7A5: shutdown
2022-10-16 13:17:29,956 [ForkJoinPool.commonPool-worker-0] INFO  server.RaftServer$Division (RaftServerImpl.java:lambda$close$4(434)) - cae8df96-28f8-48f4-971d-f081efd69332@group-05735183B7A5: shutdown
2022-10-16 13:17:29,956 [Listener at 127.0.0.1/38953] INFO  util.JmxRegister (JmxRegister.java:unregister(73)) - Successfully un-registered JMX Bean with object name Ratis:service=RaftServer,group=group-05735183B7A5,id=268c6115-4458-4e34-8b6d-1bd6823028ea
2022-10-16 13:17:29,957 [Listener at 127.0.0.1/38953] INFO  impl.RoleInfo (RoleInfo.java:shutdownLeaderState(93)) - 268c6115-4458-4e34-8b6d-1bd6823028ea: shutdown 268c6115-4458-4e34-8b6d-1bd6823028ea@group-05735183B7A5-LeaderStateImpl
2022-10-16 13:17:29,957 [268c6115-4458-4e34-8b6d-1bd6823028ea@group-05735183B7A5->21c95474-1f17-4861-8a2e-c716fe1b7093-GrpcLogAppender-LogAppenderDaemon] WARN  server.GrpcLogAppender (GrpcLogAppender.java:mayWait(171)) - 268c6115-4458-4e34-8b6d-1bd6823028ea@group-05735183B7A5->21c95474-1f17-4861-8a2e-c716fe1b7093-GrpcLogAppender: Wait interrupted by java.lang.InterruptedException
2022-10-16 13:17:29,957 [Listener at 127.0.0.1/38953] INFO  impl.PendingRequests (PendingRequests.java:sendNotLeaderResponses(282)) - 268c6115-4458-4e34-8b6d-1bd6823028ea@group-05735183B7A5-PendingRequests: sendNotLeaderResponses
2022-10-16 13:17:29,956 [ForkJoinPool.commonPool-worker-0] INFO  util.JmxRegister (JmxRegister.java:unregister(73)) - Successfully un-registered JMX Bean with object name Ratis:service=RaftServer,group=group-05735183B7A5,id=cae8df96-28f8-48f4-971d-f081efd69332
2022-10-16 13:17:29,959 [268c6115-4458-4e34-8b6d-1bd6823028ea@group-05735183B7A5->cae8df96-28f8-48f4-971d-f081efd69332-GrpcLogAppender-LogAppenderDaemon] WARN  server.GrpcLogAppender (GrpcLogAppender.java:mayWait(171)) - 268c6115-4458-4e34-8b6d-1bd6823028ea@group-05735183B7A5->cae8df96-28f8-48f4-971d-f081efd69332-GrpcLogAppender: Wait interrupted by java.lang.InterruptedException
2022-10-16 13:17:29,960 [ForkJoinPool.commonPool-worker-0] INFO  impl.RoleInfo (RoleInfo.java:shutdownFollowerState(110)) - cae8df96-28f8-48f4-971d-f081efd69332: shutdown cae8df96-28f8-48f4-971d-f081efd69332@group-05735183B7A5-FollowerState
2022-10-16 13:17:29,960 [ForkJoinPool.commonPool-worker-0] INFO  impl.StateMachineUpdater (StateMachineUpdater.java:stopAndJoin(153)) - cae8df96-28f8-48f4-971d-f081efd69332@group-05735183B7A5-StateMachineUpdater: set stopIndex = 7
2022-10-16 13:17:29,960 [cae8df96-28f8-48f4-971d-f081efd69332@group-05735183B7A5-FollowerState] INFO  impl.FollowerState (FollowerState.java:run(152)) - cae8df96-28f8-48f4-971d-f081efd69332@group-05735183B7A5-FollowerState was interrupted
2022-10-16 13:17:29,961 [grpc-default-executor-8] INFO  server.GrpcServerProtocolService (GrpcServerProtocolService.java:onCompleted(140)) - cae8df96-28f8-48f4-971d-f081efd69332: Completed APPEND_ENTRIES, lastRequest: 268c6115-4458-4e34-8b6d-1bd6823028ea->cae8df96-28f8-48f4-971d-f081efd69332#141-t6,previous=(t:6, i:7),leaderCommit=7,initializing? true,entries: size=1, first=(t:6, i:8), METADATAENTRY(c:7)
2022-10-16 13:17:29,963 [cae8df96-28f8-48f4-971d-f081efd69332@group-05735183B7A5-StateMachineUpdater] INFO  ratis.ContainerStateMachine (ContainerStateMachine.java:takeSnapshot(304)) - group-05735183B7A5: Taking a snapshot at:(t:6, i:7) file /home/runner/work/ozone/ozone/hadoop-ozone/integration-test/target/test-dir/MiniOzoneClusterImpl-5315970d-89dc-4906-bf44-ab8df33b815f/datanode-1/data/ratis/f060db0b-b8ed-47d7-b2f1-05735183b7a5/sm/snapshot.6_7
2022-10-16 13:17:29,963 [grpc-default-executor-0] INFO  server.GrpcLogAppender (GrpcLogAppender.java:onCompleted(339)) - 268c6115-4458-4e34-8b6d-1bd6823028ea@group-05735183B7A5->cae8df96-28f8-48f4-971d-f081efd69332-AppendLogResponseHandler: follower responses appendEntries COMPLETED
2022-10-16 13:17:29,963 [grpc-default-executor-0] INFO  leader.FollowerInfo (FollowerInfoImpl.java:lambda$new$0(48)) - 268c6115-4458-4e34-8b6d-1bd6823028ea@group-05735183B7A5->cae8df96-28f8-48f4-971d-f081efd69332: nextIndex: updateUnconditionally 9 -> 8
2022-10-16 13:17:29,964 [cae8df96-28f8-48f4-971d-f081efd69332@group-05735183B7A5-StateMachineUpdater] INFO  ratis.ContainerStateMachine (ContainerStateMachine.java:takeSnapshot(315)) - group-05735183B7A5: Finished taking a snapshot at:(t:6, i:7) file:/home/runner/work/ozone/ozone/hadoop-ozone/integration-test/target/test-dir/MiniOzoneClusterImpl-5315970d-89dc-4906-bf44-ab8df33b815f/datanode-1/data/ratis/f060db0b-b8ed-47d7-b2f1-05735183b7a5/sm/snapshot.6_7 took: 2 ms
2022-10-16 13:17:29,964 [cae8df96-28f8-48f4-971d-f081efd69332@group-05735183B7A5-StateMachineUpdater] INFO  impl.StateMachineUpdater (StateMachineUpdater.java:takeSnapshot(287)) - cae8df96-28f8-48f4-971d-f081efd69332@group-05735183B7A5-StateMachineUpdater: Took a snapshot at index 7
2022-10-16 13:17:29,964 [cae8df96-28f8-48f4-971d-f081efd69332@group-05735183B7A5-StateMachineUpdater] INFO  impl.StateMachineUpdater (StateMachineUpdater.java:lambda$new$0(92)) - cae8df96-28f8-48f4-971d-f081efd69332@group-05735183B7A5-StateMachineUpdater: snapshotIndex: updateIncreasingly -1 -> 7
2022-10-16 13:17:29,965 [ForkJoinPool.commonPool-worker-0] INFO  server.RaftServer$Division (ServerState.java:close(429)) - cae8df96-28f8-48f4-971d-f081efd69332@group-05735183B7A5: closes. applyIndex: 7
2022-10-16 13:17:29,965 [cae8df96-28f8-48f4-971d-f081efd69332@group-05735183B7A5-SegmentedRaftLogWorker] INFO  segmented.SegmentedRaftLogWorker (SegmentedRaftLogWorker.java:run(336)) - cae8df96-28f8-48f4-971d-f081efd69332@group-05735183B7A5-SegmentedRaftLogWorker was interrupted, exiting. There are 0 tasks remaining in the queue.
2022-10-16 13:17:29,965 [ForkJoinPool.commonPool-worker-0] INFO  segmented.SegmentedRaftLogWorker (SegmentedRaftLogWorker.java:close(246)) - cae8df96-28f8-48f4-971d-f081efd69332@group-05735183B7A5-SegmentedRaftLogWorker close()
2022-10-16 13:17:29,966 [ForkJoinPool.commonPool-worker-0] INFO  server.RaftServer$Division (RaftServerImpl.java:lambda$close$4(434)) - cae8df96-28f8-48f4-971d-f081efd69332@group-785FB67216D7: shutdown
2022-10-16 13:17:29,966 [ForkJoinPool.commonPool-worker-0] INFO  util.JmxRegister (JmxRegister.java:unregister(73)) - Successfully un-registered JMX Bean with object name Ratis:service=RaftServer,group=group-785FB67216D7,id=cae8df96-28f8-48f4-971d-f081efd69332
2022-10-16 13:17:29,967 [ForkJoinPool.commonPool-worker-0] INFO  impl.RoleInfo (RoleInfo.java:shutdownLeaderState(93)) - cae8df96-28f8-48f4-971d-f081efd69332: shutdown cae8df96-28f8-48f4-971d-f081efd69332@group-785FB67216D7-LeaderStateImpl
2022-10-16 13:17:29,967 [ForkJoinPool.commonPool-worker-0] INFO  impl.PendingRequests (PendingRequests.java:sendNotLeaderResponses(282)) - cae8df96-28f8-48f4-971d-f081efd69332@group-785FB67216D7-PendingRequests: sendNotLeaderResponses
2022-10-16 13:17:29,967 [ForkJoinPool.commonPool-worker-0] INFO  impl.StateMachineUpdater (StateMachineUpdater.java:stopAndJoin(153)) - cae8df96-28f8-48f4-971d-f081efd69332@group-785FB67216D7-StateMachineUpdater: set stopIndex = 0
2022-10-16 13:17:29,968 [cae8df96-28f8-48f4-971d-f081efd69332@group-785FB67216D7-StateMachineUpdater] INFO  ratis.ContainerStateMachine (ContainerStateMachine.java:takeSnapshot(304)) - group-785FB67216D7: Taking a snapshot at:(t:1, i:0) file /home/runner/work/ozone/ozone/hadoop-ozone/integration-test/target/test-dir/MiniOzoneClusterImpl-5315970d-89dc-4906-bf44-ab8df33b815f/datanode-1/data/ratis/e644d672-043c-41d5-b3e0-785fb67216d7/sm/snapshot.1_0
2022-10-16 13:17:29,968 [268c6115-4458-4e34-8b6d-1bd6823028ea@group-05735183B7A5-StateMachineUpdater] INFO  ratis.ContainerStateMachine (ContainerStateMachine.java:takeSnapshot(304)) - group-05735183B7A5: Taking a snapshot at:(t:6, i:8) file /home/runner/work/ozone/ozone/hadoop-ozone/integration-test/target/test-dir/MiniOzoneClusterImpl-5315970d-89dc-4906-bf44-ab8df33b815f/datanode-2/data/ratis/f060db0b-b8ed-47d7-b2f1-05735183b7a5/sm/snapshot.6_8
2022-10-16 13:17:29,968 [Listener at 127.0.0.1/38953] INFO  impl.StateMachineUpdater (StateMachineUpdater.java:stopAndJoin(153)) - 268c6115-4458-4e34-8b6d-1bd6823028ea@group-05735183B7A5-StateMachineUpdater: set stopIndex = 8
2022-10-16 13:17:29,969 [cae8df96-28f8-48f4-971d-f081efd69332@group-785FB67216D7-StateMachineUpdater] INFO  ratis.ContainerStateMachine (ContainerStateMachine.java:takeSnapshot(315)) - group-785FB67216D7: Finished taking a snapshot at:(t:1, i:0) file:/home/runner/work/ozone/ozone/hadoop-ozone/integration-test/target/test-dir/MiniOzoneClusterImpl-5315970d-89dc-4906-bf44-ab8df33b815f/datanode-1/data/ratis/e644d672-043c-41d5-b3e0-785fb67216d7/sm/snapshot.1_0 took: 2 ms
2022-10-16 13:17:29,969 [cae8df96-28f8-48f4-971d-f081efd69332@group-785FB67216D7-StateMachineUpdater] INFO  impl.StateMachineUpdater (StateMachineUpdater.java:takeSnapshot(287)) - cae8df96-28f8-48f4-971d-f081efd69332@group-785FB67216D7-StateMachineUpdater: Took a snapshot at index 0
2022-10-16 13:17:29,969 [cae8df96-28f8-48f4-971d-f081efd69332@group-785FB67216D7-StateMachineUpdater] INFO  impl.StateMachineUpdater (StateMachineUpdater.java:lambda$new$0(92)) - cae8df96-28f8-48f4-971d-f081efd69332@group-785FB67216D7-StateMachineUpdater: snapshotIndex: updateIncreasingly -1 -> 0
2022-10-16 13:17:29,969 [ForkJoinPool.commonPool-worker-0] INFO  server.RaftServer$Division (ServerState.java:close(429)) - cae8df96-28f8-48f4-971d-f081efd69332@group-785FB67216D7: closes. applyIndex: 0
2022-10-16 13:17:29,969 [cae8df96-28f8-48f4-971d-f081efd69332@group-785FB67216D7-SegmentedRaftLogWorker] INFO  segmented.SegmentedRaftLogWorker (SegmentedRaftLogWorker.java:run(336)) - cae8df96-28f8-48f4-971d-f081efd69332@group-785FB67216D7-SegmentedRaftLogWorker was interrupted, exiting. There are 0 tasks remaining in the queue.
2022-10-16 13:17:29,969 [ForkJoinPool.commonPool-worker-0] INFO  segmented.SegmentedRaftLogWorker (SegmentedRaftLogWorker.java:close(246)) - cae8df96-28f8-48f4-971d-f081efd69332@group-785FB67216D7-SegmentedRaftLogWorker close()
2022-10-16 13:17:29,970 [268c6115-4458-4e34-8b6d-1bd6823028ea@group-05735183B7A5-StateMachineUpdater] INFO  ratis.ContainerStateMachine (ContainerStateMachine.java:takeSnapshot(315)) - group-05735183B7A5: Finished taking a snapshot at:(t:6, i:8) file:/home/runner/work/ozone/ozone/hadoop-ozone/integration-test/target/test-dir/MiniOzoneClusterImpl-5315970d-89dc-4906-bf44-ab8df33b815f/datanode-2/data/ratis/f060db0b-b8ed-47d7-b2f1-05735183b7a5/sm/snapshot.6_8 took: 1 ms
2022-10-16 13:17:29,970 [268c6115-4458-4e34-8b6d-1bd6823028ea@group-05735183B7A5-StateMachineUpdater] INFO  impl.StateMachineUpdater (StateMachineUpdater.java:takeSnapshot(287)) - 268c6115-4458-4e34-8b6d-1bd6823028ea@group-05735183B7A5-StateMachineUpdater: Took a snapshot at index 8
2022-10-16 13:17:29,970 [268c6115-4458-4e34-8b6d-1bd6823028ea@group-05735183B7A5-StateMachineUpdater] INFO  impl.StateMachineUpdater (StateMachineUpdater.java:lambda$new$0(92)) - 268c6115-4458-4e34-8b6d-1bd6823028ea@group-05735183B7A5-StateMachineUpdater: snapshotIndex: updateIncreasingly -1 -> 8
2022-10-16 13:17:29,971 [ForkJoinPool.commonPool-worker-0] INFO  server.GrpcService (GrpcService.java:closeImpl(269)) - cae8df96-28f8-48f4-971d-f081efd69332: shutdown server with port 44437 now
2022-10-16 13:17:29,973 [Listener at 127.0.0.1/38953] INFO  server.RaftServer$Division (ServerState.java:close(429)) - 268c6115-4458-4e34-8b6d-1bd6823028ea@group-05735183B7A5: closes. applyIndex: 8
2022-10-16 13:17:29,973 [268c6115-4458-4e34-8b6d-1bd6823028ea@group-05735183B7A5-SegmentedRaftLogWorker] INFO  segmented.SegmentedRaftLogWorker (SegmentedRaftLogWorker.java:run(336)) - 268c6115-4458-4e34-8b6d-1bd6823028ea@group-05735183B7A5-SegmentedRaftLogWorker was interrupted, exiting. There are 0 tasks remaining in the queue.
2022-10-16 13:17:29,973 [Listener at 127.0.0.1/38953] INFO  segmented.SegmentedRaftLogWorker (SegmentedRaftLogWorker.java:close(246)) - 268c6115-4458-4e34-8b6d-1bd6823028ea@group-05735183B7A5-SegmentedRaftLogWorker close()
2022-10-16 13:17:29,974 [Listener at 127.0.0.1/38953] INFO  server.RaftServer$Division (RaftServerImpl.java:lambda$close$4(434)) - 268c6115-4458-4e34-8b6d-1bd6823028ea@group-D901732DF4D1: shutdown
2022-10-16 13:17:29,975 [Listener at 127.0.0.1/38953] INFO  util.JmxRegister (JmxRegister.java:unregister(73)) - Successfully un-registered JMX Bean with object name Ratis:service=RaftServer,group=group-D901732DF4D1,id=268c6115-4458-4e34-8b6d-1bd6823028ea
2022-10-16 13:17:29,975 [Listener at 127.0.0.1/38953] INFO  impl.RoleInfo (RoleInfo.java:shutdownLeaderState(93)) - 268c6115-4458-4e34-8b6d-1bd6823028ea: shutdown 268c6115-4458-4e34-8b6d-1bd6823028ea@group-D901732DF4D1-LeaderStateImpl
2022-10-16 13:17:29,975 [Listener at 127.0.0.1/38953] INFO  impl.PendingRequests (PendingRequests.java:sendNotLeaderResponses(282)) - 268c6115-4458-4e34-8b6d-1bd6823028ea@group-D901732DF4D1-PendingRequests: sendNotLeaderResponses
2022-10-16 13:17:29,976 [Listener at 127.0.0.1/38953] INFO  impl.StateMachineUpdater (StateMachineUpdater.java:stopAndJoin(153)) - 268c6115-4458-4e34-8b6d-1bd6823028ea@group-D901732DF4D1-StateMachineUpdater: set stopIndex = 0
2022-10-16 13:17:29,976 [268c6115-4458-4e34-8b6d-1bd6823028ea@group-D901732DF4D1-StateMachineUpdater] INFO  ratis.ContainerStateMachine (ContainerStateMachine.java:takeSnapshot(304)) - group-D901732DF4D1: Taking a snapshot at:(t:1, i:0) file /home/runner/work/ozone/ozone/hadoop-ozone/integration-test/target/test-dir/MiniOzoneClusterImpl-5315970d-89dc-4906-bf44-ab8df33b815f/datanode-2/data/ratis/40499f5d-baa0-4e80-8607-d901732df4d1/sm/snapshot.1_0
2022-10-16 13:17:29,977 [268c6115-4458-4e34-8b6d-1bd6823028ea@group-D901732DF4D1-StateMachineUpdater] INFO  ratis.ContainerStateMachine (ContainerStateMachine.java:takeSnapshot(315)) - group-D901732DF4D1: Finished taking a snapshot at:(t:1, i:0) file:/home/runner/work/ozone/ozone/hadoop-ozone/integration-test/target/test-dir/MiniOzoneClusterImpl-5315970d-89dc-4906-bf44-ab8df33b815f/datanode-2/data/ratis/40499f5d-baa0-4e80-8607-d901732df4d1/sm/snapshot.1_0 took: 1 ms
2022-10-16 13:17:29,977 [268c6115-4458-4e34-8b6d-1bd6823028ea@group-D901732DF4D1-StateMachineUpdater] INFO  impl.StateMachineUpdater (StateMachineUpdater.java:takeSnapshot(287)) - 268c6115-4458-4e34-8b6d-1bd6823028ea@group-D901732DF4D1-StateMachineUpdater: Took a snapshot at index 0
2022-10-16 13:17:29,977 [268c6115-4458-4e34-8b6d-1bd6823028ea@group-D901732DF4D1-StateMachineUpdater] INFO  impl.StateMachineUpdater (StateMachineUpdater.java:lambda$new$0(92)) - 268c6115-4458-4e34-8b6d-1bd6823028ea@group-D901732DF4D1-StateMachineUpdater: snapshotIndex: updateIncreasingly -1 -> 0
2022-10-16 13:17:29,977 [Listener at 127.0.0.1/38953] INFO  server.RaftServer$Division (ServerState.java:close(429)) - 268c6115-4458-4e34-8b6d-1bd6823028ea@group-D901732DF4D1: closes. applyIndex: 0
2022-10-16 13:17:29,978 [268c6115-4458-4e34-8b6d-1bd6823028ea@group-D901732DF4D1-SegmentedRaftLogWorker] INFO  segmented.SegmentedRaftLogWorker (SegmentedRaftLogWorker.java:run(336)) - 268c6115-4458-4e34-8b6d-1bd6823028ea@group-D901732DF4D1-SegmentedRaftLogWorker was interrupted, exiting. There are 0 tasks remaining in the queue.
2022-10-16 13:17:29,978 [Listener at 127.0.0.1/38953] INFO  segmented.SegmentedRaftLogWorker (SegmentedRaftLogWorker.java:close(246)) - 268c6115-4458-4e34-8b6d-1bd6823028ea@group-D901732DF4D1-SegmentedRaftLogWorker close()
2022-10-16 13:17:29,978 [ForkJoinPool.commonPool-worker-0] INFO  server.GrpcService (GrpcService.java:closeImpl(278)) - cae8df96-28f8-48f4-971d-f081efd69332: shutdown server with port 44437 successfully
2022-10-16 13:17:29,979 [org.apache.ratis.util.JvmPauseMonitor$$Lambda$639/339294883@6b371542] INFO  util.JvmPauseMonitor (JvmPauseMonitor.java:run(109)) - JvmPauseMonitor-cae8df96-28f8-48f4-971d-f081efd69332: Stopped
2022-10-16 13:17:29,979 [Listener at 127.0.0.1/38953] INFO  server.GrpcService (GrpcService.java:closeImpl(269)) - 268c6115-4458-4e34-8b6d-1bd6823028ea: shutdown server with port 33559 now
2022-10-16 13:17:29,983 [Listener at 127.0.0.1/38953] INFO  server.GrpcService (GrpcService.java:closeImpl(278)) - 268c6115-4458-4e34-8b6d-1bd6823028ea: shutdown server with port 33559 successfully
2022-10-16 13:17:29,983 [org.apache.ratis.util.JvmPauseMonitor$$Lambda$639/339294883@57821739] INFO  util.JvmPauseMonitor (JvmPauseMonitor.java:run(109)) - JvmPauseMonitor-268c6115-4458-4e34-8b6d-1bd6823028ea: Stopped
2022-10-16 13:17:30,158 [ReplicationMonitor] INFO  replication.ReplicationManager (ReplicationManager.java:processAll(324)) - Replication Monitor Thread took 1 milliseconds for processing 7 containers.
2022-10-16 13:17:30,614 [EventQueue-StaleNodeForStaleNodeHandler] INFO  node.StaleNodeHandler (StaleNodeHandler.java:onMessage(59)) - Datanode 21c95474-1f17-4861-8a2e-c716fe1b7093{ip: 10.1.0.60, host: fv-az308-250.etcbaq1qs54eplwmrjlabigyle.cx.internal.cloudapp.net, ports: [REPLICATION=34623, RATIS=37539, RATIS_ADMIN=37539, RATIS_SERVER=37539, STANDALONE=34945], networkLocation: /default-rack, certSerialId: null, persistedOpState: IN_SERVICE, persistedOpStateExpiryEpochSec: 0} moved to stale state. Finalizing its pipelines [PipelineID=f060db0b-b8ed-47d7-b2f1-05735183b7a5, PipelineID=32fbd61d-8336-4e76-b23c-e4e75ccdf3fb]
2022-10-16 13:17:30,615 [EventQueue-StaleNodeForStaleNodeHandler] INFO  pipeline.PipelineManagerImpl (PipelineManagerImpl.java:closePipeline(442)) - Pipeline Pipeline[ Id: f060db0b-b8ed-47d7-b2f1-05735183b7a5, Nodes: 21c95474-1f17-4861-8a2e-c716fe1b7093{ip: 10.1.0.60, host: fv-az308-250.etcbaq1qs54eplwmrjlabigyle.cx.internal.cloudapp.net, ports: [REPLICATION=34623, RATIS=37539, RATIS_ADMIN=37539, RATIS_SERVER=37539, STANDALONE=34945], networkLocation: /default-rack, certSerialId: null, persistedOpState: IN_SERVICE, persistedOpStateExpiryEpochSec: 0}cae8df96-28f8-48f4-971d-f081efd69332{ip: 10.1.0.60, host: fv-az308-250.etcbaq1qs54eplwmrjlabigyle.cx.internal.cloudapp.net, ports: [REPLICATION=35757, RATIS=44437, RATIS_ADMIN=44437, RATIS_SERVER=44437, STANDALONE=32801], networkLocation: /default-rack, certSerialId: null, persistedOpState: IN_SERVICE, persistedOpStateExpiryEpochSec: 0}268c6115-4458-4e34-8b6d-1bd6823028ea{ip: 10.1.0.60, host: fv-az308-250.etcbaq1qs54eplwmrjlabigyle.cx.internal.cloudapp.net, ports: [REPLICATION=41301, RATIS=33559, RATIS_ADMIN=33559, RATIS_SERVER=33559, STANDALONE=38573], networkLocation: /default-rack, certSerialId: null, persistedOpState: IN_SERVICE, persistedOpStateExpiryEpochSec: 0}, ReplicationConfig: RATIS/THREE, State:OPEN, leaderId:268c6115-4458-4e34-8b6d-1bd6823028ea, CreationTimestamp2022-10-16T13:16:52.586Z[Etc/UTC]] moved to CLOSED state
2022-10-16 13:17:30,615 [EventQueue-StaleNodeForStaleNodeHandler] INFO  pipeline.PipelineManagerImpl (PipelineManagerImpl.java:closePipeline(442)) - Pipeline Pipeline[ Id: 32fbd61d-8336-4e76-b23c-e4e75ccdf3fb, Nodes: 21c95474-1f17-4861-8a2e-c716fe1b7093{ip: 10.1.0.60, host: fv-az308-250.etcbaq1qs54eplwmrjlabigyle.cx.internal.cloudapp.net, ports: [REPLICATION=34623, RATIS=37539, RATIS_ADMIN=37539, RATIS_SERVER=37539, STANDALONE=34945], networkLocation: /default-rack, certSerialId: null, persistedOpState: IN_SERVICE, persistedOpStateExpiryEpochSec: 0}, ReplicationConfig: RATIS/ONE, State:OPEN, leaderId:21c95474-1f17-4861-8a2e-c716fe1b7093, CreationTimestamp2022-10-16T13:16:52.001Z[Etc/UTC]] moved to CLOSED state
2022-10-16 13:17:30,876 [ReplicationMonitor] INFO  replication.ReplicationManager (ReplicationManager.java:processAll(324)) - Replication Monitor Thread took 0 milliseconds for processing 1 containers.
2022-10-16 13:17:31,158 [ReplicationMonitor] INFO  replication.ReplicationManager (ReplicationManager.java:processAll(324)) - Replication Monitor Thread took 0 milliseconds for processing 7 containers.
2022-10-16 13:17:31,876 [ReplicationMonitor] INFO  replication.ReplicationManager (ReplicationManager.java:processAll(324)) - Replication Monitor Thread took 0 milliseconds for processing 1 containers.
2022-10-16 13:17:31,990 [ForkJoinPool.commonPool-worker-0] INFO  utils.BackgroundService (BackgroundService.java:shutdown(141)) - Shutting down service BlockDeletingService
2022-10-16 13:17:31,991 [ForkJoinPool.commonPool-worker-0] INFO  utils.BackgroundService (BackgroundService.java:shutdown(141)) - Shutting down service StaleRecoveringContainerScrubbingService
2022-10-16 13:17:31,994 [ForkJoinPool.commonPool-worker-0] INFO  statemachine.DatanodeStateMachine (DatanodeStateMachine.java:stopDaemon(580)) - Ozone container server stopped.
2022-10-16 13:17:31,994 [Listener at 127.0.0.1/38953] INFO  utils.BackgroundService (BackgroundService.java:shutdown(141)) - Shutting down service BlockDeletingService
2022-10-16 13:17:31,995 [Listener at 127.0.0.1/38953] INFO  utils.BackgroundService (BackgroundService.java:shutdown(141)) - Shutting down service StaleRecoveringContainerScrubbingService
2022-10-16 13:17:32,000 [Listener at 127.0.0.1/38953] INFO  statemachine.DatanodeStateMachine (DatanodeStateMachine.java:stopDaemon(580)) - Ozone container server stopped.
2022-10-16 13:17:32,009 [ForkJoinPool.commonPool-worker-0] INFO  handler.ContextHandler (ContextHandler.java:doStop(1153)) - Stopped o.e.j.w.WebAppContext@6940b4b{hddsDatanode,/,null,STOPPED}{jar:file:/home/runner/.m2/repository/org/apache/ozone/hdds-container-service/1.3.0-SNAPSHOT/hdds-container-service-1.3.0-SNAPSHOT.jar!/webapps/hddsDatanode}
2022-10-16 13:17:32,010 [Listener at 127.0.0.1/38953] INFO  handler.ContextHandler (ContextHandler.java:doStop(1153)) - Stopped o.e.j.w.WebAppContext@30b4d2a5{hddsDatanode,/,null,STOPPED}{jar:file:/home/runner/.m2/repository/org/apache/ozone/hdds-container-service/1.3.0-SNAPSHOT/hdds-container-service-1.3.0-SNAPSHOT.jar!/webapps/hddsDatanode}
2022-10-16 13:17:32,010 [ForkJoinPool.commonPool-worker-0] INFO  server.AbstractConnector (AbstractConnector.java:doStop(381)) - Stopped ServerConnector@76ed063a{HTTP/1.1, (http/1.1)}{0.0.0.0:0}
2022-10-16 13:17:32,010 [ForkJoinPool.commonPool-worker-0] INFO  server.session (HouseKeeper.java:stopScavenging(149)) - node0 Stopped scavenging
2022-10-16 13:17:32,010 [Listener at 127.0.0.1/38953] INFO  server.AbstractConnector (AbstractConnector.java:doStop(381)) - Stopped ServerConnector@4a92a525{HTTP/1.1, (http/1.1)}{0.0.0.0:0}
2022-10-16 13:17:32,010 [Listener at 127.0.0.1/38953] INFO  server.session (HouseKeeper.java:stopScavenging(149)) - node0 Stopped scavenging
2022-10-16 13:17:32,012 [Listener at 127.0.0.1/38953] INFO  handler.ContextHandler (ContextHandler.java:doStop(1153)) - Stopped o.e.j.s.ServletContextHandler@31608190{static,/static,jar:file:/home/runner/.m2/repository/org/apache/ozone/hdds-container-service/1.3.0-SNAPSHOT/hdds-container-service-1.3.0-SNAPSHOT.jar!/webapps/static,STOPPED}
2022-10-16 13:17:32,012 [Listener at 127.0.0.1/38953] INFO  handler.ContextHandler (ContextHandler.java:doStop(1153)) - Stopped o.e.j.s.ServletContextHandler@633e3782{logs,/logs,file:///home/runner/work/ozone/ozone/hadoop-ozone/integration-test/target/log,STOPPED}
2022-10-16 13:17:32,012 [ForkJoinPool.commonPool-worker-0] INFO  handler.ContextHandler (ContextHandler.java:doStop(1153)) - Stopped o.e.j.s.ServletContextHandler@6aca4c40{static,/static,jar:file:/home/runner/.m2/repository/org/apache/ozone/hdds-container-service/1.3.0-SNAPSHOT/hdds-container-service-1.3.0-SNAPSHOT.jar!/webapps/static,STOPPED}
2022-10-16 13:17:32,013 [ForkJoinPool.commonPool-worker-0] INFO  handler.ContextHandler (ContextHandler.java:doStop(1153)) - Stopped o.e.j.s.ServletContextHandler@5161614b{logs,/logs,file:///home/runner/work/ozone/ozone/hadoop-ozone/integration-test/target/log,STOPPED}
2022-10-16 13:17:32,015 [Listener at 127.0.0.1/38953] INFO  ozoneimpl.OzoneContainer (OzoneContainer.java:stop(400)) - Attempting to stop container services.
2022-10-16 13:17:32,015 [Listener at 127.0.0.1/38953] INFO  server.RaftServer (RaftServerProxy.java:lambda$close$7(398)) - efd91ef8-0566-4c2a-a86b-b52e3738f18d: close
2022-10-16 13:17:32,016 [Listener at 127.0.0.1/38953] INFO  server.RaftServer$Division (RaftServerImpl.java:lambda$close$4(434)) - efd91ef8-0566-4c2a-a86b-b52e3738f18d@group-289A443A126A: shutdown
2022-10-16 13:17:32,016 [Listener at 127.0.0.1/38953] INFO  util.JmxRegister (JmxRegister.java:unregister(73)) - Successfully un-registered JMX Bean with object name Ratis:service=RaftServer,group=group-289A443A126A,id=efd91ef8-0566-4c2a-a86b-b52e3738f18d
2022-10-16 13:17:32,016 [Listener at 127.0.0.1/38953] INFO  impl.RoleInfo (RoleInfo.java:shutdownLeaderState(93)) - efd91ef8-0566-4c2a-a86b-b52e3738f18d: shutdown efd91ef8-0566-4c2a-a86b-b52e3738f18d@group-289A443A126A-LeaderStateImpl
2022-10-16 13:17:32,016 [Listener at 127.0.0.1/38953] INFO  impl.PendingRequests (PendingRequests.java:sendNotLeaderResponses(282)) - efd91ef8-0566-4c2a-a86b-b52e3738f18d@group-289A443A126A-PendingRequests: sendNotLeaderResponses
2022-10-16 13:17:32,017 [Listener at 127.0.0.1/38953] INFO  impl.StateMachineUpdater (StateMachineUpdater.java:stopAndJoin(153)) - efd91ef8-0566-4c2a-a86b-b52e3738f18d@group-289A443A126A-StateMachineUpdater: set stopIndex = 0
2022-10-16 13:17:32,017 [efd91ef8-0566-4c2a-a86b-b52e3738f18d@group-289A443A126A-StateMachineUpdater] INFO  ratis.ContainerStateMachine (ContainerStateMachine.java:takeSnapshot(304)) - group-289A443A126A: Taking a snapshot at:(t:1, i:0) file /home/runner/work/ozone/ozone/hadoop-ozone/integration-test/target/test-dir/MiniOzoneClusterImpl-5315970d-89dc-4906-bf44-ab8df33b815f/datanode-4/data/ratis/45b11789-0e11-42a1-b847-289a443a126a/sm/snapshot.1_0
2022-10-16 13:17:32,020 [efd91ef8-0566-4c2a-a86b-b52e3738f18d@group-289A443A126A-StateMachineUpdater] INFO  ratis.ContainerStateMachine (ContainerStateMachine.java:takeSnapshot(315)) - group-289A443A126A: Finished taking a snapshot at:(t:1, i:0) file:/home/runner/work/ozone/ozone/hadoop-ozone/integration-test/target/test-dir/MiniOzoneClusterImpl-5315970d-89dc-4906-bf44-ab8df33b815f/datanode-4/data/ratis/45b11789-0e11-42a1-b847-289a443a126a/sm/snapshot.1_0 took: 3 ms
2022-10-16 13:17:32,020 [efd91ef8-0566-4c2a-a86b-b52e3738f18d@group-289A443A126A-StateMachineUpdater] INFO  impl.StateMachineUpdater (StateMachineUpdater.java:takeSnapshot(287)) - efd91ef8-0566-4c2a-a86b-b52e3738f18d@group-289A443A126A-StateMachineUpdater: Took a snapshot at index 0
2022-10-16 13:17:32,020 [efd91ef8-0566-4c2a-a86b-b52e3738f18d@group-289A443A126A-StateMachineUpdater] INFO  impl.StateMachineUpdater (StateMachineUpdater.java:lambda$new$0(92)) - efd91ef8-0566-4c2a-a86b-b52e3738f18d@group-289A443A126A-StateMachineUpdater: snapshotIndex: updateIncreasingly -1 -> 0
2022-10-16 13:17:32,021 [Listener at 127.0.0.1/38953] INFO  server.RaftServer$Division (ServerState.java:close(429)) - efd91ef8-0566-4c2a-a86b-b52e3738f18d@group-289A443A126A: closes. applyIndex: 0
2022-10-16 13:17:32,021 [efd91ef8-0566-4c2a-a86b-b52e3738f18d@group-289A443A126A-SegmentedRaftLogWorker] INFO  segmented.SegmentedRaftLogWorker (SegmentedRaftLogWorker.java:run(336)) - efd91ef8-0566-4c2a-a86b-b52e3738f18d@group-289A443A126A-SegmentedRaftLogWorker was interrupted, exiting. There are 0 tasks remaining in the queue.
2022-10-16 13:17:32,021 [Listener at 127.0.0.1/38953] INFO  segmented.SegmentedRaftLogWorker (SegmentedRaftLogWorker.java:close(246)) - efd91ef8-0566-4c2a-a86b-b52e3738f18d@group-289A443A126A-SegmentedRaftLogWorker close()
2022-10-16 13:17:32,022 [Listener at 127.0.0.1/38953] INFO  server.GrpcService (GrpcService.java:closeImpl(269)) - efd91ef8-0566-4c2a-a86b-b52e3738f18d: shutdown server with port 43933 now
2022-10-16 13:17:32,022 [Listener at 127.0.0.1/38953] INFO  server.GrpcService (GrpcService.java:closeImpl(278)) - efd91ef8-0566-4c2a-a86b-b52e3738f18d: shutdown server with port 43933 successfully
2022-10-16 13:17:32,023 [org.apache.ratis.util.JvmPauseMonitor$$Lambda$639/339294883@7a0be993] INFO  util.JvmPauseMonitor (JvmPauseMonitor.java:run(109)) - JvmPauseMonitor-efd91ef8-0566-4c2a-a86b-b52e3738f18d: Stopped
2022-10-16 13:17:32,024 [ForkJoinPool.commonPool-worker-0] INFO  ozoneimpl.OzoneContainer (OzoneContainer.java:stop(400)) - Attempting to stop container services.
2022-10-16 13:17:32,025 [ForkJoinPool.commonPool-worker-0] INFO  server.RaftServer (RaftServerProxy.java:lambda$close$7(398)) - f6802d45-866a-4aa1-bdcc-5bed762fdecb: close
2022-10-16 13:17:32,025 [ForkJoinPool.commonPool-worker-0] INFO  server.RaftServer$Division (RaftServerImpl.java:lambda$close$4(434)) - f6802d45-866a-4aa1-bdcc-5bed762fdecb@group-4B72848717EE: shutdown
2022-10-16 13:17:32,025 [ForkJoinPool.commonPool-worker-0] INFO  util.JmxRegister (JmxRegister.java:unregister(73)) - Successfully un-registered JMX Bean with object name Ratis:service=RaftServer,group=group-4B72848717EE,id=f6802d45-866a-4aa1-bdcc-5bed762fdecb
2022-10-16 13:17:32,025 [ForkJoinPool.commonPool-worker-0] INFO  impl.RoleInfo (RoleInfo.java:shutdownLeaderState(93)) - f6802d45-866a-4aa1-bdcc-5bed762fdecb: shutdown f6802d45-866a-4aa1-bdcc-5bed762fdecb@group-4B72848717EE-LeaderStateImpl
2022-10-16 13:17:32,026 [ForkJoinPool.commonPool-worker-0] INFO  impl.PendingRequests (PendingRequests.java:sendNotLeaderResponses(282)) - f6802d45-866a-4aa1-bdcc-5bed762fdecb@group-4B72848717EE-PendingRequests: sendNotLeaderResponses
2022-10-16 13:17:32,026 [ForkJoinPool.commonPool-worker-0] INFO  impl.StateMachineUpdater (StateMachineUpdater.java:stopAndJoin(153)) - f6802d45-866a-4aa1-bdcc-5bed762fdecb@group-4B72848717EE-StateMachineUpdater: set stopIndex = 0
2022-10-16 13:17:32,027 [f6802d45-866a-4aa1-bdcc-5bed762fdecb@group-4B72848717EE-StateMachineUpdater] INFO  ratis.ContainerStateMachine (ContainerStateMachine.java:takeSnapshot(304)) - group-4B72848717EE: Taking a snapshot at:(t:1, i:0) file /home/runner/work/ozone/ozone/hadoop-ozone/integration-test/target/test-dir/MiniOzoneClusterImpl-5315970d-89dc-4906-bf44-ab8df33b815f/datanode-3/data/ratis/d9c161e6-d812-4fd2-9dd0-4b72848717ee/sm/snapshot.1_0
2022-10-16 13:17:32,028 [f6802d45-866a-4aa1-bdcc-5bed762fdecb@group-4B72848717EE-StateMachineUpdater] INFO  ratis.ContainerStateMachine (ContainerStateMachine.java:takeSnapshot(315)) - group-4B72848717EE: Finished taking a snapshot at:(t:1, i:0) file:/home/runner/work/ozone/ozone/hadoop-ozone/integration-test/target/test-dir/MiniOzoneClusterImpl-5315970d-89dc-4906-bf44-ab8df33b815f/datanode-3/data/ratis/d9c161e6-d812-4fd2-9dd0-4b72848717ee/sm/snapshot.1_0 took: 2 ms
2022-10-16 13:17:32,028 [f6802d45-866a-4aa1-bdcc-5bed762fdecb@group-4B72848717EE-StateMachineUpdater] INFO  impl.StateMachineUpdater (StateMachineUpdater.java:takeSnapshot(287)) - f6802d45-866a-4aa1-bdcc-5bed762fdecb@group-4B72848717EE-StateMachineUpdater: Took a snapshot at index 0
2022-10-16 13:17:32,028 [f6802d45-866a-4aa1-bdcc-5bed762fdecb@group-4B72848717EE-StateMachineUpdater] INFO  impl.StateMachineUpdater (StateMachineUpdater.java:lambda$new$0(92)) - f6802d45-866a-4aa1-bdcc-5bed762fdecb@group-4B72848717EE-StateMachineUpdater: snapshotIndex: updateIncreasingly -1 -> 0
2022-10-16 13:17:32,028 [ForkJoinPool.commonPool-worker-0] INFO  server.RaftServer$Division (ServerState.java:close(429)) - f6802d45-866a-4aa1-bdcc-5bed762fdecb@group-4B72848717EE: closes. applyIndex: 0
2022-10-16 13:17:32,028 [f6802d45-866a-4aa1-bdcc-5bed762fdecb@group-4B72848717EE-SegmentedRaftLogWorker] INFO  segmented.SegmentedRaftLogWorker (SegmentedRaftLogWorker.java:run(336)) - f6802d45-866a-4aa1-bdcc-5bed762fdecb@group-4B72848717EE-SegmentedRaftLogWorker was interrupted, exiting. There are 0 tasks remaining in the queue.
2022-10-16 13:17:32,029 [ForkJoinPool.commonPool-worker-0] INFO  segmented.SegmentedRaftLogWorker (SegmentedRaftLogWorker.java:close(246)) - f6802d45-866a-4aa1-bdcc-5bed762fdecb@group-4B72848717EE-SegmentedRaftLogWorker close()
2022-10-16 13:17:32,029 [ForkJoinPool.commonPool-worker-0] INFO  server.GrpcService (GrpcService.java:closeImpl(269)) - f6802d45-866a-4aa1-bdcc-5bed762fdecb: shutdown server with port 45493 now
2022-10-16 13:17:32,029 [ForkJoinPool.commonPool-worker-0] INFO  server.GrpcService (GrpcService.java:closeImpl(278)) - f6802d45-866a-4aa1-bdcc-5bed762fdecb: shutdown server with port 45493 successfully
2022-10-16 13:17:32,030 [org.apache.ratis.util.JvmPauseMonitor$$Lambda$639/339294883@7aeec333] INFO  util.JvmPauseMonitor (JvmPauseMonitor.java:run(109)) - JvmPauseMonitor-f6802d45-866a-4aa1-bdcc-5bed762fdecb: Stopped
2022-10-16 13:17:32,159 [ReplicationMonitor] INFO  replication.ReplicationManager (ReplicationManager.java:processAll(324)) - Replication Monitor Thread took 1 milliseconds for processing 7 containers.
2022-10-16 13:17:32,617 [EventQueue-StaleNodeForStaleNodeHandler] INFO  node.StaleNodeHandler (StaleNodeHandler.java:onMessage(59)) - Datanode 268c6115-4458-4e34-8b6d-1bd6823028ea{ip: 10.1.0.60, host: fv-az308-250.etcbaq1qs54eplwmrjlabigyle.cx.internal.cloudapp.net, ports: [REPLICATION=41301, RATIS=33559, RATIS_ADMIN=33559, RATIS_SERVER=33559, STANDALONE=38573], networkLocation: /default-rack, certSerialId: null, persistedOpState: IN_SERVICE, persistedOpStateExpiryEpochSec: 0} moved to stale state. Finalizing its pipelines [PipelineID=f060db0b-b8ed-47d7-b2f1-05735183b7a5, PipelineID=40499f5d-baa0-4e80-8607-d901732df4d1]
2022-10-16 13:17:32,618 [EventQueue-StaleNodeForStaleNodeHandler] INFO  pipeline.PipelineManagerImpl (PipelineManagerImpl.java:closePipeline(442)) - Pipeline Pipeline[ Id: 40499f5d-baa0-4e80-8607-d901732df4d1, Nodes: 268c6115-4458-4e34-8b6d-1bd6823028ea{ip: 10.1.0.60, host: fv-az308-250.etcbaq1qs54eplwmrjlabigyle.cx.internal.cloudapp.net, ports: [REPLICATION=41301, RATIS=33559, RATIS_ADMIN=33559, RATIS_SERVER=33559, STANDALONE=38573], networkLocation: /default-rack, certSerialId: null, persistedOpState: IN_SERVICE, persistedOpStateExpiryEpochSec: 0}, ReplicationConfig: RATIS/ONE, State:OPEN, leaderId:268c6115-4458-4e34-8b6d-1bd6823028ea, CreationTimestamp2022-10-16T13:16:52.585Z[Etc/UTC]] moved to CLOSED state
2022-10-16 13:17:32,618 [EventQueue-StaleNodeForStaleNodeHandler] INFO  node.StaleNodeHandler (StaleNodeHandler.java:onMessage(59)) - Datanode cae8df96-28f8-48f4-971d-f081efd69332{ip: 10.1.0.60, host: fv-az308-250.etcbaq1qs54eplwmrjlabigyle.cx.internal.cloudapp.net, ports: [REPLICATION=35757, RATIS=44437, RATIS_ADMIN=44437, RATIS_SERVER=44437, STANDALONE=32801], networkLocation: /default-rack, certSerialId: null, persistedOpState: IN_SERVICE, persistedOpStateExpiryEpochSec: 0} moved to stale state. Finalizing its pipelines [PipelineID=e644d672-043c-41d5-b3e0-785fb67216d7, PipelineID=f060db0b-b8ed-47d7-b2f1-05735183b7a5]
2022-10-16 13:17:32,618 [EventQueue-StaleNodeForStaleNodeHandler] INFO  pipeline.PipelineManagerImpl (PipelineManagerImpl.java:closePipeline(442)) - Pipeline Pipeline[ Id: e644d672-043c-41d5-b3e0-785fb67216d7, Nodes: cae8df96-28f8-48f4-971d-f081efd69332{ip: 10.1.0.60, host: fv-az308-250.etcbaq1qs54eplwmrjlabigyle.cx.internal.cloudapp.net, ports: [REPLICATION=35757, RATIS=44437, RATIS_ADMIN=44437, RATIS_SERVER=44437, STANDALONE=32801], networkLocation: /default-rack, certSerialId: null, persistedOpState: IN_SERVICE, persistedOpStateExpiryEpochSec: 0}, ReplicationConfig: RATIS/ONE, State:OPEN, leaderId:cae8df96-28f8-48f4-971d-f081efd69332, CreationTimestamp2022-10-16T13:16:52.286Z[Etc/UTC]] moved to CLOSED state
2022-10-16 13:17:32,877 [ReplicationMonitor] INFO  replication.ReplicationManager (ReplicationManager.java:processAll(324)) - Replication Monitor Thread took 0 milliseconds for processing 1 containers.
2022-10-16 13:17:33,159 [ReplicationMonitor] INFO  replication.ReplicationManager (ReplicationManager.java:processAll(324)) - Replication Monitor Thread took 0 milliseconds for processing 7 containers.
2022-10-16 13:17:33,620 [EventQueue-DeadNodeForDeadNodeHandler] INFO  node.DeadNodeHandler (DeadNodeHandler.java:onMessage(81)) - A dead datanode is detected. 21c95474-1f17-4861-8a2e-c716fe1b7093{ip: 10.1.0.60, host: fv-az308-250.etcbaq1qs54eplwmrjlabigyle.cx.internal.cloudapp.net, ports: [REPLICATION=34623, RATIS=37539, RATIS_ADMIN=37539, RATIS_SERVER=37539, STANDALONE=34945], networkLocation: /default-rack, certSerialId: null, persistedOpState: IN_SERVICE, persistedOpStateExpiryEpochSec: 0}
2022-10-16 13:17:33,620 [EventQueue-DeadNodeForDeadNodeHandler] INFO  pipeline.RatisPipelineProvider (RatisPipelineProvider.java:lambda$close$1(244)) - Send pipeline:PipelineID=f060db0b-b8ed-47d7-b2f1-05735183b7a5 close command to datanode 21c95474-1f17-4861-8a2e-c716fe1b7093
2022-10-16 13:17:33,620 [EventQueue-DeadNodeForDeadNodeHandler] INFO  pipeline.RatisPipelineProvider (RatisPipelineProvider.java:lambda$close$1(244)) - Send pipeline:PipelineID=f060db0b-b8ed-47d7-b2f1-05735183b7a5 close command to datanode cae8df96-28f8-48f4-971d-f081efd69332
2022-10-16 13:17:33,620 [EventQueue-DeadNodeForDeadNodeHandler] INFO  pipeline.RatisPipelineProvider (RatisPipelineProvider.java:lambda$close$1(244)) - Send pipeline:PipelineID=f060db0b-b8ed-47d7-b2f1-05735183b7a5 close command to datanode 268c6115-4458-4e34-8b6d-1bd6823028ea
2022-10-16 13:17:33,622 [EventQueue-DeadNodeForDeadNodeHandler] INFO  pipeline.PipelineStateManagerImpl (PipelineStateManagerImpl.java:removePipeline(245)) - Pipeline Pipeline[ Id: f060db0b-b8ed-47d7-b2f1-05735183b7a5, Nodes: 21c95474-1f17-4861-8a2e-c716fe1b7093{ip: 10.1.0.60, host: fv-az308-250.etcbaq1qs54eplwmrjlabigyle.cx.internal.cloudapp.net, ports: [REPLICATION=34623, RATIS=37539, RATIS_ADMIN=37539, RATIS_SERVER=37539, STANDALONE=34945], networkLocation: /default-rack, certSerialId: null, persistedOpState: IN_SERVICE, persistedOpStateExpiryEpochSec: 0}cae8df96-28f8-48f4-971d-f081efd69332{ip: 10.1.0.60, host: fv-az308-250.etcbaq1qs54eplwmrjlabigyle.cx.internal.cloudapp.net, ports: [REPLICATION=35757, RATIS=44437, RATIS_ADMIN=44437, RATIS_SERVER=44437, STANDALONE=32801], networkLocation: /default-rack, certSerialId: null, persistedOpState: IN_SERVICE, persistedOpStateExpiryEpochSec: 0}268c6115-4458-4e34-8b6d-1bd6823028ea{ip: 10.1.0.60, host: fv-az308-250.etcbaq1qs54eplwmrjlabigyle.cx.internal.cloudapp.net, ports: [REPLICATION=41301, RATIS=33559, RATIS_ADMIN=33559, RATIS_SERVER=33559, STANDALONE=38573], networkLocation: /default-rack, certSerialId: null, persistedOpState: IN_SERVICE, persistedOpStateExpiryEpochSec: 0}, ReplicationConfig: RATIS/THREE, State:CLOSED, leaderId:268c6115-4458-4e34-8b6d-1bd6823028ea, CreationTimestamp2022-10-16T13:16:52.586Z[Etc/UTC]] removed.
2022-10-16 13:17:33,622 [EventQueue-DeadNodeForDeadNodeHandler] INFO  pipeline.RatisPipelineProvider (RatisPipelineProvider.java:lambda$close$1(244)) - Send pipeline:PipelineID=32fbd61d-8336-4e76-b23c-e4e75ccdf3fb close command to datanode 21c95474-1f17-4861-8a2e-c716fe1b7093
2022-10-16 13:17:33,622 [EventQueue-DeadNodeForDeadNodeHandler] INFO  pipeline.PipelineStateManagerImpl (PipelineStateManagerImpl.java:removePipeline(245)) - Pipeline Pipeline[ Id: 32fbd61d-8336-4e76-b23c-e4e75ccdf3fb, Nodes: 21c95474-1f17-4861-8a2e-c716fe1b7093{ip: 10.1.0.60, host: fv-az308-250.etcbaq1qs54eplwmrjlabigyle.cx.internal.cloudapp.net, ports: [REPLICATION=34623, RATIS=37539, RATIS_ADMIN=37539, RATIS_SERVER=37539, STANDALONE=34945], networkLocation: /default-rack, certSerialId: null, persistedOpState: IN_SERVICE, persistedOpStateExpiryEpochSec: 0}, ReplicationConfig: RATIS/ONE, State:CLOSED, leaderId:21c95474-1f17-4861-8a2e-c716fe1b7093, CreationTimestamp2022-10-16T13:16:52.001Z[Etc/UTC]] removed.
2022-10-16 13:17:33,622 [EventQueue-DeadNodeForDeadNodeHandler] INFO  net.NetworkTopologyImpl (NetworkTopologyImpl.java:remove(190)) - Removed a node: /default-rack/21c95474-1f17-4861-8a2e-c716fe1b7093
2022-10-16 13:17:33,879 [ReplicationMonitor] WARN  replication.LegacyReplicationManager (LegacyReplicationManager.java:handleUnderReplicatedContainer(1224)) - Cannot replicate container #1, no healthy replica found.
2022-10-16 13:17:33,879 [ReplicationMonitor] INFO  replication.ReplicationManager (ReplicationManager.java:processAll(324)) - Replication Monitor Thread took 2 milliseconds for processing 1 containers.
2022-10-16 13:17:34,028 [Listener at 127.0.0.1/38953] INFO  utils.BackgroundService (BackgroundService.java:shutdown(141)) - Shutting down service BlockDeletingService
2022-10-16 13:17:34,029 [Listener at 127.0.0.1/38953] INFO  utils.BackgroundService (BackgroundService.java:shutdown(141)) - Shutting down service StaleRecoveringContainerScrubbingService
2022-10-16 13:17:34,030 [Listener at 127.0.0.1/38953] INFO  statemachine.DatanodeStateMachine (DatanodeStateMachine.java:stopDaemon(580)) - Ozone container server stopped.
2022-10-16 13:17:34,040 [ForkJoinPool.commonPool-worker-0] INFO  utils.BackgroundService (BackgroundService.java:shutdown(141)) - Shutting down service BlockDeletingService
2022-10-16 13:17:34,041 [Listener at 127.0.0.1/38953] INFO  handler.ContextHandler (ContextHandler.java:doStop(1153)) - Stopped o.e.j.w.WebAppContext@cb786ad{hddsDatanode,/,null,STOPPED}{jar:file:/home/runner/.m2/repository/org/apache/ozone/hdds-container-service/1.3.0-SNAPSHOT/hdds-container-service-1.3.0-SNAPSHOT.jar!/webapps/hddsDatanode}
2022-10-16 13:17:34,041 [ForkJoinPool.commonPool-worker-0] INFO  utils.BackgroundService (BackgroundService.java:shutdown(141)) - Shutting down service StaleRecoveringContainerScrubbingService
2022-10-16 13:17:34,041 [ForkJoinPool.commonPool-worker-0] INFO  statemachine.DatanodeStateMachine (DatanodeStateMachine.java:stopDaemon(580)) - Ozone container server stopped.
2022-10-16 13:17:34,042 [Listener at 127.0.0.1/38953] INFO  server.AbstractConnector (AbstractConnector.java:doStop(381)) - Stopped ServerConnector@edfef67{HTTP/1.1, (http/1.1)}{0.0.0.0:0}
2022-10-16 13:17:34,043 [Listener at 127.0.0.1/38953] INFO  server.session (HouseKeeper.java:stopScavenging(149)) - node0 Stopped scavenging
2022-10-16 13:17:34,043 [Listener at 127.0.0.1/38953] INFO  handler.ContextHandler (ContextHandler.java:doStop(1153)) - Stopped o.e.j.s.ServletContextHandler@44f88ce4{static,/static,jar:file:/home/runner/.m2/repository/org/apache/ozone/hdds-container-service/1.3.0-SNAPSHOT/hdds-container-service-1.3.0-SNAPSHOT.jar!/webapps/static,STOPPED}
2022-10-16 13:17:34,043 [Listener at 127.0.0.1/38953] INFO  handler.ContextHandler (ContextHandler.java:doStop(1153)) - Stopped o.e.j.s.ServletContextHandler@639c4b9d{logs,/logs,file:///home/runner/work/ozone/ozone/hadoop-ozone/integration-test/target/log,STOPPED}
2022-10-16 13:17:34,051 [ForkJoinPool.commonPool-worker-0] INFO  handler.ContextHandler (ContextHandler.java:doStop(1153)) - Stopped o.e.j.w.WebAppContext@2aead01e{hddsDatanode,/,null,STOPPED}{jar:file:/home/runner/.m2/repository/org/apache/ozone/hdds-container-service/1.3.0-SNAPSHOT/hdds-container-service-1.3.0-SNAPSHOT.jar!/webapps/hddsDatanode}
2022-10-16 13:17:34,051 [ForkJoinPool.commonPool-worker-0] INFO  server.AbstractConnector (AbstractConnector.java:doStop(381)) - Stopped ServerConnector@3f1a191c{HTTP/1.1, (http/1.1)}{0.0.0.0:0}
2022-10-16 13:17:34,052 [ForkJoinPool.commonPool-worker-0] INFO  server.session (HouseKeeper.java:stopScavenging(149)) - node0 Stopped scavenging
2022-10-16 13:17:34,054 [ForkJoinPool.commonPool-worker-0] INFO  handler.ContextHandler (ContextHandler.java:doStop(1153)) - Stopped o.e.j.s.ServletContextHandler@57bb8b55{static,/static,jar:file:/home/runner/.m2/repository/org/apache/ozone/hdds-container-service/1.3.0-SNAPSHOT/hdds-container-service-1.3.0-SNAPSHOT.jar!/webapps/static,STOPPED}
2022-10-16 13:17:34,057 [ForkJoinPool.commonPool-worker-0] INFO  handler.ContextHandler (ContextHandler.java:doStop(1153)) - Stopped o.e.j.s.ServletContextHandler@478b07f2{logs,/logs,file:///home/runner/work/ozone/ozone/hadoop-ozone/integration-test/target/log,STOPPED}
2022-10-16 13:17:34,058 [Listener at 127.0.0.1/38953] INFO  ozone.MiniOzoneClusterImpl (MiniOzoneClusterImpl.java:stopSCM(537)) - Stopping the StorageContainerManager
2022-10-16 13:17:34,058 [Listener at 127.0.0.1/38953] INFO  server.StorageContainerManager (StorageContainerManager.java:stop(1528)) - Container Balancer is not running.
2022-10-16 13:17:34,058 [Listener at 127.0.0.1/38953] INFO  server.StorageContainerManager (StorageContainerManager.java:stop(1535)) - Stopping Replication Manager Service.
2022-10-16 13:17:34,058 [Listener at 127.0.0.1/38953] INFO  replication.ReplicationManager (ReplicationManager.java:stop(257)) - Stopping Replication Monitor Thread.
2022-10-16 13:17:34,058 [Under Replicated Processor] WARN  replication.UnderReplicatedProcessor (UnderReplicatedProcessor.java:run(148)) - Under Replicated Processor interrupted. Exiting...
2022-10-16 13:17:34,058 [Over Replicated Processor] WARN  replication.OverReplicatedProcessor (OverReplicatedProcessor.java:run(137)) - Over Replicated Processor interrupted. Exiting...
2022-10-16 13:17:34,058 [ReplicationMonitor] INFO  replication.ReplicationManager (ReplicationManager.java:run(509)) - Replication Monitor Thread is stopped
2022-10-16 13:17:34,059 [Listener at 127.0.0.1/38953] INFO  server.StorageContainerManager (StorageContainerManager.java:stop(1542)) - Stopping the Datanode Admin Monitor.
2022-10-16 13:17:34,059 [Listener at 127.0.0.1/38953] INFO  server.StorageContainerManager (StorageContainerManager.java:stop(1549)) - Stopping Lease Manager of the command watchers
2022-10-16 13:17:34,059 [Listener at 127.0.0.1/38953] INFO  server.StorageContainerManager (StorageContainerManager.java:stop(1556)) - Stopping datanode service RPC server
2022-10-16 13:17:34,059 [Listener at 127.0.0.1/38953] INFO  server.SCMDatanodeProtocolServer (SCMDatanodeProtocolServer.java:stop(414)) - Stopping the RPC server for DataNodes
2022-10-16 13:17:34,059 [Listener at 127.0.0.1/38953] INFO  ipc.Server (Server.java:stop(3428)) - Stopping server on 41499
2022-10-16 13:17:34,060 [IPC Server listener on 0] INFO  ipc.Server (Server.java:run(1384)) - Stopping IPC Server listener on 0
2022-10-16 13:17:34,061 [IPC Server Responder] INFO  ipc.Server (Server.java:run(1517)) - Stopping IPC Server Responder
2022-10-16 13:17:34,120 [SCM Heartbeat Processing Thread - 0] WARN  node.NodeStateManager (NodeStateManager.java:scheduleNextHealthCheck(870)) - Current Thread is interrupted, shutting down HB processing thread for Node Manager.
2022-10-16 13:17:34,120 [Listener at 127.0.0.1/38953] INFO  server.StorageContainerManager (StorageContainerManager.java:stop(1564)) - Stopping block service RPC server
2022-10-16 13:17:34,120 [Listener at 127.0.0.1/38953] INFO  server.SCMBlockProtocolServer (SCMBlockProtocolServer.java:stop(161)) - Stopping the RPC server for Block Protocol
2022-10-16 13:17:34,120 [Listener at 127.0.0.1/38953] INFO  ipc.Server (Server.java:stop(3428)) - Stopping server on 38017
2022-10-16 13:17:34,121 [IPC Server listener on 0] INFO  ipc.Server (Server.java:run(1384)) - Stopping IPC Server listener on 0
2022-10-16 13:17:34,125 [IPC Server Responder] INFO  ipc.Server (Server.java:run(1517)) - Stopping IPC Server Responder
2022-10-16 13:17:34,125 [Listener at 127.0.0.1/38953] INFO  server.StorageContainerManager (StorageContainerManager.java:stop(1571)) - Stopping the StorageContainerLocationProtocol RPC server
2022-10-16 13:17:34,125 [Listener at 127.0.0.1/38953] INFO  server.SCMClientProtocolServer (SCMClientProtocolServer.java:stop(179)) - Stopping the RPC server for Client Protocol
2022-10-16 13:17:34,125 [Listener at 127.0.0.1/38953] INFO  ipc.Server (Server.java:stop(3428)) - Stopping server on 46027
2022-10-16 13:17:34,126 [IPC Server listener on 0] INFO  ipc.Server (Server.java:run(1384)) - Stopping IPC Server listener on 0
2022-10-16 13:17:34,128 [IPC Server Responder] INFO  ipc.Server (Server.java:run(1517)) - Stopping IPC Server Responder
2022-10-16 13:17:34,128 [Listener at 127.0.0.1/38953] INFO  server.StorageContainerManager (StorageContainerManager.java:stop(1578)) - Stopping Storage Container Manager HTTP server.
2022-10-16 13:17:34,129 [Listener at 127.0.0.1/38953] INFO  handler.ContextHandler (ContextHandler.java:doStop(1153)) - Stopped o.e.j.w.WebAppContext@3ef30e55{scm,/,null,STOPPED}{file:/home/runner/work/ozone/ozone/hadoop-ozone/integration-test/target/test-classes/webapps/scm}
2022-10-16 13:17:34,129 [Listener at 127.0.0.1/38953] INFO  server.AbstractConnector (AbstractConnector.java:doStop(381)) - Stopped ServerConnector@419248eb{HTTP/1.1, (http/1.1)}{0.0.0.0:0}
2022-10-16 13:17:34,129 [Listener at 127.0.0.1/38953] INFO  server.session (HouseKeeper.java:stopScavenging(149)) - node0 Stopped scavenging
2022-10-16 13:17:34,129 [Listener at 127.0.0.1/38953] INFO  handler.ContextHandler (ContextHandler.java:doStop(1153)) - Stopped o.e.j.s.ServletContextHandler@2599d551{static,/static,file:///home/runner/work/ozone/ozone/hadoop-ozone/integration-test/target/test-classes/webapps/static,STOPPED}
2022-10-16 13:17:34,129 [Listener at 127.0.0.1/38953] INFO  handler.ContextHandler (ContextHandler.java:doStop(1153)) - Stopped o.e.j.s.ServletContextHandler@57157c02{logs,/logs,file:///home/runner/work/ozone/ozone/hadoop-ozone/integration-test/target/log,STOPPED}
2022-10-16 13:17:34,130 [Listener at 127.0.0.1/38953] INFO  server.StorageContainerManager (StorageContainerManager.java:stop(1584)) - Stopping SCM LayoutVersionManager Service.
2022-10-16 13:17:34,130 [Listener at 127.0.0.1/38953] INFO  server.StorageContainerManager (StorageContainerManager.java:stop(1592)) - Stopping Block Manager Service.
2022-10-16 13:17:34,130 [Listener at 127.0.0.1/38953] INFO  utils.BackgroundService (BackgroundService.java:shutdown(141)) - Shutting down service SCMBlockDeletingService
2022-10-16 13:17:34,130 [Listener at 127.0.0.1/38953] INFO  utils.BackgroundService (BackgroundService.java:shutdown(141)) - Shutting down service SCMBlockDeletingService
2022-10-16 13:17:34,130 [Listener at 127.0.0.1/38953] INFO  server.StorageContainerManager (StorageContainerManager.java:stop(1619)) - Stopping SCM Event Queue.
2022-10-16 13:17:34,131 [Listener at 127.0.0.1/38953] INFO  server.StorageContainerManager (StorageContainerManager.java:stop(1630)) - Stopping SCM HA services.
2022-10-16 13:17:34,131 [Listener at 127.0.0.1/38953] INFO  pipeline.BackgroundPipelineCreator (BackgroundPipelineCreator.java:stop(149)) - Stopping RatisPipelineUtilsThread.
2022-10-16 13:17:34,131 [RatisPipelineUtilsThread - 0] WARN  pipeline.BackgroundPipelineCreator (BackgroundPipelineCreator.java:run(180)) - RatisPipelineUtilsThread is interrupted.
2022-10-16 13:17:34,131 [Listener at 127.0.0.1/38953] INFO  BackgroundPipelineScrubber (BackgroundSCMService.java:stop(131)) - Stopping BackgroundPipelineScrubber Service.
2022-10-16 13:17:34,131 [BackgroundPipelineScrubberThread] WARN  BackgroundPipelineScrubber (BackgroundSCMService.java:run(115)) - BackgroundPipelineScrubber is interrupted, exit
2022-10-16 13:17:34,131 [Listener at 127.0.0.1/38953] INFO  impl.MetricsSystemImpl (MetricsSystemImpl.java:stop(210)) - Stopping HddsDatanode metrics system...
2022-10-16 13:17:34,134 [prometheus] INFO  impl.MetricsSinkAdapter (MetricsSinkAdapter.java:publishMetricsFromQueue(141)) - prometheus thread interrupted.
2022-10-16 13:17:34,134 [Listener at 127.0.0.1/38953] INFO  impl.MetricsSystemImpl (MetricsSystemImpl.java:stop(216)) - HddsDatanode metrics system stopped.
2022-10-16 13:17:34,135 [Listener at 127.0.0.1/38953] WARN  pipeline.BackgroundPipelineCreator (BackgroundPipelineCreator.java:stop(145)) - RatisPipelineUtilsThread is not running, just ignore.
2022-10-16 13:17:34,135 [Listener at 127.0.0.1/38953] INFO  BackgroundPipelineScrubber (BackgroundSCMService.java:stop(126)) - BackgroundPipelineScrubber Service is not running, skip stop.
2022-10-16 13:17:34,135 [Listener at 127.0.0.1/38953] INFO  ExpiredContainerReplicaOpScrubber (BackgroundSCMService.java:stop(131)) - Stopping ExpiredContainerReplicaOpScrubber Service.
2022-10-16 13:17:34,135 [ExpiredContainerReplicaOpScrubberThread] WARN  ExpiredContainerReplicaOpScrubber (BackgroundSCMService.java:run(115)) - ExpiredContainerReplicaOpScrubber is interrupted, exit
2022-10-16 13:17:34,135 [Listener at 127.0.0.1/38953] INFO  utils.BackgroundService (BackgroundService.java:shutdown(141)) - Shutting down service SCMBlockDeletingService
2022-10-16 13:17:34,135 [Listener at 127.0.0.1/38953] INFO  replication.ReplicationManager (ReplicationManager.java:stop(265)) - Replication Monitor Thread is not running.
2022-10-16 13:17:34,135 [Listener at 127.0.0.1/38953] WARN  balancer.ContainerBalancer (ContainerBalancer.java:stop(1096)) - Cannot stop Container Balancer because it's not running
2022-10-16 13:17:34,135 [Listener at 127.0.0.1/38953] INFO  server.StorageContainerManager (StorageContainerManager.java:stop(1648)) - Stopping SCM MetadataStore.
]]></system-out>
    <system-err><![CDATA[Oct 16, 2022 1:16:55 PM org.apache.ratis.thirdparty.io.grpc.internal.ManagedChannelOrphanWrapper$ManagedChannelReference cleanQueue
SEVERE: *~*~*~ Channel ManagedChannelImpl{logId=736, target=10.1.0.60:41297} was not shutdown properly!!! ~*~*~*
    Make sure to call shutdown()/shutdownNow() and wait until awaitTermination() returns true.
java.lang.RuntimeException: ManagedChannel allocation site
	at org.apache.ratis.thirdparty.io.grpc.internal.ManagedChannelOrphanWrapper$ManagedChannelReference.<init>(ManagedChannelOrphanWrapper.java:93)
	at org.apache.ratis.thirdparty.io.grpc.internal.ManagedChannelOrphanWrapper.<init>(ManagedChannelOrphanWrapper.java:53)
	at org.apache.ratis.thirdparty.io.grpc.internal.ManagedChannelOrphanWrapper.<init>(ManagedChannelOrphanWrapper.java:44)
	at org.apache.ratis.thirdparty.io.grpc.internal.ManagedChannelImplBuilder.build(ManagedChannelImplBuilder.java:630)
	at org.apache.ratis.thirdparty.io.grpc.internal.AbstractManagedChannelImplBuilder.build(AbstractManagedChannelImplBuilder.java:297)
	at org.apache.hadoop.hdds.scm.XceiverClientGrpc.connectToDatanode(XceiverClientGrpc.java:205)
	at org.apache.hadoop.hdds.scm.XceiverClientGrpc.connect(XceiverClientGrpc.java:158)
	at org.apache.hadoop.hdds.scm.XceiverClientManager$2.call(XceiverClientManager.java:243)
	at org.apache.hadoop.hdds.scm.XceiverClientManager$2.call(XceiverClientManager.java:224)
	at com.google.common.cache.LocalCache$LocalManualCache$1.load(LocalCache.java:4868)
	at com.google.common.cache.LocalCache$LoadingValueReference.loadFuture(LocalCache.java:3533)
	at com.google.common.cache.LocalCache$Segment.loadSync(LocalCache.java:2282)
	at com.google.common.cache.LocalCache$Segment.lockedGetOrLoad(LocalCache.java:2159)
	at com.google.common.cache.LocalCache$Segment.get(LocalCache.java:2049)
	at com.google.common.cache.LocalCache.get(LocalCache.java:3966)
	at com.google.common.cache.LocalCache$LocalManualCache.get(LocalCache.java:4863)
	at org.apache.hadoop.hdds.scm.XceiverClientManager.getClient(XceiverClientManager.java:224)
	at org.apache.hadoop.hdds.scm.XceiverClientManager.acquireClient(XceiverClientManager.java:168)
	at org.apache.hadoop.hdds.scm.XceiverClientManager.acquireClientForReadData(XceiverClientManager.java:157)
	at org.apache.hadoop.hdds.scm.storage.BlockInputStream.acquireClient(BlockInputStream.java:256)
	at org.apache.hadoop.hdds.scm.storage.BlockInputStream.getChunkInfos(BlockInputStream.java:223)
	at org.apache.hadoop.hdds.scm.storage.BlockInputStream.initialize(BlockInputStream.java:146)
	at org.apache.hadoop.hdds.scm.storage.BlockInputStream.readWithStrategy(BlockInputStream.java:283)
	at org.apache.hadoop.hdds.scm.storage.ExtendedInputStream.read(ExtendedInputStream.java:64)
	at org.apache.hadoop.hdds.scm.storage.ByteBufferReader.readFromBlock(ByteBufferReader.java:56)
	at org.apache.hadoop.ozone.client.io.ECBlockInputStream.readFromStream(ECBlockInputStream.java:365)
	at org.apache.hadoop.ozone.client.io.ECBlockInputStream.readWithStrategy(ECBlockInputStream.java:300)
	at org.apache.hadoop.hdds.scm.storage.ExtendedInputStream.read(ExtendedInputStream.java:64)
	at org.apache.hadoop.ozone.client.io.ECBlockInputStreamProxy.read(ECBlockInputStreamProxy.java:158)
	at org.apache.hadoop.ozone.client.io.ECBlockInputStreamProxy.read(ECBlockInputStreamProxy.java:143)
	at org.apache.hadoop.hdds.scm.storage.ByteArrayReader.readFromBlock(ByteArrayReader.java:57)
	at org.apache.hadoop.ozone.client.io.KeyInputStream.readWithStrategy(KeyInputStream.java:273)
	at org.apache.hadoop.ozone.client.io.KeyInputStream.read(KeyInputStream.java:240)
	at org.apache.hadoop.ozone.client.rpc.read.TestKeyInputStream.validate(TestKeyInputStream.java:133)
	at org.apache.hadoop.ozone.client.rpc.read.TestKeyInputStream.randomPositionSeek(TestKeyInputStream.java:115)
	at org.apache.hadoop.ozone.client.rpc.read.TestKeyInputStream.testECSeek(TestKeyInputStream.java:245)
	at org.apache.hadoop.ozone.client.rpc.read.TestKeyInputStream.testNonReplicationReads(TestKeyInputStream.java:150)
	at sun.reflect.NativeMethodAccessorImpl.invoke0(Native Method)
	at sun.reflect.NativeMethodAccessorImpl.invoke(NativeMethodAccessorImpl.java:62)
	at sun.reflect.DelegatingMethodAccessorImpl.invoke(DelegatingMethodAccessorImpl.java:43)
	at java.lang.reflect.Method.invoke(Method.java:498)
	at org.junit.runners.model.FrameworkMethod$1.runReflectiveCall(FrameworkMethod.java:59)
	at org.junit.internal.runners.model.ReflectiveCallable.run(ReflectiveCallable.java:12)
	at org.junit.runners.model.FrameworkMethod.invokeExplosively(FrameworkMethod.java:56)
	at org.junit.internal.runners.statements.InvokeMethod.evaluate(InvokeMethod.java:17)
	at org.junit.internal.runners.statements.RunBefores.evaluate(RunBefores.java:26)
	at org.junit.internal.runners.statements.RunAfters.evaluate(RunAfters.java:27)
	at org.junit.internal.runners.statements.FailOnTimeout$CallableStatement.call(FailOnTimeout.java:288)
	at org.junit.internal.runners.statements.FailOnTimeout$CallableStatement.call(FailOnTimeout.java:282)
	at java.util.concurrent.FutureTask.run(FutureTask.java:266)
	at java.lang.Thread.run(Thread.java:750)

Oct 16, 2022 1:16:55 PM org.apache.ratis.thirdparty.io.grpc.internal.ManagedChannelOrphanWrapper$ManagedChannelReference cleanQueue
SEVERE: *~*~*~ Channel ManagedChannelImpl{logId=671, target=10.1.0.60:39749} was not shutdown properly!!! ~*~*~*
    Make sure to call shutdown()/shutdownNow() and wait until awaitTermination() returns true.
java.lang.RuntimeException: ManagedChannel allocation site
	at org.apache.ratis.thirdparty.io.grpc.internal.ManagedChannelOrphanWrapper$ManagedChannelReference.<init>(ManagedChannelOrphanWrapper.java:93)
	at org.apache.ratis.thirdparty.io.grpc.internal.ManagedChannelOrphanWrapper.<init>(ManagedChannelOrphanWrapper.java:53)
	at org.apache.ratis.thirdparty.io.grpc.internal.ManagedChannelOrphanWrapper.<init>(ManagedChannelOrphanWrapper.java:44)
	at org.apache.ratis.thirdparty.io.grpc.internal.ManagedChannelImplBuilder.build(ManagedChannelImplBuilder.java:630)
	at org.apache.ratis.thirdparty.io.grpc.internal.AbstractManagedChannelImplBuilder.build(AbstractManagedChannelImplBuilder.java:297)
	at org.apache.hadoop.hdds.scm.XceiverClientGrpc.connectToDatanode(XceiverClientGrpc.java:205)
	at org.apache.hadoop.hdds.scm.XceiverClientGrpc.connect(XceiverClientGrpc.java:158)
	at org.apache.hadoop.hdds.scm.XceiverClientManager$2.call(XceiverClientManager.java:243)
	at org.apache.hadoop.hdds.scm.XceiverClientManager$2.call(XceiverClientManager.java:224)
	at com.google.common.cache.LocalCache$LocalManualCache$1.load(LocalCache.java:4868)
	at com.google.common.cache.LocalCache$LoadingValueReference.loadFuture(LocalCache.java:3533)
	at com.google.common.cache.LocalCache$Segment.loadSync(LocalCache.java:2282)
	at com.google.common.cache.LocalCache$Segment.lockedGetOrLoad(LocalCache.java:2159)
	at com.google.common.cache.LocalCache$Segment.get(LocalCache.java:2049)
	at com.google.common.cache.LocalCache.get(LocalCache.java:3966)
	at com.google.common.cache.LocalCache$LocalManualCache.get(LocalCache.java:4863)
	at org.apache.hadoop.hdds.scm.XceiverClientManager.getClient(XceiverClientManager.java:224)
	at org.apache.hadoop.hdds.scm.XceiverClientManager.acquireClient(XceiverClientManager.java:168)
	at org.apache.hadoop.hdds.scm.XceiverClientManager.acquireClient(XceiverClientManager.java:141)
	at org.apache.hadoop.hdds.scm.storage.BlockOutputStream.<init>(BlockOutputStream.java:161)
	at org.apache.hadoop.hdds.scm.storage.ECBlockOutputStream.<init>(ECBlockOutputStream.java:73)
	at org.apache.hadoop.ozone.client.io.ECBlockOutputStreamEntry.checkStream(ECBlockOutputStreamEntry.java:100)
	at org.apache.hadoop.ozone.client.io.BlockOutputStreamEntry.write(BlockOutputStreamEntry.java:123)
	at org.apache.hadoop.ozone.client.io.ECKeyOutputStream.writeToOutputStream(ECKeyOutputStream.java:406)
	at org.apache.hadoop.ozone.client.io.ECKeyOutputStream.handleOutputStreamWrite(ECKeyOutputStream.java:390)
	at org.apache.hadoop.ozone.client.io.ECKeyOutputStream.handleWrite(ECKeyOutputStream.java:364)
	at org.apache.hadoop.ozone.client.io.ECKeyOutputStream.write(ECKeyOutputStream.java:163)
	at org.apache.hadoop.ozone.client.io.OzoneOutputStream.write(OzoneOutputStream.java:50)
	at java.io.OutputStream.write(OutputStream.java:75)
	at org.apache.hadoop.ozone.client.rpc.read.TestInputStreamBase.writeRandomBytes(TestInputStreamBase.java:205)
	at org.apache.hadoop.ozone.client.rpc.read.TestKeyInputStream.testECSeek(TestKeyInputStream.java:231)
	at org.apache.hadoop.ozone.client.rpc.read.TestKeyInputStream.testNonReplicationReads(TestKeyInputStream.java:150)
	at sun.reflect.NativeMethodAccessorImpl.invoke0(Native Method)
	at sun.reflect.NativeMethodAccessorImpl.invoke(NativeMethodAccessorImpl.java:62)
	at sun.reflect.DelegatingMethodAccessorImpl.invoke(DelegatingMethodAccessorImpl.java:43)
	at java.lang.reflect.Method.invoke(Method.java:498)
	at org.junit.runners.model.FrameworkMethod$1.runReflectiveCall(FrameworkMethod.java:59)
	at org.junit.internal.runners.model.ReflectiveCallable.run(ReflectiveCallable.java:12)
	at org.junit.runners.model.FrameworkMethod.invokeExplosively(FrameworkMethod.java:56)
	at org.junit.internal.runners.statements.InvokeMethod.evaluate(InvokeMethod.java:17)
	at org.junit.internal.runners.statements.RunBefores.evaluate(RunBefores.java:26)
	at org.junit.internal.runners.statements.RunAfters.evaluate(RunAfters.java:27)
	at org.junit.internal.runners.statements.FailOnTimeout$CallableStatement.call(FailOnTimeout.java:288)
	at org.junit.internal.runners.statements.FailOnTimeout$CallableStatement.call(FailOnTimeout.java:282)
	at java.util.concurrent.FutureTask.run(FutureTask.java:266)
	at java.lang.Thread.run(Thread.java:750)

Oct 16, 2022 1:16:55 PM org.apache.ratis.thirdparty.io.grpc.internal.ManagedChannelOrphanWrapper$ManagedChannelReference cleanQueue
SEVERE: *~*~*~ Channel ManagedChannelImpl{logId=701, target=10.1.0.60:39119} was not shutdown properly!!! ~*~*~*
    Make sure to call shutdown()/shutdownNow() and wait until awaitTermination() returns true.
java.lang.RuntimeException: ManagedChannel allocation site
	at org.apache.ratis.thirdparty.io.grpc.internal.ManagedChannelOrphanWrapper$ManagedChannelReference.<init>(ManagedChannelOrphanWrapper.java:93)
	at org.apache.ratis.thirdparty.io.grpc.internal.ManagedChannelOrphanWrapper.<init>(ManagedChannelOrphanWrapper.java:53)
	at org.apache.ratis.thirdparty.io.grpc.internal.ManagedChannelOrphanWrapper.<init>(ManagedChannelOrphanWrapper.java:44)
	at org.apache.ratis.thirdparty.io.grpc.internal.ManagedChannelImplBuilder.build(ManagedChannelImplBuilder.java:630)
	at org.apache.ratis.thirdparty.io.grpc.internal.AbstractManagedChannelImplBuilder.build(AbstractManagedChannelImplBuilder.java:297)
	at org.apache.hadoop.hdds.scm.XceiverClientGrpc.connectToDatanode(XceiverClientGrpc.java:205)
	at org.apache.hadoop.hdds.scm.XceiverClientGrpc.connect(XceiverClientGrpc.java:158)
	at org.apache.hadoop.hdds.scm.XceiverClientManager$2.call(XceiverClientManager.java:243)
	at org.apache.hadoop.hdds.scm.XceiverClientManager$2.call(XceiverClientManager.java:224)
	at com.google.common.cache.LocalCache$LocalManualCache$1.load(LocalCache.java:4868)
	at com.google.common.cache.LocalCache$LoadingValueReference.loadFuture(LocalCache.java:3533)
	at com.google.common.cache.LocalCache$Segment.loadSync(LocalCache.java:2282)
	at com.google.common.cache.LocalCache$Segment.lockedGetOrLoad(LocalCache.java:2159)
	at com.google.common.cache.LocalCache$Segment.get(LocalCache.java:2049)
	at com.google.common.cache.LocalCache.get(LocalCache.java:3966)
	at com.google.common.cache.LocalCache$LocalManualCache.get(LocalCache.java:4863)
	at org.apache.hadoop.hdds.scm.XceiverClientManager.getClient(XceiverClientManager.java:224)
	at org.apache.hadoop.hdds.scm.XceiverClientManager.acquireClient(XceiverClientManager.java:168)
	at org.apache.hadoop.hdds.scm.XceiverClientManager.acquireClientForReadData(XceiverClientManager.java:157)
	at org.apache.hadoop.hdds.scm.storage.BlockInputStream.acquireClient(BlockInputStream.java:256)
	at org.apache.hadoop.hdds.scm.storage.BlockInputStream.getChunkInfos(BlockInputStream.java:223)
	at org.apache.hadoop.hdds.scm.storage.BlockInputStream.initialize(BlockInputStream.java:146)
	at org.apache.hadoop.hdds.scm.storage.BlockInputStream.readWithStrategy(BlockInputStream.java:283)
	at org.apache.hadoop.hdds.scm.storage.ExtendedInputStream.read(ExtendedInputStream.java:64)
	at org.apache.hadoop.hdds.scm.storage.ByteBufferReader.readFromBlock(ByteBufferReader.java:56)
	at org.apache.hadoop.ozone.client.io.ECBlockInputStream.readFromStream(ECBlockInputStream.java:365)
	at org.apache.hadoop.ozone.client.io.ECBlockInputStream.readWithStrategy(ECBlockInputStream.java:300)
	at org.apache.hadoop.hdds.scm.storage.ExtendedInputStream.read(ExtendedInputStream.java:64)
	at org.apache.hadoop.ozone.client.io.ECBlockInputStreamProxy.read(ECBlockInputStreamProxy.java:158)
	at org.apache.hadoop.ozone.client.io.ECBlockInputStreamProxy.read(ECBlockInputStreamProxy.java:143)
	at org.apache.hadoop.hdds.scm.storage.ByteArrayReader.readFromBlock(ByteArrayReader.java:57)
	at org.apache.hadoop.ozone.client.io.KeyInputStream.readWithStrategy(KeyInputStream.java:273)
	at org.apache.hadoop.ozone.client.io.KeyInputStream.read(KeyInputStream.java:240)
	at org.apache.hadoop.ozone.client.rpc.read.TestKeyInputStream.validate(TestKeyInputStream.java:133)
	at org.apache.hadoop.ozone.client.rpc.read.TestKeyInputStream.testECSeek(TestKeyInputStream.java:234)
	at org.apache.hadoop.ozone.client.rpc.read.TestKeyInputStream.testNonReplicationReads(TestKeyInputStream.java:150)
	at sun.reflect.NativeMethodAccessorImpl.invoke0(Native Method)
	at sun.reflect.NativeMethodAccessorImpl.invoke(NativeMethodAccessorImpl.java:62)
	at sun.reflect.DelegatingMethodAccessorImpl.invoke(DelegatingMethodAccessorImpl.java:43)
	at java.lang.reflect.Method.invoke(Method.java:498)
	at org.junit.runners.model.FrameworkMethod$1.runReflectiveCall(FrameworkMethod.java:59)
	at org.junit.internal.runners.model.ReflectiveCallable.run(ReflectiveCallable.java:12)
	at org.junit.runners.model.FrameworkMethod.invokeExplosively(FrameworkMethod.java:56)
	at org.junit.internal.runners.statements.InvokeMethod.evaluate(InvokeMethod.java:17)
	at org.junit.internal.runners.statements.RunBefores.evaluate(RunBefores.java:26)
	at org.junit.internal.runners.statements.RunAfters.evaluate(RunAfters.java:27)
	at org.junit.internal.runners.statements.FailOnTimeout$CallableStatement.call(FailOnTimeout.java:288)
	at org.junit.internal.runners.statements.FailOnTimeout$CallableStatement.call(FailOnTimeout.java:282)
	at java.util.concurrent.FutureTask.run(FutureTask.java:266)
	at java.lang.Thread.run(Thread.java:750)

Oct 16, 2022 1:16:55 PM org.apache.ratis.thirdparty.io.grpc.internal.ManagedChannelOrphanWrapper$ManagedChannelReference cleanQueue
SEVERE: *~*~*~ Channel ManagedChannelImpl{logId=741, target=10.1.0.60:41297} was not shutdown properly!!! ~*~*~*
    Make sure to call shutdown()/shutdownNow() and wait until awaitTermination() returns true.
java.lang.RuntimeException: ManagedChannel allocation site
	at org.apache.ratis.thirdparty.io.grpc.internal.ManagedChannelOrphanWrapper$ManagedChannelReference.<init>(ManagedChannelOrphanWrapper.java:93)
	at org.apache.ratis.thirdparty.io.grpc.internal.ManagedChannelOrphanWrapper.<init>(ManagedChannelOrphanWrapper.java:53)
	at org.apache.ratis.thirdparty.io.grpc.internal.ManagedChannelOrphanWrapper.<init>(ManagedChannelOrphanWrapper.java:44)
	at org.apache.ratis.thirdparty.io.grpc.internal.ManagedChannelImplBuilder.build(ManagedChannelImplBuilder.java:630)
	at org.apache.ratis.thirdparty.io.grpc.internal.AbstractManagedChannelImplBuilder.build(AbstractManagedChannelImplBuilder.java:297)
	at org.apache.hadoop.hdds.scm.XceiverClientGrpc.connectToDatanode(XceiverClientGrpc.java:205)
	at org.apache.hadoop.hdds.scm.XceiverClientGrpc.connect(XceiverClientGrpc.java:158)
	at org.apache.hadoop.hdds.scm.XceiverClientManager$2.call(XceiverClientManager.java:243)
	at org.apache.hadoop.hdds.scm.XceiverClientManager$2.call(XceiverClientManager.java:224)
	at com.google.common.cache.LocalCache$LocalManualCache$1.load(LocalCache.java:4868)
	at com.google.common.cache.LocalCache$LoadingValueReference.loadFuture(LocalCache.java:3533)
	at com.google.common.cache.LocalCache$Segment.loadSync(LocalCache.java:2282)
	at com.google.common.cache.LocalCache$Segment.lockedGetOrLoad(LocalCache.java:2159)
	at com.google.common.cache.LocalCache$Segment.get(LocalCache.java:2049)
	at com.google.common.cache.LocalCache.get(LocalCache.java:3966)
	at com.google.common.cache.LocalCache$LocalManualCache.get(LocalCache.java:4863)
	at org.apache.hadoop.hdds.scm.XceiverClientManager.getClient(XceiverClientManager.java:224)
	at org.apache.hadoop.hdds.scm.XceiverClientManager.acquireClient(XceiverClientManager.java:168)
	at org.apache.hadoop.hdds.scm.XceiverClientManager.acquireClientForReadData(XceiverClientManager.java:157)
	at org.apache.hadoop.hdds.scm.storage.BlockInputStream.acquireClient(BlockInputStream.java:256)
	at org.apache.hadoop.hdds.scm.storage.BlockInputStream.getChunkInfos(BlockInputStream.java:223)
	at org.apache.hadoop.hdds.scm.storage.BlockInputStream.initialize(BlockInputStream.java:146)
	at org.apache.hadoop.hdds.scm.storage.BlockInputStream.readWithStrategy(BlockInputStream.java:283)
	at org.apache.hadoop.hdds.scm.storage.ExtendedInputStream.read(ExtendedInputStream.java:64)
	at org.apache.hadoop.hdds.scm.storage.ByteBufferReader.readFromBlock(ByteBufferReader.java:56)
	at org.apache.hadoop.ozone.client.io.ECBlockInputStream.readFromStream(ECBlockInputStream.java:365)
	at org.apache.hadoop.ozone.client.io.ECBlockInputStream.readWithStrategy(ECBlockInputStream.java:300)
	at org.apache.hadoop.hdds.scm.storage.ExtendedInputStream.read(ExtendedInputStream.java:64)
	at org.apache.hadoop.ozone.client.io.ECBlockInputStreamProxy.read(ECBlockInputStreamProxy.java:158)
	at org.apache.hadoop.ozone.client.io.ECBlockInputStreamProxy.read(ECBlockInputStreamProxy.java:143)
	at org.apache.hadoop.hdds.scm.storage.ByteArrayReader.readFromBlock(ByteArrayReader.java:57)
	at org.apache.hadoop.ozone.client.io.KeyInputStream.readWithStrategy(KeyInputStream.java:273)
	at org.apache.hadoop.ozone.client.io.KeyInputStream.read(KeyInputStream.java:240)
	at org.apache.hadoop.ozone.client.rpc.read.TestKeyInputStream.validate(TestKeyInputStream.java:133)
	at org.apache.hadoop.ozone.client.rpc.read.TestKeyInputStream.randomPositionSeek(TestKeyInputStream.java:115)
	at org.apache.hadoop.ozone.client.rpc.read.TestKeyInputStream.testECSeek(TestKeyInputStream.java:245)
	at org.apache.hadoop.ozone.client.rpc.read.TestKeyInputStream.testNonReplicationReads(TestKeyInputStream.java:150)
	at sun.reflect.NativeMethodAccessorImpl.invoke0(Native Method)
	at sun.reflect.NativeMethodAccessorImpl.invoke(NativeMethodAccessorImpl.java:62)
	at sun.reflect.DelegatingMethodAccessorImpl.invoke(DelegatingMethodAccessorImpl.java:43)
	at java.lang.reflect.Method.invoke(Method.java:498)
	at org.junit.runners.model.FrameworkMethod$1.runReflectiveCall(FrameworkMethod.java:59)
	at org.junit.internal.runners.model.ReflectiveCallable.run(ReflectiveCallable.java:12)
	at org.junit.runners.model.FrameworkMethod.invokeExplosively(FrameworkMethod.java:56)
	at org.junit.internal.runners.statements.InvokeMethod.evaluate(InvokeMethod.java:17)
	at org.junit.internal.runners.statements.RunBefores.evaluate(RunBefores.java:26)
	at org.junit.internal.runners.statements.RunAfters.evaluate(RunAfters.java:27)
	at org.junit.internal.runners.statements.FailOnTimeout$CallableStatement.call(FailOnTimeout.java:288)
	at org.junit.internal.runners.statements.FailOnTimeout$CallableStatement.call(FailOnTimeout.java:282)
	at java.util.concurrent.FutureTask.run(FutureTask.java:266)
	at java.lang.Thread.run(Thread.java:750)

Oct 16, 2022 1:16:55 PM org.apache.ratis.thirdparty.io.grpc.internal.ManagedChannelOrphanWrapper$ManagedChannelReference cleanQueue
SEVERE: *~*~*~ Channel ManagedChannelImpl{logId=731, target=10.1.0.60:45309} was not shutdown properly!!! ~*~*~*
    Make sure to call shutdown()/shutdownNow() and wait until awaitTermination() returns true.
java.lang.RuntimeException: ManagedChannel allocation site
	at org.apache.ratis.thirdparty.io.grpc.internal.ManagedChannelOrphanWrapper$ManagedChannelReference.<init>(ManagedChannelOrphanWrapper.java:93)
	at org.apache.ratis.thirdparty.io.grpc.internal.ManagedChannelOrphanWrapper.<init>(ManagedChannelOrphanWrapper.java:53)
	at org.apache.ratis.thirdparty.io.grpc.internal.ManagedChannelOrphanWrapper.<init>(ManagedChannelOrphanWrapper.java:44)
	at org.apache.ratis.thirdparty.io.grpc.internal.ManagedChannelImplBuilder.build(ManagedChannelImplBuilder.java:630)
	at org.apache.ratis.thirdparty.io.grpc.internal.AbstractManagedChannelImplBuilder.build(AbstractManagedChannelImplBuilder.java:297)
	at org.apache.hadoop.hdds.scm.XceiverClientGrpc.connectToDatanode(XceiverClientGrpc.java:205)
	at org.apache.hadoop.hdds.scm.XceiverClientGrpc.connect(XceiverClientGrpc.java:158)
	at org.apache.hadoop.hdds.scm.XceiverClientManager$2.call(XceiverClientManager.java:243)
	at org.apache.hadoop.hdds.scm.XceiverClientManager$2.call(XceiverClientManager.java:224)
	at com.google.common.cache.LocalCache$LocalManualCache$1.load(LocalCache.java:4868)
	at com.google.common.cache.LocalCache$LoadingValueReference.loadFuture(LocalCache.java:3533)
	at com.google.common.cache.LocalCache$Segment.loadSync(LocalCache.java:2282)
	at com.google.common.cache.LocalCache$Segment.lockedGetOrLoad(LocalCache.java:2159)
	at com.google.common.cache.LocalCache$Segment.get(LocalCache.java:2049)
	at com.google.common.cache.LocalCache.get(LocalCache.java:3966)
	at com.google.common.cache.LocalCache$LocalManualCache.get(LocalCache.java:4863)
	at org.apache.hadoop.hdds.scm.XceiverClientManager.getClient(XceiverClientManager.java:224)
	at org.apache.hadoop.hdds.scm.XceiverClientManager.acquireClient(XceiverClientManager.java:168)
	at org.apache.hadoop.hdds.scm.XceiverClientManager.acquireClientForReadData(XceiverClientManager.java:157)
	at org.apache.hadoop.hdds.scm.storage.BlockInputStream.acquireClient(BlockInputStream.java:256)
	at org.apache.hadoop.hdds.scm.storage.BlockInputStream.getChunkInfos(BlockInputStream.java:223)
	at org.apache.hadoop.hdds.scm.storage.BlockInputStream.initialize(BlockInputStream.java:146)
	at org.apache.hadoop.hdds.scm.storage.BlockInputStream.readWithStrategy(BlockInputStream.java:283)
	at org.apache.hadoop.hdds.scm.storage.ExtendedInputStream.read(ExtendedInputStream.java:64)
	at org.apache.hadoop.hdds.scm.storage.ByteBufferReader.readFromBlock(ByteBufferReader.java:56)
	at org.apache.hadoop.ozone.client.io.ECBlockInputStream.readFromStream(ECBlockInputStream.java:365)
	at org.apache.hadoop.ozone.client.io.ECBlockInputStream.readWithStrategy(ECBlockInputStream.java:300)
	at org.apache.hadoop.hdds.scm.storage.ExtendedInputStream.read(ExtendedInputStream.java:64)
	at org.apache.hadoop.ozone.client.io.ECBlockInputStreamProxy.read(ECBlockInputStreamProxy.java:158)
	at org.apache.hadoop.ozone.client.io.ECBlockInputStreamProxy.read(ECBlockInputStreamProxy.java:143)
	at org.apache.hadoop.hdds.scm.storage.ByteArrayReader.readFromBlock(ByteArrayReader.java:57)
	at org.apache.hadoop.ozone.client.io.KeyInputStream.readWithStrategy(KeyInputStream.java:273)
	at org.apache.hadoop.ozone.client.io.KeyInputStream.read(KeyInputStream.java:240)
	at org.apache.hadoop.ozone.client.rpc.read.TestKeyInputStream.validate(TestKeyInputStream.java:133)
	at org.apache.hadoop.ozone.client.rpc.read.TestKeyInputStream.randomPositionSeek(TestKeyInputStream.java:115)
	at org.apache.hadoop.ozone.client.rpc.read.TestKeyInputStream.testECSeek(TestKeyInputStream.java:245)
	at org.apache.hadoop.ozone.client.rpc.read.TestKeyInputStream.testNonReplicationReads(TestKeyInputStream.java:150)
	at sun.reflect.NativeMethodAccessorImpl.invoke0(Native Method)
	at sun.reflect.NativeMethodAccessorImpl.invoke(NativeMethodAccessorImpl.java:62)
	at sun.reflect.DelegatingMethodAccessorImpl.invoke(DelegatingMethodAccessorImpl.java:43)
	at java.lang.reflect.Method.invoke(Method.java:498)
	at org.junit.runners.model.FrameworkMethod$1.runReflectiveCall(FrameworkMethod.java:59)
	at org.junit.internal.runners.model.ReflectiveCallable.run(ReflectiveCallable.java:12)
	at org.junit.runners.model.FrameworkMethod.invokeExplosively(FrameworkMethod.java:56)
	at org.junit.internal.runners.statements.InvokeMethod.evaluate(InvokeMethod.java:17)
	at org.junit.internal.runners.statements.RunBefores.evaluate(RunBefores.java:26)
	at org.junit.internal.runners.statements.RunAfters.evaluate(RunAfters.java:27)
	at org.junit.internal.runners.statements.FailOnTimeout$CallableStatement.call(FailOnTimeout.java:288)
	at org.junit.internal.runners.statements.FailOnTimeout$CallableStatement.call(FailOnTimeout.java:282)
	at java.util.concurrent.FutureTask.run(FutureTask.java:266)
	at java.lang.Thread.run(Thread.java:750)

Oct 16, 2022 1:16:55 PM org.apache.ratis.thirdparty.io.grpc.internal.ManagedChannelOrphanWrapper$ManagedChannelReference cleanQueue
SEVERE: *~*~*~ Channel ManagedChannelImpl{logId=677, target=10.1.0.60:45309} was not shutdown properly!!! ~*~*~*
    Make sure to call shutdown()/shutdownNow() and wait until awaitTermination() returns true.
java.lang.RuntimeException: ManagedChannel allocation site
	at org.apache.ratis.thirdparty.io.grpc.internal.ManagedChannelOrphanWrapper$ManagedChannelReference.<init>(ManagedChannelOrphanWrapper.java:93)
	at org.apache.ratis.thirdparty.io.grpc.internal.ManagedChannelOrphanWrapper.<init>(ManagedChannelOrphanWrapper.java:53)
	at org.apache.ratis.thirdparty.io.grpc.internal.ManagedChannelOrphanWrapper.<init>(ManagedChannelOrphanWrapper.java:44)
	at org.apache.ratis.thirdparty.io.grpc.internal.ManagedChannelImplBuilder.build(ManagedChannelImplBuilder.java:630)
	at org.apache.ratis.thirdparty.io.grpc.internal.AbstractManagedChannelImplBuilder.build(AbstractManagedChannelImplBuilder.java:297)
	at org.apache.hadoop.hdds.scm.XceiverClientGrpc.connectToDatanode(XceiverClientGrpc.java:205)
	at org.apache.hadoop.hdds.scm.XceiverClientGrpc.connect(XceiverClientGrpc.java:158)
	at org.apache.hadoop.hdds.scm.XceiverClientManager$2.call(XceiverClientManager.java:243)
	at org.apache.hadoop.hdds.scm.XceiverClientManager$2.call(XceiverClientManager.java:224)
	at com.google.common.cache.LocalCache$LocalManualCache$1.load(LocalCache.java:4868)
	at com.google.common.cache.LocalCache$LoadingValueReference.loadFuture(LocalCache.java:3533)
	at com.google.common.cache.LocalCache$Segment.loadSync(LocalCache.java:2282)
	at com.google.common.cache.LocalCache$Segment.lockedGetOrLoad(LocalCache.java:2159)
	at com.google.common.cache.LocalCache$Segment.get(LocalCache.java:2049)
	at com.google.common.cache.LocalCache.get(LocalCache.java:3966)
	at com.google.common.cache.LocalCache$LocalManualCache.get(LocalCache.java:4863)
	at org.apache.hadoop.hdds.scm.XceiverClientManager.getClient(XceiverClientManager.java:224)
	at org.apache.hadoop.hdds.scm.XceiverClientManager.acquireClient(XceiverClientManager.java:168)
	at org.apache.hadoop.hdds.scm.XceiverClientManager.acquireClient(XceiverClientManager.java:141)
	at org.apache.hadoop.hdds.scm.storage.BlockOutputStream.<init>(BlockOutputStream.java:161)
	at org.apache.hadoop.hdds.scm.storage.ECBlockOutputStream.<init>(ECBlockOutputStream.java:73)
	at org.apache.hadoop.ozone.client.io.ECBlockOutputStreamEntry.checkStream(ECBlockOutputStreamEntry.java:100)
	at org.apache.hadoop.ozone.client.io.BlockOutputStreamEntry.write(BlockOutputStreamEntry.java:123)
	at org.apache.hadoop.ozone.client.io.ECKeyOutputStream.writeToOutputStream(ECKeyOutputStream.java:406)
	at org.apache.hadoop.ozone.client.io.ECKeyOutputStream.handleOutputStreamWrite(ECKeyOutputStream.java:390)
	at org.apache.hadoop.ozone.client.io.ECKeyOutputStream.handleWrite(ECKeyOutputStream.java:364)
	at org.apache.hadoop.ozone.client.io.ECKeyOutputStream.write(ECKeyOutputStream.java:163)
	at org.apache.hadoop.ozone.client.io.OzoneOutputStream.write(OzoneOutputStream.java:50)
	at java.io.OutputStream.write(OutputStream.java:75)
	at org.apache.hadoop.ozone.client.rpc.read.TestInputStreamBase.writeRandomBytes(TestInputStreamBase.java:205)
	at org.apache.hadoop.ozone.client.rpc.read.TestKeyInputStream.testECSeek(TestKeyInputStream.java:231)
	at org.apache.hadoop.ozone.client.rpc.read.TestKeyInputStream.testNonReplicationReads(TestKeyInputStream.java:150)
	at sun.reflect.NativeMethodAccessorImpl.invoke0(Native Method)
	at sun.reflect.NativeMethodAccessorImpl.invoke(NativeMethodAccessorImpl.java:62)
	at sun.reflect.DelegatingMethodAccessorImpl.invoke(DelegatingMethodAccessorImpl.java:43)
	at java.lang.reflect.Method.invoke(Method.java:498)
	at org.junit.runners.model.FrameworkMethod$1.runReflectiveCall(FrameworkMethod.java:59)
	at org.junit.internal.runners.model.ReflectiveCallable.run(ReflectiveCallable.java:12)
	at org.junit.runners.model.FrameworkMethod.invokeExplosively(FrameworkMethod.java:56)
	at org.junit.internal.runners.statements.InvokeMethod.evaluate(InvokeMethod.java:17)
	at org.junit.internal.runners.statements.RunBefores.evaluate(RunBefores.java:26)
	at org.junit.internal.runners.statements.RunAfters.evaluate(RunAfters.java:27)
	at org.junit.internal.runners.statements.FailOnTimeout$CallableStatement.call(FailOnTimeout.java:288)
	at org.junit.internal.runners.statements.FailOnTimeout$CallableStatement.call(FailOnTimeout.java:282)
	at java.util.concurrent.FutureTask.run(FutureTask.java:266)
	at java.lang.Thread.run(Thread.java:750)

Oct 16, 2022 1:16:55 PM org.apache.ratis.thirdparty.io.grpc.internal.ManagedChannelOrphanWrapper$ManagedChannelReference cleanQueue
SEVERE: *~*~*~ Channel ManagedChannelImpl{logId=646, target=10.1.0.60:45309} was not shutdown properly!!! ~*~*~*
    Make sure to call shutdown()/shutdownNow() and wait until awaitTermination() returns true.
java.lang.RuntimeException: ManagedChannel allocation site
	at org.apache.ratis.thirdparty.io.grpc.internal.ManagedChannelOrphanWrapper$ManagedChannelReference.<init>(ManagedChannelOrphanWrapper.java:93)
	at org.apache.ratis.thirdparty.io.grpc.internal.ManagedChannelOrphanWrapper.<init>(ManagedChannelOrphanWrapper.java:53)
	at org.apache.ratis.thirdparty.io.grpc.internal.ManagedChannelOrphanWrapper.<init>(ManagedChannelOrphanWrapper.java:44)
	at org.apache.ratis.thirdparty.io.grpc.internal.ManagedChannelImplBuilder.build(ManagedChannelImplBuilder.java:630)
	at org.apache.ratis.thirdparty.io.grpc.internal.AbstractManagedChannelImplBuilder.build(AbstractManagedChannelImplBuilder.java:297)
	at org.apache.hadoop.hdds.scm.XceiverClientGrpc.connectToDatanode(XceiverClientGrpc.java:205)
	at org.apache.hadoop.hdds.scm.XceiverClientGrpc.connect(XceiverClientGrpc.java:158)
	at org.apache.hadoop.hdds.scm.XceiverClientManager$2.call(XceiverClientManager.java:243)
	at org.apache.hadoop.hdds.scm.XceiverClientManager$2.call(XceiverClientManager.java:224)
	at com.google.common.cache.LocalCache$LocalManualCache$1.load(LocalCache.java:4868)
	at com.google.common.cache.LocalCache$LoadingValueReference.loadFuture(LocalCache.java:3533)
	at com.google.common.cache.LocalCache$Segment.loadSync(LocalCache.java:2282)
	at com.google.common.cache.LocalCache$Segment.lockedGetOrLoad(LocalCache.java:2159)
	at com.google.common.cache.LocalCache$Segment.get(LocalCache.java:2049)
	at com.google.common.cache.LocalCache.get(LocalCache.java:3966)
	at com.google.common.cache.LocalCache$LocalManualCache.get(LocalCache.java:4863)
	at org.apache.hadoop.hdds.scm.XceiverClientManager.getClient(XceiverClientManager.java:224)
	at org.apache.hadoop.hdds.scm.XceiverClientManager.acquireClient(XceiverClientManager.java:168)
	at org.apache.hadoop.hdds.scm.XceiverClientManager.acquireClient(XceiverClientManager.java:141)
	at org.apache.hadoop.hdds.scm.storage.BlockOutputStream.<init>(BlockOutputStream.java:161)
	at org.apache.hadoop.hdds.scm.storage.ECBlockOutputStream.<init>(ECBlockOutputStream.java:73)
	at org.apache.hadoop.ozone.client.io.ECBlockOutputStreamEntry.checkStream(ECBlockOutputStreamEntry.java:100)
	at org.apache.hadoop.ozone.client.io.BlockOutputStreamEntry.write(BlockOutputStreamEntry.java:123)
	at org.apache.hadoop.ozone.client.io.ECKeyOutputStream.writeToOutputStream(ECKeyOutputStream.java:406)
	at org.apache.hadoop.ozone.client.io.ECKeyOutputStream.handleOutputStreamWrite(ECKeyOutputStream.java:390)
	at org.apache.hadoop.ozone.client.io.ECKeyOutputStream.handleWrite(ECKeyOutputStream.java:364)
	at org.apache.hadoop.ozone.client.io.ECKeyOutputStream.write(ECKeyOutputStream.java:163)
	at org.apache.hadoop.ozone.client.io.OzoneOutputStream.write(OzoneOutputStream.java:50)
	at java.io.OutputStream.write(OutputStream.java:75)
	at org.apache.hadoop.ozone.client.rpc.read.TestInputStreamBase.writeRandomBytes(TestInputStreamBase.java:205)
	at org.apache.hadoop.ozone.client.rpc.read.TestKeyInputStream.testECSeek(TestKeyInputStream.java:231)
	at org.apache.hadoop.ozone.client.rpc.read.TestKeyInputStream.testNonReplicationReads(TestKeyInputStream.java:150)
	at sun.reflect.NativeMethodAccessorImpl.invoke0(Native Method)
	at sun.reflect.NativeMethodAccessorImpl.invoke(NativeMethodAccessorImpl.java:62)
	at sun.reflect.DelegatingMethodAccessorImpl.invoke(DelegatingMethodAccessorImpl.java:43)
	at java.lang.reflect.Method.invoke(Method.java:498)
	at org.junit.runners.model.FrameworkMethod$1.runReflectiveCall(FrameworkMethod.java:59)
	at org.junit.internal.runners.model.ReflectiveCallable.run(ReflectiveCallable.java:12)
	at org.junit.runners.model.FrameworkMethod.invokeExplosively(FrameworkMethod.java:56)
	at org.junit.internal.runners.statements.InvokeMethod.evaluate(InvokeMethod.java:17)
	at org.junit.internal.runners.statements.RunBefores.evaluate(RunBefores.java:26)
	at org.junit.internal.runners.statements.RunAfters.evaluate(RunAfters.java:27)
	at org.junit.internal.runners.statements.FailOnTimeout$CallableStatement.call(FailOnTimeout.java:288)
	at org.junit.internal.runners.statements.FailOnTimeout$CallableStatement.call(FailOnTimeout.java:282)
	at java.util.concurrent.FutureTask.run(FutureTask.java:266)
	at java.lang.Thread.run(Thread.java:750)

Oct 16, 2022 1:16:55 PM org.apache.ratis.thirdparty.io.grpc.internal.ManagedChannelOrphanWrapper$ManagedChannelReference cleanQueue
SEVERE: *~*~*~ Channel ManagedChannelImpl{logId=673, target=10.1.0.60:39119} was not shutdown properly!!! ~*~*~*
    Make sure to call shutdown()/shutdownNow() and wait until awaitTermination() returns true.
java.lang.RuntimeException: ManagedChannel allocation site
	at org.apache.ratis.thirdparty.io.grpc.internal.ManagedChannelOrphanWrapper$ManagedChannelReference.<init>(ManagedChannelOrphanWrapper.java:93)
	at org.apache.ratis.thirdparty.io.grpc.internal.ManagedChannelOrphanWrapper.<init>(ManagedChannelOrphanWrapper.java:53)
	at org.apache.ratis.thirdparty.io.grpc.internal.ManagedChannelOrphanWrapper.<init>(ManagedChannelOrphanWrapper.java:44)
	at org.apache.ratis.thirdparty.io.grpc.internal.ManagedChannelImplBuilder.build(ManagedChannelImplBuilder.java:630)
	at org.apache.ratis.thirdparty.io.grpc.internal.AbstractManagedChannelImplBuilder.build(AbstractManagedChannelImplBuilder.java:297)
	at org.apache.hadoop.hdds.scm.XceiverClientGrpc.connectToDatanode(XceiverClientGrpc.java:205)
	at org.apache.hadoop.hdds.scm.XceiverClientGrpc.connect(XceiverClientGrpc.java:158)
	at org.apache.hadoop.hdds.scm.XceiverClientManager$2.call(XceiverClientManager.java:243)
	at org.apache.hadoop.hdds.scm.XceiverClientManager$2.call(XceiverClientManager.java:224)
	at com.google.common.cache.LocalCache$LocalManualCache$1.load(LocalCache.java:4868)
	at com.google.common.cache.LocalCache$LoadingValueReference.loadFuture(LocalCache.java:3533)
	at com.google.common.cache.LocalCache$Segment.loadSync(LocalCache.java:2282)
	at com.google.common.cache.LocalCache$Segment.lockedGetOrLoad(LocalCache.java:2159)
	at com.google.common.cache.LocalCache$Segment.get(LocalCache.java:2049)
	at com.google.common.cache.LocalCache.get(LocalCache.java:3966)
	at com.google.common.cache.LocalCache$LocalManualCache.get(LocalCache.java:4863)
	at org.apache.hadoop.hdds.scm.XceiverClientManager.getClient(XceiverClientManager.java:224)
	at org.apache.hadoop.hdds.scm.XceiverClientManager.acquireClient(XceiverClientManager.java:168)
	at org.apache.hadoop.hdds.scm.XceiverClientManager.acquireClient(XceiverClientManager.java:141)
	at org.apache.hadoop.hdds.scm.storage.BlockOutputStream.<init>(BlockOutputStream.java:161)
	at org.apache.hadoop.hdds.scm.storage.ECBlockOutputStream.<init>(ECBlockOutputStream.java:73)
	at org.apache.hadoop.ozone.client.io.ECBlockOutputStreamEntry.checkStream(ECBlockOutputStreamEntry.java:100)
	at org.apache.hadoop.ozone.client.io.BlockOutputStreamEntry.write(BlockOutputStreamEntry.java:123)
	at org.apache.hadoop.ozone.client.io.ECKeyOutputStream.writeToOutputStream(ECKeyOutputStream.java:406)
	at org.apache.hadoop.ozone.client.io.ECKeyOutputStream.handleOutputStreamWrite(ECKeyOutputStream.java:390)
	at org.apache.hadoop.ozone.client.io.ECKeyOutputStream.handleWrite(ECKeyOutputStream.java:364)
	at org.apache.hadoop.ozone.client.io.ECKeyOutputStream.write(ECKeyOutputStream.java:163)
	at org.apache.hadoop.ozone.client.io.OzoneOutputStream.write(OzoneOutputStream.java:50)
	at java.io.OutputStream.write(OutputStream.java:75)
	at org.apache.hadoop.ozone.client.rpc.read.TestInputStreamBase.writeRandomBytes(TestInputStreamBase.java:205)
	at org.apache.hadoop.ozone.client.rpc.read.TestKeyInputStream.testECSeek(TestKeyInputStream.java:231)
	at org.apache.hadoop.ozone.client.rpc.read.TestKeyInputStream.testNonReplicationReads(TestKeyInputStream.java:150)
	at sun.reflect.NativeMethodAccessorImpl.invoke0(Native Method)
	at sun.reflect.NativeMethodAccessorImpl.invoke(NativeMethodAccessorImpl.java:62)
	at sun.reflect.DelegatingMethodAccessorImpl.invoke(DelegatingMethodAccessorImpl.java:43)
	at java.lang.reflect.Method.invoke(Method.java:498)
	at org.junit.runners.model.FrameworkMethod$1.runReflectiveCall(FrameworkMethod.java:59)
	at org.junit.internal.runners.model.ReflectiveCallable.run(ReflectiveCallable.java:12)
	at org.junit.runners.model.FrameworkMethod.invokeExplosively(FrameworkMethod.java:56)
	at org.junit.internal.runners.statements.InvokeMethod.evaluate(InvokeMethod.java:17)
	at org.junit.internal.runners.statements.RunBefores.evaluate(RunBefores.java:26)
	at org.junit.internal.runners.statements.RunAfters.evaluate(RunAfters.java:27)
	at org.junit.internal.runners.statements.FailOnTimeout$CallableStatement.call(FailOnTimeout.java:288)
	at org.junit.internal.runners.statements.FailOnTimeout$CallableStatement.call(FailOnTimeout.java:282)
	at java.util.concurrent.FutureTask.run(FutureTask.java:266)
	at java.lang.Thread.run(Thread.java:750)

Oct 16, 2022 1:16:55 PM org.apache.ratis.thirdparty.io.grpc.internal.ManagedChannelOrphanWrapper$ManagedChannelReference cleanQueue
SEVERE: *~*~*~ Channel ManagedChannelImpl{logId=650, target=10.1.0.60:39749} was not shutdown properly!!! ~*~*~*
    Make sure to call shutdown()/shutdownNow() and wait until awaitTermination() returns true.
java.lang.RuntimeException: ManagedChannel allocation site
	at org.apache.ratis.thirdparty.io.grpc.internal.ManagedChannelOrphanWrapper$ManagedChannelReference.<init>(ManagedChannelOrphanWrapper.java:93)
	at org.apache.ratis.thirdparty.io.grpc.internal.ManagedChannelOrphanWrapper.<init>(ManagedChannelOrphanWrapper.java:53)
	at org.apache.ratis.thirdparty.io.grpc.internal.ManagedChannelOrphanWrapper.<init>(ManagedChannelOrphanWrapper.java:44)
	at org.apache.ratis.thirdparty.io.grpc.internal.ManagedChannelImplBuilder.build(ManagedChannelImplBuilder.java:630)
	at org.apache.ratis.thirdparty.io.grpc.internal.AbstractManagedChannelImplBuilder.build(AbstractManagedChannelImplBuilder.java:297)
	at org.apache.hadoop.hdds.scm.XceiverClientGrpc.connectToDatanode(XceiverClientGrpc.java:205)
	at org.apache.hadoop.hdds.scm.XceiverClientGrpc.connect(XceiverClientGrpc.java:158)
	at org.apache.hadoop.hdds.scm.XceiverClientManager$2.call(XceiverClientManager.java:243)
	at org.apache.hadoop.hdds.scm.XceiverClientManager$2.call(XceiverClientManager.java:224)
	at com.google.common.cache.LocalCache$LocalManualCache$1.load(LocalCache.java:4868)
	at com.google.common.cache.LocalCache$LoadingValueReference.loadFuture(LocalCache.java:3533)
	at com.google.common.cache.LocalCache$Segment.loadSync(LocalCache.java:2282)
	at com.google.common.cache.LocalCache$Segment.lockedGetOrLoad(LocalCache.java:2159)
	at com.google.common.cache.LocalCache$Segment.get(LocalCache.java:2049)
	at com.google.common.cache.LocalCache.get(LocalCache.java:3966)
	at com.google.common.cache.LocalCache$LocalManualCache.get(LocalCache.java:4863)
	at org.apache.hadoop.hdds.scm.XceiverClientManager.getClient(XceiverClientManager.java:224)
	at org.apache.hadoop.hdds.scm.XceiverClientManager.acquireClient(XceiverClientManager.java:168)
	at org.apache.hadoop.hdds.scm.XceiverClientManager.acquireClient(XceiverClientManager.java:141)
	at org.apache.hadoop.hdds.scm.storage.BlockOutputStream.<init>(BlockOutputStream.java:161)
	at org.apache.hadoop.hdds.scm.storage.ECBlockOutputStream.<init>(ECBlockOutputStream.java:73)
	at org.apache.hadoop.ozone.client.io.ECBlockOutputStreamEntry.checkStream(ECBlockOutputStreamEntry.java:100)
	at org.apache.hadoop.ozone.client.io.BlockOutputStreamEntry.write(BlockOutputStreamEntry.java:123)
	at org.apache.hadoop.ozone.client.io.ECKeyOutputStream.writeToOutputStream(ECKeyOutputStream.java:406)
	at org.apache.hadoop.ozone.client.io.ECKeyOutputStream.handleOutputStreamWrite(ECKeyOutputStream.java:390)
	at org.apache.hadoop.ozone.client.io.ECKeyOutputStream.handleWrite(ECKeyOutputStream.java:364)
	at org.apache.hadoop.ozone.client.io.ECKeyOutputStream.write(ECKeyOutputStream.java:163)
	at org.apache.hadoop.ozone.client.io.OzoneOutputStream.write(OzoneOutputStream.java:50)
	at java.io.OutputStream.write(OutputStream.java:75)
	at org.apache.hadoop.ozone.client.rpc.read.TestInputStreamBase.writeRandomBytes(TestInputStreamBase.java:205)
	at org.apache.hadoop.ozone.client.rpc.read.TestKeyInputStream.testECSeek(TestKeyInputStream.java:231)
	at org.apache.hadoop.ozone.client.rpc.read.TestKeyInputStream.testNonReplicationReads(TestKeyInputStream.java:150)
	at sun.reflect.NativeMethodAccessorImpl.invoke0(Native Method)
	at sun.reflect.NativeMethodAccessorImpl.invoke(NativeMethodAccessorImpl.java:62)
	at sun.reflect.DelegatingMethodAccessorImpl.invoke(DelegatingMethodAccessorImpl.java:43)
	at java.lang.reflect.Method.invoke(Method.java:498)
	at org.junit.runners.model.FrameworkMethod$1.runReflectiveCall(FrameworkMethod.java:59)
	at org.junit.internal.runners.model.ReflectiveCallable.run(ReflectiveCallable.java:12)
	at org.junit.runners.model.FrameworkMethod.invokeExplosively(FrameworkMethod.java:56)
	at org.junit.internal.runners.statements.InvokeMethod.evaluate(InvokeMethod.java:17)
	at org.junit.internal.runners.statements.RunBefores.evaluate(RunBefores.java:26)
	at org.junit.internal.runners.statements.RunAfters.evaluate(RunAfters.java:27)
	at org.junit.internal.runners.statements.FailOnTimeout$CallableStatement.call(FailOnTimeout.java:288)
	at org.junit.internal.runners.statements.FailOnTimeout$CallableStatement.call(FailOnTimeout.java:282)
	at java.util.concurrent.FutureTask.run(FutureTask.java:266)
	at java.lang.Thread.run(Thread.java:750)

Oct 16, 2022 1:16:55 PM org.apache.ratis.thirdparty.io.grpc.internal.ManagedChannelOrphanWrapper$ManagedChannelReference cleanQueue
SEVERE: *~*~*~ Channel ManagedChannelImpl{logId=623, target=10.1.0.60:42871} was not shutdown properly!!! ~*~*~*
    Make sure to call shutdown()/shutdownNow() and wait until awaitTermination() returns true.
java.lang.RuntimeException: ManagedChannel allocation site
	at org.apache.ratis.thirdparty.io.grpc.internal.ManagedChannelOrphanWrapper$ManagedChannelReference.<init>(ManagedChannelOrphanWrapper.java:93)
	at org.apache.ratis.thirdparty.io.grpc.internal.ManagedChannelOrphanWrapper.<init>(ManagedChannelOrphanWrapper.java:53)
	at org.apache.ratis.thirdparty.io.grpc.internal.ManagedChannelOrphanWrapper.<init>(ManagedChannelOrphanWrapper.java:44)
	at org.apache.ratis.thirdparty.io.grpc.internal.ManagedChannelImplBuilder.build(ManagedChannelImplBuilder.java:630)
	at org.apache.ratis.thirdparty.io.grpc.internal.AbstractManagedChannelImplBuilder.build(AbstractManagedChannelImplBuilder.java:297)
	at org.apache.hadoop.hdds.scm.XceiverClientGrpc.connectToDatanode(XceiverClientGrpc.java:205)
	at org.apache.hadoop.hdds.scm.XceiverClientGrpc.connect(XceiverClientGrpc.java:158)
	at org.apache.hadoop.hdds.scm.XceiverClientManager$2.call(XceiverClientManager.java:243)
	at org.apache.hadoop.hdds.scm.XceiverClientManager$2.call(XceiverClientManager.java:224)
	at com.google.common.cache.LocalCache$LocalManualCache$1.load(LocalCache.java:4868)
	at com.google.common.cache.LocalCache$LoadingValueReference.loadFuture(LocalCache.java:3533)
	at com.google.common.cache.LocalCache$Segment.loadSync(LocalCache.java:2282)
	at com.google.common.cache.LocalCache$Segment.lockedGetOrLoad(LocalCache.java:2159)
	at com.google.common.cache.LocalCache$Segment.get(LocalCache.java:2049)
	at com.google.common.cache.LocalCache.get(LocalCache.java:3966)
	at com.google.common.cache.LocalCache$LocalManualCache.get(LocalCache.java:4863)
	at org.apache.hadoop.hdds.scm.XceiverClientManager.getClient(XceiverClientManager.java:224)
	at org.apache.hadoop.hdds.scm.XceiverClientManager.acquireClient(XceiverClientManager.java:168)
	at org.apache.hadoop.hdds.scm.XceiverClientManager.acquireClient(XceiverClientManager.java:141)
	at org.apache.hadoop.hdds.scm.storage.BlockOutputStream.<init>(BlockOutputStream.java:161)
	at org.apache.hadoop.hdds.scm.storage.ECBlockOutputStream.<init>(ECBlockOutputStream.java:73)
	at org.apache.hadoop.ozone.client.io.ECBlockOutputStreamEntry.checkStream(ECBlockOutputStreamEntry.java:100)
	at org.apache.hadoop.ozone.client.io.BlockOutputStreamEntry.write(BlockOutputStreamEntry.java:123)
	at org.apache.hadoop.ozone.client.io.ECKeyOutputStream.writeToOutputStream(ECKeyOutputStream.java:406)
	at org.apache.hadoop.ozone.client.io.ECKeyOutputStream.handleOutputStreamWrite(ECKeyOutputStream.java:390)
	at org.apache.hadoop.ozone.client.io.ECKeyOutputStream.handleWrite(ECKeyOutputStream.java:364)
	at org.apache.hadoop.ozone.client.io.ECKeyOutputStream.write(ECKeyOutputStream.java:163)
	at org.apache.hadoop.ozone.client.io.OzoneOutputStream.write(OzoneOutputStream.java:50)
	at java.io.OutputStream.write(OutputStream.java:75)
	at org.apache.hadoop.ozone.client.rpc.read.TestInputStreamBase.writeRandomBytes(TestInputStreamBase.java:205)
	at org.apache.hadoop.ozone.client.rpc.read.TestKeyInputStream.testECSeek(TestKeyInputStream.java:231)
	at org.apache.hadoop.ozone.client.rpc.read.TestKeyInputStream.testNonReplicationReads(TestKeyInputStream.java:150)
	at sun.reflect.NativeMethodAccessorImpl.invoke0(Native Method)
	at sun.reflect.NativeMethodAccessorImpl.invoke(NativeMethodAccessorImpl.java:62)
	at sun.reflect.DelegatingMethodAccessorImpl.invoke(DelegatingMethodAccessorImpl.java:43)
	at java.lang.reflect.Method.invoke(Method.java:498)
	at org.junit.runners.model.FrameworkMethod$1.runReflectiveCall(FrameworkMethod.java:59)
	at org.junit.internal.runners.model.ReflectiveCallable.run(ReflectiveCallable.java:12)
	at org.junit.runners.model.FrameworkMethod.invokeExplosively(FrameworkMethod.java:56)
	at org.junit.internal.runners.statements.InvokeMethod.evaluate(InvokeMethod.java:17)
	at org.junit.internal.runners.statements.RunBefores.evaluate(RunBefores.java:26)
	at org.junit.internal.runners.statements.RunAfters.evaluate(RunAfters.java:27)
	at org.junit.internal.runners.statements.FailOnTimeout$CallableStatement.call(FailOnTimeout.java:288)
	at org.junit.internal.runners.statements.FailOnTimeout$CallableStatement.call(FailOnTimeout.java:282)
	at java.util.concurrent.FutureTask.run(FutureTask.java:266)
	at java.lang.Thread.run(Thread.java:750)

Oct 16, 2022 1:16:55 PM org.apache.ratis.thirdparty.io.grpc.internal.ManagedChannelOrphanWrapper$ManagedChannelReference cleanQueue
SEVERE: *~*~*~ Channel ManagedChannelImpl{logId=629, target=10.1.0.60:39749} was not shutdown properly!!! ~*~*~*
    Make sure to call shutdown()/shutdownNow() and wait until awaitTermination() returns true.
java.lang.RuntimeException: ManagedChannel allocation site
	at org.apache.ratis.thirdparty.io.grpc.internal.ManagedChannelOrphanWrapper$ManagedChannelReference.<init>(ManagedChannelOrphanWrapper.java:93)
	at org.apache.ratis.thirdparty.io.grpc.internal.ManagedChannelOrphanWrapper.<init>(ManagedChannelOrphanWrapper.java:53)
	at org.apache.ratis.thirdparty.io.grpc.internal.ManagedChannelOrphanWrapper.<init>(ManagedChannelOrphanWrapper.java:44)
	at org.apache.ratis.thirdparty.io.grpc.internal.ManagedChannelImplBuilder.build(ManagedChannelImplBuilder.java:630)
	at org.apache.ratis.thirdparty.io.grpc.internal.AbstractManagedChannelImplBuilder.build(AbstractManagedChannelImplBuilder.java:297)
	at org.apache.hadoop.hdds.scm.XceiverClientGrpc.connectToDatanode(XceiverClientGrpc.java:205)
	at org.apache.hadoop.hdds.scm.XceiverClientGrpc.connect(XceiverClientGrpc.java:158)
	at org.apache.hadoop.hdds.scm.XceiverClientManager$2.call(XceiverClientManager.java:243)
	at org.apache.hadoop.hdds.scm.XceiverClientManager$2.call(XceiverClientManager.java:224)
	at com.google.common.cache.LocalCache$LocalManualCache$1.load(LocalCache.java:4868)
	at com.google.common.cache.LocalCache$LoadingValueReference.loadFuture(LocalCache.java:3533)
	at com.google.common.cache.LocalCache$Segment.loadSync(LocalCache.java:2282)
	at com.google.common.cache.LocalCache$Segment.lockedGetOrLoad(LocalCache.java:2159)
	at com.google.common.cache.LocalCache$Segment.get(LocalCache.java:2049)
	at com.google.common.cache.LocalCache.get(LocalCache.java:3966)
	at com.google.common.cache.LocalCache$LocalManualCache.get(LocalCache.java:4863)
	at org.apache.hadoop.hdds.scm.XceiverClientManager.getClient(XceiverClientManager.java:224)
	at org.apache.hadoop.hdds.scm.XceiverClientManager.acquireClient(XceiverClientManager.java:168)
	at org.apache.hadoop.hdds.scm.XceiverClientManager.acquireClient(XceiverClientManager.java:141)
	at org.apache.hadoop.hdds.scm.storage.BlockOutputStream.<init>(BlockOutputStream.java:161)
	at org.apache.hadoop.hdds.scm.storage.ECBlockOutputStream.<init>(ECBlockOutputStream.java:73)
	at org.apache.hadoop.ozone.client.io.ECBlockOutputStreamEntry.checkStream(ECBlockOutputStreamEntry.java:100)
	at org.apache.hadoop.ozone.client.io.BlockOutputStreamEntry.write(BlockOutputStreamEntry.java:123)
	at org.apache.hadoop.ozone.client.io.ECKeyOutputStream.writeToOutputStream(ECKeyOutputStream.java:406)
	at org.apache.hadoop.ozone.client.io.ECKeyOutputStream.handleOutputStreamWrite(ECKeyOutputStream.java:390)
	at org.apache.hadoop.ozone.client.io.ECKeyOutputStream.handleWrite(ECKeyOutputStream.java:364)
	at org.apache.hadoop.ozone.client.io.ECKeyOutputStream.write(ECKeyOutputStream.java:163)
	at org.apache.hadoop.ozone.client.io.OzoneOutputStream.write(OzoneOutputStream.java:50)
	at java.io.OutputStream.write(OutputStream.java:75)
	at org.apache.hadoop.ozone.client.rpc.read.TestInputStreamBase.writeRandomBytes(TestInputStreamBase.java:205)
	at org.apache.hadoop.ozone.client.rpc.read.TestKeyInputStream.testECSeek(TestKeyInputStream.java:231)
	at org.apache.hadoop.ozone.client.rpc.read.TestKeyInputStream.testNonReplicationReads(TestKeyInputStream.java:150)
	at sun.reflect.NativeMethodAccessorImpl.invoke0(Native Method)
	at sun.reflect.NativeMethodAccessorImpl.invoke(NativeMethodAccessorImpl.java:62)
	at sun.reflect.DelegatingMethodAccessorImpl.invoke(DelegatingMethodAccessorImpl.java:43)
	at java.lang.reflect.Method.invoke(Method.java:498)
	at org.junit.runners.model.FrameworkMethod$1.runReflectiveCall(FrameworkMethod.java:59)
	at org.junit.internal.runners.model.ReflectiveCallable.run(ReflectiveCallable.java:12)
	at org.junit.runners.model.FrameworkMethod.invokeExplosively(FrameworkMethod.java:56)
	at org.junit.internal.runners.statements.InvokeMethod.evaluate(InvokeMethod.java:17)
	at org.junit.internal.runners.statements.RunBefores.evaluate(RunBefores.java:26)
	at org.junit.internal.runners.statements.RunAfters.evaluate(RunAfters.java:27)
	at org.junit.internal.runners.statements.FailOnTimeout$CallableStatement.call(FailOnTimeout.java:288)
	at org.junit.internal.runners.statements.FailOnTimeout$CallableStatement.call(FailOnTimeout.java:282)
	at java.util.concurrent.FutureTask.run(FutureTask.java:266)
	at java.lang.Thread.run(Thread.java:750)

Oct 16, 2022 1:16:55 PM org.apache.ratis.thirdparty.io.grpc.internal.ManagedChannelOrphanWrapper$ManagedChannelReference cleanQueue
SEVERE: *~*~*~ Channel ManagedChannelImpl{logId=590, target=10.1.0.60:39119} was not shutdown properly!!! ~*~*~*
    Make sure to call shutdown()/shutdownNow() and wait until awaitTermination() returns true.
java.lang.RuntimeException: ManagedChannel allocation site
	at org.apache.ratis.thirdparty.io.grpc.internal.ManagedChannelOrphanWrapper$ManagedChannelReference.<init>(ManagedChannelOrphanWrapper.java:93)
	at org.apache.ratis.thirdparty.io.grpc.internal.ManagedChannelOrphanWrapper.<init>(ManagedChannelOrphanWrapper.java:53)
	at org.apache.ratis.thirdparty.io.grpc.internal.ManagedChannelOrphanWrapper.<init>(ManagedChannelOrphanWrapper.java:44)
	at org.apache.ratis.thirdparty.io.grpc.internal.ManagedChannelImplBuilder.build(ManagedChannelImplBuilder.java:630)
	at org.apache.ratis.thirdparty.io.grpc.internal.AbstractManagedChannelImplBuilder.build(AbstractManagedChannelImplBuilder.java:297)
	at org.apache.hadoop.hdds.scm.XceiverClientGrpc.connectToDatanode(XceiverClientGrpc.java:205)
	at org.apache.hadoop.hdds.scm.XceiverClientGrpc.reconnect(XceiverClientGrpc.java:579)
	at org.apache.hadoop.hdds.scm.XceiverClientGrpc.checkOpen(XceiverClientGrpc.java:570)
	at org.apache.hadoop.hdds.scm.XceiverClientGrpc.sendCommandAsync(XceiverClientGrpc.java:500)
	at org.apache.hadoop.hdds.scm.XceiverClientGrpc.sendCommandWithRetry(XceiverClientGrpc.java:402)
	at org.apache.hadoop.hdds.scm.XceiverClientGrpc.lambda$sendCommandWithTraceIDAndRetry$0(XceiverClientGrpc.java:344)
	at org.apache.hadoop.hdds.tracing.TracingUtil.executeInSpan(TracingUtil.java:177)
	at org.apache.hadoop.hdds.tracing.TracingUtil.executeInNewSpan(TracingUtil.java:151)
	at org.apache.hadoop.hdds.scm.XceiverClientGrpc.sendCommandWithTraceIDAndRetry(XceiverClientGrpc.java:338)
	at org.apache.hadoop.hdds.scm.XceiverClientGrpc.sendCommand(XceiverClientGrpc.java:319)
	at org.apache.hadoop.hdds.scm.storage.ContainerProtocolCalls.getBlock(ContainerProtocolCalls.java:152)
	at org.apache.hadoop.hdds.scm.storage.BlockInputStream.getChunkInfos(BlockInputStream.java:242)
	at org.apache.hadoop.hdds.scm.storage.BlockInputStream.initialize(BlockInputStream.java:146)
	at org.apache.hadoop.hdds.scm.storage.BlockInputStream.readWithStrategy(BlockInputStream.java:283)
	at org.apache.hadoop.hdds.scm.storage.ExtendedInputStream.read(ExtendedInputStream.java:64)
	at org.apache.hadoop.hdds.scm.storage.ByteBufferReader.readFromBlock(ByteBufferReader.java:56)
	at org.apache.hadoop.ozone.client.io.KeyInputStream.readWithStrategy(KeyInputStream.java:273)
	at org.apache.hadoop.ozone.client.io.KeyInputStream.read(KeyInputStream.java:250)
	at org.apache.hadoop.ozone.client.rpc.read.TestKeyInputStream.assertReadFullyUsingByteBuffer(TestKeyInputStream.java:497)
	at org.apache.hadoop.ozone.client.rpc.read.TestKeyInputStream.testReadChunkWithByteBuffer(TestKeyInputStream.java:332)
	at org.apache.hadoop.ozone.client.rpc.read.TestKeyInputStream.testNonReplicationReads(TestKeyInputStream.java:148)
	at sun.reflect.NativeMethodAccessorImpl.invoke0(Native Method)
	at sun.reflect.NativeMethodAccessorImpl.invoke(NativeMethodAccessorImpl.java:62)
	at sun.reflect.DelegatingMethodAccessorImpl.invoke(DelegatingMethodAccessorImpl.java:43)
	at java.lang.reflect.Method.invoke(Method.java:498)
	at org.junit.runners.model.FrameworkMethod$1.runReflectiveCall(FrameworkMethod.java:59)
	at org.junit.internal.runners.model.ReflectiveCallable.run(ReflectiveCallable.java:12)
	at org.junit.runners.model.FrameworkMethod.invokeExplosively(FrameworkMethod.java:56)
	at org.junit.internal.runners.statements.InvokeMethod.evaluate(InvokeMethod.java:17)
	at org.junit.internal.runners.statements.RunBefores.evaluate(RunBefores.java:26)
	at org.junit.internal.runners.statements.RunAfters.evaluate(RunAfters.java:27)
	at org.junit.internal.runners.statements.FailOnTimeout$CallableStatement.call(FailOnTimeout.java:288)
	at org.junit.internal.runners.statements.FailOnTimeout$CallableStatement.call(FailOnTimeout.java:282)
	at java.util.concurrent.FutureTask.run(FutureTask.java:266)
	at java.lang.Thread.run(Thread.java:750)

Oct 16, 2022 1:16:55 PM org.apache.ratis.thirdparty.io.grpc.internal.ManagedChannelOrphanWrapper$ManagedChannelReference cleanQueue
SEVERE: *~*~*~ Channel ManagedChannelImpl{logId=648, target=10.1.0.60:41297} was not shutdown properly!!! ~*~*~*
    Make sure to call shutdown()/shutdownNow() and wait until awaitTermination() returns true.
java.lang.RuntimeException: ManagedChannel allocation site
	at org.apache.ratis.thirdparty.io.grpc.internal.ManagedChannelOrphanWrapper$ManagedChannelReference.<init>(ManagedChannelOrphanWrapper.java:93)
	at org.apache.ratis.thirdparty.io.grpc.internal.ManagedChannelOrphanWrapper.<init>(ManagedChannelOrphanWrapper.java:53)
	at org.apache.ratis.thirdparty.io.grpc.internal.ManagedChannelOrphanWrapper.<init>(ManagedChannelOrphanWrapper.java:44)
	at org.apache.ratis.thirdparty.io.grpc.internal.ManagedChannelImplBuilder.build(ManagedChannelImplBuilder.java:630)
	at org.apache.ratis.thirdparty.io.grpc.internal.AbstractManagedChannelImplBuilder.build(AbstractManagedChannelImplBuilder.java:297)
	at org.apache.hadoop.hdds.scm.XceiverClientGrpc.connectToDatanode(XceiverClientGrpc.java:205)
	at org.apache.hadoop.hdds.scm.XceiverClientGrpc.connect(XceiverClientGrpc.java:158)
	at org.apache.hadoop.hdds.scm.XceiverClientManager$2.call(XceiverClientManager.java:243)
	at org.apache.hadoop.hdds.scm.XceiverClientManager$2.call(XceiverClientManager.java:224)
	at com.google.common.cache.LocalCache$LocalManualCache$1.load(LocalCache.java:4868)
	at com.google.common.cache.LocalCache$LoadingValueReference.loadFuture(LocalCache.java:3533)
	at com.google.common.cache.LocalCache$Segment.loadSync(LocalCache.java:2282)
	at com.google.common.cache.LocalCache$Segment.lockedGetOrLoad(LocalCache.java:2159)
	at com.google.common.cache.LocalCache$Segment.get(LocalCache.java:2049)
	at com.google.common.cache.LocalCache.get(LocalCache.java:3966)
	at com.google.common.cache.LocalCache$LocalManualCache.get(LocalCache.java:4863)
	at org.apache.hadoop.hdds.scm.XceiverClientManager.getClient(XceiverClientManager.java:224)
	at org.apache.hadoop.hdds.scm.XceiverClientManager.acquireClient(XceiverClientManager.java:168)
	at org.apache.hadoop.hdds.scm.XceiverClientManager.acquireClient(XceiverClientManager.java:141)
	at org.apache.hadoop.hdds.scm.storage.BlockOutputStream.<init>(BlockOutputStream.java:161)
	at org.apache.hadoop.hdds.scm.storage.ECBlockOutputStream.<init>(ECBlockOutputStream.java:73)
	at org.apache.hadoop.ozone.client.io.ECBlockOutputStreamEntry.checkStream(ECBlockOutputStreamEntry.java:100)
	at org.apache.hadoop.ozone.client.io.BlockOutputStreamEntry.write(BlockOutputStreamEntry.java:123)
	at org.apache.hadoop.ozone.client.io.ECKeyOutputStream.writeToOutputStream(ECKeyOutputStream.java:406)
	at org.apache.hadoop.ozone.client.io.ECKeyOutputStream.handleOutputStreamWrite(ECKeyOutputStream.java:390)
	at org.apache.hadoop.ozone.client.io.ECKeyOutputStream.handleWrite(ECKeyOutputStream.java:364)
	at org.apache.hadoop.ozone.client.io.ECKeyOutputStream.write(ECKeyOutputStream.java:163)
	at org.apache.hadoop.ozone.client.io.OzoneOutputStream.write(OzoneOutputStream.java:50)
	at java.io.OutputStream.write(OutputStream.java:75)
	at org.apache.hadoop.ozone.client.rpc.read.TestInputStreamBase.writeRandomBytes(TestInputStreamBase.java:205)
	at org.apache.hadoop.ozone.client.rpc.read.TestKeyInputStream.testECSeek(TestKeyInputStream.java:231)
	at org.apache.hadoop.ozone.client.rpc.read.TestKeyInputStream.testNonReplicationReads(TestKeyInputStream.java:150)
	at sun.reflect.NativeMethodAccessorImpl.invoke0(Native Method)
	at sun.reflect.NativeMethodAccessorImpl.invoke(NativeMethodAccessorImpl.java:62)
	at sun.reflect.DelegatingMethodAccessorImpl.invoke(DelegatingMethodAccessorImpl.java:43)
	at java.lang.reflect.Method.invoke(Method.java:498)
	at org.junit.runners.model.FrameworkMethod$1.runReflectiveCall(FrameworkMethod.java:59)
	at org.junit.internal.runners.model.ReflectiveCallable.run(ReflectiveCallable.java:12)
	at org.junit.runners.model.FrameworkMethod.invokeExplosively(FrameworkMethod.java:56)
	at org.junit.internal.runners.statements.InvokeMethod.evaluate(InvokeMethod.java:17)
	at org.junit.internal.runners.statements.RunBefores.evaluate(RunBefores.java:26)
	at org.junit.internal.runners.statements.RunAfters.evaluate(RunAfters.java:27)
	at org.junit.internal.runners.statements.FailOnTimeout$CallableStatement.call(FailOnTimeout.java:288)
	at org.junit.internal.runners.statements.FailOnTimeout$CallableStatement.call(FailOnTimeout.java:282)
	at java.util.concurrent.FutureTask.run(FutureTask.java:266)
	at java.lang.Thread.run(Thread.java:750)

Oct 16, 2022 1:16:55 PM org.apache.ratis.thirdparty.io.grpc.internal.ManagedChannelOrphanWrapper$ManagedChannelReference cleanQueue
SEVERE: *~*~*~ Channel ManagedChannelImpl{logId=585, target=10.1.0.60:41297} was not shutdown properly!!! ~*~*~*
    Make sure to call shutdown()/shutdownNow() and wait until awaitTermination() returns true.
java.lang.RuntimeException: ManagedChannel allocation site
	at org.apache.ratis.thirdparty.io.grpc.internal.ManagedChannelOrphanWrapper$ManagedChannelReference.<init>(ManagedChannelOrphanWrapper.java:93)
	at org.apache.ratis.thirdparty.io.grpc.internal.ManagedChannelOrphanWrapper.<init>(ManagedChannelOrphanWrapper.java:53)
	at org.apache.ratis.thirdparty.io.grpc.internal.ManagedChannelOrphanWrapper.<init>(ManagedChannelOrphanWrapper.java:44)
	at org.apache.ratis.thirdparty.io.grpc.internal.ManagedChannelImplBuilder.build(ManagedChannelImplBuilder.java:630)
	at org.apache.ratis.thirdparty.io.grpc.internal.AbstractManagedChannelImplBuilder.build(AbstractManagedChannelImplBuilder.java:297)
	at org.apache.hadoop.hdds.scm.XceiverClientGrpc.connectToDatanode(XceiverClientGrpc.java:205)
	at org.apache.hadoop.hdds.scm.XceiverClientGrpc.reconnect(XceiverClientGrpc.java:579)
	at org.apache.hadoop.hdds.scm.XceiverClientGrpc.checkOpen(XceiverClientGrpc.java:570)
	at org.apache.hadoop.hdds.scm.XceiverClientGrpc.sendCommandAsync(XceiverClientGrpc.java:500)
	at org.apache.hadoop.hdds.scm.XceiverClientGrpc.sendCommandWithRetry(XceiverClientGrpc.java:402)
	at org.apache.hadoop.hdds.scm.XceiverClientGrpc.lambda$sendCommandWithTraceIDAndRetry$0(XceiverClientGrpc.java:344)
	at org.apache.hadoop.hdds.tracing.TracingUtil.executeInSpan(TracingUtil.java:177)
	at org.apache.hadoop.hdds.tracing.TracingUtil.executeInNewSpan(TracingUtil.java:151)
	at org.apache.hadoop.hdds.scm.XceiverClientGrpc.sendCommandWithTraceIDAndRetry(XceiverClientGrpc.java:338)
	at org.apache.hadoop.hdds.scm.XceiverClientGrpc.sendCommand(XceiverClientGrpc.java:319)
	at org.apache.hadoop.hdds.scm.storage.ContainerProtocolCalls.getBlock(ContainerProtocolCalls.java:152)
	at org.apache.hadoop.hdds.scm.storage.BlockInputStream.getChunkInfos(BlockInputStream.java:242)
	at org.apache.hadoop.hdds.scm.storage.BlockInputStream.initialize(BlockInputStream.java:146)
	at org.apache.hadoop.hdds.scm.storage.BlockInputStream.readWithStrategy(BlockInputStream.java:283)
	at org.apache.hadoop.hdds.scm.storage.ExtendedInputStream.read(ExtendedInputStream.java:54)
	at org.apache.hadoop.hdds.scm.storage.ByteArrayReader.readFromBlock(ByteArrayReader.java:57)
	at org.apache.hadoop.ozone.client.io.KeyInputStream.readWithStrategy(KeyInputStream.java:273)
	at org.apache.hadoop.ozone.client.io.KeyInputStream.read(KeyInputStream.java:240)
	at java.io.InputStream.read(InputStream.java:101)
	at org.apache.hadoop.ozone.client.rpc.read.TestKeyInputStream.assertReadFully(TestKeyInputStream.java:478)
	at org.apache.hadoop.ozone.client.rpc.read.TestKeyInputStream.testReadChunkWithByteArray(TestKeyInputStream.java:312)
	at org.apache.hadoop.ozone.client.rpc.read.TestKeyInputStream.testNonReplicationReads(TestKeyInputStream.java:147)
	at sun.reflect.NativeMethodAccessorImpl.invoke0(Native Method)
	at sun.reflect.NativeMethodAccessorImpl.invoke(NativeMethodAccessorImpl.java:62)
	at sun.reflect.DelegatingMethodAccessorImpl.invoke(DelegatingMethodAccessorImpl.java:43)
	at java.lang.reflect.Method.invoke(Method.java:498)
	at org.junit.runners.model.FrameworkMethod$1.runReflectiveCall(FrameworkMethod.java:59)
	at org.junit.internal.runners.model.ReflectiveCallable.run(ReflectiveCallable.java:12)
	at org.junit.runners.model.FrameworkMethod.invokeExplosively(FrameworkMethod.java:56)
	at org.junit.internal.runners.statements.InvokeMethod.evaluate(InvokeMethod.java:17)
	at org.junit.internal.runners.statements.RunBefores.evaluate(RunBefores.java:26)
	at org.junit.internal.runners.statements.RunAfters.evaluate(RunAfters.java:27)
	at org.junit.internal.runners.statements.FailOnTimeout$CallableStatement.call(FailOnTimeout.java:288)
	at org.junit.internal.runners.statements.FailOnTimeout$CallableStatement.call(FailOnTimeout.java:282)
	at java.util.concurrent.FutureTask.run(FutureTask.java:266)
	at java.lang.Thread.run(Thread.java:750)

Oct 16, 2022 1:16:55 PM org.apache.ratis.thirdparty.io.grpc.internal.ManagedChannelOrphanWrapper$ManagedChannelReference cleanQueue
SEVERE: *~*~*~ Channel ManagedChannelImpl{logId=726, target=10.1.0.60:42871} was not shutdown properly!!! ~*~*~*
    Make sure to call shutdown()/shutdownNow() and wait until awaitTermination() returns true.
java.lang.RuntimeException: ManagedChannel allocation site
	at org.apache.ratis.thirdparty.io.grpc.internal.ManagedChannelOrphanWrapper$ManagedChannelReference.<init>(ManagedChannelOrphanWrapper.java:93)
	at org.apache.ratis.thirdparty.io.grpc.internal.ManagedChannelOrphanWrapper.<init>(ManagedChannelOrphanWrapper.java:53)
	at org.apache.ratis.thirdparty.io.grpc.internal.ManagedChannelOrphanWrapper.<init>(ManagedChannelOrphanWrapper.java:44)
	at org.apache.ratis.thirdparty.io.grpc.internal.ManagedChannelImplBuilder.build(ManagedChannelImplBuilder.java:630)
	at org.apache.ratis.thirdparty.io.grpc.internal.AbstractManagedChannelImplBuilder.build(AbstractManagedChannelImplBuilder.java:297)
	at org.apache.hadoop.hdds.scm.XceiverClientGrpc.connectToDatanode(XceiverClientGrpc.java:205)
	at org.apache.hadoop.hdds.scm.XceiverClientGrpc.connect(XceiverClientGrpc.java:158)
	at org.apache.hadoop.hdds.scm.XceiverClientManager$2.call(XceiverClientManager.java:243)
	at org.apache.hadoop.hdds.scm.XceiverClientManager$2.call(XceiverClientManager.java:224)
	at com.google.common.cache.LocalCache$LocalManualCache$1.load(LocalCache.java:4868)
	at com.google.common.cache.LocalCache$LoadingValueReference.loadFuture(LocalCache.java:3533)
	at com.google.common.cache.LocalCache$Segment.loadSync(LocalCache.java:2282)
	at com.google.common.cache.LocalCache$Segment.lockedGetOrLoad(LocalCache.java:2159)
	at com.google.common.cache.LocalCache$Segment.get(LocalCache.java:2049)
	at com.google.common.cache.LocalCache.get(LocalCache.java:3966)
	at com.google.common.cache.LocalCache$LocalManualCache.get(LocalCache.java:4863)
	at org.apache.hadoop.hdds.scm.XceiverClientManager.getClient(XceiverClientManager.java:224)
	at org.apache.hadoop.hdds.scm.XceiverClientManager.acquireClient(XceiverClientManager.java:168)
	at org.apache.hadoop.hdds.scm.XceiverClientManager.acquireClientForReadData(XceiverClientManager.java:157)
	at org.apache.hadoop.hdds.scm.storage.BlockInputStream.acquireClient(BlockInputStream.java:256)
	at org.apache.hadoop.hdds.scm.storage.BlockInputStream.getChunkInfos(BlockInputStream.java:223)
	at org.apache.hadoop.hdds.scm.storage.BlockInputStream.initialize(BlockInputStream.java:146)
	at org.apache.hadoop.hdds.scm.storage.BlockInputStream.readWithStrategy(BlockInputStream.java:283)
	at org.apache.hadoop.hdds.scm.storage.ExtendedInputStream.read(ExtendedInputStream.java:64)
	at org.apache.hadoop.hdds.scm.storage.ByteBufferReader.readFromBlock(ByteBufferReader.java:56)
	at org.apache.hadoop.ozone.client.io.ECBlockInputStream.readFromStream(ECBlockInputStream.java:365)
	at org.apache.hadoop.ozone.client.io.ECBlockInputStream.readWithStrategy(ECBlockInputStream.java:300)
	at org.apache.hadoop.hdds.scm.storage.ExtendedInputStream.read(ExtendedInputStream.java:64)
	at org.apache.hadoop.ozone.client.io.ECBlockInputStreamProxy.read(ECBlockInputStreamProxy.java:158)
	at org.apache.hadoop.ozone.client.io.ECBlockInputStreamProxy.read(ECBlockInputStreamProxy.java:143)
	at org.apache.hadoop.hdds.scm.storage.ByteArrayReader.readFromBlock(ByteArrayReader.java:57)
	at org.apache.hadoop.ozone.client.io.KeyInputStream.readWithStrategy(KeyInputStream.java:273)
	at org.apache.hadoop.ozone.client.io.KeyInputStream.read(KeyInputStream.java:240)
	at org.apache.hadoop.ozone.client.rpc.read.TestKeyInputStream.validate(TestKeyInputStream.java:133)
	at org.apache.hadoop.ozone.client.rpc.read.TestKeyInputStream.randomPositionSeek(TestKeyInputStream.java:115)
	at org.apache.hadoop.ozone.client.rpc.read.TestKeyInputStream.testECSeek(TestKeyInputStream.java:245)
	at org.apache.hadoop.ozone.client.rpc.read.TestKeyInputStream.testNonReplicationReads(TestKeyInputStream.java:150)
	at sun.reflect.NativeMethodAccessorImpl.invoke0(Native Method)
	at sun.reflect.NativeMethodAccessorImpl.invoke(NativeMethodAccessorImpl.java:62)
	at sun.reflect.DelegatingMethodAccessorImpl.invoke(DelegatingMethodAccessorImpl.java:43)
	at java.lang.reflect.Method.invoke(Method.java:498)
	at org.junit.runners.model.FrameworkMethod$1.runReflectiveCall(FrameworkMethod.java:59)
	at org.junit.internal.runners.model.ReflectiveCallable.run(ReflectiveCallable.java:12)
	at org.junit.runners.model.FrameworkMethod.invokeExplosively(FrameworkMethod.java:56)
	at org.junit.internal.runners.statements.InvokeMethod.evaluate(InvokeMethod.java:17)
	at org.junit.internal.runners.statements.RunBefores.evaluate(RunBefores.java:26)
	at org.junit.internal.runners.statements.RunAfters.evaluate(RunAfters.java:27)
	at org.junit.internal.runners.statements.FailOnTimeout$CallableStatement.call(FailOnTimeout.java:288)
	at org.junit.internal.runners.statements.FailOnTimeout$CallableStatement.call(FailOnTimeout.java:282)
	at java.util.concurrent.FutureTask.run(FutureTask.java:266)
	at java.lang.Thread.run(Thread.java:750)

Oct 16, 2022 1:16:55 PM org.apache.ratis.thirdparty.io.grpc.internal.ManagedChannelOrphanWrapper$ManagedChannelReference cleanQueue
SEVERE: *~*~*~ Channel ManagedChannelImpl{logId=706, target=10.1.0.60:41297} was not shutdown properly!!! ~*~*~*
    Make sure to call shutdown()/shutdownNow() and wait until awaitTermination() returns true.
java.lang.RuntimeException: ManagedChannel allocation site
	at org.apache.ratis.thirdparty.io.grpc.internal.ManagedChannelOrphanWrapper$ManagedChannelReference.<init>(ManagedChannelOrphanWrapper.java:93)
	at org.apache.ratis.thirdparty.io.grpc.internal.ManagedChannelOrphanWrapper.<init>(ManagedChannelOrphanWrapper.java:53)
	at org.apache.ratis.thirdparty.io.grpc.internal.ManagedChannelOrphanWrapper.<init>(ManagedChannelOrphanWrapper.java:44)
	at org.apache.ratis.thirdparty.io.grpc.internal.ManagedChannelImplBuilder.build(ManagedChannelImplBuilder.java:630)
	at org.apache.ratis.thirdparty.io.grpc.internal.AbstractManagedChannelImplBuilder.build(AbstractManagedChannelImplBuilder.java:297)
	at org.apache.hadoop.hdds.scm.XceiverClientGrpc.connectToDatanode(XceiverClientGrpc.java:205)
	at org.apache.hadoop.hdds.scm.XceiverClientGrpc.connect(XceiverClientGrpc.java:158)
	at org.apache.hadoop.hdds.scm.XceiverClientManager$2.call(XceiverClientManager.java:243)
	at org.apache.hadoop.hdds.scm.XceiverClientManager$2.call(XceiverClientManager.java:224)
	at com.google.common.cache.LocalCache$LocalManualCache$1.load(LocalCache.java:4868)
	at com.google.common.cache.LocalCache$LoadingValueReference.loadFuture(LocalCache.java:3533)
	at com.google.common.cache.LocalCache$Segment.loadSync(LocalCache.java:2282)
	at com.google.common.cache.LocalCache$Segment.lockedGetOrLoad(LocalCache.java:2159)
	at com.google.common.cache.LocalCache$Segment.get(LocalCache.java:2049)
	at com.google.common.cache.LocalCache.get(LocalCache.java:3966)
	at com.google.common.cache.LocalCache$LocalManualCache.get(LocalCache.java:4863)
	at org.apache.hadoop.hdds.scm.XceiverClientManager.getClient(XceiverClientManager.java:224)
	at org.apache.hadoop.hdds.scm.XceiverClientManager.acquireClient(XceiverClientManager.java:168)
	at org.apache.hadoop.hdds.scm.XceiverClientManager.acquireClientForReadData(XceiverClientManager.java:157)
	at org.apache.hadoop.hdds.scm.storage.BlockInputStream.acquireClient(BlockInputStream.java:256)
	at org.apache.hadoop.hdds.scm.storage.BlockInputStream.getChunkInfos(BlockInputStream.java:223)
	at org.apache.hadoop.hdds.scm.storage.BlockInputStream.initialize(BlockInputStream.java:146)
	at org.apache.hadoop.hdds.scm.storage.BlockInputStream.readWithStrategy(BlockInputStream.java:283)
	at org.apache.hadoop.hdds.scm.storage.ExtendedInputStream.read(ExtendedInputStream.java:64)
	at org.apache.hadoop.hdds.scm.storage.ByteBufferReader.readFromBlock(ByteBufferReader.java:56)
	at org.apache.hadoop.ozone.client.io.ECBlockInputStream.readFromStream(ECBlockInputStream.java:365)
	at org.apache.hadoop.ozone.client.io.ECBlockInputStream.readWithStrategy(ECBlockInputStream.java:300)
	at org.apache.hadoop.hdds.scm.storage.ExtendedInputStream.read(ExtendedInputStream.java:64)
	at org.apache.hadoop.ozone.client.io.ECBlockInputStreamProxy.read(ECBlockInputStreamProxy.java:158)
	at org.apache.hadoop.ozone.client.io.ECBlockInputStreamProxy.read(ECBlockInputStreamProxy.java:143)
	at org.apache.hadoop.hdds.scm.storage.ByteArrayReader.readFromBlock(ByteArrayReader.java:57)
	at org.apache.hadoop.ozone.client.io.KeyInputStream.readWithStrategy(KeyInputStream.java:273)
	at org.apache.hadoop.ozone.client.io.KeyInputStream.read(KeyInputStream.java:240)
	at org.apache.hadoop.ozone.client.rpc.read.TestKeyInputStream.validate(TestKeyInputStream.java:133)
	at org.apache.hadoop.ozone.client.rpc.read.TestKeyInputStream.testECSeek(TestKeyInputStream.java:238)
	at org.apache.hadoop.ozone.client.rpc.read.TestKeyInputStream.testNonReplicationReads(TestKeyInputStream.java:150)
	at sun.reflect.NativeMethodAccessorImpl.invoke0(Native Method)
	at sun.reflect.NativeMethodAccessorImpl.invoke(NativeMethodAccessorImpl.java:62)
	at sun.reflect.DelegatingMethodAccessorImpl.invoke(DelegatingMethodAccessorImpl.java:43)
	at java.lang.reflect.Method.invoke(Method.java:498)
	at org.junit.runners.model.FrameworkMethod$1.runReflectiveCall(FrameworkMethod.java:59)
	at org.junit.internal.runners.model.ReflectiveCallable.run(ReflectiveCallable.java:12)
	at org.junit.runners.model.FrameworkMethod.invokeExplosively(FrameworkMethod.java:56)
	at org.junit.internal.runners.statements.InvokeMethod.evaluate(InvokeMethod.java:17)
	at org.junit.internal.runners.statements.RunBefores.evaluate(RunBefores.java:26)
	at org.junit.internal.runners.statements.RunAfters.evaluate(RunAfters.java:27)
	at org.junit.internal.runners.statements.FailOnTimeout$CallableStatement.call(FailOnTimeout.java:288)
	at org.junit.internal.runners.statements.FailOnTimeout$CallableStatement.call(FailOnTimeout.java:282)
	at java.util.concurrent.FutureTask.run(FutureTask.java:266)
	at java.lang.Thread.run(Thread.java:750)

Oct 16, 2022 1:16:55 PM org.apache.ratis.thirdparty.io.grpc.internal.ManagedChannelOrphanWrapper$ManagedChannelReference cleanQueue
SEVERE: *~*~*~ Channel ManagedChannelImpl{logId=711, target=10.1.0.60:45309} was not shutdown properly!!! ~*~*~*
    Make sure to call shutdown()/shutdownNow() and wait until awaitTermination() returns true.
java.lang.RuntimeException: ManagedChannel allocation site
	at org.apache.ratis.thirdparty.io.grpc.internal.ManagedChannelOrphanWrapper$ManagedChannelReference.<init>(ManagedChannelOrphanWrapper.java:93)
	at org.apache.ratis.thirdparty.io.grpc.internal.ManagedChannelOrphanWrapper.<init>(ManagedChannelOrphanWrapper.java:53)
	at org.apache.ratis.thirdparty.io.grpc.internal.ManagedChannelOrphanWrapper.<init>(ManagedChannelOrphanWrapper.java:44)
	at org.apache.ratis.thirdparty.io.grpc.internal.ManagedChannelImplBuilder.build(ManagedChannelImplBuilder.java:630)
	at org.apache.ratis.thirdparty.io.grpc.internal.AbstractManagedChannelImplBuilder.build(AbstractManagedChannelImplBuilder.java:297)
	at org.apache.hadoop.hdds.scm.XceiverClientGrpc.connectToDatanode(XceiverClientGrpc.java:205)
	at org.apache.hadoop.hdds.scm.XceiverClientGrpc.connect(XceiverClientGrpc.java:158)
	at org.apache.hadoop.hdds.scm.XceiverClientManager$2.call(XceiverClientManager.java:243)
	at org.apache.hadoop.hdds.scm.XceiverClientManager$2.call(XceiverClientManager.java:224)
	at com.google.common.cache.LocalCache$LocalManualCache$1.load(LocalCache.java:4868)
	at com.google.common.cache.LocalCache$LoadingValueReference.loadFuture(LocalCache.java:3533)
	at com.google.common.cache.LocalCache$Segment.loadSync(LocalCache.java:2282)
	at com.google.common.cache.LocalCache$Segment.lockedGetOrLoad(LocalCache.java:2159)
	at com.google.common.cache.LocalCache$Segment.get(LocalCache.java:2049)
	at com.google.common.cache.LocalCache.get(LocalCache.java:3966)
	at com.google.common.cache.LocalCache$LocalManualCache.get(LocalCache.java:4863)
	at org.apache.hadoop.hdds.scm.XceiverClientManager.getClient(XceiverClientManager.java:224)
	at org.apache.hadoop.hdds.scm.XceiverClientManager.acquireClient(XceiverClientManager.java:168)
	at org.apache.hadoop.hdds.scm.XceiverClientManager.acquireClientForReadData(XceiverClientManager.java:157)
	at org.apache.hadoop.hdds.scm.storage.BlockInputStream.acquireClient(BlockInputStream.java:256)
	at org.apache.hadoop.hdds.scm.storage.BlockInputStream.getChunkInfos(BlockInputStream.java:223)
	at org.apache.hadoop.hdds.scm.storage.BlockInputStream.initialize(BlockInputStream.java:146)
	at org.apache.hadoop.hdds.scm.storage.BlockInputStream.readWithStrategy(BlockInputStream.java:283)
	at org.apache.hadoop.hdds.scm.storage.ExtendedInputStream.read(ExtendedInputStream.java:64)
	at org.apache.hadoop.hdds.scm.storage.ByteBufferReader.readFromBlock(ByteBufferReader.java:56)
	at org.apache.hadoop.ozone.client.io.ECBlockInputStream.readFromStream(ECBlockInputStream.java:365)
	at org.apache.hadoop.ozone.client.io.ECBlockInputStream.readWithStrategy(ECBlockInputStream.java:300)
	at org.apache.hadoop.hdds.scm.storage.ExtendedInputStream.read(ExtendedInputStream.java:64)
	at org.apache.hadoop.ozone.client.io.ECBlockInputStreamProxy.read(ECBlockInputStreamProxy.java:158)
	at org.apache.hadoop.ozone.client.io.ECBlockInputStreamProxy.read(ECBlockInputStreamProxy.java:143)
	at org.apache.hadoop.hdds.scm.storage.ByteArrayReader.readFromBlock(ByteArrayReader.java:57)
	at org.apache.hadoop.ozone.client.io.KeyInputStream.readWithStrategy(KeyInputStream.java:273)
	at org.apache.hadoop.ozone.client.io.KeyInputStream.read(KeyInputStream.java:240)
	at org.apache.hadoop.ozone.client.rpc.read.TestKeyInputStream.validate(TestKeyInputStream.java:133)
	at org.apache.hadoop.ozone.client.rpc.read.TestKeyInputStream.testECSeek(TestKeyInputStream.java:240)
	at org.apache.hadoop.ozone.client.rpc.read.TestKeyInputStream.testNonReplicationReads(TestKeyInputStream.java:150)
	at sun.reflect.NativeMethodAccessorImpl.invoke0(Native Method)
	at sun.reflect.NativeMethodAccessorImpl.invoke(NativeMethodAccessorImpl.java:62)
	at sun.reflect.DelegatingMethodAccessorImpl.invoke(DelegatingMethodAccessorImpl.java:43)
	at java.lang.reflect.Method.invoke(Method.java:498)
	at org.junit.runners.model.FrameworkMethod$1.runReflectiveCall(FrameworkMethod.java:59)
	at org.junit.internal.runners.model.ReflectiveCallable.run(ReflectiveCallable.java:12)
	at org.junit.runners.model.FrameworkMethod.invokeExplosively(FrameworkMethod.java:56)
	at org.junit.internal.runners.statements.InvokeMethod.evaluate(InvokeMethod.java:17)
	at org.junit.internal.runners.statements.RunBefores.evaluate(RunBefores.java:26)
	at org.junit.internal.runners.statements.RunAfters.evaluate(RunAfters.java:27)
	at org.junit.internal.runners.statements.FailOnTimeout$CallableStatement.call(FailOnTimeout.java:288)
	at org.junit.internal.runners.statements.FailOnTimeout$CallableStatement.call(FailOnTimeout.java:282)
	at java.util.concurrent.FutureTask.run(FutureTask.java:266)
	at java.lang.Thread.run(Thread.java:750)

Oct 16, 2022 1:16:55 PM org.apache.ratis.thirdparty.io.grpc.internal.ManagedChannelOrphanWrapper$ManagedChannelReference cleanQueue
SEVERE: *~*~*~ Channel ManagedChannelImpl{logId=625, target=10.1.0.60:41297} was not shutdown properly!!! ~*~*~*
    Make sure to call shutdown()/shutdownNow() and wait until awaitTermination() returns true.
java.lang.RuntimeException: ManagedChannel allocation site
	at org.apache.ratis.thirdparty.io.grpc.internal.ManagedChannelOrphanWrapper$ManagedChannelReference.<init>(ManagedChannelOrphanWrapper.java:93)
	at org.apache.ratis.thirdparty.io.grpc.internal.ManagedChannelOrphanWrapper.<init>(ManagedChannelOrphanWrapper.java:53)
	at org.apache.ratis.thirdparty.io.grpc.internal.ManagedChannelOrphanWrapper.<init>(ManagedChannelOrphanWrapper.java:44)
	at org.apache.ratis.thirdparty.io.grpc.internal.ManagedChannelImplBuilder.build(ManagedChannelImplBuilder.java:630)
	at org.apache.ratis.thirdparty.io.grpc.internal.AbstractManagedChannelImplBuilder.build(AbstractManagedChannelImplBuilder.java:297)
	at org.apache.hadoop.hdds.scm.XceiverClientGrpc.connectToDatanode(XceiverClientGrpc.java:205)
	at org.apache.hadoop.hdds.scm.XceiverClientGrpc.connect(XceiverClientGrpc.java:158)
	at org.apache.hadoop.hdds.scm.XceiverClientManager$2.call(XceiverClientManager.java:243)
	at org.apache.hadoop.hdds.scm.XceiverClientManager$2.call(XceiverClientManager.java:224)
	at com.google.common.cache.LocalCache$LocalManualCache$1.load(LocalCache.java:4868)
	at com.google.common.cache.LocalCache$LoadingValueReference.loadFuture(LocalCache.java:3533)
	at com.google.common.cache.LocalCache$Segment.loadSync(LocalCache.java:2282)
	at com.google.common.cache.LocalCache$Segment.lockedGetOrLoad(LocalCache.java:2159)
	at com.google.common.cache.LocalCache$Segment.get(LocalCache.java:2049)
	at com.google.common.cache.LocalCache.get(LocalCache.java:3966)
	at com.google.common.cache.LocalCache$LocalManualCache.get(LocalCache.java:4863)
	at org.apache.hadoop.hdds.scm.XceiverClientManager.getClient(XceiverClientManager.java:224)
	at org.apache.hadoop.hdds.scm.XceiverClientManager.acquireClient(XceiverClientManager.java:168)
	at org.apache.hadoop.hdds.scm.XceiverClientManager.acquireClient(XceiverClientManager.java:141)
	at org.apache.hadoop.hdds.scm.storage.BlockOutputStream.<init>(BlockOutputStream.java:161)
	at org.apache.hadoop.hdds.scm.storage.ECBlockOutputStream.<init>(ECBlockOutputStream.java:73)
	at org.apache.hadoop.ozone.client.io.ECBlockOutputStreamEntry.checkStream(ECBlockOutputStreamEntry.java:100)
	at org.apache.hadoop.ozone.client.io.BlockOutputStreamEntry.write(BlockOutputStreamEntry.java:123)
	at org.apache.hadoop.ozone.client.io.ECKeyOutputStream.writeToOutputStream(ECKeyOutputStream.java:406)
	at org.apache.hadoop.ozone.client.io.ECKeyOutputStream.handleOutputStreamWrite(ECKeyOutputStream.java:390)
	at org.apache.hadoop.ozone.client.io.ECKeyOutputStream.handleWrite(ECKeyOutputStream.java:364)
	at org.apache.hadoop.ozone.client.io.ECKeyOutputStream.write(ECKeyOutputStream.java:163)
	at org.apache.hadoop.ozone.client.io.OzoneOutputStream.write(OzoneOutputStream.java:50)
	at java.io.OutputStream.write(OutputStream.java:75)
	at org.apache.hadoop.ozone.client.rpc.read.TestInputStreamBase.writeRandomBytes(TestInputStreamBase.java:205)
	at org.apache.hadoop.ozone.client.rpc.read.TestKeyInputStream.testECSeek(TestKeyInputStream.java:231)
	at org.apache.hadoop.ozone.client.rpc.read.TestKeyInputStream.testNonReplicationReads(TestKeyInputStream.java:150)
	at sun.reflect.NativeMethodAccessorImpl.invoke0(Native Method)
	at sun.reflect.NativeMethodAccessorImpl.invoke(NativeMethodAccessorImpl.java:62)
	at sun.reflect.DelegatingMethodAccessorImpl.invoke(DelegatingMethodAccessorImpl.java:43)
	at java.lang.reflect.Method.invoke(Method.java:498)
	at org.junit.runners.model.FrameworkMethod$1.runReflectiveCall(FrameworkMethod.java:59)
	at org.junit.internal.runners.model.ReflectiveCallable.run(ReflectiveCallable.java:12)
	at org.junit.runners.model.FrameworkMethod.invokeExplosively(FrameworkMethod.java:56)
	at org.junit.internal.runners.statements.InvokeMethod.evaluate(InvokeMethod.java:17)
	at org.junit.internal.runners.statements.RunBefores.evaluate(RunBefores.java:26)
	at org.junit.internal.runners.statements.RunAfters.evaluate(RunAfters.java:27)
	at org.junit.internal.runners.statements.FailOnTimeout$CallableStatement.call(FailOnTimeout.java:288)
	at org.junit.internal.runners.statements.FailOnTimeout$CallableStatement.call(FailOnTimeout.java:282)
	at java.util.concurrent.FutureTask.run(FutureTask.java:266)
	at java.lang.Thread.run(Thread.java:750)

Oct 16, 2022 1:16:55 PM org.apache.ratis.thirdparty.io.grpc.internal.ManagedChannelOrphanWrapper$ManagedChannelReference cleanQueue
SEVERE: *~*~*~ Channel ManagedChannelImpl{logId=600, target=10.1.0.60:41297} was not shutdown properly!!! ~*~*~*
    Make sure to call shutdown()/shutdownNow() and wait until awaitTermination() returns true.
java.lang.RuntimeException: ManagedChannel allocation site
	at org.apache.ratis.thirdparty.io.grpc.internal.ManagedChannelOrphanWrapper$ManagedChannelReference.<init>(ManagedChannelOrphanWrapper.java:93)
	at org.apache.ratis.thirdparty.io.grpc.internal.ManagedChannelOrphanWrapper.<init>(ManagedChannelOrphanWrapper.java:53)
	at org.apache.ratis.thirdparty.io.grpc.internal.ManagedChannelOrphanWrapper.<init>(ManagedChannelOrphanWrapper.java:44)
	at org.apache.ratis.thirdparty.io.grpc.internal.ManagedChannelImplBuilder.build(ManagedChannelImplBuilder.java:630)
	at org.apache.ratis.thirdparty.io.grpc.internal.AbstractManagedChannelImplBuilder.build(AbstractManagedChannelImplBuilder.java:297)
	at org.apache.hadoop.hdds.scm.XceiverClientGrpc.connectToDatanode(XceiverClientGrpc.java:205)
	at org.apache.hadoop.hdds.scm.XceiverClientGrpc.connect(XceiverClientGrpc.java:158)
	at org.apache.hadoop.hdds.scm.XceiverClientManager$2.call(XceiverClientManager.java:243)
	at org.apache.hadoop.hdds.scm.XceiverClientManager$2.call(XceiverClientManager.java:224)
	at com.google.common.cache.LocalCache$LocalManualCache$1.load(LocalCache.java:4868)
	at com.google.common.cache.LocalCache$LoadingValueReference.loadFuture(LocalCache.java:3533)
	at com.google.common.cache.LocalCache$Segment.loadSync(LocalCache.java:2282)
	at com.google.common.cache.LocalCache$Segment.lockedGetOrLoad(LocalCache.java:2159)
	at com.google.common.cache.LocalCache$Segment.get(LocalCache.java:2049)
	at com.google.common.cache.LocalCache.get(LocalCache.java:3966)
	at com.google.common.cache.LocalCache$LocalManualCache.get(LocalCache.java:4863)
	at org.apache.hadoop.hdds.scm.XceiverClientManager.getClient(XceiverClientManager.java:224)
	at org.apache.hadoop.hdds.scm.XceiverClientManager.acquireClient(XceiverClientManager.java:168)
	at org.apache.hadoop.hdds.scm.XceiverClientManager.acquireClient(XceiverClientManager.java:141)
	at org.apache.hadoop.hdds.scm.storage.BlockOutputStream.<init>(BlockOutputStream.java:161)
	at org.apache.hadoop.hdds.scm.storage.ECBlockOutputStream.<init>(ECBlockOutputStream.java:73)
	at org.apache.hadoop.ozone.client.io.ECBlockOutputStreamEntry.checkStream(ECBlockOutputStreamEntry.java:100)
	at org.apache.hadoop.ozone.client.io.BlockOutputStreamEntry.write(BlockOutputStreamEntry.java:123)
	at org.apache.hadoop.ozone.client.io.ECKeyOutputStream.writeToOutputStream(ECKeyOutputStream.java:406)
	at org.apache.hadoop.ozone.client.io.ECKeyOutputStream.handleOutputStreamWrite(ECKeyOutputStream.java:390)
	at org.apache.hadoop.ozone.client.io.ECKeyOutputStream.handleWrite(ECKeyOutputStream.java:364)
	at org.apache.hadoop.ozone.client.io.ECKeyOutputStream.write(ECKeyOutputStream.java:163)
	at org.apache.hadoop.ozone.client.io.OzoneOutputStream.write(OzoneOutputStream.java:50)
	at java.io.OutputStream.write(OutputStream.java:75)
	at org.apache.hadoop.ozone.client.rpc.read.TestInputStreamBase.writeRandomBytes(TestInputStreamBase.java:205)
	at org.apache.hadoop.ozone.client.rpc.read.TestKeyInputStream.testECSeek(TestKeyInputStream.java:231)
	at org.apache.hadoop.ozone.client.rpc.read.TestKeyInputStream.testNonReplicationReads(TestKeyInputStream.java:150)
	at sun.reflect.NativeMethodAccessorImpl.invoke0(Native Method)
	at sun.reflect.NativeMethodAccessorImpl.invoke(NativeMethodAccessorImpl.java:62)
	at sun.reflect.DelegatingMethodAccessorImpl.invoke(DelegatingMethodAccessorImpl.java:43)
	at java.lang.reflect.Method.invoke(Method.java:498)
	at org.junit.runners.model.FrameworkMethod$1.runReflectiveCall(FrameworkMethod.java:59)
	at org.junit.internal.runners.model.ReflectiveCallable.run(ReflectiveCallable.java:12)
	at org.junit.runners.model.FrameworkMethod.invokeExplosively(FrameworkMethod.java:56)
	at org.junit.internal.runners.statements.InvokeMethod.evaluate(InvokeMethod.java:17)
	at org.junit.internal.runners.statements.RunBefores.evaluate(RunBefores.java:26)
	at org.junit.internal.runners.statements.RunAfters.evaluate(RunAfters.java:27)
	at org.junit.internal.runners.statements.FailOnTimeout$CallableStatement.call(FailOnTimeout.java:288)
	at org.junit.internal.runners.statements.FailOnTimeout$CallableStatement.call(FailOnTimeout.java:282)
	at java.util.concurrent.FutureTask.run(FutureTask.java:266)
	at java.lang.Thread.run(Thread.java:750)

Oct 16, 2022 1:16:55 PM org.apache.ratis.thirdparty.io.grpc.internal.ManagedChannelOrphanWrapper$ManagedChannelReference cleanQueue
SEVERE: *~*~*~ Channel ManagedChannelImpl{logId=627, target=10.1.0.60:39119} was not shutdown properly!!! ~*~*~*
    Make sure to call shutdown()/shutdownNow() and wait until awaitTermination() returns true.
java.lang.RuntimeException: ManagedChannel allocation site
	at org.apache.ratis.thirdparty.io.grpc.internal.ManagedChannelOrphanWrapper$ManagedChannelReference.<init>(ManagedChannelOrphanWrapper.java:93)
	at org.apache.ratis.thirdparty.io.grpc.internal.ManagedChannelOrphanWrapper.<init>(ManagedChannelOrphanWrapper.java:53)
	at org.apache.ratis.thirdparty.io.grpc.internal.ManagedChannelOrphanWrapper.<init>(ManagedChannelOrphanWrapper.java:44)
	at org.apache.ratis.thirdparty.io.grpc.internal.ManagedChannelImplBuilder.build(ManagedChannelImplBuilder.java:630)
	at org.apache.ratis.thirdparty.io.grpc.internal.AbstractManagedChannelImplBuilder.build(AbstractManagedChannelImplBuilder.java:297)
	at org.apache.hadoop.hdds.scm.XceiverClientGrpc.connectToDatanode(XceiverClientGrpc.java:205)
	at org.apache.hadoop.hdds.scm.XceiverClientGrpc.connect(XceiverClientGrpc.java:158)
	at org.apache.hadoop.hdds.scm.XceiverClientManager$2.call(XceiverClientManager.java:243)
	at org.apache.hadoop.hdds.scm.XceiverClientManager$2.call(XceiverClientManager.java:224)
	at com.google.common.cache.LocalCache$LocalManualCache$1.load(LocalCache.java:4868)
	at com.google.common.cache.LocalCache$LoadingValueReference.loadFuture(LocalCache.java:3533)
	at com.google.common.cache.LocalCache$Segment.loadSync(LocalCache.java:2282)
	at com.google.common.cache.LocalCache$Segment.lockedGetOrLoad(LocalCache.java:2159)
	at com.google.common.cache.LocalCache$Segment.get(LocalCache.java:2049)
	at com.google.common.cache.LocalCache.get(LocalCache.java:3966)
	at com.google.common.cache.LocalCache$LocalManualCache.get(LocalCache.java:4863)
	at org.apache.hadoop.hdds.scm.XceiverClientManager.getClient(XceiverClientManager.java:224)
	at org.apache.hadoop.hdds.scm.XceiverClientManager.acquireClient(XceiverClientManager.java:168)
	at org.apache.hadoop.hdds.scm.XceiverClientManager.acquireClient(XceiverClientManager.java:141)
	at org.apache.hadoop.hdds.scm.storage.BlockOutputStream.<init>(BlockOutputStream.java:161)
	at org.apache.hadoop.hdds.scm.storage.ECBlockOutputStream.<init>(ECBlockOutputStream.java:73)
	at org.apache.hadoop.ozone.client.io.ECBlockOutputStreamEntry.checkStream(ECBlockOutputStreamEntry.java:100)
	at org.apache.hadoop.ozone.client.io.BlockOutputStreamEntry.write(BlockOutputStreamEntry.java:123)
	at org.apache.hadoop.ozone.client.io.ECKeyOutputStream.writeToOutputStream(ECKeyOutputStream.java:406)
	at org.apache.hadoop.ozone.client.io.ECKeyOutputStream.handleOutputStreamWrite(ECKeyOutputStream.java:390)
	at org.apache.hadoop.ozone.client.io.ECKeyOutputStream.handleWrite(ECKeyOutputStream.java:364)
	at org.apache.hadoop.ozone.client.io.ECKeyOutputStream.write(ECKeyOutputStream.java:163)
	at org.apache.hadoop.ozone.client.io.OzoneOutputStream.write(OzoneOutputStream.java:50)
	at java.io.OutputStream.write(OutputStream.java:75)
	at org.apache.hadoop.ozone.client.rpc.read.TestInputStreamBase.writeRandomBytes(TestInputStreamBase.java:205)
	at org.apache.hadoop.ozone.client.rpc.read.TestKeyInputStream.testECSeek(TestKeyInputStream.java:231)
	at org.apache.hadoop.ozone.client.rpc.read.TestKeyInputStream.testNonReplicationReads(TestKeyInputStream.java:150)
	at sun.reflect.NativeMethodAccessorImpl.invoke0(Native Method)
	at sun.reflect.NativeMethodAccessorImpl.invoke(NativeMethodAccessorImpl.java:62)
	at sun.reflect.DelegatingMethodAccessorImpl.invoke(DelegatingMethodAccessorImpl.java:43)
	at java.lang.reflect.Method.invoke(Method.java:498)
	at org.junit.runners.model.FrameworkMethod$1.runReflectiveCall(FrameworkMethod.java:59)
	at org.junit.internal.runners.model.ReflectiveCallable.run(ReflectiveCallable.java:12)
	at org.junit.runners.model.FrameworkMethod.invokeExplosively(FrameworkMethod.java:56)
	at org.junit.internal.runners.statements.InvokeMethod.evaluate(InvokeMethod.java:17)
	at org.junit.internal.runners.statements.RunBefores.evaluate(RunBefores.java:26)
	at org.junit.internal.runners.statements.RunAfters.evaluate(RunAfters.java:27)
	at org.junit.internal.runners.statements.FailOnTimeout$CallableStatement.call(FailOnTimeout.java:288)
	at org.junit.internal.runners.statements.FailOnTimeout$CallableStatement.call(FailOnTimeout.java:282)
	at java.util.concurrent.FutureTask.run(FutureTask.java:266)
	at java.lang.Thread.run(Thread.java:750)

Oct 16, 2022 1:16:55 PM org.apache.ratis.thirdparty.io.grpc.internal.ManagedChannelOrphanWrapper$ManagedChannelReference cleanQueue
SEVERE: *~*~*~ Channel ManagedChannelImpl{logId=721, target=10.1.0.60:39749} was not shutdown properly!!! ~*~*~*
    Make sure to call shutdown()/shutdownNow() and wait until awaitTermination() returns true.
java.lang.RuntimeException: ManagedChannel allocation site
	at org.apache.ratis.thirdparty.io.grpc.internal.ManagedChannelOrphanWrapper$ManagedChannelReference.<init>(ManagedChannelOrphanWrapper.java:93)
	at org.apache.ratis.thirdparty.io.grpc.internal.ManagedChannelOrphanWrapper.<init>(ManagedChannelOrphanWrapper.java:53)
	at org.apache.ratis.thirdparty.io.grpc.internal.ManagedChannelOrphanWrapper.<init>(ManagedChannelOrphanWrapper.java:44)
	at org.apache.ratis.thirdparty.io.grpc.internal.ManagedChannelImplBuilder.build(ManagedChannelImplBuilder.java:630)
	at org.apache.ratis.thirdparty.io.grpc.internal.AbstractManagedChannelImplBuilder.build(AbstractManagedChannelImplBuilder.java:297)
	at org.apache.hadoop.hdds.scm.XceiverClientGrpc.connectToDatanode(XceiverClientGrpc.java:205)
	at org.apache.hadoop.hdds.scm.XceiverClientGrpc.connect(XceiverClientGrpc.java:158)
	at org.apache.hadoop.hdds.scm.XceiverClientManager$2.call(XceiverClientManager.java:243)
	at org.apache.hadoop.hdds.scm.XceiverClientManager$2.call(XceiverClientManager.java:224)
	at com.google.common.cache.LocalCache$LocalManualCache$1.load(LocalCache.java:4868)
	at com.google.common.cache.LocalCache$LoadingValueReference.loadFuture(LocalCache.java:3533)
	at com.google.common.cache.LocalCache$Segment.loadSync(LocalCache.java:2282)
	at com.google.common.cache.LocalCache$Segment.lockedGetOrLoad(LocalCache.java:2159)
	at com.google.common.cache.LocalCache$Segment.get(LocalCache.java:2049)
	at com.google.common.cache.LocalCache.get(LocalCache.java:3966)
	at com.google.common.cache.LocalCache$LocalManualCache.get(LocalCache.java:4863)
	at org.apache.hadoop.hdds.scm.XceiverClientManager.getClient(XceiverClientManager.java:224)
	at org.apache.hadoop.hdds.scm.XceiverClientManager.acquireClient(XceiverClientManager.java:168)
	at org.apache.hadoop.hdds.scm.XceiverClientManager.acquireClientForReadData(XceiverClientManager.java:157)
	at org.apache.hadoop.hdds.scm.storage.BlockInputStream.acquireClient(BlockInputStream.java:256)
	at org.apache.hadoop.hdds.scm.storage.BlockInputStream.getChunkInfos(BlockInputStream.java:223)
	at org.apache.hadoop.hdds.scm.storage.BlockInputStream.initialize(BlockInputStream.java:146)
	at org.apache.hadoop.hdds.scm.storage.BlockInputStream.readWithStrategy(BlockInputStream.java:283)
	at org.apache.hadoop.hdds.scm.storage.ExtendedInputStream.read(ExtendedInputStream.java:64)
	at org.apache.hadoop.hdds.scm.storage.ByteBufferReader.readFromBlock(ByteBufferReader.java:56)
	at org.apache.hadoop.ozone.client.io.ECBlockInputStream.readFromStream(ECBlockInputStream.java:365)
	at org.apache.hadoop.ozone.client.io.ECBlockInputStream.readWithStrategy(ECBlockInputStream.java:300)
	at org.apache.hadoop.hdds.scm.storage.ExtendedInputStream.read(ExtendedInputStream.java:64)
	at org.apache.hadoop.ozone.client.io.ECBlockInputStreamProxy.read(ECBlockInputStreamProxy.java:158)
	at org.apache.hadoop.ozone.client.io.ECBlockInputStreamProxy.read(ECBlockInputStreamProxy.java:143)
	at org.apache.hadoop.hdds.scm.storage.ByteArrayReader.readFromBlock(ByteArrayReader.java:57)
	at org.apache.hadoop.ozone.client.io.KeyInputStream.readWithStrategy(KeyInputStream.java:273)
	at org.apache.hadoop.ozone.client.io.KeyInputStream.read(KeyInputStream.java:240)
	at org.apache.hadoop.ozone.client.rpc.read.TestKeyInputStream.validate(TestKeyInputStream.java:133)
	at org.apache.hadoop.ozone.client.rpc.read.TestKeyInputStream.testECSeek(TestKeyInputStream.java:242)
	at org.apache.hadoop.ozone.client.rpc.read.TestKeyInputStream.testNonReplicationReads(TestKeyInputStream.java:150)
	at sun.reflect.NativeMethodAccessorImpl.invoke0(Native Method)
	at sun.reflect.NativeMethodAccessorImpl.invoke(NativeMethodAccessorImpl.java:62)
	at sun.reflect.DelegatingMethodAccessorImpl.invoke(DelegatingMethodAccessorImpl.java:43)
	at java.lang.reflect.Method.invoke(Method.java:498)
	at org.junit.runners.model.FrameworkMethod$1.runReflectiveCall(FrameworkMethod.java:59)
	at org.junit.internal.runners.model.ReflectiveCallable.run(ReflectiveCallable.java:12)
	at org.junit.runners.model.FrameworkMethod.invokeExplosively(FrameworkMethod.java:56)
	at org.junit.internal.runners.statements.InvokeMethod.evaluate(InvokeMethod.java:17)
	at org.junit.internal.runners.statements.RunBefores.evaluate(RunBefores.java:26)
	at org.junit.internal.runners.statements.RunAfters.evaluate(RunAfters.java:27)
	at org.junit.internal.runners.statements.FailOnTimeout$CallableStatement.call(FailOnTimeout.java:288)
	at org.junit.internal.runners.statements.FailOnTimeout$CallableStatement.call(FailOnTimeout.java:282)
	at java.util.concurrent.FutureTask.run(FutureTask.java:266)
	at java.lang.Thread.run(Thread.java:750)

Oct 16, 2022 1:16:55 PM org.apache.ratis.thirdparty.io.grpc.internal.ManagedChannelOrphanWrapper$ManagedChannelReference cleanQueue
SEVERE: *~*~*~ Channel ManagedChannelImpl{logId=679, target=10.1.0.60:42871} was not shutdown properly!!! ~*~*~*
    Make sure to call shutdown()/shutdownNow() and wait until awaitTermination() returns true.
java.lang.RuntimeException: ManagedChannel allocation site
	at org.apache.ratis.thirdparty.io.grpc.internal.ManagedChannelOrphanWrapper$ManagedChannelReference.<init>(ManagedChannelOrphanWrapper.java:93)
	at org.apache.ratis.thirdparty.io.grpc.internal.ManagedChannelOrphanWrapper.<init>(ManagedChannelOrphanWrapper.java:53)
	at org.apache.ratis.thirdparty.io.grpc.internal.ManagedChannelOrphanWrapper.<init>(ManagedChannelOrphanWrapper.java:44)
	at org.apache.ratis.thirdparty.io.grpc.internal.ManagedChannelImplBuilder.build(ManagedChannelImplBuilder.java:630)
	at org.apache.ratis.thirdparty.io.grpc.internal.AbstractManagedChannelImplBuilder.build(AbstractManagedChannelImplBuilder.java:297)
	at org.apache.hadoop.hdds.scm.XceiverClientGrpc.connectToDatanode(XceiverClientGrpc.java:205)
	at org.apache.hadoop.hdds.scm.XceiverClientGrpc.connect(XceiverClientGrpc.java:158)
	at org.apache.hadoop.hdds.scm.XceiverClientManager$2.call(XceiverClientManager.java:243)
	at org.apache.hadoop.hdds.scm.XceiverClientManager$2.call(XceiverClientManager.java:224)
	at com.google.common.cache.LocalCache$LocalManualCache$1.load(LocalCache.java:4868)
	at com.google.common.cache.LocalCache$LoadingValueReference.loadFuture(LocalCache.java:3533)
	at com.google.common.cache.LocalCache$Segment.loadSync(LocalCache.java:2282)
	at com.google.common.cache.LocalCache$Segment.lockedGetOrLoad(LocalCache.java:2159)
	at com.google.common.cache.LocalCache$Segment.get(LocalCache.java:2049)
	at com.google.common.cache.LocalCache.get(LocalCache.java:3966)
	at com.google.common.cache.LocalCache$LocalManualCache.get(LocalCache.java:4863)
	at org.apache.hadoop.hdds.scm.XceiverClientManager.getClient(XceiverClientManager.java:224)
	at org.apache.hadoop.hdds.scm.XceiverClientManager.acquireClient(XceiverClientManager.java:168)
	at org.apache.hadoop.hdds.scm.XceiverClientManager.acquireClient(XceiverClientManager.java:141)
	at org.apache.hadoop.hdds.scm.storage.BlockOutputStream.<init>(BlockOutputStream.java:161)
	at org.apache.hadoop.hdds.scm.storage.ECBlockOutputStream.<init>(ECBlockOutputStream.java:73)
	at org.apache.hadoop.ozone.client.io.ECBlockOutputStreamEntry.checkStream(ECBlockOutputStreamEntry.java:100)
	at org.apache.hadoop.ozone.client.io.BlockOutputStreamEntry.write(BlockOutputStreamEntry.java:123)
	at org.apache.hadoop.ozone.client.io.ECKeyOutputStream.writeToOutputStream(ECKeyOutputStream.java:406)
	at org.apache.hadoop.ozone.client.io.ECKeyOutputStream.handleOutputStreamWrite(ECKeyOutputStream.java:390)
	at org.apache.hadoop.ozone.client.io.ECKeyOutputStream.handleWrite(ECKeyOutputStream.java:364)
	at org.apache.hadoop.ozone.client.io.ECKeyOutputStream.write(ECKeyOutputStream.java:163)
	at org.apache.hadoop.ozone.client.io.OzoneOutputStream.write(OzoneOutputStream.java:50)
	at java.io.OutputStream.write(OutputStream.java:75)
	at org.apache.hadoop.ozone.client.rpc.read.TestInputStreamBase.writeRandomBytes(TestInputStreamBase.java:205)
	at org.apache.hadoop.ozone.client.rpc.read.TestKeyInputStream.testECSeek(TestKeyInputStream.java:231)
	at org.apache.hadoop.ozone.client.rpc.read.TestKeyInputStream.testNonReplicationReads(TestKeyInputStream.java:150)
	at sun.reflect.NativeMethodAccessorImpl.invoke0(Native Method)
	at sun.reflect.NativeMethodAccessorImpl.invoke(NativeMethodAccessorImpl.java:62)
	at sun.reflect.DelegatingMethodAccessorImpl.invoke(DelegatingMethodAccessorImpl.java:43)
	at java.lang.reflect.Method.invoke(Method.java:498)
	at org.junit.runners.model.FrameworkMethod$1.runReflectiveCall(FrameworkMethod.java:59)
	at org.junit.internal.runners.model.ReflectiveCallable.run(ReflectiveCallable.java:12)
	at org.junit.runners.model.FrameworkMethod.invokeExplosively(FrameworkMethod.java:56)
	at org.junit.internal.runners.statements.InvokeMethod.evaluate(InvokeMethod.java:17)
	at org.junit.internal.runners.statements.RunBefores.evaluate(RunBefores.java:26)
	at org.junit.internal.runners.statements.RunAfters.evaluate(RunAfters.java:27)
	at org.junit.internal.runners.statements.FailOnTimeout$CallableStatement.call(FailOnTimeout.java:288)
	at org.junit.internal.runners.statements.FailOnTimeout$CallableStatement.call(FailOnTimeout.java:282)
	at java.util.concurrent.FutureTask.run(FutureTask.java:266)
	at java.lang.Thread.run(Thread.java:750)

Oct 16, 2022 1:16:55 PM org.apache.ratis.thirdparty.io.grpc.internal.ManagedChannelOrphanWrapper$ManagedChannelReference cleanQueue
SEVERE: *~*~*~ Channel ManagedChannelImpl{logId=675, target=10.1.0.60:41297} was not shutdown properly!!! ~*~*~*
    Make sure to call shutdown()/shutdownNow() and wait until awaitTermination() returns true.
java.lang.RuntimeException: ManagedChannel allocation site
	at org.apache.ratis.thirdparty.io.grpc.internal.ManagedChannelOrphanWrapper$ManagedChannelReference.<init>(ManagedChannelOrphanWrapper.java:93)
	at org.apache.ratis.thirdparty.io.grpc.internal.ManagedChannelOrphanWrapper.<init>(ManagedChannelOrphanWrapper.java:53)
	at org.apache.ratis.thirdparty.io.grpc.internal.ManagedChannelOrphanWrapper.<init>(ManagedChannelOrphanWrapper.java:44)
	at org.apache.ratis.thirdparty.io.grpc.internal.ManagedChannelImplBuilder.build(ManagedChannelImplBuilder.java:630)
	at org.apache.ratis.thirdparty.io.grpc.internal.AbstractManagedChannelImplBuilder.build(AbstractManagedChannelImplBuilder.java:297)
	at org.apache.hadoop.hdds.scm.XceiverClientGrpc.connectToDatanode(XceiverClientGrpc.java:205)
	at org.apache.hadoop.hdds.scm.XceiverClientGrpc.connect(XceiverClientGrpc.java:158)
	at org.apache.hadoop.hdds.scm.XceiverClientManager$2.call(XceiverClientManager.java:243)
	at org.apache.hadoop.hdds.scm.XceiverClientManager$2.call(XceiverClientManager.java:224)
	at com.google.common.cache.LocalCache$LocalManualCache$1.load(LocalCache.java:4868)
	at com.google.common.cache.LocalCache$LoadingValueReference.loadFuture(LocalCache.java:3533)
	at com.google.common.cache.LocalCache$Segment.loadSync(LocalCache.java:2282)
	at com.google.common.cache.LocalCache$Segment.lockedGetOrLoad(LocalCache.java:2159)
	at com.google.common.cache.LocalCache$Segment.get(LocalCache.java:2049)
	at com.google.common.cache.LocalCache.get(LocalCache.java:3966)
	at com.google.common.cache.LocalCache$LocalManualCache.get(LocalCache.java:4863)
	at org.apache.hadoop.hdds.scm.XceiverClientManager.getClient(XceiverClientManager.java:224)
	at org.apache.hadoop.hdds.scm.XceiverClientManager.acquireClient(XceiverClientManager.java:168)
	at org.apache.hadoop.hdds.scm.XceiverClientManager.acquireClient(XceiverClientManager.java:141)
	at org.apache.hadoop.hdds.scm.storage.BlockOutputStream.<init>(BlockOutputStream.java:161)
	at org.apache.hadoop.hdds.scm.storage.ECBlockOutputStream.<init>(ECBlockOutputStream.java:73)
	at org.apache.hadoop.ozone.client.io.ECBlockOutputStreamEntry.checkStream(ECBlockOutputStreamEntry.java:100)
	at org.apache.hadoop.ozone.client.io.BlockOutputStreamEntry.write(BlockOutputStreamEntry.java:123)
	at org.apache.hadoop.ozone.client.io.ECKeyOutputStream.writeToOutputStream(ECKeyOutputStream.java:406)
	at org.apache.hadoop.ozone.client.io.ECKeyOutputStream.handleOutputStreamWrite(ECKeyOutputStream.java:390)
	at org.apache.hadoop.ozone.client.io.ECKeyOutputStream.handleWrite(ECKeyOutputStream.java:364)
	at org.apache.hadoop.ozone.client.io.ECKeyOutputStream.write(ECKeyOutputStream.java:163)
	at org.apache.hadoop.ozone.client.io.OzoneOutputStream.write(OzoneOutputStream.java:50)
	at java.io.OutputStream.write(OutputStream.java:75)
	at org.apache.hadoop.ozone.client.rpc.read.TestInputStreamBase.writeRandomBytes(TestInputStreamBase.java:205)
	at org.apache.hadoop.ozone.client.rpc.read.TestKeyInputStream.testECSeek(TestKeyInputStream.java:231)
	at org.apache.hadoop.ozone.client.rpc.read.TestKeyInputStream.testNonReplicationReads(TestKeyInputStream.java:150)
	at sun.reflect.NativeMethodAccessorImpl.invoke0(Native Method)
	at sun.reflect.NativeMethodAccessorImpl.invoke(NativeMethodAccessorImpl.java:62)
	at sun.reflect.DelegatingMethodAccessorImpl.invoke(DelegatingMethodAccessorImpl.java:43)
	at java.lang.reflect.Method.invoke(Method.java:498)
	at org.junit.runners.model.FrameworkMethod$1.runReflectiveCall(FrameworkMethod.java:59)
	at org.junit.internal.runners.model.ReflectiveCallable.run(ReflectiveCallable.java:12)
	at org.junit.runners.model.FrameworkMethod.invokeExplosively(FrameworkMethod.java:56)
	at org.junit.internal.runners.statements.InvokeMethod.evaluate(InvokeMethod.java:17)
	at org.junit.internal.runners.statements.RunBefores.evaluate(RunBefores.java:26)
	at org.junit.internal.runners.statements.RunAfters.evaluate(RunAfters.java:27)
	at org.junit.internal.runners.statements.FailOnTimeout$CallableStatement.call(FailOnTimeout.java:288)
	at org.junit.internal.runners.statements.FailOnTimeout$CallableStatement.call(FailOnTimeout.java:282)
	at java.util.concurrent.FutureTask.run(FutureTask.java:266)
	at java.lang.Thread.run(Thread.java:750)

Oct 16, 2022 1:16:55 PM org.apache.ratis.thirdparty.io.grpc.internal.ManagedChannelOrphanWrapper$ManagedChannelReference cleanQueue
SEVERE: *~*~*~ Channel ManagedChannelImpl{logId=598, target=10.1.0.60:39119} was not shutdown properly!!! ~*~*~*
    Make sure to call shutdown()/shutdownNow() and wait until awaitTermination() returns true.
java.lang.RuntimeException: ManagedChannel allocation site
	at org.apache.ratis.thirdparty.io.grpc.internal.ManagedChannelOrphanWrapper$ManagedChannelReference.<init>(ManagedChannelOrphanWrapper.java:93)
	at org.apache.ratis.thirdparty.io.grpc.internal.ManagedChannelOrphanWrapper.<init>(ManagedChannelOrphanWrapper.java:53)
	at org.apache.ratis.thirdparty.io.grpc.internal.ManagedChannelOrphanWrapper.<init>(ManagedChannelOrphanWrapper.java:44)
	at org.apache.ratis.thirdparty.io.grpc.internal.ManagedChannelImplBuilder.build(ManagedChannelImplBuilder.java:630)
	at org.apache.ratis.thirdparty.io.grpc.internal.AbstractManagedChannelImplBuilder.build(AbstractManagedChannelImplBuilder.java:297)
	at org.apache.hadoop.hdds.scm.XceiverClientGrpc.connectToDatanode(XceiverClientGrpc.java:205)
	at org.apache.hadoop.hdds.scm.XceiverClientGrpc.connect(XceiverClientGrpc.java:158)
	at org.apache.hadoop.hdds.scm.XceiverClientManager$2.call(XceiverClientManager.java:243)
	at org.apache.hadoop.hdds.scm.XceiverClientManager$2.call(XceiverClientManager.java:224)
	at com.google.common.cache.LocalCache$LocalManualCache$1.load(LocalCache.java:4868)
	at com.google.common.cache.LocalCache$LoadingValueReference.loadFuture(LocalCache.java:3533)
	at com.google.common.cache.LocalCache$Segment.loadSync(LocalCache.java:2282)
	at com.google.common.cache.LocalCache$Segment.lockedGetOrLoad(LocalCache.java:2159)
	at com.google.common.cache.LocalCache$Segment.get(LocalCache.java:2049)
	at com.google.common.cache.LocalCache.get(LocalCache.java:3966)
	at com.google.common.cache.LocalCache$LocalManualCache.get(LocalCache.java:4863)
	at org.apache.hadoop.hdds.scm.XceiverClientManager.getClient(XceiverClientManager.java:224)
	at org.apache.hadoop.hdds.scm.XceiverClientManager.acquireClient(XceiverClientManager.java:168)
	at org.apache.hadoop.hdds.scm.XceiverClientManager.acquireClient(XceiverClientManager.java:141)
	at org.apache.hadoop.hdds.scm.storage.BlockOutputStream.<init>(BlockOutputStream.java:161)
	at org.apache.hadoop.hdds.scm.storage.ECBlockOutputStream.<init>(ECBlockOutputStream.java:73)
	at org.apache.hadoop.ozone.client.io.ECBlockOutputStreamEntry.checkStream(ECBlockOutputStreamEntry.java:100)
	at org.apache.hadoop.ozone.client.io.BlockOutputStreamEntry.write(BlockOutputStreamEntry.java:123)
	at org.apache.hadoop.ozone.client.io.ECKeyOutputStream.writeToOutputStream(ECKeyOutputStream.java:406)
	at org.apache.hadoop.ozone.client.io.ECKeyOutputStream.handleOutputStreamWrite(ECKeyOutputStream.java:390)
	at org.apache.hadoop.ozone.client.io.ECKeyOutputStream.handleWrite(ECKeyOutputStream.java:364)
	at org.apache.hadoop.ozone.client.io.ECKeyOutputStream.write(ECKeyOutputStream.java:163)
	at org.apache.hadoop.ozone.client.io.OzoneOutputStream.write(OzoneOutputStream.java:50)
	at java.io.OutputStream.write(OutputStream.java:75)
	at org.apache.hadoop.ozone.client.rpc.read.TestInputStreamBase.writeRandomBytes(TestInputStreamBase.java:205)
	at org.apache.hadoop.ozone.client.rpc.read.TestKeyInputStream.testECSeek(TestKeyInputStream.java:231)
	at org.apache.hadoop.ozone.client.rpc.read.TestKeyInputStream.testNonReplicationReads(TestKeyInputStream.java:150)
	at sun.reflect.NativeMethodAccessorImpl.invoke0(Native Method)
	at sun.reflect.NativeMethodAccessorImpl.invoke(NativeMethodAccessorImpl.java:62)
	at sun.reflect.DelegatingMethodAccessorImpl.invoke(DelegatingMethodAccessorImpl.java:43)
	at java.lang.reflect.Method.invoke(Method.java:498)
	at org.junit.runners.model.FrameworkMethod$1.runReflectiveCall(FrameworkMethod.java:59)
	at org.junit.internal.runners.model.ReflectiveCallable.run(ReflectiveCallable.java:12)
	at org.junit.runners.model.FrameworkMethod.invokeExplosively(FrameworkMethod.java:56)
	at org.junit.internal.runners.statements.InvokeMethod.evaluate(InvokeMethod.java:17)
	at org.junit.internal.runners.statements.RunBefores.evaluate(RunBefores.java:26)
	at org.junit.internal.runners.statements.RunAfters.evaluate(RunAfters.java:27)
	at org.junit.internal.runners.statements.FailOnTimeout$CallableStatement.call(FailOnTimeout.java:288)
	at org.junit.internal.runners.statements.FailOnTimeout$CallableStatement.call(FailOnTimeout.java:282)
	at java.util.concurrent.FutureTask.run(FutureTask.java:266)
	at java.lang.Thread.run(Thread.java:750)

Oct 16, 2022 1:16:55 PM org.apache.ratis.thirdparty.io.grpc.internal.ManagedChannelOrphanWrapper$ManagedChannelReference cleanQueue
SEVERE: *~*~*~ Channel ManagedChannelImpl{logId=604, target=10.1.0.60:39749} was not shutdown properly!!! ~*~*~*
    Make sure to call shutdown()/shutdownNow() and wait until awaitTermination() returns true.
java.lang.RuntimeException: ManagedChannel allocation site
	at org.apache.ratis.thirdparty.io.grpc.internal.ManagedChannelOrphanWrapper$ManagedChannelReference.<init>(ManagedChannelOrphanWrapper.java:93)
	at org.apache.ratis.thirdparty.io.grpc.internal.ManagedChannelOrphanWrapper.<init>(ManagedChannelOrphanWrapper.java:53)
	at org.apache.ratis.thirdparty.io.grpc.internal.ManagedChannelOrphanWrapper.<init>(ManagedChannelOrphanWrapper.java:44)
	at org.apache.ratis.thirdparty.io.grpc.internal.ManagedChannelImplBuilder.build(ManagedChannelImplBuilder.java:630)
	at org.apache.ratis.thirdparty.io.grpc.internal.AbstractManagedChannelImplBuilder.build(AbstractManagedChannelImplBuilder.java:297)
	at org.apache.hadoop.hdds.scm.XceiverClientGrpc.connectToDatanode(XceiverClientGrpc.java:205)
	at org.apache.hadoop.hdds.scm.XceiverClientGrpc.connect(XceiverClientGrpc.java:158)
	at org.apache.hadoop.hdds.scm.XceiverClientManager$2.call(XceiverClientManager.java:243)
	at org.apache.hadoop.hdds.scm.XceiverClientManager$2.call(XceiverClientManager.java:224)
	at com.google.common.cache.LocalCache$LocalManualCache$1.load(LocalCache.java:4868)
	at com.google.common.cache.LocalCache$LoadingValueReference.loadFuture(LocalCache.java:3533)
	at com.google.common.cache.LocalCache$Segment.loadSync(LocalCache.java:2282)
	at com.google.common.cache.LocalCache$Segment.lockedGetOrLoad(LocalCache.java:2159)
	at com.google.common.cache.LocalCache$Segment.get(LocalCache.java:2049)
	at com.google.common.cache.LocalCache.get(LocalCache.java:3966)
	at com.google.common.cache.LocalCache$LocalManualCache.get(LocalCache.java:4863)
	at org.apache.hadoop.hdds.scm.XceiverClientManager.getClient(XceiverClientManager.java:224)
	at org.apache.hadoop.hdds.scm.XceiverClientManager.acquireClient(XceiverClientManager.java:168)
	at org.apache.hadoop.hdds.scm.XceiverClientManager.acquireClient(XceiverClientManager.java:141)
	at org.apache.hadoop.hdds.scm.storage.BlockOutputStream.<init>(BlockOutputStream.java:161)
	at org.apache.hadoop.hdds.scm.storage.ECBlockOutputStream.<init>(ECBlockOutputStream.java:73)
	at org.apache.hadoop.ozone.client.io.ECBlockOutputStreamEntry.checkStream(ECBlockOutputStreamEntry.java:100)
	at org.apache.hadoop.ozone.client.io.BlockOutputStreamEntry.write(BlockOutputStreamEntry.java:123)
	at org.apache.hadoop.ozone.client.io.ECKeyOutputStream.writeToOutputStream(ECKeyOutputStream.java:406)
	at org.apache.hadoop.ozone.client.io.ECKeyOutputStream.handleOutputStreamWrite(ECKeyOutputStream.java:390)
	at org.apache.hadoop.ozone.client.io.ECKeyOutputStream.handleWrite(ECKeyOutputStream.java:364)
	at org.apache.hadoop.ozone.client.io.ECKeyOutputStream.write(ECKeyOutputStream.java:163)
	at org.apache.hadoop.ozone.client.io.OzoneOutputStream.write(OzoneOutputStream.java:50)
	at java.io.OutputStream.write(OutputStream.java:75)
	at org.apache.hadoop.ozone.client.rpc.read.TestInputStreamBase.writeRandomBytes(TestInputStreamBase.java:205)
	at org.apache.hadoop.ozone.client.rpc.read.TestKeyInputStream.testECSeek(TestKeyInputStream.java:231)
	at org.apache.hadoop.ozone.client.rpc.read.TestKeyInputStream.testNonReplicationReads(TestKeyInputStream.java:150)
	at sun.reflect.NativeMethodAccessorImpl.invoke0(Native Method)
	at sun.reflect.NativeMethodAccessorImpl.invoke(NativeMethodAccessorImpl.java:62)
	at sun.reflect.DelegatingMethodAccessorImpl.invoke(DelegatingMethodAccessorImpl.java:43)
	at java.lang.reflect.Method.invoke(Method.java:498)
	at org.junit.runners.model.FrameworkMethod$1.runReflectiveCall(FrameworkMethod.java:59)
	at org.junit.internal.runners.model.ReflectiveCallable.run(ReflectiveCallable.java:12)
	at org.junit.runners.model.FrameworkMethod.invokeExplosively(FrameworkMethod.java:56)
	at org.junit.internal.runners.statements.InvokeMethod.evaluate(InvokeMethod.java:17)
	at org.junit.internal.runners.statements.RunBefores.evaluate(RunBefores.java:26)
	at org.junit.internal.runners.statements.RunAfters.evaluate(RunAfters.java:27)
	at org.junit.internal.runners.statements.FailOnTimeout$CallableStatement.call(FailOnTimeout.java:288)
	at org.junit.internal.runners.statements.FailOnTimeout$CallableStatement.call(FailOnTimeout.java:282)
	at java.util.concurrent.FutureTask.run(FutureTask.java:266)
	at java.lang.Thread.run(Thread.java:750)

Oct 16, 2022 1:16:55 PM org.apache.ratis.thirdparty.io.grpc.internal.ManagedChannelOrphanWrapper$ManagedChannelReference cleanQueue
SEVERE: *~*~*~ Channel ManagedChannelImpl{logId=696, target=10.1.0.60:45309} was not shutdown properly!!! ~*~*~*
    Make sure to call shutdown()/shutdownNow() and wait until awaitTermination() returns true.
java.lang.RuntimeException: ManagedChannel allocation site
	at org.apache.ratis.thirdparty.io.grpc.internal.ManagedChannelOrphanWrapper$ManagedChannelReference.<init>(ManagedChannelOrphanWrapper.java:93)
	at org.apache.ratis.thirdparty.io.grpc.internal.ManagedChannelOrphanWrapper.<init>(ManagedChannelOrphanWrapper.java:53)
	at org.apache.ratis.thirdparty.io.grpc.internal.ManagedChannelOrphanWrapper.<init>(ManagedChannelOrphanWrapper.java:44)
	at org.apache.ratis.thirdparty.io.grpc.internal.ManagedChannelImplBuilder.build(ManagedChannelImplBuilder.java:630)
	at org.apache.ratis.thirdparty.io.grpc.internal.AbstractManagedChannelImplBuilder.build(AbstractManagedChannelImplBuilder.java:297)
	at org.apache.hadoop.hdds.scm.XceiverClientGrpc.connectToDatanode(XceiverClientGrpc.java:205)
	at org.apache.hadoop.hdds.scm.XceiverClientGrpc.connect(XceiverClientGrpc.java:158)
	at org.apache.hadoop.hdds.scm.XceiverClientManager$2.call(XceiverClientManager.java:243)
	at org.apache.hadoop.hdds.scm.XceiverClientManager$2.call(XceiverClientManager.java:224)
	at com.google.common.cache.LocalCache$LocalManualCache$1.load(LocalCache.java:4868)
	at com.google.common.cache.LocalCache$LoadingValueReference.loadFuture(LocalCache.java:3533)
	at com.google.common.cache.LocalCache$Segment.loadSync(LocalCache.java:2282)
	at com.google.common.cache.LocalCache$Segment.lockedGetOrLoad(LocalCache.java:2159)
	at com.google.common.cache.LocalCache$Segment.get(LocalCache.java:2049)
	at com.google.common.cache.LocalCache.get(LocalCache.java:3966)
	at com.google.common.cache.LocalCache$LocalManualCache.get(LocalCache.java:4863)
	at org.apache.hadoop.hdds.scm.XceiverClientManager.getClient(XceiverClientManager.java:224)
	at org.apache.hadoop.hdds.scm.XceiverClientManager.acquireClient(XceiverClientManager.java:168)
	at org.apache.hadoop.hdds.scm.XceiverClientManager.acquireClientForReadData(XceiverClientManager.java:157)
	at org.apache.hadoop.hdds.scm.storage.BlockInputStream.acquireClient(BlockInputStream.java:256)
	at org.apache.hadoop.hdds.scm.storage.BlockInputStream.getChunkInfos(BlockInputStream.java:223)
	at org.apache.hadoop.hdds.scm.storage.BlockInputStream.initialize(BlockInputStream.java:146)
	at org.apache.hadoop.hdds.scm.storage.BlockInputStream.readWithStrategy(BlockInputStream.java:283)
	at org.apache.hadoop.hdds.scm.storage.ExtendedInputStream.read(ExtendedInputStream.java:64)
	at org.apache.hadoop.hdds.scm.storage.ByteBufferReader.readFromBlock(ByteBufferReader.java:56)
	at org.apache.hadoop.ozone.client.io.ECBlockInputStream.readFromStream(ECBlockInputStream.java:365)
	at org.apache.hadoop.ozone.client.io.ECBlockInputStream.readWithStrategy(ECBlockInputStream.java:300)
	at org.apache.hadoop.hdds.scm.storage.ExtendedInputStream.read(ExtendedInputStream.java:64)
	at org.apache.hadoop.ozone.client.io.ECBlockInputStreamProxy.read(ECBlockInputStreamProxy.java:158)
	at org.apache.hadoop.ozone.client.io.ECBlockInputStreamProxy.read(ECBlockInputStreamProxy.java:143)
	at org.apache.hadoop.hdds.scm.storage.ByteArrayReader.readFromBlock(ByteArrayReader.java:57)
	at org.apache.hadoop.ozone.client.io.KeyInputStream.readWithStrategy(KeyInputStream.java:273)
	at org.apache.hadoop.ozone.client.io.KeyInputStream.read(KeyInputStream.java:240)
	at org.apache.hadoop.ozone.client.rpc.read.TestKeyInputStream.validate(TestKeyInputStream.java:133)
	at org.apache.hadoop.ozone.client.rpc.read.TestKeyInputStream.testECSeek(TestKeyInputStream.java:234)
	at org.apache.hadoop.ozone.client.rpc.read.TestKeyInputStream.testNonReplicationReads(TestKeyInputStream.java:150)
	at sun.reflect.NativeMethodAccessorImpl.invoke0(Native Method)
	at sun.reflect.NativeMethodAccessorImpl.invoke(NativeMethodAccessorImpl.java:62)
	at sun.reflect.DelegatingMethodAccessorImpl.invoke(DelegatingMethodAccessorImpl.java:43)
	at java.lang.reflect.Method.invoke(Method.java:498)
	at org.junit.runners.model.FrameworkMethod$1.runReflectiveCall(FrameworkMethod.java:59)
	at org.junit.internal.runners.model.ReflectiveCallable.run(ReflectiveCallable.java:12)
	at org.junit.runners.model.FrameworkMethod.invokeExplosively(FrameworkMethod.java:56)
	at org.junit.internal.runners.statements.InvokeMethod.evaluate(InvokeMethod.java:17)
	at org.junit.internal.runners.statements.RunBefores.evaluate(RunBefores.java:26)
	at org.junit.internal.runners.statements.RunAfters.evaluate(RunAfters.java:27)
	at org.junit.internal.runners.statements.FailOnTimeout$CallableStatement.call(FailOnTimeout.java:288)
	at org.junit.internal.runners.statements.FailOnTimeout$CallableStatement.call(FailOnTimeout.java:282)
	at java.util.concurrent.FutureTask.run(FutureTask.java:266)
	at java.lang.Thread.run(Thread.java:750)

Oct 16, 2022 1:16:55 PM org.apache.ratis.thirdparty.io.grpc.internal.ManagedChannelOrphanWrapper$ManagedChannelReference cleanQueue
SEVERE: *~*~*~ Channel ManagedChannelImpl{logId=621, target=10.1.0.60:45309} was not shutdown properly!!! ~*~*~*
    Make sure to call shutdown()/shutdownNow() and wait until awaitTermination() returns true.
java.lang.RuntimeException: ManagedChannel allocation site
	at org.apache.ratis.thirdparty.io.grpc.internal.ManagedChannelOrphanWrapper$ManagedChannelReference.<init>(ManagedChannelOrphanWrapper.java:93)
	at org.apache.ratis.thirdparty.io.grpc.internal.ManagedChannelOrphanWrapper.<init>(ManagedChannelOrphanWrapper.java:53)
	at org.apache.ratis.thirdparty.io.grpc.internal.ManagedChannelOrphanWrapper.<init>(ManagedChannelOrphanWrapper.java:44)
	at org.apache.ratis.thirdparty.io.grpc.internal.ManagedChannelImplBuilder.build(ManagedChannelImplBuilder.java:630)
	at org.apache.ratis.thirdparty.io.grpc.internal.AbstractManagedChannelImplBuilder.build(AbstractManagedChannelImplBuilder.java:297)
	at org.apache.hadoop.hdds.scm.XceiverClientGrpc.connectToDatanode(XceiverClientGrpc.java:205)
	at org.apache.hadoop.hdds.scm.XceiverClientGrpc.connect(XceiverClientGrpc.java:158)
	at org.apache.hadoop.hdds.scm.XceiverClientManager$2.call(XceiverClientManager.java:243)
	at org.apache.hadoop.hdds.scm.XceiverClientManager$2.call(XceiverClientManager.java:224)
	at com.google.common.cache.LocalCache$LocalManualCache$1.load(LocalCache.java:4868)
	at com.google.common.cache.LocalCache$LoadingValueReference.loadFuture(LocalCache.java:3533)
	at com.google.common.cache.LocalCache$Segment.loadSync(LocalCache.java:2282)
	at com.google.common.cache.LocalCache$Segment.lockedGetOrLoad(LocalCache.java:2159)
	at com.google.common.cache.LocalCache$Segment.get(LocalCache.java:2049)
	at com.google.common.cache.LocalCache.get(LocalCache.java:3966)
	at com.google.common.cache.LocalCache$LocalManualCache.get(LocalCache.java:4863)
	at org.apache.hadoop.hdds.scm.XceiverClientManager.getClient(XceiverClientManager.java:224)
	at org.apache.hadoop.hdds.scm.XceiverClientManager.acquireClient(XceiverClientManager.java:168)
	at org.apache.hadoop.hdds.scm.XceiverClientManager.acquireClient(XceiverClientManager.java:141)
	at org.apache.hadoop.hdds.scm.storage.BlockOutputStream.<init>(BlockOutputStream.java:161)
	at org.apache.hadoop.hdds.scm.storage.ECBlockOutputStream.<init>(ECBlockOutputStream.java:73)
	at org.apache.hadoop.ozone.client.io.ECBlockOutputStreamEntry.checkStream(ECBlockOutputStreamEntry.java:100)
	at org.apache.hadoop.ozone.client.io.BlockOutputStreamEntry.write(BlockOutputStreamEntry.java:123)
	at org.apache.hadoop.ozone.client.io.ECKeyOutputStream.writeToOutputStream(ECKeyOutputStream.java:406)
	at org.apache.hadoop.ozone.client.io.ECKeyOutputStream.handleOutputStreamWrite(ECKeyOutputStream.java:390)
	at org.apache.hadoop.ozone.client.io.ECKeyOutputStream.handleWrite(ECKeyOutputStream.java:364)
	at org.apache.hadoop.ozone.client.io.ECKeyOutputStream.write(ECKeyOutputStream.java:163)
	at org.apache.hadoop.ozone.client.io.OzoneOutputStream.write(OzoneOutputStream.java:50)
	at java.io.OutputStream.write(OutputStream.java:75)
	at org.apache.hadoop.ozone.client.rpc.read.TestInputStreamBase.writeRandomBytes(TestInputStreamBase.java:205)
	at org.apache.hadoop.ozone.client.rpc.read.TestKeyInputStream.testECSeek(TestKeyInputStream.java:231)
	at org.apache.hadoop.ozone.client.rpc.read.TestKeyInputStream.testNonReplicationReads(TestKeyInputStream.java:150)
	at sun.reflect.NativeMethodAccessorImpl.invoke0(Native Method)
	at sun.reflect.NativeMethodAccessorImpl.invoke(NativeMethodAccessorImpl.java:62)
	at sun.reflect.DelegatingMethodAccessorImpl.invoke(DelegatingMethodAccessorImpl.java:43)
	at java.lang.reflect.Method.invoke(Method.java:498)
	at org.junit.runners.model.FrameworkMethod$1.runReflectiveCall(FrameworkMethod.java:59)
	at org.junit.internal.runners.model.ReflectiveCallable.run(ReflectiveCallable.java:12)
	at org.junit.runners.model.FrameworkMethod.invokeExplosively(FrameworkMethod.java:56)
	at org.junit.internal.runners.statements.InvokeMethod.evaluate(InvokeMethod.java:17)
	at org.junit.internal.runners.statements.RunBefores.evaluate(RunBefores.java:26)
	at org.junit.internal.runners.statements.RunAfters.evaluate(RunAfters.java:27)
	at org.junit.internal.runners.statements.FailOnTimeout$CallableStatement.call(FailOnTimeout.java:288)
	at org.junit.internal.runners.statements.FailOnTimeout$CallableStatement.call(FailOnTimeout.java:282)
	at java.util.concurrent.FutureTask.run(FutureTask.java:266)
	at java.lang.Thread.run(Thread.java:750)

Oct 16, 2022 1:16:55 PM org.apache.ratis.thirdparty.io.grpc.internal.ManagedChannelOrphanWrapper$ManagedChannelReference cleanQueue
SEVERE: *~*~*~ Channel ManagedChannelImpl{logId=602, target=10.1.0.60:42871} was not shutdown properly!!! ~*~*~*
    Make sure to call shutdown()/shutdownNow() and wait until awaitTermination() returns true.
java.lang.RuntimeException: ManagedChannel allocation site
	at org.apache.ratis.thirdparty.io.grpc.internal.ManagedChannelOrphanWrapper$ManagedChannelReference.<init>(ManagedChannelOrphanWrapper.java:93)
	at org.apache.ratis.thirdparty.io.grpc.internal.ManagedChannelOrphanWrapper.<init>(ManagedChannelOrphanWrapper.java:53)
	at org.apache.ratis.thirdparty.io.grpc.internal.ManagedChannelOrphanWrapper.<init>(ManagedChannelOrphanWrapper.java:44)
	at org.apache.ratis.thirdparty.io.grpc.internal.ManagedChannelImplBuilder.build(ManagedChannelImplBuilder.java:630)
	at org.apache.ratis.thirdparty.io.grpc.internal.AbstractManagedChannelImplBuilder.build(AbstractManagedChannelImplBuilder.java:297)
	at org.apache.hadoop.hdds.scm.XceiverClientGrpc.connectToDatanode(XceiverClientGrpc.java:205)
	at org.apache.hadoop.hdds.scm.XceiverClientGrpc.connect(XceiverClientGrpc.java:158)
	at org.apache.hadoop.hdds.scm.XceiverClientManager$2.call(XceiverClientManager.java:243)
	at org.apache.hadoop.hdds.scm.XceiverClientManager$2.call(XceiverClientManager.java:224)
	at com.google.common.cache.LocalCache$LocalManualCache$1.load(LocalCache.java:4868)
	at com.google.common.cache.LocalCache$LoadingValueReference.loadFuture(LocalCache.java:3533)
	at com.google.common.cache.LocalCache$Segment.loadSync(LocalCache.java:2282)
	at com.google.common.cache.LocalCache$Segment.lockedGetOrLoad(LocalCache.java:2159)
	at com.google.common.cache.LocalCache$Segment.get(LocalCache.java:2049)
	at com.google.common.cache.LocalCache.get(LocalCache.java:3966)
	at com.google.common.cache.LocalCache$LocalManualCache.get(LocalCache.java:4863)
	at org.apache.hadoop.hdds.scm.XceiverClientManager.getClient(XceiverClientManager.java:224)
	at org.apache.hadoop.hdds.scm.XceiverClientManager.acquireClient(XceiverClientManager.java:168)
	at org.apache.hadoop.hdds.scm.XceiverClientManager.acquireClient(XceiverClientManager.java:141)
	at org.apache.hadoop.hdds.scm.storage.BlockOutputStream.<init>(BlockOutputStream.java:161)
	at org.apache.hadoop.hdds.scm.storage.ECBlockOutputStream.<init>(ECBlockOutputStream.java:73)
	at org.apache.hadoop.ozone.client.io.ECBlockOutputStreamEntry.checkStream(ECBlockOutputStreamEntry.java:100)
	at org.apache.hadoop.ozone.client.io.BlockOutputStreamEntry.write(BlockOutputStreamEntry.java:123)
	at org.apache.hadoop.ozone.client.io.ECKeyOutputStream.writeToOutputStream(ECKeyOutputStream.java:406)
	at org.apache.hadoop.ozone.client.io.ECKeyOutputStream.handleOutputStreamWrite(ECKeyOutputStream.java:390)
	at org.apache.hadoop.ozone.client.io.ECKeyOutputStream.handleWrite(ECKeyOutputStream.java:364)
	at org.apache.hadoop.ozone.client.io.ECKeyOutputStream.write(ECKeyOutputStream.java:163)
	at org.apache.hadoop.ozone.client.io.OzoneOutputStream.write(OzoneOutputStream.java:50)
	at java.io.OutputStream.write(OutputStream.java:75)
	at org.apache.hadoop.ozone.client.rpc.read.TestInputStreamBase.writeRandomBytes(TestInputStreamBase.java:205)
	at org.apache.hadoop.ozone.client.rpc.read.TestKeyInputStream.testECSeek(TestKeyInputStream.java:231)
	at org.apache.hadoop.ozone.client.rpc.read.TestKeyInputStream.testNonReplicationReads(TestKeyInputStream.java:150)
	at sun.reflect.NativeMethodAccessorImpl.invoke0(Native Method)
	at sun.reflect.NativeMethodAccessorImpl.invoke(NativeMethodAccessorImpl.java:62)
	at sun.reflect.DelegatingMethodAccessorImpl.invoke(DelegatingMethodAccessorImpl.java:43)
	at java.lang.reflect.Method.invoke(Method.java:498)
	at org.junit.runners.model.FrameworkMethod$1.runReflectiveCall(FrameworkMethod.java:59)
	at org.junit.internal.runners.model.ReflectiveCallable.run(ReflectiveCallable.java:12)
	at org.junit.runners.model.FrameworkMethod.invokeExplosively(FrameworkMethod.java:56)
	at org.junit.internal.runners.statements.InvokeMethod.evaluate(InvokeMethod.java:17)
	at org.junit.internal.runners.statements.RunBefores.evaluate(RunBefores.java:26)
	at org.junit.internal.runners.statements.RunAfters.evaluate(RunAfters.java:27)
	at org.junit.internal.runners.statements.FailOnTimeout$CallableStatement.call(FailOnTimeout.java:288)
	at org.junit.internal.runners.statements.FailOnTimeout$CallableStatement.call(FailOnTimeout.java:282)
	at java.util.concurrent.FutureTask.run(FutureTask.java:266)
	at java.lang.Thread.run(Thread.java:750)

Oct 16, 2022 1:16:55 PM org.apache.ratis.thirdparty.io.grpc.internal.ManagedChannelOrphanWrapper$ManagedChannelReference cleanQueue
SEVERE: *~*~*~ Channel ManagedChannelImpl{logId=654, target=10.1.0.60:39119} was not shutdown properly!!! ~*~*~*
    Make sure to call shutdown()/shutdownNow() and wait until awaitTermination() returns true.
java.lang.RuntimeException: ManagedChannel allocation site
	at org.apache.ratis.thirdparty.io.grpc.internal.ManagedChannelOrphanWrapper$ManagedChannelReference.<init>(ManagedChannelOrphanWrapper.java:93)
	at org.apache.ratis.thirdparty.io.grpc.internal.ManagedChannelOrphanWrapper.<init>(ManagedChannelOrphanWrapper.java:53)
	at org.apache.ratis.thirdparty.io.grpc.internal.ManagedChannelOrphanWrapper.<init>(ManagedChannelOrphanWrapper.java:44)
	at org.apache.ratis.thirdparty.io.grpc.internal.ManagedChannelImplBuilder.build(ManagedChannelImplBuilder.java:630)
	at org.apache.ratis.thirdparty.io.grpc.internal.AbstractManagedChannelImplBuilder.build(AbstractManagedChannelImplBuilder.java:297)
	at org.apache.hadoop.hdds.scm.XceiverClientGrpc.connectToDatanode(XceiverClientGrpc.java:205)
	at org.apache.hadoop.hdds.scm.XceiverClientGrpc.connect(XceiverClientGrpc.java:158)
	at org.apache.hadoop.hdds.scm.XceiverClientManager$2.call(XceiverClientManager.java:243)
	at org.apache.hadoop.hdds.scm.XceiverClientManager$2.call(XceiverClientManager.java:224)
	at com.google.common.cache.LocalCache$LocalManualCache$1.load(LocalCache.java:4868)
	at com.google.common.cache.LocalCache$LoadingValueReference.loadFuture(LocalCache.java:3533)
	at com.google.common.cache.LocalCache$Segment.loadSync(LocalCache.java:2282)
	at com.google.common.cache.LocalCache$Segment.lockedGetOrLoad(LocalCache.java:2159)
	at com.google.common.cache.LocalCache$Segment.get(LocalCache.java:2049)
	at com.google.common.cache.LocalCache.get(LocalCache.java:3966)
	at com.google.common.cache.LocalCache$LocalManualCache.get(LocalCache.java:4863)
	at org.apache.hadoop.hdds.scm.XceiverClientManager.getClient(XceiverClientManager.java:224)
	at org.apache.hadoop.hdds.scm.XceiverClientManager.acquireClient(XceiverClientManager.java:168)
	at org.apache.hadoop.hdds.scm.XceiverClientManager.acquireClient(XceiverClientManager.java:141)
	at org.apache.hadoop.hdds.scm.storage.BlockOutputStream.<init>(BlockOutputStream.java:161)
	at org.apache.hadoop.hdds.scm.storage.ECBlockOutputStream.<init>(ECBlockOutputStream.java:73)
	at org.apache.hadoop.ozone.client.io.ECBlockOutputStreamEntry.checkStream(ECBlockOutputStreamEntry.java:100)
	at org.apache.hadoop.ozone.client.io.BlockOutputStreamEntry.write(BlockOutputStreamEntry.java:123)
	at org.apache.hadoop.ozone.client.io.ECKeyOutputStream.writeToOutputStream(ECKeyOutputStream.java:406)
	at org.apache.hadoop.ozone.client.io.ECKeyOutputStream.handleOutputStreamWrite(ECKeyOutputStream.java:390)
	at org.apache.hadoop.ozone.client.io.ECKeyOutputStream.handleWrite(ECKeyOutputStream.java:364)
	at org.apache.hadoop.ozone.client.io.ECKeyOutputStream.write(ECKeyOutputStream.java:163)
	at org.apache.hadoop.ozone.client.io.OzoneOutputStream.write(OzoneOutputStream.java:50)
	at java.io.OutputStream.write(OutputStream.java:75)
	at org.apache.hadoop.ozone.client.rpc.read.TestInputStreamBase.writeRandomBytes(TestInputStreamBase.java:205)
	at org.apache.hadoop.ozone.client.rpc.read.TestKeyInputStream.testECSeek(TestKeyInputStream.java:231)
	at org.apache.hadoop.ozone.client.rpc.read.TestKeyInputStream.testNonReplicationReads(TestKeyInputStream.java:150)
	at sun.reflect.NativeMethodAccessorImpl.invoke0(Native Method)
	at sun.reflect.NativeMethodAccessorImpl.invoke(NativeMethodAccessorImpl.java:62)
	at sun.reflect.DelegatingMethodAccessorImpl.invoke(DelegatingMethodAccessorImpl.java:43)
	at java.lang.reflect.Method.invoke(Method.java:498)
	at org.junit.runners.model.FrameworkMethod$1.runReflectiveCall(FrameworkMethod.java:59)
	at org.junit.internal.runners.model.ReflectiveCallable.run(ReflectiveCallable.java:12)
	at org.junit.runners.model.FrameworkMethod.invokeExplosively(FrameworkMethod.java:56)
	at org.junit.internal.runners.statements.InvokeMethod.evaluate(InvokeMethod.java:17)
	at org.junit.internal.runners.statements.RunBefores.evaluate(RunBefores.java:26)
	at org.junit.internal.runners.statements.RunAfters.evaluate(RunAfters.java:27)
	at org.junit.internal.runners.statements.FailOnTimeout$CallableStatement.call(FailOnTimeout.java:288)
	at org.junit.internal.runners.statements.FailOnTimeout$CallableStatement.call(FailOnTimeout.java:282)
	at java.util.concurrent.FutureTask.run(FutureTask.java:266)
	at java.lang.Thread.run(Thread.java:750)

Oct 16, 2022 1:16:55 PM org.apache.ratis.thirdparty.io.grpc.internal.ManagedChannelOrphanWrapper$ManagedChannelReference cleanQueue
SEVERE: *~*~*~ Channel ManagedChannelImpl{logId=596, target=10.1.0.60:45309} was not shutdown properly!!! ~*~*~*
    Make sure to call shutdown()/shutdownNow() and wait until awaitTermination() returns true.
java.lang.RuntimeException: ManagedChannel allocation site
	at org.apache.ratis.thirdparty.io.grpc.internal.ManagedChannelOrphanWrapper$ManagedChannelReference.<init>(ManagedChannelOrphanWrapper.java:93)
	at org.apache.ratis.thirdparty.io.grpc.internal.ManagedChannelOrphanWrapper.<init>(ManagedChannelOrphanWrapper.java:53)
	at org.apache.ratis.thirdparty.io.grpc.internal.ManagedChannelOrphanWrapper.<init>(ManagedChannelOrphanWrapper.java:44)
	at org.apache.ratis.thirdparty.io.grpc.internal.ManagedChannelImplBuilder.build(ManagedChannelImplBuilder.java:630)
	at org.apache.ratis.thirdparty.io.grpc.internal.AbstractManagedChannelImplBuilder.build(AbstractManagedChannelImplBuilder.java:297)
	at org.apache.hadoop.hdds.scm.XceiverClientGrpc.connectToDatanode(XceiverClientGrpc.java:205)
	at org.apache.hadoop.hdds.scm.XceiverClientGrpc.connect(XceiverClientGrpc.java:158)
	at org.apache.hadoop.hdds.scm.XceiverClientManager$2.call(XceiverClientManager.java:243)
	at org.apache.hadoop.hdds.scm.XceiverClientManager$2.call(XceiverClientManager.java:224)
	at com.google.common.cache.LocalCache$LocalManualCache$1.load(LocalCache.java:4868)
	at com.google.common.cache.LocalCache$LoadingValueReference.loadFuture(LocalCache.java:3533)
	at com.google.common.cache.LocalCache$Segment.loadSync(LocalCache.java:2282)
	at com.google.common.cache.LocalCache$Segment.lockedGetOrLoad(LocalCache.java:2159)
	at com.google.common.cache.LocalCache$Segment.get(LocalCache.java:2049)
	at com.google.common.cache.LocalCache.get(LocalCache.java:3966)
	at com.google.common.cache.LocalCache$LocalManualCache.get(LocalCache.java:4863)
	at org.apache.hadoop.hdds.scm.XceiverClientManager.getClient(XceiverClientManager.java:224)
	at org.apache.hadoop.hdds.scm.XceiverClientManager.acquireClient(XceiverClientManager.java:168)
	at org.apache.hadoop.hdds.scm.XceiverClientManager.acquireClient(XceiverClientManager.java:141)
	at org.apache.hadoop.hdds.scm.storage.BlockOutputStream.<init>(BlockOutputStream.java:161)
	at org.apache.hadoop.hdds.scm.storage.ECBlockOutputStream.<init>(ECBlockOutputStream.java:73)
	at org.apache.hadoop.ozone.client.io.ECBlockOutputStreamEntry.checkStream(ECBlockOutputStreamEntry.java:100)
	at org.apache.hadoop.ozone.client.io.BlockOutputStreamEntry.write(BlockOutputStreamEntry.java:123)
	at org.apache.hadoop.ozone.client.io.ECKeyOutputStream.writeToOutputStream(ECKeyOutputStream.java:406)
	at org.apache.hadoop.ozone.client.io.ECKeyOutputStream.handleOutputStreamWrite(ECKeyOutputStream.java:390)
	at org.apache.hadoop.ozone.client.io.ECKeyOutputStream.handleWrite(ECKeyOutputStream.java:364)
	at org.apache.hadoop.ozone.client.io.ECKeyOutputStream.write(ECKeyOutputStream.java:163)
	at org.apache.hadoop.ozone.client.io.OzoneOutputStream.write(OzoneOutputStream.java:50)
	at java.io.OutputStream.write(OutputStream.java:75)
	at org.apache.hadoop.ozone.client.rpc.read.TestInputStreamBase.writeRandomBytes(TestInputStreamBase.java:205)
	at org.apache.hadoop.ozone.client.rpc.read.TestKeyInputStream.testECSeek(TestKeyInputStream.java:231)
	at org.apache.hadoop.ozone.client.rpc.read.TestKeyInputStream.testNonReplicationReads(TestKeyInputStream.java:150)
	at sun.reflect.NativeMethodAccessorImpl.invoke0(Native Method)
	at sun.reflect.NativeMethodAccessorImpl.invoke(NativeMethodAccessorImpl.java:62)
	at sun.reflect.DelegatingMethodAccessorImpl.invoke(DelegatingMethodAccessorImpl.java:43)
	at java.lang.reflect.Method.invoke(Method.java:498)
	at org.junit.runners.model.FrameworkMethod$1.runReflectiveCall(FrameworkMethod.java:59)
	at org.junit.internal.runners.model.ReflectiveCallable.run(ReflectiveCallable.java:12)
	at org.junit.runners.model.FrameworkMethod.invokeExplosively(FrameworkMethod.java:56)
	at org.junit.internal.runners.statements.InvokeMethod.evaluate(InvokeMethod.java:17)
	at org.junit.internal.runners.statements.RunBefores.evaluate(RunBefores.java:26)
	at org.junit.internal.runners.statements.RunAfters.evaluate(RunAfters.java:27)
	at org.junit.internal.runners.statements.FailOnTimeout$CallableStatement.call(FailOnTimeout.java:288)
	at org.junit.internal.runners.statements.FailOnTimeout$CallableStatement.call(FailOnTimeout.java:282)
	at java.util.concurrent.FutureTask.run(FutureTask.java:266)
	at java.lang.Thread.run(Thread.java:750)

Oct 16, 2022 1:16:55 PM org.apache.ratis.thirdparty.io.grpc.internal.ManagedChannelOrphanWrapper$ManagedChannelReference cleanQueue
SEVERE: *~*~*~ Channel ManagedChannelImpl{logId=652, target=10.1.0.60:42871} was not shutdown properly!!! ~*~*~*
    Make sure to call shutdown()/shutdownNow() and wait until awaitTermination() returns true.
java.lang.RuntimeException: ManagedChannel allocation site
	at org.apache.ratis.thirdparty.io.grpc.internal.ManagedChannelOrphanWrapper$ManagedChannelReference.<init>(ManagedChannelOrphanWrapper.java:93)
	at org.apache.ratis.thirdparty.io.grpc.internal.ManagedChannelOrphanWrapper.<init>(ManagedChannelOrphanWrapper.java:53)
	at org.apache.ratis.thirdparty.io.grpc.internal.ManagedChannelOrphanWrapper.<init>(ManagedChannelOrphanWrapper.java:44)
	at org.apache.ratis.thirdparty.io.grpc.internal.ManagedChannelImplBuilder.build(ManagedChannelImplBuilder.java:630)
	at org.apache.ratis.thirdparty.io.grpc.internal.AbstractManagedChannelImplBuilder.build(AbstractManagedChannelImplBuilder.java:297)
	at org.apache.hadoop.hdds.scm.XceiverClientGrpc.connectToDatanode(XceiverClientGrpc.java:205)
	at org.apache.hadoop.hdds.scm.XceiverClientGrpc.connect(XceiverClientGrpc.java:158)
	at org.apache.hadoop.hdds.scm.XceiverClientManager$2.call(XceiverClientManager.java:243)
	at org.apache.hadoop.hdds.scm.XceiverClientManager$2.call(XceiverClientManager.java:224)
	at com.google.common.cache.LocalCache$LocalManualCache$1.load(LocalCache.java:4868)
	at com.google.common.cache.LocalCache$LoadingValueReference.loadFuture(LocalCache.java:3533)
	at com.google.common.cache.LocalCache$Segment.loadSync(LocalCache.java:2282)
	at com.google.common.cache.LocalCache$Segment.lockedGetOrLoad(LocalCache.java:2159)
	at com.google.common.cache.LocalCache$Segment.get(LocalCache.java:2049)
	at com.google.common.cache.LocalCache.get(LocalCache.java:3966)
	at com.google.common.cache.LocalCache$LocalManualCache.get(LocalCache.java:4863)
	at org.apache.hadoop.hdds.scm.XceiverClientManager.getClient(XceiverClientManager.java:224)
	at org.apache.hadoop.hdds.scm.XceiverClientManager.acquireClient(XceiverClientManager.java:168)
	at org.apache.hadoop.hdds.scm.XceiverClientManager.acquireClient(XceiverClientManager.java:141)
	at org.apache.hadoop.hdds.scm.storage.BlockOutputStream.<init>(BlockOutputStream.java:161)
	at org.apache.hadoop.hdds.scm.storage.ECBlockOutputStream.<init>(ECBlockOutputStream.java:73)
	at org.apache.hadoop.ozone.client.io.ECBlockOutputStreamEntry.checkStream(ECBlockOutputStreamEntry.java:100)
	at org.apache.hadoop.ozone.client.io.BlockOutputStreamEntry.write(BlockOutputStreamEntry.java:123)
	at org.apache.hadoop.ozone.client.io.ECKeyOutputStream.writeToOutputStream(ECKeyOutputStream.java:406)
	at org.apache.hadoop.ozone.client.io.ECKeyOutputStream.handleOutputStreamWrite(ECKeyOutputStream.java:390)
	at org.apache.hadoop.ozone.client.io.ECKeyOutputStream.handleWrite(ECKeyOutputStream.java:364)
	at org.apache.hadoop.ozone.client.io.ECKeyOutputStream.write(ECKeyOutputStream.java:163)
	at org.apache.hadoop.ozone.client.io.OzoneOutputStream.write(OzoneOutputStream.java:50)
	at java.io.OutputStream.write(OutputStream.java:75)
	at org.apache.hadoop.ozone.client.rpc.read.TestInputStreamBase.writeRandomBytes(TestInputStreamBase.java:205)
	at org.apache.hadoop.ozone.client.rpc.read.TestKeyInputStream.testECSeek(TestKeyInputStream.java:231)
	at org.apache.hadoop.ozone.client.rpc.read.TestKeyInputStream.testNonReplicationReads(TestKeyInputStream.java:150)
	at sun.reflect.NativeMethodAccessorImpl.invoke0(Native Method)
	at sun.reflect.NativeMethodAccessorImpl.invoke(NativeMethodAccessorImpl.java:62)
	at sun.reflect.DelegatingMethodAccessorImpl.invoke(DelegatingMethodAccessorImpl.java:43)
	at java.lang.reflect.Method.invoke(Method.java:498)
	at org.junit.runners.model.FrameworkMethod$1.runReflectiveCall(FrameworkMethod.java:59)
	at org.junit.internal.runners.model.ReflectiveCallable.run(ReflectiveCallable.java:12)
	at org.junit.runners.model.FrameworkMethod.invokeExplosively(FrameworkMethod.java:56)
	at org.junit.internal.runners.statements.InvokeMethod.evaluate(InvokeMethod.java:17)
	at org.junit.internal.runners.statements.RunBefores.evaluate(RunBefores.java:26)
	at org.junit.internal.runners.statements.RunAfters.evaluate(RunAfters.java:27)
	at org.junit.internal.runners.statements.FailOnTimeout$CallableStatement.call(FailOnTimeout.java:288)
	at org.junit.internal.runners.statements.FailOnTimeout$CallableStatement.call(FailOnTimeout.java:282)
	at java.util.concurrent.FutureTask.run(FutureTask.java:266)
	at java.lang.Thread.run(Thread.java:750)

Oct 16, 2022 1:16:55 PM org.apache.ratis.thirdparty.io.grpc.internal.ManagedChannelOrphanWrapper$ManagedChannelReference cleanQueue
SEVERE: *~*~*~ Channel ManagedChannelImpl{logId=580, target=10.1.0.60:42871} was not shutdown properly!!! ~*~*~*
    Make sure to call shutdown()/shutdownNow() and wait until awaitTermination() returns true.
java.lang.RuntimeException: ManagedChannel allocation site
	at org.apache.ratis.thirdparty.io.grpc.internal.ManagedChannelOrphanWrapper$ManagedChannelReference.<init>(ManagedChannelOrphanWrapper.java:93)
	at org.apache.ratis.thirdparty.io.grpc.internal.ManagedChannelOrphanWrapper.<init>(ManagedChannelOrphanWrapper.java:53)
	at org.apache.ratis.thirdparty.io.grpc.internal.ManagedChannelOrphanWrapper.<init>(ManagedChannelOrphanWrapper.java:44)
	at org.apache.ratis.thirdparty.io.grpc.internal.ManagedChannelImplBuilder.build(ManagedChannelImplBuilder.java:630)
	at org.apache.ratis.thirdparty.io.grpc.internal.AbstractManagedChannelImplBuilder.build(AbstractManagedChannelImplBuilder.java:297)
	at org.apache.hadoop.hdds.scm.XceiverClientGrpc.connectToDatanode(XceiverClientGrpc.java:205)
	at org.apache.hadoop.hdds.scm.XceiverClientGrpc.connect(XceiverClientGrpc.java:158)
	at org.apache.hadoop.hdds.scm.XceiverClientManager$2.call(XceiverClientManager.java:243)
	at org.apache.hadoop.hdds.scm.XceiverClientManager$2.call(XceiverClientManager.java:224)
	at com.google.common.cache.LocalCache$LocalManualCache$1.load(LocalCache.java:4868)
	at com.google.common.cache.LocalCache$LoadingValueReference.loadFuture(LocalCache.java:3533)
	at com.google.common.cache.LocalCache$Segment.loadSync(LocalCache.java:2282)
	at com.google.common.cache.LocalCache$Segment.lockedGetOrLoad(LocalCache.java:2159)
	at com.google.common.cache.LocalCache$Segment.get(LocalCache.java:2049)
	at com.google.common.cache.LocalCache.get(LocalCache.java:3966)
	at com.google.common.cache.LocalCache$LocalManualCache.get(LocalCache.java:4863)
	at org.apache.hadoop.hdds.scm.XceiverClientManager.getClient(XceiverClientManager.java:224)
	at org.apache.hadoop.hdds.scm.XceiverClientManager.acquireClient(XceiverClientManager.java:168)
	at org.apache.hadoop.hdds.scm.XceiverClientManager.acquireClientForReadData(XceiverClientManager.java:157)
	at org.apache.hadoop.hdds.scm.storage.BlockInputStream.acquireClient(BlockInputStream.java:256)
	at org.apache.hadoop.hdds.scm.storage.BlockInputStream.getChunkInfos(BlockInputStream.java:223)
	at org.apache.hadoop.hdds.scm.storage.BlockInputStream.initialize(BlockInputStream.java:146)
	at org.apache.hadoop.hdds.scm.storage.BlockInputStream.readWithStrategy(BlockInputStream.java:283)
	at org.apache.hadoop.hdds.scm.storage.ExtendedInputStream.read(ExtendedInputStream.java:54)
	at org.apache.hadoop.hdds.scm.storage.ByteArrayReader.readFromBlock(ByteArrayReader.java:57)
	at org.apache.hadoop.ozone.client.io.KeyInputStream.readWithStrategy(KeyInputStream.java:273)
	at org.apache.hadoop.ozone.client.io.KeyInputStream.read(KeyInputStream.java:240)
	at org.apache.hadoop.ozone.client.rpc.read.TestKeyInputStream.testSeek(TestKeyInputStream.java:282)
	at org.apache.hadoop.ozone.client.rpc.read.TestKeyInputStream.testNonReplicationReads(TestKeyInputStream.java:146)
	at sun.reflect.NativeMethodAccessorImpl.invoke0(Native Method)
	at sun.reflect.NativeMethodAccessorImpl.invoke(NativeMethodAccessorImpl.java:62)
	at sun.reflect.DelegatingMethodAccessorImpl.invoke(DelegatingMethodAccessorImpl.java:43)
	at java.lang.reflect.Method.invoke(Method.java:498)
	at org.junit.runners.model.FrameworkMethod$1.runReflectiveCall(FrameworkMethod.java:59)
	at org.junit.internal.runners.model.ReflectiveCallable.run(ReflectiveCallable.java:12)
	at org.junit.runners.model.FrameworkMethod.invokeExplosively(FrameworkMethod.java:56)
	at org.junit.internal.runners.statements.InvokeMethod.evaluate(InvokeMethod.java:17)
	at org.junit.internal.runners.statements.RunBefores.evaluate(RunBefores.java:26)
	at org.junit.internal.runners.statements.RunAfters.evaluate(RunAfters.java:27)
	at org.junit.internal.runners.statements.FailOnTimeout$CallableStatement.call(FailOnTimeout.java:288)
	at org.junit.internal.runners.statements.FailOnTimeout$CallableStatement.call(FailOnTimeout.java:282)
	at java.util.concurrent.FutureTask.run(FutureTask.java:266)
	at java.lang.Thread.run(Thread.java:750)

Oct 16, 2022 1:16:55 PM org.apache.ratis.thirdparty.io.grpc.internal.ManagedChannelOrphanWrapper$ManagedChannelReference cleanQueue
SEVERE: *~*~*~ Channel ManagedChannelImpl{logId=716, target=10.1.0.60:39749} was not shutdown properly!!! ~*~*~*
    Make sure to call shutdown()/shutdownNow() and wait until awaitTermination() returns true.
java.lang.RuntimeException: ManagedChannel allocation site
	at org.apache.ratis.thirdparty.io.grpc.internal.ManagedChannelOrphanWrapper$ManagedChannelReference.<init>(ManagedChannelOrphanWrapper.java:93)
	at org.apache.ratis.thirdparty.io.grpc.internal.ManagedChannelOrphanWrapper.<init>(ManagedChannelOrphanWrapper.java:53)
	at org.apache.ratis.thirdparty.io.grpc.internal.ManagedChannelOrphanWrapper.<init>(ManagedChannelOrphanWrapper.java:44)
	at org.apache.ratis.thirdparty.io.grpc.internal.ManagedChannelImplBuilder.build(ManagedChannelImplBuilder.java:630)
	at org.apache.ratis.thirdparty.io.grpc.internal.AbstractManagedChannelImplBuilder.build(AbstractManagedChannelImplBuilder.java:297)
	at org.apache.hadoop.hdds.scm.XceiverClientGrpc.connectToDatanode(XceiverClientGrpc.java:205)
	at org.apache.hadoop.hdds.scm.XceiverClientGrpc.connect(XceiverClientGrpc.java:158)
	at org.apache.hadoop.hdds.scm.XceiverClientManager$2.call(XceiverClientManager.java:243)
	at org.apache.hadoop.hdds.scm.XceiverClientManager$2.call(XceiverClientManager.java:224)
	at com.google.common.cache.LocalCache$LocalManualCache$1.load(LocalCache.java:4868)
	at com.google.common.cache.LocalCache$LoadingValueReference.loadFuture(LocalCache.java:3533)
	at com.google.common.cache.LocalCache$Segment.loadSync(LocalCache.java:2282)
	at com.google.common.cache.LocalCache$Segment.lockedGetOrLoad(LocalCache.java:2159)
	at com.google.common.cache.LocalCache$Segment.get(LocalCache.java:2049)
	at com.google.common.cache.LocalCache.get(LocalCache.java:3966)
	at com.google.common.cache.LocalCache$LocalManualCache.get(LocalCache.java:4863)
	at org.apache.hadoop.hdds.scm.XceiverClientManager.getClient(XceiverClientManager.java:224)
	at org.apache.hadoop.hdds.scm.XceiverClientManager.acquireClient(XceiverClientManager.java:168)
	at org.apache.hadoop.hdds.scm.XceiverClientManager.acquireClientForReadData(XceiverClientManager.java:157)
	at org.apache.hadoop.hdds.scm.storage.BlockInputStream.acquireClient(BlockInputStream.java:256)
	at org.apache.hadoop.hdds.scm.storage.BlockInputStream.getChunkInfos(BlockInputStream.java:223)
	at org.apache.hadoop.hdds.scm.storage.BlockInputStream.initialize(BlockInputStream.java:146)
	at org.apache.hadoop.hdds.scm.storage.BlockInputStream.readWithStrategy(BlockInputStream.java:283)
	at org.apache.hadoop.hdds.scm.storage.ExtendedInputStream.read(ExtendedInputStream.java:64)
	at org.apache.hadoop.hdds.scm.storage.ByteBufferReader.readFromBlock(ByteBufferReader.java:56)
	at org.apache.hadoop.ozone.client.io.ECBlockInputStream.readFromStream(ECBlockInputStream.java:365)
	at org.apache.hadoop.ozone.client.io.ECBlockInputStream.readWithStrategy(ECBlockInputStream.java:300)
	at org.apache.hadoop.hdds.scm.storage.ExtendedInputStream.read(ExtendedInputStream.java:64)
	at org.apache.hadoop.ozone.client.io.ECBlockInputStreamProxy.read(ECBlockInputStreamProxy.java:158)
	at org.apache.hadoop.ozone.client.io.ECBlockInputStreamProxy.read(ECBlockInputStreamProxy.java:143)
	at org.apache.hadoop.hdds.scm.storage.ByteArrayReader.readFromBlock(ByteArrayReader.java:57)
	at org.apache.hadoop.ozone.client.io.KeyInputStream.readWithStrategy(KeyInputStream.java:273)
	at org.apache.hadoop.ozone.client.io.KeyInputStream.read(KeyInputStream.java:240)
	at org.apache.hadoop.ozone.client.rpc.read.TestKeyInputStream.validate(TestKeyInputStream.java:133)
	at org.apache.hadoop.ozone.client.rpc.read.TestKeyInputStream.testECSeek(TestKeyInputStream.java:242)
	at org.apache.hadoop.ozone.client.rpc.read.TestKeyInputStream.testNonReplicationReads(TestKeyInputStream.java:150)
	at sun.reflect.NativeMethodAccessorImpl.invoke0(Native Method)
	at sun.reflect.NativeMethodAccessorImpl.invoke(NativeMethodAccessorImpl.java:62)
	at sun.reflect.DelegatingMethodAccessorImpl.invoke(DelegatingMethodAccessorImpl.java:43)
	at java.lang.reflect.Method.invoke(Method.java:498)
	at org.junit.runners.model.FrameworkMethod$1.runReflectiveCall(FrameworkMethod.java:59)
	at org.junit.internal.runners.model.ReflectiveCallable.run(ReflectiveCallable.java:12)
	at org.junit.runners.model.FrameworkMethod.invokeExplosively(FrameworkMethod.java:56)
	at org.junit.internal.runners.statements.InvokeMethod.evaluate(InvokeMethod.java:17)
	at org.junit.internal.runners.statements.RunBefores.evaluate(RunBefores.java:26)
	at org.junit.internal.runners.statements.RunAfters.evaluate(RunAfters.java:27)
	at org.junit.internal.runners.statements.FailOnTimeout$CallableStatement.call(FailOnTimeout.java:288)
	at org.junit.internal.runners.statements.FailOnTimeout$CallableStatement.call(FailOnTimeout.java:282)
	at java.util.concurrent.FutureTask.run(FutureTask.java:266)
	at java.lang.Thread.run(Thread.java:750)

]]></system-err>
  </testcase>
  <testcase name="readAfterReplication" classname="TestKeyInputStream" time="22.185">
    <system-out><![CDATA[2022-10-16 13:15:28,370 [Time-limited test] WARN  server.ServerUtils (ServerUtils.java:getScmDbDir(148)) - ozone.scm.db.dirs is not configured. We recommend adding this setting. Falling back to ozone.metadata.dirs instead.
2022-10-16 13:15:28,373 [Time-limited test] WARN  server.ServerUtils (ServerUtils.java:getScmDbDir(148)) - ozone.scm.db.dirs is not configured. We recommend adding this setting. Falling back to ozone.metadata.dirs instead.
2022-10-16 13:15:28,373 [Time-limited test] INFO  ha.SCMHANodeDetails (SCMHANodeDetails.java:loadSCMHAConfig(209)) - ServiceID for StorageContainerManager is null
2022-10-16 13:15:28,373 [Time-limited test] INFO  ha.SCMHANodeDetails (SCMHANodeDetails.java:loadSCMHAConfig(214)) - ozone.scm.default.service.id is not defined, falling back to ozone.scm.service.ids to find serviceID for StorageContainerManager if it is HA enabled cluster
2022-10-16 13:15:28,374 [Time-limited test] WARN  utils.HAUtils (HAUtils.java:getMetaDir(342)) - ozone.scm.db.dirs is not configured. We recommend adding this setting. Falling back to ozone.metadata.dirs instead.
2022-10-16 13:15:28,374 [Time-limited test] WARN  db.DBStoreBuilder (DBStoreBuilder.java:applyDBDefinition(144)) - ozone.scm.db.dirs is not configured. We recommend adding this setting. Falling back to ozone.metadata.dirs instead.
2022-10-16 13:15:28,469 [Time-limited test] INFO  net.NodeSchemaLoader (NodeSchemaLoader.java:loadSchemaFromFile(129)) - Loading schema from [jar:file:/home/runner/.m2/repository/org/apache/ozone/hdds-common/1.3.0-SNAPSHOT/hdds-common-1.3.0-SNAPSHOT.jar!/network-topology-default.xml]
2022-10-16 13:15:28,469 [Time-limited test] INFO  net.NodeSchemaLoader (NodeSchemaLoader.java:loadSchema(176)) - Loading network topology layer schema file
2022-10-16 13:15:28,479 [Time-limited test] INFO  upgrade.AbstractLayoutVersionManager (AbstractLayoutVersionManager.java:init(83)) - Initializing Layout version manager with metadata layout = DATANODE_SCHEMA_V3 (version = 4), software layout = DATANODE_SCHEMA_V3 (version = 4)
2022-10-16 13:15:28,519 [Time-limited test] INFO  reflections.Reflections (Reflections.java:scan(232)) - Reflections took 39 ms to scan 7 urls, producing 137 keys and 328 values 
2022-10-16 13:15:28,521 [Time-limited test] INFO  ha.SequenceIdGenerator (SequenceIdGenerator.java:upgradeToSequenceId(349)) - upgrade localId to 109611004723200000
2022-10-16 13:15:28,521 [Time-limited test] INFO  ha.SequenceIdGenerator (SequenceIdGenerator.java:upgradeToSequenceId(359)) - upgrade delTxnId to 0
2022-10-16 13:15:28,521 [Time-limited test] INFO  ha.SequenceIdGenerator (SequenceIdGenerator.java:upgradeToSequenceId(376)) - upgrade containerId to 0
2022-10-16 13:15:28,521 [Time-limited test] INFO  ha.SequenceIdGenerator (SequenceIdGenerator.java:<init>(220)) - Init the HA SequenceIdGenerator.
2022-10-16 13:15:28,522 [Time-limited test] INFO  node.SCMNodeManager (SCMNodeManager.java:<init>(149)) - Entering startup safe mode.
2022-10-16 13:15:28,523 [Time-limited test] INFO  algorithms.ContainerPlacementPolicyFactory (ContainerPlacementPolicyFactory.java:getPolicyInternal(86)) - Create container placement policy of type org.apache.hadoop.hdds.scm.container.placement.algorithms.SCMContainerPlacementRandom
2022-10-16 13:15:28,523 [Time-limited test] INFO  algorithms.ContainerPlacementPolicyFactory (ContainerPlacementPolicyFactory.java:getPolicyInternal(86)) - Create container placement policy of type org.apache.hadoop.hdds.scm.container.placement.algorithms.SCMContainerPlacementRackScatter
2022-10-16 13:15:28,523 [Time-limited test] INFO  pipeline.PipelineStateManagerImpl (PipelineStateManagerImpl.java:initialize(78)) - No pipeline exists in current db
2022-10-16 13:15:28,523 [Time-limited test] INFO  algorithms.LeaderChoosePolicyFactory (LeaderChoosePolicyFactory.java:getPolicy(57)) - Create leader choose policy of type org.apache.hadoop.hdds.scm.pipeline.leader.choose.algorithms.MinLeaderCountChoosePolicy
2022-10-16 13:15:28,523 [Time-limited test] INFO  algorithms.ContainerPlacementPolicyFactory (ContainerPlacementPolicyFactory.java:getPolicyInternal(86)) - Create container placement policy of type org.apache.hadoop.hdds.scm.container.placement.algorithms.SCMContainerPlacementRackScatter
2022-10-16 13:15:28,523 [Time-limited test] INFO  ha.SCMServiceManager (SCMServiceManager.java:register(42)) - Registering service BackgroundPipelineCreator.
2022-10-16 13:15:28,523 [Time-limited test] INFO  pipeline.BackgroundPipelineCreator (BackgroundPipelineCreator.java:start(124)) - Starting RatisPipelineUtilsThread.
2022-10-16 13:15:28,524 [Time-limited test] INFO  BackgroundPipelineScrubber (BackgroundSCMService.java:start(68)) - Starting BackgroundPipelineScrubber Service.
2022-10-16 13:15:28,524 [Time-limited test] INFO  ha.SCMServiceManager (SCMServiceManager.java:register(42)) - Registering service BackgroundPipelineScrubber.
2022-10-16 13:15:28,524 [Time-limited test] INFO  ExpiredContainerReplicaOpScrubber (BackgroundSCMService.java:start(68)) - Starting ExpiredContainerReplicaOpScrubber Service.
2022-10-16 13:15:28,524 [Time-limited test] INFO  ha.SCMServiceManager (SCMServiceManager.java:register(42)) - Registering service ExpiredContainerReplicaOpScrubber.
2022-10-16 13:15:28,525 [Time-limited test] INFO  algorithms.PipelineChoosePolicyFactory (PipelineChoosePolicyFactory.java:createPipelineChoosePolicyFromClass(73)) - Create pipeline choose policy of type org.apache.hadoop.hdds.scm.pipeline.choose.algorithms.RandomPipelineChoosePolicy
2022-10-16 13:15:28,525 [Time-limited test] INFO  ha.SCMServiceManager (SCMServiceManager.java:register(42)) - Registering service SCMBlockDeletingService.
2022-10-16 13:15:28,525 [Time-limited test] INFO  replication.ReplicationManager (ReplicationManager.java:start(223)) - Starting Replication Monitor Thread.
2022-10-16 13:15:28,526 [Time-limited test] INFO  ha.SCMServiceManager (SCMServiceManager.java:register(42)) - Registering service ReplicationManager.
2022-10-16 13:15:28,526 [Time-limited test] INFO  safemode.ContainerSafeModeRule (ContainerSafeModeRule.java:<init>(89)) - containers with one replica threshold count 0
2022-10-16 13:15:28,527 [Time-limited test] INFO  safemode.HealthyPipelineSafeModeRule (HealthyPipelineSafeModeRule.java:initializeRule(169)) - Total pipeline count is 0, healthy pipeline threshold count is 1
2022-10-16 13:15:28,531 [ReplicationMonitor] INFO  replication.ReplicationManager (ReplicationManager.java:processAll(291)) - Replication Manager is not ready to run until 3000ms after safemode exit
2022-10-16 13:15:28,531 [Time-limited test] INFO  safemode.OneReplicaPipelineSafeModeRule (OneReplicaPipelineSafeModeRule.java:initializeRule(180)) - Total pipeline count is 0, pipeline's with at least one datanode reported threshold count is 0
2022-10-16 13:15:28,532 [Time-limited test] INFO  ipc.CallQueueManager (CallQueueManager.java:<init>(90)) - Using callQueue: class java.util.concurrent.LinkedBlockingQueue, queueCapacity: 2000, scheduler: class org.apache.hadoop.ipc.DefaultRpcScheduler, ipcBackoff: false.
2022-10-16 13:15:28,534 [Socket Reader #1 for port 0] INFO  ipc.Server (Server.java:run(1273)) - Starting Socket Reader #1 for port 0
2022-10-16 13:15:28,535 [Listener at 0.0.0.0/34355] INFO  ipc.CallQueueManager (CallQueueManager.java:<init>(90)) - Using callQueue: class java.util.concurrent.LinkedBlockingQueue, queueCapacity: 2000, scheduler: class org.apache.hadoop.ipc.DefaultRpcScheduler, ipcBackoff: false.
2022-10-16 13:15:28,536 [Listener at 0.0.0.0/43847] INFO  ipc.CallQueueManager (CallQueueManager.java:<init>(90)) - Using callQueue: class java.util.concurrent.LinkedBlockingQueue, queueCapacity: 2000, scheduler: class org.apache.hadoop.ipc.DefaultRpcScheduler, ipcBackoff: false.
2022-10-16 13:15:28,536 [Socket Reader #1 for port 0] INFO  ipc.Server (Server.java:run(1273)) - Starting Socket Reader #1 for port 0
2022-10-16 13:15:28,540 [Socket Reader #1 for port 0] INFO  ipc.Server (Server.java:run(1273)) - Starting Socket Reader #1 for port 0
2022-10-16 13:15:28,553 [Listener at 0.0.0.0/43713] INFO  ha.SCMServiceManager (SCMServiceManager.java:register(42)) - Registering service ContainerBalancer.
2022-10-16 13:15:28,553 [Listener at 0.0.0.0/43713] INFO  server.StorageContainerManager (StorageContainerManager.java:<init>(410)) - 
Container Balancer status:
Key                            Value
Running                        false
Container Balancer Configuration values:
Key                                                Value
Threshold                                          10
Max Datanodes to Involve per Iteration(percent)    20
Max Size to Move per Iteration                     500GB
Max Size Entering Target per Iteration             26GB
Max Size Leaving Source per Iteration              26GB

2022-10-16 13:15:28,553 [Listener at 0.0.0.0/43713] WARN  events.EventQueue (EventQueue.java:fireEvent(216)) - No event handler registered for event TypedEvent{payloadType=SafeModeStatus, name='Safe mode status'}
2022-10-16 13:15:28,553 [Listener at 0.0.0.0/43713] INFO  ha.SCMContext (SCMContext.java:updateSafeModeStatus(228)) - Update SafeModeStatus from SafeModeStatus{safeModeStatus=true, preCheckPassed=false} to SafeModeStatus{safeModeStatus=true, preCheckPassed=false}.
2022-10-16 13:15:28,553 [Listener at 0.0.0.0/43713] INFO  server.StorageContainerManager (StorageContainerManager.java:start(1436)) - StorageContainerLocationProtocol RPC server is listening at /0.0.0.0:43713
2022-10-16 13:15:28,554 [Listener at 0.0.0.0/43713] WARN  impl.MetricsConfig (MetricsConfig.java:loadFirst(136)) - Cannot locate configuration: tried hadoop-metrics2-storagecontainermanager.properties,hadoop-metrics2.properties
2022-10-16 13:15:28,555 [Listener at 0.0.0.0/43713] INFO  impl.MetricsSystemImpl (MetricsSystemImpl.java:startTimer(378)) - Scheduled Metric snapshot period at 10 second(s).
2022-10-16 13:15:28,555 [Listener at 0.0.0.0/43713] INFO  impl.MetricsSystemImpl (MetricsSystemImpl.java:start(191)) - StorageContainerManager metrics system started
2022-10-16 13:15:28,585 [Listener at 0.0.0.0/43713] INFO  impl.MetricsSinkAdapter (MetricsSinkAdapter.java:start(204)) - Sink prometheus started
2022-10-16 13:15:28,589 [Listener at 0.0.0.0/43713] INFO  impl.MetricsSystemImpl (MetricsSystemImpl.java:registerSink(305)) - Registered sink prometheus
2022-10-16 13:15:28,600 [Listener at 0.0.0.0/43713] INFO  server.SCMClientProtocolServer (SCMClientProtocolServer.java:start(170)) - RPC server for Client  is listening at /0.0.0.0:43713
2022-10-16 13:15:28,601 [IPC Server Responder] INFO  ipc.Server (Server.java:run(1512)) - IPC Server Responder: starting
2022-10-16 13:15:28,601 [IPC Server listener on 0] INFO  ipc.Server (Server.java:run(1352)) - IPC Server listener on 0: starting
2022-10-16 13:15:28,605 [Listener at 0.0.0.0/43713] INFO  server.StorageContainerManager (StorageContainerManager.java:start(1451)) - ScmBlockLocationProtocol RPC server is listening at /0.0.0.0:43847
2022-10-16 13:15:28,606 [Listener at 0.0.0.0/43713] INFO  server.SCMBlockProtocolServer (SCMBlockProtocolServer.java:start(152)) - RPC server for Block Protocol is listening at /0.0.0.0:43847
2022-10-16 13:15:28,606 [IPC Server Responder] INFO  ipc.Server (Server.java:run(1512)) - IPC Server Responder: starting
2022-10-16 13:15:28,610 [IPC Server listener on 0] INFO  ipc.Server (Server.java:run(1352)) - IPC Server listener on 0: starting
2022-10-16 13:15:28,617 [Listener at 0.0.0.0/43713] INFO  server.SCMDatanodeProtocolServer (SCMDatanodeProtocolServer.java:start(186)) - ScmDatanodeProtocol RPC server for DataNodes is listening at /0.0.0.0:34355
2022-10-16 13:15:28,618 [IPC Server Responder] INFO  ipc.Server (Server.java:run(1512)) - IPC Server Responder: starting
2022-10-16 13:15:28,620 [IPC Server listener on 0] INFO  ipc.Server (Server.java:run(1352)) - IPC Server listener on 0: starting
2022-10-16 13:15:28,625 [org.apache.hadoop.util.JvmPauseMonitor$Monitor@617c93dc] INFO  util.JvmPauseMonitor (JvmPauseMonitor.java:run(188)) - Starting JVM pause monitor
2022-10-16 13:15:28,626 [Listener at 0.0.0.0/43713] INFO  http.BaseHttpServer (BaseHttpServer.java:newHttpServer2BuilderForOzone(213)) - Starting Web-server for scm at: http://0.0.0.0:0
2022-10-16 13:15:28,626 [Listener at 0.0.0.0/43713] INFO  http.BaseHttpServer (BaseHttpServer.java:<init>(108)) - Hadoop Security Enabled: false Ozone Security Enabled: false Ozone HTTP Security Enabled: false 
2022-10-16 13:15:28,627 [Listener at 0.0.0.0/43713] WARN  server.AuthenticationFilter (AuthenticationFilter.java:constructSecretProvider(240)) - Unable to initialize FileSignerSecretProvider, falling back to use random secrets. Reason: Could not read signature secret file: /home/runner/hadoop-http-auth-signature-secret
2022-10-16 13:15:28,628 [Listener at 0.0.0.0/43713] WARN  http.HttpRequestLog (HttpRequestLog.java:getRequestLog(103)) - Jetty request log can only be enabled using Log4j
2022-10-16 13:15:28,630 [Listener at 0.0.0.0/43713] INFO  http.HttpServer2 (HttpServer2.java:addGlobalFilter(1031)) - Added global filter 'safety' (class=org.apache.hadoop.hdds.server.http.HttpServer2$QuotingInputFilter)
2022-10-16 13:15:28,630 [Listener at 0.0.0.0/43713] INFO  http.HttpServer2 (HttpServer2.java:addFilter(1007)) - Added filter static_user_filter (class=org.apache.hadoop.http.lib.StaticUserWebFilter$StaticUserFilter) to context scm
2022-10-16 13:15:28,630 [Listener at 0.0.0.0/43713] INFO  http.HttpServer2 (HttpServer2.java:addFilter(1015)) - Added filter static_user_filter (class=org.apache.hadoop.http.lib.StaticUserWebFilter$StaticUserFilter) to context logs
2022-10-16 13:15:28,630 [Listener at 0.0.0.0/43713] INFO  http.HttpServer2 (HttpServer2.java:addFilter(1015)) - Added filter static_user_filter (class=org.apache.hadoop.http.lib.StaticUserWebFilter$StaticUserFilter) to context static
2022-10-16 13:15:28,631 [Listener at 0.0.0.0/43713] INFO  http.HttpServer2 (HttpServer2.java:bindListener(1250)) - Jetty bound to port 39037
2022-10-16 13:15:28,631 [Listener at 0.0.0.0/43713] INFO  server.Server (Server.java:doStart(375)) - jetty-9.4.43.v20210629; built: 2021-06-30T11:07:22.254Z; git: 526006ecfa3af7f1a27ef3a288e2bef7ea9dd7e8; jvm 1.8.0_345-b01
2022-10-16 13:15:28,632 [Listener at 0.0.0.0/43713] INFO  server.session (DefaultSessionIdManager.java:doStart(334)) - DefaultSessionIdManager workerName=node0
2022-10-16 13:15:28,632 [Listener at 0.0.0.0/43713] INFO  server.session (DefaultSessionIdManager.java:doStart(339)) - No SessionScavenger set, using defaults
2022-10-16 13:15:28,632 [Listener at 0.0.0.0/43713] INFO  server.session (HouseKeeper.java:startScavenging(132)) - node0 Scavenging every 660000ms
2022-10-16 13:15:28,633 [Listener at 0.0.0.0/43713] INFO  handler.ContextHandler (ContextHandler.java:doStart(915)) - Started o.e.j.s.ServletContextHandler@55c9b1c9{logs,/logs,file:///home/runner/work/ozone/ozone/hadoop-ozone/integration-test/target/log,AVAILABLE}
2022-10-16 13:15:28,633 [Listener at 0.0.0.0/43713] INFO  handler.ContextHandler (ContextHandler.java:doStart(915)) - Started o.e.j.s.ServletContextHandler@31fee8b8{static,/static,file:///home/runner/work/ozone/ozone/hadoop-ozone/integration-test/target/test-classes/webapps/static,AVAILABLE}
2022-10-16 13:15:28,635 [Listener at 0.0.0.0/43713] INFO  handler.ContextHandler (ContextHandler.java:doStart(915)) - Started o.e.j.w.WebAppContext@7d4a28b1{scm,/,file:///home/runner/work/ozone/ozone/hadoop-ozone/integration-test/target/test-classes/webapps/scm/,AVAILABLE}{file:/home/runner/work/ozone/ozone/hadoop-ozone/integration-test/target/test-classes/webapps/scm}
2022-10-16 13:15:28,636 [Listener at 0.0.0.0/43713] INFO  server.AbstractConnector (AbstractConnector.java:doStart(331)) - Started ServerConnector@28bebe31{HTTP/1.1, (http/1.1)}{0.0.0.0:39037}
2022-10-16 13:15:28,637 [Listener at 0.0.0.0/43713] INFO  server.Server (Server.java:doStart(415)) - Started @109849ms
2022-10-16 13:15:28,637 [Listener at 0.0.0.0/43713] WARN  impl.MetricsSystemImpl (MetricsSystemImpl.java:register(279)) - Sink prometheus already exists!
2022-10-16 13:15:28,637 [Listener at 0.0.0.0/43713] INFO  http.BaseHttpServer (BaseHttpServer.java:updateConnectorAddress(333)) - HTTP server of scm listening at http://0.0.0.0:39037
2022-10-16 13:15:28,637 [Listener at 0.0.0.0/43713] WARN  server.ServerUtils (ServerUtils.java:getDBPath(225)) - ozone.om.db.dirs is not configured. We recommend adding this setting. Falling back to ozone.metadata.dirs instead.
2022-10-16 13:15:28,639 [Listener at 0.0.0.0/43713] INFO  ha.OMHANodeDetails (OMHANodeDetails.java:loadOMHAConfig(115)) - ozone.om.internal.service.id is not defined, falling back to ozone.om.service.ids to find serviceID for OzoneManager if it is HA enabled cluster
2022-10-16 13:15:28,640 [Listener at 0.0.0.0/43713] INFO  ha.OMHANodeDetails (OMHANodeDetails.java:loadOMHAConfig(226)) - Configuration does not have ozone.om.address set. Falling back to the default OM address /127.0.0.1:0
2022-10-16 13:15:28,640 [Listener at 0.0.0.0/43713] INFO  ha.OMHANodeDetails (OMHANodeDetails.java:getOMNodeDetailsForNonHA(254)) - OM Service ID is not set. Setting it to the default ID: omServiceIdDefault
2022-10-16 13:15:28,640 [Listener at 0.0.0.0/43713] INFO  ha.OMHANodeDetails (OMHANodeDetails.java:getOMNodeDetailsForNonHA(261)) - OM Node ID is not set. Setting it to the default ID: om1
2022-10-16 13:15:28,640 [Listener at 0.0.0.0/43713] WARN  server.ServerUtils (ServerUtils.java:getDBPath(225)) - ozone.om.db.dirs is not configured. We recommend adding this setting. Falling back to ozone.metadata.dirs instead.
2022-10-16 13:15:28,640 [Listener at 0.0.0.0/43713] INFO  upgrade.AbstractLayoutVersionManager (AbstractLayoutVersionManager.java:init(83)) - Initializing Layout version manager with metadata layout = MULTITENANCY_SCHEMA (version = 3), software layout = MULTITENANCY_SCHEMA (version = 3)
2022-10-16 13:15:28,694 [Listener at 0.0.0.0/43713] INFO  reflections.Reflections (Reflections.java:scan(232)) - Reflections took 53 ms to scan 2 urls, producing 154 keys and 428 values [using 2 cores]
2022-10-16 13:15:28,694 [Listener at 0.0.0.0/43713] INFO  upgrade.OMLayoutVersionManager (OMLayoutVersionManager.java:lambda$0(115)) - Skipping Upgrade Action MockOmUpgradeAction since it has been finalized.
2022-10-16 13:15:28,694 [Listener at 0.0.0.0/43713] WARN  server.ServerUtils (ServerUtils.java:getDBPath(225)) - ozone.om.db.dirs is not configured. We recommend adding this setting. Falling back to ozone.metadata.dirs instead.
2022-10-16 13:15:28,695 [Listener at 0.0.0.0/43713] INFO  proxy.SCMBlockLocationFailoverProxyProvider (SCMBlockLocationFailoverProxyProvider.java:<init>(114)) - Created block location fail-over proxy with 1 nodes: [nodeId=scmNodeId,nodeAddress=/0.0.0.0:43847]
2022-10-16 13:15:28,698 [Listener at 0.0.0.0/43713] INFO  proxy.SCMBlockLocationFailoverProxyProvider (SCMBlockLocationFailoverProxyProvider.java:<init>(114)) - Created block location fail-over proxy with 1 nodes: [nodeId=scmNodeId,nodeAddress=/0.0.0.0:43847]
2022-10-16 13:15:28,703 [Listener at 0.0.0.0/43713] WARN  server.ServerUtils (ServerUtils.java:getDBPath(225)) - ozone.om.db.dirs is not configured. We recommend adding this setting. Falling back to ozone.metadata.dirs instead.
2022-10-16 13:15:28,704 [Listener at 0.0.0.0/43713] INFO  codec.OmKeyInfoCodec (OmKeyInfoCodec.java:<init>(49)) - OmKeyInfoCodec ignorePipeline = true
2022-10-16 13:15:28,705 [Listener at 0.0.0.0/43713] INFO  codec.RepeatedOmKeyInfoCodec (RepeatedOmKeyInfoCodec.java:<init>(41)) - RepeatedOmKeyInfoCodec ignorePipeline = true
2022-10-16 13:15:28,856 [Listener at 0.0.0.0/43713] INFO  om.OzoneManager (OzoneManager.java:instantiateServices(712)) - S3 Multi-Tenancy is disabled
2022-10-16 13:15:28,857 [Listener at 0.0.0.0/43713] INFO  om.OzoneManager (OzoneManager.java:addS3GVolumeToDB(4386)) - Created Volume s3v With Owner runner required for S3Gateway operations.
2022-10-16 13:15:28,857 [Listener at 0.0.0.0/43713] WARN  server.ServerUtils (ServerUtils.java:getDefaultRatisDirectory(237)) - Storage directory for Ratis is not configured. It is a good idea to map this to an SSD disk. Falling back to ozone.metadata.dirs
2022-10-16 13:15:28,857 [Listener at 0.0.0.0/43713] WARN  utils.OzoneManagerRatisUtils (OzoneManagerRatisUtils.java:getOMRatisSnapshotDirectory(434)) - ozone.om.ratis.snapshot.dir is not configured. Falling back to ozone.metadata.dirs config
2022-10-16 13:15:28,859 [Listener at 0.0.0.0/43713] WARN  server.ServerUtils (ServerUtils.java:getDefaultRatisDirectory(237)) - Storage directory for Ratis is not configured. It is a good idea to map this to an SSD disk. Falling back to ozone.metadata.dirs
2022-10-16 13:15:28,860 [Listener at 0.0.0.0/43713] INFO  ratis.OzoneManagerRatisServer (OzoneManagerRatisServer.java:<init>(160)) - Instantiating OM Ratis server with groupID: omServiceIdDefault and peers: localhost:9872
2022-10-16 13:15:28,861 [Listener at 0.0.0.0/43713] INFO  ratis.OzoneManagerStateMachine (OzoneManagerStateMachine.java:loadSnapshotInfoFromDB(632)) - LastAppliedIndex is set from TransactionInfo from OM DB as (t:0, i:~)
2022-10-16 13:15:28,861 [Listener at 0.0.0.0/43713] INFO  server.RaftServer (ConfUtils.java:logGet(46)) - raft.rpc.type = GRPC (default)
2022-10-16 13:15:28,861 [Listener at 0.0.0.0/43713] INFO  grpc.GrpcFactory (GrpcFactory.java:checkPooledByteBufAllocatorUseCacheForAllThreads(48)) - PERFORMANCE WARNING: useCacheForAllThreads is true that may cause Netty to create a lot garbage objects and, as a result, trigger GC.
	It is recommended to disable useCacheForAllThreads by setting -Dorg.apache.ratis.thirdparty.io.netty.allocator.useCacheForAllThreads=false in command line.
2022-10-16 13:15:28,862 [Listener at 0.0.0.0/43713] INFO  grpc.GrpcConfigKeys (ConfUtils.java:logGet(46)) - raft.grpc.admin.port = -1 (default)
2022-10-16 13:15:28,862 [Listener at 0.0.0.0/43713] INFO  grpc.GrpcConfigKeys (ConfUtils.java:logGet(46)) - raft.grpc.server.port = 9872 (custom)
2022-10-16 13:15:28,862 [Listener at 0.0.0.0/43713] INFO  grpc.GrpcConfigKeys (ConfUtils.java:logGet(46)) - raft.grpc.client.port = -1 (default)
2022-10-16 13:15:28,862 [Listener at 0.0.0.0/43713] INFO  grpc.GrpcConfigKeys (ConfUtils.java:logGet(46)) - raft.grpc.server.port = 9872 (custom)
2022-10-16 13:15:28,862 [Listener at 0.0.0.0/43713] INFO  grpc.GrpcConfigKeys (ConfUtils.java:logGet(46)) - raft.grpc.server.port = 9872 (custom)
2022-10-16 13:15:28,862 [Listener at 0.0.0.0/43713] INFO  server.GrpcService (ConfUtils.java:logGet(46)) - raft.grpc.message.size.max = 33554432 (custom)
2022-10-16 13:15:28,862 [Listener at 0.0.0.0/43713] INFO  server.RaftServerConfigKeys (ConfUtils.java:logGet(46)) - raft.server.log.appender.buffer.byte-limit = 33554432 (custom)
2022-10-16 13:15:28,862 [Listener at 0.0.0.0/43713] INFO  server.GrpcService (ConfUtils.java:logGet(46)) - raft.grpc.flow.control.window = 1MB (=1048576) (default)
2022-10-16 13:15:28,862 [Listener at 0.0.0.0/43713] INFO  server.RaftServerConfigKeys (ConfUtils.java:logGet(46)) - raft.server.rpc.request.timeout = 3000ms (default)
2022-10-16 13:15:28,862 [Listener at 0.0.0.0/43713] INFO  grpc.GrpcConfigKeys (ConfUtils.java:logGet(46)) - raft.grpc.server.async.request.thread.pool.cached = true (default)
2022-10-16 13:15:28,862 [Listener at 0.0.0.0/43713] INFO  grpc.GrpcConfigKeys (ConfUtils.java:logGet(46)) - raft.grpc.server.async.request.thread.pool.size = 32 (default)
2022-10-16 13:15:28,864 [Listener at 0.0.0.0/43713] INFO  impl.DataStreamServerImpl (ConfUtils.java:logGet(46)) - raft.datastream.type = DISABLED (default)
2022-10-16 13:15:28,865 [Listener at 0.0.0.0/43713] INFO  server.RaftServerConfigKeys (ConfUtils.java:logGet(46)) - raft.server.threadpool.proxy.cached = true (default)
2022-10-16 13:15:28,865 [Listener at 0.0.0.0/43713] INFO  server.RaftServerConfigKeys (ConfUtils.java:logGet(46)) - raft.server.threadpool.proxy.size = 0 (default)
2022-10-16 13:15:28,865 [Listener at 0.0.0.0/43713] INFO  server.RaftServerConfigKeys (ConfUtils.java:logGet(46)) - raft.server.rpc.slowness.timeout = 120s (custom)
2022-10-16 13:15:28,865 [Listener at 0.0.0.0/43713] INFO  server.RaftServerConfigKeys (ConfUtils.java:logGet(46)) - raft.server.leaderelection.leader.step-down.wait-time = 10s (default)
2022-10-16 13:15:28,865 [Listener at 0.0.0.0/43713] INFO  server.RaftServerConfigKeys (ConfUtils.java:logGet(46)) - raft.server.storage.dir = [/home/runner/work/ozone/ozone/hadoop-ozone/integration-test/target/test-dir/MiniOzoneClusterImpl-cf870487-680b-486b-bad8-7b6ba16bedf6/ozone-meta/ratis] (custom)
2022-10-16 13:15:28,866 [Listener at 0.0.0.0/43713] INFO  server.RaftServer (RaftServerProxy.java:addNew(96)) - om1: addNew group-C5BA1605619E:[om1|rpc:localhost:9872|priority:0] returns group-C5BA1605619E:java.util.concurrent.CompletableFuture@7a950fe[Not completed]
2022-10-16 13:15:28,866 [Listener at 0.0.0.0/43713] INFO  om.OzoneManager (OzoneManager.java:initializeRatisServer(1975)) - OzoneManager Ratis server initialized at port 9872
2022-10-16 13:15:28,866 [pool-636-thread-1] INFO  server.RaftServer$Division (RaftServerImpl.java:<init>(190)) - om1: new RaftServerImpl for group-C5BA1605619E:[om1|rpc:localhost:9872|priority:0] with OzoneManagerStateMachine:uninitialized
2022-10-16 13:15:28,866 [pool-636-thread-1] INFO  server.RaftServerConfigKeys (ConfUtils.java:logGet(46)) - raft.server.rpc.timeout.min = 1s (custom)
2022-10-16 13:15:28,866 [pool-636-thread-1] INFO  server.RaftServerConfigKeys (ConfUtils.java:logGet(46)) - raft.server.rpc.timeout.max = 1200ms (custom)
2022-10-16 13:15:28,866 [pool-636-thread-1] INFO  server.RaftServerConfigKeys (ConfUtils.java:logGet(46)) - raft.server.rpc.sleep.time = 25ms (default)
2022-10-16 13:15:28,866 [pool-636-thread-1] INFO  server.RaftServerConfigKeys (ConfUtils.java:logGet(46)) - raft.server.rpc.slowness.timeout = 120s (custom)
2022-10-16 13:15:28,866 [pool-636-thread-1] INFO  server.RaftServerConfigKeys (ConfUtils.java:logGet(46)) - raft.server.leaderelection.leader.step-down.wait-time = 10s (default)
2022-10-16 13:15:28,866 [pool-636-thread-1] INFO  server.RaftServerConfigKeys (ConfUtils.java:logGet(46)) - raft.server.sleep.deviation.threshold = 300ms (default)
2022-10-16 13:15:28,866 [pool-636-thread-1] INFO  server.RaftServer$Division (ServerState.java:<init>(107)) - om1@group-C5BA1605619E: ConfigurationManager, init=-1: [om1|rpc:localhost:9872|priority:0], old=null, confs=<EMPTY_MAP>
2022-10-16 13:15:28,867 [pool-636-thread-1] INFO  server.RaftServerConfigKeys (ConfUtils.java:logGet(46)) - raft.server.storage.dir = [/home/runner/work/ozone/ozone/hadoop-ozone/integration-test/target/test-dir/MiniOzoneClusterImpl-cf870487-680b-486b-bad8-7b6ba16bedf6/ozone-meta/ratis] (custom)
2022-10-16 13:15:28,867 [pool-636-thread-1] INFO  server.RaftServerConfigKeys (ConfUtils.java:logGet(46)) - raft.server.log.corruption.policy = EXCEPTION (default)
2022-10-16 13:15:28,867 [pool-636-thread-1] INFO  server.RaftServerConfigKeys (ConfUtils.java:logGet(46)) - raft.server.storage.free-space.min = 0MB (=0) (default)
2022-10-16 13:15:28,867 [Listener at 0.0.0.0/43713] INFO  om.OzoneManager (OzoneManager.java:getRpcServer(1101)) - Creating RPC Server
2022-10-16 13:15:28,867 [pool-636-thread-1] INFO  storage.RaftStorageDirectory (RaftStorageDirectoryImpl.java:analyzeStorage(135)) - The storage directory /home/runner/work/ozone/ozone/hadoop-ozone/integration-test/target/test-dir/MiniOzoneClusterImpl-cf870487-680b-486b-bad8-7b6ba16bedf6/ozone-meta/ratis/bf265839-605b-3f16-9796-c5ba1605619e does not exist. Creating ...
2022-10-16 13:15:28,868 [pool-636-thread-1] INFO  storage.RaftStorageDirectory (RaftStorageDirectoryImpl.java:tryLock(230)) - Lock on /home/runner/work/ozone/ozone/hadoop-ozone/integration-test/target/test-dir/MiniOzoneClusterImpl-cf870487-680b-486b-bad8-7b6ba16bedf6/ozone-meta/ratis/bf265839-605b-3f16-9796-c5ba1605619e/in_use.lock acquired by nodename 44550@fv-az308-250
2022-10-16 13:15:28,875 [pool-636-thread-1] INFO  storage.RaftStorage (RaftStorageImpl.java:format(89)) - Storage directory /home/runner/work/ozone/ozone/hadoop-ozone/integration-test/target/test-dir/MiniOzoneClusterImpl-cf870487-680b-486b-bad8-7b6ba16bedf6/ozone-meta/ratis/bf265839-605b-3f16-9796-c5ba1605619e has been successfully formatted.
2022-10-16 13:15:28,875 [pool-636-thread-1] INFO  server.RaftServerConfigKeys (ConfUtils.java:logGet(46)) - raft.server.notification.no-leader.timeout = 120s (custom)
2022-10-16 13:15:28,875 [pool-636-thread-1] INFO  server.RaftServerConfigKeys (ConfUtils.java:logGet(46)) - raft.server.log.use.memory = false (default)
2022-10-16 13:15:28,875 [pool-636-thread-1] INFO  server.RaftServerConfigKeys (ConfUtils.java:logGet(46)) - raft.server.log.purge.gap = 1000000 (custom)
2022-10-16 13:15:28,875 [pool-636-thread-1] INFO  server.RaftServerConfigKeys (ConfUtils.java:logGet(46)) - raft.server.log.appender.buffer.byte-limit = 33554432 (custom)
2022-10-16 13:15:28,875 [pool-636-thread-1] INFO  server.RaftServerConfigKeys (ConfUtils.java:logGet(46)) - raft.server.log.statemachine.data.read.timeout = 1000ms (default)
2022-10-16 13:15:28,875 [pool-636-thread-1] INFO  server.RaftServerConfigKeys (ConfUtils.java:logGet(46)) - raft.server.log.segment.size.max = 4194304 (custom)
2022-10-16 13:15:28,876 [pool-636-thread-1] INFO  server.RaftServerConfigKeys (ConfUtils.java:logGet(46)) - raft.server.log.segment.cache.num.max = 2 (custom)
2022-10-16 13:15:28,876 [pool-636-thread-1] INFO  server.RaftServerConfigKeys (ConfUtils.java:logGet(46)) - raft.server.log.segment.cache.size.max = 200MB (=209715200) (default)
2022-10-16 13:15:28,876 [pool-636-thread-1] INFO  segmented.SegmentedRaftLogWorker (SegmentedRaftLogWorker.java:<init>(187)) - new om1@group-C5BA1605619E-SegmentedRaftLogWorker for RaftStorageImpl:Storage Directory /home/runner/work/ozone/ozone/hadoop-ozone/integration-test/target/test-dir/MiniOzoneClusterImpl-cf870487-680b-486b-bad8-7b6ba16bedf6/ozone-meta/ratis/bf265839-605b-3f16-9796-c5ba1605619e
2022-10-16 13:15:28,876 [pool-636-thread-1] INFO  server.RaftServerConfigKeys (ConfUtils.java:logGet(46)) - raft.server.log.queue.byte-limit = 64MB (=67108864) (default)
2022-10-16 13:15:28,876 [pool-636-thread-1] INFO  server.RaftServerConfigKeys (ConfUtils.java:logGet(46)) - raft.server.log.queue.element-limit = 4096 (default)
2022-10-16 13:15:28,876 [pool-636-thread-1] INFO  server.RaftServerConfigKeys (ConfUtils.java:logGet(46)) - raft.server.log.segment.size.max = 4194304 (custom)
2022-10-16 13:15:28,876 [pool-636-thread-1] INFO  server.RaftServerConfigKeys (ConfUtils.java:logGet(46)) - raft.server.log.preallocated.size = 4194304 (custom)
2022-10-16 13:15:28,876 [pool-636-thread-1] INFO  server.RaftServerConfigKeys (ConfUtils.java:logGet(46)) - raft.server.log.force.sync.num = 128 (default)
2022-10-16 13:15:28,876 [pool-636-thread-1] INFO  server.RaftServerConfigKeys (ConfUtils.java:logGet(46)) - raft.server.log.statemachine.data.sync = true (default)
2022-10-16 13:15:28,876 [pool-636-thread-1] INFO  server.RaftServerConfigKeys (ConfUtils.java:logGet(46)) - raft.server.log.statemachine.data.sync.timeout = 10s (default)
2022-10-16 13:15:28,876 [pool-636-thread-1] INFO  server.RaftServerConfigKeys (ConfUtils.java:logGet(46)) - raft.server.log.statemachine.data.sync.timeout.retry = -1 (default)
2022-10-16 13:15:28,877 [pool-636-thread-1] INFO  server.RaftServerConfigKeys (ConfUtils.java:logGet(46)) - raft.server.log.write.buffer.size = 64KB (=65536) (default)
2022-10-16 13:15:28,877 [pool-636-thread-1] INFO  server.RaftServerConfigKeys (ConfUtils.java:logGet(46)) - raft.server.log.unsafe-flush.enabled = false (default)
2022-10-16 13:15:28,877 [pool-636-thread-1] INFO  server.RaftServerConfigKeys (ConfUtils.java:logGet(46)) - raft.server.log.statemachine.data.caching.enabled = false (default)
2022-10-16 13:15:28,877 [pool-636-thread-1] INFO  segmented.SegmentedRaftLogWorker (SegmentedRaftLogWorker.java:lambda$new$0(135)) - om1@group-C5BA1605619E-SegmentedRaftLogWorker: flushIndex: setUnconditionally 0 -> -1
2022-10-16 13:15:28,877 [pool-636-thread-1] INFO  segmented.SegmentedRaftLogWorker (SegmentedRaftLogWorker.java:lambda$new$0(135)) - om1@group-C5BA1605619E-SegmentedRaftLogWorker: safeCacheEvictIndex: setUnconditionally 0 -> -1
2022-10-16 13:15:28,881 [pool-636-thread-1] INFO  server.RaftServerConfigKeys (ConfUtils.java:logGet(46)) - raft.server.snapshot.auto.trigger.enabled = true (custom)
2022-10-16 13:15:28,881 [pool-636-thread-1] INFO  server.RaftServerConfigKeys (ConfUtils.java:logGet(46)) - raft.server.snapshot.auto.trigger.threshold = 400000 (default)
2022-10-16 13:15:28,881 [pool-636-thread-1] INFO  server.RaftServerConfigKeys (ConfUtils.java:logGet(46)) - raft.server.snapshot.retention.file.num = -1 (default)
2022-10-16 13:15:28,881 [pool-636-thread-1] INFO  server.RaftServerConfigKeys (ConfUtils.java:logGet(46)) - raft.server.log.purge.upto.snapshot.index = true (custom)
2022-10-16 13:15:28,881 [pool-636-thread-1] INFO  server.RaftServerConfigKeys (ConfUtils.java:logGet(46)) - raft.server.retrycache.expirytime = 300s (custom)
2022-10-16 13:15:28,882 [pool-636-thread-1] INFO  server.RaftServerConfigKeys (ConfUtils.java:logGet(46)) - raft.server.retrycache.statistics.expirytime = 100μs (default)
2022-10-16 13:15:28,883 [pool-636-thread-1] INFO  server.RaftServerConfigKeys (ConfUtils.java:logGet(46)) - raft.server.log.appender.install.snapshot.enabled = false (custom)
2022-10-16 13:15:28,883 [pool-636-thread-1] INFO  server.RaftServerConfigKeys (ConfUtils.java:logGet(46)) - raft.server.threadpool.server.cached = true (default)
2022-10-16 13:15:28,883 [pool-636-thread-1] INFO  server.RaftServerConfigKeys (ConfUtils.java:logGet(46)) - raft.server.threadpool.server.size = 0 (default)
2022-10-16 13:15:28,883 [pool-636-thread-1] INFO  server.RaftServerConfigKeys (ConfUtils.java:logGet(46)) - raft.server.threadpool.client.cached = true (default)
2022-10-16 13:15:28,883 [pool-636-thread-1] INFO  server.RaftServerConfigKeys (ConfUtils.java:logGet(46)) - raft.server.threadpool.client.size = 0 (default)
2022-10-16 13:15:29,085 [ReplicationMonitor] INFO  replication.ReplicationManager (ReplicationManager.java:processAll(324)) - Replication Monitor Thread took 1 milliseconds for processing 7 containers.
2022-10-16 13:15:29,464 [Listener at 0.0.0.0/43713] INFO  reflections.Reflections (Reflections.java:scan(232)) - Reflections took 596 ms to scan 19 urls, producing 67 keys and 4232 values [using 2 cores]
2022-10-16 13:15:29,465 [Listener at 0.0.0.0/43713] INFO  ipc.CallQueueManager (CallQueueManager.java:<init>(90)) - Using callQueue: class java.util.concurrent.LinkedBlockingQueue, queueCapacity: 2000, scheduler: class org.apache.hadoop.ipc.DefaultRpcScheduler, ipcBackoff: false.
2022-10-16 13:15:29,466 [Socket Reader #1 for port 0] INFO  ipc.Server (Server.java:run(1273)) - Starting Socket Reader #1 for port 0
2022-10-16 13:15:29,489 [Listener at 127.0.0.1/35063] INFO  impl.MetricsSystemImpl (MetricsSystemImpl.java:init(158)) - OzoneManager metrics system started (again)
2022-10-16 13:15:29,501 [Listener at 127.0.0.1/35063] INFO  om.OzoneManager (OzoneManager.java:start(1482)) - OzoneManager RPC server is listening at localhost/127.0.0.1:35063
2022-10-16 13:15:29,501 [Listener at 127.0.0.1/35063] INFO  ratis.OzoneManagerRatisServer (OzoneManagerRatisServer.java:start(555)) - Starting OzoneManagerRatisServer om1 at port 9872
2022-10-16 13:15:29,501 [om1-impl-thread1] INFO  server.RaftServer$Division (RaftServerImpl.java:start(310)) - om1@group-C5BA1605619E: start as a follower, conf=-1: [om1|rpc:localhost:9872|priority:0], old=null
2022-10-16 13:15:29,501 [om1-impl-thread1] INFO  server.RaftServer$Division (RaftServerImpl.java:setRole(299)) - om1@group-C5BA1605619E: changes role from      null to FOLLOWER at term 0 for startAsFollower
2022-10-16 13:15:29,501 [om1-impl-thread1] INFO  impl.RoleInfo (RoleInfo.java:updateAndGet(139)) - om1: start om1@group-C5BA1605619E-FollowerState
2022-10-16 13:15:29,502 [om1-impl-thread1] INFO  util.JmxRegister (JmxRegister.java:tryRegister(44)) - Successfully registered JMX Bean with object name Ratis:service=RaftServer,group=group-C5BA1605619E,id=om1
2022-10-16 13:15:29,503 [Listener at 127.0.0.1/35063] INFO  server.RaftServer (RaftServerProxy.java:lambda$start$6(382)) - om1: start RPC server
2022-10-16 13:15:29,505 [Listener at 127.0.0.1/35063] INFO  server.GrpcService (GrpcService.java:startImpl(260)) - om1: GrpcService started, listening on 9872
2022-10-16 13:15:29,505 [org.apache.ratis.util.JvmPauseMonitor$$Lambda$639/339294883@305d1500] INFO  util.JvmPauseMonitor (JvmPauseMonitor.java:run(103)) - JvmPauseMonitor-om1: Started
2022-10-16 13:15:29,505 [Listener at 127.0.0.1/35063] INFO  om.OzoneManager (OzoneManager.java:start(1498)) - Version File has different layout version (3) than OM DB (null). That is expected if this OM has never been finalized to a newer layout version.
2022-10-16 13:15:29,507 [Listener at 127.0.0.1/35063] INFO  http.BaseHttpServer (BaseHttpServer.java:newHttpServer2BuilderForOzone(213)) - Starting Web-server for ozoneManager at: http://0.0.0.0:0
2022-10-16 13:15:29,507 [Listener at 127.0.0.1/35063] INFO  http.BaseHttpServer (BaseHttpServer.java:<init>(108)) - Hadoop Security Enabled: false Ozone Security Enabled: false Ozone HTTP Security Enabled: false 
2022-10-16 13:15:29,509 [Listener at 127.0.0.1/35063] WARN  server.AuthenticationFilter (AuthenticationFilter.java:constructSecretProvider(240)) - Unable to initialize FileSignerSecretProvider, falling back to use random secrets. Reason: Could not read signature secret file: /home/runner/hadoop-http-auth-signature-secret
2022-10-16 13:15:29,509 [Listener at 127.0.0.1/35063] WARN  http.HttpRequestLog (HttpRequestLog.java:getRequestLog(103)) - Jetty request log can only be enabled using Log4j
2022-10-16 13:15:29,511 [Listener at 127.0.0.1/35063] INFO  http.HttpServer2 (HttpServer2.java:addGlobalFilter(1031)) - Added global filter 'safety' (class=org.apache.hadoop.hdds.server.http.HttpServer2$QuotingInputFilter)
2022-10-16 13:15:29,512 [Listener at 127.0.0.1/35063] INFO  http.HttpServer2 (HttpServer2.java:addFilter(1007)) - Added filter static_user_filter (class=org.apache.hadoop.http.lib.StaticUserWebFilter$StaticUserFilter) to context ozoneManager
2022-10-16 13:15:29,512 [Listener at 127.0.0.1/35063] INFO  http.HttpServer2 (HttpServer2.java:addFilter(1015)) - Added filter static_user_filter (class=org.apache.hadoop.http.lib.StaticUserWebFilter$StaticUserFilter) to context static
2022-10-16 13:15:29,512 [Listener at 127.0.0.1/35063] INFO  http.HttpServer2 (HttpServer2.java:addFilter(1015)) - Added filter static_user_filter (class=org.apache.hadoop.http.lib.StaticUserWebFilter$StaticUserFilter) to context logs
2022-10-16 13:15:29,512 [Listener at 127.0.0.1/35063] INFO  http.HttpServer2 (HttpServer2.java:bindListener(1250)) - Jetty bound to port 35891
2022-10-16 13:15:29,513 [Listener at 127.0.0.1/35063] INFO  server.Server (Server.java:doStart(375)) - jetty-9.4.43.v20210629; built: 2021-06-30T11:07:22.254Z; git: 526006ecfa3af7f1a27ef3a288e2bef7ea9dd7e8; jvm 1.8.0_345-b01
2022-10-16 13:15:29,525 [Listener at 127.0.0.1/35063] INFO  server.session (DefaultSessionIdManager.java:doStart(334)) - DefaultSessionIdManager workerName=node0
2022-10-16 13:15:29,525 [Listener at 127.0.0.1/35063] INFO  server.session (DefaultSessionIdManager.java:doStart(339)) - No SessionScavenger set, using defaults
2022-10-16 13:15:29,525 [Listener at 127.0.0.1/35063] INFO  server.session (HouseKeeper.java:startScavenging(132)) - node0 Scavenging every 600000ms
2022-10-16 13:15:29,526 [Listener at 127.0.0.1/35063] INFO  handler.ContextHandler (ContextHandler.java:doStart(915)) - Started o.e.j.s.ServletContextHandler@2aa98bc2{logs,/logs,file:///home/runner/work/ozone/ozone/hadoop-ozone/integration-test/target/log,AVAILABLE}
2022-10-16 13:15:29,526 [Listener at 127.0.0.1/35063] INFO  handler.ContextHandler (ContextHandler.java:doStart(915)) - Started o.e.j.s.ServletContextHandler@2eb3bc70{static,/static,file:///home/runner/work/ozone/ozone/hadoop-ozone/integration-test/target/test-classes/webapps/static,AVAILABLE}
2022-10-16 13:15:29,530 [Listener at 127.0.0.1/35063] INFO  handler.ContextHandler (ContextHandler.java:doStart(915)) - Started o.e.j.w.WebAppContext@26d71264{ozoneManager,/,file:///home/runner/work/ozone/ozone/hadoop-ozone/integration-test/target/test-classes/webapps/ozoneManager/,AVAILABLE}{file:/home/runner/work/ozone/ozone/hadoop-ozone/integration-test/target/test-classes/webapps/ozoneManager}
2022-10-16 13:15:29,532 [ReplicationMonitor] INFO  replication.ReplicationManager (ReplicationManager.java:processAll(291)) - Replication Manager is not ready to run until 3000ms after safemode exit
2022-10-16 13:15:29,532 [Listener at 127.0.0.1/35063] INFO  server.AbstractConnector (AbstractConnector.java:doStart(331)) - Started ServerConnector@6981c738{HTTP/1.1, (http/1.1)}{0.0.0.0:35891}
2022-10-16 13:15:29,532 [Listener at 127.0.0.1/35063] INFO  server.Server (Server.java:doStart(415)) - Started @110745ms
2022-10-16 13:15:29,533 [Listener at 127.0.0.1/35063] WARN  impl.MetricsSystemImpl (MetricsSystemImpl.java:register(279)) - Sink prometheus already exists!
2022-10-16 13:15:29,533 [Listener at 127.0.0.1/35063] INFO  http.BaseHttpServer (BaseHttpServer.java:updateConnectorAddress(333)) - HTTP server of ozoneManager listening at http://0.0.0.0:35891
2022-10-16 13:15:29,536 [IPC Server Responder] INFO  ipc.Server (Server.java:run(1512)) - IPC Server Responder: starting
2022-10-16 13:15:29,537 [IPC Server listener on 0] INFO  ipc.Server (Server.java:run(1352)) - IPC Server listener on 0: starting
2022-10-16 13:15:29,540 [Listener at 127.0.0.1/35063] INFO  om.OzoneManager (OzoneManager.java:startTrashEmptier(1919)) - Trash Interval set to 0. Files deleted won't move to trash
2022-10-16 13:15:29,548 [org.apache.hadoop.util.JvmPauseMonitor$Monitor@63c6ca75] INFO  util.JvmPauseMonitor (JvmPauseMonitor.java:run(188)) - Starting JVM pause monitor
2022-10-16 13:15:29,551 [Listener at 127.0.0.1/35063] WARN  impl.MetricRegistriesImpl (MetricRegistriesImpl.java:addReporterRegistration(111)) - New reporters are added after registries were created. Some metrics will be missing from the reporter. Please add reporter before adding any new registry.
2022-10-16 13:15:29,551 [Listener at 127.0.0.1/35063] WARN  impl.MetricRegistriesImpl (MetricRegistriesImpl.java:addReporterRegistration(111)) - New reporters are added after registries were created. Some metrics will be missing from the reporter. Please add reporter before adding any new registry.
2022-10-16 13:15:29,551 [Listener at 127.0.0.1/35063] INFO  impl.MetricsSystemImpl (MetricsSystemImpl.java:init(158)) - HddsDatanode metrics system started (again)
2022-10-16 13:15:29,561 [Listener at 127.0.0.1/35063] INFO  ozone.HddsDatanodeService (HddsDatanodeService.java:start(236)) - HddsDatanodeService host:fv-az308-250.etcbaq1qs54eplwmrjlabigyle.cx.internal.cloudapp.net ip:10.1.0.60
2022-10-16 13:15:29,579 [Listener at 127.0.0.1/35063] INFO  upgrade.AbstractLayoutVersionManager (AbstractLayoutVersionManager.java:init(83)) - Initializing Layout version manager with metadata layout = DATANODE_SCHEMA_V3 (version = 4), software layout = DATANODE_SCHEMA_V3 (version = 4)
2022-10-16 13:15:29,619 [Listener at 127.0.0.1/35063] INFO  reflections.Reflections (Reflections.java:scan(232)) - Reflections took 39 ms to scan 7 urls, producing 137 keys and 328 values 
2022-10-16 13:15:29,620 [Listener at 127.0.0.1/35063] INFO  statemachine.DatanodeStateMachine (DatanodeStateMachine.java:getEndPointTaskThreadPoolSize(237)) - Datanode State Machine Task Thread Pool size 2
2022-10-16 13:15:29,622 [Listener at 127.0.0.1/35063] INFO  volume.HddsVolume (HddsVolume.java:<init>(117)) - Creating HddsVolume: /home/runner/work/ozone/ozone/hadoop-ozone/integration-test/target/test-dir/MiniOzoneClusterImpl-cf870487-680b-486b-bad8-7b6ba16bedf6/datanode-0/data-0/containers/hdds of storage type : DISK capacity : 9223372036854775807
2022-10-16 13:15:29,623 [Listener at 127.0.0.1/35063] INFO  volume.MutableVolumeSet (MutableVolumeSet.java:initializeVolumeSet(174)) - Added Volume : /home/runner/work/ozone/ozone/hadoop-ozone/integration-test/target/test-dir/MiniOzoneClusterImpl-cf870487-680b-486b-bad8-7b6ba16bedf6/datanode-0/data-0/containers/hdds to VolumeSet
2022-10-16 13:15:29,623 [Listener at 127.0.0.1/35063] INFO  volume.ThrottledAsyncChecker (ThrottledAsyncChecker.java:schedule(141)) - Scheduling a check for /home/runner/work/ozone/ozone/hadoop-ozone/integration-test/target/test-dir/MiniOzoneClusterImpl-cf870487-680b-486b-bad8-7b6ba16bedf6/datanode-0/data-0/containers/hdds
2022-10-16 13:15:29,623 [Listener at 127.0.0.1/35063] INFO  volume.StorageVolumeChecker (StorageVolumeChecker.java:checkAllVolumes(202)) - Scheduled health check for volume /home/runner/work/ozone/ozone/hadoop-ozone/integration-test/target/test-dir/MiniOzoneClusterImpl-cf870487-680b-486b-bad8-7b6ba16bedf6/datanode-0/data-0/containers/hdds
2022-10-16 13:15:29,635 [Listener at 127.0.0.1/35063] INFO  volume.MutableVolumeSet (MutableVolumeSet.java:initializeVolumeSet(174)) - Added Volume : /home/runner/work/ozone/ozone/hadoop-ozone/integration-test/target/test-dir/MiniOzoneClusterImpl-cf870487-680b-486b-bad8-7b6ba16bedf6/datanode-0/data/ratis to VolumeSet
2022-10-16 13:15:29,635 [Listener at 127.0.0.1/35063] INFO  volume.ThrottledAsyncChecker (ThrottledAsyncChecker.java:schedule(141)) - Scheduling a check for /home/runner/work/ozone/ozone/hadoop-ozone/integration-test/target/test-dir/MiniOzoneClusterImpl-cf870487-680b-486b-bad8-7b6ba16bedf6/datanode-0/data/ratis
2022-10-16 13:15:29,635 [Listener at 127.0.0.1/35063] INFO  volume.StorageVolumeChecker (StorageVolumeChecker.java:checkAllVolumes(202)) - Scheduled health check for volume /home/runner/work/ozone/ozone/hadoop-ozone/integration-test/target/test-dir/MiniOzoneClusterImpl-cf870487-680b-486b-bad8-7b6ba16bedf6/datanode-0/data/ratis
2022-10-16 13:15:29,645 [Thread-1302] INFO  ozoneimpl.ContainerReader (ContainerReader.java:readVolume(175)) - Finish verifying containers on volume /home/runner/work/ozone/ozone/hadoop-ozone/integration-test/target/test-dir/MiniOzoneClusterImpl-cf870487-680b-486b-bad8-7b6ba16bedf6/datanode-0/data-0/containers/hdds
2022-10-16 13:15:29,645 [Listener at 127.0.0.1/35063] INFO  ozoneimpl.OzoneContainer (OzoneContainer.java:buildContainerSet(300)) - Build ContainerSet costs 0s
2022-10-16 13:15:29,647 [Listener at 127.0.0.1/35063] INFO  server.RaftServer (ConfUtils.java:logGet(46)) - raft.rpc.type = GRPC (default)
2022-10-16 13:15:29,647 [Listener at 127.0.0.1/35063] INFO  grpc.GrpcFactory (GrpcFactory.java:checkPooledByteBufAllocatorUseCacheForAllThreads(48)) - PERFORMANCE WARNING: useCacheForAllThreads is true that may cause Netty to create a lot garbage objects and, as a result, trigger GC.
	It is recommended to disable useCacheForAllThreads by setting -Dorg.apache.ratis.thirdparty.io.netty.allocator.useCacheForAllThreads=false in command line.
2022-10-16 13:15:29,647 [Listener at 127.0.0.1/35063] INFO  grpc.GrpcConfigKeys (ConfUtils.java:logGet(46)) - raft.grpc.admin.port = 0 (custom)
2022-10-16 13:15:29,647 [Listener at 127.0.0.1/35063] INFO  grpc.GrpcConfigKeys (ConfUtils.java:logGet(46)) - raft.grpc.client.port = 0 (custom)
2022-10-16 13:15:29,647 [Listener at 127.0.0.1/35063] INFO  grpc.GrpcConfigKeys (ConfUtils.java:logGet(46)) - raft.grpc.server.port = 0 (default)
2022-10-16 13:15:29,647 [Listener at 127.0.0.1/35063] INFO  server.GrpcService (ConfUtils.java:logGet(46)) - raft.grpc.message.size.max = 32MB (=33554432) (custom)
2022-10-16 13:15:29,647 [Listener at 127.0.0.1/35063] INFO  server.RaftServerConfigKeys (ConfUtils.java:logGet(46)) - raft.server.log.appender.buffer.byte-limit = 33554432 (custom)
2022-10-16 13:15:29,648 [Listener at 127.0.0.1/35063] INFO  server.GrpcService (ConfUtils.java:logGet(46)) - raft.grpc.flow.control.window = 5MB (=5242880) (custom)
2022-10-16 13:15:29,648 [Listener at 127.0.0.1/35063] INFO  server.RaftServerConfigKeys (ConfUtils.java:logGet(46)) - raft.server.rpc.request.timeout = 60s (custom)
2022-10-16 13:15:29,648 [Listener at 127.0.0.1/35063] INFO  grpc.GrpcConfigKeys (ConfUtils.java:logGet(46)) - raft.grpc.server.async.request.thread.pool.cached = true (default)
2022-10-16 13:15:29,648 [Listener at 127.0.0.1/35063] INFO  grpc.GrpcConfigKeys (ConfUtils.java:logGet(46)) - raft.grpc.server.async.request.thread.pool.size = 32 (default)
2022-10-16 13:15:29,649 [Listener at 127.0.0.1/35063] INFO  impl.DataStreamServerImpl (ConfUtils.java:logGet(46)) - raft.datastream.type = DISABLED (default)
2022-10-16 13:15:29,649 [Listener at 127.0.0.1/35063] INFO  server.RaftServerConfigKeys (ConfUtils.java:logGet(46)) - raft.server.threadpool.proxy.cached = true (default)
2022-10-16 13:15:29,649 [Listener at 127.0.0.1/35063] INFO  server.RaftServerConfigKeys (ConfUtils.java:logGet(46)) - raft.server.threadpool.proxy.size = 0 (default)
2022-10-16 13:15:29,649 [Listener at 127.0.0.1/35063] INFO  server.RaftServerConfigKeys (ConfUtils.java:logGet(46)) - raft.server.rpc.slowness.timeout = 300s (custom)
2022-10-16 13:15:29,649 [Listener at 127.0.0.1/35063] INFO  server.RaftServerConfigKeys (ConfUtils.java:logGet(46)) - raft.server.leaderelection.leader.step-down.wait-time = 10s (default)
2022-10-16 13:15:29,649 [Listener at 127.0.0.1/35063] INFO  server.RaftServerConfigKeys (ConfUtils.java:logGet(46)) - raft.server.storage.dir = [/home/runner/work/ozone/ozone/hadoop-ozone/integration-test/target/test-dir/MiniOzoneClusterImpl-cf870487-680b-486b-bad8-7b6ba16bedf6/datanode-0/data/ratis] (custom)
2022-10-16 13:15:29,653 [Listener at 127.0.0.1/35063] INFO  server.XceiverServerGrpc (XceiverServerGrpc.java:<init>(132)) - GrpcServer channel type EpollServerSocketChannel
2022-10-16 13:15:29,656 [Listener at 127.0.0.1/35063] INFO  http.BaseHttpServer (BaseHttpServer.java:newHttpServer2BuilderForOzone(213)) - Starting Web-server for hddsDatanode at: http://0.0.0.0:0
2022-10-16 13:15:29,656 [Listener at 127.0.0.1/35063] INFO  http.BaseHttpServer (BaseHttpServer.java:<init>(108)) - Hadoop Security Enabled: false Ozone Security Enabled: false Ozone HTTP Security Enabled: false 
2022-10-16 13:15:29,657 [Listener at 127.0.0.1/35063] WARN  server.AuthenticationFilter (AuthenticationFilter.java:constructSecretProvider(240)) - Unable to initialize FileSignerSecretProvider, falling back to use random secrets. Reason: Could not read signature secret file: /home/runner/hadoop-http-auth-signature-secret
2022-10-16 13:15:29,659 [Listener at 127.0.0.1/35063] WARN  http.HttpRequestLog (HttpRequestLog.java:getRequestLog(103)) - Jetty request log can only be enabled using Log4j
2022-10-16 13:15:29,660 [Listener at 127.0.0.1/35063] INFO  http.HttpServer2 (HttpServer2.java:addGlobalFilter(1031)) - Added global filter 'safety' (class=org.apache.hadoop.hdds.server.http.HttpServer2$QuotingInputFilter)
2022-10-16 13:15:29,661 [Listener at 127.0.0.1/35063] INFO  http.HttpServer2 (HttpServer2.java:addFilter(1007)) - Added filter static_user_filter (class=org.apache.hadoop.http.lib.StaticUserWebFilter$StaticUserFilter) to context hddsDatanode
2022-10-16 13:15:29,662 [Listener at 127.0.0.1/35063] INFO  http.HttpServer2 (HttpServer2.java:addFilter(1015)) - Added filter static_user_filter (class=org.apache.hadoop.http.lib.StaticUserWebFilter$StaticUserFilter) to context static
2022-10-16 13:15:29,662 [Listener at 127.0.0.1/35063] INFO  http.HttpServer2 (HttpServer2.java:addFilter(1015)) - Added filter static_user_filter (class=org.apache.hadoop.http.lib.StaticUserWebFilter$StaticUserFilter) to context logs
2022-10-16 13:15:29,664 [Listener at 127.0.0.1/35063] INFO  http.HttpServer2 (HttpServer2.java:bindListener(1250)) - Jetty bound to port 42451
2022-10-16 13:15:29,664 [Listener at 127.0.0.1/35063] INFO  server.Server (Server.java:doStart(375)) - jetty-9.4.43.v20210629; built: 2021-06-30T11:07:22.254Z; git: 526006ecfa3af7f1a27ef3a288e2bef7ea9dd7e8; jvm 1.8.0_345-b01
2022-10-16 13:15:29,666 [Listener at 127.0.0.1/35063] INFO  server.session (DefaultSessionIdManager.java:doStart(334)) - DefaultSessionIdManager workerName=node0
2022-10-16 13:15:29,666 [Listener at 127.0.0.1/35063] INFO  server.session (DefaultSessionIdManager.java:doStart(339)) - No SessionScavenger set, using defaults
2022-10-16 13:15:29,666 [Listener at 127.0.0.1/35063] INFO  server.session (HouseKeeper.java:startScavenging(132)) - node0 Scavenging every 660000ms
2022-10-16 13:15:29,666 [Listener at 127.0.0.1/35063] INFO  handler.ContextHandler (ContextHandler.java:doStart(915)) - Started o.e.j.s.ServletContextHandler@61a0ea7b{logs,/logs,file:///home/runner/work/ozone/ozone/hadoop-ozone/integration-test/target/log,AVAILABLE}
2022-10-16 13:15:29,667 [Listener at 127.0.0.1/35063] INFO  handler.ContextHandler (ContextHandler.java:doStart(915)) - Started o.e.j.s.ServletContextHandler@6145866f{static,/static,jar:file:/home/runner/.m2/repository/org/apache/ozone/hdds-container-service/1.3.0-SNAPSHOT/hdds-container-service-1.3.0-SNAPSHOT.jar!/webapps/static,AVAILABLE}
2022-10-16 13:15:29,826 [Listener at 127.0.0.1/35063] INFO  handler.ContextHandler (ContextHandler.java:doStart(915)) - Started o.e.j.w.WebAppContext@1cf5822e{hddsDatanode,/,file:///tmp/jetty-0_0_0_0-42451-hdds-container-service-1_3_0-SNAPSHOT_jar-_-any-8362937046902683729/webapp/,AVAILABLE}{jar:file:/home/runner/.m2/repository/org/apache/ozone/hdds-container-service/1.3.0-SNAPSHOT/hdds-container-service-1.3.0-SNAPSHOT.jar!/webapps/hddsDatanode}
2022-10-16 13:15:29,827 [Listener at 127.0.0.1/35063] INFO  server.AbstractConnector (AbstractConnector.java:doStart(331)) - Started ServerConnector@64695a74{HTTP/1.1, (http/1.1)}{0.0.0.0:42451}
2022-10-16 13:15:29,828 [Listener at 127.0.0.1/35063] INFO  server.Server (Server.java:doStart(415)) - Started @111040ms
2022-10-16 13:15:29,828 [Listener at 127.0.0.1/35063] WARN  impl.MetricsSystemImpl (MetricsSystemImpl.java:register(279)) - Sink prometheus already exists!
2022-10-16 13:15:29,828 [Listener at 127.0.0.1/35063] INFO  http.BaseHttpServer (BaseHttpServer.java:updateConnectorAddress(333)) - HTTP server of hddsDatanode listening at http://0.0.0.0:42451
2022-10-16 13:15:29,828 [Datanode State Machine Daemon Thread] INFO  statemachine.DatanodeStateMachine (DatanodeStateMachine.java:lambda$startDaemon$0(492)) - Ozone container server started.
2022-10-16 13:15:29,833 [Listener at 127.0.0.1/35063] WARN  impl.MetricRegistriesImpl (MetricRegistriesImpl.java:addReporterRegistration(111)) - New reporters are added after registries were created. Some metrics will be missing from the reporter. Please add reporter before adding any new registry.
2022-10-16 13:15:29,833 [Listener at 127.0.0.1/35063] WARN  impl.MetricRegistriesImpl (MetricRegistriesImpl.java:addReporterRegistration(111)) - New reporters are added after registries were created. Some metrics will be missing from the reporter. Please add reporter before adding any new registry.
2022-10-16 13:15:29,833 [Listener at 127.0.0.1/35063] INFO  impl.MetricsSystemImpl (MetricsSystemImpl.java:init(158)) - HddsDatanode metrics system started (again)
2022-10-16 13:15:29,843 [org.apache.hadoop.util.JvmPauseMonitor$Monitor@742b5963] INFO  util.JvmPauseMonitor (JvmPauseMonitor.java:run(188)) - Starting JVM pause monitor
2022-10-16 13:15:29,843 [Listener at 127.0.0.1/35063] INFO  ozone.HddsDatanodeService (HddsDatanodeService.java:start(236)) - HddsDatanodeService host:fv-az308-250.etcbaq1qs54eplwmrjlabigyle.cx.internal.cloudapp.net ip:10.1.0.60
2022-10-16 13:15:29,851 [Datanode State Machine Task Thread - 0] INFO  datanode.InitDatanodeState (InitDatanodeState.java:persistContainerDatanodeDetails(138)) - DatanodeDetails is persisted to /home/runner/work/ozone/ozone/hadoop-ozone/integration-test/target/test-dir/MiniOzoneClusterImpl-cf870487-680b-486b-bad8-7b6ba16bedf6/datanode-0/meta/datanode.id
2022-10-16 13:15:29,864 [Listener at 127.0.0.1/35063] INFO  upgrade.AbstractLayoutVersionManager (AbstractLayoutVersionManager.java:init(83)) - Initializing Layout version manager with metadata layout = DATANODE_SCHEMA_V3 (version = 4), software layout = DATANODE_SCHEMA_V3 (version = 4)
2022-10-16 13:15:29,904 [Listener at 127.0.0.1/35063] INFO  reflections.Reflections (Reflections.java:scan(232)) - Reflections took 39 ms to scan 7 urls, producing 137 keys and 328 values 
2022-10-16 13:15:29,905 [Listener at 127.0.0.1/35063] INFO  statemachine.DatanodeStateMachine (DatanodeStateMachine.java:getEndPointTaskThreadPoolSize(237)) - Datanode State Machine Task Thread Pool size 2
2022-10-16 13:15:29,908 [Listener at 127.0.0.1/35063] INFO  volume.HddsVolume (HddsVolume.java:<init>(117)) - Creating HddsVolume: /home/runner/work/ozone/ozone/hadoop-ozone/integration-test/target/test-dir/MiniOzoneClusterImpl-cf870487-680b-486b-bad8-7b6ba16bedf6/datanode-1/data-0/containers/hdds of storage type : DISK capacity : 9223372036854775807
2022-10-16 13:15:29,909 [Listener at 127.0.0.1/35063] INFO  volume.MutableVolumeSet (MutableVolumeSet.java:initializeVolumeSet(174)) - Added Volume : /home/runner/work/ozone/ozone/hadoop-ozone/integration-test/target/test-dir/MiniOzoneClusterImpl-cf870487-680b-486b-bad8-7b6ba16bedf6/datanode-1/data-0/containers/hdds to VolumeSet
2022-10-16 13:15:29,909 [Listener at 127.0.0.1/35063] INFO  volume.ThrottledAsyncChecker (ThrottledAsyncChecker.java:schedule(141)) - Scheduling a check for /home/runner/work/ozone/ozone/hadoop-ozone/integration-test/target/test-dir/MiniOzoneClusterImpl-cf870487-680b-486b-bad8-7b6ba16bedf6/datanode-1/data-0/containers/hdds
2022-10-16 13:15:29,909 [Listener at 127.0.0.1/35063] INFO  volume.StorageVolumeChecker (StorageVolumeChecker.java:checkAllVolumes(202)) - Scheduled health check for volume /home/runner/work/ozone/ozone/hadoop-ozone/integration-test/target/test-dir/MiniOzoneClusterImpl-cf870487-680b-486b-bad8-7b6ba16bedf6/datanode-1/data-0/containers/hdds
2022-10-16 13:15:29,920 [Listener at 127.0.0.1/35063] INFO  volume.MutableVolumeSet (MutableVolumeSet.java:initializeVolumeSet(174)) - Added Volume : /home/runner/work/ozone/ozone/hadoop-ozone/integration-test/target/test-dir/MiniOzoneClusterImpl-cf870487-680b-486b-bad8-7b6ba16bedf6/datanode-1/data/ratis to VolumeSet
2022-10-16 13:15:29,920 [Listener at 127.0.0.1/35063] INFO  volume.ThrottledAsyncChecker (ThrottledAsyncChecker.java:schedule(141)) - Scheduling a check for /home/runner/work/ozone/ozone/hadoop-ozone/integration-test/target/test-dir/MiniOzoneClusterImpl-cf870487-680b-486b-bad8-7b6ba16bedf6/datanode-1/data/ratis
2022-10-16 13:15:29,920 [Listener at 127.0.0.1/35063] INFO  volume.StorageVolumeChecker (StorageVolumeChecker.java:checkAllVolumes(202)) - Scheduled health check for volume /home/runner/work/ozone/ozone/hadoop-ozone/integration-test/target/test-dir/MiniOzoneClusterImpl-cf870487-680b-486b-bad8-7b6ba16bedf6/datanode-1/data/ratis
2022-10-16 13:15:29,930 [Thread-1315] INFO  ozoneimpl.ContainerReader (ContainerReader.java:readVolume(175)) - Finish verifying containers on volume /home/runner/work/ozone/ozone/hadoop-ozone/integration-test/target/test-dir/MiniOzoneClusterImpl-cf870487-680b-486b-bad8-7b6ba16bedf6/datanode-1/data-0/containers/hdds
2022-10-16 13:15:29,930 [Listener at 127.0.0.1/35063] INFO  ozoneimpl.OzoneContainer (OzoneContainer.java:buildContainerSet(300)) - Build ContainerSet costs 0s
2022-10-16 13:15:29,933 [Listener at 127.0.0.1/35063] INFO  server.RaftServer (ConfUtils.java:logGet(46)) - raft.rpc.type = GRPC (default)
2022-10-16 13:15:29,933 [Listener at 127.0.0.1/35063] INFO  grpc.GrpcFactory (GrpcFactory.java:checkPooledByteBufAllocatorUseCacheForAllThreads(48)) - PERFORMANCE WARNING: useCacheForAllThreads is true that may cause Netty to create a lot garbage objects and, as a result, trigger GC.
	It is recommended to disable useCacheForAllThreads by setting -Dorg.apache.ratis.thirdparty.io.netty.allocator.useCacheForAllThreads=false in command line.
2022-10-16 13:15:29,933 [Listener at 127.0.0.1/35063] INFO  grpc.GrpcConfigKeys (ConfUtils.java:logGet(46)) - raft.grpc.admin.port = 0 (custom)
2022-10-16 13:15:29,933 [Listener at 127.0.0.1/35063] INFO  grpc.GrpcConfigKeys (ConfUtils.java:logGet(46)) - raft.grpc.client.port = 0 (custom)
2022-10-16 13:15:29,933 [Listener at 127.0.0.1/35063] INFO  grpc.GrpcConfigKeys (ConfUtils.java:logGet(46)) - raft.grpc.server.port = 0 (default)
2022-10-16 13:15:29,934 [Listener at 127.0.0.1/35063] INFO  server.GrpcService (ConfUtils.java:logGet(46)) - raft.grpc.message.size.max = 32MB (=33554432) (custom)
2022-10-16 13:15:29,934 [Listener at 127.0.0.1/35063] INFO  server.RaftServerConfigKeys (ConfUtils.java:logGet(46)) - raft.server.log.appender.buffer.byte-limit = 33554432 (custom)
2022-10-16 13:15:29,934 [Listener at 127.0.0.1/35063] INFO  server.GrpcService (ConfUtils.java:logGet(46)) - raft.grpc.flow.control.window = 5MB (=5242880) (custom)
2022-10-16 13:15:29,934 [Listener at 127.0.0.1/35063] INFO  server.RaftServerConfigKeys (ConfUtils.java:logGet(46)) - raft.server.rpc.request.timeout = 60s (custom)
2022-10-16 13:15:29,934 [Listener at 127.0.0.1/35063] INFO  grpc.GrpcConfigKeys (ConfUtils.java:logGet(46)) - raft.grpc.server.async.request.thread.pool.cached = true (default)
2022-10-16 13:15:29,934 [Listener at 127.0.0.1/35063] INFO  grpc.GrpcConfigKeys (ConfUtils.java:logGet(46)) - raft.grpc.server.async.request.thread.pool.size = 32 (default)
2022-10-16 13:15:29,935 [Listener at 127.0.0.1/35063] INFO  impl.DataStreamServerImpl (ConfUtils.java:logGet(46)) - raft.datastream.type = DISABLED (default)
2022-10-16 13:15:29,935 [Listener at 127.0.0.1/35063] INFO  server.RaftServerConfigKeys (ConfUtils.java:logGet(46)) - raft.server.threadpool.proxy.cached = true (default)
2022-10-16 13:15:29,935 [Listener at 127.0.0.1/35063] INFO  server.RaftServerConfigKeys (ConfUtils.java:logGet(46)) - raft.server.threadpool.proxy.size = 0 (default)
2022-10-16 13:15:29,935 [Listener at 127.0.0.1/35063] INFO  server.RaftServerConfigKeys (ConfUtils.java:logGet(46)) - raft.server.rpc.slowness.timeout = 300s (custom)
2022-10-16 13:15:29,935 [Listener at 127.0.0.1/35063] INFO  server.RaftServerConfigKeys (ConfUtils.java:logGet(46)) - raft.server.leaderelection.leader.step-down.wait-time = 10s (default)
2022-10-16 13:15:29,935 [Listener at 127.0.0.1/35063] INFO  server.RaftServerConfigKeys (ConfUtils.java:logGet(46)) - raft.server.storage.dir = [/home/runner/work/ozone/ozone/hadoop-ozone/integration-test/target/test-dir/MiniOzoneClusterImpl-cf870487-680b-486b-bad8-7b6ba16bedf6/datanode-1/data/ratis] (custom)
2022-10-16 13:15:29,936 [Listener at 127.0.0.1/35063] INFO  server.XceiverServerGrpc (XceiverServerGrpc.java:<init>(132)) - GrpcServer channel type EpollServerSocketChannel
2022-10-16 13:15:29,938 [Listener at 127.0.0.1/35063] INFO  http.BaseHttpServer (BaseHttpServer.java:newHttpServer2BuilderForOzone(213)) - Starting Web-server for hddsDatanode at: http://0.0.0.0:0
2022-10-16 13:15:29,939 [Listener at 127.0.0.1/35063] INFO  http.BaseHttpServer (BaseHttpServer.java:<init>(108)) - Hadoop Security Enabled: false Ozone Security Enabled: false Ozone HTTP Security Enabled: false 
2022-10-16 13:15:29,940 [Listener at 127.0.0.1/35063] WARN  server.AuthenticationFilter (AuthenticationFilter.java:constructSecretProvider(240)) - Unable to initialize FileSignerSecretProvider, falling back to use random secrets. Reason: Could not read signature secret file: /home/runner/hadoop-http-auth-signature-secret
2022-10-16 13:15:29,941 [Listener at 127.0.0.1/35063] WARN  http.HttpRequestLog (HttpRequestLog.java:getRequestLog(103)) - Jetty request log can only be enabled using Log4j
2022-10-16 13:15:29,942 [Listener at 127.0.0.1/35063] INFO  http.HttpServer2 (HttpServer2.java:addGlobalFilter(1031)) - Added global filter 'safety' (class=org.apache.hadoop.hdds.server.http.HttpServer2$QuotingInputFilter)
2022-10-16 13:15:29,943 [Listener at 127.0.0.1/35063] INFO  http.HttpServer2 (HttpServer2.java:addFilter(1007)) - Added filter static_user_filter (class=org.apache.hadoop.http.lib.StaticUserWebFilter$StaticUserFilter) to context hddsDatanode
2022-10-16 13:15:29,943 [Listener at 127.0.0.1/35063] INFO  http.HttpServer2 (HttpServer2.java:addFilter(1015)) - Added filter static_user_filter (class=org.apache.hadoop.http.lib.StaticUserWebFilter$StaticUserFilter) to context static
2022-10-16 13:15:29,943 [Listener at 127.0.0.1/35063] INFO  http.HttpServer2 (HttpServer2.java:addFilter(1015)) - Added filter static_user_filter (class=org.apache.hadoop.http.lib.StaticUserWebFilter$StaticUserFilter) to context logs
2022-10-16 13:15:29,943 [Listener at 127.0.0.1/35063] INFO  http.HttpServer2 (HttpServer2.java:bindListener(1250)) - Jetty bound to port 42839
2022-10-16 13:15:29,943 [Listener at 127.0.0.1/35063] INFO  server.Server (Server.java:doStart(375)) - jetty-9.4.43.v20210629; built: 2021-06-30T11:07:22.254Z; git: 526006ecfa3af7f1a27ef3a288e2bef7ea9dd7e8; jvm 1.8.0_345-b01
2022-10-16 13:15:29,945 [Listener at 127.0.0.1/35063] INFO  server.session (DefaultSessionIdManager.java:doStart(334)) - DefaultSessionIdManager workerName=node0
2022-10-16 13:15:29,946 [Listener at 127.0.0.1/35063] INFO  server.session (DefaultSessionIdManager.java:doStart(339)) - No SessionScavenger set, using defaults
2022-10-16 13:15:29,946 [Listener at 127.0.0.1/35063] INFO  server.session (HouseKeeper.java:startScavenging(132)) - node0 Scavenging every 660000ms
2022-10-16 13:15:29,946 [Listener at 127.0.0.1/35063] INFO  handler.ContextHandler (ContextHandler.java:doStart(915)) - Started o.e.j.s.ServletContextHandler@7f8d2586{logs,/logs,file:///home/runner/work/ozone/ozone/hadoop-ozone/integration-test/target/log,AVAILABLE}
2022-10-16 13:15:29,946 [Listener at 127.0.0.1/35063] INFO  handler.ContextHandler (ContextHandler.java:doStart(915)) - Started o.e.j.s.ServletContextHandler@56b51c4c{static,/static,jar:file:/home/runner/.m2/repository/org/apache/ozone/hdds-container-service/1.3.0-SNAPSHOT/hdds-container-service-1.3.0-SNAPSHOT.jar!/webapps/static,AVAILABLE}
2022-10-16 13:15:30,086 [ReplicationMonitor] INFO  replication.ReplicationManager (ReplicationManager.java:processAll(324)) - Replication Monitor Thread took 0 milliseconds for processing 7 containers.
2022-10-16 13:15:30,106 [Listener at 127.0.0.1/35063] INFO  handler.ContextHandler (ContextHandler.java:doStart(915)) - Started o.e.j.w.WebAppContext@7a75ee53{hddsDatanode,/,file:///tmp/jetty-0_0_0_0-42839-hdds-container-service-1_3_0-SNAPSHOT_jar-_-any-5879562767357314014/webapp/,AVAILABLE}{jar:file:/home/runner/.m2/repository/org/apache/ozone/hdds-container-service/1.3.0-SNAPSHOT/hdds-container-service-1.3.0-SNAPSHOT.jar!/webapps/hddsDatanode}
2022-10-16 13:15:30,108 [Listener at 127.0.0.1/35063] INFO  server.AbstractConnector (AbstractConnector.java:doStart(331)) - Started ServerConnector@56ad4787{HTTP/1.1, (http/1.1)}{0.0.0.0:42839}
2022-10-16 13:15:30,108 [Listener at 127.0.0.1/35063] INFO  server.Server (Server.java:doStart(415)) - Started @111320ms
2022-10-16 13:15:30,108 [Listener at 127.0.0.1/35063] WARN  impl.MetricsSystemImpl (MetricsSystemImpl.java:register(279)) - Sink prometheus already exists!
2022-10-16 13:15:30,109 [Listener at 127.0.0.1/35063] INFO  http.BaseHttpServer (BaseHttpServer.java:updateConnectorAddress(333)) - HTTP server of hddsDatanode listening at http://0.0.0.0:42839
2022-10-16 13:15:30,109 [Datanode State Machine Daemon Thread] INFO  statemachine.DatanodeStateMachine (DatanodeStateMachine.java:lambda$startDaemon$0(492)) - Ozone container server started.
2022-10-16 13:15:30,109 [Listener at 127.0.0.1/35063] WARN  impl.MetricRegistriesImpl (MetricRegistriesImpl.java:addReporterRegistration(111)) - New reporters are added after registries were created. Some metrics will be missing from the reporter. Please add reporter before adding any new registry.
2022-10-16 13:15:30,109 [Listener at 127.0.0.1/35063] WARN  impl.MetricRegistriesImpl (MetricRegistriesImpl.java:addReporterRegistration(111)) - New reporters are added after registries were created. Some metrics will be missing from the reporter. Please add reporter before adding any new registry.
2022-10-16 13:15:30,109 [Listener at 127.0.0.1/35063] INFO  impl.MetricsSystemImpl (MetricsSystemImpl.java:init(158)) - HddsDatanode metrics system started (again)
2022-10-16 13:15:30,120 [org.apache.hadoop.util.JvmPauseMonitor$Monitor@7f0ac63b] INFO  util.JvmPauseMonitor (JvmPauseMonitor.java:run(188)) - Starting JVM pause monitor
2022-10-16 13:15:30,120 [Listener at 127.0.0.1/35063] INFO  ozone.HddsDatanodeService (HddsDatanodeService.java:start(236)) - HddsDatanodeService host:fv-az308-250.etcbaq1qs54eplwmrjlabigyle.cx.internal.cloudapp.net ip:10.1.0.60
2022-10-16 13:15:30,128 [Datanode State Machine Task Thread - 0] INFO  datanode.InitDatanodeState (InitDatanodeState.java:persistContainerDatanodeDetails(138)) - DatanodeDetails is persisted to /home/runner/work/ozone/ozone/hadoop-ozone/integration-test/target/test-dir/MiniOzoneClusterImpl-cf870487-680b-486b-bad8-7b6ba16bedf6/datanode-1/meta/datanode.id
2022-10-16 13:15:30,148 [Listener at 127.0.0.1/35063] INFO  upgrade.AbstractLayoutVersionManager (AbstractLayoutVersionManager.java:init(83)) - Initializing Layout version manager with metadata layout = DATANODE_SCHEMA_V3 (version = 4), software layout = DATANODE_SCHEMA_V3 (version = 4)
2022-10-16 13:15:30,188 [Listener at 127.0.0.1/35063] INFO  reflections.Reflections (Reflections.java:scan(232)) - Reflections took 39 ms to scan 7 urls, producing 137 keys and 328 values 
2022-10-16 13:15:30,190 [Listener at 127.0.0.1/35063] INFO  statemachine.DatanodeStateMachine (DatanodeStateMachine.java:getEndPointTaskThreadPoolSize(237)) - Datanode State Machine Task Thread Pool size 2
2022-10-16 13:15:30,192 [Listener at 127.0.0.1/35063] INFO  volume.HddsVolume (HddsVolume.java:<init>(117)) - Creating HddsVolume: /home/runner/work/ozone/ozone/hadoop-ozone/integration-test/target/test-dir/MiniOzoneClusterImpl-cf870487-680b-486b-bad8-7b6ba16bedf6/datanode-2/data-0/containers/hdds of storage type : DISK capacity : 9223372036854775807
2022-10-16 13:15:30,193 [Listener at 127.0.0.1/35063] INFO  volume.MutableVolumeSet (MutableVolumeSet.java:initializeVolumeSet(174)) - Added Volume : /home/runner/work/ozone/ozone/hadoop-ozone/integration-test/target/test-dir/MiniOzoneClusterImpl-cf870487-680b-486b-bad8-7b6ba16bedf6/datanode-2/data-0/containers/hdds to VolumeSet
2022-10-16 13:15:30,193 [Listener at 127.0.0.1/35063] INFO  volume.ThrottledAsyncChecker (ThrottledAsyncChecker.java:schedule(141)) - Scheduling a check for /home/runner/work/ozone/ozone/hadoop-ozone/integration-test/target/test-dir/MiniOzoneClusterImpl-cf870487-680b-486b-bad8-7b6ba16bedf6/datanode-2/data-0/containers/hdds
2022-10-16 13:15:30,196 [Listener at 127.0.0.1/35063] INFO  volume.StorageVolumeChecker (StorageVolumeChecker.java:checkAllVolumes(202)) - Scheduled health check for volume /home/runner/work/ozone/ozone/hadoop-ozone/integration-test/target/test-dir/MiniOzoneClusterImpl-cf870487-680b-486b-bad8-7b6ba16bedf6/datanode-2/data-0/containers/hdds
2022-10-16 13:15:30,206 [Listener at 127.0.0.1/35063] INFO  volume.MutableVolumeSet (MutableVolumeSet.java:initializeVolumeSet(174)) - Added Volume : /home/runner/work/ozone/ozone/hadoop-ozone/integration-test/target/test-dir/MiniOzoneClusterImpl-cf870487-680b-486b-bad8-7b6ba16bedf6/datanode-2/data/ratis to VolumeSet
2022-10-16 13:15:30,206 [Listener at 127.0.0.1/35063] INFO  volume.ThrottledAsyncChecker (ThrottledAsyncChecker.java:schedule(141)) - Scheduling a check for /home/runner/work/ozone/ozone/hadoop-ozone/integration-test/target/test-dir/MiniOzoneClusterImpl-cf870487-680b-486b-bad8-7b6ba16bedf6/datanode-2/data/ratis
2022-10-16 13:15:30,206 [Listener at 127.0.0.1/35063] INFO  volume.StorageVolumeChecker (StorageVolumeChecker.java:checkAllVolumes(202)) - Scheduled health check for volume /home/runner/work/ozone/ozone/hadoop-ozone/integration-test/target/test-dir/MiniOzoneClusterImpl-cf870487-680b-486b-bad8-7b6ba16bedf6/datanode-2/data/ratis
2022-10-16 13:15:30,220 [Thread-1328] INFO  ozoneimpl.ContainerReader (ContainerReader.java:readVolume(175)) - Finish verifying containers on volume /home/runner/work/ozone/ozone/hadoop-ozone/integration-test/target/test-dir/MiniOzoneClusterImpl-cf870487-680b-486b-bad8-7b6ba16bedf6/datanode-2/data-0/containers/hdds
2022-10-16 13:15:30,220 [Listener at 127.0.0.1/35063] INFO  ozoneimpl.OzoneContainer (OzoneContainer.java:buildContainerSet(300)) - Build ContainerSet costs 0s
2022-10-16 13:15:30,222 [Listener at 127.0.0.1/35063] INFO  server.RaftServer (ConfUtils.java:logGet(46)) - raft.rpc.type = GRPC (default)
2022-10-16 13:15:30,222 [Listener at 127.0.0.1/35063] INFO  grpc.GrpcFactory (GrpcFactory.java:checkPooledByteBufAllocatorUseCacheForAllThreads(48)) - PERFORMANCE WARNING: useCacheForAllThreads is true that may cause Netty to create a lot garbage objects and, as a result, trigger GC.
	It is recommended to disable useCacheForAllThreads by setting -Dorg.apache.ratis.thirdparty.io.netty.allocator.useCacheForAllThreads=false in command line.
2022-10-16 13:15:30,222 [Listener at 127.0.0.1/35063] INFO  grpc.GrpcConfigKeys (ConfUtils.java:logGet(46)) - raft.grpc.admin.port = 0 (custom)
2022-10-16 13:15:30,222 [Listener at 127.0.0.1/35063] INFO  grpc.GrpcConfigKeys (ConfUtils.java:logGet(46)) - raft.grpc.client.port = 0 (custom)
2022-10-16 13:15:30,222 [Listener at 127.0.0.1/35063] INFO  grpc.GrpcConfigKeys (ConfUtils.java:logGet(46)) - raft.grpc.server.port = 0 (default)
2022-10-16 13:15:30,222 [Listener at 127.0.0.1/35063] INFO  server.GrpcService (ConfUtils.java:logGet(46)) - raft.grpc.message.size.max = 32MB (=33554432) (custom)
2022-10-16 13:15:30,222 [Listener at 127.0.0.1/35063] INFO  server.RaftServerConfigKeys (ConfUtils.java:logGet(46)) - raft.server.log.appender.buffer.byte-limit = 33554432 (custom)
2022-10-16 13:15:30,223 [Listener at 127.0.0.1/35063] INFO  server.GrpcService (ConfUtils.java:logGet(46)) - raft.grpc.flow.control.window = 5MB (=5242880) (custom)
2022-10-16 13:15:30,223 [Listener at 127.0.0.1/35063] INFO  server.RaftServerConfigKeys (ConfUtils.java:logGet(46)) - raft.server.rpc.request.timeout = 60s (custom)
2022-10-16 13:15:30,223 [Listener at 127.0.0.1/35063] INFO  grpc.GrpcConfigKeys (ConfUtils.java:logGet(46)) - raft.grpc.server.async.request.thread.pool.cached = true (default)
2022-10-16 13:15:30,223 [Listener at 127.0.0.1/35063] INFO  grpc.GrpcConfigKeys (ConfUtils.java:logGet(46)) - raft.grpc.server.async.request.thread.pool.size = 32 (default)
2022-10-16 13:15:30,224 [Listener at 127.0.0.1/35063] INFO  impl.DataStreamServerImpl (ConfUtils.java:logGet(46)) - raft.datastream.type = DISABLED (default)
2022-10-16 13:15:30,224 [Listener at 127.0.0.1/35063] INFO  server.RaftServerConfigKeys (ConfUtils.java:logGet(46)) - raft.server.threadpool.proxy.cached = true (default)
2022-10-16 13:15:30,224 [Listener at 127.0.0.1/35063] INFO  server.RaftServerConfigKeys (ConfUtils.java:logGet(46)) - raft.server.threadpool.proxy.size = 0 (default)
2022-10-16 13:15:30,224 [Listener at 127.0.0.1/35063] INFO  server.RaftServerConfigKeys (ConfUtils.java:logGet(46)) - raft.server.rpc.slowness.timeout = 300s (custom)
2022-10-16 13:15:30,224 [Listener at 127.0.0.1/35063] INFO  server.RaftServerConfigKeys (ConfUtils.java:logGet(46)) - raft.server.leaderelection.leader.step-down.wait-time = 10s (default)
2022-10-16 13:15:30,224 [Listener at 127.0.0.1/35063] INFO  server.RaftServerConfigKeys (ConfUtils.java:logGet(46)) - raft.server.storage.dir = [/home/runner/work/ozone/ozone/hadoop-ozone/integration-test/target/test-dir/MiniOzoneClusterImpl-cf870487-680b-486b-bad8-7b6ba16bedf6/datanode-2/data/ratis] (custom)
2022-10-16 13:15:30,226 [Listener at 127.0.0.1/35063] INFO  server.XceiverServerGrpc (XceiverServerGrpc.java:<init>(132)) - GrpcServer channel type EpollServerSocketChannel
2022-10-16 13:15:30,228 [Listener at 127.0.0.1/35063] INFO  http.BaseHttpServer (BaseHttpServer.java:newHttpServer2BuilderForOzone(213)) - Starting Web-server for hddsDatanode at: http://0.0.0.0:0
2022-10-16 13:15:30,228 [Listener at 127.0.0.1/35063] INFO  http.BaseHttpServer (BaseHttpServer.java:<init>(108)) - Hadoop Security Enabled: false Ozone Security Enabled: false Ozone HTTP Security Enabled: false 
2022-10-16 13:15:30,230 [Listener at 127.0.0.1/35063] WARN  server.AuthenticationFilter (AuthenticationFilter.java:constructSecretProvider(240)) - Unable to initialize FileSignerSecretProvider, falling back to use random secrets. Reason: Could not read signature secret file: /home/runner/hadoop-http-auth-signature-secret
2022-10-16 13:15:30,230 [Listener at 127.0.0.1/35063] WARN  http.HttpRequestLog (HttpRequestLog.java:getRequestLog(103)) - Jetty request log can only be enabled using Log4j
2022-10-16 13:15:30,231 [Listener at 127.0.0.1/35063] INFO  http.HttpServer2 (HttpServer2.java:addGlobalFilter(1031)) - Added global filter 'safety' (class=org.apache.hadoop.hdds.server.http.HttpServer2$QuotingInputFilter)
2022-10-16 13:15:30,232 [Listener at 127.0.0.1/35063] INFO  http.HttpServer2 (HttpServer2.java:addFilter(1007)) - Added filter static_user_filter (class=org.apache.hadoop.http.lib.StaticUserWebFilter$StaticUserFilter) to context hddsDatanode
2022-10-16 13:15:30,232 [Listener at 127.0.0.1/35063] INFO  http.HttpServer2 (HttpServer2.java:addFilter(1015)) - Added filter static_user_filter (class=org.apache.hadoop.http.lib.StaticUserWebFilter$StaticUserFilter) to context logs
2022-10-16 13:15:30,232 [Listener at 127.0.0.1/35063] INFO  http.HttpServer2 (HttpServer2.java:addFilter(1015)) - Added filter static_user_filter (class=org.apache.hadoop.http.lib.StaticUserWebFilter$StaticUserFilter) to context static
2022-10-16 13:15:30,233 [Listener at 127.0.0.1/35063] INFO  http.HttpServer2 (HttpServer2.java:bindListener(1250)) - Jetty bound to port 33737
2022-10-16 13:15:30,233 [Listener at 127.0.0.1/35063] INFO  server.Server (Server.java:doStart(375)) - jetty-9.4.43.v20210629; built: 2021-06-30T11:07:22.254Z; git: 526006ecfa3af7f1a27ef3a288e2bef7ea9dd7e8; jvm 1.8.0_345-b01
2022-10-16 13:15:30,234 [Listener at 127.0.0.1/35063] INFO  server.session (DefaultSessionIdManager.java:doStart(334)) - DefaultSessionIdManager workerName=node0
2022-10-16 13:15:30,234 [Listener at 127.0.0.1/35063] INFO  server.session (DefaultSessionIdManager.java:doStart(339)) - No SessionScavenger set, using defaults
2022-10-16 13:15:30,234 [Listener at 127.0.0.1/35063] INFO  server.session (HouseKeeper.java:startScavenging(132)) - node0 Scavenging every 660000ms
2022-10-16 13:15:30,234 [Listener at 127.0.0.1/35063] INFO  handler.ContextHandler (ContextHandler.java:doStart(915)) - Started o.e.j.s.ServletContextHandler@1fa4ab0e{logs,/logs,file:///home/runner/work/ozone/ozone/hadoop-ozone/integration-test/target/log,AVAILABLE}
2022-10-16 13:15:30,235 [Listener at 127.0.0.1/35063] INFO  handler.ContextHandler (ContextHandler.java:doStart(915)) - Started o.e.j.s.ServletContextHandler@43d6e319{static,/static,jar:file:/home/runner/.m2/repository/org/apache/ozone/hdds-container-service/1.3.0-SNAPSHOT/hdds-container-service-1.3.0-SNAPSHOT.jar!/webapps/static,AVAILABLE}
2022-10-16 13:15:30,395 [Listener at 127.0.0.1/35063] INFO  handler.ContextHandler (ContextHandler.java:doStart(915)) - Started o.e.j.w.WebAppContext@351015d{hddsDatanode,/,file:///tmp/jetty-0_0_0_0-33737-hdds-container-service-1_3_0-SNAPSHOT_jar-_-any-6700455046980793039/webapp/,AVAILABLE}{jar:file:/home/runner/.m2/repository/org/apache/ozone/hdds-container-service/1.3.0-SNAPSHOT/hdds-container-service-1.3.0-SNAPSHOT.jar!/webapps/hddsDatanode}
2022-10-16 13:15:30,397 [Listener at 127.0.0.1/35063] INFO  server.AbstractConnector (AbstractConnector.java:doStart(331)) - Started ServerConnector@524a8b29{HTTP/1.1, (http/1.1)}{0.0.0.0:33737}
2022-10-16 13:15:30,397 [Listener at 127.0.0.1/35063] INFO  server.Server (Server.java:doStart(415)) - Started @111609ms
2022-10-16 13:15:30,397 [Listener at 127.0.0.1/35063] WARN  impl.MetricsSystemImpl (MetricsSystemImpl.java:register(279)) - Sink prometheus already exists!
2022-10-16 13:15:30,398 [Listener at 127.0.0.1/35063] INFO  http.BaseHttpServer (BaseHttpServer.java:updateConnectorAddress(333)) - HTTP server of hddsDatanode listening at http://0.0.0.0:33737
2022-10-16 13:15:30,398 [Listener at 127.0.0.1/35063] WARN  impl.MetricRegistriesImpl (MetricRegistriesImpl.java:addReporterRegistration(111)) - New reporters are added after registries were created. Some metrics will be missing from the reporter. Please add reporter before adding any new registry.
2022-10-16 13:15:30,398 [Listener at 127.0.0.1/35063] WARN  impl.MetricRegistriesImpl (MetricRegistriesImpl.java:addReporterRegistration(111)) - New reporters are added after registries were created. Some metrics will be missing from the reporter. Please add reporter before adding any new registry.
2022-10-16 13:15:30,398 [Listener at 127.0.0.1/35063] INFO  impl.MetricsSystemImpl (MetricsSystemImpl.java:init(158)) - HddsDatanode metrics system started (again)
2022-10-16 13:15:30,399 [Datanode State Machine Daemon Thread] INFO  statemachine.DatanodeStateMachine (DatanodeStateMachine.java:lambda$startDaemon$0(492)) - Ozone container server started.
2022-10-16 13:15:30,409 [Listener at 127.0.0.1/35063] INFO  ozone.HddsDatanodeService (HddsDatanodeService.java:start(236)) - HddsDatanodeService host:fv-az308-250.etcbaq1qs54eplwmrjlabigyle.cx.internal.cloudapp.net ip:10.1.0.60
2022-10-16 13:15:30,411 [org.apache.hadoop.util.JvmPauseMonitor$Monitor@74e0333a] INFO  util.JvmPauseMonitor (JvmPauseMonitor.java:run(188)) - Starting JVM pause monitor
2022-10-16 13:15:30,412 [Datanode State Machine Task Thread - 0] INFO  datanode.InitDatanodeState (InitDatanodeState.java:persistContainerDatanodeDetails(138)) - DatanodeDetails is persisted to /home/runner/work/ozone/ozone/hadoop-ozone/integration-test/target/test-dir/MiniOzoneClusterImpl-cf870487-680b-486b-bad8-7b6ba16bedf6/datanode-2/meta/datanode.id
2022-10-16 13:15:30,432 [Listener at 127.0.0.1/35063] INFO  upgrade.AbstractLayoutVersionManager (AbstractLayoutVersionManager.java:init(83)) - Initializing Layout version manager with metadata layout = DATANODE_SCHEMA_V3 (version = 4), software layout = DATANODE_SCHEMA_V3 (version = 4)
2022-10-16 13:15:30,472 [Listener at 127.0.0.1/35063] INFO  reflections.Reflections (Reflections.java:scan(232)) - Reflections took 39 ms to scan 7 urls, producing 137 keys and 328 values 
2022-10-16 13:15:30,474 [Listener at 127.0.0.1/35063] INFO  statemachine.DatanodeStateMachine (DatanodeStateMachine.java:getEndPointTaskThreadPoolSize(237)) - Datanode State Machine Task Thread Pool size 2
2022-10-16 13:15:30,476 [Listener at 127.0.0.1/35063] INFO  volume.HddsVolume (HddsVolume.java:<init>(117)) - Creating HddsVolume: /home/runner/work/ozone/ozone/hadoop-ozone/integration-test/target/test-dir/MiniOzoneClusterImpl-cf870487-680b-486b-bad8-7b6ba16bedf6/datanode-3/data-0/containers/hdds of storage type : DISK capacity : 9223372036854775807
2022-10-16 13:15:30,477 [Listener at 127.0.0.1/35063] INFO  volume.MutableVolumeSet (MutableVolumeSet.java:initializeVolumeSet(174)) - Added Volume : /home/runner/work/ozone/ozone/hadoop-ozone/integration-test/target/test-dir/MiniOzoneClusterImpl-cf870487-680b-486b-bad8-7b6ba16bedf6/datanode-3/data-0/containers/hdds to VolumeSet
2022-10-16 13:15:30,477 [Listener at 127.0.0.1/35063] INFO  volume.ThrottledAsyncChecker (ThrottledAsyncChecker.java:schedule(141)) - Scheduling a check for /home/runner/work/ozone/ozone/hadoop-ozone/integration-test/target/test-dir/MiniOzoneClusterImpl-cf870487-680b-486b-bad8-7b6ba16bedf6/datanode-3/data-0/containers/hdds
2022-10-16 13:15:30,477 [Listener at 127.0.0.1/35063] INFO  volume.StorageVolumeChecker (StorageVolumeChecker.java:checkAllVolumes(202)) - Scheduled health check for volume /home/runner/work/ozone/ozone/hadoop-ozone/integration-test/target/test-dir/MiniOzoneClusterImpl-cf870487-680b-486b-bad8-7b6ba16bedf6/datanode-3/data-0/containers/hdds
2022-10-16 13:15:30,487 [Listener at 127.0.0.1/35063] INFO  volume.MutableVolumeSet (MutableVolumeSet.java:initializeVolumeSet(174)) - Added Volume : /home/runner/work/ozone/ozone/hadoop-ozone/integration-test/target/test-dir/MiniOzoneClusterImpl-cf870487-680b-486b-bad8-7b6ba16bedf6/datanode-3/data/ratis to VolumeSet
2022-10-16 13:15:30,487 [Listener at 127.0.0.1/35063] INFO  volume.ThrottledAsyncChecker (ThrottledAsyncChecker.java:schedule(141)) - Scheduling a check for /home/runner/work/ozone/ozone/hadoop-ozone/integration-test/target/test-dir/MiniOzoneClusterImpl-cf870487-680b-486b-bad8-7b6ba16bedf6/datanode-3/data/ratis
2022-10-16 13:15:30,488 [Listener at 127.0.0.1/35063] INFO  volume.StorageVolumeChecker (StorageVolumeChecker.java:checkAllVolumes(202)) - Scheduled health check for volume /home/runner/work/ozone/ozone/hadoop-ozone/integration-test/target/test-dir/MiniOzoneClusterImpl-cf870487-680b-486b-bad8-7b6ba16bedf6/datanode-3/data/ratis
2022-10-16 13:15:30,498 [Thread-1341] INFO  ozoneimpl.ContainerReader (ContainerReader.java:readVolume(175)) - Finish verifying containers on volume /home/runner/work/ozone/ozone/hadoop-ozone/integration-test/target/test-dir/MiniOzoneClusterImpl-cf870487-680b-486b-bad8-7b6ba16bedf6/datanode-3/data-0/containers/hdds
2022-10-16 13:15:30,498 [Listener at 127.0.0.1/35063] INFO  ozoneimpl.OzoneContainer (OzoneContainer.java:buildContainerSet(300)) - Build ContainerSet costs 0s
2022-10-16 13:15:30,500 [Listener at 127.0.0.1/35063] INFO  server.RaftServer (ConfUtils.java:logGet(46)) - raft.rpc.type = GRPC (default)
2022-10-16 13:15:30,500 [Listener at 127.0.0.1/35063] INFO  grpc.GrpcFactory (GrpcFactory.java:checkPooledByteBufAllocatorUseCacheForAllThreads(48)) - PERFORMANCE WARNING: useCacheForAllThreads is true that may cause Netty to create a lot garbage objects and, as a result, trigger GC.
	It is recommended to disable useCacheForAllThreads by setting -Dorg.apache.ratis.thirdparty.io.netty.allocator.useCacheForAllThreads=false in command line.
2022-10-16 13:15:30,500 [Listener at 127.0.0.1/35063] INFO  grpc.GrpcConfigKeys (ConfUtils.java:logGet(46)) - raft.grpc.admin.port = 0 (custom)
2022-10-16 13:15:30,500 [Listener at 127.0.0.1/35063] INFO  grpc.GrpcConfigKeys (ConfUtils.java:logGet(46)) - raft.grpc.client.port = 0 (custom)
2022-10-16 13:15:30,500 [Listener at 127.0.0.1/35063] INFO  grpc.GrpcConfigKeys (ConfUtils.java:logGet(46)) - raft.grpc.server.port = 0 (default)
2022-10-16 13:15:30,500 [Listener at 127.0.0.1/35063] INFO  server.GrpcService (ConfUtils.java:logGet(46)) - raft.grpc.message.size.max = 32MB (=33554432) (custom)
2022-10-16 13:15:30,500 [Listener at 127.0.0.1/35063] INFO  server.RaftServerConfigKeys (ConfUtils.java:logGet(46)) - raft.server.log.appender.buffer.byte-limit = 33554432 (custom)
2022-10-16 13:15:30,500 [Listener at 127.0.0.1/35063] INFO  server.GrpcService (ConfUtils.java:logGet(46)) - raft.grpc.flow.control.window = 5MB (=5242880) (custom)
2022-10-16 13:15:30,500 [Listener at 127.0.0.1/35063] INFO  server.RaftServerConfigKeys (ConfUtils.java:logGet(46)) - raft.server.rpc.request.timeout = 60s (custom)
2022-10-16 13:15:30,500 [Listener at 127.0.0.1/35063] INFO  grpc.GrpcConfigKeys (ConfUtils.java:logGet(46)) - raft.grpc.server.async.request.thread.pool.cached = true (default)
2022-10-16 13:15:30,500 [Listener at 127.0.0.1/35063] INFO  grpc.GrpcConfigKeys (ConfUtils.java:logGet(46)) - raft.grpc.server.async.request.thread.pool.size = 32 (default)
2022-10-16 13:15:30,501 [Listener at 127.0.0.1/35063] INFO  impl.DataStreamServerImpl (ConfUtils.java:logGet(46)) - raft.datastream.type = DISABLED (default)
2022-10-16 13:15:30,501 [Listener at 127.0.0.1/35063] INFO  server.RaftServerConfigKeys (ConfUtils.java:logGet(46)) - raft.server.threadpool.proxy.cached = true (default)
2022-10-16 13:15:30,501 [Listener at 127.0.0.1/35063] INFO  server.RaftServerConfigKeys (ConfUtils.java:logGet(46)) - raft.server.threadpool.proxy.size = 0 (default)
2022-10-16 13:15:30,501 [Listener at 127.0.0.1/35063] INFO  server.RaftServerConfigKeys (ConfUtils.java:logGet(46)) - raft.server.rpc.slowness.timeout = 300s (custom)
2022-10-16 13:15:30,502 [Listener at 127.0.0.1/35063] INFO  server.RaftServerConfigKeys (ConfUtils.java:logGet(46)) - raft.server.leaderelection.leader.step-down.wait-time = 10s (default)
2022-10-16 13:15:30,502 [Listener at 127.0.0.1/35063] INFO  server.RaftServerConfigKeys (ConfUtils.java:logGet(46)) - raft.server.storage.dir = [/home/runner/work/ozone/ozone/hadoop-ozone/integration-test/target/test-dir/MiniOzoneClusterImpl-cf870487-680b-486b-bad8-7b6ba16bedf6/datanode-3/data/ratis] (custom)
2022-10-16 13:15:30,503 [Listener at 127.0.0.1/35063] INFO  server.XceiverServerGrpc (XceiverServerGrpc.java:<init>(132)) - GrpcServer channel type EpollServerSocketChannel
2022-10-16 13:15:30,506 [Listener at 127.0.0.1/35063] INFO  http.BaseHttpServer (BaseHttpServer.java:newHttpServer2BuilderForOzone(213)) - Starting Web-server for hddsDatanode at: http://0.0.0.0:0
2022-10-16 13:15:30,506 [Listener at 127.0.0.1/35063] INFO  http.BaseHttpServer (BaseHttpServer.java:<init>(108)) - Hadoop Security Enabled: false Ozone Security Enabled: false Ozone HTTP Security Enabled: false 
2022-10-16 13:15:30,507 [Listener at 127.0.0.1/35063] WARN  server.AuthenticationFilter (AuthenticationFilter.java:constructSecretProvider(240)) - Unable to initialize FileSignerSecretProvider, falling back to use random secrets. Reason: Could not read signature secret file: /home/runner/hadoop-http-auth-signature-secret
2022-10-16 13:15:30,508 [Listener at 127.0.0.1/35063] WARN  http.HttpRequestLog (HttpRequestLog.java:getRequestLog(103)) - Jetty request log can only be enabled using Log4j
2022-10-16 13:15:30,509 [Listener at 127.0.0.1/35063] INFO  http.HttpServer2 (HttpServer2.java:addGlobalFilter(1031)) - Added global filter 'safety' (class=org.apache.hadoop.hdds.server.http.HttpServer2$QuotingInputFilter)
2022-10-16 13:15:30,509 [Listener at 127.0.0.1/35063] INFO  http.HttpServer2 (HttpServer2.java:addFilter(1007)) - Added filter static_user_filter (class=org.apache.hadoop.http.lib.StaticUserWebFilter$StaticUserFilter) to context hddsDatanode
2022-10-16 13:15:30,509 [Listener at 127.0.0.1/35063] INFO  http.HttpServer2 (HttpServer2.java:addFilter(1015)) - Added filter static_user_filter (class=org.apache.hadoop.http.lib.StaticUserWebFilter$StaticUserFilter) to context logs
2022-10-16 13:15:30,509 [Listener at 127.0.0.1/35063] INFO  http.HttpServer2 (HttpServer2.java:addFilter(1015)) - Added filter static_user_filter (class=org.apache.hadoop.http.lib.StaticUserWebFilter$StaticUserFilter) to context static
2022-10-16 13:15:30,509 [Listener at 127.0.0.1/35063] INFO  http.HttpServer2 (HttpServer2.java:bindListener(1250)) - Jetty bound to port 43897
2022-10-16 13:15:30,510 [Listener at 127.0.0.1/35063] INFO  server.Server (Server.java:doStart(375)) - jetty-9.4.43.v20210629; built: 2021-06-30T11:07:22.254Z; git: 526006ecfa3af7f1a27ef3a288e2bef7ea9dd7e8; jvm 1.8.0_345-b01
2022-10-16 13:15:30,511 [om1@group-C5BA1605619E-FollowerState] INFO  impl.FollowerState (FollowerState.java:run(143)) - om1@group-C5BA1605619E-FollowerState: change to CANDIDATE, lastRpcElapsedTime:1009169649ns, electionTimeout:1008ms
2022-10-16 13:15:30,511 [om1@group-C5BA1605619E-FollowerState] INFO  impl.RoleInfo (RoleInfo.java:shutdownFollowerState(110)) - om1: shutdown om1@group-C5BA1605619E-FollowerState
2022-10-16 13:15:30,511 [om1@group-C5BA1605619E-FollowerState] INFO  server.RaftServer$Division (RaftServerImpl.java:setRole(299)) - om1@group-C5BA1605619E: changes role from  FOLLOWER to CANDIDATE at term 0 for changeToCandidate
2022-10-16 13:15:30,512 [Listener at 127.0.0.1/35063] INFO  server.session (DefaultSessionIdManager.java:doStart(334)) - DefaultSessionIdManager workerName=node0
2022-10-16 13:15:30,512 [Listener at 127.0.0.1/35063] INFO  server.session (DefaultSessionIdManager.java:doStart(339)) - No SessionScavenger set, using defaults
2022-10-16 13:15:30,513 [Listener at 127.0.0.1/35063] INFO  server.session (HouseKeeper.java:startScavenging(132)) - node0 Scavenging every 600000ms
2022-10-16 13:15:30,513 [Listener at 127.0.0.1/35063] INFO  handler.ContextHandler (ContextHandler.java:doStart(915)) - Started o.e.j.s.ServletContextHandler@513319c4{logs,/logs,file:///home/runner/work/ozone/ozone/hadoop-ozone/integration-test/target/log,AVAILABLE}
2022-10-16 13:15:30,513 [Listener at 127.0.0.1/35063] INFO  handler.ContextHandler (ContextHandler.java:doStart(915)) - Started o.e.j.s.ServletContextHandler@13fe6553{static,/static,jar:file:/home/runner/.m2/repository/org/apache/ozone/hdds-container-service/1.3.0-SNAPSHOT/hdds-container-service-1.3.0-SNAPSHOT.jar!/webapps/static,AVAILABLE}
2022-10-16 13:15:30,520 [om1@group-C5BA1605619E-FollowerState] INFO  server.RaftServerConfigKeys (ConfUtils.java:logGet(46)) - raft.server.leaderelection.pre-vote = false (custom)
2022-10-16 13:15:30,520 [om1@group-C5BA1605619E-FollowerState] INFO  impl.RoleInfo (RoleInfo.java:updateAndGet(139)) - om1: start om1@group-C5BA1605619E-LeaderElection19
2022-10-16 13:15:30,535 [ReplicationMonitor] INFO  replication.ReplicationManager (ReplicationManager.java:processAll(291)) - Replication Manager is not ready to run until 3000ms after safemode exit
2022-10-16 13:15:30,538 [om1@group-C5BA1605619E-LeaderElection19] INFO  impl.LeaderElection (LeaderElection.java:askForVotes(310)) - om1@group-C5BA1605619E-LeaderElection19 ELECTION round 0: submit vote requests at term 1 for -1: [om1|rpc:localhost:9872|priority:0], old=null
2022-10-16 13:15:30,538 [om1@group-C5BA1605619E-LeaderElection19] INFO  impl.LeaderElection (LeaderElection.java:askForVotes(312)) - om1@group-C5BA1605619E-LeaderElection19 ELECTION round 0: result PASSED (term=1)
2022-10-16 13:15:30,538 [om1@group-C5BA1605619E-LeaderElection19] INFO  impl.RoleInfo (RoleInfo.java:shutdownLeaderElection(130)) - om1: shutdown om1@group-C5BA1605619E-LeaderElection19
2022-10-16 13:15:30,538 [om1@group-C5BA1605619E-LeaderElection19] INFO  server.RaftServer$Division (RaftServerImpl.java:setRole(299)) - om1@group-C5BA1605619E: changes role from CANDIDATE to LEADER at term 1 for changeToLeader
2022-10-16 13:15:30,538 [om1@group-C5BA1605619E-LeaderElection19] INFO  server.RaftServer$Division (ServerState.java:setLeader(287)) - om1@group-C5BA1605619E: change Leader from null to om1 at term 1 for becomeLeader, leader elected after 1663ms
2022-10-16 13:15:30,538 [om1@group-C5BA1605619E-LeaderElection19] INFO  server.RaftServerConfigKeys (ConfUtils.java:logGet(46)) - raft.server.staging.catchup.gap = 1000 (default)
2022-10-16 13:15:30,539 [om1@group-C5BA1605619E-LeaderElection19] INFO  server.RaftServerConfigKeys (ConfUtils.java:logGet(46)) - raft.server.write.element-limit = 4096 (default)
2022-10-16 13:15:30,539 [om1@group-C5BA1605619E-LeaderElection19] INFO  server.RaftServerConfigKeys (ConfUtils.java:logGet(46)) - raft.server.write.byte-limit = 64MB (=67108864) (default)
2022-10-16 13:15:30,539 [om1@group-C5BA1605619E-LeaderElection19] INFO  server.RaftServerConfigKeys (ConfUtils.java:logGet(46)) - raft.server.watch.timeout = 10s (default)
2022-10-16 13:15:30,539 [om1@group-C5BA1605619E-LeaderElection19] INFO  server.RaftServerConfigKeys (ConfUtils.java:logGet(46)) - raft.server.watch.timeout.denomination = 1s (default)
2022-10-16 13:15:30,539 [om1@group-C5BA1605619E-LeaderElection19] INFO  server.RaftServerConfigKeys (ConfUtils.java:logGet(46)) - raft.server.watch.element-limit = 65536 (default)
2022-10-16 13:15:30,539 [om1@group-C5BA1605619E-LeaderElection19] INFO  server.RaftServerConfigKeys (ConfUtils.java:logGet(46)) - raft.server.write.element-limit = 4096 (default)
2022-10-16 13:15:30,539 [om1@group-C5BA1605619E-LeaderElection19] INFO  server.RaftServerConfigKeys (ConfUtils.java:logGet(46)) - raft.server.write.follower.gap.ratio.max = -1.0 (default)
2022-10-16 13:15:30,539 [om1@group-C5BA1605619E-LeaderElection19] INFO  impl.RoleInfo (RoleInfo.java:updateAndGet(139)) - om1: start om1@group-C5BA1605619E-LeaderStateImpl
2022-10-16 13:15:30,539 [om1@group-C5BA1605619E-LeaderElection19] INFO  segmented.SegmentedRaftLogWorker (SegmentedRaftLogWorker.java:startLogSegment(425)) - om1@group-C5BA1605619E-SegmentedRaftLogWorker: Starting segment from index:0
2022-10-16 13:15:30,552 [om1@group-C5BA1605619E-SegmentedRaftLogWorker] INFO  segmented.SegmentedRaftLogWorker (SegmentedRaftLogWorker.java:execute(629)) - om1@group-C5BA1605619E-SegmentedRaftLogWorker: created new log segment /home/runner/work/ozone/ozone/hadoop-ozone/integration-test/target/test-dir/MiniOzoneClusterImpl-cf870487-680b-486b-bad8-7b6ba16bedf6/ozone-meta/ratis/bf265839-605b-3f16-9796-c5ba1605619e/current/log_inprogress_0
2022-10-16 13:15:30,553 [om1@group-C5BA1605619E-LeaderElection19] INFO  server.RaftServer$Division (ServerState.java:setRaftConf(393)) - om1@group-C5BA1605619E: set configuration 0: [om1|rpc:localhost:9872|admin:|client:|dataStream:|priority:0], old=null
2022-10-16 13:15:30,553 [om1@group-C5BA1605619E-StateMachineUpdater] INFO  ratis.OzoneManagerStateMachine (OzoneManagerStateMachine.java:notifyConfigurationChanged(192)) - Received Configuration change notification from Ratis. New Peer list:
[id: "om1"
address: "localhost:9872"
]
2022-10-16 13:15:30,697 [Listener at 127.0.0.1/35063] INFO  handler.ContextHandler (ContextHandler.java:doStart(915)) - Started o.e.j.w.WebAppContext@2c6a39de{hddsDatanode,/,file:///tmp/jetty-0_0_0_0-43897-hdds-container-service-1_3_0-SNAPSHOT_jar-_-any-2808497841449810510/webapp/,AVAILABLE}{jar:file:/home/runner/.m2/repository/org/apache/ozone/hdds-container-service/1.3.0-SNAPSHOT/hdds-container-service-1.3.0-SNAPSHOT.jar!/webapps/hddsDatanode}
2022-10-16 13:15:30,699 [Listener at 127.0.0.1/35063] INFO  server.AbstractConnector (AbstractConnector.java:doStart(331)) - Started ServerConnector@22bfcfcb{HTTP/1.1, (http/1.1)}{0.0.0.0:43897}
2022-10-16 13:15:30,699 [Listener at 127.0.0.1/35063] INFO  server.Server (Server.java:doStart(415)) - Started @111911ms
2022-10-16 13:15:30,699 [Listener at 127.0.0.1/35063] WARN  impl.MetricsSystemImpl (MetricsSystemImpl.java:register(279)) - Sink prometheus already exists!
2022-10-16 13:15:30,700 [Listener at 127.0.0.1/35063] INFO  http.BaseHttpServer (BaseHttpServer.java:updateConnectorAddress(333)) - HTTP server of hddsDatanode listening at http://0.0.0.0:43897
2022-10-16 13:15:30,700 [Datanode State Machine Daemon Thread] INFO  statemachine.DatanodeStateMachine (DatanodeStateMachine.java:lambda$startDaemon$0(492)) - Ozone container server started.
2022-10-16 13:15:30,700 [Listener at 127.0.0.1/35063] WARN  impl.MetricRegistriesImpl (MetricRegistriesImpl.java:addReporterRegistration(111)) - New reporters are added after registries were created. Some metrics will be missing from the reporter. Please add reporter before adding any new registry.
2022-10-16 13:15:30,701 [Listener at 127.0.0.1/35063] WARN  impl.MetricRegistriesImpl (MetricRegistriesImpl.java:addReporterRegistration(111)) - New reporters are added after registries were created. Some metrics will be missing from the reporter. Please add reporter before adding any new registry.
2022-10-16 13:15:30,703 [Listener at 127.0.0.1/35063] INFO  impl.MetricsSystemImpl (MetricsSystemImpl.java:init(158)) - HddsDatanode metrics system started (again)
2022-10-16 13:15:30,709 [org.apache.hadoop.util.JvmPauseMonitor$Monitor@22dabdb0] INFO  util.JvmPauseMonitor (JvmPauseMonitor.java:run(188)) - Starting JVM pause monitor
2022-10-16 13:15:30,710 [Datanode State Machine Task Thread - 0] INFO  datanode.InitDatanodeState (InitDatanodeState.java:persistContainerDatanodeDetails(138)) - DatanodeDetails is persisted to /home/runner/work/ozone/ozone/hadoop-ozone/integration-test/target/test-dir/MiniOzoneClusterImpl-cf870487-680b-486b-bad8-7b6ba16bedf6/datanode-3/meta/datanode.id
2022-10-16 13:15:30,716 [Listener at 127.0.0.1/35063] INFO  ozone.HddsDatanodeService (HddsDatanodeService.java:start(236)) - HddsDatanodeService host:fv-az308-250.etcbaq1qs54eplwmrjlabigyle.cx.internal.cloudapp.net ip:10.1.0.60
2022-10-16 13:15:30,740 [Listener at 127.0.0.1/35063] INFO  upgrade.AbstractLayoutVersionManager (AbstractLayoutVersionManager.java:init(83)) - Initializing Layout version manager with metadata layout = DATANODE_SCHEMA_V3 (version = 4), software layout = DATANODE_SCHEMA_V3 (version = 4)
2022-10-16 13:15:30,780 [Listener at 127.0.0.1/35063] INFO  reflections.Reflections (Reflections.java:scan(232)) - Reflections took 39 ms to scan 7 urls, producing 137 keys and 328 values 
2022-10-16 13:15:30,781 [Listener at 127.0.0.1/35063] INFO  statemachine.DatanodeStateMachine (DatanodeStateMachine.java:getEndPointTaskThreadPoolSize(237)) - Datanode State Machine Task Thread Pool size 2
2022-10-16 13:15:30,789 [Listener at 127.0.0.1/35063] INFO  volume.HddsVolume (HddsVolume.java:<init>(117)) - Creating HddsVolume: /home/runner/work/ozone/ozone/hadoop-ozone/integration-test/target/test-dir/MiniOzoneClusterImpl-cf870487-680b-486b-bad8-7b6ba16bedf6/datanode-4/data-0/containers/hdds of storage type : DISK capacity : 9223372036854775807
2022-10-16 13:15:30,789 [Listener at 127.0.0.1/35063] INFO  volume.MutableVolumeSet (MutableVolumeSet.java:initializeVolumeSet(174)) - Added Volume : /home/runner/work/ozone/ozone/hadoop-ozone/integration-test/target/test-dir/MiniOzoneClusterImpl-cf870487-680b-486b-bad8-7b6ba16bedf6/datanode-4/data-0/containers/hdds to VolumeSet
2022-10-16 13:15:30,789 [Listener at 127.0.0.1/35063] INFO  volume.ThrottledAsyncChecker (ThrottledAsyncChecker.java:schedule(141)) - Scheduling a check for /home/runner/work/ozone/ozone/hadoop-ozone/integration-test/target/test-dir/MiniOzoneClusterImpl-cf870487-680b-486b-bad8-7b6ba16bedf6/datanode-4/data-0/containers/hdds
2022-10-16 13:15:30,789 [Listener at 127.0.0.1/35063] INFO  volume.StorageVolumeChecker (StorageVolumeChecker.java:checkAllVolumes(202)) - Scheduled health check for volume /home/runner/work/ozone/ozone/hadoop-ozone/integration-test/target/test-dir/MiniOzoneClusterImpl-cf870487-680b-486b-bad8-7b6ba16bedf6/datanode-4/data-0/containers/hdds
2022-10-16 13:15:30,799 [Listener at 127.0.0.1/35063] INFO  volume.MutableVolumeSet (MutableVolumeSet.java:initializeVolumeSet(174)) - Added Volume : /home/runner/work/ozone/ozone/hadoop-ozone/integration-test/target/test-dir/MiniOzoneClusterImpl-cf870487-680b-486b-bad8-7b6ba16bedf6/datanode-4/data/ratis to VolumeSet
2022-10-16 13:15:30,799 [Listener at 127.0.0.1/35063] INFO  volume.ThrottledAsyncChecker (ThrottledAsyncChecker.java:schedule(141)) - Scheduling a check for /home/runner/work/ozone/ozone/hadoop-ozone/integration-test/target/test-dir/MiniOzoneClusterImpl-cf870487-680b-486b-bad8-7b6ba16bedf6/datanode-4/data/ratis
2022-10-16 13:15:30,800 [Listener at 127.0.0.1/35063] INFO  volume.StorageVolumeChecker (StorageVolumeChecker.java:checkAllVolumes(202)) - Scheduled health check for volume /home/runner/work/ozone/ozone/hadoop-ozone/integration-test/target/test-dir/MiniOzoneClusterImpl-cf870487-680b-486b-bad8-7b6ba16bedf6/datanode-4/data/ratis
2022-10-16 13:15:30,809 [Thread-1356] INFO  ozoneimpl.ContainerReader (ContainerReader.java:readVolume(175)) - Finish verifying containers on volume /home/runner/work/ozone/ozone/hadoop-ozone/integration-test/target/test-dir/MiniOzoneClusterImpl-cf870487-680b-486b-bad8-7b6ba16bedf6/datanode-4/data-0/containers/hdds
2022-10-16 13:15:30,809 [Listener at 127.0.0.1/35063] INFO  ozoneimpl.OzoneContainer (OzoneContainer.java:buildContainerSet(300)) - Build ContainerSet costs 0s
2022-10-16 13:15:30,811 [Listener at 127.0.0.1/35063] INFO  server.RaftServer (ConfUtils.java:logGet(46)) - raft.rpc.type = GRPC (default)
2022-10-16 13:15:30,811 [Listener at 127.0.0.1/35063] INFO  grpc.GrpcFactory (GrpcFactory.java:checkPooledByteBufAllocatorUseCacheForAllThreads(48)) - PERFORMANCE WARNING: useCacheForAllThreads is true that may cause Netty to create a lot garbage objects and, as a result, trigger GC.
	It is recommended to disable useCacheForAllThreads by setting -Dorg.apache.ratis.thirdparty.io.netty.allocator.useCacheForAllThreads=false in command line.
2022-10-16 13:15:30,811 [Listener at 127.0.0.1/35063] INFO  grpc.GrpcConfigKeys (ConfUtils.java:logGet(46)) - raft.grpc.admin.port = 0 (custom)
2022-10-16 13:15:30,811 [Listener at 127.0.0.1/35063] INFO  grpc.GrpcConfigKeys (ConfUtils.java:logGet(46)) - raft.grpc.client.port = 0 (custom)
2022-10-16 13:15:30,811 [Listener at 127.0.0.1/35063] INFO  grpc.GrpcConfigKeys (ConfUtils.java:logGet(46)) - raft.grpc.server.port = 0 (default)
2022-10-16 13:15:30,811 [Listener at 127.0.0.1/35063] INFO  server.GrpcService (ConfUtils.java:logGet(46)) - raft.grpc.message.size.max = 32MB (=33554432) (custom)
2022-10-16 13:15:30,811 [Listener at 127.0.0.1/35063] INFO  server.RaftServerConfigKeys (ConfUtils.java:logGet(46)) - raft.server.log.appender.buffer.byte-limit = 33554432 (custom)
2022-10-16 13:15:30,811 [Listener at 127.0.0.1/35063] INFO  server.GrpcService (ConfUtils.java:logGet(46)) - raft.grpc.flow.control.window = 5MB (=5242880) (custom)
2022-10-16 13:15:30,811 [Listener at 127.0.0.1/35063] INFO  server.RaftServerConfigKeys (ConfUtils.java:logGet(46)) - raft.server.rpc.request.timeout = 60s (custom)
2022-10-16 13:15:30,811 [Listener at 127.0.0.1/35063] INFO  grpc.GrpcConfigKeys (ConfUtils.java:logGet(46)) - raft.grpc.server.async.request.thread.pool.cached = true (default)
2022-10-16 13:15:30,812 [Listener at 127.0.0.1/35063] INFO  grpc.GrpcConfigKeys (ConfUtils.java:logGet(46)) - raft.grpc.server.async.request.thread.pool.size = 32 (default)
2022-10-16 13:15:30,812 [Listener at 127.0.0.1/35063] INFO  impl.DataStreamServerImpl (ConfUtils.java:logGet(46)) - raft.datastream.type = DISABLED (default)
2022-10-16 13:15:30,813 [Listener at 127.0.0.1/35063] INFO  server.RaftServerConfigKeys (ConfUtils.java:logGet(46)) - raft.server.threadpool.proxy.cached = true (default)
2022-10-16 13:15:30,813 [Listener at 127.0.0.1/35063] INFO  server.RaftServerConfigKeys (ConfUtils.java:logGet(46)) - raft.server.threadpool.proxy.size = 0 (default)
2022-10-16 13:15:30,813 [Listener at 127.0.0.1/35063] INFO  server.RaftServerConfigKeys (ConfUtils.java:logGet(46)) - raft.server.rpc.slowness.timeout = 300s (custom)
2022-10-16 13:15:30,813 [Listener at 127.0.0.1/35063] INFO  server.RaftServerConfigKeys (ConfUtils.java:logGet(46)) - raft.server.leaderelection.leader.step-down.wait-time = 10s (default)
2022-10-16 13:15:30,813 [Listener at 127.0.0.1/35063] INFO  server.RaftServerConfigKeys (ConfUtils.java:logGet(46)) - raft.server.storage.dir = [/home/runner/work/ozone/ozone/hadoop-ozone/integration-test/target/test-dir/MiniOzoneClusterImpl-cf870487-680b-486b-bad8-7b6ba16bedf6/datanode-4/data/ratis] (custom)
2022-10-16 13:15:30,814 [Listener at 127.0.0.1/35063] INFO  server.XceiverServerGrpc (XceiverServerGrpc.java:<init>(132)) - GrpcServer channel type EpollServerSocketChannel
2022-10-16 13:15:30,816 [Listener at 127.0.0.1/35063] INFO  http.BaseHttpServer (BaseHttpServer.java:newHttpServer2BuilderForOzone(213)) - Starting Web-server for hddsDatanode at: http://0.0.0.0:0
2022-10-16 13:15:30,816 [Listener at 127.0.0.1/35063] INFO  http.BaseHttpServer (BaseHttpServer.java:<init>(108)) - Hadoop Security Enabled: false Ozone Security Enabled: false Ozone HTTP Security Enabled: false 
2022-10-16 13:15:30,819 [Listener at 127.0.0.1/35063] WARN  server.AuthenticationFilter (AuthenticationFilter.java:constructSecretProvider(240)) - Unable to initialize FileSignerSecretProvider, falling back to use random secrets. Reason: Could not read signature secret file: /home/runner/hadoop-http-auth-signature-secret
2022-10-16 13:15:30,820 [Listener at 127.0.0.1/35063] WARN  http.HttpRequestLog (HttpRequestLog.java:getRequestLog(103)) - Jetty request log can only be enabled using Log4j
2022-10-16 13:15:30,821 [Listener at 127.0.0.1/35063] INFO  http.HttpServer2 (HttpServer2.java:addGlobalFilter(1031)) - Added global filter 'safety' (class=org.apache.hadoop.hdds.server.http.HttpServer2$QuotingInputFilter)
2022-10-16 13:15:30,821 [Listener at 127.0.0.1/35063] INFO  http.HttpServer2 (HttpServer2.java:addFilter(1007)) - Added filter static_user_filter (class=org.apache.hadoop.http.lib.StaticUserWebFilter$StaticUserFilter) to context hddsDatanode
2022-10-16 13:15:30,821 [Listener at 127.0.0.1/35063] INFO  http.HttpServer2 (HttpServer2.java:addFilter(1015)) - Added filter static_user_filter (class=org.apache.hadoop.http.lib.StaticUserWebFilter$StaticUserFilter) to context logs
2022-10-16 13:15:30,821 [Listener at 127.0.0.1/35063] INFO  http.HttpServer2 (HttpServer2.java:addFilter(1015)) - Added filter static_user_filter (class=org.apache.hadoop.http.lib.StaticUserWebFilter$StaticUserFilter) to context static
2022-10-16 13:15:30,822 [Listener at 127.0.0.1/35063] INFO  http.HttpServer2 (HttpServer2.java:bindListener(1250)) - Jetty bound to port 44731
2022-10-16 13:15:30,822 [Listener at 127.0.0.1/35063] INFO  server.Server (Server.java:doStart(375)) - jetty-9.4.43.v20210629; built: 2021-06-30T11:07:22.254Z; git: 526006ecfa3af7f1a27ef3a288e2bef7ea9dd7e8; jvm 1.8.0_345-b01
2022-10-16 13:15:30,823 [Listener at 127.0.0.1/35063] INFO  server.session (DefaultSessionIdManager.java:doStart(334)) - DefaultSessionIdManager workerName=node0
2022-10-16 13:15:30,823 [Listener at 127.0.0.1/35063] INFO  server.session (DefaultSessionIdManager.java:doStart(339)) - No SessionScavenger set, using defaults
2022-10-16 13:15:30,824 [Listener at 127.0.0.1/35063] INFO  server.session (HouseKeeper.java:startScavenging(132)) - node0 Scavenging every 600000ms
2022-10-16 13:15:30,826 [Listener at 127.0.0.1/35063] INFO  handler.ContextHandler (ContextHandler.java:doStart(915)) - Started o.e.j.s.ServletContextHandler@6c48420{logs,/logs,file:///home/runner/work/ozone/ozone/hadoop-ozone/integration-test/target/log,AVAILABLE}
2022-10-16 13:15:30,826 [Listener at 127.0.0.1/35063] INFO  handler.ContextHandler (ContextHandler.java:doStart(915)) - Started o.e.j.s.ServletContextHandler@3c391897{static,/static,jar:file:/home/runner/.m2/repository/org/apache/ozone/hdds-container-service/1.3.0-SNAPSHOT/hdds-container-service-1.3.0-SNAPSHOT.jar!/webapps/static,AVAILABLE}
2022-10-16 13:15:30,985 [Listener at 127.0.0.1/35063] INFO  handler.ContextHandler (ContextHandler.java:doStart(915)) - Started o.e.j.w.WebAppContext@7bcd37cf{hddsDatanode,/,file:///tmp/jetty-0_0_0_0-44731-hdds-container-service-1_3_0-SNAPSHOT_jar-_-any-2242741643546571606/webapp/,AVAILABLE}{jar:file:/home/runner/.m2/repository/org/apache/ozone/hdds-container-service/1.3.0-SNAPSHOT/hdds-container-service-1.3.0-SNAPSHOT.jar!/webapps/hddsDatanode}
2022-10-16 13:15:30,990 [Listener at 127.0.0.1/35063] INFO  server.AbstractConnector (AbstractConnector.java:doStart(331)) - Started ServerConnector@133fb973{HTTP/1.1, (http/1.1)}{0.0.0.0:44731}
2022-10-16 13:15:30,990 [Listener at 127.0.0.1/35063] INFO  server.Server (Server.java:doStart(415)) - Started @112202ms
2022-10-16 13:15:30,990 [Listener at 127.0.0.1/35063] WARN  impl.MetricsSystemImpl (MetricsSystemImpl.java:register(279)) - Sink prometheus already exists!
2022-10-16 13:15:30,990 [Listener at 127.0.0.1/35063] INFO  http.BaseHttpServer (BaseHttpServer.java:updateConnectorAddress(333)) - HTTP server of hddsDatanode listening at http://0.0.0.0:44731
2022-10-16 13:15:30,991 [Datanode State Machine Daemon Thread] INFO  statemachine.DatanodeStateMachine (DatanodeStateMachine.java:lambda$startDaemon$0(492)) - Ozone container server started.
2022-10-16 13:15:30,991 [Listener at 127.0.0.1/35063] INFO  ozone.MiniOzoneClusterImpl (MiniOzoneClusterImpl.java:lambda$waitForClusterToBeReady$0(216)) - Waiting for nodes to be ready. Got 0 of 5 DN Heartbeats.
2022-10-16 13:15:30,992 [Listener at 127.0.0.1/35063] INFO  ozone.MiniOzoneClusterImpl (MiniOzoneClusterImpl.java:lambda$waitForClusterToBeReady$0(219)) - Waiting for cluster to exit safe mode
2022-10-16 13:15:30,992 [Listener at 127.0.0.1/35063] INFO  ozone.MiniOzoneClusterImpl (MiniOzoneClusterImpl.java:lambda$waitForClusterToBeReady$0(221)) - SCM became leader
2022-10-16 13:15:30,996 [org.apache.hadoop.util.JvmPauseMonitor$Monitor@53513928] INFO  util.JvmPauseMonitor (JvmPauseMonitor.java:run(188)) - Starting JVM pause monitor
2022-10-16 13:15:30,997 [Datanode State Machine Task Thread - 0] INFO  datanode.InitDatanodeState (InitDatanodeState.java:persistContainerDatanodeDetails(138)) - DatanodeDetails is persisted to /home/runner/work/ozone/ozone/hadoop-ozone/integration-test/target/test-dir/MiniOzoneClusterImpl-cf870487-680b-486b-bad8-7b6ba16bedf6/datanode-4/meta/datanode.id
2022-10-16 13:15:31,086 [ReplicationMonitor] INFO  replication.ReplicationManager (ReplicationManager.java:processAll(324)) - Replication Monitor Thread took 0 milliseconds for processing 7 containers.
2022-10-16 13:15:31,536 [ReplicationMonitor] INFO  replication.ReplicationManager (ReplicationManager.java:processAll(291)) - Replication Manager is not ready to run until 3000ms after safemode exit
2022-10-16 13:15:31,884 [EndpointStateMachine task thread for /0.0.0.0:34355 - 0 ] INFO  volume.HddsVolume (HddsVolume.java:createDbStore(307)) - SchemaV3 db is created and loaded at /home/runner/work/ozone/ozone/hadoop-ozone/integration-test/target/test-dir/MiniOzoneClusterImpl-cf870487-680b-486b-bad8-7b6ba16bedf6/datanode-0/data-0/containers/hdds/cf870487-680b-486b-bad8-7b6ba16bedf6/DS-23cca3a6-2842-4085-811e-83b9cbbab35d/container.db for volume DS-23cca3a6-2842-4085-811e-83b9cbbab35d
2022-10-16 13:15:31,886 [EndpointStateMachine task thread for /0.0.0.0:34355 - 0 ] INFO  volume.HddsVolume (HddsVolume.java:closeDbStore(338)) - SchemaV3 db is stopped at /home/runner/work/ozone/ozone/hadoop-ozone/integration-test/target/test-dir/MiniOzoneClusterImpl-cf870487-680b-486b-bad8-7b6ba16bedf6/datanode-0/data-0/containers/hdds/cf870487-680b-486b-bad8-7b6ba16bedf6/DS-23cca3a6-2842-4085-811e-83b9cbbab35d/container.db for volume DS-23cca3a6-2842-4085-811e-83b9cbbab35d
2022-10-16 13:15:31,886 [EndpointStateMachine task thread for /0.0.0.0:34355 - 0 ] INFO  ozoneimpl.OzoneContainer (OzoneContainer.java:start(378)) - Attempting to start container services.
2022-10-16 13:15:31,886 [EndpointStateMachine task thread for /0.0.0.0:34355 - 0 ] INFO  ozoneimpl.OzoneContainer (OzoneContainer.java:startContainerScrub(313)) - Background container scanner has been disabled.
2022-10-16 13:15:31,888 [EndpointStateMachine task thread for /0.0.0.0:34355 - 0 ] INFO  replication.ReplicationServer (ReplicationServer.java:start(111)) - ReplicationServer is started using port 44869
2022-10-16 13:15:31,888 [EndpointStateMachine task thread for /0.0.0.0:34355 - 0 ] INFO  ratis.XceiverServerRatis (XceiverServerRatis.java:start(481)) - Starting XceiverServerRatis ca74570f-d5ef-461c-897e-e6b8abea5b82
2022-10-16 13:15:31,889 [EndpointStateMachine task thread for /0.0.0.0:34355 - 0 ] INFO  server.RaftServer (RaftServerProxy.java:lambda$start$6(382)) - ca74570f-d5ef-461c-897e-e6b8abea5b82: start RPC server
2022-10-16 13:15:31,891 [EndpointStateMachine task thread for /0.0.0.0:34355 - 0 ] INFO  server.GrpcService (GrpcService.java:startImpl(260)) - ca74570f-d5ef-461c-897e-e6b8abea5b82: GrpcService started, listening on 38749
2022-10-16 13:15:31,891 [EndpointStateMachine task thread for /0.0.0.0:34355 - 0 ] INFO  ratis.XceiverServerRatis (XceiverServerRatis.java:getRealPort(502)) - XceiverServerRatis ca74570f-d5ef-461c-897e-e6b8abea5b82 is started using port 38749 for RATIS
2022-10-16 13:15:31,891 [org.apache.ratis.util.JvmPauseMonitor$$Lambda$639/339294883@60eb6ba3] INFO  util.JvmPauseMonitor (JvmPauseMonitor.java:run(103)) - JvmPauseMonitor-ca74570f-d5ef-461c-897e-e6b8abea5b82: Started
2022-10-16 13:15:31,891 [EndpointStateMachine task thread for /0.0.0.0:34355 - 0 ] INFO  ratis.XceiverServerRatis (XceiverServerRatis.java:getRealPort(502)) - XceiverServerRatis ca74570f-d5ef-461c-897e-e6b8abea5b82 is started using port 38749 for RATIS_ADMIN
2022-10-16 13:15:31,891 [EndpointStateMachine task thread for /0.0.0.0:34355 - 0 ] INFO  ratis.XceiverServerRatis (XceiverServerRatis.java:getRealPort(502)) - XceiverServerRatis ca74570f-d5ef-461c-897e-e6b8abea5b82 is started using port 38749 for RATIS_SERVER
2022-10-16 13:15:31,894 [EndpointStateMachine task thread for /0.0.0.0:34355 - 0 ] INFO  server.XceiverServerGrpc (XceiverServerGrpc.java:start(180)) - XceiverServerGrpc ca74570f-d5ef-461c-897e-e6b8abea5b82 is started using port 42523
2022-10-16 13:15:31,993 [Listener at 127.0.0.1/35063] INFO  ozone.MiniOzoneClusterImpl (MiniOzoneClusterImpl.java:lambda$waitForClusterToBeReady$0(216)) - Waiting for nodes to be ready. Got 0 of 5 DN Heartbeats.
2022-10-16 13:15:31,993 [Listener at 127.0.0.1/35063] INFO  ozone.MiniOzoneClusterImpl (MiniOzoneClusterImpl.java:lambda$waitForClusterToBeReady$0(219)) - Waiting for cluster to exit safe mode
2022-10-16 13:15:31,993 [Listener at 127.0.0.1/35063] INFO  ozone.MiniOzoneClusterImpl (MiniOzoneClusterImpl.java:lambda$waitForClusterToBeReady$0(221)) - SCM became leader
2022-10-16 13:15:32,087 [ReplicationMonitor] INFO  replication.ReplicationManager (ReplicationManager.java:processAll(324)) - Replication Monitor Thread took 1 milliseconds for processing 7 containers.
2022-10-16 13:15:32,148 [EndpointStateMachine task thread for /0.0.0.0:34355 - 0 ] INFO  volume.HddsVolume (HddsVolume.java:createDbStore(307)) - SchemaV3 db is created and loaded at /home/runner/work/ozone/ozone/hadoop-ozone/integration-test/target/test-dir/MiniOzoneClusterImpl-cf870487-680b-486b-bad8-7b6ba16bedf6/datanode-1/data-0/containers/hdds/cf870487-680b-486b-bad8-7b6ba16bedf6/DS-92192453-36c6-42f3-b0f5-e3a38116d065/container.db for volume DS-92192453-36c6-42f3-b0f5-e3a38116d065
2022-10-16 13:15:32,149 [EndpointStateMachine task thread for /0.0.0.0:34355 - 0 ] INFO  volume.HddsVolume (HddsVolume.java:closeDbStore(338)) - SchemaV3 db is stopped at /home/runner/work/ozone/ozone/hadoop-ozone/integration-test/target/test-dir/MiniOzoneClusterImpl-cf870487-680b-486b-bad8-7b6ba16bedf6/datanode-1/data-0/containers/hdds/cf870487-680b-486b-bad8-7b6ba16bedf6/DS-92192453-36c6-42f3-b0f5-e3a38116d065/container.db for volume DS-92192453-36c6-42f3-b0f5-e3a38116d065
2022-10-16 13:15:32,149 [EndpointStateMachine task thread for /0.0.0.0:34355 - 0 ] INFO  ozoneimpl.OzoneContainer (OzoneContainer.java:start(378)) - Attempting to start container services.
2022-10-16 13:15:32,149 [EndpointStateMachine task thread for /0.0.0.0:34355 - 0 ] INFO  ozoneimpl.OzoneContainer (OzoneContainer.java:startContainerScrub(313)) - Background container scanner has been disabled.
2022-10-16 13:15:32,151 [EndpointStateMachine task thread for /0.0.0.0:34355 - 0 ] INFO  replication.ReplicationServer (ReplicationServer.java:start(111)) - ReplicationServer is started using port 33613
2022-10-16 13:15:32,152 [EndpointStateMachine task thread for /0.0.0.0:34355 - 0 ] INFO  ratis.XceiverServerRatis (XceiverServerRatis.java:start(481)) - Starting XceiverServerRatis d8e7758e-d378-472a-aba8-a4942fe78a6e
2022-10-16 13:15:32,152 [EndpointStateMachine task thread for /0.0.0.0:34355 - 0 ] INFO  server.RaftServer (RaftServerProxy.java:lambda$start$6(382)) - d8e7758e-d378-472a-aba8-a4942fe78a6e: start RPC server
2022-10-16 13:15:32,154 [EndpointStateMachine task thread for /0.0.0.0:34355 - 0 ] INFO  server.GrpcService (GrpcService.java:startImpl(260)) - d8e7758e-d378-472a-aba8-a4942fe78a6e: GrpcService started, listening on 41375
2022-10-16 13:15:32,156 [EndpointStateMachine task thread for /0.0.0.0:34355 - 0 ] INFO  ratis.XceiverServerRatis (XceiverServerRatis.java:getRealPort(502)) - XceiverServerRatis d8e7758e-d378-472a-aba8-a4942fe78a6e is started using port 41375 for RATIS
2022-10-16 13:15:32,156 [EndpointStateMachine task thread for /0.0.0.0:34355 - 0 ] INFO  ratis.XceiverServerRatis (XceiverServerRatis.java:getRealPort(502)) - XceiverServerRatis d8e7758e-d378-472a-aba8-a4942fe78a6e is started using port 41375 for RATIS_ADMIN
2022-10-16 13:15:32,156 [EndpointStateMachine task thread for /0.0.0.0:34355 - 0 ] INFO  ratis.XceiverServerRatis (XceiverServerRatis.java:getRealPort(502)) - XceiverServerRatis d8e7758e-d378-472a-aba8-a4942fe78a6e is started using port 41375 for RATIS_SERVER
2022-10-16 13:15:32,156 [org.apache.ratis.util.JvmPauseMonitor$$Lambda$639/339294883@29ec987b] INFO  util.JvmPauseMonitor (JvmPauseMonitor.java:run(103)) - JvmPauseMonitor-d8e7758e-d378-472a-aba8-a4942fe78a6e: Started
2022-10-16 13:15:32,160 [EndpointStateMachine task thread for /0.0.0.0:34355 - 0 ] INFO  server.XceiverServerGrpc (XceiverServerGrpc.java:start(180)) - XceiverServerGrpc d8e7758e-d378-472a-aba8-a4942fe78a6e is started using port 37941
2022-10-16 13:15:32,444 [EndpointStateMachine task thread for /0.0.0.0:34355 - 0 ] INFO  volume.HddsVolume (HddsVolume.java:createDbStore(307)) - SchemaV3 db is created and loaded at /home/runner/work/ozone/ozone/hadoop-ozone/integration-test/target/test-dir/MiniOzoneClusterImpl-cf870487-680b-486b-bad8-7b6ba16bedf6/datanode-2/data-0/containers/hdds/cf870487-680b-486b-bad8-7b6ba16bedf6/DS-0a44b8ec-3c6c-4a42-ba94-5d59ae9287c4/container.db for volume DS-0a44b8ec-3c6c-4a42-ba94-5d59ae9287c4
2022-10-16 13:15:32,445 [EndpointStateMachine task thread for /0.0.0.0:34355 - 0 ] INFO  volume.HddsVolume (HddsVolume.java:closeDbStore(338)) - SchemaV3 db is stopped at /home/runner/work/ozone/ozone/hadoop-ozone/integration-test/target/test-dir/MiniOzoneClusterImpl-cf870487-680b-486b-bad8-7b6ba16bedf6/datanode-2/data-0/containers/hdds/cf870487-680b-486b-bad8-7b6ba16bedf6/DS-0a44b8ec-3c6c-4a42-ba94-5d59ae9287c4/container.db for volume DS-0a44b8ec-3c6c-4a42-ba94-5d59ae9287c4
2022-10-16 13:15:32,445 [EndpointStateMachine task thread for /0.0.0.0:34355 - 0 ] INFO  ozoneimpl.OzoneContainer (OzoneContainer.java:start(378)) - Attempting to start container services.
2022-10-16 13:15:32,445 [EndpointStateMachine task thread for /0.0.0.0:34355 - 0 ] INFO  ozoneimpl.OzoneContainer (OzoneContainer.java:startContainerScrub(313)) - Background container scanner has been disabled.
2022-10-16 13:15:32,447 [EndpointStateMachine task thread for /0.0.0.0:34355 - 0 ] INFO  replication.ReplicationServer (ReplicationServer.java:start(111)) - ReplicationServer is started using port 40877
2022-10-16 13:15:32,448 [EndpointStateMachine task thread for /0.0.0.0:34355 - 0 ] INFO  ratis.XceiverServerRatis (XceiverServerRatis.java:start(481)) - Starting XceiverServerRatis 33453323-e81f-447d-802c-765fb1b7f937
2022-10-16 13:15:32,448 [EndpointStateMachine task thread for /0.0.0.0:34355 - 0 ] INFO  server.RaftServer (RaftServerProxy.java:lambda$start$6(382)) - 33453323-e81f-447d-802c-765fb1b7f937: start RPC server
2022-10-16 13:15:32,451 [EndpointStateMachine task thread for /0.0.0.0:34355 - 0 ] INFO  server.GrpcService (GrpcService.java:startImpl(260)) - 33453323-e81f-447d-802c-765fb1b7f937: GrpcService started, listening on 43237
2022-10-16 13:15:32,452 [EndpointStateMachine task thread for /0.0.0.0:34355 - 0 ] INFO  ratis.XceiverServerRatis (XceiverServerRatis.java:getRealPort(502)) - XceiverServerRatis 33453323-e81f-447d-802c-765fb1b7f937 is started using port 43237 for RATIS
2022-10-16 13:15:32,452 [EndpointStateMachine task thread for /0.0.0.0:34355 - 0 ] INFO  ratis.XceiverServerRatis (XceiverServerRatis.java:getRealPort(502)) - XceiverServerRatis 33453323-e81f-447d-802c-765fb1b7f937 is started using port 43237 for RATIS_ADMIN
2022-10-16 13:15:32,452 [org.apache.ratis.util.JvmPauseMonitor$$Lambda$639/339294883@73c9a8e8] INFO  util.JvmPauseMonitor (JvmPauseMonitor.java:run(103)) - JvmPauseMonitor-33453323-e81f-447d-802c-765fb1b7f937: Started
2022-10-16 13:15:32,452 [EndpointStateMachine task thread for /0.0.0.0:34355 - 0 ] INFO  ratis.XceiverServerRatis (XceiverServerRatis.java:getRealPort(502)) - XceiverServerRatis 33453323-e81f-447d-802c-765fb1b7f937 is started using port 43237 for RATIS_SERVER
2022-10-16 13:15:32,455 [EndpointStateMachine task thread for /0.0.0.0:34355 - 0 ] INFO  server.XceiverServerGrpc (XceiverServerGrpc.java:start(180)) - XceiverServerGrpc 33453323-e81f-447d-802c-765fb1b7f937 is started using port 39345
2022-10-16 13:15:32,536 [ReplicationMonitor] INFO  replication.ReplicationManager (ReplicationManager.java:processAll(291)) - Replication Manager is not ready to run until 3000ms after safemode exit
2022-10-16 13:15:32,744 [EndpointStateMachine task thread for /0.0.0.0:34355 - 0 ] INFO  volume.HddsVolume (HddsVolume.java:createDbStore(307)) - SchemaV3 db is created and loaded at /home/runner/work/ozone/ozone/hadoop-ozone/integration-test/target/test-dir/MiniOzoneClusterImpl-cf870487-680b-486b-bad8-7b6ba16bedf6/datanode-3/data-0/containers/hdds/cf870487-680b-486b-bad8-7b6ba16bedf6/DS-188dff63-d5f3-4762-939c-5624863fec64/container.db for volume DS-188dff63-d5f3-4762-939c-5624863fec64
2022-10-16 13:15:32,746 [EndpointStateMachine task thread for /0.0.0.0:34355 - 0 ] INFO  volume.HddsVolume (HddsVolume.java:closeDbStore(338)) - SchemaV3 db is stopped at /home/runner/work/ozone/ozone/hadoop-ozone/integration-test/target/test-dir/MiniOzoneClusterImpl-cf870487-680b-486b-bad8-7b6ba16bedf6/datanode-3/data-0/containers/hdds/cf870487-680b-486b-bad8-7b6ba16bedf6/DS-188dff63-d5f3-4762-939c-5624863fec64/container.db for volume DS-188dff63-d5f3-4762-939c-5624863fec64
2022-10-16 13:15:32,747 [EndpointStateMachine task thread for /0.0.0.0:34355 - 0 ] INFO  ozoneimpl.OzoneContainer (OzoneContainer.java:start(378)) - Attempting to start container services.
2022-10-16 13:15:32,747 [EndpointStateMachine task thread for /0.0.0.0:34355 - 0 ] INFO  ozoneimpl.OzoneContainer (OzoneContainer.java:startContainerScrub(313)) - Background container scanner has been disabled.
2022-10-16 13:15:32,749 [EndpointStateMachine task thread for /0.0.0.0:34355 - 0 ] INFO  replication.ReplicationServer (ReplicationServer.java:start(111)) - ReplicationServer is started using port 39095
2022-10-16 13:15:32,750 [EndpointStateMachine task thread for /0.0.0.0:34355 - 0 ] INFO  ratis.XceiverServerRatis (XceiverServerRatis.java:start(481)) - Starting XceiverServerRatis 9ba096f9-62f1-4ee1-b4ad-8147bf5038d9
2022-10-16 13:15:32,751 [EndpointStateMachine task thread for /0.0.0.0:34355 - 0 ] INFO  server.RaftServer (RaftServerProxy.java:lambda$start$6(382)) - 9ba096f9-62f1-4ee1-b4ad-8147bf5038d9: start RPC server
2022-10-16 13:15:32,753 [EndpointStateMachine task thread for /0.0.0.0:34355 - 0 ] INFO  server.GrpcService (GrpcService.java:startImpl(260)) - 9ba096f9-62f1-4ee1-b4ad-8147bf5038d9: GrpcService started, listening on 43045
2022-10-16 13:15:32,753 [EndpointStateMachine task thread for /0.0.0.0:34355 - 0 ] INFO  ratis.XceiverServerRatis (XceiverServerRatis.java:getRealPort(502)) - XceiverServerRatis 9ba096f9-62f1-4ee1-b4ad-8147bf5038d9 is started using port 43045 for RATIS
2022-10-16 13:15:32,753 [EndpointStateMachine task thread for /0.0.0.0:34355 - 0 ] INFO  ratis.XceiverServerRatis (XceiverServerRatis.java:getRealPort(502)) - XceiverServerRatis 9ba096f9-62f1-4ee1-b4ad-8147bf5038d9 is started using port 43045 for RATIS_ADMIN
2022-10-16 13:15:32,753 [EndpointStateMachine task thread for /0.0.0.0:34355 - 0 ] INFO  ratis.XceiverServerRatis (XceiverServerRatis.java:getRealPort(502)) - XceiverServerRatis 9ba096f9-62f1-4ee1-b4ad-8147bf5038d9 is started using port 43045 for RATIS_SERVER
2022-10-16 13:15:32,754 [org.apache.ratis.util.JvmPauseMonitor$$Lambda$639/339294883@44c63ba8] INFO  util.JvmPauseMonitor (JvmPauseMonitor.java:run(103)) - JvmPauseMonitor-9ba096f9-62f1-4ee1-b4ad-8147bf5038d9: Started
2022-10-16 13:15:32,760 [EndpointStateMachine task thread for /0.0.0.0:34355 - 0 ] INFO  server.XceiverServerGrpc (XceiverServerGrpc.java:start(180)) - XceiverServerGrpc 9ba096f9-62f1-4ee1-b4ad-8147bf5038d9 is started using port 33221
2022-10-16 13:15:32,993 [Listener at 127.0.0.1/35063] INFO  ozone.MiniOzoneClusterImpl (MiniOzoneClusterImpl.java:lambda$waitForClusterToBeReady$0(216)) - Waiting for nodes to be ready. Got 0 of 5 DN Heartbeats.
2022-10-16 13:15:32,994 [Listener at 127.0.0.1/35063] INFO  ozone.MiniOzoneClusterImpl (MiniOzoneClusterImpl.java:lambda$waitForClusterToBeReady$0(219)) - Waiting for cluster to exit safe mode
2022-10-16 13:15:32,994 [Listener at 127.0.0.1/35063] INFO  ozone.MiniOzoneClusterImpl (MiniOzoneClusterImpl.java:lambda$waitForClusterToBeReady$0(221)) - SCM became leader
2022-10-16 13:15:33,034 [EndpointStateMachine task thread for /0.0.0.0:34355 - 0 ] INFO  volume.HddsVolume (HddsVolume.java:createDbStore(307)) - SchemaV3 db is created and loaded at /home/runner/work/ozone/ozone/hadoop-ozone/integration-test/target/test-dir/MiniOzoneClusterImpl-cf870487-680b-486b-bad8-7b6ba16bedf6/datanode-4/data-0/containers/hdds/cf870487-680b-486b-bad8-7b6ba16bedf6/DS-a1f86eca-0e8f-4988-9cb9-889d72bf0911/container.db for volume DS-a1f86eca-0e8f-4988-9cb9-889d72bf0911
2022-10-16 13:15:33,035 [EndpointStateMachine task thread for /0.0.0.0:34355 - 0 ] INFO  volume.HddsVolume (HddsVolume.java:closeDbStore(338)) - SchemaV3 db is stopped at /home/runner/work/ozone/ozone/hadoop-ozone/integration-test/target/test-dir/MiniOzoneClusterImpl-cf870487-680b-486b-bad8-7b6ba16bedf6/datanode-4/data-0/containers/hdds/cf870487-680b-486b-bad8-7b6ba16bedf6/DS-a1f86eca-0e8f-4988-9cb9-889d72bf0911/container.db for volume DS-a1f86eca-0e8f-4988-9cb9-889d72bf0911
2022-10-16 13:15:33,035 [EndpointStateMachine task thread for /0.0.0.0:34355 - 0 ] INFO  ozoneimpl.OzoneContainer (OzoneContainer.java:start(378)) - Attempting to start container services.
2022-10-16 13:15:33,035 [EndpointStateMachine task thread for /0.0.0.0:34355 - 0 ] INFO  ozoneimpl.OzoneContainer (OzoneContainer.java:startContainerScrub(313)) - Background container scanner has been disabled.
2022-10-16 13:15:33,038 [EndpointStateMachine task thread for /0.0.0.0:34355 - 0 ] INFO  replication.ReplicationServer (ReplicationServer.java:start(111)) - ReplicationServer is started using port 34715
2022-10-16 13:15:33,038 [EndpointStateMachine task thread for /0.0.0.0:34355 - 0 ] INFO  ratis.XceiverServerRatis (XceiverServerRatis.java:start(481)) - Starting XceiverServerRatis 3ba9e91d-c91b-441f-af9f-489ed1e42370
2022-10-16 13:15:33,039 [EndpointStateMachine task thread for /0.0.0.0:34355 - 0 ] INFO  server.RaftServer (RaftServerProxy.java:lambda$start$6(382)) - 3ba9e91d-c91b-441f-af9f-489ed1e42370: start RPC server
2022-10-16 13:15:33,040 [EndpointStateMachine task thread for /0.0.0.0:34355 - 0 ] INFO  server.GrpcService (GrpcService.java:startImpl(260)) - 3ba9e91d-c91b-441f-af9f-489ed1e42370: GrpcService started, listening on 43745
2022-10-16 13:15:33,041 [EndpointStateMachine task thread for /0.0.0.0:34355 - 0 ] INFO  ratis.XceiverServerRatis (XceiverServerRatis.java:getRealPort(502)) - XceiverServerRatis 3ba9e91d-c91b-441f-af9f-489ed1e42370 is started using port 43745 for RATIS
2022-10-16 13:15:33,041 [EndpointStateMachine task thread for /0.0.0.0:34355 - 0 ] INFO  ratis.XceiverServerRatis (XceiverServerRatis.java:getRealPort(502)) - XceiverServerRatis 3ba9e91d-c91b-441f-af9f-489ed1e42370 is started using port 43745 for RATIS_ADMIN
2022-10-16 13:15:33,041 [org.apache.ratis.util.JvmPauseMonitor$$Lambda$639/339294883@6d03d83d] INFO  util.JvmPauseMonitor (JvmPauseMonitor.java:run(103)) - JvmPauseMonitor-3ba9e91d-c91b-441f-af9f-489ed1e42370: Started
2022-10-16 13:15:33,041 [EndpointStateMachine task thread for /0.0.0.0:34355 - 0 ] INFO  ratis.XceiverServerRatis (XceiverServerRatis.java:getRealPort(502)) - XceiverServerRatis 3ba9e91d-c91b-441f-af9f-489ed1e42370 is started using port 43745 for RATIS_SERVER
2022-10-16 13:15:33,043 [EndpointStateMachine task thread for /0.0.0.0:34355 - 0 ] INFO  server.XceiverServerGrpc (XceiverServerGrpc.java:start(180)) - XceiverServerGrpc 3ba9e91d-c91b-441f-af9f-489ed1e42370 is started using port 34891
2022-10-16 13:15:33,088 [ReplicationMonitor] INFO  replication.ReplicationManager (ReplicationManager.java:processAll(324)) - Replication Monitor Thread took 0 milliseconds for processing 7 containers.
2022-10-16 13:15:33,536 [ReplicationMonitor] INFO  replication.ReplicationManager (ReplicationManager.java:processAll(291)) - Replication Manager is not ready to run until 3000ms after safemode exit
2022-10-16 13:15:33,844 [IPC Server handler 1 on default port 34355] INFO  net.NetworkTopologyImpl (NetworkTopologyImpl.java:add(112)) - Added a new node: /default-rack/ca74570f-d5ef-461c-897e-e6b8abea5b82
2022-10-16 13:15:33,845 [IPC Server handler 1 on default port 34355] INFO  node.SCMNodeManager (SCMNodeManager.java:register(397)) - Registered Data node : ca74570f-d5ef-461c-897e-e6b8abea5b82{ip: 10.1.0.60, host: fv-az308-250.etcbaq1qs54eplwmrjlabigyle.cx.internal.cloudapp.net, ports: [REPLICATION=44869, RATIS=38749, RATIS_ADMIN=38749, RATIS_SERVER=38749, STANDALONE=42523], networkLocation: /default-rack, certSerialId: null, persistedOpState: null, persistedOpStateExpiryEpochSec: 0}
2022-10-16 13:15:33,847 [EventQueue-NewNodeForNewNodeHandler] INFO  pipeline.BackgroundPipelineCreator (BackgroundPipelineCreator.java:notifyEventTriggered(276)) - trigger a one-shot run on RatisPipelineUtilsThread.
2022-10-16 13:15:33,848 [RatisPipelineUtilsThread - 0] INFO  pipeline.RatisPipelineProvider (RatisPipelineProvider.java:lambda$create$0(195)) - Sending CreatePipelineCommand for pipeline:PipelineID=1680fb3d-37c9-401f-8dec-81c29bb732af to datanode:ca74570f-d5ef-461c-897e-e6b8abea5b82
2022-10-16 13:15:33,848 [EventQueue-NodeRegistrationContainerReportForContainerSafeModeRule] INFO  safemode.SCMSafeModeManager (SCMSafeModeManager.java:validateSafeModeExitRules(204)) - ContainerSafeModeRule rule is successfully validated
2022-10-16 13:15:33,848 [EventQueue-NodeRegistrationContainerReportForDataNodeSafeModeRule] INFO  safemode.SCMSafeModeManager (DataNodeSafeModeRule.java:process(71)) - SCM in safe mode. 1 DataNodes registered, 3 required.
2022-10-16 13:15:33,848 [RatisPipelineUtilsThread - 0] INFO  pipeline.PipelineStateManagerImpl (PipelineStateManagerImpl.java:addPipeline(103)) - Created pipeline Pipeline[ Id: 1680fb3d-37c9-401f-8dec-81c29bb732af, Nodes: ca74570f-d5ef-461c-897e-e6b8abea5b82{ip: 10.1.0.60, host: fv-az308-250.etcbaq1qs54eplwmrjlabigyle.cx.internal.cloudapp.net, ports: [REPLICATION=44869, RATIS=38749, RATIS_ADMIN=38749, RATIS_SERVER=38749, STANDALONE=42523], networkLocation: /default-rack, certSerialId: null, persistedOpState: IN_SERVICE, persistedOpStateExpiryEpochSec: 0}, ReplicationConfig: RATIS/ONE, State:ALLOCATED, leaderId:, CreationTimestamp2022-10-16T13:15:33.848Z[Etc/UTC]].
2022-10-16 13:15:33,852 [EventQueue-PipelineReportForOneReplicaPipelineSafeModeRule] INFO  safemode.SCMSafeModeManager (SCMSafeModeManager.java:validateSafeModeExitRules(204)) - AtleastOneDatanodeReportedRule rule is successfully validated
2022-10-16 13:15:33,994 [Listener at 127.0.0.1/35063] INFO  ozone.MiniOzoneClusterImpl (MiniOzoneClusterImpl.java:lambda$waitForClusterToBeReady$0(216)) - Waiting for nodes to be ready. Got 1 of 5 DN Heartbeats.
2022-10-16 13:15:33,994 [Listener at 127.0.0.1/35063] INFO  ozone.MiniOzoneClusterImpl (MiniOzoneClusterImpl.java:lambda$waitForClusterToBeReady$0(219)) - Waiting for cluster to exit safe mode
2022-10-16 13:15:33,994 [Listener at 127.0.0.1/35063] INFO  ozone.MiniOzoneClusterImpl (MiniOzoneClusterImpl.java:lambda$waitForClusterToBeReady$0(221)) - SCM became leader
2022-10-16 13:15:34,088 [ReplicationMonitor] INFO  replication.ReplicationManager (ReplicationManager.java:processAll(324)) - Replication Monitor Thread took 0 milliseconds for processing 7 containers.
2022-10-16 13:15:34,119 [IPC Server handler 2 on default port 34355] INFO  net.NetworkTopologyImpl (NetworkTopologyImpl.java:add(112)) - Added a new node: /default-rack/d8e7758e-d378-472a-aba8-a4942fe78a6e
2022-10-16 13:15:34,119 [IPC Server handler 2 on default port 34355] INFO  node.SCMNodeManager (SCMNodeManager.java:register(397)) - Registered Data node : d8e7758e-d378-472a-aba8-a4942fe78a6e{ip: 10.1.0.60, host: fv-az308-250.etcbaq1qs54eplwmrjlabigyle.cx.internal.cloudapp.net, ports: [REPLICATION=33613, RATIS=41375, RATIS_ADMIN=41375, RATIS_SERVER=41375, STANDALONE=37941], networkLocation: /default-rack, certSerialId: null, persistedOpState: null, persistedOpStateExpiryEpochSec: 0}
2022-10-16 13:15:34,120 [EventQueue-NewNodeForNewNodeHandler] INFO  pipeline.BackgroundPipelineCreator (BackgroundPipelineCreator.java:notifyEventTriggered(276)) - trigger a one-shot run on RatisPipelineUtilsThread.
2022-10-16 13:15:34,120 [EventQueue-NodeRegistrationContainerReportForDataNodeSafeModeRule] INFO  safemode.SCMSafeModeManager (DataNodeSafeModeRule.java:process(71)) - SCM in safe mode. 2 DataNodes registered, 3 required.
2022-10-16 13:15:34,120 [RatisPipelineUtilsThread - 0] INFO  pipeline.RatisPipelineProvider (RatisPipelineProvider.java:lambda$create$0(195)) - Sending CreatePipelineCommand for pipeline:PipelineID=f0247269-f436-4c4d-b6c7-b5a5f55713f9 to datanode:d8e7758e-d378-472a-aba8-a4942fe78a6e
2022-10-16 13:15:34,121 [RatisPipelineUtilsThread - 0] INFO  pipeline.PipelineStateManagerImpl (PipelineStateManagerImpl.java:addPipeline(103)) - Created pipeline Pipeline[ Id: f0247269-f436-4c4d-b6c7-b5a5f55713f9, Nodes: d8e7758e-d378-472a-aba8-a4942fe78a6e{ip: 10.1.0.60, host: fv-az308-250.etcbaq1qs54eplwmrjlabigyle.cx.internal.cloudapp.net, ports: [REPLICATION=33613, RATIS=41375, RATIS_ADMIN=41375, RATIS_SERVER=41375, STANDALONE=37941], networkLocation: /default-rack, certSerialId: null, persistedOpState: IN_SERVICE, persistedOpStateExpiryEpochSec: 0}, ReplicationConfig: RATIS/ONE, State:ALLOCATED, leaderId:, CreationTimestamp2022-10-16T13:15:34.120Z[Etc/UTC]].
2022-10-16 13:15:34,412 [IPC Server handler 3 on default port 34355] INFO  net.NetworkTopologyImpl (NetworkTopologyImpl.java:add(112)) - Added a new node: /default-rack/33453323-e81f-447d-802c-765fb1b7f937
2022-10-16 13:15:34,413 [IPC Server handler 3 on default port 34355] INFO  node.SCMNodeManager (SCMNodeManager.java:register(397)) - Registered Data node : 33453323-e81f-447d-802c-765fb1b7f937{ip: 10.1.0.60, host: fv-az308-250.etcbaq1qs54eplwmrjlabigyle.cx.internal.cloudapp.net, ports: [REPLICATION=40877, RATIS=43237, RATIS_ADMIN=43237, RATIS_SERVER=43237, STANDALONE=39345], networkLocation: /default-rack, certSerialId: null, persistedOpState: null, persistedOpStateExpiryEpochSec: 0}
2022-10-16 13:15:34,413 [EventQueue-NewNodeForNewNodeHandler] INFO  pipeline.BackgroundPipelineCreator (BackgroundPipelineCreator.java:notifyEventTriggered(276)) - trigger a one-shot run on RatisPipelineUtilsThread.
2022-10-16 13:15:34,413 [RatisPipelineUtilsThread - 0] INFO  pipeline.RatisPipelineProvider (RatisPipelineProvider.java:lambda$create$0(195)) - Sending CreatePipelineCommand for pipeline:PipelineID=1f2f45d7-95e1-4383-82cf-e0d59647dc56 to datanode:33453323-e81f-447d-802c-765fb1b7f937
2022-10-16 13:15:34,413 [EventQueue-NodeRegistrationContainerReportForDataNodeSafeModeRule] INFO  safemode.SCMSafeModeManager (DataNodeSafeModeRule.java:process(71)) - SCM in safe mode. 3 DataNodes registered, 3 required.
2022-10-16 13:15:34,413 [EventQueue-NodeRegistrationContainerReportForDataNodeSafeModeRule] INFO  safemode.SCMSafeModeManager (SCMSafeModeManager.java:validateSafeModeExitRules(204)) - DataNodeSafeModeRule rule is successfully validated
2022-10-16 13:15:34,413 [EventQueue-NodeRegistrationContainerReportForDataNodeSafeModeRule] INFO  safemode.SCMSafeModeManager (SCMSafeModeManager.java:completePreCheck(233)) - All SCM safe mode pre check rules have passed
2022-10-16 13:15:34,413 [EventQueue-NodeRegistrationContainerReportForDataNodeSafeModeRule] WARN  events.EventQueue (EventQueue.java:fireEvent(216)) - No event handler registered for event TypedEvent{payloadType=SafeModeStatus, name='Safe mode status'}
2022-10-16 13:15:34,413 [EventQueue-NodeRegistrationContainerReportForDataNodeSafeModeRule] INFO  ha.SCMContext (SCMContext.java:updateSafeModeStatus(228)) - Update SafeModeStatus from SafeModeStatus{safeModeStatus=true, preCheckPassed=false} to SafeModeStatus{safeModeStatus=true, preCheckPassed=true}.
2022-10-16 13:15:34,413 [EventQueue-NodeRegistrationContainerReportForDataNodeSafeModeRule] INFO  pipeline.BackgroundPipelineCreator (BackgroundPipelineCreator.java:notifyEventTriggered(276)) - trigger a one-shot run on RatisPipelineUtilsThread.
2022-10-16 13:15:34,414 [RatisPipelineUtilsThread - 0] INFO  pipeline.PipelineStateManagerImpl (PipelineStateManagerImpl.java:addPipeline(103)) - Created pipeline Pipeline[ Id: 1f2f45d7-95e1-4383-82cf-e0d59647dc56, Nodes: 33453323-e81f-447d-802c-765fb1b7f937{ip: 10.1.0.60, host: fv-az308-250.etcbaq1qs54eplwmrjlabigyle.cx.internal.cloudapp.net, ports: [REPLICATION=40877, RATIS=43237, RATIS_ADMIN=43237, RATIS_SERVER=43237, STANDALONE=39345], networkLocation: /default-rack, certSerialId: null, persistedOpState: IN_SERVICE, persistedOpStateExpiryEpochSec: 0}, ReplicationConfig: RATIS/ONE, State:ALLOCATED, leaderId:, CreationTimestamp2022-10-16T13:15:34.413Z[Etc/UTC]].
2022-10-16 13:15:34,414 [RatisPipelineUtilsThread - 0] INFO  pipeline.RatisPipelineProvider (RatisPipelineProvider.java:lambda$create$0(195)) - Sending CreatePipelineCommand for pipeline:PipelineID=f7b24d49-7f30-4658-8814-ce06a573c497 to datanode:33453323-e81f-447d-802c-765fb1b7f937
2022-10-16 13:15:34,415 [RatisPipelineUtilsThread - 0] INFO  pipeline.RatisPipelineProvider (RatisPipelineProvider.java:lambda$create$0(195)) - Sending CreatePipelineCommand for pipeline:PipelineID=f7b24d49-7f30-4658-8814-ce06a573c497 to datanode:ca74570f-d5ef-461c-897e-e6b8abea5b82
2022-10-16 13:15:34,415 [RatisPipelineUtilsThread - 0] INFO  pipeline.RatisPipelineProvider (RatisPipelineProvider.java:lambda$create$0(195)) - Sending CreatePipelineCommand for pipeline:PipelineID=f7b24d49-7f30-4658-8814-ce06a573c497 to datanode:d8e7758e-d378-472a-aba8-a4942fe78a6e
2022-10-16 13:15:34,415 [RatisPipelineUtilsThread - 0] INFO  pipeline.PipelineStateManagerImpl (PipelineStateManagerImpl.java:addPipeline(103)) - Created pipeline Pipeline[ Id: f7b24d49-7f30-4658-8814-ce06a573c497, Nodes: 33453323-e81f-447d-802c-765fb1b7f937{ip: 10.1.0.60, host: fv-az308-250.etcbaq1qs54eplwmrjlabigyle.cx.internal.cloudapp.net, ports: [REPLICATION=40877, RATIS=43237, RATIS_ADMIN=43237, RATIS_SERVER=43237, STANDALONE=39345], networkLocation: /default-rack, certSerialId: null, persistedOpState: IN_SERVICE, persistedOpStateExpiryEpochSec: 0}ca74570f-d5ef-461c-897e-e6b8abea5b82{ip: 10.1.0.60, host: fv-az308-250.etcbaq1qs54eplwmrjlabigyle.cx.internal.cloudapp.net, ports: [REPLICATION=44869, RATIS=38749, RATIS_ADMIN=38749, RATIS_SERVER=38749, STANDALONE=42523], networkLocation: /default-rack, certSerialId: null, persistedOpState: IN_SERVICE, persistedOpStateExpiryEpochSec: 0}d8e7758e-d378-472a-aba8-a4942fe78a6e{ip: 10.1.0.60, host: fv-az308-250.etcbaq1qs54eplwmrjlabigyle.cx.internal.cloudapp.net, ports: [REPLICATION=33613, RATIS=41375, RATIS_ADMIN=41375, RATIS_SERVER=41375, STANDALONE=37941], networkLocation: /default-rack, certSerialId: null, persistedOpState: IN_SERVICE, persistedOpStateExpiryEpochSec: 0}, ReplicationConfig: RATIS/THREE, State:ALLOCATED, leaderId:, CreationTimestamp2022-10-16T13:15:34.414Z[Etc/UTC]].
2022-10-16 13:15:34,536 [ReplicationMonitor] INFO  replication.ReplicationManager (ReplicationManager.java:processAll(291)) - Replication Manager is not ready to run until 3000ms after safemode exit
2022-10-16 13:15:34,711 [IPC Server handler 0 on default port 34355] INFO  net.NetworkTopologyImpl (NetworkTopologyImpl.java:add(112)) - Added a new node: /default-rack/9ba096f9-62f1-4ee1-b4ad-8147bf5038d9
2022-10-16 13:15:34,711 [IPC Server handler 0 on default port 34355] INFO  node.SCMNodeManager (SCMNodeManager.java:register(397)) - Registered Data node : 9ba096f9-62f1-4ee1-b4ad-8147bf5038d9{ip: 10.1.0.60, host: fv-az308-250.etcbaq1qs54eplwmrjlabigyle.cx.internal.cloudapp.net, ports: [REPLICATION=39095, RATIS=43045, RATIS_ADMIN=43045, RATIS_SERVER=43045, STANDALONE=33221], networkLocation: /default-rack, certSerialId: null, persistedOpState: null, persistedOpStateExpiryEpochSec: 0}
2022-10-16 13:15:34,712 [EventQueue-NewNodeForNewNodeHandler] INFO  pipeline.BackgroundPipelineCreator (BackgroundPipelineCreator.java:notifyEventTriggered(276)) - trigger a one-shot run on RatisPipelineUtilsThread.
2022-10-16 13:15:34,712 [RatisPipelineUtilsThread - 0] INFO  pipeline.RatisPipelineProvider (RatisPipelineProvider.java:lambda$create$0(195)) - Sending CreatePipelineCommand for pipeline:PipelineID=2dfd4b3c-03a9-4626-b2c9-6afddc5af84e to datanode:9ba096f9-62f1-4ee1-b4ad-8147bf5038d9
2022-10-16 13:15:34,713 [RatisPipelineUtilsThread - 0] INFO  pipeline.PipelineStateManagerImpl (PipelineStateManagerImpl.java:addPipeline(103)) - Created pipeline Pipeline[ Id: 2dfd4b3c-03a9-4626-b2c9-6afddc5af84e, Nodes: 9ba096f9-62f1-4ee1-b4ad-8147bf5038d9{ip: 10.1.0.60, host: fv-az308-250.etcbaq1qs54eplwmrjlabigyle.cx.internal.cloudapp.net, ports: [REPLICATION=39095, RATIS=43045, RATIS_ADMIN=43045, RATIS_SERVER=43045, STANDALONE=33221], networkLocation: /default-rack, certSerialId: null, persistedOpState: IN_SERVICE, persistedOpStateExpiryEpochSec: 0}, ReplicationConfig: RATIS/ONE, State:ALLOCATED, leaderId:, CreationTimestamp2022-10-16T13:15:34.712Z[Etc/UTC]].
2022-10-16 13:15:34,995 [Listener at 127.0.0.1/35063] INFO  ozone.MiniOzoneClusterImpl (MiniOzoneClusterImpl.java:lambda$waitForClusterToBeReady$0(216)) - Waiting for nodes to be ready. Got 4 of 5 DN Heartbeats.
2022-10-16 13:15:34,995 [Listener at 127.0.0.1/35063] INFO  ozone.MiniOzoneClusterImpl (MiniOzoneClusterImpl.java:lambda$waitForClusterToBeReady$0(219)) - Waiting for cluster to exit safe mode
2022-10-16 13:15:34,995 [Listener at 127.0.0.1/35063] INFO  ozone.MiniOzoneClusterImpl (MiniOzoneClusterImpl.java:lambda$waitForClusterToBeReady$0(221)) - SCM became leader
2022-10-16 13:15:34,997 [IPC Server handler 2 on default port 34355] INFO  net.NetworkTopologyImpl (NetworkTopologyImpl.java:add(112)) - Added a new node: /default-rack/3ba9e91d-c91b-441f-af9f-489ed1e42370
2022-10-16 13:15:34,997 [IPC Server handler 2 on default port 34355] INFO  node.SCMNodeManager (SCMNodeManager.java:register(397)) - Registered Data node : 3ba9e91d-c91b-441f-af9f-489ed1e42370{ip: 10.1.0.60, host: fv-az308-250.etcbaq1qs54eplwmrjlabigyle.cx.internal.cloudapp.net, ports: [REPLICATION=34715, RATIS=43745, RATIS_ADMIN=43745, RATIS_SERVER=43745, STANDALONE=34891], networkLocation: /default-rack, certSerialId: null, persistedOpState: null, persistedOpStateExpiryEpochSec: 0}
2022-10-16 13:15:34,997 [EventQueue-NewNodeForNewNodeHandler] INFO  pipeline.BackgroundPipelineCreator (BackgroundPipelineCreator.java:notifyEventTriggered(276)) - trigger a one-shot run on RatisPipelineUtilsThread.
2022-10-16 13:15:34,998 [RatisPipelineUtilsThread - 0] INFO  pipeline.RatisPipelineProvider (RatisPipelineProvider.java:lambda$create$0(195)) - Sending CreatePipelineCommand for pipeline:PipelineID=5b468e56-e8d3-4770-b424-232563638670 to datanode:3ba9e91d-c91b-441f-af9f-489ed1e42370
2022-10-16 13:15:34,998 [RatisPipelineUtilsThread - 0] INFO  pipeline.PipelineStateManagerImpl (PipelineStateManagerImpl.java:addPipeline(103)) - Created pipeline Pipeline[ Id: 5b468e56-e8d3-4770-b424-232563638670, Nodes: 3ba9e91d-c91b-441f-af9f-489ed1e42370{ip: 10.1.0.60, host: fv-az308-250.etcbaq1qs54eplwmrjlabigyle.cx.internal.cloudapp.net, ports: [REPLICATION=34715, RATIS=43745, RATIS_ADMIN=43745, RATIS_SERVER=43745, STANDALONE=34891], networkLocation: /default-rack, certSerialId: null, persistedOpState: IN_SERVICE, persistedOpStateExpiryEpochSec: 0}, ReplicationConfig: RATIS/ONE, State:ALLOCATED, leaderId:, CreationTimestamp2022-10-16T13:15:34.998Z[Etc/UTC]].
2022-10-16 13:15:35,089 [ReplicationMonitor] INFO  replication.ReplicationManager (ReplicationManager.java:processAll(324)) - Replication Monitor Thread took 1 milliseconds for processing 7 containers.
2022-10-16 13:15:35,537 [ReplicationMonitor] INFO  replication.ReplicationManager (ReplicationManager.java:processAll(291)) - Replication Manager is not ready to run until 3000ms after safemode exit
2022-10-16 13:15:35,995 [Listener at 127.0.0.1/35063] INFO  ozone.MiniOzoneClusterImpl (MiniOzoneClusterImpl.java:lambda$waitForClusterToBeReady$0(216)) - Nodes are ready. Got 5 of 5 DN Heartbeats.
2022-10-16 13:15:35,995 [Listener at 127.0.0.1/35063] INFO  ozone.MiniOzoneClusterImpl (MiniOzoneClusterImpl.java:lambda$waitForClusterToBeReady$0(219)) - Waiting for cluster to exit safe mode
2022-10-16 13:15:35,995 [Listener at 127.0.0.1/35063] INFO  ozone.MiniOzoneClusterImpl (MiniOzoneClusterImpl.java:lambda$waitForClusterToBeReady$0(221)) - SCM became leader
2022-10-16 13:15:36,090 [ReplicationMonitor] INFO  replication.ReplicationManager (ReplicationManager.java:processAll(324)) - Replication Monitor Thread took 1 milliseconds for processing 7 containers.
2022-10-16 13:15:36,537 [ReplicationMonitor] INFO  replication.ReplicationManager (ReplicationManager.java:processAll(291)) - Replication Manager is not ready to run until 3000ms after safemode exit
2022-10-16 13:15:36,845 [Command processor thread] INFO  server.RaftServer (RaftServerProxy.java:addNew(96)) - ca74570f-d5ef-461c-897e-e6b8abea5b82: addNew group-81C29BB732AF:[ca74570f-d5ef-461c-897e-e6b8abea5b82|rpc:10.1.0.60:38749|priority:1] returns group-81C29BB732AF:java.util.concurrent.CompletableFuture@1bbec533[Not completed]
2022-10-16 13:15:36,847 [pool-650-thread-1] INFO  server.RaftServer$Division (RaftServerImpl.java:<init>(190)) - ca74570f-d5ef-461c-897e-e6b8abea5b82: new RaftServerImpl for group-81C29BB732AF:[ca74570f-d5ef-461c-897e-e6b8abea5b82|rpc:10.1.0.60:38749|priority:1] with ContainerStateMachine:uninitialized
2022-10-16 13:15:36,847 [pool-650-thread-1] INFO  server.RaftServerConfigKeys (ConfUtils.java:logGet(46)) - raft.server.rpc.timeout.min = 5s (custom)
2022-10-16 13:15:36,847 [pool-650-thread-1] INFO  server.RaftServerConfigKeys (ConfUtils.java:logGet(46)) - raft.server.rpc.timeout.max = 5200ms (custom)
2022-10-16 13:15:36,847 [pool-650-thread-1] INFO  server.RaftServerConfigKeys (ConfUtils.java:logGet(46)) - raft.server.rpc.sleep.time = 25ms (default)
2022-10-16 13:15:36,847 [pool-650-thread-1] INFO  server.RaftServerConfigKeys (ConfUtils.java:logGet(46)) - raft.server.rpc.slowness.timeout = 300s (custom)
2022-10-16 13:15:36,847 [pool-650-thread-1] INFO  server.RaftServerConfigKeys (ConfUtils.java:logGet(46)) - raft.server.leaderelection.leader.step-down.wait-time = 10s (default)
2022-10-16 13:15:36,847 [pool-650-thread-1] INFO  server.RaftServerConfigKeys (ConfUtils.java:logGet(46)) - raft.server.sleep.deviation.threshold = 300ms (default)
2022-10-16 13:15:36,847 [pool-650-thread-1] INFO  server.RaftServer$Division (ServerState.java:<init>(107)) - ca74570f-d5ef-461c-897e-e6b8abea5b82@group-81C29BB732AF: ConfigurationManager, init=-1: [ca74570f-d5ef-461c-897e-e6b8abea5b82|rpc:10.1.0.60:38749|priority:1], old=null, confs=<EMPTY_MAP>
2022-10-16 13:15:36,847 [pool-650-thread-1] INFO  server.RaftServerConfigKeys (ConfUtils.java:logGet(46)) - raft.server.storage.dir = [/home/runner/work/ozone/ozone/hadoop-ozone/integration-test/target/test-dir/MiniOzoneClusterImpl-cf870487-680b-486b-bad8-7b6ba16bedf6/datanode-0/data/ratis] (custom)
2022-10-16 13:15:36,847 [pool-650-thread-1] INFO  server.RaftServerConfigKeys (ConfUtils.java:logGet(46)) - raft.server.log.corruption.policy = EXCEPTION (default)
2022-10-16 13:15:36,848 [pool-650-thread-1] INFO  server.RaftServerConfigKeys (ConfUtils.java:logGet(46)) - raft.server.storage.free-space.min = 0MB (=0) (default)
2022-10-16 13:15:36,848 [pool-650-thread-1] INFO  storage.RaftStorageDirectory (RaftStorageDirectoryImpl.java:analyzeStorage(135)) - The storage directory /home/runner/work/ozone/ozone/hadoop-ozone/integration-test/target/test-dir/MiniOzoneClusterImpl-cf870487-680b-486b-bad8-7b6ba16bedf6/datanode-0/data/ratis/1680fb3d-37c9-401f-8dec-81c29bb732af does not exist. Creating ...
2022-10-16 13:15:36,849 [pool-650-thread-1] INFO  storage.RaftStorageDirectory (RaftStorageDirectoryImpl.java:tryLock(230)) - Lock on /home/runner/work/ozone/ozone/hadoop-ozone/integration-test/target/test-dir/MiniOzoneClusterImpl-cf870487-680b-486b-bad8-7b6ba16bedf6/datanode-0/data/ratis/1680fb3d-37c9-401f-8dec-81c29bb732af/in_use.lock acquired by nodename 44550@fv-az308-250
2022-10-16 13:15:36,850 [pool-650-thread-1] INFO  storage.RaftStorage (RaftStorageImpl.java:format(89)) - Storage directory /home/runner/work/ozone/ozone/hadoop-ozone/integration-test/target/test-dir/MiniOzoneClusterImpl-cf870487-680b-486b-bad8-7b6ba16bedf6/datanode-0/data/ratis/1680fb3d-37c9-401f-8dec-81c29bb732af has been successfully formatted.
2022-10-16 13:15:36,851 [pool-650-thread-1] INFO  ratis.ContainerStateMachine (ContainerStateMachine.java:loadSnapshot(236)) - group-81C29BB732AF: The snapshot info is null. Setting the last applied indexto:(t:0, i:~)
2022-10-16 13:15:36,851 [pool-650-thread-1] INFO  server.RaftServerConfigKeys (ConfUtils.java:logGet(46)) - raft.server.notification.no-leader.timeout = 300s (custom)
2022-10-16 13:15:36,852 [pool-650-thread-1] INFO  server.RaftServerConfigKeys (ConfUtils.java:logGet(46)) - raft.server.log.use.memory = false (default)
2022-10-16 13:15:36,852 [pool-650-thread-1] INFO  server.RaftServerConfigKeys (ConfUtils.java:logGet(46)) - raft.server.log.purge.gap = 1000000 (custom)
2022-10-16 13:15:36,852 [pool-650-thread-1] INFO  server.RaftServerConfigKeys (ConfUtils.java:logGet(46)) - raft.server.log.appender.buffer.byte-limit = 33554432 (custom)
2022-10-16 13:15:36,852 [pool-650-thread-1] INFO  server.RaftServerConfigKeys (ConfUtils.java:logGet(46)) - raft.server.log.statemachine.data.read.timeout = 1000ms (default)
2022-10-16 13:15:36,852 [EventQueue-PipelineReportForPipelineReportHandler] INFO  pipeline.PipelineManagerImpl (PipelineManagerImpl.java:openPipeline(367)) - Pipeline Pipeline[ Id: 1680fb3d-37c9-401f-8dec-81c29bb732af, Nodes: ca74570f-d5ef-461c-897e-e6b8abea5b82{ip: 10.1.0.60, host: fv-az308-250.etcbaq1qs54eplwmrjlabigyle.cx.internal.cloudapp.net, ports: [REPLICATION=44869, RATIS=38749, RATIS_ADMIN=38749, RATIS_SERVER=38749, STANDALONE=42523], networkLocation: /default-rack, certSerialId: null, persistedOpState: IN_SERVICE, persistedOpStateExpiryEpochSec: 0}, ReplicationConfig: RATIS/ONE, State:ALLOCATED, leaderId:ca74570f-d5ef-461c-897e-e6b8abea5b82, CreationTimestamp2022-10-16T13:15:33.848Z[Etc/UTC]] moved to OPEN state
2022-10-16 13:15:36,854 [pool-650-thread-1] INFO  server.RaftServerConfigKeys (ConfUtils.java:logGet(46)) - raft.server.log.segment.size.max = 1048576 (custom)
2022-10-16 13:15:36,854 [EventQueue-OpenPipelineForHealthyPipelineSafeModeRule] INFO  safemode.SCMSafeModeManager (HealthyPipelineSafeModeRule.java:process(137)) - SCM in safe mode. Healthy pipelines reported count is 0, required healthy pipeline reported count is 1
2022-10-16 13:15:36,855 [pool-650-thread-1] INFO  server.RaftServerConfigKeys (ConfUtils.java:logGet(46)) - raft.server.log.segment.cache.num.max = 2 (custom)
2022-10-16 13:15:36,855 [pool-650-thread-1] INFO  server.RaftServerConfigKeys (ConfUtils.java:logGet(46)) - raft.server.log.segment.cache.size.max = 200MB (=209715200) (default)
2022-10-16 13:15:36,855 [pool-650-thread-1] INFO  segmented.SegmentedRaftLogWorker (SegmentedRaftLogWorker.java:<init>(187)) - new ca74570f-d5ef-461c-897e-e6b8abea5b82@group-81C29BB732AF-SegmentedRaftLogWorker for RaftStorageImpl:Storage Directory /home/runner/work/ozone/ozone/hadoop-ozone/integration-test/target/test-dir/MiniOzoneClusterImpl-cf870487-680b-486b-bad8-7b6ba16bedf6/datanode-0/data/ratis/1680fb3d-37c9-401f-8dec-81c29bb732af
2022-10-16 13:15:36,855 [pool-650-thread-1] INFO  server.RaftServerConfigKeys (ConfUtils.java:logGet(46)) - raft.server.log.queue.byte-limit = 4294967296 (custom)
2022-10-16 13:15:36,855 [pool-650-thread-1] INFO  server.RaftServerConfigKeys (ConfUtils.java:logGet(46)) - raft.server.log.queue.element-limit = 1024 (custom)
2022-10-16 13:15:36,855 [pool-650-thread-1] INFO  server.RaftServerConfigKeys (ConfUtils.java:logGet(46)) - raft.server.log.segment.size.max = 1048576 (custom)
2022-10-16 13:15:36,855 [pool-650-thread-1] INFO  server.RaftServerConfigKeys (ConfUtils.java:logGet(46)) - raft.server.log.preallocated.size = 16384 (custom)
2022-10-16 13:15:36,855 [pool-650-thread-1] INFO  server.RaftServerConfigKeys (ConfUtils.java:logGet(46)) - raft.server.log.force.sync.num = 128 (default)
2022-10-16 13:15:36,855 [pool-650-thread-1] INFO  server.RaftServerConfigKeys (ConfUtils.java:logGet(46)) - raft.server.log.statemachine.data.sync = true (default)
2022-10-16 13:15:36,855 [pool-650-thread-1] INFO  server.RaftServerConfigKeys (ConfUtils.java:logGet(46)) - raft.server.log.statemachine.data.sync.timeout = 10s (default)
2022-10-16 13:15:36,855 [pool-650-thread-1] INFO  server.RaftServerConfigKeys (ConfUtils.java:logGet(46)) - raft.server.log.statemachine.data.sync.timeout.retry = -1 (default)
2022-10-16 13:15:36,856 [pool-650-thread-1] INFO  server.RaftServerConfigKeys (ConfUtils.java:logGet(46)) - raft.server.log.write.buffer.size = 1048576 (custom)
2022-10-16 13:15:36,856 [pool-650-thread-1] INFO  server.RaftServerConfigKeys (ConfUtils.java:logGet(46)) - raft.server.log.unsafe-flush.enabled = false (default)
2022-10-16 13:15:36,857 [pool-650-thread-1] INFO  server.RaftServerConfigKeys (ConfUtils.java:logGet(46)) - raft.server.log.statemachine.data.caching.enabled = true (custom)
2022-10-16 13:15:36,857 [pool-650-thread-1] INFO  segmented.SegmentedRaftLogWorker (SegmentedRaftLogWorker.java:lambda$new$0(135)) - ca74570f-d5ef-461c-897e-e6b8abea5b82@group-81C29BB732AF-SegmentedRaftLogWorker: flushIndex: setUnconditionally 0 -> -1
2022-10-16 13:15:36,857 [pool-650-thread-1] INFO  segmented.SegmentedRaftLogWorker (SegmentedRaftLogWorker.java:lambda$new$0(135)) - ca74570f-d5ef-461c-897e-e6b8abea5b82@group-81C29BB732AF-SegmentedRaftLogWorker: safeCacheEvictIndex: setUnconditionally 0 -> -1
2022-10-16 13:15:36,857 [pool-650-thread-1] INFO  server.RaftServerConfigKeys (ConfUtils.java:logGet(46)) - raft.server.snapshot.auto.trigger.enabled = true (custom)
2022-10-16 13:15:36,857 [pool-650-thread-1] INFO  server.RaftServerConfigKeys (ConfUtils.java:logGet(46)) - raft.server.snapshot.auto.trigger.threshold = 10000 (custom)
2022-10-16 13:15:36,857 [pool-650-thread-1] INFO  server.RaftServerConfigKeys (ConfUtils.java:logGet(46)) - raft.server.snapshot.retention.file.num = 5 (custom)
2022-10-16 13:15:36,857 [pool-650-thread-1] INFO  server.RaftServerConfigKeys (ConfUtils.java:logGet(46)) - raft.server.log.purge.upto.snapshot.index = false (default)
2022-10-16 13:15:36,857 [pool-650-thread-1] INFO  server.RaftServerConfigKeys (ConfUtils.java:logGet(46)) - raft.server.retrycache.expirytime = 600000ms (custom)
2022-10-16 13:15:36,857 [pool-650-thread-1] INFO  server.RaftServerConfigKeys (ConfUtils.java:logGet(46)) - raft.server.retrycache.statistics.expirytime = 100μs (default)
2022-10-16 13:15:36,858 [pool-650-thread-1] INFO  server.RaftServerConfigKeys (ConfUtils.java:logGet(46)) - raft.server.log.appender.install.snapshot.enabled = false (custom)
2022-10-16 13:15:36,858 [pool-650-thread-1] INFO  server.RaftServerConfigKeys (ConfUtils.java:logGet(46)) - raft.server.threadpool.server.cached = true (default)
2022-10-16 13:15:36,858 [pool-650-thread-1] INFO  server.RaftServerConfigKeys (ConfUtils.java:logGet(46)) - raft.server.threadpool.server.size = 0 (default)
2022-10-16 13:15:36,859 [pool-650-thread-1] INFO  server.RaftServerConfigKeys (ConfUtils.java:logGet(46)) - raft.server.threadpool.client.cached = true (default)
2022-10-16 13:15:36,859 [pool-650-thread-1] INFO  server.RaftServerConfigKeys (ConfUtils.java:logGet(46)) - raft.server.threadpool.client.size = 0 (default)
2022-10-16 13:15:36,859 [pool-650-thread-1] INFO  server.RaftServer$Division (RaftServerImpl.java:start(310)) - ca74570f-d5ef-461c-897e-e6b8abea5b82@group-81C29BB732AF: start as a follower, conf=-1: [ca74570f-d5ef-461c-897e-e6b8abea5b82|rpc:10.1.0.60:38749|priority:1], old=null
2022-10-16 13:15:36,859 [pool-650-thread-1] INFO  server.RaftServer$Division (RaftServerImpl.java:setRole(299)) - ca74570f-d5ef-461c-897e-e6b8abea5b82@group-81C29BB732AF: changes role from      null to FOLLOWER at term 0 for startAsFollower
2022-10-16 13:15:36,859 [pool-650-thread-1] INFO  impl.RoleInfo (RoleInfo.java:updateAndGet(139)) - ca74570f-d5ef-461c-897e-e6b8abea5b82: start ca74570f-d5ef-461c-897e-e6b8abea5b82@group-81C29BB732AF-FollowerState
2022-10-16 13:15:36,861 [pool-650-thread-1] INFO  util.JmxRegister (JmxRegister.java:tryRegister(44)) - Successfully registered JMX Bean with object name Ratis:service=RaftServer,group=group-81C29BB732AF,id=ca74570f-d5ef-461c-897e-e6b8abea5b82
2022-10-16 13:15:36,864 [Command processor thread] INFO  ratis.XceiverServerRatis (XceiverServerRatis.java:addGroup(765)) - Created group PipelineID=1680fb3d-37c9-401f-8dec-81c29bb732af
2022-10-16 13:15:36,864 [Command processor thread] INFO  commandhandler.CreatePipelineCommandHandler (CreatePipelineCommandHandler.java:handle(113)) - Created Pipeline RATIS ONE PipelineID=1680fb3d-37c9-401f-8dec-81c29bb732af.
2022-10-16 13:15:36,864 [Command processor thread] INFO  server.RaftServer (RaftServerProxy.java:addNew(96)) - ca74570f-d5ef-461c-897e-e6b8abea5b82: addNew group-CE06A573C497:[ca74570f-d5ef-461c-897e-e6b8abea5b82|rpc:10.1.0.60:38749|priority:1, 33453323-e81f-447d-802c-765fb1b7f937|rpc:10.1.0.60:43237|priority:0, d8e7758e-d378-472a-aba8-a4942fe78a6e|rpc:10.1.0.60:41375|priority:0] returns group-CE06A573C497:java.util.concurrent.CompletableFuture@1f81429c[Not completed]
2022-10-16 13:15:36,865 [pool-650-thread-1] INFO  server.RaftServer$Division (RaftServerImpl.java:<init>(190)) - ca74570f-d5ef-461c-897e-e6b8abea5b82: new RaftServerImpl for group-CE06A573C497:[ca74570f-d5ef-461c-897e-e6b8abea5b82|rpc:10.1.0.60:38749|priority:1, 33453323-e81f-447d-802c-765fb1b7f937|rpc:10.1.0.60:43237|priority:0, d8e7758e-d378-472a-aba8-a4942fe78a6e|rpc:10.1.0.60:41375|priority:0] with ContainerStateMachine:uninitialized
2022-10-16 13:15:36,865 [pool-650-thread-1] INFO  server.RaftServerConfigKeys (ConfUtils.java:logGet(46)) - raft.server.rpc.timeout.min = 5s (custom)
2022-10-16 13:15:36,865 [pool-650-thread-1] INFO  server.RaftServerConfigKeys (ConfUtils.java:logGet(46)) - raft.server.rpc.timeout.max = 5200ms (custom)
2022-10-16 13:15:36,865 [pool-650-thread-1] INFO  server.RaftServerConfigKeys (ConfUtils.java:logGet(46)) - raft.server.rpc.sleep.time = 25ms (default)
2022-10-16 13:15:36,865 [pool-650-thread-1] INFO  server.RaftServerConfigKeys (ConfUtils.java:logGet(46)) - raft.server.rpc.slowness.timeout = 300s (custom)
2022-10-16 13:15:36,865 [pool-650-thread-1] INFO  server.RaftServerConfigKeys (ConfUtils.java:logGet(46)) - raft.server.leaderelection.leader.step-down.wait-time = 10s (default)
2022-10-16 13:15:36,865 [pool-650-thread-1] INFO  server.RaftServerConfigKeys (ConfUtils.java:logGet(46)) - raft.server.sleep.deviation.threshold = 300ms (default)
2022-10-16 13:15:36,865 [pool-650-thread-1] INFO  server.RaftServer$Division (ServerState.java:<init>(107)) - ca74570f-d5ef-461c-897e-e6b8abea5b82@group-CE06A573C497: ConfigurationManager, init=-1: [ca74570f-d5ef-461c-897e-e6b8abea5b82|rpc:10.1.0.60:38749|priority:1, 33453323-e81f-447d-802c-765fb1b7f937|rpc:10.1.0.60:43237|priority:0, d8e7758e-d378-472a-aba8-a4942fe78a6e|rpc:10.1.0.60:41375|priority:0], old=null, confs=<EMPTY_MAP>
2022-10-16 13:15:36,865 [pool-650-thread-1] INFO  server.RaftServerConfigKeys (ConfUtils.java:logGet(46)) - raft.server.storage.dir = [/home/runner/work/ozone/ozone/hadoop-ozone/integration-test/target/test-dir/MiniOzoneClusterImpl-cf870487-680b-486b-bad8-7b6ba16bedf6/datanode-0/data/ratis] (custom)
2022-10-16 13:15:36,865 [pool-650-thread-1] INFO  server.RaftServerConfigKeys (ConfUtils.java:logGet(46)) - raft.server.log.corruption.policy = EXCEPTION (default)
2022-10-16 13:15:36,865 [pool-650-thread-1] INFO  server.RaftServerConfigKeys (ConfUtils.java:logGet(46)) - raft.server.storage.free-space.min = 0MB (=0) (default)
2022-10-16 13:15:36,865 [pool-650-thread-1] INFO  storage.RaftStorageDirectory (RaftStorageDirectoryImpl.java:analyzeStorage(135)) - The storage directory /home/runner/work/ozone/ozone/hadoop-ozone/integration-test/target/test-dir/MiniOzoneClusterImpl-cf870487-680b-486b-bad8-7b6ba16bedf6/datanode-0/data/ratis/f7b24d49-7f30-4658-8814-ce06a573c497 does not exist. Creating ...
2022-10-16 13:15:36,867 [pool-650-thread-1] INFO  storage.RaftStorageDirectory (RaftStorageDirectoryImpl.java:tryLock(230)) - Lock on /home/runner/work/ozone/ozone/hadoop-ozone/integration-test/target/test-dir/MiniOzoneClusterImpl-cf870487-680b-486b-bad8-7b6ba16bedf6/datanode-0/data/ratis/f7b24d49-7f30-4658-8814-ce06a573c497/in_use.lock acquired by nodename 44550@fv-az308-250
2022-10-16 13:15:36,870 [pool-650-thread-1] INFO  storage.RaftStorage (RaftStorageImpl.java:format(89)) - Storage directory /home/runner/work/ozone/ozone/hadoop-ozone/integration-test/target/test-dir/MiniOzoneClusterImpl-cf870487-680b-486b-bad8-7b6ba16bedf6/datanode-0/data/ratis/f7b24d49-7f30-4658-8814-ce06a573c497 has been successfully formatted.
2022-10-16 13:15:36,870 [pool-650-thread-1] INFO  ratis.ContainerStateMachine (ContainerStateMachine.java:loadSnapshot(236)) - group-CE06A573C497: The snapshot info is null. Setting the last applied indexto:(t:0, i:~)
2022-10-16 13:15:36,870 [pool-650-thread-1] INFO  server.RaftServerConfigKeys (ConfUtils.java:logGet(46)) - raft.server.notification.no-leader.timeout = 300s (custom)
2022-10-16 13:15:36,870 [pool-650-thread-1] INFO  server.RaftServerConfigKeys (ConfUtils.java:logGet(46)) - raft.server.log.use.memory = false (default)
2022-10-16 13:15:36,870 [pool-650-thread-1] INFO  server.RaftServerConfigKeys (ConfUtils.java:logGet(46)) - raft.server.log.purge.gap = 1000000 (custom)
2022-10-16 13:15:36,870 [pool-650-thread-1] INFO  server.RaftServerConfigKeys (ConfUtils.java:logGet(46)) - raft.server.log.appender.buffer.byte-limit = 33554432 (custom)
2022-10-16 13:15:36,870 [pool-650-thread-1] INFO  server.RaftServerConfigKeys (ConfUtils.java:logGet(46)) - raft.server.log.statemachine.data.read.timeout = 1000ms (default)
2022-10-16 13:15:36,870 [pool-650-thread-1] INFO  server.RaftServerConfigKeys (ConfUtils.java:logGet(46)) - raft.server.log.segment.size.max = 1048576 (custom)
2022-10-16 13:15:36,871 [pool-650-thread-1] INFO  server.RaftServerConfigKeys (ConfUtils.java:logGet(46)) - raft.server.log.segment.cache.num.max = 2 (custom)
2022-10-16 13:15:36,871 [pool-650-thread-1] INFO  server.RaftServerConfigKeys (ConfUtils.java:logGet(46)) - raft.server.log.segment.cache.size.max = 200MB (=209715200) (default)
2022-10-16 13:15:36,871 [pool-650-thread-1] INFO  segmented.SegmentedRaftLogWorker (SegmentedRaftLogWorker.java:<init>(187)) - new ca74570f-d5ef-461c-897e-e6b8abea5b82@group-CE06A573C497-SegmentedRaftLogWorker for RaftStorageImpl:Storage Directory /home/runner/work/ozone/ozone/hadoop-ozone/integration-test/target/test-dir/MiniOzoneClusterImpl-cf870487-680b-486b-bad8-7b6ba16bedf6/datanode-0/data/ratis/f7b24d49-7f30-4658-8814-ce06a573c497
2022-10-16 13:15:36,871 [pool-650-thread-1] INFO  server.RaftServerConfigKeys (ConfUtils.java:logGet(46)) - raft.server.log.queue.byte-limit = 4294967296 (custom)
2022-10-16 13:15:36,871 [pool-650-thread-1] INFO  server.RaftServerConfigKeys (ConfUtils.java:logGet(46)) - raft.server.log.queue.element-limit = 1024 (custom)
2022-10-16 13:15:36,871 [pool-650-thread-1] INFO  server.RaftServerConfigKeys (ConfUtils.java:logGet(46)) - raft.server.log.segment.size.max = 1048576 (custom)
2022-10-16 13:15:36,871 [pool-650-thread-1] INFO  server.RaftServerConfigKeys (ConfUtils.java:logGet(46)) - raft.server.log.preallocated.size = 16384 (custom)
2022-10-16 13:15:36,871 [pool-650-thread-1] INFO  server.RaftServerConfigKeys (ConfUtils.java:logGet(46)) - raft.server.log.force.sync.num = 128 (default)
2022-10-16 13:15:36,871 [pool-650-thread-1] INFO  server.RaftServerConfigKeys (ConfUtils.java:logGet(46)) - raft.server.log.statemachine.data.sync = true (default)
2022-10-16 13:15:36,871 [pool-650-thread-1] INFO  server.RaftServerConfigKeys (ConfUtils.java:logGet(46)) - raft.server.log.statemachine.data.sync.timeout = 10s (default)
2022-10-16 13:15:36,871 [pool-650-thread-1] INFO  server.RaftServerConfigKeys (ConfUtils.java:logGet(46)) - raft.server.log.statemachine.data.sync.timeout.retry = -1 (default)
2022-10-16 13:15:36,872 [pool-650-thread-1] INFO  server.RaftServerConfigKeys (ConfUtils.java:logGet(46)) - raft.server.log.write.buffer.size = 1048576 (custom)
2022-10-16 13:15:36,872 [pool-650-thread-1] INFO  server.RaftServerConfigKeys (ConfUtils.java:logGet(46)) - raft.server.log.unsafe-flush.enabled = false (default)
2022-10-16 13:15:36,873 [pool-650-thread-1] INFO  server.RaftServerConfigKeys (ConfUtils.java:logGet(46)) - raft.server.log.statemachine.data.caching.enabled = true (custom)
2022-10-16 13:15:36,873 [pool-650-thread-1] INFO  segmented.SegmentedRaftLogWorker (SegmentedRaftLogWorker.java:lambda$new$0(135)) - ca74570f-d5ef-461c-897e-e6b8abea5b82@group-CE06A573C497-SegmentedRaftLogWorker: flushIndex: setUnconditionally 0 -> -1
2022-10-16 13:15:36,873 [pool-650-thread-1] INFO  segmented.SegmentedRaftLogWorker (SegmentedRaftLogWorker.java:lambda$new$0(135)) - ca74570f-d5ef-461c-897e-e6b8abea5b82@group-CE06A573C497-SegmentedRaftLogWorker: safeCacheEvictIndex: setUnconditionally 0 -> -1
2022-10-16 13:15:36,873 [EventQueue-OpenPipelineForHealthyPipelineSafeModeRule] INFO  safemode.SCMSafeModeManager (HealthyPipelineSafeModeRule.java:process(137)) - SCM in safe mode. Healthy pipelines reported count is 0, required healthy pipeline reported count is 1
2022-10-16 13:15:36,876 [pool-650-thread-1] INFO  server.RaftServerConfigKeys (ConfUtils.java:logGet(46)) - raft.server.snapshot.auto.trigger.enabled = true (custom)
2022-10-16 13:15:36,876 [pool-650-thread-1] INFO  server.RaftServerConfigKeys (ConfUtils.java:logGet(46)) - raft.server.snapshot.auto.trigger.threshold = 10000 (custom)
2022-10-16 13:15:36,876 [pool-650-thread-1] INFO  server.RaftServerConfigKeys (ConfUtils.java:logGet(46)) - raft.server.snapshot.retention.file.num = 5 (custom)
2022-10-16 13:15:36,876 [pool-650-thread-1] INFO  server.RaftServerConfigKeys (ConfUtils.java:logGet(46)) - raft.server.log.purge.upto.snapshot.index = false (default)
2022-10-16 13:15:36,876 [pool-650-thread-1] INFO  server.RaftServerConfigKeys (ConfUtils.java:logGet(46)) - raft.server.retrycache.expirytime = 600000ms (custom)
2022-10-16 13:15:36,876 [pool-650-thread-1] INFO  server.RaftServerConfigKeys (ConfUtils.java:logGet(46)) - raft.server.retrycache.statistics.expirytime = 100μs (default)
2022-10-16 13:15:36,877 [pool-650-thread-1] INFO  server.RaftServerConfigKeys (ConfUtils.java:logGet(46)) - raft.server.log.appender.install.snapshot.enabled = false (custom)
2022-10-16 13:15:36,877 [pool-650-thread-1] INFO  server.RaftServerConfigKeys (ConfUtils.java:logGet(46)) - raft.server.threadpool.server.cached = true (default)
2022-10-16 13:15:36,877 [pool-650-thread-1] INFO  server.RaftServerConfigKeys (ConfUtils.java:logGet(46)) - raft.server.threadpool.server.size = 0 (default)
2022-10-16 13:15:36,877 [pool-650-thread-1] INFO  server.RaftServerConfigKeys (ConfUtils.java:logGet(46)) - raft.server.threadpool.client.cached = true (default)
2022-10-16 13:15:36,877 [pool-650-thread-1] INFO  server.RaftServerConfigKeys (ConfUtils.java:logGet(46)) - raft.server.threadpool.client.size = 0 (default)
2022-10-16 13:15:36,877 [pool-650-thread-1] INFO  server.RaftServer$Division (RaftServerImpl.java:start(310)) - ca74570f-d5ef-461c-897e-e6b8abea5b82@group-CE06A573C497: start as a follower, conf=-1: [ca74570f-d5ef-461c-897e-e6b8abea5b82|rpc:10.1.0.60:38749|priority:1, 33453323-e81f-447d-802c-765fb1b7f937|rpc:10.1.0.60:43237|priority:0, d8e7758e-d378-472a-aba8-a4942fe78a6e|rpc:10.1.0.60:41375|priority:0], old=null
2022-10-16 13:15:36,877 [pool-650-thread-1] INFO  server.RaftServer$Division (RaftServerImpl.java:setRole(299)) - ca74570f-d5ef-461c-897e-e6b8abea5b82@group-CE06A573C497: changes role from      null to FOLLOWER at term 0 for startAsFollower
2022-10-16 13:15:36,878 [pool-650-thread-1] INFO  impl.RoleInfo (RoleInfo.java:updateAndGet(139)) - ca74570f-d5ef-461c-897e-e6b8abea5b82: start ca74570f-d5ef-461c-897e-e6b8abea5b82@group-CE06A573C497-FollowerState
2022-10-16 13:15:36,878 [pool-650-thread-1] INFO  util.JmxRegister (JmxRegister.java:tryRegister(44)) - Successfully registered JMX Bean with object name Ratis:service=RaftServer,group=group-CE06A573C497,id=ca74570f-d5ef-461c-897e-e6b8abea5b82
2022-10-16 13:15:36,879 [Command processor thread] INFO  ratis.XceiverServerRatis (XceiverServerRatis.java:addGroup(765)) - Created group PipelineID=f7b24d49-7f30-4658-8814-ce06a573c497
2022-10-16 13:15:36,943 [grpc-default-executor-1] INFO  server.RaftServer (RaftServerProxy.java:addNew(96)) - 33453323-e81f-447d-802c-765fb1b7f937: addNew group-CE06A573C497:[ca74570f-d5ef-461c-897e-e6b8abea5b82|rpc:10.1.0.60:38749|dataStream:|priority:1, 33453323-e81f-447d-802c-765fb1b7f937|rpc:10.1.0.60:43237|dataStream:|priority:0, d8e7758e-d378-472a-aba8-a4942fe78a6e|rpc:10.1.0.60:41375|dataStream:|priority:0] returns group-CE06A573C497:java.util.concurrent.CompletableFuture@d2a57af[Not completed]
2022-10-16 13:15:36,944 [pool-696-thread-1] INFO  server.RaftServer$Division (RaftServerImpl.java:<init>(190)) - 33453323-e81f-447d-802c-765fb1b7f937: new RaftServerImpl for group-CE06A573C497:[ca74570f-d5ef-461c-897e-e6b8abea5b82|rpc:10.1.0.60:38749|dataStream:|priority:1, 33453323-e81f-447d-802c-765fb1b7f937|rpc:10.1.0.60:43237|dataStream:|priority:0, d8e7758e-d378-472a-aba8-a4942fe78a6e|rpc:10.1.0.60:41375|dataStream:|priority:0] with ContainerStateMachine:uninitialized
2022-10-16 13:15:36,944 [pool-696-thread-1] INFO  server.RaftServerConfigKeys (ConfUtils.java:logGet(46)) - raft.server.rpc.timeout.min = 5s (custom)
2022-10-16 13:15:36,944 [pool-696-thread-1] INFO  server.RaftServerConfigKeys (ConfUtils.java:logGet(46)) - raft.server.rpc.timeout.max = 5200ms (custom)
2022-10-16 13:15:36,944 [pool-696-thread-1] INFO  server.RaftServerConfigKeys (ConfUtils.java:logGet(46)) - raft.server.rpc.sleep.time = 25ms (default)
2022-10-16 13:15:36,944 [pool-696-thread-1] INFO  server.RaftServerConfigKeys (ConfUtils.java:logGet(46)) - raft.server.rpc.slowness.timeout = 300s (custom)
2022-10-16 13:15:36,944 [pool-696-thread-1] INFO  server.RaftServerConfigKeys (ConfUtils.java:logGet(46)) - raft.server.leaderelection.leader.step-down.wait-time = 10s (default)
2022-10-16 13:15:36,944 [pool-696-thread-1] INFO  server.RaftServerConfigKeys (ConfUtils.java:logGet(46)) - raft.server.sleep.deviation.threshold = 300ms (default)
2022-10-16 13:15:36,944 [pool-696-thread-1] INFO  server.RaftServer$Division (ServerState.java:<init>(107)) - 33453323-e81f-447d-802c-765fb1b7f937@group-CE06A573C497: ConfigurationManager, init=-1: [ca74570f-d5ef-461c-897e-e6b8abea5b82|rpc:10.1.0.60:38749|dataStream:|priority:1, 33453323-e81f-447d-802c-765fb1b7f937|rpc:10.1.0.60:43237|dataStream:|priority:0, d8e7758e-d378-472a-aba8-a4942fe78a6e|rpc:10.1.0.60:41375|dataStream:|priority:0], old=null, confs=<EMPTY_MAP>
2022-10-16 13:15:36,947 [pool-696-thread-1] INFO  server.RaftServerConfigKeys (ConfUtils.java:logGet(46)) - raft.server.storage.dir = [/home/runner/work/ozone/ozone/hadoop-ozone/integration-test/target/test-dir/MiniOzoneClusterImpl-cf870487-680b-486b-bad8-7b6ba16bedf6/datanode-2/data/ratis] (custom)
2022-10-16 13:15:36,947 [pool-696-thread-1] INFO  server.RaftServerConfigKeys (ConfUtils.java:logGet(46)) - raft.server.log.corruption.policy = EXCEPTION (default)
2022-10-16 13:15:36,947 [pool-696-thread-1] INFO  server.RaftServerConfigKeys (ConfUtils.java:logGet(46)) - raft.server.storage.free-space.min = 0MB (=0) (default)
2022-10-16 13:15:36,947 [pool-696-thread-1] INFO  storage.RaftStorageDirectory (RaftStorageDirectoryImpl.java:analyzeStorage(135)) - The storage directory /home/runner/work/ozone/ozone/hadoop-ozone/integration-test/target/test-dir/MiniOzoneClusterImpl-cf870487-680b-486b-bad8-7b6ba16bedf6/datanode-2/data/ratis/f7b24d49-7f30-4658-8814-ce06a573c497 does not exist. Creating ...
2022-10-16 13:15:36,949 [pool-696-thread-1] INFO  storage.RaftStorageDirectory (RaftStorageDirectoryImpl.java:tryLock(230)) - Lock on /home/runner/work/ozone/ozone/hadoop-ozone/integration-test/target/test-dir/MiniOzoneClusterImpl-cf870487-680b-486b-bad8-7b6ba16bedf6/datanode-2/data/ratis/f7b24d49-7f30-4658-8814-ce06a573c497/in_use.lock acquired by nodename 44550@fv-az308-250
2022-10-16 13:15:36,950 [pool-696-thread-1] INFO  storage.RaftStorage (RaftStorageImpl.java:format(89)) - Storage directory /home/runner/work/ozone/ozone/hadoop-ozone/integration-test/target/test-dir/MiniOzoneClusterImpl-cf870487-680b-486b-bad8-7b6ba16bedf6/datanode-2/data/ratis/f7b24d49-7f30-4658-8814-ce06a573c497 has been successfully formatted.
2022-10-16 13:15:36,951 [pool-696-thread-1] INFO  ratis.ContainerStateMachine (ContainerStateMachine.java:loadSnapshot(236)) - group-CE06A573C497: The snapshot info is null. Setting the last applied indexto:(t:0, i:~)
2022-10-16 13:15:36,951 [pool-696-thread-1] INFO  server.RaftServerConfigKeys (ConfUtils.java:logGet(46)) - raft.server.notification.no-leader.timeout = 300s (custom)
2022-10-16 13:15:36,951 [pool-696-thread-1] INFO  server.RaftServerConfigKeys (ConfUtils.java:logGet(46)) - raft.server.log.use.memory = false (default)
2022-10-16 13:15:36,951 [pool-696-thread-1] INFO  server.RaftServerConfigKeys (ConfUtils.java:logGet(46)) - raft.server.log.purge.gap = 1000000 (custom)
2022-10-16 13:15:36,951 [pool-696-thread-1] INFO  server.RaftServerConfigKeys (ConfUtils.java:logGet(46)) - raft.server.log.appender.buffer.byte-limit = 33554432 (custom)
2022-10-16 13:15:36,951 [pool-696-thread-1] INFO  server.RaftServerConfigKeys (ConfUtils.java:logGet(46)) - raft.server.log.statemachine.data.read.timeout = 1000ms (default)
2022-10-16 13:15:36,951 [pool-696-thread-1] INFO  server.RaftServerConfigKeys (ConfUtils.java:logGet(46)) - raft.server.log.segment.size.max = 1048576 (custom)
2022-10-16 13:15:36,954 [pool-696-thread-1] INFO  server.RaftServerConfigKeys (ConfUtils.java:logGet(46)) - raft.server.log.segment.cache.num.max = 2 (custom)
2022-10-16 13:15:36,954 [pool-696-thread-1] INFO  server.RaftServerConfigKeys (ConfUtils.java:logGet(46)) - raft.server.log.segment.cache.size.max = 200MB (=209715200) (default)
2022-10-16 13:15:36,955 [pool-696-thread-1] INFO  segmented.SegmentedRaftLogWorker (SegmentedRaftLogWorker.java:<init>(187)) - new 33453323-e81f-447d-802c-765fb1b7f937@group-CE06A573C497-SegmentedRaftLogWorker for RaftStorageImpl:Storage Directory /home/runner/work/ozone/ozone/hadoop-ozone/integration-test/target/test-dir/MiniOzoneClusterImpl-cf870487-680b-486b-bad8-7b6ba16bedf6/datanode-2/data/ratis/f7b24d49-7f30-4658-8814-ce06a573c497
2022-10-16 13:15:36,955 [pool-696-thread-1] INFO  server.RaftServerConfigKeys (ConfUtils.java:logGet(46)) - raft.server.log.queue.byte-limit = 4294967296 (custom)
2022-10-16 13:15:36,955 [pool-696-thread-1] INFO  server.RaftServerConfigKeys (ConfUtils.java:logGet(46)) - raft.server.log.queue.element-limit = 1024 (custom)
2022-10-16 13:15:36,955 [pool-696-thread-1] INFO  server.RaftServerConfigKeys (ConfUtils.java:logGet(46)) - raft.server.log.segment.size.max = 1048576 (custom)
2022-10-16 13:15:36,955 [pool-696-thread-1] INFO  server.RaftServerConfigKeys (ConfUtils.java:logGet(46)) - raft.server.log.preallocated.size = 16384 (custom)
2022-10-16 13:15:36,955 [pool-696-thread-1] INFO  server.RaftServerConfigKeys (ConfUtils.java:logGet(46)) - raft.server.log.force.sync.num = 128 (default)
2022-10-16 13:15:36,955 [pool-696-thread-1] INFO  server.RaftServerConfigKeys (ConfUtils.java:logGet(46)) - raft.server.log.statemachine.data.sync = true (default)
2022-10-16 13:15:36,955 [pool-696-thread-1] INFO  server.RaftServerConfigKeys (ConfUtils.java:logGet(46)) - raft.server.log.statemachine.data.sync.timeout = 10s (default)
2022-10-16 13:15:36,955 [pool-696-thread-1] INFO  server.RaftServerConfigKeys (ConfUtils.java:logGet(46)) - raft.server.log.statemachine.data.sync.timeout.retry = -1 (default)
2022-10-16 13:15:36,956 [pool-696-thread-1] INFO  server.RaftServerConfigKeys (ConfUtils.java:logGet(46)) - raft.server.log.write.buffer.size = 1048576 (custom)
2022-10-16 13:15:36,956 [pool-696-thread-1] INFO  server.RaftServerConfigKeys (ConfUtils.java:logGet(46)) - raft.server.log.unsafe-flush.enabled = false (default)
2022-10-16 13:15:36,956 [pool-696-thread-1] INFO  server.RaftServerConfigKeys (ConfUtils.java:logGet(46)) - raft.server.log.statemachine.data.caching.enabled = true (custom)
2022-10-16 13:15:36,956 [pool-696-thread-1] INFO  segmented.SegmentedRaftLogWorker (SegmentedRaftLogWorker.java:lambda$new$0(135)) - 33453323-e81f-447d-802c-765fb1b7f937@group-CE06A573C497-SegmentedRaftLogWorker: flushIndex: setUnconditionally 0 -> -1
2022-10-16 13:15:36,956 [pool-696-thread-1] INFO  segmented.SegmentedRaftLogWorker (SegmentedRaftLogWorker.java:lambda$new$0(135)) - 33453323-e81f-447d-802c-765fb1b7f937@group-CE06A573C497-SegmentedRaftLogWorker: safeCacheEvictIndex: setUnconditionally 0 -> -1
2022-10-16 13:15:36,957 [pool-696-thread-1] INFO  server.RaftServerConfigKeys (ConfUtils.java:logGet(46)) - raft.server.snapshot.auto.trigger.enabled = true (custom)
2022-10-16 13:15:36,957 [pool-696-thread-1] INFO  server.RaftServerConfigKeys (ConfUtils.java:logGet(46)) - raft.server.snapshot.auto.trigger.threshold = 10000 (custom)
2022-10-16 13:15:36,957 [pool-696-thread-1] INFO  server.RaftServerConfigKeys (ConfUtils.java:logGet(46)) - raft.server.snapshot.retention.file.num = 5 (custom)
2022-10-16 13:15:36,957 [pool-696-thread-1] INFO  server.RaftServerConfigKeys (ConfUtils.java:logGet(46)) - raft.server.log.purge.upto.snapshot.index = false (default)
2022-10-16 13:15:36,957 [pool-696-thread-1] INFO  server.RaftServerConfigKeys (ConfUtils.java:logGet(46)) - raft.server.retrycache.expirytime = 600000ms (custom)
2022-10-16 13:15:36,957 [pool-696-thread-1] INFO  server.RaftServerConfigKeys (ConfUtils.java:logGet(46)) - raft.server.retrycache.statistics.expirytime = 100μs (default)
2022-10-16 13:15:36,958 [pool-696-thread-1] INFO  server.RaftServerConfigKeys (ConfUtils.java:logGet(46)) - raft.server.log.appender.install.snapshot.enabled = false (custom)
2022-10-16 13:15:36,958 [pool-696-thread-1] INFO  server.RaftServerConfigKeys (ConfUtils.java:logGet(46)) - raft.server.threadpool.server.cached = true (default)
2022-10-16 13:15:36,958 [pool-696-thread-1] INFO  server.RaftServerConfigKeys (ConfUtils.java:logGet(46)) - raft.server.threadpool.server.size = 0 (default)
2022-10-16 13:15:36,958 [pool-696-thread-1] INFO  server.RaftServerConfigKeys (ConfUtils.java:logGet(46)) - raft.server.threadpool.client.cached = true (default)
2022-10-16 13:15:36,958 [pool-696-thread-1] INFO  server.RaftServerConfigKeys (ConfUtils.java:logGet(46)) - raft.server.threadpool.client.size = 0 (default)
2022-10-16 13:15:36,958 [pool-696-thread-1] INFO  server.RaftServer$Division (RaftServerImpl.java:start(310)) - 33453323-e81f-447d-802c-765fb1b7f937@group-CE06A573C497: start as a follower, conf=-1: [ca74570f-d5ef-461c-897e-e6b8abea5b82|rpc:10.1.0.60:38749|dataStream:|priority:1, 33453323-e81f-447d-802c-765fb1b7f937|rpc:10.1.0.60:43237|dataStream:|priority:0, d8e7758e-d378-472a-aba8-a4942fe78a6e|rpc:10.1.0.60:41375|dataStream:|priority:0], old=null
2022-10-16 13:15:36,958 [pool-696-thread-1] INFO  server.RaftServer$Division (RaftServerImpl.java:setRole(299)) - 33453323-e81f-447d-802c-765fb1b7f937@group-CE06A573C497: changes role from      null to FOLLOWER at term 0 for startAsFollower
2022-10-16 13:15:36,958 [pool-696-thread-1] INFO  impl.RoleInfo (RoleInfo.java:updateAndGet(139)) - 33453323-e81f-447d-802c-765fb1b7f937: start 33453323-e81f-447d-802c-765fb1b7f937@group-CE06A573C497-FollowerState
2022-10-16 13:15:36,959 [pool-696-thread-1] INFO  util.JmxRegister (JmxRegister.java:tryRegister(44)) - Successfully registered JMX Bean with object name Ratis:service=RaftServer,group=group-CE06A573C497,id=33453323-e81f-447d-802c-765fb1b7f937
2022-10-16 13:15:36,974 [grpc-default-executor-1] INFO  server.RaftServer (RaftServerProxy.java:addNew(96)) - d8e7758e-d378-472a-aba8-a4942fe78a6e: addNew group-CE06A573C497:[ca74570f-d5ef-461c-897e-e6b8abea5b82|rpc:10.1.0.60:38749|dataStream:|priority:1, 33453323-e81f-447d-802c-765fb1b7f937|rpc:10.1.0.60:43237|dataStream:|priority:0, d8e7758e-d378-472a-aba8-a4942fe78a6e|rpc:10.1.0.60:41375|dataStream:|priority:0] returns group-CE06A573C497:java.util.concurrent.CompletableFuture@37f7bb59[Not completed]
2022-10-16 13:15:36,974 [pool-673-thread-1] INFO  server.RaftServer$Division (RaftServerImpl.java:<init>(190)) - d8e7758e-d378-472a-aba8-a4942fe78a6e: new RaftServerImpl for group-CE06A573C497:[ca74570f-d5ef-461c-897e-e6b8abea5b82|rpc:10.1.0.60:38749|dataStream:|priority:1, 33453323-e81f-447d-802c-765fb1b7f937|rpc:10.1.0.60:43237|dataStream:|priority:0, d8e7758e-d378-472a-aba8-a4942fe78a6e|rpc:10.1.0.60:41375|dataStream:|priority:0] with ContainerStateMachine:uninitialized
2022-10-16 13:15:36,975 [pool-673-thread-1] INFO  server.RaftServerConfigKeys (ConfUtils.java:logGet(46)) - raft.server.rpc.timeout.min = 5s (custom)
2022-10-16 13:15:36,975 [pool-673-thread-1] INFO  server.RaftServerConfigKeys (ConfUtils.java:logGet(46)) - raft.server.rpc.timeout.max = 5200ms (custom)
2022-10-16 13:15:36,975 [pool-673-thread-1] INFO  server.RaftServerConfigKeys (ConfUtils.java:logGet(46)) - raft.server.rpc.sleep.time = 25ms (default)
2022-10-16 13:15:36,975 [pool-673-thread-1] INFO  server.RaftServerConfigKeys (ConfUtils.java:logGet(46)) - raft.server.rpc.slowness.timeout = 300s (custom)
2022-10-16 13:15:36,975 [pool-673-thread-1] INFO  server.RaftServerConfigKeys (ConfUtils.java:logGet(46)) - raft.server.leaderelection.leader.step-down.wait-time = 10s (default)
2022-10-16 13:15:36,975 [pool-673-thread-1] INFO  server.RaftServerConfigKeys (ConfUtils.java:logGet(46)) - raft.server.sleep.deviation.threshold = 300ms (default)
2022-10-16 13:15:36,975 [pool-673-thread-1] INFO  server.RaftServer$Division (ServerState.java:<init>(107)) - d8e7758e-d378-472a-aba8-a4942fe78a6e@group-CE06A573C497: ConfigurationManager, init=-1: [ca74570f-d5ef-461c-897e-e6b8abea5b82|rpc:10.1.0.60:38749|dataStream:|priority:1, 33453323-e81f-447d-802c-765fb1b7f937|rpc:10.1.0.60:43237|dataStream:|priority:0, d8e7758e-d378-472a-aba8-a4942fe78a6e|rpc:10.1.0.60:41375|dataStream:|priority:0], old=null, confs=<EMPTY_MAP>
2022-10-16 13:15:36,975 [pool-673-thread-1] INFO  server.RaftServerConfigKeys (ConfUtils.java:logGet(46)) - raft.server.storage.dir = [/home/runner/work/ozone/ozone/hadoop-ozone/integration-test/target/test-dir/MiniOzoneClusterImpl-cf870487-680b-486b-bad8-7b6ba16bedf6/datanode-1/data/ratis] (custom)
2022-10-16 13:15:36,975 [pool-673-thread-1] INFO  server.RaftServerConfigKeys (ConfUtils.java:logGet(46)) - raft.server.log.corruption.policy = EXCEPTION (default)
2022-10-16 13:15:36,975 [pool-673-thread-1] INFO  server.RaftServerConfigKeys (ConfUtils.java:logGet(46)) - raft.server.storage.free-space.min = 0MB (=0) (default)
2022-10-16 13:15:36,975 [pool-673-thread-1] INFO  storage.RaftStorageDirectory (RaftStorageDirectoryImpl.java:analyzeStorage(135)) - The storage directory /home/runner/work/ozone/ozone/hadoop-ozone/integration-test/target/test-dir/MiniOzoneClusterImpl-cf870487-680b-486b-bad8-7b6ba16bedf6/datanode-1/data/ratis/f7b24d49-7f30-4658-8814-ce06a573c497 does not exist. Creating ...
2022-10-16 13:15:36,977 [pool-673-thread-1] INFO  storage.RaftStorageDirectory (RaftStorageDirectoryImpl.java:tryLock(230)) - Lock on /home/runner/work/ozone/ozone/hadoop-ozone/integration-test/target/test-dir/MiniOzoneClusterImpl-cf870487-680b-486b-bad8-7b6ba16bedf6/datanode-1/data/ratis/f7b24d49-7f30-4658-8814-ce06a573c497/in_use.lock acquired by nodename 44550@fv-az308-250
2022-10-16 13:15:36,978 [pool-673-thread-1] INFO  storage.RaftStorage (RaftStorageImpl.java:format(89)) - Storage directory /home/runner/work/ozone/ozone/hadoop-ozone/integration-test/target/test-dir/MiniOzoneClusterImpl-cf870487-680b-486b-bad8-7b6ba16bedf6/datanode-1/data/ratis/f7b24d49-7f30-4658-8814-ce06a573c497 has been successfully formatted.
2022-10-16 13:15:36,979 [pool-673-thread-1] INFO  ratis.ContainerStateMachine (ContainerStateMachine.java:loadSnapshot(236)) - group-CE06A573C497: The snapshot info is null. Setting the last applied indexto:(t:0, i:~)
2022-10-16 13:15:36,979 [pool-673-thread-1] INFO  server.RaftServerConfigKeys (ConfUtils.java:logGet(46)) - raft.server.notification.no-leader.timeout = 300s (custom)
2022-10-16 13:15:36,979 [pool-673-thread-1] INFO  server.RaftServerConfigKeys (ConfUtils.java:logGet(46)) - raft.server.log.use.memory = false (default)
2022-10-16 13:15:36,979 [pool-673-thread-1] INFO  server.RaftServerConfigKeys (ConfUtils.java:logGet(46)) - raft.server.log.purge.gap = 1000000 (custom)
2022-10-16 13:15:36,979 [pool-673-thread-1] INFO  server.RaftServerConfigKeys (ConfUtils.java:logGet(46)) - raft.server.log.appender.buffer.byte-limit = 33554432 (custom)
2022-10-16 13:15:36,979 [pool-673-thread-1] INFO  server.RaftServerConfigKeys (ConfUtils.java:logGet(46)) - raft.server.log.statemachine.data.read.timeout = 1000ms (default)
2022-10-16 13:15:36,979 [pool-673-thread-1] INFO  server.RaftServerConfigKeys (ConfUtils.java:logGet(46)) - raft.server.log.segment.size.max = 1048576 (custom)
2022-10-16 13:15:36,980 [pool-673-thread-1] INFO  server.RaftServerConfigKeys (ConfUtils.java:logGet(46)) - raft.server.log.segment.cache.num.max = 2 (custom)
2022-10-16 13:15:36,980 [pool-673-thread-1] INFO  server.RaftServerConfigKeys (ConfUtils.java:logGet(46)) - raft.server.log.segment.cache.size.max = 200MB (=209715200) (default)
2022-10-16 13:15:36,980 [pool-673-thread-1] INFO  segmented.SegmentedRaftLogWorker (SegmentedRaftLogWorker.java:<init>(187)) - new d8e7758e-d378-472a-aba8-a4942fe78a6e@group-CE06A573C497-SegmentedRaftLogWorker for RaftStorageImpl:Storage Directory /home/runner/work/ozone/ozone/hadoop-ozone/integration-test/target/test-dir/MiniOzoneClusterImpl-cf870487-680b-486b-bad8-7b6ba16bedf6/datanode-1/data/ratis/f7b24d49-7f30-4658-8814-ce06a573c497
2022-10-16 13:15:36,980 [pool-673-thread-1] INFO  server.RaftServerConfigKeys (ConfUtils.java:logGet(46)) - raft.server.log.queue.byte-limit = 4294967296 (custom)
2022-10-16 13:15:36,980 [pool-673-thread-1] INFO  server.RaftServerConfigKeys (ConfUtils.java:logGet(46)) - raft.server.log.queue.element-limit = 1024 (custom)
2022-10-16 13:15:36,980 [pool-673-thread-1] INFO  server.RaftServerConfigKeys (ConfUtils.java:logGet(46)) - raft.server.log.segment.size.max = 1048576 (custom)
2022-10-16 13:15:36,980 [pool-673-thread-1] INFO  server.RaftServerConfigKeys (ConfUtils.java:logGet(46)) - raft.server.log.preallocated.size = 16384 (custom)
2022-10-16 13:15:36,980 [pool-673-thread-1] INFO  server.RaftServerConfigKeys (ConfUtils.java:logGet(46)) - raft.server.log.force.sync.num = 128 (default)
2022-10-16 13:15:36,980 [pool-673-thread-1] INFO  server.RaftServerConfigKeys (ConfUtils.java:logGet(46)) - raft.server.log.statemachine.data.sync = true (default)
2022-10-16 13:15:36,980 [pool-673-thread-1] INFO  server.RaftServerConfigKeys (ConfUtils.java:logGet(46)) - raft.server.log.statemachine.data.sync.timeout = 10s (default)
2022-10-16 13:15:36,980 [pool-673-thread-1] INFO  server.RaftServerConfigKeys (ConfUtils.java:logGet(46)) - raft.server.log.statemachine.data.sync.timeout.retry = -1 (default)
2022-10-16 13:15:36,981 [pool-673-thread-1] INFO  server.RaftServerConfigKeys (ConfUtils.java:logGet(46)) - raft.server.log.write.buffer.size = 1048576 (custom)
2022-10-16 13:15:36,981 [pool-673-thread-1] INFO  server.RaftServerConfigKeys (ConfUtils.java:logGet(46)) - raft.server.log.unsafe-flush.enabled = false (default)
2022-10-16 13:15:36,981 [pool-673-thread-1] INFO  server.RaftServerConfigKeys (ConfUtils.java:logGet(46)) - raft.server.log.statemachine.data.caching.enabled = true (custom)
2022-10-16 13:15:36,981 [pool-673-thread-1] INFO  segmented.SegmentedRaftLogWorker (SegmentedRaftLogWorker.java:lambda$new$0(135)) - d8e7758e-d378-472a-aba8-a4942fe78a6e@group-CE06A573C497-SegmentedRaftLogWorker: flushIndex: setUnconditionally 0 -> -1
2022-10-16 13:15:36,982 [pool-673-thread-1] INFO  segmented.SegmentedRaftLogWorker (SegmentedRaftLogWorker.java:lambda$new$0(135)) - d8e7758e-d378-472a-aba8-a4942fe78a6e@group-CE06A573C497-SegmentedRaftLogWorker: safeCacheEvictIndex: setUnconditionally 0 -> -1
2022-10-16 13:15:36,985 [pool-673-thread-1] INFO  server.RaftServerConfigKeys (ConfUtils.java:logGet(46)) - raft.server.snapshot.auto.trigger.enabled = true (custom)
2022-10-16 13:15:36,985 [pool-673-thread-1] INFO  server.RaftServerConfigKeys (ConfUtils.java:logGet(46)) - raft.server.snapshot.auto.trigger.threshold = 10000 (custom)
2022-10-16 13:15:36,986 [pool-673-thread-1] INFO  server.RaftServerConfigKeys (ConfUtils.java:logGet(46)) - raft.server.snapshot.retention.file.num = 5 (custom)
2022-10-16 13:15:36,986 [pool-673-thread-1] INFO  server.RaftServerConfigKeys (ConfUtils.java:logGet(46)) - raft.server.log.purge.upto.snapshot.index = false (default)
2022-10-16 13:15:36,986 [pool-673-thread-1] INFO  server.RaftServerConfigKeys (ConfUtils.java:logGet(46)) - raft.server.retrycache.expirytime = 600000ms (custom)
2022-10-16 13:15:36,986 [pool-673-thread-1] INFO  server.RaftServerConfigKeys (ConfUtils.java:logGet(46)) - raft.server.retrycache.statistics.expirytime = 100μs (default)
2022-10-16 13:15:36,987 [pool-673-thread-1] INFO  server.RaftServerConfigKeys (ConfUtils.java:logGet(46)) - raft.server.log.appender.install.snapshot.enabled = false (custom)
2022-10-16 13:15:36,987 [pool-673-thread-1] INFO  server.RaftServerConfigKeys (ConfUtils.java:logGet(46)) - raft.server.threadpool.server.cached = true (default)
2022-10-16 13:15:36,987 [pool-673-thread-1] INFO  server.RaftServerConfigKeys (ConfUtils.java:logGet(46)) - raft.server.threadpool.server.size = 0 (default)
2022-10-16 13:15:36,987 [pool-673-thread-1] INFO  server.RaftServerConfigKeys (ConfUtils.java:logGet(46)) - raft.server.threadpool.client.cached = true (default)
2022-10-16 13:15:36,987 [pool-673-thread-1] INFO  server.RaftServerConfigKeys (ConfUtils.java:logGet(46)) - raft.server.threadpool.client.size = 0 (default)
2022-10-16 13:15:36,987 [pool-673-thread-1] INFO  server.RaftServer$Division (RaftServerImpl.java:start(310)) - d8e7758e-d378-472a-aba8-a4942fe78a6e@group-CE06A573C497: start as a follower, conf=-1: [ca74570f-d5ef-461c-897e-e6b8abea5b82|rpc:10.1.0.60:38749|dataStream:|priority:1, 33453323-e81f-447d-802c-765fb1b7f937|rpc:10.1.0.60:43237|dataStream:|priority:0, d8e7758e-d378-472a-aba8-a4942fe78a6e|rpc:10.1.0.60:41375|dataStream:|priority:0], old=null
2022-10-16 13:15:36,987 [pool-673-thread-1] INFO  server.RaftServer$Division (RaftServerImpl.java:setRole(299)) - d8e7758e-d378-472a-aba8-a4942fe78a6e@group-CE06A573C497: changes role from      null to FOLLOWER at term 0 for startAsFollower
2022-10-16 13:15:36,987 [pool-673-thread-1] INFO  impl.RoleInfo (RoleInfo.java:updateAndGet(139)) - d8e7758e-d378-472a-aba8-a4942fe78a6e: start d8e7758e-d378-472a-aba8-a4942fe78a6e@group-CE06A573C497-FollowerState
2022-10-16 13:15:36,988 [pool-673-thread-1] INFO  util.JmxRegister (JmxRegister.java:tryRegister(44)) - Successfully registered JMX Bean with object name Ratis:service=RaftServer,group=group-CE06A573C497,id=d8e7758e-d378-472a-aba8-a4942fe78a6e
2022-10-16 13:15:36,995 [Command processor thread] INFO  commandhandler.CreatePipelineCommandHandler (CreatePipelineCommandHandler.java:handle(113)) - Created Pipeline RATIS THREE PipelineID=f7b24d49-7f30-4658-8814-ce06a573c497.
2022-10-16 13:15:36,996 [Listener at 127.0.0.1/35063] INFO  ozone.MiniOzoneClusterImpl (MiniOzoneClusterImpl.java:lambda$waitForClusterToBeReady$0(216)) - Nodes are ready. Got 5 of 5 DN Heartbeats.
2022-10-16 13:15:36,996 [Listener at 127.0.0.1/35063] INFO  ozone.MiniOzoneClusterImpl (MiniOzoneClusterImpl.java:lambda$waitForClusterToBeReady$0(219)) - Waiting for cluster to exit safe mode
2022-10-16 13:15:36,996 [Listener at 127.0.0.1/35063] INFO  ozone.MiniOzoneClusterImpl (MiniOzoneClusterImpl.java:lambda$waitForClusterToBeReady$0(221)) - SCM became leader
2022-10-16 13:15:37,091 [ReplicationMonitor] INFO  replication.ReplicationManager (ReplicationManager.java:processAll(324)) - Replication Monitor Thread took 1 milliseconds for processing 7 containers.
2022-10-16 13:15:37,119 [Command processor thread] INFO  server.RaftServer (RaftServerProxy.java:addNew(96)) - d8e7758e-d378-472a-aba8-a4942fe78a6e: addNew group-B5A5F55713F9:[d8e7758e-d378-472a-aba8-a4942fe78a6e|rpc:10.1.0.60:41375|priority:1] returns group-B5A5F55713F9:java.util.concurrent.CompletableFuture@38284a96[Not completed]
2022-10-16 13:15:37,120 [pool-673-thread-1] INFO  server.RaftServer$Division (RaftServerImpl.java:<init>(190)) - d8e7758e-d378-472a-aba8-a4942fe78a6e: new RaftServerImpl for group-B5A5F55713F9:[d8e7758e-d378-472a-aba8-a4942fe78a6e|rpc:10.1.0.60:41375|priority:1] with ContainerStateMachine:uninitialized
2022-10-16 13:15:37,120 [pool-673-thread-1] INFO  server.RaftServerConfigKeys (ConfUtils.java:logGet(46)) - raft.server.rpc.timeout.min = 5s (custom)
2022-10-16 13:15:37,120 [pool-673-thread-1] INFO  server.RaftServerConfigKeys (ConfUtils.java:logGet(46)) - raft.server.rpc.timeout.max = 5200ms (custom)
2022-10-16 13:15:37,120 [pool-673-thread-1] INFO  server.RaftServerConfigKeys (ConfUtils.java:logGet(46)) - raft.server.rpc.sleep.time = 25ms (default)
2022-10-16 13:15:37,120 [pool-673-thread-1] INFO  server.RaftServerConfigKeys (ConfUtils.java:logGet(46)) - raft.server.rpc.slowness.timeout = 300s (custom)
2022-10-16 13:15:37,120 [pool-673-thread-1] INFO  server.RaftServerConfigKeys (ConfUtils.java:logGet(46)) - raft.server.leaderelection.leader.step-down.wait-time = 10s (default)
2022-10-16 13:15:37,120 [pool-673-thread-1] INFO  server.RaftServerConfigKeys (ConfUtils.java:logGet(46)) - raft.server.sleep.deviation.threshold = 300ms (default)
2022-10-16 13:15:37,120 [pool-673-thread-1] INFO  server.RaftServer$Division (ServerState.java:<init>(107)) - d8e7758e-d378-472a-aba8-a4942fe78a6e@group-B5A5F55713F9: ConfigurationManager, init=-1: [d8e7758e-d378-472a-aba8-a4942fe78a6e|rpc:10.1.0.60:41375|priority:1], old=null, confs=<EMPTY_MAP>
2022-10-16 13:15:37,120 [pool-673-thread-1] INFO  server.RaftServerConfigKeys (ConfUtils.java:logGet(46)) - raft.server.storage.dir = [/home/runner/work/ozone/ozone/hadoop-ozone/integration-test/target/test-dir/MiniOzoneClusterImpl-cf870487-680b-486b-bad8-7b6ba16bedf6/datanode-1/data/ratis] (custom)
2022-10-16 13:15:37,121 [pool-673-thread-1] INFO  server.RaftServerConfigKeys (ConfUtils.java:logGet(46)) - raft.server.log.corruption.policy = EXCEPTION (default)
2022-10-16 13:15:37,121 [pool-673-thread-1] INFO  server.RaftServerConfigKeys (ConfUtils.java:logGet(46)) - raft.server.storage.free-space.min = 0MB (=0) (default)
2022-10-16 13:15:37,121 [pool-673-thread-1] INFO  storage.RaftStorageDirectory (RaftStorageDirectoryImpl.java:analyzeStorage(135)) - The storage directory /home/runner/work/ozone/ozone/hadoop-ozone/integration-test/target/test-dir/MiniOzoneClusterImpl-cf870487-680b-486b-bad8-7b6ba16bedf6/datanode-1/data/ratis/f0247269-f436-4c4d-b6c7-b5a5f55713f9 does not exist. Creating ...
2022-10-16 13:15:37,122 [pool-673-thread-1] INFO  storage.RaftStorageDirectory (RaftStorageDirectoryImpl.java:tryLock(230)) - Lock on /home/runner/work/ozone/ozone/hadoop-ozone/integration-test/target/test-dir/MiniOzoneClusterImpl-cf870487-680b-486b-bad8-7b6ba16bedf6/datanode-1/data/ratis/f0247269-f436-4c4d-b6c7-b5a5f55713f9/in_use.lock acquired by nodename 44550@fv-az308-250
2022-10-16 13:15:37,123 [pool-673-thread-1] INFO  storage.RaftStorage (RaftStorageImpl.java:format(89)) - Storage directory /home/runner/work/ozone/ozone/hadoop-ozone/integration-test/target/test-dir/MiniOzoneClusterImpl-cf870487-680b-486b-bad8-7b6ba16bedf6/datanode-1/data/ratis/f0247269-f436-4c4d-b6c7-b5a5f55713f9 has been successfully formatted.
2022-10-16 13:15:37,123 [pool-673-thread-1] INFO  ratis.ContainerStateMachine (ContainerStateMachine.java:loadSnapshot(236)) - group-B5A5F55713F9: The snapshot info is null. Setting the last applied indexto:(t:0, i:~)
2022-10-16 13:15:37,124 [pool-673-thread-1] INFO  server.RaftServerConfigKeys (ConfUtils.java:logGet(46)) - raft.server.notification.no-leader.timeout = 300s (custom)
2022-10-16 13:15:37,124 [pool-673-thread-1] INFO  server.RaftServerConfigKeys (ConfUtils.java:logGet(46)) - raft.server.log.use.memory = false (default)
2022-10-16 13:15:37,124 [pool-673-thread-1] INFO  server.RaftServerConfigKeys (ConfUtils.java:logGet(46)) - raft.server.log.purge.gap = 1000000 (custom)
2022-10-16 13:15:37,124 [pool-673-thread-1] INFO  server.RaftServerConfigKeys (ConfUtils.java:logGet(46)) - raft.server.log.appender.buffer.byte-limit = 33554432 (custom)
2022-10-16 13:15:37,125 [EventQueue-PipelineReportForPipelineReportHandler] INFO  pipeline.PipelineManagerImpl (PipelineManagerImpl.java:openPipeline(367)) - Pipeline Pipeline[ Id: f0247269-f436-4c4d-b6c7-b5a5f55713f9, Nodes: d8e7758e-d378-472a-aba8-a4942fe78a6e{ip: 10.1.0.60, host: fv-az308-250.etcbaq1qs54eplwmrjlabigyle.cx.internal.cloudapp.net, ports: [REPLICATION=33613, RATIS=41375, RATIS_ADMIN=41375, RATIS_SERVER=41375, STANDALONE=37941], networkLocation: /default-rack, certSerialId: null, persistedOpState: IN_SERVICE, persistedOpStateExpiryEpochSec: 0}, ReplicationConfig: RATIS/ONE, State:ALLOCATED, leaderId:d8e7758e-d378-472a-aba8-a4942fe78a6e, CreationTimestamp2022-10-16T13:15:34.120Z[Etc/UTC]] moved to OPEN state
2022-10-16 13:15:37,125 [EventQueue-OpenPipelineForHealthyPipelineSafeModeRule] INFO  safemode.SCMSafeModeManager (HealthyPipelineSafeModeRule.java:process(137)) - SCM in safe mode. Healthy pipelines reported count is 0, required healthy pipeline reported count is 1
2022-10-16 13:15:37,125 [pool-673-thread-1] INFO  server.RaftServerConfigKeys (ConfUtils.java:logGet(46)) - raft.server.log.statemachine.data.read.timeout = 1000ms (default)
2022-10-16 13:15:37,125 [pool-673-thread-1] INFO  server.RaftServerConfigKeys (ConfUtils.java:logGet(46)) - raft.server.log.segment.size.max = 1048576 (custom)
2022-10-16 13:15:37,126 [pool-673-thread-1] INFO  server.RaftServerConfigKeys (ConfUtils.java:logGet(46)) - raft.server.log.segment.cache.num.max = 2 (custom)
2022-10-16 13:15:37,126 [pool-673-thread-1] INFO  server.RaftServerConfigKeys (ConfUtils.java:logGet(46)) - raft.server.log.segment.cache.size.max = 200MB (=209715200) (default)
2022-10-16 13:15:37,126 [pool-673-thread-1] INFO  segmented.SegmentedRaftLogWorker (SegmentedRaftLogWorker.java:<init>(187)) - new d8e7758e-d378-472a-aba8-a4942fe78a6e@group-B5A5F55713F9-SegmentedRaftLogWorker for RaftStorageImpl:Storage Directory /home/runner/work/ozone/ozone/hadoop-ozone/integration-test/target/test-dir/MiniOzoneClusterImpl-cf870487-680b-486b-bad8-7b6ba16bedf6/datanode-1/data/ratis/f0247269-f436-4c4d-b6c7-b5a5f55713f9
2022-10-16 13:15:37,126 [pool-673-thread-1] INFO  server.RaftServerConfigKeys (ConfUtils.java:logGet(46)) - raft.server.log.queue.byte-limit = 4294967296 (custom)
2022-10-16 13:15:37,126 [pool-673-thread-1] INFO  server.RaftServerConfigKeys (ConfUtils.java:logGet(46)) - raft.server.log.queue.element-limit = 1024 (custom)
2022-10-16 13:15:37,126 [pool-673-thread-1] INFO  server.RaftServerConfigKeys (ConfUtils.java:logGet(46)) - raft.server.log.segment.size.max = 1048576 (custom)
2022-10-16 13:15:37,126 [pool-673-thread-1] INFO  server.RaftServerConfigKeys (ConfUtils.java:logGet(46)) - raft.server.log.preallocated.size = 16384 (custom)
2022-10-16 13:15:37,126 [pool-673-thread-1] INFO  server.RaftServerConfigKeys (ConfUtils.java:logGet(46)) - raft.server.log.force.sync.num = 128 (default)
2022-10-16 13:15:37,126 [pool-673-thread-1] INFO  server.RaftServerConfigKeys (ConfUtils.java:logGet(46)) - raft.server.log.statemachine.data.sync = true (default)
2022-10-16 13:15:37,126 [pool-673-thread-1] INFO  server.RaftServerConfigKeys (ConfUtils.java:logGet(46)) - raft.server.log.statemachine.data.sync.timeout = 10s (default)
2022-10-16 13:15:37,126 [pool-673-thread-1] INFO  server.RaftServerConfigKeys (ConfUtils.java:logGet(46)) - raft.server.log.statemachine.data.sync.timeout.retry = -1 (default)
2022-10-16 13:15:37,127 [pool-673-thread-1] INFO  server.RaftServerConfigKeys (ConfUtils.java:logGet(46)) - raft.server.log.write.buffer.size = 1048576 (custom)
2022-10-16 13:15:37,127 [pool-673-thread-1] INFO  server.RaftServerConfigKeys (ConfUtils.java:logGet(46)) - raft.server.log.unsafe-flush.enabled = false (default)
2022-10-16 13:15:37,127 [pool-673-thread-1] INFO  server.RaftServerConfigKeys (ConfUtils.java:logGet(46)) - raft.server.log.statemachine.data.caching.enabled = true (custom)
2022-10-16 13:15:37,127 [pool-673-thread-1] INFO  segmented.SegmentedRaftLogWorker (SegmentedRaftLogWorker.java:lambda$new$0(135)) - d8e7758e-d378-472a-aba8-a4942fe78a6e@group-B5A5F55713F9-SegmentedRaftLogWorker: flushIndex: setUnconditionally 0 -> -1
2022-10-16 13:15:37,127 [pool-673-thread-1] INFO  segmented.SegmentedRaftLogWorker (SegmentedRaftLogWorker.java:lambda$new$0(135)) - d8e7758e-d378-472a-aba8-a4942fe78a6e@group-B5A5F55713F9-SegmentedRaftLogWorker: safeCacheEvictIndex: setUnconditionally 0 -> -1
2022-10-16 13:15:37,128 [pool-673-thread-1] INFO  server.RaftServerConfigKeys (ConfUtils.java:logGet(46)) - raft.server.snapshot.auto.trigger.enabled = true (custom)
2022-10-16 13:15:37,128 [pool-673-thread-1] INFO  server.RaftServerConfigKeys (ConfUtils.java:logGet(46)) - raft.server.snapshot.auto.trigger.threshold = 10000 (custom)
2022-10-16 13:15:37,128 [pool-673-thread-1] INFO  server.RaftServerConfigKeys (ConfUtils.java:logGet(46)) - raft.server.snapshot.retention.file.num = 5 (custom)
2022-10-16 13:15:37,128 [pool-673-thread-1] INFO  server.RaftServerConfigKeys (ConfUtils.java:logGet(46)) - raft.server.log.purge.upto.snapshot.index = false (default)
2022-10-16 13:15:37,128 [pool-673-thread-1] INFO  server.RaftServerConfigKeys (ConfUtils.java:logGet(46)) - raft.server.retrycache.expirytime = 600000ms (custom)
2022-10-16 13:15:37,128 [pool-673-thread-1] INFO  server.RaftServerConfigKeys (ConfUtils.java:logGet(46)) - raft.server.retrycache.statistics.expirytime = 100μs (default)
2022-10-16 13:15:37,129 [pool-673-thread-1] INFO  server.RaftServerConfigKeys (ConfUtils.java:logGet(46)) - raft.server.log.appender.install.snapshot.enabled = false (custom)
2022-10-16 13:15:37,129 [pool-673-thread-1] INFO  server.RaftServerConfigKeys (ConfUtils.java:logGet(46)) - raft.server.threadpool.server.cached = true (default)
2022-10-16 13:15:37,129 [pool-673-thread-1] INFO  server.RaftServerConfigKeys (ConfUtils.java:logGet(46)) - raft.server.threadpool.server.size = 0 (default)
2022-10-16 13:15:37,129 [pool-673-thread-1] INFO  server.RaftServerConfigKeys (ConfUtils.java:logGet(46)) - raft.server.threadpool.client.cached = true (default)
2022-10-16 13:15:37,129 [pool-673-thread-1] INFO  server.RaftServerConfigKeys (ConfUtils.java:logGet(46)) - raft.server.threadpool.client.size = 0 (default)
2022-10-16 13:15:37,129 [pool-673-thread-1] INFO  server.RaftServer$Division (RaftServerImpl.java:start(310)) - d8e7758e-d378-472a-aba8-a4942fe78a6e@group-B5A5F55713F9: start as a follower, conf=-1: [d8e7758e-d378-472a-aba8-a4942fe78a6e|rpc:10.1.0.60:41375|priority:1], old=null
2022-10-16 13:15:37,129 [pool-673-thread-1] INFO  server.RaftServer$Division (RaftServerImpl.java:setRole(299)) - d8e7758e-d378-472a-aba8-a4942fe78a6e@group-B5A5F55713F9: changes role from      null to FOLLOWER at term 0 for startAsFollower
2022-10-16 13:15:37,129 [pool-673-thread-1] INFO  impl.RoleInfo (RoleInfo.java:updateAndGet(139)) - d8e7758e-d378-472a-aba8-a4942fe78a6e: start d8e7758e-d378-472a-aba8-a4942fe78a6e@group-B5A5F55713F9-FollowerState
2022-10-16 13:15:37,130 [pool-673-thread-1] INFO  util.JmxRegister (JmxRegister.java:tryRegister(44)) - Successfully registered JMX Bean with object name Ratis:service=RaftServer,group=group-B5A5F55713F9,id=d8e7758e-d378-472a-aba8-a4942fe78a6e
2022-10-16 13:15:37,130 [Command processor thread] INFO  ratis.XceiverServerRatis (XceiverServerRatis.java:addGroup(765)) - Created group PipelineID=f0247269-f436-4c4d-b6c7-b5a5f55713f9
2022-10-16 13:15:37,130 [Command processor thread] INFO  commandhandler.CreatePipelineCommandHandler (CreatePipelineCommandHandler.java:handle(113)) - Created Pipeline RATIS ONE PipelineID=f0247269-f436-4c4d-b6c7-b5a5f55713f9.
2022-10-16 13:15:37,412 [Command processor thread] INFO  server.RaftServer (RaftServerProxy.java:addNew(96)) - 33453323-e81f-447d-802c-765fb1b7f937: addNew group-E0D59647DC56:[33453323-e81f-447d-802c-765fb1b7f937|rpc:10.1.0.60:43237|priority:1] returns group-E0D59647DC56:java.util.concurrent.CompletableFuture@2fd92d24[Not completed]
2022-10-16 13:15:37,413 [pool-696-thread-1] INFO  server.RaftServer$Division (RaftServerImpl.java:<init>(190)) - 33453323-e81f-447d-802c-765fb1b7f937: new RaftServerImpl for group-E0D59647DC56:[33453323-e81f-447d-802c-765fb1b7f937|rpc:10.1.0.60:43237|priority:1] with ContainerStateMachine:uninitialized
2022-10-16 13:15:37,413 [pool-696-thread-1] INFO  server.RaftServerConfigKeys (ConfUtils.java:logGet(46)) - raft.server.rpc.timeout.min = 5s (custom)
2022-10-16 13:15:37,413 [pool-696-thread-1] INFO  server.RaftServerConfigKeys (ConfUtils.java:logGet(46)) - raft.server.rpc.timeout.max = 5200ms (custom)
2022-10-16 13:15:37,413 [pool-696-thread-1] INFO  server.RaftServerConfigKeys (ConfUtils.java:logGet(46)) - raft.server.rpc.sleep.time = 25ms (default)
2022-10-16 13:15:37,413 [pool-696-thread-1] INFO  server.RaftServerConfigKeys (ConfUtils.java:logGet(46)) - raft.server.rpc.slowness.timeout = 300s (custom)
2022-10-16 13:15:37,413 [pool-696-thread-1] INFO  server.RaftServerConfigKeys (ConfUtils.java:logGet(46)) - raft.server.leaderelection.leader.step-down.wait-time = 10s (default)
2022-10-16 13:15:37,413 [pool-696-thread-1] INFO  server.RaftServerConfigKeys (ConfUtils.java:logGet(46)) - raft.server.sleep.deviation.threshold = 300ms (default)
2022-10-16 13:15:37,413 [pool-696-thread-1] INFO  server.RaftServer$Division (ServerState.java:<init>(107)) - 33453323-e81f-447d-802c-765fb1b7f937@group-E0D59647DC56: ConfigurationManager, init=-1: [33453323-e81f-447d-802c-765fb1b7f937|rpc:10.1.0.60:43237|priority:1], old=null, confs=<EMPTY_MAP>
2022-10-16 13:15:37,413 [pool-696-thread-1] INFO  server.RaftServerConfigKeys (ConfUtils.java:logGet(46)) - raft.server.storage.dir = [/home/runner/work/ozone/ozone/hadoop-ozone/integration-test/target/test-dir/MiniOzoneClusterImpl-cf870487-680b-486b-bad8-7b6ba16bedf6/datanode-2/data/ratis] (custom)
2022-10-16 13:15:37,413 [pool-696-thread-1] INFO  server.RaftServerConfigKeys (ConfUtils.java:logGet(46)) - raft.server.log.corruption.policy = EXCEPTION (default)
2022-10-16 13:15:37,413 [pool-696-thread-1] INFO  server.RaftServerConfigKeys (ConfUtils.java:logGet(46)) - raft.server.storage.free-space.min = 0MB (=0) (default)
2022-10-16 13:15:37,414 [pool-696-thread-1] INFO  storage.RaftStorageDirectory (RaftStorageDirectoryImpl.java:analyzeStorage(135)) - The storage directory /home/runner/work/ozone/ozone/hadoop-ozone/integration-test/target/test-dir/MiniOzoneClusterImpl-cf870487-680b-486b-bad8-7b6ba16bedf6/datanode-2/data/ratis/1f2f45d7-95e1-4383-82cf-e0d59647dc56 does not exist. Creating ...
2022-10-16 13:15:37,415 [pool-696-thread-1] INFO  storage.RaftStorageDirectory (RaftStorageDirectoryImpl.java:tryLock(230)) - Lock on /home/runner/work/ozone/ozone/hadoop-ozone/integration-test/target/test-dir/MiniOzoneClusterImpl-cf870487-680b-486b-bad8-7b6ba16bedf6/datanode-2/data/ratis/1f2f45d7-95e1-4383-82cf-e0d59647dc56/in_use.lock acquired by nodename 44550@fv-az308-250
2022-10-16 13:15:37,417 [pool-696-thread-1] INFO  storage.RaftStorage (RaftStorageImpl.java:format(89)) - Storage directory /home/runner/work/ozone/ozone/hadoop-ozone/integration-test/target/test-dir/MiniOzoneClusterImpl-cf870487-680b-486b-bad8-7b6ba16bedf6/datanode-2/data/ratis/1f2f45d7-95e1-4383-82cf-e0d59647dc56 has been successfully formatted.
2022-10-16 13:15:37,417 [pool-696-thread-1] INFO  ratis.ContainerStateMachine (ContainerStateMachine.java:loadSnapshot(236)) - group-E0D59647DC56: The snapshot info is null. Setting the last applied indexto:(t:0, i:~)
2022-10-16 13:15:37,417 [pool-696-thread-1] INFO  server.RaftServerConfigKeys (ConfUtils.java:logGet(46)) - raft.server.notification.no-leader.timeout = 300s (custom)
2022-10-16 13:15:37,417 [pool-696-thread-1] INFO  server.RaftServerConfigKeys (ConfUtils.java:logGet(46)) - raft.server.log.use.memory = false (default)
2022-10-16 13:15:37,417 [pool-696-thread-1] INFO  server.RaftServerConfigKeys (ConfUtils.java:logGet(46)) - raft.server.log.purge.gap = 1000000 (custom)
2022-10-16 13:15:37,417 [pool-696-thread-1] INFO  server.RaftServerConfigKeys (ConfUtils.java:logGet(46)) - raft.server.log.appender.buffer.byte-limit = 33554432 (custom)
2022-10-16 13:15:37,417 [pool-696-thread-1] INFO  server.RaftServerConfigKeys (ConfUtils.java:logGet(46)) - raft.server.log.statemachine.data.read.timeout = 1000ms (default)
2022-10-16 13:15:37,418 [pool-696-thread-1] INFO  server.RaftServerConfigKeys (ConfUtils.java:logGet(46)) - raft.server.log.segment.size.max = 1048576 (custom)
2022-10-16 13:15:37,418 [pool-696-thread-1] INFO  server.RaftServerConfigKeys (ConfUtils.java:logGet(46)) - raft.server.log.segment.cache.num.max = 2 (custom)
2022-10-16 13:15:37,419 [pool-696-thread-1] INFO  server.RaftServerConfigKeys (ConfUtils.java:logGet(46)) - raft.server.log.segment.cache.size.max = 200MB (=209715200) (default)
2022-10-16 13:15:37,419 [pool-696-thread-1] INFO  segmented.SegmentedRaftLogWorker (SegmentedRaftLogWorker.java:<init>(187)) - new 33453323-e81f-447d-802c-765fb1b7f937@group-E0D59647DC56-SegmentedRaftLogWorker for RaftStorageImpl:Storage Directory /home/runner/work/ozone/ozone/hadoop-ozone/integration-test/target/test-dir/MiniOzoneClusterImpl-cf870487-680b-486b-bad8-7b6ba16bedf6/datanode-2/data/ratis/1f2f45d7-95e1-4383-82cf-e0d59647dc56
2022-10-16 13:15:37,419 [pool-696-thread-1] INFO  server.RaftServerConfigKeys (ConfUtils.java:logGet(46)) - raft.server.log.queue.byte-limit = 4294967296 (custom)
2022-10-16 13:15:37,419 [pool-696-thread-1] INFO  server.RaftServerConfigKeys (ConfUtils.java:logGet(46)) - raft.server.log.queue.element-limit = 1024 (custom)
2022-10-16 13:15:37,419 [pool-696-thread-1] INFO  server.RaftServerConfigKeys (ConfUtils.java:logGet(46)) - raft.server.log.segment.size.max = 1048576 (custom)
2022-10-16 13:15:37,419 [pool-696-thread-1] INFO  server.RaftServerConfigKeys (ConfUtils.java:logGet(46)) - raft.server.log.preallocated.size = 16384 (custom)
2022-10-16 13:15:37,419 [pool-696-thread-1] INFO  server.RaftServerConfigKeys (ConfUtils.java:logGet(46)) - raft.server.log.force.sync.num = 128 (default)
2022-10-16 13:15:37,419 [pool-696-thread-1] INFO  server.RaftServerConfigKeys (ConfUtils.java:logGet(46)) - raft.server.log.statemachine.data.sync = true (default)
2022-10-16 13:15:37,419 [pool-696-thread-1] INFO  server.RaftServerConfigKeys (ConfUtils.java:logGet(46)) - raft.server.log.statemachine.data.sync.timeout = 10s (default)
2022-10-16 13:15:37,419 [pool-696-thread-1] INFO  server.RaftServerConfigKeys (ConfUtils.java:logGet(46)) - raft.server.log.statemachine.data.sync.timeout.retry = -1 (default)
2022-10-16 13:15:37,421 [pool-696-thread-1] INFO  server.RaftServerConfigKeys (ConfUtils.java:logGet(46)) - raft.server.log.write.buffer.size = 1048576 (custom)
2022-10-16 13:15:37,422 [pool-696-thread-1] INFO  server.RaftServerConfigKeys (ConfUtils.java:logGet(46)) - raft.server.log.unsafe-flush.enabled = false (default)
2022-10-16 13:15:37,422 [pool-696-thread-1] INFO  server.RaftServerConfigKeys (ConfUtils.java:logGet(46)) - raft.server.log.statemachine.data.caching.enabled = true (custom)
2022-10-16 13:15:37,422 [pool-696-thread-1] INFO  segmented.SegmentedRaftLogWorker (SegmentedRaftLogWorker.java:lambda$new$0(135)) - 33453323-e81f-447d-802c-765fb1b7f937@group-E0D59647DC56-SegmentedRaftLogWorker: flushIndex: setUnconditionally 0 -> -1
2022-10-16 13:15:37,422 [pool-696-thread-1] INFO  segmented.SegmentedRaftLogWorker (SegmentedRaftLogWorker.java:lambda$new$0(135)) - 33453323-e81f-447d-802c-765fb1b7f937@group-E0D59647DC56-SegmentedRaftLogWorker: safeCacheEvictIndex: setUnconditionally 0 -> -1
2022-10-16 13:15:37,422 [pool-696-thread-1] INFO  server.RaftServerConfigKeys (ConfUtils.java:logGet(46)) - raft.server.snapshot.auto.trigger.enabled = true (custom)
2022-10-16 13:15:37,422 [pool-696-thread-1] INFO  server.RaftServerConfigKeys (ConfUtils.java:logGet(46)) - raft.server.snapshot.auto.trigger.threshold = 10000 (custom)
2022-10-16 13:15:37,422 [pool-696-thread-1] INFO  server.RaftServerConfigKeys (ConfUtils.java:logGet(46)) - raft.server.snapshot.retention.file.num = 5 (custom)
2022-10-16 13:15:37,422 [pool-696-thread-1] INFO  server.RaftServerConfigKeys (ConfUtils.java:logGet(46)) - raft.server.log.purge.upto.snapshot.index = false (default)
2022-10-16 13:15:37,422 [pool-696-thread-1] INFO  server.RaftServerConfigKeys (ConfUtils.java:logGet(46)) - raft.server.retrycache.expirytime = 600000ms (custom)
2022-10-16 13:15:37,422 [pool-696-thread-1] INFO  server.RaftServerConfigKeys (ConfUtils.java:logGet(46)) - raft.server.retrycache.statistics.expirytime = 100μs (default)
2022-10-16 13:15:37,423 [pool-696-thread-1] INFO  server.RaftServerConfigKeys (ConfUtils.java:logGet(46)) - raft.server.log.appender.install.snapshot.enabled = false (custom)
2022-10-16 13:15:37,423 [pool-696-thread-1] INFO  server.RaftServerConfigKeys (ConfUtils.java:logGet(46)) - raft.server.threadpool.server.cached = true (default)
2022-10-16 13:15:37,423 [pool-696-thread-1] INFO  server.RaftServerConfigKeys (ConfUtils.java:logGet(46)) - raft.server.threadpool.server.size = 0 (default)
2022-10-16 13:15:37,424 [pool-696-thread-1] INFO  server.RaftServerConfigKeys (ConfUtils.java:logGet(46)) - raft.server.threadpool.client.cached = true (default)
2022-10-16 13:15:37,424 [pool-696-thread-1] INFO  server.RaftServerConfigKeys (ConfUtils.java:logGet(46)) - raft.server.threadpool.client.size = 0 (default)
2022-10-16 13:15:37,424 [pool-696-thread-1] INFO  server.RaftServer$Division (RaftServerImpl.java:start(310)) - 33453323-e81f-447d-802c-765fb1b7f937@group-E0D59647DC56: start as a follower, conf=-1: [33453323-e81f-447d-802c-765fb1b7f937|rpc:10.1.0.60:43237|priority:1], old=null
2022-10-16 13:15:37,424 [pool-696-thread-1] INFO  server.RaftServer$Division (RaftServerImpl.java:setRole(299)) - 33453323-e81f-447d-802c-765fb1b7f937@group-E0D59647DC56: changes role from      null to FOLLOWER at term 0 for startAsFollower
2022-10-16 13:15:37,424 [pool-696-thread-1] INFO  impl.RoleInfo (RoleInfo.java:updateAndGet(139)) - 33453323-e81f-447d-802c-765fb1b7f937: start 33453323-e81f-447d-802c-765fb1b7f937@group-E0D59647DC56-FollowerState
2022-10-16 13:15:37,425 [EventQueue-PipelineReportForPipelineReportHandler] INFO  pipeline.PipelineManagerImpl (PipelineManagerImpl.java:openPipeline(367)) - Pipeline Pipeline[ Id: 1f2f45d7-95e1-4383-82cf-e0d59647dc56, Nodes: 33453323-e81f-447d-802c-765fb1b7f937{ip: 10.1.0.60, host: fv-az308-250.etcbaq1qs54eplwmrjlabigyle.cx.internal.cloudapp.net, ports: [REPLICATION=40877, RATIS=43237, RATIS_ADMIN=43237, RATIS_SERVER=43237, STANDALONE=39345], networkLocation: /default-rack, certSerialId: null, persistedOpState: IN_SERVICE, persistedOpStateExpiryEpochSec: 0}, ReplicationConfig: RATIS/ONE, State:ALLOCATED, leaderId:33453323-e81f-447d-802c-765fb1b7f937, CreationTimestamp2022-10-16T13:15:34.413Z[Etc/UTC]] moved to OPEN state
2022-10-16 13:15:37,425 [pool-696-thread-1] INFO  util.JmxRegister (JmxRegister.java:tryRegister(44)) - Successfully registered JMX Bean with object name Ratis:service=RaftServer,group=group-E0D59647DC56,id=33453323-e81f-447d-802c-765fb1b7f937
2022-10-16 13:15:37,426 [Command processor thread] INFO  ratis.XceiverServerRatis (XceiverServerRatis.java:addGroup(765)) - Created group PipelineID=1f2f45d7-95e1-4383-82cf-e0d59647dc56
2022-10-16 13:15:37,426 [EventQueue-OpenPipelineForHealthyPipelineSafeModeRule] INFO  safemode.SCMSafeModeManager (HealthyPipelineSafeModeRule.java:process(137)) - SCM in safe mode. Healthy pipelines reported count is 0, required healthy pipeline reported count is 1
2022-10-16 13:15:37,426 [Command processor thread] INFO  commandhandler.CreatePipelineCommandHandler (CreatePipelineCommandHandler.java:handle(113)) - Created Pipeline RATIS ONE PipelineID=1f2f45d7-95e1-4383-82cf-e0d59647dc56.
2022-10-16 13:15:37,537 [ReplicationMonitor] INFO  replication.ReplicationManager (ReplicationManager.java:processAll(291)) - Replication Manager is not ready to run until 3000ms after safemode exit
2022-10-16 13:15:37,711 [Command processor thread] INFO  server.RaftServer (RaftServerProxy.java:addNew(96)) - 9ba096f9-62f1-4ee1-b4ad-8147bf5038d9: addNew group-6AFDDC5AF84E:[9ba096f9-62f1-4ee1-b4ad-8147bf5038d9|rpc:10.1.0.60:43045|priority:1] returns group-6AFDDC5AF84E:java.util.concurrent.CompletableFuture@70a54e56[Not completed]
2022-10-16 13:15:37,713 [pool-719-thread-1] INFO  server.RaftServer$Division (RaftServerImpl.java:<init>(190)) - 9ba096f9-62f1-4ee1-b4ad-8147bf5038d9: new RaftServerImpl for group-6AFDDC5AF84E:[9ba096f9-62f1-4ee1-b4ad-8147bf5038d9|rpc:10.1.0.60:43045|priority:1] with ContainerStateMachine:uninitialized
2022-10-16 13:15:37,713 [pool-719-thread-1] INFO  server.RaftServerConfigKeys (ConfUtils.java:logGet(46)) - raft.server.rpc.timeout.min = 5s (custom)
2022-10-16 13:15:37,713 [pool-719-thread-1] INFO  server.RaftServerConfigKeys (ConfUtils.java:logGet(46)) - raft.server.rpc.timeout.max = 5200ms (custom)
2022-10-16 13:15:37,713 [pool-719-thread-1] INFO  server.RaftServerConfigKeys (ConfUtils.java:logGet(46)) - raft.server.rpc.sleep.time = 25ms (default)
2022-10-16 13:15:37,713 [pool-719-thread-1] INFO  server.RaftServerConfigKeys (ConfUtils.java:logGet(46)) - raft.server.rpc.slowness.timeout = 300s (custom)
2022-10-16 13:15:37,713 [pool-719-thread-1] INFO  server.RaftServerConfigKeys (ConfUtils.java:logGet(46)) - raft.server.leaderelection.leader.step-down.wait-time = 10s (default)
2022-10-16 13:15:37,713 [pool-719-thread-1] INFO  server.RaftServerConfigKeys (ConfUtils.java:logGet(46)) - raft.server.sleep.deviation.threshold = 300ms (default)
2022-10-16 13:15:37,713 [pool-719-thread-1] INFO  server.RaftServer$Division (ServerState.java:<init>(107)) - 9ba096f9-62f1-4ee1-b4ad-8147bf5038d9@group-6AFDDC5AF84E: ConfigurationManager, init=-1: [9ba096f9-62f1-4ee1-b4ad-8147bf5038d9|rpc:10.1.0.60:43045|priority:1], old=null, confs=<EMPTY_MAP>
2022-10-16 13:15:37,713 [pool-719-thread-1] INFO  server.RaftServerConfigKeys (ConfUtils.java:logGet(46)) - raft.server.storage.dir = [/home/runner/work/ozone/ozone/hadoop-ozone/integration-test/target/test-dir/MiniOzoneClusterImpl-cf870487-680b-486b-bad8-7b6ba16bedf6/datanode-3/data/ratis] (custom)
2022-10-16 13:15:37,713 [pool-719-thread-1] INFO  server.RaftServerConfigKeys (ConfUtils.java:logGet(46)) - raft.server.log.corruption.policy = EXCEPTION (default)
2022-10-16 13:15:37,713 [pool-719-thread-1] INFO  server.RaftServerConfigKeys (ConfUtils.java:logGet(46)) - raft.server.storage.free-space.min = 0MB (=0) (default)
2022-10-16 13:15:37,713 [pool-719-thread-1] INFO  storage.RaftStorageDirectory (RaftStorageDirectoryImpl.java:analyzeStorage(135)) - The storage directory /home/runner/work/ozone/ozone/hadoop-ozone/integration-test/target/test-dir/MiniOzoneClusterImpl-cf870487-680b-486b-bad8-7b6ba16bedf6/datanode-3/data/ratis/2dfd4b3c-03a9-4626-b2c9-6afddc5af84e does not exist. Creating ...
2022-10-16 13:15:37,715 [pool-719-thread-1] INFO  storage.RaftStorageDirectory (RaftStorageDirectoryImpl.java:tryLock(230)) - Lock on /home/runner/work/ozone/ozone/hadoop-ozone/integration-test/target/test-dir/MiniOzoneClusterImpl-cf870487-680b-486b-bad8-7b6ba16bedf6/datanode-3/data/ratis/2dfd4b3c-03a9-4626-b2c9-6afddc5af84e/in_use.lock acquired by nodename 44550@fv-az308-250
2022-10-16 13:15:37,716 [pool-719-thread-1] INFO  storage.RaftStorage (RaftStorageImpl.java:format(89)) - Storage directory /home/runner/work/ozone/ozone/hadoop-ozone/integration-test/target/test-dir/MiniOzoneClusterImpl-cf870487-680b-486b-bad8-7b6ba16bedf6/datanode-3/data/ratis/2dfd4b3c-03a9-4626-b2c9-6afddc5af84e has been successfully formatted.
2022-10-16 13:15:37,717 [pool-719-thread-1] INFO  ratis.ContainerStateMachine (ContainerStateMachine.java:loadSnapshot(236)) - group-6AFDDC5AF84E: The snapshot info is null. Setting the last applied indexto:(t:0, i:~)
2022-10-16 13:15:37,717 [pool-719-thread-1] INFO  server.RaftServerConfigKeys (ConfUtils.java:logGet(46)) - raft.server.notification.no-leader.timeout = 300s (custom)
2022-10-16 13:15:37,717 [pool-719-thread-1] INFO  server.RaftServerConfigKeys (ConfUtils.java:logGet(46)) - raft.server.log.use.memory = false (default)
2022-10-16 13:15:37,717 [pool-719-thread-1] INFO  server.RaftServerConfigKeys (ConfUtils.java:logGet(46)) - raft.server.log.purge.gap = 1000000 (custom)
2022-10-16 13:15:37,717 [pool-719-thread-1] INFO  server.RaftServerConfigKeys (ConfUtils.java:logGet(46)) - raft.server.log.appender.buffer.byte-limit = 33554432 (custom)
2022-10-16 13:15:37,717 [pool-719-thread-1] INFO  server.RaftServerConfigKeys (ConfUtils.java:logGet(46)) - raft.server.log.statemachine.data.read.timeout = 1000ms (default)
2022-10-16 13:15:37,718 [pool-719-thread-1] INFO  server.RaftServerConfigKeys (ConfUtils.java:logGet(46)) - raft.server.log.segment.size.max = 1048576 (custom)
2022-10-16 13:15:37,718 [pool-719-thread-1] INFO  server.RaftServerConfigKeys (ConfUtils.java:logGet(46)) - raft.server.log.segment.cache.num.max = 2 (custom)
2022-10-16 13:15:37,718 [EventQueue-PipelineReportForPipelineReportHandler] INFO  pipeline.PipelineManagerImpl (PipelineManagerImpl.java:openPipeline(367)) - Pipeline Pipeline[ Id: 2dfd4b3c-03a9-4626-b2c9-6afddc5af84e, Nodes: 9ba096f9-62f1-4ee1-b4ad-8147bf5038d9{ip: 10.1.0.60, host: fv-az308-250.etcbaq1qs54eplwmrjlabigyle.cx.internal.cloudapp.net, ports: [REPLICATION=39095, RATIS=43045, RATIS_ADMIN=43045, RATIS_SERVER=43045, STANDALONE=33221], networkLocation: /default-rack, certSerialId: null, persistedOpState: IN_SERVICE, persistedOpStateExpiryEpochSec: 0}, ReplicationConfig: RATIS/ONE, State:ALLOCATED, leaderId:9ba096f9-62f1-4ee1-b4ad-8147bf5038d9, CreationTimestamp2022-10-16T13:15:34.712Z[Etc/UTC]] moved to OPEN state
2022-10-16 13:15:37,718 [EventQueue-OpenPipelineForHealthyPipelineSafeModeRule] INFO  safemode.SCMSafeModeManager (HealthyPipelineSafeModeRule.java:process(137)) - SCM in safe mode. Healthy pipelines reported count is 0, required healthy pipeline reported count is 1
2022-10-16 13:15:37,718 [pool-719-thread-1] INFO  server.RaftServerConfigKeys (ConfUtils.java:logGet(46)) - raft.server.log.segment.cache.size.max = 200MB (=209715200) (default)
2022-10-16 13:15:37,719 [pool-719-thread-1] INFO  segmented.SegmentedRaftLogWorker (SegmentedRaftLogWorker.java:<init>(187)) - new 9ba096f9-62f1-4ee1-b4ad-8147bf5038d9@group-6AFDDC5AF84E-SegmentedRaftLogWorker for RaftStorageImpl:Storage Directory /home/runner/work/ozone/ozone/hadoop-ozone/integration-test/target/test-dir/MiniOzoneClusterImpl-cf870487-680b-486b-bad8-7b6ba16bedf6/datanode-3/data/ratis/2dfd4b3c-03a9-4626-b2c9-6afddc5af84e
2022-10-16 13:15:37,719 [pool-719-thread-1] INFO  server.RaftServerConfigKeys (ConfUtils.java:logGet(46)) - raft.server.log.queue.byte-limit = 4294967296 (custom)
2022-10-16 13:15:37,719 [pool-719-thread-1] INFO  server.RaftServerConfigKeys (ConfUtils.java:logGet(46)) - raft.server.log.queue.element-limit = 1024 (custom)
2022-10-16 13:15:37,719 [pool-719-thread-1] INFO  server.RaftServerConfigKeys (ConfUtils.java:logGet(46)) - raft.server.log.segment.size.max = 1048576 (custom)
2022-10-16 13:15:37,719 [pool-719-thread-1] INFO  server.RaftServerConfigKeys (ConfUtils.java:logGet(46)) - raft.server.log.preallocated.size = 16384 (custom)
2022-10-16 13:15:37,719 [pool-719-thread-1] INFO  server.RaftServerConfigKeys (ConfUtils.java:logGet(46)) - raft.server.log.force.sync.num = 128 (default)
2022-10-16 13:15:37,719 [pool-719-thread-1] INFO  server.RaftServerConfigKeys (ConfUtils.java:logGet(46)) - raft.server.log.statemachine.data.sync = true (default)
2022-10-16 13:15:37,719 [pool-719-thread-1] INFO  server.RaftServerConfigKeys (ConfUtils.java:logGet(46)) - raft.server.log.statemachine.data.sync.timeout = 10s (default)
2022-10-16 13:15:37,719 [pool-719-thread-1] INFO  server.RaftServerConfigKeys (ConfUtils.java:logGet(46)) - raft.server.log.statemachine.data.sync.timeout.retry = -1 (default)
2022-10-16 13:15:37,720 [pool-719-thread-1] INFO  server.RaftServerConfigKeys (ConfUtils.java:logGet(46)) - raft.server.log.write.buffer.size = 1048576 (custom)
2022-10-16 13:15:37,720 [pool-719-thread-1] INFO  server.RaftServerConfigKeys (ConfUtils.java:logGet(46)) - raft.server.log.unsafe-flush.enabled = false (default)
2022-10-16 13:15:37,720 [pool-719-thread-1] INFO  server.RaftServerConfigKeys (ConfUtils.java:logGet(46)) - raft.server.log.statemachine.data.caching.enabled = true (custom)
2022-10-16 13:15:37,720 [pool-719-thread-1] INFO  segmented.SegmentedRaftLogWorker (SegmentedRaftLogWorker.java:lambda$new$0(135)) - 9ba096f9-62f1-4ee1-b4ad-8147bf5038d9@group-6AFDDC5AF84E-SegmentedRaftLogWorker: flushIndex: setUnconditionally 0 -> -1
2022-10-16 13:15:37,720 [pool-719-thread-1] INFO  segmented.SegmentedRaftLogWorker (SegmentedRaftLogWorker.java:lambda$new$0(135)) - 9ba096f9-62f1-4ee1-b4ad-8147bf5038d9@group-6AFDDC5AF84E-SegmentedRaftLogWorker: safeCacheEvictIndex: setUnconditionally 0 -> -1
2022-10-16 13:15:37,720 [pool-719-thread-1] INFO  server.RaftServerConfigKeys (ConfUtils.java:logGet(46)) - raft.server.snapshot.auto.trigger.enabled = true (custom)
2022-10-16 13:15:37,720 [pool-719-thread-1] INFO  server.RaftServerConfigKeys (ConfUtils.java:logGet(46)) - raft.server.snapshot.auto.trigger.threshold = 10000 (custom)
2022-10-16 13:15:37,721 [pool-719-thread-1] INFO  server.RaftServerConfigKeys (ConfUtils.java:logGet(46)) - raft.server.snapshot.retention.file.num = 5 (custom)
2022-10-16 13:15:37,721 [pool-719-thread-1] INFO  server.RaftServerConfigKeys (ConfUtils.java:logGet(46)) - raft.server.log.purge.upto.snapshot.index = false (default)
2022-10-16 13:15:37,721 [pool-719-thread-1] INFO  server.RaftServerConfigKeys (ConfUtils.java:logGet(46)) - raft.server.retrycache.expirytime = 600000ms (custom)
2022-10-16 13:15:37,721 [pool-719-thread-1] INFO  server.RaftServerConfigKeys (ConfUtils.java:logGet(46)) - raft.server.retrycache.statistics.expirytime = 100μs (default)
2022-10-16 13:15:37,722 [pool-719-thread-1] INFO  server.RaftServerConfigKeys (ConfUtils.java:logGet(46)) - raft.server.log.appender.install.snapshot.enabled = false (custom)
2022-10-16 13:15:37,722 [pool-719-thread-1] INFO  server.RaftServerConfigKeys (ConfUtils.java:logGet(46)) - raft.server.threadpool.server.cached = true (default)
2022-10-16 13:15:37,722 [pool-719-thread-1] INFO  server.RaftServerConfigKeys (ConfUtils.java:logGet(46)) - raft.server.threadpool.server.size = 0 (default)
2022-10-16 13:15:37,722 [pool-719-thread-1] INFO  server.RaftServerConfigKeys (ConfUtils.java:logGet(46)) - raft.server.threadpool.client.cached = true (default)
2022-10-16 13:15:37,722 [pool-719-thread-1] INFO  server.RaftServerConfigKeys (ConfUtils.java:logGet(46)) - raft.server.threadpool.client.size = 0 (default)
2022-10-16 13:15:37,722 [pool-719-thread-1] INFO  server.RaftServer$Division (RaftServerImpl.java:start(310)) - 9ba096f9-62f1-4ee1-b4ad-8147bf5038d9@group-6AFDDC5AF84E: start as a follower, conf=-1: [9ba096f9-62f1-4ee1-b4ad-8147bf5038d9|rpc:10.1.0.60:43045|priority:1], old=null
2022-10-16 13:15:37,722 [pool-719-thread-1] INFO  server.RaftServer$Division (RaftServerImpl.java:setRole(299)) - 9ba096f9-62f1-4ee1-b4ad-8147bf5038d9@group-6AFDDC5AF84E: changes role from      null to FOLLOWER at term 0 for startAsFollower
2022-10-16 13:15:37,722 [pool-719-thread-1] INFO  impl.RoleInfo (RoleInfo.java:updateAndGet(139)) - 9ba096f9-62f1-4ee1-b4ad-8147bf5038d9: start 9ba096f9-62f1-4ee1-b4ad-8147bf5038d9@group-6AFDDC5AF84E-FollowerState
2022-10-16 13:15:37,722 [pool-719-thread-1] INFO  util.JmxRegister (JmxRegister.java:tryRegister(44)) - Successfully registered JMX Bean with object name Ratis:service=RaftServer,group=group-6AFDDC5AF84E,id=9ba096f9-62f1-4ee1-b4ad-8147bf5038d9
2022-10-16 13:15:37,723 [Command processor thread] INFO  ratis.XceiverServerRatis (XceiverServerRatis.java:addGroup(765)) - Created group PipelineID=2dfd4b3c-03a9-4626-b2c9-6afddc5af84e
2022-10-16 13:15:37,723 [Command processor thread] INFO  commandhandler.CreatePipelineCommandHandler (CreatePipelineCommandHandler.java:handle(113)) - Created Pipeline RATIS ONE PipelineID=2dfd4b3c-03a9-4626-b2c9-6afddc5af84e.
2022-10-16 13:15:37,997 [Listener at 127.0.0.1/35063] INFO  ozone.MiniOzoneClusterImpl (MiniOzoneClusterImpl.java:lambda$waitForClusterToBeReady$0(216)) - Nodes are ready. Got 5 of 5 DN Heartbeats.
2022-10-16 13:15:37,997 [Command processor thread] INFO  server.RaftServer (RaftServerProxy.java:addNew(96)) - 3ba9e91d-c91b-441f-af9f-489ed1e42370: addNew group-232563638670:[3ba9e91d-c91b-441f-af9f-489ed1e42370|rpc:10.1.0.60:43745|priority:1] returns group-232563638670:java.util.concurrent.CompletableFuture@ebe9035[Not completed]
2022-10-16 13:15:37,997 [Listener at 127.0.0.1/35063] INFO  ozone.MiniOzoneClusterImpl (MiniOzoneClusterImpl.java:lambda$waitForClusterToBeReady$0(219)) - Waiting for cluster to exit safe mode
2022-10-16 13:15:37,997 [Listener at 127.0.0.1/35063] INFO  ozone.MiniOzoneClusterImpl (MiniOzoneClusterImpl.java:lambda$waitForClusterToBeReady$0(221)) - SCM became leader
2022-10-16 13:15:37,998 [pool-742-thread-1] INFO  server.RaftServer$Division (RaftServerImpl.java:<init>(190)) - 3ba9e91d-c91b-441f-af9f-489ed1e42370: new RaftServerImpl for group-232563638670:[3ba9e91d-c91b-441f-af9f-489ed1e42370|rpc:10.1.0.60:43745|priority:1] with ContainerStateMachine:uninitialized
2022-10-16 13:15:37,999 [pool-742-thread-1] INFO  server.RaftServerConfigKeys (ConfUtils.java:logGet(46)) - raft.server.rpc.timeout.min = 5s (custom)
2022-10-16 13:15:37,999 [pool-742-thread-1] INFO  server.RaftServerConfigKeys (ConfUtils.java:logGet(46)) - raft.server.rpc.timeout.max = 5200ms (custom)
2022-10-16 13:15:37,999 [pool-742-thread-1] INFO  server.RaftServerConfigKeys (ConfUtils.java:logGet(46)) - raft.server.rpc.sleep.time = 25ms (default)
2022-10-16 13:15:37,999 [pool-742-thread-1] INFO  server.RaftServerConfigKeys (ConfUtils.java:logGet(46)) - raft.server.rpc.slowness.timeout = 300s (custom)
2022-10-16 13:15:37,999 [pool-742-thread-1] INFO  server.RaftServerConfigKeys (ConfUtils.java:logGet(46)) - raft.server.leaderelection.leader.step-down.wait-time = 10s (default)
2022-10-16 13:15:37,999 [pool-742-thread-1] INFO  server.RaftServerConfigKeys (ConfUtils.java:logGet(46)) - raft.server.sleep.deviation.threshold = 300ms (default)
2022-10-16 13:15:37,999 [pool-742-thread-1] INFO  server.RaftServer$Division (ServerState.java:<init>(107)) - 3ba9e91d-c91b-441f-af9f-489ed1e42370@group-232563638670: ConfigurationManager, init=-1: [3ba9e91d-c91b-441f-af9f-489ed1e42370|rpc:10.1.0.60:43745|priority:1], old=null, confs=<EMPTY_MAP>
2022-10-16 13:15:37,999 [pool-742-thread-1] INFO  server.RaftServerConfigKeys (ConfUtils.java:logGet(46)) - raft.server.storage.dir = [/home/runner/work/ozone/ozone/hadoop-ozone/integration-test/target/test-dir/MiniOzoneClusterImpl-cf870487-680b-486b-bad8-7b6ba16bedf6/datanode-4/data/ratis] (custom)
2022-10-16 13:15:37,999 [pool-742-thread-1] INFO  server.RaftServerConfigKeys (ConfUtils.java:logGet(46)) - raft.server.log.corruption.policy = EXCEPTION (default)
2022-10-16 13:15:37,999 [pool-742-thread-1] INFO  server.RaftServerConfigKeys (ConfUtils.java:logGet(46)) - raft.server.storage.free-space.min = 0MB (=0) (default)
2022-10-16 13:15:37,999 [pool-742-thread-1] INFO  storage.RaftStorageDirectory (RaftStorageDirectoryImpl.java:analyzeStorage(135)) - The storage directory /home/runner/work/ozone/ozone/hadoop-ozone/integration-test/target/test-dir/MiniOzoneClusterImpl-cf870487-680b-486b-bad8-7b6ba16bedf6/datanode-4/data/ratis/5b468e56-e8d3-4770-b424-232563638670 does not exist. Creating ...
2022-10-16 13:15:38,001 [pool-742-thread-1] INFO  storage.RaftStorageDirectory (RaftStorageDirectoryImpl.java:tryLock(230)) - Lock on /home/runner/work/ozone/ozone/hadoop-ozone/integration-test/target/test-dir/MiniOzoneClusterImpl-cf870487-680b-486b-bad8-7b6ba16bedf6/datanode-4/data/ratis/5b468e56-e8d3-4770-b424-232563638670/in_use.lock acquired by nodename 44550@fv-az308-250
2022-10-16 13:15:38,003 [pool-742-thread-1] INFO  storage.RaftStorage (RaftStorageImpl.java:format(89)) - Storage directory /home/runner/work/ozone/ozone/hadoop-ozone/integration-test/target/test-dir/MiniOzoneClusterImpl-cf870487-680b-486b-bad8-7b6ba16bedf6/datanode-4/data/ratis/5b468e56-e8d3-4770-b424-232563638670 has been successfully formatted.
2022-10-16 13:15:38,005 [pool-742-thread-1] INFO  ratis.ContainerStateMachine (ContainerStateMachine.java:loadSnapshot(236)) - group-232563638670: The snapshot info is null. Setting the last applied indexto:(t:0, i:~)
2022-10-16 13:15:38,005 [pool-742-thread-1] INFO  server.RaftServerConfigKeys (ConfUtils.java:logGet(46)) - raft.server.notification.no-leader.timeout = 300s (custom)
2022-10-16 13:15:38,005 [pool-742-thread-1] INFO  server.RaftServerConfigKeys (ConfUtils.java:logGet(46)) - raft.server.log.use.memory = false (default)
2022-10-16 13:15:38,005 [pool-742-thread-1] INFO  server.RaftServerConfigKeys (ConfUtils.java:logGet(46)) - raft.server.log.purge.gap = 1000000 (custom)
2022-10-16 13:15:38,005 [pool-742-thread-1] INFO  server.RaftServerConfigKeys (ConfUtils.java:logGet(46)) - raft.server.log.appender.buffer.byte-limit = 33554432 (custom)
2022-10-16 13:15:38,005 [pool-742-thread-1] INFO  server.RaftServerConfigKeys (ConfUtils.java:logGet(46)) - raft.server.log.statemachine.data.read.timeout = 1000ms (default)
2022-10-16 13:15:38,005 [pool-742-thread-1] INFO  server.RaftServerConfigKeys (ConfUtils.java:logGet(46)) - raft.server.log.segment.size.max = 1048576 (custom)
2022-10-16 13:15:38,006 [EventQueue-PipelineReportForPipelineReportHandler] INFO  pipeline.PipelineManagerImpl (PipelineManagerImpl.java:openPipeline(367)) - Pipeline Pipeline[ Id: 5b468e56-e8d3-4770-b424-232563638670, Nodes: 3ba9e91d-c91b-441f-af9f-489ed1e42370{ip: 10.1.0.60, host: fv-az308-250.etcbaq1qs54eplwmrjlabigyle.cx.internal.cloudapp.net, ports: [REPLICATION=34715, RATIS=43745, RATIS_ADMIN=43745, RATIS_SERVER=43745, STANDALONE=34891], networkLocation: /default-rack, certSerialId: null, persistedOpState: IN_SERVICE, persistedOpStateExpiryEpochSec: 0}, ReplicationConfig: RATIS/ONE, State:ALLOCATED, leaderId:3ba9e91d-c91b-441f-af9f-489ed1e42370, CreationTimestamp2022-10-16T13:15:34.998Z[Etc/UTC]] moved to OPEN state
2022-10-16 13:15:38,006 [pool-742-thread-1] INFO  server.RaftServerConfigKeys (ConfUtils.java:logGet(46)) - raft.server.log.segment.cache.num.max = 2 (custom)
2022-10-16 13:15:38,006 [EventQueue-OpenPipelineForHealthyPipelineSafeModeRule] INFO  safemode.SCMSafeModeManager (HealthyPipelineSafeModeRule.java:process(137)) - SCM in safe mode. Healthy pipelines reported count is 0, required healthy pipeline reported count is 1
2022-10-16 13:15:38,006 [pool-742-thread-1] INFO  server.RaftServerConfigKeys (ConfUtils.java:logGet(46)) - raft.server.log.segment.cache.size.max = 200MB (=209715200) (default)
2022-10-16 13:15:38,007 [pool-742-thread-1] INFO  segmented.SegmentedRaftLogWorker (SegmentedRaftLogWorker.java:<init>(187)) - new 3ba9e91d-c91b-441f-af9f-489ed1e42370@group-232563638670-SegmentedRaftLogWorker for RaftStorageImpl:Storage Directory /home/runner/work/ozone/ozone/hadoop-ozone/integration-test/target/test-dir/MiniOzoneClusterImpl-cf870487-680b-486b-bad8-7b6ba16bedf6/datanode-4/data/ratis/5b468e56-e8d3-4770-b424-232563638670
2022-10-16 13:15:38,007 [pool-742-thread-1] INFO  server.RaftServerConfigKeys (ConfUtils.java:logGet(46)) - raft.server.log.queue.byte-limit = 4294967296 (custom)
2022-10-16 13:15:38,007 [pool-742-thread-1] INFO  server.RaftServerConfigKeys (ConfUtils.java:logGet(46)) - raft.server.log.queue.element-limit = 1024 (custom)
2022-10-16 13:15:38,007 [pool-742-thread-1] INFO  server.RaftServerConfigKeys (ConfUtils.java:logGet(46)) - raft.server.log.segment.size.max = 1048576 (custom)
2022-10-16 13:15:38,007 [pool-742-thread-1] INFO  server.RaftServerConfigKeys (ConfUtils.java:logGet(46)) - raft.server.log.preallocated.size = 16384 (custom)
2022-10-16 13:15:38,007 [pool-742-thread-1] INFO  server.RaftServerConfigKeys (ConfUtils.java:logGet(46)) - raft.server.log.force.sync.num = 128 (default)
2022-10-16 13:15:38,007 [pool-742-thread-1] INFO  server.RaftServerConfigKeys (ConfUtils.java:logGet(46)) - raft.server.log.statemachine.data.sync = true (default)
2022-10-16 13:15:38,007 [pool-742-thread-1] INFO  server.RaftServerConfigKeys (ConfUtils.java:logGet(46)) - raft.server.log.statemachine.data.sync.timeout = 10s (default)
2022-10-16 13:15:38,007 [pool-742-thread-1] INFO  server.RaftServerConfigKeys (ConfUtils.java:logGet(46)) - raft.server.log.statemachine.data.sync.timeout.retry = -1 (default)
2022-10-16 13:15:38,008 [pool-742-thread-1] INFO  server.RaftServerConfigKeys (ConfUtils.java:logGet(46)) - raft.server.log.write.buffer.size = 1048576 (custom)
2022-10-16 13:15:38,008 [pool-742-thread-1] INFO  server.RaftServerConfigKeys (ConfUtils.java:logGet(46)) - raft.server.log.unsafe-flush.enabled = false (default)
2022-10-16 13:15:38,008 [pool-742-thread-1] INFO  server.RaftServerConfigKeys (ConfUtils.java:logGet(46)) - raft.server.log.statemachine.data.caching.enabled = true (custom)
2022-10-16 13:15:38,008 [pool-742-thread-1] INFO  segmented.SegmentedRaftLogWorker (SegmentedRaftLogWorker.java:lambda$new$0(135)) - 3ba9e91d-c91b-441f-af9f-489ed1e42370@group-232563638670-SegmentedRaftLogWorker: flushIndex: setUnconditionally 0 -> -1
2022-10-16 13:15:38,008 [pool-742-thread-1] INFO  segmented.SegmentedRaftLogWorker (SegmentedRaftLogWorker.java:lambda$new$0(135)) - 3ba9e91d-c91b-441f-af9f-489ed1e42370@group-232563638670-SegmentedRaftLogWorker: safeCacheEvictIndex: setUnconditionally 0 -> -1
2022-10-16 13:15:38,008 [pool-742-thread-1] INFO  server.RaftServerConfigKeys (ConfUtils.java:logGet(46)) - raft.server.snapshot.auto.trigger.enabled = true (custom)
2022-10-16 13:15:38,008 [pool-742-thread-1] INFO  server.RaftServerConfigKeys (ConfUtils.java:logGet(46)) - raft.server.snapshot.auto.trigger.threshold = 10000 (custom)
2022-10-16 13:15:38,008 [pool-742-thread-1] INFO  server.RaftServerConfigKeys (ConfUtils.java:logGet(46)) - raft.server.snapshot.retention.file.num = 5 (custom)
2022-10-16 13:15:38,008 [pool-742-thread-1] INFO  server.RaftServerConfigKeys (ConfUtils.java:logGet(46)) - raft.server.log.purge.upto.snapshot.index = false (default)
2022-10-16 13:15:38,009 [pool-742-thread-1] INFO  server.RaftServerConfigKeys (ConfUtils.java:logGet(46)) - raft.server.retrycache.expirytime = 600000ms (custom)
2022-10-16 13:15:38,009 [pool-742-thread-1] INFO  server.RaftServerConfigKeys (ConfUtils.java:logGet(46)) - raft.server.retrycache.statistics.expirytime = 100μs (default)
2022-10-16 13:15:38,010 [pool-742-thread-1] INFO  server.RaftServerConfigKeys (ConfUtils.java:logGet(46)) - raft.server.log.appender.install.snapshot.enabled = false (custom)
2022-10-16 13:15:38,010 [pool-742-thread-1] INFO  server.RaftServerConfigKeys (ConfUtils.java:logGet(46)) - raft.server.threadpool.server.cached = true (default)
2022-10-16 13:15:38,010 [pool-742-thread-1] INFO  server.RaftServerConfigKeys (ConfUtils.java:logGet(46)) - raft.server.threadpool.server.size = 0 (default)
2022-10-16 13:15:38,010 [pool-742-thread-1] INFO  server.RaftServerConfigKeys (ConfUtils.java:logGet(46)) - raft.server.threadpool.client.cached = true (default)
2022-10-16 13:15:38,011 [pool-742-thread-1] INFO  server.RaftServerConfigKeys (ConfUtils.java:logGet(46)) - raft.server.threadpool.client.size = 0 (default)
2022-10-16 13:15:38,011 [pool-742-thread-1] INFO  server.RaftServer$Division (RaftServerImpl.java:start(310)) - 3ba9e91d-c91b-441f-af9f-489ed1e42370@group-232563638670: start as a follower, conf=-1: [3ba9e91d-c91b-441f-af9f-489ed1e42370|rpc:10.1.0.60:43745|priority:1], old=null
2022-10-16 13:15:38,011 [pool-742-thread-1] INFO  server.RaftServer$Division (RaftServerImpl.java:setRole(299)) - 3ba9e91d-c91b-441f-af9f-489ed1e42370@group-232563638670: changes role from      null to FOLLOWER at term 0 for startAsFollower
2022-10-16 13:15:38,011 [pool-742-thread-1] INFO  impl.RoleInfo (RoleInfo.java:updateAndGet(139)) - 3ba9e91d-c91b-441f-af9f-489ed1e42370: start 3ba9e91d-c91b-441f-af9f-489ed1e42370@group-232563638670-FollowerState
2022-10-16 13:15:38,011 [pool-742-thread-1] INFO  util.JmxRegister (JmxRegister.java:tryRegister(44)) - Successfully registered JMX Bean with object name Ratis:service=RaftServer,group=group-232563638670,id=3ba9e91d-c91b-441f-af9f-489ed1e42370
2022-10-16 13:15:38,011 [Command processor thread] INFO  ratis.XceiverServerRatis (XceiverServerRatis.java:addGroup(765)) - Created group PipelineID=5b468e56-e8d3-4770-b424-232563638670
2022-10-16 13:15:38,012 [Command processor thread] INFO  commandhandler.CreatePipelineCommandHandler (CreatePipelineCommandHandler.java:handle(113)) - Created Pipeline RATIS ONE PipelineID=5b468e56-e8d3-4770-b424-232563638670.
2022-10-16 13:15:38,091 [ReplicationMonitor] INFO  replication.ReplicationManager (ReplicationManager.java:processAll(324)) - Replication Monitor Thread took 0 milliseconds for processing 7 containers.
2022-10-16 13:15:38,537 [ReplicationMonitor] INFO  replication.ReplicationManager (ReplicationManager.java:processAll(291)) - Replication Manager is not ready to run until 3000ms after safemode exit
2022-10-16 13:15:38,998 [Listener at 127.0.0.1/35063] INFO  ozone.MiniOzoneClusterImpl (MiniOzoneClusterImpl.java:lambda$waitForClusterToBeReady$0(216)) - Nodes are ready. Got 5 of 5 DN Heartbeats.
2022-10-16 13:15:38,998 [Listener at 127.0.0.1/35063] INFO  ozone.MiniOzoneClusterImpl (MiniOzoneClusterImpl.java:lambda$waitForClusterToBeReady$0(219)) - Waiting for cluster to exit safe mode
2022-10-16 13:15:38,998 [Listener at 127.0.0.1/35063] INFO  ozone.MiniOzoneClusterImpl (MiniOzoneClusterImpl.java:lambda$waitForClusterToBeReady$0(221)) - SCM became leader
2022-10-16 13:15:39,092 [ReplicationMonitor] INFO  replication.ReplicationManager (ReplicationManager.java:processAll(324)) - Replication Monitor Thread took 1 milliseconds for processing 7 containers.
2022-10-16 13:15:39,538 [ReplicationMonitor] INFO  replication.ReplicationManager (ReplicationManager.java:processAll(291)) - Replication Manager is not ready to run until 3000ms after safemode exit
2022-10-16 13:15:39,998 [Listener at 127.0.0.1/35063] INFO  ozone.MiniOzoneClusterImpl (MiniOzoneClusterImpl.java:lambda$waitForClusterToBeReady$0(216)) - Nodes are ready. Got 5 of 5 DN Heartbeats.
2022-10-16 13:15:39,998 [Listener at 127.0.0.1/35063] INFO  ozone.MiniOzoneClusterImpl (MiniOzoneClusterImpl.java:lambda$waitForClusterToBeReady$0(219)) - Waiting for cluster to exit safe mode
2022-10-16 13:15:39,998 [Listener at 127.0.0.1/35063] INFO  ozone.MiniOzoneClusterImpl (MiniOzoneClusterImpl.java:lambda$waitForClusterToBeReady$0(221)) - SCM became leader
2022-10-16 13:15:40,093 [ReplicationMonitor] INFO  replication.ReplicationManager (ReplicationManager.java:processAll(324)) - Replication Monitor Thread took 0 milliseconds for processing 7 containers.
2022-10-16 13:15:40,538 [ReplicationMonitor] INFO  replication.ReplicationManager (ReplicationManager.java:processAll(291)) - Replication Manager is not ready to run until 3000ms after safemode exit
2022-10-16 13:15:40,999 [Listener at 127.0.0.1/35063] INFO  ozone.MiniOzoneClusterImpl (MiniOzoneClusterImpl.java:lambda$waitForClusterToBeReady$0(216)) - Nodes are ready. Got 5 of 5 DN Heartbeats.
2022-10-16 13:15:40,999 [Listener at 127.0.0.1/35063] INFO  ozone.MiniOzoneClusterImpl (MiniOzoneClusterImpl.java:lambda$waitForClusterToBeReady$0(219)) - Waiting for cluster to exit safe mode
2022-10-16 13:15:40,999 [Listener at 127.0.0.1/35063] INFO  ozone.MiniOzoneClusterImpl (MiniOzoneClusterImpl.java:lambda$waitForClusterToBeReady$0(221)) - SCM became leader
2022-10-16 13:15:41,093 [ReplicationMonitor] INFO  replication.ReplicationManager (ReplicationManager.java:processAll(324)) - Replication Monitor Thread took 0 milliseconds for processing 7 containers.
2022-10-16 13:15:41,538 [ReplicationMonitor] INFO  replication.ReplicationManager (ReplicationManager.java:processAll(291)) - Replication Manager is not ready to run until 3000ms after safemode exit
2022-10-16 13:15:41,902 [Under Replicated Processor] INFO  replication.UnderReplicatedProcessor (UnderReplicatedProcessor.java:processAll(92)) - Processed 0 under replicated containers, failed processing 0
2022-10-16 13:15:41,903 [ca74570f-d5ef-461c-897e-e6b8abea5b82@group-CE06A573C497-FollowerState] INFO  impl.FollowerState (FollowerState.java:run(143)) - ca74570f-d5ef-461c-897e-e6b8abea5b82@group-CE06A573C497-FollowerState: change to CANDIDATE, lastRpcElapsedTime:5025548195ns, electionTimeout:5024ms
2022-10-16 13:15:41,903 [ca74570f-d5ef-461c-897e-e6b8abea5b82@group-CE06A573C497-FollowerState] INFO  impl.RoleInfo (RoleInfo.java:shutdownFollowerState(110)) - ca74570f-d5ef-461c-897e-e6b8abea5b82: shutdown ca74570f-d5ef-461c-897e-e6b8abea5b82@group-CE06A573C497-FollowerState
2022-10-16 13:15:41,903 [ca74570f-d5ef-461c-897e-e6b8abea5b82@group-CE06A573C497-FollowerState] INFO  server.RaftServer$Division (RaftServerImpl.java:setRole(299)) - ca74570f-d5ef-461c-897e-e6b8abea5b82@group-CE06A573C497: changes role from  FOLLOWER to CANDIDATE at term 0 for changeToCandidate
2022-10-16 13:15:41,903 [ca74570f-d5ef-461c-897e-e6b8abea5b82@group-CE06A573C497-FollowerState] INFO  server.RaftServerConfigKeys (ConfUtils.java:logGet(46)) - raft.server.leaderelection.pre-vote = false (custom)
2022-10-16 13:15:41,904 [ca74570f-d5ef-461c-897e-e6b8abea5b82@group-CE06A573C497-FollowerState] INFO  impl.RoleInfo (RoleInfo.java:updateAndGet(139)) - ca74570f-d5ef-461c-897e-e6b8abea5b82: start ca74570f-d5ef-461c-897e-e6b8abea5b82@group-CE06A573C497-LeaderElection20
2022-10-16 13:15:41,909 [ca74570f-d5ef-461c-897e-e6b8abea5b82@group-CE06A573C497-LeaderElection20] INFO  impl.LeaderElection (LeaderElection.java:askForVotes(310)) - ca74570f-d5ef-461c-897e-e6b8abea5b82@group-CE06A573C497-LeaderElection20 ELECTION round 0: submit vote requests at term 1 for -1: [ca74570f-d5ef-461c-897e-e6b8abea5b82|rpc:10.1.0.60:38749|priority:1, 33453323-e81f-447d-802c-765fb1b7f937|rpc:10.1.0.60:43237|priority:0, d8e7758e-d378-472a-aba8-a4942fe78a6e|rpc:10.1.0.60:41375|priority:0], old=null
2022-10-16 13:15:41,910 [Over Replicated Processor] INFO  replication.OverReplicatedProcessor (OverReplicatedProcessor.java:processAll(90)) - Processed 0 over replicated containers, failed processing 0
2022-10-16 13:15:41,916 [grpc-default-executor-1] INFO  server.RaftServer$Division (RaftServerImpl.java:requestVote(1152)) - 33453323-e81f-447d-802c-765fb1b7f937@group-CE06A573C497: receive requestVote(ELECTION, ca74570f-d5ef-461c-897e-e6b8abea5b82, group-CE06A573C497, 1, (t:0, i:0))
2022-10-16 13:15:41,916 [grpc-default-executor-1] INFO  impl.VoteContext (VoteContext.java:log(48)) - 33453323-e81f-447d-802c-765fb1b7f937@group-CE06A573C497-FOLLOWER: accept ELECTION from ca74570f-d5ef-461c-897e-e6b8abea5b82: our priority 0 <= candidate's priority 1
2022-10-16 13:15:41,916 [grpc-default-executor-1] INFO  server.RaftServer$Division (RaftServerImpl.java:setRole(299)) - 33453323-e81f-447d-802c-765fb1b7f937@group-CE06A573C497: changes role from  FOLLOWER to FOLLOWER at term 1 for candidate:ca74570f-d5ef-461c-897e-e6b8abea5b82
2022-10-16 13:15:41,916 [grpc-default-executor-1] INFO  impl.RoleInfo (RoleInfo.java:shutdownFollowerState(110)) - 33453323-e81f-447d-802c-765fb1b7f937: shutdown 33453323-e81f-447d-802c-765fb1b7f937@group-CE06A573C497-FollowerState
2022-10-16 13:15:41,916 [grpc-default-executor-1] INFO  impl.RoleInfo (RoleInfo.java:updateAndGet(139)) - 33453323-e81f-447d-802c-765fb1b7f937: start 33453323-e81f-447d-802c-765fb1b7f937@group-CE06A573C497-FollowerState
2022-10-16 13:15:41,916 [33453323-e81f-447d-802c-765fb1b7f937@group-CE06A573C497-FollowerState] INFO  impl.FollowerState (FollowerState.java:run(152)) - 33453323-e81f-447d-802c-765fb1b7f937@group-CE06A573C497-FollowerState was interrupted
2022-10-16 13:15:41,917 [grpc-default-executor-0] INFO  server.RaftServer$Division (RaftServerImpl.java:requestVote(1152)) - d8e7758e-d378-472a-aba8-a4942fe78a6e@group-CE06A573C497: receive requestVote(ELECTION, ca74570f-d5ef-461c-897e-e6b8abea5b82, group-CE06A573C497, 1, (t:0, i:0))
2022-10-16 13:15:41,917 [grpc-default-executor-0] INFO  impl.VoteContext (VoteContext.java:log(48)) - d8e7758e-d378-472a-aba8-a4942fe78a6e@group-CE06A573C497-FOLLOWER: accept ELECTION from ca74570f-d5ef-461c-897e-e6b8abea5b82: our priority 0 <= candidate's priority 1
2022-10-16 13:15:41,918 [grpc-default-executor-0] INFO  server.RaftServer$Division (RaftServerImpl.java:setRole(299)) - d8e7758e-d378-472a-aba8-a4942fe78a6e@group-CE06A573C497: changes role from  FOLLOWER to FOLLOWER at term 1 for candidate:ca74570f-d5ef-461c-897e-e6b8abea5b82
2022-10-16 13:15:41,918 [grpc-default-executor-0] INFO  impl.RoleInfo (RoleInfo.java:shutdownFollowerState(110)) - d8e7758e-d378-472a-aba8-a4942fe78a6e: shutdown d8e7758e-d378-472a-aba8-a4942fe78a6e@group-CE06A573C497-FollowerState
2022-10-16 13:15:41,918 [grpc-default-executor-0] INFO  impl.RoleInfo (RoleInfo.java:updateAndGet(139)) - d8e7758e-d378-472a-aba8-a4942fe78a6e: start d8e7758e-d378-472a-aba8-a4942fe78a6e@group-CE06A573C497-FollowerState
2022-10-16 13:15:41,918 [d8e7758e-d378-472a-aba8-a4942fe78a6e@group-CE06A573C497-FollowerState] INFO  impl.FollowerState (FollowerState.java:run(152)) - d8e7758e-d378-472a-aba8-a4942fe78a6e@group-CE06A573C497-FollowerState was interrupted
2022-10-16 13:15:41,920 [grpc-default-executor-1] INFO  server.RaftServer$Division (RaftServerImpl.java:requestVote(1184)) - 33453323-e81f-447d-802c-765fb1b7f937@group-CE06A573C497 replies to ELECTION vote request: ca74570f-d5ef-461c-897e-e6b8abea5b82<-33453323-e81f-447d-802c-765fb1b7f937#0:OK-t1. Peer's state: 33453323-e81f-447d-802c-765fb1b7f937@group-CE06A573C497:t1, leader=null, voted=ca74570f-d5ef-461c-897e-e6b8abea5b82, raftlog=33453323-e81f-447d-802c-765fb1b7f937@group-CE06A573C497-SegmentedRaftLog:OPENED:c-1, conf=-1: [ca74570f-d5ef-461c-897e-e6b8abea5b82|rpc:10.1.0.60:38749|dataStream:|priority:1, 33453323-e81f-447d-802c-765fb1b7f937|rpc:10.1.0.60:43237|dataStream:|priority:0, d8e7758e-d378-472a-aba8-a4942fe78a6e|rpc:10.1.0.60:41375|dataStream:|priority:0], old=null
2022-10-16 13:15:41,924 [ca74570f-d5ef-461c-897e-e6b8abea5b82@group-CE06A573C497-LeaderElection20] INFO  impl.LeaderElection (LeaderElection.java:logAndReturn(90)) - ca74570f-d5ef-461c-897e-e6b8abea5b82@group-CE06A573C497-LeaderElection20: ELECTION PASSED received 1 response(s) and 0 exception(s):
2022-10-16 13:15:41,924 [ca74570f-d5ef-461c-897e-e6b8abea5b82@group-CE06A573C497-LeaderElection20] INFO  impl.LeaderElection (LeaderElection.java:logAndReturn(94)) -   Response 0: ca74570f-d5ef-461c-897e-e6b8abea5b82<-33453323-e81f-447d-802c-765fb1b7f937#0:OK-t1
2022-10-16 13:15:41,924 [grpc-default-executor-0] INFO  server.RaftServer$Division (RaftServerImpl.java:requestVote(1184)) - d8e7758e-d378-472a-aba8-a4942fe78a6e@group-CE06A573C497 replies to ELECTION vote request: ca74570f-d5ef-461c-897e-e6b8abea5b82<-d8e7758e-d378-472a-aba8-a4942fe78a6e#0:OK-t1. Peer's state: d8e7758e-d378-472a-aba8-a4942fe78a6e@group-CE06A573C497:t1, leader=null, voted=ca74570f-d5ef-461c-897e-e6b8abea5b82, raftlog=d8e7758e-d378-472a-aba8-a4942fe78a6e@group-CE06A573C497-SegmentedRaftLog:OPENED:c-1, conf=-1: [ca74570f-d5ef-461c-897e-e6b8abea5b82|rpc:10.1.0.60:38749|dataStream:|priority:1, 33453323-e81f-447d-802c-765fb1b7f937|rpc:10.1.0.60:43237|dataStream:|priority:0, d8e7758e-d378-472a-aba8-a4942fe78a6e|rpc:10.1.0.60:41375|dataStream:|priority:0], old=null
2022-10-16 13:15:41,924 [ca74570f-d5ef-461c-897e-e6b8abea5b82@group-CE06A573C497-LeaderElection20] INFO  impl.LeaderElection (LeaderElection.java:askForVotes(312)) - ca74570f-d5ef-461c-897e-e6b8abea5b82@group-CE06A573C497-LeaderElection20 ELECTION round 0: result PASSED
2022-10-16 13:15:41,924 [ca74570f-d5ef-461c-897e-e6b8abea5b82@group-CE06A573C497-LeaderElection20] INFO  impl.RoleInfo (RoleInfo.java:shutdownLeaderElection(130)) - ca74570f-d5ef-461c-897e-e6b8abea5b82: shutdown ca74570f-d5ef-461c-897e-e6b8abea5b82@group-CE06A573C497-LeaderElection20
2022-10-16 13:15:41,924 [ca74570f-d5ef-461c-897e-e6b8abea5b82@group-CE06A573C497-LeaderElection20] INFO  server.RaftServer$Division (RaftServerImpl.java:setRole(299)) - ca74570f-d5ef-461c-897e-e6b8abea5b82@group-CE06A573C497: changes role from CANDIDATE to LEADER at term 1 for changeToLeader
2022-10-16 13:15:41,924 [ca74570f-d5ef-461c-897e-e6b8abea5b82@group-CE06A573C497-LeaderElection20] INFO  ratis.XceiverServerRatis (XceiverServerRatis.java:handleLeaderChangedNotification(863)) - Leader change notification received for group: group-CE06A573C497 with new leaderId: ca74570f-d5ef-461c-897e-e6b8abea5b82
2022-10-16 13:15:41,924 [ca74570f-d5ef-461c-897e-e6b8abea5b82@group-CE06A573C497-LeaderElection20] INFO  server.RaftServer$Division (ServerState.java:setLeader(287)) - ca74570f-d5ef-461c-897e-e6b8abea5b82@group-CE06A573C497: change Leader from null to ca74570f-d5ef-461c-897e-e6b8abea5b82 at term 1 for becomeLeader, leader elected after 5054ms
2022-10-16 13:15:41,924 [ca74570f-d5ef-461c-897e-e6b8abea5b82@group-CE06A573C497-LeaderElection20] INFO  server.RaftServerConfigKeys (ConfUtils.java:logGet(46)) - raft.server.staging.catchup.gap = 1000 (default)
2022-10-16 13:15:41,925 [ca74570f-d5ef-461c-897e-e6b8abea5b82@group-CE06A573C497-LeaderElection20] INFO  server.RaftServerConfigKeys (ConfUtils.java:logGet(46)) - raft.server.write.element-limit = 1024 (custom)
2022-10-16 13:15:41,925 [ca74570f-d5ef-461c-897e-e6b8abea5b82@group-CE06A573C497-LeaderElection20] INFO  server.RaftServerConfigKeys (ConfUtils.java:logGet(46)) - raft.server.write.byte-limit = 1024 M (=1073741824) (custom)
2022-10-16 13:15:41,925 [ca74570f-d5ef-461c-897e-e6b8abea5b82@group-CE06A573C497-LeaderElection20] INFO  server.RaftServerConfigKeys (ConfUtils.java:logGet(46)) - raft.server.watch.timeout = 180s (custom)
2022-10-16 13:15:41,925 [ca74570f-d5ef-461c-897e-e6b8abea5b82@group-CE06A573C497-LeaderElection20] INFO  server.RaftServerConfigKeys (ConfUtils.java:logGet(46)) - raft.server.watch.timeout.denomination = 1s (default)
2022-10-16 13:15:41,925 [ca74570f-d5ef-461c-897e-e6b8abea5b82@group-CE06A573C497-LeaderElection20] INFO  server.RaftServerConfigKeys (ConfUtils.java:logGet(46)) - raft.server.watch.element-limit = 65536 (default)
2022-10-16 13:15:41,925 [ca74570f-d5ef-461c-897e-e6b8abea5b82@group-CE06A573C497-LeaderElection20] INFO  server.RaftServerConfigKeys (ConfUtils.java:logGet(46)) - raft.server.write.element-limit = 1024 (custom)
2022-10-16 13:15:41,925 [ca74570f-d5ef-461c-897e-e6b8abea5b82@group-CE06A573C497-LeaderElection20] INFO  server.RaftServerConfigKeys (ConfUtils.java:logGet(46)) - raft.server.write.follower.gap.ratio.max = -1.0 (default)
2022-10-16 13:15:41,926 [ca74570f-d5ef-461c-897e-e6b8abea5b82@group-CE06A573C497-LeaderElection20] INFO  server.RaftServerConfigKeys (ConfUtils.java:logGet(46)) - raft.server.log.appender.snapshot.chunk.size.max = 16MB (=16777216) (default)
2022-10-16 13:15:41,926 [ca74570f-d5ef-461c-897e-e6b8abea5b82@group-CE06A573C497-LeaderElection20] INFO  server.RaftServerConfigKeys (ConfUtils.java:logGet(46)) - raft.server.log.appender.buffer.byte-limit = 33554432 (custom)
2022-10-16 13:15:41,926 [ca74570f-d5ef-461c-897e-e6b8abea5b82@group-CE06A573C497-LeaderElection20] INFO  server.RaftServerConfigKeys (ConfUtils.java:logGet(46)) - raft.server.log.appender.buffer.element-limit = 1 (custom)
2022-10-16 13:15:41,926 [ca74570f-d5ef-461c-897e-e6b8abea5b82@group-CE06A573C497-LeaderElection20] INFO  grpc.GrpcConfigKeys (ConfUtils.java:logGet(46)) - raft.grpc.server.leader.outstanding.appends.max = 128 (default)
2022-10-16 13:15:41,926 [ca74570f-d5ef-461c-897e-e6b8abea5b82@group-CE06A573C497-LeaderElection20] INFO  server.RaftServerConfigKeys (ConfUtils.java:logGet(46)) - raft.server.rpc.request.timeout = 60s (custom)
2022-10-16 13:15:41,926 [ca74570f-d5ef-461c-897e-e6b8abea5b82@group-CE06A573C497-LeaderElection20] INFO  server.RaftServerConfigKeys (ConfUtils.java:logGet(46)) - raft.server.log.appender.install.snapshot.enabled = false (custom)
2022-10-16 13:15:41,927 [ca74570f-d5ef-461c-897e-e6b8abea5b82@group-81C29BB732AF-FollowerState] INFO  impl.FollowerState (FollowerState.java:run(143)) - ca74570f-d5ef-461c-897e-e6b8abea5b82@group-81C29BB732AF-FollowerState: change to CANDIDATE, lastRpcElapsedTime:5068016377ns, electionTimeout:5061ms
2022-10-16 13:15:41,929 [ca74570f-d5ef-461c-897e-e6b8abea5b82@group-81C29BB732AF-FollowerState] INFO  impl.RoleInfo (RoleInfo.java:shutdownFollowerState(110)) - ca74570f-d5ef-461c-897e-e6b8abea5b82: shutdown ca74570f-d5ef-461c-897e-e6b8abea5b82@group-81C29BB732AF-FollowerState
2022-10-16 13:15:41,929 [ca74570f-d5ef-461c-897e-e6b8abea5b82@group-81C29BB732AF-FollowerState] INFO  server.RaftServer$Division (RaftServerImpl.java:setRole(299)) - ca74570f-d5ef-461c-897e-e6b8abea5b82@group-81C29BB732AF: changes role from  FOLLOWER to CANDIDATE at term 0 for changeToCandidate
2022-10-16 13:15:41,929 [ca74570f-d5ef-461c-897e-e6b8abea5b82@group-81C29BB732AF-FollowerState] INFO  server.RaftServerConfigKeys (ConfUtils.java:logGet(46)) - raft.server.leaderelection.pre-vote = false (custom)
2022-10-16 13:15:41,929 [ca74570f-d5ef-461c-897e-e6b8abea5b82@group-81C29BB732AF-FollowerState] INFO  impl.RoleInfo (RoleInfo.java:updateAndGet(139)) - ca74570f-d5ef-461c-897e-e6b8abea5b82: start ca74570f-d5ef-461c-897e-e6b8abea5b82@group-81C29BB732AF-LeaderElection21
2022-10-16 13:15:41,930 [ca74570f-d5ef-461c-897e-e6b8abea5b82@group-CE06A573C497-LeaderElection20] INFO  server.RaftServerConfigKeys (ConfUtils.java:logGet(46)) - raft.server.log.appender.snapshot.chunk.size.max = 16MB (=16777216) (default)
2022-10-16 13:15:41,930 [ca74570f-d5ef-461c-897e-e6b8abea5b82@group-CE06A573C497-LeaderElection20] INFO  server.RaftServerConfigKeys (ConfUtils.java:logGet(46)) - raft.server.log.appender.buffer.byte-limit = 33554432 (custom)
2022-10-16 13:15:41,930 [ca74570f-d5ef-461c-897e-e6b8abea5b82@group-CE06A573C497-LeaderElection20] INFO  server.RaftServerConfigKeys (ConfUtils.java:logGet(46)) - raft.server.log.appender.buffer.element-limit = 1 (custom)
2022-10-16 13:15:41,930 [ca74570f-d5ef-461c-897e-e6b8abea5b82@group-CE06A573C497-LeaderElection20] INFO  grpc.GrpcConfigKeys (ConfUtils.java:logGet(46)) - raft.grpc.server.leader.outstanding.appends.max = 128 (default)
2022-10-16 13:15:41,930 [ca74570f-d5ef-461c-897e-e6b8abea5b82@group-CE06A573C497-LeaderElection20] INFO  server.RaftServerConfigKeys (ConfUtils.java:logGet(46)) - raft.server.rpc.request.timeout = 60s (custom)
2022-10-16 13:15:41,930 [ca74570f-d5ef-461c-897e-e6b8abea5b82@group-CE06A573C497-LeaderElection20] INFO  server.RaftServerConfigKeys (ConfUtils.java:logGet(46)) - raft.server.log.appender.install.snapshot.enabled = false (custom)
2022-10-16 13:15:41,930 [ca74570f-d5ef-461c-897e-e6b8abea5b82@group-CE06A573C497-LeaderElection20] INFO  impl.RoleInfo (RoleInfo.java:updateAndGet(139)) - ca74570f-d5ef-461c-897e-e6b8abea5b82: start ca74570f-d5ef-461c-897e-e6b8abea5b82@group-CE06A573C497-LeaderStateImpl
2022-10-16 13:15:41,930 [ca74570f-d5ef-461c-897e-e6b8abea5b82@group-CE06A573C497-LeaderElection20] INFO  segmented.SegmentedRaftLogWorker (SegmentedRaftLogWorker.java:startLogSegment(425)) - ca74570f-d5ef-461c-897e-e6b8abea5b82@group-CE06A573C497-SegmentedRaftLogWorker: Starting segment from index:0
2022-10-16 13:15:41,932 [ca74570f-d5ef-461c-897e-e6b8abea5b82@group-CE06A573C497-SegmentedRaftLogWorker] INFO  segmented.SegmentedRaftLogWorker (SegmentedRaftLogWorker.java:execute(629)) - ca74570f-d5ef-461c-897e-e6b8abea5b82@group-CE06A573C497-SegmentedRaftLogWorker: created new log segment /home/runner/work/ozone/ozone/hadoop-ozone/integration-test/target/test-dir/MiniOzoneClusterImpl-cf870487-680b-486b-bad8-7b6ba16bedf6/datanode-0/data/ratis/f7b24d49-7f30-4658-8814-ce06a573c497/current/log_inprogress_0
2022-10-16 13:15:41,932 [EventQueue-PipelineReportForPipelineReportHandler] INFO  pipeline.PipelineManagerImpl (PipelineManagerImpl.java:openPipeline(367)) - Pipeline Pipeline[ Id: f7b24d49-7f30-4658-8814-ce06a573c497, Nodes: 33453323-e81f-447d-802c-765fb1b7f937{ip: 10.1.0.60, host: fv-az308-250.etcbaq1qs54eplwmrjlabigyle.cx.internal.cloudapp.net, ports: [REPLICATION=40877, RATIS=43237, RATIS_ADMIN=43237, RATIS_SERVER=43237, STANDALONE=39345], networkLocation: /default-rack, certSerialId: null, persistedOpState: IN_SERVICE, persistedOpStateExpiryEpochSec: 0}ca74570f-d5ef-461c-897e-e6b8abea5b82{ip: 10.1.0.60, host: fv-az308-250.etcbaq1qs54eplwmrjlabigyle.cx.internal.cloudapp.net, ports: [REPLICATION=44869, RATIS=38749, RATIS_ADMIN=38749, RATIS_SERVER=38749, STANDALONE=42523], networkLocation: /default-rack, certSerialId: null, persistedOpState: IN_SERVICE, persistedOpStateExpiryEpochSec: 0}d8e7758e-d378-472a-aba8-a4942fe78a6e{ip: 10.1.0.60, host: fv-az308-250.etcbaq1qs54eplwmrjlabigyle.cx.internal.cloudapp.net, ports: [REPLICATION=33613, RATIS=41375, RATIS_ADMIN=41375, RATIS_SERVER=41375, STANDALONE=37941], networkLocation: /default-rack, certSerialId: null, persistedOpState: IN_SERVICE, persistedOpStateExpiryEpochSec: 0}, ReplicationConfig: RATIS/THREE, State:ALLOCATED, leaderId:ca74570f-d5ef-461c-897e-e6b8abea5b82, CreationTimestamp2022-10-16T13:15:34.414Z[Etc/UTC]] moved to OPEN state
2022-10-16 13:15:41,933 [EventQueue-OpenPipelineForHealthyPipelineSafeModeRule] INFO  safemode.SCMSafeModeManager (HealthyPipelineSafeModeRule.java:process(137)) - SCM in safe mode. Healthy pipelines reported count is 1, required healthy pipeline reported count is 1
2022-10-16 13:15:41,933 [EventQueue-OpenPipelineForHealthyPipelineSafeModeRule] INFO  safemode.SCMSafeModeManager (SCMSafeModeManager.java:validateSafeModeExitRules(204)) - HealthyPipelineSafeModeRule rule is successfully validated
2022-10-16 13:15:41,933 [EventQueue-OpenPipelineForHealthyPipelineSafeModeRule] INFO  safemode.SCMSafeModeManager (SCMSafeModeManager.java:validateSafeModeExitRules(219)) - ScmSafeModeManager, all rules are successfully validated
2022-10-16 13:15:41,933 [EventQueue-OpenPipelineForHealthyPipelineSafeModeRule] INFO  safemode.SCMSafeModeManager (SCMSafeModeManager.java:exitSafeMode(248)) - SCM exiting safe mode.
2022-10-16 13:15:41,933 [EventQueue-OpenPipelineForHealthyPipelineSafeModeRule] WARN  events.EventQueue (EventQueue.java:fireEvent(216)) - No event handler registered for event TypedEvent{payloadType=SafeModeStatus, name='Safe mode status'}
2022-10-16 13:15:41,933 [EventQueue-OpenPipelineForHealthyPipelineSafeModeRule] INFO  ha.SCMContext (SCMContext.java:updateSafeModeStatus(228)) - Update SafeModeStatus from SafeModeStatus{safeModeStatus=true, preCheckPassed=true} to SafeModeStatus{safeModeStatus=false, preCheckPassed=true}.
2022-10-16 13:15:41,933 [EventQueue-OpenPipelineForHealthyPipelineSafeModeRule] INFO  pipeline.BackgroundPipelineCreator (BackgroundPipelineCreator.java:notifyStatusChanged(254)) - Service BackgroundPipelineCreator transitions to RUNNING.
2022-10-16 13:15:41,933 [EventQueue-OpenPipelineForHealthyPipelineSafeModeRule] INFO  BackgroundPipelineScrubber (BackgroundSCMService.java:notifyStatusChanged(82)) - Service BackgroundPipelineScrubber transitions to RUNNING.
2022-10-16 13:15:41,933 [EventQueue-OpenPipelineForHealthyPipelineSafeModeRule] INFO  ExpiredContainerReplicaOpScrubber (BackgroundSCMService.java:notifyStatusChanged(82)) - Service ExpiredContainerReplicaOpScrubber transitions to RUNNING.
2022-10-16 13:15:41,933 [EventQueue-OpenPipelineForHealthyPipelineSafeModeRule] INFO  replication.ReplicationManager (ReplicationManager.java:notifyStatusChanged(728)) - Service ReplicationManager transitions to RUNNING.
2022-10-16 13:15:41,933 [EventQueue-OpenPipelineForHealthyPipelineSafeModeRule] WARN  balancer.ContainerBalancer (ContainerBalancer.java:shouldRun(936)) - Could not find persisted configuration for ContainerBalancer when checking if ContainerBalancer should run. ContainerBalancer should not run now.
2022-10-16 13:15:41,942 [ca74570f-d5ef-461c-897e-e6b8abea5b82@group-CE06A573C497-LeaderElection20] INFO  server.RaftServer$Division (ServerState.java:setRaftConf(393)) - ca74570f-d5ef-461c-897e-e6b8abea5b82@group-CE06A573C497: set configuration 0: [ca74570f-d5ef-461c-897e-e6b8abea5b82|rpc:10.1.0.60:38749|dataStream:|priority:1, 33453323-e81f-447d-802c-765fb1b7f937|rpc:10.1.0.60:43237|dataStream:|priority:0, d8e7758e-d378-472a-aba8-a4942fe78a6e|rpc:10.1.0.60:41375|dataStream:|priority:0], old=null
2022-10-16 13:15:41,944 [ca74570f-d5ef-461c-897e-e6b8abea5b82@group-81C29BB732AF-LeaderElection21] INFO  impl.LeaderElection (LeaderElection.java:askForVotes(310)) - ca74570f-d5ef-461c-897e-e6b8abea5b82@group-81C29BB732AF-LeaderElection21 ELECTION round 0: submit vote requests at term 1 for -1: [ca74570f-d5ef-461c-897e-e6b8abea5b82|rpc:10.1.0.60:38749|priority:1], old=null
2022-10-16 13:15:41,944 [ca74570f-d5ef-461c-897e-e6b8abea5b82@group-81C29BB732AF-LeaderElection21] INFO  impl.LeaderElection (LeaderElection.java:askForVotes(312)) - ca74570f-d5ef-461c-897e-e6b8abea5b82@group-81C29BB732AF-LeaderElection21 ELECTION round 0: result PASSED (term=1)
2022-10-16 13:15:41,944 [ca74570f-d5ef-461c-897e-e6b8abea5b82@group-81C29BB732AF-LeaderElection21] INFO  impl.RoleInfo (RoleInfo.java:shutdownLeaderElection(130)) - ca74570f-d5ef-461c-897e-e6b8abea5b82: shutdown ca74570f-d5ef-461c-897e-e6b8abea5b82@group-81C29BB732AF-LeaderElection21
2022-10-16 13:15:41,944 [ca74570f-d5ef-461c-897e-e6b8abea5b82@group-81C29BB732AF-LeaderElection21] INFO  server.RaftServer$Division (RaftServerImpl.java:setRole(299)) - ca74570f-d5ef-461c-897e-e6b8abea5b82@group-81C29BB732AF: changes role from CANDIDATE to LEADER at term 1 for changeToLeader
2022-10-16 13:15:41,944 [ca74570f-d5ef-461c-897e-e6b8abea5b82@group-81C29BB732AF-LeaderElection21] INFO  ratis.XceiverServerRatis (XceiverServerRatis.java:handleLeaderChangedNotification(863)) - Leader change notification received for group: group-81C29BB732AF with new leaderId: ca74570f-d5ef-461c-897e-e6b8abea5b82
2022-10-16 13:15:41,944 [ca74570f-d5ef-461c-897e-e6b8abea5b82@group-81C29BB732AF-LeaderElection21] INFO  server.RaftServer$Division (ServerState.java:setLeader(287)) - ca74570f-d5ef-461c-897e-e6b8abea5b82@group-81C29BB732AF: change Leader from null to ca74570f-d5ef-461c-897e-e6b8abea5b82 at term 1 for becomeLeader, leader elected after 5092ms
2022-10-16 13:15:41,944 [ca74570f-d5ef-461c-897e-e6b8abea5b82@group-81C29BB732AF-LeaderElection21] INFO  server.RaftServerConfigKeys (ConfUtils.java:logGet(46)) - raft.server.staging.catchup.gap = 1000 (default)
2022-10-16 13:15:41,945 [ca74570f-d5ef-461c-897e-e6b8abea5b82@group-81C29BB732AF-LeaderElection21] INFO  server.RaftServerConfigKeys (ConfUtils.java:logGet(46)) - raft.server.write.element-limit = 1024 (custom)
2022-10-16 13:15:41,945 [ca74570f-d5ef-461c-897e-e6b8abea5b82@group-81C29BB732AF-LeaderElection21] INFO  server.RaftServerConfigKeys (ConfUtils.java:logGet(46)) - raft.server.write.byte-limit = 1024 M (=1073741824) (custom)
2022-10-16 13:15:41,948 [ca74570f-d5ef-461c-897e-e6b8abea5b82@group-81C29BB732AF-LeaderElection21] INFO  server.RaftServerConfigKeys (ConfUtils.java:logGet(46)) - raft.server.watch.timeout = 180s (custom)
2022-10-16 13:15:41,948 [ca74570f-d5ef-461c-897e-e6b8abea5b82@group-81C29BB732AF-LeaderElection21] INFO  server.RaftServerConfigKeys (ConfUtils.java:logGet(46)) - raft.server.watch.timeout.denomination = 1s (default)
2022-10-16 13:15:41,948 [ca74570f-d5ef-461c-897e-e6b8abea5b82@group-81C29BB732AF-LeaderElection21] INFO  server.RaftServerConfigKeys (ConfUtils.java:logGet(46)) - raft.server.watch.element-limit = 65536 (default)
2022-10-16 13:15:41,948 [ca74570f-d5ef-461c-897e-e6b8abea5b82@group-81C29BB732AF-LeaderElection21] INFO  server.RaftServerConfigKeys (ConfUtils.java:logGet(46)) - raft.server.write.element-limit = 1024 (custom)
2022-10-16 13:15:41,948 [ca74570f-d5ef-461c-897e-e6b8abea5b82@group-81C29BB732AF-LeaderElection21] INFO  server.RaftServerConfigKeys (ConfUtils.java:logGet(46)) - raft.server.write.follower.gap.ratio.max = -1.0 (default)
2022-10-16 13:15:41,948 [ca74570f-d5ef-461c-897e-e6b8abea5b82@group-81C29BB732AF-LeaderElection21] INFO  impl.RoleInfo (RoleInfo.java:updateAndGet(139)) - ca74570f-d5ef-461c-897e-e6b8abea5b82: start ca74570f-d5ef-461c-897e-e6b8abea5b82@group-81C29BB732AF-LeaderStateImpl
2022-10-16 13:15:41,949 [ca74570f-d5ef-461c-897e-e6b8abea5b82@group-81C29BB732AF-LeaderElection21] INFO  segmented.SegmentedRaftLogWorker (SegmentedRaftLogWorker.java:startLogSegment(425)) - ca74570f-d5ef-461c-897e-e6b8abea5b82@group-81C29BB732AF-SegmentedRaftLogWorker: Starting segment from index:0
2022-10-16 13:15:41,949 [33453323-e81f-447d-802c-765fb1b7f937-server-thread1] INFO  ratis.XceiverServerRatis (XceiverServerRatis.java:handleLeaderChangedNotification(863)) - Leader change notification received for group: group-CE06A573C497 with new leaderId: ca74570f-d5ef-461c-897e-e6b8abea5b82
2022-10-16 13:15:41,949 [33453323-e81f-447d-802c-765fb1b7f937-server-thread1] INFO  server.RaftServer$Division (ServerState.java:setLeader(287)) - 33453323-e81f-447d-802c-765fb1b7f937@group-CE06A573C497: change Leader from null to ca74570f-d5ef-461c-897e-e6b8abea5b82 at term 1 for appendEntries, leader elected after 4997ms
2022-10-16 13:15:41,949 [ca74570f-d5ef-461c-897e-e6b8abea5b82@group-81C29BB732AF-LeaderElection21] INFO  server.RaftServer$Division (ServerState.java:setRaftConf(393)) - ca74570f-d5ef-461c-897e-e6b8abea5b82@group-81C29BB732AF: set configuration 0: [ca74570f-d5ef-461c-897e-e6b8abea5b82|rpc:10.1.0.60:38749|dataStream:|priority:1], old=null
2022-10-16 13:15:41,949 [d8e7758e-d378-472a-aba8-a4942fe78a6e-server-thread1] INFO  ratis.XceiverServerRatis (XceiverServerRatis.java:handleLeaderChangedNotification(863)) - Leader change notification received for group: group-CE06A573C497 with new leaderId: ca74570f-d5ef-461c-897e-e6b8abea5b82
2022-10-16 13:15:41,949 [d8e7758e-d378-472a-aba8-a4942fe78a6e-server-thread1] INFO  server.RaftServer$Division (ServerState.java:setLeader(287)) - d8e7758e-d378-472a-aba8-a4942fe78a6e@group-CE06A573C497: change Leader from null to ca74570f-d5ef-461c-897e-e6b8abea5b82 at term 1 for appendEntries, leader elected after 4970ms
2022-10-16 13:15:41,950 [ca74570f-d5ef-461c-897e-e6b8abea5b82@group-81C29BB732AF-SegmentedRaftLogWorker] INFO  segmented.SegmentedRaftLogWorker (SegmentedRaftLogWorker.java:execute(629)) - ca74570f-d5ef-461c-897e-e6b8abea5b82@group-81C29BB732AF-SegmentedRaftLogWorker: created new log segment /home/runner/work/ozone/ozone/hadoop-ozone/integration-test/target/test-dir/MiniOzoneClusterImpl-cf870487-680b-486b-bad8-7b6ba16bedf6/datanode-0/data/ratis/1680fb3d-37c9-401f-8dec-81c29bb732af/current/log_inprogress_0
2022-10-16 13:15:41,954 [d8e7758e-d378-472a-aba8-a4942fe78a6e-server-thread1] INFO  server.RaftServer$Division (ServerState.java:setRaftConf(393)) - d8e7758e-d378-472a-aba8-a4942fe78a6e@group-CE06A573C497: set configuration 0: [ca74570f-d5ef-461c-897e-e6b8abea5b82|rpc:10.1.0.60:38749|dataStream:|priority:1, 33453323-e81f-447d-802c-765fb1b7f937|rpc:10.1.0.60:43237|dataStream:|priority:0, d8e7758e-d378-472a-aba8-a4942fe78a6e|rpc:10.1.0.60:41375|dataStream:|priority:0], old=null
2022-10-16 13:15:41,955 [d8e7758e-d378-472a-aba8-a4942fe78a6e-server-thread1] INFO  segmented.SegmentedRaftLogWorker (SegmentedRaftLogWorker.java:startLogSegment(425)) - d8e7758e-d378-472a-aba8-a4942fe78a6e@group-CE06A573C497-SegmentedRaftLogWorker: Starting segment from index:0
2022-10-16 13:15:41,955 [33453323-e81f-447d-802c-765fb1b7f937-server-thread2] INFO  server.RaftServer$Division (ServerState.java:setRaftConf(393)) - 33453323-e81f-447d-802c-765fb1b7f937@group-CE06A573C497: set configuration 0: [ca74570f-d5ef-461c-897e-e6b8abea5b82|rpc:10.1.0.60:38749|dataStream:|priority:1, 33453323-e81f-447d-802c-765fb1b7f937|rpc:10.1.0.60:43237|dataStream:|priority:0, d8e7758e-d378-472a-aba8-a4942fe78a6e|rpc:10.1.0.60:41375|dataStream:|priority:0], old=null
2022-10-16 13:15:41,957 [33453323-e81f-447d-802c-765fb1b7f937-server-thread2] INFO  segmented.SegmentedRaftLogWorker (SegmentedRaftLogWorker.java:startLogSegment(425)) - 33453323-e81f-447d-802c-765fb1b7f937@group-CE06A573C497-SegmentedRaftLogWorker: Starting segment from index:0
2022-10-16 13:15:41,957 [d8e7758e-d378-472a-aba8-a4942fe78a6e@group-CE06A573C497-SegmentedRaftLogWorker] INFO  segmented.SegmentedRaftLogWorker (SegmentedRaftLogWorker.java:execute(629)) - d8e7758e-d378-472a-aba8-a4942fe78a6e@group-CE06A573C497-SegmentedRaftLogWorker: created new log segment /home/runner/work/ozone/ozone/hadoop-ozone/integration-test/target/test-dir/MiniOzoneClusterImpl-cf870487-680b-486b-bad8-7b6ba16bedf6/datanode-1/data/ratis/f7b24d49-7f30-4658-8814-ce06a573c497/current/log_inprogress_0
2022-10-16 13:15:41,957 [33453323-e81f-447d-802c-765fb1b7f937@group-CE06A573C497-SegmentedRaftLogWorker] INFO  segmented.SegmentedRaftLogWorker (SegmentedRaftLogWorker.java:execute(629)) - 33453323-e81f-447d-802c-765fb1b7f937@group-CE06A573C497-SegmentedRaftLogWorker: created new log segment /home/runner/work/ozone/ozone/hadoop-ozone/integration-test/target/test-dir/MiniOzoneClusterImpl-cf870487-680b-486b-bad8-7b6ba16bedf6/datanode-2/data/ratis/f7b24d49-7f30-4658-8814-ce06a573c497/current/log_inprogress_0
2022-10-16 13:15:41,999 [Listener at 127.0.0.1/35063] INFO  ozone.MiniOzoneClusterImpl (MiniOzoneClusterImpl.java:lambda$waitForClusterToBeReady$0(216)) - Nodes are ready. Got 5 of 5 DN Heartbeats.
2022-10-16 13:15:41,999 [Listener at 127.0.0.1/35063] INFO  ozone.MiniOzoneClusterImpl (MiniOzoneClusterImpl.java:lambda$waitForClusterToBeReady$0(219)) - Cluster exits safe mode
2022-10-16 13:15:41,999 [Listener at 127.0.0.1/35063] INFO  ozone.MiniOzoneClusterImpl (MiniOzoneClusterImpl.java:lambda$waitForClusterToBeReady$0(221)) - SCM became leader
2022-10-16 13:15:42,008 [Listener at 127.0.0.1/35063] INFO  rpc.RpcClient (RpcClient.java:createVolume(471)) - Creating Volume: ee7b6078-7efc-4e69-a887-da42d9f3e7d4, with runner as owner and space quota set to -1 bytes, counts quota set to -1
2022-10-16 13:15:42,016 [OM StateMachine ApplyTransaction Thread - 0] INFO  volume.OMVolumeCreateRequest (OMVolumeCreateRequest.java:validateAndUpdateCache(195)) - created volume:ee7b6078-7efc-4e69-a887-da42d9f3e7d4 for user:runner
2022-10-16 13:15:42,024 [Listener at 127.0.0.1/35063] INFO  rpc.RpcClient (RpcClient.java:createBucket(674)) - Creating Bucket: ee7b6078-7efc-4e69-a887-da42d9f3e7d4/d88fbb5a-ba29-417d-9ae1-d35c79be453a, with server-side default bucket layout, runner as owner, Versioning false, Storage Type set to DISK and Encryption set to false 
2022-10-16 13:15:42,030 [OM StateMachine ApplyTransaction Thread - 0] INFO  bucket.OMBucketCreateRequest (OMBucketCreateRequest.java:validateAndUpdateCache(260)) - created bucket: d88fbb5a-ba29-417d-9ae1-d35c79be453a of layout LEGACY in volume: ee7b6078-7efc-4e69-a887-da42d9f3e7d4
2022-10-16 13:15:42,038 [IPC Server handler 1 on default port 43847] INFO  ha.SequenceIdGenerator (SequenceIdGenerator.java:getNextId(128)) - Allocate a batch for containerId, change lastId from 0 to 1000.
2022-10-16 13:15:42,038 [IPC Server handler 1 on default port 43847] WARN  ha.SequenceIdGenerator (SequenceIdGenerator.java:allocateBatch(237)) - Failed to allocate a batch for localId, expected lastId is 0, actual lastId is 109611004723200000.
2022-10-16 13:15:42,039 [IPC Server handler 1 on default port 43847] INFO  ha.SequenceIdGenerator (SequenceIdGenerator.java:getNextId(128)) - Allocate a batch for localId, change lastId from 109611004723200000 to 109611004723201000.
2022-10-16 13:15:42,094 [ReplicationMonitor] INFO  replication.ReplicationManager (ReplicationManager.java:processAll(324)) - Replication Monitor Thread took 0 milliseconds for processing 7 containers.
2022-10-16 13:15:42,180 [Listener at 127.0.0.1/35063] INFO  container.TestHelper (TestHelper.java:countReplicas(385)) - Container 1 has 3 replicas on [33453323-e81f-447d-802c-765fb1b7f937, ca74570f-d5ef-461c-897e-e6b8abea5b82, d8e7758e-d378-472a-aba8-a4942fe78a6e]
2022-10-16 13:15:42,180 [EventQueue-CloseContainerForCloseContainerEventHandler] INFO  container.CloseContainerEventHandler (CloseContainerEventHandler.java:onMessage(71)) - Close container Event triggered for container : #1
2022-10-16 13:15:42,181 [EventQueue-CloseContainerForCloseContainerEventHandler] INFO  container.CloseContainerEventHandler (CloseContainerEventHandler.java:onMessage(71)) - Close container Event triggered for container : #1
2022-10-16 13:15:42,181 [EventQueue-CloseContainerForCloseContainerEventHandler] INFO  container.CloseContainerEventHandler (CloseContainerEventHandler.java:onMessage(71)) - Close container Event triggered for container : #1
2022-10-16 13:15:42,301 [d8e7758e-d378-472a-aba8-a4942fe78a6e@group-B5A5F55713F9-FollowerState] INFO  impl.FollowerState (FollowerState.java:run(143)) - d8e7758e-d378-472a-aba8-a4942fe78a6e@group-B5A5F55713F9-FollowerState: change to CANDIDATE, lastRpcElapsedTime:5171445071ns, electionTimeout:5171ms
2022-10-16 13:15:42,301 [d8e7758e-d378-472a-aba8-a4942fe78a6e@group-B5A5F55713F9-FollowerState] INFO  impl.RoleInfo (RoleInfo.java:shutdownFollowerState(110)) - d8e7758e-d378-472a-aba8-a4942fe78a6e: shutdown d8e7758e-d378-472a-aba8-a4942fe78a6e@group-B5A5F55713F9-FollowerState
2022-10-16 13:15:42,301 [d8e7758e-d378-472a-aba8-a4942fe78a6e@group-B5A5F55713F9-FollowerState] INFO  server.RaftServer$Division (RaftServerImpl.java:setRole(299)) - d8e7758e-d378-472a-aba8-a4942fe78a6e@group-B5A5F55713F9: changes role from  FOLLOWER to CANDIDATE at term 0 for changeToCandidate
2022-10-16 13:15:42,301 [d8e7758e-d378-472a-aba8-a4942fe78a6e@group-B5A5F55713F9-FollowerState] INFO  server.RaftServerConfigKeys (ConfUtils.java:logGet(46)) - raft.server.leaderelection.pre-vote = false (custom)
2022-10-16 13:15:42,301 [d8e7758e-d378-472a-aba8-a4942fe78a6e@group-B5A5F55713F9-FollowerState] INFO  impl.RoleInfo (RoleInfo.java:updateAndGet(139)) - d8e7758e-d378-472a-aba8-a4942fe78a6e: start d8e7758e-d378-472a-aba8-a4942fe78a6e@group-B5A5F55713F9-LeaderElection22
2022-10-16 13:15:42,306 [d8e7758e-d378-472a-aba8-a4942fe78a6e@group-B5A5F55713F9-LeaderElection22] INFO  impl.LeaderElection (LeaderElection.java:askForVotes(310)) - d8e7758e-d378-472a-aba8-a4942fe78a6e@group-B5A5F55713F9-LeaderElection22 ELECTION round 0: submit vote requests at term 1 for -1: [d8e7758e-d378-472a-aba8-a4942fe78a6e|rpc:10.1.0.60:41375|priority:1], old=null
2022-10-16 13:15:42,306 [d8e7758e-d378-472a-aba8-a4942fe78a6e@group-B5A5F55713F9-LeaderElection22] INFO  impl.LeaderElection (LeaderElection.java:askForVotes(312)) - d8e7758e-d378-472a-aba8-a4942fe78a6e@group-B5A5F55713F9-LeaderElection22 ELECTION round 0: result PASSED (term=1)
2022-10-16 13:15:42,306 [d8e7758e-d378-472a-aba8-a4942fe78a6e@group-B5A5F55713F9-LeaderElection22] INFO  impl.RoleInfo (RoleInfo.java:shutdownLeaderElection(130)) - d8e7758e-d378-472a-aba8-a4942fe78a6e: shutdown d8e7758e-d378-472a-aba8-a4942fe78a6e@group-B5A5F55713F9-LeaderElection22
2022-10-16 13:15:42,306 [d8e7758e-d378-472a-aba8-a4942fe78a6e@group-B5A5F55713F9-LeaderElection22] INFO  server.RaftServer$Division (RaftServerImpl.java:setRole(299)) - d8e7758e-d378-472a-aba8-a4942fe78a6e@group-B5A5F55713F9: changes role from CANDIDATE to LEADER at term 1 for changeToLeader
2022-10-16 13:15:42,306 [d8e7758e-d378-472a-aba8-a4942fe78a6e@group-B5A5F55713F9-LeaderElection22] INFO  ratis.XceiverServerRatis (XceiverServerRatis.java:handleLeaderChangedNotification(863)) - Leader change notification received for group: group-B5A5F55713F9 with new leaderId: d8e7758e-d378-472a-aba8-a4942fe78a6e
2022-10-16 13:15:42,307 [d8e7758e-d378-472a-aba8-a4942fe78a6e@group-B5A5F55713F9-LeaderElection22] INFO  server.RaftServer$Division (ServerState.java:setLeader(287)) - d8e7758e-d378-472a-aba8-a4942fe78a6e@group-B5A5F55713F9: change Leader from null to d8e7758e-d378-472a-aba8-a4942fe78a6e at term 1 for becomeLeader, leader elected after 5182ms
2022-10-16 13:15:42,307 [d8e7758e-d378-472a-aba8-a4942fe78a6e@group-B5A5F55713F9-LeaderElection22] INFO  server.RaftServerConfigKeys (ConfUtils.java:logGet(46)) - raft.server.staging.catchup.gap = 1000 (default)
2022-10-16 13:15:42,307 [d8e7758e-d378-472a-aba8-a4942fe78a6e@group-B5A5F55713F9-LeaderElection22] INFO  server.RaftServerConfigKeys (ConfUtils.java:logGet(46)) - raft.server.write.element-limit = 1024 (custom)
2022-10-16 13:15:42,307 [d8e7758e-d378-472a-aba8-a4942fe78a6e@group-B5A5F55713F9-LeaderElection22] INFO  server.RaftServerConfigKeys (ConfUtils.java:logGet(46)) - raft.server.write.byte-limit = 1024 M (=1073741824) (custom)
2022-10-16 13:15:42,307 [d8e7758e-d378-472a-aba8-a4942fe78a6e@group-B5A5F55713F9-LeaderElection22] INFO  server.RaftServerConfigKeys (ConfUtils.java:logGet(46)) - raft.server.watch.timeout = 180s (custom)
2022-10-16 13:15:42,307 [d8e7758e-d378-472a-aba8-a4942fe78a6e@group-B5A5F55713F9-LeaderElection22] INFO  server.RaftServerConfigKeys (ConfUtils.java:logGet(46)) - raft.server.watch.timeout.denomination = 1s (default)
2022-10-16 13:15:42,308 [d8e7758e-d378-472a-aba8-a4942fe78a6e@group-B5A5F55713F9-LeaderElection22] INFO  server.RaftServerConfigKeys (ConfUtils.java:logGet(46)) - raft.server.watch.element-limit = 65536 (default)
2022-10-16 13:15:42,308 [d8e7758e-d378-472a-aba8-a4942fe78a6e@group-B5A5F55713F9-LeaderElection22] INFO  server.RaftServerConfigKeys (ConfUtils.java:logGet(46)) - raft.server.write.element-limit = 1024 (custom)
2022-10-16 13:15:42,308 [d8e7758e-d378-472a-aba8-a4942fe78a6e@group-B5A5F55713F9-LeaderElection22] INFO  server.RaftServerConfigKeys (ConfUtils.java:logGet(46)) - raft.server.write.follower.gap.ratio.max = -1.0 (default)
2022-10-16 13:15:42,308 [d8e7758e-d378-472a-aba8-a4942fe78a6e@group-B5A5F55713F9-LeaderElection22] INFO  impl.RoleInfo (RoleInfo.java:updateAndGet(139)) - d8e7758e-d378-472a-aba8-a4942fe78a6e: start d8e7758e-d378-472a-aba8-a4942fe78a6e@group-B5A5F55713F9-LeaderStateImpl
2022-10-16 13:15:42,308 [d8e7758e-d378-472a-aba8-a4942fe78a6e@group-B5A5F55713F9-LeaderElection22] INFO  segmented.SegmentedRaftLogWorker (SegmentedRaftLogWorker.java:startLogSegment(425)) - d8e7758e-d378-472a-aba8-a4942fe78a6e@group-B5A5F55713F9-SegmentedRaftLogWorker: Starting segment from index:0
2022-10-16 13:15:42,309 [d8e7758e-d378-472a-aba8-a4942fe78a6e@group-B5A5F55713F9-LeaderElection22] INFO  server.RaftServer$Division (ServerState.java:setRaftConf(393)) - d8e7758e-d378-472a-aba8-a4942fe78a6e@group-B5A5F55713F9: set configuration 0: [d8e7758e-d378-472a-aba8-a4942fe78a6e|rpc:10.1.0.60:41375|dataStream:|priority:1], old=null
2022-10-16 13:15:42,309 [d8e7758e-d378-472a-aba8-a4942fe78a6e@group-B5A5F55713F9-SegmentedRaftLogWorker] INFO  segmented.SegmentedRaftLogWorker (SegmentedRaftLogWorker.java:execute(629)) - d8e7758e-d378-472a-aba8-a4942fe78a6e@group-B5A5F55713F9-SegmentedRaftLogWorker: created new log segment /home/runner/work/ozone/ozone/hadoop-ozone/integration-test/target/test-dir/MiniOzoneClusterImpl-cf870487-680b-486b-bad8-7b6ba16bedf6/datanode-1/data/ratis/f0247269-f436-4c4d-b6c7-b5a5f55713f9/current/log_inprogress_0
2022-10-16 13:15:42,525 [33453323-e81f-447d-802c-765fb1b7f937@group-E0D59647DC56-FollowerState] INFO  impl.FollowerState (FollowerState.java:run(143)) - 33453323-e81f-447d-802c-765fb1b7f937@group-E0D59647DC56-FollowerState: change to CANDIDATE, lastRpcElapsedTime:5101032941ns, electionTimeout:5099ms
2022-10-16 13:15:42,525 [33453323-e81f-447d-802c-765fb1b7f937@group-E0D59647DC56-FollowerState] INFO  impl.RoleInfo (RoleInfo.java:shutdownFollowerState(110)) - 33453323-e81f-447d-802c-765fb1b7f937: shutdown 33453323-e81f-447d-802c-765fb1b7f937@group-E0D59647DC56-FollowerState
2022-10-16 13:15:42,525 [33453323-e81f-447d-802c-765fb1b7f937@group-E0D59647DC56-FollowerState] INFO  server.RaftServer$Division (RaftServerImpl.java:setRole(299)) - 33453323-e81f-447d-802c-765fb1b7f937@group-E0D59647DC56: changes role from  FOLLOWER to CANDIDATE at term 0 for changeToCandidate
2022-10-16 13:15:42,525 [33453323-e81f-447d-802c-765fb1b7f937@group-E0D59647DC56-FollowerState] INFO  server.RaftServerConfigKeys (ConfUtils.java:logGet(46)) - raft.server.leaderelection.pre-vote = false (custom)
2022-10-16 13:15:42,525 [33453323-e81f-447d-802c-765fb1b7f937@group-E0D59647DC56-FollowerState] INFO  impl.RoleInfo (RoleInfo.java:updateAndGet(139)) - 33453323-e81f-447d-802c-765fb1b7f937: start 33453323-e81f-447d-802c-765fb1b7f937@group-E0D59647DC56-LeaderElection23
2022-10-16 13:15:42,533 [33453323-e81f-447d-802c-765fb1b7f937@group-E0D59647DC56-LeaderElection23] INFO  impl.LeaderElection (LeaderElection.java:askForVotes(310)) - 33453323-e81f-447d-802c-765fb1b7f937@group-E0D59647DC56-LeaderElection23 ELECTION round 0: submit vote requests at term 1 for -1: [33453323-e81f-447d-802c-765fb1b7f937|rpc:10.1.0.60:43237|priority:1], old=null
2022-10-16 13:15:42,533 [33453323-e81f-447d-802c-765fb1b7f937@group-E0D59647DC56-LeaderElection23] INFO  impl.LeaderElection (LeaderElection.java:askForVotes(312)) - 33453323-e81f-447d-802c-765fb1b7f937@group-E0D59647DC56-LeaderElection23 ELECTION round 0: result PASSED (term=1)
2022-10-16 13:15:42,533 [33453323-e81f-447d-802c-765fb1b7f937@group-E0D59647DC56-LeaderElection23] INFO  impl.RoleInfo (RoleInfo.java:shutdownLeaderElection(130)) - 33453323-e81f-447d-802c-765fb1b7f937: shutdown 33453323-e81f-447d-802c-765fb1b7f937@group-E0D59647DC56-LeaderElection23
2022-10-16 13:15:42,533 [33453323-e81f-447d-802c-765fb1b7f937@group-E0D59647DC56-LeaderElection23] INFO  server.RaftServer$Division (RaftServerImpl.java:setRole(299)) - 33453323-e81f-447d-802c-765fb1b7f937@group-E0D59647DC56: changes role from CANDIDATE to LEADER at term 1 for changeToLeader
2022-10-16 13:15:42,533 [33453323-e81f-447d-802c-765fb1b7f937@group-E0D59647DC56-LeaderElection23] INFO  ratis.XceiverServerRatis (XceiverServerRatis.java:handleLeaderChangedNotification(863)) - Leader change notification received for group: group-E0D59647DC56 with new leaderId: 33453323-e81f-447d-802c-765fb1b7f937
2022-10-16 13:15:42,533 [33453323-e81f-447d-802c-765fb1b7f937@group-E0D59647DC56-LeaderElection23] INFO  server.RaftServer$Division (ServerState.java:setLeader(287)) - 33453323-e81f-447d-802c-765fb1b7f937@group-E0D59647DC56: change Leader from null to 33453323-e81f-447d-802c-765fb1b7f937 at term 1 for becomeLeader, leader elected after 5116ms
2022-10-16 13:15:42,533 [33453323-e81f-447d-802c-765fb1b7f937@group-E0D59647DC56-LeaderElection23] INFO  server.RaftServerConfigKeys (ConfUtils.java:logGet(46)) - raft.server.staging.catchup.gap = 1000 (default)
2022-10-16 13:15:42,534 [33453323-e81f-447d-802c-765fb1b7f937@group-E0D59647DC56-LeaderElection23] INFO  server.RaftServerConfigKeys (ConfUtils.java:logGet(46)) - raft.server.write.element-limit = 1024 (custom)
2022-10-16 13:15:42,534 [33453323-e81f-447d-802c-765fb1b7f937@group-E0D59647DC56-LeaderElection23] INFO  server.RaftServerConfigKeys (ConfUtils.java:logGet(46)) - raft.server.write.byte-limit = 1024 M (=1073741824) (custom)
2022-10-16 13:15:42,534 [33453323-e81f-447d-802c-765fb1b7f937@group-E0D59647DC56-LeaderElection23] INFO  server.RaftServerConfigKeys (ConfUtils.java:logGet(46)) - raft.server.watch.timeout = 180s (custom)
2022-10-16 13:15:42,534 [33453323-e81f-447d-802c-765fb1b7f937@group-E0D59647DC56-LeaderElection23] INFO  server.RaftServerConfigKeys (ConfUtils.java:logGet(46)) - raft.server.watch.timeout.denomination = 1s (default)
2022-10-16 13:15:42,534 [33453323-e81f-447d-802c-765fb1b7f937@group-E0D59647DC56-LeaderElection23] INFO  server.RaftServerConfigKeys (ConfUtils.java:logGet(46)) - raft.server.watch.element-limit = 65536 (default)
2022-10-16 13:15:42,534 [33453323-e81f-447d-802c-765fb1b7f937@group-E0D59647DC56-LeaderElection23] INFO  server.RaftServerConfigKeys (ConfUtils.java:logGet(46)) - raft.server.write.element-limit = 1024 (custom)
2022-10-16 13:15:42,534 [33453323-e81f-447d-802c-765fb1b7f937@group-E0D59647DC56-LeaderElection23] INFO  server.RaftServerConfigKeys (ConfUtils.java:logGet(46)) - raft.server.write.follower.gap.ratio.max = -1.0 (default)
2022-10-16 13:15:42,535 [33453323-e81f-447d-802c-765fb1b7f937@group-E0D59647DC56-LeaderElection23] INFO  impl.RoleInfo (RoleInfo.java:updateAndGet(139)) - 33453323-e81f-447d-802c-765fb1b7f937: start 33453323-e81f-447d-802c-765fb1b7f937@group-E0D59647DC56-LeaderStateImpl
2022-10-16 13:15:42,535 [33453323-e81f-447d-802c-765fb1b7f937@group-E0D59647DC56-LeaderElection23] INFO  segmented.SegmentedRaftLogWorker (SegmentedRaftLogWorker.java:startLogSegment(425)) - 33453323-e81f-447d-802c-765fb1b7f937@group-E0D59647DC56-SegmentedRaftLogWorker: Starting segment from index:0
2022-10-16 13:15:42,535 [33453323-e81f-447d-802c-765fb1b7f937@group-E0D59647DC56-LeaderElection23] INFO  server.RaftServer$Division (ServerState.java:setRaftConf(393)) - 33453323-e81f-447d-802c-765fb1b7f937@group-E0D59647DC56: set configuration 0: [33453323-e81f-447d-802c-765fb1b7f937|rpc:10.1.0.60:43237|dataStream:|priority:1], old=null
2022-10-16 13:15:42,536 [33453323-e81f-447d-802c-765fb1b7f937@group-E0D59647DC56-SegmentedRaftLogWorker] INFO  segmented.SegmentedRaftLogWorker (SegmentedRaftLogWorker.java:execute(629)) - 33453323-e81f-447d-802c-765fb1b7f937@group-E0D59647DC56-SegmentedRaftLogWorker: created new log segment /home/runner/work/ozone/ozone/hadoop-ozone/integration-test/target/test-dir/MiniOzoneClusterImpl-cf870487-680b-486b-bad8-7b6ba16bedf6/datanode-2/data/ratis/1f2f45d7-95e1-4383-82cf-e0d59647dc56/current/log_inprogress_0
2022-10-16 13:15:42,538 [ReplicationMonitor] INFO  replication.ReplicationManager (ReplicationManager.java:processAll(291)) - Replication Manager is not ready to run until 3000ms after safemode exit
2022-10-16 13:15:42,826 [9ba096f9-62f1-4ee1-b4ad-8147bf5038d9@group-6AFDDC5AF84E-FollowerState] INFO  impl.FollowerState (FollowerState.java:run(143)) - 9ba096f9-62f1-4ee1-b4ad-8147bf5038d9@group-6AFDDC5AF84E-FollowerState: change to CANDIDATE, lastRpcElapsedTime:5103453277ns, electionTimeout:5103ms
2022-10-16 13:15:42,826 [9ba096f9-62f1-4ee1-b4ad-8147bf5038d9@group-6AFDDC5AF84E-FollowerState] INFO  impl.RoleInfo (RoleInfo.java:shutdownFollowerState(110)) - 9ba096f9-62f1-4ee1-b4ad-8147bf5038d9: shutdown 9ba096f9-62f1-4ee1-b4ad-8147bf5038d9@group-6AFDDC5AF84E-FollowerState
2022-10-16 13:15:42,826 [9ba096f9-62f1-4ee1-b4ad-8147bf5038d9@group-6AFDDC5AF84E-FollowerState] INFO  server.RaftServer$Division (RaftServerImpl.java:setRole(299)) - 9ba096f9-62f1-4ee1-b4ad-8147bf5038d9@group-6AFDDC5AF84E: changes role from  FOLLOWER to CANDIDATE at term 0 for changeToCandidate
2022-10-16 13:15:42,826 [9ba096f9-62f1-4ee1-b4ad-8147bf5038d9@group-6AFDDC5AF84E-FollowerState] INFO  server.RaftServerConfigKeys (ConfUtils.java:logGet(46)) - raft.server.leaderelection.pre-vote = false (custom)
2022-10-16 13:15:42,826 [9ba096f9-62f1-4ee1-b4ad-8147bf5038d9@group-6AFDDC5AF84E-FollowerState] INFO  impl.RoleInfo (RoleInfo.java:updateAndGet(139)) - 9ba096f9-62f1-4ee1-b4ad-8147bf5038d9: start 9ba096f9-62f1-4ee1-b4ad-8147bf5038d9@group-6AFDDC5AF84E-LeaderElection24
2022-10-16 13:15:42,830 [9ba096f9-62f1-4ee1-b4ad-8147bf5038d9@group-6AFDDC5AF84E-LeaderElection24] INFO  impl.LeaderElection (LeaderElection.java:askForVotes(310)) - 9ba096f9-62f1-4ee1-b4ad-8147bf5038d9@group-6AFDDC5AF84E-LeaderElection24 ELECTION round 0: submit vote requests at term 1 for -1: [9ba096f9-62f1-4ee1-b4ad-8147bf5038d9|rpc:10.1.0.60:43045|priority:1], old=null
2022-10-16 13:15:42,831 [9ba096f9-62f1-4ee1-b4ad-8147bf5038d9@group-6AFDDC5AF84E-LeaderElection24] INFO  impl.LeaderElection (LeaderElection.java:askForVotes(312)) - 9ba096f9-62f1-4ee1-b4ad-8147bf5038d9@group-6AFDDC5AF84E-LeaderElection24 ELECTION round 0: result PASSED (term=1)
2022-10-16 13:15:42,831 [9ba096f9-62f1-4ee1-b4ad-8147bf5038d9@group-6AFDDC5AF84E-LeaderElection24] INFO  impl.RoleInfo (RoleInfo.java:shutdownLeaderElection(130)) - 9ba096f9-62f1-4ee1-b4ad-8147bf5038d9: shutdown 9ba096f9-62f1-4ee1-b4ad-8147bf5038d9@group-6AFDDC5AF84E-LeaderElection24
2022-10-16 13:15:42,831 [9ba096f9-62f1-4ee1-b4ad-8147bf5038d9@group-6AFDDC5AF84E-LeaderElection24] INFO  server.RaftServer$Division (RaftServerImpl.java:setRole(299)) - 9ba096f9-62f1-4ee1-b4ad-8147bf5038d9@group-6AFDDC5AF84E: changes role from CANDIDATE to LEADER at term 1 for changeToLeader
2022-10-16 13:15:42,831 [9ba096f9-62f1-4ee1-b4ad-8147bf5038d9@group-6AFDDC5AF84E-LeaderElection24] INFO  ratis.XceiverServerRatis (XceiverServerRatis.java:handleLeaderChangedNotification(863)) - Leader change notification received for group: group-6AFDDC5AF84E with new leaderId: 9ba096f9-62f1-4ee1-b4ad-8147bf5038d9
2022-10-16 13:15:42,831 [9ba096f9-62f1-4ee1-b4ad-8147bf5038d9@group-6AFDDC5AF84E-LeaderElection24] INFO  server.RaftServer$Division (ServerState.java:setLeader(287)) - 9ba096f9-62f1-4ee1-b4ad-8147bf5038d9@group-6AFDDC5AF84E: change Leader from null to 9ba096f9-62f1-4ee1-b4ad-8147bf5038d9 at term 1 for becomeLeader, leader elected after 5113ms
2022-10-16 13:15:42,831 [9ba096f9-62f1-4ee1-b4ad-8147bf5038d9@group-6AFDDC5AF84E-LeaderElection24] INFO  server.RaftServerConfigKeys (ConfUtils.java:logGet(46)) - raft.server.staging.catchup.gap = 1000 (default)
2022-10-16 13:15:42,831 [9ba096f9-62f1-4ee1-b4ad-8147bf5038d9@group-6AFDDC5AF84E-LeaderElection24] INFO  server.RaftServerConfigKeys (ConfUtils.java:logGet(46)) - raft.server.write.element-limit = 1024 (custom)
2022-10-16 13:15:42,831 [9ba096f9-62f1-4ee1-b4ad-8147bf5038d9@group-6AFDDC5AF84E-LeaderElection24] INFO  server.RaftServerConfigKeys (ConfUtils.java:logGet(46)) - raft.server.write.byte-limit = 1024 M (=1073741824) (custom)
2022-10-16 13:15:42,832 [9ba096f9-62f1-4ee1-b4ad-8147bf5038d9@group-6AFDDC5AF84E-LeaderElection24] INFO  server.RaftServerConfigKeys (ConfUtils.java:logGet(46)) - raft.server.watch.timeout = 180s (custom)
2022-10-16 13:15:42,832 [9ba096f9-62f1-4ee1-b4ad-8147bf5038d9@group-6AFDDC5AF84E-LeaderElection24] INFO  server.RaftServerConfigKeys (ConfUtils.java:logGet(46)) - raft.server.watch.timeout.denomination = 1s (default)
2022-10-16 13:15:42,832 [9ba096f9-62f1-4ee1-b4ad-8147bf5038d9@group-6AFDDC5AF84E-LeaderElection24] INFO  server.RaftServerConfigKeys (ConfUtils.java:logGet(46)) - raft.server.watch.element-limit = 65536 (default)
2022-10-16 13:15:42,833 [9ba096f9-62f1-4ee1-b4ad-8147bf5038d9@group-6AFDDC5AF84E-LeaderElection24] INFO  server.RaftServerConfigKeys (ConfUtils.java:logGet(46)) - raft.server.write.element-limit = 1024 (custom)
2022-10-16 13:15:42,833 [9ba096f9-62f1-4ee1-b4ad-8147bf5038d9@group-6AFDDC5AF84E-LeaderElection24] INFO  server.RaftServerConfigKeys (ConfUtils.java:logGet(46)) - raft.server.write.follower.gap.ratio.max = -1.0 (default)
2022-10-16 13:15:42,834 [9ba096f9-62f1-4ee1-b4ad-8147bf5038d9@group-6AFDDC5AF84E-LeaderElection24] INFO  impl.RoleInfo (RoleInfo.java:updateAndGet(139)) - 9ba096f9-62f1-4ee1-b4ad-8147bf5038d9: start 9ba096f9-62f1-4ee1-b4ad-8147bf5038d9@group-6AFDDC5AF84E-LeaderStateImpl
2022-10-16 13:15:42,834 [9ba096f9-62f1-4ee1-b4ad-8147bf5038d9@group-6AFDDC5AF84E-LeaderElection24] INFO  segmented.SegmentedRaftLogWorker (SegmentedRaftLogWorker.java:startLogSegment(425)) - 9ba096f9-62f1-4ee1-b4ad-8147bf5038d9@group-6AFDDC5AF84E-SegmentedRaftLogWorker: Starting segment from index:0
2022-10-16 13:15:42,834 [9ba096f9-62f1-4ee1-b4ad-8147bf5038d9@group-6AFDDC5AF84E-LeaderElection24] INFO  server.RaftServer$Division (ServerState.java:setRaftConf(393)) - 9ba096f9-62f1-4ee1-b4ad-8147bf5038d9@group-6AFDDC5AF84E: set configuration 0: [9ba096f9-62f1-4ee1-b4ad-8147bf5038d9|rpc:10.1.0.60:43045|dataStream:|priority:1], old=null
2022-10-16 13:15:42,835 [9ba096f9-62f1-4ee1-b4ad-8147bf5038d9@group-6AFDDC5AF84E-SegmentedRaftLogWorker] INFO  segmented.SegmentedRaftLogWorker (SegmentedRaftLogWorker.java:execute(629)) - 9ba096f9-62f1-4ee1-b4ad-8147bf5038d9@group-6AFDDC5AF84E-SegmentedRaftLogWorker: created new log segment /home/runner/work/ozone/ozone/hadoop-ozone/integration-test/target/test-dir/MiniOzoneClusterImpl-cf870487-680b-486b-bad8-7b6ba16bedf6/datanode-3/data/ratis/2dfd4b3c-03a9-4626-b2c9-6afddc5af84e/current/log_inprogress_0
2022-10-16 13:15:43,094 [ReplicationMonitor] INFO  replication.ReplicationManager (ReplicationManager.java:processAll(324)) - Replication Monitor Thread took 0 milliseconds for processing 7 containers.
2022-10-16 13:15:43,170 [3ba9e91d-c91b-441f-af9f-489ed1e42370@group-232563638670-FollowerState] INFO  impl.FollowerState (FollowerState.java:run(143)) - 3ba9e91d-c91b-441f-af9f-489ed1e42370@group-232563638670-FollowerState: change to CANDIDATE, lastRpcElapsedTime:5159462336ns, electionTimeout:5159ms
2022-10-16 13:15:43,170 [3ba9e91d-c91b-441f-af9f-489ed1e42370@group-232563638670-FollowerState] INFO  impl.RoleInfo (RoleInfo.java:shutdownFollowerState(110)) - 3ba9e91d-c91b-441f-af9f-489ed1e42370: shutdown 3ba9e91d-c91b-441f-af9f-489ed1e42370@group-232563638670-FollowerState
2022-10-16 13:15:43,170 [3ba9e91d-c91b-441f-af9f-489ed1e42370@group-232563638670-FollowerState] INFO  server.RaftServer$Division (RaftServerImpl.java:setRole(299)) - 3ba9e91d-c91b-441f-af9f-489ed1e42370@group-232563638670: changes role from  FOLLOWER to CANDIDATE at term 0 for changeToCandidate
2022-10-16 13:15:43,171 [3ba9e91d-c91b-441f-af9f-489ed1e42370@group-232563638670-FollowerState] INFO  server.RaftServerConfigKeys (ConfUtils.java:logGet(46)) - raft.server.leaderelection.pre-vote = false (custom)
2022-10-16 13:15:43,171 [3ba9e91d-c91b-441f-af9f-489ed1e42370@group-232563638670-FollowerState] INFO  impl.RoleInfo (RoleInfo.java:updateAndGet(139)) - 3ba9e91d-c91b-441f-af9f-489ed1e42370: start 3ba9e91d-c91b-441f-af9f-489ed1e42370@group-232563638670-LeaderElection25
2022-10-16 13:15:43,176 [3ba9e91d-c91b-441f-af9f-489ed1e42370@group-232563638670-LeaderElection25] INFO  impl.LeaderElection (LeaderElection.java:askForVotes(310)) - 3ba9e91d-c91b-441f-af9f-489ed1e42370@group-232563638670-LeaderElection25 ELECTION round 0: submit vote requests at term 1 for -1: [3ba9e91d-c91b-441f-af9f-489ed1e42370|rpc:10.1.0.60:43745|priority:1], old=null
2022-10-16 13:15:43,176 [3ba9e91d-c91b-441f-af9f-489ed1e42370@group-232563638670-LeaderElection25] INFO  impl.LeaderElection (LeaderElection.java:askForVotes(312)) - 3ba9e91d-c91b-441f-af9f-489ed1e42370@group-232563638670-LeaderElection25 ELECTION round 0: result PASSED (term=1)
2022-10-16 13:15:43,176 [3ba9e91d-c91b-441f-af9f-489ed1e42370@group-232563638670-LeaderElection25] INFO  impl.RoleInfo (RoleInfo.java:shutdownLeaderElection(130)) - 3ba9e91d-c91b-441f-af9f-489ed1e42370: shutdown 3ba9e91d-c91b-441f-af9f-489ed1e42370@group-232563638670-LeaderElection25
2022-10-16 13:15:43,176 [3ba9e91d-c91b-441f-af9f-489ed1e42370@group-232563638670-LeaderElection25] INFO  server.RaftServer$Division (RaftServerImpl.java:setRole(299)) - 3ba9e91d-c91b-441f-af9f-489ed1e42370@group-232563638670: changes role from CANDIDATE to LEADER at term 1 for changeToLeader
2022-10-16 13:15:43,176 [3ba9e91d-c91b-441f-af9f-489ed1e42370@group-232563638670-LeaderElection25] INFO  ratis.XceiverServerRatis (XceiverServerRatis.java:handleLeaderChangedNotification(863)) - Leader change notification received for group: group-232563638670 with new leaderId: 3ba9e91d-c91b-441f-af9f-489ed1e42370
2022-10-16 13:15:43,176 [3ba9e91d-c91b-441f-af9f-489ed1e42370@group-232563638670-LeaderElection25] INFO  server.RaftServer$Division (ServerState.java:setLeader(287)) - 3ba9e91d-c91b-441f-af9f-489ed1e42370@group-232563638670: change Leader from null to 3ba9e91d-c91b-441f-af9f-489ed1e42370 at term 1 for becomeLeader, leader elected after 5171ms
2022-10-16 13:15:43,176 [3ba9e91d-c91b-441f-af9f-489ed1e42370@group-232563638670-LeaderElection25] INFO  server.RaftServerConfigKeys (ConfUtils.java:logGet(46)) - raft.server.staging.catchup.gap = 1000 (default)
2022-10-16 13:15:43,176 [3ba9e91d-c91b-441f-af9f-489ed1e42370@group-232563638670-LeaderElection25] INFO  server.RaftServerConfigKeys (ConfUtils.java:logGet(46)) - raft.server.write.element-limit = 1024 (custom)
2022-10-16 13:15:43,177 [3ba9e91d-c91b-441f-af9f-489ed1e42370@group-232563638670-LeaderElection25] INFO  server.RaftServerConfigKeys (ConfUtils.java:logGet(46)) - raft.server.write.byte-limit = 1024 M (=1073741824) (custom)
2022-10-16 13:15:43,177 [3ba9e91d-c91b-441f-af9f-489ed1e42370@group-232563638670-LeaderElection25] INFO  server.RaftServerConfigKeys (ConfUtils.java:logGet(46)) - raft.server.watch.timeout = 180s (custom)
2022-10-16 13:15:43,177 [3ba9e91d-c91b-441f-af9f-489ed1e42370@group-232563638670-LeaderElection25] INFO  server.RaftServerConfigKeys (ConfUtils.java:logGet(46)) - raft.server.watch.timeout.denomination = 1s (default)
2022-10-16 13:15:43,177 [3ba9e91d-c91b-441f-af9f-489ed1e42370@group-232563638670-LeaderElection25] INFO  server.RaftServerConfigKeys (ConfUtils.java:logGet(46)) - raft.server.watch.element-limit = 65536 (default)
2022-10-16 13:15:43,178 [3ba9e91d-c91b-441f-af9f-489ed1e42370@group-232563638670-LeaderElection25] INFO  server.RaftServerConfigKeys (ConfUtils.java:logGet(46)) - raft.server.write.element-limit = 1024 (custom)
2022-10-16 13:15:43,178 [3ba9e91d-c91b-441f-af9f-489ed1e42370@group-232563638670-LeaderElection25] INFO  server.RaftServerConfigKeys (ConfUtils.java:logGet(46)) - raft.server.write.follower.gap.ratio.max = -1.0 (default)
2022-10-16 13:15:43,178 [3ba9e91d-c91b-441f-af9f-489ed1e42370@group-232563638670-LeaderElection25] INFO  impl.RoleInfo (RoleInfo.java:updateAndGet(139)) - 3ba9e91d-c91b-441f-af9f-489ed1e42370: start 3ba9e91d-c91b-441f-af9f-489ed1e42370@group-232563638670-LeaderStateImpl
2022-10-16 13:15:43,178 [3ba9e91d-c91b-441f-af9f-489ed1e42370@group-232563638670-LeaderElection25] INFO  segmented.SegmentedRaftLogWorker (SegmentedRaftLogWorker.java:startLogSegment(425)) - 3ba9e91d-c91b-441f-af9f-489ed1e42370@group-232563638670-SegmentedRaftLogWorker: Starting segment from index:0
2022-10-16 13:15:43,178 [3ba9e91d-c91b-441f-af9f-489ed1e42370@group-232563638670-LeaderElection25] INFO  server.RaftServer$Division (ServerState.java:setRaftConf(393)) - 3ba9e91d-c91b-441f-af9f-489ed1e42370@group-232563638670: set configuration 0: [3ba9e91d-c91b-441f-af9f-489ed1e42370|rpc:10.1.0.60:43745|dataStream:|priority:1], old=null
2022-10-16 13:15:43,181 [3ba9e91d-c91b-441f-af9f-489ed1e42370@group-232563638670-SegmentedRaftLogWorker] INFO  segmented.SegmentedRaftLogWorker (SegmentedRaftLogWorker.java:execute(629)) - 3ba9e91d-c91b-441f-af9f-489ed1e42370@group-232563638670-SegmentedRaftLogWorker: created new log segment /home/runner/work/ozone/ozone/hadoop-ozone/integration-test/target/test-dir/MiniOzoneClusterImpl-cf870487-680b-486b-bad8-7b6ba16bedf6/datanode-4/data/ratis/5b468e56-e8d3-4770-b424-232563638670/current/log_inprogress_0
2022-10-16 13:15:43,539 [ReplicationMonitor] INFO  replication.ReplicationManager (ReplicationManager.java:processAll(291)) - Replication Manager is not ready to run until 3000ms after safemode exit
2022-10-16 13:15:44,095 [ReplicationMonitor] INFO  replication.ReplicationManager (ReplicationManager.java:processAll(324)) - Replication Monitor Thread took 1 milliseconds for processing 7 containers.
2022-10-16 13:15:44,142 [ContainerOp-f7b24d49-7f30-4658-8814-ce06a573c497-4] INFO  keyvalue.KeyValueContainer (KeyValueContainer.java:flushAndSyncDB(436)) - Container 1 is synced with bcsId 4.
2022-10-16 13:15:44,142 [ContainerOp-f7b24d49-7f30-4658-8814-ce06a573c497-4] INFO  keyvalue.KeyValueContainer (KeyValueContainer.java:flushAndSyncDB(436)) - Container 1 is synced with bcsId 4.
2022-10-16 13:15:44,145 [ContainerOp-f7b24d49-7f30-4658-8814-ce06a573c497-4] INFO  keyvalue.KeyValueContainer (KeyValueContainer.java:close(351)) - Container 1 is closed with bcsId 4.
2022-10-16 13:15:44,145 [ContainerOp-f7b24d49-7f30-4658-8814-ce06a573c497-4] INFO  keyvalue.KeyValueContainer (KeyValueContainer.java:flushAndSyncDB(436)) - Container 1 is synced with bcsId 4.
2022-10-16 13:15:44,145 [ContainerOp-f7b24d49-7f30-4658-8814-ce06a573c497-4] INFO  keyvalue.KeyValueContainer (KeyValueContainer.java:flushAndSyncDB(436)) - Container 1 is synced with bcsId 4.
2022-10-16 13:15:44,146 [FixedThreadPoolWithAffinityExecutor-0-0] INFO  container.IncrementalContainerReportHandler (AbstractContainerReportHandler.java:updateContainerState(292)) - Moving container #1 to CLOSED state, datanode ca74570f-d5ef-461c-897e-e6b8abea5b82{ip: 10.1.0.60, host: fv-az308-250.etcbaq1qs54eplwmrjlabigyle.cx.internal.cloudapp.net, ports: [REPLICATION=44869, RATIS=38749, RATIS_ADMIN=38749, RATIS_SERVER=38749, STANDALONE=42523], networkLocation: /default-rack, certSerialId: null, persistedOpState: IN_SERVICE, persistedOpStateExpiryEpochSec: 0} reported CLOSED replica.
2022-10-16 13:15:44,147 [ContainerOp-f7b24d49-7f30-4658-8814-ce06a573c497-4] INFO  keyvalue.KeyValueContainer (KeyValueContainer.java:close(351)) - Container 1 is closed with bcsId 4.
2022-10-16 13:15:44,150 [ContainerOp-f7b24d49-7f30-4658-8814-ce06a573c497-4] INFO  keyvalue.KeyValueContainer (KeyValueContainer.java:flushAndSyncDB(436)) - Container 1 is synced with bcsId 4.
2022-10-16 13:15:44,150 [ContainerOp-f7b24d49-7f30-4658-8814-ce06a573c497-4] INFO  keyvalue.KeyValueContainer (KeyValueContainer.java:flushAndSyncDB(436)) - Container 1 is synced with bcsId 4.
2022-10-16 13:15:44,151 [ContainerOp-f7b24d49-7f30-4658-8814-ce06a573c497-4] INFO  keyvalue.KeyValueContainer (KeyValueContainer.java:close(351)) - Container 1 is closed with bcsId 4.
2022-10-16 13:15:44,203 [Listener at 127.0.0.1/35063] INFO  ozoneimpl.OzoneContainer (OzoneContainer.java:stop(400)) - Attempting to stop container services.
2022-10-16 13:15:44,204 [Listener at 127.0.0.1/35063] INFO  server.RaftServer (RaftServerProxy.java:lambda$close$7(398)) - 33453323-e81f-447d-802c-765fb1b7f937: close
2022-10-16 13:15:44,204 [Listener at 127.0.0.1/35063] INFO  server.RaftServer$Division (RaftServerImpl.java:lambda$close$4(434)) - 33453323-e81f-447d-802c-765fb1b7f937@group-E0D59647DC56: shutdown
2022-10-16 13:15:44,204 [Listener at 127.0.0.1/35063] INFO  util.JmxRegister (JmxRegister.java:unregister(73)) - Successfully un-registered JMX Bean with object name Ratis:service=RaftServer,group=group-E0D59647DC56,id=33453323-e81f-447d-802c-765fb1b7f937
2022-10-16 13:15:44,204 [Listener at 127.0.0.1/35063] INFO  impl.RoleInfo (RoleInfo.java:shutdownLeaderState(93)) - 33453323-e81f-447d-802c-765fb1b7f937: shutdown 33453323-e81f-447d-802c-765fb1b7f937@group-E0D59647DC56-LeaderStateImpl
2022-10-16 13:15:44,205 [Listener at 127.0.0.1/35063] INFO  impl.PendingRequests (PendingRequests.java:sendNotLeaderResponses(282)) - 33453323-e81f-447d-802c-765fb1b7f937@group-E0D59647DC56-PendingRequests: sendNotLeaderResponses
2022-10-16 13:15:44,205 [Listener at 127.0.0.1/35063] INFO  impl.StateMachineUpdater (StateMachineUpdater.java:stopAndJoin(153)) - 33453323-e81f-447d-802c-765fb1b7f937@group-E0D59647DC56-StateMachineUpdater: set stopIndex = 0
2022-10-16 13:15:44,206 [33453323-e81f-447d-802c-765fb1b7f937@group-E0D59647DC56-StateMachineUpdater] INFO  ratis.ContainerStateMachine (ContainerStateMachine.java:takeSnapshot(304)) - group-E0D59647DC56: Taking a snapshot at:(t:1, i:0) file /home/runner/work/ozone/ozone/hadoop-ozone/integration-test/target/test-dir/MiniOzoneClusterImpl-cf870487-680b-486b-bad8-7b6ba16bedf6/datanode-2/data/ratis/1f2f45d7-95e1-4383-82cf-e0d59647dc56/sm/snapshot.1_0
2022-10-16 13:15:44,206 [33453323-e81f-447d-802c-765fb1b7f937@group-E0D59647DC56-StateMachineUpdater] INFO  ratis.ContainerStateMachine (ContainerStateMachine.java:takeSnapshot(315)) - group-E0D59647DC56: Finished taking a snapshot at:(t:1, i:0) file:/home/runner/work/ozone/ozone/hadoop-ozone/integration-test/target/test-dir/MiniOzoneClusterImpl-cf870487-680b-486b-bad8-7b6ba16bedf6/datanode-2/data/ratis/1f2f45d7-95e1-4383-82cf-e0d59647dc56/sm/snapshot.1_0 took: 1 ms
2022-10-16 13:15:44,206 [33453323-e81f-447d-802c-765fb1b7f937@group-E0D59647DC56-StateMachineUpdater] INFO  impl.StateMachineUpdater (StateMachineUpdater.java:takeSnapshot(287)) - 33453323-e81f-447d-802c-765fb1b7f937@group-E0D59647DC56-StateMachineUpdater: Took a snapshot at index 0
2022-10-16 13:15:44,206 [33453323-e81f-447d-802c-765fb1b7f937@group-E0D59647DC56-StateMachineUpdater] INFO  impl.StateMachineUpdater (StateMachineUpdater.java:lambda$new$0(92)) - 33453323-e81f-447d-802c-765fb1b7f937@group-E0D59647DC56-StateMachineUpdater: snapshotIndex: updateIncreasingly -1 -> 0
2022-10-16 13:15:44,207 [Listener at 127.0.0.1/35063] INFO  server.RaftServer$Division (ServerState.java:close(429)) - 33453323-e81f-447d-802c-765fb1b7f937@group-E0D59647DC56: closes. applyIndex: 0
2022-10-16 13:15:44,207 [33453323-e81f-447d-802c-765fb1b7f937@group-E0D59647DC56-SegmentedRaftLogWorker] INFO  segmented.SegmentedRaftLogWorker (SegmentedRaftLogWorker.java:run(336)) - 33453323-e81f-447d-802c-765fb1b7f937@group-E0D59647DC56-SegmentedRaftLogWorker was interrupted, exiting. There are 0 tasks remaining in the queue.
2022-10-16 13:15:44,207 [Listener at 127.0.0.1/35063] INFO  segmented.SegmentedRaftLogWorker (SegmentedRaftLogWorker.java:close(246)) - 33453323-e81f-447d-802c-765fb1b7f937@group-E0D59647DC56-SegmentedRaftLogWorker close()
2022-10-16 13:15:44,208 [Listener at 127.0.0.1/35063] INFO  server.RaftServer$Division (RaftServerImpl.java:lambda$close$4(434)) - 33453323-e81f-447d-802c-765fb1b7f937@group-CE06A573C497: shutdown
2022-10-16 13:15:44,208 [Listener at 127.0.0.1/35063] INFO  util.JmxRegister (JmxRegister.java:unregister(73)) - Successfully un-registered JMX Bean with object name Ratis:service=RaftServer,group=group-CE06A573C497,id=33453323-e81f-447d-802c-765fb1b7f937
2022-10-16 13:15:44,208 [Listener at 127.0.0.1/35063] INFO  impl.RoleInfo (RoleInfo.java:shutdownFollowerState(110)) - 33453323-e81f-447d-802c-765fb1b7f937: shutdown 33453323-e81f-447d-802c-765fb1b7f937@group-CE06A573C497-FollowerState
2022-10-16 13:15:44,208 [33453323-e81f-447d-802c-765fb1b7f937@group-CE06A573C497-FollowerState] INFO  impl.FollowerState (FollowerState.java:run(152)) - 33453323-e81f-447d-802c-765fb1b7f937@group-CE06A573C497-FollowerState was interrupted
2022-10-16 13:15:44,209 [33453323-e81f-447d-802c-765fb1b7f937@group-CE06A573C497-StateMachineUpdater] INFO  ratis.ContainerStateMachine (ContainerStateMachine.java:takeSnapshot(304)) - group-CE06A573C497: Taking a snapshot at:(t:1, i:7) file /home/runner/work/ozone/ozone/hadoop-ozone/integration-test/target/test-dir/MiniOzoneClusterImpl-cf870487-680b-486b-bad8-7b6ba16bedf6/datanode-2/data/ratis/f7b24d49-7f30-4658-8814-ce06a573c497/sm/snapshot.1_7
2022-10-16 13:15:44,210 [Listener at 127.0.0.1/35063] INFO  impl.StateMachineUpdater (StateMachineUpdater.java:stopAndJoin(153)) - 33453323-e81f-447d-802c-765fb1b7f937@group-CE06A573C497-StateMachineUpdater: set stopIndex = 7
2022-10-16 13:15:44,211 [33453323-e81f-447d-802c-765fb1b7f937@group-CE06A573C497-StateMachineUpdater] INFO  ratis.ContainerStateMachine (ContainerStateMachine.java:takeSnapshot(315)) - group-CE06A573C497: Finished taking a snapshot at:(t:1, i:7) file:/home/runner/work/ozone/ozone/hadoop-ozone/integration-test/target/test-dir/MiniOzoneClusterImpl-cf870487-680b-486b-bad8-7b6ba16bedf6/datanode-2/data/ratis/f7b24d49-7f30-4658-8814-ce06a573c497/sm/snapshot.1_7 took: 2 ms
2022-10-16 13:15:44,211 [33453323-e81f-447d-802c-765fb1b7f937@group-CE06A573C497-StateMachineUpdater] INFO  impl.StateMachineUpdater (StateMachineUpdater.java:takeSnapshot(287)) - 33453323-e81f-447d-802c-765fb1b7f937@group-CE06A573C497-StateMachineUpdater: Took a snapshot at index 7
2022-10-16 13:15:44,211 [33453323-e81f-447d-802c-765fb1b7f937@group-CE06A573C497-StateMachineUpdater] INFO  impl.StateMachineUpdater (StateMachineUpdater.java:lambda$new$0(92)) - 33453323-e81f-447d-802c-765fb1b7f937@group-CE06A573C497-StateMachineUpdater: snapshotIndex: updateIncreasingly -1 -> 7
2022-10-16 13:15:44,212 [Listener at 127.0.0.1/35063] INFO  server.RaftServer$Division (ServerState.java:close(429)) - 33453323-e81f-447d-802c-765fb1b7f937@group-CE06A573C497: closes. applyIndex: 7
2022-10-16 13:15:44,212 [33453323-e81f-447d-802c-765fb1b7f937@group-CE06A573C497-SegmentedRaftLogWorker] INFO  segmented.SegmentedRaftLogWorker (SegmentedRaftLogWorker.java:run(336)) - 33453323-e81f-447d-802c-765fb1b7f937@group-CE06A573C497-SegmentedRaftLogWorker was interrupted, exiting. There are 0 tasks remaining in the queue.
2022-10-16 13:15:44,212 [Listener at 127.0.0.1/35063] INFO  segmented.SegmentedRaftLogWorker (SegmentedRaftLogWorker.java:close(246)) - 33453323-e81f-447d-802c-765fb1b7f937@group-CE06A573C497-SegmentedRaftLogWorker close()
2022-10-16 13:15:44,216 [Listener at 127.0.0.1/35063] INFO  server.GrpcService (GrpcService.java:closeImpl(269)) - 33453323-e81f-447d-802c-765fb1b7f937: shutdown server with port 43237 now
2022-10-16 13:15:44,219 [grpc-default-executor-1] WARN  server.GrpcServerProtocolService (LogUtils.java:warn(122)) - 33453323-e81f-447d-802c-765fb1b7f937: installSnapshot onError, lastRequest: ca74570f-d5ef-461c-897e-e6b8abea5b82->33453323-e81f-447d-802c-765fb1b7f937#213-t1,previous=(t:1, i:7),leaderCommit=7,initializing? true,entries: size=1, first=(t:1, i:8), METADATAENTRY(c:7): org.apache.ratis.thirdparty.io.grpc.StatusRuntimeException: CANCELLED: client cancelled
2022-10-16 13:15:44,219 [grpc-default-executor-4] WARN  server.GrpcLogAppender (LogUtils.java:warn(122)) - ca74570f-d5ef-461c-897e-e6b8abea5b82@group-CE06A573C497->33453323-e81f-447d-802c-765fb1b7f937-AppendLogResponseHandler: Failed appendEntries: org.apache.ratis.thirdparty.io.grpc.StatusRuntimeException: CANCELLED: RST_STREAM closed stream. HTTP/2 error code: CANCEL
2022-10-16 13:15:44,219 [grpc-default-executor-4] INFO  leader.FollowerInfo (FollowerInfoImpl.java:lambda$new$0(48)) - ca74570f-d5ef-461c-897e-e6b8abea5b82@group-CE06A573C497->33453323-e81f-447d-802c-765fb1b7f937: nextIndex: updateUnconditionally 9 -> 8
2022-10-16 13:15:44,222 [Listener at 127.0.0.1/35063] INFO  server.GrpcService (GrpcService.java:closeImpl(278)) - 33453323-e81f-447d-802c-765fb1b7f937: shutdown server with port 43237 successfully
2022-10-16 13:15:44,222 [org.apache.ratis.util.JvmPauseMonitor$$Lambda$639/339294883@73c9a8e8] INFO  util.JvmPauseMonitor (JvmPauseMonitor.java:run(109)) - JvmPauseMonitor-33453323-e81f-447d-802c-765fb1b7f937: Stopped
2022-10-16 13:15:44,228 [grpc-default-executor-1] WARN  server.GrpcLogAppender (LogUtils.java:warn(122)) - ca74570f-d5ef-461c-897e-e6b8abea5b82@group-CE06A573C497->33453323-e81f-447d-802c-765fb1b7f937-AppendLogResponseHandler: Failed appendEntries: org.apache.ratis.thirdparty.io.grpc.StatusRuntimeException: UNAVAILABLE: io exception
2022-10-16 13:15:44,228 [grpc-default-executor-1] INFO  leader.FollowerInfo (FollowerInfoImpl.java:lambda$new$0(48)) - ca74570f-d5ef-461c-897e-e6b8abea5b82@group-CE06A573C497->33453323-e81f-447d-802c-765fb1b7f937: nextIndex: updateUnconditionally 9 -> 8
2022-10-16 13:15:44,539 [ReplicationMonitor] INFO  replication.ReplicationManager (ReplicationManager.java:processAll(291)) - Replication Manager is not ready to run until 3000ms after safemode exit
2022-10-16 13:15:45,096 [ReplicationMonitor] INFO  replication.ReplicationManager (ReplicationManager.java:processAll(324)) - Replication Monitor Thread took 0 milliseconds for processing 7 containers.
2022-10-16 13:15:45,539 [ReplicationMonitor] INFO  replication.ReplicationManager (ReplicationManager.java:processAll(324)) - Replication Monitor Thread took 0 milliseconds for processing 1 containers.
2022-10-16 13:15:46,096 [ReplicationMonitor] INFO  replication.ReplicationManager (ReplicationManager.java:processAll(324)) - Replication Monitor Thread took 0 milliseconds for processing 7 containers.
2022-10-16 13:15:46,231 [Listener at 127.0.0.1/35063] INFO  utils.BackgroundService (BackgroundService.java:shutdown(141)) - Shutting down service BlockDeletingService
2022-10-16 13:15:46,232 [Listener at 127.0.0.1/35063] INFO  utils.BackgroundService (BackgroundService.java:shutdown(141)) - Shutting down service StaleRecoveringContainerScrubbingService
2022-10-16 13:15:46,234 [Listener at 127.0.0.1/35063] INFO  statemachine.DatanodeStateMachine (DatanodeStateMachine.java:stopDaemon(580)) - Ozone container server stopped.
2022-10-16 13:15:46,241 [Listener at 127.0.0.1/35063] INFO  handler.ContextHandler (ContextHandler.java:doStop(1153)) - Stopped o.e.j.w.WebAppContext@351015d{hddsDatanode,/,null,STOPPED}{jar:file:/home/runner/.m2/repository/org/apache/ozone/hdds-container-service/1.3.0-SNAPSHOT/hdds-container-service-1.3.0-SNAPSHOT.jar!/webapps/hddsDatanode}
2022-10-16 13:15:46,241 [Listener at 127.0.0.1/35063] INFO  server.AbstractConnector (AbstractConnector.java:doStop(381)) - Stopped ServerConnector@524a8b29{HTTP/1.1, (http/1.1)}{0.0.0.0:0}
2022-10-16 13:15:46,241 [Listener at 127.0.0.1/35063] INFO  server.session (HouseKeeper.java:stopScavenging(149)) - node0 Stopped scavenging
2022-10-16 13:15:46,241 [Listener at 127.0.0.1/35063] INFO  handler.ContextHandler (ContextHandler.java:doStop(1153)) - Stopped o.e.j.s.ServletContextHandler@43d6e319{static,/static,jar:file:/home/runner/.m2/repository/org/apache/ozone/hdds-container-service/1.3.0-SNAPSHOT/hdds-container-service-1.3.0-SNAPSHOT.jar!/webapps/static,STOPPED}
2022-10-16 13:15:46,242 [Listener at 127.0.0.1/35063] INFO  handler.ContextHandler (ContextHandler.java:doStop(1153)) - Stopped o.e.j.s.ServletContextHandler@1fa4ab0e{logs,/logs,file:///home/runner/work/ozone/ozone/hadoop-ozone/integration-test/target/log,STOPPED}
2022-10-16 13:15:46,299 [Listener at 127.0.0.1/35063] INFO  ozone.MiniOzoneClusterImpl (MiniOzoneClusterImpl.java:shutdown(448)) - Shutting down the Mini Ozone Cluster
2022-10-16 13:15:46,299 [Listener at 127.0.0.1/35063] INFO  ozone.MiniOzoneClusterImpl (MiniOzoneClusterImpl.java:stop(463)) - Stopping the Mini Ozone Cluster
2022-10-16 13:15:46,300 [Listener at 127.0.0.1/35063] INFO  ozone.MiniOzoneClusterImpl (MiniOzoneClusterImpl.java:stopOM(545)) - Stopping the OzoneManager
2022-10-16 13:15:46,300 [Listener at 127.0.0.1/35063] INFO  om.OzoneManager (OzoneManager.java:stop(2034)) - om1[localhost:0]: Stopping Ozone Manager
2022-10-16 13:15:46,300 [Listener at 127.0.0.1/35063] INFO  ipc.Server (Server.java:stop(3428)) - Stopping server on 35063
2022-10-16 13:15:46,300 [IPC Server listener on 0] INFO  ipc.Server (Server.java:run(1384)) - Stopping IPC Server listener on 0
2022-10-16 13:15:46,305 [IPC Server Responder] INFO  ipc.Server (Server.java:run(1517)) - Stopping IPC Server Responder
2022-10-16 13:15:46,305 [Listener at 127.0.0.1/35063] INFO  server.RaftServer (RaftServerProxy.java:lambda$close$7(398)) - om1: close
2022-10-16 13:15:46,305 [Listener at 127.0.0.1/35063] INFO  server.RaftServer$Division (RaftServerImpl.java:lambda$close$4(434)) - om1@group-C5BA1605619E: shutdown
2022-10-16 13:15:46,305 [Listener at 127.0.0.1/35063] INFO  util.JmxRegister (JmxRegister.java:unregister(73)) - Successfully un-registered JMX Bean with object name Ratis:service=RaftServer,group=group-C5BA1605619E,id=om1
2022-10-16 13:15:46,305 [Listener at 127.0.0.1/35063] INFO  impl.RoleInfo (RoleInfo.java:shutdownLeaderState(93)) - om1: shutdown om1@group-C5BA1605619E-LeaderStateImpl
2022-10-16 13:15:46,306 [Listener at 127.0.0.1/35063] INFO  impl.PendingRequests (PendingRequests.java:sendNotLeaderResponses(282)) - om1@group-C5BA1605619E-PendingRequests: sendNotLeaderResponses
2022-10-16 13:15:46,309 [Listener at 127.0.0.1/35063] INFO  impl.StateMachineUpdater (StateMachineUpdater.java:stopAndJoin(153)) - om1@group-C5BA1605619E-StateMachineUpdater: set stopIndex = 8
2022-10-16 13:15:46,309 [om1@group-C5BA1605619E-StateMachineUpdater] INFO  ratis.OzoneManagerStateMachine (OzoneManagerStateMachine.java:takeSnapshot(441)) - Current Snapshot Index (t:1, i:8)
2022-10-16 13:15:46,309 [om1@group-C5BA1605619E-StateMachineUpdater] INFO  impl.StateMachineUpdater (StateMachineUpdater.java:takeSnapshot(287)) - om1@group-C5BA1605619E-StateMachineUpdater: Took a snapshot at index 8
2022-10-16 13:15:46,309 [om1@group-C5BA1605619E-StateMachineUpdater] INFO  impl.StateMachineUpdater (StateMachineUpdater.java:lambda$new$0(92)) - om1@group-C5BA1605619E-StateMachineUpdater: snapshotIndex: updateIncreasingly -1 -> 8
2022-10-16 13:15:46,309 [om1@group-C5BA1605619E-StateMachineUpdater] INFO  ratis.OzoneManagerStateMachine (OzoneManagerStateMachine.java:close(495)) - StateMachine has shutdown. Shutdown OzoneManager if not already shutdown.
2022-10-16 13:15:46,309 [om1@group-C5BA1605619E-StateMachineUpdater] INFO  ratis.OzoneManagerDoubleBuffer (OzoneManagerDoubleBuffer.java:stop(466)) - Stopping OMDoubleBuffer flush thread
2022-10-16 13:15:46,310 [OMDoubleBufferFlushThread] INFO  ratis.OzoneManagerDoubleBuffer (OzoneManagerDoubleBuffer.java:flushTransactions(385)) - OMDoubleBuffer flush thread OMDoubleBufferFlushThread is interrupted and will exit.
2022-10-16 13:15:46,310 [Listener at 127.0.0.1/35063] INFO  server.RaftServer$Division (ServerState.java:close(429)) - om1@group-C5BA1605619E: closes. applyIndex: 8
2022-10-16 13:15:46,310 [om1@group-C5BA1605619E-SegmentedRaftLogWorker] INFO  segmented.SegmentedRaftLogWorker (SegmentedRaftLogWorker.java:run(336)) - om1@group-C5BA1605619E-SegmentedRaftLogWorker was interrupted, exiting. There are 0 tasks remaining in the queue.
2022-10-16 13:15:46,311 [Listener at 127.0.0.1/35063] INFO  segmented.SegmentedRaftLogWorker (SegmentedRaftLogWorker.java:close(246)) - om1@group-C5BA1605619E-SegmentedRaftLogWorker close()
2022-10-16 13:15:46,311 [Listener at 127.0.0.1/35063] INFO  server.GrpcService (GrpcService.java:closeImpl(269)) - om1: shutdown server with port 9872 now
2022-10-16 13:15:46,312 [Listener at 127.0.0.1/35063] INFO  server.GrpcService (GrpcService.java:closeImpl(278)) - om1: shutdown server with port 9872 successfully
2022-10-16 13:15:46,312 [org.apache.ratis.util.JvmPauseMonitor$$Lambda$639/339294883@305d1500] INFO  util.JvmPauseMonitor (JvmPauseMonitor.java:run(109)) - JvmPauseMonitor-om1: Stopped
2022-10-16 13:15:46,314 [Listener at 127.0.0.1/35063] INFO  ratis.OzoneManagerStateMachine (OzoneManagerStateMachine.java:close(495)) - StateMachine has shutdown. Shutdown OzoneManager if not already shutdown.
2022-10-16 13:15:46,314 [Listener at 127.0.0.1/35063] INFO  ratis.OzoneManagerDoubleBuffer (OzoneManagerDoubleBuffer.java:stop(478)) - OMDoubleBuffer flush thread is not running.
2022-10-16 13:15:46,314 [Listener at 127.0.0.1/35063] INFO  utils.BackgroundService (BackgroundService.java:shutdown(141)) - Shutting down service KeyDeletingService
2022-10-16 13:15:46,314 [Listener at 127.0.0.1/35063] INFO  utils.BackgroundService (BackgroundService.java:shutdown(141)) - Shutting down service DirectoryDeletingService
2022-10-16 13:15:46,314 [Listener at 127.0.0.1/35063] INFO  utils.BackgroundService (BackgroundService.java:shutdown(141)) - Shutting down service OpenKeyCleanupService
2022-10-16 13:15:46,315 [Listener at 127.0.0.1/35063] INFO  handler.ContextHandler (ContextHandler.java:doStop(1153)) - Stopped o.e.j.w.WebAppContext@26d71264{ozoneManager,/,null,STOPPED}{file:/home/runner/work/ozone/ozone/hadoop-ozone/integration-test/target/test-classes/webapps/ozoneManager}
2022-10-16 13:15:46,315 [Listener at 127.0.0.1/35063] INFO  server.AbstractConnector (AbstractConnector.java:doStop(381)) - Stopped ServerConnector@6981c738{HTTP/1.1, (http/1.1)}{0.0.0.0:0}
2022-10-16 13:15:46,315 [Listener at 127.0.0.1/35063] INFO  server.session (HouseKeeper.java:stopScavenging(149)) - node0 Stopped scavenging
2022-10-16 13:15:46,315 [Listener at 127.0.0.1/35063] INFO  handler.ContextHandler (ContextHandler.java:doStop(1153)) - Stopped o.e.j.s.ServletContextHandler@2eb3bc70{static,/static,file:///home/runner/work/ozone/ozone/hadoop-ozone/integration-test/target/test-classes/webapps/static,STOPPED}
2022-10-16 13:15:46,315 [Listener at 127.0.0.1/35063] INFO  handler.ContextHandler (ContextHandler.java:doStop(1153)) - Stopped o.e.j.s.ServletContextHandler@2aa98bc2{logs,/logs,file:///home/runner/work/ozone/ozone/hadoop-ozone/integration-test/target/log,STOPPED}
2022-10-16 13:15:46,319 [Listener at 127.0.0.1/35063] INFO  ozone.MiniOzoneClusterImpl (MiniOzoneClusterImpl.java:stopDatanodes(522)) - Stopping the HddsDatanodes
2022-10-16 13:15:46,321 [ForkJoinPool.commonPool-worker-0] INFO  ozoneimpl.OzoneContainer (OzoneContainer.java:stop(400)) - Attempting to stop container services.
2022-10-16 13:15:46,323 [ForkJoinPool.commonPool-worker-0] INFO  server.RaftServer (RaftServerProxy.java:lambda$close$7(398)) - d8e7758e-d378-472a-aba8-a4942fe78a6e: close
2022-10-16 13:15:46,323 [ForkJoinPool.commonPool-worker-0] INFO  server.RaftServer$Division (RaftServerImpl.java:lambda$close$4(434)) - d8e7758e-d378-472a-aba8-a4942fe78a6e@group-CE06A573C497: shutdown
2022-10-16 13:15:46,323 [ForkJoinPool.commonPool-worker-0] INFO  util.JmxRegister (JmxRegister.java:unregister(73)) - Successfully un-registered JMX Bean with object name Ratis:service=RaftServer,group=group-CE06A573C497,id=d8e7758e-d378-472a-aba8-a4942fe78a6e
2022-10-16 13:15:46,323 [ForkJoinPool.commonPool-worker-0] INFO  impl.RoleInfo (RoleInfo.java:shutdownFollowerState(110)) - d8e7758e-d378-472a-aba8-a4942fe78a6e: shutdown d8e7758e-d378-472a-aba8-a4942fe78a6e@group-CE06A573C497-FollowerState
2022-10-16 13:15:46,323 [ForkJoinPool.commonPool-worker-0] INFO  impl.StateMachineUpdater (StateMachineUpdater.java:stopAndJoin(153)) - d8e7758e-d378-472a-aba8-a4942fe78a6e@group-CE06A573C497-StateMachineUpdater: set stopIndex = 7
2022-10-16 13:15:46,324 [d8e7758e-d378-472a-aba8-a4942fe78a6e@group-CE06A573C497-FollowerState] INFO  impl.FollowerState (FollowerState.java:run(152)) - d8e7758e-d378-472a-aba8-a4942fe78a6e@group-CE06A573C497-FollowerState was interrupted
2022-10-16 13:15:46,324 [d8e7758e-d378-472a-aba8-a4942fe78a6e@group-CE06A573C497-StateMachineUpdater] INFO  ratis.ContainerStateMachine (ContainerStateMachine.java:takeSnapshot(304)) - group-CE06A573C497: Taking a snapshot at:(t:1, i:7) file /home/runner/work/ozone/ozone/hadoop-ozone/integration-test/target/test-dir/MiniOzoneClusterImpl-cf870487-680b-486b-bad8-7b6ba16bedf6/datanode-1/data/ratis/f7b24d49-7f30-4658-8814-ce06a573c497/sm/snapshot.1_7
2022-10-16 13:15:46,325 [Listener at 127.0.0.1/35063] INFO  ozoneimpl.OzoneContainer (OzoneContainer.java:stop(400)) - Attempting to stop container services.
2022-10-16 13:15:46,326 [Listener at 127.0.0.1/35063] INFO  server.RaftServer (RaftServerProxy.java:lambda$close$7(398)) - 3ba9e91d-c91b-441f-af9f-489ed1e42370: close
2022-10-16 13:15:46,326 [Listener at 127.0.0.1/35063] INFO  server.RaftServer$Division (RaftServerImpl.java:lambda$close$4(434)) - 3ba9e91d-c91b-441f-af9f-489ed1e42370@group-232563638670: shutdown
2022-10-16 13:15:46,326 [d8e7758e-d378-472a-aba8-a4942fe78a6e@group-CE06A573C497-StateMachineUpdater] INFO  ratis.ContainerStateMachine (ContainerStateMachine.java:takeSnapshot(315)) - group-CE06A573C497: Finished taking a snapshot at:(t:1, i:7) file:/home/runner/work/ozone/ozone/hadoop-ozone/integration-test/target/test-dir/MiniOzoneClusterImpl-cf870487-680b-486b-bad8-7b6ba16bedf6/datanode-1/data/ratis/f7b24d49-7f30-4658-8814-ce06a573c497/sm/snapshot.1_7 took: 2 ms
2022-10-16 13:15:46,326 [Listener at 127.0.0.1/35063] INFO  util.JmxRegister (JmxRegister.java:unregister(73)) - Successfully un-registered JMX Bean with object name Ratis:service=RaftServer,group=group-232563638670,id=3ba9e91d-c91b-441f-af9f-489ed1e42370
2022-10-16 13:15:46,326 [Listener at 127.0.0.1/35063] INFO  impl.RoleInfo (RoleInfo.java:shutdownLeaderState(93)) - 3ba9e91d-c91b-441f-af9f-489ed1e42370: shutdown 3ba9e91d-c91b-441f-af9f-489ed1e42370@group-232563638670-LeaderStateImpl
2022-10-16 13:15:46,326 [d8e7758e-d378-472a-aba8-a4942fe78a6e@group-CE06A573C497-StateMachineUpdater] INFO  impl.StateMachineUpdater (StateMachineUpdater.java:takeSnapshot(287)) - d8e7758e-d378-472a-aba8-a4942fe78a6e@group-CE06A573C497-StateMachineUpdater: Took a snapshot at index 7
2022-10-16 13:15:46,326 [Listener at 127.0.0.1/35063] INFO  impl.PendingRequests (PendingRequests.java:sendNotLeaderResponses(282)) - 3ba9e91d-c91b-441f-af9f-489ed1e42370@group-232563638670-PendingRequests: sendNotLeaderResponses
2022-10-16 13:15:46,326 [d8e7758e-d378-472a-aba8-a4942fe78a6e@group-CE06A573C497-StateMachineUpdater] INFO  impl.StateMachineUpdater (StateMachineUpdater.java:lambda$new$0(92)) - d8e7758e-d378-472a-aba8-a4942fe78a6e@group-CE06A573C497-StateMachineUpdater: snapshotIndex: updateIncreasingly -1 -> 7
2022-10-16 13:15:46,327 [ForkJoinPool.commonPool-worker-0] INFO  server.RaftServer$Division (ServerState.java:close(429)) - d8e7758e-d378-472a-aba8-a4942fe78a6e@group-CE06A573C497: closes. applyIndex: 7
2022-10-16 13:15:46,327 [3ba9e91d-c91b-441f-af9f-489ed1e42370@group-232563638670-StateMachineUpdater] INFO  ratis.ContainerStateMachine (ContainerStateMachine.java:takeSnapshot(304)) - group-232563638670: Taking a snapshot at:(t:1, i:0) file /home/runner/work/ozone/ozone/hadoop-ozone/integration-test/target/test-dir/MiniOzoneClusterImpl-cf870487-680b-486b-bad8-7b6ba16bedf6/datanode-4/data/ratis/5b468e56-e8d3-4770-b424-232563638670/sm/snapshot.1_0
2022-10-16 13:15:46,328 [Listener at 127.0.0.1/35063] INFO  impl.StateMachineUpdater (StateMachineUpdater.java:stopAndJoin(153)) - 3ba9e91d-c91b-441f-af9f-489ed1e42370@group-232563638670-StateMachineUpdater: set stopIndex = 0
2022-10-16 13:15:46,329 [3ba9e91d-c91b-441f-af9f-489ed1e42370@group-232563638670-StateMachineUpdater] INFO  ratis.ContainerStateMachine (ContainerStateMachine.java:takeSnapshot(315)) - group-232563638670: Finished taking a snapshot at:(t:1, i:0) file:/home/runner/work/ozone/ozone/hadoop-ozone/integration-test/target/test-dir/MiniOzoneClusterImpl-cf870487-680b-486b-bad8-7b6ba16bedf6/datanode-4/data/ratis/5b468e56-e8d3-4770-b424-232563638670/sm/snapshot.1_0 took: 2 ms
2022-10-16 13:15:46,329 [3ba9e91d-c91b-441f-af9f-489ed1e42370@group-232563638670-StateMachineUpdater] INFO  impl.StateMachineUpdater (StateMachineUpdater.java:takeSnapshot(287)) - 3ba9e91d-c91b-441f-af9f-489ed1e42370@group-232563638670-StateMachineUpdater: Took a snapshot at index 0
2022-10-16 13:15:46,330 [3ba9e91d-c91b-441f-af9f-489ed1e42370@group-232563638670-StateMachineUpdater] INFO  impl.StateMachineUpdater (StateMachineUpdater.java:lambda$new$0(92)) - 3ba9e91d-c91b-441f-af9f-489ed1e42370@group-232563638670-StateMachineUpdater: snapshotIndex: updateIncreasingly -1 -> 0
2022-10-16 13:15:46,330 [Listener at 127.0.0.1/35063] INFO  server.RaftServer$Division (ServerState.java:close(429)) - 3ba9e91d-c91b-441f-af9f-489ed1e42370@group-232563638670: closes. applyIndex: 0
2022-10-16 13:15:46,330 [3ba9e91d-c91b-441f-af9f-489ed1e42370@group-232563638670-SegmentedRaftLogWorker] INFO  segmented.SegmentedRaftLogWorker (SegmentedRaftLogWorker.java:run(336)) - 3ba9e91d-c91b-441f-af9f-489ed1e42370@group-232563638670-SegmentedRaftLogWorker was interrupted, exiting. There are 0 tasks remaining in the queue.
2022-10-16 13:15:46,330 [Listener at 127.0.0.1/35063] INFO  segmented.SegmentedRaftLogWorker (SegmentedRaftLogWorker.java:close(246)) - 3ba9e91d-c91b-441f-af9f-489ed1e42370@group-232563638670-SegmentedRaftLogWorker close()
2022-10-16 13:15:46,330 [d8e7758e-d378-472a-aba8-a4942fe78a6e@group-CE06A573C497-SegmentedRaftLogWorker] INFO  segmented.SegmentedRaftLogWorker (SegmentedRaftLogWorker.java:run(336)) - d8e7758e-d378-472a-aba8-a4942fe78a6e@group-CE06A573C497-SegmentedRaftLogWorker was interrupted, exiting. There are 0 tasks remaining in the queue.
2022-10-16 13:15:46,330 [Listener at 127.0.0.1/35063] INFO  server.GrpcService (GrpcService.java:closeImpl(269)) - 3ba9e91d-c91b-441f-af9f-489ed1e42370: shutdown server with port 43745 now
2022-10-16 13:15:46,330 [ForkJoinPool.commonPool-worker-0] INFO  segmented.SegmentedRaftLogWorker (SegmentedRaftLogWorker.java:close(246)) - d8e7758e-d378-472a-aba8-a4942fe78a6e@group-CE06A573C497-SegmentedRaftLogWorker close()
2022-10-16 13:15:46,331 [ForkJoinPool.commonPool-worker-0] INFO  server.RaftServer$Division (RaftServerImpl.java:lambda$close$4(434)) - d8e7758e-d378-472a-aba8-a4942fe78a6e@group-B5A5F55713F9: shutdown
2022-10-16 13:15:46,331 [ForkJoinPool.commonPool-worker-0] INFO  util.JmxRegister (JmxRegister.java:unregister(73)) - Successfully un-registered JMX Bean with object name Ratis:service=RaftServer,group=group-B5A5F55713F9,id=d8e7758e-d378-472a-aba8-a4942fe78a6e
2022-10-16 13:15:46,331 [ForkJoinPool.commonPool-worker-0] INFO  impl.RoleInfo (RoleInfo.java:shutdownLeaderState(93)) - d8e7758e-d378-472a-aba8-a4942fe78a6e: shutdown d8e7758e-d378-472a-aba8-a4942fe78a6e@group-B5A5F55713F9-LeaderStateImpl
2022-10-16 13:15:46,331 [ForkJoinPool.commonPool-worker-0] INFO  impl.PendingRequests (PendingRequests.java:sendNotLeaderResponses(282)) - d8e7758e-d378-472a-aba8-a4942fe78a6e@group-B5A5F55713F9-PendingRequests: sendNotLeaderResponses
2022-10-16 13:15:46,332 [ForkJoinPool.commonPool-worker-0] INFO  impl.StateMachineUpdater (StateMachineUpdater.java:stopAndJoin(153)) - d8e7758e-d378-472a-aba8-a4942fe78a6e@group-B5A5F55713F9-StateMachineUpdater: set stopIndex = 0
2022-10-16 13:15:46,332 [d8e7758e-d378-472a-aba8-a4942fe78a6e@group-B5A5F55713F9-StateMachineUpdater] INFO  ratis.ContainerStateMachine (ContainerStateMachine.java:takeSnapshot(304)) - group-B5A5F55713F9: Taking a snapshot at:(t:1, i:0) file /home/runner/work/ozone/ozone/hadoop-ozone/integration-test/target/test-dir/MiniOzoneClusterImpl-cf870487-680b-486b-bad8-7b6ba16bedf6/datanode-1/data/ratis/f0247269-f436-4c4d-b6c7-b5a5f55713f9/sm/snapshot.1_0
2022-10-16 13:15:46,332 [Listener at 127.0.0.1/35063] INFO  server.GrpcService (GrpcService.java:closeImpl(278)) - 3ba9e91d-c91b-441f-af9f-489ed1e42370: shutdown server with port 43745 successfully
2022-10-16 13:15:46,332 [org.apache.ratis.util.JvmPauseMonitor$$Lambda$639/339294883@6d03d83d] INFO  util.JvmPauseMonitor (JvmPauseMonitor.java:run(109)) - JvmPauseMonitor-3ba9e91d-c91b-441f-af9f-489ed1e42370: Stopped
2022-10-16 13:15:46,332 [d8e7758e-d378-472a-aba8-a4942fe78a6e@group-B5A5F55713F9-StateMachineUpdater] INFO  ratis.ContainerStateMachine (ContainerStateMachine.java:takeSnapshot(315)) - group-B5A5F55713F9: Finished taking a snapshot at:(t:1, i:0) file:/home/runner/work/ozone/ozone/hadoop-ozone/integration-test/target/test-dir/MiniOzoneClusterImpl-cf870487-680b-486b-bad8-7b6ba16bedf6/datanode-1/data/ratis/f0247269-f436-4c4d-b6c7-b5a5f55713f9/sm/snapshot.1_0 took: 1 ms
2022-10-16 13:15:46,333 [d8e7758e-d378-472a-aba8-a4942fe78a6e@group-B5A5F55713F9-StateMachineUpdater] INFO  impl.StateMachineUpdater (StateMachineUpdater.java:takeSnapshot(287)) - d8e7758e-d378-472a-aba8-a4942fe78a6e@group-B5A5F55713F9-StateMachineUpdater: Took a snapshot at index 0
2022-10-16 13:15:46,333 [d8e7758e-d378-472a-aba8-a4942fe78a6e@group-B5A5F55713F9-StateMachineUpdater] INFO  impl.StateMachineUpdater (StateMachineUpdater.java:lambda$new$0(92)) - d8e7758e-d378-472a-aba8-a4942fe78a6e@group-B5A5F55713F9-StateMachineUpdater: snapshotIndex: updateIncreasingly -1 -> 0
2022-10-16 13:15:46,333 [ForkJoinPool.commonPool-worker-0] INFO  server.RaftServer$Division (ServerState.java:close(429)) - d8e7758e-d378-472a-aba8-a4942fe78a6e@group-B5A5F55713F9: closes. applyIndex: 0
2022-10-16 13:15:46,333 [d8e7758e-d378-472a-aba8-a4942fe78a6e@group-B5A5F55713F9-SegmentedRaftLogWorker] INFO  segmented.SegmentedRaftLogWorker (SegmentedRaftLogWorker.java:run(336)) - d8e7758e-d378-472a-aba8-a4942fe78a6e@group-B5A5F55713F9-SegmentedRaftLogWorker was interrupted, exiting. There are 0 tasks remaining in the queue.
2022-10-16 13:15:46,333 [ForkJoinPool.commonPool-worker-0] INFO  segmented.SegmentedRaftLogWorker (SegmentedRaftLogWorker.java:close(246)) - d8e7758e-d378-472a-aba8-a4942fe78a6e@group-B5A5F55713F9-SegmentedRaftLogWorker close()
2022-10-16 13:15:46,333 [ForkJoinPool.commonPool-worker-0] INFO  server.GrpcService (GrpcService.java:closeImpl(269)) - d8e7758e-d378-472a-aba8-a4942fe78a6e: shutdown server with port 41375 now
2022-10-16 13:15:46,336 [ForkJoinPool.commonPool-worker-0] INFO  server.GrpcService (GrpcService.java:closeImpl(278)) - d8e7758e-d378-472a-aba8-a4942fe78a6e: shutdown server with port 41375 successfully
2022-10-16 13:15:46,337 [grpc-default-executor-0] WARN  server.GrpcServerProtocolService (LogUtils.java:warn(122)) - d8e7758e-d378-472a-aba8-a4942fe78a6e: installSnapshot onError, lastRequest: ca74570f-d5ef-461c-897e-e6b8abea5b82->d8e7758e-d378-472a-aba8-a4942fe78a6e#215-t1,previous=(t:1, i:7),leaderCommit=7,initializing? true,entries: size=1, first=(t:1, i:8), METADATAENTRY(c:7): org.apache.ratis.thirdparty.io.grpc.StatusRuntimeException: CANCELLED: client cancelled
2022-10-16 13:15:46,337 [org.apache.ratis.util.JvmPauseMonitor$$Lambda$639/339294883@29ec987b] INFO  util.JvmPauseMonitor (JvmPauseMonitor.java:run(109)) - JvmPauseMonitor-d8e7758e-d378-472a-aba8-a4942fe78a6e: Stopped
2022-10-16 13:15:46,337 [grpc-default-executor-4] WARN  server.GrpcLogAppender (LogUtils.java:warn(122)) - ca74570f-d5ef-461c-897e-e6b8abea5b82@group-CE06A573C497->d8e7758e-d378-472a-aba8-a4942fe78a6e-AppendLogResponseHandler: Failed appendEntries: org.apache.ratis.thirdparty.io.grpc.StatusRuntimeException: CANCELLED: RST_STREAM closed stream. HTTP/2 error code: CANCEL
2022-10-16 13:15:46,337 [grpc-default-executor-4] INFO  leader.FollowerInfo (FollowerInfoImpl.java:lambda$new$0(48)) - ca74570f-d5ef-461c-897e-e6b8abea5b82@group-CE06A573C497->d8e7758e-d378-472a-aba8-a4942fe78a6e: nextIndex: updateUnconditionally 9 -> 8
2022-10-16 13:15:46,341 [grpc-default-executor-0] WARN  server.GrpcLogAppender (LogUtils.java:warn(122)) - ca74570f-d5ef-461c-897e-e6b8abea5b82@group-CE06A573C497->d8e7758e-d378-472a-aba8-a4942fe78a6e-AppendLogResponseHandler: Failed appendEntries: org.apache.ratis.thirdparty.io.grpc.StatusRuntimeException: UNAVAILABLE: io exception
2022-10-16 13:15:46,341 [grpc-default-executor-0] INFO  leader.FollowerInfo (FollowerInfoImpl.java:lambda$new$0(48)) - ca74570f-d5ef-461c-897e-e6b8abea5b82@group-CE06A573C497->d8e7758e-d378-472a-aba8-a4942fe78a6e: nextIndex: updateUnconditionally 9 -> 8
2022-10-16 13:15:46,540 [ReplicationMonitor] INFO  replication.ReplicationManager (ReplicationManager.java:processAll(324)) - Replication Monitor Thread took 1 milliseconds for processing 1 containers.
2022-10-16 13:15:46,643 [grpc-default-executor-0] WARN  server.GrpcLogAppender (LogUtils.java:warn(122)) - ca74570f-d5ef-461c-897e-e6b8abea5b82@group-CE06A573C497->d8e7758e-d378-472a-aba8-a4942fe78a6e-AppendLogResponseHandler: Failed appendEntries: org.apache.ratis.thirdparty.io.grpc.StatusRuntimeException: UNAVAILABLE: io exception
2022-10-16 13:15:46,644 [grpc-default-executor-0] INFO  leader.FollowerInfo (FollowerInfoImpl.java:lambda$new$0(48)) - ca74570f-d5ef-461c-897e-e6b8abea5b82@group-CE06A573C497->d8e7758e-d378-472a-aba8-a4942fe78a6e: nextIndex: updateUnconditionally 9 -> 8
2022-10-16 13:15:46,646 [grpc-default-executor-0] WARN  server.GrpcLogAppender (LogUtils.java:warn(122)) - ca74570f-d5ef-461c-897e-e6b8abea5b82@group-CE06A573C497->33453323-e81f-447d-802c-765fb1b7f937-AppendLogResponseHandler: Failed appendEntries: org.apache.ratis.thirdparty.io.grpc.StatusRuntimeException: UNAVAILABLE: io exception
2022-10-16 13:15:46,647 [grpc-default-executor-0] INFO  leader.FollowerInfo (FollowerInfoImpl.java:lambda$new$0(48)) - ca74570f-d5ef-461c-897e-e6b8abea5b82@group-CE06A573C497->33453323-e81f-447d-802c-765fb1b7f937: nextIndex: updateUnconditionally 9 -> 8
2022-10-16 13:15:47,097 [ReplicationMonitor] INFO  replication.ReplicationManager (ReplicationManager.java:processAll(324)) - Replication Monitor Thread took 1 milliseconds for processing 7 containers.
2022-10-16 13:15:47,184 [EventQueue-StaleNodeForStaleNodeHandler] INFO  node.StaleNodeHandler (StaleNodeHandler.java:onMessage(59)) - Datanode 33453323-e81f-447d-802c-765fb1b7f937{ip: 10.1.0.60, host: fv-az308-250.etcbaq1qs54eplwmrjlabigyle.cx.internal.cloudapp.net, ports: [REPLICATION=40877, RATIS=43237, RATIS_ADMIN=43237, RATIS_SERVER=43237, STANDALONE=39345], networkLocation: /default-rack, certSerialId: null, persistedOpState: IN_SERVICE, persistedOpStateExpiryEpochSec: 0} moved to stale state. Finalizing its pipelines [PipelineID=1f2f45d7-95e1-4383-82cf-e0d59647dc56, PipelineID=f7b24d49-7f30-4658-8814-ce06a573c497]
2022-10-16 13:15:47,184 [EventQueue-StaleNodeForStaleNodeHandler] INFO  pipeline.PipelineManagerImpl (PipelineManagerImpl.java:closePipeline(442)) - Pipeline Pipeline[ Id: 1f2f45d7-95e1-4383-82cf-e0d59647dc56, Nodes: 33453323-e81f-447d-802c-765fb1b7f937{ip: 10.1.0.60, host: fv-az308-250.etcbaq1qs54eplwmrjlabigyle.cx.internal.cloudapp.net, ports: [REPLICATION=40877, RATIS=43237, RATIS_ADMIN=43237, RATIS_SERVER=43237, STANDALONE=39345], networkLocation: /default-rack, certSerialId: null, persistedOpState: IN_SERVICE, persistedOpStateExpiryEpochSec: 0}, ReplicationConfig: RATIS/ONE, State:OPEN, leaderId:33453323-e81f-447d-802c-765fb1b7f937, CreationTimestamp2022-10-16T13:15:34.413Z[Etc/UTC]] moved to CLOSED state
2022-10-16 13:15:47,185 [EventQueue-StaleNodeForStaleNodeHandler] INFO  pipeline.PipelineManagerImpl (PipelineManagerImpl.java:closePipeline(442)) - Pipeline Pipeline[ Id: f7b24d49-7f30-4658-8814-ce06a573c497, Nodes: 33453323-e81f-447d-802c-765fb1b7f937{ip: 10.1.0.60, host: fv-az308-250.etcbaq1qs54eplwmrjlabigyle.cx.internal.cloudapp.net, ports: [REPLICATION=40877, RATIS=43237, RATIS_ADMIN=43237, RATIS_SERVER=43237, STANDALONE=39345], networkLocation: /default-rack, certSerialId: null, persistedOpState: IN_SERVICE, persistedOpStateExpiryEpochSec: 0}ca74570f-d5ef-461c-897e-e6b8abea5b82{ip: 10.1.0.60, host: fv-az308-250.etcbaq1qs54eplwmrjlabigyle.cx.internal.cloudapp.net, ports: [REPLICATION=44869, RATIS=38749, RATIS_ADMIN=38749, RATIS_SERVER=38749, STANDALONE=42523], networkLocation: /default-rack, certSerialId: null, persistedOpState: IN_SERVICE, persistedOpStateExpiryEpochSec: 0}d8e7758e-d378-472a-aba8-a4942fe78a6e{ip: 10.1.0.60, host: fv-az308-250.etcbaq1qs54eplwmrjlabigyle.cx.internal.cloudapp.net, ports: [REPLICATION=33613, RATIS=41375, RATIS_ADMIN=41375, RATIS_SERVER=41375, STANDALONE=37941], networkLocation: /default-rack, certSerialId: null, persistedOpState: IN_SERVICE, persistedOpStateExpiryEpochSec: 0}, ReplicationConfig: RATIS/THREE, State:OPEN, leaderId:ca74570f-d5ef-461c-897e-e6b8abea5b82, CreationTimestamp2022-10-16T13:15:34.414Z[Etc/UTC]] moved to CLOSED state
2022-10-16 13:15:47,540 [ReplicationMonitor] INFO  replication.ReplicationManager (ReplicationManager.java:processAll(324)) - Replication Monitor Thread took 0 milliseconds for processing 1 containers.
2022-10-16 13:15:47,894 [grpc-default-executor-0] WARN  server.GrpcLogAppender (LogUtils.java:warn(122)) - ca74570f-d5ef-461c-897e-e6b8abea5b82@group-CE06A573C497->d8e7758e-d378-472a-aba8-a4942fe78a6e-AppendLogResponseHandler: Failed appendEntries: org.apache.ratis.thirdparty.io.grpc.StatusRuntimeException: UNAVAILABLE: io exception
2022-10-16 13:15:47,895 [grpc-default-executor-0] INFO  leader.FollowerInfo (FollowerInfoImpl.java:lambda$new$0(48)) - ca74570f-d5ef-461c-897e-e6b8abea5b82@group-CE06A573C497->d8e7758e-d378-472a-aba8-a4942fe78a6e: nextIndex: updateUnconditionally 9 -> 8
2022-10-16 13:15:47,897 [grpc-default-executor-0] WARN  server.GrpcLogAppender (LogUtils.java:warn(122)) - ca74570f-d5ef-461c-897e-e6b8abea5b82@group-CE06A573C497->33453323-e81f-447d-802c-765fb1b7f937-AppendLogResponseHandler: Failed appendEntries: org.apache.ratis.thirdparty.io.grpc.StatusRuntimeException: UNAVAILABLE: io exception
2022-10-16 13:15:47,897 [grpc-default-executor-0] INFO  leader.FollowerInfo (FollowerInfoImpl.java:lambda$new$0(48)) - ca74570f-d5ef-461c-897e-e6b8abea5b82@group-CE06A573C497->33453323-e81f-447d-802c-765fb1b7f937: nextIndex: updateUnconditionally 9 -> 8
2022-10-16 13:15:48,098 [ReplicationMonitor] INFO  replication.ReplicationManager (ReplicationManager.java:processAll(324)) - Replication Monitor Thread took 1 milliseconds for processing 7 containers.
2022-10-16 13:15:48,343 [Listener at 127.0.0.1/35063] INFO  utils.BackgroundService (BackgroundService.java:shutdown(141)) - Shutting down service BlockDeletingService
2022-10-16 13:15:48,343 [Listener at 127.0.0.1/35063] INFO  utils.BackgroundService (BackgroundService.java:shutdown(141)) - Shutting down service StaleRecoveringContainerScrubbingService
2022-10-16 13:15:48,347 [ForkJoinPool.commonPool-worker-0] INFO  utils.BackgroundService (BackgroundService.java:shutdown(141)) - Shutting down service BlockDeletingService
2022-10-16 13:15:48,347 [ForkJoinPool.commonPool-worker-0] INFO  utils.BackgroundService (BackgroundService.java:shutdown(141)) - Shutting down service StaleRecoveringContainerScrubbingService
2022-10-16 13:15:48,348 [Listener at 127.0.0.1/35063] INFO  statemachine.DatanodeStateMachine (DatanodeStateMachine.java:stopDaemon(580)) - Ozone container server stopped.
2022-10-16 13:15:48,355 [ForkJoinPool.commonPool-worker-0] INFO  statemachine.DatanodeStateMachine (DatanodeStateMachine.java:stopDaemon(580)) - Ozone container server stopped.
2022-10-16 13:15:48,359 [Listener at 127.0.0.1/35063] INFO  handler.ContextHandler (ContextHandler.java:doStop(1153)) - Stopped o.e.j.w.WebAppContext@7bcd37cf{hddsDatanode,/,null,STOPPED}{jar:file:/home/runner/.m2/repository/org/apache/ozone/hdds-container-service/1.3.0-SNAPSHOT/hdds-container-service-1.3.0-SNAPSHOT.jar!/webapps/hddsDatanode}
2022-10-16 13:15:48,360 [Listener at 127.0.0.1/35063] INFO  server.AbstractConnector (AbstractConnector.java:doStop(381)) - Stopped ServerConnector@133fb973{HTTP/1.1, (http/1.1)}{0.0.0.0:0}
2022-10-16 13:15:48,361 [Listener at 127.0.0.1/35063] INFO  server.session (HouseKeeper.java:stopScavenging(149)) - node0 Stopped scavenging
2022-10-16 13:15:48,361 [Listener at 127.0.0.1/35063] INFO  handler.ContextHandler (ContextHandler.java:doStop(1153)) - Stopped o.e.j.s.ServletContextHandler@3c391897{static,/static,jar:file:/home/runner/.m2/repository/org/apache/ozone/hdds-container-service/1.3.0-SNAPSHOT/hdds-container-service-1.3.0-SNAPSHOT.jar!/webapps/static,STOPPED}
2022-10-16 13:15:48,362 [Listener at 127.0.0.1/35063] INFO  handler.ContextHandler (ContextHandler.java:doStop(1153)) - Stopped o.e.j.s.ServletContextHandler@6c48420{logs,/logs,file:///home/runner/work/ozone/ozone/hadoop-ozone/integration-test/target/log,STOPPED}
2022-10-16 13:15:48,364 [ForkJoinPool.commonPool-worker-0] INFO  handler.ContextHandler (ContextHandler.java:doStop(1153)) - Stopped o.e.j.w.WebAppContext@7a75ee53{hddsDatanode,/,null,STOPPED}{jar:file:/home/runner/.m2/repository/org/apache/ozone/hdds-container-service/1.3.0-SNAPSHOT/hdds-container-service-1.3.0-SNAPSHOT.jar!/webapps/hddsDatanode}
2022-10-16 13:15:48,365 [Listener at 127.0.0.1/35063] INFO  ozoneimpl.OzoneContainer (OzoneContainer.java:stop(400)) - Attempting to stop container services.
2022-10-16 13:15:48,366 [Listener at 127.0.0.1/35063] INFO  server.RaftServer (RaftServerProxy.java:lambda$close$7(398)) - 9ba096f9-62f1-4ee1-b4ad-8147bf5038d9: close
2022-10-16 13:15:48,366 [Listener at 127.0.0.1/35063] INFO  server.RaftServer$Division (RaftServerImpl.java:lambda$close$4(434)) - 9ba096f9-62f1-4ee1-b4ad-8147bf5038d9@group-6AFDDC5AF84E: shutdown
2022-10-16 13:15:48,366 [Listener at 127.0.0.1/35063] INFO  util.JmxRegister (JmxRegister.java:unregister(73)) - Successfully un-registered JMX Bean with object name Ratis:service=RaftServer,group=group-6AFDDC5AF84E,id=9ba096f9-62f1-4ee1-b4ad-8147bf5038d9
2022-10-16 13:15:48,366 [Listener at 127.0.0.1/35063] INFO  impl.RoleInfo (RoleInfo.java:shutdownLeaderState(93)) - 9ba096f9-62f1-4ee1-b4ad-8147bf5038d9: shutdown 9ba096f9-62f1-4ee1-b4ad-8147bf5038d9@group-6AFDDC5AF84E-LeaderStateImpl
2022-10-16 13:15:48,366 [ForkJoinPool.commonPool-worker-0] INFO  server.AbstractConnector (AbstractConnector.java:doStop(381)) - Stopped ServerConnector@56ad4787{HTTP/1.1, (http/1.1)}{0.0.0.0:0}
2022-10-16 13:15:48,366 [ForkJoinPool.commonPool-worker-0] INFO  server.session (HouseKeeper.java:stopScavenging(149)) - node0 Stopped scavenging
2022-10-16 13:15:48,367 [ForkJoinPool.commonPool-worker-0] INFO  handler.ContextHandler (ContextHandler.java:doStop(1153)) - Stopped o.e.j.s.ServletContextHandler@56b51c4c{static,/static,jar:file:/home/runner/.m2/repository/org/apache/ozone/hdds-container-service/1.3.0-SNAPSHOT/hdds-container-service-1.3.0-SNAPSHOT.jar!/webapps/static,STOPPED}
2022-10-16 13:15:48,367 [Listener at 127.0.0.1/35063] INFO  impl.PendingRequests (PendingRequests.java:sendNotLeaderResponses(282)) - 9ba096f9-62f1-4ee1-b4ad-8147bf5038d9@group-6AFDDC5AF84E-PendingRequests: sendNotLeaderResponses
2022-10-16 13:15:48,368 [Listener at 127.0.0.1/35063] INFO  impl.StateMachineUpdater (StateMachineUpdater.java:stopAndJoin(153)) - 9ba096f9-62f1-4ee1-b4ad-8147bf5038d9@group-6AFDDC5AF84E-StateMachineUpdater: set stopIndex = 0
2022-10-16 13:15:48,369 [ForkJoinPool.commonPool-worker-0] INFO  handler.ContextHandler (ContextHandler.java:doStop(1153)) - Stopped o.e.j.s.ServletContextHandler@7f8d2586{logs,/logs,file:///home/runner/work/ozone/ozone/hadoop-ozone/integration-test/target/log,STOPPED}
2022-10-16 13:15:48,369 [9ba096f9-62f1-4ee1-b4ad-8147bf5038d9@group-6AFDDC5AF84E-StateMachineUpdater] INFO  ratis.ContainerStateMachine (ContainerStateMachine.java:takeSnapshot(304)) - group-6AFDDC5AF84E: Taking a snapshot at:(t:1, i:0) file /home/runner/work/ozone/ozone/hadoop-ozone/integration-test/target/test-dir/MiniOzoneClusterImpl-cf870487-680b-486b-bad8-7b6ba16bedf6/datanode-3/data/ratis/2dfd4b3c-03a9-4626-b2c9-6afddc5af84e/sm/snapshot.1_0
2022-10-16 13:15:48,371 [9ba096f9-62f1-4ee1-b4ad-8147bf5038d9@group-6AFDDC5AF84E-StateMachineUpdater] INFO  ratis.ContainerStateMachine (ContainerStateMachine.java:takeSnapshot(315)) - group-6AFDDC5AF84E: Finished taking a snapshot at:(t:1, i:0) file:/home/runner/work/ozone/ozone/hadoop-ozone/integration-test/target/test-dir/MiniOzoneClusterImpl-cf870487-680b-486b-bad8-7b6ba16bedf6/datanode-3/data/ratis/2dfd4b3c-03a9-4626-b2c9-6afddc5af84e/sm/snapshot.1_0 took: 2 ms
2022-10-16 13:15:48,371 [9ba096f9-62f1-4ee1-b4ad-8147bf5038d9@group-6AFDDC5AF84E-StateMachineUpdater] INFO  impl.StateMachineUpdater (StateMachineUpdater.java:takeSnapshot(287)) - 9ba096f9-62f1-4ee1-b4ad-8147bf5038d9@group-6AFDDC5AF84E-StateMachineUpdater: Took a snapshot at index 0
2022-10-16 13:15:48,371 [9ba096f9-62f1-4ee1-b4ad-8147bf5038d9@group-6AFDDC5AF84E-StateMachineUpdater] INFO  impl.StateMachineUpdater (StateMachineUpdater.java:lambda$new$0(92)) - 9ba096f9-62f1-4ee1-b4ad-8147bf5038d9@group-6AFDDC5AF84E-StateMachineUpdater: snapshotIndex: updateIncreasingly -1 -> 0
2022-10-16 13:15:48,371 [Listener at 127.0.0.1/35063] INFO  server.RaftServer$Division (ServerState.java:close(429)) - 9ba096f9-62f1-4ee1-b4ad-8147bf5038d9@group-6AFDDC5AF84E: closes. applyIndex: 0
2022-10-16 13:15:48,372 [9ba096f9-62f1-4ee1-b4ad-8147bf5038d9@group-6AFDDC5AF84E-SegmentedRaftLogWorker] INFO  segmented.SegmentedRaftLogWorker (SegmentedRaftLogWorker.java:run(336)) - 9ba096f9-62f1-4ee1-b4ad-8147bf5038d9@group-6AFDDC5AF84E-SegmentedRaftLogWorker was interrupted, exiting. There are 0 tasks remaining in the queue.
2022-10-16 13:15:48,372 [Listener at 127.0.0.1/35063] INFO  segmented.SegmentedRaftLogWorker (SegmentedRaftLogWorker.java:close(246)) - 9ba096f9-62f1-4ee1-b4ad-8147bf5038d9@group-6AFDDC5AF84E-SegmentedRaftLogWorker close()
2022-10-16 13:15:48,372 [Listener at 127.0.0.1/35063] INFO  server.GrpcService (GrpcService.java:closeImpl(269)) - 9ba096f9-62f1-4ee1-b4ad-8147bf5038d9: shutdown server with port 43045 now
2022-10-16 13:15:48,372 [ForkJoinPool.commonPool-worker-0] INFO  ozoneimpl.OzoneContainer (OzoneContainer.java:stop(400)) - Attempting to stop container services.
2022-10-16 13:15:48,373 [ForkJoinPool.commonPool-worker-0] INFO  server.RaftServer (RaftServerProxy.java:lambda$close$7(398)) - ca74570f-d5ef-461c-897e-e6b8abea5b82: close
2022-10-16 13:15:48,373 [Listener at 127.0.0.1/35063] INFO  server.GrpcService (GrpcService.java:closeImpl(278)) - 9ba096f9-62f1-4ee1-b4ad-8147bf5038d9: shutdown server with port 43045 successfully
2022-10-16 13:15:48,373 [org.apache.ratis.util.JvmPauseMonitor$$Lambda$639/339294883@44c63ba8] INFO  util.JvmPauseMonitor (JvmPauseMonitor.java:run(109)) - JvmPauseMonitor-9ba096f9-62f1-4ee1-b4ad-8147bf5038d9: Stopped
2022-10-16 13:15:48,373 [ForkJoinPool.commonPool-worker-0] INFO  server.RaftServer$Division (RaftServerImpl.java:lambda$close$4(434)) - ca74570f-d5ef-461c-897e-e6b8abea5b82@group-CE06A573C497: shutdown
2022-10-16 13:15:48,373 [ForkJoinPool.commonPool-worker-0] INFO  util.JmxRegister (JmxRegister.java:unregister(73)) - Successfully un-registered JMX Bean with object name Ratis:service=RaftServer,group=group-CE06A573C497,id=ca74570f-d5ef-461c-897e-e6b8abea5b82
2022-10-16 13:15:48,376 [ForkJoinPool.commonPool-worker-0] INFO  impl.RoleInfo (RoleInfo.java:shutdownLeaderState(93)) - ca74570f-d5ef-461c-897e-e6b8abea5b82: shutdown ca74570f-d5ef-461c-897e-e6b8abea5b82@group-CE06A573C497-LeaderStateImpl
2022-10-16 13:15:48,376 [ca74570f-d5ef-461c-897e-e6b8abea5b82@group-CE06A573C497->33453323-e81f-447d-802c-765fb1b7f937-GrpcLogAppender-LogAppenderDaemon] WARN  server.GrpcLogAppender (GrpcLogAppender.java:mayWait(171)) - ca74570f-d5ef-461c-897e-e6b8abea5b82@group-CE06A573C497->33453323-e81f-447d-802c-765fb1b7f937-GrpcLogAppender: Wait interrupted by java.lang.InterruptedException
2022-10-16 13:15:48,376 [ca74570f-d5ef-461c-897e-e6b8abea5b82@group-CE06A573C497->d8e7758e-d378-472a-aba8-a4942fe78a6e-GrpcLogAppender-LogAppenderDaemon] WARN  server.GrpcLogAppender (GrpcLogAppender.java:mayWait(171)) - ca74570f-d5ef-461c-897e-e6b8abea5b82@group-CE06A573C497->d8e7758e-d378-472a-aba8-a4942fe78a6e-GrpcLogAppender: Wait interrupted by java.lang.InterruptedException
2022-10-16 13:15:48,376 [ForkJoinPool.commonPool-worker-0] INFO  impl.PendingRequests (PendingRequests.java:sendNotLeaderResponses(282)) - ca74570f-d5ef-461c-897e-e6b8abea5b82@group-CE06A573C497-PendingRequests: sendNotLeaderResponses
2022-10-16 13:15:48,378 [ForkJoinPool.commonPool-worker-0] INFO  impl.StateMachineUpdater (StateMachineUpdater.java:stopAndJoin(153)) - ca74570f-d5ef-461c-897e-e6b8abea5b82@group-CE06A573C497-StateMachineUpdater: set stopIndex = 8
2022-10-16 13:15:48,378 [ca74570f-d5ef-461c-897e-e6b8abea5b82@group-CE06A573C497-StateMachineUpdater] INFO  ratis.ContainerStateMachine (ContainerStateMachine.java:takeSnapshot(304)) - group-CE06A573C497: Taking a snapshot at:(t:1, i:8) file /home/runner/work/ozone/ozone/hadoop-ozone/integration-test/target/test-dir/MiniOzoneClusterImpl-cf870487-680b-486b-bad8-7b6ba16bedf6/datanode-0/data/ratis/f7b24d49-7f30-4658-8814-ce06a573c497/sm/snapshot.1_8
2022-10-16 13:15:48,380 [ca74570f-d5ef-461c-897e-e6b8abea5b82@group-CE06A573C497-StateMachineUpdater] INFO  ratis.ContainerStateMachine (ContainerStateMachine.java:takeSnapshot(315)) - group-CE06A573C497: Finished taking a snapshot at:(t:1, i:8) file:/home/runner/work/ozone/ozone/hadoop-ozone/integration-test/target/test-dir/MiniOzoneClusterImpl-cf870487-680b-486b-bad8-7b6ba16bedf6/datanode-0/data/ratis/f7b24d49-7f30-4658-8814-ce06a573c497/sm/snapshot.1_8 took: 2 ms
2022-10-16 13:15:48,380 [ca74570f-d5ef-461c-897e-e6b8abea5b82@group-CE06A573C497-StateMachineUpdater] INFO  impl.StateMachineUpdater (StateMachineUpdater.java:takeSnapshot(287)) - ca74570f-d5ef-461c-897e-e6b8abea5b82@group-CE06A573C497-StateMachineUpdater: Took a snapshot at index 8
2022-10-16 13:15:48,380 [ca74570f-d5ef-461c-897e-e6b8abea5b82@group-CE06A573C497-StateMachineUpdater] INFO  impl.StateMachineUpdater (StateMachineUpdater.java:lambda$new$0(92)) - ca74570f-d5ef-461c-897e-e6b8abea5b82@group-CE06A573C497-StateMachineUpdater: snapshotIndex: updateIncreasingly -1 -> 8
2022-10-16 13:15:48,380 [ForkJoinPool.commonPool-worker-0] INFO  server.RaftServer$Division (ServerState.java:close(429)) - ca74570f-d5ef-461c-897e-e6b8abea5b82@group-CE06A573C497: closes. applyIndex: 8
2022-10-16 13:15:48,380 [ca74570f-d5ef-461c-897e-e6b8abea5b82@group-CE06A573C497-SegmentedRaftLogWorker] INFO  segmented.SegmentedRaftLogWorker (SegmentedRaftLogWorker.java:run(336)) - ca74570f-d5ef-461c-897e-e6b8abea5b82@group-CE06A573C497-SegmentedRaftLogWorker was interrupted, exiting. There are 0 tasks remaining in the queue.
2022-10-16 13:15:48,381 [ForkJoinPool.commonPool-worker-0] INFO  segmented.SegmentedRaftLogWorker (SegmentedRaftLogWorker.java:close(246)) - ca74570f-d5ef-461c-897e-e6b8abea5b82@group-CE06A573C497-SegmentedRaftLogWorker close()
2022-10-16 13:15:48,381 [ForkJoinPool.commonPool-worker-0] INFO  server.RaftServer$Division (RaftServerImpl.java:lambda$close$4(434)) - ca74570f-d5ef-461c-897e-e6b8abea5b82@group-81C29BB732AF: shutdown
2022-10-16 13:15:48,381 [ForkJoinPool.commonPool-worker-0] INFO  util.JmxRegister (JmxRegister.java:unregister(73)) - Successfully un-registered JMX Bean with object name Ratis:service=RaftServer,group=group-81C29BB732AF,id=ca74570f-d5ef-461c-897e-e6b8abea5b82
2022-10-16 13:15:48,381 [ForkJoinPool.commonPool-worker-0] INFO  impl.RoleInfo (RoleInfo.java:shutdownLeaderState(93)) - ca74570f-d5ef-461c-897e-e6b8abea5b82: shutdown ca74570f-d5ef-461c-897e-e6b8abea5b82@group-81C29BB732AF-LeaderStateImpl
2022-10-16 13:15:48,381 [ForkJoinPool.commonPool-worker-0] INFO  impl.PendingRequests (PendingRequests.java:sendNotLeaderResponses(282)) - ca74570f-d5ef-461c-897e-e6b8abea5b82@group-81C29BB732AF-PendingRequests: sendNotLeaderResponses
2022-10-16 13:15:48,382 [ForkJoinPool.commonPool-worker-0] INFO  impl.StateMachineUpdater (StateMachineUpdater.java:stopAndJoin(153)) - ca74570f-d5ef-461c-897e-e6b8abea5b82@group-81C29BB732AF-StateMachineUpdater: set stopIndex = 0
2022-10-16 13:15:48,382 [ca74570f-d5ef-461c-897e-e6b8abea5b82@group-81C29BB732AF-StateMachineUpdater] INFO  ratis.ContainerStateMachine (ContainerStateMachine.java:takeSnapshot(304)) - group-81C29BB732AF: Taking a snapshot at:(t:1, i:0) file /home/runner/work/ozone/ozone/hadoop-ozone/integration-test/target/test-dir/MiniOzoneClusterImpl-cf870487-680b-486b-bad8-7b6ba16bedf6/datanode-0/data/ratis/1680fb3d-37c9-401f-8dec-81c29bb732af/sm/snapshot.1_0
2022-10-16 13:15:48,383 [ca74570f-d5ef-461c-897e-e6b8abea5b82@group-81C29BB732AF-StateMachineUpdater] INFO  ratis.ContainerStateMachine (ContainerStateMachine.java:takeSnapshot(315)) - group-81C29BB732AF: Finished taking a snapshot at:(t:1, i:0) file:/home/runner/work/ozone/ozone/hadoop-ozone/integration-test/target/test-dir/MiniOzoneClusterImpl-cf870487-680b-486b-bad8-7b6ba16bedf6/datanode-0/data/ratis/1680fb3d-37c9-401f-8dec-81c29bb732af/sm/snapshot.1_0 took: 1 ms
2022-10-16 13:15:48,383 [ca74570f-d5ef-461c-897e-e6b8abea5b82@group-81C29BB732AF-StateMachineUpdater] INFO  impl.StateMachineUpdater (StateMachineUpdater.java:takeSnapshot(287)) - ca74570f-d5ef-461c-897e-e6b8abea5b82@group-81C29BB732AF-StateMachineUpdater: Took a snapshot at index 0
2022-10-16 13:15:48,383 [ca74570f-d5ef-461c-897e-e6b8abea5b82@group-81C29BB732AF-StateMachineUpdater] INFO  impl.StateMachineUpdater (StateMachineUpdater.java:lambda$new$0(92)) - ca74570f-d5ef-461c-897e-e6b8abea5b82@group-81C29BB732AF-StateMachineUpdater: snapshotIndex: updateIncreasingly -1 -> 0
2022-10-16 13:15:48,383 [ForkJoinPool.commonPool-worker-0] INFO  server.RaftServer$Division (ServerState.java:close(429)) - ca74570f-d5ef-461c-897e-e6b8abea5b82@group-81C29BB732AF: closes. applyIndex: 0
2022-10-16 13:15:48,383 [ca74570f-d5ef-461c-897e-e6b8abea5b82@group-81C29BB732AF-SegmentedRaftLogWorker] INFO  segmented.SegmentedRaftLogWorker (SegmentedRaftLogWorker.java:run(336)) - ca74570f-d5ef-461c-897e-e6b8abea5b82@group-81C29BB732AF-SegmentedRaftLogWorker was interrupted, exiting. There are 0 tasks remaining in the queue.
2022-10-16 13:15:48,383 [ForkJoinPool.commonPool-worker-0] INFO  segmented.SegmentedRaftLogWorker (SegmentedRaftLogWorker.java:close(246)) - ca74570f-d5ef-461c-897e-e6b8abea5b82@group-81C29BB732AF-SegmentedRaftLogWorker close()
2022-10-16 13:15:48,383 [ForkJoinPool.commonPool-worker-0] INFO  server.GrpcService (GrpcService.java:closeImpl(269)) - ca74570f-d5ef-461c-897e-e6b8abea5b82: shutdown server with port 38749 now
2022-10-16 13:15:48,385 [grpc-default-executor-0] WARN  server.GrpcClientProtocolService (LogUtils.java:warn(122)) - 1-UnorderedRequestStreamObserver1: onError: org.apache.ratis.thirdparty.io.grpc.StatusRuntimeException: CANCELLED: client cancelled
2022-10-16 13:15:48,387 [ForkJoinPool.commonPool-worker-0] INFO  server.GrpcService (GrpcService.java:closeImpl(278)) - ca74570f-d5ef-461c-897e-e6b8abea5b82: shutdown server with port 38749 successfully
2022-10-16 13:15:48,388 [org.apache.ratis.util.JvmPauseMonitor$$Lambda$639/339294883@60eb6ba3] INFO  util.JvmPauseMonitor (JvmPauseMonitor.java:run(109)) - JvmPauseMonitor-ca74570f-d5ef-461c-897e-e6b8abea5b82: Stopped
2022-10-16 13:15:48,541 [ReplicationMonitor] INFO  replication.ReplicationManager (ReplicationManager.java:processAll(324)) - Replication Monitor Thread took 1 milliseconds for processing 1 containers.
2022-10-16 13:15:49,099 [ReplicationMonitor] INFO  replication.ReplicationManager (ReplicationManager.java:processAll(324)) - Replication Monitor Thread took 0 milliseconds for processing 7 containers.
2022-10-16 13:15:49,188 [EventQueue-StaleNodeForStaleNodeHandler] INFO  node.StaleNodeHandler (StaleNodeHandler.java:onMessage(59)) - Datanode 3ba9e91d-c91b-441f-af9f-489ed1e42370{ip: 10.1.0.60, host: fv-az308-250.etcbaq1qs54eplwmrjlabigyle.cx.internal.cloudapp.net, ports: [REPLICATION=34715, RATIS=43745, RATIS_ADMIN=43745, RATIS_SERVER=43745, STANDALONE=34891], networkLocation: /default-rack, certSerialId: null, persistedOpState: IN_SERVICE, persistedOpStateExpiryEpochSec: 0} moved to stale state. Finalizing its pipelines [PipelineID=5b468e56-e8d3-4770-b424-232563638670]
2022-10-16 13:15:49,188 [EventQueue-StaleNodeForStaleNodeHandler] INFO  pipeline.PipelineManagerImpl (PipelineManagerImpl.java:closePipeline(442)) - Pipeline Pipeline[ Id: 5b468e56-e8d3-4770-b424-232563638670, Nodes: 3ba9e91d-c91b-441f-af9f-489ed1e42370{ip: 10.1.0.60, host: fv-az308-250.etcbaq1qs54eplwmrjlabigyle.cx.internal.cloudapp.net, ports: [REPLICATION=34715, RATIS=43745, RATIS_ADMIN=43745, RATIS_SERVER=43745, STANDALONE=34891], networkLocation: /default-rack, certSerialId: null, persistedOpState: IN_SERVICE, persistedOpStateExpiryEpochSec: 0}, ReplicationConfig: RATIS/ONE, State:OPEN, leaderId:3ba9e91d-c91b-441f-af9f-489ed1e42370, CreationTimestamp2022-10-16T13:15:34.998Z[Etc/UTC]] moved to CLOSED state
2022-10-16 13:15:49,189 [EventQueue-StaleNodeForStaleNodeHandler] INFO  node.StaleNodeHandler (StaleNodeHandler.java:onMessage(59)) - Datanode d8e7758e-d378-472a-aba8-a4942fe78a6e{ip: 10.1.0.60, host: fv-az308-250.etcbaq1qs54eplwmrjlabigyle.cx.internal.cloudapp.net, ports: [REPLICATION=33613, RATIS=41375, RATIS_ADMIN=41375, RATIS_SERVER=41375, STANDALONE=37941], networkLocation: /default-rack, certSerialId: null, persistedOpState: IN_SERVICE, persistedOpStateExpiryEpochSec: 0} moved to stale state. Finalizing its pipelines [PipelineID=f7b24d49-7f30-4658-8814-ce06a573c497, PipelineID=f0247269-f436-4c4d-b6c7-b5a5f55713f9]
2022-10-16 13:15:49,189 [EventQueue-StaleNodeForStaleNodeHandler] INFO  pipeline.PipelineManagerImpl (PipelineManagerImpl.java:closePipeline(442)) - Pipeline Pipeline[ Id: f0247269-f436-4c4d-b6c7-b5a5f55713f9, Nodes: d8e7758e-d378-472a-aba8-a4942fe78a6e{ip: 10.1.0.60, host: fv-az308-250.etcbaq1qs54eplwmrjlabigyle.cx.internal.cloudapp.net, ports: [REPLICATION=33613, RATIS=41375, RATIS_ADMIN=41375, RATIS_SERVER=41375, STANDALONE=37941], networkLocation: /default-rack, certSerialId: null, persistedOpState: IN_SERVICE, persistedOpStateExpiryEpochSec: 0}, ReplicationConfig: RATIS/ONE, State:OPEN, leaderId:d8e7758e-d378-472a-aba8-a4942fe78a6e, CreationTimestamp2022-10-16T13:15:34.120Z[Etc/UTC]] moved to CLOSED state
2022-10-16 13:15:49,541 [ReplicationMonitor] INFO  replication.ReplicationManager (ReplicationManager.java:processAll(324)) - Replication Monitor Thread took 0 milliseconds for processing 1 containers.
2022-10-16 13:15:50,099 [ReplicationMonitor] INFO  replication.ReplicationManager (ReplicationManager.java:processAll(324)) - Replication Monitor Thread took 0 milliseconds for processing 7 containers.
2022-10-16 13:15:50,190 [EventQueue-DeadNodeForDeadNodeHandler] INFO  node.DeadNodeHandler (DeadNodeHandler.java:onMessage(81)) - A dead datanode is detected. 33453323-e81f-447d-802c-765fb1b7f937{ip: 10.1.0.60, host: fv-az308-250.etcbaq1qs54eplwmrjlabigyle.cx.internal.cloudapp.net, ports: [REPLICATION=40877, RATIS=43237, RATIS_ADMIN=43237, RATIS_SERVER=43237, STANDALONE=39345], networkLocation: /default-rack, certSerialId: null, persistedOpState: IN_SERVICE, persistedOpStateExpiryEpochSec: 0}
2022-10-16 13:15:50,190 [EventQueue-DeadNodeForDeadNodeHandler] INFO  pipeline.RatisPipelineProvider (RatisPipelineProvider.java:lambda$close$1(244)) - Send pipeline:PipelineID=1f2f45d7-95e1-4383-82cf-e0d59647dc56 close command to datanode 33453323-e81f-447d-802c-765fb1b7f937
2022-10-16 13:15:50,191 [EventQueue-DeadNodeForDeadNodeHandler] INFO  pipeline.PipelineStateManagerImpl (PipelineStateManagerImpl.java:removePipeline(245)) - Pipeline Pipeline[ Id: 1f2f45d7-95e1-4383-82cf-e0d59647dc56, Nodes: 33453323-e81f-447d-802c-765fb1b7f937{ip: 10.1.0.60, host: fv-az308-250.etcbaq1qs54eplwmrjlabigyle.cx.internal.cloudapp.net, ports: [REPLICATION=40877, RATIS=43237, RATIS_ADMIN=43237, RATIS_SERVER=43237, STANDALONE=39345], networkLocation: /default-rack, certSerialId: null, persistedOpState: IN_SERVICE, persistedOpStateExpiryEpochSec: 0}, ReplicationConfig: RATIS/ONE, State:CLOSED, leaderId:33453323-e81f-447d-802c-765fb1b7f937, CreationTimestamp2022-10-16T13:15:34.413Z[Etc/UTC]] removed.
2022-10-16 13:15:50,192 [EventQueue-DeadNodeForDeadNodeHandler] INFO  pipeline.RatisPipelineProvider (RatisPipelineProvider.java:lambda$close$1(244)) - Send pipeline:PipelineID=f7b24d49-7f30-4658-8814-ce06a573c497 close command to datanode 33453323-e81f-447d-802c-765fb1b7f937
2022-10-16 13:15:50,192 [EventQueue-DeadNodeForDeadNodeHandler] INFO  pipeline.RatisPipelineProvider (RatisPipelineProvider.java:lambda$close$1(244)) - Send pipeline:PipelineID=f7b24d49-7f30-4658-8814-ce06a573c497 close command to datanode ca74570f-d5ef-461c-897e-e6b8abea5b82
2022-10-16 13:15:50,192 [EventQueue-DeadNodeForDeadNodeHandler] INFO  pipeline.RatisPipelineProvider (RatisPipelineProvider.java:lambda$close$1(244)) - Send pipeline:PipelineID=f7b24d49-7f30-4658-8814-ce06a573c497 close command to datanode d8e7758e-d378-472a-aba8-a4942fe78a6e
2022-10-16 13:15:50,192 [EventQueue-DeadNodeForDeadNodeHandler] INFO  pipeline.PipelineStateManagerImpl (PipelineStateManagerImpl.java:removePipeline(245)) - Pipeline Pipeline[ Id: f7b24d49-7f30-4658-8814-ce06a573c497, Nodes: 33453323-e81f-447d-802c-765fb1b7f937{ip: 10.1.0.60, host: fv-az308-250.etcbaq1qs54eplwmrjlabigyle.cx.internal.cloudapp.net, ports: [REPLICATION=40877, RATIS=43237, RATIS_ADMIN=43237, RATIS_SERVER=43237, STANDALONE=39345], networkLocation: /default-rack, certSerialId: null, persistedOpState: IN_SERVICE, persistedOpStateExpiryEpochSec: 0}ca74570f-d5ef-461c-897e-e6b8abea5b82{ip: 10.1.0.60, host: fv-az308-250.etcbaq1qs54eplwmrjlabigyle.cx.internal.cloudapp.net, ports: [REPLICATION=44869, RATIS=38749, RATIS_ADMIN=38749, RATIS_SERVER=38749, STANDALONE=42523], networkLocation: /default-rack, certSerialId: null, persistedOpState: IN_SERVICE, persistedOpStateExpiryEpochSec: 0}d8e7758e-d378-472a-aba8-a4942fe78a6e{ip: 10.1.0.60, host: fv-az308-250.etcbaq1qs54eplwmrjlabigyle.cx.internal.cloudapp.net, ports: [REPLICATION=33613, RATIS=41375, RATIS_ADMIN=41375, RATIS_SERVER=41375, STANDALONE=37941], networkLocation: /default-rack, certSerialId: null, persistedOpState: IN_SERVICE, persistedOpStateExpiryEpochSec: 0}, ReplicationConfig: RATIS/THREE, State:CLOSED, leaderId:ca74570f-d5ef-461c-897e-e6b8abea5b82, CreationTimestamp2022-10-16T13:15:34.414Z[Etc/UTC]] removed.
2022-10-16 13:15:50,192 [EventQueue-DeadNodeForDeadNodeHandler] INFO  net.NetworkTopologyImpl (NetworkTopologyImpl.java:remove(190)) - Removed a node: /default-rack/33453323-e81f-447d-802c-765fb1b7f937
2022-10-16 13:15:50,379 [Listener at 127.0.0.1/35063] INFO  utils.BackgroundService (BackgroundService.java:shutdown(141)) - Shutting down service BlockDeletingService
2022-10-16 13:15:50,379 [Listener at 127.0.0.1/35063] INFO  utils.BackgroundService (BackgroundService.java:shutdown(141)) - Shutting down service StaleRecoveringContainerScrubbingService
2022-10-16 13:15:50,381 [Listener at 127.0.0.1/35063] INFO  statemachine.DatanodeStateMachine (DatanodeStateMachine.java:stopDaemon(580)) - Ozone container server stopped.
2022-10-16 13:15:50,389 [Listener at 127.0.0.1/35063] INFO  handler.ContextHandler (ContextHandler.java:doStop(1153)) - Stopped o.e.j.w.WebAppContext@2c6a39de{hddsDatanode,/,null,STOPPED}{jar:file:/home/runner/.m2/repository/org/apache/ozone/hdds-container-service/1.3.0-SNAPSHOT/hdds-container-service-1.3.0-SNAPSHOT.jar!/webapps/hddsDatanode}
2022-10-16 13:15:50,389 [Listener at 127.0.0.1/35063] INFO  server.AbstractConnector (AbstractConnector.java:doStop(381)) - Stopped ServerConnector@22bfcfcb{HTTP/1.1, (http/1.1)}{0.0.0.0:0}
2022-10-16 13:15:50,390 [Listener at 127.0.0.1/35063] INFO  server.session (HouseKeeper.java:stopScavenging(149)) - node0 Stopped scavenging
2022-10-16 13:15:50,390 [Listener at 127.0.0.1/35063] INFO  handler.ContextHandler (ContextHandler.java:doStop(1153)) - Stopped o.e.j.s.ServletContextHandler@13fe6553{static,/static,jar:file:/home/runner/.m2/repository/org/apache/ozone/hdds-container-service/1.3.0-SNAPSHOT/hdds-container-service-1.3.0-SNAPSHOT.jar!/webapps/static,STOPPED}
2022-10-16 13:15:50,390 [Listener at 127.0.0.1/35063] INFO  handler.ContextHandler (ContextHandler.java:doStop(1153)) - Stopped o.e.j.s.ServletContextHandler@513319c4{logs,/logs,file:///home/runner/work/ozone/ozone/hadoop-ozone/integration-test/target/log,STOPPED}
2022-10-16 13:15:50,394 [ForkJoinPool.commonPool-worker-0] INFO  utils.BackgroundService (BackgroundService.java:shutdown(141)) - Shutting down service BlockDeletingService
2022-10-16 13:15:50,395 [ForkJoinPool.commonPool-worker-0] INFO  utils.BackgroundService (BackgroundService.java:shutdown(141)) - Shutting down service StaleRecoveringContainerScrubbingService
2022-10-16 13:15:50,398 [ForkJoinPool.commonPool-worker-0] INFO  statemachine.DatanodeStateMachine (DatanodeStateMachine.java:stopDaemon(580)) - Ozone container server stopped.
2022-10-16 13:15:50,406 [ForkJoinPool.commonPool-worker-0] INFO  handler.ContextHandler (ContextHandler.java:doStop(1153)) - Stopped o.e.j.w.WebAppContext@1cf5822e{hddsDatanode,/,null,STOPPED}{jar:file:/home/runner/.m2/repository/org/apache/ozone/hdds-container-service/1.3.0-SNAPSHOT/hdds-container-service-1.3.0-SNAPSHOT.jar!/webapps/hddsDatanode}
2022-10-16 13:15:50,406 [ForkJoinPool.commonPool-worker-0] INFO  server.AbstractConnector (AbstractConnector.java:doStop(381)) - Stopped ServerConnector@64695a74{HTTP/1.1, (http/1.1)}{0.0.0.0:0}
2022-10-16 13:15:50,406 [ForkJoinPool.commonPool-worker-0] INFO  server.session (HouseKeeper.java:stopScavenging(149)) - node0 Stopped scavenging
2022-10-16 13:15:50,407 [ForkJoinPool.commonPool-worker-0] INFO  handler.ContextHandler (ContextHandler.java:doStop(1153)) - Stopped o.e.j.s.ServletContextHandler@6145866f{static,/static,jar:file:/home/runner/.m2/repository/org/apache/ozone/hdds-container-service/1.3.0-SNAPSHOT/hdds-container-service-1.3.0-SNAPSHOT.jar!/webapps/static,STOPPED}
2022-10-16 13:15:50,407 [ForkJoinPool.commonPool-worker-0] INFO  handler.ContextHandler (ContextHandler.java:doStop(1153)) - Stopped o.e.j.s.ServletContextHandler@61a0ea7b{logs,/logs,file:///home/runner/work/ozone/ozone/hadoop-ozone/integration-test/target/log,STOPPED}
2022-10-16 13:15:50,409 [Listener at 127.0.0.1/35063] INFO  ozone.MiniOzoneClusterImpl (MiniOzoneClusterImpl.java:stopSCM(537)) - Stopping the StorageContainerManager
2022-10-16 13:15:50,409 [Listener at 127.0.0.1/35063] INFO  server.StorageContainerManager (StorageContainerManager.java:stop(1528)) - Container Balancer is not running.
2022-10-16 13:15:50,409 [Listener at 127.0.0.1/35063] INFO  server.StorageContainerManager (StorageContainerManager.java:stop(1535)) - Stopping Replication Manager Service.
2022-10-16 13:15:50,409 [Listener at 127.0.0.1/35063] INFO  replication.ReplicationManager (ReplicationManager.java:stop(257)) - Stopping Replication Monitor Thread.
2022-10-16 13:15:50,409 [Under Replicated Processor] WARN  replication.UnderReplicatedProcessor (UnderReplicatedProcessor.java:run(148)) - Under Replicated Processor interrupted. Exiting...
2022-10-16 13:15:50,409 [Listener at 127.0.0.1/35063] INFO  server.StorageContainerManager (StorageContainerManager.java:stop(1542)) - Stopping the Datanode Admin Monitor.
2022-10-16 13:15:50,409 [Listener at 127.0.0.1/35063] INFO  server.StorageContainerManager (StorageContainerManager.java:stop(1549)) - Stopping Lease Manager of the command watchers
2022-10-16 13:15:50,409 [ReplicationMonitor] INFO  replication.ReplicationManager (ReplicationManager.java:run(509)) - Replication Monitor Thread is stopped
2022-10-16 13:15:50,409 [Listener at 127.0.0.1/35063] INFO  server.StorageContainerManager (StorageContainerManager.java:stop(1556)) - Stopping datanode service RPC server
2022-10-16 13:15:50,409 [Listener at 127.0.0.1/35063] INFO  server.SCMDatanodeProtocolServer (SCMDatanodeProtocolServer.java:stop(414)) - Stopping the RPC server for DataNodes
2022-10-16 13:15:50,409 [Over Replicated Processor] WARN  replication.OverReplicatedProcessor (OverReplicatedProcessor.java:run(137)) - Over Replicated Processor interrupted. Exiting...
2022-10-16 13:15:50,409 [Listener at 127.0.0.1/35063] INFO  ipc.Server (Server.java:stop(3428)) - Stopping server on 34355
2022-10-16 13:15:50,410 [IPC Server listener on 0] INFO  ipc.Server (Server.java:run(1384)) - Stopping IPC Server listener on 0
2022-10-16 13:15:50,413 [IPC Server Responder] INFO  ipc.Server (Server.java:run(1517)) - Stopping IPC Server Responder
2022-10-16 13:15:50,490 [SCM Heartbeat Processing Thread - 0] WARN  node.NodeStateManager (NodeStateManager.java:scheduleNextHealthCheck(870)) - Current Thread is interrupted, shutting down HB processing thread for Node Manager.
2022-10-16 13:15:50,490 [Listener at 127.0.0.1/35063] INFO  server.StorageContainerManager (StorageContainerManager.java:stop(1564)) - Stopping block service RPC server
2022-10-16 13:15:50,491 [Listener at 127.0.0.1/35063] INFO  server.SCMBlockProtocolServer (SCMBlockProtocolServer.java:stop(161)) - Stopping the RPC server for Block Protocol
2022-10-16 13:15:50,491 [Listener at 127.0.0.1/35063] INFO  ipc.Server (Server.java:stop(3428)) - Stopping server on 43847
2022-10-16 13:15:50,491 [IPC Server listener on 0] INFO  ipc.Server (Server.java:run(1384)) - Stopping IPC Server listener on 0
2022-10-16 13:15:50,493 [IPC Server Responder] INFO  ipc.Server (Server.java:run(1517)) - Stopping IPC Server Responder
2022-10-16 13:15:50,493 [Listener at 127.0.0.1/35063] INFO  server.StorageContainerManager (StorageContainerManager.java:stop(1571)) - Stopping the StorageContainerLocationProtocol RPC server
2022-10-16 13:15:50,493 [Listener at 127.0.0.1/35063] INFO  server.SCMClientProtocolServer (SCMClientProtocolServer.java:stop(179)) - Stopping the RPC server for Client Protocol
2022-10-16 13:15:50,493 [Listener at 127.0.0.1/35063] INFO  ipc.Server (Server.java:stop(3428)) - Stopping server on 43713
2022-10-16 13:15:50,496 [IPC Server listener on 0] INFO  ipc.Server (Server.java:run(1384)) - Stopping IPC Server listener on 0
2022-10-16 13:15:50,497 [IPC Server Responder] INFO  ipc.Server (Server.java:run(1517)) - Stopping IPC Server Responder
2022-10-16 13:15:50,497 [Listener at 127.0.0.1/35063] INFO  server.StorageContainerManager (StorageContainerManager.java:stop(1578)) - Stopping Storage Container Manager HTTP server.
2022-10-16 13:15:50,497 [Listener at 127.0.0.1/35063] INFO  handler.ContextHandler (ContextHandler.java:doStop(1153)) - Stopped o.e.j.w.WebAppContext@7d4a28b1{scm,/,null,STOPPED}{file:/home/runner/work/ozone/ozone/hadoop-ozone/integration-test/target/test-classes/webapps/scm}
2022-10-16 13:15:50,498 [Listener at 127.0.0.1/35063] INFO  server.AbstractConnector (AbstractConnector.java:doStop(381)) - Stopped ServerConnector@28bebe31{HTTP/1.1, (http/1.1)}{0.0.0.0:0}
2022-10-16 13:15:50,498 [Listener at 127.0.0.1/35063] INFO  server.session (HouseKeeper.java:stopScavenging(149)) - node0 Stopped scavenging
2022-10-16 13:15:50,499 [Listener at 127.0.0.1/35063] INFO  handler.ContextHandler (ContextHandler.java:doStop(1153)) - Stopped o.e.j.s.ServletContextHandler@31fee8b8{static,/static,file:///home/runner/work/ozone/ozone/hadoop-ozone/integration-test/target/test-classes/webapps/static,STOPPED}
2022-10-16 13:15:50,499 [Listener at 127.0.0.1/35063] INFO  handler.ContextHandler (ContextHandler.java:doStop(1153)) - Stopped o.e.j.s.ServletContextHandler@55c9b1c9{logs,/logs,file:///home/runner/work/ozone/ozone/hadoop-ozone/integration-test/target/log,STOPPED}
2022-10-16 13:15:50,500 [Listener at 127.0.0.1/35063] INFO  server.StorageContainerManager (StorageContainerManager.java:stop(1584)) - Stopping SCM LayoutVersionManager Service.
2022-10-16 13:15:50,500 [Listener at 127.0.0.1/35063] INFO  server.StorageContainerManager (StorageContainerManager.java:stop(1592)) - Stopping Block Manager Service.
2022-10-16 13:15:50,500 [Listener at 127.0.0.1/35063] INFO  utils.BackgroundService (BackgroundService.java:shutdown(141)) - Shutting down service SCMBlockDeletingService
2022-10-16 13:15:50,500 [Listener at 127.0.0.1/35063] INFO  utils.BackgroundService (BackgroundService.java:shutdown(141)) - Shutting down service SCMBlockDeletingService
2022-10-16 13:15:50,500 [Listener at 127.0.0.1/35063] INFO  server.StorageContainerManager (StorageContainerManager.java:stop(1619)) - Stopping SCM Event Queue.
2022-10-16 13:15:50,501 [Listener at 127.0.0.1/35063] INFO  server.StorageContainerManager (StorageContainerManager.java:stop(1630)) - Stopping SCM HA services.
2022-10-16 13:15:50,502 [Listener at 127.0.0.1/35063] INFO  pipeline.BackgroundPipelineCreator (BackgroundPipelineCreator.java:stop(149)) - Stopping RatisPipelineUtilsThread.
2022-10-16 13:15:50,503 [RatisPipelineUtilsThread - 0] WARN  pipeline.BackgroundPipelineCreator (BackgroundPipelineCreator.java:run(180)) - RatisPipelineUtilsThread is interrupted.
2022-10-16 13:15:50,503 [Listener at 127.0.0.1/35063] INFO  BackgroundPipelineScrubber (BackgroundSCMService.java:stop(131)) - Stopping BackgroundPipelineScrubber Service.
2022-10-16 13:15:50,503 [BackgroundPipelineScrubberThread] WARN  BackgroundPipelineScrubber (BackgroundSCMService.java:run(115)) - BackgroundPipelineScrubber is interrupted, exit
2022-10-16 13:15:50,504 [Listener at 127.0.0.1/35063] INFO  impl.MetricsSystemImpl (MetricsSystemImpl.java:stop(210)) - Stopping HddsDatanode metrics system...
2022-10-16 13:15:50,511 [prometheus] INFO  impl.MetricsSinkAdapter (MetricsSinkAdapter.java:publishMetricsFromQueue(141)) - prometheus thread interrupted.
2022-10-16 13:15:50,511 [Listener at 127.0.0.1/35063] INFO  impl.MetricsSystemImpl (MetricsSystemImpl.java:stop(216)) - HddsDatanode metrics system stopped.
2022-10-16 13:15:50,512 [Listener at 127.0.0.1/35063] WARN  pipeline.BackgroundPipelineCreator (BackgroundPipelineCreator.java:stop(145)) - RatisPipelineUtilsThread is not running, just ignore.
2022-10-16 13:15:50,512 [Listener at 127.0.0.1/35063] INFO  BackgroundPipelineScrubber (BackgroundSCMService.java:stop(126)) - BackgroundPipelineScrubber Service is not running, skip stop.
2022-10-16 13:15:50,512 [ExpiredContainerReplicaOpScrubberThread] WARN  ExpiredContainerReplicaOpScrubber (BackgroundSCMService.java:run(115)) - ExpiredContainerReplicaOpScrubber is interrupted, exit
2022-10-16 13:15:50,512 [Listener at 127.0.0.1/35063] INFO  ExpiredContainerReplicaOpScrubber (BackgroundSCMService.java:stop(131)) - Stopping ExpiredContainerReplicaOpScrubber Service.
2022-10-16 13:15:50,512 [Listener at 127.0.0.1/35063] INFO  utils.BackgroundService (BackgroundService.java:shutdown(141)) - Shutting down service SCMBlockDeletingService
2022-10-16 13:15:50,512 [Listener at 127.0.0.1/35063] INFO  replication.ReplicationManager (ReplicationManager.java:stop(265)) - Replication Monitor Thread is not running.
2022-10-16 13:15:50,512 [Listener at 127.0.0.1/35063] WARN  balancer.ContainerBalancer (ContainerBalancer.java:stop(1096)) - Cannot stop Container Balancer because it's not running
2022-10-16 13:15:50,512 [Listener at 127.0.0.1/35063] INFO  server.StorageContainerManager (StorageContainerManager.java:stop(1648)) - Stopping SCM MetadataStore.
]]></system-out>
    <system-err><![CDATA[Oct 16, 2022 1:15:36 PM org.apache.ratis.thirdparty.io.grpc.internal.ManagedChannelOrphanWrapper$ManagedChannelReference cleanQueue
SEVERE: *~*~*~ Channel ManagedChannelImpl{logId=234, target=10.1.0.60:43787} was not shutdown properly!!! ~*~*~*
    Make sure to call shutdown()/shutdownNow() and wait until awaitTermination() returns true.
java.lang.RuntimeException: ManagedChannel allocation site
	at org.apache.ratis.thirdparty.io.grpc.internal.ManagedChannelOrphanWrapper$ManagedChannelReference.<init>(ManagedChannelOrphanWrapper.java:93)
	at org.apache.ratis.thirdparty.io.grpc.internal.ManagedChannelOrphanWrapper.<init>(ManagedChannelOrphanWrapper.java:53)
	at org.apache.ratis.thirdparty.io.grpc.internal.ManagedChannelOrphanWrapper.<init>(ManagedChannelOrphanWrapper.java:44)
	at org.apache.ratis.thirdparty.io.grpc.internal.ManagedChannelImplBuilder.build(ManagedChannelImplBuilder.java:630)
	at org.apache.ratis.thirdparty.io.grpc.internal.AbstractManagedChannelImplBuilder.build(AbstractManagedChannelImplBuilder.java:297)
	at org.apache.hadoop.hdds.scm.XceiverClientGrpc.connectToDatanode(XceiverClientGrpc.java:205)
	at org.apache.hadoop.hdds.scm.XceiverClientGrpc.connect(XceiverClientGrpc.java:158)
	at org.apache.hadoop.hdds.scm.XceiverClientManager$2.call(XceiverClientManager.java:243)
	at org.apache.hadoop.hdds.scm.XceiverClientManager$2.call(XceiverClientManager.java:224)
	at com.google.common.cache.LocalCache$LocalManualCache$1.load(LocalCache.java:4868)
	at com.google.common.cache.LocalCache$LoadingValueReference.loadFuture(LocalCache.java:3533)
	at com.google.common.cache.LocalCache$Segment.loadSync(LocalCache.java:2282)
	at com.google.common.cache.LocalCache$Segment.lockedGetOrLoad(LocalCache.java:2159)
	at com.google.common.cache.LocalCache$Segment.get(LocalCache.java:2049)
	at com.google.common.cache.LocalCache.get(LocalCache.java:3966)
	at com.google.common.cache.LocalCache$LocalManualCache.get(LocalCache.java:4863)
	at org.apache.hadoop.hdds.scm.XceiverClientManager.getClient(XceiverClientManager.java:224)
	at org.apache.hadoop.hdds.scm.XceiverClientManager.acquireClient(XceiverClientManager.java:168)
	at org.apache.hadoop.hdds.scm.XceiverClientManager.acquireClientForReadData(XceiverClientManager.java:157)
	at org.apache.hadoop.hdds.scm.storage.BlockInputStream.acquireClient(BlockInputStream.java:256)
	at org.apache.hadoop.hdds.scm.storage.BlockInputStream.getChunkInfos(BlockInputStream.java:223)
	at org.apache.hadoop.hdds.scm.storage.BlockInputStream.initialize(BlockInputStream.java:146)
	at org.apache.hadoop.hdds.scm.storage.BlockInputStream.readWithStrategy(BlockInputStream.java:283)
	at org.apache.hadoop.hdds.scm.storage.ExtendedInputStream.read(ExtendedInputStream.java:64)
	at org.apache.hadoop.hdds.scm.storage.ByteBufferReader.readFromBlock(ByteBufferReader.java:56)
	at org.apache.hadoop.ozone.client.io.ECBlockInputStream.readFromStream(ECBlockInputStream.java:365)
	at org.apache.hadoop.ozone.client.io.ECBlockInputStream.readWithStrategy(ECBlockInputStream.java:300)
	at org.apache.hadoop.hdds.scm.storage.ExtendedInputStream.read(ExtendedInputStream.java:64)
	at org.apache.hadoop.ozone.client.io.ECBlockInputStreamProxy.read(ECBlockInputStreamProxy.java:158)
	at org.apache.hadoop.ozone.client.io.ECBlockInputStreamProxy.read(ECBlockInputStreamProxy.java:143)
	at org.apache.hadoop.hdds.scm.storage.ByteArrayReader.readFromBlock(ByteArrayReader.java:57)
	at org.apache.hadoop.ozone.client.io.KeyInputStream.readWithStrategy(KeyInputStream.java:273)
	at org.apache.hadoop.ozone.client.io.KeyInputStream.read(KeyInputStream.java:240)
	at org.apache.hadoop.ozone.client.rpc.read.TestKeyInputStream.validate(TestKeyInputStream.java:133)
	at org.apache.hadoop.ozone.client.rpc.read.TestKeyInputStream.testECSeek(TestKeyInputStream.java:242)
	at org.apache.hadoop.ozone.client.rpc.read.TestKeyInputStream.testNonReplicationReads(TestKeyInputStream.java:150)
	at sun.reflect.NativeMethodAccessorImpl.invoke0(Native Method)
	at sun.reflect.NativeMethodAccessorImpl.invoke(NativeMethodAccessorImpl.java:62)
	at sun.reflect.DelegatingMethodAccessorImpl.invoke(DelegatingMethodAccessorImpl.java:43)
	at java.lang.reflect.Method.invoke(Method.java:498)
	at org.junit.runners.model.FrameworkMethod$1.runReflectiveCall(FrameworkMethod.java:59)
	at org.junit.internal.runners.model.ReflectiveCallable.run(ReflectiveCallable.java:12)
	at org.junit.runners.model.FrameworkMethod.invokeExplosively(FrameworkMethod.java:56)
	at org.junit.internal.runners.statements.InvokeMethod.evaluate(InvokeMethod.java:17)
	at org.junit.internal.runners.statements.RunBefores.evaluate(RunBefores.java:26)
	at org.junit.internal.runners.statements.RunAfters.evaluate(RunAfters.java:27)
	at org.junit.internal.runners.statements.FailOnTimeout$CallableStatement.call(FailOnTimeout.java:288)
	at org.junit.internal.runners.statements.FailOnTimeout$CallableStatement.call(FailOnTimeout.java:282)
	at java.util.concurrent.FutureTask.run(FutureTask.java:266)
	at java.lang.Thread.run(Thread.java:750)

Oct 16, 2022 1:15:36 PM org.apache.ratis.thirdparty.io.grpc.internal.ManagedChannelOrphanWrapper$ManagedChannelReference cleanQueue
SEVERE: *~*~*~ Channel ManagedChannelImpl{logId=106, target=10.1.0.60:41075} was not shutdown properly!!! ~*~*~*
    Make sure to call shutdown()/shutdownNow() and wait until awaitTermination() returns true.
java.lang.RuntimeException: ManagedChannel allocation site
	at org.apache.ratis.thirdparty.io.grpc.internal.ManagedChannelOrphanWrapper$ManagedChannelReference.<init>(ManagedChannelOrphanWrapper.java:93)
	at org.apache.ratis.thirdparty.io.grpc.internal.ManagedChannelOrphanWrapper.<init>(ManagedChannelOrphanWrapper.java:53)
	at org.apache.ratis.thirdparty.io.grpc.internal.ManagedChannelOrphanWrapper.<init>(ManagedChannelOrphanWrapper.java:44)
	at org.apache.ratis.thirdparty.io.grpc.internal.ManagedChannelImplBuilder.build(ManagedChannelImplBuilder.java:630)
	at org.apache.ratis.thirdparty.io.grpc.internal.AbstractManagedChannelImplBuilder.build(AbstractManagedChannelImplBuilder.java:297)
	at org.apache.hadoop.hdds.scm.XceiverClientGrpc.connectToDatanode(XceiverClientGrpc.java:205)
	at org.apache.hadoop.hdds.scm.XceiverClientGrpc.reconnect(XceiverClientGrpc.java:579)
	at org.apache.hadoop.hdds.scm.XceiverClientGrpc.checkOpen(XceiverClientGrpc.java:570)
	at org.apache.hadoop.hdds.scm.XceiverClientGrpc.sendCommandAsync(XceiverClientGrpc.java:500)
	at org.apache.hadoop.hdds.scm.XceiverClientGrpc.sendCommandWithRetry(XceiverClientGrpc.java:402)
	at org.apache.hadoop.hdds.scm.XceiverClientGrpc.lambda$sendCommandWithTraceIDAndRetry$0(XceiverClientGrpc.java:344)
	at org.apache.hadoop.hdds.tracing.TracingUtil.executeInSpan(TracingUtil.java:177)
	at org.apache.hadoop.hdds.tracing.TracingUtil.executeInNewSpan(TracingUtil.java:151)
	at org.apache.hadoop.hdds.scm.XceiverClientGrpc.sendCommandWithTraceIDAndRetry(XceiverClientGrpc.java:338)
	at org.apache.hadoop.hdds.scm.XceiverClientGrpc.sendCommand(XceiverClientGrpc.java:319)
	at org.apache.hadoop.hdds.scm.storage.ContainerProtocolCalls.getBlock(ContainerProtocolCalls.java:152)
	at org.apache.hadoop.hdds.scm.storage.BlockInputStream.getChunkInfos(BlockInputStream.java:242)
	at org.apache.hadoop.hdds.scm.storage.BlockInputStream.initialize(BlockInputStream.java:146)
	at org.apache.hadoop.hdds.scm.storage.BlockInputStream.readWithStrategy(BlockInputStream.java:283)
	at org.apache.hadoop.hdds.scm.storage.ExtendedInputStream.read(ExtendedInputStream.java:54)
	at org.apache.hadoop.hdds.scm.storage.ByteArrayReader.readFromBlock(ByteArrayReader.java:57)
	at org.apache.hadoop.ozone.client.io.KeyInputStream.readWithStrategy(KeyInputStream.java:273)
	at org.apache.hadoop.ozone.client.io.KeyInputStream.read(KeyInputStream.java:240)
	at java.io.InputStream.read(InputStream.java:101)
	at org.apache.hadoop.ozone.client.rpc.read.TestKeyInputStream.assertReadFully(TestKeyInputStream.java:478)
	at org.apache.hadoop.ozone.client.rpc.read.TestKeyInputStream.testReadChunkWithByteArray(TestKeyInputStream.java:312)
	at org.apache.hadoop.ozone.client.rpc.read.TestKeyInputStream.testNonReplicationReads(TestKeyInputStream.java:147)
	at sun.reflect.NativeMethodAccessorImpl.invoke0(Native Method)
	at sun.reflect.NativeMethodAccessorImpl.invoke(NativeMethodAccessorImpl.java:62)
	at sun.reflect.DelegatingMethodAccessorImpl.invoke(DelegatingMethodAccessorImpl.java:43)
	at java.lang.reflect.Method.invoke(Method.java:498)
	at org.junit.runners.model.FrameworkMethod$1.runReflectiveCall(FrameworkMethod.java:59)
	at org.junit.internal.runners.model.ReflectiveCallable.run(ReflectiveCallable.java:12)
	at org.junit.runners.model.FrameworkMethod.invokeExplosively(FrameworkMethod.java:56)
	at org.junit.internal.runners.statements.InvokeMethod.evaluate(InvokeMethod.java:17)
	at org.junit.internal.runners.statements.RunBefores.evaluate(RunBefores.java:26)
	at org.junit.internal.runners.statements.RunAfters.evaluate(RunAfters.java:27)
	at org.junit.internal.runners.statements.FailOnTimeout$CallableStatement.call(FailOnTimeout.java:288)
	at org.junit.internal.runners.statements.FailOnTimeout$CallableStatement.call(FailOnTimeout.java:282)
	at java.util.concurrent.FutureTask.run(FutureTask.java:266)
	at java.lang.Thread.run(Thread.java:750)

Oct 16, 2022 1:15:36 PM org.apache.ratis.thirdparty.io.grpc.internal.ManagedChannelOrphanWrapper$ManagedChannelReference cleanQueue
SEVERE: *~*~*~ Channel ManagedChannelImpl{logId=239, target=10.1.0.60:41075} was not shutdown properly!!! ~*~*~*
    Make sure to call shutdown()/shutdownNow() and wait until awaitTermination() returns true.
java.lang.RuntimeException: ManagedChannel allocation site
	at org.apache.ratis.thirdparty.io.grpc.internal.ManagedChannelOrphanWrapper$ManagedChannelReference.<init>(ManagedChannelOrphanWrapper.java:93)
	at org.apache.ratis.thirdparty.io.grpc.internal.ManagedChannelOrphanWrapper.<init>(ManagedChannelOrphanWrapper.java:53)
	at org.apache.ratis.thirdparty.io.grpc.internal.ManagedChannelOrphanWrapper.<init>(ManagedChannelOrphanWrapper.java:44)
	at org.apache.ratis.thirdparty.io.grpc.internal.ManagedChannelImplBuilder.build(ManagedChannelImplBuilder.java:630)
	at org.apache.ratis.thirdparty.io.grpc.internal.AbstractManagedChannelImplBuilder.build(AbstractManagedChannelImplBuilder.java:297)
	at org.apache.hadoop.hdds.scm.XceiverClientGrpc.connectToDatanode(XceiverClientGrpc.java:205)
	at org.apache.hadoop.hdds.scm.XceiverClientGrpc.connect(XceiverClientGrpc.java:158)
	at org.apache.hadoop.hdds.scm.XceiverClientManager$2.call(XceiverClientManager.java:243)
	at org.apache.hadoop.hdds.scm.XceiverClientManager$2.call(XceiverClientManager.java:224)
	at com.google.common.cache.LocalCache$LocalManualCache$1.load(LocalCache.java:4868)
	at com.google.common.cache.LocalCache$LoadingValueReference.loadFuture(LocalCache.java:3533)
	at com.google.common.cache.LocalCache$Segment.loadSync(LocalCache.java:2282)
	at com.google.common.cache.LocalCache$Segment.lockedGetOrLoad(LocalCache.java:2159)
	at com.google.common.cache.LocalCache$Segment.get(LocalCache.java:2049)
	at com.google.common.cache.LocalCache.get(LocalCache.java:3966)
	at com.google.common.cache.LocalCache$LocalManualCache.get(LocalCache.java:4863)
	at org.apache.hadoop.hdds.scm.XceiverClientManager.getClient(XceiverClientManager.java:224)
	at org.apache.hadoop.hdds.scm.XceiverClientManager.acquireClient(XceiverClientManager.java:168)
	at org.apache.hadoop.hdds.scm.XceiverClientManager.acquireClientForReadData(XceiverClientManager.java:157)
	at org.apache.hadoop.hdds.scm.storage.BlockInputStream.acquireClient(BlockInputStream.java:256)
	at org.apache.hadoop.hdds.scm.storage.BlockInputStream.getChunkInfos(BlockInputStream.java:223)
	at org.apache.hadoop.hdds.scm.storage.BlockInputStream.initialize(BlockInputStream.java:146)
	at org.apache.hadoop.hdds.scm.storage.BlockInputStream.readWithStrategy(BlockInputStream.java:283)
	at org.apache.hadoop.hdds.scm.storage.ExtendedInputStream.read(ExtendedInputStream.java:64)
	at org.apache.hadoop.hdds.scm.storage.ByteBufferReader.readFromBlock(ByteBufferReader.java:56)
	at org.apache.hadoop.ozone.client.io.ECBlockInputStream.readFromStream(ECBlockInputStream.java:365)
	at org.apache.hadoop.ozone.client.io.ECBlockInputStream.readWithStrategy(ECBlockInputStream.java:300)
	at org.apache.hadoop.hdds.scm.storage.ExtendedInputStream.read(ExtendedInputStream.java:64)
	at org.apache.hadoop.ozone.client.io.ECBlockInputStreamProxy.read(ECBlockInputStreamProxy.java:158)
	at org.apache.hadoop.ozone.client.io.ECBlockInputStreamProxy.read(ECBlockInputStreamProxy.java:143)
	at org.apache.hadoop.hdds.scm.storage.ByteArrayReader.readFromBlock(ByteArrayReader.java:57)
	at org.apache.hadoop.ozone.client.io.KeyInputStream.readWithStrategy(KeyInputStream.java:273)
	at org.apache.hadoop.ozone.client.io.KeyInputStream.read(KeyInputStream.java:240)
	at org.apache.hadoop.ozone.client.rpc.read.TestKeyInputStream.validate(TestKeyInputStream.java:133)
	at org.apache.hadoop.ozone.client.rpc.read.TestKeyInputStream.testECSeek(TestKeyInputStream.java:242)
	at org.apache.hadoop.ozone.client.rpc.read.TestKeyInputStream.testNonReplicationReads(TestKeyInputStream.java:150)
	at sun.reflect.NativeMethodAccessorImpl.invoke0(Native Method)
	at sun.reflect.NativeMethodAccessorImpl.invoke(NativeMethodAccessorImpl.java:62)
	at sun.reflect.DelegatingMethodAccessorImpl.invoke(DelegatingMethodAccessorImpl.java:43)
	at java.lang.reflect.Method.invoke(Method.java:498)
	at org.junit.runners.model.FrameworkMethod$1.runReflectiveCall(FrameworkMethod.java:59)
	at org.junit.internal.runners.model.ReflectiveCallable.run(ReflectiveCallable.java:12)
	at org.junit.runners.model.FrameworkMethod.invokeExplosively(FrameworkMethod.java:56)
	at org.junit.internal.runners.statements.InvokeMethod.evaluate(InvokeMethod.java:17)
	at org.junit.internal.runners.statements.RunBefores.evaluate(RunBefores.java:26)
	at org.junit.internal.runners.statements.RunAfters.evaluate(RunAfters.java:27)
	at org.junit.internal.runners.statements.FailOnTimeout$CallableStatement.call(FailOnTimeout.java:288)
	at org.junit.internal.runners.statements.FailOnTimeout$CallableStatement.call(FailOnTimeout.java:282)
	at java.util.concurrent.FutureTask.run(FutureTask.java:266)
	at java.lang.Thread.run(Thread.java:750)

Oct 16, 2022 1:15:36 PM org.apache.ratis.thirdparty.io.grpc.internal.ManagedChannelOrphanWrapper$ManagedChannelReference cleanQueue
SEVERE: *~*~*~ Channel ManagedChannelImpl{logId=143, target=10.1.0.60:41075} was not shutdown properly!!! ~*~*~*
    Make sure to call shutdown()/shutdownNow() and wait until awaitTermination() returns true.
java.lang.RuntimeException: ManagedChannel allocation site
	at org.apache.ratis.thirdparty.io.grpc.internal.ManagedChannelOrphanWrapper$ManagedChannelReference.<init>(ManagedChannelOrphanWrapper.java:93)
	at org.apache.ratis.thirdparty.io.grpc.internal.ManagedChannelOrphanWrapper.<init>(ManagedChannelOrphanWrapper.java:53)
	at org.apache.ratis.thirdparty.io.grpc.internal.ManagedChannelOrphanWrapper.<init>(ManagedChannelOrphanWrapper.java:44)
	at org.apache.ratis.thirdparty.io.grpc.internal.ManagedChannelImplBuilder.build(ManagedChannelImplBuilder.java:630)
	at org.apache.ratis.thirdparty.io.grpc.internal.AbstractManagedChannelImplBuilder.build(AbstractManagedChannelImplBuilder.java:297)
	at org.apache.hadoop.hdds.scm.XceiverClientGrpc.connectToDatanode(XceiverClientGrpc.java:205)
	at org.apache.hadoop.hdds.scm.XceiverClientGrpc.connect(XceiverClientGrpc.java:158)
	at org.apache.hadoop.hdds.scm.XceiverClientManager$2.call(XceiverClientManager.java:243)
	at org.apache.hadoop.hdds.scm.XceiverClientManager$2.call(XceiverClientManager.java:224)
	at com.google.common.cache.LocalCache$LocalManualCache$1.load(LocalCache.java:4868)
	at com.google.common.cache.LocalCache$LoadingValueReference.loadFuture(LocalCache.java:3533)
	at com.google.common.cache.LocalCache$Segment.loadSync(LocalCache.java:2282)
	at com.google.common.cache.LocalCache$Segment.lockedGetOrLoad(LocalCache.java:2159)
	at com.google.common.cache.LocalCache$Segment.get(LocalCache.java:2049)
	at com.google.common.cache.LocalCache.get(LocalCache.java:3966)
	at com.google.common.cache.LocalCache$LocalManualCache.get(LocalCache.java:4863)
	at org.apache.hadoop.hdds.scm.XceiverClientManager.getClient(XceiverClientManager.java:224)
	at org.apache.hadoop.hdds.scm.XceiverClientManager.acquireClient(XceiverClientManager.java:168)
	at org.apache.hadoop.hdds.scm.XceiverClientManager.acquireClient(XceiverClientManager.java:141)
	at org.apache.hadoop.hdds.scm.storage.BlockOutputStream.<init>(BlockOutputStream.java:161)
	at org.apache.hadoop.hdds.scm.storage.ECBlockOutputStream.<init>(ECBlockOutputStream.java:73)
	at org.apache.hadoop.ozone.client.io.ECBlockOutputStreamEntry.checkStream(ECBlockOutputStreamEntry.java:100)
	at org.apache.hadoop.ozone.client.io.BlockOutputStreamEntry.write(BlockOutputStreamEntry.java:123)
	at org.apache.hadoop.ozone.client.io.ECKeyOutputStream.writeToOutputStream(ECKeyOutputStream.java:406)
	at org.apache.hadoop.ozone.client.io.ECKeyOutputStream.handleOutputStreamWrite(ECKeyOutputStream.java:390)
	at org.apache.hadoop.ozone.client.io.ECKeyOutputStream.handleWrite(ECKeyOutputStream.java:364)
	at org.apache.hadoop.ozone.client.io.ECKeyOutputStream.write(ECKeyOutputStream.java:163)
	at org.apache.hadoop.ozone.client.io.OzoneOutputStream.write(OzoneOutputStream.java:50)
	at java.io.OutputStream.write(OutputStream.java:75)
	at org.apache.hadoop.ozone.client.rpc.read.TestInputStreamBase.writeRandomBytes(TestInputStreamBase.java:205)
	at org.apache.hadoop.ozone.client.rpc.read.TestKeyInputStream.testECSeek(TestKeyInputStream.java:231)
	at org.apache.hadoop.ozone.client.rpc.read.TestKeyInputStream.testNonReplicationReads(TestKeyInputStream.java:150)
	at sun.reflect.NativeMethodAccessorImpl.invoke0(Native Method)
	at sun.reflect.NativeMethodAccessorImpl.invoke(NativeMethodAccessorImpl.java:62)
	at sun.reflect.DelegatingMethodAccessorImpl.invoke(DelegatingMethodAccessorImpl.java:43)
	at java.lang.reflect.Method.invoke(Method.java:498)
	at org.junit.runners.model.FrameworkMethod$1.runReflectiveCall(FrameworkMethod.java:59)
	at org.junit.internal.runners.model.ReflectiveCallable.run(ReflectiveCallable.java:12)
	at org.junit.runners.model.FrameworkMethod.invokeExplosively(FrameworkMethod.java:56)
	at org.junit.internal.runners.statements.InvokeMethod.evaluate(InvokeMethod.java:17)
	at org.junit.internal.runners.statements.RunBefores.evaluate(RunBefores.java:26)
	at org.junit.internal.runners.statements.RunAfters.evaluate(RunAfters.java:27)
	at org.junit.internal.runners.statements.FailOnTimeout$CallableStatement.call(FailOnTimeout.java:288)
	at org.junit.internal.runners.statements.FailOnTimeout$CallableStatement.call(FailOnTimeout.java:282)
	at java.util.concurrent.FutureTask.run(FutureTask.java:266)
	at java.lang.Thread.run(Thread.java:750)

Oct 16, 2022 1:15:36 PM org.apache.ratis.thirdparty.io.grpc.internal.ManagedChannelOrphanWrapper$ManagedChannelReference cleanQueue
SEVERE: *~*~*~ Channel ManagedChannelImpl{logId=168, target=10.1.0.60:43787} was not shutdown properly!!! ~*~*~*
    Make sure to call shutdown()/shutdownNow() and wait until awaitTermination() returns true.
java.lang.RuntimeException: ManagedChannel allocation site
	at org.apache.ratis.thirdparty.io.grpc.internal.ManagedChannelOrphanWrapper$ManagedChannelReference.<init>(ManagedChannelOrphanWrapper.java:93)
	at org.apache.ratis.thirdparty.io.grpc.internal.ManagedChannelOrphanWrapper.<init>(ManagedChannelOrphanWrapper.java:53)
	at org.apache.ratis.thirdparty.io.grpc.internal.ManagedChannelOrphanWrapper.<init>(ManagedChannelOrphanWrapper.java:44)
	at org.apache.ratis.thirdparty.io.grpc.internal.ManagedChannelImplBuilder.build(ManagedChannelImplBuilder.java:630)
	at org.apache.ratis.thirdparty.io.grpc.internal.AbstractManagedChannelImplBuilder.build(AbstractManagedChannelImplBuilder.java:297)
	at org.apache.hadoop.hdds.scm.XceiverClientGrpc.connectToDatanode(XceiverClientGrpc.java:205)
	at org.apache.hadoop.hdds.scm.XceiverClientGrpc.connect(XceiverClientGrpc.java:158)
	at org.apache.hadoop.hdds.scm.XceiverClientManager$2.call(XceiverClientManager.java:243)
	at org.apache.hadoop.hdds.scm.XceiverClientManager$2.call(XceiverClientManager.java:224)
	at com.google.common.cache.LocalCache$LocalManualCache$1.load(LocalCache.java:4868)
	at com.google.common.cache.LocalCache$LoadingValueReference.loadFuture(LocalCache.java:3533)
	at com.google.common.cache.LocalCache$Segment.loadSync(LocalCache.java:2282)
	at com.google.common.cache.LocalCache$Segment.lockedGetOrLoad(LocalCache.java:2159)
	at com.google.common.cache.LocalCache$Segment.get(LocalCache.java:2049)
	at com.google.common.cache.LocalCache.get(LocalCache.java:3966)
	at com.google.common.cache.LocalCache$LocalManualCache.get(LocalCache.java:4863)
	at org.apache.hadoop.hdds.scm.XceiverClientManager.getClient(XceiverClientManager.java:224)
	at org.apache.hadoop.hdds.scm.XceiverClientManager.acquireClient(XceiverClientManager.java:168)
	at org.apache.hadoop.hdds.scm.XceiverClientManager.acquireClient(XceiverClientManager.java:141)
	at org.apache.hadoop.hdds.scm.storage.BlockOutputStream.<init>(BlockOutputStream.java:161)
	at org.apache.hadoop.hdds.scm.storage.ECBlockOutputStream.<init>(ECBlockOutputStream.java:73)
	at org.apache.hadoop.ozone.client.io.ECBlockOutputStreamEntry.checkStream(ECBlockOutputStreamEntry.java:100)
	at org.apache.hadoop.ozone.client.io.BlockOutputStreamEntry.write(BlockOutputStreamEntry.java:123)
	at org.apache.hadoop.ozone.client.io.ECKeyOutputStream.writeToOutputStream(ECKeyOutputStream.java:406)
	at org.apache.hadoop.ozone.client.io.ECKeyOutputStream.handleOutputStreamWrite(ECKeyOutputStream.java:390)
	at org.apache.hadoop.ozone.client.io.ECKeyOutputStream.handleWrite(ECKeyOutputStream.java:364)
	at org.apache.hadoop.ozone.client.io.ECKeyOutputStream.write(ECKeyOutputStream.java:163)
	at org.apache.hadoop.ozone.client.io.OzoneOutputStream.write(OzoneOutputStream.java:50)
	at java.io.OutputStream.write(OutputStream.java:75)
	at org.apache.hadoop.ozone.client.rpc.read.TestInputStreamBase.writeRandomBytes(TestInputStreamBase.java:205)
	at org.apache.hadoop.ozone.client.rpc.read.TestKeyInputStream.testECSeek(TestKeyInputStream.java:231)
	at org.apache.hadoop.ozone.client.rpc.read.TestKeyInputStream.testNonReplicationReads(TestKeyInputStream.java:150)
	at sun.reflect.NativeMethodAccessorImpl.invoke0(Native Method)
	at sun.reflect.NativeMethodAccessorImpl.invoke(NativeMethodAccessorImpl.java:62)
	at sun.reflect.DelegatingMethodAccessorImpl.invoke(DelegatingMethodAccessorImpl.java:43)
	at java.lang.reflect.Method.invoke(Method.java:498)
	at org.junit.runners.model.FrameworkMethod$1.runReflectiveCall(FrameworkMethod.java:59)
	at org.junit.internal.runners.model.ReflectiveCallable.run(ReflectiveCallable.java:12)
	at org.junit.runners.model.FrameworkMethod.invokeExplosively(FrameworkMethod.java:56)
	at org.junit.internal.runners.statements.InvokeMethod.evaluate(InvokeMethod.java:17)
	at org.junit.internal.runners.statements.RunBefores.evaluate(RunBefores.java:26)
	at org.junit.internal.runners.statements.RunAfters.evaluate(RunAfters.java:27)
	at org.junit.internal.runners.statements.FailOnTimeout$CallableStatement.call(FailOnTimeout.java:288)
	at org.junit.internal.runners.statements.FailOnTimeout$CallableStatement.call(FailOnTimeout.java:282)
	at java.util.concurrent.FutureTask.run(FutureTask.java:266)
	at java.lang.Thread.run(Thread.java:750)

Oct 16, 2022 1:15:36 PM org.apache.ratis.thirdparty.io.grpc.internal.ManagedChannelOrphanWrapper$ManagedChannelReference cleanQueue
SEVERE: *~*~*~ Channel ManagedChannelImpl{logId=147, target=10.1.0.60:37693} was not shutdown properly!!! ~*~*~*
    Make sure to call shutdown()/shutdownNow() and wait until awaitTermination() returns true.
java.lang.RuntimeException: ManagedChannel allocation site
	at org.apache.ratis.thirdparty.io.grpc.internal.ManagedChannelOrphanWrapper$ManagedChannelReference.<init>(ManagedChannelOrphanWrapper.java:93)
	at org.apache.ratis.thirdparty.io.grpc.internal.ManagedChannelOrphanWrapper.<init>(ManagedChannelOrphanWrapper.java:53)
	at org.apache.ratis.thirdparty.io.grpc.internal.ManagedChannelOrphanWrapper.<init>(ManagedChannelOrphanWrapper.java:44)
	at org.apache.ratis.thirdparty.io.grpc.internal.ManagedChannelImplBuilder.build(ManagedChannelImplBuilder.java:630)
	at org.apache.ratis.thirdparty.io.grpc.internal.AbstractManagedChannelImplBuilder.build(AbstractManagedChannelImplBuilder.java:297)
	at org.apache.hadoop.hdds.scm.XceiverClientGrpc.connectToDatanode(XceiverClientGrpc.java:205)
	at org.apache.hadoop.hdds.scm.XceiverClientGrpc.connect(XceiverClientGrpc.java:158)
	at org.apache.hadoop.hdds.scm.XceiverClientManager$2.call(XceiverClientManager.java:243)
	at org.apache.hadoop.hdds.scm.XceiverClientManager$2.call(XceiverClientManager.java:224)
	at com.google.common.cache.LocalCache$LocalManualCache$1.load(LocalCache.java:4868)
	at com.google.common.cache.LocalCache$LoadingValueReference.loadFuture(LocalCache.java:3533)
	at com.google.common.cache.LocalCache$Segment.loadSync(LocalCache.java:2282)
	at com.google.common.cache.LocalCache$Segment.lockedGetOrLoad(LocalCache.java:2159)
	at com.google.common.cache.LocalCache$Segment.get(LocalCache.java:2049)
	at com.google.common.cache.LocalCache.get(LocalCache.java:3966)
	at com.google.common.cache.LocalCache$LocalManualCache.get(LocalCache.java:4863)
	at org.apache.hadoop.hdds.scm.XceiverClientManager.getClient(XceiverClientManager.java:224)
	at org.apache.hadoop.hdds.scm.XceiverClientManager.acquireClient(XceiverClientManager.java:168)
	at org.apache.hadoop.hdds.scm.XceiverClientManager.acquireClient(XceiverClientManager.java:141)
	at org.apache.hadoop.hdds.scm.storage.BlockOutputStream.<init>(BlockOutputStream.java:161)
	at org.apache.hadoop.hdds.scm.storage.ECBlockOutputStream.<init>(ECBlockOutputStream.java:73)
	at org.apache.hadoop.ozone.client.io.ECBlockOutputStreamEntry.checkStream(ECBlockOutputStreamEntry.java:100)
	at org.apache.hadoop.ozone.client.io.BlockOutputStreamEntry.write(BlockOutputStreamEntry.java:123)
	at org.apache.hadoop.ozone.client.io.ECKeyOutputStream.writeToOutputStream(ECKeyOutputStream.java:406)
	at org.apache.hadoop.ozone.client.io.ECKeyOutputStream.handleOutputStreamWrite(ECKeyOutputStream.java:390)
	at org.apache.hadoop.ozone.client.io.ECKeyOutputStream.handleWrite(ECKeyOutputStream.java:364)
	at org.apache.hadoop.ozone.client.io.ECKeyOutputStream.write(ECKeyOutputStream.java:163)
	at org.apache.hadoop.ozone.client.io.OzoneOutputStream.write(OzoneOutputStream.java:50)
	at java.io.OutputStream.write(OutputStream.java:75)
	at org.apache.hadoop.ozone.client.rpc.read.TestInputStreamBase.writeRandomBytes(TestInputStreamBase.java:205)
	at org.apache.hadoop.ozone.client.rpc.read.TestKeyInputStream.testECSeek(TestKeyInputStream.java:231)
	at org.apache.hadoop.ozone.client.rpc.read.TestKeyInputStream.testNonReplicationReads(TestKeyInputStream.java:150)
	at sun.reflect.NativeMethodAccessorImpl.invoke0(Native Method)
	at sun.reflect.NativeMethodAccessorImpl.invoke(NativeMethodAccessorImpl.java:62)
	at sun.reflect.DelegatingMethodAccessorImpl.invoke(DelegatingMethodAccessorImpl.java:43)
	at java.lang.reflect.Method.invoke(Method.java:498)
	at org.junit.runners.model.FrameworkMethod$1.runReflectiveCall(FrameworkMethod.java:59)
	at org.junit.internal.runners.model.ReflectiveCallable.run(ReflectiveCallable.java:12)
	at org.junit.runners.model.FrameworkMethod.invokeExplosively(FrameworkMethod.java:56)
	at org.junit.internal.runners.statements.InvokeMethod.evaluate(InvokeMethod.java:17)
	at org.junit.internal.runners.statements.RunBefores.evaluate(RunBefores.java:26)
	at org.junit.internal.runners.statements.RunAfters.evaluate(RunAfters.java:27)
	at org.junit.internal.runners.statements.FailOnTimeout$CallableStatement.call(FailOnTimeout.java:288)
	at org.junit.internal.runners.statements.FailOnTimeout$CallableStatement.call(FailOnTimeout.java:282)
	at java.util.concurrent.FutureTask.run(FutureTask.java:266)
	at java.lang.Thread.run(Thread.java:750)

Oct 16, 2022 1:15:36 PM org.apache.ratis.thirdparty.io.grpc.internal.ManagedChannelOrphanWrapper$ManagedChannelReference cleanQueue
SEVERE: *~*~*~ Channel ManagedChannelImpl{logId=195, target=10.1.0.60:34011} was not shutdown properly!!! ~*~*~*
    Make sure to call shutdown()/shutdownNow() and wait until awaitTermination() returns true.
java.lang.RuntimeException: ManagedChannel allocation site
	at org.apache.ratis.thirdparty.io.grpc.internal.ManagedChannelOrphanWrapper$ManagedChannelReference.<init>(ManagedChannelOrphanWrapper.java:93)
	at org.apache.ratis.thirdparty.io.grpc.internal.ManagedChannelOrphanWrapper.<init>(ManagedChannelOrphanWrapper.java:53)
	at org.apache.ratis.thirdparty.io.grpc.internal.ManagedChannelOrphanWrapper.<init>(ManagedChannelOrphanWrapper.java:44)
	at org.apache.ratis.thirdparty.io.grpc.internal.ManagedChannelImplBuilder.build(ManagedChannelImplBuilder.java:630)
	at org.apache.ratis.thirdparty.io.grpc.internal.AbstractManagedChannelImplBuilder.build(AbstractManagedChannelImplBuilder.java:297)
	at org.apache.hadoop.hdds.scm.XceiverClientGrpc.connectToDatanode(XceiverClientGrpc.java:205)
	at org.apache.hadoop.hdds.scm.XceiverClientGrpc.connect(XceiverClientGrpc.java:158)
	at org.apache.hadoop.hdds.scm.XceiverClientManager$2.call(XceiverClientManager.java:243)
	at org.apache.hadoop.hdds.scm.XceiverClientManager$2.call(XceiverClientManager.java:224)
	at com.google.common.cache.LocalCache$LocalManualCache$1.load(LocalCache.java:4868)
	at com.google.common.cache.LocalCache$LoadingValueReference.loadFuture(LocalCache.java:3533)
	at com.google.common.cache.LocalCache$Segment.loadSync(LocalCache.java:2282)
	at com.google.common.cache.LocalCache$Segment.lockedGetOrLoad(LocalCache.java:2159)
	at com.google.common.cache.LocalCache$Segment.get(LocalCache.java:2049)
	at com.google.common.cache.LocalCache.get(LocalCache.java:3966)
	at com.google.common.cache.LocalCache$LocalManualCache.get(LocalCache.java:4863)
	at org.apache.hadoop.hdds.scm.XceiverClientManager.getClient(XceiverClientManager.java:224)
	at org.apache.hadoop.hdds.scm.XceiverClientManager.acquireClient(XceiverClientManager.java:168)
	at org.apache.hadoop.hdds.scm.XceiverClientManager.acquireClient(XceiverClientManager.java:141)
	at org.apache.hadoop.hdds.scm.storage.BlockOutputStream.<init>(BlockOutputStream.java:161)
	at org.apache.hadoop.hdds.scm.storage.ECBlockOutputStream.<init>(ECBlockOutputStream.java:73)
	at org.apache.hadoop.ozone.client.io.ECBlockOutputStreamEntry.checkStream(ECBlockOutputStreamEntry.java:100)
	at org.apache.hadoop.ozone.client.io.BlockOutputStreamEntry.write(BlockOutputStreamEntry.java:123)
	at org.apache.hadoop.ozone.client.io.ECKeyOutputStream.writeToOutputStream(ECKeyOutputStream.java:406)
	at org.apache.hadoop.ozone.client.io.ECKeyOutputStream.handleOutputStreamWrite(ECKeyOutputStream.java:390)
	at org.apache.hadoop.ozone.client.io.ECKeyOutputStream.handleWrite(ECKeyOutputStream.java:364)
	at org.apache.hadoop.ozone.client.io.ECKeyOutputStream.write(ECKeyOutputStream.java:163)
	at org.apache.hadoop.ozone.client.io.OzoneOutputStream.write(OzoneOutputStream.java:50)
	at java.io.OutputStream.write(OutputStream.java:75)
	at org.apache.hadoop.ozone.client.rpc.read.TestInputStreamBase.writeRandomBytes(TestInputStreamBase.java:205)
	at org.apache.hadoop.ozone.client.rpc.read.TestKeyInputStream.testECSeek(TestKeyInputStream.java:231)
	at org.apache.hadoop.ozone.client.rpc.read.TestKeyInputStream.testNonReplicationReads(TestKeyInputStream.java:150)
	at sun.reflect.NativeMethodAccessorImpl.invoke0(Native Method)
	at sun.reflect.NativeMethodAccessorImpl.invoke(NativeMethodAccessorImpl.java:62)
	at sun.reflect.DelegatingMethodAccessorImpl.invoke(DelegatingMethodAccessorImpl.java:43)
	at java.lang.reflect.Method.invoke(Method.java:498)
	at org.junit.runners.model.FrameworkMethod$1.runReflectiveCall(FrameworkMethod.java:59)
	at org.junit.internal.runners.model.ReflectiveCallable.run(ReflectiveCallable.java:12)
	at org.junit.runners.model.FrameworkMethod.invokeExplosively(FrameworkMethod.java:56)
	at org.junit.internal.runners.statements.InvokeMethod.evaluate(InvokeMethod.java:17)
	at org.junit.internal.runners.statements.RunBefores.evaluate(RunBefores.java:26)
	at org.junit.internal.runners.statements.RunAfters.evaluate(RunAfters.java:27)
	at org.junit.internal.runners.statements.FailOnTimeout$CallableStatement.call(FailOnTimeout.java:288)
	at org.junit.internal.runners.statements.FailOnTimeout$CallableStatement.call(FailOnTimeout.java:282)
	at java.util.concurrent.FutureTask.run(FutureTask.java:266)
	at java.lang.Thread.run(Thread.java:750)

Oct 16, 2022 1:15:36 PM org.apache.ratis.thirdparty.io.grpc.internal.ManagedChannelOrphanWrapper$ManagedChannelReference cleanQueue
SEVERE: *~*~*~ Channel ManagedChannelImpl{logId=193, target=10.1.0.60:43787} was not shutdown properly!!! ~*~*~*
    Make sure to call shutdown()/shutdownNow() and wait until awaitTermination() returns true.
java.lang.RuntimeException: ManagedChannel allocation site
	at org.apache.ratis.thirdparty.io.grpc.internal.ManagedChannelOrphanWrapper$ManagedChannelReference.<init>(ManagedChannelOrphanWrapper.java:93)
	at org.apache.ratis.thirdparty.io.grpc.internal.ManagedChannelOrphanWrapper.<init>(ManagedChannelOrphanWrapper.java:53)
	at org.apache.ratis.thirdparty.io.grpc.internal.ManagedChannelOrphanWrapper.<init>(ManagedChannelOrphanWrapper.java:44)
	at org.apache.ratis.thirdparty.io.grpc.internal.ManagedChannelImplBuilder.build(ManagedChannelImplBuilder.java:630)
	at org.apache.ratis.thirdparty.io.grpc.internal.AbstractManagedChannelImplBuilder.build(AbstractManagedChannelImplBuilder.java:297)
	at org.apache.hadoop.hdds.scm.XceiverClientGrpc.connectToDatanode(XceiverClientGrpc.java:205)
	at org.apache.hadoop.hdds.scm.XceiverClientGrpc.connect(XceiverClientGrpc.java:158)
	at org.apache.hadoop.hdds.scm.XceiverClientManager$2.call(XceiverClientManager.java:243)
	at org.apache.hadoop.hdds.scm.XceiverClientManager$2.call(XceiverClientManager.java:224)
	at com.google.common.cache.LocalCache$LocalManualCache$1.load(LocalCache.java:4868)
	at com.google.common.cache.LocalCache$LoadingValueReference.loadFuture(LocalCache.java:3533)
	at com.google.common.cache.LocalCache$Segment.loadSync(LocalCache.java:2282)
	at com.google.common.cache.LocalCache$Segment.lockedGetOrLoad(LocalCache.java:2159)
	at com.google.common.cache.LocalCache$Segment.get(LocalCache.java:2049)
	at com.google.common.cache.LocalCache.get(LocalCache.java:3966)
	at com.google.common.cache.LocalCache$LocalManualCache.get(LocalCache.java:4863)
	at org.apache.hadoop.hdds.scm.XceiverClientManager.getClient(XceiverClientManager.java:224)
	at org.apache.hadoop.hdds.scm.XceiverClientManager.acquireClient(XceiverClientManager.java:168)
	at org.apache.hadoop.hdds.scm.XceiverClientManager.acquireClient(XceiverClientManager.java:141)
	at org.apache.hadoop.hdds.scm.storage.BlockOutputStream.<init>(BlockOutputStream.java:161)
	at org.apache.hadoop.hdds.scm.storage.ECBlockOutputStream.<init>(ECBlockOutputStream.java:73)
	at org.apache.hadoop.ozone.client.io.ECBlockOutputStreamEntry.checkStream(ECBlockOutputStreamEntry.java:100)
	at org.apache.hadoop.ozone.client.io.BlockOutputStreamEntry.write(BlockOutputStreamEntry.java:123)
	at org.apache.hadoop.ozone.client.io.ECKeyOutputStream.writeToOutputStream(ECKeyOutputStream.java:406)
	at org.apache.hadoop.ozone.client.io.ECKeyOutputStream.handleOutputStreamWrite(ECKeyOutputStream.java:390)
	at org.apache.hadoop.ozone.client.io.ECKeyOutputStream.handleWrite(ECKeyOutputStream.java:364)
	at org.apache.hadoop.ozone.client.io.ECKeyOutputStream.write(ECKeyOutputStream.java:163)
	at org.apache.hadoop.ozone.client.io.OzoneOutputStream.write(OzoneOutputStream.java:50)
	at java.io.OutputStream.write(OutputStream.java:75)
	at org.apache.hadoop.ozone.client.rpc.read.TestInputStreamBase.writeRandomBytes(TestInputStreamBase.java:205)
	at org.apache.hadoop.ozone.client.rpc.read.TestKeyInputStream.testECSeek(TestKeyInputStream.java:231)
	at org.apache.hadoop.ozone.client.rpc.read.TestKeyInputStream.testNonReplicationReads(TestKeyInputStream.java:150)
	at sun.reflect.NativeMethodAccessorImpl.invoke0(Native Method)
	at sun.reflect.NativeMethodAccessorImpl.invoke(NativeMethodAccessorImpl.java:62)
	at sun.reflect.DelegatingMethodAccessorImpl.invoke(DelegatingMethodAccessorImpl.java:43)
	at java.lang.reflect.Method.invoke(Method.java:498)
	at org.junit.runners.model.FrameworkMethod$1.runReflectiveCall(FrameworkMethod.java:59)
	at org.junit.internal.runners.model.ReflectiveCallable.run(ReflectiveCallable.java:12)
	at org.junit.runners.model.FrameworkMethod.invokeExplosively(FrameworkMethod.java:56)
	at org.junit.internal.runners.statements.InvokeMethod.evaluate(InvokeMethod.java:17)
	at org.junit.internal.runners.statements.RunBefores.evaluate(RunBefores.java:26)
	at org.junit.internal.runners.statements.RunAfters.evaluate(RunAfters.java:27)
	at org.junit.internal.runners.statements.FailOnTimeout$CallableStatement.call(FailOnTimeout.java:288)
	at org.junit.internal.runners.statements.FailOnTimeout$CallableStatement.call(FailOnTimeout.java:282)
	at java.util.concurrent.FutureTask.run(FutureTask.java:266)
	at java.lang.Thread.run(Thread.java:750)

Oct 16, 2022 1:15:36 PM org.apache.ratis.thirdparty.io.grpc.internal.ManagedChannelOrphanWrapper$ManagedChannelReference cleanQueue
SEVERE: *~*~*~ Channel ManagedChannelImpl{logId=114, target=10.1.0.60:43787} was not shutdown properly!!! ~*~*~*
    Make sure to call shutdown()/shutdownNow() and wait until awaitTermination() returns true.
java.lang.RuntimeException: ManagedChannel allocation site
	at org.apache.ratis.thirdparty.io.grpc.internal.ManagedChannelOrphanWrapper$ManagedChannelReference.<init>(ManagedChannelOrphanWrapper.java:93)
	at org.apache.ratis.thirdparty.io.grpc.internal.ManagedChannelOrphanWrapper.<init>(ManagedChannelOrphanWrapper.java:53)
	at org.apache.ratis.thirdparty.io.grpc.internal.ManagedChannelOrphanWrapper.<init>(ManagedChannelOrphanWrapper.java:44)
	at org.apache.ratis.thirdparty.io.grpc.internal.ManagedChannelImplBuilder.build(ManagedChannelImplBuilder.java:630)
	at org.apache.ratis.thirdparty.io.grpc.internal.AbstractManagedChannelImplBuilder.build(AbstractManagedChannelImplBuilder.java:297)
	at org.apache.hadoop.hdds.scm.XceiverClientGrpc.connectToDatanode(XceiverClientGrpc.java:205)
	at org.apache.hadoop.hdds.scm.XceiverClientGrpc.connect(XceiverClientGrpc.java:158)
	at org.apache.hadoop.hdds.scm.XceiverClientManager$2.call(XceiverClientManager.java:243)
	at org.apache.hadoop.hdds.scm.XceiverClientManager$2.call(XceiverClientManager.java:224)
	at com.google.common.cache.LocalCache$LocalManualCache$1.load(LocalCache.java:4868)
	at com.google.common.cache.LocalCache$LoadingValueReference.loadFuture(LocalCache.java:3533)
	at com.google.common.cache.LocalCache$Segment.loadSync(LocalCache.java:2282)
	at com.google.common.cache.LocalCache$Segment.lockedGetOrLoad(LocalCache.java:2159)
	at com.google.common.cache.LocalCache$Segment.get(LocalCache.java:2049)
	at com.google.common.cache.LocalCache.get(LocalCache.java:3966)
	at com.google.common.cache.LocalCache$LocalManualCache.get(LocalCache.java:4863)
	at org.apache.hadoop.hdds.scm.XceiverClientManager.getClient(XceiverClientManager.java:224)
	at org.apache.hadoop.hdds.scm.XceiverClientManager.acquireClient(XceiverClientManager.java:168)
	at org.apache.hadoop.hdds.scm.XceiverClientManager.acquireClient(XceiverClientManager.java:141)
	at org.apache.hadoop.hdds.scm.storage.BlockOutputStream.<init>(BlockOutputStream.java:161)
	at org.apache.hadoop.hdds.scm.storage.ECBlockOutputStream.<init>(ECBlockOutputStream.java:73)
	at org.apache.hadoop.ozone.client.io.ECBlockOutputStreamEntry.checkStream(ECBlockOutputStreamEntry.java:100)
	at org.apache.hadoop.ozone.client.io.BlockOutputStreamEntry.write(BlockOutputStreamEntry.java:123)
	at org.apache.hadoop.ozone.client.io.ECKeyOutputStream.writeToOutputStream(ECKeyOutputStream.java:406)
	at org.apache.hadoop.ozone.client.io.ECKeyOutputStream.handleOutputStreamWrite(ECKeyOutputStream.java:390)
	at org.apache.hadoop.ozone.client.io.ECKeyOutputStream.handleWrite(ECKeyOutputStream.java:364)
	at org.apache.hadoop.ozone.client.io.ECKeyOutputStream.write(ECKeyOutputStream.java:163)
	at org.apache.hadoop.ozone.client.io.OzoneOutputStream.write(OzoneOutputStream.java:50)
	at java.io.OutputStream.write(OutputStream.java:75)
	at org.apache.hadoop.ozone.client.rpc.read.TestInputStreamBase.writeRandomBytes(TestInputStreamBase.java:205)
	at org.apache.hadoop.ozone.client.rpc.read.TestKeyInputStream.testECSeek(TestKeyInputStream.java:231)
	at org.apache.hadoop.ozone.client.rpc.read.TestKeyInputStream.testNonReplicationReads(TestKeyInputStream.java:150)
	at sun.reflect.NativeMethodAccessorImpl.invoke0(Native Method)
	at sun.reflect.NativeMethodAccessorImpl.invoke(NativeMethodAccessorImpl.java:62)
	at sun.reflect.DelegatingMethodAccessorImpl.invoke(DelegatingMethodAccessorImpl.java:43)
	at java.lang.reflect.Method.invoke(Method.java:498)
	at org.junit.runners.model.FrameworkMethod$1.runReflectiveCall(FrameworkMethod.java:59)
	at org.junit.internal.runners.model.ReflectiveCallable.run(ReflectiveCallable.java:12)
	at org.junit.runners.model.FrameworkMethod.invokeExplosively(FrameworkMethod.java:56)
	at org.junit.internal.runners.statements.InvokeMethod.evaluate(InvokeMethod.java:17)
	at org.junit.internal.runners.statements.RunBefores.evaluate(RunBefores.java:26)
	at org.junit.internal.runners.statements.RunAfters.evaluate(RunAfters.java:27)
	at org.junit.internal.runners.statements.FailOnTimeout$CallableStatement.call(FailOnTimeout.java:288)
	at org.junit.internal.runners.statements.FailOnTimeout$CallableStatement.call(FailOnTimeout.java:282)
	at java.util.concurrent.FutureTask.run(FutureTask.java:266)
	at java.lang.Thread.run(Thread.java:750)

Oct 16, 2022 1:15:36 PM org.apache.ratis.thirdparty.io.grpc.internal.ManagedChannelOrphanWrapper$ManagedChannelReference cleanQueue
SEVERE: *~*~*~ Channel ManagedChannelImpl{logId=139, target=10.1.0.60:44287} was not shutdown properly!!! ~*~*~*
    Make sure to call shutdown()/shutdownNow() and wait until awaitTermination() returns true.
java.lang.RuntimeException: ManagedChannel allocation site
	at org.apache.ratis.thirdparty.io.grpc.internal.ManagedChannelOrphanWrapper$ManagedChannelReference.<init>(ManagedChannelOrphanWrapper.java:93)
	at org.apache.ratis.thirdparty.io.grpc.internal.ManagedChannelOrphanWrapper.<init>(ManagedChannelOrphanWrapper.java:53)
	at org.apache.ratis.thirdparty.io.grpc.internal.ManagedChannelOrphanWrapper.<init>(ManagedChannelOrphanWrapper.java:44)
	at org.apache.ratis.thirdparty.io.grpc.internal.ManagedChannelImplBuilder.build(ManagedChannelImplBuilder.java:630)
	at org.apache.ratis.thirdparty.io.grpc.internal.AbstractManagedChannelImplBuilder.build(AbstractManagedChannelImplBuilder.java:297)
	at org.apache.hadoop.hdds.scm.XceiverClientGrpc.connectToDatanode(XceiverClientGrpc.java:205)
	at org.apache.hadoop.hdds.scm.XceiverClientGrpc.connect(XceiverClientGrpc.java:158)
	at org.apache.hadoop.hdds.scm.XceiverClientManager$2.call(XceiverClientManager.java:243)
	at org.apache.hadoop.hdds.scm.XceiverClientManager$2.call(XceiverClientManager.java:224)
	at com.google.common.cache.LocalCache$LocalManualCache$1.load(LocalCache.java:4868)
	at com.google.common.cache.LocalCache$LoadingValueReference.loadFuture(LocalCache.java:3533)
	at com.google.common.cache.LocalCache$Segment.loadSync(LocalCache.java:2282)
	at com.google.common.cache.LocalCache$Segment.lockedGetOrLoad(LocalCache.java:2159)
	at com.google.common.cache.LocalCache$Segment.get(LocalCache.java:2049)
	at com.google.common.cache.LocalCache.get(LocalCache.java:3966)
	at com.google.common.cache.LocalCache$LocalManualCache.get(LocalCache.java:4863)
	at org.apache.hadoop.hdds.scm.XceiverClientManager.getClient(XceiverClientManager.java:224)
	at org.apache.hadoop.hdds.scm.XceiverClientManager.acquireClient(XceiverClientManager.java:168)
	at org.apache.hadoop.hdds.scm.XceiverClientManager.acquireClient(XceiverClientManager.java:141)
	at org.apache.hadoop.hdds.scm.storage.BlockOutputStream.<init>(BlockOutputStream.java:161)
	at org.apache.hadoop.hdds.scm.storage.ECBlockOutputStream.<init>(ECBlockOutputStream.java:73)
	at org.apache.hadoop.ozone.client.io.ECBlockOutputStreamEntry.checkStream(ECBlockOutputStreamEntry.java:100)
	at org.apache.hadoop.ozone.client.io.BlockOutputStreamEntry.write(BlockOutputStreamEntry.java:123)
	at org.apache.hadoop.ozone.client.io.ECKeyOutputStream.writeToOutputStream(ECKeyOutputStream.java:406)
	at org.apache.hadoop.ozone.client.io.ECKeyOutputStream.handleOutputStreamWrite(ECKeyOutputStream.java:390)
	at org.apache.hadoop.ozone.client.io.ECKeyOutputStream.handleWrite(ECKeyOutputStream.java:364)
	at org.apache.hadoop.ozone.client.io.ECKeyOutputStream.write(ECKeyOutputStream.java:163)
	at org.apache.hadoop.ozone.client.io.OzoneOutputStream.write(OzoneOutputStream.java:50)
	at java.io.OutputStream.write(OutputStream.java:75)
	at org.apache.hadoop.ozone.client.rpc.read.TestInputStreamBase.writeRandomBytes(TestInputStreamBase.java:205)
	at org.apache.hadoop.ozone.client.rpc.read.TestKeyInputStream.testECSeek(TestKeyInputStream.java:231)
	at org.apache.hadoop.ozone.client.rpc.read.TestKeyInputStream.testNonReplicationReads(TestKeyInputStream.java:150)
	at sun.reflect.NativeMethodAccessorImpl.invoke0(Native Method)
	at sun.reflect.NativeMethodAccessorImpl.invoke(NativeMethodAccessorImpl.java:62)
	at sun.reflect.DelegatingMethodAccessorImpl.invoke(DelegatingMethodAccessorImpl.java:43)
	at java.lang.reflect.Method.invoke(Method.java:498)
	at org.junit.runners.model.FrameworkMethod$1.runReflectiveCall(FrameworkMethod.java:59)
	at org.junit.internal.runners.model.ReflectiveCallable.run(ReflectiveCallable.java:12)
	at org.junit.runners.model.FrameworkMethod.invokeExplosively(FrameworkMethod.java:56)
	at org.junit.internal.runners.statements.InvokeMethod.evaluate(InvokeMethod.java:17)
	at org.junit.internal.runners.statements.RunBefores.evaluate(RunBefores.java:26)
	at org.junit.internal.runners.statements.RunAfters.evaluate(RunAfters.java:27)
	at org.junit.internal.runners.statements.FailOnTimeout$CallableStatement.call(FailOnTimeout.java:288)
	at org.junit.internal.runners.statements.FailOnTimeout$CallableStatement.call(FailOnTimeout.java:282)
	at java.util.concurrent.FutureTask.run(FutureTask.java:266)
	at java.lang.Thread.run(Thread.java:750)

Oct 16, 2022 1:15:36 PM org.apache.ratis.thirdparty.io.grpc.internal.ManagedChannelOrphanWrapper$ManagedChannelReference cleanQueue
SEVERE: *~*~*~ Channel ManagedChannelImpl{logId=229, target=10.1.0.60:44287} was not shutdown properly!!! ~*~*~*
    Make sure to call shutdown()/shutdownNow() and wait until awaitTermination() returns true.
java.lang.RuntimeException: ManagedChannel allocation site
	at org.apache.ratis.thirdparty.io.grpc.internal.ManagedChannelOrphanWrapper$ManagedChannelReference.<init>(ManagedChannelOrphanWrapper.java:93)
	at org.apache.ratis.thirdparty.io.grpc.internal.ManagedChannelOrphanWrapper.<init>(ManagedChannelOrphanWrapper.java:53)
	at org.apache.ratis.thirdparty.io.grpc.internal.ManagedChannelOrphanWrapper.<init>(ManagedChannelOrphanWrapper.java:44)
	at org.apache.ratis.thirdparty.io.grpc.internal.ManagedChannelImplBuilder.build(ManagedChannelImplBuilder.java:630)
	at org.apache.ratis.thirdparty.io.grpc.internal.AbstractManagedChannelImplBuilder.build(AbstractManagedChannelImplBuilder.java:297)
	at org.apache.hadoop.hdds.scm.XceiverClientGrpc.connectToDatanode(XceiverClientGrpc.java:205)
	at org.apache.hadoop.hdds.scm.XceiverClientGrpc.connect(XceiverClientGrpc.java:158)
	at org.apache.hadoop.hdds.scm.XceiverClientManager$2.call(XceiverClientManager.java:243)
	at org.apache.hadoop.hdds.scm.XceiverClientManager$2.call(XceiverClientManager.java:224)
	at com.google.common.cache.LocalCache$LocalManualCache$1.load(LocalCache.java:4868)
	at com.google.common.cache.LocalCache$LoadingValueReference.loadFuture(LocalCache.java:3533)
	at com.google.common.cache.LocalCache$Segment.loadSync(LocalCache.java:2282)
	at com.google.common.cache.LocalCache$Segment.lockedGetOrLoad(LocalCache.java:2159)
	at com.google.common.cache.LocalCache$Segment.get(LocalCache.java:2049)
	at com.google.common.cache.LocalCache.get(LocalCache.java:3966)
	at com.google.common.cache.LocalCache$LocalManualCache.get(LocalCache.java:4863)
	at org.apache.hadoop.hdds.scm.XceiverClientManager.getClient(XceiverClientManager.java:224)
	at org.apache.hadoop.hdds.scm.XceiverClientManager.acquireClient(XceiverClientManager.java:168)
	at org.apache.hadoop.hdds.scm.XceiverClientManager.acquireClientForReadData(XceiverClientManager.java:157)
	at org.apache.hadoop.hdds.scm.storage.BlockInputStream.acquireClient(BlockInputStream.java:256)
	at org.apache.hadoop.hdds.scm.storage.BlockInputStream.getChunkInfos(BlockInputStream.java:223)
	at org.apache.hadoop.hdds.scm.storage.BlockInputStream.initialize(BlockInputStream.java:146)
	at org.apache.hadoop.hdds.scm.storage.BlockInputStream.readWithStrategy(BlockInputStream.java:283)
	at org.apache.hadoop.hdds.scm.storage.ExtendedInputStream.read(ExtendedInputStream.java:64)
	at org.apache.hadoop.hdds.scm.storage.ByteBufferReader.readFromBlock(ByteBufferReader.java:56)
	at org.apache.hadoop.ozone.client.io.ECBlockInputStream.readFromStream(ECBlockInputStream.java:365)
	at org.apache.hadoop.ozone.client.io.ECBlockInputStream.readWithStrategy(ECBlockInputStream.java:300)
	at org.apache.hadoop.hdds.scm.storage.ExtendedInputStream.read(ExtendedInputStream.java:64)
	at org.apache.hadoop.ozone.client.io.ECBlockInputStreamProxy.read(ECBlockInputStreamProxy.java:158)
	at org.apache.hadoop.ozone.client.io.ECBlockInputStreamProxy.read(ECBlockInputStreamProxy.java:143)
	at org.apache.hadoop.hdds.scm.storage.ByteArrayReader.readFromBlock(ByteArrayReader.java:57)
	at org.apache.hadoop.ozone.client.io.KeyInputStream.readWithStrategy(KeyInputStream.java:273)
	at org.apache.hadoop.ozone.client.io.KeyInputStream.read(KeyInputStream.java:240)
	at org.apache.hadoop.ozone.client.rpc.read.TestKeyInputStream.validate(TestKeyInputStream.java:133)
	at org.apache.hadoop.ozone.client.rpc.read.TestKeyInputStream.testECSeek(TestKeyInputStream.java:240)
	at org.apache.hadoop.ozone.client.rpc.read.TestKeyInputStream.testNonReplicationReads(TestKeyInputStream.java:150)
	at sun.reflect.NativeMethodAccessorImpl.invoke0(Native Method)
	at sun.reflect.NativeMethodAccessorImpl.invoke(NativeMethodAccessorImpl.java:62)
	at sun.reflect.DelegatingMethodAccessorImpl.invoke(DelegatingMethodAccessorImpl.java:43)
	at java.lang.reflect.Method.invoke(Method.java:498)
	at org.junit.runners.model.FrameworkMethod$1.runReflectiveCall(FrameworkMethod.java:59)
	at org.junit.internal.runners.model.ReflectiveCallable.run(ReflectiveCallable.java:12)
	at org.junit.runners.model.FrameworkMethod.invokeExplosively(FrameworkMethod.java:56)
	at org.junit.internal.runners.statements.InvokeMethod.evaluate(InvokeMethod.java:17)
	at org.junit.internal.runners.statements.RunBefores.evaluate(RunBefores.java:26)
	at org.junit.internal.runners.statements.RunAfters.evaluate(RunAfters.java:27)
	at org.junit.internal.runners.statements.FailOnTimeout$CallableStatement.call(FailOnTimeout.java:288)
	at org.junit.internal.runners.statements.FailOnTimeout$CallableStatement.call(FailOnTimeout.java:282)
	at java.util.concurrent.FutureTask.run(FutureTask.java:266)
	at java.lang.Thread.run(Thread.java:750)

Oct 16, 2022 1:15:36 PM org.apache.ratis.thirdparty.io.grpc.internal.ManagedChannelOrphanWrapper$ManagedChannelReference cleanQueue
SEVERE: *~*~*~ Channel ManagedChannelImpl{logId=118, target=10.1.0.60:37693} was not shutdown properly!!! ~*~*~*
    Make sure to call shutdown()/shutdownNow() and wait until awaitTermination() returns true.
java.lang.RuntimeException: ManagedChannel allocation site
	at org.apache.ratis.thirdparty.io.grpc.internal.ManagedChannelOrphanWrapper$ManagedChannelReference.<init>(ManagedChannelOrphanWrapper.java:93)
	at org.apache.ratis.thirdparty.io.grpc.internal.ManagedChannelOrphanWrapper.<init>(ManagedChannelOrphanWrapper.java:53)
	at org.apache.ratis.thirdparty.io.grpc.internal.ManagedChannelOrphanWrapper.<init>(ManagedChannelOrphanWrapper.java:44)
	at org.apache.ratis.thirdparty.io.grpc.internal.ManagedChannelImplBuilder.build(ManagedChannelImplBuilder.java:630)
	at org.apache.ratis.thirdparty.io.grpc.internal.AbstractManagedChannelImplBuilder.build(AbstractManagedChannelImplBuilder.java:297)
	at org.apache.hadoop.hdds.scm.XceiverClientGrpc.connectToDatanode(XceiverClientGrpc.java:205)
	at org.apache.hadoop.hdds.scm.XceiverClientGrpc.connect(XceiverClientGrpc.java:158)
	at org.apache.hadoop.hdds.scm.XceiverClientManager$2.call(XceiverClientManager.java:243)
	at org.apache.hadoop.hdds.scm.XceiverClientManager$2.call(XceiverClientManager.java:224)
	at com.google.common.cache.LocalCache$LocalManualCache$1.load(LocalCache.java:4868)
	at com.google.common.cache.LocalCache$LoadingValueReference.loadFuture(LocalCache.java:3533)
	at com.google.common.cache.LocalCache$Segment.loadSync(LocalCache.java:2282)
	at com.google.common.cache.LocalCache$Segment.lockedGetOrLoad(LocalCache.java:2159)
	at com.google.common.cache.LocalCache$Segment.get(LocalCache.java:2049)
	at com.google.common.cache.LocalCache.get(LocalCache.java:3966)
	at com.google.common.cache.LocalCache$LocalManualCache.get(LocalCache.java:4863)
	at org.apache.hadoop.hdds.scm.XceiverClientManager.getClient(XceiverClientManager.java:224)
	at org.apache.hadoop.hdds.scm.XceiverClientManager.acquireClient(XceiverClientManager.java:168)
	at org.apache.hadoop.hdds.scm.XceiverClientManager.acquireClient(XceiverClientManager.java:141)
	at org.apache.hadoop.hdds.scm.storage.BlockOutputStream.<init>(BlockOutputStream.java:161)
	at org.apache.hadoop.hdds.scm.storage.ECBlockOutputStream.<init>(ECBlockOutputStream.java:73)
	at org.apache.hadoop.ozone.client.io.ECBlockOutputStreamEntry.checkStream(ECBlockOutputStreamEntry.java:100)
	at org.apache.hadoop.ozone.client.io.BlockOutputStreamEntry.write(BlockOutputStreamEntry.java:123)
	at org.apache.hadoop.ozone.client.io.ECKeyOutputStream.writeToOutputStream(ECKeyOutputStream.java:406)
	at org.apache.hadoop.ozone.client.io.ECKeyOutputStream.handleOutputStreamWrite(ECKeyOutputStream.java:390)
	at org.apache.hadoop.ozone.client.io.ECKeyOutputStream.handleWrite(ECKeyOutputStream.java:364)
	at org.apache.hadoop.ozone.client.io.ECKeyOutputStream.write(ECKeyOutputStream.java:163)
	at org.apache.hadoop.ozone.client.io.OzoneOutputStream.write(OzoneOutputStream.java:50)
	at java.io.OutputStream.write(OutputStream.java:75)
	at org.apache.hadoop.ozone.client.rpc.read.TestInputStreamBase.writeRandomBytes(TestInputStreamBase.java:205)
	at org.apache.hadoop.ozone.client.rpc.read.TestKeyInputStream.testECSeek(TestKeyInputStream.java:231)
	at org.apache.hadoop.ozone.client.rpc.read.TestKeyInputStream.testNonReplicationReads(TestKeyInputStream.java:150)
	at sun.reflect.NativeMethodAccessorImpl.invoke0(Native Method)
	at sun.reflect.NativeMethodAccessorImpl.invoke(NativeMethodAccessorImpl.java:62)
	at sun.reflect.DelegatingMethodAccessorImpl.invoke(DelegatingMethodAccessorImpl.java:43)
	at java.lang.reflect.Method.invoke(Method.java:498)
	at org.junit.runners.model.FrameworkMethod$1.runReflectiveCall(FrameworkMethod.java:59)
	at org.junit.internal.runners.model.ReflectiveCallable.run(ReflectiveCallable.java:12)
	at org.junit.runners.model.FrameworkMethod.invokeExplosively(FrameworkMethod.java:56)
	at org.junit.internal.runners.statements.InvokeMethod.evaluate(InvokeMethod.java:17)
	at org.junit.internal.runners.statements.RunBefores.evaluate(RunBefores.java:26)
	at org.junit.internal.runners.statements.RunAfters.evaluate(RunAfters.java:27)
	at org.junit.internal.runners.statements.FailOnTimeout$CallableStatement.call(FailOnTimeout.java:288)
	at org.junit.internal.runners.statements.FailOnTimeout$CallableStatement.call(FailOnTimeout.java:282)
	at java.util.concurrent.FutureTask.run(FutureTask.java:266)
	at java.lang.Thread.run(Thread.java:750)

Oct 16, 2022 1:15:36 PM org.apache.ratis.thirdparty.io.grpc.internal.ManagedChannelOrphanWrapper$ManagedChannelReference cleanQueue
SEVERE: *~*~*~ Channel ManagedChannelImpl{logId=244, target=10.1.0.60:37693} was not shutdown properly!!! ~*~*~*
    Make sure to call shutdown()/shutdownNow() and wait until awaitTermination() returns true.
java.lang.RuntimeException: ManagedChannel allocation site
	at org.apache.ratis.thirdparty.io.grpc.internal.ManagedChannelOrphanWrapper$ManagedChannelReference.<init>(ManagedChannelOrphanWrapper.java:93)
	at org.apache.ratis.thirdparty.io.grpc.internal.ManagedChannelOrphanWrapper.<init>(ManagedChannelOrphanWrapper.java:53)
	at org.apache.ratis.thirdparty.io.grpc.internal.ManagedChannelOrphanWrapper.<init>(ManagedChannelOrphanWrapper.java:44)
	at org.apache.ratis.thirdparty.io.grpc.internal.ManagedChannelImplBuilder.build(ManagedChannelImplBuilder.java:630)
	at org.apache.ratis.thirdparty.io.grpc.internal.AbstractManagedChannelImplBuilder.build(AbstractManagedChannelImplBuilder.java:297)
	at org.apache.hadoop.hdds.scm.XceiverClientGrpc.connectToDatanode(XceiverClientGrpc.java:205)
	at org.apache.hadoop.hdds.scm.XceiverClientGrpc.connect(XceiverClientGrpc.java:158)
	at org.apache.hadoop.hdds.scm.XceiverClientManager$2.call(XceiverClientManager.java:243)
	at org.apache.hadoop.hdds.scm.XceiverClientManager$2.call(XceiverClientManager.java:224)
	at com.google.common.cache.LocalCache$LocalManualCache$1.load(LocalCache.java:4868)
	at com.google.common.cache.LocalCache$LoadingValueReference.loadFuture(LocalCache.java:3533)
	at com.google.common.cache.LocalCache$Segment.loadSync(LocalCache.java:2282)
	at com.google.common.cache.LocalCache$Segment.lockedGetOrLoad(LocalCache.java:2159)
	at com.google.common.cache.LocalCache$Segment.get(LocalCache.java:2049)
	at com.google.common.cache.LocalCache.get(LocalCache.java:3966)
	at com.google.common.cache.LocalCache$LocalManualCache.get(LocalCache.java:4863)
	at org.apache.hadoop.hdds.scm.XceiverClientManager.getClient(XceiverClientManager.java:224)
	at org.apache.hadoop.hdds.scm.XceiverClientManager.acquireClient(XceiverClientManager.java:168)
	at org.apache.hadoop.hdds.scm.XceiverClientManager.acquireClientForReadData(XceiverClientManager.java:157)
	at org.apache.hadoop.hdds.scm.storage.BlockInputStream.acquireClient(BlockInputStream.java:256)
	at org.apache.hadoop.hdds.scm.storage.BlockInputStream.getChunkInfos(BlockInputStream.java:223)
	at org.apache.hadoop.hdds.scm.storage.BlockInputStream.initialize(BlockInputStream.java:146)
	at org.apache.hadoop.hdds.scm.storage.BlockInputStream.readWithStrategy(BlockInputStream.java:283)
	at org.apache.hadoop.hdds.scm.storage.ExtendedInputStream.read(ExtendedInputStream.java:64)
	at org.apache.hadoop.hdds.scm.storage.ByteBufferReader.readFromBlock(ByteBufferReader.java:56)
	at org.apache.hadoop.ozone.client.io.ECBlockInputStream.readFromStream(ECBlockInputStream.java:365)
	at org.apache.hadoop.ozone.client.io.ECBlockInputStream.readWithStrategy(ECBlockInputStream.java:300)
	at org.apache.hadoop.hdds.scm.storage.ExtendedInputStream.read(ExtendedInputStream.java:64)
	at org.apache.hadoop.ozone.client.io.ECBlockInputStreamProxy.read(ECBlockInputStreamProxy.java:158)
	at org.apache.hadoop.ozone.client.io.ECBlockInputStreamProxy.read(ECBlockInputStreamProxy.java:143)
	at org.apache.hadoop.hdds.scm.storage.ByteArrayReader.readFromBlock(ByteArrayReader.java:57)
	at org.apache.hadoop.ozone.client.io.KeyInputStream.readWithStrategy(KeyInputStream.java:273)
	at org.apache.hadoop.ozone.client.io.KeyInputStream.read(KeyInputStream.java:240)
	at org.apache.hadoop.ozone.client.rpc.read.TestKeyInputStream.validate(TestKeyInputStream.java:133)
	at org.apache.hadoop.ozone.client.rpc.read.TestKeyInputStream.randomPositionSeek(TestKeyInputStream.java:115)
	at org.apache.hadoop.ozone.client.rpc.read.TestKeyInputStream.testECSeek(TestKeyInputStream.java:245)
	at org.apache.hadoop.ozone.client.rpc.read.TestKeyInputStream.testNonReplicationReads(TestKeyInputStream.java:150)
	at sun.reflect.NativeMethodAccessorImpl.invoke0(Native Method)
	at sun.reflect.NativeMethodAccessorImpl.invoke(NativeMethodAccessorImpl.java:62)
	at sun.reflect.DelegatingMethodAccessorImpl.invoke(DelegatingMethodAccessorImpl.java:43)
	at java.lang.reflect.Method.invoke(Method.java:498)
	at org.junit.runners.model.FrameworkMethod$1.runReflectiveCall(FrameworkMethod.java:59)
	at org.junit.internal.runners.model.ReflectiveCallable.run(ReflectiveCallable.java:12)
	at org.junit.runners.model.FrameworkMethod.invokeExplosively(FrameworkMethod.java:56)
	at org.junit.internal.runners.statements.InvokeMethod.evaluate(InvokeMethod.java:17)
	at org.junit.internal.runners.statements.RunBefores.evaluate(RunBefores.java:26)
	at org.junit.internal.runners.statements.RunAfters.evaluate(RunAfters.java:27)
	at org.junit.internal.runners.statements.FailOnTimeout$CallableStatement.call(FailOnTimeout.java:288)
	at org.junit.internal.runners.statements.FailOnTimeout$CallableStatement.call(FailOnTimeout.java:282)
	at java.util.concurrent.FutureTask.run(FutureTask.java:266)
	at java.lang.Thread.run(Thread.java:750)

Oct 16, 2022 1:15:36 PM org.apache.ratis.thirdparty.io.grpc.internal.ManagedChannelOrphanWrapper$ManagedChannelReference cleanQueue
SEVERE: *~*~*~ Channel ManagedChannelImpl{logId=254, target=10.1.0.60:34011} was not shutdown properly!!! ~*~*~*
    Make sure to call shutdown()/shutdownNow() and wait until awaitTermination() returns true.
java.lang.RuntimeException: ManagedChannel allocation site
	at org.apache.ratis.thirdparty.io.grpc.internal.ManagedChannelOrphanWrapper$ManagedChannelReference.<init>(ManagedChannelOrphanWrapper.java:93)
	at org.apache.ratis.thirdparty.io.grpc.internal.ManagedChannelOrphanWrapper.<init>(ManagedChannelOrphanWrapper.java:53)
	at org.apache.ratis.thirdparty.io.grpc.internal.ManagedChannelOrphanWrapper.<init>(ManagedChannelOrphanWrapper.java:44)
	at org.apache.ratis.thirdparty.io.grpc.internal.ManagedChannelImplBuilder.build(ManagedChannelImplBuilder.java:630)
	at org.apache.ratis.thirdparty.io.grpc.internal.AbstractManagedChannelImplBuilder.build(AbstractManagedChannelImplBuilder.java:297)
	at org.apache.hadoop.hdds.scm.XceiverClientGrpc.connectToDatanode(XceiverClientGrpc.java:205)
	at org.apache.hadoop.hdds.scm.XceiverClientGrpc.connect(XceiverClientGrpc.java:158)
	at org.apache.hadoop.hdds.scm.XceiverClientManager$2.call(XceiverClientManager.java:243)
	at org.apache.hadoop.hdds.scm.XceiverClientManager$2.call(XceiverClientManager.java:224)
	at com.google.common.cache.LocalCache$LocalManualCache$1.load(LocalCache.java:4868)
	at com.google.common.cache.LocalCache$LoadingValueReference.loadFuture(LocalCache.java:3533)
	at com.google.common.cache.LocalCache$Segment.loadSync(LocalCache.java:2282)
	at com.google.common.cache.LocalCache$Segment.lockedGetOrLoad(LocalCache.java:2159)
	at com.google.common.cache.LocalCache$Segment.get(LocalCache.java:2049)
	at com.google.common.cache.LocalCache.get(LocalCache.java:3966)
	at com.google.common.cache.LocalCache$LocalManualCache.get(LocalCache.java:4863)
	at org.apache.hadoop.hdds.scm.XceiverClientManager.getClient(XceiverClientManager.java:224)
	at org.apache.hadoop.hdds.scm.XceiverClientManager.acquireClient(XceiverClientManager.java:168)
	at org.apache.hadoop.hdds.scm.XceiverClientManager.acquireClientForReadData(XceiverClientManager.java:157)
	at org.apache.hadoop.hdds.scm.storage.BlockInputStream.acquireClient(BlockInputStream.java:256)
	at org.apache.hadoop.hdds.scm.storage.BlockInputStream.getChunkInfos(BlockInputStream.java:223)
	at org.apache.hadoop.hdds.scm.storage.BlockInputStream.initialize(BlockInputStream.java:146)
	at org.apache.hadoop.hdds.scm.storage.BlockInputStream.readWithStrategy(BlockInputStream.java:283)
	at org.apache.hadoop.hdds.scm.storage.ExtendedInputStream.read(ExtendedInputStream.java:64)
	at org.apache.hadoop.hdds.scm.storage.ByteBufferReader.readFromBlock(ByteBufferReader.java:56)
	at org.apache.hadoop.ozone.client.io.ECBlockInputStream.readFromStream(ECBlockInputStream.java:365)
	at org.apache.hadoop.ozone.client.io.ECBlockInputStream.readWithStrategy(ECBlockInputStream.java:300)
	at org.apache.hadoop.hdds.scm.storage.ExtendedInputStream.read(ExtendedInputStream.java:64)
	at org.apache.hadoop.ozone.client.io.ECBlockInputStreamProxy.read(ECBlockInputStreamProxy.java:158)
	at org.apache.hadoop.ozone.client.io.ECBlockInputStreamProxy.read(ECBlockInputStreamProxy.java:143)
	at org.apache.hadoop.hdds.scm.storage.ByteArrayReader.readFromBlock(ByteArrayReader.java:57)
	at org.apache.hadoop.ozone.client.io.KeyInputStream.readWithStrategy(KeyInputStream.java:273)
	at org.apache.hadoop.ozone.client.io.KeyInputStream.read(KeyInputStream.java:240)
	at org.apache.hadoop.ozone.client.rpc.read.TestKeyInputStream.validate(TestKeyInputStream.java:133)
	at org.apache.hadoop.ozone.client.rpc.read.TestKeyInputStream.randomPositionSeek(TestKeyInputStream.java:115)
	at org.apache.hadoop.ozone.client.rpc.read.TestKeyInputStream.testECSeek(TestKeyInputStream.java:245)
	at org.apache.hadoop.ozone.client.rpc.read.TestKeyInputStream.testNonReplicationReads(TestKeyInputStream.java:150)
	at sun.reflect.NativeMethodAccessorImpl.invoke0(Native Method)
	at sun.reflect.NativeMethodAccessorImpl.invoke(NativeMethodAccessorImpl.java:62)
	at sun.reflect.DelegatingMethodAccessorImpl.invoke(DelegatingMethodAccessorImpl.java:43)
	at java.lang.reflect.Method.invoke(Method.java:498)
	at org.junit.runners.model.FrameworkMethod$1.runReflectiveCall(FrameworkMethod.java:59)
	at org.junit.internal.runners.model.ReflectiveCallable.run(ReflectiveCallable.java:12)
	at org.junit.runners.model.FrameworkMethod.invokeExplosively(FrameworkMethod.java:56)
	at org.junit.internal.runners.statements.InvokeMethod.evaluate(InvokeMethod.java:17)
	at org.junit.internal.runners.statements.RunBefores.evaluate(RunBefores.java:26)
	at org.junit.internal.runners.statements.RunAfters.evaluate(RunAfters.java:27)
	at org.junit.internal.runners.statements.FailOnTimeout$CallableStatement.call(FailOnTimeout.java:288)
	at org.junit.internal.runners.statements.FailOnTimeout$CallableStatement.call(FailOnTimeout.java:282)
	at java.util.concurrent.FutureTask.run(FutureTask.java:266)
	at java.lang.Thread.run(Thread.java:750)

Oct 16, 2022 1:15:36 PM org.apache.ratis.thirdparty.io.grpc.internal.ManagedChannelOrphanWrapper$ManagedChannelReference cleanQueue
SEVERE: *~*~*~ Channel ManagedChannelImpl{logId=101, target=10.1.0.60:44287} was not shutdown properly!!! ~*~*~*
    Make sure to call shutdown()/shutdownNow() and wait until awaitTermination() returns true.
java.lang.RuntimeException: ManagedChannel allocation site
	at org.apache.ratis.thirdparty.io.grpc.internal.ManagedChannelOrphanWrapper$ManagedChannelReference.<init>(ManagedChannelOrphanWrapper.java:93)
	at org.apache.ratis.thirdparty.io.grpc.internal.ManagedChannelOrphanWrapper.<init>(ManagedChannelOrphanWrapper.java:53)
	at org.apache.ratis.thirdparty.io.grpc.internal.ManagedChannelOrphanWrapper.<init>(ManagedChannelOrphanWrapper.java:44)
	at org.apache.ratis.thirdparty.io.grpc.internal.ManagedChannelImplBuilder.build(ManagedChannelImplBuilder.java:630)
	at org.apache.ratis.thirdparty.io.grpc.internal.AbstractManagedChannelImplBuilder.build(AbstractManagedChannelImplBuilder.java:297)
	at org.apache.hadoop.hdds.scm.XceiverClientGrpc.connectToDatanode(XceiverClientGrpc.java:205)
	at org.apache.hadoop.hdds.scm.XceiverClientGrpc.reconnect(XceiverClientGrpc.java:579)
	at org.apache.hadoop.hdds.scm.XceiverClientGrpc.checkOpen(XceiverClientGrpc.java:570)
	at org.apache.hadoop.hdds.scm.XceiverClientGrpc.sendCommandAsync(XceiverClientGrpc.java:500)
	at org.apache.hadoop.hdds.scm.XceiverClientGrpc.sendCommandWithRetry(XceiverClientGrpc.java:402)
	at org.apache.hadoop.hdds.scm.XceiverClientGrpc.lambda$sendCommandWithTraceIDAndRetry$0(XceiverClientGrpc.java:344)
	at org.apache.hadoop.hdds.tracing.TracingUtil.executeInSpan(TracingUtil.java:177)
	at org.apache.hadoop.hdds.tracing.TracingUtil.executeInNewSpan(TracingUtil.java:151)
	at org.apache.hadoop.hdds.scm.XceiverClientGrpc.sendCommandWithTraceIDAndRetry(XceiverClientGrpc.java:338)
	at org.apache.hadoop.hdds.scm.XceiverClientGrpc.sendCommand(XceiverClientGrpc.java:319)
	at org.apache.hadoop.hdds.scm.storage.ContainerProtocolCalls.getBlock(ContainerProtocolCalls.java:152)
	at org.apache.hadoop.hdds.scm.storage.BlockInputStream.getChunkInfos(BlockInputStream.java:242)
	at org.apache.hadoop.hdds.scm.storage.BlockInputStream.initialize(BlockInputStream.java:146)
	at org.apache.hadoop.hdds.scm.storage.BlockInputStream.readWithStrategy(BlockInputStream.java:283)
	at org.apache.hadoop.hdds.scm.storage.ExtendedInputStream.read(ExtendedInputStream.java:54)
	at org.apache.hadoop.hdds.scm.storage.ByteArrayReader.readFromBlock(ByteArrayReader.java:57)
	at org.apache.hadoop.ozone.client.io.KeyInputStream.readWithStrategy(KeyInputStream.java:273)
	at org.apache.hadoop.ozone.client.io.KeyInputStream.read(KeyInputStream.java:240)
	at org.apache.hadoop.ozone.client.rpc.read.TestKeyInputStream.testSeek(TestKeyInputStream.java:282)
	at org.apache.hadoop.ozone.client.rpc.read.TestKeyInputStream.testNonReplicationReads(TestKeyInputStream.java:146)
	at sun.reflect.NativeMethodAccessorImpl.invoke0(Native Method)
	at sun.reflect.NativeMethodAccessorImpl.invoke(NativeMethodAccessorImpl.java:62)
	at sun.reflect.DelegatingMethodAccessorImpl.invoke(DelegatingMethodAccessorImpl.java:43)
	at java.lang.reflect.Method.invoke(Method.java:498)
	at org.junit.runners.model.FrameworkMethod$1.runReflectiveCall(FrameworkMethod.java:59)
	at org.junit.internal.runners.model.ReflectiveCallable.run(ReflectiveCallable.java:12)
	at org.junit.runners.model.FrameworkMethod.invokeExplosively(FrameworkMethod.java:56)
	at org.junit.internal.runners.statements.InvokeMethod.evaluate(InvokeMethod.java:17)
	at org.junit.internal.runners.statements.RunBefores.evaluate(RunBefores.java:26)
	at org.junit.internal.runners.statements.RunAfters.evaluate(RunAfters.java:27)
	at org.junit.internal.runners.statements.FailOnTimeout$CallableStatement.call(FailOnTimeout.java:288)
	at org.junit.internal.runners.statements.FailOnTimeout$CallableStatement.call(FailOnTimeout.java:282)
	at java.util.concurrent.FutureTask.run(FutureTask.java:266)
	at java.lang.Thread.run(Thread.java:750)

Oct 16, 2022 1:15:36 PM org.apache.ratis.thirdparty.io.grpc.internal.ManagedChannelOrphanWrapper$ManagedChannelReference cleanQueue
SEVERE: *~*~*~ Channel ManagedChannelImpl{logId=384, target=10.1.0.60:35831} was not shutdown properly!!! ~*~*~*
    Make sure to call shutdown()/shutdownNow() and wait until awaitTermination() returns true.
java.lang.RuntimeException: ManagedChannel allocation site
	at org.apache.ratis.thirdparty.io.grpc.internal.ManagedChannelOrphanWrapper$ManagedChannelReference.<init>(ManagedChannelOrphanWrapper.java:93)
	at org.apache.ratis.thirdparty.io.grpc.internal.ManagedChannelOrphanWrapper.<init>(ManagedChannelOrphanWrapper.java:53)
	at org.apache.ratis.thirdparty.io.grpc.internal.ManagedChannelOrphanWrapper.<init>(ManagedChannelOrphanWrapper.java:44)
	at org.apache.ratis.thirdparty.io.grpc.internal.ManagedChannelImplBuilder.build(ManagedChannelImplBuilder.java:630)
	at org.apache.ratis.thirdparty.io.grpc.internal.AbstractManagedChannelImplBuilder.build(AbstractManagedChannelImplBuilder.java:297)
	at org.apache.hadoop.hdds.scm.XceiverClientGrpc.connectToDatanode(XceiverClientGrpc.java:205)
	at org.apache.hadoop.hdds.scm.XceiverClientGrpc.reconnect(XceiverClientGrpc.java:579)
	at org.apache.hadoop.hdds.scm.XceiverClientGrpc.checkOpen(XceiverClientGrpc.java:570)
	at org.apache.hadoop.hdds.scm.XceiverClientGrpc.sendCommandAsync(XceiverClientGrpc.java:500)
	at org.apache.hadoop.hdds.scm.XceiverClientGrpc.sendCommandWithRetry(XceiverClientGrpc.java:402)
	at org.apache.hadoop.hdds.scm.XceiverClientGrpc.lambda$sendCommandWithTraceIDAndRetry$0(XceiverClientGrpc.java:344)
	at org.apache.hadoop.hdds.tracing.TracingUtil.executeInSpan(TracingUtil.java:177)
	at org.apache.hadoop.hdds.tracing.TracingUtil.executeInNewSpan(TracingUtil.java:151)
	at org.apache.hadoop.hdds.scm.XceiverClientGrpc.sendCommandWithTraceIDAndRetry(XceiverClientGrpc.java:338)
	at org.apache.hadoop.hdds.scm.XceiverClientGrpc.sendCommand(XceiverClientGrpc.java:319)
	at org.apache.hadoop.hdds.scm.storage.ContainerProtocolCalls.getBlock(ContainerProtocolCalls.java:152)
	at org.apache.hadoop.hdds.scm.storage.BlockInputStream.getChunkInfos(BlockInputStream.java:242)
	at org.apache.hadoop.hdds.scm.storage.BlockInputStream.initialize(BlockInputStream.java:146)
	at org.apache.hadoop.hdds.scm.storage.BlockInputStream.readWithStrategy(BlockInputStream.java:283)
	at org.apache.hadoop.hdds.scm.storage.ExtendedInputStream.read(ExtendedInputStream.java:54)
	at org.apache.hadoop.hdds.scm.storage.ByteArrayReader.readFromBlock(ByteArrayReader.java:57)
	at org.apache.hadoop.ozone.client.io.KeyInputStream.readWithStrategy(KeyInputStream.java:273)
	at org.apache.hadoop.ozone.client.io.KeyInputStream.read(KeyInputStream.java:240)
	at org.apache.hadoop.ozone.client.io.KeyInputStream.read(KeyInputStream.java:224)
	at org.apache.hadoop.ozone.client.rpc.read.TestKeyInputStream.testReadAfterReplication(TestKeyInputStream.java:441)
	at org.apache.hadoop.ozone.client.rpc.read.TestKeyInputStream.readAfterReplicationWithUnbuffering(TestKeyInputStream.java:398)
	at sun.reflect.NativeMethodAccessorImpl.invoke0(Native Method)
	at sun.reflect.NativeMethodAccessorImpl.invoke(NativeMethodAccessorImpl.java:62)
	at sun.reflect.DelegatingMethodAccessorImpl.invoke(DelegatingMethodAccessorImpl.java:43)
	at java.lang.reflect.Method.invoke(Method.java:498)
	at org.junit.runners.model.FrameworkMethod$1.runReflectiveCall(FrameworkMethod.java:59)
	at org.junit.internal.runners.model.ReflectiveCallable.run(ReflectiveCallable.java:12)
	at org.junit.runners.model.FrameworkMethod.invokeExplosively(FrameworkMethod.java:56)
	at org.junit.internal.runners.statements.InvokeMethod.evaluate(InvokeMethod.java:17)
	at org.junit.internal.runners.statements.RunBefores.evaluate(RunBefores.java:26)
	at org.junit.internal.runners.statements.RunAfters.evaluate(RunAfters.java:27)
	at org.junit.internal.runners.statements.FailOnTimeout$CallableStatement.call(FailOnTimeout.java:288)
	at org.junit.internal.runners.statements.FailOnTimeout$CallableStatement.call(FailOnTimeout.java:282)
	at java.util.concurrent.FutureTask.run(FutureTask.java:266)
	at java.lang.Thread.run(Thread.java:750)

Oct 16, 2022 1:15:36 PM org.apache.ratis.thirdparty.io.grpc.internal.ManagedChannelOrphanWrapper$ManagedChannelReference cleanQueue
SEVERE: *~*~*~ Channel ManagedChannelImpl{logId=99, target=10.1.0.60:37693} was not shutdown properly!!! ~*~*~*
    Make sure to call shutdown()/shutdownNow() and wait until awaitTermination() returns true.
java.lang.RuntimeException: ManagedChannel allocation site
	at org.apache.ratis.thirdparty.io.grpc.internal.ManagedChannelOrphanWrapper$ManagedChannelReference.<init>(ManagedChannelOrphanWrapper.java:93)
	at org.apache.ratis.thirdparty.io.grpc.internal.ManagedChannelOrphanWrapper.<init>(ManagedChannelOrphanWrapper.java:53)
	at org.apache.ratis.thirdparty.io.grpc.internal.ManagedChannelOrphanWrapper.<init>(ManagedChannelOrphanWrapper.java:44)
	at org.apache.ratis.thirdparty.io.grpc.internal.ManagedChannelImplBuilder.build(ManagedChannelImplBuilder.java:630)
	at org.apache.ratis.thirdparty.io.grpc.internal.AbstractManagedChannelImplBuilder.build(AbstractManagedChannelImplBuilder.java:297)
	at org.apache.hadoop.hdds.scm.XceiverClientGrpc.connectToDatanode(XceiverClientGrpc.java:205)
	at org.apache.hadoop.hdds.scm.XceiverClientGrpc.connect(XceiverClientGrpc.java:158)
	at org.apache.hadoop.hdds.scm.XceiverClientManager$2.call(XceiverClientManager.java:243)
	at org.apache.hadoop.hdds.scm.XceiverClientManager$2.call(XceiverClientManager.java:224)
	at com.google.common.cache.LocalCache$LocalManualCache$1.load(LocalCache.java:4868)
	at com.google.common.cache.LocalCache$LoadingValueReference.loadFuture(LocalCache.java:3533)
	at com.google.common.cache.LocalCache$Segment.loadSync(LocalCache.java:2282)
	at com.google.common.cache.LocalCache$Segment.lockedGetOrLoad(LocalCache.java:2159)
	at com.google.common.cache.LocalCache$Segment.get(LocalCache.java:2049)
	at com.google.common.cache.LocalCache.get(LocalCache.java:3966)
	at com.google.common.cache.LocalCache$LocalManualCache.get(LocalCache.java:4863)
	at org.apache.hadoop.hdds.scm.XceiverClientManager.getClient(XceiverClientManager.java:224)
	at org.apache.hadoop.hdds.scm.XceiverClientManager.acquireClient(XceiverClientManager.java:168)
	at org.apache.hadoop.hdds.scm.XceiverClientManager.acquireClientForReadData(XceiverClientManager.java:157)
	at org.apache.hadoop.hdds.scm.storage.BlockInputStream.acquireClient(BlockInputStream.java:256)
	at org.apache.hadoop.hdds.scm.storage.BlockInputStream.getChunkInfos(BlockInputStream.java:223)
	at org.apache.hadoop.hdds.scm.storage.BlockInputStream.initialize(BlockInputStream.java:146)
	at org.apache.hadoop.hdds.scm.storage.BlockInputStream.readWithStrategy(BlockInputStream.java:283)
	at org.apache.hadoop.hdds.scm.storage.ExtendedInputStream.read(ExtendedInputStream.java:54)
	at org.apache.hadoop.hdds.scm.storage.ByteArrayReader.readFromBlock(ByteArrayReader.java:57)
	at org.apache.hadoop.ozone.client.io.KeyInputStream.readWithStrategy(KeyInputStream.java:273)
	at org.apache.hadoop.ozone.client.io.KeyInputStream.read(KeyInputStream.java:240)
	at org.apache.hadoop.ozone.client.rpc.read.TestKeyInputStream.testSeek(TestKeyInputStream.java:282)
	at org.apache.hadoop.ozone.client.rpc.read.TestKeyInputStream.testNonReplicationReads(TestKeyInputStream.java:146)
	at sun.reflect.NativeMethodAccessorImpl.invoke0(Native Method)
	at sun.reflect.NativeMethodAccessorImpl.invoke(NativeMethodAccessorImpl.java:62)
	at sun.reflect.DelegatingMethodAccessorImpl.invoke(DelegatingMethodAccessorImpl.java:43)
	at java.lang.reflect.Method.invoke(Method.java:498)
	at org.junit.runners.model.FrameworkMethod$1.runReflectiveCall(FrameworkMethod.java:59)
	at org.junit.internal.runners.model.ReflectiveCallable.run(ReflectiveCallable.java:12)
	at org.junit.runners.model.FrameworkMethod.invokeExplosively(FrameworkMethod.java:56)
	at org.junit.internal.runners.statements.InvokeMethod.evaluate(InvokeMethod.java:17)
	at org.junit.internal.runners.statements.RunBefores.evaluate(RunBefores.java:26)
	at org.junit.internal.runners.statements.RunAfters.evaluate(RunAfters.java:27)
	at org.junit.internal.runners.statements.FailOnTimeout$CallableStatement.call(FailOnTimeout.java:288)
	at org.junit.internal.runners.statements.FailOnTimeout$CallableStatement.call(FailOnTimeout.java:282)
	at java.util.concurrent.FutureTask.run(FutureTask.java:266)
	at java.lang.Thread.run(Thread.java:750)

Oct 16, 2022 1:15:36 PM org.apache.ratis.thirdparty.io.grpc.internal.ManagedChannelOrphanWrapper$ManagedChannelReference cleanQueue
SEVERE: *~*~*~ Channel ManagedChannelImpl{logId=197, target=10.1.0.60:37693} was not shutdown properly!!! ~*~*~*
    Make sure to call shutdown()/shutdownNow() and wait until awaitTermination() returns true.
java.lang.RuntimeException: ManagedChannel allocation site
	at org.apache.ratis.thirdparty.io.grpc.internal.ManagedChannelOrphanWrapper$ManagedChannelReference.<init>(ManagedChannelOrphanWrapper.java:93)
	at org.apache.ratis.thirdparty.io.grpc.internal.ManagedChannelOrphanWrapper.<init>(ManagedChannelOrphanWrapper.java:53)
	at org.apache.ratis.thirdparty.io.grpc.internal.ManagedChannelOrphanWrapper.<init>(ManagedChannelOrphanWrapper.java:44)
	at org.apache.ratis.thirdparty.io.grpc.internal.ManagedChannelImplBuilder.build(ManagedChannelImplBuilder.java:630)
	at org.apache.ratis.thirdparty.io.grpc.internal.AbstractManagedChannelImplBuilder.build(AbstractManagedChannelImplBuilder.java:297)
	at org.apache.hadoop.hdds.scm.XceiverClientGrpc.connectToDatanode(XceiverClientGrpc.java:205)
	at org.apache.hadoop.hdds.scm.XceiverClientGrpc.connect(XceiverClientGrpc.java:158)
	at org.apache.hadoop.hdds.scm.XceiverClientManager$2.call(XceiverClientManager.java:243)
	at org.apache.hadoop.hdds.scm.XceiverClientManager$2.call(XceiverClientManager.java:224)
	at com.google.common.cache.LocalCache$LocalManualCache$1.load(LocalCache.java:4868)
	at com.google.common.cache.LocalCache$LoadingValueReference.loadFuture(LocalCache.java:3533)
	at com.google.common.cache.LocalCache$Segment.loadSync(LocalCache.java:2282)
	at com.google.common.cache.LocalCache$Segment.lockedGetOrLoad(LocalCache.java:2159)
	at com.google.common.cache.LocalCache$Segment.get(LocalCache.java:2049)
	at com.google.common.cache.LocalCache.get(LocalCache.java:3966)
	at com.google.common.cache.LocalCache$LocalManualCache.get(LocalCache.java:4863)
	at org.apache.hadoop.hdds.scm.XceiverClientManager.getClient(XceiverClientManager.java:224)
	at org.apache.hadoop.hdds.scm.XceiverClientManager.acquireClient(XceiverClientManager.java:168)
	at org.apache.hadoop.hdds.scm.XceiverClientManager.acquireClient(XceiverClientManager.java:141)
	at org.apache.hadoop.hdds.scm.storage.BlockOutputStream.<init>(BlockOutputStream.java:161)
	at org.apache.hadoop.hdds.scm.storage.ECBlockOutputStream.<init>(ECBlockOutputStream.java:73)
	at org.apache.hadoop.ozone.client.io.ECBlockOutputStreamEntry.checkStream(ECBlockOutputStreamEntry.java:100)
	at org.apache.hadoop.ozone.client.io.BlockOutputStreamEntry.write(BlockOutputStreamEntry.java:123)
	at org.apache.hadoop.ozone.client.io.ECKeyOutputStream.writeToOutputStream(ECKeyOutputStream.java:406)
	at org.apache.hadoop.ozone.client.io.ECKeyOutputStream.handleOutputStreamWrite(ECKeyOutputStream.java:390)
	at org.apache.hadoop.ozone.client.io.ECKeyOutputStream.handleWrite(ECKeyOutputStream.java:364)
	at org.apache.hadoop.ozone.client.io.ECKeyOutputStream.write(ECKeyOutputStream.java:163)
	at org.apache.hadoop.ozone.client.io.OzoneOutputStream.write(OzoneOutputStream.java:50)
	at java.io.OutputStream.write(OutputStream.java:75)
	at org.apache.hadoop.ozone.client.rpc.read.TestInputStreamBase.writeRandomBytes(TestInputStreamBase.java:205)
	at org.apache.hadoop.ozone.client.rpc.read.TestKeyInputStream.testECSeek(TestKeyInputStream.java:231)
	at org.apache.hadoop.ozone.client.rpc.read.TestKeyInputStream.testNonReplicationReads(TestKeyInputStream.java:150)
	at sun.reflect.NativeMethodAccessorImpl.invoke0(Native Method)
	at sun.reflect.NativeMethodAccessorImpl.invoke(NativeMethodAccessorImpl.java:62)
	at sun.reflect.DelegatingMethodAccessorImpl.invoke(DelegatingMethodAccessorImpl.java:43)
	at java.lang.reflect.Method.invoke(Method.java:498)
	at org.junit.runners.model.FrameworkMethod$1.runReflectiveCall(FrameworkMethod.java:59)
	at org.junit.internal.runners.model.ReflectiveCallable.run(ReflectiveCallable.java:12)
	at org.junit.runners.model.FrameworkMethod.invokeExplosively(FrameworkMethod.java:56)
	at org.junit.internal.runners.statements.InvokeMethod.evaluate(InvokeMethod.java:17)
	at org.junit.internal.runners.statements.RunBefores.evaluate(RunBefores.java:26)
	at org.junit.internal.runners.statements.RunAfters.evaluate(RunAfters.java:27)
	at org.junit.internal.runners.statements.FailOnTimeout$CallableStatement.call(FailOnTimeout.java:288)
	at org.junit.internal.runners.statements.FailOnTimeout$CallableStatement.call(FailOnTimeout.java:282)
	at java.util.concurrent.FutureTask.run(FutureTask.java:266)
	at java.lang.Thread.run(Thread.java:750)

Oct 16, 2022 1:15:36 PM org.apache.ratis.thirdparty.io.grpc.internal.ManagedChannelOrphanWrapper$ManagedChannelReference cleanQueue
SEVERE: *~*~*~ Channel ManagedChannelImpl{logId=172, target=10.1.0.60:44287} was not shutdown properly!!! ~*~*~*
    Make sure to call shutdown()/shutdownNow() and wait until awaitTermination() returns true.
java.lang.RuntimeException: ManagedChannel allocation site
	at org.apache.ratis.thirdparty.io.grpc.internal.ManagedChannelOrphanWrapper$ManagedChannelReference.<init>(ManagedChannelOrphanWrapper.java:93)
	at org.apache.ratis.thirdparty.io.grpc.internal.ManagedChannelOrphanWrapper.<init>(ManagedChannelOrphanWrapper.java:53)
	at org.apache.ratis.thirdparty.io.grpc.internal.ManagedChannelOrphanWrapper.<init>(ManagedChannelOrphanWrapper.java:44)
	at org.apache.ratis.thirdparty.io.grpc.internal.ManagedChannelImplBuilder.build(ManagedChannelImplBuilder.java:630)
	at org.apache.ratis.thirdparty.io.grpc.internal.AbstractManagedChannelImplBuilder.build(AbstractManagedChannelImplBuilder.java:297)
	at org.apache.hadoop.hdds.scm.XceiverClientGrpc.connectToDatanode(XceiverClientGrpc.java:205)
	at org.apache.hadoop.hdds.scm.XceiverClientGrpc.connect(XceiverClientGrpc.java:158)
	at org.apache.hadoop.hdds.scm.XceiverClientManager$2.call(XceiverClientManager.java:243)
	at org.apache.hadoop.hdds.scm.XceiverClientManager$2.call(XceiverClientManager.java:224)
	at com.google.common.cache.LocalCache$LocalManualCache$1.load(LocalCache.java:4868)
	at com.google.common.cache.LocalCache$LoadingValueReference.loadFuture(LocalCache.java:3533)
	at com.google.common.cache.LocalCache$Segment.loadSync(LocalCache.java:2282)
	at com.google.common.cache.LocalCache$Segment.lockedGetOrLoad(LocalCache.java:2159)
	at com.google.common.cache.LocalCache$Segment.get(LocalCache.java:2049)
	at com.google.common.cache.LocalCache.get(LocalCache.java:3966)
	at com.google.common.cache.LocalCache$LocalManualCache.get(LocalCache.java:4863)
	at org.apache.hadoop.hdds.scm.XceiverClientManager.getClient(XceiverClientManager.java:224)
	at org.apache.hadoop.hdds.scm.XceiverClientManager.acquireClient(XceiverClientManager.java:168)
	at org.apache.hadoop.hdds.scm.XceiverClientManager.acquireClient(XceiverClientManager.java:141)
	at org.apache.hadoop.hdds.scm.storage.BlockOutputStream.<init>(BlockOutputStream.java:161)
	at org.apache.hadoop.hdds.scm.storage.ECBlockOutputStream.<init>(ECBlockOutputStream.java:73)
	at org.apache.hadoop.ozone.client.io.ECBlockOutputStreamEntry.checkStream(ECBlockOutputStreamEntry.java:100)
	at org.apache.hadoop.ozone.client.io.BlockOutputStreamEntry.write(BlockOutputStreamEntry.java:123)
	at org.apache.hadoop.ozone.client.io.ECKeyOutputStream.writeToOutputStream(ECKeyOutputStream.java:406)
	at org.apache.hadoop.ozone.client.io.ECKeyOutputStream.handleOutputStreamWrite(ECKeyOutputStream.java:390)
	at org.apache.hadoop.ozone.client.io.ECKeyOutputStream.handleWrite(ECKeyOutputStream.java:364)
	at org.apache.hadoop.ozone.client.io.ECKeyOutputStream.write(ECKeyOutputStream.java:163)
	at org.apache.hadoop.ozone.client.io.OzoneOutputStream.write(OzoneOutputStream.java:50)
	at java.io.OutputStream.write(OutputStream.java:75)
	at org.apache.hadoop.ozone.client.rpc.read.TestInputStreamBase.writeRandomBytes(TestInputStreamBase.java:205)
	at org.apache.hadoop.ozone.client.rpc.read.TestKeyInputStream.testECSeek(TestKeyInputStream.java:231)
	at org.apache.hadoop.ozone.client.rpc.read.TestKeyInputStream.testNonReplicationReads(TestKeyInputStream.java:150)
	at sun.reflect.NativeMethodAccessorImpl.invoke0(Native Method)
	at sun.reflect.NativeMethodAccessorImpl.invoke(NativeMethodAccessorImpl.java:62)
	at sun.reflect.DelegatingMethodAccessorImpl.invoke(DelegatingMethodAccessorImpl.java:43)
	at java.lang.reflect.Method.invoke(Method.java:498)
	at org.junit.runners.model.FrameworkMethod$1.runReflectiveCall(FrameworkMethod.java:59)
	at org.junit.internal.runners.model.ReflectiveCallable.run(ReflectiveCallable.java:12)
	at org.junit.runners.model.FrameworkMethod.invokeExplosively(FrameworkMethod.java:56)
	at org.junit.internal.runners.statements.InvokeMethod.evaluate(InvokeMethod.java:17)
	at org.junit.internal.runners.statements.RunBefores.evaluate(RunBefores.java:26)
	at org.junit.internal.runners.statements.RunAfters.evaluate(RunAfters.java:27)
	at org.junit.internal.runners.statements.FailOnTimeout$CallableStatement.call(FailOnTimeout.java:288)
	at org.junit.internal.runners.statements.FailOnTimeout$CallableStatement.call(FailOnTimeout.java:282)
	at java.util.concurrent.FutureTask.run(FutureTask.java:266)
	at java.lang.Thread.run(Thread.java:750)

Oct 16, 2022 1:15:36 PM org.apache.ratis.thirdparty.io.grpc.internal.ManagedChannelOrphanWrapper$ManagedChannelReference cleanQueue
SEVERE: *~*~*~ Channel ManagedChannelImpl{logId=122, target=10.1.0.60:34011} was not shutdown properly!!! ~*~*~*
    Make sure to call shutdown()/shutdownNow() and wait until awaitTermination() returns true.
java.lang.RuntimeException: ManagedChannel allocation site
	at org.apache.ratis.thirdparty.io.grpc.internal.ManagedChannelOrphanWrapper$ManagedChannelReference.<init>(ManagedChannelOrphanWrapper.java:93)
	at org.apache.ratis.thirdparty.io.grpc.internal.ManagedChannelOrphanWrapper.<init>(ManagedChannelOrphanWrapper.java:53)
	at org.apache.ratis.thirdparty.io.grpc.internal.ManagedChannelOrphanWrapper.<init>(ManagedChannelOrphanWrapper.java:44)
	at org.apache.ratis.thirdparty.io.grpc.internal.ManagedChannelImplBuilder.build(ManagedChannelImplBuilder.java:630)
	at org.apache.ratis.thirdparty.io.grpc.internal.AbstractManagedChannelImplBuilder.build(AbstractManagedChannelImplBuilder.java:297)
	at org.apache.hadoop.hdds.scm.XceiverClientGrpc.connectToDatanode(XceiverClientGrpc.java:205)
	at org.apache.hadoop.hdds.scm.XceiverClientGrpc.connect(XceiverClientGrpc.java:158)
	at org.apache.hadoop.hdds.scm.XceiverClientManager$2.call(XceiverClientManager.java:243)
	at org.apache.hadoop.hdds.scm.XceiverClientManager$2.call(XceiverClientManager.java:224)
	at com.google.common.cache.LocalCache$LocalManualCache$1.load(LocalCache.java:4868)
	at com.google.common.cache.LocalCache$LoadingValueReference.loadFuture(LocalCache.java:3533)
	at com.google.common.cache.LocalCache$Segment.loadSync(LocalCache.java:2282)
	at com.google.common.cache.LocalCache$Segment.lockedGetOrLoad(LocalCache.java:2159)
	at com.google.common.cache.LocalCache$Segment.get(LocalCache.java:2049)
	at com.google.common.cache.LocalCache.get(LocalCache.java:3966)
	at com.google.common.cache.LocalCache$LocalManualCache.get(LocalCache.java:4863)
	at org.apache.hadoop.hdds.scm.XceiverClientManager.getClient(XceiverClientManager.java:224)
	at org.apache.hadoop.hdds.scm.XceiverClientManager.acquireClient(XceiverClientManager.java:168)
	at org.apache.hadoop.hdds.scm.XceiverClientManager.acquireClient(XceiverClientManager.java:141)
	at org.apache.hadoop.hdds.scm.storage.BlockOutputStream.<init>(BlockOutputStream.java:161)
	at org.apache.hadoop.hdds.scm.storage.ECBlockOutputStream.<init>(ECBlockOutputStream.java:73)
	at org.apache.hadoop.ozone.client.io.ECBlockOutputStreamEntry.checkStream(ECBlockOutputStreamEntry.java:100)
	at org.apache.hadoop.ozone.client.io.BlockOutputStreamEntry.write(BlockOutputStreamEntry.java:123)
	at org.apache.hadoop.ozone.client.io.ECKeyOutputStream.writeToOutputStream(ECKeyOutputStream.java:406)
	at org.apache.hadoop.ozone.client.io.ECKeyOutputStream.handleOutputStreamWrite(ECKeyOutputStream.java:390)
	at org.apache.hadoop.ozone.client.io.ECKeyOutputStream.handleWrite(ECKeyOutputStream.java:364)
	at org.apache.hadoop.ozone.client.io.ECKeyOutputStream.write(ECKeyOutputStream.java:163)
	at org.apache.hadoop.ozone.client.io.OzoneOutputStream.write(OzoneOutputStream.java:50)
	at java.io.OutputStream.write(OutputStream.java:75)
	at org.apache.hadoop.ozone.client.rpc.read.TestInputStreamBase.writeRandomBytes(TestInputStreamBase.java:205)
	at org.apache.hadoop.ozone.client.rpc.read.TestKeyInputStream.testECSeek(TestKeyInputStream.java:231)
	at org.apache.hadoop.ozone.client.rpc.read.TestKeyInputStream.testNonReplicationReads(TestKeyInputStream.java:150)
	at sun.reflect.NativeMethodAccessorImpl.invoke0(Native Method)
	at sun.reflect.NativeMethodAccessorImpl.invoke(NativeMethodAccessorImpl.java:62)
	at sun.reflect.DelegatingMethodAccessorImpl.invoke(DelegatingMethodAccessorImpl.java:43)
	at java.lang.reflect.Method.invoke(Method.java:498)
	at org.junit.runners.model.FrameworkMethod$1.runReflectiveCall(FrameworkMethod.java:59)
	at org.junit.internal.runners.model.ReflectiveCallable.run(ReflectiveCallable.java:12)
	at org.junit.runners.model.FrameworkMethod.invokeExplosively(FrameworkMethod.java:56)
	at org.junit.internal.runners.statements.InvokeMethod.evaluate(InvokeMethod.java:17)
	at org.junit.internal.runners.statements.RunBefores.evaluate(RunBefores.java:26)
	at org.junit.internal.runners.statements.RunAfters.evaluate(RunAfters.java:27)
	at org.junit.internal.runners.statements.FailOnTimeout$CallableStatement.call(FailOnTimeout.java:288)
	at org.junit.internal.runners.statements.FailOnTimeout$CallableStatement.call(FailOnTimeout.java:282)
	at java.util.concurrent.FutureTask.run(FutureTask.java:266)
	at java.lang.Thread.run(Thread.java:750)

Oct 16, 2022 1:15:36 PM org.apache.ratis.thirdparty.io.grpc.internal.ManagedChannelOrphanWrapper$ManagedChannelReference cleanQueue
SEVERE: *~*~*~ Channel ManagedChannelImpl{logId=214, target=10.1.0.60:43787} was not shutdown properly!!! ~*~*~*
    Make sure to call shutdown()/shutdownNow() and wait until awaitTermination() returns true.
java.lang.RuntimeException: ManagedChannel allocation site
	at org.apache.ratis.thirdparty.io.grpc.internal.ManagedChannelOrphanWrapper$ManagedChannelReference.<init>(ManagedChannelOrphanWrapper.java:93)
	at org.apache.ratis.thirdparty.io.grpc.internal.ManagedChannelOrphanWrapper.<init>(ManagedChannelOrphanWrapper.java:53)
	at org.apache.ratis.thirdparty.io.grpc.internal.ManagedChannelOrphanWrapper.<init>(ManagedChannelOrphanWrapper.java:44)
	at org.apache.ratis.thirdparty.io.grpc.internal.ManagedChannelImplBuilder.build(ManagedChannelImplBuilder.java:630)
	at org.apache.ratis.thirdparty.io.grpc.internal.AbstractManagedChannelImplBuilder.build(AbstractManagedChannelImplBuilder.java:297)
	at org.apache.hadoop.hdds.scm.XceiverClientGrpc.connectToDatanode(XceiverClientGrpc.java:205)
	at org.apache.hadoop.hdds.scm.XceiverClientGrpc.connect(XceiverClientGrpc.java:158)
	at org.apache.hadoop.hdds.scm.XceiverClientManager$2.call(XceiverClientManager.java:243)
	at org.apache.hadoop.hdds.scm.XceiverClientManager$2.call(XceiverClientManager.java:224)
	at com.google.common.cache.LocalCache$LocalManualCache$1.load(LocalCache.java:4868)
	at com.google.common.cache.LocalCache$LoadingValueReference.loadFuture(LocalCache.java:3533)
	at com.google.common.cache.LocalCache$Segment.loadSync(LocalCache.java:2282)
	at com.google.common.cache.LocalCache$Segment.lockedGetOrLoad(LocalCache.java:2159)
	at com.google.common.cache.LocalCache$Segment.get(LocalCache.java:2049)
	at com.google.common.cache.LocalCache.get(LocalCache.java:3966)
	at com.google.common.cache.LocalCache$LocalManualCache.get(LocalCache.java:4863)
	at org.apache.hadoop.hdds.scm.XceiverClientManager.getClient(XceiverClientManager.java:224)
	at org.apache.hadoop.hdds.scm.XceiverClientManager.acquireClient(XceiverClientManager.java:168)
	at org.apache.hadoop.hdds.scm.XceiverClientManager.acquireClientForReadData(XceiverClientManager.java:157)
	at org.apache.hadoop.hdds.scm.storage.BlockInputStream.acquireClient(BlockInputStream.java:256)
	at org.apache.hadoop.hdds.scm.storage.BlockInputStream.getChunkInfos(BlockInputStream.java:223)
	at org.apache.hadoop.hdds.scm.storage.BlockInputStream.initialize(BlockInputStream.java:146)
	at org.apache.hadoop.hdds.scm.storage.BlockInputStream.readWithStrategy(BlockInputStream.java:283)
	at org.apache.hadoop.hdds.scm.storage.ExtendedInputStream.read(ExtendedInputStream.java:64)
	at org.apache.hadoop.hdds.scm.storage.ByteBufferReader.readFromBlock(ByteBufferReader.java:56)
	at org.apache.hadoop.ozone.client.io.ECBlockInputStream.readFromStream(ECBlockInputStream.java:365)
	at org.apache.hadoop.ozone.client.io.ECBlockInputStream.readWithStrategy(ECBlockInputStream.java:300)
	at org.apache.hadoop.hdds.scm.storage.ExtendedInputStream.read(ExtendedInputStream.java:64)
	at org.apache.hadoop.ozone.client.io.ECBlockInputStreamProxy.read(ECBlockInputStreamProxy.java:158)
	at org.apache.hadoop.ozone.client.io.ECBlockInputStreamProxy.read(ECBlockInputStreamProxy.java:143)
	at org.apache.hadoop.hdds.scm.storage.ByteArrayReader.readFromBlock(ByteArrayReader.java:57)
	at org.apache.hadoop.ozone.client.io.KeyInputStream.readWithStrategy(KeyInputStream.java:273)
	at org.apache.hadoop.ozone.client.io.KeyInputStream.read(KeyInputStream.java:240)
	at org.apache.hadoop.ozone.client.rpc.read.TestKeyInputStream.validate(TestKeyInputStream.java:133)
	at org.apache.hadoop.ozone.client.rpc.read.TestKeyInputStream.testECSeek(TestKeyInputStream.java:234)
	at org.apache.hadoop.ozone.client.rpc.read.TestKeyInputStream.testNonReplicationReads(TestKeyInputStream.java:150)
	at sun.reflect.NativeMethodAccessorImpl.invoke0(Native Method)
	at sun.reflect.NativeMethodAccessorImpl.invoke(NativeMethodAccessorImpl.java:62)
	at sun.reflect.DelegatingMethodAccessorImpl.invoke(DelegatingMethodAccessorImpl.java:43)
	at java.lang.reflect.Method.invoke(Method.java:498)
	at org.junit.runners.model.FrameworkMethod$1.runReflectiveCall(FrameworkMethod.java:59)
	at org.junit.internal.runners.model.ReflectiveCallable.run(ReflectiveCallable.java:12)
	at org.junit.runners.model.FrameworkMethod.invokeExplosively(FrameworkMethod.java:56)
	at org.junit.internal.runners.statements.InvokeMethod.evaluate(InvokeMethod.java:17)
	at org.junit.internal.runners.statements.RunBefores.evaluate(RunBefores.java:26)
	at org.junit.internal.runners.statements.RunAfters.evaluate(RunAfters.java:27)
	at org.junit.internal.runners.statements.FailOnTimeout$CallableStatement.call(FailOnTimeout.java:288)
	at org.junit.internal.runners.statements.FailOnTimeout$CallableStatement.call(FailOnTimeout.java:282)
	at java.util.concurrent.FutureTask.run(FutureTask.java:266)
	at java.lang.Thread.run(Thread.java:750)

Oct 16, 2022 1:15:36 PM org.apache.ratis.thirdparty.io.grpc.internal.ManagedChannelOrphanWrapper$ManagedChannelReference cleanQueue
SEVERE: *~*~*~ Channel ManagedChannelImpl{logId=191, target=10.1.0.60:44287} was not shutdown properly!!! ~*~*~*
    Make sure to call shutdown()/shutdownNow() and wait until awaitTermination() returns true.
java.lang.RuntimeException: ManagedChannel allocation site
	at org.apache.ratis.thirdparty.io.grpc.internal.ManagedChannelOrphanWrapper$ManagedChannelReference.<init>(ManagedChannelOrphanWrapper.java:93)
	at org.apache.ratis.thirdparty.io.grpc.internal.ManagedChannelOrphanWrapper.<init>(ManagedChannelOrphanWrapper.java:53)
	at org.apache.ratis.thirdparty.io.grpc.internal.ManagedChannelOrphanWrapper.<init>(ManagedChannelOrphanWrapper.java:44)
	at org.apache.ratis.thirdparty.io.grpc.internal.ManagedChannelImplBuilder.build(ManagedChannelImplBuilder.java:630)
	at org.apache.ratis.thirdparty.io.grpc.internal.AbstractManagedChannelImplBuilder.build(AbstractManagedChannelImplBuilder.java:297)
	at org.apache.hadoop.hdds.scm.XceiverClientGrpc.connectToDatanode(XceiverClientGrpc.java:205)
	at org.apache.hadoop.hdds.scm.XceiverClientGrpc.connect(XceiverClientGrpc.java:158)
	at org.apache.hadoop.hdds.scm.XceiverClientManager$2.call(XceiverClientManager.java:243)
	at org.apache.hadoop.hdds.scm.XceiverClientManager$2.call(XceiverClientManager.java:224)
	at com.google.common.cache.LocalCache$LocalManualCache$1.load(LocalCache.java:4868)
	at com.google.common.cache.LocalCache$LoadingValueReference.loadFuture(LocalCache.java:3533)
	at com.google.common.cache.LocalCache$Segment.loadSync(LocalCache.java:2282)
	at com.google.common.cache.LocalCache$Segment.lockedGetOrLoad(LocalCache.java:2159)
	at com.google.common.cache.LocalCache$Segment.get(LocalCache.java:2049)
	at com.google.common.cache.LocalCache.get(LocalCache.java:3966)
	at com.google.common.cache.LocalCache$LocalManualCache.get(LocalCache.java:4863)
	at org.apache.hadoop.hdds.scm.XceiverClientManager.getClient(XceiverClientManager.java:224)
	at org.apache.hadoop.hdds.scm.XceiverClientManager.acquireClient(XceiverClientManager.java:168)
	at org.apache.hadoop.hdds.scm.XceiverClientManager.acquireClient(XceiverClientManager.java:141)
	at org.apache.hadoop.hdds.scm.storage.BlockOutputStream.<init>(BlockOutputStream.java:161)
	at org.apache.hadoop.hdds.scm.storage.ECBlockOutputStream.<init>(ECBlockOutputStream.java:73)
	at org.apache.hadoop.ozone.client.io.ECBlockOutputStreamEntry.checkStream(ECBlockOutputStreamEntry.java:100)
	at org.apache.hadoop.ozone.client.io.BlockOutputStreamEntry.write(BlockOutputStreamEntry.java:123)
	at org.apache.hadoop.ozone.client.io.ECKeyOutputStream.writeToOutputStream(ECKeyOutputStream.java:406)
	at org.apache.hadoop.ozone.client.io.ECKeyOutputStream.handleOutputStreamWrite(ECKeyOutputStream.java:390)
	at org.apache.hadoop.ozone.client.io.ECKeyOutputStream.handleWrite(ECKeyOutputStream.java:364)
	at org.apache.hadoop.ozone.client.io.ECKeyOutputStream.write(ECKeyOutputStream.java:163)
	at org.apache.hadoop.ozone.client.io.OzoneOutputStream.write(OzoneOutputStream.java:50)
	at java.io.OutputStream.write(OutputStream.java:75)
	at org.apache.hadoop.ozone.client.rpc.read.TestInputStreamBase.writeRandomBytes(TestInputStreamBase.java:205)
	at org.apache.hadoop.ozone.client.rpc.read.TestKeyInputStream.testECSeek(TestKeyInputStream.java:231)
	at org.apache.hadoop.ozone.client.rpc.read.TestKeyInputStream.testNonReplicationReads(TestKeyInputStream.java:150)
	at sun.reflect.NativeMethodAccessorImpl.invoke0(Native Method)
	at sun.reflect.NativeMethodAccessorImpl.invoke(NativeMethodAccessorImpl.java:62)
	at sun.reflect.DelegatingMethodAccessorImpl.invoke(DelegatingMethodAccessorImpl.java:43)
	at java.lang.reflect.Method.invoke(Method.java:498)
	at org.junit.runners.model.FrameworkMethod$1.runReflectiveCall(FrameworkMethod.java:59)
	at org.junit.internal.runners.model.ReflectiveCallable.run(ReflectiveCallable.java:12)
	at org.junit.runners.model.FrameworkMethod.invokeExplosively(FrameworkMethod.java:56)
	at org.junit.internal.runners.statements.InvokeMethod.evaluate(InvokeMethod.java:17)
	at org.junit.internal.runners.statements.RunBefores.evaluate(RunBefores.java:26)
	at org.junit.internal.runners.statements.RunAfters.evaluate(RunAfters.java:27)
	at org.junit.internal.runners.statements.FailOnTimeout$CallableStatement.call(FailOnTimeout.java:288)
	at org.junit.internal.runners.statements.FailOnTimeout$CallableStatement.call(FailOnTimeout.java:282)
	at java.util.concurrent.FutureTask.run(FutureTask.java:266)
	at java.lang.Thread.run(Thread.java:750)

Oct 16, 2022 1:15:36 PM org.apache.ratis.thirdparty.io.grpc.internal.ManagedChannelOrphanWrapper$ManagedChannelReference cleanQueue
SEVERE: *~*~*~ Channel ManagedChannelImpl{logId=219, target=10.1.0.60:44287} was not shutdown properly!!! ~*~*~*
    Make sure to call shutdown()/shutdownNow() and wait until awaitTermination() returns true.
java.lang.RuntimeException: ManagedChannel allocation site
	at org.apache.ratis.thirdparty.io.grpc.internal.ManagedChannelOrphanWrapper$ManagedChannelReference.<init>(ManagedChannelOrphanWrapper.java:93)
	at org.apache.ratis.thirdparty.io.grpc.internal.ManagedChannelOrphanWrapper.<init>(ManagedChannelOrphanWrapper.java:53)
	at org.apache.ratis.thirdparty.io.grpc.internal.ManagedChannelOrphanWrapper.<init>(ManagedChannelOrphanWrapper.java:44)
	at org.apache.ratis.thirdparty.io.grpc.internal.ManagedChannelImplBuilder.build(ManagedChannelImplBuilder.java:630)
	at org.apache.ratis.thirdparty.io.grpc.internal.AbstractManagedChannelImplBuilder.build(AbstractManagedChannelImplBuilder.java:297)
	at org.apache.hadoop.hdds.scm.XceiverClientGrpc.connectToDatanode(XceiverClientGrpc.java:205)
	at org.apache.hadoop.hdds.scm.XceiverClientGrpc.connect(XceiverClientGrpc.java:158)
	at org.apache.hadoop.hdds.scm.XceiverClientManager$2.call(XceiverClientManager.java:243)
	at org.apache.hadoop.hdds.scm.XceiverClientManager$2.call(XceiverClientManager.java:224)
	at com.google.common.cache.LocalCache$LocalManualCache$1.load(LocalCache.java:4868)
	at com.google.common.cache.LocalCache$LoadingValueReference.loadFuture(LocalCache.java:3533)
	at com.google.common.cache.LocalCache$Segment.loadSync(LocalCache.java:2282)
	at com.google.common.cache.LocalCache$Segment.lockedGetOrLoad(LocalCache.java:2159)
	at com.google.common.cache.LocalCache$Segment.get(LocalCache.java:2049)
	at com.google.common.cache.LocalCache.get(LocalCache.java:3966)
	at com.google.common.cache.LocalCache$LocalManualCache.get(LocalCache.java:4863)
	at org.apache.hadoop.hdds.scm.XceiverClientManager.getClient(XceiverClientManager.java:224)
	at org.apache.hadoop.hdds.scm.XceiverClientManager.acquireClient(XceiverClientManager.java:168)
	at org.apache.hadoop.hdds.scm.XceiverClientManager.acquireClientForReadData(XceiverClientManager.java:157)
	at org.apache.hadoop.hdds.scm.storage.BlockInputStream.acquireClient(BlockInputStream.java:256)
	at org.apache.hadoop.hdds.scm.storage.BlockInputStream.getChunkInfos(BlockInputStream.java:223)
	at org.apache.hadoop.hdds.scm.storage.BlockInputStream.initialize(BlockInputStream.java:146)
	at org.apache.hadoop.hdds.scm.storage.BlockInputStream.readWithStrategy(BlockInputStream.java:283)
	at org.apache.hadoop.hdds.scm.storage.ExtendedInputStream.read(ExtendedInputStream.java:64)
	at org.apache.hadoop.hdds.scm.storage.ByteBufferReader.readFromBlock(ByteBufferReader.java:56)
	at org.apache.hadoop.ozone.client.io.ECBlockInputStream.readFromStream(ECBlockInputStream.java:365)
	at org.apache.hadoop.ozone.client.io.ECBlockInputStream.readWithStrategy(ECBlockInputStream.java:300)
	at org.apache.hadoop.hdds.scm.storage.ExtendedInputStream.read(ExtendedInputStream.java:64)
	at org.apache.hadoop.ozone.client.io.ECBlockInputStreamProxy.read(ECBlockInputStreamProxy.java:158)
	at org.apache.hadoop.ozone.client.io.ECBlockInputStreamProxy.read(ECBlockInputStreamProxy.java:143)
	at org.apache.hadoop.hdds.scm.storage.ByteArrayReader.readFromBlock(ByteArrayReader.java:57)
	at org.apache.hadoop.ozone.client.io.KeyInputStream.readWithStrategy(KeyInputStream.java:273)
	at org.apache.hadoop.ozone.client.io.KeyInputStream.read(KeyInputStream.java:240)
	at org.apache.hadoop.ozone.client.rpc.read.TestKeyInputStream.validate(TestKeyInputStream.java:133)
	at org.apache.hadoop.ozone.client.rpc.read.TestKeyInputStream.testECSeek(TestKeyInputStream.java:234)
	at org.apache.hadoop.ozone.client.rpc.read.TestKeyInputStream.testNonReplicationReads(TestKeyInputStream.java:150)
	at sun.reflect.NativeMethodAccessorImpl.invoke0(Native Method)
	at sun.reflect.NativeMethodAccessorImpl.invoke(NativeMethodAccessorImpl.java:62)
	at sun.reflect.DelegatingMethodAccessorImpl.invoke(DelegatingMethodAccessorImpl.java:43)
	at java.lang.reflect.Method.invoke(Method.java:498)
	at org.junit.runners.model.FrameworkMethod$1.runReflectiveCall(FrameworkMethod.java:59)
	at org.junit.internal.runners.model.ReflectiveCallable.run(ReflectiveCallable.java:12)
	at org.junit.runners.model.FrameworkMethod.invokeExplosively(FrameworkMethod.java:56)
	at org.junit.internal.runners.statements.InvokeMethod.evaluate(InvokeMethod.java:17)
	at org.junit.internal.runners.statements.RunBefores.evaluate(RunBefores.java:26)
	at org.junit.internal.runners.statements.RunAfters.evaluate(RunAfters.java:27)
	at org.junit.internal.runners.statements.FailOnTimeout$CallableStatement.call(FailOnTimeout.java:288)
	at org.junit.internal.runners.statements.FailOnTimeout$CallableStatement.call(FailOnTimeout.java:282)
	at java.util.concurrent.FutureTask.run(FutureTask.java:266)
	at java.lang.Thread.run(Thread.java:750)

Oct 16, 2022 1:15:36 PM org.apache.ratis.thirdparty.io.grpc.internal.ManagedChannelOrphanWrapper$ManagedChannelReference cleanQueue
SEVERE: *~*~*~ Channel ManagedChannelImpl{logId=378, target=10.1.0.60:45749} was not shutdown properly!!! ~*~*~*
    Make sure to call shutdown()/shutdownNow() and wait until awaitTermination() returns true.
java.lang.RuntimeException: ManagedChannel allocation site
	at org.apache.ratis.thirdparty.io.grpc.internal.ManagedChannelOrphanWrapper$ManagedChannelReference.<init>(ManagedChannelOrphanWrapper.java:93)
	at org.apache.ratis.thirdparty.io.grpc.internal.ManagedChannelOrphanWrapper.<init>(ManagedChannelOrphanWrapper.java:53)
	at org.apache.ratis.thirdparty.io.grpc.internal.ManagedChannelOrphanWrapper.<init>(ManagedChannelOrphanWrapper.java:44)
	at org.apache.ratis.thirdparty.io.grpc.internal.ManagedChannelImplBuilder.build(ManagedChannelImplBuilder.java:630)
	at org.apache.ratis.thirdparty.io.grpc.internal.AbstractManagedChannelImplBuilder.build(AbstractManagedChannelImplBuilder.java:297)
	at org.apache.hadoop.hdds.scm.XceiverClientGrpc.connectToDatanode(XceiverClientGrpc.java:205)
	at org.apache.hadoop.hdds.scm.XceiverClientGrpc.connect(XceiverClientGrpc.java:158)
	at org.apache.hadoop.hdds.scm.XceiverClientManager$2.call(XceiverClientManager.java:243)
	at org.apache.hadoop.hdds.scm.XceiverClientManager$2.call(XceiverClientManager.java:224)
	at com.google.common.cache.LocalCache$LocalManualCache$1.load(LocalCache.java:4868)
	at com.google.common.cache.LocalCache$LoadingValueReference.loadFuture(LocalCache.java:3533)
	at com.google.common.cache.LocalCache$Segment.loadSync(LocalCache.java:2282)
	at com.google.common.cache.LocalCache$Segment.lockedGetOrLoad(LocalCache.java:2159)
	at com.google.common.cache.LocalCache$Segment.get(LocalCache.java:2049)
	at com.google.common.cache.LocalCache.get(LocalCache.java:3966)
	at com.google.common.cache.LocalCache$LocalManualCache.get(LocalCache.java:4863)
	at org.apache.hadoop.hdds.scm.XceiverClientManager.getClient(XceiverClientManager.java:224)
	at org.apache.hadoop.hdds.scm.XceiverClientManager.acquireClient(XceiverClientManager.java:168)
	at org.apache.hadoop.hdds.scm.XceiverClientManager.acquireClientForReadData(XceiverClientManager.java:157)
	at org.apache.hadoop.hdds.scm.storage.BlockInputStream.acquireClient(BlockInputStream.java:256)
	at org.apache.hadoop.hdds.scm.storage.BlockInputStream.getChunkInfos(BlockInputStream.java:223)
	at org.apache.hadoop.hdds.scm.storage.BlockInputStream.initialize(BlockInputStream.java:146)
	at org.apache.hadoop.hdds.scm.storage.BlockInputStream.readWithStrategy(BlockInputStream.java:283)
	at org.apache.hadoop.hdds.scm.storage.ExtendedInputStream.read(ExtendedInputStream.java:54)
	at org.apache.hadoop.hdds.scm.storage.ByteArrayReader.readFromBlock(ByteArrayReader.java:57)
	at org.apache.hadoop.ozone.client.io.KeyInputStream.readWithStrategy(KeyInputStream.java:273)
	at org.apache.hadoop.ozone.client.io.KeyInputStream.read(KeyInputStream.java:240)
	at org.apache.hadoop.ozone.client.io.KeyInputStream.read(KeyInputStream.java:224)
	at org.apache.hadoop.ozone.client.rpc.read.TestKeyInputStream.testReadAfterReplication(TestKeyInputStream.java:441)
	at org.apache.hadoop.ozone.client.rpc.read.TestKeyInputStream.readAfterReplicationWithUnbuffering(TestKeyInputStream.java:398)
	at sun.reflect.NativeMethodAccessorImpl.invoke0(Native Method)
	at sun.reflect.NativeMethodAccessorImpl.invoke(NativeMethodAccessorImpl.java:62)
	at sun.reflect.DelegatingMethodAccessorImpl.invoke(DelegatingMethodAccessorImpl.java:43)
	at java.lang.reflect.Method.invoke(Method.java:498)
	at org.junit.runners.model.FrameworkMethod$1.runReflectiveCall(FrameworkMethod.java:59)
	at org.junit.internal.runners.model.ReflectiveCallable.run(ReflectiveCallable.java:12)
	at org.junit.runners.model.FrameworkMethod.invokeExplosively(FrameworkMethod.java:56)
	at org.junit.internal.runners.statements.InvokeMethod.evaluate(InvokeMethod.java:17)
	at org.junit.internal.runners.statements.RunBefores.evaluate(RunBefores.java:26)
	at org.junit.internal.runners.statements.RunAfters.evaluate(RunAfters.java:27)
	at org.junit.internal.runners.statements.FailOnTimeout$CallableStatement.call(FailOnTimeout.java:288)
	at org.junit.internal.runners.statements.FailOnTimeout$CallableStatement.call(FailOnTimeout.java:282)
	at java.util.concurrent.FutureTask.run(FutureTask.java:266)
	at java.lang.Thread.run(Thread.java:750)

Oct 16, 2022 1:15:36 PM org.apache.ratis.thirdparty.io.grpc.internal.ManagedChannelOrphanWrapper$ManagedChannelReference cleanQueue
SEVERE: *~*~*~ Channel ManagedChannelImpl{logId=368, target=10.1.0.60:45749} was not shutdown properly!!! ~*~*~*
    Make sure to call shutdown()/shutdownNow() and wait until awaitTermination() returns true.
java.lang.RuntimeException: ManagedChannel allocation site
	at org.apache.ratis.thirdparty.io.grpc.internal.ManagedChannelOrphanWrapper$ManagedChannelReference.<init>(ManagedChannelOrphanWrapper.java:93)
	at org.apache.ratis.thirdparty.io.grpc.internal.ManagedChannelOrphanWrapper.<init>(ManagedChannelOrphanWrapper.java:53)
	at org.apache.ratis.thirdparty.io.grpc.internal.ManagedChannelOrphanWrapper.<init>(ManagedChannelOrphanWrapper.java:44)
	at org.apache.ratis.thirdparty.io.grpc.internal.ManagedChannelImplBuilder.build(ManagedChannelImplBuilder.java:630)
	at org.apache.ratis.thirdparty.io.grpc.internal.AbstractManagedChannelImplBuilder.build(AbstractManagedChannelImplBuilder.java:297)
	at org.apache.hadoop.hdds.scm.XceiverClientGrpc.connectToDatanode(XceiverClientGrpc.java:205)
	at org.apache.hadoop.hdds.scm.XceiverClientGrpc.connect(XceiverClientGrpc.java:158)
	at org.apache.hadoop.hdds.scm.XceiverClientManager$2.call(XceiverClientManager.java:243)
	at org.apache.hadoop.hdds.scm.XceiverClientManager$2.call(XceiverClientManager.java:224)
	at com.google.common.cache.LocalCache$LocalManualCache$1.load(LocalCache.java:4868)
	at com.google.common.cache.LocalCache$LoadingValueReference.loadFuture(LocalCache.java:3533)
	at com.google.common.cache.LocalCache$Segment.loadSync(LocalCache.java:2282)
	at com.google.common.cache.LocalCache$Segment.lockedGetOrLoad(LocalCache.java:2159)
	at com.google.common.cache.LocalCache$Segment.get(LocalCache.java:2049)
	at com.google.common.cache.LocalCache.get(LocalCache.java:3966)
	at com.google.common.cache.LocalCache$LocalManualCache.get(LocalCache.java:4863)
	at org.apache.hadoop.hdds.scm.XceiverClientManager.getClient(XceiverClientManager.java:224)
	at org.apache.hadoop.hdds.scm.XceiverClientManager.acquireClient(XceiverClientManager.java:168)
	at org.apache.hadoop.hdds.scm.XceiverClientManager.acquireClientForReadData(XceiverClientManager.java:157)
	at org.apache.hadoop.hdds.scm.storage.BlockInputStream.acquireClient(BlockInputStream.java:256)
	at org.apache.hadoop.hdds.scm.storage.BlockInputStream.getChunkInfos(BlockInputStream.java:223)
	at org.apache.hadoop.hdds.scm.storage.BlockInputStream.initialize(BlockInputStream.java:146)
	at org.apache.hadoop.hdds.scm.storage.BlockInputStream.readWithStrategy(BlockInputStream.java:283)
	at org.apache.hadoop.hdds.scm.storage.ExtendedInputStream.read(ExtendedInputStream.java:54)
	at org.apache.hadoop.hdds.scm.storage.ByteArrayReader.readFromBlock(ByteArrayReader.java:57)
	at org.apache.hadoop.ozone.client.io.KeyInputStream.readWithStrategy(KeyInputStream.java:273)
	at org.apache.hadoop.ozone.client.io.KeyInputStream.read(KeyInputStream.java:240)
	at org.apache.hadoop.ozone.client.io.KeyInputStream.read(KeyInputStream.java:224)
	at org.apache.hadoop.ozone.client.rpc.read.TestKeyInputStream.testReadAfterReplication(TestKeyInputStream.java:429)
	at org.apache.hadoop.ozone.client.rpc.read.TestKeyInputStream.readAfterReplicationWithUnbuffering(TestKeyInputStream.java:398)
	at sun.reflect.NativeMethodAccessorImpl.invoke0(Native Method)
	at sun.reflect.NativeMethodAccessorImpl.invoke(NativeMethodAccessorImpl.java:62)
	at sun.reflect.DelegatingMethodAccessorImpl.invoke(DelegatingMethodAccessorImpl.java:43)
	at java.lang.reflect.Method.invoke(Method.java:498)
	at org.junit.runners.model.FrameworkMethod$1.runReflectiveCall(FrameworkMethod.java:59)
	at org.junit.internal.runners.model.ReflectiveCallable.run(ReflectiveCallable.java:12)
	at org.junit.runners.model.FrameworkMethod.invokeExplosively(FrameworkMethod.java:56)
	at org.junit.internal.runners.statements.InvokeMethod.evaluate(InvokeMethod.java:17)
	at org.junit.internal.runners.statements.RunBefores.evaluate(RunBefores.java:26)
	at org.junit.internal.runners.statements.RunAfters.evaluate(RunAfters.java:27)
	at org.junit.internal.runners.statements.FailOnTimeout$CallableStatement.call(FailOnTimeout.java:288)
	at org.junit.internal.runners.statements.FailOnTimeout$CallableStatement.call(FailOnTimeout.java:282)
	at java.util.concurrent.FutureTask.run(FutureTask.java:266)
	at java.lang.Thread.run(Thread.java:750)

Oct 16, 2022 1:15:36 PM org.apache.ratis.thirdparty.io.grpc.internal.ManagedChannelOrphanWrapper$ManagedChannelReference cleanQueue
SEVERE: *~*~*~ Channel ManagedChannelImpl{logId=166, target=10.1.0.60:34011} was not shutdown properly!!! ~*~*~*
    Make sure to call shutdown()/shutdownNow() and wait until awaitTermination() returns true.
java.lang.RuntimeException: ManagedChannel allocation site
	at org.apache.ratis.thirdparty.io.grpc.internal.ManagedChannelOrphanWrapper$ManagedChannelReference.<init>(ManagedChannelOrphanWrapper.java:93)
	at org.apache.ratis.thirdparty.io.grpc.internal.ManagedChannelOrphanWrapper.<init>(ManagedChannelOrphanWrapper.java:53)
	at org.apache.ratis.thirdparty.io.grpc.internal.ManagedChannelOrphanWrapper.<init>(ManagedChannelOrphanWrapper.java:44)
	at org.apache.ratis.thirdparty.io.grpc.internal.ManagedChannelImplBuilder.build(ManagedChannelImplBuilder.java:630)
	at org.apache.ratis.thirdparty.io.grpc.internal.AbstractManagedChannelImplBuilder.build(AbstractManagedChannelImplBuilder.java:297)
	at org.apache.hadoop.hdds.scm.XceiverClientGrpc.connectToDatanode(XceiverClientGrpc.java:205)
	at org.apache.hadoop.hdds.scm.XceiverClientGrpc.connect(XceiverClientGrpc.java:158)
	at org.apache.hadoop.hdds.scm.XceiverClientManager$2.call(XceiverClientManager.java:243)
	at org.apache.hadoop.hdds.scm.XceiverClientManager$2.call(XceiverClientManager.java:224)
	at com.google.common.cache.LocalCache$LocalManualCache$1.load(LocalCache.java:4868)
	at com.google.common.cache.LocalCache$LoadingValueReference.loadFuture(LocalCache.java:3533)
	at com.google.common.cache.LocalCache$Segment.loadSync(LocalCache.java:2282)
	at com.google.common.cache.LocalCache$Segment.lockedGetOrLoad(LocalCache.java:2159)
	at com.google.common.cache.LocalCache$Segment.get(LocalCache.java:2049)
	at com.google.common.cache.LocalCache.get(LocalCache.java:3966)
	at com.google.common.cache.LocalCache$LocalManualCache.get(LocalCache.java:4863)
	at org.apache.hadoop.hdds.scm.XceiverClientManager.getClient(XceiverClientManager.java:224)
	at org.apache.hadoop.hdds.scm.XceiverClientManager.acquireClient(XceiverClientManager.java:168)
	at org.apache.hadoop.hdds.scm.XceiverClientManager.acquireClient(XceiverClientManager.java:141)
	at org.apache.hadoop.hdds.scm.storage.BlockOutputStream.<init>(BlockOutputStream.java:161)
	at org.apache.hadoop.hdds.scm.storage.ECBlockOutputStream.<init>(ECBlockOutputStream.java:73)
	at org.apache.hadoop.ozone.client.io.ECBlockOutputStreamEntry.checkStream(ECBlockOutputStreamEntry.java:100)
	at org.apache.hadoop.ozone.client.io.BlockOutputStreamEntry.write(BlockOutputStreamEntry.java:123)
	at org.apache.hadoop.ozone.client.io.ECKeyOutputStream.writeToOutputStream(ECKeyOutputStream.java:406)
	at org.apache.hadoop.ozone.client.io.ECKeyOutputStream.handleOutputStreamWrite(ECKeyOutputStream.java:390)
	at org.apache.hadoop.ozone.client.io.ECKeyOutputStream.handleWrite(ECKeyOutputStream.java:364)
	at org.apache.hadoop.ozone.client.io.ECKeyOutputStream.write(ECKeyOutputStream.java:163)
	at org.apache.hadoop.ozone.client.io.OzoneOutputStream.write(OzoneOutputStream.java:50)
	at java.io.OutputStream.write(OutputStream.java:75)
	at org.apache.hadoop.ozone.client.rpc.read.TestInputStreamBase.writeRandomBytes(TestInputStreamBase.java:205)
	at org.apache.hadoop.ozone.client.rpc.read.TestKeyInputStream.testECSeek(TestKeyInputStream.java:231)
	at org.apache.hadoop.ozone.client.rpc.read.TestKeyInputStream.testNonReplicationReads(TestKeyInputStream.java:150)
	at sun.reflect.NativeMethodAccessorImpl.invoke0(Native Method)
	at sun.reflect.NativeMethodAccessorImpl.invoke(NativeMethodAccessorImpl.java:62)
	at sun.reflect.DelegatingMethodAccessorImpl.invoke(DelegatingMethodAccessorImpl.java:43)
	at java.lang.reflect.Method.invoke(Method.java:498)
	at org.junit.runners.model.FrameworkMethod$1.runReflectiveCall(FrameworkMethod.java:59)
	at org.junit.internal.runners.model.ReflectiveCallable.run(ReflectiveCallable.java:12)
	at org.junit.runners.model.FrameworkMethod.invokeExplosively(FrameworkMethod.java:56)
	at org.junit.internal.runners.statements.InvokeMethod.evaluate(InvokeMethod.java:17)
	at org.junit.internal.runners.statements.RunBefores.evaluate(RunBefores.java:26)
	at org.junit.internal.runners.statements.RunAfters.evaluate(RunAfters.java:27)
	at org.junit.internal.runners.statements.FailOnTimeout$CallableStatement.call(FailOnTimeout.java:288)
	at org.junit.internal.runners.statements.FailOnTimeout$CallableStatement.call(FailOnTimeout.java:282)
	at java.util.concurrent.FutureTask.run(FutureTask.java:266)
	at java.lang.Thread.run(Thread.java:750)

Oct 16, 2022 1:15:36 PM org.apache.ratis.thirdparty.io.grpc.internal.ManagedChannelOrphanWrapper$ManagedChannelReference cleanQueue
SEVERE: *~*~*~ Channel ManagedChannelImpl{logId=259, target=10.1.0.60:34011} was not shutdown properly!!! ~*~*~*
    Make sure to call shutdown()/shutdownNow() and wait until awaitTermination() returns true.
java.lang.RuntimeException: ManagedChannel allocation site
	at org.apache.ratis.thirdparty.io.grpc.internal.ManagedChannelOrphanWrapper$ManagedChannelReference.<init>(ManagedChannelOrphanWrapper.java:93)
	at org.apache.ratis.thirdparty.io.grpc.internal.ManagedChannelOrphanWrapper.<init>(ManagedChannelOrphanWrapper.java:53)
	at org.apache.ratis.thirdparty.io.grpc.internal.ManagedChannelOrphanWrapper.<init>(ManagedChannelOrphanWrapper.java:44)
	at org.apache.ratis.thirdparty.io.grpc.internal.ManagedChannelImplBuilder.build(ManagedChannelImplBuilder.java:630)
	at org.apache.ratis.thirdparty.io.grpc.internal.AbstractManagedChannelImplBuilder.build(AbstractManagedChannelImplBuilder.java:297)
	at org.apache.hadoop.hdds.scm.XceiverClientGrpc.connectToDatanode(XceiverClientGrpc.java:205)
	at org.apache.hadoop.hdds.scm.XceiverClientGrpc.connect(XceiverClientGrpc.java:158)
	at org.apache.hadoop.hdds.scm.XceiverClientManager$2.call(XceiverClientManager.java:243)
	at org.apache.hadoop.hdds.scm.XceiverClientManager$2.call(XceiverClientManager.java:224)
	at com.google.common.cache.LocalCache$LocalManualCache$1.load(LocalCache.java:4868)
	at com.google.common.cache.LocalCache$LoadingValueReference.loadFuture(LocalCache.java:3533)
	at com.google.common.cache.LocalCache$Segment.loadSync(LocalCache.java:2282)
	at com.google.common.cache.LocalCache$Segment.lockedGetOrLoad(LocalCache.java:2159)
	at com.google.common.cache.LocalCache$Segment.get(LocalCache.java:2049)
	at com.google.common.cache.LocalCache.get(LocalCache.java:3966)
	at com.google.common.cache.LocalCache$LocalManualCache.get(LocalCache.java:4863)
	at org.apache.hadoop.hdds.scm.XceiverClientManager.getClient(XceiverClientManager.java:224)
	at org.apache.hadoop.hdds.scm.XceiverClientManager.acquireClient(XceiverClientManager.java:168)
	at org.apache.hadoop.hdds.scm.XceiverClientManager.acquireClientForReadData(XceiverClientManager.java:157)
	at org.apache.hadoop.hdds.scm.storage.BlockInputStream.acquireClient(BlockInputStream.java:256)
	at org.apache.hadoop.hdds.scm.storage.BlockInputStream.getChunkInfos(BlockInputStream.java:223)
	at org.apache.hadoop.hdds.scm.storage.BlockInputStream.initialize(BlockInputStream.java:146)
	at org.apache.hadoop.hdds.scm.storage.BlockInputStream.readWithStrategy(BlockInputStream.java:283)
	at org.apache.hadoop.hdds.scm.storage.ExtendedInputStream.read(ExtendedInputStream.java:64)
	at org.apache.hadoop.hdds.scm.storage.ByteBufferReader.readFromBlock(ByteBufferReader.java:56)
	at org.apache.hadoop.ozone.client.io.ECBlockInputStream.readFromStream(ECBlockInputStream.java:365)
	at org.apache.hadoop.ozone.client.io.ECBlockInputStream.readWithStrategy(ECBlockInputStream.java:300)
	at org.apache.hadoop.hdds.scm.storage.ExtendedInputStream.read(ExtendedInputStream.java:64)
	at org.apache.hadoop.ozone.client.io.ECBlockInputStreamProxy.read(ECBlockInputStreamProxy.java:158)
	at org.apache.hadoop.ozone.client.io.ECBlockInputStreamProxy.read(ECBlockInputStreamProxy.java:143)
	at org.apache.hadoop.hdds.scm.storage.ByteArrayReader.readFromBlock(ByteArrayReader.java:57)
	at org.apache.hadoop.ozone.client.io.KeyInputStream.readWithStrategy(KeyInputStream.java:273)
	at org.apache.hadoop.ozone.client.io.KeyInputStream.read(KeyInputStream.java:240)
	at org.apache.hadoop.ozone.client.rpc.read.TestKeyInputStream.validate(TestKeyInputStream.java:133)
	at org.apache.hadoop.ozone.client.rpc.read.TestKeyInputStream.randomPositionSeek(TestKeyInputStream.java:115)
	at org.apache.hadoop.ozone.client.rpc.read.TestKeyInputStream.testECSeek(TestKeyInputStream.java:245)
	at org.apache.hadoop.ozone.client.rpc.read.TestKeyInputStream.testNonReplicationReads(TestKeyInputStream.java:150)
	at sun.reflect.NativeMethodAccessorImpl.invoke0(Native Method)
	at sun.reflect.NativeMethodAccessorImpl.invoke(NativeMethodAccessorImpl.java:62)
	at sun.reflect.DelegatingMethodAccessorImpl.invoke(DelegatingMethodAccessorImpl.java:43)
	at java.lang.reflect.Method.invoke(Method.java:498)
	at org.junit.runners.model.FrameworkMethod$1.runReflectiveCall(FrameworkMethod.java:59)
	at org.junit.internal.runners.model.ReflectiveCallable.run(ReflectiveCallable.java:12)
	at org.junit.runners.model.FrameworkMethod.invokeExplosively(FrameworkMethod.java:56)
	at org.junit.internal.runners.statements.InvokeMethod.evaluate(InvokeMethod.java:17)
	at org.junit.internal.runners.statements.RunBefores.evaluate(RunBefores.java:26)
	at org.junit.internal.runners.statements.RunAfters.evaluate(RunAfters.java:27)
	at org.junit.internal.runners.statements.FailOnTimeout$CallableStatement.call(FailOnTimeout.java:288)
	at org.junit.internal.runners.statements.FailOnTimeout$CallableStatement.call(FailOnTimeout.java:282)
	at java.util.concurrent.FutureTask.run(FutureTask.java:266)
	at java.lang.Thread.run(Thread.java:750)

Oct 16, 2022 1:15:36 PM org.apache.ratis.thirdparty.io.grpc.internal.ManagedChannelOrphanWrapper$ManagedChannelReference cleanQueue
SEVERE: *~*~*~ Channel ManagedChannelImpl{logId=164, target=10.1.0.60:41075} was not shutdown properly!!! ~*~*~*
    Make sure to call shutdown()/shutdownNow() and wait until awaitTermination() returns true.
java.lang.RuntimeException: ManagedChannel allocation site
	at org.apache.ratis.thirdparty.io.grpc.internal.ManagedChannelOrphanWrapper$ManagedChannelReference.<init>(ManagedChannelOrphanWrapper.java:93)
	at org.apache.ratis.thirdparty.io.grpc.internal.ManagedChannelOrphanWrapper.<init>(ManagedChannelOrphanWrapper.java:53)
	at org.apache.ratis.thirdparty.io.grpc.internal.ManagedChannelOrphanWrapper.<init>(ManagedChannelOrphanWrapper.java:44)
	at org.apache.ratis.thirdparty.io.grpc.internal.ManagedChannelImplBuilder.build(ManagedChannelImplBuilder.java:630)
	at org.apache.ratis.thirdparty.io.grpc.internal.AbstractManagedChannelImplBuilder.build(AbstractManagedChannelImplBuilder.java:297)
	at org.apache.hadoop.hdds.scm.XceiverClientGrpc.connectToDatanode(XceiverClientGrpc.java:205)
	at org.apache.hadoop.hdds.scm.XceiverClientGrpc.connect(XceiverClientGrpc.java:158)
	at org.apache.hadoop.hdds.scm.XceiverClientManager$2.call(XceiverClientManager.java:243)
	at org.apache.hadoop.hdds.scm.XceiverClientManager$2.call(XceiverClientManager.java:224)
	at com.google.common.cache.LocalCache$LocalManualCache$1.load(LocalCache.java:4868)
	at com.google.common.cache.LocalCache$LoadingValueReference.loadFuture(LocalCache.java:3533)
	at com.google.common.cache.LocalCache$Segment.loadSync(LocalCache.java:2282)
	at com.google.common.cache.LocalCache$Segment.lockedGetOrLoad(LocalCache.java:2159)
	at com.google.common.cache.LocalCache$Segment.get(LocalCache.java:2049)
	at com.google.common.cache.LocalCache.get(LocalCache.java:3966)
	at com.google.common.cache.LocalCache$LocalManualCache.get(LocalCache.java:4863)
	at org.apache.hadoop.hdds.scm.XceiverClientManager.getClient(XceiverClientManager.java:224)
	at org.apache.hadoop.hdds.scm.XceiverClientManager.acquireClient(XceiverClientManager.java:168)
	at org.apache.hadoop.hdds.scm.XceiverClientManager.acquireClient(XceiverClientManager.java:141)
	at org.apache.hadoop.hdds.scm.storage.BlockOutputStream.<init>(BlockOutputStream.java:161)
	at org.apache.hadoop.hdds.scm.storage.ECBlockOutputStream.<init>(ECBlockOutputStream.java:73)
	at org.apache.hadoop.ozone.client.io.ECBlockOutputStreamEntry.checkStream(ECBlockOutputStreamEntry.java:100)
	at org.apache.hadoop.ozone.client.io.BlockOutputStreamEntry.write(BlockOutputStreamEntry.java:123)
	at org.apache.hadoop.ozone.client.io.ECKeyOutputStream.writeToOutputStream(ECKeyOutputStream.java:406)
	at org.apache.hadoop.ozone.client.io.ECKeyOutputStream.handleOutputStreamWrite(ECKeyOutputStream.java:390)
	at org.apache.hadoop.ozone.client.io.ECKeyOutputStream.handleWrite(ECKeyOutputStream.java:364)
	at org.apache.hadoop.ozone.client.io.ECKeyOutputStream.write(ECKeyOutputStream.java:163)
	at org.apache.hadoop.ozone.client.io.OzoneOutputStream.write(OzoneOutputStream.java:50)
	at java.io.OutputStream.write(OutputStream.java:75)
	at org.apache.hadoop.ozone.client.rpc.read.TestInputStreamBase.writeRandomBytes(TestInputStreamBase.java:205)
	at org.apache.hadoop.ozone.client.rpc.read.TestKeyInputStream.testECSeek(TestKeyInputStream.java:231)
	at org.apache.hadoop.ozone.client.rpc.read.TestKeyInputStream.testNonReplicationReads(TestKeyInputStream.java:150)
	at sun.reflect.NativeMethodAccessorImpl.invoke0(Native Method)
	at sun.reflect.NativeMethodAccessorImpl.invoke(NativeMethodAccessorImpl.java:62)
	at sun.reflect.DelegatingMethodAccessorImpl.invoke(DelegatingMethodAccessorImpl.java:43)
	at java.lang.reflect.Method.invoke(Method.java:498)
	at org.junit.runners.model.FrameworkMethod$1.runReflectiveCall(FrameworkMethod.java:59)
	at org.junit.internal.runners.model.ReflectiveCallable.run(ReflectiveCallable.java:12)
	at org.junit.runners.model.FrameworkMethod.invokeExplosively(FrameworkMethod.java:56)
	at org.junit.internal.runners.statements.InvokeMethod.evaluate(InvokeMethod.java:17)
	at org.junit.internal.runners.statements.RunBefores.evaluate(RunBefores.java:26)
	at org.junit.internal.runners.statements.RunAfters.evaluate(RunAfters.java:27)
	at org.junit.internal.runners.statements.FailOnTimeout$CallableStatement.call(FailOnTimeout.java:288)
	at org.junit.internal.runners.statements.FailOnTimeout$CallableStatement.call(FailOnTimeout.java:282)
	at java.util.concurrent.FutureTask.run(FutureTask.java:266)
	at java.lang.Thread.run(Thread.java:750)

Oct 16, 2022 1:15:36 PM org.apache.ratis.thirdparty.io.grpc.internal.ManagedChannelOrphanWrapper$ManagedChannelReference cleanQueue
SEVERE: *~*~*~ Channel ManagedChannelImpl{logId=116, target=10.1.0.60:44287} was not shutdown properly!!! ~*~*~*
    Make sure to call shutdown()/shutdownNow() and wait until awaitTermination() returns true.
java.lang.RuntimeException: ManagedChannel allocation site
	at org.apache.ratis.thirdparty.io.grpc.internal.ManagedChannelOrphanWrapper$ManagedChannelReference.<init>(ManagedChannelOrphanWrapper.java:93)
	at org.apache.ratis.thirdparty.io.grpc.internal.ManagedChannelOrphanWrapper.<init>(ManagedChannelOrphanWrapper.java:53)
	at org.apache.ratis.thirdparty.io.grpc.internal.ManagedChannelOrphanWrapper.<init>(ManagedChannelOrphanWrapper.java:44)
	at org.apache.ratis.thirdparty.io.grpc.internal.ManagedChannelImplBuilder.build(ManagedChannelImplBuilder.java:630)
	at org.apache.ratis.thirdparty.io.grpc.internal.AbstractManagedChannelImplBuilder.build(AbstractManagedChannelImplBuilder.java:297)
	at org.apache.hadoop.hdds.scm.XceiverClientGrpc.connectToDatanode(XceiverClientGrpc.java:205)
	at org.apache.hadoop.hdds.scm.XceiverClientGrpc.connect(XceiverClientGrpc.java:158)
	at org.apache.hadoop.hdds.scm.XceiverClientManager$2.call(XceiverClientManager.java:243)
	at org.apache.hadoop.hdds.scm.XceiverClientManager$2.call(XceiverClientManager.java:224)
	at com.google.common.cache.LocalCache$LocalManualCache$1.load(LocalCache.java:4868)
	at com.google.common.cache.LocalCache$LoadingValueReference.loadFuture(LocalCache.java:3533)
	at com.google.common.cache.LocalCache$Segment.loadSync(LocalCache.java:2282)
	at com.google.common.cache.LocalCache$Segment.lockedGetOrLoad(LocalCache.java:2159)
	at com.google.common.cache.LocalCache$Segment.get(LocalCache.java:2049)
	at com.google.common.cache.LocalCache.get(LocalCache.java:3966)
	at com.google.common.cache.LocalCache$LocalManualCache.get(LocalCache.java:4863)
	at org.apache.hadoop.hdds.scm.XceiverClientManager.getClient(XceiverClientManager.java:224)
	at org.apache.hadoop.hdds.scm.XceiverClientManager.acquireClient(XceiverClientManager.java:168)
	at org.apache.hadoop.hdds.scm.XceiverClientManager.acquireClient(XceiverClientManager.java:141)
	at org.apache.hadoop.hdds.scm.storage.BlockOutputStream.<init>(BlockOutputStream.java:161)
	at org.apache.hadoop.hdds.scm.storage.ECBlockOutputStream.<init>(ECBlockOutputStream.java:73)
	at org.apache.hadoop.ozone.client.io.ECBlockOutputStreamEntry.checkStream(ECBlockOutputStreamEntry.java:100)
	at org.apache.hadoop.ozone.client.io.BlockOutputStreamEntry.write(BlockOutputStreamEntry.java:123)
	at org.apache.hadoop.ozone.client.io.ECKeyOutputStream.writeToOutputStream(ECKeyOutputStream.java:406)
	at org.apache.hadoop.ozone.client.io.ECKeyOutputStream.handleOutputStreamWrite(ECKeyOutputStream.java:390)
	at org.apache.hadoop.ozone.client.io.ECKeyOutputStream.handleWrite(ECKeyOutputStream.java:364)
	at org.apache.hadoop.ozone.client.io.ECKeyOutputStream.write(ECKeyOutputStream.java:163)
	at org.apache.hadoop.ozone.client.io.OzoneOutputStream.write(OzoneOutputStream.java:50)
	at java.io.OutputStream.write(OutputStream.java:75)
	at org.apache.hadoop.ozone.client.rpc.read.TestInputStreamBase.writeRandomBytes(TestInputStreamBase.java:205)
	at org.apache.hadoop.ozone.client.rpc.read.TestKeyInputStream.testECSeek(TestKeyInputStream.java:231)
	at org.apache.hadoop.ozone.client.rpc.read.TestKeyInputStream.testNonReplicationReads(TestKeyInputStream.java:150)
	at sun.reflect.NativeMethodAccessorImpl.invoke0(Native Method)
	at sun.reflect.NativeMethodAccessorImpl.invoke(NativeMethodAccessorImpl.java:62)
	at sun.reflect.DelegatingMethodAccessorImpl.invoke(DelegatingMethodAccessorImpl.java:43)
	at java.lang.reflect.Method.invoke(Method.java:498)
	at org.junit.runners.model.FrameworkMethod$1.runReflectiveCall(FrameworkMethod.java:59)
	at org.junit.internal.runners.model.ReflectiveCallable.run(ReflectiveCallable.java:12)
	at org.junit.runners.model.FrameworkMethod.invokeExplosively(FrameworkMethod.java:56)
	at org.junit.internal.runners.statements.InvokeMethod.evaluate(InvokeMethod.java:17)
	at org.junit.internal.runners.statements.RunBefores.evaluate(RunBefores.java:26)
	at org.junit.internal.runners.statements.RunAfters.evaluate(RunAfters.java:27)
	at org.junit.internal.runners.statements.FailOnTimeout$CallableStatement.call(FailOnTimeout.java:288)
	at org.junit.internal.runners.statements.FailOnTimeout$CallableStatement.call(FailOnTimeout.java:282)
	at java.util.concurrent.FutureTask.run(FutureTask.java:266)
	at java.lang.Thread.run(Thread.java:750)

Oct 16, 2022 1:15:36 PM org.apache.ratis.thirdparty.io.grpc.internal.ManagedChannelOrphanWrapper$ManagedChannelReference cleanQueue
SEVERE: *~*~*~ Channel ManagedChannelImpl{logId=224, target=10.1.0.60:41075} was not shutdown properly!!! ~*~*~*
    Make sure to call shutdown()/shutdownNow() and wait until awaitTermination() returns true.
java.lang.RuntimeException: ManagedChannel allocation site
	at org.apache.ratis.thirdparty.io.grpc.internal.ManagedChannelOrphanWrapper$ManagedChannelReference.<init>(ManagedChannelOrphanWrapper.java:93)
	at org.apache.ratis.thirdparty.io.grpc.internal.ManagedChannelOrphanWrapper.<init>(ManagedChannelOrphanWrapper.java:53)
	at org.apache.ratis.thirdparty.io.grpc.internal.ManagedChannelOrphanWrapper.<init>(ManagedChannelOrphanWrapper.java:44)
	at org.apache.ratis.thirdparty.io.grpc.internal.ManagedChannelImplBuilder.build(ManagedChannelImplBuilder.java:630)
	at org.apache.ratis.thirdparty.io.grpc.internal.AbstractManagedChannelImplBuilder.build(AbstractManagedChannelImplBuilder.java:297)
	at org.apache.hadoop.hdds.scm.XceiverClientGrpc.connectToDatanode(XceiverClientGrpc.java:205)
	at org.apache.hadoop.hdds.scm.XceiverClientGrpc.connect(XceiverClientGrpc.java:158)
	at org.apache.hadoop.hdds.scm.XceiverClientManager$2.call(XceiverClientManager.java:243)
	at org.apache.hadoop.hdds.scm.XceiverClientManager$2.call(XceiverClientManager.java:224)
	at com.google.common.cache.LocalCache$LocalManualCache$1.load(LocalCache.java:4868)
	at com.google.common.cache.LocalCache$LoadingValueReference.loadFuture(LocalCache.java:3533)
	at com.google.common.cache.LocalCache$Segment.loadSync(LocalCache.java:2282)
	at com.google.common.cache.LocalCache$Segment.lockedGetOrLoad(LocalCache.java:2159)
	at com.google.common.cache.LocalCache$Segment.get(LocalCache.java:2049)
	at com.google.common.cache.LocalCache.get(LocalCache.java:3966)
	at com.google.common.cache.LocalCache$LocalManualCache.get(LocalCache.java:4863)
	at org.apache.hadoop.hdds.scm.XceiverClientManager.getClient(XceiverClientManager.java:224)
	at org.apache.hadoop.hdds.scm.XceiverClientManager.acquireClient(XceiverClientManager.java:168)
	at org.apache.hadoop.hdds.scm.XceiverClientManager.acquireClientForReadData(XceiverClientManager.java:157)
	at org.apache.hadoop.hdds.scm.storage.BlockInputStream.acquireClient(BlockInputStream.java:256)
	at org.apache.hadoop.hdds.scm.storage.BlockInputStream.getChunkInfos(BlockInputStream.java:223)
	at org.apache.hadoop.hdds.scm.storage.BlockInputStream.initialize(BlockInputStream.java:146)
	at org.apache.hadoop.hdds.scm.storage.BlockInputStream.readWithStrategy(BlockInputStream.java:283)
	at org.apache.hadoop.hdds.scm.storage.ExtendedInputStream.read(ExtendedInputStream.java:64)
	at org.apache.hadoop.hdds.scm.storage.ByteBufferReader.readFromBlock(ByteBufferReader.java:56)
	at org.apache.hadoop.ozone.client.io.ECBlockInputStream.readFromStream(ECBlockInputStream.java:365)
	at org.apache.hadoop.ozone.client.io.ECBlockInputStream.readWithStrategy(ECBlockInputStream.java:300)
	at org.apache.hadoop.hdds.scm.storage.ExtendedInputStream.read(ExtendedInputStream.java:64)
	at org.apache.hadoop.ozone.client.io.ECBlockInputStreamProxy.read(ECBlockInputStreamProxy.java:158)
	at org.apache.hadoop.ozone.client.io.ECBlockInputStreamProxy.read(ECBlockInputStreamProxy.java:143)
	at org.apache.hadoop.hdds.scm.storage.ByteArrayReader.readFromBlock(ByteArrayReader.java:57)
	at org.apache.hadoop.ozone.client.io.KeyInputStream.readWithStrategy(KeyInputStream.java:273)
	at org.apache.hadoop.ozone.client.io.KeyInputStream.read(KeyInputStream.java:240)
	at org.apache.hadoop.ozone.client.rpc.read.TestKeyInputStream.validate(TestKeyInputStream.java:133)
	at org.apache.hadoop.ozone.client.rpc.read.TestKeyInputStream.testECSeek(TestKeyInputStream.java:238)
	at org.apache.hadoop.ozone.client.rpc.read.TestKeyInputStream.testNonReplicationReads(TestKeyInputStream.java:150)
	at sun.reflect.NativeMethodAccessorImpl.invoke0(Native Method)
	at sun.reflect.NativeMethodAccessorImpl.invoke(NativeMethodAccessorImpl.java:62)
	at sun.reflect.DelegatingMethodAccessorImpl.invoke(DelegatingMethodAccessorImpl.java:43)
	at java.lang.reflect.Method.invoke(Method.java:498)
	at org.junit.runners.model.FrameworkMethod$1.runReflectiveCall(FrameworkMethod.java:59)
	at org.junit.internal.runners.model.ReflectiveCallable.run(ReflectiveCallable.java:12)
	at org.junit.runners.model.FrameworkMethod.invokeExplosively(FrameworkMethod.java:56)
	at org.junit.internal.runners.statements.InvokeMethod.evaluate(InvokeMethod.java:17)
	at org.junit.internal.runners.statements.RunBefores.evaluate(RunBefores.java:26)
	at org.junit.internal.runners.statements.RunAfters.evaluate(RunAfters.java:27)
	at org.junit.internal.runners.statements.FailOnTimeout$CallableStatement.call(FailOnTimeout.java:288)
	at org.junit.internal.runners.statements.FailOnTimeout$CallableStatement.call(FailOnTimeout.java:282)
	at java.util.concurrent.FutureTask.run(FutureTask.java:266)
	at java.lang.Thread.run(Thread.java:750)

Oct 16, 2022 1:15:36 PM org.apache.ratis.thirdparty.io.grpc.internal.ManagedChannelOrphanWrapper$ManagedChannelReference cleanQueue
SEVERE: *~*~*~ Channel ManagedChannelImpl{logId=370, target=10.1.0.60:35831} was not shutdown properly!!! ~*~*~*
    Make sure to call shutdown()/shutdownNow() and wait until awaitTermination() returns true.
java.lang.RuntimeException: ManagedChannel allocation site
	at org.apache.ratis.thirdparty.io.grpc.internal.ManagedChannelOrphanWrapper$ManagedChannelReference.<init>(ManagedChannelOrphanWrapper.java:93)
	at org.apache.ratis.thirdparty.io.grpc.internal.ManagedChannelOrphanWrapper.<init>(ManagedChannelOrphanWrapper.java:53)
	at org.apache.ratis.thirdparty.io.grpc.internal.ManagedChannelOrphanWrapper.<init>(ManagedChannelOrphanWrapper.java:44)
	at org.apache.ratis.thirdparty.io.grpc.internal.ManagedChannelImplBuilder.build(ManagedChannelImplBuilder.java:630)
	at org.apache.ratis.thirdparty.io.grpc.internal.AbstractManagedChannelImplBuilder.build(AbstractManagedChannelImplBuilder.java:297)
	at org.apache.hadoop.hdds.scm.XceiverClientGrpc.connectToDatanode(XceiverClientGrpc.java:205)
	at org.apache.hadoop.hdds.scm.XceiverClientGrpc.reconnect(XceiverClientGrpc.java:579)
	at org.apache.hadoop.hdds.scm.XceiverClientGrpc.checkOpen(XceiverClientGrpc.java:570)
	at org.apache.hadoop.hdds.scm.XceiverClientGrpc.sendCommandAsync(XceiverClientGrpc.java:500)
	at org.apache.hadoop.hdds.scm.XceiverClientGrpc.sendCommandWithRetry(XceiverClientGrpc.java:402)
	at org.apache.hadoop.hdds.scm.XceiverClientGrpc.lambda$sendCommandWithTraceIDAndRetry$0(XceiverClientGrpc.java:344)
	at org.apache.hadoop.hdds.tracing.TracingUtil.executeInSpan(TracingUtil.java:177)
	at org.apache.hadoop.hdds.tracing.TracingUtil.executeInNewSpan(TracingUtil.java:151)
	at org.apache.hadoop.hdds.scm.XceiverClientGrpc.sendCommandWithTraceIDAndRetry(XceiverClientGrpc.java:338)
	at org.apache.hadoop.hdds.scm.XceiverClientGrpc.sendCommand(XceiverClientGrpc.java:319)
	at org.apache.hadoop.hdds.scm.storage.ContainerProtocolCalls.getBlock(ContainerProtocolCalls.java:152)
	at org.apache.hadoop.hdds.scm.storage.BlockInputStream.getChunkInfos(BlockInputStream.java:242)
	at org.apache.hadoop.hdds.scm.storage.BlockInputStream.initialize(BlockInputStream.java:146)
	at org.apache.hadoop.hdds.scm.storage.BlockInputStream.readWithStrategy(BlockInputStream.java:283)
	at org.apache.hadoop.hdds.scm.storage.ExtendedInputStream.read(ExtendedInputStream.java:54)
	at org.apache.hadoop.hdds.scm.storage.ByteArrayReader.readFromBlock(ByteArrayReader.java:57)
	at org.apache.hadoop.ozone.client.io.KeyInputStream.readWithStrategy(KeyInputStream.java:273)
	at org.apache.hadoop.ozone.client.io.KeyInputStream.read(KeyInputStream.java:240)
	at org.apache.hadoop.ozone.client.io.KeyInputStream.read(KeyInputStream.java:224)
	at org.apache.hadoop.ozone.client.rpc.read.TestKeyInputStream.testReadAfterReplication(TestKeyInputStream.java:429)
	at org.apache.hadoop.ozone.client.rpc.read.TestKeyInputStream.readAfterReplicationWithUnbuffering(TestKeyInputStream.java:398)
	at sun.reflect.NativeMethodAccessorImpl.invoke0(Native Method)
	at sun.reflect.NativeMethodAccessorImpl.invoke(NativeMethodAccessorImpl.java:62)
	at sun.reflect.DelegatingMethodAccessorImpl.invoke(DelegatingMethodAccessorImpl.java:43)
	at java.lang.reflect.Method.invoke(Method.java:498)
	at org.junit.runners.model.FrameworkMethod$1.runReflectiveCall(FrameworkMethod.java:59)
	at org.junit.internal.runners.model.ReflectiveCallable.run(ReflectiveCallable.java:12)
	at org.junit.runners.model.FrameworkMethod.invokeExplosively(FrameworkMethod.java:56)
	at org.junit.internal.runners.statements.InvokeMethod.evaluate(InvokeMethod.java:17)
	at org.junit.internal.runners.statements.RunBefores.evaluate(RunBefores.java:26)
	at org.junit.internal.runners.statements.RunAfters.evaluate(RunAfters.java:27)
	at org.junit.internal.runners.statements.FailOnTimeout$CallableStatement.call(FailOnTimeout.java:288)
	at org.junit.internal.runners.statements.FailOnTimeout$CallableStatement.call(FailOnTimeout.java:282)
	at java.util.concurrent.FutureTask.run(FutureTask.java:266)
	at java.lang.Thread.run(Thread.java:750)

Oct 16, 2022 1:15:36 PM org.apache.ratis.thirdparty.io.grpc.internal.ManagedChannelOrphanWrapper$ManagedChannelReference cleanQueue
SEVERE: *~*~*~ Channel ManagedChannelImpl{logId=145, target=10.1.0.60:43787} was not shutdown properly!!! ~*~*~*
    Make sure to call shutdown()/shutdownNow() and wait until awaitTermination() returns true.
java.lang.RuntimeException: ManagedChannel allocation site
	at org.apache.ratis.thirdparty.io.grpc.internal.ManagedChannelOrphanWrapper$ManagedChannelReference.<init>(ManagedChannelOrphanWrapper.java:93)
	at org.apache.ratis.thirdparty.io.grpc.internal.ManagedChannelOrphanWrapper.<init>(ManagedChannelOrphanWrapper.java:53)
	at org.apache.ratis.thirdparty.io.grpc.internal.ManagedChannelOrphanWrapper.<init>(ManagedChannelOrphanWrapper.java:44)
	at org.apache.ratis.thirdparty.io.grpc.internal.ManagedChannelImplBuilder.build(ManagedChannelImplBuilder.java:630)
	at org.apache.ratis.thirdparty.io.grpc.internal.AbstractManagedChannelImplBuilder.build(AbstractManagedChannelImplBuilder.java:297)
	at org.apache.hadoop.hdds.scm.XceiverClientGrpc.connectToDatanode(XceiverClientGrpc.java:205)
	at org.apache.hadoop.hdds.scm.XceiverClientGrpc.connect(XceiverClientGrpc.java:158)
	at org.apache.hadoop.hdds.scm.XceiverClientManager$2.call(XceiverClientManager.java:243)
	at org.apache.hadoop.hdds.scm.XceiverClientManager$2.call(XceiverClientManager.java:224)
	at com.google.common.cache.LocalCache$LocalManualCache$1.load(LocalCache.java:4868)
	at com.google.common.cache.LocalCache$LoadingValueReference.loadFuture(LocalCache.java:3533)
	at com.google.common.cache.LocalCache$Segment.loadSync(LocalCache.java:2282)
	at com.google.common.cache.LocalCache$Segment.lockedGetOrLoad(LocalCache.java:2159)
	at com.google.common.cache.LocalCache$Segment.get(LocalCache.java:2049)
	at com.google.common.cache.LocalCache.get(LocalCache.java:3966)
	at com.google.common.cache.LocalCache$LocalManualCache.get(LocalCache.java:4863)
	at org.apache.hadoop.hdds.scm.XceiverClientManager.getClient(XceiverClientManager.java:224)
	at org.apache.hadoop.hdds.scm.XceiverClientManager.acquireClient(XceiverClientManager.java:168)
	at org.apache.hadoop.hdds.scm.XceiverClientManager.acquireClient(XceiverClientManager.java:141)
	at org.apache.hadoop.hdds.scm.storage.BlockOutputStream.<init>(BlockOutputStream.java:161)
	at org.apache.hadoop.hdds.scm.storage.ECBlockOutputStream.<init>(ECBlockOutputStream.java:73)
	at org.apache.hadoop.ozone.client.io.ECBlockOutputStreamEntry.checkStream(ECBlockOutputStreamEntry.java:100)
	at org.apache.hadoop.ozone.client.io.BlockOutputStreamEntry.write(BlockOutputStreamEntry.java:123)
	at org.apache.hadoop.ozone.client.io.ECKeyOutputStream.writeToOutputStream(ECKeyOutputStream.java:406)
	at org.apache.hadoop.ozone.client.io.ECKeyOutputStream.handleOutputStreamWrite(ECKeyOutputStream.java:390)
	at org.apache.hadoop.ozone.client.io.ECKeyOutputStream.handleWrite(ECKeyOutputStream.java:364)
	at org.apache.hadoop.ozone.client.io.ECKeyOutputStream.write(ECKeyOutputStream.java:163)
	at org.apache.hadoop.ozone.client.io.OzoneOutputStream.write(OzoneOutputStream.java:50)
	at java.io.OutputStream.write(OutputStream.java:75)
	at org.apache.hadoop.ozone.client.rpc.read.TestInputStreamBase.writeRandomBytes(TestInputStreamBase.java:205)
	at org.apache.hadoop.ozone.client.rpc.read.TestKeyInputStream.testECSeek(TestKeyInputStream.java:231)
	at org.apache.hadoop.ozone.client.rpc.read.TestKeyInputStream.testNonReplicationReads(TestKeyInputStream.java:150)
	at sun.reflect.NativeMethodAccessorImpl.invoke0(Native Method)
	at sun.reflect.NativeMethodAccessorImpl.invoke(NativeMethodAccessorImpl.java:62)
	at sun.reflect.DelegatingMethodAccessorImpl.invoke(DelegatingMethodAccessorImpl.java:43)
	at java.lang.reflect.Method.invoke(Method.java:498)
	at org.junit.runners.model.FrameworkMethod$1.runReflectiveCall(FrameworkMethod.java:59)
	at org.junit.internal.runners.model.ReflectiveCallable.run(ReflectiveCallable.java:12)
	at org.junit.runners.model.FrameworkMethod.invokeExplosively(FrameworkMethod.java:56)
	at org.junit.internal.runners.statements.InvokeMethod.evaluate(InvokeMethod.java:17)
	at org.junit.internal.runners.statements.RunBefores.evaluate(RunBefores.java:26)
	at org.junit.internal.runners.statements.RunAfters.evaluate(RunAfters.java:27)
	at org.junit.internal.runners.statements.FailOnTimeout$CallableStatement.call(FailOnTimeout.java:288)
	at org.junit.internal.runners.statements.FailOnTimeout$CallableStatement.call(FailOnTimeout.java:282)
	at java.util.concurrent.FutureTask.run(FutureTask.java:266)
	at java.lang.Thread.run(Thread.java:750)

Oct 16, 2022 1:15:36 PM org.apache.ratis.thirdparty.io.grpc.internal.ManagedChannelOrphanWrapper$ManagedChannelReference cleanQueue
SEVERE: *~*~*~ Channel ManagedChannelImpl{logId=249, target=10.1.0.60:41075} was not shutdown properly!!! ~*~*~*
    Make sure to call shutdown()/shutdownNow() and wait until awaitTermination() returns true.
java.lang.RuntimeException: ManagedChannel allocation site
	at org.apache.ratis.thirdparty.io.grpc.internal.ManagedChannelOrphanWrapper$ManagedChannelReference.<init>(ManagedChannelOrphanWrapper.java:93)
	at org.apache.ratis.thirdparty.io.grpc.internal.ManagedChannelOrphanWrapper.<init>(ManagedChannelOrphanWrapper.java:53)
	at org.apache.ratis.thirdparty.io.grpc.internal.ManagedChannelOrphanWrapper.<init>(ManagedChannelOrphanWrapper.java:44)
	at org.apache.ratis.thirdparty.io.grpc.internal.ManagedChannelImplBuilder.build(ManagedChannelImplBuilder.java:630)
	at org.apache.ratis.thirdparty.io.grpc.internal.AbstractManagedChannelImplBuilder.build(AbstractManagedChannelImplBuilder.java:297)
	at org.apache.hadoop.hdds.scm.XceiverClientGrpc.connectToDatanode(XceiverClientGrpc.java:205)
	at org.apache.hadoop.hdds.scm.XceiverClientGrpc.connect(XceiverClientGrpc.java:158)
	at org.apache.hadoop.hdds.scm.XceiverClientManager$2.call(XceiverClientManager.java:243)
	at org.apache.hadoop.hdds.scm.XceiverClientManager$2.call(XceiverClientManager.java:224)
	at com.google.common.cache.LocalCache$LocalManualCache$1.load(LocalCache.java:4868)
	at com.google.common.cache.LocalCache$LoadingValueReference.loadFuture(LocalCache.java:3533)
	at com.google.common.cache.LocalCache$Segment.loadSync(LocalCache.java:2282)
	at com.google.common.cache.LocalCache$Segment.lockedGetOrLoad(LocalCache.java:2159)
	at com.google.common.cache.LocalCache$Segment.get(LocalCache.java:2049)
	at com.google.common.cache.LocalCache.get(LocalCache.java:3966)
	at com.google.common.cache.LocalCache$LocalManualCache.get(LocalCache.java:4863)
	at org.apache.hadoop.hdds.scm.XceiverClientManager.getClient(XceiverClientManager.java:224)
	at org.apache.hadoop.hdds.scm.XceiverClientManager.acquireClient(XceiverClientManager.java:168)
	at org.apache.hadoop.hdds.scm.XceiverClientManager.acquireClientForReadData(XceiverClientManager.java:157)
	at org.apache.hadoop.hdds.scm.storage.BlockInputStream.acquireClient(BlockInputStream.java:256)
	at org.apache.hadoop.hdds.scm.storage.BlockInputStream.getChunkInfos(BlockInputStream.java:223)
	at org.apache.hadoop.hdds.scm.storage.BlockInputStream.initialize(BlockInputStream.java:146)
	at org.apache.hadoop.hdds.scm.storage.BlockInputStream.readWithStrategy(BlockInputStream.java:283)
	at org.apache.hadoop.hdds.scm.storage.ExtendedInputStream.read(ExtendedInputStream.java:64)
	at org.apache.hadoop.hdds.scm.storage.ByteBufferReader.readFromBlock(ByteBufferReader.java:56)
	at org.apache.hadoop.ozone.client.io.ECBlockInputStream.readFromStream(ECBlockInputStream.java:365)
	at org.apache.hadoop.ozone.client.io.ECBlockInputStream.readWithStrategy(ECBlockInputStream.java:300)
	at org.apache.hadoop.hdds.scm.storage.ExtendedInputStream.read(ExtendedInputStream.java:64)
	at org.apache.hadoop.ozone.client.io.ECBlockInputStreamProxy.read(ECBlockInputStreamProxy.java:158)
	at org.apache.hadoop.ozone.client.io.ECBlockInputStreamProxy.read(ECBlockInputStreamProxy.java:143)
	at org.apache.hadoop.hdds.scm.storage.ByteArrayReader.readFromBlock(ByteArrayReader.java:57)
	at org.apache.hadoop.ozone.client.io.KeyInputStream.readWithStrategy(KeyInputStream.java:273)
	at org.apache.hadoop.ozone.client.io.KeyInputStream.read(KeyInputStream.java:240)
	at org.apache.hadoop.ozone.client.rpc.read.TestKeyInputStream.validate(TestKeyInputStream.java:133)
	at org.apache.hadoop.ozone.client.rpc.read.TestKeyInputStream.randomPositionSeek(TestKeyInputStream.java:115)
	at org.apache.hadoop.ozone.client.rpc.read.TestKeyInputStream.testECSeek(TestKeyInputStream.java:245)
	at org.apache.hadoop.ozone.client.rpc.read.TestKeyInputStream.testNonReplicationReads(TestKeyInputStream.java:150)
	at sun.reflect.NativeMethodAccessorImpl.invoke0(Native Method)
	at sun.reflect.NativeMethodAccessorImpl.invoke(NativeMethodAccessorImpl.java:62)
	at sun.reflect.DelegatingMethodAccessorImpl.invoke(DelegatingMethodAccessorImpl.java:43)
	at java.lang.reflect.Method.invoke(Method.java:498)
	at org.junit.runners.model.FrameworkMethod$1.runReflectiveCall(FrameworkMethod.java:59)
	at org.junit.internal.runners.model.ReflectiveCallable.run(ReflectiveCallable.java:12)
	at org.junit.runners.model.FrameworkMethod.invokeExplosively(FrameworkMethod.java:56)
	at org.junit.internal.runners.statements.InvokeMethod.evaluate(InvokeMethod.java:17)
	at org.junit.internal.runners.statements.RunBefores.evaluate(RunBefores.java:26)
	at org.junit.internal.runners.statements.RunAfters.evaluate(RunAfters.java:27)
	at org.junit.internal.runners.statements.FailOnTimeout$CallableStatement.call(FailOnTimeout.java:288)
	at org.junit.internal.runners.statements.FailOnTimeout$CallableStatement.call(FailOnTimeout.java:282)
	at java.util.concurrent.FutureTask.run(FutureTask.java:266)
	at java.lang.Thread.run(Thread.java:750)

Oct 16, 2022 1:15:36 PM org.apache.ratis.thirdparty.io.grpc.internal.ManagedChannelOrphanWrapper$ManagedChannelReference cleanQueue
SEVERE: *~*~*~ Channel ManagedChannelImpl{logId=170, target=10.1.0.60:37693} was not shutdown properly!!! ~*~*~*
    Make sure to call shutdown()/shutdownNow() and wait until awaitTermination() returns true.
java.lang.RuntimeException: ManagedChannel allocation site
	at org.apache.ratis.thirdparty.io.grpc.internal.ManagedChannelOrphanWrapper$ManagedChannelReference.<init>(ManagedChannelOrphanWrapper.java:93)
	at org.apache.ratis.thirdparty.io.grpc.internal.ManagedChannelOrphanWrapper.<init>(ManagedChannelOrphanWrapper.java:53)
	at org.apache.ratis.thirdparty.io.grpc.internal.ManagedChannelOrphanWrapper.<init>(ManagedChannelOrphanWrapper.java:44)
	at org.apache.ratis.thirdparty.io.grpc.internal.ManagedChannelImplBuilder.build(ManagedChannelImplBuilder.java:630)
	at org.apache.ratis.thirdparty.io.grpc.internal.AbstractManagedChannelImplBuilder.build(AbstractManagedChannelImplBuilder.java:297)
	at org.apache.hadoop.hdds.scm.XceiverClientGrpc.connectToDatanode(XceiverClientGrpc.java:205)
	at org.apache.hadoop.hdds.scm.XceiverClientGrpc.connect(XceiverClientGrpc.java:158)
	at org.apache.hadoop.hdds.scm.XceiverClientManager$2.call(XceiverClientManager.java:243)
	at org.apache.hadoop.hdds.scm.XceiverClientManager$2.call(XceiverClientManager.java:224)
	at com.google.common.cache.LocalCache$LocalManualCache$1.load(LocalCache.java:4868)
	at com.google.common.cache.LocalCache$LoadingValueReference.loadFuture(LocalCache.java:3533)
	at com.google.common.cache.LocalCache$Segment.loadSync(LocalCache.java:2282)
	at com.google.common.cache.LocalCache$Segment.lockedGetOrLoad(LocalCache.java:2159)
	at com.google.common.cache.LocalCache$Segment.get(LocalCache.java:2049)
	at com.google.common.cache.LocalCache.get(LocalCache.java:3966)
	at com.google.common.cache.LocalCache$LocalManualCache.get(LocalCache.java:4863)
	at org.apache.hadoop.hdds.scm.XceiverClientManager.getClient(XceiverClientManager.java:224)
	at org.apache.hadoop.hdds.scm.XceiverClientManager.acquireClient(XceiverClientManager.java:168)
	at org.apache.hadoop.hdds.scm.XceiverClientManager.acquireClient(XceiverClientManager.java:141)
	at org.apache.hadoop.hdds.scm.storage.BlockOutputStream.<init>(BlockOutputStream.java:161)
	at org.apache.hadoop.hdds.scm.storage.ECBlockOutputStream.<init>(ECBlockOutputStream.java:73)
	at org.apache.hadoop.ozone.client.io.ECBlockOutputStreamEntry.checkStream(ECBlockOutputStreamEntry.java:100)
	at org.apache.hadoop.ozone.client.io.BlockOutputStreamEntry.write(BlockOutputStreamEntry.java:123)
	at org.apache.hadoop.ozone.client.io.ECKeyOutputStream.writeToOutputStream(ECKeyOutputStream.java:406)
	at org.apache.hadoop.ozone.client.io.ECKeyOutputStream.handleOutputStreamWrite(ECKeyOutputStream.java:390)
	at org.apache.hadoop.ozone.client.io.ECKeyOutputStream.handleWrite(ECKeyOutputStream.java:364)
	at org.apache.hadoop.ozone.client.io.ECKeyOutputStream.write(ECKeyOutputStream.java:163)
	at org.apache.hadoop.ozone.client.io.OzoneOutputStream.write(OzoneOutputStream.java:50)
	at java.io.OutputStream.write(OutputStream.java:75)
	at org.apache.hadoop.ozone.client.rpc.read.TestInputStreamBase.writeRandomBytes(TestInputStreamBase.java:205)
	at org.apache.hadoop.ozone.client.rpc.read.TestKeyInputStream.testECSeek(TestKeyInputStream.java:231)
	at org.apache.hadoop.ozone.client.rpc.read.TestKeyInputStream.testNonReplicationReads(TestKeyInputStream.java:150)
	at sun.reflect.NativeMethodAccessorImpl.invoke0(Native Method)
	at sun.reflect.NativeMethodAccessorImpl.invoke(NativeMethodAccessorImpl.java:62)
	at sun.reflect.DelegatingMethodAccessorImpl.invoke(DelegatingMethodAccessorImpl.java:43)
	at java.lang.reflect.Method.invoke(Method.java:498)
	at org.junit.runners.model.FrameworkMethod$1.runReflectiveCall(FrameworkMethod.java:59)
	at org.junit.internal.runners.model.ReflectiveCallable.run(ReflectiveCallable.java:12)
	at org.junit.runners.model.FrameworkMethod.invokeExplosively(FrameworkMethod.java:56)
	at org.junit.internal.runners.statements.InvokeMethod.evaluate(InvokeMethod.java:17)
	at org.junit.internal.runners.statements.RunBefores.evaluate(RunBefores.java:26)
	at org.junit.internal.runners.statements.RunAfters.evaluate(RunAfters.java:27)
	at org.junit.internal.runners.statements.FailOnTimeout$CallableStatement.call(FailOnTimeout.java:288)
	at org.junit.internal.runners.statements.FailOnTimeout$CallableStatement.call(FailOnTimeout.java:282)
	at java.util.concurrent.FutureTask.run(FutureTask.java:266)
	at java.lang.Thread.run(Thread.java:750)

Oct 16, 2022 1:15:36 PM org.apache.ratis.thirdparty.io.grpc.internal.ManagedChannelOrphanWrapper$ManagedChannelReference cleanQueue
SEVERE: *~*~*~ Channel ManagedChannelImpl{logId=141, target=10.1.0.60:34011} was not shutdown properly!!! ~*~*~*
    Make sure to call shutdown()/shutdownNow() and wait until awaitTermination() returns true.
java.lang.RuntimeException: ManagedChannel allocation site
	at org.apache.ratis.thirdparty.io.grpc.internal.ManagedChannelOrphanWrapper$ManagedChannelReference.<init>(ManagedChannelOrphanWrapper.java:93)
	at org.apache.ratis.thirdparty.io.grpc.internal.ManagedChannelOrphanWrapper.<init>(ManagedChannelOrphanWrapper.java:53)
	at org.apache.ratis.thirdparty.io.grpc.internal.ManagedChannelOrphanWrapper.<init>(ManagedChannelOrphanWrapper.java:44)
	at org.apache.ratis.thirdparty.io.grpc.internal.ManagedChannelImplBuilder.build(ManagedChannelImplBuilder.java:630)
	at org.apache.ratis.thirdparty.io.grpc.internal.AbstractManagedChannelImplBuilder.build(AbstractManagedChannelImplBuilder.java:297)
	at org.apache.hadoop.hdds.scm.XceiverClientGrpc.connectToDatanode(XceiverClientGrpc.java:205)
	at org.apache.hadoop.hdds.scm.XceiverClientGrpc.connect(XceiverClientGrpc.java:158)
	at org.apache.hadoop.hdds.scm.XceiverClientManager$2.call(XceiverClientManager.java:243)
	at org.apache.hadoop.hdds.scm.XceiverClientManager$2.call(XceiverClientManager.java:224)
	at com.google.common.cache.LocalCache$LocalManualCache$1.load(LocalCache.java:4868)
	at com.google.common.cache.LocalCache$LoadingValueReference.loadFuture(LocalCache.java:3533)
	at com.google.common.cache.LocalCache$Segment.loadSync(LocalCache.java:2282)
	at com.google.common.cache.LocalCache$Segment.lockedGetOrLoad(LocalCache.java:2159)
	at com.google.common.cache.LocalCache$Segment.get(LocalCache.java:2049)
	at com.google.common.cache.LocalCache.get(LocalCache.java:3966)
	at com.google.common.cache.LocalCache$LocalManualCache.get(LocalCache.java:4863)
	at org.apache.hadoop.hdds.scm.XceiverClientManager.getClient(XceiverClientManager.java:224)
	at org.apache.hadoop.hdds.scm.XceiverClientManager.acquireClient(XceiverClientManager.java:168)
	at org.apache.hadoop.hdds.scm.XceiverClientManager.acquireClient(XceiverClientManager.java:141)
	at org.apache.hadoop.hdds.scm.storage.BlockOutputStream.<init>(BlockOutputStream.java:161)
	at org.apache.hadoop.hdds.scm.storage.ECBlockOutputStream.<init>(ECBlockOutputStream.java:73)
	at org.apache.hadoop.ozone.client.io.ECBlockOutputStreamEntry.checkStream(ECBlockOutputStreamEntry.java:100)
	at org.apache.hadoop.ozone.client.io.BlockOutputStreamEntry.write(BlockOutputStreamEntry.java:123)
	at org.apache.hadoop.ozone.client.io.ECKeyOutputStream.writeToOutputStream(ECKeyOutputStream.java:406)
	at org.apache.hadoop.ozone.client.io.ECKeyOutputStream.handleOutputStreamWrite(ECKeyOutputStream.java:390)
	at org.apache.hadoop.ozone.client.io.ECKeyOutputStream.handleWrite(ECKeyOutputStream.java:364)
	at org.apache.hadoop.ozone.client.io.ECKeyOutputStream.write(ECKeyOutputStream.java:163)
	at org.apache.hadoop.ozone.client.io.OzoneOutputStream.write(OzoneOutputStream.java:50)
	at java.io.OutputStream.write(OutputStream.java:75)
	at org.apache.hadoop.ozone.client.rpc.read.TestInputStreamBase.writeRandomBytes(TestInputStreamBase.java:205)
	at org.apache.hadoop.ozone.client.rpc.read.TestKeyInputStream.testECSeek(TestKeyInputStream.java:231)
	at org.apache.hadoop.ozone.client.rpc.read.TestKeyInputStream.testNonReplicationReads(TestKeyInputStream.java:150)
	at sun.reflect.NativeMethodAccessorImpl.invoke0(Native Method)
	at sun.reflect.NativeMethodAccessorImpl.invoke(NativeMethodAccessorImpl.java:62)
	at sun.reflect.DelegatingMethodAccessorImpl.invoke(DelegatingMethodAccessorImpl.java:43)
	at java.lang.reflect.Method.invoke(Method.java:498)
	at org.junit.runners.model.FrameworkMethod$1.runReflectiveCall(FrameworkMethod.java:59)
	at org.junit.internal.runners.model.ReflectiveCallable.run(ReflectiveCallable.java:12)
	at org.junit.runners.model.FrameworkMethod.invokeExplosively(FrameworkMethod.java:56)
	at org.junit.internal.runners.statements.InvokeMethod.evaluate(InvokeMethod.java:17)
	at org.junit.internal.runners.statements.RunBefores.evaluate(RunBefores.java:26)
	at org.junit.internal.runners.statements.RunAfters.evaluate(RunAfters.java:27)
	at org.junit.internal.runners.statements.FailOnTimeout$CallableStatement.call(FailOnTimeout.java:288)
	at org.junit.internal.runners.statements.FailOnTimeout$CallableStatement.call(FailOnTimeout.java:282)
	at java.util.concurrent.FutureTask.run(FutureTask.java:266)
	at java.lang.Thread.run(Thread.java:750)

Oct 16, 2022 1:15:36 PM org.apache.ratis.thirdparty.io.grpc.internal.ManagedChannelOrphanWrapper$ManagedChannelReference cleanQueue
SEVERE: *~*~*~ Channel ManagedChannelImpl{logId=380, target=10.1.0.60:43943} was not shutdown properly!!! ~*~*~*
    Make sure to call shutdown()/shutdownNow() and wait until awaitTermination() returns true.
java.lang.RuntimeException: ManagedChannel allocation site
	at org.apache.ratis.thirdparty.io.grpc.internal.ManagedChannelOrphanWrapper$ManagedChannelReference.<init>(ManagedChannelOrphanWrapper.java:93)
	at org.apache.ratis.thirdparty.io.grpc.internal.ManagedChannelOrphanWrapper.<init>(ManagedChannelOrphanWrapper.java:53)
	at org.apache.ratis.thirdparty.io.grpc.internal.ManagedChannelOrphanWrapper.<init>(ManagedChannelOrphanWrapper.java:44)
	at org.apache.ratis.thirdparty.io.grpc.internal.ManagedChannelImplBuilder.build(ManagedChannelImplBuilder.java:630)
	at org.apache.ratis.thirdparty.io.grpc.internal.AbstractManagedChannelImplBuilder.build(AbstractManagedChannelImplBuilder.java:297)
	at org.apache.hadoop.hdds.scm.XceiverClientGrpc.connectToDatanode(XceiverClientGrpc.java:205)
	at org.apache.hadoop.hdds.scm.XceiverClientGrpc.reconnect(XceiverClientGrpc.java:579)
	at org.apache.hadoop.hdds.scm.XceiverClientGrpc.checkOpen(XceiverClientGrpc.java:570)
	at org.apache.hadoop.hdds.scm.XceiverClientGrpc.sendCommandAsync(XceiverClientGrpc.java:500)
	at org.apache.hadoop.hdds.scm.XceiverClientGrpc.sendCommandWithRetry(XceiverClientGrpc.java:402)
	at org.apache.hadoop.hdds.scm.XceiverClientGrpc.lambda$sendCommandWithTraceIDAndRetry$0(XceiverClientGrpc.java:344)
	at org.apache.hadoop.hdds.tracing.TracingUtil.executeInSpan(TracingUtil.java:177)
	at org.apache.hadoop.hdds.tracing.TracingUtil.executeInNewSpan(TracingUtil.java:151)
	at org.apache.hadoop.hdds.scm.XceiverClientGrpc.sendCommandWithTraceIDAndRetry(XceiverClientGrpc.java:338)
	at org.apache.hadoop.hdds.scm.XceiverClientGrpc.sendCommand(XceiverClientGrpc.java:319)
	at org.apache.hadoop.hdds.scm.storage.ContainerProtocolCalls.getBlock(ContainerProtocolCalls.java:152)
	at org.apache.hadoop.hdds.scm.storage.BlockInputStream.getChunkInfos(BlockInputStream.java:242)
	at org.apache.hadoop.hdds.scm.storage.BlockInputStream.initialize(BlockInputStream.java:146)
	at org.apache.hadoop.hdds.scm.storage.BlockInputStream.readWithStrategy(BlockInputStream.java:283)
	at org.apache.hadoop.hdds.scm.storage.ExtendedInputStream.read(ExtendedInputStream.java:54)
	at org.apache.hadoop.hdds.scm.storage.ByteArrayReader.readFromBlock(ByteArrayReader.java:57)
	at org.apache.hadoop.ozone.client.io.KeyInputStream.readWithStrategy(KeyInputStream.java:273)
	at org.apache.hadoop.ozone.client.io.KeyInputStream.read(KeyInputStream.java:240)
	at org.apache.hadoop.ozone.client.io.KeyInputStream.read(KeyInputStream.java:224)
	at org.apache.hadoop.ozone.client.rpc.read.TestKeyInputStream.testReadAfterReplication(TestKeyInputStream.java:441)
	at org.apache.hadoop.ozone.client.rpc.read.TestKeyInputStream.readAfterReplicationWithUnbuffering(TestKeyInputStream.java:398)
	at sun.reflect.NativeMethodAccessorImpl.invoke0(Native Method)
	at sun.reflect.NativeMethodAccessorImpl.invoke(NativeMethodAccessorImpl.java:62)
	at sun.reflect.DelegatingMethodAccessorImpl.invoke(DelegatingMethodAccessorImpl.java:43)
	at java.lang.reflect.Method.invoke(Method.java:498)
	at org.junit.runners.model.FrameworkMethod$1.runReflectiveCall(FrameworkMethod.java:59)
	at org.junit.internal.runners.model.ReflectiveCallable.run(ReflectiveCallable.java:12)
	at org.junit.runners.model.FrameworkMethod.invokeExplosively(FrameworkMethod.java:56)
	at org.junit.internal.runners.statements.InvokeMethod.evaluate(InvokeMethod.java:17)
	at org.junit.internal.runners.statements.RunBefores.evaluate(RunBefores.java:26)
	at org.junit.internal.runners.statements.RunAfters.evaluate(RunAfters.java:27)
	at org.junit.internal.runners.statements.FailOnTimeout$CallableStatement.call(FailOnTimeout.java:288)
	at org.junit.internal.runners.statements.FailOnTimeout$CallableStatement.call(FailOnTimeout.java:282)
	at java.util.concurrent.FutureTask.run(FutureTask.java:266)
	at java.lang.Thread.run(Thread.java:750)

Oct 16, 2022 1:15:36 PM org.apache.ratis.thirdparty.io.grpc.internal.ManagedChannelOrphanWrapper$ManagedChannelReference cleanQueue
SEVERE: *~*~*~ Channel ManagedChannelImpl{logId=120, target=10.1.0.60:41075} was not shutdown properly!!! ~*~*~*
    Make sure to call shutdown()/shutdownNow() and wait until awaitTermination() returns true.
java.lang.RuntimeException: ManagedChannel allocation site
	at org.apache.ratis.thirdparty.io.grpc.internal.ManagedChannelOrphanWrapper$ManagedChannelReference.<init>(ManagedChannelOrphanWrapper.java:93)
	at org.apache.ratis.thirdparty.io.grpc.internal.ManagedChannelOrphanWrapper.<init>(ManagedChannelOrphanWrapper.java:53)
	at org.apache.ratis.thirdparty.io.grpc.internal.ManagedChannelOrphanWrapper.<init>(ManagedChannelOrphanWrapper.java:44)
	at org.apache.ratis.thirdparty.io.grpc.internal.ManagedChannelImplBuilder.build(ManagedChannelImplBuilder.java:630)
	at org.apache.ratis.thirdparty.io.grpc.internal.AbstractManagedChannelImplBuilder.build(AbstractManagedChannelImplBuilder.java:297)
	at org.apache.hadoop.hdds.scm.XceiverClientGrpc.connectToDatanode(XceiverClientGrpc.java:205)
	at org.apache.hadoop.hdds.scm.XceiverClientGrpc.connect(XceiverClientGrpc.java:158)
	at org.apache.hadoop.hdds.scm.XceiverClientManager$2.call(XceiverClientManager.java:243)
	at org.apache.hadoop.hdds.scm.XceiverClientManager$2.call(XceiverClientManager.java:224)
	at com.google.common.cache.LocalCache$LocalManualCache$1.load(LocalCache.java:4868)
	at com.google.common.cache.LocalCache$LoadingValueReference.loadFuture(LocalCache.java:3533)
	at com.google.common.cache.LocalCache$Segment.loadSync(LocalCache.java:2282)
	at com.google.common.cache.LocalCache$Segment.lockedGetOrLoad(LocalCache.java:2159)
	at com.google.common.cache.LocalCache$Segment.get(LocalCache.java:2049)
	at com.google.common.cache.LocalCache.get(LocalCache.java:3966)
	at com.google.common.cache.LocalCache$LocalManualCache.get(LocalCache.java:4863)
	at org.apache.hadoop.hdds.scm.XceiverClientManager.getClient(XceiverClientManager.java:224)
	at org.apache.hadoop.hdds.scm.XceiverClientManager.acquireClient(XceiverClientManager.java:168)
	at org.apache.hadoop.hdds.scm.XceiverClientManager.acquireClient(XceiverClientManager.java:141)
	at org.apache.hadoop.hdds.scm.storage.BlockOutputStream.<init>(BlockOutputStream.java:161)
	at org.apache.hadoop.hdds.scm.storage.ECBlockOutputStream.<init>(ECBlockOutputStream.java:73)
	at org.apache.hadoop.ozone.client.io.ECBlockOutputStreamEntry.checkStream(ECBlockOutputStreamEntry.java:100)
	at org.apache.hadoop.ozone.client.io.BlockOutputStreamEntry.write(BlockOutputStreamEntry.java:123)
	at org.apache.hadoop.ozone.client.io.ECKeyOutputStream.writeToOutputStream(ECKeyOutputStream.java:406)
	at org.apache.hadoop.ozone.client.io.ECKeyOutputStream.handleOutputStreamWrite(ECKeyOutputStream.java:390)
	at org.apache.hadoop.ozone.client.io.ECKeyOutputStream.handleWrite(ECKeyOutputStream.java:364)
	at org.apache.hadoop.ozone.client.io.ECKeyOutputStream.write(ECKeyOutputStream.java:163)
	at org.apache.hadoop.ozone.client.io.OzoneOutputStream.write(OzoneOutputStream.java:50)
	at java.io.OutputStream.write(OutputStream.java:75)
	at org.apache.hadoop.ozone.client.rpc.read.TestInputStreamBase.writeRandomBytes(TestInputStreamBase.java:205)
	at org.apache.hadoop.ozone.client.rpc.read.TestKeyInputStream.testECSeek(TestKeyInputStream.java:231)
	at org.apache.hadoop.ozone.client.rpc.read.TestKeyInputStream.testNonReplicationReads(TestKeyInputStream.java:150)
	at sun.reflect.NativeMethodAccessorImpl.invoke0(Native Method)
	at sun.reflect.NativeMethodAccessorImpl.invoke(NativeMethodAccessorImpl.java:62)
	at sun.reflect.DelegatingMethodAccessorImpl.invoke(DelegatingMethodAccessorImpl.java:43)
	at java.lang.reflect.Method.invoke(Method.java:498)
	at org.junit.runners.model.FrameworkMethod$1.runReflectiveCall(FrameworkMethod.java:59)
	at org.junit.internal.runners.model.ReflectiveCallable.run(ReflectiveCallable.java:12)
	at org.junit.runners.model.FrameworkMethod.invokeExplosively(FrameworkMethod.java:56)
	at org.junit.internal.runners.statements.InvokeMethod.evaluate(InvokeMethod.java:17)
	at org.junit.internal.runners.statements.RunBefores.evaluate(RunBefores.java:26)
	at org.junit.internal.runners.statements.RunAfters.evaluate(RunAfters.java:27)
	at org.junit.internal.runners.statements.FailOnTimeout$CallableStatement.call(FailOnTimeout.java:288)
	at org.junit.internal.runners.statements.FailOnTimeout$CallableStatement.call(FailOnTimeout.java:282)
	at java.util.concurrent.FutureTask.run(FutureTask.java:266)
	at java.lang.Thread.run(Thread.java:750)

Oct 16, 2022 1:15:36 PM org.apache.ratis.thirdparty.io.grpc.internal.ManagedChannelOrphanWrapper$ManagedChannelReference cleanQueue
SEVERE: *~*~*~ Channel ManagedChannelImpl{logId=189, target=10.1.0.60:41075} was not shutdown properly!!! ~*~*~*
    Make sure to call shutdown()/shutdownNow() and wait until awaitTermination() returns true.
java.lang.RuntimeException: ManagedChannel allocation site
	at org.apache.ratis.thirdparty.io.grpc.internal.ManagedChannelOrphanWrapper$ManagedChannelReference.<init>(ManagedChannelOrphanWrapper.java:93)
	at org.apache.ratis.thirdparty.io.grpc.internal.ManagedChannelOrphanWrapper.<init>(ManagedChannelOrphanWrapper.java:53)
	at org.apache.ratis.thirdparty.io.grpc.internal.ManagedChannelOrphanWrapper.<init>(ManagedChannelOrphanWrapper.java:44)
	at org.apache.ratis.thirdparty.io.grpc.internal.ManagedChannelImplBuilder.build(ManagedChannelImplBuilder.java:630)
	at org.apache.ratis.thirdparty.io.grpc.internal.AbstractManagedChannelImplBuilder.build(AbstractManagedChannelImplBuilder.java:297)
	at org.apache.hadoop.hdds.scm.XceiverClientGrpc.connectToDatanode(XceiverClientGrpc.java:205)
	at org.apache.hadoop.hdds.scm.XceiverClientGrpc.connect(XceiverClientGrpc.java:158)
	at org.apache.hadoop.hdds.scm.XceiverClientManager$2.call(XceiverClientManager.java:243)
	at org.apache.hadoop.hdds.scm.XceiverClientManager$2.call(XceiverClientManager.java:224)
	at com.google.common.cache.LocalCache$LocalManualCache$1.load(LocalCache.java:4868)
	at com.google.common.cache.LocalCache$LoadingValueReference.loadFuture(LocalCache.java:3533)
	at com.google.common.cache.LocalCache$Segment.loadSync(LocalCache.java:2282)
	at com.google.common.cache.LocalCache$Segment.lockedGetOrLoad(LocalCache.java:2159)
	at com.google.common.cache.LocalCache$Segment.get(LocalCache.java:2049)
	at com.google.common.cache.LocalCache.get(LocalCache.java:3966)
	at com.google.common.cache.LocalCache$LocalManualCache.get(LocalCache.java:4863)
	at org.apache.hadoop.hdds.scm.XceiverClientManager.getClient(XceiverClientManager.java:224)
	at org.apache.hadoop.hdds.scm.XceiverClientManager.acquireClient(XceiverClientManager.java:168)
	at org.apache.hadoop.hdds.scm.XceiverClientManager.acquireClient(XceiverClientManager.java:141)
	at org.apache.hadoop.hdds.scm.storage.BlockOutputStream.<init>(BlockOutputStream.java:161)
	at org.apache.hadoop.hdds.scm.storage.ECBlockOutputStream.<init>(ECBlockOutputStream.java:73)
	at org.apache.hadoop.ozone.client.io.ECBlockOutputStreamEntry.checkStream(ECBlockOutputStreamEntry.java:100)
	at org.apache.hadoop.ozone.client.io.BlockOutputStreamEntry.write(BlockOutputStreamEntry.java:123)
	at org.apache.hadoop.ozone.client.io.ECKeyOutputStream.writeToOutputStream(ECKeyOutputStream.java:406)
	at org.apache.hadoop.ozone.client.io.ECKeyOutputStream.handleOutputStreamWrite(ECKeyOutputStream.java:390)
	at org.apache.hadoop.ozone.client.io.ECKeyOutputStream.handleWrite(ECKeyOutputStream.java:364)
	at org.apache.hadoop.ozone.client.io.ECKeyOutputStream.write(ECKeyOutputStream.java:163)
	at org.apache.hadoop.ozone.client.io.OzoneOutputStream.write(OzoneOutputStream.java:50)
	at java.io.OutputStream.write(OutputStream.java:75)
	at org.apache.hadoop.ozone.client.rpc.read.TestInputStreamBase.writeRandomBytes(TestInputStreamBase.java:205)
	at org.apache.hadoop.ozone.client.rpc.read.TestKeyInputStream.testECSeek(TestKeyInputStream.java:231)
	at org.apache.hadoop.ozone.client.rpc.read.TestKeyInputStream.testNonReplicationReads(TestKeyInputStream.java:150)
	at sun.reflect.NativeMethodAccessorImpl.invoke0(Native Method)
	at sun.reflect.NativeMethodAccessorImpl.invoke(NativeMethodAccessorImpl.java:62)
	at sun.reflect.DelegatingMethodAccessorImpl.invoke(DelegatingMethodAccessorImpl.java:43)
	at java.lang.reflect.Method.invoke(Method.java:498)
	at org.junit.runners.model.FrameworkMethod$1.runReflectiveCall(FrameworkMethod.java:59)
	at org.junit.internal.runners.model.ReflectiveCallable.run(ReflectiveCallable.java:12)
	at org.junit.runners.model.FrameworkMethod.invokeExplosively(FrameworkMethod.java:56)
	at org.junit.internal.runners.statements.InvokeMethod.evaluate(InvokeMethod.java:17)
	at org.junit.internal.runners.statements.RunBefores.evaluate(RunBefores.java:26)
	at org.junit.internal.runners.statements.RunAfters.evaluate(RunAfters.java:27)
	at org.junit.internal.runners.statements.FailOnTimeout$CallableStatement.call(FailOnTimeout.java:288)
	at org.junit.internal.runners.statements.FailOnTimeout$CallableStatement.call(FailOnTimeout.java:282)
	at java.util.concurrent.FutureTask.run(FutureTask.java:266)
	at java.lang.Thread.run(Thread.java:750)

]]></system-err>
  </testcase>
  <testcase name="readAfterReplication" classname="TestKeyInputStream" time="27.862">
    <system-out><![CDATA[2022-10-16 13:17:34,160 [ReplicationMonitor] INFO  replication.ReplicationManager (ReplicationManager.java:processAll(324)) - Replication Monitor Thread took 0 milliseconds for processing 7 containers.
2022-10-16 13:17:34,171 [Time-limited test] WARN  server.ServerUtils (ServerUtils.java:getScmDbDir(148)) - ozone.scm.db.dirs is not configured. We recommend adding this setting. Falling back to ozone.metadata.dirs instead.
2022-10-16 13:17:34,177 [Time-limited test] WARN  server.ServerUtils (ServerUtils.java:getScmDbDir(148)) - ozone.scm.db.dirs is not configured. We recommend adding this setting. Falling back to ozone.metadata.dirs instead.
2022-10-16 13:17:34,177 [Time-limited test] INFO  ha.SCMHANodeDetails (SCMHANodeDetails.java:loadSCMHAConfig(209)) - ServiceID for StorageContainerManager is null
2022-10-16 13:17:34,177 [Time-limited test] INFO  ha.SCMHANodeDetails (SCMHANodeDetails.java:loadSCMHAConfig(214)) - ozone.scm.default.service.id is not defined, falling back to ozone.scm.service.ids to find serviceID for StorageContainerManager if it is HA enabled cluster
2022-10-16 13:17:34,177 [Time-limited test] WARN  utils.HAUtils (HAUtils.java:getMetaDir(342)) - ozone.scm.db.dirs is not configured. We recommend adding this setting. Falling back to ozone.metadata.dirs instead.
2022-10-16 13:17:34,177 [Time-limited test] WARN  db.DBStoreBuilder (DBStoreBuilder.java:applyDBDefinition(144)) - ozone.scm.db.dirs is not configured. We recommend adding this setting. Falling back to ozone.metadata.dirs instead.
2022-10-16 13:17:34,294 [Time-limited test] INFO  net.NodeSchemaLoader (NodeSchemaLoader.java:loadSchemaFromFile(129)) - Loading schema from [jar:file:/home/runner/.m2/repository/org/apache/ozone/hdds-common/1.3.0-SNAPSHOT/hdds-common-1.3.0-SNAPSHOT.jar!/network-topology-default.xml]
2022-10-16 13:17:34,294 [Time-limited test] INFO  net.NodeSchemaLoader (NodeSchemaLoader.java:loadSchema(176)) - Loading network topology layer schema file
2022-10-16 13:17:34,297 [Time-limited test] INFO  upgrade.AbstractLayoutVersionManager (AbstractLayoutVersionManager.java:init(83)) - Initializing Layout version manager with metadata layout = DATANODE_SCHEMA_V3 (version = 4), software layout = DATANODE_SCHEMA_V3 (version = 4)
2022-10-16 13:17:34,336 [Time-limited test] INFO  reflections.Reflections (Reflections.java:scan(232)) - Reflections took 39 ms to scan 7 urls, producing 137 keys and 328 values 
2022-10-16 13:17:34,337 [Time-limited test] INFO  ha.SequenceIdGenerator (SequenceIdGenerator.java:upgradeToSequenceId(349)) - upgrade localId to 109611004723200000
2022-10-16 13:17:34,337 [Time-limited test] INFO  ha.SequenceIdGenerator (SequenceIdGenerator.java:upgradeToSequenceId(359)) - upgrade delTxnId to 0
2022-10-16 13:17:34,337 [Time-limited test] INFO  ha.SequenceIdGenerator (SequenceIdGenerator.java:upgradeToSequenceId(376)) - upgrade containerId to 0
2022-10-16 13:17:34,338 [Time-limited test] INFO  ha.SequenceIdGenerator (SequenceIdGenerator.java:<init>(220)) - Init the HA SequenceIdGenerator.
2022-10-16 13:17:34,339 [Time-limited test] INFO  node.SCMNodeManager (SCMNodeManager.java:<init>(149)) - Entering startup safe mode.
2022-10-16 13:17:34,339 [Time-limited test] INFO  algorithms.ContainerPlacementPolicyFactory (ContainerPlacementPolicyFactory.java:getPolicyInternal(86)) - Create container placement policy of type org.apache.hadoop.hdds.scm.container.placement.algorithms.SCMContainerPlacementRandom
2022-10-16 13:17:34,339 [Time-limited test] INFO  algorithms.ContainerPlacementPolicyFactory (ContainerPlacementPolicyFactory.java:getPolicyInternal(86)) - Create container placement policy of type org.apache.hadoop.hdds.scm.container.placement.algorithms.SCMContainerPlacementRackScatter
2022-10-16 13:17:34,339 [Time-limited test] INFO  pipeline.PipelineStateManagerImpl (PipelineStateManagerImpl.java:initialize(78)) - No pipeline exists in current db
2022-10-16 13:17:34,339 [Time-limited test] INFO  algorithms.LeaderChoosePolicyFactory (LeaderChoosePolicyFactory.java:getPolicy(57)) - Create leader choose policy of type org.apache.hadoop.hdds.scm.pipeline.leader.choose.algorithms.MinLeaderCountChoosePolicy
2022-10-16 13:17:34,339 [Time-limited test] INFO  algorithms.ContainerPlacementPolicyFactory (ContainerPlacementPolicyFactory.java:getPolicyInternal(86)) - Create container placement policy of type org.apache.hadoop.hdds.scm.container.placement.algorithms.SCMContainerPlacementRackScatter
2022-10-16 13:17:34,339 [Time-limited test] INFO  ha.SCMServiceManager (SCMServiceManager.java:register(42)) - Registering service BackgroundPipelineCreator.
2022-10-16 13:17:34,340 [Time-limited test] INFO  pipeline.BackgroundPipelineCreator (BackgroundPipelineCreator.java:start(124)) - Starting RatisPipelineUtilsThread.
2022-10-16 13:17:34,340 [Time-limited test] INFO  BackgroundPipelineScrubber (BackgroundSCMService.java:start(68)) - Starting BackgroundPipelineScrubber Service.
2022-10-16 13:17:34,340 [Time-limited test] INFO  ha.SCMServiceManager (SCMServiceManager.java:register(42)) - Registering service BackgroundPipelineScrubber.
2022-10-16 13:17:34,340 [Time-limited test] INFO  ExpiredContainerReplicaOpScrubber (BackgroundSCMService.java:start(68)) - Starting ExpiredContainerReplicaOpScrubber Service.
2022-10-16 13:17:34,340 [Time-limited test] INFO  ha.SCMServiceManager (SCMServiceManager.java:register(42)) - Registering service ExpiredContainerReplicaOpScrubber.
2022-10-16 13:17:34,341 [Time-limited test] INFO  algorithms.PipelineChoosePolicyFactory (PipelineChoosePolicyFactory.java:createPipelineChoosePolicyFromClass(73)) - Create pipeline choose policy of type org.apache.hadoop.hdds.scm.pipeline.choose.algorithms.RandomPipelineChoosePolicy
2022-10-16 13:17:34,341 [Time-limited test] INFO  ha.SCMServiceManager (SCMServiceManager.java:register(42)) - Registering service SCMBlockDeletingService.
2022-10-16 13:17:34,341 [Time-limited test] INFO  replication.ReplicationManager (ReplicationManager.java:start(223)) - Starting Replication Monitor Thread.
2022-10-16 13:17:34,344 [Time-limited test] INFO  ha.SCMServiceManager (SCMServiceManager.java:register(42)) - Registering service ReplicationManager.
2022-10-16 13:17:34,344 [Time-limited test] INFO  safemode.ContainerSafeModeRule (ContainerSafeModeRule.java:<init>(89)) - containers with one replica threshold count 0
2022-10-16 13:17:34,344 [Time-limited test] INFO  safemode.HealthyPipelineSafeModeRule (HealthyPipelineSafeModeRule.java:initializeRule(169)) - Total pipeline count is 0, healthy pipeline threshold count is 1
2022-10-16 13:17:34,345 [Time-limited test] INFO  safemode.OneReplicaPipelineSafeModeRule (OneReplicaPipelineSafeModeRule.java:initializeRule(180)) - Total pipeline count is 0, pipeline's with at least one datanode reported threshold count is 0
2022-10-16 13:17:34,345 [ReplicationMonitor] INFO  replication.ReplicationManager (ReplicationManager.java:processAll(291)) - Replication Manager is not ready to run until 3000ms after safemode exit
2022-10-16 13:17:34,345 [Time-limited test] INFO  ipc.CallQueueManager (CallQueueManager.java:<init>(90)) - Using callQueue: class java.util.concurrent.LinkedBlockingQueue, queueCapacity: 2000, scheduler: class org.apache.hadoop.ipc.DefaultRpcScheduler, ipcBackoff: false.
2022-10-16 13:17:34,345 [Socket Reader #1 for port 0] INFO  ipc.Server (Server.java:run(1273)) - Starting Socket Reader #1 for port 0
2022-10-16 13:17:34,348 [Listener at 0.0.0.0/44967] INFO  ipc.CallQueueManager (CallQueueManager.java:<init>(90)) - Using callQueue: class java.util.concurrent.LinkedBlockingQueue, queueCapacity: 2000, scheduler: class org.apache.hadoop.ipc.DefaultRpcScheduler, ipcBackoff: false.
2022-10-16 13:17:34,351 [Socket Reader #1 for port 0] INFO  ipc.Server (Server.java:run(1273)) - Starting Socket Reader #1 for port 0
2022-10-16 13:17:34,352 [Listener at 0.0.0.0/34879] INFO  ipc.CallQueueManager (CallQueueManager.java:<init>(90)) - Using callQueue: class java.util.concurrent.LinkedBlockingQueue, queueCapacity: 2000, scheduler: class org.apache.hadoop.ipc.DefaultRpcScheduler, ipcBackoff: false.
2022-10-16 13:17:34,352 [Socket Reader #1 for port 0] INFO  ipc.Server (Server.java:run(1273)) - Starting Socket Reader #1 for port 0
2022-10-16 13:17:34,370 [Listener at 0.0.0.0/39675] INFO  ha.SCMServiceManager (SCMServiceManager.java:register(42)) - Registering service ContainerBalancer.
2022-10-16 13:17:34,370 [Listener at 0.0.0.0/39675] INFO  server.StorageContainerManager (StorageContainerManager.java:<init>(410)) - 
Container Balancer status:
Key                            Value
Running                        false
Container Balancer Configuration values:
Key                                                Value
Threshold                                          10
Max Datanodes to Involve per Iteration(percent)    20
Max Size to Move per Iteration                     500GB
Max Size Entering Target per Iteration             26GB
Max Size Leaving Source per Iteration              26GB

2022-10-16 13:17:34,371 [Listener at 0.0.0.0/39675] WARN  events.EventQueue (EventQueue.java:fireEvent(216)) - No event handler registered for event TypedEvent{payloadType=SafeModeStatus, name='Safe mode status'}
2022-10-16 13:17:34,371 [Listener at 0.0.0.0/39675] INFO  ha.SCMContext (SCMContext.java:updateSafeModeStatus(228)) - Update SafeModeStatus from SafeModeStatus{safeModeStatus=true, preCheckPassed=false} to SafeModeStatus{safeModeStatus=true, preCheckPassed=false}.
2022-10-16 13:17:34,371 [Listener at 0.0.0.0/39675] INFO  server.StorageContainerManager (StorageContainerManager.java:start(1436)) - StorageContainerLocationProtocol RPC server is listening at /0.0.0.0:39675
2022-10-16 13:17:34,372 [Listener at 0.0.0.0/39675] WARN  impl.MetricsConfig (MetricsConfig.java:loadFirst(136)) - Cannot locate configuration: tried hadoop-metrics2-storagecontainermanager.properties,hadoop-metrics2.properties
2022-10-16 13:17:34,372 [Listener at 0.0.0.0/39675] INFO  impl.MetricsSystemImpl (MetricsSystemImpl.java:startTimer(378)) - Scheduled Metric snapshot period at 10 second(s).
2022-10-16 13:17:34,372 [Listener at 0.0.0.0/39675] INFO  impl.MetricsSystemImpl (MetricsSystemImpl.java:start(191)) - StorageContainerManager metrics system started
2022-10-16 13:17:34,376 [Listener at 0.0.0.0/39675] INFO  impl.MetricsSinkAdapter (MetricsSinkAdapter.java:start(204)) - Sink prometheus started
2022-10-16 13:17:34,376 [Listener at 0.0.0.0/39675] INFO  impl.MetricsSystemImpl (MetricsSystemImpl.java:registerSink(305)) - Registered sink prometheus
2022-10-16 13:17:34,390 [Listener at 0.0.0.0/39675] INFO  server.SCMClientProtocolServer (SCMClientProtocolServer.java:start(170)) - RPC server for Client  is listening at /0.0.0.0:39675
2022-10-16 13:17:34,392 [IPC Server Responder] INFO  ipc.Server (Server.java:run(1512)) - IPC Server Responder: starting
2022-10-16 13:17:34,392 [IPC Server listener on 0] INFO  ipc.Server (Server.java:run(1352)) - IPC Server listener on 0: starting
2022-10-16 13:17:34,394 [Listener at 0.0.0.0/39675] INFO  server.StorageContainerManager (StorageContainerManager.java:start(1451)) - ScmBlockLocationProtocol RPC server is listening at /0.0.0.0:34879
2022-10-16 13:17:34,394 [Listener at 0.0.0.0/39675] INFO  server.SCMBlockProtocolServer (SCMBlockProtocolServer.java:start(152)) - RPC server for Block Protocol is listening at /0.0.0.0:34879
2022-10-16 13:17:34,394 [IPC Server Responder] INFO  ipc.Server (Server.java:run(1512)) - IPC Server Responder: starting
2022-10-16 13:17:34,394 [IPC Server listener on 0] INFO  ipc.Server (Server.java:run(1352)) - IPC Server listener on 0: starting
2022-10-16 13:17:34,396 [Listener at 0.0.0.0/39675] INFO  server.SCMDatanodeProtocolServer (SCMDatanodeProtocolServer.java:start(186)) - ScmDatanodeProtocol RPC server for DataNodes is listening at /0.0.0.0:44967
2022-10-16 13:17:34,396 [IPC Server Responder] INFO  ipc.Server (Server.java:run(1512)) - IPC Server Responder: starting
2022-10-16 13:17:34,396 [IPC Server listener on 0] INFO  ipc.Server (Server.java:run(1352)) - IPC Server listener on 0: starting
2022-10-16 13:17:34,402 [org.apache.hadoop.util.JvmPauseMonitor$Monitor@41e08b84] INFO  util.JvmPauseMonitor (JvmPauseMonitor.java:run(188)) - Starting JVM pause monitor
2022-10-16 13:17:34,402 [Listener at 0.0.0.0/39675] INFO  http.BaseHttpServer (BaseHttpServer.java:newHttpServer2BuilderForOzone(213)) - Starting Web-server for scm at: http://0.0.0.0:0
2022-10-16 13:17:34,402 [Listener at 0.0.0.0/39675] INFO  http.BaseHttpServer (BaseHttpServer.java:<init>(108)) - Hadoop Security Enabled: false Ozone Security Enabled: false Ozone HTTP Security Enabled: false 
2022-10-16 13:17:34,403 [Listener at 0.0.0.0/39675] WARN  server.AuthenticationFilter (AuthenticationFilter.java:constructSecretProvider(240)) - Unable to initialize FileSignerSecretProvider, falling back to use random secrets. Reason: Could not read signature secret file: /home/runner/hadoop-http-auth-signature-secret
2022-10-16 13:17:34,403 [Listener at 0.0.0.0/39675] WARN  http.HttpRequestLog (HttpRequestLog.java:getRequestLog(103)) - Jetty request log can only be enabled using Log4j
2022-10-16 13:17:34,404 [Listener at 0.0.0.0/39675] INFO  http.HttpServer2 (HttpServer2.java:addGlobalFilter(1031)) - Added global filter 'safety' (class=org.apache.hadoop.hdds.server.http.HttpServer2$QuotingInputFilter)
2022-10-16 13:17:34,405 [Listener at 0.0.0.0/39675] INFO  http.HttpServer2 (HttpServer2.java:addFilter(1007)) - Added filter static_user_filter (class=org.apache.hadoop.http.lib.StaticUserWebFilter$StaticUserFilter) to context scm
2022-10-16 13:17:34,405 [Listener at 0.0.0.0/39675] INFO  http.HttpServer2 (HttpServer2.java:addFilter(1015)) - Added filter static_user_filter (class=org.apache.hadoop.http.lib.StaticUserWebFilter$StaticUserFilter) to context static
2022-10-16 13:17:34,405 [Listener at 0.0.0.0/39675] INFO  http.HttpServer2 (HttpServer2.java:addFilter(1015)) - Added filter static_user_filter (class=org.apache.hadoop.http.lib.StaticUserWebFilter$StaticUserFilter) to context logs
2022-10-16 13:17:34,405 [Listener at 0.0.0.0/39675] INFO  http.HttpServer2 (HttpServer2.java:bindListener(1250)) - Jetty bound to port 38677
2022-10-16 13:17:34,405 [Listener at 0.0.0.0/39675] INFO  server.Server (Server.java:doStart(375)) - jetty-9.4.43.v20210629; built: 2021-06-30T11:07:22.254Z; git: 526006ecfa3af7f1a27ef3a288e2bef7ea9dd7e8; jvm 1.8.0_345-b01
2022-10-16 13:17:34,406 [Listener at 0.0.0.0/39675] INFO  server.session (DefaultSessionIdManager.java:doStart(334)) - DefaultSessionIdManager workerName=node0
2022-10-16 13:17:34,406 [Listener at 0.0.0.0/39675] INFO  server.session (DefaultSessionIdManager.java:doStart(339)) - No SessionScavenger set, using defaults
2022-10-16 13:17:34,406 [Listener at 0.0.0.0/39675] INFO  server.session (HouseKeeper.java:startScavenging(132)) - node0 Scavenging every 660000ms
2022-10-16 13:17:34,407 [Listener at 0.0.0.0/39675] INFO  handler.ContextHandler (ContextHandler.java:doStart(915)) - Started o.e.j.s.ServletContextHandler@90344d6{logs,/logs,file:///home/runner/work/ozone/ozone/hadoop-ozone/integration-test/target/log,AVAILABLE}
2022-10-16 13:17:34,407 [Listener at 0.0.0.0/39675] INFO  handler.ContextHandler (ContextHandler.java:doStart(915)) - Started o.e.j.s.ServletContextHandler@6e8a881a{static,/static,file:///home/runner/work/ozone/ozone/hadoop-ozone/integration-test/target/test-classes/webapps/static,AVAILABLE}
2022-10-16 13:17:34,409 [Listener at 0.0.0.0/39675] INFO  handler.ContextHandler (ContextHandler.java:doStart(915)) - Started o.e.j.w.WebAppContext@58c0f17c{scm,/,file:///home/runner/work/ozone/ozone/hadoop-ozone/integration-test/target/test-classes/webapps/scm/,AVAILABLE}{file:/home/runner/work/ozone/ozone/hadoop-ozone/integration-test/target/test-classes/webapps/scm}
2022-10-16 13:17:34,410 [Listener at 0.0.0.0/39675] INFO  server.AbstractConnector (AbstractConnector.java:doStart(331)) - Started ServerConnector@7b07e0d0{HTTP/1.1, (http/1.1)}{0.0.0.0:38677}
2022-10-16 13:17:34,410 [Listener at 0.0.0.0/39675] INFO  server.Server (Server.java:doStart(415)) - Started @235622ms
2022-10-16 13:17:34,410 [Listener at 0.0.0.0/39675] WARN  impl.MetricsSystemImpl (MetricsSystemImpl.java:register(279)) - Sink prometheus already exists!
2022-10-16 13:17:34,411 [Listener at 0.0.0.0/39675] INFO  http.BaseHttpServer (BaseHttpServer.java:updateConnectorAddress(333)) - HTTP server of scm listening at http://0.0.0.0:38677
2022-10-16 13:17:34,411 [Listener at 0.0.0.0/39675] WARN  server.ServerUtils (ServerUtils.java:getDBPath(225)) - ozone.om.db.dirs is not configured. We recommend adding this setting. Falling back to ozone.metadata.dirs instead.
2022-10-16 13:17:34,413 [Listener at 0.0.0.0/39675] INFO  ha.OMHANodeDetails (OMHANodeDetails.java:loadOMHAConfig(115)) - ozone.om.internal.service.id is not defined, falling back to ozone.om.service.ids to find serviceID for OzoneManager if it is HA enabled cluster
2022-10-16 13:17:34,413 [Listener at 0.0.0.0/39675] INFO  ha.OMHANodeDetails (OMHANodeDetails.java:loadOMHAConfig(226)) - Configuration does not have ozone.om.address set. Falling back to the default OM address /127.0.0.1:0
2022-10-16 13:17:34,414 [Listener at 0.0.0.0/39675] INFO  ha.OMHANodeDetails (OMHANodeDetails.java:getOMNodeDetailsForNonHA(254)) - OM Service ID is not set. Setting it to the default ID: omServiceIdDefault
2022-10-16 13:17:34,414 [Listener at 0.0.0.0/39675] INFO  ha.OMHANodeDetails (OMHANodeDetails.java:getOMNodeDetailsForNonHA(261)) - OM Node ID is not set. Setting it to the default ID: om1
2022-10-16 13:17:34,414 [Listener at 0.0.0.0/39675] WARN  server.ServerUtils (ServerUtils.java:getDBPath(225)) - ozone.om.db.dirs is not configured. We recommend adding this setting. Falling back to ozone.metadata.dirs instead.
2022-10-16 13:17:34,414 [Listener at 0.0.0.0/39675] INFO  upgrade.AbstractLayoutVersionManager (AbstractLayoutVersionManager.java:init(83)) - Initializing Layout version manager with metadata layout = MULTITENANCY_SCHEMA (version = 3), software layout = MULTITENANCY_SCHEMA (version = 3)
2022-10-16 13:17:34,481 [Listener at 0.0.0.0/39675] INFO  reflections.Reflections (Reflections.java:scan(232)) - Reflections took 66 ms to scan 2 urls, producing 154 keys and 428 values [using 2 cores]
2022-10-16 13:17:34,481 [Listener at 0.0.0.0/39675] INFO  upgrade.OMLayoutVersionManager (OMLayoutVersionManager.java:lambda$0(115)) - Skipping Upgrade Action MockOmUpgradeAction since it has been finalized.
2022-10-16 13:17:34,481 [Listener at 0.0.0.0/39675] WARN  server.ServerUtils (ServerUtils.java:getDBPath(225)) - ozone.om.db.dirs is not configured. We recommend adding this setting. Falling back to ozone.metadata.dirs instead.
2022-10-16 13:17:34,482 [Listener at 0.0.0.0/39675] INFO  proxy.SCMBlockLocationFailoverProxyProvider (SCMBlockLocationFailoverProxyProvider.java:<init>(114)) - Created block location fail-over proxy with 1 nodes: [nodeId=scmNodeId,nodeAddress=/0.0.0.0:34879]
2022-10-16 13:17:34,483 [Listener at 0.0.0.0/39675] INFO  proxy.SCMBlockLocationFailoverProxyProvider (SCMBlockLocationFailoverProxyProvider.java:<init>(114)) - Created block location fail-over proxy with 1 nodes: [nodeId=scmNodeId,nodeAddress=/0.0.0.0:34879]
2022-10-16 13:17:34,488 [Listener at 0.0.0.0/39675] WARN  server.ServerUtils (ServerUtils.java:getDBPath(225)) - ozone.om.db.dirs is not configured. We recommend adding this setting. Falling back to ozone.metadata.dirs instead.
2022-10-16 13:17:34,488 [Listener at 0.0.0.0/39675] INFO  codec.OmKeyInfoCodec (OmKeyInfoCodec.java:<init>(49)) - OmKeyInfoCodec ignorePipeline = true
2022-10-16 13:17:34,488 [Listener at 0.0.0.0/39675] INFO  codec.RepeatedOmKeyInfoCodec (RepeatedOmKeyInfoCodec.java:<init>(41)) - RepeatedOmKeyInfoCodec ignorePipeline = true
2022-10-16 13:17:34,634 [Listener at 0.0.0.0/39675] INFO  om.OzoneManager (OzoneManager.java:instantiateServices(712)) - S3 Multi-Tenancy is disabled
2022-10-16 13:17:34,635 [Listener at 0.0.0.0/39675] INFO  om.OzoneManager (OzoneManager.java:addS3GVolumeToDB(4386)) - Created Volume s3v With Owner runner required for S3Gateway operations.
2022-10-16 13:17:34,635 [Listener at 0.0.0.0/39675] WARN  server.ServerUtils (ServerUtils.java:getDefaultRatisDirectory(237)) - Storage directory for Ratis is not configured. It is a good idea to map this to an SSD disk. Falling back to ozone.metadata.dirs
2022-10-16 13:17:34,635 [Listener at 0.0.0.0/39675] WARN  utils.OzoneManagerRatisUtils (OzoneManagerRatisUtils.java:getOMRatisSnapshotDirectory(434)) - ozone.om.ratis.snapshot.dir is not configured. Falling back to ozone.metadata.dirs config
2022-10-16 13:17:34,636 [Listener at 0.0.0.0/39675] WARN  server.ServerUtils (ServerUtils.java:getDefaultRatisDirectory(237)) - Storage directory for Ratis is not configured. It is a good idea to map this to an SSD disk. Falling back to ozone.metadata.dirs
2022-10-16 13:17:34,636 [Listener at 0.0.0.0/39675] INFO  ratis.OzoneManagerRatisServer (OzoneManagerRatisServer.java:<init>(160)) - Instantiating OM Ratis server with groupID: omServiceIdDefault and peers: localhost:9872
2022-10-16 13:17:34,636 [Listener at 0.0.0.0/39675] INFO  ratis.OzoneManagerStateMachine (OzoneManagerStateMachine.java:loadSnapshotInfoFromDB(632)) - LastAppliedIndex is set from TransactionInfo from OM DB as (t:0, i:~)
2022-10-16 13:17:34,637 [Listener at 0.0.0.0/39675] INFO  server.RaftServer (ConfUtils.java:logGet(46)) - raft.rpc.type = GRPC (default)
2022-10-16 13:17:34,637 [Listener at 0.0.0.0/39675] INFO  grpc.GrpcFactory (GrpcFactory.java:checkPooledByteBufAllocatorUseCacheForAllThreads(48)) - PERFORMANCE WARNING: useCacheForAllThreads is true that may cause Netty to create a lot garbage objects and, as a result, trigger GC.
	It is recommended to disable useCacheForAllThreads by setting -Dorg.apache.ratis.thirdparty.io.netty.allocator.useCacheForAllThreads=false in command line.
2022-10-16 13:17:34,637 [Listener at 0.0.0.0/39675] INFO  grpc.GrpcConfigKeys (ConfUtils.java:logGet(46)) - raft.grpc.admin.port = -1 (default)
2022-10-16 13:17:34,637 [Listener at 0.0.0.0/39675] INFO  grpc.GrpcConfigKeys (ConfUtils.java:logGet(46)) - raft.grpc.server.port = 9872 (custom)
2022-10-16 13:17:34,637 [Listener at 0.0.0.0/39675] INFO  grpc.GrpcConfigKeys (ConfUtils.java:logGet(46)) - raft.grpc.client.port = -1 (default)
2022-10-16 13:17:34,637 [Listener at 0.0.0.0/39675] INFO  grpc.GrpcConfigKeys (ConfUtils.java:logGet(46)) - raft.grpc.server.port = 9872 (custom)
2022-10-16 13:17:34,637 [Listener at 0.0.0.0/39675] INFO  grpc.GrpcConfigKeys (ConfUtils.java:logGet(46)) - raft.grpc.server.port = 9872 (custom)
2022-10-16 13:17:34,637 [Listener at 0.0.0.0/39675] INFO  server.GrpcService (ConfUtils.java:logGet(46)) - raft.grpc.message.size.max = 33554432 (custom)
2022-10-16 13:17:34,637 [Listener at 0.0.0.0/39675] INFO  server.RaftServerConfigKeys (ConfUtils.java:logGet(46)) - raft.server.log.appender.buffer.byte-limit = 33554432 (custom)
2022-10-16 13:17:34,637 [Listener at 0.0.0.0/39675] INFO  server.GrpcService (ConfUtils.java:logGet(46)) - raft.grpc.flow.control.window = 1MB (=1048576) (default)
2022-10-16 13:17:34,637 [Listener at 0.0.0.0/39675] INFO  server.RaftServerConfigKeys (ConfUtils.java:logGet(46)) - raft.server.rpc.request.timeout = 3000ms (default)
2022-10-16 13:17:34,638 [Listener at 0.0.0.0/39675] INFO  grpc.GrpcConfigKeys (ConfUtils.java:logGet(46)) - raft.grpc.server.async.request.thread.pool.cached = true (default)
2022-10-16 13:17:34,638 [Listener at 0.0.0.0/39675] INFO  grpc.GrpcConfigKeys (ConfUtils.java:logGet(46)) - raft.grpc.server.async.request.thread.pool.size = 32 (default)
2022-10-16 13:17:34,639 [Listener at 0.0.0.0/39675] INFO  impl.DataStreamServerImpl (ConfUtils.java:logGet(46)) - raft.datastream.type = DISABLED (default)
2022-10-16 13:17:34,639 [Listener at 0.0.0.0/39675] INFO  server.RaftServerConfigKeys (ConfUtils.java:logGet(46)) - raft.server.threadpool.proxy.cached = true (default)
2022-10-16 13:17:34,639 [Listener at 0.0.0.0/39675] INFO  server.RaftServerConfigKeys (ConfUtils.java:logGet(46)) - raft.server.threadpool.proxy.size = 0 (default)
2022-10-16 13:17:34,639 [Listener at 0.0.0.0/39675] INFO  server.RaftServerConfigKeys (ConfUtils.java:logGet(46)) - raft.server.rpc.slowness.timeout = 120s (custom)
2022-10-16 13:17:34,639 [Listener at 0.0.0.0/39675] INFO  server.RaftServerConfigKeys (ConfUtils.java:logGet(46)) - raft.server.leaderelection.leader.step-down.wait-time = 10s (default)
2022-10-16 13:17:34,639 [Listener at 0.0.0.0/39675] INFO  server.RaftServerConfigKeys (ConfUtils.java:logGet(46)) - raft.server.storage.dir = [/home/runner/work/ozone/ozone/hadoop-ozone/integration-test/target/test-dir/MiniOzoneClusterImpl-4f724465-3e6c-4465-87e8-0372c8c9e6dc/ozone-meta/ratis] (custom)
2022-10-16 13:17:34,640 [Listener at 0.0.0.0/39675] INFO  server.RaftServer (RaftServerProxy.java:addNew(96)) - om1: addNew group-C5BA1605619E:[om1|rpc:localhost:9872|priority:0] returns group-C5BA1605619E:java.util.concurrent.CompletableFuture@56be4d4d[Not completed]
2022-10-16 13:17:34,640 [Listener at 0.0.0.0/39675] INFO  om.OzoneManager (OzoneManager.java:initializeRatisServer(1975)) - OzoneManager Ratis server initialized at port 9872
2022-10-16 13:17:34,640 [Listener at 0.0.0.0/39675] INFO  om.OzoneManager (OzoneManager.java:getRpcServer(1101)) - Creating RPC Server
2022-10-16 13:17:34,641 [pool-1411-thread-1] INFO  server.RaftServer$Division (RaftServerImpl.java:<init>(190)) - om1: new RaftServerImpl for group-C5BA1605619E:[om1|rpc:localhost:9872|priority:0] with OzoneManagerStateMachine:uninitialized
2022-10-16 13:17:34,641 [pool-1411-thread-1] INFO  server.RaftServerConfigKeys (ConfUtils.java:logGet(46)) - raft.server.rpc.timeout.min = 1s (custom)
2022-10-16 13:17:34,642 [pool-1411-thread-1] INFO  server.RaftServerConfigKeys (ConfUtils.java:logGet(46)) - raft.server.rpc.timeout.max = 1200ms (custom)
2022-10-16 13:17:34,642 [pool-1411-thread-1] INFO  server.RaftServerConfigKeys (ConfUtils.java:logGet(46)) - raft.server.rpc.sleep.time = 25ms (default)
2022-10-16 13:17:34,642 [pool-1411-thread-1] INFO  server.RaftServerConfigKeys (ConfUtils.java:logGet(46)) - raft.server.rpc.slowness.timeout = 120s (custom)
2022-10-16 13:17:34,642 [pool-1411-thread-1] INFO  server.RaftServerConfigKeys (ConfUtils.java:logGet(46)) - raft.server.leaderelection.leader.step-down.wait-time = 10s (default)
2022-10-16 13:17:34,642 [pool-1411-thread-1] INFO  server.RaftServerConfigKeys (ConfUtils.java:logGet(46)) - raft.server.sleep.deviation.threshold = 300ms (default)
2022-10-16 13:17:34,642 [pool-1411-thread-1] INFO  server.RaftServer$Division (ServerState.java:<init>(107)) - om1@group-C5BA1605619E: ConfigurationManager, init=-1: [om1|rpc:localhost:9872|priority:0], old=null, confs=<EMPTY_MAP>
2022-10-16 13:17:34,642 [pool-1411-thread-1] INFO  server.RaftServerConfigKeys (ConfUtils.java:logGet(46)) - raft.server.storage.dir = [/home/runner/work/ozone/ozone/hadoop-ozone/integration-test/target/test-dir/MiniOzoneClusterImpl-4f724465-3e6c-4465-87e8-0372c8c9e6dc/ozone-meta/ratis] (custom)
2022-10-16 13:17:34,642 [pool-1411-thread-1] INFO  server.RaftServerConfigKeys (ConfUtils.java:logGet(46)) - raft.server.log.corruption.policy = EXCEPTION (default)
2022-10-16 13:17:34,642 [pool-1411-thread-1] INFO  server.RaftServerConfigKeys (ConfUtils.java:logGet(46)) - raft.server.storage.free-space.min = 0MB (=0) (default)
2022-10-16 13:17:34,642 [pool-1411-thread-1] INFO  storage.RaftStorageDirectory (RaftStorageDirectoryImpl.java:analyzeStorage(135)) - The storage directory /home/runner/work/ozone/ozone/hadoop-ozone/integration-test/target/test-dir/MiniOzoneClusterImpl-4f724465-3e6c-4465-87e8-0372c8c9e6dc/ozone-meta/ratis/bf265839-605b-3f16-9796-c5ba1605619e does not exist. Creating ...
2022-10-16 13:17:34,648 [pool-1411-thread-1] INFO  storage.RaftStorageDirectory (RaftStorageDirectoryImpl.java:tryLock(230)) - Lock on /home/runner/work/ozone/ozone/hadoop-ozone/integration-test/target/test-dir/MiniOzoneClusterImpl-4f724465-3e6c-4465-87e8-0372c8c9e6dc/ozone-meta/ratis/bf265839-605b-3f16-9796-c5ba1605619e/in_use.lock acquired by nodename 44550@fv-az308-250
2022-10-16 13:17:34,650 [pool-1411-thread-1] INFO  storage.RaftStorage (RaftStorageImpl.java:format(89)) - Storage directory /home/runner/work/ozone/ozone/hadoop-ozone/integration-test/target/test-dir/MiniOzoneClusterImpl-4f724465-3e6c-4465-87e8-0372c8c9e6dc/ozone-meta/ratis/bf265839-605b-3f16-9796-c5ba1605619e has been successfully formatted.
2022-10-16 13:17:34,650 [pool-1411-thread-1] INFO  server.RaftServerConfigKeys (ConfUtils.java:logGet(46)) - raft.server.notification.no-leader.timeout = 120s (custom)
2022-10-16 13:17:34,650 [pool-1411-thread-1] INFO  server.RaftServerConfigKeys (ConfUtils.java:logGet(46)) - raft.server.log.use.memory = false (default)
2022-10-16 13:17:34,650 [pool-1411-thread-1] INFO  server.RaftServerConfigKeys (ConfUtils.java:logGet(46)) - raft.server.log.purge.gap = 1000000 (custom)
2022-10-16 13:17:34,650 [pool-1411-thread-1] INFO  server.RaftServerConfigKeys (ConfUtils.java:logGet(46)) - raft.server.log.appender.buffer.byte-limit = 33554432 (custom)
2022-10-16 13:17:34,650 [pool-1411-thread-1] INFO  server.RaftServerConfigKeys (ConfUtils.java:logGet(46)) - raft.server.log.statemachine.data.read.timeout = 1000ms (default)
2022-10-16 13:17:34,650 [pool-1411-thread-1] INFO  server.RaftServerConfigKeys (ConfUtils.java:logGet(46)) - raft.server.log.segment.size.max = 4194304 (custom)
2022-10-16 13:17:34,651 [pool-1411-thread-1] INFO  server.RaftServerConfigKeys (ConfUtils.java:logGet(46)) - raft.server.log.segment.cache.num.max = 2 (custom)
2022-10-16 13:17:34,651 [pool-1411-thread-1] INFO  server.RaftServerConfigKeys (ConfUtils.java:logGet(46)) - raft.server.log.segment.cache.size.max = 200MB (=209715200) (default)
2022-10-16 13:17:34,651 [pool-1411-thread-1] INFO  segmented.SegmentedRaftLogWorker (SegmentedRaftLogWorker.java:<init>(187)) - new om1@group-C5BA1605619E-SegmentedRaftLogWorker for RaftStorageImpl:Storage Directory /home/runner/work/ozone/ozone/hadoop-ozone/integration-test/target/test-dir/MiniOzoneClusterImpl-4f724465-3e6c-4465-87e8-0372c8c9e6dc/ozone-meta/ratis/bf265839-605b-3f16-9796-c5ba1605619e
2022-10-16 13:17:34,651 [pool-1411-thread-1] INFO  server.RaftServerConfigKeys (ConfUtils.java:logGet(46)) - raft.server.log.queue.byte-limit = 64MB (=67108864) (default)
2022-10-16 13:17:34,651 [pool-1411-thread-1] INFO  server.RaftServerConfigKeys (ConfUtils.java:logGet(46)) - raft.server.log.queue.element-limit = 4096 (default)
2022-10-16 13:17:34,651 [pool-1411-thread-1] INFO  server.RaftServerConfigKeys (ConfUtils.java:logGet(46)) - raft.server.log.segment.size.max = 4194304 (custom)
2022-10-16 13:17:34,651 [pool-1411-thread-1] INFO  server.RaftServerConfigKeys (ConfUtils.java:logGet(46)) - raft.server.log.preallocated.size = 4194304 (custom)
2022-10-16 13:17:34,651 [pool-1411-thread-1] INFO  server.RaftServerConfigKeys (ConfUtils.java:logGet(46)) - raft.server.log.force.sync.num = 128 (default)
2022-10-16 13:17:34,651 [pool-1411-thread-1] INFO  server.RaftServerConfigKeys (ConfUtils.java:logGet(46)) - raft.server.log.statemachine.data.sync = true (default)
2022-10-16 13:17:34,651 [pool-1411-thread-1] INFO  server.RaftServerConfigKeys (ConfUtils.java:logGet(46)) - raft.server.log.statemachine.data.sync.timeout = 10s (default)
2022-10-16 13:17:34,651 [pool-1411-thread-1] INFO  server.RaftServerConfigKeys (ConfUtils.java:logGet(46)) - raft.server.log.statemachine.data.sync.timeout.retry = -1 (default)
2022-10-16 13:17:34,653 [pool-1411-thread-1] INFO  server.RaftServerConfigKeys (ConfUtils.java:logGet(46)) - raft.server.log.write.buffer.size = 64KB (=65536) (default)
2022-10-16 13:17:34,653 [pool-1411-thread-1] INFO  server.RaftServerConfigKeys (ConfUtils.java:logGet(46)) - raft.server.log.unsafe-flush.enabled = false (default)
2022-10-16 13:17:34,653 [pool-1411-thread-1] INFO  server.RaftServerConfigKeys (ConfUtils.java:logGet(46)) - raft.server.log.statemachine.data.caching.enabled = false (default)
2022-10-16 13:17:34,653 [pool-1411-thread-1] INFO  segmented.SegmentedRaftLogWorker (SegmentedRaftLogWorker.java:lambda$new$0(135)) - om1@group-C5BA1605619E-SegmentedRaftLogWorker: flushIndex: setUnconditionally 0 -> -1
2022-10-16 13:17:34,653 [pool-1411-thread-1] INFO  segmented.SegmentedRaftLogWorker (SegmentedRaftLogWorker.java:lambda$new$0(135)) - om1@group-C5BA1605619E-SegmentedRaftLogWorker: safeCacheEvictIndex: setUnconditionally 0 -> -1
2022-10-16 13:17:34,660 [pool-1411-thread-1] INFO  server.RaftServerConfigKeys (ConfUtils.java:logGet(46)) - raft.server.snapshot.auto.trigger.enabled = true (custom)
2022-10-16 13:17:34,660 [pool-1411-thread-1] INFO  server.RaftServerConfigKeys (ConfUtils.java:logGet(46)) - raft.server.snapshot.auto.trigger.threshold = 400000 (default)
2022-10-16 13:17:34,660 [pool-1411-thread-1] INFO  server.RaftServerConfigKeys (ConfUtils.java:logGet(46)) - raft.server.snapshot.retention.file.num = -1 (default)
2022-10-16 13:17:34,660 [pool-1411-thread-1] INFO  server.RaftServerConfigKeys (ConfUtils.java:logGet(46)) - raft.server.log.purge.upto.snapshot.index = true (custom)
2022-10-16 13:17:34,660 [pool-1411-thread-1] INFO  server.RaftServerConfigKeys (ConfUtils.java:logGet(46)) - raft.server.retrycache.expirytime = 300s (custom)
2022-10-16 13:17:34,660 [pool-1411-thread-1] INFO  server.RaftServerConfigKeys (ConfUtils.java:logGet(46)) - raft.server.retrycache.statistics.expirytime = 100μs (default)
2022-10-16 13:17:34,662 [pool-1411-thread-1] INFO  server.RaftServerConfigKeys (ConfUtils.java:logGet(46)) - raft.server.log.appender.install.snapshot.enabled = false (custom)
2022-10-16 13:17:34,662 [pool-1411-thread-1] INFO  server.RaftServerConfigKeys (ConfUtils.java:logGet(46)) - raft.server.threadpool.server.cached = true (default)
2022-10-16 13:17:34,662 [pool-1411-thread-1] INFO  server.RaftServerConfigKeys (ConfUtils.java:logGet(46)) - raft.server.threadpool.server.size = 0 (default)
2022-10-16 13:17:34,662 [pool-1411-thread-1] INFO  server.RaftServerConfigKeys (ConfUtils.java:logGet(46)) - raft.server.threadpool.client.cached = true (default)
2022-10-16 13:17:34,662 [pool-1411-thread-1] INFO  server.RaftServerConfigKeys (ConfUtils.java:logGet(46)) - raft.server.threadpool.client.size = 0 (default)
2022-10-16 13:17:34,937 [Listener at 0.0.0.0/39675] INFO  reflections.Reflections (Reflections.java:scan(232)) - Reflections took 296 ms to scan 19 urls, producing 67 keys and 4232 values [using 2 cores]
2022-10-16 13:17:34,939 [Listener at 0.0.0.0/39675] INFO  ipc.CallQueueManager (CallQueueManager.java:<init>(90)) - Using callQueue: class java.util.concurrent.LinkedBlockingQueue, queueCapacity: 2000, scheduler: class org.apache.hadoop.ipc.DefaultRpcScheduler, ipcBackoff: false.
2022-10-16 13:17:34,939 [Socket Reader #1 for port 0] INFO  ipc.Server (Server.java:run(1273)) - Starting Socket Reader #1 for port 0
2022-10-16 13:17:34,955 [Listener at 127.0.0.1/40605] INFO  impl.MetricsSystemImpl (MetricsSystemImpl.java:init(158)) - OzoneManager metrics system started (again)
2022-10-16 13:17:34,964 [Listener at 127.0.0.1/40605] INFO  om.OzoneManager (OzoneManager.java:start(1482)) - OzoneManager RPC server is listening at localhost/127.0.0.1:40605
2022-10-16 13:17:34,964 [Listener at 127.0.0.1/40605] INFO  ratis.OzoneManagerRatisServer (OzoneManagerRatisServer.java:start(555)) - Starting OzoneManagerRatisServer om1 at port 9872
2022-10-16 13:17:34,964 [om1-impl-thread1] INFO  server.RaftServer$Division (RaftServerImpl.java:start(310)) - om1@group-C5BA1605619E: start as a follower, conf=-1: [om1|rpc:localhost:9872|priority:0], old=null
2022-10-16 13:17:34,965 [om1-impl-thread1] INFO  server.RaftServer$Division (RaftServerImpl.java:setRole(299)) - om1@group-C5BA1605619E: changes role from      null to FOLLOWER at term 0 for startAsFollower
2022-10-16 13:17:34,965 [om1-impl-thread1] INFO  impl.RoleInfo (RoleInfo.java:updateAndGet(139)) - om1: start om1@group-C5BA1605619E-FollowerState
2022-10-16 13:17:34,965 [om1-impl-thread1] INFO  util.JmxRegister (JmxRegister.java:tryRegister(44)) - Successfully registered JMX Bean with object name Ratis:service=RaftServer,group=group-C5BA1605619E,id=om1
2022-10-16 13:17:34,966 [Listener at 127.0.0.1/40605] INFO  server.RaftServer (RaftServerProxy.java:lambda$start$6(382)) - om1: start RPC server
2022-10-16 13:17:34,967 [Listener at 127.0.0.1/40605] INFO  server.GrpcService (GrpcService.java:startImpl(260)) - om1: GrpcService started, listening on 9872
2022-10-16 13:17:34,967 [Listener at 127.0.0.1/40605] INFO  om.OzoneManager (OzoneManager.java:start(1498)) - Version File has different layout version (3) than OM DB (null). That is expected if this OM has never been finalized to a newer layout version.
2022-10-16 13:17:34,967 [org.apache.ratis.util.JvmPauseMonitor$$Lambda$639/339294883@342225e4] INFO  util.JvmPauseMonitor (JvmPauseMonitor.java:run(103)) - JvmPauseMonitor-om1: Started
2022-10-16 13:17:34,969 [Listener at 127.0.0.1/40605] INFO  http.BaseHttpServer (BaseHttpServer.java:newHttpServer2BuilderForOzone(213)) - Starting Web-server for ozoneManager at: http://0.0.0.0:0
2022-10-16 13:17:34,969 [Listener at 127.0.0.1/40605] INFO  http.BaseHttpServer (BaseHttpServer.java:<init>(108)) - Hadoop Security Enabled: false Ozone Security Enabled: false Ozone HTTP Security Enabled: false 
2022-10-16 13:17:34,970 [Listener at 127.0.0.1/40605] WARN  server.AuthenticationFilter (AuthenticationFilter.java:constructSecretProvider(240)) - Unable to initialize FileSignerSecretProvider, falling back to use random secrets. Reason: Could not read signature secret file: /home/runner/hadoop-http-auth-signature-secret
2022-10-16 13:17:34,970 [Listener at 127.0.0.1/40605] WARN  http.HttpRequestLog (HttpRequestLog.java:getRequestLog(103)) - Jetty request log can only be enabled using Log4j
2022-10-16 13:17:34,971 [Listener at 127.0.0.1/40605] INFO  http.HttpServer2 (HttpServer2.java:addGlobalFilter(1031)) - Added global filter 'safety' (class=org.apache.hadoop.hdds.server.http.HttpServer2$QuotingInputFilter)
2022-10-16 13:17:34,971 [Listener at 127.0.0.1/40605] INFO  http.HttpServer2 (HttpServer2.java:addFilter(1007)) - Added filter static_user_filter (class=org.apache.hadoop.http.lib.StaticUserWebFilter$StaticUserFilter) to context ozoneManager
2022-10-16 13:17:34,972 [Listener at 127.0.0.1/40605] INFO  http.HttpServer2 (HttpServer2.java:addFilter(1015)) - Added filter static_user_filter (class=org.apache.hadoop.http.lib.StaticUserWebFilter$StaticUserFilter) to context logs
2022-10-16 13:17:34,972 [Listener at 127.0.0.1/40605] INFO  http.HttpServer2 (HttpServer2.java:addFilter(1015)) - Added filter static_user_filter (class=org.apache.hadoop.http.lib.StaticUserWebFilter$StaticUserFilter) to context static
2022-10-16 13:17:34,972 [Listener at 127.0.0.1/40605] INFO  http.HttpServer2 (HttpServer2.java:bindListener(1250)) - Jetty bound to port 46549
2022-10-16 13:17:34,972 [Listener at 127.0.0.1/40605] INFO  server.Server (Server.java:doStart(375)) - jetty-9.4.43.v20210629; built: 2021-06-30T11:07:22.254Z; git: 526006ecfa3af7f1a27ef3a288e2bef7ea9dd7e8; jvm 1.8.0_345-b01
2022-10-16 13:17:34,975 [Listener at 127.0.0.1/40605] INFO  server.session (DefaultSessionIdManager.java:doStart(334)) - DefaultSessionIdManager workerName=node0
2022-10-16 13:17:34,975 [Listener at 127.0.0.1/40605] INFO  server.session (DefaultSessionIdManager.java:doStart(339)) - No SessionScavenger set, using defaults
2022-10-16 13:17:34,975 [Listener at 127.0.0.1/40605] INFO  server.session (HouseKeeper.java:startScavenging(132)) - node0 Scavenging every 600000ms
2022-10-16 13:17:34,975 [Listener at 127.0.0.1/40605] INFO  handler.ContextHandler (ContextHandler.java:doStart(915)) - Started o.e.j.s.ServletContextHandler@60187664{logs,/logs,file:///home/runner/work/ozone/ozone/hadoop-ozone/integration-test/target/log,AVAILABLE}
2022-10-16 13:17:34,975 [Listener at 127.0.0.1/40605] INFO  handler.ContextHandler (ContextHandler.java:doStart(915)) - Started o.e.j.s.ServletContextHandler@19b086cd{static,/static,file:///home/runner/work/ozone/ozone/hadoop-ozone/integration-test/target/test-classes/webapps/static,AVAILABLE}
2022-10-16 13:17:34,977 [Listener at 127.0.0.1/40605] INFO  handler.ContextHandler (ContextHandler.java:doStart(915)) - Started o.e.j.w.WebAppContext@678331cb{ozoneManager,/,file:///home/runner/work/ozone/ozone/hadoop-ozone/integration-test/target/test-classes/webapps/ozoneManager/,AVAILABLE}{file:/home/runner/work/ozone/ozone/hadoop-ozone/integration-test/target/test-classes/webapps/ozoneManager}
2022-10-16 13:17:34,980 [Listener at 127.0.0.1/40605] INFO  server.AbstractConnector (AbstractConnector.java:doStart(331)) - Started ServerConnector@3e874f3e{HTTP/1.1, (http/1.1)}{0.0.0.0:46549}
2022-10-16 13:17:34,980 [Listener at 127.0.0.1/40605] INFO  server.Server (Server.java:doStart(415)) - Started @236192ms
2022-10-16 13:17:34,980 [Listener at 127.0.0.1/40605] WARN  impl.MetricsSystemImpl (MetricsSystemImpl.java:register(279)) - Sink prometheus already exists!
2022-10-16 13:17:34,981 [Listener at 127.0.0.1/40605] INFO  http.BaseHttpServer (BaseHttpServer.java:updateConnectorAddress(333)) - HTTP server of ozoneManager listening at http://0.0.0.0:46549
2022-10-16 13:17:34,981 [IPC Server Responder] INFO  ipc.Server (Server.java:run(1512)) - IPC Server Responder: starting
2022-10-16 13:17:34,982 [IPC Server listener on 0] INFO  ipc.Server (Server.java:run(1352)) - IPC Server listener on 0: starting
2022-10-16 13:17:34,989 [Listener at 127.0.0.1/40605] INFO  om.OzoneManager (OzoneManager.java:startTrashEmptier(1919)) - Trash Interval set to 0. Files deleted won't move to trash
2022-10-16 13:17:34,990 [org.apache.hadoop.util.JvmPauseMonitor$Monitor@62350fc2] INFO  util.JvmPauseMonitor (JvmPauseMonitor.java:run(188)) - Starting JVM pause monitor
2022-10-16 13:17:35,002 [Listener at 127.0.0.1/40605] WARN  impl.MetricRegistriesImpl (MetricRegistriesImpl.java:addReporterRegistration(111)) - New reporters are added after registries were created. Some metrics will be missing from the reporter. Please add reporter before adding any new registry.
2022-10-16 13:17:35,002 [Listener at 127.0.0.1/40605] WARN  impl.MetricRegistriesImpl (MetricRegistriesImpl.java:addReporterRegistration(111)) - New reporters are added after registries were created. Some metrics will be missing from the reporter. Please add reporter before adding any new registry.
2022-10-16 13:17:35,002 [Listener at 127.0.0.1/40605] INFO  impl.MetricsSystemImpl (MetricsSystemImpl.java:init(158)) - HddsDatanode metrics system started (again)
2022-10-16 13:17:35,015 [Listener at 127.0.0.1/40605] INFO  ozone.HddsDatanodeService (HddsDatanodeService.java:start(236)) - HddsDatanodeService host:fv-az308-250.etcbaq1qs54eplwmrjlabigyle.cx.internal.cloudapp.net ip:10.1.0.60
2022-10-16 13:17:35,037 [Listener at 127.0.0.1/40605] INFO  upgrade.AbstractLayoutVersionManager (AbstractLayoutVersionManager.java:init(83)) - Initializing Layout version manager with metadata layout = DATANODE_SCHEMA_V3 (version = 4), software layout = DATANODE_SCHEMA_V3 (version = 4)
2022-10-16 13:17:35,077 [Listener at 127.0.0.1/40605] INFO  reflections.Reflections (Reflections.java:scan(232)) - Reflections took 38 ms to scan 7 urls, producing 137 keys and 328 values 
2022-10-16 13:17:35,078 [Listener at 127.0.0.1/40605] INFO  statemachine.DatanodeStateMachine (DatanodeStateMachine.java:getEndPointTaskThreadPoolSize(237)) - Datanode State Machine Task Thread Pool size 2
2022-10-16 13:17:35,079 [Listener at 127.0.0.1/40605] INFO  volume.HddsVolume (HddsVolume.java:<init>(117)) - Creating HddsVolume: /home/runner/work/ozone/ozone/hadoop-ozone/integration-test/target/test-dir/MiniOzoneClusterImpl-4f724465-3e6c-4465-87e8-0372c8c9e6dc/datanode-0/data-0/containers/hdds of storage type : DISK capacity : 9223372036854775807
2022-10-16 13:17:35,079 [Listener at 127.0.0.1/40605] INFO  volume.MutableVolumeSet (MutableVolumeSet.java:initializeVolumeSet(174)) - Added Volume : /home/runner/work/ozone/ozone/hadoop-ozone/integration-test/target/test-dir/MiniOzoneClusterImpl-4f724465-3e6c-4465-87e8-0372c8c9e6dc/datanode-0/data-0/containers/hdds to VolumeSet
2022-10-16 13:17:35,079 [Listener at 127.0.0.1/40605] INFO  volume.ThrottledAsyncChecker (ThrottledAsyncChecker.java:schedule(141)) - Scheduling a check for /home/runner/work/ozone/ozone/hadoop-ozone/integration-test/target/test-dir/MiniOzoneClusterImpl-4f724465-3e6c-4465-87e8-0372c8c9e6dc/datanode-0/data-0/containers/hdds
2022-10-16 13:17:35,079 [Listener at 127.0.0.1/40605] INFO  volume.StorageVolumeChecker (StorageVolumeChecker.java:checkAllVolumes(202)) - Scheduled health check for volume /home/runner/work/ozone/ozone/hadoop-ozone/integration-test/target/test-dir/MiniOzoneClusterImpl-4f724465-3e6c-4465-87e8-0372c8c9e6dc/datanode-0/data-0/containers/hdds
2022-10-16 13:17:35,089 [Listener at 127.0.0.1/40605] INFO  volume.MutableVolumeSet (MutableVolumeSet.java:initializeVolumeSet(174)) - Added Volume : /home/runner/work/ozone/ozone/hadoop-ozone/integration-test/target/test-dir/MiniOzoneClusterImpl-4f724465-3e6c-4465-87e8-0372c8c9e6dc/datanode-0/data/ratis to VolumeSet
2022-10-16 13:17:35,089 [Listener at 127.0.0.1/40605] INFO  volume.ThrottledAsyncChecker (ThrottledAsyncChecker.java:schedule(141)) - Scheduling a check for /home/runner/work/ozone/ozone/hadoop-ozone/integration-test/target/test-dir/MiniOzoneClusterImpl-4f724465-3e6c-4465-87e8-0372c8c9e6dc/datanode-0/data/ratis
2022-10-16 13:17:35,089 [Listener at 127.0.0.1/40605] INFO  volume.StorageVolumeChecker (StorageVolumeChecker.java:checkAllVolumes(202)) - Scheduled health check for volume /home/runner/work/ozone/ozone/hadoop-ozone/integration-test/target/test-dir/MiniOzoneClusterImpl-4f724465-3e6c-4465-87e8-0372c8c9e6dc/datanode-0/data/ratis
2022-10-16 13:17:35,101 [Thread-2778] INFO  ozoneimpl.ContainerReader (ContainerReader.java:readVolume(175)) - Finish verifying containers on volume /home/runner/work/ozone/ozone/hadoop-ozone/integration-test/target/test-dir/MiniOzoneClusterImpl-4f724465-3e6c-4465-87e8-0372c8c9e6dc/datanode-0/data-0/containers/hdds
2022-10-16 13:17:35,101 [Listener at 127.0.0.1/40605] INFO  ozoneimpl.OzoneContainer (OzoneContainer.java:buildContainerSet(300)) - Build ContainerSet costs 0s
2022-10-16 13:17:35,102 [Listener at 127.0.0.1/40605] INFO  server.RaftServer (ConfUtils.java:logGet(46)) - raft.rpc.type = GRPC (default)
2022-10-16 13:17:35,102 [Listener at 127.0.0.1/40605] INFO  grpc.GrpcFactory (GrpcFactory.java:checkPooledByteBufAllocatorUseCacheForAllThreads(48)) - PERFORMANCE WARNING: useCacheForAllThreads is true that may cause Netty to create a lot garbage objects and, as a result, trigger GC.
	It is recommended to disable useCacheForAllThreads by setting -Dorg.apache.ratis.thirdparty.io.netty.allocator.useCacheForAllThreads=false in command line.
2022-10-16 13:17:35,102 [Listener at 127.0.0.1/40605] INFO  grpc.GrpcConfigKeys (ConfUtils.java:logGet(46)) - raft.grpc.admin.port = 0 (custom)
2022-10-16 13:17:35,102 [Listener at 127.0.0.1/40605] INFO  grpc.GrpcConfigKeys (ConfUtils.java:logGet(46)) - raft.grpc.client.port = 0 (custom)
2022-10-16 13:17:35,102 [Listener at 127.0.0.1/40605] INFO  grpc.GrpcConfigKeys (ConfUtils.java:logGet(46)) - raft.grpc.server.port = 0 (default)
2022-10-16 13:17:35,102 [Listener at 127.0.0.1/40605] INFO  server.GrpcService (ConfUtils.java:logGet(46)) - raft.grpc.message.size.max = 32MB (=33554432) (custom)
2022-10-16 13:17:35,102 [Listener at 127.0.0.1/40605] INFO  server.RaftServerConfigKeys (ConfUtils.java:logGet(46)) - raft.server.log.appender.buffer.byte-limit = 33554432 (custom)
2022-10-16 13:17:35,102 [Listener at 127.0.0.1/40605] INFO  server.GrpcService (ConfUtils.java:logGet(46)) - raft.grpc.flow.control.window = 5MB (=5242880) (custom)
2022-10-16 13:17:35,103 [Listener at 127.0.0.1/40605] INFO  server.RaftServerConfigKeys (ConfUtils.java:logGet(46)) - raft.server.rpc.request.timeout = 60s (custom)
2022-10-16 13:17:35,103 [Listener at 127.0.0.1/40605] INFO  grpc.GrpcConfigKeys (ConfUtils.java:logGet(46)) - raft.grpc.server.async.request.thread.pool.cached = true (default)
2022-10-16 13:17:35,103 [Listener at 127.0.0.1/40605] INFO  grpc.GrpcConfigKeys (ConfUtils.java:logGet(46)) - raft.grpc.server.async.request.thread.pool.size = 32 (default)
2022-10-16 13:17:35,103 [Listener at 127.0.0.1/40605] INFO  impl.DataStreamServerImpl (ConfUtils.java:logGet(46)) - raft.datastream.type = DISABLED (default)
2022-10-16 13:17:35,104 [Listener at 127.0.0.1/40605] INFO  server.RaftServerConfigKeys (ConfUtils.java:logGet(46)) - raft.server.threadpool.proxy.cached = true (default)
2022-10-16 13:17:35,104 [Listener at 127.0.0.1/40605] INFO  server.RaftServerConfigKeys (ConfUtils.java:logGet(46)) - raft.server.threadpool.proxy.size = 0 (default)
2022-10-16 13:17:35,104 [Listener at 127.0.0.1/40605] INFO  server.RaftServerConfigKeys (ConfUtils.java:logGet(46)) - raft.server.rpc.slowness.timeout = 300s (custom)
2022-10-16 13:17:35,104 [Listener at 127.0.0.1/40605] INFO  server.RaftServerConfigKeys (ConfUtils.java:logGet(46)) - raft.server.leaderelection.leader.step-down.wait-time = 10s (default)
2022-10-16 13:17:35,104 [Listener at 127.0.0.1/40605] INFO  server.RaftServerConfigKeys (ConfUtils.java:logGet(46)) - raft.server.storage.dir = [/home/runner/work/ozone/ozone/hadoop-ozone/integration-test/target/test-dir/MiniOzoneClusterImpl-4f724465-3e6c-4465-87e8-0372c8c9e6dc/datanode-0/data/ratis] (custom)
2022-10-16 13:17:35,105 [Listener at 127.0.0.1/40605] INFO  server.XceiverServerGrpc (XceiverServerGrpc.java:<init>(132)) - GrpcServer channel type EpollServerSocketChannel
2022-10-16 13:17:35,107 [Listener at 127.0.0.1/40605] INFO  http.BaseHttpServer (BaseHttpServer.java:newHttpServer2BuilderForOzone(213)) - Starting Web-server for hddsDatanode at: http://0.0.0.0:0
2022-10-16 13:17:35,107 [Listener at 127.0.0.1/40605] INFO  http.BaseHttpServer (BaseHttpServer.java:<init>(108)) - Hadoop Security Enabled: false Ozone Security Enabled: false Ozone HTTP Security Enabled: false 
2022-10-16 13:17:35,108 [Listener at 127.0.0.1/40605] WARN  server.AuthenticationFilter (AuthenticationFilter.java:constructSecretProvider(240)) - Unable to initialize FileSignerSecretProvider, falling back to use random secrets. Reason: Could not read signature secret file: /home/runner/hadoop-http-auth-signature-secret
2022-10-16 13:17:35,108 [Listener at 127.0.0.1/40605] WARN  http.HttpRequestLog (HttpRequestLog.java:getRequestLog(103)) - Jetty request log can only be enabled using Log4j
2022-10-16 13:17:35,109 [Listener at 127.0.0.1/40605] INFO  http.HttpServer2 (HttpServer2.java:addGlobalFilter(1031)) - Added global filter 'safety' (class=org.apache.hadoop.hdds.server.http.HttpServer2$QuotingInputFilter)
2022-10-16 13:17:35,109 [Listener at 127.0.0.1/40605] INFO  http.HttpServer2 (HttpServer2.java:addFilter(1007)) - Added filter static_user_filter (class=org.apache.hadoop.http.lib.StaticUserWebFilter$StaticUserFilter) to context hddsDatanode
2022-10-16 13:17:35,109 [Listener at 127.0.0.1/40605] INFO  http.HttpServer2 (HttpServer2.java:addFilter(1015)) - Added filter static_user_filter (class=org.apache.hadoop.http.lib.StaticUserWebFilter$StaticUserFilter) to context logs
2022-10-16 13:17:35,109 [Listener at 127.0.0.1/40605] INFO  http.HttpServer2 (HttpServer2.java:addFilter(1015)) - Added filter static_user_filter (class=org.apache.hadoop.http.lib.StaticUserWebFilter$StaticUserFilter) to context static
2022-10-16 13:17:35,110 [Listener at 127.0.0.1/40605] INFO  http.HttpServer2 (HttpServer2.java:bindListener(1250)) - Jetty bound to port 35331
2022-10-16 13:17:35,110 [Listener at 127.0.0.1/40605] INFO  server.Server (Server.java:doStart(375)) - jetty-9.4.43.v20210629; built: 2021-06-30T11:07:22.254Z; git: 526006ecfa3af7f1a27ef3a288e2bef7ea9dd7e8; jvm 1.8.0_345-b01
2022-10-16 13:17:35,111 [Listener at 127.0.0.1/40605] INFO  server.session (DefaultSessionIdManager.java:doStart(334)) - DefaultSessionIdManager workerName=node0
2022-10-16 13:17:35,111 [Listener at 127.0.0.1/40605] INFO  server.session (DefaultSessionIdManager.java:doStart(339)) - No SessionScavenger set, using defaults
2022-10-16 13:17:35,111 [Listener at 127.0.0.1/40605] INFO  server.session (HouseKeeper.java:startScavenging(132)) - node0 Scavenging every 600000ms
2022-10-16 13:17:35,111 [Listener at 127.0.0.1/40605] INFO  handler.ContextHandler (ContextHandler.java:doStart(915)) - Started o.e.j.s.ServletContextHandler@b44bc36{logs,/logs,file:///home/runner/work/ozone/ozone/hadoop-ozone/integration-test/target/log,AVAILABLE}
2022-10-16 13:17:35,111 [Listener at 127.0.0.1/40605] INFO  handler.ContextHandler (ContextHandler.java:doStart(915)) - Started o.e.j.s.ServletContextHandler@e729e1f{static,/static,jar:file:/home/runner/.m2/repository/org/apache/ozone/hdds-container-service/1.3.0-SNAPSHOT/hdds-container-service-1.3.0-SNAPSHOT.jar!/webapps/static,AVAILABLE}
2022-10-16 13:17:35,160 [ReplicationMonitor] INFO  replication.ReplicationManager (ReplicationManager.java:processAll(324)) - Replication Monitor Thread took 0 milliseconds for processing 7 containers.
2022-10-16 13:17:35,271 [Listener at 127.0.0.1/40605] INFO  handler.ContextHandler (ContextHandler.java:doStart(915)) - Started o.e.j.w.WebAppContext@4cee40cd{hddsDatanode,/,file:///tmp/jetty-0_0_0_0-35331-hdds-container-service-1_3_0-SNAPSHOT_jar-_-any-2242106212443309909/webapp/,AVAILABLE}{jar:file:/home/runner/.m2/repository/org/apache/ozone/hdds-container-service/1.3.0-SNAPSHOT/hdds-container-service-1.3.0-SNAPSHOT.jar!/webapps/hddsDatanode}
2022-10-16 13:17:35,273 [Listener at 127.0.0.1/40605] INFO  server.AbstractConnector (AbstractConnector.java:doStart(331)) - Started ServerConnector@25b42666{HTTP/1.1, (http/1.1)}{0.0.0.0:35331}
2022-10-16 13:17:35,273 [Listener at 127.0.0.1/40605] INFO  server.Server (Server.java:doStart(415)) - Started @236485ms
2022-10-16 13:17:35,273 [Listener at 127.0.0.1/40605] WARN  impl.MetricsSystemImpl (MetricsSystemImpl.java:register(279)) - Sink prometheus already exists!
2022-10-16 13:17:35,274 [Listener at 127.0.0.1/40605] INFO  http.BaseHttpServer (BaseHttpServer.java:updateConnectorAddress(333)) - HTTP server of hddsDatanode listening at http://0.0.0.0:35331
2022-10-16 13:17:35,274 [Datanode State Machine Daemon Thread] INFO  statemachine.DatanodeStateMachine (DatanodeStateMachine.java:lambda$startDaemon$0(492)) - Ozone container server started.
2022-10-16 13:17:35,274 [Listener at 127.0.0.1/40605] WARN  impl.MetricRegistriesImpl (MetricRegistriesImpl.java:addReporterRegistration(111)) - New reporters are added after registries were created. Some metrics will be missing from the reporter. Please add reporter before adding any new registry.
2022-10-16 13:17:35,275 [Listener at 127.0.0.1/40605] WARN  impl.MetricRegistriesImpl (MetricRegistriesImpl.java:addReporterRegistration(111)) - New reporters are added after registries were created. Some metrics will be missing from the reporter. Please add reporter before adding any new registry.
2022-10-16 13:17:35,275 [Listener at 127.0.0.1/40605] INFO  impl.MetricsSystemImpl (MetricsSystemImpl.java:init(158)) - HddsDatanode metrics system started (again)
2022-10-16 13:17:35,286 [Listener at 127.0.0.1/40605] INFO  ozone.HddsDatanodeService (HddsDatanodeService.java:start(236)) - HddsDatanodeService host:fv-az308-250.etcbaq1qs54eplwmrjlabigyle.cx.internal.cloudapp.net ip:10.1.0.60
2022-10-16 13:17:35,327 [org.apache.hadoop.util.JvmPauseMonitor$Monitor@411acef6] INFO  util.JvmPauseMonitor (JvmPauseMonitor.java:run(188)) - Starting JVM pause monitor
2022-10-16 13:17:35,331 [Datanode State Machine Task Thread - 0] INFO  datanode.InitDatanodeState (InitDatanodeState.java:persistContainerDatanodeDetails(138)) - DatanodeDetails is persisted to /home/runner/work/ozone/ozone/hadoop-ozone/integration-test/target/test-dir/MiniOzoneClusterImpl-4f724465-3e6c-4465-87e8-0372c8c9e6dc/datanode-0/meta/datanode.id
2022-10-16 13:17:35,345 [ReplicationMonitor] INFO  replication.ReplicationManager (ReplicationManager.java:processAll(291)) - Replication Manager is not ready to run until 3000ms after safemode exit
2022-10-16 13:17:35,358 [Listener at 127.0.0.1/40605] INFO  upgrade.AbstractLayoutVersionManager (AbstractLayoutVersionManager.java:init(83)) - Initializing Layout version manager with metadata layout = DATANODE_SCHEMA_V3 (version = 4), software layout = DATANODE_SCHEMA_V3 (version = 4)
2022-10-16 13:17:35,397 [Listener at 127.0.0.1/40605] INFO  reflections.Reflections (Reflections.java:scan(232)) - Reflections took 38 ms to scan 7 urls, producing 137 keys and 328 values 
2022-10-16 13:17:35,398 [Listener at 127.0.0.1/40605] INFO  statemachine.DatanodeStateMachine (DatanodeStateMachine.java:getEndPointTaskThreadPoolSize(237)) - Datanode State Machine Task Thread Pool size 2
2022-10-16 13:17:35,400 [Listener at 127.0.0.1/40605] INFO  volume.HddsVolume (HddsVolume.java:<init>(117)) - Creating HddsVolume: /home/runner/work/ozone/ozone/hadoop-ozone/integration-test/target/test-dir/MiniOzoneClusterImpl-4f724465-3e6c-4465-87e8-0372c8c9e6dc/datanode-1/data-0/containers/hdds of storage type : DISK capacity : 9223372036854775807
2022-10-16 13:17:35,400 [Listener at 127.0.0.1/40605] INFO  volume.MutableVolumeSet (MutableVolumeSet.java:initializeVolumeSet(174)) - Added Volume : /home/runner/work/ozone/ozone/hadoop-ozone/integration-test/target/test-dir/MiniOzoneClusterImpl-4f724465-3e6c-4465-87e8-0372c8c9e6dc/datanode-1/data-0/containers/hdds to VolumeSet
2022-10-16 13:17:35,400 [Listener at 127.0.0.1/40605] INFO  volume.ThrottledAsyncChecker (ThrottledAsyncChecker.java:schedule(141)) - Scheduling a check for /home/runner/work/ozone/ozone/hadoop-ozone/integration-test/target/test-dir/MiniOzoneClusterImpl-4f724465-3e6c-4465-87e8-0372c8c9e6dc/datanode-1/data-0/containers/hdds
2022-10-16 13:17:35,402 [Listener at 127.0.0.1/40605] INFO  volume.StorageVolumeChecker (StorageVolumeChecker.java:checkAllVolumes(202)) - Scheduled health check for volume /home/runner/work/ozone/ozone/hadoop-ozone/integration-test/target/test-dir/MiniOzoneClusterImpl-4f724465-3e6c-4465-87e8-0372c8c9e6dc/datanode-1/data-0/containers/hdds
2022-10-16 13:17:35,412 [Listener at 127.0.0.1/40605] INFO  volume.MutableVolumeSet (MutableVolumeSet.java:initializeVolumeSet(174)) - Added Volume : /home/runner/work/ozone/ozone/hadoop-ozone/integration-test/target/test-dir/MiniOzoneClusterImpl-4f724465-3e6c-4465-87e8-0372c8c9e6dc/datanode-1/data/ratis to VolumeSet
2022-10-16 13:17:35,412 [Listener at 127.0.0.1/40605] INFO  volume.ThrottledAsyncChecker (ThrottledAsyncChecker.java:schedule(141)) - Scheduling a check for /home/runner/work/ozone/ozone/hadoop-ozone/integration-test/target/test-dir/MiniOzoneClusterImpl-4f724465-3e6c-4465-87e8-0372c8c9e6dc/datanode-1/data/ratis
2022-10-16 13:17:35,412 [Listener at 127.0.0.1/40605] INFO  volume.StorageVolumeChecker (StorageVolumeChecker.java:checkAllVolumes(202)) - Scheduled health check for volume /home/runner/work/ozone/ozone/hadoop-ozone/integration-test/target/test-dir/MiniOzoneClusterImpl-4f724465-3e6c-4465-87e8-0372c8c9e6dc/datanode-1/data/ratis
2022-10-16 13:17:35,422 [Thread-2791] INFO  ozoneimpl.ContainerReader (ContainerReader.java:readVolume(175)) - Finish verifying containers on volume /home/runner/work/ozone/ozone/hadoop-ozone/integration-test/target/test-dir/MiniOzoneClusterImpl-4f724465-3e6c-4465-87e8-0372c8c9e6dc/datanode-1/data-0/containers/hdds
2022-10-16 13:17:35,423 [Listener at 127.0.0.1/40605] INFO  ozoneimpl.OzoneContainer (OzoneContainer.java:buildContainerSet(300)) - Build ContainerSet costs 0s
2022-10-16 13:17:35,424 [Listener at 127.0.0.1/40605] INFO  server.RaftServer (ConfUtils.java:logGet(46)) - raft.rpc.type = GRPC (default)
2022-10-16 13:17:35,424 [Listener at 127.0.0.1/40605] INFO  grpc.GrpcFactory (GrpcFactory.java:checkPooledByteBufAllocatorUseCacheForAllThreads(48)) - PERFORMANCE WARNING: useCacheForAllThreads is true that may cause Netty to create a lot garbage objects and, as a result, trigger GC.
	It is recommended to disable useCacheForAllThreads by setting -Dorg.apache.ratis.thirdparty.io.netty.allocator.useCacheForAllThreads=false in command line.
2022-10-16 13:17:35,424 [Listener at 127.0.0.1/40605] INFO  grpc.GrpcConfigKeys (ConfUtils.java:logGet(46)) - raft.grpc.admin.port = 0 (custom)
2022-10-16 13:17:35,424 [Listener at 127.0.0.1/40605] INFO  grpc.GrpcConfigKeys (ConfUtils.java:logGet(46)) - raft.grpc.client.port = 0 (custom)
2022-10-16 13:17:35,424 [Listener at 127.0.0.1/40605] INFO  grpc.GrpcConfigKeys (ConfUtils.java:logGet(46)) - raft.grpc.server.port = 0 (default)
2022-10-16 13:17:35,424 [Listener at 127.0.0.1/40605] INFO  server.GrpcService (ConfUtils.java:logGet(46)) - raft.grpc.message.size.max = 32MB (=33554432) (custom)
2022-10-16 13:17:35,424 [Listener at 127.0.0.1/40605] INFO  server.RaftServerConfigKeys (ConfUtils.java:logGet(46)) - raft.server.log.appender.buffer.byte-limit = 33554432 (custom)
2022-10-16 13:17:35,424 [Listener at 127.0.0.1/40605] INFO  server.GrpcService (ConfUtils.java:logGet(46)) - raft.grpc.flow.control.window = 5MB (=5242880) (custom)
2022-10-16 13:17:35,424 [Listener at 127.0.0.1/40605] INFO  server.RaftServerConfigKeys (ConfUtils.java:logGet(46)) - raft.server.rpc.request.timeout = 60s (custom)
2022-10-16 13:17:35,425 [Listener at 127.0.0.1/40605] INFO  grpc.GrpcConfigKeys (ConfUtils.java:logGet(46)) - raft.grpc.server.async.request.thread.pool.cached = true (default)
2022-10-16 13:17:35,425 [Listener at 127.0.0.1/40605] INFO  grpc.GrpcConfigKeys (ConfUtils.java:logGet(46)) - raft.grpc.server.async.request.thread.pool.size = 32 (default)
2022-10-16 13:17:35,425 [Listener at 127.0.0.1/40605] INFO  impl.DataStreamServerImpl (ConfUtils.java:logGet(46)) - raft.datastream.type = DISABLED (default)
2022-10-16 13:17:35,426 [Listener at 127.0.0.1/40605] INFO  server.RaftServerConfigKeys (ConfUtils.java:logGet(46)) - raft.server.threadpool.proxy.cached = true (default)
2022-10-16 13:17:35,426 [Listener at 127.0.0.1/40605] INFO  server.RaftServerConfigKeys (ConfUtils.java:logGet(46)) - raft.server.threadpool.proxy.size = 0 (default)
2022-10-16 13:17:35,426 [Listener at 127.0.0.1/40605] INFO  server.RaftServerConfigKeys (ConfUtils.java:logGet(46)) - raft.server.rpc.slowness.timeout = 300s (custom)
2022-10-16 13:17:35,426 [Listener at 127.0.0.1/40605] INFO  server.RaftServerConfigKeys (ConfUtils.java:logGet(46)) - raft.server.leaderelection.leader.step-down.wait-time = 10s (default)
2022-10-16 13:17:35,426 [Listener at 127.0.0.1/40605] INFO  server.RaftServerConfigKeys (ConfUtils.java:logGet(46)) - raft.server.storage.dir = [/home/runner/work/ozone/ozone/hadoop-ozone/integration-test/target/test-dir/MiniOzoneClusterImpl-4f724465-3e6c-4465-87e8-0372c8c9e6dc/datanode-1/data/ratis] (custom)
2022-10-16 13:17:35,427 [Listener at 127.0.0.1/40605] INFO  server.XceiverServerGrpc (XceiverServerGrpc.java:<init>(132)) - GrpcServer channel type EpollServerSocketChannel
2022-10-16 13:17:35,429 [Listener at 127.0.0.1/40605] INFO  http.BaseHttpServer (BaseHttpServer.java:newHttpServer2BuilderForOzone(213)) - Starting Web-server for hddsDatanode at: http://0.0.0.0:0
2022-10-16 13:17:35,429 [Listener at 127.0.0.1/40605] INFO  http.BaseHttpServer (BaseHttpServer.java:<init>(108)) - Hadoop Security Enabled: false Ozone Security Enabled: false Ozone HTTP Security Enabled: false 
2022-10-16 13:17:35,430 [Listener at 127.0.0.1/40605] WARN  server.AuthenticationFilter (AuthenticationFilter.java:constructSecretProvider(240)) - Unable to initialize FileSignerSecretProvider, falling back to use random secrets. Reason: Could not read signature secret file: /home/runner/hadoop-http-auth-signature-secret
2022-10-16 13:17:35,430 [Listener at 127.0.0.1/40605] WARN  http.HttpRequestLog (HttpRequestLog.java:getRequestLog(103)) - Jetty request log can only be enabled using Log4j
2022-10-16 13:17:35,431 [Listener at 127.0.0.1/40605] INFO  http.HttpServer2 (HttpServer2.java:addGlobalFilter(1031)) - Added global filter 'safety' (class=org.apache.hadoop.hdds.server.http.HttpServer2$QuotingInputFilter)
2022-10-16 13:17:35,431 [Listener at 127.0.0.1/40605] INFO  http.HttpServer2 (HttpServer2.java:addFilter(1007)) - Added filter static_user_filter (class=org.apache.hadoop.http.lib.StaticUserWebFilter$StaticUserFilter) to context hddsDatanode
2022-10-16 13:17:35,431 [Listener at 127.0.0.1/40605] INFO  http.HttpServer2 (HttpServer2.java:addFilter(1015)) - Added filter static_user_filter (class=org.apache.hadoop.http.lib.StaticUserWebFilter$StaticUserFilter) to context logs
2022-10-16 13:17:35,431 [Listener at 127.0.0.1/40605] INFO  http.HttpServer2 (HttpServer2.java:addFilter(1015)) - Added filter static_user_filter (class=org.apache.hadoop.http.lib.StaticUserWebFilter$StaticUserFilter) to context static
2022-10-16 13:17:35,432 [Listener at 127.0.0.1/40605] INFO  http.HttpServer2 (HttpServer2.java:bindListener(1250)) - Jetty bound to port 36667
2022-10-16 13:17:35,432 [Listener at 127.0.0.1/40605] INFO  server.Server (Server.java:doStart(375)) - jetty-9.4.43.v20210629; built: 2021-06-30T11:07:22.254Z; git: 526006ecfa3af7f1a27ef3a288e2bef7ea9dd7e8; jvm 1.8.0_345-b01
2022-10-16 13:17:35,433 [Listener at 127.0.0.1/40605] INFO  server.session (DefaultSessionIdManager.java:doStart(334)) - DefaultSessionIdManager workerName=node0
2022-10-16 13:17:35,433 [Listener at 127.0.0.1/40605] INFO  server.session (DefaultSessionIdManager.java:doStart(339)) - No SessionScavenger set, using defaults
2022-10-16 13:17:35,433 [Listener at 127.0.0.1/40605] INFO  server.session (HouseKeeper.java:startScavenging(132)) - node0 Scavenging every 600000ms
2022-10-16 13:17:35,433 [Listener at 127.0.0.1/40605] INFO  handler.ContextHandler (ContextHandler.java:doStart(915)) - Started o.e.j.s.ServletContextHandler@56343684{logs,/logs,file:///home/runner/work/ozone/ozone/hadoop-ozone/integration-test/target/log,AVAILABLE}
2022-10-16 13:17:35,434 [Listener at 127.0.0.1/40605] INFO  handler.ContextHandler (ContextHandler.java:doStart(915)) - Started o.e.j.s.ServletContextHandler@67d69b86{static,/static,jar:file:/home/runner/.m2/repository/org/apache/ozone/hdds-container-service/1.3.0-SNAPSHOT/hdds-container-service-1.3.0-SNAPSHOT.jar!/webapps/static,AVAILABLE}
2022-10-16 13:17:35,592 [Listener at 127.0.0.1/40605] INFO  handler.ContextHandler (ContextHandler.java:doStart(915)) - Started o.e.j.w.WebAppContext@27ccf2e0{hddsDatanode,/,file:///tmp/jetty-0_0_0_0-36667-hdds-container-service-1_3_0-SNAPSHOT_jar-_-any-5563110828683383077/webapp/,AVAILABLE}{jar:file:/home/runner/.m2/repository/org/apache/ozone/hdds-container-service/1.3.0-SNAPSHOT/hdds-container-service-1.3.0-SNAPSHOT.jar!/webapps/hddsDatanode}
2022-10-16 13:17:35,593 [Listener at 127.0.0.1/40605] INFO  server.AbstractConnector (AbstractConnector.java:doStart(331)) - Started ServerConnector@4bf28368{HTTP/1.1, (http/1.1)}{0.0.0.0:36667}
2022-10-16 13:17:35,593 [Listener at 127.0.0.1/40605] INFO  server.Server (Server.java:doStart(415)) - Started @236805ms
2022-10-16 13:17:35,593 [Listener at 127.0.0.1/40605] WARN  impl.MetricsSystemImpl (MetricsSystemImpl.java:register(279)) - Sink prometheus already exists!
2022-10-16 13:17:35,594 [Listener at 127.0.0.1/40605] INFO  http.BaseHttpServer (BaseHttpServer.java:updateConnectorAddress(333)) - HTTP server of hddsDatanode listening at http://0.0.0.0:36667
2022-10-16 13:17:35,595 [Datanode State Machine Daemon Thread] INFO  statemachine.DatanodeStateMachine (DatanodeStateMachine.java:lambda$startDaemon$0(492)) - Ozone container server started.
2022-10-16 13:17:35,595 [Listener at 127.0.0.1/40605] WARN  impl.MetricRegistriesImpl (MetricRegistriesImpl.java:addReporterRegistration(111)) - New reporters are added after registries were created. Some metrics will be missing from the reporter. Please add reporter before adding any new registry.
2022-10-16 13:17:35,598 [Listener at 127.0.0.1/40605] WARN  impl.MetricRegistriesImpl (MetricRegistriesImpl.java:addReporterRegistration(111)) - New reporters are added after registries were created. Some metrics will be missing from the reporter. Please add reporter before adding any new registry.
2022-10-16 13:17:35,598 [Listener at 127.0.0.1/40605] INFO  impl.MetricsSystemImpl (MetricsSystemImpl.java:init(158)) - HddsDatanode metrics system started (again)
2022-10-16 13:17:35,608 [org.apache.hadoop.util.JvmPauseMonitor$Monitor@38433c68] INFO  util.JvmPauseMonitor (JvmPauseMonitor.java:run(188)) - Starting JVM pause monitor
2022-10-16 13:17:35,609 [Listener at 127.0.0.1/40605] INFO  ozone.HddsDatanodeService (HddsDatanodeService.java:start(236)) - HddsDatanodeService host:fv-az308-250.etcbaq1qs54eplwmrjlabigyle.cx.internal.cloudapp.net ip:10.1.0.60
2022-10-16 13:17:35,617 [Datanode State Machine Task Thread - 0] INFO  datanode.InitDatanodeState (InitDatanodeState.java:persistContainerDatanodeDetails(138)) - DatanodeDetails is persisted to /home/runner/work/ozone/ozone/hadoop-ozone/integration-test/target/test-dir/MiniOzoneClusterImpl-4f724465-3e6c-4465-87e8-0372c8c9e6dc/datanode-1/meta/datanode.id
2022-10-16 13:17:35,651 [Listener at 127.0.0.1/40605] INFO  upgrade.AbstractLayoutVersionManager (AbstractLayoutVersionManager.java:init(83)) - Initializing Layout version manager with metadata layout = DATANODE_SCHEMA_V3 (version = 4), software layout = DATANODE_SCHEMA_V3 (version = 4)
2022-10-16 13:17:35,690 [Listener at 127.0.0.1/40605] INFO  reflections.Reflections (Reflections.java:scan(232)) - Reflections took 38 ms to scan 7 urls, producing 137 keys and 328 values 
2022-10-16 13:17:35,691 [Listener at 127.0.0.1/40605] INFO  statemachine.DatanodeStateMachine (DatanodeStateMachine.java:getEndPointTaskThreadPoolSize(237)) - Datanode State Machine Task Thread Pool size 2
2022-10-16 13:17:35,693 [Listener at 127.0.0.1/40605] INFO  volume.HddsVolume (HddsVolume.java:<init>(117)) - Creating HddsVolume: /home/runner/work/ozone/ozone/hadoop-ozone/integration-test/target/test-dir/MiniOzoneClusterImpl-4f724465-3e6c-4465-87e8-0372c8c9e6dc/datanode-2/data-0/containers/hdds of storage type : DISK capacity : 9223372036854775807
2022-10-16 13:17:35,693 [Listener at 127.0.0.1/40605] INFO  volume.MutableVolumeSet (MutableVolumeSet.java:initializeVolumeSet(174)) - Added Volume : /home/runner/work/ozone/ozone/hadoop-ozone/integration-test/target/test-dir/MiniOzoneClusterImpl-4f724465-3e6c-4465-87e8-0372c8c9e6dc/datanode-2/data-0/containers/hdds to VolumeSet
2022-10-16 13:17:35,693 [Listener at 127.0.0.1/40605] INFO  volume.ThrottledAsyncChecker (ThrottledAsyncChecker.java:schedule(141)) - Scheduling a check for /home/runner/work/ozone/ozone/hadoop-ozone/integration-test/target/test-dir/MiniOzoneClusterImpl-4f724465-3e6c-4465-87e8-0372c8c9e6dc/datanode-2/data-0/containers/hdds
2022-10-16 13:17:35,693 [Listener at 127.0.0.1/40605] INFO  volume.StorageVolumeChecker (StorageVolumeChecker.java:checkAllVolumes(202)) - Scheduled health check for volume /home/runner/work/ozone/ozone/hadoop-ozone/integration-test/target/test-dir/MiniOzoneClusterImpl-4f724465-3e6c-4465-87e8-0372c8c9e6dc/datanode-2/data-0/containers/hdds
2022-10-16 13:17:35,703 [Listener at 127.0.0.1/40605] INFO  volume.MutableVolumeSet (MutableVolumeSet.java:initializeVolumeSet(174)) - Added Volume : /home/runner/work/ozone/ozone/hadoop-ozone/integration-test/target/test-dir/MiniOzoneClusterImpl-4f724465-3e6c-4465-87e8-0372c8c9e6dc/datanode-2/data/ratis to VolumeSet
2022-10-16 13:17:35,703 [Listener at 127.0.0.1/40605] INFO  volume.ThrottledAsyncChecker (ThrottledAsyncChecker.java:schedule(141)) - Scheduling a check for /home/runner/work/ozone/ozone/hadoop-ozone/integration-test/target/test-dir/MiniOzoneClusterImpl-4f724465-3e6c-4465-87e8-0372c8c9e6dc/datanode-2/data/ratis
2022-10-16 13:17:35,703 [Listener at 127.0.0.1/40605] INFO  volume.StorageVolumeChecker (StorageVolumeChecker.java:checkAllVolumes(202)) - Scheduled health check for volume /home/runner/work/ozone/ozone/hadoop-ozone/integration-test/target/test-dir/MiniOzoneClusterImpl-4f724465-3e6c-4465-87e8-0372c8c9e6dc/datanode-2/data/ratis
2022-10-16 13:17:35,713 [Thread-2804] INFO  ozoneimpl.ContainerReader (ContainerReader.java:readVolume(175)) - Finish verifying containers on volume /home/runner/work/ozone/ozone/hadoop-ozone/integration-test/target/test-dir/MiniOzoneClusterImpl-4f724465-3e6c-4465-87e8-0372c8c9e6dc/datanode-2/data-0/containers/hdds
2022-10-16 13:17:35,713 [Listener at 127.0.0.1/40605] INFO  ozoneimpl.OzoneContainer (OzoneContainer.java:buildContainerSet(300)) - Build ContainerSet costs 0s
2022-10-16 13:17:35,714 [Listener at 127.0.0.1/40605] INFO  server.RaftServer (ConfUtils.java:logGet(46)) - raft.rpc.type = GRPC (default)
2022-10-16 13:17:35,714 [Listener at 127.0.0.1/40605] INFO  grpc.GrpcFactory (GrpcFactory.java:checkPooledByteBufAllocatorUseCacheForAllThreads(48)) - PERFORMANCE WARNING: useCacheForAllThreads is true that may cause Netty to create a lot garbage objects and, as a result, trigger GC.
	It is recommended to disable useCacheForAllThreads by setting -Dorg.apache.ratis.thirdparty.io.netty.allocator.useCacheForAllThreads=false in command line.
2022-10-16 13:17:35,714 [Listener at 127.0.0.1/40605] INFO  grpc.GrpcConfigKeys (ConfUtils.java:logGet(46)) - raft.grpc.admin.port = 0 (custom)
2022-10-16 13:17:35,715 [Listener at 127.0.0.1/40605] INFO  grpc.GrpcConfigKeys (ConfUtils.java:logGet(46)) - raft.grpc.client.port = 0 (custom)
2022-10-16 13:17:35,715 [Listener at 127.0.0.1/40605] INFO  grpc.GrpcConfigKeys (ConfUtils.java:logGet(46)) - raft.grpc.server.port = 0 (default)
2022-10-16 13:17:35,715 [Listener at 127.0.0.1/40605] INFO  server.GrpcService (ConfUtils.java:logGet(46)) - raft.grpc.message.size.max = 32MB (=33554432) (custom)
2022-10-16 13:17:35,715 [Listener at 127.0.0.1/40605] INFO  server.RaftServerConfigKeys (ConfUtils.java:logGet(46)) - raft.server.log.appender.buffer.byte-limit = 33554432 (custom)
2022-10-16 13:17:35,715 [Listener at 127.0.0.1/40605] INFO  server.GrpcService (ConfUtils.java:logGet(46)) - raft.grpc.flow.control.window = 5MB (=5242880) (custom)
2022-10-16 13:17:35,715 [Listener at 127.0.0.1/40605] INFO  server.RaftServerConfigKeys (ConfUtils.java:logGet(46)) - raft.server.rpc.request.timeout = 60s (custom)
2022-10-16 13:17:35,715 [Listener at 127.0.0.1/40605] INFO  grpc.GrpcConfigKeys (ConfUtils.java:logGet(46)) - raft.grpc.server.async.request.thread.pool.cached = true (default)
2022-10-16 13:17:35,715 [Listener at 127.0.0.1/40605] INFO  grpc.GrpcConfigKeys (ConfUtils.java:logGet(46)) - raft.grpc.server.async.request.thread.pool.size = 32 (default)
2022-10-16 13:17:35,716 [Listener at 127.0.0.1/40605] INFO  impl.DataStreamServerImpl (ConfUtils.java:logGet(46)) - raft.datastream.type = DISABLED (default)
2022-10-16 13:17:35,716 [Listener at 127.0.0.1/40605] INFO  server.RaftServerConfigKeys (ConfUtils.java:logGet(46)) - raft.server.threadpool.proxy.cached = true (default)
2022-10-16 13:17:35,716 [Listener at 127.0.0.1/40605] INFO  server.RaftServerConfigKeys (ConfUtils.java:logGet(46)) - raft.server.threadpool.proxy.size = 0 (default)
2022-10-16 13:17:35,716 [Listener at 127.0.0.1/40605] INFO  server.RaftServerConfigKeys (ConfUtils.java:logGet(46)) - raft.server.rpc.slowness.timeout = 300s (custom)
2022-10-16 13:17:35,716 [Listener at 127.0.0.1/40605] INFO  server.RaftServerConfigKeys (ConfUtils.java:logGet(46)) - raft.server.leaderelection.leader.step-down.wait-time = 10s (default)
2022-10-16 13:17:35,716 [Listener at 127.0.0.1/40605] INFO  server.RaftServerConfigKeys (ConfUtils.java:logGet(46)) - raft.server.storage.dir = [/home/runner/work/ozone/ozone/hadoop-ozone/integration-test/target/test-dir/MiniOzoneClusterImpl-4f724465-3e6c-4465-87e8-0372c8c9e6dc/datanode-2/data/ratis] (custom)
2022-10-16 13:17:35,717 [Listener at 127.0.0.1/40605] INFO  server.XceiverServerGrpc (XceiverServerGrpc.java:<init>(132)) - GrpcServer channel type EpollServerSocketChannel
2022-10-16 13:17:35,719 [Listener at 127.0.0.1/40605] INFO  http.BaseHttpServer (BaseHttpServer.java:newHttpServer2BuilderForOzone(213)) - Starting Web-server for hddsDatanode at: http://0.0.0.0:0
2022-10-16 13:17:35,719 [Listener at 127.0.0.1/40605] INFO  http.BaseHttpServer (BaseHttpServer.java:<init>(108)) - Hadoop Security Enabled: false Ozone Security Enabled: false Ozone HTTP Security Enabled: false 
2022-10-16 13:17:35,720 [Listener at 127.0.0.1/40605] WARN  server.AuthenticationFilter (AuthenticationFilter.java:constructSecretProvider(240)) - Unable to initialize FileSignerSecretProvider, falling back to use random secrets. Reason: Could not read signature secret file: /home/runner/hadoop-http-auth-signature-secret
2022-10-16 13:17:35,721 [Listener at 127.0.0.1/40605] WARN  http.HttpRequestLog (HttpRequestLog.java:getRequestLog(103)) - Jetty request log can only be enabled using Log4j
2022-10-16 13:17:35,721 [Listener at 127.0.0.1/40605] INFO  http.HttpServer2 (HttpServer2.java:addGlobalFilter(1031)) - Added global filter 'safety' (class=org.apache.hadoop.hdds.server.http.HttpServer2$QuotingInputFilter)
2022-10-16 13:17:35,722 [Listener at 127.0.0.1/40605] INFO  http.HttpServer2 (HttpServer2.java:addFilter(1007)) - Added filter static_user_filter (class=org.apache.hadoop.http.lib.StaticUserWebFilter$StaticUserFilter) to context hddsDatanode
2022-10-16 13:17:35,722 [Listener at 127.0.0.1/40605] INFO  http.HttpServer2 (HttpServer2.java:addFilter(1015)) - Added filter static_user_filter (class=org.apache.hadoop.http.lib.StaticUserWebFilter$StaticUserFilter) to context logs
2022-10-16 13:17:35,722 [Listener at 127.0.0.1/40605] INFO  http.HttpServer2 (HttpServer2.java:addFilter(1015)) - Added filter static_user_filter (class=org.apache.hadoop.http.lib.StaticUserWebFilter$StaticUserFilter) to context static
2022-10-16 13:17:35,722 [Listener at 127.0.0.1/40605] INFO  http.HttpServer2 (HttpServer2.java:bindListener(1250)) - Jetty bound to port 39989
2022-10-16 13:17:35,722 [Listener at 127.0.0.1/40605] INFO  server.Server (Server.java:doStart(375)) - jetty-9.4.43.v20210629; built: 2021-06-30T11:07:22.254Z; git: 526006ecfa3af7f1a27ef3a288e2bef7ea9dd7e8; jvm 1.8.0_345-b01
2022-10-16 13:17:35,723 [Listener at 127.0.0.1/40605] INFO  server.session (DefaultSessionIdManager.java:doStart(334)) - DefaultSessionIdManager workerName=node0
2022-10-16 13:17:35,723 [Listener at 127.0.0.1/40605] INFO  server.session (DefaultSessionIdManager.java:doStart(339)) - No SessionScavenger set, using defaults
2022-10-16 13:17:35,723 [Listener at 127.0.0.1/40605] INFO  server.session (HouseKeeper.java:startScavenging(132)) - node0 Scavenging every 600000ms
2022-10-16 13:17:35,724 [Listener at 127.0.0.1/40605] INFO  handler.ContextHandler (ContextHandler.java:doStart(915)) - Started o.e.j.s.ServletContextHandler@3abfd523{logs,/logs,file:///home/runner/work/ozone/ozone/hadoop-ozone/integration-test/target/log,AVAILABLE}
2022-10-16 13:17:35,724 [Listener at 127.0.0.1/40605] INFO  handler.ContextHandler (ContextHandler.java:doStart(915)) - Started o.e.j.s.ServletContextHandler@5c83748d{static,/static,jar:file:/home/runner/.m2/repository/org/apache/ozone/hdds-container-service/1.3.0-SNAPSHOT/hdds-container-service-1.3.0-SNAPSHOT.jar!/webapps/static,AVAILABLE}
2022-10-16 13:17:35,882 [Listener at 127.0.0.1/40605] INFO  handler.ContextHandler (ContextHandler.java:doStart(915)) - Started o.e.j.w.WebAppContext@7337f49c{hddsDatanode,/,file:///tmp/jetty-0_0_0_0-39989-hdds-container-service-1_3_0-SNAPSHOT_jar-_-any-3725664122441124362/webapp/,AVAILABLE}{jar:file:/home/runner/.m2/repository/org/apache/ozone/hdds-container-service/1.3.0-SNAPSHOT/hdds-container-service-1.3.0-SNAPSHOT.jar!/webapps/hddsDatanode}
2022-10-16 13:17:35,883 [Listener at 127.0.0.1/40605] INFO  server.AbstractConnector (AbstractConnector.java:doStart(331)) - Started ServerConnector@7c3cdca0{HTTP/1.1, (http/1.1)}{0.0.0.0:39989}
2022-10-16 13:17:35,884 [Listener at 127.0.0.1/40605] INFO  server.Server (Server.java:doStart(415)) - Started @237096ms
2022-10-16 13:17:35,884 [Listener at 127.0.0.1/40605] WARN  impl.MetricsSystemImpl (MetricsSystemImpl.java:register(279)) - Sink prometheus already exists!
2022-10-16 13:17:35,884 [Listener at 127.0.0.1/40605] INFO  http.BaseHttpServer (BaseHttpServer.java:updateConnectorAddress(333)) - HTTP server of hddsDatanode listening at http://0.0.0.0:39989
2022-10-16 13:17:35,885 [Datanode State Machine Daemon Thread] INFO  statemachine.DatanodeStateMachine (DatanodeStateMachine.java:lambda$startDaemon$0(492)) - Ozone container server started.
2022-10-16 13:17:35,885 [Listener at 127.0.0.1/40605] WARN  impl.MetricRegistriesImpl (MetricRegistriesImpl.java:addReporterRegistration(111)) - New reporters are added after registries were created. Some metrics will be missing from the reporter. Please add reporter before adding any new registry.
2022-10-16 13:17:35,886 [Listener at 127.0.0.1/40605] WARN  impl.MetricRegistriesImpl (MetricRegistriesImpl.java:addReporterRegistration(111)) - New reporters are added after registries were created. Some metrics will be missing from the reporter. Please add reporter before adding any new registry.
2022-10-16 13:17:35,886 [Listener at 127.0.0.1/40605] INFO  impl.MetricsSystemImpl (MetricsSystemImpl.java:init(158)) - HddsDatanode metrics system started (again)
2022-10-16 13:17:35,896 [Listener at 127.0.0.1/40605] INFO  ozone.HddsDatanodeService (HddsDatanodeService.java:start(236)) - HddsDatanodeService host:fv-az308-250.etcbaq1qs54eplwmrjlabigyle.cx.internal.cloudapp.net ip:10.1.0.60
2022-10-16 13:17:35,898 [org.apache.hadoop.util.JvmPauseMonitor$Monitor@72bc1af2] INFO  util.JvmPauseMonitor (JvmPauseMonitor.java:run(188)) - Starting JVM pause monitor
2022-10-16 13:17:35,901 [Datanode State Machine Task Thread - 0] INFO  datanode.InitDatanodeState (InitDatanodeState.java:persistContainerDatanodeDetails(138)) - DatanodeDetails is persisted to /home/runner/work/ozone/ozone/hadoop-ozone/integration-test/target/test-dir/MiniOzoneClusterImpl-4f724465-3e6c-4465-87e8-0372c8c9e6dc/datanode-2/meta/datanode.id
2022-10-16 13:17:35,929 [Listener at 127.0.0.1/40605] INFO  upgrade.AbstractLayoutVersionManager (AbstractLayoutVersionManager.java:init(83)) - Initializing Layout version manager with metadata layout = DATANODE_SCHEMA_V3 (version = 4), software layout = DATANODE_SCHEMA_V3 (version = 4)
2022-10-16 13:17:35,968 [Listener at 127.0.0.1/40605] INFO  reflections.Reflections (Reflections.java:scan(232)) - Reflections took 38 ms to scan 7 urls, producing 137 keys and 328 values 
2022-10-16 13:17:35,969 [Listener at 127.0.0.1/40605] INFO  statemachine.DatanodeStateMachine (DatanodeStateMachine.java:getEndPointTaskThreadPoolSize(237)) - Datanode State Machine Task Thread Pool size 2
2022-10-16 13:17:35,970 [Listener at 127.0.0.1/40605] INFO  volume.HddsVolume (HddsVolume.java:<init>(117)) - Creating HddsVolume: /home/runner/work/ozone/ozone/hadoop-ozone/integration-test/target/test-dir/MiniOzoneClusterImpl-4f724465-3e6c-4465-87e8-0372c8c9e6dc/datanode-3/data-0/containers/hdds of storage type : DISK capacity : 9223372036854775807
2022-10-16 13:17:35,970 [Listener at 127.0.0.1/40605] INFO  volume.MutableVolumeSet (MutableVolumeSet.java:initializeVolumeSet(174)) - Added Volume : /home/runner/work/ozone/ozone/hadoop-ozone/integration-test/target/test-dir/MiniOzoneClusterImpl-4f724465-3e6c-4465-87e8-0372c8c9e6dc/datanode-3/data-0/containers/hdds to VolumeSet
2022-10-16 13:17:35,971 [Listener at 127.0.0.1/40605] INFO  volume.ThrottledAsyncChecker (ThrottledAsyncChecker.java:schedule(141)) - Scheduling a check for /home/runner/work/ozone/ozone/hadoop-ozone/integration-test/target/test-dir/MiniOzoneClusterImpl-4f724465-3e6c-4465-87e8-0372c8c9e6dc/datanode-3/data-0/containers/hdds
2022-10-16 13:17:35,972 [Listener at 127.0.0.1/40605] INFO  volume.StorageVolumeChecker (StorageVolumeChecker.java:checkAllVolumes(202)) - Scheduled health check for volume /home/runner/work/ozone/ozone/hadoop-ozone/integration-test/target/test-dir/MiniOzoneClusterImpl-4f724465-3e6c-4465-87e8-0372c8c9e6dc/datanode-3/data-0/containers/hdds
2022-10-16 13:17:35,982 [Listener at 127.0.0.1/40605] INFO  volume.MutableVolumeSet (MutableVolumeSet.java:initializeVolumeSet(174)) - Added Volume : /home/runner/work/ozone/ozone/hadoop-ozone/integration-test/target/test-dir/MiniOzoneClusterImpl-4f724465-3e6c-4465-87e8-0372c8c9e6dc/datanode-3/data/ratis to VolumeSet
2022-10-16 13:17:35,982 [Listener at 127.0.0.1/40605] INFO  volume.ThrottledAsyncChecker (ThrottledAsyncChecker.java:schedule(141)) - Scheduling a check for /home/runner/work/ozone/ozone/hadoop-ozone/integration-test/target/test-dir/MiniOzoneClusterImpl-4f724465-3e6c-4465-87e8-0372c8c9e6dc/datanode-3/data/ratis
2022-10-16 13:17:35,982 [Listener at 127.0.0.1/40605] INFO  volume.StorageVolumeChecker (StorageVolumeChecker.java:checkAllVolumes(202)) - Scheduled health check for volume /home/runner/work/ozone/ozone/hadoop-ozone/integration-test/target/test-dir/MiniOzoneClusterImpl-4f724465-3e6c-4465-87e8-0372c8c9e6dc/datanode-3/data/ratis
2022-10-16 13:17:35,996 [Thread-2817] INFO  ozoneimpl.ContainerReader (ContainerReader.java:readVolume(175)) - Finish verifying containers on volume /home/runner/work/ozone/ozone/hadoop-ozone/integration-test/target/test-dir/MiniOzoneClusterImpl-4f724465-3e6c-4465-87e8-0372c8c9e6dc/datanode-3/data-0/containers/hdds
2022-10-16 13:17:35,996 [Listener at 127.0.0.1/40605] INFO  ozoneimpl.OzoneContainer (OzoneContainer.java:buildContainerSet(300)) - Build ContainerSet costs 0s
2022-10-16 13:17:35,997 [Listener at 127.0.0.1/40605] INFO  server.RaftServer (ConfUtils.java:logGet(46)) - raft.rpc.type = GRPC (default)
2022-10-16 13:17:35,997 [Listener at 127.0.0.1/40605] INFO  grpc.GrpcFactory (GrpcFactory.java:checkPooledByteBufAllocatorUseCacheForAllThreads(48)) - PERFORMANCE WARNING: useCacheForAllThreads is true that may cause Netty to create a lot garbage objects and, as a result, trigger GC.
	It is recommended to disable useCacheForAllThreads by setting -Dorg.apache.ratis.thirdparty.io.netty.allocator.useCacheForAllThreads=false in command line.
2022-10-16 13:17:35,997 [Listener at 127.0.0.1/40605] INFO  grpc.GrpcConfigKeys (ConfUtils.java:logGet(46)) - raft.grpc.admin.port = 0 (custom)
2022-10-16 13:17:35,997 [Listener at 127.0.0.1/40605] INFO  grpc.GrpcConfigKeys (ConfUtils.java:logGet(46)) - raft.grpc.client.port = 0 (custom)
2022-10-16 13:17:35,997 [Listener at 127.0.0.1/40605] INFO  grpc.GrpcConfigKeys (ConfUtils.java:logGet(46)) - raft.grpc.server.port = 0 (default)
2022-10-16 13:17:35,997 [Listener at 127.0.0.1/40605] INFO  server.GrpcService (ConfUtils.java:logGet(46)) - raft.grpc.message.size.max = 32MB (=33554432) (custom)
2022-10-16 13:17:35,998 [Listener at 127.0.0.1/40605] INFO  server.RaftServerConfigKeys (ConfUtils.java:logGet(46)) - raft.server.log.appender.buffer.byte-limit = 33554432 (custom)
2022-10-16 13:17:35,998 [Listener at 127.0.0.1/40605] INFO  server.GrpcService (ConfUtils.java:logGet(46)) - raft.grpc.flow.control.window = 5MB (=5242880) (custom)
2022-10-16 13:17:35,998 [Listener at 127.0.0.1/40605] INFO  server.RaftServerConfigKeys (ConfUtils.java:logGet(46)) - raft.server.rpc.request.timeout = 60s (custom)
2022-10-16 13:17:35,998 [Listener at 127.0.0.1/40605] INFO  grpc.GrpcConfigKeys (ConfUtils.java:logGet(46)) - raft.grpc.server.async.request.thread.pool.cached = true (default)
2022-10-16 13:17:35,998 [Listener at 127.0.0.1/40605] INFO  grpc.GrpcConfigKeys (ConfUtils.java:logGet(46)) - raft.grpc.server.async.request.thread.pool.size = 32 (default)
2022-10-16 13:17:35,999 [Listener at 127.0.0.1/40605] INFO  impl.DataStreamServerImpl (ConfUtils.java:logGet(46)) - raft.datastream.type = DISABLED (default)
2022-10-16 13:17:35,999 [Listener at 127.0.0.1/40605] INFO  server.RaftServerConfigKeys (ConfUtils.java:logGet(46)) - raft.server.threadpool.proxy.cached = true (default)
2022-10-16 13:17:35,999 [Listener at 127.0.0.1/40605] INFO  server.RaftServerConfigKeys (ConfUtils.java:logGet(46)) - raft.server.threadpool.proxy.size = 0 (default)
2022-10-16 13:17:35,999 [Listener at 127.0.0.1/40605] INFO  server.RaftServerConfigKeys (ConfUtils.java:logGet(46)) - raft.server.rpc.slowness.timeout = 300s (custom)
2022-10-16 13:17:35,999 [Listener at 127.0.0.1/40605] INFO  server.RaftServerConfigKeys (ConfUtils.java:logGet(46)) - raft.server.leaderelection.leader.step-down.wait-time = 10s (default)
2022-10-16 13:17:35,999 [Listener at 127.0.0.1/40605] INFO  server.RaftServerConfigKeys (ConfUtils.java:logGet(46)) - raft.server.storage.dir = [/home/runner/work/ozone/ozone/hadoop-ozone/integration-test/target/test-dir/MiniOzoneClusterImpl-4f724465-3e6c-4465-87e8-0372c8c9e6dc/datanode-3/data/ratis] (custom)
2022-10-16 13:17:36,000 [Listener at 127.0.0.1/40605] INFO  server.XceiverServerGrpc (XceiverServerGrpc.java:<init>(132)) - GrpcServer channel type EpollServerSocketChannel
2022-10-16 13:17:36,002 [Listener at 127.0.0.1/40605] INFO  http.BaseHttpServer (BaseHttpServer.java:newHttpServer2BuilderForOzone(213)) - Starting Web-server for hddsDatanode at: http://0.0.0.0:0
2022-10-16 13:17:36,002 [Listener at 127.0.0.1/40605] INFO  http.BaseHttpServer (BaseHttpServer.java:<init>(108)) - Hadoop Security Enabled: false Ozone Security Enabled: false Ozone HTTP Security Enabled: false 
2022-10-16 13:17:36,003 [Listener at 127.0.0.1/40605] WARN  server.AuthenticationFilter (AuthenticationFilter.java:constructSecretProvider(240)) - Unable to initialize FileSignerSecretProvider, falling back to use random secrets. Reason: Could not read signature secret file: /home/runner/hadoop-http-auth-signature-secret
2022-10-16 13:17:36,004 [Listener at 127.0.0.1/40605] WARN  http.HttpRequestLog (HttpRequestLog.java:getRequestLog(103)) - Jetty request log can only be enabled using Log4j
2022-10-16 13:17:36,005 [Listener at 127.0.0.1/40605] INFO  http.HttpServer2 (HttpServer2.java:addGlobalFilter(1031)) - Added global filter 'safety' (class=org.apache.hadoop.hdds.server.http.HttpServer2$QuotingInputFilter)
2022-10-16 13:17:36,005 [Listener at 127.0.0.1/40605] INFO  http.HttpServer2 (HttpServer2.java:addFilter(1007)) - Added filter static_user_filter (class=org.apache.hadoop.http.lib.StaticUserWebFilter$StaticUserFilter) to context hddsDatanode
2022-10-16 13:17:36,005 [Listener at 127.0.0.1/40605] INFO  http.HttpServer2 (HttpServer2.java:addFilter(1015)) - Added filter static_user_filter (class=org.apache.hadoop.http.lib.StaticUserWebFilter$StaticUserFilter) to context logs
2022-10-16 13:17:36,005 [Listener at 127.0.0.1/40605] INFO  http.HttpServer2 (HttpServer2.java:addFilter(1015)) - Added filter static_user_filter (class=org.apache.hadoop.http.lib.StaticUserWebFilter$StaticUserFilter) to context static
2022-10-16 13:17:36,005 [Listener at 127.0.0.1/40605] INFO  http.HttpServer2 (HttpServer2.java:bindListener(1250)) - Jetty bound to port 40039
2022-10-16 13:17:36,006 [Listener at 127.0.0.1/40605] INFO  server.Server (Server.java:doStart(375)) - jetty-9.4.43.v20210629; built: 2021-06-30T11:07:22.254Z; git: 526006ecfa3af7f1a27ef3a288e2bef7ea9dd7e8; jvm 1.8.0_345-b01
2022-10-16 13:17:36,009 [Listener at 127.0.0.1/40605] INFO  server.session (DefaultSessionIdManager.java:doStart(334)) - DefaultSessionIdManager workerName=node0
2022-10-16 13:17:36,009 [Listener at 127.0.0.1/40605] INFO  server.session (DefaultSessionIdManager.java:doStart(339)) - No SessionScavenger set, using defaults
2022-10-16 13:17:36,009 [Listener at 127.0.0.1/40605] INFO  server.session (HouseKeeper.java:startScavenging(132)) - node0 Scavenging every 600000ms
2022-10-16 13:17:36,010 [Listener at 127.0.0.1/40605] INFO  handler.ContextHandler (ContextHandler.java:doStart(915)) - Started o.e.j.s.ServletContextHandler@6ff8896b{logs,/logs,file:///home/runner/work/ozone/ozone/hadoop-ozone/integration-test/target/log,AVAILABLE}
2022-10-16 13:17:36,010 [Listener at 127.0.0.1/40605] INFO  handler.ContextHandler (ContextHandler.java:doStart(915)) - Started o.e.j.s.ServletContextHandler@1900bf2b{static,/static,jar:file:/home/runner/.m2/repository/org/apache/ozone/hdds-container-service/1.3.0-SNAPSHOT/hdds-container-service-1.3.0-SNAPSHOT.jar!/webapps/static,AVAILABLE}
2022-10-16 13:17:36,031 [om1@group-C5BA1605619E-FollowerState] INFO  impl.FollowerState (FollowerState.java:run(143)) - om1@group-C5BA1605619E-FollowerState: change to CANDIDATE, lastRpcElapsedTime:1066350546ns, electionTimeout:1066ms
2022-10-16 13:17:36,031 [om1@group-C5BA1605619E-FollowerState] INFO  impl.RoleInfo (RoleInfo.java:shutdownFollowerState(110)) - om1: shutdown om1@group-C5BA1605619E-FollowerState
2022-10-16 13:17:36,031 [om1@group-C5BA1605619E-FollowerState] INFO  server.RaftServer$Division (RaftServerImpl.java:setRole(299)) - om1@group-C5BA1605619E: changes role from  FOLLOWER to CANDIDATE at term 0 for changeToCandidate
2022-10-16 13:17:36,031 [om1@group-C5BA1605619E-FollowerState] INFO  server.RaftServerConfigKeys (ConfUtils.java:logGet(46)) - raft.server.leaderelection.pre-vote = false (custom)
2022-10-16 13:17:36,031 [om1@group-C5BA1605619E-FollowerState] INFO  impl.RoleInfo (RoleInfo.java:updateAndGet(139)) - om1: start om1@group-C5BA1605619E-LeaderElection45
2022-10-16 13:17:36,038 [om1@group-C5BA1605619E-LeaderElection45] INFO  impl.LeaderElection (LeaderElection.java:askForVotes(310)) - om1@group-C5BA1605619E-LeaderElection45 ELECTION round 0: submit vote requests at term 1 for -1: [om1|rpc:localhost:9872|priority:0], old=null
2022-10-16 13:17:36,038 [om1@group-C5BA1605619E-LeaderElection45] INFO  impl.LeaderElection (LeaderElection.java:askForVotes(312)) - om1@group-C5BA1605619E-LeaderElection45 ELECTION round 0: result PASSED (term=1)
2022-10-16 13:17:36,038 [om1@group-C5BA1605619E-LeaderElection45] INFO  impl.RoleInfo (RoleInfo.java:shutdownLeaderElection(130)) - om1: shutdown om1@group-C5BA1605619E-LeaderElection45
2022-10-16 13:17:36,038 [om1@group-C5BA1605619E-LeaderElection45] INFO  server.RaftServer$Division (RaftServerImpl.java:setRole(299)) - om1@group-C5BA1605619E: changes role from CANDIDATE to LEADER at term 1 for changeToLeader
2022-10-16 13:17:36,038 [om1@group-C5BA1605619E-LeaderElection45] INFO  server.RaftServer$Division (ServerState.java:setLeader(287)) - om1@group-C5BA1605619E: change Leader from null to om1 at term 1 for becomeLeader, leader elected after 1388ms
2022-10-16 13:17:36,038 [om1@group-C5BA1605619E-LeaderElection45] INFO  server.RaftServerConfigKeys (ConfUtils.java:logGet(46)) - raft.server.staging.catchup.gap = 1000 (default)
2022-10-16 13:17:36,039 [om1@group-C5BA1605619E-LeaderElection45] INFO  server.RaftServerConfigKeys (ConfUtils.java:logGet(46)) - raft.server.write.element-limit = 4096 (default)
2022-10-16 13:17:36,039 [om1@group-C5BA1605619E-LeaderElection45] INFO  server.RaftServerConfigKeys (ConfUtils.java:logGet(46)) - raft.server.write.byte-limit = 64MB (=67108864) (default)
2022-10-16 13:17:36,039 [om1@group-C5BA1605619E-LeaderElection45] INFO  server.RaftServerConfigKeys (ConfUtils.java:logGet(46)) - raft.server.watch.timeout = 10s (default)
2022-10-16 13:17:36,039 [om1@group-C5BA1605619E-LeaderElection45] INFO  server.RaftServerConfigKeys (ConfUtils.java:logGet(46)) - raft.server.watch.timeout.denomination = 1s (default)
2022-10-16 13:17:36,039 [om1@group-C5BA1605619E-LeaderElection45] INFO  server.RaftServerConfigKeys (ConfUtils.java:logGet(46)) - raft.server.watch.element-limit = 65536 (default)
2022-10-16 13:17:36,039 [om1@group-C5BA1605619E-LeaderElection45] INFO  server.RaftServerConfigKeys (ConfUtils.java:logGet(46)) - raft.server.write.element-limit = 4096 (default)
2022-10-16 13:17:36,039 [om1@group-C5BA1605619E-LeaderElection45] INFO  server.RaftServerConfigKeys (ConfUtils.java:logGet(46)) - raft.server.write.follower.gap.ratio.max = -1.0 (default)
2022-10-16 13:17:36,039 [om1@group-C5BA1605619E-LeaderElection45] INFO  impl.RoleInfo (RoleInfo.java:updateAndGet(139)) - om1: start om1@group-C5BA1605619E-LeaderStateImpl
2022-10-16 13:17:36,040 [om1@group-C5BA1605619E-LeaderElection45] INFO  segmented.SegmentedRaftLogWorker (SegmentedRaftLogWorker.java:startLogSegment(425)) - om1@group-C5BA1605619E-SegmentedRaftLogWorker: Starting segment from index:0
2022-10-16 13:17:36,048 [om1@group-C5BA1605619E-LeaderElection45] INFO  server.RaftServer$Division (ServerState.java:setRaftConf(393)) - om1@group-C5BA1605619E: set configuration 0: [om1|rpc:localhost:9872|admin:|client:|dataStream:|priority:0], old=null
2022-10-16 13:17:36,051 [om1@group-C5BA1605619E-SegmentedRaftLogWorker] INFO  segmented.SegmentedRaftLogWorker (SegmentedRaftLogWorker.java:execute(629)) - om1@group-C5BA1605619E-SegmentedRaftLogWorker: created new log segment /home/runner/work/ozone/ozone/hadoop-ozone/integration-test/target/test-dir/MiniOzoneClusterImpl-4f724465-3e6c-4465-87e8-0372c8c9e6dc/ozone-meta/ratis/bf265839-605b-3f16-9796-c5ba1605619e/current/log_inprogress_0
2022-10-16 13:17:36,053 [om1@group-C5BA1605619E-StateMachineUpdater] INFO  ratis.OzoneManagerStateMachine (OzoneManagerStateMachine.java:notifyConfigurationChanged(192)) - Received Configuration change notification from Ratis. New Peer list:
[id: "om1"
address: "localhost:9872"
]
2022-10-16 13:17:36,161 [ReplicationMonitor] INFO  replication.ReplicationManager (ReplicationManager.java:processAll(324)) - Replication Monitor Thread took 0 milliseconds for processing 7 containers.
2022-10-16 13:17:36,178 [Listener at 127.0.0.1/40605] INFO  handler.ContextHandler (ContextHandler.java:doStart(915)) - Started o.e.j.w.WebAppContext@8d32cd2{hddsDatanode,/,file:///tmp/jetty-0_0_0_0-40039-hdds-container-service-1_3_0-SNAPSHOT_jar-_-any-7029205102734088970/webapp/,AVAILABLE}{jar:file:/home/runner/.m2/repository/org/apache/ozone/hdds-container-service/1.3.0-SNAPSHOT/hdds-container-service-1.3.0-SNAPSHOT.jar!/webapps/hddsDatanode}
2022-10-16 13:17:36,179 [Listener at 127.0.0.1/40605] INFO  server.AbstractConnector (AbstractConnector.java:doStart(331)) - Started ServerConnector@79e067f{HTTP/1.1, (http/1.1)}{0.0.0.0:40039}
2022-10-16 13:17:36,180 [Listener at 127.0.0.1/40605] INFO  server.Server (Server.java:doStart(415)) - Started @237392ms
2022-10-16 13:17:36,180 [Listener at 127.0.0.1/40605] WARN  impl.MetricsSystemImpl (MetricsSystemImpl.java:register(279)) - Sink prometheus already exists!
2022-10-16 13:17:36,180 [Listener at 127.0.0.1/40605] INFO  http.BaseHttpServer (BaseHttpServer.java:updateConnectorAddress(333)) - HTTP server of hddsDatanode listening at http://0.0.0.0:40039
2022-10-16 13:17:36,181 [Datanode State Machine Daemon Thread] INFO  statemachine.DatanodeStateMachine (DatanodeStateMachine.java:lambda$startDaemon$0(492)) - Ozone container server started.
2022-10-16 13:17:36,181 [Listener at 127.0.0.1/40605] WARN  impl.MetricRegistriesImpl (MetricRegistriesImpl.java:addReporterRegistration(111)) - New reporters are added after registries were created. Some metrics will be missing from the reporter. Please add reporter before adding any new registry.
2022-10-16 13:17:36,182 [Listener at 127.0.0.1/40605] WARN  impl.MetricRegistriesImpl (MetricRegistriesImpl.java:addReporterRegistration(111)) - New reporters are added after registries were created. Some metrics will be missing from the reporter. Please add reporter before adding any new registry.
2022-10-16 13:17:36,182 [Listener at 127.0.0.1/40605] INFO  impl.MetricsSystemImpl (MetricsSystemImpl.java:init(158)) - HddsDatanode metrics system started (again)
2022-10-16 13:17:36,191 [org.apache.hadoop.util.JvmPauseMonitor$Monitor@1f0cb4d2] INFO  util.JvmPauseMonitor (JvmPauseMonitor.java:run(188)) - Starting JVM pause monitor
2022-10-16 13:17:36,192 [Listener at 127.0.0.1/40605] INFO  ozone.HddsDatanodeService (HddsDatanodeService.java:start(236)) - HddsDatanodeService host:fv-az308-250.etcbaq1qs54eplwmrjlabigyle.cx.internal.cloudapp.net ip:10.1.0.60
2022-10-16 13:17:36,193 [Datanode State Machine Task Thread - 0] INFO  datanode.InitDatanodeState (InitDatanodeState.java:persistContainerDatanodeDetails(138)) - DatanodeDetails is persisted to /home/runner/work/ozone/ozone/hadoop-ozone/integration-test/target/test-dir/MiniOzoneClusterImpl-4f724465-3e6c-4465-87e8-0372c8c9e6dc/datanode-3/meta/datanode.id
2022-10-16 13:17:36,221 [Listener at 127.0.0.1/40605] INFO  upgrade.AbstractLayoutVersionManager (AbstractLayoutVersionManager.java:init(83)) - Initializing Layout version manager with metadata layout = DATANODE_SCHEMA_V3 (version = 4), software layout = DATANODE_SCHEMA_V3 (version = 4)
2022-10-16 13:17:36,260 [Listener at 127.0.0.1/40605] INFO  reflections.Reflections (Reflections.java:scan(232)) - Reflections took 39 ms to scan 7 urls, producing 137 keys and 328 values 
2022-10-16 13:17:36,261 [Listener at 127.0.0.1/40605] INFO  statemachine.DatanodeStateMachine (DatanodeStateMachine.java:getEndPointTaskThreadPoolSize(237)) - Datanode State Machine Task Thread Pool size 2
2022-10-16 13:17:36,262 [Listener at 127.0.0.1/40605] INFO  volume.HddsVolume (HddsVolume.java:<init>(117)) - Creating HddsVolume: /home/runner/work/ozone/ozone/hadoop-ozone/integration-test/target/test-dir/MiniOzoneClusterImpl-4f724465-3e6c-4465-87e8-0372c8c9e6dc/datanode-4/data-0/containers/hdds of storage type : DISK capacity : 9223372036854775807
2022-10-16 13:17:36,262 [Listener at 127.0.0.1/40605] INFO  volume.MutableVolumeSet (MutableVolumeSet.java:initializeVolumeSet(174)) - Added Volume : /home/runner/work/ozone/ozone/hadoop-ozone/integration-test/target/test-dir/MiniOzoneClusterImpl-4f724465-3e6c-4465-87e8-0372c8c9e6dc/datanode-4/data-0/containers/hdds to VolumeSet
2022-10-16 13:17:36,262 [Listener at 127.0.0.1/40605] INFO  volume.ThrottledAsyncChecker (ThrottledAsyncChecker.java:schedule(141)) - Scheduling a check for /home/runner/work/ozone/ozone/hadoop-ozone/integration-test/target/test-dir/MiniOzoneClusterImpl-4f724465-3e6c-4465-87e8-0372c8c9e6dc/datanode-4/data-0/containers/hdds
2022-10-16 13:17:36,263 [Listener at 127.0.0.1/40605] INFO  volume.StorageVolumeChecker (StorageVolumeChecker.java:checkAllVolumes(202)) - Scheduled health check for volume /home/runner/work/ozone/ozone/hadoop-ozone/integration-test/target/test-dir/MiniOzoneClusterImpl-4f724465-3e6c-4465-87e8-0372c8c9e6dc/datanode-4/data-0/containers/hdds
2022-10-16 13:17:36,273 [Listener at 127.0.0.1/40605] INFO  volume.MutableVolumeSet (MutableVolumeSet.java:initializeVolumeSet(174)) - Added Volume : /home/runner/work/ozone/ozone/hadoop-ozone/integration-test/target/test-dir/MiniOzoneClusterImpl-4f724465-3e6c-4465-87e8-0372c8c9e6dc/datanode-4/data/ratis to VolumeSet
2022-10-16 13:17:36,273 [Listener at 127.0.0.1/40605] INFO  volume.ThrottledAsyncChecker (ThrottledAsyncChecker.java:schedule(141)) - Scheduling a check for /home/runner/work/ozone/ozone/hadoop-ozone/integration-test/target/test-dir/MiniOzoneClusterImpl-4f724465-3e6c-4465-87e8-0372c8c9e6dc/datanode-4/data/ratis
2022-10-16 13:17:36,273 [Listener at 127.0.0.1/40605] INFO  volume.StorageVolumeChecker (StorageVolumeChecker.java:checkAllVolumes(202)) - Scheduled health check for volume /home/runner/work/ozone/ozone/hadoop-ozone/integration-test/target/test-dir/MiniOzoneClusterImpl-4f724465-3e6c-4465-87e8-0372c8c9e6dc/datanode-4/data/ratis
2022-10-16 13:17:36,283 [Thread-2832] INFO  ozoneimpl.ContainerReader (ContainerReader.java:readVolume(175)) - Finish verifying containers on volume /home/runner/work/ozone/ozone/hadoop-ozone/integration-test/target/test-dir/MiniOzoneClusterImpl-4f724465-3e6c-4465-87e8-0372c8c9e6dc/datanode-4/data-0/containers/hdds
2022-10-16 13:17:36,283 [Listener at 127.0.0.1/40605] INFO  ozoneimpl.OzoneContainer (OzoneContainer.java:buildContainerSet(300)) - Build ContainerSet costs 0s
2022-10-16 13:17:36,284 [Listener at 127.0.0.1/40605] INFO  server.RaftServer (ConfUtils.java:logGet(46)) - raft.rpc.type = GRPC (default)
2022-10-16 13:17:36,285 [Listener at 127.0.0.1/40605] INFO  grpc.GrpcFactory (GrpcFactory.java:checkPooledByteBufAllocatorUseCacheForAllThreads(48)) - PERFORMANCE WARNING: useCacheForAllThreads is true that may cause Netty to create a lot garbage objects and, as a result, trigger GC.
	It is recommended to disable useCacheForAllThreads by setting -Dorg.apache.ratis.thirdparty.io.netty.allocator.useCacheForAllThreads=false in command line.
2022-10-16 13:17:36,285 [Listener at 127.0.0.1/40605] INFO  grpc.GrpcConfigKeys (ConfUtils.java:logGet(46)) - raft.grpc.admin.port = 0 (custom)
2022-10-16 13:17:36,285 [Listener at 127.0.0.1/40605] INFO  grpc.GrpcConfigKeys (ConfUtils.java:logGet(46)) - raft.grpc.client.port = 0 (custom)
2022-10-16 13:17:36,285 [Listener at 127.0.0.1/40605] INFO  grpc.GrpcConfigKeys (ConfUtils.java:logGet(46)) - raft.grpc.server.port = 0 (default)
2022-10-16 13:17:36,285 [Listener at 127.0.0.1/40605] INFO  server.GrpcService (ConfUtils.java:logGet(46)) - raft.grpc.message.size.max = 32MB (=33554432) (custom)
2022-10-16 13:17:36,285 [Listener at 127.0.0.1/40605] INFO  server.RaftServerConfigKeys (ConfUtils.java:logGet(46)) - raft.server.log.appender.buffer.byte-limit = 33554432 (custom)
2022-10-16 13:17:36,285 [Listener at 127.0.0.1/40605] INFO  server.GrpcService (ConfUtils.java:logGet(46)) - raft.grpc.flow.control.window = 5MB (=5242880) (custom)
2022-10-16 13:17:36,285 [Listener at 127.0.0.1/40605] INFO  server.RaftServerConfigKeys (ConfUtils.java:logGet(46)) - raft.server.rpc.request.timeout = 60s (custom)
2022-10-16 13:17:36,285 [Listener at 127.0.0.1/40605] INFO  grpc.GrpcConfigKeys (ConfUtils.java:logGet(46)) - raft.grpc.server.async.request.thread.pool.cached = true (default)
2022-10-16 13:17:36,285 [Listener at 127.0.0.1/40605] INFO  grpc.GrpcConfigKeys (ConfUtils.java:logGet(46)) - raft.grpc.server.async.request.thread.pool.size = 32 (default)
2022-10-16 13:17:36,286 [Listener at 127.0.0.1/40605] INFO  impl.DataStreamServerImpl (ConfUtils.java:logGet(46)) - raft.datastream.type = DISABLED (default)
2022-10-16 13:17:36,286 [Listener at 127.0.0.1/40605] INFO  server.RaftServerConfigKeys (ConfUtils.java:logGet(46)) - raft.server.threadpool.proxy.cached = true (default)
2022-10-16 13:17:36,286 [Listener at 127.0.0.1/40605] INFO  server.RaftServerConfigKeys (ConfUtils.java:logGet(46)) - raft.server.threadpool.proxy.size = 0 (default)
2022-10-16 13:17:36,286 [Listener at 127.0.0.1/40605] INFO  server.RaftServerConfigKeys (ConfUtils.java:logGet(46)) - raft.server.rpc.slowness.timeout = 300s (custom)
2022-10-16 13:17:36,286 [Listener at 127.0.0.1/40605] INFO  server.RaftServerConfigKeys (ConfUtils.java:logGet(46)) - raft.server.leaderelection.leader.step-down.wait-time = 10s (default)
2022-10-16 13:17:36,286 [Listener at 127.0.0.1/40605] INFO  server.RaftServerConfigKeys (ConfUtils.java:logGet(46)) - raft.server.storage.dir = [/home/runner/work/ozone/ozone/hadoop-ozone/integration-test/target/test-dir/MiniOzoneClusterImpl-4f724465-3e6c-4465-87e8-0372c8c9e6dc/datanode-4/data/ratis] (custom)
2022-10-16 13:17:36,288 [Listener at 127.0.0.1/40605] INFO  server.XceiverServerGrpc (XceiverServerGrpc.java:<init>(132)) - GrpcServer channel type EpollServerSocketChannel
2022-10-16 13:17:36,290 [Listener at 127.0.0.1/40605] INFO  http.BaseHttpServer (BaseHttpServer.java:newHttpServer2BuilderForOzone(213)) - Starting Web-server for hddsDatanode at: http://0.0.0.0:0
2022-10-16 13:17:36,290 [Listener at 127.0.0.1/40605] INFO  http.BaseHttpServer (BaseHttpServer.java:<init>(108)) - Hadoop Security Enabled: false Ozone Security Enabled: false Ozone HTTP Security Enabled: false 
2022-10-16 13:17:36,290 [Listener at 127.0.0.1/40605] WARN  server.AuthenticationFilter (AuthenticationFilter.java:constructSecretProvider(240)) - Unable to initialize FileSignerSecretProvider, falling back to use random secrets. Reason: Could not read signature secret file: /home/runner/hadoop-http-auth-signature-secret
2022-10-16 13:17:36,291 [Listener at 127.0.0.1/40605] WARN  http.HttpRequestLog (HttpRequestLog.java:getRequestLog(103)) - Jetty request log can only be enabled using Log4j
2022-10-16 13:17:36,292 [Listener at 127.0.0.1/40605] INFO  http.HttpServer2 (HttpServer2.java:addGlobalFilter(1031)) - Added global filter 'safety' (class=org.apache.hadoop.hdds.server.http.HttpServer2$QuotingInputFilter)
2022-10-16 13:17:36,292 [Listener at 127.0.0.1/40605] INFO  http.HttpServer2 (HttpServer2.java:addFilter(1007)) - Added filter static_user_filter (class=org.apache.hadoop.http.lib.StaticUserWebFilter$StaticUserFilter) to context hddsDatanode
2022-10-16 13:17:36,292 [Listener at 127.0.0.1/40605] INFO  http.HttpServer2 (HttpServer2.java:addFilter(1015)) - Added filter static_user_filter (class=org.apache.hadoop.http.lib.StaticUserWebFilter$StaticUserFilter) to context static
2022-10-16 13:17:36,292 [Listener at 127.0.0.1/40605] INFO  http.HttpServer2 (HttpServer2.java:addFilter(1015)) - Added filter static_user_filter (class=org.apache.hadoop.http.lib.StaticUserWebFilter$StaticUserFilter) to context logs
2022-10-16 13:17:36,293 [Listener at 127.0.0.1/40605] INFO  http.HttpServer2 (HttpServer2.java:bindListener(1250)) - Jetty bound to port 36343
2022-10-16 13:17:36,293 [Listener at 127.0.0.1/40605] INFO  server.Server (Server.java:doStart(375)) - jetty-9.4.43.v20210629; built: 2021-06-30T11:07:22.254Z; git: 526006ecfa3af7f1a27ef3a288e2bef7ea9dd7e8; jvm 1.8.0_345-b01
2022-10-16 13:17:36,293 [Listener at 127.0.0.1/40605] INFO  server.session (DefaultSessionIdManager.java:doStart(334)) - DefaultSessionIdManager workerName=node0
2022-10-16 13:17:36,294 [Listener at 127.0.0.1/40605] INFO  server.session (DefaultSessionIdManager.java:doStart(339)) - No SessionScavenger set, using defaults
2022-10-16 13:17:36,294 [Listener at 127.0.0.1/40605] INFO  server.session (HouseKeeper.java:startScavenging(132)) - node0 Scavenging every 660000ms
2022-10-16 13:17:36,294 [Listener at 127.0.0.1/40605] INFO  handler.ContextHandler (ContextHandler.java:doStart(915)) - Started o.e.j.s.ServletContextHandler@7695cd9b{logs,/logs,file:///home/runner/work/ozone/ozone/hadoop-ozone/integration-test/target/log,AVAILABLE}
2022-10-16 13:17:36,294 [Listener at 127.0.0.1/40605] INFO  handler.ContextHandler (ContextHandler.java:doStart(915)) - Started o.e.j.s.ServletContextHandler@67cb690e{static,/static,jar:file:/home/runner/.m2/repository/org/apache/ozone/hdds-container-service/1.3.0-SNAPSHOT/hdds-container-service-1.3.0-SNAPSHOT.jar!/webapps/static,AVAILABLE}
2022-10-16 13:17:36,345 [ReplicationMonitor] INFO  replication.ReplicationManager (ReplicationManager.java:processAll(291)) - Replication Manager is not ready to run until 3000ms after safemode exit
2022-10-16 13:17:36,453 [Listener at 127.0.0.1/40605] INFO  handler.ContextHandler (ContextHandler.java:doStart(915)) - Started o.e.j.w.WebAppContext@ed20546{hddsDatanode,/,file:///tmp/jetty-0_0_0_0-36343-hdds-container-service-1_3_0-SNAPSHOT_jar-_-any-2093610481968228532/webapp/,AVAILABLE}{jar:file:/home/runner/.m2/repository/org/apache/ozone/hdds-container-service/1.3.0-SNAPSHOT/hdds-container-service-1.3.0-SNAPSHOT.jar!/webapps/hddsDatanode}
2022-10-16 13:17:36,455 [Listener at 127.0.0.1/40605] INFO  server.AbstractConnector (AbstractConnector.java:doStart(331)) - Started ServerConnector@5af8477{HTTP/1.1, (http/1.1)}{0.0.0.0:36343}
2022-10-16 13:17:36,455 [Listener at 127.0.0.1/40605] INFO  server.Server (Server.java:doStart(415)) - Started @237667ms
2022-10-16 13:17:36,455 [Listener at 127.0.0.1/40605] WARN  impl.MetricsSystemImpl (MetricsSystemImpl.java:register(279)) - Sink prometheus already exists!
2022-10-16 13:17:36,456 [Listener at 127.0.0.1/40605] INFO  http.BaseHttpServer (BaseHttpServer.java:updateConnectorAddress(333)) - HTTP server of hddsDatanode listening at http://0.0.0.0:36343
2022-10-16 13:17:36,456 [Datanode State Machine Daemon Thread] INFO  statemachine.DatanodeStateMachine (DatanodeStateMachine.java:lambda$startDaemon$0(492)) - Ozone container server started.
2022-10-16 13:17:36,457 [Listener at 127.0.0.1/40605] INFO  ozone.MiniOzoneClusterImpl (MiniOzoneClusterImpl.java:lambda$waitForClusterToBeReady$0(216)) - Waiting for nodes to be ready. Got 0 of 5 DN Heartbeats.
2022-10-16 13:17:36,458 [Listener at 127.0.0.1/40605] INFO  ozone.MiniOzoneClusterImpl (MiniOzoneClusterImpl.java:lambda$waitForClusterToBeReady$0(219)) - Waiting for cluster to exit safe mode
2022-10-16 13:17:36,458 [Listener at 127.0.0.1/40605] INFO  ozone.MiniOzoneClusterImpl (MiniOzoneClusterImpl.java:lambda$waitForClusterToBeReady$0(221)) - SCM became leader
2022-10-16 13:17:36,459 [org.apache.hadoop.util.JvmPauseMonitor$Monitor@578e2f8c] INFO  util.JvmPauseMonitor (JvmPauseMonitor.java:run(188)) - Starting JVM pause monitor
2022-10-16 13:17:36,460 [Datanode State Machine Task Thread - 0] INFO  datanode.InitDatanodeState (InitDatanodeState.java:persistContainerDatanodeDetails(138)) - DatanodeDetails is persisted to /home/runner/work/ozone/ozone/hadoop-ozone/integration-test/target/test-dir/MiniOzoneClusterImpl-4f724465-3e6c-4465-87e8-0372c8c9e6dc/datanode-4/meta/datanode.id
2022-10-16 13:17:37,161 [ReplicationMonitor] INFO  replication.ReplicationManager (ReplicationManager.java:processAll(324)) - Replication Monitor Thread took 0 milliseconds for processing 7 containers.
2022-10-16 13:17:37,330 [EndpointStateMachine task thread for /0.0.0.0:44967 - 0 ] INFO  volume.HddsVolume (HddsVolume.java:createDbStore(307)) - SchemaV3 db is created and loaded at /home/runner/work/ozone/ozone/hadoop-ozone/integration-test/target/test-dir/MiniOzoneClusterImpl-4f724465-3e6c-4465-87e8-0372c8c9e6dc/datanode-0/data-0/containers/hdds/4f724465-3e6c-4465-87e8-0372c8c9e6dc/DS-f1ea49dc-68d7-48fa-9af8-cf0e02eafbb8/container.db for volume DS-f1ea49dc-68d7-48fa-9af8-cf0e02eafbb8
2022-10-16 13:17:37,331 [EndpointStateMachine task thread for /0.0.0.0:44967 - 0 ] INFO  volume.HddsVolume (HddsVolume.java:closeDbStore(338)) - SchemaV3 db is stopped at /home/runner/work/ozone/ozone/hadoop-ozone/integration-test/target/test-dir/MiniOzoneClusterImpl-4f724465-3e6c-4465-87e8-0372c8c9e6dc/datanode-0/data-0/containers/hdds/4f724465-3e6c-4465-87e8-0372c8c9e6dc/DS-f1ea49dc-68d7-48fa-9af8-cf0e02eafbb8/container.db for volume DS-f1ea49dc-68d7-48fa-9af8-cf0e02eafbb8
2022-10-16 13:17:37,331 [EndpointStateMachine task thread for /0.0.0.0:44967 - 0 ] INFO  ozoneimpl.OzoneContainer (OzoneContainer.java:start(378)) - Attempting to start container services.
2022-10-16 13:17:37,331 [EndpointStateMachine task thread for /0.0.0.0:44967 - 0 ] INFO  ozoneimpl.OzoneContainer (OzoneContainer.java:startContainerScrub(313)) - Background container scanner has been disabled.
2022-10-16 13:17:37,332 [EndpointStateMachine task thread for /0.0.0.0:44967 - 0 ] INFO  replication.ReplicationServer (ReplicationServer.java:start(111)) - ReplicationServer is started using port 33833
2022-10-16 13:17:37,333 [EndpointStateMachine task thread for /0.0.0.0:44967 - 0 ] INFO  ratis.XceiverServerRatis (XceiverServerRatis.java:start(481)) - Starting XceiverServerRatis 3b0c5cea-2642-4356-a139-2ab59a1b08fa
2022-10-16 13:17:37,333 [EndpointStateMachine task thread for /0.0.0.0:44967 - 0 ] INFO  server.RaftServer (RaftServerProxy.java:lambda$start$6(382)) - 3b0c5cea-2642-4356-a139-2ab59a1b08fa: start RPC server
2022-10-16 13:17:37,335 [EndpointStateMachine task thread for /0.0.0.0:44967 - 0 ] INFO  server.GrpcService (GrpcService.java:startImpl(260)) - 3b0c5cea-2642-4356-a139-2ab59a1b08fa: GrpcService started, listening on 45225
2022-10-16 13:17:37,336 [EndpointStateMachine task thread for /0.0.0.0:44967 - 0 ] INFO  ratis.XceiverServerRatis (XceiverServerRatis.java:getRealPort(502)) - XceiverServerRatis 3b0c5cea-2642-4356-a139-2ab59a1b08fa is started using port 45225 for RATIS
2022-10-16 13:17:37,336 [org.apache.ratis.util.JvmPauseMonitor$$Lambda$639/339294883@65d7a236] INFO  util.JvmPauseMonitor (JvmPauseMonitor.java:run(103)) - JvmPauseMonitor-3b0c5cea-2642-4356-a139-2ab59a1b08fa: Started
2022-10-16 13:17:37,336 [EndpointStateMachine task thread for /0.0.0.0:44967 - 0 ] INFO  ratis.XceiverServerRatis (XceiverServerRatis.java:getRealPort(502)) - XceiverServerRatis 3b0c5cea-2642-4356-a139-2ab59a1b08fa is started using port 45225 for RATIS_ADMIN
2022-10-16 13:17:37,336 [EndpointStateMachine task thread for /0.0.0.0:44967 - 0 ] INFO  ratis.XceiverServerRatis (XceiverServerRatis.java:getRealPort(502)) - XceiverServerRatis 3b0c5cea-2642-4356-a139-2ab59a1b08fa is started using port 45225 for RATIS_SERVER
2022-10-16 13:17:37,338 [EndpointStateMachine task thread for /0.0.0.0:44967 - 0 ] INFO  server.XceiverServerGrpc (XceiverServerGrpc.java:start(180)) - XceiverServerGrpc 3b0c5cea-2642-4356-a139-2ab59a1b08fa is started using port 35221
2022-10-16 13:17:37,345 [ReplicationMonitor] INFO  replication.ReplicationManager (ReplicationManager.java:processAll(291)) - Replication Manager is not ready to run until 3000ms after safemode exit
2022-10-16 13:17:37,458 [Listener at 127.0.0.1/40605] INFO  ozone.MiniOzoneClusterImpl (MiniOzoneClusterImpl.java:lambda$waitForClusterToBeReady$0(216)) - Waiting for nodes to be ready. Got 0 of 5 DN Heartbeats.
2022-10-16 13:17:37,459 [Listener at 127.0.0.1/40605] INFO  ozone.MiniOzoneClusterImpl (MiniOzoneClusterImpl.java:lambda$waitForClusterToBeReady$0(219)) - Waiting for cluster to exit safe mode
2022-10-16 13:17:37,459 [Listener at 127.0.0.1/40605] INFO  ozone.MiniOzoneClusterImpl (MiniOzoneClusterImpl.java:lambda$waitForClusterToBeReady$0(221)) - SCM became leader
2022-10-16 13:17:37,656 [EndpointStateMachine task thread for /0.0.0.0:44967 - 0 ] INFO  volume.HddsVolume (HddsVolume.java:createDbStore(307)) - SchemaV3 db is created and loaded at /home/runner/work/ozone/ozone/hadoop-ozone/integration-test/target/test-dir/MiniOzoneClusterImpl-4f724465-3e6c-4465-87e8-0372c8c9e6dc/datanode-1/data-0/containers/hdds/4f724465-3e6c-4465-87e8-0372c8c9e6dc/DS-5cfd8ba0-fdef-40a6-9617-f292a8b2305d/container.db for volume DS-5cfd8ba0-fdef-40a6-9617-f292a8b2305d
2022-10-16 13:17:37,657 [EndpointStateMachine task thread for /0.0.0.0:44967 - 0 ] INFO  volume.HddsVolume (HddsVolume.java:closeDbStore(338)) - SchemaV3 db is stopped at /home/runner/work/ozone/ozone/hadoop-ozone/integration-test/target/test-dir/MiniOzoneClusterImpl-4f724465-3e6c-4465-87e8-0372c8c9e6dc/datanode-1/data-0/containers/hdds/4f724465-3e6c-4465-87e8-0372c8c9e6dc/DS-5cfd8ba0-fdef-40a6-9617-f292a8b2305d/container.db for volume DS-5cfd8ba0-fdef-40a6-9617-f292a8b2305d
2022-10-16 13:17:37,657 [EndpointStateMachine task thread for /0.0.0.0:44967 - 0 ] INFO  ozoneimpl.OzoneContainer (OzoneContainer.java:start(378)) - Attempting to start container services.
2022-10-16 13:17:37,657 [EndpointStateMachine task thread for /0.0.0.0:44967 - 0 ] INFO  ozoneimpl.OzoneContainer (OzoneContainer.java:startContainerScrub(313)) - Background container scanner has been disabled.
2022-10-16 13:17:37,658 [EndpointStateMachine task thread for /0.0.0.0:44967 - 0 ] INFO  replication.ReplicationServer (ReplicationServer.java:start(111)) - ReplicationServer is started using port 46747
2022-10-16 13:17:37,659 [EndpointStateMachine task thread for /0.0.0.0:44967 - 0 ] INFO  ratis.XceiverServerRatis (XceiverServerRatis.java:start(481)) - Starting XceiverServerRatis cc42eaea-95b8-4e06-8ab8-c6a666088562
2022-10-16 13:17:37,659 [EndpointStateMachine task thread for /0.0.0.0:44967 - 0 ] INFO  server.RaftServer (RaftServerProxy.java:lambda$start$6(382)) - cc42eaea-95b8-4e06-8ab8-c6a666088562: start RPC server
2022-10-16 13:17:37,660 [EndpointStateMachine task thread for /0.0.0.0:44967 - 0 ] INFO  server.GrpcService (GrpcService.java:startImpl(260)) - cc42eaea-95b8-4e06-8ab8-c6a666088562: GrpcService started, listening on 40923
2022-10-16 13:17:37,661 [EndpointStateMachine task thread for /0.0.0.0:44967 - 0 ] INFO  ratis.XceiverServerRatis (XceiverServerRatis.java:getRealPort(502)) - XceiverServerRatis cc42eaea-95b8-4e06-8ab8-c6a666088562 is started using port 40923 for RATIS
2022-10-16 13:17:37,661 [EndpointStateMachine task thread for /0.0.0.0:44967 - 0 ] INFO  ratis.XceiverServerRatis (XceiverServerRatis.java:getRealPort(502)) - XceiverServerRatis cc42eaea-95b8-4e06-8ab8-c6a666088562 is started using port 40923 for RATIS_ADMIN
2022-10-16 13:17:37,661 [EndpointStateMachine task thread for /0.0.0.0:44967 - 0 ] INFO  ratis.XceiverServerRatis (XceiverServerRatis.java:getRealPort(502)) - XceiverServerRatis cc42eaea-95b8-4e06-8ab8-c6a666088562 is started using port 40923 for RATIS_SERVER
2022-10-16 13:17:37,663 [org.apache.ratis.util.JvmPauseMonitor$$Lambda$639/339294883@32a55cfa] INFO  util.JvmPauseMonitor (JvmPauseMonitor.java:run(103)) - JvmPauseMonitor-cc42eaea-95b8-4e06-8ab8-c6a666088562: Started
2022-10-16 13:17:37,664 [EndpointStateMachine task thread for /0.0.0.0:44967 - 0 ] INFO  server.XceiverServerGrpc (XceiverServerGrpc.java:start(180)) - XceiverServerGrpc cc42eaea-95b8-4e06-8ab8-c6a666088562 is started using port 42051
2022-10-16 13:17:37,941 [EndpointStateMachine task thread for /0.0.0.0:44967 - 0 ] INFO  volume.HddsVolume (HddsVolume.java:createDbStore(307)) - SchemaV3 db is created and loaded at /home/runner/work/ozone/ozone/hadoop-ozone/integration-test/target/test-dir/MiniOzoneClusterImpl-4f724465-3e6c-4465-87e8-0372c8c9e6dc/datanode-2/data-0/containers/hdds/4f724465-3e6c-4465-87e8-0372c8c9e6dc/DS-6d3f60df-247e-4d76-b5fb-3d1365408eb0/container.db for volume DS-6d3f60df-247e-4d76-b5fb-3d1365408eb0
2022-10-16 13:17:37,941 [EndpointStateMachine task thread for /0.0.0.0:44967 - 0 ] INFO  volume.HddsVolume (HddsVolume.java:closeDbStore(338)) - SchemaV3 db is stopped at /home/runner/work/ozone/ozone/hadoop-ozone/integration-test/target/test-dir/MiniOzoneClusterImpl-4f724465-3e6c-4465-87e8-0372c8c9e6dc/datanode-2/data-0/containers/hdds/4f724465-3e6c-4465-87e8-0372c8c9e6dc/DS-6d3f60df-247e-4d76-b5fb-3d1365408eb0/container.db for volume DS-6d3f60df-247e-4d76-b5fb-3d1365408eb0
2022-10-16 13:17:37,942 [EndpointStateMachine task thread for /0.0.0.0:44967 - 0 ] INFO  ozoneimpl.OzoneContainer (OzoneContainer.java:start(378)) - Attempting to start container services.
2022-10-16 13:17:37,942 [EndpointStateMachine task thread for /0.0.0.0:44967 - 0 ] INFO  ozoneimpl.OzoneContainer (OzoneContainer.java:startContainerScrub(313)) - Background container scanner has been disabled.
2022-10-16 13:17:37,943 [EndpointStateMachine task thread for /0.0.0.0:44967 - 0 ] INFO  replication.ReplicationServer (ReplicationServer.java:start(111)) - ReplicationServer is started using port 45673
2022-10-16 13:17:37,944 [EndpointStateMachine task thread for /0.0.0.0:44967 - 0 ] INFO  ratis.XceiverServerRatis (XceiverServerRatis.java:start(481)) - Starting XceiverServerRatis 798bd20d-f8fb-4a71-ae86-73308eed48c7
2022-10-16 13:17:37,944 [EndpointStateMachine task thread for /0.0.0.0:44967 - 0 ] INFO  server.RaftServer (RaftServerProxy.java:lambda$start$6(382)) - 798bd20d-f8fb-4a71-ae86-73308eed48c7: start RPC server
2022-10-16 13:17:37,946 [EndpointStateMachine task thread for /0.0.0.0:44967 - 0 ] INFO  server.GrpcService (GrpcService.java:startImpl(260)) - 798bd20d-f8fb-4a71-ae86-73308eed48c7: GrpcService started, listening on 37043
2022-10-16 13:17:37,947 [EndpointStateMachine task thread for /0.0.0.0:44967 - 0 ] INFO  ratis.XceiverServerRatis (XceiverServerRatis.java:getRealPort(502)) - XceiverServerRatis 798bd20d-f8fb-4a71-ae86-73308eed48c7 is started using port 37043 for RATIS
2022-10-16 13:17:37,947 [org.apache.ratis.util.JvmPauseMonitor$$Lambda$639/339294883@210bd867] INFO  util.JvmPauseMonitor (JvmPauseMonitor.java:run(103)) - JvmPauseMonitor-798bd20d-f8fb-4a71-ae86-73308eed48c7: Started
2022-10-16 13:17:37,947 [EndpointStateMachine task thread for /0.0.0.0:44967 - 0 ] INFO  ratis.XceiverServerRatis (XceiverServerRatis.java:getRealPort(502)) - XceiverServerRatis 798bd20d-f8fb-4a71-ae86-73308eed48c7 is started using port 37043 for RATIS_ADMIN
2022-10-16 13:17:37,947 [EndpointStateMachine task thread for /0.0.0.0:44967 - 0 ] INFO  ratis.XceiverServerRatis (XceiverServerRatis.java:getRealPort(502)) - XceiverServerRatis 798bd20d-f8fb-4a71-ae86-73308eed48c7 is started using port 37043 for RATIS_SERVER
2022-10-16 13:17:37,948 [EndpointStateMachine task thread for /0.0.0.0:44967 - 0 ] INFO  server.XceiverServerGrpc (XceiverServerGrpc.java:start(180)) - XceiverServerGrpc 798bd20d-f8fb-4a71-ae86-73308eed48c7 is started using port 35435
2022-10-16 13:17:38,162 [ReplicationMonitor] INFO  replication.ReplicationManager (ReplicationManager.java:processAll(324)) - Replication Monitor Thread took 0 milliseconds for processing 7 containers.
2022-10-16 13:17:38,239 [EndpointStateMachine task thread for /0.0.0.0:44967 - 0 ] INFO  volume.HddsVolume (HddsVolume.java:createDbStore(307)) - SchemaV3 db is created and loaded at /home/runner/work/ozone/ozone/hadoop-ozone/integration-test/target/test-dir/MiniOzoneClusterImpl-4f724465-3e6c-4465-87e8-0372c8c9e6dc/datanode-3/data-0/containers/hdds/4f724465-3e6c-4465-87e8-0372c8c9e6dc/DS-3c91819c-bf9d-47a1-81bc-8670129485db/container.db for volume DS-3c91819c-bf9d-47a1-81bc-8670129485db
2022-10-16 13:17:38,239 [EndpointStateMachine task thread for /0.0.0.0:44967 - 0 ] INFO  volume.HddsVolume (HddsVolume.java:closeDbStore(338)) - SchemaV3 db is stopped at /home/runner/work/ozone/ozone/hadoop-ozone/integration-test/target/test-dir/MiniOzoneClusterImpl-4f724465-3e6c-4465-87e8-0372c8c9e6dc/datanode-3/data-0/containers/hdds/4f724465-3e6c-4465-87e8-0372c8c9e6dc/DS-3c91819c-bf9d-47a1-81bc-8670129485db/container.db for volume DS-3c91819c-bf9d-47a1-81bc-8670129485db
2022-10-16 13:17:38,239 [EndpointStateMachine task thread for /0.0.0.0:44967 - 0 ] INFO  ozoneimpl.OzoneContainer (OzoneContainer.java:start(378)) - Attempting to start container services.
2022-10-16 13:17:38,239 [EndpointStateMachine task thread for /0.0.0.0:44967 - 0 ] INFO  ozoneimpl.OzoneContainer (OzoneContainer.java:startContainerScrub(313)) - Background container scanner has been disabled.
2022-10-16 13:17:38,241 [EndpointStateMachine task thread for /0.0.0.0:44967 - 0 ] INFO  replication.ReplicationServer (ReplicationServer.java:start(111)) - ReplicationServer is started using port 33403
2022-10-16 13:17:38,242 [EndpointStateMachine task thread for /0.0.0.0:44967 - 0 ] INFO  ratis.XceiverServerRatis (XceiverServerRatis.java:start(481)) - Starting XceiverServerRatis 1179af15-4609-4d4b-98e3-495c08234a27
2022-10-16 13:17:38,242 [EndpointStateMachine task thread for /0.0.0.0:44967 - 0 ] INFO  server.RaftServer (RaftServerProxy.java:lambda$start$6(382)) - 1179af15-4609-4d4b-98e3-495c08234a27: start RPC server
2022-10-16 13:17:38,243 [EndpointStateMachine task thread for /0.0.0.0:44967 - 0 ] INFO  server.GrpcService (GrpcService.java:startImpl(260)) - 1179af15-4609-4d4b-98e3-495c08234a27: GrpcService started, listening on 44685
2022-10-16 13:17:38,243 [EndpointStateMachine task thread for /0.0.0.0:44967 - 0 ] INFO  ratis.XceiverServerRatis (XceiverServerRatis.java:getRealPort(502)) - XceiverServerRatis 1179af15-4609-4d4b-98e3-495c08234a27 is started using port 44685 for RATIS
2022-10-16 13:17:38,243 [EndpointStateMachine task thread for /0.0.0.0:44967 - 0 ] INFO  ratis.XceiverServerRatis (XceiverServerRatis.java:getRealPort(502)) - XceiverServerRatis 1179af15-4609-4d4b-98e3-495c08234a27 is started using port 44685 for RATIS_ADMIN
2022-10-16 13:17:38,243 [org.apache.ratis.util.JvmPauseMonitor$$Lambda$639/339294883@258eb4e3] INFO  util.JvmPauseMonitor (JvmPauseMonitor.java:run(103)) - JvmPauseMonitor-1179af15-4609-4d4b-98e3-495c08234a27: Started
2022-10-16 13:17:38,243 [EndpointStateMachine task thread for /0.0.0.0:44967 - 0 ] INFO  ratis.XceiverServerRatis (XceiverServerRatis.java:getRealPort(502)) - XceiverServerRatis 1179af15-4609-4d4b-98e3-495c08234a27 is started using port 44685 for RATIS_SERVER
2022-10-16 13:17:38,244 [EndpointStateMachine task thread for /0.0.0.0:44967 - 0 ] INFO  server.XceiverServerGrpc (XceiverServerGrpc.java:start(180)) - XceiverServerGrpc 1179af15-4609-4d4b-98e3-495c08234a27 is started using port 43813
2022-10-16 13:17:38,346 [ReplicationMonitor] INFO  replication.ReplicationManager (ReplicationManager.java:processAll(291)) - Replication Manager is not ready to run until 3000ms after safemode exit
2022-10-16 13:17:38,459 [Listener at 127.0.0.1/40605] INFO  ozone.MiniOzoneClusterImpl (MiniOzoneClusterImpl.java:lambda$waitForClusterToBeReady$0(216)) - Waiting for nodes to be ready. Got 0 of 5 DN Heartbeats.
2022-10-16 13:17:38,459 [Listener at 127.0.0.1/40605] INFO  ozone.MiniOzoneClusterImpl (MiniOzoneClusterImpl.java:lambda$waitForClusterToBeReady$0(219)) - Waiting for cluster to exit safe mode
2022-10-16 13:17:38,459 [Listener at 127.0.0.1/40605] INFO  ozone.MiniOzoneClusterImpl (MiniOzoneClusterImpl.java:lambda$waitForClusterToBeReady$0(221)) - SCM became leader
2022-10-16 13:17:38,501 [EndpointStateMachine task thread for /0.0.0.0:44967 - 0 ] INFO  volume.HddsVolume (HddsVolume.java:createDbStore(307)) - SchemaV3 db is created and loaded at /home/runner/work/ozone/ozone/hadoop-ozone/integration-test/target/test-dir/MiniOzoneClusterImpl-4f724465-3e6c-4465-87e8-0372c8c9e6dc/datanode-4/data-0/containers/hdds/4f724465-3e6c-4465-87e8-0372c8c9e6dc/DS-ae902308-4955-4611-aca7-b0b5db014d19/container.db for volume DS-ae902308-4955-4611-aca7-b0b5db014d19
2022-10-16 13:17:38,501 [EndpointStateMachine task thread for /0.0.0.0:44967 - 0 ] INFO  volume.HddsVolume (HddsVolume.java:closeDbStore(338)) - SchemaV3 db is stopped at /home/runner/work/ozone/ozone/hadoop-ozone/integration-test/target/test-dir/MiniOzoneClusterImpl-4f724465-3e6c-4465-87e8-0372c8c9e6dc/datanode-4/data-0/containers/hdds/4f724465-3e6c-4465-87e8-0372c8c9e6dc/DS-ae902308-4955-4611-aca7-b0b5db014d19/container.db for volume DS-ae902308-4955-4611-aca7-b0b5db014d19
2022-10-16 13:17:38,501 [EndpointStateMachine task thread for /0.0.0.0:44967 - 0 ] INFO  ozoneimpl.OzoneContainer (OzoneContainer.java:start(378)) - Attempting to start container services.
2022-10-16 13:17:38,501 [EndpointStateMachine task thread for /0.0.0.0:44967 - 0 ] INFO  ozoneimpl.OzoneContainer (OzoneContainer.java:startContainerScrub(313)) - Background container scanner has been disabled.
2022-10-16 13:17:38,503 [EndpointStateMachine task thread for /0.0.0.0:44967 - 0 ] INFO  replication.ReplicationServer (ReplicationServer.java:start(111)) - ReplicationServer is started using port 39889
2022-10-16 13:17:38,503 [EndpointStateMachine task thread for /0.0.0.0:44967 - 0 ] INFO  ratis.XceiverServerRatis (XceiverServerRatis.java:start(481)) - Starting XceiverServerRatis befeb720-d9c7-49fd-9455-125fe4c6d349
2022-10-16 13:17:38,504 [EndpointStateMachine task thread for /0.0.0.0:44967 - 0 ] INFO  server.RaftServer (RaftServerProxy.java:lambda$start$6(382)) - befeb720-d9c7-49fd-9455-125fe4c6d349: start RPC server
2022-10-16 13:17:38,505 [EndpointStateMachine task thread for /0.0.0.0:44967 - 0 ] INFO  server.GrpcService (GrpcService.java:startImpl(260)) - befeb720-d9c7-49fd-9455-125fe4c6d349: GrpcService started, listening on 43785
2022-10-16 13:17:38,506 [EndpointStateMachine task thread for /0.0.0.0:44967 - 0 ] INFO  ratis.XceiverServerRatis (XceiverServerRatis.java:getRealPort(502)) - XceiverServerRatis befeb720-d9c7-49fd-9455-125fe4c6d349 is started using port 43785 for RATIS
2022-10-16 13:17:38,506 [org.apache.ratis.util.JvmPauseMonitor$$Lambda$639/339294883@7afbe222] INFO  util.JvmPauseMonitor (JvmPauseMonitor.java:run(103)) - JvmPauseMonitor-befeb720-d9c7-49fd-9455-125fe4c6d349: Started
2022-10-16 13:17:38,506 [EndpointStateMachine task thread for /0.0.0.0:44967 - 0 ] INFO  ratis.XceiverServerRatis (XceiverServerRatis.java:getRealPort(502)) - XceiverServerRatis befeb720-d9c7-49fd-9455-125fe4c6d349 is started using port 43785 for RATIS_ADMIN
2022-10-16 13:17:38,506 [EndpointStateMachine task thread for /0.0.0.0:44967 - 0 ] INFO  ratis.XceiverServerRatis (XceiverServerRatis.java:getRealPort(502)) - XceiverServerRatis befeb720-d9c7-49fd-9455-125fe4c6d349 is started using port 43785 for RATIS_SERVER
2022-10-16 13:17:38,507 [EndpointStateMachine task thread for /0.0.0.0:44967 - 0 ] INFO  server.XceiverServerGrpc (XceiverServerGrpc.java:start(180)) - XceiverServerGrpc befeb720-d9c7-49fd-9455-125fe4c6d349 is started using port 34325
2022-10-16 13:17:39,162 [ReplicationMonitor] INFO  replication.ReplicationManager (ReplicationManager.java:processAll(324)) - Replication Monitor Thread took 0 milliseconds for processing 7 containers.
2022-10-16 13:17:39,287 [IPC Server handler 3 on default port 44967] INFO  net.NetworkTopologyImpl (NetworkTopologyImpl.java:add(112)) - Added a new node: /default-rack/3b0c5cea-2642-4356-a139-2ab59a1b08fa
2022-10-16 13:17:39,287 [IPC Server handler 3 on default port 44967] INFO  node.SCMNodeManager (SCMNodeManager.java:register(397)) - Registered Data node : 3b0c5cea-2642-4356-a139-2ab59a1b08fa{ip: 10.1.0.60, host: fv-az308-250.etcbaq1qs54eplwmrjlabigyle.cx.internal.cloudapp.net, ports: [REPLICATION=33833, RATIS=45225, RATIS_ADMIN=45225, RATIS_SERVER=45225, STANDALONE=35221], networkLocation: /default-rack, certSerialId: null, persistedOpState: null, persistedOpStateExpiryEpochSec: 0}
2022-10-16 13:17:39,290 [EventQueue-NewNodeForNewNodeHandler] INFO  pipeline.BackgroundPipelineCreator (BackgroundPipelineCreator.java:notifyEventTriggered(276)) - trigger a one-shot run on RatisPipelineUtilsThread.
2022-10-16 13:17:39,290 [RatisPipelineUtilsThread - 0] INFO  pipeline.RatisPipelineProvider (RatisPipelineProvider.java:lambda$create$0(195)) - Sending CreatePipelineCommand for pipeline:PipelineID=370d2757-bf6c-4b20-ad42-b0d589be929c to datanode:3b0c5cea-2642-4356-a139-2ab59a1b08fa
2022-10-16 13:17:39,291 [EventQueue-NodeRegistrationContainerReportForDataNodeSafeModeRule] INFO  safemode.SCMSafeModeManager (DataNodeSafeModeRule.java:process(71)) - SCM in safe mode. 1 DataNodes registered, 3 required.
2022-10-16 13:17:39,291 [RatisPipelineUtilsThread - 0] INFO  pipeline.PipelineStateManagerImpl (PipelineStateManagerImpl.java:addPipeline(103)) - Created pipeline Pipeline[ Id: 370d2757-bf6c-4b20-ad42-b0d589be929c, Nodes: 3b0c5cea-2642-4356-a139-2ab59a1b08fa{ip: 10.1.0.60, host: fv-az308-250.etcbaq1qs54eplwmrjlabigyle.cx.internal.cloudapp.net, ports: [REPLICATION=33833, RATIS=45225, RATIS_ADMIN=45225, RATIS_SERVER=45225, STANDALONE=35221], networkLocation: /default-rack, certSerialId: null, persistedOpState: IN_SERVICE, persistedOpStateExpiryEpochSec: 0}, ReplicationConfig: RATIS/ONE, State:ALLOCATED, leaderId:, CreationTimestamp2022-10-16T13:17:39.290Z[Etc/UTC]].
2022-10-16 13:17:39,291 [EventQueue-NodeRegistrationContainerReportForContainerSafeModeRule] INFO  safemode.SCMSafeModeManager (SCMSafeModeManager.java:validateSafeModeExitRules(204)) - ContainerSafeModeRule rule is successfully validated
2022-10-16 13:17:39,293 [EventQueue-PipelineReportForOneReplicaPipelineSafeModeRule] INFO  safemode.SCMSafeModeManager (SCMSafeModeManager.java:validateSafeModeExitRules(204)) - AtleastOneDatanodeReportedRule rule is successfully validated
2022-10-16 13:17:39,346 [ReplicationMonitor] INFO  replication.ReplicationManager (ReplicationManager.java:processAll(291)) - Replication Manager is not ready to run until 3000ms after safemode exit
2022-10-16 13:17:39,460 [Listener at 127.0.0.1/40605] INFO  ozone.MiniOzoneClusterImpl (MiniOzoneClusterImpl.java:lambda$waitForClusterToBeReady$0(216)) - Waiting for nodes to be ready. Got 1 of 5 DN Heartbeats.
2022-10-16 13:17:39,460 [Listener at 127.0.0.1/40605] INFO  ozone.MiniOzoneClusterImpl (MiniOzoneClusterImpl.java:lambda$waitForClusterToBeReady$0(219)) - Waiting for cluster to exit safe mode
2022-10-16 13:17:39,460 [Listener at 127.0.0.1/40605] INFO  ozone.MiniOzoneClusterImpl (MiniOzoneClusterImpl.java:lambda$waitForClusterToBeReady$0(221)) - SCM became leader
2022-10-16 13:17:39,609 [IPC Server handler 1 on default port 44967] INFO  net.NetworkTopologyImpl (NetworkTopologyImpl.java:add(112)) - Added a new node: /default-rack/cc42eaea-95b8-4e06-8ab8-c6a666088562
2022-10-16 13:17:39,609 [IPC Server handler 1 on default port 44967] INFO  node.SCMNodeManager (SCMNodeManager.java:register(397)) - Registered Data node : cc42eaea-95b8-4e06-8ab8-c6a666088562{ip: 10.1.0.60, host: fv-az308-250.etcbaq1qs54eplwmrjlabigyle.cx.internal.cloudapp.net, ports: [REPLICATION=46747, RATIS=40923, RATIS_ADMIN=40923, RATIS_SERVER=40923, STANDALONE=42051], networkLocation: /default-rack, certSerialId: null, persistedOpState: null, persistedOpStateExpiryEpochSec: 0}
2022-10-16 13:17:39,609 [EventQueue-NewNodeForNewNodeHandler] INFO  pipeline.BackgroundPipelineCreator (BackgroundPipelineCreator.java:notifyEventTriggered(276)) - trigger a one-shot run on RatisPipelineUtilsThread.
2022-10-16 13:17:39,610 [EventQueue-NodeRegistrationContainerReportForDataNodeSafeModeRule] INFO  safemode.SCMSafeModeManager (DataNodeSafeModeRule.java:process(71)) - SCM in safe mode. 2 DataNodes registered, 3 required.
2022-10-16 13:17:39,610 [RatisPipelineUtilsThread - 0] INFO  pipeline.RatisPipelineProvider (RatisPipelineProvider.java:lambda$create$0(195)) - Sending CreatePipelineCommand for pipeline:PipelineID=e0e4d32b-aef3-4c60-b219-738d22e264c7 to datanode:cc42eaea-95b8-4e06-8ab8-c6a666088562
2022-10-16 13:17:39,611 [RatisPipelineUtilsThread - 0] INFO  pipeline.PipelineStateManagerImpl (PipelineStateManagerImpl.java:addPipeline(103)) - Created pipeline Pipeline[ Id: e0e4d32b-aef3-4c60-b219-738d22e264c7, Nodes: cc42eaea-95b8-4e06-8ab8-c6a666088562{ip: 10.1.0.60, host: fv-az308-250.etcbaq1qs54eplwmrjlabigyle.cx.internal.cloudapp.net, ports: [REPLICATION=46747, RATIS=40923, RATIS_ADMIN=40923, RATIS_SERVER=40923, STANDALONE=42051], networkLocation: /default-rack, certSerialId: null, persistedOpState: IN_SERVICE, persistedOpStateExpiryEpochSec: 0}, ReplicationConfig: RATIS/ONE, State:ALLOCATED, leaderId:, CreationTimestamp2022-10-16T13:17:39.610Z[Etc/UTC]].
2022-10-16 13:17:39,900 [IPC Server handler 2 on default port 44967] INFO  net.NetworkTopologyImpl (NetworkTopologyImpl.java:add(112)) - Added a new node: /default-rack/798bd20d-f8fb-4a71-ae86-73308eed48c7
2022-10-16 13:17:39,900 [IPC Server handler 2 on default port 44967] INFO  node.SCMNodeManager (SCMNodeManager.java:register(397)) - Registered Data node : 798bd20d-f8fb-4a71-ae86-73308eed48c7{ip: 10.1.0.60, host: fv-az308-250.etcbaq1qs54eplwmrjlabigyle.cx.internal.cloudapp.net, ports: [REPLICATION=45673, RATIS=37043, RATIS_ADMIN=37043, RATIS_SERVER=37043, STANDALONE=35435], networkLocation: /default-rack, certSerialId: null, persistedOpState: null, persistedOpStateExpiryEpochSec: 0}
2022-10-16 13:17:39,901 [EventQueue-NodeRegistrationContainerReportForDataNodeSafeModeRule] INFO  safemode.SCMSafeModeManager (DataNodeSafeModeRule.java:process(71)) - SCM in safe mode. 3 DataNodes registered, 3 required.
2022-10-16 13:17:39,901 [EventQueue-NodeRegistrationContainerReportForDataNodeSafeModeRule] INFO  safemode.SCMSafeModeManager (SCMSafeModeManager.java:validateSafeModeExitRules(204)) - DataNodeSafeModeRule rule is successfully validated
2022-10-16 13:17:39,901 [EventQueue-NodeRegistrationContainerReportForDataNodeSafeModeRule] INFO  safemode.SCMSafeModeManager (SCMSafeModeManager.java:completePreCheck(233)) - All SCM safe mode pre check rules have passed
2022-10-16 13:17:39,901 [EventQueue-NodeRegistrationContainerReportForDataNodeSafeModeRule] WARN  events.EventQueue (EventQueue.java:fireEvent(216)) - No event handler registered for event TypedEvent{payloadType=SafeModeStatus, name='Safe mode status'}
2022-10-16 13:17:39,901 [EventQueue-NodeRegistrationContainerReportForDataNodeSafeModeRule] INFO  ha.SCMContext (SCMContext.java:updateSafeModeStatus(228)) - Update SafeModeStatus from SafeModeStatus{safeModeStatus=true, preCheckPassed=false} to SafeModeStatus{safeModeStatus=true, preCheckPassed=true}.
2022-10-16 13:17:39,901 [EventQueue-NodeRegistrationContainerReportForDataNodeSafeModeRule] INFO  pipeline.BackgroundPipelineCreator (BackgroundPipelineCreator.java:notifyEventTriggered(276)) - trigger a one-shot run on RatisPipelineUtilsThread.
2022-10-16 13:17:39,901 [EventQueue-NewNodeForNewNodeHandler] INFO  pipeline.BackgroundPipelineCreator (BackgroundPipelineCreator.java:notifyEventTriggered(276)) - trigger a one-shot run on RatisPipelineUtilsThread.
2022-10-16 13:17:39,901 [RatisPipelineUtilsThread - 0] INFO  pipeline.RatisPipelineProvider (RatisPipelineProvider.java:lambda$create$0(195)) - Sending CreatePipelineCommand for pipeline:PipelineID=db5e9d44-81fc-4e70-8dae-fe10deacefb7 to datanode:798bd20d-f8fb-4a71-ae86-73308eed48c7
2022-10-16 13:17:39,902 [RatisPipelineUtilsThread - 0] INFO  pipeline.PipelineStateManagerImpl (PipelineStateManagerImpl.java:addPipeline(103)) - Created pipeline Pipeline[ Id: db5e9d44-81fc-4e70-8dae-fe10deacefb7, Nodes: 798bd20d-f8fb-4a71-ae86-73308eed48c7{ip: 10.1.0.60, host: fv-az308-250.etcbaq1qs54eplwmrjlabigyle.cx.internal.cloudapp.net, ports: [REPLICATION=45673, RATIS=37043, RATIS_ADMIN=37043, RATIS_SERVER=37043, STANDALONE=35435], networkLocation: /default-rack, certSerialId: null, persistedOpState: IN_SERVICE, persistedOpStateExpiryEpochSec: 0}, ReplicationConfig: RATIS/ONE, State:ALLOCATED, leaderId:, CreationTimestamp2022-10-16T13:17:39.901Z[Etc/UTC]].
2022-10-16 13:17:39,902 [RatisPipelineUtilsThread - 0] INFO  pipeline.RatisPipelineProvider (RatisPipelineProvider.java:lambda$create$0(195)) - Sending CreatePipelineCommand for pipeline:PipelineID=1daec092-3c1b-4eb1-84cd-758bf45ca48f to datanode:3b0c5cea-2642-4356-a139-2ab59a1b08fa
2022-10-16 13:17:39,902 [RatisPipelineUtilsThread - 0] INFO  pipeline.RatisPipelineProvider (RatisPipelineProvider.java:lambda$create$0(195)) - Sending CreatePipelineCommand for pipeline:PipelineID=1daec092-3c1b-4eb1-84cd-758bf45ca48f to datanode:798bd20d-f8fb-4a71-ae86-73308eed48c7
2022-10-16 13:17:39,902 [RatisPipelineUtilsThread - 0] INFO  pipeline.RatisPipelineProvider (RatisPipelineProvider.java:lambda$create$0(195)) - Sending CreatePipelineCommand for pipeline:PipelineID=1daec092-3c1b-4eb1-84cd-758bf45ca48f to datanode:cc42eaea-95b8-4e06-8ab8-c6a666088562
2022-10-16 13:17:39,902 [RatisPipelineUtilsThread - 0] INFO  pipeline.PipelineStateManagerImpl (PipelineStateManagerImpl.java:addPipeline(103)) - Created pipeline Pipeline[ Id: 1daec092-3c1b-4eb1-84cd-758bf45ca48f, Nodes: 3b0c5cea-2642-4356-a139-2ab59a1b08fa{ip: 10.1.0.60, host: fv-az308-250.etcbaq1qs54eplwmrjlabigyle.cx.internal.cloudapp.net, ports: [REPLICATION=33833, RATIS=45225, RATIS_ADMIN=45225, RATIS_SERVER=45225, STANDALONE=35221], networkLocation: /default-rack, certSerialId: null, persistedOpState: IN_SERVICE, persistedOpStateExpiryEpochSec: 0}798bd20d-f8fb-4a71-ae86-73308eed48c7{ip: 10.1.0.60, host: fv-az308-250.etcbaq1qs54eplwmrjlabigyle.cx.internal.cloudapp.net, ports: [REPLICATION=45673, RATIS=37043, RATIS_ADMIN=37043, RATIS_SERVER=37043, STANDALONE=35435], networkLocation: /default-rack, certSerialId: null, persistedOpState: IN_SERVICE, persistedOpStateExpiryEpochSec: 0}cc42eaea-95b8-4e06-8ab8-c6a666088562{ip: 10.1.0.60, host: fv-az308-250.etcbaq1qs54eplwmrjlabigyle.cx.internal.cloudapp.net, ports: [REPLICATION=46747, RATIS=40923, RATIS_ADMIN=40923, RATIS_SERVER=40923, STANDALONE=42051], networkLocation: /default-rack, certSerialId: null, persistedOpState: IN_SERVICE, persistedOpStateExpiryEpochSec: 0}, ReplicationConfig: RATIS/THREE, State:ALLOCATED, leaderId:, CreationTimestamp2022-10-16T13:17:39.902Z[Etc/UTC]].
2022-10-16 13:17:40,163 [ReplicationMonitor] INFO  replication.ReplicationManager (ReplicationManager.java:processAll(324)) - Replication Monitor Thread took 0 milliseconds for processing 7 containers.
2022-10-16 13:17:40,189 [IPC Server handler 3 on default port 44967] INFO  net.NetworkTopologyImpl (NetworkTopologyImpl.java:add(112)) - Added a new node: /default-rack/1179af15-4609-4d4b-98e3-495c08234a27
2022-10-16 13:17:40,189 [IPC Server handler 3 on default port 44967] INFO  node.SCMNodeManager (SCMNodeManager.java:register(397)) - Registered Data node : 1179af15-4609-4d4b-98e3-495c08234a27{ip: 10.1.0.60, host: fv-az308-250.etcbaq1qs54eplwmrjlabigyle.cx.internal.cloudapp.net, ports: [REPLICATION=33403, RATIS=44685, RATIS_ADMIN=44685, RATIS_SERVER=44685, STANDALONE=43813], networkLocation: /default-rack, certSerialId: null, persistedOpState: null, persistedOpStateExpiryEpochSec: 0}
2022-10-16 13:17:40,190 [EventQueue-NewNodeForNewNodeHandler] INFO  pipeline.BackgroundPipelineCreator (BackgroundPipelineCreator.java:notifyEventTriggered(276)) - trigger a one-shot run on RatisPipelineUtilsThread.
2022-10-16 13:17:40,190 [RatisPipelineUtilsThread - 0] INFO  pipeline.RatisPipelineProvider (RatisPipelineProvider.java:lambda$create$0(195)) - Sending CreatePipelineCommand for pipeline:PipelineID=0fe8220d-cbf8-4177-b192-7175b0485742 to datanode:1179af15-4609-4d4b-98e3-495c08234a27
2022-10-16 13:17:40,190 [RatisPipelineUtilsThread - 0] INFO  pipeline.PipelineStateManagerImpl (PipelineStateManagerImpl.java:addPipeline(103)) - Created pipeline Pipeline[ Id: 0fe8220d-cbf8-4177-b192-7175b0485742, Nodes: 1179af15-4609-4d4b-98e3-495c08234a27{ip: 10.1.0.60, host: fv-az308-250.etcbaq1qs54eplwmrjlabigyle.cx.internal.cloudapp.net, ports: [REPLICATION=33403, RATIS=44685, RATIS_ADMIN=44685, RATIS_SERVER=44685, STANDALONE=43813], networkLocation: /default-rack, certSerialId: null, persistedOpState: IN_SERVICE, persistedOpStateExpiryEpochSec: 0}, ReplicationConfig: RATIS/ONE, State:ALLOCATED, leaderId:, CreationTimestamp2022-10-16T13:17:40.190Z[Etc/UTC]].
2022-10-16 13:17:40,346 [ReplicationMonitor] INFO  replication.ReplicationManager (ReplicationManager.java:processAll(291)) - Replication Manager is not ready to run until 3000ms after safemode exit
2022-10-16 13:17:40,460 [Listener at 127.0.0.1/40605] INFO  ozone.MiniOzoneClusterImpl (MiniOzoneClusterImpl.java:lambda$waitForClusterToBeReady$0(216)) - Waiting for nodes to be ready. Got 4 of 5 DN Heartbeats.
2022-10-16 13:17:40,460 [Listener at 127.0.0.1/40605] INFO  ozone.MiniOzoneClusterImpl (MiniOzoneClusterImpl.java:lambda$waitForClusterToBeReady$0(219)) - Waiting for cluster to exit safe mode
2022-10-16 13:17:40,460 [Listener at 127.0.0.1/40605] INFO  ozone.MiniOzoneClusterImpl (MiniOzoneClusterImpl.java:lambda$waitForClusterToBeReady$0(221)) - SCM became leader
2022-10-16 13:17:40,461 [IPC Server handler 0 on default port 44967] INFO  net.NetworkTopologyImpl (NetworkTopologyImpl.java:add(112)) - Added a new node: /default-rack/befeb720-d9c7-49fd-9455-125fe4c6d349
2022-10-16 13:17:40,461 [IPC Server handler 0 on default port 44967] INFO  node.SCMNodeManager (SCMNodeManager.java:register(397)) - Registered Data node : befeb720-d9c7-49fd-9455-125fe4c6d349{ip: 10.1.0.60, host: fv-az308-250.etcbaq1qs54eplwmrjlabigyle.cx.internal.cloudapp.net, ports: [REPLICATION=39889, RATIS=43785, RATIS_ADMIN=43785, RATIS_SERVER=43785, STANDALONE=34325], networkLocation: /default-rack, certSerialId: null, persistedOpState: null, persistedOpStateExpiryEpochSec: 0}
2022-10-16 13:17:40,461 [EventQueue-NewNodeForNewNodeHandler] INFO  pipeline.BackgroundPipelineCreator (BackgroundPipelineCreator.java:notifyEventTriggered(276)) - trigger a one-shot run on RatisPipelineUtilsThread.
2022-10-16 13:17:40,461 [RatisPipelineUtilsThread - 0] INFO  pipeline.RatisPipelineProvider (RatisPipelineProvider.java:lambda$create$0(195)) - Sending CreatePipelineCommand for pipeline:PipelineID=caeb12d3-7fb2-4cec-a2a1-f95f2a0a4ffb to datanode:befeb720-d9c7-49fd-9455-125fe4c6d349
2022-10-16 13:17:40,462 [RatisPipelineUtilsThread - 0] INFO  pipeline.PipelineStateManagerImpl (PipelineStateManagerImpl.java:addPipeline(103)) - Created pipeline Pipeline[ Id: caeb12d3-7fb2-4cec-a2a1-f95f2a0a4ffb, Nodes: befeb720-d9c7-49fd-9455-125fe4c6d349{ip: 10.1.0.60, host: fv-az308-250.etcbaq1qs54eplwmrjlabigyle.cx.internal.cloudapp.net, ports: [REPLICATION=39889, RATIS=43785, RATIS_ADMIN=43785, RATIS_SERVER=43785, STANDALONE=34325], networkLocation: /default-rack, certSerialId: null, persistedOpState: IN_SERVICE, persistedOpStateExpiryEpochSec: 0}, ReplicationConfig: RATIS/ONE, State:ALLOCATED, leaderId:, CreationTimestamp2022-10-16T13:17:40.461Z[Etc/UTC]].
2022-10-16 13:17:41,163 [ReplicationMonitor] INFO  replication.ReplicationManager (ReplicationManager.java:processAll(324)) - Replication Monitor Thread took 0 milliseconds for processing 7 containers.
2022-10-16 13:17:41,347 [ReplicationMonitor] INFO  replication.ReplicationManager (ReplicationManager.java:processAll(291)) - Replication Manager is not ready to run until 3000ms after safemode exit
2022-10-16 13:17:41,461 [Listener at 127.0.0.1/40605] INFO  ozone.MiniOzoneClusterImpl (MiniOzoneClusterImpl.java:lambda$waitForClusterToBeReady$0(216)) - Nodes are ready. Got 5 of 5 DN Heartbeats.
2022-10-16 13:17:41,461 [Listener at 127.0.0.1/40605] INFO  ozone.MiniOzoneClusterImpl (MiniOzoneClusterImpl.java:lambda$waitForClusterToBeReady$0(219)) - Waiting for cluster to exit safe mode
2022-10-16 13:17:41,461 [Listener at 127.0.0.1/40605] INFO  ozone.MiniOzoneClusterImpl (MiniOzoneClusterImpl.java:lambda$waitForClusterToBeReady$0(221)) - SCM became leader
2022-10-16 13:17:41,903 [Under Replicated Processor] INFO  replication.UnderReplicatedProcessor (UnderReplicatedProcessor.java:processAll(92)) - Processed 0 under replicated containers, failed processing 0
2022-10-16 13:17:41,911 [Over Replicated Processor] INFO  replication.OverReplicatedProcessor (OverReplicatedProcessor.java:processAll(90)) - Processed 0 over replicated containers, failed processing 0
2022-10-16 13:17:42,164 [ReplicationMonitor] INFO  replication.ReplicationManager (ReplicationManager.java:processAll(324)) - Replication Monitor Thread took 0 milliseconds for processing 7 containers.
2022-10-16 13:17:42,287 [Command processor thread] INFO  server.RaftServer (RaftServerProxy.java:addNew(96)) - 3b0c5cea-2642-4356-a139-2ab59a1b08fa: addNew group-B0D589BE929C:[3b0c5cea-2642-4356-a139-2ab59a1b08fa|rpc:10.1.0.60:45225|priority:1] returns group-B0D589BE929C:java.util.concurrent.CompletableFuture@6854a859[Not completed]
2022-10-16 13:17:42,288 [pool-1425-thread-1] INFO  server.RaftServer$Division (RaftServerImpl.java:<init>(190)) - 3b0c5cea-2642-4356-a139-2ab59a1b08fa: new RaftServerImpl for group-B0D589BE929C:[3b0c5cea-2642-4356-a139-2ab59a1b08fa|rpc:10.1.0.60:45225|priority:1] with ContainerStateMachine:uninitialized
2022-10-16 13:17:42,288 [pool-1425-thread-1] INFO  server.RaftServerConfigKeys (ConfUtils.java:logGet(46)) - raft.server.rpc.timeout.min = 5s (custom)
2022-10-16 13:17:42,288 [pool-1425-thread-1] INFO  server.RaftServerConfigKeys (ConfUtils.java:logGet(46)) - raft.server.rpc.timeout.max = 5200ms (custom)
2022-10-16 13:17:42,288 [pool-1425-thread-1] INFO  server.RaftServerConfigKeys (ConfUtils.java:logGet(46)) - raft.server.rpc.sleep.time = 25ms (default)
2022-10-16 13:17:42,288 [pool-1425-thread-1] INFO  server.RaftServerConfigKeys (ConfUtils.java:logGet(46)) - raft.server.rpc.slowness.timeout = 300s (custom)
2022-10-16 13:17:42,288 [pool-1425-thread-1] INFO  server.RaftServerConfigKeys (ConfUtils.java:logGet(46)) - raft.server.leaderelection.leader.step-down.wait-time = 10s (default)
2022-10-16 13:17:42,288 [pool-1425-thread-1] INFO  server.RaftServerConfigKeys (ConfUtils.java:logGet(46)) - raft.server.sleep.deviation.threshold = 300ms (default)
2022-10-16 13:17:42,288 [pool-1425-thread-1] INFO  server.RaftServer$Division (ServerState.java:<init>(107)) - 3b0c5cea-2642-4356-a139-2ab59a1b08fa@group-B0D589BE929C: ConfigurationManager, init=-1: [3b0c5cea-2642-4356-a139-2ab59a1b08fa|rpc:10.1.0.60:45225|priority:1], old=null, confs=<EMPTY_MAP>
2022-10-16 13:17:42,288 [pool-1425-thread-1] INFO  server.RaftServerConfigKeys (ConfUtils.java:logGet(46)) - raft.server.storage.dir = [/home/runner/work/ozone/ozone/hadoop-ozone/integration-test/target/test-dir/MiniOzoneClusterImpl-4f724465-3e6c-4465-87e8-0372c8c9e6dc/datanode-0/data/ratis] (custom)
2022-10-16 13:17:42,288 [pool-1425-thread-1] INFO  server.RaftServerConfigKeys (ConfUtils.java:logGet(46)) - raft.server.log.corruption.policy = EXCEPTION (default)
2022-10-16 13:17:42,288 [pool-1425-thread-1] INFO  server.RaftServerConfigKeys (ConfUtils.java:logGet(46)) - raft.server.storage.free-space.min = 0MB (=0) (default)
2022-10-16 13:17:42,289 [pool-1425-thread-1] INFO  storage.RaftStorageDirectory (RaftStorageDirectoryImpl.java:analyzeStorage(135)) - The storage directory /home/runner/work/ozone/ozone/hadoop-ozone/integration-test/target/test-dir/MiniOzoneClusterImpl-4f724465-3e6c-4465-87e8-0372c8c9e6dc/datanode-0/data/ratis/370d2757-bf6c-4b20-ad42-b0d589be929c does not exist. Creating ...
2022-10-16 13:17:42,290 [pool-1425-thread-1] INFO  storage.RaftStorageDirectory (RaftStorageDirectoryImpl.java:tryLock(230)) - Lock on /home/runner/work/ozone/ozone/hadoop-ozone/integration-test/target/test-dir/MiniOzoneClusterImpl-4f724465-3e6c-4465-87e8-0372c8c9e6dc/datanode-0/data/ratis/370d2757-bf6c-4b20-ad42-b0d589be929c/in_use.lock acquired by nodename 44550@fv-az308-250
2022-10-16 13:17:42,292 [pool-1425-thread-1] INFO  storage.RaftStorage (RaftStorageImpl.java:format(89)) - Storage directory /home/runner/work/ozone/ozone/hadoop-ozone/integration-test/target/test-dir/MiniOzoneClusterImpl-4f724465-3e6c-4465-87e8-0372c8c9e6dc/datanode-0/data/ratis/370d2757-bf6c-4b20-ad42-b0d589be929c has been successfully formatted.
2022-10-16 13:17:42,293 [pool-1425-thread-1] INFO  ratis.ContainerStateMachine (ContainerStateMachine.java:loadSnapshot(236)) - group-B0D589BE929C: The snapshot info is null. Setting the last applied indexto:(t:0, i:~)
2022-10-16 13:17:42,293 [pool-1425-thread-1] INFO  server.RaftServerConfigKeys (ConfUtils.java:logGet(46)) - raft.server.notification.no-leader.timeout = 300s (custom)
2022-10-16 13:17:42,293 [pool-1425-thread-1] INFO  server.RaftServerConfigKeys (ConfUtils.java:logGet(46)) - raft.server.log.use.memory = false (default)
2022-10-16 13:17:42,293 [pool-1425-thread-1] INFO  server.RaftServerConfigKeys (ConfUtils.java:logGet(46)) - raft.server.log.purge.gap = 1000000 (custom)
2022-10-16 13:17:42,293 [pool-1425-thread-1] INFO  server.RaftServerConfigKeys (ConfUtils.java:logGet(46)) - raft.server.log.appender.buffer.byte-limit = 33554432 (custom)
2022-10-16 13:17:42,294 [EventQueue-PipelineReportForPipelineReportHandler] INFO  pipeline.PipelineManagerImpl (PipelineManagerImpl.java:openPipeline(367)) - Pipeline Pipeline[ Id: 370d2757-bf6c-4b20-ad42-b0d589be929c, Nodes: 3b0c5cea-2642-4356-a139-2ab59a1b08fa{ip: 10.1.0.60, host: fv-az308-250.etcbaq1qs54eplwmrjlabigyle.cx.internal.cloudapp.net, ports: [REPLICATION=33833, RATIS=45225, RATIS_ADMIN=45225, RATIS_SERVER=45225, STANDALONE=35221], networkLocation: /default-rack, certSerialId: null, persistedOpState: IN_SERVICE, persistedOpStateExpiryEpochSec: 0}, ReplicationConfig: RATIS/ONE, State:ALLOCATED, leaderId:3b0c5cea-2642-4356-a139-2ab59a1b08fa, CreationTimestamp2022-10-16T13:17:39.290Z[Etc/UTC]] moved to OPEN state
2022-10-16 13:17:42,294 [pool-1425-thread-1] INFO  server.RaftServerConfigKeys (ConfUtils.java:logGet(46)) - raft.server.log.statemachine.data.read.timeout = 1000ms (default)
2022-10-16 13:17:42,294 [pool-1425-thread-1] INFO  server.RaftServerConfigKeys (ConfUtils.java:logGet(46)) - raft.server.log.segment.size.max = 1048576 (custom)
2022-10-16 13:17:42,296 [pool-1425-thread-1] INFO  server.RaftServerConfigKeys (ConfUtils.java:logGet(46)) - raft.server.log.segment.cache.num.max = 2 (custom)
2022-10-16 13:17:42,296 [pool-1425-thread-1] INFO  server.RaftServerConfigKeys (ConfUtils.java:logGet(46)) - raft.server.log.segment.cache.size.max = 200MB (=209715200) (default)
2022-10-16 13:17:42,296 [pool-1425-thread-1] INFO  segmented.SegmentedRaftLogWorker (SegmentedRaftLogWorker.java:<init>(187)) - new 3b0c5cea-2642-4356-a139-2ab59a1b08fa@group-B0D589BE929C-SegmentedRaftLogWorker for RaftStorageImpl:Storage Directory /home/runner/work/ozone/ozone/hadoop-ozone/integration-test/target/test-dir/MiniOzoneClusterImpl-4f724465-3e6c-4465-87e8-0372c8c9e6dc/datanode-0/data/ratis/370d2757-bf6c-4b20-ad42-b0d589be929c
2022-10-16 13:17:42,296 [pool-1425-thread-1] INFO  server.RaftServerConfigKeys (ConfUtils.java:logGet(46)) - raft.server.log.queue.byte-limit = 4294967296 (custom)
2022-10-16 13:17:42,296 [pool-1425-thread-1] INFO  server.RaftServerConfigKeys (ConfUtils.java:logGet(46)) - raft.server.log.queue.element-limit = 1024 (custom)
2022-10-16 13:17:42,296 [pool-1425-thread-1] INFO  server.RaftServerConfigKeys (ConfUtils.java:logGet(46)) - raft.server.log.segment.size.max = 1048576 (custom)
2022-10-16 13:17:42,296 [pool-1425-thread-1] INFO  server.RaftServerConfigKeys (ConfUtils.java:logGet(46)) - raft.server.log.preallocated.size = 16384 (custom)
2022-10-16 13:17:42,296 [pool-1425-thread-1] INFO  server.RaftServerConfigKeys (ConfUtils.java:logGet(46)) - raft.server.log.force.sync.num = 128 (default)
2022-10-16 13:17:42,296 [pool-1425-thread-1] INFO  server.RaftServerConfigKeys (ConfUtils.java:logGet(46)) - raft.server.log.statemachine.data.sync = true (default)
2022-10-16 13:17:42,296 [pool-1425-thread-1] INFO  server.RaftServerConfigKeys (ConfUtils.java:logGet(46)) - raft.server.log.statemachine.data.sync.timeout = 10s (default)
2022-10-16 13:17:42,296 [pool-1425-thread-1] INFO  server.RaftServerConfigKeys (ConfUtils.java:logGet(46)) - raft.server.log.statemachine.data.sync.timeout.retry = -1 (default)
2022-10-16 13:17:42,298 [pool-1425-thread-1] INFO  server.RaftServerConfigKeys (ConfUtils.java:logGet(46)) - raft.server.log.write.buffer.size = 1048576 (custom)
2022-10-16 13:17:42,298 [pool-1425-thread-1] INFO  server.RaftServerConfigKeys (ConfUtils.java:logGet(46)) - raft.server.log.unsafe-flush.enabled = false (default)
2022-10-16 13:17:42,298 [pool-1425-thread-1] INFO  server.RaftServerConfigKeys (ConfUtils.java:logGet(46)) - raft.server.log.statemachine.data.caching.enabled = true (custom)
2022-10-16 13:17:42,298 [pool-1425-thread-1] INFO  segmented.SegmentedRaftLogWorker (SegmentedRaftLogWorker.java:lambda$new$0(135)) - 3b0c5cea-2642-4356-a139-2ab59a1b08fa@group-B0D589BE929C-SegmentedRaftLogWorker: flushIndex: setUnconditionally 0 -> -1
2022-10-16 13:17:42,298 [pool-1425-thread-1] INFO  segmented.SegmentedRaftLogWorker (SegmentedRaftLogWorker.java:lambda$new$0(135)) - 3b0c5cea-2642-4356-a139-2ab59a1b08fa@group-B0D589BE929C-SegmentedRaftLogWorker: safeCacheEvictIndex: setUnconditionally 0 -> -1
2022-10-16 13:17:42,298 [pool-1425-thread-1] INFO  server.RaftServerConfigKeys (ConfUtils.java:logGet(46)) - raft.server.snapshot.auto.trigger.enabled = true (custom)
2022-10-16 13:17:42,298 [pool-1425-thread-1] INFO  server.RaftServerConfigKeys (ConfUtils.java:logGet(46)) - raft.server.snapshot.auto.trigger.threshold = 10000 (custom)
2022-10-16 13:17:42,298 [pool-1425-thread-1] INFO  server.RaftServerConfigKeys (ConfUtils.java:logGet(46)) - raft.server.snapshot.retention.file.num = 5 (custom)
2022-10-16 13:17:42,298 [pool-1425-thread-1] INFO  server.RaftServerConfigKeys (ConfUtils.java:logGet(46)) - raft.server.log.purge.upto.snapshot.index = false (default)
2022-10-16 13:17:42,298 [pool-1425-thread-1] INFO  server.RaftServerConfigKeys (ConfUtils.java:logGet(46)) - raft.server.retrycache.expirytime = 600000ms (custom)
2022-10-16 13:17:42,298 [pool-1425-thread-1] INFO  server.RaftServerConfigKeys (ConfUtils.java:logGet(46)) - raft.server.retrycache.statistics.expirytime = 100μs (default)
2022-10-16 13:17:42,299 [EventQueue-OpenPipelineForHealthyPipelineSafeModeRule] INFO  safemode.SCMSafeModeManager (HealthyPipelineSafeModeRule.java:process(137)) - SCM in safe mode. Healthy pipelines reported count is 0, required healthy pipeline reported count is 1
2022-10-16 13:17:42,301 [pool-1425-thread-1] INFO  server.RaftServerConfigKeys (ConfUtils.java:logGet(46)) - raft.server.log.appender.install.snapshot.enabled = false (custom)
2022-10-16 13:17:42,301 [pool-1425-thread-1] INFO  server.RaftServerConfigKeys (ConfUtils.java:logGet(46)) - raft.server.threadpool.server.cached = true (default)
2022-10-16 13:17:42,301 [pool-1425-thread-1] INFO  server.RaftServerConfigKeys (ConfUtils.java:logGet(46)) - raft.server.threadpool.server.size = 0 (default)
2022-10-16 13:17:42,301 [pool-1425-thread-1] INFO  server.RaftServerConfigKeys (ConfUtils.java:logGet(46)) - raft.server.threadpool.client.cached = true (default)
2022-10-16 13:17:42,301 [pool-1425-thread-1] INFO  server.RaftServerConfigKeys (ConfUtils.java:logGet(46)) - raft.server.threadpool.client.size = 0 (default)
2022-10-16 13:17:42,301 [pool-1425-thread-1] INFO  server.RaftServer$Division (RaftServerImpl.java:start(310)) - 3b0c5cea-2642-4356-a139-2ab59a1b08fa@group-B0D589BE929C: start as a follower, conf=-1: [3b0c5cea-2642-4356-a139-2ab59a1b08fa|rpc:10.1.0.60:45225|priority:1], old=null
2022-10-16 13:17:42,301 [pool-1425-thread-1] INFO  server.RaftServer$Division (RaftServerImpl.java:setRole(299)) - 3b0c5cea-2642-4356-a139-2ab59a1b08fa@group-B0D589BE929C: changes role from      null to FOLLOWER at term 0 for startAsFollower
2022-10-16 13:17:42,301 [pool-1425-thread-1] INFO  impl.RoleInfo (RoleInfo.java:updateAndGet(139)) - 3b0c5cea-2642-4356-a139-2ab59a1b08fa: start 3b0c5cea-2642-4356-a139-2ab59a1b08fa@group-B0D589BE929C-FollowerState
2022-10-16 13:17:42,301 [pool-1425-thread-1] INFO  util.JmxRegister (JmxRegister.java:tryRegister(44)) - Successfully registered JMX Bean with object name Ratis:service=RaftServer,group=group-B0D589BE929C,id=3b0c5cea-2642-4356-a139-2ab59a1b08fa
2022-10-16 13:17:42,302 [Command processor thread] INFO  ratis.XceiverServerRatis (XceiverServerRatis.java:addGroup(765)) - Created group PipelineID=370d2757-bf6c-4b20-ad42-b0d589be929c
2022-10-16 13:17:42,302 [Command processor thread] INFO  commandhandler.CreatePipelineCommandHandler (CreatePipelineCommandHandler.java:handle(113)) - Created Pipeline RATIS ONE PipelineID=370d2757-bf6c-4b20-ad42-b0d589be929c.
2022-10-16 13:17:42,302 [Command processor thread] INFO  server.RaftServer (RaftServerProxy.java:addNew(96)) - 3b0c5cea-2642-4356-a139-2ab59a1b08fa: addNew group-758BF45CA48F:[798bd20d-f8fb-4a71-ae86-73308eed48c7|rpc:10.1.0.60:37043|priority:1, 3b0c5cea-2642-4356-a139-2ab59a1b08fa|rpc:10.1.0.60:45225|priority:0, cc42eaea-95b8-4e06-8ab8-c6a666088562|rpc:10.1.0.60:40923|priority:0] returns group-758BF45CA48F:java.util.concurrent.CompletableFuture@6c6b218b[Not completed]
2022-10-16 13:17:42,303 [pool-1425-thread-1] INFO  server.RaftServer$Division (RaftServerImpl.java:<init>(190)) - 3b0c5cea-2642-4356-a139-2ab59a1b08fa: new RaftServerImpl for group-758BF45CA48F:[798bd20d-f8fb-4a71-ae86-73308eed48c7|rpc:10.1.0.60:37043|priority:1, 3b0c5cea-2642-4356-a139-2ab59a1b08fa|rpc:10.1.0.60:45225|priority:0, cc42eaea-95b8-4e06-8ab8-c6a666088562|rpc:10.1.0.60:40923|priority:0] with ContainerStateMachine:uninitialized
2022-10-16 13:17:42,303 [pool-1425-thread-1] INFO  server.RaftServerConfigKeys (ConfUtils.java:logGet(46)) - raft.server.rpc.timeout.min = 5s (custom)
2022-10-16 13:17:42,303 [pool-1425-thread-1] INFO  server.RaftServerConfigKeys (ConfUtils.java:logGet(46)) - raft.server.rpc.timeout.max = 5200ms (custom)
2022-10-16 13:17:42,303 [pool-1425-thread-1] INFO  server.RaftServerConfigKeys (ConfUtils.java:logGet(46)) - raft.server.rpc.sleep.time = 25ms (default)
2022-10-16 13:17:42,303 [pool-1425-thread-1] INFO  server.RaftServerConfigKeys (ConfUtils.java:logGet(46)) - raft.server.rpc.slowness.timeout = 300s (custom)
2022-10-16 13:17:42,303 [pool-1425-thread-1] INFO  server.RaftServerConfigKeys (ConfUtils.java:logGet(46)) - raft.server.leaderelection.leader.step-down.wait-time = 10s (default)
2022-10-16 13:17:42,303 [pool-1425-thread-1] INFO  server.RaftServerConfigKeys (ConfUtils.java:logGet(46)) - raft.server.sleep.deviation.threshold = 300ms (default)
2022-10-16 13:17:42,303 [pool-1425-thread-1] INFO  server.RaftServer$Division (ServerState.java:<init>(107)) - 3b0c5cea-2642-4356-a139-2ab59a1b08fa@group-758BF45CA48F: ConfigurationManager, init=-1: [798bd20d-f8fb-4a71-ae86-73308eed48c7|rpc:10.1.0.60:37043|priority:1, 3b0c5cea-2642-4356-a139-2ab59a1b08fa|rpc:10.1.0.60:45225|priority:0, cc42eaea-95b8-4e06-8ab8-c6a666088562|rpc:10.1.0.60:40923|priority:0], old=null, confs=<EMPTY_MAP>
2022-10-16 13:17:42,303 [pool-1425-thread-1] INFO  server.RaftServerConfigKeys (ConfUtils.java:logGet(46)) - raft.server.storage.dir = [/home/runner/work/ozone/ozone/hadoop-ozone/integration-test/target/test-dir/MiniOzoneClusterImpl-4f724465-3e6c-4465-87e8-0372c8c9e6dc/datanode-0/data/ratis] (custom)
2022-10-16 13:17:42,303 [pool-1425-thread-1] INFO  server.RaftServerConfigKeys (ConfUtils.java:logGet(46)) - raft.server.log.corruption.policy = EXCEPTION (default)
2022-10-16 13:17:42,303 [pool-1425-thread-1] INFO  server.RaftServerConfigKeys (ConfUtils.java:logGet(46)) - raft.server.storage.free-space.min = 0MB (=0) (default)
2022-10-16 13:17:42,304 [pool-1425-thread-1] INFO  storage.RaftStorageDirectory (RaftStorageDirectoryImpl.java:analyzeStorage(135)) - The storage directory /home/runner/work/ozone/ozone/hadoop-ozone/integration-test/target/test-dir/MiniOzoneClusterImpl-4f724465-3e6c-4465-87e8-0372c8c9e6dc/datanode-0/data/ratis/1daec092-3c1b-4eb1-84cd-758bf45ca48f does not exist. Creating ...
2022-10-16 13:17:42,305 [pool-1425-thread-1] INFO  storage.RaftStorageDirectory (RaftStorageDirectoryImpl.java:tryLock(230)) - Lock on /home/runner/work/ozone/ozone/hadoop-ozone/integration-test/target/test-dir/MiniOzoneClusterImpl-4f724465-3e6c-4465-87e8-0372c8c9e6dc/datanode-0/data/ratis/1daec092-3c1b-4eb1-84cd-758bf45ca48f/in_use.lock acquired by nodename 44550@fv-az308-250
2022-10-16 13:17:42,306 [pool-1425-thread-1] INFO  storage.RaftStorage (RaftStorageImpl.java:format(89)) - Storage directory /home/runner/work/ozone/ozone/hadoop-ozone/integration-test/target/test-dir/MiniOzoneClusterImpl-4f724465-3e6c-4465-87e8-0372c8c9e6dc/datanode-0/data/ratis/1daec092-3c1b-4eb1-84cd-758bf45ca48f has been successfully formatted.
2022-10-16 13:17:42,306 [pool-1425-thread-1] INFO  ratis.ContainerStateMachine (ContainerStateMachine.java:loadSnapshot(236)) - group-758BF45CA48F: The snapshot info is null. Setting the last applied indexto:(t:0, i:~)
2022-10-16 13:17:42,307 [pool-1425-thread-1] INFO  server.RaftServerConfigKeys (ConfUtils.java:logGet(46)) - raft.server.notification.no-leader.timeout = 300s (custom)
2022-10-16 13:17:42,307 [pool-1425-thread-1] INFO  server.RaftServerConfigKeys (ConfUtils.java:logGet(46)) - raft.server.log.use.memory = false (default)
2022-10-16 13:17:42,307 [pool-1425-thread-1] INFO  server.RaftServerConfigKeys (ConfUtils.java:logGet(46)) - raft.server.log.purge.gap = 1000000 (custom)
2022-10-16 13:17:42,307 [pool-1425-thread-1] INFO  server.RaftServerConfigKeys (ConfUtils.java:logGet(46)) - raft.server.log.appender.buffer.byte-limit = 33554432 (custom)
2022-10-16 13:17:42,307 [pool-1425-thread-1] INFO  server.RaftServerConfigKeys (ConfUtils.java:logGet(46)) - raft.server.log.statemachine.data.read.timeout = 1000ms (default)
2022-10-16 13:17:42,307 [pool-1425-thread-1] INFO  server.RaftServerConfigKeys (ConfUtils.java:logGet(46)) - raft.server.log.segment.size.max = 1048576 (custom)
2022-10-16 13:17:42,307 [EventQueue-OpenPipelineForHealthyPipelineSafeModeRule] INFO  safemode.SCMSafeModeManager (HealthyPipelineSafeModeRule.java:process(137)) - SCM in safe mode. Healthy pipelines reported count is 0, required healthy pipeline reported count is 1
2022-10-16 13:17:42,308 [pool-1425-thread-1] INFO  server.RaftServerConfigKeys (ConfUtils.java:logGet(46)) - raft.server.log.segment.cache.num.max = 2 (custom)
2022-10-16 13:17:42,308 [pool-1425-thread-1] INFO  server.RaftServerConfigKeys (ConfUtils.java:logGet(46)) - raft.server.log.segment.cache.size.max = 200MB (=209715200) (default)
2022-10-16 13:17:42,308 [pool-1425-thread-1] INFO  segmented.SegmentedRaftLogWorker (SegmentedRaftLogWorker.java:<init>(187)) - new 3b0c5cea-2642-4356-a139-2ab59a1b08fa@group-758BF45CA48F-SegmentedRaftLogWorker for RaftStorageImpl:Storage Directory /home/runner/work/ozone/ozone/hadoop-ozone/integration-test/target/test-dir/MiniOzoneClusterImpl-4f724465-3e6c-4465-87e8-0372c8c9e6dc/datanode-0/data/ratis/1daec092-3c1b-4eb1-84cd-758bf45ca48f
2022-10-16 13:17:42,308 [pool-1425-thread-1] INFO  server.RaftServerConfigKeys (ConfUtils.java:logGet(46)) - raft.server.log.queue.byte-limit = 4294967296 (custom)
2022-10-16 13:17:42,308 [pool-1425-thread-1] INFO  server.RaftServerConfigKeys (ConfUtils.java:logGet(46)) - raft.server.log.queue.element-limit = 1024 (custom)
2022-10-16 13:17:42,308 [pool-1425-thread-1] INFO  server.RaftServerConfigKeys (ConfUtils.java:logGet(46)) - raft.server.log.segment.size.max = 1048576 (custom)
2022-10-16 13:17:42,308 [pool-1425-thread-1] INFO  server.RaftServerConfigKeys (ConfUtils.java:logGet(46)) - raft.server.log.preallocated.size = 16384 (custom)
2022-10-16 13:17:42,308 [pool-1425-thread-1] INFO  server.RaftServerConfigKeys (ConfUtils.java:logGet(46)) - raft.server.log.force.sync.num = 128 (default)
2022-10-16 13:17:42,308 [pool-1425-thread-1] INFO  server.RaftServerConfigKeys (ConfUtils.java:logGet(46)) - raft.server.log.statemachine.data.sync = true (default)
2022-10-16 13:17:42,308 [pool-1425-thread-1] INFO  server.RaftServerConfigKeys (ConfUtils.java:logGet(46)) - raft.server.log.statemachine.data.sync.timeout = 10s (default)
2022-10-16 13:17:42,308 [pool-1425-thread-1] INFO  server.RaftServerConfigKeys (ConfUtils.java:logGet(46)) - raft.server.log.statemachine.data.sync.timeout.retry = -1 (default)
2022-10-16 13:17:42,309 [pool-1425-thread-1] INFO  server.RaftServerConfigKeys (ConfUtils.java:logGet(46)) - raft.server.log.write.buffer.size = 1048576 (custom)
2022-10-16 13:17:42,310 [pool-1425-thread-1] INFO  server.RaftServerConfigKeys (ConfUtils.java:logGet(46)) - raft.server.log.unsafe-flush.enabled = false (default)
2022-10-16 13:17:42,310 [pool-1425-thread-1] INFO  server.RaftServerConfigKeys (ConfUtils.java:logGet(46)) - raft.server.log.statemachine.data.caching.enabled = true (custom)
2022-10-16 13:17:42,310 [pool-1425-thread-1] INFO  segmented.SegmentedRaftLogWorker (SegmentedRaftLogWorker.java:lambda$new$0(135)) - 3b0c5cea-2642-4356-a139-2ab59a1b08fa@group-758BF45CA48F-SegmentedRaftLogWorker: flushIndex: setUnconditionally 0 -> -1
2022-10-16 13:17:42,310 [pool-1425-thread-1] INFO  segmented.SegmentedRaftLogWorker (SegmentedRaftLogWorker.java:lambda$new$0(135)) - 3b0c5cea-2642-4356-a139-2ab59a1b08fa@group-758BF45CA48F-SegmentedRaftLogWorker: safeCacheEvictIndex: setUnconditionally 0 -> -1
2022-10-16 13:17:42,310 [pool-1425-thread-1] INFO  server.RaftServerConfigKeys (ConfUtils.java:logGet(46)) - raft.server.snapshot.auto.trigger.enabled = true (custom)
2022-10-16 13:17:42,310 [pool-1425-thread-1] INFO  server.RaftServerConfigKeys (ConfUtils.java:logGet(46)) - raft.server.snapshot.auto.trigger.threshold = 10000 (custom)
2022-10-16 13:17:42,310 [pool-1425-thread-1] INFO  server.RaftServerConfigKeys (ConfUtils.java:logGet(46)) - raft.server.snapshot.retention.file.num = 5 (custom)
2022-10-16 13:17:42,310 [pool-1425-thread-1] INFO  server.RaftServerConfigKeys (ConfUtils.java:logGet(46)) - raft.server.log.purge.upto.snapshot.index = false (default)
2022-10-16 13:17:42,310 [pool-1425-thread-1] INFO  server.RaftServerConfigKeys (ConfUtils.java:logGet(46)) - raft.server.retrycache.expirytime = 600000ms (custom)
2022-10-16 13:17:42,310 [pool-1425-thread-1] INFO  server.RaftServerConfigKeys (ConfUtils.java:logGet(46)) - raft.server.retrycache.statistics.expirytime = 100μs (default)
2022-10-16 13:17:42,312 [pool-1425-thread-1] INFO  server.RaftServerConfigKeys (ConfUtils.java:logGet(46)) - raft.server.log.appender.install.snapshot.enabled = false (custom)
2022-10-16 13:17:42,312 [pool-1425-thread-1] INFO  server.RaftServerConfigKeys (ConfUtils.java:logGet(46)) - raft.server.threadpool.server.cached = true (default)
2022-10-16 13:17:42,312 [pool-1425-thread-1] INFO  server.RaftServerConfigKeys (ConfUtils.java:logGet(46)) - raft.server.threadpool.server.size = 0 (default)
2022-10-16 13:17:42,312 [pool-1425-thread-1] INFO  server.RaftServerConfigKeys (ConfUtils.java:logGet(46)) - raft.server.threadpool.client.cached = true (default)
2022-10-16 13:17:42,312 [pool-1425-thread-1] INFO  server.RaftServerConfigKeys (ConfUtils.java:logGet(46)) - raft.server.threadpool.client.size = 0 (default)
2022-10-16 13:17:42,312 [pool-1425-thread-1] INFO  server.RaftServer$Division (RaftServerImpl.java:start(310)) - 3b0c5cea-2642-4356-a139-2ab59a1b08fa@group-758BF45CA48F: start as a follower, conf=-1: [798bd20d-f8fb-4a71-ae86-73308eed48c7|rpc:10.1.0.60:37043|priority:1, 3b0c5cea-2642-4356-a139-2ab59a1b08fa|rpc:10.1.0.60:45225|priority:0, cc42eaea-95b8-4e06-8ab8-c6a666088562|rpc:10.1.0.60:40923|priority:0], old=null
2022-10-16 13:17:42,312 [pool-1425-thread-1] INFO  server.RaftServer$Division (RaftServerImpl.java:setRole(299)) - 3b0c5cea-2642-4356-a139-2ab59a1b08fa@group-758BF45CA48F: changes role from      null to FOLLOWER at term 0 for startAsFollower
2022-10-16 13:17:42,312 [pool-1425-thread-1] INFO  impl.RoleInfo (RoleInfo.java:updateAndGet(139)) - 3b0c5cea-2642-4356-a139-2ab59a1b08fa: start 3b0c5cea-2642-4356-a139-2ab59a1b08fa@group-758BF45CA48F-FollowerState
2022-10-16 13:17:42,313 [pool-1425-thread-1] INFO  util.JmxRegister (JmxRegister.java:tryRegister(44)) - Successfully registered JMX Bean with object name Ratis:service=RaftServer,group=group-758BF45CA48F,id=3b0c5cea-2642-4356-a139-2ab59a1b08fa
2022-10-16 13:17:42,313 [Command processor thread] INFO  ratis.XceiverServerRatis (XceiverServerRatis.java:addGroup(765)) - Created group PipelineID=1daec092-3c1b-4eb1-84cd-758bf45ca48f
2022-10-16 13:17:42,327 [grpc-default-executor-8] INFO  server.RaftServer (RaftServerProxy.java:addNew(96)) - 798bd20d-f8fb-4a71-ae86-73308eed48c7: addNew group-758BF45CA48F:[798bd20d-f8fb-4a71-ae86-73308eed48c7|rpc:10.1.0.60:37043|dataStream:|priority:1, 3b0c5cea-2642-4356-a139-2ab59a1b08fa|rpc:10.1.0.60:45225|dataStream:|priority:0, cc42eaea-95b8-4e06-8ab8-c6a666088562|rpc:10.1.0.60:40923|dataStream:|priority:0] returns group-758BF45CA48F:java.util.concurrent.CompletableFuture@58ae797a[Not completed]
2022-10-16 13:17:42,328 [pool-1471-thread-1] INFO  server.RaftServer$Division (RaftServerImpl.java:<init>(190)) - 798bd20d-f8fb-4a71-ae86-73308eed48c7: new RaftServerImpl for group-758BF45CA48F:[798bd20d-f8fb-4a71-ae86-73308eed48c7|rpc:10.1.0.60:37043|dataStream:|priority:1, 3b0c5cea-2642-4356-a139-2ab59a1b08fa|rpc:10.1.0.60:45225|dataStream:|priority:0, cc42eaea-95b8-4e06-8ab8-c6a666088562|rpc:10.1.0.60:40923|dataStream:|priority:0] with ContainerStateMachine:uninitialized
2022-10-16 13:17:42,328 [pool-1471-thread-1] INFO  server.RaftServerConfigKeys (ConfUtils.java:logGet(46)) - raft.server.rpc.timeout.min = 5s (custom)
2022-10-16 13:17:42,328 [pool-1471-thread-1] INFO  server.RaftServerConfigKeys (ConfUtils.java:logGet(46)) - raft.server.rpc.timeout.max = 5200ms (custom)
2022-10-16 13:17:42,328 [pool-1471-thread-1] INFO  server.RaftServerConfigKeys (ConfUtils.java:logGet(46)) - raft.server.rpc.sleep.time = 25ms (default)
2022-10-16 13:17:42,328 [pool-1471-thread-1] INFO  server.RaftServerConfigKeys (ConfUtils.java:logGet(46)) - raft.server.rpc.slowness.timeout = 300s (custom)
2022-10-16 13:17:42,328 [pool-1471-thread-1] INFO  server.RaftServerConfigKeys (ConfUtils.java:logGet(46)) - raft.server.leaderelection.leader.step-down.wait-time = 10s (default)
2022-10-16 13:17:42,328 [pool-1471-thread-1] INFO  server.RaftServerConfigKeys (ConfUtils.java:logGet(46)) - raft.server.sleep.deviation.threshold = 300ms (default)
2022-10-16 13:17:42,328 [pool-1471-thread-1] INFO  server.RaftServer$Division (ServerState.java:<init>(107)) - 798bd20d-f8fb-4a71-ae86-73308eed48c7@group-758BF45CA48F: ConfigurationManager, init=-1: [798bd20d-f8fb-4a71-ae86-73308eed48c7|rpc:10.1.0.60:37043|dataStream:|priority:1, 3b0c5cea-2642-4356-a139-2ab59a1b08fa|rpc:10.1.0.60:45225|dataStream:|priority:0, cc42eaea-95b8-4e06-8ab8-c6a666088562|rpc:10.1.0.60:40923|dataStream:|priority:0], old=null, confs=<EMPTY_MAP>
2022-10-16 13:17:42,328 [pool-1471-thread-1] INFO  server.RaftServerConfigKeys (ConfUtils.java:logGet(46)) - raft.server.storage.dir = [/home/runner/work/ozone/ozone/hadoop-ozone/integration-test/target/test-dir/MiniOzoneClusterImpl-4f724465-3e6c-4465-87e8-0372c8c9e6dc/datanode-2/data/ratis] (custom)
2022-10-16 13:17:42,328 [pool-1471-thread-1] INFO  server.RaftServerConfigKeys (ConfUtils.java:logGet(46)) - raft.server.log.corruption.policy = EXCEPTION (default)
2022-10-16 13:17:42,328 [pool-1471-thread-1] INFO  server.RaftServerConfigKeys (ConfUtils.java:logGet(46)) - raft.server.storage.free-space.min = 0MB (=0) (default)
2022-10-16 13:17:42,328 [pool-1471-thread-1] INFO  storage.RaftStorageDirectory (RaftStorageDirectoryImpl.java:analyzeStorage(135)) - The storage directory /home/runner/work/ozone/ozone/hadoop-ozone/integration-test/target/test-dir/MiniOzoneClusterImpl-4f724465-3e6c-4465-87e8-0372c8c9e6dc/datanode-2/data/ratis/1daec092-3c1b-4eb1-84cd-758bf45ca48f does not exist. Creating ...
2022-10-16 13:17:42,329 [pool-1471-thread-1] INFO  storage.RaftStorageDirectory (RaftStorageDirectoryImpl.java:tryLock(230)) - Lock on /home/runner/work/ozone/ozone/hadoop-ozone/integration-test/target/test-dir/MiniOzoneClusterImpl-4f724465-3e6c-4465-87e8-0372c8c9e6dc/datanode-2/data/ratis/1daec092-3c1b-4eb1-84cd-758bf45ca48f/in_use.lock acquired by nodename 44550@fv-az308-250
2022-10-16 13:17:42,331 [pool-1471-thread-1] INFO  storage.RaftStorage (RaftStorageImpl.java:format(89)) - Storage directory /home/runner/work/ozone/ozone/hadoop-ozone/integration-test/target/test-dir/MiniOzoneClusterImpl-4f724465-3e6c-4465-87e8-0372c8c9e6dc/datanode-2/data/ratis/1daec092-3c1b-4eb1-84cd-758bf45ca48f has been successfully formatted.
2022-10-16 13:17:42,332 [pool-1471-thread-1] INFO  ratis.ContainerStateMachine (ContainerStateMachine.java:loadSnapshot(236)) - group-758BF45CA48F: The snapshot info is null. Setting the last applied indexto:(t:0, i:~)
2022-10-16 13:17:42,333 [pool-1471-thread-1] INFO  server.RaftServerConfigKeys (ConfUtils.java:logGet(46)) - raft.server.notification.no-leader.timeout = 300s (custom)
2022-10-16 13:17:42,333 [pool-1471-thread-1] INFO  server.RaftServerConfigKeys (ConfUtils.java:logGet(46)) - raft.server.log.use.memory = false (default)
2022-10-16 13:17:42,333 [pool-1471-thread-1] INFO  server.RaftServerConfigKeys (ConfUtils.java:logGet(46)) - raft.server.log.purge.gap = 1000000 (custom)
2022-10-16 13:17:42,333 [pool-1471-thread-1] INFO  server.RaftServerConfigKeys (ConfUtils.java:logGet(46)) - raft.server.log.appender.buffer.byte-limit = 33554432 (custom)
2022-10-16 13:17:42,333 [pool-1471-thread-1] INFO  server.RaftServerConfigKeys (ConfUtils.java:logGet(46)) - raft.server.log.statemachine.data.read.timeout = 1000ms (default)
2022-10-16 13:17:42,333 [pool-1471-thread-1] INFO  server.RaftServerConfigKeys (ConfUtils.java:logGet(46)) - raft.server.log.segment.size.max = 1048576 (custom)
2022-10-16 13:17:42,334 [pool-1471-thread-1] INFO  server.RaftServerConfigKeys (ConfUtils.java:logGet(46)) - raft.server.log.segment.cache.num.max = 2 (custom)
2022-10-16 13:17:42,334 [pool-1471-thread-1] INFO  server.RaftServerConfigKeys (ConfUtils.java:logGet(46)) - raft.server.log.segment.cache.size.max = 200MB (=209715200) (default)
2022-10-16 13:17:42,334 [pool-1471-thread-1] INFO  segmented.SegmentedRaftLogWorker (SegmentedRaftLogWorker.java:<init>(187)) - new 798bd20d-f8fb-4a71-ae86-73308eed48c7@group-758BF45CA48F-SegmentedRaftLogWorker for RaftStorageImpl:Storage Directory /home/runner/work/ozone/ozone/hadoop-ozone/integration-test/target/test-dir/MiniOzoneClusterImpl-4f724465-3e6c-4465-87e8-0372c8c9e6dc/datanode-2/data/ratis/1daec092-3c1b-4eb1-84cd-758bf45ca48f
2022-10-16 13:17:42,334 [pool-1471-thread-1] INFO  server.RaftServerConfigKeys (ConfUtils.java:logGet(46)) - raft.server.log.queue.byte-limit = 4294967296 (custom)
2022-10-16 13:17:42,334 [pool-1471-thread-1] INFO  server.RaftServerConfigKeys (ConfUtils.java:logGet(46)) - raft.server.log.queue.element-limit = 1024 (custom)
2022-10-16 13:17:42,334 [pool-1471-thread-1] INFO  server.RaftServerConfigKeys (ConfUtils.java:logGet(46)) - raft.server.log.segment.size.max = 1048576 (custom)
2022-10-16 13:17:42,334 [pool-1471-thread-1] INFO  server.RaftServerConfigKeys (ConfUtils.java:logGet(46)) - raft.server.log.preallocated.size = 16384 (custom)
2022-10-16 13:17:42,334 [pool-1471-thread-1] INFO  server.RaftServerConfigKeys (ConfUtils.java:logGet(46)) - raft.server.log.force.sync.num = 128 (default)
2022-10-16 13:17:42,334 [pool-1471-thread-1] INFO  server.RaftServerConfigKeys (ConfUtils.java:logGet(46)) - raft.server.log.statemachine.data.sync = true (default)
2022-10-16 13:17:42,334 [pool-1471-thread-1] INFO  server.RaftServerConfigKeys (ConfUtils.java:logGet(46)) - raft.server.log.statemachine.data.sync.timeout = 10s (default)
2022-10-16 13:17:42,334 [pool-1471-thread-1] INFO  server.RaftServerConfigKeys (ConfUtils.java:logGet(46)) - raft.server.log.statemachine.data.sync.timeout.retry = -1 (default)
2022-10-16 13:17:42,335 [pool-1471-thread-1] INFO  server.RaftServerConfigKeys (ConfUtils.java:logGet(46)) - raft.server.log.write.buffer.size = 1048576 (custom)
2022-10-16 13:17:42,335 [pool-1471-thread-1] INFO  server.RaftServerConfigKeys (ConfUtils.java:logGet(46)) - raft.server.log.unsafe-flush.enabled = false (default)
2022-10-16 13:17:42,335 [pool-1471-thread-1] INFO  server.RaftServerConfigKeys (ConfUtils.java:logGet(46)) - raft.server.log.statemachine.data.caching.enabled = true (custom)
2022-10-16 13:17:42,336 [pool-1471-thread-1] INFO  segmented.SegmentedRaftLogWorker (SegmentedRaftLogWorker.java:lambda$new$0(135)) - 798bd20d-f8fb-4a71-ae86-73308eed48c7@group-758BF45CA48F-SegmentedRaftLogWorker: flushIndex: setUnconditionally 0 -> -1
2022-10-16 13:17:42,336 [pool-1471-thread-1] INFO  segmented.SegmentedRaftLogWorker (SegmentedRaftLogWorker.java:lambda$new$0(135)) - 798bd20d-f8fb-4a71-ae86-73308eed48c7@group-758BF45CA48F-SegmentedRaftLogWorker: safeCacheEvictIndex: setUnconditionally 0 -> -1
2022-10-16 13:17:42,336 [pool-1471-thread-1] INFO  server.RaftServerConfigKeys (ConfUtils.java:logGet(46)) - raft.server.snapshot.auto.trigger.enabled = true (custom)
2022-10-16 13:17:42,336 [pool-1471-thread-1] INFO  server.RaftServerConfigKeys (ConfUtils.java:logGet(46)) - raft.server.snapshot.auto.trigger.threshold = 10000 (custom)
2022-10-16 13:17:42,336 [pool-1471-thread-1] INFO  server.RaftServerConfigKeys (ConfUtils.java:logGet(46)) - raft.server.snapshot.retention.file.num = 5 (custom)
2022-10-16 13:17:42,336 [pool-1471-thread-1] INFO  server.RaftServerConfigKeys (ConfUtils.java:logGet(46)) - raft.server.log.purge.upto.snapshot.index = false (default)
2022-10-16 13:17:42,336 [pool-1471-thread-1] INFO  server.RaftServerConfigKeys (ConfUtils.java:logGet(46)) - raft.server.retrycache.expirytime = 600000ms (custom)
2022-10-16 13:17:42,336 [pool-1471-thread-1] INFO  server.RaftServerConfigKeys (ConfUtils.java:logGet(46)) - raft.server.retrycache.statistics.expirytime = 100μs (default)
2022-10-16 13:17:42,338 [pool-1471-thread-1] INFO  server.RaftServerConfigKeys (ConfUtils.java:logGet(46)) - raft.server.log.appender.install.snapshot.enabled = false (custom)
2022-10-16 13:17:42,338 [pool-1471-thread-1] INFO  server.RaftServerConfigKeys (ConfUtils.java:logGet(46)) - raft.server.threadpool.server.cached = true (default)
2022-10-16 13:17:42,338 [pool-1471-thread-1] INFO  server.RaftServerConfigKeys (ConfUtils.java:logGet(46)) - raft.server.threadpool.server.size = 0 (default)
2022-10-16 13:17:42,338 [pool-1471-thread-1] INFO  server.RaftServerConfigKeys (ConfUtils.java:logGet(46)) - raft.server.threadpool.client.cached = true (default)
2022-10-16 13:17:42,338 [pool-1471-thread-1] INFO  server.RaftServerConfigKeys (ConfUtils.java:logGet(46)) - raft.server.threadpool.client.size = 0 (default)
2022-10-16 13:17:42,338 [pool-1471-thread-1] INFO  server.RaftServer$Division (RaftServerImpl.java:start(310)) - 798bd20d-f8fb-4a71-ae86-73308eed48c7@group-758BF45CA48F: start as a follower, conf=-1: [798bd20d-f8fb-4a71-ae86-73308eed48c7|rpc:10.1.0.60:37043|dataStream:|priority:1, 3b0c5cea-2642-4356-a139-2ab59a1b08fa|rpc:10.1.0.60:45225|dataStream:|priority:0, cc42eaea-95b8-4e06-8ab8-c6a666088562|rpc:10.1.0.60:40923|dataStream:|priority:0], old=null
2022-10-16 13:17:42,338 [pool-1471-thread-1] INFO  server.RaftServer$Division (RaftServerImpl.java:setRole(299)) - 798bd20d-f8fb-4a71-ae86-73308eed48c7@group-758BF45CA48F: changes role from      null to FOLLOWER at term 0 for startAsFollower
2022-10-16 13:17:42,338 [pool-1471-thread-1] INFO  impl.RoleInfo (RoleInfo.java:updateAndGet(139)) - 798bd20d-f8fb-4a71-ae86-73308eed48c7: start 798bd20d-f8fb-4a71-ae86-73308eed48c7@group-758BF45CA48F-FollowerState
2022-10-16 13:17:42,340 [pool-1471-thread-1] INFO  util.JmxRegister (JmxRegister.java:tryRegister(44)) - Successfully registered JMX Bean with object name Ratis:service=RaftServer,group=group-758BF45CA48F,id=798bd20d-f8fb-4a71-ae86-73308eed48c7
2022-10-16 13:17:42,348 [ReplicationMonitor] INFO  replication.ReplicationManager (ReplicationManager.java:processAll(291)) - Replication Manager is not ready to run until 3000ms after safemode exit
2022-10-16 13:17:42,353 [grpc-default-executor-8] INFO  server.RaftServer (RaftServerProxy.java:addNew(96)) - cc42eaea-95b8-4e06-8ab8-c6a666088562: addNew group-758BF45CA48F:[798bd20d-f8fb-4a71-ae86-73308eed48c7|rpc:10.1.0.60:37043|dataStream:|priority:1, 3b0c5cea-2642-4356-a139-2ab59a1b08fa|rpc:10.1.0.60:45225|dataStream:|priority:0, cc42eaea-95b8-4e06-8ab8-c6a666088562|rpc:10.1.0.60:40923|dataStream:|priority:0] returns group-758BF45CA48F:java.util.concurrent.CompletableFuture@5082615d[Not completed]
2022-10-16 13:17:42,354 [pool-1448-thread-1] INFO  server.RaftServer$Division (RaftServerImpl.java:<init>(190)) - cc42eaea-95b8-4e06-8ab8-c6a666088562: new RaftServerImpl for group-758BF45CA48F:[798bd20d-f8fb-4a71-ae86-73308eed48c7|rpc:10.1.0.60:37043|dataStream:|priority:1, 3b0c5cea-2642-4356-a139-2ab59a1b08fa|rpc:10.1.0.60:45225|dataStream:|priority:0, cc42eaea-95b8-4e06-8ab8-c6a666088562|rpc:10.1.0.60:40923|dataStream:|priority:0] with ContainerStateMachine:uninitialized
2022-10-16 13:17:42,354 [pool-1448-thread-1] INFO  server.RaftServerConfigKeys (ConfUtils.java:logGet(46)) - raft.server.rpc.timeout.min = 5s (custom)
2022-10-16 13:17:42,354 [pool-1448-thread-1] INFO  server.RaftServerConfigKeys (ConfUtils.java:logGet(46)) - raft.server.rpc.timeout.max = 5200ms (custom)
2022-10-16 13:17:42,354 [pool-1448-thread-1] INFO  server.RaftServerConfigKeys (ConfUtils.java:logGet(46)) - raft.server.rpc.sleep.time = 25ms (default)
2022-10-16 13:17:42,354 [pool-1448-thread-1] INFO  server.RaftServerConfigKeys (ConfUtils.java:logGet(46)) - raft.server.rpc.slowness.timeout = 300s (custom)
2022-10-16 13:17:42,354 [pool-1448-thread-1] INFO  server.RaftServerConfigKeys (ConfUtils.java:logGet(46)) - raft.server.leaderelection.leader.step-down.wait-time = 10s (default)
2022-10-16 13:17:42,354 [pool-1448-thread-1] INFO  server.RaftServerConfigKeys (ConfUtils.java:logGet(46)) - raft.server.sleep.deviation.threshold = 300ms (default)
2022-10-16 13:17:42,354 [pool-1448-thread-1] INFO  server.RaftServer$Division (ServerState.java:<init>(107)) - cc42eaea-95b8-4e06-8ab8-c6a666088562@group-758BF45CA48F: ConfigurationManager, init=-1: [798bd20d-f8fb-4a71-ae86-73308eed48c7|rpc:10.1.0.60:37043|dataStream:|priority:1, 3b0c5cea-2642-4356-a139-2ab59a1b08fa|rpc:10.1.0.60:45225|dataStream:|priority:0, cc42eaea-95b8-4e06-8ab8-c6a666088562|rpc:10.1.0.60:40923|dataStream:|priority:0], old=null, confs=<EMPTY_MAP>
2022-10-16 13:17:42,354 [pool-1448-thread-1] INFO  server.RaftServerConfigKeys (ConfUtils.java:logGet(46)) - raft.server.storage.dir = [/home/runner/work/ozone/ozone/hadoop-ozone/integration-test/target/test-dir/MiniOzoneClusterImpl-4f724465-3e6c-4465-87e8-0372c8c9e6dc/datanode-1/data/ratis] (custom)
2022-10-16 13:17:42,354 [pool-1448-thread-1] INFO  server.RaftServerConfigKeys (ConfUtils.java:logGet(46)) - raft.server.log.corruption.policy = EXCEPTION (default)
2022-10-16 13:17:42,354 [pool-1448-thread-1] INFO  server.RaftServerConfigKeys (ConfUtils.java:logGet(46)) - raft.server.storage.free-space.min = 0MB (=0) (default)
2022-10-16 13:17:42,354 [pool-1448-thread-1] INFO  storage.RaftStorageDirectory (RaftStorageDirectoryImpl.java:analyzeStorage(135)) - The storage directory /home/runner/work/ozone/ozone/hadoop-ozone/integration-test/target/test-dir/MiniOzoneClusterImpl-4f724465-3e6c-4465-87e8-0372c8c9e6dc/datanode-1/data/ratis/1daec092-3c1b-4eb1-84cd-758bf45ca48f does not exist. Creating ...
2022-10-16 13:17:42,355 [pool-1448-thread-1] INFO  storage.RaftStorageDirectory (RaftStorageDirectoryImpl.java:tryLock(230)) - Lock on /home/runner/work/ozone/ozone/hadoop-ozone/integration-test/target/test-dir/MiniOzoneClusterImpl-4f724465-3e6c-4465-87e8-0372c8c9e6dc/datanode-1/data/ratis/1daec092-3c1b-4eb1-84cd-758bf45ca48f/in_use.lock acquired by nodename 44550@fv-az308-250
2022-10-16 13:17:42,359 [pool-1448-thread-1] INFO  storage.RaftStorage (RaftStorageImpl.java:format(89)) - Storage directory /home/runner/work/ozone/ozone/hadoop-ozone/integration-test/target/test-dir/MiniOzoneClusterImpl-4f724465-3e6c-4465-87e8-0372c8c9e6dc/datanode-1/data/ratis/1daec092-3c1b-4eb1-84cd-758bf45ca48f has been successfully formatted.
2022-10-16 13:17:42,360 [pool-1448-thread-1] INFO  ratis.ContainerStateMachine (ContainerStateMachine.java:loadSnapshot(236)) - group-758BF45CA48F: The snapshot info is null. Setting the last applied indexto:(t:0, i:~)
2022-10-16 13:17:42,360 [pool-1448-thread-1] INFO  server.RaftServerConfigKeys (ConfUtils.java:logGet(46)) - raft.server.notification.no-leader.timeout = 300s (custom)
2022-10-16 13:17:42,360 [pool-1448-thread-1] INFO  server.RaftServerConfigKeys (ConfUtils.java:logGet(46)) - raft.server.log.use.memory = false (default)
2022-10-16 13:17:42,360 [pool-1448-thread-1] INFO  server.RaftServerConfigKeys (ConfUtils.java:logGet(46)) - raft.server.log.purge.gap = 1000000 (custom)
2022-10-16 13:17:42,360 [pool-1448-thread-1] INFO  server.RaftServerConfigKeys (ConfUtils.java:logGet(46)) - raft.server.log.appender.buffer.byte-limit = 33554432 (custom)
2022-10-16 13:17:42,361 [pool-1448-thread-1] INFO  server.RaftServerConfigKeys (ConfUtils.java:logGet(46)) - raft.server.log.statemachine.data.read.timeout = 1000ms (default)
2022-10-16 13:17:42,361 [pool-1448-thread-1] INFO  server.RaftServerConfigKeys (ConfUtils.java:logGet(46)) - raft.server.log.segment.size.max = 1048576 (custom)
2022-10-16 13:17:42,361 [pool-1448-thread-1] INFO  server.RaftServerConfigKeys (ConfUtils.java:logGet(46)) - raft.server.log.segment.cache.num.max = 2 (custom)
2022-10-16 13:17:42,361 [pool-1448-thread-1] INFO  server.RaftServerConfigKeys (ConfUtils.java:logGet(46)) - raft.server.log.segment.cache.size.max = 200MB (=209715200) (default)
2022-10-16 13:17:42,362 [pool-1448-thread-1] INFO  segmented.SegmentedRaftLogWorker (SegmentedRaftLogWorker.java:<init>(187)) - new cc42eaea-95b8-4e06-8ab8-c6a666088562@group-758BF45CA48F-SegmentedRaftLogWorker for RaftStorageImpl:Storage Directory /home/runner/work/ozone/ozone/hadoop-ozone/integration-test/target/test-dir/MiniOzoneClusterImpl-4f724465-3e6c-4465-87e8-0372c8c9e6dc/datanode-1/data/ratis/1daec092-3c1b-4eb1-84cd-758bf45ca48f
2022-10-16 13:17:42,362 [pool-1448-thread-1] INFO  server.RaftServerConfigKeys (ConfUtils.java:logGet(46)) - raft.server.log.queue.byte-limit = 4294967296 (custom)
2022-10-16 13:17:42,362 [pool-1448-thread-1] INFO  server.RaftServerConfigKeys (ConfUtils.java:logGet(46)) - raft.server.log.queue.element-limit = 1024 (custom)
2022-10-16 13:17:42,362 [pool-1448-thread-1] INFO  server.RaftServerConfigKeys (ConfUtils.java:logGet(46)) - raft.server.log.segment.size.max = 1048576 (custom)
2022-10-16 13:17:42,362 [pool-1448-thread-1] INFO  server.RaftServerConfigKeys (ConfUtils.java:logGet(46)) - raft.server.log.preallocated.size = 16384 (custom)
2022-10-16 13:17:42,362 [pool-1448-thread-1] INFO  server.RaftServerConfigKeys (ConfUtils.java:logGet(46)) - raft.server.log.force.sync.num = 128 (default)
2022-10-16 13:17:42,362 [pool-1448-thread-1] INFO  server.RaftServerConfigKeys (ConfUtils.java:logGet(46)) - raft.server.log.statemachine.data.sync = true (default)
2022-10-16 13:17:42,362 [pool-1448-thread-1] INFO  server.RaftServerConfigKeys (ConfUtils.java:logGet(46)) - raft.server.log.statemachine.data.sync.timeout = 10s (default)
2022-10-16 13:17:42,362 [pool-1448-thread-1] INFO  server.RaftServerConfigKeys (ConfUtils.java:logGet(46)) - raft.server.log.statemachine.data.sync.timeout.retry = -1 (default)
2022-10-16 13:17:42,363 [pool-1448-thread-1] INFO  server.RaftServerConfigKeys (ConfUtils.java:logGet(46)) - raft.server.log.write.buffer.size = 1048576 (custom)
2022-10-16 13:17:42,363 [pool-1448-thread-1] INFO  server.RaftServerConfigKeys (ConfUtils.java:logGet(46)) - raft.server.log.unsafe-flush.enabled = false (default)
2022-10-16 13:17:42,363 [pool-1448-thread-1] INFO  server.RaftServerConfigKeys (ConfUtils.java:logGet(46)) - raft.server.log.statemachine.data.caching.enabled = true (custom)
2022-10-16 13:17:42,363 [pool-1448-thread-1] INFO  segmented.SegmentedRaftLogWorker (SegmentedRaftLogWorker.java:lambda$new$0(135)) - cc42eaea-95b8-4e06-8ab8-c6a666088562@group-758BF45CA48F-SegmentedRaftLogWorker: flushIndex: setUnconditionally 0 -> -1
2022-10-16 13:17:42,364 [pool-1448-thread-1] INFO  segmented.SegmentedRaftLogWorker (SegmentedRaftLogWorker.java:lambda$new$0(135)) - cc42eaea-95b8-4e06-8ab8-c6a666088562@group-758BF45CA48F-SegmentedRaftLogWorker: safeCacheEvictIndex: setUnconditionally 0 -> -1
2022-10-16 13:17:42,364 [pool-1448-thread-1] INFO  server.RaftServerConfigKeys (ConfUtils.java:logGet(46)) - raft.server.snapshot.auto.trigger.enabled = true (custom)
2022-10-16 13:17:42,364 [pool-1448-thread-1] INFO  server.RaftServerConfigKeys (ConfUtils.java:logGet(46)) - raft.server.snapshot.auto.trigger.threshold = 10000 (custom)
2022-10-16 13:17:42,364 [pool-1448-thread-1] INFO  server.RaftServerConfigKeys (ConfUtils.java:logGet(46)) - raft.server.snapshot.retention.file.num = 5 (custom)
2022-10-16 13:17:42,364 [pool-1448-thread-1] INFO  server.RaftServerConfigKeys (ConfUtils.java:logGet(46)) - raft.server.log.purge.upto.snapshot.index = false (default)
2022-10-16 13:17:42,364 [pool-1448-thread-1] INFO  server.RaftServerConfigKeys (ConfUtils.java:logGet(46)) - raft.server.retrycache.expirytime = 600000ms (custom)
2022-10-16 13:17:42,364 [pool-1448-thread-1] INFO  server.RaftServerConfigKeys (ConfUtils.java:logGet(46)) - raft.server.retrycache.statistics.expirytime = 100μs (default)
2022-10-16 13:17:42,366 [pool-1448-thread-1] INFO  server.RaftServerConfigKeys (ConfUtils.java:logGet(46)) - raft.server.log.appender.install.snapshot.enabled = false (custom)
2022-10-16 13:17:42,366 [pool-1448-thread-1] INFO  server.RaftServerConfigKeys (ConfUtils.java:logGet(46)) - raft.server.threadpool.server.cached = true (default)
2022-10-16 13:17:42,366 [pool-1448-thread-1] INFO  server.RaftServerConfigKeys (ConfUtils.java:logGet(46)) - raft.server.threadpool.server.size = 0 (default)
2022-10-16 13:17:42,366 [pool-1448-thread-1] INFO  server.RaftServerConfigKeys (ConfUtils.java:logGet(46)) - raft.server.threadpool.client.cached = true (default)
2022-10-16 13:17:42,366 [pool-1448-thread-1] INFO  server.RaftServerConfigKeys (ConfUtils.java:logGet(46)) - raft.server.threadpool.client.size = 0 (default)
2022-10-16 13:17:42,366 [pool-1448-thread-1] INFO  server.RaftServer$Division (RaftServerImpl.java:start(310)) - cc42eaea-95b8-4e06-8ab8-c6a666088562@group-758BF45CA48F: start as a follower, conf=-1: [798bd20d-f8fb-4a71-ae86-73308eed48c7|rpc:10.1.0.60:37043|dataStream:|priority:1, 3b0c5cea-2642-4356-a139-2ab59a1b08fa|rpc:10.1.0.60:45225|dataStream:|priority:0, cc42eaea-95b8-4e06-8ab8-c6a666088562|rpc:10.1.0.60:40923|dataStream:|priority:0], old=null
2022-10-16 13:17:42,366 [pool-1448-thread-1] INFO  server.RaftServer$Division (RaftServerImpl.java:setRole(299)) - cc42eaea-95b8-4e06-8ab8-c6a666088562@group-758BF45CA48F: changes role from      null to FOLLOWER at term 0 for startAsFollower
2022-10-16 13:17:42,366 [pool-1448-thread-1] INFO  impl.RoleInfo (RoleInfo.java:updateAndGet(139)) - cc42eaea-95b8-4e06-8ab8-c6a666088562: start cc42eaea-95b8-4e06-8ab8-c6a666088562@group-758BF45CA48F-FollowerState
2022-10-16 13:17:42,366 [pool-1448-thread-1] INFO  util.JmxRegister (JmxRegister.java:tryRegister(44)) - Successfully registered JMX Bean with object name Ratis:service=RaftServer,group=group-758BF45CA48F,id=cc42eaea-95b8-4e06-8ab8-c6a666088562
2022-10-16 13:17:42,370 [Command processor thread] INFO  commandhandler.CreatePipelineCommandHandler (CreatePipelineCommandHandler.java:handle(113)) - Created Pipeline RATIS THREE PipelineID=1daec092-3c1b-4eb1-84cd-758bf45ca48f.
2022-10-16 13:17:42,461 [Listener at 127.0.0.1/40605] INFO  ozone.MiniOzoneClusterImpl (MiniOzoneClusterImpl.java:lambda$waitForClusterToBeReady$0(216)) - Nodes are ready. Got 5 of 5 DN Heartbeats.
2022-10-16 13:17:42,461 [Listener at 127.0.0.1/40605] INFO  ozone.MiniOzoneClusterImpl (MiniOzoneClusterImpl.java:lambda$waitForClusterToBeReady$0(219)) - Waiting for cluster to exit safe mode
2022-10-16 13:17:42,461 [Listener at 127.0.0.1/40605] INFO  ozone.MiniOzoneClusterImpl (MiniOzoneClusterImpl.java:lambda$waitForClusterToBeReady$0(221)) - SCM became leader
2022-10-16 13:17:42,609 [Command processor thread] INFO  server.RaftServer (RaftServerProxy.java:addNew(96)) - cc42eaea-95b8-4e06-8ab8-c6a666088562: addNew group-738D22E264C7:[cc42eaea-95b8-4e06-8ab8-c6a666088562|rpc:10.1.0.60:40923|priority:1] returns group-738D22E264C7:java.util.concurrent.CompletableFuture@718d199[Not completed]
2022-10-16 13:17:42,610 [pool-1448-thread-1] INFO  server.RaftServer$Division (RaftServerImpl.java:<init>(190)) - cc42eaea-95b8-4e06-8ab8-c6a666088562: new RaftServerImpl for group-738D22E264C7:[cc42eaea-95b8-4e06-8ab8-c6a666088562|rpc:10.1.0.60:40923|priority:1] with ContainerStateMachine:uninitialized
2022-10-16 13:17:42,610 [pool-1448-thread-1] INFO  server.RaftServerConfigKeys (ConfUtils.java:logGet(46)) - raft.server.rpc.timeout.min = 5s (custom)
2022-10-16 13:17:42,610 [pool-1448-thread-1] INFO  server.RaftServerConfigKeys (ConfUtils.java:logGet(46)) - raft.server.rpc.timeout.max = 5200ms (custom)
2022-10-16 13:17:42,610 [pool-1448-thread-1] INFO  server.RaftServerConfigKeys (ConfUtils.java:logGet(46)) - raft.server.rpc.sleep.time = 25ms (default)
2022-10-16 13:17:42,610 [pool-1448-thread-1] INFO  server.RaftServerConfigKeys (ConfUtils.java:logGet(46)) - raft.server.rpc.slowness.timeout = 300s (custom)
2022-10-16 13:17:42,610 [pool-1448-thread-1] INFO  server.RaftServerConfigKeys (ConfUtils.java:logGet(46)) - raft.server.leaderelection.leader.step-down.wait-time = 10s (default)
2022-10-16 13:17:42,610 [pool-1448-thread-1] INFO  server.RaftServerConfigKeys (ConfUtils.java:logGet(46)) - raft.server.sleep.deviation.threshold = 300ms (default)
2022-10-16 13:17:42,610 [pool-1448-thread-1] INFO  server.RaftServer$Division (ServerState.java:<init>(107)) - cc42eaea-95b8-4e06-8ab8-c6a666088562@group-738D22E264C7: ConfigurationManager, init=-1: [cc42eaea-95b8-4e06-8ab8-c6a666088562|rpc:10.1.0.60:40923|priority:1], old=null, confs=<EMPTY_MAP>
2022-10-16 13:17:42,610 [pool-1448-thread-1] INFO  server.RaftServerConfigKeys (ConfUtils.java:logGet(46)) - raft.server.storage.dir = [/home/runner/work/ozone/ozone/hadoop-ozone/integration-test/target/test-dir/MiniOzoneClusterImpl-4f724465-3e6c-4465-87e8-0372c8c9e6dc/datanode-1/data/ratis] (custom)
2022-10-16 13:17:42,610 [pool-1448-thread-1] INFO  server.RaftServerConfigKeys (ConfUtils.java:logGet(46)) - raft.server.log.corruption.policy = EXCEPTION (default)
2022-10-16 13:17:42,610 [pool-1448-thread-1] INFO  server.RaftServerConfigKeys (ConfUtils.java:logGet(46)) - raft.server.storage.free-space.min = 0MB (=0) (default)
2022-10-16 13:17:42,610 [pool-1448-thread-1] INFO  storage.RaftStorageDirectory (RaftStorageDirectoryImpl.java:analyzeStorage(135)) - The storage directory /home/runner/work/ozone/ozone/hadoop-ozone/integration-test/target/test-dir/MiniOzoneClusterImpl-4f724465-3e6c-4465-87e8-0372c8c9e6dc/datanode-1/data/ratis/e0e4d32b-aef3-4c60-b219-738d22e264c7 does not exist. Creating ...
2022-10-16 13:17:42,612 [pool-1448-thread-1] INFO  storage.RaftStorageDirectory (RaftStorageDirectoryImpl.java:tryLock(230)) - Lock on /home/runner/work/ozone/ozone/hadoop-ozone/integration-test/target/test-dir/MiniOzoneClusterImpl-4f724465-3e6c-4465-87e8-0372c8c9e6dc/datanode-1/data/ratis/e0e4d32b-aef3-4c60-b219-738d22e264c7/in_use.lock acquired by nodename 44550@fv-az308-250
2022-10-16 13:17:42,615 [pool-1448-thread-1] INFO  storage.RaftStorage (RaftStorageImpl.java:format(89)) - Storage directory /home/runner/work/ozone/ozone/hadoop-ozone/integration-test/target/test-dir/MiniOzoneClusterImpl-4f724465-3e6c-4465-87e8-0372c8c9e6dc/datanode-1/data/ratis/e0e4d32b-aef3-4c60-b219-738d22e264c7 has been successfully formatted.
2022-10-16 13:17:42,616 [pool-1448-thread-1] INFO  ratis.ContainerStateMachine (ContainerStateMachine.java:loadSnapshot(236)) - group-738D22E264C7: The snapshot info is null. Setting the last applied indexto:(t:0, i:~)
2022-10-16 13:17:42,616 [pool-1448-thread-1] INFO  server.RaftServerConfigKeys (ConfUtils.java:logGet(46)) - raft.server.notification.no-leader.timeout = 300s (custom)
2022-10-16 13:17:42,616 [pool-1448-thread-1] INFO  server.RaftServerConfigKeys (ConfUtils.java:logGet(46)) - raft.server.log.use.memory = false (default)
2022-10-16 13:17:42,616 [pool-1448-thread-1] INFO  server.RaftServerConfigKeys (ConfUtils.java:logGet(46)) - raft.server.log.purge.gap = 1000000 (custom)
2022-10-16 13:17:42,616 [pool-1448-thread-1] INFO  server.RaftServerConfigKeys (ConfUtils.java:logGet(46)) - raft.server.log.appender.buffer.byte-limit = 33554432 (custom)
2022-10-16 13:17:42,616 [pool-1448-thread-1] INFO  server.RaftServerConfigKeys (ConfUtils.java:logGet(46)) - raft.server.log.statemachine.data.read.timeout = 1000ms (default)
2022-10-16 13:17:42,616 [pool-1448-thread-1] INFO  server.RaftServerConfigKeys (ConfUtils.java:logGet(46)) - raft.server.log.segment.size.max = 1048576 (custom)
2022-10-16 13:17:42,617 [pool-1448-thread-1] INFO  server.RaftServerConfigKeys (ConfUtils.java:logGet(46)) - raft.server.log.segment.cache.num.max = 2 (custom)
2022-10-16 13:17:42,617 [pool-1448-thread-1] INFO  server.RaftServerConfigKeys (ConfUtils.java:logGet(46)) - raft.server.log.segment.cache.size.max = 200MB (=209715200) (default)
2022-10-16 13:17:42,617 [pool-1448-thread-1] INFO  segmented.SegmentedRaftLogWorker (SegmentedRaftLogWorker.java:<init>(187)) - new cc42eaea-95b8-4e06-8ab8-c6a666088562@group-738D22E264C7-SegmentedRaftLogWorker for RaftStorageImpl:Storage Directory /home/runner/work/ozone/ozone/hadoop-ozone/integration-test/target/test-dir/MiniOzoneClusterImpl-4f724465-3e6c-4465-87e8-0372c8c9e6dc/datanode-1/data/ratis/e0e4d32b-aef3-4c60-b219-738d22e264c7
2022-10-16 13:17:42,617 [pool-1448-thread-1] INFO  server.RaftServerConfigKeys (ConfUtils.java:logGet(46)) - raft.server.log.queue.byte-limit = 4294967296 (custom)
2022-10-16 13:17:42,617 [pool-1448-thread-1] INFO  server.RaftServerConfigKeys (ConfUtils.java:logGet(46)) - raft.server.log.queue.element-limit = 1024 (custom)
2022-10-16 13:17:42,617 [pool-1448-thread-1] INFO  server.RaftServerConfigKeys (ConfUtils.java:logGet(46)) - raft.server.log.segment.size.max = 1048576 (custom)
2022-10-16 13:17:42,617 [pool-1448-thread-1] INFO  server.RaftServerConfigKeys (ConfUtils.java:logGet(46)) - raft.server.log.preallocated.size = 16384 (custom)
2022-10-16 13:17:42,617 [EventQueue-PipelineReportForPipelineReportHandler] INFO  pipeline.PipelineManagerImpl (PipelineManagerImpl.java:openPipeline(367)) - Pipeline Pipeline[ Id: e0e4d32b-aef3-4c60-b219-738d22e264c7, Nodes: cc42eaea-95b8-4e06-8ab8-c6a666088562{ip: 10.1.0.60, host: fv-az308-250.etcbaq1qs54eplwmrjlabigyle.cx.internal.cloudapp.net, ports: [REPLICATION=46747, RATIS=40923, RATIS_ADMIN=40923, RATIS_SERVER=40923, STANDALONE=42051], networkLocation: /default-rack, certSerialId: null, persistedOpState: IN_SERVICE, persistedOpStateExpiryEpochSec: 0}, ReplicationConfig: RATIS/ONE, State:ALLOCATED, leaderId:cc42eaea-95b8-4e06-8ab8-c6a666088562, CreationTimestamp2022-10-16T13:17:39.610Z[Etc/UTC]] moved to OPEN state
2022-10-16 13:17:42,617 [pool-1448-thread-1] INFO  server.RaftServerConfigKeys (ConfUtils.java:logGet(46)) - raft.server.log.force.sync.num = 128 (default)
2022-10-16 13:17:42,617 [pool-1448-thread-1] INFO  server.RaftServerConfigKeys (ConfUtils.java:logGet(46)) - raft.server.log.statemachine.data.sync = true (default)
2022-10-16 13:17:42,617 [pool-1448-thread-1] INFO  server.RaftServerConfigKeys (ConfUtils.java:logGet(46)) - raft.server.log.statemachine.data.sync.timeout = 10s (default)
2022-10-16 13:17:42,617 [pool-1448-thread-1] INFO  server.RaftServerConfigKeys (ConfUtils.java:logGet(46)) - raft.server.log.statemachine.data.sync.timeout.retry = -1 (default)
2022-10-16 13:17:42,618 [EventQueue-OpenPipelineForHealthyPipelineSafeModeRule] INFO  safemode.SCMSafeModeManager (HealthyPipelineSafeModeRule.java:process(137)) - SCM in safe mode. Healthy pipelines reported count is 0, required healthy pipeline reported count is 1
2022-10-16 13:17:42,619 [pool-1448-thread-1] INFO  server.RaftServerConfigKeys (ConfUtils.java:logGet(46)) - raft.server.log.write.buffer.size = 1048576 (custom)
2022-10-16 13:17:42,619 [pool-1448-thread-1] INFO  server.RaftServerConfigKeys (ConfUtils.java:logGet(46)) - raft.server.log.unsafe-flush.enabled = false (default)
2022-10-16 13:17:42,619 [pool-1448-thread-1] INFO  server.RaftServerConfigKeys (ConfUtils.java:logGet(46)) - raft.server.log.statemachine.data.caching.enabled = true (custom)
2022-10-16 13:17:42,619 [pool-1448-thread-1] INFO  segmented.SegmentedRaftLogWorker (SegmentedRaftLogWorker.java:lambda$new$0(135)) - cc42eaea-95b8-4e06-8ab8-c6a666088562@group-738D22E264C7-SegmentedRaftLogWorker: flushIndex: setUnconditionally 0 -> -1
2022-10-16 13:17:42,619 [pool-1448-thread-1] INFO  segmented.SegmentedRaftLogWorker (SegmentedRaftLogWorker.java:lambda$new$0(135)) - cc42eaea-95b8-4e06-8ab8-c6a666088562@group-738D22E264C7-SegmentedRaftLogWorker: safeCacheEvictIndex: setUnconditionally 0 -> -1
2022-10-16 13:17:42,620 [pool-1448-thread-1] INFO  server.RaftServerConfigKeys (ConfUtils.java:logGet(46)) - raft.server.snapshot.auto.trigger.enabled = true (custom)
2022-10-16 13:17:42,620 [pool-1448-thread-1] INFO  server.RaftServerConfigKeys (ConfUtils.java:logGet(46)) - raft.server.snapshot.auto.trigger.threshold = 10000 (custom)
2022-10-16 13:17:42,620 [pool-1448-thread-1] INFO  server.RaftServerConfigKeys (ConfUtils.java:logGet(46)) - raft.server.snapshot.retention.file.num = 5 (custom)
2022-10-16 13:17:42,620 [pool-1448-thread-1] INFO  server.RaftServerConfigKeys (ConfUtils.java:logGet(46)) - raft.server.log.purge.upto.snapshot.index = false (default)
2022-10-16 13:17:42,620 [pool-1448-thread-1] INFO  server.RaftServerConfigKeys (ConfUtils.java:logGet(46)) - raft.server.retrycache.expirytime = 600000ms (custom)
2022-10-16 13:17:42,620 [pool-1448-thread-1] INFO  server.RaftServerConfigKeys (ConfUtils.java:logGet(46)) - raft.server.retrycache.statistics.expirytime = 100μs (default)
2022-10-16 13:17:42,622 [pool-1448-thread-1] INFO  server.RaftServerConfigKeys (ConfUtils.java:logGet(46)) - raft.server.log.appender.install.snapshot.enabled = false (custom)
2022-10-16 13:17:42,622 [pool-1448-thread-1] INFO  server.RaftServerConfigKeys (ConfUtils.java:logGet(46)) - raft.server.threadpool.server.cached = true (default)
2022-10-16 13:17:42,622 [pool-1448-thread-1] INFO  server.RaftServerConfigKeys (ConfUtils.java:logGet(46)) - raft.server.threadpool.server.size = 0 (default)
2022-10-16 13:17:42,622 [pool-1448-thread-1] INFO  server.RaftServerConfigKeys (ConfUtils.java:logGet(46)) - raft.server.threadpool.client.cached = true (default)
2022-10-16 13:17:42,622 [pool-1448-thread-1] INFO  server.RaftServerConfigKeys (ConfUtils.java:logGet(46)) - raft.server.threadpool.client.size = 0 (default)
2022-10-16 13:17:42,622 [pool-1448-thread-1] INFO  server.RaftServer$Division (RaftServerImpl.java:start(310)) - cc42eaea-95b8-4e06-8ab8-c6a666088562@group-738D22E264C7: start as a follower, conf=-1: [cc42eaea-95b8-4e06-8ab8-c6a666088562|rpc:10.1.0.60:40923|priority:1], old=null
2022-10-16 13:17:42,622 [pool-1448-thread-1] INFO  server.RaftServer$Division (RaftServerImpl.java:setRole(299)) - cc42eaea-95b8-4e06-8ab8-c6a666088562@group-738D22E264C7: changes role from      null to FOLLOWER at term 0 for startAsFollower
2022-10-16 13:17:42,622 [pool-1448-thread-1] INFO  impl.RoleInfo (RoleInfo.java:updateAndGet(139)) - cc42eaea-95b8-4e06-8ab8-c6a666088562: start cc42eaea-95b8-4e06-8ab8-c6a666088562@group-738D22E264C7-FollowerState
2022-10-16 13:17:42,622 [pool-1448-thread-1] INFO  util.JmxRegister (JmxRegister.java:tryRegister(44)) - Successfully registered JMX Bean with object name Ratis:service=RaftServer,group=group-738D22E264C7,id=cc42eaea-95b8-4e06-8ab8-c6a666088562
2022-10-16 13:17:42,623 [Command processor thread] INFO  ratis.XceiverServerRatis (XceiverServerRatis.java:addGroup(765)) - Created group PipelineID=e0e4d32b-aef3-4c60-b219-738d22e264c7
2022-10-16 13:17:42,623 [Command processor thread] INFO  commandhandler.CreatePipelineCommandHandler (CreatePipelineCommandHandler.java:handle(113)) - Created Pipeline RATIS ONE PipelineID=e0e4d32b-aef3-4c60-b219-738d22e264c7.
2022-10-16 13:17:42,899 [Command processor thread] INFO  server.RaftServer (RaftServerProxy.java:addNew(96)) - 798bd20d-f8fb-4a71-ae86-73308eed48c7: addNew group-FE10DEACEFB7:[798bd20d-f8fb-4a71-ae86-73308eed48c7|rpc:10.1.0.60:37043|priority:1] returns group-FE10DEACEFB7:java.util.concurrent.CompletableFuture@1ebbbdd8[Not completed]
2022-10-16 13:17:42,900 [pool-1471-thread-1] INFO  server.RaftServer$Division (RaftServerImpl.java:<init>(190)) - 798bd20d-f8fb-4a71-ae86-73308eed48c7: new RaftServerImpl for group-FE10DEACEFB7:[798bd20d-f8fb-4a71-ae86-73308eed48c7|rpc:10.1.0.60:37043|priority:1] with ContainerStateMachine:uninitialized
2022-10-16 13:17:42,900 [pool-1471-thread-1] INFO  server.RaftServerConfigKeys (ConfUtils.java:logGet(46)) - raft.server.rpc.timeout.min = 5s (custom)
2022-10-16 13:17:42,900 [pool-1471-thread-1] INFO  server.RaftServerConfigKeys (ConfUtils.java:logGet(46)) - raft.server.rpc.timeout.max = 5200ms (custom)
2022-10-16 13:17:42,900 [pool-1471-thread-1] INFO  server.RaftServerConfigKeys (ConfUtils.java:logGet(46)) - raft.server.rpc.sleep.time = 25ms (default)
2022-10-16 13:17:42,900 [pool-1471-thread-1] INFO  server.RaftServerConfigKeys (ConfUtils.java:logGet(46)) - raft.server.rpc.slowness.timeout = 300s (custom)
2022-10-16 13:17:42,900 [pool-1471-thread-1] INFO  server.RaftServerConfigKeys (ConfUtils.java:logGet(46)) - raft.server.leaderelection.leader.step-down.wait-time = 10s (default)
2022-10-16 13:17:42,900 [pool-1471-thread-1] INFO  server.RaftServerConfigKeys (ConfUtils.java:logGet(46)) - raft.server.sleep.deviation.threshold = 300ms (default)
2022-10-16 13:17:42,900 [pool-1471-thread-1] INFO  server.RaftServer$Division (ServerState.java:<init>(107)) - 798bd20d-f8fb-4a71-ae86-73308eed48c7@group-FE10DEACEFB7: ConfigurationManager, init=-1: [798bd20d-f8fb-4a71-ae86-73308eed48c7|rpc:10.1.0.60:37043|priority:1], old=null, confs=<EMPTY_MAP>
2022-10-16 13:17:42,900 [pool-1471-thread-1] INFO  server.RaftServerConfigKeys (ConfUtils.java:logGet(46)) - raft.server.storage.dir = [/home/runner/work/ozone/ozone/hadoop-ozone/integration-test/target/test-dir/MiniOzoneClusterImpl-4f724465-3e6c-4465-87e8-0372c8c9e6dc/datanode-2/data/ratis] (custom)
2022-10-16 13:17:42,901 [pool-1471-thread-1] INFO  server.RaftServerConfigKeys (ConfUtils.java:logGet(46)) - raft.server.log.corruption.policy = EXCEPTION (default)
2022-10-16 13:17:42,901 [pool-1471-thread-1] INFO  server.RaftServerConfigKeys (ConfUtils.java:logGet(46)) - raft.server.storage.free-space.min = 0MB (=0) (default)
2022-10-16 13:17:42,901 [pool-1471-thread-1] INFO  storage.RaftStorageDirectory (RaftStorageDirectoryImpl.java:analyzeStorage(135)) - The storage directory /home/runner/work/ozone/ozone/hadoop-ozone/integration-test/target/test-dir/MiniOzoneClusterImpl-4f724465-3e6c-4465-87e8-0372c8c9e6dc/datanode-2/data/ratis/db5e9d44-81fc-4e70-8dae-fe10deacefb7 does not exist. Creating ...
2022-10-16 13:17:42,903 [pool-1471-thread-1] INFO  storage.RaftStorageDirectory (RaftStorageDirectoryImpl.java:tryLock(230)) - Lock on /home/runner/work/ozone/ozone/hadoop-ozone/integration-test/target/test-dir/MiniOzoneClusterImpl-4f724465-3e6c-4465-87e8-0372c8c9e6dc/datanode-2/data/ratis/db5e9d44-81fc-4e70-8dae-fe10deacefb7/in_use.lock acquired by nodename 44550@fv-az308-250
2022-10-16 13:17:42,905 [pool-1471-thread-1] INFO  storage.RaftStorage (RaftStorageImpl.java:format(89)) - Storage directory /home/runner/work/ozone/ozone/hadoop-ozone/integration-test/target/test-dir/MiniOzoneClusterImpl-4f724465-3e6c-4465-87e8-0372c8c9e6dc/datanode-2/data/ratis/db5e9d44-81fc-4e70-8dae-fe10deacefb7 has been successfully formatted.
2022-10-16 13:17:42,905 [pool-1471-thread-1] INFO  ratis.ContainerStateMachine (ContainerStateMachine.java:loadSnapshot(236)) - group-FE10DEACEFB7: The snapshot info is null. Setting the last applied indexto:(t:0, i:~)
2022-10-16 13:17:42,905 [pool-1471-thread-1] INFO  server.RaftServerConfigKeys (ConfUtils.java:logGet(46)) - raft.server.notification.no-leader.timeout = 300s (custom)
2022-10-16 13:17:42,905 [pool-1471-thread-1] INFO  server.RaftServerConfigKeys (ConfUtils.java:logGet(46)) - raft.server.log.use.memory = false (default)
2022-10-16 13:17:42,905 [pool-1471-thread-1] INFO  server.RaftServerConfigKeys (ConfUtils.java:logGet(46)) - raft.server.log.purge.gap = 1000000 (custom)
2022-10-16 13:17:42,905 [pool-1471-thread-1] INFO  server.RaftServerConfigKeys (ConfUtils.java:logGet(46)) - raft.server.log.appender.buffer.byte-limit = 33554432 (custom)
2022-10-16 13:17:42,905 [pool-1471-thread-1] INFO  server.RaftServerConfigKeys (ConfUtils.java:logGet(46)) - raft.server.log.statemachine.data.read.timeout = 1000ms (default)
2022-10-16 13:17:42,906 [pool-1471-thread-1] INFO  server.RaftServerConfigKeys (ConfUtils.java:logGet(46)) - raft.server.log.segment.size.max = 1048576 (custom)
2022-10-16 13:17:42,906 [EventQueue-PipelineReportForPipelineReportHandler] INFO  pipeline.PipelineManagerImpl (PipelineManagerImpl.java:openPipeline(367)) - Pipeline Pipeline[ Id: db5e9d44-81fc-4e70-8dae-fe10deacefb7, Nodes: 798bd20d-f8fb-4a71-ae86-73308eed48c7{ip: 10.1.0.60, host: fv-az308-250.etcbaq1qs54eplwmrjlabigyle.cx.internal.cloudapp.net, ports: [REPLICATION=45673, RATIS=37043, RATIS_ADMIN=37043, RATIS_SERVER=37043, STANDALONE=35435], networkLocation: /default-rack, certSerialId: null, persistedOpState: IN_SERVICE, persistedOpStateExpiryEpochSec: 0}, ReplicationConfig: RATIS/ONE, State:ALLOCATED, leaderId:798bd20d-f8fb-4a71-ae86-73308eed48c7, CreationTimestamp2022-10-16T13:17:39.901Z[Etc/UTC]] moved to OPEN state
2022-10-16 13:17:42,906 [pool-1471-thread-1] INFO  server.RaftServerConfigKeys (ConfUtils.java:logGet(46)) - raft.server.log.segment.cache.num.max = 2 (custom)
2022-10-16 13:17:42,906 [pool-1471-thread-1] INFO  server.RaftServerConfigKeys (ConfUtils.java:logGet(46)) - raft.server.log.segment.cache.size.max = 200MB (=209715200) (default)
2022-10-16 13:17:42,906 [pool-1471-thread-1] INFO  segmented.SegmentedRaftLogWorker (SegmentedRaftLogWorker.java:<init>(187)) - new 798bd20d-f8fb-4a71-ae86-73308eed48c7@group-FE10DEACEFB7-SegmentedRaftLogWorker for RaftStorageImpl:Storage Directory /home/runner/work/ozone/ozone/hadoop-ozone/integration-test/target/test-dir/MiniOzoneClusterImpl-4f724465-3e6c-4465-87e8-0372c8c9e6dc/datanode-2/data/ratis/db5e9d44-81fc-4e70-8dae-fe10deacefb7
2022-10-16 13:17:42,906 [pool-1471-thread-1] INFO  server.RaftServerConfigKeys (ConfUtils.java:logGet(46)) - raft.server.log.queue.byte-limit = 4294967296 (custom)
2022-10-16 13:17:42,906 [EventQueue-OpenPipelineForHealthyPipelineSafeModeRule] INFO  safemode.SCMSafeModeManager (HealthyPipelineSafeModeRule.java:process(137)) - SCM in safe mode. Healthy pipelines reported count is 0, required healthy pipeline reported count is 1
2022-10-16 13:17:42,907 [pool-1471-thread-1] INFO  server.RaftServerConfigKeys (ConfUtils.java:logGet(46)) - raft.server.log.queue.element-limit = 1024 (custom)
2022-10-16 13:17:42,907 [pool-1471-thread-1] INFO  server.RaftServerConfigKeys (ConfUtils.java:logGet(46)) - raft.server.log.segment.size.max = 1048576 (custom)
2022-10-16 13:17:42,907 [pool-1471-thread-1] INFO  server.RaftServerConfigKeys (ConfUtils.java:logGet(46)) - raft.server.log.preallocated.size = 16384 (custom)
2022-10-16 13:17:42,907 [pool-1471-thread-1] INFO  server.RaftServerConfigKeys (ConfUtils.java:logGet(46)) - raft.server.log.force.sync.num = 128 (default)
2022-10-16 13:17:42,907 [pool-1471-thread-1] INFO  server.RaftServerConfigKeys (ConfUtils.java:logGet(46)) - raft.server.log.statemachine.data.sync = true (default)
2022-10-16 13:17:42,907 [pool-1471-thread-1] INFO  server.RaftServerConfigKeys (ConfUtils.java:logGet(46)) - raft.server.log.statemachine.data.sync.timeout = 10s (default)
2022-10-16 13:17:42,907 [pool-1471-thread-1] INFO  server.RaftServerConfigKeys (ConfUtils.java:logGet(46)) - raft.server.log.statemachine.data.sync.timeout.retry = -1 (default)
2022-10-16 13:17:42,908 [pool-1471-thread-1] INFO  server.RaftServerConfigKeys (ConfUtils.java:logGet(46)) - raft.server.log.write.buffer.size = 1048576 (custom)
2022-10-16 13:17:42,908 [pool-1471-thread-1] INFO  server.RaftServerConfigKeys (ConfUtils.java:logGet(46)) - raft.server.log.unsafe-flush.enabled = false (default)
2022-10-16 13:17:42,908 [pool-1471-thread-1] INFO  server.RaftServerConfigKeys (ConfUtils.java:logGet(46)) - raft.server.log.statemachine.data.caching.enabled = true (custom)
2022-10-16 13:17:42,909 [pool-1471-thread-1] INFO  segmented.SegmentedRaftLogWorker (SegmentedRaftLogWorker.java:lambda$new$0(135)) - 798bd20d-f8fb-4a71-ae86-73308eed48c7@group-FE10DEACEFB7-SegmentedRaftLogWorker: flushIndex: setUnconditionally 0 -> -1
2022-10-16 13:17:42,909 [pool-1471-thread-1] INFO  segmented.SegmentedRaftLogWorker (SegmentedRaftLogWorker.java:lambda$new$0(135)) - 798bd20d-f8fb-4a71-ae86-73308eed48c7@group-FE10DEACEFB7-SegmentedRaftLogWorker: safeCacheEvictIndex: setUnconditionally 0 -> -1
2022-10-16 13:17:42,909 [pool-1471-thread-1] INFO  server.RaftServerConfigKeys (ConfUtils.java:logGet(46)) - raft.server.snapshot.auto.trigger.enabled = true (custom)
2022-10-16 13:17:42,909 [pool-1471-thread-1] INFO  server.RaftServerConfigKeys (ConfUtils.java:logGet(46)) - raft.server.snapshot.auto.trigger.threshold = 10000 (custom)
2022-10-16 13:17:42,909 [pool-1471-thread-1] INFO  server.RaftServerConfigKeys (ConfUtils.java:logGet(46)) - raft.server.snapshot.retention.file.num = 5 (custom)
2022-10-16 13:17:42,909 [pool-1471-thread-1] INFO  server.RaftServerConfigKeys (ConfUtils.java:logGet(46)) - raft.server.log.purge.upto.snapshot.index = false (default)
2022-10-16 13:17:42,909 [pool-1471-thread-1] INFO  server.RaftServerConfigKeys (ConfUtils.java:logGet(46)) - raft.server.retrycache.expirytime = 600000ms (custom)
2022-10-16 13:17:42,909 [pool-1471-thread-1] INFO  server.RaftServerConfigKeys (ConfUtils.java:logGet(46)) - raft.server.retrycache.statistics.expirytime = 100μs (default)
2022-10-16 13:17:42,911 [pool-1471-thread-1] INFO  server.RaftServerConfigKeys (ConfUtils.java:logGet(46)) - raft.server.log.appender.install.snapshot.enabled = false (custom)
2022-10-16 13:17:42,911 [pool-1471-thread-1] INFO  server.RaftServerConfigKeys (ConfUtils.java:logGet(46)) - raft.server.threadpool.server.cached = true (default)
2022-10-16 13:17:42,911 [pool-1471-thread-1] INFO  server.RaftServerConfigKeys (ConfUtils.java:logGet(46)) - raft.server.threadpool.server.size = 0 (default)
2022-10-16 13:17:42,911 [pool-1471-thread-1] INFO  server.RaftServerConfigKeys (ConfUtils.java:logGet(46)) - raft.server.threadpool.client.cached = true (default)
2022-10-16 13:17:42,911 [pool-1471-thread-1] INFO  server.RaftServerConfigKeys (ConfUtils.java:logGet(46)) - raft.server.threadpool.client.size = 0 (default)
2022-10-16 13:17:42,911 [pool-1471-thread-1] INFO  server.RaftServer$Division (RaftServerImpl.java:start(310)) - 798bd20d-f8fb-4a71-ae86-73308eed48c7@group-FE10DEACEFB7: start as a follower, conf=-1: [798bd20d-f8fb-4a71-ae86-73308eed48c7|rpc:10.1.0.60:37043|priority:1], old=null
2022-10-16 13:17:42,911 [pool-1471-thread-1] INFO  server.RaftServer$Division (RaftServerImpl.java:setRole(299)) - 798bd20d-f8fb-4a71-ae86-73308eed48c7@group-FE10DEACEFB7: changes role from      null to FOLLOWER at term 0 for startAsFollower
2022-10-16 13:17:42,911 [pool-1471-thread-1] INFO  impl.RoleInfo (RoleInfo.java:updateAndGet(139)) - 798bd20d-f8fb-4a71-ae86-73308eed48c7: start 798bd20d-f8fb-4a71-ae86-73308eed48c7@group-FE10DEACEFB7-FollowerState
2022-10-16 13:17:42,911 [pool-1471-thread-1] INFO  util.JmxRegister (JmxRegister.java:tryRegister(44)) - Successfully registered JMX Bean with object name Ratis:service=RaftServer,group=group-FE10DEACEFB7,id=798bd20d-f8fb-4a71-ae86-73308eed48c7
2022-10-16 13:17:42,912 [Command processor thread] INFO  ratis.XceiverServerRatis (XceiverServerRatis.java:addGroup(765)) - Created group PipelineID=db5e9d44-81fc-4e70-8dae-fe10deacefb7
2022-10-16 13:17:42,912 [Command processor thread] INFO  commandhandler.CreatePipelineCommandHandler (CreatePipelineCommandHandler.java:handle(113)) - Created Pipeline RATIS ONE PipelineID=db5e9d44-81fc-4e70-8dae-fe10deacefb7.
2022-10-16 13:17:43,164 [ReplicationMonitor] INFO  replication.ReplicationManager (ReplicationManager.java:processAll(324)) - Replication Monitor Thread took 0 milliseconds for processing 7 containers.
2022-10-16 13:17:43,190 [Command processor thread] INFO  server.RaftServer (RaftServerProxy.java:addNew(96)) - 1179af15-4609-4d4b-98e3-495c08234a27: addNew group-7175B0485742:[1179af15-4609-4d4b-98e3-495c08234a27|rpc:10.1.0.60:44685|priority:1] returns group-7175B0485742:java.util.concurrent.CompletableFuture@56af1dab[Not completed]
2022-10-16 13:17:43,191 [pool-1494-thread-1] INFO  server.RaftServer$Division (RaftServerImpl.java:<init>(190)) - 1179af15-4609-4d4b-98e3-495c08234a27: new RaftServerImpl for group-7175B0485742:[1179af15-4609-4d4b-98e3-495c08234a27|rpc:10.1.0.60:44685|priority:1] with ContainerStateMachine:uninitialized
2022-10-16 13:17:43,191 [pool-1494-thread-1] INFO  server.RaftServerConfigKeys (ConfUtils.java:logGet(46)) - raft.server.rpc.timeout.min = 5s (custom)
2022-10-16 13:17:43,191 [pool-1494-thread-1] INFO  server.RaftServerConfigKeys (ConfUtils.java:logGet(46)) - raft.server.rpc.timeout.max = 5200ms (custom)
2022-10-16 13:17:43,191 [pool-1494-thread-1] INFO  server.RaftServerConfigKeys (ConfUtils.java:logGet(46)) - raft.server.rpc.sleep.time = 25ms (default)
2022-10-16 13:17:43,192 [pool-1494-thread-1] INFO  server.RaftServerConfigKeys (ConfUtils.java:logGet(46)) - raft.server.rpc.slowness.timeout = 300s (custom)
2022-10-16 13:17:43,192 [pool-1494-thread-1] INFO  server.RaftServerConfigKeys (ConfUtils.java:logGet(46)) - raft.server.leaderelection.leader.step-down.wait-time = 10s (default)
2022-10-16 13:17:43,192 [pool-1494-thread-1] INFO  server.RaftServerConfigKeys (ConfUtils.java:logGet(46)) - raft.server.sleep.deviation.threshold = 300ms (default)
2022-10-16 13:17:43,192 [pool-1494-thread-1] INFO  server.RaftServer$Division (ServerState.java:<init>(107)) - 1179af15-4609-4d4b-98e3-495c08234a27@group-7175B0485742: ConfigurationManager, init=-1: [1179af15-4609-4d4b-98e3-495c08234a27|rpc:10.1.0.60:44685|priority:1], old=null, confs=<EMPTY_MAP>
2022-10-16 13:17:43,192 [pool-1494-thread-1] INFO  server.RaftServerConfigKeys (ConfUtils.java:logGet(46)) - raft.server.storage.dir = [/home/runner/work/ozone/ozone/hadoop-ozone/integration-test/target/test-dir/MiniOzoneClusterImpl-4f724465-3e6c-4465-87e8-0372c8c9e6dc/datanode-3/data/ratis] (custom)
2022-10-16 13:17:43,192 [pool-1494-thread-1] INFO  server.RaftServerConfigKeys (ConfUtils.java:logGet(46)) - raft.server.log.corruption.policy = EXCEPTION (default)
2022-10-16 13:17:43,192 [pool-1494-thread-1] INFO  server.RaftServerConfigKeys (ConfUtils.java:logGet(46)) - raft.server.storage.free-space.min = 0MB (=0) (default)
2022-10-16 13:17:43,192 [pool-1494-thread-1] INFO  storage.RaftStorageDirectory (RaftStorageDirectoryImpl.java:analyzeStorage(135)) - The storage directory /home/runner/work/ozone/ozone/hadoop-ozone/integration-test/target/test-dir/MiniOzoneClusterImpl-4f724465-3e6c-4465-87e8-0372c8c9e6dc/datanode-3/data/ratis/0fe8220d-cbf8-4177-b192-7175b0485742 does not exist. Creating ...
2022-10-16 13:17:43,194 [pool-1494-thread-1] INFO  storage.RaftStorageDirectory (RaftStorageDirectoryImpl.java:tryLock(230)) - Lock on /home/runner/work/ozone/ozone/hadoop-ozone/integration-test/target/test-dir/MiniOzoneClusterImpl-4f724465-3e6c-4465-87e8-0372c8c9e6dc/datanode-3/data/ratis/0fe8220d-cbf8-4177-b192-7175b0485742/in_use.lock acquired by nodename 44550@fv-az308-250
2022-10-16 13:17:43,196 [pool-1494-thread-1] INFO  storage.RaftStorage (RaftStorageImpl.java:format(89)) - Storage directory /home/runner/work/ozone/ozone/hadoop-ozone/integration-test/target/test-dir/MiniOzoneClusterImpl-4f724465-3e6c-4465-87e8-0372c8c9e6dc/datanode-3/data/ratis/0fe8220d-cbf8-4177-b192-7175b0485742 has been successfully formatted.
2022-10-16 13:17:43,197 [pool-1494-thread-1] INFO  ratis.ContainerStateMachine (ContainerStateMachine.java:loadSnapshot(236)) - group-7175B0485742: The snapshot info is null. Setting the last applied indexto:(t:0, i:~)
2022-10-16 13:17:43,197 [pool-1494-thread-1] INFO  server.RaftServerConfigKeys (ConfUtils.java:logGet(46)) - raft.server.notification.no-leader.timeout = 300s (custom)
2022-10-16 13:17:43,197 [pool-1494-thread-1] INFO  server.RaftServerConfigKeys (ConfUtils.java:logGet(46)) - raft.server.log.use.memory = false (default)
2022-10-16 13:17:43,197 [pool-1494-thread-1] INFO  server.RaftServerConfigKeys (ConfUtils.java:logGet(46)) - raft.server.log.purge.gap = 1000000 (custom)
2022-10-16 13:17:43,197 [pool-1494-thread-1] INFO  server.RaftServerConfigKeys (ConfUtils.java:logGet(46)) - raft.server.log.appender.buffer.byte-limit = 33554432 (custom)
2022-10-16 13:17:43,197 [pool-1494-thread-1] INFO  server.RaftServerConfigKeys (ConfUtils.java:logGet(46)) - raft.server.log.statemachine.data.read.timeout = 1000ms (default)
2022-10-16 13:17:43,198 [EventQueue-PipelineReportForPipelineReportHandler] INFO  pipeline.PipelineManagerImpl (PipelineManagerImpl.java:openPipeline(367)) - Pipeline Pipeline[ Id: 0fe8220d-cbf8-4177-b192-7175b0485742, Nodes: 1179af15-4609-4d4b-98e3-495c08234a27{ip: 10.1.0.60, host: fv-az308-250.etcbaq1qs54eplwmrjlabigyle.cx.internal.cloudapp.net, ports: [REPLICATION=33403, RATIS=44685, RATIS_ADMIN=44685, RATIS_SERVER=44685, STANDALONE=43813], networkLocation: /default-rack, certSerialId: null, persistedOpState: IN_SERVICE, persistedOpStateExpiryEpochSec: 0}, ReplicationConfig: RATIS/ONE, State:ALLOCATED, leaderId:1179af15-4609-4d4b-98e3-495c08234a27, CreationTimestamp2022-10-16T13:17:40.190Z[Etc/UTC]] moved to OPEN state
2022-10-16 13:17:43,198 [EventQueue-OpenPipelineForHealthyPipelineSafeModeRule] INFO  safemode.SCMSafeModeManager (HealthyPipelineSafeModeRule.java:process(137)) - SCM in safe mode. Healthy pipelines reported count is 0, required healthy pipeline reported count is 1
2022-10-16 13:17:43,200 [pool-1494-thread-1] INFO  server.RaftServerConfigKeys (ConfUtils.java:logGet(46)) - raft.server.log.segment.size.max = 1048576 (custom)
2022-10-16 13:17:43,201 [pool-1494-thread-1] INFO  server.RaftServerConfigKeys (ConfUtils.java:logGet(46)) - raft.server.log.segment.cache.num.max = 2 (custom)
2022-10-16 13:17:43,201 [pool-1494-thread-1] INFO  server.RaftServerConfigKeys (ConfUtils.java:logGet(46)) - raft.server.log.segment.cache.size.max = 200MB (=209715200) (default)
2022-10-16 13:17:43,201 [pool-1494-thread-1] INFO  segmented.SegmentedRaftLogWorker (SegmentedRaftLogWorker.java:<init>(187)) - new 1179af15-4609-4d4b-98e3-495c08234a27@group-7175B0485742-SegmentedRaftLogWorker for RaftStorageImpl:Storage Directory /home/runner/work/ozone/ozone/hadoop-ozone/integration-test/target/test-dir/MiniOzoneClusterImpl-4f724465-3e6c-4465-87e8-0372c8c9e6dc/datanode-3/data/ratis/0fe8220d-cbf8-4177-b192-7175b0485742
2022-10-16 13:17:43,201 [pool-1494-thread-1] INFO  server.RaftServerConfigKeys (ConfUtils.java:logGet(46)) - raft.server.log.queue.byte-limit = 4294967296 (custom)
2022-10-16 13:17:43,201 [pool-1494-thread-1] INFO  server.RaftServerConfigKeys (ConfUtils.java:logGet(46)) - raft.server.log.queue.element-limit = 1024 (custom)
2022-10-16 13:17:43,201 [pool-1494-thread-1] INFO  server.RaftServerConfigKeys (ConfUtils.java:logGet(46)) - raft.server.log.segment.size.max = 1048576 (custom)
2022-10-16 13:17:43,201 [pool-1494-thread-1] INFO  server.RaftServerConfigKeys (ConfUtils.java:logGet(46)) - raft.server.log.preallocated.size = 16384 (custom)
2022-10-16 13:17:43,201 [pool-1494-thread-1] INFO  server.RaftServerConfigKeys (ConfUtils.java:logGet(46)) - raft.server.log.force.sync.num = 128 (default)
2022-10-16 13:17:43,201 [pool-1494-thread-1] INFO  server.RaftServerConfigKeys (ConfUtils.java:logGet(46)) - raft.server.log.statemachine.data.sync = true (default)
2022-10-16 13:17:43,201 [pool-1494-thread-1] INFO  server.RaftServerConfigKeys (ConfUtils.java:logGet(46)) - raft.server.log.statemachine.data.sync.timeout = 10s (default)
2022-10-16 13:17:43,201 [pool-1494-thread-1] INFO  server.RaftServerConfigKeys (ConfUtils.java:logGet(46)) - raft.server.log.statemachine.data.sync.timeout.retry = -1 (default)
2022-10-16 13:17:43,202 [pool-1494-thread-1] INFO  server.RaftServerConfigKeys (ConfUtils.java:logGet(46)) - raft.server.log.write.buffer.size = 1048576 (custom)
2022-10-16 13:17:43,202 [pool-1494-thread-1] INFO  server.RaftServerConfigKeys (ConfUtils.java:logGet(46)) - raft.server.log.unsafe-flush.enabled = false (default)
2022-10-16 13:17:43,202 [pool-1494-thread-1] INFO  server.RaftServerConfigKeys (ConfUtils.java:logGet(46)) - raft.server.log.statemachine.data.caching.enabled = true (custom)
2022-10-16 13:17:43,203 [pool-1494-thread-1] INFO  segmented.SegmentedRaftLogWorker (SegmentedRaftLogWorker.java:lambda$new$0(135)) - 1179af15-4609-4d4b-98e3-495c08234a27@group-7175B0485742-SegmentedRaftLogWorker: flushIndex: setUnconditionally 0 -> -1
2022-10-16 13:17:43,203 [pool-1494-thread-1] INFO  segmented.SegmentedRaftLogWorker (SegmentedRaftLogWorker.java:lambda$new$0(135)) - 1179af15-4609-4d4b-98e3-495c08234a27@group-7175B0485742-SegmentedRaftLogWorker: safeCacheEvictIndex: setUnconditionally 0 -> -1
2022-10-16 13:17:43,203 [pool-1494-thread-1] INFO  server.RaftServerConfigKeys (ConfUtils.java:logGet(46)) - raft.server.snapshot.auto.trigger.enabled = true (custom)
2022-10-16 13:17:43,203 [pool-1494-thread-1] INFO  server.RaftServerConfigKeys (ConfUtils.java:logGet(46)) - raft.server.snapshot.auto.trigger.threshold = 10000 (custom)
2022-10-16 13:17:43,203 [pool-1494-thread-1] INFO  server.RaftServerConfigKeys (ConfUtils.java:logGet(46)) - raft.server.snapshot.retention.file.num = 5 (custom)
2022-10-16 13:17:43,203 [pool-1494-thread-1] INFO  server.RaftServerConfigKeys (ConfUtils.java:logGet(46)) - raft.server.log.purge.upto.snapshot.index = false (default)
2022-10-16 13:17:43,203 [pool-1494-thread-1] INFO  server.RaftServerConfigKeys (ConfUtils.java:logGet(46)) - raft.server.retrycache.expirytime = 600000ms (custom)
2022-10-16 13:17:43,203 [pool-1494-thread-1] INFO  server.RaftServerConfigKeys (ConfUtils.java:logGet(46)) - raft.server.retrycache.statistics.expirytime = 100μs (default)
2022-10-16 13:17:43,205 [pool-1494-thread-1] INFO  server.RaftServerConfigKeys (ConfUtils.java:logGet(46)) - raft.server.log.appender.install.snapshot.enabled = false (custom)
2022-10-16 13:17:43,205 [pool-1494-thread-1] INFO  server.RaftServerConfigKeys (ConfUtils.java:logGet(46)) - raft.server.threadpool.server.cached = true (default)
2022-10-16 13:17:43,205 [pool-1494-thread-1] INFO  server.RaftServerConfigKeys (ConfUtils.java:logGet(46)) - raft.server.threadpool.server.size = 0 (default)
2022-10-16 13:17:43,205 [pool-1494-thread-1] INFO  server.RaftServerConfigKeys (ConfUtils.java:logGet(46)) - raft.server.threadpool.client.cached = true (default)
2022-10-16 13:17:43,205 [pool-1494-thread-1] INFO  server.RaftServerConfigKeys (ConfUtils.java:logGet(46)) - raft.server.threadpool.client.size = 0 (default)
2022-10-16 13:17:43,205 [pool-1494-thread-1] INFO  server.RaftServer$Division (RaftServerImpl.java:start(310)) - 1179af15-4609-4d4b-98e3-495c08234a27@group-7175B0485742: start as a follower, conf=-1: [1179af15-4609-4d4b-98e3-495c08234a27|rpc:10.1.0.60:44685|priority:1], old=null
2022-10-16 13:17:43,205 [pool-1494-thread-1] INFO  server.RaftServer$Division (RaftServerImpl.java:setRole(299)) - 1179af15-4609-4d4b-98e3-495c08234a27@group-7175B0485742: changes role from      null to FOLLOWER at term 0 for startAsFollower
2022-10-16 13:17:43,205 [pool-1494-thread-1] INFO  impl.RoleInfo (RoleInfo.java:updateAndGet(139)) - 1179af15-4609-4d4b-98e3-495c08234a27: start 1179af15-4609-4d4b-98e3-495c08234a27@group-7175B0485742-FollowerState
2022-10-16 13:17:43,205 [pool-1494-thread-1] INFO  util.JmxRegister (JmxRegister.java:tryRegister(44)) - Successfully registered JMX Bean with object name Ratis:service=RaftServer,group=group-7175B0485742,id=1179af15-4609-4d4b-98e3-495c08234a27
2022-10-16 13:17:43,206 [Command processor thread] INFO  ratis.XceiverServerRatis (XceiverServerRatis.java:addGroup(765)) - Created group PipelineID=0fe8220d-cbf8-4177-b192-7175b0485742
2022-10-16 13:17:43,206 [Command processor thread] INFO  commandhandler.CreatePipelineCommandHandler (CreatePipelineCommandHandler.java:handle(113)) - Created Pipeline RATIS ONE PipelineID=0fe8220d-cbf8-4177-b192-7175b0485742.
2022-10-16 13:17:43,349 [ReplicationMonitor] INFO  replication.ReplicationManager (ReplicationManager.java:processAll(291)) - Replication Manager is not ready to run until 3000ms after safemode exit
2022-10-16 13:17:43,461 [Command processor thread] INFO  server.RaftServer (RaftServerProxy.java:addNew(96)) - befeb720-d9c7-49fd-9455-125fe4c6d349: addNew group-F95F2A0A4FFB:[befeb720-d9c7-49fd-9455-125fe4c6d349|rpc:10.1.0.60:43785|priority:1] returns group-F95F2A0A4FFB:java.util.concurrent.CompletableFuture@2e1a53b[Not completed]
2022-10-16 13:17:43,462 [pool-1517-thread-1] INFO  server.RaftServer$Division (RaftServerImpl.java:<init>(190)) - befeb720-d9c7-49fd-9455-125fe4c6d349: new RaftServerImpl for group-F95F2A0A4FFB:[befeb720-d9c7-49fd-9455-125fe4c6d349|rpc:10.1.0.60:43785|priority:1] with ContainerStateMachine:uninitialized
2022-10-16 13:17:43,462 [pool-1517-thread-1] INFO  server.RaftServerConfigKeys (ConfUtils.java:logGet(46)) - raft.server.rpc.timeout.min = 5s (custom)
2022-10-16 13:17:43,462 [pool-1517-thread-1] INFO  server.RaftServerConfigKeys (ConfUtils.java:logGet(46)) - raft.server.rpc.timeout.max = 5200ms (custom)
2022-10-16 13:17:43,462 [pool-1517-thread-1] INFO  server.RaftServerConfigKeys (ConfUtils.java:logGet(46)) - raft.server.rpc.sleep.time = 25ms (default)
2022-10-16 13:17:43,462 [pool-1517-thread-1] INFO  server.RaftServerConfigKeys (ConfUtils.java:logGet(46)) - raft.server.rpc.slowness.timeout = 300s (custom)
2022-10-16 13:17:43,462 [pool-1517-thread-1] INFO  server.RaftServerConfigKeys (ConfUtils.java:logGet(46)) - raft.server.leaderelection.leader.step-down.wait-time = 10s (default)
2022-10-16 13:17:43,462 [pool-1517-thread-1] INFO  server.RaftServerConfigKeys (ConfUtils.java:logGet(46)) - raft.server.sleep.deviation.threshold = 300ms (default)
2022-10-16 13:17:43,462 [pool-1517-thread-1] INFO  server.RaftServer$Division (ServerState.java:<init>(107)) - befeb720-d9c7-49fd-9455-125fe4c6d349@group-F95F2A0A4FFB: ConfigurationManager, init=-1: [befeb720-d9c7-49fd-9455-125fe4c6d349|rpc:10.1.0.60:43785|priority:1], old=null, confs=<EMPTY_MAP>
2022-10-16 13:17:43,462 [pool-1517-thread-1] INFO  server.RaftServerConfigKeys (ConfUtils.java:logGet(46)) - raft.server.storage.dir = [/home/runner/work/ozone/ozone/hadoop-ozone/integration-test/target/test-dir/MiniOzoneClusterImpl-4f724465-3e6c-4465-87e8-0372c8c9e6dc/datanode-4/data/ratis] (custom)
2022-10-16 13:17:43,463 [pool-1517-thread-1] INFO  server.RaftServerConfigKeys (ConfUtils.java:logGet(46)) - raft.server.log.corruption.policy = EXCEPTION (default)
2022-10-16 13:17:43,463 [pool-1517-thread-1] INFO  server.RaftServerConfigKeys (ConfUtils.java:logGet(46)) - raft.server.storage.free-space.min = 0MB (=0) (default)
2022-10-16 13:17:43,463 [pool-1517-thread-1] INFO  storage.RaftStorageDirectory (RaftStorageDirectoryImpl.java:analyzeStorage(135)) - The storage directory /home/runner/work/ozone/ozone/hadoop-ozone/integration-test/target/test-dir/MiniOzoneClusterImpl-4f724465-3e6c-4465-87e8-0372c8c9e6dc/datanode-4/data/ratis/caeb12d3-7fb2-4cec-a2a1-f95f2a0a4ffb does not exist. Creating ...
2022-10-16 13:17:43,464 [Listener at 127.0.0.1/40605] INFO  ozone.MiniOzoneClusterImpl (MiniOzoneClusterImpl.java:lambda$waitForClusterToBeReady$0(216)) - Nodes are ready. Got 5 of 5 DN Heartbeats.
2022-10-16 13:17:43,464 [Listener at 127.0.0.1/40605] INFO  ozone.MiniOzoneClusterImpl (MiniOzoneClusterImpl.java:lambda$waitForClusterToBeReady$0(219)) - Waiting for cluster to exit safe mode
2022-10-16 13:17:43,464 [Listener at 127.0.0.1/40605] INFO  ozone.MiniOzoneClusterImpl (MiniOzoneClusterImpl.java:lambda$waitForClusterToBeReady$0(221)) - SCM became leader
2022-10-16 13:17:43,466 [pool-1517-thread-1] INFO  storage.RaftStorageDirectory (RaftStorageDirectoryImpl.java:tryLock(230)) - Lock on /home/runner/work/ozone/ozone/hadoop-ozone/integration-test/target/test-dir/MiniOzoneClusterImpl-4f724465-3e6c-4465-87e8-0372c8c9e6dc/datanode-4/data/ratis/caeb12d3-7fb2-4cec-a2a1-f95f2a0a4ffb/in_use.lock acquired by nodename 44550@fv-az308-250
2022-10-16 13:17:43,472 [pool-1517-thread-1] INFO  storage.RaftStorage (RaftStorageImpl.java:format(89)) - Storage directory /home/runner/work/ozone/ozone/hadoop-ozone/integration-test/target/test-dir/MiniOzoneClusterImpl-4f724465-3e6c-4465-87e8-0372c8c9e6dc/datanode-4/data/ratis/caeb12d3-7fb2-4cec-a2a1-f95f2a0a4ffb has been successfully formatted.
2022-10-16 13:17:43,473 [pool-1517-thread-1] INFO  ratis.ContainerStateMachine (ContainerStateMachine.java:loadSnapshot(236)) - group-F95F2A0A4FFB: The snapshot info is null. Setting the last applied indexto:(t:0, i:~)
2022-10-16 13:17:43,473 [pool-1517-thread-1] INFO  server.RaftServerConfigKeys (ConfUtils.java:logGet(46)) - raft.server.notification.no-leader.timeout = 300s (custom)
2022-10-16 13:17:43,473 [pool-1517-thread-1] INFO  server.RaftServerConfigKeys (ConfUtils.java:logGet(46)) - raft.server.log.use.memory = false (default)
2022-10-16 13:17:43,473 [pool-1517-thread-1] INFO  server.RaftServerConfigKeys (ConfUtils.java:logGet(46)) - raft.server.log.purge.gap = 1000000 (custom)
2022-10-16 13:17:43,473 [pool-1517-thread-1] INFO  server.RaftServerConfigKeys (ConfUtils.java:logGet(46)) - raft.server.log.appender.buffer.byte-limit = 33554432 (custom)
2022-10-16 13:17:43,473 [pool-1517-thread-1] INFO  server.RaftServerConfigKeys (ConfUtils.java:logGet(46)) - raft.server.log.statemachine.data.read.timeout = 1000ms (default)
2022-10-16 13:17:43,474 [EventQueue-PipelineReportForPipelineReportHandler] INFO  pipeline.PipelineManagerImpl (PipelineManagerImpl.java:openPipeline(367)) - Pipeline Pipeline[ Id: caeb12d3-7fb2-4cec-a2a1-f95f2a0a4ffb, Nodes: befeb720-d9c7-49fd-9455-125fe4c6d349{ip: 10.1.0.60, host: fv-az308-250.etcbaq1qs54eplwmrjlabigyle.cx.internal.cloudapp.net, ports: [REPLICATION=39889, RATIS=43785, RATIS_ADMIN=43785, RATIS_SERVER=43785, STANDALONE=34325], networkLocation: /default-rack, certSerialId: null, persistedOpState: IN_SERVICE, persistedOpStateExpiryEpochSec: 0}, ReplicationConfig: RATIS/ONE, State:ALLOCATED, leaderId:befeb720-d9c7-49fd-9455-125fe4c6d349, CreationTimestamp2022-10-16T13:17:40.461Z[Etc/UTC]] moved to OPEN state
2022-10-16 13:17:43,474 [pool-1517-thread-1] INFO  server.RaftServerConfigKeys (ConfUtils.java:logGet(46)) - raft.server.log.segment.size.max = 1048576 (custom)
2022-10-16 13:17:43,474 [EventQueue-OpenPipelineForHealthyPipelineSafeModeRule] INFO  safemode.SCMSafeModeManager (HealthyPipelineSafeModeRule.java:process(137)) - SCM in safe mode. Healthy pipelines reported count is 0, required healthy pipeline reported count is 1
2022-10-16 13:17:43,475 [pool-1517-thread-1] INFO  server.RaftServerConfigKeys (ConfUtils.java:logGet(46)) - raft.server.log.segment.cache.num.max = 2 (custom)
2022-10-16 13:17:43,475 [pool-1517-thread-1] INFO  server.RaftServerConfigKeys (ConfUtils.java:logGet(46)) - raft.server.log.segment.cache.size.max = 200MB (=209715200) (default)
2022-10-16 13:17:43,475 [pool-1517-thread-1] INFO  segmented.SegmentedRaftLogWorker (SegmentedRaftLogWorker.java:<init>(187)) - new befeb720-d9c7-49fd-9455-125fe4c6d349@group-F95F2A0A4FFB-SegmentedRaftLogWorker for RaftStorageImpl:Storage Directory /home/runner/work/ozone/ozone/hadoop-ozone/integration-test/target/test-dir/MiniOzoneClusterImpl-4f724465-3e6c-4465-87e8-0372c8c9e6dc/datanode-4/data/ratis/caeb12d3-7fb2-4cec-a2a1-f95f2a0a4ffb
2022-10-16 13:17:43,475 [pool-1517-thread-1] INFO  server.RaftServerConfigKeys (ConfUtils.java:logGet(46)) - raft.server.log.queue.byte-limit = 4294967296 (custom)
2022-10-16 13:17:43,475 [pool-1517-thread-1] INFO  server.RaftServerConfigKeys (ConfUtils.java:logGet(46)) - raft.server.log.queue.element-limit = 1024 (custom)
2022-10-16 13:17:43,475 [pool-1517-thread-1] INFO  server.RaftServerConfigKeys (ConfUtils.java:logGet(46)) - raft.server.log.segment.size.max = 1048576 (custom)
2022-10-16 13:17:43,475 [pool-1517-thread-1] INFO  server.RaftServerConfigKeys (ConfUtils.java:logGet(46)) - raft.server.log.preallocated.size = 16384 (custom)
2022-10-16 13:17:43,475 [pool-1517-thread-1] INFO  server.RaftServerConfigKeys (ConfUtils.java:logGet(46)) - raft.server.log.force.sync.num = 128 (default)
2022-10-16 13:17:43,475 [pool-1517-thread-1] INFO  server.RaftServerConfigKeys (ConfUtils.java:logGet(46)) - raft.server.log.statemachine.data.sync = true (default)
2022-10-16 13:17:43,475 [pool-1517-thread-1] INFO  server.RaftServerConfigKeys (ConfUtils.java:logGet(46)) - raft.server.log.statemachine.data.sync.timeout = 10s (default)
2022-10-16 13:17:43,475 [pool-1517-thread-1] INFO  server.RaftServerConfigKeys (ConfUtils.java:logGet(46)) - raft.server.log.statemachine.data.sync.timeout.retry = -1 (default)
2022-10-16 13:17:43,476 [pool-1517-thread-1] INFO  server.RaftServerConfigKeys (ConfUtils.java:logGet(46)) - raft.server.log.write.buffer.size = 1048576 (custom)
2022-10-16 13:17:43,477 [pool-1517-thread-1] INFO  server.RaftServerConfigKeys (ConfUtils.java:logGet(46)) - raft.server.log.unsafe-flush.enabled = false (default)
2022-10-16 13:17:43,477 [pool-1517-thread-1] INFO  server.RaftServerConfigKeys (ConfUtils.java:logGet(46)) - raft.server.log.statemachine.data.caching.enabled = true (custom)
2022-10-16 13:17:43,477 [pool-1517-thread-1] INFO  segmented.SegmentedRaftLogWorker (SegmentedRaftLogWorker.java:lambda$new$0(135)) - befeb720-d9c7-49fd-9455-125fe4c6d349@group-F95F2A0A4FFB-SegmentedRaftLogWorker: flushIndex: setUnconditionally 0 -> -1
2022-10-16 13:17:43,477 [pool-1517-thread-1] INFO  segmented.SegmentedRaftLogWorker (SegmentedRaftLogWorker.java:lambda$new$0(135)) - befeb720-d9c7-49fd-9455-125fe4c6d349@group-F95F2A0A4FFB-SegmentedRaftLogWorker: safeCacheEvictIndex: setUnconditionally 0 -> -1
2022-10-16 13:17:43,477 [pool-1517-thread-1] INFO  server.RaftServerConfigKeys (ConfUtils.java:logGet(46)) - raft.server.snapshot.auto.trigger.enabled = true (custom)
2022-10-16 13:17:43,477 [pool-1517-thread-1] INFO  server.RaftServerConfigKeys (ConfUtils.java:logGet(46)) - raft.server.snapshot.auto.trigger.threshold = 10000 (custom)
2022-10-16 13:17:43,477 [pool-1517-thread-1] INFO  server.RaftServerConfigKeys (ConfUtils.java:logGet(46)) - raft.server.snapshot.retention.file.num = 5 (custom)
2022-10-16 13:17:43,477 [pool-1517-thread-1] INFO  server.RaftServerConfigKeys (ConfUtils.java:logGet(46)) - raft.server.log.purge.upto.snapshot.index = false (default)
2022-10-16 13:17:43,477 [pool-1517-thread-1] INFO  server.RaftServerConfigKeys (ConfUtils.java:logGet(46)) - raft.server.retrycache.expirytime = 600000ms (custom)
2022-10-16 13:17:43,477 [pool-1517-thread-1] INFO  server.RaftServerConfigKeys (ConfUtils.java:logGet(46)) - raft.server.retrycache.statistics.expirytime = 100μs (default)
2022-10-16 13:17:43,479 [pool-1517-thread-1] INFO  server.RaftServerConfigKeys (ConfUtils.java:logGet(46)) - raft.server.log.appender.install.snapshot.enabled = false (custom)
2022-10-16 13:17:43,479 [pool-1517-thread-1] INFO  server.RaftServerConfigKeys (ConfUtils.java:logGet(46)) - raft.server.threadpool.server.cached = true (default)
2022-10-16 13:17:43,479 [pool-1517-thread-1] INFO  server.RaftServerConfigKeys (ConfUtils.java:logGet(46)) - raft.server.threadpool.server.size = 0 (default)
2022-10-16 13:17:43,479 [pool-1517-thread-1] INFO  server.RaftServerConfigKeys (ConfUtils.java:logGet(46)) - raft.server.threadpool.client.cached = true (default)
2022-10-16 13:17:43,479 [pool-1517-thread-1] INFO  server.RaftServerConfigKeys (ConfUtils.java:logGet(46)) - raft.server.threadpool.client.size = 0 (default)
2022-10-16 13:17:43,480 [pool-1517-thread-1] INFO  server.RaftServer$Division (RaftServerImpl.java:start(310)) - befeb720-d9c7-49fd-9455-125fe4c6d349@group-F95F2A0A4FFB: start as a follower, conf=-1: [befeb720-d9c7-49fd-9455-125fe4c6d349|rpc:10.1.0.60:43785|priority:1], old=null
2022-10-16 13:17:43,480 [pool-1517-thread-1] INFO  server.RaftServer$Division (RaftServerImpl.java:setRole(299)) - befeb720-d9c7-49fd-9455-125fe4c6d349@group-F95F2A0A4FFB: changes role from      null to FOLLOWER at term 0 for startAsFollower
2022-10-16 13:17:43,481 [pool-1517-thread-1] INFO  impl.RoleInfo (RoleInfo.java:updateAndGet(139)) - befeb720-d9c7-49fd-9455-125fe4c6d349: start befeb720-d9c7-49fd-9455-125fe4c6d349@group-F95F2A0A4FFB-FollowerState
2022-10-16 13:17:43,482 [pool-1517-thread-1] INFO  util.JmxRegister (JmxRegister.java:tryRegister(44)) - Successfully registered JMX Bean with object name Ratis:service=RaftServer,group=group-F95F2A0A4FFB,id=befeb720-d9c7-49fd-9455-125fe4c6d349
2022-10-16 13:17:43,482 [Command processor thread] INFO  ratis.XceiverServerRatis (XceiverServerRatis.java:addGroup(765)) - Created group PipelineID=caeb12d3-7fb2-4cec-a2a1-f95f2a0a4ffb
2022-10-16 13:17:43,482 [Command processor thread] INFO  commandhandler.CreatePipelineCommandHandler (CreatePipelineCommandHandler.java:handle(113)) - Created Pipeline RATIS ONE PipelineID=caeb12d3-7fb2-4cec-a2a1-f95f2a0a4ffb.
2022-10-16 13:17:44,165 [ReplicationMonitor] INFO  replication.ReplicationManager (ReplicationManager.java:processAll(324)) - Replication Monitor Thread took 1 milliseconds for processing 7 containers.
2022-10-16 13:17:44,349 [ReplicationMonitor] INFO  replication.ReplicationManager (ReplicationManager.java:processAll(291)) - Replication Manager is not ready to run until 3000ms after safemode exit
2022-10-16 13:17:44,464 [Listener at 127.0.0.1/40605] INFO  ozone.MiniOzoneClusterImpl (MiniOzoneClusterImpl.java:lambda$waitForClusterToBeReady$0(216)) - Nodes are ready. Got 5 of 5 DN Heartbeats.
2022-10-16 13:17:44,464 [Listener at 127.0.0.1/40605] INFO  ozone.MiniOzoneClusterImpl (MiniOzoneClusterImpl.java:lambda$waitForClusterToBeReady$0(219)) - Waiting for cluster to exit safe mode
2022-10-16 13:17:44,464 [Listener at 127.0.0.1/40605] INFO  ozone.MiniOzoneClusterImpl (MiniOzoneClusterImpl.java:lambda$waitForClusterToBeReady$0(221)) - SCM became leader
2022-10-16 13:17:45,166 [ReplicationMonitor] INFO  replication.ReplicationManager (ReplicationManager.java:processAll(324)) - Replication Monitor Thread took 0 milliseconds for processing 7 containers.
2022-10-16 13:17:45,349 [ReplicationMonitor] INFO  replication.ReplicationManager (ReplicationManager.java:processAll(291)) - Replication Manager is not ready to run until 3000ms after safemode exit
2022-10-16 13:17:45,464 [Listener at 127.0.0.1/40605] INFO  ozone.MiniOzoneClusterImpl (MiniOzoneClusterImpl.java:lambda$waitForClusterToBeReady$0(216)) - Nodes are ready. Got 5 of 5 DN Heartbeats.
2022-10-16 13:17:45,464 [Listener at 127.0.0.1/40605] INFO  ozone.MiniOzoneClusterImpl (MiniOzoneClusterImpl.java:lambda$waitForClusterToBeReady$0(219)) - Waiting for cluster to exit safe mode
2022-10-16 13:17:45,465 [Listener at 127.0.0.1/40605] INFO  ozone.MiniOzoneClusterImpl (MiniOzoneClusterImpl.java:lambda$waitForClusterToBeReady$0(221)) - SCM became leader
2022-10-16 13:17:46,166 [ReplicationMonitor] INFO  replication.ReplicationManager (ReplicationManager.java:processAll(324)) - Replication Monitor Thread took 0 milliseconds for processing 7 containers.
2022-10-16 13:17:46,349 [ReplicationMonitor] INFO  replication.ReplicationManager (ReplicationManager.java:processAll(291)) - Replication Manager is not ready to run until 3000ms after safemode exit
2022-10-16 13:17:46,465 [Listener at 127.0.0.1/40605] INFO  ozone.MiniOzoneClusterImpl (MiniOzoneClusterImpl.java:lambda$waitForClusterToBeReady$0(216)) - Nodes are ready. Got 5 of 5 DN Heartbeats.
2022-10-16 13:17:46,465 [Listener at 127.0.0.1/40605] INFO  ozone.MiniOzoneClusterImpl (MiniOzoneClusterImpl.java:lambda$waitForClusterToBeReady$0(219)) - Waiting for cluster to exit safe mode
2022-10-16 13:17:46,465 [Listener at 127.0.0.1/40605] INFO  ozone.MiniOzoneClusterImpl (MiniOzoneClusterImpl.java:lambda$waitForClusterToBeReady$0(221)) - SCM became leader
2022-10-16 13:17:47,167 [ReplicationMonitor] INFO  replication.ReplicationManager (ReplicationManager.java:processAll(324)) - Replication Monitor Thread took 0 milliseconds for processing 7 containers.
2022-10-16 13:17:47,350 [ReplicationMonitor] INFO  replication.ReplicationManager (ReplicationManager.java:processAll(291)) - Replication Manager is not ready to run until 3000ms after safemode exit
2022-10-16 13:17:47,439 [cc42eaea-95b8-4e06-8ab8-c6a666088562@group-758BF45CA48F-FollowerState] INFO  impl.FollowerState (FollowerState.java:run(143)) - cc42eaea-95b8-4e06-8ab8-c6a666088562@group-758BF45CA48F-FollowerState: change to CANDIDATE, lastRpcElapsedTime:5073444878ns, electionTimeout:5073ms
2022-10-16 13:17:47,440 [cc42eaea-95b8-4e06-8ab8-c6a666088562@group-758BF45CA48F-FollowerState] INFO  impl.RoleInfo (RoleInfo.java:shutdownFollowerState(110)) - cc42eaea-95b8-4e06-8ab8-c6a666088562: shutdown cc42eaea-95b8-4e06-8ab8-c6a666088562@group-758BF45CA48F-FollowerState
2022-10-16 13:17:47,440 [cc42eaea-95b8-4e06-8ab8-c6a666088562@group-758BF45CA48F-FollowerState] INFO  server.RaftServer$Division (RaftServerImpl.java:setRole(299)) - cc42eaea-95b8-4e06-8ab8-c6a666088562@group-758BF45CA48F: changes role from  FOLLOWER to CANDIDATE at term 0 for changeToCandidate
2022-10-16 13:17:47,440 [cc42eaea-95b8-4e06-8ab8-c6a666088562@group-758BF45CA48F-FollowerState] INFO  server.RaftServerConfigKeys (ConfUtils.java:logGet(46)) - raft.server.leaderelection.pre-vote = false (custom)
2022-10-16 13:17:47,440 [cc42eaea-95b8-4e06-8ab8-c6a666088562@group-758BF45CA48F-FollowerState] INFO  impl.RoleInfo (RoleInfo.java:updateAndGet(139)) - cc42eaea-95b8-4e06-8ab8-c6a666088562: start cc42eaea-95b8-4e06-8ab8-c6a666088562@group-758BF45CA48F-LeaderElection46
2022-10-16 13:17:47,449 [cc42eaea-95b8-4e06-8ab8-c6a666088562@group-758BF45CA48F-LeaderElection46] INFO  impl.LeaderElection (LeaderElection.java:askForVotes(310)) - cc42eaea-95b8-4e06-8ab8-c6a666088562@group-758BF45CA48F-LeaderElection46 ELECTION round 0: submit vote requests at term 1 for -1: [798bd20d-f8fb-4a71-ae86-73308eed48c7|rpc:10.1.0.60:37043|dataStream:|priority:1, 3b0c5cea-2642-4356-a139-2ab59a1b08fa|rpc:10.1.0.60:45225|dataStream:|priority:0, cc42eaea-95b8-4e06-8ab8-c6a666088562|rpc:10.1.0.60:40923|dataStream:|priority:0], old=null
2022-10-16 13:17:47,451 [798bd20d-f8fb-4a71-ae86-73308eed48c7@group-758BF45CA48F-FollowerState] INFO  impl.FollowerState (FollowerState.java:run(143)) - 798bd20d-f8fb-4a71-ae86-73308eed48c7@group-758BF45CA48F-FollowerState: change to CANDIDATE, lastRpcElapsedTime:5113386110ns, electionTimeout:5111ms
2022-10-16 13:17:47,452 [798bd20d-f8fb-4a71-ae86-73308eed48c7@group-758BF45CA48F-FollowerState] INFO  impl.RoleInfo (RoleInfo.java:shutdownFollowerState(110)) - 798bd20d-f8fb-4a71-ae86-73308eed48c7: shutdown 798bd20d-f8fb-4a71-ae86-73308eed48c7@group-758BF45CA48F-FollowerState
2022-10-16 13:17:47,452 [798bd20d-f8fb-4a71-ae86-73308eed48c7@group-758BF45CA48F-FollowerState] INFO  server.RaftServer$Division (RaftServerImpl.java:setRole(299)) - 798bd20d-f8fb-4a71-ae86-73308eed48c7@group-758BF45CA48F: changes role from  FOLLOWER to CANDIDATE at term 0 for changeToCandidate
2022-10-16 13:17:47,452 [798bd20d-f8fb-4a71-ae86-73308eed48c7@group-758BF45CA48F-FollowerState] INFO  server.RaftServerConfigKeys (ConfUtils.java:logGet(46)) - raft.server.leaderelection.pre-vote = false (custom)
2022-10-16 13:17:47,452 [798bd20d-f8fb-4a71-ae86-73308eed48c7@group-758BF45CA48F-FollowerState] INFO  impl.RoleInfo (RoleInfo.java:updateAndGet(139)) - 798bd20d-f8fb-4a71-ae86-73308eed48c7: start 798bd20d-f8fb-4a71-ae86-73308eed48c7@group-758BF45CA48F-LeaderElection47
2022-10-16 13:17:47,457 [grpc-default-executor-8] INFO  server.RaftServer$Division (RaftServerImpl.java:requestVote(1152)) - 3b0c5cea-2642-4356-a139-2ab59a1b08fa@group-758BF45CA48F: receive requestVote(ELECTION, cc42eaea-95b8-4e06-8ab8-c6a666088562, group-758BF45CA48F, 1, (t:0, i:0))
2022-10-16 13:17:47,457 [grpc-default-executor-8] INFO  impl.VoteContext (VoteContext.java:log(48)) - 3b0c5cea-2642-4356-a139-2ab59a1b08fa@group-758BF45CA48F-FOLLOWER: accept ELECTION from cc42eaea-95b8-4e06-8ab8-c6a666088562: our priority 0 <= candidate's priority 0
2022-10-16 13:17:47,457 [grpc-default-executor-8] INFO  server.RaftServer$Division (RaftServerImpl.java:setRole(299)) - 3b0c5cea-2642-4356-a139-2ab59a1b08fa@group-758BF45CA48F: changes role from  FOLLOWER to FOLLOWER at term 1 for candidate:cc42eaea-95b8-4e06-8ab8-c6a666088562
2022-10-16 13:17:47,457 [grpc-default-executor-8] INFO  impl.RoleInfo (RoleInfo.java:shutdownFollowerState(110)) - 3b0c5cea-2642-4356-a139-2ab59a1b08fa: shutdown 3b0c5cea-2642-4356-a139-2ab59a1b08fa@group-758BF45CA48F-FollowerState
2022-10-16 13:17:47,457 [grpc-default-executor-8] INFO  impl.RoleInfo (RoleInfo.java:updateAndGet(139)) - 3b0c5cea-2642-4356-a139-2ab59a1b08fa: start 3b0c5cea-2642-4356-a139-2ab59a1b08fa@group-758BF45CA48F-FollowerState
2022-10-16 13:17:47,457 [3b0c5cea-2642-4356-a139-2ab59a1b08fa@group-758BF45CA48F-FollowerState] INFO  impl.FollowerState (FollowerState.java:run(152)) - 3b0c5cea-2642-4356-a139-2ab59a1b08fa@group-758BF45CA48F-FollowerState was interrupted
2022-10-16 13:17:47,459 [798bd20d-f8fb-4a71-ae86-73308eed48c7@group-758BF45CA48F-LeaderElection47] INFO  impl.LeaderElection (LeaderElection.java:askForVotes(310)) - 798bd20d-f8fb-4a71-ae86-73308eed48c7@group-758BF45CA48F-LeaderElection47 ELECTION round 0: submit vote requests at term 1 for -1: [798bd20d-f8fb-4a71-ae86-73308eed48c7|rpc:10.1.0.60:37043|dataStream:|priority:1, 3b0c5cea-2642-4356-a139-2ab59a1b08fa|rpc:10.1.0.60:45225|dataStream:|priority:0, cc42eaea-95b8-4e06-8ab8-c6a666088562|rpc:10.1.0.60:40923|dataStream:|priority:0], old=null
2022-10-16 13:17:47,460 [grpc-default-executor-8] INFO  server.RaftServer$Division (RaftServerImpl.java:requestVote(1184)) - 3b0c5cea-2642-4356-a139-2ab59a1b08fa@group-758BF45CA48F replies to ELECTION vote request: cc42eaea-95b8-4e06-8ab8-c6a666088562<-3b0c5cea-2642-4356-a139-2ab59a1b08fa#0:OK-t1. Peer's state: 3b0c5cea-2642-4356-a139-2ab59a1b08fa@group-758BF45CA48F:t1, leader=null, voted=cc42eaea-95b8-4e06-8ab8-c6a666088562, raftlog=3b0c5cea-2642-4356-a139-2ab59a1b08fa@group-758BF45CA48F-SegmentedRaftLog:OPENED:c-1, conf=-1: [798bd20d-f8fb-4a71-ae86-73308eed48c7|rpc:10.1.0.60:37043|priority:1, 3b0c5cea-2642-4356-a139-2ab59a1b08fa|rpc:10.1.0.60:45225|priority:0, cc42eaea-95b8-4e06-8ab8-c6a666088562|rpc:10.1.0.60:40923|priority:0], old=null
2022-10-16 13:17:47,462 [grpc-default-executor-8] INFO  server.RaftServer$Division (RaftServerImpl.java:requestVote(1152)) - 3b0c5cea-2642-4356-a139-2ab59a1b08fa@group-758BF45CA48F: receive requestVote(ELECTION, 798bd20d-f8fb-4a71-ae86-73308eed48c7, group-758BF45CA48F, 1, (t:0, i:0))
2022-10-16 13:17:47,462 [grpc-default-executor-8] INFO  impl.VoteContext (VoteContext.java:log(48)) - 3b0c5cea-2642-4356-a139-2ab59a1b08fa@group-758BF45CA48F-FOLLOWER: reject ELECTION from 798bd20d-f8fb-4a71-ae86-73308eed48c7: already has voted for cc42eaea-95b8-4e06-8ab8-c6a666088562 at current term 1
2022-10-16 13:17:47,462 [grpc-default-executor-8] INFO  server.RaftServer$Division (RaftServerImpl.java:requestVote(1184)) - 3b0c5cea-2642-4356-a139-2ab59a1b08fa@group-758BF45CA48F replies to ELECTION vote request: 798bd20d-f8fb-4a71-ae86-73308eed48c7<-3b0c5cea-2642-4356-a139-2ab59a1b08fa#0:FAIL-t1. Peer's state: 3b0c5cea-2642-4356-a139-2ab59a1b08fa@group-758BF45CA48F:t1, leader=null, voted=cc42eaea-95b8-4e06-8ab8-c6a666088562, raftlog=3b0c5cea-2642-4356-a139-2ab59a1b08fa@group-758BF45CA48F-SegmentedRaftLog:OPENED:c-1, conf=-1: [798bd20d-f8fb-4a71-ae86-73308eed48c7|rpc:10.1.0.60:37043|priority:1, 3b0c5cea-2642-4356-a139-2ab59a1b08fa|rpc:10.1.0.60:45225|priority:0, cc42eaea-95b8-4e06-8ab8-c6a666088562|rpc:10.1.0.60:40923|priority:0], old=null
2022-10-16 13:17:47,468 [Listener at 127.0.0.1/40605] INFO  ozone.MiniOzoneClusterImpl (MiniOzoneClusterImpl.java:lambda$waitForClusterToBeReady$0(216)) - Nodes are ready. Got 5 of 5 DN Heartbeats.
2022-10-16 13:17:47,469 [Listener at 127.0.0.1/40605] INFO  ozone.MiniOzoneClusterImpl (MiniOzoneClusterImpl.java:lambda$waitForClusterToBeReady$0(219)) - Waiting for cluster to exit safe mode
2022-10-16 13:17:47,469 [Listener at 127.0.0.1/40605] INFO  ozone.MiniOzoneClusterImpl (MiniOzoneClusterImpl.java:lambda$waitForClusterToBeReady$0(221)) - SCM became leader
2022-10-16 13:17:47,471 [grpc-default-executor-8] INFO  server.RaftServer$Division (RaftServerImpl.java:requestVote(1152)) - cc42eaea-95b8-4e06-8ab8-c6a666088562@group-758BF45CA48F: receive requestVote(ELECTION, 798bd20d-f8fb-4a71-ae86-73308eed48c7, group-758BF45CA48F, 1, (t:0, i:0))
2022-10-16 13:17:47,471 [grpc-default-executor-8] INFO  impl.VoteContext (VoteContext.java:log(48)) - cc42eaea-95b8-4e06-8ab8-c6a666088562@group-758BF45CA48F-CANDIDATE: reject ELECTION from 798bd20d-f8fb-4a71-ae86-73308eed48c7: already has voted for cc42eaea-95b8-4e06-8ab8-c6a666088562 at current term 1
2022-10-16 13:17:47,471 [grpc-default-executor-8] INFO  server.RaftServer$Division (RaftServerImpl.java:requestVote(1184)) - cc42eaea-95b8-4e06-8ab8-c6a666088562@group-758BF45CA48F replies to ELECTION vote request: 798bd20d-f8fb-4a71-ae86-73308eed48c7<-cc42eaea-95b8-4e06-8ab8-c6a666088562#0:FAIL-t1. Peer's state: cc42eaea-95b8-4e06-8ab8-c6a666088562@group-758BF45CA48F:t1, leader=null, voted=cc42eaea-95b8-4e06-8ab8-c6a666088562, raftlog=cc42eaea-95b8-4e06-8ab8-c6a666088562@group-758BF45CA48F-SegmentedRaftLog:OPENED:c-1, conf=-1: [798bd20d-f8fb-4a71-ae86-73308eed48c7|rpc:10.1.0.60:37043|dataStream:|priority:1, 3b0c5cea-2642-4356-a139-2ab59a1b08fa|rpc:10.1.0.60:45225|dataStream:|priority:0, cc42eaea-95b8-4e06-8ab8-c6a666088562|rpc:10.1.0.60:40923|dataStream:|priority:0], old=null
2022-10-16 13:17:47,471 [798bd20d-f8fb-4a71-ae86-73308eed48c7@group-758BF45CA48F-LeaderElection47] INFO  impl.LeaderElection (LeaderElection.java:logAndReturn(90)) - 798bd20d-f8fb-4a71-ae86-73308eed48c7@group-758BF45CA48F-LeaderElection47: ELECTION REJECTED received 2 response(s) and 0 exception(s):
2022-10-16 13:17:47,472 [798bd20d-f8fb-4a71-ae86-73308eed48c7@group-758BF45CA48F-LeaderElection47] INFO  impl.LeaderElection (LeaderElection.java:logAndReturn(94)) -   Response 0: 798bd20d-f8fb-4a71-ae86-73308eed48c7<-3b0c5cea-2642-4356-a139-2ab59a1b08fa#0:FAIL-t1
2022-10-16 13:17:47,472 [798bd20d-f8fb-4a71-ae86-73308eed48c7@group-758BF45CA48F-LeaderElection47] INFO  impl.LeaderElection (LeaderElection.java:logAndReturn(94)) -   Response 1: 798bd20d-f8fb-4a71-ae86-73308eed48c7<-cc42eaea-95b8-4e06-8ab8-c6a666088562#0:FAIL-t1
2022-10-16 13:17:47,472 [798bd20d-f8fb-4a71-ae86-73308eed48c7@group-758BF45CA48F-LeaderElection47] INFO  impl.LeaderElection (LeaderElection.java:askForVotes(312)) - 798bd20d-f8fb-4a71-ae86-73308eed48c7@group-758BF45CA48F-LeaderElection47 ELECTION round 0: result REJECTED
2022-10-16 13:17:47,472 [798bd20d-f8fb-4a71-ae86-73308eed48c7@group-758BF45CA48F-LeaderElection47] INFO  server.RaftServer$Division (RaftServerImpl.java:setRole(299)) - 798bd20d-f8fb-4a71-ae86-73308eed48c7@group-758BF45CA48F: changes role from CANDIDATE to FOLLOWER at term 1 for REJECTED
2022-10-16 13:17:47,472 [798bd20d-f8fb-4a71-ae86-73308eed48c7@group-758BF45CA48F-LeaderElection47] INFO  impl.RoleInfo (RoleInfo.java:shutdownLeaderElection(130)) - 798bd20d-f8fb-4a71-ae86-73308eed48c7: shutdown 798bd20d-f8fb-4a71-ae86-73308eed48c7@group-758BF45CA48F-LeaderElection47
2022-10-16 13:17:47,472 [798bd20d-f8fb-4a71-ae86-73308eed48c7@group-758BF45CA48F-LeaderElection47] INFO  impl.RoleInfo (RoleInfo.java:updateAndGet(139)) - 798bd20d-f8fb-4a71-ae86-73308eed48c7: start 798bd20d-f8fb-4a71-ae86-73308eed48c7@group-758BF45CA48F-FollowerState
2022-10-16 13:17:47,473 [grpc-default-executor-8] INFO  server.RaftServer$Division (RaftServerImpl.java:requestVote(1152)) - 798bd20d-f8fb-4a71-ae86-73308eed48c7@group-758BF45CA48F: receive requestVote(ELECTION, cc42eaea-95b8-4e06-8ab8-c6a666088562, group-758BF45CA48F, 1, (t:0, i:0))
2022-10-16 13:17:47,473 [grpc-default-executor-8] INFO  impl.VoteContext (VoteContext.java:log(48)) - 798bd20d-f8fb-4a71-ae86-73308eed48c7@group-758BF45CA48F-FOLLOWER: reject ELECTION from cc42eaea-95b8-4e06-8ab8-c6a666088562: already has voted for 798bd20d-f8fb-4a71-ae86-73308eed48c7 at current term 1
2022-10-16 13:17:47,473 [grpc-default-executor-8] INFO  server.RaftServer$Division (RaftServerImpl.java:requestVote(1184)) - 798bd20d-f8fb-4a71-ae86-73308eed48c7@group-758BF45CA48F replies to ELECTION vote request: cc42eaea-95b8-4e06-8ab8-c6a666088562<-798bd20d-f8fb-4a71-ae86-73308eed48c7#0:FAIL-t1. Peer's state: 798bd20d-f8fb-4a71-ae86-73308eed48c7@group-758BF45CA48F:t1, leader=null, voted=798bd20d-f8fb-4a71-ae86-73308eed48c7, raftlog=798bd20d-f8fb-4a71-ae86-73308eed48c7@group-758BF45CA48F-SegmentedRaftLog:OPENED:c-1, conf=-1: [798bd20d-f8fb-4a71-ae86-73308eed48c7|rpc:10.1.0.60:37043|dataStream:|priority:1, 3b0c5cea-2642-4356-a139-2ab59a1b08fa|rpc:10.1.0.60:45225|dataStream:|priority:0, cc42eaea-95b8-4e06-8ab8-c6a666088562|rpc:10.1.0.60:40923|dataStream:|priority:0], old=null
2022-10-16 13:17:47,474 [cc42eaea-95b8-4e06-8ab8-c6a666088562@group-758BF45CA48F-LeaderElection46] INFO  impl.LeaderElection (LeaderElection.java:logAndReturn(90)) - cc42eaea-95b8-4e06-8ab8-c6a666088562@group-758BF45CA48F-LeaderElection46: ELECTION REJECTED received 2 response(s) and 0 exception(s):
2022-10-16 13:17:47,474 [cc42eaea-95b8-4e06-8ab8-c6a666088562@group-758BF45CA48F-LeaderElection46] INFO  impl.LeaderElection (LeaderElection.java:logAndReturn(94)) -   Response 0: cc42eaea-95b8-4e06-8ab8-c6a666088562<-798bd20d-f8fb-4a71-ae86-73308eed48c7#0:FAIL-t1
2022-10-16 13:17:47,474 [cc42eaea-95b8-4e06-8ab8-c6a666088562@group-758BF45CA48F-LeaderElection46] INFO  impl.LeaderElection (LeaderElection.java:logAndReturn(94)) -   Response 1: cc42eaea-95b8-4e06-8ab8-c6a666088562<-3b0c5cea-2642-4356-a139-2ab59a1b08fa#0:OK-t1
2022-10-16 13:17:47,474 [cc42eaea-95b8-4e06-8ab8-c6a666088562@group-758BF45CA48F-LeaderElection46] INFO  impl.LeaderElection (LeaderElection.java:askForVotes(312)) - cc42eaea-95b8-4e06-8ab8-c6a666088562@group-758BF45CA48F-LeaderElection46 ELECTION round 0: result REJECTED
2022-10-16 13:17:47,474 [cc42eaea-95b8-4e06-8ab8-c6a666088562@group-758BF45CA48F-LeaderElection46] INFO  server.RaftServer$Division (RaftServerImpl.java:setRole(299)) - cc42eaea-95b8-4e06-8ab8-c6a666088562@group-758BF45CA48F: changes role from CANDIDATE to FOLLOWER at term 1 for REJECTED
2022-10-16 13:17:47,474 [cc42eaea-95b8-4e06-8ab8-c6a666088562@group-758BF45CA48F-LeaderElection46] INFO  impl.RoleInfo (RoleInfo.java:shutdownLeaderElection(130)) - cc42eaea-95b8-4e06-8ab8-c6a666088562: shutdown cc42eaea-95b8-4e06-8ab8-c6a666088562@group-758BF45CA48F-LeaderElection46
2022-10-16 13:17:47,474 [cc42eaea-95b8-4e06-8ab8-c6a666088562@group-758BF45CA48F-LeaderElection46] INFO  impl.RoleInfo (RoleInfo.java:updateAndGet(139)) - cc42eaea-95b8-4e06-8ab8-c6a666088562: start cc42eaea-95b8-4e06-8ab8-c6a666088562@group-758BF45CA48F-FollowerState
2022-10-16 13:17:47,494 [3b0c5cea-2642-4356-a139-2ab59a1b08fa@group-B0D589BE929C-FollowerState] INFO  impl.FollowerState (FollowerState.java:run(143)) - 3b0c5cea-2642-4356-a139-2ab59a1b08fa@group-B0D589BE929C-FollowerState: change to CANDIDATE, lastRpcElapsedTime:5192400067ns, electionTimeout:5192ms
2022-10-16 13:17:47,494 [3b0c5cea-2642-4356-a139-2ab59a1b08fa@group-B0D589BE929C-FollowerState] INFO  impl.RoleInfo (RoleInfo.java:shutdownFollowerState(110)) - 3b0c5cea-2642-4356-a139-2ab59a1b08fa: shutdown 3b0c5cea-2642-4356-a139-2ab59a1b08fa@group-B0D589BE929C-FollowerState
2022-10-16 13:17:47,494 [3b0c5cea-2642-4356-a139-2ab59a1b08fa@group-B0D589BE929C-FollowerState] INFO  server.RaftServer$Division (RaftServerImpl.java:setRole(299)) - 3b0c5cea-2642-4356-a139-2ab59a1b08fa@group-B0D589BE929C: changes role from  FOLLOWER to CANDIDATE at term 0 for changeToCandidate
2022-10-16 13:17:47,494 [3b0c5cea-2642-4356-a139-2ab59a1b08fa@group-B0D589BE929C-FollowerState] INFO  server.RaftServerConfigKeys (ConfUtils.java:logGet(46)) - raft.server.leaderelection.pre-vote = false (custom)
2022-10-16 13:17:47,494 [3b0c5cea-2642-4356-a139-2ab59a1b08fa@group-B0D589BE929C-FollowerState] INFO  impl.RoleInfo (RoleInfo.java:updateAndGet(139)) - 3b0c5cea-2642-4356-a139-2ab59a1b08fa: start 3b0c5cea-2642-4356-a139-2ab59a1b08fa@group-B0D589BE929C-LeaderElection48
2022-10-16 13:17:47,498 [3b0c5cea-2642-4356-a139-2ab59a1b08fa@group-B0D589BE929C-LeaderElection48] INFO  impl.LeaderElection (LeaderElection.java:askForVotes(310)) - 3b0c5cea-2642-4356-a139-2ab59a1b08fa@group-B0D589BE929C-LeaderElection48 ELECTION round 0: submit vote requests at term 1 for -1: [3b0c5cea-2642-4356-a139-2ab59a1b08fa|rpc:10.1.0.60:45225|priority:1], old=null
2022-10-16 13:17:47,498 [3b0c5cea-2642-4356-a139-2ab59a1b08fa@group-B0D589BE929C-LeaderElection48] INFO  impl.LeaderElection (LeaderElection.java:askForVotes(312)) - 3b0c5cea-2642-4356-a139-2ab59a1b08fa@group-B0D589BE929C-LeaderElection48 ELECTION round 0: result PASSED (term=1)
2022-10-16 13:17:47,498 [3b0c5cea-2642-4356-a139-2ab59a1b08fa@group-B0D589BE929C-LeaderElection48] INFO  impl.RoleInfo (RoleInfo.java:shutdownLeaderElection(130)) - 3b0c5cea-2642-4356-a139-2ab59a1b08fa: shutdown 3b0c5cea-2642-4356-a139-2ab59a1b08fa@group-B0D589BE929C-LeaderElection48
2022-10-16 13:17:47,498 [3b0c5cea-2642-4356-a139-2ab59a1b08fa@group-B0D589BE929C-LeaderElection48] INFO  server.RaftServer$Division (RaftServerImpl.java:setRole(299)) - 3b0c5cea-2642-4356-a139-2ab59a1b08fa@group-B0D589BE929C: changes role from CANDIDATE to LEADER at term 1 for changeToLeader
2022-10-16 13:17:47,498 [3b0c5cea-2642-4356-a139-2ab59a1b08fa@group-B0D589BE929C-LeaderElection48] INFO  ratis.XceiverServerRatis (XceiverServerRatis.java:handleLeaderChangedNotification(863)) - Leader change notification received for group: group-B0D589BE929C with new leaderId: 3b0c5cea-2642-4356-a139-2ab59a1b08fa
2022-10-16 13:17:47,499 [3b0c5cea-2642-4356-a139-2ab59a1b08fa@group-B0D589BE929C-LeaderElection48] INFO  server.RaftServer$Division (ServerState.java:setLeader(287)) - 3b0c5cea-2642-4356-a139-2ab59a1b08fa@group-B0D589BE929C: change Leader from null to 3b0c5cea-2642-4356-a139-2ab59a1b08fa at term 1 for becomeLeader, leader elected after 5205ms
2022-10-16 13:17:47,499 [3b0c5cea-2642-4356-a139-2ab59a1b08fa@group-B0D589BE929C-LeaderElection48] INFO  server.RaftServerConfigKeys (ConfUtils.java:logGet(46)) - raft.server.staging.catchup.gap = 1000 (default)
2022-10-16 13:17:47,499 [3b0c5cea-2642-4356-a139-2ab59a1b08fa@group-B0D589BE929C-LeaderElection48] INFO  server.RaftServerConfigKeys (ConfUtils.java:logGet(46)) - raft.server.write.element-limit = 1024 (custom)
2022-10-16 13:17:47,499 [3b0c5cea-2642-4356-a139-2ab59a1b08fa@group-B0D589BE929C-LeaderElection48] INFO  server.RaftServerConfigKeys (ConfUtils.java:logGet(46)) - raft.server.write.byte-limit = 1024 M (=1073741824) (custom)
2022-10-16 13:17:47,499 [3b0c5cea-2642-4356-a139-2ab59a1b08fa@group-B0D589BE929C-LeaderElection48] INFO  server.RaftServerConfigKeys (ConfUtils.java:logGet(46)) - raft.server.watch.timeout = 180s (custom)
2022-10-16 13:17:47,499 [EventQueue-OpenPipelineForHealthyPipelineSafeModeRule] INFO  safemode.SCMSafeModeManager (HealthyPipelineSafeModeRule.java:process(137)) - SCM in safe mode. Healthy pipelines reported count is 0, required healthy pipeline reported count is 1
2022-10-16 13:17:47,499 [3b0c5cea-2642-4356-a139-2ab59a1b08fa@group-B0D589BE929C-LeaderElection48] INFO  server.RaftServerConfigKeys (ConfUtils.java:logGet(46)) - raft.server.watch.timeout.denomination = 1s (default)
2022-10-16 13:17:47,499 [3b0c5cea-2642-4356-a139-2ab59a1b08fa@group-B0D589BE929C-LeaderElection48] INFO  server.RaftServerConfigKeys (ConfUtils.java:logGet(46)) - raft.server.watch.element-limit = 65536 (default)
2022-10-16 13:17:47,500 [3b0c5cea-2642-4356-a139-2ab59a1b08fa@group-B0D589BE929C-LeaderElection48] INFO  server.RaftServerConfigKeys (ConfUtils.java:logGet(46)) - raft.server.write.element-limit = 1024 (custom)
2022-10-16 13:17:47,500 [3b0c5cea-2642-4356-a139-2ab59a1b08fa@group-B0D589BE929C-LeaderElection48] INFO  server.RaftServerConfigKeys (ConfUtils.java:logGet(46)) - raft.server.write.follower.gap.ratio.max = -1.0 (default)
2022-10-16 13:17:47,500 [3b0c5cea-2642-4356-a139-2ab59a1b08fa@group-B0D589BE929C-LeaderElection48] INFO  impl.RoleInfo (RoleInfo.java:updateAndGet(139)) - 3b0c5cea-2642-4356-a139-2ab59a1b08fa: start 3b0c5cea-2642-4356-a139-2ab59a1b08fa@group-B0D589BE929C-LeaderStateImpl
2022-10-16 13:17:47,500 [3b0c5cea-2642-4356-a139-2ab59a1b08fa@group-B0D589BE929C-LeaderElection48] INFO  segmented.SegmentedRaftLogWorker (SegmentedRaftLogWorker.java:startLogSegment(425)) - 3b0c5cea-2642-4356-a139-2ab59a1b08fa@group-B0D589BE929C-SegmentedRaftLogWorker: Starting segment from index:0
2022-10-16 13:17:47,502 [3b0c5cea-2642-4356-a139-2ab59a1b08fa@group-B0D589BE929C-LeaderElection48] INFO  server.RaftServer$Division (ServerState.java:setRaftConf(393)) - 3b0c5cea-2642-4356-a139-2ab59a1b08fa@group-B0D589BE929C: set configuration 0: [3b0c5cea-2642-4356-a139-2ab59a1b08fa|rpc:10.1.0.60:45225|dataStream:|priority:1], old=null
2022-10-16 13:17:47,503 [3b0c5cea-2642-4356-a139-2ab59a1b08fa@group-B0D589BE929C-SegmentedRaftLogWorker] INFO  segmented.SegmentedRaftLogWorker (SegmentedRaftLogWorker.java:execute(629)) - 3b0c5cea-2642-4356-a139-2ab59a1b08fa@group-B0D589BE929C-SegmentedRaftLogWorker: created new log segment /home/runner/work/ozone/ozone/hadoop-ozone/integration-test/target/test-dir/MiniOzoneClusterImpl-4f724465-3e6c-4465-87e8-0372c8c9e6dc/datanode-0/data/ratis/370d2757-bf6c-4b20-ad42-b0d589be929c/current/log_inprogress_0
2022-10-16 13:17:47,761 [cc42eaea-95b8-4e06-8ab8-c6a666088562@group-738D22E264C7-FollowerState] INFO  impl.FollowerState (FollowerState.java:run(143)) - cc42eaea-95b8-4e06-8ab8-c6a666088562@group-738D22E264C7-FollowerState: change to CANDIDATE, lastRpcElapsedTime:5138451119ns, electionTimeout:5138ms
2022-10-16 13:17:47,761 [cc42eaea-95b8-4e06-8ab8-c6a666088562@group-738D22E264C7-FollowerState] INFO  impl.RoleInfo (RoleInfo.java:shutdownFollowerState(110)) - cc42eaea-95b8-4e06-8ab8-c6a666088562: shutdown cc42eaea-95b8-4e06-8ab8-c6a666088562@group-738D22E264C7-FollowerState
2022-10-16 13:17:47,761 [cc42eaea-95b8-4e06-8ab8-c6a666088562@group-738D22E264C7-FollowerState] INFO  server.RaftServer$Division (RaftServerImpl.java:setRole(299)) - cc42eaea-95b8-4e06-8ab8-c6a666088562@group-738D22E264C7: changes role from  FOLLOWER to CANDIDATE at term 0 for changeToCandidate
2022-10-16 13:17:47,761 [cc42eaea-95b8-4e06-8ab8-c6a666088562@group-738D22E264C7-FollowerState] INFO  server.RaftServerConfigKeys (ConfUtils.java:logGet(46)) - raft.server.leaderelection.pre-vote = false (custom)
2022-10-16 13:17:47,761 [cc42eaea-95b8-4e06-8ab8-c6a666088562@group-738D22E264C7-FollowerState] INFO  impl.RoleInfo (RoleInfo.java:updateAndGet(139)) - cc42eaea-95b8-4e06-8ab8-c6a666088562: start cc42eaea-95b8-4e06-8ab8-c6a666088562@group-738D22E264C7-LeaderElection49
2022-10-16 13:17:47,769 [cc42eaea-95b8-4e06-8ab8-c6a666088562@group-738D22E264C7-LeaderElection49] INFO  impl.LeaderElection (LeaderElection.java:askForVotes(310)) - cc42eaea-95b8-4e06-8ab8-c6a666088562@group-738D22E264C7-LeaderElection49 ELECTION round 0: submit vote requests at term 1 for -1: [cc42eaea-95b8-4e06-8ab8-c6a666088562|rpc:10.1.0.60:40923|priority:1], old=null
2022-10-16 13:17:47,769 [cc42eaea-95b8-4e06-8ab8-c6a666088562@group-738D22E264C7-LeaderElection49] INFO  impl.LeaderElection (LeaderElection.java:askForVotes(312)) - cc42eaea-95b8-4e06-8ab8-c6a666088562@group-738D22E264C7-LeaderElection49 ELECTION round 0: result PASSED (term=1)
2022-10-16 13:17:47,769 [cc42eaea-95b8-4e06-8ab8-c6a666088562@group-738D22E264C7-LeaderElection49] INFO  impl.RoleInfo (RoleInfo.java:shutdownLeaderElection(130)) - cc42eaea-95b8-4e06-8ab8-c6a666088562: shutdown cc42eaea-95b8-4e06-8ab8-c6a666088562@group-738D22E264C7-LeaderElection49
2022-10-16 13:17:47,769 [cc42eaea-95b8-4e06-8ab8-c6a666088562@group-738D22E264C7-LeaderElection49] INFO  server.RaftServer$Division (RaftServerImpl.java:setRole(299)) - cc42eaea-95b8-4e06-8ab8-c6a666088562@group-738D22E264C7: changes role from CANDIDATE to LEADER at term 1 for changeToLeader
2022-10-16 13:17:47,769 [cc42eaea-95b8-4e06-8ab8-c6a666088562@group-738D22E264C7-LeaderElection49] INFO  ratis.XceiverServerRatis (XceiverServerRatis.java:handleLeaderChangedNotification(863)) - Leader change notification received for group: group-738D22E264C7 with new leaderId: cc42eaea-95b8-4e06-8ab8-c6a666088562
2022-10-16 13:17:47,769 [cc42eaea-95b8-4e06-8ab8-c6a666088562@group-738D22E264C7-LeaderElection49] INFO  server.RaftServer$Division (ServerState.java:setLeader(287)) - cc42eaea-95b8-4e06-8ab8-c6a666088562@group-738D22E264C7: change Leader from null to cc42eaea-95b8-4e06-8ab8-c6a666088562 at term 1 for becomeLeader, leader elected after 5153ms
2022-10-16 13:17:47,769 [cc42eaea-95b8-4e06-8ab8-c6a666088562@group-738D22E264C7-LeaderElection49] INFO  server.RaftServerConfigKeys (ConfUtils.java:logGet(46)) - raft.server.staging.catchup.gap = 1000 (default)
2022-10-16 13:17:47,769 [cc42eaea-95b8-4e06-8ab8-c6a666088562@group-738D22E264C7-LeaderElection49] INFO  server.RaftServerConfigKeys (ConfUtils.java:logGet(46)) - raft.server.write.element-limit = 1024 (custom)
2022-10-16 13:17:47,769 [cc42eaea-95b8-4e06-8ab8-c6a666088562@group-738D22E264C7-LeaderElection49] INFO  server.RaftServerConfigKeys (ConfUtils.java:logGet(46)) - raft.server.write.byte-limit = 1024 M (=1073741824) (custom)
2022-10-16 13:17:47,770 [cc42eaea-95b8-4e06-8ab8-c6a666088562@group-738D22E264C7-LeaderElection49] INFO  server.RaftServerConfigKeys (ConfUtils.java:logGet(46)) - raft.server.watch.timeout = 180s (custom)
2022-10-16 13:17:47,770 [cc42eaea-95b8-4e06-8ab8-c6a666088562@group-738D22E264C7-LeaderElection49] INFO  server.RaftServerConfigKeys (ConfUtils.java:logGet(46)) - raft.server.watch.timeout.denomination = 1s (default)
2022-10-16 13:17:47,770 [cc42eaea-95b8-4e06-8ab8-c6a666088562@group-738D22E264C7-LeaderElection49] INFO  server.RaftServerConfigKeys (ConfUtils.java:logGet(46)) - raft.server.watch.element-limit = 65536 (default)
2022-10-16 13:17:47,770 [cc42eaea-95b8-4e06-8ab8-c6a666088562@group-738D22E264C7-LeaderElection49] INFO  server.RaftServerConfigKeys (ConfUtils.java:logGet(46)) - raft.server.write.element-limit = 1024 (custom)
2022-10-16 13:17:47,770 [cc42eaea-95b8-4e06-8ab8-c6a666088562@group-738D22E264C7-LeaderElection49] INFO  server.RaftServerConfigKeys (ConfUtils.java:logGet(46)) - raft.server.write.follower.gap.ratio.max = -1.0 (default)
2022-10-16 13:17:47,771 [EventQueue-OpenPipelineForHealthyPipelineSafeModeRule] INFO  safemode.SCMSafeModeManager (HealthyPipelineSafeModeRule.java:process(137)) - SCM in safe mode. Healthy pipelines reported count is 0, required healthy pipeline reported count is 1
2022-10-16 13:17:47,771 [cc42eaea-95b8-4e06-8ab8-c6a666088562@group-738D22E264C7-LeaderElection49] INFO  impl.RoleInfo (RoleInfo.java:updateAndGet(139)) - cc42eaea-95b8-4e06-8ab8-c6a666088562: start cc42eaea-95b8-4e06-8ab8-c6a666088562@group-738D22E264C7-LeaderStateImpl
2022-10-16 13:17:47,771 [cc42eaea-95b8-4e06-8ab8-c6a666088562@group-738D22E264C7-LeaderElection49] INFO  segmented.SegmentedRaftLogWorker (SegmentedRaftLogWorker.java:startLogSegment(425)) - cc42eaea-95b8-4e06-8ab8-c6a666088562@group-738D22E264C7-SegmentedRaftLogWorker: Starting segment from index:0
2022-10-16 13:17:47,772 [cc42eaea-95b8-4e06-8ab8-c6a666088562@group-738D22E264C7-LeaderElection49] INFO  server.RaftServer$Division (ServerState.java:setRaftConf(393)) - cc42eaea-95b8-4e06-8ab8-c6a666088562@group-738D22E264C7: set configuration 0: [cc42eaea-95b8-4e06-8ab8-c6a666088562|rpc:10.1.0.60:40923|dataStream:|priority:1], old=null
2022-10-16 13:17:47,773 [cc42eaea-95b8-4e06-8ab8-c6a666088562@group-738D22E264C7-SegmentedRaftLogWorker] INFO  segmented.SegmentedRaftLogWorker (SegmentedRaftLogWorker.java:execute(629)) - cc42eaea-95b8-4e06-8ab8-c6a666088562@group-738D22E264C7-SegmentedRaftLogWorker: created new log segment /home/runner/work/ozone/ozone/hadoop-ozone/integration-test/target/test-dir/MiniOzoneClusterImpl-4f724465-3e6c-4465-87e8-0372c8c9e6dc/datanode-1/data/ratis/e0e4d32b-aef3-4c60-b219-738d22e264c7/current/log_inprogress_0
2022-10-16 13:17:48,018 [798bd20d-f8fb-4a71-ae86-73308eed48c7@group-FE10DEACEFB7-FollowerState] INFO  impl.FollowerState (FollowerState.java:run(143)) - 798bd20d-f8fb-4a71-ae86-73308eed48c7@group-FE10DEACEFB7-FollowerState: change to CANDIDATE, lastRpcElapsedTime:5106464853ns, electionTimeout:5106ms
2022-10-16 13:17:48,018 [798bd20d-f8fb-4a71-ae86-73308eed48c7@group-FE10DEACEFB7-FollowerState] INFO  impl.RoleInfo (RoleInfo.java:shutdownFollowerState(110)) - 798bd20d-f8fb-4a71-ae86-73308eed48c7: shutdown 798bd20d-f8fb-4a71-ae86-73308eed48c7@group-FE10DEACEFB7-FollowerState
2022-10-16 13:17:48,018 [798bd20d-f8fb-4a71-ae86-73308eed48c7@group-FE10DEACEFB7-FollowerState] INFO  server.RaftServer$Division (RaftServerImpl.java:setRole(299)) - 798bd20d-f8fb-4a71-ae86-73308eed48c7@group-FE10DEACEFB7: changes role from  FOLLOWER to CANDIDATE at term 0 for changeToCandidate
2022-10-16 13:17:48,018 [798bd20d-f8fb-4a71-ae86-73308eed48c7@group-FE10DEACEFB7-FollowerState] INFO  server.RaftServerConfigKeys (ConfUtils.java:logGet(46)) - raft.server.leaderelection.pre-vote = false (custom)
2022-10-16 13:17:48,018 [798bd20d-f8fb-4a71-ae86-73308eed48c7@group-FE10DEACEFB7-FollowerState] INFO  impl.RoleInfo (RoleInfo.java:updateAndGet(139)) - 798bd20d-f8fb-4a71-ae86-73308eed48c7: start 798bd20d-f8fb-4a71-ae86-73308eed48c7@group-FE10DEACEFB7-LeaderElection50
2022-10-16 13:17:48,022 [798bd20d-f8fb-4a71-ae86-73308eed48c7@group-FE10DEACEFB7-LeaderElection50] INFO  impl.LeaderElection (LeaderElection.java:askForVotes(310)) - 798bd20d-f8fb-4a71-ae86-73308eed48c7@group-FE10DEACEFB7-LeaderElection50 ELECTION round 0: submit vote requests at term 1 for -1: [798bd20d-f8fb-4a71-ae86-73308eed48c7|rpc:10.1.0.60:37043|priority:1], old=null
2022-10-16 13:17:48,022 [798bd20d-f8fb-4a71-ae86-73308eed48c7@group-FE10DEACEFB7-LeaderElection50] INFO  impl.LeaderElection (LeaderElection.java:askForVotes(312)) - 798bd20d-f8fb-4a71-ae86-73308eed48c7@group-FE10DEACEFB7-LeaderElection50 ELECTION round 0: result PASSED (term=1)
2022-10-16 13:17:48,022 [798bd20d-f8fb-4a71-ae86-73308eed48c7@group-FE10DEACEFB7-LeaderElection50] INFO  impl.RoleInfo (RoleInfo.java:shutdownLeaderElection(130)) - 798bd20d-f8fb-4a71-ae86-73308eed48c7: shutdown 798bd20d-f8fb-4a71-ae86-73308eed48c7@group-FE10DEACEFB7-LeaderElection50
2022-10-16 13:17:48,022 [798bd20d-f8fb-4a71-ae86-73308eed48c7@group-FE10DEACEFB7-LeaderElection50] INFO  server.RaftServer$Division (RaftServerImpl.java:setRole(299)) - 798bd20d-f8fb-4a71-ae86-73308eed48c7@group-FE10DEACEFB7: changes role from CANDIDATE to LEADER at term 1 for changeToLeader
2022-10-16 13:17:48,022 [798bd20d-f8fb-4a71-ae86-73308eed48c7@group-FE10DEACEFB7-LeaderElection50] INFO  ratis.XceiverServerRatis (XceiverServerRatis.java:handleLeaderChangedNotification(863)) - Leader change notification received for group: group-FE10DEACEFB7 with new leaderId: 798bd20d-f8fb-4a71-ae86-73308eed48c7
2022-10-16 13:17:48,023 [798bd20d-f8fb-4a71-ae86-73308eed48c7@group-FE10DEACEFB7-LeaderElection50] INFO  server.RaftServer$Division (ServerState.java:setLeader(287)) - 798bd20d-f8fb-4a71-ae86-73308eed48c7@group-FE10DEACEFB7: change Leader from null to 798bd20d-f8fb-4a71-ae86-73308eed48c7 at term 1 for becomeLeader, leader elected after 5117ms
2022-10-16 13:17:48,023 [798bd20d-f8fb-4a71-ae86-73308eed48c7@group-FE10DEACEFB7-LeaderElection50] INFO  server.RaftServerConfigKeys (ConfUtils.java:logGet(46)) - raft.server.staging.catchup.gap = 1000 (default)
2022-10-16 13:17:48,023 [798bd20d-f8fb-4a71-ae86-73308eed48c7@group-FE10DEACEFB7-LeaderElection50] INFO  server.RaftServerConfigKeys (ConfUtils.java:logGet(46)) - raft.server.write.element-limit = 1024 (custom)
2022-10-16 13:17:48,023 [798bd20d-f8fb-4a71-ae86-73308eed48c7@group-FE10DEACEFB7-LeaderElection50] INFO  server.RaftServerConfigKeys (ConfUtils.java:logGet(46)) - raft.server.write.byte-limit = 1024 M (=1073741824) (custom)
2022-10-16 13:17:48,023 [EventQueue-OpenPipelineForHealthyPipelineSafeModeRule] INFO  safemode.SCMSafeModeManager (HealthyPipelineSafeModeRule.java:process(137)) - SCM in safe mode. Healthy pipelines reported count is 0, required healthy pipeline reported count is 1
2022-10-16 13:17:48,024 [798bd20d-f8fb-4a71-ae86-73308eed48c7@group-FE10DEACEFB7-LeaderElection50] INFO  server.RaftServerConfigKeys (ConfUtils.java:logGet(46)) - raft.server.watch.timeout = 180s (custom)
2022-10-16 13:17:48,024 [798bd20d-f8fb-4a71-ae86-73308eed48c7@group-FE10DEACEFB7-LeaderElection50] INFO  server.RaftServerConfigKeys (ConfUtils.java:logGet(46)) - raft.server.watch.timeout.denomination = 1s (default)
2022-10-16 13:17:48,024 [798bd20d-f8fb-4a71-ae86-73308eed48c7@group-FE10DEACEFB7-LeaderElection50] INFO  server.RaftServerConfigKeys (ConfUtils.java:logGet(46)) - raft.server.watch.element-limit = 65536 (default)
2022-10-16 13:17:48,024 [798bd20d-f8fb-4a71-ae86-73308eed48c7@group-FE10DEACEFB7-LeaderElection50] INFO  server.RaftServerConfigKeys (ConfUtils.java:logGet(46)) - raft.server.write.element-limit = 1024 (custom)
2022-10-16 13:17:48,024 [798bd20d-f8fb-4a71-ae86-73308eed48c7@group-FE10DEACEFB7-LeaderElection50] INFO  server.RaftServerConfigKeys (ConfUtils.java:logGet(46)) - raft.server.write.follower.gap.ratio.max = -1.0 (default)
2022-10-16 13:17:48,024 [798bd20d-f8fb-4a71-ae86-73308eed48c7@group-FE10DEACEFB7-LeaderElection50] INFO  impl.RoleInfo (RoleInfo.java:updateAndGet(139)) - 798bd20d-f8fb-4a71-ae86-73308eed48c7: start 798bd20d-f8fb-4a71-ae86-73308eed48c7@group-FE10DEACEFB7-LeaderStateImpl
2022-10-16 13:17:48,025 [798bd20d-f8fb-4a71-ae86-73308eed48c7@group-FE10DEACEFB7-LeaderElection50] INFO  segmented.SegmentedRaftLogWorker (SegmentedRaftLogWorker.java:startLogSegment(425)) - 798bd20d-f8fb-4a71-ae86-73308eed48c7@group-FE10DEACEFB7-SegmentedRaftLogWorker: Starting segment from index:0
2022-10-16 13:17:48,026 [798bd20d-f8fb-4a71-ae86-73308eed48c7@group-FE10DEACEFB7-LeaderElection50] INFO  server.RaftServer$Division (ServerState.java:setRaftConf(393)) - 798bd20d-f8fb-4a71-ae86-73308eed48c7@group-FE10DEACEFB7: set configuration 0: [798bd20d-f8fb-4a71-ae86-73308eed48c7|rpc:10.1.0.60:37043|dataStream:|priority:1], old=null
2022-10-16 13:17:48,027 [798bd20d-f8fb-4a71-ae86-73308eed48c7@group-FE10DEACEFB7-SegmentedRaftLogWorker] INFO  segmented.SegmentedRaftLogWorker (SegmentedRaftLogWorker.java:execute(629)) - 798bd20d-f8fb-4a71-ae86-73308eed48c7@group-FE10DEACEFB7-SegmentedRaftLogWorker: created new log segment /home/runner/work/ozone/ozone/hadoop-ozone/integration-test/target/test-dir/MiniOzoneClusterImpl-4f724465-3e6c-4465-87e8-0372c8c9e6dc/datanode-2/data/ratis/db5e9d44-81fc-4e70-8dae-fe10deacefb7/current/log_inprogress_0
2022-10-16 13:17:48,167 [ReplicationMonitor] INFO  replication.ReplicationManager (ReplicationManager.java:processAll(324)) - Replication Monitor Thread took 0 milliseconds for processing 7 containers.
2022-10-16 13:17:48,297 [1179af15-4609-4d4b-98e3-495c08234a27@group-7175B0485742-FollowerState] INFO  impl.FollowerState (FollowerState.java:run(143)) - 1179af15-4609-4d4b-98e3-495c08234a27@group-7175B0485742-FollowerState: change to CANDIDATE, lastRpcElapsedTime:5091352827ns, electionTimeout:5091ms
2022-10-16 13:17:48,297 [1179af15-4609-4d4b-98e3-495c08234a27@group-7175B0485742-FollowerState] INFO  impl.RoleInfo (RoleInfo.java:shutdownFollowerState(110)) - 1179af15-4609-4d4b-98e3-495c08234a27: shutdown 1179af15-4609-4d4b-98e3-495c08234a27@group-7175B0485742-FollowerState
2022-10-16 13:17:48,297 [1179af15-4609-4d4b-98e3-495c08234a27@group-7175B0485742-FollowerState] INFO  server.RaftServer$Division (RaftServerImpl.java:setRole(299)) - 1179af15-4609-4d4b-98e3-495c08234a27@group-7175B0485742: changes role from  FOLLOWER to CANDIDATE at term 0 for changeToCandidate
2022-10-16 13:17:48,298 [1179af15-4609-4d4b-98e3-495c08234a27@group-7175B0485742-FollowerState] INFO  server.RaftServerConfigKeys (ConfUtils.java:logGet(46)) - raft.server.leaderelection.pre-vote = false (custom)
2022-10-16 13:17:48,298 [1179af15-4609-4d4b-98e3-495c08234a27@group-7175B0485742-FollowerState] INFO  impl.RoleInfo (RoleInfo.java:updateAndGet(139)) - 1179af15-4609-4d4b-98e3-495c08234a27: start 1179af15-4609-4d4b-98e3-495c08234a27@group-7175B0485742-LeaderElection51
2022-10-16 13:17:48,305 [1179af15-4609-4d4b-98e3-495c08234a27@group-7175B0485742-LeaderElection51] INFO  impl.LeaderElection (LeaderElection.java:askForVotes(310)) - 1179af15-4609-4d4b-98e3-495c08234a27@group-7175B0485742-LeaderElection51 ELECTION round 0: submit vote requests at term 1 for -1: [1179af15-4609-4d4b-98e3-495c08234a27|rpc:10.1.0.60:44685|priority:1], old=null
2022-10-16 13:17:48,305 [1179af15-4609-4d4b-98e3-495c08234a27@group-7175B0485742-LeaderElection51] INFO  impl.LeaderElection (LeaderElection.java:askForVotes(312)) - 1179af15-4609-4d4b-98e3-495c08234a27@group-7175B0485742-LeaderElection51 ELECTION round 0: result PASSED (term=1)
2022-10-16 13:17:48,305 [1179af15-4609-4d4b-98e3-495c08234a27@group-7175B0485742-LeaderElection51] INFO  impl.RoleInfo (RoleInfo.java:shutdownLeaderElection(130)) - 1179af15-4609-4d4b-98e3-495c08234a27: shutdown 1179af15-4609-4d4b-98e3-495c08234a27@group-7175B0485742-LeaderElection51
2022-10-16 13:17:48,305 [1179af15-4609-4d4b-98e3-495c08234a27@group-7175B0485742-LeaderElection51] INFO  server.RaftServer$Division (RaftServerImpl.java:setRole(299)) - 1179af15-4609-4d4b-98e3-495c08234a27@group-7175B0485742: changes role from CANDIDATE to LEADER at term 1 for changeToLeader
2022-10-16 13:17:48,305 [1179af15-4609-4d4b-98e3-495c08234a27@group-7175B0485742-LeaderElection51] INFO  ratis.XceiverServerRatis (XceiverServerRatis.java:handleLeaderChangedNotification(863)) - Leader change notification received for group: group-7175B0485742 with new leaderId: 1179af15-4609-4d4b-98e3-495c08234a27
2022-10-16 13:17:48,305 [1179af15-4609-4d4b-98e3-495c08234a27@group-7175B0485742-LeaderElection51] INFO  server.RaftServer$Division (ServerState.java:setLeader(287)) - 1179af15-4609-4d4b-98e3-495c08234a27@group-7175B0485742: change Leader from null to 1179af15-4609-4d4b-98e3-495c08234a27 at term 1 for becomeLeader, leader elected after 5107ms
2022-10-16 13:17:48,305 [1179af15-4609-4d4b-98e3-495c08234a27@group-7175B0485742-LeaderElection51] INFO  server.RaftServerConfigKeys (ConfUtils.java:logGet(46)) - raft.server.staging.catchup.gap = 1000 (default)
2022-10-16 13:17:48,307 [EventQueue-OpenPipelineForHealthyPipelineSafeModeRule] INFO  safemode.SCMSafeModeManager (HealthyPipelineSafeModeRule.java:process(137)) - SCM in safe mode. Healthy pipelines reported count is 0, required healthy pipeline reported count is 1
2022-10-16 13:17:48,308 [1179af15-4609-4d4b-98e3-495c08234a27@group-7175B0485742-LeaderElection51] INFO  server.RaftServerConfigKeys (ConfUtils.java:logGet(46)) - raft.server.write.element-limit = 1024 (custom)
2022-10-16 13:17:48,308 [1179af15-4609-4d4b-98e3-495c08234a27@group-7175B0485742-LeaderElection51] INFO  server.RaftServerConfigKeys (ConfUtils.java:logGet(46)) - raft.server.write.byte-limit = 1024 M (=1073741824) (custom)
2022-10-16 13:17:48,308 [1179af15-4609-4d4b-98e3-495c08234a27@group-7175B0485742-LeaderElection51] INFO  server.RaftServerConfigKeys (ConfUtils.java:logGet(46)) - raft.server.watch.timeout = 180s (custom)
2022-10-16 13:17:48,308 [1179af15-4609-4d4b-98e3-495c08234a27@group-7175B0485742-LeaderElection51] INFO  server.RaftServerConfigKeys (ConfUtils.java:logGet(46)) - raft.server.watch.timeout.denomination = 1s (default)
2022-10-16 13:17:48,308 [1179af15-4609-4d4b-98e3-495c08234a27@group-7175B0485742-LeaderElection51] INFO  server.RaftServerConfigKeys (ConfUtils.java:logGet(46)) - raft.server.watch.element-limit = 65536 (default)
2022-10-16 13:17:48,308 [1179af15-4609-4d4b-98e3-495c08234a27@group-7175B0485742-LeaderElection51] INFO  server.RaftServerConfigKeys (ConfUtils.java:logGet(46)) - raft.server.write.element-limit = 1024 (custom)
2022-10-16 13:17:48,308 [1179af15-4609-4d4b-98e3-495c08234a27@group-7175B0485742-LeaderElection51] INFO  server.RaftServerConfigKeys (ConfUtils.java:logGet(46)) - raft.server.write.follower.gap.ratio.max = -1.0 (default)
2022-10-16 13:17:48,308 [1179af15-4609-4d4b-98e3-495c08234a27@group-7175B0485742-LeaderElection51] INFO  impl.RoleInfo (RoleInfo.java:updateAndGet(139)) - 1179af15-4609-4d4b-98e3-495c08234a27: start 1179af15-4609-4d4b-98e3-495c08234a27@group-7175B0485742-LeaderStateImpl
2022-10-16 13:17:48,309 [1179af15-4609-4d4b-98e3-495c08234a27@group-7175B0485742-LeaderElection51] INFO  segmented.SegmentedRaftLogWorker (SegmentedRaftLogWorker.java:startLogSegment(425)) - 1179af15-4609-4d4b-98e3-495c08234a27@group-7175B0485742-SegmentedRaftLogWorker: Starting segment from index:0
2022-10-16 13:17:48,310 [1179af15-4609-4d4b-98e3-495c08234a27@group-7175B0485742-LeaderElection51] INFO  server.RaftServer$Division (ServerState.java:setRaftConf(393)) - 1179af15-4609-4d4b-98e3-495c08234a27@group-7175B0485742: set configuration 0: [1179af15-4609-4d4b-98e3-495c08234a27|rpc:10.1.0.60:44685|dataStream:|priority:1], old=null
2022-10-16 13:17:48,314 [1179af15-4609-4d4b-98e3-495c08234a27@group-7175B0485742-SegmentedRaftLogWorker] INFO  segmented.SegmentedRaftLogWorker (SegmentedRaftLogWorker.java:execute(629)) - 1179af15-4609-4d4b-98e3-495c08234a27@group-7175B0485742-SegmentedRaftLogWorker: created new log segment /home/runner/work/ozone/ozone/hadoop-ozone/integration-test/target/test-dir/MiniOzoneClusterImpl-4f724465-3e6c-4465-87e8-0372c8c9e6dc/datanode-3/data/ratis/0fe8220d-cbf8-4177-b192-7175b0485742/current/log_inprogress_0
2022-10-16 13:17:48,350 [ReplicationMonitor] INFO  replication.ReplicationManager (ReplicationManager.java:processAll(291)) - Replication Manager is not ready to run until 3000ms after safemode exit
2022-10-16 13:17:48,469 [Listener at 127.0.0.1/40605] INFO  ozone.MiniOzoneClusterImpl (MiniOzoneClusterImpl.java:lambda$waitForClusterToBeReady$0(216)) - Nodes are ready. Got 5 of 5 DN Heartbeats.
2022-10-16 13:17:48,469 [Listener at 127.0.0.1/40605] INFO  ozone.MiniOzoneClusterImpl (MiniOzoneClusterImpl.java:lambda$waitForClusterToBeReady$0(219)) - Waiting for cluster to exit safe mode
2022-10-16 13:17:48,469 [Listener at 127.0.0.1/40605] INFO  ozone.MiniOzoneClusterImpl (MiniOzoneClusterImpl.java:lambda$waitForClusterToBeReady$0(221)) - SCM became leader
2022-10-16 13:17:48,542 [befeb720-d9c7-49fd-9455-125fe4c6d349@group-F95F2A0A4FFB-FollowerState] INFO  impl.FollowerState (FollowerState.java:run(143)) - befeb720-d9c7-49fd-9455-125fe4c6d349@group-F95F2A0A4FFB-FollowerState: change to CANDIDATE, lastRpcElapsedTime:5061158476ns, electionTimeout:5060ms
2022-10-16 13:17:48,543 [befeb720-d9c7-49fd-9455-125fe4c6d349@group-F95F2A0A4FFB-FollowerState] INFO  impl.RoleInfo (RoleInfo.java:shutdownFollowerState(110)) - befeb720-d9c7-49fd-9455-125fe4c6d349: shutdown befeb720-d9c7-49fd-9455-125fe4c6d349@group-F95F2A0A4FFB-FollowerState
2022-10-16 13:17:48,543 [befeb720-d9c7-49fd-9455-125fe4c6d349@group-F95F2A0A4FFB-FollowerState] INFO  server.RaftServer$Division (RaftServerImpl.java:setRole(299)) - befeb720-d9c7-49fd-9455-125fe4c6d349@group-F95F2A0A4FFB: changes role from  FOLLOWER to CANDIDATE at term 0 for changeToCandidate
2022-10-16 13:17:48,543 [befeb720-d9c7-49fd-9455-125fe4c6d349@group-F95F2A0A4FFB-FollowerState] INFO  server.RaftServerConfigKeys (ConfUtils.java:logGet(46)) - raft.server.leaderelection.pre-vote = false (custom)
2022-10-16 13:17:48,543 [befeb720-d9c7-49fd-9455-125fe4c6d349@group-F95F2A0A4FFB-FollowerState] INFO  impl.RoleInfo (RoleInfo.java:updateAndGet(139)) - befeb720-d9c7-49fd-9455-125fe4c6d349: start befeb720-d9c7-49fd-9455-125fe4c6d349@group-F95F2A0A4FFB-LeaderElection52
2022-10-16 13:17:48,554 [befeb720-d9c7-49fd-9455-125fe4c6d349@group-F95F2A0A4FFB-LeaderElection52] INFO  impl.LeaderElection (LeaderElection.java:askForVotes(310)) - befeb720-d9c7-49fd-9455-125fe4c6d349@group-F95F2A0A4FFB-LeaderElection52 ELECTION round 0: submit vote requests at term 1 for -1: [befeb720-d9c7-49fd-9455-125fe4c6d349|rpc:10.1.0.60:43785|priority:1], old=null
2022-10-16 13:17:48,554 [befeb720-d9c7-49fd-9455-125fe4c6d349@group-F95F2A0A4FFB-LeaderElection52] INFO  impl.LeaderElection (LeaderElection.java:askForVotes(312)) - befeb720-d9c7-49fd-9455-125fe4c6d349@group-F95F2A0A4FFB-LeaderElection52 ELECTION round 0: result PASSED (term=1)
2022-10-16 13:17:48,554 [befeb720-d9c7-49fd-9455-125fe4c6d349@group-F95F2A0A4FFB-LeaderElection52] INFO  impl.RoleInfo (RoleInfo.java:shutdownLeaderElection(130)) - befeb720-d9c7-49fd-9455-125fe4c6d349: shutdown befeb720-d9c7-49fd-9455-125fe4c6d349@group-F95F2A0A4FFB-LeaderElection52
2022-10-16 13:17:48,554 [befeb720-d9c7-49fd-9455-125fe4c6d349@group-F95F2A0A4FFB-LeaderElection52] INFO  server.RaftServer$Division (RaftServerImpl.java:setRole(299)) - befeb720-d9c7-49fd-9455-125fe4c6d349@group-F95F2A0A4FFB: changes role from CANDIDATE to LEADER at term 1 for changeToLeader
2022-10-16 13:17:48,554 [befeb720-d9c7-49fd-9455-125fe4c6d349@group-F95F2A0A4FFB-LeaderElection52] INFO  ratis.XceiverServerRatis (XceiverServerRatis.java:handleLeaderChangedNotification(863)) - Leader change notification received for group: group-F95F2A0A4FFB with new leaderId: befeb720-d9c7-49fd-9455-125fe4c6d349
2022-10-16 13:17:48,555 [befeb720-d9c7-49fd-9455-125fe4c6d349@group-F95F2A0A4FFB-LeaderElection52] INFO  server.RaftServer$Division (ServerState.java:setLeader(287)) - befeb720-d9c7-49fd-9455-125fe4c6d349@group-F95F2A0A4FFB: change Leader from null to befeb720-d9c7-49fd-9455-125fe4c6d349 at term 1 for becomeLeader, leader elected after 5081ms
2022-10-16 13:17:48,555 [befeb720-d9c7-49fd-9455-125fe4c6d349@group-F95F2A0A4FFB-LeaderElection52] INFO  server.RaftServerConfigKeys (ConfUtils.java:logGet(46)) - raft.server.staging.catchup.gap = 1000 (default)
2022-10-16 13:17:48,555 [befeb720-d9c7-49fd-9455-125fe4c6d349@group-F95F2A0A4FFB-LeaderElection52] INFO  server.RaftServerConfigKeys (ConfUtils.java:logGet(46)) - raft.server.write.element-limit = 1024 (custom)
2022-10-16 13:17:48,555 [befeb720-d9c7-49fd-9455-125fe4c6d349@group-F95F2A0A4FFB-LeaderElection52] INFO  server.RaftServerConfigKeys (ConfUtils.java:logGet(46)) - raft.server.write.byte-limit = 1024 M (=1073741824) (custom)
2022-10-16 13:17:48,555 [befeb720-d9c7-49fd-9455-125fe4c6d349@group-F95F2A0A4FFB-LeaderElection52] INFO  server.RaftServerConfigKeys (ConfUtils.java:logGet(46)) - raft.server.watch.timeout = 180s (custom)
2022-10-16 13:17:48,555 [befeb720-d9c7-49fd-9455-125fe4c6d349@group-F95F2A0A4FFB-LeaderElection52] INFO  server.RaftServerConfigKeys (ConfUtils.java:logGet(46)) - raft.server.watch.timeout.denomination = 1s (default)
2022-10-16 13:17:48,556 [befeb720-d9c7-49fd-9455-125fe4c6d349@group-F95F2A0A4FFB-LeaderElection52] INFO  server.RaftServerConfigKeys (ConfUtils.java:logGet(46)) - raft.server.watch.element-limit = 65536 (default)
2022-10-16 13:17:48,556 [EventQueue-OpenPipelineForHealthyPipelineSafeModeRule] INFO  safemode.SCMSafeModeManager (HealthyPipelineSafeModeRule.java:process(137)) - SCM in safe mode. Healthy pipelines reported count is 0, required healthy pipeline reported count is 1
2022-10-16 13:17:48,556 [befeb720-d9c7-49fd-9455-125fe4c6d349@group-F95F2A0A4FFB-LeaderElection52] INFO  server.RaftServerConfigKeys (ConfUtils.java:logGet(46)) - raft.server.write.element-limit = 1024 (custom)
2022-10-16 13:17:48,556 [befeb720-d9c7-49fd-9455-125fe4c6d349@group-F95F2A0A4FFB-LeaderElection52] INFO  server.RaftServerConfigKeys (ConfUtils.java:logGet(46)) - raft.server.write.follower.gap.ratio.max = -1.0 (default)
2022-10-16 13:17:48,556 [befeb720-d9c7-49fd-9455-125fe4c6d349@group-F95F2A0A4FFB-LeaderElection52] INFO  impl.RoleInfo (RoleInfo.java:updateAndGet(139)) - befeb720-d9c7-49fd-9455-125fe4c6d349: start befeb720-d9c7-49fd-9455-125fe4c6d349@group-F95F2A0A4FFB-LeaderStateImpl
2022-10-16 13:17:48,556 [befeb720-d9c7-49fd-9455-125fe4c6d349@group-F95F2A0A4FFB-LeaderElection52] INFO  segmented.SegmentedRaftLogWorker (SegmentedRaftLogWorker.java:startLogSegment(425)) - befeb720-d9c7-49fd-9455-125fe4c6d349@group-F95F2A0A4FFB-SegmentedRaftLogWorker: Starting segment from index:0
2022-10-16 13:17:48,557 [befeb720-d9c7-49fd-9455-125fe4c6d349@group-F95F2A0A4FFB-LeaderElection52] INFO  server.RaftServer$Division (ServerState.java:setRaftConf(393)) - befeb720-d9c7-49fd-9455-125fe4c6d349@group-F95F2A0A4FFB: set configuration 0: [befeb720-d9c7-49fd-9455-125fe4c6d349|rpc:10.1.0.60:43785|dataStream:|priority:1], old=null
2022-10-16 13:17:48,559 [befeb720-d9c7-49fd-9455-125fe4c6d349@group-F95F2A0A4FFB-SegmentedRaftLogWorker] INFO  segmented.SegmentedRaftLogWorker (SegmentedRaftLogWorker.java:execute(629)) - befeb720-d9c7-49fd-9455-125fe4c6d349@group-F95F2A0A4FFB-SegmentedRaftLogWorker: created new log segment /home/runner/work/ozone/ozone/hadoop-ozone/integration-test/target/test-dir/MiniOzoneClusterImpl-4f724465-3e6c-4465-87e8-0372c8c9e6dc/datanode-4/data/ratis/caeb12d3-7fb2-4cec-a2a1-f95f2a0a4ffb/current/log_inprogress_0
2022-10-16 13:17:49,168 [ReplicationMonitor] INFO  replication.ReplicationManager (ReplicationManager.java:processAll(324)) - Replication Monitor Thread took 1 milliseconds for processing 7 containers.
2022-10-16 13:17:49,350 [ReplicationMonitor] INFO  replication.ReplicationManager (ReplicationManager.java:processAll(291)) - Replication Manager is not ready to run until 3000ms after safemode exit
2022-10-16 13:17:49,469 [Listener at 127.0.0.1/40605] INFO  ozone.MiniOzoneClusterImpl (MiniOzoneClusterImpl.java:lambda$waitForClusterToBeReady$0(216)) - Nodes are ready. Got 5 of 5 DN Heartbeats.
2022-10-16 13:17:49,469 [Listener at 127.0.0.1/40605] INFO  ozone.MiniOzoneClusterImpl (MiniOzoneClusterImpl.java:lambda$waitForClusterToBeReady$0(219)) - Waiting for cluster to exit safe mode
2022-10-16 13:17:49,469 [Listener at 127.0.0.1/40605] INFO  ozone.MiniOzoneClusterImpl (MiniOzoneClusterImpl.java:lambda$waitForClusterToBeReady$0(221)) - SCM became leader
2022-10-16 13:17:50,168 [ReplicationMonitor] INFO  replication.ReplicationManager (ReplicationManager.java:processAll(324)) - Replication Monitor Thread took 0 milliseconds for processing 7 containers.
2022-10-16 13:17:50,351 [ReplicationMonitor] INFO  replication.ReplicationManager (ReplicationManager.java:processAll(291)) - Replication Manager is not ready to run until 3000ms after safemode exit
2022-10-16 13:17:50,470 [Listener at 127.0.0.1/40605] INFO  ozone.MiniOzoneClusterImpl (MiniOzoneClusterImpl.java:lambda$waitForClusterToBeReady$0(216)) - Nodes are ready. Got 5 of 5 DN Heartbeats.
2022-10-16 13:17:50,470 [Listener at 127.0.0.1/40605] INFO  ozone.MiniOzoneClusterImpl (MiniOzoneClusterImpl.java:lambda$waitForClusterToBeReady$0(219)) - Waiting for cluster to exit safe mode
2022-10-16 13:17:50,470 [Listener at 127.0.0.1/40605] INFO  ozone.MiniOzoneClusterImpl (MiniOzoneClusterImpl.java:lambda$waitForClusterToBeReady$0(221)) - SCM became leader
2022-10-16 13:17:51,169 [ReplicationMonitor] INFO  replication.ReplicationManager (ReplicationManager.java:processAll(324)) - Replication Monitor Thread took 1 milliseconds for processing 7 containers.
2022-10-16 13:17:51,351 [ReplicationMonitor] INFO  replication.ReplicationManager (ReplicationManager.java:processAll(291)) - Replication Manager is not ready to run until 3000ms after safemode exit
2022-10-16 13:17:51,470 [Listener at 127.0.0.1/40605] INFO  ozone.MiniOzoneClusterImpl (MiniOzoneClusterImpl.java:lambda$waitForClusterToBeReady$0(216)) - Nodes are ready. Got 5 of 5 DN Heartbeats.
2022-10-16 13:17:51,470 [Listener at 127.0.0.1/40605] INFO  ozone.MiniOzoneClusterImpl (MiniOzoneClusterImpl.java:lambda$waitForClusterToBeReady$0(219)) - Waiting for cluster to exit safe mode
2022-10-16 13:17:51,470 [Listener at 127.0.0.1/40605] INFO  ozone.MiniOzoneClusterImpl (MiniOzoneClusterImpl.java:lambda$waitForClusterToBeReady$0(221)) - SCM became leader
2022-10-16 13:17:51,997 [RatisPipelineUtilsThread - 0] ERROR scm.SCMCommonPlacementPolicy (SCMCommonPlacementPolicy.java:filterNodesWithSpace(239)) - Unable to find enough nodes that meet the space requirement of 1073741824 bytes for metadata and 5368709120 bytes for data in healthy node set. Required 3. Found 0.
2022-10-16 13:17:52,169 [ReplicationMonitor] INFO  replication.ReplicationManager (ReplicationManager.java:processAll(324)) - Replication Monitor Thread took 0 milliseconds for processing 7 containers.
2022-10-16 13:17:52,351 [ReplicationMonitor] INFO  replication.ReplicationManager (ReplicationManager.java:processAll(291)) - Replication Manager is not ready to run until 3000ms after safemode exit
2022-10-16 13:17:52,471 [Listener at 127.0.0.1/40605] INFO  ozone.MiniOzoneClusterImpl (MiniOzoneClusterImpl.java:lambda$waitForClusterToBeReady$0(216)) - Nodes are ready. Got 5 of 5 DN Heartbeats.
2022-10-16 13:17:52,471 [Listener at 127.0.0.1/40605] INFO  ozone.MiniOzoneClusterImpl (MiniOzoneClusterImpl.java:lambda$waitForClusterToBeReady$0(219)) - Waiting for cluster to exit safe mode
2022-10-16 13:17:52,471 [Listener at 127.0.0.1/40605] INFO  ozone.MiniOzoneClusterImpl (MiniOzoneClusterImpl.java:lambda$waitForClusterToBeReady$0(221)) - SCM became leader
2022-10-16 13:17:52,499 [798bd20d-f8fb-4a71-ae86-73308eed48c7@group-758BF45CA48F-FollowerState] INFO  impl.FollowerState (FollowerState.java:run(143)) - 798bd20d-f8fb-4a71-ae86-73308eed48c7@group-758BF45CA48F-FollowerState: change to CANDIDATE, lastRpcElapsedTime:5027697873ns, electionTimeout:5026ms
2022-10-16 13:17:52,500 [798bd20d-f8fb-4a71-ae86-73308eed48c7@group-758BF45CA48F-FollowerState] INFO  impl.RoleInfo (RoleInfo.java:shutdownFollowerState(110)) - 798bd20d-f8fb-4a71-ae86-73308eed48c7: shutdown 798bd20d-f8fb-4a71-ae86-73308eed48c7@group-758BF45CA48F-FollowerState
2022-10-16 13:17:52,500 [798bd20d-f8fb-4a71-ae86-73308eed48c7@group-758BF45CA48F-FollowerState] INFO  server.RaftServer$Division (RaftServerImpl.java:setRole(299)) - 798bd20d-f8fb-4a71-ae86-73308eed48c7@group-758BF45CA48F: changes role from  FOLLOWER to CANDIDATE at term 1 for changeToCandidate
2022-10-16 13:17:52,500 [798bd20d-f8fb-4a71-ae86-73308eed48c7@group-758BF45CA48F-FollowerState] INFO  server.RaftServerConfigKeys (ConfUtils.java:logGet(46)) - raft.server.leaderelection.pre-vote = false (custom)
2022-10-16 13:17:52,500 [798bd20d-f8fb-4a71-ae86-73308eed48c7@group-758BF45CA48F-FollowerState] INFO  impl.RoleInfo (RoleInfo.java:updateAndGet(139)) - 798bd20d-f8fb-4a71-ae86-73308eed48c7: start 798bd20d-f8fb-4a71-ae86-73308eed48c7@group-758BF45CA48F-LeaderElection53
2022-10-16 13:17:52,503 [798bd20d-f8fb-4a71-ae86-73308eed48c7@group-758BF45CA48F-LeaderElection53] INFO  impl.LeaderElection (LeaderElection.java:askForVotes(310)) - 798bd20d-f8fb-4a71-ae86-73308eed48c7@group-758BF45CA48F-LeaderElection53 ELECTION round 0: submit vote requests at term 2 for -1: [798bd20d-f8fb-4a71-ae86-73308eed48c7|rpc:10.1.0.60:37043|dataStream:|priority:1, 3b0c5cea-2642-4356-a139-2ab59a1b08fa|rpc:10.1.0.60:45225|dataStream:|priority:0, cc42eaea-95b8-4e06-8ab8-c6a666088562|rpc:10.1.0.60:40923|dataStream:|priority:0], old=null
2022-10-16 13:17:52,504 [grpc-default-executor-8] INFO  server.RaftServer$Division (RaftServerImpl.java:requestVote(1152)) - 3b0c5cea-2642-4356-a139-2ab59a1b08fa@group-758BF45CA48F: receive requestVote(ELECTION, 798bd20d-f8fb-4a71-ae86-73308eed48c7, group-758BF45CA48F, 2, (t:0, i:0))
2022-10-16 13:17:52,504 [grpc-default-executor-8] INFO  impl.VoteContext (VoteContext.java:log(48)) - 3b0c5cea-2642-4356-a139-2ab59a1b08fa@group-758BF45CA48F-FOLLOWER: accept ELECTION from 798bd20d-f8fb-4a71-ae86-73308eed48c7: our priority 0 <= candidate's priority 1
2022-10-16 13:17:52,504 [grpc-default-executor-8] INFO  server.RaftServer$Division (RaftServerImpl.java:setRole(299)) - 3b0c5cea-2642-4356-a139-2ab59a1b08fa@group-758BF45CA48F: changes role from  FOLLOWER to FOLLOWER at term 2 for candidate:798bd20d-f8fb-4a71-ae86-73308eed48c7
2022-10-16 13:17:52,504 [grpc-default-executor-8] INFO  impl.RoleInfo (RoleInfo.java:shutdownFollowerState(110)) - 3b0c5cea-2642-4356-a139-2ab59a1b08fa: shutdown 3b0c5cea-2642-4356-a139-2ab59a1b08fa@group-758BF45CA48F-FollowerState
2022-10-16 13:17:52,504 [grpc-default-executor-8] INFO  impl.RoleInfo (RoleInfo.java:updateAndGet(139)) - 3b0c5cea-2642-4356-a139-2ab59a1b08fa: start 3b0c5cea-2642-4356-a139-2ab59a1b08fa@group-758BF45CA48F-FollowerState
2022-10-16 13:17:52,506 [grpc-default-executor-8] INFO  server.RaftServer$Division (RaftServerImpl.java:requestVote(1184)) - 3b0c5cea-2642-4356-a139-2ab59a1b08fa@group-758BF45CA48F replies to ELECTION vote request: 798bd20d-f8fb-4a71-ae86-73308eed48c7<-3b0c5cea-2642-4356-a139-2ab59a1b08fa#0:OK-t2. Peer's state: 3b0c5cea-2642-4356-a139-2ab59a1b08fa@group-758BF45CA48F:t2, leader=null, voted=798bd20d-f8fb-4a71-ae86-73308eed48c7, raftlog=3b0c5cea-2642-4356-a139-2ab59a1b08fa@group-758BF45CA48F-SegmentedRaftLog:OPENED:c-1, conf=-1: [798bd20d-f8fb-4a71-ae86-73308eed48c7|rpc:10.1.0.60:37043|priority:1, 3b0c5cea-2642-4356-a139-2ab59a1b08fa|rpc:10.1.0.60:45225|priority:0, cc42eaea-95b8-4e06-8ab8-c6a666088562|rpc:10.1.0.60:40923|priority:0], old=null
2022-10-16 13:17:52,506 [798bd20d-f8fb-4a71-ae86-73308eed48c7@group-758BF45CA48F-LeaderElection53] INFO  impl.LeaderElection (LeaderElection.java:logAndReturn(90)) - 798bd20d-f8fb-4a71-ae86-73308eed48c7@group-758BF45CA48F-LeaderElection53: ELECTION PASSED received 1 response(s) and 0 exception(s):
2022-10-16 13:17:52,506 [798bd20d-f8fb-4a71-ae86-73308eed48c7@group-758BF45CA48F-LeaderElection53] INFO  impl.LeaderElection (LeaderElection.java:logAndReturn(94)) -   Response 0: 798bd20d-f8fb-4a71-ae86-73308eed48c7<-3b0c5cea-2642-4356-a139-2ab59a1b08fa#0:OK-t2
2022-10-16 13:17:52,506 [798bd20d-f8fb-4a71-ae86-73308eed48c7@group-758BF45CA48F-LeaderElection53] INFO  impl.LeaderElection (LeaderElection.java:askForVotes(312)) - 798bd20d-f8fb-4a71-ae86-73308eed48c7@group-758BF45CA48F-LeaderElection53 ELECTION round 0: result PASSED
2022-10-16 13:17:52,506 [798bd20d-f8fb-4a71-ae86-73308eed48c7@group-758BF45CA48F-LeaderElection53] INFO  impl.RoleInfo (RoleInfo.java:shutdownLeaderElection(130)) - 798bd20d-f8fb-4a71-ae86-73308eed48c7: shutdown 798bd20d-f8fb-4a71-ae86-73308eed48c7@group-758BF45CA48F-LeaderElection53
2022-10-16 13:17:52,506 [798bd20d-f8fb-4a71-ae86-73308eed48c7@group-758BF45CA48F-LeaderElection53] INFO  server.RaftServer$Division (RaftServerImpl.java:setRole(299)) - 798bd20d-f8fb-4a71-ae86-73308eed48c7@group-758BF45CA48F: changes role from CANDIDATE to LEADER at term 2 for changeToLeader
2022-10-16 13:17:52,506 [798bd20d-f8fb-4a71-ae86-73308eed48c7@group-758BF45CA48F-LeaderElection53] INFO  ratis.XceiverServerRatis (XceiverServerRatis.java:handleLeaderChangedNotification(863)) - Leader change notification received for group: group-758BF45CA48F with new leaderId: 798bd20d-f8fb-4a71-ae86-73308eed48c7
2022-10-16 13:17:52,507 [798bd20d-f8fb-4a71-ae86-73308eed48c7@group-758BF45CA48F-LeaderElection53] INFO  server.RaftServer$Division (ServerState.java:setLeader(287)) - 798bd20d-f8fb-4a71-ae86-73308eed48c7@group-758BF45CA48F: change Leader from null to 798bd20d-f8fb-4a71-ae86-73308eed48c7 at term 2 for becomeLeader, leader elected after 10173ms
2022-10-16 13:17:52,507 [798bd20d-f8fb-4a71-ae86-73308eed48c7@group-758BF45CA48F-LeaderElection53] INFO  server.RaftServerConfigKeys (ConfUtils.java:logGet(46)) - raft.server.staging.catchup.gap = 1000 (default)
2022-10-16 13:17:52,507 [798bd20d-f8fb-4a71-ae86-73308eed48c7@group-758BF45CA48F-LeaderElection53] INFO  server.RaftServerConfigKeys (ConfUtils.java:logGet(46)) - raft.server.write.element-limit = 1024 (custom)
2022-10-16 13:17:52,507 [798bd20d-f8fb-4a71-ae86-73308eed48c7@group-758BF45CA48F-LeaderElection53] INFO  server.RaftServerConfigKeys (ConfUtils.java:logGet(46)) - raft.server.write.byte-limit = 1024 M (=1073741824) (custom)
2022-10-16 13:17:52,508 [798bd20d-f8fb-4a71-ae86-73308eed48c7@group-758BF45CA48F-LeaderElection53] INFO  server.RaftServerConfigKeys (ConfUtils.java:logGet(46)) - raft.server.watch.timeout = 180s (custom)
2022-10-16 13:17:52,508 [798bd20d-f8fb-4a71-ae86-73308eed48c7@group-758BF45CA48F-LeaderElection53] INFO  server.RaftServerConfigKeys (ConfUtils.java:logGet(46)) - raft.server.watch.timeout.denomination = 1s (default)
2022-10-16 13:17:52,508 [798bd20d-f8fb-4a71-ae86-73308eed48c7@group-758BF45CA48F-LeaderElection53] INFO  server.RaftServerConfigKeys (ConfUtils.java:logGet(46)) - raft.server.watch.element-limit = 65536 (default)
2022-10-16 13:17:52,508 [798bd20d-f8fb-4a71-ae86-73308eed48c7@group-758BF45CA48F-LeaderElection53] INFO  server.RaftServerConfigKeys (ConfUtils.java:logGet(46)) - raft.server.write.element-limit = 1024 (custom)
2022-10-16 13:17:52,508 [798bd20d-f8fb-4a71-ae86-73308eed48c7@group-758BF45CA48F-LeaderElection53] INFO  server.RaftServerConfigKeys (ConfUtils.java:logGet(46)) - raft.server.write.follower.gap.ratio.max = -1.0 (default)
2022-10-16 13:17:52,509 [798bd20d-f8fb-4a71-ae86-73308eed48c7@group-758BF45CA48F-LeaderElection53] INFO  server.RaftServerConfigKeys (ConfUtils.java:logGet(46)) - raft.server.log.appender.snapshot.chunk.size.max = 16MB (=16777216) (default)
2022-10-16 13:17:52,509 [798bd20d-f8fb-4a71-ae86-73308eed48c7@group-758BF45CA48F-LeaderElection53] INFO  server.RaftServerConfigKeys (ConfUtils.java:logGet(46)) - raft.server.log.appender.buffer.byte-limit = 33554432 (custom)
2022-10-16 13:17:52,509 [798bd20d-f8fb-4a71-ae86-73308eed48c7@group-758BF45CA48F-LeaderElection53] INFO  server.RaftServerConfigKeys (ConfUtils.java:logGet(46)) - raft.server.log.appender.buffer.element-limit = 1 (custom)
2022-10-16 13:17:52,509 [798bd20d-f8fb-4a71-ae86-73308eed48c7@group-758BF45CA48F-LeaderElection53] INFO  grpc.GrpcConfigKeys (ConfUtils.java:logGet(46)) - raft.grpc.server.leader.outstanding.appends.max = 128 (default)
2022-10-16 13:17:52,509 [798bd20d-f8fb-4a71-ae86-73308eed48c7@group-758BF45CA48F-LeaderElection53] INFO  server.RaftServerConfigKeys (ConfUtils.java:logGet(46)) - raft.server.rpc.request.timeout = 60s (custom)
2022-10-16 13:17:52,509 [798bd20d-f8fb-4a71-ae86-73308eed48c7@group-758BF45CA48F-LeaderElection53] INFO  server.RaftServerConfigKeys (ConfUtils.java:logGet(46)) - raft.server.log.appender.install.snapshot.enabled = false (custom)
2022-10-16 13:17:52,510 [grpc-default-executor-8] INFO  server.RaftServer$Division (RaftServerImpl.java:requestVote(1152)) - cc42eaea-95b8-4e06-8ab8-c6a666088562@group-758BF45CA48F: receive requestVote(ELECTION, 798bd20d-f8fb-4a71-ae86-73308eed48c7, group-758BF45CA48F, 2, (t:0, i:0))
2022-10-16 13:17:52,510 [grpc-default-executor-8] INFO  impl.VoteContext (VoteContext.java:log(48)) - cc42eaea-95b8-4e06-8ab8-c6a666088562@group-758BF45CA48F-FOLLOWER: accept ELECTION from 798bd20d-f8fb-4a71-ae86-73308eed48c7: our priority 0 <= candidate's priority 1
2022-10-16 13:17:52,510 [grpc-default-executor-8] INFO  server.RaftServer$Division (RaftServerImpl.java:setRole(299)) - cc42eaea-95b8-4e06-8ab8-c6a666088562@group-758BF45CA48F: changes role from  FOLLOWER to FOLLOWER at term 2 for candidate:798bd20d-f8fb-4a71-ae86-73308eed48c7
2022-10-16 13:17:52,510 [grpc-default-executor-8] INFO  impl.RoleInfo (RoleInfo.java:shutdownFollowerState(110)) - cc42eaea-95b8-4e06-8ab8-c6a666088562: shutdown cc42eaea-95b8-4e06-8ab8-c6a666088562@group-758BF45CA48F-FollowerState
2022-10-16 13:17:52,510 [grpc-default-executor-8] INFO  impl.RoleInfo (RoleInfo.java:updateAndGet(139)) - cc42eaea-95b8-4e06-8ab8-c6a666088562: start cc42eaea-95b8-4e06-8ab8-c6a666088562@group-758BF45CA48F-FollowerState
2022-10-16 13:17:52,510 [cc42eaea-95b8-4e06-8ab8-c6a666088562@group-758BF45CA48F-FollowerState] INFO  impl.FollowerState (FollowerState.java:run(152)) - cc42eaea-95b8-4e06-8ab8-c6a666088562@group-758BF45CA48F-FollowerState was interrupted
2022-10-16 13:17:52,510 [3b0c5cea-2642-4356-a139-2ab59a1b08fa@group-758BF45CA48F-FollowerState] INFO  impl.FollowerState (FollowerState.java:run(152)) - 3b0c5cea-2642-4356-a139-2ab59a1b08fa@group-758BF45CA48F-FollowerState was interrupted
2022-10-16 13:17:52,513 [798bd20d-f8fb-4a71-ae86-73308eed48c7@group-758BF45CA48F-LeaderElection53] INFO  server.RaftServerConfigKeys (ConfUtils.java:logGet(46)) - raft.server.log.appender.snapshot.chunk.size.max = 16MB (=16777216) (default)
2022-10-16 13:17:52,513 [EventQueue-PipelineReportForPipelineReportHandler] INFO  pipeline.PipelineManagerImpl (PipelineManagerImpl.java:openPipeline(367)) - Pipeline Pipeline[ Id: 1daec092-3c1b-4eb1-84cd-758bf45ca48f, Nodes: 3b0c5cea-2642-4356-a139-2ab59a1b08fa{ip: 10.1.0.60, host: fv-az308-250.etcbaq1qs54eplwmrjlabigyle.cx.internal.cloudapp.net, ports: [REPLICATION=33833, RATIS=45225, RATIS_ADMIN=45225, RATIS_SERVER=45225, STANDALONE=35221], networkLocation: /default-rack, certSerialId: null, persistedOpState: IN_SERVICE, persistedOpStateExpiryEpochSec: 0}798bd20d-f8fb-4a71-ae86-73308eed48c7{ip: 10.1.0.60, host: fv-az308-250.etcbaq1qs54eplwmrjlabigyle.cx.internal.cloudapp.net, ports: [REPLICATION=45673, RATIS=37043, RATIS_ADMIN=37043, RATIS_SERVER=37043, STANDALONE=35435], networkLocation: /default-rack, certSerialId: null, persistedOpState: IN_SERVICE, persistedOpStateExpiryEpochSec: 0}cc42eaea-95b8-4e06-8ab8-c6a666088562{ip: 10.1.0.60, host: fv-az308-250.etcbaq1qs54eplwmrjlabigyle.cx.internal.cloudapp.net, ports: [REPLICATION=46747, RATIS=40923, RATIS_ADMIN=40923, RATIS_SERVER=40923, STANDALONE=42051], networkLocation: /default-rack, certSerialId: null, persistedOpState: IN_SERVICE, persistedOpStateExpiryEpochSec: 0}, ReplicationConfig: RATIS/THREE, State:ALLOCATED, leaderId:798bd20d-f8fb-4a71-ae86-73308eed48c7, CreationTimestamp2022-10-16T13:17:39.902Z[Etc/UTC]] moved to OPEN state
2022-10-16 13:17:52,513 [798bd20d-f8fb-4a71-ae86-73308eed48c7@group-758BF45CA48F-LeaderElection53] INFO  server.RaftServerConfigKeys (ConfUtils.java:logGet(46)) - raft.server.log.appender.buffer.byte-limit = 33554432 (custom)
2022-10-16 13:17:52,513 [798bd20d-f8fb-4a71-ae86-73308eed48c7@group-758BF45CA48F-LeaderElection53] INFO  server.RaftServerConfigKeys (ConfUtils.java:logGet(46)) - raft.server.log.appender.buffer.element-limit = 1 (custom)
2022-10-16 13:17:52,513 [798bd20d-f8fb-4a71-ae86-73308eed48c7@group-758BF45CA48F-LeaderElection53] INFO  grpc.GrpcConfigKeys (ConfUtils.java:logGet(46)) - raft.grpc.server.leader.outstanding.appends.max = 128 (default)
2022-10-16 13:17:52,513 [798bd20d-f8fb-4a71-ae86-73308eed48c7@group-758BF45CA48F-LeaderElection53] INFO  server.RaftServerConfigKeys (ConfUtils.java:logGet(46)) - raft.server.rpc.request.timeout = 60s (custom)
2022-10-16 13:17:52,513 [798bd20d-f8fb-4a71-ae86-73308eed48c7@group-758BF45CA48F-LeaderElection53] INFO  server.RaftServerConfigKeys (ConfUtils.java:logGet(46)) - raft.server.log.appender.install.snapshot.enabled = false (custom)
2022-10-16 13:17:52,513 [EventQueue-OpenPipelineForHealthyPipelineSafeModeRule] INFO  safemode.SCMSafeModeManager (HealthyPipelineSafeModeRule.java:process(137)) - SCM in safe mode. Healthy pipelines reported count is 1, required healthy pipeline reported count is 1
2022-10-16 13:17:52,513 [EventQueue-OpenPipelineForHealthyPipelineSafeModeRule] INFO  safemode.SCMSafeModeManager (SCMSafeModeManager.java:validateSafeModeExitRules(204)) - HealthyPipelineSafeModeRule rule is successfully validated
2022-10-16 13:17:52,513 [EventQueue-OpenPipelineForHealthyPipelineSafeModeRule] INFO  safemode.SCMSafeModeManager (SCMSafeModeManager.java:validateSafeModeExitRules(219)) - ScmSafeModeManager, all rules are successfully validated
2022-10-16 13:17:52,513 [EventQueue-OpenPipelineForHealthyPipelineSafeModeRule] INFO  safemode.SCMSafeModeManager (SCMSafeModeManager.java:exitSafeMode(248)) - SCM exiting safe mode.
2022-10-16 13:17:52,513 [EventQueue-OpenPipelineForHealthyPipelineSafeModeRule] WARN  events.EventQueue (EventQueue.java:fireEvent(216)) - No event handler registered for event TypedEvent{payloadType=SafeModeStatus, name='Safe mode status'}
2022-10-16 13:17:52,513 [EventQueue-OpenPipelineForHealthyPipelineSafeModeRule] INFO  ha.SCMContext (SCMContext.java:updateSafeModeStatus(228)) - Update SafeModeStatus from SafeModeStatus{safeModeStatus=true, preCheckPassed=true} to SafeModeStatus{safeModeStatus=false, preCheckPassed=true}.
2022-10-16 13:17:52,513 [EventQueue-OpenPipelineForHealthyPipelineSafeModeRule] INFO  pipeline.BackgroundPipelineCreator (BackgroundPipelineCreator.java:notifyStatusChanged(254)) - Service BackgroundPipelineCreator transitions to RUNNING.
2022-10-16 13:17:52,513 [EventQueue-OpenPipelineForHealthyPipelineSafeModeRule] INFO  BackgroundPipelineScrubber (BackgroundSCMService.java:notifyStatusChanged(82)) - Service BackgroundPipelineScrubber transitions to RUNNING.
2022-10-16 13:17:52,513 [EventQueue-OpenPipelineForHealthyPipelineSafeModeRule] INFO  ExpiredContainerReplicaOpScrubber (BackgroundSCMService.java:notifyStatusChanged(82)) - Service ExpiredContainerReplicaOpScrubber transitions to RUNNING.
2022-10-16 13:17:52,513 [EventQueue-OpenPipelineForHealthyPipelineSafeModeRule] INFO  replication.ReplicationManager (ReplicationManager.java:notifyStatusChanged(728)) - Service ReplicationManager transitions to RUNNING.
2022-10-16 13:17:52,514 [EventQueue-OpenPipelineForHealthyPipelineSafeModeRule] WARN  balancer.ContainerBalancer (ContainerBalancer.java:shouldRun(936)) - Could not find persisted configuration for ContainerBalancer when checking if ContainerBalancer should run. ContainerBalancer should not run now.
2022-10-16 13:17:52,514 [798bd20d-f8fb-4a71-ae86-73308eed48c7@group-758BF45CA48F-LeaderElection53] INFO  impl.RoleInfo (RoleInfo.java:updateAndGet(139)) - 798bd20d-f8fb-4a71-ae86-73308eed48c7: start 798bd20d-f8fb-4a71-ae86-73308eed48c7@group-758BF45CA48F-LeaderStateImpl
2022-10-16 13:17:52,515 [798bd20d-f8fb-4a71-ae86-73308eed48c7@group-758BF45CA48F-LeaderElection53] INFO  segmented.SegmentedRaftLogWorker (SegmentedRaftLogWorker.java:startLogSegment(425)) - 798bd20d-f8fb-4a71-ae86-73308eed48c7@group-758BF45CA48F-SegmentedRaftLogWorker: Starting segment from index:0
2022-10-16 13:17:52,516 [grpc-default-executor-8] INFO  server.RaftServer$Division (RaftServerImpl.java:requestVote(1184)) - cc42eaea-95b8-4e06-8ab8-c6a666088562@group-758BF45CA48F replies to ELECTION vote request: 798bd20d-f8fb-4a71-ae86-73308eed48c7<-cc42eaea-95b8-4e06-8ab8-c6a666088562#0:OK-t2. Peer's state: cc42eaea-95b8-4e06-8ab8-c6a666088562@group-758BF45CA48F:t2, leader=null, voted=798bd20d-f8fb-4a71-ae86-73308eed48c7, raftlog=cc42eaea-95b8-4e06-8ab8-c6a666088562@group-758BF45CA48F-SegmentedRaftLog:OPENED:c-1, conf=-1: [798bd20d-f8fb-4a71-ae86-73308eed48c7|rpc:10.1.0.60:37043|dataStream:|priority:1, 3b0c5cea-2642-4356-a139-2ab59a1b08fa|rpc:10.1.0.60:45225|dataStream:|priority:0, cc42eaea-95b8-4e06-8ab8-c6a666088562|rpc:10.1.0.60:40923|dataStream:|priority:0], old=null
2022-10-16 13:17:52,517 [798bd20d-f8fb-4a71-ae86-73308eed48c7@group-758BF45CA48F-SegmentedRaftLogWorker] INFO  segmented.SegmentedRaftLogWorker (SegmentedRaftLogWorker.java:execute(629)) - 798bd20d-f8fb-4a71-ae86-73308eed48c7@group-758BF45CA48F-SegmentedRaftLogWorker: created new log segment /home/runner/work/ozone/ozone/hadoop-ozone/integration-test/target/test-dir/MiniOzoneClusterImpl-4f724465-3e6c-4465-87e8-0372c8c9e6dc/datanode-2/data/ratis/1daec092-3c1b-4eb1-84cd-758bf45ca48f/current/log_inprogress_0
2022-10-16 13:17:52,525 [798bd20d-f8fb-4a71-ae86-73308eed48c7@group-758BF45CA48F-LeaderElection53] INFO  server.RaftServer$Division (ServerState.java:setRaftConf(393)) - 798bd20d-f8fb-4a71-ae86-73308eed48c7@group-758BF45CA48F: set configuration 0: [798bd20d-f8fb-4a71-ae86-73308eed48c7|rpc:10.1.0.60:37043|dataStream:|priority:1, 3b0c5cea-2642-4356-a139-2ab59a1b08fa|rpc:10.1.0.60:45225|dataStream:|priority:0, cc42eaea-95b8-4e06-8ab8-c6a666088562|rpc:10.1.0.60:40923|dataStream:|priority:0], old=null
2022-10-16 13:17:52,529 [3b0c5cea-2642-4356-a139-2ab59a1b08fa-server-thread1] INFO  ratis.XceiverServerRatis (XceiverServerRatis.java:handleLeaderChangedNotification(863)) - Leader change notification received for group: group-758BF45CA48F with new leaderId: 798bd20d-f8fb-4a71-ae86-73308eed48c7
2022-10-16 13:17:52,529 [3b0c5cea-2642-4356-a139-2ab59a1b08fa-server-thread1] INFO  server.RaftServer$Division (ServerState.java:setLeader(287)) - 3b0c5cea-2642-4356-a139-2ab59a1b08fa@group-758BF45CA48F: change Leader from null to 798bd20d-f8fb-4a71-ae86-73308eed48c7 at term 2 for appendEntries, leader elected after 10222ms
2022-10-16 13:17:52,531 [cc42eaea-95b8-4e06-8ab8-c6a666088562-server-thread1] INFO  ratis.XceiverServerRatis (XceiverServerRatis.java:handleLeaderChangedNotification(863)) - Leader change notification received for group: group-758BF45CA48F with new leaderId: 798bd20d-f8fb-4a71-ae86-73308eed48c7
2022-10-16 13:17:52,532 [cc42eaea-95b8-4e06-8ab8-c6a666088562-server-thread1] INFO  server.RaftServer$Division (ServerState.java:setLeader(287)) - cc42eaea-95b8-4e06-8ab8-c6a666088562@group-758BF45CA48F: change Leader from null to 798bd20d-f8fb-4a71-ae86-73308eed48c7 at term 2 for appendEntries, leader elected after 10171ms
2022-10-16 13:17:52,533 [3b0c5cea-2642-4356-a139-2ab59a1b08fa-server-thread1] INFO  server.RaftServer$Division (ServerState.java:setRaftConf(393)) - 3b0c5cea-2642-4356-a139-2ab59a1b08fa@group-758BF45CA48F: set configuration 0: [798bd20d-f8fb-4a71-ae86-73308eed48c7|rpc:10.1.0.60:37043|dataStream:|priority:1, 3b0c5cea-2642-4356-a139-2ab59a1b08fa|rpc:10.1.0.60:45225|dataStream:|priority:0, cc42eaea-95b8-4e06-8ab8-c6a666088562|rpc:10.1.0.60:40923|dataStream:|priority:0], old=null
2022-10-16 13:17:52,539 [3b0c5cea-2642-4356-a139-2ab59a1b08fa-server-thread1] INFO  segmented.SegmentedRaftLogWorker (SegmentedRaftLogWorker.java:startLogSegment(425)) - 3b0c5cea-2642-4356-a139-2ab59a1b08fa@group-758BF45CA48F-SegmentedRaftLogWorker: Starting segment from index:0
2022-10-16 13:17:52,541 [cc42eaea-95b8-4e06-8ab8-c6a666088562-server-thread1] INFO  server.RaftServer$Division (ServerState.java:setRaftConf(393)) - cc42eaea-95b8-4e06-8ab8-c6a666088562@group-758BF45CA48F: set configuration 0: [798bd20d-f8fb-4a71-ae86-73308eed48c7|rpc:10.1.0.60:37043|dataStream:|priority:1, 3b0c5cea-2642-4356-a139-2ab59a1b08fa|rpc:10.1.0.60:45225|dataStream:|priority:0, cc42eaea-95b8-4e06-8ab8-c6a666088562|rpc:10.1.0.60:40923|dataStream:|priority:0], old=null
2022-10-16 13:17:52,541 [cc42eaea-95b8-4e06-8ab8-c6a666088562-server-thread1] INFO  segmented.SegmentedRaftLogWorker (SegmentedRaftLogWorker.java:startLogSegment(425)) - cc42eaea-95b8-4e06-8ab8-c6a666088562@group-758BF45CA48F-SegmentedRaftLogWorker: Starting segment from index:0
2022-10-16 13:17:52,542 [3b0c5cea-2642-4356-a139-2ab59a1b08fa@group-758BF45CA48F-SegmentedRaftLogWorker] INFO  segmented.SegmentedRaftLogWorker (SegmentedRaftLogWorker.java:execute(629)) - 3b0c5cea-2642-4356-a139-2ab59a1b08fa@group-758BF45CA48F-SegmentedRaftLogWorker: created new log segment /home/runner/work/ozone/ozone/hadoop-ozone/integration-test/target/test-dir/MiniOzoneClusterImpl-4f724465-3e6c-4465-87e8-0372c8c9e6dc/datanode-0/data/ratis/1daec092-3c1b-4eb1-84cd-758bf45ca48f/current/log_inprogress_0
2022-10-16 13:17:52,542 [cc42eaea-95b8-4e06-8ab8-c6a666088562@group-758BF45CA48F-SegmentedRaftLogWorker] INFO  segmented.SegmentedRaftLogWorker (SegmentedRaftLogWorker.java:execute(629)) - cc42eaea-95b8-4e06-8ab8-c6a666088562@group-758BF45CA48F-SegmentedRaftLogWorker: created new log segment /home/runner/work/ozone/ozone/hadoop-ozone/integration-test/target/test-dir/MiniOzoneClusterImpl-4f724465-3e6c-4465-87e8-0372c8c9e6dc/datanode-1/data/ratis/1daec092-3c1b-4eb1-84cd-758bf45ca48f/current/log_inprogress_0
2022-10-16 13:17:53,170 [ReplicationMonitor] INFO  replication.ReplicationManager (ReplicationManager.java:processAll(324)) - Replication Monitor Thread took 0 milliseconds for processing 7 containers.
2022-10-16 13:17:53,351 [ReplicationMonitor] INFO  replication.ReplicationManager (ReplicationManager.java:processAll(291)) - Replication Manager is not ready to run until 3000ms after safemode exit
2022-10-16 13:17:53,471 [Listener at 127.0.0.1/40605] INFO  ozone.MiniOzoneClusterImpl (MiniOzoneClusterImpl.java:lambda$waitForClusterToBeReady$0(216)) - Nodes are ready. Got 5 of 5 DN Heartbeats.
2022-10-16 13:17:53,471 [Listener at 127.0.0.1/40605] INFO  ozone.MiniOzoneClusterImpl (MiniOzoneClusterImpl.java:lambda$waitForClusterToBeReady$0(219)) - Cluster exits safe mode
2022-10-16 13:17:53,471 [Listener at 127.0.0.1/40605] INFO  ozone.MiniOzoneClusterImpl (MiniOzoneClusterImpl.java:lambda$waitForClusterToBeReady$0(221)) - SCM became leader
2022-10-16 13:17:53,478 [Listener at 127.0.0.1/40605] INFO  rpc.RpcClient (RpcClient.java:createVolume(471)) - Creating Volume: 1303b662-cba6-4ab6-9ce9-9538cc5889ea, with runner as owner and space quota set to -1 bytes, counts quota set to -1
2022-10-16 13:17:53,485 [OM StateMachine ApplyTransaction Thread - 0] INFO  volume.OMVolumeCreateRequest (OMVolumeCreateRequest.java:validateAndUpdateCache(195)) - created volume:1303b662-cba6-4ab6-9ce9-9538cc5889ea for user:runner
2022-10-16 13:17:53,491 [Listener at 127.0.0.1/40605] INFO  rpc.RpcClient (RpcClient.java:createBucket(674)) - Creating Bucket: 1303b662-cba6-4ab6-9ce9-9538cc5889ea/9b1a67cc-9e43-4fb5-85d7-c30713ea6965, with server-side default bucket layout, runner as owner, Versioning false, Storage Type set to DISK and Encryption set to false 
2022-10-16 13:17:53,494 [OM StateMachine ApplyTransaction Thread - 0] INFO  bucket.OMBucketCreateRequest (OMBucketCreateRequest.java:validateAndUpdateCache(260)) - created bucket: 9b1a67cc-9e43-4fb5-85d7-c30713ea6965 of layout LEGACY in volume: 1303b662-cba6-4ab6-9ce9-9538cc5889ea
2022-10-16 13:17:53,504 [IPC Server handler 1 on default port 34879] INFO  ha.SequenceIdGenerator (SequenceIdGenerator.java:getNextId(128)) - Allocate a batch for containerId, change lastId from 0 to 1000.
2022-10-16 13:17:53,504 [IPC Server handler 1 on default port 34879] WARN  ha.SequenceIdGenerator (SequenceIdGenerator.java:allocateBatch(237)) - Failed to allocate a batch for localId, expected lastId is 0, actual lastId is 109611004723200000.
2022-10-16 13:17:53,504 [IPC Server handler 1 on default port 34879] INFO  ha.SequenceIdGenerator (SequenceIdGenerator.java:getNextId(128)) - Allocate a batch for localId, change lastId from 109611004723200000 to 109611004723201000.
2022-10-16 13:17:53,651 [Listener at 127.0.0.1/40605] INFO  container.TestHelper (TestHelper.java:countReplicas(385)) - Container 1 has 3 replicas on [3b0c5cea-2642-4356-a139-2ab59a1b08fa, 798bd20d-f8fb-4a71-ae86-73308eed48c7, cc42eaea-95b8-4e06-8ab8-c6a666088562]
2022-10-16 13:17:53,652 [EventQueue-CloseContainerForCloseContainerEventHandler] INFO  container.CloseContainerEventHandler (CloseContainerEventHandler.java:onMessage(71)) - Close container Event triggered for container : #1
2022-10-16 13:17:53,652 [EventQueue-CloseContainerForCloseContainerEventHandler] INFO  container.CloseContainerEventHandler (CloseContainerEventHandler.java:onMessage(71)) - Close container Event triggered for container : #1
2022-10-16 13:17:53,652 [EventQueue-CloseContainerForCloseContainerEventHandler] INFO  container.CloseContainerEventHandler (CloseContainerEventHandler.java:onMessage(71)) - Close container Event triggered for container : #1
2022-10-16 13:17:54,170 [ReplicationMonitor] INFO  replication.ReplicationManager (ReplicationManager.java:processAll(324)) - Replication Monitor Thread took 0 milliseconds for processing 7 containers.
2022-10-16 13:17:54,352 [ReplicationMonitor] INFO  replication.ReplicationManager (ReplicationManager.java:processAll(291)) - Replication Manager is not ready to run until 3000ms after safemode exit
2022-10-16 13:17:55,170 [ReplicationMonitor] INFO  replication.ReplicationManager (ReplicationManager.java:processAll(324)) - Replication Monitor Thread took 0 milliseconds for processing 7 containers.
2022-10-16 13:17:55,352 [ReplicationMonitor] INFO  replication.ReplicationManager (ReplicationManager.java:processAll(291)) - Replication Manager is not ready to run until 3000ms after safemode exit
2022-10-16 13:17:55,590 [ContainerOp-1daec092-3c1b-4eb1-84cd-758bf45ca48f-4] INFO  keyvalue.KeyValueContainer (KeyValueContainer.java:flushAndSyncDB(436)) - Container 1 is synced with bcsId 4.
2022-10-16 13:17:55,590 [ContainerOp-1daec092-3c1b-4eb1-84cd-758bf45ca48f-4] INFO  keyvalue.KeyValueContainer (KeyValueContainer.java:flushAndSyncDB(436)) - Container 1 is synced with bcsId 4.
2022-10-16 13:17:55,601 [ContainerOp-1daec092-3c1b-4eb1-84cd-758bf45ca48f-4] INFO  keyvalue.KeyValueContainer (KeyValueContainer.java:close(351)) - Container 1 is closed with bcsId 4.
2022-10-16 13:17:55,608 [ContainerOp-1daec092-3c1b-4eb1-84cd-758bf45ca48f-4] INFO  keyvalue.KeyValueContainer (KeyValueContainer.java:flushAndSyncDB(436)) - Container 1 is synced with bcsId 4.
2022-10-16 13:17:55,608 [ContainerOp-1daec092-3c1b-4eb1-84cd-758bf45ca48f-4] INFO  keyvalue.KeyValueContainer (KeyValueContainer.java:flushAndSyncDB(436)) - Container 1 is synced with bcsId 4.
2022-10-16 13:17:55,610 [ContainerOp-1daec092-3c1b-4eb1-84cd-758bf45ca48f-4] INFO  keyvalue.KeyValueContainer (KeyValueContainer.java:close(351)) - Container 1 is closed with bcsId 4.
2022-10-16 13:17:55,612 [FixedThreadPoolWithAffinityExecutor-9-0] INFO  container.IncrementalContainerReportHandler (AbstractContainerReportHandler.java:updateContainerState(292)) - Moving container #1 to CLOSED state, datanode 798bd20d-f8fb-4a71-ae86-73308eed48c7{ip: 10.1.0.60, host: fv-az308-250.etcbaq1qs54eplwmrjlabigyle.cx.internal.cloudapp.net, ports: [REPLICATION=45673, RATIS=37043, RATIS_ADMIN=37043, RATIS_SERVER=37043, STANDALONE=35435], networkLocation: /default-rack, certSerialId: null, persistedOpState: IN_SERVICE, persistedOpStateExpiryEpochSec: 0} reported CLOSED replica.
2022-10-16 13:17:55,613 [ContainerOp-1daec092-3c1b-4eb1-84cd-758bf45ca48f-4] INFO  keyvalue.KeyValueContainer (KeyValueContainer.java:flushAndSyncDB(436)) - Container 1 is synced with bcsId 4.
2022-10-16 13:17:55,613 [ContainerOp-1daec092-3c1b-4eb1-84cd-758bf45ca48f-4] INFO  keyvalue.KeyValueContainer (KeyValueContainer.java:flushAndSyncDB(436)) - Container 1 is synced with bcsId 4.
2022-10-16 13:17:55,615 [ContainerOp-1daec092-3c1b-4eb1-84cd-758bf45ca48f-4] INFO  keyvalue.KeyValueContainer (KeyValueContainer.java:close(351)) - Container 1 is closed with bcsId 4.
2022-10-16 13:17:55,668 [Listener at 127.0.0.1/40605] INFO  ozoneimpl.OzoneContainer (OzoneContainer.java:stop(400)) - Attempting to stop container services.
2022-10-16 13:17:55,668 [Listener at 127.0.0.1/40605] INFO  server.RaftServer (RaftServerProxy.java:lambda$close$7(398)) - 3b0c5cea-2642-4356-a139-2ab59a1b08fa: close
2022-10-16 13:17:55,668 [Listener at 127.0.0.1/40605] INFO  server.RaftServer$Division (RaftServerImpl.java:lambda$close$4(434)) - 3b0c5cea-2642-4356-a139-2ab59a1b08fa@group-B0D589BE929C: shutdown
2022-10-16 13:17:55,669 [Listener at 127.0.0.1/40605] INFO  util.JmxRegister (JmxRegister.java:unregister(73)) - Successfully un-registered JMX Bean with object name Ratis:service=RaftServer,group=group-B0D589BE929C,id=3b0c5cea-2642-4356-a139-2ab59a1b08fa
2022-10-16 13:17:55,669 [Listener at 127.0.0.1/40605] INFO  impl.RoleInfo (RoleInfo.java:shutdownLeaderState(93)) - 3b0c5cea-2642-4356-a139-2ab59a1b08fa: shutdown 3b0c5cea-2642-4356-a139-2ab59a1b08fa@group-B0D589BE929C-LeaderStateImpl
2022-10-16 13:17:55,669 [Listener at 127.0.0.1/40605] INFO  impl.PendingRequests (PendingRequests.java:sendNotLeaderResponses(282)) - 3b0c5cea-2642-4356-a139-2ab59a1b08fa@group-B0D589BE929C-PendingRequests: sendNotLeaderResponses
2022-10-16 13:17:55,670 [Listener at 127.0.0.1/40605] INFO  impl.StateMachineUpdater (StateMachineUpdater.java:stopAndJoin(153)) - 3b0c5cea-2642-4356-a139-2ab59a1b08fa@group-B0D589BE929C-StateMachineUpdater: set stopIndex = 0
2022-10-16 13:17:55,670 [3b0c5cea-2642-4356-a139-2ab59a1b08fa@group-B0D589BE929C-StateMachineUpdater] INFO  ratis.ContainerStateMachine (ContainerStateMachine.java:takeSnapshot(304)) - group-B0D589BE929C: Taking a snapshot at:(t:1, i:0) file /home/runner/work/ozone/ozone/hadoop-ozone/integration-test/target/test-dir/MiniOzoneClusterImpl-4f724465-3e6c-4465-87e8-0372c8c9e6dc/datanode-0/data/ratis/370d2757-bf6c-4b20-ad42-b0d589be929c/sm/snapshot.1_0
2022-10-16 13:17:55,671 [3b0c5cea-2642-4356-a139-2ab59a1b08fa@group-B0D589BE929C-StateMachineUpdater] INFO  ratis.ContainerStateMachine (ContainerStateMachine.java:takeSnapshot(315)) - group-B0D589BE929C: Finished taking a snapshot at:(t:1, i:0) file:/home/runner/work/ozone/ozone/hadoop-ozone/integration-test/target/test-dir/MiniOzoneClusterImpl-4f724465-3e6c-4465-87e8-0372c8c9e6dc/datanode-0/data/ratis/370d2757-bf6c-4b20-ad42-b0d589be929c/sm/snapshot.1_0 took: 0 ms
2022-10-16 13:17:55,671 [3b0c5cea-2642-4356-a139-2ab59a1b08fa@group-B0D589BE929C-StateMachineUpdater] INFO  impl.StateMachineUpdater (StateMachineUpdater.java:takeSnapshot(287)) - 3b0c5cea-2642-4356-a139-2ab59a1b08fa@group-B0D589BE929C-StateMachineUpdater: Took a snapshot at index 0
2022-10-16 13:17:55,671 [3b0c5cea-2642-4356-a139-2ab59a1b08fa@group-B0D589BE929C-StateMachineUpdater] INFO  impl.StateMachineUpdater (StateMachineUpdater.java:lambda$new$0(92)) - 3b0c5cea-2642-4356-a139-2ab59a1b08fa@group-B0D589BE929C-StateMachineUpdater: snapshotIndex: updateIncreasingly -1 -> 0
2022-10-16 13:17:55,671 [Listener at 127.0.0.1/40605] INFO  server.RaftServer$Division (ServerState.java:close(429)) - 3b0c5cea-2642-4356-a139-2ab59a1b08fa@group-B0D589BE929C: closes. applyIndex: 0
2022-10-16 13:17:55,671 [3b0c5cea-2642-4356-a139-2ab59a1b08fa@group-B0D589BE929C-SegmentedRaftLogWorker] INFO  segmented.SegmentedRaftLogWorker (SegmentedRaftLogWorker.java:run(336)) - 3b0c5cea-2642-4356-a139-2ab59a1b08fa@group-B0D589BE929C-SegmentedRaftLogWorker was interrupted, exiting. There are 0 tasks remaining in the queue.
2022-10-16 13:17:55,671 [Listener at 127.0.0.1/40605] INFO  segmented.SegmentedRaftLogWorker (SegmentedRaftLogWorker.java:close(246)) - 3b0c5cea-2642-4356-a139-2ab59a1b08fa@group-B0D589BE929C-SegmentedRaftLogWorker close()
2022-10-16 13:17:55,673 [Listener at 127.0.0.1/40605] INFO  server.RaftServer$Division (RaftServerImpl.java:lambda$close$4(434)) - 3b0c5cea-2642-4356-a139-2ab59a1b08fa@group-758BF45CA48F: shutdown
2022-10-16 13:17:55,673 [Listener at 127.0.0.1/40605] INFO  util.JmxRegister (JmxRegister.java:unregister(73)) - Successfully un-registered JMX Bean with object name Ratis:service=RaftServer,group=group-758BF45CA48F,id=3b0c5cea-2642-4356-a139-2ab59a1b08fa
2022-10-16 13:17:55,673 [Listener at 127.0.0.1/40605] INFO  impl.RoleInfo (RoleInfo.java:shutdownFollowerState(110)) - 3b0c5cea-2642-4356-a139-2ab59a1b08fa: shutdown 3b0c5cea-2642-4356-a139-2ab59a1b08fa@group-758BF45CA48F-FollowerState
2022-10-16 13:17:55,673 [3b0c5cea-2642-4356-a139-2ab59a1b08fa@group-758BF45CA48F-FollowerState] INFO  impl.FollowerState (FollowerState.java:run(152)) - 3b0c5cea-2642-4356-a139-2ab59a1b08fa@group-758BF45CA48F-FollowerState was interrupted
2022-10-16 13:17:55,673 [3b0c5cea-2642-4356-a139-2ab59a1b08fa@group-758BF45CA48F-StateMachineUpdater] INFO  ratis.ContainerStateMachine (ContainerStateMachine.java:takeSnapshot(304)) - group-758BF45CA48F: Taking a snapshot at:(t:2, i:9) file /home/runner/work/ozone/ozone/hadoop-ozone/integration-test/target/test-dir/MiniOzoneClusterImpl-4f724465-3e6c-4465-87e8-0372c8c9e6dc/datanode-0/data/ratis/1daec092-3c1b-4eb1-84cd-758bf45ca48f/sm/snapshot.2_9
2022-10-16 13:17:55,674 [Listener at 127.0.0.1/40605] INFO  impl.StateMachineUpdater (StateMachineUpdater.java:stopAndJoin(153)) - 3b0c5cea-2642-4356-a139-2ab59a1b08fa@group-758BF45CA48F-StateMachineUpdater: set stopIndex = 9
2022-10-16 13:17:55,675 [3b0c5cea-2642-4356-a139-2ab59a1b08fa@group-758BF45CA48F-StateMachineUpdater] INFO  ratis.ContainerStateMachine (ContainerStateMachine.java:takeSnapshot(315)) - group-758BF45CA48F: Finished taking a snapshot at:(t:2, i:9) file:/home/runner/work/ozone/ozone/hadoop-ozone/integration-test/target/test-dir/MiniOzoneClusterImpl-4f724465-3e6c-4465-87e8-0372c8c9e6dc/datanode-0/data/ratis/1daec092-3c1b-4eb1-84cd-758bf45ca48f/sm/snapshot.2_9 took: 1 ms
2022-10-16 13:17:55,675 [3b0c5cea-2642-4356-a139-2ab59a1b08fa@group-758BF45CA48F-StateMachineUpdater] INFO  impl.StateMachineUpdater (StateMachineUpdater.java:takeSnapshot(287)) - 3b0c5cea-2642-4356-a139-2ab59a1b08fa@group-758BF45CA48F-StateMachineUpdater: Took a snapshot at index 9
2022-10-16 13:17:55,675 [3b0c5cea-2642-4356-a139-2ab59a1b08fa@group-758BF45CA48F-StateMachineUpdater] INFO  impl.StateMachineUpdater (StateMachineUpdater.java:lambda$new$0(92)) - 3b0c5cea-2642-4356-a139-2ab59a1b08fa@group-758BF45CA48F-StateMachineUpdater: snapshotIndex: updateIncreasingly -1 -> 9
2022-10-16 13:17:55,675 [Listener at 127.0.0.1/40605] INFO  server.RaftServer$Division (ServerState.java:close(429)) - 3b0c5cea-2642-4356-a139-2ab59a1b08fa@group-758BF45CA48F: closes. applyIndex: 9
2022-10-16 13:17:55,676 [3b0c5cea-2642-4356-a139-2ab59a1b08fa@group-758BF45CA48F-SegmentedRaftLogWorker] INFO  segmented.SegmentedRaftLogWorker (SegmentedRaftLogWorker.java:run(336)) - 3b0c5cea-2642-4356-a139-2ab59a1b08fa@group-758BF45CA48F-SegmentedRaftLogWorker was interrupted, exiting. There are 0 tasks remaining in the queue.
2022-10-16 13:17:55,676 [Listener at 127.0.0.1/40605] INFO  segmented.SegmentedRaftLogWorker (SegmentedRaftLogWorker.java:close(246)) - 3b0c5cea-2642-4356-a139-2ab59a1b08fa@group-758BF45CA48F-SegmentedRaftLogWorker close()
2022-10-16 13:17:55,679 [Listener at 127.0.0.1/40605] INFO  server.GrpcService (GrpcService.java:closeImpl(269)) - 3b0c5cea-2642-4356-a139-2ab59a1b08fa: shutdown server with port 45225 now
2022-10-16 13:17:55,681 [grpc-default-executor-8] WARN  server.GrpcServerProtocolService (LogUtils.java:warn(122)) - 3b0c5cea-2642-4356-a139-2ab59a1b08fa: installSnapshot onError, lastRequest: 798bd20d-f8fb-4a71-ae86-73308eed48c7->3b0c5cea-2642-4356-a139-2ab59a1b08fa#322-t2,previous=(t:2, i:9),leaderCommit=9,initializing? true,entries: size=1, first=(t:2, i:10), METADATAENTRY(c:9): org.apache.ratis.thirdparty.io.grpc.StatusRuntimeException: CANCELLED: client cancelled
2022-10-16 13:17:55,681 [grpc-default-executor-6] WARN  server.GrpcLogAppender (LogUtils.java:warn(122)) - 798bd20d-f8fb-4a71-ae86-73308eed48c7@group-758BF45CA48F->3b0c5cea-2642-4356-a139-2ab59a1b08fa-AppendLogResponseHandler: Failed appendEntries: org.apache.ratis.thirdparty.io.grpc.StatusRuntimeException: CANCELLED: RST_STREAM closed stream. HTTP/2 error code: CANCEL
2022-10-16 13:17:55,681 [grpc-default-executor-6] INFO  leader.FollowerInfo (FollowerInfoImpl.java:lambda$new$0(48)) - 798bd20d-f8fb-4a71-ae86-73308eed48c7@group-758BF45CA48F->3b0c5cea-2642-4356-a139-2ab59a1b08fa: nextIndex: updateUnconditionally 11 -> 10
2022-10-16 13:17:55,681 [Listener at 127.0.0.1/40605] INFO  server.GrpcService (GrpcService.java:closeImpl(278)) - 3b0c5cea-2642-4356-a139-2ab59a1b08fa: shutdown server with port 45225 successfully
2022-10-16 13:17:55,681 [org.apache.ratis.util.JvmPauseMonitor$$Lambda$639/339294883@65d7a236] INFO  util.JvmPauseMonitor (JvmPauseMonitor.java:run(109)) - JvmPauseMonitor-3b0c5cea-2642-4356-a139-2ab59a1b08fa: Stopped
2022-10-16 13:17:55,684 [grpc-default-executor-6] WARN  server.GrpcLogAppender (LogUtils.java:warn(122)) - 798bd20d-f8fb-4a71-ae86-73308eed48c7@group-758BF45CA48F->3b0c5cea-2642-4356-a139-2ab59a1b08fa-AppendLogResponseHandler: Failed appendEntries: org.apache.ratis.thirdparty.io.grpc.StatusRuntimeException: UNAVAILABLE: io exception
2022-10-16 13:17:55,685 [grpc-default-executor-6] INFO  leader.FollowerInfo (FollowerInfoImpl.java:lambda$new$0(48)) - 798bd20d-f8fb-4a71-ae86-73308eed48c7@group-758BF45CA48F->3b0c5cea-2642-4356-a139-2ab59a1b08fa: nextIndex: updateUnconditionally 11 -> 10
2022-10-16 13:17:56,171 [ReplicationMonitor] INFO  replication.ReplicationManager (ReplicationManager.java:processAll(324)) - Replication Monitor Thread took 1 milliseconds for processing 7 containers.
2022-10-16 13:17:56,352 [ReplicationMonitor] INFO  replication.ReplicationManager (ReplicationManager.java:processAll(324)) - Replication Monitor Thread took 0 milliseconds for processing 1 containers.
2022-10-16 13:17:57,171 [ReplicationMonitor] INFO  replication.ReplicationManager (ReplicationManager.java:processAll(324)) - Replication Monitor Thread took 0 milliseconds for processing 7 containers.
2022-10-16 13:17:57,353 [ReplicationMonitor] INFO  replication.ReplicationManager (ReplicationManager.java:processAll(324)) - Replication Monitor Thread took 1 milliseconds for processing 1 containers.
2022-10-16 13:17:57,693 [Listener at 127.0.0.1/40605] INFO  utils.BackgroundService (BackgroundService.java:shutdown(141)) - Shutting down service BlockDeletingService
2022-10-16 13:17:57,693 [Listener at 127.0.0.1/40605] INFO  utils.BackgroundService (BackgroundService.java:shutdown(141)) - Shutting down service StaleRecoveringContainerScrubbingService
2022-10-16 13:17:57,695 [Listener at 127.0.0.1/40605] INFO  statemachine.DatanodeStateMachine (DatanodeStateMachine.java:stopDaemon(580)) - Ozone container server stopped.
2022-10-16 13:17:57,702 [Listener at 127.0.0.1/40605] INFO  handler.ContextHandler (ContextHandler.java:doStop(1153)) - Stopped o.e.j.w.WebAppContext@4cee40cd{hddsDatanode,/,null,STOPPED}{jar:file:/home/runner/.m2/repository/org/apache/ozone/hdds-container-service/1.3.0-SNAPSHOT/hdds-container-service-1.3.0-SNAPSHOT.jar!/webapps/hddsDatanode}
2022-10-16 13:17:57,703 [Listener at 127.0.0.1/40605] INFO  server.AbstractConnector (AbstractConnector.java:doStop(381)) - Stopped ServerConnector@25b42666{HTTP/1.1, (http/1.1)}{0.0.0.0:0}
2022-10-16 13:17:57,703 [Listener at 127.0.0.1/40605] INFO  server.session (HouseKeeper.java:stopScavenging(149)) - node0 Stopped scavenging
2022-10-16 13:17:57,703 [Listener at 127.0.0.1/40605] INFO  handler.ContextHandler (ContextHandler.java:doStop(1153)) - Stopped o.e.j.s.ServletContextHandler@e729e1f{static,/static,jar:file:/home/runner/.m2/repository/org/apache/ozone/hdds-container-service/1.3.0-SNAPSHOT/hdds-container-service-1.3.0-SNAPSHOT.jar!/webapps/static,STOPPED}
2022-10-16 13:17:57,703 [Listener at 127.0.0.1/40605] INFO  handler.ContextHandler (ContextHandler.java:doStop(1153)) - Stopped o.e.j.s.ServletContextHandler@b44bc36{logs,/logs,file:///home/runner/work/ozone/ozone/hadoop-ozone/integration-test/target/log,STOPPED}
2022-10-16 13:17:57,767 [Listener at 127.0.0.1/40605] INFO  ozone.MiniOzoneClusterImpl (MiniOzoneClusterImpl.java:shutdown(448)) - Shutting down the Mini Ozone Cluster
2022-10-16 13:17:57,768 [Listener at 127.0.0.1/40605] INFO  ozone.MiniOzoneClusterImpl (MiniOzoneClusterImpl.java:stop(463)) - Stopping the Mini Ozone Cluster
2022-10-16 13:17:57,768 [Listener at 127.0.0.1/40605] INFO  ozone.MiniOzoneClusterImpl (MiniOzoneClusterImpl.java:stopOM(545)) - Stopping the OzoneManager
2022-10-16 13:17:57,768 [Listener at 127.0.0.1/40605] INFO  om.OzoneManager (OzoneManager.java:stop(2034)) - om1[localhost:0]: Stopping Ozone Manager
2022-10-16 13:17:57,768 [Listener at 127.0.0.1/40605] INFO  ipc.Server (Server.java:stop(3428)) - Stopping server on 40605
2022-10-16 13:17:57,771 [IPC Server Responder] INFO  ipc.Server (Server.java:run(1517)) - Stopping IPC Server Responder
2022-10-16 13:17:57,772 [Listener at 127.0.0.1/40605] INFO  server.RaftServer (RaftServerProxy.java:lambda$close$7(398)) - om1: close
2022-10-16 13:17:57,772 [IPC Server listener on 0] INFO  ipc.Server (Server.java:run(1384)) - Stopping IPC Server listener on 0
2022-10-16 13:17:57,772 [Listener at 127.0.0.1/40605] INFO  server.RaftServer$Division (RaftServerImpl.java:lambda$close$4(434)) - om1@group-C5BA1605619E: shutdown
2022-10-16 13:17:57,772 [Listener at 127.0.0.1/40605] INFO  util.JmxRegister (JmxRegister.java:unregister(73)) - Successfully un-registered JMX Bean with object name Ratis:service=RaftServer,group=group-C5BA1605619E,id=om1
2022-10-16 13:17:57,773 [Listener at 127.0.0.1/40605] INFO  impl.RoleInfo (RoleInfo.java:shutdownLeaderState(93)) - om1: shutdown om1@group-C5BA1605619E-LeaderStateImpl
2022-10-16 13:17:57,773 [Listener at 127.0.0.1/40605] INFO  impl.PendingRequests (PendingRequests.java:sendNotLeaderResponses(282)) - om1@group-C5BA1605619E-PendingRequests: sendNotLeaderResponses
2022-10-16 13:17:57,779 [Listener at 127.0.0.1/40605] INFO  impl.StateMachineUpdater (StateMachineUpdater.java:stopAndJoin(153)) - om1@group-C5BA1605619E-StateMachineUpdater: set stopIndex = 8
2022-10-16 13:17:57,779 [om1@group-C5BA1605619E-StateMachineUpdater] INFO  ratis.OzoneManagerStateMachine (OzoneManagerStateMachine.java:takeSnapshot(441)) - Current Snapshot Index (t:1, i:8)
2022-10-16 13:17:57,779 [om1@group-C5BA1605619E-StateMachineUpdater] INFO  impl.StateMachineUpdater (StateMachineUpdater.java:takeSnapshot(287)) - om1@group-C5BA1605619E-StateMachineUpdater: Took a snapshot at index 8
2022-10-16 13:17:57,779 [om1@group-C5BA1605619E-StateMachineUpdater] INFO  impl.StateMachineUpdater (StateMachineUpdater.java:lambda$new$0(92)) - om1@group-C5BA1605619E-StateMachineUpdater: snapshotIndex: updateIncreasingly -1 -> 8
2022-10-16 13:17:57,779 [om1@group-C5BA1605619E-StateMachineUpdater] INFO  ratis.OzoneManagerStateMachine (OzoneManagerStateMachine.java:close(495)) - StateMachine has shutdown. Shutdown OzoneManager if not already shutdown.
2022-10-16 13:17:57,779 [om1@group-C5BA1605619E-StateMachineUpdater] INFO  ratis.OzoneManagerDoubleBuffer (OzoneManagerDoubleBuffer.java:stop(466)) - Stopping OMDoubleBuffer flush thread
2022-10-16 13:17:57,780 [OMDoubleBufferFlushThread] INFO  ratis.OzoneManagerDoubleBuffer (OzoneManagerDoubleBuffer.java:flushTransactions(385)) - OMDoubleBuffer flush thread OMDoubleBufferFlushThread is interrupted and will exit.
2022-10-16 13:17:57,780 [Listener at 127.0.0.1/40605] INFO  server.RaftServer$Division (ServerState.java:close(429)) - om1@group-C5BA1605619E: closes. applyIndex: 8
2022-10-16 13:17:57,780 [om1@group-C5BA1605619E-SegmentedRaftLogWorker] INFO  segmented.SegmentedRaftLogWorker (SegmentedRaftLogWorker.java:run(336)) - om1@group-C5BA1605619E-SegmentedRaftLogWorker was interrupted, exiting. There are 0 tasks remaining in the queue.
2022-10-16 13:17:57,781 [Listener at 127.0.0.1/40605] INFO  segmented.SegmentedRaftLogWorker (SegmentedRaftLogWorker.java:close(246)) - om1@group-C5BA1605619E-SegmentedRaftLogWorker close()
2022-10-16 13:17:57,781 [Listener at 127.0.0.1/40605] INFO  server.GrpcService (GrpcService.java:closeImpl(269)) - om1: shutdown server with port 9872 now
2022-10-16 13:17:57,781 [Listener at 127.0.0.1/40605] INFO  server.GrpcService (GrpcService.java:closeImpl(278)) - om1: shutdown server with port 9872 successfully
2022-10-16 13:17:57,782 [org.apache.ratis.util.JvmPauseMonitor$$Lambda$639/339294883@342225e4] INFO  util.JvmPauseMonitor (JvmPauseMonitor.java:run(109)) - JvmPauseMonitor-om1: Stopped
2022-10-16 13:17:57,782 [Listener at 127.0.0.1/40605] INFO  ratis.OzoneManagerStateMachine (OzoneManagerStateMachine.java:close(495)) - StateMachine has shutdown. Shutdown OzoneManager if not already shutdown.
2022-10-16 13:17:57,782 [Listener at 127.0.0.1/40605] INFO  ratis.OzoneManagerDoubleBuffer (OzoneManagerDoubleBuffer.java:stop(478)) - OMDoubleBuffer flush thread is not running.
2022-10-16 13:17:57,782 [Listener at 127.0.0.1/40605] INFO  utils.BackgroundService (BackgroundService.java:shutdown(141)) - Shutting down service KeyDeletingService
2022-10-16 13:17:57,783 [Listener at 127.0.0.1/40605] INFO  utils.BackgroundService (BackgroundService.java:shutdown(141)) - Shutting down service DirectoryDeletingService
2022-10-16 13:17:57,783 [Listener at 127.0.0.1/40605] INFO  utils.BackgroundService (BackgroundService.java:shutdown(141)) - Shutting down service OpenKeyCleanupService
2022-10-16 13:17:57,785 [Listener at 127.0.0.1/40605] INFO  handler.ContextHandler (ContextHandler.java:doStop(1153)) - Stopped o.e.j.w.WebAppContext@678331cb{ozoneManager,/,null,STOPPED}{file:/home/runner/work/ozone/ozone/hadoop-ozone/integration-test/target/test-classes/webapps/ozoneManager}
2022-10-16 13:17:57,785 [Listener at 127.0.0.1/40605] INFO  server.AbstractConnector (AbstractConnector.java:doStop(381)) - Stopped ServerConnector@3e874f3e{HTTP/1.1, (http/1.1)}{0.0.0.0:0}
2022-10-16 13:17:57,785 [Listener at 127.0.0.1/40605] INFO  server.session (HouseKeeper.java:stopScavenging(149)) - node0 Stopped scavenging
2022-10-16 13:17:57,785 [Listener at 127.0.0.1/40605] INFO  handler.ContextHandler (ContextHandler.java:doStop(1153)) - Stopped o.e.j.s.ServletContextHandler@19b086cd{static,/static,file:///home/runner/work/ozone/ozone/hadoop-ozone/integration-test/target/test-classes/webapps/static,STOPPED}
2022-10-16 13:17:57,785 [Listener at 127.0.0.1/40605] INFO  handler.ContextHandler (ContextHandler.java:doStop(1153)) - Stopped o.e.j.s.ServletContextHandler@60187664{logs,/logs,file:///home/runner/work/ozone/ozone/hadoop-ozone/integration-test/target/log,STOPPED}
2022-10-16 13:17:57,787 [Listener at 127.0.0.1/40605] INFO  ozone.MiniOzoneClusterImpl (MiniOzoneClusterImpl.java:stopDatanodes(522)) - Stopping the HddsDatanodes
2022-10-16 13:17:57,788 [Listener at 127.0.0.1/40605] INFO  ozoneimpl.OzoneContainer (OzoneContainer.java:stop(400)) - Attempting to stop container services.
2022-10-16 13:17:57,789 [Listener at 127.0.0.1/40605] INFO  server.RaftServer (RaftServerProxy.java:lambda$close$7(398)) - 798bd20d-f8fb-4a71-ae86-73308eed48c7: close
2022-10-16 13:17:57,789 [Listener at 127.0.0.1/40605] INFO  server.RaftServer$Division (RaftServerImpl.java:lambda$close$4(434)) - 798bd20d-f8fb-4a71-ae86-73308eed48c7@group-758BF45CA48F: shutdown
2022-10-16 13:17:57,789 [Listener at 127.0.0.1/40605] INFO  util.JmxRegister (JmxRegister.java:unregister(73)) - Successfully un-registered JMX Bean with object name Ratis:service=RaftServer,group=group-758BF45CA48F,id=798bd20d-f8fb-4a71-ae86-73308eed48c7
2022-10-16 13:17:57,789 [Listener at 127.0.0.1/40605] INFO  impl.RoleInfo (RoleInfo.java:shutdownLeaderState(93)) - 798bd20d-f8fb-4a71-ae86-73308eed48c7: shutdown 798bd20d-f8fb-4a71-ae86-73308eed48c7@group-758BF45CA48F-LeaderStateImpl
2022-10-16 13:17:57,789 [ForkJoinPool.commonPool-worker-0] INFO  ozoneimpl.OzoneContainer (OzoneContainer.java:stop(400)) - Attempting to stop container services.
2022-10-16 13:17:57,790 [Listener at 127.0.0.1/40605] INFO  impl.PendingRequests (PendingRequests.java:sendNotLeaderResponses(282)) - 798bd20d-f8fb-4a71-ae86-73308eed48c7@group-758BF45CA48F-PendingRequests: sendNotLeaderResponses
2022-10-16 13:17:57,789 [798bd20d-f8fb-4a71-ae86-73308eed48c7@group-758BF45CA48F->cc42eaea-95b8-4e06-8ab8-c6a666088562-GrpcLogAppender-LogAppenderDaemon] WARN  server.GrpcLogAppender (GrpcLogAppender.java:mayWait(171)) - 798bd20d-f8fb-4a71-ae86-73308eed48c7@group-758BF45CA48F->cc42eaea-95b8-4e06-8ab8-c6a666088562-GrpcLogAppender: Wait interrupted by java.lang.InterruptedException
2022-10-16 13:17:57,790 [ForkJoinPool.commonPool-worker-0] INFO  server.RaftServer (RaftServerProxy.java:lambda$close$7(398)) - cc42eaea-95b8-4e06-8ab8-c6a666088562: close
2022-10-16 13:17:57,789 [798bd20d-f8fb-4a71-ae86-73308eed48c7@group-758BF45CA48F->3b0c5cea-2642-4356-a139-2ab59a1b08fa-GrpcLogAppender-LogAppenderDaemon] WARN  server.GrpcLogAppender (GrpcLogAppender.java:mayWait(171)) - 798bd20d-f8fb-4a71-ae86-73308eed48c7@group-758BF45CA48F->3b0c5cea-2642-4356-a139-2ab59a1b08fa-GrpcLogAppender: Wait interrupted by java.lang.InterruptedException
2022-10-16 13:17:57,790 [ForkJoinPool.commonPool-worker-0] INFO  server.RaftServer$Division (RaftServerImpl.java:lambda$close$4(434)) - cc42eaea-95b8-4e06-8ab8-c6a666088562@group-758BF45CA48F: shutdown
2022-10-16 13:17:57,790 [grpc-default-executor-6] INFO  server.GrpcServerProtocolService (GrpcServerProtocolService.java:onCompleted(140)) - cc42eaea-95b8-4e06-8ab8-c6a666088562: Completed APPEND_ENTRIES, lastRequest: 798bd20d-f8fb-4a71-ae86-73308eed48c7->cc42eaea-95b8-4e06-8ab8-c6a666088562#214-t2,previous=(t:2, i:9),leaderCommit=9,initializing? true,entries: size=1, first=(t:2, i:10), METADATAENTRY(c:9)
2022-10-16 13:17:57,790 [ForkJoinPool.commonPool-worker-0] INFO  util.JmxRegister (JmxRegister.java:unregister(73)) - Successfully un-registered JMX Bean with object name Ratis:service=RaftServer,group=group-758BF45CA48F,id=cc42eaea-95b8-4e06-8ab8-c6a666088562
2022-10-16 13:17:57,790 [ForkJoinPool.commonPool-worker-0] INFO  impl.RoleInfo (RoleInfo.java:shutdownFollowerState(110)) - cc42eaea-95b8-4e06-8ab8-c6a666088562: shutdown cc42eaea-95b8-4e06-8ab8-c6a666088562@group-758BF45CA48F-FollowerState
2022-10-16 13:17:57,791 [ForkJoinPool.commonPool-worker-0] INFO  impl.StateMachineUpdater (StateMachineUpdater.java:stopAndJoin(153)) - cc42eaea-95b8-4e06-8ab8-c6a666088562@group-758BF45CA48F-StateMachineUpdater: set stopIndex = 9
2022-10-16 13:17:57,791 [cc42eaea-95b8-4e06-8ab8-c6a666088562@group-758BF45CA48F-FollowerState] INFO  impl.FollowerState (FollowerState.java:run(152)) - cc42eaea-95b8-4e06-8ab8-c6a666088562@group-758BF45CA48F-FollowerState was interrupted
2022-10-16 13:17:57,794 [cc42eaea-95b8-4e06-8ab8-c6a666088562@group-758BF45CA48F-StateMachineUpdater] INFO  ratis.ContainerStateMachine (ContainerStateMachine.java:takeSnapshot(304)) - group-758BF45CA48F: Taking a snapshot at:(t:2, i:9) file /home/runner/work/ozone/ozone/hadoop-ozone/integration-test/target/test-dir/MiniOzoneClusterImpl-4f724465-3e6c-4465-87e8-0372c8c9e6dc/datanode-1/data/ratis/1daec092-3c1b-4eb1-84cd-758bf45ca48f/sm/snapshot.2_9
2022-10-16 13:17:57,794 [grpc-default-executor-9] INFO  server.GrpcLogAppender (GrpcLogAppender.java:onCompleted(339)) - 798bd20d-f8fb-4a71-ae86-73308eed48c7@group-758BF45CA48F->cc42eaea-95b8-4e06-8ab8-c6a666088562-AppendLogResponseHandler: follower responses appendEntries COMPLETED
2022-10-16 13:17:57,795 [grpc-default-executor-9] INFO  leader.FollowerInfo (FollowerInfoImpl.java:lambda$new$0(48)) - 798bd20d-f8fb-4a71-ae86-73308eed48c7@group-758BF45CA48F->cc42eaea-95b8-4e06-8ab8-c6a666088562: nextIndex: updateUnconditionally 11 -> 10
2022-10-16 13:17:57,796 [cc42eaea-95b8-4e06-8ab8-c6a666088562@group-758BF45CA48F-StateMachineUpdater] INFO  ratis.ContainerStateMachine (ContainerStateMachine.java:takeSnapshot(315)) - group-758BF45CA48F: Finished taking a snapshot at:(t:2, i:9) file:/home/runner/work/ozone/ozone/hadoop-ozone/integration-test/target/test-dir/MiniOzoneClusterImpl-4f724465-3e6c-4465-87e8-0372c8c9e6dc/datanode-1/data/ratis/1daec092-3c1b-4eb1-84cd-758bf45ca48f/sm/snapshot.2_9 took: 1 ms
2022-10-16 13:17:57,797 [cc42eaea-95b8-4e06-8ab8-c6a666088562@group-758BF45CA48F-StateMachineUpdater] INFO  impl.StateMachineUpdater (StateMachineUpdater.java:takeSnapshot(287)) - cc42eaea-95b8-4e06-8ab8-c6a666088562@group-758BF45CA48F-StateMachineUpdater: Took a snapshot at index 9
2022-10-16 13:17:57,797 [cc42eaea-95b8-4e06-8ab8-c6a666088562@group-758BF45CA48F-StateMachineUpdater] INFO  impl.StateMachineUpdater (StateMachineUpdater.java:lambda$new$0(92)) - cc42eaea-95b8-4e06-8ab8-c6a666088562@group-758BF45CA48F-StateMachineUpdater: snapshotIndex: updateIncreasingly -1 -> 9
2022-10-16 13:17:57,797 [ForkJoinPool.commonPool-worker-0] INFO  server.RaftServer$Division (ServerState.java:close(429)) - cc42eaea-95b8-4e06-8ab8-c6a666088562@group-758BF45CA48F: closes. applyIndex: 9
2022-10-16 13:17:57,797 [cc42eaea-95b8-4e06-8ab8-c6a666088562@group-758BF45CA48F-SegmentedRaftLogWorker] INFO  segmented.SegmentedRaftLogWorker (SegmentedRaftLogWorker.java:run(336)) - cc42eaea-95b8-4e06-8ab8-c6a666088562@group-758BF45CA48F-SegmentedRaftLogWorker was interrupted, exiting. There are 0 tasks remaining in the queue.
2022-10-16 13:17:57,797 [798bd20d-f8fb-4a71-ae86-73308eed48c7@group-758BF45CA48F-StateMachineUpdater] INFO  ratis.ContainerStateMachine (ContainerStateMachine.java:takeSnapshot(304)) - group-758BF45CA48F: Taking a snapshot at:(t:2, i:10) file /home/runner/work/ozone/ozone/hadoop-ozone/integration-test/target/test-dir/MiniOzoneClusterImpl-4f724465-3e6c-4465-87e8-0372c8c9e6dc/datanode-2/data/ratis/1daec092-3c1b-4eb1-84cd-758bf45ca48f/sm/snapshot.2_10
2022-10-16 13:17:57,798 [ForkJoinPool.commonPool-worker-0] INFO  segmented.SegmentedRaftLogWorker (SegmentedRaftLogWorker.java:close(246)) - cc42eaea-95b8-4e06-8ab8-c6a666088562@group-758BF45CA48F-SegmentedRaftLogWorker close()
2022-10-16 13:17:57,798 [Listener at 127.0.0.1/40605] INFO  impl.StateMachineUpdater (StateMachineUpdater.java:stopAndJoin(153)) - 798bd20d-f8fb-4a71-ae86-73308eed48c7@group-758BF45CA48F-StateMachineUpdater: set stopIndex = 10
2022-10-16 13:17:57,798 [ForkJoinPool.commonPool-worker-0] INFO  server.RaftServer$Division (RaftServerImpl.java:lambda$close$4(434)) - cc42eaea-95b8-4e06-8ab8-c6a666088562@group-738D22E264C7: shutdown
2022-10-16 13:17:57,798 [798bd20d-f8fb-4a71-ae86-73308eed48c7@group-758BF45CA48F-StateMachineUpdater] INFO  ratis.ContainerStateMachine (ContainerStateMachine.java:takeSnapshot(315)) - group-758BF45CA48F: Finished taking a snapshot at:(t:2, i:10) file:/home/runner/work/ozone/ozone/hadoop-ozone/integration-test/target/test-dir/MiniOzoneClusterImpl-4f724465-3e6c-4465-87e8-0372c8c9e6dc/datanode-2/data/ratis/1daec092-3c1b-4eb1-84cd-758bf45ca48f/sm/snapshot.2_10 took: 1 ms
2022-10-16 13:17:57,798 [ForkJoinPool.commonPool-worker-0] INFO  util.JmxRegister (JmxRegister.java:unregister(73)) - Successfully un-registered JMX Bean with object name Ratis:service=RaftServer,group=group-738D22E264C7,id=cc42eaea-95b8-4e06-8ab8-c6a666088562
2022-10-16 13:17:57,799 [ForkJoinPool.commonPool-worker-0] INFO  impl.RoleInfo (RoleInfo.java:shutdownLeaderState(93)) - cc42eaea-95b8-4e06-8ab8-c6a666088562: shutdown cc42eaea-95b8-4e06-8ab8-c6a666088562@group-738D22E264C7-LeaderStateImpl
2022-10-16 13:17:57,799 [798bd20d-f8fb-4a71-ae86-73308eed48c7@group-758BF45CA48F-StateMachineUpdater] INFO  impl.StateMachineUpdater (StateMachineUpdater.java:takeSnapshot(287)) - 798bd20d-f8fb-4a71-ae86-73308eed48c7@group-758BF45CA48F-StateMachineUpdater: Took a snapshot at index 10
2022-10-16 13:17:57,799 [798bd20d-f8fb-4a71-ae86-73308eed48c7@group-758BF45CA48F-StateMachineUpdater] INFO  impl.StateMachineUpdater (StateMachineUpdater.java:lambda$new$0(92)) - 798bd20d-f8fb-4a71-ae86-73308eed48c7@group-758BF45CA48F-StateMachineUpdater: snapshotIndex: updateIncreasingly -1 -> 10
2022-10-16 13:17:57,799 [ForkJoinPool.commonPool-worker-0] INFO  impl.PendingRequests (PendingRequests.java:sendNotLeaderResponses(282)) - cc42eaea-95b8-4e06-8ab8-c6a666088562@group-738D22E264C7-PendingRequests: sendNotLeaderResponses
2022-10-16 13:17:57,799 [Listener at 127.0.0.1/40605] INFO  server.RaftServer$Division (ServerState.java:close(429)) - 798bd20d-f8fb-4a71-ae86-73308eed48c7@group-758BF45CA48F: closes. applyIndex: 10
2022-10-16 13:17:57,799 [798bd20d-f8fb-4a71-ae86-73308eed48c7@group-758BF45CA48F-SegmentedRaftLogWorker] INFO  segmented.SegmentedRaftLogWorker (SegmentedRaftLogWorker.java:run(336)) - 798bd20d-f8fb-4a71-ae86-73308eed48c7@group-758BF45CA48F-SegmentedRaftLogWorker was interrupted, exiting. There are 0 tasks remaining in the queue.
2022-10-16 13:17:57,799 [Listener at 127.0.0.1/40605] INFO  segmented.SegmentedRaftLogWorker (SegmentedRaftLogWorker.java:close(246)) - 798bd20d-f8fb-4a71-ae86-73308eed48c7@group-758BF45CA48F-SegmentedRaftLogWorker close()
2022-10-16 13:17:57,800 [Listener at 127.0.0.1/40605] INFO  server.RaftServer$Division (RaftServerImpl.java:lambda$close$4(434)) - 798bd20d-f8fb-4a71-ae86-73308eed48c7@group-FE10DEACEFB7: shutdown
2022-10-16 13:17:57,800 [Listener at 127.0.0.1/40605] INFO  util.JmxRegister (JmxRegister.java:unregister(73)) - Successfully un-registered JMX Bean with object name Ratis:service=RaftServer,group=group-FE10DEACEFB7,id=798bd20d-f8fb-4a71-ae86-73308eed48c7
2022-10-16 13:17:57,800 [Listener at 127.0.0.1/40605] INFO  impl.RoleInfo (RoleInfo.java:shutdownLeaderState(93)) - 798bd20d-f8fb-4a71-ae86-73308eed48c7: shutdown 798bd20d-f8fb-4a71-ae86-73308eed48c7@group-FE10DEACEFB7-LeaderStateImpl
2022-10-16 13:17:57,800 [Listener at 127.0.0.1/40605] INFO  impl.PendingRequests (PendingRequests.java:sendNotLeaderResponses(282)) - 798bd20d-f8fb-4a71-ae86-73308eed48c7@group-FE10DEACEFB7-PendingRequests: sendNotLeaderResponses
2022-10-16 13:17:57,800 [ForkJoinPool.commonPool-worker-0] INFO  impl.StateMachineUpdater (StateMachineUpdater.java:stopAndJoin(153)) - cc42eaea-95b8-4e06-8ab8-c6a666088562@group-738D22E264C7-StateMachineUpdater: set stopIndex = 0
2022-10-16 13:17:57,800 [cc42eaea-95b8-4e06-8ab8-c6a666088562@group-738D22E264C7-StateMachineUpdater] INFO  ratis.ContainerStateMachine (ContainerStateMachine.java:takeSnapshot(304)) - group-738D22E264C7: Taking a snapshot at:(t:1, i:0) file /home/runner/work/ozone/ozone/hadoop-ozone/integration-test/target/test-dir/MiniOzoneClusterImpl-4f724465-3e6c-4465-87e8-0372c8c9e6dc/datanode-1/data/ratis/e0e4d32b-aef3-4c60-b219-738d22e264c7/sm/snapshot.1_0
2022-10-16 13:17:57,801 [Listener at 127.0.0.1/40605] INFO  impl.StateMachineUpdater (StateMachineUpdater.java:stopAndJoin(153)) - 798bd20d-f8fb-4a71-ae86-73308eed48c7@group-FE10DEACEFB7-StateMachineUpdater: set stopIndex = 0
2022-10-16 13:17:57,801 [798bd20d-f8fb-4a71-ae86-73308eed48c7@group-FE10DEACEFB7-StateMachineUpdater] INFO  ratis.ContainerStateMachine (ContainerStateMachine.java:takeSnapshot(304)) - group-FE10DEACEFB7: Taking a snapshot at:(t:1, i:0) file /home/runner/work/ozone/ozone/hadoop-ozone/integration-test/target/test-dir/MiniOzoneClusterImpl-4f724465-3e6c-4465-87e8-0372c8c9e6dc/datanode-2/data/ratis/db5e9d44-81fc-4e70-8dae-fe10deacefb7/sm/snapshot.1_0
2022-10-16 13:17:57,802 [cc42eaea-95b8-4e06-8ab8-c6a666088562@group-738D22E264C7-StateMachineUpdater] INFO  ratis.ContainerStateMachine (ContainerStateMachine.java:takeSnapshot(315)) - group-738D22E264C7: Finished taking a snapshot at:(t:1, i:0) file:/home/runner/work/ozone/ozone/hadoop-ozone/integration-test/target/test-dir/MiniOzoneClusterImpl-4f724465-3e6c-4465-87e8-0372c8c9e6dc/datanode-1/data/ratis/e0e4d32b-aef3-4c60-b219-738d22e264c7/sm/snapshot.1_0 took: 2 ms
2022-10-16 13:17:57,802 [cc42eaea-95b8-4e06-8ab8-c6a666088562@group-738D22E264C7-StateMachineUpdater] INFO  impl.StateMachineUpdater (StateMachineUpdater.java:takeSnapshot(287)) - cc42eaea-95b8-4e06-8ab8-c6a666088562@group-738D22E264C7-StateMachineUpdater: Took a snapshot at index 0
2022-10-16 13:17:57,802 [cc42eaea-95b8-4e06-8ab8-c6a666088562@group-738D22E264C7-StateMachineUpdater] INFO  impl.StateMachineUpdater (StateMachineUpdater.java:lambda$new$0(92)) - cc42eaea-95b8-4e06-8ab8-c6a666088562@group-738D22E264C7-StateMachineUpdater: snapshotIndex: updateIncreasingly -1 -> 0
2022-10-16 13:17:57,803 [ForkJoinPool.commonPool-worker-0] INFO  server.RaftServer$Division (ServerState.java:close(429)) - cc42eaea-95b8-4e06-8ab8-c6a666088562@group-738D22E264C7: closes. applyIndex: 0
2022-10-16 13:17:57,803 [798bd20d-f8fb-4a71-ae86-73308eed48c7@group-FE10DEACEFB7-StateMachineUpdater] INFO  ratis.ContainerStateMachine (ContainerStateMachine.java:takeSnapshot(315)) - group-FE10DEACEFB7: Finished taking a snapshot at:(t:1, i:0) file:/home/runner/work/ozone/ozone/hadoop-ozone/integration-test/target/test-dir/MiniOzoneClusterImpl-4f724465-3e6c-4465-87e8-0372c8c9e6dc/datanode-2/data/ratis/db5e9d44-81fc-4e70-8dae-fe10deacefb7/sm/snapshot.1_0 took: 1 ms
2022-10-16 13:17:57,803 [cc42eaea-95b8-4e06-8ab8-c6a666088562@group-738D22E264C7-SegmentedRaftLogWorker] INFO  segmented.SegmentedRaftLogWorker (SegmentedRaftLogWorker.java:run(336)) - cc42eaea-95b8-4e06-8ab8-c6a666088562@group-738D22E264C7-SegmentedRaftLogWorker was interrupted, exiting. There are 0 tasks remaining in the queue.
2022-10-16 13:17:57,803 [798bd20d-f8fb-4a71-ae86-73308eed48c7@group-FE10DEACEFB7-StateMachineUpdater] INFO  impl.StateMachineUpdater (StateMachineUpdater.java:takeSnapshot(287)) - 798bd20d-f8fb-4a71-ae86-73308eed48c7@group-FE10DEACEFB7-StateMachineUpdater: Took a snapshot at index 0
2022-10-16 13:17:57,803 [798bd20d-f8fb-4a71-ae86-73308eed48c7@group-FE10DEACEFB7-StateMachineUpdater] INFO  impl.StateMachineUpdater (StateMachineUpdater.java:lambda$new$0(92)) - 798bd20d-f8fb-4a71-ae86-73308eed48c7@group-FE10DEACEFB7-StateMachineUpdater: snapshotIndex: updateIncreasingly -1 -> 0
2022-10-16 13:17:57,803 [ForkJoinPool.commonPool-worker-0] INFO  segmented.SegmentedRaftLogWorker (SegmentedRaftLogWorker.java:close(246)) - cc42eaea-95b8-4e06-8ab8-c6a666088562@group-738D22E264C7-SegmentedRaftLogWorker close()
2022-10-16 13:17:57,803 [ForkJoinPool.commonPool-worker-0] INFO  server.GrpcService (GrpcService.java:closeImpl(269)) - cc42eaea-95b8-4e06-8ab8-c6a666088562: shutdown server with port 40923 now
2022-10-16 13:17:57,803 [Listener at 127.0.0.1/40605] INFO  server.RaftServer$Division (ServerState.java:close(429)) - 798bd20d-f8fb-4a71-ae86-73308eed48c7@group-FE10DEACEFB7: closes. applyIndex: 0
2022-10-16 13:17:57,804 [798bd20d-f8fb-4a71-ae86-73308eed48c7@group-FE10DEACEFB7-SegmentedRaftLogWorker] INFO  segmented.SegmentedRaftLogWorker (SegmentedRaftLogWorker.java:run(336)) - 798bd20d-f8fb-4a71-ae86-73308eed48c7@group-FE10DEACEFB7-SegmentedRaftLogWorker was interrupted, exiting. There are 0 tasks remaining in the queue.
2022-10-16 13:17:57,804 [Listener at 127.0.0.1/40605] INFO  segmented.SegmentedRaftLogWorker (SegmentedRaftLogWorker.java:close(246)) - 798bd20d-f8fb-4a71-ae86-73308eed48c7@group-FE10DEACEFB7-SegmentedRaftLogWorker close()
2022-10-16 13:17:57,806 [Listener at 127.0.0.1/40605] INFO  server.GrpcService (GrpcService.java:closeImpl(269)) - 798bd20d-f8fb-4a71-ae86-73308eed48c7: shutdown server with port 37043 now
2022-10-16 13:17:57,809 [ForkJoinPool.commonPool-worker-0] INFO  server.GrpcService (GrpcService.java:closeImpl(278)) - cc42eaea-95b8-4e06-8ab8-c6a666088562: shutdown server with port 40923 successfully
2022-10-16 13:17:57,810 [org.apache.ratis.util.JvmPauseMonitor$$Lambda$639/339294883@32a55cfa] INFO  util.JvmPauseMonitor (JvmPauseMonitor.java:run(109)) - JvmPauseMonitor-cc42eaea-95b8-4e06-8ab8-c6a666088562: Stopped
2022-10-16 13:17:57,813 [Listener at 127.0.0.1/40605] INFO  server.GrpcService (GrpcService.java:closeImpl(278)) - 798bd20d-f8fb-4a71-ae86-73308eed48c7: shutdown server with port 37043 successfully
2022-10-16 13:17:57,814 [org.apache.ratis.util.JvmPauseMonitor$$Lambda$639/339294883@210bd867] INFO  util.JvmPauseMonitor (JvmPauseMonitor.java:run(109)) - JvmPauseMonitor-798bd20d-f8fb-4a71-ae86-73308eed48c7: Stopped
2022-10-16 13:17:58,172 [ReplicationMonitor] INFO  replication.ReplicationManager (ReplicationManager.java:processAll(324)) - Replication Monitor Thread took 0 milliseconds for processing 7 containers.
2022-10-16 13:17:58,353 [ReplicationMonitor] INFO  replication.ReplicationManager (ReplicationManager.java:processAll(324)) - Replication Monitor Thread took 0 milliseconds for processing 1 containers.
2022-10-16 13:17:58,676 [EventQueue-StaleNodeForStaleNodeHandler] INFO  node.StaleNodeHandler (StaleNodeHandler.java:onMessage(59)) - Datanode 3b0c5cea-2642-4356-a139-2ab59a1b08fa{ip: 10.1.0.60, host: fv-az308-250.etcbaq1qs54eplwmrjlabigyle.cx.internal.cloudapp.net, ports: [REPLICATION=33833, RATIS=45225, RATIS_ADMIN=45225, RATIS_SERVER=45225, STANDALONE=35221], networkLocation: /default-rack, certSerialId: null, persistedOpState: IN_SERVICE, persistedOpStateExpiryEpochSec: 0} moved to stale state. Finalizing its pipelines [PipelineID=370d2757-bf6c-4b20-ad42-b0d589be929c, PipelineID=1daec092-3c1b-4eb1-84cd-758bf45ca48f]
2022-10-16 13:17:58,676 [EventQueue-StaleNodeForStaleNodeHandler] INFO  pipeline.PipelineManagerImpl (PipelineManagerImpl.java:closePipeline(442)) - Pipeline Pipeline[ Id: 370d2757-bf6c-4b20-ad42-b0d589be929c, Nodes: 3b0c5cea-2642-4356-a139-2ab59a1b08fa{ip: 10.1.0.60, host: fv-az308-250.etcbaq1qs54eplwmrjlabigyle.cx.internal.cloudapp.net, ports: [REPLICATION=33833, RATIS=45225, RATIS_ADMIN=45225, RATIS_SERVER=45225, STANDALONE=35221], networkLocation: /default-rack, certSerialId: null, persistedOpState: IN_SERVICE, persistedOpStateExpiryEpochSec: 0}, ReplicationConfig: RATIS/ONE, State:OPEN, leaderId:3b0c5cea-2642-4356-a139-2ab59a1b08fa, CreationTimestamp2022-10-16T13:17:39.290Z[Etc/UTC]] moved to CLOSED state
2022-10-16 13:17:58,677 [EventQueue-StaleNodeForStaleNodeHandler] INFO  pipeline.PipelineManagerImpl (PipelineManagerImpl.java:closePipeline(442)) - Pipeline Pipeline[ Id: 1daec092-3c1b-4eb1-84cd-758bf45ca48f, Nodes: 3b0c5cea-2642-4356-a139-2ab59a1b08fa{ip: 10.1.0.60, host: fv-az308-250.etcbaq1qs54eplwmrjlabigyle.cx.internal.cloudapp.net, ports: [REPLICATION=33833, RATIS=45225, RATIS_ADMIN=45225, RATIS_SERVER=45225, STANDALONE=35221], networkLocation: /default-rack, certSerialId: null, persistedOpState: IN_SERVICE, persistedOpStateExpiryEpochSec: 0}798bd20d-f8fb-4a71-ae86-73308eed48c7{ip: 10.1.0.60, host: fv-az308-250.etcbaq1qs54eplwmrjlabigyle.cx.internal.cloudapp.net, ports: [REPLICATION=45673, RATIS=37043, RATIS_ADMIN=37043, RATIS_SERVER=37043, STANDALONE=35435], networkLocation: /default-rack, certSerialId: null, persistedOpState: IN_SERVICE, persistedOpStateExpiryEpochSec: 0}cc42eaea-95b8-4e06-8ab8-c6a666088562{ip: 10.1.0.60, host: fv-az308-250.etcbaq1qs54eplwmrjlabigyle.cx.internal.cloudapp.net, ports: [REPLICATION=46747, RATIS=40923, RATIS_ADMIN=40923, RATIS_SERVER=40923, STANDALONE=42051], networkLocation: /default-rack, certSerialId: null, persistedOpState: IN_SERVICE, persistedOpStateExpiryEpochSec: 0}, ReplicationConfig: RATIS/THREE, State:OPEN, leaderId:798bd20d-f8fb-4a71-ae86-73308eed48c7, CreationTimestamp2022-10-16T13:17:39.902Z[Etc/UTC]] moved to CLOSED state
2022-10-16 13:17:59,172 [ReplicationMonitor] INFO  replication.ReplicationManager (ReplicationManager.java:processAll(324)) - Replication Monitor Thread took 0 milliseconds for processing 7 containers.
2022-10-16 13:17:59,354 [ReplicationMonitor] INFO  replication.ReplicationManager (ReplicationManager.java:processAll(324)) - Replication Monitor Thread took 0 milliseconds for processing 1 containers.
2022-10-16 13:17:59,825 [ForkJoinPool.commonPool-worker-0] INFO  utils.BackgroundService (BackgroundService.java:shutdown(141)) - Shutting down service BlockDeletingService
2022-10-16 13:17:59,825 [Listener at 127.0.0.1/40605] INFO  utils.BackgroundService (BackgroundService.java:shutdown(141)) - Shutting down service BlockDeletingService
2022-10-16 13:17:59,826 [ForkJoinPool.commonPool-worker-0] INFO  utils.BackgroundService (BackgroundService.java:shutdown(141)) - Shutting down service StaleRecoveringContainerScrubbingService
2022-10-16 13:17:59,826 [Listener at 127.0.0.1/40605] INFO  utils.BackgroundService (BackgroundService.java:shutdown(141)) - Shutting down service StaleRecoveringContainerScrubbingService
2022-10-16 13:17:59,827 [ForkJoinPool.commonPool-worker-0] INFO  statemachine.DatanodeStateMachine (DatanodeStateMachine.java:stopDaemon(580)) - Ozone container server stopped.
2022-10-16 13:17:59,831 [Listener at 127.0.0.1/40605] INFO  statemachine.DatanodeStateMachine (DatanodeStateMachine.java:stopDaemon(580)) - Ozone container server stopped.
2022-10-16 13:17:59,839 [Listener at 127.0.0.1/40605] INFO  handler.ContextHandler (ContextHandler.java:doStop(1153)) - Stopped o.e.j.w.WebAppContext@7337f49c{hddsDatanode,/,null,STOPPED}{jar:file:/home/runner/.m2/repository/org/apache/ozone/hdds-container-service/1.3.0-SNAPSHOT/hdds-container-service-1.3.0-SNAPSHOT.jar!/webapps/hddsDatanode}
2022-10-16 13:17:59,840 [ForkJoinPool.commonPool-worker-0] INFO  handler.ContextHandler (ContextHandler.java:doStop(1153)) - Stopped o.e.j.w.WebAppContext@27ccf2e0{hddsDatanode,/,null,STOPPED}{jar:file:/home/runner/.m2/repository/org/apache/ozone/hdds-container-service/1.3.0-SNAPSHOT/hdds-container-service-1.3.0-SNAPSHOT.jar!/webapps/hddsDatanode}
2022-10-16 13:17:59,840 [Listener at 127.0.0.1/40605] INFO  server.AbstractConnector (AbstractConnector.java:doStop(381)) - Stopped ServerConnector@7c3cdca0{HTTP/1.1, (http/1.1)}{0.0.0.0:0}
2022-10-16 13:17:59,840 [ForkJoinPool.commonPool-worker-0] INFO  server.AbstractConnector (AbstractConnector.java:doStop(381)) - Stopped ServerConnector@4bf28368{HTTP/1.1, (http/1.1)}{0.0.0.0:0}
2022-10-16 13:17:59,840 [Listener at 127.0.0.1/40605] INFO  server.session (HouseKeeper.java:stopScavenging(149)) - node0 Stopped scavenging
2022-10-16 13:17:59,840 [Listener at 127.0.0.1/40605] INFO  handler.ContextHandler (ContextHandler.java:doStop(1153)) - Stopped o.e.j.s.ServletContextHandler@5c83748d{static,/static,jar:file:/home/runner/.m2/repository/org/apache/ozone/hdds-container-service/1.3.0-SNAPSHOT/hdds-container-service-1.3.0-SNAPSHOT.jar!/webapps/static,STOPPED}
2022-10-16 13:17:59,840 [ForkJoinPool.commonPool-worker-0] INFO  server.session (HouseKeeper.java:stopScavenging(149)) - node0 Stopped scavenging
2022-10-16 13:17:59,840 [Listener at 127.0.0.1/40605] INFO  handler.ContextHandler (ContextHandler.java:doStop(1153)) - Stopped o.e.j.s.ServletContextHandler@3abfd523{logs,/logs,file:///home/runner/work/ozone/ozone/hadoop-ozone/integration-test/target/log,STOPPED}
2022-10-16 13:17:59,843 [ForkJoinPool.commonPool-worker-0] INFO  handler.ContextHandler (ContextHandler.java:doStop(1153)) - Stopped o.e.j.s.ServletContextHandler@67d69b86{static,/static,jar:file:/home/runner/.m2/repository/org/apache/ozone/hdds-container-service/1.3.0-SNAPSHOT/hdds-container-service-1.3.0-SNAPSHOT.jar!/webapps/static,STOPPED}
2022-10-16 13:17:59,844 [ForkJoinPool.commonPool-worker-0] INFO  handler.ContextHandler (ContextHandler.java:doStop(1153)) - Stopped o.e.j.s.ServletContextHandler@56343684{logs,/logs,file:///home/runner/work/ozone/ozone/hadoop-ozone/integration-test/target/log,STOPPED}
2022-10-16 13:17:59,845 [Listener at 127.0.0.1/40605] INFO  ozoneimpl.OzoneContainer (OzoneContainer.java:stop(400)) - Attempting to stop container services.
2022-10-16 13:17:59,848 [Listener at 127.0.0.1/40605] INFO  server.RaftServer (RaftServerProxy.java:lambda$close$7(398)) - befeb720-d9c7-49fd-9455-125fe4c6d349: close
2022-10-16 13:17:59,848 [Listener at 127.0.0.1/40605] INFO  server.RaftServer$Division (RaftServerImpl.java:lambda$close$4(434)) - befeb720-d9c7-49fd-9455-125fe4c6d349@group-F95F2A0A4FFB: shutdown
2022-10-16 13:17:59,848 [Listener at 127.0.0.1/40605] INFO  util.JmxRegister (JmxRegister.java:unregister(73)) - Successfully un-registered JMX Bean with object name Ratis:service=RaftServer,group=group-F95F2A0A4FFB,id=befeb720-d9c7-49fd-9455-125fe4c6d349
2022-10-16 13:17:59,849 [Listener at 127.0.0.1/40605] INFO  impl.RoleInfo (RoleInfo.java:shutdownLeaderState(93)) - befeb720-d9c7-49fd-9455-125fe4c6d349: shutdown befeb720-d9c7-49fd-9455-125fe4c6d349@group-F95F2A0A4FFB-LeaderStateImpl
2022-10-16 13:17:59,849 [Listener at 127.0.0.1/40605] INFO  impl.PendingRequests (PendingRequests.java:sendNotLeaderResponses(282)) - befeb720-d9c7-49fd-9455-125fe4c6d349@group-F95F2A0A4FFB-PendingRequests: sendNotLeaderResponses
2022-10-16 13:17:59,850 [befeb720-d9c7-49fd-9455-125fe4c6d349@group-F95F2A0A4FFB-StateMachineUpdater] INFO  ratis.ContainerStateMachine (ContainerStateMachine.java:takeSnapshot(304)) - group-F95F2A0A4FFB: Taking a snapshot at:(t:1, i:0) file /home/runner/work/ozone/ozone/hadoop-ozone/integration-test/target/test-dir/MiniOzoneClusterImpl-4f724465-3e6c-4465-87e8-0372c8c9e6dc/datanode-4/data/ratis/caeb12d3-7fb2-4cec-a2a1-f95f2a0a4ffb/sm/snapshot.1_0
2022-10-16 13:17:59,851 [Listener at 127.0.0.1/40605] INFO  impl.StateMachineUpdater (StateMachineUpdater.java:stopAndJoin(153)) - befeb720-d9c7-49fd-9455-125fe4c6d349@group-F95F2A0A4FFB-StateMachineUpdater: set stopIndex = 0
2022-10-16 13:17:59,851 [ForkJoinPool.commonPool-worker-0] INFO  ozoneimpl.OzoneContainer (OzoneContainer.java:stop(400)) - Attempting to stop container services.
2022-10-16 13:17:59,851 [ForkJoinPool.commonPool-worker-0] INFO  server.RaftServer (RaftServerProxy.java:lambda$close$7(398)) - 1179af15-4609-4d4b-98e3-495c08234a27: close
2022-10-16 13:17:59,851 [ForkJoinPool.commonPool-worker-0] INFO  server.RaftServer$Division (RaftServerImpl.java:lambda$close$4(434)) - 1179af15-4609-4d4b-98e3-495c08234a27@group-7175B0485742: shutdown
2022-10-16 13:17:59,852 [befeb720-d9c7-49fd-9455-125fe4c6d349@group-F95F2A0A4FFB-StateMachineUpdater] INFO  ratis.ContainerStateMachine (ContainerStateMachine.java:takeSnapshot(315)) - group-F95F2A0A4FFB: Finished taking a snapshot at:(t:1, i:0) file:/home/runner/work/ozone/ozone/hadoop-ozone/integration-test/target/test-dir/MiniOzoneClusterImpl-4f724465-3e6c-4465-87e8-0372c8c9e6dc/datanode-4/data/ratis/caeb12d3-7fb2-4cec-a2a1-f95f2a0a4ffb/sm/snapshot.1_0 took: 1 ms
2022-10-16 13:17:59,852 [ForkJoinPool.commonPool-worker-0] INFO  util.JmxRegister (JmxRegister.java:unregister(73)) - Successfully un-registered JMX Bean with object name Ratis:service=RaftServer,group=group-7175B0485742,id=1179af15-4609-4d4b-98e3-495c08234a27
2022-10-16 13:17:59,852 [ForkJoinPool.commonPool-worker-0] INFO  impl.RoleInfo (RoleInfo.java:shutdownLeaderState(93)) - 1179af15-4609-4d4b-98e3-495c08234a27: shutdown 1179af15-4609-4d4b-98e3-495c08234a27@group-7175B0485742-LeaderStateImpl
2022-10-16 13:17:59,852 [befeb720-d9c7-49fd-9455-125fe4c6d349@group-F95F2A0A4FFB-StateMachineUpdater] INFO  impl.StateMachineUpdater (StateMachineUpdater.java:takeSnapshot(287)) - befeb720-d9c7-49fd-9455-125fe4c6d349@group-F95F2A0A4FFB-StateMachineUpdater: Took a snapshot at index 0
2022-10-16 13:17:59,852 [ForkJoinPool.commonPool-worker-0] INFO  impl.PendingRequests (PendingRequests.java:sendNotLeaderResponses(282)) - 1179af15-4609-4d4b-98e3-495c08234a27@group-7175B0485742-PendingRequests: sendNotLeaderResponses
2022-10-16 13:17:59,852 [befeb720-d9c7-49fd-9455-125fe4c6d349@group-F95F2A0A4FFB-StateMachineUpdater] INFO  impl.StateMachineUpdater (StateMachineUpdater.java:lambda$new$0(92)) - befeb720-d9c7-49fd-9455-125fe4c6d349@group-F95F2A0A4FFB-StateMachineUpdater: snapshotIndex: updateIncreasingly -1 -> 0
2022-10-16 13:17:59,852 [Listener at 127.0.0.1/40605] INFO  server.RaftServer$Division (ServerState.java:close(429)) - befeb720-d9c7-49fd-9455-125fe4c6d349@group-F95F2A0A4FFB: closes. applyIndex: 0
2022-10-16 13:17:59,853 [befeb720-d9c7-49fd-9455-125fe4c6d349@group-F95F2A0A4FFB-SegmentedRaftLogWorker] INFO  segmented.SegmentedRaftLogWorker (SegmentedRaftLogWorker.java:run(336)) - befeb720-d9c7-49fd-9455-125fe4c6d349@group-F95F2A0A4FFB-SegmentedRaftLogWorker was interrupted, exiting. There are 0 tasks remaining in the queue.
2022-10-16 13:17:59,853 [Listener at 127.0.0.1/40605] INFO  segmented.SegmentedRaftLogWorker (SegmentedRaftLogWorker.java:close(246)) - befeb720-d9c7-49fd-9455-125fe4c6d349@group-F95F2A0A4FFB-SegmentedRaftLogWorker close()
2022-10-16 13:17:59,853 [Listener at 127.0.0.1/40605] INFO  server.GrpcService (GrpcService.java:closeImpl(269)) - befeb720-d9c7-49fd-9455-125fe4c6d349: shutdown server with port 43785 now
2022-10-16 13:17:59,853 [1179af15-4609-4d4b-98e3-495c08234a27@group-7175B0485742-StateMachineUpdater] INFO  ratis.ContainerStateMachine (ContainerStateMachine.java:takeSnapshot(304)) - group-7175B0485742: Taking a snapshot at:(t:1, i:0) file /home/runner/work/ozone/ozone/hadoop-ozone/integration-test/target/test-dir/MiniOzoneClusterImpl-4f724465-3e6c-4465-87e8-0372c8c9e6dc/datanode-3/data/ratis/0fe8220d-cbf8-4177-b192-7175b0485742/sm/snapshot.1_0
2022-10-16 13:17:59,853 [Listener at 127.0.0.1/40605] INFO  server.GrpcService (GrpcService.java:closeImpl(278)) - befeb720-d9c7-49fd-9455-125fe4c6d349: shutdown server with port 43785 successfully
2022-10-16 13:17:59,853 [org.apache.ratis.util.JvmPauseMonitor$$Lambda$639/339294883@7afbe222] INFO  util.JvmPauseMonitor (JvmPauseMonitor.java:run(109)) - JvmPauseMonitor-befeb720-d9c7-49fd-9455-125fe4c6d349: Stopped
2022-10-16 13:17:59,853 [ForkJoinPool.commonPool-worker-0] INFO  impl.StateMachineUpdater (StateMachineUpdater.java:stopAndJoin(153)) - 1179af15-4609-4d4b-98e3-495c08234a27@group-7175B0485742-StateMachineUpdater: set stopIndex = 0
2022-10-16 13:17:59,854 [1179af15-4609-4d4b-98e3-495c08234a27@group-7175B0485742-StateMachineUpdater] INFO  ratis.ContainerStateMachine (ContainerStateMachine.java:takeSnapshot(315)) - group-7175B0485742: Finished taking a snapshot at:(t:1, i:0) file:/home/runner/work/ozone/ozone/hadoop-ozone/integration-test/target/test-dir/MiniOzoneClusterImpl-4f724465-3e6c-4465-87e8-0372c8c9e6dc/datanode-3/data/ratis/0fe8220d-cbf8-4177-b192-7175b0485742/sm/snapshot.1_0 took: 1 ms
2022-10-16 13:17:59,854 [1179af15-4609-4d4b-98e3-495c08234a27@group-7175B0485742-StateMachineUpdater] INFO  impl.StateMachineUpdater (StateMachineUpdater.java:takeSnapshot(287)) - 1179af15-4609-4d4b-98e3-495c08234a27@group-7175B0485742-StateMachineUpdater: Took a snapshot at index 0
2022-10-16 13:17:59,854 [1179af15-4609-4d4b-98e3-495c08234a27@group-7175B0485742-StateMachineUpdater] INFO  impl.StateMachineUpdater (StateMachineUpdater.java:lambda$new$0(92)) - 1179af15-4609-4d4b-98e3-495c08234a27@group-7175B0485742-StateMachineUpdater: snapshotIndex: updateIncreasingly -1 -> 0
2022-10-16 13:17:59,854 [ForkJoinPool.commonPool-worker-0] INFO  server.RaftServer$Division (ServerState.java:close(429)) - 1179af15-4609-4d4b-98e3-495c08234a27@group-7175B0485742: closes. applyIndex: 0
2022-10-16 13:17:59,855 [1179af15-4609-4d4b-98e3-495c08234a27@group-7175B0485742-SegmentedRaftLogWorker] INFO  segmented.SegmentedRaftLogWorker (SegmentedRaftLogWorker.java:run(336)) - 1179af15-4609-4d4b-98e3-495c08234a27@group-7175B0485742-SegmentedRaftLogWorker was interrupted, exiting. There are 0 tasks remaining in the queue.
2022-10-16 13:17:59,855 [ForkJoinPool.commonPool-worker-0] INFO  segmented.SegmentedRaftLogWorker (SegmentedRaftLogWorker.java:close(246)) - 1179af15-4609-4d4b-98e3-495c08234a27@group-7175B0485742-SegmentedRaftLogWorker close()
2022-10-16 13:17:59,855 [ForkJoinPool.commonPool-worker-0] INFO  server.GrpcService (GrpcService.java:closeImpl(269)) - 1179af15-4609-4d4b-98e3-495c08234a27: shutdown server with port 44685 now
2022-10-16 13:17:59,855 [ForkJoinPool.commonPool-worker-0] INFO  server.GrpcService (GrpcService.java:closeImpl(278)) - 1179af15-4609-4d4b-98e3-495c08234a27: shutdown server with port 44685 successfully
2022-10-16 13:17:59,855 [org.apache.ratis.util.JvmPauseMonitor$$Lambda$639/339294883@258eb4e3] INFO  util.JvmPauseMonitor (JvmPauseMonitor.java:run(109)) - JvmPauseMonitor-1179af15-4609-4d4b-98e3-495c08234a27: Stopped
2022-10-16 13:18:00,173 [ReplicationMonitor] INFO  replication.ReplicationManager (ReplicationManager.java:processAll(324)) - Replication Monitor Thread took 0 milliseconds for processing 7 containers.
2022-10-16 13:18:00,354 [ReplicationMonitor] INFO  replication.ReplicationManager (ReplicationManager.java:processAll(324)) - Replication Monitor Thread took 0 milliseconds for processing 1 containers.
2022-10-16 13:18:00,679 [EventQueue-StaleNodeForStaleNodeHandler] INFO  node.StaleNodeHandler (StaleNodeHandler.java:onMessage(59)) - Datanode 798bd20d-f8fb-4a71-ae86-73308eed48c7{ip: 10.1.0.60, host: fv-az308-250.etcbaq1qs54eplwmrjlabigyle.cx.internal.cloudapp.net, ports: [REPLICATION=45673, RATIS=37043, RATIS_ADMIN=37043, RATIS_SERVER=37043, STANDALONE=35435], networkLocation: /default-rack, certSerialId: null, persistedOpState: IN_SERVICE, persistedOpStateExpiryEpochSec: 0} moved to stale state. Finalizing its pipelines [PipelineID=db5e9d44-81fc-4e70-8dae-fe10deacefb7, PipelineID=1daec092-3c1b-4eb1-84cd-758bf45ca48f]
2022-10-16 13:18:00,679 [EventQueue-StaleNodeForStaleNodeHandler] INFO  pipeline.PipelineManagerImpl (PipelineManagerImpl.java:closePipeline(442)) - Pipeline Pipeline[ Id: db5e9d44-81fc-4e70-8dae-fe10deacefb7, Nodes: 798bd20d-f8fb-4a71-ae86-73308eed48c7{ip: 10.1.0.60, host: fv-az308-250.etcbaq1qs54eplwmrjlabigyle.cx.internal.cloudapp.net, ports: [REPLICATION=45673, RATIS=37043, RATIS_ADMIN=37043, RATIS_SERVER=37043, STANDALONE=35435], networkLocation: /default-rack, certSerialId: null, persistedOpState: IN_SERVICE, persistedOpStateExpiryEpochSec: 0}, ReplicationConfig: RATIS/ONE, State:OPEN, leaderId:798bd20d-f8fb-4a71-ae86-73308eed48c7, CreationTimestamp2022-10-16T13:17:39.901Z[Etc/UTC]] moved to CLOSED state
2022-10-16 13:18:00,679 [EventQueue-StaleNodeForStaleNodeHandler] INFO  node.StaleNodeHandler (StaleNodeHandler.java:onMessage(59)) - Datanode cc42eaea-95b8-4e06-8ab8-c6a666088562{ip: 10.1.0.60, host: fv-az308-250.etcbaq1qs54eplwmrjlabigyle.cx.internal.cloudapp.net, ports: [REPLICATION=46747, RATIS=40923, RATIS_ADMIN=40923, RATIS_SERVER=40923, STANDALONE=42051], networkLocation: /default-rack, certSerialId: null, persistedOpState: IN_SERVICE, persistedOpStateExpiryEpochSec: 0} moved to stale state. Finalizing its pipelines [PipelineID=1daec092-3c1b-4eb1-84cd-758bf45ca48f, PipelineID=e0e4d32b-aef3-4c60-b219-738d22e264c7]
2022-10-16 13:18:00,680 [EventQueue-StaleNodeForStaleNodeHandler] INFO  pipeline.PipelineManagerImpl (PipelineManagerImpl.java:closePipeline(442)) - Pipeline Pipeline[ Id: e0e4d32b-aef3-4c60-b219-738d22e264c7, Nodes: cc42eaea-95b8-4e06-8ab8-c6a666088562{ip: 10.1.0.60, host: fv-az308-250.etcbaq1qs54eplwmrjlabigyle.cx.internal.cloudapp.net, ports: [REPLICATION=46747, RATIS=40923, RATIS_ADMIN=40923, RATIS_SERVER=40923, STANDALONE=42051], networkLocation: /default-rack, certSerialId: null, persistedOpState: IN_SERVICE, persistedOpStateExpiryEpochSec: 0}, ReplicationConfig: RATIS/ONE, State:OPEN, leaderId:cc42eaea-95b8-4e06-8ab8-c6a666088562, CreationTimestamp2022-10-16T13:17:39.610Z[Etc/UTC]] moved to CLOSED state
2022-10-16 13:18:01,174 [ReplicationMonitor] INFO  replication.ReplicationManager (ReplicationManager.java:processAll(324)) - Replication Monitor Thread took 0 milliseconds for processing 7 containers.
2022-10-16 13:18:01,355 [ReplicationMonitor] INFO  replication.ReplicationManager (ReplicationManager.java:processAll(324)) - Replication Monitor Thread took 0 milliseconds for processing 1 containers.
2022-10-16 13:18:01,681 [EventQueue-DeadNodeForDeadNodeHandler] INFO  node.DeadNodeHandler (DeadNodeHandler.java:onMessage(81)) - A dead datanode is detected. 3b0c5cea-2642-4356-a139-2ab59a1b08fa{ip: 10.1.0.60, host: fv-az308-250.etcbaq1qs54eplwmrjlabigyle.cx.internal.cloudapp.net, ports: [REPLICATION=33833, RATIS=45225, RATIS_ADMIN=45225, RATIS_SERVER=45225, STANDALONE=35221], networkLocation: /default-rack, certSerialId: null, persistedOpState: IN_SERVICE, persistedOpStateExpiryEpochSec: 0}
2022-10-16 13:18:01,681 [EventQueue-DeadNodeForDeadNodeHandler] INFO  pipeline.RatisPipelineProvider (RatisPipelineProvider.java:lambda$close$1(244)) - Send pipeline:PipelineID=370d2757-bf6c-4b20-ad42-b0d589be929c close command to datanode 3b0c5cea-2642-4356-a139-2ab59a1b08fa
2022-10-16 13:18:01,682 [EventQueue-DeadNodeForDeadNodeHandler] INFO  pipeline.PipelineStateManagerImpl (PipelineStateManagerImpl.java:removePipeline(245)) - Pipeline Pipeline[ Id: 370d2757-bf6c-4b20-ad42-b0d589be929c, Nodes: 3b0c5cea-2642-4356-a139-2ab59a1b08fa{ip: 10.1.0.60, host: fv-az308-250.etcbaq1qs54eplwmrjlabigyle.cx.internal.cloudapp.net, ports: [REPLICATION=33833, RATIS=45225, RATIS_ADMIN=45225, RATIS_SERVER=45225, STANDALONE=35221], networkLocation: /default-rack, certSerialId: null, persistedOpState: IN_SERVICE, persistedOpStateExpiryEpochSec: 0}, ReplicationConfig: RATIS/ONE, State:CLOSED, leaderId:3b0c5cea-2642-4356-a139-2ab59a1b08fa, CreationTimestamp2022-10-16T13:17:39.290Z[Etc/UTC]] removed.
2022-10-16 13:18:01,683 [EventQueue-DeadNodeForDeadNodeHandler] INFO  pipeline.RatisPipelineProvider (RatisPipelineProvider.java:lambda$close$1(244)) - Send pipeline:PipelineID=1daec092-3c1b-4eb1-84cd-758bf45ca48f close command to datanode 3b0c5cea-2642-4356-a139-2ab59a1b08fa
2022-10-16 13:18:01,683 [EventQueue-DeadNodeForDeadNodeHandler] INFO  pipeline.RatisPipelineProvider (RatisPipelineProvider.java:lambda$close$1(244)) - Send pipeline:PipelineID=1daec092-3c1b-4eb1-84cd-758bf45ca48f close command to datanode 798bd20d-f8fb-4a71-ae86-73308eed48c7
2022-10-16 13:18:01,683 [EventQueue-DeadNodeForDeadNodeHandler] INFO  pipeline.RatisPipelineProvider (RatisPipelineProvider.java:lambda$close$1(244)) - Send pipeline:PipelineID=1daec092-3c1b-4eb1-84cd-758bf45ca48f close command to datanode cc42eaea-95b8-4e06-8ab8-c6a666088562
2022-10-16 13:18:01,683 [EventQueue-DeadNodeForDeadNodeHandler] INFO  pipeline.PipelineStateManagerImpl (PipelineStateManagerImpl.java:removePipeline(245)) - Pipeline Pipeline[ Id: 1daec092-3c1b-4eb1-84cd-758bf45ca48f, Nodes: 3b0c5cea-2642-4356-a139-2ab59a1b08fa{ip: 10.1.0.60, host: fv-az308-250.etcbaq1qs54eplwmrjlabigyle.cx.internal.cloudapp.net, ports: [REPLICATION=33833, RATIS=45225, RATIS_ADMIN=45225, RATIS_SERVER=45225, STANDALONE=35221], networkLocation: /default-rack, certSerialId: null, persistedOpState: IN_SERVICE, persistedOpStateExpiryEpochSec: 0}798bd20d-f8fb-4a71-ae86-73308eed48c7{ip: 10.1.0.60, host: fv-az308-250.etcbaq1qs54eplwmrjlabigyle.cx.internal.cloudapp.net, ports: [REPLICATION=45673, RATIS=37043, RATIS_ADMIN=37043, RATIS_SERVER=37043, STANDALONE=35435], networkLocation: /default-rack, certSerialId: null, persistedOpState: IN_SERVICE, persistedOpStateExpiryEpochSec: 0}cc42eaea-95b8-4e06-8ab8-c6a666088562{ip: 10.1.0.60, host: fv-az308-250.etcbaq1qs54eplwmrjlabigyle.cx.internal.cloudapp.net, ports: [REPLICATION=46747, RATIS=40923, RATIS_ADMIN=40923, RATIS_SERVER=40923, STANDALONE=42051], networkLocation: /default-rack, certSerialId: null, persistedOpState: IN_SERVICE, persistedOpStateExpiryEpochSec: 0}, ReplicationConfig: RATIS/THREE, State:CLOSED, leaderId:798bd20d-f8fb-4a71-ae86-73308eed48c7, CreationTimestamp2022-10-16T13:17:39.902Z[Etc/UTC]] removed.
2022-10-16 13:18:01,683 [EventQueue-DeadNodeForDeadNodeHandler] INFO  net.NetworkTopologyImpl (NetworkTopologyImpl.java:remove(190)) - Removed a node: /default-rack/3b0c5cea-2642-4356-a139-2ab59a1b08fa
2022-10-16 13:18:01,860 [Listener at 127.0.0.1/40605] INFO  utils.BackgroundService (BackgroundService.java:shutdown(141)) - Shutting down service BlockDeletingService
2022-10-16 13:18:01,861 [Listener at 127.0.0.1/40605] INFO  utils.BackgroundService (BackgroundService.java:shutdown(141)) - Shutting down service StaleRecoveringContainerScrubbingService
2022-10-16 13:18:01,862 [ForkJoinPool.commonPool-worker-0] INFO  utils.BackgroundService (BackgroundService.java:shutdown(141)) - Shutting down service BlockDeletingService
2022-10-16 13:18:01,863 [ForkJoinPool.commonPool-worker-0] INFO  utils.BackgroundService (BackgroundService.java:shutdown(141)) - Shutting down service StaleRecoveringContainerScrubbingService
2022-10-16 13:18:01,863 [Listener at 127.0.0.1/40605] INFO  statemachine.DatanodeStateMachine (DatanodeStateMachine.java:stopDaemon(580)) - Ozone container server stopped.
2022-10-16 13:18:01,869 [ForkJoinPool.commonPool-worker-0] INFO  statemachine.DatanodeStateMachine (DatanodeStateMachine.java:stopDaemon(580)) - Ozone container server stopped.
2022-10-16 13:18:01,873 [Listener at 127.0.0.1/40605] INFO  handler.ContextHandler (ContextHandler.java:doStop(1153)) - Stopped o.e.j.w.WebAppContext@ed20546{hddsDatanode,/,null,STOPPED}{jar:file:/home/runner/.m2/repository/org/apache/ozone/hdds-container-service/1.3.0-SNAPSHOT/hdds-container-service-1.3.0-SNAPSHOT.jar!/webapps/hddsDatanode}
2022-10-16 13:18:01,873 [Listener at 127.0.0.1/40605] INFO  server.AbstractConnector (AbstractConnector.java:doStop(381)) - Stopped ServerConnector@5af8477{HTTP/1.1, (http/1.1)}{0.0.0.0:0}
2022-10-16 13:18:01,873 [Listener at 127.0.0.1/40605] INFO  server.session (HouseKeeper.java:stopScavenging(149)) - node0 Stopped scavenging
2022-10-16 13:18:01,873 [Listener at 127.0.0.1/40605] INFO  handler.ContextHandler (ContextHandler.java:doStop(1153)) - Stopped o.e.j.s.ServletContextHandler@67cb690e{static,/static,jar:file:/home/runner/.m2/repository/org/apache/ozone/hdds-container-service/1.3.0-SNAPSHOT/hdds-container-service-1.3.0-SNAPSHOT.jar!/webapps/static,STOPPED}
2022-10-16 13:18:01,874 [Listener at 127.0.0.1/40605] INFO  handler.ContextHandler (ContextHandler.java:doStop(1153)) - Stopped o.e.j.s.ServletContextHandler@7695cd9b{logs,/logs,file:///home/runner/work/ozone/ozone/hadoop-ozone/integration-test/target/log,STOPPED}
2022-10-16 13:18:01,877 [ForkJoinPool.commonPool-worker-0] INFO  handler.ContextHandler (ContextHandler.java:doStop(1153)) - Stopped o.e.j.w.WebAppContext@8d32cd2{hddsDatanode,/,null,STOPPED}{jar:file:/home/runner/.m2/repository/org/apache/ozone/hdds-container-service/1.3.0-SNAPSHOT/hdds-container-service-1.3.0-SNAPSHOT.jar!/webapps/hddsDatanode}
2022-10-16 13:18:01,877 [ForkJoinPool.commonPool-worker-0] INFO  server.AbstractConnector (AbstractConnector.java:doStop(381)) - Stopped ServerConnector@79e067f{HTTP/1.1, (http/1.1)}{0.0.0.0:0}
2022-10-16 13:18:01,878 [ForkJoinPool.commonPool-worker-0] INFO  server.session (HouseKeeper.java:stopScavenging(149)) - node0 Stopped scavenging
2022-10-16 13:18:01,878 [ForkJoinPool.commonPool-worker-0] INFO  handler.ContextHandler (ContextHandler.java:doStop(1153)) - Stopped o.e.j.s.ServletContextHandler@1900bf2b{static,/static,jar:file:/home/runner/.m2/repository/org/apache/ozone/hdds-container-service/1.3.0-SNAPSHOT/hdds-container-service-1.3.0-SNAPSHOT.jar!/webapps/static,STOPPED}
2022-10-16 13:18:01,880 [ForkJoinPool.commonPool-worker-0] INFO  handler.ContextHandler (ContextHandler.java:doStop(1153)) - Stopped o.e.j.s.ServletContextHandler@6ff8896b{logs,/logs,file:///home/runner/work/ozone/ozone/hadoop-ozone/integration-test/target/log,STOPPED}
2022-10-16 13:18:01,881 [Listener at 127.0.0.1/40605] INFO  ozone.MiniOzoneClusterImpl (MiniOzoneClusterImpl.java:stopSCM(537)) - Stopping the StorageContainerManager
2022-10-16 13:18:01,881 [Listener at 127.0.0.1/40605] INFO  server.StorageContainerManager (StorageContainerManager.java:stop(1528)) - Container Balancer is not running.
2022-10-16 13:18:01,881 [Listener at 127.0.0.1/40605] INFO  server.StorageContainerManager (StorageContainerManager.java:stop(1535)) - Stopping Replication Manager Service.
2022-10-16 13:18:01,881 [Listener at 127.0.0.1/40605] INFO  replication.ReplicationManager (ReplicationManager.java:stop(257)) - Stopping Replication Monitor Thread.
2022-10-16 13:18:01,881 [Under Replicated Processor] WARN  replication.UnderReplicatedProcessor (UnderReplicatedProcessor.java:run(148)) - Under Replicated Processor interrupted. Exiting...
2022-10-16 13:18:01,881 [Over Replicated Processor] WARN  replication.OverReplicatedProcessor (OverReplicatedProcessor.java:run(137)) - Over Replicated Processor interrupted. Exiting...
2022-10-16 13:18:01,881 [Listener at 127.0.0.1/40605] INFO  server.StorageContainerManager (StorageContainerManager.java:stop(1542)) - Stopping the Datanode Admin Monitor.
2022-10-16 13:18:01,881 [ReplicationMonitor] INFO  replication.ReplicationManager (ReplicationManager.java:run(509)) - Replication Monitor Thread is stopped
2022-10-16 13:18:01,881 [Listener at 127.0.0.1/40605] INFO  server.StorageContainerManager (StorageContainerManager.java:stop(1549)) - Stopping Lease Manager of the command watchers
2022-10-16 13:18:01,882 [Listener at 127.0.0.1/40605] INFO  server.StorageContainerManager (StorageContainerManager.java:stop(1556)) - Stopping datanode service RPC server
2022-10-16 13:18:01,882 [Listener at 127.0.0.1/40605] INFO  server.SCMDatanodeProtocolServer (SCMDatanodeProtocolServer.java:stop(414)) - Stopping the RPC server for DataNodes
2022-10-16 13:18:01,882 [Listener at 127.0.0.1/40605] INFO  ipc.Server (Server.java:stop(3428)) - Stopping server on 44967
2022-10-16 13:18:01,883 [IPC Server listener on 0] INFO  ipc.Server (Server.java:run(1384)) - Stopping IPC Server listener on 0
2022-10-16 13:18:01,885 [IPC Server Responder] INFO  ipc.Server (Server.java:run(1517)) - Stopping IPC Server Responder
2022-10-16 13:18:01,981 [SCM Heartbeat Processing Thread - 0] WARN  node.NodeStateManager (NodeStateManager.java:scheduleNextHealthCheck(870)) - Current Thread is interrupted, shutting down HB processing thread for Node Manager.
2022-10-16 13:18:01,981 [Listener at 127.0.0.1/40605] INFO  server.StorageContainerManager (StorageContainerManager.java:stop(1564)) - Stopping block service RPC server
2022-10-16 13:18:01,981 [Listener at 127.0.0.1/40605] INFO  server.SCMBlockProtocolServer (SCMBlockProtocolServer.java:stop(161)) - Stopping the RPC server for Block Protocol
2022-10-16 13:18:01,982 [Listener at 127.0.0.1/40605] INFO  ipc.Server (Server.java:stop(3428)) - Stopping server on 34879
2022-10-16 13:18:01,983 [IPC Server listener on 0] INFO  ipc.Server (Server.java:run(1384)) - Stopping IPC Server listener on 0
2022-10-16 13:18:01,983 [IPC Server Responder] INFO  ipc.Server (Server.java:run(1517)) - Stopping IPC Server Responder
2022-10-16 13:18:01,985 [Listener at 127.0.0.1/40605] INFO  server.StorageContainerManager (StorageContainerManager.java:stop(1571)) - Stopping the StorageContainerLocationProtocol RPC server
2022-10-16 13:18:01,985 [Listener at 127.0.0.1/40605] INFO  server.SCMClientProtocolServer (SCMClientProtocolServer.java:stop(179)) - Stopping the RPC server for Client Protocol
2022-10-16 13:18:01,985 [Listener at 127.0.0.1/40605] INFO  ipc.Server (Server.java:stop(3428)) - Stopping server on 39675
2022-10-16 13:18:01,986 [IPC Server listener on 0] INFO  ipc.Server (Server.java:run(1384)) - Stopping IPC Server listener on 0
2022-10-16 13:18:01,989 [IPC Server Responder] INFO  ipc.Server (Server.java:run(1517)) - Stopping IPC Server Responder
2022-10-16 13:18:01,989 [Listener at 127.0.0.1/40605] INFO  server.StorageContainerManager (StorageContainerManager.java:stop(1578)) - Stopping Storage Container Manager HTTP server.
2022-10-16 13:18:01,990 [Listener at 127.0.0.1/40605] INFO  handler.ContextHandler (ContextHandler.java:doStop(1153)) - Stopped o.e.j.w.WebAppContext@58c0f17c{scm,/,null,STOPPED}{file:/home/runner/work/ozone/ozone/hadoop-ozone/integration-test/target/test-classes/webapps/scm}
2022-10-16 13:18:01,990 [Listener at 127.0.0.1/40605] INFO  server.AbstractConnector (AbstractConnector.java:doStop(381)) - Stopped ServerConnector@7b07e0d0{HTTP/1.1, (http/1.1)}{0.0.0.0:0}
2022-10-16 13:18:01,990 [Listener at 127.0.0.1/40605] INFO  server.session (HouseKeeper.java:stopScavenging(149)) - node0 Stopped scavenging
2022-10-16 13:18:01,991 [Listener at 127.0.0.1/40605] INFO  handler.ContextHandler (ContextHandler.java:doStop(1153)) - Stopped o.e.j.s.ServletContextHandler@6e8a881a{static,/static,file:///home/runner/work/ozone/ozone/hadoop-ozone/integration-test/target/test-classes/webapps/static,STOPPED}
2022-10-16 13:18:01,991 [Listener at 127.0.0.1/40605] INFO  handler.ContextHandler (ContextHandler.java:doStop(1153)) - Stopped o.e.j.s.ServletContextHandler@90344d6{logs,/logs,file:///home/runner/work/ozone/ozone/hadoop-ozone/integration-test/target/log,STOPPED}
2022-10-16 13:18:01,994 [Listener at 127.0.0.1/40605] INFO  server.StorageContainerManager (StorageContainerManager.java:stop(1584)) - Stopping SCM LayoutVersionManager Service.
2022-10-16 13:18:01,994 [Listener at 127.0.0.1/40605] INFO  server.StorageContainerManager (StorageContainerManager.java:stop(1592)) - Stopping Block Manager Service.
2022-10-16 13:18:01,994 [Listener at 127.0.0.1/40605] INFO  utils.BackgroundService (BackgroundService.java:shutdown(141)) - Shutting down service SCMBlockDeletingService
2022-10-16 13:18:01,994 [Listener at 127.0.0.1/40605] INFO  utils.BackgroundService (BackgroundService.java:shutdown(141)) - Shutting down service SCMBlockDeletingService
2022-10-16 13:18:01,994 [Listener at 127.0.0.1/40605] INFO  server.StorageContainerManager (StorageContainerManager.java:stop(1619)) - Stopping SCM Event Queue.
2022-10-16 13:18:01,996 [Listener at 127.0.0.1/40605] INFO  server.StorageContainerManager (StorageContainerManager.java:stop(1630)) - Stopping SCM HA services.
2022-10-16 13:18:01,996 [Listener at 127.0.0.1/40605] INFO  pipeline.BackgroundPipelineCreator (BackgroundPipelineCreator.java:stop(149)) - Stopping RatisPipelineUtilsThread.
2022-10-16 13:18:01,996 [RatisPipelineUtilsThread - 0] WARN  pipeline.BackgroundPipelineCreator (BackgroundPipelineCreator.java:run(180)) - RatisPipelineUtilsThread is interrupted.
2022-10-16 13:18:01,996 [Listener at 127.0.0.1/40605] INFO  BackgroundPipelineScrubber (BackgroundSCMService.java:stop(131)) - Stopping BackgroundPipelineScrubber Service.
2022-10-16 13:18:01,996 [BackgroundPipelineScrubberThread] WARN  BackgroundPipelineScrubber (BackgroundSCMService.java:run(115)) - BackgroundPipelineScrubber is interrupted, exit
2022-10-16 13:18:01,996 [Listener at 127.0.0.1/40605] INFO  impl.MetricsSystemImpl (MetricsSystemImpl.java:stop(210)) - Stopping HddsDatanode metrics system...
2022-10-16 13:18:01,997 [prometheus] INFO  impl.MetricsSinkAdapter (MetricsSinkAdapter.java:publishMetricsFromQueue(141)) - prometheus thread interrupted.
2022-10-16 13:18:01,998 [Listener at 127.0.0.1/40605] INFO  impl.MetricsSystemImpl (MetricsSystemImpl.java:stop(216)) - HddsDatanode metrics system stopped.
2022-10-16 13:18:01,998 [Listener at 127.0.0.1/40605] WARN  pipeline.BackgroundPipelineCreator (BackgroundPipelineCreator.java:stop(145)) - RatisPipelineUtilsThread is not running, just ignore.
2022-10-16 13:18:01,998 [Listener at 127.0.0.1/40605] INFO  BackgroundPipelineScrubber (BackgroundSCMService.java:stop(126)) - BackgroundPipelineScrubber Service is not running, skip stop.
2022-10-16 13:18:01,998 [Listener at 127.0.0.1/40605] INFO  ExpiredContainerReplicaOpScrubber (BackgroundSCMService.java:stop(131)) - Stopping ExpiredContainerReplicaOpScrubber Service.
2022-10-16 13:18:01,998 [ExpiredContainerReplicaOpScrubberThread] WARN  ExpiredContainerReplicaOpScrubber (BackgroundSCMService.java:run(115)) - ExpiredContainerReplicaOpScrubber is interrupted, exit
2022-10-16 13:18:01,998 [Listener at 127.0.0.1/40605] INFO  utils.BackgroundService (BackgroundService.java:shutdown(141)) - Shutting down service SCMBlockDeletingService
2022-10-16 13:18:01,998 [Listener at 127.0.0.1/40605] INFO  replication.ReplicationManager (ReplicationManager.java:stop(265)) - Replication Monitor Thread is not running.
2022-10-16 13:18:01,998 [Listener at 127.0.0.1/40605] WARN  balancer.ContainerBalancer (ContainerBalancer.java:stop(1096)) - Cannot stop Container Balancer because it's not running
2022-10-16 13:18:01,998 [Listener at 127.0.0.1/40605] INFO  server.StorageContainerManager (StorageContainerManager.java:stop(1648)) - Stopping SCM MetadataStore.
]]></system-out>
  </testcase>
</testsuite>